[
  {
    "Plan": {
      "Node Type": "Aggregate",
      "Strategy": "Plain",
      "Partial Mode": "Finalize",
      "Parallel Aware": false,
      "Startup Cost": 31356.49,
      "Total Cost": 31356.5,
      "Plan Rows": 1,
      "Plan Width": 8,
      "Actual Startup Time": 102.455,
      "Actual Total Time": 108.377,
      "Actual Rows": 1,
      "Actual Loops": 1,
      "Plans": [
        {
          "Node Type": "Gather",
          "Parent Relationship": "Outer",
          "Parallel Aware": false,
          "Startup Cost": 31356.18,
          "Total Cost": 31356.49,
          "Plan Rows": 3,
          "Plan Width": 8,
          "Actual Startup Time": 102.342,
          "Actual Total Time": 108.371,
          "Actual Rows": 4,
          "Actual Loops": 1,
          "Workers Planned": 3,
          "Workers Launched": 3,
          "Single Copy": false,
          "Plans": [
            {
              "Node Type": "Aggregate",
              "Strategy": "Plain",
              "Partial Mode": "Partial",
              "Parent Relationship": "Outer",
              "Parallel Aware": false,
              "Startup Cost": 30356.18,
              "Total Cost": 30356.19,
              "Plan Rows": 1,
              "Plan Width": 8,
              "Actual Startup Time": 93.974,
              "Actual Total Time": 93.975,
              "Actual Rows": 1,
              "Actual Loops": 4,
              "Plans": [
                {
                  "Node Type": "Seq Scan",
                  "Parent Relationship": "Outer",
                  "Parallel Aware": true,
                  "Relation Name": "movie_companies",
                  "Alias": "mc",
                  "Startup Cost": 0.0,
                  "Total Cost": 29310.68,
                  "Plan Rows": 418198,
                  "Plan Width": 0,
                  "Actual Startup Time": 22.255,
                  "Actual Total Time": 79.943,
                  "Actual Rows": 325656,
                  "Actual Loops": 4,
                  "Filter": "(company_id > 11319)",
                  "Rows Removed by Filter": 326626
                }
              ]
            }
          ]
        }
      ]
    },
    "Planning Time": 0.161,
    "Triggers": [],
    "Execution Time": 108.426
  }
]