{
  "Plan": {
    "Node Type": "Aggregate",
    "Strategy": "Plain",
    "Partial Mode": "Finalize",
    "Parallel Aware": false,
    "Startup Cost": 386245.39,
    "Total Cost": 386245.4,
    "Plan Rows": 1,
    "Plan Width": 8,
    "Actual Startup Time": 1420.92,
    "Actual Total Time": 1448.22,
    "Actual Rows": 1,
    "Actual Loops": 1,
    "Plans": [
      {
        "Node Type": "Gather",
        "Parent Relationship": "Outer",
        "Parallel Aware": false,
        "Startup Cost": 386245.28,
        "Total Cost": 386245.39,
        "Plan Rows": 1,
        "Plan Width": 8,
        "Actual Startup Time": 1415.779,
        "Actual Total Time": 1448.214,
        "Actual Rows": 2,
        "Actual Loops": 1,
        "Workers Planned": 1,
        "Workers Launched": 1,
        "Single Copy": false,
        "Plans": [
          {
            "Node Type": "Aggregate",
            "Strategy": "Plain",
            "Partial Mode": "Partial",
            "Parent Relationship": "Outer",
            "Parallel Aware": false,
            "Startup Cost": 385245.28,
            "Total Cost": 385245.29,
            "Plan Rows": 1,
            "Plan Width": 8,
            "Actual Startup Time": 1409.412,
            "Actual Total Time": 1409.419,
            "Actual Rows": 1,
            "Actual Loops": 2,
            "Plans": [
              {
                "Node Type": "Hash Join",
                "Parent Relationship": "Outer",
                "Parallel Aware": true,
                "Join Type": "Inner",
                "Startup Cost": 364985.46,
                "Total Cost": 384898.49,
                "Plan Rows": 138716,
                "Plan Width": 0,
                "Actual Startup Time": 1139.058,
                "Actual Total Time": 1370.685,
                "Actual Rows": 934329,
                "Actual Loops": 2,
                "Inner Unique": false,
                "Hash Cond": "(mi_idx.movie_id = t.id)",
                "Plans": [
                  {
                    "Node Type": "Seq Scan",
                    "Parent Relationship": "Outer",
                    "Parallel Aware": true,
                    "Relation Name": "movie_info_idx",
                    "Alias": "mi_idx",
                    "Startup Cost": 0.0,
                    "Total Cost": 16052.85,
                    "Plan Rows": 811785,
                    "Plan Width": 4,
                    "Actual Startup Time": 0.015,
                    "Actual Total Time": 47.141,
                    "Actual Rows": 690018,
                    "Actual Loops": 2
                  },
                  {
                    "Node Type": "Hash",
                    "Parent Relationship": "Inner",
                    "Parallel Aware": true,
                    "Startup Cost": 361808.76,
                    "Total Cost": 361808.76,
                    "Plan Rows": 254136,
                    "Plan Width": 8,
                    "Actual Startup Time": 1133.905,
                    "Actual Total Time": 1133.909,
                    "Actual Rows": 624582,
                    "Actual Loops": 2,
                    "Hash Buckets": 2097152,
                    "Original Hash Buckets": 524288,
                    "Hash Batches": 1,
                    "Original Hash Batches": 1,
                    "Peak Memory Usage": 77568,
                    "Plans": [
                      {
                        "Node Type": "Hash Join",
                        "Parent Relationship": "Outer",
                        "Parallel Aware": true,
                        "Join Type": "Inner",
                        "Startup Cost": 97264.72,
                        "Total Cost": 361808.76,
                        "Plan Rows": 254136,
                        "Plan Width": 8,
                        "Actual Startup Time": 572.29,
                        "Actual Total Time": 961.07,
                        "Actual Rows": 624582,
                        "Actual Loops": 2,
                        "Inner Unique": true,
                        "Hash Cond": "(ci.movie_id = t.id)",
                        "Plans": [
                          {
                            "Node Type": "Bitmap Heap Scan",
                            "Parent Relationship": "Outer",
                            "Parallel Aware": true,
                            "Relation Name": "cast_info",
                            "Alias": "ci",
                            "Startup Cost": 27804.02,
                            "Total Cost": 291680.96,
                            "Plan Rows": 254136,
                            "Plan Width": 4,
                            "Actual Startup Time": 41.933,
                            "Actual Total Time": 141.185,
                            "Actual Rows": 624582,
                            "Actual Loops": 2,
                            "Recheck Cond": "(person_id > 3820090)",
                            "Rows Removed by Index Recheck": 0,
                            "Filter": "(role_id > 3)",
                            "Rows Removed by Filter": 0,
                            "Exact Heap Blocks": 8704,
                            "Lossy Heap Blocks": 0,
                            "Plans": [
                              {
                                "Node Type": "Bitmap Index Scan",
                                "Parent Relationship": "Outer",
                                "Parallel Aware": false,
                                "Index Name": "person_id_cast_info",
                                "Startup Cost": 0.0,
                                "Total Cost": 27696.01,
                                "Plan Rows": 1268193,
                                "Plan Width": 0,
                                "Actual Startup Time": 39.256,
                                "Actual Total Time": 39.256,
                                "Actual Rows": 1249163,
                                "Actual Loops": 1,
                                "Index Cond": "(person_id > 3820090)"
                              }
                            ]
                          },
                          {
                            "Node Type": "Hash",
                            "Parent Relationship": "Inner",
                            "Parallel Aware": true,
                            "Startup Cost": 50870.31,
                            "Total Cost": 50870.31,
                            "Plan Rows": 1487231,
                            "Plan Width": 4,
                            "Actual Startup Time": 512.66,
                            "Actual Total Time": 512.661,
                            "Actual Rows": 1264156,
                            "Actual Loops": 2,
                            "Hash Buckets": 4194304,
                            "Original Hash Buckets": 4194304,
                            "Hash Batches": 1,
                            "Original Hash Batches": 1,
                            "Peak Memory Usage": 131712,
                            "Plans": [
                              {
                                "Node Type": "Seq Scan",
                                "Parent Relationship": "Outer",
                                "Parallel Aware": true,
                                "Relation Name": "title",
                                "Alias": "t",
                                "Startup Cost": 0.0,
                                "Total Cost": 50870.31,
                                "Plan Rows": 1487231,
                                "Plan Width": 4,
                                "Actual Startup Time": 0.036,
                                "Actual Total Time": 147.104,
                                "Actual Rows": 1264156,
                                "Actual Loops": 2
                              }
                            ]
                          }
                        ]
                      }
                    ]
                  }
                ]
              }
            ]
          }
        ]
      }
    ]
  },
  "Planning Time": 1.021,
  "Triggers": [],
  "Execution Time": 1448.324
}