[
  {
    "Plan": {
      "Node Type": "Aggregate",
      "Strategy": "Plain",
      "Partial Mode": "Finalize",
      "Parallel Aware": false,
      "Startup Cost": 319935.29,
      "Total Cost": 319935.3,
      "Plan Rows": 1,
      "Plan Width": 8,
      "Actual Startup Time": 940.085,
      "Actual Total Time": 974.588,
      "Actual Rows": 1,
      "Actual Loops": 1,
      "Plans": [
        {
          "Node Type": "Gather",
          "Parent Relationship": "Outer",
          "Parallel Aware": false,
          "Startup Cost": 319934.77,
          "Total Cost": 319935.28,
          "Plan Rows": 5,
          "Plan Width": 8,
          "Actual Startup Time": 938.35,
          "Actual Total Time": 974.578,
          "Actual Rows": 6,
          "Actual Loops": 1,
          "Workers Planned": 5,
          "Workers Launched": 5,
          "Single Copy": false,
          "Plans": [
            {
              "Node Type": "Aggregate",
              "Strategy": "Plain",
              "Partial Mode": "Partial",
              "Parent Relationship": "Outer",
              "Parallel Aware": false,
              "Startup Cost": 318934.77,
              "Total Cost": 318934.78,
              "Plan Rows": 1,
              "Plan Width": 8,
              "Actual Startup Time": 932.851,
              "Actual Total Time": 932.855,
              "Actual Rows": 1,
              "Actual Loops": 6,
              "Plans": [
                {
                  "Node Type": "Nested Loop",
                  "Parent Relationship": "Outer",
                  "Parallel Aware": false,
                  "Join Type": "Inner",
                  "Startup Cost": 46491.94,
                  "Total Cost": 317698.84,
                  "Plan Rows": 494369,
                  "Plan Width": 0,
                  "Actual Startup Time": 98.369,
                  "Actual Total Time": 911.119,
                  "Actual Rows": 465234,
                  "Actual Loops": 6,
                  "Inner Unique": false,
                  "Join Filter": "(t.id = mi.movie_id)",
                  "Rows Removed by Join Filter": 0,
                  "Plans": [
                    {
                      "Node Type": "Hash Join",
                      "Parent Relationship": "Outer",
                      "Parallel Aware": true,
                      "Join Type": "Inner",
                      "Startup Cost": 46491.5,
                      "Total Cost": 155376.98,
                      "Plan Rows": 84195,
                      "Plan Width": 8,
                      "Actual Startup Time": 98.264,
                      "Actual Total Time": 428.007,
                      "Actual Rows": 127402,
                      "Actual Loops": 6,
                      "Inner Unique": true,
                      "Hash Cond": "(ci.movie_id = t.id)",
                      "Plans": [
                        {
                          "Node Type": "Index Scan",
                          "Parent Relationship": "Outer",
                          "Parallel Aware": true,
                          "Scan Direction": "Forward",
                          "Index Name": "role_id_cast_info",
                          "Relation Name": "cast_info",
                          "Alias": "ci",
                          "Startup Cost": 0.56,
                          "Total Cost": 107159.34,
                          "Plan Rows": 657793,
                          "Plan Width": 4,
                          "Actual Startup Time": 0.143,
                          "Actual Total Time": 153.592,
                          "Actual Rows": 667568,
                          "Actual Loops": 6,
                          "Index Cond": "(role_id = 3)",
                          "Rows Removed by Index Recheck": 0,
                          "Filter": "(person_id < 3063401)",
                          "Rows Removed by Filter": 438
                        },
                        {
                          "Node Type": "Hash",
                          "Parent Relationship": "Inner",
                          "Parallel Aware": true,
                          "Startup Cost": 45479.59,
                          "Total Cost": 45479.59,
                          "Plan Rows": 80908,
                          "Plan Width": 4,
                          "Actual Startup Time": 96.338,
                          "Actual Total Time": 96.34,
                          "Actual Rows": 58256,
                          "Actual Loops": 6,
                          "Hash Buckets": 524288,
                          "Original Hash Buckets": 524288,
                          "Hash Batches": 1,
                          "Original Hash Batches": 1,
                          "Peak Memory Usage": 17888,
                          "Plans": [
                            {
                              "Node Type": "Seq Scan",
                              "Parent Relationship": "Outer",
                              "Parallel Aware": true,
                              "Relation Name": "title",
                              "Alias": "t",
                              "Startup Cost": 0.0,
                              "Total Cost": 45479.59,
                              "Plan Rows": 80908,
                              "Plan Width": 4,
                              "Actual Startup Time": 0.023,
                              "Actual Total Time": 72.095,
                              "Actual Rows": 58256,
                              "Actual Loops": 6,
                              "Filter": "((production_year > 2009) AND (kind_id = 7))",
                              "Rows Removed by Filter": 363130
                            }
                          ]
                        }
                      ]
                    },
                    {
                      "Node Type": "Index Only Scan",
                      "Parent Relationship": "Inner",
                      "Parallel Aware": false,
                      "Scan Direction": "Forward",
                      "Index Name": "movie_id_movie_info",
                      "Relation Name": "movie_info",
                      "Alias": "mi",
                      "Startup Cost": 0.43,
                      "Total Cost": 1.42,
                      "Plan Rows": 41,
                      "Plan Width": 4,
                      "Actual Startup Time": 0.002,
                      "Actual Total Time": 0.003,
                      "Actual Rows": 4,
                      "Actual Loops": 764409,
                      "Index Cond": "(movie_id = ci.movie_id)",
                      "Rows Removed by Index Recheck": 0,
                      "Heap Fetches": 2791403
                    }
                  ]
                }
              ]
            }
          ]
        }
      ]
    },
    "Planning Time": 0.863,
    "Triggers": [],
    "Execution Time": 974.653
  }
]