{
    "Plan": {
        "Node Type": "Aggregate",
        "Strategy": "Plain",
        "Partial Mode": "Finalize",
        "Parallel Aware": false,
        "Startup Cost": 294046.31,
        "Total Cost": 294046.32,
        "Plan Rows": 1,
        "Plan Width": 8,
        "Actual Startup Time": 879.924,
        "Actual Total Time": 930.301,
        "Actual Rows": 1,
        "Actual Loops": 1,
        "Output": [
            "count(*)"
        ],
        "Plans": [
            {
                "Node Type": "Gather",
                "Parent Relationship": "Outer",
                "Parallel Aware": false,
                "Startup Cost": 294045.99,
                "Total Cost": 294046.3,
                "Plan Rows": 3,
                "Plan Width": 8,
                "Actual Startup Time": 870.315,
                "Actual Total Time": 930.293,
                "Actual Rows": 4,
                "Actual Loops": 1,
                "Output": [
                    "(PARTIAL count(*))"
                ],
                "Workers Planned": 3,
                "Workers Launched": 3,
                "Single Copy": false,
                "Plans": [
                    {
                        "Node Type": "Aggregate",
                        "Strategy": "Plain",
                        "Partial Mode": "Partial",
                        "Parent Relationship": "Outer",
                        "Parallel Aware": false,
                        "Startup Cost": 293045.99,
                        "Total Cost": 293046.0,
                        "Plan Rows": 1,
                        "Plan Width": 8,
                        "Actual Startup Time": 855.598,
                        "Actual Total Time": 855.604,
                        "Actual Rows": 1,
                        "Actual Loops": 4,
                        "Output": [
                            "PARTIAL count(*)"
                        ],
                        "Workers": [
                            {
                                "Worker Number": 0,
                                "Actual Startup Time": 850.898,
                                "Actual Total Time": 850.905,
                                "Actual Rows": 1,
                                "Actual Loops": 1
                            },
                            {
                                "Worker Number": 1,
                                "Actual Startup Time": 851.042,
                                "Actual Total Time": 851.047,
                                "Actual Rows": 1,
                                "Actual Loops": 1
                            },
                            {
                                "Worker Number": 2,
                                "Actual Startup Time": 850.907,
                                "Actual Total Time": 850.913,
                                "Actual Rows": 1,
                                "Actual Loops": 1
                            }
                        ],
                        "Plans": [
                            {
                                "Node Type": "Hash Join",
                                "Parent Relationship": "Outer",
                                "Parallel Aware": true,
                                "Join Type": "Inner",
                                "Startup Cost": 247079.11,
                                "Total Cost": 292916.95,
                                "Plan Rows": 51618,
                                "Plan Width": 0,
                                "Actual Startup Time": 654.515,
                                "Actual Total Time": 847.686,
                                "Actual Rows": 181304,
                                "Actual Loops": 4,
                                "Inner Unique": false,
                                "Hash Cond": "(mk.movie_id = t.id)",
                                "Workers": [
                                    {
                                        "Worker Number": 0,
                                        "Actual Startup Time": 649.918,
                                        "Actual Total Time": 843.639,
                                        "Actual Rows": 181095,
                                        "Actual Loops": 1
                                    },
                                    {
                                        "Worker Number": 1,
                                        "Actual Startup Time": 650.055,
                                        "Actual Total Time": 843.481,
                                        "Actual Rows": 190637,
                                        "Actual Loops": 1
                                    },
                                    {
                                        "Worker Number": 2,
                                        "Actual Startup Time": 649.904,
                                        "Actual Total Time": 843.105,
                                        "Actual Rows": 120248,
                                        "Actual Loops": 1
                                    }
                                ],
                                "Plans": [
                                    {
                                        "Node Type": "Seq Scan",
                                        "Parent Relationship": "Outer",
                                        "Parallel Aware": true,
                                        "Relation Name": "movie_keyword",
                                        "Schema": "public",
                                        "Alias": "mk",
                                        "Startup Cost": 0.0,
                                        "Total Cost": 42695.65,
                                        "Plan Rows": 810385,
                                        "Plan Width": 4,
                                        "Actual Startup Time": 0.187,
                                        "Actual Total Time": 124.072,
                                        "Actual Rows": 629155,
                                        "Actual Loops": 4,
                                        "Output": [
                                            "mk.id",
                                            "mk.movie_id",
                                            "mk.keyword_id"
                                        ],
                                        "Filter": "(mk.keyword_id > 3573)",
                                        "Rows Removed by Filter": 501828,
                                        "Workers": [
                                            {
                                                "Worker Number": 0,
                                                "Actual Startup Time": 0.199,
                                                "Actual Total Time": 127.106,
                                                "Actual Rows": 630258,
                                                "Actual Loops": 1
                                            },
                                            {
                                                "Worker Number": 1,
                                                "Actual Startup Time": 0.217,
                                                "Actual Total Time": 127.453,
                                                "Actual Rows": 651880,
                                                "Actual Loops": 1
                                            },
                                            {
                                                "Worker Number": 2,
                                                "Actual Startup Time": 0.124,
                                                "Actual Total Time": 126.331,
                                                "Actual Rows": 423943,
                                                "Actual Loops": 1
                                            }
                                        ]
                                    },
                                    {
                                        "Node Type": "Hash",
                                        "Parent Relationship": "Inner",
                                        "Parallel Aware": true,
                                        "Startup Cost": 246676.5,
                                        "Total Cost": 246676.5,
                                        "Plan Rows": 32209,
                                        "Plan Width": 8,
                                        "Actual Startup Time": 651.756,
                                        "Actual Total Time": 651.76,
                                        "Actual Rows": 42282,
                                        "Actual Loops": 4,
                                        "Output": [
                                            "t.id",
                                            "mi.movie_id"
                                        ],
                                        "Hash Buckets": 262144,
                                        "Original Hash Buckets": 262144,
                                        "Hash Batches": 1,
                                        "Original Hash Batches": 1,
                                        "Peak Memory Usage": 8736,
                                        "Workers": [
                                            {
                                                "Worker Number": 0,
                                                "Actual Startup Time": 648.937,
                                                "Actual Total Time": 648.942,
                                                "Actual Rows": 39402,
                                                "Actual Loops": 1
                                            },
                                            {
                                                "Worker Number": 1,
                                                "Actual Startup Time": 649.166,
                                                "Actual Total Time": 649.169,
                                                "Actual Rows": 44656,
                                                "Actual Loops": 1
                                            },
                                            {
                                                "Worker Number": 2,
                                                "Actual Startup Time": 648.839,
                                                "Actual Total Time": 648.843,
                                                "Actual Rows": 28218,
                                                "Actual Loops": 1
                                            }
                                        ],
                                        "Plans": [
                                            {
                                                "Node Type": "Hash Join",
                                                "Parent Relationship": "Outer",
                                                "Parallel Aware": true,
                                                "Join Type": "Inner",
                                                "Startup Cost": 47616.04,
                                                "Total Cost": 246676.5,
                                                "Plan Rows": 32209,
                                                "Plan Width": 8,
                                                "Actual Startup Time": 472.837,
                                                "Actual Total Time": 636.46,
                                                "Actual Rows": 42282,
                                                "Actual Loops": 4,
                                                "Output": [
                                                    "t.id",
                                                    "mi.movie_id"
                                                ],
                                                "Inner Unique": true,
                                                "Hash Cond": "(mi.movie_id = t.id)",
                                                "Workers": [
                                                    {
                                                        "Worker Number": 0,
                                                        "Actual Startup Time": 470.046,
                                                        "Actual Total Time": 634.153,
                                                        "Actual Rows": 39402,
                                                        "Actual Loops": 1
                                                    },
                                                    {
                                                        "Worker Number": 1,
                                                        "Actual Startup Time": 470.14,
                                                        "Actual Total Time": 633.788,
                                                        "Actual Rows": 44656,
                                                        "Actual Loops": 1
                                                    },
                                                    {
                                                        "Worker Number": 2,
                                                        "Actual Startup Time": 470.005,
                                                        "Actual Total Time": 635.519,
                                                        "Actual Rows": 28218,
                                                        "Actual Loops": 1
                                                    }
                                                ],
                                                "Plans": [
                                                    {
                                                        "Node Type": "Seq Scan",
                                                        "Parent Relationship": "Outer",
                                                        "Parallel Aware": true,
                                                        "Relation Name": "movie_info",
                                                        "Schema": "public",
                                                        "Alias": "mi",
                                                        "Startup Cost": 0.0,
                                                        "Total Cost": 198880.74,
                                                        "Plan Rows": 68464,
                                                        "Plan Width": 4,
                                                        "Actual Startup Time": 239.449,
                                                        "Actual Total Time": 367.821,
                                                        "Actual Rows": 82214,
                                                        "Actual Loops": 4,
                                                        "Output": [
                                                            "mi.id",
                                                            "mi.movie_id",
                                                            "mi.info_type_id",
                                                            "mi.info",
                                                            "mi.note"
                                                        ],
                                                        "Filter": "(mi.info_type_id = 98)",
                                                        "Rows Removed by Filter": 3626716,
                                                        "Workers": [
                                                            {
                                                                "Worker Number": 0,
                                                                "Actual Startup Time": 239.412,
                                                                "Actual Total Time": 369.828,
                                                                "Actual Rows": 76537,
                                                                "Actual Loops": 1
                                                            },
                                                            {
                                                                "Worker Number": 1,
                                                                "Actual Startup Time": 239.446,
                                                                "Actual Total Time": 369.344,
                                                                "Actual Rows": 85357,
                                                                "Actual Loops": 1
                                                            },
                                                            {
                                                                "Worker Number": 2,
                                                                "Actual Startup Time": 239.373,
                                                                "Actual Total Time": 372.449,
                                                                "Actual Rows": 54187,
                                                                "Actual Loops": 1
                                                            }
                                                        ]
                                                    },
                                                    {
                                                        "Node Type": "Hash",
                                                        "Parent Relationship": "Inner",
                                                        "Parallel Aware": true,
                                                        "Startup Cost": 43899.01,
                                                        "Total Cost": 43899.01,
                                                        "Plan Rows": 297363,
                                                        "Plan Width": 4,
                                                        "Actual Startup Time": 227.623,
                                                        "Actual Total Time": 227.625,
                                                        "Actual Rows": 298130,
                                                        "Actual Loops": 4,
                                                        "Output": [
                                                            "t.id"
                                                        ],
                                                        "Hash Buckets": 2097152,
                                                        "Original Hash Buckets": 2097152,
                                                        "Hash Batches": 1,
                                                        "Original Hash Batches": 1,
                                                        "Peak Memory Usage": 63104,
                                                        "Workers": [
                                                            {
                                                                "Worker Number": 0,
                                                                "Actual Startup Time": 230.262,
                                                                "Actual Total Time": 230.263,
                                                                "Actual Rows": 279863,
                                                                "Actual Loops": 1
                                                            },
                                                            {
                                                                "Worker Number": 1,
                                                                "Actual Startup Time": 230.465,
                                                                "Actual Total Time": 230.466,
                                                                "Actual Rows": 295514,
                                                                "Actual Loops": 1
                                                            },
                                                            {
                                                                "Worker Number": 2,
                                                                "Actual Startup Time": 230.215,
                                                                "Actual Total Time": 230.216,
                                                                "Actual Rows": 208531,
                                                                "Actual Loops": 1
                                                            }
                                                        ],
                                                        "Plans": [
                                                            {
                                                                "Node Type": "Seq Scan",
                                                                "Parent Relationship": "Outer",
                                                                "Parallel Aware": true,
                                                                "Relation Name": "title",
                                                                "Schema": "public",
                                                                "Alias": "t",
                                                                "Startup Cost": 0.0,
                                                                "Total Cost": 43899.01,
                                                                "Plan Rows": 297363,
                                                                "Plan Width": 4,
                                                                "Actual Startup Time": 0.058,
                                                                "Actual Total Time": 112.82,
                                                                "Actual Rows": 298130,
                                                                "Actual Loops": 4,
                                                                "Output": [
                                                                    "t.id"
                                                                ],
                                                                "Filter": "(t.production_year > 2003)",
                                                                "Rows Removed by Filter": 333948,
                                                                "Workers": [
                                                                    {
                                                                        "Worker Number": 0,
                                                                        "Actual Startup Time": 0.074,
                                                                        "Actual Total Time": 114.659,
                                                                        "Actual Rows": 279863,
                                                                        "Actual Loops": 1
                                                                    },
                                                                    {
                                                                        "Worker Number": 1,
                                                                        "Actual Startup Time": 0.076,
                                                                        "Actual Total Time": 115.733,
                                                                        "Actual Rows": 295514,
                                                                        "Actual Loops": 1
                                                                    },
                                                                    {
                                                                        "Worker Number": 2,
                                                                        "Actual Startup Time": 0.068,
                                                                        "Actual Total Time": 118.811,
                                                                        "Actual Rows": 208531,
                                                                        "Actual Loops": 1
                                                                    }
                                                                ]
                                                            }
                                                        ]
                                                    }
                                                ]
                                            }
                                        ]
                                    }
                                ]
                            }
                        ]
                    }
                ]
            }
        ]
    },
    "Planning Time": 1.574,
    "Triggers": [],
    "Execution Time": 930.398
}