{
  "Plan": {
    "Node Type": "Aggregate",
    "Strategy": "Plain",
    "Partial Mode": "Finalize",
    "Parallel Aware": false,
    "Startup Cost": 179027.38,
    "Total Cost": 179027.39,
    "Plan Rows": 1,
    "Plan Width": 8,
    "Actual Startup Time": 2288.37,
    "Actual Total Time": 2309.664,
    "Actual Rows": 1,
    "Actual Loops": 1,
    "Plans": [
      {
        "Node Type": "Gather",
        "Parent Relationship": "Outer",
        "Parallel Aware": false,
        "Startup Cost": 179027.27,
        "Total Cost": 179027.38,
        "Plan Rows": 1,
        "Plan Width": 8,
        "Actual Startup Time": 2283.083,
        "Actual Total Time": 2309.658,
        "Actual Rows": 2,
        "Actual Loops": 1,
        "Workers Planned": 1,
        "Workers Launched": 1,
        "Single Copy": false,
        "Plans": [
          {
            "Node Type": "Aggregate",
            "Strategy": "Plain",
            "Partial Mode": "Partial",
            "Parent Relationship": "Outer",
            "Parallel Aware": false,
            "Startup Cost": 178027.27,
            "Total Cost": 178027.28,
            "Plan Rows": 1,
            "Plan Width": 8,
            "Actual Startup Time": 2276.513,
            "Actual Total Time": 2276.519,
            "Actual Rows": 1,
            "Actual Loops": 2,
            "Plans": [
              {
                "Node Type": "Hash Join",
                "Parent Relationship": "Outer",
                "Parallel Aware": true,
                "Join Type": "Inner",
                "Startup Cost": 109518.6,
                "Total Cost": 176600.3,
                "Plan Rows": 570786,
                "Plan Width": 0,
                "Actual Startup Time": 922.199,
                "Actual Total Time": 1905.688,
                "Actual Rows": 9573478,
                "Actual Loops": 2,
                "Inner Unique": false,
                "Hash Cond": "(mk.movie_id = t.id)",
                "Plans": [
                  {
                    "Node Type": "Seq Scan",
                    "Parent Relationship": "Outer",
                    "Parallel Aware": true,
                    "Relation Name": "movie_keyword",
                    "Alias": "mk",
                    "Startup Cost": 0.0,
                    "Total Cost": 57718.19,
                    "Plan Rows": 1601587,
                    "Plan Width": 4,
                    "Actual Startup Time": 0.016,
                    "Actual Total Time": 189.601,
                    "Actual Rows": 1357526,
                    "Actual Loops": 2,
                    "Filter": "(keyword_id < 7677)",
                    "Rows Removed by Filter": 904438
                  },
                  {
                    "Node Type": "Hash",
                    "Parent Relationship": "Inner",
                    "Parallel Aware": true,
                    "Startup Cost": 102893.21,
                    "Total Cost": 102893.21,
                    "Plan Rows": 530031,
                    "Plan Width": 8,
                    "Actual Startup Time": 913.41,
                    "Actual Total Time": 913.414,
                    "Actual Rows": 885464,
                    "Actual Loops": 2,
                    "Hash Buckets": 2097152,
                    "Original Hash Buckets": 1048576,
                    "Hash Batches": 1,
                    "Original Hash Batches": 1,
                    "Peak Memory Usage": 93888,
                    "Plans": [
                      {
                        "Node Type": "Hash Join",
                        "Parent Relationship": "Outer",
                        "Parallel Aware": true,
                        "Join Type": "Inner",
                        "Startup Cost": 64726.58,
                        "Total Cost": 102893.21,
                        "Plan Rows": 530031,
                        "Plan Width": 8,
                        "Actual Startup Time": 259.924,
                        "Actual Total Time": 703.917,
                        "Actual Rows": 885464,
                        "Actual Loops": 2,
                        "Inner Unique": true,
                        "Hash Cond": "(mc.movie_id = t.id)",
                        "Plans": [
                          {
                            "Node Type": "Seq Scan",
                            "Parent Relationship": "Outer",
                            "Parallel Aware": true,
                            "Relation Name": "movie_companies",
                            "Alias": "mc",
                            "Startup Cost": 0.0,
                            "Total Cost": 34137.82,
                            "Plan Rows": 1534782,
                            "Plan Width": 4,
                            "Actual Startup Time": 0.014,
                            "Actual Total Time": 102.239,
                            "Actual Rows": 1304564,
                            "Actual Loops": 2
                          },
                          {
                            "Node Type": "Hash",
                            "Parent Relationship": "Inner",
                            "Parallel Aware": true,
                            "Startup Cost": 58306.47,
                            "Total Cost": 58306.47,
                            "Plan Rows": 513609,
                            "Plan Width": 4,
                            "Actual Startup Time": 254.379,
                            "Actual Total Time": 254.38,
                            "Actual Rows": 448394,
                            "Actual Loops": 2,
                            "Hash Buckets": 1048576,
                            "Original Hash Buckets": 1048576,
                            "Hash Batches": 1,
                            "Original Hash Batches": 1,
                            "Peak Memory Usage": 43296,
                            "Plans": [
                              {
                                "Node Type": "Seq Scan",
                                "Parent Relationship": "Outer",
                                "Parallel Aware": true,
                                "Relation Name": "title",
                                "Alias": "t",
                                "Startup Cost": 0.0,
                                "Total Cost": 58306.47,
                                "Plan Rows": 513609,
                                "Plan Width": 4,
                                "Actual Startup Time": 0.038,
                                "Actual Total Time": 151.689,
                                "Actual Rows": 448394,
                                "Actual Loops": 2,
                                "Filter": "((kind_id < 7) AND (production_year < 2012))",
                                "Rows Removed by Filter": 815762
                              }
                            ]
                          }
                        ]
                      }
                    ]
                  }
                ]
              }
            ]
          }
        ]
      }
    ]
  },
  "Planning Time": 0.865,
  "Triggers": [],
  "Execution Time": 2309.741
}