{
    "Plan": {
        "Node Type": "Aggregate",
        "Strategy": "Plain",
        "Partial Mode": "Simple",
        "Parallel Aware": false,
        "Startup Cost": 775.1,
        "Total Cost": 775.11,
        "Plan Rows": 1,
        "Plan Width": 8,
        "Actual Startup Time": 4.042,
        "Actual Total Time": 4.045,
        "Actual Rows": 1,
        "Actual Loops": 1,
        "Output": [
            "count(*)"
        ],
        "Plans": [
            {
                "Node Type": "Nested Loop",
                "Parent Relationship": "Outer",
                "Parallel Aware": false,
                "Join Type": "Inner",
                "Startup Cost": 1.29,
                "Total Cost": 774.91,
                "Plan Rows": 79,
                "Plan Width": 0,
                "Actual Startup Time": 0.248,
                "Actual Total Time": 3.749,
                "Actual Rows": 1648,
                "Actual Loops": 1,
                "Inner Unique": false,
                "Plans": [
                    {
                        "Node Type": "Nested Loop",
                        "Parent Relationship": "Outer",
                        "Parallel Aware": false,
                        "Join Type": "Inner",
                        "Startup Cost": 0.86,
                        "Total Cost": 696.6,
                        "Plan Rows": 44,
                        "Plan Width": 8,
                        "Actual Startup Time": 0.221,
                        "Actual Total Time": 1.227,
                        "Actual Rows": 52,
                        "Actual Loops": 1,
                        "Output": [
                            "t.id",
                            "mc.movie_id"
                        ],
                        "Inner Unique": true,
                        "Plans": [
                            {
                                "Node Type": "Index Scan",
                                "Parent Relationship": "Outer",
                                "Parallel Aware": false,
                                "Scan Direction": "Forward",
                                "Index Name": "company_id_movie_companies",
                                "Relation Name": "movie_companies",
                                "Schema": "public",
                                "Alias": "mc",
                                "Startup Cost": 0.43,
                                "Total Cost": 274.1,
                                "Plan Rows": 50,
                                "Plan Width": 4,
                                "Actual Startup Time": 0.192,
                                "Actual Total Time": 0.428,
                                "Actual Rows": 53,
                                "Actual Loops": 1,
                                "Output": [
                                    "mc.id",
                                    "mc.movie_id",
                                    "mc.company_id",
                                    "mc.company_type_id",
                                    "mc.note"
                                ],
                                "Index Cond": "(mc.company_id = 3652)",
                                "Rows Removed by Index Recheck": 0,
                                "Filter": "(mc.company_type_id < 2)",
                                "Rows Removed by Filter": 7
                            },
                            {
                                "Node Type": "Index Scan",
                                "Parent Relationship": "Inner",
                                "Parallel Aware": false,
                                "Scan Direction": "Forward",
                                "Index Name": "title_pkey",
                                "Relation Name": "title",
                                "Schema": "public",
                                "Alias": "t",
                                "Startup Cost": 0.43,
                                "Total Cost": 8.45,
                                "Plan Rows": 1,
                                "Plan Width": 4,
                                "Actual Startup Time": 0.014,
                                "Actual Total Time": 0.014,
                                "Actual Rows": 1,
                                "Actual Loops": 53,
                                "Output": [
                                    "t.id",
                                    "t.title",
                                    "t.imdb_index",
                                    "t.kind_id",
                                    "t.production_year",
                                    "t.imdb_id",
                                    "t.phonetic_code",
                                    "t.episode_of_id",
                                    "t.season_nr",
                                    "t.episode_nr",
                                    "t.series_years",
                                    "t.md5sum"
                                ],
                                "Index Cond": "(t.id = mc.movie_id)",
                                "Rows Removed by Index Recheck": 0,
                                "Filter": "(t.production_year < 2012)",
                                "Rows Removed by Filter": 0
                            }
                        ]
                    },
                    {
                        "Node Type": "Index Only Scan",
                        "Parent Relationship": "Inner",
                        "Parallel Aware": false,
                        "Scan Direction": "Forward",
                        "Index Name": "movie_id_movie_keyword",
                        "Relation Name": "movie_keyword",
                        "Schema": "public",
                        "Alias": "mk",
                        "Startup Cost": 0.43,
                        "Total Cost": 1.32,
                        "Plan Rows": 46,
                        "Plan Width": 4,
                        "Actual Startup Time": 0.022,
                        "Actual Total Time": 0.039,
                        "Actual Rows": 32,
                        "Actual Loops": 52,
                        "Output": [
                            "mk.movie_id"
                        ],
                        "Index Cond": "(mk.movie_id = t.id)",
                        "Rows Removed by Index Recheck": 0,
                        "Heap Fetches": 1648
                    }
                ]
            }
        ]
    },
    "Planning Time": 1.593,
    "Triggers": [],
    "Execution Time": 4.128
}