[
  {
    "Plan": {
      "Node Type": "Aggregate",
      "Strategy": "Plain",
      "Partial Mode": "Finalize",
      "Parallel Aware": false,
      "Startup Cost": 47336.95,
      "Total Cost": 47336.96,
      "Plan Rows": 1,
      "Plan Width": 8,
      "Actual Startup Time": 175.085,
      "Actual Total Time": 184.34,
      "Actual Rows": 1,
      "Actual Loops": 1,
      "Plans": [
        {
          "Node Type": "Gather",
          "Parent Relationship": "Outer",
          "Parallel Aware": false,
          "Startup Cost": 47336.63,
          "Total Cost": 47336.94,
          "Plan Rows": 3,
          "Plan Width": 8,
          "Actual Startup Time": 174.98,
          "Actual Total Time": 184.332,
          "Actual Rows": 4,
          "Actual Loops": 1,
          "Workers Planned": 3,
          "Workers Launched": 3,
          "Single Copy": false,
          "Plans": [
            {
              "Node Type": "Aggregate",
              "Strategy": "Plain",
              "Partial Mode": "Partial",
              "Parent Relationship": "Outer",
              "Parallel Aware": false,
              "Startup Cost": 46336.63,
              "Total Cost": 46336.64,
              "Plan Rows": 1,
              "Plan Width": 8,
              "Actual Startup Time": 167.539,
              "Actual Total Time": 167.54,
              "Actual Rows": 1,
              "Actual Loops": 4,
              "Plans": [
                {
                  "Node Type": "Seq Scan",
                  "Parent Relationship": "Outer",
                  "Parallel Aware": true,
                  "Relation Name": "movie_keyword",
                  "Alias": "mk",
                  "Startup Cost": 0.0,
                  "Total Cost": 42695.65,
                  "Plan Rows": 1456390,
                  "Plan Width": 0,
                  "Actual Startup Time": 0.049,
                  "Actual Total Time": 120.301,
                  "Actual Rows": 1129115,
                  "Actual Loops": 4,
                  "Filter": "(keyword_id < 127305)",
                  "Rows Removed by Filter": 1867
                }
              ]
            }
          ]
        }
      ]
    },
    "Planning Time": 0.142,
    "Triggers": [],
    "Execution Time": 184.373
  }
]