[
  {
    "Plan": {
      "Node Type": "Aggregate",
      "Strategy": "Plain",
      "Partial Mode": "Finalize",
      "Parallel Aware": false,
      "Startup Cost": 158898.6,
      "Total Cost": 158898.61,
      "Plan Rows": 1,
      "Plan Width": 8,
      "Actual Startup Time": 304.858,
      "Actual Total Time": 325.628,
      "Actual Rows": 1,
      "Actual Loops": 1,
      "Plans": [
        {
          "Node Type": "Gather",
          "Parent Relationship": "Outer",
          "Parallel Aware": false,
          "Startup Cost": 158898.08,
          "Total Cost": 158898.59,
          "Plan Rows": 5,
          "Plan Width": 8,
          "Actual Startup Time": 304.681,
          "Actual Total Time": 325.617,
          "Actual Rows": 6,
          "Actual Loops": 1,
          "Workers Planned": 5,
          "Workers Launched": 5,
          "Single Copy": false,
          "Plans": [
            {
              "Node Type": "Aggregate",
              "Strategy": "Plain",
              "Partial Mode": "Partial",
              "Parent Relationship": "Outer",
              "Parallel Aware": false,
              "Startup Cost": 157898.08,
              "Total Cost": 157898.09,
              "Plan Rows": 1,
              "Plan Width": 8,
              "Actual Startup Time": 299.353,
              "Actual Total Time": 299.354,
              "Actual Rows": 1,
              "Actual Loops": 6,
              "Plans": [
                {
                  "Node Type": "Index Scan",
                  "Parent Relationship": "Outer",
                  "Parallel Aware": true,
                  "Scan Direction": "Forward",
                  "Index Name": "role_id_cast_info",
                  "Relation Name": "cast_info",
                  "Alias": "ci",
                  "Startup Cost": 0.56,
                  "Total Cost": 155872.35,
                  "Plan Rows": 810294,
                  "Plan Width": 0,
                  "Actual Startup Time": 0.072,
                  "Actual Total Time": 249.811,
                  "Actual Rows": 857225,
                  "Actual Loops": 6,
                  "Index Cond": "(role_id > 8)",
                  "Rows Removed by Index Recheck": 0,
                  "Filter": "(person_id > 1035965)",
                  "Rows Removed by Filter": 98224
                }
              ]
            }
          ]
        }
      ]
    },
    "Planning Time": 0.115,
    "Triggers": [],
    "Execution Time": 325.668
  }
]