[
    {
        "Bao": {
            "Bao prediction": 487.669,
            "Bao recommended hint": "(no hint)"
        }
    },
    {
        "Plan": {
            "Node Type": "Aggregate",
            "Strategy": "Plain",
            "Partial Mode": "Finalize",
            "Parallel Aware": false,
            "Startup Cost": 349191.54,
            "Total Cost": 349191.55,
            "Plan Rows": 1,
            "Plan Width": 8,
            "Actual Startup Time": 985.416,
            "Actual Total Time": 1019.437,
            "Actual Rows": 1,
            "Actual Loops": 1,
            "Output": [
                "count(*)"
            ],
            "Plans": [
                {
                    "Node Type": "Gather",
                    "Parent Relationship": "Outer",
                    "Parallel Aware": false,
                    "Startup Cost": 349190.92,
                    "Total Cost": 349191.53,
                    "Plan Rows": 6,
                    "Plan Width": 8,
                    "Actual Startup Time": 985.313,
                    "Actual Total Time": 1019.427,
                    "Actual Rows": 7,
                    "Actual Loops": 1,
                    "Output": [
                        "(PARTIAL count(*))"
                    ],
                    "Workers Planned": 6,
                    "Workers Launched": 6,
                    "Single Copy": false,
                    "Plans": [
                        {
                            "Node Type": "Aggregate",
                            "Strategy": "Plain",
                            "Partial Mode": "Partial",
                            "Parent Relationship": "Outer",
                            "Parallel Aware": false,
                            "Startup Cost": 348190.92,
                            "Total Cost": 348190.93,
                            "Plan Rows": 1,
                            "Plan Width": 8,
                            "Actual Startup Time": 975.913,
                            "Actual Total Time": 975.914,
                            "Actual Rows": 1,
                            "Actual Loops": 7,
                            "Output": [
                                "PARTIAL count(*)"
                            ],
                            "Workers": [
                                {
                                    "Worker Number": 0,
                                    "Actual Startup Time": 973.824,
                                    "Actual Total Time": 973.825,
                                    "Actual Rows": 1,
                                    "Actual Loops": 1
                                },
                                {
                                    "Worker Number": 1,
                                    "Actual Startup Time": 974.281,
                                    "Actual Total Time": 974.283,
                                    "Actual Rows": 1,
                                    "Actual Loops": 1
                                },
                                {
                                    "Worker Number": 2,
                                    "Actual Startup Time": 974.374,
                                    "Actual Total Time": 974.375,
                                    "Actual Rows": 1,
                                    "Actual Loops": 1
                                },
                                {
                                    "Worker Number": 3,
                                    "Actual Startup Time": 974.448,
                                    "Actual Total Time": 974.45,
                                    "Actual Rows": 1,
                                    "Actual Loops": 1
                                },
                                {
                                    "Worker Number": 4,
                                    "Actual Startup Time": 974.961,
                                    "Actual Total Time": 974.961,
                                    "Actual Rows": 1,
                                    "Actual Loops": 1
                                },
                                {
                                    "Worker Number": 5,
                                    "Actual Startup Time": 975.019,
                                    "Actual Total Time": 975.021,
                                    "Actual Rows": 1,
                                    "Actual Loops": 1
                                }
                            ],
                            "Plans": [
                                {
                                    "Node Type": "Seq Scan",
                                    "Parent Relationship": "Outer",
                                    "Parallel Aware": true,
                                    "Relation Name": "cast_info",
                                    "Schema": "public",
                                    "Alias": "ci",
                                    "Startup Cost": 0.0,
                                    "Total Cost": 343318.94,
                                    "Plan Rows": 1948792,
                                    "Plan Width": 0,
                                    "Actual Startup Time": 265.481,
                                    "Actual Total Time": 820.922,
                                    "Actual Rows": 2592953,
                                    "Actual Loops": 7,
                                    "Output": [
                                        "id",
                                        "person_id",
                                        "movie_id",
                                        "person_role_id",
                                        "note",
                                        "nr_order",
                                        "role_id"
                                    ],
                                    "Filter": "((ci.person_id > 1795503) AND (ci.role_id > 1))",
                                    "Rows Removed by Filter": 2584810,
                                    "Workers": [
                                        {
                                            "Worker Number": 0,
                                            "Actual Startup Time": 263.38,
                                            "Actual Total Time": 822.283,
                                            "Actual Rows": 2261951,
                                            "Actual Loops": 1
                                        },
                                        {
                                            "Worker Number": 1,
                                            "Actual Startup Time": 263.867,
                                            "Actual Total Time": 821.067,
                                            "Actual Rows": 2311793,
                                            "Actual Loops": 1
                                        },
                                        {
                                            "Worker Number": 2,
                                            "Actual Startup Time": 263.936,
                                            "Actual Total Time": 822.623,
                                            "Actual Rows": 2289444,
                                            "Actual Loops": 1
                                        },
                                        {
                                            "Worker Number": 3,
                                            "Actual Startup Time": 264.021,
                                            "Actual Total Time": 822.408,
                                            "Actual Rows": 2287745,
                                            "Actual Loops": 1
                                        },
                                        {
                                            "Worker Number": 4,
                                            "Actual Startup Time": 264.522,
                                            "Actual Total Time": 822.198,
                                            "Actual Rows": 2303539,
                                            "Actual Loops": 1
                                        },
                                        {
                                            "Worker Number": 5,
                                            "Actual Startup Time": 264.59,
                                            "Actual Total Time": 822.433,
                                            "Actual Rows": 2290985,
                                            "Actual Loops": 1
                                        }
                                    ]
                                }
                            ]
                        }
                    ]
                }
            ]
        },
        "Planning Time": 1157.648,
        "Triggers": [],
        "Execution Time": 1019.528
    }
]