[
  {
    "Plan": {
      "Node Type": "Aggregate",
      "Strategy": "Plain",
      "Partial Mode": "Finalize",
      "Parallel Aware": false,
      "Startup Cost": 31762.31,
      "Total Cost": 31762.32,
      "Plan Rows": 1,
      "Plan Width": 8,
      "Actual Startup Time": 121.104,
      "Actual Total Time": 129.568,
      "Actual Rows": 1,
      "Actual Loops": 1,
      "Plans": [
        {
          "Node Type": "Gather",
          "Parent Relationship": "Outer",
          "Parallel Aware": false,
          "Startup Cost": 31761.99,
          "Total Cost": 31762.3,
          "Plan Rows": 3,
          "Plan Width": 8,
          "Actual Startup Time": 120.854,
          "Actual Total Time": 129.56,
          "Actual Rows": 4,
          "Actual Loops": 1,
          "Workers Planned": 3,
          "Workers Launched": 3,
          "Single Copy": false,
          "Plans": [
            {
              "Node Type": "Aggregate",
              "Strategy": "Plain",
              "Partial Mode": "Partial",
              "Parent Relationship": "Outer",
              "Parallel Aware": false,
              "Startup Cost": 30761.99,
              "Total Cost": 30762.0,
              "Plan Rows": 1,
              "Plan Width": 8,
              "Actual Startup Time": 114.935,
              "Actual Total Time": 114.936,
              "Actual Rows": 1,
              "Actual Loops": 4,
              "Plans": [
                {
                  "Node Type": "Seq Scan",
                  "Parent Relationship": "Outer",
                  "Parallel Aware": true,
                  "Relation Name": "movie_companies",
                  "Alias": "mc",
                  "Startup Cost": 0.0,
                  "Total Cost": 29310.68,
                  "Plan Rows": 580525,
                  "Plan Width": 0,
                  "Actual Startup Time": 0.033,
                  "Actual Total Time": 89.357,
                  "Actual Rows": 446150,
                  "Actual Loops": 4,
                  "Filter": "(company_id < 28012)",
                  "Rows Removed by Filter": 206133
                }
              ]
            }
          ]
        }
      ]
    },
    "Planning Time": 0.133,
    "Triggers": [],
    "Execution Time": 129.607
  }
]