[
  {
    "Plan": {
      "Node Type": "Aggregate",
      "Strategy": "Plain",
      "Partial Mode": "Finalize",
      "Parallel Aware": false,
      "Startup Cost": 445573.62,
      "Total Cost": 445573.63,
      "Plan Rows": 1,
      "Plan Width": 8,
      "Actual Startup Time": 1961.212,
      "Actual Total Time": 2035.732,
      "Actual Rows": 1,
      "Actual Loops": 1,
      "Plans": [
        {
          "Node Type": "Gather",
          "Parent Relationship": "Outer",
          "Parallel Aware": false,
          "Startup Cost": 445572.99,
          "Total Cost": 445573.6,
          "Plan Rows": 6,
          "Plan Width": 8,
          "Actual Startup Time": 1948.032,
          "Actual Total Time": 2035.719,
          "Actual Rows": 7,
          "Actual Loops": 1,
          "Workers Planned": 6,
          "Workers Launched": 6,
          "Single Copy": false,
          "Plans": [
            {
              "Node Type": "Aggregate",
              "Strategy": "Plain",
              "Partial Mode": "Partial",
              "Parent Relationship": "Outer",
              "Parallel Aware": false,
              "Startup Cost": 444572.99,
              "Total Cost": 444573.0,
              "Plan Rows": 1,
              "Plan Width": 8,
              "Actual Startup Time": 1936.051,
              "Actual Total Time": 1936.254,
              "Actual Rows": 1,
              "Actual Loops": 7,
              "Plans": [
                {
                  "Node Type": "Hash Join",
                  "Parent Relationship": "Outer",
                  "Parallel Aware": true,
                  "Join Type": "Inner",
                  "Startup Cost": 97264.52,
                  "Total Cost": 439508.67,
                  "Plan Rows": 2025728,
                  "Plan Width": 0,
                  "Actual Startup Time": 356.382,
                  "Actual Total Time": 1873.207,
                  "Actual Rows": 1129870,
                  "Actual Loops": 7,
                  "Inner Unique": false,
                  "Hash Cond": "(ci.movie_id = t.id)",
                  "Plans": [
                    {
                      "Node Type": "Seq Scan",
                      "Parent Relationship": "Outer",
                      "Parallel Aware": true,
                      "Relation Name": "cast_info",
                      "Alias": "ci",
                      "Startup Cost": 0.0,
                      "Total Cost": 313067.02,
                      "Plan Rows": 6038002,
                      "Plan Width": 4,
                      "Actual Startup Time": 0.026,
                      "Actual Total Time": 638.488,
                      "Actual Rows": 5177763,
                      "Actual Loops": 7
                    },
                    {
                      "Node Type": "Hash",
                      "Parent Relationship": "Inner",
                      "Parallel Aware": true,
                      "Startup Cost": 93844.22,
                      "Total Cost": 93844.22,
                      "Plan Rows": 273624,
                      "Plan Width": 8,
                      "Actual Startup Time": 352.791,
                      "Actual Total Time": 352.992,
                      "Actual Rows": 33813,
                      "Actual Loops": 7,
                      "Hash Buckets": 1048576,
                      "Original Hash Buckets": 1048576,
                      "Hash Batches": 1,
                      "Original Hash Batches": 1,
                      "Peak Memory Usage": 17568,
                      "Plans": [
                        {
                          "Node Type": "Hash Join",
                          "Parent Relationship": "Outer",
                          "Parallel Aware": true,
                          "Join Type": "Inner",
                          "Startup Cost": 49850.32,
                          "Total Cost": 93844.22,
                          "Plan Rows": 273624,
                          "Plan Width": 8,
                          "Actual Startup Time": 214.694,
                          "Actual Total Time": 337.016,
                          "Actual Rows": 33813,
                          "Actual Loops": 7,
                          "Inner Unique": true,
                          "Hash Cond": "(mk.movie_id = t.id)",
                          "Plans": [
                            {
                              "Node Type": "Seq Scan",
                              "Parent Relationship": "Outer",
                              "Parallel Aware": true,
                              "Relation Name": "movie_keyword",
                              "Alias": "mk",
                              "Startup Cost": 0.0,
                              "Total Cost": 42695.65,
                              "Plan Rows": 494570,
                              "Plan Width": 4,
                              "Actual Startup Time": 0.541,
                              "Actual Total Time": 79.663,
                              "Actual Rows": 219473,
                              "Actual Loops": 7,
                              "Filter": "(keyword_id > 10337)",
                              "Rows Removed by Filter": 426803
                            },
                            {
                              "Node Type": "Hash",
                              "Parent Relationship": "Inner",
                              "Parallel Aware": true,
                              "Startup Cost": 45479.1,
                              "Total Cost": 45479.1,
                              "Plan Rows": 349698,
                              "Plan Width": 4,
                              "Actual Startup Time": 211.306,
                              "Actual Total Time": 211.307,
                              "Actual Rows": 211095,
                              "Actual Loops": 7,
                              "Hash Buckets": 2097152,
                              "Original Hash Buckets": 2097152,
                              "Hash Batches": 1,
                              "Original Hash Batches": 1,
                              "Peak Memory Usage": 74304,
                              "Plans": [
                                {
                                  "Node Type": "Seq Scan",
                                  "Parent Relationship": "Outer",
                                  "Parallel Aware": true,
                                  "Relation Name": "title",
                                  "Alias": "t",
                                  "Startup Cost": 0.0,
                                  "Total Cost": 45479.1,
                                  "Plan Rows": 349698,
                                  "Plan Width": 4,
                                  "Actual Startup Time": 0.05,
                                  "Actual Total Time": 92.056,
                                  "Actual Rows": 211095,
                                  "Actual Loops": 7,
                                  "Filter": "((production_year > 1948) AND (kind_id = 7))",
                                  "Rows Removed by Filter": 150093
                                }
                              ]
                            }
                          ]
                        }
                      ]
                    }
                  ]
                }
              ]
            }
          ]
        }
      ]
    },
    "Planning Time": 1.392,
    "Triggers": [],
    "Execution Time": 2035.848
  }
]