[
  {
    "Plan": {
      "Node Type": "Aggregate",
      "Strategy": "Plain",
      "Partial Mode": "Finalize",
      "Parallel Aware": false,
      "Startup Cost": 214081.4,
      "Total Cost": 214081.41,
      "Plan Rows": 1,
      "Plan Width": 8,
      "Actual Startup Time": 3500.504,
      "Actual Total Time": 3547.703,
      "Actual Rows": 1,
      "Actual Loops": 1,
      "Plans": [
        {
          "Node Type": "Gather",
          "Parent Relationship": "Outer",
          "Parallel Aware": false,
          "Startup Cost": 214081.08,
          "Total Cost": 214081.39,
          "Plan Rows": 3,
          "Plan Width": 8,
          "Actual Startup Time": 3499.319,
          "Actual Total Time": 3547.693,
          "Actual Rows": 4,
          "Actual Loops": 1,
          "Workers Planned": 3,
          "Workers Launched": 3,
          "Single Copy": false,
          "Plans": [
            {
              "Node Type": "Aggregate",
              "Strategy": "Plain",
              "Partial Mode": "Partial",
              "Parent Relationship": "Outer",
              "Parallel Aware": false,
              "Startup Cost": 213081.08,
              "Total Cost": 213081.09,
              "Plan Rows": 1,
              "Plan Width": 8,
              "Actual Startup Time": 3495.586,
              "Actual Total Time": 3495.589,
              "Actual Rows": 1,
              "Actual Loops": 4,
              "Plans": [
                {
                  "Node Type": "Nested Loop",
                  "Parent Relationship": "Outer",
                  "Parallel Aware": false,
                  "Join Type": "Inner",
                  "Startup Cost": 45906.45,
                  "Total Cost": 212656.48,
                  "Plan Rows": 169838,
                  "Plan Width": 0,
                  "Actual Startup Time": 155.983,
                  "Actual Total Time": 3370.96,
                  "Actual Rows": 2803760,
                  "Actual Loops": 4,
                  "Inner Unique": false,
                  "Join Filter": "(t.id = mi.movie_id)",
                  "Rows Removed by Join Filter": 0,
                  "Plans": [
                    {
                      "Node Type": "Hash Join",
                      "Parent Relationship": "Outer",
                      "Parallel Aware": true,
                      "Join Type": "Inner",
                      "Startup Cost": 45906.01,
                      "Total Cost": 92098.45,
                      "Plan Rows": 71893,
                      "Plan Width": 8,
                      "Actual Startup Time": 155.889,
                      "Actual Total Time": 345.133,
                      "Actual Rows": 258316,
                      "Actual Loops": 4,
                      "Inner Unique": true,
                      "Hash Cond": "(mk.movie_id = t.id)",
                      "Plans": [
                        {
                          "Node Type": "Seq Scan",
                          "Parent Relationship": "Outer",
                          "Parallel Aware": true,
                          "Relation Name": "movie_keyword",
                          "Alias": "mk",
                          "Startup Cost": 0.0,
                          "Total Cost": 42695.65,
                          "Plan Rows": 1332104,
                          "Plan Width": 4,
                          "Actual Startup Time": 0.03,
                          "Actual Total Time": 110.868,
                          "Actual Rows": 1032500,
                          "Actual Loops": 4,
                          "Filter": "(keyword_id < 43782)",
                          "Rows Removed by Filter": 98482
                        },
                        {
                          "Node Type": "Hash",
                          "Parent Relationship": "Inner",
                          "Parallel Aware": true,
                          "Startup Cost": 45479.59,
                          "Total Cost": 45479.59,
                          "Plan Rows": 34114,
                          "Plan Width": 4,
                          "Actual Startup Time": 119.394,
                          "Actual Total Time": 119.395,
                          "Actual Rows": 69598,
                          "Actual Loops": 4,
                          "Hash Buckets": 524288,
                          "Original Hash Buckets": 262144,
                          "Hash Batches": 1,
                          "Original Hash Batches": 1,
                          "Peak Memory Usage": 17120,
                          "Plans": [
                            {
                              "Node Type": "Seq Scan",
                              "Parent Relationship": "Outer",
                              "Parallel Aware": true,
                              "Relation Name": "title",
                              "Alias": "t",
                              "Startup Cost": 0.0,
                              "Total Cost": 45479.59,
                              "Plan Rows": 34114,
                              "Plan Width": 4,
                              "Actual Startup Time": 49.359,
                              "Actual Total Time": 88.84,
                              "Actual Rows": 69598,
                              "Actual Loops": 4,
                              "Filter": "((production_year < 1982) AND (kind_id = 1))",
                              "Rows Removed by Filter": 562480
                            }
                          ]
                        }
                      ]
                    },
                    {
                      "Node Type": "Index Scan",
                      "Parent Relationship": "Inner",
                      "Parallel Aware": false,
                      "Scan Direction": "Forward",
                      "Index Name": "movie_id_movie_info",
                      "Relation Name": "movie_info",
                      "Alias": "mi",
                      "Startup Cost": 0.43,
                      "Total Cost": 1.46,
                      "Plan Rows": 17,
                      "Plan Width": 4,
                      "Actual Startup Time": 0.002,
                      "Actual Total Time": 0.011,
                      "Actual Rows": 11,
                      "Actual Loops": 1033264,
                      "Index Cond": "(movie_id = mk.movie_id)",
                      "Rows Removed by Index Recheck": 0,
                      "Filter": "(info_type_id < 7)",
                      "Rows Removed by Filter": 34
                    }
                  ]
                }
              ]
            }
          ]
        }
      ]
    },
    "Planning Time": 0.646,
    "Triggers": [],
    "Execution Time": 3547.771
  }
]