{
    "Plan": {
        "Node Type": "Aggregate",
        "Strategy": "Plain",
        "Partial Mode": "Finalize",
        "Parallel Aware": false,
        "Startup Cost": 341357.25,
        "Total Cost": 341357.26,
        "Plan Rows": 1,
        "Plan Width": 8,
        "Actual Startup Time": 1973.026,
        "Actual Total Time": 2062.943,
        "Actual Rows": 1,
        "Actual Loops": 1,
        "Output": [
            "count(*)"
        ],
        "Plans": [
            {
                "Node Type": "Gather",
                "Parent Relationship": "Outer",
                "Parallel Aware": false,
                "Startup Cost": 341356.83,
                "Total Cost": 341357.24,
                "Plan Rows": 4,
                "Plan Width": 8,
                "Actual Startup Time": 1973.015,
                "Actual Total Time": 2062.934,
                "Actual Rows": 5,
                "Actual Loops": 1,
                "Output": [
                    "(PARTIAL count(*))"
                ],
                "Workers Planned": 4,
                "Workers Launched": 4,
                "Single Copy": false,
                "Plans": [
                    {
                        "Node Type": "Aggregate",
                        "Strategy": "Plain",
                        "Partial Mode": "Partial",
                        "Parent Relationship": "Outer",
                        "Parallel Aware": false,
                        "Startup Cost": 340356.83,
                        "Total Cost": 340356.84,
                        "Plan Rows": 1,
                        "Plan Width": 8,
                        "Actual Startup Time": 1961.764,
                        "Actual Total Time": 1961.766,
                        "Actual Rows": 1,
                        "Actual Loops": 5,
                        "Output": [
                            "PARTIAL count(*)"
                        ],
                        "Workers": [
                            {
                                "Worker Number": 0,
                                "Actual Startup Time": 1957.846,
                                "Actual Total Time": 1957.848,
                                "Actual Rows": 1,
                                "Actual Loops": 1
                            },
                            {
                                "Worker Number": 1,
                                "Actual Startup Time": 1958.61,
                                "Actual Total Time": 1958.612,
                                "Actual Rows": 1,
                                "Actual Loops": 1
                            },
                            {
                                "Worker Number": 2,
                                "Actual Startup Time": 1959.663,
                                "Actual Total Time": 1959.664,
                                "Actual Rows": 1,
                                "Actual Loops": 1
                            },
                            {
                                "Worker Number": 3,
                                "Actual Startup Time": 1960.538,
                                "Actual Total Time": 1960.539,
                                "Actual Rows": 1,
                                "Actual Loops": 1
                            }
                        ],
                        "Plans": [
                            {
                                "Node Type": "Nested Loop",
                                "Parent Relationship": "Outer",
                                "Parallel Aware": false,
                                "Join Type": "Inner",
                                "Startup Cost": 2.26,
                                "Total Cost": 339898.09,
                                "Plan Rows": 183496,
                                "Plan Width": 0,
                                "Actual Startup Time": 10.188,
                                "Actual Total Time": 1953.541,
                                "Actual Rows": 122958,
                                "Actual Loops": 5,
                                "Inner Unique": false,
                                "Join Filter": "(t.id = ci.movie_id)",
                                "Rows Removed by Join Filter": 0,
                                "Workers": [
                                    {
                                        "Worker Number": 0,
                                        "Actual Startup Time": 19.356,
                                        "Actual Total Time": 1949.575,
                                        "Actual Rows": 120576,
                                        "Actual Loops": 1
                                    },
                                    {
                                        "Worker Number": 1,
                                        "Actual Startup Time": 4.829,
                                        "Actual Total Time": 1951.465,
                                        "Actual Rows": 102628,
                                        "Actual Loops": 1
                                    },
                                    {
                                        "Worker Number": 2,
                                        "Actual Startup Time": 10.801,
                                        "Actual Total Time": 1951.206,
                                        "Actual Rows": 125246,
                                        "Actual Loops": 1
                                    },
                                    {
                                        "Worker Number": 3,
                                        "Actual Startup Time": 15.543,
                                        "Actual Total Time": 1952.291,
                                        "Actual Rows": 120504,
                                        "Actual Loops": 1
                                    }
                                ],
                                "Plans": [
                                    {
                                        "Node Type": "Merge Join",
                                        "Parent Relationship": "Outer",
                                        "Parallel Aware": false,
                                        "Join Type": "Inner",
                                        "Startup Cost": 1.7,
                                        "Total Cost": 153236.78,
                                        "Plan Rows": 58662,
                                        "Plan Width": 8,
                                        "Actual Startup Time": 8.495,
                                        "Actual Total Time": 660.579,
                                        "Actual Rows": 55994,
                                        "Actual Loops": 5,
                                        "Output": [
                                            "t.id",
                                            "mi_idx.movie_id"
                                        ],
                                        "Inner Unique": false,
                                        "Merge Cond": "(t.id = mi_idx.movie_id)",
                                        "Workers": [
                                            {
                                                "Worker Number": 0,
                                                "Actual Startup Time": 13.189,
                                                "Actual Total Time": 652.531,
                                                "Actual Rows": 53368,
                                                "Actual Loops": 1
                                            },
                                            {
                                                "Worker Number": 1,
                                                "Actual Startup Time": 4.009,
                                                "Actual Total Time": 670.069,
                                                "Actual Rows": 47040,
                                                "Actual Loops": 1
                                            },
                                            {
                                                "Worker Number": 2,
                                                "Actual Startup Time": 10.228,
                                                "Actual Total Time": 623.467,
                                                "Actual Rows": 57056,
                                                "Actual Loops": 1
                                            },
                                            {
                                                "Worker Number": 3,
                                                "Actual Startup Time": 14.681,
                                                "Actual Total Time": 656.618,
                                                "Actual Rows": 54120,
                                                "Actual Loops": 1
                                            }
                                        ],
                                        "Plans": [
                                            {
                                                "Node Type": "Index Scan",
                                                "Parent Relationship": "Outer",
                                                "Parallel Aware": true,
                                                "Scan Direction": "Forward",
                                                "Index Name": "title_pkey",
                                                "Relation Name": "title",
                                                "Schema": "public",
                                                "Alias": "t",
                                                "Startup Cost": 0.43,
                                                "Total Cost": 92959.88,
                                                "Plan Rows": 160991,
                                                "Plan Width": 4,
                                                "Actual Startup Time": 3.917,
                                                "Actual Total Time": 385.691,
                                                "Actual Rows": 128492,
                                                "Actual Loops": 5,
                                                "Output": [
                                                    "t.id",
                                                    "t.title",
                                                    "t.imdb_index",
                                                    "t.kind_id",
                                                    "t.production_year",
                                                    "t.imdb_id",
                                                    "t.phonetic_code",
                                                    "t.episode_of_id",
                                                    "t.season_nr",
                                                    "t.episode_nr",
                                                    "t.series_years",
                                                    "t.md5sum"
                                                ],
                                                "Filter": "(t.production_year < 1988)",
                                                "Rows Removed by Filter": 376710,
                                                "Workers": [
                                                    {
                                                        "Worker Number": 0,
                                                        "Actual Startup Time": 3.742,
                                                        "Actual Total Time": 377.357,
                                                        "Actual Rows": 124247,
                                                        "Actual Loops": 1
                                                    },
                                                    {
                                                        "Worker Number": 1,
                                                        "Actual Startup Time": 2.296,
                                                        "Actual Total Time": 380.183,
                                                        "Actual Rows": 105794,
                                                        "Actual Loops": 1
                                                    },
                                                    {
                                                        "Worker Number": 2,
                                                        "Actual Startup Time": 6.067,
                                                        "Actual Total Time": 351.932,
                                                        "Actual Rows": 125042,
                                                        "Actual Loops": 1
                                                    },
                                                    {
                                                        "Worker Number": 3,
                                                        "Actual Startup Time": 7.234,
                                                        "Actual Total Time": 383.33,
                                                        "Actual Rows": 126854,
                                                        "Actual Loops": 1
                                                    }
                                                ]
                                            },
                                            {
                                                "Node Type": "Index Scan",
                                                "Parent Relationship": "Inner",
                                                "Parallel Aware": false,
                                                "Scan Direction": "Forward",
                                                "Index Name": "movie_id_movie_info_idx",
                                                "Relation Name": "movie_info_idx",
                                                "Schema": "public",
                                                "Alias": "mi_idx",
                                                "Startup Cost": 0.43,
                                                "Total Cost": 57080.9,
                                                "Plan Rows": 921265,
                                                "Plan Width": 4,
                                                "Actual Startup Time": 0.086,
                                                "Actual Total Time": 219.631,
                                                "Actual Rows": 919850,
                                                "Actual Loops": 5,
                                                "Output": [
                                                    "mi_idx.id",
                                                    "mi_idx.movie_id",
                                                    "mi_idx.info_type_id",
                                                    "mi_idx.info",
                                                    "mi_idx.note"
                                                ],
                                                "Filter": "(mi_idx.info_type_id < 101)",
                                                "Rows Removed by Filter": 460185,
                                                "Workers": [
                                                    {
                                                        "Worker Number": 0,
                                                        "Actual Startup Time": 0.102,
                                                        "Actual Total Time": 220.229,
                                                        "Actual Rows": 919850,
                                                        "Actual Loops": 1
                                                    },
                                                    {
                                                        "Worker Number": 1,
                                                        "Actual Startup Time": 0.135,
                                                        "Actual Total Time": 235.76,
                                                        "Actual Rows": 919850,
                                                        "Actual Loops": 1
                                                    },
                                                    {
                                                        "Worker Number": 2,
                                                        "Actual Startup Time": 0.087,
                                                        "Actual Total Time": 216.698,
                                                        "Actual Rows": 919850,
                                                        "Actual Loops": 1
                                                    },
                                                    {
                                                        "Worker Number": 3,
                                                        "Actual Startup Time": 0.086,
                                                        "Actual Total Time": 218.305,
                                                        "Actual Rows": 919850,
                                                        "Actual Loops": 1
                                                    }
                                                ]
                                            }
                                        ]
                                    },
                                    {
                                        "Node Type": "Index Scan",
                                        "Parent Relationship": "Inner",
                                        "Parallel Aware": false,
                                        "Scan Direction": "Forward",
                                        "Index Name": "movie_id_cast_info",
                                        "Relation Name": "cast_info",
                                        "Schema": "public",
                                        "Alias": "ci",
                                        "Startup Cost": 0.56,
                                        "Total Cost": 3.08,
                                        "Plan Rows": 8,
                                        "Plan Width": 4,
                                        "Actual Startup Time": 0.016,
                                        "Actual Total Time": 0.023,
                                        "Actual Rows": 2,
                                        "Actual Loops": 279968,
                                        "Output": [
                                            "ci.id",
                                            "ci.person_id",
                                            "ci.movie_id",
                                            "ci.person_role_id",
                                            "ci.note",
                                            "ci.nr_order",
                                            "ci.role_id"
                                        ],
                                        "Index Cond": "(ci.movie_id = mi_idx.movie_id)",
                                        "Rows Removed by Index Recheck": 0,
                                        "Filter": "((ci.person_id > 2238611) AND (ci.role_id < 3))",
                                        "Rows Removed by Filter": 23,
                                        "Workers": [
                                            {
                                                "Worker Number": 0,
                                                "Actual Startup Time": 0.016,
                                                "Actual Total Time": 0.024,
                                                "Actual Rows": 2,
                                                "Actual Loops": 53368
                                            },
                                            {
                                                "Worker Number": 1,
                                                "Actual Startup Time": 0.019,
                                                "Actual Total Time": 0.027,
                                                "Actual Rows": 2,
                                                "Actual Loops": 47040
                                            },
                                            {
                                                "Worker Number": 2,
                                                "Actual Startup Time": 0.016,
                                                "Actual Total Time": 0.023,
                                                "Actual Rows": 2,
                                                "Actual Loops": 57056
                                            },
                                            {
                                                "Worker Number": 3,
                                                "Actual Startup Time": 0.016,
                                                "Actual Total Time": 0.023,
                                                "Actual Rows": 2,
                                                "Actual Loops": 54120
                                            }
                                        ]
                                    }
                                ]
                            }
                        ]
                    }
                ]
            }
        ]
    },
    "Planning Time": 1.5,
    "Triggers": [],
    "Execution Time": 2063.122
}