[
  {
    "Plan": {
      "Node Type": "Aggregate",
      "Strategy": "Plain",
      "Partial Mode": "Finalize",
      "Parallel Aware": false,
      "Startup Cost": 285376.85,
      "Total Cost": 285376.86,
      "Plan Rows": 1,
      "Plan Width": 8,
      "Actual Startup Time": 845.67,
      "Actual Total Time": 895.992,
      "Actual Rows": 1,
      "Actual Loops": 1,
      "Plans": [
        {
          "Node Type": "Gather",
          "Parent Relationship": "Outer",
          "Parallel Aware": false,
          "Startup Cost": 285376.33,
          "Total Cost": 285376.84,
          "Plan Rows": 5,
          "Plan Width": 8,
          "Actual Startup Time": 832.097,
          "Actual Total Time": 895.978,
          "Actual Rows": 6,
          "Actual Loops": 1,
          "Workers Planned": 5,
          "Workers Launched": 5,
          "Single Copy": false,
          "Plans": [
            {
              "Node Type": "Aggregate",
              "Strategy": "Plain",
              "Partial Mode": "Partial",
              "Parent Relationship": "Outer",
              "Parallel Aware": false,
              "Startup Cost": 284376.33,
              "Total Cost": 284376.34,
              "Plan Rows": 1,
              "Plan Width": 8,
              "Actual Startup Time": 823.651,
              "Actual Total Time": 823.762,
              "Actual Rows": 1,
              "Actual Loops": 6,
              "Plans": [
                {
                  "Node Type": "Hash Join",
                  "Parent Relationship": "Outer",
                  "Parallel Aware": true,
                  "Join Type": "Inner",
                  "Startup Cost": 81746.28,
                  "Total Cost": 284046.42,
                  "Plan Rows": 131963,
                  "Plan Width": 0,
                  "Actual Startup Time": 404.26,
                  "Actual Total Time": 815.033,
                  "Actual Rows": 195460,
                  "Actual Loops": 6,
                  "Inner Unique": false,
                  "Hash Cond": "(mi.movie_id = t.id)",
                  "Plans": [
                    {
                      "Node Type": "Seq Scan",
                      "Parent Relationship": "Outer",
                      "Parallel Aware": true,
                      "Relation Name": "movie_info",
                      "Alias": "mi",
                      "Startup Cost": 0.0,
                      "Total Cost": 199108.24,
                      "Plan Rows": 737655,
                      "Plan Width": 4,
                      "Actual Startup Time": 29.589,
                      "Actual Total Time": 328.744,
                      "Actual Rows": 604163,
                      "Actual Loops": 6,
                      "Filter": "(info_type_id < 4)",
                      "Rows Removed by Filter": 1868457
                    },
                    {
                      "Node Type": "Hash",
                      "Parent Relationship": "Inner",
                      "Parallel Aware": true,
                      "Startup Cost": 79922.4,
                      "Total Cost": 79922.4,
                      "Plan Rows": 145911,
                      "Plan Width": 8,
                      "Actual Startup Time": 371.267,
                      "Actual Total Time": 371.375,
                      "Actual Rows": 68761,
                      "Actual Loops": 6,
                      "Hash Buckets": 524288,
                      "Original Hash Buckets": 524288,
                      "Hash Batches": 1,
                      "Original Hash Batches": 1,
                      "Peak Memory Usage": 20320,
                      "Plans": [
                        {
                          "Node Type": "Hash Join",
                          "Parent Relationship": "Outer",
                          "Parallel Aware": true,
                          "Join Type": "Inner",
                          "Startup Cost": 50125.66,
                          "Total Cost": 79922.4,
                          "Plan Rows": 145911,
                          "Plan Width": 8,
                          "Actual Startup Time": 275.892,
                          "Actual Total Time": 343.54,
                          "Actual Rows": 68761,
                          "Actual Loops": 6,
                          "Inner Unique": true,
                          "Hash Cond": "(mc.movie_id = t.id)",
                          "Plans": [
                            {
                              "Node Type": "Seq Scan",
                              "Parent Relationship": "Outer",
                              "Parallel Aware": true,
                              "Relation Name": "movie_companies",
                              "Alias": "mc",
                              "Startup Cost": 0.0,
                              "Total Cost": 29310.68,
                              "Plan Rows": 185164,
                              "Plan Width": 4,
                              "Actual Startup Time": 23.77,
                              "Actual Total Time": 47.698,
                              "Actual Rows": 94814,
                              "Actual Loops": 6,
                              "Filter": "(company_id > 71403)",
                              "Rows Removed by Filter": 340040
                            },
                            {
                              "Node Type": "Hash",
                              "Parent Relationship": "Inner",
                              "Parallel Aware": true,
                              "Startup Cost": 43899.32,
                              "Total Cost": 43899.32,
                              "Plan Rows": 498107,
                              "Plan Width": 4,
                              "Actual Startup Time": 248.256,
                              "Actual Total Time": 248.257,
                              "Actual Rows": 329436,
                              "Actual Loops": 6,
                              "Hash Buckets": 2097152,
                              "Original Hash Buckets": 2097152,
                              "Hash Batches": 1,
                              "Original Hash Batches": 1,
                              "Peak Memory Usage": 93824,
                              "Plans": [
                                {
                                  "Node Type": "Seq Scan",
                                  "Parent Relationship": "Outer",
                                  "Parallel Aware": true,
                                  "Relation Name": "title",
                                  "Alias": "t",
                                  "Startup Cost": 0.0,
                                  "Total Cost": 43899.32,
                                  "Plan Rows": 498107,
                                  "Plan Width": 4,
                                  "Actual Startup Time": 0.056,
                                  "Actual Total Time": 90.451,
                                  "Actual Rows": 329436,
                                  "Actual Loops": 6,
                                  "Filter": "(production_year > 1977)",
                                  "Rows Removed by Filter": 91949
                                }
                              ]
                            }
                          ]
                        }
                      ]
                    }
                  ]
                }
              ]
            }
          ]
        }
      ]
    },
    "Planning Time": 1.614,
    "Triggers": [],
    "Execution Time": 896.105
  }
]