[
  {
    "Plan": {
      "Node Type": "Aggregate",
      "Strategy": "Plain",
      "Partial Mode": "Finalize",
      "Parallel Aware": false,
      "Startup Cost": 276796.44,
      "Total Cost": 276796.45,
      "Plan Rows": 1,
      "Plan Width": 8,
      "Actual Startup Time": 1190.558,
      "Actual Total Time": 1261.128,
      "Actual Rows": 1,
      "Actual Loops": 1,
      "Plans": [
        {
          "Node Type": "Gather",
          "Parent Relationship": "Outer",
          "Parallel Aware": false,
          "Startup Cost": 276796.02,
          "Total Cost": 276796.43,
          "Plan Rows": 4,
          "Plan Width": 8,
          "Actual Startup Time": 1188.182,
          "Actual Total Time": 1261.106,
          "Actual Rows": 5,
          "Actual Loops": 1,
          "Workers Planned": 4,
          "Workers Launched": 4,
          "Single Copy": false,
          "Plans": [
            {
              "Node Type": "Aggregate",
              "Strategy": "Plain",
              "Partial Mode": "Partial",
              "Parent Relationship": "Outer",
              "Parallel Aware": false,
              "Startup Cost": 275796.02,
              "Total Cost": 275796.03,
              "Plan Rows": 1,
              "Plan Width": 8,
              "Actual Startup Time": 1178.286,
              "Actual Total Time": 1178.29,
              "Actual Rows": 1,
              "Actual Loops": 5,
              "Plans": [
                {
                  "Node Type": "Nested Loop",
                  "Parent Relationship": "Outer",
                  "Parallel Aware": false,
                  "Join Type": "Inner",
                  "Startup Cost": 31547.69,
                  "Total Cost": 275409.33,
                  "Plan Rows": 154677,
                  "Plan Width": 0,
                  "Actual Startup Time": 111.953,
                  "Actual Total Time": 1165.64,
                  "Actual Rows": 234552,
                  "Actual Loops": 5,
                  "Inner Unique": false,
                  "Plans": [
                    {
                      "Node Type": "Hash Join",
                      "Parent Relationship": "Outer",
                      "Parallel Aware": true,
                      "Join Type": "Inner",
                      "Startup Cost": 31547.26,
                      "Total Cost": 78278.73,
                      "Plan Rows": 108874,
                      "Plan Width": 8,
                      "Actual Startup Time": 111.795,
                      "Actual Total Time": 330.336,
                      "Actual Rows": 82513,
                      "Actual Loops": 5,
                      "Inner Unique": false,
                      "Hash Cond": "(t.id = mc.movie_id)",
                      "Plans": [
                        {
                          "Node Type": "Seq Scan",
                          "Parent Relationship": "Outer",
                          "Parallel Aware": true,
                          "Relation Name": "title",
                          "Alias": "t",
                          "Startup Cost": 0.0,
                          "Total Cost": 43898.92,
                          "Plan Rows": 496269,
                          "Plan Width": 4,
                          "Actual Startup Time": 0.015,
                          "Actual Total Time": 79.479,
                          "Actual Rows": 395323,
                          "Actual Loops": 5,
                          "Filter": "(production_year > 1977)",
                          "Rows Removed by Filter": 110339
                        },
                        {
                          "Node Type": "Hash",
                          "Parent Relationship": "Inner",
                          "Parallel Aware": true,
                          "Startup Cost": 29310.68,
                          "Total Cost": 29310.68,
                          "Plan Rows": 178926,
                          "Plan Width": 4,
                          "Actual Startup Time": 107.694,
                          "Actual Total Time": 107.695,
                          "Actual Rows": 113777,
                          "Actual Loops": 5,
                          "Hash Buckets": 1048576,
                          "Original Hash Buckets": 1048576,
                          "Hash Batches": 1,
                          "Original Hash Batches": 1,
                          "Peak Memory Usage": 30528,
                          "Plans": [
                            {
                              "Node Type": "Seq Scan",
                              "Parent Relationship": "Outer",
                              "Parallel Aware": true,
                              "Relation Name": "movie_companies",
                              "Alias": "mc",
                              "Startup Cost": 0.0,
                              "Total Cost": 29310.68,
                              "Plan Rows": 178926,
                              "Plan Width": 4,
                              "Actual Startup Time": 38.558,
                              "Actual Total Time": 66.85,
                              "Actual Rows": 113777,
                              "Actual Loops": 5,
                              "Filter": "(company_id > 71403)",
                              "Rows Removed by Filter": 408049
                            }
                          ]
                        }
                      ]
                    },
                    {
                      "Node Type": "Index Scan",
                      "Parent Relationship": "Inner",
                      "Parallel Aware": false,
                      "Scan Direction": "Forward",
                      "Index Name": "movie_id_movie_info",
                      "Relation Name": "movie_info",
                      "Alias": "mi",
                      "Startup Cost": 0.43,
                      "Total Cost": 1.71,
                      "Plan Rows": 10,
                      "Plan Width": 4,
                      "Actual Startup Time": 0.005,
                      "Actual Total Time": 0.01,
                      "Actual Rows": 3,
                      "Actual Loops": 412564,
                      "Index Cond": "(movie_id = t.id)",
                      "Rows Removed by Index Recheck": 0,
                      "Filter": "(info_type_id < 4)",
                      "Rows Removed by Filter": 14
                    }
                  ]
                }
              ]
            }
          ]
        }
      ]
    },
    "Planning Time": 1.526,
    "Triggers": [],
    "Execution Time": 1261.242
  }
]