{
    "Plan": {
        "Node Type": "Aggregate",
        "Strategy": "Plain",
        "Partial Mode": "Finalize",
        "Parallel Aware": false,
        "Startup Cost": 272544.22,
        "Total Cost": 272544.23,
        "Plan Rows": 1,
        "Plan Width": 8,
        "Actual Startup Time": 1229.295,
        "Actual Total Time": 1324.108,
        "Actual Rows": 1,
        "Actual Loops": 1,
        "Output": [
            "count(*)"
        ],
        "Plans": [
            {
                "Node Type": "Gather",
                "Parent Relationship": "Outer",
                "Parallel Aware": false,
                "Startup Cost": 272543.7,
                "Total Cost": 272544.21,
                "Plan Rows": 5,
                "Plan Width": 8,
                "Actual Startup Time": 1228.531,
                "Actual Total Time": 1324.097,
                "Actual Rows": 6,
                "Actual Loops": 1,
                "Output": [
                    "(PARTIAL count(*))"
                ],
                "Workers Planned": 5,
                "Workers Launched": 5,
                "Single Copy": false,
                "Plans": [
                    {
                        "Node Type": "Aggregate",
                        "Strategy": "Plain",
                        "Partial Mode": "Partial",
                        "Parent Relationship": "Outer",
                        "Parallel Aware": false,
                        "Startup Cost": 271543.7,
                        "Total Cost": 271543.71,
                        "Plan Rows": 1,
                        "Plan Width": 8,
                        "Actual Startup Time": 1217.7,
                        "Actual Total Time": 1217.705,
                        "Actual Rows": 1,
                        "Actual Loops": 6,
                        "Output": [
                            "PARTIAL count(*)"
                        ],
                        "Workers": [
                            {
                                "Worker Number": 0,
                                "Actual Startup Time": 1214.967,
                                "Actual Total Time": 1214.972,
                                "Actual Rows": 1,
                                "Actual Loops": 1
                            },
                            {
                                "Worker Number": 1,
                                "Actual Startup Time": 1215.559,
                                "Actual Total Time": 1215.563,
                                "Actual Rows": 1,
                                "Actual Loops": 1
                            },
                            {
                                "Worker Number": 2,
                                "Actual Startup Time": 1215.394,
                                "Actual Total Time": 1215.398,
                                "Actual Rows": 1,
                                "Actual Loops": 1
                            },
                            {
                                "Worker Number": 3,
                                "Actual Startup Time": 1216.296,
                                "Actual Total Time": 1216.301,
                                "Actual Rows": 1,
                                "Actual Loops": 1
                            },
                            {
                                "Worker Number": 4,
                                "Actual Startup Time": 1216.379,
                                "Actual Total Time": 1216.382,
                                "Actual Rows": 1,
                                "Actual Loops": 1
                            }
                        ],
                        "Plans": [
                            {
                                "Node Type": "Nested Loop",
                                "Parent Relationship": "Outer",
                                "Parallel Aware": false,
                                "Join Type": "Inner",
                                "Startup Cost": 45674.72,
                                "Total Cost": 271288.28,
                                "Plan Rows": 102167,
                                "Plan Width": 0,
                                "Actual Startup Time": 96.72,
                                "Actual Total Time": 1191.331,
                                "Actual Rows": 527070,
                                "Actual Loops": 6,
                                "Inner Unique": false,
                                "Join Filter": "(t.id = ci.movie_id)",
                                "Rows Removed by Join Filter": 0,
                                "Workers": [
                                    {
                                        "Worker Number": 0,
                                        "Actual Startup Time": 94.281,
                                        "Actual Total Time": 1186.454,
                                        "Actual Rows": 372684,
                                        "Actual Loops": 1
                                    },
                                    {
                                        "Worker Number": 1,
                                        "Actual Startup Time": 94.627,
                                        "Actual Total Time": 1190.562,
                                        "Actual Rows": 532145,
                                        "Actual Loops": 1
                                    },
                                    {
                                        "Worker Number": 2,
                                        "Actual Startup Time": 94.408,
                                        "Actual Total Time": 1191.227,
                                        "Actual Rows": 513568,
                                        "Actual Loops": 1
                                    },
                                    {
                                        "Worker Number": 3,
                                        "Actual Startup Time": 95.183,
                                        "Actual Total Time": 1191.081,
                                        "Actual Rows": 536279,
                                        "Actual Loops": 1
                                    },
                                    {
                                        "Worker Number": 4,
                                        "Actual Startup Time": 95.373,
                                        "Actual Total Time": 1190.909,
                                        "Actual Rows": 540995,
                                        "Actual Loops": 1
                                    }
                                ],
                                "Plans": [
                                    {
                                        "Node Type": "Hash Join",
                                        "Parent Relationship": "Outer",
                                        "Parallel Aware": true,
                                        "Join Type": "Inner",
                                        "Startup Cost": 45674.16,
                                        "Total Cost": 245724.82,
                                        "Plan Rows": 10997,
                                        "Plan Width": 8,
                                        "Actual Startup Time": 96.571,
                                        "Actual Total Time": 422.946,
                                        "Actual Rows": 14414,
                                        "Actual Loops": 6,
                                        "Output": [
                                            "t.id",
                                            "mi.movie_id"
                                        ],
                                        "Inner Unique": true,
                                        "Hash Cond": "(mi.movie_id = t.id)",
                                        "Workers": [
                                            {
                                                "Worker Number": 0,
                                                "Actual Startup Time": 93.97,
                                                "Actual Total Time": 414.429,
                                                "Actual Rows": 9680,
                                                "Actual Loops": 1
                                            },
                                            {
                                                "Worker Number": 1,
                                                "Actual Startup Time": 94.464,
                                                "Actual Total Time": 421.255,
                                                "Actual Rows": 14092,
                                                "Actual Loops": 1
                                            },
                                            {
                                                "Worker Number": 2,
                                                "Actual Startup Time": 94.33,
                                                "Actual Total Time": 421.83,
                                                "Actual Rows": 14748,
                                                "Actual Loops": 1
                                            },
                                            {
                                                "Worker Number": 3,
                                                "Actual Startup Time": 95.105,
                                                "Actual Total Time": 416.853,
                                                "Actual Rows": 13913,
                                                "Actual Loops": 1
                                            },
                                            {
                                                "Worker Number": 4,
                                                "Actual Startup Time": 95.14,
                                                "Actual Total Time": 419.719,
                                                "Actual Rows": 14461,
                                                "Actual Loops": 1
                                            }
                                        ],
                                        "Plans": [
                                            {
                                                "Node Type": "Seq Scan",
                                                "Parent Relationship": "Outer",
                                                "Parallel Aware": true,
                                                "Relation Name": "movie_info",
                                                "Schema": "public",
                                                "Alias": "mi",
                                                "Startup Cost": 0.0,
                                                "Total Cost": 198880.74,
                                                "Plan Rows": 445687,
                                                "Plan Width": 4,
                                                "Actual Startup Time": 15.609,
                                                "Actual Total Time": 293.88,
                                                "Actual Rows": 372308,
                                                "Actual Loops": 6,
                                                "Output": [
                                                    "mi.id",
                                                    "mi.movie_id",
                                                    "mi.info_type_id",
                                                    "mi.info",
                                                    "mi.note"
                                                ],
                                                "Filter": "(mi.info_type_id > 16)",
                                                "Rows Removed by Filter": 2100312,
                                                "Workers": [
                                                    {
                                                        "Worker Number": 0,
                                                        "Actual Startup Time": 15.623,
                                                        "Actual Total Time": 291.71,
                                                        "Actual Rows": 230325,
                                                        "Actual Loops": 1
                                                    },
                                                    {
                                                        "Worker Number": 1,
                                                        "Actual Startup Time": 15.579,
                                                        "Actual Total Time": 296.388,
                                                        "Actual Rows": 376890,
                                                        "Actual Loops": 1
                                                    },
                                                    {
                                                        "Worker Number": 2,
                                                        "Actual Startup Time": 15.596,
                                                        "Actual Total Time": 293.761,
                                                        "Actual Rows": 357910,
                                                        "Actual Loops": 1
                                                    },
                                                    {
                                                        "Worker Number": 3,
                                                        "Actual Startup Time": 15.609,
                                                        "Actual Total Time": 293.28,
                                                        "Actual Rows": 355587,
                                                        "Actual Loops": 1
                                                    },
                                                    {
                                                        "Worker Number": 4,
                                                        "Actual Startup Time": 15.617,
                                                        "Actual Total Time": 295.079,
                                                        "Actual Rows": 364009,
                                                        "Actual Loops": 1
                                                    }
                                                ]
                                            },
                                            {
                                                "Node Type": "Hash",
                                                "Parent Relationship": "Inner",
                                                "Parallel Aware": true,
                                                "Startup Cost": 45479.21,
                                                "Total Cost": 45479.21,
                                                "Plan Rows": 15596,
                                                "Plan Width": 4,
                                                "Actual Startup Time": 79.687,
                                                "Actual Total Time": 79.688,
                                                "Actual Rows": 8962,
                                                "Actual Loops": 6,
                                                "Output": [
                                                    "t.id"
                                                ],
                                                "Hash Buckets": 65536,
                                                "Original Hash Buckets": 65536,
                                                "Hash Batches": 1,
                                                "Original Hash Batches": 1,
                                                "Peak Memory Usage": 2688,
                                                "Workers": [
                                                    {
                                                        "Worker Number": 0,
                                                        "Actual Startup Time": 77.707,
                                                        "Actual Total Time": 77.709,
                                                        "Actual Rows": 6078,
                                                        "Actual Loops": 1
                                                    },
                                                    {
                                                        "Worker Number": 1,
                                                        "Actual Startup Time": 78.317,
                                                        "Actual Total Time": 78.318,
                                                        "Actual Rows": 8848,
                                                        "Actual Loops": 1
                                                    },
                                                    {
                                                        "Worker Number": 2,
                                                        "Actual Startup Time": 78.131,
                                                        "Actual Total Time": 78.132,
                                                        "Actual Rows": 8929,
                                                        "Actual Loops": 1
                                                    },
                                                    {
                                                        "Worker Number": 3,
                                                        "Actual Startup Time": 79.08,
                                                        "Actual Total Time": 79.082,
                                                        "Actual Rows": 8782,
                                                        "Actual Loops": 1
                                                    },
                                                    {
                                                        "Worker Number": 4,
                                                        "Actual Startup Time": 79.119,
                                                        "Actual Total Time": 79.12,
                                                        "Actual Rows": 8791,
                                                        "Actual Loops": 1
                                                    }
                                                ],
                                                "Plans": [
                                                    {
                                                        "Node Type": "Seq Scan",
                                                        "Parent Relationship": "Outer",
                                                        "Parallel Aware": true,
                                                        "Relation Name": "title",
                                                        "Schema": "public",
                                                        "Alias": "t",
                                                        "Startup Cost": 0.0,
                                                        "Total Cost": 45479.21,
                                                        "Plan Rows": 15596,
                                                        "Plan Width": 4,
                                                        "Actual Startup Time": 0.373,
                                                        "Actual Total Time": 75.933,
                                                        "Actual Rows": 8962,
                                                        "Actual Loops": 6,
                                                        "Output": [
                                                            "t.id"
                                                        ],
                                                        "Filter": "((t.kind_id < 7) AND (t.production_year = 2011))",
                                                        "Rows Removed by Filter": 412424,
                                                        "Workers": [
                                                            {
                                                                "Worker Number": 0,
                                                                "Actual Startup Time": 0.194,
                                                                "Actual Total Time": 73.767,
                                                                "Actual Rows": 6078,
                                                                "Actual Loops": 1
                                                            },
                                                            {
                                                                "Worker Number": 1,
                                                                "Actual Startup Time": 0.561,
                                                                "Actual Total Time": 74.778,
                                                                "Actual Rows": 8848,
                                                                "Actual Loops": 1
                                                            },
                                                            {
                                                                "Worker Number": 2,
                                                                "Actual Startup Time": 0.786,
                                                                "Actual Total Time": 74.142,
                                                                "Actual Rows": 8929,
                                                                "Actual Loops": 1
                                                            },
                                                            {
                                                                "Worker Number": 3,
                                                                "Actual Startup Time": 0.366,
                                                                "Actual Total Time": 75.401,
                                                                "Actual Rows": 8782,
                                                                "Actual Loops": 1
                                                            },
                                                            {
                                                                "Worker Number": 4,
                                                                "Actual Startup Time": 0.205,
                                                                "Actual Total Time": 75.401,
                                                                "Actual Rows": 8791,
                                                                "Actual Loops": 1
                                                            }
                                                        ]
                                                    }
                                                ]
                                            }
                                        ]
                                    },
                                    {
                                        "Node Type": "Index Scan",
                                        "Parent Relationship": "Inner",
                                        "Parallel Aware": false,
                                        "Scan Direction": "Forward",
                                        "Index Name": "movie_id_cast_info",
                                        "Relation Name": "cast_info",
                                        "Schema": "public",
                                        "Alias": "ci",
                                        "Startup Cost": 0.56,
                                        "Total Cost": 2.01,
                                        "Plan Rows": 25,
                                        "Plan Width": 4,
                                        "Actual Startup Time": 0.02,
                                        "Actual Total Time": 0.05,
                                        "Actual Rows": 37,
                                        "Actual Loops": 86487,
                                        "Output": [
                                            "ci.id",
                                            "ci.person_id",
                                            "ci.movie_id",
                                            "ci.person_role_id",
                                            "ci.note",
                                            "ci.nr_order",
                                            "ci.role_id"
                                        ],
                                        "Index Cond": "(ci.movie_id = mi.movie_id)",
                                        "Rows Removed by Index Recheck": 0,
                                        "Filter": "(ci.role_id > 1)",
                                        "Rows Removed by Filter": 14,
                                        "Workers": [
                                            {
                                                "Worker Number": 0,
                                                "Actual Startup Time": 0.03,
                                                "Actual Total Time": 0.074,
                                                "Actual Rows": 39,
                                                "Actual Loops": 9680
                                            },
                                            {
                                                "Worker Number": 1,
                                                "Actual Startup Time": 0.02,
                                                "Actual Total Time": 0.051,
                                                "Actual Rows": 38,
                                                "Actual Loops": 14092
                                            },
                                            {
                                                "Worker Number": 2,
                                                "Actual Startup Time": 0.019,
                                                "Actual Total Time": 0.049,
                                                "Actual Rows": 35,
                                                "Actual Loops": 14748
                                            },
                                            {
                                                "Worker Number": 3,
                                                "Actual Startup Time": 0.021,
                                                "Actual Total Time": 0.052,
                                                "Actual Rows": 39,
                                                "Actual Loops": 13913
                                            },
                                            {
                                                "Worker Number": 4,
                                                "Actual Startup Time": 0.02,
                                                "Actual Total Time": 0.05,
                                                "Actual Rows": 37,
                                                "Actual Loops": 14461
                                            }
                                        ]
                                    }
                                ]
                            }
                        ]
                    }
                ]
            }
        ]
    },
    "Planning Time": 1.688,
    "Triggers": [],
    "Execution Time": 1324.264
}