[
    {
        "Bao": {
            "Bao prediction": "NaN",
            "Bao recommended hint": "(no hint)"
        }
    },
    {
        "Plan": {
            "Node Type": "Aggregate",
            "Strategy": "Plain",
            "Partial Mode": "Simple",
            "Parallel Aware": false,
            "Startup Cost": 2345.57,
            "Total Cost": 2345.58,
            "Plan Rows": 1,
            "Plan Width": 8,
            "Actual Startup Time": 2.001,
            "Actual Total Time": 2.002,
            "Actual Rows": 1,
            "Actual Loops": 1,
            "Output": [
                "count(*)"
            ],
            "Plans": [
                {
                    "Node Type": "Nested Loop",
                    "Parent Relationship": "Outer",
                    "Parallel Aware": false,
                    "Join Type": "Inner",
                    "Startup Cost": 1.43,
                    "Total Cost": 2345.38,
                    "Plan Rows": 79,
                    "Plan Width": 0,
                    "Actual Startup Time": 0.21,
                    "Actual Total Time": 1.991,
                    "Actual Rows": 20,
                    "Actual Loops": 1,
                    "Inner Unique": false,
                    "Plans": [
                        {
                            "Node Type": "Nested Loop",
                            "Parent Relationship": "Outer",
                            "Parallel Aware": false,
                            "Join Type": "Inner",
                            "Startup Cost": 0.99,
                            "Total Cost": 2137.76,
                            "Plan Rows": 130,
                            "Plan Width": 8,
                            "Actual Startup Time": 0.14,
                            "Actual Total Time": 1.025,
                            "Actual Rows": 224,
                            "Actual Loops": 1,
                            "Output": [
                                "t.id",
                                "ci.movie_id"
                            ],
                            "Inner Unique": true,
                            "Plans": [
                                {
                                    "Node Type": "Index Scan",
                                    "Parent Relationship": "Outer",
                                    "Parallel Aware": false,
                                    "Scan Direction": "Forward",
                                    "Index Name": "person_id_cast_info",
                                    "Relation Name": "cast_info",
                                    "Schema": "public",
                                    "Alias": "ci",
                                    "Startup Cost": 0.56,
                                    "Total Cost": 1039.59,
                                    "Plan Rows": 130,
                                    "Plan Width": 4,
                                    "Actual Startup Time": 0.112,
                                    "Actual Total Time": 0.171,
                                    "Actual Rows": 224,
                                    "Actual Loops": 1,
                                    "Output": [
                                        "ci.id",
                                        "ci.person_id",
                                        "ci.movie_id",
                                        "ci.person_role_id",
                                        "ci.note",
                                        "ci.nr_order",
                                        "ci.role_id"
                                    ],
                                    "Index Cond": "(ci.person_id = 414559)",
                                    "Rows Removed by Index Recheck": 0,
                                    "Filter": "(ci.role_id > 4)",
                                    "Rows Removed by Filter": 1
                                },
                                {
                                    "Node Type": "Index Only Scan",
                                    "Parent Relationship": "Inner",
                                    "Parallel Aware": false,
                                    "Scan Direction": "Forward",
                                    "Index Name": "title_pkey",
                                    "Relation Name": "title",
                                    "Schema": "public",
                                    "Alias": "t",
                                    "Startup Cost": 0.43,
                                    "Total Cost": 8.45,
                                    "Plan Rows": 1,
                                    "Plan Width": 4,
                                    "Actual Startup Time": 0.003,
                                    "Actual Total Time": 0.003,
                                    "Actual Rows": 1,
                                    "Actual Loops": 224,
                                    "Output": [
                                        "t.id"
                                    ],
                                    "Index Cond": "(t.id = ci.movie_id)",
                                    "Rows Removed by Index Recheck": 0,
                                    "Heap Fetches": 224
                                }
                            ]
                        },
                        {
                            "Node Type": "Index Scan",
                            "Parent Relationship": "Inner",
                            "Parallel Aware": false,
                            "Scan Direction": "Forward",
                            "Index Name": "movie_id_movie_info",
                            "Relation Name": "movie_info",
                            "Schema": "public",
                            "Alias": "mi",
                            "Startup Cost": 0.43,
                            "Total Cost": 1.56,
                            "Plan Rows": 4,
                            "Plan Width": 4,
                            "Actual Startup Time": 0.004,
                            "Actual Total Time": 0.004,
                            "Actual Rows": 0,
                            "Actual Loops": 224,
                            "Output": [
                                "mi.id",
                                "mi.movie_id",
                                "mi.info_type_id",
                                "mi.info",
                                "mi.note"
                            ],
                            "Index Cond": "(mi.movie_id = t.id)",
                            "Rows Removed by Index Recheck": 0,
                            "Filter": "(mi.info_type_id = 3)",
                            "Rows Removed by Filter": 2
                        }
                    ]
                }
            ]
        },
        "Planning Time": 198.387,
        "Triggers": [],
        "Execution Time": 2.093
    }
]