[
    {
        "Bao": {
            "Bao prediction": "NaN",
            "Bao recommended hint": "(no hint)"
        }
    },
    {
        "Plan": {
            "Node Type": "Aggregate",
            "Strategy": "Plain",
            "Partial Mode": "Finalize",
            "Parallel Aware": false,
            "Startup Cost": 295180.32,
            "Total Cost": 295180.33,
            "Plan Rows": 1,
            "Plan Width": 8,
            "Actual Startup Time": 148.024,
            "Actual Total Time": 152.167,
            "Actual Rows": 1,
            "Actual Loops": 1,
            "Output": [
                "count(*)"
            ],
            "Plans": [
                {
                    "Node Type": "Gather",
                    "Parent Relationship": "Outer",
                    "Parallel Aware": false,
                    "Startup Cost": 295179.7,
                    "Total Cost": 295180.31,
                    "Plan Rows": 6,
                    "Plan Width": 8,
                    "Actual Startup Time": 147.552,
                    "Actual Total Time": 152.16,
                    "Actual Rows": 7,
                    "Actual Loops": 1,
                    "Output": [
                        "(PARTIAL count(*))"
                    ],
                    "Workers Planned": 6,
                    "Workers Launched": 6,
                    "Single Copy": false,
                    "Plans": [
                        {
                            "Node Type": "Aggregate",
                            "Strategy": "Plain",
                            "Partial Mode": "Partial",
                            "Parent Relationship": "Outer",
                            "Parallel Aware": false,
                            "Startup Cost": 294179.7,
                            "Total Cost": 294179.71,
                            "Plan Rows": 1,
                            "Plan Width": 8,
                            "Actual Startup Time": 137.268,
                            "Actual Total Time": 137.27,
                            "Actual Rows": 1,
                            "Actual Loops": 7,
                            "Output": [
                                "PARTIAL count(*)"
                            ],
                            "Workers": [
                                {
                                    "Worker Number": 0,
                                    "Actual Startup Time": 134.892,
                                    "Actual Total Time": 134.894,
                                    "Actual Rows": 1,
                                    "Actual Loops": 1
                                },
                                {
                                    "Worker Number": 1,
                                    "Actual Startup Time": 134.995,
                                    "Actual Total Time": 134.996,
                                    "Actual Rows": 1,
                                    "Actual Loops": 1
                                },
                                {
                                    "Worker Number": 2,
                                    "Actual Startup Time": 135.403,
                                    "Actual Total Time": 135.405,
                                    "Actual Rows": 1,
                                    "Actual Loops": 1
                                },
                                {
                                    "Worker Number": 3,
                                    "Actual Startup Time": 135.765,
                                    "Actual Total Time": 135.766,
                                    "Actual Rows": 1,
                                    "Actual Loops": 1
                                },
                                {
                                    "Worker Number": 4,
                                    "Actual Startup Time": 136.186,
                                    "Actual Total Time": 136.187,
                                    "Actual Rows": 1,
                                    "Actual Loops": 1
                                },
                                {
                                    "Worker Number": 5,
                                    "Actual Startup Time": 136.461,
                                    "Actual Total Time": 136.463,
                                    "Actual Rows": 1,
                                    "Actual Loops": 1
                                }
                            ],
                            "Plans": [
                                {
                                    "Node Type": "Bitmap Heap Scan",
                                    "Parent Relationship": "Outer",
                                    "Parallel Aware": true,
                                    "Relation Name": "cast_info",
                                    "Schema": "public",
                                    "Alias": "ci",
                                    "Startup Cost": 37272.18,
                                    "Total Cost": 293476.28,
                                    "Plan Rows": 281368,
                                    "Plan Width": 0,
                                    "Actual Startup Time": 60.906,
                                    "Actual Total Time": 122.188,
                                    "Actual Rows": 243397,
                                    "Actual Loops": 7,
                                    "Recheck Cond": "(ci.person_id < 169417)",
                                    "Rows Removed by Index Recheck": 0,
                                    "Exact Heap Blocks": 4434,
                                    "Lossy Heap Blocks": 0,
                                    "Workers": [
                                        {
                                            "Worker Number": 0,
                                            "Actual Startup Time": 58.391,
                                            "Actual Total Time": 120.6,
                                            "Actual Rows": 202730,
                                            "Actual Loops": 1
                                        },
                                        {
                                            "Worker Number": 1,
                                            "Actual Startup Time": 58.789,
                                            "Actual Total Time": 120.797,
                                            "Actual Rows": 204748,
                                            "Actual Loops": 1
                                        },
                                        {
                                            "Worker Number": 2,
                                            "Actual Startup Time": 59.502,
                                            "Actual Total Time": 120.496,
                                            "Actual Rows": 215195,
                                            "Actual Loops": 1
                                        },
                                        {
                                            "Worker Number": 3,
                                            "Actual Startup Time": 59.329,
                                            "Actual Total Time": 121.509,
                                            "Actual Rows": 202909,
                                            "Actual Loops": 1
                                        },
                                        {
                                            "Worker Number": 4,
                                            "Actual Startup Time": 60.137,
                                            "Actual Total Time": 121.533,
                                            "Actual Rows": 208842,
                                            "Actual Loops": 1
                                        },
                                        {
                                            "Worker Number": 5,
                                            "Actual Startup Time": 59.95,
                                            "Actual Total Time": 121.669,
                                            "Actual Rows": 214179,
                                            "Actual Loops": 1
                                        }
                                    ],
                                    "Plans": [
                                        {
                                            "Node Type": "Bitmap Index Scan",
                                            "Parent Relationship": "Outer",
                                            "Parallel Aware": false,
                                            "Index Name": "person_id_cast_info",
                                            "Startup Cost": 0.0,
                                            "Total Cost": 36850.12,
                                            "Plan Rows": 1688208,
                                            "Plan Width": 0,
                                            "Actual Startup Time": 67.577,
                                            "Actual Total Time": 67.578,
                                            "Actual Rows": 1703779,
                                            "Actual Loops": 1,
                                            "Index Cond": "(ci.person_id < 169417)"
                                        }
                                    ]
                                }
                            ]
                        }
                    ]
                }
            ]
        },
        "Planning Time": 187.823,
        "Triggers": [],
        "Execution Time": 152.229
    }
]