{
  "Plan": {
    "Node Type": "Aggregate",
    "Strategy": "Plain",
    "Partial Mode": "Finalize",
    "Parallel Aware": false,
    "Startup Cost": 734842.48,
    "Total Cost": 734842.49,
    "Plan Rows": 1,
    "Plan Width": 8,
    "Actual Startup Time": 10229.1,
    "Actual Total Time": 10300.874,
    "Actual Rows": 1,
    "Actual Loops": 1,
    "Plans": [
      {
        "Node Type": "Gather",
        "Parent Relationship": "Outer",
        "Parallel Aware": false,
        "Startup Cost": 734842.37,
        "Total Cost": 734842.48,
        "Plan Rows": 1,
        "Plan Width": 8,
        "Actual Startup Time": 10224.158,
        "Actual Total Time": 10300.865,
        "Actual Rows": 2,
        "Actual Loops": 1,
        "Workers Planned": 1,
        "Workers Launched": 1,
        "Single Copy": false,
        "Plans": [
          {
            "Node Type": "Aggregate",
            "Strategy": "Plain",
            "Partial Mode": "Partial",
            "Parent Relationship": "Outer",
            "Parallel Aware": false,
            "Startup Cost": 733842.37,
            "Total Cost": 733842.38,
            "Plan Rows": 1,
            "Plan Width": 8,
            "Actual Startup Time": 10217.656,
            "Actual Total Time": 10217.662,
            "Actual Rows": 1,
            "Actual Loops": 2,
            "Plans": [
              {
                "Node Type": "Hash Join",
                "Parent Relationship": "Outer",
                "Parallel Aware": true,
                "Join Type": "Inner",
                "Startup Cost": 131557.1,
                "Total Cost": 716968.36,
                "Plan Rows": 6749602,
                "Plan Width": 0,
                "Actual Startup Time": 757.026,
                "Actual Total Time": 8447.519,
                "Actual Rows": 43234767,
                "Actual Loops": 2,
                "Inner Unique": false,
                "Hash Cond": "(ci.movie_id = t.id)",
                "Plans": [
                  {
                    "Node Type": "Seq Scan",
                    "Parent Relationship": "Outer",
                    "Parallel Aware": true,
                    "Relation Name": "cast_info",
                    "Alias": "ci",
                    "Startup Cost": 0.0,
                    "Total Cost": 465792.95,
                    "Plan Rows": 21310595,
                    "Plan Width": 4,
                    "Actual Startup Time": 0.014,
                    "Actual Total Time": 1323.434,
                    "Actual Rows": 18122172,
                    "Actual Loops": 2
                  },
                  {
                    "Node Type": "Hash",
                    "Parent Relationship": "Inner",
                    "Parallel Aware": true,
                    "Startup Cost": 125669.05,
                    "Total Cost": 125669.05,
                    "Plan Rows": 471044,
                    "Plan Width": 8,
                    "Actual Startup Time": 747.573,
                    "Actual Total Time": 747.577,
                    "Actual Rows": 672866,
                    "Actual Loops": 2,
                    "Hash Buckets": 2097152,
                    "Original Hash Buckets": 1048576,
                    "Hash Batches": 1,
                    "Original Hash Batches": 1,
                    "Peak Memory Usage": 77248,
                    "Plans": [
                      {
                        "Node Type": "Hash Join",
                        "Parent Relationship": "Outer",
                        "Parallel Aware": true,
                        "Join Type": "Inner",
                        "Startup Cost": 62612.27,
                        "Total Cost": 125669.05,
                        "Plan Rows": 471044,
                        "Plan Width": 8,
                        "Actual Startup Time": 218.441,
                        "Actual Total Time": 604.72,
                        "Actual Rows": 672866,
                        "Actual Loops": 2,
                        "Inner Unique": true,
                        "Hash Cond": "(mk.movie_id = t.id)",
                        "Plans": [
                          {
                            "Node Type": "Seq Scan",
                            "Parent Relationship": "Outer",
                            "Parallel Aware": true,
                            "Relation Name": "movie_keyword",
                            "Alias": "mk",
                            "Startup Cost": 0.0,
                            "Total Cost": 57718.19,
                            "Plan Rows": 2033745,
                            "Plan Width": 4,
                            "Actual Startup Time": 0.075,
                            "Actual Total Time": 198.73,
                            "Actual Rows": 1722534,
                            "Actual Loops": 2,
                            "Filter": "(keyword_id > 1082)",
                            "Rows Removed by Filter": 539431
                          },
                          {
                            "Node Type": "Hash",
                            "Parent Relationship": "Inner",
                            "Parallel Aware": true,
                            "Startup Cost": 58306.47,
                            "Total Cost": 58306.47,
                            "Plan Rows": 344464,
                            "Plan Width": 4,
                            "Actual Startup Time": 212.954,
                            "Actual Total Time": 212.955,
                            "Actual Rows": 246479,
                            "Actual Loops": 2,
                            "Hash Buckets": 1048576,
                            "Original Hash Buckets": 1048576,
                            "Hash Batches": 1,
                            "Original Hash Batches": 1,
                            "Peak Memory Usage": 27488,
                            "Plans": [
                              {
                                "Node Type": "Seq Scan",
                                "Parent Relationship": "Outer",
                                "Parallel Aware": true,
                                "Relation Name": "title",
                                "Alias": "t",
                                "Startup Cost": 0.0,
                                "Total Cost": 58306.47,
                                "Plan Rows": 344464,
                                "Plan Width": 4,
                                "Actual Startup Time": 0.035,
                                "Actual Total Time": 146.202,
                                "Actual Rows": 246479,
                                "Actual Loops": 2,
                                "Filter": "((kind_id < 7) AND (production_year > 1998))",
                                "Rows Removed by Filter": 1017677
                              }
                            ]
                          }
                        ]
                      }
                    ]
                  }
                ]
              }
            ]
          }
        ]
      }
    ]
  },
  "Planning Time": 0.942,
  "Triggers": [],
  "Execution Time": 10300.972
}