[
  {
    "Plan": {
      "Node Type": "Aggregate",
      "Strategy": "Plain",
      "Partial Mode": "Finalize",
      "Parallel Aware": false,
      "Startup Cost": 216525.52,
      "Total Cost": 216525.53,
      "Plan Rows": 1,
      "Plan Width": 8,
      "Actual Startup Time": 236.193,
      "Actual Total Time": 264.587,
      "Actual Rows": 1,
      "Actual Loops": 1,
      "Plans": [
        {
          "Node Type": "Gather",
          "Parent Relationship": "Outer",
          "Parallel Aware": false,
          "Startup Cost": 216525.1,
          "Total Cost": 216525.51,
          "Plan Rows": 4,
          "Plan Width": 8,
          "Actual Startup Time": 235.989,
          "Actual Total Time": 264.576,
          "Actual Rows": 5,
          "Actual Loops": 1,
          "Workers Planned": 4,
          "Workers Launched": 4,
          "Single Copy": false,
          "Plans": [
            {
              "Node Type": "Aggregate",
              "Strategy": "Plain",
              "Partial Mode": "Partial",
              "Parent Relationship": "Outer",
              "Parallel Aware": false,
              "Startup Cost": 215525.1,
              "Total Cost": 215525.11,
              "Plan Rows": 1,
              "Plan Width": 8,
              "Actual Startup Time": 225.531,
              "Actual Total Time": 225.533,
              "Actual Rows": 1,
              "Actual Loops": 5,
              "Plans": [
                {
                  "Node Type": "Nested Loop",
                  "Parent Relationship": "Outer",
                  "Parallel Aware": false,
                  "Join Type": "Inner",
                  "Startup Cost": 1.0,
                  "Total Cost": 215451.94,
                  "Plan Rows": 29263,
                  "Plan Width": 0,
                  "Actual Startup Time": 1.906,
                  "Actual Total Time": 224.556,
                  "Actual Rows": 8889,
                  "Actual Loops": 5,
                  "Inner Unique": false,
                  "Join Filter": "(t.id = ci.movie_id)",
                  "Rows Removed by Join Filter": 0,
                  "Plans": [
                    {
                      "Node Type": "Nested Loop",
                      "Parent Relationship": "Outer",
                      "Parallel Aware": false,
                      "Join Type": "Inner",
                      "Startup Cost": 0.43,
                      "Total Cost": 200434.17,
                      "Plan Rows": 9732,
                      "Plan Width": 8,
                      "Actual Startup Time": 0.465,
                      "Actual Total Time": 101.286,
                      "Actual Rows": 8198,
                      "Actual Loops": 5,
                      "Inner Unique": false,
                      "Plans": [
                        {
                          "Node Type": "Seq Scan",
                          "Parent Relationship": "Outer",
                          "Parallel Aware": true,
                          "Relation Name": "title",
                          "Alias": "t",
                          "Startup Cost": 0.0,
                          "Total Cost": 45479.59,
                          "Plan Rows": 1658,
                          "Plan Width": 4,
                          "Actual Startup Time": 0.213,
                          "Actual Total Time": 75.599,
                          "Actual Rows": 1400,
                          "Actual Loops": 5,
                          "Filter": "((kind_id = 7) AND (production_year = 1960))",
                          "Rows Removed by Filter": 504263
                        },
                        {
                          "Node Type": "Index Only Scan",
                          "Parent Relationship": "Inner",
                          "Parallel Aware": false,
                          "Scan Direction": "Forward",
                          "Index Name": "movie_id_movie_info",
                          "Relation Name": "movie_info",
                          "Alias": "mi",
                          "Startup Cost": 0.43,
                          "Total Cost": 93.05,
                          "Plan Rows": 41,
                          "Plan Width": 4,
                          "Actual Startup Time": 0.008,
                          "Actual Total Time": 0.017,
                          "Actual Rows": 6,
                          "Actual Loops": 6999,
                          "Index Cond": "(movie_id = t.id)",
                          "Rows Removed by Index Recheck": 0,
                          "Heap Fetches": 40992
                        }
                      ]
                    },
                    {
                      "Node Type": "Index Scan",
                      "Parent Relationship": "Inner",
                      "Parallel Aware": false,
                      "Scan Direction": "Forward",
                      "Index Name": "movie_id_cast_info",
                      "Relation Name": "cast_info",
                      "Alias": "ci",
                      "Startup Cost": 0.56,
                      "Total Cost": 1.46,
                      "Plan Rows": 7,
                      "Plan Width": 4,
                      "Actual Startup Time": 0.01,
                      "Actual Total Time": 0.015,
                      "Actual Rows": 1,
                      "Actual Loops": 40992,
                      "Index Cond": "(movie_id = mi.movie_id)",
                      "Rows Removed by Index Recheck": 0,
                      "Filter": "((person_id > 1447605) AND (role_id = 1))",
                      "Rows Removed by Filter": 13
                    }
                  ]
                }
              ]
            }
          ]
        }
      ]
    },
    "Planning Time": 1.086,
    "Triggers": [],
    "Execution Time": 264.673
  }
]