[
  {
    "Plan": {
      "Node Type": "Aggregate",
      "Strategy": "Plain",
      "Partial Mode": "Finalize",
      "Parallel Aware": false,
      "Startup Cost": 181292.36,
      "Total Cost": 181292.37,
      "Plan Rows": 1,
      "Plan Width": 8,
      "Actual Startup Time": 561.737,
      "Actual Total Time": 606.754,
      "Actual Rows": 1,
      "Actual Loops": 1,
      "Plans": [
        {
          "Node Type": "Gather",
          "Parent Relationship": "Outer",
          "Parallel Aware": false,
          "Startup Cost": 181292.05,
          "Total Cost": 181292.36,
          "Plan Rows": 3,
          "Plan Width": 8,
          "Actual Startup Time": 559.58,
          "Actual Total Time": 606.744,
          "Actual Rows": 4,
          "Actual Loops": 1,
          "Workers Planned": 3,
          "Workers Launched": 3,
          "Single Copy": false,
          "Plans": [
            {
              "Node Type": "Aggregate",
              "Strategy": "Plain",
              "Partial Mode": "Partial",
              "Parent Relationship": "Outer",
              "Parallel Aware": false,
              "Startup Cost": 180292.05,
              "Total Cost": 180292.06,
              "Plan Rows": 1,
              "Plan Width": 8,
              "Actual Startup Time": 549.54,
              "Actual Total Time": 549.544,
              "Actual Rows": 1,
              "Actual Loops": 4,
              "Plans": [
                {
                  "Node Type": "Nested Loop",
                  "Parent Relationship": "Outer",
                  "Parallel Aware": false,
                  "Join Type": "Inner",
                  "Startup Cost": 47826.71,
                  "Total Cost": 180277.77,
                  "Plan Rows": 5710,
                  "Plan Width": 0,
                  "Actual Startup Time": 190.6,
                  "Actual Total Time": 548.53,
                  "Actual Rows": 9106,
                  "Actual Loops": 4,
                  "Inner Unique": false,
                  "Plans": [
                    {
                      "Node Type": "Hash Join",
                      "Parent Relationship": "Outer",
                      "Parallel Aware": true,
                      "Join Type": "Inner",
                      "Startup Cost": 47826.27,
                      "Total Cost": 79606.21,
                      "Plan Rows": 41321,
                      "Plan Width": 8,
                      "Actual Startup Time": 190.393,
                      "Actual Total Time": 261.379,
                      "Actual Rows": 20287,
                      "Actual Loops": 4,
                      "Inner Unique": true,
                      "Hash Cond": "(mc.movie_id = t.id)",
                      "Plans": [
                        {
                          "Node Type": "Seq Scan",
                          "Parent Relationship": "Outer",
                          "Parallel Aware": true,
                          "Relation Name": "movie_companies",
                          "Alias": "mc",
                          "Startup Cost": 0.0,
                          "Total Cost": 31414.82,
                          "Plan Rows": 139092,
                          "Plan Width": 4,
                          "Actual Startup Time": 11.88,
                          "Actual Total Time": 64.475,
                          "Actual Rows": 28778,
                          "Actual Loops": 4,
                          "Filter": "((company_id > 22131) AND (company_type_id < 2))",
                          "Rows Removed by Filter": 623505
                        },
                        {
                          "Node Type": "Hash",
                          "Parent Relationship": "Inner",
                          "Parallel Aware": true,
                          "Startup Cost": 45479.1,
                          "Total Cost": 45479.1,
                          "Plan Rows": 187774,
                          "Plan Width": 4,
                          "Actual Startup Time": 173.442,
                          "Actual Total Time": 173.443,
                          "Actual Rows": 162581,
                          "Actual Loops": 4,
                          "Hash Buckets": 1048576,
                          "Original Hash Buckets": 1048576,
                          "Hash Batches": 1,
                          "Original Hash Batches": 1,
                          "Peak Memory Usage": 33728,
                          "Plans": [
                            {
                              "Node Type": "Seq Scan",
                              "Parent Relationship": "Outer",
                              "Parallel Aware": true,
                              "Relation Name": "title",
                              "Alias": "t",
                              "Startup Cost": 0.0,
                              "Total Cost": 45479.1,
                              "Plan Rows": 187774,
                              "Plan Width": 4,
                              "Actual Startup Time": 0.038,
                              "Actual Total Time": 111.301,
                              "Actual Rows": 162581,
                              "Actual Loops": 4,
                              "Filter": "((kind_id < 7) AND (production_year > 1982))",
                              "Rows Removed by Filter": 469497
                            }
                          ]
                        }
                      ]
                    },
                    {
                      "Node Type": "Index Scan",
                      "Parent Relationship": "Inner",
                      "Parallel Aware": false,
                      "Scan Direction": "Forward",
                      "Index Name": "movie_id_movie_info",
                      "Relation Name": "movie_info",
                      "Alias": "mi",
                      "Startup Cost": 0.43,
                      "Total Cost": 2.43,
                      "Plan Rows": 1,
                      "Plan Width": 4,
                      "Actual Startup Time": 0.013,
                      "Actual Total Time": 0.014,
                      "Actual Rows": 0,
                      "Actual Loops": 81147,
                      "Index Cond": "(movie_id = t.id)",
                      "Rows Removed by Index Recheck": 0,
                      "Filter": "(info_type_id = 98)",
                      "Rows Removed by Filter": 24
                    }
                  ]
                }
              ]
            }
          ]
        }
      ]
    },
    "Planning Time": 1.489,
    "Triggers": [],
    "Execution Time": 606.855
  }
]