[
  {
    "Plan": {
      "Node Type": "Aggregate",
      "Strategy": "Plain",
      "Partial Mode": "Finalize",
      "Parallel Aware": false,
      "Startup Cost": 85295.78,
      "Total Cost": 85295.79,
      "Plan Rows": 1,
      "Plan Width": 8,
      "Actual Startup Time": 682.616,
      "Actual Total Time": 699.338,
      "Actual Rows": 1,
      "Actual Loops": 1,
      "Plans": [
        {
          "Node Type": "Gather",
          "Parent Relationship": "Outer",
          "Parallel Aware": false,
          "Startup Cost": 85295.47,
          "Total Cost": 85295.78,
          "Plan Rows": 3,
          "Plan Width": 8,
          "Actual Startup Time": 670.576,
          "Actual Total Time": 699.327,
          "Actual Rows": 4,
          "Actual Loops": 1,
          "Workers Planned": 3,
          "Workers Launched": 3,
          "Single Copy": false,
          "Plans": [
            {
              "Node Type": "Aggregate",
              "Strategy": "Plain",
              "Partial Mode": "Partial",
              "Parent Relationship": "Outer",
              "Parallel Aware": false,
              "Startup Cost": 84295.47,
              "Total Cost": 84295.48,
              "Plan Rows": 1,
              "Plan Width": 8,
              "Actual Startup Time": 651.697,
              "Actual Total Time": 651.7,
              "Actual Rows": 1,
              "Actual Loops": 4,
              "Plans": [
                {
                  "Node Type": "Hash Join",
                  "Parent Relationship": "Outer",
                  "Parallel Aware": true,
                  "Join Type": "Inner",
                  "Startup Cost": 51077.28,
                  "Total Cost": 82482.82,
                  "Plan Rows": 725059,
                  "Plan Width": 0,
                  "Actual Startup Time": 350.626,
                  "Actual Total Time": 628.454,
                  "Actual Rows": 528981,
                  "Actual Loops": 4,
                  "Inner Unique": true,
                  "Hash Cond": "(mc.movie_id = t.id)",
                  "Plans": [
                    {
                      "Node Type": "Seq Scan",
                      "Parent Relationship": "Outer",
                      "Parallel Aware": true,
                      "Relation Name": "movie_companies",
                      "Alias": "mc",
                      "Startup Cost": 0.0,
                      "Total Cost": 29310.68,
                      "Plan Rows": 798042,
                      "Plan Width": 4,
                      "Actual Startup Time": 0.022,
                      "Actual Total Time": 78.497,
                      "Actual Rows": 619385,
                      "Actual Loops": 4,
                      "Filter": "(company_id < 140499)",
                      "Rows Removed by Filter": 32897
                    },
                    {
                      "Node Type": "Hash",
                      "Parent Relationship": "Inner",
                      "Parallel Aware": true,
                      "Startup Cost": 43898.92,
                      "Total Cost": 43898.92,
                      "Plan Rows": 574269,
                      "Plan Width": 4,
                      "Actual Startup Time": 339.018,
                      "Actual Total Time": 339.019,
                      "Actual Rows": 573008,
                      "Actual Loops": 4,
                      "Hash Buckets": 4194304,
                      "Original Hash Buckets": 4194304,
                      "Hash Batches": 1,
                      "Original Hash Batches": 1,
                      "Peak Memory Usage": 122496,
                      "Plans": [
                        {
                          "Node Type": "Seq Scan",
                          "Parent Relationship": "Outer",
                          "Parallel Aware": true,
                          "Relation Name": "title",
                          "Alias": "t",
                          "Startup Cost": 0.0,
                          "Total Cost": 43898.92,
                          "Plan Rows": 574269,
                          "Plan Width": 4,
                          "Actual Startup Time": 0.038,
                          "Actual Total Time": 118.396,
                          "Actual Rows": 573008,
                          "Actual Loops": 4,
                          "Filter": "(production_year > 1949)",
                          "Rows Removed by Filter": 59070
                        }
                      ]
                    }
                  ]
                }
              ]
            }
          ]
        }
      ]
    },
    "Planning Time": 0.628,
    "Triggers": [],
    "Execution Time": 699.411
  }
]