[
  {
    "Plan": {
      "Node Type": "Aggregate",
      "Strategy": "Plain",
      "Partial Mode": "Finalize",
      "Parallel Aware": false,
      "Startup Cost": 73142.56,
      "Total Cost": 73142.57,
      "Plan Rows": 1,
      "Plan Width": 8,
      "Actual Startup Time": 196.128,
      "Actual Total Time": 212.056,
      "Actual Rows": 1,
      "Actual Loops": 1,
      "Plans": [
        {
          "Node Type": "Gather",
          "Parent Relationship": "Outer",
          "Parallel Aware": false,
          "Startup Cost": 73142.14,
          "Total Cost": 73142.55,
          "Plan Rows": 4,
          "Plan Width": 8,
          "Actual Startup Time": 195.022,
          "Actual Total Time": 212.047,
          "Actual Rows": 5,
          "Actual Loops": 1,
          "Workers Planned": 4,
          "Workers Launched": 4,
          "Single Copy": false,
          "Plans": [
            {
              "Node Type": "Aggregate",
              "Strategy": "Plain",
              "Partial Mode": "Partial",
              "Parent Relationship": "Outer",
              "Parallel Aware": false,
              "Startup Cost": 72142.14,
              "Total Cost": 72142.15,
              "Plan Rows": 1,
              "Plan Width": 8,
              "Actual Startup Time": 185.824,
              "Actual Total Time": 185.88,
              "Actual Rows": 1,
              "Actual Loops": 5,
              "Plans": [
                {
                  "Node Type": "Hash Join",
                  "Parent Relationship": "Outer",
                  "Parallel Aware": true,
                  "Join Type": "Inner",
                  "Startup Cost": 45754.78,
                  "Total Cost": 72121.64,
                  "Plan Rows": 8200,
                  "Plan Width": 0,
                  "Actual Startup Time": 106.858,
                  "Actual Total Time": 184.717,
                  "Actual Rows": 22466,
                  "Actual Loops": 5,
                  "Inner Unique": true,
                  "Hash Cond": "(ci.movie_id = t.id)",
                  "Plans": [
                    {
                      "Node Type": "Index Scan",
                      "Parent Relationship": "Outer",
                      "Parallel Aware": true,
                      "Scan Direction": "Forward",
                      "Index Name": "role_id_cast_info",
                      "Relation Name": "cast_info",
                      "Alias": "ci",
                      "Startup Cost": 0.56,
                      "Total Cost": 25748.09,
                      "Plan Rows": 235938,
                      "Plan Width": 4,
                      "Actual Startup Time": 0.093,
                      "Actual Total Time": 37.446,
                      "Actual Rows": 179678,
                      "Actual Loops": 5,
                      "Index Cond": "(role_id = 5)",
                      "Rows Removed by Index Recheck": 0
                    },
                    {
                      "Node Type": "Hash",
                      "Parent Relationship": "Inner",
                      "Parallel Aware": true,
                      "Startup Cost": 45479.59,
                      "Total Cost": 45479.59,
                      "Plan Rows": 21970,
                      "Plan Width": 4,
                      "Actual Startup Time": 105.541,
                      "Actual Total Time": 105.542,
                      "Actual Rows": 44431,
                      "Actual Loops": 5,
                      "Hash Buckets": 262144,
                      "Original Hash Buckets": 131072,
                      "Hash Batches": 1,
                      "Original Hash Batches": 1,
                      "Peak Memory Usage": 11808,
                      "Plans": [
                        {
                          "Node Type": "Seq Scan",
                          "Parent Relationship": "Outer",
                          "Parallel Aware": true,
                          "Relation Name": "title",
                          "Alias": "t",
                          "Startup Cost": 0.0,
                          "Total Cost": 45479.59,
                          "Plan Rows": 21970,
                          "Plan Width": 4,
                          "Actual Startup Time": 53.863,
                          "Actual Total Time": 87.189,
                          "Actual Rows": 44431,
                          "Actual Loops": 5,
                          "Filter": "((production_year < 1969) AND (kind_id = 1))",
                          "Rows Removed by Filter": 461232
                        }
                      ]
                    }
                  ]
                }
              ]
            }
          ]
        }
      ]
    },
    "Planning Time": 0.399,
    "Triggers": [],
    "Execution Time": 212.11
  }
]