{
    "Plan": {
        "Node Type": "Aggregate",
        "Strategy": "Plain",
        "Partial Mode": "Finalize",
        "Parallel Aware": false,
        "Startup Cost": 734538.87,
        "Total Cost": 734538.88,
        "Plan Rows": 1,
        "Plan Width": 8,
        "Actual Startup Time": 10770.559,
        "Actual Total Time": 10907.401,
        "Actual Rows": 1,
        "Actual Loops": 1,
        "Output": [
            "count(*)"
        ],
        "Plans": [
            {
                "Node Type": "Gather",
                "Parent Relationship": "Outer",
                "Parallel Aware": false,
                "Startup Cost": 734538.25,
                "Total Cost": 734538.86,
                "Plan Rows": 6,
                "Plan Width": 8,
                "Actual Startup Time": 10629.694,
                "Actual Total Time": 10907.366,
                "Actual Rows": 7,
                "Actual Loops": 1,
                "Output": [
                    "(PARTIAL count(*))"
                ],
                "Workers Planned": 6,
                "Workers Launched": 6,
                "Single Copy": false,
                "Plans": [
                    {
                        "Node Type": "Aggregate",
                        "Strategy": "Plain",
                        "Partial Mode": "Partial",
                        "Parent Relationship": "Outer",
                        "Parallel Aware": false,
                        "Startup Cost": 733538.25,
                        "Total Cost": 733538.26,
                        "Plan Rows": 1,
                        "Plan Width": 8,
                        "Actual Startup Time": 10576.709,
                        "Actual Total Time": 10578.144,
                        "Actual Rows": 1,
                        "Actual Loops": 7,
                        "Output": [
                            "PARTIAL count(*)"
                        ],
                        "Workers": [
                            {
                                "Worker Number": 0,
                                "Actual Startup Time": 10565.088,
                                "Actual Total Time": 10565.093,
                                "Actual Rows": 1,
                                "Actual Loops": 1
                            },
                            {
                                "Worker Number": 1,
                                "Actual Startup Time": 10565.084,
                                "Actual Total Time": 10565.089,
                                "Actual Rows": 1,
                                "Actual Loops": 1
                            },
                            {
                                "Worker Number": 2,
                                "Actual Startup Time": 10565.141,
                                "Actual Total Time": 10565.147,
                                "Actual Rows": 1,
                                "Actual Loops": 1
                            },
                            {
                                "Worker Number": 3,
                                "Actual Startup Time": 10565.263,
                                "Actual Total Time": 10565.268,
                                "Actual Rows": 1,
                                "Actual Loops": 1
                            },
                            {
                                "Worker Number": 4,
                                "Actual Startup Time": 10582.396,
                                "Actual Total Time": 10582.403,
                                "Actual Rows": 1,
                                "Actual Loops": 1
                            },
                            {
                                "Worker Number": 5,
                                "Actual Startup Time": 10565.333,
                                "Actual Total Time": 10565.339,
                                "Actual Rows": 1,
                                "Actual Loops": 1
                            }
                        ],
                        "Plans": [
                            {
                                "Node Type": "Hash Join",
                                "Parent Relationship": "Outer",
                                "Parallel Aware": true,
                                "Join Type": "Inner",
                                "Startup Cost": 286357.17,
                                "Total Cost": 686929.46,
                                "Plan Rows": 18643513,
                                "Plan Width": 0,
                                "Actual Startup Time": 2849.371,
                                "Actual Total Time": 9411.171,
                                "Actual Rows": 27936042,
                                "Actual Loops": 7,
                                "Inner Unique": false,
                                "Hash Cond": "(ci.movie_id = t.id)",
                                "Workers": [
                                    {
                                        "Worker Number": 0,
                                        "Actual Startup Time": 2840.201,
                                        "Actual Total Time": 9339.833,
                                        "Actual Rows": 28307633,
                                        "Actual Loops": 1
                                    },
                                    {
                                        "Worker Number": 1,
                                        "Actual Startup Time": 2840.207,
                                        "Actual Total Time": 9345.978,
                                        "Actual Rows": 27801710,
                                        "Actual Loops": 1
                                    },
                                    {
                                        "Worker Number": 2,
                                        "Actual Startup Time": 2840.301,
                                        "Actual Total Time": 9424.851,
                                        "Actual Rows": 25432885,
                                        "Actual Loops": 1
                                    },
                                    {
                                        "Worker Number": 3,
                                        "Actual Startup Time": 2840.386,
                                        "Actual Total Time": 9393.663,
                                        "Actual Rows": 30787049,
                                        "Actual Loops": 1
                                    },
                                    {
                                        "Worker Number": 4,
                                        "Actual Startup Time": 2840.258,
                                        "Actual Total Time": 9524.385,
                                        "Actual Rows": 27404905,
                                        "Actual Loops": 1
                                    },
                                    {
                                        "Worker Number": 5,
                                        "Actual Startup Time": 2840.456,
                                        "Actual Total Time": 9403.96,
                                        "Actual Rows": 30506668,
                                        "Actual Loops": 1
                                    }
                                ],
                                "Plans": [
                                    {
                                        "Node Type": "Seq Scan",
                                        "Parent Relationship": "Outer",
                                        "Parallel Aware": true,
                                        "Relation Name": "cast_info",
                                        "Schema": "public",
                                        "Alias": "ci",
                                        "Startup Cost": 0.0,
                                        "Total Cost": 343318.94,
                                        "Plan Rows": 3194612,
                                        "Plan Width": 4,
                                        "Actual Startup Time": 107.888,
                                        "Actual Total Time": 712.573,
                                        "Actual Rows": 2556937,
                                        "Actual Loops": 7,
                                        "Output": [
                                            "ci.id",
                                            "ci.person_id",
                                            "ci.movie_id",
                                            "ci.person_role_id",
                                            "ci.note",
                                            "ci.nr_order",
                                            "ci.role_id"
                                        ],
                                        "Filter": "((ci.person_id > 759589) AND (ci.role_id < 4))",
                                        "Rows Removed by Filter": 2620827,
                                        "Workers": [
                                            {
                                                "Worker Number": 0,
                                                "Actual Startup Time": 107.905,
                                                "Actual Total Time": 735.179,
                                                "Actual Rows": 2595939,
                                                "Actual Loops": 1
                                            },
                                            {
                                                "Worker Number": 1,
                                                "Actual Startup Time": 107.875,
                                                "Actual Total Time": 737.221,
                                                "Actual Rows": 2572703,
                                                "Actual Loops": 1
                                            },
                                            {
                                                "Worker Number": 2,
                                                "Actual Startup Time": 107.842,
                                                "Actual Total Time": 725.317,
                                                "Actual Rows": 2333373,
                                                "Actual Loops": 1
                                            },
                                            {
                                                "Worker Number": 3,
                                                "Actual Startup Time": 107.899,
                                                "Actual Total Time": 721.385,
                                                "Actual Rows": 2794054,
                                                "Actual Loops": 1
                                            },
                                            {
                                                "Worker Number": 4,
                                                "Actual Startup Time": 107.903,
                                                "Actual Total Time": 709.694,
                                                "Actual Rows": 2494540,
                                                "Actual Loops": 1
                                            },
                                            {
                                                "Worker Number": 5,
                                                "Actual Startup Time": 107.898,
                                                "Actual Total Time": 721.193,
                                                "Actual Rows": 2774527,
                                                "Actual Loops": 1
                                            }
                                        ]
                                    },
                                    {
                                        "Node Type": "Hash",
                                        "Parent Relationship": "Inner",
                                        "Parallel Aware": true,
                                        "Startup Cost": 249469.43,
                                        "Total Cost": 249469.43,
                                        "Plan Rows": 2951019,
                                        "Plan Width": 8,
                                        "Actual Startup Time": 2719.015,
                                        "Actual Total Time": 2720.448,
                                        "Actual Rows": 2119389,
                                        "Actual Loops": 7,
                                        "Output": [
                                            "t.id",
                                            "mi.movie_id"
                                        ],
                                        "Hash Buckets": 16777216,
                                        "Original Hash Buckets": 16777216,
                                        "Hash Batches": 1,
                                        "Original Hash Batches": 1,
                                        "Peak Memory Usage": 711584,
                                        "Workers": [
                                            {
                                                "Worker Number": 0,
                                                "Actual Startup Time": 2731.643,
                                                "Actual Total Time": 2731.647,
                                                "Actual Rows": 1927569,
                                                "Actual Loops": 1
                                            },
                                            {
                                                "Worker Number": 1,
                                                "Actual Startup Time": 2731.641,
                                                "Actual Total Time": 2731.645,
                                                "Actual Rows": 1911455,
                                                "Actual Loops": 1
                                            },
                                            {
                                                "Worker Number": 2,
                                                "Actual Startup Time": 2731.553,
                                                "Actual Total Time": 2731.557,
                                                "Actual Rows": 1771951,
                                                "Actual Loops": 1
                                            },
                                            {
                                                "Worker Number": 3,
                                                "Actual Startup Time": 2731.849,
                                                "Actual Total Time": 2731.852,
                                                "Actual Rows": 2559891,
                                                "Actual Loops": 1
                                            },
                                            {
                                                "Worker Number": 4,
                                                "Actual Startup Time": 2731.643,
                                                "Actual Total Time": 2731.648,
                                                "Actual Rows": 2193402,
                                                "Actual Loops": 1
                                            },
                                            {
                                                "Worker Number": 5,
                                                "Actual Startup Time": 2731.889,
                                                "Actual Total Time": 2731.893,
                                                "Actual Rows": 2532607,
                                                "Actual Loops": 1
                                            }
                                        ],
                                        "Plans": [
                                            {
                                                "Node Type": "Hash Join",
                                                "Parent Relationship": "Outer",
                                                "Parallel Aware": true,
                                                "Join Type": "Inner",
                                                "Startup Cost": 50219.81,
                                                "Total Cost": 249469.43,
                                                "Plan Rows": 2951019,
                                                "Plan Width": 8,
                                                "Actual Startup Time": 298.43,
                                                "Actual Total Time": 1600.279,
                                                "Actual Rows": 2119389,
                                                "Actual Loops": 7,
                                                "Output": [
                                                    "t.id",
                                                    "mi.movie_id"
                                                ],
                                                "Inner Unique": true,
                                                "Hash Cond": "(mi.movie_id = t.id)",
                                                "Workers": [
                                                    {
                                                        "Worker Number": 0,
                                                        "Actual Startup Time": 298.437,
                                                        "Actual Total Time": 1606.331,
                                                        "Actual Rows": 1927569,
                                                        "Actual Loops": 1
                                                    },
                                                    {
                                                        "Worker Number": 1,
                                                        "Actual Startup Time": 298.405,
                                                        "Actual Total Time": 1609.038,
                                                        "Actual Rows": 1911455,
                                                        "Actual Loops": 1
                                                    },
                                                    {
                                                        "Worker Number": 2,
                                                        "Actual Startup Time": 298.394,
                                                        "Actual Total Time": 1609.293,
                                                        "Actual Rows": 1771951,
                                                        "Actual Loops": 1
                                                    },
                                                    {
                                                        "Worker Number": 3,
                                                        "Actual Startup Time": 298.378,
                                                        "Actual Total Time": 1599.603,
                                                        "Actual Rows": 2559891,
                                                        "Actual Loops": 1
                                                    },
                                                    {
                                                        "Worker Number": 4,
                                                        "Actual Startup Time": 298.362,
                                                        "Actual Total Time": 1600.305,
                                                        "Actual Rows": 2193402,
                                                        "Actual Loops": 1
                                                    },
                                                    {
                                                        "Worker Number": 5,
                                                        "Actual Startup Time": 298.347,
                                                        "Actual Total Time": 1599.86,
                                                        "Actual Rows": 2532607,
                                                        "Actual Loops": 1
                                                    }
                                                ],
                                                "Plans": [
                                                    {
                                                        "Node Type": "Seq Scan",
                                                        "Parent Relationship": "Outer",
                                                        "Parallel Aware": true,
                                                        "Relation Name": "movie_info",
                                                        "Schema": "public",
                                                        "Alias": "mi",
                                                        "Startup Cost": 0.0,
                                                        "Total Cost": 191503.19,
                                                        "Plan Rows": 2951019,
                                                        "Plan Width": 4,
                                                        "Actual Startup Time": 0.04,
                                                        "Actual Total Time": 336.388,
                                                        "Actual Rows": 2119389,
                                                        "Actual Loops": 7,
                                                        "Output": [
                                                            "mi.id",
                                                            "mi.movie_id",
                                                            "mi.info_type_id",
                                                            "mi.info",
                                                            "mi.note"
                                                        ],
                                                        "Workers": [
                                                            {
                                                                "Worker Number": 0,
                                                                "Actual Startup Time": 0.057,
                                                                "Actual Total Time": 365.504,
                                                                "Actual Rows": 1927569,
                                                                "Actual Loops": 1
                                                            },
                                                            {
                                                                "Worker Number": 1,
                                                                "Actual Startup Time": 0.045,
                                                                "Actual Total Time": 364.426,
                                                                "Actual Rows": 1911455,
                                                                "Actual Loops": 1
                                                            },
                                                            {
                                                                "Worker Number": 2,
                                                                "Actual Startup Time": 0.047,
                                                                "Actual Total Time": 364.407,
                                                                "Actual Rows": 1771951,
                                                                "Actual Loops": 1
                                                            },
                                                            {
                                                                "Worker Number": 3,
                                                                "Actual Startup Time": 0.037,
                                                                "Actual Total Time": 331.172,
                                                                "Actual Rows": 2559891,
                                                                "Actual Loops": 1
                                                            },
                                                            {
                                                                "Worker Number": 4,
                                                                "Actual Startup Time": 0.041,
                                                                "Actual Total Time": 337.025,
                                                                "Actual Rows": 2193402,
                                                                "Actual Loops": 1
                                                            },
                                                            {
                                                                "Worker Number": 5,
                                                                "Actual Startup Time": 0.037,
                                                                "Actual Total Time": 331.351,
                                                                "Actual Rows": 2532607,
                                                                "Actual Loops": 1
                                                            }
                                                        ]
                                                    },
                                                    {
                                                        "Node Type": "Hash",
                                                        "Parent Relationship": "Inner",
                                                        "Parallel Aware": true,
                                                        "Startup Cost": 42318.81,
                                                        "Total Cost": 42318.81,
                                                        "Plan Rows": 632080,
                                                        "Plan Width": 4,
                                                        "Actual Startup Time": 293.232,
                                                        "Actual Total Time": 293.233,
                                                        "Actual Rows": 361187,
                                                        "Actual Loops": 7,
                                                        "Output": [
                                                            "t.id"
                                                        ],
                                                        "Hash Buckets": 4194304,
                                                        "Original Hash Buckets": 4194304,
                                                        "Hash Batches": 1,
                                                        "Original Hash Batches": 1,
                                                        "Peak Memory Usage": 131776,
                                                        "Workers": [
                                                            {
                                                                "Worker Number": 0,
                                                                "Actual Startup Time": 298.239,
                                                                "Actual Total Time": 298.24,
                                                                "Actual Rows": 322798,
                                                                "Actual Loops": 1
                                                            },
                                                            {
                                                                "Worker Number": 1,
                                                                "Actual Startup Time": 298.232,
                                                                "Actual Total Time": 298.234,
                                                                "Actual Rows": 321656,
                                                                "Actual Loops": 1
                                                            },
                                                            {
                                                                "Worker Number": 2,
                                                                "Actual Startup Time": 298.236,
                                                                "Actual Total Time": 298.237,
                                                                "Actual Rows": 299426,
                                                                "Actual Loops": 1
                                                            },
                                                            {
                                                                "Worker Number": 3,
                                                                "Actual Startup Time": 298.131,
                                                                "Actual Total Time": 298.132,
                                                                "Actual Rows": 418816,
                                                                "Actual Loops": 1
                                                            },
                                                            {
                                                                "Worker Number": 4,
                                                                "Actual Startup Time": 298.198,
                                                                "Actual Total Time": 298.2,
                                                                "Actual Rows": 353895,
                                                                "Actual Loops": 1
                                                            },
                                                            {
                                                                "Worker Number": 5,
                                                                "Actual Startup Time": 298.12,
                                                                "Actual Total Time": 298.121,
                                                                "Actual Rows": 421212,
                                                                "Actual Loops": 1
                                                            }
                                                        ],
                                                        "Plans": [
                                                            {
                                                                "Node Type": "Seq Scan",
                                                                "Parent Relationship": "Outer",
                                                                "Parallel Aware": true,
                                                                "Relation Name": "title",
                                                                "Schema": "public",
                                                                "Alias": "t",
                                                                "Startup Cost": 0.0,
                                                                "Total Cost": 42318.81,
                                                                "Plan Rows": 632080,
                                                                "Plan Width": 4,
                                                                "Actual Startup Time": 0.091,
                                                                "Actual Total Time": 79.983,
                                                                "Actual Rows": 361187,
                                                                "Actual Loops": 7,
                                                                "Output": [
                                                                    "t.id"
                                                                ],
                                                                "Workers": [
                                                                    {
                                                                        "Worker Number": 0,
                                                                        "Actual Startup Time": 0.088,
                                                                        "Actual Total Time": 84.311,
                                                                        "Actual Rows": 322798,
                                                                        "Actual Loops": 1
                                                                    },
                                                                    {
                                                                        "Worker Number": 1,
                                                                        "Actual Startup Time": 0.096,
                                                                        "Actual Total Time": 84.211,
                                                                        "Actual Rows": 321656,
                                                                        "Actual Loops": 1
                                                                    },
                                                                    {
                                                                        "Worker Number": 2,
                                                                        "Actual Startup Time": 0.129,
                                                                        "Actual Total Time": 86.215,
                                                                        "Actual Rows": 299426,
                                                                        "Actual Loops": 1
                                                                    },
                                                                    {
                                                                        "Worker Number": 3,
                                                                        "Actual Startup Time": 0.083,
                                                                        "Actual Total Time": 78.332,
                                                                        "Actual Rows": 418816,
                                                                        "Actual Loops": 1
                                                                    },
                                                                    {
                                                                        "Worker Number": 4,
                                                                        "Actual Startup Time": 0.127,
                                                                        "Actual Total Time": 81.158,
                                                                        "Actual Rows": 353895,
                                                                        "Actual Loops": 1
                                                                    },
                                                                    {
                                                                        "Worker Number": 5,
                                                                        "Actual Startup Time": 0.089,
                                                                        "Actual Total Time": 79.023,
                                                                        "Actual Rows": 421212,
                                                                        "Actual Loops": 1
                                                                    }
                                                                ]
                                                            }
                                                        ]
                                                    }
                                                ]
                                            }
                                        ]
                                    }
                                ]
                            }
                        ]
                    }
                ]
            }
        ]
    },
    "Planning Time": 1.58,
    "Triggers": [],
    "Execution Time": 10907.505
}