{
  "Plan": {
    "Node Type": "Aggregate",
    "Strategy": "Plain",
    "Partial Mode": "Finalize",
    "Parallel Aware": false,
    "Startup Cost": 96705.38,
    "Total Cost": 96705.39,
    "Plan Rows": 1,
    "Plan Width": 8,
    "Actual Startup Time": 311.418,
    "Actual Total Time": 323.647,
    "Actual Rows": 1,
    "Actual Loops": 1,
    "Plans": [
      {
        "Node Type": "Gather",
        "Parent Relationship": "Outer",
        "Parallel Aware": false,
        "Startup Cost": 96705.27,
        "Total Cost": 96705.38,
        "Plan Rows": 1,
        "Plan Width": 8,
        "Actual Startup Time": 311.297,
        "Actual Total Time": 323.63,
        "Actual Rows": 2,
        "Actual Loops": 1,
        "Workers Planned": 1,
        "Workers Launched": 1,
        "Single Copy": false,
        "Plans": [
          {
            "Node Type": "Aggregate",
            "Strategy": "Plain",
            "Partial Mode": "Partial",
            "Parent Relationship": "Outer",
            "Parallel Aware": false,
            "Startup Cost": 95705.27,
            "Total Cost": 95705.28,
            "Plan Rows": 1,
            "Plan Width": 8,
            "Actual Startup Time": 307.06,
            "Actual Total Time": 307.063,
            "Actual Rows": 1,
            "Actual Loops": 2,
            "Plans": [
              {
                "Node Type": "Hash Join",
                "Parent Relationship": "Outer",
                "Parallel Aware": true,
                "Join Type": "Inner",
                "Startup Cost": 54650.98,
                "Total Cost": 95695.43,
                "Plan Rows": 3937,
                "Plan Width": 0,
                "Actual Startup Time": 159.21,
                "Actual Total Time": 306.688,
                "Actual Rows": 7226,
                "Actual Loops": 2,
                "Inner Unique": true,
                "Hash Cond": "(mc.movie_id = t.id)",
                "Plans": [
                  {
                    "Node Type": "Seq Scan",
                    "Parent Relationship": "Outer",
                    "Parallel Aware": true,
                    "Relation Name": "movie_companies",
                    "Alias": "mc",
                    "Startup Cost": 0.0,
                    "Total Cost": 37974.77,
                    "Plan Rows": 1169401,
                    "Plan Width": 4,
                    "Actual Startup Time": 0.013,
                    "Actual Total Time": 114.947,
                    "Actual Rows": 987959,
                    "Actual Loops": 2,
                    "Filter": "(company_id < 58824)",
                    "Rows Removed by Filter": 316606
                  },
                  {
                    "Node Type": "Hash",
                    "Parent Relationship": "Inner",
                    "Parallel Aware": true,
                    "Startup Cost": 54588.39,
                    "Total Cost": 54588.39,
                    "Plan Rows": 5007,
                    "Plan Width": 4,
                    "Actual Startup Time": 124.779,
                    "Actual Total Time": 124.78,
                    "Actual Rows": 4451,
                    "Actual Loops": 2,
                    "Hash Buckets": 16384,
                    "Original Hash Buckets": 16384,
                    "Hash Batches": 1,
                    "Original Hash Batches": 1,
                    "Peak Memory Usage": 512,
                    "Plans": [
                      {
                        "Node Type": "Seq Scan",
                        "Parent Relationship": "Outer",
                        "Parallel Aware": true,
                        "Relation Name": "title",
                        "Alias": "t",
                        "Startup Cost": 0.0,
                        "Total Cost": 54588.39,
                        "Plan Rows": 5007,
                        "Plan Width": 4,
                        "Actual Startup Time": 84.232,
                        "Actual Total Time": 123.486,
                        "Actual Rows": 4451,
                        "Actual Loops": 2,
                        "Filter": "(production_year = 1913)",
                        "Rows Removed by Filter": 1259705
                      }
                    ]
                  }
                ]
              }
            ]
          }
        ]
      }
    ]
  },
  "Planning Time": 0.477,
  "Triggers": [],
  "Execution Time": 323.714
}