[
  {
    "Plan": {
      "Node Type": "Aggregate",
      "Strategy": "Plain",
      "Partial Mode": "Finalize",
      "Parallel Aware": false,
      "Startup Cost": 468434.65,
      "Total Cost": 468434.66,
      "Plan Rows": 1,
      "Plan Width": 8,
      "Actual Startup Time": 1862.572,
      "Actual Total Time": 1961.791,
      "Actual Rows": 1,
      "Actual Loops": 1,
      "Plans": [
        {
          "Node Type": "Gather",
          "Parent Relationship": "Outer",
          "Parallel Aware": false,
          "Startup Cost": 468434.03,
          "Total Cost": 468434.64,
          "Plan Rows": 6,
          "Plan Width": 8,
          "Actual Startup Time": 1860.413,
          "Actual Total Time": 1961.758,
          "Actual Rows": 7,
          "Actual Loops": 1,
          "Workers Planned": 6,
          "Workers Launched": 6,
          "Single Copy": false,
          "Plans": [
            {
              "Node Type": "Aggregate",
              "Strategy": "Plain",
              "Partial Mode": "Partial",
              "Parent Relationship": "Outer",
              "Parallel Aware": false,
              "Startup Cost": 467434.03,
              "Total Cost": 467434.04,
              "Plan Rows": 1,
              "Plan Width": 8,
              "Actual Startup Time": 1849.202,
              "Actual Total Time": 1849.206,
              "Actual Rows": 1,
              "Actual Loops": 7,
              "Plans": [
                {
                  "Node Type": "Nested Loop",
                  "Parent Relationship": "Outer",
                  "Parallel Aware": false,
                  "Join Type": "Inner",
                  "Startup Cost": 44654.15,
                  "Total Cost": 467135.06,
                  "Plan Rows": 119586,
                  "Plan Width": 0,
                  "Actual Startup Time": 90.075,
                  "Actual Total Time": 1822.509,
                  "Actual Rows": 476102,
                  "Actual Loops": 7,
                  "Inner Unique": false,
                  "Join Filter": "(t.id = mi.movie_id)",
                  "Rows Removed by Join Filter": 0,
                  "Plans": [
                    {
                      "Node Type": "Hash Join",
                      "Parent Relationship": "Outer",
                      "Parallel Aware": true,
                      "Join Type": "Inner",
                      "Startup Cost": 44653.72,
                      "Total Cost": 389069.26,
                      "Plan Rows": 42162,
                      "Plan Width": 8,
                      "Actual Startup Time": 89.981,
                      "Actual Total Time": 855.029,
                      "Actual Rows": 51452,
                      "Actual Loops": 7,
                      "Inner Unique": true,
                      "Hash Cond": "(ci.movie_id = t.id)",
                      "Plans": [
                        {
                          "Node Type": "Seq Scan",
                          "Parent Relationship": "Outer",
                          "Parallel Aware": true,
                          "Relation Name": "cast_info",
                          "Alias": "ci",
                          "Startup Cost": 0.0,
                          "Total Cost": 343257.03,
                          "Plan Rows": 441338,
                          "Plan Width": 4,
                          "Actual Startup Time": 0.022,
                          "Actual Total Time": 614.426,
                          "Actual Rows": 517702,
                          "Actual Loops": 7,
                          "Filter": "((person_id < 484610) AND (role_id < 3))",
                          "Rows Removed by Filter": 4660062
                        },
                        {
                          "Node Type": "Hash",
                          "Parent Relationship": "Inner",
                          "Parallel Aware": true,
                          "Startup Cost": 43898.92,
                          "Total Cost": 43898.92,
                          "Plan Rows": 60384,
                          "Plan Width": 4,
                          "Actual Startup Time": 88.222,
                          "Actual Total Time": 88.223,
                          "Actual Rows": 36074,
                          "Actual Loops": 7,
                          "Hash Buckets": 262144,
                          "Original Hash Buckets": 262144,
                          "Hash Batches": 1,
                          "Original Hash Batches": 1,
                          "Peak Memory Usage": 12032,
                          "Plans": [
                            {
                              "Node Type": "Seq Scan",
                              "Parent Relationship": "Outer",
                              "Parallel Aware": true,
                              "Relation Name": "title",
                              "Alias": "t",
                              "Startup Cost": 0.0,
                              "Total Cost": 43898.92,
                              "Plan Rows": 60384,
                              "Plan Width": 4,
                              "Actual Startup Time": 0.057,
                              "Actual Total Time": 73.891,
                              "Actual Rows": 36074,
                              "Actual Loops": 7,
                              "Filter": "(production_year < 1961)",
                              "Rows Removed by Filter": 325113
                            }
                          ]
                        }
                      ]
                    },
                    {
                      "Node Type": "Index Scan",
                      "Parent Relationship": "Inner",
                      "Parallel Aware": false,
                      "Scan Direction": "Forward",
                      "Index Name": "movie_id_movie_info",
                      "Relation Name": "movie_info",
                      "Alias": "mi",
                      "Startup Cost": 0.43,
                      "Total Cost": 1.6,
                      "Plan Rows": 20,
                      "Plan Width": 4,
                      "Actual Startup Time": 0.006,
                      "Actual Total Time": 0.018,
                      "Actual Rows": 9,
                      "Actual Loops": 360161,
                      "Index Cond": "(movie_id = ci.movie_id)",
                      "Rows Removed by Index Recheck": 0,
                      "Filter": "(info_type_id < 8)",
                      "Rows Removed by Filter": 10
                    }
                  ]
                }
              ]
            }
          ]
        }
      ]
    },
    "Planning Time": 1.366,
    "Triggers": [],
    "Execution Time": 1961.9
  }
]