[
  {
    "Plan": {
      "Node Type": "Aggregate",
      "Strategy": "Plain",
      "Partial Mode": "Finalize",
      "Parallel Aware": false,
      "Startup Cost": 46930.68,
      "Total Cost": 46930.69,
      "Plan Rows": 1,
      "Plan Width": 8,
      "Actual Startup Time": 171.518,
      "Actual Total Time": 180.149,
      "Actual Rows": 1,
      "Actual Loops": 1,
      "Plans": [
        {
          "Node Type": "Gather",
          "Parent Relationship": "Outer",
          "Parallel Aware": false,
          "Startup Cost": 46930.36,
          "Total Cost": 46930.67,
          "Plan Rows": 3,
          "Plan Width": 8,
          "Actual Startup Time": 171.405,
          "Actual Total Time": 180.14,
          "Actual Rows": 4,
          "Actual Loops": 1,
          "Workers Planned": 3,
          "Workers Launched": 3,
          "Single Copy": false,
          "Plans": [
            {
              "Node Type": "Aggregate",
              "Strategy": "Plain",
              "Partial Mode": "Partial",
              "Parent Relationship": "Outer",
              "Parallel Aware": false,
              "Startup Cost": 45930.36,
              "Total Cost": 45930.37,
              "Plan Rows": 1,
              "Plan Width": 8,
              "Actual Startup Time": 164.334,
              "Actual Total Time": 164.336,
              "Actual Rows": 1,
              "Actual Loops": 4,
              "Plans": [
                {
                  "Node Type": "Seq Scan",
                  "Parent Relationship": "Outer",
                  "Parallel Aware": true,
                  "Relation Name": "movie_keyword",
                  "Alias": "mk",
                  "Startup Cost": 0.0,
                  "Total Cost": 42695.65,
                  "Plan Rows": 1293884,
                  "Plan Width": 0,
                  "Actual Startup Time": 0.054,
                  "Actual Total Time": 121.689,
                  "Actual Rows": 1006198,
                  "Actual Loops": 4,
                  "Filter": "(keyword_id < 36137)",
                  "Rows Removed by Filter": 124784
                }
              ]
            }
          ]
        }
      ]
    },
    "Planning Time": 0.262,
    "Triggers": [],
    "Execution Time": 180.203
  }
]