{
  "Plan": {
    "Node Type": "Aggregate",
    "Strategy": "Plain",
    "Partial Mode": "Finalize",
    "Parallel Aware": false,
    "Startup Cost": 159004.76,
    "Total Cost": 159004.77,
    "Plan Rows": 1,
    "Plan Width": 8,
    "Actual Startup Time": 509.299,
    "Actual Total Time": 524.252,
    "Actual Rows": 1,
    "Actual Loops": 1,
    "Plans": [
      {
        "Node Type": "Gather",
        "Parent Relationship": "Outer",
        "Parallel Aware": false,
        "Startup Cost": 159004.65,
        "Total Cost": 159004.76,
        "Plan Rows": 1,
        "Plan Width": 8,
        "Actual Startup Time": 507.846,
        "Actual Total Time": 524.246,
        "Actual Rows": 2,
        "Actual Loops": 1,
        "Workers Planned": 1,
        "Workers Launched": 1,
        "Single Copy": false,
        "Plans": [
          {
            "Node Type": "Aggregate",
            "Strategy": "Plain",
            "Partial Mode": "Partial",
            "Parent Relationship": "Outer",
            "Parallel Aware": false,
            "Startup Cost": 158004.65,
            "Total Cost": 158004.66,
            "Plan Rows": 1,
            "Plan Width": 8,
            "Actual Startup Time": 500.413,
            "Actual Total Time": 500.419,
            "Actual Rows": 1,
            "Actual Loops": 2,
            "Plans": [
              {
                "Node Type": "Merge Join",
                "Parent Relationship": "Outer",
                "Parallel Aware": false,
                "Join Type": "Inner",
                "Startup Cost": 155262.97,
                "Total Cost": 157952.59,
                "Plan Rows": 20825,
                "Plan Width": 0,
                "Actual Startup Time": 498.332,
                "Actual Total Time": 500.35,
                "Actual Rows": 1504,
                "Actual Loops": 2,
                "Inner Unique": false,
                "Merge Cond": "(t.id = mc.movie_id)",
                "Plans": [
                  {
                    "Node Type": "Sort",
                    "Parent Relationship": "Outer",
                    "Parallel Aware": false,
                    "Startup Cost": 93234.54,
                    "Total Cost": 93618.43,
                    "Plan Rows": 153557,
                    "Plan Width": 8,
                    "Actual Startup Time": 360.551,
                    "Actual Total Time": 362.456,
                    "Actual Rows": 57927,
                    "Actual Loops": 2,
                    "Sort Key": [
                      "mi_idx.movie_id"
                    ],
                    "Sort Method": "quicksort",
                    "Sort Space Used": 4326,
                    "Sort Space Type": "Memory",
                    "Workers": [
                      {
                        "Worker Number": 0,
                        "Sort Method": "quicksort",
                        "Sort Space Used": 4178,
                        "Sort Space Type": "Memory"
                      }
                    ],
                    "Plans": [
                      {
                        "Node Type": "Hash Join",
                        "Parent Relationship": "Outer",
                        "Parallel Aware": true,
                        "Join Type": "Inner",
                        "Startup Cost": 61823.03,
                        "Total Cost": 80006.82,
                        "Plan Rows": 153557,
                        "Plan Width": 8,
                        "Actual Startup Time": 213.797,
                        "Actual Total Time": 350.548,
                        "Actual Rows": 57927,
                        "Actual Loops": 2,
                        "Inner Unique": true,
                        "Hash Cond": "(mi_idx.movie_id = t.id)",
                        "Plans": [
                          {
                            "Node Type": "Seq Scan",
                            "Parent Relationship": "Outer",
                            "Parallel Aware": true,
                            "Relation Name": "movie_info_idx",
                            "Alias": "mi_idx",
                            "Startup Cost": 0.0,
                            "Total Cost": 16052.85,
                            "Plan Rows": 811785,
                            "Plan Width": 4,
                            "Actual Startup Time": 0.018,
                            "Actual Total Time": 47.164,
                            "Actual Rows": 690018,
                            "Actual Loops": 2
                          },
                          {
                            "Node Type": "Hash",
                            "Parent Relationship": "Inner",
                            "Parallel Aware": true,
                            "Startup Cost": 58306.47,
                            "Total Cost": 58306.47,
                            "Plan Rows": 281325,
                            "Plan Width": 4,
                            "Actual Startup Time": 207.985,
                            "Actual Total Time": 207.986,
                            "Actual Rows": 259164,
                            "Actual Loops": 2,
                            "Hash Buckets": 524288,
                            "Original Hash Buckets": 524288,
                            "Hash Batches": 1,
                            "Original Hash Batches": 1,
                            "Peak Memory Usage": 24416,
                            "Plans": [
                              {
                                "Node Type": "Seq Scan",
                                "Parent Relationship": "Outer",
                                "Parallel Aware": true,
                                "Relation Name": "title",
                                "Alias": "t",
                                "Startup Cost": 0.0,
                                "Total Cost": 58306.47,
                                "Plan Rows": 281325,
                                "Plan Width": 4,
                                "Actual Startup Time": 0.052,
                                "Actual Total Time": 150.49,
                                "Actual Rows": 259164,
                                "Actual Loops": 2,
                                "Filter": "((production_year > 2007) AND (kind_id = 7))",
                                "Rows Removed by Filter": 1004992
                              }
                            ]
                          }
                        ]
                      }
                    ]
                  },
                  {
                    "Node Type": "Sort",
                    "Parent Relationship": "Inner",
                    "Parallel Aware": false,
                    "Startup Cost": 62028.42,
                    "Total Cost": 62885.6,
                    "Plan Rows": 342875,
                    "Plan Width": 4,
                    "Actual Startup Time": 133.873,
                    "Actual Total Time": 134.323,
                    "Actual Rows": 13705,
                    "Actual Loops": 2,
                    "Sort Key": [
                      "mc.movie_id"
                    ],
                    "Sort Method": "quicksort",
                    "Sort Space Used": 28444,
                    "Sort Space Type": "Memory",
                    "Workers": [
                      {
                        "Worker Number": 0,
                        "Sort Method": "quicksort",
                        "Sort Space Used": 28444,
                        "Sort Space Type": "Memory"
                      }
                    ],
                    "Plans": [
                      {
                        "Node Type": "Bitmap Heap Scan",
                        "Parent Relationship": "Outer",
                        "Parallel Aware": false,
                        "Relation Name": "movie_companies",
                        "Alias": "mc",
                        "Startup Cost": 7429.71,
                        "Total Cost": 30505.65,
                        "Plan Rows": 342875,
                        "Plan Width": 4,
                        "Actual Startup Time": 15.22,
                        "Actual Total Time": 62.5,
                        "Actual Rows": 344656,
                        "Actual Loops": 2,
                        "Recheck Cond": "(company_id > 88812)",
                        "Rows Removed by Index Recheck": 0,
                        "Exact Heap Blocks": 5192,
                        "Lossy Heap Blocks": 0,
                        "Plans": [
                          {
                            "Node Type": "Bitmap Index Scan",
                            "Parent Relationship": "Outer",
                            "Parallel Aware": false,
                            "Index Name": "company_id_movie_companies",
                            "Startup Cost": 0.0,
                            "Total Cost": 7343.99,
                            "Plan Rows": 342875,
                            "Plan Width": 0,
                            "Actual Startup Time": 14.649,
                            "Actual Total Time": 14.649,
                            "Actual Rows": 344656,
                            "Actual Loops": 2,
                            "Index Cond": "(company_id > 88812)"
                          }
                        ]
                      }
                    ]
                  }
                ]
              }
            ]
          }
        ]
      }
    ]
  },
  "Planning Time": 1.038,
  "Triggers": [],
  "Execution Time": 524.365
}