[
  {
    "Plan": {
      "Node Type": "Aggregate",
      "Strategy": "Plain",
      "Partial Mode": "Finalize",
      "Parallel Aware": false,
      "Startup Cost": 382129.27,
      "Total Cost": 382129.28,
      "Plan Rows": 1,
      "Plan Width": 8,
      "Actual Startup Time": 1119.568,
      "Actual Total Time": 1192.016,
      "Actual Rows": 1,
      "Actual Loops": 1,
      "Plans": [
        {
          "Node Type": "Gather",
          "Parent Relationship": "Outer",
          "Parallel Aware": false,
          "Startup Cost": 382128.65,
          "Total Cost": 382129.26,
          "Plan Rows": 6,
          "Plan Width": 8,
          "Actual Startup Time": 1118.597,
          "Actual Total Time": 1191.968,
          "Actual Rows": 7,
          "Actual Loops": 1,
          "Workers Planned": 6,
          "Workers Launched": 6,
          "Single Copy": false,
          "Plans": [
            {
              "Node Type": "Aggregate",
              "Strategy": "Plain",
              "Partial Mode": "Partial",
              "Parent Relationship": "Outer",
              "Parallel Aware": false,
              "Startup Cost": 381128.65,
              "Total Cost": 381128.66,
              "Plan Rows": 1,
              "Plan Width": 8,
              "Actual Startup Time": 1109.59,
              "Actual Total Time": 1109.594,
              "Actual Rows": 1,
              "Actual Loops": 7,
              "Plans": [
                {
                  "Node Type": "Hash Join",
                  "Parent Relationship": "Outer",
                  "Parallel Aware": true,
                  "Join Type": "Inner",
                  "Startup Cost": 45708.64,
                  "Total Cost": 380934.97,
                  "Plan Rows": 77470,
                  "Plan Width": 0,
                  "Actual Startup Time": 447.336,
                  "Actual Total Time": 1105.189,
                  "Actual Rows": 66912,
                  "Actual Loops": 7,
                  "Inner Unique": true,
                  "Hash Cond": "(ci.movie_id = t.id)",
                  "Plans": [
                    {
                      "Node Type": "Seq Scan",
                      "Parent Relationship": "Outer",
                      "Parallel Aware": true,
                      "Relation Name": "cast_info",
                      "Alias": "ci",
                      "Startup Cost": 0.0,
                      "Total Cost": 328211.39,
                      "Plan Rows": 2672355,
                      "Plan Width": 4,
                      "Actual Startup Time": 360.5,
                      "Actual Total Time": 720.008,
                      "Actual Rows": 2303098,
                      "Actual Loops": 7,
                      "Filter": "(role_id > 2)",
                      "Rows Removed by Filter": 2874666
                    },
                    {
                      "Node Type": "Hash",
                      "Parent Relationship": "Inner",
                      "Parallel Aware": true,
                      "Startup Cost": 45479.59,
                      "Total Cost": 45479.59,
                      "Plan Rows": 18324,
                      "Plan Width": 4,
                      "Actual Startup Time": 85.288,
                      "Actual Total Time": 85.29,
                      "Actual Rows": 11364,
                      "Actual Loops": 7,
                      "Hash Buckets": 131072,
                      "Original Hash Buckets": 131072,
                      "Hash Batches": 1,
                      "Original Hash Batches": 1,
                      "Peak Memory Usage": 4224,
                      "Plans": [
                        {
                          "Node Type": "Seq Scan",
                          "Parent Relationship": "Outer",
                          "Parallel Aware": true,
                          "Relation Name": "title",
                          "Alias": "t",
                          "Startup Cost": 0.0,
                          "Total Cost": 45479.59,
                          "Plan Rows": 18324,
                          "Plan Width": 4,
                          "Actual Startup Time": 0.045,
                          "Actual Total Time": 78.859,
                          "Actual Rows": 11364,
                          "Actual Loops": 7,
                          "Filter": "((kind_id > 1) AND (production_year = 2005))",
                          "Rows Removed by Filter": 349823
                        }
                      ]
                    }
                  ]
                }
              ]
            }
          ]
        }
      ]
    },
    "Planning Time": 0.349,
    "Triggers": [],
    "Execution Time": 1192.087
  }
]