[
  {
    "Plan": {
      "Node Type": "Aggregate",
      "Strategy": "Plain",
      "Partial Mode": "Finalize",
      "Parallel Aware": false,
      "Startup Cost": 71256.18,
      "Total Cost": 71256.19,
      "Plan Rows": 1,
      "Plan Width": 8,
      "Actual Startup Time": 187.31,
      "Actual Total Time": 202.214,
      "Actual Rows": 1,
      "Actual Loops": 1,
      "Plans": [
        {
          "Node Type": "Gather",
          "Parent Relationship": "Outer",
          "Parallel Aware": false,
          "Startup Cost": 71255.76,
          "Total Cost": 71256.17,
          "Plan Rows": 4,
          "Plan Width": 8,
          "Actual Startup Time": 185.689,
          "Actual Total Time": 202.204,
          "Actual Rows": 5,
          "Actual Loops": 1,
          "Workers Planned": 4,
          "Workers Launched": 4,
          "Single Copy": false,
          "Plans": [
            {
              "Node Type": "Aggregate",
              "Strategy": "Plain",
              "Partial Mode": "Partial",
              "Parent Relationship": "Outer",
              "Parallel Aware": false,
              "Startup Cost": 70255.76,
              "Total Cost": 70255.77,
              "Plan Rows": 1,
              "Plan Width": 8,
              "Actual Startup Time": 177.02,
              "Actual Total Time": 177.024,
              "Actual Rows": 1,
              "Actual Loops": 5,
              "Plans": [
                {
                  "Node Type": "Hash Join",
                  "Parent Relationship": "Outer",
                  "Parallel Aware": true,
                  "Join Type": "Inner",
                  "Startup Cost": 25443.78,
                  "Total Cost": 70219.08,
                  "Plan Rows": 14670,
                  "Plan Width": 0,
                  "Actual Startup Time": 121.175,
                  "Actual Total Time": 176.714,
                  "Actual Rows": 3890,
                  "Actual Loops": 5,
                  "Inner Unique": false,
                  "Hash Cond": "(t.id = mc.movie_id)",
                  "Plans": [
                    {
                      "Node Type": "Seq Scan",
                      "Parent Relationship": "Outer",
                      "Parallel Aware": true,
                      "Relation Name": "title",
                      "Alias": "t",
                      "Startup Cost": 0.0,
                      "Total Cost": 43898.92,
                      "Plan Rows": 165814,
                      "Plan Width": 4,
                      "Actual Startup Time": 30.542,
                      "Actual Total Time": 72.006,
                      "Actual Rows": 132565,
                      "Actual Loops": 5,
                      "Filter": "(kind_id = 1)",
                      "Rows Removed by Filter": 373097
                    },
                    {
                      "Node Type": "Hash",
                      "Parent Relationship": "Inner",
                      "Parallel Aware": true,
                      "Startup Cost": 24541.85,
                      "Total Cost": 24541.85,
                      "Plan Rows": 72154,
                      "Plan Width": 4,
                      "Actual Startup Time": 76.646,
                      "Actual Total Time": 76.648,
                      "Actual Rows": 44777,
                      "Actual Loops": 5,
                      "Hash Buckets": 262144,
                      "Original Hash Buckets": 262144,
                      "Hash Batches": 1,
                      "Original Hash Batches": 1,
                      "Peak Memory Usage": 10912,
                      "Plans": [
                        {
                          "Node Type": "Bitmap Heap Scan",
                          "Parent Relationship": "Outer",
                          "Parallel Aware": true,
                          "Relation Name": "movie_companies",
                          "Alias": "mc",
                          "Startup Cost": 4849.93,
                          "Total Cost": 24541.85,
                          "Plan Rows": 72154,
                          "Plan Width": 4,
                          "Actual Startup Time": 16.647,
                          "Actual Total Time": 57.58,
                          "Actual Rows": 44777,
                          "Actual Loops": 5,
                          "Recheck Cond": "(company_id < 82)",
                          "Rows Removed by Index Recheck": 0,
                          "Exact Heap Blocks": 7554,
                          "Lossy Heap Blocks": 0,
                          "Plans": [
                            {
                              "Node Type": "Bitmap Index Scan",
                              "Parent Relationship": "Outer",
                              "Parallel Aware": false,
                              "Index Name": "company_id_movie_companies",
                              "Startup Cost": 0.0,
                              "Total Cost": 4794.01,
                              "Plan Rows": 223677,
                              "Plan Width": 0,
                              "Actual Startup Time": 17.445,
                              "Actual Total Time": 17.446,
                              "Actual Rows": 223883,
                              "Actual Loops": 1,
                              "Index Cond": "(company_id < 82)"
                            }
                          ]
                        }
                      ]
                    }
                  ]
                }
              ]
            }
          ]
        }
      ]
    },
    "Planning Time": 0.327,
    "Triggers": [],
    "Execution Time": 202.274
  }
]