[
  {
    "Plan": {
      "Node Type": "Aggregate",
      "Strategy": "Plain",
      "Partial Mode": "Simple",
      "Parallel Aware": false,
      "Startup Cost": 987.35,
      "Total Cost": 987.36,
      "Plan Rows": 1,
      "Plan Width": 8,
      "Actual Startup Time": 0.283,
      "Actual Total Time": 0.284,
      "Actual Rows": 1,
      "Actual Loops": 1,
      "Plans": [
        {
          "Node Type": "Index Scan",
          "Parent Relationship": "Outer",
          "Parallel Aware": false,
          "Scan Direction": "Forward",
          "Index Name": "person_id_cast_info",
          "Relation Name": "cast_info",
          "Alias": "ci",
          "Startup Cost": 0.56,
          "Total Cost": 987.07,
          "Plan Rows": 113,
          "Plan Width": 0,
          "Actual Startup Time": 0.253,
          "Actual Total Time": 0.272,
          "Actual Rows": 26,
          "Actual Loops": 1,
          "Index Cond": "(person_id = 3357344)",
          "Rows Removed by Index Recheck": 0,
          "Filter": "(role_id > 5)",
          "Rows Removed by Filter": 0
        }
      ]
    },
    "Planning Time": 0.222,
    "Triggers": [],
    "Execution Time": 0.336
  }
]