{
  "Plan": {
    "Node Type": "Aggregate",
    "Strategy": "Plain",
    "Partial Mode": "Finalize",
    "Parallel Aware": false,
    "Startup Cost": 134214.2,
    "Total Cost": 134214.21,
    "Plan Rows": 1,
    "Plan Width": 8,
    "Actual Startup Time": 850.582,
    "Actual Total Time": 870.563,
    "Actual Rows": 1,
    "Actual Loops": 1,
    "Plans": [
      {
        "Node Type": "Gather",
        "Parent Relationship": "Outer",
        "Parallel Aware": false,
        "Startup Cost": 134214.08,
        "Total Cost": 134214.19,
        "Plan Rows": 1,
        "Plan Width": 8,
        "Actual Startup Time": 846.12,
        "Actual Total Time": 870.552,
        "Actual Rows": 2,
        "Actual Loops": 1,
        "Workers Planned": 1,
        "Workers Launched": 1,
        "Single Copy": false,
        "Plans": [
          {
            "Node Type": "Aggregate",
            "Strategy": "Plain",
            "Partial Mode": "Partial",
            "Parent Relationship": "Outer",
            "Parallel Aware": false,
            "Startup Cost": 133214.08,
            "Total Cost": 133214.09,
            "Plan Rows": 1,
            "Plan Width": 8,
            "Actual Startup Time": 838.515,
            "Actual Total Time": 838.519,
            "Actual Rows": 1,
            "Actual Loops": 2,
            "Plans": [
              {
                "Node Type": "Hash Join",
                "Parent Relationship": "Outer",
                "Parallel Aware": true,
                "Join Type": "Inner",
                "Startup Cost": 66867.61,
                "Total Cost": 130583.56,
                "Plan Rows": 1052209,
                "Plan Width": 0,
                "Actual Startup Time": 387.531,
                "Actual Total Time": 827.676,
                "Actual Rows": 226326,
                "Actual Loops": 2,
                "Inner Unique": true,
                "Hash Cond": "(mk.movie_id = t.id)",
                "Plans": [
                  {
                    "Node Type": "Seq Scan",
                    "Parent Relationship": "Outer",
                    "Parallel Aware": true,
                    "Relation Name": "movie_keyword",
                    "Alias": "mk",
                    "Startup Cost": 0.0,
                    "Total Cost": 57718.19,
                    "Plan Rows": 2284859,
                    "Plan Width": 4,
                    "Actual Startup Time": 0.017,
                    "Actual Total Time": 233.2,
                    "Actual Rows": 1951670,
                    "Actual Loops": 2,
                    "Filter": "(keyword_id < 29388)",
                    "Rows Removed by Filter": 310296
                  },
                  {
                    "Node Type": "Hash",
                    "Parent Relationship": "Inner",
                    "Parallel Aware": true,
                    "Startup Cost": 58306.47,
                    "Total Cost": 58306.47,
                    "Plan Rows": 684891,
                    "Plan Width": 4,
                    "Actual Startup Time": 373.034,
                    "Actual Total Time": 373.035,
                    "Actual Rows": 626467,
                    "Actual Loops": 2,
                    "Hash Buckets": 2097152,
                    "Original Hash Buckets": 2097152,
                    "Hash Batches": 1,
                    "Original Hash Batches": 1,
                    "Peak Memory Usage": 65408,
                    "Plans": [
                      {
                        "Node Type": "Seq Scan",
                        "Parent Relationship": "Outer",
                        "Parallel Aware": true,
                        "Relation Name": "title",
                        "Alias": "t",
                        "Startup Cost": 0.0,
                        "Total Cost": 58306.47,
                        "Plan Rows": 684891,
                        "Plan Width": 4,
                        "Actual Startup Time": 0.031,
                        "Actual Total Time": 192.921,
                        "Actual Rows": 626467,
                        "Actual Loops": 2,
                        "Filter": "((production_year > 1982) AND (kind_id = 7))",
                        "Rows Removed by Filter": 637689
                      }
                    ]
                  }
                ]
              }
            ]
          }
        ]
      }
    ]
  },
  "Planning Time": 0.599,
  "Triggers": [],
  "Execution Time": 870.631
}