{
    "Plan": {
        "Node Type": "Aggregate",
        "Strategy": "Plain",
        "Partial Mode": "Simple",
        "Parallel Aware": false,
        "Startup Cost": 10001696716.03,
        "Total Cost": 10001696716.04,
        "Plan Rows": 1,
        "Plan Width": 8,
        "Actual Startup Time": 19472.23,
        "Actual Total Time": 19472.237,
        "Actual Rows": 1,
        "Actual Loops": 1,
        "Output": [
            "count(*)"
        ],
        "Plans": [
            {
                "Node Type": "Hash Join",
                "Parent Relationship": "Outer",
                "Parallel Aware": false,
                "Join Type": "Inner",
                "Startup Cost": 10001495741.99,
                "Total Cost": 10001687255.2,
                "Plan Rows": 3784333,
                "Plan Width": 0,
                "Actual Startup Time": 14775.909,
                "Actual Total Time": 19199.931,
                "Actual Rows": 6829005,
                "Actual Loops": 1,
                "Inner Unique": false,
                "Hash Cond": "(t.id = ci.movie_id)",
                "Plans": [
                    {
                        "Node Type": "Hash Join",
                        "Parent Relationship": "Outer",
                        "Parallel Aware": false,
                        "Join Type": "Inner",
                        "Startup Cost": 10000027700.58,
                        "Total Cost": 10000158431.96,
                        "Plan Rows": 458770,
                        "Plan Width": 8,
                        "Actual Startup Time": 496.153,
                        "Actual Total Time": 3023.912,
                        "Actual Rows": 459925,
                        "Actual Loops": 1,
                        "Output": [
                            "t.id",
                            "mi_idx.movie_id"
                        ],
                        "Inner Unique": false,
                        "Hash Cond": "(t.id = mi_idx.movie_id)",
                        "Plans": [
                            {
                                "Node Type": "Index Scan",
                                "Parent Relationship": "Outer",
                                "Parallel Aware": false,
                                "Scan Direction": "Forward",
                                "Index Name": "title_pkey",
                                "Relation Name": "title",
                                "Schema": "public",
                                "Alias": "t",
                                "Startup Cost": 10000000000.43,
                                "Total Cost": 10000110342.1,
                                "Plan Rows": 2528322,
                                "Plan Width": 4,
                                "Actual Startup Time": 0.049,
                                "Actual Total Time": 1640.111,
                                "Actual Rows": 2528312,
                                "Actual Loops": 1,
                                "Output": [
                                    "t.id",
                                    "t.title",
                                    "t.imdb_index",
                                    "t.kind_id",
                                    "t.production_year",
                                    "t.imdb_id",
                                    "t.phonetic_code",
                                    "t.episode_of_id",
                                    "t.season_nr",
                                    "t.episode_nr",
                                    "t.series_years",
                                    "t.md5sum"
                                ]
                            },
                            {
                                "Node Type": "Hash",
                                "Parent Relationship": "Inner",
                                "Parallel Aware": false,
                                "Startup Cost": 21965.52,
                                "Total Cost": 21965.52,
                                "Plan Rows": 458770,
                                "Plan Width": 4,
                                "Actual Startup Time": 489.54,
                                "Actual Total Time": 489.542,
                                "Actual Rows": 459925,
                                "Actual Loops": 1,
                                "Output": [
                                    "mi_idx.movie_id"
                                ],
                                "Hash Buckets": 524288,
                                "Original Hash Buckets": 524288,
                                "Hash Batches": 1,
                                "Original Hash Batches": 1,
                                "Peak Memory Usage": 20266,
                                "Plans": [
                                    {
                                        "Node Type": "Bitmap Heap Scan",
                                        "Parent Relationship": "Outer",
                                        "Parallel Aware": false,
                                        "Relation Name": "movie_info_idx",
                                        "Schema": "public",
                                        "Alias": "mi_idx",
                                        "Startup Cost": 8295.89,
                                        "Total Cost": 21965.52,
                                        "Plan Rows": 458770,
                                        "Plan Width": 4,
                                        "Actual Startup Time": 257.712,
                                        "Actual Total Time": 354.651,
                                        "Actual Rows": 459925,
                                        "Actual Loops": 1,
                                        "Output": [
                                            "mi_idx.movie_id"
                                        ],
                                        "Recheck Cond": "(mi_idx.info_type_id < 100)",
                                        "Rows Removed by Index Recheck": 0,
                                        "Exact Heap Blocks": 7934,
                                        "Lossy Heap Blocks": 0,
                                        "Plans": [
                                            {
                                                "Node Type": "Bitmap Index Scan",
                                                "Parent Relationship": "Outer",
                                                "Parallel Aware": false,
                                                "Index Name": "info_type_id_movie_info_idx",
                                                "Startup Cost": 0.0,
                                                "Total Cost": 8181.2,
                                                "Plan Rows": 458770,
                                                "Plan Width": 0,
                                                "Actual Startup Time": 256.786,
                                                "Actual Total Time": 256.786,
                                                "Actual Rows": 459925,
                                                "Actual Loops": 1,
                                                "Index Cond": "(mi_idx.info_type_id < 100)"
                                            }
                                        ]
                                    }
                                ]
                            }
                        ]
                    },
                    {
                        "Node Type": "Hash",
                        "Parent Relationship": "Inner",
                        "Parallel Aware": false,
                        "Startup Cost": 1207344.01,
                        "Total Cost": 1207344.01,
                        "Plan Rows": 20855792,
                        "Plan Width": 4,
                        "Actual Startup Time": 13986.99,
                        "Actual Total Time": 13986.992,
                        "Actual Rows": 19715396,
                        "Actual Loops": 1,
                        "Output": [
                            "ci.movie_id"
                        ],
                        "Hash Buckets": 33554432,
                        "Original Hash Buckets": 33554432,
                        "Hash Batches": 1,
                        "Original Hash Batches": 1,
                        "Peak Memory Usage": 955264,
                        "Plans": [
                            {
                                "Node Type": "Bitmap Heap Scan",
                                "Parent Relationship": "Outer",
                                "Parallel Aware": false,
                                "Relation Name": "cast_info",
                                "Schema": "public",
                                "Alias": "ci",
                                "Startup Cost": 520530.01,
                                "Total Cost": 1207344.01,
                                "Plan Rows": 20855792,
                                "Plan Width": 4,
                                "Actual Startup Time": 3215.757,
                                "Actual Total Time": 7317.936,
                                "Actual Rows": 19715396,
                                "Actual Loops": 1,
                                "Output": [
                                    "ci.movie_id"
                                ],
                                "Recheck Cond": "(ci.role_id < 8)",
                                "Rows Removed by Index Recheck": 0,
                                "Filter": "(ci.person_id > 994097)",
                                "Rows Removed by Filter": 9092711,
                                "Exact Heap Blocks": 197060,
                                "Lossy Heap Blocks": 0,
                                "Plans": [
                                    {
                                        "Node Type": "Bitmap Index Scan",
                                        "Parent Relationship": "Outer",
                                        "Parallel Aware": false,
                                        "Index Name": "role_id_cast_info",
                                        "Startup Cost": 0.0,
                                        "Total Cost": 515316.07,
                                        "Plan Rows": 28941800,
                                        "Plan Width": 0,
                                        "Actual Startup Time": 2003.081,
                                        "Actual Total Time": 2003.081,
                                        "Actual Rows": 28808107,
                                        "Actual Loops": 1,
                                        "Index Cond": "(ci.role_id < 8)"
                                    }
                                ]
                            }
                        ]
                    }
                ]
            }
        ]
    },
    "Planning Time": 2.711,
    "Triggers": [],
    "Execution Time": 19496.481
}