{
  "Plan": {
    "Node Type": "Aggregate",
    "Strategy": "Plain",
    "Partial Mode": "Finalize",
    "Parallel Aware": false,
    "Startup Cost": 175763.52,
    "Total Cost": 175763.53,
    "Plan Rows": 1,
    "Plan Width": 8,
    "Actual Startup Time": 884.807,
    "Actual Total Time": 899.859,
    "Actual Rows": 1,
    "Actual Loops": 1,
    "Plans": [
      {
        "Node Type": "Gather",
        "Parent Relationship": "Outer",
        "Parallel Aware": false,
        "Startup Cost": 175763.41,
        "Total Cost": 175763.52,
        "Plan Rows": 1,
        "Plan Width": 8,
        "Actual Startup Time": 882.628,
        "Actual Total Time": 899.852,
        "Actual Rows": 2,
        "Actual Loops": 1,
        "Workers Planned": 1,
        "Workers Launched": 1,
        "Single Copy": false,
        "Plans": [
          {
            "Node Type": "Aggregate",
            "Strategy": "Plain",
            "Partial Mode": "Partial",
            "Parent Relationship": "Outer",
            "Parallel Aware": false,
            "Startup Cost": 174763.41,
            "Total Cost": 174763.42,
            "Plan Rows": 1,
            "Plan Width": 8,
            "Actual Startup Time": 877.341,
            "Actual Total Time": 877.348,
            "Actual Rows": 1,
            "Actual Loops": 2,
            "Plans": [
              {
                "Node Type": "Nested Loop",
                "Parent Relationship": "Outer",
                "Parallel Aware": false,
                "Join Type": "Inner",
                "Startup Cost": 78432.79,
                "Total Cost": 174704.87,
                "Plan Rows": 23415,
                "Plan Width": 0,
                "Actual Startup Time": 324.618,
                "Actual Total Time": 870.556,
                "Actual Rows": 105551,
                "Actual Loops": 2,
                "Inner Unique": false,
                "Plans": [
                  {
                    "Node Type": "Hash Join",
                    "Parent Relationship": "Outer",
                    "Parallel Aware": true,
                    "Join Type": "Inner",
                    "Startup Cost": 78432.36,
                    "Total Cost": 102887.77,
                    "Plan Rows": 127471,
                    "Plan Width": 8,
                    "Actual Startup Time": 324.536,
                    "Actual Total Time": 493.879,
                    "Actual Rows": 196782,
                    "Actual Loops": 2,
                    "Inner Unique": true,
                    "Hash Cond": "(mc.movie_id = t.id)",
                    "Plans": [
                      {
                        "Node Type": "Bitmap Heap Scan",
                        "Parent Relationship": "Outer",
                        "Parallel Aware": true,
                        "Relation Name": "movie_companies",
                        "Alias": "mc",
                        "Startup Cost": 13799.42,
                        "Total Cost": 37271.58,
                        "Plan Rows": 374572,
                        "Plan Width": 4,
                        "Actual Startup Time": 34.461,
                        "Actual Total Time": 85.473,
                        "Actual Rows": 324728,
                        "Actual Loops": 2,
                        "Recheck Cond": "(company_id > 54895)",
                        "Rows Removed by Index Recheck": 0,
                        "Exact Heap Blocks": 5404,
                        "Lossy Heap Blocks": 0,
                        "Plans": [
                          {
                            "Node Type": "Bitmap Index Scan",
                            "Parent Relationship": "Outer",
                            "Parallel Aware": false,
                            "Index Name": "company_id_movie_companies",
                            "Startup Cost": 0.0,
                            "Total Cost": 13640.23,
                            "Plan Rows": 636773,
                            "Plan Width": 0,
                            "Actual Startup Time": 32.905,
                            "Actual Total Time": 32.906,
                            "Actual Rows": 649456,
                            "Actual Loops": 1,
                            "Index Cond": "(company_id > 54895)"
                          }
                        ]
                      },
                      {
                        "Node Type": "Hash",
                        "Parent Relationship": "Inner",
                        "Parallel Aware": true,
                        "Startup Cost": 58306.47,
                        "Total Cost": 58306.47,
                        "Plan Rows": 506118,
                        "Plan Width": 4,
                        "Actual Startup Time": 281.267,
                        "Actual Total Time": 281.268,
                        "Actual Rows": 384977,
                        "Actual Loops": 2,
                        "Hash Buckets": 1048576,
                        "Original Hash Buckets": 1048576,
                        "Hash Batches": 1,
                        "Original Hash Batches": 1,
                        "Peak Memory Usage": 38336,
                        "Plans": [
                          {
                            "Node Type": "Seq Scan",
                            "Parent Relationship": "Outer",
                            "Parallel Aware": true,
                            "Relation Name": "title",
                            "Alias": "t",
                            "Startup Cost": 0.0,
                            "Total Cost": 58306.47,
                            "Plan Rows": 506118,
                            "Plan Width": 4,
                            "Actual Startup Time": 0.039,
                            "Actual Total Time": 161.361,
                            "Actual Rows": 384977,
                            "Actual Loops": 2,
                            "Filter": "((kind_id < 7) AND (production_year > 1962))",
                            "Rows Removed by Filter": 879179
                          }
                        ]
                      }
                    ]
                  },
                  {
                    "Node Type": "Index Scan",
                    "Parent Relationship": "Inner",
                    "Parallel Aware": false,
                    "Scan Direction": "Forward",
                    "Index Name": "movie_id_movie_info_idx",
                    "Relation Name": "movie_info_idx",
                    "Alias": "mi_idx",
                    "Startup Cost": 0.43,
                    "Total Cost": 0.55,
                    "Plan Rows": 1,
                    "Plan Width": 4,
                    "Actual Startup Time": 0.002,
                    "Actual Total Time": 0.002,
                    "Actual Rows": 1,
                    "Actual Loops": 393565,
                    "Index Cond": "(movie_id = t.id)",
                    "Rows Removed by Index Recheck": 0,
                    "Filter": "(info_type_id = 100)",
                    "Rows Removed by Filter": 1
                  }
                ]
              }
            ]
          }
        ]
      }
    ]
  },
  "Planning Time": 1.094,
  "Triggers": [],
  "Execution Time": 899.967
}