[
  {
    "Plan": {
      "Node Type": "Aggregate",
      "Strategy": "Plain",
      "Partial Mode": "Finalize",
      "Parallel Aware": false,
      "Startup Cost": 46395.72,
      "Total Cost": 46395.73,
      "Plan Rows": 1,
      "Plan Width": 8,
      "Actual Startup Time": 165.154,
      "Actual Total Time": 174.875,
      "Actual Rows": 1,
      "Actual Loops": 1,
      "Plans": [
        {
          "Node Type": "Gather",
          "Parent Relationship": "Outer",
          "Parallel Aware": false,
          "Startup Cost": 46395.4,
          "Total Cost": 46395.71,
          "Plan Rows": 3,
          "Plan Width": 8,
          "Actual Startup Time": 164.981,
          "Actual Total Time": 174.868,
          "Actual Rows": 4,
          "Actual Loops": 1,
          "Workers Planned": 3,
          "Workers Launched": 3,
          "Single Copy": false,
          "Plans": [
            {
              "Node Type": "Aggregate",
              "Strategy": "Plain",
              "Partial Mode": "Partial",
              "Parent Relationship": "Outer",
              "Parallel Aware": false,
              "Startup Cost": 45395.4,
              "Total Cost": 45395.41,
              "Plan Rows": 1,
              "Plan Width": 8,
              "Actual Startup Time": 156.149,
              "Actual Total Time": 156.15,
              "Actual Rows": 1,
              "Actual Loops": 4,
              "Plans": [
                {
                  "Node Type": "Seq Scan",
                  "Parent Relationship": "Outer",
                  "Parallel Aware": true,
                  "Relation Name": "movie_keyword",
                  "Alias": "mk",
                  "Startup Cost": 0.0,
                  "Total Cost": 42695.65,
                  "Plan Rows": 1079898,
                  "Plan Width": 0,
                  "Actual Startup Time": 0.213,
                  "Actual Total Time": 118.369,
                  "Actual Rows": 836285,
                  "Actual Loops": 4,
                  "Filter": "(keyword_id > 1393)",
                  "Rows Removed by Filter": 294698
                }
              ]
            }
          ]
        }
      ]
    },
    "Planning Time": 0.188,
    "Triggers": [],
    "Execution Time": 174.931
  }
]