[
  {
    "Plan": {
      "Node Type": "Aggregate",
      "Strategy": "Plain",
      "Partial Mode": "Finalize",
      "Parallel Aware": false,
      "Startup Cost": 46403.56,
      "Total Cost": 46403.57,
      "Plan Rows": 1,
      "Plan Width": 8,
      "Actual Startup Time": 169.003,
      "Actual Total Time": 177.37,
      "Actual Rows": 1,
      "Actual Loops": 1,
      "Plans": [
        {
          "Node Type": "Gather",
          "Parent Relationship": "Outer",
          "Parallel Aware": false,
          "Startup Cost": 46403.25,
          "Total Cost": 46403.56,
          "Plan Rows": 3,
          "Plan Width": 8,
          "Actual Startup Time": 168.908,
          "Actual Total Time": 177.362,
          "Actual Rows": 4,
          "Actual Loops": 1,
          "Workers Planned": 3,
          "Workers Launched": 3,
          "Single Copy": false,
          "Plans": [
            {
              "Node Type": "Aggregate",
              "Strategy": "Plain",
              "Partial Mode": "Partial",
              "Parent Relationship": "Outer",
              "Parallel Aware": false,
              "Startup Cost": 45403.25,
              "Total Cost": 45403.26,
              "Plan Rows": 1,
              "Plan Width": 8,
              "Actual Startup Time": 162.565,
              "Actual Total Time": 162.566,
              "Actual Rows": 1,
              "Actual Loops": 4,
              "Plans": [
                {
                  "Node Type": "Seq Scan",
                  "Parent Relationship": "Outer",
                  "Parallel Aware": true,
                  "Relation Name": "movie_keyword",
                  "Alias": "mk",
                  "Startup Cost": 0.0,
                  "Total Cost": 42695.65,
                  "Plan Rows": 1083037,
                  "Plan Width": 0,
                  "Actual Startup Time": 0.168,
                  "Actual Total Time": 122.372,
                  "Actual Rows": 836285,
                  "Actual Loops": 4,
                  "Filter": "(keyword_id > 1393)",
                  "Rows Removed by Filter": 294698
                }
              ]
            }
          ]
        }
      ]
    },
    "Planning Time": 0.151,
    "Triggers": [],
    "Execution Time": 177.438
  }
]