[
  {
    "Plan": {
      "Node Type": "Aggregate",
      "Strategy": "Plain",
      "Partial Mode": "Finalize",
      "Parallel Aware": false,
      "Startup Cost": 33274.62,
      "Total Cost": 33274.63,
      "Plan Rows": 1,
      "Plan Width": 8,
      "Actual Startup Time": 89.0,
      "Actual Total Time": 96.699,
      "Actual Rows": 1,
      "Actual Loops": 1,
      "Plans": [
        {
          "Node Type": "Gather",
          "Parent Relationship": "Outer",
          "Parallel Aware": false,
          "Startup Cost": 33274.31,
          "Total Cost": 33274.62,
          "Plan Rows": 3,
          "Plan Width": 8,
          "Actual Startup Time": 88.844,
          "Actual Total Time": 96.69,
          "Actual Rows": 4,
          "Actual Loops": 1,
          "Workers Planned": 3,
          "Workers Launched": 3,
          "Single Copy": false,
          "Plans": [
            {
              "Node Type": "Aggregate",
              "Strategy": "Plain",
              "Partial Mode": "Partial",
              "Parent Relationship": "Outer",
              "Parallel Aware": false,
              "Startup Cost": 32274.31,
              "Total Cost": 32274.32,
              "Plan Rows": 1,
              "Plan Width": 8,
              "Actual Startup Time": 83.769,
              "Actual Total Time": 83.77,
              "Actual Rows": 1,
              "Actual Loops": 4,
              "Plans": [
                {
                  "Node Type": "Seq Scan",
                  "Parent Relationship": "Outer",
                  "Parallel Aware": true,
                  "Relation Name": "movie_companies",
                  "Alias": "mc",
                  "Startup Cost": 0.0,
                  "Total Cost": 31414.82,
                  "Plan Rows": 343795,
                  "Plan Width": 0,
                  "Actual Startup Time": 40.041,
                  "Actual Total Time": 75.39,
                  "Actual Rows": 203296,
                  "Actual Loops": 4,
                  "Filter": "((company_id < 73242) AND (company_type_id > 1))",
                  "Rows Removed by Filter": 448986
                }
              ]
            }
          ]
        }
      ]
    },
    "Planning Time": 0.124,
    "Triggers": [],
    "Execution Time": 96.732
  }
]