[
  {
    "Plan": {
      "Node Type": "Aggregate",
      "Strategy": "Plain",
      "Partial Mode": "Finalize",
      "Parallel Aware": false,
      "Startup Cost": 33274.42,
      "Total Cost": 33274.43,
      "Plan Rows": 1,
      "Plan Width": 8,
      "Actual Startup Time": 98.0,
      "Actual Total Time": 105.516,
      "Actual Rows": 1,
      "Actual Loops": 1,
      "Plans": [
        {
          "Node Type": "Gather",
          "Parent Relationship": "Outer",
          "Parallel Aware": false,
          "Startup Cost": 33274.11,
          "Total Cost": 33274.42,
          "Plan Rows": 3,
          "Plan Width": 8,
          "Actual Startup Time": 97.901,
          "Actual Total Time": 105.509,
          "Actual Rows": 4,
          "Actual Loops": 1,
          "Workers Planned": 3,
          "Workers Launched": 3,
          "Single Copy": false,
          "Plans": [
            {
              "Node Type": "Aggregate",
              "Strategy": "Plain",
              "Partial Mode": "Partial",
              "Parent Relationship": "Outer",
              "Parallel Aware": false,
              "Startup Cost": 32274.11,
              "Total Cost": 32274.12,
              "Plan Rows": 1,
              "Plan Width": 8,
              "Actual Startup Time": 91.42,
              "Actual Total Time": 91.421,
              "Actual Rows": 1,
              "Actual Loops": 4,
              "Plans": [
                {
                  "Node Type": "Seq Scan",
                  "Parent Relationship": "Outer",
                  "Parallel Aware": true,
                  "Relation Name": "movie_companies",
                  "Alias": "mc",
                  "Startup Cost": 0.0,
                  "Total Cost": 31414.82,
                  "Plan Rows": 343715,
                  "Plan Width": 0,
                  "Actual Startup Time": 46.905,
                  "Actual Total Time": 82.704,
                  "Actual Rows": 203296,
                  "Actual Loops": 4,
                  "Filter": "((company_id < 73242) AND (company_type_id > 1))",
                  "Rows Removed by Filter": 448986
                }
              ]
            }
          ]
        }
      ]
    },
    "Planning Time": 0.214,
    "Triggers": [],
    "Execution Time": 105.573
  }
]