{
  "Plan": {
    "Node Type": "Aggregate",
    "Strategy": "Plain",
    "Partial Mode": "Finalize",
    "Parallel Aware": false,
    "Startup Cost": 98466.67,
    "Total Cost": 98466.68,
    "Plan Rows": 1,
    "Plan Width": 8,
    "Actual Startup Time": 263.992,
    "Actual Total Time": 278.671,
    "Actual Rows": 1,
    "Actual Loops": 1,
    "Plans": [
      {
        "Node Type": "Gather",
        "Parent Relationship": "Outer",
        "Parallel Aware": false,
        "Startup Cost": 98466.56,
        "Total Cost": 98466.67,
        "Plan Rows": 1,
        "Plan Width": 8,
        "Actual Startup Time": 263.777,
        "Actual Total Time": 278.664,
        "Actual Rows": 2,
        "Actual Loops": 1,
        "Workers Planned": 1,
        "Workers Launched": 1,
        "Single Copy": false,
        "Plans": [
          {
            "Node Type": "Aggregate",
            "Strategy": "Plain",
            "Partial Mode": "Partial",
            "Parent Relationship": "Outer",
            "Parallel Aware": false,
            "Startup Cost": 97466.56,
            "Total Cost": 97466.57,
            "Plan Rows": 1,
            "Plan Width": 8,
            "Actual Startup Time": 257.94,
            "Actual Total Time": 257.943,
            "Actual Rows": 1,
            "Actual Loops": 2,
            "Plans": [
              {
                "Node Type": "Hash Join",
                "Parent Relationship": "Outer",
                "Parallel Aware": true,
                "Join Type": "Inner",
                "Startup Cost": 54678.06,
                "Total Cost": 97461.03,
                "Plan Rows": 2211,
                "Plan Width": 0,
                "Actual Startup Time": 145.815,
                "Actual Total Time": 257.82,
                "Actual Rows": 1630,
                "Actual Loops": 2,
                "Inner Unique": true,
                "Hash Cond": "(mc.movie_id = t.id)",
                "Plans": [
                  {
                    "Node Type": "Index Scan",
                    "Parent Relationship": "Outer",
                    "Parallel Aware": true,
                    "Scan Direction": "Forward",
                    "Index Name": "company_type_id_movie_companies",
                    "Relation Name": "movie_companies",
                    "Alias": "mc",
                    "Startup Cost": 0.43,
                    "Total Cost": 41574.35,
                    "Plan Rows": 460589,
                    "Plan Width": 4,
                    "Actual Startup Time": 7.25,
                    "Actual Total Time": 96.616,
                    "Actual Rows": 282930,
                    "Actual Loops": 2,
                    "Index Cond": "(company_type_id = 1)",
                    "Rows Removed by Index Recheck": 0,
                    "Filter": "(company_id > 5258)",
                    "Rows Removed by Filter": 354194
                  },
                  {
                    "Node Type": "Hash",
                    "Parent Relationship": "Inner",
                    "Parallel Aware": true,
                    "Startup Cost": 54588.39,
                    "Total Cost": 54588.39,
                    "Plan Rows": 7139,
                    "Plan Width": 4,
                    "Actual Startup Time": 136.422,
                    "Actual Total Time": 136.423,
                    "Actual Rows": 6812,
                    "Actual Loops": 2,
                    "Hash Buckets": 16384,
                    "Original Hash Buckets": 16384,
                    "Hash Batches": 1,
                    "Original Hash Batches": 1,
                    "Peak Memory Usage": 704,
                    "Plans": [
                      {
                        "Node Type": "Seq Scan",
                        "Parent Relationship": "Outer",
                        "Parallel Aware": true,
                        "Relation Name": "title",
                        "Alias": "t",
                        "Startup Cost": 0.0,
                        "Total Cost": 54588.39,
                        "Plan Rows": 7139,
                        "Plan Width": 4,
                        "Actual Startup Time": 0.131,
                        "Actual Total Time": 133.925,
                        "Actual Rows": 6812,
                        "Actual Loops": 2,
                        "Filter": "(production_year = 1972)",
                        "Rows Removed by Filter": 1257344
                      }
                    ]
                  }
                ]
              }
            ]
          }
        ]
      }
    ]
  },
  "Planning Time": 0.449,
  "Triggers": [],
  "Execution Time": 278.744
}