[
  {
    "Plan": {
      "Node Type": "Aggregate",
      "Strategy": "Plain",
      "Partial Mode": "Finalize",
      "Parallel Aware": false,
      "Startup Cost": 96216.6,
      "Total Cost": 96216.61,
      "Plan Rows": 1,
      "Plan Width": 8,
      "Actual Startup Time": 547.738,
      "Actual Total Time": 573.122,
      "Actual Rows": 1,
      "Actual Loops": 1,
      "Plans": [
        {
          "Node Type": "Gather",
          "Parent Relationship": "Outer",
          "Parallel Aware": false,
          "Startup Cost": 96216.28,
          "Total Cost": 96216.59,
          "Plan Rows": 3,
          "Plan Width": 8,
          "Actual Startup Time": 541.631,
          "Actual Total Time": 573.113,
          "Actual Rows": 4,
          "Actual Loops": 1,
          "Workers Planned": 3,
          "Workers Launched": 3,
          "Single Copy": false,
          "Plans": [
            {
              "Node Type": "Aggregate",
              "Strategy": "Plain",
              "Partial Mode": "Partial",
              "Parent Relationship": "Outer",
              "Parallel Aware": false,
              "Startup Cost": 95216.28,
              "Total Cost": 95216.29,
              "Plan Rows": 1,
              "Plan Width": 8,
              "Actual Startup Time": 531.355,
              "Actual Total Time": 531.358,
              "Actual Rows": 1,
              "Actual Loops": 4,
              "Plans": [
                {
                  "Node Type": "Hash Join",
                  "Parent Relationship": "Outer",
                  "Parallel Aware": true,
                  "Join Type": "Inner",
                  "Startup Cost": 47666.84,
                  "Total Cost": 93700.3,
                  "Plan Rows": 606393,
                  "Plan Width": 0,
                  "Actual Startup Time": 252.565,
                  "Actual Total Time": 513.563,
                  "Actual Rows": 346550,
                  "Actual Loops": 4,
                  "Inner Unique": true,
                  "Hash Cond": "(mk.movie_id = t.id)",
                  "Plans": [
                    {
                      "Node Type": "Seq Scan",
                      "Parent Relationship": "Outer",
                      "Parallel Aware": true,
                      "Relation Name": "movie_keyword",
                      "Alias": "mk",
                      "Startup Cost": 0.0,
                      "Total Cost": 42695.65,
                      "Plan Rows": 1271541,
                      "Plan Width": 4,
                      "Actual Startup Time": 0.044,
                      "Actual Total Time": 132.662,
                      "Actual Rows": 982256,
                      "Actual Loops": 4,
                      "Filter": "(keyword_id > 432)",
                      "Rows Removed by Filter": 148727
                    },
                    {
                      "Node Type": "Hash",
                      "Parent Relationship": "Inner",
                      "Parallel Aware": true,
                      "Startup Cost": 43898.92,
                      "Total Cost": 43898.92,
                      "Plan Rows": 301434,
                      "Plan Width": 4,
                      "Actual Startup Time": 245.48,
                      "Actual Total Time": 245.481,
                      "Actual Rows": 298130,
                      "Actual Loops": 4,
                      "Hash Buckets": 2097152,
                      "Original Hash Buckets": 2097152,
                      "Hash Batches": 1,
                      "Original Hash Batches": 1,
                      "Peak Memory Usage": 63072,
                      "Plans": [
                        {
                          "Node Type": "Seq Scan",
                          "Parent Relationship": "Outer",
                          "Parallel Aware": true,
                          "Relation Name": "title",
                          "Alias": "t",
                          "Startup Cost": 0.0,
                          "Total Cost": 43898.92,
                          "Plan Rows": 301434,
                          "Plan Width": 4,
                          "Actual Startup Time": 0.037,
                          "Actual Total Time": 119.128,
                          "Actual Rows": 298130,
                          "Actual Loops": 4,
                          "Filter": "(production_year > 2003)",
                          "Rows Removed by Filter": 333948
                        }
                      ]
                    }
                  ]
                }
              ]
            }
          ]
        }
      ]
    },
    "Planning Time": 0.506,
    "Triggers": [],
    "Execution Time": 573.184
  }
]