{
  "Plan": {
    "Node Type": "Aggregate",
    "Strategy": "Plain",
    "Partial Mode": "Finalize",
    "Parallel Aware": false,
    "Startup Cost": 90440.02,
    "Total Cost": 90440.03,
    "Plan Rows": 1,
    "Plan Width": 8,
    "Actual Startup Time": 349.477,
    "Actual Total Time": 359.77,
    "Actual Rows": 1,
    "Actual Loops": 1,
    "Plans": [
      {
        "Node Type": "Gather",
        "Parent Relationship": "Outer",
        "Parallel Aware": false,
        "Startup Cost": 90439.91,
        "Total Cost": 90440.02,
        "Plan Rows": 1,
        "Plan Width": 8,
        "Actual Startup Time": 348.912,
        "Actual Total Time": 359.763,
        "Actual Rows": 2,
        "Actual Loops": 1,
        "Workers Planned": 1,
        "Workers Launched": 1,
        "Single Copy": false,
        "Plans": [
          {
            "Node Type": "Aggregate",
            "Strategy": "Plain",
            "Partial Mode": "Partial",
            "Parent Relationship": "Outer",
            "Parallel Aware": false,
            "Startup Cost": 89439.91,
            "Total Cost": 89439.92,
            "Plan Rows": 1,
            "Plan Width": 8,
            "Actual Startup Time": 342.891,
            "Actual Total Time": 342.894,
            "Actual Rows": 1,
            "Actual Loops": 2,
            "Plans": [
              {
                "Node Type": "Hash Join",
                "Parent Relationship": "Outer",
                "Parallel Aware": true,
                "Join Type": "Inner",
                "Startup Cost": 29712.66,
                "Total Cost": 89229.34,
                "Plan Rows": 84226,
                "Plan Width": 0,
                "Actual Startup Time": 233.702,
                "Actual Total Time": 340.038,
                "Actual Rows": 65868,
                "Actual Loops": 2,
                "Inner Unique": false,
                "Hash Cond": "(t.id = mc.movie_id)",
                "Plans": [
                  {
                    "Node Type": "Seq Scan",
                    "Parent Relationship": "Outer",
                    "Parallel Aware": true,
                    "Relation Name": "title",
                    "Alias": "t",
                    "Startup Cost": 0.0,
                    "Total Cost": 54588.39,
                    "Plan Rows": 709255,
                    "Plan Width": 4,
                    "Actual Startup Time": 0.013,
                    "Actual Total Time": 136.683,
                    "Actual Rows": 596259,
                    "Actual Loops": 2,
                    "Filter": "(production_year > 2003)",
                    "Rows Removed by Filter": 667897
                  },
                  {
                    "Node Type": "Hash",
                    "Parent Relationship": "Inner",
                    "Parallel Aware": true,
                    "Startup Cost": 27504.98,
                    "Total Cost": 27504.98,
                    "Plan Rows": 176614,
                    "Plan Width": 4,
                    "Actual Startup Time": 92.629,
                    "Actual Total Time": 92.63,
                    "Actual Rows": 150250,
                    "Actual Loops": 2,
                    "Hash Buckets": 524288,
                    "Original Hash Buckets": 524288,
                    "Hash Batches": 1,
                    "Original Hash Batches": 1,
                    "Peak Memory Usage": 15872,
                    "Plans": [
                      {
                        "Node Type": "Bitmap Heap Scan",
                        "Parent Relationship": "Outer",
                        "Parallel Aware": true,
                        "Relation Name": "movie_companies",
                        "Alias": "mc",
                        "Startup Cost": 6507.31,
                        "Total Cost": 27504.98,
                        "Plan Rows": 176614,
                        "Plan Width": 4,
                        "Actual Startup Time": 27.174,
                        "Actual Total Time": 60.77,
                        "Actual Rows": 150250,
                        "Actual Loops": 2,
                        "Recheck Cond": "(company_id > 94211)",
                        "Rows Removed by Index Recheck": 0,
                        "Exact Heap Blocks": 3246,
                        "Lossy Heap Blocks": 0,
                        "Plans": [
                          {
                            "Node Type": "Bitmap Index Scan",
                            "Parent Relationship": "Outer",
                            "Parallel Aware": false,
                            "Index Name": "company_id_movie_companies",
                            "Startup Cost": 0.0,
                            "Total Cost": 6432.25,
                            "Plan Rows": 300243,
                            "Plan Width": 0,
                            "Actual Startup Time": 26.289,
                            "Actual Total Time": 26.289,
                            "Actual Rows": 300501,
                            "Actual Loops": 1,
                            "Index Cond": "(company_id > 94211)"
                          }
                        ]
                      }
                    ]
                  }
                ]
              }
            ]
          }
        ]
      }
    ]
  },
  "Planning Time": 0.445,
  "Triggers": [],
  "Execution Time": 359.866
}