[
  {
    "Plan": {
      "Node Type": "Aggregate",
      "Strategy": "Plain",
      "Partial Mode": "Finalize",
      "Parallel Aware": false,
      "Startup Cost": 342105.76,
      "Total Cost": 342105.77,
      "Plan Rows": 1,
      "Plan Width": 8,
      "Actual Startup Time": 860.385,
      "Actual Total Time": 910.082,
      "Actual Rows": 1,
      "Actual Loops": 1,
      "Plans": [
        {
          "Node Type": "Gather",
          "Parent Relationship": "Outer",
          "Parallel Aware": false,
          "Startup Cost": 342105.13,
          "Total Cost": 342105.74,
          "Plan Rows": 6,
          "Plan Width": 8,
          "Actual Startup Time": 860.092,
          "Actual Total Time": 910.069,
          "Actual Rows": 7,
          "Actual Loops": 1,
          "Workers Planned": 6,
          "Workers Launched": 6,
          "Single Copy": false,
          "Plans": [
            {
              "Node Type": "Aggregate",
              "Strategy": "Plain",
              "Partial Mode": "Partial",
              "Parent Relationship": "Outer",
              "Parallel Aware": false,
              "Startup Cost": 341105.13,
              "Total Cost": 341105.14,
              "Plan Rows": 1,
              "Plan Width": 8,
              "Actual Startup Time": 854.624,
              "Actual Total Time": 854.625,
              "Actual Rows": 1,
              "Actual Loops": 7,
              "Plans": [
                {
                  "Node Type": "Seq Scan",
                  "Parent Relationship": "Outer",
                  "Parallel Aware": true,
                  "Relation Name": "cast_info",
                  "Alias": "ci",
                  "Startup Cost": 0.0,
                  "Total Cost": 328211.39,
                  "Plan Rows": 5157496,
                  "Plan Width": 0,
                  "Actual Startup Time": 0.032,
                  "Actual Total Time": 644.329,
                  "Actual Rows": 4427039,
                  "Actual Loops": 7,
                  "Filter": "(person_id < 3136307)",
                  "Rows Removed by Filter": 750725
                }
              ]
            }
          ]
        }
      ]
    },
    "Planning Time": 0.089,
    "Triggers": [],
    "Execution Time": 910.133
  }
]