[
  {
    "Plan": {
      "Node Type": "Aggregate",
      "Strategy": "Plain",
      "Partial Mode": "Finalize",
      "Parallel Aware": false,
      "Startup Cost": 342007.52,
      "Total Cost": 342007.53,
      "Plan Rows": 1,
      "Plan Width": 8,
      "Actual Startup Time": 863.661,
      "Actual Total Time": 918.996,
      "Actual Rows": 1,
      "Actual Loops": 1,
      "Plans": [
        {
          "Node Type": "Gather",
          "Parent Relationship": "Outer",
          "Parallel Aware": false,
          "Startup Cost": 342006.9,
          "Total Cost": 342007.51,
          "Plan Rows": 6,
          "Plan Width": 8,
          "Actual Startup Time": 863.517,
          "Actual Total Time": 918.984,
          "Actual Rows": 7,
          "Actual Loops": 1,
          "Workers Planned": 6,
          "Workers Launched": 6,
          "Single Copy": false,
          "Plans": [
            {
              "Node Type": "Aggregate",
              "Strategy": "Plain",
              "Partial Mode": "Partial",
              "Parent Relationship": "Outer",
              "Parallel Aware": false,
              "Startup Cost": 341006.9,
              "Total Cost": 341006.91,
              "Plan Rows": 1,
              "Plan Width": 8,
              "Actual Startup Time": 854.261,
              "Actual Total Time": 854.262,
              "Actual Rows": 1,
              "Actual Loops": 7,
              "Plans": [
                {
                  "Node Type": "Seq Scan",
                  "Parent Relationship": "Outer",
                  "Parallel Aware": true,
                  "Relation Name": "cast_info",
                  "Alias": "ci",
                  "Startup Cost": 0.0,
                  "Total Cost": 328162.03,
                  "Plan Rows": 5137948,
                  "Plan Width": 0,
                  "Actual Startup Time": 0.054,
                  "Actual Total Time": 655.917,
                  "Actual Rows": 4427039,
                  "Actual Loops": 7,
                  "Filter": "(person_id < 3136307)",
                  "Rows Removed by Filter": 750725
                }
              ]
            }
          ]
        }
      ]
    },
    "Planning Time": 0.256,
    "Triggers": [],
    "Execution Time": 919.072
  }
]