[
  {
    "Plan": {
      "Node Type": "Aggregate",
      "Strategy": "Plain",
      "Partial Mode": "Finalize",
      "Parallel Aware": false,
      "Startup Cost": 127494.47,
      "Total Cost": 127494.48,
      "Plan Rows": 1,
      "Plan Width": 8,
      "Actual Startup Time": 587.834,
      "Actual Total Time": 601.058,
      "Actual Rows": 1,
      "Actual Loops": 1,
      "Plans": [
        {
          "Node Type": "Gather",
          "Parent Relationship": "Outer",
          "Parallel Aware": false,
          "Startup Cost": 127494.15,
          "Total Cost": 127494.46,
          "Plan Rows": 3,
          "Plan Width": 8,
          "Actual Startup Time": 584.218,
          "Actual Total Time": 601.05,
          "Actual Rows": 4,
          "Actual Loops": 1,
          "Workers Planned": 3,
          "Workers Launched": 3,
          "Single Copy": false,
          "Plans": [
            {
              "Node Type": "Aggregate",
              "Strategy": "Plain",
              "Partial Mode": "Partial",
              "Parent Relationship": "Outer",
              "Parallel Aware": false,
              "Startup Cost": 126494.15,
              "Total Cost": 126494.16,
              "Plan Rows": 1,
              "Plan Width": 8,
              "Actual Startup Time": 576.399,
              "Actual Total Time": 576.467,
              "Actual Rows": 1,
              "Actual Loops": 4,
              "Plans": [
                {
                  "Node Type": "Hash Join",
                  "Parent Relationship": "Outer",
                  "Parallel Aware": true,
                  "Join Type": "Inner",
                  "Startup Cost": 80622.99,
                  "Total Cost": 125818.48,
                  "Plan Rows": 270268,
                  "Plan Width": 0,
                  "Actual Startup Time": 323.656,
                  "Actual Total Time": 558.947,
                  "Actual Rows": 339138,
                  "Actual Loops": 4,
                  "Inner Unique": false,
                  "Hash Cond": "(mk.movie_id = t.id)",
                  "Plans": [
                    {
                      "Node Type": "Seq Scan",
                      "Parent Relationship": "Outer",
                      "Parallel Aware": true,
                      "Relation Name": "movie_keyword",
                      "Alias": "mk",
                      "Startup Cost": 0.0,
                      "Total Cost": 39047.32,
                      "Plan Rows": 1459332,
                      "Plan Width": 4,
                      "Actual Startup Time": 0.018,
                      "Actual Total Time": 98.232,
                      "Actual Rows": 1130982,
                      "Actual Loops": 4
                    },
                    {
                      "Node Type": "Hash",
                      "Parent Relationship": "Inner",
                      "Parallel Aware": true,
                      "Startup Cost": 79159.73,
                      "Total Cost": 79159.73,
                      "Plan Rows": 117061,
                      "Plan Width": 8,
                      "Actual Startup Time": 320.638,
                      "Actual Total Time": 320.704,
                      "Actual Rows": 66399,
                      "Actual Loops": 4,
                      "Hash Buckets": 524288,
                      "Original Hash Buckets": 524288,
                      "Hash Batches": 1,
                      "Original Hash Batches": 1,
                      "Peak Memory Usage": 14560,
                      "Plans": [
                        {
                          "Node Type": "Hash Join",
                          "Parent Relationship": "Outer",
                          "Parallel Aware": true,
                          "Join Type": "Inner",
                          "Startup Cost": 33302.91,
                          "Total Cost": 79159.73,
                          "Plan Rows": 117061,
                          "Plan Width": 8,
                          "Actual Startup Time": 107.633,
                          "Actual Total Time": 297.723,
                          "Actual Rows": 66399,
                          "Actual Loops": 4,
                          "Inner Unique": false,
                          "Hash Cond": "(t.id = mc.movie_id)",
                          "Plans": [
                            {
                              "Node Type": "Seq Scan",
                              "Parent Relationship": "Outer",
                              "Parallel Aware": true,
                              "Relation Name": "title",
                              "Alias": "t",
                              "Startup Cost": 0.0,
                              "Total Cost": 42318.81,
                              "Plan Rows": 632080,
                              "Plan Width": 4,
                              "Actual Startup Time": 0.016,
                              "Actual Total Time": 76.165,
                              "Actual Rows": 632078,
                              "Actual Loops": 4
                            },
                            {
                              "Node Type": "Hash",
                              "Parent Relationship": "Inner",
                              "Parallel Aware": true,
                              "Startup Cost": 31414.82,
                              "Total Cost": 31414.82,
                              "Plan Rows": 151047,
                              "Plan Width": 4,
                              "Actual Startup Time": 106.184,
                              "Actual Total Time": 106.185,
                              "Actual Rows": 66399,
                              "Actual Loops": 4,
                              "Hash Buckets": 524288,
                              "Original Hash Buckets": 524288,
                              "Hash Batches": 1,
                              "Original Hash Batches": 1,
                              "Peak Memory Usage": 14528,
                              "Plans": [
                                {
                                  "Node Type": "Seq Scan",
                                  "Parent Relationship": "Outer",
                                  "Parallel Aware": true,
                                  "Relation Name": "movie_companies",
                                  "Alias": "mc",
                                  "Startup Cost": 0.0,
                                  "Total Cost": 31414.82,
                                  "Plan Rows": 151047,
                                  "Plan Width": 4,
                                  "Actual Startup Time": 47.387,
                                  "Actual Total Time": 82.03,
                                  "Actual Rows": 66399,
                                  "Actual Loops": 4,
                                  "Filter": "((company_id < 3099) AND (company_type_id > 1))",
                                  "Rows Removed by Filter": 585883
                                }
                              ]
                            }
                          ]
                        }
                      ]
                    }
                  ]
                }
              ]
            }
          ]
        }
      ]
    },
    "Planning Time": 0.783,
    "Triggers": [],
    "Execution Time": 601.105
  }
]