[
  {
    "Plan": {
      "Node Type": "Aggregate",
      "Strategy": "Plain",
      "Partial Mode": "Finalize",
      "Parallel Aware": false,
      "Startup Cost": 288774.46,
      "Total Cost": 288774.47,
      "Plan Rows": 1,
      "Plan Width": 8,
      "Actual Startup Time": 2235.264,
      "Actual Total Time": 2282.982,
      "Actual Rows": 1,
      "Actual Loops": 1,
      "Plans": [
        {
          "Node Type": "Gather",
          "Parent Relationship": "Outer",
          "Parallel Aware": false,
          "Startup Cost": 288773.94,
          "Total Cost": 288774.45,
          "Plan Rows": 5,
          "Plan Width": 8,
          "Actual Startup Time": 2227.508,
          "Actual Total Time": 2282.953,
          "Actual Rows": 6,
          "Actual Loops": 1,
          "Workers Planned": 5,
          "Workers Launched": 5,
          "Single Copy": false,
          "Plans": [
            {
              "Node Type": "Aggregate",
              "Strategy": "Plain",
              "Partial Mode": "Partial",
              "Parent Relationship": "Outer",
              "Parallel Aware": false,
              "Startup Cost": 287773.94,
              "Total Cost": 287773.95,
              "Plan Rows": 1,
              "Plan Width": 8,
              "Actual Startup Time": 2214.959,
              "Actual Total Time": 2215.259,
              "Actual Rows": 1,
              "Actual Loops": 6,
              "Plans": [
                {
                  "Node Type": "Hash Join",
                  "Parent Relationship": "Outer",
                  "Parallel Aware": true,
                  "Join Type": "Inner",
                  "Startup Cost": 82263.35,
                  "Total Cost": 286342.68,
                  "Plan Rows": 572502,
                  "Plan Width": 0,
                  "Actual Startup Time": 488.525,
                  "Actual Total Time": 1910.47,
                  "Actual Rows": 5205658,
                  "Actual Loops": 6,
                  "Inner Unique": false,
                  "Hash Cond": "(mi.movie_id = t.id)",
                  "Plans": [
                    {
                      "Node Type": "Seq Scan",
                      "Parent Relationship": "Outer",
                      "Parallel Aware": true,
                      "Relation Name": "movie_info",
                      "Alias": "mi",
                      "Startup Cost": 0.0,
                      "Total Cost": 191560.33,
                      "Plan Rows": 2956733,
                      "Plan Width": 4,
                      "Actual Startup Time": 0.022,
                      "Actual Total Time": 359.965,
                      "Actual Rows": 2472620,
                      "Actual Loops": 6
                    },
                    {
                      "Node Type": "Hash",
                      "Parent Relationship": "Inner",
                      "Parallel Aware": true,
                      "Startup Cost": 80733.53,
                      "Total Cost": 80733.53,
                      "Plan Rows": 122386,
                      "Plan Width": 8,
                      "Actual Startup Time": 484.94,
                      "Actual Total Time": 485.238,
                      "Actual Rows": 129696,
                      "Actual Loops": 6,
                      "Hash Buckets": 1048576,
                      "Original Hash Buckets": 524288,
                      "Hash Batches": 1,
                      "Original Hash Batches": 1,
                      "Peak Memory Usage": 42848,
                      "Plans": [
                        {
                          "Node Type": "Hash Join",
                          "Parent Relationship": "Outer",
                          "Parallel Aware": true,
                          "Join Type": "Inner",
                          "Startup Cost": 34199.69,
                          "Total Cost": 80733.53,
                          "Plan Rows": 122386,
                          "Plan Width": 8,
                          "Actual Startup Time": 177.74,
                          "Actual Total Time": 413.039,
                          "Actual Rows": 129696,
                          "Actual Loops": 6,
                          "Inner Unique": false,
                          "Hash Cond": "(t.id = mc.movie_id)",
                          "Plans": [
                            {
                              "Node Type": "Seq Scan",
                              "Parent Relationship": "Outer",
                              "Parallel Aware": true,
                              "Relation Name": "title",
                              "Alias": "t",
                              "Startup Cost": 0.0,
                              "Total Cost": 43898.92,
                              "Plan Rows": 448026,
                              "Plan Width": 4,
                              "Actual Startup Time": 0.026,
                              "Actual Total Time": 99.333,
                              "Actual Rows": 299026,
                              "Actual Loops": 6,
                              "Filter": "(production_year < 2009)",
                              "Rows Removed by Filter": 122360
                            },
                            {
                              "Node Type": "Hash",
                              "Parent Relationship": "Inner",
                              "Parallel Aware": true,
                              "Startup Cost": 31414.82,
                              "Total Cost": 31414.82,
                              "Plan Rows": 222790,
                              "Plan Width": 4,
                              "Actual Startup Time": 175.4,
                              "Actual Total Time": 175.401,
                              "Actual Rows": 158186,
                              "Actual Loops": 6,
                              "Hash Buckets": 1048576,
                              "Original Hash Buckets": 1048576,
                              "Hash Batches": 1,
                              "Original Hash Batches": 1,
                              "Peak Memory Usage": 45376,
                              "Plans": [
                                {
                                  "Node Type": "Seq Scan",
                                  "Parent Relationship": "Outer",
                                  "Parallel Aware": true,
                                  "Relation Name": "movie_companies",
                                  "Alias": "mc",
                                  "Startup Cost": 0.0,
                                  "Total Cost": 31414.82,
                                  "Plan Rows": 222790,
                                  "Plan Width": 4,
                                  "Actual Startup Time": 0.061,
                                  "Actual Total Time": 95.271,
                                  "Actual Rows": 158186,
                                  "Actual Loops": 6,
                                  "Filter": "((company_id < 12198) AND (company_type_id = 1))",
                                  "Rows Removed by Filter": 276669
                                }
                              ]
                            }
                          ]
                        }
                      ]
                    }
                  ]
                }
              ]
            }
          ]
        }
      ]
    },
    "Planning Time": 1.461,
    "Triggers": [],
    "Execution Time": 2283.077
  }
]