[
  {
    "Plan": {
      "Node Type": "Aggregate",
      "Strategy": "Plain",
      "Partial Mode": "Finalize",
      "Parallel Aware": false,
      "Startup Cost": 331988.36,
      "Total Cost": 331988.37,
      "Plan Rows": 1,
      "Plan Width": 8,
      "Actual Startup Time": 593.196,
      "Actual Total Time": 635.721,
      "Actual Rows": 1,
      "Actual Loops": 1,
      "Plans": [
        {
          "Node Type": "Gather",
          "Parent Relationship": "Outer",
          "Parallel Aware": false,
          "Startup Cost": 331987.74,
          "Total Cost": 331988.35,
          "Plan Rows": 6,
          "Plan Width": 8,
          "Actual Startup Time": 593.004,
          "Actual Total Time": 635.697,
          "Actual Rows": 7,
          "Actual Loops": 1,
          "Workers Planned": 6,
          "Workers Launched": 6,
          "Single Copy": false,
          "Plans": [
            {
              "Node Type": "Aggregate",
              "Strategy": "Plain",
              "Partial Mode": "Partial",
              "Parent Relationship": "Outer",
              "Parallel Aware": false,
              "Startup Cost": 330987.74,
              "Total Cost": 330987.75,
              "Plan Rows": 1,
              "Plan Width": 8,
              "Actual Startup Time": 584.908,
              "Actual Total Time": 584.909,
              "Actual Rows": 1,
              "Actual Loops": 7,
              "Plans": [
                {
                  "Node Type": "Seq Scan",
                  "Parent Relationship": "Outer",
                  "Parallel Aware": true,
                  "Relation Name": "cast_info",
                  "Alias": "ci",
                  "Startup Cost": 0.0,
                  "Total Cost": 328211.39,
                  "Plan Rows": 1110538,
                  "Plan Width": 0,
                  "Actual Startup Time": 0.051,
                  "Actual Total Time": 537.495,
                  "Actual Rows": 967960,
                  "Actual Loops": 7,
                  "Filter": "(person_id < 654840)",
                  "Rows Removed by Filter": 4209804
                }
              ]
            }
          ]
        }
      ]
    },
    "Planning Time": 0.098,
    "Triggers": [],
    "Execution Time": 635.762
  }
]