{
  "Plan": {
    "Node Type": "Aggregate",
    "Strategy": "Plain",
    "Partial Mode": "Finalize",
    "Parallel Aware": false,
    "Startup Cost": 96626.39,
    "Total Cost": 96626.4,
    "Plan Rows": 1,
    "Plan Width": 8,
    "Actual Startup Time": 305.2,
    "Actual Total Time": 322.199,
    "Actual Rows": 1,
    "Actual Loops": 1,
    "Plans": [
      {
        "Node Type": "Gather",
        "Parent Relationship": "Outer",
        "Parallel Aware": false,
        "Startup Cost": 96626.28,
        "Total Cost": 96626.39,
        "Plan Rows": 1,
        "Plan Width": 8,
        "Actual Startup Time": 304.57,
        "Actual Total Time": 322.19,
        "Actual Rows": 2,
        "Actual Loops": 1,
        "Workers Planned": 1,
        "Workers Launched": 1,
        "Single Copy": false,
        "Plans": [
          {
            "Node Type": "Aggregate",
            "Strategy": "Plain",
            "Partial Mode": "Partial",
            "Parent Relationship": "Outer",
            "Parallel Aware": false,
            "Startup Cost": 95626.28,
            "Total Cost": 95626.29,
            "Plan Rows": 1,
            "Plan Width": 8,
            "Actual Startup Time": 298.595,
            "Actual Total Time": 298.599,
            "Actual Rows": 1,
            "Actual Loops": 2,
            "Plans": [
              {
                "Node Type": "Hash Join",
                "Parent Relationship": "Outer",
                "Parallel Aware": true,
                "Join Type": "Inner",
                "Startup Cost": 66589.01,
                "Total Cost": 95578.48,
                "Plan Rows": 19121,
                "Plan Width": 0,
                "Actual Startup Time": 194.507,
                "Actual Total Time": 298.113,
                "Actual Rows": 6886,
                "Actual Loops": 2,
                "Inner Unique": true,
                "Hash Cond": "(mk.movie_id = t.id)",
                "Plans": [
                  {
                    "Node Type": "Bitmap Heap Scan",
                    "Parent Relationship": "Outer",
                    "Parallel Aware": true,
                    "Relation Name": "movie_keyword",
                    "Alias": "mk",
                    "Startup Cost": 10815.17,
                    "Total Cost": 39017.49,
                    "Plan Rows": 299866,
                    "Plan Width": 4,
                    "Actual Startup Time": 31.235,
                    "Actual Total Time": 99.06,
                    "Actual Rows": 260439,
                    "Actual Loops": 2,
                    "Recheck Cond": "(keyword_id < 382)",
                    "Rows Removed by Index Recheck": 0,
                    "Exact Heap Blocks": 14605,
                    "Lossy Heap Blocks": 0,
                    "Plans": [
                      {
                        "Node Type": "Bitmap Index Scan",
                        "Parent Relationship": "Outer",
                        "Parallel Aware": false,
                        "Index Name": "keyword_id_movie_keyword",
                        "Startup Cost": 0.0,
                        "Total Cost": 10687.72,
                        "Plan Rows": 509772,
                        "Plan Width": 0,
                        "Actual Startup Time": 27.668,
                        "Actual Total Time": 27.669,
                        "Actual Rows": 520878,
                        "Actual Loops": 1,
                        "Index Cond": "(keyword_id < 382)"
                      }
                    ]
                  },
                  {
                    "Node Type": "Hash",
                    "Parent Relationship": "Inner",
                    "Parallel Aware": true,
                    "Startup Cost": 54588.39,
                    "Total Cost": 54588.39,
                    "Plan Rows": 94836,
                    "Plan Width": 4,
                    "Actual Startup Time": 159.859,
                    "Actual Total Time": 159.86,
                    "Actual Rows": 80008,
                    "Actual Loops": 2,
                    "Hash Buckets": 262144,
                    "Original Hash Buckets": 262144,
                    "Hash Batches": 1,
                    "Original Hash Batches": 1,
                    "Peak Memory Usage": 8352,
                    "Plans": [
                      {
                        "Node Type": "Seq Scan",
                        "Parent Relationship": "Outer",
                        "Parallel Aware": true,
                        "Relation Name": "title",
                        "Alias": "t",
                        "Startup Cost": 0.0,
                        "Total Cost": 54588.39,
                        "Plan Rows": 94836,
                        "Plan Width": 4,
                        "Actual Startup Time": 0.038,
                        "Actual Total Time": 139.093,
                        "Actual Rows": 80008,
                        "Actual Loops": 2,
                        "Filter": "(production_year = 2011)",
                        "Rows Removed by Filter": 1184148
                      }
                    ]
                  }
                ]
              }
            ]
          }
        ]
      }
    ]
  },
  "Planning Time": 0.447,
  "Triggers": [],
  "Execution Time": 322.294
}