{
  "Plan": {
    "Node Type": "Aggregate",
    "Strategy": "Plain",
    "Partial Mode": "Finalize",
    "Parallel Aware": false,
    "Startup Cost": 223494.06,
    "Total Cost": 223494.07,
    "Plan Rows": 1,
    "Plan Width": 8,
    "Actual Startup Time": 586.563,
    "Actual Total Time": 608.071,
    "Actual Rows": 1,
    "Actual Loops": 1,
    "Plans": [
      {
        "Node Type": "Gather",
        "Parent Relationship": "Outer",
        "Parallel Aware": false,
        "Startup Cost": 223493.95,
        "Total Cost": 223494.06,
        "Plan Rows": 1,
        "Plan Width": 8,
        "Actual Startup Time": 585.83,
        "Actual Total Time": 608.063,
        "Actual Rows": 2,
        "Actual Loops": 1,
        "Workers Planned": 1,
        "Workers Launched": 1,
        "Single Copy": false,
        "Plans": [
          {
            "Node Type": "Aggregate",
            "Strategy": "Plain",
            "Partial Mode": "Partial",
            "Parent Relationship": "Outer",
            "Parallel Aware": false,
            "Startup Cost": 222493.95,
            "Total Cost": 222493.96,
            "Plan Rows": 1,
            "Plan Width": 8,
            "Actual Startup Time": 579.505,
            "Actual Total Time": 579.51,
            "Actual Rows": 1,
            "Actual Loops": 2,
            "Plans": [
              {
                "Node Type": "Hash Join",
                "Parent Relationship": "Outer",
                "Parallel Aware": true,
                "Join Type": "Inner",
                "Startup Cost": 202146.32,
                "Total Cost": 222427.15,
                "Plan Rows": 26721,
                "Plan Width": 0,
                "Actual Startup Time": 490.404,
                "Actual Total Time": 578.535,
                "Actual Rows": 23536,
                "Actual Loops": 2,
                "Inner Unique": false,
                "Hash Cond": "(mi_idx.movie_id = t.id)",
                "Plans": [
                  {
                    "Node Type": "Seq Scan",
                    "Parent Relationship": "Outer",
                    "Parallel Aware": true,
                    "Relation Name": "movie_info_idx",
                    "Alias": "mi_idx",
                    "Startup Cost": 0.0,
                    "Total Cost": 18082.32,
                    "Plan Rows": 544356,
                    "Plan Width": 4,
                    "Actual Startup Time": 0.015,
                    "Actual Total Time": 54.261,
                    "Actual Rows": 460055,
                    "Actual Loops": 2,
                    "Filter": "(info_type_id > 99)",
                    "Rows Removed by Filter": 229962
                  },
                  {
                    "Node Type": "Hash",
                    "Parent Relationship": "Inner",
                    "Parallel Aware": true,
                    "Startup Cost": 201233.77,
                    "Total Cost": 201233.77,
                    "Plan Rows": 73004,
                    "Plan Width": 8,
                    "Actual Startup Time": 488.012,
                    "Actual Total Time": 488.016,
                    "Actual Rows": 19441,
                    "Actual Loops": 2,
                    "Hash Buckets": 131072,
                    "Original Hash Buckets": 131072,
                    "Hash Batches": 1,
                    "Original Hash Batches": 1,
                    "Peak Memory Usage": 2592,
                    "Plans": [
                      {
                        "Node Type": "Hash Join",
                        "Parent Relationship": "Outer",
                        "Parallel Aware": true,
                        "Join Type": "Inner",
                        "Startup Cost": 57304.35,
                        "Total Cost": 201233.77,
                        "Plan Rows": 73004,
                        "Plan Width": 8,
                        "Actual Startup Time": 154.227,
                        "Actual Total Time": 481.639,
                        "Actual Rows": 19441,
                        "Actual Loops": 2,
                        "Inner Unique": true,
                        "Hash Cond": "(ci.movie_id = t.id)",
                        "Plans": [
                          {
                            "Node Type": "Index Scan",
                            "Parent Relationship": "Outer",
                            "Parallel Aware": true,
                            "Scan Direction": "Forward",
                            "Index Name": "role_id_cast_info",
                            "Relation Name": "cast_info",
                            "Alias": "ci",
                            "Startup Cost": 0.56,
                            "Total Cost": 140896.75,
                            "Plan Rows": 1155514,
                            "Plan Width": 4,
                            "Actual Startup Time": 0.185,
                            "Actual Total Time": 272.556,
                            "Actual Rows": 315807,
                            "Actual Loops": 2,
                            "Index Cond": "(role_id = 10)",
                            "Rows Removed by Index Recheck": 0,
                            "Filter": "(person_id < 1607267)",
                            "Rows Removed by Filter": 1845702
                          },
                          {
                            "Node Type": "Hash",
                            "Parent Relationship": "Inner",
                            "Parallel Aware": true,
                            "Startup Cost": 56129.28,
                            "Total Cost": 56129.28,
                            "Plan Rows": 93961,
                            "Plan Width": 4,
                            "Actual Startup Time": 151.747,
                            "Actual Total Time": 151.748,
                            "Actual Rows": 74902,
                            "Actual Loops": 2,
                            "Hash Buckets": 262144,
                            "Original Hash Buckets": 262144,
                            "Hash Batches": 1,
                            "Original Hash Batches": 1,
                            "Peak Memory Usage": 7936,
                            "Plans": [
                              {
                                "Node Type": "Bitmap Heap Scan",
                                "Parent Relationship": "Outer",
                                "Parallel Aware": true,
                                "Relation Name": "title",
                                "Alias": "t",
                                "Startup Cost": 13478.89,
                                "Total Cost": 56129.28,
                                "Plan Rows": 93961,
                                "Plan Width": 4,
                                "Actual Startup Time": 46.653,
                                "Actual Total Time": 136.453,
                                "Actual Rows": 74902,
                                "Actual Loops": 2,
                                "Recheck Cond": "(kind_id < 3)",
                                "Rows Removed by Index Recheck": 0,
                                "Filter": "(production_year > 2009)",
                                "Rows Removed by Filter": 301936,
                                "Exact Heap Blocks": 27533,
                                "Lossy Heap Blocks": 0,
                                "Plans": [
                                  {
                                    "Node Type": "Bitmap Index Scan",
                                    "Parent Relationship": "Outer",
                                    "Parallel Aware": false,
                                    "Index Name": "kind_id_title",
                                    "Startup Cost": 0.0,
                                    "Total Cost": 13438.96,
                                    "Plan Rows": 753937,
                                    "Plan Width": 0,
                                    "Actual Startup Time": 42.438,
                                    "Actual Total Time": 42.439,
                                    "Actual Rows": 753677,
                                    "Actual Loops": 1,
                                    "Index Cond": "(kind_id < 3)"
                                  }
                                ]
                              }
                            ]
                          }
                        ]
                      }
                    ]
                  }
                ]
              }
            ]
          }
        ]
      }
    ]
  },
  "Planning Time": 0.973,
  "Triggers": [],
  "Execution Time": 608.21
}