[
  {
    "Plan": {
      "Node Type": "Aggregate",
      "Strategy": "Plain",
      "Partial Mode": "Finalize",
      "Parallel Aware": false,
      "Startup Cost": 45458.98,
      "Total Cost": 45458.99,
      "Plan Rows": 1,
      "Plan Width": 8,
      "Actual Startup Time": 131.543,
      "Actual Total Time": 140.38,
      "Actual Rows": 1,
      "Actual Loops": 1,
      "Plans": [
        {
          "Node Type": "Gather",
          "Parent Relationship": "Outer",
          "Parallel Aware": false,
          "Startup Cost": 45458.66,
          "Total Cost": 45458.97,
          "Plan Rows": 3,
          "Plan Width": 8,
          "Actual Startup Time": 131.41,
          "Actual Total Time": 140.367,
          "Actual Rows": 4,
          "Actual Loops": 1,
          "Workers Planned": 3,
          "Workers Launched": 3,
          "Single Copy": false,
          "Plans": [
            {
              "Node Type": "Aggregate",
              "Strategy": "Plain",
              "Partial Mode": "Partial",
              "Parent Relationship": "Outer",
              "Parallel Aware": false,
              "Startup Cost": 44458.66,
              "Total Cost": 44458.67,
              "Plan Rows": 1,
              "Plan Width": 8,
              "Actual Startup Time": 127.458,
              "Actual Total Time": 127.46,
              "Actual Rows": 1,
              "Actual Loops": 4,
              "Plans": [
                {
                  "Node Type": "Seq Scan",
                  "Parent Relationship": "Outer",
                  "Parallel Aware": true,
                  "Relation Name": "movie_keyword",
                  "Alias": "mk",
                  "Startup Cost": 0.0,
                  "Total Cost": 42695.65,
                  "Plan Rows": 705203,
                  "Plan Width": 0,
                  "Actual Startup Time": 0.361,
                  "Actual Total Time": 104.02,
                  "Actual Rows": 543766,
                  "Actual Loops": 4,
                  "Filter": "(keyword_id > 5255)",
                  "Rows Removed by Filter": 587216
                }
              ]
            }
          ]
        }
      ]
    },
    "Planning Time": 0.192,
    "Triggers": [],
    "Execution Time": 140.439
  }
]