{
  "Plan": {
    "Node Type": "Aggregate",
    "Strategy": "Plain",
    "Partial Mode": "Finalize",
    "Parallel Aware": false,
    "Startup Cost": 254555.44,
    "Total Cost": 254555.45,
    "Plan Rows": 1,
    "Plan Width": 8,
    "Actual Startup Time": 465.993,
    "Actual Total Time": 480.517,
    "Actual Rows": 1,
    "Actual Loops": 1,
    "Plans": [
      {
        "Node Type": "Gather",
        "Parent Relationship": "Outer",
        "Parallel Aware": false,
        "Startup Cost": 254555.32,
        "Total Cost": 254555.43,
        "Plan Rows": 1,
        "Plan Width": 8,
        "Actual Startup Time": 465.155,
        "Actual Total Time": 480.51,
        "Actual Rows": 2,
        "Actual Loops": 1,
        "Workers Planned": 1,
        "Workers Launched": 1,
        "Single Copy": false,
        "Plans": [
          {
            "Node Type": "Aggregate",
            "Strategy": "Plain",
            "Partial Mode": "Partial",
            "Parent Relationship": "Outer",
            "Parallel Aware": false,
            "Startup Cost": 253555.32,
            "Total Cost": 253555.33,
            "Plan Rows": 1,
            "Plan Width": 8,
            "Actual Startup Time": 459.154,
            "Actual Total Time": 459.159,
            "Actual Rows": 1,
            "Actual Loops": 2,
            "Plans": [
              {
                "Node Type": "Nested Loop",
                "Parent Relationship": "Outer",
                "Parallel Aware": false,
                "Join Type": "Inner",
                "Startup Cost": 61823.46,
                "Total Cost": 253231.37,
                "Plan Rows": 129582,
                "Plan Width": 0,
                "Actual Startup Time": 249.098,
                "Actual Total Time": 455.825,
                "Actual Rows": 77863,
                "Actual Loops": 2,
                "Inner Unique": false,
                "Plans": [
                  {
                    "Node Type": "Hash Join",
                    "Parent Relationship": "Outer",
                    "Parallel Aware": true,
                    "Join Type": "Inner",
                    "Startup Cost": 61823.03,
                    "Total Cost": 104639.74,
                    "Plan Rows": 72419,
                    "Plan Width": 8,
                    "Actual Startup Time": 248.61,
                    "Actual Total Time": 397.128,
                    "Actual Rows": 30366,
                    "Actual Loops": 2,
                    "Inner Unique": true,
                    "Hash Cond": "(mc.movie_id = t.id)",
                    "Plans": [
                      {
                        "Node Type": "Seq Scan",
                        "Parent Relationship": "Outer",
                        "Parallel Aware": true,
                        "Relation Name": "movie_companies",
                        "Alias": "mc",
                        "Startup Cost": 0.0,
                        "Total Cost": 41811.73,
                        "Plan Rows": 382849,
                        "Plan Width": 4,
                        "Actual Startup Time": 47.1,
                        "Actual Total Time": 108.191,
                        "Actual Rows": 451370,
                        "Actual Loops": 2,
                        "Filter": "((company_id > 11385) AND (company_type_id = 2))",
                        "Rows Removed by Filter": 853194
                      },
                      {
                        "Node Type": "Hash",
                        "Parent Relationship": "Inner",
                        "Parallel Aware": true,
                        "Startup Cost": 58306.47,
                        "Total Cost": 58306.47,
                        "Plan Rows": 281325,
                        "Plan Width": 4,
                        "Actual Startup Time": 198.636,
                        "Actual Total Time": 198.637,
                        "Actual Rows": 259164,
                        "Actual Loops": 2,
                        "Hash Buckets": 524288,
                        "Original Hash Buckets": 524288,
                        "Hash Batches": 1,
                        "Original Hash Batches": 1,
                        "Peak Memory Usage": 24384,
                        "Plans": [
                          {
                            "Node Type": "Seq Scan",
                            "Parent Relationship": "Outer",
                            "Parallel Aware": true,
                            "Relation Name": "title",
                            "Alias": "t",
                            "Startup Cost": 0.0,
                            "Total Cost": 58306.47,
                            "Plan Rows": 281325,
                            "Plan Width": 4,
                            "Actual Startup Time": 0.033,
                            "Actual Total Time": 141.469,
                            "Actual Rows": 259164,
                            "Actual Loops": 2,
                            "Filter": "((production_year > 2007) AND (kind_id = 7))",
                            "Rows Removed by Filter": 1004992
                          }
                        ]
                      }
                    ]
                  },
                  {
                    "Node Type": "Index Only Scan",
                    "Parent Relationship": "Inner",
                    "Parallel Aware": false,
                    "Scan Direction": "Forward",
                    "Index Name": "movie_id_movie_keyword",
                    "Relation Name": "movie_keyword",
                    "Alias": "mk",
                    "Startup Cost": 0.43,
                    "Total Cost": 1.6,
                    "Plan Rows": 45,
                    "Plan Width": 4,
                    "Actual Startup Time": 0.001,
                    "Actual Total Time": 0.002,
                    "Actual Rows": 3,
                    "Actual Loops": 60733,
                    "Index Cond": "(movie_id = t.id)",
                    "Rows Removed by Index Recheck": 0,
                    "Heap Fetches": 155726
                  }
                ]
              }
            ]
          }
        ]
      }
    ]
  },
  "Planning Time": 0.516,
  "Triggers": [],
  "Execution Time": 480.568
}