[
  {
    "Plan": {
      "Node Type": "Aggregate",
      "Strategy": "Plain",
      "Partial Mode": "Finalize",
      "Parallel Aware": false,
      "Startup Cost": 31793.58,
      "Total Cost": 31793.59,
      "Plan Rows": 1,
      "Plan Width": 8,
      "Actual Startup Time": 126.774,
      "Actual Total Time": 134.146,
      "Actual Rows": 1,
      "Actual Loops": 1,
      "Plans": [
        {
          "Node Type": "Gather",
          "Parent Relationship": "Outer",
          "Parallel Aware": false,
          "Startup Cost": 31793.26,
          "Total Cost": 31793.57,
          "Plan Rows": 3,
          "Plan Width": 8,
          "Actual Startup Time": 126.663,
          "Actual Total Time": 134.137,
          "Actual Rows": 4,
          "Actual Loops": 1,
          "Workers Planned": 3,
          "Workers Launched": 3,
          "Single Copy": false,
          "Plans": [
            {
              "Node Type": "Aggregate",
              "Strategy": "Plain",
              "Partial Mode": "Partial",
              "Parent Relationship": "Outer",
              "Parallel Aware": false,
              "Startup Cost": 30793.26,
              "Total Cost": 30793.27,
              "Plan Rows": 1,
              "Plan Width": 8,
              "Actual Startup Time": 118.549,
              "Actual Total Time": 118.55,
              "Actual Rows": 1,
              "Actual Loops": 4,
              "Plans": [
                {
                  "Node Type": "Seq Scan",
                  "Parent Relationship": "Outer",
                  "Parallel Aware": true,
                  "Relation Name": "movie_companies",
                  "Alias": "mc",
                  "Startup Cost": 0.0,
                  "Total Cost": 29310.68,
                  "Plan Rows": 593032,
                  "Plan Width": 0,
                  "Actual Startup Time": 0.049,
                  "Actual Total Time": 91.722,
                  "Actual Rows": 455985,
                  "Actual Loops": 4,
                  "Filter": "(company_id < 32117)",
                  "Rows Removed by Filter": 196298
                }
              ]
            }
          ]
        }
      ]
    },
    "Planning Time": 0.201,
    "Triggers": [],
    "Execution Time": 134.206
  }
]