[
  {
    "Plan": {
      "Node Type": "Aggregate",
      "Strategy": "Plain",
      "Partial Mode": "Finalize",
      "Parallel Aware": false,
      "Startup Cost": 452539.78,
      "Total Cost": 452539.79,
      "Plan Rows": 1,
      "Plan Width": 8,
      "Actual Startup Time": 2987.602,
      "Actual Total Time": 3059.503,
      "Actual Rows": 1,
      "Actual Loops": 1,
      "Plans": [
        {
          "Node Type": "Gather",
          "Parent Relationship": "Outer",
          "Parallel Aware": false,
          "Startup Cost": 452539.16,
          "Total Cost": 452539.77,
          "Plan Rows": 6,
          "Plan Width": 8,
          "Actual Startup Time": 2973.621,
          "Actual Total Time": 3059.488,
          "Actual Rows": 7,
          "Actual Loops": 1,
          "Workers Planned": 6,
          "Workers Launched": 6,
          "Single Copy": false,
          "Plans": [
            {
              "Node Type": "Aggregate",
              "Strategy": "Plain",
              "Partial Mode": "Partial",
              "Parent Relationship": "Outer",
              "Parallel Aware": false,
              "Startup Cost": 451539.16,
              "Total Cost": 451539.17,
              "Plan Rows": 1,
              "Plan Width": 8,
              "Actual Startup Time": 2961.559,
              "Actual Total Time": 2961.749,
              "Actual Rows": 1,
              "Actual Loops": 7,
              "Plans": [
                {
                  "Node Type": "Hash Join",
                  "Parent Relationship": "Outer",
                  "Parallel Aware": true,
                  "Join Type": "Inner",
                  "Startup Cost": 93463.69,
                  "Total Cost": 449297.04,
                  "Plan Rows": 896848,
                  "Plan Width": 0,
                  "Actual Startup Time": 656.068,
                  "Actual Total Time": 2539.193,
                  "Actual Rows": 7256807,
                  "Actual Loops": 7,
                  "Inner Unique": false,
                  "Hash Cond": "(ci.movie_id = t.id)",
                  "Plans": [
                    {
                      "Node Type": "Seq Scan",
                      "Parent Relationship": "Outer",
                      "Parallel Aware": true,
                      "Relation Name": "cast_info",
                      "Alias": "ci",
                      "Startup Cost": 0.0,
                      "Total Cost": 343316.27,
                      "Plan Rows": 2566404,
                      "Plan Width": 4,
                      "Actual Startup Time": 251.256,
                      "Actual Total Time": 854.764,
                      "Actual Rows": 2865838,
                      "Actual Loops": 7,
                      "Filter": "((person_id > 1249338) AND (role_id > 1))",
                      "Rows Removed by Filter": 2311926
                    },
                    {
                      "Node Type": "Hash",
                      "Parent Relationship": "Inner",
                      "Parallel Aware": true,
                      "Startup Cost": 89900.89,
                      "Total Cost": 89900.89,
                      "Plan Rows": 285024,
                      "Plan Width": 8,
                      "Actual Startup Time": 401.059,
                      "Actual Total Time": 401.247,
                      "Actual Rows": 196901,
                      "Actual Loops": 7,
                      "Hash Buckets": 2097152,
                      "Original Hash Buckets": 1048576,
                      "Hash Batches": 1,
                      "Original Hash Batches": 1,
                      "Peak Memory Usage": 78624,
                      "Plans": [
                        {
                          "Node Type": "Hash Join",
                          "Parent Relationship": "Outer",
                          "Parallel Aware": true,
                          "Join Type": "Inner",
                          "Startup Cost": 47022.81,
                          "Total Cost": 89900.89,
                          "Plan Rows": 285024,
                          "Plan Width": 8,
                          "Actual Startup Time": 125.64,
                          "Actual Total Time": 301.13,
                          "Actual Rows": 196901,
                          "Actual Loops": 7,
                          "Inner Unique": true,
                          "Hash Cond": "(mk.movie_id = t.id)",
                          "Plans": [
                            {
                              "Node Type": "Seq Scan",
                              "Parent Relationship": "Outer",
                              "Parallel Aware": true,
                              "Relation Name": "movie_keyword",
                              "Alias": "mk",
                              "Startup Cost": 0.0,
                              "Total Cost": 39047.32,
                              "Plan Rows": 1459332,
                              "Plan Width": 4,
                              "Actual Startup Time": 0.035,
                              "Actual Total Time": 73.52,
                              "Actual Rows": 646276,
                              "Actual Loops": 7
                            },
                            {
                              "Node Type": "Hash",
                              "Parent Relationship": "Inner",
                              "Parallel Aware": true,
                              "Startup Cost": 45479.59,
                              "Total Cost": 45479.59,
                              "Plan Rows": 123458,
                              "Plan Width": 4,
                              "Actual Startup Time": 124.531,
                              "Actual Total Time": 124.533,
                              "Actual Rows": 60041,
                              "Actual Loops": 7,
                              "Hash Buckets": 524288,
                              "Original Hash Buckets": 524288,
                              "Hash Batches": 1,
                              "Original Hash Batches": 1,
                              "Peak Memory Usage": 20672,
                              "Plans": [
                                {
                                  "Node Type": "Seq Scan",
                                  "Parent Relationship": "Outer",
                                  "Parallel Aware": true,
                                  "Relation Name": "title",
                                  "Alias": "t",
                                  "Startup Cost": 0.0,
                                  "Total Cost": 45479.59,
                                  "Plan Rows": 123458,
                                  "Plan Width": 4,
                                  "Actual Startup Time": 0.1,
                                  "Actual Total Time": 89.654,
                                  "Actual Rows": 60041,
                                  "Actual Loops": 7,
                                  "Filter": "((kind_id < 7) AND (production_year > 2002))",
                                  "Rows Removed by Filter": 301147
                                }
                              ]
                            }
                          ]
                        }
                      ]
                    }
                  ]
                }
              ]
            }
          ]
        }
      ]
    },
    "Planning Time": 1.137,
    "Triggers": [],
    "Execution Time": 3059.598
  }
]