[
  {
    "Plan": {
      "Node Type": "Aggregate",
      "Strategy": "Plain",
      "Partial Mode": "Finalize",
      "Parallel Aware": false,
      "Startup Cost": 79174.17,
      "Total Cost": 79174.18,
      "Plan Rows": 1,
      "Plan Width": 8,
      "Actual Startup Time": 372.572,
      "Actual Total Time": 390.363,
      "Actual Rows": 1,
      "Actual Loops": 1,
      "Plans": [
        {
          "Node Type": "Gather",
          "Parent Relationship": "Outer",
          "Parallel Aware": false,
          "Startup Cost": 79173.85,
          "Total Cost": 79174.16,
          "Plan Rows": 3,
          "Plan Width": 8,
          "Actual Startup Time": 367.269,
          "Actual Total Time": 390.352,
          "Actual Rows": 4,
          "Actual Loops": 1,
          "Workers Planned": 3,
          "Workers Launched": 3,
          "Single Copy": false,
          "Plans": [
            {
              "Node Type": "Aggregate",
              "Strategy": "Plain",
              "Partial Mode": "Partial",
              "Parent Relationship": "Outer",
              "Parallel Aware": false,
              "Startup Cost": 78173.85,
              "Total Cost": 78173.86,
              "Plan Rows": 1,
              "Plan Width": 8,
              "Actual Startup Time": 359.071,
              "Actual Total Time": 359.074,
              "Actual Rows": 1,
              "Actual Loops": 4,
              "Plans": [
                {
                  "Node Type": "Hash Join",
                  "Parent Relationship": "Outer",
                  "Parallel Aware": true,
                  "Join Type": "Inner",
                  "Startup Cost": 47976.11,
                  "Total Cost": 77968.67,
                  "Plan Rows": 82075,
                  "Plan Width": 0,
                  "Actual Startup Time": 219.85,
                  "Actual Total Time": 352.16,
                  "Actual Rows": 116147,
                  "Actual Loops": 4,
                  "Inner Unique": true,
                  "Hash Cond": "(mc.movie_id = t.id)",
                  "Plans": [
                    {
                      "Node Type": "Seq Scan",
                      "Parent Relationship": "Outer",
                      "Parallel Aware": true,
                      "Relation Name": "movie_companies",
                      "Alias": "mc",
                      "Startup Cost": 0.0,
                      "Total Cost": 29310.68,
                      "Plan Rows": 259761,
                      "Plan Width": 4,
                      "Actual Startup Time": 15.599,
                      "Actual Total Time": 80.236,
                      "Actual Rows": 198842,
                      "Actual Loops": 4,
                      "Filter": "(company_id > 31086)",
                      "Rows Removed by Filter": 453440
                    },
                    {
                      "Node Type": "Hash",
                      "Parent Relationship": "Inner",
                      "Parallel Aware": true,
                      "Startup Cost": 45479.59,
                      "Total Cost": 45479.59,
                      "Plan Rows": 199722,
                      "Plan Width": 4,
                      "Actual Startup Time": 198.911,
                      "Actual Total Time": 198.912,
                      "Actual Rows": 176966,
                      "Actual Loops": 4,
                      "Hash Buckets": 1048576,
                      "Original Hash Buckets": 1048576,
                      "Hash Batches": 1,
                      "Original Hash Batches": 1,
                      "Peak Memory Usage": 35936,
                      "Plans": [
                        {
                          "Node Type": "Seq Scan",
                          "Parent Relationship": "Outer",
                          "Parallel Aware": true,
                          "Relation Name": "title",
                          "Alias": "t",
                          "Startup Cost": 0.0,
                          "Total Cost": 45479.59,
                          "Plan Rows": 199722,
                          "Plan Width": 4,
                          "Actual Startup Time": 0.045,
                          "Actual Total Time": 123.759,
                          "Actual Rows": 176966,
                          "Actual Loops": 4,
                          "Filter": "((kind_id < 7) AND (production_year > 1973))",
                          "Rows Removed by Filter": 455112
                        }
                      ]
                    }
                  ]
                }
              ]
            }
          ]
        }
      ]
    },
    "Planning Time": 0.613,
    "Triggers": [],
    "Execution Time": 390.438
  }
]