[
  {
    "Plan": {
      "Node Type": "Aggregate",
      "Strategy": "Plain",
      "Partial Mode": "Finalize",
      "Parallel Aware": false,
      "Startup Cost": 79155.3,
      "Total Cost": 79155.31,
      "Plan Rows": 1,
      "Plan Width": 8,
      "Actual Startup Time": 365.747,
      "Actual Total Time": 383.086,
      "Actual Rows": 1,
      "Actual Loops": 1,
      "Plans": [
        {
          "Node Type": "Gather",
          "Parent Relationship": "Outer",
          "Parallel Aware": false,
          "Startup Cost": 79154.98,
          "Total Cost": 79155.29,
          "Plan Rows": 3,
          "Plan Width": 8,
          "Actual Startup Time": 361.764,
          "Actual Total Time": 383.075,
          "Actual Rows": 4,
          "Actual Loops": 1,
          "Workers Planned": 3,
          "Workers Launched": 3,
          "Single Copy": false,
          "Plans": [
            {
              "Node Type": "Aggregate",
              "Strategy": "Plain",
              "Partial Mode": "Partial",
              "Parent Relationship": "Outer",
              "Parallel Aware": false,
              "Startup Cost": 78154.98,
              "Total Cost": 78154.99,
              "Plan Rows": 1,
              "Plan Width": 8,
              "Actual Startup Time": 353.225,
              "Actual Total Time": 353.228,
              "Actual Rows": 1,
              "Actual Loops": 4,
              "Plans": [
                {
                  "Node Type": "Hash Join",
                  "Parent Relationship": "Outer",
                  "Parallel Aware": true,
                  "Join Type": "Inner",
                  "Startup Cost": 47984.07,
                  "Total Cost": 77955.48,
                  "Plan Rows": 79802,
                  "Plan Width": 0,
                  "Actual Startup Time": 217.865,
                  "Actual Total Time": 346.457,
                  "Actual Rows": 116147,
                  "Actual Loops": 4,
                  "Inner Unique": true,
                  "Hash Cond": "(mc.movie_id = t.id)",
                  "Plans": [
                    {
                      "Node Type": "Seq Scan",
                      "Parent Relationship": "Outer",
                      "Parallel Aware": true,
                      "Relation Name": "movie_companies",
                      "Alias": "mc",
                      "Startup Cost": 0.0,
                      "Total Cost": 29310.68,
                      "Plan Rows": 251704,
                      "Plan Width": 4,
                      "Actual Startup Time": 15.411,
                      "Actual Total Time": 78.188,
                      "Actual Rows": 198842,
                      "Actual Loops": 4,
                      "Filter": "(company_id > 31086)",
                      "Rows Removed by Filter": 453440
                    },
                    {
                      "Node Type": "Hash",
                      "Parent Relationship": "Inner",
                      "Parallel Aware": true,
                      "Startup Cost": 45479.1,
                      "Total Cost": 45479.1,
                      "Plan Rows": 200398,
                      "Plan Width": 4,
                      "Actual Startup Time": 197.078,
                      "Actual Total Time": 197.079,
                      "Actual Rows": 176966,
                      "Actual Loops": 4,
                      "Hash Buckets": 1048576,
                      "Original Hash Buckets": 1048576,
                      "Hash Batches": 1,
                      "Original Hash Batches": 1,
                      "Peak Memory Usage": 35968,
                      "Plans": [
                        {
                          "Node Type": "Seq Scan",
                          "Parent Relationship": "Outer",
                          "Parallel Aware": true,
                          "Relation Name": "title",
                          "Alias": "t",
                          "Startup Cost": 0.0,
                          "Total Cost": 45479.1,
                          "Plan Rows": 200398,
                          "Plan Width": 4,
                          "Actual Startup Time": 0.052,
                          "Actual Total Time": 123.704,
                          "Actual Rows": 176966,
                          "Actual Loops": 4,
                          "Filter": "((kind_id < 7) AND (production_year > 1973))",
                          "Rows Removed by Filter": 455112
                        }
                      ]
                    }
                  ]
                }
              ]
            }
          ]
        }
      ]
    },
    "Planning Time": 0.655,
    "Triggers": [],
    "Execution Time": 383.153
  }
]