[
  {
    "Plan": {
      "Node Type": "Aggregate",
      "Strategy": "Plain",
      "Partial Mode": "Finalize",
      "Parallel Aware": false,
      "Startup Cost": 27377.89,
      "Total Cost": 27377.9,
      "Plan Rows": 1,
      "Plan Width": 8,
      "Actual Startup Time": 67.756,
      "Actual Total Time": 71.908,
      "Actual Rows": 1,
      "Actual Loops": 1,
      "Plans": [
        {
          "Node Type": "Gather",
          "Parent Relationship": "Outer",
          "Parallel Aware": false,
          "Startup Cost": 27377.57,
          "Total Cost": 27377.88,
          "Plan Rows": 3,
          "Plan Width": 8,
          "Actual Startup Time": 67.617,
          "Actual Total Time": 71.901,
          "Actual Rows": 4,
          "Actual Loops": 1,
          "Workers Planned": 3,
          "Workers Launched": 3,
          "Single Copy": false,
          "Plans": [
            {
              "Node Type": "Aggregate",
              "Strategy": "Plain",
              "Partial Mode": "Partial",
              "Parent Relationship": "Outer",
              "Parallel Aware": false,
              "Startup Cost": 26377.57,
              "Total Cost": 26377.58,
              "Plan Rows": 1,
              "Plan Width": 8,
              "Actual Startup Time": 63.37,
              "Actual Total Time": 63.371,
              "Actual Rows": 1,
              "Actual Loops": 4,
              "Plans": [
                {
                  "Node Type": "Bitmap Heap Scan",
                  "Parent Relationship": "Outer",
                  "Parallel Aware": true,
                  "Relation Name": "movie_companies",
                  "Alias": "mc",
                  "Startup Cost": 6202.64,
                  "Total Cost": 26146.75,
                  "Plan Rows": 92329,
                  "Plan Width": 0,
                  "Actual Startup Time": 29.448,
                  "Actual Total Time": 58.319,
                  "Actual Rows": 70157,
                  "Actual Loops": 4,
                  "Recheck Cond": "(company_id > 95855)",
                  "Rows Removed by Index Recheck": 0,
                  "Exact Heap Blocks": 2457,
                  "Lossy Heap Blocks": 0,
                  "Plans": [
                    {
                      "Node Type": "Bitmap Index Scan",
                      "Parent Relationship": "Outer",
                      "Parallel Aware": false,
                      "Index Name": "company_id_movie_companies",
                      "Startup Cost": 0.0,
                      "Total Cost": 6131.08,
                      "Plan Rows": 286220,
                      "Plan Width": 0,
                      "Actual Startup Time": 31.656,
                      "Actual Total Time": 31.656,
                      "Actual Rows": 280629,
                      "Actual Loops": 1,
                      "Index Cond": "(company_id > 95855)"
                    }
                  ]
                }
              ]
            }
          ]
        }
      ]
    },
    "Planning Time": 0.2,
    "Triggers": [],
    "Execution Time": 71.983
  }
]