[
  {
    "Plan": {
      "Node Type": "Aggregate",
      "Strategy": "Plain",
      "Partial Mode": "Finalize",
      "Parallel Aware": false,
      "Startup Cost": 27287.77,
      "Total Cost": 27287.78,
      "Plan Rows": 1,
      "Plan Width": 8,
      "Actual Startup Time": 69.936,
      "Actual Total Time": 72.485,
      "Actual Rows": 1,
      "Actual Loops": 1,
      "Plans": [
        {
          "Node Type": "Gather",
          "Parent Relationship": "Outer",
          "Parallel Aware": false,
          "Startup Cost": 27287.45,
          "Total Cost": 27287.76,
          "Plan Rows": 3,
          "Plan Width": 8,
          "Actual Startup Time": 69.793,
          "Actual Total Time": 72.476,
          "Actual Rows": 4,
          "Actual Loops": 1,
          "Workers Planned": 3,
          "Workers Launched": 3,
          "Single Copy": false,
          "Plans": [
            {
              "Node Type": "Aggregate",
              "Strategy": "Plain",
              "Partial Mode": "Partial",
              "Parent Relationship": "Outer",
              "Parallel Aware": false,
              "Startup Cost": 26287.45,
              "Total Cost": 26287.46,
              "Plan Rows": 1,
              "Plan Width": 8,
              "Actual Startup Time": 62.694,
              "Actual Total Time": 62.695,
              "Actual Rows": 1,
              "Actual Loops": 4,
              "Plans": [
                {
                  "Node Type": "Bitmap Heap Scan",
                  "Parent Relationship": "Outer",
                  "Parallel Aware": true,
                  "Relation Name": "movie_companies",
                  "Alias": "mc",
                  "Startup Cost": 6128.7,
                  "Total Cost": 26059.32,
                  "Plan Rows": 91250,
                  "Plan Width": 0,
                  "Actual Startup Time": 27.694,
                  "Actual Total Time": 57.329,
                  "Actual Rows": 70157,
                  "Actual Loops": 4,
                  "Recheck Cond": "(company_id > 95855)",
                  "Rows Removed by Index Recheck": 0,
                  "Exact Heap Blocks": 2609,
                  "Lossy Heap Blocks": 0,
                  "Plans": [
                    {
                      "Node Type": "Bitmap Index Scan",
                      "Parent Relationship": "Outer",
                      "Parallel Aware": false,
                      "Index Name": "company_id_movie_companies",
                      "Startup Cost": 0.0,
                      "Total Cost": 6057.99,
                      "Plan Rows": 282874,
                      "Plan Width": 0,
                      "Actual Startup Time": 32.69,
                      "Actual Total Time": 32.69,
                      "Actual Rows": 280629,
                      "Actual Loops": 1,
                      "Index Cond": "(company_id > 95855)"
                    }
                  ]
                }
              ]
            }
          ]
        }
      ]
    },
    "Planning Time": 0.189,
    "Triggers": [],
    "Execution Time": 72.56
  }
]