[
  {
    "Plan": {
      "Node Type": "Aggregate",
      "Strategy": "Plain",
      "Partial Mode": "Finalize",
      "Parallel Aware": false,
      "Startup Cost": 33021.24,
      "Total Cost": 33021.25,
      "Plan Rows": 1,
      "Plan Width": 8,
      "Actual Startup Time": 108.132,
      "Actual Total Time": 117.201,
      "Actual Rows": 1,
      "Actual Loops": 1,
      "Plans": [
        {
          "Node Type": "Gather",
          "Parent Relationship": "Outer",
          "Parallel Aware": false,
          "Startup Cost": 33020.92,
          "Total Cost": 33021.23,
          "Plan Rows": 3,
          "Plan Width": 8,
          "Actual Startup Time": 108.013,
          "Actual Total Time": 117.192,
          "Actual Rows": 4,
          "Actual Loops": 1,
          "Workers Planned": 3,
          "Workers Launched": 3,
          "Single Copy": false,
          "Plans": [
            {
              "Node Type": "Aggregate",
              "Strategy": "Plain",
              "Partial Mode": "Partial",
              "Parent Relationship": "Outer",
              "Parallel Aware": false,
              "Startup Cost": 32020.92,
              "Total Cost": 32020.93,
              "Plan Rows": 1,
              "Plan Width": 8,
              "Actual Startup Time": 100.707,
              "Actual Total Time": 100.708,
              "Actual Rows": 1,
              "Actual Loops": 4,
              "Plans": [
                {
                  "Node Type": "Seq Scan",
                  "Parent Relationship": "Outer",
                  "Parallel Aware": true,
                  "Relation Name": "movie_companies",
                  "Alias": "mc",
                  "Startup Cost": 0.0,
                  "Total Cost": 31414.82,
                  "Plan Rows": 242440,
                  "Plan Width": 0,
                  "Actual Startup Time": 0.045,
                  "Actual Total Time": 85.036,
                  "Actual Rows": 258132,
                  "Actual Loops": 4,
                  "Filter": "((company_id < 14229) AND (company_type_id = 1))",
                  "Rows Removed by Filter": 394150
                }
              ]
            }
          ]
        }
      ]
    },
    "Planning Time": 0.219,
    "Triggers": [],
    "Execution Time": 117.258
  }
]