[
    {
        "Bao": {
            "Bao prediction": "NaN",
            "Bao recommended hint": "(no hint)"
        }
    },
    {
        "Plan": {
            "Node Type": "Aggregate",
            "Strategy": "Plain",
            "Partial Mode": "Finalize",
            "Parallel Aware": false,
            "Startup Cost": 32713.64,
            "Total Cost": 32713.65,
            "Plan Rows": 1,
            "Plan Width": 8,
            "Actual Startup Time": 89.925,
            "Actual Total Time": 95.315,
            "Actual Rows": 1,
            "Actual Loops": 1,
            "Output": [
                "count(*)"
            ],
            "Plans": [
                {
                    "Node Type": "Gather",
                    "Parent Relationship": "Outer",
                    "Parallel Aware": false,
                    "Startup Cost": 32713.32,
                    "Total Cost": 32713.63,
                    "Plan Rows": 3,
                    "Plan Width": 8,
                    "Actual Startup Time": 89.848,
                    "Actual Total Time": 95.309,
                    "Actual Rows": 4,
                    "Actual Loops": 1,
                    "Output": [
                        "(PARTIAL count(*))"
                    ],
                    "Workers Planned": 3,
                    "Workers Launched": 3,
                    "Single Copy": false,
                    "Plans": [
                        {
                            "Node Type": "Aggregate",
                            "Strategy": "Plain",
                            "Partial Mode": "Partial",
                            "Parent Relationship": "Outer",
                            "Parallel Aware": false,
                            "Startup Cost": 31713.32,
                            "Total Cost": 31713.33,
                            "Plan Rows": 1,
                            "Plan Width": 8,
                            "Actual Startup Time": 81.655,
                            "Actual Total Time": 81.656,
                            "Actual Rows": 1,
                            "Actual Loops": 4,
                            "Output": [
                                "PARTIAL count(*)"
                            ],
                            "Workers": [
                                {
                                    "Worker Number": 0,
                                    "Actual Startup Time": 78.763,
                                    "Actual Total Time": 78.764,
                                    "Actual Rows": 1,
                                    "Actual Loops": 1
                                },
                                {
                                    "Worker Number": 1,
                                    "Actual Startup Time": 78.903,
                                    "Actual Total Time": 78.904,
                                    "Actual Rows": 1,
                                    "Actual Loops": 1
                                },
                                {
                                    "Worker Number": 2,
                                    "Actual Startup Time": 79.352,
                                    "Actual Total Time": 79.353,
                                    "Actual Rows": 1,
                                    "Actual Loops": 1
                                }
                            ],
                            "Plans": [
                                {
                                    "Node Type": "Seq Scan",
                                    "Parent Relationship": "Outer",
                                    "Parallel Aware": true,
                                    "Relation Name": "movie_companies",
                                    "Schema": "public",
                                    "Alias": "mc",
                                    "Startup Cost": 0.0,
                                    "Total Cost": 31414.82,
                                    "Plan Rows": 119400,
                                    "Plan Width": 0,
                                    "Actual Startup Time": 39.413,
                                    "Actual Total Time": 74.03,
                                    "Actual Rows": 170964,
                                    "Actual Loops": 4,
                                    "Output": [
                                        "id",
                                        "movie_id",
                                        "company_id",
                                        "company_type_id",
                                        "note"
                                    ],
                                    "Filter": "((mc.company_id > 41254) AND (mc.company_type_id = 2))",
                                    "Rows Removed by Filter": 481318,
                                    "Workers": [
                                        {
                                            "Worker Number": 0,
                                            "Actual Startup Time": 36.526,
                                            "Actual Total Time": 71.315,
                                            "Actual Rows": 180917,
                                            "Actual Loops": 1
                                        },
                                        {
                                            "Worker Number": 1,
                                            "Actual Startup Time": 36.67,
                                            "Actual Total Time": 71.486,
                                            "Actual Rows": 111259,
                                            "Actual Loops": 1
                                        },
                                        {
                                            "Worker Number": 2,
                                            "Actual Startup Time": 37.108,
                                            "Actual Total Time": 71.988,
                                            "Actual Rows": 179723,
                                            "Actual Loops": 1
                                        }
                                    ]
                                }
                            ]
                        }
                    ]
                }
            ]
        },
        "Planning Time": 203.222,
        "Triggers": [],
        "Execution Time": 95.36
    }
]