[
  {
    "Plan": {
      "Node Type": "Aggregate",
      "Strategy": "Plain",
      "Partial Mode": "Finalize",
      "Parallel Aware": false,
      "Startup Cost": 421564.7,
      "Total Cost": 421564.71,
      "Plan Rows": 1,
      "Plan Width": 8,
      "Actual Startup Time": 1512.819,
      "Actual Total Time": 1535.992,
      "Actual Rows": 1,
      "Actual Loops": 1,
      "Plans": [
        {
          "Node Type": "Gather",
          "Parent Relationship": "Outer",
          "Parallel Aware": false,
          "Startup Cost": 421564.38,
          "Total Cost": 421564.69,
          "Plan Rows": 3,
          "Plan Width": 8,
          "Actual Startup Time": 1503.595,
          "Actual Total Time": 1535.981,
          "Actual Rows": 4,
          "Actual Loops": 1,
          "Workers Planned": 3,
          "Workers Launched": 3,
          "Single Copy": false,
          "Plans": [
            {
              "Node Type": "Aggregate",
              "Strategy": "Plain",
              "Partial Mode": "Partial",
              "Parent Relationship": "Outer",
              "Parallel Aware": false,
              "Startup Cost": 420564.38,
              "Total Cost": 420564.39,
              "Plan Rows": 1,
              "Plan Width": 8,
              "Actual Startup Time": 1494.601,
              "Actual Total Time": 1495.244,
              "Actual Rows": 1,
              "Actual Loops": 4,
              "Plans": [
                {
                  "Node Type": "Hash Join",
                  "Parent Relationship": "Outer",
                  "Parallel Aware": true,
                  "Join Type": "Inner",
                  "Startup Cost": 373651.16,
                  "Total Cost": 419128.34,
                  "Plan Rows": 574415,
                  "Plan Width": 0,
                  "Actual Startup Time": 804.434,
                  "Actual Total Time": 1328.929,
                  "Actual Rows": 3913572,
                  "Actual Loops": 4,
                  "Inner Unique": false,
                  "Hash Cond": "(mk.movie_id = t.id)",
                  "Plans": [
                    {
                      "Node Type": "Seq Scan",
                      "Parent Relationship": "Outer",
                      "Parallel Aware": true,
                      "Relation Name": "movie_keyword",
                      "Alias": "mk",
                      "Startup Cost": 0.0,
                      "Total Cost": 39047.32,
                      "Plan Rows": 1459332,
                      "Plan Width": 4,
                      "Actual Startup Time": 0.051,
                      "Actual Total Time": 94.964,
                      "Actual Rows": 1130982,
                      "Actual Loops": 4
                    },
                    {
                      "Node Type": "Hash",
                      "Parent Relationship": "Inner",
                      "Parallel Aware": true,
                      "Startup Cost": 371577.89,
                      "Total Cost": 371577.89,
                      "Plan Rows": 165862,
                      "Plan Width": 8,
                      "Actual Startup Time": 799.28,
                      "Actual Total Time": 799.921,
                      "Actual Rows": 283446,
                      "Actual Loops": 4,
                      "Hash Buckets": 2097152,
                      "Original Hash Buckets": 1048576,
                      "Hash Batches": 1,
                      "Original Hash Batches": 1,
                      "Peak Memory Usage": 69024,
                      "Plans": [
                        {
                          "Node Type": "Hash Join",
                          "Parent Relationship": "Outer",
                          "Parallel Aware": true,
                          "Join Type": "Inner",
                          "Startup Cost": 111482.67,
                          "Total Cost": 371577.89,
                          "Plan Rows": 165862,
                          "Plan Width": 8,
                          "Actual Startup Time": 307.2,
                          "Actual Total Time": 670.699,
                          "Actual Rows": 283446,
                          "Actual Loops": 4,
                          "Inner Unique": true,
                          "Hash Cond": "(ci.movie_id = t.id)",
                          "Plans": [
                            {
                              "Node Type": "Bitmap Heap Scan",
                              "Parent Relationship": "Outer",
                              "Parallel Aware": true,
                              "Relation Name": "cast_info",
                              "Alias": "ci",
                              "Startup Cost": 64908.24,
                              "Total Cost": 323717.74,
                              "Plan Rows": 489800,
                              "Plan Width": 4,
                              "Actual Startup Time": 118.662,
                              "Actual Total Time": 231.191,
                              "Actual Rows": 747767,
                              "Actual Loops": 4,
                              "Recheck Cond": "(person_id < 290659)",
                              "Rows Removed by Index Recheck": 0,
                              "Exact Heap Blocks": 9182,
                              "Lossy Heap Blocks": 0,
                              "Plans": [
                                {
                                  "Node Type": "Bitmap Index Scan",
                                  "Parent Relationship": "Outer",
                                  "Parallel Aware": false,
                                  "Index Name": "person_id_cast_info",
                                  "Startup Cost": 0.0,
                                  "Total Cost": 64173.54,
                                  "Plan Rows": 2938797,
                                  "Plan Width": 0,
                                  "Actual Startup Time": 111.661,
                                  "Actual Total Time": 111.661,
                                  "Actual Rows": 2991068,
                                  "Actual Loops": 1,
                                  "Index Cond": "(person_id < 290659)"
                                }
                              ]
                            },
                            {
                              "Node Type": "Hash",
                              "Parent Relationship": "Inner",
                              "Parallel Aware": true,
                              "Startup Cost": 43898.92,
                              "Total Cost": 43898.92,
                              "Plan Rows": 214041,
                              "Plan Width": 4,
                              "Actual Startup Time": 185.809,
                              "Actual Total Time": 185.81,
                              "Actual Rows": 213554,
                              "Actual Loops": 4,
                              "Hash Buckets": 1048576,
                              "Original Hash Buckets": 1048576,
                              "Hash Batches": 1,
                              "Original Hash Batches": 1,
                              "Peak Memory Usage": 41728,
                              "Plans": [
                                {
                                  "Node Type": "Seq Scan",
                                  "Parent Relationship": "Outer",
                                  "Parallel Aware": true,
                                  "Relation Name": "title",
                                  "Alias": "t",
                                  "Startup Cost": 0.0,
                                  "Total Cost": 43898.92,
                                  "Plan Rows": 214041,
                                  "Plan Width": 4,
                                  "Actual Startup Time": 0.046,
                                  "Actual Total Time": 107.14,
                                  "Actual Rows": 213554,
                                  "Actual Loops": 4,
                                  "Filter": "(kind_id < 4)",
                                  "Rows Removed by Filter": 418524
                                }
                              ]
                            }
                          ]
                        }
                      ]
                    }
                  ]
                }
              ]
            }
          ]
        }
      ]
    },
    "Planning Time": 1.38,
    "Triggers": [],
    "Execution Time": 1536.101
  }
]