[
  {
    "Plan": {
      "Node Type": "Aggregate",
      "Strategy": "Plain",
      "Partial Mode": "Finalize",
      "Parallel Aware": false,
      "Startup Cost": 259090.23,
      "Total Cost": 259090.24,
      "Plan Rows": 1,
      "Plan Width": 8,
      "Actual Startup Time": 1729.149,
      "Actual Total Time": 1772.339,
      "Actual Rows": 1,
      "Actual Loops": 1,
      "Plans": [
        {
          "Node Type": "Gather",
          "Parent Relationship": "Outer",
          "Parallel Aware": false,
          "Startup Cost": 259089.71,
          "Total Cost": 259090.22,
          "Plan Rows": 5,
          "Plan Width": 8,
          "Actual Startup Time": 1713.867,
          "Actual Total Time": 1772.323,
          "Actual Rows": 6,
          "Actual Loops": 1,
          "Workers Planned": 5,
          "Workers Launched": 5,
          "Single Copy": false,
          "Plans": [
            {
              "Node Type": "Aggregate",
              "Strategy": "Plain",
              "Partial Mode": "Partial",
              "Parent Relationship": "Outer",
              "Parallel Aware": false,
              "Startup Cost": 258089.71,
              "Total Cost": 258089.72,
              "Plan Rows": 1,
              "Plan Width": 8,
              "Actual Startup Time": 1691.624,
              "Actual Total Time": 1691.629,
              "Actual Rows": 1,
              "Actual Loops": 6,
              "Plans": [
                {
                  "Node Type": "Hash Join",
                  "Parent Relationship": "Outer",
                  "Parallel Aware": true,
                  "Join Type": "Inner",
                  "Startup Cost": 51580.92,
                  "Total Cost": 250902.68,
                  "Plan Rows": 2874810,
                  "Plan Width": 0,
                  "Actual Startup Time": 303.798,
                  "Actual Total Time": 1565.892,
                  "Actual Rows": 2463229,
                  "Actual Loops": 6,
                  "Inner Unique": true,
                  "Hash Cond": "(mi.movie_id = t.id)",
                  "Plans": [
                    {
                      "Node Type": "Seq Scan",
                      "Parent Relationship": "Outer",
                      "Parallel Aware": true,
                      "Relation Name": "movie_info",
                      "Alias": "mi",
                      "Startup Cost": 0.0,
                      "Total Cost": 191560.33,
                      "Plan Rows": 2956733,
                      "Plan Width": 4,
                      "Actual Startup Time": 0.037,
                      "Actual Total Time": 338.225,
                      "Actual Rows": 2472620,
                      "Actual Loops": 6
                    },
                    {
                      "Node Type": "Hash",
                      "Parent Relationship": "Inner",
                      "Parallel Aware": true,
                      "Startup Cost": 43898.92,
                      "Total Cost": 43898.92,
                      "Plan Rows": 614560,
                      "Plan Width": 4,
                      "Actual Startup Time": 295.571,
                      "Actual Total Time": 295.572,
                      "Actual Rows": 409370,
                      "Actual Loops": 6,
                      "Hash Buckets": 4194304,
                      "Original Hash Buckets": 4194304,
                      "Hash Batches": 1,
                      "Original Hash Batches": 1,
                      "Peak Memory Usage": 128960,
                      "Plans": [
                        {
                          "Node Type": "Seq Scan",
                          "Parent Relationship": "Outer",
                          "Parallel Aware": true,
                          "Relation Name": "title",
                          "Alias": "t",
                          "Startup Cost": 0.0,
                          "Total Cost": 43898.92,
                          "Plan Rows": 614560,
                          "Plan Width": 4,
                          "Actual Startup Time": 0.048,
                          "Actual Total Time": 99.244,
                          "Actual Rows": 409370,
                          "Actual Loops": 6,
                          "Filter": "(production_year > 0)",
                          "Rows Removed by Filter": 12016
                        }
                      ]
                    }
                  ]
                }
              ]
            }
          ]
        }
      ]
    },
    "Planning Time": 0.598,
    "Triggers": [],
    "Execution Time": 1772.424
  }
]