[
  {
    "Plan": {
      "Node Type": "Aggregate",
      "Strategy": "Plain",
      "Partial Mode": "Finalize",
      "Parallel Aware": false,
      "Startup Cost": 266660.55,
      "Total Cost": 266660.56,
      "Plan Rows": 1,
      "Plan Width": 8,
      "Actual Startup Time": 776.357,
      "Actual Total Time": 787.778,
      "Actual Rows": 1,
      "Actual Loops": 1,
      "Plans": [
        {
          "Node Type": "Gather",
          "Parent Relationship": "Outer",
          "Parallel Aware": false,
          "Startup Cost": 266660.23,
          "Total Cost": 266660.54,
          "Plan Rows": 3,
          "Plan Width": 8,
          "Actual Startup Time": 775.23,
          "Actual Total Time": 787.77,
          "Actual Rows": 4,
          "Actual Loops": 1,
          "Workers Planned": 3,
          "Workers Launched": 3,
          "Single Copy": false,
          "Plans": [
            {
              "Node Type": "Aggregate",
              "Strategy": "Plain",
              "Partial Mode": "Partial",
              "Parent Relationship": "Outer",
              "Parallel Aware": false,
              "Startup Cost": 265660.23,
              "Total Cost": 265660.24,
              "Plan Rows": 1,
              "Plan Width": 8,
              "Actual Startup Time": 766.259,
              "Actual Total Time": 766.263,
              "Actual Rows": 1,
              "Actual Loops": 4,
              "Plans": [
                {
                  "Node Type": "Hash Join",
                  "Parent Relationship": "Outer",
                  "Parallel Aware": true,
                  "Join Type": "Inner",
                  "Startup Cost": 217182.36,
                  "Total Cost": 265451.43,
                  "Plan Rows": 83523,
                  "Plan Width": 0,
                  "Actual Startup Time": 133.865,
                  "Actual Total Time": 605.406,
                  "Actual Rows": 3402239,
                  "Actual Loops": 4,
                  "Inner Unique": false,
                  "Hash Cond": "(mk.movie_id = t.id)",
                  "Plans": [
                    {
                      "Node Type": "Seq Scan",
                      "Parent Relationship": "Outer",
                      "Parallel Aware": true,
                      "Relation Name": "movie_keyword",
                      "Alias": "mk",
                      "Startup Cost": 0.0,
                      "Total Cost": 42695.65,
                      "Plan Rows": 1441699,
                      "Plan Width": 4,
                      "Actual Startup Time": 0.026,
                      "Actual Total Time": 124.594,
                      "Actual Rows": 1118994,
                      "Actual Loops": 4,
                      "Filter": "(keyword_id > 47)",
                      "Rows Removed by Filter": 11988
                    },
                    {
                      "Node Type": "Hash",
                      "Parent Relationship": "Inner",
                      "Parallel Aware": true,
                      "Startup Cost": 216816.16,
                      "Total Cost": 216816.16,
                      "Plan Rows": 29296,
                      "Plan Width": 8,
                      "Actual Startup Time": 128.785,
                      "Actual Total Time": 128.788,
                      "Actual Rows": 36872,
                      "Actual Loops": 4,
                      "Hash Buckets": 262144,
                      "Original Hash Buckets": 262144,
                      "Hash Batches": 1,
                      "Original Hash Batches": 1,
                      "Peak Memory Usage": 7872,
                      "Plans": [
                        {
                          "Node Type": "Nested Loop",
                          "Parent Relationship": "Outer",
                          "Parallel Aware": false,
                          "Join Type": "Inner",
                          "Startup Cost": 2648.09,
                          "Total Cost": 216816.16,
                          "Plan Rows": 29296,
                          "Plan Width": 8,
                          "Actual Startup Time": 9.508,
                          "Actual Total Time": 117.789,
                          "Actual Rows": 36872,
                          "Actual Loops": 4,
                          "Inner Unique": true,
                          "Plans": [
                            {
                              "Node Type": "Bitmap Heap Scan",
                              "Parent Relationship": "Outer",
                              "Parallel Aware": true,
                              "Relation Name": "movie_info",
                              "Alias": "mi",
                              "Startup Cost": 2647.66,
                              "Total Cost": 167705.65,
                              "Plan Rows": 29296,
                              "Plan Width": 4,
                              "Actual Startup Time": 9.287,
                              "Actual Total Time": 19.77,
                              "Actual Rows": 36872,
                              "Actual Loops": 4,
                              "Recheck Cond": "(info_type_id = 107)",
                              "Rows Removed by Index Recheck": 0,
                              "Exact Heap Blocks": 1925,
                              "Lossy Heap Blocks": 0,
                              "Plans": [
                                {
                                  "Node Type": "Bitmap Index Scan",
                                  "Parent Relationship": "Outer",
                                  "Parallel Aware": false,
                                  "Index Name": "info_type_id_movie_info",
                                  "Startup Cost": 0.0,
                                  "Total Cost": 2611.04,
                                  "Plan Rows": 146481,
                                  "Plan Width": 0,
                                  "Actual Startup Time": 12.61,
                                  "Actual Total Time": 12.61,
                                  "Actual Rows": 147487,
                                  "Actual Loops": 1,
                                  "Index Cond": "(info_type_id = 107)"
                                }
                              ]
                            },
                            {
                              "Node Type": "Index Only Scan",
                              "Parent Relationship": "Inner",
                              "Parallel Aware": false,
                              "Scan Direction": "Forward",
                              "Index Name": "title_pkey",
                              "Relation Name": "title",
                              "Alias": "t",
                              "Startup Cost": 0.43,
                              "Total Cost": 1.68,
                              "Plan Rows": 1,
                              "Plan Width": 4,
                              "Actual Startup Time": 0.002,
                              "Actual Total Time": 0.002,
                              "Actual Rows": 1,
                              "Actual Loops": 147487,
                              "Index Cond": "(id = mi.movie_id)",
                              "Rows Removed by Index Recheck": 0,
                              "Heap Fetches": 147487
                            }
                          ]
                        }
                      ]
                    }
                  ]
                }
              ]
            }
          ]
        }
      ]
    },
    "Planning Time": 1.168,
    "Triggers": [],
    "Execution Time": 787.859
  }
]