[
  {
    "Plan": {
      "Node Type": "Aggregate",
      "Strategy": "Plain",
      "Partial Mode": "Finalize",
      "Parallel Aware": false,
      "Startup Cost": 76803.2,
      "Total Cost": 76803.21,
      "Plan Rows": 1,
      "Plan Width": 8,
      "Actual Startup Time": 173.592,
      "Actual Total Time": 188.817,
      "Actual Rows": 1,
      "Actual Loops": 1,
      "Plans": [
        {
          "Node Type": "Gather",
          "Parent Relationship": "Outer",
          "Parallel Aware": false,
          "Startup Cost": 76802.88,
          "Total Cost": 76803.19,
          "Plan Rows": 3,
          "Plan Width": 8,
          "Actual Startup Time": 173.324,
          "Actual Total Time": 188.812,
          "Actual Rows": 4,
          "Actual Loops": 1,
          "Workers Planned": 3,
          "Workers Launched": 3,
          "Single Copy": false,
          "Plans": [
            {
              "Node Type": "Aggregate",
              "Strategy": "Plain",
              "Partial Mode": "Partial",
              "Parent Relationship": "Outer",
              "Parallel Aware": false,
              "Startup Cost": 75802.88,
              "Total Cost": 75802.89,
              "Plan Rows": 1,
              "Plan Width": 8,
              "Actual Startup Time": 169.264,
              "Actual Total Time": 169.267,
              "Actual Rows": 1,
              "Actual Loops": 4,
              "Plans": [
                {
                  "Node Type": "Hash Join",
                  "Parent Relationship": "Outer",
                  "Parallel Aware": true,
                  "Join Type": "Inner",
                  "Startup Cost": 44013.62,
                  "Total Cost": 75797.8,
                  "Plan Rows": 2035,
                  "Plan Width": 0,
                  "Actual Startup Time": 118.143,
                  "Actual Total Time": 169.119,
                  "Actual Rows": 2208,
                  "Actual Loops": 4,
                  "Inner Unique": true,
                  "Hash Cond": "(mc.movie_id = t.id)",
                  "Plans": [
                    {
                      "Node Type": "Seq Scan",
                      "Parent Relationship": "Outer",
                      "Parallel Aware": true,
                      "Relation Name": "movie_companies",
                      "Alias": "mc",
                      "Startup Cost": 0.0,
                      "Total Cost": 31414.82,
                      "Plan Rows": 140707,
                      "Plan Width": 4,
                      "Actual Startup Time": 29.627,
                      "Actual Total Time": 62.664,
                      "Actual Rows": 187890,
                      "Actual Loops": 4,
                      "Filter": "((company_id > 25908) AND (company_type_id = 2))",
                      "Rows Removed by Filter": 464392
                    },
                    {
                      "Node Type": "Hash",
                      "Parent Relationship": "Inner",
                      "Parallel Aware": true,
                      "Startup Cost": 43899.32,
                      "Total Cost": 43899.32,
                      "Plan Rows": 9144,
                      "Plan Width": 4,
                      "Actual Startup Time": 87.512,
                      "Actual Total Time": 87.513,
                      "Actual Rows": 9109,
                      "Actual Loops": 4,
                      "Hash Buckets": 65536,
                      "Original Hash Buckets": 65536,
                      "Hash Batches": 1,
                      "Original Hash Batches": 1,
                      "Peak Memory Usage": 1984,
                      "Plans": [
                        {
                          "Node Type": "Seq Scan",
                          "Parent Relationship": "Outer",
                          "Parallel Aware": true,
                          "Relation Name": "title",
                          "Alias": "t",
                          "Startup Cost": 0.0,
                          "Total Cost": 43899.32,
                          "Plan Rows": 9144,
                          "Plan Width": 4,
                          "Actual Startup Time": 0.026,
                          "Actual Total Time": 83.083,
                          "Actual Rows": 9109,
                          "Actual Loops": 4,
                          "Filter": "(production_year = 1995)",
                          "Rows Removed by Filter": 622969
                        }
                      ]
                    }
                  ]
                }
              ]
            }
          ]
        }
      ]
    },
    "Planning Time": 0.244,
    "Triggers": [],
    "Execution Time": 188.85
  }
]