[
    {
        "Bao": {
            "Bao prediction": 635.591,
            "Bao recommended hint": "(no hint)"
        }
    },
    {
        "Plan": {
            "Node Type": "Aggregate",
            "Strategy": "Plain",
            "Partial Mode": "Finalize",
            "Parallel Aware": false,
            "Startup Cost": 29756.92,
            "Total Cost": 29756.93,
            "Plan Rows": 1,
            "Plan Width": 8,
            "Actual Startup Time": 83.329,
            "Actual Total Time": 88.089,
            "Actual Rows": 1,
            "Actual Loops": 1,
            "Output": [
                "count(*)"
            ],
            "Plans": [
                {
                    "Node Type": "Gather",
                    "Parent Relationship": "Outer",
                    "Parallel Aware": false,
                    "Startup Cost": 29756.6,
                    "Total Cost": 29756.91,
                    "Plan Rows": 3,
                    "Plan Width": 8,
                    "Actual Startup Time": 83.091,
                    "Actual Total Time": 88.082,
                    "Actual Rows": 4,
                    "Actual Loops": 1,
                    "Output": [
                        "(PARTIAL count(*))"
                    ],
                    "Workers Planned": 3,
                    "Workers Launched": 3,
                    "Single Copy": false,
                    "Plans": [
                        {
                            "Node Type": "Aggregate",
                            "Strategy": "Plain",
                            "Partial Mode": "Partial",
                            "Parent Relationship": "Outer",
                            "Parallel Aware": false,
                            "Startup Cost": 28756.6,
                            "Total Cost": 28756.61,
                            "Plan Rows": 1,
                            "Plan Width": 8,
                            "Actual Startup Time": 74.884,
                            "Actual Total Time": 74.887,
                            "Actual Rows": 1,
                            "Actual Loops": 4,
                            "Output": [
                                "PARTIAL count(*)"
                            ],
                            "Workers": [
                                {
                                    "Worker Number": 0,
                                    "Actual Startup Time": 72.334,
                                    "Actual Total Time": 72.342,
                                    "Actual Rows": 1,
                                    "Actual Loops": 1
                                },
                                {
                                    "Worker Number": 1,
                                    "Actual Startup Time": 72.35,
                                    "Actual Total Time": 72.351,
                                    "Actual Rows": 1,
                                    "Actual Loops": 1
                                },
                                {
                                    "Worker Number": 2,
                                    "Actual Startup Time": 72.336,
                                    "Actual Total Time": 72.338,
                                    "Actual Rows": 1,
                                    "Actual Loops": 1
                                }
                            ],
                            "Plans": [
                                {
                                    "Node Type": "Bitmap Heap Scan",
                                    "Parent Relationship": "Outer",
                                    "Parallel Aware": true,
                                    "Relation Name": "movie_keyword",
                                    "Schema": "public",
                                    "Alias": "mk",
                                    "Startup Cost": 3503.82,
                                    "Total Cost": 28623.47,
                                    "Plan Rows": 53252,
                                    "Plan Width": 0,
                                    "Actual Startup Time": 24.777,
                                    "Actual Total Time": 71.964,
                                    "Actual Rows": 39096,
                                    "Actual Loops": 4,
                                    "Recheck Cond": "(mk.keyword_id > 73241)",
                                    "Rows Removed by Index Recheck": 0,
                                    "Exact Heap Blocks": 11602,
                                    "Lossy Heap Blocks": 0,
                                    "Workers": [
                                        {
                                            "Worker Number": 0,
                                            "Actual Startup Time": 22.386,
                                            "Actual Total Time": 69.85,
                                            "Actual Rows": 21005,
                                            "Actual Loops": 1
                                        },
                                        {
                                            "Worker Number": 1,
                                            "Actual Startup Time": 22.225,
                                            "Actual Total Time": 69.806,
                                            "Actual Rows": 21554,
                                            "Actual Loops": 1
                                        },
                                        {
                                            "Worker Number": 2,
                                            "Actual Startup Time": 22.354,
                                            "Actual Total Time": 69.817,
                                            "Actual Rows": 21095,
                                            "Actual Loops": 1
                                        }
                                    ],
                                    "Plans": [
                                        {
                                            "Node Type": "Bitmap Index Scan",
                                            "Parent Relationship": "Outer",
                                            "Parallel Aware": false,
                                            "Index Name": "keyword_id_movie_keyword",
                                            "Startup Cost": 0.0,
                                            "Total Cost": 3462.55,
                                            "Plan Rows": 165082,
                                            "Plan Width": 0,
                                            "Actual Startup Time": 26.501,
                                            "Actual Total Time": 26.501,
                                            "Actual Rows": 156382,
                                            "Actual Loops": 1,
                                            "Index Cond": "(mk.keyword_id > 73241)"
                                        }
                                    ]
                                }
                            ]
                        }
                    ]
                }
            ]
        },
        "Planning Time": 1175.917,
        "Triggers": [],
        "Execution Time": 88.2
    }
]