[
  {
    "Plan": {
      "Node Type": "Aggregate",
      "Strategy": "Plain",
      "Partial Mode": "Finalize",
      "Parallel Aware": false,
      "Startup Cost": 283917.81,
      "Total Cost": 283917.82,
      "Plan Rows": 1,
      "Plan Width": 8,
      "Actual Startup Time": 131.201,
      "Actual Total Time": 137.087,
      "Actual Rows": 1,
      "Actual Loops": 1,
      "Plans": [
        {
          "Node Type": "Gather",
          "Parent Relationship": "Outer",
          "Parallel Aware": false,
          "Startup Cost": 283917.18,
          "Total Cost": 283917.79,
          "Plan Rows": 6,
          "Plan Width": 8,
          "Actual Startup Time": 131.012,
          "Actual Total Time": 137.079,
          "Actual Rows": 7,
          "Actual Loops": 1,
          "Workers Planned": 6,
          "Workers Launched": 6,
          "Single Copy": false,
          "Plans": [
            {
              "Node Type": "Aggregate",
              "Strategy": "Plain",
              "Partial Mode": "Partial",
              "Parent Relationship": "Outer",
              "Parallel Aware": false,
              "Startup Cost": 282917.18,
              "Total Cost": 282917.19,
              "Plan Rows": 1,
              "Plan Width": 8,
              "Actual Startup Time": 122.993,
              "Actual Total Time": 122.994,
              "Actual Rows": 1,
              "Actual Loops": 7,
              "Plans": [
                {
                  "Node Type": "Bitmap Heap Scan",
                  "Parent Relationship": "Outer",
                  "Parallel Aware": true,
                  "Relation Name": "cast_info",
                  "Alias": "ci",
                  "Startup Cost": 27156.62,
                  "Total Cost": 282404.92,
                  "Plan Rows": 204904,
                  "Plan Width": 0,
                  "Actual Startup Time": 60.759,
                  "Actual Total Time": 111.16,
                  "Actual Rows": 179648,
                  "Actual Loops": 7,
                  "Recheck Cond": "(person_id < 126439)",
                  "Rows Removed by Index Recheck": 0,
                  "Exact Heap Blocks": 3769,
                  "Lossy Heap Blocks": 0,
                  "Plans": [
                    {
                      "Node Type": "Bitmap Index Scan",
                      "Parent Relationship": "Outer",
                      "Parallel Aware": false,
                      "Index Name": "person_id_cast_info",
                      "Startup Cost": 0.0,
                      "Total Cost": 26849.26,
                      "Plan Rows": 1229426,
                      "Plan Width": 0,
                      "Actual Startup Time": 65.71,
                      "Actual Total Time": 65.71,
                      "Actual Rows": 1257533,
                      "Actual Loops": 1,
                      "Index Cond": "(person_id < 126439)"
                    }
                  ]
                }
              ]
            }
          ]
        }
      ]
    },
    "Planning Time": 0.201,
    "Triggers": [],
    "Execution Time": 137.163
  }
]