[
  {
    "Plan": {
      "Node Type": "Aggregate",
      "Strategy": "Plain",
      "Partial Mode": "Finalize",
      "Parallel Aware": false,
      "Startup Cost": 314723.1,
      "Total Cost": 314723.11,
      "Plan Rows": 1,
      "Plan Width": 8,
      "Actual Startup Time": 208.572,
      "Actual Total Time": 219.216,
      "Actual Rows": 1,
      "Actual Loops": 1,
      "Plans": [
        {
          "Node Type": "Gather",
          "Parent Relationship": "Outer",
          "Parallel Aware": false,
          "Startup Cost": 314722.48,
          "Total Cost": 314723.09,
          "Plan Rows": 6,
          "Plan Width": 8,
          "Actual Startup Time": 203.119,
          "Actual Total Time": 219.205,
          "Actual Rows": 7,
          "Actual Loops": 1,
          "Workers Planned": 6,
          "Workers Launched": 6,
          "Single Copy": false,
          "Plans": [
            {
              "Node Type": "Aggregate",
              "Strategy": "Plain",
              "Partial Mode": "Partial",
              "Parent Relationship": "Outer",
              "Parallel Aware": false,
              "Startup Cost": 313722.48,
              "Total Cost": 313722.49,
              "Plan Rows": 1,
              "Plan Width": 8,
              "Actual Startup Time": 193.289,
              "Actual Total Time": 193.292,
              "Actual Rows": 1,
              "Actual Loops": 7,
              "Plans": [
                {
                  "Node Type": "Hash Join",
                  "Parent Relationship": "Outer",
                  "Parallel Aware": true,
                  "Join Type": "Inner",
                  "Startup Cost": 59512.7,
                  "Total Cost": 313630.22,
                  "Plan Rows": 36902,
                  "Plan Width": 0,
                  "Actual Startup Time": 146.987,
                  "Actual Total Time": 191.828,
                  "Actual Rows": 27599,
                  "Actual Loops": 7,
                  "Inner Unique": true,
                  "Hash Cond": "(ci.movie_id = t.id)",
                  "Plans": [
                    {
                      "Node Type": "Bitmap Heap Scan",
                      "Parent Relationship": "Outer",
                      "Parallel Aware": true,
                      "Relation Name": "cast_info",
                      "Alias": "ci",
                      "Startup Cost": 12530.55,
                      "Total Cost": 266399.8,
                      "Plan Rows": 94580,
                      "Plan Width": 4,
                      "Actual Startup Time": 18.278,
                      "Actual Total Time": 35.067,
                      "Actual Rows": 74205,
                      "Actual Loops": 7,
                      "Recheck Cond": "(person_id > 3962824)",
                      "Rows Removed by Index Recheck": 0,
                      "Exact Heap Blocks": 1226,
                      "Lossy Heap Blocks": 0,
                      "Plans": [
                        {
                          "Node Type": "Bitmap Index Scan",
                          "Parent Relationship": "Outer",
                          "Parallel Aware": false,
                          "Index Name": "person_id_cast_info",
                          "Startup Cost": 0.0,
                          "Total Cost": 12388.68,
                          "Plan Rows": 567482,
                          "Plan Width": 0,
                          "Actual Startup Time": 17.141,
                          "Actual Total Time": 17.141,
                          "Actual Rows": 519436,
                          "Actual Loops": 1,
                          "Index Cond": "(person_id > 3962824)"
                        }
                      ]
                    },
                    {
                      "Node Type": "Hash",
                      "Parent Relationship": "Inner",
                      "Parallel Aware": true,
                      "Startup Cost": 43899.32,
                      "Total Cost": 43899.32,
                      "Plan Rows": 246626,
                      "Plan Width": 4,
                      "Actual Startup Time": 125.613,
                      "Actual Total Time": 125.613,
                      "Actual Rows": 140721,
                      "Actual Loops": 7,
                      "Hash Buckets": 1048576,
                      "Original Hash Buckets": 1048576,
                      "Hash Batches": 1,
                      "Original Hash Batches": 1,
                      "Peak Memory Usage": 46816,
                      "Plans": [
                        {
                          "Node Type": "Seq Scan",
                          "Parent Relationship": "Outer",
                          "Parallel Aware": true,
                          "Relation Name": "title",
                          "Alias": "t",
                          "Startup Cost": 0.0,
                          "Total Cost": 43899.32,
                          "Plan Rows": 246626,
                          "Plan Width": 4,
                          "Actual Startup Time": 0.039,
                          "Actual Total Time": 69.014,
                          "Actual Rows": 140721,
                          "Actual Loops": 7,
                          "Filter": "(kind_id < 7)",
                          "Rows Removed by Filter": 220466
                        }
                      ]
                    }
                  ]
                }
              ]
            }
          ]
        }
      ]
    },
    "Planning Time": 0.632,
    "Triggers": [],
    "Execution Time": 219.296
  }
]