[
  {
    "Plan": {
      "Node Type": "Aggregate",
      "Strategy": "Plain",
      "Partial Mode": "Finalize",
      "Parallel Aware": false,
      "Startup Cost": 348946.03,
      "Total Cost": 348946.04,
      "Plan Rows": 1,
      "Plan Width": 8,
      "Actual Startup Time": 652.301,
      "Actual Total Time": 711.219,
      "Actual Rows": 1,
      "Actual Loops": 1,
      "Plans": [
        {
          "Node Type": "Gather",
          "Parent Relationship": "Outer",
          "Parallel Aware": false,
          "Startup Cost": 348945.41,
          "Total Cost": 348946.02,
          "Plan Rows": 6,
          "Plan Width": 8,
          "Actual Startup Time": 652.166,
          "Actual Total Time": 711.207,
          "Actual Rows": 7,
          "Actual Loops": 1,
          "Workers Planned": 6,
          "Workers Launched": 6,
          "Single Copy": false,
          "Plans": [
            {
              "Node Type": "Aggregate",
              "Strategy": "Plain",
              "Partial Mode": "Partial",
              "Parent Relationship": "Outer",
              "Parallel Aware": false,
              "Startup Cost": 347945.41,
              "Total Cost": 347945.42,
              "Plan Rows": 1,
              "Plan Width": 8,
              "Actual Startup Time": 643.075,
              "Actual Total Time": 643.076,
              "Actual Rows": 1,
              "Actual Loops": 7,
              "Plans": [
                {
                  "Node Type": "Seq Scan",
                  "Parent Relationship": "Outer",
                  "Parallel Aware": true,
                  "Relation Name": "cast_info",
                  "Alias": "ci",
                  "Startup Cost": 0.0,
                  "Total Cost": 343257.03,
                  "Plan Rows": 1875351,
                  "Plan Width": 0,
                  "Actual Startup Time": 225.375,
                  "Actual Total Time": 595.81,
                  "Actual Rows": 1224115,
                  "Actual Loops": 7,
                  "Filter": "((person_id > 1924287) AND (role_id < 4))",
                  "Rows Removed by Filter": 3953648
                }
              ]
            }
          ]
        }
      ]
    },
    "Planning Time": 0.227,
    "Triggers": [],
    "Execution Time": 711.307
  }
]