[
  {
    "Plan": {
      "Node Type": "Aggregate",
      "Strategy": "Plain",
      "Partial Mode": "Finalize",
      "Parallel Aware": false,
      "Startup Cost": 352804.24,
      "Total Cost": 352804.25,
      "Plan Rows": 1,
      "Plan Width": 8,
      "Actual Startup Time": 943.927,
      "Actual Total Time": 992.333,
      "Actual Rows": 1,
      "Actual Loops": 1,
      "Plans": [
        {
          "Node Type": "Gather",
          "Parent Relationship": "Outer",
          "Parallel Aware": false,
          "Startup Cost": 352803.61,
          "Total Cost": 352804.22,
          "Plan Rows": 6,
          "Plan Width": 8,
          "Actual Startup Time": 943.613,
          "Actual Total Time": 992.307,
          "Actual Rows": 7,
          "Actual Loops": 1,
          "Workers Planned": 6,
          "Workers Launched": 6,
          "Single Copy": false,
          "Plans": [
            {
              "Node Type": "Aggregate",
              "Strategy": "Plain",
              "Partial Mode": "Partial",
              "Parent Relationship": "Outer",
              "Parallel Aware": false,
              "Startup Cost": 351803.61,
              "Total Cost": 351803.62,
              "Plan Rows": 1,
              "Plan Width": 8,
              "Actual Startup Time": 935.095,
              "Actual Total Time": 935.097,
              "Actual Rows": 1,
              "Actual Loops": 7,
              "Plans": [
                {
                  "Node Type": "Seq Scan",
                  "Parent Relationship": "Outer",
                  "Parallel Aware": true,
                  "Relation Name": "cast_info",
                  "Alias": "ci",
                  "Startup Cost": 0.0,
                  "Total Cost": 343316.27,
                  "Plan Rows": 3394938,
                  "Plan Width": 0,
                  "Actual Startup Time": 258.78,
                  "Actual Total Time": 784.729,
                  "Actual Rows": 2672674,
                  "Actual Loops": 7,
                  "Filter": "((person_id < 3188037) AND (role_id > 1))",
                  "Rows Removed by Filter": 2505089
                }
              ]
            }
          ]
        }
      ]
    },
    "Planning Time": 0.142,
    "Triggers": [],
    "Execution Time": 992.387
  }
]