[
    {
        "Bao": {
            "Bao prediction": "NaN",
            "Bao recommended hint": "(no hint)"
        }
    },
    {
        "Plan": {
            "Node Type": "Aggregate",
            "Strategy": "Plain",
            "Partial Mode": "Finalize",
            "Parallel Aware": false,
            "Startup Cost": 261477.19,
            "Total Cost": 261477.2,
            "Plan Rows": 1,
            "Plan Width": 8,
            "Actual Startup Time": 698.647,
            "Actual Total Time": 725.549,
            "Actual Rows": 1,
            "Actual Loops": 1,
            "Output": [
                "count(*)"
            ],
            "Plans": [
                {
                    "Node Type": "Gather",
                    "Parent Relationship": "Outer",
                    "Parallel Aware": false,
                    "Startup Cost": 261476.87,
                    "Total Cost": 261477.18,
                    "Plan Rows": 3,
                    "Plan Width": 8,
                    "Actual Startup Time": 680.657,
                    "Actual Total Time": 725.538,
                    "Actual Rows": 4,
                    "Actual Loops": 1,
                    "Output": [
                        "(PARTIAL count(*))"
                    ],
                    "Workers Planned": 3,
                    "Workers Launched": 3,
                    "Single Copy": false,
                    "Plans": [
                        {
                            "Node Type": "Aggregate",
                            "Strategy": "Plain",
                            "Partial Mode": "Partial",
                            "Parent Relationship": "Outer",
                            "Parallel Aware": false,
                            "Startup Cost": 260476.87,
                            "Total Cost": 260476.88,
                            "Plan Rows": 1,
                            "Plan Width": 8,
                            "Actual Startup Time": 671.295,
                            "Actual Total Time": 671.301,
                            "Actual Rows": 1,
                            "Actual Loops": 4,
                            "Output": [
                                "PARTIAL count(*)"
                            ],
                            "Workers": [
                                {
                                    "Worker Number": 0,
                                    "Actual Startup Time": 667.98,
                                    "Actual Total Time": 667.985,
                                    "Actual Rows": 1,
                                    "Actual Loops": 1
                                },
                                {
                                    "Worker Number": 1,
                                    "Actual Startup Time": 668.058,
                                    "Actual Total Time": 668.063,
                                    "Actual Rows": 1,
                                    "Actual Loops": 1
                                },
                                {
                                    "Worker Number": 2,
                                    "Actual Startup Time": 668.821,
                                    "Actual Total Time": 668.826,
                                    "Actual Rows": 1,
                                    "Actual Loops": 1
                                }
                            ],
                            "Plans": [
                                {
                                    "Node Type": "Hash Join",
                                    "Parent Relationship": "Outer",
                                    "Parallel Aware": true,
                                    "Join Type": "Inner",
                                    "Startup Cost": 228562.66,
                                    "Total Cost": 260119.64,
                                    "Plan Rows": 142891,
                                    "Plan Width": 0,
                                    "Actual Startup Time": 490.934,
                                    "Actual Total Time": 653.772,
                                    "Actual Rows": 437389,
                                    "Actual Loops": 4,
                                    "Inner Unique": false,
                                    "Hash Cond": "(mc.movie_id = t.id)",
                                    "Workers": [
                                        {
                                            "Worker Number": 0,
                                            "Actual Startup Time": 487.759,
                                            "Actual Total Time": 650.462,
                                            "Actual Rows": 429634,
                                            "Actual Loops": 1
                                        },
                                        {
                                            "Worker Number": 1,
                                            "Actual Startup Time": 487.884,
                                            "Actual Total Time": 650.276,
                                            "Actual Rows": 432137,
                                            "Actual Loops": 1
                                        },
                                        {
                                            "Worker Number": 2,
                                            "Actual Startup Time": 488.554,
                                            "Actual Total Time": 651.275,
                                            "Actual Rows": 429045,
                                            "Actual Loops": 1
                                        }
                                    ],
                                    "Plans": [
                                        {
                                            "Node Type": "Seq Scan",
                                            "Parent Relationship": "Outer",
                                            "Parallel Aware": true,
                                            "Relation Name": "movie_companies",
                                            "Schema": "public",
                                            "Alias": "mc",
                                            "Startup Cost": 0.0,
                                            "Total Cost": 29310.68,
                                            "Plan Rows": 522805,
                                            "Plan Width": 4,
                                            "Actual Startup Time": 1.996,
                                            "Actual Total Time": 63.787,
                                            "Actual Rows": 405501,
                                            "Actual Loops": 4,
                                            "Output": [
                                                "mc.id",
                                                "mc.movie_id",
                                                "mc.company_id",
                                                "mc.company_type_id",
                                                "mc.note"
                                            ],
                                            "Filter": "(mc.company_id > 4538)",
                                            "Rows Removed by Filter": 246782,
                                            "Workers": [
                                                {
                                                    "Worker Number": 0,
                                                    "Actual Startup Time": 2.0,
                                                    "Actual Total Time": 65.644,
                                                    "Actual Rows": 397338,
                                                    "Actual Loops": 1
                                                },
                                                {
                                                    "Worker Number": 1,
                                                    "Actual Startup Time": 1.952,
                                                    "Actual Total Time": 64.909,
                                                    "Actual Rows": 391712,
                                                    "Actual Loops": 1
                                                },
                                                {
                                                    "Worker Number": 2,
                                                    "Actual Startup Time": 2.01,
                                                    "Actual Total Time": 64.182,
                                                    "Actual Rows": 396801,
                                                    "Actual Loops": 1
                                                }
                                            ]
                                        },
                                        {
                                            "Node Type": "Hash",
                                            "Parent Relationship": "Inner",
                                            "Parallel Aware": true,
                                            "Startup Cost": 226835.09,
                                            "Total Cost": 226835.09,
                                            "Plan Rows": 138206,
                                            "Plan Width": 8,
                                            "Actual Startup Time": 486.043,
                                            "Actual Total Time": 486.047,
                                            "Actual Rows": 165231,
                                            "Actual Loops": 4,
                                            "Output": [
                                                "t.id",
                                                "mi.movie_id"
                                            ],
                                            "Hash Buckets": 1048576,
                                            "Original Hash Buckets": 1048576,
                                            "Hash Batches": 1,
                                            "Original Hash Batches": 1,
                                            "Peak Memory Usage": 34112,
                                            "Workers": [
                                                {
                                                    "Worker Number": 0,
                                                    "Actual Startup Time": 485.218,
                                                    "Actual Total Time": 485.221,
                                                    "Actual Rows": 163377,
                                                    "Actual Loops": 1
                                                },
                                                {
                                                    "Worker Number": 1,
                                                    "Actual Startup Time": 485.074,
                                                    "Actual Total Time": 485.077,
                                                    "Actual Rows": 159158,
                                                    "Actual Loops": 1
                                                },
                                                {
                                                    "Worker Number": 2,
                                                    "Actual Startup Time": 486.05,
                                                    "Actual Total Time": 486.054,
                                                    "Actual Rows": 167699,
                                                    "Actual Loops": 1
                                                }
                                            ],
                                            "Plans": [
                                                {
                                                    "Node Type": "Hash Join",
                                                    "Parent Relationship": "Outer",
                                                    "Parallel Aware": true,
                                                    "Join Type": "Inner",
                                                    "Startup Cost": 62751.72,
                                                    "Total Cost": 226835.09,
                                                    "Plan Rows": 138206,
                                                    "Plan Width": 8,
                                                    "Actual Startup Time": 348.011,
                                                    "Actual Total Time": 435.18,
                                                    "Actual Rows": 165231,
                                                    "Actual Loops": 4,
                                                    "Output": [
                                                        "t.id",
                                                        "mi.movie_id"
                                                    ],
                                                    "Inner Unique": true,
                                                    "Hash Cond": "(mi.movie_id = t.id)",
                                                    "Workers": [
                                                        {
                                                            "Worker Number": 0,
                                                            "Actual Startup Time": 347.2,
                                                            "Actual Total Time": 434.558,
                                                            "Actual Rows": 163377,
                                                            "Actual Loops": 1
                                                        },
                                                        {
                                                            "Worker Number": 1,
                                                            "Actual Startup Time": 347.134,
                                                            "Actual Total Time": 435.762,
                                                            "Actual Rows": 159158,
                                                            "Actual Loops": 1
                                                        },
                                                        {
                                                            "Worker Number": 2,
                                                            "Actual Startup Time": 347.803,
                                                            "Actual Total Time": 433.497,
                                                            "Actual Rows": 167699,
                                                            "Actual Loops": 1
                                                        }
                                                    ],
                                                    "Plans": [
                                                        {
                                                            "Node Type": "Bitmap Heap Scan",
                                                            "Parent Relationship": "Outer",
                                                            "Parallel Aware": true,
                                                            "Relation Name": "movie_info",
                                                            "Schema": "public",
                                                            "Alias": "mi",
                                                            "Startup Cost": 12531.92,
                                                            "Total Cost": 176252.49,
                                                            "Plan Rows": 138206,
                                                            "Plan Width": 4,
                                                            "Actual Startup Time": 28.534,
                                                            "Actual Total Time": 51.207,
                                                            "Actual Rows": 165231,
                                                            "Actual Loops": 4,
                                                            "Output": [
                                                                "mi.id",
                                                                "mi.movie_id",
                                                                "mi.info_type_id",
                                                                "mi.info",
                                                                "mi.note"
                                                            ],
                                                            "Recheck Cond": "(mi.info_type_id = 18)",
                                                            "Rows Removed by Index Recheck": 0,
                                                            "Exact Heap Blocks": 1795,
                                                            "Lossy Heap Blocks": 0,
                                                            "Workers": [
                                                                {
                                                                    "Worker Number": 0,
                                                                    "Actual Startup Time": 28.605,
                                                                    "Actual Total Time": 52.123,
                                                                    "Actual Rows": 163377,
                                                                    "Actual Loops": 1
                                                                },
                                                                {
                                                                    "Worker Number": 1,
                                                                    "Actual Startup Time": 28.569,
                                                                    "Actual Total Time": 52.163,
                                                                    "Actual Rows": 159158,
                                                                    "Actual Loops": 1
                                                                },
                                                                {
                                                                    "Worker Number": 2,
                                                                    "Actual Startup Time": 28.463,
                                                                    "Actual Total Time": 51.292,
                                                                    "Actual Rows": 167699,
                                                                    "Actual Loops": 1
                                                                }
                                                            ],
                                                            "Plans": [
                                                                {
                                                                    "Node Type": "Bitmap Index Scan",
                                                                    "Parent Relationship": "Outer",
                                                                    "Parallel Aware": false,
                                                                    "Index Name": "info_type_id_movie_info",
                                                                    "Startup Cost": 0.0,
                                                                    "Total Cost": 12359.16,
                                                                    "Plan Rows": 691030,
                                                                    "Plan Width": 0,
                                                                    "Actual Startup Time": 27.556,
                                                                    "Actual Total Time": 27.556,
                                                                    "Actual Rows": 660923,
                                                                    "Actual Loops": 1,
                                                                    "Index Cond": "(mi.info_type_id = 18)",
                                                                    "Workers": [
                                                                        {
                                                                            "Worker Number": 2,
                                                                            "Actual Startup Time": 27.556,
                                                                            "Actual Total Time": 27.556,
                                                                            "Actual Rows": 660923,
                                                                            "Actual Loops": 1
                                                                        }
                                                                    ]
                                                                }
                                                            ]
                                                        },
                                                        {
                                                            "Node Type": "Hash",
                                                            "Parent Relationship": "Inner",
                                                            "Parallel Aware": true,
                                                            "Startup Cost": 42318.81,
                                                            "Total Cost": 42318.81,
                                                            "Plan Rows": 632080,
                                                            "Plan Width": 4,
                                                            "Actual Startup Time": 313.202,
                                                            "Actual Total Time": 313.202,
                                                            "Actual Rows": 632078,
                                                            "Actual Loops": 4,
                                                            "Output": [
                                                                "t.id"
                                                            ],
                                                            "Hash Buckets": 4194304,
                                                            "Original Hash Buckets": 4194304,
                                                            "Hash Batches": 1,
                                                            "Original Hash Batches": 1,
                                                            "Peak Memory Usage": 131744,
                                                            "Workers": [
                                                                {
                                                                    "Worker Number": 0,
                                                                    "Actual Startup Time": 318.468,
                                                                    "Actual Total Time": 318.469,
                                                                    "Actual Rows": 606295,
                                                                    "Actual Loops": 1
                                                                },
                                                                {
                                                                    "Worker Number": 1,
                                                                    "Actual Startup Time": 318.478,
                                                                    "Actual Total Time": 318.478,
                                                                    "Actual Rows": 601659,
                                                                    "Actual Loops": 1
                                                                },
                                                                {
                                                                    "Worker Number": 2,
                                                                    "Actual Startup Time": 319.283,
                                                                    "Actual Total Time": 319.284,
                                                                    "Actual Rows": 569443,
                                                                    "Actual Loops": 1
                                                                }
                                                            ],
                                                            "Plans": [
                                                                {
                                                                    "Node Type": "Seq Scan",
                                                                    "Parent Relationship": "Outer",
                                                                    "Parallel Aware": true,
                                                                    "Relation Name": "title",
                                                                    "Schema": "public",
                                                                    "Alias": "t",
                                                                    "Startup Cost": 0.0,
                                                                    "Total Cost": 42318.81,
                                                                    "Plan Rows": 632080,
                                                                    "Plan Width": 4,
                                                                    "Actual Startup Time": 0.055,
                                                                    "Actual Total Time": 87.938,
                                                                    "Actual Rows": 632078,
                                                                    "Actual Loops": 4,
                                                                    "Output": [
                                                                        "t.id"
                                                                    ],
                                                                    "Workers": [
                                                                        {
                                                                            "Worker Number": 0,
                                                                            "Actual Startup Time": 0.075,
                                                                            "Actual Total Time": 92.299,
                                                                            "Actual Rows": 606295,
                                                                            "Actual Loops": 1
                                                                        },
                                                                        {
                                                                            "Worker Number": 1,
                                                                            "Actual Startup Time": 0.07,
                                                                            "Actual Total Time": 91.879,
                                                                            "Actual Rows": 601659,
                                                                            "Actual Loops": 1
                                                                        },
                                                                        {
                                                                            "Worker Number": 2,
                                                                            "Actual Startup Time": 0.066,
                                                                            "Actual Total Time": 90.542,
                                                                            "Actual Rows": 569443,
                                                                            "Actual Loops": 1
                                                                        }
                                                                    ]
                                                                }
                                                            ]
                                                        }
                                                    ]
                                                }
                                            ]
                                        }
                                    ]
                                }
                            ]
                        }
                    ]
                }
            ]
        },
        "Planning Time": 192.656,
        "Triggers": [],
        "Execution Time": 725.624
    }
]