{
  "Plan": {
    "Node Type": "Aggregate",
    "Strategy": "Plain",
    "Partial Mode": "Finalize",
    "Parallel Aware": false,
    "Startup Cost": 39097.32,
    "Total Cost": 39097.33,
    "Plan Rows": 1,
    "Plan Width": 8,
    "Actual Startup Time": 46.256,
    "Actual Total Time": 52.715,
    "Actual Rows": 1,
    "Actual Loops": 1,
    "Plans": [
      {
        "Node Type": "Gather",
        "Parent Relationship": "Outer",
        "Parallel Aware": false,
        "Startup Cost": 39097.2,
        "Total Cost": 39097.31,
        "Plan Rows": 1,
        "Plan Width": 8,
        "Actual Startup Time": 46.159,
        "Actual Total Time": 52.709,
        "Actual Rows": 2,
        "Actual Loops": 1,
        "Workers Planned": 1,
        "Workers Launched": 1,
        "Single Copy": false,
        "Plans": [
          {
            "Node Type": "Aggregate",
            "Strategy": "Plain",
            "Partial Mode": "Partial",
            "Parent Relationship": "Outer",
            "Parallel Aware": false,
            "Startup Cost": 38097.2,
            "Total Cost": 38097.21,
            "Plan Rows": 1,
            "Plan Width": 8,
            "Actual Startup Time": 39.977,
            "Actual Total Time": 39.979,
            "Actual Rows": 1,
            "Actual Loops": 2,
            "Plans": [
              {
                "Node Type": "Nested Loop",
                "Parent Relationship": "Outer",
                "Parallel Aware": false,
                "Join Type": "Inner",
                "Startup Cost": 211.55,
                "Total Cost": 38096.28,
                "Plan Rows": 368,
                "Plan Width": 0,
                "Actual Startup Time": 8.894,
                "Actual Total Time": 39.75,
                "Actual Rows": 2310,
                "Actual Loops": 2,
                "Inner Unique": false,
                "Plans": [
                  {
                    "Node Type": "Nested Loop",
                    "Parent Relationship": "Outer",
                    "Parallel Aware": false,
                    "Join Type": "Inner",
                    "Startup Cost": 211.12,
                    "Total Cost": 37118.1,
                    "Plan Rows": 63,
                    "Plan Width": 8,
                    "Actual Startup Time": 8.796,
                    "Actual Total Time": 36.494,
                    "Actual Rows": 16,
                    "Actual Loops": 2,
                    "Inner Unique": true,
                    "Plans": [
                      {
                        "Node Type": "Bitmap Heap Scan",
                        "Parent Relationship": "Outer",
                        "Parallel Aware": true,
                        "Relation Name": "movie_companies",
                        "Alias": "mc",
                        "Startup Cost": 210.69,
                        "Total Cost": 16349.34,
                        "Plan Rows": 2821,
                        "Plan Width": 4,
                        "Actual Startup Time": 4.05,
                        "Actual Total Time": 14.382,
                        "Actual Rows": 3004,
                        "Actual Loops": 2,
                        "Recheck Cond": "(company_id = 846)",
                        "Rows Removed by Index Recheck": 0,
                        "Filter": "(company_type_id < 2)",
                        "Rows Removed by Filter": 2078,
                        "Exact Heap Blocks": 4948,
                        "Lossy Heap Blocks": 0,
                        "Plans": [
                          {
                            "Node Type": "Bitmap Index Scan",
                            "Parent Relationship": "Outer",
                            "Parallel Aware": false,
                            "Index Name": "company_id_movie_companies",
                            "Startup Cost": 0.0,
                            "Total Cost": 209.49,
                            "Plan Rows": 9741,
                            "Plan Width": 0,
                            "Actual Startup Time": 4.933,
                            "Actual Total Time": 4.934,
                            "Actual Rows": 10163,
                            "Actual Loops": 1,
                            "Index Cond": "(company_id = 846)"
                          }
                        ]
                      },
                      {
                        "Node Type": "Index Scan",
                        "Parent Relationship": "Inner",
                        "Parallel Aware": false,
                        "Scan Direction": "Forward",
                        "Index Name": "title_pkey",
                        "Relation Name": "title",
                        "Alias": "t",
                        "Startup Cost": 0.43,
                        "Total Cost": 7.36,
                        "Plan Rows": 1,
                        "Plan Width": 4,
                        "Actual Startup Time": 0.007,
                        "Actual Total Time": 0.007,
                        "Actual Rows": 0,
                        "Actual Loops": 6008,
                        "Index Cond": "(id = mc.movie_id)",
                        "Rows Removed by Index Recheck": 0,
                        "Filter": "((kind_id < 7) AND (production_year = 2010))",
                        "Rows Removed by Filter": 1
                      }
                    ]
                  },
                  {
                    "Node Type": "Index Only Scan",
                    "Parent Relationship": "Inner",
                    "Parallel Aware": false,
                    "Scan Direction": "Forward",
                    "Index Name": "movie_id_movie_info",
                    "Relation Name": "movie_info",
                    "Alias": "mi",
                    "Startup Cost": 0.43,
                    "Total Cost": 15.11,
                    "Plan Rows": 42,
                    "Plan Width": 4,
                    "Actual Startup Time": 0.033,
                    "Actual Total Time": 0.186,
                    "Actual Rows": 149,
                    "Actual Loops": 31,
                    "Index Cond": "(movie_id = t.id)",
                    "Rows Removed by Index Recheck": 0,
                    "Heap Fetches": 4621
                  }
                ]
              }
            ]
          }
        ]
      }
    ]
  },
  "Planning Time": 1.019,
  "Triggers": [],
  "Execution Time": 52.811
}