{
  "Plan": {
    "Node Type": "Aggregate",
    "Strategy": "Plain",
    "Partial Mode": "Finalize",
    "Parallel Aware": false,
    "Startup Cost": 861192.35,
    "Total Cost": 861192.36,
    "Plan Rows": 1,
    "Plan Width": 8,
    "Actual Startup Time": 15616.644,
    "Actual Total Time": 15695.619,
    "Actual Rows": 1,
    "Actual Loops": 1,
    "Plans": [
      {
        "Node Type": "Gather",
        "Parent Relationship": "Outer",
        "Parallel Aware": false,
        "Startup Cost": 861192.24,
        "Total Cost": 861192.35,
        "Plan Rows": 1,
        "Plan Width": 8,
        "Actual Startup Time": 15601.805,
        "Actual Total Time": 15695.61,
        "Actual Rows": 2,
        "Actual Loops": 1,
        "Workers Planned": 1,
        "Workers Launched": 1,
        "Single Copy": false,
        "Plans": [
          {
            "Node Type": "Aggregate",
            "Strategy": "Plain",
            "Partial Mode": "Partial",
            "Parent Relationship": "Outer",
            "Parallel Aware": false,
            "Startup Cost": 860192.24,
            "Total Cost": 860192.25,
            "Plan Rows": 1,
            "Plan Width": 8,
            "Actual Startup Time": 15571.512,
            "Actual Total Time": 15571.518,
            "Actual Rows": 1,
            "Actual Loops": 2,
            "Plans": [
              {
                "Node Type": "Hash Join",
                "Parent Relationship": "Outer",
                "Parallel Aware": true,
                "Join Type": "Inner",
                "Startup Cost": 696560.16,
                "Total Cost": 835548.51,
                "Plan Rows": 9857491,
                "Plan Width": 0,
                "Actual Startup Time": 7328.668,
                "Actual Total Time": 12755.242,
                "Actual Rows": 69038430,
                "Actual Loops": 2,
                "Inner Unique": false,
                "Hash Cond": "(mk.movie_id = t.id)",
                "Plans": [
                  {
                    "Node Type": "Seq Scan",
                    "Parent Relationship": "Outer",
                    "Parallel Aware": true,
                    "Relation Name": "movie_keyword",
                    "Alias": "mk",
                    "Startup Cost": 0.0,
                    "Total Cost": 51065.35,
                    "Plan Rows": 2661135,
                    "Plan Width": 4,
                    "Actual Startup Time": 0.011,
                    "Actual Total Time": 162.314,
                    "Actual Rows": 2261965,
                    "Actual Loops": 2
                  },
                  {
                    "Node Type": "Hash",
                    "Parent Relationship": "Inner",
                    "Parallel Aware": true,
                    "Startup Cost": 627696.85,
                    "Total Cost": 627696.85,
                    "Plan Rows": 5509065,
                    "Plan Width": 8,
                    "Actual Startup Time": 7271.813,
                    "Actual Total Time": 7271.817,
                    "Actual Rows": 4908402,
                    "Actual Loops": 2,
                    "Hash Buckets": 16777216,
                    "Original Hash Buckets": 16777216,
                    "Hash Batches": 1,
                    "Original Hash Batches": 1,
                    "Peak Memory Usage": 515136,
                    "Plans": [
                      {
                        "Node Type": "Hash Join",
                        "Parent Relationship": "Outer",
                        "Parallel Aware": true,
                        "Join Type": "Inner",
                        "Startup Cost": 60132.04,
                        "Total Cost": 627696.85,
                        "Plan Rows": 5509065,
                        "Plan Width": 8,
                        "Actual Startup Time": 230.935,
                        "Actual Total Time": 5654.213,
                        "Actual Rows": 4908402,
                        "Actual Loops": 2,
                        "Inner Unique": true,
                        "Hash Cond": "(ci.movie_id = t.id)",
                        "Plans": [
                          {
                            "Node Type": "Seq Scan",
                            "Parent Relationship": "Outer",
                            "Parallel Aware": true,
                            "Relation Name": "cast_info",
                            "Alias": "ci",
                            "Startup Cost": 0.0,
                            "Total Cost": 519069.44,
                            "Plan Rows": 18474396,
                            "Plan Width": 4,
                            "Actual Startup Time": 0.016,
                            "Actual Total Time": 1716.047,
                            "Actual Rows": 15808766,
                            "Actual Loops": 2,
                            "Filter": "(person_id < 3221083)",
                            "Rows Removed by Filter": 2313406
                          },
                          {
                            "Node Type": "Hash",
                            "Parent Relationship": "Inner",
                            "Parallel Aware": true,
                            "Startup Cost": 54588.39,
                            "Total Cost": 54588.39,
                            "Plan Rows": 443492,
                            "Plan Width": 4,
                            "Actual Startup Time": 228.106,
                            "Actual Total Time": 228.107,
                            "Actual Rows": 376838,
                            "Actual Loops": 2,
                            "Hash Buckets": 1048576,
                            "Original Hash Buckets": 1048576,
                            "Hash Batches": 1,
                            "Original Hash Batches": 1,
                            "Peak Memory Usage": 37696,
                            "Plans": [
                              {
                                "Node Type": "Seq Scan",
                                "Parent Relationship": "Outer",
                                "Parallel Aware": true,
                                "Relation Name": "title",
                                "Alias": "t",
                                "Startup Cost": 0.0,
                                "Total Cost": 54588.39,
                                "Plan Rows": 443492,
                                "Plan Width": 4,
                                "Actual Startup Time": 0.036,
                                "Actual Total Time": 144.03,
                                "Actual Rows": 376838,
                                "Actual Loops": 2,
                                "Filter": "(kind_id < 3)",
                                "Rows Removed by Filter": 887318
                              }
                            ]
                          }
                        ]
                      }
                    ]
                  }
                ]
              }
            ]
          }
        ]
      }
    ]
  },
  "Planning Time": 1.06,
  "Triggers": [],
  "Execution Time": 15695.705
}