{
  "Plan": {
    "Node Type": "Aggregate",
    "Strategy": "Plain",
    "Partial Mode": "Finalize",
    "Parallel Aware": false,
    "Startup Cost": 496408.6,
    "Total Cost": 496408.61,
    "Plan Rows": 1,
    "Plan Width": 8,
    "Actual Startup Time": 3470.202,
    "Actual Total Time": 3499.236,
    "Actual Rows": 1,
    "Actual Loops": 1,
    "Plans": [
      {
        "Node Type": "Gather",
        "Parent Relationship": "Outer",
        "Parallel Aware": false,
        "Startup Cost": 496408.49,
        "Total Cost": 496408.6,
        "Plan Rows": 1,
        "Plan Width": 8,
        "Actual Startup Time": 3464.346,
        "Actual Total Time": 3499.228,
        "Actual Rows": 2,
        "Actual Loops": 1,
        "Workers Planned": 1,
        "Workers Launched": 1,
        "Single Copy": false,
        "Plans": [
          {
            "Node Type": "Aggregate",
            "Strategy": "Plain",
            "Partial Mode": "Partial",
            "Parent Relationship": "Outer",
            "Parallel Aware": false,
            "Startup Cost": 495408.49,
            "Total Cost": 495408.5,
            "Plan Rows": 1,
            "Plan Width": 8,
            "Actual Startup Time": 3451.285,
            "Actual Total Time": 3451.29,
            "Actual Rows": 1,
            "Actual Loops": 2,
            "Plans": [
              {
                "Node Type": "Hash Join",
                "Parent Relationship": "Outer",
                "Parallel Aware": true,
                "Join Type": "Inner",
                "Startup Cost": 150891.2,
                "Total Cost": 478740.1,
                "Plan Rows": 6667355,
                "Plan Width": 0,
                "Actual Startup Time": 1105.313,
                "Actual Total Time": 3176.978,
                "Actual Rows": 6889740,
                "Actual Loops": 2,
                "Inner Unique": false,
                "Hash Cond": "(ci.movie_id = t.id)",
                "Plans": [
                  {
                    "Node Type": "Index Scan",
                    "Parent Relationship": "Outer",
                    "Parallel Aware": true,
                    "Scan Direction": "Forward",
                    "Index Name": "role_id_cast_info",
                    "Relation Name": "cast_info",
                    "Alias": "ci",
                    "Startup Cost": 0.56,
                    "Total Cost": 263373.12,
                    "Plan Rows": 5051321,
                    "Plan Width": 4,
                    "Actual Startup Time": 0.086,
                    "Actual Total Time": 605.159,
                    "Actual Rows": 4243157,
                    "Actual Loops": 2,
                    "Index Cond": "(role_id > 5)",
                    "Rows Removed by Index Recheck": 0
                  },
                  {
                    "Node Type": "Hash",
                    "Parent Relationship": "Inner",
                    "Parallel Aware": true,
                    "Startup Cost": 126352.75,
                    "Total Cost": 126352.75,
                    "Plan Rows": 1963031,
                    "Plan Width": 8,
                    "Actual Startup Time": 1083.628,
                    "Actual Total Time": 1083.632,
                    "Actual Rows": 818628,
                    "Actual Loops": 2,
                    "Hash Buckets": 4194304,
                    "Original Hash Buckets": 4194304,
                    "Hash Batches": 1,
                    "Original Hash Batches": 1,
                    "Peak Memory Usage": 96864,
                    "Plans": [
                      {
                        "Node Type": "Hash Join",
                        "Parent Relationship": "Outer",
                        "Parallel Aware": true,
                        "Join Type": "Inner",
                        "Startup Cost": 68301.9,
                        "Total Cost": 126352.75,
                        "Plan Rows": 1963031,
                        "Plan Width": 8,
                        "Actual Startup Time": 453.665,
                        "Actual Total Time": 918.732,
                        "Actual Rows": 818628,
                        "Actual Loops": 2,
                        "Inner Unique": true,
                        "Hash Cond": "(mk.movie_id = t.id)",
                        "Plans": [
                          {
                            "Node Type": "Seq Scan",
                            "Parent Relationship": "Outer",
                            "Parallel Aware": true,
                            "Relation Name": "movie_keyword",
                            "Alias": "mk",
                            "Startup Cost": 0.0,
                            "Total Cost": 51065.35,
                            "Plan Rows": 2661135,
                            "Plan Width": 4,
                            "Actual Startup Time": 0.014,
                            "Actual Total Time": 161.659,
                            "Actual Rows": 2261965,
                            "Actual Loops": 2
                          },
                          {
                            "Node Type": "Hash",
                            "Parent Relationship": "Inner",
                            "Parallel Aware": true,
                            "Startup Cost": 54588.39,
                            "Total Cost": 54588.39,
                            "Plan Rows": 1097081,
                            "Plan Width": 4,
                            "Actual Startup Time": 447.208,
                            "Actual Total Time": 447.209,
                            "Actual Rows": 932744,
                            "Actual Loops": 2,
                            "Hash Buckets": 2097152,
                            "Original Hash Buckets": 2097152,
                            "Hash Batches": 1,
                            "Original Hash Batches": 1,
                            "Peak Memory Usage": 89408,
                            "Plans": [
                              {
                                "Node Type": "Seq Scan",
                                "Parent Relationship": "Outer",
                                "Parallel Aware": true,
                                "Relation Name": "title",
                                "Alias": "t",
                                "Startup Cost": 0.0,
                                "Total Cost": 54588.39,
                                "Plan Rows": 1097081,
                                "Plan Width": 4,
                                "Actual Startup Time": 0.029,
                                "Actual Total Time": 170.031,
                                "Actual Rows": 932744,
                                "Actual Loops": 2,
                                "Filter": "(kind_id > 1)",
                                "Rows Removed by Filter": 331412
                              }
                            ]
                          }
                        ]
                      }
                    ]
                  }
                ]
              }
            ]
          }
        ]
      }
    ]
  },
  "Planning Time": 1.016,
  "Triggers": [],
  "Execution Time": 3499.322
}