{
  "Plan": {
    "Node Type": "Aggregate",
    "Strategy": "Plain",
    "Partial Mode": "Finalize",
    "Parallel Aware": false,
    "Startup Cost": 97041.24,
    "Total Cost": 97041.25,
    "Plan Rows": 1,
    "Plan Width": 8,
    "Actual Startup Time": 569.633,
    "Actual Total Time": 580.72,
    "Actual Rows": 1,
    "Actual Loops": 1,
    "Plans": [
      {
        "Node Type": "Gather",
        "Parent Relationship": "Outer",
        "Parallel Aware": false,
        "Startup Cost": 97041.13,
        "Total Cost": 97041.24,
        "Plan Rows": 1,
        "Plan Width": 8,
        "Actual Startup Time": 568.546,
        "Actual Total Time": 580.714,
        "Actual Rows": 2,
        "Actual Loops": 1,
        "Workers Planned": 1,
        "Workers Launched": 1,
        "Single Copy": false,
        "Plans": [
          {
            "Node Type": "Aggregate",
            "Strategy": "Plain",
            "Partial Mode": "Partial",
            "Parent Relationship": "Outer",
            "Parallel Aware": false,
            "Startup Cost": 96041.13,
            "Total Cost": 96041.14,
            "Plan Rows": 1,
            "Plan Width": 8,
            "Actual Startup Time": 562.582,
            "Actual Total Time": 562.586,
            "Actual Rows": 1,
            "Actual Loops": 2,
            "Plans": [
              {
                "Node Type": "Hash Join",
                "Parent Relationship": "Outer",
                "Parallel Aware": true,
                "Join Type": "Inner",
                "Startup Cost": 34707.11,
                "Total Cost": 95692.63,
                "Plan Rows": 139401,
                "Plan Width": 0,
                "Actual Startup Time": 154.656,
                "Actual Total Time": 552.608,
                "Actual Rows": 236934,
                "Actual Loops": 2,
                "Inner Unique": false,
                "Hash Cond": "(t.id = mc.movie_id)",
                "Plans": [
                  {
                    "Node Type": "Seq Scan",
                    "Parent Relationship": "Outer",
                    "Parallel Aware": true,
                    "Relation Name": "title",
                    "Alias": "t",
                    "Startup Cost": 0.0,
                    "Total Cost": 50870.31,
                    "Plan Rows": 1487231,
                    "Plan Width": 4,
                    "Actual Startup Time": 0.012,
                    "Actual Total Time": 124.397,
                    "Actual Rows": 1264156,
                    "Actual Loops": 2
                  },
                  {
                    "Node Type": "Hash",
                    "Parent Relationship": "Inner",
                    "Parallel Aware": true,
                    "Startup Cost": 32964.6,
                    "Total Cost": 32964.6,
                    "Plan Rows": 139401,
                    "Plan Width": 4,
                    "Actual Startup Time": 142.508,
                    "Actual Total Time": 142.51,
                    "Actual Rows": 236934,
                    "Actual Loops": 2,
                    "Hash Buckets": 524288,
                    "Original Hash Buckets": 262144,
                    "Hash Batches": 1,
                    "Original Hash Batches": 1,
                    "Peak Memory Usage": 24704,
                    "Plans": [
                      {
                        "Node Type": "Bitmap Heap Scan",
                        "Parent Relationship": "Outer",
                        "Parallel Aware": true,
                        "Relation Name": "movie_companies",
                        "Alias": "mc",
                        "Startup Cost": 10056.26,
                        "Total Cost": 32964.6,
                        "Plan Rows": 139401,
                        "Plan Width": 4,
                        "Actual Startup Time": 24.334,
                        "Actual Total Time": 78.469,
                        "Actual Rows": 236934,
                        "Actual Loops": 2,
                        "Recheck Cond": "(company_id > 75709)",
                        "Rows Removed by Index Recheck": 0,
                        "Filter": "(company_type_id = 2)",
                        "Rows Removed by Filter": 0,
                        "Exact Heap Blocks": 4545,
                        "Lossy Heap Blocks": 0,
                        "Plans": [
                          {
                            "Node Type": "Bitmap Index Scan",
                            "Parent Relationship": "Outer",
                            "Parallel Aware": false,
                            "Index Name": "company_id_movie_companies",
                            "Startup Cost": 0.0,
                            "Total Cost": 9997.02,
                            "Plan Rows": 466745,
                            "Plan Width": 0,
                            "Actual Startup Time": 27.473,
                            "Actual Total Time": 27.473,
                            "Actual Rows": 473867,
                            "Actual Loops": 1,
                            "Index Cond": "(company_id > 75709)"
                          }
                        ]
                      }
                    ]
                  }
                ]
              }
            ]
          }
        ]
      }
    ]
  },
  "Planning Time": 0.365,
  "Triggers": [],
  "Execution Time": 580.776
}