{
  "Plan": {
    "Node Type": "Aggregate",
    "Strategy": "Plain",
    "Partial Mode": "Finalize",
    "Parallel Aware": false,
    "Startup Cost": 324922.67,
    "Total Cost": 324922.68,
    "Plan Rows": 1,
    "Plan Width": 8,
    "Actual Startup Time": 2163.555,
    "Actual Total Time": 2191.343,
    "Actual Rows": 1,
    "Actual Loops": 1,
    "Plans": [
      {
        "Node Type": "Gather",
        "Parent Relationship": "Outer",
        "Parallel Aware": false,
        "Startup Cost": 324922.56,
        "Total Cost": 324922.67,
        "Plan Rows": 1,
        "Plan Width": 8,
        "Actual Startup Time": 2163.419,
        "Actual Total Time": 2191.335,
        "Actual Rows": 2,
        "Actual Loops": 1,
        "Workers Planned": 1,
        "Workers Launched": 1,
        "Single Copy": false,
        "Plans": [
          {
            "Node Type": "Aggregate",
            "Strategy": "Plain",
            "Partial Mode": "Partial",
            "Parent Relationship": "Outer",
            "Parallel Aware": false,
            "Startup Cost": 323922.56,
            "Total Cost": 323922.57,
            "Plan Rows": 1,
            "Plan Width": 8,
            "Actual Startup Time": 2157.374,
            "Actual Total Time": 2157.376,
            "Actual Rows": 1,
            "Actual Loops": 2,
            "Plans": [
              {
                "Node Type": "Merge Join",
                "Parent Relationship": "Outer",
                "Parallel Aware": false,
                "Join Type": "Inner",
                "Startup Cost": 6.77,
                "Total Cost": 322468.02,
                "Plan Rows": 581814,
                "Plan Width": 0,
                "Actual Startup Time": 2.497,
                "Actual Total Time": 2100.968,
                "Actual Rows": 1298691,
                "Actual Loops": 2,
                "Inner Unique": false,
                "Merge Cond": "(t.id = mc.movie_id)",
                "Plans": [
                  {
                    "Node Type": "Merge Join",
                    "Parent Relationship": "Outer",
                    "Parallel Aware": false,
                    "Join Type": "Inner",
                    "Startup Cost": 3.02,
                    "Total Cost": 168830.26,
                    "Plan Rows": 563788,
                    "Plan Width": 8,
                    "Actual Startup Time": 1.476,
                    "Actual Total Time": 1049.971,
                    "Actual Rows": 455284,
                    "Actual Loops": 2,
                    "Inner Unique": false,
                    "Merge Cond": "(t.id = mi_idx.movie_id)",
                    "Plans": [
                      {
                        "Node Type": "Index Scan",
                        "Parent Relationship": "Outer",
                        "Parallel Aware": true,
                        "Scan Direction": "Forward",
                        "Index Name": "title_pkey",
                        "Relation Name": "title",
                        "Alias": "t",
                        "Startup Cost": 0.43,
                        "Total Cost": 103647.43,
                        "Plan Rows": 1032888,
                        "Plan Width": 4,
                        "Actual Startup Time": 0.077,
                        "Actual Total Time": 661.321,
                        "Actual Rows": 874226,
                        "Actual Loops": 2,
                        "Filter": "(production_year > 1990)",
                        "Rows Removed by Filter": 388716
                      },
                      {
                        "Node Type": "Index Only Scan",
                        "Parent Relationship": "Inner",
                        "Parallel Aware": false,
                        "Scan Direction": "Forward",
                        "Index Name": "movie_id_movie_info_idx",
                        "Relation Name": "movie_info_idx",
                        "Alias": "mi_idx",
                        "Startup Cost": 0.43,
                        "Total Cost": 53620.22,
                        "Plan Rows": 1380035,
                        "Plan Width": 4,
                        "Actual Startup Time": 0.148,
                        "Actual Total Time": 247.47,
                        "Actual Rows": 1380025,
                        "Actual Loops": 2,
                        "Heap Fetches": 2760050
                      }
                    ]
                  },
                  {
                    "Node Type": "Index Only Scan",
                    "Parent Relationship": "Inner",
                    "Parallel Aware": false,
                    "Scan Direction": "Forward",
                    "Index Name": "movie_id_movie_companies",
                    "Relation Name": "movie_companies",
                    "Alias": "mc",
                    "Startup Cost": 0.43,
                    "Total Cost": 140059.44,
                    "Plan Rows": 2609129,
                    "Plan Width": 4,
                    "Actual Startup Time": 0.118,
                    "Actual Total Time": 801.735,
                    "Actual Rows": 3475526,
                    "Actual Loops": 2,
                    "Heap Fetches": 6951053
                  }
                ]
              }
            ]
          }
        ]
      }
    ]
  },
  "Planning Time": 0.978,
  "Triggers": [],
  "Execution Time": 2191.432
}