[
  {
    "Plan": {
      "Node Type": "Aggregate",
      "Strategy": "Plain",
      "Partial Mode": "Finalize",
      "Parallel Aware": false,
      "Startup Cost": 418803.52,
      "Total Cost": 418803.53,
      "Plan Rows": 1,
      "Plan Width": 8,
      "Actual Startup Time": 985.289,
      "Actual Total Time": 1053.848,
      "Actual Rows": 1,
      "Actual Loops": 1,
      "Plans": [
        {
          "Node Type": "Gather",
          "Parent Relationship": "Outer",
          "Parallel Aware": false,
          "Startup Cost": 418802.89,
          "Total Cost": 418803.5,
          "Plan Rows": 6,
          "Plan Width": 8,
          "Actual Startup Time": 983.111,
          "Actual Total Time": 1053.839,
          "Actual Rows": 7,
          "Actual Loops": 1,
          "Workers Planned": 6,
          "Workers Launched": 6,
          "Single Copy": false,
          "Plans": [
            {
              "Node Type": "Aggregate",
              "Strategy": "Plain",
              "Partial Mode": "Partial",
              "Parent Relationship": "Outer",
              "Parallel Aware": false,
              "Startup Cost": 417802.89,
              "Total Cost": 417802.9,
              "Plan Rows": 1,
              "Plan Width": 8,
              "Actual Startup Time": 974.922,
              "Actual Total Time": 974.924,
              "Actual Rows": 1,
              "Actual Loops": 7,
              "Plans": [
                {
                  "Node Type": "Nested Loop",
                  "Parent Relationship": "Outer",
                  "Parallel Aware": false,
                  "Join Type": "Inner",
                  "Startup Cost": 103234.64,
                  "Total Cost": 417120.99,
                  "Plan Rows": 272760,
                  "Plan Width": 0,
                  "Actual Startup Time": 387.406,
                  "Actual Total Time": 969.834,
                  "Actual Rows": 84758,
                  "Actual Loops": 7,
                  "Inner Unique": false,
                  "Join Filter": "(t.id = ci.movie_id)",
                  "Rows Removed by Join Filter": 0,
                  "Plans": [
                    {
                      "Node Type": "Merge Join",
                      "Parent Relationship": "Outer",
                      "Parallel Aware": false,
                      "Join Type": "Inner",
                      "Startup Cost": 103234.08,
                      "Total Cost": 247150.97,
                      "Plan Rows": 95572,
                      "Plan Width": 8,
                      "Actual Startup Time": 385.122,
                      "Actual Total Time": 655.606,
                      "Actual Rows": 20377,
                      "Actual Loops": 7,
                      "Inner Unique": true,
                      "Merge Cond": "(mk.movie_id = t.id)",
                      "Plans": [
                        {
                          "Node Type": "Index Only Scan",
                          "Parent Relationship": "Outer",
                          "Parallel Aware": true,
                          "Scan Direction": "Forward",
                          "Index Name": "movie_id_movie_keyword",
                          "Relation Name": "movie_keyword",
                          "Alias": "mk",
                          "Startup Cost": 0.43,
                          "Total Cost": 139476.27,
                          "Plan Rows": 753988,
                          "Plan Width": 4,
                          "Actual Startup Time": 0.123,
                          "Actual Total Time": 191.855,
                          "Actual Rows": 646276,
                          "Actual Loops": 7,
                          "Heap Fetches": 4523930
                        },
                        {
                          "Node Type": "Sort",
                          "Parent Relationship": "Inner",
                          "Parallel Aware": false,
                          "Startup Cost": 103233.03,
                          "Total Cost": 104034.25,
                          "Plan Rows": 320490,
                          "Plan Width": 4,
                          "Actual Startup Time": 384.941,
                          "Actual Total Time": 412.377,
                          "Actual Rows": 198945,
                          "Actual Loops": 7,
                          "Sort Key": [
                            "t.id"
                          ],
                          "Sort Method": "quicksort",
                          "Sort Space Used": 15472,
                          "Sort Space Type": "Memory",
                          "Workers": [
                            {
                              "Worker Number": 0,
                              "Sort Method": "quicksort",
                              "Sort Space Used": 15472,
                              "Sort Space Type": "Memory"
                            },
                            {
                              "Worker Number": 1,
                              "Sort Method": "quicksort",
                              "Sort Space Used": 15472,
                              "Sort Space Type": "Memory"
                            },
                            {
                              "Worker Number": 2,
                              "Sort Method": "quicksort",
                              "Sort Space Used": 15472,
                              "Sort Space Type": "Memory"
                            },
                            {
                              "Worker Number": 3,
                              "Sort Method": "quicksort",
                              "Sort Space Used": 15472,
                              "Sort Space Type": "Memory"
                            },
                            {
                              "Worker Number": 4,
                              "Sort Method": "quicksort",
                              "Sort Space Used": 15472,
                              "Sort Space Type": "Memory"
                            },
                            {
                              "Worker Number": 5,
                              "Sort Method": "quicksort",
                              "Sort Space Used": 15472,
                              "Sort Space Type": "Memory"
                            }
                          ],
                          "Plans": [
                            {
                              "Node Type": "Seq Scan",
                              "Parent Relationship": "Outer",
                              "Parallel Aware": false,
                              "Relation Name": "title",
                              "Alias": "t",
                              "Startup Cost": 0.0,
                              "Total Cost": 73924.35,
                              "Plan Rows": 320490,
                              "Plan Width": 4,
                              "Actual Startup Time": 0.042,
                              "Actual Total Time": 322.342,
                              "Actual Rows": 198988,
                              "Actual Loops": 7,
                              "Filter": "((kind_id > 1) AND (production_year < 1976))",
                              "Rows Removed by Filter": 2329324
                            }
                          ]
                        }
                      ]
                    },
                    {
                      "Node Type": "Index Scan",
                      "Parent Relationship": "Inner",
                      "Parallel Aware": false,
                      "Scan Direction": "Forward",
                      "Index Name": "movie_id_cast_info",
                      "Relation Name": "cast_info",
                      "Alias": "ci",
                      "Startup Cost": 0.56,
                      "Total Cost": 1.69,
                      "Plan Rows": 7,
                      "Plan Width": 4,
                      "Actual Startup Time": 0.011,
                      "Actual Total Time": 0.015,
                      "Actual Rows": 4,
                      "Actual Loops": 142636,
                      "Index Cond": "(movie_id = mk.movie_id)",
                      "Rows Removed by Index Recheck": 0,
                      "Filter": "((person_id > 2605524) AND (role_id > 1))",
                      "Rows Removed by Filter": 14
                    }
                  ]
                }
              ]
            }
          ]
        }
      ]
    },
    "Planning Time": 0.626,
    "Triggers": [],
    "Execution Time": 1056.444
  }
]