[
  {
    "Plan": {
      "Node Type": "Aggregate",
      "Strategy": "Plain",
      "Partial Mode": "Finalize",
      "Parallel Aware": false,
      "Startup Cost": 31600.52,
      "Total Cost": 31600.53,
      "Plan Rows": 1,
      "Plan Width": 8,
      "Actual Startup Time": 105.988,
      "Actual Total Time": 113.863,
      "Actual Rows": 1,
      "Actual Loops": 1,
      "Plans": [
        {
          "Node Type": "Gather",
          "Parent Relationship": "Outer",
          "Parallel Aware": false,
          "Startup Cost": 31600.2,
          "Total Cost": 31600.51,
          "Plan Rows": 3,
          "Plan Width": 8,
          "Actual Startup Time": 105.885,
          "Actual Total Time": 113.855,
          "Actual Rows": 4,
          "Actual Loops": 1,
          "Workers Planned": 3,
          "Workers Launched": 3,
          "Single Copy": false,
          "Plans": [
            {
              "Node Type": "Aggregate",
              "Strategy": "Plain",
              "Partial Mode": "Partial",
              "Parent Relationship": "Outer",
              "Parallel Aware": false,
              "Startup Cost": 30600.2,
              "Total Cost": 30600.21,
              "Plan Rows": 1,
              "Plan Width": 8,
              "Actual Startup Time": 98.607,
              "Actual Total Time": 98.608,
              "Actual Rows": 1,
              "Actual Loops": 4,
              "Plans": [
                {
                  "Node Type": "Seq Scan",
                  "Parent Relationship": "Outer",
                  "Parallel Aware": true,
                  "Relation Name": "movie_companies",
                  "Alias": "mc",
                  "Startup Cost": 0.0,
                  "Total Cost": 29310.68,
                  "Plan Rows": 515809,
                  "Plan Width": 0,
                  "Actual Startup Time": 6.618,
                  "Actual Total Time": 81.396,
                  "Actual Rows": 400043,
                  "Actual Loops": 4,
                  "Filter": "(company_id > 4937)",
                  "Rows Removed by Filter": 252239
                }
              ]
            }
          ]
        }
      ]
    },
    "Planning Time": 0.194,
    "Triggers": [],
    "Execution Time": 113.918
  }
]