[
  {
    "Plan": {
      "Node Type": "Aggregate",
      "Strategy": "Plain",
      "Partial Mode": "Finalize",
      "Parallel Aware": false,
      "Startup Cost": 46528.16,
      "Total Cost": 46528.17,
      "Plan Rows": 1,
      "Plan Width": 8,
      "Actual Startup Time": 103.742,
      "Actual Total Time": 116.497,
      "Actual Rows": 1,
      "Actual Loops": 1,
      "Plans": [
        {
          "Node Type": "Gather",
          "Parent Relationship": "Outer",
          "Parallel Aware": false,
          "Startup Cost": 46527.74,
          "Total Cost": 46528.15,
          "Plan Rows": 4,
          "Plan Width": 8,
          "Actual Startup Time": 103.61,
          "Actual Total Time": 116.489,
          "Actual Rows": 5,
          "Actual Loops": 1,
          "Workers Planned": 4,
          "Workers Launched": 4,
          "Single Copy": false,
          "Plans": [
            {
              "Node Type": "Aggregate",
              "Strategy": "Plain",
              "Partial Mode": "Partial",
              "Parent Relationship": "Outer",
              "Parallel Aware": false,
              "Startup Cost": 45527.74,
              "Total Cost": 45527.75,
              "Plan Rows": 1,
              "Plan Width": 8,
              "Actual Startup Time": 96.268,
              "Actual Total Time": 96.27,
              "Actual Rows": 1,
              "Actual Loops": 5,
              "Plans": [
                {
                  "Node Type": "Seq Scan",
                  "Parent Relationship": "Outer",
                  "Parallel Aware": true,
                  "Relation Name": "title",
                  "Alias": "t",
                  "Startup Cost": 0.0,
                  "Total Cost": 45479.1,
                  "Plan Rows": 19458,
                  "Plan Width": 0,
                  "Actual Startup Time": 0.123,
                  "Actual Total Time": 95.109,
                  "Actual Rows": 14825,
                  "Actual Loops": 5,
                  "Filter": "((kind_id < 4) AND (production_year > 2011))",
                  "Rows Removed by Filter": 490837
                }
              ]
            }
          ]
        }
      ]
    },
    "Planning Time": 0.214,
    "Triggers": [],
    "Execution Time": 116.555
  }
]