{
  "Plan": {
    "Node Type": "Aggregate",
    "Strategy": "Plain",
    "Partial Mode": "Finalize",
    "Parallel Aware": false,
    "Startup Cost": 101422.61,
    "Total Cost": 101422.62,
    "Plan Rows": 1,
    "Plan Width": 8,
    "Actual Startup Time": 566.145,
    "Actual Total Time": 579.47,
    "Actual Rows": 1,
    "Actual Loops": 1,
    "Plans": [
      {
        "Node Type": "Gather",
        "Parent Relationship": "Outer",
        "Parallel Aware": false,
        "Startup Cost": 101422.5,
        "Total Cost": 101422.61,
        "Plan Rows": 1,
        "Plan Width": 8,
        "Actual Startup Time": 564.088,
        "Actual Total Time": 579.46,
        "Actual Rows": 2,
        "Actual Loops": 1,
        "Workers Planned": 1,
        "Workers Launched": 1,
        "Single Copy": false,
        "Plans": [
          {
            "Node Type": "Aggregate",
            "Strategy": "Plain",
            "Partial Mode": "Partial",
            "Parent Relationship": "Outer",
            "Parallel Aware": false,
            "Startup Cost": 100422.5,
            "Total Cost": 100422.51,
            "Plan Rows": 1,
            "Plan Width": 8,
            "Actual Startup Time": 559.234,
            "Actual Total Time": 559.238,
            "Actual Rows": 1,
            "Actual Loops": 2,
            "Plans": [
              {
                "Node Type": "Hash Join",
                "Parent Relationship": "Outer",
                "Parallel Aware": true,
                "Join Type": "Inner",
                "Startup Cost": 37164.27,
                "Total Cost": 100094.85,
                "Plan Rows": 131062,
                "Plan Width": 0,
                "Actual Startup Time": 177.968,
                "Actual Total Time": 550.563,
                "Actual Rows": 207580,
                "Actual Loops": 2,
                "Inner Unique": false,
                "Hash Cond": "(t.id = mc.movie_id)",
                "Plans": [
                  {
                    "Node Type": "Seq Scan",
                    "Parent Relationship": "Outer",
                    "Parallel Aware": true,
                    "Relation Name": "title",
                    "Alias": "t",
                    "Startup Cost": 0.0,
                    "Total Cost": 54588.39,
                    "Plan Rows": 1211398,
                    "Plan Width": 4,
                    "Actual Startup Time": 0.012,
                    "Actual Total Time": 152.471,
                    "Actual Rows": 1023362,
                    "Actual Loops": 2,
                    "Filter": "(production_year > 1972)",
                    "Rows Removed by Filter": 240794
                  },
                  {
                    "Node Type": "Hash",
                    "Parent Relationship": "Inner",
                    "Parallel Aware": true,
                    "Startup Cost": 35152.97,
                    "Total Cost": 35152.97,
                    "Plan Rows": 160904,
                    "Plan Width": 4,
                    "Actual Startup Time": 172.943,
                    "Actual Total Time": 172.944,
                    "Actual Rows": 275309,
                    "Actual Loops": 2,
                    "Hash Buckets": 1048576,
                    "Original Hash Buckets": 524288,
                    "Hash Batches": 1,
                    "Original Hash Batches": 1,
                    "Peak Memory Usage": 33856,
                    "Plans": [
                      {
                        "Node Type": "Bitmap Heap Scan",
                        "Parent Relationship": "Outer",
                        "Parallel Aware": true,
                        "Relation Name": "movie_companies",
                        "Alias": "mc",
                        "Startup Cost": 11609.37,
                        "Total Cost": 35152.97,
                        "Plan Rows": 160904,
                        "Plan Width": 4,
                        "Actual Startup Time": 46.961,
                        "Actual Total Time": 103.195,
                        "Actual Rows": 275309,
                        "Actual Loops": 2,
                        "Recheck Cond": "(company_id > 71869)",
                        "Rows Removed by Index Recheck": 0,
                        "Filter": "(company_type_id = 2)",
                        "Rows Removed by Filter": 0,
                        "Exact Heap Blocks": 4528,
                        "Lossy Heap Blocks": 0,
                        "Plans": [
                          {
                            "Node Type": "Bitmap Index Scan",
                            "Parent Relationship": "Outer",
                            "Parallel Aware": false,
                            "Index Name": "company_id_movie_companies",
                            "Startup Cost": 0.0,
                            "Total Cost": 11540.99,
                            "Plan Rows": 538741,
                            "Plan Width": 0,
                            "Actual Startup Time": 45.782,
                            "Actual Total Time": 45.782,
                            "Actual Rows": 550618,
                            "Actual Loops": 1,
                            "Index Cond": "(company_id > 71869)"
                          }
                        ]
                      }
                    ]
                  }
                ]
              }
            ]
          }
        ]
      }
    ]
  },
  "Planning Time": 0.4,
  "Triggers": [],
  "Execution Time": 579.55
}