[
  {
    "Plan": {
      "Node Type": "Aggregate",
      "Strategy": "Plain",
      "Partial Mode": "Finalize",
      "Parallel Aware": false,
      "Startup Cost": 124933.57,
      "Total Cost": 124933.58,
      "Plan Rows": 1,
      "Plan Width": 8,
      "Actual Startup Time": 269.437,
      "Actual Total Time": 292.462,
      "Actual Rows": 1,
      "Actual Loops": 1,
      "Plans": [
        {
          "Node Type": "Gather",
          "Parent Relationship": "Outer",
          "Parallel Aware": false,
          "Startup Cost": 124933.25,
          "Total Cost": 124933.56,
          "Plan Rows": 3,
          "Plan Width": 8,
          "Actual Startup Time": 268.958,
          "Actual Total Time": 292.454,
          "Actual Rows": 4,
          "Actual Loops": 1,
          "Workers Planned": 3,
          "Workers Launched": 3,
          "Single Copy": false,
          "Plans": [
            {
              "Node Type": "Aggregate",
              "Strategy": "Plain",
              "Partial Mode": "Partial",
              "Parent Relationship": "Outer",
              "Parallel Aware": false,
              "Startup Cost": 123933.25,
              "Total Cost": 123933.26,
              "Plan Rows": 1,
              "Plan Width": 8,
              "Actual Startup Time": 263.729,
              "Actual Total Time": 263.733,
              "Actual Rows": 1,
              "Actual Loops": 4,
              "Plans": [
                {
                  "Node Type": "Nested Loop",
                  "Parent Relationship": "Outer",
                  "Parallel Aware": false,
                  "Join Type": "Inner",
                  "Startup Cost": 46093.12,
                  "Total Cost": 123720.96,
                  "Plan Rows": 84918,
                  "Plan Width": 0,
                  "Actual Startup Time": 130.263,
                  "Actual Total Time": 259.617,
                  "Actual Rows": 87142,
                  "Actual Loops": 4,
                  "Inner Unique": false,
                  "Join Filter": "(t.id = mi.movie_id)",
                  "Rows Removed by Join Filter": 0,
                  "Plans": [
                    {
                      "Node Type": "Hash Join",
                      "Parent Relationship": "Outer",
                      "Parallel Aware": true,
                      "Join Type": "Inner",
                      "Startup Cost": 46092.69,
                      "Total Cost": 77996.76,
                      "Plan Rows": 14462,
                      "Plan Width": 8,
                      "Actual Startup Time": 130.177,
                      "Actual Total Time": 193.427,
                      "Actual Rows": 9168,
                      "Actual Loops": 4,
                      "Inner Unique": true,
                      "Hash Cond": "(mc.movie_id = t.id)",
                      "Plans": [
                        {
                          "Node Type": "Seq Scan",
                          "Parent Relationship": "Outer",
                          "Parallel Aware": true,
                          "Relation Name": "movie_companies",
                          "Alias": "mc",
                          "Startup Cost": 0.0,
                          "Total Cost": 31414.82,
                          "Plan Rows": 186383,
                          "Plan Width": 4,
                          "Actual Startup Time": 31.587,
                          "Actual Total Time": 67.691,
                          "Actual Rows": 214975,
                          "Actual Loops": 4,
                          "Filter": "((company_id > 13644) AND (company_type_id = 2))",
                          "Rows Removed by Filter": 437307
                        },
                        {
                          "Node Type": "Hash",
                          "Parent Relationship": "Inner",
                          "Parallel Aware": true,
                          "Startup Cost": 45479.59,
                          "Total Cost": 45479.59,
                          "Plan Rows": 49048,
                          "Plan Width": 4,
                          "Actual Startup Time": 97.072,
                          "Actual Total Time": 97.073,
                          "Actual Rows": 26038,
                          "Actual Loops": 4,
                          "Hash Buckets": 262144,
                          "Original Hash Buckets": 262144,
                          "Hash Batches": 1,
                          "Original Hash Batches": 1,
                          "Peak Memory Usage": 6176,
                          "Plans": [
                            {
                              "Node Type": "Seq Scan",
                              "Parent Relationship": "Outer",
                              "Parallel Aware": true,
                              "Relation Name": "title",
                              "Alias": "t",
                              "Startup Cost": 0.0,
                              "Total Cost": 45479.59,
                              "Plan Rows": 49048,
                              "Plan Width": 4,
                              "Actual Startup Time": 0.035,
                              "Actual Total Time": 87.79,
                              "Actual Rows": 26038,
                              "Actual Loops": 4,
                              "Filter": "((production_year < 1968) AND (kind_id = 7))",
                              "Rows Removed by Filter": 606040
                            }
                          ]
                        }
                      ]
                    },
                    {
                      "Node Type": "Index Only Scan",
                      "Parent Relationship": "Inner",
                      "Parallel Aware": false,
                      "Scan Direction": "Forward",
                      "Index Name": "movie_id_movie_info",
                      "Relation Name": "movie_info",
                      "Alias": "mi",
                      "Startup Cost": 0.43,
                      "Total Cost": 2.65,
                      "Plan Rows": 41,
                      "Plan Width": 4,
                      "Actual Startup Time": 0.002,
                      "Actual Total Time": 0.006,
                      "Actual Rows": 10,
                      "Actual Loops": 36672,
                      "Index Cond": "(movie_id = mc.movie_id)",
                      "Rows Removed by Index Recheck": 0,
                      "Heap Fetches": 348566
                    }
                  ]
                }
              ]
            }
          ]
        }
      ]
    },
    "Planning Time": 0.571,
    "Triggers": [],
    "Execution Time": 292.514
  }
]