[
  {
    "Plan": {
      "Node Type": "Aggregate",
      "Strategy": "Plain",
      "Partial Mode": "Finalize",
      "Parallel Aware": false,
      "Startup Cost": 24019.08,
      "Total Cost": 24019.09,
      "Plan Rows": 1,
      "Plan Width": 8,
      "Actual Startup Time": 47.247,
      "Actual Total Time": 51.325,
      "Actual Rows": 1,
      "Actual Loops": 1,
      "Plans": [
        {
          "Node Type": "Gather",
          "Parent Relationship": "Outer",
          "Parallel Aware": false,
          "Startup Cost": 24018.76,
          "Total Cost": 24019.07,
          "Plan Rows": 3,
          "Plan Width": 8,
          "Actual Startup Time": 47.052,
          "Actual Total Time": 51.317,
          "Actual Rows": 4,
          "Actual Loops": 1,
          "Workers Planned": 3,
          "Workers Launched": 3,
          "Single Copy": false,
          "Plans": [
            {
              "Node Type": "Aggregate",
              "Strategy": "Plain",
              "Partial Mode": "Partial",
              "Parent Relationship": "Outer",
              "Parallel Aware": false,
              "Startup Cost": 23018.76,
              "Total Cost": 23018.77,
              "Plan Rows": 1,
              "Plan Width": 8,
              "Actual Startup Time": 41.445,
              "Actual Total Time": 41.446,
              "Actual Rows": 1,
              "Actual Loops": 4,
              "Plans": [
                {
                  "Node Type": "Bitmap Heap Scan",
                  "Parent Relationship": "Outer",
                  "Parallel Aware": true,
                  "Relation Name": "movie_companies",
                  "Alias": "mc",
                  "Startup Cost": 3456.82,
                  "Total Cost": 22890.1,
                  "Plan Rows": 51463,
                  "Plan Width": 0,
                  "Actual Startup Time": 14.316,
                  "Actual Total Time": 38.074,
                  "Actual Rows": 38872,
                  "Actual Loops": 4,
                  "Recheck Cond": "(company_id > 129723)",
                  "Rows Removed by Index Recheck": 0,
                  "Exact Heap Blocks": 2079,
                  "Lossy Heap Blocks": 0,
                  "Plans": [
                    {
                      "Node Type": "Bitmap Index Scan",
                      "Parent Relationship": "Outer",
                      "Parallel Aware": false,
                      "Index Name": "company_id_movie_companies",
                      "Startup Cost": 0.0,
                      "Total Cost": 3416.93,
                      "Plan Rows": 159534,
                      "Plan Width": 0,
                      "Actual Startup Time": 18.049,
                      "Actual Total Time": 18.049,
                      "Actual Rows": 155489,
                      "Actual Loops": 1,
                      "Index Cond": "(company_id > 129723)"
                    }
                  ]
                }
              ]
            }
          ]
        }
      ]
    },
    "Planning Time": 0.138,
    "Triggers": [],
    "Execution Time": 51.381
  }
]