{
  "Plan": {
    "Node Type": "Aggregate",
    "Strategy": "Plain",
    "Partial Mode": "Finalize",
    "Parallel Aware": false,
    "Startup Cost": 1951324.33,
    "Total Cost": 1951324.34,
    "Plan Rows": 1,
    "Plan Width": 8,
    "Actual Startup Time": 11222.038,
    "Actual Total Time": 11303.099,
    "Actual Rows": 1,
    "Actual Loops": 1,
    "Plans": [
      {
        "Node Type": "Gather",
        "Parent Relationship": "Outer",
        "Parallel Aware": false,
        "Startup Cost": 1951324.22,
        "Total Cost": 1951324.33,
        "Plan Rows": 1,
        "Plan Width": 8,
        "Actual Startup Time": 11200.25,
        "Actual Total Time": 11303.09,
        "Actual Rows": 2,
        "Actual Loops": 1,
        "Workers Planned": 1,
        "Workers Launched": 1,
        "Single Copy": false,
        "Plans": [
          {
            "Node Type": "Aggregate",
            "Strategy": "Plain",
            "Partial Mode": "Partial",
            "Parent Relationship": "Outer",
            "Parallel Aware": false,
            "Startup Cost": 1950324.22,
            "Total Cost": 1950324.23,
            "Plan Rows": 1,
            "Plan Width": 8,
            "Actual Startup Time": 11194.009,
            "Actual Total Time": 11194.013,
            "Actual Rows": 1,
            "Actual Loops": 2,
            "Plans": [
              {
                "Node Type": "Merge Join",
                "Parent Relationship": "Outer",
                "Parallel Aware": false,
                "Join Type": "Inner",
                "Startup Cost": 736433.15,
                "Total Cost": 1925475.75,
                "Plan Rows": 9939387,
                "Plan Width": 0,
                "Actual Startup Time": 5686.014,
                "Actual Total Time": 10616.673,
                "Actual Rows": 13766586,
                "Actual Loops": 2,
                "Inner Unique": false,
                "Merge Cond": "(mi.movie_id = t.id)",
                "Plans": [
                  {
                    "Node Type": "Index Only Scan",
                    "Parent Relationship": "Outer",
                    "Parallel Aware": true,
                    "Scan Direction": "Forward",
                    "Index Name": "movie_id_movie_info",
                    "Relation Name": "movie_info",
                    "Alias": "mi",
                    "Startup Cost": 0.43,
                    "Total Cost": 1018223.42,
                    "Plan Rows": 8696274,
                    "Plan Width": 4,
                    "Actual Startup Time": 0.126,
                    "Actual Total Time": 2352.625,
                    "Actual Rows": 7417238,
                    "Actual Loops": 2,
                    "Heap Fetches": 14834475
                  },
                  {
                    "Node Type": "Sort",
                    "Parent Relationship": "Inner",
                    "Parallel Aware": false,
                    "Startup Cost": 736432.07,
                    "Total Cost": 743656.34,
                    "Plan Rows": 2889707,
                    "Plan Width": 8,
                    "Actual Startup Time": 5685.818,
                    "Actual Total Time": 6519.545,
                    "Actual Rows": 15750839,
                    "Actual Loops": 2,
                    "Sort Key": [
                      "t.id"
                    ],
                    "Sort Method": "quicksort",
                    "Sort Space Used": 284324,
                    "Sort Space Type": "Memory",
                    "Workers": [
                      {
                        "Worker Number": 0,
                        "Sort Method": "quicksort",
                        "Sort Space Used": 284324,
                        "Sort Space Type": "Memory"
                      }
                    ],
                    "Plans": [
                      {
                        "Node Type": "Hash Join",
                        "Parent Relationship": "Outer",
                        "Parallel Aware": false,
                        "Join Type": "Inner",
                        "Startup Cost": 94454.35,
                        "Total Cost": 426330.51,
                        "Plan Rows": 2889707,
                        "Plan Width": 8,
                        "Actual Startup Time": 829.106,
                        "Actual Total Time": 4705.717,
                        "Actual Rows": 3968417,
                        "Actual Loops": 2,
                        "Inner Unique": true,
                        "Hash Cond": "(ci.movie_id = t.id)",
                        "Plans": [
                          {
                            "Node Type": "Index Scan",
                            "Parent Relationship": "Outer",
                            "Parallel Aware": false,
                            "Scan Direction": "Forward",
                            "Index Name": "role_id_cast_info",
                            "Relation Name": "cast_info",
                            "Alias": "ci",
                            "Startup Cost": 0.56,
                            "Total Cost": 320200.49,
                            "Plan Rows": 4448084,
                            "Plan Width": 4,
                            "Actual Startup Time": 0.229,
                            "Actual Total Time": 1342.426,
                            "Actual Rows": 6406300,
                            "Actual Loops": 2,
                            "Index Cond": "(role_id > 5)",
                            "Rows Removed by Index Recheck": 0,
                            "Filter": "(person_id > 1733708)",
                            "Rows Removed by Filter": 2080014
                          },
                          {
                            "Node Type": "Hash",
                            "Parent Relationship": "Inner",
                            "Parallel Aware": false,
                            "Startup Cost": 73922.39,
                            "Total Cost": 73922.39,
                            "Plan Rows": 1642511,
                            "Plan Width": 4,
                            "Actual Startup Time": 818.043,
                            "Actual Total Time": 818.044,
                            "Actual Rows": 1629839,
                            "Actual Loops": 2,
                            "Hash Buckets": 2097152,
                            "Original Hash Buckets": 2097152,
                            "Hash Batches": 1,
                            "Original Hash Batches": 1,
                            "Peak Memory Usage": 73684,
                            "Plans": [
                              {
                                "Node Type": "Seq Scan",
                                "Parent Relationship": "Outer",
                                "Parallel Aware": false,
                                "Relation Name": "title",
                                "Alias": "t",
                                "Startup Cost": 0.0,
                                "Total Cost": 73922.39,
                                "Plan Rows": 1642511,
                                "Plan Width": 4,
                                "Actual Startup Time": 0.037,
                                "Actual Total Time": 394.147,
                                "Actual Rows": 1629839,
                                "Actual Loops": 2,
                                "Filter": "((kind_id > 1) AND (production_year < 2012))",
                                "Rows Removed by Filter": 898473
                              }
                            ]
                          }
                        ]
                      }
                    ]
                  }
                ]
              }
            ]
          }
        ]
      }
    ]
  },
  "Planning Time": 1.063,
  "Triggers": [],
  "Execution Time": 11338.505
}