{
  "Plan": {
    "Node Type": "Aggregate",
    "Strategy": "Plain",
    "Partial Mode": "Finalize",
    "Parallel Aware": false,
    "Startup Cost": 3390642.85,
    "Total Cost": 3390642.86,
    "Plan Rows": 1,
    "Plan Width": 8,
    "Actual Startup Time": 20835.067,
    "Actual Total Time": 20835.153,
    "Actual Rows": 1,
    "Actual Loops": 1,
    "Plans": [
      {
        "Node Type": "Gather",
        "Parent Relationship": "Outer",
        "Parallel Aware": false,
        "Startup Cost": 3390642.74,
        "Total Cost": 3390642.85,
        "Plan Rows": 1,
        "Plan Width": 8,
        "Actual Startup Time": 20835.058,
        "Actual Total Time": 20835.148,
        "Actual Rows": 2,
        "Actual Loops": 1,
        "Workers Planned": 1,
        "Workers Launched": 1,
        "Single Copy": false,
        "Plans": [
          {
            "Node Type": "Aggregate",
            "Strategy": "Plain",
            "Partial Mode": "Partial",
            "Parent Relationship": "Outer",
            "Parallel Aware": false,
            "Startup Cost": 3389642.74,
            "Total Cost": 3389642.75,
            "Plan Rows": 1,
            "Plan Width": 8,
            "Actual Startup Time": 18947.801,
            "Actual Total Time": 18947.804,
            "Actual Rows": 1,
            "Actual Loops": 2,
            "Plans": [
              {
                "Node Type": "Merge Join",
                "Parent Relationship": "Outer",
                "Parallel Aware": false,
                "Join Type": "Inner",
                "Startup Cost": 1665714.24,
                "Total Cost": 3313366.27,
                "Plan Rows": 30510587,
                "Plan Width": 0,
                "Actual Startup Time": 3981.664,
                "Actual Total Time": 17362.386,
                "Actual Rows": 39255902,
                "Actual Loops": 2,
                "Inner Unique": false,
                "Merge Cond": "(t.id = mi.movie_id)",
                "Plans": [
                  {
                    "Node Type": "Merge Join",
                    "Parent Relationship": "Outer",
                    "Parallel Aware": false,
                    "Join Type": "Inner",
                    "Startup Cost": 1665711.57,
                    "Total Cost": 1763649.03,
                    "Plan Rows": 5217901,
                    "Plan Width": 8,
                    "Actual Startup Time": 3981.593,
                    "Actual Total Time": 5906.724,
                    "Actual Rows": 3534368,
                    "Actual Loops": 2,
                    "Inner Unique": true,
                    "Merge Cond": "(ci.movie_id = t.id)",
                    "Plans": [
                      {
                        "Node Type": "Sort",
                        "Parent Relationship": "Outer",
                        "Parallel Aware": false,
                        "Startup Cost": 1411970.36,
                        "Total Cost": 1430373.86,
                        "Plan Rows": 7361398,
                        "Plan Width": 4,
                        "Actual Startup Time": 3215.144,
                        "Actual Total Time": 4031.675,
                        "Actual Rows": 5151191,
                        "Actual Loops": 2,
                        "Sort Key": [
                          "ci.movie_id"
                        ],
                        "Sort Method": "quicksort",
                        "Sort Space Used": 494288,
                        "Sort Space Type": "Memory",
                        "Workers": [
                          {
                            "Worker Number": 0,
                            "Sort Method": "quicksort",
                            "Sort Space Used": 283549,
                            "Sort Space Type": "Memory"
                          }
                        ],
                        "Plans": [
                          {
                            "Node Type": "Seq Scan",
                            "Parent Relationship": "Outer",
                            "Parallel Aware": true,
                            "Relation Name": "cast_info",
                            "Alias": "ci",
                            "Startup Cost": 0.0,
                            "Total Cost": 572345.93,
                            "Plan Rows": 7361398,
                            "Plan Width": 4,
                            "Actual Startup Time": 569.026,
                            "Actual Total Time": 1838.516,
                            "Actual Rows": 5151191,
                            "Actual Loops": 2,
                            "Filter": "((person_id > 1711491) AND (role_id < 4))",
                            "Rows Removed by Filter": 12970981
                          }
                        ]
                      },
                      {
                        "Node Type": "Sort",
                        "Parent Relationship": "Inner",
                        "Parallel Aware": false,
                        "Startup Cost": 253740.43,
                        "Total Cost": 258220.69,
                        "Plan Rows": 1792103,
                        "Plan Width": 4,
                        "Actual Startup Time": 766.435,
                        "Actual Total Time": 1110.191,
                        "Actual Rows": 1793195,
                        "Actual Loops": 2,
                        "Sort Key": [
                          "t.id"
                        ],
                        "Sort Method": "quicksort",
                        "Sort Space Used": 133253,
                        "Sort Space Type": "Memory",
                        "Workers": [
                          {
                            "Worker Number": 0,
                            "Sort Method": "quicksort",
                            "Sort Space Used": 133253,
                            "Sort Space Type": "Memory"
                          }
                        ],
                        "Plans": [
                          {
                            "Node Type": "Seq Scan",
                            "Parent Relationship": "Outer",
                            "Parallel Aware": false,
                            "Relation Name": "title",
                            "Alias": "t",
                            "Startup Cost": 0.0,
                            "Total Cost": 67601.66,
                            "Plan Rows": 1792103,
                            "Plan Width": 4,
                            "Actual Startup Time": 0.035,
                            "Actual Total Time": 294.426,
                            "Actual Rows": 1794153,
                            "Actual Loops": 2,
                            "Filter": "(production_year < 2009)",
                            "Rows Removed by Filter": 734159
                          }
                        ]
                      }
                    ]
                  },
                  {
                    "Node Type": "Materialize",
                    "Parent Relationship": "Inner",
                    "Parallel Aware": false,
                    "Startup Cost": 0.43,
                    "Total Cost": 1116056.49,
                    "Plan Rows": 14783665,
                    "Plan Width": 4,
                    "Actual Startup Time": 0.067,
                    "Actual Total Time": 7234.52,
                    "Actual Rows": 45674392,
                    "Actual Loops": 2,
                    "Plans": [
                      {
                        "Node Type": "Index Only Scan",
                        "Parent Relationship": "Outer",
                        "Parallel Aware": false,
                        "Scan Direction": "Forward",
                        "Index Name": "movie_id_movie_info",
                        "Relation Name": "movie_info",
                        "Alias": "mi",
                        "Startup Cost": 0.43,
                        "Total Cost": 1079097.33,
                        "Plan Rows": 14783665,
                        "Plan Width": 4,
                        "Actual Startup Time": 0.058,
                        "Actual Total Time": 4323.664,
                        "Actual Rows": 14834825,
                        "Actual Loops": 2,
                        "Heap Fetches": 29669650
                      }
                    ]
                  }
                ]
              }
            ]
          }
        ]
      }
    ]
  },
  "Planning Time": 1.024,
  "Triggers": [],
  "Execution Time": 20858.878
}