[
  {
    "Plan": {
      "Node Type": "Aggregate",
      "Strategy": "Plain",
      "Partial Mode": "Finalize",
      "Parallel Aware": false,
      "Startup Cost": 332212.01,
      "Total Cost": 332212.02,
      "Plan Rows": 1,
      "Plan Width": 8,
      "Actual Startup Time": 679.546,
      "Actual Total Time": 736.297,
      "Actual Rows": 1,
      "Actual Loops": 1,
      "Plans": [
        {
          "Node Type": "Gather",
          "Parent Relationship": "Outer",
          "Parallel Aware": false,
          "Startup Cost": 332211.38,
          "Total Cost": 332211.99,
          "Plan Rows": 6,
          "Plan Width": 8,
          "Actual Startup Time": 679.326,
          "Actual Total Time": 736.285,
          "Actual Rows": 7,
          "Actual Loops": 1,
          "Workers Planned": 6,
          "Workers Launched": 6,
          "Single Copy": false,
          "Plans": [
            {
              "Node Type": "Aggregate",
              "Strategy": "Plain",
              "Partial Mode": "Partial",
              "Parent Relationship": "Outer",
              "Parallel Aware": false,
              "Startup Cost": 331211.38,
              "Total Cost": 331211.39,
              "Plan Rows": 1,
              "Plan Width": 8,
              "Actual Startup Time": 672.804,
              "Actual Total Time": 672.805,
              "Actual Rows": 1,
              "Actual Loops": 7,
              "Plans": [
                {
                  "Node Type": "Seq Scan",
                  "Parent Relationship": "Outer",
                  "Parallel Aware": true,
                  "Relation Name": "cast_info",
                  "Alias": "ci",
                  "Startup Cost": 0.0,
                  "Total Cost": 328211.39,
                  "Plan Rows": 1199997,
                  "Plan Width": 0,
                  "Actual Startup Time": 371.136,
                  "Actual Total Time": 618.144,
                  "Actual Rows": 1015144,
                  "Actual Loops": 7,
                  "Filter": "(person_id > 2956314)",
                  "Rows Removed by Filter": 4162619
                }
              ]
            }
          ]
        }
      ]
    },
    "Planning Time": 0.105,
    "Triggers": [],
    "Execution Time": 736.357
  }
]