[
  {
    "Plan": {
      "Node Type": "Aggregate",
      "Strategy": "Plain",
      "Partial Mode": "Finalize",
      "Parallel Aware": false,
      "Startup Cost": 126018.99,
      "Total Cost": 126019.0,
      "Plan Rows": 1,
      "Plan Width": 8,
      "Actual Startup Time": 746.863,
      "Actual Total Time": 777.015,
      "Actual Rows": 1,
      "Actual Loops": 1,
      "Plans": [
        {
          "Node Type": "Gather",
          "Parent Relationship": "Outer",
          "Parallel Aware": false,
          "Startup Cost": 126018.68,
          "Total Cost": 126018.99,
          "Plan Rows": 3,
          "Plan Width": 8,
          "Actual Startup Time": 739.368,
          "Actual Total Time": 777.003,
          "Actual Rows": 4,
          "Actual Loops": 1,
          "Workers Planned": 3,
          "Workers Launched": 3,
          "Single Copy": false,
          "Plans": [
            {
              "Node Type": "Aggregate",
              "Strategy": "Plain",
              "Partial Mode": "Partial",
              "Parent Relationship": "Outer",
              "Parallel Aware": false,
              "Startup Cost": 125018.68,
              "Total Cost": 125018.69,
              "Plan Rows": 1,
              "Plan Width": 8,
              "Actual Startup Time": 734.014,
              "Actual Total Time": 734.017,
              "Actual Rows": 1,
              "Actual Loops": 4,
              "Plans": [
                {
                  "Node Type": "Nested Loop",
                  "Parent Relationship": "Outer",
                  "Parallel Aware": false,
                  "Join Type": "Inner",
                  "Startup Cost": 44089.13,
                  "Total Cost": 124843.51,
                  "Plan Rows": 70065,
                  "Plan Width": 0,
                  "Actual Startup Time": 111.409,
                  "Actual Total Time": 702.911,
                  "Actual Rows": 525204,
                  "Actual Loops": 4,
                  "Inner Unique": false,
                  "Join Filter": "(t.id = mi.movie_id)",
                  "Rows Removed by Join Filter": 0,
                  "Plans": [
                    {
                      "Node Type": "Hash Join",
                      "Parent Relationship": "Outer",
                      "Parallel Aware": true,
                      "Join Type": "Inner",
                      "Startup Cost": 44088.7,
                      "Total Cost": 88803.23,
                      "Plan Rows": 18433,
                      "Plan Width": 8,
                      "Actual Startup Time": 111.297,
                      "Actual Total Time": 299.605,
                      "Actual Rows": 16075,
                      "Actual Loops": 4,
                      "Inner Unique": true,
                      "Hash Cond": "(mk.movie_id = t.id)",
                      "Plans": [
                        {
                          "Node Type": "Seq Scan",
                          "Parent Relationship": "Outer",
                          "Parallel Aware": true,
                          "Relation Name": "movie_keyword",
                          "Alias": "mk",
                          "Startup Cost": 0.0,
                          "Total Cost": 42695.65,
                          "Plan Rows": 769097,
                          "Plan Width": 4,
                          "Actual Startup Time": 0.259,
                          "Actual Total Time": 127.23,
                          "Actual Rows": 592386,
                          "Actual Loops": 4,
                          "Filter": "(keyword_id > 4066)",
                          "Rows Removed by Filter": 538596
                        },
                        {
                          "Node Type": "Hash",
                          "Parent Relationship": "Inner",
                          "Parallel Aware": true,
                          "Startup Cost": 43899.32,
                          "Total Cost": 43899.32,
                          "Plan Rows": 15150,
                          "Plan Width": 4,
                          "Actual Startup Time": 110.298,
                          "Actual Total Time": 110.299,
                          "Actual Rows": 15642,
                          "Actual Loops": 4,
                          "Hash Buckets": 65536,
                          "Original Hash Buckets": 65536,
                          "Hash Batches": 1,
                          "Original Hash Batches": 1,
                          "Peak Memory Usage": 3040,
                          "Plans": [
                            {
                              "Node Type": "Seq Scan",
                              "Parent Relationship": "Outer",
                              "Parallel Aware": true,
                              "Relation Name": "title",
                              "Alias": "t",
                              "Startup Cost": 0.0,
                              "Total Cost": 43899.32,
                              "Plan Rows": 15150,
                              "Plan Width": 4,
                              "Actual Startup Time": 0.061,
                              "Actual Total Time": 102.976,
                              "Actual Rows": 15642,
                              "Actual Loops": 4,
                              "Filter": "(production_year = 2002)",
                              "Rows Removed by Filter": 616436
                            }
                          ]
                        }
                      ]
                    },
                    {
                      "Node Type": "Index Scan",
                      "Parent Relationship": "Inner",
                      "Parallel Aware": false,
                      "Scan Direction": "Forward",
                      "Index Name": "movie_id_movie_info",
                      "Relation Name": "movie_info",
                      "Alias": "mi",
                      "Startup Cost": 0.43,
                      "Total Cost": 1.62,
                      "Plan Rows": 27,
                      "Plan Width": 4,
                      "Actual Startup Time": 0.004,
                      "Actual Total Time": 0.021,
                      "Actual Rows": 33,
                      "Actual Loops": 64299,
                      "Index Cond": "(movie_id = mk.movie_id)",
                      "Rows Removed by Index Recheck": 0,
                      "Filter": "(info_type_id < 16)",
                      "Rows Removed by Filter": 44
                    }
                  ]
                }
              ]
            }
          ]
        }
      ]
    },
    "Planning Time": 0.881,
    "Triggers": [],
    "Execution Time": 777.094
  }
]