[
    {
        "Bao": {
            "Bao prediction": "NaN",
            "Bao recommended hint": "(no hint)"
        }
    },
    {
        "Plan": {
            "Node Type": "Aggregate",
            "Strategy": "Plain",
            "Partial Mode": "Finalize",
            "Parallel Aware": false,
            "Startup Cost": 24146.93,
            "Total Cost": 24146.94,
            "Plan Rows": 1,
            "Plan Width": 8,
            "Actual Startup Time": 61.381,
            "Actual Total Time": 65.848,
            "Actual Rows": 1,
            "Actual Loops": 1,
            "Output": [
                "count(*)"
            ],
            "Plans": [
                {
                    "Node Type": "Gather",
                    "Parent Relationship": "Outer",
                    "Parallel Aware": false,
                    "Startup Cost": 24146.62,
                    "Total Cost": 24146.93,
                    "Plan Rows": 3,
                    "Plan Width": 8,
                    "Actual Startup Time": 61.18,
                    "Actual Total Time": 65.838,
                    "Actual Rows": 4,
                    "Actual Loops": 1,
                    "Output": [
                        "(PARTIAL count(*))"
                    ],
                    "Workers Planned": 3,
                    "Workers Launched": 3,
                    "Single Copy": false,
                    "Plans": [
                        {
                            "Node Type": "Aggregate",
                            "Strategy": "Plain",
                            "Partial Mode": "Partial",
                            "Parent Relationship": "Outer",
                            "Parallel Aware": false,
                            "Startup Cost": 23146.62,
                            "Total Cost": 23146.63,
                            "Plan Rows": 1,
                            "Plan Width": 8,
                            "Actual Startup Time": 52.55,
                            "Actual Total Time": 52.551,
                            "Actual Rows": 1,
                            "Actual Loops": 4,
                            "Output": [
                                "PARTIAL count(*)"
                            ],
                            "Workers": [
                                {
                                    "Worker Number": 0,
                                    "Actual Startup Time": 49.645,
                                    "Actual Total Time": 49.646,
                                    "Actual Rows": 1,
                                    "Actual Loops": 1
                                },
                                {
                                    "Worker Number": 1,
                                    "Actual Startup Time": 49.642,
                                    "Actual Total Time": 49.643,
                                    "Actual Rows": 1,
                                    "Actual Loops": 1
                                },
                                {
                                    "Worker Number": 2,
                                    "Actual Startup Time": 50.242,
                                    "Actual Total Time": 50.243,
                                    "Actual Rows": 1,
                                    "Actual Loops": 1
                                }
                            ],
                            "Plans": [
                                {
                                    "Node Type": "Bitmap Heap Scan",
                                    "Parent Relationship": "Outer",
                                    "Parallel Aware": true,
                                    "Relation Name": "movie_companies",
                                    "Schema": "public",
                                    "Alias": "mc",
                                    "Startup Cost": 3561.67,
                                    "Total Cost": 23014.13,
                                    "Plan Rows": 52996,
                                    "Plan Width": 0,
                                    "Actual Startup Time": 10.933,
                                    "Actual Total Time": 48.434,
                                    "Actual Rows": 41927,
                                    "Actual Loops": 4,
                                    "Recheck Cond": "(mc.company_id < 34)",
                                    "Rows Removed by Index Recheck": 0,
                                    "Exact Heap Blocks": 7876,
                                    "Lossy Heap Blocks": 0,
                                    "Workers": [
                                        {
                                            "Worker Number": 0,
                                            "Actual Startup Time": 8.036,
                                            "Actual Total Time": 46.165,
                                            "Actual Rows": 26134,
                                            "Actual Loops": 1
                                        },
                                        {
                                            "Worker Number": 1,
                                            "Actual Startup Time": 8.347,
                                            "Actual Total Time": 46.194,
                                            "Actual Rows": 23667,
                                            "Actual Loops": 1
                                        },
                                        {
                                            "Worker Number": 2,
                                            "Actual Startup Time": 8.632,
                                            "Actual Total Time": 46.846,
                                            "Actual Rows": 25525,
                                            "Actual Loops": 1
                                        }
                                    ],
                                    "Plans": [
                                        {
                                            "Node Type": "Bitmap Index Scan",
                                            "Parent Relationship": "Outer",
                                            "Parallel Aware": false,
                                            "Index Name": "company_id_movie_companies",
                                            "Startup Cost": 0.0,
                                            "Total Cost": 3520.6,
                                            "Plan Rows": 164289,
                                            "Plan Width": 0,
                                            "Actual Startup Time": 14.819,
                                            "Actual Total Time": 14.819,
                                            "Actual Rows": 167708,
                                            "Actual Loops": 1,
                                            "Index Cond": "(mc.company_id < 34)"
                                        }
                                    ]
                                }
                            ]
                        }
                    ]
                }
            ]
        },
        "Planning Time": 280.912,
        "Triggers": [],
        "Execution Time": 65.941
    }
]