[
  {
    "Plan": {
      "Node Type": "Aggregate",
      "Strategy": "Plain",
      "Partial Mode": "Finalize",
      "Parallel Aware": false,
      "Startup Cost": 338279.74,
      "Total Cost": 338279.75,
      "Plan Rows": 1,
      "Plan Width": 8,
      "Actual Startup Time": 504.595,
      "Actual Total Time": 530.195,
      "Actual Rows": 1,
      "Actual Loops": 1,
      "Plans": [
        {
          "Node Type": "Gather",
          "Parent Relationship": "Outer",
          "Parallel Aware": false,
          "Startup Cost": 338279.12,
          "Total Cost": 338279.73,
          "Plan Rows": 6,
          "Plan Width": 8,
          "Actual Startup Time": 504.47,
          "Actual Total Time": 530.184,
          "Actual Rows": 7,
          "Actual Loops": 1,
          "Workers Planned": 6,
          "Workers Launched": 6,
          "Single Copy": false,
          "Plans": [
            {
              "Node Type": "Aggregate",
              "Strategy": "Plain",
              "Partial Mode": "Partial",
              "Parent Relationship": "Outer",
              "Parallel Aware": false,
              "Startup Cost": 337279.12,
              "Total Cost": 337279.13,
              "Plan Rows": 1,
              "Plan Width": 8,
              "Actual Startup Time": 493.604,
              "Actual Total Time": 493.605,
              "Actual Rows": 1,
              "Actual Loops": 7,
              "Plans": [
                {
                  "Node Type": "Index Scan",
                  "Parent Relationship": "Outer",
                  "Parallel Aware": true,
                  "Scan Direction": "Forward",
                  "Index Name": "role_id_cast_info",
                  "Relation Name": "cast_info",
                  "Alias": "ci",
                  "Startup Cost": 0.56,
                  "Total Cost": 335235.55,
                  "Plan Rows": 817427,
                  "Plan Width": 0,
                  "Actual Startup Time": 0.21,
                  "Actual Total Time": 416.075,
                  "Actual Rows": 1468738,
                  "Actual Loops": 7,
                  "Index Cond": "(role_id < 2)",
                  "Rows Removed by Index Recheck": 0,
                  "Filter": "(person_id < 1402066)",
                  "Rows Removed by Filter": 341361
                }
              ]
            }
          ]
        }
      ]
    },
    "Planning Time": 0.239,
    "Triggers": [],
    "Execution Time": 530.266
  }
]