[
  {
    "Plan": {
      "Node Type": "Aggregate",
      "Strategy": "Plain",
      "Partial Mode": "Simple",
      "Parallel Aware": false,
      "Startup Cost": 3313.37,
      "Total Cost": 3313.38,
      "Plan Rows": 1,
      "Plan Width": 8,
      "Actual Startup Time": 1.92,
      "Actual Total Time": 1.923,
      "Actual Rows": 1,
      "Actual Loops": 1,
      "Plans": [
        {
          "Node Type": "Nested Loop",
          "Parent Relationship": "Outer",
          "Parallel Aware": false,
          "Join Type": "Inner",
          "Startup Cost": 7.35,
          "Total Cost": 3309.89,
          "Plan Rows": 1393,
          "Plan Width": 0,
          "Actual Startup Time": 0.139,
          "Actual Total Time": 1.843,
          "Actual Rows": 392,
          "Actual Loops": 1,
          "Inner Unique": false,
          "Plans": [
            {
              "Node Type": "Nested Loop",
              "Parent Relationship": "Outer",
              "Parallel Aware": false,
              "Join Type": "Inner",
              "Startup Cost": 6.78,
              "Total Cost": 3006.58,
              "Plan Rows": 97,
              "Plan Width": 8,
              "Actual Startup Time": 0.114,
              "Actual Total Time": 0.309,
              "Actual Rows": 12,
              "Actual Loops": 1,
              "Inner Unique": true,
              "Plans": [
                {
                  "Node Type": "Bitmap Heap Scan",
                  "Parent Relationship": "Outer",
                  "Parallel Aware": false,
                  "Relation Name": "movie_keyword",
                  "Alias": "mk",
                  "Startup Cost": 6.35,
                  "Total Cost": 922.98,
                  "Plan Rows": 248,
                  "Plan Width": 4,
                  "Actual Startup Time": 0.041,
                  "Actual Total Time": 0.095,
                  "Actual Rows": 14,
                  "Actual Loops": 1,
                  "Recheck Cond": "(keyword_id = 59988)",
                  "Rows Removed by Index Recheck": 0,
                  "Exact Heap Blocks": 14,
                  "Lossy Heap Blocks": 0,
                  "Plans": [
                    {
                      "Node Type": "Bitmap Index Scan",
                      "Parent Relationship": "Outer",
                      "Parallel Aware": false,
                      "Index Name": "keyword_id_movie_keyword",
                      "Startup Cost": 0.0,
                      "Total Cost": 6.29,
                      "Plan Rows": 248,
                      "Plan Width": 0,
                      "Actual Startup Time": 0.026,
                      "Actual Total Time": 0.027,
                      "Actual Rows": 14,
                      "Actual Loops": 1,
                      "Index Cond": "(keyword_id = 59988)"
                    }
                  ]
                },
                {
                  "Node Type": "Index Scan",
                  "Parent Relationship": "Inner",
                  "Parallel Aware": false,
                  "Scan Direction": "Forward",
                  "Index Name": "title_pkey",
                  "Relation Name": "title",
                  "Alias": "t",
                  "Startup Cost": 0.43,
                  "Total Cost": 8.4,
                  "Plan Rows": 1,
                  "Plan Width": 4,
                  "Actual Startup Time": 0.014,
                  "Actual Total Time": 0.014,
                  "Actual Rows": 1,
                  "Actual Loops": 14,
                  "Index Cond": "(id = mk.movie_id)",
                  "Rows Removed by Index Recheck": 0,
                  "Filter": "(kind_id < 7)",
                  "Rows Removed by Filter": 0
                }
              ]
            },
            {
              "Node Type": "Index Only Scan",
              "Parent Relationship": "Inner",
              "Parallel Aware": false,
              "Scan Direction": "Forward",
              "Index Name": "movie_id_cast_info",
              "Relation Name": "cast_info",
              "Alias": "ci",
              "Startup Cost": 0.56,
              "Total Cost": 2.76,
              "Plan Rows": 37,
              "Plan Width": 4,
              "Actual Startup Time": 0.021,
              "Actual Total Time": 0.118,
              "Actual Rows": 33,
              "Actual Loops": 12,
              "Index Cond": "(movie_id = t.id)",
              "Rows Removed by Index Recheck": 0,
              "Heap Fetches": 392
            }
          ]
        }
      ]
    },
    "Planning Time": 1.364,
    "Triggers": [],
    "Execution Time": 2.015
  }
]