[
  {
    "Plan": {
      "Node Type": "Aggregate",
      "Strategy": "Plain",
      "Partial Mode": "Finalize",
      "Parallel Aware": false,
      "Startup Cost": 249463.38,
      "Total Cost": 249463.39,
      "Plan Rows": 1,
      "Plan Width": 8,
      "Actual Startup Time": 932.453,
      "Actual Total Time": 982.372,
      "Actual Rows": 1,
      "Actual Loops": 1,
      "Plans": [
        {
          "Node Type": "Gather",
          "Parent Relationship": "Outer",
          "Parallel Aware": false,
          "Startup Cost": 249462.86,
          "Total Cost": 249463.37,
          "Plan Rows": 5,
          "Plan Width": 8,
          "Actual Startup Time": 930.357,
          "Actual Total Time": 982.36,
          "Actual Rows": 6,
          "Actual Loops": 1,
          "Workers Planned": 5,
          "Workers Launched": 5,
          "Single Copy": false,
          "Plans": [
            {
              "Node Type": "Aggregate",
              "Strategy": "Plain",
              "Partial Mode": "Partial",
              "Parent Relationship": "Outer",
              "Parallel Aware": false,
              "Startup Cost": 248462.86,
              "Total Cost": 248462.87,
              "Plan Rows": 1,
              "Plan Width": 8,
              "Actual Startup Time": 919.56,
              "Actual Total Time": 919.563,
              "Actual Rows": 1,
              "Actual Loops": 6,
              "Plans": [
                {
                  "Node Type": "Hash Join",
                  "Parent Relationship": "Outer",
                  "Parallel Aware": true,
                  "Join Type": "Inner",
                  "Startup Cost": 47371.05,
                  "Total Cost": 246692.81,
                  "Plan Rows": 708019,
                  "Plan Width": 0,
                  "Actual Startup Time": 136.675,
                  "Actual Total Time": 873.486,
                  "Actual Rows": 1086870,
                  "Actual Loops": 6,
                  "Inner Unique": true,
                  "Hash Cond": "(mi.movie_id = t.id)",
                  "Plans": [
                    {
                      "Node Type": "Seq Scan",
                      "Parent Relationship": "Outer",
                      "Parallel Aware": true,
                      "Relation Name": "movie_info",
                      "Alias": "mi",
                      "Startup Cost": 0.0,
                      "Total Cost": 191560.33,
                      "Plan Rows": 2956733,
                      "Plan Width": 4,
                      "Actual Startup Time": 0.023,
                      "Actual Total Time": 290.9,
                      "Actual Rows": 2472620,
                      "Actual Loops": 6
                    },
                    {
                      "Node Type": "Hash",
                      "Parent Relationship": "Inner",
                      "Parallel Aware": true,
                      "Startup Cost": 45479.1,
                      "Total Cost": 45479.1,
                      "Plan Rows": 151356,
                      "Plan Width": 4,
                      "Actual Startup Time": 120.716,
                      "Actual Total Time": 120.717,
                      "Actual Rows": 84196,
                      "Actual Loops": 6,
                      "Hash Buckets": 1048576,
                      "Original Hash Buckets": 1048576,
                      "Hash Batches": 1,
                      "Original Hash Batches": 1,
                      "Peak Memory Usage": 28064,
                      "Plans": [
                        {
                          "Node Type": "Seq Scan",
                          "Parent Relationship": "Outer",
                          "Parallel Aware": true,
                          "Relation Name": "title",
                          "Alias": "t",
                          "Startup Cost": 0.0,
                          "Total Cost": 45479.1,
                          "Plan Rows": 151356,
                          "Plan Width": 4,
                          "Actual Startup Time": 45.988,
                          "Actual Total Time": 84.985,
                          "Actual Rows": 84196,
                          "Actual Loops": 6,
                          "Filter": "((production_year > 1944) AND (kind_id = 1))",
                          "Rows Removed by Filter": 337189
                        }
                      ]
                    }
                  ]
                }
              ]
            }
          ]
        }
      ]
    },
    "Planning Time": 0.62,
    "Triggers": [],
    "Execution Time": 982.453
  }
]