{
  "Plan": {
    "Node Type": "Aggregate",
    "Strategy": "Plain",
    "Partial Mode": "Finalize",
    "Parallel Aware": false,
    "Startup Cost": 1547414.94,
    "Total Cost": 1547414.95,
    "Plan Rows": 1,
    "Plan Width": 64,
    "Actual Startup Time": 14228.203,
    "Actual Total Time": 14238.705,
    "Actual Rows": 1,
    "Actual Loops": 1,
    "Plans": [
      {
        "Node Type": "Gather",
        "Parent Relationship": "Outer",
        "Parallel Aware": false,
        "Startup Cost": 1547414.82,
        "Total Cost": 1547414.93,
        "Plan Rows": 1,
        "Plan Width": 64,
        "Actual Startup Time": 14228.192,
        "Actual Total Time": 14238.694,
        "Actual Rows": 1,
        "Actual Loops": 1,
        "Workers Planned": 1,
        "Workers Launched": 0,
        "Single Copy": false,
        "Plans": [
          {
            "Node Type": "Aggregate",
            "Strategy": "Plain",
            "Partial Mode": "Partial",
            "Parent Relationship": "Outer",
            "Parallel Aware": false,
            "Startup Cost": 1546414.82,
            "Total Cost": 1546414.83,
            "Plan Rows": 1,
            "Plan Width": 64,
            "Actual Startup Time": 14227.192,
            "Actual Total Time": 14227.21,
            "Actual Rows": 1,
            "Actual Loops": 1,
            "Plans": [
              {
                "Node Type": "Hash Join",
                "Parent Relationship": "Outer",
                "Parallel Aware": true,
                "Join Type": "Inner",
                "Startup Cost": 1485299.31,
                "Total Cost": 1544270.51,
                "Plan Rows": 428862,
                "Plan Width": 33,
                "Actual Startup Time": 13636.267,
                "Actual Total Time": 14208.648,
                "Actual Rows": 246215,
                "Actual Loops": 1,
                "Inner Unique": false,
                "Hash Cond": "(t.id = ci.movie_id)",
                "Plans": [
                  {
                    "Node Type": "Seq Scan",
                    "Parent Relationship": "Outer",
                    "Parallel Aware": true,
                    "Relation Name": "title",
                    "Alias": "t",
                    "Startup Cost": 0.0,
                    "Total Cost": 50871.08,
                    "Plan Rows": 1487308,
                    "Plan Width": 21,
                    "Actual Startup Time": 0.011,
                    "Actual Total Time": 206.275,
                    "Actual Rows": 2528312,
                    "Actual Loops": 1
                  },
                  {
                    "Node Type": "Hash",
                    "Parent Relationship": "Inner",
                    "Parallel Aware": true,
                    "Startup Cost": 1479938.54,
                    "Total Cost": 1479938.54,
                    "Plan Rows": 428862,
                    "Plan Width": 24,
                    "Actual Startup Time": 13618.546,
                    "Actual Total Time": 13618.563,
                    "Actual Rows": 246215,
                    "Actual Loops": 1,
                    "Hash Buckets": 1048576,
                    "Original Hash Buckets": 1048576,
                    "Hash Batches": 1,
                    "Original Hash Batches": 1,
                    "Peak Memory Usage": 22784,
                    "Plans": [
                      {
                        "Node Type": "Hash Join",
                        "Parent Relationship": "Outer",
                        "Parallel Aware": false,
                        "Join Type": "Inner",
                        "Startup Cost": 1363625.96,
                        "Total Cost": 1479938.54,
                        "Plan Rows": 428862,
                        "Plan Width": 24,
                        "Actual Startup Time": 11356.449,
                        "Actual Total Time": 13550.305,
                        "Actual Rows": 246215,
                        "Actual Loops": 1,
                        "Inner Unique": true,
                        "Hash Cond": "(ci.role_id = rt.id)",
                        "Plans": [
                          {
                            "Node Type": "Merge Join",
                            "Parent Relationship": "Outer",
                            "Parallel Aware": false,
                            "Join Type": "Inner",
                            "Startup Cost": 1363624.8,
                            "Total Cost": 1461657.13,
                            "Plan Rows": 5146344,
                            "Plan Width": 28,
                            "Actual Startup Time": 11356.248,
                            "Actual Total Time": 13313.603,
                            "Actual Rows": 4446951,
                            "Actual Loops": 1,
                            "Inner Unique": true,
                            "Merge Cond": "(an1.person_id = n1.id)",
                            "Plans": [
                              {
                                "Node Type": "Sort",
                                "Parent Relationship": "Outer",
                                "Parallel Aware": false,
                                "Startup Cost": 808094.72,
                                "Total Cost": 820960.58,
                                "Plan Rows": 5146344,
                                "Plan Width": 36,
                                "Actual Startup Time": 9904.669,
                                "Actual Total Time": 10592.718,
                                "Actual Rows": 4446951,
                                "Actual Loops": 1,
                                "Sort Key": [
                                  "ci.person_id"
                                ],
                                "Sort Method": "quicksort",
                                "Sort Space Used": 553542,
                                "Sort Space Type": "Memory",
                                "Plans": [
                                  {
                                    "Node Type": "Hash Join",
                                    "Parent Relationship": "Outer",
                                    "Parallel Aware": true,
                                    "Join Type": "Inner",
                                    "Startup Cost": 28118.14,
                                    "Total Cost": 234403.03,
                                    "Plan Rows": 5146344,
                                    "Plan Width": 36,
                                    "Actual Startup Time": 359.398,
                                    "Actual Total Time": 8361.465,
                                    "Actual Rows": 4446951,
                                    "Actual Loops": 1,
                                    "Inner Unique": false,
                                    "Hash Cond": "(ci.person_id = an1.person_id)",
                                    "Plans": [
                                      {
                                        "Node Type": "Nested Loop",
                                        "Parent Relationship": "Outer",
                                        "Parallel Aware": false,
                                        "Join Type": "Inner",
                                        "Startup Cost": 4792.6,
                                        "Total Cost": 172761.88,
                                        "Plan Rows": 2144792,
                                        "Plan Width": 16,
                                        "Actual Startup Time": 21.276,
                                        "Actual Total Time": 6028.564,
                                        "Actual Rows": 4886877,
                                        "Actual Loops": 1,
                                        "Inner Unique": false,
                                        "Plans": [
                                          {
                                            "Node Type": "Hash Join",
                                            "Parent Relationship": "Outer",
                                            "Parallel Aware": true,
                                            "Join Type": "Inner",
                                            "Startup Cost": 4792.03,
                                            "Total Cost": 42958.73,
                                            "Plan Rows": 61392,
                                            "Plan Width": 4,
                                            "Actual Startup Time": 21.244,
                                            "Actual Total Time": 520.411,
                                            "Actual Rows": 148132,
                                            "Actual Loops": 1,
                                            "Inner Unique": true,
                                            "Hash Cond": "(mc.company_id = cn.id)",
                                            "Plans": [
                                              {
                                                "Node Type": "Seq Scan",
                                                "Parent Relationship": "Outer",
                                                "Parallel Aware": true,
                                                "Relation Name": "movie_companies",
                                                "Alias": "mc",
                                                "Startup Cost": 0.0,
                                                "Total Cost": 34137.82,
                                                "Plan Rows": 1534782,
                                                "Plan Width": 8,
                                                "Actual Startup Time": 0.006,
                                                "Actual Total Time": 184.434,
                                                "Actual Rows": 2609129,
                                                "Actual Loops": 1
                                              },
                                              {
                                                "Node Type": "Hash",
                                                "Parent Relationship": "Inner",
                                                "Parallel Aware": true,
                                                "Startup Cost": 4722.92,
                                                "Total Cost": 4722.92,
                                                "Plan Rows": 5529,
                                                "Plan Width": 4,
                                                "Actual Startup Time": 21.144,
                                                "Actual Total Time": 21.146,
                                                "Actual Rows": 9775,
                                                "Actual Loops": 1,
                                                "Hash Buckets": 16384,
                                                "Original Hash Buckets": 16384,
                                                "Hash Batches": 1,
                                                "Original Hash Batches": 1,
                                                "Peak Memory Usage": 512,
                                                "Plans": [
                                                  {
                                                    "Node Type": "Seq Scan",
                                                    "Parent Relationship": "Outer",
                                                    "Parallel Aware": true,
                                                    "Relation Name": "company_name",
                                                    "Alias": "cn",
                                                    "Startup Cost": 0.0,
                                                    "Total Cost": 4722.92,
                                                    "Plan Rows": 5529,
                                                    "Plan Width": 4,
                                                    "Actual Startup Time": 0.011,
                                                    "Actual Total Time": 19.629,
                                                    "Actual Rows": 9775,
                                                    "Actual Loops": 1,
                                                    "Filter": "((country_code)::text = '[de]'::text)",
                                                    "Rows Removed by Filter": 225222
                                                  }
                                                ]
                                              }
                                            ]
                                          },
                                          {
                                            "Node Type": "Index Scan",
                                            "Parent Relationship": "Inner",
                                            "Parallel Aware": false,
                                            "Scan Direction": "Forward",
                                            "Index Name": "movie_id_cast_info",
                                            "Relation Name": "cast_info",
                                            "Alias": "ci",
                                            "Startup Cost": 0.56,
                                            "Total Cost": 1.76,
                                            "Plan Rows": 35,
                                            "Plan Width": 12,
                                            "Actual Startup Time": 0.004,
                                            "Actual Total Time": 0.033,
                                            "Actual Rows": 33,
                                            "Actual Loops": 148132,
                                            "Index Cond": "(movie_id = mc.movie_id)",
                                            "Rows Removed by Index Recheck": 0
                                          }
                                        ]
                                      },
                                      {
                                        "Node Type": "Hash",
                                        "Parent Relationship": "Inner",
                                        "Parallel Aware": true,
                                        "Startup Cost": 16698.02,
                                        "Total Cost": 16698.02,
                                        "Plan Rows": 530202,
                                        "Plan Width": 20,
                                        "Actual Startup Time": 326.981,
                                        "Actual Total Time": 326.981,
                                        "Actual Rows": 901343,
                                        "Actual Loops": 1,
                                        "Hash Buckets": 1048576,
                                        "Original Hash Buckets": 1048576,
                                        "Hash Batches": 1,
                                        "Original Hash Batches": 1,
                                        "Peak Memory Usage": 58016,
                                        "Plans": [
                                          {
                                            "Node Type": "Seq Scan",
                                            "Parent Relationship": "Outer",
                                            "Parallel Aware": true,
                                            "Relation Name": "aka_name",
                                            "Alias": "an1",
                                            "Startup Cost": 0.0,
                                            "Total Cost": 16698.02,
                                            "Plan Rows": 530202,
                                            "Plan Width": 20,
                                            "Actual Startup Time": 0.028,
                                            "Actual Total Time": 106.108,
                                            "Actual Rows": 901343,
                                            "Actual Loops": 1
                                          }
                                        ]
                                      }
                                    ]
                                  }
                                ]
                              },
                              {
                                "Node Type": "Sort",
                                "Parent Relationship": "Inner",
                                "Parallel Aware": false,
                                "Startup Cost": 555530.06,
                                "Total Cost": 565949.0,
                                "Plan Rows": 4167577,
                                "Plan Width": 4,
                                "Actual Startup Time": 1451.565,
                                "Actual Total Time": 1790.429,
                                "Actual Rows": 4061901,
                                "Actual Loops": 1,
                                "Sort Key": [
                                  "n1.id"
                                ],
                                "Sort Method": "quicksort",
                                "Sort Space Used": 293656,
                                "Sort Space Type": "Memory",
                                "Plans": [
                                  {
                                    "Node Type": "Seq Scan",
                                    "Parent Relationship": "Outer",
                                    "Parallel Aware": false,
                                    "Relation Name": "name",
                                    "Alias": "n1",
                                    "Startup Cost": 0.0,
                                    "Total Cost": 97288.77,
                                    "Plan Rows": 4167577,
                                    "Plan Width": 4,
                                    "Actual Startup Time": 0.03,
                                    "Actual Total Time": 446.46,
                                    "Actual Rows": 4167491,
                                    "Actual Loops": 1
                                  }
                                ]
                              }
                            ]
                          },
                          {
                            "Node Type": "Hash",
                            "Parent Relationship": "Inner",
                            "Parallel Aware": false,
                            "Startup Cost": 1.15,
                            "Total Cost": 1.15,
                            "Plan Rows": 1,
                            "Plan Width": 4,
                            "Actual Startup Time": 0.035,
                            "Actual Total Time": 0.036,
                            "Actual Rows": 1,
                            "Actual Loops": 1,
                            "Hash Buckets": 1024,
                            "Original Hash Buckets": 1024,
                            "Hash Batches": 1,
                            "Original Hash Batches": 1,
                            "Peak Memory Usage": 9,
                            "Plans": [
                              {
                                "Node Type": "Seq Scan",
                                "Parent Relationship": "Outer",
                                "Parallel Aware": false,
                                "Relation Name": "role_type",
                                "Alias": "rt",
                                "Startup Cost": 0.0,
                                "Total Cost": 1.15,
                                "Plan Rows": 1,
                                "Plan Width": 4,
                                "Actual Startup Time": 0.027,
                                "Actual Total Time": 0.03,
                                "Actual Rows": 1,
                                "Actual Loops": 1,
                                "Filter": "((role)::text = 'writer'::text)",
                                "Rows Removed by Filter": 11
                              }
                            ]
                          }
                        ]
                      }
                    ]
                  }
                ]
              }
            ]
          }
        ]
      }
    ]
  },
  "Planning Time": 1.823,
  "Triggers": [],
  "Execution Time": 14288.736
}