[
  {
    "Plan": {
      "Node Type": "Aggregate",
      "Strategy": "Plain",
      "Partial Mode": "Simple",
      "Parallel Aware": false,
      "Startup Cost": 20699.14,
      "Total Cost": 20699.15,
      "Plan Rows": 1,
      "Plan Width": 8,
      "Actual Startup Time": 8.819,
      "Actual Total Time": 8.821,
      "Actual Rows": 1,
      "Actual Loops": 1,
      "Plans": [
        {
          "Node Type": "Bitmap Heap Scan",
          "Parent Relationship": "Outer",
          "Parallel Aware": false,
          "Relation Name": "movie_companies",
          "Alias": "mc",
          "Startup Cost": 518.72,
          "Total Cost": 20668.61,
          "Plan Rows": 12214,
          "Plan Width": 0,
          "Actual Startup Time": 1.0,
          "Actual Total Time": 7.732,
          "Actual Rows": 22986,
          "Actual Loops": 1,
          "Recheck Cond": "(company_id > 213749)",
          "Rows Removed by Index Recheck": 0,
          "Filter": "(company_type_id > 1)",
          "Rows Removed by Filter": 0,
          "Exact Heap Blocks": 975,
          "Lossy Heap Blocks": 0,
          "Plans": [
            {
              "Node Type": "Bitmap Index Scan",
              "Parent Relationship": "Outer",
              "Parallel Aware": false,
              "Index Name": "company_id_movie_companies",
              "Startup Cost": 0.0,
              "Total Cost": 515.66,
              "Plan Rows": 23898,
              "Plan Width": 0,
              "Actual Startup Time": 0.889,
              "Actual Total Time": 0.89,
              "Actual Rows": 22986,
              "Actual Loops": 1,
              "Index Cond": "(company_id > 213749)"
            }
          ]
        }
      ]
    },
    "Planning Time": 0.278,
    "Triggers": [],
    "Execution Time": 8.872
  }
]