[
  {
    "Plan": {
      "Node Type": "Aggregate",
      "Strategy": "Plain",
      "Partial Mode": "Finalize",
      "Parallel Aware": false,
      "Startup Cost": 46539.73,
      "Total Cost": 46539.74,
      "Plan Rows": 1,
      "Plan Width": 8,
      "Actual Startup Time": 87.774,
      "Actual Total Time": 97.586,
      "Actual Rows": 1,
      "Actual Loops": 1,
      "Plans": [
        {
          "Node Type": "Gather",
          "Parent Relationship": "Outer",
          "Parallel Aware": false,
          "Startup Cost": 46539.31,
          "Total Cost": 46539.72,
          "Plan Rows": 4,
          "Plan Width": 8,
          "Actual Startup Time": 87.596,
          "Actual Total Time": 97.575,
          "Actual Rows": 5,
          "Actual Loops": 1,
          "Workers Planned": 4,
          "Workers Launched": 4,
          "Single Copy": false,
          "Plans": [
            {
              "Node Type": "Aggregate",
              "Strategy": "Plain",
              "Partial Mode": "Partial",
              "Parent Relationship": "Outer",
              "Parallel Aware": false,
              "Startup Cost": 45539.31,
              "Total Cost": 45539.32,
              "Plan Rows": 1,
              "Plan Width": 8,
              "Actual Startup Time": 83.368,
              "Actual Total Time": 83.37,
              "Actual Rows": 1,
              "Actual Loops": 5,
              "Plans": [
                {
                  "Node Type": "Seq Scan",
                  "Parent Relationship": "Outer",
                  "Parallel Aware": true,
                  "Relation Name": "title",
                  "Alias": "t",
                  "Startup Cost": 0.0,
                  "Total Cost": 45479.59,
                  "Plan Rows": 23890,
                  "Plan Width": 0,
                  "Actual Startup Time": 17.837,
                  "Actual Total Time": 83.346,
                  "Actual Rows": 68,
                  "Actual Loops": 5,
                  "Filter": "((kind_id > 2) AND (production_year < 1942))",
                  "Rows Removed by Filter": 505595
                }
              ]
            }
          ]
        }
      ]
    },
    "Planning Time": 0.082,
    "Triggers": [],
    "Execution Time": 97.619
  }
]