[
  {
    "Bao": {
      "Bao prediction": 763.648,
      "Bao recommended hint": "SET enable_nestloop TO off; "
    }
  },
  {
    "Plan": {
      "Node Type": "Aggregate",
      "Strategy": "Plain",
      "Partial Mode": "Finalize",
      "Parallel Aware": false,
      "Startup Cost": 317636.56,
      "Total Cost": 317636.57,
      "Plan Rows": 1,
      "Plan Width": 32,
      "Actual Startup Time": 1326.674,
      "Actual Total Time": 1368.733,
      "Actual Rows": 1,
      "Actual Loops": 1,
      "Plans": [
        {
          "Node Type": "Gather",
          "Parent Relationship": "Outer",
          "Parallel Aware": false,
          "Startup Cost": 317636.03,
          "Total Cost": 317636.54,
          "Plan Rows": 5,
          "Plan Width": 32,
          "Actual Startup Time": 1325.589,
          "Actual Total Time": 1368.7,
          "Actual Rows": 6,
          "Actual Loops": 1,
          "Workers Planned": 5,
          "Workers Launched": 5,
          "Single Copy": false,
          "Plans": [
            {
              "Node Type": "Aggregate",
              "Strategy": "Plain",
              "Partial Mode": "Partial",
              "Parent Relationship": "Outer",
              "Parallel Aware": false,
              "Startup Cost": 316636.03,
              "Total Cost": 316636.04,
              "Plan Rows": 1,
              "Plan Width": 32,
              "Actual Startup Time": 1313.145,
              "Actual Total Time": 1313.156,
              "Actual Rows": 1,
              "Actual Loops": 6,
              "Plans": [
                {
                  "Node Type": "Hash Join",
                  "Parent Relationship": "Outer",
                  "Parallel Aware": true,
                  "Join Type": "Inner",
                  "Startup Cost": 87181.96,
                  "Total Cost": 316635.99,
                  "Plan Rows": 16,
                  "Plan Width": 17,
                  "Actual Startup Time": 474.04,
                  "Actual Total Time": 1313.071,
                  "Actual Rows": 336,
                  "Actual Loops": 6,
                  "Inner Unique": false,
                  "Hash Cond": "(mi.movie_id = t.id)",
                  "Plans": [
                    {
                      "Node Type": "Seq Scan",
                      "Parent Relationship": "Outer",
                      "Parallel Aware": true,
                      "Relation Name": "movie_info",
                      "Alias": "mi",
                      "Startup Cost": 0.0,
                      "Total Cost": 228934.25,
                      "Plan Rows": 138606,
                      "Plan Width": 4,
                      "Actual Startup Time": 0.356,
                      "Actual Total Time": 839.383,
                      "Actual Rows": 117779,
                      "Actual Loops": 6,
                      "Filter": "(info = ANY ('{Sweden,Norway,Germany,Denmark,Swedish,Denish,Norwegian,German,USA,American}'::text[]))",
                      "Rows Removed by Filter": 2354841
                    },
                    {
                      "Node Type": "Hash",
                      "Parent Relationship": "Inner",
                      "Parallel Aware": true,
                      "Startup Cost": 87181.84,
                      "Total Cost": 87181.84,
                      "Plan Rows": 10,
                      "Plan Width": 25,
                      "Actual Startup Time": 456.462,
                      "Actual Total Time": 456.47,
                      "Actual Rows": 344,
                      "Actual Loops": 6,
                      "Hash Buckets": 1024,
                      "Original Hash Buckets": 1024,
                      "Hash Batches": 1,
                      "Original Hash Batches": 1,
                      "Peak Memory Usage": 232,
                      "Plans": [
                        {
                          "Node Type": "Hash Join",
                          "Parent Relationship": "Outer",
                          "Parallel Aware": true,
                          "Join Type": "Inner",
                          "Startup Cost": 49988.07,
                          "Total Cost": 87181.84,
                          "Plan Rows": 10,
                          "Plan Width": 25,
                          "Actual Startup Time": 414.507,
                          "Actual Total Time": 456.054,
                          "Actual Rows": 344,
                          "Actual Loops": 6,
                          "Inner Unique": false,
                          "Hash Cond": "(t.id = mk.movie_id)",
                          "Plans": [
                            {
                              "Node Type": "Bitmap Heap Scan",
                              "Parent Relationship": "Outer",
                              "Parallel Aware": true,
                              "Relation Name": "title",
                              "Alias": "t",
                              "Startup Cost": 4481.83,
                              "Total Cost": 41227.16,
                              "Plan Rows": 59787,
                              "Plan Width": 21,
                              "Actual Startup Time": 36.445,
                              "Actual Total Time": 120.83,
                              "Actual Rows": 40233,
                              "Actual Loops": 6,
                              "Recheck Cond": "(production_year < 1960)",
                              "Rows Removed by Index Recheck": 0,
                              "Exact Heap Blocks": 4734,
                              "Lossy Heap Blocks": 0,
                              "Plans": [
                                {
                                  "Node Type": "Bitmap Index Scan",
                                  "Parent Relationship": "Outer",
                                  "Parallel Aware": false,
                                  "Index Name": "idx_title_production_year",
                                  "Startup Cost": 0.0,
                                  "Total Cost": 4422.04,
                                  "Plan Rows": 239148,
                                  "Plan Width": 0,
                                  "Actual Startup Time": 28.127,
                                  "Actual Total Time": 28.127,
                                  "Actual Rows": 241400,
                                  "Actual Loops": 1,
                                  "Index Cond": "(production_year < 1960)"
                                }
                              ]
                            },
                            {
                              "Node Type": "Hash",
                              "Parent Relationship": "Inner",
                              "Parallel Aware": true,
                              "Startup Cost": 45504.48,
                              "Total Cost": 45504.48,
                              "Plan Rows": 141,
                              "Plan Width": 4,
                              "Actual Startup Time": 324.947,
                              "Actual Total Time": 324.951,
                              "Actual Rows": 2158,
                              "Actual Loops": 6,
                              "Hash Buckets": 16384,
                              "Original Hash Buckets": 1024,
                              "Hash Batches": 1,
                              "Original Hash Batches": 1,
                              "Peak Memory Usage": 856,
                              "Plans": [
                                {
                                  "Node Type": "Hash Join",
                                  "Parent Relationship": "Outer",
                                  "Parallel Aware": false,
                                  "Join Type": "Inner",
                                  "Startup Cost": 2626.29,
                                  "Total Cost": 45504.48,
                                  "Plan Rows": 141,
                                  "Plan Width": 4,
                                  "Actual Startup Time": 36.498,
                                  "Actual Total Time": 210.056,
                                  "Actual Rows": 2158,
                                  "Actual Loops": 6,
                                  "Inner Unique": true,
                                  "Hash Cond": "(mk.keyword_id = k.id)",
                                  "Plans": [
                                    {
                                      "Node Type": "Seq Scan",
                                      "Parent Relationship": "Outer",
                                      "Parallel Aware": true,
                                      "Relation Name": "movie_keyword",
                                      "Alias": "mk",
                                      "Startup Cost": 0.0,
                                      "Total Cost": 39047.32,
                                      "Plan Rows": 1459332,
                                      "Plan Width": 8,
                                      "Actual Startup Time": 0.045,
                                      "Actual Total Time": 97.743,
                                      "Actual Rows": 753988,
                                      "Actual Loops": 6
                                    },
                                    {
                                      "Node Type": "Hash",
                                      "Parent Relationship": "Inner",
                                      "Parallel Aware": false,
                                      "Startup Cost": 2626.12,
                                      "Total Cost": 2626.12,
                                      "Plan Rows": 13,
                                      "Plan Width": 4,
                                      "Actual Startup Time": 35.476,
                                      "Actual Total Time": 35.477,
                                      "Actual Rows": 30,
                                      "Actual Loops": 6,
                                      "Hash Buckets": 1024,
                                      "Original Hash Buckets": 1024,
                                      "Hash Batches": 1,
                                      "Original Hash Batches": 1,
                                      "Peak Memory Usage": 10,
                                      "Plans": [
                                        {
                                          "Node Type": "Seq Scan",
                                          "Parent Relationship": "Outer",
                                          "Parallel Aware": false,
                                          "Relation Name": "keyword",
                                          "Alias": "k",
                                          "Startup Cost": 0.0,
                                          "Total Cost": 2626.12,
                                          "Plan Rows": 13,
                                          "Plan Width": 4,
                                          "Actual Startup Time": 3.213,
                                          "Actual Total Time": 35.411,
                                          "Actual Rows": 30,
                                          "Actual Loops": 6,
                                          "Filter": "(keyword ~~ '%sequel%'::text)",
                                          "Rows Removed by Filter": 134140
                                        }
                                      ]
                                    }
                                  ]
                                }
                              ]
                            }
                          ]
                        }
                      ]
                    }
                  ]
                }
              ]
            }
          ]
        }
      ]
    },
    "Planning Time": 485.339,
    "Triggers": [],
    "Execution Time": 1369.312
  }
]