[
  {
    "Plan": {
      "Node Type": "Aggregate",
      "Strategy": "Plain",
      "Partial Mode": "Finalize",
      "Parallel Aware": false,
      "Startup Cost": 44578.99,
      "Total Cost": 44579.0,
      "Plan Rows": 1,
      "Plan Width": 8,
      "Actual Startup Time": 119.0,
      "Actual Total Time": 128.393,
      "Actual Rows": 1,
      "Actual Loops": 1,
      "Plans": [
        {
          "Node Type": "Gather",
          "Parent Relationship": "Outer",
          "Parallel Aware": false,
          "Startup Cost": 44578.68,
          "Total Cost": 44578.99,
          "Plan Rows": 3,
          "Plan Width": 8,
          "Actual Startup Time": 118.846,
          "Actual Total Time": 128.383,
          "Actual Rows": 4,
          "Actual Loops": 1,
          "Workers Planned": 3,
          "Workers Launched": 3,
          "Single Copy": false,
          "Plans": [
            {
              "Node Type": "Aggregate",
              "Strategy": "Plain",
              "Partial Mode": "Partial",
              "Parent Relationship": "Outer",
              "Parallel Aware": false,
              "Startup Cost": 43578.68,
              "Total Cost": 43578.69,
              "Plan Rows": 1,
              "Plan Width": 8,
              "Actual Startup Time": 115.486,
              "Actual Total Time": 115.487,
              "Actual Rows": 1,
              "Actual Loops": 4,
              "Plans": [
                {
                  "Node Type": "Seq Scan",
                  "Parent Relationship": "Outer",
                  "Parallel Aware": true,
                  "Relation Name": "movie_keyword",
                  "Alias": "mk",
                  "Startup Cost": 0.0,
                  "Total Cost": 42695.65,
                  "Plan Rows": 353209,
                  "Plan Width": 0,
                  "Actual Startup Time": 0.026,
                  "Actual Total Time": 102.269,
                  "Actual Rows": 275576,
                  "Actual Loops": 4,
                  "Filter": "(keyword_id < 1133)",
                  "Rows Removed by Filter": 855406
                }
              ]
            }
          ]
        }
      ]
    },
    "Planning Time": 0.092,
    "Triggers": [],
    "Execution Time": 128.43
  }
]