[
  {
    "Plan": {
      "Node Type": "Aggregate",
      "Strategy": "Plain",
      "Partial Mode": "Finalize",
      "Parallel Aware": false,
      "Startup Cost": 81175.85,
      "Total Cost": 81175.86,
      "Plan Rows": 1,
      "Plan Width": 8,
      "Actual Startup Time": 425.387,
      "Actual Total Time": 441.284,
      "Actual Rows": 1,
      "Actual Loops": 1,
      "Plans": [
        {
          "Node Type": "Gather",
          "Parent Relationship": "Outer",
          "Parallel Aware": false,
          "Startup Cost": 81175.43,
          "Total Cost": 81175.84,
          "Plan Rows": 4,
          "Plan Width": 8,
          "Actual Startup Time": 421.238,
          "Actual Total Time": 441.272,
          "Actual Rows": 5,
          "Actual Loops": 1,
          "Workers Planned": 4,
          "Workers Launched": 4,
          "Single Copy": false,
          "Plans": [
            {
              "Node Type": "Aggregate",
              "Strategy": "Plain",
              "Partial Mode": "Partial",
              "Parent Relationship": "Outer",
              "Parallel Aware": false,
              "Startup Cost": 80175.43,
              "Total Cost": 80175.44,
              "Plan Rows": 1,
              "Plan Width": 8,
              "Actual Startup Time": 411.371,
              "Actual Total Time": 411.374,
              "Actual Rows": 1,
              "Actual Loops": 5,
              "Plans": [
                {
                  "Node Type": "Hash Join",
                  "Parent Relationship": "Outer",
                  "Parallel Aware": true,
                  "Join Type": "Inner",
                  "Startup Cost": 33285.33,
                  "Total Cost": 79559.36,
                  "Plan Rows": 246428,
                  "Plan Width": 0,
                  "Actual Startup Time": 157.033,
                  "Actual Total Time": 402.139,
                  "Actual Rows": 199556,
                  "Actual Loops": 5,
                  "Inner Unique": false,
                  "Hash Cond": "(t.id = mc.movie_id)",
                  "Plans": [
                    {
                      "Node Type": "Seq Scan",
                      "Parent Relationship": "Outer",
                      "Parallel Aware": true,
                      "Relation Name": "title",
                      "Alias": "t",
                      "Startup Cost": 0.0,
                      "Total Cost": 42318.73,
                      "Plan Rows": 632073,
                      "Plan Width": 4,
                      "Actual Startup Time": 0.02,
                      "Actual Total Time": 68.248,
                      "Actual Rows": 505662,
                      "Actual Loops": 5
                    },
                    {
                      "Node Type": "Hash",
                      "Parent Relationship": "Inner",
                      "Parallel Aware": true,
                      "Startup Cost": 29310.68,
                      "Total Cost": 29310.68,
                      "Plan Rows": 317972,
                      "Plan Width": 4,
                      "Actual Startup Time": 152.277,
                      "Actual Total Time": 152.278,
                      "Actual Rows": 199556,
                      "Actual Loops": 5,
                      "Hash Buckets": 1048576,
                      "Original Hash Buckets": 1048576,
                      "Hash Batches": 1,
                      "Original Hash Batches": 1,
                      "Peak Memory Usage": 47296,
                      "Plans": [
                        {
                          "Node Type": "Seq Scan",
                          "Parent Relationship": "Outer",
                          "Parallel Aware": true,
                          "Relation Name": "movie_companies",
                          "Alias": "mc",
                          "Startup Cost": 0.0,
                          "Total Cost": 29310.68,
                          "Plan Rows": 317972,
                          "Plan Width": 4,
                          "Actual Startup Time": 22.34,
                          "Actual Total Time": 80.582,
                          "Actual Rows": 199556,
                          "Actual Loops": 5,
                          "Filter": "(company_id > 16749)",
                          "Rows Removed by Filter": 322270
                        }
                      ]
                    }
                  ]
                }
              ]
            }
          ]
        }
      ]
    },
    "Planning Time": 0.567,
    "Triggers": [],
    "Execution Time": 441.352
  }
]