[
  {
    "Plan": {
      "Node Type": "Aggregate",
      "Strategy": "Plain",
      "Partial Mode": "Finalize",
      "Parallel Aware": false,
      "Startup Cost": 720609.5,
      "Total Cost": 720609.51,
      "Plan Rows": 1,
      "Plan Width": 8,
      "Actual Startup Time": 10782.899,
      "Actual Total Time": 10896.592,
      "Actual Rows": 1,
      "Actual Loops": 1,
      "Plans": [
        {
          "Node Type": "Gather",
          "Parent Relationship": "Outer",
          "Parallel Aware": false,
          "Startup Cost": 720608.98,
          "Total Cost": 720609.49,
          "Plan Rows": 5,
          "Plan Width": 8,
          "Actual Startup Time": 10701.649,
          "Actual Total Time": 10896.545,
          "Actual Rows": 6,
          "Actual Loops": 1,
          "Workers Planned": 5,
          "Workers Launched": 5,
          "Single Copy": false,
          "Plans": [
            {
              "Node Type": "Aggregate",
              "Strategy": "Plain",
              "Partial Mode": "Partial",
              "Parent Relationship": "Outer",
              "Parallel Aware": false,
              "Startup Cost": 719608.98,
              "Total Cost": 719608.99,
              "Plan Rows": 1,
              "Plan Width": 8,
              "Actual Startup Time": 10658.319,
              "Actual Total Time": 10660.659,
              "Actual Rows": 1,
              "Actual Loops": 6,
              "Plans": [
                {
                  "Node Type": "Hash Join",
                  "Parent Relationship": "Outer",
                  "Parallel Aware": true,
                  "Join Type": "Inner",
                  "Startup Cost": 434076.09,
                  "Total Cost": 674313.19,
                  "Plan Rows": 18118317,
                  "Plan Width": 0,
                  "Actual Startup Time": 3506.969,
                  "Actual Total Time": 9203.271,
                  "Actual Rows": 36058101,
                  "Actual Loops": 6,
                  "Inner Unique": false,
                  "Hash Cond": "(mi.movie_id = t.id)",
                  "Plans": [
                    {
                      "Node Type": "Seq Scan",
                      "Parent Relationship": "Outer",
                      "Parallel Aware": true,
                      "Relation Name": "movie_info",
                      "Alias": "mi",
                      "Startup Cost": 0.0,
                      "Total Cost": 191560.33,
                      "Plan Rows": 2956733,
                      "Plan Width": 4,
                      "Actual Startup Time": 0.058,
                      "Actual Total Time": 300.762,
                      "Actual Rows": 2472620,
                      "Actual Loops": 6
                    },
                    {
                      "Node Type": "Hash",
                      "Parent Relationship": "Inner",
                      "Parallel Aware": true,
                      "Startup Cost": 401799.19,
                      "Total Cost": 401799.19,
                      "Plan Rows": 2582152,
                      "Plan Width": 8,
                      "Actual Startup Time": 3487.719,
                      "Actual Total Time": 3490.057,
                      "Actual Rows": 2578875,
                      "Actual Loops": 6,
                      "Hash Buckets": 16777216,
                      "Original Hash Buckets": 16777216,
                      "Hash Batches": 1,
                      "Original Hash Batches": 1,
                      "Peak Memory Usage": 736448,
                      "Plans": [
                        {
                          "Node Type": "Hash Join",
                          "Parent Relationship": "Outer",
                          "Parallel Aware": true,
                          "Join Type": "Inner",
                          "Startup Cost": 51449.62,
                          "Total Cost": 401799.19,
                          "Plan Rows": 2582152,
                          "Plan Width": 8,
                          "Actual Startup Time": 624.419,
                          "Actual Total Time": 2321.218,
                          "Actual Rows": 2578875,
                          "Actual Loops": 6,
                          "Inner Unique": true,
                          "Hash Cond": "(ci.movie_id = t.id)",
                          "Plans": [
                            {
                              "Node Type": "Seq Scan",
                              "Parent Relationship": "Outer",
                              "Parallel Aware": true,
                              "Relation Name": "cast_info",
                              "Alias": "ci",
                              "Startup Cost": 0.0,
                              "Total Cost": 343257.03,
                              "Plan Rows": 2701916,
                              "Plan Width": 4,
                              "Actual Startup Time": 354.993,
                              "Actual Total Time": 766.076,
                              "Actual Rows": 2623750,
                              "Actual Loops": 6,
                              "Filter": "((person_id < 3991369) AND (role_id > 2))",
                              "Rows Removed by Filter": 3416974
                            },
                            {
                              "Node Type": "Hash",
                              "Parent Relationship": "Inner",
                              "Parallel Aware": true,
                              "Startup Cost": 43898.92,
                              "Total Cost": 43898.92,
                              "Plan Rows": 604056,
                              "Plan Width": 4,
                              "Actual Startup Time": 265.474,
                              "Actual Total Time": 265.475,
                              "Actual Rows": 402233,
                              "Actual Loops": 6,
                              "Hash Buckets": 4194304,
                              "Original Hash Buckets": 4194304,
                              "Hash Batches": 1,
                              "Original Hash Batches": 1,
                              "Peak Memory Usage": 127264,
                              "Plans": [
                                {
                                  "Node Type": "Seq Scan",
                                  "Parent Relationship": "Outer",
                                  "Parallel Aware": true,
                                  "Relation Name": "title",
                                  "Alias": "t",
                                  "Startup Cost": 0.0,
                                  "Total Cost": 43898.92,
                                  "Plan Rows": 604056,
                                  "Plan Width": 4,
                                  "Actual Startup Time": 0.054,
                                  "Actual Total Time": 85.201,
                                  "Actual Rows": 402233,
                                  "Actual Loops": 6,
                                  "Filter": "(production_year > 1912)",
                                  "Rows Removed by Filter": 19152
                                }
                              ]
                            }
                          ]
                        }
                      ]
                    }
                  ]
                }
              ]
            }
          ]
        }
      ]
    },
    "Planning Time": 1.383,
    "Triggers": [],
    "Execution Time": 10896.679
  }
]