[
  {
    "Plan": {
      "Node Type": "Aggregate",
      "Strategy": "Plain",
      "Partial Mode": "Finalize",
      "Parallel Aware": false,
      "Startup Cost": 259523.94,
      "Total Cost": 259523.95,
      "Plan Rows": 1,
      "Plan Width": 8,
      "Actual Startup Time": 343.384,
      "Actual Total Time": 360.411,
      "Actual Rows": 1,
      "Actual Loops": 1,
      "Plans": [
        {
          "Node Type": "Gather",
          "Parent Relationship": "Outer",
          "Parallel Aware": false,
          "Startup Cost": 259523.32,
          "Total Cost": 259523.93,
          "Plan Rows": 6,
          "Plan Width": 8,
          "Actual Startup Time": 343.269,
          "Actual Total Time": 360.403,
          "Actual Rows": 7,
          "Actual Loops": 1,
          "Workers Planned": 6,
          "Workers Launched": 6,
          "Single Copy": false,
          "Plans": [
            {
              "Node Type": "Aggregate",
              "Strategy": "Plain",
              "Partial Mode": "Partial",
              "Parent Relationship": "Outer",
              "Parallel Aware": false,
              "Startup Cost": 258523.32,
              "Total Cost": 258523.33,
              "Plan Rows": 1,
              "Plan Width": 8,
              "Actual Startup Time": 332.702,
              "Actual Total Time": 332.703,
              "Actual Rows": 1,
              "Actual Loops": 7,
              "Plans": [
                {
                  "Node Type": "Index Scan",
                  "Parent Relationship": "Outer",
                  "Parallel Aware": true,
                  "Scan Direction": "Forward",
                  "Index Name": "role_id_cast_info",
                  "Relation Name": "cast_info",
                  "Alias": "ci",
                  "Startup Cost": 0.56,
                  "Total Cost": 255086.64,
                  "Plan Rows": 1374670,
                  "Plan Width": 0,
                  "Actual Startup Time": 0.168,
                  "Actual Total Time": 299.502,
                  "Actual Rows": 691025,
                  "Actual Loops": 7,
                  "Index Cond": "(role_id > 4)",
                  "Rows Removed by Index Recheck": 0,
                  "Filter": "(person_id < 3232373)",
                  "Rows Removed by Filter": 649647
                }
              ]
            }
          ]
        }
      ]
    },
    "Planning Time": 0.228,
    "Triggers": [],
    "Execution Time": 360.479
  }
]