[
  {
    "Plan": {
      "Node Type": "Aggregate",
      "Strategy": "Plain",
      "Partial Mode": "Finalize",
      "Parallel Aware": false,
      "Startup Cost": 346047.77,
      "Total Cost": 346047.78,
      "Plan Rows": 1,
      "Plan Width": 8,
      "Actual Startup Time": 633.266,
      "Actual Total Time": 699.135,
      "Actual Rows": 1,
      "Actual Loops": 1,
      "Plans": [
        {
          "Node Type": "Gather",
          "Parent Relationship": "Outer",
          "Parallel Aware": false,
          "Startup Cost": 346047.14,
          "Total Cost": 346047.75,
          "Plan Rows": 6,
          "Plan Width": 8,
          "Actual Startup Time": 633.112,
          "Actual Total Time": 699.121,
          "Actual Rows": 7,
          "Actual Loops": 1,
          "Workers Planned": 6,
          "Workers Launched": 6,
          "Single Copy": false,
          "Plans": [
            {
              "Node Type": "Aggregate",
              "Strategy": "Plain",
              "Partial Mode": "Partial",
              "Parent Relationship": "Outer",
              "Parallel Aware": false,
              "Startup Cost": 345047.14,
              "Total Cost": 345047.15,
              "Plan Rows": 1,
              "Plan Width": 8,
              "Actual Startup Time": 622.719,
              "Actual Total Time": 622.721,
              "Actual Rows": 1,
              "Actual Loops": 7,
              "Plans": [
                {
                  "Node Type": "Seq Scan",
                  "Parent Relationship": "Outer",
                  "Parallel Aware": true,
                  "Relation Name": "cast_info",
                  "Alias": "ci",
                  "Startup Cost": 0.0,
                  "Total Cost": 343257.03,
                  "Plan Rows": 716046,
                  "Plan Width": 0,
                  "Actual Startup Time": 226.074,
                  "Actual Total Time": 610.562,
                  "Actual Rows": 270289,
                  "Actual Loops": 7,
                  "Filter": "((person_id < 652674) AND (role_id > 1))",
                  "Rows Removed by Filter": 4907475
                }
              ]
            }
          ]
        }
      ]
    },
    "Planning Time": 0.238,
    "Triggers": [],
    "Execution Time": 699.212
  }
]