{
  "Plan": {
    "Node Type": "Aggregate",
    "Strategy": "Plain",
    "Partial Mode": "Finalize",
    "Parallel Aware": false,
    "Startup Cost": 327491.64,
    "Total Cost": 327491.65,
    "Plan Rows": 1,
    "Plan Width": 8,
    "Actual Startup Time": 1328.014,
    "Actual Total Time": 1377.918,
    "Actual Rows": 1,
    "Actual Loops": 1,
    "Plans": [
      {
        "Node Type": "Gather",
        "Parent Relationship": "Outer",
        "Parallel Aware": false,
        "Startup Cost": 327491.53,
        "Total Cost": 327491.64,
        "Plan Rows": 1,
        "Plan Width": 8,
        "Actual Startup Time": 1327.748,
        "Actual Total Time": 1377.909,
        "Actual Rows": 2,
        "Actual Loops": 1,
        "Workers Planned": 1,
        "Workers Launched": 1,
        "Single Copy": false,
        "Plans": [
          {
            "Node Type": "Aggregate",
            "Strategy": "Plain",
            "Partial Mode": "Partial",
            "Parent Relationship": "Outer",
            "Parallel Aware": false,
            "Startup Cost": 326491.53,
            "Total Cost": 326491.54,
            "Plan Rows": 1,
            "Plan Width": 8,
            "Actual Startup Time": 1322.106,
            "Actual Total Time": 1322.109,
            "Actual Rows": 1,
            "Actual Loops": 2,
            "Plans": [
              {
                "Node Type": "Hash Join",
                "Parent Relationship": "Outer",
                "Parallel Aware": true,
                "Join Type": "Inner",
                "Startup Cost": 54643.54,
                "Total Cost": 326427.03,
                "Plan Rows": 25801,
                "Plan Width": 0,
                "Actual Startup Time": 150.685,
                "Actual Total Time": 1320.014,
                "Actual Rows": 43918,
                "Actual Loops": 2,
                "Inner Unique": true,
                "Hash Cond": "(mi.movie_id = t.id)",
                "Plans": [
                  {
                    "Node Type": "Seq Scan",
                    "Parent Relationship": "Outer",
                    "Parallel Aware": true,
                    "Relation Name": "movie_info",
                    "Alias": "mi",
                    "Startup Cost": 0.0,
                    "Total Cost": 248955.74,
                    "Plan Rows": 8696274,
                    "Plan Width": 4,
                    "Actual Startup Time": 0.009,
                    "Actual Total Time": 606.524,
                    "Actual Rows": 7417860,
                    "Actual Loops": 2
                  },
                  {
                    "Node Type": "Hash",
                    "Parent Relationship": "Inner",
                    "Parallel Aware": true,
                    "Startup Cost": 54588.39,
                    "Total Cost": 54588.39,
                    "Plan Rows": 4412,
                    "Plan Width": 4,
                    "Actual Startup Time": 133.805,
                    "Actual Total Time": 133.806,
                    "Actual Rows": 3835,
                    "Actual Loops": 2,
                    "Hash Buckets": 8192,
                    "Original Hash Buckets": 8192,
                    "Hash Batches": 1,
                    "Original Hash Batches": 1,
                    "Peak Memory Usage": 416,
                    "Plans": [
                      {
                        "Node Type": "Seq Scan",
                        "Parent Relationship": "Outer",
                        "Parallel Aware": true,
                        "Relation Name": "title",
                        "Alias": "t",
                        "Startup Cost": 0.0,
                        "Total Cost": 54588.39,
                        "Plan Rows": 4412,
                        "Plan Width": 4,
                        "Actual Startup Time": 86.175,
                        "Actual Total Time": 132.68,
                        "Actual Rows": 3835,
                        "Actual Loops": 2,
                        "Filter": "(production_year = 1915)",
                        "Rows Removed by Filter": 1260321
                      }
                    ]
                  }
                ]
              }
            ]
          }
        ]
      }
    ]
  },
  "Planning Time": 0.431,
  "Triggers": [],
  "Execution Time": 1377.997
}