[
  {
    "Plan": {
      "Node Type": "Aggregate",
      "Strategy": "Plain",
      "Partial Mode": "Finalize",
      "Parallel Aware": false,
      "Startup Cost": 512403.88,
      "Total Cost": 512403.89,
      "Plan Rows": 1,
      "Plan Width": 8,
      "Actual Startup Time": 2605.742,
      "Actual Total Time": 2661.628,
      "Actual Rows": 1,
      "Actual Loops": 1,
      "Plans": [
        {
          "Node Type": "Gather",
          "Parent Relationship": "Outer",
          "Parallel Aware": false,
          "Startup Cost": 512403.35,
          "Total Cost": 512403.86,
          "Plan Rows": 5,
          "Plan Width": 8,
          "Actual Startup Time": 2590.168,
          "Actual Total Time": 2661.619,
          "Actual Rows": 6,
          "Actual Loops": 1,
          "Workers Planned": 5,
          "Workers Launched": 5,
          "Single Copy": false,
          "Plans": [
            {
              "Node Type": "Aggregate",
              "Strategy": "Plain",
              "Partial Mode": "Partial",
              "Parent Relationship": "Outer",
              "Parallel Aware": false,
              "Startup Cost": 511403.35,
              "Total Cost": 511403.36,
              "Plan Rows": 1,
              "Plan Width": 8,
              "Actual Startup Time": 2576.213,
              "Actual Total Time": 2576.219,
              "Actual Rows": 1,
              "Actual Loops": 6,
              "Plans": [
                {
                  "Node Type": "Hash Join",
                  "Parent Relationship": "Outer",
                  "Parallel Aware": true,
                  "Join Type": "Inner",
                  "Startup Cost": 303755.28,
                  "Total Cost": 508403.36,
                  "Plan Rows": 1199997,
                  "Plan Width": 0,
                  "Actual Startup Time": 898.327,
                  "Actual Total Time": 2347.513,
                  "Actual Rows": 5375024,
                  "Actual Loops": 6,
                  "Inner Unique": false,
                  "Hash Cond": "(mi.movie_id = t.id)",
                  "Plans": [
                    {
                      "Node Type": "Seq Scan",
                      "Parent Relationship": "Outer",
                      "Parallel Aware": true,
                      "Relation Name": "movie_info",
                      "Alias": "mi",
                      "Startup Cost": 0.0,
                      "Total Cost": 191560.33,
                      "Plan Rows": 2956733,
                      "Plan Width": 4,
                      "Actual Startup Time": 0.052,
                      "Actual Total Time": 307.089,
                      "Actual Rows": 2472620,
                      "Actual Loops": 6
                    },
                    {
                      "Node Type": "Hash",
                      "Parent Relationship": "Inner",
                      "Parallel Aware": true,
                      "Startup Cost": 301617.55,
                      "Total Cost": 301617.55,
                      "Plan Rows": 171019,
                      "Plan Width": 8,
                      "Actual Startup Time": 892.819,
                      "Actual Total Time": 892.824,
                      "Actual Rows": 214649,
                      "Actual Loops": 6,
                      "Hash Buckets": 2097152,
                      "Original Hash Buckets": 1048576,
                      "Hash Batches": 1,
                      "Original Hash Batches": 1,
                      "Peak Memory Usage": 75072,
                      "Plans": [
                        {
                          "Node Type": "Hash Join",
                          "Parent Relationship": "Outer",
                          "Parallel Aware": true,
                          "Join Type": "Inner",
                          "Startup Cost": 46333.69,
                          "Total Cost": 301617.55,
                          "Plan Rows": 171019,
                          "Plan Width": 8,
                          "Actual Startup Time": 126.369,
                          "Actual Total Time": 767.355,
                          "Actual Rows": 214649,
                          "Actual Loops": 6,
                          "Inner Unique": true,
                          "Hash Cond": "(ci.movie_id = t.id)",
                          "Plans": [
                            {
                              "Node Type": "Index Scan",
                              "Parent Relationship": "Outer",
                              "Parallel Aware": true,
                              "Scan Direction": "Forward",
                              "Index Name": "role_id_cast_info",
                              "Relation Name": "cast_info",
                              "Alias": "ci",
                              "Startup Cost": 0.56,
                              "Total Cost": 251131.25,
                              "Plan Rows": 1582158,
                              "Plan Width": 4,
                              "Actual Startup Time": 0.211,
                              "Actual Total Time": 291.327,
                              "Actual Rows": 1564117,
                              "Actual Loops": 6,
                              "Index Cond": "(role_id > 4)",
                              "Rows Removed by Index Recheck": 0
                            },
                            {
                              "Node Type": "Hash",
                              "Parent Relationship": "Inner",
                              "Parallel Aware": true,
                              "Startup Cost": 45479.1,
                              "Total Cost": 45479.1,
                              "Plan Rows": 68322,
                              "Plan Width": 4,
                              "Actual Startup Time": 124.978,
                              "Actual Total Time": 124.979,
                              "Actual Rows": 69065,
                              "Actual Loops": 6,
                              "Hash Buckets": 524288,
                              "Original Hash Buckets": 524288,
                              "Hash Batches": 1,
                              "Original Hash Batches": 1,
                              "Peak Memory Usage": 20416,
                              "Plans": [
                                {
                                  "Node Type": "Seq Scan",
                                  "Parent Relationship": "Outer",
                                  "Parallel Aware": true,
                                  "Relation Name": "title",
                                  "Alias": "t",
                                  "Startup Cost": 0.0,
                                  "Total Cost": 45479.1,
                                  "Plan Rows": 68322,
                                  "Plan Width": 4,
                                  "Actual Startup Time": 0.055,
                                  "Actual Total Time": 91.626,
                                  "Actual Rows": 69065,
                                  "Actual Loops": 6,
                                  "Filter": "((kind_id < 4) AND (production_year < 1995))",
                                  "Rows Removed by Filter": 352320
                                }
                              ]
                            }
                          ]
                        }
                      ]
                    }
                  ]
                }
              ]
            }
          ]
        }
      ]
    },
    "Planning Time": 1.423,
    "Triggers": [],
    "Execution Time": 2661.745
  }
]