[
  {
    "Plan": {
      "Node Type": "Aggregate",
      "Strategy": "Plain",
      "Partial Mode": "Finalize",
      "Parallel Aware": false,
      "Startup Cost": 99980.21,
      "Total Cost": 99980.22,
      "Plan Rows": 1,
      "Plan Width": 8,
      "Actual Startup Time": 214.448,
      "Actual Total Time": 232.812,
      "Actual Rows": 1,
      "Actual Loops": 1,
      "Plans": [
        {
          "Node Type": "Gather",
          "Parent Relationship": "Outer",
          "Parallel Aware": false,
          "Startup Cost": 99979.9,
          "Total Cost": 99980.21,
          "Plan Rows": 3,
          "Plan Width": 8,
          "Actual Startup Time": 213.923,
          "Actual Total Time": 232.804,
          "Actual Rows": 4,
          "Actual Loops": 1,
          "Workers Planned": 3,
          "Workers Launched": 3,
          "Single Copy": false,
          "Plans": [
            {
              "Node Type": "Aggregate",
              "Strategy": "Plain",
              "Partial Mode": "Partial",
              "Parent Relationship": "Outer",
              "Parallel Aware": false,
              "Startup Cost": 98979.9,
              "Total Cost": 98979.91,
              "Plan Rows": 1,
              "Plan Width": 8,
              "Actual Startup Time": 206.342,
              "Actual Total Time": 206.345,
              "Actual Rows": 1,
              "Actual Loops": 4,
              "Plans": [
                {
                  "Node Type": "Nested Loop",
                  "Parent Relationship": "Outer",
                  "Parallel Aware": false,
                  "Join Type": "Inner",
                  "Startup Cost": 45721.67,
                  "Total Cost": 98932.78,
                  "Plan Rows": 18846,
                  "Plan Width": 0,
                  "Actual Startup Time": 133.801,
                  "Actual Total Time": 205.916,
                  "Actual Rows": 9094,
                  "Actual Loops": 4,
                  "Inner Unique": false,
                  "Join Filter": "(t.id = mk.movie_id)",
                  "Rows Removed by Join Filter": 0,
                  "Plans": [
                    {
                      "Node Type": "Hash Join",
                      "Parent Relationship": "Outer",
                      "Parallel Aware": true,
                      "Join Type": "Inner",
                      "Startup Cost": 45721.24,
                      "Total Cost": 78040.08,
                      "Plan Rows": 10533,
                      "Plan Width": 8,
                      "Actual Startup Time": 133.413,
                      "Actual Total Time": 194.724,
                      "Actual Rows": 3384,
                      "Actual Loops": 4,
                      "Inner Unique": true,
                      "Hash Cond": "(mc.movie_id = t.id)",
                      "Plans": [
                        {
                          "Node Type": "Seq Scan",
                          "Parent Relationship": "Outer",
                          "Parallel Aware": true,
                          "Relation Name": "movie_companies",
                          "Alias": "mc",
                          "Startup Cost": 0.0,
                          "Total Cost": 31414.82,
                          "Plan Rows": 344391,
                          "Plan Width": 4,
                          "Actual Startup Time": 30.901,
                          "Actual Total Time": 67.074,
                          "Actual Rows": 204184,
                          "Actual Loops": 4,
                          "Filter": "((company_id < 73460) AND (company_type_id > 1))",
                          "Rows Removed by Filter": 448098
                        },
                        {
                          "Node Type": "Hash",
                          "Parent Relationship": "Inner",
                          "Parallel Aware": true,
                          "Startup Cost": 45479.59,
                          "Total Cost": 45479.59,
                          "Plan Rows": 19332,
                          "Plan Width": 4,
                          "Actual Startup Time": 101.595,
                          "Actual Total Time": 101.595,
                          "Actual Rows": 21278,
                          "Actual Loops": 4,
                          "Hash Buckets": 131072,
                          "Original Hash Buckets": 131072,
                          "Hash Batches": 1,
                          "Original Hash Batches": 1,
                          "Peak Memory Usage": 4416,
                          "Plans": [
                            {
                              "Node Type": "Seq Scan",
                              "Parent Relationship": "Outer",
                              "Parallel Aware": true,
                              "Relation Name": "title",
                              "Alias": "t",
                              "Startup Cost": 0.0,
                              "Total Cost": 45479.59,
                              "Plan Rows": 19332,
                              "Plan Width": 4,
                              "Actual Startup Time": 0.046,
                              "Actual Total Time": 93.52,
                              "Actual Rows": 21278,
                              "Actual Loops": 4,
                              "Filter": "((kind_id > 4) AND (production_year = 2009))",
                              "Rows Removed by Filter": 610800
                            }
                          ]
                        }
                      ]
                    },
                    {
                      "Node Type": "Index Only Scan",
                      "Parent Relationship": "Inner",
                      "Parallel Aware": false,
                      "Scan Direction": "Forward",
                      "Index Name": "movie_id_movie_keyword",
                      "Relation Name": "movie_keyword",
                      "Alias": "mk",
                      "Startup Cost": 0.43,
                      "Total Cost": 1.41,
                      "Plan Rows": 46,
                      "Plan Width": 4,
                      "Actual Startup Time": 0.002,
                      "Actual Total Time": 0.003,
                      "Actual Rows": 3,
                      "Actual Loops": 13536,
                      "Index Cond": "(movie_id = mc.movie_id)",
                      "Rows Removed by Index Recheck": 0,
                      "Heap Fetches": 36377
                    }
                  ]
                }
              ]
            }
          ]
        }
      ]
    },
    "Planning Time": 0.449,
    "Triggers": [],
    "Execution Time": 232.86
  }
]