[
  {
    "Plan": {
      "Node Type": "Aggregate",
      "Strategy": "Plain",
      "Partial Mode": "Finalize",
      "Parallel Aware": false,
      "Startup Cost": 352741.4,
      "Total Cost": 352741.41,
      "Plan Rows": 1,
      "Plan Width": 8,
      "Actual Startup Time": 1901.25,
      "Actual Total Time": 1936.454,
      "Actual Rows": 1,
      "Actual Loops": 1,
      "Plans": [
        {
          "Node Type": "Gather",
          "Parent Relationship": "Outer",
          "Parallel Aware": false,
          "Startup Cost": 352741.08,
          "Total Cost": 352741.39,
          "Plan Rows": 3,
          "Plan Width": 8,
          "Actual Startup Time": 1881.321,
          "Actual Total Time": 1936.443,
          "Actual Rows": 4,
          "Actual Loops": 1,
          "Workers Planned": 3,
          "Workers Launched": 3,
          "Single Copy": false,
          "Plans": [
            {
              "Node Type": "Aggregate",
              "Strategy": "Plain",
              "Partial Mode": "Partial",
              "Parent Relationship": "Outer",
              "Parallel Aware": false,
              "Startup Cost": 351741.08,
              "Total Cost": 351741.09,
              "Plan Rows": 1,
              "Plan Width": 8,
              "Actual Startup Time": 1872.452,
              "Actual Total Time": 1872.765,
              "Actual Rows": 1,
              "Actual Loops": 4,
              "Plans": [
                {
                  "Node Type": "Hash Join",
                  "Parent Relationship": "Outer",
                  "Parallel Aware": true,
                  "Join Type": "Inner",
                  "Startup Cost": 306036.09,
                  "Total Cost": 351148.5,
                  "Plan Rows": 237035,
                  "Plan Width": 0,
                  "Actual Startup Time": 1094.924,
                  "Actual Total Time": 1665.863,
                  "Actual Rows": 4872516,
                  "Actual Loops": 4,
                  "Inner Unique": false,
                  "Hash Cond": "(mk.movie_id = t.id)",
                  "Plans": [
                    {
                      "Node Type": "Seq Scan",
                      "Parent Relationship": "Outer",
                      "Parallel Aware": true,
                      "Relation Name": "movie_keyword",
                      "Alias": "mk",
                      "Startup Cost": 0.0,
                      "Total Cost": 39047.32,
                      "Plan Rows": 1459332,
                      "Plan Width": 4,
                      "Actual Startup Time": 0.029,
                      "Actual Total Time": 95.866,
                      "Actual Rows": 1130982,
                      "Actual Loops": 4
                    },
                    {
                      "Node Type": "Hash",
                      "Parent Relationship": "Inner",
                      "Parallel Aware": true,
                      "Startup Cost": 304752.76,
                      "Total Cost": 304752.76,
                      "Plan Rows": 102666,
                      "Plan Width": 8,
                      "Actual Startup Time": 1090.605,
                      "Actual Total Time": 1090.917,
                      "Actual Rows": 382040,
                      "Actual Loops": 4,
                      "Hash Buckets": 2097152,
                      "Original Hash Buckets": 524288,
                      "Hash Batches": 1,
                      "Original Hash Batches": 1,
                      "Peak Memory Usage": 88512,
                      "Plans": [
                        {
                          "Node Type": "Hash Join",
                          "Parent Relationship": "Outer",
                          "Parallel Aware": true,
                          "Join Type": "Inner",
                          "Startup Cost": 255942.19,
                          "Total Cost": 304752.76,
                          "Plan Rows": 102666,
                          "Plan Width": 8,
                          "Actual Startup Time": 568.145,
                          "Actual Total Time": 946.313,
                          "Actual Rows": 382040,
                          "Actual Loops": 4,
                          "Inner Unique": false,
                          "Hash Cond": "(t.id = ci.movie_id)",
                          "Plans": [
                            {
                              "Node Type": "Seq Scan",
                              "Parent Relationship": "Outer",
                              "Parallel Aware": true,
                              "Relation Name": "title",
                              "Alias": "t",
                              "Startup Cost": 0.0,
                              "Total Cost": 42318.73,
                              "Plan Rows": 632073,
                              "Plan Width": 4,
                              "Actual Startup Time": 0.012,
                              "Actual Total Time": 82.924,
                              "Actual Rows": 632078,
                              "Actual Loops": 4
                            },
                            {
                              "Node Type": "Hash",
                              "Parent Relationship": "Inner",
                              "Parallel Aware": true,
                              "Startup Cost": 255086.64,
                              "Total Cost": 255086.64,
                              "Plan Rows": 68444,
                              "Plan Width": 4,
                              "Actual Startup Time": 566.32,
                              "Actual Total Time": 566.321,
                              "Actual Rows": 382040,
                              "Actual Loops": 4,
                              "Hash Buckets": 2097152,
                              "Original Hash Buckets": 524288,
                              "Hash Batches": 1,
                              "Original Hash Batches": 1,
                              "Peak Memory Usage": 88512,
                              "Plans": [
                                {
                                  "Node Type": "Index Scan",
                                  "Parent Relationship": "Outer",
                                  "Parallel Aware": true,
                                  "Scan Direction": "Forward",
                                  "Index Name": "role_id_cast_info",
                                  "Relation Name": "cast_info",
                                  "Alias": "ci",
                                  "Startup Cost": 0.56,
                                  "Total Cost": 255086.64,
                                  "Plan Rows": 68444,
                                  "Plan Width": 4,
                                  "Actual Startup Time": 271.7,
                                  "Actual Total Time": 406.736,
                                  "Actual Rows": 382040,
                                  "Actual Loops": 4,
                                  "Index Cond": "(role_id > 4)",
                                  "Rows Removed by Index Recheck": 0,
                                  "Filter": "(person_id > 3760137)",
                                  "Rows Removed by Filter": 1964135
                                }
                              ]
                            }
                          ]
                        }
                      ]
                    }
                  ]
                }
              ]
            }
          ]
        }
      ]
    },
    "Planning Time": 1.344,
    "Triggers": [],
    "Execution Time": 1936.545
  }
]