[
    {
        "Bao": {
            "Bao prediction": "NaN",
            "Bao recommended hint": "(no hint)"
        }
    },
    {
        "Plan": {
            "Node Type": "Aggregate",
            "Strategy": "Plain",
            "Partial Mode": "Finalize",
            "Parallel Aware": false,
            "Startup Cost": 33397.69,
            "Total Cost": 33397.7,
            "Plan Rows": 1,
            "Plan Width": 8,
            "Actual Startup Time": 100.755,
            "Actual Total Time": 105.64,
            "Actual Rows": 1,
            "Actual Loops": 1,
            "Output": [
                "count(*)"
            ],
            "Plans": [
                {
                    "Node Type": "Gather",
                    "Parent Relationship": "Outer",
                    "Parallel Aware": false,
                    "Startup Cost": 33397.37,
                    "Total Cost": 33397.68,
                    "Plan Rows": 3,
                    "Plan Width": 8,
                    "Actual Startup Time": 100.655,
                    "Actual Total Time": 105.634,
                    "Actual Rows": 4,
                    "Actual Loops": 1,
                    "Output": [
                        "(PARTIAL count(*))"
                    ],
                    "Workers Planned": 3,
                    "Workers Launched": 3,
                    "Single Copy": false,
                    "Plans": [
                        {
                            "Node Type": "Aggregate",
                            "Strategy": "Plain",
                            "Partial Mode": "Partial",
                            "Parent Relationship": "Outer",
                            "Parallel Aware": false,
                            "Startup Cost": 32397.37,
                            "Total Cost": 32397.38,
                            "Plan Rows": 1,
                            "Plan Width": 8,
                            "Actual Startup Time": 92.413,
                            "Actual Total Time": 92.414,
                            "Actual Rows": 1,
                            "Actual Loops": 4,
                            "Output": [
                                "PARTIAL count(*)"
                            ],
                            "Workers": [
                                {
                                    "Worker Number": 0,
                                    "Actual Startup Time": 89.402,
                                    "Actual Total Time": 89.403,
                                    "Actual Rows": 1,
                                    "Actual Loops": 1
                                },
                                {
                                    "Worker Number": 1,
                                    "Actual Startup Time": 89.649,
                                    "Actual Total Time": 89.65,
                                    "Actual Rows": 1,
                                    "Actual Loops": 1
                                },
                                {
                                    "Worker Number": 2,
                                    "Actual Startup Time": 90.218,
                                    "Actual Total Time": 90.219,
                                    "Actual Rows": 1,
                                    "Actual Loops": 1
                                }
                            ],
                            "Plans": [
                                {
                                    "Node Type": "Seq Scan",
                                    "Parent Relationship": "Outer",
                                    "Parallel Aware": true,
                                    "Relation Name": "movie_companies",
                                    "Schema": "public",
                                    "Alias": "mc",
                                    "Startup Cost": 0.0,
                                    "Total Cost": 31414.82,
                                    "Plan Rows": 393022,
                                    "Plan Width": 0,
                                    "Actual Startup Time": 42.208,
                                    "Actual Total Time": 80.044,
                                    "Actual Rows": 277652,
                                    "Actual Loops": 4,
                                    "Output": [
                                        "id",
                                        "movie_id",
                                        "company_id",
                                        "company_type_id",
                                        "note"
                                    ],
                                    "Filter": "((mc.company_id < 106876) AND (mc.company_type_id = 2))",
                                    "Rows Removed by Filter": 374630,
                                    "Workers": [
                                        {
                                            "Worker Number": 0,
                                            "Actual Startup Time": 39.196,
                                            "Actual Total Time": 77.282,
                                            "Actual Rows": 184577,
                                            "Actual Loops": 1
                                        },
                                        {
                                            "Worker Number": 1,
                                            "Actual Startup Time": 39.449,
                                            "Actual Total Time": 77.71,
                                            "Actual Rows": 288146,
                                            "Actual Loops": 1
                                        },
                                        {
                                            "Worker Number": 2,
                                            "Actual Startup Time": 40.012,
                                            "Actual Total Time": 78.218,
                                            "Actual Rows": 297170,
                                            "Actual Loops": 1
                                        }
                                    ]
                                }
                            ]
                        }
                    ]
                }
            ]
        },
        "Planning Time": 173.221,
        "Triggers": [],
        "Execution Time": 105.687
    }
]