[
  {
    "Plan": {
      "Node Type": "Aggregate",
      "Strategy": "Plain",
      "Partial Mode": "Finalize",
      "Parallel Aware": false,
      "Startup Cost": 234536.73,
      "Total Cost": 234536.74,
      "Plan Rows": 1,
      "Plan Width": 8,
      "Actual Startup Time": 197.23,
      "Actual Total Time": 226.842,
      "Actual Rows": 1,
      "Actual Loops": 1,
      "Plans": [
        {
          "Node Type": "Gather",
          "Parent Relationship": "Outer",
          "Parallel Aware": false,
          "Startup Cost": 234536.31,
          "Total Cost": 234536.72,
          "Plan Rows": 4,
          "Plan Width": 8,
          "Actual Startup Time": 197.101,
          "Actual Total Time": 226.834,
          "Actual Rows": 5,
          "Actual Loops": 1,
          "Workers Planned": 4,
          "Workers Launched": 4,
          "Single Copy": false,
          "Plans": [
            {
              "Node Type": "Aggregate",
              "Strategy": "Plain",
              "Partial Mode": "Partial",
              "Parent Relationship": "Outer",
              "Parallel Aware": false,
              "Startup Cost": 233536.31,
              "Total Cost": 233536.32,
              "Plan Rows": 1,
              "Plan Width": 8,
              "Actual Startup Time": 189.798,
              "Actual Total Time": 189.799,
              "Actual Rows": 1,
              "Actual Loops": 5,
              "Plans": [
                {
                  "Node Type": "Nested Loop",
                  "Parent Relationship": "Outer",
                  "Parallel Aware": false,
                  "Join Type": "Inner",
                  "Startup Cost": 0.43,
                  "Total Cost": 233446.97,
                  "Plan Rows": 35736,
                  "Plan Width": 0,
                  "Actual Startup Time": 56.253,
                  "Actual Total Time": 186.381,
                  "Actual Rows": 58354,
                  "Actual Loops": 5,
                  "Inner Unique": false,
                  "Plans": [
                    {
                      "Node Type": "Seq Scan",
                      "Parent Relationship": "Outer",
                      "Parallel Aware": true,
                      "Relation Name": "title",
                      "Alias": "t",
                      "Startup Cost": 0.0,
                      "Total Cost": 43898.92,
                      "Plan Rows": 6112,
                      "Plan Width": 4,
                      "Actual Startup Time": 51.892,
                      "Actual Total Time": 79.802,
                      "Actual Rows": 5821,
                      "Actual Loops": 5,
                      "Filter": "(production_year < 1911)",
                      "Rows Removed by Filter": 499841
                    },
                    {
                      "Node Type": "Index Only Scan",
                      "Parent Relationship": "Inner",
                      "Parallel Aware": false,
                      "Scan Direction": "Forward",
                      "Index Name": "movie_id_movie_info",
                      "Relation Name": "movie_info",
                      "Alias": "mi",
                      "Startup Cost": 0.43,
                      "Total Cost": 30.59,
                      "Plan Rows": 42,
                      "Plan Width": 4,
                      "Actual Startup Time": 0.007,
                      "Actual Total Time": 0.017,
                      "Actual Rows": 10,
                      "Actual Loops": 29105,
                      "Index Cond": "(movie_id = t.id)",
                      "Rows Removed by Index Recheck": 0,
                      "Heap Fetches": 291771
                    }
                  ]
                }
              ]
            }
          ]
        }
      ]
    },
    "Planning Time": 0.502,
    "Triggers": [],
    "Execution Time": 226.922
  }
]