[
  {
    "Plan": {
      "Node Type": "Aggregate",
      "Strategy": "Plain",
      "Partial Mode": "Finalize",
      "Parallel Aware": false,
      "Startup Cost": 32409.65,
      "Total Cost": 32409.66,
      "Plan Rows": 1,
      "Plan Width": 8,
      "Actual Startup Time": 123.201,
      "Actual Total Time": 131.039,
      "Actual Rows": 1,
      "Actual Loops": 1,
      "Plans": [
        {
          "Node Type": "Gather",
          "Parent Relationship": "Outer",
          "Parallel Aware": false,
          "Startup Cost": 32409.33,
          "Total Cost": 32409.64,
          "Plan Rows": 3,
          "Plan Width": 8,
          "Actual Startup Time": 123.055,
          "Actual Total Time": 131.031,
          "Actual Rows": 4,
          "Actual Loops": 1,
          "Workers Planned": 3,
          "Workers Launched": 3,
          "Single Copy": false,
          "Plans": [
            {
              "Node Type": "Aggregate",
              "Strategy": "Plain",
              "Partial Mode": "Partial",
              "Parent Relationship": "Outer",
              "Parallel Aware": false,
              "Startup Cost": 31409.33,
              "Total Cost": 31409.34,
              "Plan Rows": 1,
              "Plan Width": 8,
              "Actual Startup Time": 117.787,
              "Actual Total Time": 117.788,
              "Actual Rows": 1,
              "Actual Loops": 4,
              "Plans": [
                {
                  "Node Type": "Seq Scan",
                  "Parent Relationship": "Outer",
                  "Parallel Aware": true,
                  "Relation Name": "movie_companies",
                  "Alias": "mc",
                  "Startup Cost": 0.0,
                  "Total Cost": 29310.68,
                  "Plan Rows": 839459,
                  "Plan Width": 0,
                  "Actual Startup Time": 0.027,
                  "Actual Total Time": 86.098,
                  "Actual Rows": 650739,
                  "Actual Loops": 4,
                  "Filter": "(company_id < 229034)",
                  "Rows Removed by Filter": 1543
                }
              ]
            }
          ]
        }
      ]
    },
    "Planning Time": 0.177,
    "Triggers": [],
    "Execution Time": 131.074
  }
]