[
  {
    "Plan": {
      "Node Type": "Aggregate",
      "Strategy": "Plain",
      "Partial Mode": "Finalize",
      "Parallel Aware": false,
      "Startup Cost": 103435.86,
      "Total Cost": 103435.87,
      "Plan Rows": 1,
      "Plan Width": 8,
      "Actual Startup Time": 586.842,
      "Actual Total Time": 630.127,
      "Actual Rows": 1,
      "Actual Loops": 1,
      "Plans": [
        {
          "Node Type": "Gather",
          "Parent Relationship": "Outer",
          "Parallel Aware": false,
          "Startup Cost": 103435.55,
          "Total Cost": 103435.86,
          "Plan Rows": 3,
          "Plan Width": 8,
          "Actual Startup Time": 579.853,
          "Actual Total Time": 630.117,
          "Actual Rows": 4,
          "Actual Loops": 1,
          "Workers Planned": 3,
          "Workers Launched": 3,
          "Single Copy": false,
          "Plans": [
            {
              "Node Type": "Aggregate",
              "Strategy": "Plain",
              "Partial Mode": "Partial",
              "Parent Relationship": "Outer",
              "Parallel Aware": false,
              "Startup Cost": 102435.55,
              "Total Cost": 102435.56,
              "Plan Rows": 1,
              "Plan Width": 8,
              "Actual Startup Time": 560.852,
              "Actual Total Time": 560.855,
              "Actual Rows": 1,
              "Actual Loops": 4,
              "Plans": [
                {
                  "Node Type": "Nested Loop",
                  "Parent Relationship": "Outer",
                  "Parallel Aware": false,
                  "Join Type": "Inner",
                  "Startup Cost": 51095.42,
                  "Total Cost": 102241.5,
                  "Plan Rows": 77618,
                  "Plan Width": 0,
                  "Actual Startup Time": 323.044,
                  "Actual Total Time": 549.125,
                  "Actual Rows": 242801,
                  "Actual Loops": 4,
                  "Inner Unique": false,
                  "Plans": [
                    {
                      "Node Type": "Hash Join",
                      "Parent Relationship": "Outer",
                      "Parallel Aware": true,
                      "Join Type": "Inner",
                      "Startup Cost": 51094.99,
                      "Total Cost": 76595.69,
                      "Plan Rows": 13274,
                      "Plan Width": 8,
                      "Actual Startup Time": 322.974,
                      "Actual Total Time": 350.66,
                      "Actual Rows": 9102,
                      "Actual Loops": 4,
                      "Inner Unique": true,
                      "Hash Cond": "(mk.movie_id = t.id)",
                      "Plans": [
                        {
                          "Node Type": "Bitmap Heap Scan",
                          "Parent Relationship": "Outer",
                          "Parallel Aware": true,
                          "Relation Name": "movie_keyword",
                          "Alias": "mk",
                          "Startup Cost": 875.35,
                          "Total Cost": 26341.2,
                          "Plan Rows": 13274,
                          "Plan Width": 4,
                          "Actual Startup Time": 4.834,
                          "Actual Total Time": 20.045,
                          "Actual Rows": 9102,
                          "Actual Loops": 4,
                          "Recheck Cond": "(keyword_id < 43)",
                          "Rows Removed by Index Recheck": 0,
                          "Exact Heap Blocks": 4871,
                          "Lossy Heap Blocks": 0,
                          "Plans": [
                            {
                              "Node Type": "Bitmap Index Scan",
                              "Parent Relationship": "Outer",
                              "Parallel Aware": false,
                              "Index Name": "keyword_id_movie_keyword",
                              "Startup Cost": 0.0,
                              "Total Cost": 865.06,
                              "Plan Rows": 41150,
                              "Plan Width": 0,
                              "Actual Startup Time": 3.005,
                              "Actual Total Time": 3.005,
                              "Actual Rows": 36407,
                              "Actual Loops": 1,
                              "Index Cond": "(keyword_id < 43)"
                            }
                          ]
                        },
                        {
                          "Node Type": "Hash",
                          "Parent Relationship": "Inner",
                          "Parallel Aware": true,
                          "Startup Cost": 42318.73,
                          "Total Cost": 42318.73,
                          "Plan Rows": 632073,
                          "Plan Width": 4,
                          "Actual Startup Time": 307.286,
                          "Actual Total Time": 307.287,
                          "Actual Rows": 632078,
                          "Actual Loops": 4,
                          "Hash Buckets": 4194304,
                          "Original Hash Buckets": 4194304,
                          "Hash Batches": 1,
                          "Original Hash Batches": 1,
                          "Peak Memory Usage": 131744,
                          "Plans": [
                            {
                              "Node Type": "Seq Scan",
                              "Parent Relationship": "Outer",
                              "Parallel Aware": true,
                              "Relation Name": "title",
                              "Alias": "t",
                              "Startup Cost": 0.0,
                              "Total Cost": 42318.73,
                              "Plan Rows": 632073,
                              "Plan Width": 4,
                              "Actual Startup Time": 0.034,
                              "Actual Total Time": 90.518,
                              "Actual Rows": 632078,
                              "Actual Loops": 4
                            }
                          ]
                        }
                      ]
                    },
                    {
                      "Node Type": "Index Only Scan",
                      "Parent Relationship": "Inner",
                      "Parallel Aware": false,
                      "Scan Direction": "Forward",
                      "Index Name": "movie_id_movie_info",
                      "Relation Name": "movie_info",
                      "Alias": "mi",
                      "Startup Cost": 0.43,
                      "Total Cost": 1.51,
                      "Plan Rows": 42,
                      "Plan Width": 4,
                      "Actual Startup Time": 0.006,
                      "Actual Total Time": 0.02,
                      "Actual Rows": 27,
                      "Actual Loops": 36407,
                      "Index Cond": "(movie_id = t.id)",
                      "Rows Removed by Index Recheck": 0,
                      "Heap Fetches": 971205
                    }
                  ]
                }
              ]
            }
          ]
        }
      ]
    },
    "Planning Time": 1.429,
    "Triggers": [],
    "Execution Time": 630.24
  }
]