{
  "Plan": {
    "Node Type": "Aggregate",
    "Strategy": "Plain",
    "Partial Mode": "Finalize",
    "Parallel Aware": false,
    "Startup Cost": 229290.06,
    "Total Cost": 229290.07,
    "Plan Rows": 1,
    "Plan Width": 8,
    "Actual Startup Time": 881.167,
    "Actual Total Time": 932.376,
    "Actual Rows": 1,
    "Actual Loops": 1,
    "Plans": [
      {
        "Node Type": "Gather",
        "Parent Relationship": "Outer",
        "Parallel Aware": false,
        "Startup Cost": 229289.95,
        "Total Cost": 229290.06,
        "Plan Rows": 1,
        "Plan Width": 8,
        "Actual Startup Time": 879.815,
        "Actual Total Time": 932.361,
        "Actual Rows": 2,
        "Actual Loops": 1,
        "Workers Planned": 1,
        "Workers Launched": 1,
        "Single Copy": false,
        "Plans": [
          {
            "Node Type": "Aggregate",
            "Strategy": "Plain",
            "Partial Mode": "Partial",
            "Parent Relationship": "Outer",
            "Parallel Aware": false,
            "Startup Cost": 228289.95,
            "Total Cost": 228289.96,
            "Plan Rows": 1,
            "Plan Width": 8,
            "Actual Startup Time": 873.6,
            "Actual Total Time": 874.141,
            "Actual Rows": 1,
            "Actual Loops": 2,
            "Plans": [
              {
                "Node Type": "Nested Loop",
                "Parent Relationship": "Outer",
                "Parallel Aware": false,
                "Join Type": "Inner",
                "Startup Cost": 35491.84,
                "Total Cost": 227999.52,
                "Plan Rows": 116172,
                "Plan Width": 0,
                "Actual Startup Time": 160.87,
                "Actual Total Time": 868.22,
                "Actual Rows": 111972,
                "Actual Loops": 2,
                "Inner Unique": false,
                "Plans": [
                  {
                    "Node Type": "Hash Join",
                    "Parent Relationship": "Outer",
                    "Parallel Aware": true,
                    "Join Type": "Inner",
                    "Startup Cost": 35491.27,
                    "Total Cost": 95945.97,
                    "Plan Rows": 30941,
                    "Plan Width": 8,
                    "Actual Startup Time": 160.669,
                    "Actual Total Time": 383.859,
                    "Actual Rows": 21909,
                    "Actual Loops": 2,
                    "Inner Unique": false,
                    "Hash Cond": "(t.id = mc.movie_id)",
                    "Plans": [
                      {
                        "Node Type": "Seq Scan",
                        "Parent Relationship": "Outer",
                        "Parallel Aware": true,
                        "Relation Name": "title",
                        "Alias": "t",
                        "Startup Cost": 0.0,
                        "Total Cost": 58306.47,
                        "Plan Rows": 314596,
                        "Plan Width": 4,
                        "Actual Startup Time": 0.016,
                        "Actual Total Time": 136.019,
                        "Actual Rows": 214124,
                        "Actual Loops": 2,
                        "Filter": "((production_year < 1997) AND (kind_id = 7))",
                        "Rows Removed by Filter": 1050032
                      },
                      {
                        "Node Type": "Hash",
                        "Parent Relationship": "Inner",
                        "Parallel Aware": true,
                        "Startup Cost": 33662.91,
                        "Total Cost": 33662.91,
                        "Plan Rows": 146269,
                        "Plan Width": 4,
                        "Actual Startup Time": 157.018,
                        "Actual Total Time": 157.02,
                        "Actual Rows": 248484,
                        "Actual Loops": 2,
                        "Hash Buckets": 524288,
                        "Original Hash Buckets": 262144,
                        "Hash Batches": 1,
                        "Original Hash Batches": 1,
                        "Peak Memory Usage": 25632,
                        "Plans": [
                          {
                            "Node Type": "Bitmap Heap Scan",
                            "Parent Relationship": "Outer",
                            "Parallel Aware": true,
                            "Relation Name": "movie_companies",
                            "Alias": "mc",
                            "Startup Cost": 10551.66,
                            "Total Cost": 33662.91,
                            "Plan Rows": 146269,
                            "Plan Width": 4,
                            "Actual Startup Time": 33.118,
                            "Actual Total Time": 88.881,
                            "Actual Rows": 248484,
                            "Actual Loops": 2,
                            "Recheck Cond": "(company_id > 74347)",
                            "Rows Removed by Index Recheck": 0,
                            "Filter": "(company_type_id > 1)",
                            "Rows Removed by Filter": 0,
                            "Exact Heap Blocks": 4403,
                            "Lossy Heap Blocks": 0,
                            "Plans": [
                              {
                                "Node Type": "Bitmap Index Scan",
                                "Parent Relationship": "Outer",
                                "Parallel Aware": false,
                                "Index Name": "company_id_movie_companies",
                                "Startup Cost": 0.0,
                                "Total Cost": 10489.5,
                                "Plan Rows": 489742,
                                "Plan Width": 0,
                                "Actual Startup Time": 34.606,
                                "Actual Total Time": 34.607,
                                "Actual Rows": 496967,
                                "Actual Loops": 1,
                                "Index Cond": "(company_id > 74347)"
                              }
                            ]
                          }
                        ]
                      }
                    ]
                  },
                  {
                    "Node Type": "Index Scan",
                    "Parent Relationship": "Inner",
                    "Parallel Aware": false,
                    "Scan Direction": "Forward",
                    "Index Name": "movie_id_cast_info",
                    "Relation Name": "cast_info",
                    "Alias": "ci",
                    "Startup Cost": 0.56,
                    "Total Cost": 4.17,
                    "Plan Rows": 10,
                    "Plan Width": 4,
                    "Actual Startup Time": 0.018,
                    "Actual Total Time": 0.021,
                    "Actual Rows": 5,
                    "Actual Loops": 43818,
                    "Index Cond": "(movie_id = t.id)",
                    "Rows Removed by Index Recheck": 0,
                    "Filter": "(role_id > 4)",
                    "Rows Removed by Filter": 15
                  }
                ]
              }
            ]
          }
        ]
      }
    ]
  },
  "Planning Time": 1.113,
  "Triggers": [],
  "Execution Time": 932.512
}