[
  {
    "Plan": {
      "Node Type": "Aggregate",
      "Strategy": "Plain",
      "Partial Mode": "Finalize",
      "Parallel Aware": false,
      "Startup Cost": 71251.56,
      "Total Cost": 71251.57,
      "Plan Rows": 1,
      "Plan Width": 8,
      "Actual Startup Time": 184.823,
      "Actual Total Time": 199.461,
      "Actual Rows": 1,
      "Actual Loops": 1,
      "Plans": [
        {
          "Node Type": "Gather",
          "Parent Relationship": "Outer",
          "Parallel Aware": false,
          "Startup Cost": 71251.25,
          "Total Cost": 71251.56,
          "Plan Rows": 3,
          "Plan Width": 8,
          "Actual Startup Time": 182.906,
          "Actual Total Time": 199.453,
          "Actual Rows": 4,
          "Actual Loops": 1,
          "Workers Planned": 3,
          "Workers Launched": 3,
          "Single Copy": false,
          "Plans": [
            {
              "Node Type": "Aggregate",
              "Strategy": "Plain",
              "Partial Mode": "Partial",
              "Parent Relationship": "Outer",
              "Parallel Aware": false,
              "Startup Cost": 70251.25,
              "Total Cost": 70251.26,
              "Plan Rows": 1,
              "Plan Width": 8,
              "Actual Startup Time": 177.293,
              "Actual Total Time": 177.296,
              "Actual Rows": 1,
              "Actual Loops": 4,
              "Plans": [
                {
                  "Node Type": "Hash Join",
                  "Parent Relationship": "Outer",
                  "Parallel Aware": true,
                  "Join Type": "Inner",
                  "Startup Cost": 50446.63,
                  "Total Cost": 70243.23,
                  "Plan Rows": 3205,
                  "Plan Width": 0,
                  "Actual Startup Time": 140.229,
                  "Actual Total Time": 176.987,
                  "Actual Rows": 5050,
                  "Actual Loops": 4,
                  "Inner Unique": true,
                  "Hash Cond": "(mc.movie_id = t.id)",
                  "Plans": [
                    {
                      "Node Type": "Bitmap Heap Scan",
                      "Parent Relationship": "Outer",
                      "Parallel Aware": true,
                      "Relation Name": "movie_companies",
                      "Alias": "mc",
                      "Startup Cost": 4129.12,
                      "Total Cost": 23846.38,
                      "Plan Rows": 30225,
                      "Plan Width": 4,
                      "Actual Startup Time": 10.889,
                      "Actual Total Time": 36.385,
                      "Actual Rows": 36733,
                      "Actual Loops": 4,
                      "Recheck Cond": "(company_id < 49)",
                      "Rows Removed by Index Recheck": 0,
                      "Filter": "(company_type_id = 1)",
                      "Rows Removed by Filter": 9778,
                      "Exact Heap Blocks": 6118,
                      "Lossy Heap Blocks": 0,
                      "Plans": [
                        {
                          "Node Type": "Bitmap Index Scan",
                          "Parent Relationship": "Outer",
                          "Parallel Aware": false,
                          "Index Name": "company_id_movie_companies",
                          "Startup Cost": 0.0,
                          "Total Cost": 4105.69,
                          "Plan Rows": 191635,
                          "Plan Width": 0,
                          "Actual Startup Time": 8.691,
                          "Actual Total Time": 8.692,
                          "Actual Rows": 186044,
                          "Actual Loops": 1,
                          "Index Cond": "(company_id < 49)"
                        }
                      ]
                    },
                    {
                      "Node Type": "Hash",
                      "Parent Relationship": "Inner",
                      "Parallel Aware": true,
                      "Startup Cost": 45479.59,
                      "Total Cost": 45479.59,
                      "Plan Rows": 67034,
                      "Plan Width": 4,
                      "Actual Startup Time": 127.369,
                      "Actual Total Time": 127.37,
                      "Actual Rows": 103597,
                      "Actual Loops": 4,
                      "Hash Buckets": 524288,
                      "Original Hash Buckets": 524288,
                      "Hash Batches": 1,
                      "Original Hash Batches": 1,
                      "Peak Memory Usage": 20384,
                      "Plans": [
                        {
                          "Node Type": "Seq Scan",
                          "Parent Relationship": "Outer",
                          "Parallel Aware": true,
                          "Relation Name": "title",
                          "Alias": "t",
                          "Startup Cost": 0.0,
                          "Total Cost": 45479.59,
                          "Plan Rows": 67034,
                          "Plan Width": 4,
                          "Actual Startup Time": 0.044,
                          "Actual Total Time": 92.976,
                          "Actual Rows": 103597,
                          "Actual Loops": 4,
                          "Filter": "((kind_id < 4) AND (production_year < 1995))",
                          "Rows Removed by Filter": 528481
                        }
                      ]
                    }
                  ]
                }
              ]
            }
          ]
        }
      ]
    },
    "Planning Time": 0.357,
    "Triggers": [],
    "Execution Time": 199.513
  }
]