[
  {
    "Plan": {
      "Node Type": "Aggregate",
      "Strategy": "Plain",
      "Partial Mode": "Finalize",
      "Parallel Aware": false,
      "Startup Cost": 44495.81,
      "Total Cost": 44495.82,
      "Plan Rows": 1,
      "Plan Width": 8,
      "Actual Startup Time": 51.691,
      "Actual Total Time": 59.112,
      "Actual Rows": 1,
      "Actual Loops": 1,
      "Plans": [
        {
          "Node Type": "Gather",
          "Parent Relationship": "Outer",
          "Parallel Aware": false,
          "Startup Cost": 44495.6,
          "Total Cost": 44495.81,
          "Plan Rows": 2,
          "Plan Width": 8,
          "Actual Startup Time": 51.586,
          "Actual Total Time": 59.105,
          "Actual Rows": 3,
          "Actual Loops": 1,
          "Workers Planned": 2,
          "Workers Launched": 2,
          "Single Copy": false,
          "Plans": [
            {
              "Node Type": "Aggregate",
              "Strategy": "Plain",
              "Partial Mode": "Partial",
              "Parent Relationship": "Outer",
              "Parallel Aware": false,
              "Startup Cost": 43495.6,
              "Total Cost": 43495.61,
              "Plan Rows": 1,
              "Plan Width": 8,
              "Actual Startup Time": 43.93,
              "Actual Total Time": 43.931,
              "Actual Rows": 1,
              "Actual Loops": 3,
              "Plans": [
                {
                  "Node Type": "Nested Loop",
                  "Parent Relationship": "Outer",
                  "Parallel Aware": false,
                  "Join Type": "Inner",
                  "Startup Cost": 217.7,
                  "Total Cost": 43493.96,
                  "Plan Rows": 655,
                  "Plan Width": 0,
                  "Actual Startup Time": 7.991,
                  "Actual Total Time": 43.897,
                  "Actual Rows": 119,
                  "Actual Loops": 3,
                  "Inner Unique": true,
                  "Plans": [
                    {
                      "Node Type": "Bitmap Heap Scan",
                      "Parent Relationship": "Outer",
                      "Parallel Aware": true,
                      "Relation Name": "movie_companies",
                      "Alias": "mc",
                      "Startup Cost": 217.27,
                      "Total Cost": 16442.87,
                      "Plan Rows": 4131,
                      "Plan Width": 4,
                      "Actual Startup Time": 2.436,
                      "Actual Total Time": 13.282,
                      "Actual Rows": 3387,
                      "Actual Loops": 3,
                      "Recheck Cond": "(company_id = 2561)",
                      "Rows Removed by Index Recheck": 0,
                      "Exact Heap Blocks": 3696,
                      "Lossy Heap Blocks": 0,
                      "Plans": [
                        {
                          "Node Type": "Bitmap Index Scan",
                          "Parent Relationship": "Outer",
                          "Parallel Aware": false,
                          "Index Name": "company_id_movie_companies",
                          "Startup Cost": 0.0,
                          "Total Cost": 214.79,
                          "Plan Rows": 9915,
                          "Plan Width": 0,
                          "Actual Startup Time": 4.39,
                          "Actual Total Time": 4.39,
                          "Actual Rows": 10160,
                          "Actual Loops": 1,
                          "Index Cond": "(company_id = 2561)"
                        }
                      ]
                    },
                    {
                      "Node Type": "Index Scan",
                      "Parent Relationship": "Inner",
                      "Parallel Aware": false,
                      "Scan Direction": "Forward",
                      "Index Name": "title_pkey",
                      "Relation Name": "title",
                      "Alias": "t",
                      "Startup Cost": 0.43,
                      "Total Cost": 6.55,
                      "Plan Rows": 1,
                      "Plan Width": 4,
                      "Actual Startup Time": 0.008,
                      "Actual Total Time": 0.008,
                      "Actual Rows": 0,
                      "Actual Loops": 10160,
                      "Index Cond": "(id = mc.movie_id)",
                      "Rows Removed by Index Recheck": 0,
                      "Filter": "((kind_id < 7) AND (production_year > 2005))",
                      "Rows Removed by Filter": 1
                    }
                  ]
                }
              ]
            }
          ]
        }
      ]
    },
    "Planning Time": 0.55,
    "Triggers": [],
    "Execution Time": 59.186
  }
]