[
  {
    "Plan": {
      "Node Type": "Aggregate",
      "Strategy": "Plain",
      "Partial Mode": "Finalize",
      "Parallel Aware": false,
      "Startup Cost": 392459.25,
      "Total Cost": 392459.26,
      "Plan Rows": 1,
      "Plan Width": 8,
      "Actual Startup Time": 781.567,
      "Actual Total Time": 804.333,
      "Actual Rows": 1,
      "Actual Loops": 1,
      "Plans": [
        {
          "Node Type": "Gather",
          "Parent Relationship": "Outer",
          "Parallel Aware": false,
          "Startup Cost": 392458.93,
          "Total Cost": 392459.24,
          "Plan Rows": 3,
          "Plan Width": 8,
          "Actual Startup Time": 777.668,
          "Actual Total Time": 804.322,
          "Actual Rows": 4,
          "Actual Loops": 1,
          "Workers Planned": 3,
          "Workers Launched": 3,
          "Single Copy": false,
          "Plans": [
            {
              "Node Type": "Aggregate",
              "Strategy": "Plain",
              "Partial Mode": "Partial",
              "Parent Relationship": "Outer",
              "Parallel Aware": false,
              "Startup Cost": 391458.93,
              "Total Cost": 391458.94,
              "Plan Rows": 1,
              "Plan Width": 8,
              "Actual Startup Time": 769.211,
              "Actual Total Time": 769.324,
              "Actual Rows": 1,
              "Actual Loops": 4,
              "Plans": [
                {
                  "Node Type": "Hash Join",
                  "Parent Relationship": "Outer",
                  "Parallel Aware": true,
                  "Join Type": "Inner",
                  "Startup Cost": 342567.82,
                  "Total Cost": 390985.63,
                  "Plan Rows": 189323,
                  "Plan Width": 0,
                  "Actual Startup Time": 462.911,
                  "Actual Total Time": 740.387,
                  "Actual Rows": 638150,
                  "Actual Loops": 4,
                  "Inner Unique": false,
                  "Hash Cond": "(mk.movie_id = t.id)",
                  "Plans": [
                    {
                      "Node Type": "Seq Scan",
                      "Parent Relationship": "Outer",
                      "Parallel Aware": true,
                      "Relation Name": "movie_keyword",
                      "Alias": "mk",
                      "Startup Cost": 0.0,
                      "Total Cost": 42695.65,
                      "Plan Rows": 1441763,
                      "Plan Width": 4,
                      "Actual Startup Time": 0.03,
                      "Actual Total Time": 126.863,
                      "Actual Rows": 1118994,
                      "Actual Loops": 4,
                      "Filter": "(keyword_id > 47)",
                      "Rows Removed by Filter": 11988
                    },
                    {
                      "Node Type": "Hash",
                      "Parent Relationship": "Inner",
                      "Parallel Aware": true,
                      "Startup Cost": 341876.16,
                      "Total Cost": 341876.16,
                      "Plan Rows": 55333,
                      "Plan Width": 8,
                      "Actual Startup Time": 459.311,
                      "Actual Total Time": 459.422,
                      "Actual Rows": 86557,
                      "Actual Loops": 4,
                      "Hash Buckets": 524288,
                      "Original Hash Buckets": 524288,
                      "Hash Batches": 1,
                      "Original Hash Batches": 1,
                      "Peak Memory Usage": 17696,
                      "Plans": [
                        {
                          "Node Type": "Hash Join",
                          "Parent Relationship": "Outer",
                          "Parallel Aware": true,
                          "Join Type": "Inner",
                          "Startup Cost": 84700.49,
                          "Total Cost": 341876.16,
                          "Plan Rows": 55333,
                          "Plan Width": 8,
                          "Actual Startup Time": 225.925,
                          "Actual Total Time": 428.149,
                          "Actual Rows": 86557,
                          "Actual Loops": 4,
                          "Inner Unique": true,
                          "Hash Cond": "(ci.movie_id = t.id)",
                          "Plans": [
                            {
                              "Node Type": "Bitmap Heap Scan",
                              "Parent Relationship": "Outer",
                              "Parallel Aware": true,
                              "Relation Name": "cast_info",
                              "Alias": "ci",
                              "Startup Cost": 39328.45,
                              "Total Cost": 295725.09,
                              "Plan Rows": 296772,
                              "Plan Width": 4,
                              "Actual Startup Time": 76.138,
                              "Actual Total Time": 145.802,
                              "Actual Rows": 449405,
                              "Actual Loops": 4,
                              "Recheck Cond": "(person_id < 178564)",
                              "Rows Removed by Index Recheck": 0,
                              "Exact Heap Blocks": 5948,
                              "Lossy Heap Blocks": 0,
                              "Plans": [
                                {
                                  "Node Type": "Bitmap Index Scan",
                                  "Parent Relationship": "Outer",
                                  "Parallel Aware": false,
                                  "Index Name": "person_id_cast_info",
                                  "Startup Cost": 0.0,
                                  "Total Cost": 38883.29,
                                  "Plan Rows": 1780630,
                                  "Plan Width": 0,
                                  "Actual Startup Time": 73.023,
                                  "Actual Total Time": 73.023,
                                  "Actual Rows": 1797620,
                                  "Actual Loops": 1,
                                  "Index Cond": "(person_id < 178564)"
                                }
                              ]
                            },
                            {
                              "Node Type": "Hash",
                              "Parent Relationship": "Inner",
                              "Parallel Aware": true,
                              "Startup Cost": 43898.92,
                              "Total Cost": 43898.92,
                              "Plan Rows": 117850,
                              "Plan Width": 4,
                              "Actual Startup Time": 147.698,
                              "Actual Total Time": 147.698,
                              "Actual Rows": 119900,
                              "Actual Loops": 4,
                              "Hash Buckets": 524288,
                              "Original Hash Buckets": 524288,
                              "Hash Batches": 1,
                              "Original Hash Batches": 1,
                              "Peak Memory Usage": 22944,
                              "Plans": [
                                {
                                  "Node Type": "Seq Scan",
                                  "Parent Relationship": "Outer",
                                  "Parallel Aware": true,
                                  "Relation Name": "title",
                                  "Alias": "t",
                                  "Startup Cost": 0.0,
                                  "Total Cost": 43898.92,
                                  "Plan Rows": 117850,
                                  "Plan Width": 4,
                                  "Actual Startup Time": 0.046,
                                  "Actual Total Time": 104.347,
                                  "Actual Rows": 119900,
                                  "Actual Loops": 4,
                                  "Filter": "(production_year < 1978)",
                                  "Rows Removed by Filter": 512178
                                }
                              ]
                            }
                          ]
                        }
                      ]
                    }
                  ]
                }
              ]
            }
          ]
        }
      ]
    },
    "Planning Time": 1.377,
    "Triggers": [],
    "Execution Time": 804.462
  }
]