[
  {
    "Plan": {
      "Node Type": "Aggregate",
      "Strategy": "Plain",
      "Partial Mode": "Finalize",
      "Parallel Aware": false,
      "Startup Cost": 31559.05,
      "Total Cost": 31559.06,
      "Plan Rows": 1,
      "Plan Width": 8,
      "Actual Startup Time": 115.788,
      "Actual Total Time": 123.444,
      "Actual Rows": 1,
      "Actual Loops": 1,
      "Plans": [
        {
          "Node Type": "Gather",
          "Parent Relationship": "Outer",
          "Parallel Aware": false,
          "Startup Cost": 31558.73,
          "Total Cost": 31559.04,
          "Plan Rows": 3,
          "Plan Width": 8,
          "Actual Startup Time": 115.695,
          "Actual Total Time": 123.435,
          "Actual Rows": 4,
          "Actual Loops": 1,
          "Workers Planned": 3,
          "Workers Launched": 3,
          "Single Copy": false,
          "Plans": [
            {
              "Node Type": "Aggregate",
              "Strategy": "Plain",
              "Partial Mode": "Partial",
              "Parent Relationship": "Outer",
              "Parallel Aware": false,
              "Startup Cost": 30558.73,
              "Total Cost": 30558.74,
              "Plan Rows": 1,
              "Plan Width": 8,
              "Actual Startup Time": 107.859,
              "Actual Total Time": 107.86,
              "Actual Rows": 1,
              "Actual Loops": 4,
              "Plans": [
                {
                  "Node Type": "Seq Scan",
                  "Parent Relationship": "Outer",
                  "Parallel Aware": true,
                  "Relation Name": "movie_companies",
                  "Alias": "mc",
                  "Startup Cost": 0.0,
                  "Total Cost": 29310.68,
                  "Plan Rows": 499219,
                  "Plan Width": 0,
                  "Actual Startup Time": 0.046,
                  "Actual Total Time": 85.83,
                  "Actual Rows": 384631,
                  "Actual Loops": 4,
                  "Filter": "(company_id < 14499)",
                  "Rows Removed by Filter": 267652
                }
              ]
            }
          ]
        }
      ]
    },
    "Planning Time": 0.188,
    "Triggers": [],
    "Execution Time": 123.508
  }
]