[
  {
    "Plan": {
      "Node Type": "Aggregate",
      "Strategy": "Plain",
      "Partial Mode": "Finalize",
      "Parallel Aware": false,
      "Startup Cost": 339180.91,
      "Total Cost": 339180.92,
      "Plan Rows": 1,
      "Plan Width": 8,
      "Actual Startup Time": 920.309,
      "Actual Total Time": 975.131,
      "Actual Rows": 1,
      "Actual Loops": 1,
      "Plans": [
        {
          "Node Type": "Gather",
          "Parent Relationship": "Outer",
          "Parallel Aware": false,
          "Startup Cost": 339180.28,
          "Total Cost": 339180.89,
          "Plan Rows": 6,
          "Plan Width": 8,
          "Actual Startup Time": 920.093,
          "Actual Total Time": 975.106,
          "Actual Rows": 7,
          "Actual Loops": 1,
          "Workers Planned": 6,
          "Workers Launched": 6,
          "Single Copy": false,
          "Plans": [
            {
              "Node Type": "Aggregate",
              "Strategy": "Plain",
              "Partial Mode": "Partial",
              "Parent Relationship": "Outer",
              "Parallel Aware": false,
              "Startup Cost": 338180.28,
              "Total Cost": 338180.29,
              "Plan Rows": 1,
              "Plan Width": 8,
              "Actual Startup Time": 909.45,
              "Actual Total Time": 909.453,
              "Actual Rows": 1,
              "Actual Loops": 7,
              "Plans": [
                {
                  "Node Type": "Seq Scan",
                  "Parent Relationship": "Outer",
                  "Parallel Aware": true,
                  "Relation Name": "cast_info",
                  "Alias": "ci",
                  "Startup Cost": 0.0,
                  "Total Cost": 328211.39,
                  "Plan Rows": 3987556,
                  "Plan Width": 0,
                  "Actual Startup Time": 169.353,
                  "Actual Total Time": 744.148,
                  "Actual Rows": 3400884,
                  "Actual Loops": 7,
                  "Filter": "(person_id > 1226871)",
                  "Rows Removed by Filter": 1776879
                }
              ]
            }
          ]
        }
      ]
    },
    "Planning Time": 0.171,
    "Triggers": [],
    "Execution Time": 975.202
  }
]