[
  {
    "Plan": {
      "Node Type": "Aggregate",
      "Strategy": "Plain",
      "Partial Mode": "Finalize",
      "Parallel Aware": false,
      "Startup Cost": 342945.16,
      "Total Cost": 342945.17,
      "Plan Rows": 1,
      "Plan Width": 8,
      "Actual Startup Time": 4399.1,
      "Actual Total Time": 4479.54,
      "Actual Rows": 1,
      "Actual Loops": 1,
      "Plans": [
        {
          "Node Type": "Gather",
          "Parent Relationship": "Outer",
          "Parallel Aware": false,
          "Startup Cost": 342944.84,
          "Total Cost": 342945.15,
          "Plan Rows": 3,
          "Plan Width": 8,
          "Actual Startup Time": 4397.163,
          "Actual Total Time": 4479.532,
          "Actual Rows": 4,
          "Actual Loops": 1,
          "Workers Planned": 3,
          "Workers Launched": 3,
          "Single Copy": false,
          "Plans": [
            {
              "Node Type": "Aggregate",
              "Strategy": "Plain",
              "Partial Mode": "Partial",
              "Parent Relationship": "Outer",
              "Parallel Aware": false,
              "Startup Cost": 341944.84,
              "Total Cost": 341944.85,
              "Plan Rows": 1,
              "Plan Width": 8,
              "Actual Startup Time": 4387.061,
              "Actual Total Time": 4387.065,
              "Actual Rows": 1,
              "Actual Loops": 4,
              "Plans": [
                {
                  "Node Type": "Nested Loop",
                  "Parent Relationship": "Outer",
                  "Parallel Aware": false,
                  "Join Type": "Inner",
                  "Startup Cost": 60736.97,
                  "Total Cost": 340806.95,
                  "Plan Rows": 455157,
                  "Plan Width": 0,
                  "Actual Startup Time": 228.604,
                  "Actual Total Time": 4261.058,
                  "Actual Rows": 2931440,
                  "Actual Loops": 4,
                  "Inner Unique": false,
                  "Plans": [
                    {
                      "Node Type": "Hash Join",
                      "Parent Relationship": "Outer",
                      "Parallel Aware": true,
                      "Join Type": "Inner",
                      "Startup Cost": 60736.41,
                      "Total Cost": 88350.03,
                      "Plan Rows": 81917,
                      "Plan Width": 8,
                      "Actual Startup Time": 228.455,
                      "Actual Total Time": 335.888,
                      "Actual Rows": 136134,
                      "Actual Loops": 4,
                      "Inner Unique": true,
                      "Hash Cond": "(mk.movie_id = t.id)",
                      "Plans": [
                        {
                          "Node Type": "Bitmap Heap Scan",
                          "Parent Relationship": "Outer",
                          "Parallel Aware": true,
                          "Relation Name": "movie_keyword",
                          "Alias": "mk",
                          "Startup Cost": 13739.28,
                          "Total Cost": 40804.54,
                          "Plan Rows": 208901,
                          "Plan Width": 4,
                          "Actual Startup Time": 41.8,
                          "Actual Total Time": 90.283,
                          "Actual Rows": 157890,
                          "Actual Loops": 4,
                          "Recheck Cond": "(keyword_id > 29033)",
                          "Rows Removed by Index Recheck": 0,
                          "Exact Heap Blocks": 6146,
                          "Lossy Heap Blocks": 0,
                          "Plans": [
                            {
                              "Node Type": "Bitmap Index Scan",
                              "Parent Relationship": "Outer",
                              "Parallel Aware": false,
                              "Index Name": "keyword_id_movie_keyword",
                              "Startup Cost": 0.0,
                              "Total Cost": 13577.38,
                              "Plan Rows": 647593,
                              "Plan Width": 0,
                              "Actual Startup Time": 38.214,
                              "Actual Total Time": 38.215,
                              "Actual Rows": 631561,
                              "Actual Loops": 1,
                              "Index Cond": "(keyword_id > 29033)"
                            }
                          ]
                        },
                        {
                          "Node Type": "Hash",
                          "Parent Relationship": "Inner",
                          "Parallel Aware": true,
                          "Startup Cost": 43898.92,
                          "Total Cost": 43898.92,
                          "Plan Rows": 247857,
                          "Plan Width": 4,
                          "Actual Startup Time": 181.529,
                          "Actual Total Time": 181.53,
                          "Actual Rows": 246262,
                          "Actual Loops": 4,
                          "Hash Buckets": 1048576,
                          "Original Hash Buckets": 1048576,
                          "Hash Batches": 1,
                          "Original Hash Batches": 1,
                          "Peak Memory Usage": 46784,
                          "Plans": [
                            {
                              "Node Type": "Seq Scan",
                              "Parent Relationship": "Outer",
                              "Parallel Aware": true,
                              "Relation Name": "title",
                              "Alias": "t",
                              "Startup Cost": 0.0,
                              "Total Cost": 43898.92,
                              "Plan Rows": 247857,
                              "Plan Width": 4,
                              "Actual Startup Time": 0.047,
                              "Actual Total Time": 98.248,
                              "Actual Rows": 246262,
                              "Actual Loops": 4,
                              "Filter": "(kind_id < 7)",
                              "Rows Removed by Filter": 385816
                            }
                          ]
                        }
                      ]
                    },
                    {
                      "Node Type": "Index Scan",
                      "Parent Relationship": "Inner",
                      "Parallel Aware": false,
                      "Scan Direction": "Forward",
                      "Index Name": "movie_id_cast_info",
                      "Relation Name": "cast_info",
                      "Alias": "ci",
                      "Startup Cost": 0.56,
                      "Total Cost": 2.94,
                      "Plan Rows": 14,
                      "Plan Width": 4,
                      "Actual Startup Time": 0.016,
                      "Actual Total Time": 0.027,
                      "Actual Rows": 22,
                      "Actual Loops": 544537,
                      "Index Cond": "(movie_id = t.id)",
                      "Rows Removed by Index Recheck": 0,
                      "Filter": "((person_id > 516102) AND (role_id > 2))",
                      "Rows Removed by Filter": 30
                    }
                  ]
                }
              ]
            }
          ]
        }
      ]
    },
    "Planning Time": 1.376,
    "Triggers": [],
    "Execution Time": 4479.665
  }
]