[
  {
    "Plan": {
      "Node Type": "Aggregate",
      "Strategy": "Plain",
      "Partial Mode": "Finalize",
      "Parallel Aware": false,
      "Startup Cost": 269688.94,
      "Total Cost": 269688.95,
      "Plan Rows": 1,
      "Plan Width": 8,
      "Actual Startup Time": 1094.575,
      "Actual Total Time": 1144.705,
      "Actual Rows": 1,
      "Actual Loops": 1,
      "Plans": [
        {
          "Node Type": "Gather",
          "Parent Relationship": "Outer",
          "Parallel Aware": false,
          "Startup Cost": 269688.42,
          "Total Cost": 269688.93,
          "Plan Rows": 5,
          "Plan Width": 8,
          "Actual Startup Time": 1089.874,
          "Actual Total Time": 1144.691,
          "Actual Rows": 6,
          "Actual Loops": 1,
          "Workers Planned": 5,
          "Workers Launched": 5,
          "Single Copy": false,
          "Plans": [
            {
              "Node Type": "Aggregate",
              "Strategy": "Plain",
              "Partial Mode": "Partial",
              "Parent Relationship": "Outer",
              "Parallel Aware": false,
              "Startup Cost": 268688.42,
              "Total Cost": 268688.43,
              "Plan Rows": 1,
              "Plan Width": 8,
              "Actual Startup Time": 1079.277,
              "Actual Total Time": 1079.394,
              "Actual Rows": 1,
              "Actual Loops": 6,
              "Plans": [
                {
                  "Node Type": "Hash Join",
                  "Parent Relationship": "Outer",
                  "Parallel Aware": true,
                  "Join Type": "Inner",
                  "Startup Cost": 63806.43,
                  "Total Cost": 267850.7,
                  "Plan Rows": 335085,
                  "Plan Width": 0,
                  "Actual Startup Time": 226.66,
                  "Actual Total Time": 1005.517,
                  "Actual Rows": 1614080,
                  "Actual Loops": 6,
                  "Inner Unique": false,
                  "Hash Cond": "(mi.movie_id = t.id)",
                  "Plans": [
                    {
                      "Node Type": "Seq Scan",
                      "Parent Relationship": "Outer",
                      "Parallel Aware": true,
                      "Relation Name": "movie_info",
                      "Alias": "mi",
                      "Startup Cost": 0.0,
                      "Total Cost": 191560.33,
                      "Plan Rows": 2956733,
                      "Plan Width": 4,
                      "Actual Startup Time": 0.032,
                      "Actual Total Time": 317.444,
                      "Actual Rows": 2472620,
                      "Actual Loops": 6
                    },
                    {
                      "Node Type": "Hash",
                      "Parent Relationship": "Inner",
                      "Parallel Aware": true,
                      "Startup Cost": 62314.08,
                      "Total Cost": 62314.08,
                      "Plan Rows": 119388,
                      "Plan Width": 8,
                      "Actual Startup Time": 212.101,
                      "Actual Total Time": 212.216,
                      "Actual Rows": 71927,
                      "Actual Loops": 6,
                      "Hash Buckets": 524288,
                      "Original Hash Buckets": 524288,
                      "Hash Batches": 1,
                      "Original Hash Batches": 1,
                      "Peak Memory Usage": 21056,
                      "Plans": [
                        {
                          "Node Type": "Hash Join",
                          "Parent Relationship": "Outer",
                          "Parallel Aware": true,
                          "Join Type": "Inner",
                          "Startup Cost": 47119.52,
                          "Total Cost": 62314.08,
                          "Plan Rows": 119388,
                          "Plan Width": 8,
                          "Actual Startup Time": 148.803,
                          "Actual Total Time": 191.207,
                          "Actual Rows": 71927,
                          "Actual Loops": 6,
                          "Inner Unique": true,
                          "Hash Cond": "(mi_idx.movie_id = t.id)",
                          "Plans": [
                            {
                              "Node Type": "Seq Scan",
                              "Parent Relationship": "Outer",
                              "Parallel Aware": true,
                              "Relation Name": "movie_info_idx",
                              "Alias": "mi_idx",
                              "Startup Cost": 0.0,
                              "Total Cost": 13685.15,
                              "Plan Rows": 575015,
                              "Plan Width": 4,
                              "Actual Startup Time": 0.027,
                              "Actual Total Time": 23.688,
                              "Actual Rows": 230006,
                              "Actual Loops": 6
                            },
                            {
                              "Node Type": "Hash",
                              "Parent Relationship": "Inner",
                              "Parallel Aware": true,
                              "Startup Cost": 45479.1,
                              "Total Cost": 45479.1,
                              "Plan Rows": 131234,
                              "Plan Width": 4,
                              "Actual Startup Time": 125.052,
                              "Actual Total Time": 125.053,
                              "Actual Rows": 66560,
                              "Actual Loops": 6,
                              "Hash Buckets": 1048576,
                              "Original Hash Buckets": 1048576,
                              "Hash Batches": 1,
                              "Original Hash Batches": 1,
                              "Peak Memory Usage": 23936,
                              "Plans": [
                                {
                                  "Node Type": "Seq Scan",
                                  "Parent Relationship": "Outer",
                                  "Parallel Aware": true,
                                  "Relation Name": "title",
                                  "Alias": "t",
                                  "Startup Cost": 0.0,
                                  "Total Cost": 45479.1,
                                  "Plan Rows": 131234,
                                  "Plan Width": 4,
                                  "Actual Startup Time": 46.995,
                                  "Actual Total Time": 89.485,
                                  "Actual Rows": 66560,
                                  "Actual Loops": 6,
                                  "Filter": "((kind_id < 2) AND (production_year > 1976))",
                                  "Rows Removed by Filter": 354825
                                }
                              ]
                            }
                          ]
                        }
                      ]
                    }
                  ]
                }
              ]
            }
          ]
        }
      ]
    },
    "Planning Time": 1.406,
    "Triggers": [],
    "Execution Time": 1144.804
  }
]