[
  {
    "Plan": {
      "Node Type": "Aggregate",
      "Strategy": "Plain",
      "Partial Mode": "Finalize",
      "Parallel Aware": false,
      "Startup Cost": 110283.82,
      "Total Cost": 110283.83,
      "Plan Rows": 1,
      "Plan Width": 8,
      "Actual Startup Time": 642.522,
      "Actual Total Time": 704.026,
      "Actual Rows": 1,
      "Actual Loops": 1,
      "Plans": [
        {
          "Node Type": "Gather",
          "Parent Relationship": "Outer",
          "Parallel Aware": false,
          "Startup Cost": 110283.4,
          "Total Cost": 110283.81,
          "Plan Rows": 4,
          "Plan Width": 8,
          "Actual Startup Time": 640.716,
          "Actual Total Time": 704.015,
          "Actual Rows": 5,
          "Actual Loops": 1,
          "Workers Planned": 4,
          "Workers Launched": 4,
          "Single Copy": false,
          "Plans": [
            {
              "Node Type": "Aggregate",
              "Strategy": "Plain",
              "Partial Mode": "Partial",
              "Parent Relationship": "Outer",
              "Parallel Aware": false,
              "Startup Cost": 109283.4,
              "Total Cost": 109283.41,
              "Plan Rows": 1,
              "Plan Width": 8,
              "Actual Startup Time": 630.324,
              "Actual Total Time": 630.33,
              "Actual Rows": 1,
              "Actual Loops": 5,
              "Plans": [
                {
                  "Node Type": "Nested Loop",
                  "Parent Relationship": "Outer",
                  "Parallel Aware": false,
                  "Join Type": "Inner",
                  "Startup Cost": 27153.74,
                  "Total Cost": 108942.47,
                  "Plan Rows": 136373,
                  "Plan Width": 0,
                  "Actual Startup Time": 138.273,
                  "Actual Total Time": 614.745,
                  "Actual Rows": 286911,
                  "Actual Loops": 5,
                  "Inner Unique": false,
                  "Plans": [
                    {
                      "Node Type": "Hash Join",
                      "Parent Relationship": "Outer",
                      "Parallel Aware": true,
                      "Join Type": "Inner",
                      "Startup Cost": 27153.17,
                      "Total Cost": 71911.86,
                      "Plan Rows": 9517,
                      "Plan Width": 8,
                      "Actual Startup Time": 138.156,
                      "Actual Total Time": 205.12,
                      "Actual Rows": 4435,
                      "Actual Loops": 5,
                      "Inner Unique": false,
                      "Hash Cond": "(t.id = mc.movie_id)",
                      "Plans": [
                        {
                          "Node Type": "Seq Scan",
                          "Parent Relationship": "Outer",
                          "Parallel Aware": true,
                          "Relation Name": "title",
                          "Alias": "t",
                          "Startup Cost": 0.0,
                          "Total Cost": 43898.92,
                          "Plan Rows": 165814,
                          "Plan Width": 4,
                          "Actual Startup Time": 30.234,
                          "Actual Total Time": 68.776,
                          "Actual Rows": 132565,
                          "Actual Loops": 5,
                          "Filter": "(kind_id = 1)",
                          "Rows Removed by Filter": 373097
                        },
                        {
                          "Node Type": "Hash",
                          "Parent Relationship": "Inner",
                          "Parallel Aware": true,
                          "Startup Cost": 26568.04,
                          "Total Cost": 26568.04,
                          "Plan Rows": 46811,
                          "Plan Width": 4,
                          "Actual Startup Time": 93.635,
                          "Actual Total Time": 93.639,
                          "Actual Rows": 44877,
                          "Actual Loops": 5,
                          "Hash Buckets": 262144,
                          "Original Hash Buckets": 262144,
                          "Hash Batches": 1,
                          "Original Hash Batches": 1,
                          "Peak Memory Usage": 10912,
                          "Plans": [
                            {
                              "Node Type": "Bitmap Heap Scan",
                              "Parent Relationship": "Outer",
                              "Parallel Aware": true,
                              "Relation Name": "movie_companies",
                              "Alias": "mc",
                              "Startup Cost": 6351.63,
                              "Total Cost": 26568.04,
                              "Plan Rows": 46811,
                              "Plan Width": 4,
                              "Actual Startup Time": 25.642,
                              "Actual Total Time": 72.369,
                              "Actual Rows": 44877,
                              "Actual Loops": 5,
                              "Recheck Cond": "(company_id < 160)",
                              "Rows Removed by Index Recheck": 0,
                              "Filter": "(company_type_id = 1)",
                              "Rows Removed by Filter": 13699,
                              "Exact Heap Blocks": 6960,
                              "Lossy Heap Blocks": 0,
                              "Plans": [
                                {
                                  "Node Type": "Bitmap Index Scan",
                                  "Parent Relationship": "Outer",
                                  "Parallel Aware": false,
                                  "Index Name": "company_id_movie_companies",
                                  "Startup Cost": 0.0,
                                  "Total Cost": 6315.35,
                                  "Plan Rows": 294790,
                                  "Plan Width": 0,
                                  "Actual Startup Time": 25.298,
                                  "Actual Total Time": 25.299,
                                  "Actual Rows": 292877,
                                  "Actual Loops": 1,
                                  "Index Cond": "(company_id < 160)"
                                }
                              ]
                            }
                          ]
                        }
                      ]
                    },
                    {
                      "Node Type": "Index Only Scan",
                      "Parent Relationship": "Inner",
                      "Parallel Aware": false,
                      "Scan Direction": "Forward",
                      "Index Name": "movie_id_cast_info",
                      "Relation Name": "cast_info",
                      "Alias": "ci",
                      "Startup Cost": 0.56,
                      "Total Cost": 3.52,
                      "Plan Rows": 37,
                      "Plan Width": 4,
                      "Actual Startup Time": 0.01,
                      "Actual Total Time": 0.087,
                      "Actual Rows": 65,
                      "Actual Loops": 22173,
                      "Index Cond": "(movie_id = t.id)",
                      "Rows Removed by Index Recheck": 0,
                      "Heap Fetches": 1434557
                    }
                  ]
                }
              ]
            }
          ]
        }
      ]
    },
    "Planning Time": 1.305,
    "Triggers": [],
    "Execution Time": 704.184
  }
]