{
  "Plan": {
    "Node Type": "Aggregate",
    "Strategy": "Plain",
    "Partial Mode": "Finalize",
    "Parallel Aware": false,
    "Startup Cost": 115230.86,
    "Total Cost": 115230.87,
    "Plan Rows": 1,
    "Plan Width": 8,
    "Actual Startup Time": 509.449,
    "Actual Total Time": 526.83,
    "Actual Rows": 1,
    "Actual Loops": 1,
    "Plans": [
      {
        "Node Type": "Gather",
        "Parent Relationship": "Outer",
        "Parallel Aware": false,
        "Startup Cost": 115230.75,
        "Total Cost": 115230.86,
        "Plan Rows": 1,
        "Plan Width": 8,
        "Actual Startup Time": 508.827,
        "Actual Total Time": 526.824,
        "Actual Rows": 2,
        "Actual Loops": 1,
        "Workers Planned": 1,
        "Workers Launched": 1,
        "Single Copy": false,
        "Plans": [
          {
            "Node Type": "Aggregate",
            "Strategy": "Plain",
            "Partial Mode": "Partial",
            "Parent Relationship": "Outer",
            "Parallel Aware": false,
            "Startup Cost": 114230.75,
            "Total Cost": 114230.76,
            "Plan Rows": 1,
            "Plan Width": 8,
            "Actual Startup Time": 503.114,
            "Actual Total Time": 503.117,
            "Actual Rows": 1,
            "Actual Loops": 2,
            "Plans": [
              {
                "Node Type": "Hash Join",
                "Parent Relationship": "Outer",
                "Parallel Aware": true,
                "Join Type": "Inner",
                "Startup Cost": 55760.46,
                "Total Cost": 113811.31,
                "Plan Rows": 167777,
                "Plan Width": 0,
                "Actual Startup Time": 159.458,
                "Actual Total Time": 492.778,
                "Actual Rows": 259148,
                "Actual Loops": 2,
                "Inner Unique": true,
                "Hash Cond": "(mk.movie_id = t.id)",
                "Plans": [
                  {
                    "Node Type": "Seq Scan",
                    "Parent Relationship": "Outer",
                    "Parallel Aware": true,
                    "Relation Name": "movie_keyword",
                    "Alias": "mk",
                    "Startup Cost": 0.0,
                    "Total Cost": 51065.35,
                    "Plan Rows": 2661135,
                    "Plan Width": 4,
                    "Actual Startup Time": 0.01,
                    "Actual Total Time": 150.611,
                    "Actual Rows": 2261965,
                    "Actual Loops": 2
                  },
                  {
                    "Node Type": "Hash",
                    "Parent Relationship": "Inner",
                    "Parallel Aware": true,
                    "Startup Cost": 54588.39,
                    "Total Cost": 54588.39,
                    "Plan Rows": 93766,
                    "Plan Width": 4,
                    "Actual Startup Time": 155.075,
                    "Actual Total Time": 155.076,
                    "Actual Rows": 82092,
                    "Actual Loops": 2,
                    "Hash Buckets": 262144,
                    "Original Hash Buckets": 262144,
                    "Hash Batches": 1,
                    "Original Hash Batches": 1,
                    "Peak Memory Usage": 8480,
                    "Plans": [
                      {
                        "Node Type": "Seq Scan",
                        "Parent Relationship": "Outer",
                        "Parallel Aware": true,
                        "Relation Name": "title",
                        "Alias": "t",
                        "Startup Cost": 0.0,
                        "Total Cost": 54588.39,
                        "Plan Rows": 93766,
                        "Plan Width": 4,
                        "Actual Startup Time": 1.257,
                        "Actual Total Time": 136.513,
                        "Actual Rows": 82092,
                        "Actual Loops": 2,
                        "Filter": "(production_year < 1950)",
                        "Rows Removed by Filter": 1182064
                      }
                    ]
                  }
                ]
              }
            ]
          }
        ]
      }
    ]
  },
  "Planning Time": 0.409,
  "Triggers": [],
  "Execution Time": 526.898
}