[
  {
    "Plan": {
      "Node Type": "Aggregate",
      "Strategy": "Plain",
      "Partial Mode": "Finalize",
      "Parallel Aware": false,
      "Startup Cost": 347799.13,
      "Total Cost": 347799.14,
      "Plan Rows": 1,
      "Plan Width": 8,
      "Actual Startup Time": 733.864,
      "Actual Total Time": 762.593,
      "Actual Rows": 1,
      "Actual Loops": 1,
      "Plans": [
        {
          "Node Type": "Gather",
          "Parent Relationship": "Outer",
          "Parallel Aware": false,
          "Startup Cost": 347798.51,
          "Total Cost": 347799.11,
          "Plan Rows": 6,
          "Plan Width": 8,
          "Actual Startup Time": 733.783,
          "Actual Total Time": 762.586,
          "Actual Rows": 7,
          "Actual Loops": 1,
          "Workers Planned": 6,
          "Workers Launched": 6,
          "Single Copy": false,
          "Plans": [
            {
              "Node Type": "Aggregate",
              "Strategy": "Plain",
              "Partial Mode": "Partial",
              "Parent Relationship": "Outer",
              "Parallel Aware": false,
              "Startup Cost": 346798.51,
              "Total Cost": 346798.52,
              "Plan Rows": 1,
              "Plan Width": 8,
              "Actual Startup Time": 729.117,
              "Actual Total Time": 729.118,
              "Actual Rows": 1,
              "Actual Loops": 7,
              "Plans": [
                {
                  "Node Type": "Seq Scan",
                  "Parent Relationship": "Outer",
                  "Parallel Aware": true,
                  "Relation Name": "cast_info",
                  "Alias": "ci",
                  "Startup Cost": 0.0,
                  "Total Cost": 343318.94,
                  "Plan Rows": 1391826,
                  "Plan Width": 0,
                  "Actual Startup Time": 280.391,
                  "Actual Total Time": 637.621,
                  "Actual Rows": 1860070,
                  "Actual Loops": 7,
                  "Filter": "((person_id > 2374516) AND (role_id > 1))",
                  "Rows Removed by Filter": 3317693
                }
              ]
            }
          ]
        }
      ]
    },
    "Planning Time": 0.118,
    "Triggers": [],
    "Execution Time": 762.633
  }
]