[
    {
        "Bao": {
            "Bao prediction": "NaN",
            "Bao recommended hint": "(no hint)"
        }
    },
    {
        "Plan": {
            "Node Type": "Aggregate",
            "Strategy": "Plain",
            "Partial Mode": "Finalize",
            "Parallel Aware": false,
            "Startup Cost": 281621.68,
            "Total Cost": 281621.69,
            "Plan Rows": 1,
            "Plan Width": 8,
            "Actual Startup Time": 129.755,
            "Actual Total Time": 133.445,
            "Actual Rows": 1,
            "Actual Loops": 1,
            "Output": [
                "count(*)"
            ],
            "Plans": [
                {
                    "Node Type": "Gather",
                    "Parent Relationship": "Outer",
                    "Parallel Aware": false,
                    "Startup Cost": 281621.06,
                    "Total Cost": 281621.67,
                    "Plan Rows": 6,
                    "Plan Width": 8,
                    "Actual Startup Time": 129.425,
                    "Actual Total Time": 133.438,
                    "Actual Rows": 7,
                    "Actual Loops": 1,
                    "Output": [
                        "(PARTIAL count(*))"
                    ],
                    "Workers Planned": 6,
                    "Workers Launched": 6,
                    "Single Copy": false,
                    "Plans": [
                        {
                            "Node Type": "Aggregate",
                            "Strategy": "Plain",
                            "Partial Mode": "Partial",
                            "Parent Relationship": "Outer",
                            "Parallel Aware": false,
                            "Startup Cost": 280621.06,
                            "Total Cost": 280621.07,
                            "Plan Rows": 1,
                            "Plan Width": 8,
                            "Actual Startup Time": 119.194,
                            "Actual Total Time": 119.196,
                            "Actual Rows": 1,
                            "Actual Loops": 7,
                            "Output": [
                                "PARTIAL count(*)"
                            ],
                            "Workers": [
                                {
                                    "Worker Number": 0,
                                    "Actual Startup Time": 116.653,
                                    "Actual Total Time": 116.654,
                                    "Actual Rows": 1,
                                    "Actual Loops": 1
                                },
                                {
                                    "Worker Number": 1,
                                    "Actual Startup Time": 117.307,
                                    "Actual Total Time": 117.309,
                                    "Actual Rows": 1,
                                    "Actual Loops": 1
                                },
                                {
                                    "Worker Number": 2,
                                    "Actual Startup Time": 117.522,
                                    "Actual Total Time": 117.523,
                                    "Actual Rows": 1,
                                    "Actual Loops": 1
                                },
                                {
                                    "Worker Number": 3,
                                    "Actual Startup Time": 117.524,
                                    "Actual Total Time": 117.525,
                                    "Actual Rows": 1,
                                    "Actual Loops": 1
                                },
                                {
                                    "Worker Number": 4,
                                    "Actual Startup Time": 118.062,
                                    "Actual Total Time": 118.063,
                                    "Actual Rows": 1,
                                    "Actual Loops": 1
                                },
                                {
                                    "Worker Number": 5,
                                    "Actual Startup Time": 118.185,
                                    "Actual Total Time": 118.187,
                                    "Actual Rows": 1,
                                    "Actual Loops": 1
                                }
                            ],
                            "Plans": [
                                {
                                    "Node Type": "Bitmap Heap Scan",
                                    "Parent Relationship": "Outer",
                                    "Parallel Aware": true,
                                    "Relation Name": "cast_info",
                                    "Schema": "public",
                                    "Alias": "ci",
                                    "Startup Cost": 25092.72,
                                    "Total Cost": 280147.5,
                                    "Plan Rows": 189423,
                                    "Plan Width": 0,
                                    "Actual Startup Time": 61.66,
                                    "Actual Total Time": 107.522,
                                    "Actual Rows": 165549,
                                    "Actual Loops": 7,
                                    "Recheck Cond": "(ci.person_id < 118220)",
                                    "Rows Removed by Index Recheck": 0,
                                    "Exact Heap Blocks": 3470,
                                    "Lossy Heap Blocks": 0,
                                    "Workers": [
                                        {
                                            "Worker Number": 0,
                                            "Actual Startup Time": 59.235,
                                            "Actual Total Time": 105.454,
                                            "Actual Rows": 133555,
                                            "Actual Loops": 1
                                        },
                                        {
                                            "Worker Number": 1,
                                            "Actual Startup Time": 59.718,
                                            "Actual Total Time": 106.001,
                                            "Actual Rows": 113130,
                                            "Actual Loops": 1
                                        },
                                        {
                                            "Worker Number": 2,
                                            "Actual Startup Time": 59.885,
                                            "Actual Total Time": 106.333,
                                            "Actual Rows": 141321,
                                            "Actual Loops": 1
                                        },
                                        {
                                            "Worker Number": 3,
                                            "Actual Startup Time": 60.266,
                                            "Actual Total Time": 106.406,
                                            "Actual Rows": 139947,
                                            "Actual Loops": 1
                                        },
                                        {
                                            "Worker Number": 4,
                                            "Actual Startup Time": 60.82,
                                            "Actual Total Time": 106.99,
                                            "Actual Rows": 132734,
                                            "Actual Loops": 1
                                        },
                                        {
                                            "Worker Number": 5,
                                            "Actual Startup Time": 60.597,
                                            "Actual Total Time": 107.177,
                                            "Actual Rows": 132218,
                                            "Actual Loops": 1
                                        }
                                    ],
                                    "Plans": [
                                        {
                                            "Node Type": "Bitmap Index Scan",
                                            "Parent Relationship": "Outer",
                                            "Parallel Aware": false,
                                            "Index Name": "person_id_cast_info",
                                            "Startup Cost": 0.0,
                                            "Total Cost": 24808.58,
                                            "Plan Rows": 1136536,
                                            "Plan Width": 0,
                                            "Actual Startup Time": 69.42,
                                            "Actual Total Time": 69.421,
                                            "Actual Rows": 1158846,
                                            "Actual Loops": 1,
                                            "Index Cond": "(ci.person_id < 118220)"
                                        }
                                    ]
                                }
                            ]
                        }
                    ]
                }
            ]
        },
        "Planning Time": 186.552,
        "Triggers": [],
        "Execution Time": 133.491
    }
]