[
  {
    "Plan": {
      "Node Type": "Aggregate",
      "Strategy": "Plain",
      "Partial Mode": "Finalize",
      "Parallel Aware": false,
      "Startup Cost": 75557.02,
      "Total Cost": 75557.03,
      "Plan Rows": 1,
      "Plan Width": 8,
      "Actual Startup Time": 177.302,
      "Actual Total Time": 190.981,
      "Actual Rows": 1,
      "Actual Loops": 1,
      "Plans": [
        {
          "Node Type": "Gather",
          "Parent Relationship": "Outer",
          "Parallel Aware": false,
          "Startup Cost": 75556.71,
          "Total Cost": 75557.02,
          "Plan Rows": 3,
          "Plan Width": 8,
          "Actual Startup Time": 176.916,
          "Actual Total Time": 190.967,
          "Actual Rows": 4,
          "Actual Loops": 1,
          "Workers Planned": 3,
          "Workers Launched": 3,
          "Single Copy": false,
          "Plans": [
            {
              "Node Type": "Aggregate",
              "Strategy": "Plain",
              "Partial Mode": "Partial",
              "Parent Relationship": "Outer",
              "Parallel Aware": false,
              "Startup Cost": 74556.71,
              "Total Cost": 74556.72,
              "Plan Rows": 1,
              "Plan Width": 8,
              "Actual Startup Time": 168.064,
              "Actual Total Time": 168.067,
              "Actual Rows": 1,
              "Actual Loops": 4,
              "Plans": [
                {
                  "Node Type": "Hash Join",
                  "Parent Relationship": "Outer",
                  "Parallel Aware": true,
                  "Join Type": "Inner",
                  "Startup Cost": 53469.43,
                  "Total Cost": 74552.31,
                  "Plan Rows": 1758,
                  "Plan Width": 0,
                  "Actual Startup Time": 124.032,
                  "Actual Total Time": 167.88,
                  "Actual Rows": 2424,
                  "Actual Loops": 4,
                  "Inner Unique": true,
                  "Hash Cond": "(mc.movie_id = t.id)",
                  "Plans": [
                    {
                      "Node Type": "Bitmap Heap Scan",
                      "Parent Relationship": "Outer",
                      "Parallel Aware": true,
                      "Relation Name": "movie_companies",
                      "Alias": "mc",
                      "Startup Cost": 9375.63,
                      "Total Cost": 30271.4,
                      "Plan Rows": 71278,
                      "Plan Width": 4,
                      "Actual Startup Time": 23.664,
                      "Actual Total Time": 51.229,
                      "Actual Rows": 110846,
                      "Actual Loops": 4,
                      "Recheck Cond": "(company_id > 77897)",
                      "Rows Removed by Index Recheck": 0,
                      "Filter": "(company_type_id > 1)",
                      "Rows Removed by Filter": 0,
                      "Exact Heap Blocks": 2354,
                      "Lossy Heap Blocks": 0,
                      "Plans": [
                        {
                          "Node Type": "Bitmap Index Scan",
                          "Parent Relationship": "Outer",
                          "Parallel Aware": false,
                          "Index Name": "company_id_movie_companies",
                          "Startup Cost": 0.0,
                          "Total Cost": 9320.39,
                          "Plan Rows": 435194,
                          "Plan Width": 0,
                          "Actual Startup Time": 22.71,
                          "Actual Total Time": 22.71,
                          "Actual Rows": 443383,
                          "Actual Loops": 1,
                          "Index Cond": "(company_id > 77897)"
                        }
                      ]
                    },
                    {
                      "Node Type": "Hash",
                      "Parent Relationship": "Inner",
                      "Parallel Aware": true,
                      "Startup Cost": 43898.92,
                      "Total Cost": 43898.92,
                      "Plan Rows": 15591,
                      "Plan Width": 4,
                      "Actual Startup Time": 98.83,
                      "Actual Total Time": 98.83,
                      "Actual Rows": 15642,
                      "Actual Loops": 4,
                      "Hash Buckets": 65536,
                      "Original Hash Buckets": 65536,
                      "Hash Batches": 1,
                      "Original Hash Batches": 1,
                      "Peak Memory Usage": 3008,
                      "Plans": [
                        {
                          "Node Type": "Seq Scan",
                          "Parent Relationship": "Outer",
                          "Parallel Aware": true,
                          "Relation Name": "title",
                          "Alias": "t",
                          "Startup Cost": 0.0,
                          "Total Cost": 43898.92,
                          "Plan Rows": 15591,
                          "Plan Width": 4,
                          "Actual Startup Time": 0.039,
                          "Actual Total Time": 91.802,
                          "Actual Rows": 15642,
                          "Actual Loops": 4,
                          "Filter": "(production_year = 2002)",
                          "Rows Removed by Filter": 616436
                        }
                      ]
                    }
                  ]
                }
              ]
            }
          ]
        }
      ]
    },
    "Planning Time": 0.66,
    "Triggers": [],
    "Execution Time": 191.081
  }
]