[
  {
    "Plan": {
      "Node Type": "Aggregate",
      "Strategy": "Plain",
      "Partial Mode": "Finalize",
      "Parallel Aware": false,
      "Startup Cost": 353714.19,
      "Total Cost": 353714.2,
      "Plan Rows": 1,
      "Plan Width": 8,
      "Actual Startup Time": 896.089,
      "Actual Total Time": 954.488,
      "Actual Rows": 1,
      "Actual Loops": 1,
      "Plans": [
        {
          "Node Type": "Gather",
          "Parent Relationship": "Outer",
          "Parallel Aware": false,
          "Startup Cost": 353713.56,
          "Total Cost": 353714.17,
          "Plan Rows": 6,
          "Plan Width": 8,
          "Actual Startup Time": 895.987,
          "Actual Total Time": 954.477,
          "Actual Rows": 7,
          "Actual Loops": 1,
          "Workers Planned": 6,
          "Workers Launched": 6,
          "Single Copy": false,
          "Plans": [
            {
              "Node Type": "Aggregate",
              "Strategy": "Plain",
              "Partial Mode": "Partial",
              "Parent Relationship": "Outer",
              "Parallel Aware": false,
              "Startup Cost": 352713.56,
              "Total Cost": 352713.57,
              "Plan Rows": 1,
              "Plan Width": 8,
              "Actual Startup Time": 888.558,
              "Actual Total Time": 888.559,
              "Actual Rows": 1,
              "Actual Loops": 7,
              "Plans": [
                {
                  "Node Type": "Seq Scan",
                  "Parent Relationship": "Outer",
                  "Parallel Aware": true,
                  "Relation Name": "cast_info",
                  "Alias": "ci",
                  "Startup Cost": 0.0,
                  "Total Cost": 343257.03,
                  "Plan Rows": 3782613,
                  "Plan Width": 0,
                  "Actual Startup Time": 0.042,
                  "Actual Total Time": 726.484,
                  "Actual Rows": 3581977,
                  "Actual Loops": 7,
                  "Filter": "((person_id < 2708429) AND (role_id < 10))",
                  "Rows Removed by Filter": 1595787
                }
              ]
            }
          ]
        }
      ]
    },
    "Planning Time": 0.119,
    "Triggers": [],
    "Execution Time": 954.538
  }
]