[
  {
    "Plan": {
      "Node Type": "Aggregate",
      "Strategy": "Plain",
      "Partial Mode": "Finalize",
      "Parallel Aware": false,
      "Startup Cost": 741652.95,
      "Total Cost": 741652.96,
      "Plan Rows": 1,
      "Plan Width": 8,
      "Actual Startup Time": 15017.257,
      "Actual Total Time": 15112.925,
      "Actual Rows": 1,
      "Actual Loops": 1,
      "Plans": [
        {
          "Node Type": "Gather",
          "Parent Relationship": "Outer",
          "Parallel Aware": false,
          "Startup Cost": 741652.33,
          "Total Cost": 741652.94,
          "Plan Rows": 6,
          "Plan Width": 8,
          "Actual Startup Time": 14936.767,
          "Actual Total Time": 15112.902,
          "Actual Rows": 7,
          "Actual Loops": 1,
          "Workers Planned": 6,
          "Workers Launched": 6,
          "Single Copy": false,
          "Plans": [
            {
              "Node Type": "Aggregate",
              "Strategy": "Plain",
              "Partial Mode": "Partial",
              "Parent Relationship": "Outer",
              "Parallel Aware": false,
              "Startup Cost": 740652.33,
              "Total Cost": 740652.34,
              "Plan Rows": 1,
              "Plan Width": 8,
              "Actual Startup Time": 14881.305,
              "Actual Total Time": 14881.314,
              "Actual Rows": 1,
              "Actual Loops": 7,
              "Plans": [
                {
                  "Node Type": "Hash Join",
                  "Parent Relationship": "Outer",
                  "Parallel Aware": true,
                  "Join Type": "Inner",
                  "Startup Cost": 277242.76,
                  "Total Cost": 673933.82,
                  "Plan Rows": 26687401,
                  "Plan Width": 0,
                  "Actual Startup Time": 2503.136,
                  "Actual Total Time": 12592.245,
                  "Actual Rows": 51605890,
                  "Actual Loops": 7,
                  "Inner Unique": false,
                  "Hash Cond": "(ci.movie_id = t.id)",
                  "Plans": [
                    {
                      "Node Type": "Seq Scan",
                      "Parent Relationship": "Outer",
                      "Parallel Aware": true,
                      "Relation Name": "cast_info",
                      "Alias": "ci",
                      "Startup Cost": 0.0,
                      "Total Cost": 313106.51,
                      "Plan Rows": 6041951,
                      "Plan Width": 4,
                      "Actual Startup Time": 0.04,
                      "Actual Total Time": 603.161,
                      "Actual Rows": 5177763,
                      "Actual Loops": 7
                    },
                    {
                      "Node Type": "Hash",
                      "Parent Relationship": "Inner",
                      "Parallel Aware": true,
                      "Startup Cost": 249322.55,
                      "Total Cost": 249322.55,
                      "Plan Rows": 2233617,
                      "Plan Width": 8,
                      "Actual Startup Time": 2480.193,
                      "Actual Total Time": 2480.197,
                      "Actual Rows": 1426696,
                      "Actual Loops": 7,
                      "Hash Buckets": 16777216,
                      "Original Hash Buckets": 16777216,
                      "Hash Batches": 1,
                      "Original Hash Batches": 1,
                      "Peak Memory Usage": 521856,
                      "Plans": [
                        {
                          "Node Type": "Hash Join",
                          "Parent Relationship": "Outer",
                          "Parallel Aware": true,
                          "Join Type": "Inner",
                          "Startup Cost": 49843.15,
                          "Total Cost": 249322.55,
                          "Plan Rows": 2233617,
                          "Plan Width": 8,
                          "Actual Startup Time": 250.972,
                          "Actual Total Time": 1540.183,
                          "Actual Rows": 1426696,
                          "Actual Loops": 7,
                          "Inner Unique": true,
                          "Hash Cond": "(mi.movie_id = t.id)",
                          "Plans": [
                            {
                              "Node Type": "Seq Scan",
                              "Parent Relationship": "Outer",
                              "Parallel Aware": true,
                              "Relation Name": "movie_info",
                              "Alias": "mi",
                              "Startup Cost": 0.0,
                              "Total Cost": 191685.19,
                              "Plan Rows": 2969219,
                              "Plan Width": 4,
                              "Actual Startup Time": 0.042,
                              "Actual Total Time": 379.578,
                              "Actual Rows": 2119389,
                              "Actual Loops": 7
                            },
                            {
                              "Node Type": "Hash",
                              "Parent Relationship": "Inner",
                              "Parallel Aware": true,
                              "Startup Cost": 43899.32,
                              "Total Cost": 43899.32,
                              "Plan Rows": 475506,
                              "Plan Width": 4,
                              "Actual Startup Time": 248.145,
                              "Actual Total Time": 248.146,
                              "Actual Rows": 269681,
                              "Actual Loops": 7,
                              "Hash Buckets": 2097152,
                              "Original Hash Buckets": 2097152,
                              "Hash Batches": 1,
                              "Original Hash Batches": 1,
                              "Peak Memory Usage": 90336,
                              "Plans": [
                                {
                                  "Node Type": "Seq Scan",
                                  "Parent Relationship": "Outer",
                                  "Parallel Aware": true,
                                  "Relation Name": "title",
                                  "Alias": "t",
                                  "Startup Cost": 0.0,
                                  "Total Cost": 43899.32,
                                  "Plan Rows": 475506,
                                  "Plan Width": 4,
                                  "Actual Startup Time": 0.074,
                                  "Actual Total Time": 99.175,
                                  "Actual Rows": 269681,
                                  "Actual Loops": 7,
                                  "Filter": "(production_year > 1983)",
                                  "Rows Removed by Filter": 91506
                                }
                              ]
                            }
                          ]
                        }
                      ]
                    }
                  ]
                }
              ]
            }
          ]
        }
      ]
    },
    "Planning Time": 1.232,
    "Triggers": [],
    "Execution Time": 15113.016
  }
]