[
  {
    "Plan": {
      "Node Type": "Aggregate",
      "Strategy": "Plain",
      "Partial Mode": "Finalize",
      "Parallel Aware": false,
      "Startup Cost": 157181.42,
      "Total Cost": 157181.43,
      "Plan Rows": 1,
      "Plan Width": 8,
      "Actual Startup Time": 991.971,
      "Actual Total Time": 1075.482,
      "Actual Rows": 1,
      "Actual Loops": 1,
      "Plans": [
        {
          "Node Type": "Gather",
          "Parent Relationship": "Outer",
          "Parallel Aware": false,
          "Startup Cost": 157181.11,
          "Total Cost": 157181.42,
          "Plan Rows": 3,
          "Plan Width": 8,
          "Actual Startup Time": 970.425,
          "Actual Total Time": 1075.471,
          "Actual Rows": 4,
          "Actual Loops": 1,
          "Workers Planned": 3,
          "Workers Launched": 3,
          "Single Copy": false,
          "Plans": [
            {
              "Node Type": "Aggregate",
              "Strategy": "Plain",
              "Partial Mode": "Partial",
              "Parent Relationship": "Outer",
              "Parallel Aware": false,
              "Startup Cost": 156181.11,
              "Total Cost": 156181.12,
              "Plan Rows": 1,
              "Plan Width": 8,
              "Actual Startup Time": 949.475,
              "Actual Total Time": 949.479,
              "Actual Rows": 1,
              "Actual Loops": 4,
              "Plans": [
                {
                  "Node Type": "Nested Loop",
                  "Parent Relationship": "Outer",
                  "Parallel Aware": false,
                  "Join Type": "Inner",
                  "Startup Cost": 55107.2,
                  "Total Cost": 154841.0,
                  "Plan Rows": 536044,
                  "Plan Width": 0,
                  "Actual Startup Time": 411.386,
                  "Actual Total Time": 932.184,
                  "Actual Rows": 276247,
                  "Actual Loops": 4,
                  "Inner Unique": false,
                  "Plans": [
                    {
                      "Node Type": "Hash Join",
                      "Parent Relationship": "Outer",
                      "Parallel Aware": true,
                      "Join Type": "Inner",
                      "Startup Cost": 55106.64,
                      "Total Cost": 75092.1,
                      "Plan Rows": 37387,
                      "Plan Width": 8,
                      "Actual Startup Time": 411.237,
                      "Actual Total Time": 440.581,
                      "Actual Rows": 12756,
                      "Actual Loops": 4,
                      "Inner Unique": true,
                      "Hash Cond": "(mc.movie_id = t.id)",
                      "Plans": [
                        {
                          "Node Type": "Bitmap Heap Scan",
                          "Parent Relationship": "Outer",
                          "Parallel Aware": true,
                          "Relation Name": "movie_companies",
                          "Alias": "mc",
                          "Startup Cost": 4886.26,
                          "Total Cost": 24773.58,
                          "Plan Rows": 37387,
                          "Plan Width": 4,
                          "Actual Startup Time": 33.409,
                          "Actual Total Time": 43.581,
                          "Actual Rows": 12756,
                          "Actual Loops": 4,
                          "Recheck Cond": "(company_id < 78)",
                          "Rows Removed by Index Recheck": 0,
                          "Filter": "(company_type_id > 1)",
                          "Rows Removed by Filter": 42831,
                          "Exact Heap Blocks": 7000,
                          "Lossy Heap Blocks": 0,
                          "Plans": [
                            {
                              "Node Type": "Bitmap Index Scan",
                              "Parent Relationship": "Outer",
                              "Parallel Aware": false,
                              "Index Name": "company_id_movie_companies",
                              "Startup Cost": 0.0,
                              "Total Cost": 4857.28,
                              "Plan Rows": 226780,
                              "Plan Width": 0,
                              "Actual Startup Time": 10.036,
                              "Actual Total Time": 10.036,
                              "Actual Rows": 222351,
                              "Actual Loops": 1,
                              "Index Cond": "(company_id < 78)"
                            }
                          ]
                        },
                        {
                          "Node Type": "Hash",
                          "Parent Relationship": "Inner",
                          "Parallel Aware": true,
                          "Startup Cost": 42319.06,
                          "Total Cost": 42319.06,
                          "Plan Rows": 632106,
                          "Plan Width": 4,
                          "Actual Startup Time": 366.481,
                          "Actual Total Time": 366.482,
                          "Actual Rows": 632078,
                          "Actual Loops": 4,
                          "Hash Buckets": 4194304,
                          "Original Hash Buckets": 4194304,
                          "Hash Batches": 1,
                          "Original Hash Batches": 1,
                          "Peak Memory Usage": 131712,
                          "Plans": [
                            {
                              "Node Type": "Seq Scan",
                              "Parent Relationship": "Outer",
                              "Parallel Aware": true,
                              "Relation Name": "title",
                              "Alias": "t",
                              "Startup Cost": 0.0,
                              "Total Cost": 42319.06,
                              "Plan Rows": 632106,
                              "Plan Width": 4,
                              "Actual Startup Time": 0.043,
                              "Actual Total Time": 107.04,
                              "Actual Rows": 632078,
                              "Actual Loops": 4
                            }
                          ]
                        }
                      ]
                    },
                    {
                      "Node Type": "Index Only Scan",
                      "Parent Relationship": "Inner",
                      "Parallel Aware": false,
                      "Scan Direction": "Forward",
                      "Index Name": "movie_id_cast_info",
                      "Relation Name": "cast_info",
                      "Alias": "ci",
                      "Startup Cost": 0.56,
                      "Total Cost": 1.78,
                      "Plan Rows": 35,
                      "Plan Width": 4,
                      "Actual Startup Time": 0.007,
                      "Actual Total Time": 0.036,
                      "Actual Rows": 22,
                      "Actual Loops": 51026,
                      "Index Cond": "(movie_id = t.id)",
                      "Rows Removed by Index Recheck": 0,
                      "Heap Fetches": 1104987
                    }
                  ]
                }
              ]
            }
          ]
        }
      ]
    },
    "Planning Time": 1.537,
    "Triggers": [],
    "Execution Time": 1075.63
  }
]