[
  {
    "Plan": {
      "Node Type": "Aggregate",
      "Strategy": "Plain",
      "Partial Mode": "Finalize",
      "Parallel Aware": false,
      "Startup Cost": 134468.26,
      "Total Cost": 134468.27,
      "Plan Rows": 1,
      "Plan Width": 8,
      "Actual Startup Time": 667.354,
      "Actual Total Time": 737.598,
      "Actual Rows": 1,
      "Actual Loops": 1,
      "Plans": [
        {
          "Node Type": "Gather",
          "Parent Relationship": "Outer",
          "Parallel Aware": false,
          "Startup Cost": 134467.84,
          "Total Cost": 134468.25,
          "Plan Rows": 4,
          "Plan Width": 8,
          "Actual Startup Time": 666.775,
          "Actual Total Time": 737.588,
          "Actual Rows": 5,
          "Actual Loops": 1,
          "Workers Planned": 4,
          "Workers Launched": 4,
          "Single Copy": false,
          "Plans": [
            {
              "Node Type": "Aggregate",
              "Strategy": "Plain",
              "Partial Mode": "Partial",
              "Parent Relationship": "Outer",
              "Parallel Aware": false,
              "Startup Cost": 133467.84,
              "Total Cost": 133467.85,
              "Plan Rows": 1,
              "Plan Width": 8,
              "Actual Startup Time": 657.122,
              "Actual Total Time": 657.125,
              "Actual Rows": 1,
              "Actual Loops": 5,
              "Plans": [
                {
                  "Node Type": "Nested Loop",
                  "Parent Relationship": "Outer",
                  "Parallel Aware": false,
                  "Join Type": "Inner",
                  "Startup Cost": 25114.79,
                  "Total Cost": 132456.53,
                  "Plan Rows": 404523,
                  "Plan Width": 0,
                  "Actual Startup Time": 71.509,
                  "Actual Total Time": 643.774,
                  "Actual Rows": 220997,
                  "Actual Loops": 5,
                  "Inner Unique": false,
                  "Plans": [
                    {
                      "Node Type": "Hash Join",
                      "Parent Relationship": "Outer",
                      "Parallel Aware": true,
                      "Join Type": "Inner",
                      "Startup Cost": 25114.23,
                      "Total Cost": 70684.39,
                      "Plan Rows": 28231,
                      "Plan Width": 8,
                      "Actual Startup Time": 71.404,
                      "Actual Total Time": 201.28,
                      "Actual Rows": 10205,
                      "Actual Loops": 5,
                      "Inner Unique": false,
                      "Hash Cond": "(t.id = mc.movie_id)",
                      "Plans": [
                        {
                          "Node Type": "Seq Scan",
                          "Parent Relationship": "Outer",
                          "Parallel Aware": true,
                          "Relation Name": "title",
                          "Alias": "t",
                          "Startup Cost": 0.0,
                          "Total Cost": 42318.73,
                          "Plan Rows": 632073,
                          "Plan Width": 4,
                          "Actual Startup Time": 0.011,
                          "Actual Total Time": 59.762,
                          "Actual Rows": 505662,
                          "Actual Loops": 5
                        },
                        {
                          "Node Type": "Hash",
                          "Parent Relationship": "Inner",
                          "Parallel Aware": true,
                          "Startup Cost": 24658.89,
                          "Total Cost": 24658.89,
                          "Plan Rows": 36427,
                          "Plan Width": 4,
                          "Actual Startup Time": 70.019,
                          "Actual Total Time": 70.02,
                          "Actual Rows": 10205,
                          "Actual Loops": 5,
                          "Hash Buckets": 131072,
                          "Original Hash Buckets": 131072,
                          "Hash Batches": 1,
                          "Original Hash Batches": 1,
                          "Peak Memory Usage": 3072,
                          "Plans": [
                            {
                              "Node Type": "Bitmap Heap Scan",
                              "Parent Relationship": "Outer",
                              "Parallel Aware": true,
                              "Relation Name": "movie_companies",
                              "Alias": "mc",
                              "Startup Cost": 4792.72,
                              "Total Cost": 24658.89,
                              "Plan Rows": 36427,
                              "Plan Width": 4,
                              "Actual Startup Time": 55.103,
                              "Actual Total Time": 66.483,
                              "Actual Rows": 10205,
                              "Actual Loops": 5,
                              "Recheck Cond": "(company_id < 78)",
                              "Rows Removed by Index Recheck": 0,
                              "Filter": "(company_type_id > 1)",
                              "Rows Removed by Filter": 34265,
                              "Exact Heap Blocks": 8942,
                              "Lossy Heap Blocks": 0,
                              "Plans": [
                                {
                                  "Node Type": "Bitmap Index Scan",
                                  "Parent Relationship": "Outer",
                                  "Parallel Aware": false,
                                  "Index Name": "company_id_movie_companies",
                                  "Startup Cost": 0.0,
                                  "Total Cost": 4764.49,
                                  "Plan Rows": 222408,
                                  "Plan Width": 0,
                                  "Actual Startup Time": 22.535,
                                  "Actual Total Time": 22.536,
                                  "Actual Rows": 222351,
                                  "Actual Loops": 1,
                                  "Index Cond": "(company_id < 78)"
                                }
                              ]
                            }
                          ]
                        }
                      ]
                    },
                    {
                      "Node Type": "Index Only Scan",
                      "Parent Relationship": "Inner",
                      "Parallel Aware": false,
                      "Scan Direction": "Forward",
                      "Index Name": "movie_id_cast_info",
                      "Relation Name": "cast_info",
                      "Alias": "ci",
                      "Startup Cost": 0.56,
                      "Total Cost": 1.82,
                      "Plan Rows": 37,
                      "Plan Width": 4,
                      "Actual Startup Time": 0.008,
                      "Actual Total Time": 0.041,
                      "Actual Rows": 22,
                      "Actual Loops": 51026,
                      "Index Cond": "(movie_id = t.id)",
                      "Rows Removed by Index Recheck": 0,
                      "Heap Fetches": 1104987
                    }
                  ]
                }
              ]
            }
          ]
        }
      ]
    },
    "Planning Time": 1.404,
    "Triggers": [],
    "Execution Time": 737.733
  }
]