[
  {
    "Plan": {
      "Node Type": "Aggregate",
      "Strategy": "Plain",
      "Partial Mode": "Finalize",
      "Parallel Aware": false,
      "Startup Cost": 343053.3,
      "Total Cost": 343053.31,
      "Plan Rows": 1,
      "Plan Width": 8,
      "Actual Startup Time": 887.231,
      "Actual Total Time": 932.035,
      "Actual Rows": 1,
      "Actual Loops": 1,
      "Plans": [
        {
          "Node Type": "Gather",
          "Parent Relationship": "Outer",
          "Parallel Aware": false,
          "Startup Cost": 343052.68,
          "Total Cost": 343053.29,
          "Plan Rows": 6,
          "Plan Width": 8,
          "Actual Startup Time": 887.03,
          "Actual Total Time": 932.023,
          "Actual Rows": 7,
          "Actual Loops": 1,
          "Workers Planned": 6,
          "Workers Launched": 6,
          "Single Copy": false,
          "Plans": [
            {
              "Node Type": "Aggregate",
              "Strategy": "Plain",
              "Partial Mode": "Partial",
              "Parent Relationship": "Outer",
              "Parallel Aware": false,
              "Startup Cost": 342052.68,
              "Total Cost": 342052.69,
              "Plan Rows": 1,
              "Plan Width": 8,
              "Actual Startup Time": 877.148,
              "Actual Total Time": 877.15,
              "Actual Rows": 1,
              "Actual Loops": 7,
              "Plans": [
                {
                  "Node Type": "Seq Scan",
                  "Parent Relationship": "Outer",
                  "Parallel Aware": true,
                  "Relation Name": "cast_info",
                  "Alias": "ci",
                  "Startup Cost": 0.0,
                  "Total Cost": 328211.39,
                  "Plan Rows": 5536515,
                  "Plan Width": 0,
                  "Actual Startup Time": 0.061,
                  "Actual Total Time": 649.008,
                  "Actual Rows": 4754251,
                  "Actual Loops": 7,
                  "Filter": "(person_id < 3509442)",
                  "Rows Removed by Filter": 423513
                }
              ]
            }
          ]
        }
      ]
    },
    "Planning Time": 0.18,
    "Triggers": [],
    "Execution Time": 932.099
  }
]