{
    "Plan": {
        "Node Type": "Aggregate",
        "Strategy": "Plain",
        "Partial Mode": "Simple",
        "Parallel Aware": false,
        "Startup Cost": 70001046627.34,
        "Total Cost": 70001046627.35,
        "Plan Rows": 1,
        "Plan Width": 96,
        "Actual Startup Time": 3562.957,
        "Actual Total Time": 3563.133,
        "Actual Rows": 1,
        "Actual Loops": 1,
        "Output": [
            "min(cn.name)",
            "min((lt.link)::text)",
            "min(t.title)"
        ],
        "Plans": [
            {
                "Node Type": "Hash Join",
                "Parent Relationship": "Outer",
                "Parallel Aware": false,
                "Join Type": "Inner",
                "Startup Cost": 70000705319.69,
                "Total Cost": 70001046627.34,
                "Plan Rows": 1,
                "Plan Width": 48,
                "Actual Startup Time": 3507.78,
                "Actual Total Time": 3563.067,
                "Actual Rows": 332,
                "Actual Loops": 1,
                "Output": [
                    "cn.name",
                    "lt.link",
                    "t.title"
                ],
                "Inner Unique": false,
                "Hash Cond": "(ml.movie_id = t.id)",
                "Plans": [
                    {
                        "Node Type": "Nested Loop",
                        "Parent Relationship": "Outer",
                        "Parallel Aware": false,
                        "Join Type": "Inner",
                        "Startup Cost": 40000000967.82,
                        "Total Cost": 40000342275.46,
                        "Plan Rows": 1,
                        "Plan Width": 20,
                        "Actual Startup Time": 11.534,
                        "Actual Total Time": 118.079,
                        "Actual Rows": 199,
                        "Actual Loops": 1,
                        "Output": [
                            "mk.movie_id",
                            "ml.movie_id",
                            "lt.link"
                        ],
                        "Inner Unique": true,
                        "Plans": [
                            {
                                "Node Type": "Merge Join",
                                "Parent Relationship": "Outer",
                                "Parallel Aware": false,
                                "Join Type": "Inner",
                                "Startup Cost": 30000000967.4,
                                "Total Cost": 30000005703.44,
                                "Plan Rows": 75750,
                                "Plan Width": 24,
                                "Actual Startup Time": 8.807,
                                "Actual Total Time": 35.894,
                                "Actual Rows": 17543,
                                "Actual Loops": 1,
                                "Output": [
                                    "lt.link",
                                    "ml.movie_id",
                                    "mk.movie_id",
                                    "mk.keyword_id"
                                ],
                                "Inner Unique": false,
                                "Merge Cond": "(ml.movie_id = mk.movie_id)",
                                "Plans": [
                                    {
                                        "Node Type": "Sort",
                                        "Parent Relationship": "Outer",
                                        "Parallel Aware": false,
                                        "Startup Cost": 20000000966.94,
                                        "Total Cost": 20000000971.1,
                                        "Plan Rows": 1666,
                                        "Plan Width": 16,
                                        "Actual Startup Time": 8.77,
                                        "Actual Total Time": 9.173,
                                        "Actual Rows": 2315,
                                        "Actual Loops": 1,
                                        "Output": [
                                            "lt.link",
                                            "ml.movie_id"
                                        ],
                                        "Sort Key": [
                                            "ml.movie_id"
                                        ],
                                        "Sort Method": "quicksort",
                                        "Sort Space Used": 205,
                                        "Sort Space Type": "Memory",
                                        "Plans": [
                                            {
                                                "Node Type": "Hash Join",
                                                "Parent Relationship": "Outer",
                                                "Parallel Aware": false,
                                                "Join Type": "Inner",
                                                "Startup Cost": 20000000838.07,
                                                "Total Cost": 20000000877.79,
                                                "Plan Rows": 1666,
                                                "Plan Width": 16,
                                                "Actual Startup Time": 8.05,
                                                "Actual Total Time": 8.31,
                                                "Actual Rows": 2315,
                                                "Actual Loops": 1,
                                                "Output": [
                                                    "lt.link",
                                                    "ml.movie_id"
                                                ],
                                                "Inner Unique": false,
                                                "Hash Cond": "(lt.id = ml.link_type_id)",
                                                "Plans": [
                                                    {
                                                        "Node Type": "Index Scan",
                                                        "Parent Relationship": "Outer",
                                                        "Parallel Aware": false,
                                                        "Scan Direction": "Forward",
                                                        "Index Name": "link_type_pkey",
                                                        "Relation Name": "link_type",
                                                        "Schema": "public",
                                                        "Alias": "lt",
                                                        "Startup Cost": 10000000000.14,
                                                        "Total Cost": 10000000012.45,
                                                        "Plan Rows": 1,
                                                        "Plan Width": 16,
                                                        "Actual Startup Time": 0.055,
                                                        "Actual Total Time": 0.064,
                                                        "Actual Rows": 2,
                                                        "Actual Loops": 1,
                                                        "Output": [
                                                            "lt.id",
                                                            "lt.link"
                                                        ],
                                                        "Filter": "((lt.link)::text ~~ '%follow%'::text)",
                                                        "Rows Removed by Filter": 16
                                                    },
                                                    {
                                                        "Node Type": "Hash",
                                                        "Parent Relationship": "Inner",
                                                        "Parallel Aware": false,
                                                        "Startup Cost": 10000000462.97,
                                                        "Total Cost": 10000000462.97,
                                                        "Plan Rows": 29997,
                                                        "Plan Width": 8,
                                                        "Actual Startup Time": 7.837,
                                                        "Actual Total Time": 7.838,
                                                        "Actual Rows": 29997,
                                                        "Actual Loops": 1,
                                                        "Output": [
                                                            "ml.link_type_id",
                                                            "ml.movie_id"
                                                        ],
                                                        "Hash Buckets": 32768,
                                                        "Original Hash Buckets": 32768,
                                                        "Hash Batches": 1,
                                                        "Original Hash Batches": 1,
                                                        "Peak Memory Usage": 1428,
                                                        "Plans": [
                                                            {
                                                                "Node Type": "Seq Scan",
                                                                "Parent Relationship": "Outer",
                                                                "Parallel Aware": false,
                                                                "Relation Name": "movie_link",
                                                                "Schema": "public",
                                                                "Alias": "ml",
                                                                "Startup Cost": 10000000000.0,
                                                                "Total Cost": 10000000462.97,
                                                                "Plan Rows": 29997,
                                                                "Plan Width": 8,
                                                                "Actual Startup Time": 0.027,
                                                                "Actual Total Time": 4.699,
                                                                "Actual Rows": 29997,
                                                                "Actual Loops": 1,
                                                                "Output": [
                                                                    "ml.link_type_id",
                                                                    "ml.movie_id"
                                                                ]
                                                            }
                                                        ]
                                                    }
                                                ]
                                            }
                                        ]
                                    },
                                    {
                                        "Node Type": "Index Scan",
                                        "Parent Relationship": "Inner",
                                        "Parallel Aware": false,
                                        "Scan Direction": "Forward",
                                        "Index Name": "movie_id_movie_keyword",
                                        "Relation Name": "movie_keyword",
                                        "Schema": "public",
                                        "Alias": "mk",
                                        "Startup Cost": 10000000000.43,
                                        "Total Cost": 10000177177.46,
                                        "Plan Rows": 4523930,
                                        "Plan Width": 8,
                                        "Actual Startup Time": 0.02,
                                        "Actual Total Time": 17.772,
                                        "Actual Rows": 110787,
                                        "Actual Loops": 1,
                                        "Output": [
                                            "mk.id",
                                            "mk.movie_id",
                                            "mk.keyword_id"
                                        ]
                                    }
                                ]
                            },
                            {
                                "Node Type": "Bitmap Heap Scan",
                                "Parent Relationship": "Inner",
                                "Parallel Aware": false,
                                "Relation Name": "keyword",
                                "Schema": "public",
                                "Alias": "k",
                                "Startup Cost": 0.43,
                                "Total Cost": 4.44,
                                "Plan Rows": 1,
                                "Plan Width": 4,
                                "Actual Startup Time": 0.003,
                                "Actual Total Time": 0.003,
                                "Actual Rows": 0,
                                "Actual Loops": 17543,
                                "Output": [
                                    "k.id",
                                    "k.keyword",
                                    "k.phonetic_code"
                                ],
                                "Recheck Cond": "(k.id = mk.keyword_id)",
                                "Rows Removed by Index Recheck": 0,
                                "Filter": "(k.keyword = 'sequel'::text)",
                                "Rows Removed by Filter": 1,
                                "Exact Heap Blocks": 17543,
                                "Lossy Heap Blocks": 0,
                                "Plans": [
                                    {
                                        "Node Type": "Bitmap Index Scan",
                                        "Parent Relationship": "Outer",
                                        "Parallel Aware": false,
                                        "Index Name": "keyword_pkey",
                                        "Startup Cost": 0.0,
                                        "Total Cost": 0.43,
                                        "Plan Rows": 1,
                                        "Plan Width": 0,
                                        "Actual Startup Time": 0.002,
                                        "Actual Total Time": 0.002,
                                        "Actual Rows": 1,
                                        "Actual Loops": 17543,
                                        "Index Cond": "(k.id = mk.keyword_id)"
                                    }
                                ]
                            }
                        ]
                    },
                    {
                        "Node Type": "Hash",
                        "Parent Relationship": "Inner",
                        "Parallel Aware": false,
                        "Startup Cost": 30000703493.09,
                        "Total Cost": 30000703493.09,
                        "Plan Rows": 68702,
                        "Plan Width": 48,
                        "Actual Startup Time": 3444.509,
                        "Actual Total Time": 3444.679,
                        "Actual Rows": 70779,
                        "Actual Loops": 1,
                        "Output": [
                            "cn.name",
                            "mc.movie_id",
                            "mi.movie_id",
                            "t.title",
                            "t.id"
                        ],
                        "Hash Buckets": 131072,
                        "Original Hash Buckets": 131072,
                        "Hash Batches": 1,
                        "Original Hash Batches": 1,
                        "Peak Memory Usage": 6882,
                        "Plans": [
                            {
                                "Node Type": "Gather Merge",
                                "Parent Relationship": "Outer",
                                "Parallel Aware": false,
                                "Startup Cost": 30000465102.74,
                                "Total Cost": 30000703493.09,
                                "Plan Rows": 68702,
                                "Plan Width": 48,
                                "Actual Startup Time": 3217.6,
                                "Actual Total Time": 3419.213,
                                "Actual Rows": 70779,
                                "Actual Loops": 1,
                                "Output": [
                                    "cn.name",
                                    "mc.movie_id",
                                    "mi.movie_id",
                                    "t.title",
                                    "t.id"
                                ],
                                "Workers Planned": 5,
                                "Workers Launched": 5,
                                "Plans": [
                                    {
                                        "Node Type": "Nested Loop",
                                        "Parent Relationship": "Outer",
                                        "Parallel Aware": false,
                                        "Join Type": "Inner",
                                        "Startup Cost": 30000464102.66,
                                        "Total Cost": 30000694219.59,
                                        "Plan Rows": 13740,
                                        "Plan Width": 48,
                                        "Actual Startup Time": 3074.199,
                                        "Actual Total Time": 3215.667,
                                        "Actual Rows": 11796,
                                        "Actual Loops": 6,
                                        "Output": [
                                            "cn.name",
                                            "mc.movie_id",
                                            "mi.movie_id",
                                            "t.title",
                                            "t.id"
                                        ],
                                        "Inner Unique": true,
                                        "Workers": [
                                            {
                                                "Worker Number": 0,
                                                "Actual Startup Time": 3036.511,
                                                "Actual Total Time": 3172.868,
                                                "Actual Rows": 11082,
                                                "Actual Loops": 1
                                            },
                                            {
                                                "Worker Number": 1,
                                                "Actual Startup Time": 3032.611,
                                                "Actual Total Time": 3166.571,
                                                "Actual Rows": 6979,
                                                "Actual Loops": 1
                                            },
                                            {
                                                "Worker Number": 2,
                                                "Actual Startup Time": 3100.991,
                                                "Actual Total Time": 3238.634,
                                                "Actual Rows": 10981,
                                                "Actual Loops": 1
                                            },
                                            {
                                                "Worker Number": 3,
                                                "Actual Startup Time": 3198.426,
                                                "Actual Total Time": 3314.978,
                                                "Actual Rows": 7133,
                                                "Actual Loops": 1
                                            },
                                            {
                                                "Worker Number": 4,
                                                "Actual Startup Time": 3030.294,
                                                "Actual Total Time": 3166.807,
                                                "Actual Rows": 10853,
                                                "Actual Loops": 1
                                            }
                                        ],
                                        "Plans": [
                                            {
                                                "Node Type": "Merge Join",
                                                "Parent Relationship": "Outer",
                                                "Parallel Aware": false,
                                                "Join Type": "Inner",
                                                "Startup Cost": 20000464102.52,
                                                "Total Cost": 20000465838.4,
                                                "Plan Rows": 54962,
                                                "Plan Width": 52,
                                                "Actual Startup Time": 3074.132,
                                                "Actual Total Time": 3136.744,
                                                "Actual Rows": 12166,
                                                "Actual Loops": 6,
                                                "Output": [
                                                    "cn.name",
                                                    "mc.movie_id",
                                                    "mc.company_type_id",
                                                    "mi.movie_id",
                                                    "t.title",
                                                    "t.id"
                                                ],
                                                "Inner Unique": false,
                                                "Merge Cond": "(mi.movie_id = t.id)",
                                                "Workers": [
                                                    {
                                                        "Worker Number": 0,
                                                        "Actual Startup Time": 3036.421,
                                                        "Actual Total Time": 3096.082,
                                                        "Actual Rows": 11439,
                                                        "Actual Loops": 1
                                                    },
                                                    {
                                                        "Worker Number": 1,
                                                        "Actual Startup Time": 3032.554,
                                                        "Actual Total Time": 3097.365,
                                                        "Actual Rows": 7188,
                                                        "Actual Loops": 1
                                                    },
                                                    {
                                                        "Worker Number": 2,
                                                        "Actual Startup Time": 3100.916,
                                                        "Actual Total Time": 3162.319,
                                                        "Actual Rows": 11326,
                                                        "Actual Loops": 1
                                                    },
                                                    {
                                                        "Worker Number": 3,
                                                        "Actual Startup Time": 3198.353,
                                                        "Actual Total Time": 3256.014,
                                                        "Actual Rows": 7365,
                                                        "Actual Loops": 1
                                                    },
                                                    {
                                                        "Worker Number": 4,
                                                        "Actual Startup Time": 3030.225,
                                                        "Actual Total Time": 3090.12,
                                                        "Actual Rows": 11156,
                                                        "Actual Loops": 1
                                                    }
                                                ],
                                                "Plans": [
                                                    {
                                                        "Node Type": "Sort",
                                                        "Parent Relationship": "Outer",
                                                        "Parallel Aware": false,
                                                        "Startup Cost": 239118.33,
                                                        "Total Cost": 239533.95,
                                                        "Plan Rows": 166248,
                                                        "Plan Width": 4,
                                                        "Actual Startup Time": 868.847,
                                                        "Actual Total Time": 880.147,
                                                        "Actual Rows": 147707,
                                                        "Actual Loops": 6,
                                                        "Output": [
                                                            "mi.movie_id"
                                                        ],
                                                        "Sort Key": [
                                                            "mi.movie_id"
                                                        ],
                                                        "Sort Method": "quicksort",
                                                        "Sort Space Used": 26456,
                                                        "Sort Space Type": "Memory",
                                                        "Workers": [
                                                            {
                                                                "Worker Number": 0,
                                                                "Actual Startup Time": 868.633,
                                                                "Actual Total Time": 879.943,
                                                                "Actual Rows": 136034,
                                                                "Actual Loops": 1
                                                            },
                                                            {
                                                                "Worker Number": 1,
                                                                "Actual Startup Time": 858.767,
                                                                "Actual Total Time": 868.592,
                                                                "Actual Rows": 88649,
                                                                "Actual Loops": 1
                                                            },
                                                            {
                                                                "Worker Number": 2,
                                                                "Actual Startup Time": 868.709,
                                                                "Actual Total Time": 880.146,
                                                                "Actual Rows": 133811,
                                                                "Actual Loops": 1
                                                            },
                                                            {
                                                                "Worker Number": 3,
                                                                "Actual Startup Time": 858.761,
                                                                "Actual Total Time": 866.587,
                                                                "Actual Rows": 89516,
                                                                "Actual Loops": 1
                                                            },
                                                            {
                                                                "Worker Number": 4,
                                                                "Actual Startup Time": 868.68,
                                                                "Actual Total Time": 879.9,
                                                                "Actual Rows": 136006,
                                                                "Actual Loops": 1
                                                            }
                                                        ],
                                                        "Plans": [
                                                            {
                                                                "Node Type": "Seq Scan",
                                                                "Parent Relationship": "Outer",
                                                                "Parallel Aware": true,
                                                                "Relation Name": "movie_info",
                                                                "Schema": "public",
                                                                "Alias": "mi",
                                                                "Startup Cost": 0.0,
                                                                "Total Cost": 224702.15,
                                                                "Plan Rows": 166248,
                                                                "Plan Width": 4,
                                                                "Actual Startup Time": 0.18,
                                                                "Actual Total Time": 824.9,
                                                                "Actual Rows": 147712,
                                                                "Actual Loops": 6,
                                                                "Output": [
                                                                    "mi.movie_id"
                                                                ],
                                                                "Filter": "(mi.info = ANY ('{Denmark,Bulgaria,Norway,German,English,Sweden,Danish,Denish,America}'::text[]))",
                                                                "Rows Removed by Filter": 2324908,
                                                                "Workers": [
                                                                    {
                                                                        "Worker Number": 0,
                                                                        "Actual Startup Time": 0.232,
                                                                        "Actual Total Time": 823.545,
                                                                        "Actual Rows": 136040,
                                                                        "Actual Loops": 1
                                                                    },
                                                                    {
                                                                        "Worker Number": 1,
                                                                        "Actual Startup Time": 0.127,
                                                                        "Actual Total Time": 820.703,
                                                                        "Actual Rows": 88652,
                                                                        "Actual Loops": 1
                                                                    },
                                                                    {
                                                                        "Worker Number": 2,
                                                                        "Actual Startup Time": 0.242,
                                                                        "Actual Total Time": 822.932,
                                                                        "Actual Rows": 133817,
                                                                        "Actual Loops": 1
                                                                    },
                                                                    {
                                                                        "Worker Number": 3,
                                                                        "Actual Startup Time": 0.158,
                                                                        "Actual Total Time": 820.906,
                                                                        "Actual Rows": 89518,
                                                                        "Actual Loops": 1
                                                                    },
                                                                    {
                                                                        "Worker Number": 4,
                                                                        "Actual Startup Time": 0.282,
                                                                        "Actual Total Time": 823.81,
                                                                        "Actual Rows": 136009,
                                                                        "Actual Loops": 1
                                                                    }
                                                                ]
                                                            }
                                                        ]
                                                    },
                                                    {
                                                        "Node Type": "Sort",
                                                        "Parent Relationship": "Inner",
                                                        "Parallel Aware": false,
                                                        "Startup Cost": 20000224984.11,
                                                        "Total Cost": 20000225384.17,
                                                        "Plan Rows": 160023,
                                                        "Plan Width": 48,
                                                        "Actual Startup Time": 2205.253,
                                                        "Actual Total Time": 2221.28,
                                                        "Actual Rows": 100777,
                                                        "Actual Loops": 6,
                                                        "Output": [
                                                            "cn.name",
                                                            "mc.movie_id",
                                                            "mc.company_type_id",
                                                            "t.title",
                                                            "t.id"
                                                        ],
                                                        "Sort Key": [
                                                            "mc.movie_id"
                                                        ],
                                                        "Sort Method": "quicksort",
                                                        "Sort Space Used": 13911,
                                                        "Sort Space Type": "Memory",
                                                        "Workers": [
                                                            {
                                                                "Worker Number": 0,
                                                                "Actual Startup Time": 2167.748,
                                                                "Actual Total Time": 2182.304,
                                                                "Actual Rows": 100736,
                                                                "Actual Loops": 1
                                                            },
                                                            {
                                                                "Worker Number": 1,
                                                                "Actual Startup Time": 2173.758,
                                                                "Actual Total Time": 2191.847,
                                                                "Actual Rows": 100588,
                                                                "Actual Loops": 1
                                                            },
                                                            {
                                                                "Worker Number": 2,
                                                                "Actual Startup Time": 2232.193,
                                                                "Actual Total Time": 2247.434,
                                                                "Actual Rows": 100734,
                                                                "Actual Loops": 1
                                                            },
                                                            {
                                                                "Worker Number": 3,
                                                                "Actual Startup Time": 2339.566,
                                                                "Actual Total Time": 2357.063,
                                                                "Actual Rows": 100569,
                                                                "Actual Loops": 1
                                                            },
                                                            {
                                                                "Worker Number": 4,
                                                                "Actual Startup Time": 2161.495,
                                                                "Actual Total Time": 2176.163,
                                                                "Actual Rows": 100688,
                                                                "Actual Loops": 1
                                                            }
                                                        ],
                                                        "Plans": [
                                                            {
                                                                "Node Type": "Hash Join",
                                                                "Parent Relationship": "Outer",
                                                                "Parallel Aware": false,
                                                                "Join Type": "Inner",
                                                                "Startup Cost": 20000114911.79,
                                                                "Total Cost": 20000211151.79,
                                                                "Plan Rows": 160023,
                                                                "Plan Width": 48,
                                                                "Actual Startup Time": 1159.39,
                                                                "Actual Total Time": 2162.123,
                                                                "Actual Rows": 100254,
                                                                "Actual Loops": 6,
                                                                "Output": [
                                                                    "cn.name",
                                                                    "mc.movie_id",
                                                                    "mc.company_type_id",
                                                                    "t.title",
                                                                    "t.id"
                                                                ],
                                                                "Inner Unique": true,
                                                                "Hash Cond": "(mc.company_id = cn.id)",
                                                                "Workers": [
                                                                    {
                                                                        "Worker Number": 0,
                                                                        "Actual Startup Time": 1179.223,
                                                                        "Actual Total Time": 2124.62,
                                                                        "Actual Rows": 100254,
                                                                        "Actual Loops": 1
                                                                    },
                                                                    {
                                                                        "Worker Number": 1,
                                                                        "Actual Startup Time": 1179.886,
                                                                        "Actual Total Time": 2130.615,
                                                                        "Actual Rows": 100254,
                                                                        "Actual Loops": 1
                                                                    },
                                                                    {
                                                                        "Worker Number": 2,
                                                                        "Actual Startup Time": 1217.869,
                                                                        "Actual Total Time": 2187.687,
                                                                        "Actual Rows": 100254,
                                                                        "Actual Loops": 1
                                                                    },
                                                                    {
                                                                        "Worker Number": 3,
                                                                        "Actual Startup Time": 1286.334,
                                                                        "Actual Total Time": 2297.384,
                                                                        "Actual Rows": 100254,
                                                                        "Actual Loops": 1
                                                                    },
                                                                    {
                                                                        "Worker Number": 4,
                                                                        "Actual Startup Time": 1137.619,
                                                                        "Actual Total Time": 2118.475,
                                                                        "Actual Rows": 100254,
                                                                        "Actual Loops": 1
                                                                    }
                                                                ],
                                                                "Plans": [
                                                                    {
                                                                        "Node Type": "Hash Join",
                                                                        "Parent Relationship": "Outer",
                                                                        "Parallel Aware": false,
                                                                        "Join Type": "Inner",
                                                                        "Startup Cost": 20000100648.21,
                                                                        "Total Cost": 20000194942.4,
                                                                        "Plan Rows": 741249,
                                                                        "Plan Width": 33,
                                                                        "Actual Startup Time": 947.899,
                                                                        "Actual Total Time": 1849.571,
                                                                        "Actual Rows": 590488,
                                                                        "Actual Loops": 6,
                                                                        "Output": [
                                                                            "mc.movie_id",
                                                                            "mc.company_type_id",
                                                                            "mc.company_id",
                                                                            "t.title",
                                                                            "t.id"
                                                                        ],
                                                                        "Inner Unique": false,
                                                                        "Hash Cond": "(t.id = mc.movie_id)",
                                                                        "Workers": [
                                                                            {
                                                                                "Worker Number": 0,
                                                                                "Actual Startup Time": 958.129,
                                                                                "Actual Total Time": 1799.693,
                                                                                "Actual Rows": 590488,
                                                                                "Actual Loops": 1
                                                                            },
                                                                            {
                                                                                "Worker Number": 1,
                                                                                "Actual Startup Time": 952.839,
                                                                                "Actual Total Time": 1801.932,
                                                                                "Actual Rows": 590488,
                                                                                "Actual Loops": 1
                                                                            },
                                                                            {
                                                                                "Worker Number": 2,
                                                                                "Actual Startup Time": 996.809,
                                                                                "Actual Total Time": 1861.421,
                                                                                "Actual Rows": 590488,
                                                                                "Actual Loops": 1
                                                                            },
                                                                            {
                                                                                "Worker Number": 3,
                                                                                "Actual Startup Time": 1060.882,
                                                                                "Actual Total Time": 1981.69,
                                                                                "Actual Rows": 590488,
                                                                                "Actual Loops": 1
                                                                            },
                                                                            {
                                                                                "Worker Number": 4,
                                                                                "Actual Startup Time": 916.656,
                                                                                "Actual Total Time": 1792.259,
                                                                                "Actual Rows": 590488,
                                                                                "Actual Loops": 1
                                                                            }
                                                                        ],
                                                                        "Plans": [
                                                                            {
                                                                                "Node Type": "Seq Scan",
                                                                                "Parent Relationship": "Outer",
                                                                                "Parallel Aware": false,
                                                                                "Relation Name": "title",
                                                                                "Schema": "public",
                                                                                "Alias": "t",
                                                                                "Startup Cost": 10000000000.0,
                                                                                "Total Cost": 10000073922.83,
                                                                                "Plan Rows": 1481013,
                                                                                "Plan Width": 21,
                                                                                "Actual Startup Time": 0.073,
                                                                                "Actual Total Time": 335.47,
                                                                                "Actual Rows": 1481515,
                                                                                "Actual Loops": 6,
                                                                                "Output": [
                                                                                    "t.id",
                                                                                    "t.title",
                                                                                    "t.imdb_index",
                                                                                    "t.kind_id",
                                                                                    "t.production_year",
                                                                                    "t.imdb_id",
                                                                                    "t.phonetic_code",
                                                                                    "t.episode_of_id",
                                                                                    "t.season_nr",
                                                                                    "t.episode_nr",
                                                                                    "t.series_years",
                                                                                    "t.md5sum"
                                                                                ],
                                                                                "Filter": "((t.production_year >= 1999) AND (t.production_year <= 2013))",
                                                                                "Rows Removed by Filter": 1046797,
                                                                                "Workers": [
                                                                                    {
                                                                                        "Worker Number": 0,
                                                                                        "Actual Startup Time": 0.076,
                                                                                        "Actual Total Time": 312.719,
                                                                                        "Actual Rows": 1481515,
                                                                                        "Actual Loops": 1
                                                                                    },
                                                                                    {
                                                                                        "Worker Number": 1,
                                                                                        "Actual Startup Time": 0.075,
                                                                                        "Actual Total Time": 310.277,
                                                                                        "Actual Rows": 1481515,
                                                                                        "Actual Loops": 1
                                                                                    },
                                                                                    {
                                                                                        "Worker Number": 2,
                                                                                        "Actual Startup Time": 0.063,
                                                                                        "Actual Total Time": 323.618,
                                                                                        "Actual Rows": 1481515,
                                                                                        "Actual Loops": 1
                                                                                    },
                                                                                    {
                                                                                        "Worker Number": 3,
                                                                                        "Actual Startup Time": 0.096,
                                                                                        "Actual Total Time": 343.657,
                                                                                        "Actual Rows": 1481515,
                                                                                        "Actual Loops": 1
                                                                                    },
                                                                                    {
                                                                                        "Worker Number": 4,
                                                                                        "Actual Startup Time": 0.086,
                                                                                        "Actual Total Time": 346.133,
                                                                                        "Actual Rows": 1481515,
                                                                                        "Actual Loops": 1
                                                                                    }
                                                                                ]
                                                                            },
                                                                            {
                                                                                "Node Type": "Hash",
                                                                                "Parent Relationship": "Inner",
                                                                                "Parallel Aware": false,
                                                                                "Startup Cost": 10000084830.36,
                                                                                "Total Cost": 10000084830.36,
                                                                                "Plan Rows": 1265428,
                                                                                "Plan Width": 12,
                                                                                "Actual Startup Time": 936.115,
                                                                                "Actual Total Time": 936.117,
                                                                                "Actual Rows": 1271989,
                                                                                "Actual Loops": 6,
                                                                                "Output": [
                                                                                    "mc.movie_id",
                                                                                    "mc.company_type_id",
                                                                                    "mc.company_id"
                                                                                ],
                                                                                "Hash Buckets": 2097152,
                                                                                "Original Hash Buckets": 2097152,
                                                                                "Hash Batches": 1,
                                                                                "Original Hash Batches": 1,
                                                                                "Peak Memory Usage": 71040,
                                                                                "Workers": [
                                                                                    {
                                                                                        "Worker Number": 0,
                                                                                        "Actual Startup Time": 944.214,
                                                                                        "Actual Total Time": 944.216,
                                                                                        "Actual Rows": 1271989,
                                                                                        "Actual Loops": 1
                                                                                    },
                                                                                    {
                                                                                        "Worker Number": 1,
                                                                                        "Actual Startup Time": 939.988,
                                                                                        "Actual Total Time": 939.989,
                                                                                        "Actual Rows": 1271989,
                                                                                        "Actual Loops": 1
                                                                                    },
                                                                                    {
                                                                                        "Worker Number": 2,
                                                                                        "Actual Startup Time": 984.563,
                                                                                        "Actual Total Time": 984.564,
                                                                                        "Actual Rows": 1271989,
                                                                                        "Actual Loops": 1
                                                                                    },
                                                                                    {
                                                                                        "Worker Number": 3,
                                                                                        "Actual Startup Time": 1048.563,
                                                                                        "Actual Total Time": 1048.564,
                                                                                        "Actual Rows": 1271989,
                                                                                        "Actual Loops": 1
                                                                                    },
                                                                                    {
                                                                                        "Worker Number": 4,
                                                                                        "Actual Startup Time": 905.122,
                                                                                        "Actual Total Time": 905.123,
                                                                                        "Actual Rows": 1271989,
                                                                                        "Actual Loops": 1
                                                                                    }
                                                                                ],
                                                                                "Plans": [
                                                                                    {
                                                                                        "Node Type": "Index Scan",
                                                                                        "Parent Relationship": "Outer",
                                                                                        "Parallel Aware": false,
                                                                                        "Scan Direction": "Forward",
                                                                                        "Index Name": "company_type_id_movie_companies",
                                                                                        "Relation Name": "movie_companies",
                                                                                        "Schema": "public",
                                                                                        "Alias": "mc",
                                                                                        "Startup Cost": 10000000000.43,
                                                                                        "Total Cost": 10000084830.36,
                                                                                        "Plan Rows": 1265428,
                                                                                        "Plan Width": 12,
                                                                                        "Actual Startup Time": 0.115,
                                                                                        "Actual Total Time": 579.541,
                                                                                        "Actual Rows": 1271989,
                                                                                        "Actual Loops": 6,
                                                                                        "Output": [
                                                                                            "mc.movie_id",
                                                                                            "mc.company_type_id",
                                                                                            "mc.company_id"
                                                                                        ],
                                                                                        "Filter": "(mc.note IS NULL)",
                                                                                        "Rows Removed by Filter": 1337140,
                                                                                        "Workers": [
                                                                                            {
                                                                                                "Worker Number": 0,
                                                                                                "Actual Startup Time": 0.128,
                                                                                                "Actual Total Time": 587.676,
                                                                                                "Actual Rows": 1271989,
                                                                                                "Actual Loops": 1
                                                                                            },
                                                                                            {
                                                                                                "Worker Number": 1,
                                                                                                "Actual Startup Time": 0.086,
                                                                                                "Actual Total Time": 582.93,
                                                                                                "Actual Rows": 1271989,
                                                                                                "Actual Loops": 1
                                                                                            },
                                                                                            {
                                                                                                "Worker Number": 2,
                                                                                                "Actual Startup Time": 0.134,
                                                                                                "Actual Total Time": 603.851,
                                                                                                "Actual Rows": 1271989,
                                                                                                "Actual Loops": 1
                                                                                            },
                                                                                            {
                                                                                                "Worker Number": 3,
                                                                                                "Actual Startup Time": 0.153,
                                                                                                "Actual Total Time": 636.891,
                                                                                                "Actual Rows": 1271989,
                                                                                                "Actual Loops": 1
                                                                                            },
                                                                                            {
                                                                                                "Worker Number": 4,
                                                                                                "Actual Startup Time": 0.124,
                                                                                                "Actual Total Time": 568.938,
                                                                                                "Actual Rows": 1271989,
                                                                                                "Actual Loops": 1
                                                                                            }
                                                                                        ]
                                                                                    }
                                                                                ]
                                                                            }
                                                                        ]
                                                                    },
                                                                    {
                                                                        "Node Type": "Hash",
                                                                        "Parent Relationship": "Inner",
                                                                        "Parallel Aware": false,
                                                                        "Startup Cost": 13629.43,
                                                                        "Total Cost": 13629.43,
                                                                        "Plan Rows": 50732,
                                                                        "Plan Width": 23,
                                                                        "Actual Startup Time": 210.764,
                                                                        "Actual Total Time": 210.764,
                                                                        "Actual Rows": 48302,
                                                                        "Actual Loops": 6,
                                                                        "Output": [
                                                                            "cn.name",
                                                                            "cn.id"
                                                                        ],
                                                                        "Hash Buckets": 65536,
                                                                        "Original Hash Buckets": 65536,
                                                                        "Hash Batches": 1,
                                                                        "Original Hash Batches": 1,
                                                                        "Peak Memory Usage": 3137,
                                                                        "Workers": [
                                                                            {
                                                                                "Worker Number": 0,
                                                                                "Actual Startup Time": 220.348,
                                                                                "Actual Total Time": 220.349,
                                                                                "Actual Rows": 48302,
                                                                                "Actual Loops": 1
                                                                            },
                                                                            {
                                                                                "Worker Number": 1,
                                                                                "Actual Startup Time": 226.206,
                                                                                "Actual Total Time": 226.207,
                                                                                "Actual Rows": 48302,
                                                                                "Actual Loops": 1
                                                                            },
                                                                            {
                                                                                "Worker Number": 2,
                                                                                "Actual Startup Time": 220.29,
                                                                                "Actual Total Time": 220.291,
                                                                                "Actual Rows": 48302,
                                                                                "Actual Loops": 1
                                                                            },
                                                                            {
                                                                                "Worker Number": 3,
                                                                                "Actual Startup Time": 224.568,
                                                                                "Actual Total Time": 224.569,
                                                                                "Actual Rows": 48302,
                                                                                "Actual Loops": 1
                                                                            },
                                                                            {
                                                                                "Worker Number": 4,
                                                                                "Actual Startup Time": 220.2,
                                                                                "Actual Total Time": 220.201,
                                                                                "Actual Rows": 48302,
                                                                                "Actual Loops": 1
                                                                            }
                                                                        ],
                                                                        "Plans": [
                                                                            {
                                                                                "Node Type": "Index Scan",
                                                                                "Parent Relationship": "Outer",
                                                                                "Parallel Aware": false,
                                                                                "Scan Direction": "Forward",
                                                                                "Index Name": "company_name_pkey",
                                                                                "Relation Name": "company_name",
                                                                                "Schema": "public",
                                                                                "Alias": "cn",
                                                                                "Startup Cost": 0.42,
                                                                                "Total Cost": 13629.43,
                                                                                "Plan Rows": 50732,
                                                                                "Plan Width": 23,
                                                                                "Actual Startup Time": 0.177,
                                                                                "Actual Total Time": 194.514,
                                                                                "Actual Rows": 48302,
                                                                                "Actual Loops": 6,
                                                                                "Output": [
                                                                                    "cn.name",
                                                                                    "cn.id"
                                                                                ],
                                                                                "Filter": "(((cn.country_code)::text <> '[pl]'::text) AND ((cn.name ~~ '%Film%'::text) OR (cn.name ~~ '%Warner%'::text)))",
                                                                                "Rows Removed by Filter": 186695,
                                                                                "Workers": [
                                                                                    {
                                                                                        "Worker Number": 0,
                                                                                        "Actual Startup Time": 0.214,
                                                                                        "Actual Total Time": 202.423,
                                                                                        "Actual Rows": 48302,
                                                                                        "Actual Loops": 1
                                                                                    },
                                                                                    {
                                                                                        "Worker Number": 1,
                                                                                        "Actual Startup Time": 0.23,
                                                                                        "Actual Total Time": 208.698,
                                                                                        "Actual Rows": 48302,
                                                                                        "Actual Loops": 1
                                                                                    },
                                                                                    {
                                                                                        "Worker Number": 2,
                                                                                        "Actual Startup Time": 0.183,
                                                                                        "Actual Total Time": 202.313,
                                                                                        "Actual Rows": 48302,
                                                                                        "Actual Loops": 1
                                                                                    },
                                                                                    {
                                                                                        "Worker Number": 3,
                                                                                        "Actual Startup Time": 0.228,
                                                                                        "Actual Total Time": 207.701,
                                                                                        "Actual Rows": 48302,
                                                                                        "Actual Loops": 1
                                                                                    },
                                                                                    {
                                                                                        "Worker Number": 4,
                                                                                        "Actual Startup Time": 0.173,
                                                                                        "Actual Total Time": 202.634,
                                                                                        "Actual Rows": 48302,
                                                                                        "Actual Loops": 1
                                                                                    }
                                                                                ]
                                                                            }
                                                                        ]
                                                                    }
                                                                ]
                                                            }
                                                        ]
                                                    }
                                                ]
                                            },
                                            {
                                                "Node Type": "Bitmap Heap Scan",
                                                "Parent Relationship": "Inner",
                                                "Parallel Aware": false,
                                                "Relation Name": "company_type",
                                                "Schema": "public",
                                                "Alias": "ct",
                                                "Startup Cost": 0.14,
                                                "Total Cost": 4.15,
                                                "Plan Rows": 1,
                                                "Plan Width": 4,
                                                "Actual Startup Time": 0.003,
                                                "Actual Total Time": 0.003,
                                                "Actual Rows": 1,
                                                "Actual Loops": 72997,
                                                "Output": [
                                                    "ct.id",
                                                    "ct.kind"
                                                ],
                                                "Recheck Cond": "(ct.id = mc.company_type_id)",
                                                "Rows Removed by Index Recheck": 0,
                                                "Filter": "((ct.kind)::text = 'production companies'::text)",
                                                "Rows Removed by Filter": 0,
                                                "Exact Heap Blocks": 24523,
                                                "Lossy Heap Blocks": 0,
                                                "Workers": [
                                                    {
                                                        "Worker Number": 0,
                                                        "Actual Startup Time": 0.004,
                                                        "Actual Total Time": 0.004,
                                                        "Actual Rows": 1,
                                                        "Actual Loops": 11439
                                                    },
                                                    {
                                                        "Worker Number": 1,
                                                        "Actual Startup Time": 0.005,
                                                        "Actual Total Time": 0.005,
                                                        "Actual Rows": 1,
                                                        "Actual Loops": 7188
                                                    },
                                                    {
                                                        "Worker Number": 2,
                                                        "Actual Startup Time": 0.004,
                                                        "Actual Total Time": 0.004,
                                                        "Actual Rows": 1,
                                                        "Actual Loops": 11326
                                                    },
                                                    {
                                                        "Worker Number": 3,
                                                        "Actual Startup Time": 0.004,
                                                        "Actual Total Time": 0.004,
                                                        "Actual Rows": 1,
                                                        "Actual Loops": 7365
                                                    },
                                                    {
                                                        "Worker Number": 4,
                                                        "Actual Startup Time": 0.004,
                                                        "Actual Total Time": 0.004,
                                                        "Actual Rows": 1,
                                                        "Actual Loops": 11156
                                                    }
                                                ],
                                                "Plans": [
                                                    {
                                                        "Node Type": "Bitmap Index Scan",
                                                        "Parent Relationship": "Outer",
                                                        "Parallel Aware": false,
                                                        "Index Name": "company_type_pkey",
                                                        "Startup Cost": 0.0,
                                                        "Total Cost": 0.14,
                                                        "Plan Rows": 1,
                                                        "Plan Width": 0,
                                                        "Actual Startup Time": 0.002,
                                                        "Actual Total Time": 0.002,
                                                        "Actual Rows": 1,
                                                        "Actual Loops": 72997,
                                                        "Index Cond": "(ct.id = mc.company_type_id)",
                                                        "Workers": [
                                                            {
                                                                "Worker Number": 0,
                                                                "Actual Startup Time": 0.002,
                                                                "Actual Total Time": 0.002,
                                                                "Actual Rows": 1,
                                                                "Actual Loops": 11439
                                                            },
                                                            {
                                                                "Worker Number": 1,
                                                                "Actual Startup Time": 0.003,
                                                                "Actual Total Time": 0.003,
                                                                "Actual Rows": 1,
                                                                "Actual Loops": 7188
                                                            },
                                                            {
                                                                "Worker Number": 2,
                                                                "Actual Startup Time": 0.002,
                                                                "Actual Total Time": 0.002,
                                                                "Actual Rows": 1,
                                                                "Actual Loops": 11326
                                                            },
                                                            {
                                                                "Worker Number": 3,
                                                                "Actual Startup Time": 0.002,
                                                                "Actual Total Time": 0.002,
                                                                "Actual Rows": 1,
                                                                "Actual Loops": 7365
                                                            },
                                                            {
                                                                "Worker Number": 4,
                                                                "Actual Startup Time": 0.002,
                                                                "Actual Total Time": 0.002,
                                                                "Actual Rows": 1,
                                                                "Actual Loops": 11156
                                                            }
                                                        ]
                                                    }
                                                ]
                                            }
                                        ]
                                    }
                                ]
                            }
                        ]
                    }
                ]
            }
        ]
    },
    "Planning Time": 13.844,
    "Triggers": [],
    "Execution Time": 3564.166
}