[
    {
        "Bao": {
            "Bao prediction": "NaN",
            "Bao recommended hint": "(no hint)"
        }
    },
    {
        "Plan": {
            "Node Type": "Aggregate",
            "Strategy": "Plain",
            "Partial Mode": "Finalize",
            "Parallel Aware": false,
            "Startup Cost": 32859.29,
            "Total Cost": 32859.3,
            "Plan Rows": 1,
            "Plan Width": 8,
            "Actual Startup Time": 94.82,
            "Actual Total Time": 99.772,
            "Actual Rows": 1,
            "Actual Loops": 1,
            "Output": [
                "count(*)"
            ],
            "Plans": [
                {
                    "Node Type": "Gather",
                    "Parent Relationship": "Outer",
                    "Parallel Aware": false,
                    "Startup Cost": 32858.97,
                    "Total Cost": 32859.28,
                    "Plan Rows": 3,
                    "Plan Width": 8,
                    "Actual Startup Time": 94.751,
                    "Actual Total Time": 99.766,
                    "Actual Rows": 4,
                    "Actual Loops": 1,
                    "Output": [
                        "(PARTIAL count(*))"
                    ],
                    "Workers Planned": 3,
                    "Workers Launched": 3,
                    "Single Copy": false,
                    "Plans": [
                        {
                            "Node Type": "Aggregate",
                            "Strategy": "Plain",
                            "Partial Mode": "Partial",
                            "Parent Relationship": "Outer",
                            "Parallel Aware": false,
                            "Startup Cost": 31858.97,
                            "Total Cost": 31858.98,
                            "Plan Rows": 1,
                            "Plan Width": 8,
                            "Actual Startup Time": 86.693,
                            "Actual Total Time": 86.695,
                            "Actual Rows": 1,
                            "Actual Loops": 4,
                            "Output": [
                                "PARTIAL count(*)"
                            ],
                            "Workers": [
                                {
                                    "Worker Number": 0,
                                    "Actual Startup Time": 83.809,
                                    "Actual Total Time": 83.81,
                                    "Actual Rows": 1,
                                    "Actual Loops": 1
                                },
                                {
                                    "Worker Number": 1,
                                    "Actual Startup Time": 83.942,
                                    "Actual Total Time": 83.943,
                                    "Actual Rows": 1,
                                    "Actual Loops": 1
                                },
                                {
                                    "Worker Number": 2,
                                    "Actual Startup Time": 84.529,
                                    "Actual Total Time": 84.53,
                                    "Actual Rows": 1,
                                    "Actual Loops": 1
                                }
                            ],
                            "Plans": [
                                {
                                    "Node Type": "Seq Scan",
                                    "Parent Relationship": "Outer",
                                    "Parallel Aware": true,
                                    "Relation Name": "movie_companies",
                                    "Schema": "public",
                                    "Alias": "mc",
                                    "Startup Cost": 0.0,
                                    "Total Cost": 31414.82,
                                    "Plan Rows": 177661,
                                    "Plan Width": 0,
                                    "Actual Startup Time": 42.068,
                                    "Actual Total Time": 77.411,
                                    "Actual Rows": 211440,
                                    "Actual Loops": 4,
                                    "Output": [
                                        "id",
                                        "movie_id",
                                        "company_id",
                                        "company_type_id",
                                        "note"
                                    ],
                                    "Filter": "((mc.company_id > 14326) AND (mc.company_type_id > 1))",
                                    "Rows Removed by Filter": 440843,
                                    "Workers": [
                                        {
                                            "Worker Number": 0,
                                            "Actual Startup Time": 39.184,
                                            "Actual Total Time": 74.598,
                                            "Actual Rows": 226422,
                                            "Actual Loops": 1
                                        },
                                        {
                                            "Worker Number": 1,
                                            "Actual Startup Time": 39.331,
                                            "Actual Total Time": 74.995,
                                            "Actual Rows": 220772,
                                            "Actual Loops": 1
                                        },
                                        {
                                            "Worker Number": 2,
                                            "Actual Startup Time": 39.886,
                                            "Actual Total Time": 75.511,
                                            "Actual Rows": 133344,
                                            "Actual Loops": 1
                                        }
                                    ]
                                }
                            ]
                        }
                    ]
                }
            ]
        },
        "Planning Time": 184.534,
        "Triggers": [],
        "Execution Time": 99.814
    }
]