[
  {
    "Plan": {
      "Node Type": "Aggregate",
      "Strategy": "Plain",
      "Partial Mode": "Finalize",
      "Parallel Aware": false,
      "Startup Cost": 312311.79,
      "Total Cost": 312311.8,
      "Plan Rows": 1,
      "Plan Width": 8,
      "Actual Startup Time": 2893.354,
      "Actual Total Time": 2967.275,
      "Actual Rows": 1,
      "Actual Loops": 1,
      "Plans": [
        {
          "Node Type": "Gather",
          "Parent Relationship": "Outer",
          "Parallel Aware": false,
          "Startup Cost": 312311.47,
          "Total Cost": 312311.78,
          "Plan Rows": 3,
          "Plan Width": 8,
          "Actual Startup Time": 2856.846,
          "Actual Total Time": 2967.263,
          "Actual Rows": 4,
          "Actual Loops": 1,
          "Workers Planned": 3,
          "Workers Launched": 3,
          "Single Copy": false,
          "Plans": [
            {
              "Node Type": "Aggregate",
              "Strategy": "Plain",
              "Partial Mode": "Partial",
              "Parent Relationship": "Outer",
              "Parallel Aware": false,
              "Startup Cost": 311311.47,
              "Total Cost": 311311.48,
              "Plan Rows": 1,
              "Plan Width": 8,
              "Actual Startup Time": 2839.545,
              "Actual Total Time": 2841.238,
              "Actual Rows": 1,
              "Actual Loops": 4,
              "Plans": [
                {
                  "Node Type": "Hash Join",
                  "Parent Relationship": "Outer",
                  "Parallel Aware": true,
                  "Join Type": "Inner",
                  "Startup Cost": 258545.76,
                  "Total Cost": 307452.55,
                  "Plan Rows": 1543570,
                  "Plan Width": 0,
                  "Actual Startup Time": 2114.14,
                  "Actual Total Time": 2659.85,
                  "Actual Rows": 4471501,
                  "Actual Loops": 4,
                  "Inner Unique": false,
                  "Hash Cond": "(mk.movie_id = t.id)",
                  "Plans": [
                    {
                      "Node Type": "Seq Scan",
                      "Parent Relationship": "Outer",
                      "Parallel Aware": true,
                      "Relation Name": "movie_keyword",
                      "Alias": "mk",
                      "Startup Cost": 0.0,
                      "Total Cost": 42695.65,
                      "Plan Rows": 970272,
                      "Plan Width": 4,
                      "Actual Startup Time": 0.276,
                      "Actual Total Time": 106.016,
                      "Actual Rows": 746715,
                      "Actual Loops": 4,
                      "Filter": "(keyword_id > 2242)",
                      "Rows Removed by Filter": 384268
                    },
                    {
                      "Node Type": "Hash",
                      "Parent Relationship": "Inner",
                      "Parallel Aware": true,
                      "Startup Cost": 250166.24,
                      "Total Cost": 250166.24,
                      "Plan Rows": 670361,
                      "Plan Width": 8,
                      "Actual Startup Time": 2102.597,
                      "Actual Total Time": 2104.288,
                      "Actual Rows": 1486117,
                      "Actual Loops": 4,
                      "Hash Buckets": 8388608,
                      "Original Hash Buckets": 4194304,
                      "Hash Batches": 1,
                      "Original Hash Batches": 1,
                      "Peak Memory Usage": 330944,
                      "Plans": [
                        {
                          "Node Type": "Hash Join",
                          "Parent Relationship": "Outer",
                          "Parallel Aware": true,
                          "Join Type": "Inner",
                          "Startup Cost": 50016.03,
                          "Total Cost": 250166.24,
                          "Plan Rows": 670361,
                          "Plan Width": 8,
                          "Actual Startup Time": 273.768,
                          "Actual Total Time": 1465.162,
                          "Actual Rows": 1486117,
                          "Actual Loops": 4,
                          "Inner Unique": true,
                          "Hash Cond": "(ci.movie_id = t.id)",
                          "Plans": [
                            {
                              "Node Type": "Index Scan",
                              "Parent Relationship": "Outer",
                              "Parallel Aware": true,
                              "Scan Direction": "Forward",
                              "Index Name": "role_id_cast_info",
                              "Relation Name": "cast_info",
                              "Alias": "ci",
                              "Startup Cost": 0.56,
                              "Total Cost": 197877.72,
                              "Plan Rows": 865925,
                              "Plan Width": 4,
                              "Actual Startup Time": 0.178,
                              "Actual Total Time": 351.583,
                              "Actual Rows": 1774986,
                              "Actual Loops": 4,
                              "Index Cond": "(role_id = 2)",
                              "Rows Removed by Index Recheck": 0,
                              "Filter": "(person_id < 2653339)",
                              "Rows Removed by Filter": 88007
                            },
                            {
                              "Node Type": "Hash",
                              "Parent Relationship": "Inner",
                              "Parallel Aware": true,
                              "Startup Cost": 43898.92,
                              "Total Cost": 43898.92,
                              "Plan Rows": 489324,
                              "Plan Width": 4,
                              "Actual Startup Time": 270.614,
                              "Actual Total Time": 270.616,
                              "Actual Rows": 486816,
                              "Actual Loops": 4,
                              "Hash Buckets": 2097152,
                              "Original Hash Buckets": 2097152,
                              "Hash Batches": 1,
                              "Original Hash Batches": 1,
                              "Peak Memory Usage": 92608,
                              "Plans": [
                                {
                                  "Node Type": "Seq Scan",
                                  "Parent Relationship": "Outer",
                                  "Parallel Aware": true,
                                  "Relation Name": "title",
                                  "Alias": "t",
                                  "Startup Cost": 0.0,
                                  "Total Cost": 43898.92,
                                  "Plan Rows": 489324,
                                  "Plan Width": 4,
                                  "Actual Startup Time": 0.039,
                                  "Actual Total Time": 109.073,
                                  "Actual Rows": 486816,
                                  "Actual Loops": 4,
                                  "Filter": "(production_year > 1979)",
                                  "Rows Removed by Filter": 145262
                                }
                              ]
                            }
                          ]
                        }
                      ]
                    }
                  ]
                }
              ]
            }
          ]
        }
      ]
    },
    "Planning Time": 1.379,
    "Triggers": [],
    "Execution Time": 2967.367
  }
]