[
  {
    "Plan": {
      "Node Type": "Aggregate",
      "Strategy": "Plain",
      "Partial Mode": "Finalize",
      "Parallel Aware": false,
      "Startup Cost": 62248.54,
      "Total Cost": 62248.55,
      "Plan Rows": 1,
      "Plan Width": 8,
      "Actual Startup Time": 240.435,
      "Actual Total Time": 258.306,
      "Actual Rows": 1,
      "Actual Loops": 1,
      "Plans": [
        {
          "Node Type": "Gather",
          "Parent Relationship": "Outer",
          "Parallel Aware": false,
          "Startup Cost": 62248.33,
          "Total Cost": 62248.54,
          "Plan Rows": 2,
          "Plan Width": 8,
          "Actual Startup Time": 239.527,
          "Actual Total Time": 258.298,
          "Actual Rows": 3,
          "Actual Loops": 1,
          "Workers Planned": 2,
          "Workers Launched": 2,
          "Single Copy": false,
          "Plans": [
            {
              "Node Type": "Aggregate",
              "Strategy": "Plain",
              "Partial Mode": "Partial",
              "Parent Relationship": "Outer",
              "Parallel Aware": false,
              "Startup Cost": 61248.33,
              "Total Cost": 61248.34,
              "Plan Rows": 1,
              "Plan Width": 8,
              "Actual Startup Time": 232.272,
              "Actual Total Time": 232.328,
              "Actual Rows": 1,
              "Actual Loops": 3,
              "Plans": [
                {
                  "Node Type": "Hash Join",
                  "Parent Relationship": "Outer",
                  "Parallel Aware": true,
                  "Join Type": "Inner",
                  "Startup Cost": 45610.39,
                  "Total Cost": 61240.33,
                  "Plan Rows": 3199,
                  "Plan Width": 0,
                  "Actual Startup Time": 186.654,
                  "Actual Total Time": 232.087,
                  "Actual Rows": 2941,
                  "Actual Loops": 3,
                  "Inner Unique": true,
                  "Hash Cond": "(mi_idx.movie_id = t.id)",
                  "Plans": [
                    {
                      "Node Type": "Seq Scan",
                      "Parent Relationship": "Outer",
                      "Parallel Aware": true,
                      "Relation Name": "movie_info_idx",
                      "Alias": "mi_idx",
                      "Startup Cost": 0.0,
                      "Total Cost": 15122.68,
                      "Plan Rows": 193243,
                      "Plan Width": 4,
                      "Actual Startup Time": 0.035,
                      "Actual Total Time": 49.594,
                      "Actual Rows": 153308,
                      "Actual Loops": 3,
                      "Filter": "(info_type_id = 101)",
                      "Rows Removed by Filter": 306703
                    },
                    {
                      "Node Type": "Hash",
                      "Parent Relationship": "Inner",
                      "Parallel Aware": true,
                      "Startup Cost": 45479.59,
                      "Total Cost": 45479.59,
                      "Plan Rows": 10464,
                      "Plan Width": 4,
                      "Actual Startup Time": 151.316,
                      "Actual Total Time": 151.317,
                      "Actual Rows": 38437,
                      "Actual Loops": 3,
                      "Hash Buckets": 131072,
                      "Original Hash Buckets": 65536,
                      "Hash Batches": 1,
                      "Original Hash Batches": 1,
                      "Peak Memory Usage": 6112,
                      "Plans": [
                        {
                          "Node Type": "Seq Scan",
                          "Parent Relationship": "Outer",
                          "Parallel Aware": true,
                          "Relation Name": "title",
                          "Alias": "t",
                          "Startup Cost": 0.0,
                          "Total Cost": 45479.59,
                          "Plan Rows": 10464,
                          "Plan Width": 4,
                          "Actual Startup Time": 77.573,
                          "Actual Total Time": 134.467,
                          "Actual Rows": 38437,
                          "Actual Loops": 3,
                          "Filter": "((kind_id < 7) AND (production_year < 1930))",
                          "Rows Removed by Filter": 804333
                        }
                      ]
                    }
                  ]
                }
              ]
            }
          ]
        }
      ]
    },
    "Planning Time": 0.338,
    "Triggers": [],
    "Execution Time": 258.355
  }
]