[
  {
    "Plan": {
      "Node Type": "Aggregate",
      "Strategy": "Plain",
      "Partial Mode": "Finalize",
      "Parallel Aware": false,
      "Startup Cost": 46419.34,
      "Total Cost": 46419.35,
      "Plan Rows": 1,
      "Plan Width": 8,
      "Actual Startup Time": 169.802,
      "Actual Total Time": 177.599,
      "Actual Rows": 1,
      "Actual Loops": 1,
      "Plans": [
        {
          "Node Type": "Gather",
          "Parent Relationship": "Outer",
          "Parallel Aware": false,
          "Startup Cost": 46419.03,
          "Total Cost": 46419.34,
          "Plan Rows": 3,
          "Plan Width": 8,
          "Actual Startup Time": 169.684,
          "Actual Total Time": 177.592,
          "Actual Rows": 4,
          "Actual Loops": 1,
          "Workers Planned": 3,
          "Workers Launched": 3,
          "Single Copy": false,
          "Plans": [
            {
              "Node Type": "Aggregate",
              "Strategy": "Plain",
              "Partial Mode": "Partial",
              "Parent Relationship": "Outer",
              "Parallel Aware": false,
              "Startup Cost": 45419.03,
              "Total Cost": 45419.04,
              "Plan Rows": 1,
              "Plan Width": 8,
              "Actual Startup Time": 163.289,
              "Actual Total Time": 163.29,
              "Actual Rows": 1,
              "Actual Loops": 4,
              "Plans": [
                {
                  "Node Type": "Seq Scan",
                  "Parent Relationship": "Outer",
                  "Parallel Aware": true,
                  "Relation Name": "movie_keyword",
                  "Alias": "mk",
                  "Startup Cost": 0.0,
                  "Total Cost": 42695.65,
                  "Plan Rows": 1089349,
                  "Plan Width": 0,
                  "Actual Startup Time": 0.048,
                  "Actual Total Time": 123.872,
                  "Actual Rows": 843980,
                  "Actual Loops": 4,
                  "Filter": "(keyword_id < 16224)",
                  "Rows Removed by Filter": 287003
                }
              ]
            }
          ]
        }
      ]
    },
    "Planning Time": 0.168,
    "Triggers": [],
    "Execution Time": 177.659
  }
]