[
  {
    "Plan": {
      "Node Type": "Aggregate",
      "Strategy": "Plain",
      "Partial Mode": "Finalize",
      "Parallel Aware": false,
      "Startup Cost": 66546.23,
      "Total Cost": 66546.24,
      "Plan Rows": 1,
      "Plan Width": 8,
      "Actual Startup Time": 127.636,
      "Actual Total Time": 139.601,
      "Actual Rows": 1,
      "Actual Loops": 1,
      "Plans": [
        {
          "Node Type": "Gather",
          "Parent Relationship": "Outer",
          "Parallel Aware": false,
          "Startup Cost": 66545.91,
          "Total Cost": 66546.22,
          "Plan Rows": 3,
          "Plan Width": 8,
          "Actual Startup Time": 126.317,
          "Actual Total Time": 139.594,
          "Actual Rows": 4,
          "Actual Loops": 1,
          "Workers Planned": 3,
          "Workers Launched": 3,
          "Single Copy": false,
          "Plans": [
            {
              "Node Type": "Aggregate",
              "Strategy": "Plain",
              "Partial Mode": "Partial",
              "Parent Relationship": "Outer",
              "Parallel Aware": false,
              "Startup Cost": 65545.91,
              "Total Cost": 65545.92,
              "Plan Rows": 1,
              "Plan Width": 8,
              "Actual Startup Time": 120.862,
              "Actual Total Time": 120.865,
              "Actual Rows": 1,
              "Actual Loops": 4,
              "Plans": [
                {
                  "Node Type": "Hash Join",
                  "Parent Relationship": "Outer",
                  "Parallel Aware": true,
                  "Join Type": "Inner",
                  "Startup Cost": 46290.55,
                  "Total Cost": 65543.64,
                  "Plan Rows": 910,
                  "Plan Width": 0,
                  "Actual Startup Time": 107.389,
                  "Actual Total Time": 120.756,
                  "Actual Rows": 1428,
                  "Actual Loops": 4,
                  "Inner Unique": true,
                  "Hash Cond": "(mc.movie_id = t.id)",
                  "Plans": [
                    {
                      "Node Type": "Bitmap Heap Scan",
                      "Parent Relationship": "Outer",
                      "Parallel Aware": true,
                      "Relation Name": "movie_companies",
                      "Alias": "mc",
                      "Startup Cost": 1894.51,
                      "Total Cost": 21109.57,
                      "Plan Rows": 14483,
                      "Plan Width": 4,
                      "Actual Startup Time": 4.381,
                      "Actual Total Time": 12.41,
                      "Actual Rows": 21886,
                      "Actual Loops": 4,
                      "Recheck Cond": "(company_id > 165256)",
                      "Rows Removed by Index Recheck": 0,
                      "Filter": "(company_type_id = 2)",
                      "Rows Removed by Filter": 0,
                      "Exact Heap Blocks": 996,
                      "Lossy Heap Blocks": 0,
                      "Plans": [
                        {
                          "Node Type": "Bitmap Index Scan",
                          "Parent Relationship": "Outer",
                          "Parallel Aware": false,
                          "Index Name": "company_id_movie_companies",
                          "Startup Cost": 0.0,
                          "Total Cost": 1883.28,
                          "Plan Rows": 87847,
                          "Plan Width": 0,
                          "Actual Startup Time": 3.929,
                          "Actual Total Time": 3.93,
                          "Actual Rows": 87543,
                          "Actual Loops": 1,
                          "Index Cond": "(company_id > 165256)"
                        }
                      ]
                    },
                    {
                      "Node Type": "Hash",
                      "Parent Relationship": "Inner",
                      "Parallel Aware": true,
                      "Startup Cost": 43899.32,
                      "Total Cost": 43899.32,
                      "Plan Rows": 39738,
                      "Plan Width": 4,
                      "Actual Startup Time": 101.781,
                      "Actual Total Time": 101.782,
                      "Actual Rows": 40004,
                      "Actual Loops": 4,
                      "Hash Buckets": 262144,
                      "Original Hash Buckets": 262144,
                      "Hash Batches": 1,
                      "Original Hash Batches": 1,
                      "Peak Memory Usage": 8352,
                      "Plans": [
                        {
                          "Node Type": "Seq Scan",
                          "Parent Relationship": "Outer",
                          "Parallel Aware": true,
                          "Relation Name": "title",
                          "Alias": "t",
                          "Startup Cost": 0.0,
                          "Total Cost": 43899.32,
                          "Plan Rows": 39738,
                          "Plan Width": 4,
                          "Actual Startup Time": 0.03,
                          "Actual Total Time": 87.528,
                          "Actual Rows": 40004,
                          "Actual Loops": 4,
                          "Filter": "(production_year = 2011)",
                          "Rows Removed by Filter": 592074
                        }
                      ]
                    }
                  ]
                }
              ]
            }
          ]
        }
      ]
    },
    "Planning Time": 0.27,
    "Triggers": [],
    "Execution Time": 139.656
  }
]