[
  {
    "Plan": {
      "Node Type": "Aggregate",
      "Strategy": "Plain",
      "Partial Mode": "Finalize",
      "Parallel Aware": false,
      "Startup Cost": 340390.32,
      "Total Cost": 340390.33,
      "Plan Rows": 1,
      "Plan Width": 8,
      "Actual Startup Time": 423.285,
      "Actual Total Time": 444.044,
      "Actual Rows": 1,
      "Actual Loops": 1,
      "Plans": [
        {
          "Node Type": "Gather",
          "Parent Relationship": "Outer",
          "Parallel Aware": false,
          "Startup Cost": 340389.69,
          "Total Cost": 340390.3,
          "Plan Rows": 6,
          "Plan Width": 8,
          "Actual Startup Time": 423.186,
          "Actual Total Time": 444.035,
          "Actual Rows": 7,
          "Actual Loops": 1,
          "Workers Planned": 6,
          "Workers Launched": 6,
          "Single Copy": false,
          "Plans": [
            {
              "Node Type": "Aggregate",
              "Strategy": "Plain",
              "Partial Mode": "Partial",
              "Parent Relationship": "Outer",
              "Parallel Aware": false,
              "Startup Cost": 339389.69,
              "Total Cost": 339389.7,
              "Plan Rows": 1,
              "Plan Width": 8,
              "Actual Startup Time": 415.318,
              "Actual Total Time": 415.319,
              "Actual Rows": 1,
              "Actual Loops": 7,
              "Plans": [
                {
                  "Node Type": "Index Scan",
                  "Parent Relationship": "Outer",
                  "Parallel Aware": true,
                  "Scan Direction": "Forward",
                  "Index Name": "role_id_cast_info",
                  "Relation Name": "cast_info",
                  "Alias": "ci",
                  "Startup Cost": 0.56,
                  "Total Cost": 335235.55,
                  "Plan Rows": 1661657,
                  "Plan Width": 0,
                  "Actual Startup Time": 161.296,
                  "Actual Total Time": 370.035,
                  "Actual Rows": 1039708,
                  "Actual Loops": 7,
                  "Index Cond": "(role_id = 1)",
                  "Rows Removed by Index Recheck": 0,
                  "Filter": "(person_id > 723704)",
                  "Rows Removed by Filter": 770390
                }
              ]
            }
          ]
        }
      ]
    },
    "Planning Time": 0.189,
    "Triggers": [],
    "Execution Time": 444.1
  }
]