[
    {
        "Bao": {
            "Bao prediction": "NaN",
            "Bao recommended hint": "(no hint)"
        }
    },
    {
        "Plan": {
            "Node Type": "Aggregate",
            "Strategy": "Plain",
            "Partial Mode": "Finalize",
            "Parallel Aware": false,
            "Startup Cost": 32823.74,
            "Total Cost": 32823.75,
            "Plan Rows": 1,
            "Plan Width": 8,
            "Actual Startup Time": 101.903,
            "Actual Total Time": 107.837,
            "Actual Rows": 1,
            "Actual Loops": 1,
            "Output": [
                "count(*)"
            ],
            "Plans": [
                {
                    "Node Type": "Gather",
                    "Parent Relationship": "Outer",
                    "Parallel Aware": false,
                    "Startup Cost": 32823.43,
                    "Total Cost": 32823.74,
                    "Plan Rows": 3,
                    "Plan Width": 8,
                    "Actual Startup Time": 101.818,
                    "Actual Total Time": 107.829,
                    "Actual Rows": 4,
                    "Actual Loops": 1,
                    "Output": [
                        "(PARTIAL count(*))"
                    ],
                    "Workers Planned": 3,
                    "Workers Launched": 3,
                    "Single Copy": false,
                    "Plans": [
                        {
                            "Node Type": "Aggregate",
                            "Strategy": "Plain",
                            "Partial Mode": "Partial",
                            "Parent Relationship": "Outer",
                            "Parallel Aware": false,
                            "Startup Cost": 31823.43,
                            "Total Cost": 31823.44,
                            "Plan Rows": 1,
                            "Plan Width": 8,
                            "Actual Startup Time": 92.508,
                            "Actual Total Time": 92.509,
                            "Actual Rows": 1,
                            "Actual Loops": 4,
                            "Output": [
                                "PARTIAL count(*)"
                            ],
                            "Workers": [
                                {
                                    "Worker Number": 0,
                                    "Actual Startup Time": 89.606,
                                    "Actual Total Time": 89.607,
                                    "Actual Rows": 1,
                                    "Actual Loops": 1
                                },
                                {
                                    "Worker Number": 1,
                                    "Actual Startup Time": 89.586,
                                    "Actual Total Time": 89.587,
                                    "Actual Rows": 1,
                                    "Actual Loops": 1
                                },
                                {
                                    "Worker Number": 2,
                                    "Actual Startup Time": 89.505,
                                    "Actual Total Time": 89.506,
                                    "Actual Rows": 1,
                                    "Actual Loops": 1
                                }
                            ],
                            "Plans": [
                                {
                                    "Node Type": "Seq Scan",
                                    "Parent Relationship": "Outer",
                                    "Parallel Aware": true,
                                    "Relation Name": "movie_companies",
                                    "Schema": "public",
                                    "Alias": "mc",
                                    "Startup Cost": 0.0,
                                    "Total Cost": 31414.82,
                                    "Plan Rows": 163443,
                                    "Plan Width": 0,
                                    "Actual Startup Time": 46.712,
                                    "Actual Total Time": 83.23,
                                    "Actual Rows": 204089,
                                    "Actual Loops": 4,
                                    "Output": [
                                        "id",
                                        "movie_id",
                                        "company_id",
                                        "company_type_id",
                                        "note"
                                    ],
                                    "Filter": "((mc.company_id > 16836) AND (mc.company_type_id > 1))",
                                    "Rows Removed by Filter": 448193,
                                    "Workers": [
                                        {
                                            "Worker Number": 0,
                                            "Actual Startup Time": 43.811,
                                            "Actual Total Time": 80.729,
                                            "Actual Rows": 218731,
                                            "Actual Loops": 1
                                        },
                                        {
                                            "Worker Number": 1,
                                            "Actual Startup Time": 43.805,
                                            "Actual Total Time": 80.691,
                                            "Actual Rows": 218716,
                                            "Actual Loops": 1
                                        },
                                        {
                                            "Worker Number": 2,
                                            "Actual Startup Time": 43.708,
                                            "Actual Total Time": 80.656,
                                            "Actual Rows": 212497,
                                            "Actual Loops": 1
                                        }
                                    ]
                                }
                            ]
                        }
                    ]
                }
            ]
        },
        "Planning Time": 290.32,
        "Triggers": [],
        "Execution Time": 107.941
    }
]