[
  {
    "Plan": {
      "Node Type": "Aggregate",
      "Strategy": "Plain",
      "Partial Mode": "Finalize",
      "Parallel Aware": false,
      "Startup Cost": 31058.87,
      "Total Cost": 31058.88,
      "Plan Rows": 1,
      "Plan Width": 8,
      "Actual Startup Time": 92.543,
      "Actual Total Time": 101.407,
      "Actual Rows": 1,
      "Actual Loops": 1,
      "Plans": [
        {
          "Node Type": "Gather",
          "Parent Relationship": "Outer",
          "Parallel Aware": false,
          "Startup Cost": 31058.56,
          "Total Cost": 31058.87,
          "Plan Rows": 3,
          "Plan Width": 8,
          "Actual Startup Time": 92.379,
          "Actual Total Time": 101.398,
          "Actual Rows": 4,
          "Actual Loops": 1,
          "Workers Planned": 3,
          "Workers Launched": 3,
          "Single Copy": false,
          "Plans": [
            {
              "Node Type": "Aggregate",
              "Strategy": "Plain",
              "Partial Mode": "Partial",
              "Parent Relationship": "Outer",
              "Parallel Aware": false,
              "Startup Cost": 30058.56,
              "Total Cost": 30058.57,
              "Plan Rows": 1,
              "Plan Width": 8,
              "Actual Startup Time": 88.589,
              "Actual Total Time": 88.59,
              "Actual Rows": 1,
              "Actual Loops": 4,
              "Plans": [
                {
                  "Node Type": "Seq Scan",
                  "Parent Relationship": "Outer",
                  "Parallel Aware": true,
                  "Relation Name": "movie_companies",
                  "Alias": "mc",
                  "Startup Cost": 0.0,
                  "Total Cost": 29310.68,
                  "Plan Rows": 299150,
                  "Plan Width": 0,
                  "Actual Startup Time": 0.033,
                  "Actual Total Time": 75.969,
                  "Actual Rows": 231912,
                  "Actual Loops": 4,
                  "Filter": "(company_id < 3270)",
                  "Rows Removed by Filter": 420370
                }
              ]
            }
          ]
        }
      ]
    },
    "Planning Time": 0.103,
    "Triggers": [],
    "Execution Time": 101.461
  }
]