{
  "Plan": {
    "Node Type": "Aggregate",
    "Strategy": "Plain",
    "Partial Mode": "Finalize",
    "Parallel Aware": false,
    "Startup Cost": 455171.62,
    "Total Cost": 455171.63,
    "Plan Rows": 1,
    "Plan Width": 8,
    "Actual Startup Time": 1439.316,
    "Actual Total Time": 1463.14,
    "Actual Rows": 1,
    "Actual Loops": 1,
    "Plans": [
      {
        "Node Type": "Gather",
        "Parent Relationship": "Outer",
        "Parallel Aware": false,
        "Startup Cost": 455171.51,
        "Total Cost": 455171.62,
        "Plan Rows": 1,
        "Plan Width": 8,
        "Actual Startup Time": 1432.804,
        "Actual Total Time": 1463.133,
        "Actual Rows": 2,
        "Actual Loops": 1,
        "Workers Planned": 1,
        "Workers Launched": 1,
        "Single Copy": false,
        "Plans": [
          {
            "Node Type": "Aggregate",
            "Strategy": "Plain",
            "Partial Mode": "Partial",
            "Parent Relationship": "Outer",
            "Parallel Aware": false,
            "Startup Cost": 454171.51,
            "Total Cost": 454171.52,
            "Plan Rows": 1,
            "Plan Width": 8,
            "Actual Startup Time": 1424.5,
            "Actual Total Time": 1424.506,
            "Actual Rows": 1,
            "Actual Loops": 2,
            "Plans": [
              {
                "Node Type": "Hash Join",
                "Parent Relationship": "Outer",
                "Parallel Aware": true,
                "Join Type": "Inner",
                "Startup Cost": 383452.98,
                "Total Cost": 451286.3,
                "Plan Rows": 1154082,
                "Plan Width": 0,
                "Actual Startup Time": 928.458,
                "Actual Total Time": 1363.941,
                "Actual Rows": 1435141,
                "Actual Loops": 2,
                "Inner Unique": false,
                "Hash Cond": "(mk.movie_id = t.id)",
                "Plans": [
                  {
                    "Node Type": "Seq Scan",
                    "Parent Relationship": "Outer",
                    "Parallel Aware": true,
                    "Relation Name": "movie_keyword",
                    "Alias": "mk",
                    "Startup Cost": 0.0,
                    "Total Cost": 51065.35,
                    "Plan Rows": 2661135,
                    "Plan Width": 4,
                    "Actual Startup Time": 0.011,
                    "Actual Total Time": 151.555,
                    "Actual Rows": 2261965,
                    "Actual Loops": 2
                  },
                  {
                    "Node Type": "Hash",
                    "Parent Relationship": "Inner",
                    "Parallel Aware": true,
                    "Startup Cost": 375390.69,
                    "Total Cost": 375390.69,
                    "Plan Rows": 644983,
                    "Plan Width": 8,
                    "Actual Startup Time": 913.784,
                    "Actual Total Time": 913.789,
                    "Actual Rows": 241247,
                    "Actual Loops": 2,
                    "Hash Buckets": 2097152,
                    "Original Hash Buckets": 2097152,
                    "Hash Batches": 1,
                    "Original Hash Batches": 1,
                    "Peak Memory Usage": 35296,
                    "Plans": [
                      {
                        "Node Type": "Hash Join",
                        "Parent Relationship": "Outer",
                        "Parallel Aware": true,
                        "Join Type": "Inner",
                        "Startup Cost": 106254.27,
                        "Total Cost": 375390.69,
                        "Plan Rows": 644983,
                        "Plan Width": 8,
                        "Actual Startup Time": 671.369,
                        "Actual Total Time": 837.932,
                        "Actual Rows": 241247,
                        "Actual Loops": 2,
                        "Inner Unique": true,
                        "Hash Cond": "(ci.movie_id = t.id)",
                        "Plans": [
                          {
                            "Node Type": "Bitmap Heap Scan",
                            "Parent Relationship": "Outer",
                            "Parallel Aware": true,
                            "Relation Name": "cast_info",
                            "Alias": "ci",
                            "Startup Cost": 36793.57,
                            "Total Cost": 304236.91,
                            "Plan Rows": 644983,
                            "Plan Width": 4,
                            "Actual Startup Time": 132.529,
                            "Actual Total Time": 177.006,
                            "Actual Rows": 241247,
                            "Actual Loops": 2,
                            "Recheck Cond": "(person_id < 169477)",
                            "Rows Removed by Index Recheck": 0,
                            "Filter": "(role_id > 1)",
                            "Rows Removed by Filter": 611594,
                            "Exact Heap Blocks": 10521,
                            "Lossy Heap Blocks": 0,
                            "Plans": [
                              {
                                "Node Type": "Bitmap Index Scan",
                                "Parent Relationship": "Outer",
                                "Parallel Aware": false,
                                "Index Name": "person_id_cast_info",
                                "Startup Cost": 0.0,
                                "Total Cost": 36519.45,
                                "Plan Rows": 1672385,
                                "Plan Width": 0,
                                "Actual Startup Time": 64.928,
                                "Actual Total Time": 64.928,
                                "Actual Rows": 1705681,
                                "Actual Loops": 1,
                                "Index Cond": "(person_id < 169477)"
                              }
                            ]
                          },
                          {
                            "Node Type": "Hash",
                            "Parent Relationship": "Inner",
                            "Parallel Aware": true,
                            "Startup Cost": 50870.31,
                            "Total Cost": 50870.31,
                            "Plan Rows": 1487231,
                            "Plan Width": 4,
                            "Actual Startup Time": 524.747,
                            "Actual Total Time": 524.748,
                            "Actual Rows": 1264156,
                            "Actual Loops": 2,
                            "Hash Buckets": 4194304,
                            "Original Hash Buckets": 4194304,
                            "Hash Batches": 1,
                            "Original Hash Batches": 1,
                            "Peak Memory Usage": 131712,
                            "Plans": [
                              {
                                "Node Type": "Seq Scan",
                                "Parent Relationship": "Outer",
                                "Parallel Aware": true,
                                "Relation Name": "title",
                                "Alias": "t",
                                "Startup Cost": 0.0,
                                "Total Cost": 50870.31,
                                "Plan Rows": 1487231,
                                "Plan Width": 4,
                                "Actual Startup Time": 0.027,
                                "Actual Total Time": 152.793,
                                "Actual Rows": 1264156,
                                "Actual Loops": 2
                              }
                            ]
                          }
                        ]
                      }
                    ]
                  }
                ]
              }
            ]
          }
        ]
      }
    ]
  },
  "Planning Time": 1.108,
  "Triggers": [],
  "Execution Time": 1463.243
}