[
    {
        "Bao": {
            "Bao prediction": 356.014,
            "Bao recommended hint": "(no hint)"
        }
    },
    {
        "Plan": {
            "Node Type": "Aggregate",
            "Strategy": "Plain",
            "Partial Mode": "Simple",
            "Parallel Aware": false,
            "Startup Cost": 38138.22,
            "Total Cost": 38138.23,
            "Plan Rows": 1,
            "Plan Width": 64,
            "Actual Startup Time": 918.909,
            "Actual Total Time": 1019.235,
            "Actual Rows": 1,
            "Actual Loops": 1,
            "Output": [
                "min(an1.name)",
                "min(t.title)"
            ],
            "Plans": [
                {
                    "Node Type": "Nested Loop",
                    "Parent Relationship": "Outer",
                    "Parallel Aware": false,
                    "Join Type": "Inner",
                    "Startup Cost": 5775.02,
                    "Total Cost": 38138.21,
                    "Plan Rows": 1,
                    "Plan Width": 33,
                    "Actual Startup Time": 472.618,
                    "Actual Total Time": 1019.168,
                    "Actual Rows": 30,
                    "Actual Loops": 1,
                    "Output": [
                        "an1.name",
                        "t.title"
                    ],
                    "Inner Unique": true,
                    "Plans": [
                        {
                            "Node Type": "Nested Loop",
                            "Parent Relationship": "Outer",
                            "Parallel Aware": false,
                            "Join Type": "Inner",
                            "Startup Cost": 5774.59,
                            "Total Cost": 38137.45,
                            "Plan Rows": 1,
                            "Plan Width": 41,
                            "Actual Startup Time": 42.021,
                            "Actual Total Time": 1008.795,
                            "Actual Rows": 1371,
                            "Actual Loops": 1,
                            "Output": [
                                "an1.name",
                                "an1.person_id",
                                "ci.person_id",
                                "t.title"
                            ],
                            "Inner Unique": false,
                            "Plans": [
                                {
                                    "Node Type": "Gather",
                                    "Parent Relationship": "Outer",
                                    "Parallel Aware": false,
                                    "Startup Cost": 5774.16,
                                    "Total Cost": 38133.24,
                                    "Plan Rows": 1,
                                    "Plan Width": 21,
                                    "Actual Startup Time": 36.733,
                                    "Actual Total Time": 994.077,
                                    "Actual Rows": 2198,
                                    "Actual Loops": 1,
                                    "Output": [
                                        "ci.person_id",
                                        "t.title"
                                    ],
                                    "Workers Planned": 3,
                                    "Workers Launched": 3,
                                    "Single Copy": false,
                                    "Plans": [
                                        {
                                            "Node Type": "Nested Loop",
                                            "Parent Relationship": "Outer",
                                            "Parallel Aware": false,
                                            "Join Type": "Inner",
                                            "Startup Cost": 4774.16,
                                            "Total Cost": 37133.14,
                                            "Plan Rows": 1,
                                            "Plan Width": 21,
                                            "Actual Startup Time": 30.513,
                                            "Actual Total Time": 902.093,
                                            "Actual Rows": 550,
                                            "Actual Loops": 4,
                                            "Output": [
                                                "ci.person_id",
                                                "t.title"
                                            ],
                                            "Inner Unique": true,
                                            "Workers": [
                                                {
                                                    "Worker Number": 0,
                                                    "Actual Startup Time": 22.68,
                                                    "Actual Total Time": 904.943,
                                                    "Actual Rows": 562,
                                                    "Actual Loops": 1
                                                },
                                                {
                                                    "Worker Number": 1,
                                                    "Actual Startup Time": 29.762,
                                                    "Actual Total Time": 905.602,
                                                    "Actual Rows": 523,
                                                    "Actual Loops": 1
                                                },
                                                {
                                                    "Worker Number": 2,
                                                    "Actual Startup Time": 33.615,
                                                    "Actual Total Time": 905.877,
                                                    "Actual Rows": 487,
                                                    "Actual Loops": 1
                                                }
                                            ],
                                            "Plans": [
                                                {
                                                    "Node Type": "Nested Loop",
                                                    "Parent Relationship": "Outer",
                                                    "Parallel Aware": false,
                                                    "Join Type": "Inner",
                                                    "Startup Cost": 4774.03,
                                                    "Total Cost": 37132.81,
                                                    "Plan Rows": 2,
                                                    "Plan Width": 25,
                                                    "Actual Startup Time": 30.468,
                                                    "Actual Total Time": 900.664,
                                                    "Actual Rows": 550,
                                                    "Actual Loops": 4,
                                                    "Output": [
                                                        "ci.person_id",
                                                        "ci.role_id",
                                                        "t.title"
                                                    ],
                                                    "Inner Unique": false,
                                                    "Workers": [
                                                        {
                                                            "Worker Number": 0,
                                                            "Actual Startup Time": 22.607,
                                                            "Actual Total Time": 903.479,
                                                            "Actual Rows": 562,
                                                            "Actual Loops": 1
                                                        },
                                                        {
                                                            "Worker Number": 1,
                                                            "Actual Startup Time": 29.712,
                                                            "Actual Total Time": 904.266,
                                                            "Actual Rows": 523,
                                                            "Actual Loops": 1
                                                        },
                                                        {
                                                            "Worker Number": 2,
                                                            "Actual Startup Time": 33.575,
                                                            "Actual Total Time": 904.596,
                                                            "Actual Rows": 487,
                                                            "Actual Loops": 1
                                                        }
                                                    ],
                                                    "Plans": [
                                                        {
                                                            "Node Type": "Nested Loop",
                                                            "Parent Relationship": "Outer",
                                                            "Parallel Aware": false,
                                                            "Join Type": "Inner",
                                                            "Startup Cost": 4773.46,
                                                            "Total Cost": 36916.54,
                                                            "Plan Rows": 115,
                                                            "Plan Width": 25,
                                                            "Actual Startup Time": 18.764,
                                                            "Actual Total Time": 222.367,
                                                            "Actual Rows": 12082,
                                                            "Actual Loops": 4,
                                                            "Output": [
                                                                "mc.movie_id",
                                                                "t.title",
                                                                "t.id"
                                                            ],
                                                            "Inner Unique": true,
                                                            "Workers": [
                                                                {
                                                                    "Worker Number": 0,
                                                                    "Actual Startup Time": 15.304,
                                                                    "Actual Total Time": 219.538,
                                                                    "Actual Rows": 12077,
                                                                    "Actual Loops": 1
                                                                },
                                                                {
                                                                    "Worker Number": 1,
                                                                    "Actual Startup Time": 16.045,
                                                                    "Actual Total Time": 221.477,
                                                                    "Actual Rows": 12156,
                                                                    "Actual Loops": 1
                                                                },
                                                                {
                                                                    "Worker Number": 2,
                                                                    "Actual Startup Time": 16.094,
                                                                    "Actual Total Time": 221.182,
                                                                    "Actual Rows": 12419,
                                                                    "Actual Loops": 1
                                                                }
                                                            ],
                                                            "Plans": [
                                                                {
                                                                    "Node Type": "Hash Join",
                                                                    "Parent Relationship": "Outer",
                                                                    "Parallel Aware": true,
                                                                    "Join Type": "Inner",
                                                                    "Startup Cost": 4773.03,
                                                                    "Total Cost": 36198.23,
                                                                    "Plan Rows": 115,
                                                                    "Plan Width": 4,
                                                                    "Actual Startup Time": 18.642,
                                                                    "Actual Total Time": 142.665,
                                                                    "Actual Rows": 12082,
                                                                    "Actual Loops": 4,
                                                                    "Output": [
                                                                        "mc.movie_id"
                                                                    ],
                                                                    "Inner Unique": true,
                                                                    "Hash Cond": "(mc.company_id = cn.id)",
                                                                    "Workers": [
                                                                        {
                                                                            "Worker Number": 0,
                                                                            "Actual Startup Time": 15.174,
                                                                            "Actual Total Time": 140.219,
                                                                            "Actual Rows": 12077,
                                                                            "Actual Loops": 1
                                                                        },
                                                                        {
                                                                            "Worker Number": 1,
                                                                            "Actual Startup Time": 15.887,
                                                                            "Actual Total Time": 140.598,
                                                                            "Actual Rows": 12156,
                                                                            "Actual Loops": 1
                                                                        },
                                                                        {
                                                                            "Worker Number": 2,
                                                                            "Actual Startup Time": 15.954,
                                                                            "Actual Total Time": 140.417,
                                                                            "Actual Rows": 12419,
                                                                            "Actual Loops": 1
                                                                        }
                                                                    ],
                                                                    "Plans": [
                                                                        {
                                                                            "Node Type": "Seq Scan",
                                                                            "Parent Relationship": "Outer",
                                                                            "Parallel Aware": true,
                                                                            "Relation Name": "movie_companies",
                                                                            "Schema": "public",
                                                                            "Alias": "mc",
                                                                            "Startup Cost": 0.0,
                                                                            "Total Cost": 31414.82,
                                                                            "Plan Rows": 3953,
                                                                            "Plan Width": 8,
                                                                            "Actual Startup Time": 0.078,
                                                                            "Actual Total Time": 116.65,
                                                                            "Actual Rows": 12224,
                                                                            "Actual Loops": 4,
                                                                            "Output": [
                                                                                "mc.id",
                                                                                "mc.movie_id",
                                                                                "mc.company_id",
                                                                                "mc.company_type_id",
                                                                                "mc.note"
                                                                            ],
                                                                            "Filter": "((mc.note ~~ '%(Japan)%'::text) AND (mc.note !~~ '%(USA)%'::text))",
                                                                            "Rows Removed by Filter": 640058,
                                                                            "Workers": [
                                                                                {
                                                                                    "Worker Number": 0,
                                                                                    "Actual Startup Time": 0.049,
                                                                                    "Actual Total Time": 117.489,
                                                                                    "Actual Rows": 12247,
                                                                                    "Actual Loops": 1
                                                                                },
                                                                                {
                                                                                    "Worker Number": 1,
                                                                                    "Actual Startup Time": 0.098,
                                                                                    "Actual Total Time": 117.464,
                                                                                    "Actual Rows": 12299,
                                                                                    "Actual Loops": 1
                                                                                },
                                                                                {
                                                                                    "Worker Number": 2,
                                                                                    "Actual Startup Time": 0.111,
                                                                                    "Actual Total Time": 117.143,
                                                                                    "Actual Rows": 12560,
                                                                                    "Actual Loops": 1
                                                                                }
                                                                            ]
                                                                        },
                                                                        {
                                                                            "Node Type": "Hash",
                                                                            "Parent Relationship": "Inner",
                                                                            "Parallel Aware": true,
                                                                            "Startup Cost": 4722.92,
                                                                            "Total Cost": 4722.92,
                                                                            "Plan Rows": 4009,
                                                                            "Plan Width": 4,
                                                                            "Actual Startup Time": 17.92,
                                                                            "Actual Total Time": 17.921,
                                                                            "Actual Rows": 1688,
                                                                            "Actual Loops": 4,
                                                                            "Output": [
                                                                                "cn.id"
                                                                            ],
                                                                            "Hash Buckets": 8192,
                                                                            "Original Hash Buckets": 8192,
                                                                            "Hash Batches": 1,
                                                                            "Original Hash Batches": 1,
                                                                            "Peak Memory Usage": 416,
                                                                            "Workers": [
                                                                                {
                                                                                    "Worker Number": 0,
                                                                                    "Actual Startup Time": 14.427,
                                                                                    "Actual Total Time": 14.428,
                                                                                    "Actual Rows": 912,
                                                                                    "Actual Loops": 1
                                                                                },
                                                                                {
                                                                                    "Worker Number": 1,
                                                                                    "Actual Startup Time": 15.107,
                                                                                    "Actual Total Time": 15.109,
                                                                                    "Actual Rows": 876,
                                                                                    "Actual Loops": 1
                                                                                },
                                                                                {
                                                                                    "Worker Number": 2,
                                                                                    "Actual Startup Time": 15.326,
                                                                                    "Actual Total Time": 15.327,
                                                                                    "Actual Rows": 891,
                                                                                    "Actual Loops": 1
                                                                                }
                                                                            ],
                                                                            "Plans": [
                                                                                {
                                                                                    "Node Type": "Seq Scan",
                                                                                    "Parent Relationship": "Outer",
                                                                                    "Parallel Aware": true,
                                                                                    "Relation Name": "company_name",
                                                                                    "Schema": "public",
                                                                                    "Alias": "cn",
                                                                                    "Startup Cost": 0.0,
                                                                                    "Total Cost": 4722.92,
                                                                                    "Plan Rows": 4009,
                                                                                    "Plan Width": 4,
                                                                                    "Actual Startup Time": 0.067,
                                                                                    "Actual Total Time": 16.779,
                                                                                    "Actual Rows": 1688,
                                                                                    "Actual Loops": 4,
                                                                                    "Output": [
                                                                                        "cn.id"
                                                                                    ],
                                                                                    "Filter": "((cn.country_code)::text = '[jp]'::text)",
                                                                                    "Rows Removed by Filter": 57061,
                                                                                    "Workers": [
                                                                                        {
                                                                                            "Worker Number": 0,
                                                                                            "Actual Startup Time": 0.101,
                                                                                            "Actual Total Time": 13.529,
                                                                                            "Actual Rows": 912,
                                                                                            "Actual Loops": 1
                                                                                        },
                                                                                        {
                                                                                            "Worker Number": 1,
                                                                                            "Actual Startup Time": 0.072,
                                                                                            "Actual Total Time": 14.136,
                                                                                            "Actual Rows": 876,
                                                                                            "Actual Loops": 1
                                                                                        },
                                                                                        {
                                                                                            "Worker Number": 2,
                                                                                            "Actual Startup Time": 0.069,
                                                                                            "Actual Total Time": 14.302,
                                                                                            "Actual Rows": 891,
                                                                                            "Actual Loops": 1
                                                                                        }
                                                                                    ]
                                                                                }
                                                                            ]
                                                                        }
                                                                    ]
                                                                },
                                                                {
                                                                    "Node Type": "Index Scan",
                                                                    "Parent Relationship": "Inner",
                                                                    "Parallel Aware": false,
                                                                    "Scan Direction": "Forward",
                                                                    "Index Name": "title_pkey",
                                                                    "Relation Name": "title",
                                                                    "Schema": "public",
                                                                    "Alias": "t",
                                                                    "Startup Cost": 0.43,
                                                                    "Total Cost": 6.25,
                                                                    "Plan Rows": 1,
                                                                    "Plan Width": 21,
                                                                    "Actual Startup Time": 0.006,
                                                                    "Actual Total Time": 0.006,
                                                                    "Actual Rows": 1,
                                                                    "Actual Loops": 48328,
                                                                    "Output": [
                                                                        "t.id",
                                                                        "t.title",
                                                                        "t.imdb_index",
                                                                        "t.kind_id",
                                                                        "t.production_year",
                                                                        "t.imdb_id",
                                                                        "t.phonetic_code",
                                                                        "t.episode_of_id",
                                                                        "t.season_nr",
                                                                        "t.episode_nr",
                                                                        "t.series_years",
                                                                        "t.md5sum"
                                                                    ],
                                                                    "Index Cond": "(t.id = mc.movie_id)",
                                                                    "Rows Removed by Index Recheck": 0,
                                                                    "Workers": [
                                                                        {
                                                                            "Worker Number": 0,
                                                                            "Actual Startup Time": 0.006,
                                                                            "Actual Total Time": 0.006,
                                                                            "Actual Rows": 1,
                                                                            "Actual Loops": 12077
                                                                        },
                                                                        {
                                                                            "Worker Number": 1,
                                                                            "Actual Startup Time": 0.006,
                                                                            "Actual Total Time": 0.006,
                                                                            "Actual Rows": 1,
                                                                            "Actual Loops": 12156
                                                                        },
                                                                        {
                                                                            "Worker Number": 2,
                                                                            "Actual Startup Time": 0.006,
                                                                            "Actual Total Time": 0.006,
                                                                            "Actual Rows": 1,
                                                                            "Actual Loops": 12419
                                                                        }
                                                                    ]
                                                                }
                                                            ]
                                                        },
                                                        {
                                                            "Node Type": "Index Scan",
                                                            "Parent Relationship": "Inner",
                                                            "Parallel Aware": false,
                                                            "Scan Direction": "Forward",
                                                            "Index Name": "movie_id_cast_info",
                                                            "Relation Name": "cast_info",
                                                            "Schema": "public",
                                                            "Alias": "ci",
                                                            "Startup Cost": 0.56,
                                                            "Total Cost": 1.87,
                                                            "Plan Rows": 1,
                                                            "Plan Width": 12,
                                                            "Actual Startup Time": 0.054,
                                                            "Actual Total Time": 0.056,
                                                            "Actual Rows": 0,
                                                            "Actual Loops": 48328,
                                                            "Output": [
                                                                "ci.id",
                                                                "ci.person_id",
                                                                "ci.movie_id",
                                                                "ci.person_role_id",
                                                                "ci.note",
                                                                "ci.nr_order",
                                                                "ci.role_id"
                                                            ],
                                                            "Index Cond": "(ci.movie_id = t.id)",
                                                            "Rows Removed by Index Recheck": 0,
                                                            "Filter": "(ci.note = '(craft service)'::text)",
                                                            "Rows Removed by Filter": 32,
                                                            "Workers": [
                                                                {
                                                                    "Worker Number": 0,
                                                                    "Actual Startup Time": 0.055,
                                                                    "Actual Total Time": 0.056,
                                                                    "Actual Rows": 0,
                                                                    "Actual Loops": 12077
                                                                },
                                                                {
                                                                    "Worker Number": 1,
                                                                    "Actual Startup Time": 0.054,
                                                                    "Actual Total Time": 0.056,
                                                                    "Actual Rows": 0,
                                                                    "Actual Loops": 12156
                                                                },
                                                                {
                                                                    "Worker Number": 2,
                                                                    "Actual Startup Time": 0.053,
                                                                    "Actual Total Time": 0.055,
                                                                    "Actual Rows": 0,
                                                                    "Actual Loops": 12419
                                                                }
                                                            ]
                                                        }
                                                    ]
                                                },
                                                {
                                                    "Node Type": "Index Scan",
                                                    "Parent Relationship": "Inner",
                                                    "Parallel Aware": false,
                                                    "Scan Direction": "Forward",
                                                    "Index Name": "role_type_pkey",
                                                    "Relation Name": "role_type",
                                                    "Schema": "public",
                                                    "Alias": "rt",
                                                    "Startup Cost": 0.14,
                                                    "Total Cost": 0.16,
                                                    "Plan Rows": 1,
                                                    "Plan Width": 4,
                                                    "Actual Startup Time": 0.002,
                                                    "Actual Total Time": 0.002,
                                                    "Actual Rows": 1,
                                                    "Actual Loops": 2198,
                                                    "Output": [
                                                        "rt.id",
                                                        "rt.role"
                                                    ],
                                                    "Index Cond": "(rt.id = ci.role_id)",
                                                    "Rows Removed by Index Recheck": 0,
                                                    "Filter": "((rt.role)::text = 'miscellaneous crew'::text)",
                                                    "Rows Removed by Filter": 0,
                                                    "Workers": [
                                                        {
                                                            "Worker Number": 0,
                                                            "Actual Startup Time": 0.002,
                                                            "Actual Total Time": 0.002,
                                                            "Actual Rows": 1,
                                                            "Actual Loops": 562
                                                        },
                                                        {
                                                            "Worker Number": 1,
                                                            "Actual Startup Time": 0.002,
                                                            "Actual Total Time": 0.002,
                                                            "Actual Rows": 1,
                                                            "Actual Loops": 523
                                                        },
                                                        {
                                                            "Worker Number": 2,
                                                            "Actual Startup Time": 0.002,
                                                            "Actual Total Time": 0.002,
                                                            "Actual Rows": 1,
                                                            "Actual Loops": 487
                                                        }
                                                    ]
                                                }
                                            ]
                                        }
                                    ]
                                },
                                {
                                    "Node Type": "Index Scan",
                                    "Parent Relationship": "Inner",
                                    "Parallel Aware": false,
                                    "Scan Direction": "Forward",
                                    "Index Name": "person_id_aka_name",
                                    "Relation Name": "aka_name",
                                    "Schema": "public",
                                    "Alias": "an1",
                                    "Startup Cost": 0.42,
                                    "Total Cost": 4.19,
                                    "Plan Rows": 2,
                                    "Plan Width": 20,
                                    "Actual Startup Time": 0.006,
                                    "Actual Total Time": 0.006,
                                    "Actual Rows": 1,
                                    "Actual Loops": 2198,
                                    "Output": [
                                        "an1.id",
                                        "an1.person_id",
                                        "an1.name",
                                        "an1.imdb_index",
                                        "an1.name_pcode_cf",
                                        "an1.name_pcode_nf",
                                        "an1.surname_pcode",
                                        "an1.md5sum"
                                    ],
                                    "Index Cond": "(an1.person_id = ci.person_id)",
                                    "Rows Removed by Index Recheck": 0
                                }
                            ]
                        },
                        {
                            "Node Type": "Index Scan",
                            "Parent Relationship": "Inner",
                            "Parallel Aware": false,
                            "Scan Direction": "Forward",
                            "Index Name": "name_pkey",
                            "Relation Name": "name",
                            "Schema": "public",
                            "Alias": "n1",
                            "Startup Cost": 0.43,
                            "Total Cost": 0.77,
                            "Plan Rows": 1,
                            "Plan Width": 4,
                            "Actual Startup Time": 0.007,
                            "Actual Total Time": 0.007,
                            "Actual Rows": 0,
                            "Actual Loops": 1371,
                            "Output": [
                                "n1.id",
                                "n1.name",
                                "n1.imdb_index",
                                "n1.imdb_id",
                                "n1.gender",
                                "n1.name_pcode_cf",
                                "n1.name_pcode_nf",
                                "n1.surname_pcode",
                                "n1.md5sum"
                            ],
                            "Index Cond": "(n1.id = an1.person_id)",
                            "Rows Removed by Index Recheck": 0,
                            "Filter": "((n1.name ~~ '%Yo%'::text) AND (n1.name !~~ '%Yu%'::text))",
                            "Rows Removed by Filter": 1
                        }
                    ]
                }
            ]
        },
        "Planning Time": 1638.887,
        "Triggers": [],
        "Execution Time": 1019.686
    }
]