{
  "Plan": {
    "Node Type": "Aggregate",
    "Strategy": "Plain",
    "Partial Mode": "Finalize",
    "Parallel Aware": false,
    "Startup Cost": 179217.51,
    "Total Cost": 179217.52,
    "Plan Rows": 1,
    "Plan Width": 8,
    "Actual Startup Time": 1962.451,
    "Actual Total Time": 2033.202,
    "Actual Rows": 1,
    "Actual Loops": 1,
    "Plans": [
      {
        "Node Type": "Gather",
        "Parent Relationship": "Outer",
        "Parallel Aware": false,
        "Startup Cost": 179217.4,
        "Total Cost": 179217.51,
        "Plan Rows": 1,
        "Plan Width": 8,
        "Actual Startup Time": 1962.01,
        "Actual Total Time": 2033.193,
        "Actual Rows": 2,
        "Actual Loops": 1,
        "Workers Planned": 1,
        "Workers Launched": 1,
        "Single Copy": false,
        "Plans": [
          {
            "Node Type": "Aggregate",
            "Strategy": "Plain",
            "Partial Mode": "Partial",
            "Parent Relationship": "Outer",
            "Parallel Aware": false,
            "Startup Cost": 178217.4,
            "Total Cost": 178217.41,
            "Plan Rows": 1,
            "Plan Width": 8,
            "Actual Startup Time": 1955.734,
            "Actual Total Time": 1955.738,
            "Actual Rows": 1,
            "Actual Loops": 2,
            "Plans": [
              {
                "Node Type": "Nested Loop",
                "Parent Relationship": "Outer",
                "Parallel Aware": false,
                "Join Type": "Inner",
                "Startup Cost": 56343.46,
                "Total Cost": 177784.39,
                "Plan Rows": 173205,
                "Plan Width": 0,
                "Actual Startup Time": 147.867,
                "Actual Total Time": 1903.998,
                "Actual Rows": 1147488,
                "Actual Loops": 2,
                "Inner Unique": false,
                "Join Filter": "(t.id = ci.movie_id)",
                "Rows Removed by Join Filter": 0,
                "Plans": [
                  {
                    "Node Type": "Hash Join",
                    "Parent Relationship": "Outer",
                    "Parallel Aware": true,
                    "Join Type": "Inner",
                    "Startup Cost": 56342.89,
                    "Total Cost": 114393.74,
                    "Plan Rows": 35101,
                    "Plan Width": 8,
                    "Actual Startup Time": 147.19,
                    "Actual Total Time": 451.298,
                    "Actual Rows": 49630,
                    "Actual Loops": 2,
                    "Inner Unique": true,
                    "Hash Cond": "(mk.movie_id = t.id)",
                    "Plans": [
                      {
                        "Node Type": "Seq Scan",
                        "Parent Relationship": "Outer",
                        "Parallel Aware": true,
                        "Relation Name": "movie_keyword",
                        "Alias": "mk",
                        "Startup Cost": 0.0,
                        "Total Cost": 51065.35,
                        "Plan Rows": 2661135,
                        "Plan Width": 4,
                        "Actual Startup Time": 0.015,
                        "Actual Total Time": 146.68,
                        "Actual Rows": 2261965,
                        "Actual Loops": 2
                      },
                      {
                        "Node Type": "Hash",
                        "Parent Relationship": "Inner",
                        "Parallel Aware": true,
                        "Startup Cost": 56097.68,
                        "Total Cost": 56097.68,
                        "Plan Rows": 19617,
                        "Plan Width": 4,
                        "Actual Startup Time": 145.835,
                        "Actual Total Time": 145.837,
                        "Actual Rows": 10104,
                        "Actual Loops": 2,
                        "Hash Buckets": 65536,
                        "Original Hash Buckets": 65536,
                        "Hash Batches": 1,
                        "Original Hash Batches": 1,
                        "Peak Memory Usage": 1344,
                        "Plans": [
                          {
                            "Node Type": "Bitmap Heap Scan",
                            "Parent Relationship": "Outer",
                            "Parallel Aware": true,
                            "Relation Name": "title",
                            "Alias": "t",
                            "Startup Cost": 13447.29,
                            "Total Cost": 56097.68,
                            "Plan Rows": 19617,
                            "Plan Width": 4,
                            "Actual Startup Time": 53.392,
                            "Actual Total Time": 142.697,
                            "Actual Rows": 10104,
                            "Actual Loops": 2,
                            "Recheck Cond": "(kind_id < 3)",
                            "Rows Removed by Index Recheck": 0,
                            "Filter": "(production_year = 2006)",
                            "Rows Removed by Filter": 366734,
                            "Exact Heap Blocks": 27600,
                            "Lossy Heap Blocks": 0,
                            "Plans": [
                              {
                                "Node Type": "Bitmap Index Scan",
                                "Parent Relationship": "Outer",
                                "Parallel Aware": false,
                                "Index Name": "kind_id_title",
                                "Startup Cost": 0.0,
                                "Total Cost": 13438.96,
                                "Plan Rows": 753937,
                                "Plan Width": 0,
                                "Actual Startup Time": 52.306,
                                "Actual Total Time": 52.306,
                                "Actual Rows": 753677,
                                "Actual Loops": 1,
                                "Index Cond": "(kind_id < 3)"
                              }
                            ]
                          }
                        ]
                      }
                    ]
                  },
                  {
                    "Node Type": "Index Scan",
                    "Parent Relationship": "Inner",
                    "Parallel Aware": false,
                    "Scan Direction": "Forward",
                    "Index Name": "movie_id_cast_info",
                    "Relation Name": "cast_info",
                    "Alias": "ci",
                    "Startup Cost": 0.56,
                    "Total Cost": 1.64,
                    "Plan Rows": 13,
                    "Plan Width": 4,
                    "Actual Startup Time": 0.003,
                    "Actual Total Time": 0.027,
                    "Actual Rows": 23,
                    "Actual Loops": 99259,
                    "Index Cond": "(movie_id = mk.movie_id)",
                    "Rows Removed by Index Recheck": 0,
                    "Filter": "(role_id < 2)",
                    "Rows Removed by Filter": 56
                  }
                ]
              }
            ]
          }
        ]
      }
    ]
  },
  "Planning Time": 0.939,
  "Triggers": [],
  "Execution Time": 2033.322
}