[
  {
    "Plan": {
      "Node Type": "Aggregate",
      "Strategy": "Plain",
      "Partial Mode": "Finalize",
      "Parallel Aware": false,
      "Startup Cost": 31253.76,
      "Total Cost": 31253.77,
      "Plan Rows": 1,
      "Plan Width": 8,
      "Actual Startup Time": 120.378,
      "Actual Total Time": 131.282,
      "Actual Rows": 1,
      "Actual Loops": 1,
      "Plans": [
        {
          "Node Type": "Gather",
          "Parent Relationship": "Outer",
          "Parallel Aware": false,
          "Startup Cost": 31253.44,
          "Total Cost": 31253.75,
          "Plan Rows": 3,
          "Plan Width": 8,
          "Actual Startup Time": 120.254,
          "Actual Total Time": 131.274,
          "Actual Rows": 4,
          "Actual Loops": 1,
          "Workers Planned": 3,
          "Workers Launched": 3,
          "Single Copy": false,
          "Plans": [
            {
              "Node Type": "Aggregate",
              "Strategy": "Plain",
              "Partial Mode": "Partial",
              "Parent Relationship": "Outer",
              "Parallel Aware": false,
              "Startup Cost": 30253.44,
              "Total Cost": 30253.45,
              "Plan Rows": 1,
              "Plan Width": 8,
              "Actual Startup Time": 113.134,
              "Actual Total Time": 113.135,
              "Actual Rows": 1,
              "Actual Loops": 4,
              "Plans": [
                {
                  "Node Type": "Seq Scan",
                  "Parent Relationship": "Outer",
                  "Parallel Aware": true,
                  "Relation Name": "movie_companies",
                  "Alias": "mc",
                  "Startup Cost": 0.0,
                  "Total Cost": 29310.68,
                  "Plan Rows": 377104,
                  "Plan Width": 0,
                  "Actual Startup Time": 23.477,
                  "Actual Total Time": 96.533,
                  "Actual Rows": 292925,
                  "Actual Loops": 4,
                  "Filter": "(company_id > 12784)",
                  "Rows Removed by Filter": 359357
                }
              ]
            }
          ]
        }
      ]
    },
    "Planning Time": 0.192,
    "Triggers": [],
    "Execution Time": 131.341
  }
]