[
  {
    "Plan": {
      "Node Type": "Aggregate",
      "Strategy": "Plain",
      "Partial Mode": "Finalize",
      "Parallel Aware": false,
      "Startup Cost": 141703.82,
      "Total Cost": 141703.83,
      "Plan Rows": 1,
      "Plan Width": 8,
      "Actual Startup Time": 95.601,
      "Actual Total Time": 112.271,
      "Actual Rows": 1,
      "Actual Loops": 1,
      "Plans": [
        {
          "Node Type": "Gather",
          "Parent Relationship": "Outer",
          "Parallel Aware": false,
          "Startup Cost": 141703.4,
          "Total Cost": 141703.81,
          "Plan Rows": 4,
          "Plan Width": 8,
          "Actual Startup Time": 95.449,
          "Actual Total Time": 112.257,
          "Actual Rows": 5,
          "Actual Loops": 1,
          "Workers Planned": 4,
          "Workers Launched": 4,
          "Single Copy": false,
          "Plans": [
            {
              "Node Type": "Aggregate",
              "Strategy": "Plain",
              "Partial Mode": "Partial",
              "Parent Relationship": "Outer",
              "Parallel Aware": false,
              "Startup Cost": 140703.4,
              "Total Cost": 140703.41,
              "Plan Rows": 1,
              "Plan Width": 8,
              "Actual Startup Time": 90.064,
              "Actual Total Time": 90.065,
              "Actual Rows": 1,
              "Actual Loops": 5,
              "Plans": [
                {
                  "Node Type": "Nested Loop",
                  "Parent Relationship": "Outer",
                  "Parallel Aware": false,
                  "Join Type": "Inner",
                  "Startup Cost": 0.43,
                  "Total Cost": 140692.31,
                  "Plan Rows": 4438,
                  "Plan Width": 0,
                  "Actual Startup Time": 47.462,
                  "Actual Total Time": 89.606,
                  "Actual Rows": 6177,
                  "Actual Loops": 5,
                  "Inner Unique": false,
                  "Plans": [
                    {
                      "Node Type": "Seq Scan",
                      "Parent Relationship": "Outer",
                      "Parallel Aware": true,
                      "Relation Name": "title",
                      "Alias": "t",
                      "Startup Cost": 0.0,
                      "Total Cost": 43899.32,
                      "Plan Rows": 801,
                      "Plan Width": 4,
                      "Actual Startup Time": 47.361,
                      "Actual Total Time": 67.535,
                      "Actual Rows": 499,
                      "Actual Loops": 5,
                      "Filter": "(production_year = 1934)",
                      "Rows Removed by Filter": 505164
                    },
                    {
                      "Node Type": "Index Scan",
                      "Parent Relationship": "Inner",
                      "Parallel Aware": false,
                      "Scan Direction": "Forward",
                      "Index Name": "movie_id_movie_info",
                      "Relation Name": "movie_info",
                      "Alias": "mi",
                      "Startup Cost": 0.43,
                      "Total Cost": 120.45,
                      "Plan Rows": 39,
                      "Plan Width": 4,
                      "Actual Startup Time": 0.013,
                      "Actual Total Time": 0.043,
                      "Actual Rows": 12,
                      "Actual Loops": 2493,
                      "Index Cond": "(movie_id = t.id)",
                      "Rows Removed by Index Recheck": 0,
                      "Filter": "(info_type_id > 1)",
                      "Rows Removed by Filter": 1
                    }
                  ]
                }
              ]
            }
          ]
        }
      ]
    },
    "Planning Time": 0.237,
    "Triggers": [],
    "Execution Time": 112.307
  }
]