[
    {
        "Bao": {
            "Bao prediction": "NaN",
            "Bao recommended hint": "(no hint)"
        }
    },
    {
        "Plan": {
            "Node Type": "Aggregate",
            "Strategy": "Plain",
            "Partial Mode": "Finalize",
            "Parallel Aware": false,
            "Startup Cost": 69710.61,
            "Total Cost": 69710.62,
            "Plan Rows": 1,
            "Plan Width": 8,
            "Actual Startup Time": 139.913,
            "Actual Total Time": 151.309,
            "Actual Rows": 1,
            "Actual Loops": 1,
            "Output": [
                "count(*)"
            ],
            "Plans": [
                {
                    "Node Type": "Gather",
                    "Parent Relationship": "Outer",
                    "Parallel Aware": false,
                    "Startup Cost": 69710.19,
                    "Total Cost": 69710.6,
                    "Plan Rows": 4,
                    "Plan Width": 8,
                    "Actual Startup Time": 139.257,
                    "Actual Total Time": 151.3,
                    "Actual Rows": 5,
                    "Actual Loops": 1,
                    "Output": [
                        "(PARTIAL count(*))"
                    ],
                    "Workers Planned": 4,
                    "Workers Launched": 4,
                    "Single Copy": false,
                    "Plans": [
                        {
                            "Node Type": "Aggregate",
                            "Strategy": "Plain",
                            "Partial Mode": "Partial",
                            "Parent Relationship": "Outer",
                            "Parallel Aware": false,
                            "Startup Cost": 68710.19,
                            "Total Cost": 68710.2,
                            "Plan Rows": 1,
                            "Plan Width": 8,
                            "Actual Startup Time": 129.719,
                            "Actual Total Time": 129.723,
                            "Actual Rows": 1,
                            "Actual Loops": 5,
                            "Output": [
                                "PARTIAL count(*)"
                            ],
                            "Workers": [
                                {
                                    "Worker Number": 0,
                                    "Actual Startup Time": 126.995,
                                    "Actual Total Time": 126.999,
                                    "Actual Rows": 1,
                                    "Actual Loops": 1
                                },
                                {
                                    "Worker Number": 1,
                                    "Actual Startup Time": 127.076,
                                    "Actual Total Time": 127.079,
                                    "Actual Rows": 1,
                                    "Actual Loops": 1
                                },
                                {
                                    "Worker Number": 2,
                                    "Actual Startup Time": 127.606,
                                    "Actual Total Time": 127.61,
                                    "Actual Rows": 1,
                                    "Actual Loops": 1
                                },
                                {
                                    "Worker Number": 3,
                                    "Actual Startup Time": 127.935,
                                    "Actual Total Time": 127.938,
                                    "Actual Rows": 1,
                                    "Actual Loops": 1
                                }
                            ],
                            "Plans": [
                                {
                                    "Node Type": "Hash Join",
                                    "Parent Relationship": "Outer",
                                    "Parallel Aware": true,
                                    "Join Type": "Inner",
                                    "Startup Cost": 22508.05,
                                    "Total Cost": 68693.27,
                                    "Plan Rows": 6768,
                                    "Plan Width": 0,
                                    "Actual Startup Time": 38.525,
                                    "Actual Total Time": 129.484,
                                    "Actual Rows": 2695,
                                    "Actual Loops": 5,
                                    "Inner Unique": false,
                                    "Hash Cond": "(t.id = mc.movie_id)",
                                    "Workers": [
                                        {
                                            "Worker Number": 0,
                                            "Actual Startup Time": 35.851,
                                            "Actual Total Time": 126.742,
                                            "Actual Rows": 2502,
                                            "Actual Loops": 1
                                        },
                                        {
                                            "Worker Number": 1,
                                            "Actual Startup Time": 36.121,
                                            "Actual Total Time": 126.822,
                                            "Actual Rows": 2423,
                                            "Actual Loops": 1
                                        },
                                        {
                                            "Worker Number": 2,
                                            "Actual Startup Time": 36.339,
                                            "Actual Total Time": 127.367,
                                            "Actual Rows": 2466,
                                            "Actual Loops": 1
                                        },
                                        {
                                            "Worker Number": 3,
                                            "Actual Startup Time": 36.516,
                                            "Actual Total Time": 127.675,
                                            "Actual Rows": 2562,
                                            "Actual Loops": 1
                                        }
                                    ],
                                    "Plans": [
                                        {
                                            "Node Type": "Seq Scan",
                                            "Parent Relationship": "Outer",
                                            "Parallel Aware": true,
                                            "Relation Name": "title",
                                            "Schema": "public",
                                            "Alias": "t",
                                            "Startup Cost": 0.0,
                                            "Total Cost": 45479.21,
                                            "Plan Rows": 136837,
                                            "Plan Width": 4,
                                            "Actual Startup Time": 0.01,
                                            "Actual Total Time": 68.983,
                                            "Actual Rows": 120481,
                                            "Actual Loops": 5,
                                            "Output": [
                                                "t.id",
                                                "t.title",
                                                "t.imdb_index",
                                                "t.kind_id",
                                                "t.production_year",
                                                "t.imdb_id",
                                                "t.phonetic_code",
                                                "t.episode_of_id",
                                                "t.season_nr",
                                                "t.episode_nr",
                                                "t.series_years",
                                                "t.md5sum"
                                            ],
                                            "Filter": "((t.production_year > 2006) AND (t.kind_id = 7))",
                                            "Rows Removed by Filter": 385182,
                                            "Workers": [
                                                {
                                                    "Worker Number": 0,
                                                    "Actual Startup Time": 0.009,
                                                    "Actual Total Time": 69.665,
                                                    "Actual Rows": 111539,
                                                    "Actual Loops": 1
                                                },
                                                {
                                                    "Worker Number": 1,
                                                    "Actual Startup Time": 0.014,
                                                    "Actual Total Time": 70.021,
                                                    "Actual Rows": 109818,
                                                    "Actual Loops": 1
                                                },
                                                {
                                                    "Worker Number": 2,
                                                    "Actual Startup Time": 0.01,
                                                    "Actual Total Time": 69.3,
                                                    "Actual Rows": 113342,
                                                    "Actual Loops": 1
                                                },
                                                {
                                                    "Worker Number": 3,
                                                    "Actual Startup Time": 0.008,
                                                    "Actual Total Time": 69.134,
                                                    "Actual Rows": 111502,
                                                    "Actual Loops": 1
                                                }
                                            ]
                                        },
                                        {
                                            "Node Type": "Hash",
                                            "Parent Relationship": "Inner",
                                            "Parallel Aware": true,
                                            "Startup Cost": 22003.81,
                                            "Total Cost": 22003.81,
                                            "Plan Rows": 40339,
                                            "Plan Width": 4,
                                            "Actual Startup Time": 37.88,
                                            "Actual Total Time": 37.882,
                                            "Actual Rows": 26430,
                                            "Actual Loops": 5,
                                            "Output": [
                                                "mc.movie_id"
                                            ],
                                            "Hash Buckets": 131072,
                                            "Original Hash Buckets": 131072,
                                            "Hash Batches": 1,
                                            "Original Hash Batches": 1,
                                            "Peak Memory Usage": 6304,
                                            "Workers": [
                                                {
                                                    "Worker Number": 0,
                                                    "Actual Startup Time": 35.336,
                                                    "Actual Total Time": 35.338,
                                                    "Actual Rows": 17441,
                                                    "Actual Loops": 1
                                                },
                                                {
                                                    "Worker Number": 1,
                                                    "Actual Startup Time": 35.409,
                                                    "Actual Total Time": 35.41,
                                                    "Actual Rows": 13290,
                                                    "Actual Loops": 1
                                                },
                                                {
                                                    "Worker Number": 2,
                                                    "Actual Startup Time": 35.872,
                                                    "Actual Total Time": 35.874,
                                                    "Actual Rows": 16596,
                                                    "Actual Loops": 1
                                                },
                                                {
                                                    "Worker Number": 3,
                                                    "Actual Startup Time": 36.071,
                                                    "Actual Total Time": 36.072,
                                                    "Actual Rows": 16704,
                                                    "Actual Loops": 1
                                                }
                                            ],
                                            "Plans": [
                                                {
                                                    "Node Type": "Bitmap Heap Scan",
                                                    "Parent Relationship": "Outer",
                                                    "Parallel Aware": true,
                                                    "Relation Name": "movie_companies",
                                                    "Schema": "public",
                                                    "Alias": "mc",
                                                    "Startup Cost": 2709.58,
                                                    "Total Cost": 22003.81,
                                                    "Plan Rows": 40339,
                                                    "Plan Width": 4,
                                                    "Actual Startup Time": 1.756,
                                                    "Actual Total Time": 24.156,
                                                    "Actual Rows": 26430,
                                                    "Actual Loops": 5,
                                                    "Output": [
                                                        "mc.movie_id"
                                                    ],
                                                    "Recheck Cond": "(mc.company_id < 21)",
                                                    "Rows Removed by Index Recheck": 0,
                                                    "Exact Heap Blocks": 6021,
                                                    "Lossy Heap Blocks": 0,
                                                    "Workers": [
                                                        {
                                                            "Worker Number": 0,
                                                            "Actual Startup Time": 0.127,
                                                            "Actual Total Time": 24.352,
                                                            "Actual Rows": 17441,
                                                            "Actual Loops": 1
                                                        },
                                                        {
                                                            "Worker Number": 1,
                                                            "Actual Startup Time": 0.138,
                                                            "Actual Total Time": 16.757,
                                                            "Actual Rows": 13290,
                                                            "Actual Loops": 1
                                                        },
                                                        {
                                                            "Worker Number": 2,
                                                            "Actual Startup Time": 0.228,
                                                            "Actual Total Time": 25.263,
                                                            "Actual Rows": 16596,
                                                            "Actual Loops": 1
                                                        },
                                                        {
                                                            "Worker Number": 3,
                                                            "Actual Startup Time": 0.167,
                                                            "Actual Total Time": 24.817,
                                                            "Actual Rows": 16704,
                                                            "Actual Loops": 1
                                                        }
                                                    ],
                                                    "Plans": [
                                                        {
                                                            "Node Type": "Bitmap Index Scan",
                                                            "Parent Relationship": "Outer",
                                                            "Parallel Aware": false,
                                                            "Index Name": "company_id_movie_companies",
                                                            "Startup Cost": 0.0,
                                                            "Total Cost": 2678.31,
                                                            "Plan Rows": 125051,
                                                            "Plan Width": 0,
                                                            "Actual Startup Time": 6.553,
                                                            "Actual Total Time": 6.554,
                                                            "Actual Rows": 132152,
                                                            "Actual Loops": 1,
                                                            "Index Cond": "(mc.company_id < 21)"
                                                        }
                                                    ]
                                                }
                                            ]
                                        }
                                    ]
                                }
                            ]
                        }
                    ]
                }
            ]
        },
        "Planning Time": 182.929,
        "Triggers": [],
        "Execution Time": 151.376
    }
]