[
  {
    "Plan": {
      "Node Type": "Aggregate",
      "Strategy": "Plain",
      "Partial Mode": "Finalize",
      "Parallel Aware": false,
      "Startup Cost": 119276.49,
      "Total Cost": 119276.5,
      "Plan Rows": 1,
      "Plan Width": 8,
      "Actual Startup Time": 210.502,
      "Actual Total Time": 229.532,
      "Actual Rows": 1,
      "Actual Loops": 1,
      "Plans": [
        {
          "Node Type": "Gather",
          "Parent Relationship": "Outer",
          "Parallel Aware": false,
          "Startup Cost": 119275.96,
          "Total Cost": 119276.47,
          "Plan Rows": 5,
          "Plan Width": 8,
          "Actual Startup Time": 210.349,
          "Actual Total Time": 229.517,
          "Actual Rows": 6,
          "Actual Loops": 1,
          "Workers Planned": 5,
          "Workers Launched": 5,
          "Single Copy": false,
          "Plans": [
            {
              "Node Type": "Aggregate",
              "Strategy": "Plain",
              "Partial Mode": "Partial",
              "Parent Relationship": "Outer",
              "Parallel Aware": false,
              "Startup Cost": 118275.96,
              "Total Cost": 118275.97,
              "Plan Rows": 1,
              "Plan Width": 8,
              "Actual Startup Time": 194.164,
              "Actual Total Time": 194.166,
              "Actual Rows": 1,
              "Actual Loops": 6,
              "Plans": [
                {
                  "Node Type": "Index Scan",
                  "Parent Relationship": "Outer",
                  "Parallel Aware": true,
                  "Scan Direction": "Forward",
                  "Index Name": "role_id_cast_info",
                  "Relation Name": "cast_info",
                  "Alias": "ci",
                  "Startup Cost": 0.56,
                  "Total Cost": 118067.1,
                  "Plan Rows": 83544,
                  "Plan Width": 0,
                  "Actual Startup Time": 0.225,
                  "Actual Total Time": 172.824,
                  "Actual Rows": 405983,
                  "Actual Loops": 6,
                  "Index Cond": "(role_id = 10)",
                  "Rows Removed by Index Recheck": 0,
                  "Filter": "(person_id > 3431631)",
                  "Rows Removed by Filter": 314520
                }
              ]
            }
          ]
        }
      ]
    },
    "Planning Time": 0.279,
    "Triggers": [],
    "Execution Time": 229.6
  }
]