{
  "Plan": {
    "Node Type": "Aggregate",
    "Strategy": "Plain",
    "Partial Mode": "Finalize",
    "Parallel Aware": false,
    "Startup Cost": 909279.74,
    "Total Cost": 909279.75,
    "Plan Rows": 1,
    "Plan Width": 8,
    "Actual Startup Time": 8998.884,
    "Actual Total Time": 9109.057,
    "Actual Rows": 1,
    "Actual Loops": 1,
    "Plans": [
      {
        "Node Type": "Gather",
        "Parent Relationship": "Outer",
        "Parallel Aware": false,
        "Startup Cost": 909279.63,
        "Total Cost": 909279.74,
        "Plan Rows": 1,
        "Plan Width": 8,
        "Actual Startup Time": 8974.464,
        "Actual Total Time": 9109.047,
        "Actual Rows": 2,
        "Actual Loops": 1,
        "Workers Planned": 1,
        "Workers Launched": 1,
        "Single Copy": false,
        "Plans": [
          {
            "Node Type": "Aggregate",
            "Strategy": "Plain",
            "Partial Mode": "Partial",
            "Parent Relationship": "Outer",
            "Parallel Aware": false,
            "Startup Cost": 908279.63,
            "Total Cost": 908279.64,
            "Plan Rows": 1,
            "Plan Width": 8,
            "Actual Startup Time": 8950.051,
            "Actual Total Time": 8953.317,
            "Actual Rows": 1,
            "Actual Loops": 2,
            "Plans": [
              {
                "Node Type": "Hash Join",
                "Parent Relationship": "Outer",
                "Parallel Aware": true,
                "Join Type": "Inner",
                "Startup Cost": 710511.71,
                "Total Cost": 874447.13,
                "Plan Rows": 13533001,
                "Plan Width": 0,
                "Actual Startup Time": 7452.939,
                "Actual Total Time": 8572.567,
                "Actual Rows": 9302430,
                "Actual Loops": 2,
                "Inner Unique": false,
                "Hash Cond": "(mk.movie_id = t.id)",
                "Plans": [
                  {
                    "Node Type": "Seq Scan",
                    "Parent Relationship": "Outer",
                    "Parallel Aware": true,
                    "Relation Name": "movie_keyword",
                    "Alias": "mk",
                    "Startup Cost": 0.0,
                    "Total Cost": 51065.35,
                    "Plan Rows": 2661135,
                    "Plan Width": 4,
                    "Actual Startup Time": 0.011,
                    "Actual Total Time": 158.956,
                    "Actual Rows": 2261965,
                    "Actual Loops": 2
                  },
                  {
                    "Node Type": "Hash",
                    "Parent Relationship": "Inner",
                    "Parallel Aware": true,
                    "Startup Cost": 615971.7,
                    "Total Cost": 615971.7,
                    "Plan Rows": 7563201,
                    "Plan Width": 8,
                    "Actual Startup Time": 7397.897,
                    "Actual Total Time": 7401.161,
                    "Actual Rows": 6323965,
                    "Actual Loops": 2,
                    "Hash Buckets": 16777216,
                    "Original Hash Buckets": 16777216,
                    "Hash Batches": 1,
                    "Original Hash Batches": 1,
                    "Peak Memory Usage": 625888,
                    "Plans": [
                      {
                        "Node Type": "Hash Join",
                        "Parent Relationship": "Outer",
                        "Parallel Aware": true,
                        "Join Type": "Inner",
                        "Startup Cost": 66883.45,
                        "Total Cost": 615971.7,
                        "Plan Rows": 7563201,
                        "Plan Width": 8,
                        "Actual Startup Time": 740.228,
                        "Actual Total Time": 5380.072,
                        "Actual Rows": 6323965,
                        "Actual Loops": 2,
                        "Inner Unique": true,
                        "Hash Cond": "(ci.movie_id = t.id)",
                        "Plans": [
                          {
                            "Node Type": "Seq Scan",
                            "Parent Relationship": "Outer",
                            "Parallel Aware": true,
                            "Relation Name": "cast_info",
                            "Alias": "ci",
                            "Startup Cost": 0.0,
                            "Total Cost": 519069.44,
                            "Plan Rows": 11435713,
                            "Plan Width": 4,
                            "Actual Startup Time": 383.167,
                            "Actual Total Time": 1525.864,
                            "Actual Rows": 9718122,
                            "Actual Loops": 2,
                            "Filter": "(person_id > 1662684)",
                            "Rows Removed by Filter": 8404050
                          },
                          {
                            "Node Type": "Hash",
                            "Parent Relationship": "Inner",
                            "Parallel Aware": true,
                            "Startup Cost": 54588.39,
                            "Total Cost": 54588.39,
                            "Plan Rows": 983605,
                            "Plan Width": 4,
                            "Actual Startup Time": 351.586,
                            "Actual Total Time": 351.587,
                            "Actual Rows": 837049,
                            "Actual Loops": 2,
                            "Hash Buckets": 2097152,
                            "Original Hash Buckets": 2097152,
                            "Hash Batches": 1,
                            "Original Hash Batches": 1,
                            "Peak Memory Usage": 81920,
                            "Plans": [
                              {
                                "Node Type": "Seq Scan",
                                "Parent Relationship": "Outer",
                                "Parallel Aware": true,
                                "Relation Name": "title",
                                "Alias": "t",
                                "Startup Cost": 0.0,
                                "Total Cost": 54588.39,
                                "Plan Rows": 983605,
                                "Plan Width": 4,
                                "Actual Startup Time": 0.031,
                                "Actual Total Time": 157.965,
                                "Actual Rows": 837049,
                                "Actual Loops": 2,
                                "Filter": "(kind_id > 3)",
                                "Rows Removed by Filter": 427107
                              }
                            ]
                          }
                        ]
                      }
                    ]
                  }
                ]
              }
            ]
          }
        ]
      }
    ]
  },
  "Planning Time": 1.053,
  "Triggers": [],
  "Execution Time": 9109.14
}