[
  {
    "Plan": {
      "Node Type": "Aggregate",
      "Strategy": "Plain",
      "Partial Mode": "Finalize",
      "Parallel Aware": false,
      "Startup Cost": 44955.45,
      "Total Cost": 44955.46,
      "Plan Rows": 1,
      "Plan Width": 8,
      "Actual Startup Time": 143.108,
      "Actual Total Time": 152.882,
      "Actual Rows": 1,
      "Actual Loops": 1,
      "Plans": [
        {
          "Node Type": "Gather",
          "Parent Relationship": "Outer",
          "Parallel Aware": false,
          "Startup Cost": 44955.13,
          "Total Cost": 44955.44,
          "Plan Rows": 3,
          "Plan Width": 8,
          "Actual Startup Time": 142.99,
          "Actual Total Time": 152.873,
          "Actual Rows": 4,
          "Actual Loops": 1,
          "Workers Planned": 3,
          "Workers Launched": 3,
          "Single Copy": false,
          "Plans": [
            {
              "Node Type": "Aggregate",
              "Strategy": "Plain",
              "Partial Mode": "Partial",
              "Parent Relationship": "Outer",
              "Parallel Aware": false,
              "Startup Cost": 43955.13,
              "Total Cost": 43955.14,
              "Plan Rows": 1,
              "Plan Width": 8,
              "Actual Startup Time": 136.326,
              "Actual Total Time": 136.327,
              "Actual Rows": 1,
              "Actual Loops": 4,
              "Plans": [
                {
                  "Node Type": "Seq Scan",
                  "Parent Relationship": "Outer",
                  "Parallel Aware": true,
                  "Relation Name": "movie_keyword",
                  "Alias": "mk",
                  "Startup Cost": 0.0,
                  "Total Cost": 42695.65,
                  "Plan Rows": 503790,
                  "Plan Width": 0,
                  "Actual Startup Time": 1.528,
                  "Actual Total Time": 116.32,
                  "Actual Rows": 392577,
                  "Actual Loops": 4,
                  "Filter": "(keyword_id > 9980)",
                  "Rows Removed by Filter": 738406
                }
              ]
            }
          ]
        }
      ]
    },
    "Planning Time": 0.182,
    "Triggers": [],
    "Execution Time": 152.945
  }
]