[
  {
    "Plan": {
      "Node Type": "Aggregate",
      "Strategy": "Plain",
      "Partial Mode": "Finalize",
      "Parallel Aware": false,
      "Startup Cost": 46482.82,
      "Total Cost": 46482.83,
      "Plan Rows": 1,
      "Plan Width": 8,
      "Actual Startup Time": 98.517,
      "Actual Total Time": 110.891,
      "Actual Rows": 1,
      "Actual Loops": 1,
      "Plans": [
        {
          "Node Type": "Gather",
          "Parent Relationship": "Outer",
          "Parallel Aware": false,
          "Startup Cost": 46482.4,
          "Total Cost": 46482.81,
          "Plan Rows": 4,
          "Plan Width": 8,
          "Actual Startup Time": 98.336,
          "Actual Total Time": 110.882,
          "Actual Rows": 5,
          "Actual Loops": 1,
          "Workers Planned": 4,
          "Workers Launched": 4,
          "Single Copy": false,
          "Plans": [
            {
              "Node Type": "Aggregate",
              "Strategy": "Plain",
              "Partial Mode": "Partial",
              "Parent Relationship": "Outer",
              "Parallel Aware": false,
              "Startup Cost": 45482.4,
              "Total Cost": 45482.41,
              "Plan Rows": 1,
              "Plan Width": 8,
              "Actual Startup Time": 89.032,
              "Actual Total Time": 89.033,
              "Actual Rows": 1,
              "Actual Loops": 5,
              "Plans": [
                {
                  "Node Type": "Seq Scan",
                  "Parent Relationship": "Outer",
                  "Parallel Aware": true,
                  "Relation Name": "title",
                  "Alias": "t",
                  "Startup Cost": 0.0,
                  "Total Cost": 45479.1,
                  "Plan Rows": 1319,
                  "Plan Width": 0,
                  "Actual Startup Time": 0.3,
                  "Actual Total Time": 88.868,
                  "Actual Rows": 1040,
                  "Actual Loops": 5,
                  "Filter": "((kind_id = 7) AND (production_year = 1956))",
                  "Rows Removed by Filter": 504622
                }
              ]
            }
          ]
        }
      ]
    },
    "Planning Time": 0.167,
    "Triggers": [],
    "Execution Time": 110.953
  }
]