[
  {
    "Plan": {
      "Node Type": "Aggregate",
      "Strategy": "Plain",
      "Partial Mode": "Finalize",
      "Parallel Aware": false,
      "Startup Cost": 81456.25,
      "Total Cost": 81456.26,
      "Plan Rows": 1,
      "Plan Width": 8,
      "Actual Startup Time": 257.842,
      "Actual Total Time": 271.048,
      "Actual Rows": 1,
      "Actual Loops": 1,
      "Plans": [
        {
          "Node Type": "Gather",
          "Parent Relationship": "Outer",
          "Parallel Aware": false,
          "Startup Cost": 81455.83,
          "Total Cost": 81456.24,
          "Plan Rows": 4,
          "Plan Width": 8,
          "Actual Startup Time": 256.391,
          "Actual Total Time": 271.036,
          "Actual Rows": 5,
          "Actual Loops": 1,
          "Workers Planned": 4,
          "Workers Launched": 4,
          "Single Copy": false,
          "Plans": [
            {
              "Node Type": "Aggregate",
              "Strategy": "Plain",
              "Partial Mode": "Partial",
              "Parent Relationship": "Outer",
              "Parallel Aware": false,
              "Startup Cost": 80455.83,
              "Total Cost": 80455.84,
              "Plan Rows": 1,
              "Plan Width": 8,
              "Actual Startup Time": 245.524,
              "Actual Total Time": 245.527,
              "Actual Rows": 1,
              "Actual Loops": 5,
              "Plans": [
                {
                  "Node Type": "Hash Join",
                  "Parent Relationship": "Outer",
                  "Parallel Aware": true,
                  "Join Type": "Inner",
                  "Startup Cost": 33642.31,
                  "Total Cost": 80201.15,
                  "Plan Rows": 101875,
                  "Plan Width": 0,
                  "Actual Startup Time": 201.766,
                  "Actual Total Time": 244.955,
                  "Actual Rows": 10298,
                  "Actual Loops": 5,
                  "Inner Unique": false,
                  "Hash Cond": "(t.id = mc.movie_id)",
                  "Plans": [
                    {
                      "Node Type": "Seq Scan",
                      "Parent Relationship": "Outer",
                      "Parallel Aware": true,
                      "Relation Name": "title",
                      "Alias": "t",
                      "Startup Cost": 0.0,
                      "Total Cost": 43898.92,
                      "Plan Rows": 466259,
                      "Plan Width": 4,
                      "Actual Startup Time": 0.018,
                      "Actual Total Time": 78.231,
                      "Actual Rows": 373097,
                      "Actual Loops": 5,
                      "Filter": "(kind_id > 1)",
                      "Rows Removed by Filter": 132565
                    },
                    {
                      "Node Type": "Hash",
                      "Parent Relationship": "Inner",
                      "Parallel Aware": true,
                      "Startup Cost": 31414.82,
                      "Total Cost": 31414.82,
                      "Plan Rows": 178199,
                      "Plan Width": 4,
                      "Actual Startup Time": 98.536,
                      "Actual Total Time": 98.537,
                      "Actual Rows": 53051,
                      "Actual Loops": 5,
                      "Hash Buckets": 1048576,
                      "Original Hash Buckets": 1048576,
                      "Hash Batches": 1,
                      "Original Hash Batches": 1,
                      "Peak Memory Usage": 18624,
                      "Plans": [
                        {
                          "Node Type": "Seq Scan",
                          "Parent Relationship": "Outer",
                          "Parallel Aware": true,
                          "Relation Name": "movie_companies",
                          "Alias": "mc",
                          "Startup Cost": 0.0,
                          "Total Cost": 31414.82,
                          "Plan Rows": 178199,
                          "Plan Width": 4,
                          "Actual Startup Time": 21.921,
                          "Actual Total Time": 74.514,
                          "Actual Rows": 53051,
                          "Actual Loops": 5,
                          "Filter": "((company_id > 13614) AND (company_type_id < 2))",
                          "Rows Removed by Filter": 468774
                        }
                      ]
                    }
                  ]
                }
              ]
            }
          ]
        }
      ]
    },
    "Planning Time": 0.735,
    "Triggers": [],
    "Execution Time": 271.137
  }
]