[
  {
    "Plan": {
      "Node Type": "Aggregate",
      "Strategy": "Plain",
      "Partial Mode": "Finalize",
      "Parallel Aware": false,
      "Startup Cost": 82774.06,
      "Total Cost": 82774.07,
      "Plan Rows": 1,
      "Plan Width": 8,
      "Actual Startup Time": 343.538,
      "Actual Total Time": 359.654,
      "Actual Rows": 1,
      "Actual Loops": 1,
      "Plans": [
        {
          "Node Type": "Gather",
          "Parent Relationship": "Outer",
          "Parallel Aware": false,
          "Startup Cost": 82773.64,
          "Total Cost": 82774.05,
          "Plan Rows": 4,
          "Plan Width": 8,
          "Actual Startup Time": 340.836,
          "Actual Total Time": 359.643,
          "Actual Rows": 5,
          "Actual Loops": 1,
          "Workers Planned": 4,
          "Workers Launched": 4,
          "Single Copy": false,
          "Plans": [
            {
              "Node Type": "Aggregate",
              "Strategy": "Plain",
              "Partial Mode": "Partial",
              "Parent Relationship": "Outer",
              "Parallel Aware": false,
              "Startup Cost": 81773.64,
              "Total Cost": 81773.65,
              "Plan Rows": 1,
              "Plan Width": 8,
              "Actual Startup Time": 331.162,
              "Actual Total Time": 331.165,
              "Actual Rows": 1,
              "Actual Loops": 5,
              "Plans": [
                {
                  "Node Type": "Hash Join",
                  "Parent Relationship": "Outer",
                  "Parallel Aware": true,
                  "Join Type": "Inner",
                  "Startup Cost": 35016.09,
                  "Total Cost": 81215.44,
                  "Plan Rows": 223279,
                  "Plan Width": 0,
                  "Actual Startup Time": 130.947,
                  "Actual Total Time": 325.844,
                  "Actual Rows": 114546,
                  "Actual Loops": 5,
                  "Inner Unique": false,
                  "Hash Cond": "(t.id = mc.movie_id)",
                  "Plans": [
                    {
                      "Node Type": "Seq Scan",
                      "Parent Relationship": "Outer",
                      "Parallel Aware": true,
                      "Relation Name": "title",
                      "Alias": "t",
                      "Startup Cost": 0.0,
                      "Total Cost": 42318.73,
                      "Plan Rows": 632073,
                      "Plan Width": 4,
                      "Actual Startup Time": 0.012,
                      "Actual Total Time": 68.674,
                      "Actual Rows": 505662,
                      "Actual Loops": 5
                    },
                    {
                      "Node Type": "Hash",
                      "Parent Relationship": "Inner",
                      "Parallel Aware": true,
                      "Startup Cost": 31414.82,
                      "Total Cost": 31414.82,
                      "Plan Rows": 288102,
                      "Plan Width": 4,
                      "Actual Startup Time": 126.248,
                      "Actual Total Time": 126.249,
                      "Actual Rows": 114546,
                      "Actual Loops": 5,
                      "Hash Buckets": 1048576,
                      "Original Hash Buckets": 1048576,
                      "Hash Batches": 1,
                      "Original Hash Batches": 1,
                      "Peak Memory Usage": 30688,
                      "Plans": [
                        {
                          "Node Type": "Seq Scan",
                          "Parent Relationship": "Outer",
                          "Parallel Aware": true,
                          "Relation Name": "movie_companies",
                          "Alias": "mc",
                          "Startup Cost": 0.0,
                          "Total Cost": 31414.82,
                          "Plan Rows": 288102,
                          "Plan Width": 4,
                          "Actual Startup Time": 49.211,
                          "Actual Total Time": 80.723,
                          "Actual Rows": 114546,
                          "Actual Loops": 5,
                          "Filter": "((company_id < 24072) AND (company_type_id = 2))",
                          "Rows Removed by Filter": 407280
                        }
                      ]
                    }
                  ]
                }
              ]
            }
          ]
        }
      ]
    },
    "Planning Time": 0.647,
    "Triggers": [],
    "Execution Time": 359.785
  }
]