[
  {
    "Plan": {
      "Node Type": "Aggregate",
      "Strategy": "Plain",
      "Partial Mode": "Finalize",
      "Parallel Aware": false,
      "Startup Cost": 287190.04,
      "Total Cost": 287190.05,
      "Plan Rows": 1,
      "Plan Width": 8,
      "Actual Startup Time": 136.835,
      "Actual Total Time": 144.778,
      "Actual Rows": 1,
      "Actual Loops": 1,
      "Plans": [
        {
          "Node Type": "Gather",
          "Parent Relationship": "Outer",
          "Parallel Aware": false,
          "Startup Cost": 287189.42,
          "Total Cost": 287190.03,
          "Plan Rows": 6,
          "Plan Width": 8,
          "Actual Startup Time": 136.235,
          "Actual Total Time": 144.77,
          "Actual Rows": 7,
          "Actual Loops": 1,
          "Workers Planned": 6,
          "Workers Launched": 6,
          "Single Copy": false,
          "Plans": [
            {
              "Node Type": "Aggregate",
              "Strategy": "Plain",
              "Partial Mode": "Partial",
              "Parent Relationship": "Outer",
              "Parallel Aware": false,
              "Startup Cost": 286189.42,
              "Total Cost": 286189.43,
              "Plan Rows": 1,
              "Plan Width": 8,
              "Actual Startup Time": 126.381,
              "Actual Total Time": 126.382,
              "Actual Rows": 1,
              "Actual Loops": 7,
              "Plans": [
                {
                  "Node Type": "Bitmap Heap Scan",
                  "Parent Relationship": "Outer",
                  "Parallel Aware": true,
                  "Relation Name": "cast_info",
                  "Alias": "ci",
                  "Startup Cost": 30096.11,
                  "Total Cost": 285621.7,
                  "Plan Rows": 227087,
                  "Plan Width": 0,
                  "Actual Startup Time": 50.498,
                  "Actual Total Time": 114.78,
                  "Actual Rows": 192798,
                  "Actual Loops": 7,
                  "Recheck Cond": "(person_id > 3800245)",
                  "Rows Removed by Index Recheck": 0,
                  "Exact Heap Blocks": 5480,
                  "Lossy Heap Blocks": 0,
                  "Plans": [
                    {
                      "Node Type": "Bitmap Index Scan",
                      "Parent Relationship": "Outer",
                      "Parallel Aware": false,
                      "Index Name": "person_id_cast_info",
                      "Startup Cost": 0.0,
                      "Total Cost": 29755.48,
                      "Plan Rows": 1362522,
                      "Plan Width": 0,
                      "Actual Startup Time": 56.492,
                      "Actual Total Time": 56.492,
                      "Actual Rows": 1349586,
                      "Actual Loops": 1,
                      "Index Cond": "(person_id > 3800245)"
                    }
                  ]
                }
              ]
            }
          ]
        }
      ]
    },
    "Planning Time": 0.128,
    "Triggers": [],
    "Execution Time": 144.827
  }
]