[
  {
    "Plan": {
      "Node Type": "Aggregate",
      "Strategy": "Plain",
      "Partial Mode": "Finalize",
      "Parallel Aware": false,
      "Startup Cost": 37368.15,
      "Total Cost": 37368.16,
      "Plan Rows": 1,
      "Plan Width": 8,
      "Actual Startup Time": 128.725,
      "Actual Total Time": 137.295,
      "Actual Rows": 1,
      "Actual Loops": 1,
      "Plans": [
        {
          "Node Type": "Gather",
          "Parent Relationship": "Outer",
          "Parallel Aware": false,
          "Startup Cost": 37367.83,
          "Total Cost": 37368.14,
          "Plan Rows": 3,
          "Plan Width": 8,
          "Actual Startup Time": 128.384,
          "Actual Total Time": 137.286,
          "Actual Rows": 4,
          "Actual Loops": 1,
          "Workers Planned": 3,
          "Workers Launched": 3,
          "Single Copy": false,
          "Plans": [
            {
              "Node Type": "Aggregate",
              "Strategy": "Plain",
              "Partial Mode": "Partial",
              "Parent Relationship": "Outer",
              "Parallel Aware": false,
              "Startup Cost": 36367.83,
              "Total Cost": 36367.84,
              "Plan Rows": 1,
              "Plan Width": 8,
              "Actual Startup Time": 121.649,
              "Actual Total Time": 121.65,
              "Actual Rows": 1,
              "Actual Loops": 4,
              "Plans": [
                {
                  "Node Type": "Bitmap Heap Scan",
                  "Parent Relationship": "Outer",
                  "Parallel Aware": true,
                  "Relation Name": "movie_keyword",
                  "Alias": "mk",
                  "Startup Cost": 9700.86,
                  "Total Cost": 35999.0,
                  "Plan Rows": 147531,
                  "Plan Width": 0,
                  "Actual Startup Time": 45.648,
                  "Actual Total Time": 115.001,
                  "Actual Rows": 112294,
                  "Actual Loops": 4,
                  "Recheck Cond": "(keyword_id > 39558)",
                  "Rows Removed by Index Recheck": 0,
                  "Exact Heap Blocks": 10977,
                  "Lossy Heap Blocks": 0,
                  "Plans": [
                    {
                      "Node Type": "Bitmap Index Scan",
                      "Parent Relationship": "Outer",
                      "Parallel Aware": false,
                      "Index Name": "keyword_id_movie_keyword",
                      "Startup Cost": 0.0,
                      "Total Cost": 9586.53,
                      "Plan Rows": 457346,
                      "Plan Width": 0,
                      "Actual Startup Time": 48.194,
                      "Actual Total Time": 48.194,
                      "Actual Rows": 449177,
                      "Actual Loops": 1,
                      "Index Cond": "(keyword_id > 39558)"
                    }
                  ]
                }
              ]
            }
          ]
        }
      ]
    },
    "Planning Time": 0.182,
    "Triggers": [],
    "Execution Time": 137.371
  }
]