[
  {
    "Plan": {
      "Node Type": "Aggregate",
      "Strategy": "Plain",
      "Partial Mode": "Finalize",
      "Parallel Aware": false,
      "Startup Cost": 44667.67,
      "Total Cost": 44667.68,
      "Plan Rows": 1,
      "Plan Width": 8,
      "Actual Startup Time": 146.505,
      "Actual Total Time": 155.636,
      "Actual Rows": 1,
      "Actual Loops": 1,
      "Plans": [
        {
          "Node Type": "Gather",
          "Parent Relationship": "Outer",
          "Parallel Aware": false,
          "Startup Cost": 44667.35,
          "Total Cost": 44667.66,
          "Plan Rows": 3,
          "Plan Width": 8,
          "Actual Startup Time": 146.371,
          "Actual Total Time": 155.625,
          "Actual Rows": 4,
          "Actual Loops": 1,
          "Workers Planned": 3,
          "Workers Launched": 3,
          "Single Copy": false,
          "Plans": [
            {
              "Node Type": "Aggregate",
              "Strategy": "Plain",
              "Partial Mode": "Partial",
              "Parent Relationship": "Outer",
              "Parallel Aware": false,
              "Startup Cost": 43667.35,
              "Total Cost": 43667.36,
              "Plan Rows": 1,
              "Plan Width": 8,
              "Actual Startup Time": 139.447,
              "Actual Total Time": 139.448,
              "Actual Rows": 1,
              "Actual Loops": 4,
              "Plans": [
                {
                  "Node Type": "Seq Scan",
                  "Parent Relationship": "Outer",
                  "Parallel Aware": true,
                  "Relation Name": "movie_keyword",
                  "Alias": "mk",
                  "Startup Cost": 0.0,
                  "Total Cost": 42695.65,
                  "Plan Rows": 388680,
                  "Plan Width": 0,
                  "Actual Startup Time": 2.535,
                  "Actual Total Time": 121.793,
                  "Actual Rows": 302149,
                  "Actual Loops": 4,
                  "Filter": "(keyword_id > 15163)",
                  "Rows Removed by Filter": 828834
                }
              ]
            }
          ]
        }
      ]
    },
    "Planning Time": 0.193,
    "Triggers": [],
    "Execution Time": 155.697
  }
]