[
  {
    "Plan": {
      "Node Type": "Aggregate",
      "Strategy": "Plain",
      "Partial Mode": "Finalize",
      "Parallel Aware": false,
      "Startup Cost": 126799.83,
      "Total Cost": 126799.84,
      "Plan Rows": 1,
      "Plan Width": 8,
      "Actual Startup Time": 1096.624,
      "Actual Total Time": 1117.531,
      "Actual Rows": 1,
      "Actual Loops": 1,
      "Plans": [
        {
          "Node Type": "Gather",
          "Parent Relationship": "Outer",
          "Parallel Aware": false,
          "Startup Cost": 126799.51,
          "Total Cost": 126799.82,
          "Plan Rows": 3,
          "Plan Width": 8,
          "Actual Startup Time": 1091.686,
          "Actual Total Time": 1117.519,
          "Actual Rows": 4,
          "Actual Loops": 1,
          "Workers Planned": 3,
          "Workers Launched": 3,
          "Single Copy": false,
          "Plans": [
            {
              "Node Type": "Aggregate",
              "Strategy": "Plain",
              "Partial Mode": "Partial",
              "Parent Relationship": "Outer",
              "Parallel Aware": false,
              "Startup Cost": 125799.51,
              "Total Cost": 125799.52,
              "Plan Rows": 1,
              "Plan Width": 8,
              "Actual Startup Time": 1085.937,
              "Actual Total Time": 1086.253,
              "Actual Rows": 1,
              "Actual Loops": 4,
              "Plans": [
                {
                  "Node Type": "Hash Join",
                  "Parent Relationship": "Outer",
                  "Parallel Aware": true,
                  "Join Type": "Inner",
                  "Startup Cost": 77473.78,
                  "Total Cost": 125355.37,
                  "Plan Rows": 177656,
                  "Plan Width": 0,
                  "Actual Startup Time": 525.315,
                  "Actual Total Time": 950.695,
                  "Actual Rows": 3347222,
                  "Actual Loops": 4,
                  "Inner Unique": false,
                  "Hash Cond": "(mk.movie_id = t.id)",
                  "Plans": [
                    {
                      "Node Type": "Seq Scan",
                      "Parent Relationship": "Outer",
                      "Parallel Aware": true,
                      "Relation Name": "movie_keyword",
                      "Alias": "mk",
                      "Startup Cost": 0.0,
                      "Total Cost": 42695.65,
                      "Plan Rows": 1230094,
                      "Plan Width": 4,
                      "Actual Startup Time": 0.151,
                      "Actual Total Time": 108.453,
                      "Actual Rows": 952021,
                      "Actual Loops": 4,
                      "Filter": "(keyword_id > 613)",
                      "Rows Removed by Filter": 178962
                    },
                    {
                      "Node Type": "Hash",
                      "Parent Relationship": "Inner",
                      "Parallel Aware": true,
                      "Startup Cost": 76001.33,
                      "Total Cost": 76001.33,
                      "Plan Rows": 117796,
                      "Plan Width": 8,
                      "Actual Startup Time": 521.726,
                      "Actual Total Time": 522.04,
                      "Actual Rows": 238880,
                      "Actual Loops": 4,
                      "Hash Buckets": 1048576,
                      "Original Hash Buckets": 524288,
                      "Hash Batches": 1,
                      "Original Hash Batches": 1,
                      "Peak Memory Usage": 49728,
                      "Plans": [
                        {
                          "Node Type": "Hash Join",
                          "Parent Relationship": "Outer",
                          "Parallel Aware": true,
                          "Join Type": "Inner",
                          "Startup Cost": 46585.44,
                          "Total Cost": 76001.33,
                          "Plan Rows": 117796,
                          "Plan Width": 8,
                          "Actual Startup Time": 157.663,
                          "Actual Total Time": 372.238,
                          "Actual Rows": 238880,
                          "Actual Loops": 4,
                          "Inner Unique": true,
                          "Hash Cond": "(mc.movie_id = t.id)",
                          "Plans": [
                            {
                              "Node Type": "Seq Scan",
                              "Parent Relationship": "Outer",
                              "Parallel Aware": true,
                              "Relation Name": "movie_companies",
                              "Alias": "mc",
                              "Startup Cost": 0.0,
                              "Total Cost": 27206.55,
                              "Plan Rows": 841655,
                              "Plan Width": 4,
                              "Actual Startup Time": 0.007,
                              "Actual Total Time": 62.774,
                              "Actual Rows": 652282,
                              "Actual Loops": 4
                            },
                            {
                              "Node Type": "Hash",
                              "Parent Relationship": "Inner",
                              "Parallel Aware": true,
                              "Startup Cost": 45479.59,
                              "Total Cost": 45479.59,
                              "Plan Rows": 88468,
                              "Plan Width": 4,
                              "Actual Startup Time": 155.769,
                              "Actual Total Time": 155.77,
                              "Actual Rows": 117593,
                              "Actual Loops": 4,
                              "Hash Buckets": 524288,
                              "Original Hash Buckets": 524288,
                              "Hash Batches": 1,
                              "Original Hash Batches": 1,
                              "Peak Memory Usage": 22592,
                              "Plans": [
                                {
                                  "Node Type": "Seq Scan",
                                  "Parent Relationship": "Outer",
                                  "Parallel Aware": true,
                                  "Relation Name": "title",
                                  "Alias": "t",
                                  "Startup Cost": 0.0,
                                  "Total Cost": 45479.59,
                                  "Plan Rows": 88468,
                                  "Plan Width": 4,
                                  "Actual Startup Time": 0.034,
                                  "Actual Total Time": 108.742,
                                  "Actual Rows": 117593,
                                  "Actual Loops": 4,
                                  "Filter": "((kind_id < 7) AND (production_year < 1998))",
                                  "Rows Removed by Filter": 514485
                                }
                              ]
                            }
                          ]
                        }
                      ]
                    }
                  ]
                }
              ]
            }
          ]
        }
      ]
    },
    "Planning Time": 1.315,
    "Triggers": [],
    "Execution Time": 1117.605
  }
]