{
  "Plan": {
    "Node Type": "Aggregate",
    "Strategy": "Plain",
    "Partial Mode": "Finalize",
    "Parallel Aware": false,
    "Startup Cost": 760884.22,
    "Total Cost": 760884.23,
    "Plan Rows": 1,
    "Plan Width": 8,
    "Actual Startup Time": 9791.277,
    "Actual Total Time": 9845.792,
    "Actual Rows": 1,
    "Actual Loops": 1,
    "Plans": [
      {
        "Node Type": "Gather",
        "Parent Relationship": "Outer",
        "Parallel Aware": false,
        "Startup Cost": 760884.11,
        "Total Cost": 760884.22,
        "Plan Rows": 1,
        "Plan Width": 8,
        "Actual Startup Time": 9787.025,
        "Actual Total Time": 9845.783,
        "Actual Rows": 2,
        "Actual Loops": 1,
        "Workers Planned": 1,
        "Workers Launched": 1,
        "Single Copy": false,
        "Plans": [
          {
            "Node Type": "Aggregate",
            "Strategy": "Plain",
            "Partial Mode": "Partial",
            "Parent Relationship": "Outer",
            "Parallel Aware": false,
            "Startup Cost": 759884.11,
            "Total Cost": 759884.12,
            "Plan Rows": 1,
            "Plan Width": 8,
            "Actual Startup Time": 9781.544,
            "Actual Total Time": 9782.393,
            "Actual Rows": 1,
            "Actual Loops": 2,
            "Plans": [
              {
                "Node Type": "Hash Join",
                "Parent Relationship": "Outer",
                "Parallel Aware": true,
                "Join Type": "Inner",
                "Startup Cost": 108784.57,
                "Total Cost": 742984.87,
                "Plan Rows": 6759695,
                "Plan Width": 0,
                "Actual Startup Time": 844.188,
                "Actual Total Time": 8861.713,
                "Actual Rows": 21734598,
                "Actual Loops": 2,
                "Inner Unique": false,
                "Hash Cond": "(ci.movie_id = t.id)",
                "Plans": [
                  {
                    "Node Type": "Seq Scan",
                    "Parent Relationship": "Outer",
                    "Parallel Aware": true,
                    "Relation Name": "cast_info",
                    "Alias": "ci",
                    "Startup Cost": 0.0,
                    "Total Cost": 519069.44,
                    "Plan Rows": 20098111,
                    "Plan Width": 4,
                    "Actual Startup Time": 0.017,
                    "Actual Total Time": 1723.237,
                    "Actual Rows": 17131950,
                    "Actual Loops": 2,
                    "Filter": "(person_id < 3672643)",
                    "Rows Removed by Filter": 990222
                  },
                  {
                    "Node Type": "Hash",
                    "Parent Relationship": "Inner",
                    "Parallel Aware": true,
                    "Startup Cost": 102531.97,
                    "Total Cost": 102531.97,
                    "Plan Rows": 500208,
                    "Plan Width": 8,
                    "Actual Startup Time": 834.52,
                    "Actual Total Time": 835.366,
                    "Actual Rows": 683954,
                    "Actual Loops": 2,
                    "Hash Buckets": 2097152,
                    "Original Hash Buckets": 1048576,
                    "Hash Batches": 1,
                    "Original Hash Batches": 1,
                    "Peak Memory Usage": 78112,
                    "Plans": [
                      {
                        "Node Type": "Hash Join",
                        "Parent Relationship": "Outer",
                        "Parallel Aware": true,
                        "Join Type": "Inner",
                        "Startup Cost": 64365.34,
                        "Total Cost": 102531.97,
                        "Plan Rows": 500208,
                        "Plan Width": 8,
                        "Actual Startup Time": 244.881,
                        "Actual Total Time": 661.211,
                        "Actual Rows": 683954,
                        "Actual Loops": 2,
                        "Inner Unique": true,
                        "Hash Cond": "(mc.movie_id = t.id)",
                        "Plans": [
                          {
                            "Node Type": "Seq Scan",
                            "Parent Relationship": "Outer",
                            "Parallel Aware": true,
                            "Relation Name": "movie_companies",
                            "Alias": "mc",
                            "Startup Cost": 0.0,
                            "Total Cost": 34137.82,
                            "Plan Rows": 1534782,
                            "Plan Width": 4,
                            "Actual Startup Time": 0.012,
                            "Actual Total Time": 102.769,
                            "Actual Rows": 1304564,
                            "Actual Loops": 2
                          },
                          {
                            "Node Type": "Hash",
                            "Parent Relationship": "Inner",
                            "Parallel Aware": true,
                            "Startup Cost": 58306.47,
                            "Total Cost": 58306.47,
                            "Plan Rows": 484710,
                            "Plan Width": 4,
                            "Actual Startup Time": 239.379,
                            "Actual Total Time": 239.38,
                            "Actual Rows": 366068,
                            "Actual Loops": 2,
                            "Hash Buckets": 1048576,
                            "Original Hash Buckets": 1048576,
                            "Hash Batches": 1,
                            "Original Hash Batches": 1,
                            "Peak Memory Usage": 36864,
                            "Plans": [
                              {
                                "Node Type": "Seq Scan",
                                "Parent Relationship": "Outer",
                                "Parallel Aware": true,
                                "Relation Name": "title",
                                "Alias": "t",
                                "Startup Cost": 0.0,
                                "Total Cost": 58306.47,
                                "Plan Rows": 484710,
                                "Plan Width": 4,
                                "Actual Startup Time": 0.034,
                                "Actual Total Time": 148.28,
                                "Actual Rows": 366068,
                                "Actual Loops": 2,
                                "Filter": "((kind_id < 7) AND (production_year > 1969))",
                                "Rows Removed by Filter": 898088
                              }
                            ]
                          }
                        ]
                      }
                    ]
                  }
                ]
              }
            ]
          }
        ]
      }
    ]
  },
  "Planning Time": 0.927,
  "Triggers": [],
  "Execution Time": 9845.876
}