[
  {
    "Plan": {
      "Node Type": "Aggregate",
      "Strategy": "Plain",
      "Partial Mode": "Finalize",
      "Parallel Aware": false,
      "Startup Cost": 342010.08,
      "Total Cost": 342010.09,
      "Plan Rows": 1,
      "Plan Width": 8,
      "Actual Startup Time": 811.155,
      "Actual Total Time": 868.604,
      "Actual Rows": 1,
      "Actual Loops": 1,
      "Plans": [
        {
          "Node Type": "Gather",
          "Parent Relationship": "Outer",
          "Parallel Aware": false,
          "Startup Cost": 342009.45,
          "Total Cost": 342010.06,
          "Plan Rows": 6,
          "Plan Width": 8,
          "Actual Startup Time": 811.035,
          "Actual Total Time": 868.592,
          "Actual Rows": 7,
          "Actual Loops": 1,
          "Workers Planned": 6,
          "Workers Launched": 6,
          "Single Copy": false,
          "Plans": [
            {
              "Node Type": "Aggregate",
              "Strategy": "Plain",
              "Partial Mode": "Partial",
              "Parent Relationship": "Outer",
              "Parallel Aware": false,
              "Startup Cost": 341009.45,
              "Total Cost": 341009.46,
              "Plan Rows": 1,
              "Plan Width": 8,
              "Actual Startup Time": 800.149,
              "Actual Total Time": 800.15,
              "Actual Rows": 1,
              "Actual Loops": 7,
              "Plans": [
                {
                  "Node Type": "Seq Scan",
                  "Parent Relationship": "Outer",
                  "Parallel Aware": true,
                  "Relation Name": "cast_info",
                  "Alias": "ci",
                  "Startup Cost": 0.0,
                  "Total Cost": 328162.03,
                  "Plan Rows": 5138971,
                  "Plan Width": 0,
                  "Actual Startup Time": 0.053,
                  "Actual Total Time": 614.596,
                  "Actual Rows": 4427775,
                  "Actual Loops": 7,
                  "Filter": "(person_id < 3137174)",
                  "Rows Removed by Filter": 749989
                }
              ]
            }
          ]
        }
      ]
    },
    "Planning Time": 0.173,
    "Triggers": [],
    "Execution Time": 868.674
  }
]