[
  {
    "Plan": {
      "Node Type": "Aggregate",
      "Strategy": "Plain",
      "Partial Mode": "Simple",
      "Parallel Aware": false,
      "Startup Cost": 23096.69,
      "Total Cost": 23096.7,
      "Plan Rows": 1,
      "Plan Width": 8,
      "Actual Startup Time": 32.805,
      "Actual Total Time": 32.806,
      "Actual Rows": 1,
      "Actual Loops": 1,
      "Plans": [
        {
          "Node Type": "Bitmap Heap Scan",
          "Parent Relationship": "Outer",
          "Parallel Aware": false,
          "Relation Name": "movie_companies",
          "Alias": "mc",
          "Startup Cost": 2546.08,
          "Total Cost": 22803.25,
          "Plan Rows": 117374,
          "Plan Width": 0,
          "Actual Startup Time": 6.731,
          "Actual Total Time": 27.033,
          "Actual Rows": 115324,
          "Actual Loops": 1,
          "Recheck Cond": "(company_id > 148908)",
          "Rows Removed by Index Recheck": 0,
          "Exact Heap Blocks": 3420,
          "Lossy Heap Blocks": 0,
          "Plans": [
            {
              "Node Type": "Bitmap Index Scan",
              "Parent Relationship": "Outer",
              "Parallel Aware": false,
              "Index Name": "company_id_movie_companies",
              "Startup Cost": 0.0,
              "Total Cost": 2516.73,
              "Plan Rows": 117374,
              "Plan Width": 0,
              "Actual Startup Time": 6.186,
              "Actual Total Time": 6.186,
              "Actual Rows": 115324,
              "Actual Loops": 1,
              "Index Cond": "(company_id > 148908)"
            }
          ]
        }
      ]
    },
    "Planning Time": 0.177,
    "Triggers": [],
    "Execution Time": 32.844
  }
]