[
  {
    "Plan": {
      "Node Type": "Aggregate",
      "Strategy": "Plain",
      "Partial Mode": "Simple",
      "Parallel Aware": false,
      "Startup Cost": 23191.41,
      "Total Cost": 23191.42,
      "Plan Rows": 1,
      "Plan Width": 8,
      "Actual Startup Time": 48.677,
      "Actual Total Time": 48.678,
      "Actual Rows": 1,
      "Actual Loops": 1,
      "Plans": [
        {
          "Node Type": "Bitmap Heap Scan",
          "Parent Relationship": "Outer",
          "Parallel Aware": false,
          "Relation Name": "movie_companies",
          "Alias": "mc",
          "Startup Cost": 2602.08,
          "Total Cost": 22891.52,
          "Plan Rows": 119955,
          "Plan Width": 0,
          "Actual Startup Time": 17.02,
          "Actual Total Time": 41.795,
          "Actual Rows": 115324,
          "Actual Loops": 1,
          "Recheck Cond": "(company_id > 148908)",
          "Rows Removed by Index Recheck": 0,
          "Exact Heap Blocks": 3420,
          "Lossy Heap Blocks": 0,
          "Plans": [
            {
              "Node Type": "Bitmap Index Scan",
              "Parent Relationship": "Outer",
              "Parallel Aware": false,
              "Index Name": "company_id_movie_companies",
              "Startup Cost": 0.0,
              "Total Cost": 2572.09,
              "Plan Rows": 119955,
              "Plan Width": 0,
              "Actual Startup Time": 16.031,
              "Actual Total Time": 16.031,
              "Actual Rows": 115324,
              "Actual Loops": 1,
              "Index Cond": "(company_id > 148908)"
            }
          ]
        }
      ]
    },
    "Planning Time": 0.177,
    "Triggers": [],
    "Execution Time": 48.738
  }
]