[
  {
    "Plan": {
      "Node Type": "Aggregate",
      "Strategy": "Plain",
      "Partial Mode": "Finalize",
      "Parallel Aware": false,
      "Startup Cost": 30807.87,
      "Total Cost": 30807.88,
      "Plan Rows": 1,
      "Plan Width": 8,
      "Actual Startup Time": 85.227,
      "Actual Total Time": 92.588,
      "Actual Rows": 1,
      "Actual Loops": 1,
      "Plans": [
        {
          "Node Type": "Gather",
          "Parent Relationship": "Outer",
          "Parallel Aware": false,
          "Startup Cost": 30807.55,
          "Total Cost": 30807.86,
          "Plan Rows": 3,
          "Plan Width": 8,
          "Actual Startup Time": 85.114,
          "Actual Total Time": 92.579,
          "Actual Rows": 4,
          "Actual Loops": 1,
          "Workers Planned": 3,
          "Workers Launched": 3,
          "Single Copy": false,
          "Plans": [
            {
              "Node Type": "Aggregate",
              "Strategy": "Plain",
              "Partial Mode": "Partial",
              "Parent Relationship": "Outer",
              "Parallel Aware": false,
              "Startup Cost": 29807.55,
              "Total Cost": 29807.56,
              "Plan Rows": 1,
              "Plan Width": 8,
              "Actual Startup Time": 79.103,
              "Actual Total Time": 79.105,
              "Actual Rows": 1,
              "Actual Loops": 4,
              "Plans": [
                {
                  "Node Type": "Seq Scan",
                  "Parent Relationship": "Outer",
                  "Parallel Aware": true,
                  "Relation Name": "movie_companies",
                  "Alias": "mc",
                  "Startup Cost": 0.0,
                  "Total Cost": 29310.68,
                  "Plan Rows": 198748,
                  "Plan Width": 0,
                  "Actual Startup Time": 35.19,
                  "Actual Total Time": 72.697,
                  "Actual Rows": 157274,
                  "Actual Loops": 4,
                  "Filter": "(company_id > 59999)",
                  "Rows Removed by Filter": 495008
                }
              ]
            }
          ]
        }
      ]
    },
    "Planning Time": 0.194,
    "Triggers": [],
    "Execution Time": 92.647
  }
]