{
    "Plan": {
        "Node Type": "Aggregate",
        "Strategy": "Plain",
        "Partial Mode": "Finalize",
        "Parallel Aware": false,
        "Startup Cost": 51527.32,
        "Total Cost": 51527.33,
        "Plan Rows": 1,
        "Plan Width": 32,
        "Actual Startup Time": 270.636,
        "Actual Total Time": 286.086,
        "Actual Rows": 1,
        "Actual Loops": 1,
        "Plans": [
            {
                "Node Type": "Gather",
                "Parent Relationship": "Outer",
                "Parallel Aware": false,
                "Startup Cost": 51527.21,
                "Total Cost": 51527.32,
                "Plan Rows": 1,
                "Plan Width": 32,
                "Actual Startup Time": 270.38,
                "Actual Total Time": 286.073,
                "Actual Rows": 2,
                "Actual Loops": 1,
                "Workers Planned": 1,
                "Workers Launched": 1,
                "Single Copy": false,
                "Plans": [
                    {
                        "Node Type": "Aggregate",
                        "Strategy": "Plain",
                        "Partial Mode": "Partial",
                        "Parent Relationship": "Outer",
                        "Parallel Aware": false,
                        "Startup Cost": 50527.21,
                        "Total Cost": 50527.22,
                        "Plan Rows": 1,
                        "Plan Width": 32,
                        "Actual Startup Time": 262.806,
                        "Actual Total Time": 262.817,
                        "Actual Rows": 1,
                        "Actual Loops": 2,
                        "Plans": [
                            {
                                "Node Type": "Hash Join",
                                "Parent Relationship": "Outer",
                                "Parallel Aware": false,
                                "Join Type": "Inner",
                                "Startup Cost": 5.47,
                                "Total Cost": 50526.91,
                                "Plan Rows": 121,
                                "Plan Width": 17,
                                "Actual Startup Time": 262.8,
                                "Actual Total Time": 262.809,
                                "Actual Rows": 0,
                                "Actual Loops": 2,
                                "Inner Unique": true,
                                "Hash Cond": "(mi.info_type_id = it.id)",
                                "Plans": [
                                    {
                                        "Node Type": "Nested Loop",
                                        "Parent Relationship": "Outer",
                                        "Parallel Aware": false,
                                        "Join Type": "Inner",
                                        "Startup Cost": 1.93,
                                        "Total Cost": 50523.04,
                                        "Plan Rows": 121,
                                        "Plan Width": 21,
                                        "Actual Startup Time": 262.797,
                                        "Actual Total Time": 262.805,
                                        "Actual Rows": 0,
                                        "Actual Loops": 2,
                                        "Inner Unique": false,
                                        "Plans": [
                                            {
                                                "Node Type": "Nested Loop",
                                                "Parent Relationship": "Outer",
                                                "Parallel Aware": false,
                                                "Join Type": "Inner",
                                                "Startup Cost": 1.49,
                                                "Total Cost": 49415.23,
                                                "Plan Rows": 463,
                                                "Plan Width": 25,
                                                "Actual Startup Time": 262.795,
                                                "Actual Total Time": 262.802,
                                                "Actual Rows": 0,
                                                "Actual Loops": 2,
                                                "Inner Unique": true,
                                                "Plans": [
                                                    {
                                                        "Node Type": "Hash Join",
                                                        "Parent Relationship": "Outer",
                                                        "Parallel Aware": false,
                                                        "Join Type": "Inner",
                                                        "Startup Cost": 1.06,
                                                        "Total Cost": 41837.52,
                                                        "Plan Rows": 1144,
                                                        "Plan Width": 4,
                                                        "Actual Startup Time": 262.793,
                                                        "Actual Total Time": 262.798,
                                                        "Actual Rows": 0,
                                                        "Actual Loops": 2,
                                                        "Inner Unique": true,
                                                        "Hash Cond": "(mc.company_type_id = ct.id)",
                                                        "Plans": [
                                                            {
                                                                "Node Type": "Seq Scan",
                                                                "Parent Relationship": "Outer",
                                                                "Parallel Aware": true,
                                                                "Relation Name": "movie_companies",
                                                                "Alias": "mc",
                                                                "Startup Cost": 0.0,
                                                                "Total Cost": 41811.73,
                                                                "Plan Rows": 4574,
                                                                "Plan Width": 8,
                                                                "Actual Startup Time": 7.637,
                                                                "Actual Total Time": 261.097,
                                                                "Actual Rows": 12012,
                                                                "Actual Loops": 2,
                                                                "Filter": "((note ~~ '%(theatrical)%'::text) AND (note ~~ '%(France)%'::text))",
                                                                "Rows Removed by Filter": 1292552
                                                            },
                                                            {
                                                                "Node Type": "Hash",
                                                                "Parent Relationship": "Inner",
                                                                "Parallel Aware": false,
                                                                "Startup Cost": 1.05,
                                                                "Total Cost": 1.05,
                                                                "Plan Rows": 1,
                                                                "Plan Width": 4,
                                                                "Actual Startup Time": 0.053,
                                                                "Actual Total Time": 0.055,
                                                                "Actual Rows": 1,
                                                                "Actual Loops": 2,
                                                                "Hash Buckets": 1024,
                                                                "Original Hash Buckets": 1024,
                                                                "Hash Batches": 1,
                                                                "Original Hash Batches": 1,
                                                                "Peak Memory Usage": 9,
                                                                "Plans": [
                                                                    {
                                                                        "Node Type": "Seq Scan",
                                                                        "Parent Relationship": "Outer",
                                                                        "Parallel Aware": false,
                                                                        "Relation Name": "company_type",
                                                                        "Alias": "ct",
                                                                        "Startup Cost": 0.0,
                                                                        "Total Cost": 1.05,
                                                                        "Plan Rows": 1,
                                                                        "Plan Width": 4,
                                                                        "Actual Startup Time": 0.04,
                                                                        "Actual Total Time": 0.043,
                                                                        "Actual Rows": 1,
                                                                        "Actual Loops": 2,
                                                                        "Filter": "((kind)::text = 'production companies'::text)",
                                                                        "Rows Removed by Filter": 3
                                                                    }
                                                                ]
                                                            }
                                                        ]
                                                    },
                                                    {
                                                        "Node Type": "Index Scan",
                                                        "Parent Relationship": "Inner",
                                                        "Parallel Aware": false,
                                                        "Scan Direction": "Forward",
                                                        "Index Name": "title_pkey",
                                                        "Relation Name": "title",
                                                        "Alias": "t",
                                                        "Startup Cost": 0.43,
                                                        "Total Cost": 6.62,
                                                        "Plan Rows": 1,
                                                        "Plan Width": 21,
                                                        "Actual Startup Time": 0.0,
                                                        "Actual Total Time": 0.0,
                                                        "Actual Rows": 0,
                                                        "Actual Loops": 0,
                                                        "Index Cond": "(id = mc.movie_id)",
                                                        "Rows Removed by Index Recheck": 0,
                                                        "Filter": "(production_year > 2005)",
                                                        "Rows Removed by Filter": 0
                                                    }
                                                ]
                                            },
                                            {
                                                "Node Type": "Index Scan",
                                                "Parent Relationship": "Inner",
                                                "Parallel Aware": false,
                                                "Scan Direction": "Forward",
                                                "Index Name": "movie_id_movie_info",
                                                "Relation Name": "movie_info",
                                                "Alias": "mi",
                                                "Startup Cost": 0.43,
                                                "Total Cost": 2.38,
                                                "Plan Rows": 1,
                                                "Plan Width": 8,
                                                "Actual Startup Time": 0.0,
                                                "Actual Total Time": 0.0,
                                                "Actual Rows": 0,
                                                "Actual Loops": 0,
                                                "Index Cond": "(movie_id = t.id)",
                                                "Rows Removed by Index Recheck": 0,
                                                "Filter": "(info = ANY ('{Sweden,Norway,Germany,Denmark,Swedish,Denish,Norwegian,German}'::text[]))",
                                                "Rows Removed by Filter": 0
                                            }
                                        ]
                                    },
                                    {
                                        "Node Type": "Hash",
                                        "Parent Relationship": "Inner",
                                        "Parallel Aware": false,
                                        "Startup Cost": 2.13,
                                        "Total Cost": 2.13,
                                        "Plan Rows": 113,
                                        "Plan Width": 4,
                                        "Actual Startup Time": 0.0,
                                        "Actual Total Time": 0.0,
                                        "Actual Rows": 0,
                                        "Actual Loops": 0,
                                        "Plans": [
                                            {
                                                "Node Type": "Seq Scan",
                                                "Parent Relationship": "Outer",
                                                "Parallel Aware": false,
                                                "Relation Name": "info_type",
                                                "Alias": "it",
                                                "Startup Cost": 0.0,
                                                "Total Cost": 2.13,
                                                "Plan Rows": 113,
                                                "Plan Width": 4,
                                                "Actual Startup Time": 0.0,
                                                "Actual Total Time": 0.0,
                                                "Actual Rows": 0,
                                                "Actual Loops": 0
                                            }
                                        ]
                                    }
                                ]
                            }
                        ]
                    }
                ]
            }
        ]
    },
    "Planning Time": 3.381,
    "Triggers": [],
    "Execution Time": 286.22
}