{
  "Plan": {
    "Node Type": "Aggregate",
    "Strategy": "Plain",
    "Partial Mode": "Finalize",
    "Parallel Aware": false,
    "Startup Cost": 1051036.15,
    "Total Cost": 1051036.16,
    "Plan Rows": 1,
    "Plan Width": 8,
    "Actual Startup Time": 5072.807,
    "Actual Total Time": 5177.621,
    "Actual Rows": 1,
    "Actual Loops": 1,
    "Plans": [
      {
        "Node Type": "Gather",
        "Parent Relationship": "Outer",
        "Parallel Aware": false,
        "Startup Cost": 1051036.04,
        "Total Cost": 1051036.15,
        "Plan Rows": 1,
        "Plan Width": 8,
        "Actual Startup Time": 5070.81,
        "Actual Total Time": 5177.61,
        "Actual Rows": 2,
        "Actual Loops": 1,
        "Workers Planned": 1,
        "Workers Launched": 1,
        "Single Copy": false,
        "Plans": [
          {
            "Node Type": "Aggregate",
            "Strategy": "Plain",
            "Partial Mode": "Partial",
            "Parent Relationship": "Outer",
            "Parallel Aware": false,
            "Startup Cost": 1050036.04,
            "Total Cost": 1050036.05,
            "Plan Rows": 1,
            "Plan Width": 8,
            "Actual Startup Time": 5063.105,
            "Actual Total Time": 5063.269,
            "Actual Rows": 1,
            "Actual Loops": 2,
            "Plans": [
              {
                "Node Type": "Hash Join",
                "Parent Relationship": "Outer",
                "Parallel Aware": true,
                "Join Type": "Inner",
                "Startup Cost": 679386.46,
                "Total Cost": 1036435.61,
                "Plan Rows": 5440172,
                "Plan Width": 0,
                "Actual Startup Time": 3179.504,
                "Actual Total Time": 5004.682,
                "Actual Rows": 1407894,
                "Actual Loops": 2,
                "Inner Unique": false,
                "Hash Cond": "(mi.movie_id = t.id)",
                "Plans": [
                  {
                    "Node Type": "Seq Scan",
                    "Parent Relationship": "Outer",
                    "Parallel Aware": true,
                    "Relation Name": "movie_info",
                    "Alias": "mi",
                    "Startup Cost": 0.0,
                    "Total Cost": 248955.74,
                    "Plan Rows": 8696274,
                    "Plan Width": 4,
                    "Actual Startup Time": 0.012,
                    "Actual Total Time": 644.158,
                    "Actual Rows": 7417860,
                    "Actual Loops": 2
                  },
                  {
                    "Node Type": "Hash",
                    "Parent Relationship": "Inner",
                    "Parallel Aware": true,
                    "Startup Cost": 667756.77,
                    "Total Cost": 667756.77,
                    "Plan Rows": 930375,
                    "Plan Width": 8,
                    "Actual Startup Time": 3163.206,
                    "Actual Total Time": 3163.368,
                    "Actual Rows": 192600,
                    "Actual Loops": 2,
                    "Hash Buckets": 2097152,
                    "Original Hash Buckets": 2097152,
                    "Hash Batches": 1,
                    "Original Hash Batches": 1,
                    "Peak Memory Usage": 31488,
                    "Plans": [
                      {
                        "Node Type": "Hash Join",
                        "Parent Relationship": "Outer",
                        "Parallel Aware": true,
                        "Join Type": "Inner",
                        "Startup Cost": 59573.36,
                        "Total Cost": 667756.77,
                        "Plan Rows": 930375,
                        "Plan Width": 8,
                        "Actual Startup Time": 676.929,
                        "Actual Total Time": 3085.968,
                        "Actual Rows": 192600,
                        "Actual Loops": 2,
                        "Inner Unique": true,
                        "Hash Cond": "(ci.movie_id = t.id)",
                        "Plans": [
                          {
                            "Node Type": "Seq Scan",
                            "Parent Relationship": "Outer",
                            "Parallel Aware": true,
                            "Relation Name": "cast_info",
                            "Alias": "ci",
                            "Startup Cost": 0.0,
                            "Total Cost": 572345.93,
                            "Plan Rows": 13652354,
                            "Plan Width": 4,
                            "Actual Startup Time": 526.404,
                            "Actual Total Time": 1856.509,
                            "Actual Rows": 11681522,
                            "Actual Loops": 2,
                            "Filter": "((person_id > 84957) AND (role_id > 1))",
                            "Rows Removed by Filter": 6440650
                          },
                          {
                            "Node Type": "Hash",
                            "Parent Relationship": "Inner",
                            "Parallel Aware": true,
                            "Startup Cost": 58306.47,
                            "Total Cost": 58306.47,
                            "Plan Rows": 101351,
                            "Plan Width": 4,
                            "Actual Startup Time": 149.145,
                            "Actual Total Time": 149.147,
                            "Actual Rows": 39546,
                            "Actual Loops": 2,
                            "Hash Buckets": 262144,
                            "Original Hash Buckets": 262144,
                            "Hash Batches": 1,
                            "Original Hash Batches": 1,
                            "Peak Memory Usage": 5184,
                            "Plans": [
                              {
                                "Node Type": "Seq Scan",
                                "Parent Relationship": "Outer",
                                "Parallel Aware": true,
                                "Relation Name": "title",
                                "Alias": "t",
                                "Startup Cost": 0.0,
                                "Total Cost": 58306.47,
                                "Plan Rows": 101351,
                                "Plan Width": 4,
                                "Actual Startup Time": 0.035,
                                "Actual Total Time": 135.778,
                                "Actual Rows": 39546,
                                "Actual Loops": 2,
                                "Filter": "((production_year < 1965) AND (kind_id = 7))",
                                "Rows Removed by Filter": 1224610
                              }
                            ]
                          }
                        ]
                      }
                    ]
                  }
                ]
              }
            ]
          }
        ]
      }
    ]
  },
  "Planning Time": 1.056,
  "Triggers": [],
  "Execution Time": 5177.727
}