[
    {
        "Bao": {
            "Bao prediction": 1371.019,
            "Bao recommended hint": "SET enable_nestloop TO off; "
        }
    },
    {
        "Plan": {
            "Node Type": "Aggregate",
            "Strategy": "Plain",
            "Partial Mode": "Finalize",
            "Parallel Aware": false,
            "Startup Cost": 546458.44,
            "Total Cost": 546458.45,
            "Plan Rows": 1,
            "Plan Width": 64,
            "Actual Startup Time": 3757.672,
            "Actual Total Time": 3894.481,
            "Actual Rows": 1,
            "Actual Loops": 1,
            "Output": [
                "min(an.name)",
                "min(t.title)"
            ],
            "Plans": [
                {
                    "Node Type": "Gather",
                    "Parent Relationship": "Outer",
                    "Parallel Aware": false,
                    "Startup Cost": 546458.11,
                    "Total Cost": 546458.42,
                    "Plan Rows": 3,
                    "Plan Width": 64,
                    "Actual Startup Time": 3755.789,
                    "Actual Total Time": 3894.455,
                    "Actual Rows": 4,
                    "Actual Loops": 1,
                    "Output": [
                        "(PARTIAL min(an.name))",
                        "(PARTIAL min(t.title))"
                    ],
                    "Workers Planned": 3,
                    "Workers Launched": 3,
                    "Single Copy": false,
                    "Plans": [
                        {
                            "Node Type": "Aggregate",
                            "Strategy": "Plain",
                            "Partial Mode": "Partial",
                            "Parent Relationship": "Outer",
                            "Parallel Aware": false,
                            "Startup Cost": 545458.11,
                            "Total Cost": 545458.12,
                            "Plan Rows": 1,
                            "Plan Width": 64,
                            "Actual Startup Time": 3744.298,
                            "Actual Total Time": 3744.381,
                            "Actual Rows": 1,
                            "Actual Loops": 4,
                            "Output": [
                                "PARTIAL min(an.name)",
                                "PARTIAL min(t.title)"
                            ],
                            "Workers": [
                                {
                                    "Worker Number": 0,
                                    "Actual Startup Time": 3740.641,
                                    "Actual Total Time": 3740.674,
                                    "Actual Rows": 1,
                                    "Actual Loops": 1
                                },
                                {
                                    "Worker Number": 1,
                                    "Actual Startup Time": 3741.264,
                                    "Actual Total Time": 3741.283,
                                    "Actual Rows": 1,
                                    "Actual Loops": 1
                                },
                                {
                                    "Worker Number": 2,
                                    "Actual Startup Time": 3741.477,
                                    "Actual Total Time": 3741.498,
                                    "Actual Rows": 1,
                                    "Actual Loops": 1
                                }
                            ],
                            "Plans": [
                                {
                                    "Node Type": "Hash Join",
                                    "Parent Relationship": "Outer",
                                    "Parallel Aware": true,
                                    "Join Type": "Inner",
                                    "Startup Cost": 530064.14,
                                    "Total Cost": 545458.05,
                                    "Plan Rows": 13,
                                    "Plan Width": 33,
                                    "Actual Startup Time": 3657.085,
                                    "Actual Total Time": 3741.972,
                                    "Actual Rows": 13478,
                                    "Actual Loops": 4,
                                    "Output": [
                                        "an.name",
                                        "t.title"
                                    ],
                                    "Inner Unique": false,
                                    "Hash Cond": "(an.person_id = n.id)",
                                    "Workers": [
                                        {
                                            "Worker Number": 0,
                                            "Actual Startup Time": 3653.449,
                                            "Actual Total Time": 3738.206,
                                            "Actual Rows": 14617,
                                            "Actual Loops": 1
                                        },
                                        {
                                            "Worker Number": 1,
                                            "Actual Startup Time": 3654.16,
                                            "Actual Total Time": 3738.973,
                                            "Actual Rows": 13373,
                                            "Actual Loops": 1
                                        },
                                        {
                                            "Worker Number": 2,
                                            "Actual Startup Time": 3654.014,
                                            "Actual Total Time": 3739.12,
                                            "Actual Rows": 12829,
                                            "Actual Loops": 1
                                        }
                                    ],
                                    "Plans": [
                                        {
                                            "Node Type": "Seq Scan",
                                            "Parent Relationship": "Outer",
                                            "Parallel Aware": true,
                                            "Relation Name": "aka_name",
                                            "Schema": "public",
                                            "Alias": "an",
                                            "Startup Cost": 0.0,
                                            "Total Cost": 14303.56,
                                            "Plan Rows": 290756,
                                            "Plan Width": 20,
                                            "Actual Startup Time": 0.022,
                                            "Actual Total Time": 40.523,
                                            "Actual Rows": 225336,
                                            "Actual Loops": 4,
                                            "Output": [
                                                "an.id",
                                                "an.person_id",
                                                "an.name",
                                                "an.imdb_index",
                                                "an.name_pcode_cf",
                                                "an.name_pcode_nf",
                                                "an.surname_pcode",
                                                "an.md5sum"
                                            ],
                                            "Workers": [
                                                {
                                                    "Worker Number": 0,
                                                    "Actual Startup Time": 0.032,
                                                    "Actual Total Time": 40.474,
                                                    "Actual Rows": 227322,
                                                    "Actual Loops": 1
                                                },
                                                {
                                                    "Worker Number": 1,
                                                    "Actual Startup Time": 0.024,
                                                    "Actual Total Time": 40.545,
                                                    "Actual Rows": 223726,
                                                    "Actual Loops": 1
                                                },
                                                {
                                                    "Worker Number": 2,
                                                    "Actual Startup Time": 0.026,
                                                    "Actual Total Time": 40.56,
                                                    "Actual Rows": 223229,
                                                    "Actual Loops": 1
                                                }
                                            ]
                                        },
                                        {
                                            "Node Type": "Hash",
                                            "Parent Relationship": "Inner",
                                            "Parallel Aware": true,
                                            "Startup Cost": 530064.09,
                                            "Total Cost": 530064.09,
                                            "Plan Rows": 4,
                                            "Plan Width": 25,
                                            "Actual Startup Time": 3655.405,
                                            "Actual Total Time": 3655.486,
                                            "Actual Rows": 13386,
                                            "Actual Loops": 4,
                                            "Output": [
                                                "ci.person_id",
                                                "n.id",
                                                "t.title"
                                            ],
                                            "Hash Buckets": 65536,
                                            "Original Hash Buckets": 1024,
                                            "Hash Batches": 1,
                                            "Original Hash Batches": 1,
                                            "Peak Memory Usage": 4280,
                                            "Workers": [
                                                {
                                                    "Worker Number": 0,
                                                    "Actual Startup Time": 3652.619,
                                                    "Actual Total Time": 3652.651,
                                                    "Actual Rows": 13233,
                                                    "Actual Loops": 1
                                                },
                                                {
                                                    "Worker Number": 1,
                                                    "Actual Startup Time": 3653.167,
                                                    "Actual Total Time": 3653.183,
                                                    "Actual Rows": 14264,
                                                    "Actual Loops": 1
                                                },
                                                {
                                                    "Worker Number": 2,
                                                    "Actual Startup Time": 3653.279,
                                                    "Actual Total Time": 3653.298,
                                                    "Actual Rows": 12474,
                                                    "Actual Loops": 1
                                                }
                                            ],
                                            "Plans": [
                                                {
                                                    "Node Type": "Hash Join",
                                                    "Parent Relationship": "Outer",
                                                    "Parallel Aware": true,
                                                    "Join Type": "Inner",
                                                    "Startup Cost": 460125.04,
                                                    "Total Cost": 530064.09,
                                                    "Plan Rows": 4,
                                                    "Plan Width": 25,
                                                    "Actual Startup Time": 3208.867,
                                                    "Actual Total Time": 3604.544,
                                                    "Actual Rows": 13386,
                                                    "Actual Loops": 4,
                                                    "Output": [
                                                        "ci.person_id",
                                                        "n.id",
                                                        "t.title"
                                                    ],
                                                    "Inner Unique": false,
                                                    "Hash Cond": "(n.id = ci.person_id)",
                                                    "Workers": [
                                                        {
                                                            "Worker Number": 0,
                                                            "Actual Startup Time": 3205.969,
                                                            "Actual Total Time": 3601.655,
                                                            "Actual Rows": 13233,
                                                            "Actual Loops": 1
                                                        },
                                                        {
                                                            "Worker Number": 1,
                                                            "Actual Startup Time": 3206.836,
                                                            "Actual Total Time": 3620.291,
                                                            "Actual Rows": 14264,
                                                            "Actual Loops": 1
                                                        },
                                                        {
                                                            "Worker Number": 2,
                                                            "Actual Startup Time": 3206.614,
                                                            "Actual Total Time": 3595.851,
                                                            "Actual Rows": 12474,
                                                            "Actual Loops": 1
                                                        }
                                                    ],
                                                    "Plans": [
                                                        {
                                                            "Node Type": "Seq Scan",
                                                            "Parent Relationship": "Outer",
                                                            "Parallel Aware": true,
                                                            "Relation Name": "name",
                                                            "Schema": "public",
                                                            "Alias": "n",
                                                            "Startup Cost": 0.0,
                                                            "Total Cost": 66031.94,
                                                            "Plan Rows": 1041894,
                                                            "Plan Width": 4,
                                                            "Actual Startup Time": 0.029,
                                                            "Actual Total Time": 193.888,
                                                            "Actual Rows": 1041873,
                                                            "Actual Loops": 4,
                                                            "Output": [
                                                                "n.id",
                                                                "n.name",
                                                                "n.imdb_index",
                                                                "n.imdb_id",
                                                                "n.gender",
                                                                "n.name_pcode_cf",
                                                                "n.name_pcode_nf",
                                                                "n.surname_pcode",
                                                                "n.md5sum"
                                                            ],
                                                            "Workers": [
                                                                {
                                                                    "Worker Number": 0,
                                                                    "Actual Startup Time": 0.033,
                                                                    "Actual Total Time": 195.208,
                                                                    "Actual Rows": 1037181,
                                                                    "Actual Loops": 1
                                                                },
                                                                {
                                                                    "Worker Number": 1,
                                                                    "Actual Startup Time": 0.029,
                                                                    "Actual Total Time": 203.609,
                                                                    "Actual Rows": 1089655,
                                                                    "Actual Loops": 1
                                                                },
                                                                {
                                                                    "Worker Number": 2,
                                                                    "Actual Startup Time": 0.039,
                                                                    "Actual Total Time": 193.171,
                                                                    "Actual Rows": 995353,
                                                                    "Actual Loops": 1
                                                                }
                                                            ]
                                                        },
                                                        {
                                                            "Node Type": "Hash",
                                                            "Parent Relationship": "Inner",
                                                            "Parallel Aware": true,
                                                            "Startup Cost": 460125.0,
                                                            "Total Cost": 460125.0,
                                                            "Plan Rows": 3,
                                                            "Plan Width": 21,
                                                            "Actual Startup Time": 3208.636,
                                                            "Actual Total Time": 3208.715,
                                                            "Actual Rows": 13386,
                                                            "Actual Loops": 4,
                                                            "Output": [
                                                                "ci.person_id",
                                                                "t.title"
                                                            ],
                                                            "Hash Buckets": 65536,
                                                            "Original Hash Buckets": 1024,
                                                            "Hash Batches": 1,
                                                            "Original Hash Batches": 1,
                                                            "Peak Memory Usage": 4120,
                                                            "Workers": [
                                                                {
                                                                    "Worker Number": 0,
                                                                    "Actual Startup Time": 3205.778,
                                                                    "Actual Total Time": 3205.807,
                                                                    "Actual Rows": 14888,
                                                                    "Actual Loops": 1
                                                                },
                                                                {
                                                                    "Worker Number": 1,
                                                                    "Actual Startup Time": 3206.452,
                                                                    "Actual Total Time": 3206.467,
                                                                    "Actual Rows": 12744,
                                                                    "Actual Loops": 1
                                                                },
                                                                {
                                                                    "Worker Number": 2,
                                                                    "Actual Startup Time": 3206.48,
                                                                    "Actual Total Time": 3206.497,
                                                                    "Actual Rows": 12461,
                                                                    "Actual Loops": 1
                                                                }
                                                            ],
                                                            "Plans": [
                                                                {
                                                                    "Node Type": "Hash Join",
                                                                    "Parent Relationship": "Outer",
                                                                    "Parallel Aware": true,
                                                                    "Join Type": "Inner",
                                                                    "Startup Cost": 124361.15,
                                                                    "Total Cost": 460125.0,
                                                                    "Plan Rows": 3,
                                                                    "Plan Width": 21,
                                                                    "Actual Startup Time": 673.087,
                                                                    "Actual Total Time": 2885.921,
                                                                    "Actual Rows": 13386,
                                                                    "Actual Loops": 4,
                                                                    "Output": [
                                                                        "ci.person_id",
                                                                        "t.title"
                                                                    ],
                                                                    "Inner Unique": false,
                                                                    "Hash Cond": "(ci.movie_id = t.id)",
                                                                    "Workers": [
                                                                        {
                                                                            "Worker Number": 0,
                                                                            "Actual Startup Time": 670.524,
                                                                            "Actual Total Time": 3065.644,
                                                                            "Actual Rows": 14888,
                                                                            "Actual Loops": 1
                                                                        },
                                                                        {
                                                                            "Worker Number": 1,
                                                                            "Actual Startup Time": 670.993,
                                                                            "Actual Total Time": 2798.012,
                                                                            "Actual Rows": 12744,
                                                                            "Actual Loops": 1
                                                                        },
                                                                        {
                                                                            "Worker Number": 2,
                                                                            "Actual Startup Time": 670.612,
                                                                            "Actual Total Time": 2780.932,
                                                                            "Actual Rows": 12461,
                                                                            "Actual Loops": 1
                                                                        }
                                                                    ],
                                                                    "Plans": [
                                                                        {
                                                                            "Node Type": "Seq Scan",
                                                                            "Parent Relationship": "Outer",
                                                                            "Parallel Aware": true,
                                                                            "Relation Name": "cast_info",
                                                                            "Schema": "public",
                                                                            "Alias": "ci",
                                                                            "Startup Cost": 0.0,
                                                                            "Total Cost": 313106.51,
                                                                            "Plan Rows": 6041951,
                                                                            "Plan Width": 8,
                                                                            "Actual Startup Time": 0.011,
                                                                            "Actual Total Time": 1145.409,
                                                                            "Actual Rows": 9061086,
                                                                            "Actual Loops": 4,
                                                                            "Output": [
                                                                                "ci.id",
                                                                                "ci.person_id",
                                                                                "ci.movie_id",
                                                                                "ci.person_role_id",
                                                                                "ci.note",
                                                                                "ci.nr_order",
                                                                                "ci.role_id"
                                                                            ],
                                                                            "Workers": [
                                                                                {
                                                                                    "Worker Number": 0,
                                                                                    "Actual Startup Time": 0.009,
                                                                                    "Actual Total Time": 1227.259,
                                                                                    "Actual Rows": 10116354,
                                                                                    "Actual Loops": 1
                                                                                },
                                                                                {
                                                                                    "Worker Number": 1,
                                                                                    "Actual Startup Time": 0.01,
                                                                                    "Actual Total Time": 1110.607,
                                                                                    "Actual Rows": 8596026,
                                                                                    "Actual Loops": 1
                                                                                },
                                                                                {
                                                                                    "Worker Number": 2,
                                                                                    "Actual Startup Time": 0.01,
                                                                                    "Actual Total Time": 1104.678,
                                                                                    "Actual Rows": 8535111,
                                                                                    "Actual Loops": 1
                                                                                }
                                                                            ]
                                                                        },
                                                                        {
                                                                            "Node Type": "Hash",
                                                                            "Parent Relationship": "Inner",
                                                                            "Parallel Aware": true,
                                                                            "Startup Cost": 124361.14,
                                                                            "Total Cost": 124361.14,
                                                                            "Plan Rows": 1,
                                                                            "Plan Width": 29,
                                                                            "Actual Startup Time": 672.657,
                                                                            "Actual Total Time": 672.734,
                                                                            "Actual Rows": 126,
                                                                            "Actual Loops": 4,
                                                                            "Output": [
                                                                                "mc.movie_id",
                                                                                "mk.movie_id",
                                                                                "t.title",
                                                                                "t.id"
                                                                            ],
                                                                            "Hash Buckets": 1024,
                                                                            "Original Hash Buckets": 1024,
                                                                            "Hash Batches": 1,
                                                                            "Original Hash Batches": 1,
                                                                            "Peak Memory Usage": 136,
                                                                            "Workers": [
                                                                                {
                                                                                    "Worker Number": 0,
                                                                                    "Actual Startup Time": 669.803,
                                                                                    "Actual Total Time": 669.83,
                                                                                    "Actual Rows": 146,
                                                                                    "Actual Loops": 1
                                                                                },
                                                                                {
                                                                                    "Worker Number": 1,
                                                                                    "Actual Startup Time": 670.46,
                                                                                    "Actual Total Time": 670.473,
                                                                                    "Actual Rows": 122,
                                                                                    "Actual Loops": 1
                                                                                },
                                                                                {
                                                                                    "Worker Number": 2,
                                                                                    "Actual Startup Time": 670.501,
                                                                                    "Actual Total Time": 670.515,
                                                                                    "Actual Rows": 106,
                                                                                    "Actual Loops": 1
                                                                                }
                                                                            ],
                                                                            "Plans": [
                                                                                {
                                                                                    "Node Type": "Hash Join",
                                                                                    "Parent Relationship": "Outer",
                                                                                    "Parallel Aware": true,
                                                                                    "Join Type": "Inner",
                                                                                    "Startup Cost": 79671.67,
                                                                                    "Total Cost": 124361.14,
                                                                                    "Plan Rows": 1,
                                                                                    "Plan Width": 29,
                                                                                    "Actual Startup Time": 506.875,
                                                                                    "Actual Total Time": 672.544,
                                                                                    "Actual Rows": 126,
                                                                                    "Actual Loops": 4,
                                                                                    "Output": [
                                                                                        "mc.movie_id",
                                                                                        "mk.movie_id",
                                                                                        "t.title",
                                                                                        "t.id"
                                                                                    ],
                                                                                    "Inner Unique": false,
                                                                                    "Hash Cond": "(t.id = mk.movie_id)",
                                                                                    "Workers": [
                                                                                        {
                                                                                            "Worker Number": 0,
                                                                                            "Actual Startup Time": 489.634,
                                                                                            "Actual Total Time": 669.648,
                                                                                            "Actual Rows": 146,
                                                                                            "Actual Loops": 1
                                                                                        },
                                                                                        {
                                                                                            "Worker Number": 1,
                                                                                            "Actual Startup Time": 545.792,
                                                                                            "Actual Total Time": 670.304,
                                                                                            "Actual Rows": 122,
                                                                                            "Actual Loops": 1
                                                                                        },
                                                                                        {
                                                                                            "Worker Number": 2,
                                                                                            "Actual Startup Time": 493.61,
                                                                                            "Actual Total Time": 670.312,
                                                                                            "Actual Rows": 106,
                                                                                            "Actual Loops": 1
                                                                                        }
                                                                                    ],
                                                                                    "Plans": [
                                                                                        {
                                                                                            "Node Type": "Seq Scan",
                                                                                            "Parent Relationship": "Outer",
                                                                                            "Parallel Aware": true,
                                                                                            "Relation Name": "title",
                                                                                            "Schema": "public",
                                                                                            "Alias": "t",
                                                                                            "Startup Cost": 0.0,
                                                                                            "Total Cost": 42319.06,
                                                                                            "Plan Rows": 632106,
                                                                                            "Plan Width": 21,
                                                                                            "Actual Startup Time": 0.039,
                                                                                            "Actual Total Time": 111.848,
                                                                                            "Actual Rows": 632078,
                                                                                            "Actual Loops": 4,
                                                                                            "Output": [
                                                                                                "t.id",
                                                                                                "t.title",
                                                                                                "t.imdb_index",
                                                                                                "t.kind_id",
                                                                                                "t.production_year",
                                                                                                "t.imdb_id",
                                                                                                "t.phonetic_code",
                                                                                                "t.episode_of_id",
                                                                                                "t.season_nr",
                                                                                                "t.episode_nr",
                                                                                                "t.series_years",
                                                                                                "t.md5sum"
                                                                                            ],
                                                                                            "Workers": [
                                                                                                {
                                                                                                    "Worker Number": 0,
                                                                                                    "Actual Startup Time": 0.041,
                                                                                                    "Actual Total Time": 110.615,
                                                                                                    "Actual Rows": 645133,
                                                                                                    "Actual Loops": 1
                                                                                                },
                                                                                                {
                                                                                                    "Worker Number": 1,
                                                                                                    "Actual Startup Time": 0.038,
                                                                                                    "Actual Total Time": 111.649,
                                                                                                    "Actual Rows": 634241,
                                                                                                    "Actual Loops": 1
                                                                                                },
                                                                                                {
                                                                                                    "Worker Number": 2,
                                                                                                    "Actual Startup Time": 0.058,
                                                                                                    "Actual Total Time": 111.968,
                                                                                                    "Actual Rows": 628345,
                                                                                                    "Actual Loops": 1
                                                                                                }
                                                                                            ]
                                                                                        },
                                                                                        {
                                                                                            "Node Type": "Hash",
                                                                                            "Parent Relationship": "Inner",
                                                                                            "Parallel Aware": true,
                                                                                            "Startup Cost": 79671.66,
                                                                                            "Total Cost": 79671.66,
                                                                                            "Plan Rows": 1,
                                                                                            "Plan Width": 8,
                                                                                            "Actual Startup Time": 488.784,
                                                                                            "Actual Total Time": 488.857,
                                                                                            "Actual Rows": 126,
                                                                                            "Actual Loops": 4,
                                                                                            "Output": [
                                                                                                "mc.movie_id",
                                                                                                "mk.movie_id"
                                                                                            ],
                                                                                            "Hash Buckets": 1024,
                                                                                            "Original Hash Buckets": 1024,
                                                                                            "Hash Batches": 1,
                                                                                            "Original Hash Batches": 1,
                                                                                            "Peak Memory Usage": 136,
                                                                                            "Workers": [
                                                                                                {
                                                                                                    "Worker Number": 0,
                                                                                                    "Actual Startup Time": 485.987,
                                                                                                    "Actual Total Time": 486.012,
                                                                                                    "Actual Rows": 129,
                                                                                                    "Actual Loops": 1
                                                                                                },
                                                                                                {
                                                                                                    "Worker Number": 1,
                                                                                                    "Actual Startup Time": 486.605,
                                                                                                    "Actual Total Time": 486.615,
                                                                                                    "Actual Rows": 123,
                                                                                                    "Actual Loops": 1
                                                                                                },
                                                                                                {
                                                                                                    "Worker Number": 2,
                                                                                                    "Actual Startup Time": 486.664,
                                                                                                    "Actual Total Time": 486.676,
                                                                                                    "Actual Rows": 116,
                                                                                                    "Actual Loops": 1
                                                                                                }
                                                                                            ],
                                                                                            "Plans": [
                                                                                                {
                                                                                                    "Node Type": "Hash Join",
                                                                                                    "Parent Relationship": "Outer",
                                                                                                    "Parallel Aware": true,
                                                                                                    "Join Type": "Inner",
                                                                                                    "Startup Cost": 50237.41,
                                                                                                    "Total Cost": 79671.66,
                                                                                                    "Plan Rows": 1,
                                                                                                    "Plan Width": 8,
                                                                                                    "Actual Startup Time": 327.478,
                                                                                                    "Actual Total Time": 488.59,
                                                                                                    "Actual Rows": 126,
                                                                                                    "Actual Loops": 4,
                                                                                                    "Output": [
                                                                                                        "mc.movie_id",
                                                                                                        "mk.movie_id"
                                                                                                    ],
                                                                                                    "Inner Unique": false,
                                                                                                    "Hash Cond": "(mc.movie_id = mk.movie_id)",
                                                                                                    "Workers": [
                                                                                                        {
                                                                                                            "Worker Number": 0,
                                                                                                            "Actual Startup Time": 337.258,
                                                                                                            "Actual Total Time": 485.685,
                                                                                                            "Actual Rows": 129,
                                                                                                            "Actual Loops": 1
                                                                                                        },
                                                                                                        {
                                                                                                            "Worker Number": 1,
                                                                                                            "Actual Startup Time": 321.26,
                                                                                                            "Actual Total Time": 486.357,
                                                                                                            "Actual Rows": 123,
                                                                                                            "Actual Loops": 1
                                                                                                        },
                                                                                                        {
                                                                                                            "Worker Number": 2,
                                                                                                            "Actual Startup Time": 321.438,
                                                                                                            "Actual Total Time": 486.331,
                                                                                                            "Actual Rows": 116,
                                                                                                            "Actual Loops": 1
                                                                                                        }
                                                                                                    ],
                                                                                                    "Plans": [
                                                                                                        {
                                                                                                            "Node Type": "Hash Join",
                                                                                                            "Parent Relationship": "Outer",
                                                                                                            "Parallel Aware": true,
                                                                                                            "Join Type": "Inner",
                                                                                                            "Startup Cost": 4732.94,
                                                                                                            "Total Cost": 34148.88,
                                                                                                            "Plan Rows": 4882,
                                                                                                            "Plan Width": 4,
                                                                                                            "Actual Startup Time": 12.225,
                                                                                                            "Actual Total Time": 177.127,
                                                                                                            "Actual Rows": 2198,
                                                                                                            "Actual Loops": 4,
                                                                                                            "Output": [
                                                                                                                "mc.movie_id"
                                                                                                            ],
                                                                                                            "Inner Unique": true,
                                                                                                            "Hash Cond": "(mc.company_id = cn.id)",
                                                                                                            "Workers": [
                                                                                                                {
                                                                                                                    "Worker Number": 0,
                                                                                                                    "Actual Startup Time": 13.743,
                                                                                                                    "Actual Total Time": 177.069,
                                                                                                                    "Actual Rows": 2320,
                                                                                                                    "Actual Loops": 1
                                                                                                                },
                                                                                                                {
                                                                                                                    "Worker Number": 1,
                                                                                                                    "Actual Startup Time": 11.848,
                                                                                                                    "Actual Total Time": 177.089,
                                                                                                                    "Actual Rows": 2080,
                                                                                                                    "Actual Loops": 1
                                                                                                                },
                                                                                                                {
                                                                                                                    "Worker Number": 2,
                                                                                                                    "Actual Startup Time": 11.634,
                                                                                                                    "Actual Total Time": 176.949,
                                                                                                                    "Actual Rows": 2222,
                                                                                                                    "Actual Loops": 1
                                                                                                                }
                                                                                                            ],
                                                                                                            "Plans": [
                                                                                                                {
                                                                                                                    "Node Type": "Seq Scan",
                                                                                                                    "Parent Relationship": "Outer",
                                                                                                                    "Parallel Aware": true,
                                                                                                                    "Relation Name": "movie_companies",
                                                                                                                    "Schema": "public",
                                                                                                                    "Alias": "mc",
                                                                                                                    "Startup Cost": 0.0,
                                                                                                                    "Total Cost": 27206.55,
                                                                                                                    "Plan Rows": 841655,
                                                                                                                    "Plan Width": 8,
                                                                                                                    "Actual Startup Time": 0.02,
                                                                                                                    "Actual Total Time": 86.1,
                                                                                                                    "Actual Rows": 652282,
                                                                                                                    "Actual Loops": 4,
                                                                                                                    "Output": [
                                                                                                                        "mc.id",
                                                                                                                        "mc.movie_id",
                                                                                                                        "mc.company_id",
                                                                                                                        "mc.company_type_id",
                                                                                                                        "mc.note"
                                                                                                                    ],
                                                                                                                    "Workers": [
                                                                                                                        {
                                                                                                                            "Worker Number": 0,
                                                                                                                            "Actual Startup Time": 0.023,
                                                                                                                            "Actual Total Time": 84.375,
                                                                                                                            "Actual Rows": 670431,
                                                                                                                            "Actual Loops": 1
                                                                                                                        },
                                                                                                                        {
                                                                                                                            "Worker Number": 1,
                                                                                                                            "Actual Startup Time": 0.019,
                                                                                                                            "Actual Total Time": 85.41,
                                                                                                                            "Actual Rows": 663640,
                                                                                                                            "Actual Loops": 1
                                                                                                                        },
                                                                                                                        {
                                                                                                                            "Worker Number": 2,
                                                                                                                            "Actual Startup Time": 0.03,
                                                                                                                            "Actual Total Time": 88.282,
                                                                                                                            "Actual Rows": 627982,
                                                                                                                            "Actual Loops": 1
                                                                                                                        }
                                                                                                                    ]
                                                                                                                },
                                                                                                                {
                                                                                                                    "Node Type": "Hash",
                                                                                                                    "Parent Relationship": "Inner",
                                                                                                                    "Parallel Aware": true,
                                                                                                                    "Startup Cost": 4722.92,
                                                                                                                    "Total Cost": 4722.92,
                                                                                                                    "Plan Rows": 802,
                                                                                                                    "Plan Width": 4,
                                                                                                                    "Actual Startup Time": 11.424,
                                                                                                                    "Actual Total Time": 11.426,
                                                                                                                    "Actual Rows": 340,
                                                                                                                    "Actual Loops": 4,
                                                                                                                    "Output": [
                                                                                                                        "cn.id"
                                                                                                                    ],
                                                                                                                    "Hash Buckets": 2048,
                                                                                                                    "Original Hash Buckets": 2048,
                                                                                                                    "Hash Batches": 1,
                                                                                                                    "Original Hash Batches": 1,
                                                                                                                    "Peak Memory Usage": 144,
                                                                                                                    "Workers": [
                                                                                                                        {
                                                                                                                            "Worker Number": 0,
                                                                                                                            "Actual Startup Time": 11.413,
                                                                                                                            "Actual Total Time": 11.417,
                                                                                                                            "Actual Rows": 361,
                                                                                                                            "Actual Loops": 1
                                                                                                                        },
                                                                                                                        {
                                                                                                                            "Worker Number": 1,
                                                                                                                            "Actual Startup Time": 11.446,
                                                                                                                            "Actual Total Time": 11.447,
                                                                                                                            "Actual Rows": 337,
                                                                                                                            "Actual Loops": 1
                                                                                                                        },
                                                                                                                        {
                                                                                                                            "Worker Number": 2,
                                                                                                                            "Actual Startup Time": 11.406,
                                                                                                                            "Actual Total Time": 11.408,
                                                                                                                            "Actual Rows": 333,
                                                                                                                            "Actual Loops": 1
                                                                                                                        }
                                                                                                                    ],
                                                                                                                    "Plans": [
                                                                                                                        {
                                                                                                                            "Node Type": "Seq Scan",
                                                                                                                            "Parent Relationship": "Outer",
                                                                                                                            "Parallel Aware": true,
                                                                                                                            "Relation Name": "company_name",
                                                                                                                            "Schema": "public",
                                                                                                                            "Alias": "cn",
                                                                                                                            "Startup Cost": 0.0,
                                                                                                                            "Total Cost": 4722.92,
                                                                                                                            "Plan Rows": 802,
                                                                                                                            "Plan Width": 4,
                                                                                                                            "Actual Startup Time": 0.044,
                                                                                                                            "Actual Total Time": 11.134,
                                                                                                                            "Actual Rows": 340,
                                                                                                                            "Actual Loops": 4,
                                                                                                                            "Output": [
                                                                                                                                "cn.id"
                                                                                                                            ],
                                                                                                                            "Filter": "((cn.country_code)::text = '[ru]'::text)",
                                                                                                                            "Rows Removed by Filter": 58409,
                                                                                                                            "Workers": [
                                                                                                                                {
                                                                                                                                    "Worker Number": 0,
                                                                                                                                    "Actual Startup Time": 0.031,
                                                                                                                                    "Actual Total Time": 11.121,
                                                                                                                                    "Actual Rows": 361,
                                                                                                                                    "Actual Loops": 1
                                                                                                                                },
                                                                                                                                {
                                                                                                                                    "Worker Number": 1,
                                                                                                                                    "Actual Startup Time": 0.058,
                                                                                                                                    "Actual Total Time": 11.125,
                                                                                                                                    "Actual Rows": 337,
                                                                                                                                    "Actual Loops": 1
                                                                                                                                },
                                                                                                                                {
                                                                                                                                    "Worker Number": 2,
                                                                                                                                    "Actual Startup Time": 0.068,
                                                                                                                                    "Actual Total Time": 11.124,
                                                                                                                                    "Actual Rows": 333,
                                                                                                                                    "Actual Loops": 1
                                                                                                                                }
                                                                                                                            ]
                                                                                                                        }
                                                                                                                    ]
                                                                                                                }
                                                                                                            ]
                                                                                                        },
                                                                                                        {
                                                                                                            "Node Type": "Hash",
                                                                                                            "Parent Relationship": "Inner",
                                                                                                            "Parallel Aware": true,
                                                                                                            "Startup Cost": 45504.33,
                                                                                                            "Total Cost": 45504.33,
                                                                                                            "Plan Rows": 11,
                                                                                                            "Plan Width": 4,
                                                                                                            "Actual Startup Time": 310.353,
                                                                                                            "Actual Total Time": 310.359,
                                                                                                            "Actual Rows": 10460,
                                                                                                            "Actual Loops": 4,
                                                                                                            "Output": [
                                                                                                                "mk.movie_id"
                                                                                                            ],
                                                                                                            "Hash Buckets": 65536,
                                                                                                            "Original Hash Buckets": 1024,
                                                                                                            "Hash Batches": 1,
                                                                                                            "Original Hash Batches": 1,
                                                                                                            "Peak Memory Usage": 2680,
                                                                                                            "Workers": [
                                                                                                                {
                                                                                                                    "Worker Number": 0,
                                                                                                                    "Actual Startup Time": 307.506,
                                                                                                                    "Actual Total Time": 307.521,
                                                                                                                    "Actual Rows": 10524,
                                                                                                                    "Actual Loops": 1
                                                                                                                },
                                                                                                                {
                                                                                                                    "Worker Number": 1,
                                                                                                                    "Actual Startup Time": 308.191,
                                                                                                                    "Actual Total Time": 308.194,
                                                                                                                    "Actual Rows": 9649,
                                                                                                                    "Actual Loops": 1
                                                                                                                },
                                                                                                                {
                                                                                                                    "Worker Number": 2,
                                                                                                                    "Actual Startup Time": 308.206,
                                                                                                                    "Actual Total Time": 308.21,
                                                                                                                    "Actual Rows": 9617,
                                                                                                                    "Actual Loops": 1
                                                                                                                }
                                                                                                            ],
                                                                                                            "Plans": [
                                                                                                                {
                                                                                                                    "Node Type": "Hash Join",
                                                                                                                    "Parent Relationship": "Outer",
                                                                                                                    "Parallel Aware": false,
                                                                                                                    "Join Type": "Inner",
                                                                                                                    "Startup Cost": 2626.14,
                                                                                                                    "Total Cost": 45504.33,
                                                                                                                    "Plan Rows": 11,
                                                                                                                    "Plan Width": 4,
                                                                                                                    "Actual Startup Time": 25.409,
                                                                                                                    "Actual Total Time": 269.514,
                                                                                                                    "Actual Rows": 10460,
                                                                                                                    "Actual Loops": 4,
                                                                                                                    "Output": [
                                                                                                                        "mk.movie_id"
                                                                                                                    ],
                                                                                                                    "Inner Unique": true,
                                                                                                                    "Hash Cond": "(mk.keyword_id = k.id)",
                                                                                                                    "Workers": [
                                                                                                                        {
                                                                                                                            "Worker Number": 0,
                                                                                                                            "Actual Startup Time": 24.301,
                                                                                                                            "Actual Total Time": 263.965,
                                                                                                                            "Actual Rows": 10524,
                                                                                                                            "Actual Loops": 1
                                                                                                                        },
                                                                                                                        {
                                                                                                                            "Worker Number": 1,
                                                                                                                            "Actual Startup Time": 24.44,
                                                                                                                            "Actual Total Time": 255.995,
                                                                                                                            "Actual Rows": 9649,
                                                                                                                            "Actual Loops": 1
                                                                                                                        },
                                                                                                                        {
                                                                                                                            "Worker Number": 2,
                                                                                                                            "Actual Startup Time": 24.401,
                                                                                                                            "Actual Total Time": 264.892,
                                                                                                                            "Actual Rows": 9617,
                                                                                                                            "Actual Loops": 1
                                                                                                                        }
                                                                                                                    ],
                                                                                                                    "Plans": [
                                                                                                                        {
                                                                                                                            "Node Type": "Seq Scan",
                                                                                                                            "Parent Relationship": "Outer",
                                                                                                                            "Parallel Aware": true,
                                                                                                                            "Relation Name": "movie_keyword",
                                                                                                                            "Schema": "public",
                                                                                                                            "Alias": "mk",
                                                                                                                            "Startup Cost": 0.0,
                                                                                                                            "Total Cost": 39047.32,
                                                                                                                            "Plan Rows": 1459332,
                                                                                                                            "Plan Width": 8,
                                                                                                                            "Actual Startup Time": 0.047,
                                                                                                                            "Actual Total Time": 131.758,
                                                                                                                            "Actual Rows": 1130982,
                                                                                                                            "Actual Loops": 4,
                                                                                                                            "Output": [
                                                                                                                                "mk.id",
                                                                                                                                "mk.movie_id",
                                                                                                                                "mk.keyword_id"
                                                                                                                            ],
                                                                                                                            "Workers": [
                                                                                                                                {
                                                                                                                                    "Worker Number": 0,
                                                                                                                                    "Actual Startup Time": 0.063,
                                                                                                                                    "Actual Total Time": 128.846,
                                                                                                                                    "Actual Rows": 1119620,
                                                                                                                                    "Actual Loops": 1
                                                                                                                                },
                                                                                                                                {
                                                                                                                                    "Worker Number": 1,
                                                                                                                                    "Actual Startup Time": 0.054,
                                                                                                                                    "Actual Total Time": 125.344,
                                                                                                                                    "Actual Rows": 1071705,
                                                                                                                                    "Actual Loops": 1
                                                                                                                                },
                                                                                                                                {
                                                                                                                                    "Worker Number": 2,
                                                                                                                                    "Actual Startup Time": 0.053,
                                                                                                                                    "Actual Total Time": 130.566,
                                                                                                                                    "Actual Rows": 1093845,
                                                                                                                                    "Actual Loops": 1
                                                                                                                                }
                                                                                                                            ]
                                                                                                                        },
                                                                                                                        {
                                                                                                                            "Node Type": "Hash",
                                                                                                                            "Parent Relationship": "Inner",
                                                                                                                            "Parallel Aware": false,
                                                                                                                            "Startup Cost": 2626.12,
                                                                                                                            "Total Cost": 2626.12,
                                                                                                                            "Plan Rows": 1,
                                                                                                                            "Plan Width": 4,
                                                                                                                            "Actual Startup Time": 25.283,
                                                                                                                            "Actual Total Time": 25.287,
                                                                                                                            "Actual Rows": 1,
                                                                                                                            "Actual Loops": 4,
                                                                                                                            "Output": [
                                                                                                                                "k.id"
                                                                                                                            ],
                                                                                                                            "Hash Buckets": 1024,
                                                                                                                            "Original Hash Buckets": 1024,
                                                                                                                            "Hash Batches": 1,
                                                                                                                            "Original Hash Batches": 1,
                                                                                                                            "Peak Memory Usage": 9,
                                                                                                                            "Workers": [
                                                                                                                                {
                                                                                                                                    "Worker Number": 0,
                                                                                                                                    "Actual Startup Time": 24.168,
                                                                                                                                    "Actual Total Time": 24.181,
                                                                                                                                    "Actual Rows": 1,
                                                                                                                                    "Actual Loops": 1
                                                                                                                                },
                                                                                                                                {
                                                                                                                                    "Worker Number": 1,
                                                                                                                                    "Actual Startup Time": 24.288,
                                                                                                                                    "Actual Total Time": 24.289,
                                                                                                                                    "Actual Rows": 1,
                                                                                                                                    "Actual Loops": 1
                                                                                                                                },
                                                                                                                                {
                                                                                                                                    "Worker Number": 2,
                                                                                                                                    "Actual Startup Time": 24.29,
                                                                                                                                    "Actual Total Time": 24.291,
                                                                                                                                    "Actual Rows": 1,
                                                                                                                                    "Actual Loops": 1
                                                                                                                                }
                                                                                                                            ],
                                                                                                                            "Plans": [
                                                                                                                                {
                                                                                                                                    "Node Type": "Seq Scan",
                                                                                                                                    "Parent Relationship": "Outer",
                                                                                                                                    "Parallel Aware": false,
                                                                                                                                    "Relation Name": "keyword",
                                                                                                                                    "Schema": "public",
                                                                                                                                    "Alias": "k",
                                                                                                                                    "Startup Cost": 0.0,
                                                                                                                                    "Total Cost": 2626.12,
                                                                                                                                    "Plan Rows": 1,
                                                                                                                                    "Plan Width": 4,
                                                                                                                                    "Actual Startup Time": 1.999,
                                                                                                                                    "Actual Total Time": 25.256,
                                                                                                                                    "Actual Rows": 1,
                                                                                                                                    "Actual Loops": 4,
                                                                                                                                    "Output": [
                                                                                                                                        "k.id"
                                                                                                                                    ],
                                                                                                                                    "Filter": "(k.keyword = 'character-name-in-title'::text)",
                                                                                                                                    "Rows Removed by Filter": 134169,
                                                                                                                                    "Workers": [
                                                                                                                                        {
                                                                                                                                            "Worker Number": 0,
                                                                                                                                            "Actual Startup Time": 2.144,
                                                                                                                                            "Actual Total Time": 24.141,
                                                                                                                                            "Actual Rows": 1,
                                                                                                                                            "Actual Loops": 1
                                                                                                                                        },
                                                                                                                                        {
                                                                                                                                            "Worker Number": 1,
                                                                                                                                            "Actual Startup Time": 1.959,
                                                                                                                                            "Actual Total Time": 24.266,
                                                                                                                                            "Actual Rows": 1,
                                                                                                                                            "Actual Loops": 1
                                                                                                                                        },
                                                                                                                                        {
                                                                                                                                            "Worker Number": 2,
                                                                                                                                            "Actual Startup Time": 1.957,
                                                                                                                                            "Actual Total Time": 24.267,
                                                                                                                                            "Actual Rows": 1,
                                                                                                                                            "Actual Loops": 1
                                                                                                                                        }
                                                                                                                                    ]
                                                                                                                                }
                                                                                                                            ]
                                                                                                                        }
                                                                                                                    ]
                                                                                                                }
                                                                                                            ]
                                                                                                        }
                                                                                                    ]
                                                                                                }
                                                                                            ]
                                                                                        }
                                                                                    ]
                                                                                }
                                                                            ]
                                                                        }
                                                                    ]
                                                                }
                                                            ]
                                                        }
                                                    ]
                                                }
                                            ]
                                        }
                                    ]
                                }
                            ]
                        }
                    ]
                }
            ]
        },
        "Planning Time": 1749.148,
        "Triggers": [],
        "Execution Time": 3895.462
    }
]