[
  {
    "Plan": {
      "Node Type": "Aggregate",
      "Strategy": "Plain",
      "Partial Mode": "Finalize",
      "Parallel Aware": false,
      "Startup Cost": 338840.61,
      "Total Cost": 338840.62,
      "Plan Rows": 1,
      "Plan Width": 8,
      "Actual Startup Time": 749.009,
      "Actual Total Time": 816.078,
      "Actual Rows": 1,
      "Actual Loops": 1,
      "Plans": [
        {
          "Node Type": "Gather",
          "Parent Relationship": "Outer",
          "Parallel Aware": false,
          "Startup Cost": 338839.99,
          "Total Cost": 338840.6,
          "Plan Rows": 6,
          "Plan Width": 8,
          "Actual Startup Time": 748.871,
          "Actual Total Time": 816.068,
          "Actual Rows": 7,
          "Actual Loops": 1,
          "Workers Planned": 6,
          "Workers Launched": 6,
          "Single Copy": false,
          "Plans": [
            {
              "Node Type": "Aggregate",
              "Strategy": "Plain",
              "Partial Mode": "Partial",
              "Parent Relationship": "Outer",
              "Parallel Aware": false,
              "Startup Cost": 337839.99,
              "Total Cost": 337840.0,
              "Plan Rows": 1,
              "Plan Width": 8,
              "Actual Startup Time": 738.224,
              "Actual Total Time": 738.225,
              "Actual Rows": 1,
              "Actual Loops": 7,
              "Plans": [
                {
                  "Node Type": "Seq Scan",
                  "Parent Relationship": "Outer",
                  "Parallel Aware": true,
                  "Relation Name": "cast_info",
                  "Alias": "ci",
                  "Startup Cost": 0.0,
                  "Total Cost": 328162.03,
                  "Plan Rows": 3871184,
                  "Plan Width": 0,
                  "Actual Startup Time": 0.051,
                  "Actual Total Time": 596.244,
                  "Actual Rows": 3326448,
                  "Actual Loops": 7,
                  "Filter": "(person_id < 2381688)",
                  "Rows Removed by Filter": 1851316
                }
              ]
            }
          ]
        }
      ]
    },
    "Planning Time": 0.178,
    "Triggers": [],
    "Execution Time": 816.149
  }
]