[
  {
    "Plan": {
      "Node Type": "Aggregate",
      "Strategy": "Plain",
      "Partial Mode": "Finalize",
      "Parallel Aware": false,
      "Startup Cost": 32866.56,
      "Total Cost": 32866.57,
      "Plan Rows": 1,
      "Plan Width": 8,
      "Actual Startup Time": 105.396,
      "Actual Total Time": 115.338,
      "Actual Rows": 1,
      "Actual Loops": 1,
      "Plans": [
        {
          "Node Type": "Gather",
          "Parent Relationship": "Outer",
          "Parallel Aware": false,
          "Startup Cost": 32866.24,
          "Total Cost": 32866.55,
          "Plan Rows": 3,
          "Plan Width": 8,
          "Actual Startup Time": 105.24,
          "Actual Total Time": 115.326,
          "Actual Rows": 4,
          "Actual Loops": 1,
          "Workers Planned": 3,
          "Workers Launched": 3,
          "Single Copy": false,
          "Plans": [
            {
              "Node Type": "Aggregate",
              "Strategy": "Plain",
              "Partial Mode": "Partial",
              "Parent Relationship": "Outer",
              "Parallel Aware": false,
              "Startup Cost": 31866.24,
              "Total Cost": 31866.25,
              "Plan Rows": 1,
              "Plan Width": 8,
              "Actual Startup Time": 96.281,
              "Actual Total Time": 96.283,
              "Actual Rows": 1,
              "Actual Loops": 4,
              "Plans": [
                {
                  "Node Type": "Seq Scan",
                  "Parent Relationship": "Outer",
                  "Parallel Aware": true,
                  "Relation Name": "movie_companies",
                  "Alias": "mc",
                  "Startup Cost": 0.0,
                  "Total Cost": 31414.82,
                  "Plan Rows": 180569,
                  "Plan Width": 0,
                  "Actual Startup Time": 23.675,
                  "Actual Total Time": 91.982,
                  "Actual Rows": 68797,
                  "Actual Loops": 4,
                  "Filter": "((company_id > 13334) AND (company_type_id = 1))",
                  "Rows Removed by Filter": 583486
                }
              ]
            }
          ]
        }
      ]
    },
    "Planning Time": 0.199,
    "Triggers": [],
    "Execution Time": 115.395
  }
]