[
  {
    "Plan": {
      "Node Type": "Aggregate",
      "Strategy": "Plain",
      "Partial Mode": "Finalize",
      "Parallel Aware": false,
      "Startup Cost": 396762.52,
      "Total Cost": 396762.53,
      "Plan Rows": 1,
      "Plan Width": 8,
      "Actual Startup Time": 1529.327,
      "Actual Total Time": 1583.054,
      "Actual Rows": 1,
      "Actual Loops": 1,
      "Plans": [
        {
          "Node Type": "Gather",
          "Parent Relationship": "Outer",
          "Parallel Aware": false,
          "Startup Cost": 396761.89,
          "Total Cost": 396762.5,
          "Plan Rows": 6,
          "Plan Width": 8,
          "Actual Startup Time": 1521.917,
          "Actual Total Time": 1583.034,
          "Actual Rows": 7,
          "Actual Loops": 1,
          "Workers Planned": 6,
          "Workers Launched": 6,
          "Single Copy": false,
          "Plans": [
            {
              "Node Type": "Aggregate",
              "Strategy": "Plain",
              "Partial Mode": "Partial",
              "Parent Relationship": "Outer",
              "Parallel Aware": false,
              "Startup Cost": 395761.89,
              "Total Cost": 395761.9,
              "Plan Rows": 1,
              "Plan Width": 8,
              "Actual Startup Time": 1511.524,
              "Actual Total Time": 1511.528,
              "Actual Rows": 1,
              "Actual Loops": 7,
              "Plans": [
                {
                  "Node Type": "Hash Join",
                  "Parent Relationship": "Outer",
                  "Parallel Aware": true,
                  "Join Type": "Inner",
                  "Startup Cost": 46289.28,
                  "Total Cost": 394385.06,
                  "Plan Rows": 550735,
                  "Plan Width": 0,
                  "Actual Startup Time": 158.55,
                  "Actual Total Time": 1472.99,
                  "Actual Rows": 702561,
                  "Actual Loops": 7,
                  "Inner Unique": true,
                  "Hash Cond": "(ci.movie_id = t.id)",
                  "Plans": [
                    {
                      "Node Type": "Seq Scan",
                      "Parent Relationship": "Outer",
                      "Parallel Aware": true,
                      "Relation Name": "cast_info",
                      "Alias": "ci",
                      "Startup Cost": 0.0,
                      "Total Cost": 343316.27,
                      "Plan Rows": 1820758,
                      "Plan Width": 4,
                      "Actual Startup Time": 0.042,
                      "Actual Total Time": 753.813,
                      "Actual Rows": 2091696,
                      "Actual Loops": 7,
                      "Filter": "((person_id < 1989118) AND (role_id < 3))",
                      "Rows Removed by Filter": 3086068
                    },
                    {
                      "Node Type": "Hash",
                      "Parent Relationship": "Inner",
                      "Parallel Aware": true,
                      "Startup Cost": 43899.32,
                      "Total Cost": 43899.32,
                      "Plan Rows": 191197,
                      "Plan Width": 4,
                      "Actual Startup Time": 155.022,
                      "Actual Total Time": 155.023,
                      "Actual Rows": 111811,
                      "Actual Loops": 7,
                      "Hash Buckets": 1048576,
                      "Original Hash Buckets": 1048576,
                      "Hash Batches": 1,
                      "Original Hash Batches": 1,
                      "Peak Memory Usage": 38912,
                      "Plans": [
                        {
                          "Node Type": "Seq Scan",
                          "Parent Relationship": "Outer",
                          "Parallel Aware": true,
                          "Relation Name": "title",
                          "Alias": "t",
                          "Startup Cost": 0.0,
                          "Total Cost": 43899.32,
                          "Plan Rows": 191197,
                          "Plan Width": 4,
                          "Actual Startup Time": 0.045,
                          "Actual Total Time": 92.029,
                          "Actual Rows": 111811,
                          "Actual Loops": 7,
                          "Filter": "(production_year < 1994)",
                          "Rows Removed by Filter": 249376
                        }
                      ]
                    }
                  ]
                }
              ]
            }
          ]
        }
      ]
    },
    "Planning Time": 0.63,
    "Triggers": [],
    "Execution Time": 1583.142
  }
]