{
  "Plan": {
    "Node Type": "Aggregate",
    "Strategy": "Plain",
    "Partial Mode": "Simple",
    "Parallel Aware": false,
    "Startup Cost": 7950.63,
    "Total Cost": 7950.64,
    "Plan Rows": 1,
    "Plan Width": 64,
    "Actual Startup Time": 787.686,
    "Actual Total Time": 787.692,
    "Actual Rows": 1,
    "Actual Loops": 1,
    "Plans": [
      {
        "Node Type": "Nested Loop",
        "Parent Relationship": "Outer",
        "Parallel Aware": false,
        "Join Type": "Inner",
        "Startup Cost": 12.11,
        "Total Cost": 7950.63,
        "Plan Rows": 1,
        "Plan Width": 23,
        "Actual Startup Time": 371.911,
        "Actual Total Time": 787.671,
        "Actual Rows": 8,
        "Actual Loops": 1,
        "Inner Unique": true,
        "Join Filter": "(t.kind_id = kt.id)",
        "Rows Removed by Join Filter": 2513,
        "Plans": [
          {
            "Node Type": "Nested Loop",
            "Parent Relationship": "Outer",
            "Parallel Aware": false,
            "Join Type": "Inner",
            "Startup Cost": 12.11,
            "Total Cost": 7949.53,
            "Plan Rows": 1,
            "Plan Width": 27,
            "Actual Startup Time": 7.797,
            "Actual Total Time": 780.373,
            "Actual Rows": 2521,
            "Actual Loops": 1,
            "Inner Unique": true,
            "Join Filter": "(mi_idx.info_type_id = it2.id)",
            "Rows Removed by Join Filter": 9548,
            "Plans": [
              {
                "Node Type": "Nested Loop",
                "Parent Relationship": "Outer",
                "Parallel Aware": false,
                "Join Type": "Inner",
                "Startup Cost": 12.11,
                "Total Cost": 7947.1,
                "Plan Rows": 1,
                "Plan Width": 31,
                "Actual Startup Time": 7.263,
                "Actual Total Time": 675.983,
                "Actual Rows": 12069,
                "Actual Loops": 1,
                "Inner Unique": false,
                "Join Filter": "(mi.info_type_id = it1.id)",
                "Rows Removed by Join Filter": 866,
                "Plans": [
                  {
                    "Node Type": "Seq Scan",
                    "Parent Relationship": "Outer",
                    "Parallel Aware": false,
                    "Relation Name": "info_type",
                    "Alias": "it1",
                    "Startup Cost": 0.0,
                    "Total Cost": 2.41,
                    "Plan Rows": 1,
                    "Plan Width": 4,
                    "Actual Startup Time": 0.023,
                    "Actual Total Time": 0.029,
                    "Actual Rows": 1,
                    "Actual Loops": 1,
                    "Filter": "((info)::text = 'countries'::text)",
                    "Rows Removed by Filter": 112
                  },
                  {
                    "Node Type": "Nested Loop",
                    "Parent Relationship": "Inner",
                    "Parallel Aware": false,
                    "Join Type": "Inner",
                    "Startup Cost": 12.11,
                    "Total Cost": 7944.21,
                    "Plan Rows": 38,
                    "Plan Width": 35,
                    "Actual Startup Time": 7.235,
                    "Actual Total Time": 673.976,
                    "Actual Rows": 12935,
                    "Actual Loops": 1,
                    "Inner Unique": false,
                    "Plans": [
                      {
                        "Node Type": "Nested Loop",
                        "Parent Relationship": "Outer",
                        "Parallel Aware": false,
                        "Join Type": "Inner",
                        "Startup Cost": 11.68,
                        "Total Cost": 7659.08,
                        "Plan Rows": 157,
                        "Plan Width": 43,
                        "Actual Startup Time": 7.194,
                        "Actual Total Time": 206.104,
                        "Actual Rows": 15506,
                        "Actual Loops": 1,
                        "Inner Unique": true,
                        "Plans": [
                          {
                            "Node Type": "Nested Loop",
                            "Parent Relationship": "Outer",
                            "Parallel Aware": false,
                            "Join Type": "Inner",
                            "Startup Cost": 11.25,
                            "Total Cost": 7518.02,
                            "Plan Rows": 288,
                            "Plan Width": 18,
                            "Actual Startup Time": 7.176,
                            "Actual Total Time": 121.853,
                            "Actual Rows": 35601,
                            "Actual Loops": 1,
                            "Inner Unique": false,
                            "Plans": [
                              {
                                "Node Type": "Nested Loop",
                                "Parent Relationship": "Outer",
                                "Parallel Aware": false,
                                "Join Type": "Inner",
                                "Startup Cost": 10.82,
                                "Total Cost": 7447.81,
                                "Plan Rows": 135,
                                "Plan Width": 4,
                                "Actual Startup Time": 7.143,
                                "Actual Total Time": 58.176,
                                "Actual Rows": 17647,
                                "Actual Loops": 1,
                                "Inner Unique": false,
                                "Plans": [
                                  {
                                    "Node Type": "Seq Scan",
                                    "Parent Relationship": "Outer",
                                    "Parallel Aware": false,
                                    "Relation Name": "keyword",
                                    "Alias": "k",
                                    "Startup Cost": 0.0,
                                    "Total Cost": 2961.55,
                                    "Plan Rows": 4,
                                    "Plan Width": 4,
                                    "Actual Startup Time": 2.032,
                                    "Actual Total Time": 17.142,
                                    "Actual Rows": 3,
                                    "Actual Loops": 1,
                                    "Filter": "(keyword = ANY ('{violence,computer-animated-movie,blood,.hack}'::text[]))",
                                    "Rows Removed by Filter": 134167
                                  },
                                  {
                                    "Node Type": "Bitmap Heap Scan",
                                    "Parent Relationship": "Inner",
                                    "Parallel Aware": false,
                                    "Relation Name": "movie_keyword",
                                    "Alias": "mk",
                                    "Startup Cost": 10.82,
                                    "Total Cost": 1118.49,
                                    "Plan Rows": 308,
                                    "Plan Width": 8,
                                    "Actual Startup Time": 5.366,
                                    "Actual Total Time": 13.051,
                                    "Actual Rows": 5882,
                                    "Actual Loops": 3,
                                    "Recheck Cond": "(keyword_id = k.id)",
                                    "Rows Removed by Index Recheck": 0,
                                    "Exact Heap Blocks": 13929,
                                    "Lossy Heap Blocks": 0,
                                    "Plans": [
                                      {
                                        "Node Type": "Bitmap Index Scan",
                                        "Parent Relationship": "Outer",
                                        "Parallel Aware": false,
                                        "Index Name": "keyword_id_movie_keyword",
                                        "Startup Cost": 0.0,
                                        "Total Cost": 10.74,
                                        "Plan Rows": 308,
                                        "Plan Width": 0,
                                        "Actual Startup Time": 4.318,
                                        "Actual Total Time": 4.318,
                                        "Actual Rows": 5882,
                                        "Actual Loops": 3,
                                        "Index Cond": "(keyword_id = k.id)"
                                      }
                                    ]
                                  }
                                ]
                              },
                              {
                                "Node Type": "Index Scan",
                                "Parent Relationship": "Inner",
                                "Parallel Aware": false,
                                "Scan Direction": "Forward",
                                "Index Name": "movie_id_movie_info_idx",
                                "Relation Name": "movie_info_idx",
                                "Alias": "mi_idx",
                                "Startup Cost": 0.43,
                                "Total Cost": 0.5,
                                "Plan Rows": 2,
                                "Plan Width": 14,
                                "Actual Startup Time": 0.003,
                                "Actual Total Time": 0.003,
                                "Actual Rows": 2,
                                "Actual Loops": 17647,
                                "Index Cond": "(movie_id = mk.movie_id)",
                                "Rows Removed by Index Recheck": 0,
                                "Filter": "(info < '6'::text)",
                                "Rows Removed by Filter": 1
                              }
                            ]
                          },
                          {
                            "Node Type": "Index Scan",
                            "Parent Relationship": "Inner",
                            "Parallel Aware": false,
                            "Scan Direction": "Forward",
                            "Index Name": "title_pkey",
                            "Relation Name": "title",
                            "Alias": "t",
                            "Startup Cost": 0.43,
                            "Total Cost": 0.49,
                            "Plan Rows": 1,
                            "Plan Width": 25,
                            "Actual Startup Time": 0.002,
                            "Actual Total Time": 0.002,
                            "Actual Rows": 0,
                            "Actual Loops": 35601,
                            "Index Cond": "(id = mk.movie_id)",
                            "Rows Removed by Index Recheck": 0,
                            "Filter": "(production_year > 2000)",
                            "Rows Removed by Filter": 1
                          }
                        ]
                      },
                      {
                        "Node Type": "Index Scan",
                        "Parent Relationship": "Inner",
                        "Parallel Aware": false,
                        "Scan Direction": "Forward",
                        "Index Name": "movie_id_movie_info",
                        "Relation Name": "movie_info",
                        "Alias": "mi",
                        "Startup Cost": 0.43,
                        "Total Cost": 1.8,
                        "Plan Rows": 2,
                        "Plan Width": 8,
                        "Actual Startup Time": 0.027,
                        "Actual Total Time": 0.03,
                        "Actual Rows": 1,
                        "Actual Loops": 15506,
                        "Index Cond": "(movie_id = mk.movie_id)",
                        "Rows Removed by Index Recheck": 0,
                        "Filter": "(info = ANY ('{Norway,American,Swedish,Sweden,Bulgaria,Germany,America,USA,Danish,Japan}'::text[]))",
                        "Rows Removed by Filter": 73
                      }
                    ]
                  }
                ]
              },
              {
                "Node Type": "Seq Scan",
                "Parent Relationship": "Inner",
                "Parallel Aware": false,
                "Relation Name": "info_type",
                "Alias": "it2",
                "Startup Cost": 0.0,
                "Total Cost": 2.41,
                "Plan Rows": 1,
                "Plan Width": 4,
                "Actual Startup Time": 0.006,
                "Actual Total Time": 0.007,
                "Actual Rows": 1,
                "Actual Loops": 12069,
                "Filter": "((info)::text = 'rating'::text)",
                "Rows Removed by Filter": 109
              }
            ]
          },
          {
            "Node Type": "Seq Scan",
            "Parent Relationship": "Inner",
            "Parallel Aware": false,
            "Relation Name": "kind_type",
            "Alias": "kt",
            "Startup Cost": 0.0,
            "Total Cost": 1.09,
            "Plan Rows": 1,
            "Plan Width": 4,
            "Actual Startup Time": 0.001,
            "Actual Total Time": 0.001,
            "Actual Rows": 1,
            "Actual Loops": 2521,
            "Filter": "((kind)::text = 'episode'::text)",
            "Rows Removed by Filter": 6
          }
        ]
      }
    ]
  },
  "Planning Time": 1.692,
  "Triggers": [],
  "Execution Time": 787.821
}