[
  {
    "Plan": {
      "Node Type": "Aggregate",
      "Strategy": "Plain",
      "Partial Mode": "Finalize",
      "Parallel Aware": false,
      "Startup Cost": 97786.98,
      "Total Cost": 97786.99,
      "Plan Rows": 1,
      "Plan Width": 8,
      "Actual Startup Time": 603.007,
      "Actual Total Time": 620.339,
      "Actual Rows": 1,
      "Actual Loops": 1,
      "Plans": [
        {
          "Node Type": "Gather",
          "Parent Relationship": "Outer",
          "Parallel Aware": false,
          "Startup Cost": 97786.77,
          "Total Cost": 97786.98,
          "Plan Rows": 2,
          "Plan Width": 8,
          "Actual Startup Time": 598.961,
          "Actual Total Time": 620.329,
          "Actual Rows": 3,
          "Actual Loops": 1,
          "Workers Planned": 2,
          "Workers Launched": 2,
          "Single Copy": false,
          "Plans": [
            {
              "Node Type": "Aggregate",
              "Strategy": "Plain",
              "Partial Mode": "Partial",
              "Parent Relationship": "Outer",
              "Parallel Aware": false,
              "Startup Cost": 96786.77,
              "Total Cost": 96786.78,
              "Plan Rows": 1,
              "Plan Width": 8,
              "Actual Startup Time": 591.291,
              "Actual Total Time": 591.742,
              "Actual Rows": 1,
              "Actual Loops": 3,
              "Plans": [
                {
                  "Node Type": "Hash Join",
                  "Parent Relationship": "Outer",
                  "Parallel Aware": true,
                  "Join Type": "Inner",
                  "Startup Cost": 80493.55,
                  "Total Cost": 96589.52,
                  "Plan Rows": 78900,
                  "Plan Width": 0,
                  "Actual Startup Time": 461.211,
                  "Actual Total Time": 579.84,
                  "Actual Rows": 244731,
                  "Actual Loops": 3,
                  "Inner Unique": false,
                  "Hash Cond": "(mi_idx.movie_id = t.id)",
                  "Plans": [
                    {
                      "Node Type": "Seq Scan",
                      "Parent Relationship": "Outer",
                      "Parallel Aware": true,
                      "Relation Name": "movie_info_idx",
                      "Alias": "mi_idx",
                      "Startup Cost": 0.0,
                      "Total Cost": 13685.15,
                      "Plan Rows": 575015,
                      "Plan Width": 4,
                      "Actual Startup Time": 0.03,
                      "Actual Total Time": 40.807,
                      "Actual Rows": 460012,
                      "Actual Loops": 3
                    },
                    {
                      "Node Type": "Hash",
                      "Parent Relationship": "Inner",
                      "Parallel Aware": true,
                      "Startup Cost": 79094.68,
                      "Total Cost": 79094.68,
                      "Plan Rows": 111909,
                      "Plan Width": 8,
                      "Actual Startup Time": 454.382,
                      "Actual Total Time": 454.831,
                      "Actual Rows": 134643,
                      "Actual Loops": 3,
                      "Hash Buckets": 524288,
                      "Original Hash Buckets": 524288,
                      "Hash Batches": 1,
                      "Original Hash Batches": 1,
                      "Peak Memory Usage": 19968,
                      "Plans": [
                        {
                          "Node Type": "Hash Join",
                          "Parent Relationship": "Outer",
                          "Parallel Aware": true,
                          "Join Type": "Inner",
                          "Startup Cost": 46908.73,
                          "Total Cost": 79094.68,
                          "Plan Rows": 111909,
                          "Plan Width": 8,
                          "Actual Startup Time": 253.591,
                          "Actual Total Time": 417.661,
                          "Actual Rows": 134643,
                          "Actual Loops": 3,
                          "Inner Unique": true,
                          "Hash Cond": "(mc.movie_id = t.id)",
                          "Plans": [
                            {
                              "Node Type": "Seq Scan",
                              "Parent Relationship": "Outer",
                              "Parallel Aware": true,
                              "Relation Name": "movie_companies",
                              "Alias": "mc",
                              "Startup Cost": 0.0,
                              "Total Cost": 31414.82,
                              "Plan Rows": 293767,
                              "Plan Width": 4,
                              "Actual Startup Time": 0.551,
                              "Actual Total Time": 92.0,
                              "Actual Rows": 248267,
                              "Actual Loops": 3,
                              "Filter": "((company_id > 1475) AND (company_type_id = 1))",
                              "Rows Removed by Filter": 621442
                            },
                            {
                              "Node Type": "Hash",
                              "Parent Relationship": "Inner",
                              "Parallel Aware": true,
                              "Startup Cost": 43898.92,
                              "Total Cost": 43898.92,
                              "Plan Rows": 240785,
                              "Plan Width": 4,
                              "Actual Startup Time": 248.709,
                              "Actual Total Time": 248.71,
                              "Actual Rows": 323729,
                              "Actual Loops": 3,
                              "Hash Buckets": 1048576,
                              "Original Hash Buckets": 1048576,
                              "Hash Batches": 1,
                              "Original Hash Batches": 1,
                              "Peak Memory Usage": 46240,
                              "Plans": [
                                {
                                  "Node Type": "Seq Scan",
                                  "Parent Relationship": "Outer",
                                  "Parallel Aware": true,
                                  "Relation Name": "title",
                                  "Alias": "t",
                                  "Startup Cost": 0.0,
                                  "Total Cost": 43898.92,
                                  "Plan Rows": 240785,
                                  "Plan Width": 4,
                                  "Actual Startup Time": 0.045,
                                  "Actual Total Time": 134.738,
                                  "Actual Rows": 323729,
                                  "Actual Loops": 3,
                                  "Filter": "(production_year < 1999)",
                                  "Rows Removed by Filter": 519041
                                }
                              ]
                            }
                          ]
                        }
                      ]
                    }
                  ]
                }
              ]
            }
          ]
        }
      ]
    },
    "Planning Time": 1.521,
    "Triggers": [],
    "Execution Time": 620.426
  }
]