[
  {
    "Plan": {
      "Node Type": "Aggregate",
      "Strategy": "Plain",
      "Partial Mode": "Finalize",
      "Parallel Aware": false,
      "Startup Cost": 69769.33,
      "Total Cost": 69769.34,
      "Plan Rows": 1,
      "Plan Width": 8,
      "Actual Startup Time": 117.593,
      "Actual Total Time": 132.244,
      "Actual Rows": 1,
      "Actual Loops": 1,
      "Plans": [
        {
          "Node Type": "Gather",
          "Parent Relationship": "Outer",
          "Parallel Aware": false,
          "Startup Cost": 69768.91,
          "Total Cost": 69769.32,
          "Plan Rows": 4,
          "Plan Width": 8,
          "Actual Startup Time": 117.476,
          "Actual Total Time": 132.236,
          "Actual Rows": 5,
          "Actual Loops": 1,
          "Workers Planned": 4,
          "Workers Launched": 4,
          "Single Copy": false,
          "Plans": [
            {
              "Node Type": "Aggregate",
              "Strategy": "Plain",
              "Partial Mode": "Partial",
              "Parent Relationship": "Outer",
              "Parallel Aware": false,
              "Startup Cost": 68768.91,
              "Total Cost": 68768.92,
              "Plan Rows": 1,
              "Plan Width": 8,
              "Actual Startup Time": 107.439,
              "Actual Total Time": 107.44,
              "Actual Rows": 1,
              "Actual Loops": 5,
              "Plans": [
                {
                  "Node Type": "Nested Loop",
                  "Parent Relationship": "Outer",
                  "Parallel Aware": false,
                  "Join Type": "Inner",
                  "Startup Cost": 0.43,
                  "Total Cost": 68755.98,
                  "Plan Rows": 5171,
                  "Plan Width": 0,
                  "Actual Startup Time": 1.169,
                  "Actual Total Time": 106.886,
                  "Actual Rows": 10100,
                  "Actual Loops": 5,
                  "Inner Unique": false,
                  "Plans": [
                    {
                      "Node Type": "Seq Scan",
                      "Parent Relationship": "Outer",
                      "Parallel Aware": true,
                      "Relation Name": "title",
                      "Alias": "t",
                      "Startup Cost": 0.0,
                      "Total Cost": 45479.1,
                      "Plan Rows": 2890,
                      "Plan Width": 4,
                      "Actual Startup Time": 0.506,
                      "Actual Total Time": 83.595,
                      "Actual Rows": 1659,
                      "Actual Loops": 5,
                      "Filter": "((kind_id < 3) AND (production_year = 1997))",
                      "Rows Removed by Filter": 504004
                    },
                    {
                      "Node Type": "Index Only Scan",
                      "Parent Relationship": "Inner",
                      "Parallel Aware": false,
                      "Scan Direction": "Forward",
                      "Index Name": "movie_id_movie_keyword",
                      "Relation Name": "movie_keyword",
                      "Alias": "mk",
                      "Startup Cost": 0.43,
                      "Total Cost": 7.6,
                      "Plan Rows": 45,
                      "Plan Width": 4,
                      "Actual Startup Time": 0.012,
                      "Actual Total Time": 0.013,
                      "Actual Rows": 6,
                      "Actual Loops": 8293,
                      "Index Cond": "(movie_id = t.id)",
                      "Rows Removed by Index Recheck": 0,
                      "Heap Fetches": 50498
                    }
                  ]
                }
              ]
            }
          ]
        }
      ]
    },
    "Planning Time": 0.615,
    "Triggers": [],
    "Execution Time": 132.318
  }
]