[
  {
    "Plan": {
      "Node Type": "Aggregate",
      "Strategy": "Plain",
      "Partial Mode": "Finalize",
      "Parallel Aware": false,
      "Startup Cost": 460239.4,
      "Total Cost": 460239.41,
      "Plan Rows": 1,
      "Plan Width": 8,
      "Actual Startup Time": 2010.166,
      "Actual Total Time": 2068.375,
      "Actual Rows": 1,
      "Actual Loops": 1,
      "Plans": [
        {
          "Node Type": "Gather",
          "Parent Relationship": "Outer",
          "Parallel Aware": false,
          "Startup Cost": 460238.87,
          "Total Cost": 460239.38,
          "Plan Rows": 5,
          "Plan Width": 8,
          "Actual Startup Time": 2006.599,
          "Actual Total Time": 2068.365,
          "Actual Rows": 6,
          "Actual Loops": 1,
          "Workers Planned": 5,
          "Workers Launched": 5,
          "Single Copy": false,
          "Plans": [
            {
              "Node Type": "Aggregate",
              "Strategy": "Plain",
              "Partial Mode": "Partial",
              "Parent Relationship": "Outer",
              "Parallel Aware": false,
              "Startup Cost": 459238.87,
              "Total Cost": 459238.88,
              "Plan Rows": 1,
              "Plan Width": 8,
              "Actual Startup Time": 1997.593,
              "Actual Total Time": 1997.602,
              "Actual Rows": 1,
              "Actual Loops": 6,
              "Plans": [
                {
                  "Node Type": "Hash Join",
                  "Parent Relationship": "Outer",
                  "Parallel Aware": true,
                  "Join Type": "Inner",
                  "Startup Cost": 252511.03,
                  "Total Cost": 456894.02,
                  "Plan Rows": 937940,
                  "Plan Width": 0,
                  "Actual Startup Time": 674.632,
                  "Actual Total Time": 1824.651,
                  "Actual Rows": 3814908,
                  "Actual Loops": 6,
                  "Inner Unique": false,
                  "Hash Cond": "(mi.movie_id = t.id)",
                  "Plans": [
                    {
                      "Node Type": "Seq Scan",
                      "Parent Relationship": "Outer",
                      "Parallel Aware": true,
                      "Relation Name": "movie_info",
                      "Alias": "mi",
                      "Startup Cost": 0.0,
                      "Total Cost": 191685.19,
                      "Plan Rows": 2969219,
                      "Plan Width": 4,
                      "Actual Startup Time": 0.025,
                      "Actual Total Time": 305.172,
                      "Actual Rows": 2472620,
                      "Actual Loops": 6
                    },
                    {
                      "Node Type": "Hash",
                      "Parent Relationship": "Inner",
                      "Parallel Aware": true,
                      "Startup Cost": 250847.08,
                      "Total Cost": 250847.08,
                      "Plan Rows": 133116,
                      "Plan Width": 8,
                      "Actual Startup Time": 655.254,
                      "Actual Total Time": 655.26,
                      "Actual Rows": 122722,
                      "Actual Loops": 6,
                      "Hash Buckets": 1048576,
                      "Original Hash Buckets": 1048576,
                      "Hash Batches": 1,
                      "Original Hash Batches": 1,
                      "Peak Memory Usage": 37056,
                      "Plans": [
                        {
                          "Node Type": "Hash Join",
                          "Parent Relationship": "Outer",
                          "Parallel Aware": true,
                          "Join Type": "Inner",
                          "Startup Cost": 46700.48,
                          "Total Cost": 250847.08,
                          "Plan Rows": 133116,
                          "Plan Width": 8,
                          "Actual Startup Time": 112.975,
                          "Actual Total Time": 599.664,
                          "Actual Rows": 122722,
                          "Actual Loops": 6,
                          "Inner Unique": true,
                          "Hash Cond": "(ci.movie_id = t.id)",
                          "Plans": [
                            {
                              "Node Type": "Index Scan",
                              "Parent Relationship": "Outer",
                              "Parallel Aware": true,
                              "Scan Direction": "Forward",
                              "Index Name": "role_id_cast_info",
                              "Relation Name": "cast_info",
                              "Alias": "ci",
                              "Startup Cost": 0.56,
                              "Total Cost": 201884.69,
                              "Plan Rows": 861896,
                              "Plan Width": 4,
                              "Actual Startup Time": 0.279,
                              "Actual Total Time": 280.736,
                              "Actual Rows": 1090726,
                              "Actual Loops": 6,
                              "Index Cond": "(role_id = 2)",
                              "Rows Removed by Index Recheck": 0,
                              "Filter": "(person_id < 2583452)",
                              "Rows Removed by Filter": 151270
                            },
                            {
                              "Node Type": "Hash",
                              "Parent Relationship": "Inner",
                              "Parallel Aware": true,
                              "Startup Cost": 45479.59,
                              "Total Cost": 45479.59,
                              "Plan Rows": 97626,
                              "Plan Width": 4,
                              "Actual Startup Time": 111.789,
                              "Actual Total Time": 111.792,
                              "Actual Rows": 48282,
                              "Actual Loops": 6,
                              "Hash Buckets": 524288,
                              "Original Hash Buckets": 524288,
                              "Hash Batches": 1,
                              "Original Hash Batches": 1,
                              "Peak Memory Usage": 15488,
                              "Plans": [
                                {
                                  "Node Type": "Seq Scan",
                                  "Parent Relationship": "Outer",
                                  "Parallel Aware": true,
                                  "Relation Name": "title",
                                  "Alias": "t",
                                  "Startup Cost": 0.0,
                                  "Total Cost": 45479.59,
                                  "Plan Rows": 97626,
                                  "Plan Width": 4,
                                  "Actual Startup Time": 45.051,
                                  "Actual Total Time": 87.731,
                                  "Actual Rows": 48282,
                                  "Actual Loops": 6,
                                  "Filter": "((production_year > 1998) AND (kind_id = 1))",
                                  "Rows Removed by Filter": 373103
                                }
                              ]
                            }
                          ]
                        }
                      ]
                    }
                  ]
                }
              ]
            }
          ]
        }
      ]
    },
    "Planning Time": 1.11,
    "Triggers": [],
    "Execution Time": 2068.456
  }
]