[
  {
    "Plan": {
      "Node Type": "Aggregate",
      "Strategy": "Plain",
      "Partial Mode": "Finalize",
      "Parallel Aware": false,
      "Startup Cost": 31881.53,
      "Total Cost": 31881.54,
      "Plan Rows": 1,
      "Plan Width": 8,
      "Actual Startup Time": 109.856,
      "Actual Total Time": 117.729,
      "Actual Rows": 1,
      "Actual Loops": 1,
      "Plans": [
        {
          "Node Type": "Gather",
          "Parent Relationship": "Outer",
          "Parallel Aware": false,
          "Startup Cost": 31881.21,
          "Total Cost": 31881.52,
          "Plan Rows": 3,
          "Plan Width": 8,
          "Actual Startup Time": 109.703,
          "Actual Total Time": 117.721,
          "Actual Rows": 4,
          "Actual Loops": 1,
          "Workers Planned": 3,
          "Workers Launched": 3,
          "Single Copy": false,
          "Plans": [
            {
              "Node Type": "Aggregate",
              "Strategy": "Plain",
              "Partial Mode": "Partial",
              "Parent Relationship": "Outer",
              "Parallel Aware": false,
              "Startup Cost": 30881.21,
              "Total Cost": 30881.22,
              "Plan Rows": 1,
              "Plan Width": 8,
              "Actual Startup Time": 103.28,
              "Actual Total Time": 103.282,
              "Actual Rows": 1,
              "Actual Loops": 4,
              "Plans": [
                {
                  "Node Type": "Seq Scan",
                  "Parent Relationship": "Outer",
                  "Parallel Aware": true,
                  "Relation Name": "movie_companies",
                  "Alias": "mc",
                  "Startup Cost": 0.0,
                  "Total Cost": 29310.68,
                  "Plan Rows": 628213,
                  "Plan Width": 0,
                  "Actual Startup Time": 0.18,
                  "Actual Total Time": 79.994,
                  "Actual Rows": 488195,
                  "Actual Loops": 4,
                  "Filter": "(company_id > 917)",
                  "Rows Removed by Filter": 164087
                }
              ]
            }
          ]
        }
      ]
    },
    "Planning Time": 0.082,
    "Triggers": [],
    "Execution Time": 117.764
  }
]