[
  {
    "Plan": {
      "Node Type": "Aggregate",
      "Strategy": "Plain",
      "Partial Mode": "Finalize",
      "Parallel Aware": false,
      "Startup Cost": 408919.73,
      "Total Cost": 408919.74,
      "Plan Rows": 1,
      "Plan Width": 8,
      "Actual Startup Time": 2588.539,
      "Actual Total Time": 2674.636,
      "Actual Rows": 1,
      "Actual Loops": 1,
      "Plans": [
        {
          "Node Type": "Gather",
          "Parent Relationship": "Outer",
          "Parallel Aware": false,
          "Startup Cost": 408919.42,
          "Total Cost": 408919.73,
          "Plan Rows": 3,
          "Plan Width": 8,
          "Actual Startup Time": 2582.86,
          "Actual Total Time": 2674.621,
          "Actual Rows": 4,
          "Actual Loops": 1,
          "Workers Planned": 3,
          "Workers Launched": 3,
          "Single Copy": false,
          "Plans": [
            {
              "Node Type": "Aggregate",
              "Strategy": "Plain",
              "Partial Mode": "Partial",
              "Parent Relationship": "Outer",
              "Parallel Aware": false,
              "Startup Cost": 407919.42,
              "Total Cost": 407919.43,
              "Plan Rows": 1,
              "Plan Width": 8,
              "Actual Startup Time": 2575.672,
              "Actual Total Time": 2575.676,
              "Actual Rows": 1,
              "Actual Loops": 4,
              "Plans": [
                {
                  "Node Type": "Nested Loop",
                  "Parent Relationship": "Outer",
                  "Parallel Aware": false,
                  "Join Type": "Inner",
                  "Startup Cost": 48100.56,
                  "Total Cost": 405526.02,
                  "Plan Rows": 957360,
                  "Plan Width": 0,
                  "Actual Startup Time": 243.777,
                  "Actual Total Time": 2499.67,
                  "Actual Rows": 1567963,
                  "Actual Loops": 4,
                  "Inner Unique": false,
                  "Plans": [
                    {
                      "Node Type": "Hash Join",
                      "Parent Relationship": "Outer",
                      "Parallel Aware": true,
                      "Join Type": "Inner",
                      "Startup Cost": 48100.0,
                      "Total Cost": 80134.17,
                      "Plan Rows": 125438,
                      "Plan Width": 8,
                      "Actual Startup Time": 243.624,
                      "Actual Total Time": 366.582,
                      "Actual Rows": 90190,
                      "Actual Loops": 4,
                      "Inner Unique": true,
                      "Hash Cond": "(mc.movie_id = t.id)",
                      "Plans": [
                        {
                          "Node Type": "Seq Scan",
                          "Parent Relationship": "Outer",
                          "Parallel Aware": true,
                          "Relation Name": "movie_companies",
                          "Alias": "mc",
                          "Startup Cost": 0.0,
                          "Total Cost": 31414.82,
                          "Plan Rows": 235944,
                          "Plan Width": 4,
                          "Actual Startup Time": 5.402,
                          "Actual Total Time": 68.793,
                          "Actual Rows": 128427,
                          "Actual Loops": 4,
                          "Filter": "((company_id > 7851) AND (company_type_id = 1))",
                          "Rows Removed by Filter": 523855
                        },
                        {
                          "Node Type": "Hash",
                          "Parent Relationship": "Inner",
                          "Parallel Aware": true,
                          "Startup Cost": 43899.32,
                          "Total Cost": 43899.32,
                          "Plan Rows": 336054,
                          "Plan Width": 4,
                          "Actual Startup Time": 232.988,
                          "Actual Total Time": 232.989,
                          "Actual Rows": 337073,
                          "Actual Loops": 4,
                          "Hash Buckets": 2097152,
                          "Original Hash Buckets": 2097152,
                          "Hash Batches": 1,
                          "Original Hash Batches": 1,
                          "Peak Memory Usage": 69216,
                          "Plans": [
                            {
                              "Node Type": "Seq Scan",
                              "Parent Relationship": "Outer",
                              "Parallel Aware": true,
                              "Relation Name": "title",
                              "Alias": "t",
                              "Startup Cost": 0.0,
                              "Total Cost": 43899.32,
                              "Plan Rows": 336054,
                              "Plan Width": 4,
                              "Actual Startup Time": 0.024,
                              "Actual Total Time": 110.173,
                              "Actual Rows": 337073,
                              "Actual Loops": 4,
                              "Filter": "(production_year < 2005)",
                              "Rows Removed by Filter": 295005
                            }
                          ]
                        }
                      ]
                    },
                    {
                      "Node Type": "Index Scan",
                      "Parent Relationship": "Inner",
                      "Parallel Aware": false,
                      "Scan Direction": "Forward",
                      "Index Name": "movie_id_cast_info",
                      "Relation Name": "cast_info",
                      "Alias": "ci",
                      "Startup Cost": 0.56,
                      "Total Cost": 2.4,
                      "Plan Rows": 19,
                      "Plan Width": 4,
                      "Actual Startup Time": 0.003,
                      "Actual Total Time": 0.022,
                      "Actual Rows": 17,
                      "Actual Loops": 360758,
                      "Index Cond": "(movie_id = t.id)",
                      "Rows Removed by Index Recheck": 0,
                      "Filter": "(person_id < 1951850)",
                      "Rows Removed by Filter": 12
                    }
                  ]
                }
              ]
            }
          ]
        }
      ]
    },
    "Planning Time": 0.667,
    "Triggers": [],
    "Execution Time": 2674.742
  }
]