[
  {
    "Plan": {
      "Node Type": "Aggregate",
      "Strategy": "Plain",
      "Partial Mode": "Finalize",
      "Parallel Aware": false,
      "Startup Cost": 81992.04,
      "Total Cost": 81992.05,
      "Plan Rows": 1,
      "Plan Width": 8,
      "Actual Startup Time": 306.203,
      "Actual Total Time": 334.475,
      "Actual Rows": 1,
      "Actual Loops": 1,
      "Plans": [
        {
          "Node Type": "Gather",
          "Parent Relationship": "Outer",
          "Parallel Aware": false,
          "Startup Cost": 81991.62,
          "Total Cost": 81992.03,
          "Plan Rows": 4,
          "Plan Width": 8,
          "Actual Startup Time": 305.65,
          "Actual Total Time": 334.464,
          "Actual Rows": 5,
          "Actual Loops": 1,
          "Workers Planned": 4,
          "Workers Launched": 4,
          "Single Copy": false,
          "Plans": [
            {
              "Node Type": "Aggregate",
              "Strategy": "Plain",
              "Partial Mode": "Partial",
              "Parent Relationship": "Outer",
              "Parallel Aware": false,
              "Startup Cost": 80991.62,
              "Total Cost": 80991.63,
              "Plan Rows": 1,
              "Plan Width": 8,
              "Actual Startup Time": 295.042,
              "Actual Total Time": 295.045,
              "Actual Rows": 1,
              "Actual Loops": 5,
              "Plans": [
                {
                  "Node Type": "Nested Loop",
                  "Parent Relationship": "Outer",
                  "Parallel Aware": false,
                  "Join Type": "Inner",
                  "Startup Cost": 19944.3,
                  "Total Cost": 80887.05,
                  "Plan Rows": 41827,
                  "Plan Width": 0,
                  "Actual Startup Time": 25.038,
                  "Actual Total Time": 289.83,
                  "Actual Rows": 71114,
                  "Actual Loops": 5,
                  "Inner Unique": false,
                  "Plans": [
                    {
                      "Node Type": "Hash Join",
                      "Parent Relationship": "Outer",
                      "Parallel Aware": true,
                      "Join Type": "Inner",
                      "Startup Cost": 19943.86,
                      "Total Cost": 66197.16,
                      "Plan Rows": 7153,
                      "Plan Width": 8,
                      "Actual Startup Time": 24.909,
                      "Actual Total Time": 167.98,
                      "Actual Rows": 6919,
                      "Actual Loops": 5,
                      "Inner Unique": false,
                      "Hash Cond": "(t.id = mc.movie_id)",
                      "Plans": [
                        {
                          "Node Type": "Seq Scan",
                          "Parent Relationship": "Outer",
                          "Parallel Aware": true,
                          "Relation Name": "title",
                          "Alias": "t",
                          "Startup Cost": 0.0,
                          "Total Cost": 43898.92,
                          "Plan Rows": 466259,
                          "Plan Width": 4,
                          "Actual Startup Time": 0.03,
                          "Actual Total Time": 88.732,
                          "Actual Rows": 373097,
                          "Actual Loops": 5,
                          "Filter": "(kind_id > 1)",
                          "Rows Removed by Filter": 132565
                        },
                        {
                          "Node Type": "Hash",
                          "Parent Relationship": "Inner",
                          "Parallel Aware": true,
                          "Startup Cost": 19787.45,
                          "Total Cost": 19787.45,
                          "Plan Rows": 12513,
                          "Plan Width": 4,
                          "Actual Startup Time": 23.42,
                          "Actual Total Time": 23.422,
                          "Actual Rows": 7227,
                          "Actual Loops": 5,
                          "Hash Buckets": 65536,
                          "Original Hash Buckets": 65536,
                          "Hash Batches": 1,
                          "Original Hash Batches": 1,
                          "Peak Memory Usage": 2016,
                          "Plans": [
                            {
                              "Node Type": "Bitmap Heap Scan",
                              "Parent Relationship": "Outer",
                              "Parallel Aware": true,
                              "Relation Name": "movie_companies",
                              "Alias": "mc",
                              "Startup Cost": 841.04,
                              "Total Cost": 19787.45,
                              "Plan Rows": 12513,
                              "Plan Width": 4,
                              "Actual Startup Time": 3.809,
                              "Actual Total Time": 18.854,
                              "Actual Rows": 7227,
                              "Actual Loops": 5,
                              "Recheck Cond": "(company_id = 160)",
                              "Rows Removed by Index Recheck": 0,
                              "Exact Heap Blocks": 2391,
                              "Lossy Heap Blocks": 0,
                              "Plans": [
                                {
                                  "Node Type": "Bitmap Index Scan",
                                  "Parent Relationship": "Outer",
                                  "Parallel Aware": false,
                                  "Index Name": "company_id_movie_companies",
                                  "Startup Cost": 0.0,
                                  "Total Cost": 831.35,
                                  "Plan Rows": 38789,
                                  "Plan Width": 0,
                                  "Actual Startup Time": 7.672,
                                  "Actual Total Time": 7.673,
                                  "Actual Rows": 36136,
                                  "Actual Loops": 1,
                                  "Index Cond": "(company_id = 160)"
                                }
                              ]
                            }
                          ]
                        }
                      ]
                    },
                    {
                      "Node Type": "Index Only Scan",
                      "Parent Relationship": "Inner",
                      "Parallel Aware": false,
                      "Scan Direction": "Forward",
                      "Index Name": "movie_id_movie_info",
                      "Relation Name": "movie_info",
                      "Alias": "mi",
                      "Startup Cost": 0.43,
                      "Total Cost": 1.63,
                      "Plan Rows": 42,
                      "Plan Width": 4,
                      "Actual Startup Time": 0.006,
                      "Actual Total Time": 0.016,
                      "Actual Rows": 10,
                      "Actual Loops": 34593,
                      "Index Cond": "(movie_id = t.id)",
                      "Rows Removed by Index Recheck": 0,
                      "Heap Fetches": 355568
                    }
                  ]
                }
              ]
            }
          ]
        }
      ]
    },
    "Planning Time": 1.483,
    "Triggers": [],
    "Execution Time": 334.629
  }
]