[
    {
        "Bao": {
            "Bao prediction": 638.609,
            "Bao recommended hint": "SET enable_mergejoin TO off; "
        }
    },
    {
        "Plan": {
            "Node Type": "Aggregate",
            "Strategy": "Plain",
            "Partial Mode": "Finalize",
            "Parallel Aware": false,
            "Startup Cost": 24115.59,
            "Total Cost": 24115.6,
            "Plan Rows": 1,
            "Plan Width": 8,
            "Actual Startup Time": 53.671,
            "Actual Total Time": 56.666,
            "Actual Rows": 1,
            "Actual Loops": 1,
            "Output": [
                "count(*)"
            ],
            "Plans": [
                {
                    "Node Type": "Gather",
                    "Parent Relationship": "Outer",
                    "Parallel Aware": false,
                    "Startup Cost": 24115.27,
                    "Total Cost": 24115.58,
                    "Plan Rows": 3,
                    "Plan Width": 8,
                    "Actual Startup Time": 53.516,
                    "Actual Total Time": 56.657,
                    "Actual Rows": 4,
                    "Actual Loops": 1,
                    "Output": [
                        "(PARTIAL count(*))"
                    ],
                    "Workers Planned": 3,
                    "Workers Launched": 3,
                    "Single Copy": false,
                    "Plans": [
                        {
                            "Node Type": "Aggregate",
                            "Strategy": "Plain",
                            "Partial Mode": "Partial",
                            "Parent Relationship": "Outer",
                            "Parallel Aware": false,
                            "Startup Cost": 23115.27,
                            "Total Cost": 23115.28,
                            "Plan Rows": 1,
                            "Plan Width": 8,
                            "Actual Startup Time": 45.643,
                            "Actual Total Time": 45.645,
                            "Actual Rows": 1,
                            "Actual Loops": 4,
                            "Output": [
                                "PARTIAL count(*)"
                            ],
                            "Workers": [
                                {
                                    "Worker Number": 0,
                                    "Actual Startup Time": 42.85,
                                    "Actual Total Time": 42.852,
                                    "Actual Rows": 1,
                                    "Actual Loops": 1
                                },
                                {
                                    "Worker Number": 1,
                                    "Actual Startup Time": 43.225,
                                    "Actual Total Time": 43.227,
                                    "Actual Rows": 1,
                                    "Actual Loops": 1
                                },
                                {
                                    "Worker Number": 2,
                                    "Actual Startup Time": 43.536,
                                    "Actual Total Time": 43.538,
                                    "Actual Rows": 1,
                                    "Actual Loops": 1
                                }
                            ],
                            "Plans": [
                                {
                                    "Node Type": "Bitmap Heap Scan",
                                    "Parent Relationship": "Outer",
                                    "Parallel Aware": true,
                                    "Relation Name": "movie_companies",
                                    "Schema": "public",
                                    "Alias": "mc",
                                    "Startup Cost": 3536.22,
                                    "Total Cost": 22983.76,
                                    "Plan Rows": 52603,
                                    "Plan Width": 0,
                                    "Actual Startup Time": 16.728,
                                    "Actual Total Time": 41.568,
                                    "Actual Rows": 41383,
                                    "Actual Loops": 4,
                                    "Recheck Cond": "(mc.company_id > 125566)",
                                    "Rows Removed by Index Recheck": 0,
                                    "Exact Heap Blocks": 2132,
                                    "Lossy Heap Blocks": 0,
                                    "Workers": [
                                        {
                                            "Worker Number": 0,
                                            "Actual Startup Time": 13.992,
                                            "Actual Total Time": 39.439,
                                            "Actual Rows": 26159,
                                            "Actual Loops": 1
                                        },
                                        {
                                            "Worker Number": 1,
                                            "Actual Startup Time": 14.427,
                                            "Actual Total Time": 39.762,
                                            "Actual Rows": 26528,
                                            "Actual Loops": 1
                                        },
                                        {
                                            "Worker Number": 2,
                                            "Actual Startup Time": 14.637,
                                            "Actual Total Time": 39.924,
                                            "Actual Rows": 27116,
                                            "Actual Loops": 1
                                        }
                                    ],
                                    "Plans": [
                                        {
                                            "Node Type": "Bitmap Index Scan",
                                            "Parent Relationship": "Outer",
                                            "Parallel Aware": false,
                                            "Index Name": "company_id_movie_companies",
                                            "Startup Cost": 0.0,
                                            "Total Cost": 3495.45,
                                            "Plan Rows": 163070,
                                            "Plan Width": 0,
                                            "Actual Startup Time": 22.198,
                                            "Actual Total Time": 22.199,
                                            "Actual Rows": 165533,
                                            "Actual Loops": 1,
                                            "Index Cond": "(mc.company_id > 125566)"
                                        }
                                    ]
                                }
                            ]
                        }
                    ]
                }
            ]
        },
        "Planning Time": 3001.45,
        "Triggers": [],
        "Execution Time": 56.805
    }
]