{
  "Plan": {
    "Node Type": "Aggregate",
    "Strategy": "Plain",
    "Partial Mode": "Finalize",
    "Parallel Aware": false,
    "Startup Cost": 300461.08,
    "Total Cost": 300461.09,
    "Plan Rows": 1,
    "Plan Width": 8,
    "Actual Startup Time": 1120.044,
    "Actual Total Time": 1144.795,
    "Actual Rows": 1,
    "Actual Loops": 1,
    "Plans": [
      {
        "Node Type": "Gather",
        "Parent Relationship": "Outer",
        "Parallel Aware": false,
        "Startup Cost": 300460.96,
        "Total Cost": 300461.07,
        "Plan Rows": 1,
        "Plan Width": 8,
        "Actual Startup Time": 1112.984,
        "Actual Total Time": 1144.787,
        "Actual Rows": 2,
        "Actual Loops": 1,
        "Workers Planned": 1,
        "Workers Launched": 1,
        "Single Copy": false,
        "Plans": [
          {
            "Node Type": "Aggregate",
            "Strategy": "Plain",
            "Partial Mode": "Partial",
            "Parent Relationship": "Outer",
            "Parallel Aware": false,
            "Startup Cost": 299460.96,
            "Total Cost": 299460.97,
            "Plan Rows": 1,
            "Plan Width": 8,
            "Actual Startup Time": 1098.925,
            "Actual Total Time": 1098.932,
            "Actual Rows": 1,
            "Actual Loops": 2,
            "Plans": [
              {
                "Node Type": "Hash Join",
                "Parent Relationship": "Outer",
                "Parallel Aware": true,
                "Join Type": "Inner",
                "Startup Cost": 237190.28,
                "Total Cost": 299095.29,
                "Plan Rows": 146268,
                "Plan Width": 0,
                "Actual Startup Time": 654.107,
                "Actual Total Time": 1072.994,
                "Actual Rows": 503672,
                "Actual Loops": 2,
                "Inner Unique": false,
                "Hash Cond": "(mk.movie_id = t.id)",
                "Plans": [
                  {
                    "Node Type": "Seq Scan",
                    "Parent Relationship": "Outer",
                    "Parallel Aware": true,
                    "Relation Name": "movie_keyword",
                    "Alias": "mk",
                    "Startup Cost": 0.0,
                    "Total Cost": 51065.35,
                    "Plan Rows": 2661135,
                    "Plan Width": 4,
                    "Actual Startup Time": 0.018,
                    "Actual Total Time": 184.419,
                    "Actual Rows": 2261965,
                    "Actual Loops": 2
                  },
                  {
                    "Node Type": "Hash",
                    "Parent Relationship": "Inner",
                    "Parallel Aware": true,
                    "Startup Cost": 236168.47,
                    "Total Cost": 236168.47,
                    "Plan Rows": 81745,
                    "Plan Width": 8,
                    "Actual Startup Time": 650.444,
                    "Actual Total Time": 650.449,
                    "Actual Rows": 60932,
                    "Actual Loops": 2,
                    "Hash Buckets": 262144,
                    "Original Hash Buckets": 262144,
                    "Hash Batches": 1,
                    "Original Hash Batches": 1,
                    "Peak Memory Usage": 6848,
                    "Plans": [
                      {
                        "Node Type": "Hash Join",
                        "Parent Relationship": "Outer",
                        "Parallel Aware": true,
                        "Join Type": "Inner",
                        "Startup Cost": 71982.12,
                        "Total Cost": 236168.47,
                        "Plan Rows": 81745,
                        "Plan Width": 8,
                        "Actual Startup Time": 586.474,
                        "Actual Total Time": 635.586,
                        "Actual Rows": 60932,
                        "Actual Loops": 2,
                        "Inner Unique": true,
                        "Hash Cond": "(mi.movie_id = t.id)",
                        "Plans": [
                          {
                            "Node Type": "Bitmap Heap Scan",
                            "Parent Relationship": "Outer",
                            "Parallel Aware": true,
                            "Relation Name": "movie_info",
                            "Alias": "mi",
                            "Startup Cost": 2521.42,
                            "Total Cost": 166493.19,
                            "Plan Rows": 81745,
                            "Plan Width": 4,
                            "Actual Startup Time": 5.006,
                            "Actual Total Time": 19.418,
                            "Actual Rows": 60932,
                            "Actual Loops": 2,
                            "Recheck Cond": "(info_type_id = 105)",
                            "Rows Removed by Index Recheck": 0,
                            "Exact Heap Blocks": 3131,
                            "Lossy Heap Blocks": 0,
                            "Plans": [
                              {
                                "Node Type": "Bitmap Index Scan",
                                "Parent Relationship": "Outer",
                                "Parallel Aware": false,
                                "Index Name": "info_type_id_movie_info",
                                "Startup Cost": 0.0,
                                "Total Cost": 2486.68,
                                "Plan Rows": 138966,
                                "Plan Width": 0,
                                "Actual Startup Time": 4.317,
                                "Actual Total Time": 4.318,
                                "Actual Rows": 121863,
                                "Actual Loops": 1,
                                "Index Cond": "(info_type_id = 105)"
                              }
                            ]
                          },
                          {
                            "Node Type": "Hash",
                            "Parent Relationship": "Inner",
                            "Parallel Aware": true,
                            "Startup Cost": 50870.31,
                            "Total Cost": 50870.31,
                            "Plan Rows": 1487231,
                            "Plan Width": 4,
                            "Actual Startup Time": 562.012,
                            "Actual Total Time": 562.014,
                            "Actual Rows": 1264156,
                            "Actual Loops": 2,
                            "Hash Buckets": 4194304,
                            "Original Hash Buckets": 4194304,
                            "Hash Batches": 1,
                            "Original Hash Batches": 1,
                            "Peak Memory Usage": 131712,
                            "Plans": [
                              {
                                "Node Type": "Seq Scan",
                                "Parent Relationship": "Outer",
                                "Parallel Aware": true,
                                "Relation Name": "title",
                                "Alias": "t",
                                "Startup Cost": 0.0,
                                "Total Cost": 50870.31,
                                "Plan Rows": 1487231,
                                "Plan Width": 4,
                                "Actual Startup Time": 0.026,
                                "Actual Total Time": 178.346,
                                "Actual Rows": 1264156,
                                "Actual Loops": 2
                              }
                            ]
                          }
                        ]
                      }
                    ]
                  }
                ]
              }
            ]
          }
        ]
      }
    ]
  },
  "Planning Time": 1.042,
  "Triggers": [],
  "Execution Time": 1144.893
}