[
  {
    "Plan": {
      "Node Type": "Aggregate",
      "Strategy": "Plain",
      "Partial Mode": "Finalize",
      "Parallel Aware": false,
      "Startup Cost": 44908.24,
      "Total Cost": 44908.25,
      "Plan Rows": 1,
      "Plan Width": 8,
      "Actual Startup Time": 89.65,
      "Actual Total Time": 102.322,
      "Actual Rows": 1,
      "Actual Loops": 1,
      "Plans": [
        {
          "Node Type": "Gather",
          "Parent Relationship": "Outer",
          "Parallel Aware": false,
          "Startup Cost": 44907.82,
          "Total Cost": 44908.23,
          "Plan Rows": 4,
          "Plan Width": 8,
          "Actual Startup Time": 89.496,
          "Actual Total Time": 102.313,
          "Actual Rows": 5,
          "Actual Loops": 1,
          "Workers Planned": 4,
          "Workers Launched": 4,
          "Single Copy": false,
          "Plans": [
            {
              "Node Type": "Aggregate",
              "Strategy": "Plain",
              "Partial Mode": "Partial",
              "Parent Relationship": "Outer",
              "Parallel Aware": false,
              "Startup Cost": 43907.82,
              "Total Cost": 43907.83,
              "Plan Rows": 1,
              "Plan Width": 8,
              "Actual Startup Time": 82.413,
              "Actual Total Time": 82.414,
              "Actual Rows": 1,
              "Actual Loops": 5,
              "Plans": [
                {
                  "Node Type": "Seq Scan",
                  "Parent Relationship": "Outer",
                  "Parallel Aware": true,
                  "Relation Name": "title",
                  "Alias": "t",
                  "Startup Cost": 0.0,
                  "Total Cost": 43898.92,
                  "Plan Rows": 3561,
                  "Plan Width": 0,
                  "Actual Startup Time": 0.117,
                  "Actual Total Time": 82.06,
                  "Actual Rows": 2891,
                  "Actual Loops": 5,
                  "Filter": "(production_year = 1981)",
                  "Rows Removed by Filter": 502771
                }
              ]
            }
          ]
        }
      ]
    },
    "Planning Time": 0.102,
    "Triggers": [],
    "Execution Time": 102.366
  }
]