[
  {
    "Plan": {
      "Node Type": "Aggregate",
      "Strategy": "Plain",
      "Partial Mode": "Finalize",
      "Parallel Aware": false,
      "Startup Cost": 619577.03,
      "Total Cost": 619577.04,
      "Plan Rows": 1,
      "Plan Width": 8,
      "Actual Startup Time": 3433.089,
      "Actual Total Time": 3486.496,
      "Actual Rows": 1,
      "Actual Loops": 1,
      "Plans": [
        {
          "Node Type": "Gather",
          "Parent Relationship": "Outer",
          "Parallel Aware": false,
          "Startup Cost": 619576.51,
          "Total Cost": 619577.02,
          "Plan Rows": 5,
          "Plan Width": 8,
          "Actual Startup Time": 3414.381,
          "Actual Total Time": 3486.485,
          "Actual Rows": 6,
          "Actual Loops": 1,
          "Workers Planned": 5,
          "Workers Launched": 5,
          "Single Copy": false,
          "Plans": [
            {
              "Node Type": "Aggregate",
              "Strategy": "Plain",
              "Partial Mode": "Partial",
              "Parent Relationship": "Outer",
              "Parallel Aware": false,
              "Startup Cost": 618576.51,
              "Total Cost": 618576.52,
              "Plan Rows": 1,
              "Plan Width": 8,
              "Actual Startup Time": 3383.711,
              "Actual Total Time": 3384.334,
              "Actual Rows": 1,
              "Actual Loops": 6,
              "Plans": [
                {
                  "Node Type": "Hash Join",
                  "Parent Relationship": "Outer",
                  "Parallel Aware": true,
                  "Join Type": "Inner",
                  "Startup Cost": 394373.7,
                  "Total Cost": 605643.67,
                  "Plan Rows": 5173136,
                  "Plan Width": 0,
                  "Actual Startup Time": 1636.276,
                  "Actual Total Time": 3188.548,
                  "Actual Rows": 4698471,
                  "Actual Loops": 6,
                  "Inner Unique": false,
                  "Hash Cond": "(mi.movie_id = t.id)",
                  "Plans": [
                    {
                      "Node Type": "Seq Scan",
                      "Parent Relationship": "Outer",
                      "Parallel Aware": true,
                      "Relation Name": "movie_info",
                      "Alias": "mi",
                      "Startup Cost": 0.0,
                      "Total Cost": 191560.33,
                      "Plan Rows": 2956733,
                      "Plan Width": 4,
                      "Actual Startup Time": 0.024,
                      "Actual Total Time": 298.817,
                      "Actual Rows": 2472620,
                      "Actual Loops": 6
                    },
                    {
                      "Node Type": "Hash",
                      "Parent Relationship": "Inner",
                      "Parallel Aware": true,
                      "Startup Cost": 385158.01,
                      "Total Cost": 385158.01,
                      "Plan Rows": 737255,
                      "Plan Width": 8,
                      "Actual Startup Time": 1622.975,
                      "Actual Total Time": 1623.597,
                      "Actual Rows": 841548,
                      "Actual Loops": 6,
                      "Hash Buckets": 8388608,
                      "Original Hash Buckets": 8388608,
                      "Hash Batches": 1,
                      "Original Hash Batches": 1,
                      "Peak Memory Usage": 263136,
                      "Plans": [
                        {
                          "Node Type": "Hash Join",
                          "Parent Relationship": "Outer",
                          "Parallel Aware": true,
                          "Join Type": "Inner",
                          "Startup Cost": 48557.28,
                          "Total Cost": 385158.01,
                          "Plan Rows": 737255,
                          "Plan Width": 8,
                          "Actual Startup Time": 192.536,
                          "Actual Total Time": 1257.903,
                          "Actual Rows": 841548,
                          "Actual Loops": 6,
                          "Inner Unique": true,
                          "Hash Cond": "(ci.movie_id = t.id)",
                          "Plans": [
                            {
                              "Node Type": "Index Scan",
                              "Parent Relationship": "Outer",
                              "Parallel Aware": true,
                              "Scan Direction": "Forward",
                              "Index Name": "role_id_cast_info",
                              "Relation Name": "cast_info",
                              "Alias": "ci",
                              "Startup Cost": 0.56,
                              "Total Cost": 331632.96,
                              "Plan Rows": 1892698,
                              "Plan Width": 4,
                              "Actual Startup Time": 0.221,
                              "Actual Total Time": 439.469,
                              "Actual Rows": 1919149,
                              "Actual Loops": 6,
                              "Index Cond": "(role_id > 3)",
                              "Rows Removed by Index Recheck": 0,
                              "Filter": "(person_id > 285444)",
                              "Rows Removed by Filter": 99792
                            },
                            {
                              "Node Type": "Hash",
                              "Parent Relationship": "Inner",
                              "Parallel Aware": true,
                              "Startup Cost": 45479.1,
                              "Total Cost": 45479.1,
                              "Plan Rows": 246209,
                              "Plan Width": 4,
                              "Actual Startup Time": 191.327,
                              "Actual Total Time": 191.328,
                              "Actual Rows": 176265,
                              "Actual Loops": 6,
                              "Hash Buckets": 2097152,
                              "Original Hash Buckets": 1048576,
                              "Hash Batches": 1,
                              "Original Hash Batches": 1,
                              "Peak Memory Usage": 66016,
                              "Plans": [
                                {
                                  "Node Type": "Seq Scan",
                                  "Parent Relationship": "Outer",
                                  "Parallel Aware": true,
                                  "Relation Name": "title",
                                  "Alias": "t",
                                  "Startup Cost": 0.0,
                                  "Total Cost": 45479.1,
                                  "Plan Rows": 246209,
                                  "Plan Width": 4,
                                  "Actual Startup Time": 0.04,
                                  "Actual Total Time": 90.067,
                                  "Actual Rows": 176265,
                                  "Actual Loops": 6,
                                  "Filter": "((kind_id > 1) AND (production_year > 2001))",
                                  "Rows Removed by Filter": 245121
                                }
                              ]
                            }
                          ]
                        }
                      ]
                    }
                  ]
                }
              ]
            }
          ]
        }
      ]
    },
    "Planning Time": 1.192,
    "Triggers": [],
    "Execution Time": 3486.578
  }
]