[
  {
    "Plan": {
      "Node Type": "Aggregate",
      "Strategy": "Plain",
      "Partial Mode": "Finalize",
      "Parallel Aware": false,
      "Startup Cost": 592812.78,
      "Total Cost": 592812.79,
      "Plan Rows": 1,
      "Plan Width": 8,
      "Actual Startup Time": 3003.457,
      "Actual Total Time": 3060.692,
      "Actual Rows": 1,
      "Actual Loops": 1,
      "Plans": [
        {
          "Node Type": "Gather",
          "Parent Relationship": "Outer",
          "Parallel Aware": false,
          "Startup Cost": 592812.25,
          "Total Cost": 592812.76,
          "Plan Rows": 5,
          "Plan Width": 8,
          "Actual Startup Time": 2990.916,
          "Actual Total Time": 3060.66,
          "Actual Rows": 6,
          "Actual Loops": 1,
          "Workers Planned": 5,
          "Workers Launched": 5,
          "Single Copy": false,
          "Plans": [
            {
              "Node Type": "Aggregate",
              "Strategy": "Plain",
              "Partial Mode": "Partial",
              "Parent Relationship": "Outer",
              "Parallel Aware": false,
              "Startup Cost": 591812.25,
              "Total Cost": 591812.26,
              "Plan Rows": 1,
              "Plan Width": 8,
              "Actual Startup Time": 2978.383,
              "Actual Total Time": 2978.666,
              "Actual Rows": 1,
              "Actual Loops": 6,
              "Plans": [
                {
                  "Node Type": "Hash Join",
                  "Parent Relationship": "Outer",
                  "Parallel Aware": true,
                  "Join Type": "Inner",
                  "Startup Cost": 385690.62,
                  "Total Cost": 589728.12,
                  "Plan Rows": 833654,
                  "Plan Width": 0,
                  "Actual Startup Time": 900.964,
                  "Actual Total Time": 2660.894,
                  "Actual Rows": 7930680,
                  "Actual Loops": 6,
                  "Inner Unique": false,
                  "Hash Cond": "(mi.movie_id = t.id)",
                  "Plans": [
                    {
                      "Node Type": "Seq Scan",
                      "Parent Relationship": "Outer",
                      "Parallel Aware": true,
                      "Relation Name": "movie_info",
                      "Alias": "mi",
                      "Startup Cost": 0.0,
                      "Total Cost": 191560.33,
                      "Plan Rows": 2956733,
                      "Plan Width": 4,
                      "Actual Startup Time": 0.028,
                      "Actual Total Time": 305.007,
                      "Actual Rows": 2472620,
                      "Actual Loops": 6
                    },
                    {
                      "Node Type": "Hash",
                      "Parent Relationship": "Inner",
                      "Parallel Aware": true,
                      "Startup Cost": 384205.51,
                      "Total Cost": 384205.51,
                      "Plan Rows": 118809,
                      "Plan Width": 8,
                      "Actual Startup Time": 895.133,
                      "Actual Total Time": 895.415,
                      "Actual Rows": 295705,
                      "Actual Loops": 6,
                      "Hash Buckets": 2097152,
                      "Original Hash Buckets": 1048576,
                      "Hash Batches": 1,
                      "Original Hash Batches": 1,
                      "Peak Memory Usage": 94080,
                      "Plans": [
                        {
                          "Node Type": "Hash Join",
                          "Parent Relationship": "Outer",
                          "Parallel Aware": true,
                          "Join Type": "Inner",
                          "Startup Cost": 47988.26,
                          "Total Cost": 384205.51,
                          "Plan Rows": 118809,
                          "Plan Width": 8,
                          "Actual Startup Time": 151.956,
                          "Actual Total Time": 764.478,
                          "Actual Rows": 295705,
                          "Actual Loops": 6,
                          "Inner Unique": true,
                          "Hash Cond": "(ci.movie_id = t.id)",
                          "Plans": [
                            {
                              "Node Type": "Index Scan",
                              "Parent Relationship": "Outer",
                              "Parallel Aware": true,
                              "Scan Direction": "Forward",
                              "Index Name": "role_id_cast_info",
                              "Relation Name": "cast_info",
                              "Alias": "ci",
                              "Startup Cost": 0.56,
                              "Total Cost": 335235.55,
                              "Plan Rows": 374194,
                              "Plan Width": 4,
                              "Actual Startup Time": 0.197,
                              "Actual Total Time": 375.862,
                              "Actual Rows": 805935,
                              "Actual Loops": 6,
                              "Index Cond": "(role_id = 1)",
                              "Rows Removed by Index Recheck": 0,
                              "Filter": "(person_id < 649362)",
                              "Rows Removed by Filter": 1305846
                            },
                            {
                              "Node Type": "Hash",
                              "Parent Relationship": "Inner",
                              "Parallel Aware": true,
                              "Startup Cost": 45479.1,
                              "Total Cost": 45479.1,
                              "Plan Rows": 200688,
                              "Plan Width": 4,
                              "Actual Startup Time": 149.565,
                              "Actual Total Time": 149.567,
                              "Actual Rows": 126359,
                              "Actual Loops": 6,
                              "Hash Buckets": 1048576,
                              "Original Hash Buckets": 1048576,
                              "Hash Batches": 1,
                              "Original Hash Batches": 1,
                              "Peak Memory Usage": 37920,
                              "Plans": [
                                {
                                  "Node Type": "Seq Scan",
                                  "Parent Relationship": "Outer",
                                  "Parallel Aware": true,
                                  "Relation Name": "title",
                                  "Alias": "t",
                                  "Startup Cost": 0.0,
                                  "Total Cost": 45479.1,
                                  "Plan Rows": 200688,
                                  "Plan Width": 4,
                                  "Actual Startup Time": 0.06,
                                  "Actual Total Time": 88.598,
                                  "Actual Rows": 126359,
                                  "Actual Loops": 6,
                                  "Filter": "((kind_id < 4) AND (production_year > 1920))",
                                  "Rows Removed by Filter": 295026
                                }
                              ]
                            }
                          ]
                        }
                      ]
                    }
                  ]
                }
              ]
            }
          ]
        }
      ]
    },
    "Planning Time": 1.49,
    "Triggers": [],
    "Execution Time": 3060.827
  }
]