[
    {
        "Bao": {
            "Bao prediction": 943.149,
            "Bao recommended hint": "SET enable_nestloop TO off; "
        }
    },
    {
        "Plan": {
            "Node Type": "Aggregate",
            "Strategy": "Plain",
            "Partial Mode": "Finalize",
            "Parallel Aware": false,
            "Startup Cost": 414754.27,
            "Total Cost": 414754.28,
            "Plan Rows": 1,
            "Plan Width": 8,
            "Actual Startup Time": 1471.663,
            "Actual Total Time": 1509.951,
            "Actual Rows": 1,
            "Actual Loops": 1,
            "Output": [
                "count(*)"
            ],
            "Plans": [
                {
                    "Node Type": "Gather",
                    "Parent Relationship": "Outer",
                    "Parallel Aware": false,
                    "Startup Cost": 414753.65,
                    "Total Cost": 414754.26,
                    "Plan Rows": 6,
                    "Plan Width": 8,
                    "Actual Startup Time": 1471.272,
                    "Actual Total Time": 1509.942,
                    "Actual Rows": 7,
                    "Actual Loops": 1,
                    "Output": [
                        "(PARTIAL count(*))"
                    ],
                    "Workers Planned": 6,
                    "Workers Launched": 6,
                    "Single Copy": false,
                    "Plans": [
                        {
                            "Node Type": "Aggregate",
                            "Strategy": "Plain",
                            "Partial Mode": "Partial",
                            "Parent Relationship": "Outer",
                            "Parallel Aware": false,
                            "Startup Cost": 413753.65,
                            "Total Cost": 413753.66,
                            "Plan Rows": 1,
                            "Plan Width": 8,
                            "Actual Startup Time": 1460.671,
                            "Actual Total Time": 1460.677,
                            "Actual Rows": 1,
                            "Actual Loops": 7,
                            "Output": [
                                "PARTIAL count(*)"
                            ],
                            "Workers": [
                                {
                                    "Worker Number": 0,
                                    "Actual Startup Time": 1459.074,
                                    "Actual Total Time": 1459.079,
                                    "Actual Rows": 1,
                                    "Actual Loops": 1
                                },
                                {
                                    "Worker Number": 1,
                                    "Actual Startup Time": 1458.53,
                                    "Actual Total Time": 1458.535,
                                    "Actual Rows": 1,
                                    "Actual Loops": 1
                                },
                                {
                                    "Worker Number": 2,
                                    "Actual Startup Time": 1458.008,
                                    "Actual Total Time": 1458.014,
                                    "Actual Rows": 1,
                                    "Actual Loops": 1
                                },
                                {
                                    "Worker Number": 3,
                                    "Actual Startup Time": 1459.596,
                                    "Actual Total Time": 1459.602,
                                    "Actual Rows": 1,
                                    "Actual Loops": 1
                                },
                                {
                                    "Worker Number": 4,
                                    "Actual Startup Time": 1459.63,
                                    "Actual Total Time": 1459.635,
                                    "Actual Rows": 1,
                                    "Actual Loops": 1
                                },
                                {
                                    "Worker Number": 5,
                                    "Actual Startup Time": 1459.73,
                                    "Actual Total Time": 1459.736,
                                    "Actual Rows": 1,
                                    "Actual Loops": 1
                                }
                            ],
                            "Plans": [
                                {
                                    "Node Type": "Hash Join",
                                    "Parent Relationship": "Outer",
                                    "Parallel Aware": true,
                                    "Join Type": "Inner",
                                    "Startup Cost": 65528.14,
                                    "Total Cost": 413656.8,
                                    "Plan Rows": 38741,
                                    "Plan Width": 0,
                                    "Actual Startup Time": 136.673,
                                    "Actual Total Time": 1460.317,
                                    "Actual Rows": 1942,
                                    "Actual Loops": 7,
                                    "Inner Unique": false,
                                    "Hash Cond": "(ci.movie_id = t.id)",
                                    "Workers": [
                                        {
                                            "Worker Number": 0,
                                            "Actual Startup Time": 134.221,
                                            "Actual Total Time": 1458.704,
                                            "Actual Rows": 1921,
                                            "Actual Loops": 1
                                        },
                                        {
                                            "Worker Number": 1,
                                            "Actual Startup Time": 134.083,
                                            "Actual Total Time": 1458.164,
                                            "Actual Rows": 1840,
                                            "Actual Loops": 1
                                        },
                                        {
                                            "Worker Number": 2,
                                            "Actual Startup Time": 135.438,
                                            "Actual Total Time": 1457.645,
                                            "Actual Rows": 1894,
                                            "Actual Loops": 1
                                        },
                                        {
                                            "Worker Number": 3,
                                            "Actual Startup Time": 135.511,
                                            "Actual Total Time": 1459.224,
                                            "Actual Rows": 1925,
                                            "Actual Loops": 1
                                        },
                                        {
                                            "Worker Number": 4,
                                            "Actual Startup Time": 134.659,
                                            "Actual Total Time": 1459.275,
                                            "Actual Rows": 1785,
                                            "Actual Loops": 1
                                        },
                                        {
                                            "Worker Number": 5,
                                            "Actual Startup Time": 136.846,
                                            "Actual Total Time": 1459.351,
                                            "Actual Rows": 1993,
                                            "Actual Loops": 1
                                        }
                                    ],
                                    "Plans": [
                                        {
                                            "Node Type": "Seq Scan",
                                            "Parent Relationship": "Outer",
                                            "Parallel Aware": true,
                                            "Relation Name": "cast_info",
                                            "Schema": "public",
                                            "Alias": "ci",
                                            "Startup Cost": 0.0,
                                            "Total Cost": 328213.62,
                                            "Plan Rows": 5284849,
                                            "Plan Width": 4,
                                            "Actual Startup Time": 0.023,
                                            "Actual Total Time": 927.951,
                                            "Actual Rows": 4515030,
                                            "Actual Loops": 7,
                                            "Output": [
                                                "ci.id",
                                                "ci.person_id",
                                                "ci.movie_id",
                                                "ci.person_role_id",
                                                "ci.note",
                                                "ci.nr_order",
                                                "ci.role_id"
                                            ],
                                            "Filter": "(ci.role_id < 10)",
                                            "Rows Removed by Filter": 662734,
                                            "Workers": [
                                                {
                                                    "Worker Number": 0,
                                                    "Actual Startup Time": 0.028,
                                                    "Actual Total Time": 932.706,
                                                    "Actual Rows": 4398093,
                                                    "Actual Loops": 1
                                                },
                                                {
                                                    "Worker Number": 1,
                                                    "Actual Startup Time": 0.028,
                                                    "Actual Total Time": 932.054,
                                                    "Actual Rows": 4407387,
                                                    "Actual Loops": 1
                                                },
                                                {
                                                    "Worker Number": 2,
                                                    "Actual Startup Time": 0.023,
                                                    "Actual Total Time": 931.189,
                                                    "Actual Rows": 4400352,
                                                    "Actual Loops": 1
                                                },
                                                {
                                                    "Worker Number": 3,
                                                    "Actual Startup Time": 0.024,
                                                    "Actual Total Time": 933.448,
                                                    "Actual Rows": 4379167,
                                                    "Actual Loops": 1
                                                },
                                                {
                                                    "Worker Number": 4,
                                                    "Actual Startup Time": 0.026,
                                                    "Actual Total Time": 933.449,
                                                    "Actual Rows": 4381580,
                                                    "Actual Loops": 1
                                                },
                                                {
                                                    "Worker Number": 5,
                                                    "Actual Startup Time": 0.026,
                                                    "Actual Total Time": 930.417,
                                                    "Actual Rows": 4405504,
                                                    "Actual Loops": 1
                                                }
                                            ]
                                        },
                                        {
                                            "Node Type": "Hash",
                                            "Parent Relationship": "Inner",
                                            "Parallel Aware": true,
                                            "Startup Cost": 65470.21,
                                            "Total Cost": 65470.21,
                                            "Plan Rows": 4634,
                                            "Plan Width": 8,
                                            "Actual Startup Time": 134.8,
                                            "Actual Total Time": 134.805,
                                            "Actual Rows": 88,
                                            "Actual Loops": 7,
                                            "Output": [
                                                "t.id",
                                                "mc.movie_id"
                                            ],
                                            "Hash Buckets": 32768,
                                            "Original Hash Buckets": 32768,
                                            "Hash Batches": 1,
                                            "Original Hash Batches": 1,
                                            "Peak Memory Usage": 480,
                                            "Workers": [
                                                {
                                                    "Worker Number": 0,
                                                    "Actual Startup Time": 133.676,
                                                    "Actual Total Time": 133.68,
                                                    "Actual Rows": 73,
                                                    "Actual Loops": 1
                                                },
                                                {
                                                    "Worker Number": 1,
                                                    "Actual Startup Time": 133.093,
                                                    "Actual Total Time": 133.096,
                                                    "Actual Rows": 82,
                                                    "Actual Loops": 1
                                                },
                                                {
                                                    "Worker Number": 2,
                                                    "Actual Startup Time": 132.561,
                                                    "Actual Total Time": 132.565,
                                                    "Actual Rows": 76,
                                                    "Actual Loops": 1
                                                },
                                                {
                                                    "Worker Number": 3,
                                                    "Actual Startup Time": 134.159,
                                                    "Actual Total Time": 134.163,
                                                    "Actual Rows": 75,
                                                    "Actual Loops": 1
                                                },
                                                {
                                                    "Worker Number": 4,
                                                    "Actual Startup Time": 134.194,
                                                    "Actual Total Time": 134.198,
                                                    "Actual Rows": 77,
                                                    "Actual Loops": 1
                                                },
                                                {
                                                    "Worker Number": 5,
                                                    "Actual Startup Time": 134.288,
                                                    "Actual Total Time": 134.292,
                                                    "Actual Rows": 84,
                                                    "Actual Loops": 1
                                                }
                                            ],
                                            "Plans": [
                                                {
                                                    "Node Type": "Hash Join",
                                                    "Parent Relationship": "Outer",
                                                    "Parallel Aware": true,
                                                    "Join Type": "Inner",
                                                    "Startup Cost": 19976.06,
                                                    "Total Cost": 65470.21,
                                                    "Plan Rows": 4634,
                                                    "Plan Width": 8,
                                                    "Actual Startup Time": 19.943,
                                                    "Actual Total Time": 134.564,
                                                    "Actual Rows": 88,
                                                    "Actual Loops": 7,
                                                    "Output": [
                                                        "t.id",
                                                        "mc.movie_id"
                                                    ],
                                                    "Inner Unique": false,
                                                    "Hash Cond": "(t.id = mc.movie_id)",
                                                    "Workers": [
                                                        {
                                                            "Worker Number": 0,
                                                            "Actual Startup Time": 22.898,
                                                            "Actual Total Time": 133.409,
                                                            "Actual Rows": 73,
                                                            "Actual Loops": 1
                                                        },
                                                        {
                                                            "Worker Number": 1,
                                                            "Actual Startup Time": 19.977,
                                                            "Actual Total Time": 132.883,
                                                            "Actual Rows": 82,
                                                            "Actual Loops": 1
                                                        },
                                                        {
                                                            "Worker Number": 2,
                                                            "Actual Startup Time": 16.416,
                                                            "Actual Total Time": 132.299,
                                                            "Actual Rows": 76,
                                                            "Actual Loops": 1
                                                        },
                                                        {
                                                            "Worker Number": 3,
                                                            "Actual Startup Time": 17.792,
                                                            "Actual Total Time": 133.932,
                                                            "Actual Rows": 75,
                                                            "Actual Loops": 1
                                                        },
                                                        {
                                                            "Worker Number": 4,
                                                            "Actual Startup Time": 18.243,
                                                            "Actual Total Time": 133.928,
                                                            "Actual Rows": 77,
                                                            "Actual Loops": 1
                                                        },
                                                        {
                                                            "Worker Number": 5,
                                                            "Actual Startup Time": 18.85,
                                                            "Actual Total Time": 134.043,
                                                            "Actual Rows": 84,
                                                            "Actual Loops": 1
                                                        }
                                                    ],
                                                    "Plans": [
                                                        {
                                                            "Node Type": "Seq Scan",
                                                            "Parent Relationship": "Outer",
                                                            "Parallel Aware": true,
                                                            "Relation Name": "title",
                                                            "Schema": "public",
                                                            "Alias": "t",
                                                            "Startup Cost": 0.0,
                                                            "Total Cost": 42318.81,
                                                            "Plan Rows": 632080,
                                                            "Plan Width": 4,
                                                            "Actual Startup Time": 0.02,
                                                            "Actual Total Time": 75.832,
                                                            "Actual Rows": 361187,
                                                            "Actual Loops": 7,
                                                            "Output": [
                                                                "t.id",
                                                                "t.title",
                                                                "t.imdb_index",
                                                                "t.kind_id",
                                                                "t.production_year",
                                                                "t.imdb_id",
                                                                "t.phonetic_code",
                                                                "t.episode_of_id",
                                                                "t.season_nr",
                                                                "t.episode_nr",
                                                                "t.series_years",
                                                                "t.md5sum"
                                                            ],
                                                            "Workers": [
                                                                {
                                                                    "Worker Number": 0,
                                                                    "Actual Startup Time": 0.029,
                                                                    "Actual Total Time": 77.892,
                                                                    "Actual Rows": 330960,
                                                                    "Actual Loops": 1
                                                                },
                                                                {
                                                                    "Worker Number": 1,
                                                                    "Actual Startup Time": 0.02,
                                                                    "Actual Total Time": 78.221,
                                                                    "Actual Rows": 328123,
                                                                    "Actual Loops": 1
                                                                },
                                                                {
                                                                    "Worker Number": 2,
                                                                    "Actual Startup Time": 0.013,
                                                                    "Actual Total Time": 77.909,
                                                                    "Actual Rows": 334927,
                                                                    "Actual Loops": 1
                                                                },
                                                                {
                                                                    "Worker Number": 3,
                                                                    "Actual Startup Time": 0.016,
                                                                    "Actual Total Time": 77.844,
                                                                    "Actual Rows": 329057,
                                                                    "Actual Loops": 1
                                                                },
                                                                {
                                                                    "Worker Number": 4,
                                                                    "Actual Startup Time": 0.029,
                                                                    "Actual Total Time": 77.98,
                                                                    "Actual Rows": 328935,
                                                                    "Actual Loops": 1
                                                                },
                                                                {
                                                                    "Worker Number": 5,
                                                                    "Actual Startup Time": 0.023,
                                                                    "Actual Total Time": 78.26,
                                                                    "Actual Rows": 322471,
                                                                    "Actual Loops": 1
                                                                }
                                                            ]
                                                        },
                                                        {
                                                            "Node Type": "Hash",
                                                            "Parent Relationship": "Inner",
                                                            "Parallel Aware": true,
                                                            "Startup Cost": 19901.32,
                                                            "Total Cost": 19901.32,
                                                            "Plan Rows": 5979,
                                                            "Plan Width": 4,
                                                            "Actual Startup Time": 17.827,
                                                            "Actual Total Time": 17.829,
                                                            "Actual Rows": 88,
                                                            "Actual Loops": 7,
                                                            "Output": [
                                                                "mc.movie_id"
                                                            ],
                                                            "Hash Buckets": 32768,
                                                            "Original Hash Buckets": 32768,
                                                            "Hash Batches": 1,
                                                            "Original Hash Batches": 1,
                                                            "Peak Memory Usage": 480,
                                                            "Workers": [
                                                                {
                                                                    "Worker Number": 0,
                                                                    "Actual Startup Time": 16.7,
                                                                    "Actual Total Time": 16.702,
                                                                    "Actual Rows": 47,
                                                                    "Actual Loops": 1
                                                                },
                                                                {
                                                                    "Worker Number": 1,
                                                                    "Actual Startup Time": 16.17,
                                                                    "Actual Total Time": 16.172,
                                                                    "Actual Rows": 66,
                                                                    "Actual Loops": 1
                                                                },
                                                                {
                                                                    "Worker Number": 2,
                                                                    "Actual Startup Time": 15.594,
                                                                    "Actual Total Time": 15.595,
                                                                    "Actual Rows": 39,
                                                                    "Actual Loops": 1
                                                                },
                                                                {
                                                                    "Worker Number": 3,
                                                                    "Actual Startup Time": 17.254,
                                                                    "Actual Total Time": 17.256,
                                                                    "Actual Rows": 31,
                                                                    "Actual Loops": 1
                                                                },
                                                                {
                                                                    "Worker Number": 4,
                                                                    "Actual Startup Time": 17.227,
                                                                    "Actual Total Time": 17.229,
                                                                    "Actual Rows": 41,
                                                                    "Actual Loops": 1
                                                                },
                                                                {
                                                                    "Worker Number": 5,
                                                                    "Actual Startup Time": 17.513,
                                                                    "Actual Total Time": 17.515,
                                                                    "Actual Rows": 29,
                                                                    "Actual Loops": 1
                                                                }
                                                            ],
                                                            "Plans": [
                                                                {
                                                                    "Node Type": "Bitmap Heap Scan",
                                                                    "Parent Relationship": "Outer",
                                                                    "Parallel Aware": true,
                                                                    "Relation Name": "movie_companies",
                                                                    "Schema": "public",
                                                                    "Alias": "mc",
                                                                    "Startup Cost": 785.72,
                                                                    "Total Cost": 19901.32,
                                                                    "Plan Rows": 5979,
                                                                    "Plan Width": 4,
                                                                    "Actual Startup Time": 16.706,
                                                                    "Actual Total Time": 17.535,
                                                                    "Actual Rows": 88,
                                                                    "Actual Loops": 7,
                                                                    "Output": [
                                                                        "mc.movie_id"
                                                                    ],
                                                                    "Recheck Cond": "(mc.company_id = 160)",
                                                                    "Rows Removed by Index Recheck": 0,
                                                                    "Filter": "(mc.company_type_id > 1)",
                                                                    "Rows Removed by Filter": 5074,
                                                                    "Exact Heap Blocks": 2367,
                                                                    "Lossy Heap Blocks": 0,
                                                                    "Workers": [
                                                                        {
                                                                            "Worker Number": 0,
                                                                            "Actual Startup Time": 15.602,
                                                                            "Actual Total Time": 16.51,
                                                                            "Actual Rows": 47,
                                                                            "Actual Loops": 1
                                                                        },
                                                                        {
                                                                            "Worker Number": 1,
                                                                            "Actual Startup Time": 15.077,
                                                                            "Actual Total Time": 15.839,
                                                                            "Actual Rows": 66,
                                                                            "Actual Loops": 1
                                                                        },
                                                                        {
                                                                            "Worker Number": 2,
                                                                            "Actual Startup Time": 14.499,
                                                                            "Actual Total Time": 15.281,
                                                                            "Actual Rows": 39,
                                                                            "Actual Loops": 1
                                                                        },
                                                                        {
                                                                            "Worker Number": 3,
                                                                            "Actual Startup Time": 16.124,
                                                                            "Actual Total Time": 16.86,
                                                                            "Actual Rows": 31,
                                                                            "Actual Loops": 1
                                                                        },
                                                                        {
                                                                            "Worker Number": 4,
                                                                            "Actual Startup Time": 16.131,
                                                                            "Actual Total Time": 16.962,
                                                                            "Actual Rows": 41,
                                                                            "Actual Loops": 1
                                                                        },
                                                                        {
                                                                            "Worker Number": 5,
                                                                            "Actual Startup Time": 16.271,
                                                                            "Actual Total Time": 17.149,
                                                                            "Actual Rows": 29,
                                                                            "Actual Loops": 1
                                                                        }
                                                                    ],
                                                                    "Plans": [
                                                                        {
                                                                            "Node Type": "Bitmap Index Scan",
                                                                            "Parent Relationship": "Outer",
                                                                            "Parallel Aware": false,
                                                                            "Index Name": "company_id_movie_companies",
                                                                            "Startup Cost": 0.0,
                                                                            "Total Cost": 781.08,
                                                                            "Plan Rows": 36354,
                                                                            "Plan Width": 0,
                                                                            "Actual Startup Time": 7.671,
                                                                            "Actual Total Time": 7.672,
                                                                            "Actual Rows": 36136,
                                                                            "Actual Loops": 1,
                                                                            "Index Cond": "(mc.company_id = 160)"
                                                                        }
                                                                    ]
                                                                }
                                                            ]
                                                        }
                                                    ]
                                                }
                                            ]
                                        }
                                    ]
                                }
                            ]
                        }
                    ]
                }
            ]
        },
        "Planning Time": 2214.121,
        "Triggers": [],
        "Execution Time": 1510.164
    }
]