{
    "Plan": {
        "Node Type": "Aggregate",
        "Strategy": "Plain",
        "Partial Mode": "Finalize",
        "Parallel Aware": false,
        "Startup Cost": 394047.32,
        "Total Cost": 394047.33,
        "Plan Rows": 1,
        "Plan Width": 8,
        "Actual Startup Time": 860.585,
        "Actual Total Time": 907.591,
        "Actual Rows": 1,
        "Actual Loops": 1,
        "Output": [
            "count(*)"
        ],
        "Plans": [
            {
                "Node Type": "Gather",
                "Parent Relationship": "Outer",
                "Parallel Aware": false,
                "Startup Cost": 394046.7,
                "Total Cost": 394047.31,
                "Plan Rows": 6,
                "Plan Width": 8,
                "Actual Startup Time": 859.265,
                "Actual Total Time": 907.58,
                "Actual Rows": 7,
                "Actual Loops": 1,
                "Output": [
                    "(PARTIAL count(*))"
                ],
                "Workers Planned": 6,
                "Workers Launched": 6,
                "Single Copy": false,
                "Plans": [
                    {
                        "Node Type": "Aggregate",
                        "Strategy": "Plain",
                        "Partial Mode": "Partial",
                        "Parent Relationship": "Outer",
                        "Parallel Aware": false,
                        "Startup Cost": 393046.7,
                        "Total Cost": 393046.71,
                        "Plan Rows": 1,
                        "Plan Width": 8,
                        "Actual Startup Time": 851.069,
                        "Actual Total Time": 851.072,
                        "Actual Rows": 1,
                        "Actual Loops": 7,
                        "Output": [
                            "PARTIAL count(*)"
                        ],
                        "Workers": [
                            {
                                "Worker Number": 0,
                                "Actual Startup Time": 846.961,
                                "Actual Total Time": 846.964,
                                "Actual Rows": 1,
                                "Actual Loops": 1
                            },
                            {
                                "Worker Number": 1,
                                "Actual Startup Time": 846.995,
                                "Actual Total Time": 846.998,
                                "Actual Rows": 1,
                                "Actual Loops": 1
                            },
                            {
                                "Worker Number": 2,
                                "Actual Startup Time": 852.582,
                                "Actual Total Time": 852.585,
                                "Actual Rows": 1,
                                "Actual Loops": 1
                            },
                            {
                                "Worker Number": 3,
                                "Actual Startup Time": 851.804,
                                "Actual Total Time": 851.807,
                                "Actual Rows": 1,
                                "Actual Loops": 1
                            },
                            {
                                "Worker Number": 4,
                                "Actual Startup Time": 848.244,
                                "Actual Total Time": 848.247,
                                "Actual Rows": 1,
                                "Actual Loops": 1
                            },
                            {
                                "Worker Number": 5,
                                "Actual Startup Time": 852.186,
                                "Actual Total Time": 852.189,
                                "Actual Rows": 1,
                                "Actual Loops": 1
                            }
                        ],
                        "Plans": [
                            {
                                "Node Type": "Hash Join",
                                "Parent Relationship": "Outer",
                                "Parallel Aware": true,
                                "Join Type": "Inner",
                                "Startup Cost": 44279.78,
                                "Total Cost": 392807.62,
                                "Plan Rows": 95630,
                                "Plan Width": 0,
                                "Actual Startup Time": 241.887,
                                "Actual Total Time": 849.703,
                                "Actual Rows": 26439,
                                "Actual Loops": 7,
                                "Inner Unique": true,
                                "Hash Cond": "(ci.movie_id = t.id)",
                                "Workers": [
                                    {
                                        "Worker Number": 0,
                                        "Actual Startup Time": 237.692,
                                        "Actual Total Time": 845.466,
                                        "Actual Rows": 18766,
                                        "Actual Loops": 1
                                    },
                                    {
                                        "Worker Number": 1,
                                        "Actual Startup Time": 238.061,
                                        "Actual Total Time": 845.633,
                                        "Actual Rows": 27234,
                                        "Actual Loops": 1
                                    },
                                    {
                                        "Worker Number": 2,
                                        "Actual Startup Time": 243.649,
                                        "Actual Total Time": 851.26,
                                        "Actual Rows": 27033,
                                        "Actual Loops": 1
                                    },
                                    {
                                        "Worker Number": 3,
                                        "Actual Startup Time": 242.318,
                                        "Actual Total Time": 850.547,
                                        "Actual Rows": 24876,
                                        "Actual Loops": 1
                                    },
                                    {
                                        "Worker Number": 4,
                                        "Actual Startup Time": 239.019,
                                        "Actual Total Time": 846.953,
                                        "Actual Rows": 25741,
                                        "Actual Loops": 1
                                    },
                                    {
                                        "Worker Number": 5,
                                        "Actual Startup Time": 242.791,
                                        "Actual Total Time": 850.859,
                                        "Actual Rows": 26551,
                                        "Actual Loops": 1
                                    }
                                ],
                                "Plans": [
                                    {
                                        "Node Type": "Seq Scan",
                                        "Parent Relationship": "Outer",
                                        "Parallel Aware": true,
                                        "Relation Name": "cast_info",
                                        "Schema": "public",
                                        "Alias": "ci",
                                        "Startup Cost": 0.0,
                                        "Total Cost": 343318.94,
                                        "Plan Rows": 1984339,
                                        "Plan Width": 4,
                                        "Actual Startup Time": 169.658,
                                        "Actual Total Time": 603.054,
                                        "Actual Rows": 1341667,
                                        "Actual Loops": 7,
                                        "Output": [
                                            "ci.id",
                                            "ci.person_id",
                                            "ci.movie_id",
                                            "ci.person_role_id",
                                            "ci.note",
                                            "ci.nr_order",
                                            "ci.role_id"
                                        ],
                                        "Filter": "((ci.person_id > 1469501) AND (ci.role_id < 3))",
                                        "Rows Removed by Filter": 3836096,
                                        "Workers": [
                                            {
                                                "Worker Number": 0,
                                                "Actual Startup Time": 169.644,
                                                "Actual Total Time": 604.812,
                                                "Actual Rows": 899401,
                                                "Actual Loops": 1
                                            },
                                            {
                                                "Worker Number": 1,
                                                "Actual Startup Time": 169.652,
                                                "Actual Total Time": 604.072,
                                                "Actual Rows": 1340773,
                                                "Actual Loops": 1
                                            },
                                            {
                                                "Worker Number": 2,
                                                "Actual Startup Time": 169.663,
                                                "Actual Total Time": 602.009,
                                                "Actual Rows": 1384707,
                                                "Actual Loops": 1
                                            },
                                            {
                                                "Worker Number": 3,
                                                "Actual Startup Time": 169.671,
                                                "Actual Total Time": 604.077,
                                                "Actual Rows": 1338846,
                                                "Actual Loops": 1
                                            },
                                            {
                                                "Worker Number": 4,
                                                "Actual Startup Time": 169.665,
                                                "Actual Total Time": 602.662,
                                                "Actual Rows": 1395583,
                                                "Actual Loops": 1
                                            },
                                            {
                                                "Worker Number": 5,
                                                "Actual Startup Time": 169.658,
                                                "Actual Total Time": 602.718,
                                                "Actual Rows": 1335648,
                                                "Actual Loops": 1
                                            }
                                        ]
                                    },
                                    {
                                        "Node Type": "Hash",
                                        "Parent Relationship": "Inner",
                                        "Parallel Aware": true,
                                        "Startup Cost": 43899.01,
                                        "Total Cost": 43899.01,
                                        "Plan Rows": 30462,
                                        "Plan Width": 4,
                                        "Actual Startup Time": 70.726,
                                        "Actual Total Time": 70.727,
                                        "Actual Rows": 17562,
                                        "Actual Loops": 7,
                                        "Output": [
                                            "t.id"
                                        ],
                                        "Hash Buckets": 131072,
                                        "Original Hash Buckets": 131072,
                                        "Hash Batches": 1,
                                        "Original Hash Batches": 1,
                                        "Peak Memory Usage": 5952,
                                        "Workers": [
                                            {
                                                "Worker Number": 0,
                                                "Actual Startup Time": 66.854,
                                                "Actual Total Time": 66.855,
                                                "Actual Rows": 11765,
                                                "Actual Loops": 1
                                            },
                                            {
                                                "Worker Number": 1,
                                                "Actual Startup Time": 67.134,
                                                "Actual Total Time": 67.135,
                                                "Actual Rows": 16640,
                                                "Actual Loops": 1
                                            },
                                            {
                                                "Worker Number": 2,
                                                "Actual Startup Time": 72.9,
                                                "Actual Total Time": 72.901,
                                                "Actual Rows": 18223,
                                                "Actual Loops": 1
                                            },
                                            {
                                                "Worker Number": 3,
                                                "Actual Startup Time": 72.06,
                                                "Actual Total Time": 72.061,
                                                "Actual Rows": 16965,
                                                "Actual Loops": 1
                                            },
                                            {
                                                "Worker Number": 4,
                                                "Actual Startup Time": 68.295,
                                                "Actual Total Time": 68.296,
                                                "Actual Rows": 17390,
                                                "Actual Loops": 1
                                            },
                                            {
                                                "Worker Number": 5,
                                                "Actual Startup Time": 72.458,
                                                "Actual Total Time": 72.459,
                                                "Actual Rows": 17095,
                                                "Actual Loops": 1
                                            }
                                        ],
                                        "Plans": [
                                            {
                                                "Node Type": "Seq Scan",
                                                "Parent Relationship": "Outer",
                                                "Parallel Aware": true,
                                                "Relation Name": "title",
                                                "Schema": "public",
                                                "Alias": "t",
                                                "Startup Cost": 0.0,
                                                "Total Cost": 43899.01,
                                                "Plan Rows": 30462,
                                                "Plan Width": 4,
                                                "Actual Startup Time": 37.179,
                                                "Actual Total Time": 63.881,
                                                "Actual Rows": 17562,
                                                "Actual Loops": 7,
                                                "Output": [
                                                    "t.id"
                                                ],
                                                "Filter": "(t.production_year < 1933)",
                                                "Rows Removed by Filter": 343626,
                                                "Workers": [
                                                    {
                                                        "Worker Number": 0,
                                                        "Actual Startup Time": 23.908,
                                                        "Actual Total Time": 60.613,
                                                        "Actual Rows": 11765,
                                                        "Actual Loops": 1
                                                    },
                                                    {
                                                        "Worker Number": 1,
                                                        "Actual Startup Time": 40.88,
                                                        "Actual Total Time": 60.698,
                                                        "Actual Rows": 16640,
                                                        "Actual Loops": 1
                                                    },
                                                    {
                                                        "Worker Number": 2,
                                                        "Actual Startup Time": 30.776,
                                                        "Actual Total Time": 66.443,
                                                        "Actual Rows": 18223,
                                                        "Actual Loops": 1
                                                    },
                                                    {
                                                        "Worker Number": 3,
                                                        "Actual Startup Time": 45.847,
                                                        "Actual Total Time": 65.156,
                                                        "Actual Rows": 16965,
                                                        "Actual Loops": 1
                                                    },
                                                    {
                                                        "Worker Number": 4,
                                                        "Actual Startup Time": 26.762,
                                                        "Actual Total Time": 61.388,
                                                        "Actual Rows": 17390,
                                                        "Actual Loops": 1
                                                    },
                                                    {
                                                        "Worker Number": 5,
                                                        "Actual Startup Time": 46.239,
                                                        "Actual Total Time": 65.523,
                                                        "Actual Rows": 17095,
                                                        "Actual Loops": 1
                                                    }
                                                ]
                                            }
                                        ]
                                    }
                                ]
                            }
                        ]
                    }
                ]
            }
        ]
    },
    "Planning Time": 0.483,
    "Triggers": [],
    "Execution Time": 907.654
}