[
    {
        "Bao": {
            "Bao prediction": 463.257,
            "Bao recommended hint": "SET enable_mergejoin TO off; "
        }
    },
    {
        "Plan": {
            "Node Type": "Aggregate",
            "Strategy": "Plain",
            "Partial Mode": "Finalize",
            "Parallel Aware": false,
            "Startup Cost": 31172.14,
            "Total Cost": 31172.15,
            "Plan Rows": 1,
            "Plan Width": 8,
            "Actual Startup Time": 102.775,
            "Actual Total Time": 107.75,
            "Actual Rows": 1,
            "Actual Loops": 1,
            "Output": [
                "count(*)"
            ],
            "Plans": [
                {
                    "Node Type": "Gather",
                    "Parent Relationship": "Outer",
                    "Parallel Aware": false,
                    "Startup Cost": 31171.82,
                    "Total Cost": 31172.13,
                    "Plan Rows": 3,
                    "Plan Width": 8,
                    "Actual Startup Time": 102.664,
                    "Actual Total Time": 107.744,
                    "Actual Rows": 4,
                    "Actual Loops": 1,
                    "Output": [
                        "(PARTIAL count(*))"
                    ],
                    "Workers Planned": 3,
                    "Workers Launched": 3,
                    "Single Copy": false,
                    "Plans": [
                        {
                            "Node Type": "Aggregate",
                            "Strategy": "Plain",
                            "Partial Mode": "Partial",
                            "Parent Relationship": "Outer",
                            "Parallel Aware": false,
                            "Startup Cost": 30171.82,
                            "Total Cost": 30171.83,
                            "Plan Rows": 1,
                            "Plan Width": 8,
                            "Actual Startup Time": 93.551,
                            "Actual Total Time": 93.552,
                            "Actual Rows": 1,
                            "Actual Loops": 4,
                            "Output": [
                                "PARTIAL count(*)"
                            ],
                            "Workers": [
                                {
                                    "Worker Number": 0,
                                    "Actual Startup Time": 91.411,
                                    "Actual Total Time": 91.413,
                                    "Actual Rows": 1,
                                    "Actual Loops": 1
                                },
                                {
                                    "Worker Number": 1,
                                    "Actual Startup Time": 89.053,
                                    "Actual Total Time": 89.054,
                                    "Actual Rows": 1,
                                    "Actual Loops": 1
                                },
                                {
                                    "Worker Number": 2,
                                    "Actual Startup Time": 91.648,
                                    "Actual Total Time": 91.649,
                                    "Actual Rows": 1,
                                    "Actual Loops": 1
                                }
                            ],
                            "Plans": [
                                {
                                    "Node Type": "Seq Scan",
                                    "Parent Relationship": "Outer",
                                    "Parallel Aware": true,
                                    "Relation Name": "movie_companies",
                                    "Schema": "public",
                                    "Alias": "mc",
                                    "Startup Cost": 0.0,
                                    "Total Cost": 29310.68,
                                    "Plan Rows": 344455,
                                    "Plan Width": 0,
                                    "Actual Startup Time": 23.131,
                                    "Actual Total Time": 80.626,
                                    "Actual Rows": 267727,
                                    "Actual Loops": 4,
                                    "Output": [
                                        "id",
                                        "movie_id",
                                        "company_id",
                                        "company_type_id",
                                        "note"
                                    ],
                                    "Filter": "(mc.company_id > 14490)",
                                    "Rows Removed by Filter": 384555,
                                    "Workers": [
                                        {
                                            "Worker Number": 0,
                                            "Actual Startup Time": 21.01,
                                            "Actual Total Time": 78.904,
                                            "Actual Rows": 280740,
                                            "Actual Loops": 1
                                        },
                                        {
                                            "Worker Number": 1,
                                            "Actual Startup Time": 18.608,
                                            "Actual Total Time": 76.472,
                                            "Actual Rows": 179256,
                                            "Actual Loops": 1
                                        },
                                        {
                                            "Worker Number": 2,
                                            "Actual Startup Time": 21.223,
                                            "Actual Total Time": 79.367,
                                            "Actual Rows": 275945,
                                            "Actual Loops": 1
                                        }
                                    ]
                                }
                            ]
                        }
                    ]
                }
            ]
        },
        "Planning Time": 543.71,
        "Triggers": [],
        "Execution Time": 107.828
    }
]