[
  {
    "Plan": {
      "Node Type": "Aggregate",
      "Strategy": "Plain",
      "Partial Mode": "Finalize",
      "Parallel Aware": false,
      "Startup Cost": 46649.33,
      "Total Cost": 46649.34,
      "Plan Rows": 1,
      "Plan Width": 8,
      "Actual Startup Time": 96.901,
      "Actual Total Time": 108.631,
      "Actual Rows": 1,
      "Actual Loops": 1,
      "Plans": [
        {
          "Node Type": "Gather",
          "Parent Relationship": "Outer",
          "Parallel Aware": false,
          "Startup Cost": 46648.91,
          "Total Cost": 46649.32,
          "Plan Rows": 4,
          "Plan Width": 8,
          "Actual Startup Time": 96.709,
          "Actual Total Time": 108.621,
          "Actual Rows": 5,
          "Actual Loops": 1,
          "Workers Planned": 4,
          "Workers Launched": 4,
          "Single Copy": false,
          "Plans": [
            {
              "Node Type": "Aggregate",
              "Strategy": "Plain",
              "Partial Mode": "Partial",
              "Parent Relationship": "Outer",
              "Parallel Aware": false,
              "Startup Cost": 45648.91,
              "Total Cost": 45648.92,
              "Plan Rows": 1,
              "Plan Width": 8,
              "Actual Startup Time": 89.199,
              "Actual Total Time": 89.2,
              "Actual Rows": 1,
              "Actual Loops": 5,
              "Plans": [
                {
                  "Node Type": "Seq Scan",
                  "Parent Relationship": "Outer",
                  "Parallel Aware": true,
                  "Relation Name": "title",
                  "Alias": "t",
                  "Startup Cost": 0.0,
                  "Total Cost": 45479.1,
                  "Plan Rows": 67923,
                  "Plan Width": 0,
                  "Actual Startup Time": 0.055,
                  "Actual Total Time": 86.527,
                  "Actual Rows": 45998,
                  "Actual Loops": 5,
                  "Filter": "((kind_id < 3) AND (production_year > 2006))",
                  "Rows Removed by Filter": 459664
                }
              ]
            }
          ]
        }
      ]
    },
    "Planning Time": 0.196,
    "Triggers": [],
    "Execution Time": 108.698
  }
]