[
  {
    "Plan": {
      "Node Type": "Aggregate",
      "Strategy": "Plain",
      "Partial Mode": "Finalize",
      "Parallel Aware": false,
      "Startup Cost": 361978.63,
      "Total Cost": 361978.64,
      "Plan Rows": 1,
      "Plan Width": 8,
      "Actual Startup Time": 325.151,
      "Actual Total Time": 374.808,
      "Actual Rows": 1,
      "Actual Loops": 1,
      "Plans": [
        {
          "Node Type": "Gather",
          "Parent Relationship": "Outer",
          "Parallel Aware": false,
          "Startup Cost": 361978.21,
          "Total Cost": 361978.62,
          "Plan Rows": 4,
          "Plan Width": 8,
          "Actual Startup Time": 324.847,
          "Actual Total Time": 374.796,
          "Actual Rows": 5,
          "Actual Loops": 1,
          "Workers Planned": 4,
          "Workers Launched": 4,
          "Single Copy": false,
          "Plans": [
            {
              "Node Type": "Aggregate",
              "Strategy": "Plain",
              "Partial Mode": "Partial",
              "Parent Relationship": "Outer",
              "Parallel Aware": false,
              "Startup Cost": 360978.21,
              "Total Cost": 360978.22,
              "Plan Rows": 1,
              "Plan Width": 8,
              "Actual Startup Time": 314.627,
              "Actual Total Time": 314.629,
              "Actual Rows": 1,
              "Actual Loops": 5,
              "Plans": [
                {
                  "Node Type": "Nested Loop",
                  "Parent Relationship": "Outer",
                  "Parallel Aware": false,
                  "Join Type": "Inner",
                  "Startup Cost": 2195.81,
                  "Total Cost": 360615.27,
                  "Plan Rows": 145179,
                  "Plan Width": 0,
                  "Actual Startup Time": 15.01,
                  "Actual Total Time": 308.417,
                  "Actual Rows": 74921,
                  "Actual Loops": 5,
                  "Inner Unique": false,
                  "Plans": [
                    {
                      "Node Type": "Bitmap Heap Scan",
                      "Parent Relationship": "Outer",
                      "Parallel Aware": true,
                      "Relation Name": "title",
                      "Alias": "t",
                      "Startup Cost": 2195.24,
                      "Total Cost": 38651.5,
                      "Plan Rows": 14304,
                      "Plan Width": 4,
                      "Actual Startup Time": 14.76,
                      "Actual Total Time": 33.093,
                      "Actual Rows": 7868,
                      "Actual Loops": 5,
                      "Recheck Cond": "(kind_id = 4)",
                      "Rows Removed by Index Recheck": 0,
                      "Filter": "(production_year < 2003)",
                      "Rows Removed by Filter": 15778,
                      "Exact Heap Blocks": 4348,
                      "Lossy Heap Blocks": 0,
                      "Plans": [
                        {
                          "Node Type": "Bitmap Index Scan",
                          "Parent Relationship": "Outer",
                          "Parallel Aware": false,
                          "Index Name": "kind_id_title",
                          "Startup Cost": 0.0,
                          "Total Cost": 2180.94,
                          "Plan Rows": 122201,
                          "Plan Width": 0,
                          "Actual Startup Time": 19.098,
                          "Actual Total Time": 19.099,
                          "Actual Rows": 118234,
                          "Actual Loops": 1,
                          "Index Cond": "(kind_id = 4)"
                        }
                      ]
                    },
                    {
                      "Node Type": "Index Scan",
                      "Parent Relationship": "Inner",
                      "Parallel Aware": false,
                      "Scan Direction": "Forward",
                      "Index Name": "movie_id_cast_info",
                      "Relation Name": "cast_info",
                      "Alias": "ci",
                      "Startup Cost": 0.56,
                      "Total Cost": 22.25,
                      "Plan Rows": 26,
                      "Plan Width": 4,
                      "Actual Startup Time": 0.009,
                      "Actual Total Time": 0.034,
                      "Actual Rows": 10,
                      "Actual Loops": 39342,
                      "Index Cond": "(movie_id = t.id)",
                      "Rows Removed by Index Recheck": 0,
                      "Filter": "(person_id < 2664815)",
                      "Rows Removed by Filter": 2
                    }
                  ]
                }
              ]
            }
          ]
        }
      ]
    },
    "Planning Time": 0.662,
    "Triggers": [],
    "Execution Time": 374.925
  }
]