[
  {
    "Plan": {
      "Node Type": "Aggregate",
      "Strategy": "Plain",
      "Partial Mode": "Simple",
      "Parallel Aware": false,
      "Startup Cost": 21583.42,
      "Total Cost": 21583.43,
      "Plan Rows": 1,
      "Plan Width": 8,
      "Actual Startup Time": 17.615,
      "Actual Total Time": 17.617,
      "Actual Rows": 1,
      "Actual Loops": 1,
      "Plans": [
        {
          "Node Type": "Bitmap Heap Scan",
          "Parent Relationship": "Outer",
          "Parallel Aware": false,
          "Relation Name": "movie_keyword",
          "Alias": "mk",
          "Startup Cost": 277.15,
          "Total Cost": 21550.93,
          "Plan Rows": 12996,
          "Plan Width": 0,
          "Actual Startup Time": 3.636,
          "Actual Total Time": 16.004,
          "Actual Rows": 11150,
          "Actual Loops": 1,
          "Recheck Cond": "(keyword_id > 124115)",
          "Rows Removed by Index Recheck": 0,
          "Exact Heap Blocks": 3509,
          "Lossy Heap Blocks": 0,
          "Plans": [
            {
              "Node Type": "Bitmap Index Scan",
              "Parent Relationship": "Outer",
              "Parallel Aware": false,
              "Index Name": "keyword_id_movie_keyword",
              "Startup Cost": 0.0,
              "Total Cost": 273.9,
              "Plan Rows": 12996,
              "Plan Width": 0,
              "Actual Startup Time": 2.195,
              "Actual Total Time": 2.196,
              "Actual Rows": 11150,
              "Actual Loops": 1,
              "Index Cond": "(keyword_id > 124115)"
            }
          ]
        }
      ]
    },
    "Planning Time": 0.253,
    "Triggers": [],
    "Execution Time": 17.681
  }
]