[
  {
    "Plan": {
      "Node Type": "Aggregate",
      "Strategy": "Plain",
      "Partial Mode": "Finalize",
      "Parallel Aware": false,
      "Startup Cost": 404613.65,
      "Total Cost": 404613.66,
      "Plan Rows": 1,
      "Plan Width": 8,
      "Actual Startup Time": 2829.467,
      "Actual Total Time": 2897.993,
      "Actual Rows": 1,
      "Actual Loops": 1,
      "Plans": [
        {
          "Node Type": "Gather",
          "Parent Relationship": "Outer",
          "Parallel Aware": false,
          "Startup Cost": 404613.02,
          "Total Cost": 404613.63,
          "Plan Rows": 6,
          "Plan Width": 8,
          "Actual Startup Time": 2822.016,
          "Actual Total Time": 2897.982,
          "Actual Rows": 7,
          "Actual Loops": 1,
          "Workers Planned": 6,
          "Workers Launched": 6,
          "Single Copy": false,
          "Plans": [
            {
              "Node Type": "Aggregate",
              "Strategy": "Plain",
              "Partial Mode": "Partial",
              "Parent Relationship": "Outer",
              "Parallel Aware": false,
              "Startup Cost": 403613.02,
              "Total Cost": 403613.03,
              "Plan Rows": 1,
              "Plan Width": 8,
              "Actual Startup Time": 2799.034,
              "Actual Total Time": 2799.037,
              "Actual Rows": 1,
              "Actual Loops": 7,
              "Plans": [
                {
                  "Node Type": "Hash Join",
                  "Parent Relationship": "Outer",
                  "Parallel Aware": true,
                  "Join Type": "Inner",
                  "Startup Cost": 51580.92,
                  "Total Cost": 392136.6,
                  "Plan Rows": 4590569,
                  "Plan Width": 0,
                  "Actual Startup Time": 336.19,
                  "Actual Total Time": 2634.095,
                  "Actual Rows": 3980088,
                  "Actual Loops": 7,
                  "Inner Unique": true,
                  "Hash Cond": "(ci.movie_id = t.id)",
                  "Plans": [
                    {
                      "Node Type": "Seq Scan",
                      "Parent Relationship": "Outer",
                      "Parallel Aware": true,
                      "Relation Name": "cast_info",
                      "Alias": "ci",
                      "Startup Cost": 0.0,
                      "Total Cost": 328162.03,
                      "Plan Rows": 4721385,
                      "Plan Width": 4,
                      "Actual Startup Time": 79.1,
                      "Actual Total Time": 617.782,
                      "Actual Rows": 4027381,
                      "Actual Loops": 7,
                      "Filter": "(person_id > 787801)",
                      "Rows Removed by Filter": 1150383
                    },
                    {
                      "Node Type": "Hash",
                      "Parent Relationship": "Inner",
                      "Parallel Aware": true,
                      "Startup Cost": 43898.92,
                      "Total Cost": 43898.92,
                      "Plan Rows": 614560,
                      "Plan Width": 4,
                      "Actual Startup Time": 250.148,
                      "Actual Total Time": 250.148,
                      "Actual Rows": 350888,
                      "Actual Loops": 7,
                      "Hash Buckets": 4194304,
                      "Original Hash Buckets": 4194304,
                      "Hash Batches": 1,
                      "Original Hash Batches": 1,
                      "Peak Memory Usage": 128992,
                      "Plans": [
                        {
                          "Node Type": "Seq Scan",
                          "Parent Relationship": "Outer",
                          "Parallel Aware": true,
                          "Relation Name": "title",
                          "Alias": "t",
                          "Startup Cost": 0.0,
                          "Total Cost": 43898.92,
                          "Plan Rows": 614560,
                          "Plan Width": 4,
                          "Actual Startup Time": 0.04,
                          "Actual Total Time": 80.858,
                          "Actual Rows": 350888,
                          "Actual Loops": 7,
                          "Filter": "(production_year > 0)",
                          "Rows Removed by Filter": 10299
                        }
                      ]
                    }
                  ]
                }
              ]
            }
          ]
        }
      ]
    },
    "Planning Time": 0.542,
    "Triggers": [],
    "Execution Time": 2898.108
  }
]