[
  {
    "Plan": {
      "Node Type": "Aggregate",
      "Strategy": "Plain",
      "Partial Mode": "Finalize",
      "Parallel Aware": false,
      "Startup Cost": 115470.88,
      "Total Cost": 115470.89,
      "Plan Rows": 1,
      "Plan Width": 8,
      "Actual Startup Time": 1414.288,
      "Actual Total Time": 1438.637,
      "Actual Rows": 1,
      "Actual Loops": 1,
      "Plans": [
        {
          "Node Type": "Gather",
          "Parent Relationship": "Outer",
          "Parallel Aware": false,
          "Startup Cost": 115470.66,
          "Total Cost": 115470.87,
          "Plan Rows": 2,
          "Plan Width": 8,
          "Actual Startup Time": 1399.244,
          "Actual Total Time": 1438.629,
          "Actual Rows": 3,
          "Actual Loops": 1,
          "Workers Planned": 2,
          "Workers Launched": 2,
          "Single Copy": false,
          "Plans": [
            {
              "Node Type": "Aggregate",
              "Strategy": "Plain",
              "Partial Mode": "Partial",
              "Parent Relationship": "Outer",
              "Parallel Aware": false,
              "Startup Cost": 114470.66,
              "Total Cost": 114470.67,
              "Plan Rows": 1,
              "Plan Width": 8,
              "Actual Startup Time": 1391.081,
              "Actual Total Time": 1391.088,
              "Actual Rows": 1,
              "Actual Loops": 3,
              "Plans": [
                {
                  "Node Type": "Hash Join",
                  "Parent Relationship": "Outer",
                  "Parallel Aware": true,
                  "Join Type": "Inner",
                  "Startup Cost": 97585.0,
                  "Total Cost": 114014.74,
                  "Plan Rows": 182369,
                  "Plan Width": 0,
                  "Actual Startup Time": 1119.867,
                  "Actual Total Time": 1351.698,
                  "Actual Rows": 579515,
                  "Actual Loops": 3,
                  "Inner Unique": false,
                  "Hash Cond": "(mi_idx.movie_id = t.id)",
                  "Plans": [
                    {
                      "Node Type": "Seq Scan",
                      "Parent Relationship": "Outer",
                      "Parallel Aware": true,
                      "Relation Name": "movie_info_idx",
                      "Alias": "mi_idx",
                      "Startup Cost": 0.0,
                      "Total Cost": 13685.15,
                      "Plan Rows": 575015,
                      "Plan Width": 4,
                      "Actual Startup Time": 0.042,
                      "Actual Total Time": 66.77,
                      "Actual Rows": 460012,
                      "Actual Loops": 3
                    },
                    {
                      "Node Type": "Hash",
                      "Parent Relationship": "Inner",
                      "Parallel Aware": true,
                      "Startup Cost": 94351.52,
                      "Total Cost": 94351.52,
                      "Plan Rows": 258678,
                      "Plan Width": 8,
                      "Actual Startup Time": 1106.305,
                      "Actual Total Time": 1106.311,
                      "Actual Rows": 247841,
                      "Actual Loops": 3,
                      "Hash Buckets": 1048576,
                      "Original Hash Buckets": 1048576,
                      "Hash Batches": 1,
                      "Original Hash Batches": 1,
                      "Peak Memory Usage": 37312,
                      "Plans": [
                        {
                          "Node Type": "Hash Join",
                          "Parent Relationship": "Outer",
                          "Parallel Aware": true,
                          "Join Type": "Inner",
                          "Startup Cost": 50888.18,
                          "Total Cost": 94351.52,
                          "Plan Rows": 258678,
                          "Plan Width": 8,
                          "Actual Startup Time": 692.735,
                          "Actual Total Time": 1004.676,
                          "Actual Rows": 247841,
                          "Actual Loops": 3,
                          "Inner Unique": true,
                          "Hash Cond": "(mk.movie_id = t.id)",
                          "Plans": [
                            {
                              "Node Type": "Seq Scan",
                              "Parent Relationship": "Outer",
                              "Parallel Aware": true,
                              "Relation Name": "movie_keyword",
                              "Alias": "mk",
                              "Startup Cost": 0.0,
                              "Total Cost": 42695.65,
                              "Plan Rows": 292451,
                              "Plan Width": 4,
                              "Actual Startup Time": 3.186,
                              "Actual Total Time": 195.33,
                              "Actual Rows": 299120,
                              "Actual Loops": 3,
                              "Filter": "(keyword_id > 20580)",
                              "Rows Removed by Filter": 1208857
                            },
                            {
                              "Node Type": "Hash",
                              "Parent Relationship": "Inner",
                              "Parallel Aware": true,
                              "Startup Cost": 43899.32,
                              "Total Cost": 43899.32,
                              "Plan Rows": 559109,
                              "Plan Width": 4,
                              "Actual Startup Time": 677.591,
                              "Actual Total Time": 677.593,
                              "Actual Rows": 741778,
                              "Actual Loops": 3,
                              "Hash Buckets": 4194304,
                              "Original Hash Buckets": 4194304,
                              "Hash Batches": 1,
                              "Original Hash Batches": 1,
                              "Peak Memory Usage": 119904,
                              "Plans": [
                                {
                                  "Node Type": "Seq Scan",
                                  "Parent Relationship": "Outer",
                                  "Parallel Aware": true,
                                  "Relation Name": "title",
                                  "Alias": "t",
                                  "Startup Cost": 0.0,
                                  "Total Cost": 43899.32,
                                  "Plan Rows": 559109,
                                  "Plan Width": 4,
                                  "Actual Startup Time": 0.055,
                                  "Actual Total Time": 224.347,
                                  "Actual Rows": 741778,
                                  "Actual Loops": 3,
                                  "Filter": "(production_year > 1958)",
                                  "Rows Removed by Filter": 100992
                                }
                              ]
                            }
                          ]
                        }
                      ]
                    }
                  ]
                }
              ]
            }
          ]
        }
      ]
    },
    "Planning Time": 0.943,
    "Triggers": [],
    "Execution Time": 1438.698
  }
]