{
  "Plan": {
    "Node Type": "Aggregate",
    "Strategy": "Plain",
    "Partial Mode": "Simple",
    "Parallel Aware": false,
    "Startup Cost": 500942.12,
    "Total Cost": 500942.13,
    "Plan Rows": 1,
    "Plan Width": 64,
    "Actual Startup Time": 3053.944,
    "Actual Total Time": 3099.2,
    "Actual Rows": 1,
    "Actual Loops": 1,
    "Plans": [
      {
        "Node Type": "Gather",
        "Parent Relationship": "Outer",
        "Parallel Aware": false,
        "Startup Cost": 140658.27,
        "Total Cost": 500942.12,
        "Plan Rows": 1,
        "Plan Width": 23,
        "Actual Startup Time": 2706.769,
        "Actual Total Time": 3098.616,
        "Actual Rows": 4115,
        "Actual Loops": 1,
        "Workers Planned": 1,
        "Workers Launched": 1,
        "Single Copy": false,
        "Plans": [
          {
            "Node Type": "Hash Join",
            "Parent Relationship": "Outer",
            "Parallel Aware": false,
            "Join Type": "Inner",
            "Startup Cost": 139658.27,
            "Total Cost": 499942.02,
            "Plan Rows": 1,
            "Plan Width": 23,
            "Actual Startup Time": 2697.074,
            "Actual Total Time": 3045.399,
            "Actual Rows": 2058,
            "Actual Loops": 2,
            "Inner Unique": true,
            "Hash Cond": "(mi.info_type_id = it1.id)",
            "Plans": [
              {
                "Node Type": "Hash Join",
                "Parent Relationship": "Outer",
                "Parallel Aware": true,
                "Join Type": "Inner",
                "Startup Cost": 139655.84,
                "Total Cost": 499939.59,
                "Plan Rows": 1,
                "Plan Width": 27,
                "Actual Startup Time": 1119.234,
                "Actual Total Time": 3044.345,
                "Actual Rows": 2354,
                "Actual Loops": 2,
                "Inner Unique": false,
                "Hash Cond": "(mi.movie_id = t.id)",
                "Plans": [
                  {
                    "Node Type": "Seq Scan",
                    "Parent Relationship": "Outer",
                    "Parallel Aware": true,
                    "Relation Name": "movie_info",
                    "Alias": "mi",
                    "Startup Cost": 0.0,
                    "Total Cost": 358782.05,
                    "Plan Rows": 400449,
                    "Plan Width": 8,
                    "Actual Startup Time": 0.918,
                    "Actual Total Time": 1894.374,
                    "Actual Rows": 358105,
                    "Actual Loops": 2,
                    "Filter": "(info = ANY ('{Sweden,Norway,Germany,Denmark,Swedish,Danish,Norwegian,German,USA,American}'::text[]))",
                    "Rows Removed by Filter": 7059755
                  },
                  {
                    "Node Type": "Hash",
                    "Parent Relationship": "Inner",
                    "Parallel Aware": true,
                    "Startup Cost": 139655.83,
                    "Total Cost": 139655.83,
                    "Plan Rows": 1,
                    "Plan Width": 35,
                    "Actual Startup Time": 1113.727,
                    "Actual Total Time": 1113.741,
                    "Actual Rows": 2974,
                    "Actual Loops": 2,
                    "Hash Buckets": 8192,
                    "Original Hash Buckets": 1024,
                    "Hash Batches": 1,
                    "Original Hash Batches": 1,
                    "Peak Memory Usage": 568,
                    "Plans": [
                      {
                        "Node Type": "Hash Join",
                        "Parent Relationship": "Outer",
                        "Parallel Aware": false,
                        "Join Type": "Inner",
                        "Startup Cost": 118614.27,
                        "Total Cost": 139655.83,
                        "Plan Rows": 1,
                        "Plan Width": 35,
                        "Actual Startup Time": 911.454,
                        "Actual Total Time": 1108.232,
                        "Actual Rows": 2974,
                        "Actual Loops": 2,
                        "Inner Unique": true,
                        "Hash Cond": "(t.kind_id = kt.id)",
                        "Plans": [
                          {
                            "Node Type": "Hash Join",
                            "Parent Relationship": "Outer",
                            "Parallel Aware": false,
                            "Join Type": "Inner",
                            "Startup Cost": 118613.16,
                            "Total Cost": 139654.72,
                            "Plan Rows": 1,
                            "Plan Width": 39,
                            "Actual Startup Time": 910.208,
                            "Actual Total Time": 1107.314,
                            "Actual Rows": 3636,
                            "Actual Loops": 2,
                            "Inner Unique": true,
                            "Hash Cond": "(mi_idx.info_type_id = it2.id)",
                            "Plans": [
                              {
                                "Node Type": "Hash Join",
                                "Parent Relationship": "Outer",
                                "Parallel Aware": true,
                                "Join Type": "Inner",
                                "Startup Cost": 118610.74,
                                "Total Cost": 139652.25,
                                "Plan Rows": 17,
                                "Plan Width": 43,
                                "Actual Startup Time": 910.121,
                                "Actual Total Time": 1105.584,
                                "Actual Rows": 10884,
                                "Actual Loops": 2,
                                "Inner Unique": false,
                                "Hash Cond": "(mi_idx.movie_id = t.id)",
                                "Plans": [
                                  {
                                    "Node Type": "Seq Scan",
                                    "Parent Relationship": "Outer",
                                    "Parallel Aware": true,
                                    "Relation Name": "movie_info_idx",
                                    "Alias": "mi_idx",
                                    "Startup Cost": 0.0,
                                    "Total Cost": 18082.32,
                                    "Plan Rows": 789092,
                                    "Plan Width": 14,
                                    "Actual Startup Time": 0.032,
                                    "Actual Total Time": 126.017,
                                    "Actual Rows": 668817,
                                    "Actual Loops": 2,
                                    "Filter": "(info < '8.5'::text)",
                                    "Rows Removed by Filter": 21200
                                  },
                                  {
                                    "Node Type": "Hash",
                                    "Parent Relationship": "Inner",
                                    "Parallel Aware": true,
                                    "Startup Cost": 118610.34,
                                    "Total Cost": 118610.34,
                                    "Plan Rows": 32,
                                    "Plan Width": 29,
                                    "Actual Startup Time": 909.6,
                                    "Actual Total Time": 909.607,
                                    "Actual Rows": 4870,
                                    "Actual Loops": 2,
                                    "Hash Buckets": 16384,
                                    "Original Hash Buckets": 1024,
                                    "Hash Batches": 1,
                                    "Original Hash Batches": 1,
                                    "Peak Memory Usage": 888,
                                    "Plans": [
                                      {
                                        "Node Type": "Hash Join",
                                        "Parent Relationship": "Outer",
                                        "Parallel Aware": true,
                                        "Join Type": "Inner",
                                        "Startup Cost": 61013.64,
                                        "Total Cost": 118610.34,
                                        "Plan Rows": 32,
                                        "Plan Width": 29,
                                        "Actual Startup Time": 576.198,
                                        "Actual Total Time": 898.715,
                                        "Actual Rows": 4870,
                                        "Actual Loops": 2,
                                        "Inner Unique": false,
                                        "Hash Cond": "(t.id = mk.movie_id)",
                                        "Plans": [
                                          {
                                            "Node Type": "Seq Scan",
                                            "Parent Relationship": "Outer",
                                            "Parallel Aware": true,
                                            "Relation Name": "title",
                                            "Alias": "t",
                                            "Startup Cost": 0.0,
                                            "Total Cost": 54589.98,
                                            "Plan Rows": 601305,
                                            "Plan Width": 25,
                                            "Actual Startup Time": 0.014,
                                            "Actual Total Time": 223.839,
                                            "Actual Rows": 506460,
                                            "Actual Loops": 2,
                                            "Filter": "(production_year > 2005)",
                                            "Rows Removed by Filter": 757696
                                          },
                                          {
                                            "Node Type": "Hash",
                                            "Parent Relationship": "Inner",
                                            "Parallel Aware": true,
                                            "Startup Cost": 61012.65,
                                            "Total Cost": 61012.65,
                                            "Plan Rows": 79,
                                            "Plan Width": 4,
                                            "Actual Startup Time": 575.925,
                                            "Actual Total Time": 575.929,
                                            "Actual Rows": 18546,
                                            "Actual Loops": 2,
                                            "Hash Buckets": 65536,
                                            "Original Hash Buckets": 1024,
                                            "Hash Batches": 1,
                                            "Original Hash Batches": 1,
                                            "Peak Memory Usage": 2488,
                                            "Plans": [
                                              {
                                                "Node Type": "Hash Join",
                                                "Parent Relationship": "Outer",
                                                "Parallel Aware": false,
                                                "Join Type": "Inner",
                                                "Startup Cost": 2961.6,
                                                "Total Cost": 61012.65,
                                                "Plan Rows": 79,
                                                "Plan Width": 4,
                                                "Actual Startup Time": 36.661,
                                                "Actual Total Time": 515.685,
                                                "Actual Rows": 18546,
                                                "Actual Loops": 2,
                                                "Inner Unique": true,
                                                "Hash Cond": "(mk.keyword_id = k.id)",
                                                "Plans": [
                                                  {
                                                    "Node Type": "Seq Scan",
                                                    "Parent Relationship": "Outer",
                                                    "Parallel Aware": true,
                                                    "Relation Name": "movie_keyword",
                                                    "Alias": "mk",
                                                    "Startup Cost": 0.0,
                                                    "Total Cost": 51065.35,
                                                    "Plan Rows": 2661135,
                                                    "Plan Width": 8,
                                                    "Actual Startup Time": 0.029,
                                                    "Actual Total Time": 248.415,
                                                    "Actual Rows": 2261965,
                                                    "Actual Loops": 2
                                                  },
                                                  {
                                                    "Node Type": "Hash",
                                                    "Parent Relationship": "Inner",
                                                    "Parallel Aware": false,
                                                    "Startup Cost": 2961.55,
                                                    "Total Cost": 2961.55,
                                                    "Plan Rows": 4,
                                                    "Plan Width": 4,
                                                    "Actual Startup Time": 36.523,
                                                    "Actual Total Time": 36.524,
                                                    "Actual Rows": 3,
                                                    "Actual Loops": 2,
                                                    "Hash Buckets": 1024,
                                                    "Original Hash Buckets": 1024,
                                                    "Hash Batches": 1,
                                                    "Original Hash Batches": 1,
                                                    "Peak Memory Usage": 9,
                                                    "Plans": [
                                                      {
                                                        "Node Type": "Seq Scan",
                                                        "Parent Relationship": "Outer",
                                                        "Parallel Aware": false,
                                                        "Relation Name": "keyword",
                                                        "Alias": "k",
                                                        "Startup Cost": 0.0,
                                                        "Total Cost": 2961.55,
                                                        "Plan Rows": 4,
                                                        "Plan Width": 4,
                                                        "Actual Startup Time": 2.863,
                                                        "Actual Total Time": 36.513,
                                                        "Actual Rows": 3,
                                                        "Actual Loops": 2,
                                                        "Filter": "((keyword IS NOT NULL) AND (keyword = ANY ('{murder,murder-in-title,blood,violence}'::text[])))",
                                                        "Rows Removed by Filter": 134167
                                                      }
                                                    ]
                                                  }
                                                ]
                                              }
                                            ]
                                          }
                                        ]
                                      }
                                    ]
                                  }
                                ]
                              },
                              {
                                "Node Type": "Hash",
                                "Parent Relationship": "Inner",
                                "Parallel Aware": false,
                                "Startup Cost": 2.41,
                                "Total Cost": 2.41,
                                "Plan Rows": 1,
                                "Plan Width": 4,
                                "Actual Startup Time": 0.047,
                                "Actual Total Time": 0.048,
                                "Actual Rows": 1,
                                "Actual Loops": 2,
                                "Hash Buckets": 1024,
                                "Original Hash Buckets": 1024,
                                "Hash Batches": 1,
                                "Original Hash Batches": 1,
                                "Peak Memory Usage": 9,
                                "Plans": [
                                  {
                                    "Node Type": "Seq Scan",
                                    "Parent Relationship": "Outer",
                                    "Parallel Aware": false,
                                    "Relation Name": "info_type",
                                    "Alias": "it2",
                                    "Startup Cost": 0.0,
                                    "Total Cost": 2.41,
                                    "Plan Rows": 1,
                                    "Plan Width": 4,
                                    "Actual Startup Time": 0.035,
                                    "Actual Total Time": 0.04,
                                    "Actual Rows": 1,
                                    "Actual Loops": 2,
                                    "Filter": "((info)::text = 'rating'::text)",
                                    "Rows Removed by Filter": 112
                                  }
                                ]
                              }
                            ]
                          },
                          {
                            "Node Type": "Hash",
                            "Parent Relationship": "Inner",
                            "Parallel Aware": false,
                            "Startup Cost": 1.09,
                            "Total Cost": 1.09,
                            "Plan Rows": 2,
                            "Plan Width": 4,
                            "Actual Startup Time": 0.063,
                            "Actual Total Time": 0.064,
                            "Actual Rows": 2,
                            "Actual Loops": 2,
                            "Hash Buckets": 1024,
                            "Original Hash Buckets": 1024,
                            "Hash Batches": 1,
                            "Original Hash Batches": 1,
                            "Peak Memory Usage": 9,
                            "Plans": [
                              {
                                "Node Type": "Seq Scan",
                                "Parent Relationship": "Outer",
                                "Parallel Aware": false,
                                "Relation Name": "kind_type",
                                "Alias": "kt",
                                "Startup Cost": 0.0,
                                "Total Cost": 1.09,
                                "Plan Rows": 2,
                                "Plan Width": 4,
                                "Actual Startup Time": 0.042,
                                "Actual Total Time": 0.047,
                                "Actual Rows": 2,
                                "Actual Loops": 2,
                                "Filter": "((kind)::text = ANY ('{movie,episode}'::text[]))",
                                "Rows Removed by Filter": 5
                              }
                            ]
                          }
                        ]
                      }
                    ]
                  }
                ]
              },
              {
                "Node Type": "Hash",
                "Parent Relationship": "Inner",
                "Parallel Aware": false,
                "Startup Cost": 2.41,
                "Total Cost": 2.41,
                "Plan Rows": 1,
                "Plan Width": 4,
                "Actual Startup Time": 0.096,
                "Actual Total Time": 0.097,
                "Actual Rows": 1,
                "Actual Loops": 2,
                "Hash Buckets": 1024,
                "Original Hash Buckets": 1024,
                "Hash Batches": 1,
                "Original Hash Batches": 1,
                "Peak Memory Usage": 9,
                "Plans": [
                  {
                    "Node Type": "Seq Scan",
                    "Parent Relationship": "Outer",
                    "Parallel Aware": false,
                    "Relation Name": "info_type",
                    "Alias": "it1",
                    "Startup Cost": 0.0,
                    "Total Cost": 2.41,
                    "Plan Rows": 1,
                    "Plan Width": 4,
                    "Actual Startup Time": 0.057,
                    "Actual Total Time": 0.079,
                    "Actual Rows": 1,
                    "Actual Loops": 2,
                    "Filter": "((info)::text = 'countries'::text)",
                    "Rows Removed by Filter": 112
                  }
                ]
              }
            ]
          }
        ]
      }
    ]
  },
  "Planning Time": 1.852,
  "Triggers": [],
  "Execution Time": 3099.373
}