[
  {
    "Plan": {
      "Node Type": "Aggregate",
      "Strategy": "Plain",
      "Partial Mode": "Finalize",
      "Parallel Aware": false,
      "Startup Cost": 637854.23,
      "Total Cost": 637854.24,
      "Plan Rows": 1,
      "Plan Width": 8,
      "Actual Startup Time": 8501.764,
      "Actual Total Time": 8576.846,
      "Actual Rows": 1,
      "Actual Loops": 1,
      "Plans": [
        {
          "Node Type": "Gather",
          "Parent Relationship": "Outer",
          "Parallel Aware": false,
          "Startup Cost": 637853.6,
          "Total Cost": 637854.21,
          "Plan Rows": 6,
          "Plan Width": 8,
          "Actual Startup Time": 8450.468,
          "Actual Total Time": 8576.825,
          "Actual Rows": 7,
          "Actual Loops": 1,
          "Workers Planned": 6,
          "Workers Launched": 6,
          "Single Copy": false,
          "Plans": [
            {
              "Node Type": "Aggregate",
              "Strategy": "Plain",
              "Partial Mode": "Partial",
              "Parent Relationship": "Outer",
              "Parallel Aware": false,
              "Startup Cost": 636853.6,
              "Total Cost": 636853.61,
              "Plan Rows": 1,
              "Plan Width": 8,
              "Actual Startup Time": 8429.675,
              "Actual Total Time": 8430.544,
              "Actual Rows": 1,
              "Actual Loops": 7,
              "Plans": [
                {
                  "Node Type": "Hash Join",
                  "Parent Relationship": "Outer",
                  "Parallel Aware": true,
                  "Join Type": "Inner",
                  "Startup Cost": 262662.37,
                  "Total Cost": 615474.87,
                  "Plan Rows": 8551492,
                  "Plan Width": 0,
                  "Actual Startup Time": 1291.635,
                  "Actual Total Time": 7288.561,
                  "Actual Rows": 28882927,
                  "Actual Loops": 7,
                  "Inner Unique": false,
                  "Hash Cond": "(ci.movie_id = t.id)",
                  "Plans": [
                    {
                      "Node Type": "Seq Scan",
                      "Parent Relationship": "Outer",
                      "Parallel Aware": true,
                      "Relation Name": "cast_info",
                      "Alias": "ci",
                      "Startup Cost": 0.0,
                      "Total Cost": 313067.02,
                      "Plan Rows": 6038002,
                      "Plan Width": 4,
                      "Actual Startup Time": 0.02,
                      "Actual Total Time": 519.872,
                      "Actual Rows": 5177763,
                      "Actual Loops": 7
                    },
                    {
                      "Node Type": "Hash",
                      "Parent Relationship": "Inner",
                      "Parallel Aware": true,
                      "Startup Cost": 253710.45,
                      "Total Cost": 253710.45,
                      "Plan Rows": 716153,
                      "Plan Width": 8,
                      "Actual Startup Time": 1284.89,
                      "Actual Total Time": 1285.757,
                      "Actual Rows": 784907,
                      "Actual Loops": 7,
                      "Hash Buckets": 8388608,
                      "Original Hash Buckets": 4194304,
                      "Hash Batches": 1,
                      "Original Hash Batches": 1,
                      "Peak Memory Usage": 313344,
                      "Plans": [
                        {
                          "Node Type": "Hash Join",
                          "Parent Relationship": "Outer",
                          "Parallel Aware": true,
                          "Join Type": "Inner",
                          "Startup Cost": 47535.5,
                          "Total Cost": 253710.45,
                          "Plan Rows": 716153,
                          "Plan Width": 8,
                          "Actual Startup Time": 120.415,
                          "Actual Total Time": 875.501,
                          "Actual Rows": 784907,
                          "Actual Loops": 7,
                          "Inner Unique": true,
                          "Hash Cond": "(mi.movie_id = t.id)",
                          "Plans": [
                            {
                              "Node Type": "Seq Scan",
                              "Parent Relationship": "Outer",
                              "Parallel Aware": true,
                              "Relation Name": "movie_info",
                              "Alias": "mi",
                              "Startup Cost": 0.0,
                              "Total Cost": 198952.16,
                              "Plan Rows": 2751536,
                              "Plan Width": 4,
                              "Actual Startup Time": 0.028,
                              "Actual Total Time": 336.617,
                              "Actual Rows": 1980012,
                              "Actual Loops": 7,
                              "Filter": "(info_type_id < 92)",
                              "Rows Removed by Filter": 139377
                            },
                            {
                              "Node Type": "Hash",
                              "Parent Relationship": "Inner",
                              "Parallel Aware": true,
                              "Startup Cost": 45479.1,
                              "Total Cost": 45479.1,
                              "Plan Rows": 164512,
                              "Plan Width": 4,
                              "Actual Startup Time": 118.431,
                              "Actual Total Time": 118.432,
                              "Actual Rows": 79366,
                              "Actual Loops": 7,
                              "Hash Buckets": 1048576,
                              "Original Hash Buckets": 1048576,
                              "Hash Batches": 1,
                              "Original Hash Batches": 1,
                              "Peak Memory Usage": 30048,
                              "Plans": [
                                {
                                  "Node Type": "Seq Scan",
                                  "Parent Relationship": "Outer",
                                  "Parallel Aware": true,
                                  "Relation Name": "title",
                                  "Alias": "t",
                                  "Startup Cost": 0.0,
                                  "Total Cost": 45479.1,
                                  "Plan Rows": 164512,
                                  "Plan Width": 4,
                                  "Actual Startup Time": 0.044,
                                  "Actual Total Time": 78.746,
                                  "Actual Rows": 79366,
                                  "Actual Loops": 7,
                                  "Filter": "((kind_id < 7) AND (production_year > 1993))",
                                  "Rows Removed by Filter": 281822
                                }
                              ]
                            }
                          ]
                        }
                      ]
                    }
                  ]
                }
              ]
            }
          ]
        }
      ]
    },
    "Planning Time": 1.089,
    "Triggers": [],
    "Execution Time": 8576.927
  }
]