[
  {
    "Plan": {
      "Node Type": "Aggregate",
      "Strategy": "Plain",
      "Partial Mode": "Finalize",
      "Parallel Aware": false,
      "Startup Cost": 46481.84,
      "Total Cost": 46481.85,
      "Plan Rows": 1,
      "Plan Width": 8,
      "Actual Startup Time": 89.452,
      "Actual Total Time": 100.085,
      "Actual Rows": 1,
      "Actual Loops": 1,
      "Plans": [
        {
          "Node Type": "Gather",
          "Parent Relationship": "Outer",
          "Parallel Aware": false,
          "Startup Cost": 46481.42,
          "Total Cost": 46481.83,
          "Plan Rows": 4,
          "Plan Width": 8,
          "Actual Startup Time": 89.209,
          "Actual Total Time": 100.077,
          "Actual Rows": 5,
          "Actual Loops": 1,
          "Workers Planned": 4,
          "Workers Launched": 4,
          "Single Copy": false,
          "Plans": [
            {
              "Node Type": "Aggregate",
              "Strategy": "Plain",
              "Partial Mode": "Partial",
              "Parent Relationship": "Outer",
              "Parallel Aware": false,
              "Startup Cost": 45481.42,
              "Total Cost": 45481.43,
              "Plan Rows": 1,
              "Plan Width": 8,
              "Actual Startup Time": 82.973,
              "Actual Total Time": 82.974,
              "Actual Rows": 1,
              "Actual Loops": 5,
              "Plans": [
                {
                  "Node Type": "Seq Scan",
                  "Parent Relationship": "Outer",
                  "Parallel Aware": true,
                  "Relation Name": "title",
                  "Alias": "t",
                  "Startup Cost": 0.0,
                  "Total Cost": 45479.1,
                  "Plan Rows": 928,
                  "Plan Width": 0,
                  "Actual Startup Time": 55.398,
                  "Actual Total Time": 82.867,
                  "Actual Rows": 860,
                  "Actual Loops": 5,
                  "Filter": "((kind_id = 1) AND (production_year = 1969))",
                  "Rows Removed by Filter": 504802
                }
              ]
            }
          ]
        }
      ]
    },
    "Planning Time": 0.189,
    "Triggers": [],
    "Execution Time": 100.153
  }
]