[
  {
    "Plan": {
      "Node Type": "Aggregate",
      "Strategy": "Plain",
      "Partial Mode": "Finalize",
      "Parallel Aware": false,
      "Startup Cost": 46019.07,
      "Total Cost": 46019.08,
      "Plan Rows": 1,
      "Plan Width": 8,
      "Actual Startup Time": 158.651,
      "Actual Total Time": 168.319,
      "Actual Rows": 1,
      "Actual Loops": 1,
      "Plans": [
        {
          "Node Type": "Gather",
          "Parent Relationship": "Outer",
          "Parallel Aware": false,
          "Startup Cost": 46018.75,
          "Total Cost": 46019.06,
          "Plan Rows": 3,
          "Plan Width": 8,
          "Actual Startup Time": 158.524,
          "Actual Total Time": 168.311,
          "Actual Rows": 4,
          "Actual Loops": 1,
          "Workers Planned": 3,
          "Workers Launched": 3,
          "Single Copy": false,
          "Plans": [
            {
              "Node Type": "Aggregate",
              "Strategy": "Plain",
              "Partial Mode": "Partial",
              "Parent Relationship": "Outer",
              "Parallel Aware": false,
              "Startup Cost": 45018.75,
              "Total Cost": 45018.76,
              "Plan Rows": 1,
              "Plan Width": 8,
              "Actual Startup Time": 151.792,
              "Actual Total Time": 151.793,
              "Actual Rows": 1,
              "Actual Loops": 4,
              "Plans": [
                {
                  "Node Type": "Seq Scan",
                  "Parent Relationship": "Outer",
                  "Parallel Aware": true,
                  "Relation Name": "movie_keyword",
                  "Alias": "mk",
                  "Startup Cost": 0.0,
                  "Total Cost": 42695.65,
                  "Plan Rows": 929239,
                  "Plan Width": 0,
                  "Actual Startup Time": 0.395,
                  "Actual Total Time": 119.648,
                  "Actual Rows": 716686,
                  "Actual Loops": 4,
                  "Filter": "(keyword_id > 2529)",
                  "Rows Removed by Filter": 414296
                }
              ]
            }
          ]
        }
      ]
    },
    "Planning Time": 0.187,
    "Triggers": [],
    "Execution Time": 168.374
  }
]