[
  {
    "Plan": {
      "Node Type": "Aggregate",
      "Strategy": "Plain",
      "Partial Mode": "Finalize",
      "Parallel Aware": false,
      "Startup Cost": 354100.03,
      "Total Cost": 354100.04,
      "Plan Rows": 1,
      "Plan Width": 8,
      "Actual Startup Time": 961.659,
      "Actual Total Time": 1021.74,
      "Actual Rows": 1,
      "Actual Loops": 1,
      "Plans": [
        {
          "Node Type": "Gather",
          "Parent Relationship": "Outer",
          "Parallel Aware": false,
          "Startup Cost": 354099.4,
          "Total Cost": 354100.01,
          "Plan Rows": 6,
          "Plan Width": 8,
          "Actual Startup Time": 961.393,
          "Actual Total Time": 1021.73,
          "Actual Rows": 7,
          "Actual Loops": 1,
          "Workers Planned": 6,
          "Workers Launched": 6,
          "Single Copy": false,
          "Plans": [
            {
              "Node Type": "Aggregate",
              "Strategy": "Plain",
              "Partial Mode": "Partial",
              "Parent Relationship": "Outer",
              "Parallel Aware": false,
              "Startup Cost": 353099.4,
              "Total Cost": 353099.41,
              "Plan Rows": 1,
              "Plan Width": 8,
              "Actual Startup Time": 952.152,
              "Actual Total Time": 952.153,
              "Actual Rows": 1,
              "Actual Loops": 7,
              "Plans": [
                {
                  "Node Type": "Seq Scan",
                  "Parent Relationship": "Outer",
                  "Parallel Aware": true,
                  "Relation Name": "cast_info",
                  "Alias": "ci",
                  "Startup Cost": 0.0,
                  "Total Cost": 343257.03,
                  "Plan Rows": 3936950,
                  "Plan Width": 0,
                  "Actual Startup Time": 241.604,
                  "Actual Total Time": 786.464,
                  "Actual Rows": 3360678,
                  "Actual Loops": 7,
                  "Filter": "((person_id > 23026) AND (role_id > 1))",
                  "Rows Removed by Filter": 1817085
                }
              ]
            }
          ]
        }
      ]
    },
    "Planning Time": 0.23,
    "Triggers": [],
    "Execution Time": 1021.798
  }
]