{
  "Plan": {
    "Node Type": "Aggregate",
    "Strategy": "Plain",
    "Partial Mode": "Finalize",
    "Parallel Aware": false,
    "Startup Cost": 174255.19,
    "Total Cost": 174255.2,
    "Plan Rows": 1,
    "Plan Width": 8,
    "Actual Startup Time": 977.197,
    "Actual Total Time": 1034.625,
    "Actual Rows": 1,
    "Actual Loops": 1,
    "Plans": [
      {
        "Node Type": "Gather",
        "Parent Relationship": "Outer",
        "Parallel Aware": false,
        "Startup Cost": 174255.08,
        "Total Cost": 174255.19,
        "Plan Rows": 1,
        "Plan Width": 8,
        "Actual Startup Time": 976.278,
        "Actual Total Time": 1034.615,
        "Actual Rows": 2,
        "Actual Loops": 1,
        "Workers Planned": 1,
        "Workers Launched": 1,
        "Single Copy": false,
        "Plans": [
          {
            "Node Type": "Aggregate",
            "Strategy": "Plain",
            "Partial Mode": "Partial",
            "Parent Relationship": "Outer",
            "Parallel Aware": false,
            "Startup Cost": 173255.08,
            "Total Cost": 173255.09,
            "Plan Rows": 1,
            "Plan Width": 8,
            "Actual Startup Time": 970.343,
            "Actual Total Time": 970.497,
            "Actual Rows": 1,
            "Actual Loops": 2,
            "Plans": [
              {
                "Node Type": "Nested Loop",
                "Parent Relationship": "Outer",
                "Parallel Aware": false,
                "Join Type": "Inner",
                "Startup Cost": 59200.39,
                "Total Cost": 172859.07,
                "Plan Rows": 158406,
                "Plan Width": 0,
                "Actual Startup Time": 223.718,
                "Actual Total Time": 932.659,
                "Actual Rows": 847756,
                "Actual Loops": 2,
                "Inner Unique": false,
                "Join Filter": "(t.id = mi.movie_id)",
                "Rows Removed by Join Filter": 0,
                "Plans": [
                  {
                    "Node Type": "Hash Join",
                    "Parent Relationship": "Outer",
                    "Parallel Aware": true,
                    "Join Type": "Inner",
                    "Startup Cost": 59199.96,
                    "Total Cost": 102491.29,
                    "Plan Rows": 27091,
                    "Plan Width": 8,
                    "Actual Startup Time": 223.638,
                    "Actual Total Time": 367.383,
                    "Actual Rows": 62795,
                    "Actual Loops": 2,
                    "Inner Unique": true,
                    "Hash Cond": "(mc.movie_id = t.id)",
                    "Plans": [
                      {
                        "Node Type": "Seq Scan",
                        "Parent Relationship": "Outer",
                        "Parallel Aware": true,
                        "Relation Name": "movie_companies",
                        "Alias": "mc",
                        "Startup Cost": 0.0,
                        "Total Cost": 41811.73,
                        "Plan Rows": 563662,
                        "Plan Width": 4,
                        "Actual Startup Time": 48.454,
                        "Actual Total Time": 108.997,
                        "Actual Rows": 322446,
                        "Actual Loops": 2,
                        "Filter": "((company_id < 39438) AND (company_type_id = 2))",
                        "Rows Removed by Filter": 982118
                      },
                      {
                        "Node Type": "Hash",
                        "Parent Relationship": "Inner",
                        "Parallel Aware": true,
                        "Startup Cost": 58306.47,
                        "Total Cost": 58306.47,
                        "Plan Rows": 71479,
                        "Plan Width": 4,
                        "Actual Startup Time": 172.534,
                        "Actual Total Time": 172.535,
                        "Actual Rows": 113954,
                        "Actual Loops": 2,
                        "Hash Buckets": 262144,
                        "Original Hash Buckets": 131072,
                        "Hash Batches": 1,
                        "Original Hash Batches": 1,
                        "Peak Memory Usage": 12000,
                        "Plans": [
                          {
                            "Node Type": "Seq Scan",
                            "Parent Relationship": "Outer",
                            "Parallel Aware": true,
                            "Relation Name": "title",
                            "Alias": "t",
                            "Startup Cost": 0.0,
                            "Total Cost": 58306.47,
                            "Plan Rows": 71479,
                            "Plan Width": 4,
                            "Actual Startup Time": 0.19,
                            "Actual Total Time": 145.473,
                            "Actual Rows": 113954,
                            "Actual Loops": 2,
                            "Filter": "((kind_id < 7) AND (production_year < 1967))",
                            "Rows Removed by Filter": 1150202
                          }
                        ]
                      }
                    ]
                  },
                  {
                    "Node Type": "Index Only Scan",
                    "Parent Relationship": "Inner",
                    "Parallel Aware": false,
                    "Scan Direction": "Forward",
                    "Index Name": "movie_id_movie_info",
                    "Relation Name": "movie_info",
                    "Alias": "mi",
                    "Startup Cost": 0.43,
                    "Total Cost": 2.07,
                    "Plan Rows": 42,
                    "Plan Width": 4,
                    "Actual Startup Time": 0.003,
                    "Actual Total Time": 0.008,
                    "Actual Rows": 14,
                    "Actual Loops": 125590,
                    "Index Cond": "(movie_id = mc.movie_id)",
                    "Rows Removed by Index Recheck": 0,
                    "Heap Fetches": 1695512
                  }
                ]
              }
            ]
          }
        ]
      }
    ]
  },
  "Planning Time": 1.072,
  "Triggers": [],
  "Execution Time": 1034.732
}