[
  {
    "Plan": {
      "Node Type": "Aggregate",
      "Strategy": "Plain",
      "Partial Mode": "Finalize",
      "Parallel Aware": false,
      "Startup Cost": 46572.18,
      "Total Cost": 46572.19,
      "Plan Rows": 1,
      "Plan Width": 8,
      "Actual Startup Time": 183.743,
      "Actual Total Time": 195.996,
      "Actual Rows": 1,
      "Actual Loops": 1,
      "Plans": [
        {
          "Node Type": "Gather",
          "Parent Relationship": "Outer",
          "Parallel Aware": false,
          "Startup Cost": 46571.86,
          "Total Cost": 46572.17,
          "Plan Rows": 3,
          "Plan Width": 8,
          "Actual Startup Time": 183.559,
          "Actual Total Time": 195.987,
          "Actual Rows": 4,
          "Actual Loops": 1,
          "Workers Planned": 3,
          "Workers Launched": 3,
          "Single Copy": false,
          "Plans": [
            {
              "Node Type": "Aggregate",
              "Strategy": "Plain",
              "Partial Mode": "Partial",
              "Parent Relationship": "Outer",
              "Parallel Aware": false,
              "Startup Cost": 45571.86,
              "Total Cost": 45571.87,
              "Plan Rows": 1,
              "Plan Width": 8,
              "Actual Startup Time": 179.367,
              "Actual Total Time": 179.369,
              "Actual Rows": 1,
              "Actual Loops": 4,
              "Plans": [
                {
                  "Node Type": "Seq Scan",
                  "Parent Relationship": "Outer",
                  "Parallel Aware": true,
                  "Relation Name": "movie_keyword",
                  "Alias": "mk",
                  "Startup Cost": 0.0,
                  "Total Cost": 42695.65,
                  "Plan Rows": 1150482,
                  "Plan Width": 0,
                  "Actual Startup Time": 0.033,
                  "Actual Total Time": 134.578,
                  "Actual Rows": 892161,
                  "Actual Loops": 4,
                  "Filter": "(keyword_id < 19853)",
                  "Rows Removed by Filter": 238822
                }
              ]
            }
          ]
        }
      ]
    },
    "Planning Time": 0.122,
    "Triggers": [],
    "Execution Time": 196.033
  }
]