{
  "Plan": {
    "Node Type": "Aggregate",
    "Strategy": "Plain",
    "Partial Mode": "Finalize",
    "Parallel Aware": false,
    "Startup Cost": 782131.73,
    "Total Cost": 782131.74,
    "Plan Rows": 1,
    "Plan Width": 64,
    "Actual Startup Time": 6726.703,
    "Actual Total Time": 6817.775,
    "Actual Rows": 1,
    "Actual Loops": 1,
    "Plans": [
      {
        "Node Type": "Gather",
        "Parent Relationship": "Outer",
        "Parallel Aware": false,
        "Startup Cost": 782131.62,
        "Total Cost": 782131.73,
        "Plan Rows": 1,
        "Plan Width": 32,
        "Actual Startup Time": 6717.054,
        "Actual Total Time": 6817.764,
        "Actual Rows": 2,
        "Actual Loops": 1,
        "Workers Planned": 1,
        "Workers Launched": 1,
        "Single Copy": false,
        "Plans": [
          {
            "Node Type": "Aggregate",
            "Strategy": "Plain",
            "Partial Mode": "Partial",
            "Parent Relationship": "Outer",
            "Parallel Aware": false,
            "Startup Cost": 781131.62,
            "Total Cost": 781131.63,
            "Plan Rows": 1,
            "Plan Width": 32,
            "Actual Startup Time": 6709.16,
            "Actual Total Time": 6709.172,
            "Actual Rows": 1,
            "Actual Loops": 2,
            "Plans": [
              {
                "Node Type": "Nested Loop",
                "Parent Relationship": "Outer",
                "Parallel Aware": false,
                "Join Type": "Inner",
                "Startup Cost": 694342.61,
                "Total Cost": 781131.59,
                "Plan Rows": 12,
                "Plan Width": 15,
                "Actual Startup Time": 5342.557,
                "Actual Total Time": 6698.64,
                "Actual Rows": 142630,
                "Actual Loops": 2,
                "Inner Unique": true,
                "Plans": [
                  {
                    "Node Type": "Nested Loop",
                    "Parent Relationship": "Outer",
                    "Parallel Aware": false,
                    "Join Type": "Inner",
                    "Startup Cost": 694342.19,
                    "Total Cost": 781126.26,
                    "Plan Rows": 12,
                    "Plan Width": 19,
                    "Actual Startup Time": 5342.515,
                    "Actual Total Time": 6463.576,
                    "Actual Rows": 142630,
                    "Actual Loops": 2,
                    "Inner Unique": false,
                    "Plans": [
                      {
                        "Node Type": "Hash Join",
                        "Parent Relationship": "Outer",
                        "Parallel Aware": false,
                        "Join Type": "Inner",
                        "Startup Cost": 694341.76,
                        "Total Cost": 781119.42,
                        "Plan Rows": 12,
                        "Plan Width": 27,
                        "Actual Startup Time": 5342.455,
                        "Actual Total Time": 6372.514,
                        "Actual Rows": 20016,
                        "Actual Loops": 2,
                        "Inner Unique": true,
                        "Hash Cond": "(mk.keyword_id = k.id)",
                        "Plans": [
                          {
                            "Node Type": "Hash Join",
                            "Parent Relationship": "Outer",
                            "Parallel Aware": true,
                            "Join Type": "Inner",
                            "Startup Cost": 691715.62,
                            "Total Cost": 774448.64,
                            "Plan Rows": 1540768,
                            "Plan Width": 31,
                            "Actual Startup Time": 5317.808,
                            "Actual Total Time": 6146.594,
                            "Actual Rows": 4080414,
                            "Actual Loops": 2,
                            "Inner Unique": false,
                            "Hash Cond": "(mk.movie_id = ci.movie_id)",
                            "Plans": [
                              {
                                "Node Type": "Seq Scan",
                                "Parent Relationship": "Outer",
                                "Parallel Aware": true,
                                "Relation Name": "movie_keyword",
                                "Alias": "mk",
                                "Startup Cost": 0.0,
                                "Total Cost": 51065.35,
                                "Plan Rows": 2661135,
                                "Plan Width": 8,
                                "Actual Startup Time": 0.019,
                                "Actual Total Time": 167.476,
                                "Actual Rows": 2261965,
                                "Actual Loops": 2
                              },
                              {
                                "Node Type": "Hash",
                                "Parent Relationship": "Inner",
                                "Parallel Aware": true,
                                "Startup Cost": 680952.4,
                                "Total Cost": 680952.4,
                                "Plan Rows": 861058,
                                "Plan Width": 23,
                                "Actual Startup Time": 5307.964,
                                "Actual Total Time": 5307.971,
                                "Actual Rows": 745320,
                                "Actual Loops": 2,
                                "Hash Buckets": 2097152,
                                "Original Hash Buckets": 2097152,
                                "Hash Batches": 1,
                                "Original Hash Batches": 1,
                                "Peak Memory Usage": 101664,
                                "Plans": [
                                  {
                                    "Node Type": "Hash Join",
                                    "Parent Relationship": "Outer",
                                    "Parallel Aware": true,
                                    "Join Type": "Inner",
                                    "Startup Cost": 156951.85,
                                    "Total Cost": 680952.4,
                                    "Plan Rows": 861058,
                                    "Plan Width": 23,
                                    "Actual Startup Time": 1009.481,
                                    "Actual Total Time": 4959.489,
                                    "Actual Rows": 745320,
                                    "Actual Loops": 2,
                                    "Inner Unique": true,
                                    "Hash Cond": "(ci.movie_id = t.id)",
                                    "Plans": [
                                      {
                                        "Node Type": "Hash Join",
                                        "Parent Relationship": "Outer",
                                        "Parallel Aware": true,
                                        "Join Type": "Inner",
                                        "Startup Cost": 87492.41,
                                        "Total Cost": 609232.69,
                                        "Plan Rows": 861058,
                                        "Plan Width": 19,
                                        "Actual Startup Time": 305.309,
                                        "Actual Total Time": 3794.193,
                                        "Actual Rows": 745320,
                                        "Actual Loops": 2,
                                        "Inner Unique": true,
                                        "Hash Cond": "(ci.person_id = n.id)",
                                        "Plans": [
                                          {
                                            "Node Type": "Seq Scan",
                                            "Parent Relationship": "Outer",
                                            "Parallel Aware": true,
                                            "Relation Name": "cast_info",
                                            "Alias": "ci",
                                            "Startup Cost": 0.0,
                                            "Total Cost": 465798.46,
                                            "Plan Rows": 21311146,
                                            "Plan Width": 8,
                                            "Actual Startup Time": 0.012,
                                            "Actual Total Time": 1641.005,
                                            "Actual Rows": 18122172,
                                            "Actual Loops": 2
                                          },
                                          {
                                            "Node Type": "Hash",
                                            "Parent Relationship": "Inner",
                                            "Parallel Aware": true,
                                            "Startup Cost": 86254.38,
                                            "Total Cost": 86254.38,
                                            "Plan Rows": 99043,
                                            "Plan Width": 19,
                                            "Actual Startup Time": 304.293,
                                            "Actual Total Time": 304.294,
                                            "Actual Rows": 88632,
                                            "Actual Loops": 2,
                                            "Hash Buckets": 262144,
                                            "Original Hash Buckets": 262144,
                                            "Hash Batches": 1,
                                            "Original Hash Batches": 1,
                                            "Peak Memory Usage": 11680,
                                            "Plans": [
                                              {
                                                "Node Type": "Seq Scan",
                                                "Parent Relationship": "Outer",
                                                "Parallel Aware": true,
                                                "Relation Name": "name",
                                                "Alias": "n",
                                                "Startup Cost": 0.0,
                                                "Total Cost": 86254.38,
                                                "Plan Rows": 99043,
                                                "Plan Width": 19,
                                                "Actual Startup Time": 0.039,
                                                "Actual Total Time": 263.534,
                                                "Actual Rows": 88632,
                                                "Actual Loops": 2,
                                                "Filter": "(name ~~ 'A%'::text)",
                                                "Rows Removed by Filter": 1995114
                                              }
                                            ]
                                          }
                                        ]
                                      },
                                      {
                                        "Node Type": "Hash",
                                        "Parent Relationship": "Inner",
                                        "Parallel Aware": true,
                                        "Startup Cost": 50869.75,
                                        "Total Cost": 50869.75,
                                        "Plan Rows": 1487175,
                                        "Plan Width": 4,
                                        "Actual Startup Time": 686.207,
                                        "Actual Total Time": 686.207,
                                        "Actual Rows": 1264156,
                                        "Actual Loops": 2,
                                        "Hash Buckets": 4194304,
                                        "Original Hash Buckets": 4194304,
                                        "Hash Batches": 1,
                                        "Original Hash Batches": 1,
                                        "Peak Memory Usage": 131712,
                                        "Plans": [
                                          {
                                            "Node Type": "Seq Scan",
                                            "Parent Relationship": "Outer",
                                            "Parallel Aware": true,
                                            "Relation Name": "title",
                                            "Alias": "t",
                                            "Startup Cost": 0.0,
                                            "Total Cost": 50869.75,
                                            "Plan Rows": 1487175,
                                            "Plan Width": 4,
                                            "Actual Startup Time": 0.053,
                                            "Actual Total Time": 193.83,
                                            "Actual Rows": 1264156,
                                            "Actual Loops": 2
                                          }
                                        ]
                                      }
                                    ]
                                  }
                                ]
                              }
                            ]
                          },
                          {
                            "Node Type": "Hash",
                            "Parent Relationship": "Inner",
                            "Parallel Aware": false,
                            "Startup Cost": 2626.12,
                            "Total Cost": 2626.12,
                            "Plan Rows": 1,
                            "Plan Width": 4,
                            "Actual Startup Time": 24.031,
                            "Actual Total Time": 24.032,
                            "Actual Rows": 1,
                            "Actual Loops": 2,
                            "Hash Buckets": 1024,
                            "Original Hash Buckets": 1024,
                            "Hash Batches": 1,
                            "Original Hash Batches": 1,
                            "Peak Memory Usage": 9,
                            "Plans": [
                              {
                                "Node Type": "Seq Scan",
                                "Parent Relationship": "Outer",
                                "Parallel Aware": false,
                                "Relation Name": "keyword",
                                "Alias": "k",
                                "Startup Cost": 0.0,
                                "Total Cost": 2626.12,
                                "Plan Rows": 1,
                                "Plan Width": 4,
                                "Actual Startup Time": 1.74,
                                "Actual Total Time": 24.013,
                                "Actual Rows": 1,
                                "Actual Loops": 2,
                                "Filter": "(keyword = 'character-name-in-title'::text)",
                                "Rows Removed by Filter": 134169
                              }
                            ]
                          }
                        ]
                      },
                      {
                        "Node Type": "Index Scan",
                        "Parent Relationship": "Inner",
                        "Parallel Aware": false,
                        "Scan Direction": "Forward",
                        "Index Name": "movie_id_movie_companies",
                        "Relation Name": "movie_companies",
                        "Alias": "mc",
                        "Startup Cost": 0.43,
                        "Total Cost": 0.52,
                        "Plan Rows": 5,
                        "Plan Width": 8,
                        "Actual Startup Time": 0.002,
                        "Actual Total Time": 0.004,
                        "Actual Rows": 7,
                        "Actual Loops": 40033,
                        "Index Cond": "(movie_id = ci.movie_id)",
                        "Rows Removed by Index Recheck": 0
                      }
                    ]
                  },
                  {
                    "Node Type": "Index Only Scan",
                    "Parent Relationship": "Inner",
                    "Parallel Aware": false,
                    "Scan Direction": "Forward",
                    "Index Name": "company_name_pkey",
                    "Relation Name": "company_name",
                    "Alias": "cn",
                    "Startup Cost": 0.42,
                    "Total Cost": 0.44,
                    "Plan Rows": 1,
                    "Plan Width": 4,
                    "Actual Startup Time": 0.001,
                    "Actual Total Time": 0.001,
                    "Actual Rows": 1,
                    "Actual Loops": 285260,
                    "Index Cond": "(id = mc.company_id)",
                    "Rows Removed by Index Recheck": 0,
                    "Heap Fetches": 285260
                  }
                ]
              }
            ]
          }
        ]
      }
    ]
  },
  "Planning Time": 2.414,
  "Triggers": [],
  "Execution Time": 6817.951
}