[
  {
    "Plan": {
      "Node Type": "Aggregate",
      "Strategy": "Plain",
      "Partial Mode": "Finalize",
      "Parallel Aware": false,
      "Startup Cost": 68465.68,
      "Total Cost": 68465.69,
      "Plan Rows": 1,
      "Plan Width": 8,
      "Actual Startup Time": 176.8,
      "Actual Total Time": 189.349,
      "Actual Rows": 1,
      "Actual Loops": 1,
      "Plans": [
        {
          "Node Type": "Gather",
          "Parent Relationship": "Outer",
          "Parallel Aware": false,
          "Startup Cost": 68465.26,
          "Total Cost": 68465.67,
          "Plan Rows": 4,
          "Plan Width": 8,
          "Actual Startup Time": 175.913,
          "Actual Total Time": 189.341,
          "Actual Rows": 5,
          "Actual Loops": 1,
          "Workers Planned": 4,
          "Workers Launched": 4,
          "Single Copy": false,
          "Plans": [
            {
              "Node Type": "Aggregate",
              "Strategy": "Plain",
              "Partial Mode": "Partial",
              "Parent Relationship": "Outer",
              "Parallel Aware": false,
              "Startup Cost": 67465.26,
              "Total Cost": 67465.27,
              "Plan Rows": 1,
              "Plan Width": 8,
              "Actual Startup Time": 170.917,
              "Actual Total Time": 170.92,
              "Actual Rows": 1,
              "Actual Loops": 5,
              "Plans": [
                {
                  "Node Type": "Hash Join",
                  "Parent Relationship": "Outer",
                  "Parallel Aware": true,
                  "Join Type": "Inner",
                  "Startup Cost": 21839.44,
                  "Total Cost": 67401.19,
                  "Plan Rows": 25625,
                  "Plan Width": 0,
                  "Actual Startup Time": 125.023,
                  "Actual Total Time": 169.968,
                  "Actual Rows": 19405,
                  "Actual Loops": 5,
                  "Inner Unique": false,
                  "Hash Cond": "(t.id = mc.movie_id)",
                  "Plans": [
                    {
                      "Node Type": "Seq Scan",
                      "Parent Relationship": "Outer",
                      "Parallel Aware": true,
                      "Relation Name": "title",
                      "Alias": "t",
                      "Startup Cost": 0.0,
                      "Total Cost": 42318.73,
                      "Plan Rows": 632073,
                      "Plan Width": 4,
                      "Actual Startup Time": 0.011,
                      "Actual Total Time": 68.295,
                      "Actual Rows": 505662,
                      "Actual Loops": 5
                    },
                    {
                      "Node Type": "Hash",
                      "Parent Relationship": "Inner",
                      "Parallel Aware": true,
                      "Startup Cost": 21426.12,
                      "Total Cost": 21426.12,
                      "Plan Rows": 33065,
                      "Plan Width": 4,
                      "Actual Startup Time": 27.589,
                      "Actual Total Time": 27.59,
                      "Actual Rows": 19405,
                      "Actual Loops": 5,
                      "Hash Buckets": 131072,
                      "Original Hash Buckets": 131072,
                      "Hash Batches": 1,
                      "Original Hash Batches": 1,
                      "Peak Memory Usage": 4928,
                      "Plans": [
                        {
                          "Node Type": "Bitmap Heap Scan",
                          "Parent Relationship": "Outer",
                          "Parallel Aware": true,
                          "Relation Name": "movie_companies",
                          "Alias": "mc",
                          "Startup Cost": 2222.81,
                          "Total Cost": 21426.12,
                          "Plan Rows": 33065,
                          "Plan Width": 4,
                          "Actual Startup Time": 5.25,
                          "Actual Total Time": 19.003,
                          "Actual Rows": 19405,
                          "Actual Loops": 5,
                          "Recheck Cond": "(company_id > 159336)",
                          "Rows Removed by Index Recheck": 0,
                          "Exact Heap Blocks": 1062,
                          "Lossy Heap Blocks": 0,
                          "Plans": [
                            {
                              "Node Type": "Bitmap Index Scan",
                              "Parent Relationship": "Outer",
                              "Parallel Aware": false,
                              "Index Name": "company_id_movie_companies",
                              "Startup Cost": 0.0,
                              "Total Cost": 2197.19,
                              "Plan Rows": 102501,
                              "Plan Width": 0,
                              "Actual Startup Time": 7.773,
                              "Actual Total Time": 7.773,
                              "Actual Rows": 97027,
                              "Actual Loops": 1,
                              "Index Cond": "(company_id > 159336)"
                            }
                          ]
                        }
                      ]
                    }
                  ]
                }
              ]
            }
          ]
        }
      ]
    },
    "Planning Time": 0.297,
    "Triggers": [],
    "Execution Time": 189.4
  }
]