{
  "Plan": {
    "Node Type": "Aggregate",
    "Strategy": "Plain",
    "Partial Mode": "Finalize",
    "Parallel Aware": false,
    "Startup Cost": 439743.52,
    "Total Cost": 439743.53,
    "Plan Rows": 1,
    "Plan Width": 8,
    "Actual Startup Time": 1663.75,
    "Actual Total Time": 1684.853,
    "Actual Rows": 1,
    "Actual Loops": 1,
    "Plans": [
      {
        "Node Type": "Gather",
        "Parent Relationship": "Outer",
        "Parallel Aware": false,
        "Startup Cost": 439743.4,
        "Total Cost": 439743.51,
        "Plan Rows": 1,
        "Plan Width": 8,
        "Actual Startup Time": 1659.977,
        "Actual Total Time": 1684.844,
        "Actual Rows": 2,
        "Actual Loops": 1,
        "Workers Planned": 1,
        "Workers Launched": 1,
        "Single Copy": false,
        "Plans": [
          {
            "Node Type": "Aggregate",
            "Strategy": "Plain",
            "Partial Mode": "Partial",
            "Parent Relationship": "Outer",
            "Parallel Aware": false,
            "Startup Cost": 438743.4,
            "Total Cost": 438743.41,
            "Plan Rows": 1,
            "Plan Width": 8,
            "Actual Startup Time": 1652.896,
            "Actual Total Time": 1652.9,
            "Actual Rows": 1,
            "Actual Loops": 2,
            "Plans": [
              {
                "Node Type": "Hash Join",
                "Parent Relationship": "Outer",
                "Parallel Aware": true,
                "Join Type": "Inner",
                "Startup Cost": 149886.69,
                "Total Cost": 437368.1,
                "Plan Rows": 550122,
                "Plan Width": 0,
                "Actual Startup Time": 570.083,
                "Actual Total Time": 1581.316,
                "Actual Rows": 1343880,
                "Actual Loops": 2,
                "Inner Unique": true,
                "Hash Cond": "(ci.movie_id = t.id)",
                "Plans": [
                  {
                    "Node Type": "Bitmap Heap Scan",
                    "Parent Relationship": "Outer",
                    "Parallel Aware": true,
                    "Relation Name": "cast_info",
                    "Alias": "ci",
                    "Startup Cost": 81584.79,
                    "Total Cost": 367108.58,
                    "Plan Rows": 745760,
                    "Plan Width": 4,
                    "Actual Startup Time": 120.258,
                    "Actual Total Time": 439.827,
                    "Actual Rows": 1788321,
                    "Actual Loops": 2,
                    "Recheck Cond": "(person_id > 3413582)",
                    "Rows Removed by Index Recheck": 0,
                    "Filter": "(role_id > 3)",
                    "Rows Removed by Filter": 0,
                    "Exact Heap Blocks": 32368,
                    "Lossy Heap Blocks": 0,
                    "Plans": [
                      {
                        "Node Type": "Bitmap Index Scan",
                        "Parent Relationship": "Outer",
                        "Parallel Aware": false,
                        "Index Name": "person_id_cast_info",
                        "Startup Cost": 0.0,
                        "Total Cost": 81267.84,
                        "Plan Rows": 3721503,
                        "Plan Width": 0,
                        "Actual Startup Time": 111.146,
                        "Actual Total Time": 111.146,
                        "Actual Rows": 3576642,
                        "Actual Loops": 1,
                        "Index Cond": "(person_id > 3413582)"
                      }
                    ]
                  },
                  {
                    "Node Type": "Hash",
                    "Parent Relationship": "Inner",
                    "Parallel Aware": true,
                    "Startup Cost": 54588.39,
                    "Total Cost": 54588.39,
                    "Plan Rows": 1097081,
                    "Plan Width": 4,
                    "Actual Startup Time": 435.722,
                    "Actual Total Time": 435.722,
                    "Actual Rows": 932744,
                    "Actual Loops": 2,
                    "Hash Buckets": 2097152,
                    "Original Hash Buckets": 2097152,
                    "Hash Batches": 1,
                    "Original Hash Batches": 1,
                    "Peak Memory Usage": 89408,
                    "Plans": [
                      {
                        "Node Type": "Seq Scan",
                        "Parent Relationship": "Outer",
                        "Parallel Aware": true,
                        "Relation Name": "title",
                        "Alias": "t",
                        "Startup Cost": 0.0,
                        "Total Cost": 54588.39,
                        "Plan Rows": 1097081,
                        "Plan Width": 4,
                        "Actual Startup Time": 0.027,
                        "Actual Total Time": 186.29,
                        "Actual Rows": 932744,
                        "Actual Loops": 2,
                        "Filter": "(kind_id > 1)",
                        "Rows Removed by Filter": 331412
                      }
                    ]
                  }
                ]
              }
            ]
          }
        ]
      }
    ]
  },
  "Planning Time": 0.599,
  "Triggers": [],
  "Execution Time": 1684.936
}