[
  {
    "Plan": {
      "Node Type": "Aggregate",
      "Strategy": "Plain",
      "Partial Mode": "Finalize",
      "Parallel Aware": false,
      "Startup Cost": 45755.05,
      "Total Cost": 45755.06,
      "Plan Rows": 1,
      "Plan Width": 8,
      "Actual Startup Time": 158.7,
      "Actual Total Time": 168.252,
      "Actual Rows": 1,
      "Actual Loops": 1,
      "Plans": [
        {
          "Node Type": "Gather",
          "Parent Relationship": "Outer",
          "Parallel Aware": false,
          "Startup Cost": 45754.73,
          "Total Cost": 45755.04,
          "Plan Rows": 3,
          "Plan Width": 8,
          "Actual Startup Time": 158.572,
          "Actual Total Time": 168.244,
          "Actual Rows": 4,
          "Actual Loops": 1,
          "Workers Planned": 3,
          "Workers Launched": 3,
          "Single Copy": false,
          "Plans": [
            {
              "Node Type": "Aggregate",
              "Strategy": "Plain",
              "Partial Mode": "Partial",
              "Parent Relationship": "Outer",
              "Parallel Aware": false,
              "Startup Cost": 44754.73,
              "Total Cost": 44754.74,
              "Plan Rows": 1,
              "Plan Width": 8,
              "Actual Startup Time": 152.748,
              "Actual Total Time": 152.749,
              "Actual Rows": 1,
              "Actual Loops": 4,
              "Plans": [
                {
                  "Node Type": "Seq Scan",
                  "Parent Relationship": "Outer",
                  "Parallel Aware": true,
                  "Relation Name": "movie_keyword",
                  "Alias": "mk",
                  "Startup Cost": 0.0,
                  "Total Cost": 42695.65,
                  "Plan Rows": 823632,
                  "Plan Width": 0,
                  "Actual Startup Time": 0.054,
                  "Actual Total Time": 122.161,
                  "Actual Rows": 637396,
                  "Actual Loops": 4,
                  "Filter": "(keyword_id < 6425)",
                  "Rows Removed by Filter": 493587
                }
              ]
            }
          ]
        }
      ]
    },
    "Planning Time": 0.176,
    "Triggers": [],
    "Execution Time": 168.305
  }
]