{
  "Plan": {
    "Node Type": "Aggregate",
    "Strategy": "Plain",
    "Partial Mode": "Finalize",
    "Parallel Aware": false,
    "Startup Cost": 469955.3,
    "Total Cost": 469955.31,
    "Plan Rows": 1,
    "Plan Width": 8,
    "Actual Startup Time": 1113.416,
    "Actual Total Time": 1143.852,
    "Actual Rows": 1,
    "Actual Loops": 1,
    "Plans": [
      {
        "Node Type": "Gather",
        "Parent Relationship": "Outer",
        "Parallel Aware": false,
        "Startup Cost": 469955.19,
        "Total Cost": 469955.3,
        "Plan Rows": 1,
        "Plan Width": 8,
        "Actual Startup Time": 1112.313,
        "Actual Total Time": 1143.843,
        "Actual Rows": 2,
        "Actual Loops": 1,
        "Workers Planned": 1,
        "Workers Launched": 1,
        "Single Copy": false,
        "Plans": [
          {
            "Node Type": "Aggregate",
            "Strategy": "Plain",
            "Partial Mode": "Partial",
            "Parent Relationship": "Outer",
            "Parallel Aware": false,
            "Startup Cost": 468955.19,
            "Total Cost": 468955.2,
            "Plan Rows": 1,
            "Plan Width": 8,
            "Actual Startup Time": 1106.444,
            "Actual Total Time": 1106.447,
            "Actual Rows": 1,
            "Actual Loops": 2,
            "Plans": [
              {
                "Node Type": "Hash Join",
                "Parent Relationship": "Outer",
                "Parallel Aware": true,
                "Join Type": "Inner",
                "Startup Cost": 169836.66,
                "Total Cost": 468471.66,
                "Plan Rows": 193412,
                "Plan Width": 0,
                "Actual Startup Time": 356.936,
                "Actual Total Time": 1094.567,
                "Actual Rows": 221324,
                "Actual Loops": 2,
                "Inner Unique": true,
                "Hash Cond": "(ci.movie_id = t.id)",
                "Plans": [
                  {
                    "Node Type": "Bitmap Heap Scan",
                    "Parent Relationship": "Outer",
                    "Parallel Aware": true,
                    "Relation Name": "cast_info",
                    "Alias": "ci",
                    "Startup Cost": 114064.68,
                    "Total Cost": 404725.22,
                    "Plan Rows": 3037884,
                    "Plan Width": 4,
                    "Actual Startup Time": 174.617,
                    "Actual Total Time": 507.393,
                    "Actual Rows": 2500794,
                    "Actual Loops": 2,
                    "Recheck Cond": "(person_id > 3169561)",
                    "Rows Removed by Index Recheck": 0,
                    "Exact Heap Blocks": 45391,
                    "Lossy Heap Blocks": 0,
                    "Plans": [
                      {
                        "Node Type": "Bitmap Index Scan",
                        "Parent Relationship": "Outer",
                        "Parallel Aware": false,
                        "Index Name": "person_id_cast_info",
                        "Startup Cost": 0.0,
                        "Total Cost": 112773.58,
                        "Plan Rows": 5164402,
                        "Plan Width": 0,
                        "Actual Startup Time": 162.772,
                        "Actual Total Time": 162.773,
                        "Actual Rows": 5001587,
                        "Actual Loops": 1,
                        "Index Cond": "(person_id > 3169561)"
                      }
                    ]
                  },
                  {
                    "Node Type": "Hash",
                    "Parent Relationship": "Inner",
                    "Parallel Aware": true,
                    "Startup Cost": 54588.39,
                    "Total Cost": 54588.39,
                    "Plan Rows": 94687,
                    "Plan Width": 4,
                    "Actual Startup Time": 179.166,
                    "Actual Total Time": 179.167,
                    "Actual Rows": 82154,
                    "Actual Loops": 2,
                    "Hash Buckets": 262144,
                    "Original Hash Buckets": 262144,
                    "Hash Batches": 1,
                    "Original Hash Batches": 1,
                    "Peak Memory Usage": 8480,
                    "Plans": [
                      {
                        "Node Type": "Seq Scan",
                        "Parent Relationship": "Outer",
                        "Parallel Aware": true,
                        "Relation Name": "title",
                        "Alias": "t",
                        "Startup Cost": 0.0,
                        "Total Cost": 54588.39,
                        "Plan Rows": 94687,
                        "Plan Width": 4,
                        "Actual Startup Time": 0.027,
                        "Actual Total Time": 152.623,
                        "Actual Rows": 82154,
                        "Actual Loops": 2,
                        "Filter": "(production_year = 2012)",
                        "Rows Removed by Filter": 1182002
                      }
                    ]
                  }
                ]
              }
            ]
          }
        ]
      }
    ]
  },
  "Planning Time": 0.384,
  "Triggers": [],
  "Execution Time": 1143.918
}