{
  "Plan": {
    "Node Type": "Aggregate",
    "Strategy": "Plain",
    "Partial Mode": "Finalize",
    "Parallel Aware": false,
    "Startup Cost": 126305.73,
    "Total Cost": 126305.74,
    "Plan Rows": 1,
    "Plan Width": 8,
    "Actual Startup Time": 707.89,
    "Actual Total Time": 725.012,
    "Actual Rows": 1,
    "Actual Loops": 1,
    "Plans": [
      {
        "Node Type": "Gather",
        "Parent Relationship": "Outer",
        "Parallel Aware": false,
        "Startup Cost": 126305.62,
        "Total Cost": 126305.73,
        "Plan Rows": 1,
        "Plan Width": 8,
        "Actual Startup Time": 704.711,
        "Actual Total Time": 725.005,
        "Actual Rows": 2,
        "Actual Loops": 1,
        "Workers Planned": 1,
        "Workers Launched": 1,
        "Single Copy": false,
        "Plans": [
          {
            "Node Type": "Aggregate",
            "Strategy": "Plain",
            "Partial Mode": "Partial",
            "Parent Relationship": "Outer",
            "Parallel Aware": false,
            "Startup Cost": 125305.62,
            "Total Cost": 125305.63,
            "Plan Rows": 1,
            "Plan Width": 8,
            "Actual Startup Time": 697.132,
            "Actual Total Time": 697.136,
            "Actual Rows": 1,
            "Actual Loops": 2,
            "Plans": [
              {
                "Node Type": "Hash Join",
                "Parent Relationship": "Outer",
                "Parallel Aware": true,
                "Join Type": "Inner",
                "Startup Cost": 90436.62,
                "Total Cost": 124173.74,
                "Plan Rows": 452750,
                "Plan Width": 0,
                "Actual Startup Time": 479.145,
                "Actual Total Time": 687.845,
                "Actual Rows": 203351,
                "Actual Loops": 2,
                "Inner Unique": true,
                "Hash Cond": "(mk.movie_id = t.id)",
                "Plans": [
                  {
                    "Node Type": "Bitmap Heap Scan",
                    "Parent Relationship": "Outer",
                    "Parallel Aware": true,
                    "Relation Name": "movie_keyword",
                    "Alias": "mk",
                    "Startup Cost": 22134.72,
                    "Total Cost": 54260.72,
                    "Plan Rows": 613760,
                    "Plan Width": 4,
                    "Actual Startup Time": 65.382,
                    "Actual Total Time": 158.698,
                    "Actual Rows": 525018,
                    "Actual Loops": 2,
                    "Recheck Cond": "(keyword_id < 1046)",
                    "Rows Removed by Index Recheck": 0,
                    "Exact Heap Blocks": 13457,
                    "Lossy Heap Blocks": 0,
                    "Plans": [
                      {
                        "Node Type": "Bitmap Index Scan",
                        "Parent Relationship": "Outer",
                        "Parallel Aware": false,
                        "Index Name": "keyword_id_movie_keyword",
                        "Startup Cost": 0.0,
                        "Total Cost": 21873.87,
                        "Plan Rows": 1043392,
                        "Plan Width": 0,
                        "Actual Startup Time": 61.615,
                        "Actual Total Time": 61.616,
                        "Actual Rows": 1050037,
                        "Actual Loops": 1,
                        "Index Cond": "(keyword_id < 1046)"
                      }
                    ]
                  },
                  {
                    "Node Type": "Hash",
                    "Parent Relationship": "Inner",
                    "Parallel Aware": true,
                    "Startup Cost": 54588.39,
                    "Total Cost": 54588.39,
                    "Plan Rows": 1097081,
                    "Plan Width": 4,
                    "Actual Startup Time": 401.318,
                    "Actual Total Time": 401.318,
                    "Actual Rows": 932744,
                    "Actual Loops": 2,
                    "Hash Buckets": 2097152,
                    "Original Hash Buckets": 2097152,
                    "Hash Batches": 1,
                    "Original Hash Batches": 1,
                    "Peak Memory Usage": 89376,
                    "Plans": [
                      {
                        "Node Type": "Seq Scan",
                        "Parent Relationship": "Outer",
                        "Parallel Aware": true,
                        "Relation Name": "title",
                        "Alias": "t",
                        "Startup Cost": 0.0,
                        "Total Cost": 54588.39,
                        "Plan Rows": 1097081,
                        "Plan Width": 4,
                        "Actual Startup Time": 0.027,
                        "Actual Total Time": 166.304,
                        "Actual Rows": 932744,
                        "Actual Loops": 2,
                        "Filter": "(kind_id > 1)",
                        "Rows Removed by Filter": 331412
                      }
                    ]
                  }
                ]
              }
            ]
          }
        ]
      }
    ]
  },
  "Planning Time": 0.5,
  "Triggers": [],
  "Execution Time": 725.086
}