[
  {
    "Plan": {
      "Node Type": "Aggregate",
      "Strategy": "Plain",
      "Partial Mode": "Simple",
      "Parallel Aware": false,
      "Startup Cost": 3256.62,
      "Total Cost": 3256.63,
      "Plan Rows": 1,
      "Plan Width": 8,
      "Actual Startup Time": 14.851,
      "Actual Total Time": 14.854,
      "Actual Rows": 1,
      "Actual Loops": 1,
      "Plans": [
        {
          "Node Type": "Nested Loop",
          "Parent Relationship": "Outer",
          "Parallel Aware": false,
          "Join Type": "Inner",
          "Startup Cost": 7.23,
          "Total Cost": 3255.19,
          "Plan Rows": 570,
          "Plan Width": 0,
          "Actual Startup Time": 0.328,
          "Actual Total Time": 13.505,
          "Actual Rows": 8880,
          "Actual Loops": 1,
          "Inner Unique": false,
          "Plans": [
            {
              "Node Type": "Nested Loop",
              "Parent Relationship": "Outer",
              "Parallel Aware": false,
              "Join Type": "Inner",
              "Startup Cost": 6.79,
              "Total Cost": 3018.6,
              "Plan Rows": 97,
              "Plan Width": 8,
              "Actual Startup Time": 0.301,
              "Actual Total Time": 1.906,
              "Actual Rows": 92,
              "Actual Loops": 1,
              "Inner Unique": true,
              "Plans": [
                {
                  "Node Type": "Bitmap Heap Scan",
                  "Parent Relationship": "Outer",
                  "Parallel Aware": false,
                  "Relation Name": "movie_keyword",
                  "Alias": "mk",
                  "Startup Cost": 6.36,
                  "Total Cost": 926.55,
                  "Plan Rows": 249,
                  "Plan Width": 4,
                  "Actual Startup Time": 0.165,
                  "Actual Total Time": 0.532,
                  "Actual Rows": 111,
                  "Actual Loops": 1,
                  "Recheck Cond": "(keyword_id = 11178)",
                  "Rows Removed by Index Recheck": 0,
                  "Exact Heap Blocks": 108,
                  "Lossy Heap Blocks": 0,
                  "Plans": [
                    {
                      "Node Type": "Bitmap Index Scan",
                      "Parent Relationship": "Outer",
                      "Parallel Aware": false,
                      "Index Name": "keyword_id_movie_keyword",
                      "Startup Cost": 0.0,
                      "Total Cost": 6.3,
                      "Plan Rows": 249,
                      "Plan Width": 0,
                      "Actual Startup Time": 0.135,
                      "Actual Total Time": 0.136,
                      "Actual Rows": 111,
                      "Actual Loops": 1,
                      "Index Cond": "(keyword_id = 11178)"
                    }
                  ]
                },
                {
                  "Node Type": "Index Scan",
                  "Parent Relationship": "Inner",
                  "Parallel Aware": false,
                  "Scan Direction": "Forward",
                  "Index Name": "title_pkey",
                  "Relation Name": "title",
                  "Alias": "t",
                  "Startup Cost": 0.43,
                  "Total Cost": 8.4,
                  "Plan Rows": 1,
                  "Plan Width": 4,
                  "Actual Startup Time": 0.011,
                  "Actual Total Time": 0.011,
                  "Actual Rows": 1,
                  "Actual Loops": 111,
                  "Index Cond": "(id = mk.movie_id)",
                  "Rows Removed by Index Recheck": 0,
                  "Filter": "(kind_id < 7)",
                  "Rows Removed by Filter": 0
                }
              ]
            },
            {
              "Node Type": "Index Only Scan",
              "Parent Relationship": "Inner",
              "Parallel Aware": false,
              "Scan Direction": "Forward",
              "Index Name": "movie_id_movie_info",
              "Relation Name": "movie_info",
              "Alias": "mi",
              "Startup Cost": 0.43,
              "Total Cost": 2.03,
              "Plan Rows": 41,
              "Plan Width": 4,
              "Actual Startup Time": 0.023,
              "Actual Total Time": 0.103,
              "Actual Rows": 97,
              "Actual Loops": 92,
              "Index Cond": "(movie_id = t.id)",
              "Rows Removed by Index Recheck": 0,
              "Heap Fetches": 8880
            }
          ]
        }
      ]
    },
    "Planning Time": 1.009,
    "Triggers": [],
    "Execution Time": 14.919
  }
]