[
  {
    "Plan": {
      "Node Type": "Aggregate",
      "Strategy": "Plain",
      "Partial Mode": "Finalize",
      "Parallel Aware": false,
      "Startup Cost": 295824.43,
      "Total Cost": 295824.44,
      "Plan Rows": 1,
      "Plan Width": 8,
      "Actual Startup Time": 813.616,
      "Actual Total Time": 868.278,
      "Actual Rows": 1,
      "Actual Loops": 1,
      "Plans": [
        {
          "Node Type": "Gather",
          "Parent Relationship": "Outer",
          "Parallel Aware": false,
          "Startup Cost": 295824.11,
          "Total Cost": 295824.42,
          "Plan Rows": 3,
          "Plan Width": 8,
          "Actual Startup Time": 810.381,
          "Actual Total Time": 868.266,
          "Actual Rows": 4,
          "Actual Loops": 1,
          "Workers Planned": 3,
          "Workers Launched": 3,
          "Single Copy": false,
          "Plans": [
            {
              "Node Type": "Aggregate",
              "Strategy": "Plain",
              "Partial Mode": "Partial",
              "Parent Relationship": "Outer",
              "Parallel Aware": false,
              "Startup Cost": 294824.11,
              "Total Cost": 294824.12,
              "Plan Rows": 1,
              "Plan Width": 8,
              "Actual Startup Time": 805.523,
              "Actual Total Time": 805.657,
              "Actual Rows": 1,
              "Actual Loops": 4,
              "Plans": [
                {
                  "Node Type": "Hash Join",
                  "Parent Relationship": "Outer",
                  "Parallel Aware": true,
                  "Join Type": "Inner",
                  "Startup Cost": 248837.37,
                  "Total Cost": 294469.0,
                  "Plan Rows": 142045,
                  "Plan Width": 0,
                  "Actual Startup Time": 655.98,
                  "Actual Total Time": 802.984,
                  "Actual Rows": 66081,
                  "Actual Loops": 4,
                  "Inner Unique": false,
                  "Hash Cond": "(mk.movie_id = t.id)",
                  "Plans": [
                    {
                      "Node Type": "Seq Scan",
                      "Parent Relationship": "Outer",
                      "Parallel Aware": true,
                      "Relation Name": "movie_keyword",
                      "Alias": "mk",
                      "Startup Cost": 0.0,
                      "Total Cost": 42695.65,
                      "Plan Rows": 707169,
                      "Plan Width": 4,
                      "Actual Startup Time": 0.312,
                      "Actual Total Time": 98.296,
                      "Actual Rows": 545070,
                      "Actual Loops": 4,
                      "Filter": "(keyword_id > 5211)",
                      "Rows Removed by Filter": 585912
                    },
                    {
                      "Node Type": "Hash",
                      "Parent Relationship": "Inner",
                      "Parallel Aware": true,
                      "Startup Cost": 247567.7,
                      "Total Cost": 247567.7,
                      "Plan Rows": 101574,
                      "Plan Width": 8,
                      "Actual Startup Time": 653.702,
                      "Actual Total Time": 653.833,
                      "Actual Rows": 47172,
                      "Actual Loops": 4,
                      "Hash Buckets": 524288,
                      "Original Hash Buckets": 524288,
                      "Hash Batches": 1,
                      "Original Hash Batches": 1,
                      "Peak Memory Usage": 11552,
                      "Plans": [
                        {
                          "Node Type": "Hash Join",
                          "Parent Relationship": "Outer",
                          "Parallel Aware": true,
                          "Join Type": "Inner",
                          "Startup Cost": 47305.9,
                          "Total Cost": 247567.7,
                          "Plan Rows": 101574,
                          "Plan Width": 8,
                          "Actual Startup Time": 172.323,
                          "Actual Total Time": 636.755,
                          "Actual Rows": 47172,
                          "Actual Loops": 4,
                          "Inner Unique": true,
                          "Hash Cond": "(mi.movie_id = t.id)",
                          "Plans": [
                            {
                              "Node Type": "Seq Scan",
                              "Parent Relationship": "Outer",
                              "Parallel Aware": true,
                              "Relation Name": "movie_info",
                              "Alias": "mi",
                              "Startup Cost": 0.0,
                              "Total Cost": 199108.24,
                              "Plan Rows": 439450,
                              "Plan Width": 4,
                              "Actual Startup Time": 20.633,
                              "Actual Total Time": 391.8,
                              "Actual Rows": 558462,
                              "Actual Loops": 4,
                              "Filter": "(info_type_id > 16)",
                              "Rows Removed by Filter": 3150468
                            },
                            {
                              "Node Type": "Hash",
                              "Parent Relationship": "Inner",
                              "Parallel Aware": true,
                              "Startup Cost": 45479.59,
                              "Total Cost": 45479.59,
                              "Plan Rows": 146105,
                              "Plan Width": 4,
                              "Actual Startup Time": 149.559,
                              "Actual Total Time": 149.56,
                              "Actual Rows": 121592,
                              "Actual Loops": 4,
                              "Hash Buckets": 1048576,
                              "Original Hash Buckets": 1048576,
                              "Hash Batches": 1,
                              "Original Hash Batches": 1,
                              "Peak Memory Usage": 27264,
                              "Plans": [
                                {
                                  "Node Type": "Seq Scan",
                                  "Parent Relationship": "Outer",
                                  "Parallel Aware": true,
                                  "Relation Name": "title",
                                  "Alias": "t",
                                  "Startup Cost": 0.0,
                                  "Total Cost": 45479.59,
                                  "Plan Rows": 146105,
                                  "Plan Width": 4,
                                  "Actual Startup Time": 0.033,
                                  "Actual Total Time": 99.805,
                                  "Actual Rows": 121592,
                                  "Actual Loops": 4,
                                  "Filter": "((production_year < 1999) AND (kind_id = 7))",
                                  "Rows Removed by Filter": 510486
                                }
                              ]
                            }
                          ]
                        }
                      ]
                    }
                  ]
                }
              ]
            }
          ]
        }
      ]
    },
    "Planning Time": 0.554,
    "Triggers": [],
    "Execution Time": 868.332
  }
]