[
  {
    "Plan": {
      "Node Type": "Aggregate",
      "Strategy": "Plain",
      "Partial Mode": "Finalize",
      "Parallel Aware": false,
      "Startup Cost": 335118.81,
      "Total Cost": 335118.82,
      "Plan Rows": 1,
      "Plan Width": 8,
      "Actual Startup Time": 838.655,
      "Actual Total Time": 914.493,
      "Actual Rows": 1,
      "Actual Loops": 1,
      "Plans": [
        {
          "Node Type": "Gather",
          "Parent Relationship": "Outer",
          "Parallel Aware": false,
          "Startup Cost": 335118.19,
          "Total Cost": 335118.8,
          "Plan Rows": 6,
          "Plan Width": 8,
          "Actual Startup Time": 838.342,
          "Actual Total Time": 914.48,
          "Actual Rows": 7,
          "Actual Loops": 1,
          "Workers Planned": 6,
          "Workers Launched": 6,
          "Single Copy": false,
          "Plans": [
            {
              "Node Type": "Aggregate",
              "Strategy": "Plain",
              "Partial Mode": "Partial",
              "Parent Relationship": "Outer",
              "Parallel Aware": false,
              "Startup Cost": 334118.19,
              "Total Cost": 334118.2,
              "Plan Rows": 1,
              "Plan Width": 8,
              "Actual Startup Time": 831.336,
              "Actual Total Time": 831.338,
              "Actual Rows": 1,
              "Actual Loops": 7,
              "Plans": [
                {
                  "Node Type": "Seq Scan",
                  "Parent Relationship": "Outer",
                  "Parallel Aware": true,
                  "Relation Name": "cast_info",
                  "Alias": "ci",
                  "Startup Cost": 0.0,
                  "Total Cost": 328211.39,
                  "Plan Rows": 2362719,
                  "Plan Width": 0,
                  "Actual Startup Time": 307.739,
                  "Actual Total Time": 716.43,
                  "Actual Rows": 1983107,
                  "Actual Loops": 7,
                  "Filter": "(person_id > 2279590)",
                  "Rows Removed by Filter": 3194656
                }
              ]
            }
          ]
        }
      ]
    },
    "Planning Time": 0.112,
    "Triggers": [],
    "Execution Time": 914.547
  }
]