[
  {
    "Plan": {
      "Node Type": "Aggregate",
      "Strategy": "Plain",
      "Partial Mode": "Finalize",
      "Parallel Aware": false,
      "Startup Cost": 121640.5,
      "Total Cost": 121640.51,
      "Plan Rows": 1,
      "Plan Width": 8,
      "Actual Startup Time": 548.17,
      "Actual Total Time": 570.191,
      "Actual Rows": 1,
      "Actual Loops": 1,
      "Plans": [
        {
          "Node Type": "Gather",
          "Parent Relationship": "Outer",
          "Parallel Aware": false,
          "Startup Cost": 121640.18,
          "Total Cost": 121640.49,
          "Plan Rows": 3,
          "Plan Width": 8,
          "Actual Startup Time": 543.718,
          "Actual Total Time": 570.184,
          "Actual Rows": 4,
          "Actual Loops": 1,
          "Workers Planned": 3,
          "Workers Launched": 3,
          "Single Copy": false,
          "Plans": [
            {
              "Node Type": "Aggregate",
              "Strategy": "Plain",
              "Partial Mode": "Partial",
              "Parent Relationship": "Outer",
              "Parallel Aware": false,
              "Startup Cost": 120640.18,
              "Total Cost": 120640.19,
              "Plan Rows": 1,
              "Plan Width": 8,
              "Actual Startup Time": 535.037,
              "Actual Total Time": 535.044,
              "Actual Rows": 1,
              "Actual Loops": 4,
              "Plans": [
                {
                  "Node Type": "Hash Join",
                  "Parent Relationship": "Outer",
                  "Parallel Aware": true,
                  "Join Type": "Inner",
                  "Startup Cost": 89873.75,
                  "Total Cost": 120463.93,
                  "Plan Rows": 70502,
                  "Plan Width": 0,
                  "Actual Startup Time": 337.696,
                  "Actual Total Time": 514.639,
                  "Actual Rows": 453377,
                  "Actual Loops": 4,
                  "Inner Unique": false,
                  "Hash Cond": "(mc.movie_id = t.id)",
                  "Plans": [
                    {
                      "Node Type": "Seq Scan",
                      "Parent Relationship": "Outer",
                      "Parallel Aware": true,
                      "Relation Name": "movie_companies",
                      "Alias": "mc",
                      "Startup Cost": 0.0,
                      "Total Cost": 27206.55,
                      "Plan Rows": 841655,
                      "Plan Width": 4,
                      "Actual Startup Time": 0.014,
                      "Actual Total Time": 60.93,
                      "Actual Rows": 652282,
                      "Actual Loops": 4
                    },
                    {
                      "Node Type": "Hash",
                      "Parent Relationship": "Inner",
                      "Parallel Aware": true,
                      "Startup Cost": 89019.73,
                      "Total Cost": 89019.73,
                      "Plan Rows": 68321,
                      "Plan Width": 8,
                      "Actual Startup Time": 335.647,
                      "Actual Total Time": 335.652,
                      "Actual Rows": 76426,
                      "Actual Loops": 4,
                      "Hash Buckets": 524288,
                      "Original Hash Buckets": 262144,
                      "Hash Batches": 1,
                      "Original Hash Batches": 1,
                      "Peak Memory Usage": 18176,
                      "Plans": [
                        {
                          "Node Type": "Hash Join",
                          "Parent Relationship": "Outer",
                          "Parallel Aware": true,
                          "Join Type": "Inner",
                          "Startup Cost": 45341.55,
                          "Total Cost": 89019.73,
                          "Plan Rows": 68321,
                          "Plan Width": 8,
                          "Actual Startup Time": 149.935,
                          "Actual Total Time": 304.83,
                          "Actual Rows": 76426,
                          "Actual Loops": 4,
                          "Inner Unique": true,
                          "Hash Cond": "(mk.movie_id = t.id)",
                          "Plans": [
                            {
                              "Node Type": "Seq Scan",
                              "Parent Relationship": "Outer",
                              "Parallel Aware": true,
                              "Relation Name": "movie_keyword",
                              "Alias": "mk",
                              "Startup Cost": 0.0,
                              "Total Cost": 42695.65,
                              "Plan Rows": 374299,
                              "Plan Width": 4,
                              "Actual Startup Time": 0.03,
                              "Actual Total Time": 101.754,
                              "Actual Rows": 289965,
                              "Actual Loops": 4,
                              "Filter": "(keyword_id < 1382)",
                              "Rows Removed by Filter": 841017
                            },
                            {
                              "Node Type": "Hash",
                              "Parent Relationship": "Inner",
                              "Parallel Aware": true,
                              "Startup Cost": 43899.32,
                              "Total Cost": 43899.32,
                              "Plan Rows": 115378,
                              "Plan Width": 4,
                              "Actual Startup Time": 147.9,
                              "Actual Total Time": 147.902,
                              "Actual Rows": 119900,
                              "Actual Loops": 4,
                              "Hash Buckets": 524288,
                              "Original Hash Buckets": 524288,
                              "Hash Batches": 1,
                              "Original Hash Batches": 1,
                              "Peak Memory Usage": 22912,
                              "Plans": [
                                {
                                  "Node Type": "Seq Scan",
                                  "Parent Relationship": "Outer",
                                  "Parallel Aware": true,
                                  "Relation Name": "title",
                                  "Alias": "t",
                                  "Startup Cost": 0.0,
                                  "Total Cost": 43899.32,
                                  "Plan Rows": 115378,
                                  "Plan Width": 4,
                                  "Actual Startup Time": 0.049,
                                  "Actual Total Time": 104.134,
                                  "Actual Rows": 119900,
                                  "Actual Loops": 4,
                                  "Filter": "(production_year < 1978)",
                                  "Rows Removed by Filter": 512178
                                }
                              ]
                            }
                          ]
                        }
                      ]
                    }
                  ]
                }
              ]
            }
          ]
        }
      ]
    },
    "Planning Time": 0.85,
    "Triggers": [],
    "Execution Time": 570.252
  }
]