[
  {
    "Plan": {
      "Node Type": "Aggregate",
      "Strategy": "Plain",
      "Partial Mode": "Finalize",
      "Parallel Aware": false,
      "Startup Cost": 46636.39,
      "Total Cost": 46636.4,
      "Plan Rows": 1,
      "Plan Width": 8,
      "Actual Startup Time": 92.711,
      "Actual Total Time": 104.608,
      "Actual Rows": 1,
      "Actual Loops": 1,
      "Plans": [
        {
          "Node Type": "Gather",
          "Parent Relationship": "Outer",
          "Parallel Aware": false,
          "Startup Cost": 46635.97,
          "Total Cost": 46636.38,
          "Plan Rows": 4,
          "Plan Width": 8,
          "Actual Startup Time": 92.574,
          "Actual Total Time": 104.6,
          "Actual Rows": 5,
          "Actual Loops": 1,
          "Workers Planned": 4,
          "Workers Launched": 4,
          "Single Copy": false,
          "Plans": [
            {
              "Node Type": "Aggregate",
              "Strategy": "Plain",
              "Partial Mode": "Partial",
              "Parent Relationship": "Outer",
              "Parallel Aware": false,
              "Startup Cost": 45635.97,
              "Total Cost": 45635.98,
              "Plan Rows": 1,
              "Plan Width": 8,
              "Actual Startup Time": 86.112,
              "Actual Total Time": 86.113,
              "Actual Rows": 1,
              "Actual Loops": 5,
              "Plans": [
                {
                  "Node Type": "Seq Scan",
                  "Parent Relationship": "Outer",
                  "Parallel Aware": true,
                  "Relation Name": "title",
                  "Alias": "t",
                  "Startup Cost": 0.0,
                  "Total Cost": 45479.59,
                  "Plan Rows": 62555,
                  "Plan Width": 0,
                  "Actual Startup Time": 46.76,
                  "Actual Total Time": 82.531,
                  "Actual Rows": 73324,
                  "Actual Loops": 5,
                  "Filter": "((kind_id < 2) AND (production_year < 1999))",
                  "Rows Removed by Filter": 432339
                }
              ]
            }
          ]
        }
      ]
    },
    "Planning Time": 0.102,
    "Triggers": [],
    "Execution Time": 104.653
  }
]