[
  {
    "Plan": {
      "Node Type": "Aggregate",
      "Strategy": "Plain",
      "Partial Mode": "Finalize",
      "Parallel Aware": false,
      "Startup Cost": 32986.49,
      "Total Cost": 32986.5,
      "Plan Rows": 1,
      "Plan Width": 8,
      "Actual Startup Time": 70.845,
      "Actual Total Time": 76.614,
      "Actual Rows": 1,
      "Actual Loops": 1,
      "Plans": [
        {
          "Node Type": "Gather",
          "Parent Relationship": "Outer",
          "Parallel Aware": false,
          "Startup Cost": 32986.17,
          "Total Cost": 32986.48,
          "Plan Rows": 3,
          "Plan Width": 8,
          "Actual Startup Time": 70.78,
          "Actual Total Time": 76.608,
          "Actual Rows": 4,
          "Actual Loops": 1,
          "Workers Planned": 3,
          "Workers Launched": 3,
          "Single Copy": false,
          "Plans": [
            {
              "Node Type": "Aggregate",
              "Strategy": "Plain",
              "Partial Mode": "Partial",
              "Parent Relationship": "Outer",
              "Parallel Aware": false,
              "Startup Cost": 31986.17,
              "Total Cost": 31986.18,
              "Plan Rows": 1,
              "Plan Width": 8,
              "Actual Startup Time": 67.826,
              "Actual Total Time": 67.826,
              "Actual Rows": 1,
              "Actual Loops": 4,
              "Plans": [
                {
                  "Node Type": "Seq Scan",
                  "Parent Relationship": "Outer",
                  "Parallel Aware": true,
                  "Relation Name": "movie_companies",
                  "Alias": "mc",
                  "Startup Cost": 0.0,
                  "Total Cost": 31414.82,
                  "Plan Rows": 228540,
                  "Plan Width": 0,
                  "Actual Startup Time": 34.275,
                  "Actual Total Time": 63.145,
                  "Actual Rows": 111506,
                  "Actual Loops": 4,
                  "Filter": "((company_id < 11950) AND (company_type_id = 2))",
                  "Rows Removed by Filter": 540776
                }
              ]
            }
          ]
        }
      ]
    },
    "Planning Time": 0.089,
    "Triggers": [],
    "Execution Time": 76.643
  }
]