[
  {
    "Plan": {
      "Node Type": "Aggregate",
      "Strategy": "Plain",
      "Partial Mode": "Finalize",
      "Parallel Aware": false,
      "Startup Cost": 32981.91,
      "Total Cost": 32981.92,
      "Plan Rows": 1,
      "Plan Width": 8,
      "Actual Startup Time": 89.414,
      "Actual Total Time": 94.879,
      "Actual Rows": 1,
      "Actual Loops": 1,
      "Plans": [
        {
          "Node Type": "Gather",
          "Parent Relationship": "Outer",
          "Parallel Aware": false,
          "Startup Cost": 32981.59,
          "Total Cost": 32981.9,
          "Plan Rows": 3,
          "Plan Width": 8,
          "Actual Startup Time": 89.113,
          "Actual Total Time": 94.871,
          "Actual Rows": 4,
          "Actual Loops": 1,
          "Workers Planned": 3,
          "Workers Launched": 3,
          "Single Copy": false,
          "Plans": [
            {
              "Node Type": "Aggregate",
              "Strategy": "Plain",
              "Partial Mode": "Partial",
              "Parent Relationship": "Outer",
              "Parallel Aware": false,
              "Startup Cost": 31981.59,
              "Total Cost": 31981.6,
              "Plan Rows": 1,
              "Plan Width": 8,
              "Actual Startup Time": 82.111,
              "Actual Total Time": 82.111,
              "Actual Rows": 1,
              "Actual Loops": 4,
              "Plans": [
                {
                  "Node Type": "Seq Scan",
                  "Parent Relationship": "Outer",
                  "Parallel Aware": true,
                  "Relation Name": "movie_companies",
                  "Alias": "mc",
                  "Startup Cost": 0.0,
                  "Total Cost": 31414.82,
                  "Plan Rows": 226708,
                  "Plan Width": 0,
                  "Actual Startup Time": 47.549,
                  "Actual Total Time": 77.566,
                  "Actual Rows": 111506,
                  "Actual Loops": 4,
                  "Filter": "((company_id < 11950) AND (company_type_id = 2))",
                  "Rows Removed by Filter": 540776
                }
              ]
            }
          ]
        }
      ]
    },
    "Planning Time": 0.216,
    "Triggers": [],
    "Execution Time": 94.941
  }
]