{
  "Plan": {
    "Node Type": "Aggregate",
    "Strategy": "Plain",
    "Partial Mode": "Finalize",
    "Parallel Aware": false,
    "Startup Cost": 922329.27,
    "Total Cost": 922329.28,
    "Plan Rows": 1,
    "Plan Width": 64,
    "Actual Startup Time": 9885.173,
    "Actual Total Time": 9951.764,
    "Actual Rows": 1,
    "Actual Loops": 1,
    "Plans": [
      {
        "Node Type": "Gather",
        "Parent Relationship": "Outer",
        "Parallel Aware": false,
        "Startup Cost": 922329.15,
        "Total Cost": 922329.26,
        "Plan Rows": 1,
        "Plan Width": 64,
        "Actual Startup Time": 9885.164,
        "Actual Total Time": 9951.756,
        "Actual Rows": 2,
        "Actual Loops": 1,
        "Workers Planned": 1,
        "Workers Launched": 1,
        "Single Copy": false,
        "Plans": [
          {
            "Node Type": "Aggregate",
            "Strategy": "Plain",
            "Partial Mode": "Partial",
            "Parent Relationship": "Outer",
            "Parallel Aware": false,
            "Startup Cost": 921329.15,
            "Total Cost": 921329.16,
            "Plan Rows": 1,
            "Plan Width": 64,
            "Actual Startup Time": 9872.002,
            "Actual Total Time": 9872.015,
            "Actual Rows": 1,
            "Actual Loops": 2,
            "Plans": [
              {
                "Node Type": "Hash Join",
                "Parent Relationship": "Outer",
                "Parallel Aware": false,
                "Join Type": "Inner",
                "Startup Cost": 418261.79,
                "Total Cost": 921323.79,
                "Plan Rows": 1072,
                "Plan Width": 32,
                "Actual Startup Time": 2385.999,
                "Actual Total Time": 9765.396,
                "Actual Rows": 845338,
                "Actual Loops": 2,
                "Inner Unique": true,
                "Hash Cond": "(mi.info_type_id = it.id)",
                "Plans": [
                  {
                    "Node Type": "Hash Join",
                    "Parent Relationship": "Outer",
                    "Parallel Aware": true,
                    "Join Type": "Inner",
                    "Startup Cost": 418259.36,
                    "Total Cost": 920991.49,
                    "Plan Rows": 121124,
                    "Plan Width": 36,
                    "Actual Startup Time": 2385.65,
                    "Actual Total Time": 9450.893,
                    "Actual Rows": 4089901,
                    "Actual Loops": 2,
                    "Inner Unique": true,
                    "Hash Cond": "(ci.person_id = n.id)",
                    "Plans": [
                      {
                        "Node Type": "Nested Loop",
                        "Parent Relationship": "Outer",
                        "Parallel Aware": false,
                        "Join Type": "Inner",
                        "Startup Cost": 324997.3,
                        "Total Cost": 826339.17,
                        "Plan Rows": 529621,
                        "Plan Width": 29,
                        "Actual Startup Time": 1926.288,
                        "Actual Total Time": 8382.342,
                        "Actual Rows": 4091184,
                        "Actual Loops": 2,
                        "Inner Unique": true,
                        "Plans": [
                          {
                            "Node Type": "Nested Loop",
                            "Parent Relationship": "Outer",
                            "Parallel Aware": false,
                            "Join Type": "Inner",
                            "Startup Cost": 324996.87,
                            "Total Cost": 548047.92,
                            "Plan Rows": 529621,
                            "Plan Width": 33,
                            "Actual Startup Time": 1926.207,
                            "Actual Total Time": 3279.427,
                            "Actual Rows": 4123267,
                            "Actual Loops": 2,
                            "Inner Unique": false,
                            "Plans": [
                              {
                                "Node Type": "Hash Join",
                                "Parent Relationship": "Outer",
                                "Parallel Aware": true,
                                "Join Type": "Inner",
                                "Startup Cost": 324996.44,
                                "Total Cost": 382111.5,
                                "Plan Rows": 90235,
                                "Plan Width": 41,
                                "Actual Startup Time": 1926.126,
                                "Actual Total Time": 2191.031,
                                "Actual Rows": 36404,
                                "Actual Loops": 2,
                                "Inner Unique": false,
                                "Hash Cond": "(t.id = mc.movie_id)",
                                "Plans": [
                                  {
                                    "Node Type": "Seq Scan",
                                    "Parent Relationship": "Outer",
                                    "Parallel Aware": true,
                                    "Relation Name": "title",
                                    "Alias": "t",
                                    "Startup Cost": 0.0,
                                    "Total Cost": 54587.68,
                                    "Plan Rows": 532425,
                                    "Plan Width": 21,
                                    "Actual Startup Time": 0.019,
                                    "Actual Total Time": 134.18,
                                    "Actual Rows": 452246,
                                    "Actual Loops": 2,
                                    "Filter": "(production_year > 2006)",
                                    "Rows Removed by Filter": 811910
                                  },
                                  {
                                    "Node Type": "Hash",
                                    "Parent Relationship": "Inner",
                                    "Parallel Aware": true,
                                    "Startup Cost": 321845.89,
                                    "Total Cost": 321845.89,
                                    "Plan Rows": 252044,
                                    "Plan Width": 20,
                                    "Actual Startup Time": 1924.263,
                                    "Actual Total Time": 1924.272,
                                    "Actual Rows": 246342,
                                    "Actual Loops": 2,
                                    "Hash Buckets": 524288,
                                    "Original Hash Buckets": 524288,
                                    "Hash Batches": 1,
                                    "Original Hash Batches": 1,
                                    "Peak Memory Usage": 30976,
                                    "Plans": [
                                      {
                                        "Node Type": "Merge Join",
                                        "Parent Relationship": "Outer",
                                        "Parallel Aware": false,
                                        "Join Type": "Inner",
                                        "Startup Cost": 315425.16,
                                        "Total Cost": 321845.89,
                                        "Plan Rows": 252044,
                                        "Plan Width": 20,
                                        "Actual Startup Time": 1737.244,
                                        "Actual Total Time": 1845.432,
                                        "Actual Rows": 246342,
                                        "Actual Loops": 2,
                                        "Inner Unique": true,
                                        "Merge Cond": "(mc.company_id = cn.id)",
                                        "Plans": [
                                          {
                                            "Node Type": "Sort",
                                            "Parent Relationship": "Outer",
                                            "Parallel Aware": false,
                                            "Startup Cost": 302512.48,
                                            "Total Cost": 304249.77,
                                            "Plan Rows": 694914,
                                            "Plan Width": 24,
                                            "Actual Startup Time": 1695.766,
                                            "Actual Total Time": 1737.831,
                                            "Actual Rows": 498132,
                                            "Actual Loops": 2,
                                            "Sort Key": [
                                              "mc.company_id"
                                            ],
                                            "Sort Method": "quicksort",
                                            "Sort Space Used": 69143,
                                            "Sort Space Type": "Memory",
                                            "Workers": [
                                              {
                                                "Worker Number": 0,
                                                "Sort Method": "quicksort",
                                                "Sort Space Used": 45555,
                                                "Sort Space Type": "Memory"
                                              }
                                            ],
                                            "Plans": [
                                              {
                                                "Node Type": "Hash Join",
                                                "Parent Relationship": "Outer",
                                                "Parallel Aware": false,
                                                "Join Type": "Inner",
                                                "Startup Cost": 176730.07,
                                                "Total Cost": 235083.33,
                                                "Plan Rows": 694914,
                                                "Plan Width": 24,
                                                "Actual Startup Time": 1288.378,
                                                "Actual Total Time": 1593.789,
                                                "Actual Rows": 498132,
                                                "Actual Loops": 2,
                                                "Inner Unique": false,
                                                "Hash Cond": "(mc.movie_id = ci.movie_id)",
                                                "Plans": [
                                                  {
                                                    "Node Type": "Seq Scan",
                                                    "Parent Relationship": "Outer",
                                                    "Parallel Aware": true,
                                                    "Relation Name": "movie_companies",
                                                    "Alias": "mc",
                                                    "Startup Cost": 0.0,
                                                    "Total Cost": 34137.82,
                                                    "Plan Rows": 1534782,
                                                    "Plan Width": 8,
                                                    "Actual Startup Time": 0.02,
                                                    "Actual Total Time": 96.184,
                                                    "Actual Rows": 1304564,
                                                    "Actual Loops": 2
                                                  },
                                                  {
                                                    "Node Type": "Hash",
                                                    "Parent Relationship": "Inner",
                                                    "Parallel Aware": false,
                                                    "Startup Cost": 170750.56,
                                                    "Total Cost": 170750.56,
                                                    "Plan Rows": 478361,
                                                    "Plan Width": 16,
                                                    "Actual Startup Time": 1285.493,
                                                    "Actual Total Time": 1285.498,
                                                    "Actual Rows": 173014,
                                                    "Actual Loops": 2,
                                                    "Hash Buckets": 524288,
                                                    "Original Hash Buckets": 524288,
                                                    "Hash Batches": 1,
                                                    "Original Hash Batches": 1,
                                                    "Peak Memory Usage": 12169,
                                                    "Plans": [
                                                      {
                                                        "Node Type": "Hash Join",
                                                        "Parent Relationship": "Outer",
                                                        "Parallel Aware": false,
                                                        "Join Type": "Inner",
                                                        "Startup Cost": 31676.78,
                                                        "Total Cost": 170750.56,
                                                        "Plan Rows": 478361,
                                                        "Plan Width": 16,
                                                        "Actual Startup Time": 253.625,
                                                        "Actual Total Time": 1248.274,
                                                        "Actual Rows": 173014,
                                                        "Actual Loops": 2,
                                                        "Inner Unique": false,
                                                        "Hash Cond": "(ci.person_id = an.person_id)",
                                                        "Plans": [
                                                          {
                                                            "Node Type": "Nested Loop",
                                                            "Parent Relationship": "Outer",
                                                            "Parallel Aware": false,
                                                            "Join Type": "Inner",
                                                            "Startup Cost": 0.56,
                                                            "Total Cost": 133270.77,
                                                            "Plan Rows": 203993,
                                                            "Plan Width": 12,
                                                            "Actual Startup Time": 0.167,
                                                            "Actual Total Time": 937.949,
                                                            "Actual Rows": 167936,
                                                            "Actual Loops": 2,
                                                            "Inner Unique": false,
                                                            "Plans": [
                                                              {
                                                                "Node Type": "Seq Scan",
                                                                "Parent Relationship": "Outer",
                                                                "Parallel Aware": false,
                                                                "Relation Name": "role_type",
                                                                "Alias": "rt",
                                                                "Startup Cost": 0.0,
                                                                "Total Cost": 1.15,
                                                                "Plan Rows": 1,
                                                                "Plan Width": 4,
                                                                "Actual Startup Time": 0.03,
                                                                "Actual Total Time": 0.034,
                                                                "Actual Rows": 1,
                                                                "Actual Loops": 2,
                                                                "Filter": "((role)::text = 'actress'::text)",
                                                                "Rows Removed by Filter": 11
                                                              },
                                                              {
                                                                "Node Type": "Index Scan",
                                                                "Parent Relationship": "Inner",
                                                                "Parallel Aware": false,
                                                                "Scan Direction": "Forward",
                                                                "Index Name": "role_id_cast_info",
                                                                "Relation Name": "cast_info",
                                                                "Alias": "ci",
                                                                "Startup Cost": 0.56,
                                                                "Total Cost": 131044.24,
                                                                "Plan Rows": 222538,
                                                                "Plan Width": 16,
                                                                "Actual Startup Time": 0.125,
                                                                "Actual Total Time": 924.78,
                                                                "Actual Rows": 167936,
                                                                "Actual Loops": 2,
                                                                "Index Cond": "(role_id = rt.id)",
                                                                "Rows Removed by Index Recheck": 0,
                                                                "Filter": "(note = ANY ('{\"(executive producer)\",(writer),(uncredited),\"(as Ashley Marie Greiner)\"}'::text[]))",
                                                                "Rows Removed by Filter": 7284037
                                                              }
                                                            ]
                                                          },
                                                          {
                                                            "Node Type": "Hash",
                                                            "Parent Relationship": "Inner",
                                                            "Parallel Aware": false,
                                                            "Startup Cost": 20409.43,
                                                            "Total Cost": 20409.43,
                                                            "Plan Rows": 901343,
                                                            "Plan Width": 4,
                                                            "Actual Startup Time": 247.875,
                                                            "Actual Total Time": 247.876,
                                                            "Actual Rows": 901343,
                                                            "Actual Loops": 2,
                                                            "Hash Buckets": 1048576,
                                                            "Original Hash Buckets": 1048576,
                                                            "Hash Batches": 1,
                                                            "Original Hash Batches": 1,
                                                            "Peak Memory Usage": 39880,
                                                            "Plans": [
                                                              {
                                                                "Node Type": "Seq Scan",
                                                                "Parent Relationship": "Outer",
                                                                "Parallel Aware": false,
                                                                "Relation Name": "aka_name",
                                                                "Alias": "an",
                                                                "Startup Cost": 0.0,
                                                                "Total Cost": 20409.43,
                                                                "Plan Rows": 901343,
                                                                "Plan Width": 4,
                                                                "Actual Startup Time": 0.03,
                                                                "Actual Total Time": 95.165,
                                                                "Actual Rows": 901343,
                                                                "Actual Loops": 2
                                                              }
                                                            ]
                                                          }
                                                        ]
                                                      }
                                                    ]
                                                  }
                                                ]
                                              }
                                            ]
                                          },
                                          {
                                            "Node Type": "Sort",
                                            "Parent Relationship": "Inner",
                                            "Parallel Aware": false,
                                            "Startup Cost": 12912.67,
                                            "Total Cost": 13125.75,
                                            "Plan Rows": 85233,
                                            "Plan Width": 4,
                                            "Actual Startup Time": 41.467,
                                            "Actual Total Time": 51.809,
                                            "Actual Rows": 84843,
                                            "Actual Loops": 2,
                                            "Sort Key": [
                                              "cn.id"
                                            ],
                                            "Sort Method": "quicksort",
                                            "Sort Space Used": 7050,
                                            "Sort Space Type": "Memory",
                                            "Workers": [
                                              {
                                                "Worker Number": 0,
                                                "Sort Method": "quicksort",
                                                "Sort Space Used": 7050,
                                                "Sort Space Type": "Memory"
                                              }
                                            ],
                                            "Plans": [
                                              {
                                                "Node Type": "Seq Scan",
                                                "Parent Relationship": "Outer",
                                                "Parallel Aware": false,
                                                "Relation Name": "company_name",
                                                "Alias": "cn",
                                                "Startup Cost": 0.0,
                                                "Total Cost": 5932.46,
                                                "Plan Rows": 85233,
                                                "Plan Width": 4,
                                                "Actual Startup Time": 0.03,
                                                "Actual Total Time": 23.552,
                                                "Actual Rows": 84843,
                                                "Actual Loops": 2,
                                                "Filter": "((country_code)::text = '[us]'::text)",
                                                "Rows Removed by Filter": 150154
                                              }
                                            ]
                                          }
                                        ]
                                      }
                                    ]
                                  }
                                ]
                              },
                              {
                                "Node Type": "Index Scan",
                                "Parent Relationship": "Inner",
                                "Parallel Aware": false,
                                "Scan Direction": "Forward",
                                "Index Name": "movie_id_movie_info",
                                "Relation Name": "movie_info",
                                "Alias": "mi",
                                "Startup Cost": 0.43,
                                "Total Cost": 1.45,
                                "Plan Rows": 39,
                                "Plan Width": 8,
                                "Actual Startup Time": 0.003,
                                "Actual Total Time": 0.019,
                                "Actual Rows": 113,
                                "Actual Loops": 72809,
                                "Index Cond": "(movie_id = mc.movie_id)",
                                "Rows Removed by Index Recheck": 0
                              }
                            ]
                          },
                          {
                            "Node Type": "Index Only Scan",
                            "Parent Relationship": "Inner",
                            "Parallel Aware": false,
                            "Scan Direction": "Forward",
                            "Index Name": "char_name_pkey",
                            "Relation Name": "char_name",
                            "Alias": "chn",
                            "Startup Cost": 0.43,
                            "Total Cost": 0.53,
                            "Plan Rows": 1,
                            "Plan Width": 4,
                            "Actual Startup Time": 0.001,
                            "Actual Total Time": 0.001,
                            "Actual Rows": 1,
                            "Actual Loops": 8246534,
                            "Index Cond": "(id = ci.person_role_id)",
                            "Rows Removed by Index Recheck": 0,
                            "Heap Fetches": 8182369
                          }
                        ]
                      },
                      {
                        "Node Type": "Hash",
                        "Parent Relationship": "Inner",
                        "Parallel Aware": true,
                        "Startup Cost": 86254.38,
                        "Total Cost": 86254.38,
                        "Plan Rows": 560615,
                        "Plan Width": 19,
                        "Actual Startup Time": 450.509,
                        "Actual Total Time": 450.509,
                        "Actual Rows": 480778,
                        "Actual Loops": 2,
                        "Hash Buckets": 1048576,
                        "Original Hash Buckets": 1048576,
                        "Hash Batches": 1,
                        "Original Hash Batches": 1,
                        "Peak Memory Usage": 60544,
                        "Plans": [
                          {
                            "Node Type": "Seq Scan",
                            "Parent Relationship": "Outer",
                            "Parallel Aware": true,
                            "Relation Name": "name",
                            "Alias": "n",
                            "Startup Cost": 0.0,
                            "Total Cost": 86254.38,
                            "Plan Rows": 560615,
                            "Plan Width": 19,
                            "Actual Startup Time": 103.105,
                            "Actual Total Time": 267.799,
                            "Actual Rows": 480778,
                            "Actual Loops": 2,
                            "Filter": "((gender)::text = 'f'::text)",
                            "Rows Removed by Filter": 1602968
                          }
                        ]
                      }
                    ]
                  },
                  {
                    "Node Type": "Hash",
                    "Parent Relationship": "Inner",
                    "Parallel Aware": false,
                    "Startup Cost": 2.41,
                    "Total Cost": 2.41,
                    "Plan Rows": 1,
                    "Plan Width": 4,
                    "Actual Startup Time": 0.089,
                    "Actual Total Time": 0.09,
                    "Actual Rows": 1,
                    "Actual Loops": 2,
                    "Hash Buckets": 1024,
                    "Original Hash Buckets": 1024,
                    "Hash Batches": 1,
                    "Original Hash Batches": 1,
                    "Peak Memory Usage": 9,
                    "Plans": [
                      {
                        "Node Type": "Seq Scan",
                        "Parent Relationship": "Outer",
                        "Parallel Aware": false,
                        "Relation Name": "info_type",
                        "Alias": "it",
                        "Startup Cost": 0.0,
                        "Total Cost": 2.41,
                        "Plan Rows": 1,
                        "Plan Width": 4,
                        "Actual Startup Time": 0.056,
                        "Actual Total Time": 0.074,
                        "Actual Rows": 1,
                        "Actual Loops": 2,
                        "Filter": "((info)::text = 'release dates'::text)",
                        "Rows Removed by Filter": 112
                      }
                    ]
                  }
                ]
              }
            ]
          }
        ]
      }
    ]
  },
  "Planning Time": 2.784,
  "Triggers": [],
  "Execution Time": 9952.55
}