[
  {
    "Plan": {
      "Node Type": "Aggregate",
      "Strategy": "Plain",
      "Partial Mode": "Simple",
      "Parallel Aware": false,
      "Startup Cost": 28273.53,
      "Total Cost": 28273.54,
      "Plan Rows": 1,
      "Plan Width": 8,
      "Actual Startup Time": 72.88,
      "Actual Total Time": 72.882,
      "Actual Rows": 1,
      "Actual Loops": 1,
      "Plans": [
        {
          "Node Type": "Bitmap Heap Scan",
          "Parent Relationship": "Outer",
          "Parallel Aware": false,
          "Relation Name": "movie_keyword",
          "Alias": "mk",
          "Startup Cost": 2237.71,
          "Total Cost": 28009.9,
          "Plan Rows": 105455,
          "Plan Width": 0,
          "Actual Startup Time": 25.091,
          "Actual Total Time": 67.842,
          "Actual Rows": 104373,
          "Actual Loops": 1,
          "Recheck Cond": "(keyword_id > 81262)",
          "Rows Removed by Index Recheck": 0,
          "Exact Heap Blocks": 17564,
          "Lossy Heap Blocks": 0,
          "Plans": [
            {
              "Node Type": "Bitmap Index Scan",
              "Parent Relationship": "Outer",
              "Parallel Aware": false,
              "Index Name": "keyword_id_movie_keyword",
              "Startup Cost": 0.0,
              "Total Cost": 2211.34,
              "Plan Rows": 105455,
              "Plan Width": 0,
              "Actual Startup Time": 19.237,
              "Actual Total Time": 19.238,
              "Actual Rows": 104373,
              "Actual Loops": 1,
              "Index Cond": "(keyword_id > 81262)"
            }
          ]
        }
      ]
    },
    "Planning Time": 0.175,
    "Triggers": [],
    "Execution Time": 72.945
  }
]