[
  {
    "Plan": {
      "Node Type": "Aggregate",
      "Strategy": "Plain",
      "Partial Mode": "Finalize",
      "Parallel Aware": false,
      "Startup Cost": 75605.82,
      "Total Cost": 75605.83,
      "Plan Rows": 1,
      "Plan Width": 8,
      "Actual Startup Time": 205.899,
      "Actual Total Time": 220.517,
      "Actual Rows": 1,
      "Actual Loops": 1,
      "Plans": [
        {
          "Node Type": "Gather",
          "Parent Relationship": "Outer",
          "Parallel Aware": false,
          "Startup Cost": 75605.51,
          "Total Cost": 75605.82,
          "Plan Rows": 3,
          "Plan Width": 8,
          "Actual Startup Time": 205.473,
          "Actual Total Time": 220.505,
          "Actual Rows": 4,
          "Actual Loops": 1,
          "Workers Planned": 3,
          "Workers Launched": 3,
          "Single Copy": false,
          "Plans": [
            {
              "Node Type": "Aggregate",
              "Strategy": "Plain",
              "Partial Mode": "Partial",
              "Parent Relationship": "Outer",
              "Parallel Aware": false,
              "Startup Cost": 74605.51,
              "Total Cost": 74605.52,
              "Plan Rows": 1,
              "Plan Width": 8,
              "Actual Startup Time": 198.427,
              "Actual Total Time": 198.436,
              "Actual Rows": 1,
              "Actual Loops": 4,
              "Plans": [
                {
                  "Node Type": "Nested Loop",
                  "Parent Relationship": "Outer",
                  "Parallel Aware": false,
                  "Join Type": "Inner",
                  "Startup Cost": 38222.97,
                  "Total Cost": 74603.57,
                  "Plan Rows": 776,
                  "Plan Width": 0,
                  "Actual Startup Time": 121.015,
                  "Actual Total Time": 198.229,
                  "Actual Rows": 2764,
                  "Actual Loops": 4,
                  "Inner Unique": false,
                  "Join Filter": "(t.id = mk.movie_id)",
                  "Rows Removed by Join Filter": 0,
                  "Plans": [
                    {
                      "Node Type": "Hash Join",
                      "Parent Relationship": "Outer",
                      "Parallel Aware": true,
                      "Join Type": "Inner",
                      "Startup Cost": 38222.54,
                      "Total Cost": 69951.4,
                      "Plan Rows": 2392,
                      "Plan Width": 8,
                      "Actual Startup Time": 115.619,
                      "Actual Total Time": 178.46,
                      "Actual Rows": 4679,
                      "Actual Loops": 4,
                      "Inner Unique": true,
                      "Hash Cond": "(mc.movie_id = t.id)",
                      "Plans": [
                        {
                          "Node Type": "Seq Scan",
                          "Parent Relationship": "Outer",
                          "Parallel Aware": true,
                          "Relation Name": "movie_companies",
                          "Alias": "mc",
                          "Startup Cost": 0.0,
                          "Total Cost": 31414.82,
                          "Plan Rows": 119636,
                          "Plan Width": 4,
                          "Actual Startup Time": 34.917,
                          "Actual Total Time": 75.523,
                          "Actual Rows": 169754,
                          "Actual Loops": 4,
                          "Filter": "((company_id > 42567) AND (company_type_id > 1))",
                          "Rows Removed by Filter": 482529
                        },
                        {
                          "Node Type": "Hash",
                          "Parent Relationship": "Inner",
                          "Parallel Aware": true,
                          "Startup Cost": 38064.59,
                          "Total Cost": 38064.59,
                          "Plan Rows": 12636,
                          "Plan Width": 4,
                          "Actual Startup Time": 80.21,
                          "Actual Total Time": 80.212,
                          "Actual Rows": 13278,
                          "Actual Loops": 4,
                          "Hash Buckets": 65536,
                          "Original Hash Buckets": 65536,
                          "Hash Batches": 1,
                          "Original Hash Batches": 1,
                          "Peak Memory Usage": 2624,
                          "Plans": [
                            {
                              "Node Type": "Bitmap Heap Scan",
                              "Parent Relationship": "Outer",
                              "Parallel Aware": true,
                              "Relation Name": "title",
                              "Alias": "t",
                              "Startup Cost": 1710.08,
                              "Total Cost": 38064.59,
                              "Plan Rows": 12636,
                              "Plan Width": 4,
                              "Actual Startup Time": 12.345,
                              "Actual Total Time": 74.702,
                              "Actual Rows": 13278,
                              "Actual Loops": 4,
                              "Recheck Cond": "(kind_id = 2)",
                              "Rows Removed by Index Recheck": 0,
                              "Filter": "(production_year < 2005)",
                              "Rows Removed by Filter": 9435,
                              "Exact Heap Blocks": 9426,
                              "Lossy Heap Blocks": 0,
                              "Plans": [
                                {
                                  "Node Type": "Bitmap Index Scan",
                                  "Parent Relationship": "Outer",
                                  "Parallel Aware": false,
                                  "Index Name": "kind_id_title",
                                  "Startup Cost": 0.0,
                                  "Total Cost": 1697.45,
                                  "Plan Rows": 95069,
                                  "Plan Width": 0,
                                  "Actual Startup Time": 12.331,
                                  "Actual Total Time": 12.332,
                                  "Actual Rows": 90852,
                                  "Actual Loops": 1,
                                  "Index Cond": "(kind_id = 2)"
                                }
                              ]
                            }
                          ]
                        }
                      ]
                    },
                    {
                      "Node Type": "Index Scan",
                      "Parent Relationship": "Inner",
                      "Parallel Aware": false,
                      "Scan Direction": "Forward",
                      "Index Name": "movie_id_movie_keyword",
                      "Relation Name": "movie_keyword",
                      "Alias": "mk",
                      "Startup Cost": 0.43,
                      "Total Cost": 1.84,
                      "Plan Rows": 8,
                      "Plan Width": 4,
                      "Actual Startup Time": 0.004,
                      "Actual Total Time": 0.004,
                      "Actual Rows": 1,
                      "Actual Loops": 18716,
                      "Index Cond": "(movie_id = mc.movie_id)",
                      "Rows Removed by Index Recheck": 0,
                      "Filter": "(keyword_id > 22371)",
                      "Rows Removed by Filter": 4
                    }
                  ]
                }
              ]
            }
          ]
        }
      ]
    },
    "Planning Time": 0.773,
    "Triggers": [],
    "Execution Time": 220.605
  }
]