[
  {
    "Plan": {
      "Node Type": "Aggregate",
      "Strategy": "Plain",
      "Partial Mode": "Finalize",
      "Parallel Aware": false,
      "Startup Cost": 63938.11,
      "Total Cost": 63938.12,
      "Plan Rows": 1,
      "Plan Width": 8,
      "Actual Startup Time": 296.199,
      "Actual Total Time": 308.526,
      "Actual Rows": 1,
      "Actual Loops": 1,
      "Plans": [
        {
          "Node Type": "Gather",
          "Parent Relationship": "Outer",
          "Parallel Aware": false,
          "Startup Cost": 63937.89,
          "Total Cost": 63938.1,
          "Plan Rows": 2,
          "Plan Width": 8,
          "Actual Startup Time": 293.985,
          "Actual Total Time": 308.515,
          "Actual Rows": 3,
          "Actual Loops": 1,
          "Workers Planned": 2,
          "Workers Launched": 2,
          "Single Copy": false,
          "Plans": [
            {
              "Node Type": "Aggregate",
              "Strategy": "Plain",
              "Partial Mode": "Partial",
              "Parent Relationship": "Outer",
              "Parallel Aware": false,
              "Startup Cost": 62937.89,
              "Total Cost": 62937.9,
              "Plan Rows": 1,
              "Plan Width": 8,
              "Actual Startup Time": 286.409,
              "Actual Total Time": 286.413,
              "Actual Rows": 1,
              "Actual Loops": 3,
              "Plans": [
                {
                  "Node Type": "Hash Join",
                  "Parent Relationship": "Outer",
                  "Parallel Aware": true,
                  "Join Type": "Inner",
                  "Startup Cost": 47201.76,
                  "Total Cost": 62832.41,
                  "Plan Rows": 42192,
                  "Plan Width": 0,
                  "Actual Startup Time": 227.562,
                  "Actual Total Time": 283.771,
                  "Actual Rows": 52107,
                  "Actual Loops": 3,
                  "Inner Unique": true,
                  "Hash Cond": "(mi_idx.movie_id = t.id)",
                  "Plans": [
                    {
                      "Node Type": "Seq Scan",
                      "Parent Relationship": "Outer",
                      "Parallel Aware": true,
                      "Relation Name": "movie_info_idx",
                      "Alias": "mi_idx",
                      "Startup Cost": 0.0,
                      "Total Cost": 15122.68,
                      "Plan Rows": 193512,
                      "Plan Width": 4,
                      "Actual Startup Time": 0.026,
                      "Actual Total Time": 42.496,
                      "Actual Rows": 153308,
                      "Actual Loops": 3,
                      "Filter": "(info_type_id = 100)",
                      "Rows Removed by Filter": 306703
                    },
                    {
                      "Node Type": "Hash",
                      "Parent Relationship": "Inner",
                      "Parallel Aware": true,
                      "Startup Cost": 45479.1,
                      "Total Cost": 45479.1,
                      "Plan Rows": 137813,
                      "Plan Width": 4,
                      "Actual Startup Time": 188.673,
                      "Actual Total Time": 188.674,
                      "Actual Rows": 143285,
                      "Actual Loops": 3,
                      "Hash Buckets": 1048576,
                      "Original Hash Buckets": 1048576,
                      "Hash Batches": 1,
                      "Original Hash Batches": 1,
                      "Peak Memory Usage": 25056,
                      "Plans": [
                        {
                          "Node Type": "Seq Scan",
                          "Parent Relationship": "Outer",
                          "Parallel Aware": true,
                          "Relation Name": "title",
                          "Alias": "t",
                          "Startup Cost": 0.0,
                          "Total Cost": 45479.1,
                          "Plan Rows": 137813,
                          "Plan Width": 4,
                          "Actual Startup Time": 54.026,
                          "Actual Total Time": 134.24,
                          "Actual Rows": 143285,
                          "Actual Loops": 3,
                          "Filter": "((production_year > 1969) AND (kind_id = 1))",
                          "Rows Removed by Filter": 699486
                        }
                      ]
                    }
                  ]
                }
              ]
            }
          ]
        }
      ]
    },
    "Planning Time": 0.642,
    "Triggers": [],
    "Execution Time": 308.605
  }
]