{
  "Plan": {
    "Node Type": "Aggregate",
    "Strategy": "Plain",
    "Partial Mode": "Finalize",
    "Parallel Aware": false,
    "Startup Cost": 143062.39,
    "Total Cost": 143062.4,
    "Plan Rows": 1,
    "Plan Width": 96,
    "Actual Startup Time": 2886.532,
    "Actual Total Time": 2995.997,
    "Actual Rows": 1,
    "Actual Loops": 1,
    "Plans": [
      {
        "Node Type": "Gather",
        "Parent Relationship": "Outer",
        "Parallel Aware": false,
        "Startup Cost": 143062.27,
        "Total Cost": 143062.38,
        "Plan Rows": 1,
        "Plan Width": 96,
        "Actual Startup Time": 2883.783,
        "Actual Total Time": 2995.986,
        "Actual Rows": 2,
        "Actual Loops": 1,
        "Workers Planned": 1,
        "Workers Launched": 1,
        "Single Copy": false,
        "Plans": [
          {
            "Node Type": "Aggregate",
            "Strategy": "Plain",
            "Partial Mode": "Partial",
            "Parent Relationship": "Outer",
            "Parallel Aware": false,
            "Startup Cost": 142062.27,
            "Total Cost": 142062.28,
            "Plan Rows": 1,
            "Plan Width": 96,
            "Actual Startup Time": 2878.041,
            "Actual Total Time": 2878.047,
            "Actual Rows": 1,
            "Actual Loops": 2,
            "Plans": [
              {
                "Node Type": "Hash Join",
                "Parent Relationship": "Outer",
                "Parallel Aware": false,
                "Join Type": "Inner",
                "Startup Cost": 12885.79,
                "Total Cost": 142051.91,
                "Plan Rows": 1382,
                "Plan Width": 48,
                "Actual Startup Time": 1969.149,
                "Actual Total Time": 2835.611,
                "Actual Rows": 368872,
                "Actual Loops": 2,
                "Inner Unique": false,
                "Hash Cond": "(n.id = ci.person_id)",
                "Plans": [
                  {
                    "Node Type": "Seq Scan",
                    "Parent Relationship": "Outer",
                    "Parallel Aware": true,
                    "Relation Name": "name",
                    "Alias": "n",
                    "Startup Cost": 0.0,
                    "Total Cost": 80126.1,
                    "Plan Rows": 2451310,
                    "Plan Width": 19,
                    "Actual Startup Time": 0.03,
                    "Actual Total Time": 190.904,
                    "Actual Rows": 2083746,
                    "Actual Loops": 2
                  },
                  {
                    "Node Type": "Hash",
                    "Parent Relationship": "Inner",
                    "Parallel Aware": false,
                    "Startup Cost": 12856.41,
                    "Total Cost": 12856.41,
                    "Plan Rows": 2350,
                    "Plan Width": 37,
                    "Actual Startup Time": 1968.936,
                    "Actual Total Time": 1968.94,
                    "Actual Rows": 737744,
                    "Actual Loops": 2,
                    "Hash Buckets": 1048576,
                    "Original Hash Buckets": 4096,
                    "Hash Batches": 1,
                    "Original Hash Batches": 1,
                    "Peak Memory Usage": 52825,
                    "Plans": [
                      {
                        "Node Type": "Nested Loop",
                        "Parent Relationship": "Outer",
                        "Parallel Aware": false,
                        "Join Type": "Inner",
                        "Startup Cost": 11.81,
                        "Total Cost": 12856.41,
                        "Plan Rows": 2350,
                        "Plan Width": 37,
                        "Actual Startup Time": 3.449,
                        "Actual Total Time": 1760.457,
                        "Actual Rows": 737744,
                        "Actual Loops": 2,
                        "Inner Unique": false,
                        "Join Filter": "(t.id = ci.movie_id)",
                        "Rows Removed by Join Filter": 0,
                        "Plans": [
                          {
                            "Node Type": "Nested Loop",
                            "Parent Relationship": "Outer",
                            "Parallel Aware": false,
                            "Join Type": "Inner",
                            "Startup Cost": 11.25,
                            "Total Cost": 12540.97,
                            "Plan Rows": 164,
                            "Plan Width": 41,
                            "Actual Startup Time": 3.336,
                            "Actual Total Time": 167.156,
                            "Actual Rows": 11277,
                            "Actual Loops": 2,
                            "Inner Unique": true,
                            "Plans": [
                              {
                                "Node Type": "Nested Loop",
                                "Parent Relationship": "Outer",
                                "Parallel Aware": false,
                                "Join Type": "Inner",
                                "Startup Cost": 10.82,
                                "Total Cost": 12408.72,
                                "Plan Rows": 270,
                                "Plan Width": 20,
                                "Actual Startup Time": 3.257,
                                "Actual Total Time": 68.733,
                                "Actual Rows": 20914,
                                "Actual Loops": 2,
                                "Inner Unique": false,
                                "Plans": [
                                  {
                                    "Node Type": "Seq Scan",
                                    "Parent Relationship": "Outer",
                                    "Parallel Aware": false,
                                    "Relation Name": "keyword",
                                    "Alias": "k",
                                    "Startup Cost": 0.0,
                                    "Total Cost": 3632.4,
                                    "Plan Rows": 8,
                                    "Plan Width": 20,
                                    "Actual Startup Time": 0.164,
                                    "Actual Total Time": 20.042,
                                    "Actual Rows": 5,
                                    "Actual Loops": 2,
                                    "Filter": "(keyword = ANY ('{martial-arts,based-on-comic,blood,marvel-cinematic-universe,fight,blood,murder-in-title,fight}'::text[]))",
                                    "Rows Removed by Filter": 134165
                                  },
                                  {
                                    "Node Type": "Bitmap Heap Scan",
                                    "Parent Relationship": "Inner",
                                    "Parallel Aware": false,
                                    "Relation Name": "movie_keyword",
                                    "Alias": "mk",
                                    "Startup Cost": 10.82,
                                    "Total Cost": 1093.96,
                                    "Plan Rows": 308,
                                    "Plan Width": 8,
                                    "Actual Startup Time": 1.307,
                                    "Actual Total Time": 9.165,
                                    "Actual Rows": 4183,
                                    "Actual Loops": 10,
                                    "Recheck Cond": "(keyword_id = k.id)",
                                    "Rows Removed by Index Recheck": 0,
                                    "Exact Heap Blocks": 16232,
                                    "Lossy Heap Blocks": 0,
                                    "Plans": [
                                      {
                                        "Node Type": "Bitmap Index Scan",
                                        "Parent Relationship": "Outer",
                                        "Parallel Aware": false,
                                        "Index Name": "keyword_id_movie_keyword",
                                        "Startup Cost": 0.0,
                                        "Total Cost": 10.74,
                                        "Plan Rows": 308,
                                        "Plan Width": 0,
                                        "Actual Startup Time": 0.818,
                                        "Actual Total Time": 0.818,
                                        "Actual Rows": 4183,
                                        "Actual Loops": 10,
                                        "Index Cond": "(keyword_id = k.id)"
                                      }
                                    ]
                                  }
                                ]
                              },
                              {
                                "Node Type": "Index Scan",
                                "Parent Relationship": "Inner",
                                "Parallel Aware": false,
                                "Scan Direction": "Forward",
                                "Index Name": "title_pkey",
                                "Relation Name": "title",
                                "Alias": "t",
                                "Startup Cost": 0.43,
                                "Total Cost": 0.49,
                                "Plan Rows": 1,
                                "Plan Width": 21,
                                "Actual Startup Time": 0.004,
                                "Actual Total Time": 0.004,
                                "Actual Rows": 1,
                                "Actual Loops": 41828,
                                "Index Cond": "(id = mk.movie_id)",
                                "Rows Removed by Index Recheck": 0,
                                "Filter": "(production_year > 1997)",
                                "Rows Removed by Filter": 0
                              }
                            ]
                          },
                          {
                            "Node Type": "Index Scan",
                            "Parent Relationship": "Inner",
                            "Parallel Aware": false,
                            "Scan Direction": "Forward",
                            "Index Name": "movie_id_cast_info",
                            "Relation Name": "cast_info",
                            "Alias": "ci",
                            "Startup Cost": 0.56,
                            "Total Cost": 1.5,
                            "Plan Rows": 34,
                            "Plan Width": 8,
                            "Actual Startup Time": 0.028,
                            "Actual Total Time": 0.133,
                            "Actual Rows": 65,
                            "Actual Loops": 22554,
                            "Index Cond": "(movie_id = mk.movie_id)",
                            "Rows Removed by Index Recheck": 0
                          }
                        ]
                      }
                    ]
                  }
                ]
              }
            ]
          }
        ]
      }
    ]
  },
  "Planning Time": 1.546,
  "Triggers": [],
  "Execution Time": 2996.759
}