[
  {
    "Plan": {
      "Node Type": "Aggregate",
      "Strategy": "Plain",
      "Partial Mode": "Finalize",
      "Parallel Aware": false,
      "Startup Cost": 59977.51,
      "Total Cost": 59977.52,
      "Plan Rows": 1,
      "Plan Width": 8,
      "Actual Startup Time": 102.382,
      "Actual Total Time": 116.966,
      "Actual Rows": 1,
      "Actual Loops": 1,
      "Plans": [
        {
          "Node Type": "Gather",
          "Parent Relationship": "Outer",
          "Parallel Aware": false,
          "Startup Cost": 59977.09,
          "Total Cost": 59977.5,
          "Plan Rows": 4,
          "Plan Width": 8,
          "Actual Startup Time": 102.198,
          "Actual Total Time": 116.951,
          "Actual Rows": 5,
          "Actual Loops": 1,
          "Workers Planned": 4,
          "Workers Launched": 4,
          "Single Copy": false,
          "Plans": [
            {
              "Node Type": "Aggregate",
              "Strategy": "Plain",
              "Partial Mode": "Partial",
              "Parent Relationship": "Outer",
              "Parallel Aware": false,
              "Startup Cost": 58977.09,
              "Total Cost": 58977.1,
              "Plan Rows": 1,
              "Plan Width": 8,
              "Actual Startup Time": 97.445,
              "Actual Total Time": 97.447,
              "Actual Rows": 1,
              "Actual Loops": 5,
              "Plans": [
                {
                  "Node Type": "Nested Loop",
                  "Parent Relationship": "Outer",
                  "Parallel Aware": false,
                  "Join Type": "Inner",
                  "Startup Cost": 0.43,
                  "Total Cost": 58970.39,
                  "Plan Rows": 2680,
                  "Plan Width": 0,
                  "Actual Startup Time": 3.27,
                  "Actual Total Time": 97.094,
                  "Actual Rows": 6125,
                  "Actual Loops": 5,
                  "Inner Unique": false,
                  "Plans": [
                    {
                      "Node Type": "Seq Scan",
                      "Parent Relationship": "Outer",
                      "Parallel Aware": true,
                      "Relation Name": "title",
                      "Alias": "t",
                      "Startup Cost": 0.0,
                      "Total Cost": 45479.59,
                      "Plan Rows": 1521,
                      "Plan Width": 4,
                      "Actual Startup Time": 0.774,
                      "Actual Total Time": 80.784,
                      "Actual Rows": 1347,
                      "Actual Loops": 5,
                      "Filter": "((kind_id < 7) AND (production_year = 1980))",
                      "Rows Removed by Filter": 504315
                    },
                    {
                      "Node Type": "Index Scan",
                      "Parent Relationship": "Inner",
                      "Parallel Aware": false,
                      "Scan Direction": "Forward",
                      "Index Name": "movie_id_movie_keyword",
                      "Relation Name": "movie_keyword",
                      "Alias": "mk",
                      "Startup Cost": 0.43,
                      "Total Cost": 8.42,
                      "Plan Rows": 45,
                      "Plan Width": 4,
                      "Actual Startup Time": 0.01,
                      "Actual Total Time": 0.011,
                      "Actual Rows": 5,
                      "Actual Loops": 6735,
                      "Index Cond": "(movie_id = t.id)",
                      "Rows Removed by Index Recheck": 0,
                      "Filter": "(keyword_id > 56)",
                      "Rows Removed by Filter": 0
                    }
                  ]
                }
              ]
            }
          ]
        }
      ]
    },
    "Planning Time": 0.519,
    "Triggers": [],
    "Execution Time": 117.022
  }
]