[
  {
    "Plan": {
      "Node Type": "Aggregate",
      "Strategy": "Plain",
      "Partial Mode": "Finalize",
      "Parallel Aware": false,
      "Startup Cost": 76429.9,
      "Total Cost": 76429.91,
      "Plan Rows": 1,
      "Plan Width": 8,
      "Actual Startup Time": 157.711,
      "Actual Total Time": 172.247,
      "Actual Rows": 1,
      "Actual Loops": 1,
      "Plans": [
        {
          "Node Type": "Gather",
          "Parent Relationship": "Outer",
          "Parallel Aware": false,
          "Startup Cost": 76429.58,
          "Total Cost": 76429.89,
          "Plan Rows": 3,
          "Plan Width": 8,
          "Actual Startup Time": 157.161,
          "Actual Total Time": 172.236,
          "Actual Rows": 4,
          "Actual Loops": 1,
          "Workers Planned": 3,
          "Workers Launched": 3,
          "Single Copy": false,
          "Plans": [
            {
              "Node Type": "Aggregate",
              "Strategy": "Plain",
              "Partial Mode": "Partial",
              "Parent Relationship": "Outer",
              "Parallel Aware": false,
              "Startup Cost": 75429.58,
              "Total Cost": 75429.59,
              "Plan Rows": 1,
              "Plan Width": 8,
              "Actual Startup Time": 153.78,
              "Actual Total Time": 153.785,
              "Actual Rows": 1,
              "Actual Loops": 4,
              "Plans": [
                {
                  "Node Type": "Hash Join",
                  "Parent Relationship": "Outer",
                  "Parallel Aware": true,
                  "Join Type": "Inner",
                  "Startup Cost": 49994.93,
                  "Total Cost": 75423.99,
                  "Plan Rows": 2236,
                  "Plan Width": 0,
                  "Actual Startup Time": 109.418,
                  "Actual Total Time": 153.729,
                  "Actual Rows": 481,
                  "Actual Loops": 4,
                  "Inner Unique": true,
                  "Hash Cond": "(mk.movie_id = t.id)",
                  "Plans": [
                    {
                      "Node Type": "Bitmap Heap Scan",
                      "Parent Relationship": "Outer",
                      "Parallel Aware": true,
                      "Relation Name": "movie_keyword",
                      "Alias": "mk",
                      "Startup Cost": 4241.25,
                      "Total Cost": 29501.08,
                      "Plan Rows": 64467,
                      "Plan Width": 4,
                      "Actual Startup Time": 15.236,
                      "Actual Total Time": 51.402,
                      "Actual Rows": 50872,
                      "Actual Loops": 4,
                      "Recheck Cond": "(keyword_id > 67934)",
                      "Rows Removed by Index Recheck": 0,
                      "Exact Heap Blocks": 6358,
                      "Lossy Heap Blocks": 0,
                      "Plans": [
                        {
                          "Node Type": "Bitmap Index Scan",
                          "Parent Relationship": "Outer",
                          "Parallel Aware": false,
                          "Index Name": "keyword_id_movie_keyword",
                          "Startup Cost": 0.0,
                          "Total Cost": 4191.28,
                          "Plan Rows": 199847,
                          "Plan Width": 0,
                          "Actual Startup Time": 12.344,
                          "Actual Total Time": 12.345,
                          "Actual Rows": 203488,
                          "Actual Loops": 1,
                          "Index Cond": "(keyword_id > 67934)"
                        }
                      ]
                    },
                    {
                      "Node Type": "Hash",
                      "Parent Relationship": "Inner",
                      "Parallel Aware": true,
                      "Startup Cost": 45479.59,
                      "Total Cost": 45479.59,
                      "Plan Rows": 21928,
                      "Plan Width": 4,
                      "Actual Startup Time": 93.115,
                      "Actual Total Time": 93.116,
                      "Actual Rows": 24180,
                      "Actual Loops": 4,
                      "Hash Buckets": 131072,
                      "Original Hash Buckets": 131072,
                      "Hash Batches": 1,
                      "Original Hash Batches": 1,
                      "Peak Memory Usage": 4864,
                      "Plans": [
                        {
                          "Node Type": "Seq Scan",
                          "Parent Relationship": "Outer",
                          "Parallel Aware": true,
                          "Relation Name": "title",
                          "Alias": "t",
                          "Startup Cost": 0.0,
                          "Total Cost": 45479.59,
                          "Plan Rows": 21928,
                          "Plan Width": 4,
                          "Actual Startup Time": 0.02,
                          "Actual Total Time": 84.43,
                          "Actual Rows": 24180,
                          "Actual Loops": 4,
                          "Filter": "((kind_id > 2) AND (production_year = 2008))",
                          "Rows Removed by Filter": 607898
                        }
                      ]
                    }
                  ]
                }
              ]
            }
          ]
        }
      ]
    },
    "Planning Time": 0.235,
    "Triggers": [],
    "Execution Time": 172.29
  }
]