[
  {
    "Plan": {
      "Node Type": "Aggregate",
      "Strategy": "Plain",
      "Partial Mode": "Finalize",
      "Parallel Aware": false,
      "Startup Cost": 328234.04,
      "Total Cost": 328234.05,
      "Plan Rows": 1,
      "Plan Width": 8,
      "Actual Startup Time": 374.591,
      "Actual Total Time": 385.934,
      "Actual Rows": 1,
      "Actual Loops": 1,
      "Plans": [
        {
          "Node Type": "Gather",
          "Parent Relationship": "Outer",
          "Parallel Aware": false,
          "Startup Cost": 328233.41,
          "Total Cost": 328234.02,
          "Plan Rows": 6,
          "Plan Width": 8,
          "Actual Startup Time": 373.61,
          "Actual Total Time": 385.923,
          "Actual Rows": 7,
          "Actual Loops": 1,
          "Workers Planned": 6,
          "Workers Launched": 6,
          "Single Copy": false,
          "Plans": [
            {
              "Node Type": "Aggregate",
              "Strategy": "Plain",
              "Partial Mode": "Partial",
              "Parent Relationship": "Outer",
              "Parallel Aware": false,
              "Startup Cost": 327233.41,
              "Total Cost": 327233.42,
              "Plan Rows": 1,
              "Plan Width": 8,
              "Actual Startup Time": 365.099,
              "Actual Total Time": 365.1,
              "Actual Rows": 1,
              "Actual Loops": 7,
              "Plans": [
                {
                  "Node Type": "Bitmap Heap Scan",
                  "Parent Relationship": "Outer",
                  "Parallel Aware": true,
                  "Relation Name": "cast_info",
                  "Alias": "ci",
                  "Startup Cost": 66966.45,
                  "Total Cost": 325970.08,
                  "Plan Rows": 505331,
                  "Plan Width": 0,
                  "Actual Startup Time": 213.634,
                  "Actual Total Time": 340.896,
                  "Actual Rows": 417498,
                  "Actual Loops": 7,
                  "Recheck Cond": "(person_id > 3514680)",
                  "Rows Removed by Index Recheck": 0,
                  "Exact Heap Blocks": 6464,
                  "Lossy Heap Blocks": 0,
                  "Plans": [
                    {
                      "Node Type": "Bitmap Index Scan",
                      "Parent Relationship": "Outer",
                      "Parallel Aware": false,
                      "Index Name": "person_id_cast_info",
                      "Startup Cost": 0.0,
                      "Total Cost": 66208.45,
                      "Plan Rows": 3031985,
                      "Plan Width": 0,
                      "Actual Startup Time": 210.218,
                      "Actual Total Time": 210.218,
                      "Actual Rows": 2922484,
                      "Actual Loops": 1,
                      "Index Cond": "(person_id > 3514680)"
                    }
                  ]
                }
              ]
            }
          ]
        }
      ]
    },
    "Planning Time": 0.203,
    "Triggers": [],
    "Execution Time": 386.003
  }
]