{
  "Plan": {
    "Node Type": "Aggregate",
    "Strategy": "Plain",
    "Partial Mode": "Finalize",
    "Parallel Aware": false,
    "Startup Cost": 139929.94,
    "Total Cost": 139929.95,
    "Plan Rows": 1,
    "Plan Width": 8,
    "Actual Startup Time": 1029.372,
    "Actual Total Time": 1048.532,
    "Actual Rows": 1,
    "Actual Loops": 1,
    "Plans": [
      {
        "Node Type": "Gather",
        "Parent Relationship": "Outer",
        "Parallel Aware": false,
        "Startup Cost": 139929.83,
        "Total Cost": 139929.94,
        "Plan Rows": 1,
        "Plan Width": 8,
        "Actual Startup Time": 1026.153,
        "Actual Total Time": 1048.523,
        "Actual Rows": 2,
        "Actual Loops": 1,
        "Workers Planned": 1,
        "Workers Launched": 1,
        "Single Copy": false,
        "Plans": [
          {
            "Node Type": "Aggregate",
            "Strategy": "Plain",
            "Partial Mode": "Partial",
            "Parent Relationship": "Outer",
            "Parallel Aware": false,
            "Startup Cost": 138929.83,
            "Total Cost": 138929.84,
            "Plan Rows": 1,
            "Plan Width": 8,
            "Actual Startup Time": 1018.253,
            "Actual Total Time": 1018.257,
            "Actual Rows": 1,
            "Actual Loops": 2,
            "Plans": [
              {
                "Node Type": "Hash Join",
                "Parent Relationship": "Outer",
                "Parallel Aware": true,
                "Join Type": "Inner",
                "Startup Cost": 70874.76,
                "Total Cost": 134881.09,
                "Plan Rows": 1619496,
                "Plan Width": 0,
                "Actual Startup Time": 476.359,
                "Actual Total Time": 981.879,
                "Actual Rows": 747166,
                "Actual Loops": 2,
                "Inner Unique": true,
                "Hash Cond": "(mk.movie_id = t.id)",
                "Plans": [
                  {
                    "Node Type": "Seq Scan",
                    "Parent Relationship": "Outer",
                    "Parallel Aware": true,
                    "Relation Name": "movie_keyword",
                    "Alias": "mk",
                    "Startup Cost": 0.0,
                    "Total Cost": 57718.19,
                    "Plan Rows": 2395479,
                    "Plan Width": 4,
                    "Actual Startup Time": 0.015,
                    "Actual Total Time": 235.775,
                    "Actual Rows": 2040989,
                    "Actual Loops": 2,
                    "Filter": "(keyword_id < 39973)",
                    "Rows Removed by Filter": 220976
                  },
                  {
                    "Node Type": "Hash",
                    "Parent Relationship": "Inner",
                    "Parallel Aware": true,
                    "Startup Cost": 58306.47,
                    "Total Cost": 58306.47,
                    "Plan Rows": 1005463,
                    "Plan Width": 4,
                    "Actual Startup Time": 461.612,
                    "Actual Total Time": 461.613,
                    "Actual Rows": 899778,
                    "Actual Loops": 2,
                    "Hash Buckets": 2097152,
                    "Original Hash Buckets": 2097152,
                    "Hash Batches": 1,
                    "Original Hash Batches": 1,
                    "Peak Memory Usage": 86816,
                    "Plans": [
                      {
                        "Node Type": "Seq Scan",
                        "Parent Relationship": "Outer",
                        "Parallel Aware": true,
                        "Relation Name": "title",
                        "Alias": "t",
                        "Startup Cost": 0.0,
                        "Total Cost": 58306.47,
                        "Plan Rows": 1005463,
                        "Plan Width": 4,
                        "Actual Startup Time": 0.039,
                        "Actual Total Time": 205.244,
                        "Actual Rows": 899778,
                        "Actual Loops": 2,
                        "Filter": "((kind_id > 1) AND (production_year > 1940))",
                        "Rows Removed by Filter": 364378
                      }
                    ]
                  }
                ]
              }
            ]
          }
        ]
      }
    ]
  },
  "Planning Time": 0.681,
  "Triggers": [],
  "Execution Time": 1048.6
}