[
  {
    "Plan": {
      "Node Type": "Aggregate",
      "Strategy": "Plain",
      "Partial Mode": "Finalize",
      "Parallel Aware": false,
      "Startup Cost": 386412.25,
      "Total Cost": 386412.26,
      "Plan Rows": 1,
      "Plan Width": 8,
      "Actual Startup Time": 2576.55,
      "Actual Total Time": 2631.153,
      "Actual Rows": 1,
      "Actual Loops": 1,
      "Plans": [
        {
          "Node Type": "Gather",
          "Parent Relationship": "Outer",
          "Parallel Aware": false,
          "Startup Cost": 386411.63,
          "Total Cost": 386412.24,
          "Plan Rows": 6,
          "Plan Width": 8,
          "Actual Startup Time": 2568.518,
          "Actual Total Time": 2631.139,
          "Actual Rows": 7,
          "Actual Loops": 1,
          "Workers Planned": 6,
          "Workers Launched": 6,
          "Single Copy": false,
          "Plans": [
            {
              "Node Type": "Aggregate",
              "Strategy": "Plain",
              "Partial Mode": "Partial",
              "Parent Relationship": "Outer",
              "Parallel Aware": false,
              "Startup Cost": 385411.63,
              "Total Cost": 385411.64,
              "Plan Rows": 1,
              "Plan Width": 8,
              "Actual Startup Time": 2552.698,
              "Actual Total Time": 2552.702,
              "Actual Rows": 1,
              "Actual Loops": 7,
              "Plans": [
                {
                  "Node Type": "Hash Join",
                  "Parent Relationship": "Outer",
                  "Parallel Aware": true,
                  "Join Type": "Inner",
                  "Startup Cost": 49245.57,
                  "Total Cost": 378212.23,
                  "Plan Rows": 2879758,
                  "Plan Width": 0,
                  "Actual Startup Time": 191.277,
                  "Actual Total Time": 2424.597,
                  "Actual Rows": 2702622,
                  "Actual Loops": 7,
                  "Inner Unique": true,
                  "Hash Cond": "(ci.movie_id = t.id)",
                  "Plans": [
                    {
                      "Node Type": "Seq Scan",
                      "Parent Relationship": "Outer",
                      "Parallel Aware": true,
                      "Relation Name": "cast_info",
                      "Alias": "ci",
                      "Startup Cost": 0.0,
                      "Total Cost": 313106.51,
                      "Plan Rows": 6041951,
                      "Plan Width": 4,
                      "Actual Startup Time": 0.04,
                      "Actual Total Time": 560.755,
                      "Actual Rows": 5177763,
                      "Actual Loops": 7
                    },
                    {
                      "Node Type": "Hash",
                      "Parent Relationship": "Inner",
                      "Parallel Aware": true,
                      "Startup Cost": 45479.59,
                      "Total Cost": 45479.59,
                      "Plan Rows": 301279,
                      "Plan Width": 4,
                      "Actual Startup Time": 186.274,
                      "Actual Total Time": 186.275,
                      "Actual Rows": 183580,
                      "Actual Loops": 7,
                      "Hash Buckets": 2097152,
                      "Original Hash Buckets": 2097152,
                      "Hash Batches": 1,
                      "Original Hash Batches": 1,
                      "Peak Memory Usage": 66752,
                      "Plans": [
                        {
                          "Node Type": "Seq Scan",
                          "Parent Relationship": "Outer",
                          "Parallel Aware": true,
                          "Relation Name": "title",
                          "Alias": "t",
                          "Startup Cost": 0.0,
                          "Total Cost": 45479.59,
                          "Plan Rows": 301279,
                          "Plan Width": 4,
                          "Actual Startup Time": 0.065,
                          "Actual Total Time": 88.128,
                          "Actual Rows": 183580,
                          "Actual Loops": 7,
                          "Filter": "((production_year > 1978) AND (kind_id = 7))",
                          "Rows Removed by Filter": 177608
                        }
                      ]
                    }
                  ]
                }
              ]
            }
          ]
        }
      ]
    },
    "Planning Time": 0.658,
    "Triggers": [],
    "Execution Time": 2631.253
  }
]