[
  {
    "Plan": {
      "Node Type": "Aggregate",
      "Strategy": "Plain",
      "Partial Mode": "Finalize",
      "Parallel Aware": false,
      "Startup Cost": 88653.38,
      "Total Cost": 88653.39,
      "Plan Rows": 1,
      "Plan Width": 8,
      "Actual Startup Time": 314.233,
      "Actual Total Time": 330.001,
      "Actual Rows": 1,
      "Actual Loops": 1,
      "Plans": [
        {
          "Node Type": "Gather",
          "Parent Relationship": "Outer",
          "Parallel Aware": false,
          "Startup Cost": 88653.06,
          "Total Cost": 88653.37,
          "Plan Rows": 3,
          "Plan Width": 8,
          "Actual Startup Time": 308.915,
          "Actual Total Time": 329.992,
          "Actual Rows": 4,
          "Actual Loops": 1,
          "Workers Planned": 3,
          "Workers Launched": 3,
          "Single Copy": false,
          "Plans": [
            {
              "Node Type": "Aggregate",
              "Strategy": "Plain",
              "Partial Mode": "Partial",
              "Parent Relationship": "Outer",
              "Parallel Aware": false,
              "Startup Cost": 87653.06,
              "Total Cost": 87653.07,
              "Plan Rows": 1,
              "Plan Width": 8,
              "Actual Startup Time": 299.25,
              "Actual Total Time": 299.254,
              "Actual Rows": 1,
              "Actual Loops": 4,
              "Plans": [
                {
                  "Node Type": "Nested Loop",
                  "Parent Relationship": "Outer",
                  "Parallel Aware": false,
                  "Join Type": "Inner",
                  "Startup Cost": 22013.56,
                  "Total Cost": 87624.04,
                  "Plan Rows": 11609,
                  "Plan Width": 0,
                  "Actual Startup Time": 138.193,
                  "Actual Total Time": 296.866,
                  "Actual Rows": 40386,
                  "Actual Loops": 4,
                  "Inner Unique": true,
                  "Plans": [
                    {
                      "Node Type": "Hash Join",
                      "Parent Relationship": "Outer",
                      "Parallel Aware": true,
                      "Join Type": "Inner",
                      "Startup Cost": 22013.13,
                      "Total Cost": 47247.58,
                      "Plan Rows": 62759,
                      "Plan Width": 8,
                      "Actual Startup Time": 138.076,
                      "Actual Total Time": 178.547,
                      "Actual Rows": 40386,
                      "Actual Loops": 4,
                      "Inner Unique": false,
                      "Hash Cond": "(mk.movie_id = mi_idx.movie_id)",
                      "Plans": [
                        {
                          "Node Type": "Bitmap Heap Scan",
                          "Parent Relationship": "Outer",
                          "Parallel Aware": true,
                          "Relation Name": "movie_keyword",
                          "Alias": "mk",
                          "Startup Cost": 2103.7,
                          "Total Cost": 26956.9,
                          "Plan Rows": 31936,
                          "Plan Width": 4,
                          "Actual Startup Time": 9.695,
                          "Actual Total Time": 35.33,
                          "Actual Rows": 24330,
                          "Actual Loops": 4,
                          "Recheck Cond": "(keyword_id > 83008)",
                          "Rows Removed by Index Recheck": 0,
                          "Exact Heap Blocks": 5795,
                          "Lossy Heap Blocks": 0,
                          "Plans": [
                            {
                              "Node Type": "Bitmap Index Scan",
                              "Parent Relationship": "Outer",
                              "Parallel Aware": false,
                              "Index Name": "keyword_id_movie_keyword",
                              "Startup Cost": 0.0,
                              "Total Cost": 2078.95,
                              "Plan Rows": 99002,
                              "Plan Width": 0,
                              "Actual Startup Time": 7.072,
                              "Actual Total Time": 7.073,
                              "Actual Rows": 97322,
                              "Actual Loops": 1,
                              "Index Cond": "(keyword_id > 83008)"
                            }
                          ]
                        },
                        {
                          "Node Type": "Hash",
                          "Parent Relationship": "Inner",
                          "Parallel Aware": true,
                          "Startup Cost": 15122.68,
                          "Total Cost": 15122.68,
                          "Plan Rows": 382940,
                          "Plan Width": 4,
                          "Actual Startup Time": 123.413,
                          "Actual Total Time": 123.414,
                          "Actual Rows": 229962,
                          "Actual Loops": 4,
                          "Hash Buckets": 1048576,
                          "Original Hash Buckets": 1048576,
                          "Hash Batches": 1,
                          "Original Hash Batches": 1,
                          "Peak Memory Usage": 44256,
                          "Plans": [
                            {
                              "Node Type": "Seq Scan",
                              "Parent Relationship": "Outer",
                              "Parallel Aware": true,
                              "Relation Name": "movie_info_idx",
                              "Alias": "mi_idx",
                              "Startup Cost": 0.0,
                              "Total Cost": 15122.68,
                              "Plan Rows": 382940,
                              "Plan Width": 4,
                              "Actual Startup Time": 0.061,
                              "Actual Total Time": 51.92,
                              "Actual Rows": 229962,
                              "Actual Loops": 4,
                              "Filter": "(info_type_id < 101)",
                              "Rows Removed by Filter": 115046
                            }
                          ]
                        }
                      ]
                    },
                    {
                      "Node Type": "Index Only Scan",
                      "Parent Relationship": "Inner",
                      "Parallel Aware": false,
                      "Scan Direction": "Forward",
                      "Index Name": "title_pkey",
                      "Relation Name": "title",
                      "Alias": "t",
                      "Startup Cost": 0.43,
                      "Total Cost": 0.64,
                      "Plan Rows": 1,
                      "Plan Width": 4,
                      "Actual Startup Time": 0.003,
                      "Actual Total Time": 0.003,
                      "Actual Rows": 1,
                      "Actual Loops": 161542,
                      "Index Cond": "(id = mi_idx.movie_id)",
                      "Rows Removed by Index Recheck": 0,
                      "Heap Fetches": 161542
                    }
                  ]
                }
              ]
            }
          ]
        }
      ]
    },
    "Planning Time": 1.289,
    "Triggers": [],
    "Execution Time": 330.101
  }
]