[
  {
    "Plan": {
      "Node Type": "Aggregate",
      "Strategy": "Plain",
      "Partial Mode": "Finalize",
      "Parallel Aware": false,
      "Startup Cost": 91081.55,
      "Total Cost": 91081.56,
      "Plan Rows": 1,
      "Plan Width": 8,
      "Actual Startup Time": 372.228,
      "Actual Total Time": 389.092,
      "Actual Rows": 1,
      "Actual Loops": 1,
      "Plans": [
        {
          "Node Type": "Gather",
          "Parent Relationship": "Outer",
          "Parallel Aware": false,
          "Startup Cost": 91081.23,
          "Total Cost": 91081.54,
          "Plan Rows": 3,
          "Plan Width": 8,
          "Actual Startup Time": 370.769,
          "Actual Total Time": 389.083,
          "Actual Rows": 4,
          "Actual Loops": 1,
          "Workers Planned": 3,
          "Workers Launched": 3,
          "Single Copy": false,
          "Plans": [
            {
              "Node Type": "Aggregate",
              "Strategy": "Plain",
              "Partial Mode": "Partial",
              "Parent Relationship": "Outer",
              "Parallel Aware": false,
              "Startup Cost": 90081.23,
              "Total Cost": 90081.24,
              "Plan Rows": 1,
              "Plan Width": 8,
              "Actual Startup Time": 362.054,
              "Actual Total Time": 362.057,
              "Actual Rows": 1,
              "Actual Loops": 4,
              "Plans": [
                {
                  "Node Type": "Hash Join",
                  "Parent Relationship": "Outer",
                  "Parallel Aware": true,
                  "Join Type": "Inner",
                  "Startup Cost": 46658.54,
                  "Total Cost": 89536.62,
                  "Plan Rows": 217846,
                  "Plan Width": 0,
                  "Actual Startup Time": 173.185,
                  "Actual Total Time": 349.519,
                  "Actual Rows": 277888,
                  "Actual Loops": 4,
                  "Inner Unique": true,
                  "Hash Cond": "(mk.movie_id = t.id)",
                  "Plans": [
                    {
                      "Node Type": "Seq Scan",
                      "Parent Relationship": "Outer",
                      "Parallel Aware": true,
                      "Relation Name": "movie_keyword",
                      "Alias": "mk",
                      "Startup Cost": 0.0,
                      "Total Cost": 39047.32,
                      "Plan Rows": 1459332,
                      "Plan Width": 4,
                      "Actual Startup Time": 0.023,
                      "Actual Total Time": 95.749,
                      "Actual Rows": 1130982,
                      "Actual Loops": 4
                    },
                    {
                      "Node Type": "Hash",
                      "Parent Relationship": "Inner",
                      "Parallel Aware": true,
                      "Startup Cost": 45479.1,
                      "Total Cost": 45479.1,
                      "Plan Rows": 94355,
                      "Plan Width": 4,
                      "Actual Startup Time": 131.483,
                      "Actual Total Time": 131.483,
                      "Actual Rows": 70529,
                      "Actual Loops": 4,
                      "Hash Buckets": 524288,
                      "Original Hash Buckets": 524288,
                      "Hash Batches": 1,
                      "Original Hash Batches": 1,
                      "Peak Memory Usage": 15200,
                      "Plans": [
                        {
                          "Node Type": "Seq Scan",
                          "Parent Relationship": "Outer",
                          "Parallel Aware": true,
                          "Relation Name": "title",
                          "Alias": "t",
                          "Startup Cost": 0.0,
                          "Total Cost": 45479.1,
                          "Plan Rows": 94355,
                          "Plan Width": 4,
                          "Actual Startup Time": 49.869,
                          "Actual Total Time": 106.508,
                          "Actual Rows": 70529,
                          "Actual Loops": 4,
                          "Filter": "((production_year > 1999) AND (kind_id = 1))",
                          "Rows Removed by Filter": 561549
                        }
                      ]
                    }
                  ]
                }
              ]
            }
          ]
        }
      ]
    },
    "Planning Time": 0.563,
    "Triggers": [],
    "Execution Time": 389.156
  }
]