[
    {
        "Bao": {
            "Bao prediction": "NaN",
            "Bao recommended hint": "(no hint)"
        }
    },
    {
        "Plan": {
            "Node Type": "Aggregate",
            "Strategy": "Plain",
            "Partial Mode": "Finalize",
            "Parallel Aware": false,
            "Startup Cost": 458963.81,
            "Total Cost": 458963.82,
            "Plan Rows": 1,
            "Plan Width": 8,
            "Actual Startup Time": 2260.343,
            "Actual Total Time": 2291.057,
            "Actual Rows": 1,
            "Actual Loops": 1,
            "Output": [
                "count(*)"
            ],
            "Plans": [
                {
                    "Node Type": "Gather",
                    "Parent Relationship": "Outer",
                    "Parallel Aware": false,
                    "Startup Cost": 458963.28,
                    "Total Cost": 458963.79,
                    "Plan Rows": 5,
                    "Plan Width": 8,
                    "Actual Startup Time": 2254.814,
                    "Actual Total Time": 2291.045,
                    "Actual Rows": 6,
                    "Actual Loops": 1,
                    "Output": [
                        "(PARTIAL count(*))"
                    ],
                    "Workers Planned": 5,
                    "Workers Launched": 5,
                    "Single Copy": false,
                    "Plans": [
                        {
                            "Node Type": "Aggregate",
                            "Strategy": "Plain",
                            "Partial Mode": "Partial",
                            "Parent Relationship": "Outer",
                            "Parallel Aware": false,
                            "Startup Cost": 457963.28,
                            "Total Cost": 457963.29,
                            "Plan Rows": 1,
                            "Plan Width": 8,
                            "Actual Startup Time": 2245.05,
                            "Actual Total Time": 2245.12,
                            "Actual Rows": 1,
                            "Actual Loops": 6,
                            "Output": [
                                "PARTIAL count(*)"
                            ],
                            "Workers": [
                                {
                                    "Worker Number": 0,
                                    "Actual Startup Time": 2242.051,
                                    "Actual Total Time": 2242.056,
                                    "Actual Rows": 1,
                                    "Actual Loops": 1
                                },
                                {
                                    "Worker Number": 1,
                                    "Actual Startup Time": 2242.629,
                                    "Actual Total Time": 2242.635,
                                    "Actual Rows": 1,
                                    "Actual Loops": 1
                                },
                                {
                                    "Worker Number": 2,
                                    "Actual Startup Time": 2243.384,
                                    "Actual Total Time": 2243.389,
                                    "Actual Rows": 1,
                                    "Actual Loops": 1
                                },
                                {
                                    "Worker Number": 3,
                                    "Actual Startup Time": 2243.593,
                                    "Actual Total Time": 2243.599,
                                    "Actual Rows": 1,
                                    "Actual Loops": 1
                                },
                                {
                                    "Worker Number": 4,
                                    "Actual Startup Time": 2244.333,
                                    "Actual Total Time": 2244.337,
                                    "Actual Rows": 1,
                                    "Actual Loops": 1
                                }
                            ],
                            "Plans": [
                                {
                                    "Node Type": "Hash Join",
                                    "Parent Relationship": "Outer",
                                    "Parallel Aware": true,
                                    "Join Type": "Inner",
                                    "Startup Cost": 251471.48,
                                    "Total Cost": 455609.91,
                                    "Plan Rows": 941350,
                                    "Plan Width": 0,
                                    "Actual Startup Time": 721.889,
                                    "Actual Total Time": 2026.413,
                                    "Actual Rows": 3814908,
                                    "Actual Loops": 6,
                                    "Inner Unique": false,
                                    "Hash Cond": "(mi.movie_id = t.id)",
                                    "Workers": [
                                        {
                                            "Worker Number": 0,
                                            "Actual Startup Time": 718.994,
                                            "Actual Total Time": 2019.316,
                                            "Actual Rows": 3472948,
                                            "Actual Loops": 1
                                        },
                                        {
                                            "Worker Number": 1,
                                            "Actual Startup Time": 719.559,
                                            "Actual Total Time": 2023.956,
                                            "Actual Rows": 3677110,
                                            "Actual Loops": 1
                                        },
                                        {
                                            "Worker Number": 2,
                                            "Actual Startup Time": 720.289,
                                            "Actual Total Time": 2024.957,
                                            "Actual Rows": 3651518,
                                            "Actual Loops": 1
                                        },
                                        {
                                            "Worker Number": 3,
                                            "Actual Startup Time": 720.515,
                                            "Actual Total Time": 2023.312,
                                            "Actual Rows": 3502453,
                                            "Actual Loops": 1
                                        },
                                        {
                                            "Worker Number": 4,
                                            "Actual Startup Time": 720.703,
                                            "Actual Total Time": 2040.099,
                                            "Actual Rows": 5112057,
                                            "Actual Loops": 1
                                        }
                                    ],
                                    "Plans": [
                                        {
                                            "Node Type": "Seq Scan",
                                            "Parent Relationship": "Outer",
                                            "Parallel Aware": true,
                                            "Relation Name": "movie_info",
                                            "Schema": "public",
                                            "Alias": "mi",
                                            "Startup Cost": 0.0,
                                            "Total Cost": 191503.19,
                                            "Plan Rows": 2951019,
                                            "Plan Width": 4,
                                            "Actual Startup Time": 0.031,
                                            "Actual Total Time": 314.226,
                                            "Actual Rows": 2472620,
                                            "Actual Loops": 6,
                                            "Output": [
                                                "mi.id",
                                                "mi.movie_id",
                                                "mi.info_type_id",
                                                "mi.info",
                                                "mi.note"
                                            ],
                                            "Workers": [
                                                {
                                                    "Worker Number": 0,
                                                    "Actual Startup Time": 0.031,
                                                    "Actual Total Time": 332.546,
                                                    "Actual Rows": 2214818,
                                                    "Actual Loops": 1
                                                },
                                                {
                                                    "Worker Number": 1,
                                                    "Actual Startup Time": 0.032,
                                                    "Actual Total Time": 325.397,
                                                    "Actual Rows": 2460536,
                                                    "Actual Loops": 1
                                                },
                                                {
                                                    "Worker Number": 2,
                                                    "Actual Startup Time": 0.039,
                                                    "Actual Total Time": 326.441,
                                                    "Actual Rows": 2458598,
                                                    "Actual Loops": 1
                                                },
                                                {
                                                    "Worker Number": 3,
                                                    "Actual Startup Time": 0.044,
                                                    "Actual Total Time": 334.533,
                                                    "Actual Rows": 2232351,
                                                    "Actual Loops": 1
                                                },
                                                {
                                                    "Worker Number": 4,
                                                    "Actual Startup Time": 0.026,
                                                    "Actual Total Time": 304.938,
                                                    "Actual Rows": 3203744,
                                                    "Actual Loops": 1
                                                }
                                            ]
                                        },
                                        {
                                            "Node Type": "Hash",
                                            "Parent Relationship": "Inner",
                                            "Parallel Aware": true,
                                            "Startup Cost": 249791.24,
                                            "Total Cost": 249791.24,
                                            "Plan Rows": 134419,
                                            "Plan Width": 8,
                                            "Actual Startup Time": 703.007,
                                            "Actual Total Time": 703.076,
                                            "Actual Rows": 122722,
                                            "Actual Loops": 6,
                                            "Output": [
                                                "t.id",
                                                "ci.movie_id"
                                            ],
                                            "Hash Buckets": 1048576,
                                            "Original Hash Buckets": 1048576,
                                            "Hash Batches": 1,
                                            "Original Hash Batches": 1,
                                            "Peak Memory Usage": 37120,
                                            "Workers": [
                                                {
                                                    "Worker Number": 0,
                                                    "Actual Startup Time": 701.911,
                                                    "Actual Total Time": 701.914,
                                                    "Actual Rows": 115152,
                                                    "Actual Loops": 1
                                                },
                                                {
                                                    "Worker Number": 1,
                                                    "Actual Startup Time": 702.424,
                                                    "Actual Total Time": 702.427,
                                                    "Actual Rows": 114537,
                                                    "Actual Loops": 1
                                                },
                                                {
                                                    "Worker Number": 2,
                                                    "Actual Startup Time": 703.314,
                                                    "Actual Total Time": 703.317,
                                                    "Actual Rows": 114685,
                                                    "Actual Loops": 1
                                                },
                                                {
                                                    "Worker Number": 3,
                                                    "Actual Startup Time": 703.51,
                                                    "Actual Total Time": 703.515,
                                                    "Actual Rows": 115371,
                                                    "Actual Loops": 1
                                                },
                                                {
                                                    "Worker Number": 4,
                                                    "Actual Startup Time": 703.617,
                                                    "Actual Total Time": 703.62,
                                                    "Actual Rows": 162682,
                                                    "Actual Loops": 1
                                                }
                                            ],
                                            "Plans": [
                                                {
                                                    "Node Type": "Hash Join",
                                                    "Parent Relationship": "Outer",
                                                    "Parallel Aware": true,
                                                    "Join Type": "Inner",
                                                    "Startup Cost": 46708.8,
                                                    "Total Cost": 249791.24,
                                                    "Plan Rows": 134419,
                                                    "Plan Width": 8,
                                                    "Actual Startup Time": 108.708,
                                                    "Actual Total Time": 655.748,
                                                    "Actual Rows": 122722,
                                                    "Actual Loops": 6,
                                                    "Output": [
                                                        "t.id",
                                                        "ci.movie_id"
                                                    ],
                                                    "Inner Unique": true,
                                                    "Hash Cond": "(ci.movie_id = t.id)",
                                                    "Workers": [
                                                        {
                                                            "Worker Number": 0,
                                                            "Actual Startup Time": 107.782,
                                                            "Actual Total Time": 655.536,
                                                            "Actual Rows": 115152,
                                                            "Actual Loops": 1
                                                        },
                                                        {
                                                            "Worker Number": 1,
                                                            "Actual Startup Time": 108.39,
                                                            "Actual Total Time": 654.4,
                                                            "Actual Rows": 114537,
                                                            "Actual Loops": 1
                                                        },
                                                        {
                                                            "Worker Number": 2,
                                                            "Actual Startup Time": 109.095,
                                                            "Actual Total Time": 653.943,
                                                            "Actual Rows": 114685,
                                                            "Actual Loops": 1
                                                        },
                                                        {
                                                            "Worker Number": 3,
                                                            "Actual Startup Time": 109.083,
                                                            "Actual Total Time": 659.565,
                                                            "Actual Rows": 115371,
                                                            "Actual Loops": 1
                                                        },
                                                        {
                                                            "Worker Number": 4,
                                                            "Actual Startup Time": 108.733,
                                                            "Actual Total Time": 653.18,
                                                            "Actual Rows": 162682,
                                                            "Actual Loops": 1
                                                        }
                                                    ],
                                                    "Plans": [
                                                        {
                                                            "Node Type": "Index Scan",
                                                            "Parent Relationship": "Outer",
                                                            "Parallel Aware": true,
                                                            "Scan Direction": "Forward",
                                                            "Index Name": "role_id_cast_info",
                                                            "Relation Name": "cast_info",
                                                            "Schema": "public",
                                                            "Alias": "ci",
                                                            "Startup Cost": 0.56,
                                                            "Total Cost": 200814.65,
                                                            "Plan Rows": 864135,
                                                            "Plan Width": 4,
                                                            "Actual Startup Time": 0.206,
                                                            "Actual Total Time": 307.087,
                                                            "Actual Rows": 1090726,
                                                            "Actual Loops": 6,
                                                            "Output": [
                                                                "ci.id",
                                                                "ci.person_id",
                                                                "ci.movie_id",
                                                                "ci.person_role_id",
                                                                "ci.note",
                                                                "ci.nr_order",
                                                                "ci.role_id"
                                                            ],
                                                            "Index Cond": "(ci.role_id = 2)",
                                                            "Rows Removed by Index Recheck": 0,
                                                            "Filter": "(ci.person_id < 2583452)",
                                                            "Rows Removed by Filter": 151270,
                                                            "Workers": [
                                                                {
                                                                    "Worker Number": 0,
                                                                    "Actual Startup Time": 0.14,
                                                                    "Actual Total Time": 312.509,
                                                                    "Actual Rows": 1025364,
                                                                    "Actual Loops": 1
                                                                },
                                                                {
                                                                    "Worker Number": 1,
                                                                    "Actual Startup Time": 0.218,
                                                                    "Actual Total Time": 310.523,
                                                                    "Actual Rows": 1007686,
                                                                    "Actual Loops": 1
                                                                },
                                                                {
                                                                    "Worker Number": 2,
                                                                    "Actual Startup Time": 0.184,
                                                                    "Actual Total Time": 311.508,
                                                                    "Actual Rows": 1014066,
                                                                    "Actual Loops": 1
                                                                },
                                                                {
                                                                    "Worker Number": 3,
                                                                    "Actual Startup Time": 0.367,
                                                                    "Actual Total Time": 313.741,
                                                                    "Actual Rows": 1017179,
                                                                    "Actual Loops": 1
                                                                },
                                                                {
                                                                    "Worker Number": 4,
                                                                    "Actual Startup Time": 0.092,
                                                                    "Actual Total Time": 299.642,
                                                                    "Actual Rows": 1451990,
                                                                    "Actual Loops": 1
                                                                }
                                                            ]
                                                        },
                                                        {
                                                            "Node Type": "Hash",
                                                            "Parent Relationship": "Inner",
                                                            "Parallel Aware": true,
                                                            "Startup Cost": 45479.21,
                                                            "Total Cost": 45479.21,
                                                            "Plan Rows": 98322,
                                                            "Plan Width": 4,
                                                            "Actual Startup Time": 107.707,
                                                            "Actual Total Time": 107.709,
                                                            "Actual Rows": 48282,
                                                            "Actual Loops": 6,
                                                            "Output": [
                                                                "t.id"
                                                            ],
                                                            "Hash Buckets": 524288,
                                                            "Original Hash Buckets": 524288,
                                                            "Hash Batches": 1,
                                                            "Original Hash Batches": 1,
                                                            "Peak Memory Usage": 15488,
                                                            "Workers": [
                                                                {
                                                                    "Worker Number": 0,
                                                                    "Actual Startup Time": 107.428,
                                                                    "Actual Total Time": 107.429,
                                                                    "Actual Rows": 43210,
                                                                    "Actual Loops": 1
                                                                },
                                                                {
                                                                    "Worker Number": 1,
                                                                    "Actual Startup Time": 108.013,
                                                                    "Actual Total Time": 108.014,
                                                                    "Actual Rows": 42477,
                                                                    "Actual Loops": 1
                                                                },
                                                                {
                                                                    "Worker Number": 2,
                                                                    "Actual Startup Time": 108.731,
                                                                    "Actual Total Time": 108.732,
                                                                    "Actual Rows": 43131,
                                                                    "Actual Loops": 1
                                                                },
                                                                {
                                                                    "Worker Number": 3,
                                                                    "Actual Startup Time": 108.588,
                                                                    "Actual Total Time": 108.589,
                                                                    "Actual Rows": 42491,
                                                                    "Actual Loops": 1
                                                                },
                                                                {
                                                                    "Worker Number": 4,
                                                                    "Actual Startup Time": 108.55,
                                                                    "Actual Total Time": 108.551,
                                                                    "Actual Rows": 63293,
                                                                    "Actual Loops": 1
                                                                }
                                                            ],
                                                            "Plans": [
                                                                {
                                                                    "Node Type": "Seq Scan",
                                                                    "Parent Relationship": "Outer",
                                                                    "Parallel Aware": true,
                                                                    "Relation Name": "title",
                                                                    "Schema": "public",
                                                                    "Alias": "t",
                                                                    "Startup Cost": 0.0,
                                                                    "Total Cost": 45479.21,
                                                                    "Plan Rows": 98322,
                                                                    "Plan Width": 4,
                                                                    "Actual Startup Time": 44.779,
                                                                    "Actual Total Time": 87.269,
                                                                    "Actual Rows": 48282,
                                                                    "Actual Loops": 6,
                                                                    "Output": [
                                                                        "t.id"
                                                                    ],
                                                                    "Filter": "((t.production_year > 1998) AND (t.kind_id = 1))",
                                                                    "Rows Removed by Filter": 373103,
                                                                    "Workers": [
                                                                        {
                                                                            "Worker Number": 0,
                                                                            "Actual Startup Time": 52.565,
                                                                            "Actual Total Time": 87.743,
                                                                            "Actual Rows": 43210,
                                                                            "Actual Loops": 1
                                                                        },
                                                                        {
                                                                            "Worker Number": 1,
                                                                            "Actual Startup Time": 52.937,
                                                                            "Actual Total Time": 87.816,
                                                                            "Actual Rows": 42477,
                                                                            "Actual Loops": 1
                                                                        },
                                                                        {
                                                                            "Worker Number": 2,
                                                                            "Actual Startup Time": 52.692,
                                                                            "Actual Total Time": 88.04,
                                                                            "Actual Rows": 43131,
                                                                            "Actual Loops": 1
                                                                        },
                                                                        {
                                                                            "Worker Number": 3,
                                                                            "Actual Startup Time": 52.738,
                                                                            "Actual Total Time": 87.689,
                                                                            "Actual Rows": 42491,
                                                                            "Actual Loops": 1
                                                                        },
                                                                        {
                                                                            "Worker Number": 4,
                                                                            "Actual Startup Time": 52.59,
                                                                            "Actual Total Time": 86.79,
                                                                            "Actual Rows": 63293,
                                                                            "Actual Loops": 1
                                                                        }
                                                                    ]
                                                                }
                                                            ]
                                                        }
                                                    ]
                                                }
                                            ]
                                        }
                                    ]
                                }
                            ]
                        }
                    ]
                }
            ]
        },
        "Planning Time": 305.728,
        "Triggers": [],
        "Execution Time": 2291.174
    }
]