[
  {
    "Plan": {
      "Node Type": "Aggregate",
      "Strategy": "Plain",
      "Partial Mode": "Finalize",
      "Parallel Aware": false,
      "Startup Cost": 79506.28,
      "Total Cost": 79506.29,
      "Plan Rows": 1,
      "Plan Width": 8,
      "Actual Startup Time": 240.294,
      "Actual Total Time": 255.754,
      "Actual Rows": 1,
      "Actual Loops": 1,
      "Plans": [
        {
          "Node Type": "Gather",
          "Parent Relationship": "Outer",
          "Parallel Aware": false,
          "Startup Cost": 79505.86,
          "Total Cost": 79506.27,
          "Plan Rows": 4,
          "Plan Width": 8,
          "Actual Startup Time": 238.205,
          "Actual Total Time": 255.744,
          "Actual Rows": 5,
          "Actual Loops": 1,
          "Workers Planned": 4,
          "Workers Launched": 4,
          "Single Copy": false,
          "Plans": [
            {
              "Node Type": "Aggregate",
              "Strategy": "Plain",
              "Partial Mode": "Partial",
              "Parent Relationship": "Outer",
              "Parallel Aware": false,
              "Startup Cost": 78505.86,
              "Total Cost": 78505.87,
              "Plan Rows": 1,
              "Plan Width": 8,
              "Actual Startup Time": 231.279,
              "Actual Total Time": 231.282,
              "Actual Rows": 1,
              "Actual Loops": 5,
              "Plans": [
                {
                  "Node Type": "Hash Join",
                  "Parent Relationship": "Outer",
                  "Parallel Aware": true,
                  "Join Type": "Inner",
                  "Startup Cost": 31249.41,
                  "Total Cost": 78367.08,
                  "Plan Rows": 55511,
                  "Plan Width": 0,
                  "Actual Startup Time": 99.113,
                  "Actual Total Time": 229.046,
                  "Actual Rows": 46757,
                  "Actual Loops": 5,
                  "Inner Unique": false,
                  "Hash Cond": "(t.id = mc.movie_id)",
                  "Plans": [
                    {
                      "Node Type": "Seq Scan",
                      "Parent Relationship": "Outer",
                      "Parallel Aware": true,
                      "Relation Name": "title",
                      "Alias": "t",
                      "Startup Cost": 0.0,
                      "Total Cost": 45479.1,
                      "Plan Rows": 291901,
                      "Plan Width": 4,
                      "Actual Startup Time": 0.011,
                      "Actual Total Time": 74.575,
                      "Actual Rows": 225781,
                      "Actual Loops": 5,
                      "Filter": "((production_year < 2010) AND (kind_id = 7))",
                      "Rows Removed by Filter": 279881
                    },
                    {
                      "Node Type": "Hash",
                      "Parent Relationship": "Inner",
                      "Parallel Aware": true,
                      "Startup Cost": 29310.68,
                      "Total Cost": 29310.68,
                      "Plan Rows": 155098,
                      "Plan Width": 4,
                      "Actual Startup Time": 96.461,
                      "Actual Total Time": 96.462,
                      "Actual Rows": 95430,
                      "Actual Loops": 5,
                      "Hash Buckets": 524288,
                      "Original Hash Buckets": 524288,
                      "Hash Batches": 1,
                      "Original Hash Batches": 1,
                      "Peak Memory Usage": 22880,
                      "Plans": [
                        {
                          "Node Type": "Seq Scan",
                          "Parent Relationship": "Outer",
                          "Parallel Aware": true,
                          "Relation Name": "movie_companies",
                          "Alias": "mc",
                          "Startup Cost": 0.0,
                          "Total Cost": 29310.68,
                          "Plan Rows": 155098,
                          "Plan Width": 4,
                          "Actual Startup Time": 0.061,
                          "Actual Total Time": 59.895,
                          "Actual Rows": 95430,
                          "Actual Loops": 5,
                          "Filter": "(company_id < 424)",
                          "Rows Removed by Filter": 426395
                        }
                      ]
                    }
                  ]
                }
              ]
            }
          ]
        }
      ]
    },
    "Planning Time": 0.661,
    "Triggers": [],
    "Execution Time": 255.825
  }
]