[
  {
    "Plan": {
      "Node Type": "Aggregate",
      "Strategy": "Plain",
      "Partial Mode": "Finalize",
      "Parallel Aware": false,
      "Startup Cost": 45198.37,
      "Total Cost": 45198.38,
      "Plan Rows": 1,
      "Plan Width": 8,
      "Actual Startup Time": 108.639,
      "Actual Total Time": 120.807,
      "Actual Rows": 1,
      "Actual Loops": 1,
      "Plans": [
        {
          "Node Type": "Gather",
          "Parent Relationship": "Outer",
          "Parallel Aware": false,
          "Startup Cost": 45197.95,
          "Total Cost": 45198.36,
          "Plan Rows": 4,
          "Plan Width": 8,
          "Actual Startup Time": 108.468,
          "Actual Total Time": 120.795,
          "Actual Rows": 5,
          "Actual Loops": 1,
          "Workers Planned": 4,
          "Workers Launched": 4,
          "Single Copy": false,
          "Plans": [
            {
              "Node Type": "Aggregate",
              "Strategy": "Plain",
              "Partial Mode": "Partial",
              "Parent Relationship": "Outer",
              "Parallel Aware": false,
              "Startup Cost": 44197.95,
              "Total Cost": 44197.96,
              "Plan Rows": 1,
              "Plan Width": 8,
              "Actual Startup Time": 98.771,
              "Actual Total Time": 98.772,
              "Actual Rows": 1,
              "Actual Loops": 5,
              "Plans": [
                {
                  "Node Type": "Seq Scan",
                  "Parent Relationship": "Outer",
                  "Parallel Aware": true,
                  "Relation Name": "title",
                  "Alias": "t",
                  "Startup Cost": 0.0,
                  "Total Cost": 43899.32,
                  "Plan Rows": 119451,
                  "Plan Width": 0,
                  "Actual Startup Time": 0.065,
                  "Actual Total Time": 93.029,
                  "Actual Rows": 98806,
                  "Actual Loops": 5,
                  "Filter": "(production_year < 1979)",
                  "Rows Removed by Filter": 406857
                }
              ]
            }
          ]
        }
      ]
    },
    "Planning Time": 0.155,
    "Triggers": [],
    "Execution Time": 120.867
  }
]