[
  {
    "Plan": {
      "Node Type": "Aggregate",
      "Strategy": "Plain",
      "Partial Mode": "Finalize",
      "Parallel Aware": false,
      "Startup Cost": 45586.72,
      "Total Cost": 45586.73,
      "Plan Rows": 1,
      "Plan Width": 8,
      "Actual Startup Time": 154.643,
      "Actual Total Time": 164.727,
      "Actual Rows": 1,
      "Actual Loops": 1,
      "Plans": [
        {
          "Node Type": "Gather",
          "Parent Relationship": "Outer",
          "Parallel Aware": false,
          "Startup Cost": 45586.4,
          "Total Cost": 45586.71,
          "Plan Rows": 3,
          "Plan Width": 8,
          "Actual Startup Time": 154.513,
          "Actual Total Time": 164.716,
          "Actual Rows": 4,
          "Actual Loops": 1,
          "Workers Planned": 3,
          "Workers Launched": 3,
          "Single Copy": false,
          "Plans": [
            {
              "Node Type": "Aggregate",
              "Strategy": "Plain",
              "Partial Mode": "Partial",
              "Parent Relationship": "Outer",
              "Parallel Aware": false,
              "Startup Cost": 44586.4,
              "Total Cost": 44586.41,
              "Plan Rows": 1,
              "Plan Width": 8,
              "Actual Startup Time": 145.874,
              "Actual Total Time": 145.875,
              "Actual Rows": 1,
              "Actual Loops": 4,
              "Plans": [
                {
                  "Node Type": "Seq Scan",
                  "Parent Relationship": "Outer",
                  "Parallel Aware": true,
                  "Relation Name": "movie_keyword",
                  "Alias": "mk",
                  "Startup Cost": 0.0,
                  "Total Cost": 42695.65,
                  "Plan Rows": 756298,
                  "Plan Width": 0,
                  "Actual Startup Time": 0.064,
                  "Actual Total Time": 118.848,
                  "Actual Rows": 586107,
                  "Actual Loops": 4,
                  "Filter": "(keyword_id < 5218)",
                  "Rows Removed by Filter": 544876
                }
              ]
            }
          ]
        }
      ]
    },
    "Planning Time": 0.183,
    "Triggers": [],
    "Execution Time": 164.792
  }
]