{
  "Plan": {
    "Node Type": "Aggregate",
    "Strategy": "Plain",
    "Partial Mode": "Finalize",
    "Parallel Aware": false,
    "Startup Cost": 58556.92,
    "Total Cost": 58556.93,
    "Plan Rows": 1,
    "Plan Width": 8,
    "Actual Startup Time": 120.256,
    "Actual Total Time": 127.282,
    "Actual Rows": 1,
    "Actual Loops": 1,
    "Plans": [
      {
        "Node Type": "Gather",
        "Parent Relationship": "Outer",
        "Parallel Aware": false,
        "Startup Cost": 58556.81,
        "Total Cost": 58556.92,
        "Plan Rows": 1,
        "Plan Width": 8,
        "Actual Startup Time": 120.088,
        "Actual Total Time": 127.274,
        "Actual Rows": 2,
        "Actual Loops": 1,
        "Workers Planned": 1,
        "Workers Launched": 1,
        "Single Copy": false,
        "Plans": [
          {
            "Node Type": "Aggregate",
            "Strategy": "Plain",
            "Partial Mode": "Partial",
            "Parent Relationship": "Outer",
            "Parallel Aware": false,
            "Startup Cost": 57556.81,
            "Total Cost": 57556.82,
            "Plan Rows": 1,
            "Plan Width": 8,
            "Actual Startup Time": 113.917,
            "Actual Total Time": 113.921,
            "Actual Rows": 1,
            "Actual Loops": 2,
            "Plans": [
              {
                "Node Type": "Hash Join",
                "Parent Relationship": "Outer",
                "Parallel Aware": true,
                "Join Type": "Inner",
                "Startup Cost": 38761.34,
                "Total Cost": 57555.46,
                "Plan Rows": 539,
                "Plan Width": 0,
                "Actual Startup Time": 71.977,
                "Actual Total Time": 113.848,
                "Actual Rows": 862,
                "Actual Loops": 2,
                "Inner Unique": true,
                "Hash Cond": "(mi_idx.movie_id = t.id)",
                "Plans": [
                  {
                    "Node Type": "Seq Scan",
                    "Parent Relationship": "Outer",
                    "Parallel Aware": true,
                    "Relation Name": "movie_info_idx",
                    "Alias": "mi_idx",
                    "Startup Cost": 0.0,
                    "Total Cost": 18082.32,
                    "Plan Rows": 271164,
                    "Plan Width": 4,
                    "Actual Startup Time": 0.021,
                    "Actual Total Time": 53.089,
                    "Actual Rows": 230092,
                    "Actual Loops": 2,
                    "Filter": "(info_type_id > 100)",
                    "Rows Removed by Filter": 459925
                  },
                  {
                    "Node Type": "Hash",
                    "Parent Relationship": "Inner",
                    "Parallel Aware": true,
                    "Startup Cost": 38724.39,
                    "Total Cost": 38724.39,
                    "Plan Rows": 2956,
                    "Plan Width": 4,
                    "Actual Startup Time": 43.966,
                    "Actual Total Time": 43.967,
                    "Actual Rows": 2069,
                    "Actual Loops": 2,
                    "Hash Buckets": 8192,
                    "Original Hash Buckets": 8192,
                    "Hash Batches": 1,
                    "Original Hash Batches": 1,
                    "Peak Memory Usage": 256,
                    "Plans": [
                      {
                        "Node Type": "Bitmap Heap Scan",
                        "Parent Relationship": "Outer",
                        "Parallel Aware": true,
                        "Relation Name": "title",
                        "Alias": "t",
                        "Startup Cost": 1824.39,
                        "Total Cost": 38724.39,
                        "Plan Rows": 2956,
                        "Plan Width": 4,
                        "Actual Startup Time": 7.981,
                        "Actual Total Time": 43.149,
                        "Actual Rows": 2069,
                        "Actual Loops": 2,
                        "Recheck Cond": "(kind_id = 3)",
                        "Rows Removed by Index Recheck": 0,
                        "Filter": "(production_year = 2007)",
                        "Rows Removed by Filter": 48200,
                        "Exact Heap Blocks": 10536,
                        "Lossy Heap Blocks": 0,
                        "Plans": [
                          {
                            "Node Type": "Bitmap Index Scan",
                            "Parent Relationship": "Outer",
                            "Parallel Aware": false,
                            "Index Name": "kind_id_title",
                            "Startup Cost": 0.0,
                            "Total Cost": 1823.13,
                            "Plan Rows": 102227,
                            "Plan Width": 0,
                            "Actual Startup Time": 9.324,
                            "Actual Total Time": 9.325,
                            "Actual Rows": 100537,
                            "Actual Loops": 1,
                            "Index Cond": "(kind_id = 3)"
                          }
                        ]
                      }
                    ]
                  }
                ]
              }
            ]
          }
        ]
      }
    ]
  },
  "Planning Time": 0.268,
  "Triggers": [],
  "Execution Time": 127.348
}