{
    "Plan": {
        "Node Type": "Aggregate",
        "Strategy": "Plain",
        "Partial Mode": "Finalize",
        "Parallel Aware": false,
        "Startup Cost": 262422.9,
        "Total Cost": 262422.91,
        "Plan Rows": 1,
        "Plan Width": 8,
        "Actual Startup Time": 687.119,
        "Actual Total Time": 772.334,
        "Actual Rows": 1,
        "Actual Loops": 1,
        "Output": [
            "count(*)"
        ],
        "Plans": [
            {
                "Node Type": "Gather",
                "Parent Relationship": "Outer",
                "Parallel Aware": false,
                "Startup Cost": 262422.38,
                "Total Cost": 262422.89,
                "Plan Rows": 5,
                "Plan Width": 8,
                "Actual Startup Time": 686.723,
                "Actual Total Time": 772.323,
                "Actual Rows": 6,
                "Actual Loops": 1,
                "Output": [
                    "(PARTIAL count(*))"
                ],
                "Workers Planned": 5,
                "Workers Launched": 5,
                "Single Copy": false,
                "Plans": [
                    {
                        "Node Type": "Aggregate",
                        "Strategy": "Plain",
                        "Partial Mode": "Partial",
                        "Parent Relationship": "Outer",
                        "Parallel Aware": false,
                        "Startup Cost": 261422.38,
                        "Total Cost": 261422.39,
                        "Plan Rows": 1,
                        "Plan Width": 8,
                        "Actual Startup Time": 675.676,
                        "Actual Total Time": 675.682,
                        "Actual Rows": 1,
                        "Actual Loops": 6,
                        "Output": [
                            "PARTIAL count(*)"
                        ],
                        "Workers": [
                            {
                                "Worker Number": 0,
                                "Actual Startup Time": 673.401,
                                "Actual Total Time": 673.405,
                                "Actual Rows": 1,
                                "Actual Loops": 1
                            },
                            {
                                "Worker Number": 1,
                                "Actual Startup Time": 673.464,
                                "Actual Total Time": 673.468,
                                "Actual Rows": 1,
                                "Actual Loops": 1
                            },
                            {
                                "Worker Number": 2,
                                "Actual Startup Time": 673.586,
                                "Actual Total Time": 673.591,
                                "Actual Rows": 1,
                                "Actual Loops": 1
                            },
                            {
                                "Worker Number": 3,
                                "Actual Startup Time": 673.538,
                                "Actual Total Time": 673.543,
                                "Actual Rows": 1,
                                "Actual Loops": 1
                            },
                            {
                                "Worker Number": 4,
                                "Actual Startup Time": 674.269,
                                "Actual Total Time": 674.273,
                                "Actual Rows": 1,
                                "Actual Loops": 1
                            }
                        ],
                        "Plans": [
                            {
                                "Node Type": "Nested Loop",
                                "Parent Relationship": "Outer",
                                "Parallel Aware": false,
                                "Join Type": "Inner",
                                "Startup Cost": 45642.37,
                                "Total Cost": 261290.91,
                                "Plan Rows": 52589,
                                "Plan Width": 0,
                                "Actual Startup Time": 127.389,
                                "Actual Total Time": 668.457,
                                "Actual Rows": 109770,
                                "Actual Loops": 6,
                                "Inner Unique": false,
                                "Join Filter": "(t.id = ci.movie_id)",
                                "Rows Removed by Join Filter": 0,
                                "Workers": [
                                    {
                                        "Worker Number": 0,
                                        "Actual Startup Time": 125.038,
                                        "Actual Total Time": 667.156,
                                        "Actual Rows": 98405,
                                        "Actual Loops": 1
                                    },
                                    {
                                        "Worker Number": 1,
                                        "Actual Startup Time": 125.106,
                                        "Actual Total Time": 666.891,
                                        "Actual Rows": 105240,
                                        "Actual Loops": 1
                                    },
                                    {
                                        "Worker Number": 2,
                                        "Actual Startup Time": 125.318,
                                        "Actual Total Time": 666.977,
                                        "Actual Rows": 91832,
                                        "Actual Loops": 1
                                    },
                                    {
                                        "Worker Number": 3,
                                        "Actual Startup Time": 125.193,
                                        "Actual Total Time": 667.084,
                                        "Actual Rows": 98239,
                                        "Actual Loops": 1
                                    },
                                    {
                                        "Worker Number": 4,
                                        "Actual Startup Time": 125.948,
                                        "Actual Total Time": 667.555,
                                        "Actual Rows": 109149,
                                        "Actual Loops": 1
                                    }
                                ],
                                "Plans": [
                                    {
                                        "Node Type": "Hash Join",
                                        "Parent Relationship": "Outer",
                                        "Parallel Aware": true,
                                        "Join Type": "Inner",
                                        "Startup Cost": 45641.81,
                                        "Total Cost": 245284.28,
                                        "Plan Rows": 5972,
                                        "Plan Width": 8,
                                        "Actual Startup Time": 127.244,
                                        "Actual Total Time": 405.412,
                                        "Actual Rows": 4134,
                                        "Actual Loops": 6,
                                        "Output": [
                                            "t.id",
                                            "mi.movie_id"
                                        ],
                                        "Inner Unique": true,
                                        "Hash Cond": "(mi.movie_id = t.id)",
                                        "Workers": [
                                            {
                                                "Worker Number": 0,
                                                "Actual Startup Time": 124.957,
                                                "Actual Total Time": 400.803,
                                                "Actual Rows": 4058,
                                                "Actual Loops": 1
                                            },
                                            {
                                                "Worker Number": 1,
                                                "Actual Startup Time": 125.014,
                                                "Actual Total Time": 399.632,
                                                "Actual Rows": 4050,
                                                "Actual Loops": 1
                                            },
                                            {
                                                "Worker Number": 2,
                                                "Actual Startup Time": 125.177,
                                                "Actual Total Time": 397.435,
                                                "Actual Rows": 3323,
                                                "Actual Loops": 1
                                            },
                                            {
                                                "Worker Number": 3,
                                                "Actual Startup Time": 125.114,
                                                "Actual Total Time": 396.415,
                                                "Actual Rows": 3716,
                                                "Actual Loops": 1
                                            },
                                            {
                                                "Worker Number": 4,
                                                "Actual Startup Time": 125.807,
                                                "Actual Total Time": 396.272,
                                                "Actual Rows": 4018,
                                                "Actual Loops": 1
                                            }
                                        ],
                                        "Plans": [
                                            {
                                                "Node Type": "Seq Scan",
                                                "Parent Relationship": "Outer",
                                                "Parallel Aware": true,
                                                "Relation Name": "movie_info",
                                                "Schema": "public",
                                                "Alias": "mi",
                                                "Startup Cost": 0.0,
                                                "Total Cost": 198880.74,
                                                "Plan Rows": 290184,
                                                "Plan Width": 4,
                                                "Actual Startup Time": 48.019,
                                                "Actual Total Time": 301.281,
                                                "Actual Rows": 233650,
                                                "Actual Loops": 6,
                                                "Output": [
                                                    "mi.id",
                                                    "mi.movie_id",
                                                    "mi.info_type_id",
                                                    "mi.info",
                                                    "mi.note"
                                                ],
                                                "Filter": "(mi.info_type_id = 7)",
                                                "Rows Removed by Filter": 2238970,
                                                "Workers": [
                                                    {
                                                        "Worker Number": 0,
                                                        "Actual Startup Time": 47.917,
                                                        "Actual Total Time": 300.114,
                                                        "Actual Rows": 243137,
                                                        "Actual Loops": 1
                                                    },
                                                    {
                                                        "Worker Number": 1,
                                                        "Actual Startup Time": 48.106,
                                                        "Actual Total Time": 299.559,
                                                        "Actual Rows": 237609,
                                                        "Actual Loops": 1
                                                    },
                                                    {
                                                        "Worker Number": 2,
                                                        "Actual Startup Time": 48.039,
                                                        "Actual Total Time": 298.621,
                                                        "Actual Rows": 193937,
                                                        "Actual Loops": 1
                                                    },
                                                    {
                                                        "Worker Number": 3,
                                                        "Actual Startup Time": 48.048,
                                                        "Actual Total Time": 297.861,
                                                        "Actual Rows": 204052,
                                                        "Actual Loops": 1
                                                    },
                                                    {
                                                        "Worker Number": 4,
                                                        "Actual Startup Time": 47.926,
                                                        "Actual Total Time": 296.988,
                                                        "Actual Rows": 214480,
                                                        "Actual Loops": 1
                                                    }
                                                ]
                                            },
                                            {
                                                "Node Type": "Hash",
                                                "Parent Relationship": "Inner",
                                                "Parallel Aware": true,
                                                "Startup Cost": 45479.21,
                                                "Total Cost": 45479.21,
                                                "Plan Rows": 13008,
                                                "Plan Width": 4,
                                                "Actual Startup Time": 77.894,
                                                "Actual Total Time": 77.895,
                                                "Actual Rows": 7335,
                                                "Actual Loops": 6,
                                                "Output": [
                                                    "t.id"
                                                ],
                                                "Hash Buckets": 65536,
                                                "Original Hash Buckets": 65536,
                                                "Hash Batches": 1,
                                                "Original Hash Batches": 1,
                                                "Peak Memory Usage": 2368,
                                                "Workers": [
                                                    {
                                                        "Worker Number": 0,
                                                        "Actual Startup Time": 76.41,
                                                        "Actual Total Time": 76.411,
                                                        "Actual Rows": 7479,
                                                        "Actual Loops": 1
                                                    },
                                                    {
                                                        "Worker Number": 1,
                                                        "Actual Startup Time": 76.45,
                                                        "Actual Total Time": 76.451,
                                                        "Actual Rows": 7385,
                                                        "Actual Loops": 1
                                                    },
                                                    {
                                                        "Worker Number": 2,
                                                        "Actual Startup Time": 76.562,
                                                        "Actual Total Time": 76.563,
                                                        "Actual Rows": 6870,
                                                        "Actual Loops": 1
                                                    },
                                                    {
                                                        "Worker Number": 3,
                                                        "Actual Startup Time": 76.558,
                                                        "Actual Total Time": 76.559,
                                                        "Actual Rows": 6823,
                                                        "Actual Loops": 1
                                                    },
                                                    {
                                                        "Worker Number": 4,
                                                        "Actual Startup Time": 77.257,
                                                        "Actual Total Time": 77.259,
                                                        "Actual Rows": 7388,
                                                        "Actual Loops": 1
                                                    }
                                                ],
                                                "Plans": [
                                                    {
                                                        "Node Type": "Seq Scan",
                                                        "Parent Relationship": "Outer",
                                                        "Parallel Aware": true,
                                                        "Relation Name": "title",
                                                        "Schema": "public",
                                                        "Alias": "t",
                                                        "Startup Cost": 0.0,
                                                        "Total Cost": 45479.21,
                                                        "Plan Rows": 13008,
                                                        "Plan Width": 4,
                                                        "Actual Startup Time": 0.398,
                                                        "Actual Total Time": 74.627,
                                                        "Actual Rows": 7335,
                                                        "Actual Loops": 6,
                                                        "Output": [
                                                            "t.id"
                                                        ],
                                                        "Filter": "((t.kind_id < 7) AND (t.production_year = 2009))",
                                                        "Rows Removed by Filter": 414050,
                                                        "Workers": [
                                                            {
                                                                "Worker Number": 0,
                                                                "Actual Startup Time": 0.744,
                                                                "Actual Total Time": 73.076,
                                                                "Actual Rows": 7479,
                                                                "Actual Loops": 1
                                                            },
                                                            {
                                                                "Worker Number": 1,
                                                                "Actual Startup Time": 0.199,
                                                                "Actual Total Time": 73.127,
                                                                "Actual Rows": 7385,
                                                                "Actual Loops": 1
                                                            },
                                                            {
                                                                "Worker Number": 2,
                                                                "Actual Startup Time": 0.284,
                                                                "Actual Total Time": 73.462,
                                                                "Actual Rows": 6870,
                                                                "Actual Loops": 1
                                                            },
                                                            {
                                                                "Worker Number": 3,
                                                                "Actual Startup Time": 0.492,
                                                                "Actual Total Time": 73.496,
                                                                "Actual Rows": 6823,
                                                                "Actual Loops": 1
                                                            },
                                                            {
                                                                "Worker Number": 4,
                                                                "Actual Startup Time": 0.522,
                                                                "Actual Total Time": 73.564,
                                                                "Actual Rows": 7388,
                                                                "Actual Loops": 1
                                                            }
                                                        ]
                                                    }
                                                ]
                                            }
                                        ]
                                    },
                                    {
                                        "Node Type": "Index Scan",
                                        "Parent Relationship": "Inner",
                                        "Parallel Aware": false,
                                        "Scan Direction": "Forward",
                                        "Index Name": "movie_id_cast_info",
                                        "Relation Name": "cast_info",
                                        "Schema": "public",
                                        "Alias": "ci",
                                        "Startup Cost": 0.56,
                                        "Total Cost": 2.38,
                                        "Plan Rows": 24,
                                        "Plan Width": 4,
                                        "Actual Startup Time": 0.021,
                                        "Actual Total Time": 0.06,
                                        "Actual Rows": 27,
                                        "Actual Loops": 24805,
                                        "Output": [
                                            "ci.id",
                                            "ci.person_id",
                                            "ci.movie_id",
                                            "ci.person_role_id",
                                            "ci.note",
                                            "ci.nr_order",
                                            "ci.role_id"
                                        ],
                                        "Index Cond": "(ci.movie_id = mi.movie_id)",
                                        "Rows Removed by Index Recheck": 0,
                                        "Filter": "(ci.person_id > 1375144)",
                                        "Rows Removed by Filter": 14,
                                        "Workers": [
                                            {
                                                "Worker Number": 0,
                                                "Actual Startup Time": 0.022,
                                                "Actual Total Time": 0.062,
                                                "Actual Rows": 24,
                                                "Actual Loops": 4058
                                            },
                                            {
                                                "Worker Number": 1,
                                                "Actual Startup Time": 0.023,
                                                "Actual Total Time": 0.063,
                                                "Actual Rows": 26,
                                                "Actual Loops": 4050
                                            },
                                            {
                                                "Worker Number": 2,
                                                "Actual Startup Time": 0.027,
                                                "Actual Total Time": 0.077,
                                                "Actual Rows": 28,
                                                "Actual Loops": 3323
                                            },
                                            {
                                                "Worker Number": 3,
                                                "Actual Startup Time": 0.025,
                                                "Actual Total Time": 0.069,
                                                "Actual Rows": 26,
                                                "Actual Loops": 3716
                                            },
                                            {
                                                "Worker Number": 4,
                                                "Actual Startup Time": 0.022,
                                                "Actual Total Time": 0.064,
                                                "Actual Rows": 27,
                                                "Actual Loops": 4018
                                            }
                                        ]
                                    }
                                ]
                            }
                        ]
                    }
                ]
            }
        ]
    },
    "Planning Time": 1.606,
    "Triggers": [],
    "Execution Time": 772.431
}