[
  {
    "Plan": {
      "Node Type": "Aggregate",
      "Strategy": "Plain",
      "Partial Mode": "Finalize",
      "Parallel Aware": false,
      "Startup Cost": 47283.24,
      "Total Cost": 47283.25,
      "Plan Rows": 1,
      "Plan Width": 8,
      "Actual Startup Time": 119.326,
      "Actual Total Time": 131.51,
      "Actual Rows": 1,
      "Actual Loops": 1,
      "Plans": [
        {
          "Node Type": "Gather",
          "Parent Relationship": "Outer",
          "Parallel Aware": false,
          "Startup Cost": 47282.82,
          "Total Cost": 47283.23,
          "Plan Rows": 4,
          "Plan Width": 8,
          "Actual Startup Time": 119.063,
          "Actual Total Time": 131.5,
          "Actual Rows": 5,
          "Actual Loops": 1,
          "Workers Planned": 4,
          "Workers Launched": 4,
          "Single Copy": false,
          "Plans": [
            {
              "Node Type": "Aggregate",
              "Strategy": "Plain",
              "Partial Mode": "Partial",
              "Parent Relationship": "Outer",
              "Parallel Aware": false,
              "Startup Cost": 46282.82,
              "Total Cost": 46282.83,
              "Plan Rows": 1,
              "Plan Width": 8,
              "Actual Startup Time": 110.505,
              "Actual Total Time": 110.506,
              "Actual Rows": 1,
              "Actual Loops": 5,
              "Plans": [
                {
                  "Node Type": "Seq Scan",
                  "Parent Relationship": "Outer",
                  "Parallel Aware": true,
                  "Relation Name": "title",
                  "Alias": "t",
                  "Startup Cost": 0.0,
                  "Total Cost": 45479.1,
                  "Plan Rows": 321490,
                  "Plan Width": 0,
                  "Actual Startup Time": 0.043,
                  "Actual Total Time": 94.826,
                  "Actual Rows": 273228,
                  "Actual Loops": 5,
                  "Filter": "((production_year > 1968) AND (kind_id = 7))",
                  "Rows Removed by Filter": 232434
                }
              ]
            }
          ]
        }
      ]
    },
    "Planning Time": 0.196,
    "Triggers": [],
    "Execution Time": 131.569
  }
]