{
  "Plan": {
    "Node Type": "Aggregate",
    "Strategy": "Plain",
    "Partial Mode": "Finalize",
    "Parallel Aware": false,
    "Startup Cost": 71609.29,
    "Total Cost": 71609.3,
    "Plan Rows": 1,
    "Plan Width": 8,
    "Actual Startup Time": 154.639,
    "Actual Total Time": 169.111,
    "Actual Rows": 1,
    "Actual Loops": 1,
    "Plans": [
      {
        "Node Type": "Gather",
        "Parent Relationship": "Outer",
        "Parallel Aware": false,
        "Startup Cost": 71609.18,
        "Total Cost": 71609.29,
        "Plan Rows": 1,
        "Plan Width": 8,
        "Actual Startup Time": 154.51,
        "Actual Total Time": 169.104,
        "Actual Rows": 2,
        "Actual Loops": 1,
        "Workers Planned": 1,
        "Workers Launched": 1,
        "Single Copy": false,
        "Plans": [
          {
            "Node Type": "Aggregate",
            "Strategy": "Plain",
            "Partial Mode": "Partial",
            "Parent Relationship": "Outer",
            "Parallel Aware": false,
            "Startup Cost": 70609.18,
            "Total Cost": 70609.19,
            "Plan Rows": 1,
            "Plan Width": 8,
            "Actual Startup Time": 150.89,
            "Actual Total Time": 150.891,
            "Actual Rows": 1,
            "Actual Loops": 2,
            "Plans": [
              {
                "Node Type": "Nested Loop",
                "Parent Relationship": "Outer",
                "Parallel Aware": false,
                "Join Type": "Inner",
                "Startup Cost": 0.43,
                "Total Cost": 70601.82,
                "Plan Rows": 2944,
                "Plan Width": 0,
                "Actual Startup Time": 2.222,
                "Actual Total Time": 150.729,
                "Actual Rows": 2614,
                "Actual Loops": 2,
                "Inner Unique": false,
                "Plans": [
                  {
                    "Node Type": "Seq Scan",
                    "Parent Relationship": "Outer",
                    "Parallel Aware": true,
                    "Relation Name": "title",
                    "Alias": "t",
                    "Startup Cost": 0.0,
                    "Total Cost": 54588.39,
                    "Plan Rows": 1718,
                    "Plan Width": 4,
                    "Actual Startup Time": 1.646,
                    "Actual Total Time": 135.809,
                    "Actual Rows": 1758,
                    "Actual Loops": 2,
                    "Filter": "(production_year > 2013)",
                    "Rows Removed by Filter": 1262398
                  },
                  {
                    "Node Type": "Index Scan",
                    "Parent Relationship": "Inner",
                    "Parallel Aware": false,
                    "Scan Direction": "Forward",
                    "Index Name": "movie_id_movie_keyword",
                    "Relation Name": "movie_keyword",
                    "Alias": "mk",
                    "Startup Cost": 0.43,
                    "Total Cost": 8.88,
                    "Plan Rows": 44,
                    "Plan Width": 4,
                    "Actual Startup Time": 0.008,
                    "Actual Total Time": 0.008,
                    "Actual Rows": 1,
                    "Actual Loops": 3515,
                    "Index Cond": "(movie_id = t.id)",
                    "Rows Removed by Index Recheck": 0,
                    "Filter": "(keyword_id < 70681)",
                    "Rows Removed by Filter": 0
                  }
                ]
              }
            ]
          }
        ]
      }
    ]
  },
  "Planning Time": 0.465,
  "Triggers": [],
  "Execution Time": 169.182
}