[
  {
    "Plan": {
      "Node Type": "Aggregate",
      "Strategy": "Plain",
      "Partial Mode": "Finalize",
      "Parallel Aware": false,
      "Startup Cost": 220134.55,
      "Total Cost": 220134.56,
      "Plan Rows": 1,
      "Plan Width": 8,
      "Actual Startup Time": 131.403,
      "Actual Total Time": 148.063,
      "Actual Rows": 1,
      "Actual Loops": 1,
      "Plans": [
        {
          "Node Type": "Gather",
          "Parent Relationship": "Outer",
          "Parallel Aware": false,
          "Startup Cost": 220134.13,
          "Total Cost": 220134.54,
          "Plan Rows": 4,
          "Plan Width": 8,
          "Actual Startup Time": 131.043,
          "Actual Total Time": 148.055,
          "Actual Rows": 5,
          "Actual Loops": 1,
          "Workers Planned": 4,
          "Workers Launched": 4,
          "Single Copy": false,
          "Plans": [
            {
              "Node Type": "Aggregate",
              "Strategy": "Plain",
              "Partial Mode": "Partial",
              "Parent Relationship": "Outer",
              "Parallel Aware": false,
              "Startup Cost": 219134.13,
              "Total Cost": 219134.14,
              "Plan Rows": 1,
              "Plan Width": 8,
              "Actual Startup Time": 120.814,
              "Actual Total Time": 120.816,
              "Actual Rows": 1,
              "Actual Loops": 5,
              "Plans": [
                {
                  "Node Type": "Nested Loop",
                  "Parent Relationship": "Outer",
                  "Parallel Aware": false,
                  "Join Type": "Inner",
                  "Startup Cost": 1621.2,
                  "Total Cost": 219072.34,
                  "Plan Rows": 24716,
                  "Plan Width": 0,
                  "Actual Startup Time": 19.501,
                  "Actual Total Time": 118.406,
                  "Actual Rows": 23457,
                  "Actual Loops": 5,
                  "Inner Unique": false,
                  "Plans": [
                    {
                      "Node Type": "Bitmap Heap Scan",
                      "Parent Relationship": "Outer",
                      "Parallel Aware": true,
                      "Relation Name": "title",
                      "Alias": "t",
                      "Startup Cost": 1620.76,
                      "Total Cost": 37958.82,
                      "Plan Rows": 4227,
                      "Plan Width": 4,
                      "Actual Startup Time": 19.254,
                      "Actual Total Time": 51.039,
                      "Actual Rows": 2572,
                      "Actual Loops": 5,
                      "Recheck Cond": "(kind_id = 2)",
                      "Rows Removed by Index Recheck": 0,
                      "Filter": "(production_year < 1978)",
                      "Rows Removed by Filter": 15598,
                      "Exact Heap Blocks": 9730,
                      "Lossy Heap Blocks": 0,
                      "Plans": [
                        {
                          "Node Type": "Bitmap Index Scan",
                          "Parent Relationship": "Outer",
                          "Parallel Aware": false,
                          "Index Name": "kind_id_title",
                          "Startup Cost": 0.0,
                          "Total Cost": 1616.54,
                          "Plan Rows": 90681,
                          "Plan Width": 0,
                          "Actual Startup Time": 21.353,
                          "Actual Total Time": 21.354,
                          "Actual Rows": 90852,
                          "Actual Loops": 1,
                          "Index Cond": "(kind_id = 2)"
                        }
                      ]
                    },
                    {
                      "Node Type": "Index Only Scan",
                      "Parent Relationship": "Inner",
                      "Parallel Aware": false,
                      "Scan Direction": "Forward",
                      "Index Name": "movie_id_movie_info",
                      "Relation Name": "movie_info",
                      "Alias": "mi",
                      "Startup Cost": 0.43,
                      "Total Cost": 42.43,
                      "Plan Rows": 42,
                      "Plan Width": 4,
                      "Actual Startup Time": 0.01,
                      "Actual Total Time": 0.024,
                      "Actual Rows": 9,
                      "Actual Loops": 12860,
                      "Index Cond": "(movie_id = t.id)",
                      "Rows Removed by Index Recheck": 0,
                      "Heap Fetches": 117287
                    }
                  ]
                }
              ]
            }
          ]
        }
      ]
    },
    "Planning Time": 0.493,
    "Triggers": [],
    "Execution Time": 148.145
  }
]