[
  {
    "Plan": {
      "Node Type": "Aggregate",
      "Strategy": "Plain",
      "Partial Mode": "Finalize",
      "Parallel Aware": false,
      "Startup Cost": 75169.73,
      "Total Cost": 75169.74,
      "Plan Rows": 1,
      "Plan Width": 8,
      "Actual Startup Time": 196.05,
      "Actual Total Time": 209.113,
      "Actual Rows": 1,
      "Actual Loops": 1,
      "Plans": [
        {
          "Node Type": "Gather",
          "Parent Relationship": "Outer",
          "Parallel Aware": false,
          "Startup Cost": 75169.41,
          "Total Cost": 75169.72,
          "Plan Rows": 3,
          "Plan Width": 8,
          "Actual Startup Time": 195.002,
          "Actual Total Time": 209.104,
          "Actual Rows": 4,
          "Actual Loops": 1,
          "Workers Planned": 3,
          "Workers Launched": 3,
          "Single Copy": false,
          "Plans": [
            {
              "Node Type": "Aggregate",
              "Strategy": "Plain",
              "Partial Mode": "Partial",
              "Parent Relationship": "Outer",
              "Parallel Aware": false,
              "Startup Cost": 74169.41,
              "Total Cost": 74169.42,
              "Plan Rows": 1,
              "Plan Width": 8,
              "Actual Startup Time": 186.831,
              "Actual Total Time": 186.835,
              "Actual Rows": 1,
              "Actual Loops": 4,
              "Plans": [
                {
                  "Node Type": "Nested Loop",
                  "Parent Relationship": "Outer",
                  "Parallel Aware": false,
                  "Join Type": "Inner",
                  "Startup Cost": 48649.14,
                  "Total Cost": 74160.69,
                  "Plan Rows": 3490,
                  "Plan Width": 0,
                  "Actual Startup Time": 174.956,
                  "Actual Total Time": 186.813,
                  "Actual Rows": 121,
                  "Actual Loops": 4,
                  "Inner Unique": false,
                  "Plans": [
                    {
                      "Node Type": "Hash Join",
                      "Parent Relationship": "Outer",
                      "Parallel Aware": true,
                      "Join Type": "Inner",
                      "Startup Cost": 48648.71,
                      "Total Cost": 68484.99,
                      "Plan Rows": 1951,
                      "Plan Width": 8,
                      "Actual Startup Time": 174.835,
                      "Actual Total Time": 185.129,
                      "Actual Rows": 124,
                      "Actual Loops": 4,
                      "Inner Unique": true,
                      "Hash Cond": "(mc.movie_id = t.id)",
                      "Plans": [
                        {
                          "Node Type": "Bitmap Heap Scan",
                          "Parent Relationship": "Outer",
                          "Parallel Aware": true,
                          "Relation Name": "movie_companies",
                          "Alias": "mc",
                          "Startup Cost": 4278.4,
                          "Total Cost": 24028.79,
                          "Plan Rows": 32722,
                          "Plan Width": 4,
                          "Actual Startup Time": 39.335,
                          "Actual Total Time": 47.229,
                          "Actual Rows": 9781,
                          "Actual Loops": 4,
                          "Recheck Cond": "(company_id < 52)",
                          "Rows Removed by Index Recheck": 0,
                          "Filter": "(company_type_id > 1)",
                          "Rows Removed by Filter": 38228,
                          "Exact Heap Blocks": 6941,
                          "Lossy Heap Blocks": 0,
                          "Plans": [
                            {
                              "Node Type": "Bitmap Index Scan",
                              "Parent Relationship": "Outer",
                              "Parallel Aware": false,
                              "Index Name": "company_id_movie_companies",
                              "Startup Cost": 0.0,
                              "Total Cost": 4253.04,
                              "Plan Rows": 198481,
                              "Plan Width": 0,
                              "Actual Startup Time": 17.646,
                              "Actual Total Time": 17.646,
                              "Actual Rows": 192038,
                              "Actual Loops": 1,
                              "Index Cond": "(company_id < 52)"
                            }
                          ]
                        },
                        {
                          "Node Type": "Hash",
                          "Parent Relationship": "Inner",
                          "Parallel Aware": true,
                          "Startup Cost": 43899.32,
                          "Total Cost": 43899.32,
                          "Plan Rows": 37679,
                          "Plan Width": 4,
                          "Actual Startup Time": 132.171,
                          "Actual Total Time": 132.172,
                          "Actual Rows": 41046,
                          "Actual Loops": 4,
                          "Hash Buckets": 262144,
                          "Original Hash Buckets": 262144,
                          "Hash Batches": 1,
                          "Original Hash Batches": 1,
                          "Peak Memory Usage": 8512,
                          "Plans": [
                            {
                              "Node Type": "Seq Scan",
                              "Parent Relationship": "Outer",
                              "Parallel Aware": true,
                              "Relation Name": "title",
                              "Alias": "t",
                              "Startup Cost": 0.0,
                              "Total Cost": 43899.32,
                              "Plan Rows": 37679,
                              "Plan Width": 4,
                              "Actual Startup Time": 0.625,
                              "Actual Total Time": 111.154,
                              "Actual Rows": 41046,
                              "Actual Loops": 4,
                              "Filter": "(production_year < 1950)",
                              "Rows Removed by Filter": 591032
                            }
                          ]
                        }
                      ]
                    },
                    {
                      "Node Type": "Index Only Scan",
                      "Parent Relationship": "Inner",
                      "Parallel Aware": false,
                      "Scan Direction": "Forward",
                      "Index Name": "movie_id_movie_keyword",
                      "Relation Name": "movie_keyword",
                      "Alias": "mk",
                      "Startup Cost": 0.43,
                      "Total Cost": 2.45,
                      "Plan Rows": 46,
                      "Plan Width": 4,
                      "Actual Startup Time": 0.013,
                      "Actual Total Time": 0.013,
                      "Actual Rows": 1,
                      "Actual Loops": 496,
                      "Index Cond": "(movie_id = t.id)",
                      "Rows Removed by Index Recheck": 0,
                      "Heap Fetches": 484
                    }
                  ]
                }
              ]
            }
          ]
        }
      ]
    },
    "Planning Time": 1.639,
    "Triggers": [],
    "Execution Time": 209.222
  }
]