[
    {
        "Bao": {
            "Bao prediction": "NaN",
            "Bao recommended hint": "(no hint)"
        }
    },
    {
        "Plan": {
            "Node Type": "Aggregate",
            "Strategy": "Plain",
            "Partial Mode": "Finalize",
            "Parallel Aware": false,
            "Startup Cost": 431801.02,
            "Total Cost": 431801.03,
            "Plan Rows": 1,
            "Plan Width": 8,
            "Actual Startup Time": 7975.117,
            "Actual Total Time": 8053.606,
            "Actual Rows": 1,
            "Actual Loops": 1,
            "Output": [
                "count(*)"
            ],
            "Plans": [
                {
                    "Node Type": "Gather",
                    "Parent Relationship": "Outer",
                    "Parallel Aware": false,
                    "Startup Cost": 431800.5,
                    "Total Cost": 431801.01,
                    "Plan Rows": 5,
                    "Plan Width": 8,
                    "Actual Startup Time": 7971.722,
                    "Actual Total Time": 8053.597,
                    "Actual Rows": 6,
                    "Actual Loops": 1,
                    "Output": [
                        "(PARTIAL count(*))"
                    ],
                    "Workers Planned": 5,
                    "Workers Launched": 5,
                    "Single Copy": false,
                    "Plans": [
                        {
                            "Node Type": "Aggregate",
                            "Strategy": "Plain",
                            "Partial Mode": "Partial",
                            "Parent Relationship": "Outer",
                            "Parallel Aware": false,
                            "Startup Cost": 430800.5,
                            "Total Cost": 430800.51,
                            "Plan Rows": 1,
                            "Plan Width": 8,
                            "Actual Startup Time": 7961.234,
                            "Actual Total Time": 7961.238,
                            "Actual Rows": 1,
                            "Actual Loops": 6,
                            "Output": [
                                "PARTIAL count(*)"
                            ],
                            "Workers": [
                                {
                                    "Worker Number": 0,
                                    "Actual Startup Time": 7958.761,
                                    "Actual Total Time": 7958.765,
                                    "Actual Rows": 1,
                                    "Actual Loops": 1
                                },
                                {
                                    "Worker Number": 1,
                                    "Actual Startup Time": 7958.832,
                                    "Actual Total Time": 7958.836,
                                    "Actual Rows": 1,
                                    "Actual Loops": 1
                                },
                                {
                                    "Worker Number": 2,
                                    "Actual Startup Time": 7959.494,
                                    "Actual Total Time": 7959.498,
                                    "Actual Rows": 1,
                                    "Actual Loops": 1
                                },
                                {
                                    "Worker Number": 3,
                                    "Actual Startup Time": 7959.487,
                                    "Actual Total Time": 7959.491,
                                    "Actual Rows": 1,
                                    "Actual Loops": 1
                                },
                                {
                                    "Worker Number": 4,
                                    "Actual Startup Time": 7959.497,
                                    "Actual Total Time": 7959.502,
                                    "Actual Rows": 1,
                                    "Actual Loops": 1
                                }
                            ],
                            "Plans": [
                                {
                                    "Node Type": "Nested Loop",
                                    "Parent Relationship": "Outer",
                                    "Parallel Aware": false,
                                    "Join Type": "Inner",
                                    "Startup Cost": 47076.55,
                                    "Total Cost": 430610.96,
                                    "Plan Rows": 75816,
                                    "Plan Width": 0,
                                    "Actual Startup Time": 127.096,
                                    "Actual Total Time": 7837.428,
                                    "Actual Rows": 2734687,
                                    "Actual Loops": 6,
                                    "Inner Unique": false,
                                    "Join Filter": "(t.id = ci.movie_id)",
                                    "Rows Removed by Join Filter": 0,
                                    "Workers": [
                                        {
                                            "Worker Number": 0,
                                            "Actual Startup Time": 124.373,
                                            "Actual Total Time": 7835.529,
                                            "Actual Rows": 2617132,
                                            "Actual Loops": 1
                                        },
                                        {
                                            "Worker Number": 1,
                                            "Actual Startup Time": 125.783,
                                            "Actual Total Time": 7839.409,
                                            "Actual Rows": 2689160,
                                            "Actual Loops": 1
                                        },
                                        {
                                            "Worker Number": 2,
                                            "Actual Startup Time": 125.108,
                                            "Actual Total Time": 7830.041,
                                            "Actual Rows": 2621001,
                                            "Actual Loops": 1
                                        },
                                        {
                                            "Worker Number": 3,
                                            "Actual Startup Time": 125.546,
                                            "Actual Total Time": 7836.581,
                                            "Actual Rows": 2798773,
                                            "Actual Loops": 1
                                        },
                                        {
                                            "Worker Number": 4,
                                            "Actual Startup Time": 125.413,
                                            "Actual Total Time": 7836.701,
                                            "Actual Rows": 2800729,
                                            "Actual Loops": 1
                                        }
                                    ],
                                    "Plans": [
                                        {
                                            "Node Type": "Hash Join",
                                            "Parent Relationship": "Outer",
                                            "Parallel Aware": true,
                                            "Join Type": "Inner",
                                            "Startup Cost": 47075.98,
                                            "Total Cost": 247126.65,
                                            "Plan Rows": 90072,
                                            "Plan Width": 8,
                                            "Actual Startup Time": 126.288,
                                            "Actual Total Time": 501.951,
                                            "Actual Rows": 189220,
                                            "Actual Loops": 6,
                                            "Output": [
                                                "t.id",
                                                "mi.movie_id"
                                            ],
                                            "Inner Unique": true,
                                            "Hash Cond": "(mi.movie_id = t.id)",
                                            "Workers": [
                                                {
                                                    "Worker Number": 0,
                                                    "Actual Startup Time": 123.833,
                                                    "Actual Total Time": 500.557,
                                                    "Actual Rows": 182820,
                                                    "Actual Loops": 1
                                                },
                                                {
                                                    "Worker Number": 1,
                                                    "Actual Startup Time": 123.937,
                                                    "Actual Total Time": 499.713,
                                                    "Actual Rows": 184939,
                                                    "Actual Loops": 1
                                                },
                                                {
                                                    "Worker Number": 2,
                                                    "Actual Startup Time": 124.609,
                                                    "Actual Total Time": 502.031,
                                                    "Actual Rows": 174014,
                                                    "Actual Loops": 1
                                                },
                                                {
                                                    "Worker Number": 3,
                                                    "Actual Startup Time": 124.576,
                                                    "Actual Total Time": 504.014,
                                                    "Actual Rows": 194366,
                                                    "Actual Loops": 1
                                                },
                                                {
                                                    "Worker Number": 4,
                                                    "Actual Startup Time": 124.621,
                                                    "Actual Total Time": 502.096,
                                                    "Actual Rows": 193274,
                                                    "Actual Loops": 1
                                                }
                                            ],
                                            "Plans": [
                                                {
                                                    "Node Type": "Seq Scan",
                                                    "Parent Relationship": "Outer",
                                                    "Parallel Aware": true,
                                                    "Relation Name": "movie_info",
                                                    "Schema": "public",
                                                    "Alias": "mi",
                                                    "Startup Cost": 0.0,
                                                    "Total Cost": 198880.74,
                                                    "Plan Rows": 445687,
                                                    "Plan Width": 4,
                                                    "Actual Startup Time": 14.747,
                                                    "Actual Total Time": 282.344,
                                                    "Actual Rows": 372308,
                                                    "Actual Loops": 6,
                                                    "Output": [
                                                        "mi.id",
                                                        "mi.movie_id",
                                                        "mi.info_type_id",
                                                        "mi.info",
                                                        "mi.note"
                                                    ],
                                                    "Filter": "(mi.info_type_id > 16)",
                                                    "Rows Removed by Filter": 2100312,
                                                    "Workers": [
                                                        {
                                                            "Worker Number": 0,
                                                            "Actual Startup Time": 14.77,
                                                            "Actual Total Time": 283.954,
                                                            "Actual Rows": 354765,
                                                            "Actual Loops": 1
                                                        },
                                                        {
                                                            "Worker Number": 1,
                                                            "Actual Startup Time": 14.755,
                                                            "Actual Total Time": 284.478,
                                                            "Actual Rows": 364375,
                                                            "Actual Loops": 1
                                                        },
                                                        {
                                                            "Worker Number": 2,
                                                            "Actual Startup Time": 14.753,
                                                            "Actual Total Time": 287.419,
                                                            "Actual Rows": 325753,
                                                            "Actual Loops": 1
                                                        },
                                                        {
                                                            "Worker Number": 3,
                                                            "Actual Startup Time": 14.764,
                                                            "Actual Total Time": 286.365,
                                                            "Actual Rows": 379745,
                                                            "Actual Loops": 1
                                                        },
                                                        {
                                                            "Worker Number": 4,
                                                            "Actual Startup Time": 14.668,
                                                            "Actual Total Time": 283.835,
                                                            "Actual Rows": 378549,
                                                            "Actual Loops": 1
                                                        }
                                                    ]
                                                },
                                                {
                                                    "Node Type": "Hash",
                                                    "Parent Relationship": "Inner",
                                                    "Parallel Aware": true,
                                                    "Startup Cost": 45479.21,
                                                    "Total Cost": 45479.21,
                                                    "Plan Rows": 127742,
                                                    "Plan Width": 4,
                                                    "Actual Startup Time": 97.01,
                                                    "Actual Total Time": 97.011,
                                                    "Actual Rows": 63685,
                                                    "Actual Loops": 6,
                                                    "Output": [
                                                        "t.id"
                                                    ],
                                                    "Hash Buckets": 524288,
                                                    "Original Hash Buckets": 524288,
                                                    "Hash Batches": 1,
                                                    "Original Hash Batches": 1,
                                                    "Peak Memory Usage": 19168,
                                                    "Workers": [
                                                        {
                                                            "Worker Number": 0,
                                                            "Actual Startup Time": 95.652,
                                                            "Actual Total Time": 95.653,
                                                            "Actual Rows": 62128,
                                                            "Actual Loops": 1
                                                        },
                                                        {
                                                            "Worker Number": 1,
                                                            "Actual Startup Time": 95.71,
                                                            "Actual Total Time": 95.711,
                                                            "Actual Rows": 62265,
                                                            "Actual Loops": 1
                                                        },
                                                        {
                                                            "Worker Number": 2,
                                                            "Actual Startup Time": 96.286,
                                                            "Actual Total Time": 96.287,
                                                            "Actual Rows": 44490,
                                                            "Actual Loops": 1
                                                        },
                                                        {
                                                            "Worker Number": 3,
                                                            "Actual Startup Time": 96.286,
                                                            "Actual Total Time": 96.288,
                                                            "Actual Rows": 65462,
                                                            "Actual Loops": 1
                                                        },
                                                        {
                                                            "Worker Number": 4,
                                                            "Actual Startup Time": 96.327,
                                                            "Actual Total Time": 96.329,
                                                            "Actual Rows": 65643,
                                                            "Actual Loops": 1
                                                        }
                                                    ],
                                                    "Plans": [
                                                        {
                                                            "Node Type": "Seq Scan",
                                                            "Parent Relationship": "Outer",
                                                            "Parallel Aware": true,
                                                            "Relation Name": "title",
                                                            "Schema": "public",
                                                            "Alias": "t",
                                                            "Startup Cost": 0.0,
                                                            "Total Cost": 45479.21,
                                                            "Plan Rows": 127742,
                                                            "Plan Width": 4,
                                                            "Actual Startup Time": 37.581,
                                                            "Actual Total Time": 75.045,
                                                            "Actual Rows": 63685,
                                                            "Actual Loops": 6,
                                                            "Output": [
                                                                "t.id"
                                                            ],
                                                            "Filter": "((t.production_year > 1980) AND (t.kind_id = 1))",
                                                            "Rows Removed by Filter": 357700,
                                                            "Workers": [
                                                                {
                                                                    "Worker Number": 0,
                                                                    "Actual Startup Time": 43.203,
                                                                    "Actual Total Time": 73.463,
                                                                    "Actual Rows": 62128,
                                                                    "Actual Loops": 1
                                                                },
                                                                {
                                                                    "Worker Number": 1,
                                                                    "Actual Startup Time": 43.25,
                                                                    "Actual Total Time": 73.571,
                                                                    "Actual Rows": 62265,
                                                                    "Actual Loops": 1
                                                                },
                                                                {
                                                                    "Worker Number": 2,
                                                                    "Actual Startup Time": 43.863,
                                                                    "Actual Total Time": 75.809,
                                                                    "Actual Rows": 44490,
                                                                    "Actual Loops": 1
                                                                },
                                                                {
                                                                    "Worker Number": 3,
                                                                    "Actual Startup Time": 43.804,
                                                                    "Actual Total Time": 74.881,
                                                                    "Actual Rows": 65462,
                                                                    "Actual Loops": 1
                                                                },
                                                                {
                                                                    "Worker Number": 4,
                                                                    "Actual Startup Time": 44.05,
                                                                    "Actual Total Time": 75.046,
                                                                    "Actual Rows": 65643,
                                                                    "Actual Loops": 1
                                                                }
                                                            ]
                                                        }
                                                    ]
                                                }
                                            ]
                                        },
                                        {
                                            "Node Type": "Index Scan",
                                            "Parent Relationship": "Inner",
                                            "Parallel Aware": false,
                                            "Scan Direction": "Forward",
                                            "Index Name": "movie_id_cast_info",
                                            "Relation Name": "cast_info",
                                            "Schema": "public",
                                            "Alias": "ci",
                                            "Startup Cost": 0.56,
                                            "Total Cost": 2.01,
                                            "Plan Rows": 2,
                                            "Plan Width": 4,
                                            "Actual Startup Time": 0.027,
                                            "Actual Total Time": 0.037,
                                            "Actual Rows": 14,
                                            "Actual Loops": 1135322,
                                            "Output": [
                                                "ci.id",
                                                "ci.person_id",
                                                "ci.movie_id",
                                                "ci.person_role_id",
                                                "ci.note",
                                                "ci.nr_order",
                                                "ci.role_id"
                                            ],
                                            "Index Cond": "(ci.movie_id = mi.movie_id)",
                                            "Rows Removed by Index Recheck": 0,
                                            "Filter": "(ci.person_id > 3627375)",
                                            "Rows Removed by Filter": 62,
                                            "Workers": [
                                                {
                                                    "Worker Number": 0,
                                                    "Actual Startup Time": 0.028,
                                                    "Actual Total Time": 0.039,
                                                    "Actual Rows": 14,
                                                    "Actual Loops": 182820
                                                },
                                                {
                                                    "Worker Number": 1,
                                                    "Actual Startup Time": 0.028,
                                                    "Actual Total Time": 0.038,
                                                    "Actual Rows": 15,
                                                    "Actual Loops": 184939
                                                },
                                                {
                                                    "Worker Number": 2,
                                                    "Actual Startup Time": 0.029,
                                                    "Actual Total Time": 0.04,
                                                    "Actual Rows": 15,
                                                    "Actual Loops": 174014
                                                },
                                                {
                                                    "Worker Number": 3,
                                                    "Actual Startup Time": 0.027,
                                                    "Actual Total Time": 0.036,
                                                    "Actual Rows": 14,
                                                    "Actual Loops": 194366
                                                },
                                                {
                                                    "Worker Number": 4,
                                                    "Actual Startup Time": 0.027,
                                                    "Actual Total Time": 0.036,
                                                    "Actual Rows": 14,
                                                    "Actual Loops": 193274
                                                }
                                            ]
                                        }
                                    ]
                                }
                            ]
                        }
                    ]
                }
            ]
        },
        "Planning Time": 177.768,
        "Triggers": [],
        "Execution Time": 8053.695
    }
]