[
  {
    "Plan": {
      "Node Type": "Aggregate",
      "Strategy": "Plain",
      "Partial Mode": "Finalize",
      "Parallel Aware": false,
      "Startup Cost": 46686.55,
      "Total Cost": 46686.56,
      "Plan Rows": 1,
      "Plan Width": 8,
      "Actual Startup Time": 83.457,
      "Actual Total Time": 92.081,
      "Actual Rows": 1,
      "Actual Loops": 1,
      "Plans": [
        {
          "Node Type": "Gather",
          "Parent Relationship": "Outer",
          "Parallel Aware": false,
          "Startup Cost": 46686.13,
          "Total Cost": 46686.54,
          "Plan Rows": 4,
          "Plan Width": 8,
          "Actual Startup Time": 83.302,
          "Actual Total Time": 92.072,
          "Actual Rows": 5,
          "Actual Loops": 1,
          "Workers Planned": 4,
          "Workers Launched": 4,
          "Single Copy": false,
          "Plans": [
            {
              "Node Type": "Aggregate",
              "Strategy": "Plain",
              "Partial Mode": "Partial",
              "Parent Relationship": "Outer",
              "Parallel Aware": false,
              "Startup Cost": 45686.13,
              "Total Cost": 45686.14,
              "Plan Rows": 1,
              "Plan Width": 8,
              "Actual Startup Time": 78.224,
              "Actual Total Time": 78.225,
              "Actual Rows": 1,
              "Actual Loops": 5,
              "Plans": [
                {
                  "Node Type": "Seq Scan",
                  "Parent Relationship": "Outer",
                  "Parallel Aware": true,
                  "Relation Name": "title",
                  "Alias": "t",
                  "Startup Cost": 0.0,
                  "Total Cost": 45479.59,
                  "Plan Rows": 82618,
                  "Plan Width": 0,
                  "Actual Startup Time": 36.12,
                  "Actual Total Time": 75.846,
                  "Actual Rows": 51114,
                  "Actual Loops": 5,
                  "Filter": "((kind_id < 2) AND (production_year > 2002))",
                  "Rows Removed by Filter": 454548
                }
              ]
            }
          ]
        }
      ]
    },
    "Planning Time": 0.072,
    "Triggers": [],
    "Execution Time": 92.114
  }
]