[
  {
    "Plan": {
      "Node Type": "Aggregate",
      "Strategy": "Plain",
      "Partial Mode": "Simple",
      "Parallel Aware": false,
      "Startup Cost": 3506.31,
      "Total Cost": 3506.32,
      "Plan Rows": 1,
      "Plan Width": 8,
      "Actual Startup Time": 83.708,
      "Actual Total Time": 83.71,
      "Actual Rows": 1,
      "Actual Loops": 1,
      "Plans": [
        {
          "Node Type": "Nested Loop",
          "Parent Relationship": "Outer",
          "Parallel Aware": false,
          "Join Type": "Inner",
          "Startup Cost": 7.32,
          "Total Cost": 3499.72,
          "Plan Rows": 2639,
          "Plan Width": 0,
          "Actual Startup Time": 0.318,
          "Actual Total Time": 81.063,
          "Actual Rows": 47663,
          "Actual Loops": 1,
          "Inner Unique": false,
          "Plans": [
            {
              "Node Type": "Nested Loop",
              "Parent Relationship": "Outer",
              "Parallel Aware": false,
              "Join Type": "Inner",
              "Startup Cost": 6.75,
              "Total Cost": 2957.89,
              "Plan Rows": 244,
              "Plan Width": 8,
              "Actual Startup Time": 0.291,
              "Actual Total Time": 4.617,
              "Actual Rows": 692,
              "Actual Loops": 1,
              "Inner Unique": true,
              "Plans": [
                {
                  "Node Type": "Bitmap Heap Scan",
                  "Parent Relationship": "Outer",
                  "Parallel Aware": false,
                  "Relation Name": "movie_keyword",
                  "Alias": "mk",
                  "Startup Cost": 6.32,
                  "Total Cost": 908.7,
                  "Plan Rows": 244,
                  "Plan Width": 4,
                  "Actual Startup Time": 0.275,
                  "Actual Total Time": 1.367,
                  "Actual Rows": 692,
                  "Actual Loops": 1,
                  "Recheck Cond": "(keyword_id = 8481)",
                  "Rows Removed by Index Recheck": 0,
                  "Exact Heap Blocks": 668,
                  "Lossy Heap Blocks": 0,
                  "Plans": [
                    {
                      "Node Type": "Bitmap Index Scan",
                      "Parent Relationship": "Outer",
                      "Parallel Aware": false,
                      "Index Name": "keyword_id_movie_keyword",
                      "Startup Cost": 0.0,
                      "Total Cost": 6.26,
                      "Plan Rows": 244,
                      "Plan Width": 0,
                      "Actual Startup Time": 0.136,
                      "Actual Total Time": 0.136,
                      "Actual Rows": 692,
                      "Actual Loops": 1,
                      "Index Cond": "(keyword_id = 8481)"
                    }
                  ]
                },
                {
                  "Node Type": "Index Only Scan",
                  "Parent Relationship": "Inner",
                  "Parallel Aware": false,
                  "Scan Direction": "Forward",
                  "Index Name": "title_pkey",
                  "Relation Name": "title",
                  "Alias": "t",
                  "Startup Cost": 0.43,
                  "Total Cost": 8.4,
                  "Plan Rows": 1,
                  "Plan Width": 4,
                  "Actual Startup Time": 0.004,
                  "Actual Total Time": 0.004,
                  "Actual Rows": 1,
                  "Actual Loops": 692,
                  "Index Cond": "(id = mk.movie_id)",
                  "Rows Removed by Index Recheck": 0,
                  "Heap Fetches": 692
                }
              ]
            },
            {
              "Node Type": "Index Scan",
              "Parent Relationship": "Inner",
              "Parallel Aware": false,
              "Scan Direction": "Forward",
              "Index Name": "movie_id_cast_info",
              "Relation Name": "cast_info",
              "Alias": "ci",
              "Startup Cost": 0.56,
              "Total Cost": 1.93,
              "Plan Rows": 29,
              "Plan Width": 4,
              "Actual Startup Time": 0.024,
              "Actual Total Time": 0.104,
              "Actual Rows": 69,
              "Actual Loops": 692,
              "Index Cond": "(movie_id = t.id)",
              "Rows Removed by Index Recheck": 0,
              "Filter": "(person_id > 886395)",
              "Rows Removed by Filter": 23
            }
          ]
        }
      ]
    },
    "Planning Time": 0.797,
    "Triggers": [],
    "Execution Time": 83.76
  }
]