{
  "Plan": {
    "Node Type": "Aggregate",
    "Strategy": "Plain",
    "Partial Mode": "Finalize",
    "Parallel Aware": false,
    "Startup Cost": 142525.17,
    "Total Cost": 142525.18,
    "Plan Rows": 1,
    "Plan Width": 8,
    "Actual Startup Time": 787.364,
    "Actual Total Time": 813.487,
    "Actual Rows": 1,
    "Actual Loops": 1,
    "Plans": [
      {
        "Node Type": "Gather",
        "Parent Relationship": "Outer",
        "Parallel Aware": false,
        "Startup Cost": 142525.06,
        "Total Cost": 142525.17,
        "Plan Rows": 1,
        "Plan Width": 8,
        "Actual Startup Time": 786.386,
        "Actual Total Time": 813.477,
        "Actual Rows": 2,
        "Actual Loops": 1,
        "Workers Planned": 1,
        "Workers Launched": 1,
        "Single Copy": false,
        "Plans": [
          {
            "Node Type": "Aggregate",
            "Strategy": "Plain",
            "Partial Mode": "Partial",
            "Parent Relationship": "Outer",
            "Parallel Aware": false,
            "Startup Cost": 141525.06,
            "Total Cost": 141525.07,
            "Plan Rows": 1,
            "Plan Width": 8,
            "Actual Startup Time": 780.35,
            "Actual Total Time": 780.352,
            "Actual Rows": 1,
            "Actual Loops": 2,
            "Plans": [
              {
                "Node Type": "Merge Join",
                "Parent Relationship": "Outer",
                "Parallel Aware": false,
                "Join Type": "Inner",
                "Startup Cost": 36702.29,
                "Total Cost": 141371.38,
                "Plan Rows": 61472,
                "Plan Width": 0,
                "Actual Startup Time": 545.382,
                "Actual Total Time": 778.094,
                "Actual Rows": 51623,
                "Actual Loops": 2,
                "Inner Unique": false,
                "Merge Cond": "(t.id = mk.movie_id)",
                "Plans": [
                  {
                    "Node Type": "Index Only Scan",
                    "Parent Relationship": "Outer",
                    "Parallel Aware": true,
                    "Scan Direction": "Forward",
                    "Index Name": "title_pkey",
                    "Relation Name": "title",
                    "Alias": "t",
                    "Startup Cost": 0.43,
                    "Total Cost": 99929.35,
                    "Plan Rows": 1487231,
                    "Plan Width": 4,
                    "Actual Startup Time": 0.125,
                    "Actual Total Time": 604.87,
                    "Actual Rows": 1262858,
                    "Actual Loops": 2,
                    "Heap Fetches": 2525715
                  },
                  {
                    "Node Type": "Sort",
                    "Parent Relationship": "Inner",
                    "Parallel Aware": false,
                    "Startup Cost": 36690.5,
                    "Total Cost": 36951.75,
                    "Plan Rows": 104502,
                    "Plan Width": 4,
                    "Actual Startup Time": 98.369,
                    "Actual Total Time": 103.37,
                    "Actual Rows": 103246,
                    "Actual Loops": 2,
                    "Sort Key": [
                      "mk.movie_id"
                    ],
                    "Sort Method": "quicksort",
                    "Sort Space Used": 7912,
                    "Sort Space Type": "Memory",
                    "Workers": [
                      {
                        "Worker Number": 0,
                        "Sort Method": "quicksort",
                        "Sort Space Used": 7912,
                        "Sort Space Type": "Memory"
                      }
                    ],
                    "Plans": [
                      {
                        "Node Type": "Bitmap Heap Scan",
                        "Parent Relationship": "Outer",
                        "Parallel Aware": false,
                        "Relation Name": "movie_keyword",
                        "Alias": "mk",
                        "Startup Cost": 2218.32,
                        "Total Cost": 27978.6,
                        "Plan Rows": 104502,
                        "Plan Width": 4,
                        "Actual Startup Time": 24.647,
                        "Actual Total Time": 77.571,
                        "Actual Rows": 103246,
                        "Actual Loops": 2,
                        "Recheck Cond": "(keyword_id > 81520)",
                        "Rows Removed by Index Recheck": 0,
                        "Exact Heap Blocks": 17503,
                        "Lossy Heap Blocks": 0,
                        "Plans": [
                          {
                            "Node Type": "Bitmap Index Scan",
                            "Parent Relationship": "Outer",
                            "Parallel Aware": false,
                            "Index Name": "keyword_id_movie_keyword",
                            "Startup Cost": 0.0,
                            "Total Cost": 2192.2,
                            "Plan Rows": 104502,
                            "Plan Width": 0,
                            "Actual Startup Time": 20.058,
                            "Actual Total Time": 20.058,
                            "Actual Rows": 103246,
                            "Actual Loops": 2,
                            "Index Cond": "(keyword_id > 81520)"
                          }
                        ]
                      }
                    ]
                  }
                ]
              }
            ]
          }
        ]
      }
    ]
  },
  "Planning Time": 0.584,
  "Triggers": [],
  "Execution Time": 813.607
}