[
    {
        "Bao": {
            "Bao prediction": "NaN",
            "Bao recommended hint": "(no hint)"
        }
    },
    {
        "Plan": {
            "Node Type": "Aggregate",
            "Strategy": "Plain",
            "Partial Mode": "Finalize",
            "Parallel Aware": false,
            "Startup Cost": 78700.48,
            "Total Cost": 78700.49,
            "Plan Rows": 1,
            "Plan Width": 8,
            "Actual Startup Time": 202.902,
            "Actual Total Time": 215.116,
            "Actual Rows": 1,
            "Actual Loops": 1,
            "Output": [
                "count(*)"
            ],
            "Plans": [
                {
                    "Node Type": "Gather",
                    "Parent Relationship": "Outer",
                    "Parallel Aware": false,
                    "Startup Cost": 78700.16,
                    "Total Cost": 78700.47,
                    "Plan Rows": 3,
                    "Plan Width": 8,
                    "Actual Startup Time": 201.116,
                    "Actual Total Time": 215.107,
                    "Actual Rows": 4,
                    "Actual Loops": 1,
                    "Output": [
                        "(PARTIAL count(*))"
                    ],
                    "Workers Planned": 3,
                    "Workers Launched": 3,
                    "Single Copy": false,
                    "Plans": [
                        {
                            "Node Type": "Aggregate",
                            "Strategy": "Plain",
                            "Partial Mode": "Partial",
                            "Parent Relationship": "Outer",
                            "Parallel Aware": false,
                            "Startup Cost": 77700.16,
                            "Total Cost": 77700.17,
                            "Plan Rows": 1,
                            "Plan Width": 8,
                            "Actual Startup Time": 192.16,
                            "Actual Total Time": 192.22,
                            "Actual Rows": 1,
                            "Actual Loops": 4,
                            "Output": [
                                "PARTIAL count(*)"
                            ],
                            "Workers": [
                                {
                                    "Worker Number": 0,
                                    "Actual Startup Time": 189.14,
                                    "Actual Total Time": 189.144,
                                    "Actual Rows": 1,
                                    "Actual Loops": 1
                                },
                                {
                                    "Worker Number": 1,
                                    "Actual Startup Time": 189.357,
                                    "Actual Total Time": 189.36,
                                    "Actual Rows": 1,
                                    "Actual Loops": 1
                                },
                                {
                                    "Worker Number": 2,
                                    "Actual Startup Time": 189.73,
                                    "Actual Total Time": 189.732,
                                    "Actual Rows": 1,
                                    "Actual Loops": 1
                                }
                            ],
                            "Plans": [
                                {
                                    "Node Type": "Hash Join",
                                    "Parent Relationship": "Outer",
                                    "Parallel Aware": true,
                                    "Join Type": "Inner",
                                    "Startup Cost": 51926.87,
                                    "Total Cost": 77678.28,
                                    "Plan Rows": 8755,
                                    "Plan Width": 0,
                                    "Actual Startup Time": 141.039,
                                    "Actual Total Time": 190.623,
                                    "Actual Rows": 28876,
                                    "Actual Loops": 4,
                                    "Inner Unique": true,
                                    "Hash Cond": "(mk.movie_id = t.id)",
                                    "Workers": [
                                        {
                                            "Worker Number": 0,
                                            "Actual Startup Time": 138.083,
                                            "Actual Total Time": 187.593,
                                            "Actual Rows": 26531,
                                            "Actual Loops": 1
                                        },
                                        {
                                            "Worker Number": 1,
                                            "Actual Startup Time": 138.305,
                                            "Actual Total Time": 187.916,
                                            "Actual Rows": 23559,
                                            "Actual Loops": 1
                                        },
                                        {
                                            "Worker Number": 2,
                                            "Actual Startup Time": 138.414,
                                            "Actual Total Time": 188.198,
                                            "Actual Rows": 26167,
                                            "Actual Loops": 1
                                        }
                                    ],
                                    "Plans": [
                                        {
                                            "Node Type": "Bitmap Heap Scan",
                                            "Parent Relationship": "Outer",
                                            "Parallel Aware": true,
                                            "Relation Name": "movie_keyword",
                                            "Schema": "public",
                                            "Alias": "mk",
                                            "Startup Cost": 5641.27,
                                            "Total Cost": 31167.5,
                                            "Plan Rows": 85779,
                                            "Plan Width": 4,
                                            "Actual Startup Time": 17.638,
                                            "Actual Total Time": 56.879,
                                            "Actual Rows": 66426,
                                            "Actual Loops": 4,
                                            "Output": [
                                                "mk.id",
                                                "mk.movie_id",
                                                "mk.keyword_id"
                                            ],
                                            "Recheck Cond": "(mk.keyword_id > 58964)",
                                            "Rows Removed by Index Recheck": 0,
                                            "Exact Heap Blocks": 7581,
                                            "Lossy Heap Blocks": 0,
                                            "Workers": [
                                                {
                                                    "Worker Number": 0,
                                                    "Actual Startup Time": 17.642,
                                                    "Actual Total Time": 57.939,
                                                    "Actual Rows": 59727,
                                                    "Actual Loops": 1
                                                },
                                                {
                                                    "Worker Number": 1,
                                                    "Actual Startup Time": 17.771,
                                                    "Actual Total Time": 58.402,
                                                    "Actual Rows": 52462,
                                                    "Actual Loops": 1
                                                },
                                                {
                                                    "Worker Number": 2,
                                                    "Actual Startup Time": 17.639,
                                                    "Actual Total Time": 57.973,
                                                    "Actual Rows": 59852,
                                                    "Actual Loops": 1
                                                }
                                            ],
                                            "Plans": [
                                                {
                                                    "Node Type": "Bitmap Index Scan",
                                                    "Parent Relationship": "Outer",
                                                    "Parallel Aware": false,
                                                    "Index Name": "keyword_id_movie_keyword",
                                                    "Startup Cost": 0.0,
                                                    "Total Cost": 5574.79,
                                                    "Plan Rows": 265914,
                                                    "Plan Width": 0,
                                                    "Actual Startup Time": 14.338,
                                                    "Actual Total Time": 14.339,
                                                    "Actual Rows": 265704,
                                                    "Actual Loops": 1,
                                                    "Index Cond": "(mk.keyword_id > 58964)"
                                                }
                                            ]
                                        },
                                        {
                                            "Node Type": "Hash",
                                            "Parent Relationship": "Inner",
                                            "Parallel Aware": true,
                                            "Startup Cost": 45479.21,
                                            "Total Cost": 45479.21,
                                            "Plan Rows": 64512,
                                            "Plan Width": 4,
                                            "Actual Startup Time": 117.374,
                                            "Actual Total Time": 117.375,
                                            "Actual Rows": 91654,
                                            "Actual Loops": 4,
                                            "Output": [
                                                "t.id"
                                            ],
                                            "Hash Buckets": 524288,
                                            "Original Hash Buckets": 262144,
                                            "Hash Batches": 1,
                                            "Original Hash Batches": 1,
                                            "Peak Memory Usage": 20544,
                                            "Workers": [
                                                {
                                                    "Worker Number": 0,
                                                    "Actual Startup Time": 115.098,
                                                    "Actual Total Time": 115.099,
                                                    "Actual Rows": 90565,
                                                    "Actual Loops": 1
                                                },
                                                {
                                                    "Worker Number": 1,
                                                    "Actual Startup Time": 115.29,
                                                    "Actual Total Time": 115.291,
                                                    "Actual Rows": 75052,
                                                    "Actual Loops": 1
                                                },
                                                {
                                                    "Worker Number": 2,
                                                    "Actual Startup Time": 115.386,
                                                    "Actual Total Time": 115.387,
                                                    "Actual Rows": 92193,
                                                    "Actual Loops": 1
                                                }
                                            ],
                                            "Plans": [
                                                {
                                                    "Node Type": "Seq Scan",
                                                    "Parent Relationship": "Outer",
                                                    "Parallel Aware": true,
                                                    "Relation Name": "title",
                                                    "Schema": "public",
                                                    "Alias": "t",
                                                    "Startup Cost": 0.0,
                                                    "Total Cost": 45479.21,
                                                    "Plan Rows": 64512,
                                                    "Plan Width": 4,
                                                    "Actual Startup Time": 49.819,
                                                    "Actual Total Time": 86.605,
                                                    "Actual Rows": 91654,
                                                    "Actual Loops": 4,
                                                    "Output": [
                                                        "t.id"
                                                    ],
                                                    "Filter": "((t.production_year < 1999) AND (t.kind_id = 1))",
                                                    "Rows Removed by Filter": 540424,
                                                    "Workers": [
                                                        {
                                                            "Worker Number": 0,
                                                            "Actual Startup Time": 47.677,
                                                            "Actual Total Time": 85.073,
                                                            "Actual Rows": 90565,
                                                            "Actual Loops": 1
                                                        },
                                                        {
                                                            "Worker Number": 1,
                                                            "Actual Startup Time": 47.665,
                                                            "Actual Total Time": 84.168,
                                                            "Actual Rows": 75052,
                                                            "Actual Loops": 1
                                                        },
                                                        {
                                                            "Worker Number": 2,
                                                            "Actual Startup Time": 47.801,
                                                            "Actual Total Time": 85.758,
                                                            "Actual Rows": 92193,
                                                            "Actual Loops": 1
                                                        }
                                                    ]
                                                }
                                            ]
                                        }
                                    ]
                                }
                            ]
                        }
                    ]
                }
            ]
        },
        "Planning Time": 197.403,
        "Triggers": [],
        "Execution Time": 215.228
    }
]