[
  {
    "Plan": {
      "Node Type": "Aggregate",
      "Strategy": "Plain",
      "Partial Mode": "Finalize",
      "Parallel Aware": false,
      "Startup Cost": 79913.92,
      "Total Cost": 79913.93,
      "Plan Rows": 1,
      "Plan Width": 8,
      "Actual Startup Time": 133.311,
      "Actual Total Time": 151.663,
      "Actual Rows": 1,
      "Actual Loops": 1,
      "Plans": [
        {
          "Node Type": "Gather",
          "Parent Relationship": "Outer",
          "Parallel Aware": false,
          "Startup Cost": 79913.5,
          "Total Cost": 79913.91,
          "Plan Rows": 4,
          "Plan Width": 8,
          "Actual Startup Time": 133.001,
          "Actual Total Time": 151.655,
          "Actual Rows": 5,
          "Actual Loops": 1,
          "Workers Planned": 4,
          "Workers Launched": 4,
          "Single Copy": false,
          "Plans": [
            {
              "Node Type": "Aggregate",
              "Strategy": "Plain",
              "Partial Mode": "Partial",
              "Parent Relationship": "Outer",
              "Parallel Aware": false,
              "Startup Cost": 78913.5,
              "Total Cost": 78913.51,
              "Plan Rows": 1,
              "Plan Width": 8,
              "Actual Startup Time": 124.291,
              "Actual Total Time": 124.292,
              "Actual Rows": 1,
              "Actual Loops": 5,
              "Plans": [
                {
                  "Node Type": "Nested Loop",
                  "Parent Relationship": "Outer",
                  "Parallel Aware": false,
                  "Join Type": "Inner",
                  "Startup Cost": 0.43,
                  "Total Cost": 78893.3,
                  "Plan Rows": 8080,
                  "Plan Width": 0,
                  "Actual Startup Time": 62.207,
                  "Actual Total Time": 123.877,
                  "Actual Rows": 5865,
                  "Actual Loops": 5,
                  "Inner Unique": false,
                  "Plans": [
                    {
                      "Node Type": "Seq Scan",
                      "Parent Relationship": "Outer",
                      "Parallel Aware": true,
                      "Relation Name": "title",
                      "Alias": "t",
                      "Startup Cost": 0.0,
                      "Total Cost": 45479.1,
                      "Plan Rows": 4516,
                      "Plan Width": 4,
                      "Actual Startup Time": 59.747,
                      "Actual Total Time": 91.047,
                      "Actual Rows": 4404,
                      "Actual Loops": 5,
                      "Filter": "((production_year > 2012) AND (kind_id = 1))",
                      "Rows Removed by Filter": 501258
                    },
                    {
                      "Node Type": "Index Only Scan",
                      "Parent Relationship": "Inner",
                      "Parallel Aware": false,
                      "Scan Direction": "Forward",
                      "Index Name": "movie_id_movie_keyword",
                      "Relation Name": "movie_keyword",
                      "Alias": "mk",
                      "Startup Cost": 0.43,
                      "Total Cost": 6.95,
                      "Plan Rows": 45,
                      "Plan Width": 4,
                      "Actual Startup Time": 0.007,
                      "Actual Total Time": 0.007,
                      "Actual Rows": 1,
                      "Actual Loops": 22021,
                      "Index Cond": "(movie_id = t.id)",
                      "Rows Removed by Index Recheck": 0,
                      "Heap Fetches": 29324
                    }
                  ]
                }
              ]
            }
          ]
        }
      ]
    },
    "Planning Time": 0.614,
    "Triggers": [],
    "Execution Time": 151.738
  }
]