[
  {
    "Plan": {
      "Node Type": "Aggregate",
      "Strategy": "Plain",
      "Partial Mode": "Finalize",
      "Parallel Aware": false,
      "Startup Cost": 46058.59,
      "Total Cost": 46058.6,
      "Plan Rows": 1,
      "Plan Width": 8,
      "Actual Startup Time": 149.358,
      "Actual Total Time": 159.193,
      "Actual Rows": 1,
      "Actual Loops": 1,
      "Plans": [
        {
          "Node Type": "Gather",
          "Parent Relationship": "Outer",
          "Parallel Aware": false,
          "Startup Cost": 46058.27,
          "Total Cost": 46058.58,
          "Plan Rows": 3,
          "Plan Width": 8,
          "Actual Startup Time": 149.234,
          "Actual Total Time": 159.184,
          "Actual Rows": 4,
          "Actual Loops": 1,
          "Workers Planned": 3,
          "Workers Launched": 3,
          "Single Copy": false,
          "Plans": [
            {
              "Node Type": "Aggregate",
              "Strategy": "Plain",
              "Partial Mode": "Partial",
              "Parent Relationship": "Outer",
              "Parallel Aware": false,
              "Startup Cost": 45058.27,
              "Total Cost": 45058.28,
              "Plan Rows": 1,
              "Plan Width": 8,
              "Actual Startup Time": 142.801,
              "Actual Total Time": 142.802,
              "Actual Rows": 1,
              "Actual Loops": 4,
              "Plans": [
                {
                  "Node Type": "Seq Scan",
                  "Parent Relationship": "Outer",
                  "Parallel Aware": true,
                  "Relation Name": "movie_keyword",
                  "Alias": "mk",
                  "Startup Cost": 0.0,
                  "Total Cost": 42695.65,
                  "Plan Rows": 945048,
                  "Plan Width": 0,
                  "Actual Startup Time": 0.05,
                  "Actual Total Time": 111.153,
                  "Actual Rows": 733968,
                  "Actual Loops": 4,
                  "Filter": "(keyword_id < 9779)",
                  "Rows Removed by Filter": 397014
                }
              ]
            }
          ]
        }
      ]
    },
    "Planning Time": 0.086,
    "Triggers": [],
    "Execution Time": 159.219
  }
]