[
  {
    "Plan": {
      "Node Type": "Aggregate",
      "Strategy": "Plain",
      "Partial Mode": "Finalize",
      "Parallel Aware": false,
      "Startup Cost": 46070.6,
      "Total Cost": 46070.61,
      "Plan Rows": 1,
      "Plan Width": 8,
      "Actual Startup Time": 159.109,
      "Actual Total Time": 168.681,
      "Actual Rows": 1,
      "Actual Loops": 1,
      "Plans": [
        {
          "Node Type": "Gather",
          "Parent Relationship": "Outer",
          "Parallel Aware": false,
          "Startup Cost": 46070.29,
          "Total Cost": 46070.6,
          "Plan Rows": 3,
          "Plan Width": 8,
          "Actual Startup Time": 159.013,
          "Actual Total Time": 168.674,
          "Actual Rows": 4,
          "Actual Loops": 1,
          "Workers Planned": 3,
          "Workers Launched": 3,
          "Single Copy": false,
          "Plans": [
            {
              "Node Type": "Aggregate",
              "Strategy": "Plain",
              "Partial Mode": "Partial",
              "Parent Relationship": "Outer",
              "Parallel Aware": false,
              "Startup Cost": 45070.29,
              "Total Cost": 45070.3,
              "Plan Rows": 1,
              "Plan Width": 8,
              "Actual Startup Time": 151.735,
              "Actual Total Time": 151.736,
              "Actual Rows": 1,
              "Actual Loops": 4,
              "Plans": [
                {
                  "Node Type": "Seq Scan",
                  "Parent Relationship": "Outer",
                  "Parallel Aware": true,
                  "Relation Name": "movie_keyword",
                  "Alias": "mk",
                  "Startup Cost": 0.0,
                  "Total Cost": 42695.65,
                  "Plan Rows": 949853,
                  "Plan Width": 0,
                  "Actual Startup Time": 0.056,
                  "Actual Total Time": 119.096,
                  "Actual Rows": 733968,
                  "Actual Loops": 4,
                  "Filter": "(keyword_id < 9779)",
                  "Rows Removed by Filter": 397014
                }
              ]
            }
          ]
        }
      ]
    },
    "Planning Time": 0.178,
    "Triggers": [],
    "Execution Time": 168.736
  }
]