[
    {
        "Bao": {
            "Bao prediction": "NaN",
            "Bao recommended hint": "(no hint)"
        }
    },
    {
        "Plan": {
            "Node Type": "Aggregate",
            "Strategy": "Plain",
            "Partial Mode": "Finalize",
            "Parallel Aware": false,
            "Startup Cost": 225264.06,
            "Total Cost": 225264.07,
            "Plan Rows": 1,
            "Plan Width": 8,
            "Actual Startup Time": 180.876,
            "Actual Total Time": 187.75,
            "Actual Rows": 1,
            "Actual Loops": 1,
            "Output": [
                "count(*)"
            ],
            "Plans": [
                {
                    "Node Type": "Gather",
                    "Parent Relationship": "Outer",
                    "Parallel Aware": false,
                    "Startup Cost": 225263.54,
                    "Total Cost": 225264.05,
                    "Plan Rows": 5,
                    "Plan Width": 8,
                    "Actual Startup Time": 178.501,
                    "Actual Total Time": 187.742,
                    "Actual Rows": 6,
                    "Actual Loops": 1,
                    "Output": [
                        "(PARTIAL count(*))"
                    ],
                    "Workers Planned": 5,
                    "Workers Launched": 5,
                    "Single Copy": false,
                    "Plans": [
                        {
                            "Node Type": "Aggregate",
                            "Strategy": "Plain",
                            "Partial Mode": "Partial",
                            "Parent Relationship": "Outer",
                            "Parallel Aware": false,
                            "Startup Cost": 224263.54,
                            "Total Cost": 224263.55,
                            "Plan Rows": 1,
                            "Plan Width": 8,
                            "Actual Startup Time": 168.567,
                            "Actual Total Time": 168.57,
                            "Actual Rows": 1,
                            "Actual Loops": 6,
                            "Output": [
                                "PARTIAL count(*)"
                            ],
                            "Workers": [
                                {
                                    "Worker Number": 0,
                                    "Actual Startup Time": 165.965,
                                    "Actual Total Time": 165.968,
                                    "Actual Rows": 1,
                                    "Actual Loops": 1
                                },
                                {
                                    "Worker Number": 1,
                                    "Actual Startup Time": 166.094,
                                    "Actual Total Time": 166.097,
                                    "Actual Rows": 1,
                                    "Actual Loops": 1
                                },
                                {
                                    "Worker Number": 2,
                                    "Actual Startup Time": 166.594,
                                    "Actual Total Time": 166.598,
                                    "Actual Rows": 1,
                                    "Actual Loops": 1
                                },
                                {
                                    "Worker Number": 3,
                                    "Actual Startup Time": 167.059,
                                    "Actual Total Time": 167.062,
                                    "Actual Rows": 1,
                                    "Actual Loops": 1
                                },
                                {
                                    "Worker Number": 4,
                                    "Actual Startup Time": 167.569,
                                    "Actual Total Time": 167.573,
                                    "Actual Rows": 1,
                                    "Actual Loops": 1
                                }
                            ],
                            "Plans": [
                                {
                                    "Node Type": "Hash Join",
                                    "Parent Relationship": "Outer",
                                    "Parallel Aware": true,
                                    "Join Type": "Inner",
                                    "Startup Cost": 59962.07,
                                    "Total Cost": 224221.01,
                                    "Plan Rows": 17011,
                                    "Plan Width": 0,
                                    "Actual Startup Time": 121.953,
                                    "Actual Total Time": 168.138,
                                    "Actual Rows": 5829,
                                    "Actual Loops": 6,
                                    "Inner Unique": true,
                                    "Hash Cond": "(mi.movie_id = t.id)",
                                    "Workers": [
                                        {
                                            "Worker Number": 0,
                                            "Actual Startup Time": 119.421,
                                            "Actual Total Time": 165.495,
                                            "Actual Rows": 5101,
                                            "Actual Loops": 1
                                        },
                                        {
                                            "Worker Number": 1,
                                            "Actual Startup Time": 119.543,
                                            "Actual Total Time": 165.684,
                                            "Actual Rows": 5235,
                                            "Actual Loops": 1
                                        },
                                        {
                                            "Worker Number": 2,
                                            "Actual Startup Time": 119.976,
                                            "Actual Total Time": 166.14,
                                            "Actual Rows": 6266,
                                            "Actual Loops": 1
                                        },
                                        {
                                            "Worker Number": 3,
                                            "Actual Startup Time": 120.846,
                                            "Actual Total Time": 166.654,
                                            "Actual Rows": 5284,
                                            "Actual Loops": 1
                                        },
                                        {
                                            "Worker Number": 4,
                                            "Actual Startup Time": 120.624,
                                            "Actual Total Time": 167.113,
                                            "Actual Rows": 4989,
                                            "Actual Loops": 1
                                        }
                                    ],
                                    "Plans": [
                                        {
                                            "Node Type": "Bitmap Heap Scan",
                                            "Parent Relationship": "Outer",
                                            "Parallel Aware": true,
                                            "Relation Name": "movie_info",
                                            "Schema": "public",
                                            "Alias": "mi",
                                            "Startup Cost": 13585.73,
                                            "Total Cost": 177451.4,
                                            "Plan Rows": 149814,
                                            "Plan Width": 4,
                                            "Actual Startup Time": 23.229,
                                            "Actual Total Time": 41.985,
                                            "Actual Rows": 133690,
                                            "Actual Loops": 6,
                                            "Output": [
                                                "mi.id",
                                                "mi.movie_id",
                                                "mi.info_type_id",
                                                "mi.info",
                                                "mi.note"
                                            ],
                                            "Recheck Cond": "(mi.info_type_id < 2)",
                                            "Rows Removed by Index Recheck": 0,
                                            "Exact Heap Blocks": 1066,
                                            "Lossy Heap Blocks": 0,
                                            "Workers": [
                                                {
                                                    "Worker Number": 0,
                                                    "Actual Startup Time": 23.274,
                                                    "Actual Total Time": 42.762,
                                                    "Actual Rows": 110590,
                                                    "Actual Loops": 1
                                                },
                                                {
                                                    "Worker Number": 1,
                                                    "Actual Startup Time": 23.236,
                                                    "Actual Total Time": 41.757,
                                                    "Actual Rows": 129405,
                                                    "Actual Loops": 1
                                                },
                                                {
                                                    "Worker Number": 2,
                                                    "Actual Startup Time": 23.212,
                                                    "Actual Total Time": 42.195,
                                                    "Actual Rows": 144853,
                                                    "Actual Loops": 1
                                                },
                                                {
                                                    "Worker Number": 3,
                                                    "Actual Startup Time": 23.3,
                                                    "Actual Total Time": 41.927,
                                                    "Actual Rows": 131112,
                                                    "Actual Loops": 1
                                                },
                                                {
                                                    "Worker Number": 4,
                                                    "Actual Startup Time": 23.18,
                                                    "Actual Total Time": 42.672,
                                                    "Actual Rows": 110889,
                                                    "Actual Loops": 1
                                                }
                                            ],
                                            "Plans": [
                                                {
                                                    "Node Type": "Bitmap Index Scan",
                                                    "Parent Relationship": "Outer",
                                                    "Parallel Aware": false,
                                                    "Index Name": "info_type_id_movie_info",
                                                    "Startup Cost": 0.0,
                                                    "Total Cost": 13398.46,
                                                    "Plan Rows": 749070,
                                                    "Plan Width": 0,
                                                    "Actual Startup Time": 22.499,
                                                    "Actual Total Time": 22.5,
                                                    "Actual Rows": 802140,
                                                    "Actual Loops": 1,
                                                    "Index Cond": "(mi.info_type_id < 2)"
                                                }
                                            ]
                                        },
                                        {
                                            "Node Type": "Hash",
                                            "Parent Relationship": "Inner",
                                            "Parallel Aware": true,
                                            "Startup Cost": 45479.21,
                                            "Total Cost": 45479.21,
                                            "Plan Rows": 71771,
                                            "Plan Width": 4,
                                            "Actual Startup Time": 97.013,
                                            "Actual Total Time": 97.014,
                                            "Actual Rows": 48779,
                                            "Actual Loops": 6,
                                            "Output": [
                                                "t.id"
                                            ],
                                            "Hash Buckets": 524288,
                                            "Original Hash Buckets": 524288,
                                            "Hash Batches": 1,
                                            "Original Hash Batches": 1,
                                            "Peak Memory Usage": 15648,
                                            "Workers": [
                                                {
                                                    "Worker Number": 0,
                                                    "Actual Startup Time": 95.507,
                                                    "Actual Total Time": 95.508,
                                                    "Actual Rows": 35019,
                                                    "Actual Loops": 1
                                                },
                                                {
                                                    "Worker Number": 1,
                                                    "Actual Startup Time": 95.627,
                                                    "Actual Total Time": 95.628,
                                                    "Actual Rows": 42728,
                                                    "Actual Loops": 1
                                                },
                                                {
                                                    "Worker Number": 2,
                                                    "Actual Startup Time": 96.144,
                                                    "Actual Total Time": 96.145,
                                                    "Actual Rows": 45701,
                                                    "Actual Loops": 1
                                                },
                                                {
                                                    "Worker Number": 3,
                                                    "Actual Startup Time": 96.64,
                                                    "Actual Total Time": 96.641,
                                                    "Actual Rows": 44310,
                                                    "Actual Loops": 1
                                                },
                                                {
                                                    "Worker Number": 4,
                                                    "Actual Startup Time": 96.839,
                                                    "Actual Total Time": 96.839,
                                                    "Actual Rows": 34580,
                                                    "Actual Loops": 1
                                                }
                                            ],
                                            "Plans": [
                                                {
                                                    "Node Type": "Seq Scan",
                                                    "Parent Relationship": "Outer",
                                                    "Parallel Aware": true,
                                                    "Relation Name": "title",
                                                    "Schema": "public",
                                                    "Alias": "t",
                                                    "Startup Cost": 0.0,
                                                    "Total Cost": 45479.21,
                                                    "Plan Rows": 71771,
                                                    "Plan Width": 4,
                                                    "Actual Startup Time": 0.044,
                                                    "Actual Total Time": 76.464,
                                                    "Actual Rows": 48779,
                                                    "Actual Loops": 6,
                                                    "Output": [
                                                        "t.id"
                                                    ],
                                                    "Filter": "((t.kind_id > 1) AND (t.production_year > 2010))",
                                                    "Rows Removed by Filter": 372606,
                                                    "Workers": [
                                                        {
                                                            "Worker Number": 0,
                                                            "Actual Startup Time": 0.056,
                                                            "Actual Total Time": 77.573,
                                                            "Actual Rows": 35019,
                                                            "Actual Loops": 1
                                                        },
                                                        {
                                                            "Worker Number": 1,
                                                            "Actual Startup Time": 0.052,
                                                            "Actual Total Time": 75.396,
                                                            "Actual Rows": 42728,
                                                            "Actual Loops": 1
                                                        },
                                                        {
                                                            "Worker Number": 2,
                                                            "Actual Startup Time": 0.047,
                                                            "Actual Total Time": 76.947,
                                                            "Actual Rows": 45701,
                                                            "Actual Loops": 1
                                                        },
                                                        {
                                                            "Worker Number": 3,
                                                            "Actual Startup Time": 0.05,
                                                            "Actual Total Time": 76.094,
                                                            "Actual Rows": 44310,
                                                            "Actual Loops": 1
                                                        },
                                                        {
                                                            "Worker Number": 4,
                                                            "Actual Startup Time": 0.042,
                                                            "Actual Total Time": 77.736,
                                                            "Actual Rows": 34580,
                                                            "Actual Loops": 1
                                                        }
                                                    ]
                                                }
                                            ]
                                        }
                                    ]
                                }
                            ]
                        }
                    ]
                }
            ]
        },
        "Planning Time": 187.953,
        "Triggers": [],
        "Execution Time": 187.823
    }
]