[
    {
        "Bao": {
            "Bao prediction": 441.951,
            "Bao recommended hint": "(no hint)"
        }
    },
    {
        "Plan": {
            "Node Type": "Aggregate",
            "Strategy": "Plain",
            "Partial Mode": "Finalize",
            "Parallel Aware": false,
            "Startup Cost": 32828.81,
            "Total Cost": 32828.82,
            "Plan Rows": 1,
            "Plan Width": 8,
            "Actual Startup Time": 119.483,
            "Actual Total Time": 124.382,
            "Actual Rows": 1,
            "Actual Loops": 1,
            "Output": [
                "count(*)"
            ],
            "Plans": [
                {
                    "Node Type": "Gather",
                    "Parent Relationship": "Outer",
                    "Parallel Aware": false,
                    "Startup Cost": 32828.49,
                    "Total Cost": 32828.8,
                    "Plan Rows": 3,
                    "Plan Width": 8,
                    "Actual Startup Time": 119.399,
                    "Actual Total Time": 124.374,
                    "Actual Rows": 4,
                    "Actual Loops": 1,
                    "Output": [
                        "(PARTIAL count(*))"
                    ],
                    "Workers Planned": 3,
                    "Workers Launched": 3,
                    "Single Copy": false,
                    "Plans": [
                        {
                            "Node Type": "Aggregate",
                            "Strategy": "Plain",
                            "Partial Mode": "Partial",
                            "Parent Relationship": "Outer",
                            "Parallel Aware": false,
                            "Startup Cost": 31828.49,
                            "Total Cost": 31828.5,
                            "Plan Rows": 1,
                            "Plan Width": 8,
                            "Actual Startup Time": 111.837,
                            "Actual Total Time": 111.838,
                            "Actual Rows": 1,
                            "Actual Loops": 4,
                            "Output": [
                                "PARTIAL count(*)"
                            ],
                            "Workers": [
                                {
                                    "Worker Number": 0,
                                    "Actual Startup Time": 109.316,
                                    "Actual Total Time": 109.317,
                                    "Actual Rows": 1,
                                    "Actual Loops": 1
                                },
                                {
                                    "Worker Number": 1,
                                    "Actual Startup Time": 109.334,
                                    "Actual Total Time": 109.335,
                                    "Actual Rows": 1,
                                    "Actual Loops": 1
                                },
                                {
                                    "Worker Number": 2,
                                    "Actual Startup Time": 109.867,
                                    "Actual Total Time": 109.869,
                                    "Actual Rows": 1,
                                    "Actual Loops": 1
                                }
                            ],
                            "Plans": [
                                {
                                    "Node Type": "Seq Scan",
                                    "Parent Relationship": "Outer",
                                    "Parallel Aware": true,
                                    "Relation Name": "movie_companies",
                                    "Schema": "public",
                                    "Alias": "mc",
                                    "Startup Cost": 0.0,
                                    "Total Cost": 31414.82,
                                    "Plan Rows": 165469,
                                    "Plan Width": 0,
                                    "Actual Startup Time": 50.984,
                                    "Actual Total Time": 98.601,
                                    "Actual Rows": 205145,
                                    "Actual Loops": 4,
                                    "Output": [
                                        "id",
                                        "movie_id",
                                        "company_id",
                                        "company_type_id",
                                        "note"
                                    ],
                                    "Filter": "((mc.company_id > 16433) AND (mc.company_type_id = 2))",
                                    "Rows Removed by Filter": 447138,
                                    "Workers": [
                                        {
                                            "Worker Number": 0,
                                            "Actual Startup Time": 48.457,
                                            "Actual Total Time": 96.302,
                                            "Actual Rows": 195609,
                                            "Actual Loops": 1
                                        },
                                        {
                                            "Worker Number": 1,
                                            "Actual Startup Time": 48.478,
                                            "Actual Total Time": 96.273,
                                            "Actual Rows": 198141,
                                            "Actual Loops": 1
                                        },
                                        {
                                            "Worker Number": 2,
                                            "Actual Startup Time": 49.024,
                                            "Actual Total Time": 96.742,
                                            "Actual Rows": 199167,
                                            "Actual Loops": 1
                                        }
                                    ]
                                }
                            ]
                        }
                    ]
                }
            ]
        },
        "Planning Time": 4692.925,
        "Triggers": [],
        "Execution Time": 124.461
    }
]