[
  {
    "Plan": {
      "Node Type": "Aggregate",
      "Strategy": "Plain",
      "Partial Mode": "Finalize",
      "Parallel Aware": false,
      "Startup Cost": 337612.35,
      "Total Cost": 337612.36,
      "Plan Rows": 1,
      "Plan Width": 8,
      "Actual Startup Time": 739.387,
      "Actual Total Time": 800.38,
      "Actual Rows": 1,
      "Actual Loops": 1,
      "Plans": [
        {
          "Node Type": "Gather",
          "Parent Relationship": "Outer",
          "Parallel Aware": false,
          "Startup Cost": 337611.72,
          "Total Cost": 337612.33,
          "Plan Rows": 6,
          "Plan Width": 8,
          "Actual Startup Time": 739.261,
          "Actual Total Time": 800.368,
          "Actual Rows": 7,
          "Actual Loops": 1,
          "Workers Planned": 6,
          "Workers Launched": 6,
          "Single Copy": false,
          "Plans": [
            {
              "Node Type": "Aggregate",
              "Strategy": "Plain",
              "Partial Mode": "Partial",
              "Parent Relationship": "Outer",
              "Parallel Aware": false,
              "Startup Cost": 336611.72,
              "Total Cost": 336611.73,
              "Plan Rows": 1,
              "Plan Width": 8,
              "Actual Startup Time": 730.919,
              "Actual Total Time": 730.92,
              "Actual Rows": 1,
              "Actual Loops": 7,
              "Plans": [
                {
                  "Node Type": "Seq Scan",
                  "Parent Relationship": "Outer",
                  "Parallel Aware": true,
                  "Relation Name": "cast_info",
                  "Alias": "ci",
                  "Startup Cost": 0.0,
                  "Total Cost": 328162.03,
                  "Plan Rows": 3379878,
                  "Plan Width": 0,
                  "Actual Startup Time": 0.049,
                  "Actual Total Time": 601.883,
                  "Actual Rows": 2903279,
                  "Actual Loops": 7,
                  "Filter": "(person_id < 2042547)",
                  "Rows Removed by Filter": 2274485
                }
              ]
            }
          ]
        }
      ]
    },
    "Planning Time": 0.135,
    "Triggers": [],
    "Execution Time": 800.437
  }
]