[
  {
    "Plan": {
      "Node Type": "Aggregate",
      "Strategy": "Plain",
      "Partial Mode": "Finalize",
      "Parallel Aware": false,
      "Startup Cost": 295564.17,
      "Total Cost": 295564.18,
      "Plan Rows": 1,
      "Plan Width": 8,
      "Actual Startup Time": 374.181,
      "Actual Total Time": 410.253,
      "Actual Rows": 1,
      "Actual Loops": 1,
      "Plans": [
        {
          "Node Type": "Gather",
          "Parent Relationship": "Outer",
          "Parallel Aware": false,
          "Startup Cost": 295563.55,
          "Total Cost": 295564.16,
          "Plan Rows": 6,
          "Plan Width": 8,
          "Actual Startup Time": 374.003,
          "Actual Total Time": 410.24,
          "Actual Rows": 7,
          "Actual Loops": 1,
          "Workers Planned": 6,
          "Workers Launched": 6,
          "Single Copy": false,
          "Plans": [
            {
              "Node Type": "Aggregate",
              "Strategy": "Plain",
              "Partial Mode": "Partial",
              "Parent Relationship": "Outer",
              "Parallel Aware": false,
              "Startup Cost": 294563.55,
              "Total Cost": 294563.56,
              "Plan Rows": 1,
              "Plan Width": 8,
              "Actual Startup Time": 362.941,
              "Actual Total Time": 362.945,
              "Actual Rows": 1,
              "Actual Loops": 7,
              "Plans": [
                {
                  "Node Type": "Nested Loop",
                  "Parent Relationship": "Outer",
                  "Parallel Aware": false,
                  "Join Type": "Inner",
                  "Startup Cost": 0.99,
                  "Total Cost": 294544.99,
                  "Plan Rows": 7423,
                  "Plan Width": 0,
                  "Actual Startup Time": 0.731,
                  "Actual Total Time": 362.348,
                  "Actual Rows": 4396,
                  "Actual Loops": 7,
                  "Inner Unique": true,
                  "Plans": [
                    {
                      "Node Type": "Index Scan",
                      "Parent Relationship": "Outer",
                      "Parallel Aware": true,
                      "Scan Direction": "Forward",
                      "Index Name": "role_id_cast_info",
                      "Relation Name": "cast_info",
                      "Alias": "ci",
                      "Startup Cost": 0.56,
                      "Total Cost": 253362.23,
                      "Plan Rows": 24850,
                      "Plan Width": 4,
                      "Actual Startup Time": 0.238,
                      "Actual Total Time": 279.97,
                      "Actual Rows": 11308,
                      "Actual Loops": 7,
                      "Index Cond": "(role_id > 4)",
                      "Rows Removed by Index Recheck": 0,
                      "Filter": "(person_id < 64871)",
                      "Rows Removed by Filter": 1329364
                    },
                    {
                      "Node Type": "Index Scan",
                      "Parent Relationship": "Inner",
                      "Parallel Aware": false,
                      "Scan Direction": "Forward",
                      "Index Name": "title_pkey",
                      "Relation Name": "title",
                      "Alias": "t",
                      "Startup Cost": 0.43,
                      "Total Cost": 1.66,
                      "Plan Rows": 1,
                      "Plan Width": 4,
                      "Actual Startup Time": 0.007,
                      "Actual Total Time": 0.007,
                      "Actual Rows": 0,
                      "Actual Loops": 79154,
                      "Index Cond": "(id = ci.movie_id)",
                      "Rows Removed by Index Recheck": 0,
                      "Filter": "(kind_id < 3)",
                      "Rows Removed by Filter": 1
                    }
                  ]
                }
              ]
            }
          ]
        }
      ]
    },
    "Planning Time": 0.537,
    "Triggers": [],
    "Execution Time": 410.337
  }
]