{
  "Plan": {
    "Node Type": "Aggregate",
    "Strategy": "Plain",
    "Partial Mode": "Finalize",
    "Parallel Aware": false,
    "Startup Cost": 124030.21,
    "Total Cost": 124030.22,
    "Plan Rows": 1,
    "Plan Width": 8,
    "Actual Startup Time": 592.716,
    "Actual Total Time": 609.722,
    "Actual Rows": 1,
    "Actual Loops": 1,
    "Plans": [
      {
        "Node Type": "Gather",
        "Parent Relationship": "Outer",
        "Parallel Aware": false,
        "Startup Cost": 124030.1,
        "Total Cost": 124030.21,
        "Plan Rows": 1,
        "Plan Width": 8,
        "Actual Startup Time": 591.044,
        "Actual Total Time": 609.716,
        "Actual Rows": 2,
        "Actual Loops": 1,
        "Workers Planned": 1,
        "Workers Launched": 1,
        "Single Copy": false,
        "Plans": [
          {
            "Node Type": "Aggregate",
            "Strategy": "Plain",
            "Partial Mode": "Partial",
            "Parent Relationship": "Outer",
            "Parallel Aware": false,
            "Startup Cost": 123030.1,
            "Total Cost": 123030.11,
            "Plan Rows": 1,
            "Plan Width": 8,
            "Actual Startup Time": 585.244,
            "Actual Total Time": 585.247,
            "Actual Rows": 1,
            "Actual Loops": 2,
            "Plans": [
              {
                "Node Type": "Hash Join",
                "Parent Relationship": "Outer",
                "Parallel Aware": true,
                "Join Type": "Inner",
                "Startup Cost": 60373.46,
                "Total Cost": 121901.1,
                "Plan Rows": 451598,
                "Plan Width": 0,
                "Actual Startup Time": 263.066,
                "Actual Total Time": 576.231,
                "Actual Rows": 232930,
                "Actual Loops": 2,
                "Inner Unique": true,
                "Hash Cond": "(mk.movie_id = t.id)",
                "Plans": [
                  {
                    "Node Type": "Seq Scan",
                    "Parent Relationship": "Outer",
                    "Parallel Aware": true,
                    "Relation Name": "movie_keyword",
                    "Alias": "mk",
                    "Startup Cost": 0.0,
                    "Total Cost": 57718.19,
                    "Plan Rows": 1451214,
                    "Plan Width": 4,
                    "Actual Startup Time": 0.018,
                    "Actual Total Time": 181.123,
                    "Actual Rows": 1234138,
                    "Actual Loops": 2,
                    "Filter": "(keyword_id < 5946)",
                    "Rows Removed by Filter": 1027827
                  },
                  {
                    "Node Type": "Hash",
                    "Parent Relationship": "Inner",
                    "Parallel Aware": true,
                    "Startup Cost": 54588.39,
                    "Total Cost": 54588.39,
                    "Plan Rows": 462806,
                    "Plan Width": 4,
                    "Actual Startup Time": 253.693,
                    "Actual Total Time": 253.694,
                    "Actual Rows": 392463,
                    "Actual Loops": 2,
                    "Hash Buckets": 1048576,
                    "Original Hash Buckets": 1048576,
                    "Hash Batches": 1,
                    "Original Hash Batches": 1,
                    "Peak Memory Usage": 38912,
                    "Plans": [
                      {
                        "Node Type": "Seq Scan",
                        "Parent Relationship": "Outer",
                        "Parallel Aware": true,
                        "Relation Name": "title",
                        "Alias": "t",
                        "Startup Cost": 0.0,
                        "Total Cost": 54588.39,
                        "Plan Rows": 462806,
                        "Plan Width": 4,
                        "Actual Startup Time": 0.033,
                        "Actual Total Time": 153.379,
                        "Actual Rows": 392463,
                        "Actual Loops": 2,
                        "Filter": "(production_year > 2007)",
                        "Rows Removed by Filter": 871693
                      }
                    ]
                  }
                ]
              }
            ]
          }
        ]
      }
    ]
  },
  "Planning Time": 0.449,
  "Triggers": [],
  "Execution Time": 609.791
}