[
  {
    "Plan": {
      "Node Type": "Aggregate",
      "Strategy": "Plain",
      "Partial Mode": "Finalize",
      "Parallel Aware": false,
      "Startup Cost": 46704.24,
      "Total Cost": 46704.25,
      "Plan Rows": 1,
      "Plan Width": 8,
      "Actual Startup Time": 99.718,
      "Actual Total Time": 111.623,
      "Actual Rows": 1,
      "Actual Loops": 1,
      "Plans": [
        {
          "Node Type": "Gather",
          "Parent Relationship": "Outer",
          "Parallel Aware": false,
          "Startup Cost": 46703.82,
          "Total Cost": 46704.23,
          "Plan Rows": 4,
          "Plan Width": 8,
          "Actual Startup Time": 99.561,
          "Actual Total Time": 111.613,
          "Actual Rows": 5,
          "Actual Loops": 1,
          "Workers Planned": 4,
          "Workers Launched": 4,
          "Single Copy": false,
          "Plans": [
            {
              "Node Type": "Aggregate",
              "Strategy": "Plain",
              "Partial Mode": "Partial",
              "Parent Relationship": "Outer",
              "Parallel Aware": false,
              "Startup Cost": 45703.82,
              "Total Cost": 45703.83,
              "Plan Rows": 1,
              "Plan Width": 8,
              "Actual Startup Time": 91.704,
              "Actual Total Time": 91.705,
              "Actual Rows": 1,
              "Actual Loops": 5,
              "Plans": [
                {
                  "Node Type": "Seq Scan",
                  "Parent Relationship": "Outer",
                  "Parallel Aware": true,
                  "Relation Name": "title",
                  "Alias": "t",
                  "Startup Cost": 0.0,
                  "Total Cost": 45479.1,
                  "Plan Rows": 89888,
                  "Plan Width": 0,
                  "Actual Startup Time": 0.039,
                  "Actual Total Time": 88.664,
                  "Actual Rows": 57120,
                  "Actual Loops": 5,
                  "Filter": "((kind_id < 3) AND (production_year > 2003))",
                  "Rows Removed by Filter": 448542
                }
              ]
            }
          ]
        }
      ]
    },
    "Planning Time": 0.23,
    "Triggers": [],
    "Execution Time": 111.685
  }
]