[
  {
    "Plan": {
      "Node Type": "Aggregate",
      "Strategy": "Plain",
      "Partial Mode": "Finalize",
      "Parallel Aware": false,
      "Startup Cost": 28600.76,
      "Total Cost": 28600.77,
      "Plan Rows": 1,
      "Plan Width": 8,
      "Actual Startup Time": 24.983,
      "Actual Total Time": 28.566,
      "Actual Rows": 1,
      "Actual Loops": 1,
      "Plans": [
        {
          "Node Type": "Gather",
          "Parent Relationship": "Outer",
          "Parallel Aware": false,
          "Startup Cost": 28600.55,
          "Total Cost": 28600.76,
          "Plan Rows": 2,
          "Plan Width": 8,
          "Actual Startup Time": 24.603,
          "Actual Total Time": 28.562,
          "Actual Rows": 3,
          "Actual Loops": 1,
          "Workers Planned": 2,
          "Workers Launched": 2,
          "Single Copy": false,
          "Plans": [
            {
              "Node Type": "Aggregate",
              "Strategy": "Plain",
              "Partial Mode": "Partial",
              "Parent Relationship": "Outer",
              "Parallel Aware": false,
              "Startup Cost": 27600.55,
              "Total Cost": 27600.56,
              "Plan Rows": 1,
              "Plan Width": 8,
              "Actual Startup Time": 17.535,
              "Actual Total Time": 17.537,
              "Actual Rows": 1,
              "Actual Loops": 3,
              "Plans": [
                {
                  "Node Type": "Nested Loop",
                  "Parent Relationship": "Outer",
                  "Parallel Aware": false,
                  "Join Type": "Inner",
                  "Startup Cost": 105.69,
                  "Total Cost": 27585.58,
                  "Plan Rows": 5989,
                  "Plan Width": 0,
                  "Actual Startup Time": 0.937,
                  "Actual Total Time": 17.218,
                  "Actual Rows": 4934,
                  "Actual Loops": 3,
                  "Inner Unique": false,
                  "Plans": [
                    {
                      "Node Type": "Nested Loop",
                      "Parent Relationship": "Outer",
                      "Parallel Aware": false,
                      "Join Type": "Inner",
                      "Startup Cost": 105.25,
                      "Total Cost": 25369.85,
                      "Plan Rows": 1026,
                      "Plan Width": 8,
                      "Actual Startup Time": 0.771,
                      "Actual Total Time": 11.635,
                      "Actual Rows": 506,
                      "Actual Loops": 3,
                      "Inner Unique": true,
                      "Plans": [
                        {
                          "Node Type": "Bitmap Heap Scan",
                          "Parent Relationship": "Outer",
                          "Parallel Aware": true,
                          "Relation Name": "movie_companies",
                          "Alias": "mc",
                          "Startup Cost": 104.82,
                          "Total Cost": 10925.33,
                          "Plan Rows": 1957,
                          "Plan Width": 4,
                          "Actual Startup Time": 0.396,
                          "Actual Total Time": 2.799,
                          "Actual Rows": 1327,
                          "Actual Loops": 3,
                          "Recheck Cond": "(company_id = 312)",
                          "Rows Removed by Index Recheck": 0,
                          "Exact Heap Blocks": 1901,
                          "Lossy Heap Blocks": 0,
                          "Plans": [
                            {
                              "Node Type": "Bitmap Index Scan",
                              "Parent Relationship": "Outer",
                              "Parallel Aware": false,
                              "Index Name": "company_id_movie_companies",
                              "Startup Cost": 0.0,
                              "Total Cost": 103.65,
                              "Plan Rows": 4696,
                              "Plan Width": 0,
                              "Actual Startup Time": 0.684,
                              "Actual Total Time": 0.685,
                              "Actual Rows": 3982,
                              "Actual Loops": 1,
                              "Index Cond": "(company_id = 312)"
                            }
                          ]
                        },
                        {
                          "Node Type": "Index Scan",
                          "Parent Relationship": "Inner",
                          "Parallel Aware": false,
                          "Scan Direction": "Forward",
                          "Index Name": "title_pkey",
                          "Relation Name": "title",
                          "Alias": "t",
                          "Startup Cost": 0.43,
                          "Total Cost": 7.38,
                          "Plan Rows": 1,
                          "Plan Width": 4,
                          "Actual Startup Time": 0.006,
                          "Actual Total Time": 0.006,
                          "Actual Rows": 0,
                          "Actual Loops": 3982,
                          "Index Cond": "(id = mc.movie_id)",
                          "Rows Removed by Index Recheck": 0,
                          "Filter": "((production_year > 1961) AND (kind_id = 7))",
                          "Rows Removed by Filter": 1
                        }
                      ]
                    },
                    {
                      "Node Type": "Index Only Scan",
                      "Parent Relationship": "Inner",
                      "Parallel Aware": false,
                      "Scan Direction": "Forward",
                      "Index Name": "movie_id_movie_info",
                      "Relation Name": "movie_info",
                      "Alias": "mi",
                      "Startup Cost": 0.43,
                      "Total Cost": 1.77,
                      "Plan Rows": 39,
                      "Plan Width": 4,
                      "Actual Startup Time": 0.004,
                      "Actual Total Time": 0.01,
                      "Actual Rows": 10,
                      "Actual Loops": 1519,
                      "Index Cond": "(movie_id = t.id)",
                      "Rows Removed by Index Recheck": 0,
                      "Heap Fetches": 14802
                    }
                  ]
                }
              ]
            }
          ]
        }
      ]
    },
    "Planning Time": 0.415,
    "Triggers": [],
    "Execution Time": 28.6
  }
]