[
  {
    "Plan": {
      "Node Type": "Aggregate",
      "Strategy": "Plain",
      "Partial Mode": "Finalize",
      "Parallel Aware": false,
      "Startup Cost": 26198.1,
      "Total Cost": 26198.11,
      "Plan Rows": 1,
      "Plan Width": 8,
      "Actual Startup Time": 40.411,
      "Actual Total Time": 44.936,
      "Actual Rows": 1,
      "Actual Loops": 1,
      "Plans": [
        {
          "Node Type": "Gather",
          "Parent Relationship": "Outer",
          "Parallel Aware": false,
          "Startup Cost": 26197.89,
          "Total Cost": 26198.1,
          "Plan Rows": 2,
          "Plan Width": 8,
          "Actual Startup Time": 40.262,
          "Actual Total Time": 44.929,
          "Actual Rows": 3,
          "Actual Loops": 1,
          "Workers Planned": 2,
          "Workers Launched": 2,
          "Single Copy": false,
          "Plans": [
            {
              "Node Type": "Aggregate",
              "Strategy": "Plain",
              "Partial Mode": "Partial",
              "Parent Relationship": "Outer",
              "Parallel Aware": false,
              "Startup Cost": 25197.89,
              "Total Cost": 25197.9,
              "Plan Rows": 1,
              "Plan Width": 8,
              "Actual Startup Time": 32.033,
              "Actual Total Time": 32.034,
              "Actual Rows": 1,
              "Actual Loops": 3,
              "Plans": [
                {
                  "Node Type": "Nested Loop",
                  "Parent Relationship": "Outer",
                  "Parallel Aware": false,
                  "Join Type": "Inner",
                  "Startup Cost": 93.65,
                  "Total Cost": 25184.42,
                  "Plan Rows": 5389,
                  "Plan Width": 0,
                  "Actual Startup Time": 2.02,
                  "Actual Total Time": 31.328,
                  "Actual Rows": 4934,
                  "Actual Loops": 3,
                  "Inner Unique": false,
                  "Plans": [
                    {
                      "Node Type": "Nested Loop",
                      "Parent Relationship": "Outer",
                      "Parallel Aware": false,
                      "Join Type": "Inner",
                      "Startup Cost": 93.22,
                      "Total Cost": 23123.26,
                      "Plan Rows": 922,
                      "Plan Width": 8,
                      "Actual Startup Time": 1.816,
                      "Actual Total Time": 19.993,
                      "Actual Rows": 506,
                      "Actual Loops": 3,
                      "Inner Unique": true,
                      "Plans": [
                        {
                          "Node Type": "Bitmap Heap Scan",
                          "Parent Relationship": "Outer",
                          "Parallel Aware": true,
                          "Relation Name": "movie_companies",
                          "Alias": "mc",
                          "Startup Cost": 92.79,
                          "Total Cost": 10104.64,
                          "Plan Rows": 1740,
                          "Plan Width": 4,
                          "Actual Startup Time": 1.61,
                          "Actual Total Time": 5.229,
                          "Actual Rows": 1327,
                          "Actual Loops": 3,
                          "Recheck Cond": "(company_id = 312)",
                          "Rows Removed by Index Recheck": 0,
                          "Exact Heap Blocks": 1537,
                          "Lossy Heap Blocks": 0,
                          "Plans": [
                            {
                              "Node Type": "Bitmap Index Scan",
                              "Parent Relationship": "Outer",
                              "Parallel Aware": false,
                              "Index Name": "company_id_movie_companies",
                              "Startup Cost": 0.0,
                              "Total Cost": 91.74,
                              "Plan Rows": 4175,
                              "Plan Width": 0,
                              "Actual Startup Time": 3.511,
                              "Actual Total Time": 3.512,
                              "Actual Rows": 3982,
                              "Actual Loops": 1,
                              "Index Cond": "(company_id = 312)"
                            }
                          ]
                        },
                        {
                          "Node Type": "Index Scan",
                          "Parent Relationship": "Inner",
                          "Parallel Aware": false,
                          "Scan Direction": "Forward",
                          "Index Name": "title_pkey",
                          "Relation Name": "title",
                          "Alias": "t",
                          "Startup Cost": 0.43,
                          "Total Cost": 7.48,
                          "Plan Rows": 1,
                          "Plan Width": 4,
                          "Actual Startup Time": 0.01,
                          "Actual Total Time": 0.01,
                          "Actual Rows": 0,
                          "Actual Loops": 3982,
                          "Index Cond": "(id = mc.movie_id)",
                          "Rows Removed by Index Recheck": 0,
                          "Filter": "((production_year > 1961) AND (kind_id = 7))",
                          "Rows Removed by Filter": 1
                        }
                      ]
                    },
                    {
                      "Node Type": "Index Only Scan",
                      "Parent Relationship": "Inner",
                      "Parallel Aware": false,
                      "Scan Direction": "Forward",
                      "Index Name": "movie_id_movie_info",
                      "Relation Name": "movie_info",
                      "Alias": "mi",
                      "Startup Cost": 0.43,
                      "Total Cost": 1.82,
                      "Plan Rows": 42,
                      "Plan Width": 4,
                      "Actual Startup Time": 0.008,
                      "Actual Total Time": 0.02,
                      "Actual Rows": 10,
                      "Actual Loops": 1519,
                      "Index Cond": "(movie_id = t.id)",
                      "Rows Removed by Index Recheck": 0,
                      "Heap Fetches": 14802
                    }
                  ]
                }
              ]
            }
          ]
        }
      ]
    },
    "Planning Time": 1.449,
    "Triggers": [],
    "Execution Time": 45.037
  }
]