[
    {
        "Bao": {
            "Bao prediction": "NaN",
            "Bao recommended hint": "(no hint)"
        }
    },
    {
        "Plan": {
            "Node Type": "Aggregate",
            "Strategy": "Plain",
            "Partial Mode": "Finalize",
            "Parallel Aware": false,
            "Startup Cost": 276407.1,
            "Total Cost": 276407.11,
            "Plan Rows": 1,
            "Plan Width": 8,
            "Actual Startup Time": 122.726,
            "Actual Total Time": 126.974,
            "Actual Rows": 1,
            "Actual Loops": 1,
            "Output": [
                "count(*)"
            ],
            "Plans": [
                {
                    "Node Type": "Gather",
                    "Parent Relationship": "Outer",
                    "Parallel Aware": false,
                    "Startup Cost": 276406.47,
                    "Total Cost": 276407.08,
                    "Plan Rows": 6,
                    "Plan Width": 8,
                    "Actual Startup Time": 122.116,
                    "Actual Total Time": 126.963,
                    "Actual Rows": 7,
                    "Actual Loops": 1,
                    "Output": [
                        "(PARTIAL count(*))"
                    ],
                    "Workers Planned": 6,
                    "Workers Launched": 6,
                    "Single Copy": false,
                    "Plans": [
                        {
                            "Node Type": "Aggregate",
                            "Strategy": "Plain",
                            "Partial Mode": "Partial",
                            "Parent Relationship": "Outer",
                            "Parallel Aware": false,
                            "Startup Cost": 275406.47,
                            "Total Cost": 275406.48,
                            "Plan Rows": 1,
                            "Plan Width": 8,
                            "Actual Startup Time": 111.621,
                            "Actual Total Time": 111.623,
                            "Actual Rows": 1,
                            "Actual Loops": 7,
                            "Output": [
                                "PARTIAL count(*)"
                            ],
                            "Workers": [
                                {
                                    "Worker Number": 0,
                                    "Actual Startup Time": 109.391,
                                    "Actual Total Time": 109.393,
                                    "Actual Rows": 1,
                                    "Actual Loops": 1
                                },
                                {
                                    "Worker Number": 1,
                                    "Actual Startup Time": 109.578,
                                    "Actual Total Time": 109.58,
                                    "Actual Rows": 1,
                                    "Actual Loops": 1
                                },
                                {
                                    "Worker Number": 2,
                                    "Actual Startup Time": 110.082,
                                    "Actual Total Time": 110.083,
                                    "Actual Rows": 1,
                                    "Actual Loops": 1
                                },
                                {
                                    "Worker Number": 3,
                                    "Actual Startup Time": 110.138,
                                    "Actual Total Time": 110.139,
                                    "Actual Rows": 1,
                                    "Actual Loops": 1
                                },
                                {
                                    "Worker Number": 4,
                                    "Actual Startup Time": 110.132,
                                    "Actual Total Time": 110.133,
                                    "Actual Rows": 1,
                                    "Actual Loops": 1
                                },
                                {
                                    "Worker Number": 5,
                                    "Actual Startup Time": 110.609,
                                    "Actual Total Time": 110.61,
                                    "Actual Rows": 1,
                                    "Actual Loops": 1
                                }
                            ],
                            "Plans": [
                                {
                                    "Node Type": "Bitmap Heap Scan",
                                    "Parent Relationship": "Outer",
                                    "Parallel Aware": true,
                                    "Relation Name": "cast_info",
                                    "Schema": "public",
                                    "Alias": "ci",
                                    "Startup Cost": 20408.52,
                                    "Total Cost": 275021.31,
                                    "Plan Rows": 154064,
                                    "Plan Width": 0,
                                    "Actual Startup Time": 46.643,
                                    "Actual Total Time": 100.853,
                                    "Actual Rows": 143786,
                                    "Actual Loops": 7,
                                    "Recheck Cond": "(ci.person_id > 3867922)",
                                    "Rows Removed by Index Recheck": 0,
                                    "Exact Heap Blocks": 3312,
                                    "Lossy Heap Blocks": 0,
                                    "Workers": [
                                        {
                                            "Worker Number": 0,
                                            "Actual Startup Time": 44.374,
                                            "Actual Total Time": 99.506,
                                            "Actual Rows": 146758,
                                            "Actual Loops": 1
                                        },
                                        {
                                            "Worker Number": 1,
                                            "Actual Startup Time": 44.529,
                                            "Actual Total Time": 99.259,
                                            "Actual Rows": 118083,
                                            "Actual Loops": 1
                                        },
                                        {
                                            "Worker Number": 2,
                                            "Actual Startup Time": 45.432,
                                            "Actual Total Time": 99.743,
                                            "Actual Rows": 113183,
                                            "Actual Loops": 1
                                        },
                                        {
                                            "Worker Number": 3,
                                            "Actual Startup Time": 45.437,
                                            "Actual Total Time": 99.923,
                                            "Actual Rows": 112059,
                                            "Actual Loops": 1
                                        },
                                        {
                                            "Worker Number": 4,
                                            "Actual Startup Time": 45.208,
                                            "Actual Total Time": 99.907,
                                            "Actual Rows": 138511,
                                            "Actual Loops": 1
                                        },
                                        {
                                            "Worker Number": 5,
                                            "Actual Startup Time": 45.526,
                                            "Actual Total Time": 100.601,
                                            "Actual Rows": 148041,
                                            "Actual Loops": 1
                                        }
                                    ],
                                    "Plans": [
                                        {
                                            "Node Type": "Bitmap Index Scan",
                                            "Parent Relationship": "Outer",
                                            "Parallel Aware": false,
                                            "Index Name": "person_id_cast_info",
                                            "Startup Cost": 0.0,
                                            "Total Cost": 20177.42,
                                            "Plan Rows": 924381,
                                            "Plan Width": 0,
                                            "Actual Startup Time": 52.613,
                                            "Actual Total Time": 52.613,
                                            "Actual Rows": 1006505,
                                            "Actual Loops": 1,
                                            "Index Cond": "(ci.person_id > 3867922)"
                                        }
                                    ]
                                }
                            ]
                        }
                    ]
                }
            ]
        },
        "Planning Time": 297.021,
        "Triggers": [],
        "Execution Time": 127.075
    }
]