[
  {
    "Plan": {
      "Node Type": "Aggregate",
      "Strategy": "Plain",
      "Partial Mode": "Finalize",
      "Parallel Aware": false,
      "Startup Cost": 46484.45,
      "Total Cost": 46484.46,
      "Plan Rows": 1,
      "Plan Width": 8,
      "Actual Startup Time": 92.152,
      "Actual Total Time": 103.63,
      "Actual Rows": 1,
      "Actual Loops": 1,
      "Plans": [
        {
          "Node Type": "Gather",
          "Parent Relationship": "Outer",
          "Parallel Aware": false,
          "Startup Cost": 46484.03,
          "Total Cost": 46484.44,
          "Plan Rows": 4,
          "Plan Width": 8,
          "Actual Startup Time": 91.991,
          "Actual Total Time": 103.62,
          "Actual Rows": 5,
          "Actual Loops": 1,
          "Workers Planned": 4,
          "Workers Launched": 4,
          "Single Copy": false,
          "Plans": [
            {
              "Node Type": "Aggregate",
              "Strategy": "Plain",
              "Partial Mode": "Partial",
              "Parent Relationship": "Outer",
              "Parallel Aware": false,
              "Startup Cost": 45484.03,
              "Total Cost": 45484.04,
              "Plan Rows": 1,
              "Plan Width": 8,
              "Actual Startup Time": 85.374,
              "Actual Total Time": 85.375,
              "Actual Rows": 1,
              "Actual Loops": 5,
              "Plans": [
                {
                  "Node Type": "Seq Scan",
                  "Parent Relationship": "Outer",
                  "Parallel Aware": true,
                  "Relation Name": "title",
                  "Alias": "t",
                  "Startup Cost": 0.0,
                  "Total Cost": 45479.1,
                  "Plan Rows": 1972,
                  "Plan Width": 0,
                  "Actual Startup Time": 0.123,
                  "Actual Total Time": 85.144,
                  "Actual Rows": 1572,
                  "Actual Loops": 5,
                  "Filter": "((kind_id = 7) AND (production_year = 1975))",
                  "Rows Removed by Filter": 504091
                }
              ]
            }
          ]
        }
      ]
    },
    "Planning Time": 0.126,
    "Triggers": [],
    "Execution Time": 103.672
  }
]