[
  {
    "Plan": {
      "Node Type": "Aggregate",
      "Strategy": "Plain",
      "Partial Mode": "Finalize",
      "Parallel Aware": false,
      "Startup Cost": 45579.75,
      "Total Cost": 45579.76,
      "Plan Rows": 1,
      "Plan Width": 8,
      "Actual Startup Time": 132.537,
      "Actual Total Time": 142.535,
      "Actual Rows": 1,
      "Actual Loops": 1,
      "Plans": [
        {
          "Node Type": "Gather",
          "Parent Relationship": "Outer",
          "Parallel Aware": false,
          "Startup Cost": 45579.44,
          "Total Cost": 45579.75,
          "Plan Rows": 3,
          "Plan Width": 8,
          "Actual Startup Time": 132.375,
          "Actual Total Time": 142.522,
          "Actual Rows": 4,
          "Actual Loops": 1,
          "Workers Planned": 3,
          "Workers Launched": 3,
          "Single Copy": false,
          "Plans": [
            {
              "Node Type": "Aggregate",
              "Strategy": "Plain",
              "Partial Mode": "Partial",
              "Parent Relationship": "Outer",
              "Parallel Aware": false,
              "Startup Cost": 44579.44,
              "Total Cost": 44579.45,
              "Plan Rows": 1,
              "Plan Width": 8,
              "Actual Startup Time": 128.779,
              "Actual Total Time": 128.781,
              "Actual Rows": 1,
              "Actual Loops": 4,
              "Plans": [
                {
                  "Node Type": "Seq Scan",
                  "Parent Relationship": "Outer",
                  "Parallel Aware": true,
                  "Relation Name": "movie_keyword",
                  "Alias": "mk",
                  "Startup Cost": 0.0,
                  "Total Cost": 42695.65,
                  "Plan Rows": 753513,
                  "Plan Width": 0,
                  "Actual Startup Time": 0.029,
                  "Actual Total Time": 104.771,
                  "Actual Rows": 586711,
                  "Actual Loops": 4,
                  "Filter": "(keyword_id < 5243)",
                  "Rows Removed by Filter": 544272
                }
              ]
            }
          ]
        }
      ]
    },
    "Planning Time": 0.073,
    "Triggers": [],
    "Execution Time": 142.568
  }
]