[
  {
    "Plan": {
      "Node Type": "Aggregate",
      "Strategy": "Plain",
      "Partial Mode": "Finalize",
      "Parallel Aware": false,
      "Startup Cost": 105578.34,
      "Total Cost": 105578.35,
      "Plan Rows": 1,
      "Plan Width": 8,
      "Actual Startup Time": 303.829,
      "Actual Total Time": 323.339,
      "Actual Rows": 1,
      "Actual Loops": 1,
      "Plans": [
        {
          "Node Type": "Gather",
          "Parent Relationship": "Outer",
          "Parallel Aware": false,
          "Startup Cost": 105578.12,
          "Total Cost": 105578.33,
          "Plan Rows": 2,
          "Plan Width": 8,
          "Actual Startup Time": 303.118,
          "Actual Total Time": 323.331,
          "Actual Rows": 3,
          "Actual Loops": 1,
          "Workers Planned": 2,
          "Workers Launched": 2,
          "Single Copy": false,
          "Plans": [
            {
              "Node Type": "Aggregate",
              "Strategy": "Plain",
              "Partial Mode": "Partial",
              "Parent Relationship": "Outer",
              "Parallel Aware": false,
              "Startup Cost": 104578.12,
              "Total Cost": 104578.13,
              "Plan Rows": 1,
              "Plan Width": 8,
              "Actual Startup Time": 299.187,
              "Actual Total Time": 299.19,
              "Actual Rows": 1,
              "Actual Loops": 3,
              "Plans": [
                {
                  "Node Type": "Nested Loop",
                  "Parent Relationship": "Outer",
                  "Parallel Aware": false,
                  "Join Type": "Inner",
                  "Startup Cost": 45913.02,
                  "Total Cost": 104483.68,
                  "Plan Rows": 37776,
                  "Plan Width": 0,
                  "Actual Startup Time": 157.494,
                  "Actual Total Time": 293.319,
                  "Actual Rows": 126365,
                  "Actual Loops": 3,
                  "Inner Unique": false,
                  "Join Filter": "(t.id = mk.movie_id)",
                  "Rows Removed by Join Filter": 0,
                  "Plans": [
                    {
                      "Node Type": "Hash Join",
                      "Parent Relationship": "Outer",
                      "Parallel Aware": true,
                      "Join Type": "Inner",
                      "Startup Cost": 45912.59,
                      "Total Cost": 62046.58,
                      "Plan Rows": 21113,
                      "Plan Width": 8,
                      "Actual Startup Time": 157.359,
                      "Actual Total Time": 210.074,
                      "Actual Rows": 17585,
                      "Actual Loops": 3,
                      "Inner Unique": true,
                      "Hash Cond": "(mi_idx.movie_id = t.id)",
                      "Plans": [
                        {
                          "Node Type": "Seq Scan",
                          "Parent Relationship": "Outer",
                          "Parallel Aware": true,
                          "Relation Name": "movie_info_idx",
                          "Alias": "mi_idx",
                          "Startup Cost": 0.0,
                          "Total Cost": 15122.68,
                          "Plan Rows": 385260,
                          "Plan Width": 4,
                          "Actual Startup Time": 0.013,
                          "Actual Total Time": 47.643,
                          "Actual Rows": 306703,
                          "Actual Loops": 3,
                          "Filter": "(info_type_id > 99)",
                          "Rows Removed by Filter": 153308
                        },
                        {
                          "Node Type": "Hash",
                          "Parent Relationship": "Inner",
                          "Parallel Aware": true,
                          "Startup Cost": 45479.59,
                          "Total Cost": 45479.59,
                          "Plan Rows": 34640,
                          "Plan Width": 4,
                          "Actual Startup Time": 124.913,
                          "Actual Total Time": 124.914,
                          "Actual Rows": 44061,
                          "Actual Loops": 3,
                          "Hash Buckets": 262144,
                          "Original Hash Buckets": 262144,
                          "Hash Batches": 1,
                          "Original Hash Batches": 1,
                          "Peak Memory Usage": 7264,
                          "Plans": [
                            {
                              "Node Type": "Seq Scan",
                              "Parent Relationship": "Outer",
                              "Parallel Aware": true,
                              "Relation Name": "title",
                              "Alias": "t",
                              "Startup Cost": 0.0,
                              "Total Cost": 45479.59,
                              "Plan Rows": 34640,
                              "Plan Width": 4,
                              "Actual Startup Time": 46.139,
                              "Actual Total Time": 111.61,
                              "Actual Rows": 44061,
                              "Actual Loops": 3,
                              "Filter": "((production_year > 2009) AND (kind_id = 1))",
                              "Rows Removed by Filter": 798710
                            }
                          ]
                        }
                      ]
                    },
                    {
                      "Node Type": "Index Only Scan",
                      "Parent Relationship": "Inner",
                      "Parallel Aware": false,
                      "Scan Direction": "Forward",
                      "Index Name": "movie_id_movie_keyword",
                      "Relation Name": "movie_keyword",
                      "Alias": "mk",
                      "Startup Cost": 0.43,
                      "Total Cost": 1.43,
                      "Plan Rows": 46,
                      "Plan Width": 4,
                      "Actual Startup Time": 0.003,
                      "Actual Total Time": 0.004,
                      "Actual Rows": 7,
                      "Actual Loops": 52754,
                      "Index Cond": "(movie_id = mi_idx.movie_id)",
                      "Rows Removed by Index Recheck": 0,
                      "Heap Fetches": 379095
                    }
                  ]
                }
              ]
            }
          ]
        }
      ]
    },
    "Planning Time": 1.467,
    "Triggers": [],
    "Execution Time": 323.427
  }
]