[
  {
    "Plan": {
      "Node Type": "Aggregate",
      "Strategy": "Plain",
      "Partial Mode": "Finalize",
      "Parallel Aware": false,
      "Startup Cost": 268147.9,
      "Total Cost": 268147.91,
      "Plan Rows": 1,
      "Plan Width": 8,
      "Actual Startup Time": 441.0,
      "Actual Total Time": 460.551,
      "Actual Rows": 1,
      "Actual Loops": 1,
      "Plans": [
        {
          "Node Type": "Gather",
          "Parent Relationship": "Outer",
          "Parallel Aware": false,
          "Startup Cost": 268147.48,
          "Total Cost": 268147.89,
          "Plan Rows": 4,
          "Plan Width": 8,
          "Actual Startup Time": 426.016,
          "Actual Total Time": 460.542,
          "Actual Rows": 5,
          "Actual Loops": 1,
          "Workers Planned": 4,
          "Workers Launched": 4,
          "Single Copy": false,
          "Plans": [
            {
              "Node Type": "Aggregate",
              "Strategy": "Plain",
              "Partial Mode": "Partial",
              "Parent Relationship": "Outer",
              "Parallel Aware": false,
              "Startup Cost": 267147.48,
              "Total Cost": 267147.49,
              "Plan Rows": 1,
              "Plan Width": 8,
              "Actual Startup Time": 409.279,
              "Actual Total Time": 409.285,
              "Actual Rows": 1,
              "Actual Loops": 5,
              "Plans": [
                {
                  "Node Type": "Hash Join",
                  "Parent Relationship": "Outer",
                  "Parallel Aware": true,
                  "Join Type": "Inner",
                  "Startup Cost": 218615.21,
                  "Total Cost": 267057.51,
                  "Plan Rows": 35986,
                  "Plan Width": 0,
                  "Actual Startup Time": 311.442,
                  "Actual Total Time": 408.359,
                  "Actual Rows": 20542,
                  "Actual Loops": 5,
                  "Inner Unique": false,
                  "Hash Cond": "(ci.movie_id = t.id)",
                  "Plans": [
                    {
                      "Node Type": "Index Scan",
                      "Parent Relationship": "Outer",
                      "Parallel Aware": true,
                      "Scan Direction": "Forward",
                      "Index Name": "role_id_cast_info",
                      "Relation Name": "cast_info",
                      "Alias": "ci",
                      "Startup Cost": 0.56,
                      "Total Cost": 46764.42,
                      "Plan Rows": 428396,
                      "Plan Width": 4,
                      "Actual Startup Time": 0.189,
                      "Actual Total Time": 50.775,
                      "Actual Rows": 340709,
                      "Actual Loops": 5,
                      "Index Cond": "(role_id = 8)",
                      "Rows Removed by Index Recheck": 0
                    },
                    {
                      "Node Type": "Hash",
                      "Parent Relationship": "Inner",
                      "Parallel Aware": true,
                      "Startup Cost": 218083.69,
                      "Total Cost": 218083.69,
                      "Plan Rows": 42476,
                      "Plan Width": 8,
                      "Actual Startup Time": 308.906,
                      "Actual Total Time": 308.91,
                      "Actual Rows": 22841,
                      "Actual Loops": 5,
                      "Hash Buckets": 262144,
                      "Original Hash Buckets": 262144,
                      "Hash Batches": 1,
                      "Original Hash Batches": 1,
                      "Peak Memory Usage": 6592,
                      "Plans": [
                        {
                          "Node Type": "Hash Join",
                          "Parent Relationship": "Outer",
                          "Parallel Aware": true,
                          "Join Type": "Inner",
                          "Startup Cost": 55033.8,
                          "Total Cost": 218083.69,
                          "Plan Rows": 42476,
                          "Plan Width": 8,
                          "Actual Startup Time": 231.811,
                          "Actual Total Time": 300.967,
                          "Actual Rows": 22841,
                          "Actual Loops": 5,
                          "Inner Unique": true,
                          "Hash Cond": "(mi.movie_id = t.id)",
                          "Plans": [
                            {
                              "Node Type": "Bitmap Heap Scan",
                              "Parent Relationship": "Outer",
                              "Parallel Aware": true,
                              "Relation Name": "movie_info",
                              "Alias": "mi",
                              "Startup Cost": 6332.18,
                              "Total Cost": 169198.65,
                              "Plan Rows": 69877,
                              "Plan Width": 4,
                              "Actual Startup Time": 16.992,
                              "Actual Total Time": 54.49,
                              "Actual Rows": 65771,
                              "Actual Loops": 5,
                              "Recheck Cond": "(info_type_id = 98)",
                              "Rows Removed by Index Recheck": 0,
                              "Exact Heap Blocks": 6337,
                              "Lossy Heap Blocks": 0,
                              "Plans": [
                                {
                                  "Node Type": "Bitmap Index Scan",
                                  "Parent Relationship": "Outer",
                                  "Parallel Aware": false,
                                  "Index Name": "info_type_id_movie_info",
                                  "Startup Cost": 0.0,
                                  "Total Cost": 6244.84,
                                  "Plan Rows": 349387,
                                  "Plan Width": 0,
                                  "Actual Startup Time": 13.285,
                                  "Actual Total Time": 13.286,
                                  "Actual Rows": 328857,
                                  "Actual Loops": 1,
                                  "Index Cond": "(info_type_id = 98)"
                                }
                              ]
                            },
                            {
                              "Node Type": "Hash",
                              "Parent Relationship": "Inner",
                              "Parallel Aware": true,
                              "Startup Cost": 43898.92,
                              "Total Cost": 43898.92,
                              "Plan Rows": 384216,
                              "Plan Width": 4,
                              "Actual Startup Time": 210.25,
                              "Actual Total Time": 210.251,
                              "Actual Rows": 308653,
                              "Actual Loops": 5,
                              "Hash Buckets": 2097152,
                              "Original Hash Buckets": 2097152,
                              "Hash Batches": 1,
                              "Original Hash Batches": 1,
                              "Peak Memory Usage": 76832,
                              "Plans": [
                                {
                                  "Node Type": "Seq Scan",
                                  "Parent Relationship": "Outer",
                                  "Parallel Aware": true,
                                  "Relation Name": "title",
                                  "Alias": "t",
                                  "Startup Cost": 0.0,
                                  "Total Cost": 43898.92,
                                  "Plan Rows": 384216,
                                  "Plan Width": 4,
                                  "Actual Startup Time": 0.037,
                                  "Actual Total Time": 89.08,
                                  "Actual Rows": 308653,
                                  "Actual Loops": 5,
                                  "Filter": "(kind_id = 7)",
                                  "Rows Removed by Filter": 197010
                                }
                              ]
                            }
                          ]
                        }
                      ]
                    }
                  ]
                }
              ]
            }
          ]
        }
      ]
    },
    "Planning Time": 1.407,
    "Triggers": [],
    "Execution Time": 460.664
  }
]