{
  "Plan": {
    "Node Type": "Aggregate",
    "Strategy": "Plain",
    "Partial Mode": "Finalize",
    "Parallel Aware": false,
    "Startup Cost": 451794.39,
    "Total Cost": 451794.4,
    "Plan Rows": 1,
    "Plan Width": 8,
    "Actual Startup Time": 4758.99,
    "Actual Total Time": 4798.732,
    "Actual Rows": 1,
    "Actual Loops": 1,
    "Plans": [
      {
        "Node Type": "Gather",
        "Parent Relationship": "Outer",
        "Parallel Aware": false,
        "Startup Cost": 451794.28,
        "Total Cost": 451794.39,
        "Plan Rows": 1,
        "Plan Width": 8,
        "Actual Startup Time": 4758.835,
        "Actual Total Time": 4798.724,
        "Actual Rows": 2,
        "Actual Loops": 1,
        "Workers Planned": 1,
        "Workers Launched": 1,
        "Single Copy": false,
        "Plans": [
          {
            "Node Type": "Aggregate",
            "Strategy": "Plain",
            "Partial Mode": "Partial",
            "Parent Relationship": "Outer",
            "Parallel Aware": false,
            "Startup Cost": 450794.28,
            "Total Cost": 450794.29,
            "Plan Rows": 1,
            "Plan Width": 8,
            "Actual Startup Time": 4755.24,
            "Actual Total Time": 4755.242,
            "Actual Rows": 1,
            "Actual Loops": 2,
            "Plans": [
              {
                "Node Type": "Merge Join",
                "Parent Relationship": "Outer",
                "Parallel Aware": false,
                "Join Type": "Inner",
                "Startup Cost": 20.34,
                "Total Cost": 448680.67,
                "Plan Rows": 845442,
                "Plan Width": 0,
                "Actual Startup Time": 6.427,
                "Actual Total Time": 4476.631,
                "Actual Rows": 6747202,
                "Actual Loops": 2,
                "Inner Unique": false,
                "Merge Cond": "(t.id = mc.movie_id)",
                "Plans": [
                  {
                    "Node Type": "Merge Join",
                    "Parent Relationship": "Outer",
                    "Parallel Aware": false,
                    "Join Type": "Inner",
                    "Startup Cost": 13.81,
                    "Total Cost": 291893.3,
                    "Plan Rows": 819248,
                    "Plan Width": 8,
                    "Actual Startup Time": 5.592,
                    "Actual Total Time": 1820.954,
                    "Actual Rows": 967022,
                    "Actual Loops": 2,
                    "Inner Unique": true,
                    "Merge Cond": "(mk.movie_id = t.id)",
                    "Plans": [
                      {
                        "Node Type": "Index Only Scan",
                        "Parent Relationship": "Outer",
                        "Parallel Aware": true,
                        "Scan Direction": "Forward",
                        "Index Name": "movie_id_movie_keyword",
                        "Relation Name": "movie_keyword",
                        "Alias": "mk",
                        "Startup Cost": 0.43,
                        "Total Cost": 158560.11,
                        "Plan Rows": 2661135,
                        "Plan Width": 4,
                        "Actual Startup Time": 0.065,
                        "Actual Total Time": 429.367,
                        "Actual Rows": 2261961,
                        "Actual Loops": 2,
                        "Heap Fetches": 4523922
                      },
                      {
                        "Node Type": "Index Scan",
                        "Parent Relationship": "Inner",
                        "Parallel Aware": false,
                        "Scan Direction": "Forward",
                        "Index Name": "title_pkey",
                        "Relation Name": "title",
                        "Alias": "t",
                        "Startup Cost": 0.43,
                        "Total Cost": 116660.7,
                        "Plan Rows": 778352,
                        "Plan Width": 4,
                        "Actual Startup Time": 0.647,
                        "Actual Total Time": 1184.535,
                        "Actual Rows": 782010,
                        "Actual Loops": 2,
                        "Filter": "(production_year < 1994)",
                        "Rows Removed by Filter": 1743712
                      }
                    ]
                  },
                  {
                    "Node Type": "Index Only Scan",
                    "Parent Relationship": "Inner",
                    "Parallel Aware": false,
                    "Scan Direction": "Forward",
                    "Index Name": "movie_id_movie_companies",
                    "Relation Name": "movie_companies",
                    "Alias": "mc",
                    "Startup Cost": 0.43,
                    "Total Cost": 140059.44,
                    "Plan Rows": 2609129,
                    "Plan Width": 4,
                    "Actual Startup Time": 0.068,
                    "Actual Total Time": 1898.615,
                    "Actual Rows": 9079634,
                    "Actual Loops": 2,
                    "Heap Fetches": 18159267
                  }
                ]
              }
            ]
          }
        ]
      }
    ]
  },
  "Planning Time": 0.577,
  "Triggers": [],
  "Execution Time": 4798.8
}