[
    {
        "Bao": {
            "Bao prediction": "NaN",
            "Bao recommended hint": "(no hint)"
        }
    },
    {
        "Plan": {
            "Node Type": "Aggregate",
            "Strategy": "Plain",
            "Partial Mode": "Finalize",
            "Parallel Aware": false,
            "Startup Cost": 306469.64,
            "Total Cost": 306469.65,
            "Plan Rows": 1,
            "Plan Width": 8,
            "Actual Startup Time": 3757.366,
            "Actual Total Time": 3813.576,
            "Actual Rows": 1,
            "Actual Loops": 1,
            "Output": [
                "count(*)"
            ],
            "Plans": [
                {
                    "Node Type": "Gather",
                    "Parent Relationship": "Outer",
                    "Parallel Aware": false,
                    "Startup Cost": 306469.32,
                    "Total Cost": 306469.63,
                    "Plan Rows": 3,
                    "Plan Width": 8,
                    "Actual Startup Time": 3751.976,
                    "Actual Total Time": 3813.564,
                    "Actual Rows": 4,
                    "Actual Loops": 1,
                    "Output": [
                        "(PARTIAL count(*))"
                    ],
                    "Workers Planned": 3,
                    "Workers Launched": 3,
                    "Single Copy": false,
                    "Plans": [
                        {
                            "Node Type": "Aggregate",
                            "Strategy": "Plain",
                            "Partial Mode": "Partial",
                            "Parent Relationship": "Outer",
                            "Parallel Aware": false,
                            "Startup Cost": 305469.32,
                            "Total Cost": 305469.33,
                            "Plan Rows": 1,
                            "Plan Width": 8,
                            "Actual Startup Time": 3744.502,
                            "Actual Total Time": 3744.506,
                            "Actual Rows": 1,
                            "Actual Loops": 4,
                            "Output": [
                                "PARTIAL count(*)"
                            ],
                            "Workers": [
                                {
                                    "Worker Number": 0,
                                    "Actual Startup Time": 3741.279,
                                    "Actual Total Time": 3741.283,
                                    "Actual Rows": 1,
                                    "Actual Loops": 1
                                },
                                {
                                    "Worker Number": 1,
                                    "Actual Startup Time": 3742.935,
                                    "Actual Total Time": 3742.938,
                                    "Actual Rows": 1,
                                    "Actual Loops": 1
                                },
                                {
                                    "Worker Number": 2,
                                    "Actual Startup Time": 3742.175,
                                    "Actual Total Time": 3742.179,
                                    "Actual Rows": 1,
                                    "Actual Loops": 1
                                }
                            ],
                            "Plans": [
                                {
                                    "Node Type": "Nested Loop",
                                    "Parent Relationship": "Outer",
                                    "Parallel Aware": false,
                                    "Join Type": "Inner",
                                    "Startup Cost": 47010.46,
                                    "Total Cost": 304545.69,
                                    "Plan Rows": 369454,
                                    "Plan Width": 0,
                                    "Actual Startup Time": 190.966,
                                    "Actual Total Time": 3652.209,
                                    "Actual Rows": 2031862,
                                    "Actual Loops": 4,
                                    "Inner Unique": false,
                                    "Workers": [
                                        {
                                            "Worker Number": 0,
                                            "Actual Startup Time": 188.065,
                                            "Actual Total Time": 3648.286,
                                            "Actual Rows": 2033983,
                                            "Actual Loops": 1
                                        },
                                        {
                                            "Worker Number": 1,
                                            "Actual Startup Time": 188.154,
                                            "Actual Total Time": 3649.201,
                                            "Actual Rows": 2049738,
                                            "Actual Loops": 1
                                        },
                                        {
                                            "Worker Number": 2,
                                            "Actual Startup Time": 188.355,
                                            "Actual Total Time": 3656.498,
                                            "Actual Rows": 1855859,
                                            "Actual Loops": 1
                                        }
                                    ],
                                    "Plans": [
                                        {
                                            "Node Type": "Hash Join",
                                            "Parent Relationship": "Outer",
                                            "Parallel Aware": true,
                                            "Join Type": "Inner",
                                            "Startup Cost": 47009.89,
                                            "Total Cost": 78910.27,
                                            "Plan Rows": 72831,
                                            "Plan Width": 8,
                                            "Actual Startup Time": 190.895,
                                            "Actual Total Time": 337.909,
                                            "Actual Rows": 165858,
                                            "Actual Loops": 4,
                                            "Output": [
                                                "t.id",
                                                "mc.movie_id"
                                            ],
                                            "Inner Unique": true,
                                            "Hash Cond": "(mc.movie_id = t.id)",
                                            "Workers": [
                                                {
                                                    "Worker Number": 0,
                                                    "Actual Startup Time": 187.994,
                                                    "Actual Total Time": 335.138,
                                                    "Actual Rows": 168184,
                                                    "Actual Loops": 1
                                                },
                                                {
                                                    "Worker Number": 1,
                                                    "Actual Startup Time": 188.041,
                                                    "Actual Total Time": 332.385,
                                                    "Actual Rows": 165365,
                                                    "Actual Loops": 1
                                                },
                                                {
                                                    "Worker Number": 2,
                                                    "Actual Startup Time": 188.286,
                                                    "Actual Total Time": 324.614,
                                                    "Actual Rows": 151018,
                                                    "Actual Loops": 1
                                                }
                                            ],
                                            "Plans": [
                                                {
                                                    "Node Type": "Seq Scan",
                                                    "Parent Relationship": "Outer",
                                                    "Parallel Aware": true,
                                                    "Relation Name": "movie_companies",
                                                    "Schema": "public",
                                                    "Alias": "mc",
                                                    "Startup Cost": 0.0,
                                                    "Total Cost": 31414.82,
                                                    "Plan Rows": 184974,
                                                    "Plan Width": 4,
                                                    "Actual Startup Time": 27.681,
                                                    "Actual Total Time": 65.673,
                                                    "Actual Rows": 215413,
                                                    "Actual Loops": 4,
                                                    "Output": [
                                                        "mc.id",
                                                        "mc.movie_id",
                                                        "mc.company_id",
                                                        "mc.company_type_id",
                                                        "mc.note"
                                                    ],
                                                    "Filter": "((mc.company_id > 13543) AND (mc.company_type_id = 2))",
                                                    "Rows Removed by Filter": 436869,
                                                    "Workers": [
                                                        {
                                                            "Worker Number": 0,
                                                            "Actual Startup Time": 27.681,
                                                            "Actual Total Time": 66.29,
                                                            "Actual Rows": 211850,
                                                            "Actual Loops": 1
                                                        },
                                                        {
                                                            "Worker Number": 1,
                                                            "Actual Startup Time": 27.675,
                                                            "Actual Total Time": 64.752,
                                                            "Actual Rows": 205363,
                                                            "Actual Loops": 1
                                                        },
                                                        {
                                                            "Worker Number": 2,
                                                            "Actual Startup Time": 27.695,
                                                            "Actual Total Time": 63.897,
                                                            "Actual Rows": 191835,
                                                            "Actual Loops": 1
                                                        }
                                                    ]
                                                },
                                                {
                                                    "Node Type": "Hash",
                                                    "Parent Relationship": "Inner",
                                                    "Parallel Aware": true,
                                                    "Startup Cost": 43899.01,
                                                    "Total Cost": 43899.01,
                                                    "Plan Rows": 248871,
                                                    "Plan Width": 4,
                                                    "Actual Startup Time": 160.474,
                                                    "Actual Total Time": 160.475,
                                                    "Actual Rows": 246262,
                                                    "Actual Loops": 4,
                                                    "Output": [
                                                        "t.id"
                                                    ],
                                                    "Hash Buckets": 1048576,
                                                    "Original Hash Buckets": 1048576,
                                                    "Hash Batches": 1,
                                                    "Original Hash Batches": 1,
                                                    "Peak Memory Usage": 46816,
                                                    "Workers": [
                                                        {
                                                            "Worker Number": 0,
                                                            "Actual Startup Time": 159.854,
                                                            "Actual Total Time": 159.856,
                                                            "Actual Rows": 244635,
                                                            "Actual Loops": 1
                                                        },
                                                        {
                                                            "Worker Number": 1,
                                                            "Actual Startup Time": 159.94,
                                                            "Actual Total Time": 159.94,
                                                            "Actual Rows": 244847,
                                                            "Actual Loops": 1
                                                        },
                                                        {
                                                            "Worker Number": 2,
                                                            "Actual Startup Time": 160.137,
                                                            "Actual Total Time": 160.138,
                                                            "Actual Rows": 209764,
                                                            "Actual Loops": 1
                                                        }
                                                    ],
                                                    "Plans": [
                                                        {
                                                            "Node Type": "Seq Scan",
                                                            "Parent Relationship": "Outer",
                                                            "Parallel Aware": true,
                                                            "Relation Name": "title",
                                                            "Schema": "public",
                                                            "Alias": "t",
                                                            "Startup Cost": 0.0,
                                                            "Total Cost": 43899.01,
                                                            "Plan Rows": 248871,
                                                            "Plan Width": 4,
                                                            "Actual Startup Time": 0.043,
                                                            "Actual Total Time": 89.607,
                                                            "Actual Rows": 246262,
                                                            "Actual Loops": 4,
                                                            "Output": [
                                                                "t.id"
                                                            ],
                                                            "Filter": "(t.kind_id < 7)",
                                                            "Rows Removed by Filter": 385816,
                                                            "Workers": [
                                                                {
                                                                    "Worker Number": 0,
                                                                    "Actual Startup Time": 0.05,
                                                                    "Actual Total Time": 90.786,
                                                                    "Actual Rows": 244635,
                                                                    "Actual Loops": 1
                                                                },
                                                                {
                                                                    "Worker Number": 1,
                                                                    "Actual Startup Time": 0.056,
                                                                    "Actual Total Time": 90.904,
                                                                    "Actual Rows": 244847,
                                                                    "Actual Loops": 1
                                                                },
                                                                {
                                                                    "Worker Number": 2,
                                                                    "Actual Startup Time": 0.054,
                                                                    "Actual Total Time": 88.183,
                                                                    "Actual Rows": 209764,
                                                                    "Actual Loops": 1
                                                                }
                                                            ]
                                                        }
                                                    ]
                                                }
                                            ]
                                        },
                                        {
                                            "Node Type": "Index Scan",
                                            "Parent Relationship": "Inner",
                                            "Parallel Aware": false,
                                            "Scan Direction": "Forward",
                                            "Index Name": "movie_id_cast_info",
                                            "Relation Name": "cast_info",
                                            "Schema": "public",
                                            "Alias": "ci",
                                            "Startup Cost": 0.56,
                                            "Total Cost": 2.96,
                                            "Plan Rows": 14,
                                            "Plan Width": 4,
                                            "Actual Startup Time": 0.009,
                                            "Actual Total Time": 0.019,
                                            "Actual Rows": 12,
                                            "Actual Loops": 663430,
                                            "Output": [
                                                "ci.id",
                                                "ci.person_id",
                                                "ci.movie_id",
                                                "ci.person_role_id",
                                                "ci.note",
                                                "ci.nr_order",
                                                "ci.role_id"
                                            ],
                                            "Index Cond": "(ci.movie_id = t.id)",
                                            "Rows Removed by Index Recheck": 0,
                                            "Filter": "((ci.person_id > 1623395) AND (ci.role_id > 1))",
                                            "Rows Removed by Filter": 12,
                                            "Workers": [
                                                {
                                                    "Worker Number": 0,
                                                    "Actual Startup Time": 0.009,
                                                    "Actual Total Time": 0.019,
                                                    "Actual Rows": 12,
                                                    "Actual Loops": 168184
                                                },
                                                {
                                                    "Worker Number": 1,
                                                    "Actual Startup Time": 0.009,
                                                    "Actual Total Time": 0.019,
                                                    "Actual Rows": 12,
                                                    "Actual Loops": 165365
                                                },
                                                {
                                                    "Worker Number": 2,
                                                    "Actual Startup Time": 0.01,
                                                    "Actual Total Time": 0.021,
                                                    "Actual Rows": 12,
                                                    "Actual Loops": 151018
                                                }
                                            ]
                                        }
                                    ]
                                }
                            ]
                        }
                    ]
                }
            ]
        },
        "Planning Time": 231.249,
        "Triggers": [],
        "Execution Time": 3813.693
    }
]