[
  {
    "Plan": {
      "Node Type": "Aggregate",
      "Strategy": "Plain",
      "Partial Mode": "Finalize",
      "Parallel Aware": false,
      "Startup Cost": 32788.25,
      "Total Cost": 32788.26,
      "Plan Rows": 1,
      "Plan Width": 8,
      "Actual Startup Time": 108.174,
      "Actual Total Time": 116.237,
      "Actual Rows": 1,
      "Actual Loops": 1,
      "Plans": [
        {
          "Node Type": "Gather",
          "Parent Relationship": "Outer",
          "Parallel Aware": false,
          "Startup Cost": 32787.93,
          "Total Cost": 32788.24,
          "Plan Rows": 3,
          "Plan Width": 8,
          "Actual Startup Time": 108.053,
          "Actual Total Time": 116.225,
          "Actual Rows": 4,
          "Actual Loops": 1,
          "Workers Planned": 3,
          "Workers Launched": 3,
          "Single Copy": false,
          "Plans": [
            {
              "Node Type": "Aggregate",
              "Strategy": "Plain",
              "Partial Mode": "Partial",
              "Parent Relationship": "Outer",
              "Parallel Aware": false,
              "Startup Cost": 31787.93,
              "Total Cost": 31787.94,
              "Plan Rows": 1,
              "Plan Width": 8,
              "Actual Startup Time": 99.373,
              "Actual Total Time": 99.374,
              "Actual Rows": 1,
              "Actual Loops": 4,
              "Plans": [
                {
                  "Node Type": "Seq Scan",
                  "Parent Relationship": "Outer",
                  "Parallel Aware": true,
                  "Relation Name": "movie_companies",
                  "Alias": "mc",
                  "Startup Cost": 0.0,
                  "Total Cost": 31414.82,
                  "Plan Rows": 149244,
                  "Plan Width": 0,
                  "Actual Startup Time": 52.516,
                  "Actual Total Time": 90.078,
                  "Actual Rows": 194361,
                  "Actual Loops": 4,
                  "Filter": "((company_id > 21594) AND (company_type_id > 1))",
                  "Rows Removed by Filter": 457922
                }
              ]
            }
          ]
        }
      ]
    },
    "Planning Time": 0.249,
    "Triggers": [],
    "Execution Time": 116.296
  }
]