[
  {
    "Plan": {
      "Node Type": "Aggregate",
      "Strategy": "Plain",
      "Partial Mode": "Finalize",
      "Parallel Aware": false,
      "Startup Cost": 281242.74,
      "Total Cost": 281242.75,
      "Plan Rows": 1,
      "Plan Width": 8,
      "Actual Startup Time": 132.664,
      "Actual Total Time": 140.149,
      "Actual Rows": 1,
      "Actual Loops": 1,
      "Plans": [
        {
          "Node Type": "Gather",
          "Parent Relationship": "Outer",
          "Parallel Aware": false,
          "Startup Cost": 281242.11,
          "Total Cost": 281242.72,
          "Plan Rows": 6,
          "Plan Width": 8,
          "Actual Startup Time": 132.283,
          "Actual Total Time": 140.134,
          "Actual Rows": 7,
          "Actual Loops": 1,
          "Workers Planned": 6,
          "Workers Launched": 6,
          "Single Copy": false,
          "Plans": [
            {
              "Node Type": "Aggregate",
              "Strategy": "Plain",
              "Partial Mode": "Partial",
              "Parent Relationship": "Outer",
              "Parallel Aware": false,
              "Startup Cost": 280242.11,
              "Total Cost": 280242.12,
              "Plan Rows": 1,
              "Plan Width": 8,
              "Actual Startup Time": 123.51,
              "Actual Total Time": 123.512,
              "Actual Rows": 1,
              "Actual Loops": 7,
              "Plans": [
                {
                  "Node Type": "Bitmap Heap Scan",
                  "Parent Relationship": "Outer",
                  "Parallel Aware": true,
                  "Relation Name": "cast_info",
                  "Alias": "ci",
                  "Startup Cost": 24752.54,
                  "Total Cost": 279775.02,
                  "Plan Rows": 186838,
                  "Plan Width": 0,
                  "Actual Startup Time": 61.057,
                  "Actual Total Time": 112.352,
                  "Actual Rows": 165549,
                  "Actual Loops": 7,
                  "Recheck Cond": "(person_id < 118220)",
                  "Rows Removed by Index Recheck": 0,
                  "Exact Heap Blocks": 3760,
                  "Lossy Heap Blocks": 0,
                  "Plans": [
                    {
                      "Node Type": "Bitmap Index Scan",
                      "Parent Relationship": "Outer",
                      "Parallel Aware": false,
                      "Index Name": "person_id_cast_info",
                      "Startup Cost": 0.0,
                      "Total Cost": 24472.28,
                      "Plan Rows": 1121029,
                      "Plan Width": 0,
                      "Actual Startup Time": 66.721,
                      "Actual Total Time": 66.725,
                      "Actual Rows": 1158846,
                      "Actual Loops": 1,
                      "Index Cond": "(person_id < 118220)"
                    }
                  ]
                }
              ]
            }
          ]
        }
      ]
    },
    "Planning Time": 0.167,
    "Triggers": [],
    "Execution Time": 140.214
  }
]