[
  {
    "Plan": {
      "Node Type": "Aggregate",
      "Strategy": "Plain",
      "Partial Mode": "Finalize",
      "Parallel Aware": false,
      "Startup Cost": 281840.8,
      "Total Cost": 281840.81,
      "Plan Rows": 1,
      "Plan Width": 8,
      "Actual Startup Time": 149.457,
      "Actual Total Time": 156.484,
      "Actual Rows": 1,
      "Actual Loops": 1,
      "Plans": [
        {
          "Node Type": "Gather",
          "Parent Relationship": "Outer",
          "Parallel Aware": false,
          "Startup Cost": 281840.17,
          "Total Cost": 281840.78,
          "Plan Rows": 6,
          "Plan Width": 8,
          "Actual Startup Time": 149.11,
          "Actual Total Time": 156.475,
          "Actual Rows": 7,
          "Actual Loops": 1,
          "Workers Planned": 6,
          "Workers Launched": 6,
          "Single Copy": false,
          "Plans": [
            {
              "Node Type": "Aggregate",
              "Strategy": "Plain",
              "Partial Mode": "Partial",
              "Parent Relationship": "Outer",
              "Parallel Aware": false,
              "Startup Cost": 280840.17,
              "Total Cost": 280840.18,
              "Plan Rows": 1,
              "Plan Width": 8,
              "Actual Startup Time": 140.373,
              "Actual Total Time": 140.374,
              "Actual Rows": 1,
              "Actual Loops": 7,
              "Plans": [
                {
                  "Node Type": "Bitmap Heap Scan",
                  "Parent Relationship": "Outer",
                  "Parallel Aware": true,
                  "Relation Name": "cast_info",
                  "Alias": "ci",
                  "Startup Cost": 25290.59,
                  "Total Cost": 280363.08,
                  "Plan Rows": 190839,
                  "Plan Width": 0,
                  "Actual Startup Time": 71.146,
                  "Actual Total Time": 126.9,
                  "Actual Rows": 165549,
                  "Actual Loops": 7,
                  "Recheck Cond": "(person_id < 118220)",
                  "Rows Removed by Index Recheck": 0,
                  "Exact Heap Blocks": 2809,
                  "Lossy Heap Blocks": 0,
                  "Plans": [
                    {
                      "Node Type": "Bitmap Index Scan",
                      "Parent Relationship": "Outer",
                      "Parallel Aware": false,
                      "Index Name": "person_id_cast_info",
                      "Startup Cost": 0.0,
                      "Total Cost": 25004.33,
                      "Plan Rows": 1145035,
                      "Plan Width": 0,
                      "Actual Startup Time": 75.941,
                      "Actual Total Time": 75.941,
                      "Actual Rows": 1158846,
                      "Actual Loops": 1,
                      "Index Cond": "(person_id < 118220)"
                    }
                  ]
                }
              ]
            }
          ]
        }
      ]
    },
    "Planning Time": 0.191,
    "Triggers": [],
    "Execution Time": 156.56
  }
]