[
    {
        "Bao": {
            "Bao prediction": "NaN",
            "Bao recommended hint": "(no hint)"
        }
    },
    {
        "Plan": {
            "Node Type": "Aggregate",
            "Strategy": "Plain",
            "Partial Mode": "Finalize",
            "Parallel Aware": false,
            "Startup Cost": 27845.18,
            "Total Cost": 27845.19,
            "Plan Rows": 1,
            "Plan Width": 8,
            "Actual Startup Time": 97.863,
            "Actual Total Time": 105.179,
            "Actual Rows": 1,
            "Actual Loops": 1,
            "Output": [
                "count(*)"
            ],
            "Plans": [
                {
                    "Node Type": "Gather",
                    "Parent Relationship": "Outer",
                    "Parallel Aware": false,
                    "Startup Cost": 27844.86,
                    "Total Cost": 27845.17,
                    "Plan Rows": 3,
                    "Plan Width": 8,
                    "Actual Startup Time": 97.384,
                    "Actual Total Time": 105.168,
                    "Actual Rows": 4,
                    "Actual Loops": 1,
                    "Output": [
                        "(PARTIAL count(*))"
                    ],
                    "Workers Planned": 3,
                    "Workers Launched": 3,
                    "Single Copy": false,
                    "Plans": [
                        {
                            "Node Type": "Aggregate",
                            "Strategy": "Plain",
                            "Partial Mode": "Partial",
                            "Parent Relationship": "Outer",
                            "Parallel Aware": false,
                            "Startup Cost": 26844.86,
                            "Total Cost": 26844.87,
                            "Plan Rows": 1,
                            "Plan Width": 8,
                            "Actual Startup Time": 87.997,
                            "Actual Total Time": 87.999,
                            "Actual Rows": 1,
                            "Actual Loops": 4,
                            "Output": [
                                "PARTIAL count(*)"
                            ],
                            "Workers": [
                                {
                                    "Worker Number": 0,
                                    "Actual Startup Time": 85.028,
                                    "Actual Total Time": 85.03,
                                    "Actual Rows": 1,
                                    "Actual Loops": 1
                                },
                                {
                                    "Worker Number": 1,
                                    "Actual Startup Time": 84.731,
                                    "Actual Total Time": 84.734,
                                    "Actual Rows": 1,
                                    "Actual Loops": 1
                                },
                                {
                                    "Worker Number": 2,
                                    "Actual Startup Time": 85.281,
                                    "Actual Total Time": 85.283,
                                    "Actual Rows": 1,
                                    "Actual Loops": 1
                                }
                            ],
                            "Plans": [
                                {
                                    "Node Type": "Bitmap Heap Scan",
                                    "Parent Relationship": "Outer",
                                    "Parallel Aware": true,
                                    "Relation Name": "movie_companies",
                                    "Schema": "public",
                                    "Alias": "mc",
                                    "Startup Cost": 6476.95,
                                    "Total Cost": 26721.29,
                                    "Plan Rows": 49431,
                                    "Plan Width": 0,
                                    "Actual Startup Time": 66.774,
                                    "Actual Total Time": 86.833,
                                    "Actual Rows": 17123,
                                    "Actual Loops": 4,
                                    "Recheck Cond": "(mc.company_id < 160)",
                                    "Rows Removed by Index Recheck": 0,
                                    "Filter": "(mc.company_type_id = 2)",
                                    "Rows Removed by Filter": 56096,
                                    "Exact Heap Blocks": 8020,
                                    "Lossy Heap Blocks": 0,
                                    "Workers": [
                                        {
                                            "Worker Number": 0,
                                            "Actual Startup Time": 63.809,
                                            "Actual Total Time": 83.97,
                                            "Actual Rows": 13436,
                                            "Actual Loops": 1
                                        },
                                        {
                                            "Worker Number": 1,
                                            "Actual Startup Time": 63.516,
                                            "Actual Total Time": 83.68,
                                            "Actual Rows": 13055,
                                            "Actual Loops": 1
                                        },
                                        {
                                            "Worker Number": 2,
                                            "Actual Startup Time": 64.061,
                                            "Actual Total Time": 84.393,
                                            "Actual Rows": 18651,
                                            "Actual Loops": 1
                                        }
                                    ],
                                    "Plans": [
                                        {
                                            "Node Type": "Bitmap Index Scan",
                                            "Parent Relationship": "Outer",
                                            "Parallel Aware": false,
                                            "Index Name": "company_id_movie_companies",
                                            "Startup Cost": 0.0,
                                            "Total Cost": 6438.65,
                                            "Plan Rows": 300562,
                                            "Plan Width": 0,
                                            "Actual Startup Time": 24.708,
                                            "Actual Total Time": 24.708,
                                            "Actual Rows": 292877,
                                            "Actual Loops": 1,
                                            "Index Cond": "(mc.company_id < 160)"
                                        }
                                    ]
                                }
                            ]
                        }
                    ]
                }
            ]
        },
        "Planning Time": 311.549,
        "Triggers": [],
        "Execution Time": 105.27
    }
]