[
    {
        "Bao": {
            "Bao prediction": "NaN",
            "Bao recommended hint": "(no hint)"
        }
    },
    {
        "Plan": {
            "Node Type": "Aggregate",
            "Strategy": "Plain",
            "Partial Mode": "Finalize",
            "Parallel Aware": false,
            "Startup Cost": 25006.64,
            "Total Cost": 25006.65,
            "Plan Rows": 1,
            "Plan Width": 8,
            "Actual Startup Time": 39.662,
            "Actual Total Time": 42.331,
            "Actual Rows": 1,
            "Actual Loops": 1,
            "Output": [
                "count(*)"
            ],
            "Plans": [
                {
                    "Node Type": "Gather",
                    "Parent Relationship": "Outer",
                    "Parallel Aware": false,
                    "Startup Cost": 25006.33,
                    "Total Cost": 25006.64,
                    "Plan Rows": 3,
                    "Plan Width": 8,
                    "Actual Startup Time": 39.523,
                    "Actual Total Time": 42.322,
                    "Actual Rows": 4,
                    "Actual Loops": 1,
                    "Output": [
                        "(PARTIAL count(*))"
                    ],
                    "Workers Planned": 3,
                    "Workers Launched": 3,
                    "Single Copy": false,
                    "Plans": [
                        {
                            "Node Type": "Aggregate",
                            "Strategy": "Plain",
                            "Partial Mode": "Partial",
                            "Parent Relationship": "Outer",
                            "Parallel Aware": false,
                            "Startup Cost": 24006.33,
                            "Total Cost": 24006.34,
                            "Plan Rows": 1,
                            "Plan Width": 8,
                            "Actual Startup Time": 31.249,
                            "Actual Total Time": 31.25,
                            "Actual Rows": 1,
                            "Actual Loops": 4,
                            "Output": [
                                "PARTIAL count(*)"
                            ],
                            "Workers": [
                                {
                                    "Worker Number": 0,
                                    "Actual Startup Time": 28.489,
                                    "Actual Total Time": 28.49,
                                    "Actual Rows": 1,
                                    "Actual Loops": 1
                                },
                                {
                                    "Worker Number": 1,
                                    "Actual Startup Time": 28.7,
                                    "Actual Total Time": 28.702,
                                    "Actual Rows": 1,
                                    "Actual Loops": 1
                                },
                                {
                                    "Worker Number": 2,
                                    "Actual Startup Time": 28.741,
                                    "Actual Total Time": 28.743,
                                    "Actual Rows": 1,
                                    "Actual Loops": 1
                                }
                            ],
                            "Plans": [
                                {
                                    "Node Type": "Bitmap Heap Scan",
                                    "Parent Relationship": "Outer",
                                    "Parallel Aware": true,
                                    "Relation Name": "movie_companies",
                                    "Schema": "public",
                                    "Alias": "mc",
                                    "Startup Cost": 4264.67,
                                    "Total Cost": 23847.72,
                                    "Plan Rows": 63444,
                                    "Plan Width": 0,
                                    "Actual Startup Time": 3.406,
                                    "Actual Total Time": 27.607,
                                    "Actual Rows": 49973,
                                    "Actual Loops": 4,
                                    "Recheck Cond": "(mc.company_id > 113455)",
                                    "Rows Removed by Index Recheck": 0,
                                    "Exact Heap Blocks": 2657,
                                    "Lossy Heap Blocks": 0,
                                    "Workers": [
                                        {
                                            "Worker Number": 0,
                                            "Actual Startup Time": 0.769,
                                            "Actual Total Time": 25.331,
                                            "Actual Rows": 26174,
                                            "Actual Loops": 1
                                        },
                                        {
                                            "Worker Number": 1,
                                            "Actual Startup Time": 0.879,
                                            "Actual Total Time": 25.484,
                                            "Actual Rows": 26668,
                                            "Actual Loops": 1
                                        },
                                        {
                                            "Worker Number": 2,
                                            "Actual Startup Time": 1.105,
                                            "Actual Total Time": 25.629,
                                            "Actual Rows": 25586,
                                            "Actual Loops": 1
                                        }
                                    ],
                                    "Plans": [
                                        {
                                            "Node Type": "Bitmap Index Scan",
                                            "Parent Relationship": "Outer",
                                            "Parallel Aware": false,
                                            "Index Name": "company_id_movie_companies",
                                            "Startup Cost": 0.0,
                                            "Total Cost": 4215.5,
                                            "Plan Rows": 196676,
                                            "Plan Width": 0,
                                            "Actual Startup Time": 10.227,
                                            "Actual Total Time": 10.227,
                                            "Actual Rows": 199891,
                                            "Actual Loops": 1,
                                            "Index Cond": "(mc.company_id > 113455)"
                                        }
                                    ]
                                }
                            ]
                        }
                    ]
                }
            ]
        },
        "Planning Time": 187.175,
        "Triggers": [],
        "Execution Time": 42.438
    }
]