{
    "Plan": {
        "Node Type": "Aggregate",
        "Strategy": "Plain",
        "Partial Mode": "Finalize",
        "Parallel Aware": false,
        "Startup Cost": 93437.75,
        "Total Cost": 93437.76,
        "Plan Rows": 1,
        "Plan Width": 8,
        "Actual Startup Time": 335.106,
        "Actual Total Time": 359.689,
        "Actual Rows": 1,
        "Actual Loops": 1,
        "Output": [
            "count(*)"
        ],
        "Plans": [
            {
                "Node Type": "Gather",
                "Parent Relationship": "Outer",
                "Parallel Aware": false,
                "Startup Cost": 93437.43,
                "Total Cost": 93437.74,
                "Plan Rows": 3,
                "Plan Width": 8,
                "Actual Startup Time": 334.286,
                "Actual Total Time": 359.662,
                "Actual Rows": 4,
                "Actual Loops": 1,
                "Output": [
                    "(PARTIAL count(*))"
                ],
                "Workers Planned": 3,
                "Workers Launched": 3,
                "Single Copy": false,
                "Plans": [
                    {
                        "Node Type": "Aggregate",
                        "Strategy": "Plain",
                        "Partial Mode": "Partial",
                        "Parent Relationship": "Outer",
                        "Parallel Aware": false,
                        "Startup Cost": 92437.43,
                        "Total Cost": 92437.44,
                        "Plan Rows": 1,
                        "Plan Width": 8,
                        "Actual Startup Time": 324.977,
                        "Actual Total Time": 324.98,
                        "Actual Rows": 1,
                        "Actual Loops": 4,
                        "Output": [
                            "PARTIAL count(*)"
                        ],
                        "Workers": [
                            {
                                "Worker Number": 0,
                                "Actual Startup Time": 321.48,
                                "Actual Total Time": 321.483,
                                "Actual Rows": 1,
                                "Actual Loops": 1
                            },
                            {
                                "Worker Number": 1,
                                "Actual Startup Time": 322.399,
                                "Actual Total Time": 322.402,
                                "Actual Rows": 1,
                                "Actual Loops": 1
                            },
                            {
                                "Worker Number": 2,
                                "Actual Startup Time": 322.421,
                                "Actual Total Time": 322.423,
                                "Actual Rows": 1,
                                "Actual Loops": 1
                            }
                        ],
                        "Plans": [
                            {
                                "Node Type": "Hash Join",
                                "Parent Relationship": "Outer",
                                "Parallel Aware": true,
                                "Join Type": "Inner",
                                "Startup Cost": 46480.73,
                                "Total Cost": 92086.15,
                                "Plan Rows": 140510,
                                "Plan Width": 0,
                                "Actual Startup Time": 124.218,
                                "Actual Total Time": 323.975,
                                "Actual Rows": 21880,
                                "Actual Loops": 4,
                                "Inner Unique": true,
                                "Hash Cond": "(mk.movie_id = t.id)",
                                "Workers": [
                                    {
                                        "Worker Number": 0,
                                        "Actual Startup Time": 121.021,
                                        "Actual Total Time": 320.486,
                                        "Actual Rows": 14843,
                                        "Actual Loops": 1
                                    },
                                    {
                                        "Worker Number": 1,
                                        "Actual Startup Time": 121.585,
                                        "Actual Total Time": 321.387,
                                        "Actual Rows": 24537,
                                        "Actual Loops": 1
                                    },
                                    {
                                        "Worker Number": 2,
                                        "Actual Startup Time": 121.533,
                                        "Actual Total Time": 321.514,
                                        "Actual Rows": 22702,
                                        "Actual Loops": 1
                                    }
                                ],
                                "Plans": [
                                    {
                                        "Node Type": "Seq Scan",
                                        "Parent Relationship": "Outer",
                                        "Parallel Aware": true,
                                        "Relation Name": "movie_keyword",
                                        "Schema": "public",
                                        "Alias": "mk",
                                        "Startup Cost": 0.0,
                                        "Total Cost": 42695.65,
                                        "Plan Rows": 1108483,
                                        "Plan Width": 4,
                                        "Actual Startup Time": 0.063,
                                        "Actual Total Time": 130.532,
                                        "Actual Rows": 857361,
                                        "Actual Loops": 4,
                                        "Output": [
                                            "mk.id",
                                            "mk.movie_id",
                                            "mk.keyword_id"
                                        ],
                                        "Filter": "(mk.keyword_id > 1117)",
                                        "Rows Removed by Filter": 273622,
                                        "Workers": [
                                            {
                                                "Worker Number": 0,
                                                "Actual Startup Time": 0.028,
                                                "Actual Total Time": 134.694,
                                                "Actual Rows": 588463,
                                                "Actual Loops": 1
                                            },
                                            {
                                                "Worker Number": 1,
                                                "Actual Startup Time": 0.023,
                                                "Actual Total Time": 132.274,
                                                "Actual Rows": 899102,
                                                "Actual Loops": 1
                                            },
                                            {
                                                "Worker Number": 2,
                                                "Actual Startup Time": 0.106,
                                                "Actual Total Time": 132.33,
                                                "Actual Rows": 900990,
                                                "Actual Loops": 1
                                            }
                                        ]
                                    },
                                    {
                                        "Node Type": "Hash",
                                        "Parent Relationship": "Inner",
                                        "Parallel Aware": true,
                                        "Startup Cost": 45479.21,
                                        "Total Cost": 45479.21,
                                        "Plan Rows": 80122,
                                        "Plan Width": 4,
                                        "Actual Startup Time": 120.351,
                                        "Actual Total Time": 120.352,
                                        "Actual Rows": 52451,
                                        "Actual Loops": 4,
                                        "Output": [
                                            "t.id"
                                        ],
                                        "Hash Buckets": 524288,
                                        "Original Hash Buckets": 524288,
                                        "Hash Batches": 1,
                                        "Original Hash Batches": 1,
                                        "Peak Memory Usage": 12384,
                                        "Workers": [
                                            {
                                                "Worker Number": 0,
                                                "Actual Startup Time": 119.375,
                                                "Actual Total Time": 119.376,
                                                "Actual Rows": 36110,
                                                "Actual Loops": 1
                                            },
                                            {
                                                "Worker Number": 1,
                                                "Actual Startup Time": 120.504,
                                                "Actual Total Time": 120.505,
                                                "Actual Rows": 52408,
                                                "Actual Loops": 1
                                            },
                                            {
                                                "Worker Number": 2,
                                                "Actual Startup Time": 120.5,
                                                "Actual Total Time": 120.501,
                                                "Actual Rows": 50399,
                                                "Actual Loops": 1
                                            }
                                        ],
                                        "Plans": [
                                            {
                                                "Node Type": "Seq Scan",
                                                "Parent Relationship": "Outer",
                                                "Parallel Aware": true,
                                                "Relation Name": "title",
                                                "Schema": "public",
                                                "Alias": "t",
                                                "Startup Cost": 0.0,
                                                "Total Cost": 45479.21,
                                                "Plan Rows": 80122,
                                                "Plan Width": 4,
                                                "Actual Startup Time": 0.055,
                                                "Actual Total Time": 100.021,
                                                "Actual Rows": 52451,
                                                "Actual Loops": 4,
                                                "Output": [
                                                    "t.id"
                                                ],
                                                "Filter": "((t.production_year < 1981) AND (t.kind_id = 7))",
                                                "Rows Removed by Filter": 579627,
                                                "Workers": [
                                                    {
                                                        "Worker Number": 0,
                                                        "Actual Startup Time": 0.077,
                                                        "Actual Total Time": 101.236,
                                                        "Actual Rows": 36110,
                                                        "Actual Loops": 1
                                                    },
                                                    {
                                                        "Worker Number": 1,
                                                        "Actual Startup Time": 0.061,
                                                        "Actual Total Time": 99.203,
                                                        "Actual Rows": 52408,
                                                        "Actual Loops": 1
                                                    },
                                                    {
                                                        "Worker Number": 2,
                                                        "Actual Startup Time": 0.063,
                                                        "Actual Total Time": 100.025,
                                                        "Actual Rows": 50399,
                                                        "Actual Loops": 1
                                                    }
                                                ]
                                            }
                                        ]
                                    }
                                ]
                            }
                        ]
                    }
                ]
            }
        ]
    },
    "Planning Time": 0.721,
    "Triggers": [],
    "Execution Time": 359.77
}