[
  {
    "Plan": {
      "Node Type": "Aggregate",
      "Strategy": "Plain",
      "Partial Mode": "Finalize",
      "Parallel Aware": false,
      "Startup Cost": 93331.87,
      "Total Cost": 93331.88,
      "Plan Rows": 1,
      "Plan Width": 8,
      "Actual Startup Time": 662.807,
      "Actual Total Time": 684.022,
      "Actual Rows": 1,
      "Actual Loops": 1,
      "Plans": [
        {
          "Node Type": "Gather",
          "Parent Relationship": "Outer",
          "Parallel Aware": false,
          "Startup Cost": 93331.65,
          "Total Cost": 93331.86,
          "Plan Rows": 2,
          "Plan Width": 8,
          "Actual Startup Time": 653.956,
          "Actual Total Time": 684.013,
          "Actual Rows": 3,
          "Actual Loops": 1,
          "Workers Planned": 2,
          "Workers Launched": 2,
          "Single Copy": false,
          "Plans": [
            {
              "Node Type": "Aggregate",
              "Strategy": "Plain",
              "Partial Mode": "Partial",
              "Parent Relationship": "Outer",
              "Parallel Aware": false,
              "Startup Cost": 92331.65,
              "Total Cost": 92331.66,
              "Plan Rows": 1,
              "Plan Width": 8,
              "Actual Startup Time": 650.428,
              "Actual Total Time": 650.437,
              "Actual Rows": 1,
              "Actual Loops": 3,
              "Plans": [
                {
                  "Node Type": "Hash Join",
                  "Parent Relationship": "Outer",
                  "Parallel Aware": true,
                  "Join Type": "Inner",
                  "Startup Cost": 75591.95,
                  "Total Cost": 92250.46,
                  "Plan Rows": 32477,
                  "Plan Width": 0,
                  "Actual Startup Time": 591.617,
                  "Actual Total Time": 647.156,
                  "Actual Rows": 68729,
                  "Actual Loops": 3,
                  "Inner Unique": false,
                  "Hash Cond": "(mi_idx.movie_id = t.id)",
                  "Plans": [
                    {
                      "Node Type": "Seq Scan",
                      "Parent Relationship": "Outer",
                      "Parallel Aware": true,
                      "Relation Name": "movie_info_idx",
                      "Alias": "mi_idx",
                      "Startup Cost": 0.0,
                      "Total Cost": 15122.68,
                      "Plan Rows": 381618,
                      "Plan Width": 4,
                      "Actual Startup Time": 0.022,
                      "Actual Total Time": 49.866,
                      "Actual Rows": 306617,
                      "Actual Loops": 3,
                      "Filter": "(info_type_id < 101)",
                      "Rows Removed by Filter": 153395
                    },
                    {
                      "Node Type": "Hash",
                      "Parent Relationship": "Inner",
                      "Parallel Aware": true,
                      "Startup Cost": 74724.3,
                      "Total Cost": 74724.3,
                      "Plan Rows": 69412,
                      "Plan Width": 8,
                      "Actual Startup Time": 550.168,
                      "Actual Total Time": 550.175,
                      "Actual Rows": 70671,
                      "Actual Loops": 3,
                      "Hash Buckets": 262144,
                      "Original Hash Buckets": 262144,
                      "Hash Batches": 1,
                      "Original Hash Batches": 1,
                      "Peak Memory Usage": 10400,
                      "Plans": [
                        {
                          "Node Type": "Hash Join",
                          "Parent Relationship": "Outer",
                          "Parallel Aware": true,
                          "Join Type": "Inner",
                          "Startup Cost": 54884.44,
                          "Total Cost": 74724.3,
                          "Plan Rows": 69412,
                          "Plan Width": 8,
                          "Actual Startup Time": 472.393,
                          "Actual Total Time": 524.12,
                          "Actual Rows": 70671,
                          "Actual Loops": 3,
                          "Inner Unique": true,
                          "Hash Cond": "(mc.movie_id = t.id)",
                          "Plans": [
                            {
                              "Node Type": "Bitmap Heap Scan",
                              "Parent Relationship": "Outer",
                              "Parallel Aware": true,
                              "Relation Name": "movie_companies",
                              "Alias": "mc",
                              "Startup Cost": 4664.06,
                              "Total Cost": 24321.71,
                              "Plan Rows": 69412,
                              "Plan Width": 4,
                              "Actual Startup Time": 15.144,
                              "Actual Total Time": 32.471,
                              "Actual Rows": 70671,
                              "Actual Loops": 3,
                              "Recheck Cond": "(company_id > 109989)",
                              "Rows Removed by Index Recheck": 0,
                              "Exact Heap Blocks": 1720,
                              "Lossy Heap Blocks": 0,
                              "Plans": [
                                {
                                  "Node Type": "Bitmap Index Scan",
                                  "Parent Relationship": "Outer",
                                  "Parallel Aware": false,
                                  "Index Name": "company_id_movie_companies",
                                  "Startup Cost": 0.0,
                                  "Total Cost": 4610.27,
                                  "Plan Rows": 215178,
                                  "Plan Width": 0,
                                  "Actual Startup Time": 14.005,
                                  "Actual Total Time": 14.005,
                                  "Actual Rows": 212012,
                                  "Actual Loops": 1,
                                  "Index Cond": "(company_id > 109989)"
                                }
                              ]
                            },
                            {
                              "Node Type": "Hash",
                              "Parent Relationship": "Inner",
                              "Parallel Aware": true,
                              "Startup Cost": 42319.06,
                              "Total Cost": 42319.06,
                              "Plan Rows": 632106,
                              "Plan Width": 4,
                              "Actual Startup Time": 445.281,
                              "Actual Total Time": 445.284,
                              "Actual Rows": 842771,
                              "Actual Loops": 3,
                              "Hash Buckets": 4194304,
                              "Original Hash Buckets": 4194304,
                              "Hash Batches": 1,
                              "Original Hash Batches": 1,
                              "Peak Memory Usage": 131744,
                              "Plans": [
                                {
                                  "Node Type": "Seq Scan",
                                  "Parent Relationship": "Outer",
                                  "Parallel Aware": true,
                                  "Relation Name": "title",
                                  "Alias": "t",
                                  "Startup Cost": 0.0,
                                  "Total Cost": 42319.06,
                                  "Plan Rows": 632106,
                                  "Plan Width": 4,
                                  "Actual Startup Time": 0.042,
                                  "Actual Total Time": 127.372,
                                  "Actual Rows": 842771,
                                  "Actual Loops": 3
                                }
                              ]
                            }
                          ]
                        }
                      ]
                    }
                  ]
                }
              ]
            }
          ]
        }
      ]
    },
    "Planning Time": 0.918,
    "Triggers": [],
    "Execution Time": 684.094
  }
]