[
  {
    "Plan": {
      "Node Type": "Aggregate",
      "Strategy": "Plain",
      "Partial Mode": "Finalize",
      "Parallel Aware": false,
      "Startup Cost": 399740.47,
      "Total Cost": 399740.48,
      "Plan Rows": 1,
      "Plan Width": 8,
      "Actual Startup Time": 1504.592,
      "Actual Total Time": 1563.912,
      "Actual Rows": 1,
      "Actual Loops": 1,
      "Plans": [
        {
          "Node Type": "Gather",
          "Parent Relationship": "Outer",
          "Parallel Aware": false,
          "Startup Cost": 399739.84,
          "Total Cost": 399740.45,
          "Plan Rows": 6,
          "Plan Width": 8,
          "Actual Startup Time": 1500.508,
          "Actual Total Time": 1563.901,
          "Actual Rows": 7,
          "Actual Loops": 1,
          "Workers Planned": 6,
          "Workers Launched": 6,
          "Single Copy": false,
          "Plans": [
            {
              "Node Type": "Aggregate",
              "Strategy": "Plain",
              "Partial Mode": "Partial",
              "Parent Relationship": "Outer",
              "Parallel Aware": false,
              "Startup Cost": 398739.84,
              "Total Cost": 398739.85,
              "Plan Rows": 1,
              "Plan Width": 8,
              "Actual Startup Time": 1491.167,
              "Actual Total Time": 1491.17,
              "Actual Rows": 1,
              "Actual Loops": 7,
              "Plans": [
                {
                  "Node Type": "Hash Join",
                  "Parent Relationship": "Outer",
                  "Parallel Aware": true,
                  "Join Type": "Inner",
                  "Startup Cost": 46711.66,
                  "Total Cost": 397613.35,
                  "Plan Rows": 450597,
                  "Plan Width": 0,
                  "Actual Startup Time": 343.671,
                  "Actual Total Time": 1465.639,
                  "Actual Rows": 463672,
                  "Actual Loops": 7,
                  "Inner Unique": true,
                  "Hash Cond": "(ci.movie_id = t.id)",
                  "Plans": [
                    {
                      "Node Type": "Seq Scan",
                      "Parent Relationship": "Outer",
                      "Parallel Aware": true,
                      "Relation Name": "cast_info",
                      "Alias": "ci",
                      "Startup Cost": 0.0,
                      "Total Cost": 343316.27,
                      "Plan Rows": 2889680,
                      "Plan Width": 4,
                      "Actual Startup Time": 233.439,
                      "Actual Total Time": 783.313,
                      "Actual Rows": 2980967,
                      "Actual Loops": 7,
                      "Filter": "((person_id > 947663) AND (role_id > 1))",
                      "Rows Removed by Filter": 2196796
                    },
                    {
                      "Node Type": "Hash",
                      "Parent Relationship": "Inner",
                      "Parallel Aware": true,
                      "Startup Cost": 45479.59,
                      "Total Cost": 45479.59,
                      "Plan Rows": 98566,
                      "Plan Width": 4,
                      "Actual Startup Time": 107.51,
                      "Actual Total Time": 107.511,
                      "Actual Rows": 47999,
                      "Actual Loops": 7,
                      "Hash Buckets": 524288,
                      "Original Hash Buckets": 524288,
                      "Hash Batches": 1,
                      "Original Hash Batches": 1,
                      "Peak Memory Usage": 17376,
                      "Plans": [
                        {
                          "Node Type": "Seq Scan",
                          "Parent Relationship": "Outer",
                          "Parallel Aware": true,
                          "Relation Name": "title",
                          "Alias": "t",
                          "Startup Cost": 0.0,
                          "Total Cost": 45479.59,
                          "Plan Rows": 98566,
                          "Plan Width": 4,
                          "Actual Startup Time": 0.065,
                          "Actual Total Time": 82.467,
                          "Actual Rows": 47999,
                          "Actual Loops": 7,
                          "Filter": "((kind_id < 7) AND (production_year > 2005))",
                          "Rows Removed by Filter": 313188
                        }
                      ]
                    }
                  ]
                }
              ]
            }
          ]
        }
      ]
    },
    "Planning Time": 0.528,
    "Triggers": [],
    "Execution Time": 1563.992
  }
]