[
  {
    "Plan": {
      "Node Type": "Aggregate",
      "Strategy": "Plain",
      "Partial Mode": "Finalize",
      "Parallel Aware": false,
      "Startup Cost": 265999.27,
      "Total Cost": 265999.28,
      "Plan Rows": 1,
      "Plan Width": 8,
      "Actual Startup Time": 1012.212,
      "Actual Total Time": 1038.047,
      "Actual Rows": 1,
      "Actual Loops": 1,
      "Plans": [
        {
          "Node Type": "Gather",
          "Parent Relationship": "Outer",
          "Parallel Aware": false,
          "Startup Cost": 265998.95,
          "Total Cost": 265999.26,
          "Plan Rows": 3,
          "Plan Width": 8,
          "Actual Startup Time": 1007.497,
          "Actual Total Time": 1038.035,
          "Actual Rows": 4,
          "Actual Loops": 1,
          "Workers Planned": 3,
          "Workers Launched": 3,
          "Single Copy": false,
          "Plans": [
            {
              "Node Type": "Aggregate",
              "Strategy": "Plain",
              "Partial Mode": "Partial",
              "Parent Relationship": "Outer",
              "Parallel Aware": false,
              "Startup Cost": 264998.95,
              "Total Cost": 264998.96,
              "Plan Rows": 1,
              "Plan Width": 8,
              "Actual Startup Time": 998.135,
              "Actual Total Time": 998.344,
              "Actual Rows": 1,
              "Actual Loops": 4,
              "Plans": [
                {
                  "Node Type": "Hash Join",
                  "Parent Relationship": "Outer",
                  "Parallel Aware": true,
                  "Join Type": "Inner",
                  "Startup Cost": 234163.88,
                  "Total Cost": 264736.55,
                  "Plan Rows": 104962,
                  "Plan Width": 0,
                  "Actual Startup Time": 502.334,
                  "Actual Total Time": 865.922,
                  "Actual Rows": 3029534,
                  "Actual Loops": 4,
                  "Inner Unique": false,
                  "Hash Cond": "(mc.movie_id = t.id)",
                  "Plans": [
                    {
                      "Node Type": "Seq Scan",
                      "Parent Relationship": "Outer",
                      "Parallel Aware": true,
                      "Relation Name": "movie_companies",
                      "Alias": "mc",
                      "Startup Cost": 0.0,
                      "Total Cost": 27206.55,
                      "Plan Rows": 841655,
                      "Plan Width": 4,
                      "Actual Startup Time": 0.02,
                      "Actual Total Time": 60.268,
                      "Actual Rows": 652282,
                      "Actual Loops": 4
                    },
                    {
                      "Node Type": "Hash",
                      "Parent Relationship": "Inner",
                      "Parallel Aware": true,
                      "Startup Cost": 233375.63,
                      "Total Cost": 233375.63,
                      "Plan Rows": 63060,
                      "Plan Width": 8,
                      "Actual Startup Time": 468.785,
                      "Actual Total Time": 468.993,
                      "Actual Rows": 223521,
                      "Actual Loops": 4,
                      "Hash Buckets": 1048576,
                      "Original Hash Buckets": 524288,
                      "Hash Batches": 1,
                      "Original Hash Batches": 1,
                      "Peak Memory Usage": 47360,
                      "Plans": [
                        {
                          "Node Type": "Hash Join",
                          "Parent Relationship": "Outer",
                          "Parallel Aware": true,
                          "Join Type": "Inner",
                          "Startup Cost": 67746.84,
                          "Total Cost": 233375.63,
                          "Plan Rows": 63060,
                          "Plan Width": 8,
                          "Actual Startup Time": 218.222,
                          "Actual Total Time": 394.74,
                          "Actual Rows": 223521,
                          "Actual Loops": 4,
                          "Inner Unique": true,
                          "Hash Cond": "(mi.movie_id = t.id)",
                          "Plans": [
                            {
                              "Node Type": "Bitmap Heap Scan",
                              "Parent Relationship": "Outer",
                              "Parallel Aware": true,
                              "Relation Name": "movie_info",
                              "Alias": "mi",
                              "Startup Cost": 21775.25,
                              "Total Cost": 186773.03,
                              "Plan Rows": 240382,
                              "Plan Width": 4,
                              "Actual Startup Time": 47.684,
                              "Actual Total Time": 130.123,
                              "Actual Rows": 289976,
                              "Actual Loops": 4,
                              "Recheck Cond": "(info_type_id > 47)",
                              "Rows Removed by Index Recheck": 0,
                              "Exact Heap Blocks": 10924,
                              "Lossy Heap Blocks": 0,
                              "Plans": [
                                {
                                  "Node Type": "Bitmap Index Scan",
                                  "Parent Relationship": "Outer",
                                  "Parallel Aware": false,
                                  "Index Name": "info_type_id_movie_info",
                                  "Startup Cost": 0.0,
                                  "Total Cost": 21474.78,
                                  "Plan Rows": 1201912,
                                  "Plan Width": 0,
                                  "Actual Startup Time": 41.962,
                                  "Actual Total Time": 41.962,
                                  "Actual Rows": 1159902,
                                  "Actual Loops": 1,
                                  "Index Cond": "(info_type_id > 47)"
                                }
                              ]
                            },
                            {
                              "Node Type": "Hash",
                              "Parent Relationship": "Inner",
                              "Parallel Aware": true,
                              "Startup Cost": 43898.92,
                              "Total Cost": 43898.92,
                              "Plan Rows": 165814,
                              "Plan Width": 4,
                              "Actual Startup Time": 167.081,
                              "Actual Total Time": 167.082,
                              "Actual Rows": 165706,
                              "Actual Loops": 4,
                              "Hash Buckets": 1048576,
                              "Original Hash Buckets": 1048576,
                              "Hash Batches": 1,
                              "Original Hash Batches": 1,
                              "Peak Memory Usage": 34176,
                              "Plans": [
                                {
                                  "Node Type": "Seq Scan",
                                  "Parent Relationship": "Outer",
                                  "Parallel Aware": true,
                                  "Relation Name": "title",
                                  "Alias": "t",
                                  "Startup Cost": 0.0,
                                  "Total Cost": 43898.92,
                                  "Plan Rows": 165814,
                                  "Plan Width": 4,
                                  "Actual Startup Time": 47.262,
                                  "Actual Total Time": 104.648,
                                  "Actual Rows": 165706,
                                  "Actual Loops": 4,
                                  "Filter": "(kind_id = 1)",
                                  "Rows Removed by Filter": 466372
                                }
                              ]
                            }
                          ]
                        }
                      ]
                    }
                  ]
                }
              ]
            }
          ]
        }
      ]
    },
    "Planning Time": 1.349,
    "Triggers": [],
    "Execution Time": 1038.15
  }
]