[
  {
    "Plan": {
      "Node Type": "Aggregate",
      "Strategy": "Plain",
      "Partial Mode": "Finalize",
      "Parallel Aware": false,
      "Startup Cost": 394704.16,
      "Total Cost": 394704.17,
      "Plan Rows": 1,
      "Plan Width": 8,
      "Actual Startup Time": 2151.821,
      "Actual Total Time": 2211.021,
      "Actual Rows": 1,
      "Actual Loops": 1,
      "Plans": [
        {
          "Node Type": "Gather",
          "Parent Relationship": "Outer",
          "Parallel Aware": false,
          "Startup Cost": 394703.54,
          "Total Cost": 394704.15,
          "Plan Rows": 6,
          "Plan Width": 8,
          "Actual Startup Time": 2145.706,
          "Actual Total Time": 2210.982,
          "Actual Rows": 7,
          "Actual Loops": 1,
          "Workers Planned": 6,
          "Workers Launched": 6,
          "Single Copy": false,
          "Plans": [
            {
              "Node Type": "Aggregate",
              "Strategy": "Plain",
              "Partial Mode": "Partial",
              "Parent Relationship": "Outer",
              "Parallel Aware": false,
              "Startup Cost": 393703.54,
              "Total Cost": 393703.55,
              "Plan Rows": 1,
              "Plan Width": 8,
              "Actual Startup Time": 2136.378,
              "Actual Total Time": 2136.381,
              "Actual Rows": 1,
              "Actual Loops": 7,
              "Plans": [
                {
                  "Node Type": "Hash Join",
                  "Parent Relationship": "Outer",
                  "Parallel Aware": true,
                  "Join Type": "Inner",
                  "Startup Cost": 49810.41,
                  "Total Cost": 388325.09,
                  "Plan Rows": 2151380,
                  "Plan Width": 0,
                  "Actual Startup Time": 379.126,
                  "Actual Total Time": 2040.051,
                  "Actual Rows": 2118734,
                  "Actual Loops": 7,
                  "Inner Unique": true,
                  "Hash Cond": "(ci.movie_id = t.id)",
                  "Plans": [
                    {
                      "Node Type": "Seq Scan",
                      "Parent Relationship": "Outer",
                      "Parallel Aware": true,
                      "Relation Name": "cast_info",
                      "Alias": "ci",
                      "Startup Cost": 0.0,
                      "Total Cost": 328211.39,
                      "Plan Rows": 3925053,
                      "Plan Width": 4,
                      "Actual Startup Time": 196.585,
                      "Actual Total Time": 688.036,
                      "Actual Rows": 3367665,
                      "Actual Loops": 7,
                      "Filter": "(role_id > 1)",
                      "Rows Removed by Filter": 1810098
                    },
                    {
                      "Node Type": "Hash",
                      "Parent Relationship": "Inner",
                      "Parallel Aware": true,
                      "Startup Cost": 45479.59,
                      "Total Cost": 45479.59,
                      "Plan Rows": 346466,
                      "Plan Width": 4,
                      "Actual Startup Time": 179.415,
                      "Actual Total Time": 179.416,
                      "Actual Rows": 213451,
                      "Actual Loops": 7,
                      "Hash Buckets": 2097152,
                      "Original Hash Buckets": 2097152,
                      "Hash Batches": 1,
                      "Original Hash Batches": 1,
                      "Peak Memory Usage": 74976,
                      "Plans": [
                        {
                          "Node Type": "Seq Scan",
                          "Parent Relationship": "Outer",
                          "Parallel Aware": true,
                          "Relation Name": "title",
                          "Alias": "t",
                          "Startup Cost": 0.0,
                          "Total Cost": 45479.59,
                          "Plan Rows": 346466,
                          "Plan Width": 4,
                          "Actual Startup Time": 0.041,
                          "Actual Total Time": 80.65,
                          "Actual Rows": 213451,
                          "Actual Loops": 7,
                          "Filter": "((kind_id > 2) AND (production_year > 1978))",
                          "Rows Removed by Filter": 147736
                        }
                      ]
                    }
                  ]
                }
              ]
            }
          ]
        }
      ]
    },
    "Planning Time": 0.26,
    "Triggers": [],
    "Execution Time": 2211.075
  }
]