[
  {
    "Plan": {
      "Node Type": "Aggregate",
      "Strategy": "Plain",
      "Partial Mode": "Finalize",
      "Parallel Aware": false,
      "Startup Cost": 412729.73,
      "Total Cost": 412729.74,
      "Plan Rows": 1,
      "Plan Width": 8,
      "Actual Startup Time": 2906.316,
      "Actual Total Time": 2956.153,
      "Actual Rows": 1,
      "Actual Loops": 1,
      "Plans": [
        {
          "Node Type": "Gather",
          "Parent Relationship": "Outer",
          "Parallel Aware": false,
          "Startup Cost": 412729.1,
          "Total Cost": 412729.71,
          "Plan Rows": 6,
          "Plan Width": 8,
          "Actual Startup Time": 2896.303,
          "Actual Total Time": 2956.143,
          "Actual Rows": 7,
          "Actual Loops": 1,
          "Workers Planned": 6,
          "Workers Launched": 6,
          "Single Copy": false,
          "Plans": [
            {
              "Node Type": "Aggregate",
              "Strategy": "Plain",
              "Partial Mode": "Partial",
              "Parent Relationship": "Outer",
              "Parallel Aware": false,
              "Startup Cost": 411729.1,
              "Total Cost": 411729.11,
              "Plan Rows": 1,
              "Plan Width": 8,
              "Actual Startup Time": 2871.339,
              "Actual Total Time": 2871.344,
              "Actual Rows": 1,
              "Actual Loops": 7,
              "Plans": [
                {
                  "Node Type": "Hash Join",
                  "Parent Relationship": "Outer",
                  "Parallel Aware": true,
                  "Join Type": "Inner",
                  "Startup Cost": 50220.38,
                  "Total Cost": 402854.74,
                  "Plan Rows": 3549744,
                  "Plan Width": 0,
                  "Actual Startup Time": 566.756,
                  "Actual Total Time": 2700.368,
                  "Actual Rows": 3223598,
                  "Actual Loops": 7,
                  "Inner Unique": true,
                  "Hash Cond": "(ci.movie_id = t.id)",
                  "Plans": [
                    {
                      "Node Type": "Seq Scan",
                      "Parent Relationship": "Outer",
                      "Parallel Aware": true,
                      "Relation Name": "cast_info",
                      "Alias": "ci",
                      "Startup Cost": 0.0,
                      "Total Cost": 343316.27,
                      "Plan Rows": 3549744,
                      "Plan Width": 4,
                      "Actual Startup Time": 263.605,
                      "Actual Total Time": 846.568,
                      "Actual Rows": 3223598,
                      "Actual Loops": 7,
                      "Filter": "((person_id > 344501) AND (role_id > 1))",
                      "Rows Removed by Filter": 1954165
                    },
                    {
                      "Node Type": "Hash",
                      "Parent Relationship": "Inner",
                      "Parallel Aware": true,
                      "Startup Cost": 42319.06,
                      "Total Cost": 42319.06,
                      "Plan Rows": 632106,
                      "Plan Width": 4,
                      "Actual Startup Time": 295.72,
                      "Actual Total Time": 295.721,
                      "Actual Rows": 361187,
                      "Actual Loops": 7,
                      "Hash Buckets": 4194304,
                      "Original Hash Buckets": 4194304,
                      "Hash Batches": 1,
                      "Original Hash Batches": 1,
                      "Peak Memory Usage": 131808,
                      "Plans": [
                        {
                          "Node Type": "Seq Scan",
                          "Parent Relationship": "Outer",
                          "Parallel Aware": true,
                          "Relation Name": "title",
                          "Alias": "t",
                          "Startup Cost": 0.0,
                          "Total Cost": 42319.06,
                          "Plan Rows": 632106,
                          "Plan Width": 4,
                          "Actual Startup Time": 0.05,
                          "Actual Total Time": 88.363,
                          "Actual Rows": 361187,
                          "Actual Loops": 7
                        }
                      ]
                    }
                  ]
                }
              ]
            }
          ]
        }
      ]
    },
    "Planning Time": 0.542,
    "Triggers": [],
    "Execution Time": 2956.227
  }
]