[
  {
    "Plan": {
      "Node Type": "Aggregate",
      "Strategy": "Plain",
      "Partial Mode": "Finalize",
      "Parallel Aware": false,
      "Startup Cost": 84549.08,
      "Total Cost": 84549.09,
      "Plan Rows": 1,
      "Plan Width": 8,
      "Actual Startup Time": 260.966,
      "Actual Total Time": 273.382,
      "Actual Rows": 1,
      "Actual Loops": 1,
      "Plans": [
        {
          "Node Type": "Gather",
          "Parent Relationship": "Outer",
          "Parallel Aware": false,
          "Startup Cost": 84548.77,
          "Total Cost": 84549.08,
          "Plan Rows": 3,
          "Plan Width": 8,
          "Actual Startup Time": 260.441,
          "Actual Total Time": 273.372,
          "Actual Rows": 4,
          "Actual Loops": 1,
          "Workers Planned": 3,
          "Workers Launched": 3,
          "Single Copy": false,
          "Plans": [
            {
              "Node Type": "Aggregate",
              "Strategy": "Plain",
              "Partial Mode": "Partial",
              "Parent Relationship": "Outer",
              "Parallel Aware": false,
              "Startup Cost": 83548.77,
              "Total Cost": 83548.78,
              "Plan Rows": 1,
              "Plan Width": 8,
              "Actual Startup Time": 254.878,
              "Actual Total Time": 254.885,
              "Actual Rows": 1,
              "Actual Loops": 4,
              "Plans": [
                {
                  "Node Type": "Hash Join",
                  "Parent Relationship": "Outer",
                  "Parallel Aware": true,
                  "Join Type": "Inner",
                  "Startup Cost": 38222.54,
                  "Total Cost": 83499.62,
                  "Plan Rows": 19658,
                  "Plan Width": 0,
                  "Actual Startup Time": 57.991,
                  "Actual Total Time": 253.572,
                  "Actual Rows": 24686,
                  "Actual Loops": 4,
                  "Inner Unique": true,
                  "Hash Cond": "(mk.movie_id = t.id)",
                  "Plans": [
                    {
                      "Node Type": "Seq Scan",
                      "Parent Relationship": "Outer",
                      "Parallel Aware": true,
                      "Relation Name": "movie_keyword",
                      "Alias": "mk",
                      "Startup Cost": 0.0,
                      "Total Cost": 42695.65,
                      "Plan Rows": 983400,
                      "Plan Width": 4,
                      "Actual Startup Time": 0.029,
                      "Actual Total Time": 129.355,
                      "Actual Rows": 764439,
                      "Actual Loops": 4,
                      "Filter": "(keyword_id < 11277)",
                      "Rows Removed by Filter": 366544
                    },
                    {
                      "Node Type": "Hash",
                      "Parent Relationship": "Inner",
                      "Parallel Aware": true,
                      "Startup Cost": 38064.59,
                      "Total Cost": 38064.59,
                      "Plan Rows": 12636,
                      "Plan Width": 4,
                      "Actual Startup Time": 57.546,
                      "Actual Total Time": 57.548,
                      "Actual Rows": 13278,
                      "Actual Loops": 4,
                      "Hash Buckets": 65536,
                      "Original Hash Buckets": 65536,
                      "Hash Batches": 1,
                      "Original Hash Batches": 1,
                      "Peak Memory Usage": 2656,
                      "Plans": [
                        {
                          "Node Type": "Bitmap Heap Scan",
                          "Parent Relationship": "Outer",
                          "Parallel Aware": true,
                          "Relation Name": "title",
                          "Alias": "t",
                          "Startup Cost": 1710.08,
                          "Total Cost": 38064.59,
                          "Plan Rows": 12636,
                          "Plan Width": 4,
                          "Actual Startup Time": 15.063,
                          "Actual Total Time": 53.456,
                          "Actual Rows": 13278,
                          "Actual Loops": 4,
                          "Recheck Cond": "(kind_id = 2)",
                          "Rows Removed by Index Recheck": 0,
                          "Filter": "(production_year < 2005)",
                          "Rows Removed by Filter": 9435,
                          "Exact Heap Blocks": 12992,
                          "Lossy Heap Blocks": 0,
                          "Plans": [
                            {
                              "Node Type": "Bitmap Index Scan",
                              "Parent Relationship": "Outer",
                              "Parallel Aware": false,
                              "Index Name": "kind_id_title",
                              "Startup Cost": 0.0,
                              "Total Cost": 1697.45,
                              "Plan Rows": 95069,
                              "Plan Width": 0,
                              "Actual Startup Time": 13.715,
                              "Actual Total Time": 13.715,
                              "Actual Rows": 90852,
                              "Actual Loops": 1,
                              "Index Cond": "(kind_id = 2)"
                            }
                          ]
                        }
                      ]
                    }
                  ]
                }
              ]
            }
          ]
        }
      ]
    },
    "Planning Time": 0.34,
    "Triggers": [],
    "Execution Time": 273.442
  }
]