{
  "Plan": {
    "Node Type": "Aggregate",
    "Strategy": "Plain",
    "Partial Mode": "Finalize",
    "Parallel Aware": false,
    "Startup Cost": 258174.63,
    "Total Cost": 258174.64,
    "Plan Rows": 1,
    "Plan Width": 8,
    "Actual Startup Time": 1481.853,
    "Actual Total Time": 1505.278,
    "Actual Rows": 1,
    "Actual Loops": 1,
    "Plans": [
      {
        "Node Type": "Gather",
        "Parent Relationship": "Outer",
        "Parallel Aware": false,
        "Startup Cost": 258174.52,
        "Total Cost": 258174.63,
        "Plan Rows": 1,
        "Plan Width": 8,
        "Actual Startup Time": 1481.732,
        "Actual Total Time": 1505.271,
        "Actual Rows": 2,
        "Actual Loops": 1,
        "Workers Planned": 1,
        "Workers Launched": 1,
        "Single Copy": false,
        "Plans": [
          {
            "Node Type": "Aggregate",
            "Strategy": "Plain",
            "Partial Mode": "Partial",
            "Parent Relationship": "Outer",
            "Parallel Aware": false,
            "Startup Cost": 257174.52,
            "Total Cost": 257174.53,
            "Plan Rows": 1,
            "Plan Width": 8,
            "Actual Startup Time": 1475.889,
            "Actual Total Time": 1475.891,
            "Actual Rows": 1,
            "Actual Loops": 2,
            "Plans": [
              {
                "Node Type": "Merge Join",
                "Parent Relationship": "Outer",
                "Parallel Aware": false,
                "Join Type": "Inner",
                "Startup Cost": 2.92,
                "Total Cost": 255993.29,
                "Plan Rows": 472493,
                "Plan Width": 0,
                "Actual Startup Time": 2.568,
                "Actual Total Time": 1451.12,
                "Actual Rows": 576552,
                "Actual Loops": 2,
                "Inner Unique": false,
                "Merge Cond": "(t.id = mc.movie_id)",
                "Plans": [
                  {
                    "Node Type": "Index Scan",
                    "Parent Relationship": "Outer",
                    "Parallel Aware": true,
                    "Scan Direction": "Forward",
                    "Index Name": "title_pkey",
                    "Relation Name": "title",
                    "Alias": "t",
                    "Startup Cost": 0.43,
                    "Total Cost": 103647.43,
                    "Plan Rows": 457854,
                    "Plan Width": 4,
                    "Actual Startup Time": 0.298,
                    "Actual Total Time": 633.3,
                    "Actual Rows": 391006,
                    "Actual Loops": 2,
                    "Filter": "(production_year < 1994)",
                    "Rows Removed by Filter": 871937
                  },
                  {
                    "Node Type": "Index Only Scan",
                    "Parent Relationship": "Inner",
                    "Parallel Aware": false,
                    "Scan Direction": "Forward",
                    "Index Name": "movie_id_movie_companies",
                    "Relation Name": "movie_companies",
                    "Alias": "mc",
                    "Startup Cost": 0.43,
                    "Total Cost": 140059.44,
                    "Plan Rows": 2609129,
                    "Plan Width": 4,
                    "Actual Startup Time": 0.139,
                    "Actual Total Time": 645.948,
                    "Actual Rows": 2609129,
                    "Actual Loops": 2,
                    "Heap Fetches": 5218258
                  }
                ]
              }
            ]
          }
        ]
      }
    ]
  },
  "Planning Time": 0.648,
  "Triggers": [],
  "Execution Time": 1505.393
}