{
  "Plan": {
    "Node Type": "Aggregate",
    "Strategy": "Plain",
    "Partial Mode": "Finalize",
    "Parallel Aware": false,
    "Startup Cost": 43403.51,
    "Total Cost": 43403.52,
    "Plan Rows": 1,
    "Plan Width": 8,
    "Actual Startup Time": 59.861,
    "Actual Total Time": 65.23,
    "Actual Rows": 1,
    "Actual Loops": 1,
    "Plans": [
      {
        "Node Type": "Gather",
        "Parent Relationship": "Outer",
        "Parallel Aware": false,
        "Startup Cost": 43403.4,
        "Total Cost": 43403.51,
        "Plan Rows": 1,
        "Plan Width": 8,
        "Actual Startup Time": 59.725,
        "Actual Total Time": 65.225,
        "Actual Rows": 2,
        "Actual Loops": 1,
        "Workers Planned": 1,
        "Workers Launched": 1,
        "Single Copy": false,
        "Plans": [
          {
            "Node Type": "Aggregate",
            "Strategy": "Plain",
            "Partial Mode": "Partial",
            "Parent Relationship": "Outer",
            "Parallel Aware": false,
            "Startup Cost": 42403.4,
            "Total Cost": 42403.41,
            "Plan Rows": 1,
            "Plan Width": 8,
            "Actual Startup Time": 53.818,
            "Actual Total Time": 53.819,
            "Actual Rows": 1,
            "Actual Loops": 2,
            "Plans": [
              {
                "Node Type": "Nested Loop",
                "Parent Relationship": "Outer",
                "Parallel Aware": false,
                "Join Type": "Inner",
                "Startup Cost": 2181.53,
                "Total Cost": 42403.23,
                "Plan Rows": 69,
                "Plan Width": 0,
                "Actual Startup Time": 35.801,
                "Actual Total Time": 53.81,
                "Actual Rows": 5,
                "Actual Loops": 2,
                "Inner Unique": false,
                "Plans": [
                  {
                    "Node Type": "Bitmap Heap Scan",
                    "Parent Relationship": "Outer",
                    "Parallel Aware": true,
                    "Relation Name": "title",
                    "Alias": "t",
                    "Startup Cost": 2181.1,
                    "Total Cost": 39257.35,
                    "Plan Rows": 386,
                    "Plan Width": 4,
                    "Actual Startup Time": 33.64,
                    "Actual Total Time": 53.519,
                    "Actual Rows": 13,
                    "Actual Loops": 2,
                    "Recheck Cond": "(kind_id = 4)",
                    "Rows Removed by Index Recheck": 0,
                    "Filter": "(production_year = 1978)",
                    "Rows Removed by Filter": 59104,
                    "Exact Heap Blocks": 11141,
                    "Lossy Heap Blocks": 0,
                    "Plans": [
                      {
                        "Node Type": "Bitmap Index Scan",
                        "Parent Relationship": "Outer",
                        "Parallel Aware": false,
                        "Index Name": "kind_id_title",
                        "Startup Cost": 0.0,
                        "Total Cost": 2180.94,
                        "Plan Rows": 122201,
                        "Plan Width": 0,
                        "Actual Startup Time": 19.085,
                        "Actual Total Time": 19.086,
                        "Actual Rows": 118234,
                        "Actual Loops": 1,
                        "Index Cond": "(kind_id = 4)"
                      }
                    ]
                  },
                  {
                    "Node Type": "Index Scan",
                    "Parent Relationship": "Inner",
                    "Parallel Aware": false,
                    "Scan Direction": "Forward",
                    "Index Name": "movie_id_movie_info_idx",
                    "Relation Name": "movie_info_idx",
                    "Alias": "mi_idx",
                    "Startup Cost": 0.43,
                    "Total Cost": 8.14,
                    "Plan Rows": 1,
                    "Plan Width": 4,
                    "Actual Startup Time": 0.02,
                    "Actual Total Time": 0.021,
                    "Actual Rows": 0,
                    "Actual Loops": 26,
                    "Index Cond": "(movie_id = t.id)",
                    "Rows Removed by Index Recheck": 0,
                    "Filter": "(info_type_id < 100)",
                    "Rows Removed by Filter": 1
                  }
                ]
              }
            ]
          }
        ]
      }
    ]
  },
  "Planning Time": 0.491,
  "Triggers": [],
  "Execution Time": 65.32
}