[
  {
    "Plan": {
      "Node Type": "Aggregate",
      "Strategy": "Plain",
      "Partial Mode": "Finalize",
      "Parallel Aware": false,
      "Startup Cost": 737619.19,
      "Total Cost": 737619.2,
      "Plan Rows": 1,
      "Plan Width": 8,
      "Actual Startup Time": 12701.779,
      "Actual Total Time": 12800.173,
      "Actual Rows": 1,
      "Actual Loops": 1,
      "Plans": [
        {
          "Node Type": "Gather",
          "Parent Relationship": "Outer",
          "Parallel Aware": false,
          "Startup Cost": 737618.57,
          "Total Cost": 737619.18,
          "Plan Rows": 6,
          "Plan Width": 8,
          "Actual Startup Time": 12608.69,
          "Actual Total Time": 12800.145,
          "Actual Rows": 7,
          "Actual Loops": 1,
          "Workers Planned": 6,
          "Workers Launched": 6,
          "Single Copy": false,
          "Plans": [
            {
              "Node Type": "Aggregate",
              "Strategy": "Plain",
              "Partial Mode": "Partial",
              "Parent Relationship": "Outer",
              "Parallel Aware": false,
              "Startup Cost": 736618.57,
              "Total Cost": 736618.58,
              "Plan Rows": 1,
              "Plan Width": 8,
              "Actual Startup Time": 12563.271,
              "Actual Total Time": 12564.284,
              "Actual Rows": 1,
              "Actual Loops": 7,
              "Plans": [
                {
                  "Node Type": "Hash Join",
                  "Parent Relationship": "Outer",
                  "Parallel Aware": true,
                  "Join Type": "Inner",
                  "Startup Cost": 282060.07,
                  "Total Cost": 674817.33,
                  "Plan Rows": 24720494,
                  "Plan Width": 0,
                  "Actual Startup Time": 1816.06,
                  "Actual Total Time": 10430.083,
                  "Actual Rows": 48856077,
                  "Actual Loops": 7,
                  "Inner Unique": false,
                  "Hash Cond": "(ci.movie_id = t.id)",
                  "Plans": [
                    {
                      "Node Type": "Seq Scan",
                      "Parent Relationship": "Outer",
                      "Parallel Aware": true,
                      "Relation Name": "cast_info",
                      "Alias": "ci",
                      "Startup Cost": 0.0,
                      "Total Cost": 313106.51,
                      "Plan Rows": 6041951,
                      "Plan Width": 4,
                      "Actual Startup Time": 0.026,
                      "Actual Total Time": 545.11,
                      "Actual Rows": 5177763,
                      "Actual Loops": 7
                    },
                    {
                      "Node Type": "Hash",
                      "Parent Relationship": "Inner",
                      "Parallel Aware": true,
                      "Startup Cost": 256197.62,
                      "Total Cost": 256197.62,
                      "Plan Rows": 2068996,
                      "Plan Width": 8,
                      "Actual Startup Time": 1799.583,
                      "Actual Total Time": 1800.593,
                      "Actual Rows": 1315012,
                      "Actual Loops": 7,
                      "Hash Buckets": 16777216,
                      "Original Hash Buckets": 16777216,
                      "Hash Batches": 1,
                      "Original Hash Batches": 1,
                      "Peak Memory Usage": 491296,
                      "Plans": [
                        {
                          "Node Type": "Hash Join",
                          "Parent Relationship": "Outer",
                          "Parallel Aware": true,
                          "Join Type": "Inner",
                          "Startup Cost": 49731.86,
                          "Total Cost": 256197.62,
                          "Plan Rows": 2068996,
                          "Plan Width": 8,
                          "Actual Startup Time": 212.254,
                          "Actual Total Time": 1217.473,
                          "Actual Rows": 1315012,
                          "Actual Loops": 7,
                          "Inner Unique": true,
                          "Hash Cond": "(mi.movie_id = t.id)",
                          "Plans": [
                            {
                              "Node Type": "Seq Scan",
                              "Parent Relationship": "Outer",
                              "Parallel Aware": true,
                              "Relation Name": "movie_info",
                              "Alias": "mi",
                              "Startup Cost": 0.0,
                              "Total Cost": 199108.24,
                              "Plan Rows": 2802861,
                              "Plan Width": 4,
                              "Actual Startup Time": 0.04,
                              "Actual Total Time": 364.229,
                              "Actual Rows": 2004797,
                              "Actual Loops": 7,
                              "Filter": "(info_type_id > 1)",
                              "Rows Removed by Filter": 114591
                            },
                            {
                              "Node Type": "Hash",
                              "Parent Relationship": "Inner",
                              "Parallel Aware": true,
                              "Startup Cost": 43899.32,
                              "Total Cost": 43899.32,
                              "Plan Rows": 466603,
                              "Plan Width": 4,
                              "Actual Startup Time": 210.174,
                              "Actual Total Time": 210.177,
                              "Actual Rows": 264687,
                              "Actual Loops": 7,
                              "Hash Buckets": 2097152,
                              "Original Hash Buckets": 2097152,
                              "Hash Batches": 1,
                              "Original Hash Batches": 1,
                              "Peak Memory Usage": 89024,
                              "Plans": [
                                {
                                  "Node Type": "Seq Scan",
                                  "Parent Relationship": "Outer",
                                  "Parallel Aware": true,
                                  "Relation Name": "title",
                                  "Alias": "t",
                                  "Startup Cost": 0.0,
                                  "Total Cost": 43899.32,
                                  "Plan Rows": 466603,
                                  "Plan Width": 4,
                                  "Actual Startup Time": 0.053,
                                  "Actual Total Time": 86.403,
                                  "Actual Rows": 264687,
                                  "Actual Loops": 7,
                                  "Filter": "(production_year > 1985)",
                                  "Rows Removed by Filter": 96501
                                }
                              ]
                            }
                          ]
                        }
                      ]
                    }
                  ]
                }
              ]
            }
          ]
        }
      ]
    },
    "Planning Time": 0.43,
    "Triggers": [],
    "Execution Time": 12800.37
  }
]