[
    {
        "Bao": {
            "Bao prediction": "NaN",
            "Bao recommended hint": "(no hint)"
        }
    },
    {
        "Plan": {
            "Node Type": "Aggregate",
            "Strategy": "Plain",
            "Partial Mode": "Finalize",
            "Parallel Aware": false,
            "Startup Cost": 77915.11,
            "Total Cost": 77915.12,
            "Plan Rows": 1,
            "Plan Width": 8,
            "Actual Startup Time": 409.35,
            "Actual Total Time": 425.816,
            "Actual Rows": 1,
            "Actual Loops": 1,
            "Output": [
                "count(*)"
            ],
            "Plans": [
                {
                    "Node Type": "Gather",
                    "Parent Relationship": "Outer",
                    "Parallel Aware": false,
                    "Startup Cost": 77914.8,
                    "Total Cost": 77915.11,
                    "Plan Rows": 3,
                    "Plan Width": 8,
                    "Actual Startup Time": 401.694,
                    "Actual Total Time": 425.807,
                    "Actual Rows": 4,
                    "Actual Loops": 1,
                    "Output": [
                        "(PARTIAL count(*))"
                    ],
                    "Workers Planned": 3,
                    "Workers Launched": 3,
                    "Single Copy": false,
                    "Plans": [
                        {
                            "Node Type": "Aggregate",
                            "Strategy": "Plain",
                            "Partial Mode": "Partial",
                            "Parent Relationship": "Outer",
                            "Parallel Aware": false,
                            "Startup Cost": 76914.8,
                            "Total Cost": 76914.81,
                            "Plan Rows": 1,
                            "Plan Width": 8,
                            "Actual Startup Time": 385.073,
                            "Actual Total Time": 385.076,
                            "Actual Rows": 1,
                            "Actual Loops": 4,
                            "Output": [
                                "PARTIAL count(*)"
                            ],
                            "Workers": [
                                {
                                    "Worker Number": 0,
                                    "Actual Startup Time": 380.832,
                                    "Actual Total Time": 380.835,
                                    "Actual Rows": 1,
                                    "Actual Loops": 1
                                },
                                {
                                    "Worker Number": 1,
                                    "Actual Startup Time": 378.994,
                                    "Actual Total Time": 378.997,
                                    "Actual Rows": 1,
                                    "Actual Loops": 1
                                },
                                {
                                    "Worker Number": 2,
                                    "Actual Startup Time": 379.348,
                                    "Actual Total Time": 379.351,
                                    "Actual Rows": 1,
                                    "Actual Loops": 1
                                }
                            ],
                            "Plans": [
                                {
                                    "Node Type": "Hash Join",
                                    "Parent Relationship": "Outer",
                                    "Parallel Aware": true,
                                    "Join Type": "Inner",
                                    "Startup Cost": 52109.74,
                                    "Total Cost": 76870.66,
                                    "Plan Rows": 17656,
                                    "Plan Width": 0,
                                    "Actual Startup Time": 355.134,
                                    "Actual Total Time": 384.14,
                                    "Actual Rows": 11858,
                                    "Actual Loops": 4,
                                    "Inner Unique": true,
                                    "Hash Cond": "(mk.movie_id = t.id)",
                                    "Workers": [
                                        {
                                            "Worker Number": 0,
                                            "Actual Startup Time": 349.568,
                                            "Actual Total Time": 380.02,
                                            "Actual Rows": 11657,
                                            "Actual Loops": 1
                                        },
                                        {
                                            "Worker Number": 1,
                                            "Actual Startup Time": 349.424,
                                            "Actual Total Time": 378.081,
                                            "Actual Rows": 8890,
                                            "Actual Loops": 1
                                        },
                                        {
                                            "Worker Number": 2,
                                            "Actual Startup Time": 349.864,
                                            "Actual Total Time": 378.596,
                                            "Actual Rows": 10968,
                                            "Actual Loops": 1
                                        }
                                    ],
                                    "Plans": [
                                        {
                                            "Node Type": "Bitmap Heap Scan",
                                            "Parent Relationship": "Outer",
                                            "Parallel Aware": true,
                                            "Relation Name": "movie_keyword",
                                            "Schema": "public",
                                            "Alias": "mk",
                                            "Startup Cost": 1335.95,
                                            "Total Cost": 26043.6,
                                            "Plan Rows": 20292,
                                            "Plan Width": 4,
                                            "Actual Startup Time": 10.752,
                                            "Actual Total Time": 31.521,
                                            "Actual Rows": 14466,
                                            "Actual Loops": 4,
                                            "Output": [
                                                "mk.id",
                                                "mk.movie_id",
                                                "mk.keyword_id"
                                            ],
                                            "Recheck Cond": "(mk.keyword_id > 96003)",
                                            "Rows Removed by Index Recheck": 0,
                                            "Exact Heap Blocks": 4577,
                                            "Lossy Heap Blocks": 0,
                                            "Workers": [
                                                {
                                                    "Worker Number": 0,
                                                    "Actual Startup Time": 10.703,
                                                    "Actual Total Time": 32.242,
                                                    "Actual Rows": 14497,
                                                    "Actual Loops": 1
                                                },
                                                {
                                                    "Worker Number": 1,
                                                    "Actual Startup Time": 10.715,
                                                    "Actual Total Time": 32.329,
                                                    "Actual Rows": 10747,
                                                    "Actual Loops": 1
                                                },
                                                {
                                                    "Worker Number": 2,
                                                    "Actual Startup Time": 10.781,
                                                    "Actual Total Time": 32.787,
                                                    "Actual Rows": 13206,
                                                    "Actual Loops": 1
                                                }
                                            ],
                                            "Plans": [
                                                {
                                                    "Node Type": "Bitmap Index Scan",
                                                    "Parent Relationship": "Outer",
                                                    "Parallel Aware": false,
                                                    "Index Name": "keyword_id_movie_keyword",
                                                    "Startup Cost": 0.0,
                                                    "Total Cost": 1320.22,
                                                    "Plan Rows": 62905,
                                                    "Plan Width": 0,
                                                    "Actual Startup Time": 7.787,
                                                    "Actual Total Time": 7.787,
                                                    "Actual Rows": 57865,
                                                    "Actual Loops": 1,
                                                    "Index Cond": "(mk.keyword_id > 96003)",
                                                    "Workers": [
                                                        {
                                                            "Worker Number": 1,
                                                            "Actual Startup Time": 7.787,
                                                            "Actual Total Time": 7.787,
                                                            "Actual Rows": 57865,
                                                            "Actual Loops": 1
                                                        }
                                                    ]
                                                }
                                            ]
                                        },
                                        {
                                            "Node Type": "Hash",
                                            "Parent Relationship": "Inner",
                                            "Parallel Aware": true,
                                            "Startup Cost": 43899.01,
                                            "Total Cost": 43899.01,
                                            "Plan Rows": 549983,
                                            "Plan Width": 4,
                                            "Actual Startup Time": 333.483,
                                            "Actual Total Time": 333.483,
                                            "Actual Rows": 550924,
                                            "Actual Loops": 4,
                                            "Output": [
                                                "t.id"
                                            ],
                                            "Hash Buckets": 4194304,
                                            "Original Hash Buckets": 4194304,
                                            "Hash Batches": 1,
                                            "Original Hash Batches": 1,
                                            "Peak Memory Usage": 119008,
                                            "Workers": [
                                                {
                                                    "Worker Number": 0,
                                                    "Actual Startup Time": 338.217,
                                                    "Actual Total Time": 338.217,
                                                    "Actual Rows": 606949,
                                                    "Actual Loops": 1
                                                },
                                                {
                                                    "Worker Number": 1,
                                                    "Actual Startup Time": 338.249,
                                                    "Actual Total Time": 338.25,
                                                    "Actual Rows": 445641,
                                                    "Actual Loops": 1
                                                },
                                                {
                                                    "Worker Number": 2,
                                                    "Actual Startup Time": 338.636,
                                                    "Actual Total Time": 338.636,
                                                    "Actual Rows": 583687,
                                                    "Actual Loops": 1
                                                }
                                            ],
                                            "Plans": [
                                                {
                                                    "Node Type": "Seq Scan",
                                                    "Parent Relationship": "Outer",
                                                    "Parallel Aware": true,
                                                    "Relation Name": "title",
                                                    "Schema": "public",
                                                    "Alias": "t",
                                                    "Startup Cost": 0.0,
                                                    "Total Cost": 43899.01,
                                                    "Plan Rows": 549983,
                                                    "Plan Width": 4,
                                                    "Actual Startup Time": 0.036,
                                                    "Actual Total Time": 118.934,
                                                    "Actual Rows": 550924,
                                                    "Actual Loops": 4,
                                                    "Output": [
                                                        "t.id"
                                                    ],
                                                    "Filter": "(t.production_year > 1960)",
                                                    "Rows Removed by Filter": 81154,
                                                    "Workers": [
                                                        {
                                                            "Worker Number": 0,
                                                            "Actual Startup Time": 0.053,
                                                            "Actual Total Time": 118.732,
                                                            "Actual Rows": 606949,
                                                            "Actual Loops": 1
                                                        },
                                                        {
                                                            "Worker Number": 1,
                                                            "Actual Startup Time": 0.029,
                                                            "Actual Total Time": 128.38,
                                                            "Actual Rows": 445641,
                                                            "Actual Loops": 1
                                                        },
                                                        {
                                                            "Worker Number": 2,
                                                            "Actual Startup Time": 0.044,
                                                            "Actual Total Time": 115.399,
                                                            "Actual Rows": 583687,
                                                            "Actual Loops": 1
                                                        }
                                                    ]
                                                }
                                            ]
                                        }
                                    ]
                                }
                            ]
                        }
                    ]
                }
            ]
        },
        "Planning Time": 188.531,
        "Triggers": [],
        "Execution Time": 425.935
    }
]