[
  {
    "Plan": {
      "Node Type": "Aggregate",
      "Strategy": "Plain",
      "Partial Mode": "Finalize",
      "Parallel Aware": false,
      "Startup Cost": 547682.55,
      "Total Cost": 547682.56,
      "Plan Rows": 1,
      "Plan Width": 64,
      "Actual Startup Time": 3328.865,
      "Actual Total Time": 3469.038,
      "Actual Rows": 1,
      "Actual Loops": 1,
      "Plans": [
        {
          "Node Type": "Gather",
          "Parent Relationship": "Outer",
          "Parallel Aware": false,
          "Startup Cost": 547682.23,
          "Total Cost": 547682.54,
          "Plan Rows": 3,
          "Plan Width": 64,
          "Actual Startup Time": 3324.614,
          "Actual Total Time": 3469.025,
          "Actual Rows": 4,
          "Actual Loops": 1,
          "Workers Planned": 3,
          "Workers Launched": 3,
          "Single Copy": false,
          "Plans": [
            {
              "Node Type": "Aggregate",
              "Strategy": "Plain",
              "Partial Mode": "Partial",
              "Parent Relationship": "Outer",
              "Parallel Aware": false,
              "Startup Cost": 546682.23,
              "Total Cost": 546682.24,
              "Plan Rows": 1,
              "Plan Width": 64,
              "Actual Startup Time": 3314.271,
              "Actual Total Time": 3314.351,
              "Actual Rows": 1,
              "Actual Loops": 4,
              "Plans": [
                {
                  "Node Type": "Hash Join",
                  "Parent Relationship": "Outer",
                  "Parallel Aware": true,
                  "Join Type": "Inner",
                  "Startup Cost": 531287.33,
                  "Total Cost": 546681.26,
                  "Plan Rows": 193,
                  "Plan Width": 33,
                  "Actual Startup Time": 3229.13,
                  "Actual Total Time": 3309.246,
                  "Actual Rows": 51036,
                  "Actual Loops": 4,
                  "Inner Unique": false,
                  "Hash Cond": "(an.person_id = n.id)",
                  "Plans": [
                    {
                      "Node Type": "Seq Scan",
                      "Parent Relationship": "Outer",
                      "Parallel Aware": true,
                      "Relation Name": "aka_name",
                      "Alias": "an",
                      "Startup Cost": 0.0,
                      "Total Cost": 14303.56,
                      "Plan Rows": 290756,
                      "Plan Width": 20,
                      "Actual Startup Time": 0.021,
                      "Actual Total Time": 39.305,
                      "Actual Rows": 225336,
                      "Actual Loops": 4
                    },
                    {
                      "Node Type": "Hash",
                      "Parent Relationship": "Inner",
                      "Parallel Aware": true,
                      "Startup Cost": 531286.53,
                      "Total Cost": 531286.53,
                      "Plan Rows": 64,
                      "Plan Width": 25,
                      "Actual Startup Time": 3228.074,
                      "Actual Total Time": 3228.152,
                      "Actual Rows": 37120,
                      "Actual Loops": 4,
                      "Hash Buckets": 262144,
                      "Original Hash Buckets": 1024,
                      "Hash Batches": 1,
                      "Original Hash Batches": 1,
                      "Peak Memory Usage": 13816,
                      "Plans": [
                        {
                          "Node Type": "Hash Join",
                          "Parent Relationship": "Outer",
                          "Parallel Aware": true,
                          "Join Type": "Inner",
                          "Startup Cost": 461348.58,
                          "Total Cost": 531286.53,
                          "Plan Rows": 64,
                          "Plan Width": 25,
                          "Actual Startup Time": 2875.753,
                          "Actual Total Time": 3189.554,
                          "Actual Rows": 37120,
                          "Actual Loops": 4,
                          "Inner Unique": false,
                          "Hash Cond": "(n.id = ci.person_id)",
                          "Plans": [
                            {
                              "Node Type": "Seq Scan",
                              "Parent Relationship": "Outer",
                              "Parallel Aware": true,
                              "Relation Name": "name",
                              "Alias": "n",
                              "Startup Cost": 0.0,
                              "Total Cost": 66031.07,
                              "Plan Rows": 1041807,
                              "Plan Width": 4,
                              "Actual Startup Time": 0.017,
                              "Actual Total Time": 156.475,
                              "Actual Rows": 1041873,
                              "Actual Loops": 4
                            },
                            {
                              "Node Type": "Hash",
                              "Parent Relationship": "Inner",
                              "Parallel Aware": true,
                              "Startup Cost": 461348.05,
                              "Total Cost": 461348.05,
                              "Plan Rows": 42,
                              "Plan Width": 21,
                              "Actual Startup Time": 2875.565,
                              "Actual Total Time": 2875.641,
                              "Actual Rows": 37120,
                              "Actual Loops": 4,
                              "Hash Buckets": 262144,
                              "Original Hash Buckets": 1024,
                              "Hash Batches": 1,
                              "Original Hash Batches": 1,
                              "Peak Memory Usage": 13304,
                              "Plans": [
                                {
                                  "Node Type": "Hash Join",
                                  "Parent Relationship": "Outer",
                                  "Parallel Aware": true,
                                  "Join Type": "Inner",
                                  "Startup Cost": 125636.17,
                                  "Total Cost": 461348.05,
                                  "Plan Rows": 42,
                                  "Plan Width": 21,
                                  "Actual Startup Time": 680.409,
                                  "Actual Total Time": 2726.944,
                                  "Actual Rows": 37120,
                                  "Actual Loops": 4,
                                  "Inner Unique": false,
                                  "Hash Cond": "(ci.movie_id = t.id)",
                                  "Plans": [
                                    {
                                      "Node Type": "Seq Scan",
                                      "Parent Relationship": "Outer",
                                      "Parallel Aware": true,
                                      "Relation Name": "cast_info",
                                      "Alias": "ci",
                                      "Startup Cost": 0.0,
                                      "Total Cost": 313068.58,
                                      "Plan Rows": 6038158,
                                      "Plan Width": 8,
                                      "Actual Startup Time": 0.019,
                                      "Actual Total Time": 1074.699,
                                      "Actual Rows": 9061086,
                                      "Actual Loops": 4
                                    },
                                    {
                                      "Node Type": "Hash",
                                      "Parent Relationship": "Inner",
                                      "Parallel Aware": true,
                                      "Startup Cost": 125636.06,
                                      "Total Cost": 125636.06,
                                      "Plan Rows": 9,
                                      "Plan Width": 29,
                                      "Actual Startup Time": 680.116,
                                      "Actual Total Time": 680.188,
                                      "Actual Rows": 1253,
                                      "Actual Loops": 4,
                                      "Hash Buckets": 8192,
                                      "Original Hash Buckets": 1024,
                                      "Hash Batches": 1,
                                      "Original Hash Batches": 1,
                                      "Peak Memory Usage": 536,
                                      "Plans": [
                                        {
                                          "Node Type": "Hash Join",
                                          "Parent Relationship": "Outer",
                                          "Parallel Aware": true,
                                          "Join Type": "Inner",
                                          "Startup Cost": 120349.07,
                                          "Total Cost": 125636.06,
                                          "Plan Rows": 9,
                                          "Plan Width": 29,
                                          "Actual Startup Time": 661.532,
                                          "Actual Total Time": 674.675,
                                          "Actual Rows": 1253,
                                          "Actual Loops": 4,
                                          "Inner Unique": false,
                                          "Hash Cond": "(cn.id = mc.company_id)",
                                          "Plans": [
                                            {
                                              "Node Type": "Seq Scan",
                                              "Parent Relationship": "Outer",
                                              "Parallel Aware": true,
                                              "Relation Name": "company_name",
                                              "Alias": "cn",
                                              "Startup Cost": 0.0,
                                              "Total Cost": 4722.92,
                                              "Plan Rows": 50137,
                                              "Plan Width": 4,
                                              "Actual Startup Time": 0.023,
                                              "Actual Total Time": 10.405,
                                              "Actual Rows": 21211,
                                              "Actual Loops": 4,
                                              "Filter": "((country_code)::text = '[us]'::text)",
                                              "Rows Removed by Filter": 37538
                                            },
                                            {
                                              "Node Type": "Hash",
                                              "Parent Relationship": "Inner",
                                              "Parallel Aware": true,
                                              "Startup Cost": 120348.88,
                                              "Total Cost": 120348.88,
                                              "Plan Rows": 15,
                                              "Plan Width": 33,
                                              "Actual Startup Time": 661.167,
                                              "Actual Total Time": 661.237,
                                              "Actual Rows": 1801,
                                              "Actual Loops": 4,
                                              "Hash Buckets": 8192,
                                              "Original Hash Buckets": 1024,
                                              "Hash Batches": 1,
                                              "Original Hash Batches": 1,
                                              "Peak Memory Usage": 696,
                                              "Plans": [
                                                {
                                                  "Node Type": "Hash Join",
                                                  "Parent Relationship": "Outer",
                                                  "Parallel Aware": true,
                                                  "Join Type": "Inner",
                                                  "Startup Cost": 89986.12,
                                                  "Total Cost": 120348.88,
                                                  "Plan Rows": 15,
                                                  "Plan Width": 33,
                                                  "Actual Startup Time": 500.122,
                                                  "Actual Total Time": 641.646,
                                                  "Actual Rows": 1801,
                                                  "Actual Loops": 4,
                                                  "Inner Unique": false,
                                                  "Hash Cond": "(mc.movie_id = t.id)",
                                                  "Plans": [
                                                    {
                                                      "Node Type": "Seq Scan",
                                                      "Parent Relationship": "Outer",
                                                      "Parallel Aware": true,
                                                      "Relation Name": "movie_companies",
                                                      "Alias": "mc",
                                                      "Startup Cost": 0.0,
                                                      "Total Cost": 27206.55,
                                                      "Plan Rows": 841655,
                                                      "Plan Width": 8,
                                                      "Actual Startup Time": 0.015,
                                                      "Actual Total Time": 73.999,
                                                      "Actual Rows": 652282,
                                                      "Actual Loops": 4
                                                    },
                                                    {
                                                      "Node Type": "Hash",
                                                      "Parent Relationship": "Inner",
                                                      "Parallel Aware": true,
                                                      "Startup Cost": 89986.09,
                                                      "Total Cost": 89986.09,
                                                      "Plan Rows": 2,
                                                      "Plan Width": 25,
                                                      "Actual Startup Time": 499.624,
                                                      "Actual Total Time": 499.692,
                                                      "Actual Rows": 1070,
                                                      "Actual Loops": 4,
                                                      "Hash Buckets": 4096,
                                                      "Original Hash Buckets": 1024,
                                                      "Hash Batches": 1,
                                                      "Original Hash Batches": 1,
                                                      "Peak Memory Usage": 408,
                                                      "Plans": [
                                                        {
                                                          "Node Type": "Hash Join",
                                                          "Parent Relationship": "Outer",
                                                          "Parallel Aware": true,
                                                          "Join Type": "Inner",
                                                          "Startup Cost": 45504.47,
                                                          "Total Cost": 89986.09,
                                                          "Plan Rows": 2,
                                                          "Plan Width": 25,
                                                          "Actual Startup Time": 298.49,
                                                          "Actual Total Time": 462.561,
                                                          "Actual Rows": 1070,
                                                          "Actual Loops": 4,
                                                          "Inner Unique": false,
                                                          "Hash Cond": "(t.id = mk.movie_id)",
                                                          "Plans": [
                                                            {
                                                              "Node Type": "Seq Scan",
                                                              "Parent Relationship": "Outer",
                                                              "Parallel Aware": true,
                                                              "Relation Name": "title",
                                                              "Alias": "t",
                                                              "Startup Cost": 0.0,
                                                              "Total Cost": 43898.62,
                                                              "Plan Rows": 155467,
                                                              "Plan Width": 21,
                                                              "Actual Startup Time": 0.031,
                                                              "Actual Total Time": 137.265,
                                                              "Actual Rows": 157026,
                                                              "Actual Loops": 4,
                                                              "Filter": "(episode_nr < 15)",
                                                              "Rows Removed by Filter": 475052
                                                            },
                                                            {
                                                              "Node Type": "Hash",
                                                              "Parent Relationship": "Inner",
                                                              "Parallel Aware": true,
                                                              "Startup Cost": 45504.33,
                                                              "Total Cost": 45504.33,
                                                              "Plan Rows": 11,
                                                              "Plan Width": 4,
                                                              "Actual Startup Time": 298.195,
                                                              "Actual Total Time": 298.198,
                                                              "Actual Rows": 10460,
                                                              "Actual Loops": 4,
                                                              "Hash Buckets": 65536,
                                                              "Original Hash Buckets": 1024,
                                                              "Hash Batches": 1,
                                                              "Original Hash Batches": 1,
                                                              "Peak Memory Usage": 2744,
                                                              "Plans": [
                                                                {
                                                                  "Node Type": "Hash Join",
                                                                  "Parent Relationship": "Outer",
                                                                  "Parallel Aware": false,
                                                                  "Join Type": "Inner",
                                                                  "Startup Cost": 2626.14,
                                                                  "Total Cost": 45504.33,
                                                                  "Plan Rows": 11,
                                                                  "Plan Width": 4,
                                                                  "Actual Startup Time": 27.182,
                                                                  "Actual Total Time": 263.63,
                                                                  "Actual Rows": 10460,
                                                                  "Actual Loops": 4,
                                                                  "Inner Unique": true,
                                                                  "Hash Cond": "(mk.keyword_id = k.id)",
                                                                  "Plans": [
                                                                    {
                                                                      "Node Type": "Seq Scan",
                                                                      "Parent Relationship": "Outer",
                                                                      "Parallel Aware": true,
                                                                      "Relation Name": "movie_keyword",
                                                                      "Alias": "mk",
                                                                      "Startup Cost": 0.0,
                                                                      "Total Cost": 39047.32,
                                                                      "Plan Rows": 1459332,
                                                                      "Plan Width": 8,
                                                                      "Actual Startup Time": 0.063,
                                                                      "Actual Total Time": 142.465,
                                                                      "Actual Rows": 1130982,
                                                                      "Actual Loops": 4
                                                                    },
                                                                    {
                                                                      "Node Type": "Hash",
                                                                      "Parent Relationship": "Inner",
                                                                      "Parallel Aware": false,
                                                                      "Startup Cost": 2626.12,
                                                                      "Total Cost": 2626.12,
                                                                      "Plan Rows": 1,
                                                                      "Plan Width": 4,
                                                                      "Actual Startup Time": 27.04,
                                                                      "Actual Total Time": 27.042,
                                                                      "Actual Rows": 1,
                                                                      "Actual Loops": 4,
                                                                      "Hash Buckets": 1024,
                                                                      "Original Hash Buckets": 1024,
                                                                      "Hash Batches": 1,
                                                                      "Original Hash Batches": 1,
                                                                      "Peak Memory Usage": 9,
                                                                      "Plans": [
                                                                        {
                                                                          "Node Type": "Seq Scan",
                                                                          "Parent Relationship": "Outer",
                                                                          "Parallel Aware": false,
                                                                          "Relation Name": "keyword",
                                                                          "Alias": "k",
                                                                          "Startup Cost": 0.0,
                                                                          "Total Cost": 2626.12,
                                                                          "Plan Rows": 1,
                                                                          "Plan Width": 4,
                                                                          "Actual Startup Time": 2.228,
                                                                          "Actual Total Time": 27.015,
                                                                          "Actual Rows": 1,
                                                                          "Actual Loops": 4,
                                                                          "Filter": "(keyword = 'character-name-in-title'::text)",
                                                                          "Rows Removed by Filter": 134169
                                                                        }
                                                                      ]
                                                                    }
                                                                  ]
                                                                }
                                                              ]
                                                            }
                                                          ]
                                                        }
                                                      ]
                                                    }
                                                  ]
                                                }
                                              ]
                                            }
                                          ]
                                        }
                                      ]
                                    }
                                  ]
                                }
                              ]
                            }
                          ]
                        }
                      ]
                    }
                  ]
                }
              ]
            }
          ]
        }
      ]
    },
    "Planning Time": 18.262,
    "Triggers": [],
    "Execution Time": 3469.483
  }
]