{
  "Plan": {
    "Node Type": "Aggregate",
    "Strategy": "Plain",
    "Partial Mode": "Finalize",
    "Parallel Aware": false,
    "Startup Cost": 671236.26,
    "Total Cost": 671236.27,
    "Plan Rows": 1,
    "Plan Width": 8,
    "Actual Startup Time": 3788.696,
    "Actual Total Time": 3840.707,
    "Actual Rows": 1,
    "Actual Loops": 1,
    "Plans": [
      {
        "Node Type": "Gather",
        "Parent Relationship": "Outer",
        "Parallel Aware": false,
        "Startup Cost": 671236.15,
        "Total Cost": 671236.26,
        "Plan Rows": 1,
        "Plan Width": 8,
        "Actual Startup Time": 3784.578,
        "Actual Total Time": 3840.697,
        "Actual Rows": 2,
        "Actual Loops": 1,
        "Workers Planned": 1,
        "Workers Launched": 1,
        "Single Copy": false,
        "Plans": [
          {
            "Node Type": "Aggregate",
            "Strategy": "Plain",
            "Partial Mode": "Partial",
            "Parent Relationship": "Outer",
            "Parallel Aware": false,
            "Startup Cost": 670236.15,
            "Total Cost": 670236.16,
            "Plan Rows": 1,
            "Plan Width": 8,
            "Actual Startup Time": 3777.074,
            "Actual Total Time": 3777.078,
            "Actual Rows": 1,
            "Actual Loops": 2,
            "Plans": [
              {
                "Node Type": "Hash Join",
                "Parent Relationship": "Outer",
                "Parallel Aware": true,
                "Join Type": "Inner",
                "Startup Cost": 68537.0,
                "Total Cost": 658002.68,
                "Plan Rows": 4893388,
                "Plan Width": 0,
                "Actual Startup Time": 1025.325,
                "Actual Total Time": 3629.407,
                "Actual Rows": 3492612,
                "Actual Loops": 2,
                "Inner Unique": true,
                "Hash Cond": "(ci.movie_id = t.id)",
                "Plans": [
                  {
                    "Node Type": "Seq Scan",
                    "Parent Relationship": "Outer",
                    "Parallel Aware": true,
                    "Relation Name": "cast_info",
                    "Alias": "ci",
                    "Startup Cost": 0.0,
                    "Total Cost": 572345.93,
                    "Plan Rows": 6521796,
                    "Plan Width": 4,
                    "Actual Startup Time": 546.75,
                    "Actual Total Time": 1555.884,
                    "Actual Rows": 4173550,
                    "Actual Loops": 2,
                    "Filter": "((person_id > 1951959) AND (role_id < 4))",
                    "Rows Removed by Filter": 13948622
                  },
                  {
                    "Node Type": "Hash",
                    "Parent Relationship": "Inner",
                    "Parallel Aware": true,
                    "Startup Cost": 54588.39,
                    "Total Cost": 54588.39,
                    "Plan Rows": 1115889,
                    "Plan Width": 4,
                    "Actual Startup Time": 463.703,
                    "Actual Total Time": 463.704,
                    "Actual Rows": 943884,
                    "Actual Loops": 2,
                    "Hash Buckets": 2097152,
                    "Original Hash Buckets": 2097152,
                    "Hash Batches": 1,
                    "Original Hash Batches": 1,
                    "Peak Memory Usage": 90272,
                    "Plans": [
                      {
                        "Node Type": "Seq Scan",
                        "Parent Relationship": "Outer",
                        "Parallel Aware": true,
                        "Relation Name": "title",
                        "Alias": "t",
                        "Startup Cost": 0.0,
                        "Total Cost": 54588.39,
                        "Plan Rows": 1115889,
                        "Plan Width": 4,
                        "Actual Startup Time": 0.033,
                        "Actual Total Time": 180.455,
                        "Actual Rows": 943884,
                        "Actual Loops": 2,
                        "Filter": "(production_year > 1983)",
                        "Rows Removed by Filter": 320272
                      }
                    ]
                  }
                ]
              }
            ]
          }
        ]
      }
    ]
  },
  "Planning Time": 0.551,
  "Triggers": [],
  "Execution Time": 3840.788
}