[
  {
    "Plan": {
      "Node Type": "Aggregate",
      "Strategy": "Plain",
      "Partial Mode": "Finalize",
      "Parallel Aware": false,
      "Startup Cost": 46987.22,
      "Total Cost": 46987.23,
      "Plan Rows": 1,
      "Plan Width": 8,
      "Actual Startup Time": 93.404,
      "Actual Total Time": 106.156,
      "Actual Rows": 1,
      "Actual Loops": 1,
      "Plans": [
        {
          "Node Type": "Gather",
          "Parent Relationship": "Outer",
          "Parallel Aware": false,
          "Startup Cost": 46986.8,
          "Total Cost": 46987.21,
          "Plan Rows": 4,
          "Plan Width": 8,
          "Actual Startup Time": 93.243,
          "Actual Total Time": 106.146,
          "Actual Rows": 5,
          "Actual Loops": 1,
          "Workers Planned": 4,
          "Workers Launched": 4,
          "Single Copy": false,
          "Plans": [
            {
              "Node Type": "Aggregate",
              "Strategy": "Plain",
              "Partial Mode": "Partial",
              "Parent Relationship": "Outer",
              "Parallel Aware": false,
              "Startup Cost": 45986.8,
              "Total Cost": 45986.81,
              "Plan Rows": 1,
              "Plan Width": 8,
              "Actual Startup Time": 87.718,
              "Actual Total Time": 87.719,
              "Actual Rows": 1,
              "Actual Loops": 5,
              "Plans": [
                {
                  "Node Type": "Seq Scan",
                  "Parent Relationship": "Outer",
                  "Parallel Aware": true,
                  "Relation Name": "title",
                  "Alias": "t",
                  "Startup Cost": 0.0,
                  "Total Cost": 45479.1,
                  "Plan Rows": 203080,
                  "Plan Width": 0,
                  "Actual Startup Time": 0.027,
                  "Actual Total Time": 81.231,
                  "Actual Rows": 143946,
                  "Actual Loops": 5,
                  "Filter": "((kind_id < 7) AND (production_year > 1971))",
                  "Rows Removed by Filter": 361716
                }
              ]
            }
          ]
        }
      ]
    },
    "Planning Time": 0.181,
    "Triggers": [],
    "Execution Time": 106.212
  }
]