[
  {
    "Plan": {
      "Node Type": "Aggregate",
      "Strategy": "Plain",
      "Partial Mode": "Finalize",
      "Parallel Aware": false,
      "Startup Cost": 16370.71,
      "Total Cost": 16370.72,
      "Plan Rows": 1,
      "Plan Width": 8,
      "Actual Startup Time": 24.944,
      "Actual Total Time": 28.932,
      "Actual Rows": 1,
      "Actual Loops": 1,
      "Plans": [
        {
          "Node Type": "Gather",
          "Parent Relationship": "Outer",
          "Parallel Aware": false,
          "Startup Cost": 16370.49,
          "Total Cost": 16370.7,
          "Plan Rows": 2,
          "Plan Width": 8,
          "Actual Startup Time": 24.718,
          "Actual Total Time": 28.924,
          "Actual Rows": 3,
          "Actual Loops": 1,
          "Workers Planned": 2,
          "Workers Launched": 2,
          "Single Copy": false,
          "Plans": [
            {
              "Node Type": "Aggregate",
              "Strategy": "Plain",
              "Partial Mode": "Partial",
              "Parent Relationship": "Outer",
              "Parallel Aware": false,
              "Startup Cost": 15370.49,
              "Total Cost": 15370.5,
              "Plan Rows": 1,
              "Plan Width": 8,
              "Actual Startup Time": 16.341,
              "Actual Total Time": 16.343,
              "Actual Rows": 1,
              "Actual Loops": 3,
              "Plans": [
                {
                  "Node Type": "Nested Loop",
                  "Parent Relationship": "Outer",
                  "Parallel Aware": false,
                  "Join Type": "Inner",
                  "Startup Cost": 81.13,
                  "Total Cost": 15370.09,
                  "Plan Rows": 160,
                  "Plan Width": 0,
                  "Actual Startup Time": 2.393,
                  "Actual Total Time": 16.27,
                  "Actual Rows": 332,
                  "Actual Loops": 3,
                  "Inner Unique": false,
                  "Plans": [
                    {
                      "Node Type": "Nested Loop",
                      "Parent Relationship": "Outer",
                      "Parallel Aware": false,
                      "Join Type": "Inner",
                      "Startup Cost": 80.71,
                      "Total Cost": 15203.34,
                      "Plan Rows": 294,
                      "Plan Width": 8,
                      "Actual Startup Time": 1.32,
                      "Actual Total Time": 12.275,
                      "Actual Rows": 301,
                      "Actual Loops": 3,
                      "Inner Unique": true,
                      "Plans": [
                        {
                          "Node Type": "Bitmap Heap Scan",
                          "Parent Relationship": "Outer",
                          "Parallel Aware": true,
                          "Relation Name": "movie_companies",
                          "Alias": "mc",
                          "Startup Cost": 80.28,
                          "Total Cost": 9217.54,
                          "Plan Rows": 749,
                          "Plan Width": 4,
                          "Actual Startup Time": 1.149,
                          "Actual Total Time": 3.994,
                          "Actual Rows": 649,
                          "Actual Loops": 3,
                          "Recheck Cond": "(company_id = 181)",
                          "Rows Removed by Index Recheck": 0,
                          "Filter": "(company_type_id = 1)",
                          "Rows Removed by Filter": 478,
                          "Exact Heap Blocks": 985,
                          "Lossy Heap Blocks": 0,
                          "Plans": [
                            {
                              "Node Type": "Bitmap Index Scan",
                              "Parent Relationship": "Outer",
                              "Parallel Aware": false,
                              "Index Name": "company_id_movie_companies",
                              "Startup Cost": 0.0,
                              "Total Cost": 79.83,
                              "Plan Rows": 3653,
                              "Plan Width": 0,
                              "Actual Startup Time": 2.647,
                              "Actual Total Time": 2.647,
                              "Actual Rows": 3380,
                              "Actual Loops": 1,
                              "Index Cond": "(company_id = 181)"
                            }
                          ]
                        },
                        {
                          "Node Type": "Index Scan",
                          "Parent Relationship": "Inner",
                          "Parallel Aware": false,
                          "Scan Direction": "Forward",
                          "Index Name": "title_pkey",
                          "Relation Name": "title",
                          "Alias": "t",
                          "Startup Cost": 0.43,
                          "Total Cost": 7.99,
                          "Plan Rows": 1,
                          "Plan Width": 4,
                          "Actual Startup Time": 0.012,
                          "Actual Total Time": 0.012,
                          "Actual Rows": 0,
                          "Actual Loops": 1947,
                          "Index Cond": "(id = mc.movie_id)",
                          "Rows Removed by Index Recheck": 0,
                          "Filter": "(kind_id < 7)",
                          "Rows Removed by Filter": 1
                        }
                      ]
                    },
                    {
                      "Node Type": "Index Only Scan",
                      "Parent Relationship": "Inner",
                      "Parallel Aware": false,
                      "Scan Direction": "Forward",
                      "Index Name": "movie_id_movie_info_idx",
                      "Relation Name": "movie_info_idx",
                      "Alias": "mi_idx",
                      "Startup Cost": 0.43,
                      "Total Cost": 0.54,
                      "Plan Rows": 3,
                      "Plan Width": 4,
                      "Actual Startup Time": 0.012,
                      "Actual Total Time": 0.012,
                      "Actual Rows": 1,
                      "Actual Loops": 904,
                      "Index Cond": "(movie_id = t.id)",
                      "Rows Removed by Index Recheck": 0,
                      "Heap Fetches": 996
                    }
                  ]
                }
              ]
            }
          ]
        }
      ]
    },
    "Planning Time": 1.416,
    "Triggers": [],
    "Execution Time": 29.033
  }
]