[
  {
    "Plan": {
      "Node Type": "Aggregate",
      "Strategy": "Plain",
      "Partial Mode": "Finalize",
      "Parallel Aware": false,
      "Startup Cost": 44355.16,
      "Total Cost": 44355.17,
      "Plan Rows": 1,
      "Plan Width": 8,
      "Actual Startup Time": 102.955,
      "Actual Total Time": 108.845,
      "Actual Rows": 1,
      "Actual Loops": 1,
      "Plans": [
        {
          "Node Type": "Gather",
          "Parent Relationship": "Outer",
          "Parallel Aware": false,
          "Startup Cost": 44354.84,
          "Total Cost": 44355.15,
          "Plan Rows": 3,
          "Plan Width": 8,
          "Actual Startup Time": 102.836,
          "Actual Total Time": 108.837,
          "Actual Rows": 4,
          "Actual Loops": 1,
          "Workers Planned": 3,
          "Workers Launched": 3,
          "Single Copy": false,
          "Plans": [
            {
              "Node Type": "Aggregate",
              "Strategy": "Plain",
              "Partial Mode": "Partial",
              "Parent Relationship": "Outer",
              "Parallel Aware": false,
              "Startup Cost": 43354.84,
              "Total Cost": 43354.85,
              "Plan Rows": 1,
              "Plan Width": 8,
              "Actual Startup Time": 99.575,
              "Actual Total Time": 99.576,
              "Actual Rows": 1,
              "Actual Loops": 4,
              "Plans": [
                {
                  "Node Type": "Seq Scan",
                  "Parent Relationship": "Outer",
                  "Parallel Aware": true,
                  "Relation Name": "movie_keyword",
                  "Alias": "mk",
                  "Startup Cost": 0.0,
                  "Total Cost": 42695.65,
                  "Plan Rows": 263676,
                  "Plan Width": 0,
                  "Actual Startup Time": 3.032,
                  "Actual Total Time": 89.772,
                  "Actual Rows": 199516,
                  "Actual Loops": 4,
                  "Filter": "(keyword_id > 23180)",
                  "Rows Removed by Filter": 931466
                }
              ]
            }
          ]
        }
      ]
    },
    "Planning Time": 0.173,
    "Triggers": [],
    "Execution Time": 108.896
  }
]