[
  {
    "Bao": {
      "Bao prediction": 345.865,
      "Bao recommended hint": "(no hint)"
    }
  },
  {
    "Plan": {
      "Node Type": "Aggregate",
      "Strategy": "Plain",
      "Partial Mode": "Simple",
      "Parallel Aware": false,
      "Startup Cost": 10291.73,
      "Total Cost": 10291.74,
      "Plan Rows": 1,
      "Plan Width": 128,
      "Actual Startup Time": 252.869,
      "Actual Total Time": 290.323,
      "Actual Rows": 1,
      "Actual Loops": 1,
      "Plans": [
        {
          "Node Type": "Nested Loop",
          "Parent Relationship": "Outer",
          "Parallel Aware": false,
          "Join Type": "Inner",
          "Startup Cost": 1006.14,
          "Total Cost": 10291.72,
          "Plan Rows": 1,
          "Plan Width": 81,
          "Actual Startup Time": 7.576,
          "Actual Total Time": 290.023,
          "Actual Rows": 1273,
          "Actual Loops": 1,
          "Inner Unique": true,
          "Plans": [
            {
              "Node Type": "Gather",
              "Parent Relationship": "Outer",
              "Parallel Aware": false,
              "Startup Cost": 1006.0,
              "Total Cost": 10291.54,
              "Plan Rows": 1,
              "Plan Width": 85,
              "Actual Startup Time": 7.562,
              "Actual Total Time": 288.757,
              "Actual Rows": 1333,
              "Actual Loops": 1,
              "Workers Planned": 1,
              "Workers Launched": 1,
              "Single Copy": false,
              "Plans": [
                {
                  "Node Type": "Nested Loop",
                  "Parent Relationship": "Outer",
                  "Parallel Aware": false,
                  "Join Type": "Inner",
                  "Startup Cost": 6.0,
                  "Total Cost": 9291.44,
                  "Plan Rows": 1,
                  "Plan Width": 85,
                  "Actual Startup Time": 9.485,
                  "Actual Total Time": 244.37,
                  "Actual Rows": 666,
                  "Actual Loops": 2,
                  "Inner Unique": true,
                  "Plans": [
                    {
                      "Node Type": "Nested Loop",
                      "Parent Relationship": "Outer",
                      "Parallel Aware": false,
                      "Join Type": "Inner",
                      "Startup Cost": 5.58,
                      "Total Cost": 9290.09,
                      "Plan Rows": 3,
                      "Plan Width": 89,
                      "Actual Startup Time": 9.084,
                      "Actual Total Time": 187.531,
                      "Actual Rows": 24662,
                      "Actual Loops": 2,
                      "Inner Unique": false,
                      "Plans": [
                        {
                          "Node Type": "Nested Loop",
                          "Parent Relationship": "Outer",
                          "Parallel Aware": false,
                          "Join Type": "Inner",
                          "Startup Cost": 5.14,
                          "Total Cost": 9288.32,
                          "Plan Rows": 1,
                          "Plan Width": 105,
                          "Actual Startup Time": 8.956,
                          "Actual Total Time": 177.531,
                          "Actual Rows": 226,
                          "Actual Loops": 2,
                          "Inner Unique": true,
                          "Join Filter": "(mi.movie_id = t.id)",
                          "Rows Removed by Join Filter": 0,
                          "Plans": [
                            {
                              "Node Type": "Nested Loop",
                              "Parent Relationship": "Outer",
                              "Parallel Aware": false,
                              "Join Type": "Inner",
                              "Startup Cost": 4.71,
                              "Total Cost": 9287.79,
                              "Plan Rows": 1,
                              "Plan Width": 84,
                              "Actual Startup Time": 8.853,
                              "Actual Total Time": 175.239,
                              "Actual Rows": 226,
                              "Actual Loops": 2,
                              "Inner Unique": true,
                              "Plans": [
                                {
                                  "Node Type": "Nested Loop",
                                  "Parent Relationship": "Outer",
                                  "Parallel Aware": false,
                                  "Join Type": "Inner",
                                  "Startup Cost": 4.28,
                                  "Total Cost": 9287.1,
                                  "Plan Rows": 1,
                                  "Plan Width": 73,
                                  "Actual Startup Time": 8.309,
                                  "Actual Total Time": 171.06,
                                  "Actual Rows": 301,
                                  "Actual Loops": 2,
                                  "Inner Unique": false,
                                  "Join Filter": "(mi.movie_id = ci.movie_id)",
                                  "Rows Removed by Join Filter": 0,
                                  "Plans": [
                                    {
                                      "Node Type": "Nested Loop",
                                      "Parent Relationship": "Outer",
                                      "Parallel Aware": false,
                                      "Join Type": "Inner",
                                      "Startup Cost": 3.72,
                                      "Total Cost": 9285.05,
                                      "Plan Rows": 1,
                                      "Plan Width": 65,
                                      "Actual Startup Time": 6.019,
                                      "Actual Total Time": 81.317,
                                      "Actual Rows": 342,
                                      "Actual Loops": 2,
                                      "Inner Unique": false,
                                      "Join Filter": "(mi_idx.movie_id = mi.movie_id)",
                                      "Rows Removed by Join Filter": 0,
                                      "Plans": [
                                        {
                                          "Node Type": "Hash Join",
                                          "Parent Relationship": "Outer",
                                          "Parallel Aware": false,
                                          "Join Type": "Inner",
                                          "Startup Cost": 3.28,
                                          "Total Cost": 9278.66,
                                          "Plan Rows": 4,
                                          "Plan Width": 14,
                                          "Actual Startup Time": 2.127,
                                          "Actual Total Time": 28.739,
                                          "Actual Rows": 724,
                                          "Actual Loops": 2,
                                          "Inner Unique": true,
                                          "Hash Cond": "(mi_idx.info_type_id = it2.id)",
                                          "Plans": [
                                            {
                                              "Node Type": "Nested Loop",
                                              "Parent Relationship": "Outer",
                                              "Parallel Aware": false,
                                              "Join Type": "Inner",
                                              "Startup Cost": 0.86,
                                              "Total Cost": 9275.15,
                                              "Plan Rows": 397,
                                              "Plan Width": 18,
                                              "Actual Startup Time": 1.683,
                                              "Actual Total Time": 27.771,
                                              "Actual Rows": 2185,
                                              "Actual Loops": 2,
                                              "Inner Unique": false,
                                              "Plans": [
                                                {
                                                  "Node Type": "Nested Loop",
                                                  "Parent Relationship": "Outer",
                                                  "Parallel Aware": false,
                                                  "Join Type": "Inner",
                                                  "Startup Cost": 0.43,
                                                  "Total Cost": 9195.39,
                                                  "Plan Rows": 150,
                                                  "Plan Width": 4,
                                                  "Actual Startup Time": 1.428,
                                                  "Actual Total Time": 16.841,
                                                  "Actual Rows": 907,
                                                  "Actual Loops": 2,
                                                  "Inner Unique": false,
                                                  "Plans": [
                                                    {
                                                      "Node Type": "Seq Scan",
                                                      "Parent Relationship": "Outer",
                                                      "Parallel Aware": true,
                                                      "Relation Name": "company_name",
                                                      "Alias": "cn",
                                                      "Startup Cost": 0.0,
                                                      "Total Cost": 4722.92,
                                                      "Plan Rows": 14,
                                                      "Plan Width": 4,
                                                      "Actual Startup Time": 1.232,
                                                      "Actual Total Time": 12.827,
                                                      "Actual Rows": 5,
                                                      "Actual Loops": 2,
                                                      "Filter": "(name ~~ 'Lionsgate%'::text)",
                                                      "Rows Removed by Filter": 117494
                                                    },
                                                    {
                                                      "Node Type": "Index Scan",
                                                      "Parent Relationship": "Inner",
                                                      "Parallel Aware": false,
                                                      "Scan Direction": "Forward",
                                                      "Index Name": "company_id_movie_companies",
                                                      "Relation Name": "movie_companies",
                                                      "Alias": "mc",
                                                      "Startup Cost": 0.43,
                                                      "Total Cost": 318.16,
                                                      "Plan Rows": 130,
                                                      "Plan Width": 8,
                                                      "Actual Startup Time": 0.062,
                                                      "Actual Total Time": 0.759,
                                                      "Actual Rows": 181,
                                                      "Actual Loops": 10,
                                                      "Index Cond": "(company_id = cn.id)",
                                                      "Rows Removed by Index Recheck": 0
                                                    }
                                                  ]
                                                },
                                                {
                                                  "Node Type": "Index Scan",
                                                  "Parent Relationship": "Inner",
                                                  "Parallel Aware": false,
                                                  "Scan Direction": "Forward",
                                                  "Index Name": "movie_id_movie_info_idx",
                                                  "Relation Name": "movie_info_idx",
                                                  "Alias": "mi_idx",
                                                  "Startup Cost": 0.43,
                                                  "Total Cost": 0.5,
                                                  "Plan Rows": 3,
                                                  "Plan Width": 14,
                                                  "Actual Startup Time": 0.011,
                                                  "Actual Total Time": 0.011,
                                                  "Actual Rows": 2,
                                                  "Actual Loops": 1814,
                                                  "Index Cond": "(movie_id = mc.movie_id)",
                                                  "Rows Removed by Index Recheck": 0
                                                }
                                              ]
                                            },
                                            {
                                              "Node Type": "Hash",
                                              "Parent Relationship": "Inner",
                                              "Parallel Aware": false,
                                              "Startup Cost": 2.41,
                                              "Total Cost": 2.41,
                                              "Plan Rows": 1,
                                              "Plan Width": 4,
                                              "Actual Startup Time": 0.074,
                                              "Actual Total Time": 0.075,
                                              "Actual Rows": 1,
                                              "Actual Loops": 2,
                                              "Hash Buckets": 1024,
                                              "Original Hash Buckets": 1024,
                                              "Hash Batches": 1,
                                              "Original Hash Batches": 1,
                                              "Peak Memory Usage": 9,
                                              "Plans": [
                                                {
                                                  "Node Type": "Seq Scan",
                                                  "Parent Relationship": "Outer",
                                                  "Parallel Aware": false,
                                                  "Relation Name": "info_type",
                                                  "Alias": "it2",
                                                  "Startup Cost": 0.0,
                                                  "Total Cost": 2.41,
                                                  "Plan Rows": 1,
                                                  "Plan Width": 4,
                                                  "Actual Startup Time": 0.051,
                                                  "Actual Total Time": 0.055,
                                                  "Actual Rows": 1,
                                                  "Actual Loops": 2,
                                                  "Filter": "((info)::text = 'votes'::text)",
                                                  "Rows Removed by Filter": 112
                                                }
                                              ]
                                            }
                                          ]
                                        },
                                        {
                                          "Node Type": "Index Scan",
                                          "Parent Relationship": "Inner",
                                          "Parallel Aware": false,
                                          "Scan Direction": "Forward",
                                          "Index Name": "movie_id_movie_info",
                                          "Relation Name": "movie_info",
                                          "Alias": "mi",
                                          "Startup Cost": 0.43,
                                          "Total Cost": 1.59,
                                          "Plan Rows": 1,
                                          "Plan Width": 51,
                                          "Actual Startup Time": 0.072,
                                          "Actual Total Time": 0.072,
                                          "Actual Rows": 0,
                                          "Actual Loops": 1449,
                                          "Index Cond": "(movie_id = mc.movie_id)",
                                          "Rows Removed by Index Recheck": 0,
                                          "Filter": "(info = ANY ('{Horror,Thriller}'::text[]))",
                                          "Rows Removed by Filter": 75
                                        }
                                      ]
                                    },
                                    {
                                      "Node Type": "Index Scan",
                                      "Parent Relationship": "Inner",
                                      "Parallel Aware": false,
                                      "Scan Direction": "Forward",
                                      "Index Name": "movie_id_cast_info",
                                      "Relation Name": "cast_info",
                                      "Alias": "ci",
                                      "Startup Cost": 0.56,
                                      "Total Cost": 2.03,
                                      "Plan Rows": 1,
                                      "Plan Width": 8,
                                      "Actual Startup Time": 0.2,
                                      "Actual Total Time": 0.262,
                                      "Actual Rows": 1,
                                      "Actual Loops": 683,
                                      "Index Cond": "(movie_id = mc.movie_id)",
                                      "Rows Removed by Index Recheck": 0,
                                      "Filter": "(note = ANY ('{(writer),\"(head writer)\",\"(written by)\",(story),\"(story editor)\"}'::text[]))",
                                      "Rows Removed by Filter": 93
                                    }
                                  ]
                                },
                                {
                                  "Node Type": "Index Scan",
                                  "Parent Relationship": "Inner",
                                  "Parallel Aware": false,
                                  "Scan Direction": "Forward",
                                  "Index Name": "name_pkey",
                                  "Relation Name": "name",
                                  "Alias": "n",
                                  "Startup Cost": 0.43,
                                  "Total Cost": 0.69,
                                  "Plan Rows": 1,
                                  "Plan Width": 19,
                                  "Actual Startup Time": 0.013,
                                  "Actual Total Time": 0.013,
                                  "Actual Rows": 1,
                                  "Actual Loops": 602,
                                  "Index Cond": "(id = ci.person_id)",
                                  "Rows Removed by Index Recheck": 0,
                                  "Filter": "((gender)::text = 'm'::text)",
                                  "Rows Removed by Filter": 0
                                }
                              ]
                            },
                            {
                              "Node Type": "Index Scan",
                              "Parent Relationship": "Inner",
                              "Parallel Aware": false,
                              "Scan Direction": "Forward",
                              "Index Name": "title_pkey",
                              "Relation Name": "title",
                              "Alias": "t",
                              "Startup Cost": 0.43,
                              "Total Cost": 0.52,
                              "Plan Rows": 1,
                              "Plan Width": 21,
                              "Actual Startup Time": 0.009,
                              "Actual Total Time": 0.009,
                              "Actual Rows": 1,
                              "Actual Loops": 453,
                              "Index Cond": "(id = mc.movie_id)",
                              "Rows Removed by Index Recheck": 0
                            }
                          ]
                        },
                        {
                          "Node Type": "Index Scan",
                          "Parent Relationship": "Inner",
                          "Parallel Aware": false,
                          "Scan Direction": "Forward",
                          "Index Name": "movie_id_movie_keyword",
                          "Relation Name": "movie_keyword",
                          "Alias": "mk",
                          "Startup Cost": 0.43,
                          "Total Cost": 1.31,
                          "Plan Rows": 46,
                          "Plan Width": 8,
                          "Actual Startup Time": 0.014,
                          "Actual Total Time": 0.031,
                          "Actual Rows": 109,
                          "Actual Loops": 453,
                          "Index Cond": "(movie_id = t.id)",
                          "Rows Removed by Index Recheck": 0
                        }
                      ]
                    },
                    {
                      "Node Type": "Index Scan",
                      "Parent Relationship": "Inner",
                      "Parallel Aware": false,
                      "Scan Direction": "Forward",
                      "Index Name": "keyword_pkey",
                      "Relation Name": "keyword",
                      "Alias": "k",
                      "Startup Cost": 0.42,
                      "Total Cost": 0.45,
                      "Plan Rows": 1,
                      "Plan Width": 4,
                      "Actual Startup Time": 0.002,
                      "Actual Total Time": 0.002,
                      "Actual Rows": 0,
                      "Actual Loops": 49325,
                      "Index Cond": "(id = mk.keyword_id)",
                      "Rows Removed by Index Recheck": 0,
                      "Filter": "(keyword = ANY ('{murder,violence,blood,gore,death,female-nudity,hospital}'::text[]))",
                      "Rows Removed by Filter": 1
                    }
                  ]
                }
              ]
            },
            {
              "Node Type": "Index Scan",
              "Parent Relationship": "Inner",
              "Parallel Aware": false,
              "Scan Direction": "Forward",
              "Index Name": "info_type_pkey",
              "Relation Name": "info_type",
              "Alias": "it1",
              "Startup Cost": 0.14,
              "Total Cost": 0.16,
              "Plan Rows": 1,
              "Plan Width": 4,
              "Actual Startup Time": 0.001,
              "Actual Total Time": 0.001,
              "Actual Rows": 1,
              "Actual Loops": 1333,
              "Index Cond": "(id = mi.info_type_id)",
              "Rows Removed by Index Recheck": 0,
              "Filter": "((info)::text = 'genres'::text)",
              "Rows Removed by Filter": 0
            }
          ]
        }
      ]
    },
    "Planning Time": 488.271,
    "Triggers": [],
    "Execution Time": 290.769
  }
]