[
    {
        "Bao": {
            "Bao prediction": "NaN",
            "Bao recommended hint": "(no hint)"
        }
    },
    {
        "Plan": {
            "Node Type": "Aggregate",
            "Strategy": "Plain",
            "Partial Mode": "Finalize",
            "Parallel Aware": false,
            "Startup Cost": 170198.02,
            "Total Cost": 170198.03,
            "Plan Rows": 1,
            "Plan Width": 8,
            "Actual Startup Time": 63.146,
            "Actual Total Time": 67.051,
            "Actual Rows": 1,
            "Actual Loops": 1,
            "Output": [
                "count(*)"
            ],
            "Plans": [
                {
                    "Node Type": "Gather",
                    "Parent Relationship": "Outer",
                    "Parallel Aware": false,
                    "Startup Cost": 170197.5,
                    "Total Cost": 170198.01,
                    "Plan Rows": 5,
                    "Plan Width": 8,
                    "Actual Startup Time": 62.803,
                    "Actual Total Time": 67.043,
                    "Actual Rows": 6,
                    "Actual Loops": 1,
                    "Output": [
                        "(PARTIAL count(*))"
                    ],
                    "Workers Planned": 5,
                    "Workers Launched": 5,
                    "Single Copy": false,
                    "Plans": [
                        {
                            "Node Type": "Aggregate",
                            "Strategy": "Plain",
                            "Partial Mode": "Partial",
                            "Parent Relationship": "Outer",
                            "Parallel Aware": false,
                            "Startup Cost": 169197.5,
                            "Total Cost": 169197.51,
                            "Plan Rows": 1,
                            "Plan Width": 8,
                            "Actual Startup Time": 52.827,
                            "Actual Total Time": 52.828,
                            "Actual Rows": 1,
                            "Actual Loops": 6,
                            "Output": [
                                "PARTIAL count(*)"
                            ],
                            "Workers": [
                                {
                                    "Worker Number": 0,
                                    "Actual Startup Time": 50.817,
                                    "Actual Total Time": 50.818,
                                    "Actual Rows": 1,
                                    "Actual Loops": 1
                                },
                                {
                                    "Worker Number": 1,
                                    "Actual Startup Time": 50.826,
                                    "Actual Total Time": 50.828,
                                    "Actual Rows": 1,
                                    "Actual Loops": 1
                                },
                                {
                                    "Worker Number": 2,
                                    "Actual Startup Time": 51.178,
                                    "Actual Total Time": 51.179,
                                    "Actual Rows": 1,
                                    "Actual Loops": 1
                                },
                                {
                                    "Worker Number": 3,
                                    "Actual Startup Time": 50.815,
                                    "Actual Total Time": 50.816,
                                    "Actual Rows": 1,
                                    "Actual Loops": 1
                                },
                                {
                                    "Worker Number": 4,
                                    "Actual Startup Time": 51.111,
                                    "Actual Total Time": 51.112,
                                    "Actual Rows": 1,
                                    "Actual Loops": 1
                                }
                            ],
                            "Plans": [
                                {
                                    "Node Type": "Bitmap Heap Scan",
                                    "Parent Relationship": "Outer",
                                    "Parallel Aware": true,
                                    "Relation Name": "movie_info",
                                    "Schema": "public",
                                    "Alias": "mi",
                                    "Startup Cost": 6181.97,
                                    "Total Cost": 169027.08,
                                    "Plan Rows": 68169,
                                    "Plan Width": 0,
                                    "Actual Startup Time": 13.634,
                                    "Actual Total Time": 47.96,
                                    "Actual Rows": 61370,
                                    "Actual Loops": 6,
                                    "Recheck Cond": "(mi.info_type_id = 17)",
                                    "Rows Removed by Index Recheck": 0,
                                    "Exact Heap Blocks": 5524,
                                    "Lossy Heap Blocks": 0,
                                    "Workers": [
                                        {
                                            "Worker Number": 0,
                                            "Actual Startup Time": 11.659,
                                            "Actual Total Time": 46.374,
                                            "Actual Rows": 36951,
                                            "Actual Loops": 1
                                        },
                                        {
                                            "Worker Number": 1,
                                            "Actual Startup Time": 11.796,
                                            "Actual Total Time": 46.418,
                                            "Actual Rows": 37180,
                                            "Actual Loops": 1
                                        },
                                        {
                                            "Worker Number": 2,
                                            "Actual Startup Time": 11.905,
                                            "Actual Total Time": 46.754,
                                            "Actual Rows": 37489,
                                            "Actual Loops": 1
                                        },
                                        {
                                            "Worker Number": 3,
                                            "Actual Startup Time": 11.814,
                                            "Actual Total Time": 46.581,
                                            "Actual Rows": 34184,
                                            "Actual Loops": 1
                                        },
                                        {
                                            "Worker Number": 4,
                                            "Actual Startup Time": 11.886,
                                            "Actual Total Time": 46.891,
                                            "Actual Rows": 35830,
                                            "Actual Loops": 1
                                        }
                                    ],
                                    "Plans": [
                                        {
                                            "Node Type": "Bitmap Index Scan",
                                            "Parent Relationship": "Outer",
                                            "Parallel Aware": false,
                                            "Index Name": "info_type_id_movie_info",
                                            "Startup Cost": 0.0,
                                            "Total Cost": 6096.76,
                                            "Plan Rows": 340843,
                                            "Plan Width": 0,
                                            "Actual Startup Time": 20.862,
                                            "Actual Total Time": 20.862,
                                            "Actual Rows": 368218,
                                            "Actual Loops": 1,
                                            "Index Cond": "(mi.info_type_id = 17)"
                                        }
                                    ]
                                }
                            ]
                        }
                    ]
                }
            ]
        },
        "Planning Time": 247.832,
        "Triggers": [],
        "Execution Time": 67.152
    }
]