[
  {
    "Plan": {
      "Node Type": "Aggregate",
      "Strategy": "Plain",
      "Partial Mode": "Finalize",
      "Parallel Aware": false,
      "Startup Cost": 333928.3,
      "Total Cost": 333928.31,
      "Plan Rows": 1,
      "Plan Width": 8,
      "Actual Startup Time": 691.23,
      "Actual Total Time": 742.223,
      "Actual Rows": 1,
      "Actual Loops": 1,
      "Plans": [
        {
          "Node Type": "Gather",
          "Parent Relationship": "Outer",
          "Parallel Aware": false,
          "Startup Cost": 333927.67,
          "Total Cost": 333928.28,
          "Plan Rows": 6,
          "Plan Width": 8,
          "Actual Startup Time": 690.896,
          "Actual Total Time": 742.211,
          "Actual Rows": 7,
          "Actual Loops": 1,
          "Workers Planned": 6,
          "Workers Launched": 6,
          "Single Copy": false,
          "Plans": [
            {
              "Node Type": "Aggregate",
              "Strategy": "Plain",
              "Partial Mode": "Partial",
              "Parent Relationship": "Outer",
              "Parallel Aware": false,
              "Startup Cost": 332927.67,
              "Total Cost": 332927.68,
              "Plan Rows": 1,
              "Plan Width": 8,
              "Actual Startup Time": 681.252,
              "Actual Total Time": 681.253,
              "Actual Rows": 1,
              "Actual Loops": 7,
              "Plans": [
                {
                  "Node Type": "Seq Scan",
                  "Parent Relationship": "Outer",
                  "Parallel Aware": true,
                  "Relation Name": "cast_info",
                  "Alias": "ci",
                  "Startup Cost": 0.0,
                  "Total Cost": 328211.39,
                  "Plan Rows": 1886512,
                  "Plan Width": 0,
                  "Actual Startup Time": 302.226,
                  "Actual Total Time": 601.449,
                  "Actual Rows": 1599506,
                  "Actual Loops": 7,
                  "Filter": "(person_id > 2582335)",
                  "Rows Removed by Filter": 3578257
                }
              ]
            }
          ]
        }
      ]
    },
    "Planning Time": 0.205,
    "Triggers": [],
    "Execution Time": 742.289
  }
]