[
  {
    "Plan": {
      "Node Type": "Aggregate",
      "Strategy": "Plain",
      "Partial Mode": "Finalize",
      "Parallel Aware": false,
      "Startup Cost": 87381.55,
      "Total Cost": 87381.56,
      "Plan Rows": 1,
      "Plan Width": 8,
      "Actual Startup Time": 360.265,
      "Actual Total Time": 375.112,
      "Actual Rows": 1,
      "Actual Loops": 1,
      "Plans": [
        {
          "Node Type": "Gather",
          "Parent Relationship": "Outer",
          "Parallel Aware": false,
          "Startup Cost": 87381.24,
          "Total Cost": 87381.55,
          "Plan Rows": 3,
          "Plan Width": 8,
          "Actual Startup Time": 354.353,
          "Actual Total Time": 375.102,
          "Actual Rows": 4,
          "Actual Loops": 1,
          "Workers Planned": 3,
          "Workers Launched": 3,
          "Single Copy": false,
          "Plans": [
            {
              "Node Type": "Aggregate",
              "Strategy": "Plain",
              "Partial Mode": "Partial",
              "Parent Relationship": "Outer",
              "Parallel Aware": false,
              "Startup Cost": 86381.24,
              "Total Cost": 86381.25,
              "Plan Rows": 1,
              "Plan Width": 8,
              "Actual Startup Time": 347.401,
              "Actual Total Time": 347.404,
              "Actual Rows": 1,
              "Actual Loops": 4,
              "Plans": [
                {
                  "Node Type": "Hash Join",
                  "Parent Relationship": "Outer",
                  "Parallel Aware": true,
                  "Join Type": "Inner",
                  "Startup Cost": 59265.16,
                  "Total Cost": 86135.61,
                  "Plan Rows": 98250,
                  "Plan Width": 0,
                  "Actual Startup Time": 263.414,
                  "Actual Total Time": 346.037,
                  "Actual Rows": 18604,
                  "Actual Loops": 4,
                  "Inner Unique": true,
                  "Hash Cond": "(mk.movie_id = t.id)",
                  "Plans": [
                    {
                      "Node Type": "Bitmap Heap Scan",
                      "Parent Relationship": "Outer",
                      "Parallel Aware": true,
                      "Relation Name": "movie_keyword",
                      "Alias": "mk",
                      "Startup Cost": 10506.79,
                      "Total Cost": 36957.86,
                      "Plan Rows": 159765,
                      "Plan Width": 4,
                      "Actual Startup Time": 32.05,
                      "Actual Total Time": 82.966,
                      "Actual Rows": 123625,
                      "Actual Loops": 4,
                      "Recheck Cond": "(keyword_id > 36468)",
                      "Rows Removed by Index Recheck": 0,
                      "Exact Heap Blocks": 6515,
                      "Lossy Heap Blocks": 0,
                      "Plans": [
                        {
                          "Node Type": "Bitmap Index Scan",
                          "Parent Relationship": "Outer",
                          "Parallel Aware": false,
                          "Index Name": "keyword_id_movie_keyword",
                          "Startup Cost": 0.0,
                          "Total Cost": 10382.97,
                          "Plan Rows": 495272,
                          "Plan Width": 0,
                          "Actual Startup Time": 28.654,
                          "Actual Total Time": 28.654,
                          "Actual Rows": 494499,
                          "Actual Loops": 1,
                          "Index Cond": "(keyword_id > 36468)"
                        }
                      ]
                    },
                    {
                      "Node Type": "Hash",
                      "Parent Relationship": "Inner",
                      "Parallel Aware": true,
                      "Startup Cost": 43899.32,
                      "Total Cost": 43899.32,
                      "Plan Rows": 388724,
                      "Plan Width": 4,
                      "Actual Startup Time": 227.095,
                      "Actual Total Time": 227.096,
                      "Actual Rows": 388966,
                      "Actual Loops": 4,
                      "Hash Buckets": 2097152,
                      "Original Hash Buckets": 2097152,
                      "Hash Batches": 1,
                      "Original Hash Batches": 1,
                      "Peak Memory Usage": 77344,
                      "Plans": [
                        {
                          "Node Type": "Seq Scan",
                          "Parent Relationship": "Outer",
                          "Parallel Aware": true,
                          "Relation Name": "title",
                          "Alias": "t",
                          "Startup Cost": 0.0,
                          "Total Cost": 43899.32,
                          "Plan Rows": 388724,
                          "Plan Width": 4,
                          "Actual Startup Time": 0.035,
                          "Actual Total Time": 97.33,
                          "Actual Rows": 388966,
                          "Actual Loops": 4,
                          "Filter": "(kind_id > 4)",
                          "Rows Removed by Filter": 243112
                        }
                      ]
                    }
                  ]
                }
              ]
            }
          ]
        }
      ]
    },
    "Planning Time": 0.266,
    "Triggers": [],
    "Execution Time": 375.171
  }
]