[
    {
        "Bao": {
            "Bao prediction": "NaN",
            "Bao recommended hint": "(no hint)"
        }
    },
    {
        "Plan": {
            "Node Type": "Aggregate",
            "Strategy": "Plain",
            "Partial Mode": "Simple",
            "Parallel Aware": false,
            "Startup Cost": 13806.97,
            "Total Cost": 13806.98,
            "Plan Rows": 1,
            "Plan Width": 8,
            "Actual Startup Time": 4.946,
            "Actual Total Time": 4.949,
            "Actual Rows": 1,
            "Actual Loops": 1,
            "Output": [
                "count(*)"
            ],
            "Plans": [
                {
                    "Node Type": "Bitmap Heap Scan",
                    "Parent Relationship": "Outer",
                    "Parallel Aware": false,
                    "Relation Name": "movie_companies",
                    "Schema": "public",
                    "Alias": "mc",
                    "Startup Cost": 148.84,
                    "Total Cost": 13798.21,
                    "Plan Rows": 3503,
                    "Plan Width": 0,
                    "Actual Startup Time": 1.986,
                    "Actual Total Time": 4.307,
                    "Actual Rows": 3777,
                    "Actual Loops": 1,
                    "Recheck Cond": "(mc.company_id = 394)",
                    "Rows Removed by Index Recheck": 0,
                    "Filter": "(mc.company_type_id = 2)",
                    "Rows Removed by Filter": 949,
                    "Exact Heap Blocks": 386,
                    "Lossy Heap Blocks": 0,
                    "Plans": [
                        {
                            "Node Type": "Bitmap Index Scan",
                            "Parent Relationship": "Outer",
                            "Parallel Aware": false,
                            "Index Name": "company_id_movie_companies",
                            "Startup Cost": 0.0,
                            "Total Cost": 147.96,
                            "Plan Rows": 6871,
                            "Plan Width": 0,
                            "Actual Startup Time": 1.174,
                            "Actual Total Time": 1.175,
                            "Actual Rows": 4726,
                            "Actual Loops": 1,
                            "Index Cond": "(mc.company_id = 394)"
                        }
                    ]
                }
            ]
        },
        "Planning Time": 317.317,
        "Triggers": [],
        "Execution Time": 5.041
    }
]