{
  "Plan": {
    "Node Type": "Aggregate",
    "Strategy": "Plain",
    "Partial Mode": "Finalize",
    "Parallel Aware": false,
    "Startup Cost": 107464.26,
    "Total Cost": 107464.27,
    "Plan Rows": 1,
    "Plan Width": 8,
    "Actual Startup Time": 793.386,
    "Actual Total Time": 807.575,
    "Actual Rows": 1,
    "Actual Loops": 1,
    "Plans": [
      {
        "Node Type": "Gather",
        "Parent Relationship": "Outer",
        "Parallel Aware": false,
        "Startup Cost": 107464.15,
        "Total Cost": 107464.26,
        "Plan Rows": 1,
        "Plan Width": 8,
        "Actual Startup Time": 791.979,
        "Actual Total Time": 807.568,
        "Actual Rows": 2,
        "Actual Loops": 1,
        "Workers Planned": 1,
        "Workers Launched": 1,
        "Single Copy": false,
        "Plans": [
          {
            "Node Type": "Aggregate",
            "Strategy": "Plain",
            "Partial Mode": "Partial",
            "Parent Relationship": "Outer",
            "Parallel Aware": false,
            "Startup Cost": 106464.15,
            "Total Cost": 106464.16,
            "Plan Rows": 1,
            "Plan Width": 8,
            "Actual Startup Time": 789.008,
            "Actual Total Time": 789.014,
            "Actual Rows": 1,
            "Actual Loops": 2,
            "Plans": [
              {
                "Node Type": "Hash Join",
                "Parent Relationship": "Outer",
                "Parallel Aware": true,
                "Join Type": "Inner",
                "Startup Cost": 42957.37,
                "Total Cost": 105467.63,
                "Plan Rows": 398608,
                "Plan Width": 0,
                "Actual Startup Time": 252.773,
                "Actual Total Time": 771.406,
                "Actual Rows": 345688,
                "Actual Loops": 2,
                "Inner Unique": false,
                "Hash Cond": "(t.id = mc.movie_id)",
                "Plans": [
                  {
                    "Node Type": "Seq Scan",
                    "Parent Relationship": "Outer",
                    "Parallel Aware": true,
                    "Relation Name": "title",
                    "Alias": "t",
                    "Startup Cost": 0.0,
                    "Total Cost": 50870.31,
                    "Plan Rows": 1487231,
                    "Plan Width": 4,
                    "Actual Startup Time": 0.011,
                    "Actual Total Time": 147.545,
                    "Actual Rows": 1264156,
                    "Actual Loops": 2
                  },
                  {
                    "Node Type": "Hash",
                    "Parent Relationship": "Inner",
                    "Parallel Aware": true,
                    "Startup Cost": 37974.77,
                    "Total Cost": 37974.77,
                    "Plan Rows": 398608,
                    "Plan Width": 4,
                    "Actual Startup Time": 247.583,
                    "Actual Total Time": 247.585,
                    "Actual Rows": 345688,
                    "Actual Loops": 2,
                    "Hash Buckets": 1048576,
                    "Original Hash Buckets": 1048576,
                    "Hash Batches": 1,
                    "Original Hash Batches": 1,
                    "Peak Memory Usage": 35296,
                    "Plans": [
                      {
                        "Node Type": "Seq Scan",
                        "Parent Relationship": "Outer",
                        "Parallel Aware": true,
                        "Relation Name": "movie_companies",
                        "Alias": "mc",
                        "Startup Cost": 0.0,
                        "Total Cost": 37974.77,
                        "Plan Rows": 398608,
                        "Plan Width": 4,
                        "Actual Startup Time": 39.842,
                        "Actual Total Time": 144.063,
                        "Actual Rows": 345688,
                        "Actual Loops": 2,
                        "Filter": "(company_id > 46856)",
                        "Rows Removed by Filter": 958876
                      }
                    ]
                  }
                ]
              }
            ]
          }
        ]
      }
    ]
  },
  "Planning Time": 0.37,
  "Triggers": [],
  "Execution Time": 807.621
}