{
  "Plan": {
    "Node Type": "Aggregate",
    "Strategy": "Plain",
    "Partial Mode": "Finalize",
    "Parallel Aware": false,
    "Startup Cost": 89089.31,
    "Total Cost": 89089.32,
    "Plan Rows": 1,
    "Plan Width": 8,
    "Actual Startup Time": 293.423,
    "Actual Total Time": 310.379,
    "Actual Rows": 1,
    "Actual Loops": 1,
    "Plans": [
      {
        "Node Type": "Gather",
        "Parent Relationship": "Outer",
        "Parallel Aware": false,
        "Startup Cost": 89089.19,
        "Total Cost": 89089.3,
        "Plan Rows": 1,
        "Plan Width": 8,
        "Actual Startup Time": 293.049,
        "Actual Total Time": 310.373,
        "Actual Rows": 2,
        "Actual Loops": 1,
        "Workers Planned": 1,
        "Workers Launched": 1,
        "Single Copy": false,
        "Plans": [
          {
            "Node Type": "Aggregate",
            "Strategy": "Plain",
            "Partial Mode": "Partial",
            "Parent Relationship": "Outer",
            "Parallel Aware": false,
            "Startup Cost": 88089.19,
            "Total Cost": 88089.2,
            "Plan Rows": 1,
            "Plan Width": 8,
            "Actual Startup Time": 287.175,
            "Actual Total Time": 287.179,
            "Actual Rows": 1,
            "Actual Loops": 2,
            "Plans": [
              {
                "Node Type": "Hash Join",
                "Parent Relationship": "Outer",
                "Parallel Aware": true,
                "Join Type": "Inner",
                "Startup Cost": 60993.11,
                "Total Cost": 88086.63,
                "Plan Rows": 1024,
                "Plan Width": 0,
                "Actual Startup Time": 189.433,
                "Actual Total Time": 287.027,
                "Actual Rows": 1246,
                "Actual Loops": 2,
                "Inner Unique": true,
                "Hash Cond": "(mk.movie_id = t.id)",
                "Plans": [
                  {
                    "Node Type": "Bitmap Heap Scan",
                    "Parent Relationship": "Outer",
                    "Parallel Aware": true,
                    "Relation Name": "movie_keyword",
                    "Alias": "mk",
                    "Startup Cost": 6295.66,
                    "Total Cost": 32931.08,
                    "Plan Rows": 174514,
                    "Plan Width": 4,
                    "Actual Startup Time": 35.951,
                    "Actual Total Time": 111.729,
                    "Actual Rows": 155743,
                    "Actual Loops": 2,
                    "Recheck Cond": "(keyword_id < 249)",
                    "Rows Removed by Index Recheck": 0,
                    "Exact Heap Blocks": 16305,
                    "Lossy Heap Blocks": 0,
                    "Plans": [
                      {
                        "Node Type": "Bitmap Index Scan",
                        "Parent Relationship": "Outer",
                        "Parallel Aware": false,
                        "Index Name": "keyword_id_movie_keyword",
                        "Startup Cost": 0.0,
                        "Total Cost": 6221.49,
                        "Plan Rows": 296674,
                        "Plan Width": 0,
                        "Actual Startup Time": 30.205,
                        "Actual Total Time": 30.206,
                        "Actual Rows": 311486,
                        "Actual Loops": 1,
                        "Index Cond": "(keyword_id < 249)"
                      }
                    ]
                  },
                  {
                    "Node Type": "Hash",
                    "Parent Relationship": "Inner",
                    "Parallel Aware": true,
                    "Startup Cost": 54588.39,
                    "Total Cost": 54588.39,
                    "Plan Rows": 8725,
                    "Plan Width": 4,
                    "Actual Startup Time": 152.161,
                    "Actual Total Time": 152.162,
                    "Actual Rows": 6868,
                    "Actual Loops": 2,
                    "Hash Buckets": 16384,
                    "Original Hash Buckets": 16384,
                    "Hash Batches": 1,
                    "Original Hash Batches": 1,
                    "Peak Memory Usage": 704,
                    "Plans": [
                      {
                        "Node Type": "Seq Scan",
                        "Parent Relationship": "Outer",
                        "Parallel Aware": true,
                        "Relation Name": "title",
                        "Alias": "t",
                        "Startup Cost": 0.0,
                        "Total Cost": 54588.39,
                        "Plan Rows": 8725,
                        "Plan Width": 4,
                        "Actual Startup Time": 0.117,
                        "Actual Total Time": 148.976,
                        "Actual Rows": 6868,
                        "Actual Loops": 2,
                        "Filter": "(production_year = 1974)",
                        "Rows Removed by Filter": 1257288
                      }
                    ]
                  }
                ]
              }
            ]
          }
        ]
      }
    ]
  },
  "Planning Time": 0.286,
  "Triggers": [],
  "Execution Time": 310.44
}