[
  {
    "Plan": {
      "Node Type": "Aggregate",
      "Strategy": "Plain",
      "Partial Mode": "Finalize",
      "Parallel Aware": false,
      "Startup Cost": 37073.5,
      "Total Cost": 37073.51,
      "Plan Rows": 1,
      "Plan Width": 8,
      "Actual Startup Time": 153.24,
      "Actual Total Time": 165.792,
      "Actual Rows": 1,
      "Actual Loops": 1,
      "Plans": [
        {
          "Node Type": "Gather",
          "Parent Relationship": "Outer",
          "Parallel Aware": false,
          "Startup Cost": 37073.19,
          "Total Cost": 37073.5,
          "Plan Rows": 3,
          "Plan Width": 8,
          "Actual Startup Time": 152.772,
          "Actual Total Time": 165.78,
          "Actual Rows": 4,
          "Actual Loops": 1,
          "Workers Planned": 3,
          "Workers Launched": 3,
          "Single Copy": false,
          "Plans": [
            {
              "Node Type": "Aggregate",
              "Strategy": "Plain",
              "Partial Mode": "Partial",
              "Parent Relationship": "Outer",
              "Parallel Aware": false,
              "Startup Cost": 36073.19,
              "Total Cost": 36073.2,
              "Plan Rows": 1,
              "Plan Width": 8,
              "Actual Startup Time": 143.273,
              "Actual Total Time": 143.275,
              "Actual Rows": 1,
              "Actual Loops": 4,
              "Plans": [
                {
                  "Node Type": "Bitmap Heap Scan",
                  "Parent Relationship": "Outer",
                  "Parallel Aware": true,
                  "Relation Name": "movie_keyword",
                  "Alias": "mk",
                  "Startup Cost": 9461.05,
                  "Total Cost": 35713.5,
                  "Plan Rows": 143876,
                  "Plan Width": 0,
                  "Actual Startup Time": 48.452,
                  "Actual Total Time": 134.141,
                  "Actual Rows": 110941,
                  "Actual Loops": 4,
                  "Recheck Cond": "(keyword_id > 39903)",
                  "Rows Removed by Index Recheck": 0,
                  "Exact Heap Blocks": 9232,
                  "Lossy Heap Blocks": 0,
                  "Plans": [
                    {
                      "Node Type": "Bitmap Index Scan",
                      "Parent Relationship": "Outer",
                      "Parallel Aware": false,
                      "Index Name": "keyword_id_movie_keyword",
                      "Startup Cost": 0.0,
                      "Total Cost": 9349.55,
                      "Plan Rows": 446015,
                      "Plan Width": 0,
                      "Actual Startup Time": 51.92,
                      "Actual Total Time": 51.921,
                      "Actual Rows": 443763,
                      "Actual Loops": 1,
                      "Index Cond": "(keyword_id > 39903)"
                    }
                  ]
                }
              ]
            }
          ]
        }
      ]
    },
    "Planning Time": 0.198,
    "Triggers": [],
    "Execution Time": 165.87
  }
]