{
  "Plan": {
    "Node Type": "Aggregate",
    "Strategy": "Plain",
    "Partial Mode": "Finalize",
    "Parallel Aware": false,
    "Startup Cost": 168129.54,
    "Total Cost": 168129.55,
    "Plan Rows": 1,
    "Plan Width": 8,
    "Actual Startup Time": 309.821,
    "Actual Total Time": 333.563,
    "Actual Rows": 1,
    "Actual Loops": 1,
    "Plans": [
      {
        "Node Type": "Gather",
        "Parent Relationship": "Outer",
        "Parallel Aware": false,
        "Startup Cost": 168129.42,
        "Total Cost": 168129.53,
        "Plan Rows": 1,
        "Plan Width": 8,
        "Actual Startup Time": 309.027,
        "Actual Total Time": 333.552,
        "Actual Rows": 2,
        "Actual Loops": 1,
        "Workers Planned": 1,
        "Workers Launched": 1,
        "Single Copy": false,
        "Plans": [
          {
            "Node Type": "Aggregate",
            "Strategy": "Plain",
            "Partial Mode": "Partial",
            "Parent Relationship": "Outer",
            "Parallel Aware": false,
            "Startup Cost": 167129.42,
            "Total Cost": 167129.43,
            "Plan Rows": 1,
            "Plan Width": 8,
            "Actual Startup Time": 302.675,
            "Actual Total Time": 302.682,
            "Actual Rows": 1,
            "Actual Loops": 2,
            "Plans": [
              {
                "Node Type": "Nested Loop",
                "Parent Relationship": "Outer",
                "Parallel Aware": false,
                "Join Type": "Inner",
                "Startup Cost": 66305.49,
                "Total Cost": 166924.95,
                "Plan Rows": 81791,
                "Plan Width": 0,
                "Actual Startup Time": 221.66,
                "Actual Total Time": 299.957,
                "Actual Rows": 57206,
                "Actual Loops": 2,
                "Inner Unique": false,
                "Plans": [
                  {
                    "Node Type": "Hash Join",
                    "Parent Relationship": "Outer",
                    "Parallel Aware": true,
                    "Join Type": "Inner",
                    "Startup Cost": 66305.06,
                    "Total Cost": 89596.1,
                    "Plan Rows": 18477,
                    "Plan Width": 8,
                    "Actual Startup Time": 221.596,
                    "Actual Total Time": 237.193,
                    "Actual Rows": 2240,
                    "Actual Loops": 2,
                    "Inner Unique": true,
                    "Hash Cond": "(mc.movie_id = t.id)",
                    "Plans": [
                      {
                        "Node Type": "Bitmap Heap Scan",
                        "Parent Relationship": "Outer",
                        "Parallel Aware": true,
                        "Relation Name": "movie_companies",
                        "Alias": "mc",
                        "Startup Cost": 10093.58,
                        "Total Cost": 33017.32,
                        "Plan Rows": 139923,
                        "Plan Width": 4,
                        "Actual Startup Time": 56.461,
                        "Actual Total Time": 75.24,
                        "Actual Rows": 59227,
                        "Actual Loops": 2,
                        "Recheck Cond": "(company_id < 400)",
                        "Rows Removed by Index Recheck": 0,
                        "Filter": "(company_type_id = 2)",
                        "Rows Removed by Filter": 173264,
                        "Exact Heap Blocks": 11470,
                        "Lossy Heap Blocks": 0,
                        "Plans": [
                          {
                            "Node Type": "Bitmap Index Scan",
                            "Parent Relationship": "Outer",
                            "Parallel Aware": false,
                            "Index Name": "company_id_movie_companies",
                            "Startup Cost": 0.0,
                            "Total Cost": 10034.11,
                            "Plan Rows": 468491,
                            "Plan Width": 0,
                            "Actual Startup Time": 17.191,
                            "Actual Total Time": 17.192,
                            "Actual Rows": 464981,
                            "Actual Loops": 1,
                            "Index Cond": "(company_id < 400)"
                          }
                        ]
                      },
                      {
                        "Node Type": "Hash",
                        "Parent Relationship": "Inner",
                        "Parallel Aware": true,
                        "Startup Cost": 53756.58,
                        "Total Cost": 53756.58,
                        "Plan Rows": 196392,
                        "Plan Width": 4,
                        "Actual Startup Time": 140.13,
                        "Actual Total Time": 140.132,
                        "Actual Rows": 127786,
                        "Actual Loops": 2,
                        "Hash Buckets": 524288,
                        "Original Hash Buckets": 524288,
                        "Hash Batches": 1,
                        "Original Hash Batches": 1,
                        "Peak Memory Usage": 14144,
                        "Plans": [
                          {
                            "Node Type": "Bitmap Heap Scan",
                            "Parent Relationship": "Outer",
                            "Parallel Aware": true,
                            "Relation Name": "title",
                            "Alias": "t",
                            "Startup Cost": 11906.32,
                            "Total Cost": 53756.58,
                            "Plan Rows": 196392,
                            "Plan Width": 4,
                            "Actual Startup Time": 37.226,
                            "Actual Total Time": 105.102,
                            "Actual Rows": 127786,
                            "Actual Loops": 2,
                            "Recheck Cond": "(kind_id = 1)",
                            "Rows Removed by Index Recheck": 0,
                            "Filter": "(production_year > 2002)",
                            "Rows Removed by Filter": 203627,
                            "Exact Heap Blocks": 8119,
                            "Lossy Heap Blocks": 0,
                            "Plans": [
                              {
                                "Node Type": "Bitmap Index Scan",
                                "Parent Relationship": "Outer",
                                "Parallel Aware": false,
                                "Index Name": "kind_id_title",
                                "Startup Cost": 0.0,
                                "Total Cost": 11822.85,
                                "Plan Rows": 663256,
                                "Plan Width": 0,
                                "Actual Startup Time": 35.778,
                                "Actual Total Time": 35.778,
                                "Actual Rows": 662825,
                                "Actual Loops": 1,
                                "Index Cond": "(kind_id = 1)"
                              }
                            ]
                          }
                        ]
                      }
                    ]
                  },
                  {
                    "Node Type": "Index Scan",
                    "Parent Relationship": "Inner",
                    "Parallel Aware": false,
                    "Scan Direction": "Forward",
                    "Index Name": "movie_id_movie_info",
                    "Relation Name": "movie_info",
                    "Alias": "mi",
                    "Startup Cost": 0.43,
                    "Total Cost": 3.87,
                    "Plan Rows": 32,
                    "Plan Width": 4,
                    "Actual Startup Time": 0.007,
                    "Actual Total Time": 0.026,
                    "Actual Rows": 26,
                    "Actual Loops": 4481,
                    "Index Cond": "(movie_id = t.id)",
                    "Rows Removed by Index Recheck": 0,
                    "Filter": "(info_type_id > 3)",
                    "Rows Removed by Filter": 4
                  }
                ]
              }
            ]
          }
        ]
      }
    ]
  },
  "Planning Time": 1.089,
  "Triggers": [],
  "Execution Time": 333.695
}