[
  {
    "Plan": {
      "Node Type": "Aggregate",
      "Strategy": "Plain",
      "Partial Mode": "Finalize",
      "Parallel Aware": false,
      "Startup Cost": 115134.1,
      "Total Cost": 115134.11,
      "Plan Rows": 1,
      "Plan Width": 8,
      "Actual Startup Time": 1292.291,
      "Actual Total Time": 1347.609,
      "Actual Rows": 1,
      "Actual Loops": 1,
      "Plans": [
        {
          "Node Type": "Gather",
          "Parent Relationship": "Outer",
          "Parallel Aware": false,
          "Startup Cost": 115133.79,
          "Total Cost": 115134.1,
          "Plan Rows": 3,
          "Plan Width": 8,
          "Actual Startup Time": 1291.154,
          "Actual Total Time": 1347.596,
          "Actual Rows": 4,
          "Actual Loops": 1,
          "Workers Planned": 3,
          "Workers Launched": 3,
          "Single Copy": false,
          "Plans": [
            {
              "Node Type": "Aggregate",
              "Strategy": "Plain",
              "Partial Mode": "Partial",
              "Parent Relationship": "Outer",
              "Parallel Aware": false,
              "Startup Cost": 114133.79,
              "Total Cost": 114133.8,
              "Plan Rows": 1,
              "Plan Width": 8,
              "Actual Startup Time": 1286.378,
              "Actual Total Time": 1286.45,
              "Actual Rows": 1,
              "Actual Loops": 4,
              "Plans": [
                {
                  "Node Type": "Nested Loop",
                  "Parent Relationship": "Outer",
                  "Parallel Aware": false,
                  "Join Type": "Inner",
                  "Startup Cost": 45712.7,
                  "Total Cost": 114086.56,
                  "Plan Rows": 18891,
                  "Plan Width": 0,
                  "Actual Startup Time": 130.473,
                  "Actual Total Time": 1262.678,
                  "Actual Rows": 454312,
                  "Actual Loops": 4,
                  "Inner Unique": false,
                  "Join Filter": "(t.id = mi.movie_id)",
                  "Rows Removed by Join Filter": 0,
                  "Plans": [
                    {
                      "Node Type": "Hash Join",
                      "Parent Relationship": "Outer",
                      "Parallel Aware": true,
                      "Join Type": "Inner",
                      "Startup Cost": 45712.26,
                      "Total Cost": 76960.77,
                      "Plan Rows": 21738,
                      "Plan Width": 8,
                      "Actual Startup Time": 130.152,
                      "Actual Total Time": 337.618,
                      "Actual Rows": 91846,
                      "Actual Loops": 4,
                      "Inner Unique": true,
                      "Hash Cond": "(mc.movie_id = t.id)",
                      "Plans": [
                        {
                          "Node Type": "Seq Scan",
                          "Parent Relationship": "Outer",
                          "Parallel Aware": true,
                          "Relation Name": "movie_companies",
                          "Alias": "mc",
                          "Startup Cost": 0.0,
                          "Total Cost": 29310.68,
                          "Plan Rows": 738220,
                          "Plan Width": 4,
                          "Actual Startup Time": 0.011,
                          "Actual Total Time": 85.883,
                          "Actual Rows": 571924,
                          "Actual Loops": 4,
                          "Filter": "(company_id < 91464)",
                          "Rows Removed by Filter": 80358
                        },
                        {
                          "Node Type": "Hash",
                          "Parent Relationship": "Inner",
                          "Parallel Aware": true,
                          "Startup Cost": 45479.59,
                          "Total Cost": 45479.59,
                          "Plan Rows": 18614,
                          "Plan Width": 4,
                          "Actual Startup Time": 128.604,
                          "Actual Total Time": 128.606,
                          "Actual Rows": 49878,
                          "Actual Loops": 4,
                          "Hash Buckets": 262144,
                          "Original Hash Buckets": 131072,
                          "Hash Batches": 1,
                          "Original Hash Batches": 1,
                          "Peak Memory Usage": 10944,
                          "Plans": [
                            {
                              "Node Type": "Seq Scan",
                              "Parent Relationship": "Outer",
                              "Parallel Aware": true,
                              "Relation Name": "title",
                              "Alias": "t",
                              "Startup Cost": 0.0,
                              "Total Cost": 45479.59,
                              "Plan Rows": 18614,
                              "Plan Width": 4,
                              "Actual Startup Time": 0.174,
                              "Actual Total Time": 106.617,
                              "Actual Rows": 49878,
                              "Actual Loops": 4,
                              "Filter": "((kind_id < 3) AND (production_year < 1962))",
                              "Rows Removed by Filter": 582200
                            }
                          ]
                        }
                      ]
                    },
                    {
                      "Node Type": "Index Scan",
                      "Parent Relationship": "Inner",
                      "Parallel Aware": false,
                      "Scan Direction": "Forward",
                      "Index Name": "movie_id_movie_info",
                      "Relation Name": "movie_info",
                      "Alias": "mi",
                      "Startup Cost": 0.43,
                      "Total Cost": 1.63,
                      "Plan Rows": 6,
                      "Plan Width": 4,
                      "Actual Startup Time": 0.006,
                      "Actual Total Time": 0.009,
                      "Actual Rows": 5,
                      "Actual Loops": 367386,
                      "Index Cond": "(movie_id = mc.movie_id)",
                      "Rows Removed by Index Recheck": 0,
                      "Filter": "(info_type_id > 16)",
                      "Rows Removed by Filter": 17
                    }
                  ]
                }
              ]
            }
          ]
        }
      ]
    },
    "Planning Time": 0.96,
    "Triggers": [],
    "Execution Time": 1347.683
  }
]