[
  {
    "Plan": {
      "Node Type": "Aggregate",
      "Strategy": "Plain",
      "Partial Mode": "Finalize",
      "Parallel Aware": false,
      "Startup Cost": 346905.23,
      "Total Cost": 346905.24,
      "Plan Rows": 1,
      "Plan Width": 64,
      "Actual Startup Time": 2053.812,
      "Actual Total Time": 2126.873,
      "Actual Rows": 1,
      "Actual Loops": 1,
      "Plans": [
        {
          "Node Type": "Gather",
          "Parent Relationship": "Outer",
          "Parallel Aware": false,
          "Startup Cost": 346905.01,
          "Total Cost": 346905.22,
          "Plan Rows": 2,
          "Plan Width": 64,
          "Actual Startup Time": 2053.125,
          "Actual Total Time": 2126.854,
          "Actual Rows": 3,
          "Actual Loops": 1,
          "Workers Planned": 2,
          "Workers Launched": 2,
          "Single Copy": false,
          "Plans": [
            {
              "Node Type": "Aggregate",
              "Strategy": "Plain",
              "Partial Mode": "Partial",
              "Parent Relationship": "Outer",
              "Parallel Aware": false,
              "Startup Cost": 345905.01,
              "Total Cost": 345905.02,
              "Plan Rows": 1,
              "Plan Width": 64,
              "Actual Startup Time": 2042.87,
              "Actual Total Time": 2042.913,
              "Actual Rows": 1,
              "Actual Loops": 3,
              "Plans": [
                {
                  "Node Type": "Hash Join",
                  "Parent Relationship": "Outer",
                  "Parallel Aware": true,
                  "Join Type": "Inner",
                  "Startup Cost": 337642.05,
                  "Total Cost": 345904.99,
                  "Plan Rows": 4,
                  "Plan Width": 60,
                  "Actual Startup Time": 2034.971,
                  "Actual Total Time": 2042.883,
                  "Actual Rows": 12,
                  "Actual Loops": 3,
                  "Inner Unique": false,
                  "Hash Cond": "(at.movie_id = t.id)",
                  "Plans": [
                    {
                      "Node Type": "Seq Scan",
                      "Parent Relationship": "Outer",
                      "Parallel Aware": true,
                      "Relation Name": "aka_title",
                      "Alias": "at",
                      "Startup Cost": 0.0,
                      "Total Cost": 7698.13,
                      "Plan Rows": 150613,
                      "Plan Width": 4,
                      "Actual Startup Time": 0.036,
                      "Actual Total Time": 41.099,
                      "Actual Rows": 120491,
                      "Actual Loops": 3
                    },
                    {
                      "Node Type": "Hash",
                      "Parent Relationship": "Inner",
                      "Parallel Aware": true,
                      "Startup Cost": 337642.04,
                      "Total Cost": 337642.04,
                      "Plan Rows": 1,
                      "Plan Width": 76,
                      "Actual Startup Time": 1989.332,
                      "Actual Total Time": 1989.371,
                      "Actual Rows": 50,
                      "Actual Loops": 3,
                      "Hash Buckets": 1024,
                      "Original Hash Buckets": 1024,
                      "Hash Batches": 1,
                      "Original Hash Batches": 1,
                      "Peak Memory Usage": 104,
                      "Plans": [
                        {
                          "Node Type": "Hash Join",
                          "Parent Relationship": "Outer",
                          "Parallel Aware": false,
                          "Join Type": "Inner",
                          "Startup Cost": 293122.21,
                          "Total Cost": 337642.04,
                          "Plan Rows": 1,
                          "Plan Width": 76,
                          "Actual Startup Time": 1670.282,
                          "Actual Total Time": 1989.211,
                          "Actual Rows": 50,
                          "Actual Loops": 3,
                          "Inner Unique": true,
                          "Hash Cond": "(mk.keyword_id = k.id)",
                          "Plans": [
                            {
                              "Node Type": "Hash Join",
                              "Parent Relationship": "Outer",
                              "Parallel Aware": true,
                              "Join Type": "Inner",
                              "Startup Cost": 289154.38,
                              "Total Cost": 333674.21,
                              "Plan Rows": 1,
                              "Plan Width": 80,
                              "Actual Startup Time": 1606.683,
                              "Actual Total Time": 1925.537,
                              "Actual Rows": 50,
                              "Actual Loops": 3,
                              "Inner Unique": false,
                              "Hash Cond": "(mk.movie_id = t.id)",
                              "Plans": [
                                {
                                  "Node Type": "Seq Scan",
                                  "Parent Relationship": "Outer",
                                  "Parallel Aware": true,
                                  "Relation Name": "movie_keyword",
                                  "Alias": "mk",
                                  "Startup Cost": 0.0,
                                  "Total Cost": 39047.32,
                                  "Plan Rows": 1459332,
                                  "Plan Width": 8,
                                  "Actual Startup Time": 0.027,
                                  "Actual Total Time": 214.622,
                                  "Actual Rows": 1507977,
                                  "Actual Loops": 3
                                },
                                {
                                  "Node Type": "Hash",
                                  "Parent Relationship": "Inner",
                                  "Parallel Aware": true,
                                  "Startup Cost": 289154.37,
                                  "Total Cost": 289154.37,
                                  "Plan Rows": 1,
                                  "Plan Width": 72,
                                  "Actual Startup Time": 1585.973,
                                  "Actual Total Time": 1586.006,
                                  "Actual Rows": 25,
                                  "Actual Loops": 3,
                                  "Hash Buckets": 1024,
                                  "Original Hash Buckets": 1024,
                                  "Hash Batches": 1,
                                  "Original Hash Batches": 1,
                                  "Peak Memory Usage": 104,
                                  "Plans": [
                                    {
                                      "Node Type": "Hash Join",
                                      "Parent Relationship": "Outer",
                                      "Parallel Aware": true,
                                      "Join Type": "Inner",
                                      "Startup Cost": 243018.17,
                                      "Total Cost": 289154.37,
                                      "Plan Rows": 1,
                                      "Plan Width": 72,
                                      "Actual Startup Time": 1315.347,
                                      "Actual Total Time": 1585.823,
                                      "Actual Rows": 25,
                                      "Actual Loops": 3,
                                      "Inner Unique": false,
                                      "Hash Cond": "(t.id = mi.movie_id)",
                                      "Plans": [
                                        {
                                          "Node Type": "Seq Scan",
                                          "Parent Relationship": "Outer",
                                          "Parallel Aware": true,
                                          "Relation Name": "title",
                                          "Alias": "t",
                                          "Startup Cost": 0.0,
                                          "Total Cost": 45478.94,
                                          "Plan Rows": 175266,
                                          "Plan Width": 21,
                                          "Actual Startup Time": 0.023,
                                          "Actual Total Time": 259.099,
                                          "Actual Rows": 238753,
                                          "Actual Loops": 3,
                                          "Filter": "((production_year >= 2005) AND (production_year <= 2010))",
                                          "Rows Removed by Filter": 604018
                                        },
                                        {
                                          "Node Type": "Hash",
                                          "Parent Relationship": "Inner",
                                          "Parallel Aware": true,
                                          "Startup Cost": 243018.16,
                                          "Total Cost": 243018.16,
                                          "Plan Rows": 1,
                                          "Plan Width": 51,
                                          "Actual Startup Time": 1303.243,
                                          "Actual Total Time": 1303.266,
                                          "Actual Rows": 25,
                                          "Actual Loops": 3,
                                          "Hash Buckets": 1024,
                                          "Original Hash Buckets": 1024,
                                          "Hash Batches": 1,
                                          "Original Hash Batches": 1,
                                          "Peak Memory Usage": 104,
                                          "Plans": [
                                            {
                                              "Node Type": "Hash Join",
                                              "Parent Relationship": "Outer",
                                              "Parallel Aware": false,
                                              "Join Type": "Inner",
                                              "Startup Cost": 211588.08,
                                              "Total Cost": 243018.16,
                                              "Plan Rows": 1,
                                              "Plan Width": 51,
                                              "Actual Startup Time": 1116.147,
                                              "Actual Total Time": 1303.135,
                                              "Actual Rows": 25,
                                              "Actual Loops": 3,
                                              "Inner Unique": true,
                                              "Hash Cond": "(mc.company_type_id = ct.id)",
                                              "Plans": [
                                                {
                                                  "Node Type": "Hash Join",
                                                  "Parent Relationship": "Outer",
                                                  "Parallel Aware": true,
                                                  "Join Type": "Inner",
                                                  "Startup Cost": 211586.99,
                                                  "Total Cost": 243017.06,
                                                  "Plan Rows": 1,
                                                  "Plan Width": 55,
                                                  "Actual Startup Time": 1116.056,
                                                  "Actual Total Time": 1303.021,
                                                  "Actual Rows": 25,
                                                  "Actual Loops": 3,
                                                  "Inner Unique": false,
                                                  "Hash Cond": "(mc.movie_id = mi.movie_id)",
                                                  "Plans": [
                                                    {
                                                      "Node Type": "Hash Join",
                                                      "Parent Relationship": "Outer",
                                                      "Parallel Aware": true,
                                                      "Join Type": "Inner",
                                                      "Startup Cost": 5068.52,
                                                      "Total Cost": 36498.58,
                                                      "Plan Rows": 1,
                                                      "Plan Width": 8,
                                                      "Actual Startup Time": 21.82,
                                                      "Actual Total Time": 210.262,
                                                      "Actual Rows": 93,
                                                      "Actual Loops": 3,
                                                      "Inner Unique": true,
                                                      "Hash Cond": "(mc.company_id = cn.id)",
                                                      "Plans": [
                                                        {
                                                          "Node Type": "Seq Scan",
                                                          "Parent Relationship": "Outer",
                                                          "Parallel Aware": true,
                                                          "Relation Name": "movie_companies",
                                                          "Alias": "mc",
                                                          "Startup Cost": 0.0,
                                                          "Total Cost": 31414.82,
                                                          "Plan Rows": 5807,
                                                          "Plan Width": 12,
                                                          "Actual Startup Time": 0.038,
                                                          "Actual Total Time": 186.355,
                                                          "Actual Rows": 20555,
                                                          "Actual Loops": 3,
                                                          "Filter": "((note ~~ '%(200%)%'::text) AND (note ~~ '%(worldwide)%'::text))",
                                                          "Rows Removed by Filter": 849155
                                                        },
                                                        {
                                                          "Node Type": "Hash",
                                                          "Parent Relationship": "Inner",
                                                          "Parallel Aware": true,
                                                          "Startup Cost": 5068.5,
                                                          "Total Cost": 5068.5,
                                                          "Plan Rows": 1,
                                                          "Plan Width": 4,
                                                          "Actual Startup Time": 20.994,
                                                          "Actual Total Time": 20.996,
                                                          "Actual Rows": 0,
                                                          "Actual Loops": 3,
                                                          "Hash Buckets": 1024,
                                                          "Original Hash Buckets": 1024,
                                                          "Hash Batches": 1,
                                                          "Original Hash Batches": 1,
                                                          "Peak Memory Usage": 40,
                                                          "Plans": [
                                                            {
                                                              "Node Type": "Seq Scan",
                                                              "Parent Relationship": "Outer",
                                                              "Parallel Aware": true,
                                                              "Relation Name": "company_name",
                                                              "Alias": "cn",
                                                              "Startup Cost": 0.0,
                                                              "Total Cost": 5068.5,
                                                              "Plan Rows": 1,
                                                              "Plan Width": 4,
                                                              "Actual Startup Time": 15.013,
                                                              "Actual Total Time": 20.931,
                                                              "Actual Rows": 0,
                                                              "Actual Loops": 3,
                                                              "Filter": "(((country_code)::text = '[us]'::text) AND (name = 'YouTube'::text))",
                                                              "Rows Removed by Filter": 78332
                                                            }
                                                          ]
                                                        }
                                                      ]
                                                    },
                                                    {
                                                      "Node Type": "Hash",
                                                      "Parent Relationship": "Inner",
                                                      "Parallel Aware": true,
                                                      "Startup Cost": 206518.46,
                                                      "Total Cost": 206518.46,
                                                      "Plan Rows": 1,
                                                      "Plan Width": 47,
                                                      "Actual Startup Time": 1092.59,
                                                      "Actual Total Time": 1092.597,
                                                      "Actual Rows": 590,
                                                      "Actual Loops": 3,
                                                      "Hash Buckets": 1024,
                                                      "Original Hash Buckets": 1024,
                                                      "Hash Batches": 1,
                                                      "Original Hash Batches": 1,
                                                      "Peak Memory Usage": 136,
                                                      "Plans": [
                                                        {
                                                          "Node Type": "Hash Join",
                                                          "Parent Relationship": "Outer",
                                                          "Parallel Aware": false,
                                                          "Join Type": "Inner",
                                                          "Startup Cost": 2.43,
                                                          "Total Cost": 206518.46,
                                                          "Plan Rows": 1,
                                                          "Plan Width": 47,
                                                          "Actual Startup Time": 272.195,
                                                          "Actual Total Time": 1092.068,
                                                          "Actual Rows": 590,
                                                          "Actual Loops": 3,
                                                          "Inner Unique": true,
                                                          "Hash Cond": "(mi.info_type_id = it1.id)",
                                                          "Plans": [
                                                            {
                                                              "Node Type": "Seq Scan",
                                                              "Parent Relationship": "Outer",
                                                              "Parallel Aware": true,
                                                              "Relation Name": "movie_info",
                                                              "Alias": "mi",
                                                              "Startup Cost": 0.0,
                                                              "Total Cost": 206515.92,
                                                              "Plan Rows": 46,
                                                              "Plan Width": 51,
                                                              "Actual Startup Time": 272.066,
                                                              "Actual Total Time": 1091.571,
                                                              "Actual Rows": 590,
                                                              "Actual Loops": 3,
                                                              "Filter": "((note ~~ '%internet%'::text) AND (info ~~ 'USA:% 200%'::text))",
                                                              "Rows Removed by Filter": 4944650
                                                            },
                                                            {
                                                              "Node Type": "Hash",
                                                              "Parent Relationship": "Inner",
                                                              "Parallel Aware": false,
                                                              "Startup Cost": 2.41,
                                                              "Total Cost": 2.41,
                                                              "Plan Rows": 1,
                                                              "Plan Width": 4,
                                                              "Actual Startup Time": 0.083,
                                                              "Actual Total Time": 0.085,
                                                              "Actual Rows": 1,
                                                              "Actual Loops": 3,
                                                              "Hash Buckets": 1024,
                                                              "Original Hash Buckets": 1024,
                                                              "Hash Batches": 1,
                                                              "Original Hash Batches": 1,
                                                              "Peak Memory Usage": 9,
                                                              "Plans": [
                                                                {
                                                                  "Node Type": "Seq Scan",
                                                                  "Parent Relationship": "Outer",
                                                                  "Parallel Aware": false,
                                                                  "Relation Name": "info_type",
                                                                  "Alias": "it1",
                                                                  "Startup Cost": 0.0,
                                                                  "Total Cost": 2.41,
                                                                  "Plan Rows": 1,
                                                                  "Plan Width": 4,
                                                                  "Actual Startup Time": 0.065,
                                                                  "Actual Total Time": 0.073,
                                                                  "Actual Rows": 1,
                                                                  "Actual Loops": 3,
                                                                  "Filter": "((info)::text = 'release dates'::text)",
                                                                  "Rows Removed by Filter": 112
                                                                }
                                                              ]
                                                            }
                                                          ]
                                                        }
                                                      ]
                                                    }
                                                  ]
                                                },
                                                {
                                                  "Node Type": "Hash",
                                                  "Parent Relationship": "Inner",
                                                  "Parallel Aware": false,
                                                  "Startup Cost": 1.04,
                                                  "Total Cost": 1.04,
                                                  "Plan Rows": 4,
                                                  "Plan Width": 4,
                                                  "Actual Startup Time": 0.063,
                                                  "Actual Total Time": 0.064,
                                                  "Actual Rows": 4,
                                                  "Actual Loops": 3,
                                                  "Hash Buckets": 1024,
                                                  "Original Hash Buckets": 1024,
                                                  "Hash Batches": 1,
                                                  "Original Hash Batches": 1,
                                                  "Peak Memory Usage": 9,
                                                  "Plans": [
                                                    {
                                                      "Node Type": "Seq Scan",
                                                      "Parent Relationship": "Outer",
                                                      "Parallel Aware": false,
                                                      "Relation Name": "company_type",
                                                      "Alias": "ct",
                                                      "Startup Cost": 0.0,
                                                      "Total Cost": 1.04,
                                                      "Plan Rows": 4,
                                                      "Plan Width": 4,
                                                      "Actual Startup Time": 0.055,
                                                      "Actual Total Time": 0.056,
                                                      "Actual Rows": 4,
                                                      "Actual Loops": 3
                                                    }
                                                  ]
                                                }
                                              ]
                                            }
                                          ]
                                        }
                                      ]
                                    }
                                  ]
                                }
                              ]
                            },
                            {
                              "Node Type": "Hash",
                              "Parent Relationship": "Inner",
                              "Parallel Aware": false,
                              "Startup Cost": 2290.7,
                              "Total Cost": 2290.7,
                              "Plan Rows": 134170,
                              "Plan Width": 4,
                              "Actual Startup Time": 60.586,
                              "Actual Total Time": 60.589,
                              "Actual Rows": 134170,
                              "Actual Loops": 3,
                              "Hash Buckets": 262144,
                              "Original Hash Buckets": 262144,
                              "Hash Batches": 1,
                              "Original Hash Batches": 1,
                              "Peak Memory Usage": 6765,
                              "Plans": [
                                {
                                  "Node Type": "Seq Scan",
                                  "Parent Relationship": "Outer",
                                  "Parallel Aware": false,
                                  "Relation Name": "keyword",
                                  "Alias": "k",
                                  "Startup Cost": 0.0,
                                  "Total Cost": 2290.7,
                                  "Plan Rows": 134170,
                                  "Plan Width": 4,
                                  "Actual Startup Time": 0.061,
                                  "Actual Total Time": 27.18,
                                  "Actual Rows": 134170,
                                  "Actual Loops": 3
                                }
                              ]
                            }
                          ]
                        }
                      ]
                    }
                  ]
                }
              ]
            }
          ]
        }
      ]
    },
    "Planning Time": 12.577,
    "Triggers": [],
    "Execution Time": 2127.795
  }
]