[
  {
    "Plan": {
      "Node Type": "Aggregate",
      "Strategy": "Plain",
      "Partial Mode": "Finalize",
      "Parallel Aware": false,
      "Startup Cost": 46503.59,
      "Total Cost": 46503.6,
      "Plan Rows": 1,
      "Plan Width": 8,
      "Actual Startup Time": 203.723,
      "Actual Total Time": 212.308,
      "Actual Rows": 1,
      "Actual Loops": 1,
      "Plans": [
        {
          "Node Type": "Gather",
          "Parent Relationship": "Outer",
          "Parallel Aware": false,
          "Startup Cost": 46503.27,
          "Total Cost": 46503.58,
          "Plan Rows": 3,
          "Plan Width": 8,
          "Actual Startup Time": 203.613,
          "Actual Total Time": 212.298,
          "Actual Rows": 4,
          "Actual Loops": 1,
          "Workers Planned": 3,
          "Workers Launched": 3,
          "Single Copy": false,
          "Plans": [
            {
              "Node Type": "Aggregate",
              "Strategy": "Plain",
              "Partial Mode": "Partial",
              "Parent Relationship": "Outer",
              "Parallel Aware": false,
              "Startup Cost": 45503.27,
              "Total Cost": 45503.28,
              "Plan Rows": 1,
              "Plan Width": 8,
              "Actual Startup Time": 197.114,
              "Actual Total Time": 197.115,
              "Actual Rows": 1,
              "Actual Loops": 4,
              "Plans": [
                {
                  "Node Type": "Seq Scan",
                  "Parent Relationship": "Outer",
                  "Parallel Aware": true,
                  "Relation Name": "movie_keyword",
                  "Alias": "mk",
                  "Startup Cost": 0.0,
                  "Total Cost": 42695.65,
                  "Plan Rows": 1123048,
                  "Plan Width": 0,
                  "Actual Startup Time": 0.14,
                  "Actual Total Time": 147.051,
                  "Actual Rows": 868924,
                  "Actual Loops": 4,
                  "Filter": "(keyword_id > 1044)",
                  "Rows Removed by Filter": 262059
                }
              ]
            }
          ]
        }
      ]
    },
    "Planning Time": 0.201,
    "Triggers": [],
    "Execution Time": 212.365
  }
]