{
  "Plan": {
    "Node Type": "Aggregate",
    "Strategy": "Plain",
    "Partial Mode": "Finalize",
    "Parallel Aware": false,
    "Startup Cost": 118994.57,
    "Total Cost": 118994.58,
    "Plan Rows": 1,
    "Plan Width": 8,
    "Actual Startup Time": 621.657,
    "Actual Total Time": 639.524,
    "Actual Rows": 1,
    "Actual Loops": 1,
    "Plans": [
      {
        "Node Type": "Gather",
        "Parent Relationship": "Outer",
        "Parallel Aware": false,
        "Startup Cost": 118994.46,
        "Total Cost": 118994.57,
        "Plan Rows": 1,
        "Plan Width": 8,
        "Actual Startup Time": 619.634,
        "Actual Total Time": 639.516,
        "Actual Rows": 2,
        "Actual Loops": 1,
        "Workers Planned": 1,
        "Workers Launched": 1,
        "Single Copy": false,
        "Plans": [
          {
            "Node Type": "Aggregate",
            "Strategy": "Plain",
            "Partial Mode": "Partial",
            "Parent Relationship": "Outer",
            "Parallel Aware": false,
            "Startup Cost": 117994.46,
            "Total Cost": 117994.47,
            "Plan Rows": 1,
            "Plan Width": 8,
            "Actual Startup Time": 613.493,
            "Actual Total Time": 613.499,
            "Actual Rows": 1,
            "Actual Loops": 2,
            "Plans": [
              {
                "Node Type": "Hash Join",
                "Parent Relationship": "Outer",
                "Parallel Aware": true,
                "Join Type": "Inner",
                "Startup Cost": 98644.48,
                "Total Cost": 117919.66,
                "Plan Rows": 29920,
                "Plan Width": 0,
                "Actual Startup Time": 511.445,
                "Actual Total Time": 611.113,
                "Actual Rows": 56517,
                "Actual Loops": 2,
                "Inner Unique": false,
                "Hash Cond": "(mi_idx.movie_id = t.id)",
                "Plans": [
                  {
                    "Node Type": "Seq Scan",
                    "Parent Relationship": "Outer",
                    "Parallel Aware": true,
                    "Relation Name": "movie_info_idx",
                    "Alias": "mi_idx",
                    "Startup Cost": 0.0,
                    "Total Cost": 18082.32,
                    "Plan Rows": 271164,
                    "Plan Width": 4,
                    "Actual Startup Time": 0.026,
                    "Actual Total Time": 55.341,
                    "Actual Rows": 230092,
                    "Actual Loops": 2,
                    "Filter": "(info_type_id > 100)",
                    "Rows Removed by Filter": 459925
                  },
                  {
                    "Node Type": "Hash",
                    "Parent Relationship": "Inner",
                    "Parallel Aware": true,
                    "Startup Cost": 96593.24,
                    "Total Cost": 96593.24,
                    "Plan Rows": 164099,
                    "Plan Width": 8,
                    "Actual Startup Time": 505.876,
                    "Actual Total Time": 505.881,
                    "Actual Rows": 135620,
                    "Actual Loops": 2,
                    "Hash Buckets": 524288,
                    "Original Hash Buckets": 524288,
                    "Hash Batches": 1,
                    "Original Hash Batches": 1,
                    "Peak Memory Usage": 14752,
                    "Plans": [
                      {
                        "Node Type": "Hash Join",
                        "Parent Relationship": "Outer",
                        "Parallel Aware": true,
                        "Join Type": "Inner",
                        "Startup Cost": 35341.3,
                        "Total Cost": 96593.24,
                        "Plan Rows": 164099,
                        "Plan Width": 8,
                        "Actual Startup Time": 156.019,
                        "Actual Total Time": 469.01,
                        "Actual Rows": 135620,
                        "Actual Loops": 2,
                        "Inner Unique": false,
                        "Hash Cond": "(t.id = mc.movie_id)",
                        "Plans": [
                          {
                            "Node Type": "Seq Scan",
                            "Parent Relationship": "Outer",
                            "Parallel Aware": true,
                            "Relation Name": "title",
                            "Alias": "t",
                            "Startup Cost": 0.0,
                            "Total Cost": 54588.39,
                            "Plan Rows": 911722,
                            "Plan Width": 4,
                            "Actual Startup Time": 0.011,
                            "Actual Total Time": 141.248,
                            "Actual Rows": 777932,
                            "Actual Loops": 2,
                            "Filter": "(kind_id > 4)",
                            "Rows Removed by Filter": 486224
                          },
                          {
                            "Node Type": "Hash",
                            "Parent Relationship": "Inner",
                            "Parallel Aware": true,
                            "Startup Cost": 31995.23,
                            "Total Cost": 31995.23,
                            "Plan Rows": 267685,
                            "Plan Width": 4,
                            "Actual Startup Time": 152.246,
                            "Actual Total Time": 152.247,
                            "Actual Rows": 224770,
                            "Actual Loops": 2,
                            "Hash Buckets": 524288,
                            "Original Hash Buckets": 524288,
                            "Hash Batches": 1,
                            "Original Hash Batches": 1,
                            "Peak Memory Usage": 21696,
                            "Plans": [
                              {
                                "Node Type": "Bitmap Heap Scan",
                                "Parent Relationship": "Outer",
                                "Parallel Aware": true,
                                "Relation Name": "movie_companies",
                                "Alias": "mc",
                                "Startup Cost": 9859.18,
                                "Total Cost": 31995.23,
                                "Plan Rows": 267685,
                                "Plan Width": 4,
                                "Actual Startup Time": 33.792,
                                "Actual Total Time": 101.248,
                                "Actual Rows": 224770,
                                "Actual Loops": 2,
                                "Recheck Cond": "(company_id < 364)",
                                "Rows Removed by Index Recheck": 0,
                                "Exact Heap Blocks": 10983,
                                "Lossy Heap Blocks": 0,
                                "Plans": [
                                  {
                                    "Node Type": "Bitmap Index Scan",
                                    "Parent Relationship": "Outer",
                                    "Parallel Aware": false,
                                    "Index Name": "company_id_movie_companies",
                                    "Startup Cost": 0.0,
                                    "Total Cost": 9745.41,
                                    "Plan Rows": 455064,
                                    "Plan Width": 0,
                                    "Actual Startup Time": 31.013,
                                    "Actual Total Time": 31.013,
                                    "Actual Rows": 449541,
                                    "Actual Loops": 1,
                                    "Index Cond": "(company_id < 364)"
                                  }
                                ]
                              }
                            ]
                          }
                        ]
                      }
                    ]
                  }
                ]
              }
            ]
          }
        ]
      }
    ]
  },
  "Planning Time": 1.026,
  "Triggers": [],
  "Execution Time": 639.623
}