[
  {
    "Plan": {
      "Node Type": "Aggregate",
      "Strategy": "Plain",
      "Partial Mode": "Finalize",
      "Parallel Aware": false,
      "Startup Cost": 381718.46,
      "Total Cost": 381718.47,
      "Plan Rows": 1,
      "Plan Width": 8,
      "Actual Startup Time": 929.743,
      "Actual Total Time": 959.836,
      "Actual Rows": 1,
      "Actual Loops": 1,
      "Plans": [
        {
          "Node Type": "Gather",
          "Parent Relationship": "Outer",
          "Parallel Aware": false,
          "Startup Cost": 381717.84,
          "Total Cost": 381718.45,
          "Plan Rows": 6,
          "Plan Width": 8,
          "Actual Startup Time": 928.436,
          "Actual Total Time": 959.828,
          "Actual Rows": 7,
          "Actual Loops": 1,
          "Workers Planned": 6,
          "Workers Launched": 6,
          "Single Copy": false,
          "Plans": [
            {
              "Node Type": "Aggregate",
              "Strategy": "Plain",
              "Partial Mode": "Partial",
              "Parent Relationship": "Outer",
              "Parallel Aware": false,
              "Startup Cost": 380717.84,
              "Total Cost": 380717.85,
              "Plan Rows": 1,
              "Plan Width": 8,
              "Actual Startup Time": 921.906,
              "Actual Total Time": 921.909,
              "Actual Rows": 1,
              "Actual Loops": 7,
              "Plans": [
                {
                  "Node Type": "Hash Join",
                  "Parent Relationship": "Outer",
                  "Parallel Aware": true,
                  "Join Type": "Inner",
                  "Startup Cost": 44415.47,
                  "Total Cost": 380243.79,
                  "Plan Rows": 189618,
                  "Plan Width": 0,
                  "Actual Startup Time": 245.465,
                  "Actual Total Time": 911.649,
                  "Actual Rows": 192202,
                  "Actual Loops": 7,
                  "Inner Unique": true,
                  "Hash Cond": "(ci.movie_id = t.id)",
                  "Plans": [
                    {
                      "Node Type": "Seq Scan",
                      "Parent Relationship": "Outer",
                      "Parallel Aware": true,
                      "Relation Name": "cast_info",
                      "Alias": "ci",
                      "Startup Cost": 0.0,
                      "Total Cost": 328213.62,
                      "Plan Rows": 2900836,
                      "Plan Width": 4,
                      "Actual Startup Time": 174.214,
                      "Actual Total Time": 521.367,
                      "Actual Rows": 2500999,
                      "Actual Loops": 7,
                      "Filter": "(person_id > 1867438)",
                      "Rows Removed by Filter": 2676764
                    },
                    {
                      "Node Type": "Hash",
                      "Parent Relationship": "Inner",
                      "Parallel Aware": true,
                      "Startup Cost": 43899.01,
                      "Total Cost": 43899.01,
                      "Plan Rows": 41317,
                      "Plan Width": 4,
                      "Actual Startup Time": 69.773,
                      "Actual Total Time": 69.774,
                      "Actual Rows": 23472,
                      "Actual Loops": 7,
                      "Hash Buckets": 262144,
                      "Original Hash Buckets": 262144,
                      "Hash Batches": 1,
                      "Original Hash Batches": 1,
                      "Peak Memory Usage": 8608,
                      "Plans": [
                        {
                          "Node Type": "Seq Scan",
                          "Parent Relationship": "Outer",
                          "Parallel Aware": true,
                          "Relation Name": "title",
                          "Alias": "t",
                          "Startup Cost": 0.0,
                          "Total Cost": 43899.01,
                          "Plan Rows": 41317,
                          "Plan Width": 4,
                          "Actual Startup Time": 0.034,
                          "Actual Total Time": 60.648,
                          "Actual Rows": 23472,
                          "Actual Loops": 7,
                          "Filter": "(production_year = 2012)",
                          "Rows Removed by Filter": 337715
                        }
                      ]
                    }
                  ]
                }
              ]
            }
          ]
        }
      ]
    },
    "Planning Time": 0.229,
    "Triggers": [],
    "Execution Time": 959.873
  }
]