{
  "Plan": {
    "Node Type": "Aggregate",
    "Strategy": "Plain",
    "Partial Mode": "Finalize",
    "Parallel Aware": false,
    "Startup Cost": 178623.34,
    "Total Cost": 178623.35,
    "Plan Rows": 1,
    "Plan Width": 8,
    "Actual Startup Time": 2353.888,
    "Actual Total Time": 2371.662,
    "Actual Rows": 1,
    "Actual Loops": 1,
    "Plans": [
      {
        "Node Type": "Gather",
        "Parent Relationship": "Outer",
        "Parallel Aware": false,
        "Startup Cost": 178623.22,
        "Total Cost": 178623.33,
        "Plan Rows": 1,
        "Plan Width": 8,
        "Actual Startup Time": 2351.092,
        "Actual Total Time": 2371.656,
        "Actual Rows": 2,
        "Actual Loops": 1,
        "Workers Planned": 1,
        "Workers Launched": 1,
        "Single Copy": false,
        "Plans": [
          {
            "Node Type": "Aggregate",
            "Strategy": "Plain",
            "Partial Mode": "Partial",
            "Parent Relationship": "Outer",
            "Parallel Aware": false,
            "Startup Cost": 177623.22,
            "Total Cost": 177623.23,
            "Plan Rows": 1,
            "Plan Width": 8,
            "Actual Startup Time": 2344.898,
            "Actual Total Time": 2344.904,
            "Actual Rows": 1,
            "Actual Loops": 2,
            "Plans": [
              {
                "Node Type": "Hash Join",
                "Parent Relationship": "Outer",
                "Parallel Aware": true,
                "Join Type": "Inner",
                "Startup Cost": 106456.74,
                "Total Cost": 176104.1,
                "Plan Rows": 607649,
                "Plan Width": 0,
                "Actual Startup Time": 854.446,
                "Actual Total Time": 1943.957,
                "Actual Rows": 8922290,
                "Actual Loops": 2,
                "Inner Unique": false,
                "Hash Cond": "(mk.movie_id = t.id)",
                "Plans": [
                  {
                    "Node Type": "Seq Scan",
                    "Parent Relationship": "Outer",
                    "Parallel Aware": true,
                    "Relation Name": "movie_keyword",
                    "Alias": "mk",
                    "Startup Cost": 0.0,
                    "Total Cost": 57718.19,
                    "Plan Rows": 2227937,
                    "Plan Width": 4,
                    "Actual Startup Time": 0.05,
                    "Actual Total Time": 212.978,
                    "Actual Rows": 1887876,
                    "Actual Loops": 2,
                    "Filter": "(keyword_id > 679)",
                    "Rows Removed by Filter": 374088
                  },
                  {
                    "Node Type": "Hash",
                    "Parent Relationship": "Inner",
                    "Parallel Aware": true,
                    "Startup Cost": 101386.37,
                    "Total Cost": 101386.37,
                    "Plan Rows": 405629,
                    "Plan Width": 8,
                    "Actual Startup Time": 845.248,
                    "Actual Total Time": 845.252,
                    "Actual Rows": 521025,
                    "Actual Loops": 2,
                    "Hash Buckets": 1048576,
                    "Original Hash Buckets": 1048576,
                    "Hash Batches": 1,
                    "Original Hash Batches": 1,
                    "Peak Memory Usage": 48992,
                    "Plans": [
                      {
                        "Node Type": "Hash Join",
                        "Parent Relationship": "Outer",
                        "Parallel Aware": true,
                        "Join Type": "Inner",
                        "Startup Cost": 63219.74,
                        "Total Cost": 101386.37,
                        "Plan Rows": 405629,
                        "Plan Width": 8,
                        "Actual Startup Time": 265.514,
                        "Actual Total Time": 705.633,
                        "Actual Rows": 521025,
                        "Actual Loops": 2,
                        "Inner Unique": true,
                        "Hash Cond": "(mc.movie_id = t.id)",
                        "Plans": [
                          {
                            "Node Type": "Seq Scan",
                            "Parent Relationship": "Outer",
                            "Parallel Aware": true,
                            "Relation Name": "movie_companies",
                            "Alias": "mc",
                            "Startup Cost": 0.0,
                            "Total Cost": 34137.82,
                            "Plan Rows": 1534782,
                            "Plan Width": 4,
                            "Actual Startup Time": 0.013,
                            "Actual Total Time": 117.54,
                            "Actual Rows": 1304564,
                            "Actual Loops": 2
                          },
                          {
                            "Node Type": "Hash",
                            "Parent Relationship": "Inner",
                            "Parallel Aware": true,
                            "Startup Cost": 58306.47,
                            "Total Cost": 58306.47,
                            "Plan Rows": 393062,
                            "Plan Width": 4,
                            "Actual Startup Time": 260.078,
                            "Actual Total Time": 260.079,
                            "Actual Rows": 283044,
                            "Actual Loops": 2,
                            "Hash Buckets": 1048576,
                            "Original Hash Buckets": 1048576,
                            "Hash Batches": 1,
                            "Original Hash Batches": 1,
                            "Peak Memory Usage": 30368,
                            "Plans": [
                              {
                                "Node Type": "Seq Scan",
                                "Parent Relationship": "Outer",
                                "Parallel Aware": true,
                                "Relation Name": "title",
                                "Alias": "t",
                                "Startup Cost": 0.0,
                                "Total Cost": 58306.47,
                                "Plan Rows": 393062,
                                "Plan Width": 4,
                                "Actual Startup Time": 0.035,
                                "Actual Total Time": 172.907,
                                "Actual Rows": 283044,
                                "Actual Loops": 2,
                                "Filter": "((kind_id < 7) AND (production_year > 1992))",
                                "Rows Removed by Filter": 981112
                              }
                            ]
                          }
                        ]
                      }
                    ]
                  }
                ]
              }
            ]
          }
        ]
      }
    ]
  },
  "Planning Time": 0.893,
  "Triggers": [],
  "Execution Time": 2371.746
}