[
    {
        "Bao": {
            "Bao prediction": 473.934,
            "Bao recommended hint": "(no hint)"
        }
    },
    {
        "Plan": {
            "Node Type": "Aggregate",
            "Strategy": "Plain",
            "Partial Mode": "Finalize",
            "Parallel Aware": false,
            "Startup Cost": 347717.15,
            "Total Cost": 347717.16,
            "Plan Rows": 1,
            "Plan Width": 8,
            "Actual Startup Time": 782.095,
            "Actual Total Time": 813.002,
            "Actual Rows": 1,
            "Actual Loops": 1,
            "Output": [
                "count(*)"
            ],
            "Plans": [
                {
                    "Node Type": "Gather",
                    "Parent Relationship": "Outer",
                    "Parallel Aware": false,
                    "Startup Cost": 347716.52,
                    "Total Cost": 347717.13,
                    "Plan Rows": 6,
                    "Plan Width": 8,
                    "Actual Startup Time": 781.961,
                    "Actual Total Time": 812.994,
                    "Actual Rows": 7,
                    "Actual Loops": 1,
                    "Output": [
                        "(PARTIAL count(*))"
                    ],
                    "Workers Planned": 6,
                    "Workers Launched": 6,
                    "Single Copy": false,
                    "Plans": [
                        {
                            "Node Type": "Aggregate",
                            "Strategy": "Plain",
                            "Partial Mode": "Partial",
                            "Parent Relationship": "Outer",
                            "Parallel Aware": false,
                            "Startup Cost": 346716.52,
                            "Total Cost": 346716.53,
                            "Plan Rows": 1,
                            "Plan Width": 8,
                            "Actual Startup Time": 772.572,
                            "Actual Total Time": 772.574,
                            "Actual Rows": 1,
                            "Actual Loops": 7,
                            "Output": [
                                "PARTIAL count(*)"
                            ],
                            "Workers": [
                                {
                                    "Worker Number": 0,
                                    "Actual Startup Time": 770.525,
                                    "Actual Total Time": 770.526,
                                    "Actual Rows": 1,
                                    "Actual Loops": 1
                                },
                                {
                                    "Worker Number": 1,
                                    "Actual Startup Time": 770.868,
                                    "Actual Total Time": 770.869,
                                    "Actual Rows": 1,
                                    "Actual Loops": 1
                                },
                                {
                                    "Worker Number": 2,
                                    "Actual Startup Time": 770.716,
                                    "Actual Total Time": 770.717,
                                    "Actual Rows": 1,
                                    "Actual Loops": 1
                                },
                                {
                                    "Worker Number": 3,
                                    "Actual Startup Time": 771.27,
                                    "Actual Total Time": 771.271,
                                    "Actual Rows": 1,
                                    "Actual Loops": 1
                                },
                                {
                                    "Worker Number": 4,
                                    "Actual Startup Time": 771.514,
                                    "Actual Total Time": 771.515,
                                    "Actual Rows": 1,
                                    "Actual Loops": 1
                                },
                                {
                                    "Worker Number": 5,
                                    "Actual Startup Time": 771.962,
                                    "Actual Total Time": 771.964,
                                    "Actual Rows": 1,
                                    "Actual Loops": 1
                                }
                            ],
                            "Plans": [
                                {
                                    "Node Type": "Seq Scan",
                                    "Parent Relationship": "Outer",
                                    "Parallel Aware": true,
                                    "Relation Name": "cast_info",
                                    "Schema": "public",
                                    "Alias": "ci",
                                    "Startup Cost": 0.0,
                                    "Total Cost": 343318.94,
                                    "Plan Rows": 1359033,
                                    "Plan Width": 0,
                                    "Actual Startup Time": 270.655,
                                    "Actual Total Time": 741.616,
                                    "Actual Rows": 498413,
                                    "Actual Loops": 7,
                                    "Output": [
                                        "id",
                                        "person_id",
                                        "movie_id",
                                        "person_role_id",
                                        "note",
                                        "nr_order",
                                        "role_id"
                                    ],
                                    "Filter": "((ci.person_id < 1242215) AND (ci.role_id > 1))",
                                    "Rows Removed by Filter": 4679351,
                                    "Workers": [
                                        {
                                            "Worker Number": 0,
                                            "Actual Startup Time": 274.108,
                                            "Actual Total Time": 740.686,
                                            "Actual Rows": 434971,
                                            "Actual Loops": 1
                                        },
                                        {
                                            "Worker Number": 1,
                                            "Actual Startup Time": 266.989,
                                            "Actual Total Time": 740.534,
                                            "Actual Rows": 442978,
                                            "Actual Loops": 1
                                        },
                                        {
                                            "Worker Number": 2,
                                            "Actual Startup Time": 270.12,
                                            "Actual Total Time": 740.968,
                                            "Actual Rows": 435661,
                                            "Actual Loops": 1
                                        },
                                        {
                                            "Worker Number": 3,
                                            "Actual Startup Time": 267.027,
                                            "Actual Total Time": 740.916,
                                            "Actual Rows": 443865,
                                            "Actual Loops": 1
                                        },
                                        {
                                            "Worker Number": 4,
                                            "Actual Startup Time": 270.158,
                                            "Actual Total Time": 741.824,
                                            "Actual Rows": 434085,
                                            "Actual Loops": 1
                                        },
                                        {
                                            "Worker Number": 5,
                                            "Actual Startup Time": 267.94,
                                            "Actual Total Time": 741.822,
                                            "Actual Rows": 437809,
                                            "Actual Loops": 1
                                        }
                                    ]
                                }
                            ]
                        }
                    ]
                }
            ]
        },
        "Planning Time": 1225.251,
        "Triggers": [],
        "Execution Time": 813.093
    }
]