[
  {
    "Plan": {
      "Node Type": "Aggregate",
      "Strategy": "Plain",
      "Partial Mode": "Finalize",
      "Parallel Aware": false,
      "Startup Cost": 680139.75,
      "Total Cost": 680139.76,
      "Plan Rows": 1,
      "Plan Width": 8,
      "Actual Startup Time": 6465.611,
      "Actual Total Time": 6561.858,
      "Actual Rows": 1,
      "Actual Loops": 1,
      "Plans": [
        {
          "Node Type": "Gather",
          "Parent Relationship": "Outer",
          "Parallel Aware": false,
          "Startup Cost": 680139.12,
          "Total Cost": 680139.73,
          "Plan Rows": 6,
          "Plan Width": 8,
          "Actual Startup Time": 6388.487,
          "Actual Total Time": 6561.838,
          "Actual Rows": 7,
          "Actual Loops": 1,
          "Workers Planned": 6,
          "Workers Launched": 6,
          "Single Copy": false,
          "Plans": [
            {
              "Node Type": "Aggregate",
              "Strategy": "Plain",
              "Partial Mode": "Partial",
              "Parent Relationship": "Outer",
              "Parallel Aware": false,
              "Startup Cost": 679139.12,
              "Total Cost": 679139.13,
              "Plan Rows": 1,
              "Plan Width": 8,
              "Actual Startup Time": 6354.173,
              "Actual Total Time": 6355.574,
              "Actual Rows": 1,
              "Actual Loops": 7,
              "Plans": [
                {
                  "Node Type": "Hash Join",
                  "Parent Relationship": "Outer",
                  "Parallel Aware": true,
                  "Join Type": "Inner",
                  "Startup Cost": 272199.93,
                  "Total Cost": 653296.59,
                  "Plan Rows": 10337012,
                  "Plan Width": 0,
                  "Actual Startup Time": 1705.646,
                  "Actual Total Time": 5652.855,
                  "Actual Rows": 17023208,
                  "Actual Loops": 7,
                  "Inner Unique": false,
                  "Hash Cond": "(ci.movie_id = t.id)",
                  "Plans": [
                    {
                      "Node Type": "Seq Scan",
                      "Parent Relationship": "Outer",
                      "Parallel Aware": true,
                      "Relation Name": "cast_info",
                      "Alias": "ci",
                      "Startup Cost": 0.0,
                      "Total Cost": 343257.03,
                      "Plan Rows": 3433122,
                      "Plan Width": 4,
                      "Actual Startup Time": 153.867,
                      "Actual Total Time": 693.295,
                      "Actual Rows": 2797155,
                      "Actual Loops": 7,
                      "Filter": "((person_id > 1238720) AND (role_id < 10))",
                      "Rows Removed by Filter": 2380609
                    },
                    {
                      "Node Type": "Hash",
                      "Parent Relationship": "Inner",
                      "Parallel Aware": true,
                      "Startup Cost": 253168.43,
                      "Total Cost": 253168.43,
                      "Plan Rows": 1522520,
                      "Plan Width": 8,
                      "Actual Startup Time": 1541.093,
                      "Actual Total Time": 1542.49,
                      "Actual Rows": 1078408,
                      "Actual Loops": 7,
                      "Hash Buckets": 8388608,
                      "Original Hash Buckets": 8388608,
                      "Hash Batches": 1,
                      "Original Hash Batches": 1,
                      "Peak Memory Usage": 360928,
                      "Plans": [
                        {
                          "Node Type": "Hash Join",
                          "Parent Relationship": "Outer",
                          "Parallel Aware": true,
                          "Join Type": "Inner",
                          "Startup Cost": 50219.64,
                          "Total Cost": 253168.43,
                          "Plan Rows": 1522520,
                          "Plan Width": 8,
                          "Actual Startup Time": 290.365,
                          "Actual Total Time": 1061.886,
                          "Actual Rows": 1078408,
                          "Actual Loops": 7,
                          "Inner Unique": true,
                          "Hash Cond": "(mi.movie_id = t.id)",
                          "Plans": [
                            {
                              "Node Type": "Seq Scan",
                              "Parent Relationship": "Outer",
                              "Parallel Aware": true,
                              "Relation Name": "movie_info",
                              "Alias": "mi",
                              "Startup Cost": 0.0,
                              "Total Cost": 198952.16,
                              "Plan Rows": 1522520,
                              "Plan Width": 4,
                              "Actual Startup Time": 16.267,
                              "Actual Total Time": 347.828,
                              "Actual Rows": 1078408,
                              "Actual Loops": 7,
                              "Filter": "(info_type_id > 7)",
                              "Rows Removed by Filter": 1040981
                            },
                            {
                              "Node Type": "Hash",
                              "Parent Relationship": "Inner",
                              "Parallel Aware": true,
                              "Startup Cost": 42318.73,
                              "Total Cost": 42318.73,
                              "Plan Rows": 632073,
                              "Plan Width": 4,
                              "Actual Startup Time": 270.291,
                              "Actual Total Time": 270.292,
                              "Actual Rows": 361187,
                              "Actual Loops": 7,
                              "Hash Buckets": 4194304,
                              "Original Hash Buckets": 4194304,
                              "Hash Batches": 1,
                              "Original Hash Batches": 1,
                              "Peak Memory Usage": 131808,
                              "Plans": [
                                {
                                  "Node Type": "Seq Scan",
                                  "Parent Relationship": "Outer",
                                  "Parallel Aware": true,
                                  "Relation Name": "title",
                                  "Alias": "t",
                                  "Startup Cost": 0.0,
                                  "Total Cost": 42318.73,
                                  "Plan Rows": 632073,
                                  "Plan Width": 4,
                                  "Actual Startup Time": 0.054,
                                  "Actual Total Time": 78.448,
                                  "Actual Rows": 361187,
                                  "Actual Loops": 7
                                }
                              ]
                            }
                          ]
                        }
                      ]
                    }
                  ]
                }
              ]
            }
          ]
        }
      ]
    },
    "Planning Time": 1.323,
    "Triggers": [],
    "Execution Time": 6561.967
  }
]