[
  {
    "Plan": {
      "Node Type": "Aggregate",
      "Strategy": "Plain",
      "Partial Mode": "Finalize",
      "Parallel Aware": false,
      "Startup Cost": 349223.17,
      "Total Cost": 349223.18,
      "Plan Rows": 1,
      "Plan Width": 8,
      "Actual Startup Time": 658.072,
      "Actual Total Time": 704.193,
      "Actual Rows": 1,
      "Actual Loops": 1,
      "Plans": [
        {
          "Node Type": "Gather",
          "Parent Relationship": "Outer",
          "Parallel Aware": false,
          "Startup Cost": 349222.55,
          "Total Cost": 349223.16,
          "Plan Rows": 6,
          "Plan Width": 8,
          "Actual Startup Time": 657.876,
          "Actual Total Time": 704.171,
          "Actual Rows": 7,
          "Actual Loops": 1,
          "Workers Planned": 6,
          "Workers Launched": 6,
          "Single Copy": false,
          "Plans": [
            {
              "Node Type": "Aggregate",
              "Strategy": "Plain",
              "Partial Mode": "Partial",
              "Parent Relationship": "Outer",
              "Parallel Aware": false,
              "Startup Cost": 348222.55,
              "Total Cost": 348222.56,
              "Plan Rows": 1,
              "Plan Width": 8,
              "Actual Startup Time": 651.535,
              "Actual Total Time": 651.537,
              "Actual Rows": 1,
              "Actual Loops": 7,
              "Plans": [
                {
                  "Node Type": "Seq Scan",
                  "Parent Relationship": "Outer",
                  "Parallel Aware": true,
                  "Relation Name": "cast_info",
                  "Alias": "ci",
                  "Startup Cost": 0.0,
                  "Total Cost": 343316.27,
                  "Plan Rows": 1962511,
                  "Plan Width": 0,
                  "Actual Startup Time": 222.028,
                  "Actual Total Time": 612.762,
                  "Actual Rows": 805327,
                  "Actual Loops": 7,
                  "Filter": "((person_id < 1820223) AND (role_id > 1))",
                  "Rows Removed by Filter": 4372436
                }
              ]
            }
          ]
        }
      ]
    },
    "Planning Time": 0.166,
    "Triggers": [],
    "Execution Time": 704.247
  }
]