[
  {
    "Plan": {
      "Node Type": "Aggregate",
      "Strategy": "Plain",
      "Partial Mode": "Finalize",
      "Parallel Aware": false,
      "Startup Cost": 342858.74,
      "Total Cost": 342858.75,
      "Plan Rows": 1,
      "Plan Width": 8,
      "Actual Startup Time": 905.868,
      "Actual Total Time": 946.32,
      "Actual Rows": 1,
      "Actual Loops": 1,
      "Plans": [
        {
          "Node Type": "Gather",
          "Parent Relationship": "Outer",
          "Parallel Aware": false,
          "Startup Cost": 342858.12,
          "Total Cost": 342858.73,
          "Plan Rows": 6,
          "Plan Width": 8,
          "Actual Startup Time": 905.581,
          "Actual Total Time": 946.305,
          "Actual Rows": 7,
          "Actual Loops": 1,
          "Workers Planned": 6,
          "Workers Launched": 6,
          "Single Copy": false,
          "Plans": [
            {
              "Node Type": "Aggregate",
              "Strategy": "Plain",
              "Partial Mode": "Partial",
              "Parent Relationship": "Outer",
              "Parallel Aware": false,
              "Startup Cost": 341858.12,
              "Total Cost": 341858.13,
              "Plan Rows": 1,
              "Plan Width": 8,
              "Actual Startup Time": 899.195,
              "Actual Total Time": 899.197,
              "Actual Rows": 1,
              "Actual Loops": 7,
              "Plans": [
                {
                  "Node Type": "Seq Scan",
                  "Parent Relationship": "Outer",
                  "Parallel Aware": true,
                  "Relation Name": "cast_info",
                  "Alias": "ci",
                  "Startup Cost": 0.0,
                  "Total Cost": 328211.39,
                  "Plan Rows": 5458690,
                  "Plan Width": 0,
                  "Actual Startup Time": 0.042,
                  "Actual Total Time": 664.628,
                  "Actual Rows": 4684783,
                  "Actual Loops": 7,
                  "Filter": "(person_id < 3431526)",
                  "Rows Removed by Filter": 492981
                }
              ]
            }
          ]
        }
      ]
    },
    "Planning Time": 0.236,
    "Triggers": [],
    "Execution Time": 946.375
  }
]