{
  "Plan": {
    "Node Type": "Aggregate",
    "Strategy": "Plain",
    "Partial Mode": "Finalize",
    "Parallel Aware": false,
    "Startup Cost": 126912.24,
    "Total Cost": 126912.25,
    "Plan Rows": 1,
    "Plan Width": 8,
    "Actual Startup Time": 712.268,
    "Actual Total Time": 732.4,
    "Actual Rows": 1,
    "Actual Loops": 1,
    "Plans": [
      {
        "Node Type": "Gather",
        "Parent Relationship": "Outer",
        "Parallel Aware": false,
        "Startup Cost": 126912.13,
        "Total Cost": 126912.24,
        "Plan Rows": 1,
        "Plan Width": 8,
        "Actual Startup Time": 710.194,
        "Actual Total Time": 732.39,
        "Actual Rows": 2,
        "Actual Loops": 1,
        "Workers Planned": 1,
        "Workers Launched": 1,
        "Single Copy": false,
        "Plans": [
          {
            "Node Type": "Aggregate",
            "Strategy": "Plain",
            "Partial Mode": "Partial",
            "Parent Relationship": "Outer",
            "Parallel Aware": false,
            "Startup Cost": 125912.13,
            "Total Cost": 125912.14,
            "Plan Rows": 1,
            "Plan Width": 8,
            "Actual Startup Time": 704.788,
            "Actual Total Time": 704.793,
            "Actual Rows": 1,
            "Actual Loops": 2,
            "Plans": [
              {
                "Node Type": "Hash Join",
                "Parent Relationship": "Outer",
                "Parallel Aware": true,
                "Join Type": "Inner",
                "Startup Cost": 62573.93,
                "Total Cost": 124903.9,
                "Plan Rows": 403292,
                "Plan Width": 0,
                "Actual Startup Time": 295.792,
                "Actual Total Time": 698.545,
                "Actual Rows": 122926,
                "Actual Loops": 2,
                "Inner Unique": true,
                "Hash Cond": "(mk.movie_id = t.id)",
                "Plans": [
                  {
                    "Node Type": "Seq Scan",
                    "Parent Relationship": "Outer",
                    "Parallel Aware": true,
                    "Relation Name": "movie_keyword",
                    "Alias": "mk",
                    "Startup Cost": 0.0,
                    "Total Cost": 57718.19,
                    "Plan Rows": 1756863,
                    "Plan Width": 4,
                    "Actual Startup Time": 0.024,
                    "Actual Total Time": 233.292,
                    "Actual Rows": 1491564,
                    "Actual Loops": 2,
                    "Filter": "(keyword_id < 10288)",
                    "Rows Removed by Filter": 770401
                  },
                  {
                    "Node Type": "Hash",
                    "Parent Relationship": "Inner",
                    "Parallel Aware": true,
                    "Startup Cost": 58306.47,
                    "Total Cost": 58306.47,
                    "Plan Rows": 341397,
                    "Plan Width": 4,
                    "Actual Startup Time": 285.922,
                    "Actual Total Time": 285.923,
                    "Actual Rows": 301266,
                    "Actual Loops": 2,
                    "Hash Buckets": 1048576,
                    "Original Hash Buckets": 1048576,
                    "Hash Batches": 1,
                    "Original Hash Batches": 1,
                    "Peak Memory Usage": 31808,
                    "Plans": [
                      {
                        "Node Type": "Seq Scan",
                        "Parent Relationship": "Outer",
                        "Parallel Aware": true,
                        "Relation Name": "title",
                        "Alias": "t",
                        "Startup Cost": 0.0,
                        "Total Cost": 58306.47,
                        "Plan Rows": 341397,
                        "Plan Width": 4,
                        "Actual Startup Time": 0.043,
                        "Actual Total Time": 181.224,
                        "Actual Rows": 301266,
                        "Actual Loops": 2,
                        "Filter": "((kind_id > 1) AND (production_year > 2007))",
                        "Rows Removed by Filter": 962890
                      }
                    ]
                  }
                ]
              }
            ]
          }
        ]
      }
    ]
  },
  "Planning Time": 0.645,
  "Triggers": [],
  "Execution Time": 732.471
}