{
  "Plan": {
    "Node Type": "Aggregate",
    "Strategy": "Plain",
    "Partial Mode": "Finalize",
    "Parallel Aware": false,
    "Startup Cost": 23920.94,
    "Total Cost": 23920.95,
    "Plan Rows": 1,
    "Plan Width": 8,
    "Actual Startup Time": 13.908,
    "Actual Total Time": 15.702,
    "Actual Rows": 1,
    "Actual Loops": 1,
    "Plans": [
      {
        "Node Type": "Gather",
        "Parent Relationship": "Outer",
        "Parallel Aware": false,
        "Startup Cost": 23920.83,
        "Total Cost": 23920.94,
        "Plan Rows": 1,
        "Plan Width": 8,
        "Actual Startup Time": 13.433,
        "Actual Total Time": 15.691,
        "Actual Rows": 2,
        "Actual Loops": 1,
        "Workers Planned": 1,
        "Workers Launched": 1,
        "Single Copy": false,
        "Plans": [
          {
            "Node Type": "Aggregate",
            "Strategy": "Plain",
            "Partial Mode": "Partial",
            "Parent Relationship": "Outer",
            "Parallel Aware": false,
            "Startup Cost": 22920.83,
            "Total Cost": 22920.84,
            "Plan Rows": 1,
            "Plan Width": 8,
            "Actual Startup Time": 7.636,
            "Actual Total Time": 7.639,
            "Actual Rows": 1,
            "Actual Loops": 2,
            "Plans": [
              {
                "Node Type": "Nested Loop",
                "Parent Relationship": "Outer",
                "Parallel Aware": false,
                "Join Type": "Inner",
                "Startup Cost": 110.67,
                "Total Cost": 22919.38,
                "Plan Rows": 581,
                "Plan Width": 0,
                "Actual Startup Time": 5.333,
                "Actual Total Time": 7.603,
                "Actual Rows": 132,
                "Actual Loops": 2,
                "Inner Unique": true,
                "Plans": [
                  {
                    "Node Type": "Bitmap Heap Scan",
                    "Parent Relationship": "Outer",
                    "Parallel Aware": true,
                    "Relation Name": "movie_companies",
                    "Alias": "mc",
                    "Startup Cost": 110.24,
                    "Total Cost": 11329.89,
                    "Plan Rows": 1481,
                    "Plan Width": 4,
                    "Actual Startup Time": 5.177,
                    "Actual Total Time": 5.728,
                    "Actual Rows": 133,
                    "Actual Loops": 2,
                    "Recheck Cond": "(company_id = 1709)",
                    "Rows Removed by Index Recheck": 0,
                    "Filter": "(company_type_id = 2)",
                    "Rows Removed by Filter": 2449,
                    "Exact Heap Blocks": 3061,
                    "Lossy Heap Blocks": 0,
                    "Plans": [
                      {
                        "Node Type": "Bitmap Index Scan",
                        "Parent Relationship": "Outer",
                        "Parallel Aware": false,
                        "Index Name": "company_id_movie_companies",
                        "Startup Cost": 0.0,
                        "Total Cost": 109.61,
                        "Plan Rows": 4957,
                        "Plan Width": 0,
                        "Actual Startup Time": 1.997,
                        "Actual Total Time": 1.997,
                        "Actual Rows": 5164,
                        "Actual Loops": 1,
                        "Index Cond": "(company_id = 1709)"
                      }
                    ]
                  },
                  {
                    "Node Type": "Index Scan",
                    "Parent Relationship": "Inner",
                    "Parallel Aware": false,
                    "Scan Direction": "Forward",
                    "Index Name": "title_pkey",
                    "Relation Name": "title",
                    "Alias": "t",
                    "Startup Cost": 0.43,
                    "Total Cost": 7.83,
                    "Plan Rows": 1,
                    "Plan Width": 4,
                    "Actual Startup Time": 0.013,
                    "Actual Total Time": 0.013,
                    "Actual Rows": 1,
                    "Actual Loops": 266,
                    "Index Cond": "(id = mc.movie_id)",
                    "Rows Removed by Index Recheck": 0,
                    "Filter": "(kind_id < 7)",
                    "Rows Removed by Filter": 0
                  }
                ]
              }
            ]
          }
        ]
      }
    ]
  },
  "Planning Time": 0.39,
  "Triggers": [],
  "Execution Time": 15.759
}