[
  {
    "Plan": {
      "Node Type": "Aggregate",
      "Strategy": "Plain",
      "Partial Mode": "Finalize",
      "Parallel Aware": false,
      "Startup Cost": 216903.33,
      "Total Cost": 216903.34,
      "Plan Rows": 1,
      "Plan Width": 8,
      "Actual Startup Time": 146.505,
      "Actual Total Time": 169.31,
      "Actual Rows": 1,
      "Actual Loops": 1,
      "Plans": [
        {
          "Node Type": "Gather",
          "Parent Relationship": "Outer",
          "Parallel Aware": false,
          "Startup Cost": 216902.91,
          "Total Cost": 216903.32,
          "Plan Rows": 4,
          "Plan Width": 8,
          "Actual Startup Time": 146.387,
          "Actual Total Time": 169.301,
          "Actual Rows": 5,
          "Actual Loops": 1,
          "Workers Planned": 4,
          "Workers Launched": 4,
          "Single Copy": false,
          "Plans": [
            {
              "Node Type": "Aggregate",
              "Strategy": "Plain",
              "Partial Mode": "Partial",
              "Parent Relationship": "Outer",
              "Parallel Aware": false,
              "Startup Cost": 215902.91,
              "Total Cost": 215902.92,
              "Plan Rows": 1,
              "Plan Width": 8,
              "Actual Startup Time": 137.715,
              "Actual Total Time": 137.716,
              "Actual Rows": 1,
              "Actual Loops": 5,
              "Plans": [
                {
                  "Node Type": "Nested Loop",
                  "Parent Relationship": "Outer",
                  "Parallel Aware": false,
                  "Join Type": "Inner",
                  "Startup Cost": 0.43,
                  "Total Cost": 215873.2,
                  "Plan Rows": 11884,
                  "Plan Width": 0,
                  "Actual Startup Time": 0.984,
                  "Actual Total Time": 136.319,
                  "Actual Rows": 19220,
                  "Actual Loops": 5,
                  "Inner Unique": false,
                  "Plans": [
                    {
                      "Node Type": "Seq Scan",
                      "Parent Relationship": "Outer",
                      "Parallel Aware": true,
                      "Relation Name": "title",
                      "Alias": "t",
                      "Startup Cost": 0.0,
                      "Total Cost": 45479.1,
                      "Plan Rows": 2032,
                      "Plan Width": 4,
                      "Actual Startup Time": 0.782,
                      "Actual Total Time": 75.352,
                      "Actual Rows": 1734,
                      "Actual Loops": 5,
                      "Filter": "((kind_id < 7) AND (production_year = 1989))",
                      "Rows Removed by Filter": 503929
                    },
                    {
                      "Node Type": "Index Only Scan",
                      "Parent Relationship": "Inner",
                      "Parallel Aware": false,
                      "Scan Direction": "Forward",
                      "Index Name": "movie_id_movie_info",
                      "Relation Name": "movie_info",
                      "Alias": "mi",
                      "Startup Cost": 0.43,
                      "Total Cost": 83.44,
                      "Plan Rows": 42,
                      "Plan Width": 4,
                      "Actual Startup Time": 0.013,
                      "Actual Total Time": 0.034,
                      "Actual Rows": 11,
                      "Actual Loops": 8669,
                      "Index Cond": "(movie_id = t.id)",
                      "Rows Removed by Index Recheck": 0,
                      "Heap Fetches": 96099
                    }
                  ]
                }
              ]
            }
          ]
        }
      ]
    },
    "Planning Time": 0.662,
    "Triggers": [],
    "Execution Time": 169.387
  }
]