[
  {
    "Plan": {
      "Node Type": "Aggregate",
      "Strategy": "Plain",
      "Partial Mode": "Finalize",
      "Parallel Aware": false,
      "Startup Cost": 339451.24,
      "Total Cost": 339451.25,
      "Plan Rows": 1,
      "Plan Width": 8,
      "Actual Startup Time": 856.627,
      "Actual Total Time": 899.04,
      "Actual Rows": 1,
      "Actual Loops": 1,
      "Plans": [
        {
          "Node Type": "Gather",
          "Parent Relationship": "Outer",
          "Parallel Aware": false,
          "Startup Cost": 339450.62,
          "Total Cost": 339451.23,
          "Plan Rows": 6,
          "Plan Width": 8,
          "Actual Startup Time": 856.416,
          "Actual Total Time": 899.021,
          "Actual Rows": 7,
          "Actual Loops": 1,
          "Workers Planned": 6,
          "Workers Launched": 6,
          "Single Copy": false,
          "Plans": [
            {
              "Node Type": "Aggregate",
              "Strategy": "Plain",
              "Partial Mode": "Partial",
              "Parent Relationship": "Outer",
              "Parallel Aware": false,
              "Startup Cost": 338450.62,
              "Total Cost": 338450.63,
              "Plan Rows": 1,
              "Plan Width": 8,
              "Actual Startup Time": 848.931,
              "Actual Total Time": 848.933,
              "Actual Rows": 1,
              "Actual Loops": 7,
              "Plans": [
                {
                  "Node Type": "Seq Scan",
                  "Parent Relationship": "Outer",
                  "Parallel Aware": true,
                  "Relation Name": "cast_info",
                  "Alias": "ci",
                  "Startup Cost": 0.0,
                  "Total Cost": 328211.39,
                  "Plan Rows": 4095690,
                  "Plan Width": 0,
                  "Actual Startup Time": 144.873,
                  "Actual Total Time": 662.029,
                  "Actual Rows": 3494328,
                  "Actual Loops": 7,
                  "Filter": "(person_id > 1158009)",
                  "Rows Removed by Filter": 1683435
                }
              ]
            }
          ]
        }
      ]
    },
    "Planning Time": 0.173,
    "Triggers": [],
    "Execution Time": 899.106
  }
]