[
    {
        "Bao": {
            "Bao prediction": 465.247,
            "Bao recommended hint": "(no hint)"
        }
    },
    {
        "Plan": {
            "Node Type": "Aggregate",
            "Strategy": "Plain",
            "Partial Mode": "Finalize",
            "Parallel Aware": false,
            "Startup Cost": 175400.07,
            "Total Cost": 175400.08,
            "Plan Rows": 1,
            "Plan Width": 64,
            "Actual Startup Time": 931.782,
            "Actual Total Time": 989.894,
            "Actual Rows": 1,
            "Actual Loops": 1,
            "Output": [
                "min(mi.info)",
                "min(t.title)"
            ],
            "Plans": [
                {
                    "Node Type": "Gather",
                    "Parent Relationship": "Outer",
                    "Parallel Aware": false,
                    "Startup Cost": 175399.85,
                    "Total Cost": 175400.06,
                    "Plan Rows": 2,
                    "Plan Width": 64,
                    "Actual Startup Time": 927.527,
                    "Actual Total Time": 989.88,
                    "Actual Rows": 3,
                    "Actual Loops": 1,
                    "Output": [
                        "(PARTIAL min(mi.info))",
                        "(PARTIAL min(t.title))"
                    ],
                    "Workers Planned": 2,
                    "Workers Launched": 2,
                    "Single Copy": false,
                    "Plans": [
                        {
                            "Node Type": "Aggregate",
                            "Strategy": "Plain",
                            "Partial Mode": "Partial",
                            "Parent Relationship": "Outer",
                            "Parallel Aware": false,
                            "Startup Cost": 174399.85,
                            "Total Cost": 174399.86,
                            "Plan Rows": 1,
                            "Plan Width": 64,
                            "Actual Startup Time": 916.46,
                            "Actual Total Time": 916.472,
                            "Actual Rows": 1,
                            "Actual Loops": 3,
                            "Output": [
                                "PARTIAL min(mi.info)",
                                "PARTIAL min(t.title)"
                            ],
                            "Workers": [
                                {
                                    "Worker Number": 0,
                                    "Actual Startup Time": 911.859,
                                    "Actual Total Time": 911.872,
                                    "Actual Rows": 1,
                                    "Actual Loops": 1
                                },
                                {
                                    "Worker Number": 1,
                                    "Actual Startup Time": 911.891,
                                    "Actual Total Time": 911.902,
                                    "Actual Rows": 1,
                                    "Actual Loops": 1
                                }
                            ],
                            "Plans": [
                                {
                                    "Node Type": "Nested Loop",
                                    "Parent Relationship": "Outer",
                                    "Parallel Aware": false,
                                    "Join Type": "Inner",
                                    "Startup Cost": 46346.36,
                                    "Total Cost": 174399.73,
                                    "Plan Rows": 25,
                                    "Plan Width": 60,
                                    "Actual Startup Time": 391.549,
                                    "Actual Total Time": 916.406,
                                    "Actual Rows": 176,
                                    "Actual Loops": 3,
                                    "Output": [
                                        "mi.info",
                                        "t.title"
                                    ],
                                    "Inner Unique": true,
                                    "Workers": [
                                        {
                                            "Worker Number": 0,
                                            "Actual Startup Time": 435.531,
                                            "Actual Total Time": 911.83,
                                            "Actual Rows": 46,
                                            "Actual Loops": 1
                                        },
                                        {
                                            "Worker Number": 1,
                                            "Actual Startup Time": 349.958,
                                            "Actual Total Time": 911.836,
                                            "Actual Rows": 199,
                                            "Actual Loops": 1
                                        }
                                    ],
                                    "Plans": [
                                        {
                                            "Node Type": "Nested Loop",
                                            "Parent Relationship": "Outer",
                                            "Parallel Aware": false,
                                            "Join Type": "Inner",
                                            "Startup Cost": 46345.94,
                                            "Total Cost": 174388.76,
                                            "Plan Rows": 25,
                                            "Plan Width": 64,
                                            "Actual Startup Time": 391.488,
                                            "Actual Total Time": 915.439,
                                            "Actual Rows": 176,
                                            "Actual Loops": 3,
                                            "Output": [
                                                "mi.info",
                                                "mk.keyword_id",
                                                "t.title"
                                            ],
                                            "Inner Unique": false,
                                            "Join Filter": "(t.id = mk.movie_id)",
                                            "Rows Removed by Join Filter": 0,
                                            "Workers": [
                                                {
                                                    "Worker Number": 0,
                                                    "Actual Startup Time": 435.443,
                                                    "Actual Total Time": 911.331,
                                                    "Actual Rows": 46,
                                                    "Actual Loops": 1
                                                },
                                                {
                                                    "Worker Number": 1,
                                                    "Actual Startup Time": 349.893,
                                                    "Actual Total Time": 910.846,
                                                    "Actual Rows": 199,
                                                    "Actual Loops": 1
                                                }
                                            ],
                                            "Plans": [
                                                {
                                                    "Node Type": "Nested Loop",
                                                    "Parent Relationship": "Outer",
                                                    "Parallel Aware": false,
                                                    "Join Type": "Inner",
                                                    "Startup Cost": 46345.51,
                                                    "Total Cost": 174386.87,
                                                    "Plan Rows": 1,
                                                    "Plan Width": 76,
                                                    "Actual Startup Time": 356.905,
                                                    "Actual Total Time": 914.843,
                                                    "Actual Rows": 25,
                                                    "Actual Loops": 3,
                                                    "Output": [
                                                        "at.movie_id",
                                                        "mc.movie_id",
                                                        "mi.info",
                                                        "mi.movie_id",
                                                        "t.title",
                                                        "t.id"
                                                    ],
                                                    "Inner Unique": true,
                                                    "Workers": [
                                                        {
                                                            "Worker Number": 0,
                                                            "Actual Startup Time": 338.028,
                                                            "Actual Total Time": 910.853,
                                                            "Actual Rows": 21,
                                                            "Actual Loops": 1
                                                        },
                                                        {
                                                            "Worker Number": 1,
                                                            "Actual Startup Time": 349.824,
                                                            "Actual Total Time": 910.222,
                                                            "Actual Rows": 27,
                                                            "Actual Loops": 1
                                                        }
                                                    ],
                                                    "Plans": [
                                                        {
                                                            "Node Type": "Nested Loop",
                                                            "Parent Relationship": "Outer",
                                                            "Parallel Aware": false,
                                                            "Join Type": "Inner",
                                                            "Startup Cost": 46345.38,
                                                            "Total Cost": 174386.72,
                                                            "Plan Rows": 1,
                                                            "Plan Width": 80,
                                                            "Actual Startup Time": 356.856,
                                                            "Actual Total Time": 914.68,
                                                            "Actual Rows": 25,
                                                            "Actual Loops": 3,
                                                            "Output": [
                                                                "at.movie_id",
                                                                "mc.movie_id",
                                                                "mc.company_type_id",
                                                                "mi.info",
                                                                "mi.movie_id",
                                                                "t.title",
                                                                "t.id"
                                                            ],
                                                            "Inner Unique": true,
                                                            "Workers": [
                                                                {
                                                                    "Worker Number": 0,
                                                                    "Actual Startup Time": 337.951,
                                                                    "Actual Total Time": 910.656,
                                                                    "Actual Rows": 21,
                                                                    "Actual Loops": 1
                                                                },
                                                                {
                                                                    "Worker Number": 1,
                                                                    "Actual Startup Time": 349.774,
                                                                    "Actual Total Time": 910.067,
                                                                    "Actual Rows": 27,
                                                                    "Actual Loops": 1
                                                                }
                                                            ],
                                                            "Plans": [
                                                                {
                                                                    "Node Type": "Nested Loop",
                                                                    "Parent Relationship": "Outer",
                                                                    "Parallel Aware": false,
                                                                    "Join Type": "Inner",
                                                                    "Startup Cost": 46344.96,
                                                                    "Total Cost": 174385.83,
                                                                    "Plan Rows": 2,
                                                                    "Plan Width": 84,
                                                                    "Actual Startup Time": 356.793,
                                                                    "Actual Total Time": 914.001,
                                                                    "Actual Rows": 35,
                                                                    "Actual Loops": 3,
                                                                    "Output": [
                                                                        "at.movie_id",
                                                                        "mc.movie_id",
                                                                        "mc.company_id",
                                                                        "mc.company_type_id",
                                                                        "mi.info",
                                                                        "mi.movie_id",
                                                                        "t.title",
                                                                        "t.id"
                                                                    ],
                                                                    "Inner Unique": false,
                                                                    "Workers": [
                                                                        {
                                                                            "Worker Number": 0,
                                                                            "Actual Startup Time": 337.877,
                                                                            "Actual Total Time": 909.944,
                                                                            "Actual Rows": 32,
                                                                            "Actual Loops": 1
                                                                        },
                                                                        {
                                                                            "Worker Number": 1,
                                                                            "Actual Startup Time": 349.702,
                                                                            "Actual Total Time": 909.52,
                                                                            "Actual Rows": 32,
                                                                            "Actual Loops": 1
                                                                        }
                                                                    ],
                                                                    "Plans": [
                                                                        {
                                                                            "Node Type": "Hash Join",
                                                                            "Parent Relationship": "Outer",
                                                                            "Parallel Aware": false,
                                                                            "Join Type": "Inner",
                                                                            "Startup Cost": 46344.53,
                                                                            "Total Cost": 174385.12,
                                                                            "Plan Rows": 1,
                                                                            "Plan Width": 72,
                                                                            "Actual Startup Time": 354.981,
                                                                            "Actual Total Time": 913.376,
                                                                            "Actual Rows": 13,
                                                                            "Actual Loops": 3,
                                                                            "Output": [
                                                                                "at.movie_id",
                                                                                "mi.info",
                                                                                "mi.movie_id",
                                                                                "t.title",
                                                                                "t.id"
                                                                            ],
                                                                            "Inner Unique": true,
                                                                            "Hash Cond": "(mi.info_type_id = it1.id)",
                                                                            "Workers": [
                                                                                {
                                                                                    "Worker Number": 0,
                                                                                    "Actual Startup Time": 337.785,
                                                                                    "Actual Total Time": 909.26,
                                                                                    "Actual Rows": 12,
                                                                                    "Actual Loops": 1
                                                                                },
                                                                                {
                                                                                    "Worker Number": 1,
                                                                                    "Actual Startup Time": 344.412,
                                                                                    "Actual Total Time": 908.931,
                                                                                    "Actual Rows": 12,
                                                                                    "Actual Loops": 1
                                                                                }
                                                                            ],
                                                                            "Plans": [
                                                                                {
                                                                                    "Node Type": "Nested Loop",
                                                                                    "Parent Relationship": "Outer",
                                                                                    "Parallel Aware": false,
                                                                                    "Join Type": "Inner",
                                                                                    "Startup Cost": 46342.11,
                                                                                    "Total Cost": 174382.56,
                                                                                    "Plan Rows": 49,
                                                                                    "Plan Width": 76,
                                                                                    "Actual Startup Time": 354.58,
                                                                                    "Actual Total Time": 912.949,
                                                                                    "Actual Rows": 13,
                                                                                    "Actual Loops": 3,
                                                                                    "Output": [
                                                                                        "at.movie_id",
                                                                                        "mi.info",
                                                                                        "mi.movie_id",
                                                                                        "mi.info_type_id",
                                                                                        "t.title",
                                                                                        "t.id"
                                                                                    ],
                                                                                    "Inner Unique": false,
                                                                                    "Workers": [
                                                                                        {
                                                                                            "Worker Number": 0,
                                                                                            "Actual Startup Time": 337.283,
                                                                                            "Actual Total Time": 908.73,
                                                                                            "Actual Rows": 12,
                                                                                            "Actual Loops": 1
                                                                                        },
                                                                                        {
                                                                                            "Worker Number": 1,
                                                                                            "Actual Startup Time": 343.921,
                                                                                            "Actual Total Time": 908.414,
                                                                                            "Actual Rows": 12,
                                                                                            "Actual Loops": 1
                                                                                        }
                                                                                    ],
                                                                                    "Plans": [
                                                                                        {
                                                                                            "Node Type": "Hash Join",
                                                                                            "Parent Relationship": "Outer",
                                                                                            "Parallel Aware": true,
                                                                                            "Join Type": "Inner",
                                                                                            "Startup Cost": 46341.67,
                                                                                            "Total Cost": 54435.16,
                                                                                            "Plan Rows": 46555,
                                                                                            "Plan Width": 25,
                                                                                            "Actual Startup Time": 329.015,
                                                                                            "Actual Total Time": 428.308,
                                                                                            "Actual Rows": 12866,
                                                                                            "Actual Loops": 3,
                                                                                            "Output": [
                                                                                                "at.movie_id",
                                                                                                "t.title",
                                                                                                "t.id"
                                                                                            ],
                                                                                            "Inner Unique": true,
                                                                                            "Hash Cond": "(at.movie_id = t.id)",
                                                                                            "Workers": [
                                                                                                {
                                                                                                    "Worker Number": 0,
                                                                                                    "Actual Startup Time": 324.582,
                                                                                                    "Actual Total Time": 425.566,
                                                                                                    "Actual Rows": 12955,
                                                                                                    "Actual Loops": 1
                                                                                                },
                                                                                                {
                                                                                                    "Worker Number": 1,
                                                                                                    "Actual Startup Time": 324.543,
                                                                                                    "Actual Total Time": 424.828,
                                                                                                    "Actual Rows": 13098,
                                                                                                    "Actual Loops": 1
                                                                                                }
                                                                                            ],
                                                                                            "Plans": [
                                                                                                {
                                                                                                    "Node Type": "Seq Scan",
                                                                                                    "Parent Relationship": "Outer",
                                                                                                    "Parallel Aware": true,
                                                                                                    "Relation Name": "aka_title",
                                                                                                    "Schema": "public",
                                                                                                    "Alias": "at",
                                                                                                    "Startup Cost": 0.0,
                                                                                                    "Total Cost": 7698.13,
                                                                                                    "Plan Rows": 150613,
                                                                                                    "Plan Width": 4,
                                                                                                    "Actual Startup Time": 0.026,
                                                                                                    "Actual Total Time": 31.272,
                                                                                                    "Actual Rows": 120491,
                                                                                                    "Actual Loops": 3,
                                                                                                    "Output": [
                                                                                                        "at.id",
                                                                                                        "at.movie_id",
                                                                                                        "at.title",
                                                                                                        "at.imdb_index",
                                                                                                        "at.kind_id",
                                                                                                        "at.production_year",
                                                                                                        "at.phonetic_code",
                                                                                                        "at.episode_of_id",
                                                                                                        "at.season_nr",
                                                                                                        "at.episode_nr",
                                                                                                        "at.note",
                                                                                                        "at.md5sum"
                                                                                                    ],
                                                                                                    "Workers": [
                                                                                                        {
                                                                                                            "Worker Number": 0,
                                                                                                            "Actual Startup Time": 0.033,
                                                                                                            "Actual Total Time": 31.916,
                                                                                                            "Actual Rows": 120473,
                                                                                                            "Actual Loops": 1
                                                                                                        },
                                                                                                        {
                                                                                                            "Worker Number": 1,
                                                                                                            "Actual Startup Time": 0.032,
                                                                                                            "Actual Total Time": 31.66,
                                                                                                            "Actual Rows": 123719,
                                                                                                            "Actual Loops": 1
                                                                                                        }
                                                                                                    ]
                                                                                                },
                                                                                                {
                                                                                                    "Node Type": "Hash",
                                                                                                    "Parent Relationship": "Inner",
                                                                                                    "Parallel Aware": true,
                                                                                                    "Startup Cost": 43899.32,
                                                                                                    "Total Cost": 43899.32,
                                                                                                    "Plan Rows": 195388,
                                                                                                    "Plan Width": 21,
                                                                                                    "Actual Startup Time": 322.433,
                                                                                                    "Actual Total Time": 322.435,
                                                                                                    "Actual Rows": 261642,
                                                                                                    "Actual Loops": 3,
                                                                                                    "Output": [
                                                                                                        "t.title",
                                                                                                        "t.id"
                                                                                                    ],
                                                                                                    "Hash Buckets": 1048576,
                                                                                                    "Original Hash Buckets": 1048576,
                                                                                                    "Hash Batches": 1,
                                                                                                    "Original Hash Batches": 1,
                                                                                                    "Peak Memory Usage": 52352,
                                                                                                    "Workers": [
                                                                                                        {
                                                                                                            "Worker Number": 0,
                                                                                                            "Actual Startup Time": 324.449,
                                                                                                            "Actual Total Time": 324.45,
                                                                                                            "Actual Rows": 256963,
                                                                                                            "Actual Loops": 1
                                                                                                        },
                                                                                                        {
                                                                                                            "Worker Number": 1,
                                                                                                            "Actual Startup Time": 324.45,
                                                                                                            "Actual Total Time": 324.451,
                                                                                                            "Actual Rows": 259585,
                                                                                                            "Actual Loops": 1
                                                                                                        }
                                                                                                    ],
                                                                                                    "Plans": [
                                                                                                        {
                                                                                                            "Node Type": "Seq Scan",
                                                                                                            "Parent Relationship": "Outer",
                                                                                                            "Parallel Aware": true,
                                                                                                            "Relation Name": "title",
                                                                                                            "Schema": "public",
                                                                                                            "Alias": "t",
                                                                                                            "Startup Cost": 0.0,
                                                                                                            "Total Cost": 43899.32,
                                                                                                            "Plan Rows": 195388,
                                                                                                            "Plan Width": 21,
                                                                                                            "Actual Startup Time": 0.076,
                                                                                                            "Actual Total Time": 174.278,
                                                                                                            "Actual Rows": 261642,
                                                                                                            "Actual Loops": 3,
                                                                                                            "Output": [
                                                                                                                "t.title",
                                                                                                                "t.id"
                                                                                                            ],
                                                                                                            "Filter": "(t.production_year > 2007)",
                                                                                                            "Rows Removed by Filter": 581129,
                                                                                                            "Workers": [
                                                                                                                {
                                                                                                                    "Worker Number": 0,
                                                                                                                    "Actual Startup Time": 0.102,
                                                                                                                    "Actual Total Time": 174.345,
                                                                                                                    "Actual Rows": 256963,
                                                                                                                    "Actual Loops": 1
                                                                                                                },
                                                                                                                {
                                                                                                                    "Worker Number": 1,
                                                                                                                    "Actual Startup Time": 0.1,
                                                                                                                    "Actual Total Time": 174.481,
                                                                                                                    "Actual Rows": 259585,
                                                                                                                    "Actual Loops": 1
                                                                                                                }
                                                                                                            ]
                                                                                                        }
                                                                                                    ]
                                                                                                }
                                                                                            ]
                                                                                        },
                                                                                        {
                                                                                            "Node Type": "Index Scan",
                                                                                            "Parent Relationship": "Inner",
                                                                                            "Parallel Aware": false,
                                                                                            "Scan Direction": "Forward",
                                                                                            "Index Name": "movie_id_movie_info",
                                                                                            "Relation Name": "movie_info",
                                                                                            "Schema": "public",
                                                                                            "Alias": "mi",
                                                                                            "Startup Cost": 0.43,
                                                                                            "Total Cost": 2.57,
                                                                                            "Plan Rows": 1,
                                                                                            "Plan Width": 51,
                                                                                            "Actual Startup Time": 0.037,
                                                                                            "Actual Total Time": 0.037,
                                                                                            "Actual Rows": 0,
                                                                                            "Actual Loops": 38597,
                                                                                            "Output": [
                                                                                                "mi.id",
                                                                                                "mi.movie_id",
                                                                                                "mi.info_type_id",
                                                                                                "mi.info",
                                                                                                "mi.note"
                                                                                            ],
                                                                                            "Index Cond": "(mi.movie_id = t.id)",
                                                                                            "Rows Removed by Index Recheck": 0,
                                                                                            "Filter": "((mi.info IS NOT NULL) AND (mi.note ~~ '%internet%'::text) AND ((mi.info ~~ 'USA:% 199%'::text) OR (mi.info ~~ 'USA:% 200%'::text)))",
                                                                                            "Rows Removed by Filter": 31,
                                                                                            "Workers": [
                                                                                                {
                                                                                                    "Worker Number": 0,
                                                                                                    "Actual Startup Time": 0.037,
                                                                                                    "Actual Total Time": 0.037,
                                                                                                    "Actual Rows": 0,
                                                                                                    "Actual Loops": 12955
                                                                                                },
                                                                                                {
                                                                                                    "Worker Number": 1,
                                                                                                    "Actual Startup Time": 0.036,
                                                                                                    "Actual Total Time": 0.036,
                                                                                                    "Actual Rows": 0,
                                                                                                    "Actual Loops": 13098
                                                                                                }
                                                                                            ]
                                                                                        }
                                                                                    ]
                                                                                },
                                                                                {
                                                                                    "Node Type": "Hash",
                                                                                    "Parent Relationship": "Inner",
                                                                                    "Parallel Aware": false,
                                                                                    "Startup Cost": 2.41,
                                                                                    "Total Cost": 2.41,
                                                                                    "Plan Rows": 1,
                                                                                    "Plan Width": 4,
                                                                                    "Actual Startup Time": 0.088,
                                                                                    "Actual Total Time": 0.089,
                                                                                    "Actual Rows": 1,
                                                                                    "Actual Loops": 3,
                                                                                    "Output": [
                                                                                        "it1.id"
                                                                                    ],
                                                                                    "Hash Buckets": 1024,
                                                                                    "Original Hash Buckets": 1024,
                                                                                    "Hash Batches": 1,
                                                                                    "Original Hash Batches": 1,
                                                                                    "Peak Memory Usage": 9,
                                                                                    "Workers": [
                                                                                        {
                                                                                            "Worker Number": 0,
                                                                                            "Actual Startup Time": 0.101,
                                                                                            "Actual Total Time": 0.101,
                                                                                            "Actual Rows": 1,
                                                                                            "Actual Loops": 1
                                                                                        },
                                                                                        {
                                                                                            "Worker Number": 1,
                                                                                            "Actual Startup Time": 0.096,
                                                                                            "Actual Total Time": 0.096,
                                                                                            "Actual Rows": 1,
                                                                                            "Actual Loops": 1
                                                                                        }
                                                                                    ],
                                                                                    "Plans": [
                                                                                        {
                                                                                            "Node Type": "Seq Scan",
                                                                                            "Parent Relationship": "Outer",
                                                                                            "Parallel Aware": false,
                                                                                            "Relation Name": "info_type",
                                                                                            "Schema": "public",
                                                                                            "Alias": "it1",
                                                                                            "Startup Cost": 0.0,
                                                                                            "Total Cost": 2.41,
                                                                                            "Plan Rows": 1,
                                                                                            "Plan Width": 4,
                                                                                            "Actual Startup Time": 0.053,
                                                                                            "Actual Total Time": 0.07,
                                                                                            "Actual Rows": 1,
                                                                                            "Actual Loops": 3,
                                                                                            "Output": [
                                                                                                "it1.id"
                                                                                            ],
                                                                                            "Filter": "((it1.info)::text = 'release dates'::text)",
                                                                                            "Rows Removed by Filter": 112,
                                                                                            "Workers": [
                                                                                                {
                                                                                                    "Worker Number": 0,
                                                                                                    "Actual Startup Time": 0.065,
                                                                                                    "Actual Total Time": 0.081,
                                                                                                    "Actual Rows": 1,
                                                                                                    "Actual Loops": 1
                                                                                                },
                                                                                                {
                                                                                                    "Worker Number": 1,
                                                                                                    "Actual Startup Time": 0.061,
                                                                                                    "Actual Total Time": 0.077,
                                                                                                    "Actual Rows": 1,
                                                                                                    "Actual Loops": 1
                                                                                                }
                                                                                            ]
                                                                                        }
                                                                                    ]
                                                                                }
                                                                            ]
                                                                        },
                                                                        {
                                                                            "Node Type": "Index Scan",
                                                                            "Parent Relationship": "Inner",
                                                                            "Parallel Aware": false,
                                                                            "Scan Direction": "Forward",
                                                                            "Index Name": "movie_id_movie_companies",
                                                                            "Relation Name": "movie_companies",
                                                                            "Schema": "public",
                                                                            "Alias": "mc",
                                                                            "Startup Cost": 0.43,
                                                                            "Total Cost": 0.66,
                                                                            "Plan Rows": 5,
                                                                            "Plan Width": 12,
                                                                            "Actual Startup Time": 0.037,
                                                                            "Actual Total Time": 0.046,
                                                                            "Actual Rows": 3,
                                                                            "Actual Loops": 38,
                                                                            "Output": [
                                                                                "mc.id",
                                                                                "mc.movie_id",
                                                                                "mc.company_id",
                                                                                "mc.company_type_id",
                                                                                "mc.note"
                                                                            ],
                                                                            "Index Cond": "(mc.movie_id = t.id)",
                                                                            "Rows Removed by Index Recheck": 0,
                                                                            "Workers": [
                                                                                {
                                                                                    "Worker Number": 0,
                                                                                    "Actual Startup Time": 0.042,
                                                                                    "Actual Total Time": 0.053,
                                                                                    "Actual Rows": 3,
                                                                                    "Actual Loops": 12
                                                                                },
                                                                                {
                                                                                    "Worker Number": 1,
                                                                                    "Actual Startup Time": 0.038,
                                                                                    "Actual Total Time": 0.046,
                                                                                    "Actual Rows": 3,
                                                                                    "Actual Loops": 12
                                                                                }
                                                                            ]
                                                                        }
                                                                    ]
                                                                },
                                                                {
                                                                    "Node Type": "Index Scan",
                                                                    "Parent Relationship": "Inner",
                                                                    "Parallel Aware": false,
                                                                    "Scan Direction": "Forward",
                                                                    "Index Name": "company_name_pkey",
                                                                    "Relation Name": "company_name",
                                                                    "Schema": "public",
                                                                    "Alias": "cn",
                                                                    "Startup Cost": 0.42,
                                                                    "Total Cost": 0.45,
                                                                    "Plan Rows": 1,
                                                                    "Plan Width": 4,
                                                                    "Actual Startup Time": 0.018,
                                                                    "Actual Total Time": 0.018,
                                                                    "Actual Rows": 1,
                                                                    "Actual Loops": 104,
                                                                    "Output": [
                                                                        "cn.id",
                                                                        "cn.name",
                                                                        "cn.country_code",
                                                                        "cn.imdb_id",
                                                                        "cn.name_pcode_nf",
                                                                        "cn.name_pcode_sf",
                                                                        "cn.md5sum"
                                                                    ],
                                                                    "Index Cond": "(cn.id = mc.company_id)",
                                                                    "Rows Removed by Index Recheck": 0,
                                                                    "Filter": "((cn.country_code)::text = '[us]'::text)",
                                                                    "Rows Removed by Filter": 0,
                                                                    "Workers": [
                                                                        {
                                                                            "Worker Number": 0,
                                                                            "Actual Startup Time": 0.021,
                                                                            "Actual Total Time": 0.021,
                                                                            "Actual Rows": 1,
                                                                            "Actual Loops": 32
                                                                        },
                                                                        {
                                                                            "Worker Number": 1,
                                                                            "Actual Startup Time": 0.016,
                                                                            "Actual Total Time": 0.016,
                                                                            "Actual Rows": 1,
                                                                            "Actual Loops": 32
                                                                        }
                                                                    ]
                                                                }
                                                            ]
                                                        },
                                                        {
                                                            "Node Type": "Index Only Scan",
                                                            "Parent Relationship": "Inner",
                                                            "Parallel Aware": false,
                                                            "Scan Direction": "Forward",
                                                            "Index Name": "company_type_pkey",
                                                            "Relation Name": "company_type",
                                                            "Schema": "public",
                                                            "Alias": "ct",
                                                            "Startup Cost": 0.13,
                                                            "Total Cost": 0.15,
                                                            "Plan Rows": 1,
                                                            "Plan Width": 4,
                                                            "Actual Startup Time": 0.005,
                                                            "Actual Total Time": 0.005,
                                                            "Actual Rows": 1,
                                                            "Actual Loops": 76,
                                                            "Output": [
                                                                "ct.id"
                                                            ],
                                                            "Index Cond": "(ct.id = mc.company_type_id)",
                                                            "Rows Removed by Index Recheck": 0,
                                                            "Heap Fetches": 76,
                                                            "Workers": [
                                                                {
                                                                    "Worker Number": 0,
                                                                    "Actual Startup Time": 0.007,
                                                                    "Actual Total Time": 0.007,
                                                                    "Actual Rows": 1,
                                                                    "Actual Loops": 21
                                                                },
                                                                {
                                                                    "Worker Number": 1,
                                                                    "Actual Startup Time": 0.004,
                                                                    "Actual Total Time": 0.004,
                                                                    "Actual Rows": 1,
                                                                    "Actual Loops": 27
                                                                }
                                                            ]
                                                        }
                                                    ]
                                                },
                                                {
                                                    "Node Type": "Index Scan",
                                                    "Parent Relationship": "Inner",
                                                    "Parallel Aware": false,
                                                    "Scan Direction": "Forward",
                                                    "Index Name": "movie_id_movie_keyword",
                                                    "Relation Name": "movie_keyword",
                                                    "Schema": "public",
                                                    "Alias": "mk",
                                                    "Startup Cost": 0.43,
                                                    "Total Cost": 1.31,
                                                    "Plan Rows": 46,
                                                    "Plan Width": 8,
                                                    "Actual Startup Time": 0.019,
                                                    "Actual Total Time": 0.021,
                                                    "Actual Rows": 7,
                                                    "Actual Loops": 76,
                                                    "Output": [
                                                        "mk.id",
                                                        "mk.movie_id",
                                                        "mk.keyword_id"
                                                    ],
                                                    "Index Cond": "(mk.movie_id = mc.movie_id)",
                                                    "Rows Removed by Index Recheck": 0,
                                                    "Workers": [
                                                        {
                                                            "Worker Number": 0,
                                                            "Actual Startup Time": 0.02,
                                                            "Actual Total Time": 0.021,
                                                            "Actual Rows": 2,
                                                            "Actual Loops": 21
                                                        },
                                                        {
                                                            "Worker Number": 1,
                                                            "Actual Startup Time": 0.018,
                                                            "Actual Total Time": 0.02,
                                                            "Actual Rows": 7,
                                                            "Actual Loops": 27
                                                        }
                                                    ]
                                                }
                                            ]
                                        },
                                        {
                                            "Node Type": "Index Only Scan",
                                            "Parent Relationship": "Inner",
                                            "Parallel Aware": false,
                                            "Scan Direction": "Forward",
                                            "Index Name": "keyword_pkey",
                                            "Relation Name": "keyword",
                                            "Schema": "public",
                                            "Alias": "k",
                                            "Startup Cost": 0.42,
                                            "Total Cost": 0.44,
                                            "Plan Rows": 1,
                                            "Plan Width": 4,
                                            "Actual Startup Time": 0.005,
                                            "Actual Total Time": 0.005,
                                            "Actual Rows": 1,
                                            "Actual Loops": 528,
                                            "Output": [
                                                "k.id"
                                            ],
                                            "Index Cond": "(k.id = mk.keyword_id)",
                                            "Rows Removed by Index Recheck": 0,
                                            "Heap Fetches": 528,
                                            "Workers": [
                                                {
                                                    "Worker Number": 0,
                                                    "Actual Startup Time": 0.01,
                                                    "Actual Total Time": 0.01,
                                                    "Actual Rows": 1,
                                                    "Actual Loops": 46
                                                },
                                                {
                                                    "Worker Number": 1,
                                                    "Actual Startup Time": 0.004,
                                                    "Actual Total Time": 0.004,
                                                    "Actual Rows": 1,
                                                    "Actual Loops": 199
                                                }
                                            ]
                                        }
                                    ]
                                }
                            ]
                        }
                    ]
                }
            ]
        },
        "Planning Time": 2427.119,
        "Triggers": [],
        "Execution Time": 991.009
    }
]