[
  {
    "Plan": {
      "Node Type": "Aggregate",
      "Strategy": "Plain",
      "Partial Mode": "Finalize",
      "Parallel Aware": false,
      "Startup Cost": 31215.99,
      "Total Cost": 31216.0,
      "Plan Rows": 1,
      "Plan Width": 8,
      "Actual Startup Time": 108.644,
      "Actual Total Time": 116.631,
      "Actual Rows": 1,
      "Actual Loops": 1,
      "Plans": [
        {
          "Node Type": "Gather",
          "Parent Relationship": "Outer",
          "Parallel Aware": false,
          "Startup Cost": 31215.67,
          "Total Cost": 31215.98,
          "Plan Rows": 3,
          "Plan Width": 8,
          "Actual Startup Time": 108.509,
          "Actual Total Time": 116.623,
          "Actual Rows": 4,
          "Actual Loops": 1,
          "Workers Planned": 3,
          "Workers Launched": 3,
          "Single Copy": false,
          "Plans": [
            {
              "Node Type": "Aggregate",
              "Strategy": "Plain",
              "Partial Mode": "Partial",
              "Parent Relationship": "Outer",
              "Parallel Aware": false,
              "Startup Cost": 30215.67,
              "Total Cost": 30215.68,
              "Plan Rows": 1,
              "Plan Width": 8,
              "Actual Startup Time": 102.103,
              "Actual Total Time": 102.104,
              "Actual Rows": 1,
              "Actual Loops": 4,
              "Plans": [
                {
                  "Node Type": "Seq Scan",
                  "Parent Relationship": "Outer",
                  "Parallel Aware": true,
                  "Relation Name": "movie_companies",
                  "Alias": "mc",
                  "Startup Cost": 0.0,
                  "Total Cost": 29310.68,
                  "Plan Rows": 361997,
                  "Plan Width": 0,
                  "Actual Startup Time": 21.275,
                  "Actual Total Time": 87.548,
                  "Actual Rows": 281409,
                  "Actual Loops": 4,
                  "Filter": "(company_id > 13614)",
                  "Rows Removed by Filter": 370874
                }
              ]
            }
          ]
        }
      ]
    },
    "Planning Time": 0.188,
    "Triggers": [],
    "Execution Time": 116.688
  }
]