{
    "Plan": {
        "Node Type": "Aggregate",
        "Strategy": "Plain",
        "Partial Mode": "Finalize",
        "Parallel Aware": false,
        "Startup Cost": 222726.24,
        "Total Cost": 222726.25,
        "Plan Rows": 1,
        "Plan Width": 8,
        "Actual Startup Time": 155.112,
        "Actual Total Time": 176.898,
        "Actual Rows": 1,
        "Actual Loops": 1,
        "Output": [
            "count(*)"
        ],
        "Plans": [
            {
                "Node Type": "Gather",
                "Parent Relationship": "Outer",
                "Parallel Aware": false,
                "Startup Cost": 222725.82,
                "Total Cost": 222726.23,
                "Plan Rows": 4,
                "Plan Width": 8,
                "Actual Startup Time": 154.993,
                "Actual Total Time": 176.885,
                "Actual Rows": 5,
                "Actual Loops": 1,
                "Output": [
                    "(PARTIAL count(*))"
                ],
                "Workers Planned": 4,
                "Workers Launched": 4,
                "Single Copy": false,
                "Plans": [
                    {
                        "Node Type": "Aggregate",
                        "Strategy": "Plain",
                        "Partial Mode": "Partial",
                        "Parent Relationship": "Outer",
                        "Parallel Aware": false,
                        "Startup Cost": 221725.82,
                        "Total Cost": 221725.83,
                        "Plan Rows": 1,
                        "Plan Width": 8,
                        "Actual Startup Time": 145.051,
                        "Actual Total Time": 145.053,
                        "Actual Rows": 1,
                        "Actual Loops": 5,
                        "Output": [
                            "PARTIAL count(*)"
                        ],
                        "Workers": [
                            {
                                "Worker Number": 0,
                                "Actual Startup Time": 142.718,
                                "Actual Total Time": 142.72,
                                "Actual Rows": 1,
                                "Actual Loops": 1
                            },
                            {
                                "Worker Number": 1,
                                "Actual Startup Time": 142.652,
                                "Actual Total Time": 142.653,
                                "Actual Rows": 1,
                                "Actual Loops": 1
                            },
                            {
                                "Worker Number": 2,
                                "Actual Startup Time": 142.667,
                                "Actual Total Time": 142.668,
                                "Actual Rows": 1,
                                "Actual Loops": 1
                            },
                            {
                                "Worker Number": 3,
                                "Actual Startup Time": 143.013,
                                "Actual Total Time": 143.015,
                                "Actual Rows": 1,
                                "Actual Loops": 1
                            }
                        ],
                        "Plans": [
                            {
                                "Node Type": "Nested Loop",
                                "Parent Relationship": "Outer",
                                "Parallel Aware": false,
                                "Join Type": "Inner",
                                "Startup Cost": 0.43,
                                "Total Cost": 221690.23,
                                "Plan Rows": 14234,
                                "Plan Width": 0,
                                "Actual Startup Time": 0.615,
                                "Actual Total Time": 143.837,
                                "Actual Rows": 12540,
                                "Actual Loops": 5,
                                "Inner Unique": false,
                                "Workers": [
                                    {
                                        "Worker Number": 0,
                                        "Actual Startup Time": 0.4,
                                        "Actual Total Time": 141.504,
                                        "Actual Rows": 8062,
                                        "Actual Loops": 1
                                    },
                                    {
                                        "Worker Number": 1,
                                        "Actual Startup Time": 0.447,
                                        "Actual Total Time": 141.431,
                                        "Actual Rows": 8061,
                                        "Actual Loops": 1
                                    },
                                    {
                                        "Worker Number": 2,
                                        "Actual Startup Time": 0.633,
                                        "Actual Total Time": 141.607,
                                        "Actual Rows": 10712,
                                        "Actual Loops": 1
                                    },
                                    {
                                        "Worker Number": 3,
                                        "Actual Startup Time": 1.241,
                                        "Actual Total Time": 141.937,
                                        "Actual Rows": 11088,
                                        "Actual Loops": 1
                                    }
                                ],
                                "Plans": [
                                    {
                                        "Node Type": "Seq Scan",
                                        "Parent Relationship": "Outer",
                                        "Parallel Aware": true,
                                        "Relation Name": "title",
                                        "Schema": "public",
                                        "Alias": "t",
                                        "Startup Cost": 0.0,
                                        "Total Cost": 43899.01,
                                        "Plan Rows": 3624,
                                        "Plan Width": 4,
                                        "Actual Startup Time": 0.374,
                                        "Actual Total Time": 78.132,
                                        "Actual Rows": 2613,
                                        "Actual Loops": 5,
                                        "Output": [
                                            "t.id",
                                            "t.title",
                                            "t.imdb_index",
                                            "t.kind_id",
                                            "t.production_year",
                                            "t.imdb_id",
                                            "t.phonetic_code",
                                            "t.episode_of_id",
                                            "t.season_nr",
                                            "t.episode_nr",
                                            "t.series_years",
                                            "t.md5sum"
                                        ],
                                        "Filter": "(t.production_year = 1965)",
                                        "Rows Removed by Filter": 503050,
                                        "Workers": [
                                            {
                                                "Worker Number": 0,
                                                "Actual Startup Time": 0.073,
                                                "Actual Total Time": 70.863,
                                                "Actual Rows": 1638,
                                                "Actual Loops": 1
                                            },
                                            {
                                                "Worker Number": 1,
                                                "Actual Startup Time": 0.134,
                                                "Actual Total Time": 73.167,
                                                "Actual Rows": 1629,
                                                "Actual Loops": 1
                                            },
                                            {
                                                "Worker Number": 2,
                                                "Actual Startup Time": 0.381,
                                                "Actual Total Time": 73.175,
                                                "Actual Rows": 2337,
                                                "Actual Loops": 1
                                            },
                                            {
                                                "Worker Number": 3,
                                                "Actual Startup Time": 0.965,
                                                "Actual Total Time": 72.268,
                                                "Actual Rows": 2443,
                                                "Actual Loops": 1
                                            }
                                        ]
                                    },
                                    {
                                        "Node Type": "Index Scan",
                                        "Parent Relationship": "Inner",
                                        "Parallel Aware": false,
                                        "Scan Direction": "Forward",
                                        "Index Name": "movie_id_movie_info",
                                        "Relation Name": "movie_info",
                                        "Schema": "public",
                                        "Alias": "mi",
                                        "Startup Cost": 0.43,
                                        "Total Cost": 48.8,
                                        "Plan Rows": 26,
                                        "Plan Width": 4,
                                        "Actual Startup Time": 0.013,
                                        "Actual Total Time": 0.024,
                                        "Actual Rows": 5,
                                        "Actual Loops": 13063,
                                        "Output": [
                                            "mi.id",
                                            "mi.movie_id",
                                            "mi.info_type_id",
                                            "mi.info",
                                            "mi.note"
                                        ],
                                        "Index Cond": "(mi.movie_id = t.id)",
                                        "Rows Removed by Index Recheck": 0,
                                        "Filter": "(mi.info_type_id > 4)",
                                        "Rows Removed by Filter": 2,
                                        "Workers": [
                                            {
                                                "Worker Number": 0,
                                                "Actual Startup Time": 0.022,
                                                "Actual Total Time": 0.041,
                                                "Actual Rows": 5,
                                                "Actual Loops": 1638
                                            },
                                            {
                                                "Worker Number": 1,
                                                "Actual Startup Time": 0.021,
                                                "Actual Total Time": 0.04,
                                                "Actual Rows": 5,
                                                "Actual Loops": 1629
                                            },
                                            {
                                                "Worker Number": 2,
                                                "Actual Startup Time": 0.015,
                                                "Actual Total Time": 0.028,
                                                "Actual Rows": 5,
                                                "Actual Loops": 2337
                                            },
                                            {
                                                "Worker Number": 3,
                                                "Actual Startup Time": 0.015,
                                                "Actual Total Time": 0.028,
                                                "Actual Rows": 5,
                                                "Actual Loops": 2443
                                            }
                                        ]
                                    }
                                ]
                            }
                        ]
                    }
                ]
            }
        ]
    },
    "Planning Time": 0.743,
    "Triggers": [],
    "Execution Time": 176.975
}