[
  {
    "Plan": {
      "Node Type": "Aggregate",
      "Strategy": "Plain",
      "Partial Mode": "Finalize",
      "Parallel Aware": false,
      "Startup Cost": 44559.09,
      "Total Cost": 44559.1,
      "Plan Rows": 1,
      "Plan Width": 8,
      "Actual Startup Time": 173.003,
      "Actual Total Time": 185.67,
      "Actual Rows": 1,
      "Actual Loops": 1,
      "Plans": [
        {
          "Node Type": "Gather",
          "Parent Relationship": "Outer",
          "Parallel Aware": false,
          "Startup Cost": 44558.77,
          "Total Cost": 44559.08,
          "Plan Rows": 3,
          "Plan Width": 8,
          "Actual Startup Time": 172.821,
          "Actual Total Time": 185.658,
          "Actual Rows": 4,
          "Actual Loops": 1,
          "Workers Planned": 3,
          "Workers Launched": 3,
          "Single Copy": false,
          "Plans": [
            {
              "Node Type": "Aggregate",
              "Strategy": "Plain",
              "Partial Mode": "Partial",
              "Parent Relationship": "Outer",
              "Parallel Aware": false,
              "Startup Cost": 43558.77,
              "Total Cost": 43558.78,
              "Plan Rows": 1,
              "Plan Width": 8,
              "Actual Startup Time": 164.427,
              "Actual Total Time": 164.428,
              "Actual Rows": 1,
              "Actual Loops": 4,
              "Plans": [
                {
                  "Node Type": "Seq Scan",
                  "Parent Relationship": "Outer",
                  "Parallel Aware": true,
                  "Relation Name": "movie_keyword",
                  "Alias": "mk",
                  "Startup Cost": 0.0,
                  "Total Cost": 42695.65,
                  "Plan Rows": 345248,
                  "Plan Width": 0,
                  "Actual Startup Time": 3.727,
                  "Actual Total Time": 144.866,
                  "Actual Rows": 266049,
                  "Actual Loops": 4,
                  "Filter": "(keyword_id > 16501)",
                  "Rows Removed by Filter": 864934
                }
              ]
            }
          ]
        }
      ]
    },
    "Planning Time": 0.196,
    "Triggers": [],
    "Execution Time": 185.727
  }
]