[
  {
    "Plan": {
      "Node Type": "Aggregate",
      "Strategy": "Plain",
      "Partial Mode": "Finalize",
      "Parallel Aware": false,
      "Startup Cost": 32764.13,
      "Total Cost": 32764.14,
      "Plan Rows": 1,
      "Plan Width": 8,
      "Actual Startup Time": 92.568,
      "Actual Total Time": 97.895,
      "Actual Rows": 1,
      "Actual Loops": 1,
      "Plans": [
        {
          "Node Type": "Gather",
          "Parent Relationship": "Outer",
          "Parallel Aware": false,
          "Startup Cost": 32763.82,
          "Total Cost": 32764.13,
          "Plan Rows": 3,
          "Plan Width": 8,
          "Actual Startup Time": 92.469,
          "Actual Total Time": 97.888,
          "Actual Rows": 4,
          "Actual Loops": 1,
          "Workers Planned": 3,
          "Workers Launched": 3,
          "Single Copy": false,
          "Plans": [
            {
              "Node Type": "Aggregate",
              "Strategy": "Plain",
              "Partial Mode": "Partial",
              "Parent Relationship": "Outer",
              "Parallel Aware": false,
              "Startup Cost": 31763.82,
              "Total Cost": 31763.83,
              "Plan Rows": 1,
              "Plan Width": 8,
              "Actual Startup Time": 86.713,
              "Actual Total Time": 86.714,
              "Actual Rows": 1,
              "Actual Loops": 4,
              "Plans": [
                {
                  "Node Type": "Seq Scan",
                  "Parent Relationship": "Outer",
                  "Parallel Aware": true,
                  "Relation Name": "movie_companies",
                  "Alias": "mc",
                  "Startup Cost": 0.0,
                  "Total Cost": 31414.82,
                  "Plan Rows": 139599,
                  "Plan Width": 0,
                  "Actual Startup Time": 43.568,
                  "Actual Total Time": 78.545,
                  "Actual Rows": 190804,
                  "Actual Loops": 4,
                  "Filter": "((company_id > 23900) AND (company_type_id = 2))",
                  "Rows Removed by Filter": 461478
                }
              ]
            }
          ]
        }
      ]
    },
    "Planning Time": 0.175,
    "Triggers": [],
    "Execution Time": 97.941
  }
]