[
  {
    "Plan": {
      "Node Type": "Aggregate",
      "Strategy": "Plain",
      "Partial Mode": "Finalize",
      "Parallel Aware": false,
      "Startup Cost": 490309.01,
      "Total Cost": 490309.02,
      "Plan Rows": 1,
      "Plan Width": 96,
      "Actual Startup Time": 2983.063,
      "Actual Total Time": 3104.074,
      "Actual Rows": 1,
      "Actual Loops": 1,
      "Plans": [
        {
          "Node Type": "Gather",
          "Parent Relationship": "Outer",
          "Parallel Aware": false,
          "Startup Cost": 490308.57,
          "Total Cost": 490308.98,
          "Plan Rows": 4,
          "Plan Width": 96,
          "Actual Startup Time": 2982.538,
          "Actual Total Time": 3104.054,
          "Actual Rows": 5,
          "Actual Loops": 1,
          "Workers Planned": 4,
          "Workers Launched": 4,
          "Single Copy": false,
          "Plans": [
            {
              "Node Type": "Aggregate",
              "Strategy": "Plain",
              "Partial Mode": "Partial",
              "Parent Relationship": "Outer",
              "Parallel Aware": false,
              "Startup Cost": 489308.57,
              "Total Cost": 489308.58,
              "Plan Rows": 1,
              "Plan Width": 96,
              "Actual Startup Time": 2971.202,
              "Actual Total Time": 2971.215,
              "Actual Rows": 1,
              "Actual Loops": 5,
              "Plans": [
                {
                  "Node Type": "Hash Join",
                  "Parent Relationship": "Outer",
                  "Parallel Aware": true,
                  "Join Type": "Inner",
                  "Startup Cost": 444069.71,
                  "Total Cost": 489308.57,
                  "Plan Rows": 1,
                  "Plan Width": 48,
                  "Actual Startup Time": 2832.397,
                  "Actual Total Time": 2970.973,
                  "Actual Rows": 648,
                  "Actual Loops": 5,
                  "Inner Unique": false,
                  "Hash Cond": "(t.id = mk.movie_id)",
                  "Plans": [
                    {
                      "Node Type": "Seq Scan",
                      "Parent Relationship": "Outer",
                      "Parallel Aware": true,
                      "Relation Name": "title",
                      "Alias": "t",
                      "Startup Cost": 0.0,
                      "Total Cost": 43898.62,
                      "Plan Rows": 357396,
                      "Plan Width": 21,
                      "Actual Startup Time": 0.034,
                      "Actual Total Time": 101.087,
                      "Actual Rows": 286893,
                      "Actual Loops": 5,
                      "Filter": "(production_year > 1999)",
                      "Rows Removed by Filter": 218769
                    },
                    {
                      "Node Type": "Hash",
                      "Parent Relationship": "Inner",
                      "Parallel Aware": true,
                      "Startup Cost": 444069.69,
                      "Total Cost": 444069.69,
                      "Plan Rows": 1,
                      "Plan Width": 39,
                      "Actual Startup Time": 2829.25,
                      "Actual Total Time": 2829.261,
                      "Actual Rows": 1180,
                      "Actual Loops": 5,
                      "Hash Buckets": 4096,
                      "Original Hash Buckets": 1024,
                      "Hash Batches": 1,
                      "Original Hash Batches": 1,
                      "Peak Memory Usage": 472,
                      "Plans": [
                        {
                          "Node Type": "Hash Join",
                          "Parent Relationship": "Outer",
                          "Parallel Aware": true,
                          "Join Type": "Inner",
                          "Startup Cost": 115148.66,
                          "Total Cost": 444069.69,
                          "Plan Rows": 1,
                          "Plan Width": 39,
                          "Actual Startup Time": 675.649,
                          "Actual Total Time": 2014.624,
                          "Actual Rows": 1180,
                          "Actual Loops": 5,
                          "Inner Unique": false,
                          "Hash Cond": "(ci.movie_id = mk.movie_id)",
                          "Plans": [
                            {
                              "Node Type": "Hash Join",
                              "Parent Relationship": "Outer",
                              "Parallel Aware": true,
                              "Join Type": "Inner",
                              "Startup Cost": 68636.88,
                              "Total Cost": 397555.64,
                              "Plan Rows": 604,
                              "Plan Width": 19,
                              "Actual Startup Time": 210.434,
                              "Actual Total Time": 1657.305,
                              "Actual Rows": 27110,
                              "Actual Loops": 5,
                              "Inner Unique": true,
                              "Hash Cond": "(ci.person_id = n.id)",
                              "Plans": [
                                {
                                  "Node Type": "Seq Scan",
                                  "Parent Relationship": "Outer",
                                  "Parallel Aware": true,
                                  "Relation Name": "cast_info",
                                  "Alias": "ci",
                                  "Startup Cost": 0.0,
                                  "Total Cost": 313068.58,
                                  "Plan Rows": 6038158,
                                  "Plan Width": 8,
                                  "Actual Startup Time": 0.015,
                                  "Actual Total Time": 815.286,
                                  "Actual Rows": 7248869,
                                  "Actual Loops": 5
                                },
                                {
                                  "Node Type": "Hash",
                                  "Parent Relationship": "Inner",
                                  "Parallel Aware": true,
                                  "Startup Cost": 68635.58,
                                  "Total Cost": 68635.58,
                                  "Plan Rows": 104,
                                  "Plan Width": 19,
                                  "Actual Startup Time": 197.068,
                                  "Actual Total Time": 197.069,
                                  "Actual Rows": 3391,
                                  "Actual Loops": 5,
                                  "Hash Buckets": 16384,
                                  "Original Hash Buckets": 1024,
                                  "Hash Batches": 1,
                                  "Original Hash Batches": 1,
                                  "Peak Memory Usage": 1240,
                                  "Plans": [
                                    {
                                      "Node Type": "Seq Scan",
                                      "Parent Relationship": "Outer",
                                      "Parallel Aware": true,
                                      "Relation Name": "name",
                                      "Alias": "n",
                                      "Startup Cost": 0.0,
                                      "Total Cost": 68635.58,
                                      "Plan Rows": 104,
                                      "Plan Width": 19,
                                      "Actual Startup Time": 1.765,
                                      "Actual Total Time": 174.08,
                                      "Actual Rows": 3391,
                                      "Actual Loops": 5,
                                      "Filter": "(name ~~ '%Smith,%'::text)",
                                      "Rows Removed by Filter": 830107
                                    }
                                  ]
                                }
                              ]
                            },
                            {
                              "Node Type": "Hash",
                              "Parent Relationship": "Inner",
                              "Parallel Aware": true,
                              "Startup Cost": 46510.69,
                              "Total Cost": 46510.69,
                              "Plan Rows": 87,
                              "Plan Width": 20,
                              "Actual Startup Time": 350.166,
                              "Actual Total Time": 350.169,
                              "Actual Rows": 5752,
                              "Actual Loops": 5,
                              "Hash Buckets": 32768,
                              "Original Hash Buckets": 1024,
                              "Hash Batches": 1,
                              "Original Hash Batches": 1,
                              "Peak Memory Usage": 1944,
                              "Plans": [
                                {
                                  "Node Type": "Hash Join",
                                  "Parent Relationship": "Outer",
                                  "Parallel Aware": false,
                                  "Join Type": "Inner",
                                  "Startup Cost": 3632.5,
                                  "Total Cost": 46510.69,
                                  "Plan Rows": 87,
                                  "Plan Width": 20,
                                  "Actual Startup Time": 45.368,
                                  "Actual Total Time": 260.24,
                                  "Actual Rows": 5752,
                                  "Actual Loops": 5,
                                  "Inner Unique": true,
                                  "Hash Cond": "(mk.keyword_id = k.id)",
                                  "Plans": [
                                    {
                                      "Node Type": "Seq Scan",
                                      "Parent Relationship": "Outer",
                                      "Parallel Aware": true,
                                      "Relation Name": "movie_keyword",
                                      "Alias": "mk",
                                      "Startup Cost": 0.0,
                                      "Total Cost": 39047.32,
                                      "Plan Rows": 1459332,
                                      "Plan Width": 8,
                                      "Actual Startup Time": 0.066,
                                      "Actual Total Time": 127.03,
                                      "Actual Rows": 904786,
                                      "Actual Loops": 5
                                    },
                                    {
                                      "Node Type": "Hash",
                                      "Parent Relationship": "Inner",
                                      "Parallel Aware": false,
                                      "Startup Cost": 3632.4,
                                      "Total Cost": 3632.4,
                                      "Plan Rows": 8,
                                      "Plan Width": 20,
                                      "Actual Startup Time": 45.101,
                                      "Actual Total Time": 45.102,
                                      "Actual Rows": 6,
                                      "Actual Loops": 5,
                                      "Hash Buckets": 1024,
                                      "Original Hash Buckets": 1024,
                                      "Hash Batches": 1,
                                      "Original Hash Batches": 1,
                                      "Peak Memory Usage": 9,
                                      "Plans": [
                                        {
                                          "Node Type": "Seq Scan",
                                          "Parent Relationship": "Outer",
                                          "Parallel Aware": false,
                                          "Relation Name": "keyword",
                                          "Alias": "k",
                                          "Startup Cost": 0.0,
                                          "Total Cost": 3632.4,
                                          "Plan Rows": 8,
                                          "Plan Width": 20,
                                          "Actual Startup Time": 1.842,
                                          "Actual Total Time": 45.068,
                                          "Actual Rows": 6,
                                          "Actual Loops": 5,
                                          "Filter": "(keyword = ANY ('{superhero,\"10,000-mile-club\",second-part,fight,murder,fight,superhero,web}'::text[]))",
                                          "Rows Removed by Filter": 134164
                                        }
                                      ]
                                    }
                                  ]
                                }
                              ]
                            }
                          ]
                        }
                      ]
                    }
                  ]
                }
              ]
            }
          ]
        }
      ]
    },
    "Planning Time": 8.682,
    "Triggers": [],
    "Execution Time": 3104.523
  }
]