[
  {
    "Plan": {
      "Node Type": "Aggregate",
      "Strategy": "Plain",
      "Partial Mode": "Simple",
      "Parallel Aware": false,
      "Startup Cost": 909.31,
      "Total Cost": 909.32,
      "Plan Rows": 1,
      "Plan Width": 8,
      "Actual Startup Time": 2.452,
      "Actual Total Time": 2.453,
      "Actual Rows": 1,
      "Actual Loops": 1,
      "Plans": [
        {
          "Node Type": "Bitmap Heap Scan",
          "Parent Relationship": "Outer",
          "Parallel Aware": false,
          "Relation Name": "movie_keyword",
          "Alias": "mk",
          "Startup Cost": 6.32,
          "Total Cost": 908.7,
          "Plan Rows": 244,
          "Plan Width": 0,
          "Actual Startup Time": 0.455,
          "Actual Total Time": 2.343,
          "Actual Rows": 1039,
          "Actual Loops": 1,
          "Recheck Cond": "(keyword_id = 6848)",
          "Rows Removed by Index Recheck": 0,
          "Exact Heap Blocks": 973,
          "Lossy Heap Blocks": 0,
          "Plans": [
            {
              "Node Type": "Bitmap Index Scan",
              "Parent Relationship": "Outer",
              "Parallel Aware": false,
              "Index Name": "keyword_id_movie_keyword",
              "Startup Cost": 0.0,
              "Total Cost": 6.26,
              "Plan Rows": 244,
              "Plan Width": 0,
              "Actual Startup Time": 0.233,
              "Actual Total Time": 0.233,
              "Actual Rows": 1039,
              "Actual Loops": 1,
              "Index Cond": "(keyword_id = 6848)"
            }
          ]
        }
      ]
    },
    "Planning Time": 0.089,
    "Triggers": [],
    "Execution Time": 2.484
  }
]