[
  {
    "Plan": {
      "Node Type": "Aggregate",
      "Strategy": "Plain",
      "Partial Mode": "Finalize",
      "Parallel Aware": false,
      "Startup Cost": 44964.44,
      "Total Cost": 44964.45,
      "Plan Rows": 1,
      "Plan Width": 8,
      "Actual Startup Time": 178.819,
      "Actual Total Time": 192.344,
      "Actual Rows": 1,
      "Actual Loops": 1,
      "Plans": [
        {
          "Node Type": "Gather",
          "Parent Relationship": "Outer",
          "Parallel Aware": false,
          "Startup Cost": 44964.12,
          "Total Cost": 44964.43,
          "Plan Rows": 3,
          "Plan Width": 8,
          "Actual Startup Time": 178.694,
          "Actual Total Time": 192.335,
          "Actual Rows": 4,
          "Actual Loops": 1,
          "Workers Planned": 3,
          "Workers Launched": 3,
          "Single Copy": false,
          "Plans": [
            {
              "Node Type": "Aggregate",
              "Strategy": "Plain",
              "Partial Mode": "Partial",
              "Parent Relationship": "Outer",
              "Parallel Aware": false,
              "Startup Cost": 43964.12,
              "Total Cost": 43964.13,
              "Plan Rows": 1,
              "Plan Width": 8,
              "Actual Startup Time": 170.498,
              "Actual Total Time": 170.5,
              "Actual Rows": 1,
              "Actual Loops": 4,
              "Plans": [
                {
                  "Node Type": "Seq Scan",
                  "Parent Relationship": "Outer",
                  "Parallel Aware": true,
                  "Relation Name": "movie_keyword",
                  "Alias": "mk",
                  "Startup Cost": 0.0,
                  "Total Cost": 42695.65,
                  "Plan Rows": 507386,
                  "Plan Width": 0,
                  "Actual Startup Time": 1.581,
                  "Actual Total Time": 143.513,
                  "Actual Rows": 391219,
                  "Actual Loops": 4,
                  "Filter": "(keyword_id > 10018)",
                  "Rows Removed by Filter": 739764
                }
              ]
            }
          ]
        }
      ]
    },
    "Planning Time": 0.162,
    "Triggers": [],
    "Execution Time": 192.392
  }
]