[
  {
    "Plan": {
      "Node Type": "Aggregate",
      "Strategy": "Plain",
      "Partial Mode": "Finalize",
      "Parallel Aware": false,
      "Startup Cost": 130793.52,
      "Total Cost": 130793.53,
      "Plan Rows": 1,
      "Plan Width": 8,
      "Actual Startup Time": 629.6,
      "Actual Total Time": 648.744,
      "Actual Rows": 1,
      "Actual Loops": 1,
      "Plans": [
        {
          "Node Type": "Gather",
          "Parent Relationship": "Outer",
          "Parallel Aware": false,
          "Startup Cost": 130793.2,
          "Total Cost": 130793.51,
          "Plan Rows": 3,
          "Plan Width": 8,
          "Actual Startup Time": 622.708,
          "Actual Total Time": 648.731,
          "Actual Rows": 4,
          "Actual Loops": 1,
          "Workers Planned": 3,
          "Workers Launched": 3,
          "Single Copy": false,
          "Plans": [
            {
              "Node Type": "Aggregate",
              "Strategy": "Plain",
              "Partial Mode": "Partial",
              "Parent Relationship": "Outer",
              "Parallel Aware": false,
              "Startup Cost": 129793.2,
              "Total Cost": 129793.21,
              "Plan Rows": 1,
              "Plan Width": 8,
              "Actual Startup Time": 615.254,
              "Actual Total Time": 615.633,
              "Actual Rows": 1,
              "Actual Loops": 4,
              "Plans": [
                {
                  "Node Type": "Hash Join",
                  "Parent Relationship": "Outer",
                  "Parallel Aware": true,
                  "Join Type": "Inner",
                  "Startup Cost": 83511.31,
                  "Total Cost": 129023.84,
                  "Plan Rows": 307742,
                  "Plan Width": 0,
                  "Actual Startup Time": 413.427,
                  "Actual Total Time": 610.704,
                  "Actual Rows": 100625,
                  "Actual Loops": 4,
                  "Inner Unique": false,
                  "Hash Cond": "(mk.movie_id = t.id)",
                  "Plans": [
                    {
                      "Node Type": "Seq Scan",
                      "Parent Relationship": "Outer",
                      "Parallel Aware": true,
                      "Relation Name": "movie_keyword",
                      "Alias": "mk",
                      "Startup Cost": 0.0,
                      "Total Cost": 39047.32,
                      "Plan Rows": 1459332,
                      "Plan Width": 4,
                      "Actual Startup Time": 0.052,
                      "Actual Total Time": 91.527,
                      "Actual Rows": 1130982,
                      "Actual Loops": 4
                    },
                    {
                      "Node Type": "Hash",
                      "Parent Relationship": "Inner",
                      "Parallel Aware": true,
                      "Startup Cost": 81361.34,
                      "Total Cost": 81361.34,
                      "Plan Rows": 171997,
                      "Plan Width": 8,
                      "Actual Startup Time": 409.002,
                      "Actual Total Time": 409.379,
                      "Actual Rows": 64970,
                      "Actual Loops": 4,
                      "Hash Buckets": 1048576,
                      "Original Hash Buckets": 1048576,
                      "Hash Batches": 1,
                      "Original Hash Batches": 1,
                      "Peak Memory Usage": 18432,
                      "Plans": [
                        {
                          "Node Type": "Hash Join",
                          "Parent Relationship": "Outer",
                          "Parallel Aware": true,
                          "Join Type": "Inner",
                          "Startup Cost": 48905.11,
                          "Total Cost": 81361.34,
                          "Plan Rows": 171997,
                          "Plan Width": 8,
                          "Actual Startup Time": 257.492,
                          "Actual Total Time": 381.914,
                          "Actual Rows": 64970,
                          "Actual Loops": 4,
                          "Inner Unique": true,
                          "Hash Cond": "(mc.movie_id = t.id)",
                          "Plans": [
                            {
                              "Node Type": "Seq Scan",
                              "Parent Relationship": "Outer",
                              "Parallel Aware": true,
                              "Relation Name": "movie_companies",
                              "Alias": "mc",
                              "Startup Cost": 0.0,
                              "Total Cost": 31414.82,
                              "Plan Rows": 396729,
                              "Plan Width": 4,
                              "Actual Startup Time": 32.157,
                              "Actual Total Time": 74.213,
                              "Actual Rows": 323928,
                              "Actual Loops": 4,
                              "Filter": "((company_id > 52) AND (company_type_id = 2))",
                              "Rows Removed by Filter": 328354
                            },
                            {
                              "Node Type": "Hash",
                              "Parent Relationship": "Inner",
                              "Parallel Aware": true,
                              "Startup Cost": 45479.59,
                              "Total Cost": 45479.59,
                              "Plan Rows": 274042,
                              "Plan Width": 4,
                              "Actual Startup Time": 220.841,
                              "Actual Total Time": 220.843,
                              "Actual Rows": 261056,
                              "Actual Loops": 4,
                              "Hash Buckets": 2097152,
                              "Original Hash Buckets": 2097152,
                              "Hash Batches": 1,
                              "Original Hash Batches": 1,
                              "Peak Memory Usage": 57280,
                              "Plans": [
                                {
                                  "Node Type": "Seq Scan",
                                  "Parent Relationship": "Outer",
                                  "Parallel Aware": true,
                                  "Relation Name": "title",
                                  "Alias": "t",
                                  "Startup Cost": 0.0,
                                  "Total Cost": 45479.59,
                                  "Plan Rows": 274042,
                                  "Plan Width": 4,
                                  "Actual Startup Time": 0.053,
                                  "Actual Total Time": 110.112,
                                  "Actual Rows": 261056,
                                  "Actual Loops": 4,
                                  "Filter": "((production_year < 2009) AND (kind_id = 7))",
                                  "Rows Removed by Filter": 371022
                                }
                              ]
                            }
                          ]
                        }
                      ]
                    }
                  ]
                }
              ]
            }
          ]
        }
      ]
    },
    "Planning Time": 1.314,
    "Triggers": [],
    "Execution Time": 648.802
  }
]