{
  "Plan": {
    "Node Type": "Aggregate",
    "Strategy": "Plain",
    "Partial Mode": "Finalize",
    "Parallel Aware": false,
    "Startup Cost": 123036.62,
    "Total Cost": 123036.63,
    "Plan Rows": 1,
    "Plan Width": 8,
    "Actual Startup Time": 541.373,
    "Actual Total Time": 557.022,
    "Actual Rows": 1,
    "Actual Loops": 1,
    "Plans": [
      {
        "Node Type": "Gather",
        "Parent Relationship": "Outer",
        "Parallel Aware": false,
        "Startup Cost": 123036.5,
        "Total Cost": 123036.61,
        "Plan Rows": 1,
        "Plan Width": 8,
        "Actual Startup Time": 540.602,
        "Actual Total Time": 557.012,
        "Actual Rows": 2,
        "Actual Loops": 1,
        "Workers Planned": 1,
        "Workers Launched": 1,
        "Single Copy": false,
        "Plans": [
          {
            "Node Type": "Aggregate",
            "Strategy": "Plain",
            "Partial Mode": "Partial",
            "Parent Relationship": "Outer",
            "Parallel Aware": false,
            "Startup Cost": 122036.5,
            "Total Cost": 122036.51,
            "Plan Rows": 1,
            "Plan Width": 8,
            "Actual Startup Time": 535.145,
            "Actual Total Time": 535.149,
            "Actual Rows": 1,
            "Actual Loops": 2,
            "Plans": [
              {
                "Node Type": "Hash Join",
                "Parent Relationship": "Outer",
                "Parallel Aware": true,
                "Join Type": "Inner",
                "Startup Cost": 60222.08,
                "Total Cost": 121670.44,
                "Plan Rows": 146425,
                "Plan Width": 0,
                "Actual Startup Time": 189.301,
                "Actual Total Time": 527.903,
                "Actual Rows": 139218,
                "Actual Loops": 2,
                "Inner Unique": true,
                "Hash Cond": "(mk.movie_id = t.id)",
                "Plans": [
                  {
                    "Node Type": "Seq Scan",
                    "Parent Relationship": "Outer",
                    "Parallel Aware": true,
                    "Relation Name": "movie_keyword",
                    "Alias": "mk",
                    "Startup Cost": 0.0,
                    "Total Cost": 57718.19,
                    "Plan Rows": 1421013,
                    "Plan Width": 4,
                    "Actual Startup Time": 0.425,
                    "Actual Total Time": 215.906,
                    "Actual Rows": 1206150,
                    "Actual Loops": 2,
                    "Filter": "(keyword_id > 3836)",
                    "Rows Removed by Filter": 1055815
                  },
                  {
                    "Node Type": "Hash",
                    "Parent Relationship": "Inner",
                    "Parallel Aware": true,
                    "Startup Cost": 58306.47,
                    "Total Cost": 58306.47,
                    "Plan Rows": 153249,
                    "Plan Width": 4,
                    "Actual Startup Time": 185.169,
                    "Actual Total Time": 185.171,
                    "Actual Rows": 113924,
                    "Actual Loops": 2,
                    "Hash Buckets": 262144,
                    "Original Hash Buckets": 262144,
                    "Hash Batches": 1,
                    "Original Hash Batches": 1,
                    "Peak Memory Usage": 10976,
                    "Plans": [
                      {
                        "Node Type": "Seq Scan",
                        "Parent Relationship": "Outer",
                        "Parallel Aware": true,
                        "Relation Name": "title",
                        "Alias": "t",
                        "Startup Cost": 0.0,
                        "Total Cost": 58306.47,
                        "Plan Rows": 153249,
                        "Plan Width": 4,
                        "Actual Startup Time": 0.057,
                        "Actual Total Time": 155.401,
                        "Actual Rows": 113924,
                        "Actual Loops": 2,
                        "Filter": "((kind_id < 7) AND (production_year > 2008))",
                        "Rows Removed by Filter": 1150232
                      }
                    ]
                  }
                ]
              }
            ]
          }
        ]
      }
    ]
  },
  "Planning Time": 0.465,
  "Triggers": [],
  "Execution Time": 557.09
}