[
    {
        "Bao": {
            "Bao prediction": "NaN",
            "Bao recommended hint": "(no hint)"
        }
    },
    {
        "Plan": {
            "Node Type": "Aggregate",
            "Strategy": "Plain",
            "Partial Mode": "Finalize",
            "Parallel Aware": false,
            "Startup Cost": 74619.5,
            "Total Cost": 74619.51,
            "Plan Rows": 1,
            "Plan Width": 8,
            "Actual Startup Time": 223.982,
            "Actual Total Time": 233.914,
            "Actual Rows": 1,
            "Actual Loops": 1,
            "Output": [
                "count(*)"
            ],
            "Plans": [
                {
                    "Node Type": "Gather",
                    "Parent Relationship": "Outer",
                    "Parallel Aware": false,
                    "Startup Cost": 74619.08,
                    "Total Cost": 74619.49,
                    "Plan Rows": 4,
                    "Plan Width": 8,
                    "Actual Startup Time": 221.431,
                    "Actual Total Time": 233.906,
                    "Actual Rows": 5,
                    "Actual Loops": 1,
                    "Output": [
                        "(PARTIAL count(*))"
                    ],
                    "Workers Planned": 4,
                    "Workers Launched": 4,
                    "Single Copy": false,
                    "Plans": [
                        {
                            "Node Type": "Aggregate",
                            "Strategy": "Plain",
                            "Partial Mode": "Partial",
                            "Parent Relationship": "Outer",
                            "Parallel Aware": false,
                            "Startup Cost": 73619.08,
                            "Total Cost": 73619.09,
                            "Plan Rows": 1,
                            "Plan Width": 8,
                            "Actual Startup Time": 212.009,
                            "Actual Total Time": 212.012,
                            "Actual Rows": 1,
                            "Actual Loops": 5,
                            "Output": [
                                "PARTIAL count(*)"
                            ],
                            "Workers": [
                                {
                                    "Worker Number": 0,
                                    "Actual Startup Time": 208.59,
                                    "Actual Total Time": 208.594,
                                    "Actual Rows": 1,
                                    "Actual Loops": 1
                                },
                                {
                                    "Worker Number": 1,
                                    "Actual Startup Time": 209.668,
                                    "Actual Total Time": 209.671,
                                    "Actual Rows": 1,
                                    "Actual Loops": 1
                                },
                                {
                                    "Worker Number": 2,
                                    "Actual Startup Time": 210.259,
                                    "Actual Total Time": 210.261,
                                    "Actual Rows": 1,
                                    "Actual Loops": 1
                                },
                                {
                                    "Worker Number": 3,
                                    "Actual Startup Time": 210.465,
                                    "Actual Total Time": 210.468,
                                    "Actual Rows": 1,
                                    "Actual Loops": 1
                                }
                            ],
                            "Plans": [
                                {
                                    "Node Type": "Hash Join",
                                    "Parent Relationship": "Outer",
                                    "Parallel Aware": true,
                                    "Join Type": "Inner",
                                    "Startup Cost": 27710.47,
                                    "Total Cost": 73431.6,
                                    "Plan Rows": 74995,
                                    "Plan Width": 0,
                                    "Actual Startup Time": 145.021,
                                    "Actual Total Time": 209.371,
                                    "Actual Rows": 60702,
                                    "Actual Loops": 5,
                                    "Inner Unique": false,
                                    "Hash Cond": "(t.id = mc.movie_id)",
                                    "Workers": [
                                        {
                                            "Worker Number": 0,
                                            "Actual Startup Time": 141.214,
                                            "Actual Total Time": 206.173,
                                            "Actual Rows": 52780,
                                            "Actual Loops": 1
                                        },
                                        {
                                            "Worker Number": 1,
                                            "Actual Startup Time": 143.452,
                                            "Actual Total Time": 206.982,
                                            "Actual Rows": 59260,
                                            "Actual Loops": 1
                                        },
                                        {
                                            "Worker Number": 2,
                                            "Actual Startup Time": 143.561,
                                            "Actual Total Time": 207.602,
                                            "Actual Rows": 59149,
                                            "Actual Loops": 1
                                        },
                                        {
                                            "Worker Number": 3,
                                            "Actual Startup Time": 142.971,
                                            "Actual Total Time": 207.776,
                                            "Actual Rows": 59634,
                                            "Actual Loops": 1
                                        }
                                    ],
                                    "Plans": [
                                        {
                                            "Node Type": "Seq Scan",
                                            "Parent Relationship": "Outer",
                                            "Parallel Aware": true,
                                            "Relation Name": "title",
                                            "Schema": "public",
                                            "Alias": "t",
                                            "Startup Cost": 0.0,
                                            "Total Cost": 42318.81,
                                            "Plan Rows": 632080,
                                            "Plan Width": 4,
                                            "Actual Startup Time": 0.009,
                                            "Actual Total Time": 56.539,
                                            "Actual Rows": 505662,
                                            "Actual Loops": 5,
                                            "Output": [
                                                "t.id",
                                                "t.title",
                                                "t.imdb_index",
                                                "t.kind_id",
                                                "t.production_year",
                                                "t.imdb_id",
                                                "t.phonetic_code",
                                                "t.episode_of_id",
                                                "t.season_nr",
                                                "t.episode_nr",
                                                "t.series_years",
                                                "t.md5sum"
                                            ],
                                            "Workers": [
                                                {
                                                    "Worker Number": 0,
                                                    "Actual Startup Time": 0.013,
                                                    "Actual Total Time": 55.585,
                                                    "Actual Rows": 420951,
                                                    "Actual Loops": 1
                                                },
                                                {
                                                    "Worker Number": 1,
                                                    "Actual Startup Time": 0.011,
                                                    "Actual Total Time": 59.372,
                                                    "Actual Rows": 495237,
                                                    "Actual Loops": 1
                                                },
                                                {
                                                    "Worker Number": 2,
                                                    "Actual Startup Time": 0.007,
                                                    "Actual Total Time": 59.4,
                                                    "Actual Rows": 494327,
                                                    "Actual Loops": 1
                                                },
                                                {
                                                    "Worker Number": 3,
                                                    "Actual Startup Time": 0.008,
                                                    "Actual Total Time": 59.196,
                                                    "Actual Rows": 494706,
                                                    "Actual Loops": 1
                                                }
                                            ]
                                        },
                                        {
                                            "Node Type": "Hash",
                                            "Parent Relationship": "Inner",
                                            "Parallel Aware": true,
                                            "Startup Cost": 26500.87,
                                            "Total Cost": 26500.87,
                                            "Plan Rows": 96768,
                                            "Plan Width": 4,
                                            "Actual Startup Time": 65.395,
                                            "Actual Total Time": 65.396,
                                            "Actual Rows": 60702,
                                            "Actual Loops": 5,
                                            "Output": [
                                                "mc.movie_id"
                                            ],
                                            "Hash Buckets": 524288,
                                            "Original Hash Buckets": 524288,
                                            "Hash Batches": 1,
                                            "Original Hash Batches": 1,
                                            "Peak Memory Usage": 16096,
                                            "Workers": [
                                                {
                                                    "Worker Number": 0,
                                                    "Actual Startup Time": 63.434,
                                                    "Actual Total Time": 63.435,
                                                    "Actual Rows": 41228,
                                                    "Actual Loops": 1
                                                },
                                                {
                                                    "Worker Number": 1,
                                                    "Actual Startup Time": 64.503,
                                                    "Actual Total Time": 64.505,
                                                    "Actual Rows": 45901,
                                                    "Actual Loops": 1
                                                },
                                                {
                                                    "Worker Number": 2,
                                                    "Actual Startup Time": 64.922,
                                                    "Actual Total Time": 64.923,
                                                    "Actual Rows": 45900,
                                                    "Actual Loops": 1
                                                },
                                                {
                                                    "Worker Number": 3,
                                                    "Actual Startup Time": 65.366,
                                                    "Actual Total Time": 65.367,
                                                    "Actual Rows": 46134,
                                                    "Actual Loops": 1
                                                }
                                            ],
                                            "Plans": [
                                                {
                                                    "Node Type": "Bitmap Heap Scan",
                                                    "Parent Relationship": "Outer",
                                                    "Parallel Aware": true,
                                                    "Relation Name": "movie_companies",
                                                    "Schema": "public",
                                                    "Alias": "mc",
                                                    "Startup Cost": 6501.28,
                                                    "Total Cost": 26500.87,
                                                    "Plan Rows": 96768,
                                                    "Plan Width": 4,
                                                    "Actual Startup Time": 15.091,
                                                    "Actual Total Time": 42.588,
                                                    "Actual Rows": 60702,
                                                    "Actual Loops": 5,
                                                    "Output": [
                                                        "mc.movie_id"
                                                    ],
                                                    "Recheck Cond": "(mc.company_id > 93613)",
                                                    "Rows Removed by Index Recheck": 0,
                                                    "Exact Heap Blocks": 1949,
                                                    "Lossy Heap Blocks": 0,
                                                    "Workers": [
                                                        {
                                                            "Worker Number": 0,
                                                            "Actual Startup Time": 13.275,
                                                            "Actual Total Time": 40.929,
                                                            "Actual Rows": 41228,
                                                            "Actual Loops": 1
                                                        },
                                                        {
                                                            "Worker Number": 1,
                                                            "Actual Startup Time": 14.262,
                                                            "Actual Total Time": 42.76,
                                                            "Actual Rows": 45901,
                                                            "Actual Loops": 1
                                                        },
                                                        {
                                                            "Worker Number": 2,
                                                            "Actual Startup Time": 14.582,
                                                            "Actual Total Time": 43.008,
                                                            "Actual Rows": 45900,
                                                            "Actual Loops": 1
                                                        },
                                                        {
                                                            "Worker Number": 3,
                                                            "Actual Startup Time": 15.015,
                                                            "Actual Total Time": 43.629,
                                                            "Actual Rows": 46134,
                                                            "Actual Loops": 1
                                                        }
                                                    ],
                                                    "Plans": [
                                                        {
                                                            "Node Type": "Bitmap Index Scan",
                                                            "Parent Relationship": "Outer",
                                                            "Parallel Aware": false,
                                                            "Index Name": "company_id_movie_companies",
                                                            "Startup Cost": 0.0,
                                                            "Total Cost": 6426.28,
                                                            "Plan Rows": 299980,
                                                            "Plan Width": 0,
                                                            "Actual Startup Time": 17.681,
                                                            "Actual Total Time": 17.681,
                                                            "Actual Rows": 303508,
                                                            "Actual Loops": 1,
                                                            "Index Cond": "(mc.company_id > 93613)"
                                                        }
                                                    ]
                                                }
                                            ]
                                        }
                                    ]
                                }
                            ]
                        }
                    ]
                }
            ]
        },
        "Planning Time": 172.1,
        "Triggers": [],
        "Execution Time": 233.978
    }
]