[
    {
        "Bao": {
            "Bao prediction": "NaN",
            "Bao recommended hint": "(no hint)"
        }
    },
    {
        "Plan": {
            "Node Type": "Aggregate",
            "Strategy": "Plain",
            "Partial Mode": "Finalize",
            "Parallel Aware": false,
            "Startup Cost": 313164.07,
            "Total Cost": 313164.08,
            "Plan Rows": 1,
            "Plan Width": 8,
            "Actual Startup Time": 202.212,
            "Actual Total Time": 209.142,
            "Actual Rows": 1,
            "Actual Loops": 1,
            "Output": [
                "count(*)"
            ],
            "Plans": [
                {
                    "Node Type": "Gather",
                    "Parent Relationship": "Outer",
                    "Parallel Aware": false,
                    "Startup Cost": 313163.45,
                    "Total Cost": 313164.06,
                    "Plan Rows": 6,
                    "Plan Width": 8,
                    "Actual Startup Time": 201.682,
                    "Actual Total Time": 209.134,
                    "Actual Rows": 7,
                    "Actual Loops": 1,
                    "Output": [
                        "(PARTIAL count(*))"
                    ],
                    "Workers Planned": 6,
                    "Workers Launched": 6,
                    "Single Copy": false,
                    "Plans": [
                        {
                            "Node Type": "Aggregate",
                            "Strategy": "Plain",
                            "Partial Mode": "Partial",
                            "Parent Relationship": "Outer",
                            "Parallel Aware": false,
                            "Startup Cost": 312163.45,
                            "Total Cost": 312163.46,
                            "Plan Rows": 1,
                            "Plan Width": 8,
                            "Actual Startup Time": 190.995,
                            "Actual Total Time": 190.997,
                            "Actual Rows": 1,
                            "Actual Loops": 7,
                            "Output": [
                                "PARTIAL count(*)"
                            ],
                            "Workers": [
                                {
                                    "Worker Number": 0,
                                    "Actual Startup Time": 188.801,
                                    "Actual Total Time": 188.802,
                                    "Actual Rows": 1,
                                    "Actual Loops": 1
                                },
                                {
                                    "Worker Number": 1,
                                    "Actual Startup Time": 188.666,
                                    "Actual Total Time": 188.667,
                                    "Actual Rows": 1,
                                    "Actual Loops": 1
                                },
                                {
                                    "Worker Number": 2,
                                    "Actual Startup Time": 189.364,
                                    "Actual Total Time": 189.365,
                                    "Actual Rows": 1,
                                    "Actual Loops": 1
                                },
                                {
                                    "Worker Number": 3,
                                    "Actual Startup Time": 188.718,
                                    "Actual Total Time": 188.72,
                                    "Actual Rows": 1,
                                    "Actual Loops": 1
                                },
                                {
                                    "Worker Number": 4,
                                    "Actual Startup Time": 189.876,
                                    "Actual Total Time": 189.877,
                                    "Actual Rows": 1,
                                    "Actual Loops": 1
                                },
                                {
                                    "Worker Number": 5,
                                    "Actual Startup Time": 190.396,
                                    "Actual Total Time": 190.397,
                                    "Actual Rows": 1,
                                    "Actual Loops": 1
                                }
                            ],
                            "Plans": [
                                {
                                    "Node Type": "Bitmap Heap Scan",
                                    "Parent Relationship": "Outer",
                                    "Parallel Aware": true,
                                    "Relation Name": "cast_info",
                                    "Schema": "public",
                                    "Alias": "ci",
                                    "Startup Cost": 52822.36,
                                    "Total Cost": 311514.91,
                                    "Plan Rows": 259413,
                                    "Plan Width": 0,
                                    "Actual Startup Time": 149.163,
                                    "Actual Total Time": 185.577,
                                    "Actual Rows": 97663,
                                    "Actual Loops": 7,
                                    "Recheck Cond": "(ci.person_id < 233881)",
                                    "Rows Removed by Index Recheck": 0,
                                    "Filter": "(ci.role_id > 1)",
                                    "Rows Removed by Filter": 245775,
                                    "Exact Heap Blocks": 6857,
                                    "Lossy Heap Blocks": 0,
                                    "Workers": [
                                        {
                                            "Worker Number": 0,
                                            "Actual Startup Time": 147.009,
                                            "Actual Total Time": 183.233,
                                            "Actual Rows": 79735,
                                            "Actual Loops": 1
                                        },
                                        {
                                            "Worker Number": 1,
                                            "Actual Startup Time": 146.872,
                                            "Actual Total Time": 183.086,
                                            "Actual Rows": 79706,
                                            "Actual Loops": 1
                                        },
                                        {
                                            "Worker Number": 2,
                                            "Actual Startup Time": 147.501,
                                            "Actual Total Time": 184.297,
                                            "Actual Rows": 120019,
                                            "Actual Loops": 1
                                        },
                                        {
                                            "Worker Number": 3,
                                            "Actual Startup Time": 146.867,
                                            "Actual Total Time": 183.737,
                                            "Actual Rows": 48436,
                                            "Actual Loops": 1
                                        },
                                        {
                                            "Worker Number": 4,
                                            "Actual Startup Time": 148.021,
                                            "Actual Total Time": 184.602,
                                            "Actual Rows": 123535,
                                            "Actual Loops": 1
                                        },
                                        {
                                            "Worker Number": 5,
                                            "Actual Startup Time": 148.573,
                                            "Actual Total Time": 184.821,
                                            "Actual Rows": 77465,
                                            "Actual Loops": 1
                                        }
                                    ],
                                    "Plans": [
                                        {
                                            "Node Type": "Bitmap Index Scan",
                                            "Parent Relationship": "Outer",
                                            "Parallel Aware": false,
                                            "Index Name": "person_id_cast_info",
                                            "Startup Cost": 0.0,
                                            "Total Cost": 52433.24,
                                            "Plan Rows": 2402223,
                                            "Plan Width": 0,
                                            "Actual Startup Time": 97.192,
                                            "Actual Total Time": 97.193,
                                            "Actual Rows": 2404064,
                                            "Actual Loops": 1,
                                            "Index Cond": "(ci.person_id < 233881)"
                                        }
                                    ]
                                }
                            ]
                        }
                    ]
                }
            ]
        },
        "Planning Time": 224.694,
        "Triggers": [],
        "Execution Time": 209.234
    }
]