[
  {
    "Plan": {
      "Node Type": "Aggregate",
      "Strategy": "Plain",
      "Partial Mode": "Finalize",
      "Parallel Aware": false,
      "Startup Cost": 92785.4,
      "Total Cost": 92785.41,
      "Plan Rows": 1,
      "Plan Width": 8,
      "Actual Startup Time": 342.777,
      "Actual Total Time": 364.524,
      "Actual Rows": 1,
      "Actual Loops": 1,
      "Plans": [
        {
          "Node Type": "Gather",
          "Parent Relationship": "Outer",
          "Parallel Aware": false,
          "Startup Cost": 92785.09,
          "Total Cost": 92785.4,
          "Plan Rows": 3,
          "Plan Width": 8,
          "Actual Startup Time": 340.449,
          "Actual Total Time": 364.515,
          "Actual Rows": 4,
          "Actual Loops": 1,
          "Workers Planned": 3,
          "Workers Launched": 3,
          "Single Copy": false,
          "Plans": [
            {
              "Node Type": "Aggregate",
              "Strategy": "Plain",
              "Partial Mode": "Partial",
              "Parent Relationship": "Outer",
              "Parallel Aware": false,
              "Startup Cost": 91785.09,
              "Total Cost": 91785.1,
              "Plan Rows": 1,
              "Plan Width": 8,
              "Actual Startup Time": 334.763,
              "Actual Total Time": 334.767,
              "Actual Rows": 1,
              "Actual Loops": 4,
              "Plans": [
                {
                  "Node Type": "Hash Join",
                  "Parent Relationship": "Outer",
                  "Parallel Aware": true,
                  "Join Type": "Inner",
                  "Startup Cost": 47017.81,
                  "Total Cost": 91461.06,
                  "Plan Rows": 129609,
                  "Plan Width": 0,
                  "Actual Startup Time": 167.284,
                  "Actual Total Time": 325.562,
                  "Actual Rows": 182261,
                  "Actual Loops": 4,
                  "Inner Unique": true,
                  "Hash Cond": "(mk.movie_id = t.id)",
                  "Plans": [
                    {
                      "Node Type": "Seq Scan",
                      "Parent Relationship": "Outer",
                      "Parallel Aware": true,
                      "Relation Name": "movie_keyword",
                      "Alias": "mk",
                      "Startup Cost": 0.0,
                      "Total Cost": 42695.65,
                      "Plan Rows": 665752,
                      "Plan Width": 4,
                      "Actual Startup Time": 0.382,
                      "Actual Total Time": 117.808,
                      "Actual Rows": 511588,
                      "Actual Loops": 4,
                      "Filter": "(keyword_id > 5990)",
                      "Rows Removed by Filter": 619394
                    },
                    {
                      "Node Type": "Hash",
                      "Parent Relationship": "Inner",
                      "Parallel Aware": true,
                      "Startup Cost": 45479.59,
                      "Total Cost": 45479.59,
                      "Plan Rows": 123058,
                      "Plan Width": 4,
                      "Actual Startup Time": 132.94,
                      "Actual Total Time": 132.941,
                      "Actual Rows": 91166,
                      "Actual Loops": 4,
                      "Hash Buckets": 524288,
                      "Original Hash Buckets": 524288,
                      "Hash Batches": 1,
                      "Original Hash Batches": 1,
                      "Peak Memory Usage": 18432,
                      "Plans": [
                        {
                          "Node Type": "Seq Scan",
                          "Parent Relationship": "Outer",
                          "Parallel Aware": true,
                          "Relation Name": "title",
                          "Alias": "t",
                          "Startup Cost": 0.0,
                          "Total Cost": 45479.59,
                          "Plan Rows": 123058,
                          "Plan Width": 4,
                          "Actual Startup Time": 42.213,
                          "Actual Total Time": 101.839,
                          "Actual Rows": 91166,
                          "Actual Loops": 4,
                          "Filter": "((kind_id < 2) AND (production_year > 1984))",
                          "Rows Removed by Filter": 540912
                        }
                      ]
                    }
                  ]
                }
              ]
            }
          ]
        }
      ]
    },
    "Planning Time": 0.257,
    "Triggers": [],
    "Execution Time": 364.56
  }
]