{
  "Plan": {
    "Node Type": "Aggregate",
    "Strategy": "Plain",
    "Partial Mode": "Finalize",
    "Parallel Aware": false,
    "Startup Cost": 91634.45,
    "Total Cost": 91634.46,
    "Plan Rows": 1,
    "Plan Width": 8,
    "Actual Startup Time": 311.614,
    "Actual Total Time": 323.547,
    "Actual Rows": 1,
    "Actual Loops": 1,
    "Plans": [
      {
        "Node Type": "Gather",
        "Parent Relationship": "Outer",
        "Parallel Aware": false,
        "Startup Cost": 91634.34,
        "Total Cost": 91634.45,
        "Plan Rows": 1,
        "Plan Width": 8,
        "Actual Startup Time": 309.958,
        "Actual Total Time": 323.539,
        "Actual Rows": 2,
        "Actual Loops": 1,
        "Workers Planned": 1,
        "Workers Launched": 1,
        "Single Copy": false,
        "Plans": [
          {
            "Node Type": "Aggregate",
            "Strategy": "Plain",
            "Partial Mode": "Partial",
            "Parent Relationship": "Outer",
            "Parallel Aware": false,
            "Startup Cost": 90634.34,
            "Total Cost": 90634.35,
            "Plan Rows": 1,
            "Plan Width": 8,
            "Actual Startup Time": 306.824,
            "Actual Total Time": 306.827,
            "Actual Rows": 1,
            "Actual Loops": 2,
            "Plans": [
              {
                "Node Type": "Hash Join",
                "Parent Relationship": "Outer",
                "Parallel Aware": true,
                "Join Type": "Inner",
                "Startup Cost": 65630.24,
                "Total Cost": 90606.14,
                "Plan Rows": 11279,
                "Plan Width": 0,
                "Actual Startup Time": 275.1,
                "Actual Total Time": 306.221,
                "Actual Rows": 11594,
                "Actual Loops": 2,
                "Inner Unique": true,
                "Hash Cond": "(mk.movie_id = t.id)",
                "Plans": [
                  {
                    "Node Type": "Bitmap Heap Scan",
                    "Parent Relationship": "Outer",
                    "Parallel Aware": true,
                    "Relation Name": "movie_keyword",
                    "Alias": "mk",
                    "Startup Cost": 1247.05,
                    "Total Cost": 26132.37,
                    "Plan Rows": 34506,
                    "Plan Width": 4,
                    "Actual Startup Time": 8.789,
                    "Actual Total Time": 27.357,
                    "Actual Rows": 29224,
                    "Actual Loops": 2,
                    "Recheck Cond": "(keyword_id = 16264)",
                    "Rows Removed by Index Recheck": 0,
                    "Exact Heap Blocks": 7548,
                    "Lossy Heap Blocks": 0,
                    "Plans": [
                      {
                        "Node Type": "Bitmap Index Scan",
                        "Parent Relationship": "Outer",
                        "Parallel Aware": false,
                        "Index Name": "keyword_id_movie_keyword",
                        "Startup Cost": 0.0,
                        "Total Cost": 1232.38,
                        "Plan Rows": 58660,
                        "Plan Width": 0,
                        "Actual Startup Time": 7.158,
                        "Actual Total Time": 7.159,
                        "Actual Rows": 58448,
                        "Actual Loops": 1,
                        "Index Cond": "(keyword_id = 16264)"
                      }
                    ]
                  },
                  {
                    "Node Type": "Hash",
                    "Parent Relationship": "Inner",
                    "Parallel Aware": true,
                    "Startup Cost": 58306.47,
                    "Total Cost": 58306.47,
                    "Plan Rows": 486138,
                    "Plan Width": 4,
                    "Actual Startup Time": 259.53,
                    "Actual Total Time": 259.531,
                    "Actual Rows": 438093,
                    "Actual Loops": 2,
                    "Hash Buckets": 1048576,
                    "Original Hash Buckets": 1048576,
                    "Hash Batches": 1,
                    "Original Hash Batches": 1,
                    "Peak Memory Usage": 42496,
                    "Plans": [
                      {
                        "Node Type": "Seq Scan",
                        "Parent Relationship": "Outer",
                        "Parallel Aware": true,
                        "Relation Name": "title",
                        "Alias": "t",
                        "Startup Cost": 0.0,
                        "Total Cost": 58306.47,
                        "Plan Rows": 486138,
                        "Plan Width": 4,
                        "Actual Startup Time": 0.021,
                        "Actual Total Time": 154.705,
                        "Actual Rows": 438093,
                        "Actual Loops": 2,
                        "Filter": "((kind_id > 1) AND (production_year > 2004))",
                        "Rows Removed by Filter": 826063
                      }
                    ]
                  }
                ]
              }
            ]
          }
        ]
      }
    ]
  },
  "Planning Time": 0.369,
  "Triggers": [],
  "Execution Time": 323.607
}