[
  {
    "Plan": {
      "Node Type": "Aggregate",
      "Strategy": "Plain",
      "Partial Mode": "Finalize",
      "Parallel Aware": false,
      "Startup Cost": 33119.89,
      "Total Cost": 33119.9,
      "Plan Rows": 1,
      "Plan Width": 8,
      "Actual Startup Time": 101.065,
      "Actual Total Time": 109.613,
      "Actual Rows": 1,
      "Actual Loops": 1,
      "Plans": [
        {
          "Node Type": "Gather",
          "Parent Relationship": "Outer",
          "Parallel Aware": false,
          "Startup Cost": 33119.58,
          "Total Cost": 33119.89,
          "Plan Rows": 3,
          "Plan Width": 8,
          "Actual Startup Time": 100.904,
          "Actual Total Time": 109.602,
          "Actual Rows": 4,
          "Actual Loops": 1,
          "Workers Planned": 3,
          "Workers Launched": 3,
          "Single Copy": false,
          "Plans": [
            {
              "Node Type": "Aggregate",
              "Strategy": "Plain",
              "Partial Mode": "Partial",
              "Parent Relationship": "Outer",
              "Parallel Aware": false,
              "Startup Cost": 32119.58,
              "Total Cost": 32119.59,
              "Plan Rows": 1,
              "Plan Width": 8,
              "Actual Startup Time": 94.129,
              "Actual Total Time": 94.13,
              "Actual Rows": 1,
              "Actual Loops": 4,
              "Plans": [
                {
                  "Node Type": "Seq Scan",
                  "Parent Relationship": "Outer",
                  "Parallel Aware": true,
                  "Relation Name": "movie_companies",
                  "Alias": "mc",
                  "Startup Cost": 0.0,
                  "Total Cost": 31414.82,
                  "Plan Rows": 281903,
                  "Plan Width": 0,
                  "Actual Startup Time": 44.727,
                  "Actual Total Time": 82.106,
                  "Actual Rows": 268259,
                  "Actual Loops": 4,
                  "Filter": "((company_id > 2853) AND (company_type_id = 2))",
                  "Rows Removed by Filter": 384024
                }
              ]
            }
          ]
        }
      ]
    },
    "Planning Time": 0.08,
    "Triggers": [],
    "Execution Time": 109.639
  }
]