{
  "Plan": {
    "Node Type": "Aggregate",
    "Strategy": "Plain",
    "Partial Mode": "Finalize",
    "Parallel Aware": false,
    "Startup Cost": 2925510.36,
    "Total Cost": 2925510.37,
    "Plan Rows": 1,
    "Plan Width": 8,
    "Actual Startup Time": 29741.265,
    "Actual Total Time": 29930.254,
    "Actual Rows": 1,
    "Actual Loops": 1,
    "Plans": [
      {
        "Node Type": "Gather",
        "Parent Relationship": "Outer",
        "Parallel Aware": false,
        "Startup Cost": 2925510.25,
        "Total Cost": 2925510.36,
        "Plan Rows": 1,
        "Plan Width": 8,
        "Actual Startup Time": 29721.223,
        "Actual Total Time": 29930.245,
        "Actual Rows": 2,
        "Actual Loops": 1,
        "Workers Planned": 1,
        "Workers Launched": 1,
        "Single Copy": false,
        "Plans": [
          {
            "Node Type": "Aggregate",
            "Strategy": "Plain",
            "Partial Mode": "Partial",
            "Parent Relationship": "Outer",
            "Parallel Aware": false,
            "Startup Cost": 2924510.25,
            "Total Cost": 2924510.26,
            "Plan Rows": 1,
            "Plan Width": 8,
            "Actual Startup Time": 29671.238,
            "Actual Total Time": 29671.244,
            "Actual Rows": 1,
            "Actual Loops": 2,
            "Plans": [
              {
                "Node Type": "Hash Join",
                "Parent Relationship": "Outer",
                "Parallel Aware": true,
                "Join Type": "Inner",
                "Startup Cost": 2562084.18,
                "Total Cost": 2850497.98,
                "Plan Rows": 29604908,
                "Plan Width": 0,
                "Actual Startup Time": 21416.218,
                "Actual Total Time": 26713.91,
                "Actual Rows": 72184164,
                "Actual Loops": 2,
                "Inner Unique": false,
                "Hash Cond": "(mk.movie_id = t.id)",
                "Plans": [
                  {
                    "Node Type": "Seq Scan",
                    "Parent Relationship": "Outer",
                    "Parallel Aware": true,
                    "Relation Name": "movie_keyword",
                    "Alias": "mk",
                    "Startup Cost": 0.0,
                    "Total Cost": 51065.35,
                    "Plan Rows": 2661135,
                    "Plan Width": 4,
                    "Actual Startup Time": 0.016,
                    "Actual Total Time": 161.203,
                    "Actual Rows": 2261965,
                    "Actual Loops": 2
                  },
                  {
                    "Node Type": "Hash",
                    "Parent Relationship": "Inner",
                    "Parallel Aware": true,
                    "Startup Cost": 2355267.65,
                    "Total Cost": 2355267.65,
                    "Plan Rows": 16545322,
                    "Plan Width": 8,
                    "Actual Startup Time": 21316.28,
                    "Actual Total Time": 21316.282,
                    "Actual Rows": 14047360,
                    "Actual Loops": 2,
                    "Hash Buckets": 33554432,
                    "Original Hash Buckets": 33554432,
                    "Hash Batches": 1,
                    "Original Hash Batches": 1,
                    "Peak Memory Usage": 1361248,
                    "Plans": [
                      {
                        "Node Type": "Merge Join",
                        "Parent Relationship": "Outer",
                        "Parallel Aware": false,
                        "Join Type": "Inner",
                        "Startup Cost": 44.98,
                        "Total Cost": 2355267.65,
                        "Plan Rows": 16545322,
                        "Plan Width": 8,
                        "Actual Startup Time": 0.36,
                        "Actual Total Time": 18408.903,
                        "Actual Rows": 14047360,
                        "Actual Loops": 2,
                        "Inner Unique": true,
                        "Merge Cond": "(ci.movie_id = t.id)",
                        "Plans": [
                          {
                            "Node Type": "Index Scan",
                            "Parent Relationship": "Outer",
                            "Parallel Aware": true,
                            "Scan Direction": "Forward",
                            "Index Name": "movie_id_cast_info",
                            "Relation Name": "cast_info",
                            "Alias": "ci",
                            "Startup Cost": 0.56,
                            "Total Cost": 2031898.13,
                            "Plan Rows": 16545322,
                            "Plan Width": 4,
                            "Actual Startup Time": 0.107,
                            "Actual Total Time": 15179.003,
                            "Actual Rows": 14047360,
                            "Actual Loops": 2,
                            "Filter": "((person_id > 83312) AND (role_id < 8))",
                            "Rows Removed by Filter": 4074812
                          },
                          {
                            "Node Type": "Index Only Scan",
                            "Parent Relationship": "Inner",
                            "Parallel Aware": false,
                            "Scan Direction": "Forward",
                            "Index Name": "title_pkey",
                            "Relation Name": "title",
                            "Alias": "t",
                            "Startup Cost": 0.43,
                            "Total Cost": 110339.97,
                            "Plan Rows": 2528293,
                            "Plan Width": 4,
                            "Actual Startup Time": 0.134,
                            "Actual Total Time": 1623.434,
                            "Actual Rows": 2525962,
                            "Actual Loops": 2,
                            "Heap Fetches": 5051923
                          }
                        ]
                      }
                    ]
                  }
                ]
              }
            ]
          }
        ]
      }
    ]
  },
  "Planning Time": 1.111,
  "Triggers": [],
  "Execution Time": 29930.353
}