[
  {
    "Plan": {
      "Node Type": "Aggregate",
      "Strategy": "Plain",
      "Partial Mode": "Finalize",
      "Parallel Aware": false,
      "Startup Cost": 32178.56,
      "Total Cost": 32178.57,
      "Plan Rows": 1,
      "Plan Width": 8,
      "Actual Startup Time": 123.286,
      "Actual Total Time": 130.854,
      "Actual Rows": 1,
      "Actual Loops": 1,
      "Plans": [
        {
          "Node Type": "Gather",
          "Parent Relationship": "Outer",
          "Parallel Aware": false,
          "Startup Cost": 32178.24,
          "Total Cost": 32178.55,
          "Plan Rows": 3,
          "Plan Width": 8,
          "Actual Startup Time": 123.193,
          "Actual Total Time": 130.846,
          "Actual Rows": 4,
          "Actual Loops": 1,
          "Workers Planned": 3,
          "Workers Launched": 3,
          "Single Copy": false,
          "Plans": [
            {
              "Node Type": "Aggregate",
              "Strategy": "Plain",
              "Partial Mode": "Partial",
              "Parent Relationship": "Outer",
              "Parallel Aware": false,
              "Startup Cost": 31178.24,
              "Total Cost": 31178.25,
              "Plan Rows": 1,
              "Plan Width": 8,
              "Actual Startup Time": 117.167,
              "Actual Total Time": 117.168,
              "Actual Rows": 1,
              "Actual Loops": 4,
              "Plans": [
                {
                  "Node Type": "Seq Scan",
                  "Parent Relationship": "Outer",
                  "Parallel Aware": true,
                  "Relation Name": "movie_companies",
                  "Alias": "mc",
                  "Startup Cost": 0.0,
                  "Total Cost": 29310.68,
                  "Plan Rows": 747025,
                  "Plan Width": 0,
                  "Actual Startup Time": 0.041,
                  "Actual Total Time": 86.915,
                  "Actual Rows": 579437,
                  "Actual Loops": 4,
                  "Filter": "(company_id < 94880)",
                  "Rows Removed by Filter": 72845
                }
              ]
            }
          ]
        }
      ]
    },
    "Planning Time": 0.13,
    "Triggers": [],
    "Execution Time": 130.894
  }
]