[
  {
    "Plan": {
      "Node Type": "Aggregate",
      "Strategy": "Plain",
      "Partial Mode": "Finalize",
      "Parallel Aware": false,
      "Startup Cost": 31773.28,
      "Total Cost": 31773.29,
      "Plan Rows": 1,
      "Plan Width": 8,
      "Actual Startup Time": 132.917,
      "Actual Total Time": 141.585,
      "Actual Rows": 1,
      "Actual Loops": 1,
      "Plans": [
        {
          "Node Type": "Gather",
          "Parent Relationship": "Outer",
          "Parallel Aware": false,
          "Startup Cost": 31772.96,
          "Total Cost": 31773.27,
          "Plan Rows": 3,
          "Plan Width": 8,
          "Actual Startup Time": 132.831,
          "Actual Total Time": 141.575,
          "Actual Rows": 4,
          "Actual Loops": 1,
          "Workers Planned": 3,
          "Workers Launched": 3,
          "Single Copy": false,
          "Plans": [
            {
              "Node Type": "Aggregate",
              "Strategy": "Plain",
              "Partial Mode": "Partial",
              "Parent Relationship": "Outer",
              "Parallel Aware": false,
              "Startup Cost": 30772.96,
              "Total Cost": 30772.97,
              "Plan Rows": 1,
              "Plan Width": 8,
              "Actual Startup Time": 125.514,
              "Actual Total Time": 125.516,
              "Actual Rows": 1,
              "Actual Loops": 4,
              "Plans": [
                {
                  "Node Type": "Seq Scan",
                  "Parent Relationship": "Outer",
                  "Parallel Aware": true,
                  "Relation Name": "movie_companies",
                  "Alias": "mc",
                  "Startup Cost": 0.0,
                  "Total Cost": 29310.68,
                  "Plan Rows": 584912,
                  "Plan Width": 0,
                  "Actual Startup Time": 0.04,
                  "Actual Total Time": 97.248,
                  "Actual Rows": 449774,
                  "Actual Loops": 4,
                  "Filter": "(company_id < 29231)",
                  "Rows Removed by Filter": 202508
                }
              ]
            }
          ]
        }
      ]
    },
    "Planning Time": 0.195,
    "Triggers": [],
    "Execution Time": 141.645
  }
]