[
  {
    "Plan": {
      "Node Type": "Aggregate",
      "Strategy": "Plain",
      "Partial Mode": "Finalize",
      "Parallel Aware": false,
      "Startup Cost": 45677.66,
      "Total Cost": 45677.67,
      "Plan Rows": 1,
      "Plan Width": 8,
      "Actual Startup Time": 152.386,
      "Actual Total Time": 162.394,
      "Actual Rows": 1,
      "Actual Loops": 1,
      "Plans": [
        {
          "Node Type": "Gather",
          "Parent Relationship": "Outer",
          "Parallel Aware": false,
          "Startup Cost": 45677.34,
          "Total Cost": 45677.65,
          "Plan Rows": 3,
          "Plan Width": 8,
          "Actual Startup Time": 152.208,
          "Actual Total Time": 162.386,
          "Actual Rows": 4,
          "Actual Loops": 1,
          "Workers Planned": 3,
          "Workers Launched": 3,
          "Single Copy": false,
          "Plans": [
            {
              "Node Type": "Aggregate",
              "Strategy": "Plain",
              "Partial Mode": "Partial",
              "Parent Relationship": "Outer",
              "Parallel Aware": false,
              "Startup Cost": 44677.34,
              "Total Cost": 44677.35,
              "Plan Rows": 1,
              "Plan Width": 8,
              "Actual Startup Time": 146.814,
              "Actual Total Time": 146.815,
              "Actual Rows": 1,
              "Actual Loops": 4,
              "Plans": [
                {
                  "Node Type": "Seq Scan",
                  "Parent Relationship": "Outer",
                  "Parallel Aware": true,
                  "Relation Name": "movie_keyword",
                  "Alias": "mk",
                  "Startup Cost": 0.0,
                  "Total Cost": 42695.65,
                  "Plan Rows": 792674,
                  "Plan Width": 0,
                  "Actual Startup Time": 0.037,
                  "Actual Total Time": 118.107,
                  "Actual Rows": 618788,
                  "Actual Loops": 4,
                  "Filter": "(keyword_id < 5978)",
                  "Rows Removed by Filter": 512194
                }
              ]
            }
          ]
        }
      ]
    },
    "Planning Time": 0.097,
    "Triggers": [],
    "Execution Time": 162.426
  }
]