[
  {
    "Plan": {
      "Node Type": "Aggregate",
      "Strategy": "Plain",
      "Partial Mode": "Simple",
      "Parallel Aware": false,
      "Startup Cost": 1039.68,
      "Total Cost": 1039.69,
      "Plan Rows": 1,
      "Plan Width": 8,
      "Actual Startup Time": 0.068,
      "Actual Total Time": 0.068,
      "Actual Rows": 1,
      "Actual Loops": 1,
      "Plans": [
        {
          "Node Type": "Index Scan",
          "Parent Relationship": "Outer",
          "Parallel Aware": false,
          "Scan Direction": "Forward",
          "Index Name": "person_id_cast_info",
          "Relation Name": "cast_info",
          "Alias": "ci",
          "Startup Cost": 0.56,
          "Total Cost": 1039.59,
          "Plan Rows": 37,
          "Plan Width": 0,
          "Actual Startup Time": 0.059,
          "Actual Total Time": 0.065,
          "Actual Rows": 2,
          "Actual Loops": 1,
          "Index Cond": "(person_id = 748272)",
          "Rows Removed by Index Recheck": 0,
          "Filter": "(role_id = 4)",
          "Rows Removed by Filter": 18
        }
      ]
    },
    "Planning Time": 0.077,
    "Triggers": [],
    "Execution Time": 0.085
  }
]