{
  "Plan": {
    "Node Type": "Aggregate",
    "Strategy": "Plain",
    "Partial Mode": "Finalize",
    "Parallel Aware": false,
    "Startup Cost": 63559.02,
    "Total Cost": 63559.03,
    "Plan Rows": 1,
    "Plan Width": 8,
    "Actual Startup Time": 26.042,
    "Actual Total Time": 28.333,
    "Actual Rows": 1,
    "Actual Loops": 1,
    "Plans": [
      {
        "Node Type": "Gather",
        "Parent Relationship": "Outer",
        "Parallel Aware": false,
        "Startup Cost": 63558.91,
        "Total Cost": 63559.02,
        "Plan Rows": 1,
        "Plan Width": 8,
        "Actual Startup Time": 25.436,
        "Actual Total Time": 28.324,
        "Actual Rows": 2,
        "Actual Loops": 1,
        "Workers Planned": 1,
        "Workers Launched": 1,
        "Single Copy": false,
        "Plans": [
          {
            "Node Type": "Aggregate",
            "Strategy": "Plain",
            "Partial Mode": "Partial",
            "Parent Relationship": "Outer",
            "Parallel Aware": false,
            "Startup Cost": 62558.91,
            "Total Cost": 62558.92,
            "Plan Rows": 1,
            "Plan Width": 8,
            "Actual Startup Time": 19.632,
            "Actual Total Time": 19.634,
            "Actual Rows": 1,
            "Actual Loops": 2,
            "Plans": [
              {
                "Node Type": "Nested Loop",
                "Parent Relationship": "Outer",
                "Parallel Aware": false,
                "Join Type": "Inner",
                "Startup Cost": 190.51,
                "Total Cost": 62555.64,
                "Plan Rows": 1305,
                "Plan Width": 0,
                "Actual Startup Time": 8.361,
                "Actual Total Time": 19.627,
                "Actual Rows": 0,
                "Actual Loops": 2,
                "Inner Unique": true,
                "Plans": [
                  {
                    "Node Type": "Bitmap Heap Scan",
                    "Parent Relationship": "Outer",
                    "Parallel Aware": true,
                    "Relation Name": "cast_info",
                    "Alias": "ci",
                    "Startup Cost": 190.08,
                    "Total Cost": 28984.0,
                    "Plan Rows": 4972,
                    "Plan Width": 4,
                    "Actual Startup Time": 1.232,
                    "Actual Total Time": 2.016,
                    "Actual Rows": 2770,
                    "Actual Loops": 2,
                    "Recheck Cond": "(person_id = 2410342)",
                    "Rows Removed by Index Recheck": 0,
                    "Exact Heap Blocks": 29,
                    "Lossy Heap Blocks": 0,
                    "Plans": [
                      {
                        "Node Type": "Bitmap Index Scan",
                        "Parent Relationship": "Outer",
                        "Parallel Aware": false,
                        "Index Name": "person_id_cast_info",
                        "Startup Cost": 0.0,
                        "Total Cost": 187.96,
                        "Plan Rows": 8453,
                        "Plan Width": 0,
                        "Actual Startup Time": 2.272,
                        "Actual Total Time": 2.272,
                        "Actual Rows": 5540,
                        "Actual Loops": 1,
                        "Index Cond": "(person_id = 2410342)"
                      }
                    ]
                  },
                  {
                    "Node Type": "Index Scan",
                    "Parent Relationship": "Inner",
                    "Parallel Aware": false,
                    "Scan Direction": "Forward",
                    "Index Name": "title_pkey",
                    "Relation Name": "title",
                    "Alias": "t",
                    "Startup Cost": 0.43,
                    "Total Cost": 6.75,
                    "Plan Rows": 1,
                    "Plan Width": 4,
                    "Actual Startup Time": 0.006,
                    "Actual Total Time": 0.006,
                    "Actual Rows": 0,
                    "Actual Loops": 5540,
                    "Index Cond": "(id = ci.movie_id)",
                    "Rows Removed by Index Recheck": 0,
                    "Filter": "(kind_id = 1)",
                    "Rows Removed by Filter": 1
                  }
                ]
              }
            ]
          }
        ]
      }
    ]
  },
  "Planning Time": 0.71,
  "Triggers": [],
  "Execution Time": 28.42
}