{
  "Plan": {
    "Node Type": "Aggregate",
    "Strategy": "Plain",
    "Partial Mode": "Finalize",
    "Parallel Aware": false,
    "Startup Cost": 110149.38,
    "Total Cost": 110149.39,
    "Plan Rows": 1,
    "Plan Width": 8,
    "Actual Startup Time": 732.251,
    "Actual Total Time": 745.673,
    "Actual Rows": 1,
    "Actual Loops": 1,
    "Plans": [
      {
        "Node Type": "Gather",
        "Parent Relationship": "Outer",
        "Parallel Aware": false,
        "Startup Cost": 110149.27,
        "Total Cost": 110149.38,
        "Plan Rows": 1,
        "Plan Width": 8,
        "Actual Startup Time": 730.627,
        "Actual Total Time": 745.666,
        "Actual Rows": 2,
        "Actual Loops": 1,
        "Workers Planned": 1,
        "Workers Launched": 1,
        "Single Copy": false,
        "Plans": [
          {
            "Node Type": "Aggregate",
            "Strategy": "Plain",
            "Partial Mode": "Partial",
            "Parent Relationship": "Outer",
            "Parallel Aware": false,
            "Startup Cost": 109149.27,
            "Total Cost": 109149.28,
            "Plan Rows": 1,
            "Plan Width": 8,
            "Actual Startup Time": 722.742,
            "Actual Total Time": 722.746,
            "Actual Rows": 1,
            "Actual Loops": 2,
            "Plans": [
              {
                "Node Type": "Hash Join",
                "Parent Relationship": "Outer",
                "Parallel Aware": true,
                "Join Type": "Inner",
                "Startup Cost": 67362.99,
                "Total Cost": 107941.32,
                "Plan Rows": 483181,
                "Plan Width": 0,
                "Actual Startup Time": 376.705,
                "Actual Total Time": 709.178,
                "Actual Rows": 335830,
                "Actual Loops": 2,
                "Inner Unique": true,
                "Hash Cond": "(mc.movie_id = t.id)",
                "Plans": [
                  {
                    "Node Type": "Seq Scan",
                    "Parent Relationship": "Outer",
                    "Parallel Aware": true,
                    "Relation Name": "movie_companies",
                    "Alias": "mc",
                    "Startup Cost": 0.0,
                    "Total Cost": 37974.77,
                    "Plan Rows": 991830,
                    "Plan Width": 4,
                    "Actual Startup Time": 0.018,
                    "Actual Total Time": 119.768,
                    "Actual Rows": 837598,
                    "Actual Loops": 2,
                    "Filter": "(company_id < 19305)",
                    "Rows Removed by Filter": 466966
                  },
                  {
                    "Node Type": "Hash",
                    "Parent Relationship": "Inner",
                    "Parallel Aware": true,
                    "Startup Cost": 58306.47,
                    "Total Cost": 58306.47,
                    "Plan Rows": 724522,
                    "Plan Width": 4,
                    "Actual Startup Time": 361.768,
                    "Actual Total Time": 361.769,
                    "Actual Rows": 598687,
                    "Actual Loops": 2,
                    "Hash Buckets": 2097152,
                    "Original Hash Buckets": 2097152,
                    "Hash Batches": 1,
                    "Original Hash Batches": 1,
                    "Peak Memory Usage": 63232,
                    "Plans": [
                      {
                        "Node Type": "Seq Scan",
                        "Parent Relationship": "Outer",
                        "Parallel Aware": true,
                        "Relation Name": "title",
                        "Alias": "t",
                        "Startup Cost": 0.0,
                        "Total Cost": 58306.47,
                        "Plan Rows": 724522,
                        "Plan Width": 4,
                        "Actual Startup Time": 0.049,
                        "Actual Total Time": 173.907,
                        "Actual Rows": 598687,
                        "Actual Loops": 2,
                        "Filter": "((kind_id > 1) AND (production_year < 2008))",
                        "Rows Removed by Filter": 665469
                      }
                    ]
                  }
                ]
              }
            ]
          }
        ]
      }
    ]
  },
  "Planning Time": 0.658,
  "Triggers": [],
  "Execution Time": 745.749
}