{
  "Plan": {
    "Node Type": "Aggregate",
    "Strategy": "Plain",
    "Partial Mode": "Finalize",
    "Parallel Aware": false,
    "Startup Cost": 236167.89,
    "Total Cost": 236167.9,
    "Plan Rows": 1,
    "Plan Width": 8,
    "Actual Startup Time": 194.377,
    "Actual Total Time": 207.386,
    "Actual Rows": 1,
    "Actual Loops": 1,
    "Plans": [
      {
        "Node Type": "Gather",
        "Parent Relationship": "Outer",
        "Parallel Aware": false,
        "Startup Cost": 236167.78,
        "Total Cost": 236167.89,
        "Plan Rows": 1,
        "Plan Width": 8,
        "Actual Startup Time": 194.073,
        "Actual Total Time": 207.381,
        "Actual Rows": 2,
        "Actual Loops": 1,
        "Workers Planned": 1,
        "Workers Launched": 1,
        "Single Copy": false,
        "Plans": [
          {
            "Node Type": "Aggregate",
            "Strategy": "Plain",
            "Partial Mode": "Partial",
            "Parent Relationship": "Outer",
            "Parallel Aware": false,
            "Startup Cost": 235167.78,
            "Total Cost": 235167.79,
            "Plan Rows": 1,
            "Plan Width": 8,
            "Actual Startup Time": 188.116,
            "Actual Total Time": 188.119,
            "Actual Rows": 1,
            "Actual Loops": 2,
            "Plans": [
              {
                "Node Type": "Hash Join",
                "Parent Relationship": "Outer",
                "Parallel Aware": true,
                "Join Type": "Inner",
                "Startup Cost": 62731.29,
                "Total Cost": 235156.14,
                "Plan Rows": 4656,
                "Plan Width": 0,
                "Actual Startup Time": 187.958,
                "Actual Total Time": 188.113,
                "Actual Rows": 0,
                "Actual Loops": 2,
                "Inner Unique": true,
                "Hash Cond": "(mi.movie_id = t.id)",
                "Plans": [
                  {
                    "Node Type": "Bitmap Heap Scan",
                    "Parent Relationship": "Outer",
                    "Parallel Aware": true,
                    "Relation Name": "movie_info",
                    "Alias": "mi",
                    "Startup Cost": 3705.36,
                    "Total Cost": 175814.43,
                    "Plan Rows": 120298,
                    "Plan Width": 4,
                    "Actual Startup Time": 8.083,
                    "Actual Total Time": 22.965,
                    "Actual Rows": 98877,
                    "Actual Loops": 2,
                    "Recheck Cond": "(info_type_id > 106)",
                    "Rows Removed by Index Recheck": 0,
                    "Exact Heap Blocks": 2788,
                    "Lossy Heap Blocks": 0,
                    "Plans": [
                      {
                        "Node Type": "Bitmap Index Scan",
                        "Parent Relationship": "Outer",
                        "Parallel Aware": false,
                        "Index Name": "info_type_id_movie_info",
                        "Startup Cost": 0.0,
                        "Total Cost": 3654.24,
                        "Plan Rows": 204507,
                        "Plan Width": 0,
                        "Actual Startup Time": 7.418,
                        "Actual Total Time": 7.419,
                        "Actual Rows": 197754,
                        "Actual Loops": 1,
                        "Index Cond": "(info_type_id > 106)"
                      }
                    ]
                  },
                  {
                    "Node Type": "Hash",
                    "Parent Relationship": "Inner",
                    "Parallel Aware": true,
                    "Startup Cost": 58306.47,
                    "Total Cost": 58306.47,
                    "Plan Rows": 57557,
                    "Plan Width": 4,
                    "Actual Startup Time": 153.267,
                    "Actual Total Time": 153.268,
                    "Actual Rows": 55201,
                    "Actual Loops": 2,
                    "Hash Buckets": 131072,
                    "Original Hash Buckets": 131072,
                    "Hash Batches": 1,
                    "Original Hash Batches": 1,
                    "Peak Memory Usage": 5376,
                    "Plans": [
                      {
                        "Node Type": "Seq Scan",
                        "Parent Relationship": "Outer",
                        "Parallel Aware": true,
                        "Relation Name": "title",
                        "Alias": "t",
                        "Startup Cost": 0.0,
                        "Total Cost": 58306.47,
                        "Plan Rows": 57557,
                        "Plan Width": 4,
                        "Actual Startup Time": 0.044,
                        "Actual Total Time": 138.746,
                        "Actual Rows": 55201,
                        "Actual Loops": 2,
                        "Filter": "((kind_id = 7) AND (production_year = 2012))",
                        "Rows Removed by Filter": 1208955
                      }
                    ]
                  }
                ]
              }
            ]
          }
        ]
      }
    ]
  },
  "Planning Time": 0.495,
  "Triggers": [],
  "Execution Time": 207.486
}