[
  {
    "Plan": {
      "Node Type": "Aggregate",
      "Strategy": "Plain",
      "Partial Mode": "Finalize",
      "Parallel Aware": false,
      "Startup Cost": 226692.87,
      "Total Cost": 226692.88,
      "Plan Rows": 1,
      "Plan Width": 8,
      "Actual Startup Time": 1082.478,
      "Actual Total Time": 1131.887,
      "Actual Rows": 1,
      "Actual Loops": 1,
      "Plans": [
        {
          "Node Type": "Gather",
          "Parent Relationship": "Outer",
          "Parallel Aware": false,
          "Startup Cost": 226692.45,
          "Total Cost": 226692.86,
          "Plan Rows": 4,
          "Plan Width": 8,
          "Actual Startup Time": 1081.284,
          "Actual Total Time": 1131.872,
          "Actual Rows": 5,
          "Actual Loops": 1,
          "Workers Planned": 4,
          "Workers Launched": 4,
          "Single Copy": false,
          "Plans": [
            {
              "Node Type": "Aggregate",
              "Strategy": "Plain",
              "Partial Mode": "Partial",
              "Parent Relationship": "Outer",
              "Parallel Aware": false,
              "Startup Cost": 225692.45,
              "Total Cost": 225692.46,
              "Plan Rows": 1,
              "Plan Width": 8,
              "Actual Startup Time": 1071.252,
              "Actual Total Time": 1071.256,
              "Actual Rows": 1,
              "Actual Loops": 5,
              "Plans": [
                {
                  "Node Type": "Nested Loop",
                  "Parent Relationship": "Outer",
                  "Parallel Aware": false,
                  "Join Type": "Inner",
                  "Startup Cost": 28070.71,
                  "Total Cost": 224551.83,
                  "Plan Rows": 456248,
                  "Plan Width": 0,
                  "Actual Startup Time": 165.436,
                  "Actual Total Time": 1023.665,
                  "Actual Rows": 1110971,
                  "Actual Loops": 5,
                  "Inner Unique": false,
                  "Plans": [
                    {
                      "Node Type": "Hash Join",
                      "Parent Relationship": "Outer",
                      "Parallel Aware": true,
                      "Join Type": "Inner",
                      "Startup Cost": 28070.28,
                      "Total Cost": 73801.08,
                      "Plan Rows": 78027,
                      "Plan Width": 8,
                      "Actual Startup Time": 165.353,
                      "Actual Total Time": 268.671,
                      "Actual Rows": 61933,
                      "Actual Loops": 5,
                      "Inner Unique": false,
                      "Hash Cond": "(t.id = mc.movie_id)",
                      "Plans": [
                        {
                          "Node Type": "Seq Scan",
                          "Parent Relationship": "Outer",
                          "Parallel Aware": true,
                          "Relation Name": "title",
                          "Alias": "t",
                          "Startup Cost": 0.0,
                          "Total Cost": 42318.73,
                          "Plan Rows": 632073,
                          "Plan Width": 4,
                          "Actual Startup Time": 0.011,
                          "Actual Total Time": 63.273,
                          "Actual Rows": 505662,
                          "Actual Loops": 5
                        },
                        {
                          "Node Type": "Hash",
                          "Parent Relationship": "Inner",
                          "Parallel Aware": true,
                          "Startup Cost": 26811.78,
                          "Total Cost": 26811.78,
                          "Plan Rows": 100680,
                          "Plan Width": 4,
                          "Actual Startup Time": 78.776,
                          "Actual Total Time": 78.778,
                          "Actual Rows": 61933,
                          "Actual Loops": 5,
                          "Hash Buckets": 524288,
                          "Original Hash Buckets": 524288,
                          "Hash Batches": 1,
                          "Original Hash Batches": 1,
                          "Peak Memory Usage": 16288,
                          "Plans": [
                            {
                              "Node Type": "Bitmap Heap Scan",
                              "Parent Relationship": "Outer",
                              "Parallel Aware": true,
                              "Relation Name": "movie_companies",
                              "Alias": "mc",
                              "Startup Cost": 6763.27,
                              "Total Cost": 26811.78,
                              "Plan Rows": 100680,
                              "Plan Width": 4,
                              "Actual Startup Time": 27.706,
                              "Actual Total Time": 54.606,
                              "Actual Rows": 61933,
                              "Actual Loops": 5,
                              "Recheck Cond": "(company_id > 92645)",
                              "Rows Removed by Index Recheck": 0,
                              "Exact Heap Blocks": 1950,
                              "Lossy Heap Blocks": 0,
                              "Plans": [
                                {
                                  "Node Type": "Bitmap Index Scan",
                                  "Parent Relationship": "Outer",
                                  "Parallel Aware": false,
                                  "Index Name": "company_id_movie_companies",
                                  "Startup Cost": 0.0,
                                  "Total Cost": 6685.25,
                                  "Plan Rows": 312109,
                                  "Plan Width": 0,
                                  "Actual Startup Time": 26.788,
                                  "Actual Total Time": 26.788,
                                  "Actual Rows": 309664,
                                  "Actual Loops": 1,
                                  "Index Cond": "(company_id > 92645)"
                                }
                              ]
                            }
                          ]
                        }
                      ]
                    },
                    {
                      "Node Type": "Index Only Scan",
                      "Parent Relationship": "Inner",
                      "Parallel Aware": false,
                      "Scan Direction": "Forward",
                      "Index Name": "movie_id_movie_info",
                      "Relation Name": "movie_info",
                      "Alias": "mi",
                      "Startup Cost": 0.43,
                      "Total Cost": 1.51,
                      "Plan Rows": 42,
                      "Plan Width": 4,
                      "Actual Startup Time": 0.004,
                      "Actual Total Time": 0.011,
                      "Actual Rows": 18,
                      "Actual Loops": 309664,
                      "Index Cond": "(movie_id = t.id)",
                      "Rows Removed by Index Recheck": 0,
                      "Heap Fetches": 5554855
                    }
                  ]
                }
              ]
            }
          ]
        }
      ]
    },
    "Planning Time": 1.366,
    "Triggers": [],
    "Execution Time": 1132.011
  }
]