[
  {
    "Plan": {
      "Node Type": "Aggregate",
      "Strategy": "Plain",
      "Partial Mode": "Finalize",
      "Parallel Aware": false,
      "Startup Cost": 98574.58,
      "Total Cost": 98574.59,
      "Plan Rows": 1,
      "Plan Width": 8,
      "Actual Startup Time": 766.721,
      "Actual Total Time": 789.758,
      "Actual Rows": 1,
      "Actual Loops": 1,
      "Plans": [
        {
          "Node Type": "Gather",
          "Parent Relationship": "Outer",
          "Parallel Aware": false,
          "Startup Cost": 98574.26,
          "Total Cost": 98574.57,
          "Plan Rows": 3,
          "Plan Width": 8,
          "Actual Startup Time": 745.889,
          "Actual Total Time": 789.747,
          "Actual Rows": 4,
          "Actual Loops": 1,
          "Workers Planned": 3,
          "Workers Launched": 3,
          "Single Copy": false,
          "Plans": [
            {
              "Node Type": "Aggregate",
              "Strategy": "Plain",
              "Partial Mode": "Partial",
              "Parent Relationship": "Outer",
              "Parallel Aware": false,
              "Startup Cost": 97574.26,
              "Total Cost": 97574.27,
              "Plan Rows": 1,
              "Plan Width": 8,
              "Actual Startup Time": 733.876,
              "Actual Total Time": 733.881,
              "Actual Rows": 1,
              "Actual Loops": 4,
              "Plans": [
                {
                  "Node Type": "Hash Join",
                  "Parent Relationship": "Outer",
                  "Parallel Aware": true,
                  "Join Type": "Inner",
                  "Startup Cost": 50220.38,
                  "Total Cost": 95301.96,
                  "Plan Rows": 908922,
                  "Plan Width": 0,
                  "Actual Startup Time": 414.616,
                  "Actual Total Time": 694.725,
                  "Actual Rows": 704437,
                  "Actual Loops": 4,
                  "Inner Unique": true,
                  "Hash Cond": "(mk.movie_id = t.id)",
                  "Plans": [
                    {
                      "Node Type": "Seq Scan",
                      "Parent Relationship": "Outer",
                      "Parallel Aware": true,
                      "Relation Name": "movie_keyword",
                      "Alias": "mk",
                      "Startup Cost": 0.0,
                      "Total Cost": 42695.65,
                      "Plan Rows": 908922,
                      "Plan Width": 4,
                      "Actual Startup Time": 0.215,
                      "Actual Total Time": 130.167,
                      "Actual Rows": 704437,
                      "Actual Loops": 4,
                      "Filter": "(keyword_id > 2681)",
                      "Rows Removed by Filter": 426546
                    },
                    {
                      "Node Type": "Hash",
                      "Parent Relationship": "Inner",
                      "Parallel Aware": true,
                      "Startup Cost": 42319.06,
                      "Total Cost": 42319.06,
                      "Plan Rows": 632106,
                      "Plan Width": 4,
                      "Actual Startup Time": 405.392,
                      "Actual Total Time": 405.393,
                      "Actual Rows": 632078,
                      "Actual Loops": 4,
                      "Hash Buckets": 4194304,
                      "Original Hash Buckets": 4194304,
                      "Hash Batches": 1,
                      "Original Hash Batches": 1,
                      "Peak Memory Usage": 131712,
                      "Plans": [
                        {
                          "Node Type": "Seq Scan",
                          "Parent Relationship": "Outer",
                          "Parallel Aware": true,
                          "Relation Name": "title",
                          "Alias": "t",
                          "Startup Cost": 0.0,
                          "Total Cost": 42319.06,
                          "Plan Rows": 632106,
                          "Plan Width": 4,
                          "Actual Startup Time": 0.044,
                          "Actual Total Time": 121.662,
                          "Actual Rows": 632078,
                          "Actual Loops": 4
                        }
                      ]
                    }
                  ]
                }
              ]
            }
          ]
        }
      ]
    },
    "Planning Time": 0.309,
    "Triggers": [],
    "Execution Time": 789.8
  }
]