[
  {
    "Plan": {
      "Node Type": "Aggregate",
      "Strategy": "Plain",
      "Partial Mode": "Finalize",
      "Parallel Aware": false,
      "Startup Cost": 80315.36,
      "Total Cost": 80315.37,
      "Plan Rows": 1,
      "Plan Width": 8,
      "Actual Startup Time": 390.585,
      "Actual Total Time": 405.223,
      "Actual Rows": 1,
      "Actual Loops": 1,
      "Plans": [
        {
          "Node Type": "Gather",
          "Parent Relationship": "Outer",
          "Parallel Aware": false,
          "Startup Cost": 80314.94,
          "Total Cost": 80315.35,
          "Plan Rows": 4,
          "Plan Width": 8,
          "Actual Startup Time": 384.276,
          "Actual Total Time": 405.199,
          "Actual Rows": 5,
          "Actual Loops": 1,
          "Workers Planned": 4,
          "Workers Launched": 4,
          "Single Copy": false,
          "Plans": [
            {
              "Node Type": "Aggregate",
              "Strategy": "Plain",
              "Partial Mode": "Partial",
              "Parent Relationship": "Outer",
              "Parallel Aware": false,
              "Startup Cost": 79314.94,
              "Total Cost": 79314.95,
              "Plan Rows": 1,
              "Plan Width": 8,
              "Actual Startup Time": 374.781,
              "Actual Total Time": 374.784,
              "Actual Rows": 1,
              "Actual Loops": 5,
              "Plans": [
                {
                  "Node Type": "Hash Join",
                  "Parent Relationship": "Outer",
                  "Parallel Aware": true,
                  "Join Type": "Inner",
                  "Startup Cost": 32650.28,
                  "Total Cost": 78797.3,
                  "Plan Rows": 207056,
                  "Plan Width": 0,
                  "Actual Startup Time": 140.77,
                  "Actual Total Time": 367.012,
                  "Actual Rows": 168221,
                  "Actual Loops": 5,
                  "Inner Unique": false,
                  "Hash Cond": "(t.id = mc.movie_id)",
                  "Plans": [
                    {
                      "Node Type": "Seq Scan",
                      "Parent Relationship": "Outer",
                      "Parallel Aware": true,
                      "Relation Name": "title",
                      "Alias": "t",
                      "Startup Cost": 0.0,
                      "Total Cost": 42318.73,
                      "Plan Rows": 632073,
                      "Plan Width": 4,
                      "Actual Startup Time": 0.012,
                      "Actual Total Time": 67.403,
                      "Actual Rows": 505662,
                      "Actual Loops": 5
                    },
                    {
                      "Node Type": "Hash",
                      "Parent Relationship": "Inner",
                      "Parallel Aware": true,
                      "Startup Cost": 29310.68,
                      "Total Cost": 29310.68,
                      "Plan Rows": 267168,
                      "Plan Width": 4,
                      "Actual Startup Time": 136.486,
                      "Actual Total Time": 136.487,
                      "Actual Rows": 168221,
                      "Actual Loops": 5,
                      "Hash Buckets": 1048576,
                      "Original Hash Buckets": 1048576,
                      "Hash Batches": 1,
                      "Original Hash Batches": 1,
                      "Peak Memory Usage": 41184,
                      "Plans": [
                        {
                          "Node Type": "Seq Scan",
                          "Parent Relationship": "Outer",
                          "Parallel Aware": true,
                          "Relation Name": "movie_companies",
                          "Alias": "mc",
                          "Startup Cost": 0.0,
                          "Total Cost": 29310.68,
                          "Plan Rows": 267168,
                          "Plan Width": 4,
                          "Actual Startup Time": 23.979,
                          "Actual Total Time": 76.743,
                          "Actual Rows": 168221,
                          "Actual Loops": 5,
                          "Filter": "(company_id > 26105)",
                          "Rows Removed by Filter": 353605
                        }
                      ]
                    }
                  ]
                }
              ]
            }
          ]
        }
      ]
    },
    "Planning Time": 0.653,
    "Triggers": [],
    "Execution Time": 405.3
  }
]