[
  {
    "Plan": {
      "Node Type": "Aggregate",
      "Strategy": "Plain",
      "Partial Mode": "Finalize",
      "Parallel Aware": false,
      "Startup Cost": 528169.92,
      "Total Cost": 528169.93,
      "Plan Rows": 1,
      "Plan Width": 8,
      "Actual Startup Time": 3336.354,
      "Actual Total Time": 3448.154,
      "Actual Rows": 1,
      "Actual Loops": 1,
      "Plans": [
        {
          "Node Type": "Gather",
          "Parent Relationship": "Outer",
          "Parallel Aware": false,
          "Startup Cost": 528169.39,
          "Total Cost": 528169.9,
          "Plan Rows": 5,
          "Plan Width": 8,
          "Actual Startup Time": 3331.586,
          "Actual Total Time": 3448.139,
          "Actual Rows": 6,
          "Actual Loops": 1,
          "Workers Planned": 5,
          "Workers Launched": 5,
          "Single Copy": false,
          "Plans": [
            {
              "Node Type": "Aggregate",
              "Strategy": "Plain",
              "Partial Mode": "Partial",
              "Parent Relationship": "Outer",
              "Parallel Aware": false,
              "Startup Cost": 527169.39,
              "Total Cost": 527169.4,
              "Plan Rows": 1,
              "Plan Width": 8,
              "Actual Startup Time": 3320.389,
              "Actual Total Time": 3320.394,
              "Actual Rows": 1,
              "Actual Loops": 6,
              "Plans": [
                {
                  "Node Type": "Nested Loop",
                  "Parent Relationship": "Outer",
                  "Parallel Aware": false,
                  "Join Type": "Inner",
                  "Startup Cost": 45573.41,
                  "Total Cost": 522642.44,
                  "Plan Rows": 1810782,
                  "Plan Width": 0,
                  "Actual Startup Time": 224.701,
                  "Actual Total Time": 3165.134,
                  "Actual Rows": 2889026,
                  "Actual Loops": 6,
                  "Inner Unique": false,
                  "Join Filter": "(t.id = ci.movie_id)",
                  "Rows Removed by Join Filter": 0,
                  "Plans": [
                    {
                      "Node Type": "Hash Join",
                      "Parent Relationship": "Outer",
                      "Parallel Aware": true,
                      "Join Type": "Inner",
                      "Startup Cost": 45572.84,
                      "Total Cost": 246090.74,
                      "Plan Rows": 126372,
                      "Plan Width": 8,
                      "Actual Startup Time": 224.588,
                      "Actual Total Time": 636.286,
                      "Actual Rows": 102204,
                      "Actual Loops": 6,
                      "Inner Unique": true,
                      "Hash Cond": "(mi.movie_id = t.id)",
                      "Plans": [
                        {
                          "Node Type": "Seq Scan",
                          "Parent Relationship": "Outer",
                          "Parallel Aware": true,
                          "Relation Name": "movie_info",
                          "Alias": "mi",
                          "Startup Cost": 0.0,
                          "Total Cost": 198952.16,
                          "Plan Rows": 596472,
                          "Plan Width": 4,
                          "Actual Startup Time": 81.706,
                          "Actual Total Time": 322.289,
                          "Actual Rows": 506120,
                          "Actual Loops": 6,
                          "Filter": "(info_type_id = 16)",
                          "Rows Removed by Filter": 1966500
                        },
                        {
                          "Node Type": "Hash",
                          "Parent Relationship": "Inner",
                          "Parallel Aware": true,
                          "Startup Cost": 43898.92,
                          "Total Cost": 43898.92,
                          "Plan Rows": 133914,
                          "Plan Width": 4,
                          "Actual Startup Time": 139.152,
                          "Actual Total Time": 139.154,
                          "Actual Rows": 88895,
                          "Actual Loops": 6,
                          "Hash Buckets": 1048576,
                          "Original Hash Buckets": 1048576,
                          "Hash Batches": 1,
                          "Original Hash Batches": 1,
                          "Peak Memory Usage": 29152,
                          "Plans": [
                            {
                              "Node Type": "Seq Scan",
                              "Parent Relationship": "Outer",
                              "Parallel Aware": true,
                              "Relation Name": "title",
                              "Alias": "t",
                              "Startup Cost": 0.0,
                              "Total Cost": 43898.92,
                              "Plan Rows": 133914,
                              "Plan Width": 4,
                              "Actual Startup Time": 0.038,
                              "Actual Total Time": 90.622,
                              "Actual Rows": 88895,
                              "Actual Loops": 6,
                              "Filter": "(production_year > 2009)",
                              "Rows Removed by Filter": 332490
                            }
                          ]
                        }
                      ]
                    },
                    {
                      "Node Type": "Index Only Scan",
                      "Parent Relationship": "Inner",
                      "Parallel Aware": false,
                      "Scan Direction": "Forward",
                      "Index Name": "movie_id_cast_info",
                      "Relation Name": "cast_info",
                      "Alias": "ci",
                      "Startup Cost": 0.56,
                      "Total Cost": 1.73,
                      "Plan Rows": 37,
                      "Plan Width": 4,
                      "Actual Startup Time": 0.005,
                      "Actual Total Time": 0.022,
                      "Actual Rows": 28,
                      "Actual Loops": 613227,
                      "Index Cond": "(movie_id = mi.movie_id)",
                      "Rows Removed by Index Recheck": 0,
                      "Heap Fetches": 17334154
                    }
                  ]
                }
              ]
            }
          ]
        }
      ]
    },
    "Planning Time": 1.294,
    "Triggers": [],
    "Execution Time": 3448.284
  }
]