[
  {
    "Plan": {
      "Node Type": "Aggregate",
      "Strategy": "Plain",
      "Partial Mode": "Finalize",
      "Parallel Aware": false,
      "Startup Cost": 201885.93,
      "Total Cost": 201885.94,
      "Plan Rows": 1,
      "Plan Width": 8,
      "Actual Startup Time": 323.493,
      "Actual Total Time": 338.634,
      "Actual Rows": 1,
      "Actual Loops": 1,
      "Plans": [
        {
          "Node Type": "Gather",
          "Parent Relationship": "Outer",
          "Parallel Aware": false,
          "Startup Cost": 201885.3,
          "Total Cost": 201885.91,
          "Plan Rows": 6,
          "Plan Width": 8,
          "Actual Startup Time": 323.385,
          "Actual Total Time": 338.614,
          "Actual Rows": 7,
          "Actual Loops": 1,
          "Workers Planned": 6,
          "Workers Launched": 6,
          "Single Copy": false,
          "Plans": [
            {
              "Node Type": "Aggregate",
              "Strategy": "Plain",
              "Partial Mode": "Partial",
              "Parent Relationship": "Outer",
              "Parallel Aware": false,
              "Startup Cost": 200885.3,
              "Total Cost": 200885.31,
              "Plan Rows": 1,
              "Plan Width": 8,
              "Actual Startup Time": 313.626,
              "Actual Total Time": 313.627,
              "Actual Rows": 1,
              "Actual Loops": 7,
              "Plans": [
                {
                  "Node Type": "Index Scan",
                  "Parent Relationship": "Outer",
                  "Parallel Aware": true,
                  "Scan Direction": "Forward",
                  "Index Name": "role_id_cast_info",
                  "Relation Name": "cast_info",
                  "Alias": "ci",
                  "Startup Cost": 0.56,
                  "Total Cost": 197877.72,
                  "Plan Rows": 1203031,
                  "Plan Width": 0,
                  "Actual Startup Time": 0.149,
                  "Actual Total Time": 257.532,
                  "Actual Rows": 1064568,
                  "Actual Loops": 7,
                  "Index Cond": "(role_id = 2)",
                  "Rows Removed by Index Recheck": 0,
                  "Filter": "(person_id < 3930831)",
                  "Rows Removed by Filter": 0
                }
              ]
            }
          ]
        }
      ]
    },
    "Planning Time": 0.229,
    "Triggers": [],
    "Execution Time": 338.704
  }
]