[
  {
    "Plan": {
      "Node Type": "Aggregate",
      "Strategy": "Plain",
      "Partial Mode": "Finalize",
      "Parallel Aware": false,
      "Startup Cost": 44463.81,
      "Total Cost": 44463.82,
      "Plan Rows": 1,
      "Plan Width": 8,
      "Actual Startup Time": 117.649,
      "Actual Total Time": 124.536,
      "Actual Rows": 1,
      "Actual Loops": 1,
      "Plans": [
        {
          "Node Type": "Gather",
          "Parent Relationship": "Outer",
          "Parallel Aware": false,
          "Startup Cost": 44463.49,
          "Total Cost": 44463.8,
          "Plan Rows": 3,
          "Plan Width": 8,
          "Actual Startup Time": 117.542,
          "Actual Total Time": 124.527,
          "Actual Rows": 4,
          "Actual Loops": 1,
          "Workers Planned": 3,
          "Workers Launched": 3,
          "Single Copy": false,
          "Plans": [
            {
              "Node Type": "Aggregate",
              "Strategy": "Plain",
              "Partial Mode": "Partial",
              "Parent Relationship": "Outer",
              "Parallel Aware": false,
              "Startup Cost": 43463.49,
              "Total Cost": 43463.5,
              "Plan Rows": 1,
              "Plan Width": 8,
              "Actual Startup Time": 112.2,
              "Actual Total Time": 112.201,
              "Actual Rows": 1,
              "Actual Loops": 4,
              "Plans": [
                {
                  "Node Type": "Seq Scan",
                  "Parent Relationship": "Outer",
                  "Parallel Aware": true,
                  "Relation Name": "movie_keyword",
                  "Alias": "mk",
                  "Startup Cost": 0.0,
                  "Total Cost": 42695.65,
                  "Plan Rows": 307135,
                  "Plan Width": 0,
                  "Actual Startup Time": 2.226,
                  "Actual Total Time": 100.187,
                  "Actual Rows": 237829,
                  "Actual Loops": 4,
                  "Filter": "(keyword_id > 19964)",
                  "Rows Removed by Filter": 893153
                }
              ]
            }
          ]
        }
      ]
    },
    "Planning Time": 0.135,
    "Triggers": [],
    "Execution Time": 124.578
  }
]