[
  {
    "Plan": {
      "Node Type": "Aggregate",
      "Strategy": "Plain",
      "Partial Mode": "Finalize",
      "Parallel Aware": false,
      "Startup Cost": 219137.58,
      "Total Cost": 219137.59,
      "Plan Rows": 1,
      "Plan Width": 8,
      "Actual Startup Time": 152.974,
      "Actual Total Time": 181.959,
      "Actual Rows": 1,
      "Actual Loops": 1,
      "Plans": [
        {
          "Node Type": "Gather",
          "Parent Relationship": "Outer",
          "Parallel Aware": false,
          "Startup Cost": 219137.16,
          "Total Cost": 219137.57,
          "Plan Rows": 4,
          "Plan Width": 8,
          "Actual Startup Time": 152.723,
          "Actual Total Time": 181.945,
          "Actual Rows": 5,
          "Actual Loops": 1,
          "Workers Planned": 4,
          "Workers Launched": 4,
          "Single Copy": false,
          "Plans": [
            {
              "Node Type": "Aggregate",
              "Strategy": "Plain",
              "Partial Mode": "Partial",
              "Parent Relationship": "Outer",
              "Parallel Aware": false,
              "Startup Cost": 218137.16,
              "Total Cost": 218137.17,
              "Plan Rows": 1,
              "Plan Width": 8,
              "Actual Startup Time": 146.611,
              "Actual Total Time": 146.613,
              "Actual Rows": 1,
              "Actual Loops": 5,
              "Plans": [
                {
                  "Node Type": "Nested Loop",
                  "Parent Relationship": "Outer",
                  "Parallel Aware": false,
                  "Join Type": "Inner",
                  "Startup Cost": 0.43,
                  "Total Cost": 218102.05,
                  "Plan Rows": 14046,
                  "Plan Width": 0,
                  "Actual Startup Time": 0.507,
                  "Actual Total Time": 144.792,
                  "Actual Rows": 23151,
                  "Actual Loops": 5,
                  "Inner Unique": false,
                  "Plans": [
                    {
                      "Node Type": "Seq Scan",
                      "Parent Relationship": "Outer",
                      "Parallel Aware": true,
                      "Relation Name": "title",
                      "Alias": "t",
                      "Startup Cost": 0.0,
                      "Total Cost": 45479.59,
                      "Plan Rows": 2392,
                      "Plan Width": 4,
                      "Actual Startup Time": 0.381,
                      "Actual Total Time": 76.153,
                      "Actual Rows": 2106,
                      "Actual Loops": 5,
                      "Filter": "((kind_id < 7) AND (production_year = 1993))",
                      "Rows Removed by Filter": 503557
                    },
                    {
                      "Node Type": "Index Only Scan",
                      "Parent Relationship": "Inner",
                      "Parallel Aware": false,
                      "Scan Direction": "Forward",
                      "Index Name": "movie_id_movie_info",
                      "Relation Name": "movie_info",
                      "Alias": "mi",
                      "Startup Cost": 0.43,
                      "Total Cost": 71.76,
                      "Plan Rows": 41,
                      "Plan Width": 4,
                      "Actual Startup Time": 0.012,
                      "Actual Total Time": 0.031,
                      "Actual Rows": 11,
                      "Actual Loops": 10528,
                      "Index Cond": "(movie_id = t.id)",
                      "Rows Removed by Index Recheck": 0,
                      "Heap Fetches": 115754
                    }
                  ]
                }
              ]
            }
          ]
        }
      ]
    },
    "Planning Time": 0.638,
    "Triggers": [],
    "Execution Time": 182.128
  }
]