{
  "Plan": {
    "Node Type": "Aggregate",
    "Strategy": "Plain",
    "Partial Mode": "Finalize",
    "Parallel Aware": false,
    "Startup Cost": 630544.65,
    "Total Cost": 630544.66,
    "Plan Rows": 1,
    "Plan Width": 8,
    "Actual Startup Time": 4991.522,
    "Actual Total Time": 5059.179,
    "Actual Rows": 1,
    "Actual Loops": 1,
    "Plans": [
      {
        "Node Type": "Gather",
        "Parent Relationship": "Outer",
        "Parallel Aware": false,
        "Startup Cost": 630544.54,
        "Total Cost": 630544.65,
        "Plan Rows": 1,
        "Plan Width": 8,
        "Actual Startup Time": 4987.406,
        "Actual Total Time": 5059.167,
        "Actual Rows": 2,
        "Actual Loops": 1,
        "Workers Planned": 1,
        "Workers Launched": 1,
        "Single Copy": false,
        "Plans": [
          {
            "Node Type": "Aggregate",
            "Strategy": "Plain",
            "Partial Mode": "Partial",
            "Parent Relationship": "Outer",
            "Parallel Aware": false,
            "Startup Cost": 629544.54,
            "Total Cost": 629544.55,
            "Plan Rows": 1,
            "Plan Width": 8,
            "Actual Startup Time": 4979.858,
            "Actual Total Time": 4979.866,
            "Actual Rows": 1,
            "Actual Loops": 2,
            "Plans": [
              {
                "Node Type": "Hash Join",
                "Parent Relationship": "Outer",
                "Parallel Aware": true,
                "Join Type": "Inner",
                "Startup Cost": 66181.46,
                "Total Cost": 613040.21,
                "Plan Rows": 6601730,
                "Plan Width": 0,
                "Actual Startup Time": 806.728,
                "Actual Total Time": 4721.926,
                "Actual Rows": 6397328,
                "Actual Loops": 2,
                "Inner Unique": true,
                "Hash Cond": "(ci.movie_id = t.id)",
                "Plans": [
                  {
                    "Node Type": "Seq Scan",
                    "Parent Relationship": "Outer",
                    "Parallel Aware": true,
                    "Relation Name": "cast_info",
                    "Alias": "ci",
                    "Startup Cost": 0.0,
                    "Total Cost": 519069.44,
                    "Plan Rows": 10586385,
                    "Plan Width": 4,
                    "Actual Startup Time": 420.242,
                    "Actual Total Time": 1442.292,
                    "Actual Rows": 9002908,
                    "Actual Loops": 2,
                    "Filter": "(person_id > 1811702)",
                    "Rows Removed by Filter": 9119264
                  },
                  {
                    "Node Type": "Hash",
                    "Parent Relationship": "Inner",
                    "Parallel Aware": true,
                    "Startup Cost": 54588.39,
                    "Total Cost": 54588.39,
                    "Plan Rows": 927446,
                    "Plan Width": 4,
                    "Actual Startup Time": 371.656,
                    "Actual Total Time": 371.657,
                    "Actual Rows": 785284,
                    "Actual Loops": 2,
                    "Hash Buckets": 2097152,
                    "Original Hash Buckets": 2097152,
                    "Hash Batches": 1,
                    "Original Hash Batches": 1,
                    "Peak Memory Usage": 77856,
                    "Plans": [
                      {
                        "Node Type": "Seq Scan",
                        "Parent Relationship": "Outer",
                        "Parallel Aware": true,
                        "Relation Name": "title",
                        "Alias": "t",
                        "Startup Cost": 0.0,
                        "Total Cost": 54588.39,
                        "Plan Rows": 927446,
                        "Plan Width": 4,
                        "Actual Startup Time": 0.029,
                        "Actual Total Time": 169.527,
                        "Actual Rows": 785284,
                        "Actual Loops": 2,
                        "Filter": "(production_year > 1996)",
                        "Rows Removed by Filter": 478872
                      }
                    ]
                  }
                ]
              }
            ]
          }
        ]
      }
    ]
  },
  "Planning Time": 0.658,
  "Triggers": [],
  "Execution Time": 5059.262
}