[
  {
    "Plan": {
      "Node Type": "Aggregate",
      "Strategy": "Plain",
      "Partial Mode": "Finalize",
      "Parallel Aware": false,
      "Startup Cost": 46496.57,
      "Total Cost": 46496.58,
      "Plan Rows": 1,
      "Plan Width": 8,
      "Actual Startup Time": 100.62,
      "Actual Total Time": 112.965,
      "Actual Rows": 1,
      "Actual Loops": 1,
      "Plans": [
        {
          "Node Type": "Gather",
          "Parent Relationship": "Outer",
          "Parallel Aware": false,
          "Startup Cost": 46496.15,
          "Total Cost": 46496.56,
          "Plan Rows": 4,
          "Plan Width": 8,
          "Actual Startup Time": 100.467,
          "Actual Total Time": 112.957,
          "Actual Rows": 5,
          "Actual Loops": 1,
          "Workers Planned": 4,
          "Workers Launched": 4,
          "Single Copy": false,
          "Plans": [
            {
              "Node Type": "Aggregate",
              "Strategy": "Plain",
              "Partial Mode": "Partial",
              "Parent Relationship": "Outer",
              "Parallel Aware": false,
              "Startup Cost": 45496.15,
              "Total Cost": 45496.16,
              "Plan Rows": 1,
              "Plan Width": 8,
              "Actual Startup Time": 92.623,
              "Actual Total Time": 92.625,
              "Actual Rows": 1,
              "Actual Loops": 5,
              "Plans": [
                {
                  "Node Type": "Seq Scan",
                  "Parent Relationship": "Outer",
                  "Parallel Aware": true,
                  "Relation Name": "title",
                  "Alias": "t",
                  "Startup Cost": 0.0,
                  "Total Cost": 45479.1,
                  "Plan Rows": 6820,
                  "Plan Width": 0,
                  "Actual Startup Time": 60.756,
                  "Actual Total Time": 91.653,
                  "Actual Rows": 14670,
                  "Actual Loops": 5,
                  "Filter": "((kind_id < 7) AND (production_year < 1917))",
                  "Rows Removed by Filter": 490992
                }
              ]
            }
          ]
        }
      ]
    },
    "Planning Time": 0.183,
    "Triggers": [],
    "Execution Time": 113.027
  }
]