[
  {
    "Plan": {
      "Node Type": "Aggregate",
      "Strategy": "Plain",
      "Partial Mode": "Finalize",
      "Parallel Aware": false,
      "Startup Cost": 46232.88,
      "Total Cost": 46232.89,
      "Plan Rows": 1,
      "Plan Width": 8,
      "Actual Startup Time": 156.014,
      "Actual Total Time": 163.605,
      "Actual Rows": 1,
      "Actual Loops": 1,
      "Plans": [
        {
          "Node Type": "Gather",
          "Parent Relationship": "Outer",
          "Parallel Aware": false,
          "Startup Cost": 46232.56,
          "Total Cost": 46232.87,
          "Plan Rows": 3,
          "Plan Width": 8,
          "Actual Startup Time": 155.896,
          "Actual Total Time": 163.596,
          "Actual Rows": 4,
          "Actual Loops": 1,
          "Workers Planned": 3,
          "Workers Launched": 3,
          "Single Copy": false,
          "Plans": [
            {
              "Node Type": "Aggregate",
              "Strategy": "Plain",
              "Partial Mode": "Partial",
              "Parent Relationship": "Outer",
              "Parallel Aware": false,
              "Startup Cost": 45232.56,
              "Total Cost": 45232.57,
              "Plan Rows": 1,
              "Plan Width": 8,
              "Actual Startup Time": 149.728,
              "Actual Total Time": 149.729,
              "Actual Rows": 1,
              "Actual Loops": 4,
              "Plans": [
                {
                  "Node Type": "Seq Scan",
                  "Parent Relationship": "Outer",
                  "Parallel Aware": true,
                  "Relation Name": "movie_keyword",
                  "Alias": "mk",
                  "Startup Cost": 0.0,
                  "Total Cost": 42695.65,
                  "Plan Rows": 1014762,
                  "Plan Width": 0,
                  "Actual Startup Time": 0.045,
                  "Actual Total Time": 116.121,
                  "Actual Rows": 784759,
                  "Actual Loops": 4,
                  "Filter": "(keyword_id < 12058)",
                  "Rows Removed by Filter": 346223
                }
              ]
            }
          ]
        }
      ]
    },
    "Planning Time": 0.178,
    "Triggers": [],
    "Execution Time": 163.667
  }
]