{
  "Plan": {
    "Node Type": "Aggregate",
    "Strategy": "Plain",
    "Partial Mode": "Finalize",
    "Parallel Aware": false,
    "Startup Cost": 2560354.86,
    "Total Cost": 2560354.87,
    "Plan Rows": 1,
    "Plan Width": 8,
    "Actual Startup Time": 17915.393,
    "Actual Total Time": 18020.357,
    "Actual Rows": 1,
    "Actual Loops": 1,
    "Plans": [
      {
        "Node Type": "Gather",
        "Parent Relationship": "Outer",
        "Parallel Aware": false,
        "Startup Cost": 2560354.75,
        "Total Cost": 2560354.86,
        "Plan Rows": 1,
        "Plan Width": 8,
        "Actual Startup Time": 17914.625,
        "Actual Total Time": 18020.349,
        "Actual Rows": 2,
        "Actual Loops": 1,
        "Workers Planned": 1,
        "Workers Launched": 1,
        "Single Copy": false,
        "Plans": [
          {
            "Node Type": "Aggregate",
            "Strategy": "Plain",
            "Partial Mode": "Partial",
            "Parent Relationship": "Outer",
            "Parallel Aware": false,
            "Startup Cost": 2559354.75,
            "Total Cost": 2559354.76,
            "Plan Rows": 1,
            "Plan Width": 8,
            "Actual Startup Time": 17908.557,
            "Actual Total Time": 17908.56,
            "Actual Rows": 1,
            "Actual Loops": 2,
            "Plans": [
              {
                "Node Type": "Merge Join",
                "Parent Relationship": "Outer",
                "Parallel Aware": false,
                "Join Type": "Inner",
                "Startup Cost": 179169.8,
                "Total Cost": 2556426.44,
                "Plan Rows": 1171323,
                "Plan Width": 0,
                "Actual Startup Time": 87.954,
                "Actual Total Time": 17844.937,
                "Actual Rows": 1383457,
                "Actual Loops": 2,
                "Inner Unique": false,
                "Merge Cond": "(t.id = mi.movie_id)",
                "Plans": [
                  {
                    "Node Type": "Merge Join",
                    "Parent Relationship": "Outer",
                    "Parallel Aware": false,
                    "Join Type": "Inner",
                    "Startup Cost": 42.96,
                    "Total Cost": 2308280.59,
                    "Plan Rows": 21310595,
                    "Plan Width": 8,
                    "Actual Startup Time": 0.289,
                    "Actual Total Time": 16723.388,
                    "Actual Rows": 18119974,
                    "Actual Loops": 2,
                    "Inner Unique": true,
                    "Merge Cond": "(ci.movie_id = t.id)",
                    "Plans": [
                      {
                        "Node Type": "Index Only Scan",
                        "Parent Relationship": "Outer",
                        "Parallel Aware": true,
                        "Scan Direction": "Forward",
                        "Index Name": "movie_id_cast_info",
                        "Relation Name": "cast_info",
                        "Alias": "ci",
                        "Startup Cost": 0.56,
                        "Total Cost": 1925345.15,
                        "Plan Rows": 21310595,
                        "Plan Width": 4,
                        "Actual Startup Time": 0.095,
                        "Actual Total Time": 13224.852,
                        "Actual Rows": 18119974,
                        "Actual Loops": 2,
                        "Heap Fetches": 36239949
                      },
                      {
                        "Node Type": "Index Only Scan",
                        "Parent Relationship": "Inner",
                        "Parallel Aware": false,
                        "Scan Direction": "Forward",
                        "Index Name": "title_pkey",
                        "Relation Name": "title",
                        "Alias": "t",
                        "Startup Cost": 0.43,
                        "Total Cost": 110339.97,
                        "Plan Rows": 2528293,
                        "Plan Width": 4,
                        "Actual Startup Time": 0.109,
                        "Actual Total Time": 1496.124,
                        "Actual Rows": 2525600,
                        "Actual Loops": 2,
                        "Heap Fetches": 5051201
                      }
                    ]
                  },
                  {
                    "Node Type": "Sort",
                    "Parent Relationship": "Inner",
                    "Parallel Aware": false,
                    "Startup Cost": 179079.19,
                    "Total Cost": 179426.61,
                    "Plan Rows": 138966,
                    "Plan Width": 4,
                    "Actual Startup Time": 86.926,
                    "Actual Total Time": 174.582,
                    "Actual Rows": 1444816,
                    "Actual Loops": 2,
                    "Sort Key": [
                      "mi.movie_id"
                    ],
                    "Sort Method": "quicksort",
                    "Sort Space Used": 8785,
                    "Sort Space Type": "Memory",
                    "Workers": [
                      {
                        "Worker Number": 0,
                        "Sort Method": "quicksort",
                        "Sort Space Used": 8785,
                        "Sort Space Type": "Memory"
                      }
                    ],
                    "Plans": [
                      {
                        "Node Type": "Bitmap Heap Scan",
                        "Parent Relationship": "Outer",
                        "Parallel Aware": false,
                        "Relation Name": "movie_info",
                        "Alias": "mi",
                        "Startup Cost": 2521.42,
                        "Total Cost": 167208.46,
                        "Plan Rows": 138966,
                        "Plan Width": 4,
                        "Actual Startup Time": 14.91,
                        "Actual Total Time": 46.438,
                        "Actual Rows": 121863,
                        "Actual Loops": 2,
                        "Recheck Cond": "(info_type_id = 105)",
                        "Rows Removed by Index Recheck": 0,
                        "Exact Heap Blocks": 4741,
                        "Lossy Heap Blocks": 0,
                        "Plans": [
                          {
                            "Node Type": "Bitmap Index Scan",
                            "Parent Relationship": "Outer",
                            "Parallel Aware": false,
                            "Index Name": "info_type_id_movie_info",
                            "Startup Cost": 0.0,
                            "Total Cost": 2486.68,
                            "Plan Rows": 138966,
                            "Plan Width": 0,
                            "Actual Startup Time": 13.541,
                            "Actual Total Time": 13.542,
                            "Actual Rows": 121863,
                            "Actual Loops": 2,
                            "Index Cond": "(info_type_id = 105)"
                          }
                        ]
                      }
                    ]
                  }
                ]
              }
            ]
          }
        ]
      }
    ]
  },
  "Planning Time": 0.997,
  "Triggers": [],
  "Execution Time": 18020.494
}