[
  {
    "Plan": {
      "Node Type": "Aggregate",
      "Strategy": "Plain",
      "Partial Mode": "Finalize",
      "Parallel Aware": false,
      "Startup Cost": 32701.31,
      "Total Cost": 32701.32,
      "Plan Rows": 1,
      "Plan Width": 8,
      "Actual Startup Time": 82.281,
      "Actual Total Time": 90.217,
      "Actual Rows": 1,
      "Actual Loops": 1,
      "Plans": [
        {
          "Node Type": "Gather",
          "Parent Relationship": "Outer",
          "Parallel Aware": false,
          "Startup Cost": 32701.0,
          "Total Cost": 32701.31,
          "Plan Rows": 3,
          "Plan Width": 8,
          "Actual Startup Time": 82.182,
          "Actual Total Time": 90.21,
          "Actual Rows": 4,
          "Actual Loops": 1,
          "Workers Planned": 3,
          "Workers Launched": 3,
          "Single Copy": false,
          "Plans": [
            {
              "Node Type": "Aggregate",
              "Strategy": "Plain",
              "Partial Mode": "Partial",
              "Parent Relationship": "Outer",
              "Parallel Aware": false,
              "Startup Cost": 31701.0,
              "Total Cost": 31701.01,
              "Plan Rows": 1,
              "Plan Width": 8,
              "Actual Startup Time": 75.885,
              "Actual Total Time": 75.886,
              "Actual Rows": 1,
              "Actual Loops": 4,
              "Plans": [
                {
                  "Node Type": "Seq Scan",
                  "Parent Relationship": "Outer",
                  "Parallel Aware": true,
                  "Relation Name": "movie_companies",
                  "Alias": "mc",
                  "Startup Cost": 0.0,
                  "Total Cost": 31414.82,
                  "Plan Rows": 114471,
                  "Plan Width": 0,
                  "Actual Startup Time": 43.929,
                  "Actual Total Time": 73.524,
                  "Actual Rows": 49423,
                  "Actual Loops": 4,
                  "Filter": "((company_id < 1263) AND (company_type_id > 1))",
                  "Rows Removed by Filter": 602860
                }
              ]
            }
          ]
        }
      ]
    },
    "Planning Time": 0.104,
    "Triggers": [],
    "Execution Time": 90.247
  }
]