[
  {
    "Plan": {
      "Node Type": "Aggregate",
      "Strategy": "Plain",
      "Partial Mode": "Finalize",
      "Parallel Aware": false,
      "Startup Cost": 298405.85,
      "Total Cost": 298405.86,
      "Plan Rows": 1,
      "Plan Width": 8,
      "Actual Startup Time": 3490.749,
      "Actual Total Time": 3535.69,
      "Actual Rows": 1,
      "Actual Loops": 1,
      "Plans": [
        {
          "Node Type": "Gather",
          "Parent Relationship": "Outer",
          "Parallel Aware": false,
          "Startup Cost": 298405.32,
          "Total Cost": 298405.83,
          "Plan Rows": 5,
          "Plan Width": 8,
          "Actual Startup Time": 3475.174,
          "Actual Total Time": 3535.671,
          "Actual Rows": 6,
          "Actual Loops": 1,
          "Workers Planned": 5,
          "Workers Launched": 5,
          "Single Copy": false,
          "Plans": [
            {
              "Node Type": "Aggregate",
              "Strategy": "Plain",
              "Partial Mode": "Partial",
              "Parent Relationship": "Outer",
              "Parallel Aware": false,
              "Startup Cost": 297405.32,
              "Total Cost": 297405.33,
              "Plan Rows": 1,
              "Plan Width": 8,
              "Actual Startup Time": 3464.627,
              "Actual Total Time": 3464.916,
              "Actual Rows": 1,
              "Actual Loops": 6,
              "Plans": [
                {
                  "Node Type": "Hash Join",
                  "Parent Relationship": "Outer",
                  "Parallel Aware": true,
                  "Join Type": "Inner",
                  "Startup Cost": 91236.2,
                  "Total Cost": 295942.93,
                  "Plan Rows": 584958,
                  "Plan Width": 0,
                  "Actual Startup Time": 460.684,
                  "Actual Total Time": 2605.091,
                  "Actual Rows": 18805561,
                  "Actual Loops": 6,
                  "Inner Unique": false,
                  "Hash Cond": "(mi.movie_id = t.id)",
                  "Plans": [
                    {
                      "Node Type": "Seq Scan",
                      "Parent Relationship": "Outer",
                      "Parallel Aware": true,
                      "Relation Name": "movie_info",
                      "Alias": "mi",
                      "Startup Cost": 0.0,
                      "Total Cost": 191685.19,
                      "Plan Rows": 2969219,
                      "Plan Width": 4,
                      "Actual Startup Time": 0.035,
                      "Actual Total Time": 300.699,
                      "Actual Rows": 2472620,
                      "Actual Loops": 6
                    },
                    {
                      "Node Type": "Hash",
                      "Parent Relationship": "Inner",
                      "Parallel Aware": true,
                      "Startup Cost": 89227.67,
                      "Total Cost": 89227.67,
                      "Plan Rows": 160683,
                      "Plan Width": 8,
                      "Actual Startup Time": 443.508,
                      "Actual Total Time": 443.792,
                      "Actual Rows": 304184,
                      "Actual Loops": 6,
                      "Hash Buckets": 2097152,
                      "Original Hash Buckets": 524288,
                      "Hash Batches": 1,
                      "Original Hash Batches": 1,
                      "Peak Memory Usage": 100192,
                      "Plans": [
                        {
                          "Node Type": "Hash Join",
                          "Parent Relationship": "Outer",
                          "Parallel Aware": true,
                          "Join Type": "Inner",
                          "Startup Cost": 46349.59,
                          "Total Cost": 89227.67,
                          "Plan Rows": 160683,
                          "Plan Width": 8,
                          "Actual Startup Time": 156.587,
                          "Actual Total Time": 310.183,
                          "Actual Rows": 304184,
                          "Actual Loops": 6,
                          "Inner Unique": true,
                          "Hash Cond": "(mk.movie_id = t.id)",
                          "Plans": [
                            {
                              "Node Type": "Seq Scan",
                              "Parent Relationship": "Outer",
                              "Parallel Aware": true,
                              "Relation Name": "movie_keyword",
                              "Alias": "mk",
                              "Startup Cost": 0.0,
                              "Total Cost": 39047.32,
                              "Plan Rows": 1459332,
                              "Plan Width": 4,
                              "Actual Startup Time": 0.028,
                              "Actual Total Time": 74.074,
                              "Actual Rows": 753988,
                              "Actual Loops": 6
                            },
                            {
                              "Node Type": "Hash",
                              "Parent Relationship": "Inner",
                              "Parallel Aware": true,
                              "Startup Cost": 45479.59,
                              "Total Cost": 45479.59,
                              "Plan Rows": 69600,
                              "Plan Width": 4,
                              "Actual Startup Time": 126.073,
                              "Actual Total Time": 126.074,
                              "Actual Rows": 63716,
                              "Actual Loops": 6,
                              "Hash Buckets": 524288,
                              "Original Hash Buckets": 524288,
                              "Hash Batches": 1,
                              "Original Hash Batches": 1,
                              "Peak Memory Usage": 19136,
                              "Plans": [
                                {
                                  "Node Type": "Seq Scan",
                                  "Parent Relationship": "Outer",
                                  "Parallel Aware": true,
                                  "Relation Name": "title",
                                  "Alias": "t",
                                  "Startup Cost": 0.0,
                                  "Total Cost": 45479.59,
                                  "Plan Rows": 69600,
                                  "Plan Width": 4,
                                  "Actual Startup Time": 58.955,
                                  "Actual Total Time": 93.39,
                                  "Actual Rows": 63716,
                                  "Actual Loops": 6,
                                  "Filter": "((production_year < 2001) AND (kind_id = 1))",
                                  "Rows Removed by Filter": 357669
                                }
                              ]
                            }
                          ]
                        }
                      ]
                    }
                  ]
                }
              ]
            }
          ]
        }
      ]
    },
    "Planning Time": 1.351,
    "Triggers": [],
    "Execution Time": 3535.782
  }
]