{
  "Plan": {
    "Node Type": "Aggregate",
    "Strategy": "Plain",
    "Partial Mode": "Finalize",
    "Parallel Aware": false,
    "Startup Cost": 248730.5,
    "Total Cost": 248730.51,
    "Plan Rows": 1,
    "Plan Width": 8,
    "Actual Startup Time": 148.762,
    "Actual Total Time": 160.44,
    "Actual Rows": 1,
    "Actual Loops": 1,
    "Plans": [
      {
        "Node Type": "Gather",
        "Parent Relationship": "Outer",
        "Parallel Aware": false,
        "Startup Cost": 248730.39,
        "Total Cost": 248730.5,
        "Plan Rows": 1,
        "Plan Width": 8,
        "Actual Startup Time": 148.653,
        "Actual Total Time": 160.432,
        "Actual Rows": 2,
        "Actual Loops": 1,
        "Workers Planned": 1,
        "Workers Launched": 1,
        "Single Copy": false,
        "Plans": [
          {
            "Node Type": "Aggregate",
            "Strategy": "Plain",
            "Partial Mode": "Partial",
            "Parent Relationship": "Outer",
            "Parallel Aware": false,
            "Startup Cost": 247730.39,
            "Total Cost": 247730.4,
            "Plan Rows": 1,
            "Plan Width": 8,
            "Actual Startup Time": 142.733,
            "Actual Total Time": 142.734,
            "Actual Rows": 1,
            "Actual Loops": 2,
            "Plans": [
              {
                "Node Type": "Nested Loop",
                "Parent Relationship": "Outer",
                "Parallel Aware": false,
                "Join Type": "Inner",
                "Startup Cost": 0.56,
                "Total Cost": 247678.57,
                "Plan Rows": 20726,
                "Plan Width": 0,
                "Actual Startup Time": 2.35,
                "Actual Total Time": 142.47,
                "Actual Rows": 3196,
                "Actual Loops": 2,
                "Inner Unique": false,
                "Plans": [
                  {
                    "Node Type": "Seq Scan",
                    "Parent Relationship": "Outer",
                    "Parallel Aware": true,
                    "Relation Name": "title",
                    "Alias": "t",
                    "Startup Cost": 0.0,
                    "Total Cost": 58306.47,
                    "Plan Rows": 1446,
                    "Plan Width": 4,
                    "Actual Startup Time": 2.172,
                    "Actual Total Time": 130.944,
                    "Actual Rows": 598,
                    "Actual Loops": 2,
                    "Filter": "((kind_id = 7) AND (production_year = 1949))",
                    "Rows Removed by Filter": 1263558
                  },
                  {
                    "Node Type": "Index Only Scan",
                    "Parent Relationship": "Inner",
                    "Parallel Aware": false,
                    "Scan Direction": "Forward",
                    "Index Name": "movie_id_cast_info",
                    "Relation Name": "cast_info",
                    "Alias": "ci",
                    "Startup Cost": 0.56,
                    "Total Cost": 130.59,
                    "Plan Rows": 37,
                    "Plan Width": 4,
                    "Actual Startup Time": 0.007,
                    "Actual Total Time": 0.018,
                    "Actual Rows": 5,
                    "Actual Loops": 1196,
                    "Index Cond": "(movie_id = t.id)",
                    "Rows Removed by Index Recheck": 0,
                    "Heap Fetches": 6392
                  }
                ]
              }
            ]
          }
        ]
      }
    ]
  },
  "Planning Time": 0.483,
  "Triggers": [],
  "Execution Time": 160.537
}