[
    {
        "Bao": {
            "Bao prediction": "NaN",
            "Bao recommended hint": "(no hint)"
        }
    },
    {
        "Plan": {
            "Node Type": "Aggregate",
            "Strategy": "Plain",
            "Partial Mode": "Simple",
            "Parallel Aware": false,
            "Startup Cost": 20690.02,
            "Total Cost": 20690.03,
            "Plan Rows": 1,
            "Plan Width": 8,
            "Actual Startup Time": 15.794,
            "Actual Total Time": 15.796,
            "Actual Rows": 1,
            "Actual Loops": 1,
            "Output": [
                "count(*)"
            ],
            "Plans": [
                {
                    "Node Type": "Bitmap Heap Scan",
                    "Parent Relationship": "Outer",
                    "Parallel Aware": false,
                    "Relation Name": "movie_companies",
                    "Schema": "public",
                    "Alias": "mc",
                    "Startup Cost": 661.27,
                    "Total Cost": 20651.11,
                    "Plan Rows": 15564,
                    "Plan Width": 0,
                    "Actual Startup Time": 2.389,
                    "Actual Total Time": 13.424,
                    "Actual Rows": 32157,
                    "Actual Loops": 1,
                    "Recheck Cond": "(mc.company_id > 205901)",
                    "Rows Removed by Index Recheck": 0,
                    "Filter": "(mc.company_type_id > 1)",
                    "Rows Removed by Filter": 0,
                    "Exact Heap Blocks": 1297,
                    "Lossy Heap Blocks": 0,
                    "Plans": [
                        {
                            "Node Type": "Bitmap Index Scan",
                            "Parent Relationship": "Outer",
                            "Parallel Aware": false,
                            "Index Name": "company_id_movie_companies",
                            "Startup Cost": 0.0,
                            "Total Cost": 657.38,
                            "Plan Rows": 30527,
                            "Plan Width": 0,
                            "Actual Startup Time": 2.185,
                            "Actual Total Time": 2.186,
                            "Actual Rows": 32157,
                            "Actual Loops": 1,
                            "Index Cond": "(mc.company_id > 205901)"
                        }
                    ]
                }
            ]
        },
        "Planning Time": 287.835,
        "Triggers": [],
        "Execution Time": 15.889
    }
]