[
  {
    "Plan": {
      "Node Type": "Aggregate",
      "Strategy": "Plain",
      "Partial Mode": "Finalize",
      "Parallel Aware": false,
      "Startup Cost": 33483.34,
      "Total Cost": 33483.35,
      "Plan Rows": 1,
      "Plan Width": 8,
      "Actual Startup Time": 110.098,
      "Actual Total Time": 118.264,
      "Actual Rows": 1,
      "Actual Loops": 1,
      "Plans": [
        {
          "Node Type": "Gather",
          "Parent Relationship": "Outer",
          "Parallel Aware": false,
          "Startup Cost": 33483.03,
          "Total Cost": 33483.34,
          "Plan Rows": 3,
          "Plan Width": 8,
          "Actual Startup Time": 110.005,
          "Actual Total Time": 118.257,
          "Actual Rows": 4,
          "Actual Loops": 1,
          "Workers Planned": 3,
          "Workers Launched": 3,
          "Single Copy": false,
          "Plans": [
            {
              "Node Type": "Aggregate",
              "Strategy": "Plain",
              "Partial Mode": "Partial",
              "Parent Relationship": "Outer",
              "Parallel Aware": false,
              "Startup Cost": 32483.03,
              "Total Cost": 32483.04,
              "Plan Rows": 1,
              "Plan Width": 8,
              "Actual Startup Time": 102.503,
              "Actual Total Time": 102.504,
              "Actual Rows": 1,
              "Actual Loops": 4,
              "Plans": [
                {
                  "Node Type": "Seq Scan",
                  "Parent Relationship": "Outer",
                  "Parallel Aware": true,
                  "Relation Name": "movie_companies",
                  "Alias": "mc",
                  "Startup Cost": 0.0,
                  "Total Cost": 31414.82,
                  "Plan Rows": 427283,
                  "Plan Width": 0,
                  "Actual Startup Time": 50.769,
                  "Actual Total Time": 88.973,
                  "Actual Rows": 333671,
                  "Actual Loops": 4,
                  "Filter": "((company_id < 234806) AND (company_type_id > 1))",
                  "Rows Removed by Filter": 318611
                }
              ]
            }
          ]
        }
      ]
    },
    "Planning Time": 0.271,
    "Triggers": [],
    "Execution Time": 118.321
  }
]