[
  {
    "Plan": {
      "Node Type": "Aggregate",
      "Strategy": "Plain",
      "Partial Mode": "Finalize",
      "Parallel Aware": false,
      "Startup Cost": 108844.92,
      "Total Cost": 108844.93,
      "Plan Rows": 1,
      "Plan Width": 8,
      "Actual Startup Time": 291.265,
      "Actual Total Time": 312.461,
      "Actual Rows": 1,
      "Actual Loops": 1,
      "Plans": [
        {
          "Node Type": "Gather",
          "Parent Relationship": "Outer",
          "Parallel Aware": false,
          "Startup Cost": 108844.61,
          "Total Cost": 108844.92,
          "Plan Rows": 3,
          "Plan Width": 8,
          "Actual Startup Time": 290.669,
          "Actual Total Time": 312.452,
          "Actual Rows": 4,
          "Actual Loops": 1,
          "Workers Planned": 3,
          "Workers Launched": 3,
          "Single Copy": false,
          "Plans": [
            {
              "Node Type": "Aggregate",
              "Strategy": "Plain",
              "Partial Mode": "Partial",
              "Parent Relationship": "Outer",
              "Parallel Aware": false,
              "Startup Cost": 107844.61,
              "Total Cost": 107844.62,
              "Plan Rows": 1,
              "Plan Width": 8,
              "Actual Startup Time": 283.755,
              "Actual Total Time": 283.758,
              "Actual Rows": 1,
              "Actual Loops": 4,
              "Plans": [
                {
                  "Node Type": "Nested Loop",
                  "Parent Relationship": "Outer",
                  "Parallel Aware": false,
                  "Join Type": "Inner",
                  "Startup Cost": 44180.41,
                  "Total Cost": 107767.3,
                  "Plan Rows": 30922,
                  "Plan Width": 0,
                  "Actual Startup Time": 123.319,
                  "Actual Total Time": 282.657,
                  "Actual Rows": 19828,
                  "Actual Loops": 4,
                  "Inner Unique": false,
                  "Join Filter": "(t.id = mc.movie_id)",
                  "Rows Removed by Join Filter": 0,
                  "Plans": [
                    {
                      "Node Type": "Hash Join",
                      "Parent Relationship": "Outer",
                      "Parallel Aware": true,
                      "Join Type": "Inner",
                      "Startup Cost": 44179.98,
                      "Total Cost": 89090.06,
                      "Plan Rows": 29965,
                      "Plan Width": 8,
                      "Actual Startup Time": 123.243,
                      "Actual Total Time": 252.046,
                      "Actual Rows": 5918,
                      "Actual Loops": 4,
                      "Inner Unique": true,
                      "Hash Cond": "(mk.movie_id = t.id)",
                      "Plans": [
                        {
                          "Node Type": "Seq Scan",
                          "Parent Relationship": "Outer",
                          "Parallel Aware": true,
                          "Relation Name": "movie_keyword",
                          "Alias": "mk",
                          "Startup Cost": 0.0,
                          "Total Cost": 42695.65,
                          "Plan Rows": 843589,
                          "Plan Width": 4,
                          "Actual Startup Time": 0.209,
                          "Actual Total Time": 108.664,
                          "Actual Rows": 652871,
                          "Actual Loops": 4,
                          "Filter": "(keyword_id > 3287)",
                          "Rows Removed by Filter": 478111
                        },
                        {
                          "Node Type": "Hash",
                          "Parent Relationship": "Inner",
                          "Parallel Aware": true,
                          "Startup Cost": 43899.32,
                          "Total Cost": 43899.32,
                          "Plan Rows": 22453,
                          "Plan Width": 4,
                          "Actual Startup Time": 92.275,
                          "Actual Total Time": 92.276,
                          "Actual Rows": 23225,
                          "Actual Loops": 4,
                          "Hash Buckets": 131072,
                          "Original Hash Buckets": 131072,
                          "Hash Batches": 1,
                          "Original Hash Batches": 1,
                          "Peak Memory Usage": 4736,
                          "Plans": [
                            {
                              "Node Type": "Seq Scan",
                              "Parent Relationship": "Outer",
                              "Parallel Aware": true,
                              "Relation Name": "title",
                              "Alias": "t",
                              "Startup Cost": 0.0,
                              "Total Cost": 43899.32,
                              "Plan Rows": 22453,
                              "Plan Width": 4,
                              "Actual Startup Time": 46.402,
                              "Actual Total Time": 85.024,
                              "Actual Rows": 23225,
                              "Actual Loops": 4,
                              "Filter": "(production_year < 1922)",
                              "Rows Removed by Filter": 608853
                            }
                          ]
                        }
                      ]
                    },
                    {
                      "Node Type": "Index Only Scan",
                      "Parent Relationship": "Inner",
                      "Parallel Aware": false,
                      "Scan Direction": "Forward",
                      "Index Name": "movie_id_movie_companies",
                      "Relation Name": "movie_companies",
                      "Alias": "mc",
                      "Startup Cost": 0.43,
                      "Total Cost": 0.56,
                      "Plan Rows": 5,
                      "Plan Width": 4,
                      "Actual Startup Time": 0.003,
                      "Actual Total Time": 0.005,
                      "Actual Rows": 3,
                      "Actual Loops": 23673,
                      "Index Cond": "(movie_id = mk.movie_id)",
                      "Rows Removed by Index Recheck": 0,
                      "Heap Fetches": 79314
                    }
                  ]
                }
              ]
            }
          ]
        }
      ]
    },
    "Planning Time": 0.423,
    "Triggers": [],
    "Execution Time": 312.503
  }
]