[
    {
        "Bao": {
            "Bao prediction": 693.644,
            "Bao recommended hint": "SET enable_mergejoin TO off; "
        }
    },
    {
        "Plan": {
            "Node Type": "Aggregate",
            "Strategy": "Plain",
            "Partial Mode": "Finalize",
            "Parallel Aware": false,
            "Startup Cost": 85783.67,
            "Total Cost": 85783.68,
            "Plan Rows": 1,
            "Plan Width": 8,
            "Actual Startup Time": 535.67,
            "Actual Total Time": 550.053,
            "Actual Rows": 1,
            "Actual Loops": 1,
            "Output": [
                "count(*)"
            ],
            "Plans": [
                {
                    "Node Type": "Gather",
                    "Parent Relationship": "Outer",
                    "Parallel Aware": false,
                    "Startup Cost": 85783.35,
                    "Total Cost": 85783.66,
                    "Plan Rows": 3,
                    "Plan Width": 8,
                    "Actual Startup Time": 523.653,
                    "Actual Total Time": 550.043,
                    "Actual Rows": 4,
                    "Actual Loops": 1,
                    "Output": [
                        "(PARTIAL count(*))"
                    ],
                    "Workers Planned": 3,
                    "Workers Launched": 3,
                    "Single Copy": false,
                    "Plans": [
                        {
                            "Node Type": "Aggregate",
                            "Strategy": "Plain",
                            "Partial Mode": "Partial",
                            "Parent Relationship": "Outer",
                            "Parallel Aware": false,
                            "Startup Cost": 84783.35,
                            "Total Cost": 84783.36,
                            "Plan Rows": 1,
                            "Plan Width": 8,
                            "Actual Startup Time": 506.139,
                            "Actual Total Time": 506.145,
                            "Actual Rows": 1,
                            "Actual Loops": 4,
                            "Output": [
                                "PARTIAL count(*)"
                            ],
                            "Workers": [
                                {
                                    "Worker Number": 0,
                                    "Actual Startup Time": 499.928,
                                    "Actual Total Time": 499.931,
                                    "Actual Rows": 1,
                                    "Actual Loops": 1
                                },
                                {
                                    "Worker Number": 1,
                                    "Actual Startup Time": 499.849,
                                    "Actual Total Time": 499.853,
                                    "Actual Rows": 1,
                                    "Actual Loops": 1
                                },
                                {
                                    "Worker Number": 2,
                                    "Actual Startup Time": 501.829,
                                    "Actual Total Time": 501.832,
                                    "Actual Rows": 1,
                                    "Actual Loops": 1
                                }
                            ],
                            "Plans": [
                                {
                                    "Node Type": "Hash Join",
                                    "Parent Relationship": "Outer",
                                    "Parallel Aware": true,
                                    "Join Type": "Inner",
                                    "Startup Cost": 58350.89,
                                    "Total Cost": 84532.55,
                                    "Plan Rows": 100320,
                                    "Plan Width": 0,
                                    "Actual Startup Time": 409.037,
                                    "Actual Total Time": 499.905,
                                    "Actual Rows": 83562,
                                    "Actual Loops": 4,
                                    "Inner Unique": true,
                                    "Hash Cond": "(mk.movie_id = t.id)",
                                    "Workers": [
                                        {
                                            "Worker Number": 0,
                                            "Actual Startup Time": 403.403,
                                            "Actual Total Time": 493.64,
                                            "Actual Rows": 71164,
                                            "Actual Loops": 1
                                        },
                                        {
                                            "Worker Number": 1,
                                            "Actual Startup Time": 403.092,
                                            "Actual Total Time": 494.012,
                                            "Actual Rows": 77885,
                                            "Actual Loops": 1
                                        },
                                        {
                                            "Worker Number": 2,
                                            "Actual Startup Time": 403.358,
                                            "Actual Total Time": 495.596,
                                            "Actual Rows": 70811,
                                            "Actual Loops": 1
                                        }
                                    ],
                                    "Plans": [
                                        {
                                            "Node Type": "Bitmap Heap Scan",
                                            "Parent Relationship": "Outer",
                                            "Parallel Aware": true,
                                            "Relation Name": "movie_keyword",
                                            "Schema": "public",
                                            "Alias": "mk",
                                            "Startup Cost": 7512.71,
                                            "Total Cost": 33394.53,
                                            "Plan Rows": 114226,
                                            "Plan Width": 4,
                                            "Actual Startup Time": 46.002,
                                            "Actual Total Time": 99.439,
                                            "Actual Rows": 87808,
                                            "Actual Loops": 4,
                                            "Output": [
                                                "mk.id",
                                                "mk.movie_id",
                                                "mk.keyword_id"
                                            ],
                                            "Recheck Cond": "(mk.keyword_id > 47402)",
                                            "Rows Removed by Index Recheck": 0,
                                            "Exact Heap Blocks": 7635,
                                            "Lossy Heap Blocks": 0,
                                            "Workers": [
                                                {
                                                    "Worker Number": 0,
                                                    "Actual Startup Time": 46.096,
                                                    "Actual Total Time": 100.98,
                                                    "Actual Rows": 74819,
                                                    "Actual Loops": 1
                                                },
                                                {
                                                    "Worker Number": 1,
                                                    "Actual Startup Time": 45.889,
                                                    "Actual Total Time": 102.806,
                                                    "Actual Rows": 82220,
                                                    "Actual Loops": 1
                                                },
                                                {
                                                    "Worker Number": 2,
                                                    "Actual Startup Time": 46.053,
                                                    "Actual Total Time": 100.946,
                                                    "Actual Rows": 74503,
                                                    "Actual Loops": 1
                                                }
                                            ],
                                            "Plans": [
                                                {
                                                    "Node Type": "Bitmap Index Scan",
                                                    "Parent Relationship": "Outer",
                                                    "Parallel Aware": false,
                                                    "Index Name": "keyword_id_movie_keyword",
                                                    "Startup Cost": 0.0,
                                                    "Total Cost": 7424.18,
                                                    "Plan Rows": 354100,
                                                    "Plan Width": 0,
                                                    "Actual Startup Time": 40.695,
                                                    "Actual Total Time": 40.695,
                                                    "Actual Rows": 351230,
                                                    "Actual Loops": 1,
                                                    "Index Cond": "(mk.keyword_id > 47402)",
                                                    "Workers": [
                                                        {
                                                            "Worker Number": 1,
                                                            "Actual Startup Time": 40.695,
                                                            "Actual Total Time": 40.695,
                                                            "Actual Rows": 351230,
                                                            "Actual Loops": 1
                                                        }
                                                    ]
                                                }
                                            ]
                                        },
                                        {
                                            "Node Type": "Hash",
                                            "Parent Relationship": "Inner",
                                            "Parallel Aware": true,
                                            "Startup Cost": 43899.01,
                                            "Total Cost": 43899.01,
                                            "Plan Rows": 555134,
                                            "Plan Width": 4,
                                            "Actual Startup Time": 351.813,
                                            "Actual Total Time": 351.814,
                                            "Actual Rows": 556142,
                                            "Actual Loops": 4,
                                            "Output": [
                                                "t.id"
                                            ],
                                            "Hash Buckets": 4194304,
                                            "Original Hash Buckets": 4194304,
                                            "Hash Batches": 1,
                                            "Original Hash Batches": 1,
                                            "Peak Memory Usage": 119840,
                                            "Workers": [
                                                {
                                                    "Worker Number": 0,
                                                    "Actual Startup Time": 356.85,
                                                    "Actual Total Time": 356.851,
                                                    "Actual Rows": 486283,
                                                    "Actual Loops": 1
                                                },
                                                {
                                                    "Worker Number": 1,
                                                    "Actual Startup Time": 356.814,
                                                    "Actual Total Time": 356.815,
                                                    "Actual Rows": 461906,
                                                    "Actual Loops": 1
                                                },
                                                {
                                                    "Worker Number": 2,
                                                    "Actual Startup Time": 356.869,
                                                    "Actual Total Time": 356.87,
                                                    "Actual Rows": 491440,
                                                    "Actual Loops": 1
                                                }
                                            ],
                                            "Plans": [
                                                {
                                                    "Node Type": "Seq Scan",
                                                    "Parent Relationship": "Outer",
                                                    "Parallel Aware": true,
                                                    "Relation Name": "title",
                                                    "Schema": "public",
                                                    "Alias": "t",
                                                    "Startup Cost": 0.0,
                                                    "Total Cost": 43899.01,
                                                    "Plan Rows": 555134,
                                                    "Plan Width": 4,
                                                    "Actual Startup Time": 0.043,
                                                    "Actual Total Time": 128.088,
                                                    "Actual Rows": 556142,
                                                    "Actual Loops": 4,
                                                    "Output": [
                                                        "t.id"
                                                    ],
                                                    "Filter": "(t.production_year < 2012)",
                                                    "Rows Removed by Filter": 75936,
                                                    "Workers": [
                                                        {
                                                            "Worker Number": 0,
                                                            "Actual Startup Time": 0.028,
                                                            "Actual Total Time": 133.605,
                                                            "Actual Rows": 486283,
                                                            "Actual Loops": 1
                                                        },
                                                        {
                                                            "Worker Number": 1,
                                                            "Actual Startup Time": 0.069,
                                                            "Actual Total Time": 131.988,
                                                            "Actual Rows": 461906,
                                                            "Actual Loops": 1
                                                        },
                                                        {
                                                            "Worker Number": 2,
                                                            "Actual Startup Time": 0.063,
                                                            "Actual Total Time": 134.175,
                                                            "Actual Rows": 491440,
                                                            "Actual Loops": 1
                                                        }
                                                    ]
                                                }
                                            ]
                                        }
                                    ]
                                }
                            ]
                        }
                    ]
                }
            ]
        },
        "Planning Time": 1127.11,
        "Triggers": [],
        "Execution Time": 550.187
    }
]