[
  {
    "Plan": {
      "Node Type": "Aggregate",
      "Strategy": "Plain",
      "Partial Mode": "Finalize",
      "Parallel Aware": false,
      "Startup Cost": 338787.77,
      "Total Cost": 338787.78,
      "Plan Rows": 1,
      "Plan Width": 8,
      "Actual Startup Time": 795.641,
      "Actual Total Time": 839.416,
      "Actual Rows": 1,
      "Actual Loops": 1,
      "Plans": [
        {
          "Node Type": "Gather",
          "Parent Relationship": "Outer",
          "Parallel Aware": false,
          "Startup Cost": 338787.15,
          "Total Cost": 338787.76,
          "Plan Rows": 6,
          "Plan Width": 8,
          "Actual Startup Time": 795.432,
          "Actual Total Time": 839.403,
          "Actual Rows": 7,
          "Actual Loops": 1,
          "Workers Planned": 6,
          "Workers Launched": 6,
          "Single Copy": false,
          "Plans": [
            {
              "Node Type": "Aggregate",
              "Strategy": "Plain",
              "Partial Mode": "Partial",
              "Parent Relationship": "Outer",
              "Parallel Aware": false,
              "Startup Cost": 337787.15,
              "Total Cost": 337787.16,
              "Plan Rows": 1,
              "Plan Width": 8,
              "Actual Startup Time": 788.78,
              "Actual Total Time": 788.782,
              "Actual Rows": 1,
              "Actual Loops": 7,
              "Plans": [
                {
                  "Node Type": "Seq Scan",
                  "Parent Relationship": "Outer",
                  "Parallel Aware": true,
                  "Relation Name": "cast_info",
                  "Alias": "ci",
                  "Startup Cost": 0.0,
                  "Total Cost": 328211.39,
                  "Plan Rows": 3830303,
                  "Plan Width": 0,
                  "Actual Startup Time": 153.36,
                  "Actual Total Time": 626.315,
                  "Actual Rows": 3266748,
                  "Actual Loops": 7,
                  "Filter": "(person_id > 1319390)",
                  "Rows Removed by Filter": 1911015
                }
              ]
            }
          ]
        }
      ]
    },
    "Planning Time": 0.075,
    "Triggers": [],
    "Execution Time": 839.456
  }
]