[
    {
        "Bao": {
            "Bao prediction": "NaN",
            "Bao recommended hint": "(no hint)"
        }
    },
    {
        "Plan": {
            "Node Type": "Aggregate",
            "Strategy": "Plain",
            "Partial Mode": "Finalize",
            "Parallel Aware": false,
            "Startup Cost": 32701.58,
            "Total Cost": 32701.59,
            "Plan Rows": 1,
            "Plan Width": 8,
            "Actual Startup Time": 85.444,
            "Actual Total Time": 91.307,
            "Actual Rows": 1,
            "Actual Loops": 1,
            "Output": [
                "count(*)"
            ],
            "Plans": [
                {
                    "Node Type": "Gather",
                    "Parent Relationship": "Outer",
                    "Parallel Aware": false,
                    "Startup Cost": 32701.26,
                    "Total Cost": 32701.57,
                    "Plan Rows": 3,
                    "Plan Width": 8,
                    "Actual Startup Time": 85.305,
                    "Actual Total Time": 91.299,
                    "Actual Rows": 4,
                    "Actual Loops": 1,
                    "Output": [
                        "(PARTIAL count(*))"
                    ],
                    "Workers Planned": 3,
                    "Workers Launched": 3,
                    "Single Copy": false,
                    "Plans": [
                        {
                            "Node Type": "Aggregate",
                            "Strategy": "Plain",
                            "Partial Mode": "Partial",
                            "Parent Relationship": "Outer",
                            "Parallel Aware": false,
                            "Startup Cost": 31701.26,
                            "Total Cost": 31701.27,
                            "Plan Rows": 1,
                            "Plan Width": 8,
                            "Actual Startup Time": 76.949,
                            "Actual Total Time": 76.95,
                            "Actual Rows": 1,
                            "Actual Loops": 4,
                            "Output": [
                                "PARTIAL count(*)"
                            ],
                            "Workers": [
                                {
                                    "Worker Number": 0,
                                    "Actual Startup Time": 74.215,
                                    "Actual Total Time": 74.217,
                                    "Actual Rows": 1,
                                    "Actual Loops": 1
                                },
                                {
                                    "Worker Number": 1,
                                    "Actual Startup Time": 74.342,
                                    "Actual Total Time": 74.344,
                                    "Actual Rows": 1,
                                    "Actual Loops": 1
                                },
                                {
                                    "Worker Number": 2,
                                    "Actual Startup Time": 74.637,
                                    "Actual Total Time": 74.638,
                                    "Actual Rows": 1,
                                    "Actual Loops": 1
                                }
                            ],
                            "Plans": [
                                {
                                    "Node Type": "Seq Scan",
                                    "Parent Relationship": "Outer",
                                    "Parallel Aware": true,
                                    "Relation Name": "movie_companies",
                                    "Schema": "public",
                                    "Alias": "mc",
                                    "Startup Cost": 0.0,
                                    "Total Cost": 31414.82,
                                    "Plan Rows": 114576,
                                    "Plan Width": 0,
                                    "Actual Startup Time": 32.396,
                                    "Actual Total Time": 76.347,
                                    "Actual Rows": 10409,
                                    "Actual Loops": 4,
                                    "Output": [
                                        "id",
                                        "movie_id",
                                        "company_id",
                                        "company_type_id",
                                        "note"
                                    ],
                                    "Filter": "((mc.company_id > 41527) AND (mc.company_type_id = 1))",
                                    "Rows Removed by Filter": 641873,
                                    "Workers": [
                                        {
                                            "Worker Number": 0,
                                            "Actual Startup Time": 29.657,
                                            "Actual Total Time": 73.665,
                                            "Actual Rows": 10083,
                                            "Actual Loops": 1
                                        },
                                        {
                                            "Worker Number": 1,
                                            "Actual Startup Time": 29.792,
                                            "Actual Total Time": 73.793,
                                            "Actual Rows": 9815,
                                            "Actual Loops": 1
                                        },
                                        {
                                            "Worker Number": 2,
                                            "Actual Startup Time": 30.091,
                                            "Actual Total Time": 74.055,
                                            "Actual Rows": 7288,
                                            "Actual Loops": 1
                                        }
                                    ]
                                }
                            ]
                        }
                    ]
                }
            ]
        },
        "Planning Time": 183.928,
        "Triggers": [],
        "Execution Time": 91.434
    }
]