[
  {
    "Plan": {
      "Node Type": "Aggregate",
      "Strategy": "Plain",
      "Partial Mode": "Finalize",
      "Parallel Aware": false,
      "Startup Cost": 33000.72,
      "Total Cost": 33000.73,
      "Plan Rows": 1,
      "Plan Width": 8,
      "Actual Startup Time": 78.718,
      "Actual Total Time": 85.979,
      "Actual Rows": 1,
      "Actual Loops": 1,
      "Plans": [
        {
          "Node Type": "Gather",
          "Parent Relationship": "Outer",
          "Parallel Aware": false,
          "Startup Cost": 33000.4,
          "Total Cost": 33000.71,
          "Plan Rows": 3,
          "Plan Width": 8,
          "Actual Startup Time": 78.574,
          "Actual Total Time": 85.967,
          "Actual Rows": 4,
          "Actual Loops": 1,
          "Workers Planned": 3,
          "Workers Launched": 3,
          "Single Copy": false,
          "Plans": [
            {
              "Node Type": "Aggregate",
              "Strategy": "Plain",
              "Partial Mode": "Partial",
              "Parent Relationship": "Outer",
              "Parallel Aware": false,
              "Startup Cost": 32000.4,
              "Total Cost": 32000.41,
              "Plan Rows": 1,
              "Plan Width": 8,
              "Actual Startup Time": 73.585,
              "Actual Total Time": 73.586,
              "Actual Rows": 1,
              "Actual Loops": 4,
              "Plans": [
                {
                  "Node Type": "Seq Scan",
                  "Parent Relationship": "Outer",
                  "Parallel Aware": true,
                  "Relation Name": "movie_companies",
                  "Alias": "mc",
                  "Startup Cost": 0.0,
                  "Total Cost": 31414.82,
                  "Plan Rows": 234232,
                  "Plan Width": 0,
                  "Actual Startup Time": 6.655,
                  "Actual Total Time": 67.557,
                  "Actual Rows": 127460,
                  "Actual Loops": 4,
                  "Filter": "((company_id > 8254) AND (company_type_id = 1))",
                  "Rows Removed by Filter": 524822
                }
              ]
            }
          ]
        }
      ]
    },
    "Planning Time": 0.102,
    "Triggers": [],
    "Execution Time": 86.007
  }
]