{
  "Plan": {
    "Node Type": "Aggregate",
    "Strategy": "Plain",
    "Partial Mode": "Finalize",
    "Parallel Aware": false,
    "Startup Cost": 108608.25,
    "Total Cost": 108608.26,
    "Plan Rows": 1,
    "Plan Width": 8,
    "Actual Startup Time": 423.573,
    "Actual Total Time": 442.305,
    "Actual Rows": 1,
    "Actual Loops": 1,
    "Plans": [
      {
        "Node Type": "Gather",
        "Parent Relationship": "Outer",
        "Parallel Aware": false,
        "Startup Cost": 108608.14,
        "Total Cost": 108608.25,
        "Plan Rows": 1,
        "Plan Width": 8,
        "Actual Startup Time": 422.752,
        "Actual Total Time": 442.298,
        "Actual Rows": 2,
        "Actual Loops": 1,
        "Workers Planned": 1,
        "Workers Launched": 1,
        "Single Copy": false,
        "Plans": [
          {
            "Node Type": "Aggregate",
            "Strategy": "Plain",
            "Partial Mode": "Partial",
            "Parent Relationship": "Outer",
            "Parallel Aware": false,
            "Startup Cost": 107608.14,
            "Total Cost": 107608.15,
            "Plan Rows": 1,
            "Plan Width": 8,
            "Actual Startup Time": 417.108,
            "Actual Total Time": 417.111,
            "Actual Rows": 1,
            "Actual Loops": 2,
            "Plans": [
              {
                "Node Type": "Hash Join",
                "Parent Relationship": "Outer",
                "Parallel Aware": true,
                "Join Type": "Inner",
                "Startup Cost": 45059.56,
                "Total Cost": 107367.97,
                "Plan Rows": 96069,
                "Plan Width": 0,
                "Actual Startup Time": 165.904,
                "Actual Total Time": 415.246,
                "Actual Rows": 29954,
                "Actual Loops": 2,
                "Inner Unique": false,
                "Hash Cond": "(t.id = mc.movie_id)",
                "Plans": [
                  {
                    "Node Type": "Seq Scan",
                    "Parent Relationship": "Outer",
                    "Parallel Aware": true,
                    "Relation Name": "title",
                    "Alias": "t",
                    "Startup Cost": 0.0,
                    "Total Cost": 58306.47,
                    "Plan Rows": 549892,
                    "Plan Width": 4,
                    "Actual Startup Time": 0.012,
                    "Actual Total Time": 163.747,
                    "Actual Rows": 512103,
                    "Actual Loops": 2,
                    "Filter": "((production_year > 1997) AND (kind_id = 7))",
                    "Rows Removed by Filter": 752053
                  },
                  {
                    "Node Type": "Hash",
                    "Parent Relationship": "Inner",
                    "Parallel Aware": true,
                    "Startup Cost": 41811.73,
                    "Total Cost": 41811.73,
                    "Plan Rows": 259827,
                    "Plan Width": 4,
                    "Actual Startup Time": 160.915,
                    "Actual Total Time": 160.916,
                    "Actual Rows": 126480,
                    "Actual Loops": 2,
                    "Hash Buckets": 524288,
                    "Original Hash Buckets": 524288,
                    "Hash Batches": 1,
                    "Original Hash Batches": 1,
                    "Peak Memory Usage": 14016,
                    "Plans": [
                      {
                        "Node Type": "Seq Scan",
                        "Parent Relationship": "Outer",
                        "Parallel Aware": true,
                        "Relation Name": "movie_companies",
                        "Alias": "mc",
                        "Startup Cost": 0.0,
                        "Total Cost": 41811.73,
                        "Plan Rows": 259827,
                        "Plan Width": 4,
                        "Actual Startup Time": 68.415,
                        "Actual Total Time": 130.614,
                        "Actual Rows": 126480,
                        "Actual Loops": 2,
                        "Filter": "((company_id < 2561) AND (company_type_id > 1))",
                        "Rows Removed by Filter": 1178084
                      }
                    ]
                  }
                ]
              }
            ]
          }
        ]
      }
    ]
  },
  "Planning Time": 0.629,
  "Triggers": [],
  "Execution Time": 442.399
}