{
  "Plan": {
    "Node Type": "Aggregate",
    "Strategy": "Plain",
    "Partial Mode": "Finalize",
    "Parallel Aware": false,
    "Startup Cost": 634771.08,
    "Total Cost": 634771.09,
    "Plan Rows": 1,
    "Plan Width": 8,
    "Actual Startup Time": 3966.715,
    "Actual Total Time": 4023.377,
    "Actual Rows": 1,
    "Actual Loops": 1,
    "Plans": [
      {
        "Node Type": "Gather",
        "Parent Relationship": "Outer",
        "Parallel Aware": false,
        "Startup Cost": 634770.96,
        "Total Cost": 634771.07,
        "Plan Rows": 1,
        "Plan Width": 8,
        "Actual Startup Time": 3964.593,
        "Actual Total Time": 4023.369,
        "Actual Rows": 2,
        "Actual Loops": 1,
        "Workers Planned": 1,
        "Workers Launched": 1,
        "Single Copy": false,
        "Plans": [
          {
            "Node Type": "Aggregate",
            "Strategy": "Plain",
            "Partial Mode": "Partial",
            "Parent Relationship": "Outer",
            "Parallel Aware": false,
            "Startup Cost": 633770.96,
            "Total Cost": 633770.97,
            "Plan Rows": 1,
            "Plan Width": 8,
            "Actual Startup Time": 3957.513,
            "Actual Total Time": 3957.518,
            "Actual Rows": 1,
            "Actual Loops": 2,
            "Plans": [
              {
                "Node Type": "Hash Join",
                "Parent Relationship": "Outer",
                "Parallel Aware": true,
                "Join Type": "Inner",
                "Startup Cost": 104740.66,
                "Total Cost": 632986.8,
                "Plan Rows": 313666,
                "Plan Width": 0,
                "Actual Startup Time": 396.975,
                "Actual Total Time": 3947.009,
                "Actual Rows": 213317,
                "Actual Loops": 2,
                "Inner Unique": false,
                "Hash Cond": "(t.id = mc.movie_id)",
                "Plans": [
                  {
                    "Node Type": "Hash Join",
                    "Parent Relationship": "Outer",
                    "Parallel Aware": true,
                    "Join Type": "Inner",
                    "Startup Cost": 58957.97,
                    "Total Cost": 580691.32,
                    "Plan Rows": 746829,
                    "Plan Width": 8,
                    "Actual Startup Time": 133.31,
                    "Actual Total Time": 3449.334,
                    "Actual Rows": 766196,
                    "Actual Loops": 2,
                    "Inner Unique": true,
                    "Hash Cond": "(ci.movie_id = t.id)",
                    "Plans": [
                      {
                        "Node Type": "Seq Scan",
                        "Parent Relationship": "Outer",
                        "Parallel Aware": true,
                        "Relation Name": "cast_info",
                        "Alias": "ci",
                        "Startup Cost": 0.0,
                        "Total Cost": 465792.95,
                        "Plan Rows": 21310595,
                        "Plan Width": 4,
                        "Actual Startup Time": 0.011,
                        "Actual Total Time": 1257.606,
                        "Actual Rows": 18122172,
                        "Actual Loops": 2
                      },
                      {
                        "Node Type": "Hash",
                        "Parent Relationship": "Inner",
                        "Parallel Aware": true,
                        "Startup Cost": 58306.47,
                        "Total Cost": 58306.47,
                        "Plan Rows": 52120,
                        "Plan Width": 4,
                        "Actual Startup Time": 131.728,
                        "Actual Total Time": 131.728,
                        "Actual Rows": 46534,
                        "Actual Loops": 2,
                        "Hash Buckets": 131072,
                        "Original Hash Buckets": 131072,
                        "Hash Batches": 1,
                        "Original Hash Batches": 1,
                        "Peak Memory Usage": 4704,
                        "Plans": [
                          {
                            "Node Type": "Seq Scan",
                            "Parent Relationship": "Outer",
                            "Parallel Aware": true,
                            "Relation Name": "title",
                            "Alias": "t",
                            "Startup Cost": 0.0,
                            "Total Cost": 58306.47,
                            "Plan Rows": 52120,
                            "Plan Width": 4,
                            "Actual Startup Time": 0.014,
                            "Actual Total Time": 120.161,
                            "Actual Rows": 46534,
                            "Actual Loops": 2,
                            "Filter": "((kind_id > 4) AND (production_year = 2010))",
                            "Rows Removed by Filter": 1217622
                          }
                        ]
                      }
                    ]
                  },
                  {
                    "Node Type": "Hash",
                    "Parent Relationship": "Inner",
                    "Parallel Aware": true,
                    "Startup Cost": 37974.77,
                    "Total Cost": 37974.77,
                    "Plan Rows": 624634,
                    "Plan Width": 4,
                    "Actual Startup Time": 250.638,
                    "Actual Total Time": 250.639,
                    "Actual Rows": 535454,
                    "Actual Loops": 2,
                    "Hash Buckets": 2097152,
                    "Original Hash Buckets": 2097152,
                    "Hash Batches": 1,
                    "Original Hash Batches": 1,
                    "Peak Memory Usage": 58304,
                    "Plans": [
                      {
                        "Node Type": "Seq Scan",
                        "Parent Relationship": "Outer",
                        "Parallel Aware": true,
                        "Relation Name": "movie_companies",
                        "Alias": "mc",
                        "Startup Cost": 0.0,
                        "Total Cost": 37974.77,
                        "Plan Rows": 624634,
                        "Plan Width": 4,
                        "Actual Startup Time": 23.25,
                        "Actual Total Time": 126.026,
                        "Actual Rows": 535454,
                        "Actual Loops": 2,
                        "Filter": "(company_id > 14490)",
                        "Rows Removed by Filter": 769110
                      }
                    ]
                  }
                ]
              }
            ]
          }
        ]
      }
    ]
  },
  "Planning Time": 0.601,
  "Triggers": [],
  "Execution Time": 4023.439
}