[
  {
    "Plan": {
      "Node Type": "Aggregate",
      "Strategy": "Plain",
      "Partial Mode": "Finalize",
      "Parallel Aware": false,
      "Startup Cost": 28216.21,
      "Total Cost": 28216.22,
      "Plan Rows": 1,
      "Plan Width": 8,
      "Actual Startup Time": 76.695,
      "Actual Total Time": 80.918,
      "Actual Rows": 1,
      "Actual Loops": 1,
      "Plans": [
        {
          "Node Type": "Gather",
          "Parent Relationship": "Outer",
          "Parallel Aware": false,
          "Startup Cost": 28215.89,
          "Total Cost": 28216.2,
          "Plan Rows": 3,
          "Plan Width": 8,
          "Actual Startup Time": 76.518,
          "Actual Total Time": 80.911,
          "Actual Rows": 4,
          "Actual Loops": 1,
          "Workers Planned": 3,
          "Workers Launched": 3,
          "Single Copy": false,
          "Plans": [
            {
              "Node Type": "Aggregate",
              "Strategy": "Plain",
              "Partial Mode": "Partial",
              "Parent Relationship": "Outer",
              "Parallel Aware": false,
              "Startup Cost": 27215.89,
              "Total Cost": 27215.9,
              "Plan Rows": 1,
              "Plan Width": 8,
              "Actual Startup Time": 67.178,
              "Actual Total Time": 67.179,
              "Actual Rows": 1,
              "Actual Loops": 4,
              "Plans": [
                {
                  "Node Type": "Bitmap Heap Scan",
                  "Parent Relationship": "Outer",
                  "Parallel Aware": true,
                  "Relation Name": "movie_companies",
                  "Alias": "mc",
                  "Startup Cost": 6774.85,
                  "Total Cost": 27086.3,
                  "Plan Rows": 51837,
                  "Plan Width": 0,
                  "Actual Startup Time": 25.931,
                  "Actual Total Time": 61.318,
                  "Actual Rows": 77987,
                  "Actual Loops": 4,
                  "Recheck Cond": "(company_id > 92396)",
                  "Rows Removed by Index Recheck": 0,
                  "Filter": "(company_type_id = 2)",
                  "Rows Removed by Filter": 0,
                  "Exact Heap Blocks": 2478,
                  "Lossy Heap Blocks": 0,
                  "Plans": [
                    {
                      "Node Type": "Bitmap Index Scan",
                      "Parent Relationship": "Outer",
                      "Parallel Aware": false,
                      "Index Name": "company_id_movie_companies",
                      "Startup Cost": 0.0,
                      "Total Cost": 6734.68,
                      "Plan Rows": 314433,
                      "Plan Width": 0,
                      "Actual Startup Time": 33.403,
                      "Actual Total Time": 33.403,
                      "Actual Rows": 311948,
                      "Actual Loops": 1,
                      "Index Cond": "(company_id > 92396)"
                    }
                  ]
                }
              ]
            }
          ]
        }
      ]
    },
    "Planning Time": 0.206,
    "Triggers": [],
    "Execution Time": 80.991
  }
]