[
    {
        "Bao": {
            "Bao prediction": "NaN",
            "Bao recommended hint": "(no hint)"
        }
    },
    {
        "Plan": {
            "Node Type": "Aggregate",
            "Strategy": "Plain",
            "Partial Mode": "Finalize",
            "Parallel Aware": false,
            "Startup Cost": 349625.92,
            "Total Cost": 349625.93,
            "Plan Rows": 1,
            "Plan Width": 8,
            "Actual Startup Time": 784.453,
            "Actual Total Time": 812.955,
            "Actual Rows": 1,
            "Actual Loops": 1,
            "Output": [
                "count(*)"
            ],
            "Plans": [
                {
                    "Node Type": "Gather",
                    "Parent Relationship": "Outer",
                    "Parallel Aware": false,
                    "Startup Cost": 349625.29,
                    "Total Cost": 349625.9,
                    "Plan Rows": 6,
                    "Plan Width": 8,
                    "Actual Startup Time": 784.324,
                    "Actual Total Time": 812.947,
                    "Actual Rows": 7,
                    "Actual Loops": 1,
                    "Output": [
                        "(PARTIAL count(*))"
                    ],
                    "Workers Planned": 6,
                    "Workers Launched": 6,
                    "Single Copy": false,
                    "Plans": [
                        {
                            "Node Type": "Aggregate",
                            "Strategy": "Plain",
                            "Partial Mode": "Partial",
                            "Parent Relationship": "Outer",
                            "Parallel Aware": false,
                            "Startup Cost": 348625.29,
                            "Total Cost": 348625.3,
                            "Plan Rows": 1,
                            "Plan Width": 8,
                            "Actual Startup Time": 774.542,
                            "Actual Total Time": 774.543,
                            "Actual Rows": 1,
                            "Actual Loops": 7,
                            "Output": [
                                "PARTIAL count(*)"
                            ],
                            "Workers": [
                                {
                                    "Worker Number": 0,
                                    "Actual Startup Time": 772.094,
                                    "Actual Total Time": 772.095,
                                    "Actual Rows": 1,
                                    "Actual Loops": 1
                                },
                                {
                                    "Worker Number": 1,
                                    "Actual Startup Time": 772.57,
                                    "Actual Total Time": 772.571,
                                    "Actual Rows": 1,
                                    "Actual Loops": 1
                                },
                                {
                                    "Worker Number": 2,
                                    "Actual Startup Time": 773.197,
                                    "Actual Total Time": 773.198,
                                    "Actual Rows": 1,
                                    "Actual Loops": 1
                                },
                                {
                                    "Worker Number": 3,
                                    "Actual Startup Time": 772.977,
                                    "Actual Total Time": 772.978,
                                    "Actual Rows": 1,
                                    "Actual Loops": 1
                                },
                                {
                                    "Worker Number": 4,
                                    "Actual Startup Time": 773.427,
                                    "Actual Total Time": 773.428,
                                    "Actual Rows": 1,
                                    "Actual Loops": 1
                                },
                                {
                                    "Worker Number": 5,
                                    "Actual Startup Time": 773.629,
                                    "Actual Total Time": 773.631,
                                    "Actual Rows": 1,
                                    "Actual Loops": 1
                                }
                            ],
                            "Plans": [
                                {
                                    "Node Type": "Seq Scan",
                                    "Parent Relationship": "Outer",
                                    "Parallel Aware": true,
                                    "Relation Name": "cast_info",
                                    "Schema": "public",
                                    "Alias": "ci",
                                    "Startup Cost": 0.0,
                                    "Total Cost": 343318.94,
                                    "Plan Rows": 2122541,
                                    "Plan Width": 0,
                                    "Actual Startup Time": 207.218,
                                    "Actual Total Time": 651.159,
                                    "Actual Rows": 2710510,
                                    "Actual Loops": 7,
                                    "Output": [
                                        "id",
                                        "person_id",
                                        "movie_id",
                                        "person_role_id",
                                        "note",
                                        "nr_order",
                                        "role_id"
                                    ],
                                    "Filter": "((ci.person_id > 1637005) AND (ci.role_id > 1))",
                                    "Rows Removed by Filter": 2467253,
                                    "Workers": [
                                        {
                                            "Worker Number": 0,
                                            "Actual Startup Time": 204.758,
                                            "Actual Total Time": 647.354,
                                            "Actual Rows": 1875002,
                                            "Actual Loops": 1
                                        },
                                        {
                                            "Worker Number": 1,
                                            "Actual Startup Time": 205.258,
                                            "Actual Total Time": 648.009,
                                            "Actual Rows": 1874128,
                                            "Actual Loops": 1
                                        },
                                        {
                                            "Worker Number": 2,
                                            "Actual Startup Time": 205.868,
                                            "Actual Total Time": 655.35,
                                            "Actual Rows": 2887497,
                                            "Actual Loops": 1
                                        },
                                        {
                                            "Worker Number": 3,
                                            "Actual Startup Time": 205.645,
                                            "Actual Total Time": 651.903,
                                            "Actual Rows": 2935340,
                                            "Actual Loops": 1
                                        },
                                        {
                                            "Worker Number": 4,
                                            "Actual Startup Time": 206.103,
                                            "Actual Total Time": 655.432,
                                            "Actual Rows": 2882404,
                                            "Actual Loops": 1
                                        },
                                        {
                                            "Worker Number": 5,
                                            "Actual Startup Time": 206.311,
                                            "Actual Total Time": 652.418,
                                            "Actual Rows": 2935980,
                                            "Actual Loops": 1
                                        }
                                    ]
                                }
                            ]
                        }
                    ]
                }
            ]
        },
        "Planning Time": 181.593,
        "Triggers": [],
        "Execution Time": 813.009
    }
]