[
  {
    "Plan": {
      "Node Type": "Aggregate",
      "Strategy": "Plain",
      "Partial Mode": "Finalize",
      "Parallel Aware": false,
      "Startup Cost": 330697.38,
      "Total Cost": 330697.39,
      "Plan Rows": 1,
      "Plan Width": 8,
      "Actual Startup Time": 600.271,
      "Actual Total Time": 647.94,
      "Actual Rows": 1,
      "Actual Loops": 1,
      "Plans": [
        {
          "Node Type": "Gather",
          "Parent Relationship": "Outer",
          "Parallel Aware": false,
          "Startup Cost": 330696.76,
          "Total Cost": 330697.37,
          "Plan Rows": 6,
          "Plan Width": 8,
          "Actual Startup Time": 600.042,
          "Actual Total Time": 647.926,
          "Actual Rows": 7,
          "Actual Loops": 1,
          "Workers Planned": 6,
          "Workers Launched": 6,
          "Single Copy": false,
          "Plans": [
            {
              "Node Type": "Aggregate",
              "Strategy": "Plain",
              "Partial Mode": "Partial",
              "Parent Relationship": "Outer",
              "Parallel Aware": false,
              "Startup Cost": 329696.76,
              "Total Cost": 329696.77,
              "Plan Rows": 1,
              "Plan Width": 8,
              "Actual Startup Time": 592.544,
              "Actual Total Time": 592.545,
              "Actual Rows": 1,
              "Actual Loops": 7,
              "Plans": [
                {
                  "Node Type": "Seq Scan",
                  "Parent Relationship": "Outer",
                  "Parallel Aware": true,
                  "Relation Name": "cast_info",
                  "Alias": "ci",
                  "Startup Cost": 0.0,
                  "Total Cost": 328211.39,
                  "Plan Rows": 594147,
                  "Plan Width": 0,
                  "Actual Startup Time": 439.926,
                  "Actual Total Time": 566.8,
                  "Actual Rows": 504807,
                  "Actual Loops": 7,
                  "Filter": "(person_id > 3419442)",
                  "Rows Removed by Filter": 4672957
                }
              ]
            }
          ]
        }
      ]
    },
    "Planning Time": 0.104,
    "Triggers": [],
    "Execution Time": 647.985
  }
]