[
  {
    "Plan": {
      "Node Type": "Aggregate",
      "Strategy": "Plain",
      "Partial Mode": "Finalize",
      "Parallel Aware": false,
      "Startup Cost": 81005.8,
      "Total Cost": 81005.81,
      "Plan Rows": 1,
      "Plan Width": 8,
      "Actual Startup Time": 351.581,
      "Actual Total Time": 367.08,
      "Actual Rows": 1,
      "Actual Loops": 1,
      "Plans": [
        {
          "Node Type": "Gather",
          "Parent Relationship": "Outer",
          "Parallel Aware": false,
          "Startup Cost": 81005.48,
          "Total Cost": 81005.79,
          "Plan Rows": 3,
          "Plan Width": 8,
          "Actual Startup Time": 346.647,
          "Actual Total Time": 367.07,
          "Actual Rows": 4,
          "Actual Loops": 1,
          "Workers Planned": 3,
          "Workers Launched": 3,
          "Single Copy": false,
          "Plans": [
            {
              "Node Type": "Aggregate",
              "Strategy": "Plain",
              "Partial Mode": "Partial",
              "Parent Relationship": "Outer",
              "Parallel Aware": false,
              "Startup Cost": 80005.48,
              "Total Cost": 80005.49,
              "Plan Rows": 1,
              "Plan Width": 8,
              "Actual Startup Time": 338.491,
              "Actual Total Time": 338.496,
              "Actual Rows": 1,
              "Actual Loops": 4,
              "Plans": [
                {
                  "Node Type": "Hash Join",
                  "Parent Relationship": "Outer",
                  "Parallel Aware": true,
                  "Join Type": "Inner",
                  "Startup Cost": 54173.14,
                  "Total Cost": 79879.01,
                  "Plan Rows": 50590,
                  "Plan Width": 0,
                  "Actual Startup Time": 273.765,
                  "Actual Total Time": 336.117,
                  "Actual Rows": 45933,
                  "Actual Loops": 4,
                  "Inner Unique": true,
                  "Hash Cond": "(mk.movie_id = t.id)",
                  "Plans": [
                    {
                      "Node Type": "Bitmap Heap Scan",
                      "Parent Relationship": "Outer",
                      "Parallel Aware": true,
                      "Relation Name": "movie_keyword",
                      "Alias": "mk",
                      "Startup Cost": 5444.94,
                      "Total Cost": 30933.54,
                      "Plan Rows": 82768,
                      "Plan Width": 4,
                      "Actual Startup Time": 17.23,
                      "Actual Total Time": 57.538,
                      "Actual Rows": 61608,
                      "Actual Loops": 4,
                      "Recheck Cond": "(keyword_id > 60992)",
                      "Rows Removed by Index Recheck": 0,
                      "Exact Heap Blocks": 6526,
                      "Lossy Heap Blocks": 0,
                      "Plans": [
                        {
                          "Node Type": "Bitmap Index Scan",
                          "Parent Relationship": "Outer",
                          "Parallel Aware": false,
                          "Index Name": "keyword_id_movie_keyword",
                          "Startup Cost": 0.0,
                          "Total Cost": 5380.79,
                          "Plan Rows": 256581,
                          "Plan Width": 0,
                          "Actual Startup Time": 14.037,
                          "Actual Total Time": 14.037,
                          "Actual Rows": 246431,
                          "Actual Loops": 1,
                          "Index Cond": "(keyword_id > 60992)"
                        }
                      ]
                    },
                    {
                      "Node Type": "Hash",
                      "Parent Relationship": "Inner",
                      "Parallel Aware": true,
                      "Startup Cost": 43898.92,
                      "Total Cost": 43898.92,
                      "Plan Rows": 386343,
                      "Plan Width": 4,
                      "Actual Startup Time": 251.096,
                      "Actual Total Time": 251.097,
                      "Actual Rows": 387932,
                      "Actual Loops": 4,
                      "Hash Buckets": 2097152,
                      "Original Hash Buckets": 2097152,
                      "Hash Batches": 1,
                      "Original Hash Batches": 1,
                      "Peak Memory Usage": 77152,
                      "Plans": [
                        {
                          "Node Type": "Seq Scan",
                          "Parent Relationship": "Outer",
                          "Parallel Aware": true,
                          "Relation Name": "title",
                          "Alias": "t",
                          "Startup Cost": 0.0,
                          "Total Cost": 43898.92,
                          "Plan Rows": 386343,
                          "Plan Width": 4,
                          "Actual Startup Time": 0.033,
                          "Actual Total Time": 107.642,
                          "Actual Rows": 387932,
                          "Actual Loops": 4,
                          "Filter": "(production_year < 2007)",
                          "Rows Removed by Filter": 244146
                        }
                      ]
                    }
                  ]
                }
              ]
            }
          ]
        }
      ]
    },
    "Planning Time": 0.418,
    "Triggers": [],
    "Execution Time": 367.151
  }
]