[
  {
    "Plan": {
      "Node Type": "Aggregate",
      "Strategy": "Plain",
      "Partial Mode": "Finalize",
      "Parallel Aware": false,
      "Startup Cost": 29983.44,
      "Total Cost": 29983.45,
      "Plan Rows": 1,
      "Plan Width": 8,
      "Actual Startup Time": 39.77,
      "Actual Total Time": 44.369,
      "Actual Rows": 1,
      "Actual Loops": 1,
      "Plans": [
        {
          "Node Type": "Gather",
          "Parent Relationship": "Outer",
          "Parallel Aware": false,
          "Startup Cost": 29983.23,
          "Total Cost": 29983.44,
          "Plan Rows": 2,
          "Plan Width": 8,
          "Actual Startup Time": 39.621,
          "Actual Total Time": 44.365,
          "Actual Rows": 3,
          "Actual Loops": 1,
          "Workers Planned": 2,
          "Workers Launched": 2,
          "Single Copy": false,
          "Plans": [
            {
              "Node Type": "Aggregate",
              "Strategy": "Plain",
              "Partial Mode": "Partial",
              "Parent Relationship": "Outer",
              "Parallel Aware": false,
              "Startup Cost": 28983.23,
              "Total Cost": 28983.24,
              "Plan Rows": 1,
              "Plan Width": 8,
              "Actual Startup Time": 31.606,
              "Actual Total Time": 31.608,
              "Actual Rows": 1,
              "Actual Loops": 3,
              "Plans": [
                {
                  "Node Type": "Nested Loop",
                  "Parent Relationship": "Outer",
                  "Parallel Aware": false,
                  "Join Type": "Inner",
                  "Startup Cost": 114.2,
                  "Total Cost": 28983.19,
                  "Plan Rows": 15,
                  "Plan Width": 0,
                  "Actual Startup Time": 9.647,
                  "Actual Total Time": 31.587,
                  "Actual Rows": 130,
                  "Actual Loops": 3,
                  "Inner Unique": false,
                  "Plans": [
                    {
                      "Node Type": "Nested Loop",
                      "Parent Relationship": "Outer",
                      "Parallel Aware": false,
                      "Join Type": "Inner",
                      "Startup Cost": 113.77,
                      "Total Cost": 28882.56,
                      "Plan Rows": 15,
                      "Plan Width": 8,
                      "Actual Startup Time": 9.545,
                      "Actual Total Time": 31.074,
                      "Actual Rows": 27,
                      "Actual Loops": 3,
                      "Inner Unique": true,
                      "Plans": [
                        {
                          "Node Type": "Bitmap Heap Scan",
                          "Parent Relationship": "Outer",
                          "Parallel Aware": true,
                          "Relation Name": "movie_keyword",
                          "Alias": "mk",
                          "Startup Cost": 113.34,
                          "Total Cost": 12888.65,
                          "Plan Rows": 2199,
                          "Plan Width": 4,
                          "Actual Startup Time": 1.517,
                          "Actual Total Time": 11.119,
                          "Actual Rows": 2473,
                          "Actual Loops": 3,
                          "Recheck Cond": "(keyword_id = 373)",
                          "Rows Removed by Index Recheck": 0,
                          "Exact Heap Blocks": 4981,
                          "Lossy Heap Blocks": 0,
                          "Plans": [
                            {
                              "Node Type": "Bitmap Index Scan",
                              "Parent Relationship": "Outer",
                              "Parallel Aware": false,
                              "Index Name": "keyword_id_movie_keyword",
                              "Startup Cost": 0.0,
                              "Total Cost": 112.02,
                              "Plan Rows": 5278,
                              "Plan Width": 0,
                              "Actual Startup Time": 2.38,
                              "Actual Total Time": 2.38,
                              "Actual Rows": 7419,
                              "Actual Loops": 1,
                              "Index Cond": "(keyword_id = 373)"
                            }
                          ]
                        },
                        {
                          "Node Type": "Index Scan",
                          "Parent Relationship": "Inner",
                          "Parallel Aware": false,
                          "Scan Direction": "Forward",
                          "Index Name": "title_pkey",
                          "Relation Name": "title",
                          "Alias": "t",
                          "Startup Cost": 0.43,
                          "Total Cost": 7.27,
                          "Plan Rows": 1,
                          "Plan Width": 4,
                          "Actual Startup Time": 0.008,
                          "Actual Total Time": 0.008,
                          "Actual Rows": 0,
                          "Actual Loops": 7419,
                          "Index Cond": "(id = mk.movie_id)",
                          "Rows Removed by Index Recheck": 0,
                          "Filter": "((kind_id = 1) AND (production_year = 2013))",
                          "Rows Removed by Filter": 1
                        }
                      ]
                    },
                    {
                      "Node Type": "Index Only Scan",
                      "Parent Relationship": "Inner",
                      "Parallel Aware": false,
                      "Scan Direction": "Forward",
                      "Index Name": "movie_id_movie_companies",
                      "Relation Name": "movie_companies",
                      "Alias": "mc",
                      "Startup Cost": 0.43,
                      "Total Cost": 6.66,
                      "Plan Rows": 5,
                      "Plan Width": 4,
                      "Actual Startup Time": 0.015,
                      "Actual Total Time": 0.018,
                      "Actual Rows": 5,
                      "Actual Loops": 82,
                      "Index Cond": "(movie_id = t.id)",
                      "Rows Removed by Index Recheck": 0,
                      "Heap Fetches": 391
                    }
                  ]
                }
              ]
            }
          ]
        }
      ]
    },
    "Planning Time": 0.671,
    "Triggers": [],
    "Execution Time": 44.421
  }
]