{
  "Plan": {
    "Node Type": "Aggregate",
    "Strategy": "Plain",
    "Partial Mode": "Finalize",
    "Parallel Aware": false,
    "Startup Cost": 258172.2,
    "Total Cost": 258172.21,
    "Plan Rows": 1,
    "Plan Width": 8,
    "Actual Startup Time": 979.059,
    "Actual Total Time": 997.577,
    "Actual Rows": 1,
    "Actual Loops": 1,
    "Plans": [
      {
        "Node Type": "Gather",
        "Parent Relationship": "Outer",
        "Parallel Aware": false,
        "Startup Cost": 258172.09,
        "Total Cost": 258172.2,
        "Plan Rows": 1,
        "Plan Width": 8,
        "Actual Startup Time": 973.95,
        "Actual Total Time": 997.569,
        "Actual Rows": 2,
        "Actual Loops": 1,
        "Workers Planned": 1,
        "Workers Launched": 1,
        "Single Copy": false,
        "Plans": [
          {
            "Node Type": "Aggregate",
            "Strategy": "Plain",
            "Partial Mode": "Partial",
            "Parent Relationship": "Outer",
            "Parallel Aware": false,
            "Startup Cost": 257172.09,
            "Total Cost": 257172.1,
            "Plan Rows": 1,
            "Plan Width": 8,
            "Actual Startup Time": 966.802,
            "Actual Total Time": 966.806,
            "Actual Rows": 1,
            "Actual Loops": 2,
            "Plans": [
              {
                "Node Type": "Hash Join",
                "Parent Relationship": "Outer",
                "Parallel Aware": true,
                "Join Type": "Inner",
                "Startup Cost": 69461.26,
                "Total Cost": 255615.46,
                "Plan Rows": 622654,
                "Plan Width": 0,
                "Actual Startup Time": 512.488,
                "Actual Total Time": 958.26,
                "Actual Rows": 192876,
                "Actual Loops": 2,
                "Inner Unique": true,
                "Hash Cond": "(ci.movie_id = t.id)",
                "Plans": [
                  {
                    "Node Type": "Index Scan",
                    "Parent Relationship": "Outer",
                    "Parallel Aware": true,
                    "Scan Direction": "Forward",
                    "Index Name": "role_id_cast_info",
                    "Relation Name": "cast_info",
                    "Alias": "ci",
                    "Startup Cost": 0.56,
                    "Total Cost": 184520.29,
                    "Plan Rows": 622654,
                    "Plan Width": 4,
                    "Actual Startup Time": 0.083,
                    "Actual Total Time": 344.142,
                    "Actual Rows": 192876,
                    "Actual Loops": 2,
                    "Index Cond": "(role_id > 8)",
                    "Rows Removed by Index Recheck": 0,
                    "Filter": "(person_id < 664640)",
                    "Rows Removed by Filter": 2673470
                  },
                  {
                    "Node Type": "Hash",
                    "Parent Relationship": "Inner",
                    "Parallel Aware": true,
                    "Startup Cost": 50870.31,
                    "Total Cost": 50870.31,
                    "Plan Rows": 1487231,
                    "Plan Width": 4,
                    "Actual Startup Time": 495.889,
                    "Actual Total Time": 495.89,
                    "Actual Rows": 1264156,
                    "Actual Loops": 2,
                    "Hash Buckets": 4194304,
                    "Original Hash Buckets": 4194304,
                    "Hash Batches": 1,
                    "Original Hash Batches": 1,
                    "Peak Memory Usage": 131712,
                    "Plans": [
                      {
                        "Node Type": "Seq Scan",
                        "Parent Relationship": "Outer",
                        "Parallel Aware": true,
                        "Relation Name": "title",
                        "Alias": "t",
                        "Startup Cost": 0.0,
                        "Total Cost": 50870.31,
                        "Plan Rows": 1487231,
                        "Plan Width": 4,
                        "Actual Startup Time": 0.029,
                        "Actual Total Time": 145.313,
                        "Actual Rows": 1264156,
                        "Actual Loops": 2
                      }
                    ]
                  }
                ]
              }
            ]
          }
        ]
      }
    ]
  },
  "Planning Time": 0.333,
  "Triggers": [],
  "Execution Time": 997.62
}