[
    {
        "Bao": {
            "Bao prediction": "NaN",
            "Bao recommended hint": "(no hint)"
        }
    },
    {
        "Plan": {
            "Node Type": "Aggregate",
            "Strategy": "Plain",
            "Partial Mode": "Finalize",
            "Parallel Aware": false,
            "Startup Cost": 322696.51,
            "Total Cost": 322696.52,
            "Plan Rows": 1,
            "Plan Width": 8,
            "Actual Startup Time": 316.57,
            "Actual Total Time": 324.715,
            "Actual Rows": 1,
            "Actual Loops": 1,
            "Output": [
                "count(*)"
            ],
            "Plans": [
                {
                    "Node Type": "Gather",
                    "Parent Relationship": "Outer",
                    "Parallel Aware": false,
                    "Startup Cost": 322695.88,
                    "Total Cost": 322696.49,
                    "Plan Rows": 6,
                    "Plan Width": 8,
                    "Actual Startup Time": 315.476,
                    "Actual Total Time": 324.707,
                    "Actual Rows": 7,
                    "Actual Loops": 1,
                    "Output": [
                        "(PARTIAL count(*))"
                    ],
                    "Workers Planned": 6,
                    "Workers Launched": 6,
                    "Single Copy": false,
                    "Plans": [
                        {
                            "Node Type": "Aggregate",
                            "Strategy": "Plain",
                            "Partial Mode": "Partial",
                            "Parent Relationship": "Outer",
                            "Parallel Aware": false,
                            "Startup Cost": 321695.88,
                            "Total Cost": 321695.89,
                            "Plan Rows": 1,
                            "Plan Width": 8,
                            "Actual Startup Time": 305.549,
                            "Actual Total Time": 305.551,
                            "Actual Rows": 1,
                            "Actual Loops": 7,
                            "Output": [
                                "PARTIAL count(*)"
                            ],
                            "Workers": [
                                {
                                    "Worker Number": 0,
                                    "Actual Startup Time": 302.517,
                                    "Actual Total Time": 302.518,
                                    "Actual Rows": 1,
                                    "Actual Loops": 1
                                },
                                {
                                    "Worker Number": 1,
                                    "Actual Startup Time": 303.044,
                                    "Actual Total Time": 303.046,
                                    "Actual Rows": 1,
                                    "Actual Loops": 1
                                },
                                {
                                    "Worker Number": 2,
                                    "Actual Startup Time": 306.242,
                                    "Actual Total Time": 306.243,
                                    "Actual Rows": 1,
                                    "Actual Loops": 1
                                },
                                {
                                    "Worker Number": 3,
                                    "Actual Startup Time": 303.665,
                                    "Actual Total Time": 303.667,
                                    "Actual Rows": 1,
                                    "Actual Loops": 1
                                },
                                {
                                    "Worker Number": 4,
                                    "Actual Startup Time": 304.081,
                                    "Actual Total Time": 304.082,
                                    "Actual Rows": 1,
                                    "Actual Loops": 1
                                },
                                {
                                    "Worker Number": 5,
                                    "Actual Startup Time": 304.239,
                                    "Actual Total Time": 304.24,
                                    "Actual Rows": 1,
                                    "Actual Loops": 1
                                }
                            ],
                            "Plans": [
                                {
                                    "Node Type": "Bitmap Heap Scan",
                                    "Parent Relationship": "Outer",
                                    "Parallel Aware": true,
                                    "Relation Name": "cast_info",
                                    "Schema": "public",
                                    "Alias": "ci",
                                    "Startup Cost": 61989.29,
                                    "Total Cost": 320525.95,
                                    "Plan Rows": 467973,
                                    "Plan Width": 0,
                                    "Actual Startup Time": 140.585,
                                    "Actual Total Time": 278.853,
                                    "Actual Rows": 410173,
                                    "Actual Loops": 7,
                                    "Recheck Cond": "(ci.person_id > 3521389)",
                                    "Rows Removed by Index Recheck": 0,
                                    "Exact Heap Blocks": 7102,
                                    "Lossy Heap Blocks": 0,
                                    "Workers": [
                                        {
                                            "Worker Number": 0,
                                            "Actual Startup Time": 137.95,
                                            "Actual Total Time": 277.146,
                                            "Actual Rows": 339650,
                                            "Actual Loops": 1
                                        },
                                        {
                                            "Worker Number": 1,
                                            "Actual Startup Time": 138.388,
                                            "Actual Total Time": 277.057,
                                            "Actual Rows": 347070,
                                            "Actual Loops": 1
                                        },
                                        {
                                            "Worker Number": 2,
                                            "Actual Startup Time": 141.188,
                                            "Actual Total Time": 280.02,
                                            "Actual Rows": 350199,
                                            "Actual Loops": 1
                                        },
                                        {
                                            "Worker Number": 3,
                                            "Actual Startup Time": 138.778,
                                            "Actual Total Time": 277.615,
                                            "Actual Rows": 348591,
                                            "Actual Loops": 1
                                        },
                                        {
                                            "Worker Number": 4,
                                            "Actual Startup Time": 139.043,
                                            "Actual Total Time": 279.682,
                                            "Actual Rows": 490099,
                                            "Actual Loops": 1
                                        },
                                        {
                                            "Worker Number": 5,
                                            "Actual Startup Time": 139.192,
                                            "Actual Total Time": 279.83,
                                            "Actual Rows": 491771,
                                            "Actual Loops": 1
                                        }
                                    ],
                                    "Plans": [
                                        {
                                            "Node Type": "Bitmap Index Scan",
                                            "Parent Relationship": "Outer",
                                            "Parallel Aware": false,
                                            "Index Name": "person_id_cast_info",
                                            "Startup Cost": 0.0,
                                            "Total Cost": 61287.34,
                                            "Plan Rows": 2807836,
                                            "Plan Width": 0,
                                            "Actual Startup Time": 139.369,
                                            "Actual Total Time": 139.369,
                                            "Actual Rows": 2871212,
                                            "Actual Loops": 1,
                                            "Index Cond": "(ci.person_id > 3521389)"
                                        }
                                    ]
                                }
                            ]
                        }
                    ]
                }
            ]
        },
        "Planning Time": 289.48,
        "Triggers": [],
        "Execution Time": 324.781
    }
]