[
  {
    "Plan": {
      "Node Type": "Aggregate",
      "Strategy": "Plain",
      "Partial Mode": "Simple",
      "Parallel Aware": false,
      "Startup Cost": 66233.32,
      "Total Cost": 66233.33,
      "Plan Rows": 1,
      "Plan Width": 64,
      "Actual Startup Time": 318.042,
      "Actual Total Time": 353.061,
      "Actual Rows": 1,
      "Actual Loops": 1,
      "Plans": [
        {
          "Node Type": "Gather",
          "Parent Relationship": "Outer",
          "Parallel Aware": false,
          "Startup Cost": 4242.03,
          "Total Cost": 66233.3,
          "Plan Rows": 4,
          "Plan Width": 27,
          "Actual Startup Time": 226.485,
          "Actual Total Time": 352.919,
          "Actual Rows": 628,
          "Actual Loops": 1,
          "Workers Planned": 4,
          "Workers Launched": 4,
          "Single Copy": false,
          "Plans": [
            {
              "Node Type": "Nested Loop",
              "Parent Relationship": "Outer",
              "Parallel Aware": false,
              "Join Type": "Inner",
              "Startup Cost": 3242.03,
              "Total Cost": 65232.9,
              "Plan Rows": 1,
              "Plan Width": 27,
              "Actual Startup Time": 282.073,
              "Actual Total Time": 306.267,
              "Actual Rows": 126,
              "Actual Loops": 5,
              "Inner Unique": true,
              "Plans": [
                {
                  "Node Type": "Nested Loop",
                  "Parent Relationship": "Outer",
                  "Parallel Aware": false,
                  "Join Type": "Inner",
                  "Startup Cost": 3241.6,
                  "Total Cost": 65228.46,
                  "Plan Rows": 1,
                  "Plan Width": 31,
                  "Actual Startup Time": 282.052,
                  "Actual Total Time": 305.038,
                  "Actual Rows": 126,
                  "Actual Loops": 5,
                  "Inner Unique": false,
                  "Plans": [
                    {
                      "Node Type": "Nested Loop",
                      "Parent Relationship": "Outer",
                      "Parallel Aware": false,
                      "Join Type": "Inner",
                      "Startup Cost": 3240.76,
                      "Total Cost": 65222.58,
                      "Plan Rows": 1,
                      "Plan Width": 43,
                      "Actual Startup Time": 282.028,
                      "Actual Total Time": 304.941,
                      "Actual Rows": 1,
                      "Actual Loops": 5,
                      "Inner Unique": true,
                      "Join Filter": "(mc.company_type_id = ct.id)",
                      "Rows Removed by Join Filter": 1,
                      "Plans": [
                        {
                          "Node Type": "Nested Loop",
                          "Parent Relationship": "Outer",
                          "Parallel Aware": false,
                          "Join Type": "Inner",
                          "Startup Cost": 3240.76,
                          "Total Cost": 65221.49,
                          "Plan Rows": 1,
                          "Plan Width": 47,
                          "Actual Startup Time": 282.012,
                          "Actual Total Time": 304.918,
                          "Actual Rows": 1,
                          "Actual Loops": 5,
                          "Inner Unique": true,
                          "Plans": [
                            {
                              "Node Type": "Nested Loop",
                              "Parent Relationship": "Outer",
                              "Parallel Aware": false,
                              "Join Type": "Inner",
                              "Startup Cost": 3240.33,
                              "Total Cost": 65217.05,
                              "Plan Rows": 1,
                              "Plan Width": 51,
                              "Actual Startup Time": 281.99,
                              "Actual Total Time": 304.873,
                              "Actual Rows": 1,
                              "Actual Loops": 5,
                              "Inner Unique": false,
                              "Plans": [
                                {
                                  "Node Type": "Hash Join",
                                  "Parent Relationship": "Outer",
                                  "Parallel Aware": false,
                                  "Join Type": "Inner",
                                  "Startup Cost": 3239.84,
                                  "Total Cost": 65212.44,
                                  "Plan Rows": 1,
                                  "Plan Width": 39,
                                  "Actual Startup Time": 281.967,
                                  "Actual Total Time": 304.831,
                                  "Actual Rows": 1,
                                  "Actual Loops": 5,
                                  "Inner Unique": true,
                                  "Hash Cond": "(mi.info_type_id = it1.id)",
                                  "Plans": [
                                    {
                                      "Node Type": "Nested Loop",
                                      "Parent Relationship": "Outer",
                                      "Parallel Aware": false,
                                      "Join Type": "Inner",
                                      "Startup Cost": 3237.41,
                                      "Total Cost": 65210.01,
                                      "Plan Rows": 4,
                                      "Plan Width": 43,
                                      "Actual Startup Time": 281.435,
                                      "Actual Total Time": 304.295,
                                      "Actual Rows": 1,
                                      "Actual Loops": 5,
                                      "Inner Unique": false,
                                      "Plans": [
                                        {
                                          "Node Type": "Hash Join",
                                          "Parent Relationship": "Outer",
                                          "Parallel Aware": false,
                                          "Join Type": "Inner",
                                          "Startup Cost": 3236.54,
                                          "Total Cost": 48645.82,
                                          "Plan Rows": 2927,
                                          "Plan Width": 35,
                                          "Actual Startup Time": 176.816,
                                          "Actual Total Time": 240.884,
                                          "Actual Rows": 366,
                                          "Actual Loops": 5,
                                          "Inner Unique": true,
                                          "Hash Cond": "(t.kind_id = kt.id)",
                                          "Plans": [
                                            {
                                              "Node Type": "Hash Join",
                                              "Parent Relationship": "Outer",
                                              "Parallel Aware": false,
                                              "Join Type": "Inner",
                                              "Startup Cost": 3235.39,
                                              "Total Cost": 48623.08,
                                              "Plan Rows": 5122,
                                              "Plan Width": 29,
                                              "Actual Startup Time": 53.19,
                                              "Actual Total Time": 240.509,
                                              "Actual Rows": 569,
                                              "Actual Loops": 5,
                                              "Inner Unique": false,
                                              "Hash Cond": "(t.id = cc.movie_id)",
                                              "Plans": [
                                                {
                                                  "Node Type": "Seq Scan",
                                                  "Parent Relationship": "Outer",
                                                  "Parallel Aware": true,
                                                  "Relation Name": "title",
                                                  "Alias": "t",
                                                  "Startup Cost": 0.0,
                                                  "Total Cost": 43898.62,
                                                  "Plan Rows": 383429,
                                                  "Plan Width": 25,
                                                  "Actual Startup Time": 0.064,
                                                  "Actual Total Time": 137.537,
                                                  "Actual Rows": 306323,
                                                  "Actual Loops": 5,
                                                  "Filter": "(production_year > 1997)",
                                                  "Rows Removed by Filter": 199340
                                                },
                                                {
                                                  "Node Type": "Hash",
                                                  "Parent Relationship": "Inner",
                                                  "Parallel Aware": false,
                                                  "Startup Cost": 2813.24,
                                                  "Total Cost": 2813.24,
                                                  "Plan Rows": 33772,
                                                  "Plan Width": 4,
                                                  "Actual Startup Time": 50.63,
                                                  "Actual Total Time": 50.634,
                                                  "Actual Rows": 24592,
                                                  "Actual Loops": 5,
                                                  "Hash Buckets": 65536,
                                                  "Original Hash Buckets": 65536,
                                                  "Hash Batches": 1,
                                                  "Original Hash Batches": 1,
                                                  "Peak Memory Usage": 1377,
                                                  "Plans": [
                                                    {
                                                      "Node Type": "Hash Join",
                                                      "Parent Relationship": "Outer",
                                                      "Parallel Aware": false,
                                                      "Join Type": "Inner",
                                                      "Startup Cost": 1.06,
                                                      "Total Cost": 2813.24,
                                                      "Plan Rows": 33772,
                                                      "Plan Width": 4,
                                                      "Actual Startup Time": 0.208,
                                                      "Actual Total Time": 44.05,
                                                      "Actual Rows": 24592,
                                                      "Actual Loops": 5,
                                                      "Inner Unique": true,
                                                      "Hash Cond": "(cc.status_id = cct1.id)",
                                                      "Plans": [
                                                        {
                                                          "Node Type": "Seq Scan",
                                                          "Parent Relationship": "Outer",
                                                          "Parallel Aware": false,
                                                          "Relation Name": "complete_cast",
                                                          "Alias": "cc",
                                                          "Startup Cost": 0.0,
                                                          "Total Cost": 2081.86,
                                                          "Plan Rows": 135086,
                                                          "Plan Width": 8,
                                                          "Actual Startup Time": 0.061,
                                                          "Actual Total Time": 24.504,
                                                          "Actual Rows": 135086,
                                                          "Actual Loops": 5
                                                        },
                                                        {
                                                          "Node Type": "Hash",
                                                          "Parent Relationship": "Inner",
                                                          "Parallel Aware": false,
                                                          "Startup Cost": 1.05,
                                                          "Total Cost": 1.05,
                                                          "Plan Rows": 1,
                                                          "Plan Width": 4,
                                                          "Actual Startup Time": 0.084,
                                                          "Actual Total Time": 0.086,
                                                          "Actual Rows": 1,
                                                          "Actual Loops": 5,
                                                          "Hash Buckets": 1024,
                                                          "Original Hash Buckets": 1024,
                                                          "Hash Batches": 1,
                                                          "Original Hash Batches": 1,
                                                          "Peak Memory Usage": 9,
                                                          "Plans": [
                                                            {
                                                              "Node Type": "Seq Scan",
                                                              "Parent Relationship": "Outer",
                                                              "Parallel Aware": false,
                                                              "Relation Name": "comp_cast_type",
                                                              "Alias": "cct1",
                                                              "Startup Cost": 0.0,
                                                              "Total Cost": 1.05,
                                                              "Plan Rows": 1,
                                                              "Plan Width": 4,
                                                              "Actual Startup Time": 0.073,
                                                              "Actual Total Time": 0.075,
                                                              "Actual Rows": 1,
                                                              "Actual Loops": 5,
                                                              "Filter": "((kind)::text = 'complete+verified'::text)",
                                                              "Rows Removed by Filter": 3
                                                            }
                                                          ]
                                                        }
                                                      ]
                                                    }
                                                  ]
                                                }
                                              ]
                                            },
                                            {
                                              "Node Type": "Hash",
                                              "Parent Relationship": "Inner",
                                              "Parallel Aware": false,
                                              "Startup Cost": 1.1,
                                              "Total Cost": 1.1,
                                              "Plan Rows": 4,
                                              "Plan Width": 14,
                                              "Actual Startup Time": 0.083,
                                              "Actual Total Time": 0.084,
                                              "Actual Rows": 4,
                                              "Actual Loops": 5,
                                              "Hash Buckets": 1024,
                                              "Original Hash Buckets": 1024,
                                              "Hash Batches": 1,
                                              "Original Hash Batches": 1,
                                              "Peak Memory Usage": 9,
                                              "Plans": [
                                                {
                                                  "Node Type": "Seq Scan",
                                                  "Parent Relationship": "Outer",
                                                  "Parallel Aware": false,
                                                  "Relation Name": "kind_type",
                                                  "Alias": "kt",
                                                  "Startup Cost": 0.0,
                                                  "Total Cost": 1.1,
                                                  "Plan Rows": 4,
                                                  "Plan Width": 14,
                                                  "Actual Startup Time": 0.061,
                                                  "Actual Total Time": 0.067,
                                                  "Actual Rows": 4,
                                                  "Actual Loops": 5,
                                                  "Filter": "((kind)::text = ANY ('{movie,\"tv movie\",\"video movie\",\"video game\"}'::text[]))",
                                                  "Rows Removed by Filter": 3
                                                }
                                              ]
                                            }
                                          ]
                                        },
                                        {
                                          "Node Type": "Bitmap Heap Scan",
                                          "Parent Relationship": "Inner",
                                          "Parallel Aware": false,
                                          "Relation Name": "movie_info",
                                          "Alias": "mi",
                                          "Startup Cost": 0.87,
                                          "Total Cost": 5.65,
                                          "Plan Rows": 1,
                                          "Plan Width": 8,
                                          "Actual Startup Time": 0.17,
                                          "Actual Total Time": 0.17,
                                          "Actual Rows": 0,
                                          "Actual Loops": 1829,
                                          "Recheck Cond": "(movie_id = t.id)",
                                          "Rows Removed by Index Recheck": 0,
                                          "Filter": "((info IS NOT NULL) AND (note ~~ '%internet%'::text) AND ((info ~~ 'USA:% 199%'::text) OR (info ~~ 'USA:% 200%'::text)))",
                                          "Rows Removed by Filter": 174,
                                          "Exact Heap Blocks": 7720,
                                          "Lossy Heap Blocks": 0,
                                          "Plans": [
                                            {
                                              "Node Type": "Bitmap Index Scan",
                                              "Parent Relationship": "Outer",
                                              "Parallel Aware": false,
                                              "Index Name": "movie_id_movie_info",
                                              "Startup Cost": 0.0,
                                              "Total Cost": 0.87,
                                              "Plan Rows": 39,
                                              "Plan Width": 0,
                                              "Actual Startup Time": 0.025,
                                              "Actual Total Time": 0.025,
                                              "Actual Rows": 174,
                                              "Actual Loops": 1829,
                                              "Index Cond": "(movie_id = t.id)"
                                            }
                                          ]
                                        }
                                      ]
                                    },
                                    {
                                      "Node Type": "Hash",
                                      "Parent Relationship": "Inner",
                                      "Parallel Aware": false,
                                      "Startup Cost": 2.41,
                                      "Total Cost": 2.41,
                                      "Plan Rows": 1,
                                      "Plan Width": 4,
                                      "Actual Startup Time": 0.11,
                                      "Actual Total Time": 0.111,
                                      "Actual Rows": 1,
                                      "Actual Loops": 5,
                                      "Hash Buckets": 1024,
                                      "Original Hash Buckets": 1024,
                                      "Hash Batches": 1,
                                      "Original Hash Batches": 1,
                                      "Peak Memory Usage": 9,
                                      "Plans": [
                                        {
                                          "Node Type": "Seq Scan",
                                          "Parent Relationship": "Outer",
                                          "Parallel Aware": false,
                                          "Relation Name": "info_type",
                                          "Alias": "it1",
                                          "Startup Cost": 0.0,
                                          "Total Cost": 2.41,
                                          "Plan Rows": 1,
                                          "Plan Width": 4,
                                          "Actual Startup Time": 0.079,
                                          "Actual Total Time": 0.093,
                                          "Actual Rows": 1,
                                          "Actual Loops": 5,
                                          "Filter": "((info)::text = 'release dates'::text)",
                                          "Rows Removed by Filter": 112
                                        }
                                      ]
                                    }
                                  ]
                                },
                                {
                                  "Node Type": "Bitmap Heap Scan",
                                  "Parent Relationship": "Inner",
                                  "Parallel Aware": false,
                                  "Relation Name": "movie_companies",
                                  "Alias": "mc",
                                  "Startup Cost": 0.49,
                                  "Total Cost": 4.56,
                                  "Plan Rows": 5,
                                  "Plan Width": 12,
                                  "Actual Startup Time": 0.026,
                                  "Actual Total Time": 0.028,
                                  "Actual Rows": 1,
                                  "Actual Loops": 6,
                                  "Recheck Cond": "(movie_id = t.id)",
                                  "Rows Removed by Index Recheck": 0,
                                  "Exact Heap Blocks": 3,
                                  "Lossy Heap Blocks": 0,
                                  "Plans": [
                                    {
                                      "Node Type": "Bitmap Index Scan",
                                      "Parent Relationship": "Outer",
                                      "Parallel Aware": false,
                                      "Index Name": "movie_id_movie_companies",
                                      "Startup Cost": 0.0,
                                      "Total Cost": 0.49,
                                      "Plan Rows": 5,
                                      "Plan Width": 0,
                                      "Actual Startup Time": 0.021,
                                      "Actual Total Time": 0.021,
                                      "Actual Rows": 1,
                                      "Actual Loops": 6,
                                      "Index Cond": "(movie_id = t.id)"
                                    }
                                  ]
                                }
                              ]
                            },
                            {
                              "Node Type": "Bitmap Heap Scan",
                              "Parent Relationship": "Inner",
                              "Parallel Aware": false,
                              "Relation Name": "company_name",
                              "Alias": "cn",
                              "Startup Cost": 0.43,
                              "Total Cost": 4.44,
                              "Plan Rows": 1,
                              "Plan Width": 4,
                              "Actual Startup Time": 0.026,
                              "Actual Total Time": 0.026,
                              "Actual Rows": 1,
                              "Actual Loops": 7,
                              "Recheck Cond": "(id = mc.company_id)",
                              "Rows Removed by Index Recheck": 0,
                              "Filter": "((country_code)::text = '[us]'::text)",
                              "Rows Removed by Filter": 0,
                              "Exact Heap Blocks": 3,
                              "Lossy Heap Blocks": 0,
                              "Plans": [
                                {
                                  "Node Type": "Bitmap Index Scan",
                                  "Parent Relationship": "Outer",
                                  "Parallel Aware": false,
                                  "Index Name": "company_name_pkey",
                                  "Startup Cost": 0.0,
                                  "Total Cost": 0.43,
                                  "Plan Rows": 1,
                                  "Plan Width": 0,
                                  "Actual Startup Time": 0.016,
                                  "Actual Total Time": 0.017,
                                  "Actual Rows": 1,
                                  "Actual Loops": 7,
                                  "Index Cond": "(id = mc.company_id)"
                                }
                              ]
                            }
                          ]
                        },
                        {
                          "Node Type": "Seq Scan",
                          "Parent Relationship": "Inner",
                          "Parallel Aware": false,
                          "Relation Name": "company_type",
                          "Alias": "ct",
                          "Startup Cost": 0.0,
                          "Total Cost": 1.04,
                          "Plan Rows": 4,
                          "Plan Width": 4,
                          "Actual Startup Time": 0.011,
                          "Actual Total Time": 0.011,
                          "Actual Rows": 2,
                          "Actual Loops": 7
                        }
                      ]
                    },
                    {
                      "Node Type": "Bitmap Heap Scan",
                      "Parent Relationship": "Inner",
                      "Parallel Aware": false,
                      "Relation Name": "movie_keyword",
                      "Alias": "mk",
                      "Startup Cost": 0.84,
                      "Total Cost": 5.42,
                      "Plan Rows": 46,
                      "Plan Width": 8,
                      "Actual Startup Time": 0.026,
                      "Actual Total Time": 0.047,
                      "Actual Rows": 90,
                      "Actual Loops": 7,
                      "Recheck Cond": "(movie_id = t.id)",
                      "Rows Removed by Index Recheck": 0,
                      "Exact Heap Blocks": 3,
                      "Lossy Heap Blocks": 0,
                      "Plans": [
                        {
                          "Node Type": "Bitmap Index Scan",
                          "Parent Relationship": "Outer",
                          "Parallel Aware": false,
                          "Index Name": "movie_id_movie_keyword",
                          "Startup Cost": 0.0,
                          "Total Cost": 0.83,
                          "Plan Rows": 46,
                          "Plan Width": 0,
                          "Actual Startup Time": 0.02,
                          "Actual Total Time": 0.02,
                          "Actual Rows": 90,
                          "Actual Loops": 7,
                          "Index Cond": "(movie_id = t.id)"
                        }
                      ]
                    }
                  ]
                },
                {
                  "Node Type": "Bitmap Heap Scan",
                  "Parent Relationship": "Inner",
                  "Parallel Aware": false,
                  "Relation Name": "keyword",
                  "Alias": "k",
                  "Startup Cost": 0.43,
                  "Total Cost": 4.44,
                  "Plan Rows": 1,
                  "Plan Width": 4,
                  "Actual Startup Time": 0.007,
                  "Actual Total Time": 0.007,
                  "Actual Rows": 1,
                  "Actual Loops": 628,
                  "Recheck Cond": "(id = mk.keyword_id)",
                  "Rows Removed by Index Recheck": 0,
                  "Exact Heap Blocks": 16,
                  "Lossy Heap Blocks": 0,
                  "Plans": [
                    {
                      "Node Type": "Bitmap Index Scan",
                      "Parent Relationship": "Outer",
                      "Parallel Aware": false,
                      "Index Name": "keyword_pkey",
                      "Startup Cost": 0.0,
                      "Total Cost": 0.43,
                      "Plan Rows": 1,
                      "Plan Width": 0,
                      "Actual Startup Time": 0.004,
                      "Actual Total Time": 0.004,
                      "Actual Rows": 1,
                      "Actual Loops": 628,
                      "Index Cond": "(id = mk.keyword_id)"
                    }
                  ]
                }
              ]
            }
          ]
        }
      ]
    },
    "Planning Time": 34.32,
    "Triggers": [],
    "Execution Time": 353.713
  }
]