{
  "Plan": {
    "Node Type": "Aggregate",
    "Strategy": "Plain",
    "Partial Mode": "Finalize",
    "Parallel Aware": false,
    "Startup Cost": 170574.51,
    "Total Cost": 170574.52,
    "Plan Rows": 1,
    "Plan Width": 8,
    "Actual Startup Time": 946.391,
    "Actual Total Time": 962.85,
    "Actual Rows": 1,
    "Actual Loops": 1,
    "Plans": [
      {
        "Node Type": "Gather",
        "Parent Relationship": "Outer",
        "Parallel Aware": false,
        "Startup Cost": 170574.39,
        "Total Cost": 170574.5,
        "Plan Rows": 1,
        "Plan Width": 8,
        "Actual Startup Time": 944.983,
        "Actual Total Time": 962.841,
        "Actual Rows": 2,
        "Actual Loops": 1,
        "Workers Planned": 1,
        "Workers Launched": 1,
        "Single Copy": false,
        "Plans": [
          {
            "Node Type": "Aggregate",
            "Strategy": "Plain",
            "Partial Mode": "Partial",
            "Parent Relationship": "Outer",
            "Parallel Aware": false,
            "Startup Cost": 169574.39,
            "Total Cost": 169574.4,
            "Plan Rows": 1,
            "Plan Width": 8,
            "Actual Startup Time": 938.751,
            "Actual Total Time": 939.291,
            "Actual Rows": 1,
            "Actual Loops": 2,
            "Plans": [
              {
                "Node Type": "Hash Join",
                "Parent Relationship": "Outer",
                "Parallel Aware": true,
                "Join Type": "Inner",
                "Startup Cost": 103352.34,
                "Total Cost": 169340.74,
                "Plan Rows": 93462,
                "Plan Width": 0,
                "Actual Startup Time": 430.839,
                "Actual Total Time": 865.513,
                "Actual Rows": 1770362,
                "Actual Loops": 2,
                "Inner Unique": false,
                "Hash Cond": "(mk.movie_id = t.id)",
                "Plans": [
                  {
                    "Node Type": "Seq Scan",
                    "Parent Relationship": "Outer",
                    "Parallel Aware": true,
                    "Relation Name": "movie_keyword",
                    "Alias": "mk",
                    "Startup Cost": 0.0,
                    "Total Cost": 57718.19,
                    "Plan Rows": 2058782,
                    "Plan Width": 4,
                    "Actual Startup Time": 0.013,
                    "Actual Total Time": 188.399,
                    "Actual Rows": 1752441,
                    "Actual Loops": 2,
                    "Filter": "(keyword_id < 17686)",
                    "Rows Removed by Filter": 509524
                  },
                  {
                    "Node Type": "Hash",
                    "Parent Relationship": "Inner",
                    "Parallel Aware": true,
                    "Startup Cost": 102508.39,
                    "Total Cost": 102508.39,
                    "Plan Rows": 67516,
                    "Plan Width": 8,
                    "Actual Startup Time": 428.326,
                    "Actual Total Time": 428.865,
                    "Actual Rows": 96012,
                    "Actual Loops": 2,
                    "Hash Buckets": 262144,
                    "Original Hash Buckets": 131072,
                    "Hash Batches": 1,
                    "Original Hash Batches": 1,
                    "Peak Memory Usage": 10624,
                    "Plans": [
                      {
                        "Node Type": "Hash Join",
                        "Parent Relationship": "Outer",
                        "Parallel Aware": true,
                        "Join Type": "Inner",
                        "Startup Cost": 40395.89,
                        "Total Cost": 102508.39,
                        "Plan Rows": 67516,
                        "Plan Width": 8,
                        "Actual Startup Time": 159.634,
                        "Actual Total Time": 402.653,
                        "Actual Rows": 96012,
                        "Actual Loops": 2,
                        "Inner Unique": false,
                        "Hash Cond": "(t.id = mc.movie_id)",
                        "Plans": [
                          {
                            "Node Type": "Seq Scan",
                            "Parent Relationship": "Outer",
                            "Parallel Aware": true,
                            "Relation Name": "title",
                            "Alias": "t",
                            "Startup Cost": 0.0,
                            "Total Cost": 58306.47,
                            "Plan Rows": 545421,
                            "Plan Width": 4,
                            "Actual Startup Time": 0.012,
                            "Actual Total Time": 132.756,
                            "Actual Rows": 440908,
                            "Actual Loops": 2,
                            "Filter": "((kind_id < 7) AND (production_year > 1922))",
                            "Rows Removed by Filter": 823248
                          },
                          {
                            "Node Type": "Hash",
                            "Parent Relationship": "Inner",
                            "Parallel Aware": true,
                            "Startup Cost": 38094.65,
                            "Total Cost": 38094.65,
                            "Plan Rows": 184099,
                            "Plan Width": 4,
                            "Actual Startup Time": 155.212,
                            "Actual Total Time": 155.213,
                            "Actual Rows": 227181,
                            "Actual Loops": 2,
                            "Hash Buckets": 524288,
                            "Original Hash Buckets": 524288,
                            "Hash Batches": 1,
                            "Original Hash Batches": 1,
                            "Peak Memory Usage": 21888,
                            "Plans": [
                              {
                                "Node Type": "Bitmap Heap Scan",
                                "Parent Relationship": "Outer",
                                "Parallel Aware": true,
                                "Relation Name": "movie_companies",
                                "Alias": "mc",
                                "Startup Cost": 13694.93,
                                "Total Cost": 38094.65,
                                "Plan Rows": 184099,
                                "Plan Width": 4,
                                "Actual Startup Time": 38.419,
                                "Actual Total Time": 109.807,
                                "Actual Rows": 227181,
                                "Actual Loops": 2,
                                "Recheck Cond": "(company_id < 846)",
                                "Rows Removed by Index Recheck": 0,
                                "Filter": "(company_type_id < 2)",
                                "Rows Removed by Filter": 88852,
                                "Exact Heap Blocks": 10986,
                                "Lossy Heap Blocks": 0,
                                "Plans": [
                                  {
                                    "Node Type": "Bitmap Index Scan",
                                    "Parent Relationship": "Outer",
                                    "Parallel Aware": false,
                                    "Index Name": "company_id_movie_companies",
                                    "Startup Cost": 0.0,
                                    "Total Cost": 13616.69,
                                    "Plan Rows": 635768,
                                    "Plan Width": 0,
                                    "Actual Startup Time": 35.637,
                                    "Actual Total Time": 35.637,
                                    "Actual Rows": 632067,
                                    "Actual Loops": 1,
                                    "Index Cond": "(company_id < 846)"
                                  }
                                ]
                              }
                            ]
                          }
                        ]
                      }
                    ]
                  }
                ]
              }
            ]
          }
        ]
      }
    ]
  },
  "Planning Time": 1.135,
  "Triggers": [],
  "Execution Time": 962.981
}