[
  {
    "Plan": {
      "Node Type": "Aggregate",
      "Strategy": "Plain",
      "Partial Mode": "Finalize",
      "Parallel Aware": false,
      "Startup Cost": 46100.08,
      "Total Cost": 46100.09,
      "Plan Rows": 1,
      "Plan Width": 8,
      "Actual Startup Time": 151.692,
      "Actual Total Time": 161.199,
      "Actual Rows": 1,
      "Actual Loops": 1,
      "Plans": [
        {
          "Node Type": "Gather",
          "Parent Relationship": "Outer",
          "Parallel Aware": false,
          "Startup Cost": 46099.76,
          "Total Cost": 46100.07,
          "Plan Rows": 3,
          "Plan Width": 8,
          "Actual Startup Time": 151.575,
          "Actual Total Time": 161.19,
          "Actual Rows": 4,
          "Actual Loops": 1,
          "Workers Planned": 3,
          "Workers Launched": 3,
          "Single Copy": false,
          "Plans": [
            {
              "Node Type": "Aggregate",
              "Strategy": "Plain",
              "Partial Mode": "Partial",
              "Parent Relationship": "Outer",
              "Parallel Aware": false,
              "Startup Cost": 45099.76,
              "Total Cost": 45099.77,
              "Plan Rows": 1,
              "Plan Width": 8,
              "Actual Startup Time": 146.023,
              "Actual Total Time": 146.024,
              "Actual Rows": 1,
              "Actual Loops": 4,
              "Plans": [
                {
                  "Node Type": "Seq Scan",
                  "Parent Relationship": "Outer",
                  "Parallel Aware": true,
                  "Relation Name": "movie_keyword",
                  "Alias": "mk",
                  "Startup Cost": 0.0,
                  "Total Cost": 42695.65,
                  "Plan Rows": 961643,
                  "Plan Width": 0,
                  "Actual Startup Time": 0.042,
                  "Actual Total Time": 114.311,
                  "Actual Rows": 744417,
                  "Actual Loops": 4,
                  "Filter": "(keyword_id < 10217)",
                  "Rows Removed by Filter": 386565
                }
              ]
            }
          ]
        }
      ]
    },
    "Planning Time": 0.18,
    "Triggers": [],
    "Execution Time": 161.253
  }
]