[
    {
        "Bao": {
            "Bao prediction": 498.676,
            "Bao recommended hint": "(no hint)"
        }
    },
    {
        "Plan": {
            "Node Type": "Aggregate",
            "Strategy": "Plain",
            "Partial Mode": "Finalize",
            "Parallel Aware": false,
            "Startup Cost": 336009.29,
            "Total Cost": 336009.3,
            "Plan Rows": 1,
            "Plan Width": 8,
            "Actual Startup Time": 846.725,
            "Actual Total Time": 882.545,
            "Actual Rows": 1,
            "Actual Loops": 1,
            "Output": [
                "count(*)"
            ],
            "Plans": [
                {
                    "Node Type": "Gather",
                    "Parent Relationship": "Outer",
                    "Parallel Aware": false,
                    "Startup Cost": 336008.66,
                    "Total Cost": 336009.27,
                    "Plan Rows": 6,
                    "Plan Width": 8,
                    "Actual Startup Time": 846.613,
                    "Actual Total Time": 882.537,
                    "Actual Rows": 7,
                    "Actual Loops": 1,
                    "Output": [
                        "(PARTIAL count(*))"
                    ],
                    "Workers Planned": 6,
                    "Workers Launched": 6,
                    "Single Copy": false,
                    "Plans": [
                        {
                            "Node Type": "Aggregate",
                            "Strategy": "Plain",
                            "Partial Mode": "Partial",
                            "Parent Relationship": "Outer",
                            "Parallel Aware": false,
                            "Startup Cost": 335008.66,
                            "Total Cost": 335008.67,
                            "Plan Rows": 1,
                            "Plan Width": 8,
                            "Actual Startup Time": 837.254,
                            "Actual Total Time": 837.256,
                            "Actual Rows": 1,
                            "Actual Loops": 7,
                            "Output": [
                                "PARTIAL count(*)"
                            ],
                            "Workers": [
                                {
                                    "Worker Number": 0,
                                    "Actual Startup Time": 835.213,
                                    "Actual Total Time": 835.215,
                                    "Actual Rows": 1,
                                    "Actual Loops": 1
                                },
                                {
                                    "Worker Number": 1,
                                    "Actual Startup Time": 835.651,
                                    "Actual Total Time": 835.652,
                                    "Actual Rows": 1,
                                    "Actual Loops": 1
                                },
                                {
                                    "Worker Number": 2,
                                    "Actual Startup Time": 835.814,
                                    "Actual Total Time": 835.815,
                                    "Actual Rows": 1,
                                    "Actual Loops": 1
                                },
                                {
                                    "Worker Number": 3,
                                    "Actual Startup Time": 835.937,
                                    "Actual Total Time": 835.938,
                                    "Actual Rows": 1,
                                    "Actual Loops": 1
                                },
                                {
                                    "Worker Number": 4,
                                    "Actual Startup Time": 836.015,
                                    "Actual Total Time": 836.017,
                                    "Actual Rows": 1,
                                    "Actual Loops": 1
                                },
                                {
                                    "Worker Number": 5,
                                    "Actual Startup Time": 836.369,
                                    "Actual Total Time": 836.371,
                                    "Actual Rows": 1,
                                    "Actual Loops": 1
                                }
                            ],
                            "Plans": [
                                {
                                    "Node Type": "Seq Scan",
                                    "Parent Relationship": "Outer",
                                    "Parallel Aware": true,
                                    "Relation Name": "cast_info",
                                    "Schema": "public",
                                    "Alias": "ci",
                                    "Startup Cost": 0.0,
                                    "Total Cost": 328213.62,
                                    "Plan Rows": 2718018,
                                    "Plan Width": 0,
                                    "Actual Startup Time": 256.924,
                                    "Actual Total Time": 699.035,
                                    "Actual Rows": 2340675,
                                    "Actual Loops": 7,
                                    "Output": [
                                        "id",
                                        "person_id",
                                        "movie_id",
                                        "person_role_id",
                                        "note",
                                        "nr_order",
                                        "role_id"
                                    ],
                                    "Filter": "(ci.person_id > 1993758)",
                                    "Rows Removed by Filter": 2837089,
                                    "Workers": [
                                        {
                                            "Worker Number": 0,
                                            "Actual Startup Time": 254.878,
                                            "Actual Total Time": 699.408,
                                            "Actual Rows": 2051621,
                                            "Actual Loops": 1
                                        },
                                        {
                                            "Worker Number": 1,
                                            "Actual Startup Time": 255.336,
                                            "Actual Total Time": 698.645,
                                            "Actual Rows": 2076471,
                                            "Actual Loops": 1
                                        },
                                        {
                                            "Worker Number": 2,
                                            "Actual Startup Time": 255.474,
                                            "Actual Total Time": 699.975,
                                            "Actual Rows": 1982626,
                                            "Actual Loops": 1
                                        },
                                        {
                                            "Worker Number": 3,
                                            "Actual Startup Time": 255.612,
                                            "Actual Total Time": 698.978,
                                            "Actual Rows": 2077831,
                                            "Actual Loops": 1
                                        },
                                        {
                                            "Worker Number": 4,
                                            "Actual Startup Time": 255.67,
                                            "Actual Total Time": 701.938,
                                            "Actual Rows": 2030467,
                                            "Actual Loops": 1
                                        },
                                        {
                                            "Worker Number": 5,
                                            "Actual Startup Time": 256.046,
                                            "Actual Total Time": 699.57,
                                            "Actual Rows": 2072310,
                                            "Actual Loops": 1
                                        }
                                    ]
                                }
                            ]
                        }
                    ]
                }
            ]
        },
        "Planning Time": 1115.716,
        "Triggers": [],
        "Execution Time": 882.639
    }
]