[
  {
    "Plan": {
      "Node Type": "Aggregate",
      "Strategy": "Plain",
      "Partial Mode": "Finalize",
      "Parallel Aware": false,
      "Startup Cost": 46947.03,
      "Total Cost": 46947.04,
      "Plan Rows": 1,
      "Plan Width": 8,
      "Actual Startup Time": 103.834,
      "Actual Total Time": 116.15,
      "Actual Rows": 1,
      "Actual Loops": 1,
      "Plans": [
        {
          "Node Type": "Gather",
          "Parent Relationship": "Outer",
          "Parallel Aware": false,
          "Startup Cost": 46946.61,
          "Total Cost": 46947.02,
          "Plan Rows": 4,
          "Plan Width": 8,
          "Actual Startup Time": 103.571,
          "Actual Total Time": 116.14,
          "Actual Rows": 5,
          "Actual Loops": 1,
          "Workers Planned": 4,
          "Workers Launched": 4,
          "Single Copy": false,
          "Plans": [
            {
              "Node Type": "Aggregate",
              "Strategy": "Plain",
              "Partial Mode": "Partial",
              "Parent Relationship": "Outer",
              "Parallel Aware": false,
              "Startup Cost": 45946.61,
              "Total Cost": 45946.62,
              "Plan Rows": 1,
              "Plan Width": 8,
              "Actual Startup Time": 96.795,
              "Actual Total Time": 96.796,
              "Actual Rows": 1,
              "Actual Loops": 5,
              "Plans": [
                {
                  "Node Type": "Seq Scan",
                  "Parent Relationship": "Outer",
                  "Parallel Aware": true,
                  "Relation Name": "title",
                  "Alias": "t",
                  "Startup Cost": 0.0,
                  "Total Cost": 45479.59,
                  "Plan Rows": 186808,
                  "Plan Width": 0,
                  "Actual Startup Time": 0.037,
                  "Actual Total Time": 89.246,
                  "Actual Rows": 129511,
                  "Actual Loops": 5,
                  "Filter": "((kind_id > 1) AND (production_year < 2000))",
                  "Rows Removed by Filter": 376151
                }
              ]
            }
          ]
        }
      ]
    },
    "Planning Time": 0.185,
    "Triggers": [],
    "Execution Time": 116.205
  }
]