{
  "Plan": {
    "Node Type": "Aggregate",
    "Strategy": "Plain",
    "Partial Mode": "Finalize",
    "Parallel Aware": false,
    "Startup Cost": 250474.4,
    "Total Cost": 250474.41,
    "Plan Rows": 1,
    "Plan Width": 8,
    "Actual Startup Time": 2488.502,
    "Actual Total Time": 2515.091,
    "Actual Rows": 1,
    "Actual Loops": 1,
    "Plans": [
      {
        "Node Type": "Gather",
        "Parent Relationship": "Outer",
        "Parallel Aware": false,
        "Startup Cost": 250474.29,
        "Total Cost": 250474.4,
        "Plan Rows": 1,
        "Plan Width": 8,
        "Actual Startup Time": 2482.048,
        "Actual Total Time": 2515.083,
        "Actual Rows": 2,
        "Actual Loops": 1,
        "Workers Planned": 1,
        "Workers Launched": 1,
        "Single Copy": false,
        "Plans": [
          {
            "Node Type": "Aggregate",
            "Strategy": "Plain",
            "Partial Mode": "Partial",
            "Parent Relationship": "Outer",
            "Parallel Aware": false,
            "Startup Cost": 249474.29,
            "Total Cost": 249474.3,
            "Plan Rows": 1,
            "Plan Width": 8,
            "Actual Startup Time": 2474.977,
            "Actual Total Time": 2474.984,
            "Actual Rows": 1,
            "Actual Loops": 2,
            "Plans": [
              {
                "Node Type": "Hash Join",
                "Parent Relationship": "Outer",
                "Parallel Aware": true,
                "Join Type": "Inner",
                "Startup Cost": 103451.9,
                "Total Cost": 249267.84,
                "Plan Rows": 82578,
                "Plan Width": 0,
                "Actual Startup Time": 791.363,
                "Actual Total Time": 2444.451,
                "Actual Rows": 585816,
                "Actual Loops": 2,
                "Inner Unique": false,
                "Hash Cond": "(t.id = mc.movie_id)",
                "Plans": [
                  {
                    "Node Type": "Hash Join",
                    "Parent Relationship": "Outer",
                    "Parallel Aware": true,
                    "Join Type": "Inner",
                    "Startup Cost": 69461.26,
                    "Total Cost": 211668.92,
                    "Plan Rows": 499605,
                    "Plan Width": 8,
                    "Actual Startup Time": 644.757,
                    "Actual Total Time": 1841.076,
                    "Actual Rows": 1393328,
                    "Actual Loops": 2,
                    "Inner Unique": true,
                    "Hash Cond": "(ci.movie_id = t.id)",
                    "Plans": [
                      {
                        "Node Type": "Index Scan",
                        "Parent Relationship": "Outer",
                        "Parallel Aware": true,
                        "Scan Direction": "Forward",
                        "Index Name": "role_id_cast_info",
                        "Relation Name": "cast_info",
                        "Alias": "ci",
                        "Startup Cost": 0.56,
                        "Total Cost": 140896.75,
                        "Plan Rows": 499605,
                        "Plan Width": 4,
                        "Actual Startup Time": 0.211,
                        "Actual Total Time": 442.062,
                        "Actual Rows": 1393328,
                        "Actual Loops": 2,
                        "Index Cond": "(role_id = 10)",
                        "Rows Removed by Index Recheck": 0,
                        "Filter": "(person_id > 2975736)",
                        "Rows Removed by Filter": 768182
                      },
                      {
                        "Node Type": "Hash",
                        "Parent Relationship": "Inner",
                        "Parallel Aware": true,
                        "Startup Cost": 50870.31,
                        "Total Cost": 50870.31,
                        "Plan Rows": 1487231,
                        "Plan Width": 4,
                        "Actual Startup Time": 632.407,
                        "Actual Total Time": 632.408,
                        "Actual Rows": 1264156,
                        "Actual Loops": 2,
                        "Hash Buckets": 4194304,
                        "Original Hash Buckets": 4194304,
                        "Hash Batches": 1,
                        "Original Hash Batches": 1,
                        "Peak Memory Usage": 131680,
                        "Plans": [
                          {
                            "Node Type": "Seq Scan",
                            "Parent Relationship": "Outer",
                            "Parallel Aware": true,
                            "Relation Name": "title",
                            "Alias": "t",
                            "Startup Cost": 0.0,
                            "Total Cost": 50870.31,
                            "Plan Rows": 1487231,
                            "Plan Width": 4,
                            "Actual Startup Time": 0.03,
                            "Actual Total Time": 182.183,
                            "Actual Rows": 1264156,
                            "Actual Loops": 2
                          }
                        ]
                      }
                    ]
                  },
                  {
                    "Node Type": "Hash",
                    "Parent Relationship": "Inner",
                    "Parallel Aware": true,
                    "Startup Cost": 30917.87,
                    "Total Cost": 30917.87,
                    "Plan Rows": 245821,
                    "Plan Width": 4,
                    "Actual Startup Time": 142.08,
                    "Actual Total Time": 142.081,
                    "Actual Rows": 212564,
                    "Actual Loops": 2,
                    "Hash Buckets": 524288,
                    "Original Hash Buckets": 524288,
                    "Hash Batches": 1,
                    "Original Hash Batches": 1,
                    "Peak Memory Usage": 20768,
                    "Plans": [
                      {
                        "Node Type": "Bitmap Heap Scan",
                        "Parent Relationship": "Outer",
                        "Parallel Aware": true,
                        "Relation Name": "movie_companies",
                        "Alias": "mc",
                        "Startup Cost": 9055.12,
                        "Total Cost": 30917.87,
                        "Plan Rows": 245821,
                        "Plan Width": 4,
                        "Actual Startup Time": 35.374,
                        "Actual Total Time": 84.664,
                        "Actual Rows": 212564,
                        "Actual Loops": 2,
                        "Recheck Cond": "(company_id > 79698)",
                        "Rows Removed by Index Recheck": 0,
                        "Exact Heap Blocks": 4661,
                        "Lossy Heap Blocks": 0,
                        "Plans": [
                          {
                            "Node Type": "Bitmap Index Scan",
                            "Parent Relationship": "Outer",
                            "Parallel Aware": false,
                            "Index Name": "company_id_movie_companies",
                            "Startup Cost": 0.0,
                            "Total Cost": 8950.64,
                            "Plan Rows": 417895,
                            "Plan Width": 0,
                            "Actual Startup Time": 35.902,
                            "Actual Total Time": 35.902,
                            "Actual Rows": 425127,
                            "Actual Loops": 1,
                            "Index Cond": "(company_id > 79698)"
                          }
                        ]
                      }
                    ]
                  }
                ]
              }
            ]
          }
        ]
      }
    ]
  },
  "Planning Time": 0.912,
  "Triggers": [],
  "Execution Time": 2515.197
}