[
    {
        "Bao": {
            "Bao prediction": "NaN",
            "Bao recommended hint": "(no hint)"
        }
    },
    {
        "Plan": {
            "Node Type": "Aggregate",
            "Strategy": "Plain",
            "Partial Mode": "Simple",
            "Parallel Aware": false,
            "Startup Cost": 39911.08,
            "Total Cost": 39911.09,
            "Plan Rows": 1,
            "Plan Width": 8,
            "Actual Startup Time": 39.568,
            "Actual Total Time": 39.57,
            "Actual Rows": 1,
            "Actual Loops": 1,
            "Output": [
                "count(*)"
            ],
            "Plans": [
                {
                    "Node Type": "Bitmap Heap Scan",
                    "Parent Relationship": "Outer",
                    "Parallel Aware": false,
                    "Relation Name": "title",
                    "Schema": "public",
                    "Alias": "t",
                    "Startup Cost": 2109.71,
                    "Total Cost": 39880.06,
                    "Plan Rows": 12408,
                    "Plan Width": 0,
                    "Actual Startup Time": 12.013,
                    "Actual Total Time": 39.561,
                    "Actual Rows": 3,
                    "Actual Loops": 1,
                    "Recheck Cond": "(t.kind_id = 4)",
                    "Rows Removed by Index Recheck": 0,
                    "Filter": "(t.production_year < 1962)",
                    "Rows Removed by Filter": 118231,
                    "Exact Heap Blocks": 12711,
                    "Lossy Heap Blocks": 0,
                    "Plans": [
                        {
                            "Node Type": "Bitmap Index Scan",
                            "Parent Relationship": "Outer",
                            "Parallel Aware": false,
                            "Index Name": "kind_id_title",
                            "Startup Cost": 0.0,
                            "Total Cost": 2106.61,
                            "Plan Rows": 118157,
                            "Plan Width": 0,
                            "Actual Startup Time": 7.171,
                            "Actual Total Time": 7.172,
                            "Actual Rows": 118234,
                            "Actual Loops": 1,
                            "Index Cond": "(t.kind_id = 4)"
                        }
                    ]
                }
            ]
        },
        "Planning Time": 184.619,
        "Triggers": [],
        "Execution Time": 39.653
    }
]