[
    {
        "Bao": {
            "Bao prediction": "NaN",
            "Bao recommended hint": "(no hint)"
        }
    },
    {
        "Plan": {
            "Node Type": "Aggregate",
            "Strategy": "Plain",
            "Partial Mode": "Finalize",
            "Parallel Aware": false,
            "Startup Cost": 36019.66,
            "Total Cost": 36019.67,
            "Plan Rows": 1,
            "Plan Width": 8,
            "Actual Startup Time": 120.773,
            "Actual Total Time": 127.426,
            "Actual Rows": 1,
            "Actual Loops": 1,
            "Output": [
                "count(*)"
            ],
            "Plans": [
                {
                    "Node Type": "Gather",
                    "Parent Relationship": "Outer",
                    "Parallel Aware": false,
                    "Startup Cost": 36019.34,
                    "Total Cost": 36019.65,
                    "Plan Rows": 3,
                    "Plan Width": 8,
                    "Actual Startup Time": 120.434,
                    "Actual Total Time": 127.416,
                    "Actual Rows": 4,
                    "Actual Loops": 1,
                    "Output": [
                        "(PARTIAL count(*))"
                    ],
                    "Workers Planned": 3,
                    "Workers Launched": 3,
                    "Single Copy": false,
                    "Plans": [
                        {
                            "Node Type": "Aggregate",
                            "Strategy": "Plain",
                            "Partial Mode": "Partial",
                            "Parent Relationship": "Outer",
                            "Parallel Aware": false,
                            "Startup Cost": 35019.34,
                            "Total Cost": 35019.35,
                            "Plan Rows": 1,
                            "Plan Width": 8,
                            "Actual Startup Time": 111.72,
                            "Actual Total Time": 111.722,
                            "Actual Rows": 1,
                            "Actual Loops": 4,
                            "Output": [
                                "PARTIAL count(*)"
                            ],
                            "Workers": [
                                {
                                    "Worker Number": 0,
                                    "Actual Startup Time": 108.448,
                                    "Actual Total Time": 108.449,
                                    "Actual Rows": 1,
                                    "Actual Loops": 1
                                },
                                {
                                    "Worker Number": 1,
                                    "Actual Startup Time": 108.955,
                                    "Actual Total Time": 108.957,
                                    "Actual Rows": 1,
                                    "Actual Loops": 1
                                },
                                {
                                    "Worker Number": 2,
                                    "Actual Startup Time": 109.372,
                                    "Actual Total Time": 109.374,
                                    "Actual Rows": 1,
                                    "Actual Loops": 1
                                }
                            ],
                            "Plans": [
                                {
                                    "Node Type": "Bitmap Heap Scan",
                                    "Parent Relationship": "Outer",
                                    "Parallel Aware": true,
                                    "Relation Name": "movie_keyword",
                                    "Schema": "public",
                                    "Alias": "mk",
                                    "Startup Cost": 8603.17,
                                    "Total Cost": 34692.31,
                                    "Plan Rows": 130811,
                                    "Plan Width": 0,
                                    "Actual Startup Time": 31.534,
                                    "Actual Total Time": 104.288,
                                    "Actual Rows": 99767,
                                    "Actual Loops": 4,
                                    "Recheck Cond": "(mk.keyword_id > 43443)",
                                    "Rows Removed by Index Recheck": 0,
                                    "Exact Heap Blocks": 9005,
                                    "Lossy Heap Blocks": 0,
                                    "Workers": [
                                        {
                                            "Worker Number": 0,
                                            "Actual Startup Time": 28.469,
                                            "Actual Total Time": 102.196,
                                            "Actual Rows": 68395,
                                            "Actual Loops": 1
                                        },
                                        {
                                            "Worker Number": 1,
                                            "Actual Startup Time": 28.805,
                                            "Actual Total Time": 102.282,
                                            "Actual Rows": 71665,
                                            "Actual Loops": 1
                                        },
                                        {
                                            "Worker Number": 2,
                                            "Actual Startup Time": 29.195,
                                            "Actual Total Time": 102.773,
                                            "Actual Rows": 100562,
                                            "Actual Loops": 1
                                        }
                                    ],
                                    "Plans": [
                                        {
                                            "Node Type": "Bitmap Index Scan",
                                            "Parent Relationship": "Outer",
                                            "Parallel Aware": false,
                                            "Index Name": "keyword_id_movie_keyword",
                                            "Startup Cost": 0.0,
                                            "Total Cost": 8501.8,
                                            "Plan Rows": 405515,
                                            "Plan Width": 0,
                                            "Actual Startup Time": 34.391,
                                            "Actual Total Time": 34.392,
                                            "Actual Rows": 399069,
                                            "Actual Loops": 1,
                                            "Index Cond": "(mk.keyword_id > 43443)"
                                        }
                                    ]
                                }
                            ]
                        }
                    ]
                }
            ]
        },
        "Planning Time": 281.915,
        "Triggers": [],
        "Execution Time": 127.483
    }
]