[
    {
        "Bao": {
            "Bao prediction": "NaN",
            "Bao recommended hint": "(no hint)"
        }
    },
    {
        "Plan": {
            "Node Type": "Aggregate",
            "Strategy": "Plain",
            "Partial Mode": "Finalize",
            "Parallel Aware": false,
            "Startup Cost": 299985.54,
            "Total Cost": 299985.55,
            "Plan Rows": 1,
            "Plan Width": 8,
            "Actual Startup Time": 676.637,
            "Actual Total Time": 715.306,
            "Actual Rows": 1,
            "Actual Loops": 1,
            "Output": [
                "count(*)"
            ],
            "Plans": [
                {
                    "Node Type": "Gather",
                    "Parent Relationship": "Outer",
                    "Parallel Aware": false,
                    "Startup Cost": 299985.02,
                    "Total Cost": 299985.53,
                    "Plan Rows": 5,
                    "Plan Width": 8,
                    "Actual Startup Time": 674.691,
                    "Actual Total Time": 715.297,
                    "Actual Rows": 6,
                    "Actual Loops": 1,
                    "Output": [
                        "(PARTIAL count(*))"
                    ],
                    "Workers Planned": 5,
                    "Workers Launched": 5,
                    "Single Copy": false,
                    "Plans": [
                        {
                            "Node Type": "Aggregate",
                            "Strategy": "Plain",
                            "Partial Mode": "Partial",
                            "Parent Relationship": "Outer",
                            "Parallel Aware": false,
                            "Startup Cost": 298985.02,
                            "Total Cost": 298985.03,
                            "Plan Rows": 1,
                            "Plan Width": 8,
                            "Actual Startup Time": 664.883,
                            "Actual Total Time": 664.932,
                            "Actual Rows": 1,
                            "Actual Loops": 6,
                            "Output": [
                                "PARTIAL count(*)"
                            ],
                            "Workers": [
                                {
                                    "Worker Number": 0,
                                    "Actual Startup Time": 662.502,
                                    "Actual Total Time": 662.508,
                                    "Actual Rows": 1,
                                    "Actual Loops": 1
                                },
                                {
                                    "Worker Number": 1,
                                    "Actual Startup Time": 663.046,
                                    "Actual Total Time": 663.051,
                                    "Actual Rows": 1,
                                    "Actual Loops": 1
                                },
                                {
                                    "Worker Number": 2,
                                    "Actual Startup Time": 663.233,
                                    "Actual Total Time": 663.238,
                                    "Actual Rows": 1,
                                    "Actual Loops": 1
                                },
                                {
                                    "Worker Number": 3,
                                    "Actual Startup Time": 663.054,
                                    "Actual Total Time": 663.059,
                                    "Actual Rows": 1,
                                    "Actual Loops": 1
                                },
                                {
                                    "Worker Number": 4,
                                    "Actual Startup Time": 663.43,
                                    "Actual Total Time": 663.436,
                                    "Actual Rows": 1,
                                    "Actual Loops": 1
                                }
                            ],
                            "Plans": [
                                {
                                    "Node Type": "Hash Join",
                                    "Parent Relationship": "Outer",
                                    "Parallel Aware": true,
                                    "Join Type": "Inner",
                                    "Startup Cost": 90774.7,
                                    "Total Cost": 298163.47,
                                    "Plan Rows": 328618,
                                    "Plan Width": 0,
                                    "Actual Startup Time": 221.918,
                                    "Actual Total Time": 659.78,
                                    "Actual Rows": 120188,
                                    "Actual Loops": 6,
                                    "Inner Unique": false,
                                    "Hash Cond": "(mi.movie_id = t.id)",
                                    "Workers": [
                                        {
                                            "Worker Number": 0,
                                            "Actual Startup Time": 219.618,
                                            "Actual Total Time": 657.654,
                                            "Actual Rows": 122692,
                                            "Actual Loops": 1
                                        },
                                        {
                                            "Worker Number": 1,
                                            "Actual Startup Time": 220.095,
                                            "Actual Total Time": 657.903,
                                            "Actual Rows": 129797,
                                            "Actual Loops": 1
                                        },
                                        {
                                            "Worker Number": 2,
                                            "Actual Startup Time": 220.072,
                                            "Actual Total Time": 658.005,
                                            "Actual Rows": 131264,
                                            "Actual Loops": 1
                                        },
                                        {
                                            "Worker Number": 3,
                                            "Actual Startup Time": 220.161,
                                            "Actual Total Time": 658.305,
                                            "Actual Rows": 117830,
                                            "Actual Loops": 1
                                        },
                                        {
                                            "Worker Number": 4,
                                            "Actual Startup Time": 220.54,
                                            "Actual Total Time": 658.372,
                                            "Actual Rows": 77692,
                                            "Actual Loops": 1
                                        }
                                    ],
                                    "Plans": [
                                        {
                                            "Node Type": "Seq Scan",
                                            "Parent Relationship": "Outer",
                                            "Parallel Aware": true,
                                            "Relation Name": "movie_info",
                                            "Schema": "public",
                                            "Alias": "mi",
                                            "Startup Cost": 0.0,
                                            "Total Cost": 198880.74,
                                            "Plan Rows": 1986127,
                                            "Plan Width": 4,
                                            "Actual Startup Time": 14.58,
                                            "Actual Total Time": 313.364,
                                            "Actual Rows": 1651959,
                                            "Actual Loops": 6,
                                            "Output": [
                                                "mi.id",
                                                "mi.movie_id",
                                                "mi.info_type_id",
                                                "mi.info",
                                                "mi.note"
                                            ],
                                            "Filter": "(mi.info_type_id > 4)",
                                            "Rows Removed by Filter": 820661,
                                            "Workers": [
                                                {
                                                    "Worker Number": 0,
                                                    "Actual Startup Time": 14.513,
                                                    "Actual Total Time": 318.638,
                                                    "Actual Rows": 1655889,
                                                    "Actual Loops": 1
                                                },
                                                {
                                                    "Worker Number": 1,
                                                    "Actual Startup Time": 14.588,
                                                    "Actual Total Time": 315.09,
                                                    "Actual Rows": 1689958,
                                                    "Actual Loops": 1
                                                },
                                                {
                                                    "Worker Number": 2,
                                                    "Actual Startup Time": 14.603,
                                                    "Actual Total Time": 315.219,
                                                    "Actual Rows": 1684784,
                                                    "Actual Loops": 1
                                                },
                                                {
                                                    "Worker Number": 3,
                                                    "Actual Startup Time": 14.602,
                                                    "Actual Total Time": 315.947,
                                                    "Actual Rows": 1684972,
                                                    "Actual Loops": 1
                                                },
                                                {
                                                    "Worker Number": 4,
                                                    "Actual Startup Time": 14.592,
                                                    "Actual Total Time": 319.141,
                                                    "Actual Rows": 1067179,
                                                    "Actual Loops": 1
                                                }
                                            ]
                                        },
                                        {
                                            "Node Type": "Hash",
                                            "Parent Relationship": "Inner",
                                            "Parallel Aware": true,
                                            "Startup Cost": 89087.89,
                                            "Total Cost": 89087.89,
                                            "Plan Rows": 134945,
                                            "Plan Width": 8,
                                            "Actual Startup Time": 205.44,
                                            "Actual Total Time": 205.487,
                                            "Actual Rows": 12110,
                                            "Actual Loops": 6,
                                            "Output": [
                                                "t.id",
                                                "mk.movie_id"
                                            ],
                                            "Hash Buckets": 524288,
                                            "Original Hash Buckets": 524288,
                                            "Hash Batches": 1,
                                            "Original Hash Batches": 1,
                                            "Peak Memory Usage": 7008,
                                            "Workers": [
                                                {
                                                    "Worker Number": 0,
                                                    "Actual Startup Time": 204.042,
                                                    "Actual Total Time": 204.046,
                                                    "Actual Rows": 12612,
                                                    "Actual Loops": 1
                                                },
                                                {
                                                    "Worker Number": 1,
                                                    "Actual Startup Time": 204.636,
                                                    "Actual Total Time": 204.639,
                                                    "Actual Rows": 11513,
                                                    "Actual Loops": 1
                                                },
                                                {
                                                    "Worker Number": 2,
                                                    "Actual Startup Time": 204.628,
                                                    "Actual Total Time": 204.631,
                                                    "Actual Rows": 13889,
                                                    "Actual Loops": 1
                                                },
                                                {
                                                    "Worker Number": 3,
                                                    "Actual Startup Time": 204.613,
                                                    "Actual Total Time": 204.616,
                                                    "Actual Rows": 12658,
                                                    "Actual Loops": 1
                                                },
                                                {
                                                    "Worker Number": 4,
                                                    "Actual Startup Time": 204.956,
                                                    "Actual Total Time": 204.96,
                                                    "Actual Rows": 8138,
                                                    "Actual Loops": 1
                                                }
                                            ],
                                            "Plans": [
                                                {
                                                    "Node Type": "Hash Join",
                                                    "Parent Relationship": "Outer",
                                                    "Parallel Aware": true,
                                                    "Join Type": "Inner",
                                                    "Startup Cost": 46209.81,
                                                    "Total Cost": 89087.89,
                                                    "Plan Rows": 134945,
                                                    "Plan Width": 8,
                                                    "Actual Startup Time": 82.643,
                                                    "Actual Total Time": 202.317,
                                                    "Actual Rows": 12110,
                                                    "Actual Loops": 6,
                                                    "Output": [
                                                        "t.id",
                                                        "mk.movie_id"
                                                    ],
                                                    "Inner Unique": true,
                                                    "Hash Cond": "(mk.movie_id = t.id)",
                                                    "Workers": [
                                                        {
                                                            "Worker Number": 0,
                                                            "Actual Startup Time": 81.149,
                                                            "Actual Total Time": 200.446,
                                                            "Actual Rows": 12612,
                                                            "Actual Loops": 1
                                                        },
                                                        {
                                                            "Worker Number": 1,
                                                            "Actual Startup Time": 81.28,
                                                            "Actual Total Time": 201.137,
                                                            "Actual Rows": 11513,
                                                            "Actual Loops": 1
                                                        },
                                                        {
                                                            "Worker Number": 2,
                                                            "Actual Startup Time": 81.403,
                                                            "Actual Total Time": 201.553,
                                                            "Actual Rows": 13889,
                                                            "Actual Loops": 1
                                                        },
                                                        {
                                                            "Worker Number": 3,
                                                            "Actual Startup Time": 82.243,
                                                            "Actual Total Time": 201.799,
                                                            "Actual Rows": 12658,
                                                            "Actual Loops": 1
                                                        },
                                                        {
                                                            "Worker Number": 4,
                                                            "Actual Startup Time": 82.547,
                                                            "Actual Total Time": 201.463,
                                                            "Actual Rows": 8138,
                                                            "Actual Loops": 1
                                                        }
                                                    ],
                                                    "Plans": [
                                                        {
                                                            "Node Type": "Seq Scan",
                                                            "Parent Relationship": "Outer",
                                                            "Parallel Aware": true,
                                                            "Relation Name": "movie_keyword",
                                                            "Schema": "public",
                                                            "Alias": "mk",
                                                            "Startup Cost": 0.0,
                                                            "Total Cost": 39047.32,
                                                            "Plan Rows": 1459332,
                                                            "Plan Width": 4,
                                                            "Actual Startup Time": 0.018,
                                                            "Actual Total Time": 60.956,
                                                            "Actual Rows": 753988,
                                                            "Actual Loops": 6,
                                                            "Output": [
                                                                "mk.id",
                                                                "mk.movie_id",
                                                                "mk.keyword_id"
                                                            ],
                                                            "Workers": [
                                                                {
                                                                    "Worker Number": 0,
                                                                    "Actual Startup Time": 0.021,
                                                                    "Actual Total Time": 61.937,
                                                                    "Actual Rows": 776630,
                                                                    "Actual Loops": 1
                                                                },
                                                                {
                                                                    "Worker Number": 1,
                                                                    "Actual Startup Time": 0.012,
                                                                    "Actual Total Time": 61.576,
                                                                    "Actual Rows": 786435,
                                                                    "Actual Loops": 1
                                                                },
                                                                {
                                                                    "Worker Number": 2,
                                                                    "Actual Startup Time": 0.013,
                                                                    "Actual Total Time": 61.888,
                                                                    "Actual Rows": 785140,
                                                                    "Actual Loops": 1
                                                                },
                                                                {
                                                                    "Worker Number": 3,
                                                                    "Actual Startup Time": 0.021,
                                                                    "Actual Total Time": 61.961,
                                                                    "Actual Rows": 786065,
                                                                    "Actual Loops": 1
                                                                },
                                                                {
                                                                    "Worker Number": 4,
                                                                    "Actual Startup Time": 0.032,
                                                                    "Actual Total Time": 62.107,
                                                                    "Actual Rows": 490805,
                                                                    "Actual Loops": 1
                                                                }
                                                            ]
                                                        },
                                                        {
                                                            "Node Type": "Hash",
                                                            "Parent Relationship": "Inner",
                                                            "Parallel Aware": true,
                                                            "Startup Cost": 45479.21,
                                                            "Total Cost": 45479.21,
                                                            "Plan Rows": 58448,
                                                            "Plan Width": 4,
                                                            "Actual Startup Time": 81.635,
                                                            "Actual Total Time": 81.636,
                                                            "Actual Rows": 21592,
                                                            "Actual Loops": 6,
                                                            "Output": [
                                                                "t.id"
                                                            ],
                                                            "Hash Buckets": 262144,
                                                            "Original Hash Buckets": 262144,
                                                            "Hash Batches": 1,
                                                            "Original Hash Batches": 1,
                                                            "Peak Memory Usage": 7200,
                                                            "Workers": [
                                                                {
                                                                    "Worker Number": 0,
                                                                    "Actual Startup Time": 80.614,
                                                                    "Actual Total Time": 80.615,
                                                                    "Actual Rows": 18473,
                                                                    "Actual Loops": 1
                                                                },
                                                                {
                                                                    "Worker Number": 1,
                                                                    "Actual Startup Time": 81.115,
                                                                    "Actual Total Time": 81.117,
                                                                    "Actual Rows": 19102,
                                                                    "Actual Loops": 1
                                                                },
                                                                {
                                                                    "Worker Number": 2,
                                                                    "Actual Startup Time": 81.107,
                                                                    "Actual Total Time": 81.108,
                                                                    "Actual Rows": 18553,
                                                                    "Actual Loops": 1
                                                                },
                                                                {
                                                                    "Worker Number": 3,
                                                                    "Actual Startup Time": 81.104,
                                                                    "Actual Total Time": 81.105,
                                                                    "Actual Rows": 19338,
                                                                    "Actual Loops": 1
                                                                },
                                                                {
                                                                    "Worker Number": 4,
                                                                    "Actual Startup Time": 81.543,
                                                                    "Actual Total Time": 81.545,
                                                                    "Actual Rows": 14130,
                                                                    "Actual Loops": 1
                                                                }
                                                            ],
                                                            "Plans": [
                                                                {
                                                                    "Node Type": "Seq Scan",
                                                                    "Parent Relationship": "Outer",
                                                                    "Parallel Aware": true,
                                                                    "Relation Name": "title",
                                                                    "Schema": "public",
                                                                    "Alias": "t",
                                                                    "Startup Cost": 0.0,
                                                                    "Total Cost": 45479.21,
                                                                    "Plan Rows": 58448,
                                                                    "Plan Width": 4,
                                                                    "Actual Startup Time": 0.04,
                                                                    "Actual Total Time": 72.276,
                                                                    "Actual Rows": 21592,
                                                                    "Actual Loops": 6,
                                                                    "Output": [
                                                                        "t.id"
                                                                    ],
                                                                    "Filter": "((t.production_year < 1971) AND (t.kind_id = 7))",
                                                                    "Rows Removed by Filter": 399793,
                                                                    "Workers": [
                                                                        {
                                                                            "Worker Number": 0,
                                                                            "Actual Startup Time": 0.04,
                                                                            "Actual Total Time": 72.034,
                                                                            "Actual Rows": 18473,
                                                                            "Actual Loops": 1
                                                                        },
                                                                        {
                                                                            "Worker Number": 1,
                                                                            "Actual Startup Time": 0.032,
                                                                            "Actual Total Time": 72.202,
                                                                            "Actual Rows": 19102,
                                                                            "Actual Loops": 1
                                                                        },
                                                                        {
                                                                            "Worker Number": 2,
                                                                            "Actual Startup Time": 0.057,
                                                                            "Actual Total Time": 71.588,
                                                                            "Actual Rows": 18553,
                                                                            "Actual Loops": 1
                                                                        },
                                                                        {
                                                                            "Worker Number": 3,
                                                                            "Actual Startup Time": 0.057,
                                                                            "Actual Total Time": 71.967,
                                                                            "Actual Rows": 19338,
                                                                            "Actual Loops": 1
                                                                        },
                                                                        {
                                                                            "Worker Number": 4,
                                                                            "Actual Startup Time": 0.043,
                                                                            "Actual Total Time": 73.019,
                                                                            "Actual Rows": 14130,
                                                                            "Actual Loops": 1
                                                                        }
                                                                    ]
                                                                }
                                                            ]
                                                        }
                                                    ]
                                                }
                                            ]
                                        }
                                    ]
                                }
                            ]
                        }
                    ]
                }
            ]
        },
        "Planning Time": 214.783,
        "Triggers": [],
        "Execution Time": 715.423
    }
]