[
    {
        "Bao": {
            "Bao prediction": "NaN",
            "Bao recommended hint": "(no hint)"
        }
    },
    {
        "Plan": {
            "Node Type": "Aggregate",
            "Strategy": "Plain",
            "Partial Mode": "Finalize",
            "Parallel Aware": false,
            "Startup Cost": 31618.01,
            "Total Cost": 31618.02,
            "Plan Rows": 1,
            "Plan Width": 8,
            "Actual Startup Time": 117.822,
            "Actual Total Time": 122.805,
            "Actual Rows": 1,
            "Actual Loops": 1,
            "Output": [
                "count(*)"
            ],
            "Plans": [
                {
                    "Node Type": "Gather",
                    "Parent Relationship": "Outer",
                    "Parallel Aware": false,
                    "Startup Cost": 31617.69,
                    "Total Cost": 31618.0,
                    "Plan Rows": 3,
                    "Plan Width": 8,
                    "Actual Startup Time": 117.743,
                    "Actual Total Time": 122.795,
                    "Actual Rows": 4,
                    "Actual Loops": 1,
                    "Output": [
                        "(PARTIAL count(*))"
                    ],
                    "Workers Planned": 3,
                    "Workers Launched": 3,
                    "Single Copy": false,
                    "Plans": [
                        {
                            "Node Type": "Aggregate",
                            "Strategy": "Plain",
                            "Partial Mode": "Partial",
                            "Parent Relationship": "Outer",
                            "Parallel Aware": false,
                            "Startup Cost": 30617.69,
                            "Total Cost": 30617.7,
                            "Plan Rows": 1,
                            "Plan Width": 8,
                            "Actual Startup Time": 109.545,
                            "Actual Total Time": 109.546,
                            "Actual Rows": 1,
                            "Actual Loops": 4,
                            "Output": [
                                "PARTIAL count(*)"
                            ],
                            "Workers": [
                                {
                                    "Worker Number": 0,
                                    "Actual Startup Time": 106.75,
                                    "Actual Total Time": 106.751,
                                    "Actual Rows": 1,
                                    "Actual Loops": 1
                                },
                                {
                                    "Worker Number": 1,
                                    "Actual Startup Time": 107.029,
                                    "Actual Total Time": 107.03,
                                    "Actual Rows": 1,
                                    "Actual Loops": 1
                                },
                                {
                                    "Worker Number": 2,
                                    "Actual Startup Time": 107.099,
                                    "Actual Total Time": 107.099,
                                    "Actual Rows": 1,
                                    "Actual Loops": 1
                                }
                            ],
                            "Plans": [
                                {
                                    "Node Type": "Seq Scan",
                                    "Parent Relationship": "Outer",
                                    "Parallel Aware": true,
                                    "Relation Name": "movie_companies",
                                    "Schema": "public",
                                    "Alias": "mc",
                                    "Startup Cost": 0.0,
                                    "Total Cost": 29310.68,
                                    "Plan Rows": 522805,
                                    "Plan Width": 0,
                                    "Actual Startup Time": 4.415,
                                    "Actual Total Time": 87.57,
                                    "Actual Rows": 405501,
                                    "Actual Loops": 4,
                                    "Output": [
                                        "id",
                                        "movie_id",
                                        "company_id",
                                        "company_type_id",
                                        "note"
                                    ],
                                    "Filter": "(mc.company_id > 4538)",
                                    "Rows Removed by Filter": 246782,
                                    "Workers": [
                                        {
                                            "Worker Number": 0,
                                            "Actual Startup Time": 1.683,
                                            "Actual Total Time": 85.535,
                                            "Actual Rows": 301574,
                                            "Actual Loops": 1
                                        },
                                        {
                                            "Worker Number": 1,
                                            "Actual Startup Time": 1.882,
                                            "Actual Total Time": 85.873,
                                            "Actual Rows": 463762,
                                            "Actual Loops": 1
                                        },
                                        {
                                            "Worker Number": 2,
                                            "Actual Startup Time": 1.964,
                                            "Actual Total Time": 85.923,
                                            "Actual Rows": 473561,
                                            "Actual Loops": 1
                                        }
                                    ]
                                }
                            ]
                        }
                    ]
                }
            ]
        },
        "Planning Time": 300.416,
        "Triggers": [],
        "Execution Time": 122.873
    }
]