[
  {
    "Plan": {
      "Node Type": "Aggregate",
      "Strategy": "Plain",
      "Partial Mode": "Finalize",
      "Parallel Aware": false,
      "Startup Cost": 336021.25,
      "Total Cost": 336021.26,
      "Plan Rows": 1,
      "Plan Width": 8,
      "Actual Startup Time": 801.857,
      "Actual Total Time": 865.252,
      "Actual Rows": 1,
      "Actual Loops": 1,
      "Plans": [
        {
          "Node Type": "Gather",
          "Parent Relationship": "Outer",
          "Parallel Aware": false,
          "Startup Cost": 336020.62,
          "Total Cost": 336021.23,
          "Plan Rows": 6,
          "Plan Width": 8,
          "Actual Startup Time": 801.633,
          "Actual Total Time": 865.238,
          "Actual Rows": 7,
          "Actual Loops": 1,
          "Workers Planned": 6,
          "Workers Launched": 6,
          "Single Copy": false,
          "Plans": [
            {
              "Node Type": "Aggregate",
              "Strategy": "Plain",
              "Partial Mode": "Partial",
              "Parent Relationship": "Outer",
              "Parallel Aware": false,
              "Startup Cost": 335020.62,
              "Total Cost": 335020.63,
              "Plan Rows": 1,
              "Plan Width": 8,
              "Actual Startup Time": 791.234,
              "Actual Total Time": 791.237,
              "Actual Rows": 1,
              "Actual Loops": 7,
              "Plans": [
                {
                  "Node Type": "Seq Scan",
                  "Parent Relationship": "Outer",
                  "Parallel Aware": true,
                  "Relation Name": "cast_info",
                  "Alias": "ci",
                  "Startup Cost": 0.0,
                  "Total Cost": 328211.39,
                  "Plan Rows": 2723692,
                  "Plan Width": 0,
                  "Actual Startup Time": 240.999,
                  "Actual Total Time": 678.466,
                  "Actual Rows": 2298654,
                  "Actual Loops": 7,
                  "Filter": "(person_id > 2024573)",
                  "Rows Removed by Filter": 2879110
                }
              ]
            }
          ]
        }
      ]
    },
    "Planning Time": 0.151,
    "Triggers": [],
    "Execution Time": 865.317
  }
]