[
  {
    "Plan": {
      "Node Type": "Aggregate",
      "Strategy": "Plain",
      "Partial Mode": "Finalize",
      "Parallel Aware": false,
      "Startup Cost": 335878.73,
      "Total Cost": 335878.74,
      "Plan Rows": 1,
      "Plan Width": 8,
      "Actual Startup Time": 651.308,
      "Actual Total Time": 704.739,
      "Actual Rows": 1,
      "Actual Loops": 1,
      "Plans": [
        {
          "Node Type": "Gather",
          "Parent Relationship": "Outer",
          "Parallel Aware": false,
          "Startup Cost": 335878.1,
          "Total Cost": 335878.71,
          "Plan Rows": 6,
          "Plan Width": 8,
          "Actual Startup Time": 651.205,
          "Actual Total Time": 704.729,
          "Actual Rows": 7,
          "Actual Loops": 1,
          "Workers Planned": 6,
          "Workers Launched": 6,
          "Single Copy": false,
          "Plans": [
            {
              "Node Type": "Aggregate",
              "Strategy": "Plain",
              "Partial Mode": "Partial",
              "Parent Relationship": "Outer",
              "Parallel Aware": false,
              "Startup Cost": 334878.1,
              "Total Cost": 334878.11,
              "Plan Rows": 1,
              "Plan Width": 8,
              "Actual Startup Time": 643.403,
              "Actual Total Time": 643.404,
              "Actual Rows": 1,
              "Actual Loops": 7,
              "Plans": [
                {
                  "Node Type": "Seq Scan",
                  "Parent Relationship": "Outer",
                  "Parallel Aware": true,
                  "Relation Name": "cast_info",
                  "Alias": "ci",
                  "Startup Cost": 0.0,
                  "Total Cost": 328162.03,
                  "Plan Rows": 2686431,
                  "Plan Width": 0,
                  "Actual Startup Time": 212.683,
                  "Actual Total Time": 554.343,
                  "Actual Rows": 2298654,
                  "Actual Loops": 7,
                  "Filter": "(person_id > 2024573)",
                  "Rows Removed by Filter": 2879110
                }
              ]
            }
          ]
        }
      ]
    },
    "Planning Time": 0.194,
    "Triggers": [],
    "Execution Time": 704.81
  }
]