[
  {
    "Plan": {
      "Node Type": "Aggregate",
      "Strategy": "Plain",
      "Partial Mode": "Finalize",
      "Parallel Aware": false,
      "Startup Cost": 465619.46,
      "Total Cost": 465619.47,
      "Plan Rows": 1,
      "Plan Width": 8,
      "Actual Startup Time": 1991.521,
      "Actual Total Time": 2046.774,
      "Actual Rows": 1,
      "Actual Loops": 1,
      "Plans": [
        {
          "Node Type": "Gather",
          "Parent Relationship": "Outer",
          "Parallel Aware": false,
          "Startup Cost": 465618.93,
          "Total Cost": 465619.44,
          "Plan Rows": 5,
          "Plan Width": 8,
          "Actual Startup Time": 1964.273,
          "Actual Total Time": 2046.743,
          "Actual Rows": 6,
          "Actual Loops": 1,
          "Workers Planned": 5,
          "Workers Launched": 5,
          "Single Copy": false,
          "Plans": [
            {
              "Node Type": "Aggregate",
              "Strategy": "Plain",
              "Partial Mode": "Partial",
              "Parent Relationship": "Outer",
              "Parallel Aware": false,
              "Startup Cost": 464618.93,
              "Total Cost": 464618.94,
              "Plan Rows": 1,
              "Plan Width": 8,
              "Actual Startup Time": 1953.806,
              "Actual Total Time": 1954.877,
              "Actual Rows": 1,
              "Actual Loops": 6,
              "Plans": [
                {
                  "Node Type": "Hash Join",
                  "Parent Relationship": "Outer",
                  "Parallel Aware": true,
                  "Join Type": "Inner",
                  "Startup Cost": 258614.92,
                  "Total Cost": 463614.8,
                  "Plan Rows": 401652,
                  "Plan Width": 0,
                  "Actual Startup Time": 1001.085,
                  "Actual Total Time": 1873.839,
                  "Actual Rows": 1787565,
                  "Actual Loops": 6,
                  "Inner Unique": false,
                  "Hash Cond": "(mi.movie_id = t.id)",
                  "Plans": [
                    {
                      "Node Type": "Seq Scan",
                      "Parent Relationship": "Outer",
                      "Parallel Aware": true,
                      "Relation Name": "movie_info",
                      "Alias": "mi",
                      "Startup Cost": 0.0,
                      "Total Cost": 198952.16,
                      "Plan Rows": 1434213,
                      "Plan Width": 4,
                      "Actual Startup Time": 0.031,
                      "Actual Total Time": 343.256,
                      "Actual Rows": 1214478,
                      "Actual Loops": 6,
                      "Filter": "(info_type_id < 8)",
                      "Rows Removed by Filter": 1258142
                    },
                    {
                      "Node Type": "Hash",
                      "Parent Relationship": "Inner",
                      "Parallel Aware": true,
                      "Startup Cost": 257139.82,
                      "Total Cost": 257139.82,
                      "Plan Rows": 118008,
                      "Plan Width": 8,
                      "Actual Startup Time": 996.638,
                      "Actual Total Time": 997.707,
                      "Actual Rows": 425746,
                      "Actual Loops": 6,
                      "Hash Buckets": 4194304,
                      "Original Hash Buckets": 1048576,
                      "Hash Batches": 1,
                      "Original Hash Batches": 1,
                      "Peak Memory Usage": 157344,
                      "Plans": [
                        {
                          "Node Type": "Hash Join",
                          "Parent Relationship": "Outer",
                          "Parallel Aware": true,
                          "Join Type": "Inner",
                          "Startup Cost": 47400.53,
                          "Total Cost": 257139.82,
                          "Plan Rows": 118008,
                          "Plan Width": 8,
                          "Actual Startup Time": 179.265,
                          "Actual Total Time": 731.721,
                          "Actual Rows": 425746,
                          "Actual Loops": 6,
                          "Inner Unique": true,
                          "Hash Cond": "(ci.movie_id = t.id)",
                          "Plans": [
                            {
                              "Node Type": "Index Scan",
                              "Parent Relationship": "Outer",
                              "Parallel Aware": true,
                              "Scan Direction": "Forward",
                              "Index Name": "role_id_cast_info",
                              "Relation Name": "cast_info",
                              "Alias": "ci",
                              "Startup Cost": 0.56,
                              "Total Cost": 209040.78,
                              "Plan Rows": 266313,
                              "Plan Width": 4,
                              "Actual Startup Time": 0.241,
                              "Actual Total Time": 262.229,
                              "Actual Rows": 755748,
                              "Actual Loops": 6,
                              "Index Cond": "(role_id > 6)",
                              "Rows Removed by Index Recheck": 0,
                              "Filter": "(person_id > 2935387)",
                              "Rows Removed by Filter": 529692
                            },
                            {
                              "Node Type": "Hash",
                              "Parent Relationship": "Inner",
                              "Parallel Aware": true,
                              "Startup Cost": 43898.92,
                              "Total Cost": 43898.92,
                              "Plan Rows": 280084,
                              "Plan Width": 4,
                              "Actual Startup Time": 175.889,
                              "Actual Total Time": 175.89,
                              "Actual Rows": 184654,
                              "Actual Loops": 6,
                              "Hash Buckets": 2097152,
                              "Original Hash Buckets": 2097152,
                              "Hash Batches": 1,
                              "Original Hash Batches": 1,
                              "Peak Memory Usage": 59808,
                              "Plans": [
                                {
                                  "Node Type": "Seq Scan",
                                  "Parent Relationship": "Outer",
                                  "Parallel Aware": true,
                                  "Relation Name": "title",
                                  "Alias": "t",
                                  "Startup Cost": 0.0,
                                  "Total Cost": 43898.92,
                                  "Plan Rows": 280084,
                                  "Plan Width": 4,
                                  "Actual Startup Time": 0.046,
                                  "Actual Total Time": 85.006,
                                  "Actual Rows": 184654,
                                  "Actual Loops": 6,
                                  "Filter": "(production_year > 2004)",
                                  "Rows Removed by Filter": 236731
                                }
                              ]
                            }
                          ]
                        }
                      ]
                    }
                  ]
                }
              ]
            }
          ]
        }
      ]
    },
    "Planning Time": 1.349,
    "Triggers": [],
    "Execution Time": 2046.879
  }
]