[
  {
    "Plan": {
      "Node Type": "Aggregate",
      "Strategy": "Plain",
      "Partial Mode": "Finalize",
      "Parallel Aware": false,
      "Startup Cost": 33296.7,
      "Total Cost": 33296.71,
      "Plan Rows": 1,
      "Plan Width": 8,
      "Actual Startup Time": 86.63,
      "Actual Total Time": 94.294,
      "Actual Rows": 1,
      "Actual Loops": 1,
      "Plans": [
        {
          "Node Type": "Gather",
          "Parent Relationship": "Outer",
          "Parallel Aware": false,
          "Startup Cost": 33296.38,
          "Total Cost": 33296.69,
          "Plan Rows": 3,
          "Plan Width": 8,
          "Actual Startup Time": 86.504,
          "Actual Total Time": 94.285,
          "Actual Rows": 4,
          "Actual Loops": 1,
          "Workers Planned": 3,
          "Workers Launched": 3,
          "Single Copy": false,
          "Plans": [
            {
              "Node Type": "Aggregate",
              "Strategy": "Plain",
              "Partial Mode": "Partial",
              "Parent Relationship": "Outer",
              "Parallel Aware": false,
              "Startup Cost": 32296.38,
              "Total Cost": 32296.39,
              "Plan Rows": 1,
              "Plan Width": 8,
              "Actual Startup Time": 81.546,
              "Actual Total Time": 81.547,
              "Actual Rows": 1,
              "Actual Loops": 4,
              "Plans": [
                {
                  "Node Type": "Seq Scan",
                  "Parent Relationship": "Outer",
                  "Parallel Aware": true,
                  "Relation Name": "movie_companies",
                  "Alias": "mc",
                  "Startup Cost": 0.0,
                  "Total Cost": 31414.82,
                  "Plan Rows": 352625,
                  "Plan Width": 0,
                  "Actual Startup Time": 39.404,
                  "Actual Total Time": 72.901,
                  "Actual Rows": 215968,
                  "Actual Loops": 4,
                  "Filter": "((company_id < 75976) AND (company_type_id = 2))",
                  "Rows Removed by Filter": 436314
                }
              ]
            }
          ]
        }
      ]
    },
    "Planning Time": 0.118,
    "Triggers": [],
    "Execution Time": 94.338
  }
]