[
    {
        "Bao": {
            "Bao prediction": 753.798,
            "Bao recommended hint": "(no hint)"
        }
    },
    {
        "Plan": {
            "Node Type": "Aggregate",
            "Strategy": "Plain",
            "Partial Mode": "Finalize",
            "Parallel Aware": false,
            "Startup Cost": 79794.6,
            "Total Cost": 79794.61,
            "Plan Rows": 1,
            "Plan Width": 8,
            "Actual Startup Time": 276.761,
            "Actual Total Time": 287.045,
            "Actual Rows": 1,
            "Actual Loops": 1,
            "Output": [
                "count(*)"
            ],
            "Plans": [
                {
                    "Node Type": "Gather",
                    "Parent Relationship": "Outer",
                    "Parallel Aware": false,
                    "Startup Cost": 79794.18,
                    "Total Cost": 79794.59,
                    "Plan Rows": 4,
                    "Plan Width": 8,
                    "Actual Startup Time": 274.516,
                    "Actual Total Time": 287.038,
                    "Actual Rows": 5,
                    "Actual Loops": 1,
                    "Output": [
                        "(PARTIAL count(*))"
                    ],
                    "Workers Planned": 4,
                    "Workers Launched": 4,
                    "Single Copy": false,
                    "Plans": [
                        {
                            "Node Type": "Aggregate",
                            "Strategy": "Plain",
                            "Partial Mode": "Partial",
                            "Parent Relationship": "Outer",
                            "Parallel Aware": false,
                            "Startup Cost": 78794.18,
                            "Total Cost": 78794.19,
                            "Plan Rows": 1,
                            "Plan Width": 8,
                            "Actual Startup Time": 265.469,
                            "Actual Total Time": 265.471,
                            "Actual Rows": 1,
                            "Actual Loops": 5,
                            "Output": [
                                "PARTIAL count(*)"
                            ],
                            "Workers": [
                                {
                                    "Worker Number": 0,
                                    "Actual Startup Time": 263.238,
                                    "Actual Total Time": 263.24,
                                    "Actual Rows": 1,
                                    "Actual Loops": 1
                                },
                                {
                                    "Worker Number": 1,
                                    "Actual Startup Time": 263.266,
                                    "Actual Total Time": 263.268,
                                    "Actual Rows": 1,
                                    "Actual Loops": 1
                                },
                                {
                                    "Worker Number": 2,
                                    "Actual Startup Time": 263.401,
                                    "Actual Total Time": 263.404,
                                    "Actual Rows": 1,
                                    "Actual Loops": 1
                                },
                                {
                                    "Worker Number": 3,
                                    "Actual Startup Time": 263.694,
                                    "Actual Total Time": 263.697,
                                    "Actual Rows": 1,
                                    "Actual Loops": 1
                                }
                            ],
                            "Plans": [
                                {
                                    "Node Type": "Hash Join",
                                    "Parent Relationship": "Outer",
                                    "Parallel Aware": true,
                                    "Join Type": "Inner",
                                    "Startup Cost": 31138.93,
                                    "Total Cost": 78632.3,
                                    "Plan Rows": 64749,
                                    "Plan Width": 0,
                                    "Actual Startup Time": 116.677,
                                    "Actual Total Time": 263.666,
                                    "Actual Rows": 24982,
                                    "Actual Loops": 5,
                                    "Inner Unique": false,
                                    "Hash Cond": "(t.id = mc.movie_id)",
                                    "Workers": [
                                        {
                                            "Worker Number": 0,
                                            "Actual Startup Time": 106.612,
                                            "Actual Total Time": 261.284,
                                            "Actual Rows": 20121,
                                            "Actual Loops": 1
                                        },
                                        {
                                            "Worker Number": 1,
                                            "Actual Startup Time": 126.785,
                                            "Actual Total Time": 261.274,
                                            "Actual Rows": 20499,
                                            "Actual Loops": 1
                                        },
                                        {
                                            "Worker Number": 2,
                                            "Actual Startup Time": 112.183,
                                            "Actual Total Time": 261.749,
                                            "Actual Rows": 28815,
                                            "Actual Loops": 1
                                        },
                                        {
                                            "Worker Number": 3,
                                            "Actual Startup Time": 117.945,
                                            "Actual Total Time": 262.02,
                                            "Actual Rows": 29669,
                                            "Actual Loops": 1
                                        }
                                    ],
                                    "Plans": [
                                        {
                                            "Node Type": "Seq Scan",
                                            "Parent Relationship": "Outer",
                                            "Parallel Aware": true,
                                            "Relation Name": "title",
                                            "Schema": "public",
                                            "Alias": "t",
                                            "Startup Cost": 0.0,
                                            "Total Cost": 45479.21,
                                            "Plan Rows": 361059,
                                            "Plan Width": 4,
                                            "Actual Startup Time": 0.017,
                                            "Actual Total Time": 86.544,
                                            "Actual Rows": 316276,
                                            "Actual Loops": 5,
                                            "Output": [
                                                "t.id",
                                                "t.title",
                                                "t.imdb_index",
                                                "t.kind_id",
                                                "t.production_year",
                                                "t.imdb_id",
                                                "t.phonetic_code",
                                                "t.episode_of_id",
                                                "t.season_nr",
                                                "t.episode_nr",
                                                "t.series_years",
                                                "t.md5sum"
                                            ],
                                            "Filter": "((t.kind_id > 1) AND (t.production_year > 1977))",
                                            "Rows Removed by Filter": 189387,
                                            "Workers": [
                                                {
                                                    "Worker Number": 0,
                                                    "Actual Startup Time": 0.02,
                                                    "Actual Total Time": 91.117,
                                                    "Actual Rows": 260323,
                                                    "Actual Loops": 1
                                                },
                                                {
                                                    "Worker Number": 1,
                                                    "Actual Startup Time": 0.012,
                                                    "Actual Total Time": 91.113,
                                                    "Actual Rows": 261824,
                                                    "Actual Loops": 1
                                                },
                                                {
                                                    "Worker Number": 2,
                                                    "Actual Startup Time": 0.016,
                                                    "Actual Total Time": 82.462,
                                                    "Actual Rows": 357747,
                                                    "Actual Loops": 1
                                                },
                                                {
                                                    "Worker Number": 3,
                                                    "Actual Startup Time": 0.025,
                                                    "Actual Total Time": 85.463,
                                                    "Actual Rows": 378456,
                                                    "Actual Loops": 1
                                                }
                                            ]
                                        },
                                        {
                                            "Node Type": "Hash",
                                            "Parent Relationship": "Inner",
                                            "Parallel Aware": true,
                                            "Startup Cost": 29310.68,
                                            "Total Cost": 29310.68,
                                            "Plan Rows": 146260,
                                            "Plan Width": 4,
                                            "Actual Startup Time": 101.787,
                                            "Actual Total Time": 101.788,
                                            "Actual Rows": 91158,
                                            "Actual Loops": 5,
                                            "Output": [
                                                "mc.movie_id"
                                            ],
                                            "Hash Buckets": 524288,
                                            "Original Hash Buckets": 524288,
                                            "Hash Batches": 1,
                                            "Original Hash Batches": 1,
                                            "Peak Memory Usage": 22016,
                                            "Workers": [
                                                {
                                                    "Worker Number": 0,
                                                    "Actual Startup Time": 101.856,
                                                    "Actual Total Time": 101.857,
                                                    "Actual Rows": 75688,
                                                    "Actual Loops": 1
                                                },
                                                {
                                                    "Worker Number": 1,
                                                    "Actual Startup Time": 101.846,
                                                    "Actual Total Time": 101.847,
                                                    "Actual Rows": 77029,
                                                    "Actual Loops": 1
                                                },
                                                {
                                                    "Worker Number": 2,
                                                    "Actual Startup Time": 102.043,
                                                    "Actual Total Time": 102.044,
                                                    "Actual Rows": 102309,
                                                    "Actual Loops": 1
                                                },
                                                {
                                                    "Worker Number": 3,
                                                    "Actual Startup Time": 102.409,
                                                    "Actual Total Time": 102.409,
                                                    "Actual Rows": 113275,
                                                    "Actual Loops": 1
                                                }
                                            ],
                                            "Plans": [
                                                {
                                                    "Node Type": "Seq Scan",
                                                    "Parent Relationship": "Outer",
                                                    "Parallel Aware": true,
                                                    "Relation Name": "movie_companies",
                                                    "Schema": "public",
                                                    "Alias": "mc",
                                                    "Startup Cost": 0.0,
                                                    "Total Cost": 29310.68,
                                                    "Plan Rows": 146260,
                                                    "Plan Width": 4,
                                                    "Actual Startup Time": 43.213,
                                                    "Actual Total Time": 72.885,
                                                    "Actual Rows": 91158,
                                                    "Actual Loops": 5,
                                                    "Output": [
                                                        "mc.movie_id"
                                                    ],
                                                    "Filter": "(mc.company_id > 76841)",
                                                    "Rows Removed by Filter": 430668,
                                                    "Workers": [
                                                        {
                                                            "Worker Number": 0,
                                                            "Actual Startup Time": 43.147,
                                                            "Actual Total Time": 74.057,
                                                            "Actual Rows": 75688,
                                                            "Actual Loops": 1
                                                        },
                                                        {
                                                            "Worker Number": 1,
                                                            "Actual Startup Time": 43.236,
                                                            "Actual Total Time": 74.465,
                                                            "Actual Rows": 77029,
                                                            "Actual Loops": 1
                                                        },
                                                        {
                                                            "Worker Number": 2,
                                                            "Actual Startup Time": 43.142,
                                                            "Actual Total Time": 70.554,
                                                            "Actual Rows": 102309,
                                                            "Actual Loops": 1
                                                        },
                                                        {
                                                            "Worker Number": 3,
                                                            "Actual Startup Time": 43.216,
                                                            "Actual Total Time": 72.801,
                                                            "Actual Rows": 113275,
                                                            "Actual Loops": 1
                                                        }
                                                    ]
                                                }
                                            ]
                                        }
                                    ]
                                }
                            ]
                        }
                    ]
                }
            ]
        },
        "Planning Time": 670.181,
        "Triggers": [],
        "Execution Time": 287.14
    }
]