{
  "Plan": {
    "Node Type": "Aggregate",
    "Strategy": "Plain",
    "Partial Mode": "Simple",
    "Parallel Aware": false,
    "Startup Cost": 782131.72,
    "Total Cost": 782131.73,
    "Plan Rows": 1,
    "Plan Width": 64,
    "Actual Startup Time": 8854.835,
    "Actual Total Time": 8963.316,
    "Actual Rows": 1,
    "Actual Loops": 1,
    "Plans": [
      {
        "Node Type": "Gather",
        "Parent Relationship": "Outer",
        "Parallel Aware": false,
        "Startup Cost": 695342.61,
        "Total Cost": 782131.72,
        "Plan Rows": 1,
        "Plan Width": 15,
        "Actual Startup Time": 7097.121,
        "Actual Total Time": 8960.939,
        "Actual Rows": 23433,
        "Actual Loops": 1,
        "Workers Planned": 1,
        "Workers Launched": 1,
        "Single Copy": false,
        "Plans": [
          {
            "Node Type": "Nested Loop",
            "Parent Relationship": "Outer",
            "Parallel Aware": false,
            "Join Type": "Inner",
            "Startup Cost": 694342.61,
            "Total Cost": 781131.62,
            "Plan Rows": 1,
            "Plan Width": 15,
            "Actual Startup Time": 7089.059,
            "Actual Total Time": 8835.424,
            "Actual Rows": 11716,
            "Actual Loops": 2,
            "Inner Unique": true,
            "Plans": [
              {
                "Node Type": "Nested Loop",
                "Parent Relationship": "Outer",
                "Parallel Aware": false,
                "Join Type": "Inner",
                "Startup Cost": 694342.19,
                "Total Cost": 781126.26,
                "Plan Rows": 12,
                "Plan Width": 19,
                "Actual Startup Time": 7086.602,
                "Actual Total Time": 8530.323,
                "Actual Rows": 186582,
                "Actual Loops": 2,
                "Inner Unique": false,
                "Plans": [
                  {
                    "Node Type": "Hash Join",
                    "Parent Relationship": "Outer",
                    "Parallel Aware": false,
                    "Join Type": "Inner",
                    "Startup Cost": 694341.76,
                    "Total Cost": 781119.42,
                    "Plan Rows": 12,
                    "Plan Width": 27,
                    "Actual Startup Time": 7086.52,
                    "Actual Total Time": 8356.746,
                    "Actual Rows": 23845,
                    "Actual Loops": 2,
                    "Inner Unique": true,
                    "Hash Cond": "(mk.keyword_id = k.id)",
                    "Plans": [
                      {
                        "Node Type": "Hash Join",
                        "Parent Relationship": "Outer",
                        "Parallel Aware": true,
                        "Join Type": "Inner",
                        "Startup Cost": 691715.62,
                        "Total Cost": 774448.64,
                        "Plan Rows": 1540768,
                        "Plan Width": 31,
                        "Actual Startup Time": 7061.213,
                        "Actual Total Time": 8068.197,
                        "Actual Rows": 5132028,
                        "Actual Loops": 2,
                        "Inner Unique": false,
                        "Hash Cond": "(mk.movie_id = ci.movie_id)",
                        "Plans": [
                          {
                            "Node Type": "Seq Scan",
                            "Parent Relationship": "Outer",
                            "Parallel Aware": true,
                            "Relation Name": "movie_keyword",
                            "Alias": "mk",
                            "Startup Cost": 0.0,
                            "Total Cost": 51065.35,
                            "Plan Rows": 2661135,
                            "Plan Width": 8,
                            "Actual Startup Time": 0.028,
                            "Actual Total Time": 230.461,
                            "Actual Rows": 2261965,
                            "Actual Loops": 2
                          },
                          {
                            "Node Type": "Hash",
                            "Parent Relationship": "Inner",
                            "Parallel Aware": true,
                            "Startup Cost": 680952.4,
                            "Total Cost": 680952.4,
                            "Plan Rows": 861058,
                            "Plan Width": 23,
                            "Actual Startup Time": 7046.013,
                            "Actual Total Time": 7049.33,
                            "Actual Rows": 760674,
                            "Actual Loops": 2,
                            "Hash Buckets": 2097152,
                            "Original Hash Buckets": 2097152,
                            "Hash Batches": 1,
                            "Original Hash Batches": 1,
                            "Peak Memory Usage": 103072,
                            "Plans": [
                              {
                                "Node Type": "Hash Join",
                                "Parent Relationship": "Outer",
                                "Parallel Aware": true,
                                "Join Type": "Inner",
                                "Startup Cost": 156951.85,
                                "Total Cost": 680952.4,
                                "Plan Rows": 861058,
                                "Plan Width": 23,
                                "Actual Startup Time": 3224.259,
                                "Actual Total Time": 6717.897,
                                "Actual Rows": 760674,
                                "Actual Loops": 2,
                                "Inner Unique": true,
                                "Hash Cond": "(ci.movie_id = t.id)",
                                "Plans": [
                                  {
                                    "Node Type": "Hash Join",
                                    "Parent Relationship": "Outer",
                                    "Parallel Aware": true,
                                    "Join Type": "Inner",
                                    "Startup Cost": 87492.41,
                                    "Total Cost": 609232.69,
                                    "Plan Rows": 861058,
                                    "Plan Width": 19,
                                    "Actual Startup Time": 2219.024,
                                    "Actual Total Time": 5264.653,
                                    "Actual Rows": 760674,
                                    "Actual Loops": 2,
                                    "Inner Unique": true,
                                    "Hash Cond": "(ci.person_id = n.id)",
                                    "Plans": [
                                      {
                                        "Node Type": "Seq Scan",
                                        "Parent Relationship": "Outer",
                                        "Parallel Aware": true,
                                        "Relation Name": "cast_info",
                                        "Alias": "ci",
                                        "Startup Cost": 0.0,
                                        "Total Cost": 465798.46,
                                        "Plan Rows": 21311146,
                                        "Plan Width": 8,
                                        "Actual Startup Time": 0.026,
                                        "Actual Total Time": 2742.043,
                                        "Actual Rows": 18122172,
                                        "Actual Loops": 2
                                      },
                                      {
                                        "Node Type": "Hash",
                                        "Parent Relationship": "Inner",
                                        "Parallel Aware": true,
                                        "Startup Cost": 86254.38,
                                        "Total Cost": 86254.38,
                                        "Plan Rows": 99043,
                                        "Plan Width": 19,
                                        "Actual Startup Time": 613.689,
                                        "Actual Total Time": 613.691,
                                        "Actual Rows": 82790,
                                        "Actual Loops": 2,
                                        "Hash Buckets": 262144,
                                        "Original Hash Buckets": 262144,
                                        "Hash Batches": 1,
                                        "Original Hash Batches": 1,
                                        "Peak Memory Usage": 11040,
                                        "Plans": [
                                          {
                                            "Node Type": "Seq Scan",
                                            "Parent Relationship": "Outer",
                                            "Parallel Aware": true,
                                            "Relation Name": "name",
                                            "Alias": "n",
                                            "Startup Cost": 0.0,
                                            "Total Cost": 86254.38,
                                            "Plan Rows": 99043,
                                            "Plan Width": 19,
                                            "Actual Startup Time": 224.645,
                                            "Actual Total Time": 571.648,
                                            "Actual Rows": 82790,
                                            "Actual Loops": 2,
                                            "Filter": "(name ~~ 'W%'::text)",
                                            "Rows Removed by Filter": 2000956
                                          }
                                        ]
                                      }
                                    ]
                                  },
                                  {
                                    "Node Type": "Hash",
                                    "Parent Relationship": "Inner",
                                    "Parallel Aware": true,
                                    "Startup Cost": 50869.75,
                                    "Total Cost": 50869.75,
                                    "Plan Rows": 1487175,
                                    "Plan Width": 4,
                                    "Actual Startup Time": 981.221,
                                    "Actual Total Time": 981.223,
                                    "Actual Rows": 1264156,
                                    "Actual Loops": 2,
                                    "Hash Buckets": 4194304,
                                    "Original Hash Buckets": 4194304,
                                    "Hash Batches": 1,
                                    "Original Hash Batches": 1,
                                    "Peak Memory Usage": 131712,
                                    "Plans": [
                                      {
                                        "Node Type": "Seq Scan",
                                        "Parent Relationship": "Outer",
                                        "Parallel Aware": true,
                                        "Relation Name": "title",
                                        "Alias": "t",
                                        "Startup Cost": 0.0,
                                        "Total Cost": 50869.75,
                                        "Plan Rows": 1487175,
                                        "Plan Width": 4,
                                        "Actual Startup Time": 0.089,
                                        "Actual Total Time": 440.606,
                                        "Actual Rows": 1264156,
                                        "Actual Loops": 2
                                      }
                                    ]
                                  }
                                ]
                              }
                            ]
                          }
                        ]
                      },
                      {
                        "Node Type": "Hash",
                        "Parent Relationship": "Inner",
                        "Parallel Aware": false,
                        "Startup Cost": 2626.12,
                        "Total Cost": 2626.12,
                        "Plan Rows": 1,
                        "Plan Width": 4,
                        "Actual Startup Time": 24.502,
                        "Actual Total Time": 24.503,
                        "Actual Rows": 1,
                        "Actual Loops": 2,
                        "Hash Buckets": 1024,
                        "Original Hash Buckets": 1024,
                        "Hash Batches": 1,
                        "Original Hash Batches": 1,
                        "Peak Memory Usage": 9,
                        "Plans": [
                          {
                            "Node Type": "Seq Scan",
                            "Parent Relationship": "Outer",
                            "Parallel Aware": false,
                            "Relation Name": "keyword",
                            "Alias": "k",
                            "Startup Cost": 0.0,
                            "Total Cost": 2626.12,
                            "Plan Rows": 1,
                            "Plan Width": 4,
                            "Actual Startup Time": 1.795,
                            "Actual Total Time": 24.489,
                            "Actual Rows": 1,
                            "Actual Loops": 2,
                            "Filter": "(keyword = 'character-name-in-title'::text)",
                            "Rows Removed by Filter": 134169
                          }
                        ]
                      }
                    ]
                  },
                  {
                    "Node Type": "Index Scan",
                    "Parent Relationship": "Inner",
                    "Parallel Aware": false,
                    "Scan Direction": "Forward",
                    "Index Name": "movie_id_movie_companies",
                    "Relation Name": "movie_companies",
                    "Alias": "mc",
                    "Startup Cost": 0.43,
                    "Total Cost": 0.52,
                    "Plan Rows": 5,
                    "Plan Width": 8,
                    "Actual Startup Time": 0.004,
                    "Actual Total Time": 0.006,
                    "Actual Rows": 8,
                    "Actual Loops": 47690,
                    "Index Cond": "(movie_id = ci.movie_id)",
                    "Rows Removed by Index Recheck": 0
                  }
                ]
              },
              {
                "Node Type": "Index Scan",
                "Parent Relationship": "Inner",
                "Parallel Aware": false,
                "Scan Direction": "Forward",
                "Index Name": "company_name_pkey",
                "Relation Name": "company_name",
                "Alias": "cn",
                "Startup Cost": 0.42,
                "Total Cost": 0.45,
                "Plan Rows": 1,
                "Plan Width": 4,
                "Actual Startup Time": 0.001,
                "Actual Total Time": 0.001,
                "Actual Rows": 0,
                "Actual Loops": 373165,
                "Index Cond": "(id = mc.company_id)",
                "Rows Removed by Index Recheck": 0,
                "Filter": "((country_code)::text = '[de]'::text)",
                "Rows Removed by Filter": 1
              }
            ]
          }
        ]
      }
    ]
  },
  "Planning Time": 2.86,
  "Triggers": [],
  "Execution Time": 8963.5
}