{
  "Plan": {
    "Node Type": "Aggregate",
    "Strategy": "Plain",
    "Partial Mode": "Simple",
    "Parallel Aware": false,
    "Startup Cost": 522456.53,
    "Total Cost": 522456.54,
    "Plan Rows": 1,
    "Plan Width": 64,
    "Actual Startup Time": 1576.845,
    "Actual Total Time": 1631.351,
    "Actual Rows": 1,
    "Actual Loops": 1,
    "Plans": [
      {
        "Node Type": "Gather",
        "Parent Relationship": "Outer",
        "Parallel Aware": false,
        "Startup Cost": 1003.0,
        "Total Cost": 522456.53,
        "Plan Rows": 1,
        "Plan Width": 33,
        "Actual Startup Time": 723.965,
        "Actual Total Time": 1631.326,
        "Actual Rows": 1,
        "Actual Loops": 1,
        "Workers Planned": 1,
        "Workers Launched": 1,
        "Single Copy": false,
        "Plans": [
          {
            "Node Type": "Nested Loop",
            "Parent Relationship": "Outer",
            "Parallel Aware": false,
            "Join Type": "Inner",
            "Startup Cost": 3.0,
            "Total Cost": 521456.43,
            "Plan Rows": 1,
            "Plan Width": 33,
            "Actual Startup Time": 1143.47,
            "Actual Total Time": 1569.841,
            "Actual Rows": 0,
            "Actual Loops": 2,
            "Inner Unique": true,
            "Plans": [
              {
                "Node Type": "Nested Loop",
                "Parent Relationship": "Outer",
                "Parallel Aware": false,
                "Join Type": "Inner",
                "Startup Cost": 2.87,
                "Total Cost": 521456.27,
                "Plan Rows": 1,
                "Plan Width": 37,
                "Actual Startup Time": 1143.464,
                "Actual Total Time": 1569.833,
                "Actual Rows": 0,
                "Actual Loops": 2,
                "Inner Unique": true,
                "Plans": [
                  {
                    "Node Type": "Nested Loop",
                    "Parent Relationship": "Outer",
                    "Parallel Aware": false,
                    "Join Type": "Inner",
                    "Startup Cost": 2.45,
                    "Total Cost": 521454.04,
                    "Plan Rows": 5,
                    "Plan Width": 41,
                    "Actual Startup Time": 1143.394,
                    "Actual Total Time": 1569.791,
                    "Actual Rows": 8,
                    "Actual Loops": 2,
                    "Inner Unique": false,
                    "Plans": [
                      {
                        "Node Type": "Nested Loop",
                        "Parent Relationship": "Outer",
                        "Parallel Aware": false,
                        "Join Type": "Inner",
                        "Startup Cost": 2.02,
                        "Total Cost": 521450.14,
                        "Plan Rows": 5,
                        "Plan Width": 41,
                        "Actual Startup Time": 717.585,
                        "Actual Total Time": 1569.607,
                        "Actual Rows": 102,
                        "Actual Loops": 2,
                        "Inner Unique": true,
                        "Plans": [
                          {
                            "Node Type": "Hash Join",
                            "Parent Relationship": "Outer",
                            "Parallel Aware": false,
                            "Join Type": "Inner",
                            "Startup Cost": 1.59,
                            "Total Cost": 521408.4,
                            "Plan Rows": 5,
                            "Plan Width": 29,
                            "Actual Startup Time": 717.526,
                            "Actual Total Time": 1569.314,
                            "Actual Rows": 102,
                            "Actual Loops": 2,
                            "Inner Unique": true,
                            "Hash Cond": "(ci.role_id = rt.id)",
                            "Plans": [
                              {
                                "Node Type": "Nested Loop",
                                "Parent Relationship": "Outer",
                                "Parallel Aware": false,
                                "Join Type": "Inner",
                                "Startup Cost": 0.43,
                                "Total Cost": 521407.03,
                                "Plan Rows": 59,
                                "Plan Width": 33,
                                "Actual Startup Time": 717.392,
                                "Actual Total Time": 1569.146,
                                "Actual Rows": 102,
                                "Actual Loops": 2,
                                "Inner Unique": true,
                                "Plans": [
                                  {
                                    "Node Type": "Seq Scan",
                                    "Parent Relationship": "Outer",
                                    "Parallel Aware": true,
                                    "Relation Name": "cast_info",
                                    "Alias": "ci",
                                    "Startup Cost": 0.0,
                                    "Total Cost": 519076.32,
                                    "Plan Rows": 280,
                                    "Plan Width": 12,
                                    "Actual Startup Time": 716.815,
                                    "Actual Total Time": 1567.699,
                                    "Actual Rows": 302,
                                    "Actual Loops": 2,
                                    "Filter": "(note ~~ '%Rylan)%'::text)",
                                    "Rows Removed by Filter": 18121870
                                  },
                                  {
                                    "Node Type": "Index Scan",
                                    "Parent Relationship": "Inner",
                                    "Parallel Aware": false,
                                    "Scan Direction": "Forward",
                                    "Index Name": "title_pkey",
                                    "Relation Name": "title",
                                    "Alias": "t",
                                    "Startup Cost": 0.43,
                                    "Total Cost": 8.32,
                                    "Plan Rows": 1,
                                    "Plan Width": 21,
                                    "Actual Startup Time": 0.004,
                                    "Actual Total Time": 0.004,
                                    "Actual Rows": 0,
                                    "Actual Loops": 605,
                                    "Index Cond": "(id = ci.movie_id)",
                                    "Rows Removed by Index Recheck": 0,
                                    "Filter": "(production_year > 2009)",
                                    "Rows Removed by Filter": 1
                                  }
                                ]
                              },
                              {
                                "Node Type": "Hash",
                                "Parent Relationship": "Inner",
                                "Parallel Aware": false,
                                "Startup Cost": 1.15,
                                "Total Cost": 1.15,
                                "Plan Rows": 1,
                                "Plan Width": 4,
                                "Actual Startup Time": 0.035,
                                "Actual Total Time": 0.037,
                                "Actual Rows": 1,
                                "Actual Loops": 2,
                                "Hash Buckets": 1024,
                                "Original Hash Buckets": 1024,
                                "Hash Batches": 1,
                                "Original Hash Batches": 1,
                                "Peak Memory Usage": 9,
                                "Plans": [
                                  {
                                    "Node Type": "Seq Scan",
                                    "Parent Relationship": "Outer",
                                    "Parallel Aware": false,
                                    "Relation Name": "role_type",
                                    "Alias": "rt",
                                    "Startup Cost": 0.0,
                                    "Total Cost": 1.15,
                                    "Plan Rows": 1,
                                    "Plan Width": 4,
                                    "Actual Startup Time": 0.025,
                                    "Actual Total Time": 0.028,
                                    "Actual Rows": 1,
                                    "Actual Loops": 2,
                                    "Filter": "((role)::text = 'actress'::text)",
                                    "Rows Removed by Filter": 11
                                  }
                                ]
                              }
                            ]
                          },
                          {
                            "Node Type": "Index Scan",
                            "Parent Relationship": "Inner",
                            "Parallel Aware": false,
                            "Scan Direction": "Forward",
                            "Index Name": "char_name_pkey",
                            "Relation Name": "char_name",
                            "Alias": "chn",
                            "Startup Cost": 0.43,
                            "Total Cost": 8.35,
                            "Plan Rows": 1,
                            "Plan Width": 20,
                            "Actual Startup Time": 0.002,
                            "Actual Total Time": 0.002,
                            "Actual Rows": 1,
                            "Actual Loops": 204,
                            "Index Cond": "(id = ci.person_role_id)",
                            "Rows Removed by Index Recheck": 0
                          }
                        ]
                      },
                      {
                        "Node Type": "Index Scan",
                        "Parent Relationship": "Inner",
                        "Parallel Aware": false,
                        "Scan Direction": "Forward",
                        "Index Name": "movie_id_movie_companies",
                        "Relation Name": "movie_companies",
                        "Alias": "mc",
                        "Startup Cost": 0.43,
                        "Total Cost": 0.73,
                        "Plan Rows": 5,
                        "Plan Width": 12,
                        "Actual Startup Time": 0.002,
                        "Actual Total Time": 0.002,
                        "Actual Rows": 0,
                        "Actual Loops": 204,
                        "Index Cond": "(movie_id = t.id)",
                        "Rows Removed by Index Recheck": 0
                      }
                    ]
                  },
                  {
                    "Node Type": "Index Scan",
                    "Parent Relationship": "Inner",
                    "Parallel Aware": false,
                    "Scan Direction": "Forward",
                    "Index Name": "company_name_pkey",
                    "Relation Name": "company_name",
                    "Alias": "cn",
                    "Startup Cost": 0.42,
                    "Total Cost": 0.45,
                    "Plan Rows": 1,
                    "Plan Width": 4,
                    "Actual Startup Time": 0.005,
                    "Actual Total Time": 0.005,
                    "Actual Rows": 0,
                    "Actual Loops": 15,
                    "Index Cond": "(id = mc.company_id)",
                    "Rows Removed by Index Recheck": 0,
                    "Filter": "((country_code)::text = '[nl]'::text)",
                    "Rows Removed by Filter": 1
                  }
                ]
              },
              {
                "Node Type": "Index Only Scan",
                "Parent Relationship": "Inner",
                "Parallel Aware": false,
                "Scan Direction": "Forward",
                "Index Name": "company_type_pkey",
                "Relation Name": "company_type",
                "Alias": "ct",
                "Startup Cost": 0.13,
                "Total Cost": 0.15,
                "Plan Rows": 1,
                "Plan Width": 4,
                "Actual Startup Time": 0.008,
                "Actual Total Time": 0.008,
                "Actual Rows": 1,
                "Actual Loops": 1,
                "Index Cond": "(id = mc.company_type_id)",
                "Rows Removed by Index Recheck": 0,
                "Heap Fetches": 1
              }
            ]
          }
        ]
      }
    ]
  },
  "Planning Time": 1.579,
  "Triggers": [],
  "Execution Time": 1631.502
}