[
    {
        "Bao": {
            "Bao prediction": "NaN",
            "Bao recommended hint": "(no hint)"
        }
    },
    {
        "Plan": {
            "Node Type": "Aggregate",
            "Strategy": "Plain",
            "Partial Mode": "Finalize",
            "Parallel Aware": false,
            "Startup Cost": 29244.55,
            "Total Cost": 29244.56,
            "Plan Rows": 1,
            "Plan Width": 8,
            "Actual Startup Time": 106.709,
            "Actual Total Time": 123.15,
            "Actual Rows": 1,
            "Actual Loops": 1,
            "Output": [
                "count(*)"
            ],
            "Plans": [
                {
                    "Node Type": "Gather",
                    "Parent Relationship": "Outer",
                    "Parallel Aware": false,
                    "Startup Cost": 29244.34,
                    "Total Cost": 29244.55,
                    "Plan Rows": 2,
                    "Plan Width": 8,
                    "Actual Startup Time": 106.389,
                    "Actual Total Time": 123.141,
                    "Actual Rows": 3,
                    "Actual Loops": 1,
                    "Output": [
                        "(PARTIAL count(*))"
                    ],
                    "Workers Planned": 2,
                    "Workers Launched": 2,
                    "Single Copy": false,
                    "Plans": [
                        {
                            "Node Type": "Aggregate",
                            "Strategy": "Plain",
                            "Partial Mode": "Partial",
                            "Parent Relationship": "Outer",
                            "Parallel Aware": false,
                            "Startup Cost": 28244.34,
                            "Total Cost": 28244.35,
                            "Plan Rows": 1,
                            "Plan Width": 8,
                            "Actual Startup Time": 98.482,
                            "Actual Total Time": 98.484,
                            "Actual Rows": 1,
                            "Actual Loops": 3,
                            "Output": [
                                "PARTIAL count(*)"
                            ],
                            "Workers": [
                                {
                                    "Worker Number": 0,
                                    "Actual Startup Time": 94.551,
                                    "Actual Total Time": 94.553,
                                    "Actual Rows": 1,
                                    "Actual Loops": 1
                                },
                                {
                                    "Worker Number": 1,
                                    "Actual Startup Time": 94.824,
                                    "Actual Total Time": 94.826,
                                    "Actual Rows": 1,
                                    "Actual Loops": 1
                                }
                            ],
                            "Plans": [
                                {
                                    "Node Type": "Nested Loop",
                                    "Parent Relationship": "Outer",
                                    "Parallel Aware": false,
                                    "Join Type": "Inner",
                                    "Startup Cost": 95.19,
                                    "Total Cost": 28217.75,
                                    "Plan Rows": 10633,
                                    "Plan Width": 0,
                                    "Actual Startup Time": 1.178,
                                    "Actual Total Time": 94.441,
                                    "Actual Rows": 46459,
                                    "Actual Loops": 3,
                                    "Inner Unique": false,
                                    "Workers": [
                                        {
                                            "Worker Number": 0,
                                            "Actual Startup Time": 0.743,
                                            "Actual Total Time": 91.451,
                                            "Actual Rows": 24700,
                                            "Actual Loops": 1
                                        },
                                        {
                                            "Worker Number": 1,
                                            "Actual Startup Time": 0.66,
                                            "Actual Total Time": 91.794,
                                            "Actual Rows": 24216,
                                            "Actual Loops": 1
                                        }
                                    ],
                                    "Plans": [
                                        {
                                            "Node Type": "Nested Loop",
                                            "Parent Relationship": "Outer",
                                            "Parallel Aware": false,
                                            "Join Type": "Inner",
                                            "Startup Cost": 94.75,
                                            "Total Cost": 24847.91,
                                            "Plan Rows": 1822,
                                            "Plan Width": 8,
                                            "Actual Startup Time": 0.997,
                                            "Actual Total Time": 21.582,
                                            "Actual Rows": 1506,
                                            "Actual Loops": 3,
                                            "Output": [
                                                "t.id",
                                                "mk.movie_id"
                                            ],
                                            "Inner Unique": true,
                                            "Workers": [
                                                {
                                                    "Worker Number": 0,
                                                    "Actual Startup Time": 0.453,
                                                    "Actual Total Time": 20.821,
                                                    "Actual Rows": 754,
                                                    "Actual Loops": 1
                                                },
                                                {
                                                    "Worker Number": 1,
                                                    "Actual Startup Time": 0.425,
                                                    "Actual Total Time": 21.506,
                                                    "Actual Rows": 759,
                                                    "Actual Loops": 1
                                                }
                                            ],
                                            "Plans": [
                                                {
                                                    "Node Type": "Bitmap Heap Scan",
                                                    "Parent Relationship": "Outer",
                                                    "Parallel Aware": true,
                                                    "Relation Name": "movie_keyword",
                                                    "Schema": "public",
                                                    "Alias": "mk",
                                                    "Startup Cost": 94.32,
                                                    "Total Cost": 11296.48,
                                                    "Plan Rows": 1822,
                                                    "Plan Width": 4,
                                                    "Actual Startup Time": 0.787,
                                                    "Actual Total Time": 6.475,
                                                    "Actual Rows": 1506,
                                                    "Actual Loops": 3,
                                                    "Output": [
                                                        "mk.id",
                                                        "mk.movie_id",
                                                        "mk.keyword_id"
                                                    ],
                                                    "Recheck Cond": "(mk.keyword_id = 115)",
                                                    "Rows Removed by Index Recheck": 0,
                                                    "Exact Heap Blocks": 2379,
                                                    "Lossy Heap Blocks": 0,
                                                    "Workers": [
                                                        {
                                                            "Worker Number": 0,
                                                            "Actual Startup Time": 0.14,
                                                            "Actual Total Time": 6.089,
                                                            "Actual Rows": 754,
                                                            "Actual Loops": 1
                                                        },
                                                        {
                                                            "Worker Number": 1,
                                                            "Actual Startup Time": 0.125,
                                                            "Actual Total Time": 6.371,
                                                            "Actual Rows": 759,
                                                            "Actual Loops": 1
                                                        }
                                                    ],
                                                    "Plans": [
                                                        {
                                                            "Node Type": "Bitmap Index Scan",
                                                            "Parent Relationship": "Outer",
                                                            "Parallel Aware": false,
                                                            "Index Name": "keyword_id_movie_keyword",
                                                            "Startup Cost": 0.0,
                                                            "Total Cost": 93.23,
                                                            "Plan Rows": 4373,
                                                            "Plan Width": 0,
                                                            "Actual Startup Time": 1.36,
                                                            "Actual Total Time": 1.36,
                                                            "Actual Rows": 4517,
                                                            "Actual Loops": 1,
                                                            "Index Cond": "(mk.keyword_id = 115)"
                                                        }
                                                    ]
                                                },
                                                {
                                                    "Node Type": "Index Only Scan",
                                                    "Parent Relationship": "Inner",
                                                    "Parallel Aware": false,
                                                    "Scan Direction": "Forward",
                                                    "Index Name": "title_pkey",
                                                    "Relation Name": "title",
                                                    "Schema": "public",
                                                    "Alias": "t",
                                                    "Startup Cost": 0.43,
                                                    "Total Cost": 7.44,
                                                    "Plan Rows": 1,
                                                    "Plan Width": 4,
                                                    "Actual Startup Time": 0.009,
                                                    "Actual Total Time": 0.009,
                                                    "Actual Rows": 1,
                                                    "Actual Loops": 4517,
                                                    "Output": [
                                                        "t.id"
                                                    ],
                                                    "Index Cond": "(t.id = mk.movie_id)",
                                                    "Rows Removed by Index Recheck": 0,
                                                    "Heap Fetches": 4517,
                                                    "Workers": [
                                                        {
                                                            "Worker Number": 0,
                                                            "Actual Startup Time": 0.018,
                                                            "Actual Total Time": 0.018,
                                                            "Actual Rows": 1,
                                                            "Actual Loops": 754
                                                        },
                                                        {
                                                            "Worker Number": 1,
                                                            "Actual Startup Time": 0.019,
                                                            "Actual Total Time": 0.019,
                                                            "Actual Rows": 1,
                                                            "Actual Loops": 759
                                                        }
                                                    ]
                                                }
                                            ]
                                        },
                                        {
                                            "Node Type": "Index Only Scan",
                                            "Parent Relationship": "Inner",
                                            "Parallel Aware": false,
                                            "Scan Direction": "Forward",
                                            "Index Name": "movie_id_movie_info",
                                            "Relation Name": "movie_info",
                                            "Schema": "public",
                                            "Alias": "mi",
                                            "Startup Cost": 0.43,
                                            "Total Cost": 1.46,
                                            "Plan Rows": 39,
                                            "Plan Width": 4,
                                            "Actual Startup Time": 0.013,
                                            "Actual Total Time": 0.044,
                                            "Actual Rows": 31,
                                            "Actual Loops": 4517,
                                            "Output": [
                                                "mi.movie_id"
                                            ],
                                            "Index Cond": "(mi.movie_id = t.id)",
                                            "Rows Removed by Index Recheck": 0,
                                            "Heap Fetches": 139377,
                                            "Workers": [
                                                {
                                                    "Worker Number": 0,
                                                    "Actual Startup Time": 0.025,
                                                    "Actual Total Time": 0.088,
                                                    "Actual Rows": 33,
                                                    "Actual Loops": 754
                                                },
                                                {
                                                    "Worker Number": 1,
                                                    "Actual Startup Time": 0.025,
                                                    "Actual Total Time": 0.087,
                                                    "Actual Rows": 32,
                                                    "Actual Loops": 759
                                                }
                                            ]
                                        }
                                    ]
                                }
                            ]
                        }
                    ]
                }
            ]
        },
        "Planning Time": 282.602,
        "Triggers": [],
        "Execution Time": 123.222
    }
]