[
  {
    "Plan": {
      "Node Type": "Aggregate",
      "Strategy": "Plain",
      "Partial Mode": "Finalize",
      "Parallel Aware": false,
      "Startup Cost": 157028.07,
      "Total Cost": 157028.08,
      "Plan Rows": 1,
      "Plan Width": 8,
      "Actual Startup Time": 118.636,
      "Actual Total Time": 133.611,
      "Actual Rows": 1,
      "Actual Loops": 1,
      "Plans": [
        {
          "Node Type": "Gather",
          "Parent Relationship": "Outer",
          "Parallel Aware": false,
          "Startup Cost": 157027.65,
          "Total Cost": 157028.06,
          "Plan Rows": 4,
          "Plan Width": 8,
          "Actual Startup Time": 118.509,
          "Actual Total Time": 133.603,
          "Actual Rows": 5,
          "Actual Loops": 1,
          "Workers Planned": 4,
          "Workers Launched": 4,
          "Single Copy": false,
          "Plans": [
            {
              "Node Type": "Aggregate",
              "Strategy": "Plain",
              "Partial Mode": "Partial",
              "Parent Relationship": "Outer",
              "Parallel Aware": false,
              "Startup Cost": 156027.65,
              "Total Cost": 156027.66,
              "Plan Rows": 1,
              "Plan Width": 8,
              "Actual Startup Time": 109.363,
              "Actual Total Time": 109.364,
              "Actual Rows": 1,
              "Actual Loops": 5,
              "Plans": [
                {
                  "Node Type": "Nested Loop",
                  "Parent Relationship": "Outer",
                  "Parallel Aware": false,
                  "Join Type": "Inner",
                  "Startup Cost": 0.43,
                  "Total Cost": 156013.77,
                  "Plan Rows": 5555,
                  "Plan Width": 0,
                  "Actual Startup Time": 2.344,
                  "Actual Total Time": 108.624,
                  "Actual Rows": 8591,
                  "Actual Loops": 5,
                  "Inner Unique": false,
                  "Plans": [
                    {
                      "Node Type": "Seq Scan",
                      "Parent Relationship": "Outer",
                      "Parallel Aware": true,
                      "Relation Name": "title",
                      "Alias": "t",
                      "Startup Cost": 0.0,
                      "Total Cost": 45479.1,
                      "Plan Rows": 950,
                      "Plan Width": 4,
                      "Actual Startup Time": 2.144,
                      "Actual Total Time": 77.471,
                      "Actual Rows": 767,
                      "Actual Loops": 5,
                      "Filter": "((kind_id < 7) AND (production_year = 1959))",
                      "Rows Removed by Filter": 504895
                    },
                    {
                      "Node Type": "Index Only Scan",
                      "Parent Relationship": "Inner",
                      "Parallel Aware": false,
                      "Scan Direction": "Forward",
                      "Index Name": "movie_id_movie_info",
                      "Relation Name": "movie_info",
                      "Alias": "mi",
                      "Startup Cost": 0.43,
                      "Total Cost": 115.93,
                      "Plan Rows": 42,
                      "Plan Width": 4,
                      "Actual Startup Time": 0.015,
                      "Actual Total Time": 0.039,
                      "Actual Rows": 11,
                      "Actual Loops": 3835,
                      "Index Cond": "(movie_id = t.id)",
                      "Rows Removed by Index Recheck": 0,
                      "Heap Fetches": 42953
                    }
                  ]
                }
              ]
            }
          ]
        }
      ]
    },
    "Planning Time": 0.644,
    "Triggers": [],
    "Execution Time": 133.69
  }
]