[
  {
    "Plan": {
      "Node Type": "Aggregate",
      "Strategy": "Plain",
      "Partial Mode": "Finalize",
      "Parallel Aware": false,
      "Startup Cost": 349577.76,
      "Total Cost": 349577.77,
      "Plan Rows": 1,
      "Plan Width": 8,
      "Actual Startup Time": 773.031,
      "Actual Total Time": 817.886,
      "Actual Rows": 1,
      "Actual Loops": 1,
      "Plans": [
        {
          "Node Type": "Gather",
          "Parent Relationship": "Outer",
          "Parallel Aware": false,
          "Startup Cost": 349577.13,
          "Total Cost": 349577.74,
          "Plan Rows": 6,
          "Plan Width": 8,
          "Actual Startup Time": 772.868,
          "Actual Total Time": 817.868,
          "Actual Rows": 7,
          "Actual Loops": 1,
          "Workers Planned": 6,
          "Workers Launched": 6,
          "Single Copy": false,
          "Plans": [
            {
              "Node Type": "Aggregate",
              "Strategy": "Plain",
              "Partial Mode": "Partial",
              "Parent Relationship": "Outer",
              "Parallel Aware": false,
              "Startup Cost": 348577.13,
              "Total Cost": 348577.14,
              "Plan Rows": 1,
              "Plan Width": 8,
              "Actual Startup Time": 765.783,
              "Actual Total Time": 765.786,
              "Actual Rows": 1,
              "Actual Loops": 7,
              "Plans": [
                {
                  "Node Type": "Seq Scan",
                  "Parent Relationship": "Outer",
                  "Parallel Aware": true,
                  "Relation Name": "cast_info",
                  "Alias": "ci",
                  "Startup Cost": 0.0,
                  "Total Cost": 343316.27,
                  "Plan Rows": 2104345,
                  "Plan Width": 0,
                  "Actual Startup Time": 0.046,
                  "Actual Total Time": 663.021,
                  "Actual Rows": 2208923,
                  "Actual Loops": 7,
                  "Filter": "((person_id < 1913144) AND (role_id < 4))",
                  "Rows Removed by Filter": 2968840
                }
              ]
            }
          ]
        }
      ]
    },
    "Planning Time": 0.115,
    "Triggers": [],
    "Execution Time": 817.934
  }
]