{
    "Plan": {
        "Node Type": "Aggregate",
        "Strategy": "Plain",
        "Partial Mode": "Simple",
        "Parallel Aware": false,
        "Startup Cost": 80002687622.94,
        "Total Cost": 80002687622.95,
        "Plan Rows": 1,
        "Plan Width": 96,
        "Actual Startup Time": 19021.947,
        "Actual Total Time": 19021.971,
        "Actual Rows": 1,
        "Actual Loops": 1,
        "Output": [
            "min(cn.name)",
            "min(mi_idx.info)",
            "min(t.title)"
        ],
        "Plans": [
            {
                "Node Type": "Nested Loop",
                "Parent Relationship": "Outer",
                "Parallel Aware": false,
                "Join Type": "Inner",
                "Startup Cost": 80002686984.85,
                "Total Cost": 80002687622.93,
                "Plan Rows": 1,
                "Plan Width": 41,
                "Actual Startup Time": 18933.23,
                "Actual Total Time": 19020.88,
                "Actual Rows": 4357,
                "Actual Loops": 1,
                "Output": [
                    "cn.name",
                    "mi_idx.info",
                    "t.title"
                ],
                "Inner Unique": true,
                "Plans": [
                    {
                        "Node Type": "Merge Join",
                        "Parent Relationship": "Outer",
                        "Parallel Aware": false,
                        "Join Type": "Inner",
                        "Startup Cost": 70002686984.71,
                        "Total Cost": 70002687614.76,
                        "Plan Rows": 1,
                        "Plan Width": 45,
                        "Actual Startup Time": 18933.207,
                        "Actual Total Time": 18950.53,
                        "Actual Rows": 20221,
                        "Actual Loops": 1,
                        "Output": [
                            "cc.subject_id",
                            "cn.name",
                            "mi_idx.info",
                            "t.title"
                        ],
                        "Inner Unique": false,
                        "Merge Cond": "(cn.id = mc.company_id)",
                        "Plans": [
                            {
                                "Node Type": "Sort",
                                "Parent Relationship": "Outer",
                                "Parallel Aware": false,
                                "Startup Cost": 16616.43,
                                "Total Cost": 16931.7,
                                "Plan Rows": 126107,
                                "Plan Width": 23,
                                "Actual Startup Time": 87.92,
                                "Actual Total Time": 92.862,
                                "Actual Rows": 38547,
                                "Actual Loops": 1,
                                "Output": [
                                    "cn.name",
                                    "cn.id"
                                ],
                                "Sort Key": [
                                    "cn.id"
                                ],
                                "Sort Method": "quicksort",
                                "Sort Space Used": 12078,
                                "Sort Space Type": "Memory",
                                "Plans": [
                                    {
                                        "Node Type": "Seq Scan",
                                        "Parent Relationship": "Outer",
                                        "Parallel Aware": false,
                                        "Relation Name": "company_name",
                                        "Schema": "public",
                                        "Alias": "cn",
                                        "Startup Cost": 0.0,
                                        "Total Cost": 5932.46,
                                        "Plan Rows": 126107,
                                        "Plan Width": 23,
                                        "Actual Startup Time": 0.017,
                                        "Actual Total Time": 39.161,
                                        "Actual Rows": 126230,
                                        "Actual Loops": 1,
                                        "Output": [
                                            "cn.name",
                                            "cn.id"
                                        ],
                                        "Filter": "((cn.country_code)::text <> '[us]'::text)",
                                        "Rows Removed by Filter": 108767
                                    }
                                ]
                            },
                            {
                                "Node Type": "Sort",
                                "Parent Relationship": "Inner",
                                "Parallel Aware": false,
                                "Startup Cost": 70002670368.28,
                                "Total Cost": 70002670368.28,
                                "Plan Rows": 1,
                                "Plan Width": 30,
                                "Actual Startup Time": 18845.277,
                                "Actual Total Time": 18849.651,
                                "Actual Rows": 21033,
                                "Actual Loops": 1,
                                "Output": [
                                    "cc.subject_id",
                                    "mc.company_id",
                                    "mi_idx.info",
                                    "t.title"
                                ],
                                "Sort Key": [
                                    "mc.company_id"
                                ],
                                "Sort Method": "quicksort",
                                "Sort Space Used": 2434,
                                "Sort Space Type": "Memory",
                                "Plans": [
                                    {
                                        "Node Type": "Merge Join",
                                        "Parent Relationship": "Outer",
                                        "Parallel Aware": false,
                                        "Join Type": "Inner",
                                        "Startup Cost": 70002670368.24,
                                        "Total Cost": 70002670368.27,
                                        "Plan Rows": 1,
                                        "Plan Width": 30,
                                        "Actual Startup Time": 18838.35,
                                        "Actual Total Time": 18841.382,
                                        "Actual Rows": 21033,
                                        "Actual Loops": 1,
                                        "Output": [
                                            "cc.subject_id",
                                            "mc.company_id",
                                            "mi_idx.info",
                                            "t.title"
                                        ],
                                        "Inner Unique": false,
                                        "Merge Cond": "(it1.id = mi.info_type_id)",
                                        "Plans": [
                                            {
                                                "Node Type": "Sort",
                                                "Parent Relationship": "Outer",
                                                "Parallel Aware": false,
                                                "Startup Cost": 2.42,
                                                "Total Cost": 2.43,
                                                "Plan Rows": 1,
                                                "Plan Width": 4,
                                                "Actual Startup Time": 0.029,
                                                "Actual Total Time": 0.031,
                                                "Actual Rows": 1,
                                                "Actual Loops": 1,
                                                "Output": [
                                                    "it1.id"
                                                ],
                                                "Sort Key": [
                                                    "it1.id"
                                                ],
                                                "Sort Method": "quicksort",
                                                "Sort Space Used": 25,
                                                "Sort Space Type": "Memory",
                                                "Plans": [
                                                    {
                                                        "Node Type": "Seq Scan",
                                                        "Parent Relationship": "Outer",
                                                        "Parallel Aware": false,
                                                        "Relation Name": "info_type",
                                                        "Schema": "public",
                                                        "Alias": "it1",
                                                        "Startup Cost": 0.0,
                                                        "Total Cost": 2.41,
                                                        "Plan Rows": 1,
                                                        "Plan Width": 4,
                                                        "Actual Startup Time": 0.018,
                                                        "Actual Total Time": 0.026,
                                                        "Actual Rows": 1,
                                                        "Actual Loops": 1,
                                                        "Output": [
                                                            "it1.id"
                                                        ],
                                                        "Filter": "((it1.info)::text = 'countries'::text)",
                                                        "Rows Removed by Filter": 112
                                                    }
                                                ]
                                            },
                                            {
                                                "Node Type": "Sort",
                                                "Parent Relationship": "Inner",
                                                "Parallel Aware": false,
                                                "Startup Cost": 70002670365.82,
                                                "Total Cost": 70002670365.83,
                                                "Plan Rows": 1,
                                                "Plan Width": 34,
                                                "Actual Startup Time": 18836.079,
                                                "Actual Total Time": 18837.797,
                                                "Actual Rows": 46848,
                                                "Actual Loops": 1,
                                                "Output": [
                                                    "cc.subject_id",
                                                    "mc.company_id",
                                                    "mi.info_type_id",
                                                    "mi_idx.info",
                                                    "t.title"
                                                ],
                                                "Sort Key": [
                                                    "mi.info_type_id"
                                                ],
                                                "Sort Method": "quicksort",
                                                "Sort Space Used": 5431,
                                                "Sort Space Type": "Memory",
                                                "Plans": [
                                                    {
                                                        "Node Type": "Merge Join",
                                                        "Parent Relationship": "Outer",
                                                        "Parallel Aware": false,
                                                        "Join Type": "Inner",
                                                        "Startup Cost": 70002670365.78,
                                                        "Total Cost": 70002670365.81,
                                                        "Plan Rows": 1,
                                                        "Plan Width": 34,
                                                        "Actual Startup Time": 18818.292,
                                                        "Actual Total Time": 18829.242,
                                                        "Actual Rows": 48448,
                                                        "Actual Loops": 1,
                                                        "Output": [
                                                            "cc.subject_id",
                                                            "mc.company_id",
                                                            "mi.info_type_id",
                                                            "mi_idx.info",
                                                            "t.title"
                                                        ],
                                                        "Inner Unique": false,
                                                        "Merge Cond": "(cc.status_id = cct2.id)",
                                                        "Plans": [
                                                            {
                                                                "Node Type": "Sort",
                                                                "Parent Relationship": "Outer",
                                                                "Parallel Aware": false,
                                                                "Startup Cost": 60002670364.71,
                                                                "Total Cost": 60002670364.71,
                                                                "Plan Rows": 1,
                                                                "Plan Width": 38,
                                                                "Actual Startup Time": 18818.265,
                                                                "Actual Total Time": 18820.052,
                                                                "Actual Rows": 48449,
                                                                "Actual Loops": 1,
                                                                "Output": [
                                                                    "cc.subject_id",
                                                                    "cc.status_id",
                                                                    "mc.company_id",
                                                                    "mi.info_type_id",
                                                                    "mi_idx.info",
                                                                    "t.title"
                                                                ],
                                                                "Sort Key": [
                                                                    "cc.status_id"
                                                                ],
                                                                "Sort Method": "quicksort",
                                                                "Sort Space Used": 10308,
                                                                "Sort Space Type": "Memory",
                                                                "Plans": [
                                                                    {
                                                                        "Node Type": "Nested Loop",
                                                                        "Parent Relationship": "Outer",
                                                                        "Parallel Aware": false,
                                                                        "Join Type": "Inner",
                                                                        "Startup Cost": 60002670336.09,
                                                                        "Total Cost": 60002670364.7,
                                                                        "Plan Rows": 1,
                                                                        "Plan Width": 38,
                                                                        "Actual Startup Time": 15496.914,
                                                                        "Actual Total Time": 18794.192,
                                                                        "Actual Rows": 88801,
                                                                        "Actual Loops": 1,
                                                                        "Output": [
                                                                            "cc.subject_id",
                                                                            "cc.status_id",
                                                                            "mc.company_id",
                                                                            "mi.info_type_id",
                                                                            "mi_idx.info",
                                                                            "t.title"
                                                                        ],
                                                                        "Inner Unique": false,
                                                                        "Join Filter": "(t.id = mi.movie_id)",
                                                                        "Rows Removed by Join Filter": 0,
                                                                        "Plans": [
                                                                            {
                                                                                "Node Type": "Nested Loop",
                                                                                "Parent Relationship": "Outer",
                                                                                "Parallel Aware": false,
                                                                                "Join Type": "Inner",
                                                                                "Startup Cost": 50002670335.31,
                                                                                "Total Cost": 50002670358.89,
                                                                                "Plan Rows": 1,
                                                                                "Plan Width": 54,
                                                                                "Actual Startup Time": 15496.864,
                                                                                "Actual Total Time": 15814.178,
                                                                                "Actual Rows": 43804,
                                                                                "Actual Loops": 1,
                                                                                "Output": [
                                                                                    "cc.movie_id",
                                                                                    "cc.subject_id",
                                                                                    "cc.status_id",
                                                                                    "mc.movie_id",
                                                                                    "mc.company_id",
                                                                                    "mi_idx.info",
                                                                                    "mi_idx.movie_id",
                                                                                    "mk.movie_id",
                                                                                    "t.title",
                                                                                    "t.id"
                                                                                ],
                                                                                "Inner Unique": false,
                                                                                "Join Filter": "(mi_idx.info_type_id = it2.id)",
                                                                                "Rows Removed by Join Filter": 89967,
                                                                                "Plans": [
                                                                                    {
                                                                                        "Node Type": "Nested Loop",
                                                                                        "Parent Relationship": "Outer",
                                                                                        "Parallel Aware": false,
                                                                                        "Join Type": "Inner",
                                                                                        "Startup Cost": 50002670335.31,
                                                                                        "Total Cost": 50002670356.4,
                                                                                        "Plan Rows": 5,
                                                                                        "Plan Width": 58,
                                                                                        "Actual Startup Time": 15496.82,
                                                                                        "Actual Total Time": 15778.412,
                                                                                        "Actual Rows": 133771,
                                                                                        "Actual Loops": 1,
                                                                                        "Output": [
                                                                                            "cc.movie_id",
                                                                                            "cc.subject_id",
                                                                                            "cc.status_id",
                                                                                            "mc.movie_id",
                                                                                            "mc.company_id",
                                                                                            "mi_idx.info",
                                                                                            "mi_idx.movie_id",
                                                                                            "mi_idx.info_type_id",
                                                                                            "mk.movie_id",
                                                                                            "t.title",
                                                                                            "t.id"
                                                                                        ],
                                                                                        "Inner Unique": false,
                                                                                        "Join Filter": "(t.id = cc.movie_id)",
                                                                                        "Rows Removed by Join Filter": 0,
                                                                                        "Plans": [
                                                                                            {
                                                                                                "Node Type": "Merge Join",
                                                                                                "Parent Relationship": "Outer",
                                                                                                "Parallel Aware": false,
                                                                                                "Join Type": "Inner",
                                                                                                "Startup Cost": 50002670334.89,
                                                                                                "Total Cost": 50002670347.26,
                                                                                                "Plan Rows": 19,
                                                                                                "Plan Width": 46,
                                                                                                "Actual Startup Time": 15496.715,
                                                                                                "Actual Total Time": 15535.325,
                                                                                                "Actual Rows": 171220,
                                                                                                "Actual Loops": 1,
                                                                                                "Output": [
                                                                                                    "mc.movie_id",
                                                                                                    "mc.company_id",
                                                                                                    "mi_idx.info",
                                                                                                    "mi_idx.movie_id",
                                                                                                    "mi_idx.info_type_id",
                                                                                                    "mk.movie_id",
                                                                                                    "t.title",
                                                                                                    "t.id"
                                                                                                ],
                                                                                                "Inner Unique": false,
                                                                                                "Merge Cond": "(ct.id = mc.company_type_id)",
                                                                                                "Plans": [
                                                                                                    {
                                                                                                        "Node Type": "Index Scan",
                                                                                                        "Parent Relationship": "Outer",
                                                                                                        "Parallel Aware": false,
                                                                                                        "Scan Direction": "Forward",
                                                                                                        "Index Name": "company_type_pkey",
                                                                                                        "Relation Name": "company_type",
                                                                                                        "Schema": "public",
                                                                                                        "Alias": "ct",
                                                                                                        "Startup Cost": 10000000000.13,
                                                                                                        "Total Cost": 10000000012.19,
                                                                                                        "Plan Rows": 4,
                                                                                                        "Plan Width": 4,
                                                                                                        "Actual Startup Time": 0.012,
                                                                                                        "Actual Total Time": 0.014,
                                                                                                        "Actual Rows": 3,
                                                                                                        "Actual Loops": 1,
                                                                                                        "Output": [
                                                                                                            "ct.id",
                                                                                                            "ct.kind"
                                                                                                        ]
                                                                                                    },
                                                                                                    {
                                                                                                        "Node Type": "Sort",
                                                                                                        "Parent Relationship": "Inner",
                                                                                                        "Parallel Aware": false,
                                                                                                        "Startup Cost": 40002670334.76,
                                                                                                        "Total Cost": 40002670334.81,
                                                                                                        "Plan Rows": 20,
                                                                                                        "Plan Width": 50,
                                                                                                        "Actual Startup Time": 15496.696,
                                                                                                        "Actual Total Time": 15507.501,
                                                                                                        "Actual Rows": 171220,
                                                                                                        "Actual Loops": 1,
                                                                                                        "Output": [
                                                                                                            "mk.movie_id",
                                                                                                            "mc.movie_id",
                                                                                                            "mc.company_type_id",
                                                                                                            "mc.company_id",
                                                                                                            "mi_idx.info",
                                                                                                            "mi_idx.movie_id",
                                                                                                            "mi_idx.info_type_id",
                                                                                                            "t.title",
                                                                                                            "t.id"
                                                                                                        ],
                                                                                                        "Sort Key": [
                                                                                                            "mc.company_type_id"
                                                                                                        ],
                                                                                                        "Sort Method": "quicksort",
                                                                                                        "Sort Space Used": 25666,
                                                                                                        "Sort Space Type": "Memory",
                                                                                                        "Plans": [
                                                                                                            {
                                                                                                                "Node Type": "Hash Join",
                                                                                                                "Parent Relationship": "Outer",
                                                                                                                "Parallel Aware": false,
                                                                                                                "Join Type": "Inner",
                                                                                                                "Startup Cost": 40002667370.69,
                                                                                                                "Total Cost": 40002670334.33,
                                                                                                                "Plan Rows": 20,
                                                                                                                "Plan Width": 50,
                                                                                                                "Actual Startup Time": 15384.175,
                                                                                                                "Actual Total Time": 15461.368,
                                                                                                                "Actual Rows": 171220,
                                                                                                                "Actual Loops": 1,
                                                                                                                "Output": [
                                                                                                                    "mk.movie_id",
                                                                                                                    "mc.movie_id",
                                                                                                                    "mc.company_type_id",
                                                                                                                    "mc.company_id",
                                                                                                                    "mi_idx.info",
                                                                                                                    "mi_idx.movie_id",
                                                                                                                    "mi_idx.info_type_id",
                                                                                                                    "t.title",
                                                                                                                    "t.id"
                                                                                                                ],
                                                                                                                "Inner Unique": false,
                                                                                                                "Hash Cond": "(k.id = mk.keyword_id)",
                                                                                                                "Plans": [
                                                                                                                    {
                                                                                                                        "Node Type": "Seq Scan",
                                                                                                                        "Parent Relationship": "Outer",
                                                                                                                        "Parallel Aware": false,
                                                                                                                        "Relation Name": "keyword",
                                                                                                                        "Schema": "public",
                                                                                                                        "Alias": "k",
                                                                                                                        "Startup Cost": 10000000000.0,
                                                                                                                        "Total Cost": 10000002961.55,
                                                                                                                        "Plan Rows": 4,
                                                                                                                        "Plan Width": 4,
                                                                                                                        "Actual Startup Time": 1.011,
                                                                                                                        "Actual Total Time": 14.251,
                                                                                                                        "Actual Rows": 3,
                                                                                                                        "Actual Loops": 1,
                                                                                                                        "Output": [
                                                                                                                            "k.id",
                                                                                                                            "k.keyword",
                                                                                                                            "k.phonetic_code"
                                                                                                                        ],
                                                                                                                        "Filter": "(k.keyword = ANY ('{murder,murder-in-title,blood,violence}'::text[]))",
                                                                                                                        "Rows Removed by Filter": 134167
                                                                                                                    },
                                                                                                                    {
                                                                                                                        "Node Type": "Hash",
                                                                                                                        "Parent Relationship": "Inner",
                                                                                                                        "Parallel Aware": false,
                                                                                                                        "Startup Cost": 30002667066.01,
                                                                                                                        "Total Cost": 30002667066.01,
                                                                                                                        "Plan Rows": 24374,
                                                                                                                        "Plan Width": 54,
                                                                                                                        "Actual Startup Time": 15383.118,
                                                                                                                        "Actual Total Time": 15383.128,
                                                                                                                        "Actual Rows": 19667323,
                                                                                                                        "Actual Loops": 1,
                                                                                                                        "Output": [
                                                                                                                            "t.title",
                                                                                                                            "t.id",
                                                                                                                            "mc.movie_id",
                                                                                                                            "mc.company_type_id",
                                                                                                                            "mc.company_id",
                                                                                                                            "mi_idx.info",
                                                                                                                            "mi_idx.movie_id",
                                                                                                                            "mi_idx.info_type_id",
                                                                                                                            "mk.movie_id",
                                                                                                                            "mk.keyword_id"
                                                                                                                        ],
                                                                                                                        "Hash Buckets": 33554432,
                                                                                                                        "Original Hash Buckets": 32768,
                                                                                                                        "Hash Batches": 1,
                                                                                                                        "Original Hash Batches": 1,
                                                                                                                        "Peak Memory Usage": 1980906,
                                                                                                                        "Plans": [
                                                                                                                            {
                                                                                                                                "Node Type": "Hash Join",
                                                                                                                                "Parent Relationship": "Outer",
                                                                                                                                "Parallel Aware": false,
                                                                                                                                "Join Type": "Inner",
                                                                                                                                "Startup Cost": 30002568388.47,
                                                                                                                                "Total Cost": 30002667066.01,
                                                                                                                                "Plan Rows": 24374,
                                                                                                                                "Plan Width": 54,
                                                                                                                                "Actual Startup Time": 8710.159,
                                                                                                                                "Actual Total Time": 11537.068,
                                                                                                                                "Actual Rows": 19667323,
                                                                                                                                "Actual Loops": 1,
                                                                                                                                "Output": [
                                                                                                                                    "t.title",
                                                                                                                                    "t.id",
                                                                                                                                    "mc.movie_id",
                                                                                                                                    "mc.company_type_id",
                                                                                                                                    "mc.company_id",
                                                                                                                                    "mi_idx.info",
                                                                                                                                    "mi_idx.movie_id",
                                                                                                                                    "mi_idx.info_type_id",
                                                                                                                                    "mk.movie_id",
                                                                                                                                    "mk.keyword_id"
                                                                                                                                ],
                                                                                                                                "Inner Unique": false,
                                                                                                                                "Hash Cond": "(mc.movie_id = t.id)",
                                                                                                                                "Plans": [
                                                                                                                                    {
                                                                                                                                        "Node Type": "Index Scan",
                                                                                                                                        "Parent Relationship": "Outer",
                                                                                                                                        "Parallel Aware": false,
                                                                                                                                        "Scan Direction": "Forward",
                                                                                                                                        "Index Name": "company_type_id_movie_companies",
                                                                                                                                        "Relation Name": "movie_companies",
                                                                                                                                        "Schema": "public",
                                                                                                                                        "Alias": "mc",
                                                                                                                                        "Startup Cost": 10000000000.43,
                                                                                                                                        "Total Cost": 10000097876.01,
                                                                                                                                        "Plan Rows": 148857,
                                                                                                                                        "Plan Width": 12,
                                                                                                                                        "Actual Startup Time": 0.018,
                                                                                                                                        "Actual Total Time": 460.291,
                                                                                                                                        "Actual Rows": 303271,
                                                                                                                                        "Actual Loops": 1,
                                                                                                                                        "Output": [
                                                                                                                                            "mc.id",
                                                                                                                                            "mc.movie_id",
                                                                                                                                            "mc.company_id",
                                                                                                                                            "mc.company_type_id",
                                                                                                                                            "mc.note"
                                                                                                                                        ],
                                                                                                                                        "Filter": "((mc.note !~~ '%(USA)%'::text) AND (mc.note ~~ '%(200%)%'::text))",
                                                                                                                                        "Rows Removed by Filter": 2305858
                                                                                                                                    },
                                                                                                                                    {
                                                                                                                                        "Node Type": "Hash",
                                                                                                                                        "Parent Relationship": "Inner",
                                                                                                                                        "Parallel Aware": false,
                                                                                                                                        "Startup Cost": 20002563212.95,
                                                                                                                                        "Total Cost": 20002563212.95,
                                                                                                                                        "Plan Rows": 414007,
                                                                                                                                        "Plan Width": 42,
                                                                                                                                        "Actual Startup Time": 8709.516,
                                                                                                                                        "Actual Total Time": 8709.524,
                                                                                                                                        "Actual Rows": 3735018,
                                                                                                                                        "Actual Loops": 1,
                                                                                                                                        "Output": [
                                                                                                                                            "t.title",
                                                                                                                                            "t.id",
                                                                                                                                            "mi_idx.info",
                                                                                                                                            "mi_idx.movie_id",
                                                                                                                                            "mi_idx.info_type_id",
                                                                                                                                            "mk.movie_id",
                                                                                                                                            "mk.keyword_id"
                                                                                                                                        ],
                                                                                                                                        "Hash Buckets": 4194304,
                                                                                                                                        "Original Hash Buckets": 524288,
                                                                                                                                        "Hash Batches": 1,
                                                                                                                                        "Original Hash Batches": 1,
                                                                                                                                        "Peak Memory Usage": 315242,
                                                                                                                                        "Plans": [
                                                                                                                                            {
                                                                                                                                                "Node Type": "Hash Join",
                                                                                                                                                "Parent Relationship": "Outer",
                                                                                                                                                "Parallel Aware": false,
                                                                                                                                                "Join Type": "Inner",
                                                                                                                                                "Startup Cost": 20000133197.56,
                                                                                                                                                "Total Cost": 20002563212.95,
                                                                                                                                                "Plan Rows": 414007,
                                                                                                                                                "Plan Width": 42,
                                                                                                                                                "Actual Startup Time": 1417.654,
                                                                                                                                                "Actual Total Time": 7979.173,
                                                                                                                                                "Actual Rows": 3735018,
                                                                                                                                                "Actual Loops": 1,
                                                                                                                                                "Output": [
                                                                                                                                                    "t.title",
                                                                                                                                                    "t.id",
                                                                                                                                                    "mi_idx.info",
                                                                                                                                                    "mi_idx.movie_id",
                                                                                                                                                    "mi_idx.info_type_id",
                                                                                                                                                    "mk.movie_id",
                                                                                                                                                    "mk.keyword_id"
                                                                                                                                                ],
                                                                                                                                                "Inner Unique": false,
                                                                                                                                                "Hash Cond": "(t.id = mk.movie_id)",
                                                                                                                                                "Plans": [
                                                                                                                                                    {
                                                                                                                                                        "Node Type": "Nested Loop",
                                                                                                                                                        "Parent Relationship": "Outer",
                                                                                                                                                        "Parallel Aware": false,
                                                                                                                                                        "Join Type": "Inner",
                                                                                                                                                        "Startup Cost": 20000006955.14,
                                                                                                                                                        "Total Cost": 20002083448.17,
                                                                                                                                                        "Plan Rows": 231379,
                                                                                                                                                        "Plan Width": 34,
                                                                                                                                                        "Actual Startup Time": 49.693,
                                                                                                                                                        "Actual Total Time": 6085.142,
                                                                                                                                                        "Actual Rows": 532198,
                                                                                                                                                        "Actual Loops": 1,
                                                                                                                                                        "Output": [
                                                                                                                                                            "t.title",
                                                                                                                                                            "t.id",
                                                                                                                                                            "mi_idx.info",
                                                                                                                                                            "mi_idx.movie_id",
                                                                                                                                                            "mi_idx.info_type_id"
                                                                                                                                                        ],
                                                                                                                                                        "Inner Unique": false,
                                                                                                                                                        "Plans": [
                                                                                                                                                            {
                                                                                                                                                                "Node Type": "Nested Loop",
                                                                                                                                                                "Parent Relationship": "Outer",
                                                                                                                                                                "Parallel Aware": false,
                                                                                                                                                                "Join Type": "Inner",
                                                                                                                                                                "Startup Cost": 10000006954.67,
                                                                                                                                                                "Total Cost": 10000099288.11,
                                                                                                                                                                "Plan Rows": 436840,
                                                                                                                                                                "Plan Width": 21,
                                                                                                                                                                "Actual Startup Time": 49.622,
                                                                                                                                                                "Actual Total Time": 777.045,
                                                                                                                                                                "Actual Rows": 1320974,
                                                                                                                                                                "Actual Loops": 1,
                                                                                                                                                                "Output": [
                                                                                                                                                                    "t.title",
                                                                                                                                                                    "t.id"
                                                                                                                                                                ],
                                                                                                                                                                "Inner Unique": false,
                                                                                                                                                                "Plans": [
                                                                                                                                                                    {
                                                                                                                                                                        "Node Type": "Index Scan",
                                                                                                                                                                        "Parent Relationship": "Outer",
                                                                                                                                                                        "Parallel Aware": false,
                                                                                                                                                                        "Scan Direction": "Forward",
                                                                                                                                                                        "Index Name": "kind_type_pkey",
                                                                                                                                                                        "Relation Name": "kind_type",
                                                                                                                                                                        "Schema": "public",
                                                                                                                                                                        "Alias": "kt",
                                                                                                                                                                        "Startup Cost": 0.13,
                                                                                                                                                                        "Total Cost": 12.26,
                                                                                                                                                                        "Plan Rows": 2,
                                                                                                                                                                        "Plan Width": 4,
                                                                                                                                                                        "Actual Startup Time": 0.021,
                                                                                                                                                                        "Actual Total Time": 0.031,
                                                                                                                                                                        "Actual Rows": 2,
                                                                                                                                                                        "Actual Loops": 1,
                                                                                                                                                                        "Output": [
                                                                                                                                                                            "kt.id",
                                                                                                                                                                            "kt.kind"
                                                                                                                                                                        ],
                                                                                                                                                                        "Filter": "((kt.kind)::text = ANY ('{movie,episode}'::text[]))",
                                                                                                                                                                        "Rows Removed by Filter": 5
                                                                                                                                                                    },
                                                                                                                                                                    {
                                                                                                                                                                        "Node Type": "Bitmap Heap Scan",
                                                                                                                                                                        "Parent Relationship": "Inner",
                                                                                                                                                                        "Parallel Aware": false,
                                                                                                                                                                        "Relation Name": "title",
                                                                                                                                                                        "Schema": "public",
                                                                                                                                                                        "Alias": "t",
                                                                                                                                                                        "Startup Cost": 6954.54,
                                                                                                                                                                        "Total Cost": 47089.7,
                                                                                                                                                                        "Plan Rows": 254823,
                                                                                                                                                                        "Plan Width": 25,
                                                                                                                                                                        "Actual Startup Time": 67.47,
                                                                                                                                                                        "Actual Total Time": 311.157,
                                                                                                                                                                        "Actual Rows": 660487,
                                                                                                                                                                        "Actual Loops": 2,
                                                                                                                                                                        "Output": [
                                                                                                                                                                            "t.id",
                                                                                                                                                                            "t.title",
                                                                                                                                                                            "t.imdb_index",
                                                                                                                                                                            "t.kind_id",
                                                                                                                                                                            "t.production_year",
                                                                                                                                                                            "t.imdb_id",
                                                                                                                                                                            "t.phonetic_code",
                                                                                                                                                                            "t.episode_of_id",
                                                                                                                                                                            "t.season_nr",
                                                                                                                                                                            "t.episode_nr",
                                                                                                                                                                            "t.series_years",
                                                                                                                                                                            "t.md5sum"
                                                                                                                                                                        ],
                                                                                                                                                                        "Recheck Cond": "(t.kind_id = kt.id)",
                                                                                                                                                                        "Rows Removed by Index Recheck": 0,
                                                                                                                                                                        "Filter": "(t.production_year > 1997)",
                                                                                                                                                                        "Rows Removed by Filter": 442558,
                                                                                                                                                                        "Exact Heap Blocks": 37573,
                                                                                                                                                                        "Lossy Heap Blocks": 0,
                                                                                                                                                                        "Plans": [
                                                                                                                                                                            {
                                                                                                                                                                                "Node Type": "Bitmap Index Scan",
                                                                                                                                                                                "Parent Relationship": "Outer",
                                                                                                                                                                                "Parallel Aware": false,
                                                                                                                                                                                "Index Name": "kind_id_title",
                                                                                                                                                                                "Startup Cost": 0.0,
                                                                                                                                                                                "Total Cost": 6890.83,
                                                                                                                                                                                "Plan Rows": 421387,
                                                                                                                                                                                "Plan Width": 0,
                                                                                                                                                                                "Actual Startup Time": 64.77,
                                                                                                                                                                                "Actual Total Time": 64.771,
                                                                                                                                                                                "Actual Rows": 1103044,
                                                                                                                                                                                "Actual Loops": 2,
                                                                                                                                                                                "Index Cond": "(t.kind_id = kt.id)"
                                                                                                                                                                            }
                                                                                                                                                                        ]
                                                                                                                                                                    }
                                                                                                                                                                ]
                                                                                                                                                            },
                                                                                                                                                            {
                                                                                                                                                                "Node Type": "Bitmap Heap Scan",
                                                                                                                                                                "Parent Relationship": "Inner",
                                                                                                                                                                "Parallel Aware": false,
                                                                                                                                                                "Relation Name": "movie_info_idx",
                                                                                                                                                                "Schema": "public",
                                                                                                                                                                "Alias": "mi_idx",
                                                                                                                                                                "Startup Cost": 0.47,
                                                                                                                                                                "Total Cost": 4.51,
                                                                                                                                                                "Plan Rows": 3,
                                                                                                                                                                "Plan Width": 13,
                                                                                                                                                                "Actual Startup Time": 0.002,
                                                                                                                                                                "Actual Total Time": 0.002,
                                                                                                                                                                "Actual Rows": 0,
                                                                                                                                                                "Actual Loops": 1320974,
                                                                                                                                                                "Output": [
                                                                                                                                                                    "mi_idx.id",
                                                                                                                                                                    "mi_idx.movie_id",
                                                                                                                                                                    "mi_idx.info_type_id",
                                                                                                                                                                    "mi_idx.info",
                                                                                                                                                                    "mi_idx.note"
                                                                                                                                                                ],
                                                                                                                                                                "Recheck Cond": "(mi_idx.movie_id = t.id)",
                                                                                                                                                                "Rows Removed by Index Recheck": 0,
                                                                                                                                                                "Filter": "(mi_idx.info < '8.5'::text)",
                                                                                                                                                                "Rows Removed by Filter": 0,
                                                                                                                                                                "Exact Heap Blocks": 184979,
                                                                                                                                                                "Lossy Heap Blocks": 0,
                                                                                                                                                                "Plans": [
                                                                                                                                                                    {
                                                                                                                                                                        "Node Type": "Bitmap Index Scan",
                                                                                                                                                                        "Parent Relationship": "Outer",
                                                                                                                                                                        "Parallel Aware": false,
                                                                                                                                                                        "Index Name": "movie_id_movie_info_idx",
                                                                                                                                                                        "Startup Cost": 0.0,
                                                                                                                                                                        "Total Cost": 0.47,
                                                                                                                                                                        "Plan Rows": 3,
                                                                                                                                                                        "Plan Width": 0,
                                                                                                                                                                        "Actual Startup Time": 0.002,
                                                                                                                                                                        "Actual Total Time": 0.002,
                                                                                                                                                                        "Actual Rows": 0,
                                                                                                                                                                        "Actual Loops": 1320974,
                                                                                                                                                                        "Index Cond": "(mi_idx.movie_id = t.id)"
                                                                                                                                                                    }
                                                                                                                                                                ]
                                                                                                                                                            }
                                                                                                                                                        ]
                                                                                                                                                    },
                                                                                                                                                    {
                                                                                                                                                        "Node Type": "Hash",
                                                                                                                                                        "Parent Relationship": "Inner",
                                                                                                                                                        "Parallel Aware": false,
                                                                                                                                                        "Startup Cost": 69693.3,
                                                                                                                                                        "Total Cost": 69693.3,
                                                                                                                                                        "Plan Rows": 4523930,
                                                                                                                                                        "Plan Width": 8,
                                                                                                                                                        "Actual Startup Time": 1359.496,
                                                                                                                                                        "Actual Total Time": 1359.497,
                                                                                                                                                        "Actual Rows": 4523930,
                                                                                                                                                        "Actual Loops": 1,
                                                                                                                                                        "Output": [
                                                                                                                                                            "mk.movie_id",
                                                                                                                                                            "mk.keyword_id"
                                                                                                                                                        ],
                                                                                                                                                        "Hash Buckets": 8388608,
                                                                                                                                                        "Original Hash Buckets": 8388608,
                                                                                                                                                        "Hash Batches": 1,
                                                                                                                                                        "Original Hash Batches": 1,
                                                                                                                                                        "Peak Memory Usage": 242253,
                                                                                                                                                        "Plans": [
                                                                                                                                                            {
                                                                                                                                                                "Node Type": "Seq Scan",
                                                                                                                                                                "Parent Relationship": "Outer",
                                                                                                                                                                "Parallel Aware": false,
                                                                                                                                                                "Relation Name": "movie_keyword",
                                                                                                                                                                "Schema": "public",
                                                                                                                                                                "Alias": "mk",
                                                                                                                                                                "Startup Cost": 0.0,
                                                                                                                                                                "Total Cost": 69693.3,
                                                                                                                                                                "Plan Rows": 4523930,
                                                                                                                                                                "Plan Width": 8,
                                                                                                                                                                "Actual Startup Time": 0.018,
                                                                                                                                                                "Actual Total Time": 614.461,
                                                                                                                                                                "Actual Rows": 4523930,
                                                                                                                                                                "Actual Loops": 1,
                                                                                                                                                                "Output": [
                                                                                                                                                                    "mk.movie_id",
                                                                                                                                                                    "mk.keyword_id"
                                                                                                                                                                ]
                                                                                                                                                            }
                                                                                                                                                        ]
                                                                                                                                                    }
                                                                                                                                                ]
                                                                                                                                            }
                                                                                                                                        ]
                                                                                                                                    }
                                                                                                                                ]
                                                                                                                            }
                                                                                                                        ]
                                                                                                                    }
                                                                                                                ]
                                                                                                            }
                                                                                                        ]
                                                                                                    }
                                                                                                ]
                                                                                            },
                                                                                            {
                                                                                                "Node Type": "Index Scan",
                                                                                                "Parent Relationship": "Inner",
                                                                                                "Parallel Aware": false,
                                                                                                "Scan Direction": "Forward",
                                                                                                "Index Name": "movie_id_complete_cast",
                                                                                                "Relation Name": "complete_cast",
                                                                                                "Schema": "public",
                                                                                                "Alias": "cc",
                                                                                                "Startup Cost": 0.42,
                                                                                                "Total Cost": 0.46,
                                                                                                "Plan Rows": 2,
                                                                                                "Plan Width": 12,
                                                                                                "Actual Startup Time": 0.001,
                                                                                                "Actual Total Time": 0.001,
                                                                                                "Actual Rows": 1,
                                                                                                "Actual Loops": 171220,
                                                                                                "Output": [
                                                                                                    "cc.id",
                                                                                                    "cc.movie_id",
                                                                                                    "cc.subject_id",
                                                                                                    "cc.status_id"
                                                                                                ],
                                                                                                "Index Cond": "(cc.movie_id = mk.movie_id)",
                                                                                                "Rows Removed by Index Recheck": 0
                                                                                            }
                                                                                        ]
                                                                                    },
                                                                                    {
                                                                                        "Node Type": "Materialize",
                                                                                        "Parent Relationship": "Inner",
                                                                                        "Parallel Aware": false,
                                                                                        "Startup Cost": 0.0,
                                                                                        "Total Cost": 2.42,
                                                                                        "Plan Rows": 1,
                                                                                        "Plan Width": 4,
                                                                                        "Actual Startup Time": 0.0,
                                                                                        "Actual Total Time": 0.0,
                                                                                        "Actual Rows": 1,
                                                                                        "Actual Loops": 133771,
                                                                                        "Output": [
                                                                                            "it2.id"
                                                                                        ],
                                                                                        "Plans": [
                                                                                            {
                                                                                                "Node Type": "Seq Scan",
                                                                                                "Parent Relationship": "Outer",
                                                                                                "Parallel Aware": false,
                                                                                                "Relation Name": "info_type",
                                                                                                "Schema": "public",
                                                                                                "Alias": "it2",
                                                                                                "Startup Cost": 0.0,
                                                                                                "Total Cost": 2.41,
                                                                                                "Plan Rows": 1,
                                                                                                "Plan Width": 4,
                                                                                                "Actual Startup Time": 0.02,
                                                                                                "Actual Total Time": 0.021,
                                                                                                "Actual Rows": 1,
                                                                                                "Actual Loops": 1,
                                                                                                "Output": [
                                                                                                    "it2.id"
                                                                                                ],
                                                                                                "Filter": "((it2.info)::text = 'rating'::text)",
                                                                                                "Rows Removed by Filter": 112
                                                                                            }
                                                                                        ]
                                                                                    }
                                                                                ]
                                                                            },
                                                                            {
                                                                                "Node Type": "Bitmap Heap Scan",
                                                                                "Parent Relationship": "Inner",
                                                                                "Parallel Aware": false,
                                                                                "Relation Name": "movie_info",
                                                                                "Schema": "public",
                                                                                "Alias": "mi",
                                                                                "Startup Cost": 0.78,
                                                                                "Total Cost": 5.75,
                                                                                "Plan Rows": 4,
                                                                                "Plan Width": 8,
                                                                                "Actual Startup Time": 0.012,
                                                                                "Actual Total Time": 0.066,
                                                                                "Actual Rows": 2,
                                                                                "Actual Loops": 43804,
                                                                                "Output": [
                                                                                    "mi.id",
                                                                                    "mi.movie_id",
                                                                                    "mi.info_type_id",
                                                                                    "mi.info",
                                                                                    "mi.note"
                                                                                ],
                                                                                "Recheck Cond": "(mi.movie_id = mk.movie_id)",
                                                                                "Rows Removed by Index Recheck": 0,
                                                                                "Filter": "(mi.info = ANY ('{USA,Denish,Norwegian,Norway,Sweden,English,Swedish,America,German,Bulgaria}'::text[]))",
                                                                                "Rows Removed by Filter": 247,
                                                                                "Exact Heap Blocks": 1069303,
                                                                                "Lossy Heap Blocks": 0,
                                                                                "Plans": [
                                                                                    {
                                                                                        "Node Type": "Bitmap Index Scan",
                                                                                        "Parent Relationship": "Outer",
                                                                                        "Parallel Aware": false,
                                                                                        "Index Name": "movie_id_movie_info",
                                                                                        "Startup Cost": 0.0,
                                                                                        "Total Cost": 0.78,
                                                                                        "Plan Rows": 39,
                                                                                        "Plan Width": 0,
                                                                                        "Actual Startup Time": 0.008,
                                                                                        "Actual Total Time": 0.008,
                                                                                        "Actual Rows": 249,
                                                                                        "Actual Loops": 43804,
                                                                                        "Index Cond": "(mi.movie_id = mk.movie_id)"
                                                                                    }
                                                                                ]
                                                                            }
                                                                        ]
                                                                    }
                                                                ]
                                                            },
                                                            {
                                                                "Node Type": "Sort",
                                                                "Parent Relationship": "Inner",
                                                                "Parallel Aware": false,
                                                                "Startup Cost": 10000000001.07,
                                                                "Total Cost": 10000000001.08,
                                                                "Plan Rows": 3,
                                                                "Plan Width": 4,
                                                                "Actual Startup Time": 0.022,
                                                                "Actual Total Time": 1.597,
                                                                "Actual Rows": 3,
                                                                "Actual Loops": 1,
                                                                "Output": [
                                                                    "cct2.id"
                                                                ],
                                                                "Sort Key": [
                                                                    "cct2.id"
                                                                ],
                                                                "Sort Method": "quicksort",
                                                                "Sort Space Used": 25,
                                                                "Sort Space Type": "Memory",
                                                                "Plans": [
                                                                    {
                                                                        "Node Type": "Seq Scan",
                                                                        "Parent Relationship": "Outer",
                                                                        "Parallel Aware": false,
                                                                        "Relation Name": "comp_cast_type",
                                                                        "Schema": "public",
                                                                        "Alias": "cct2",
                                                                        "Startup Cost": 10000000000.0,
                                                                        "Total Cost": 10000000001.05,
                                                                        "Plan Rows": 3,
                                                                        "Plan Width": 4,
                                                                        "Actual Startup Time": 0.012,
                                                                        "Actual Total Time": 0.013,
                                                                        "Actual Rows": 3,
                                                                        "Actual Loops": 1,
                                                                        "Output": [
                                                                            "cct2.id"
                                                                        ],
                                                                        "Filter": "((cct2.kind)::text <> 'complete+verified'::text)",
                                                                        "Rows Removed by Filter": 1
                                                                    }
                                                                ]
                                                            }
                                                        ]
                                                    }
                                                ]
                                            }
                                        ]
                                    }
                                ]
                            }
                        ]
                    },
                    {
                        "Node Type": "Bitmap Heap Scan",
                        "Parent Relationship": "Inner",
                        "Parallel Aware": false,
                        "Relation Name": "comp_cast_type",
                        "Schema": "public",
                        "Alias": "cct1",
                        "Startup Cost": 0.14,
                        "Total Cost": 4.15,
                        "Plan Rows": 1,
                        "Plan Width": 4,
                        "Actual Startup Time": 0.002,
                        "Actual Total Time": 0.002,
                        "Actual Rows": 0,
                        "Actual Loops": 20221,
                        "Output": [
                            "cct1.id",
                            "cct1.kind"
                        ],
                        "Recheck Cond": "(cct1.id = cc.subject_id)",
                        "Rows Removed by Index Recheck": 0,
                        "Filter": "((cct1.kind)::text = 'crew'::text)",
                        "Rows Removed by Filter": 1,
                        "Exact Heap Blocks": 20221,
                        "Lossy Heap Blocks": 0,
                        "Plans": [
                            {
                                "Node Type": "Bitmap Index Scan",
                                "Parent Relationship": "Outer",
                                "Parallel Aware": false,
                                "Index Name": "comp_cast_type_pkey",
                                "Startup Cost": 0.0,
                                "Total Cost": 0.14,
                                "Plan Rows": 1,
                                "Plan Width": 0,
                                "Actual Startup Time": 0.001,
                                "Actual Total Time": 0.001,
                                "Actual Rows": 1,
                                "Actual Loops": 20221,
                                "Index Cond": "(cct1.id = cc.subject_id)"
                            }
                        ]
                    }
                ]
            }
        ]
    },
    "Planning Time": 165.007,
    "Triggers": [],
    "Execution Time": 19041.255
}