[
  {
    "Plan": {
      "Node Type": "Aggregate",
      "Strategy": "Plain",
      "Partial Mode": "Finalize",
      "Parallel Aware": false,
      "Startup Cost": 108673.26,
      "Total Cost": 108673.27,
      "Plan Rows": 1,
      "Plan Width": 8,
      "Actual Startup Time": 391.151,
      "Actual Total Time": 410.321,
      "Actual Rows": 1,
      "Actual Loops": 1,
      "Plans": [
        {
          "Node Type": "Gather",
          "Parent Relationship": "Outer",
          "Parallel Aware": false,
          "Startup Cost": 108672.95,
          "Total Cost": 108673.26,
          "Plan Rows": 3,
          "Plan Width": 8,
          "Actual Startup Time": 389.951,
          "Actual Total Time": 410.31,
          "Actual Rows": 4,
          "Actual Loops": 1,
          "Workers Planned": 3,
          "Workers Launched": 3,
          "Single Copy": false,
          "Plans": [
            {
              "Node Type": "Aggregate",
              "Strategy": "Plain",
              "Partial Mode": "Partial",
              "Parent Relationship": "Outer",
              "Parallel Aware": false,
              "Startup Cost": 107672.95,
              "Total Cost": 107672.96,
              "Plan Rows": 1,
              "Plan Width": 8,
              "Actual Startup Time": 381.997,
              "Actual Total Time": 382.072,
              "Actual Rows": 1,
              "Actual Loops": 4,
              "Plans": [
                {
                  "Node Type": "Hash Join",
                  "Parent Relationship": "Outer",
                  "Parallel Aware": true,
                  "Join Type": "Inner",
                  "Startup Cost": 62816.49,
                  "Total Cost": 107546.71,
                  "Plan Rows": 50495,
                  "Plan Width": 0,
                  "Actual Startup Time": 220.386,
                  "Actual Total Time": 372.699,
                  "Actual Rows": 233759,
                  "Actual Loops": 4,
                  "Inner Unique": false,
                  "Hash Cond": "(mk.movie_id = t.id)",
                  "Plans": [
                    {
                      "Node Type": "Seq Scan",
                      "Parent Relationship": "Outer",
                      "Parallel Aware": true,
                      "Relation Name": "movie_keyword",
                      "Alias": "mk",
                      "Startup Cost": 0.0,
                      "Total Cost": 39047.32,
                      "Plan Rows": 1459332,
                      "Plan Width": 4,
                      "Actual Startup Time": 0.029,
                      "Actual Total Time": 86.246,
                      "Actual Rows": 1130982,
                      "Actual Loops": 4
                    },
                    {
                      "Node Type": "Hash",
                      "Parent Relationship": "Inner",
                      "Parallel Aware": true,
                      "Startup Cost": 62360.85,
                      "Total Cost": 62360.85,
                      "Plan Rows": 36451,
                      "Plan Width": 8,
                      "Actual Startup Time": 185.616,
                      "Actual Total Time": 185.689,
                      "Actual Rows": 25273,
                      "Actual Loops": 4,
                      "Hash Buckets": 131072,
                      "Original Hash Buckets": 131072,
                      "Hash Batches": 1,
                      "Original Hash Batches": 1,
                      "Peak Memory Usage": 5024,
                      "Plans": [
                        {
                          "Node Type": "Hash Join",
                          "Parent Relationship": "Outer",
                          "Parallel Aware": true,
                          "Join Type": "Inner",
                          "Startup Cost": 46226.01,
                          "Total Cost": 62360.85,
                          "Plan Rows": 36451,
                          "Plan Width": 8,
                          "Actual Startup Time": 141.495,
                          "Actual Total Time": 179.214,
                          "Actual Rows": 25273,
                          "Actual Loops": 4,
                          "Inner Unique": true,
                          "Hash Cond": "(mi_idx.movie_id = t.id)",
                          "Plans": [
                            {
                              "Node Type": "Seq Scan",
                              "Parent Relationship": "Outer",
                              "Parallel Aware": true,
                              "Relation Name": "movie_info_idx",
                              "Alias": "mi_idx",
                              "Startup Cost": 0.0,
                              "Total Cost": 15122.68,
                              "Plan Rows": 385585,
                              "Plan Width": 4,
                              "Actual Startup Time": 0.029,
                              "Actual Total Time": 33.29,
                              "Actual Rows": 230028,
                              "Actual Loops": 4,
                              "Filter": "(info_type_id > 99)",
                              "Rows Removed by Filter": 114981
                            },
                            {
                              "Node Type": "Hash",
                              "Parent Relationship": "Inner",
                              "Parallel Aware": true,
                              "Startup Cost": 45479.1,
                              "Total Cost": 45479.1,
                              "Plan Rows": 59753,
                              "Plan Width": 4,
                              "Actual Startup Time": 115.524,
                              "Actual Total Time": 115.525,
                              "Actual Rows": 50041,
                              "Actual Loops": 4,
                              "Hash Buckets": 262144,
                              "Original Hash Buckets": 262144,
                              "Hash Batches": 1,
                              "Original Hash Batches": 1,
                              "Peak Memory Usage": 9952,
                              "Plans": [
                                {
                                  "Node Type": "Seq Scan",
                                  "Parent Relationship": "Outer",
                                  "Parallel Aware": true,
                                  "Relation Name": "title",
                                  "Alias": "t",
                                  "Startup Cost": 0.0,
                                  "Total Cost": 45479.1,
                                  "Plan Rows": 59753,
                                  "Plan Width": 4,
                                  "Actual Startup Time": 48.811,
                                  "Actual Total Time": 100.077,
                                  "Actual Rows": 50041,
                                  "Actual Loops": 4,
                                  "Filter": "((production_year > 2006) AND (kind_id = 1))",
                                  "Rows Removed by Filter": 582037
                                }
                              ]
                            }
                          ]
                        }
                      ]
                    }
                  ]
                }
              ]
            }
          ]
        }
      ]
    },
    "Planning Time": 1.312,
    "Triggers": [],
    "Execution Time": 410.406
  }
]