[
  {
    "Plan": {
      "Node Type": "Aggregate",
      "Strategy": "Plain",
      "Partial Mode": "Finalize",
      "Parallel Aware": false,
      "Startup Cost": 32077.3,
      "Total Cost": 32077.31,
      "Plan Rows": 1,
      "Plan Width": 8,
      "Actual Startup Time": 114.834,
      "Actual Total Time": 120.428,
      "Actual Rows": 1,
      "Actual Loops": 1,
      "Plans": [
        {
          "Node Type": "Gather",
          "Parent Relationship": "Outer",
          "Parallel Aware": false,
          "Startup Cost": 32076.98,
          "Total Cost": 32077.29,
          "Plan Rows": 3,
          "Plan Width": 8,
          "Actual Startup Time": 114.722,
          "Actual Total Time": 120.421,
          "Actual Rows": 4,
          "Actual Loops": 1,
          "Workers Planned": 3,
          "Workers Launched": 3,
          "Single Copy": false,
          "Plans": [
            {
              "Node Type": "Aggregate",
              "Strategy": "Plain",
              "Partial Mode": "Partial",
              "Parent Relationship": "Outer",
              "Parallel Aware": false,
              "Startup Cost": 31076.98,
              "Total Cost": 31076.99,
              "Plan Rows": 1,
              "Plan Width": 8,
              "Actual Startup Time": 108.45,
              "Actual Total Time": 108.451,
              "Actual Rows": 1,
              "Actual Loops": 4,
              "Plans": [
                {
                  "Node Type": "Seq Scan",
                  "Parent Relationship": "Outer",
                  "Parallel Aware": true,
                  "Relation Name": "movie_companies",
                  "Alias": "mc",
                  "Startup Cost": 0.0,
                  "Total Cost": 29310.68,
                  "Plan Rows": 706521,
                  "Plan Width": 0,
                  "Actual Startup Time": 0.033,
                  "Actual Total Time": 81.644,
                  "Actual Rows": 548610,
                  "Actual Loops": 4,
                  "Filter": "(company_id < 80534)",
                  "Rows Removed by Filter": 103673
                }
              ]
            }
          ]
        }
      ]
    },
    "Planning Time": 0.097,
    "Triggers": [],
    "Execution Time": 120.456
  }
]