[
    {
        "Bao": {
            "Bao prediction": "NaN",
            "Bao recommended hint": "(no hint)"
        }
    },
    {
        "Plan": {
            "Node Type": "Aggregate",
            "Strategy": "Plain",
            "Partial Mode": "Finalize",
            "Parallel Aware": false,
            "Startup Cost": 269113.19,
            "Total Cost": 269113.2,
            "Plan Rows": 1,
            "Plan Width": 8,
            "Actual Startup Time": 462.141,
            "Actual Total Time": 471.561,
            "Actual Rows": 1,
            "Actual Loops": 1,
            "Output": [
                "count(*)"
            ],
            "Plans": [
                {
                    "Node Type": "Gather",
                    "Parent Relationship": "Outer",
                    "Parallel Aware": false,
                    "Startup Cost": 269112.88,
                    "Total Cost": 269113.19,
                    "Plan Rows": 3,
                    "Plan Width": 8,
                    "Actual Startup Time": 457.481,
                    "Actual Total Time": 471.553,
                    "Actual Rows": 4,
                    "Actual Loops": 1,
                    "Output": [
                        "(PARTIAL count(*))"
                    ],
                    "Workers Planned": 3,
                    "Workers Launched": 3,
                    "Single Copy": false,
                    "Plans": [
                        {
                            "Node Type": "Aggregate",
                            "Strategy": "Plain",
                            "Partial Mode": "Partial",
                            "Parent Relationship": "Outer",
                            "Parallel Aware": false,
                            "Startup Cost": 268112.88,
                            "Total Cost": 268112.89,
                            "Plan Rows": 1,
                            "Plan Width": 8,
                            "Actual Startup Time": 447.782,
                            "Actual Total Time": 447.788,
                            "Actual Rows": 1,
                            "Actual Loops": 4,
                            "Output": [
                                "PARTIAL count(*)"
                            ],
                            "Workers": [
                                {
                                    "Worker Number": 0,
                                    "Actual Startup Time": 444.613,
                                    "Actual Total Time": 444.618,
                                    "Actual Rows": 1,
                                    "Actual Loops": 1
                                },
                                {
                                    "Worker Number": 1,
                                    "Actual Startup Time": 444.933,
                                    "Actual Total Time": 444.938,
                                    "Actual Rows": 1,
                                    "Actual Loops": 1
                                },
                                {
                                    "Worker Number": 2,
                                    "Actual Startup Time": 444.615,
                                    "Actual Total Time": 444.62,
                                    "Actual Rows": 1,
                                    "Actual Loops": 1
                                }
                            ],
                            "Plans": [
                                {
                                    "Node Type": "Hash Join",
                                    "Parent Relationship": "Outer",
                                    "Parallel Aware": true,
                                    "Join Type": "Inner",
                                    "Startup Cost": 223117.39,
                                    "Total Cost": 267848.61,
                                    "Plan Rows": 105705,
                                    "Plan Width": 0,
                                    "Actual Startup Time": 263.63,
                                    "Actual Total Time": 440.388,
                                    "Actual Rows": 181467,
                                    "Actual Loops": 4,
                                    "Inner Unique": false,
                                    "Hash Cond": "(mk.movie_id = t.id)",
                                    "Workers": [
                                        {
                                            "Worker Number": 0,
                                            "Actual Startup Time": 260.592,
                                            "Actual Total Time": 436.709,
                                            "Actual Rows": 187104,
                                            "Actual Loops": 1
                                        },
                                        {
                                            "Worker Number": 1,
                                            "Actual Startup Time": 260.582,
                                            "Actual Total Time": 437.867,
                                            "Actual Rows": 171202,
                                            "Actual Loops": 1
                                        },
                                        {
                                            "Worker Number": 2,
                                            "Actual Startup Time": 260.393,
                                            "Actual Total Time": 437.231,
                                            "Actual Rows": 175874,
                                            "Actual Loops": 1
                                        }
                                    ],
                                    "Plans": [
                                        {
                                            "Node Type": "Seq Scan",
                                            "Parent Relationship": "Outer",
                                            "Parallel Aware": true,
                                            "Relation Name": "movie_keyword",
                                            "Schema": "public",
                                            "Alias": "mk",
                                            "Startup Cost": 0.0,
                                            "Total Cost": 39047.32,
                                            "Plan Rows": 1459332,
                                            "Plan Width": 4,
                                            "Actual Startup Time": 0.018,
                                            "Actual Total Time": 83.46,
                                            "Actual Rows": 1130982,
                                            "Actual Loops": 4,
                                            "Output": [
                                                "mk.id",
                                                "mk.movie_id",
                                                "mk.keyword_id"
                                            ],
                                            "Workers": [
                                                {
                                                    "Worker Number": 0,
                                                    "Actual Startup Time": 0.025,
                                                    "Actual Total Time": 83.933,
                                                    "Actual Rows": 1061160,
                                                    "Actual Loops": 1
                                                },
                                                {
                                                    "Worker Number": 1,
                                                    "Actual Startup Time": 0.018,
                                                    "Actual Total Time": 86.404,
                                                    "Actual Rows": 1135345,
                                                    "Actual Loops": 1
                                                },
                                                {
                                                    "Worker Number": 2,
                                                    "Actual Startup Time": 0.018,
                                                    "Actual Total Time": 84.711,
                                                    "Actual Rows": 1069670,
                                                    "Actual Loops": 1
                                                }
                                            ]
                                        },
                                        {
                                            "Node Type": "Hash",
                                            "Parent Relationship": "Inner",
                                            "Parallel Aware": true,
                                            "Startup Cost": 222659.55,
                                            "Total Cost": 222659.55,
                                            "Plan Rows": 36627,
                                            "Plan Width": 8,
                                            "Actual Startup Time": 261.746,
                                            "Actual Total Time": 261.751,
                                            "Actual Rows": 33938,
                                            "Actual Loops": 4,
                                            "Output": [
                                                "t.id",
                                                "mi.movie_id"
                                            ],
                                            "Hash Buckets": 262144,
                                            "Original Hash Buckets": 262144,
                                            "Hash Batches": 1,
                                            "Original Hash Batches": 1,
                                            "Peak Memory Usage": 7456,
                                            "Workers": [
                                                {
                                                    "Worker Number": 0,
                                                    "Actual Startup Time": 259.679,
                                                    "Actual Total Time": 259.683,
                                                    "Actual Rows": 28846,
                                                    "Actual Loops": 1
                                                },
                                                {
                                                    "Worker Number": 1,
                                                    "Actual Startup Time": 260.159,
                                                    "Actual Total Time": 260.163,
                                                    "Actual Rows": 30315,
                                                    "Actual Loops": 1
                                                },
                                                {
                                                    "Worker Number": 2,
                                                    "Actual Startup Time": 259.771,
                                                    "Actual Total Time": 259.776,
                                                    "Actual Rows": 30454,
                                                    "Actual Loops": 1
                                                }
                                            ],
                                            "Plans": [
                                                {
                                                    "Node Type": "Hash Join",
                                                    "Parent Relationship": "Outer",
                                                    "Parallel Aware": true,
                                                    "Join Type": "Inner",
                                                    "Startup Cost": 58838.04,
                                                    "Total Cost": 222659.55,
                                                    "Plan Rows": 36627,
                                                    "Plan Width": 8,
                                                    "Actual Startup Time": 184.889,
                                                    "Actual Total Time": 251.329,
                                                    "Actual Rows": 33938,
                                                    "Actual Loops": 4,
                                                    "Output": [
                                                        "t.id",
                                                        "mi.movie_id"
                                                    ],
                                                    "Inner Unique": true,
                                                    "Hash Cond": "(mi.movie_id = t.id)",
                                                    "Workers": [
                                                        {
                                                            "Worker Number": 0,
                                                            "Actual Startup Time": 182.893,
                                                            "Actual Total Time": 249.665,
                                                            "Actual Rows": 28846,
                                                            "Actual Loops": 1
                                                        },
                                                        {
                                                            "Worker Number": 1,
                                                            "Actual Startup Time": 183.266,
                                                            "Actual Total Time": 249.835,
                                                            "Actual Rows": 30315,
                                                            "Actual Loops": 1
                                                        },
                                                        {
                                                            "Worker Number": 2,
                                                            "Actual Startup Time": 183.022,
                                                            "Actual Total Time": 248.906,
                                                            "Actual Rows": 30454,
                                                            "Actual Loops": 1
                                                        }
                                                    ],
                                                    "Plans": [
                                                        {
                                                            "Node Type": "Bitmap Heap Scan",
                                                            "Parent Relationship": "Outer",
                                                            "Parallel Aware": true,
                                                            "Relation Name": "movie_info",
                                                            "Schema": "public",
                                                            "Alias": "mi",
                                                            "Startup Cost": 10965.05,
                                                            "Total Cost": 174469.22,
                                                            "Plan Rows": 120893,
                                                            "Plan Width": 4,
                                                            "Actual Startup Time": 26.649,
                                                            "Actual Total Time": 67.885,
                                                            "Actual Rows": 149614,
                                                            "Actual Loops": 4,
                                                            "Output": [
                                                                "mi.id",
                                                                "mi.movie_id",
                                                                "mi.info_type_id",
                                                                "mi.info",
                                                                "mi.note"
                                                            ],
                                                            "Recheck Cond": "(mi.info_type_id = 15)",
                                                            "Rows Removed by Index Recheck": 0,
                                                            "Exact Heap Blocks": 6792,
                                                            "Lossy Heap Blocks": 0,
                                                            "Workers": [
                                                                {
                                                                    "Worker Number": 0,
                                                                    "Actual Startup Time": 26.676,
                                                                    "Actual Total Time": 68.322,
                                                                    "Actual Rows": 135604,
                                                                    "Actual Loops": 1
                                                                },
                                                                {
                                                                    "Worker Number": 1,
                                                                    "Actual Startup Time": 26.67,
                                                                    "Actual Total Time": 69.653,
                                                                    "Actual Rows": 133279,
                                                                    "Actual Loops": 1
                                                                },
                                                                {
                                                                    "Worker Number": 2,
                                                                    "Actual Startup Time": 26.725,
                                                                    "Actual Total Time": 68.148,
                                                                    "Actual Rows": 139304,
                                                                    "Actual Loops": 1
                                                                }
                                                            ],
                                                            "Plans": [
                                                                {
                                                                    "Node Type": "Bitmap Index Scan",
                                                                    "Parent Relationship": "Outer",
                                                                    "Parallel Aware": false,
                                                                    "Index Name": "info_type_id_movie_info",
                                                                    "Startup Cost": 0.0,
                                                                    "Total Cost": 10813.94,
                                                                    "Plan Rows": 604467,
                                                                    "Plan Width": 0,
                                                                    "Actual Startup Time": 23.441,
                                                                    "Actual Total Time": 23.442,
                                                                    "Actual Rows": 598457,
                                                                    "Actual Loops": 1,
                                                                    "Index Cond": "(mi.info_type_id = 15)"
                                                                }
                                                            ]
                                                        },
                                                        {
                                                            "Node Type": "Hash",
                                                            "Parent Relationship": "Inner",
                                                            "Parallel Aware": true,
                                                            "Startup Cost": 45479.21,
                                                            "Total Cost": 45479.21,
                                                            "Plan Rows": 191502,
                                                            "Plan Width": 4,
                                                            "Actual Startup Time": 155.169,
                                                            "Actual Total Time": 155.17,
                                                            "Actual Rows": 170570,
                                                            "Actual Loops": 4,
                                                            "Output": [
                                                                "t.id"
                                                            ],
                                                            "Hash Buckets": 1048576,
                                                            "Original Hash Buckets": 1048576,
                                                            "Hash Batches": 1,
                                                            "Original Hash Batches": 1,
                                                            "Peak Memory Usage": 34944,
                                                            "Workers": [
                                                                {
                                                                    "Worker Number": 0,
                                                                    "Actual Startup Time": 156.072,
                                                                    "Actual Total Time": 156.074,
                                                                    "Actual Rows": 153605,
                                                                    "Actual Loops": 1
                                                                },
                                                                {
                                                                    "Worker Number": 1,
                                                                    "Actual Startup Time": 156.467,
                                                                    "Actual Total Time": 156.468,
                                                                    "Actual Rows": 157408,
                                                                    "Actual Loops": 1
                                                                },
                                                                {
                                                                    "Worker Number": 2,
                                                                    "Actual Startup Time": 156.113,
                                                                    "Actual Total Time": 156.114,
                                                                    "Actual Rows": 154400,
                                                                    "Actual Loops": 1
                                                                }
                                                            ],
                                                            "Plans": [
                                                                {
                                                                    "Node Type": "Seq Scan",
                                                                    "Parent Relationship": "Outer",
                                                                    "Parallel Aware": true,
                                                                    "Relation Name": "title",
                                                                    "Schema": "public",
                                                                    "Alias": "t",
                                                                    "Startup Cost": 0.0,
                                                                    "Total Cost": 45479.21,
                                                                    "Plan Rows": 191502,
                                                                    "Plan Width": 4,
                                                                    "Actual Startup Time": 0.041,
                                                                    "Actual Total Time": 93.327,
                                                                    "Actual Rows": 170570,
                                                                    "Actual Loops": 4,
                                                                    "Output": [
                                                                        "t.id"
                                                                    ],
                                                                    "Filter": "((t.production_year < 2004) AND (t.kind_id = 7))",
                                                                    "Rows Removed by Filter": 461508,
                                                                    "Workers": [
                                                                        {
                                                                            "Worker Number": 0,
                                                                            "Actual Startup Time": 0.038,
                                                                            "Actual Total Time": 94.583,
                                                                            "Actual Rows": 153605,
                                                                            "Actual Loops": 1
                                                                        },
                                                                        {
                                                                            "Worker Number": 1,
                                                                            "Actual Startup Time": 0.044,
                                                                            "Actual Total Time": 95.251,
                                                                            "Actual Rows": 157408,
                                                                            "Actual Loops": 1
                                                                        },
                                                                        {
                                                                            "Worker Number": 2,
                                                                            "Actual Startup Time": 0.062,
                                                                            "Actual Total Time": 94.6,
                                                                            "Actual Rows": 154400,
                                                                            "Actual Loops": 1
                                                                        }
                                                                    ]
                                                                }
                                                            ]
                                                        }
                                                    ]
                                                }
                                            ]
                                        }
                                    ]
                                }
                            ]
                        }
                    ]
                }
            ]
        },
        "Planning Time": 194.823,
        "Triggers": [],
        "Execution Time": 471.662
    }
]