{
  "Plan": {
    "Node Type": "Aggregate",
    "Strategy": "Plain",
    "Partial Mode": "Finalize",
    "Parallel Aware": false,
    "Startup Cost": 82902.24,
    "Total Cost": 82902.25,
    "Plan Rows": 1,
    "Plan Width": 8,
    "Actual Startup Time": 325.618,
    "Actual Total Time": 335.954,
    "Actual Rows": 1,
    "Actual Loops": 1,
    "Plans": [
      {
        "Node Type": "Gather",
        "Parent Relationship": "Outer",
        "Parallel Aware": false,
        "Startup Cost": 82902.13,
        "Total Cost": 82902.24,
        "Plan Rows": 1,
        "Plan Width": 8,
        "Actual Startup Time": 325.357,
        "Actual Total Time": 335.946,
        "Actual Rows": 2,
        "Actual Loops": 1,
        "Workers Planned": 1,
        "Workers Launched": 1,
        "Single Copy": false,
        "Plans": [
          {
            "Node Type": "Aggregate",
            "Strategy": "Plain",
            "Partial Mode": "Partial",
            "Parent Relationship": "Outer",
            "Parallel Aware": false,
            "Startup Cost": 81902.13,
            "Total Cost": 81902.14,
            "Plan Rows": 1,
            "Plan Width": 8,
            "Actual Startup Time": 319.055,
            "Actual Total Time": 319.059,
            "Actual Rows": 1,
            "Actual Loops": 2,
            "Plans": [
              {
                "Node Type": "Hash Join",
                "Parent Relationship": "Outer",
                "Parallel Aware": true,
                "Join Type": "Inner",
                "Startup Cost": 20832.2,
                "Total Cost": 81894.58,
                "Plan Rows": 3021,
                "Plan Width": 0,
                "Actual Startup Time": 22.096,
                "Actual Total Time": 318.854,
                "Actual Rows": 3683,
                "Actual Loops": 2,
                "Inner Unique": false,
                "Hash Cond": "(mk.movie_id = t.id)",
                "Plans": [
                  {
                    "Node Type": "Seq Scan",
                    "Parent Relationship": "Outer",
                    "Parallel Aware": true,
                    "Relation Name": "movie_keyword",
                    "Alias": "mk",
                    "Startup Cost": 0.0,
                    "Total Cost": 51065.35,
                    "Plan Rows": 2661135,
                    "Plan Width": 4,
                    "Actual Startup Time": 0.021,
                    "Actual Total Time": 152.269,
                    "Actual Rows": 2261965,
                    "Actual Loops": 2
                  },
                  {
                    "Node Type": "Hash",
                    "Parent Relationship": "Inner",
                    "Parallel Aware": true,
                    "Startup Cost": 20811.1,
                    "Total Cost": 20811.1,
                    "Plan Rows": 1688,
                    "Plan Width": 8,
                    "Actual Startup Time": 20.406,
                    "Actual Total Time": 20.408,
                    "Actual Rows": 1472,
                    "Actual Loops": 2,
                    "Hash Buckets": 4096,
                    "Original Hash Buckets": 4096,
                    "Hash Batches": 1,
                    "Original Hash Batches": 1,
                    "Peak Memory Usage": 192,
                    "Plans": [
                      {
                        "Node Type": "Nested Loop",
                        "Parent Relationship": "Outer",
                        "Parallel Aware": false,
                        "Join Type": "Inner",
                        "Startup Cost": 63.1,
                        "Total Cost": 20811.1,
                        "Plan Rows": 1688,
                        "Plan Width": 8,
                        "Actual Startup Time": 1.066,
                        "Actual Total Time": 19.271,
                        "Actual Rows": 1472,
                        "Actual Loops": 2,
                        "Inner Unique": true,
                        "Plans": [
                          {
                            "Node Type": "Bitmap Heap Scan",
                            "Parent Relationship": "Outer",
                            "Parallel Aware": true,
                            "Relation Name": "movie_companies",
                            "Alias": "mc",
                            "Startup Cost": 62.67,
                            "Total Cost": 7737.43,
                            "Plan Rows": 1688,
                            "Plan Width": 4,
                            "Actual Startup Time": 0.922,
                            "Actual Total Time": 4.653,
                            "Actual Rows": 1472,
                            "Actual Loops": 2,
                            "Recheck Cond": "(company_id = 133)",
                            "Rows Removed by Index Recheck": 0,
                            "Exact Heap Blocks": 1365,
                            "Lossy Heap Blocks": 0,
                            "Plans": [
                              {
                                "Node Type": "Bitmap Index Scan",
                                "Parent Relationship": "Outer",
                                "Parallel Aware": false,
                                "Index Name": "company_id_movie_companies",
                                "Startup Cost": 0.0,
                                "Total Cost": 61.95,
                                "Plan Rows": 2870,
                                "Plan Width": 0,
                                "Actual Startup Time": 1.038,
                                "Actual Total Time": 1.039,
                                "Actual Rows": 2945,
                                "Actual Loops": 1,
                                "Index Cond": "(company_id = 133)"
                              }
                            ]
                          },
                          {
                            "Node Type": "Index Only Scan",
                            "Parent Relationship": "Inner",
                            "Parallel Aware": false,
                            "Scan Direction": "Forward",
                            "Index Name": "title_pkey",
                            "Relation Name": "title",
                            "Alias": "t",
                            "Startup Cost": 0.43,
                            "Total Cost": 7.75,
                            "Plan Rows": 1,
                            "Plan Width": 4,
                            "Actual Startup Time": 0.009,
                            "Actual Total Time": 0.009,
                            "Actual Rows": 1,
                            "Actual Loops": 2945,
                            "Index Cond": "(id = mc.movie_id)",
                            "Rows Removed by Index Recheck": 0,
                            "Heap Fetches": 2945
                          }
                        ]
                      }
                    ]
                  }
                ]
              }
            ]
          }
        ]
      }
    ]
  },
  "Planning Time": 1.096,
  "Triggers": [],
  "Execution Time": 336.059
}