[
  {
    "Plan": {
      "Node Type": "Aggregate",
      "Strategy": "Plain",
      "Partial Mode": "Finalize",
      "Parallel Aware": false,
      "Startup Cost": 79682.34,
      "Total Cost": 79682.35,
      "Plan Rows": 1,
      "Plan Width": 8,
      "Actual Startup Time": 271.41,
      "Actual Total Time": 303.952,
      "Actual Rows": 1,
      "Actual Loops": 1,
      "Plans": [
        {
          "Node Type": "Gather",
          "Parent Relationship": "Outer",
          "Parallel Aware": false,
          "Startup Cost": 79681.92,
          "Total Cost": 79682.33,
          "Plan Rows": 4,
          "Plan Width": 8,
          "Actual Startup Time": 271.282,
          "Actual Total Time": 303.943,
          "Actual Rows": 5,
          "Actual Loops": 1,
          "Workers Planned": 4,
          "Workers Launched": 4,
          "Single Copy": false,
          "Plans": [
            {
              "Node Type": "Aggregate",
              "Strategy": "Plain",
              "Partial Mode": "Partial",
              "Parent Relationship": "Outer",
              "Parallel Aware": false,
              "Startup Cost": 78681.92,
              "Total Cost": 78681.93,
              "Plan Rows": 1,
              "Plan Width": 8,
              "Actual Startup Time": 260.829,
              "Actual Total Time": 260.831,
              "Actual Rows": 1,
              "Actual Loops": 5,
              "Plans": [
                {
                  "Node Type": "Nested Loop",
                  "Parent Relationship": "Outer",
                  "Parallel Aware": false,
                  "Join Type": "Inner",
                  "Startup Cost": 0.99,
                  "Total Cost": 78633.58,
                  "Plan Rows": 19338,
                  "Plan Width": 0,
                  "Actual Startup Time": 59.068,
                  "Actual Total Time": 259.083,
                  "Actual Rows": 25907,
                  "Actual Loops": 5,
                  "Inner Unique": false,
                  "Join Filter": "(t.id = ci.movie_id)",
                  "Rows Removed by Join Filter": 0,
                  "Plans": [
                    {
                      "Node Type": "Nested Loop",
                      "Parent Relationship": "Outer",
                      "Parallel Aware": false,
                      "Join Type": "Inner",
                      "Startup Cost": 0.43,
                      "Total Cost": 71746.82,
                      "Plan Rows": 3312,
                      "Plan Width": 8,
                      "Actual Startup Time": 58.948,
                      "Actual Total Time": 136.416,
                      "Actual Rows": 20121,
                      "Actual Loops": 5,
                      "Inner Unique": false,
                      "Plans": [
                        {
                          "Node Type": "Seq Scan",
                          "Parent Relationship": "Outer",
                          "Parallel Aware": true,
                          "Relation Name": "title",
                          "Alias": "t",
                          "Startup Cost": 0.0,
                          "Total Cost": 45479.1,
                          "Plan Rows": 3210,
                          "Plan Width": 4,
                          "Actual Startup Time": 58.831,
                          "Actual Total Time": 82.388,
                          "Actual Rows": 10344,
                          "Actual Loops": 5,
                          "Filter": "((production_year < 1914) AND (kind_id = 1))",
                          "Rows Removed by Filter": 495318
                        },
                        {
                          "Node Type": "Index Only Scan",
                          "Parent Relationship": "Inner",
                          "Parallel Aware": false,
                          "Scan Direction": "Forward",
                          "Index Name": "movie_id_movie_companies",
                          "Relation Name": "movie_companies",
                          "Alias": "mc",
                          "Startup Cost": 0.43,
                          "Total Cost": 8.13,
                          "Plan Rows": 5,
                          "Plan Width": 4,
                          "Actual Startup Time": 0.004,
                          "Actual Total Time": 0.005,
                          "Actual Rows": 2,
                          "Actual Loops": 51721,
                          "Index Cond": "(movie_id = t.id)",
                          "Rows Removed by Index Recheck": 0,
                          "Heap Fetches": 100607
                        }
                      ]
                    },
                    {
                      "Node Type": "Index Scan",
                      "Parent Relationship": "Inner",
                      "Parallel Aware": false,
                      "Scan Direction": "Forward",
                      "Index Name": "movie_id_cast_info",
                      "Relation Name": "cast_info",
                      "Alias": "ci",
                      "Startup Cost": 0.56,
                      "Total Cost": 1.89,
                      "Plan Rows": 15,
                      "Plan Width": 4,
                      "Actual Startup Time": 0.004,
                      "Actual Total Time": 0.006,
                      "Actual Rows": 1,
                      "Actual Loops": 100607,
                      "Index Cond": "(movie_id = mc.movie_id)",
                      "Rows Removed by Index Recheck": 0,
                      "Filter": "(person_id < 1454990)",
                      "Rows Removed by Filter": 1
                    }
                  ]
                }
              ]
            }
          ]
        }
      ]
    },
    "Planning Time": 1.43,
    "Triggers": [],
    "Execution Time": 304.046
  }
]