[
  {
    "Plan": {
      "Node Type": "Aggregate",
      "Strategy": "Plain",
      "Partial Mode": "Finalize",
      "Parallel Aware": false,
      "Startup Cost": 39663.62,
      "Total Cost": 39663.63,
      "Plan Rows": 1,
      "Plan Width": 8,
      "Actual Startup Time": 44.803,
      "Actual Total Time": 50.064,
      "Actual Rows": 1,
      "Actual Loops": 1,
      "Plans": [
        {
          "Node Type": "Gather",
          "Parent Relationship": "Outer",
          "Parallel Aware": false,
          "Startup Cost": 39663.2,
          "Total Cost": 39663.61,
          "Plan Rows": 4,
          "Plan Width": 8,
          "Actual Startup Time": 44.608,
          "Actual Total Time": 50.056,
          "Actual Rows": 5,
          "Actual Loops": 1,
          "Workers Planned": 4,
          "Workers Launched": 4,
          "Single Copy": false,
          "Plans": [
            {
              "Node Type": "Aggregate",
              "Strategy": "Plain",
              "Partial Mode": "Partial",
              "Parent Relationship": "Outer",
              "Parallel Aware": false,
              "Startup Cost": 38663.2,
              "Total Cost": 38663.21,
              "Plan Rows": 1,
              "Plan Width": 8,
              "Actual Startup Time": 37.881,
              "Actual Total Time": 37.882,
              "Actual Rows": 1,
              "Actual Loops": 5,
              "Plans": [
                {
                  "Node Type": "Bitmap Heap Scan",
                  "Parent Relationship": "Outer",
                  "Parallel Aware": true,
                  "Relation Name": "title",
                  "Alias": "t",
                  "Startup Cost": 2179.43,
                  "Total Cost": 38632.87,
                  "Plan Rows": 12134,
                  "Plan Width": 0,
                  "Actual Startup Time": 5.085,
                  "Actual Total Time": 36.846,
                  "Actual Rows": 11142,
                  "Actual Loops": 5,
                  "Recheck Cond": "(kind_id = 4)",
                  "Rows Removed by Index Recheck": 0,
                  "Filter": "(production_year > 2005)",
                  "Rows Removed by Filter": 12505,
                  "Exact Heap Blocks": 4859,
                  "Lossy Heap Blocks": 0,
                  "Plans": [
                    {
                      "Node Type": "Bitmap Index Scan",
                      "Parent Relationship": "Outer",
                      "Parallel Aware": false,
                      "Index Name": "kind_id_title",
                      "Startup Cost": 0.0,
                      "Total Cost": 2167.3,
                      "Plan Rows": 121449,
                      "Plan Width": 0,
                      "Actual Startup Time": 8.208,
                      "Actual Total Time": 8.208,
                      "Actual Rows": 118234,
                      "Actual Loops": 1,
                      "Index Cond": "(kind_id = 4)"
                    }
                  ]
                }
              ]
            }
          ]
        }
      ]
    },
    "Planning Time": 0.228,
    "Triggers": [],
    "Execution Time": 50.141
  }
]