[
  {
    "Plan": {
      "Node Type": "Aggregate",
      "Strategy": "Plain",
      "Partial Mode": "Finalize",
      "Parallel Aware": false,
      "Startup Cost": 610857.56,
      "Total Cost": 610857.57,
      "Plan Rows": 1,
      "Plan Width": 8,
      "Actual Startup Time": 2800.575,
      "Actual Total Time": 2891.797,
      "Actual Rows": 1,
      "Actual Loops": 1,
      "Plans": [
        {
          "Node Type": "Gather",
          "Parent Relationship": "Outer",
          "Parallel Aware": false,
          "Startup Cost": 610856.93,
          "Total Cost": 610857.54,
          "Plan Rows": 6,
          "Plan Width": 8,
          "Actual Startup Time": 2788.519,
          "Actual Total Time": 2891.787,
          "Actual Rows": 7,
          "Actual Loops": 1,
          "Workers Planned": 6,
          "Workers Launched": 6,
          "Single Copy": false,
          "Plans": [
            {
              "Node Type": "Aggregate",
              "Strategy": "Plain",
              "Partial Mode": "Partial",
              "Parent Relationship": "Outer",
              "Parallel Aware": false,
              "Startup Cost": 609856.93,
              "Total Cost": 609856.94,
              "Plan Rows": 1,
              "Plan Width": 8,
              "Actual Startup Time": 2771.85,
              "Actual Total Time": 2771.855,
              "Actual Rows": 1,
              "Actual Loops": 7,
              "Plans": [
                {
                  "Node Type": "Hash Join",
                  "Parent Relationship": "Outer",
                  "Parallel Aware": true,
                  "Join Type": "Inner",
                  "Startup Cost": 254621.06,
                  "Total Cost": 603195.68,
                  "Plan Rows": 2664502,
                  "Plan Width": 0,
                  "Actual Startup Time": 872.109,
                  "Actual Total Time": 2645.785,
                  "Actual Rows": 2795985,
                  "Actual Loops": 7,
                  "Inner Unique": false,
                  "Hash Cond": "(ci.movie_id = t.id)",
                  "Plans": [
                    {
                      "Node Type": "Seq Scan",
                      "Parent Relationship": "Outer",
                      "Parallel Aware": true,
                      "Relation Name": "cast_info",
                      "Alias": "ci",
                      "Startup Cost": 0.0,
                      "Total Cost": 328162.03,
                      "Plan Rows": 4022288,
                      "Plan Width": 4,
                      "Actual Startup Time": 128.457,
                      "Actual Total Time": 634.368,
                      "Actual Rows": 3453761,
                      "Actual Loops": 7,
                      "Filter": "(person_id > 1188916)",
                      "Rows Removed by Filter": 1724002
                    },
                    {
                      "Node Type": "Hash",
                      "Parent Relationship": "Inner",
                      "Parallel Aware": true,
                      "Startup Cost": 250433.99,
                      "Total Cost": 250433.99,
                      "Plan Rows": 334966,
                      "Plan Width": 8,
                      "Actual Startup Time": 738.865,
                      "Actual Total Time": 738.869,
                      "Actual Rows": 234472,
                      "Actual Loops": 7,
                      "Hash Buckets": 2097152,
                      "Original Hash Buckets": 2097152,
                      "Hash Batches": 1,
                      "Original Hash Batches": 1,
                      "Peak Memory Usage": 80704,
                      "Plans": [
                        {
                          "Node Type": "Hash Join",
                          "Parent Relationship": "Outer",
                          "Parallel Aware": true,
                          "Join Type": "Inner",
                          "Startup Cost": 49916.09,
                          "Total Cost": 250433.99,
                          "Plan Rows": 334966,
                          "Plan Width": 8,
                          "Actual Startup Time": 262.678,
                          "Actual Total Time": 638.366,
                          "Actual Rows": 234472,
                          "Actual Loops": 7,
                          "Inner Unique": true,
                          "Hash Cond": "(mi.movie_id = t.id)",
                          "Plans": [
                            {
                              "Node Type": "Seq Scan",
                              "Parent Relationship": "Outer",
                              "Parallel Aware": true,
                              "Relation Name": "movie_info",
                              "Alias": "mi",
                              "Startup Cost": 0.0,
                              "Total Cost": 198952.16,
                              "Plan Rows": 596472,
                              "Plan Width": 4,
                              "Actual Startup Time": 68.521,
                              "Actual Total Time": 294.071,
                              "Actual Rows": 433817,
                              "Actual Loops": 7,
                              "Filter": "(info_type_id = 16)",
                              "Rows Removed by Filter": 1685572
                            },
                            {
                              "Node Type": "Hash",
                              "Parent Relationship": "Inner",
                              "Parallel Aware": true,
                              "Startup Cost": 45479.1,
                              "Total Cost": 45479.1,
                              "Plan Rows": 354959,
                              "Plan Width": 4,
                              "Actual Startup Time": 191.821,
                              "Actual Total Time": 191.822,
                              "Actual Rows": 211205,
                              "Actual Loops": 7,
                              "Hash Buckets": 2097152,
                              "Original Hash Buckets": 2097152,
                              "Hash Batches": 1,
                              "Original Hash Batches": 1,
                              "Peak Memory Usage": 74336,
                              "Plans": [
                                {
                                  "Node Type": "Seq Scan",
                                  "Parent Relationship": "Outer",
                                  "Parallel Aware": true,
                                  "Relation Name": "title",
                                  "Alias": "t",
                                  "Startup Cost": 0.0,
                                  "Total Cost": 45479.1,
                                  "Plan Rows": 354959,
                                  "Plan Width": 4,
                                  "Actual Startup Time": 0.048,
                                  "Actual Total Time": 84.475,
                                  "Actual Rows": 211205,
                                  "Actual Loops": 7,
                                  "Filter": "((production_year > 1932) AND (kind_id = 7))",
                                  "Rows Removed by Filter": 149982
                                }
                              ]
                            }
                          ]
                        }
                      ]
                    }
                  ]
                }
              ]
            }
          ]
        }
      ]
    },
    "Planning Time": 1.423,
    "Triggers": [],
    "Execution Time": 2891.906
  }
]