[
    {
        "Bao": {
            "Bao prediction": "NaN",
            "Bao recommended hint": "(no hint)"
        }
    },
    {
        "Plan": {
            "Node Type": "Aggregate",
            "Strategy": "Plain",
            "Partial Mode": "Finalize",
            "Parallel Aware": false,
            "Startup Cost": 274013.71,
            "Total Cost": 274013.72,
            "Plan Rows": 1,
            "Plan Width": 8,
            "Actual Startup Time": 86.959,
            "Actual Total Time": 90.373,
            "Actual Rows": 1,
            "Actual Loops": 1,
            "Output": [
                "count(*)"
            ],
            "Plans": [
                {
                    "Node Type": "Gather",
                    "Parent Relationship": "Outer",
                    "Parallel Aware": false,
                    "Startup Cost": 274013.09,
                    "Total Cost": 274013.7,
                    "Plan Rows": 6,
                    "Plan Width": 8,
                    "Actual Startup Time": 86.599,
                    "Actual Total Time": 90.366,
                    "Actual Rows": 7,
                    "Actual Loops": 1,
                    "Output": [
                        "(PARTIAL count(*))"
                    ],
                    "Workers Planned": 6,
                    "Workers Launched": 6,
                    "Single Copy": false,
                    "Plans": [
                        {
                            "Node Type": "Aggregate",
                            "Strategy": "Plain",
                            "Partial Mode": "Partial",
                            "Parent Relationship": "Outer",
                            "Parallel Aware": false,
                            "Startup Cost": 273013.09,
                            "Total Cost": 273013.1,
                            "Plan Rows": 1,
                            "Plan Width": 8,
                            "Actual Startup Time": 76.291,
                            "Actual Total Time": 76.292,
                            "Actual Rows": 1,
                            "Actual Loops": 7,
                            "Output": [
                                "PARTIAL count(*)"
                            ],
                            "Workers": [
                                {
                                    "Worker Number": 0,
                                    "Actual Startup Time": 73.503,
                                    "Actual Total Time": 73.504,
                                    "Actual Rows": 1,
                                    "Actual Loops": 1
                                },
                                {
                                    "Worker Number": 1,
                                    "Actual Startup Time": 74.02,
                                    "Actual Total Time": 74.021,
                                    "Actual Rows": 1,
                                    "Actual Loops": 1
                                },
                                {
                                    "Worker Number": 2,
                                    "Actual Startup Time": 74.527,
                                    "Actual Total Time": 74.528,
                                    "Actual Rows": 1,
                                    "Actual Loops": 1
                                },
                                {
                                    "Worker Number": 3,
                                    "Actual Startup Time": 75.027,
                                    "Actual Total Time": 75.028,
                                    "Actual Rows": 1,
                                    "Actual Loops": 1
                                },
                                {
                                    "Worker Number": 4,
                                    "Actual Startup Time": 75.184,
                                    "Actual Total Time": 75.185,
                                    "Actual Rows": 1,
                                    "Actual Loops": 1
                                },
                                {
                                    "Worker Number": 5,
                                    "Actual Startup Time": 75.549,
                                    "Actual Total Time": 75.55,
                                    "Actual Rows": 1,
                                    "Actual Loops": 1
                                }
                            ],
                            "Plans": [
                                {
                                    "Node Type": "Bitmap Heap Scan",
                                    "Parent Relationship": "Outer",
                                    "Parallel Aware": true,
                                    "Relation Name": "cast_info",
                                    "Schema": "public",
                                    "Alias": "ci",
                                    "Startup Cost": 18135.87,
                                    "Total Cost": 272891.69,
                                    "Plan Rows": 48558,
                                    "Plan Width": 0,
                                    "Actual Startup Time": 22.782,
                                    "Actual Total Time": 68.578,
                                    "Actual Rows": 89332,
                                    "Actual Loops": 7,
                                    "Recheck Cond": "(ci.person_id < 89071)",
                                    "Rows Removed by Index Recheck": 0,
                                    "Filter": "(ci.role_id = 1)",
                                    "Rows Removed by Filter": 31460,
                                    "Exact Heap Blocks": 2767,
                                    "Lossy Heap Blocks": 0,
                                    "Workers": [
                                        {
                                            "Worker Number": 0,
                                            "Actual Startup Time": 19.94,
                                            "Actual Total Time": 66.158,
                                            "Actual Rows": 64620,
                                            "Actual Loops": 1
                                        },
                                        {
                                            "Worker Number": 1,
                                            "Actual Startup Time": 20.426,
                                            "Actual Total Time": 66.425,
                                            "Actual Rows": 68929,
                                            "Actual Loops": 1
                                        },
                                        {
                                            "Worker Number": 2,
                                            "Actual Startup Time": 21.213,
                                            "Actual Total Time": 66.925,
                                            "Actual Rows": 66855,
                                            "Actual Loops": 1
                                        },
                                        {
                                            "Worker Number": 3,
                                            "Actual Startup Time": 21.413,
                                            "Actual Total Time": 67.397,
                                            "Actual Rows": 67241,
                                            "Actual Loops": 1
                                        },
                                        {
                                            "Worker Number": 4,
                                            "Actual Startup Time": 21.814,
                                            "Actual Total Time": 67.608,
                                            "Actual Rows": 71471,
                                            "Actual Loops": 1
                                        },
                                        {
                                            "Worker Number": 5,
                                            "Actual Startup Time": 22.294,
                                            "Actual Total Time": 67.934,
                                            "Actual Rows": 67346,
                                            "Actual Loops": 1
                                        }
                                    ],
                                    "Plans": [
                                        {
                                            "Node Type": "Bitmap Index Scan",
                                            "Parent Relationship": "Outer",
                                            "Parallel Aware": false,
                                            "Index Name": "person_id_cast_info",
                                            "Startup Cost": 0.0,
                                            "Total Cost": 18063.03,
                                            "Plan Rows": 827529,
                                            "Plan Width": 0,
                                            "Actual Startup Time": 31.101,
                                            "Actual Total Time": 31.102,
                                            "Actual Rows": 845543,
                                            "Actual Loops": 1,
                                            "Index Cond": "(ci.person_id < 89071)"
                                        }
                                    ]
                                }
                            ]
                        }
                    ]
                }
            ]
        },
        "Planning Time": 194.186,
        "Triggers": [],
        "Execution Time": 90.423
    }
]