{
  "Plan": {
    "Node Type": "Aggregate",
    "Strategy": "Plain",
    "Partial Mode": "Finalize",
    "Parallel Aware": false,
    "Startup Cost": 1029094.83,
    "Total Cost": 1029094.84,
    "Plan Rows": 1,
    "Plan Width": 8,
    "Actual Startup Time": 5931.608,
    "Actual Total Time": 5985.301,
    "Actual Rows": 1,
    "Actual Loops": 1,
    "Plans": [
      {
        "Node Type": "Gather",
        "Parent Relationship": "Outer",
        "Parallel Aware": false,
        "Startup Cost": 1029094.72,
        "Total Cost": 1029094.83,
        "Plan Rows": 1,
        "Plan Width": 8,
        "Actual Startup Time": 5930.517,
        "Actual Total Time": 5985.293,
        "Actual Rows": 2,
        "Actual Loops": 1,
        "Workers Planned": 1,
        "Workers Launched": 1,
        "Single Copy": false,
        "Plans": [
          {
            "Node Type": "Aggregate",
            "Strategy": "Plain",
            "Partial Mode": "Partial",
            "Parent Relationship": "Outer",
            "Parallel Aware": false,
            "Startup Cost": 1028094.72,
            "Total Cost": 1028094.73,
            "Plan Rows": 1,
            "Plan Width": 8,
            "Actual Startup Time": 5924.989,
            "Actual Total Time": 5924.993,
            "Actual Rows": 1,
            "Actual Loops": 2,
            "Plans": [
              {
                "Node Type": "Nested Loop",
                "Parent Relationship": "Outer",
                "Parallel Aware": false,
                "Join Type": "Inner",
                "Startup Cost": 47826.24,
                "Total Cost": 1023440.26,
                "Plan Rows": 1861782,
                "Plan Width": 0,
                "Actual Startup Time": 231.627,
                "Actual Total Time": 5381.179,
                "Actual Rows": 12031526,
                "Actual Loops": 2,
                "Inner Unique": false,
                "Plans": [
                  {
                    "Node Type": "Hash Join",
                    "Parent Relationship": "Outer",
                    "Parallel Aware": true,
                    "Join Type": "Inner",
                    "Startup Cost": 47825.8,
                    "Total Cost": 114032.37,
                    "Plan Rows": 474824,
                    "Plan Width": 8,
                    "Actual Startup Time": 231.569,
                    "Actual Total Time": 828.155,
                    "Actual Rows": 297261,
                    "Actual Loops": 2,
                    "Inner Unique": false,
                    "Hash Cond": "(t.id = mc.movie_id)",
                    "Plans": [
                      {
                        "Node Type": "Seq Scan",
                        "Parent Relationship": "Outer",
                        "Parallel Aware": true,
                        "Relation Name": "title",
                        "Alias": "t",
                        "Startup Cost": 0.0,
                        "Total Cost": 54588.39,
                        "Plan Rows": 1412016,
                        "Plan Width": 4,
                        "Actual Startup Time": 0.012,
                        "Actual Total Time": 177.67,
                        "Actual Rows": 1198186,
                        "Actual Loops": 2,
                        "Filter": "(production_year > 1914)",
                        "Rows Removed by Filter": 65970
                      },
                      {
                        "Node Type": "Hash",
                        "Parent Relationship": "Inner",
                        "Parallel Aware": true,
                        "Startup Cost": 41574.35,
                        "Total Cost": 41574.35,
                        "Plan Rows": 500116,
                        "Plan Width": 4,
                        "Actual Startup Time": 222.436,
                        "Actual Total Time": 222.437,
                        "Actual Rows": 327096,
                        "Actual Loops": 2,
                        "Hash Buckets": 1048576,
                        "Original Hash Buckets": 1048576,
                        "Hash Batches": 1,
                        "Original Hash Batches": 1,
                        "Peak Memory Usage": 33824,
                        "Plans": [
                          {
                            "Node Type": "Index Scan",
                            "Parent Relationship": "Outer",
                            "Parallel Aware": true,
                            "Scan Direction": "Forward",
                            "Index Name": "company_type_id_movie_companies",
                            "Relation Name": "movie_companies",
                            "Alias": "mc",
                            "Startup Cost": 0.43,
                            "Total Cost": 41574.35,
                            "Plan Rows": 500116,
                            "Plan Width": 4,
                            "Actual Startup Time": 6.334,
                            "Actual Total Time": 138.398,
                            "Actual Rows": 327096,
                            "Actual Loops": 2,
                            "Index Cond": "(company_type_id < 2)",
                            "Rows Removed by Index Recheck": 0,
                            "Filter": "(company_id > 2587)",
                            "Rows Removed by Filter": 310027
                          }
                        ]
                      }
                    ]
                  },
                  {
                    "Node Type": "Index Scan",
                    "Parent Relationship": "Inner",
                    "Parallel Aware": false,
                    "Scan Direction": "Forward",
                    "Index Name": "movie_id_movie_info",
                    "Relation Name": "movie_info",
                    "Alias": "mi",
                    "Startup Cost": 0.43,
                    "Total Cost": 1.64,
                    "Plan Rows": 28,
                    "Plan Width": 4,
                    "Actual Startup Time": 0.004,
                    "Actual Total Time": 0.012,
                    "Actual Rows": 40,
                    "Actual Loops": 594522,
                    "Index Cond": "(movie_id = t.id)",
                    "Rows Removed by Index Recheck": 0,
                    "Filter": "(info_type_id > 4)",
                    "Rows Removed by Filter": 5
                  }
                ]
              }
            ]
          }
        ]
      }
    ]
  },
  "Planning Time": 1.076,
  "Triggers": [],
  "Execution Time": 5985.408
}