[
  {
    "Plan": {
      "Node Type": "Aggregate",
      "Strategy": "Plain",
      "Partial Mode": "Finalize",
      "Parallel Aware": false,
      "Startup Cost": 45485.79,
      "Total Cost": 45485.8,
      "Plan Rows": 1,
      "Plan Width": 8,
      "Actual Startup Time": 172.393,
      "Actual Total Time": 182.126,
      "Actual Rows": 1,
      "Actual Loops": 1,
      "Plans": [
        {
          "Node Type": "Gather",
          "Parent Relationship": "Outer",
          "Parallel Aware": false,
          "Startup Cost": 45485.47,
          "Total Cost": 45485.78,
          "Plan Rows": 3,
          "Plan Width": 8,
          "Actual Startup Time": 172.24,
          "Actual Total Time": 182.114,
          "Actual Rows": 4,
          "Actual Loops": 1,
          "Workers Planned": 3,
          "Workers Launched": 3,
          "Single Copy": false,
          "Plans": [
            {
              "Node Type": "Aggregate",
              "Strategy": "Plain",
              "Partial Mode": "Partial",
              "Parent Relationship": "Outer",
              "Parallel Aware": false,
              "Startup Cost": 44485.47,
              "Total Cost": 44485.48,
              "Plan Rows": 1,
              "Plan Width": 8,
              "Actual Startup Time": 163.214,
              "Actual Total Time": 163.215,
              "Actual Rows": 1,
              "Actual Loops": 4,
              "Plans": [
                {
                  "Node Type": "Seq Scan",
                  "Parent Relationship": "Outer",
                  "Parallel Aware": true,
                  "Relation Name": "movie_keyword",
                  "Alias": "mk",
                  "Startup Cost": 0.0,
                  "Total Cost": 42695.65,
                  "Plan Rows": 715926,
                  "Plan Width": 0,
                  "Actual Startup Time": 0.065,
                  "Actual Total Time": 132.923,
                  "Actual Rows": 559417,
                  "Actual Loops": 4,
                  "Filter": "(keyword_id < 4608)",
                  "Rows Removed by Filter": 571566
                }
              ]
            }
          ]
        }
      ]
    },
    "Planning Time": 0.09,
    "Triggers": [],
    "Execution Time": 182.163
  }
]