[
  {
    "Plan": {
      "Node Type": "Aggregate",
      "Strategy": "Plain",
      "Partial Mode": "Simple",
      "Parallel Aware": false,
      "Startup Cost": 3899.39,
      "Total Cost": 3899.4,
      "Plan Rows": 1,
      "Plan Width": 8,
      "Actual Startup Time": 9.046,
      "Actual Total Time": 9.047,
      "Actual Rows": 1,
      "Actual Loops": 1,
      "Plans": [
        {
          "Node Type": "Nested Loop",
          "Parent Relationship": "Outer",
          "Parallel Aware": false,
          "Join Type": "Inner",
          "Startup Cost": 1.42,
          "Total Cost": 3898.91,
          "Plan Rows": 192,
          "Plan Width": 0,
          "Actual Startup Time": 0.055,
          "Actual Total Time": 8.857,
          "Actual Rows": 1765,
          "Actual Loops": 1,
          "Inner Unique": false,
          "Plans": [
            {
              "Node Type": "Nested Loop",
              "Parent Relationship": "Outer",
              "Parallel Aware": false,
              "Join Type": "Inner",
              "Startup Cost": 0.99,
              "Total Cost": 3778.74,
              "Plan Rows": 186,
              "Plan Width": 8,
              "Actual Startup Time": 0.041,
              "Actual Total Time": 5.071,
              "Actual Rows": 1068,
              "Actual Loops": 1,
              "Inner Unique": true,
              "Plans": [
                {
                  "Node Type": "Index Scan",
                  "Parent Relationship": "Outer",
                  "Parallel Aware": false,
                  "Scan Direction": "Forward",
                  "Index Name": "person_id_cast_info",
                  "Relation Name": "cast_info",
                  "Alias": "ci",
                  "Startup Cost": 0.56,
                  "Total Cost": 1039.59,
                  "Plan Rows": 327,
                  "Plan Width": 4,
                  "Actual Startup Time": 0.027,
                  "Actual Total Time": 0.536,
                  "Actual Rows": 1321,
                  "Actual Loops": 1,
                  "Index Cond": "(person_id = 2592067)",
                  "Rows Removed by Index Recheck": 0,
                  "Filter": "(role_id > 1)",
                  "Rows Removed by Filter": 0
                },
                {
                  "Node Type": "Index Scan",
                  "Parent Relationship": "Inner",
                  "Parallel Aware": false,
                  "Scan Direction": "Forward",
                  "Index Name": "title_pkey",
                  "Relation Name": "title",
                  "Alias": "t",
                  "Startup Cost": 0.43,
                  "Total Cost": 8.38,
                  "Plan Rows": 1,
                  "Plan Width": 4,
                  "Actual Startup Time": 0.003,
                  "Actual Total Time": 0.003,
                  "Actual Rows": 1,
                  "Actual Loops": 1321,
                  "Index Cond": "(id = ci.movie_id)",
                  "Rows Removed by Index Recheck": 0,
                  "Filter": "(production_year < 2006)",
                  "Rows Removed by Filter": 0
                }
              ]
            },
            {
              "Node Type": "Index Only Scan",
              "Parent Relationship": "Inner",
              "Parallel Aware": false,
              "Scan Direction": "Forward",
              "Index Name": "movie_id_movie_companies",
              "Relation Name": "movie_companies",
              "Alias": "mc",
              "Startup Cost": 0.43,
              "Total Cost": 0.6,
              "Plan Rows": 5,
              "Plan Width": 4,
              "Actual Startup Time": 0.002,
              "Actual Total Time": 0.003,
              "Actual Rows": 2,
              "Actual Loops": 1068,
              "Index Cond": "(movie_id = t.id)",
              "Rows Removed by Index Recheck": 0,
              "Heap Fetches": 1765
            }
          ]
        }
      ]
    },
    "Planning Time": 0.763,
    "Triggers": [],
    "Execution Time": 9.086
  }
]