[
  {
    "Plan": {
      "Node Type": "Aggregate",
      "Strategy": "Plain",
      "Partial Mode": "Finalize",
      "Parallel Aware": false,
      "Startup Cost": 385021.05,
      "Total Cost": 385021.06,
      "Plan Rows": 1,
      "Plan Width": 8,
      "Actual Startup Time": 1289.711,
      "Actual Total Time": 1341.193,
      "Actual Rows": 1,
      "Actual Loops": 1,
      "Plans": [
        {
          "Node Type": "Gather",
          "Parent Relationship": "Outer",
          "Parallel Aware": false,
          "Startup Cost": 385020.43,
          "Total Cost": 385021.04,
          "Plan Rows": 6,
          "Plan Width": 8,
          "Actual Startup Time": 1280.08,
          "Actual Total Time": 1341.171,
          "Actual Rows": 7,
          "Actual Loops": 1,
          "Workers Planned": 6,
          "Workers Launched": 6,
          "Single Copy": false,
          "Plans": [
            {
              "Node Type": "Aggregate",
              "Strategy": "Plain",
              "Partial Mode": "Partial",
              "Parent Relationship": "Outer",
              "Parallel Aware": false,
              "Startup Cost": 384020.43,
              "Total Cost": 384020.44,
              "Plan Rows": 1,
              "Plan Width": 8,
              "Actual Startup Time": 1270.038,
              "Actual Total Time": 1270.044,
              "Actual Rows": 1,
              "Actual Loops": 7,
              "Plans": [
                {
                  "Node Type": "Hash Join",
                  "Parent Relationship": "Outer",
                  "Parallel Aware": true,
                  "Join Type": "Inner",
                  "Startup Cost": 49144.79,
                  "Total Cost": 381978.41,
                  "Plan Rows": 816808,
                  "Plan Width": 0,
                  "Actual Startup Time": 178.603,
                  "Actual Total Time": 1237.855,
                  "Actual Rows": 666763,
                  "Actual Loops": 7,
                  "Inner Unique": true,
                  "Hash Cond": "(ci.movie_id = t.id)",
                  "Plans": [
                    {
                      "Node Type": "Seq Scan",
                      "Parent Relationship": "Outer",
                      "Parallel Aware": true,
                      "Relation Name": "cast_info",
                      "Alias": "ci",
                      "Startup Cost": 0.0,
                      "Total Cost": 328211.39,
                      "Plan Rows": 1760846,
                      "Plan Width": 4,
                      "Actual Startup Time": 0.039,
                      "Actual Total Time": 578.33,
                      "Actual Rows": 1510974,
                      "Actual Loops": 7,
                      "Filter": "(person_id < 1037906)",
                      "Rows Removed by Filter": 3666789
                    },
                    {
                      "Node Type": "Hash",
                      "Parent Relationship": "Inner",
                      "Parallel Aware": true,
                      "Startup Cost": 45479.59,
                      "Total Cost": 45479.59,
                      "Plan Rows": 293216,
                      "Plan Width": 4,
                      "Actual Startup Time": 174.154,
                      "Actual Total Time": 174.156,
                      "Actual Rows": 161272,
                      "Actual Loops": 7,
                      "Hash Buckets": 2097152,
                      "Original Hash Buckets": 2097152,
                      "Hash Batches": 1,
                      "Original Hash Batches": 1,
                      "Peak Memory Usage": 60608,
                      "Plans": [
                        {
                          "Node Type": "Seq Scan",
                          "Parent Relationship": "Outer",
                          "Parallel Aware": true,
                          "Relation Name": "title",
                          "Alias": "t",
                          "Startup Cost": 0.0,
                          "Total Cost": 45479.59,
                          "Plan Rows": 293216,
                          "Plan Width": 4,
                          "Actual Startup Time": 0.039,
                          "Actual Total Time": 83.839,
                          "Actual Rows": 161272,
                          "Actual Loops": 7,
                          "Filter": "((production_year < 2010) AND (kind_id = 7))",
                          "Rows Removed by Filter": 199915
                        }
                      ]
                    }
                  ]
                }
              ]
            }
          ]
        }
      ]
    },
    "Planning Time": 0.513,
    "Triggers": [],
    "Execution Time": 1341.269
  }
]