[
  {
    "Plan": {
      "Node Type": "Aggregate",
      "Strategy": "Plain",
      "Partial Mode": "Finalize",
      "Parallel Aware": false,
      "Startup Cost": 286567.32,
      "Total Cost": 286567.33,
      "Plan Rows": 1,
      "Plan Width": 8,
      "Actual Startup Time": 1422.861,
      "Actual Total Time": 1474.853,
      "Actual Rows": 1,
      "Actual Loops": 1,
      "Plans": [
        {
          "Node Type": "Gather",
          "Parent Relationship": "Outer",
          "Parallel Aware": false,
          "Startup Cost": 286566.79,
          "Total Cost": 286567.3,
          "Plan Rows": 5,
          "Plan Width": 8,
          "Actual Startup Time": 1419.106,
          "Actual Total Time": 1474.842,
          "Actual Rows": 6,
          "Actual Loops": 1,
          "Workers Planned": 5,
          "Workers Launched": 5,
          "Single Copy": false,
          "Plans": [
            {
              "Node Type": "Aggregate",
              "Strategy": "Plain",
              "Partial Mode": "Partial",
              "Parent Relationship": "Outer",
              "Parallel Aware": false,
              "Startup Cost": 285566.79,
              "Total Cost": 285566.8,
              "Plan Rows": 1,
              "Plan Width": 8,
              "Actual Startup Time": 1408.468,
              "Actual Total Time": 1408.547,
              "Actual Rows": 1,
              "Actual Loops": 6,
              "Plans": [
                {
                  "Node Type": "Hash Join",
                  "Parent Relationship": "Outer",
                  "Parallel Aware": true,
                  "Join Type": "Inner",
                  "Startup Cost": 79477.09,
                  "Total Cost": 283845.98,
                  "Plan Rows": 688326,
                  "Plan Width": 0,
                  "Actual Startup Time": 365.754,
                  "Actual Total Time": 1332.359,
                  "Actual Rows": 1528972,
                  "Actual Loops": 6,
                  "Inner Unique": false,
                  "Hash Cond": "(mi.movie_id = t.id)",
                  "Plans": [
                    {
                      "Node Type": "Seq Scan",
                      "Parent Relationship": "Outer",
                      "Parallel Aware": true,
                      "Relation Name": "movie_info",
                      "Alias": "mi",
                      "Startup Cost": 0.0,
                      "Total Cost": 191560.33,
                      "Plan Rows": 2956733,
                      "Plan Width": 4,
                      "Actual Startup Time": 0.017,
                      "Actual Total Time": 334.206,
                      "Actual Rows": 2472620,
                      "Actual Loops": 6
                    },
                    {
                      "Node Type": "Hash",
                      "Parent Relationship": "Inner",
                      "Parallel Aware": true,
                      "Startup Cost": 77637.76,
                      "Total Cost": 77637.76,
                      "Plan Rows": 147146,
                      "Plan Width": 8,
                      "Actual Startup Time": 360.709,
                      "Actual Total Time": 360.786,
                      "Actual Rows": 100313,
                      "Actual Loops": 6,
                      "Hash Buckets": 1048576,
                      "Original Hash Buckets": 1048576,
                      "Hash Batches": 1,
                      "Original Hash Batches": 1,
                      "Peak Memory Usage": 31808,
                      "Plans": [
                        {
                          "Node Type": "Hash Join",
                          "Parent Relationship": "Outer",
                          "Parallel Aware": true,
                          "Join Type": "Inner",
                          "Startup Cost": 31684.01,
                          "Total Cost": 77637.76,
                          "Plan Rows": 147146,
                          "Plan Width": 8,
                          "Actual Startup Time": 115.242,
                          "Actual Total Time": 316.061,
                          "Actual Rows": 100313,
                          "Actual Loops": 6,
                          "Inner Unique": false,
                          "Hash Cond": "(t.id = mc.movie_id)",
                          "Plans": [
                            {
                              "Node Type": "Seq Scan",
                              "Parent Relationship": "Outer",
                              "Parallel Aware": true,
                              "Relation Name": "title",
                              "Alias": "t",
                              "Startup Cost": 0.0,
                              "Total Cost": 42318.73,
                              "Plan Rows": 632073,
                              "Plan Width": 4,
                              "Actual Startup Time": 0.014,
                              "Actual Total Time": 69.049,
                              "Actual Rows": 421385,
                              "Actual Loops": 6
                            },
                            {
                              "Node Type": "Hash",
                              "Parent Relationship": "Inner",
                              "Parallel Aware": true,
                              "Startup Cost": 29310.68,
                              "Total Cost": 29310.68,
                              "Plan Rows": 189866,
                              "Plan Width": 4,
                              "Actual Startup Time": 113.394,
                              "Actual Total Time": 113.395,
                              "Actual Rows": 100313,
                              "Actual Loops": 6,
                              "Hash Buckets": 1048576,
                              "Original Hash Buckets": 1048576,
                              "Hash Batches": 1,
                              "Original Hash Batches": 1,
                              "Peak Memory Usage": 31808,
                              "Plans": [
                                {
                                  "Node Type": "Seq Scan",
                                  "Parent Relationship": "Outer",
                                  "Parallel Aware": true,
                                  "Relation Name": "movie_companies",
                                  "Alias": "mc",
                                  "Startup Cost": 0.0,
                                  "Total Cost": 29310.68,
                                  "Plan Rows": 189866,
                                  "Plan Width": 4,
                                  "Actual Startup Time": 38.726,
                                  "Actual Total Time": 70.01,
                                  "Actual Rows": 100313,
                                  "Actual Loops": 6,
                                  "Filter": "(company_id > 67098)",
                                  "Rows Removed by Filter": 334542
                                }
                              ]
                            }
                          ]
                        }
                      ]
                    }
                  ]
                }
              ]
            }
          ]
        }
      ]
    },
    "Planning Time": 1.377,
    "Triggers": [],
    "Execution Time": 1474.945
  }
]