[
    {
        "Bao": {
            "Bao prediction": 889.753,
            "Bao recommended hint": "(no hint)"
        }
    },
    {
        "Plan": {
            "Node Type": "Aggregate",
            "Strategy": "Plain",
            "Partial Mode": "Finalize",
            "Parallel Aware": false,
            "Startup Cost": 74134.58,
            "Total Cost": 74134.59,
            "Plan Rows": 1,
            "Plan Width": 8,
            "Actual Startup Time": 292.148,
            "Actual Total Time": 301.889,
            "Actual Rows": 1,
            "Actual Loops": 1,
            "Output": [
                "count(*)"
            ],
            "Plans": [
                {
                    "Node Type": "Gather",
                    "Parent Relationship": "Outer",
                    "Parallel Aware": false,
                    "Startup Cost": 74134.16,
                    "Total Cost": 74134.57,
                    "Plan Rows": 4,
                    "Plan Width": 8,
                    "Actual Startup Time": 288.658,
                    "Actual Total Time": 301.881,
                    "Actual Rows": 5,
                    "Actual Loops": 1,
                    "Output": [
                        "(PARTIAL count(*))"
                    ],
                    "Workers Planned": 4,
                    "Workers Launched": 4,
                    "Single Copy": false,
                    "Plans": [
                        {
                            "Node Type": "Aggregate",
                            "Strategy": "Plain",
                            "Partial Mode": "Partial",
                            "Parent Relationship": "Outer",
                            "Parallel Aware": false,
                            "Startup Cost": 73134.16,
                            "Total Cost": 73134.17,
                            "Plan Rows": 1,
                            "Plan Width": 8,
                            "Actual Startup Time": 279.143,
                            "Actual Total Time": 279.146,
                            "Actual Rows": 1,
                            "Actual Loops": 5,
                            "Output": [
                                "PARTIAL count(*)"
                            ],
                            "Workers": [
                                {
                                    "Worker Number": 0,
                                    "Actual Startup Time": 276.739,
                                    "Actual Total Time": 276.743,
                                    "Actual Rows": 1,
                                    "Actual Loops": 1
                                },
                                {
                                    "Worker Number": 1,
                                    "Actual Startup Time": 277.183,
                                    "Actual Total Time": 277.187,
                                    "Actual Rows": 1,
                                    "Actual Loops": 1
                                },
                                {
                                    "Worker Number": 2,
                                    "Actual Startup Time": 276.998,
                                    "Actual Total Time": 277.001,
                                    "Actual Rows": 1,
                                    "Actual Loops": 1
                                },
                                {
                                    "Worker Number": 3,
                                    "Actual Startup Time": 277.014,
                                    "Actual Total Time": 277.018,
                                    "Actual Rows": 1,
                                    "Actual Loops": 1
                                }
                            ],
                            "Plans": [
                                {
                                    "Node Type": "Hash Join",
                                    "Parent Relationship": "Outer",
                                    "Parallel Aware": true,
                                    "Join Type": "Inner",
                                    "Startup Cost": 27247.88,
                                    "Total Cost": 72956.42,
                                    "Plan Rows": 71097,
                                    "Plan Width": 0,
                                    "Actual Startup Time": 96.594,
                                    "Actual Total Time": 275.27,
                                    "Actual Rows": 55776,
                                    "Actual Loops": 5,
                                    "Inner Unique": false,
                                    "Hash Cond": "(t.id = mc.movie_id)",
                                    "Workers": [
                                        {
                                            "Worker Number": 0,
                                            "Actual Startup Time": 94.285,
                                            "Actual Total Time": 272.769,
                                            "Actual Rows": 48652,
                                            "Actual Loops": 1
                                        },
                                        {
                                            "Worker Number": 1,
                                            "Actual Startup Time": 94.421,
                                            "Actual Total Time": 272.968,
                                            "Actual Rows": 49437,
                                            "Actual Loops": 1
                                        },
                                        {
                                            "Worker Number": 2,
                                            "Actual Startup Time": 94.548,
                                            "Actual Total Time": 273.241,
                                            "Actual Rows": 46422,
                                            "Actual Loops": 1
                                        },
                                        {
                                            "Worker Number": 3,
                                            "Actual Startup Time": 94.48,
                                            "Actual Total Time": 273.202,
                                            "Actual Rows": 46932,
                                            "Actual Loops": 1
                                        }
                                    ],
                                    "Plans": [
                                        {
                                            "Node Type": "Seq Scan",
                                            "Parent Relationship": "Outer",
                                            "Parallel Aware": true,
                                            "Relation Name": "title",
                                            "Schema": "public",
                                            "Alias": "t",
                                            "Startup Cost": 0.0,
                                            "Total Cost": 42318.81,
                                            "Plan Rows": 632080,
                                            "Plan Width": 4,
                                            "Actual Startup Time": 0.007,
                                            "Actual Total Time": 73.994,
                                            "Actual Rows": 505662,
                                            "Actual Loops": 5,
                                            "Output": [
                                                "t.id",
                                                "t.title",
                                                "t.imdb_index",
                                                "t.kind_id",
                                                "t.production_year",
                                                "t.imdb_id",
                                                "t.phonetic_code",
                                                "t.episode_of_id",
                                                "t.season_nr",
                                                "t.episode_nr",
                                                "t.series_years",
                                                "t.md5sum"
                                            ],
                                            "Workers": [
                                                {
                                                    "Worker Number": 0,
                                                    "Actual Startup Time": 0.007,
                                                    "Actual Total Time": 77.432,
                                                    "Actual Rows": 438640,
                                                    "Actual Loops": 1
                                                },
                                                {
                                                    "Worker Number": 1,
                                                    "Actual Startup Time": 0.006,
                                                    "Actual Total Time": 77.877,
                                                    "Actual Rows": 447093,
                                                    "Actual Loops": 1
                                                },
                                                {
                                                    "Worker Number": 2,
                                                    "Actual Startup Time": 0.007,
                                                    "Actual Total Time": 74.381,
                                                    "Actual Rows": 422568,
                                                    "Actual Loops": 1
                                                },
                                                {
                                                    "Worker Number": 3,
                                                    "Actual Startup Time": 0.007,
                                                    "Actual Total Time": 74.747,
                                                    "Actual Rows": 422997,
                                                    "Actual Loops": 1
                                                }
                                            ]
                                        },
                                        {
                                            "Node Type": "Hash",
                                            "Parent Relationship": "Inner",
                                            "Parallel Aware": true,
                                            "Startup Cost": 26101.15,
                                            "Total Cost": 26101.15,
                                            "Plan Rows": 91738,
                                            "Plan Width": 4,
                                            "Actual Startup Time": 93.882,
                                            "Actual Total Time": 93.883,
                                            "Actual Rows": 55776,
                                            "Actual Loops": 5,
                                            "Output": [
                                                "mc.movie_id"
                                            ],
                                            "Hash Buckets": 524288,
                                            "Original Hash Buckets": 524288,
                                            "Hash Batches": 1,
                                            "Original Hash Batches": 1,
                                            "Peak Memory Usage": 15104,
                                            "Workers": [
                                                {
                                                    "Worker Number": 0,
                                                    "Actual Startup Time": 93.82,
                                                    "Actual Total Time": 93.822,
                                                    "Actual Rows": 40358,
                                                    "Actual Loops": 1
                                                },
                                                {
                                                    "Worker Number": 1,
                                                    "Actual Startup Time": 93.998,
                                                    "Actual Total Time": 94.0,
                                                    "Actual Rows": 40279,
                                                    "Actual Loops": 1
                                                },
                                                {
                                                    "Worker Number": 2,
                                                    "Actual Startup Time": 93.953,
                                                    "Actual Total Time": 93.954,
                                                    "Actual Rows": 37318,
                                                    "Actual Loops": 1
                                                },
                                                {
                                                    "Worker Number": 3,
                                                    "Actual Startup Time": 93.946,
                                                    "Actual Total Time": 93.947,
                                                    "Actual Rows": 37328,
                                                    "Actual Loops": 1
                                                }
                                            ],
                                            "Plans": [
                                                {
                                                    "Node Type": "Bitmap Heap Scan",
                                                    "Parent Relationship": "Outer",
                                                    "Parallel Aware": true,
                                                    "Relation Name": "movie_companies",
                                                    "Schema": "public",
                                                    "Alias": "mc",
                                                    "Startup Cost": 6164.43,
                                                    "Total Cost": 26101.15,
                                                    "Plan Rows": 91738,
                                                    "Plan Width": 4,
                                                    "Actual Startup Time": 28.443,
                                                    "Actual Total Time": 71.339,
                                                    "Actual Rows": 55776,
                                                    "Actual Loops": 5,
                                                    "Output": [
                                                        "mc.movie_id"
                                                    ],
                                                    "Recheck Cond": "(mc.company_id < 150)",
                                                    "Rows Removed by Index Recheck": 0,
                                                    "Exact Heap Blocks": 7700,
                                                    "Lossy Heap Blocks": 0,
                                                    "Workers": [
                                                        {
                                                            "Worker Number": 0,
                                                            "Actual Startup Time": 28.447,
                                                            "Actual Total Time": 72.62,
                                                            "Actual Rows": 40358,
                                                            "Actual Loops": 1
                                                        },
                                                        {
                                                            "Worker Number": 1,
                                                            "Actual Startup Time": 28.386,
                                                            "Actual Total Time": 72.49,
                                                            "Actual Rows": 40279,
                                                            "Actual Loops": 1
                                                        },
                                                        {
                                                            "Worker Number": 2,
                                                            "Actual Startup Time": 28.587,
                                                            "Actual Total Time": 72.819,
                                                            "Actual Rows": 37318,
                                                            "Actual Loops": 1
                                                        },
                                                        {
                                                            "Worker Number": 3,
                                                            "Actual Startup Time": 28.472,
                                                            "Actual Total Time": 72.142,
                                                            "Actual Rows": 37328,
                                                            "Actual Loops": 1
                                                        }
                                                    ],
                                                    "Plans": [
                                                        {
                                                            "Node Type": "Bitmap Index Scan",
                                                            "Parent Relationship": "Outer",
                                                            "Parallel Aware": false,
                                                            "Index Name": "company_id_movie_companies",
                                                            "Startup Cost": 0.0,
                                                            "Total Cost": 6093.33,
                                                            "Plan Rows": 284387,
                                                            "Plan Width": 0,
                                                            "Actual Startup Time": 24.74,
                                                            "Actual Total Time": 24.74,
                                                            "Actual Rows": 278880,
                                                            "Actual Loops": 1,
                                                            "Index Cond": "(mc.company_id < 150)"
                                                        }
                                                    ]
                                                }
                                            ]
                                        }
                                    ]
                                }
                            ]
                        }
                    ]
                }
            ]
        },
        "Planning Time": 1076.646,
        "Triggers": [],
        "Execution Time": 302.086
    }
]