{
    "Plan": {
        "Node Type": "Aggregate",
        "Strategy": "Plain",
        "Partial Mode": "Finalize",
        "Parallel Aware": false,
        "Startup Cost": 250904.77,
        "Total Cost": 250904.78,
        "Plan Rows": 1,
        "Plan Width": 8,
        "Actual Startup Time": 642.633,
        "Actual Total Time": 681.975,
        "Actual Rows": 1,
        "Actual Loops": 1,
        "Output": [
            "count(*)"
        ],
        "Plans": [
            {
                "Node Type": "Gather",
                "Parent Relationship": "Outer",
                "Parallel Aware": false,
                "Startup Cost": 250904.25,
                "Total Cost": 250904.76,
                "Plan Rows": 5,
                "Plan Width": 8,
                "Actual Startup Time": 622.505,
                "Actual Total Time": 681.961,
                "Actual Rows": 6,
                "Actual Loops": 1,
                "Output": [
                    "(PARTIAL count(*))"
                ],
                "Workers Planned": 5,
                "Workers Launched": 5,
                "Single Copy": false,
                "Plans": [
                    {
                        "Node Type": "Aggregate",
                        "Strategy": "Plain",
                        "Partial Mode": "Partial",
                        "Parent Relationship": "Outer",
                        "Parallel Aware": false,
                        "Startup Cost": 249904.25,
                        "Total Cost": 249904.26,
                        "Plan Rows": 1,
                        "Plan Width": 8,
                        "Actual Startup Time": 605.164,
                        "Actual Total Time": 605.168,
                        "Actual Rows": 1,
                        "Actual Loops": 6,
                        "Output": [
                            "PARTIAL count(*)"
                        ],
                        "Workers": [
                            {
                                "Worker Number": 0,
                                "Actual Startup Time": 601.103,
                                "Actual Total Time": 601.106,
                                "Actual Rows": 1,
                                "Actual Loops": 1
                            },
                            {
                                "Worker Number": 1,
                                "Actual Startup Time": 601.358,
                                "Actual Total Time": 601.361,
                                "Actual Rows": 1,
                                "Actual Loops": 1
                            },
                            {
                                "Worker Number": 2,
                                "Actual Startup Time": 601.444,
                                "Actual Total Time": 601.448,
                                "Actual Rows": 1,
                                "Actual Loops": 1
                            },
                            {
                                "Worker Number": 3,
                                "Actual Startup Time": 603.321,
                                "Actual Total Time": 603.324,
                                "Actual Rows": 1,
                                "Actual Loops": 1
                            },
                            {
                                "Worker Number": 4,
                                "Actual Startup Time": 601.77,
                                "Actual Total Time": 601.774,
                                "Actual Rows": 1,
                                "Actual Loops": 1
                            }
                        ],
                        "Plans": [
                            {
                                "Node Type": "Hash Join",
                                "Parent Relationship": "Outer",
                                "Parallel Aware": true,
                                "Join Type": "Inner",
                                "Startup Cost": 50545.41,
                                "Total Cost": 249691.59,
                                "Plan Rows": 85064,
                                "Plan Width": 0,
                                "Actual Startup Time": 312.119,
                                "Actual Total Time": 603.324,
                                "Actual Rows": 39271,
                                "Actual Loops": 6,
                                "Inner Unique": true,
                                "Hash Cond": "(mi.movie_id = t.id)",
                                "Workers": [
                                    {
                                        "Worker Number": 0,
                                        "Actual Startup Time": 308.316,
                                        "Actual Total Time": 599.097,
                                        "Actual Rows": 30552,
                                        "Actual Loops": 1
                                    },
                                    {
                                        "Worker Number": 1,
                                        "Actual Startup Time": 308.561,
                                        "Actual Total Time": 599.633,
                                        "Actual Rows": 41500,
                                        "Actual Loops": 1
                                    },
                                    {
                                        "Worker Number": 2,
                                        "Actual Startup Time": 308.645,
                                        "Actual Total Time": 599.754,
                                        "Actual Rows": 40868,
                                        "Actual Loops": 1
                                    },
                                    {
                                        "Worker Number": 3,
                                        "Actual Startup Time": 308.978,
                                        "Actual Total Time": 601.595,
                                        "Actual Rows": 41762,
                                        "Actual Loops": 1
                                    },
                                    {
                                        "Worker Number": 4,
                                        "Actual Startup Time": 308.973,
                                        "Actual Total Time": 600.069,
                                        "Actual Rows": 41160,
                                        "Actual Loops": 1
                                    }
                                ],
                                "Plans": [
                                    {
                                        "Node Type": "Seq Scan",
                                        "Parent Relationship": "Outer",
                                        "Parallel Aware": true,
                                        "Relation Name": "movie_info",
                                        "Schema": "public",
                                        "Alias": "mi",
                                        "Startup Cost": 0.0,
                                        "Total Cost": 198880.74,
                                        "Plan Rows": 101122,
                                        "Plan Width": 4,
                                        "Actual Startup Time": 41.825,
                                        "Actual Total Time": 296.901,
                                        "Actual Rows": 79074,
                                        "Actual Loops": 6,
                                        "Output": [
                                            "mi.id",
                                            "mi.movie_id",
                                            "mi.info_type_id",
                                            "mi.info",
                                            "mi.note"
                                        ],
                                        "Filter": "(mi.info_type_id = 6)",
                                        "Rows Removed by Filter": 2393546,
                                        "Workers": [
                                            {
                                                "Worker Number": 0,
                                                "Actual Startup Time": 41.815,
                                                "Actual Total Time": 298.445,
                                                "Actual Rows": 62419,
                                                "Actual Loops": 1
                                            },
                                            {
                                                "Worker Number": 1,
                                                "Actual Startup Time": 41.801,
                                                "Actual Total Time": 296.743,
                                                "Actual Rows": 83213,
                                                "Actual Loops": 1
                                            },
                                            {
                                                "Worker Number": 2,
                                                "Actual Startup Time": 41.819,
                                                "Actual Total Time": 296.771,
                                                "Actual Rows": 83133,
                                                "Actual Loops": 1
                                            },
                                            {
                                                "Worker Number": 3,
                                                "Actual Startup Time": 41.917,
                                                "Actual Total Time": 296.848,
                                                "Actual Rows": 83113,
                                                "Actual Loops": 1
                                            },
                                            {
                                                "Worker Number": 4,
                                                "Actual Startup Time": 41.805,
                                                "Actual Total Time": 296.754,
                                                "Actual Rows": 83497,
                                                "Actual Loops": 1
                                            }
                                        ]
                                    },
                                    {
                                        "Node Type": "Hash",
                                        "Parent Relationship": "Inner",
                                        "Parallel Aware": true,
                                        "Startup Cost": 43899.01,
                                        "Total Cost": 43899.01,
                                        "Plan Rows": 531712,
                                        "Plan Width": 4,
                                        "Actual Startup Time": 262.902,
                                        "Actual Total Time": 262.903,
                                        "Actual Rows": 355496,
                                        "Actual Loops": 6,
                                        "Output": [
                                            "t.id"
                                        ],
                                        "Hash Buckets": 4194304,
                                        "Original Hash Buckets": 4194304,
                                        "Hash Batches": 1,
                                        "Original Hash Batches": 1,
                                        "Peak Memory Usage": 116320,
                                        "Workers": [
                                            {
                                                "Worker Number": 0,
                                                "Actual Startup Time": 265.562,
                                                "Actual Total Time": 265.563,
                                                "Actual Rows": 272223,
                                                "Actual Loops": 1
                                            },
                                            {
                                                "Worker Number": 1,
                                                "Actual Startup Time": 265.925,
                                                "Actual Total Time": 265.926,
                                                "Actual Rows": 361583,
                                                "Actual Loops": 1
                                            },
                                            {
                                                "Worker Number": 2,
                                                "Actual Startup Time": 265.979,
                                                "Actual Total Time": 265.98,
                                                "Actual Rows": 361038,
                                                "Actual Loops": 1
                                            },
                                            {
                                                "Worker Number": 3,
                                                "Actual Startup Time": 266.483,
                                                "Actual Total Time": 266.484,
                                                "Actual Rows": 358786,
                                                "Actual Loops": 1
                                            },
                                            {
                                                "Worker Number": 4,
                                                "Actual Startup Time": 266.357,
                                                "Actual Total Time": 266.358,
                                                "Actual Rows": 361268,
                                                "Actual Loops": 1
                                            }
                                        ],
                                        "Plans": [
                                            {
                                                "Node Type": "Seq Scan",
                                                "Parent Relationship": "Outer",
                                                "Parallel Aware": true,
                                                "Relation Name": "title",
                                                "Schema": "public",
                                                "Alias": "t",
                                                "Startup Cost": 0.0,
                                                "Total Cost": 43899.01,
                                                "Plan Rows": 531712,
                                                "Plan Width": 4,
                                                "Actual Startup Time": 0.059,
                                                "Actual Total Time": 91.306,
                                                "Actual Rows": 355496,
                                                "Actual Loops": 6,
                                                "Output": [
                                                    "t.id"
                                                ],
                                                "Filter": "(t.production_year > 1966)",
                                                "Rows Removed by Filter": 65890,
                                                "Workers": [
                                                    {
                                                        "Worker Number": 0,
                                                        "Actual Startup Time": 0.077,
                                                        "Actual Total Time": 97.449,
                                                        "Actual Rows": 272223,
                                                        "Actual Loops": 1
                                                    },
                                                    {
                                                        "Worker Number": 1,
                                                        "Actual Startup Time": 0.066,
                                                        "Actual Total Time": 92.809,
                                                        "Actual Rows": 361583,
                                                        "Actual Loops": 1
                                                    },
                                                    {
                                                        "Worker Number": 2,
                                                        "Actual Startup Time": 0.064,
                                                        "Actual Total Time": 92.673,
                                                        "Actual Rows": 361038,
                                                        "Actual Loops": 1
                                                    },
                                                    {
                                                        "Worker Number": 3,
                                                        "Actual Startup Time": 0.061,
                                                        "Actual Total Time": 92.749,
                                                        "Actual Rows": 358786,
                                                        "Actual Loops": 1
                                                    },
                                                    {
                                                        "Worker Number": 4,
                                                        "Actual Startup Time": 0.072,
                                                        "Actual Total Time": 92.877,
                                                        "Actual Rows": 361268,
                                                        "Actual Loops": 1
                                                    }
                                                ]
                                            }
                                        ]
                                    }
                                ]
                            }
                        ]
                    }
                ]
            }
        ]
    },
    "Planning Time": 0.444,
    "Triggers": [],
    "Execution Time": 682.034
}