{
  "Plan": {
    "Node Type": "Aggregate",
    "Strategy": "Plain",
    "Partial Mode": "Finalize",
    "Parallel Aware": false,
    "Startup Cost": 154671.59,
    "Total Cost": 154671.6,
    "Plan Rows": 1,
    "Plan Width": 8,
    "Actual Startup Time": 828.517,
    "Actual Total Time": 845.871,
    "Actual Rows": 1,
    "Actual Loops": 1,
    "Plans": [
      {
        "Node Type": "Gather",
        "Parent Relationship": "Outer",
        "Parallel Aware": false,
        "Startup Cost": 154671.48,
        "Total Cost": 154671.59,
        "Plan Rows": 1,
        "Plan Width": 8,
        "Actual Startup Time": 826.566,
        "Actual Total Time": 845.864,
        "Actual Rows": 2,
        "Actual Loops": 1,
        "Workers Planned": 1,
        "Workers Launched": 1,
        "Single Copy": false,
        "Plans": [
          {
            "Node Type": "Aggregate",
            "Strategy": "Plain",
            "Partial Mode": "Partial",
            "Parent Relationship": "Outer",
            "Parallel Aware": false,
            "Startup Cost": 153671.48,
            "Total Cost": 153671.49,
            "Plan Rows": 1,
            "Plan Width": 8,
            "Actual Startup Time": 819.302,
            "Actual Total Time": 819.309,
            "Actual Rows": 1,
            "Actual Loops": 2,
            "Plans": [
              {
                "Node Type": "Hash Join",
                "Parent Relationship": "Outer",
                "Parallel Aware": true,
                "Join Type": "Inner",
                "Startup Cost": 118311.01,
                "Total Cost": 153513.44,
                "Plan Rows": 63216,
                "Plan Width": 0,
                "Actual Startup Time": 628.195,
                "Actual Total Time": 814.016,
                "Actual Rows": 96900,
                "Actual Loops": 2,
                "Inner Unique": false,
                "Hash Cond": "(mk.movie_id = t.id)",
                "Plans": [
                  {
                    "Node Type": "Bitmap Heap Scan",
                    "Parent Relationship": "Outer",
                    "Parallel Aware": true,
                    "Relation Name": "movie_keyword",
                    "Alias": "mk",
                    "Startup Cost": 23025.43,
                    "Total Cost": 55461.4,
                    "Plan Rows": 638558,
                    "Plan Width": 4,
                    "Actual Startup Time": 64.989,
                    "Actual Total Time": 173.519,
                    "Actual Rows": 544118,
                    "Actual Loops": 2,
                    "Recheck Cond": "(keyword_id > 16264)",
                    "Rows Removed by Index Recheck": 0,
                    "Exact Heap Blocks": 14114,
                    "Lossy Heap Blocks": 0,
                    "Plans": [
                      {
                        "Node Type": "Bitmap Index Scan",
                        "Parent Relationship": "Outer",
                        "Parallel Aware": false,
                        "Index Name": "keyword_id_movie_keyword",
                        "Startup Cost": 0.0,
                        "Total Cost": 22754.04,
                        "Plan Rows": 1085548,
                        "Plan Width": 0,
                        "Actual Startup Time": 61.352,
                        "Actual Total Time": 61.353,
                        "Actual Rows": 1088237,
                        "Actual Loops": 1,
                        "Index Cond": "(keyword_id > 16264)"
                      }
                    ]
                  },
                  {
                    "Node Type": "Hash",
                    "Parent Relationship": "Inner",
                    "Parallel Aware": true,
                    "Startup Cost": 93445.16,
                    "Total Cost": 93445.16,
                    "Plan Rows": 147234,
                    "Plan Width": 8,
                    "Actual Startup Time": 559.555,
                    "Actual Total Time": 559.559,
                    "Actual Rows": 151422,
                    "Actual Loops": 2,
                    "Hash Buckets": 524288,
                    "Original Hash Buckets": 262144,
                    "Hash Batches": 1,
                    "Original Hash Batches": 1,
                    "Peak Memory Usage": 18016,
                    "Plans": [
                      {
                        "Node Type": "Hash Join",
                        "Parent Relationship": "Outer",
                        "Parallel Aware": true,
                        "Join Type": "Inner",
                        "Startup Cost": 31133.93,
                        "Total Cost": 93445.16,
                        "Plan Rows": 147234,
                        "Plan Width": 8,
                        "Actual Startup Time": 142.223,
                        "Actual Total Time": 509.395,
                        "Actual Rows": 151422,
                        "Actual Loops": 2,
                        "Inner Unique": false,
                        "Hash Cond": "(t.id = mc.movie_id)",
                        "Plans": [
                          {
                            "Node Type": "Seq Scan",
                            "Parent Relationship": "Outer",
                            "Parallel Aware": true,
                            "Relation Name": "title",
                            "Alias": "t",
                            "Startup Cost": 0.0,
                            "Total Cost": 54588.39,
                            "Plan Rows": 1097081,
                            "Plan Width": 4,
                            "Actual Startup Time": 0.024,
                            "Actual Total Time": 159.939,
                            "Actual Rows": 932744,
                            "Actual Loops": 2,
                            "Filter": "(kind_id > 1)",
                            "Rows Removed by Filter": 331412
                          },
                          {
                            "Node Type": "Hash",
                            "Parent Relationship": "Inner",
                            "Parallel Aware": true,
                            "Startup Cost": 28639.01,
                            "Total Cost": 28639.01,
                            "Plan Rows": 199594,
                            "Plan Width": 4,
                            "Actual Startup Time": 137.966,
                            "Actual Total Time": 137.967,
                            "Actual Rows": 167228,
                            "Actual Loops": 2,
                            "Hash Buckets": 524288,
                            "Original Hash Buckets": 524288,
                            "Hash Batches": 1,
                            "Original Hash Batches": 1,
                            "Peak Memory Usage": 17216,
                            "Plans": [
                              {
                                "Node Type": "Bitmap Heap Scan",
                                "Parent Relationship": "Outer",
                                "Parallel Aware": true,
                                "Relation Name": "movie_companies",
                                "Alias": "mc",
                                "Startup Cost": 7354.08,
                                "Total Cost": 28639.01,
                                "Plan Rows": 199594,
                                "Plan Width": 4,
                                "Actual Startup Time": 29.309,
                                "Actual Total Time": 92.232,
                                "Actual Rows": 167228,
                                "Actual Loops": 2,
                                "Recheck Cond": "(company_id < 166)",
                                "Rows Removed by Index Recheck": 0,
                                "Exact Heap Blocks": 11141,
                                "Lossy Heap Blocks": 0,
                                "Plans": [
                                  {
                                    "Node Type": "Bitmap Index Scan",
                                    "Parent Relationship": "Outer",
                                    "Parallel Aware": false,
                                    "Index Name": "company_id_movie_companies",
                                    "Startup Cost": 0.0,
                                    "Total Cost": 7269.26,
                                    "Plan Rows": 339310,
                                    "Plan Width": 0,
                                    "Actual Startup Time": 26.027,
                                    "Actual Total Time": 26.027,
                                    "Actual Rows": 334457,
                                    "Actual Loops": 1,
                                    "Index Cond": "(company_id < 166)"
                                  }
                                ]
                              }
                            ]
                          }
                        ]
                      }
                    ]
                  }
                ]
              }
            ]
          }
        ]
      }
    ]
  },
  "Planning Time": 1.19,
  "Triggers": [],
  "Execution Time": 845.992
}