{
    "Plan": {
        "Node Type": "Aggregate",
        "Strategy": "Plain",
        "Partial Mode": "Finalize",
        "Parallel Aware": false,
        "Startup Cost": 599149.92,
        "Total Cost": 599149.93,
        "Plan Rows": 1,
        "Plan Width": 8,
        "Actual Startup Time": 1864.781,
        "Actual Total Time": 1943.758,
        "Actual Rows": 1,
        "Actual Loops": 1,
        "Output": [
            "count(*)"
        ],
        "Plans": [
            {
                "Node Type": "Gather",
                "Parent Relationship": "Outer",
                "Parallel Aware": false,
                "Startup Cost": 599149.3,
                "Total Cost": 599149.91,
                "Plan Rows": 6,
                "Plan Width": 8,
                "Actual Startup Time": 1851.429,
                "Actual Total Time": 1943.745,
                "Actual Rows": 7,
                "Actual Loops": 1,
                "Output": [
                    "(PARTIAL count(*))"
                ],
                "Workers Planned": 6,
                "Workers Launched": 6,
                "Single Copy": false,
                "Plans": [
                    {
                        "Node Type": "Aggregate",
                        "Strategy": "Plain",
                        "Partial Mode": "Partial",
                        "Parent Relationship": "Outer",
                        "Parallel Aware": false,
                        "Startup Cost": 598149.3,
                        "Total Cost": 598149.31,
                        "Plan Rows": 1,
                        "Plan Width": 8,
                        "Actual Startup Time": 1839.754,
                        "Actual Total Time": 1839.973,
                        "Actual Rows": 1,
                        "Actual Loops": 7,
                        "Output": [
                            "PARTIAL count(*)"
                        ],
                        "Workers": [
                            {
                                "Worker Number": 0,
                                "Actual Startup Time": 1837.856,
                                "Actual Total Time": 1837.861,
                                "Actual Rows": 1,
                                "Actual Loops": 1
                            },
                            {
                                "Worker Number": 1,
                                "Actual Startup Time": 1837.788,
                                "Actual Total Time": 1837.794,
                                "Actual Rows": 1,
                                "Actual Loops": 1
                            },
                            {
                                "Worker Number": 2,
                                "Actual Startup Time": 1837.789,
                                "Actual Total Time": 1837.793,
                                "Actual Rows": 1,
                                "Actual Loops": 1
                            },
                            {
                                "Worker Number": 3,
                                "Actual Startup Time": 1837.78,
                                "Actual Total Time": 1837.784,
                                "Actual Rows": 1,
                                "Actual Loops": 1
                            },
                            {
                                "Worker Number": 4,
                                "Actual Startup Time": 1837.835,
                                "Actual Total Time": 1837.838,
                                "Actual Rows": 1,
                                "Actual Loops": 1
                            },
                            {
                                "Worker Number": 5,
                                "Actual Startup Time": 1838.841,
                                "Actual Total Time": 1838.846,
                                "Actual Rows": 1,
                                "Actual Loops": 1
                            }
                        ],
                        "Plans": [
                            {
                                "Node Type": "Hash Join",
                                "Parent Relationship": "Outer",
                                "Parallel Aware": true,
                                "Join Type": "Inner",
                                "Startup Cost": 250073.02,
                                "Total Cost": 595270.52,
                                "Plan Rows": 1151512,
                                "Plan Width": 0,
                                "Actual Startup Time": 772.893,
                                "Actual Total Time": 1805.657,
                                "Actual Rows": 756331,
                                "Actual Loops": 7,
                                "Inner Unique": false,
                                "Hash Cond": "(ci.movie_id = t.id)",
                                "Workers": [
                                    {
                                        "Worker Number": 0,
                                        "Actual Startup Time": 771.12,
                                        "Actual Total Time": 1801.74,
                                        "Actual Rows": 560643,
                                        "Actual Loops": 1
                                    },
                                    {
                                        "Worker Number": 1,
                                        "Actual Startup Time": 771.073,
                                        "Actual Total Time": 1807.995,
                                        "Actual Rows": 729999,
                                        "Actual Loops": 1
                                    },
                                    {
                                        "Worker Number": 2,
                                        "Actual Startup Time": 771.045,
                                        "Actual Total Time": 1804.071,
                                        "Actual Rows": 851062,
                                        "Actual Loops": 1
                                    },
                                    {
                                        "Worker Number": 3,
                                        "Actual Startup Time": 771.092,
                                        "Actual Total Time": 1805.044,
                                        "Actual Rows": 819451,
                                        "Actual Loops": 1
                                    },
                                    {
                                        "Worker Number": 4,
                                        "Actual Startup Time": 771.057,
                                        "Actual Total Time": 1804.742,
                                        "Actual Rows": 827007,
                                        "Actual Loops": 1
                                    },
                                    {
                                        "Worker Number": 5,
                                        "Actual Startup Time": 771.206,
                                        "Actual Total Time": 1802.376,
                                        "Actual Rows": 565477,
                                        "Actual Loops": 1
                                    }
                                ],
                                "Plans": [
                                    {
                                        "Node Type": "Seq Scan",
                                        "Parent Relationship": "Outer",
                                        "Parallel Aware": true,
                                        "Relation Name": "cast_info",
                                        "Schema": "public",
                                        "Alias": "ci",
                                        "Startup Cost": 0.0,
                                        "Total Cost": 328213.62,
                                        "Plan Rows": 3914897,
                                        "Plan Width": 4,
                                        "Actual Startup Time": 208.297,
                                        "Actual Total Time": 687.38,
                                        "Actual Rows": 3367665,
                                        "Actual Loops": 7,
                                        "Output": [
                                            "ci.id",
                                            "ci.person_id",
                                            "ci.movie_id",
                                            "ci.person_role_id",
                                            "ci.note",
                                            "ci.nr_order",
                                            "ci.role_id"
                                        ],
                                        "Filter": "(ci.role_id > 1)",
                                        "Rows Removed by Filter": 1810098,
                                        "Workers": [
                                            {
                                                "Worker Number": 0,
                                                "Actual Startup Time": 208.309,
                                                "Actual Total Time": 703.937,
                                                "Actual Rows": 2498643,
                                                "Actual Loops": 1
                                            },
                                            {
                                                "Worker Number": 1,
                                                "Actual Startup Time": 208.303,
                                                "Actual Total Time": 659.991,
                                                "Actual Rows": 3239205,
                                                "Actual Loops": 1
                                            },
                                            {
                                                "Worker Number": 2,
                                                "Actual Startup Time": 208.284,
                                                "Actual Total Time": 695.143,
                                                "Actual Rows": 3769567,
                                                "Actual Loops": 1
                                            },
                                            {
                                                "Worker Number": 3,
                                                "Actual Startup Time": 208.288,
                                                "Actual Total Time": 690.416,
                                                "Actual Rows": 3666782,
                                                "Actual Loops": 1
                                            },
                                            {
                                                "Worker Number": 4,
                                                "Actual Startup Time": 208.292,
                                                "Actual Total Time": 691.941,
                                                "Actual Rows": 3664904,
                                                "Actual Loops": 1
                                            },
                                            {
                                                "Worker Number": 5,
                                                "Actual Startup Time": 208.314,
                                                "Actual Total Time": 707.79,
                                                "Actual Rows": 2500110,
                                                "Actual Loops": 1
                                            }
                                        ]
                                    },
                                    {
                                        "Node Type": "Hash",
                                        "Parent Relationship": "Inner",
                                        "Parallel Aware": true,
                                        "Startup Cost": 248213.84,
                                        "Total Cost": 248213.84,
                                        "Plan Rows": 148734,
                                        "Plan Width": 8,
                                        "Actual Startup Time": 561.107,
                                        "Actual Total Time": 561.324,
                                        "Actual Rows": 51188,
                                        "Actual Loops": 7,
                                        "Output": [
                                            "t.id",
                                            "mi.movie_id"
                                        ],
                                        "Hash Buckets": 1048576,
                                        "Original Hash Buckets": 1048576,
                                        "Hash Batches": 1,
                                        "Original Hash Batches": 1,
                                        "Peak Memory Usage": 22304,
                                        "Workers": [
                                            {
                                                "Worker Number": 0,
                                                "Actual Startup Time": 562.02,
                                                "Actual Total Time": 562.023,
                                                "Actual Rows": 41782,
                                                "Actual Loops": 1
                                            },
                                            {
                                                "Worker Number": 1,
                                                "Actual Startup Time": 562.075,
                                                "Actual Total Time": 562.079,
                                                "Actual Rows": 48222,
                                                "Actual Loops": 1
                                            },
                                            {
                                                "Worker Number": 2,
                                                "Actual Startup Time": 562.05,
                                                "Actual Total Time": 562.053,
                                                "Actual Rows": 57677,
                                                "Actual Loops": 1
                                            },
                                            {
                                                "Worker Number": 3,
                                                "Actual Startup Time": 562.026,
                                                "Actual Total Time": 562.029,
                                                "Actual Rows": 55006,
                                                "Actual Loops": 1
                                            },
                                            {
                                                "Worker Number": 4,
                                                "Actual Startup Time": 562.043,
                                                "Actual Total Time": 562.046,
                                                "Actual Rows": 56938,
                                                "Actual Loops": 1
                                            },
                                            {
                                                "Worker Number": 5,
                                                "Actual Startup Time": 562.231,
                                                "Actual Total Time": 562.235,
                                                "Actual Rows": 39796,
                                                "Actual Loops": 1
                                            }
                                        ],
                                        "Plans": [
                                            {
                                                "Node Type": "Hash Join",
                                                "Parent Relationship": "Outer",
                                                "Parallel Aware": true,
                                                "Join Type": "Inner",
                                                "Startup Cost": 48689.12,
                                                "Total Cost": 248213.84,
                                                "Plan Rows": 148734,
                                                "Plan Width": 8,
                                                "Actual Startup Time": 193.573,
                                                "Actual Total Time": 533.86,
                                                "Actual Rows": 51188,
                                                "Actual Loops": 7,
                                                "Output": [
                                                    "t.id",
                                                    "mi.movie_id"
                                                ],
                                                "Inner Unique": true,
                                                "Hash Cond": "(mi.movie_id = t.id)",
                                                "Workers": [
                                                    {
                                                        "Worker Number": 0,
                                                        "Actual Startup Time": 193.576,
                                                        "Actual Total Time": 534.561,
                                                        "Actual Rows": 41782,
                                                        "Actual Loops": 1
                                                    },
                                                    {
                                                        "Worker Number": 1,
                                                        "Actual Startup Time": 193.538,
                                                        "Actual Total Time": 532.85,
                                                        "Actual Rows": 48222,
                                                        "Actual Loops": 1
                                                    },
                                                    {
                                                        "Worker Number": 2,
                                                        "Actual Startup Time": 193.603,
                                                        "Actual Total Time": 533.533,
                                                        "Actual Rows": 57677,
                                                        "Actual Loops": 1
                                                    },
                                                    {
                                                        "Worker Number": 3,
                                                        "Actual Startup Time": 193.596,
                                                        "Actual Total Time": 533.619,
                                                        "Actual Rows": 55006,
                                                        "Actual Loops": 1
                                                    },
                                                    {
                                                        "Worker Number": 4,
                                                        "Actual Startup Time": 193.574,
                                                        "Actual Total Time": 533.65,
                                                        "Actual Rows": 56938,
                                                        "Actual Loops": 1
                                                    },
                                                    {
                                                        "Worker Number": 5,
                                                        "Actual Startup Time": 193.589,
                                                        "Actual Total Time": 533.365,
                                                        "Actual Rows": 39796,
                                                        "Actual Loops": 1
                                                    }
                                                ],
                                                "Plans": [
                                                    {
                                                        "Node Type": "Seq Scan",
                                                        "Parent Relationship": "Outer",
                                                        "Parallel Aware": true,
                                                        "Relation Name": "movie_info",
                                                        "Schema": "public",
                                                        "Alias": "mi",
                                                        "Startup Cost": 0.0,
                                                        "Total Cost": 198880.74,
                                                        "Plan Rows": 245328,
                                                        "Plan Width": 4,
                                                        "Actual Startup Time": 0.039,
                                                        "Actual Total Time": 271.012,
                                                        "Actual Rows": 185570,
                                                        "Actual Loops": 7,
                                                        "Output": [
                                                            "mi.id",
                                                            "mi.movie_id",
                                                            "mi.info_type_id",
                                                            "mi.info",
                                                            "mi.note"
                                                        ],
                                                        "Filter": "(mi.info_type_id = 4)",
                                                        "Rows Removed by Filter": 1933819,
                                                        "Workers": [
                                                            {
                                                                "Worker Number": 0,
                                                                "Actual Startup Time": 0.044,
                                                                "Actual Total Time": 274.017,
                                                                "Actual Rows": 151788,
                                                                "Actual Loops": 1
                                                            },
                                                            {
                                                                "Worker Number": 1,
                                                                "Actual Startup Time": 0.042,
                                                                "Actual Total Time": 269.232,
                                                                "Actual Rows": 175822,
                                                                "Actual Loops": 1
                                                            },
                                                            {
                                                                "Worker Number": 2,
                                                                "Actual Startup Time": 0.037,
                                                                "Actual Total Time": 270.652,
                                                                "Actual Rows": 210841,
                                                                "Actual Loops": 1
                                                            },
                                                            {
                                                                "Worker Number": 3,
                                                                "Actual Startup Time": 0.037,
                                                                "Actual Total Time": 270.405,
                                                                "Actual Rows": 205643,
                                                                "Actual Loops": 1
                                                            },
                                                            {
                                                                "Worker Number": 4,
                                                                "Actual Startup Time": 0.046,
                                                                "Actual Total Time": 270.36,
                                                                "Actual Rows": 207177,
                                                                "Actual Loops": 1
                                                            },
                                                            {
                                                                "Worker Number": 5,
                                                                "Actual Startup Time": 0.052,
                                                                "Actual Total Time": 275.008,
                                                                "Actual Rows": 120976,
                                                                "Actual Loops": 1
                                                            }
                                                        ]
                                                    },
                                                    {
                                                        "Node Type": "Hash",
                                                        "Parent Relationship": "Inner",
                                                        "Parallel Aware": true,
                                                        "Startup Cost": 43899.01,
                                                        "Total Cost": 43899.01,
                                                        "Plan Rows": 383209,
                                                        "Plan Width": 4,
                                                        "Actual Startup Time": 190.136,
                                                        "Actual Total Time": 190.137,
                                                        "Actual Rows": 220466,
                                                        "Actual Loops": 7,
                                                        "Output": [
                                                            "t.id"
                                                        ],
                                                        "Hash Buckets": 2097152,
                                                        "Original Hash Buckets": 2097152,
                                                        "Hash Batches": 1,
                                                        "Original Hash Batches": 1,
                                                        "Peak Memory Usage": 76864,
                                                        "Workers": [
                                                            {
                                                                "Worker Number": 0,
                                                                "Actual Startup Time": 193.23,
                                                                "Actual Total Time": 193.23,
                                                                "Actual Rows": 170849,
                                                                "Actual Loops": 1
                                                            },
                                                            {
                                                                "Worker Number": 1,
                                                                "Actual Startup Time": 193.183,
                                                                "Actual Total Time": 193.184,
                                                                "Actual Rows": 195730,
                                                                "Actual Loops": 1
                                                            },
                                                            {
                                                                "Worker Number": 2,
                                                                "Actual Startup Time": 193.27,
                                                                "Actual Total Time": 193.27,
                                                                "Actual Rows": 232384,
                                                                "Actual Loops": 1
                                                            },
                                                            {
                                                                "Worker Number": 3,
                                                                "Actual Startup Time": 193.252,
                                                                "Actual Total Time": 193.253,
                                                                "Actual Rows": 219016,
                                                                "Actual Loops": 1
                                                            },
                                                            {
                                                                "Worker Number": 4,
                                                                "Actual Startup Time": 193.22,
                                                                "Actual Total Time": 193.221,
                                                                "Actual Rows": 230368,
                                                                "Actual Loops": 1
                                                            },
                                                            {
                                                                "Worker Number": 5,
                                                                "Actual Startup Time": 193.229,
                                                                "Actual Total Time": 193.23,
                                                                "Actual Rows": 157096,
                                                                "Actual Loops": 1
                                                            }
                                                        ],
                                                        "Plans": [
                                                            {
                                                                "Node Type": "Seq Scan",
                                                                "Parent Relationship": "Outer",
                                                                "Parallel Aware": true,
                                                                "Relation Name": "title",
                                                                "Schema": "public",
                                                                "Alias": "t",
                                                                "Startup Cost": 0.0,
                                                                "Total Cost": 43899.01,
                                                                "Plan Rows": 383209,
                                                                "Plan Width": 4,
                                                                "Actual Startup Time": 0.07,
                                                                "Actual Total Time": 74.126,
                                                                "Actual Rows": 220466,
                                                                "Actual Loops": 7,
                                                                "Output": [
                                                                    "t.id"
                                                                ],
                                                                "Filter": "(t.kind_id = 7)",
                                                                "Rows Removed by Filter": 140721,
                                                                "Workers": [
                                                                    {
                                                                        "Worker Number": 0,
                                                                        "Actual Startup Time": 0.079,
                                                                        "Actual Total Time": 78.143,
                                                                        "Actual Rows": 170849,
                                                                        "Actual Loops": 1
                                                                    },
                                                                    {
                                                                        "Worker Number": 1,
                                                                        "Actual Startup Time": 0.08,
                                                                        "Actual Total Time": 73.437,
                                                                        "Actual Rows": 195730,
                                                                        "Actual Loops": 1
                                                                    },
                                                                    {
                                                                        "Worker Number": 2,
                                                                        "Actual Startup Time": 0.079,
                                                                        "Actual Total Time": 76.316,
                                                                        "Actual Rows": 232384,
                                                                        "Actual Loops": 1
                                                                    },
                                                                    {
                                                                        "Worker Number": 3,
                                                                        "Actual Startup Time": 0.079,
                                                                        "Actual Total Time": 74.874,
                                                                        "Actual Rows": 219016,
                                                                        "Actual Loops": 1
                                                                    },
                                                                    {
                                                                        "Worker Number": 4,
                                                                        "Actual Startup Time": 0.078,
                                                                        "Actual Total Time": 75.74,
                                                                        "Actual Rows": 230368,
                                                                        "Actual Loops": 1
                                                                    },
                                                                    {
                                                                        "Worker Number": 5,
                                                                        "Actual Startup Time": 0.079,
                                                                        "Actual Total Time": 75.973,
                                                                        "Actual Rows": 157096,
                                                                        "Actual Loops": 1
                                                                    }
                                                                ]
                                                            }
                                                        ]
                                                    }
                                                ]
                                            }
                                        ]
                                    }
                                ]
                            }
                        ]
                    }
                ]
            }
        ]
    },
    "Planning Time": 1.565,
    "Triggers": [],
    "Execution Time": 1943.862
}