[
  {
    "Plan": {
      "Node Type": "Aggregate",
      "Strategy": "Plain",
      "Partial Mode": "Finalize",
      "Parallel Aware": false,
      "Startup Cost": 29747.27,
      "Total Cost": 29747.28,
      "Plan Rows": 1,
      "Plan Width": 8,
      "Actual Startup Time": 97.935,
      "Actual Total Time": 104.173,
      "Actual Rows": 1,
      "Actual Loops": 1,
      "Plans": [
        {
          "Node Type": "Gather",
          "Parent Relationship": "Outer",
          "Parallel Aware": false,
          "Startup Cost": 29746.95,
          "Total Cost": 29747.26,
          "Plan Rows": 3,
          "Plan Width": 8,
          "Actual Startup Time": 97.565,
          "Actual Total Time": 104.165,
          "Actual Rows": 4,
          "Actual Loops": 1,
          "Workers Planned": 3,
          "Workers Launched": 3,
          "Single Copy": false,
          "Plans": [
            {
              "Node Type": "Aggregate",
              "Strategy": "Plain",
              "Partial Mode": "Partial",
              "Parent Relationship": "Outer",
              "Parallel Aware": false,
              "Startup Cost": 28746.95,
              "Total Cost": 28746.96,
              "Plan Rows": 1,
              "Plan Width": 8,
              "Actual Startup Time": 88.226,
              "Actual Total Time": 88.227,
              "Actual Rows": 1,
              "Actual Loops": 4,
              "Plans": [
                {
                  "Node Type": "Bitmap Heap Scan",
                  "Parent Relationship": "Outer",
                  "Parallel Aware": true,
                  "Relation Name": "movie_companies",
                  "Alias": "mc",
                  "Startup Cost": 8010.93,
                  "Total Cost": 28600.32,
                  "Plan Rows": 58652,
                  "Plan Width": 0,
                  "Actual Startup Time": 30.763,
                  "Actual Total Time": 82.934,
                  "Actual Rows": 70874,
                  "Actual Loops": 4,
                  "Recheck Cond": "(company_id < 197)",
                  "Rows Removed by Index Recheck": 0,
                  "Filter": "(company_type_id < 2)",
                  "Rows Removed by Filter": 21166,
                  "Exact Heap Blocks": 9305,
                  "Lossy Heap Blocks": 0,
                  "Plans": [
                    {
                      "Node Type": "Bitmap Index Scan",
                      "Parent Relationship": "Outer",
                      "Parallel Aware": false,
                      "Index Name": "company_id_movie_companies",
                      "Startup Cost": 0.0,
                      "Total Cost": 7965.48,
                      "Plan Rows": 371873,
                      "Plan Width": 0,
                      "Actual Startup Time": 35.534,
                      "Actual Total Time": 35.534,
                      "Actual Rows": 368162,
                      "Actual Loops": 1,
                      "Index Cond": "(company_id < 197)"
                    }
                  ]
                }
              ]
            }
          ]
        }
      ]
    },
    "Planning Time": 0.259,
    "Triggers": [],
    "Execution Time": 104.25
  }
]