[
  {
    "Plan": {
      "Node Type": "Aggregate",
      "Strategy": "Plain",
      "Partial Mode": "Finalize",
      "Parallel Aware": false,
      "Startup Cost": 46803.43,
      "Total Cost": 46803.44,
      "Plan Rows": 1,
      "Plan Width": 8,
      "Actual Startup Time": 99.504,
      "Actual Total Time": 110.795,
      "Actual Rows": 1,
      "Actual Loops": 1,
      "Plans": [
        {
          "Node Type": "Gather",
          "Parent Relationship": "Outer",
          "Parallel Aware": false,
          "Startup Cost": 46803.01,
          "Total Cost": 46803.42,
          "Plan Rows": 4,
          "Plan Width": 8,
          "Actual Startup Time": 99.337,
          "Actual Total Time": 110.788,
          "Actual Rows": 5,
          "Actual Loops": 1,
          "Workers Planned": 4,
          "Workers Launched": 4,
          "Single Copy": false,
          "Plans": [
            {
              "Node Type": "Aggregate",
              "Strategy": "Plain",
              "Partial Mode": "Partial",
              "Parent Relationship": "Outer",
              "Parallel Aware": false,
              "Startup Cost": 45803.01,
              "Total Cost": 45803.02,
              "Plan Rows": 1,
              "Plan Width": 8,
              "Actual Startup Time": 89.607,
              "Actual Total Time": 89.609,
              "Actual Rows": 1,
              "Actual Loops": 5,
              "Plans": [
                {
                  "Node Type": "Seq Scan",
                  "Parent Relationship": "Outer",
                  "Parallel Aware": true,
                  "Relation Name": "title",
                  "Alias": "t",
                  "Startup Cost": 0.0,
                  "Total Cost": 45479.59,
                  "Plan Rows": 129370,
                  "Plan Width": 0,
                  "Actual Startup Time": 0.059,
                  "Actual Total Time": 85.446,
                  "Actual Rows": 88184,
                  "Actual Loops": 5,
                  "Filter": "((kind_id < 7) AND (production_year > 2001))",
                  "Rows Removed by Filter": 417479
                }
              ]
            }
          ]
        }
      ]
    },
    "Planning Time": 0.069,
    "Triggers": [],
    "Execution Time": 110.823
  }
]