[
  {
    "Plan": {
      "Node Type": "Aggregate",
      "Strategy": "Plain",
      "Partial Mode": "Finalize",
      "Parallel Aware": false,
      "Startup Cost": 78871.26,
      "Total Cost": 78871.27,
      "Plan Rows": 1,
      "Plan Width": 8,
      "Actual Startup Time": 112.986,
      "Actual Total Time": 126.984,
      "Actual Rows": 1,
      "Actual Loops": 1,
      "Plans": [
        {
          "Node Type": "Gather",
          "Parent Relationship": "Outer",
          "Parallel Aware": false,
          "Startup Cost": 78870.84,
          "Total Cost": 78871.25,
          "Plan Rows": 4,
          "Plan Width": 8,
          "Actual Startup Time": 112.877,
          "Actual Total Time": 126.978,
          "Actual Rows": 5,
          "Actual Loops": 1,
          "Workers Planned": 4,
          "Workers Launched": 4,
          "Single Copy": false,
          "Plans": [
            {
              "Node Type": "Aggregate",
              "Strategy": "Plain",
              "Partial Mode": "Partial",
              "Parent Relationship": "Outer",
              "Parallel Aware": false,
              "Startup Cost": 77870.84,
              "Total Cost": 77870.85,
              "Plan Rows": 1,
              "Plan Width": 8,
              "Actual Startup Time": 103.996,
              "Actual Total Time": 103.997,
              "Actual Rows": 1,
              "Actual Loops": 5,
              "Plans": [
                {
                  "Node Type": "Nested Loop",
                  "Parent Relationship": "Outer",
                  "Parallel Aware": false,
                  "Join Type": "Inner",
                  "Startup Cost": 0.43,
                  "Total Cost": 77865.91,
                  "Plan Rows": 1971,
                  "Plan Width": 0,
                  "Actual Startup Time": 56.901,
                  "Actual Total Time": 103.863,
                  "Actual Rows": 1565,
                  "Actual Loops": 5,
                  "Inner Unique": false,
                  "Plans": [
                    {
                      "Node Type": "Seq Scan",
                      "Parent Relationship": "Outer",
                      "Parallel Aware": true,
                      "Relation Name": "title",
                      "Alias": "t",
                      "Startup Cost": 0.0,
                      "Total Cost": 45479.1,
                      "Plan Rows": 4516,
                      "Plan Width": 4,
                      "Actual Startup Time": 53.172,
                      "Actual Total Time": 79.591,
                      "Actual Rows": 4404,
                      "Actual Loops": 5,
                      "Filter": "((production_year > 2012) AND (kind_id = 1))",
                      "Rows Removed by Filter": 501258
                    },
                    {
                      "Node Type": "Index Scan",
                      "Parent Relationship": "Inner",
                      "Parallel Aware": false,
                      "Scan Direction": "Forward",
                      "Index Name": "movie_id_movie_keyword",
                      "Relation Name": "movie_keyword",
                      "Alias": "mk",
                      "Startup Cost": 0.43,
                      "Total Cost": 7.06,
                      "Plan Rows": 11,
                      "Plan Width": 4,
                      "Actual Startup Time": 0.005,
                      "Actual Total Time": 0.005,
                      "Actual Rows": 0,
                      "Actual Loops": 22021,
                      "Index Cond": "(movie_id = t.id)",
                      "Rows Removed by Index Recheck": 0,
                      "Filter": "(keyword_id < 1165)",
                      "Rows Removed by Filter": 1
                    }
                  ]
                }
              ]
            }
          ]
        }
      ]
    },
    "Planning Time": 0.617,
    "Triggers": [],
    "Execution Time": 127.056
  }
]