{
  "Plan": {
    "Node Type": "Aggregate",
    "Strategy": "Plain",
    "Partial Mode": "Finalize",
    "Parallel Aware": false,
    "Startup Cost": 463279.8,
    "Total Cost": 463279.81,
    "Plan Rows": 1,
    "Plan Width": 8,
    "Actual Startup Time": 1294.006,
    "Actual Total Time": 1320.46,
    "Actual Rows": 1,
    "Actual Loops": 1,
    "Plans": [
      {
        "Node Type": "Gather",
        "Parent Relationship": "Outer",
        "Parallel Aware": false,
        "Startup Cost": 463279.68,
        "Total Cost": 463279.79,
        "Plan Rows": 1,
        "Plan Width": 8,
        "Actual Startup Time": 1289.646,
        "Actual Total Time": 1320.451,
        "Actual Rows": 2,
        "Actual Loops": 1,
        "Workers Planned": 1,
        "Workers Launched": 1,
        "Single Copy": false,
        "Plans": [
          {
            "Node Type": "Aggregate",
            "Strategy": "Plain",
            "Partial Mode": "Partial",
            "Parent Relationship": "Outer",
            "Parallel Aware": false,
            "Startup Cost": 462279.68,
            "Total Cost": 462279.69,
            "Plan Rows": 1,
            "Plan Width": 8,
            "Actual Startup Time": 1283.761,
            "Actual Total Time": 1284.67,
            "Actual Rows": 1,
            "Actual Loops": 2,
            "Plans": [
              {
                "Node Type": "Hash Join",
                "Parent Relationship": "Outer",
                "Parallel Aware": true,
                "Join Type": "Inner",
                "Startup Cost": 177438.67,
                "Total Cost": 461219.21,
                "Plan Rows": 424191,
                "Plan Width": 0,
                "Actual Startup Time": 842.92,
                "Actual Total Time": 1268.291,
                "Actual Rows": 399104,
                "Actual Loops": 2,
                "Inner Unique": false,
                "Hash Cond": "(ci.movie_id = t.id)",
                "Plans": [
                  {
                    "Node Type": "Bitmap Heap Scan",
                    "Parent Relationship": "Outer",
                    "Parallel Aware": true,
                    "Relation Name": "cast_info",
                    "Alias": "ci",
                    "Startup Cost": 66079.18,
                    "Total Cost": 340764.86,
                    "Plan Rows": 1759895,
                    "Plan Width": 4,
                    "Actual Startup Time": 169.198,
                    "Actual Total Time": 331.774,
                    "Actual Rows": 1525834,
                    "Actual Loops": 2,
                    "Recheck Cond": "(person_id < 296142)",
                    "Rows Removed by Index Recheck": 0,
                    "Exact Heap Blocks": 17208,
                    "Lossy Heap Blocks": 0,
                    "Plans": [
                      {
                        "Node Type": "Bitmap Index Scan",
                        "Parent Relationship": "Outer",
                        "Parallel Aware": false,
                        "Index Name": "person_id_cast_info",
                        "Startup Cost": 0.0,
                        "Total Cost": 65331.22,
                        "Plan Rows": 2991821,
                        "Plan Width": 0,
                        "Actual Startup Time": 163.976,
                        "Actual Total Time": 163.977,
                        "Actual Rows": 3051669,
                        "Actual Loops": 1,
                        "Index Cond": "(person_id < 296142)"
                      }
                    ]
                  },
                  {
                    "Node Type": "Hash",
                    "Parent Relationship": "Inner",
                    "Parallel Aware": true,
                    "Startup Cost": 106878.62,
                    "Total Cost": 106878.62,
                    "Plan Rows": 358470,
                    "Plan Width": 8,
                    "Actual Startup Time": 664.615,
                    "Actual Total Time": 665.522,
                    "Actual Rows": 204534,
                    "Actual Loops": 2,
                    "Hash Buckets": 1048576,
                    "Original Hash Buckets": 1048576,
                    "Hash Batches": 1,
                    "Original Hash Batches": 1,
                    "Peak Memory Usage": 24224,
                    "Plans": [
                      {
                        "Node Type": "Hash Join",
                        "Parent Relationship": "Outer",
                        "Parallel Aware": true,
                        "Join Type": "Inner",
                        "Startup Cost": 66858.29,
                        "Total Cost": 106878.62,
                        "Plan Rows": 358470,
                        "Plan Width": 8,
                        "Actual Startup Time": 389.629,
                        "Actual Total Time": 613.236,
                        "Actual Rows": 204534,
                        "Actual Loops": 2,
                        "Inner Unique": true,
                        "Hash Cond": "(mc.movie_id = t.id)",
                        "Plans": [
                          {
                            "Node Type": "Seq Scan",
                            "Parent Relationship": "Outer",
                            "Parallel Aware": true,
                            "Relation Name": "movie_companies",
                            "Alias": "mc",
                            "Startup Cost": 0.0,
                            "Total Cost": 37974.77,
                            "Plan Rows": 779260,
                            "Plan Width": 4,
                            "Actual Startup Time": 45.556,
                            "Actual Total Time": 112.064,
                            "Actual Rows": 667442,
                            "Actual Loops": 2,
                            "Filter": "(company_type_id > 1)",
                            "Rows Removed by Filter": 637123
                          },
                          {
                            "Node Type": "Hash",
                            "Parent Relationship": "Inner",
                            "Parallel Aware": true,
                            "Startup Cost": 58306.47,
                            "Total Cost": 58306.47,
                            "Plan Rows": 684146,
                            "Plan Width": 4,
                            "Actual Startup Time": 334.523,
                            "Actual Total Time": 334.524,
                            "Actual Rows": 633666,
                            "Actual Loops": 2,
                            "Hash Buckets": 2097152,
                            "Original Hash Buckets": 2097152,
                            "Hash Batches": 1,
                            "Original Hash Batches": 1,
                            "Peak Memory Usage": 65984,
                            "Plans": [
                              {
                                "Node Type": "Seq Scan",
                                "Parent Relationship": "Outer",
                                "Parallel Aware": true,
                                "Relation Name": "title",
                                "Alias": "t",
                                "Startup Cost": 0.0,
                                "Total Cost": 58306.47,
                                "Plan Rows": 684146,
                                "Plan Width": 4,
                                "Actual Startup Time": 0.034,
                                "Actual Total Time": 165.393,
                                "Actual Rows": 633666,
                                "Actual Loops": 2,
                                "Filter": "((kind_id > 1) AND (production_year > 1996))",
                                "Rows Removed by Filter": 630490
                              }
                            ]
                          }
                        ]
                      }
                    ]
                  }
                ]
              }
            ]
          }
        ]
      }
    ]
  },
  "Planning Time": 1.093,
  "Triggers": [],
  "Execution Time": 1320.562
}