[
  {
    "Plan": {
      "Node Type": "Aggregate",
      "Strategy": "Plain",
      "Partial Mode": "Finalize",
      "Parallel Aware": false,
      "Startup Cost": 76418.32,
      "Total Cost": 76418.33,
      "Plan Rows": 1,
      "Plan Width": 8,
      "Actual Startup Time": 265.971,
      "Actual Total Time": 283.297,
      "Actual Rows": 1,
      "Actual Loops": 1,
      "Plans": [
        {
          "Node Type": "Gather",
          "Parent Relationship": "Outer",
          "Parallel Aware": false,
          "Startup Cost": 76418.01,
          "Total Cost": 76418.32,
          "Plan Rows": 3,
          "Plan Width": 8,
          "Actual Startup Time": 265.593,
          "Actual Total Time": 283.283,
          "Actual Rows": 4,
          "Actual Loops": 1,
          "Workers Planned": 3,
          "Workers Launched": 3,
          "Single Copy": false,
          "Plans": [
            {
              "Node Type": "Aggregate",
              "Strategy": "Plain",
              "Partial Mode": "Partial",
              "Parent Relationship": "Outer",
              "Parallel Aware": false,
              "Startup Cost": 75418.01,
              "Total Cost": 75418.02,
              "Plan Rows": 1,
              "Plan Width": 8,
              "Actual Startup Time": 258.335,
              "Actual Total Time": 258.338,
              "Actual Rows": 1,
              "Actual Loops": 4,
              "Plans": [
                {
                  "Node Type": "Hash Join",
                  "Parent Relationship": "Outer",
                  "Parallel Aware": true,
                  "Join Type": "Inner",
                  "Startup Cost": 44064.72,
                  "Total Cost": 75378.08,
                  "Plan Rows": 15970,
                  "Plan Width": 0,
                  "Actual Startup Time": 109.612,
                  "Actual Total Time": 257.671,
                  "Actual Rows": 9569,
                  "Actual Loops": 4,
                  "Inner Unique": true,
                  "Hash Cond": "(mc.movie_id = t.id)",
                  "Plans": [
                    {
                      "Node Type": "Seq Scan",
                      "Parent Relationship": "Outer",
                      "Parallel Aware": true,
                      "Relation Name": "movie_companies",
                      "Alias": "mc",
                      "Startup Cost": 0.0,
                      "Total Cost": 29310.68,
                      "Plan Rows": 762925,
                      "Plan Width": 4,
                      "Actual Startup Time": 0.03,
                      "Actual Total Time": 83.4,
                      "Actual Rows": 592501,
                      "Actual Loops": 4,
                      "Filter": "(company_id > 94)",
                      "Rows Removed by Filter": 59781
                    },
                    {
                      "Node Type": "Hash",
                      "Parent Relationship": "Inner",
                      "Parallel Aware": true,
                      "Startup Cost": 43899.32,
                      "Total Cost": 43899.32,
                      "Plan Rows": 13232,
                      "Plan Width": 4,
                      "Actual Startup Time": 107.911,
                      "Actual Total Time": 107.912,
                      "Actual Rows": 12641,
                      "Actual Loops": 4,
                      "Hash Buckets": 65536,
                      "Original Hash Buckets": 65536,
                      "Hash Batches": 1,
                      "Original Hash Batches": 1,
                      "Peak Memory Usage": 2560,
                      "Plans": [
                        {
                          "Node Type": "Seq Scan",
                          "Parent Relationship": "Outer",
                          "Parallel Aware": true,
                          "Relation Name": "title",
                          "Alias": "t",
                          "Startup Cost": 0.0,
                          "Total Cost": 43899.32,
                          "Plan Rows": 13232,
                          "Plan Width": 4,
                          "Actual Startup Time": 0.046,
                          "Actual Total Time": 101.612,
                          "Actual Rows": 12641,
                          "Actual Loops": 4,
                          "Filter": "(production_year = 1999)",
                          "Rows Removed by Filter": 619437
                        }
                      ]
                    }
                  ]
                }
              ]
            }
          ]
        }
      ]
    },
    "Planning Time": 0.659,
    "Triggers": [],
    "Execution Time": 283.368
  }
]