{
  "Plan": {
    "Node Type": "Aggregate",
    "Strategy": "Plain",
    "Partial Mode": "Finalize",
    "Parallel Aware": false,
    "Startup Cost": 77963.44,
    "Total Cost": 77963.45,
    "Plan Rows": 1,
    "Plan Width": 8,
    "Actual Startup Time": 257.839,
    "Actual Total Time": 291.361,
    "Actual Rows": 1,
    "Actual Loops": 1,
    "Plans": [
      {
        "Node Type": "Gather",
        "Parent Relationship": "Outer",
        "Parallel Aware": false,
        "Startup Cost": 77963.33,
        "Total Cost": 77963.44,
        "Plan Rows": 1,
        "Plan Width": 8,
        "Actual Startup Time": 257.732,
        "Actual Total Time": 291.352,
        "Actual Rows": 2,
        "Actual Loops": 1,
        "Workers Planned": 1,
        "Workers Launched": 1,
        "Single Copy": false,
        "Plans": [
          {
            "Node Type": "Aggregate",
            "Strategy": "Plain",
            "Partial Mode": "Partial",
            "Parent Relationship": "Outer",
            "Parallel Aware": false,
            "Startup Cost": 76963.33,
            "Total Cost": 76963.34,
            "Plan Rows": 1,
            "Plan Width": 8,
            "Actual Startup Time": 253.634,
            "Actual Total Time": 253.635,
            "Actual Rows": 1,
            "Actual Loops": 2,
            "Plans": [
              {
                "Node Type": "Nested Loop",
                "Parent Relationship": "Outer",
                "Parallel Aware": false,
                "Join Type": "Inner",
                "Startup Cost": 0.99,
                "Total Cost": 76919.63,
                "Plan Rows": 17481,
                "Plan Width": 0,
                "Actual Startup Time": 6.952,
                "Actual Total Time": 249.898,
                "Actual Rows": 53682,
                "Actual Loops": 2,
                "Inner Unique": false,
                "Join Filter": "(t.id = ci.movie_id)",
                "Rows Removed by Join Filter": 0,
                "Plans": [
                  {
                    "Node Type": "Nested Loop",
                    "Parent Relationship": "Outer",
                    "Parallel Aware": false,
                    "Join Type": "Inner",
                    "Startup Cost": 0.43,
                    "Total Cost": 73522.56,
                    "Plan Rows": 1220,
                    "Plan Width": 8,
                    "Actual Startup Time": 6.472,
                    "Actual Total Time": 165.02,
                    "Actual Rows": 2090,
                    "Actual Loops": 2,
                    "Inner Unique": false,
                    "Plans": [
                      {
                        "Node Type": "Seq Scan",
                        "Parent Relationship": "Outer",
                        "Parallel Aware": true,
                        "Relation Name": "title",
                        "Alias": "t",
                        "Startup Cost": 0.0,
                        "Total Cost": 58306.47,
                        "Plan Rows": 2235,
                        "Plan Width": 4,
                        "Actual Startup Time": 1.736,
                        "Actual Total Time": 152.875,
                        "Actual Rows": 1918,
                        "Actual Loops": 2,
                        "Filter": "((kind_id < 7) AND (production_year = 1959))",
                        "Rows Removed by Filter": 1262238
                      },
                      {
                        "Node Type": "Index Only Scan",
                        "Parent Relationship": "Inner",
                        "Parallel Aware": false,
                        "Scan Direction": "Forward",
                        "Index Name": "movie_id_movie_info_idx",
                        "Relation Name": "movie_info_idx",
                        "Alias": "mi_idx",
                        "Startup Cost": 0.43,
                        "Total Cost": 6.78,
                        "Plan Rows": 3,
                        "Plan Width": 4,
                        "Actual Startup Time": 0.006,
                        "Actual Total Time": 0.006,
                        "Actual Rows": 1,
                        "Actual Loops": 3835,
                        "Index Cond": "(movie_id = t.id)",
                        "Rows Removed by Index Recheck": 0,
                        "Heap Fetches": 4179
                      }
                    ]
                  },
                  {
                    "Node Type": "Index Only Scan",
                    "Parent Relationship": "Inner",
                    "Parallel Aware": false,
                    "Scan Direction": "Forward",
                    "Index Name": "movie_id_cast_info",
                    "Relation Name": "cast_info",
                    "Alias": "ci",
                    "Startup Cost": 0.56,
                    "Total Cost": 2.32,
                    "Plan Rows": 37,
                    "Plan Width": 4,
                    "Actual Startup Time": 0.007,
                    "Actual Total Time": 0.037,
                    "Actual Rows": 26,
                    "Actual Loops": 4179,
                    "Index Cond": "(movie_id = mi_idx.movie_id)",
                    "Rows Removed by Index Recheck": 0,
                    "Heap Fetches": 107363
                  }
                ]
              }
            ]
          }
        ]
      }
    ]
  },
  "Planning Time": 0.919,
  "Triggers": [],
  "Execution Time": 291.458
}