{
  "Plan": {
    "Node Type": "Aggregate",
    "Strategy": "Plain",
    "Partial Mode": "Finalize",
    "Parallel Aware": false,
    "Startup Cost": 531108.68,
    "Total Cost": 531108.69,
    "Plan Rows": 1,
    "Plan Width": 8,
    "Actual Startup Time": 2390.509,
    "Actual Total Time": 2429.64,
    "Actual Rows": 1,
    "Actual Loops": 1,
    "Plans": [
      {
        "Node Type": "Gather",
        "Parent Relationship": "Outer",
        "Parallel Aware": false,
        "Startup Cost": 531108.57,
        "Total Cost": 531108.68,
        "Plan Rows": 1,
        "Plan Width": 8,
        "Actual Startup Time": 2386.334,
        "Actual Total Time": 2429.63,
        "Actual Rows": 2,
        "Actual Loops": 1,
        "Workers Planned": 1,
        "Workers Launched": 1,
        "Single Copy": false,
        "Plans": [
          {
            "Node Type": "Aggregate",
            "Strategy": "Plain",
            "Partial Mode": "Partial",
            "Parent Relationship": "Outer",
            "Parallel Aware": false,
            "Startup Cost": 530108.57,
            "Total Cost": 530108.58,
            "Plan Rows": 1,
            "Plan Width": 8,
            "Actual Startup Time": 2381.701,
            "Actual Total Time": 2382.633,
            "Actual Rows": 1,
            "Actual Loops": 2,
            "Plans": [
              {
                "Node Type": "Hash Join",
                "Parent Relationship": "Outer",
                "Parallel Aware": true,
                "Join Type": "Inner",
                "Startup Cost": 89724.93,
                "Total Cost": 525880.56,
                "Plan Rows": 1691202,
                "Plan Width": 0,
                "Actual Startup Time": 696.977,
                "Actual Total Time": 2322.66,
                "Actual Rows": 1441690,
                "Actual Loops": 2,
                "Inner Unique": false,
                "Hash Cond": "(ci.movie_id = t.id)",
                "Plans": [
                  {
                    "Node Type": "Index Scan",
                    "Parent Relationship": "Outer",
                    "Parallel Aware": true,
                    "Scan Direction": "Forward",
                    "Index Name": "role_id_cast_info",
                    "Relation Name": "cast_info",
                    "Alias": "ci",
                    "Startup Cost": 0.56,
                    "Total Cost": 400977.7,
                    "Plan Rows": 6728068,
                    "Plan Width": 4,
                    "Actual Startup Time": 131.007,
                    "Actual Total Time": 945.06,
                    "Actual Rows": 5229601,
                    "Actual Loops": 2,
                    "Index Cond": "(role_id = 1)",
                    "Rows Removed by Index Recheck": 0,
                    "Filter": "(person_id > 298328)",
                    "Rows Removed by Filter": 1105743
                  },
                  {
                    "Node Type": "Hash",
                    "Parent Relationship": "Inner",
                    "Parallel Aware": true,
                    "Startup Cost": 85051.39,
                    "Total Cost": 85051.39,
                    "Plan Rows": 373838,
                    "Plan Width": 8,
                    "Actual Startup Time": 556.982,
                    "Actual Total Time": 557.913,
                    "Actual Rows": 172160,
                    "Actual Loops": 2,
                    "Hash Buckets": 1048576,
                    "Original Hash Buckets": 1048576,
                    "Hash Batches": 1,
                    "Original Hash Batches": 1,
                    "Peak Memory Usage": 21696,
                    "Plans": [
                      {
                        "Node Type": "Hash Join",
                        "Parent Relationship": "Outer",
                        "Parallel Aware": true,
                        "Join Type": "Inner",
                        "Startup Cost": 66867.61,
                        "Total Cost": 85051.39,
                        "Plan Rows": 373838,
                        "Plan Width": 8,
                        "Actual Startup Time": 347.663,
                        "Actual Total Time": 516.678,
                        "Actual Rows": 172160,
                        "Actual Loops": 2,
                        "Inner Unique": true,
                        "Hash Cond": "(mi_idx.movie_id = t.id)",
                        "Plans": [
                          {
                            "Node Type": "Seq Scan",
                            "Parent Relationship": "Outer",
                            "Parallel Aware": true,
                            "Relation Name": "movie_info_idx",
                            "Alias": "mi_idx",
                            "Startup Cost": 0.0,
                            "Total Cost": 16052.85,
                            "Plan Rows": 811785,
                            "Plan Width": 4,
                            "Actual Startup Time": 0.025,
                            "Actual Total Time": 50.409,
                            "Actual Rows": 690018,
                            "Actual Loops": 2
                          },
                          {
                            "Node Type": "Hash",
                            "Parent Relationship": "Inner",
                            "Parallel Aware": true,
                            "Startup Cost": 58306.47,
                            "Total Cost": 58306.47,
                            "Plan Rows": 684891,
                            "Plan Width": 4,
                            "Actual Startup Time": 337.686,
                            "Actual Total Time": 337.687,
                            "Actual Rows": 626467,
                            "Actual Loops": 2,
                            "Hash Buckets": 2097152,
                            "Original Hash Buckets": 2097152,
                            "Hash Batches": 1,
                            "Original Hash Batches": 1,
                            "Peak Memory Usage": 65440,
                            "Plans": [
                              {
                                "Node Type": "Seq Scan",
                                "Parent Relationship": "Outer",
                                "Parallel Aware": true,
                                "Relation Name": "title",
                                "Alias": "t",
                                "Startup Cost": 0.0,
                                "Total Cost": 58306.47,
                                "Plan Rows": 684891,
                                "Plan Width": 4,
                                "Actual Startup Time": 0.03,
                                "Actual Total Time": 166.718,
                                "Actual Rows": 626467,
                                "Actual Loops": 2,
                                "Filter": "((production_year > 1982) AND (kind_id = 7))",
                                "Rows Removed by Filter": 637689
                              }
                            ]
                          }
                        ]
                      }
                    ]
                  }
                ]
              }
            ]
          }
        ]
      }
    ]
  },
  "Planning Time": 0.905,
  "Triggers": [],
  "Execution Time": 2429.732
}