{
  "Plan": {
    "Node Type": "Aggregate",
    "Strategy": "Plain",
    "Partial Mode": "Finalize",
    "Parallel Aware": false,
    "Startup Cost": 74522.71,
    "Total Cost": 74522.72,
    "Plan Rows": 1,
    "Plan Width": 8,
    "Actual Startup Time": 260.925,
    "Actual Total Time": 273.847,
    "Actual Rows": 1,
    "Actual Loops": 1,
    "Plans": [
      {
        "Node Type": "Gather",
        "Parent Relationship": "Outer",
        "Parallel Aware": false,
        "Startup Cost": 74522.6,
        "Total Cost": 74522.71,
        "Plan Rows": 1,
        "Plan Width": 8,
        "Actual Startup Time": 260.336,
        "Actual Total Time": 273.763,
        "Actual Rows": 2,
        "Actual Loops": 1,
        "Workers Planned": 1,
        "Workers Launched": 1,
        "Single Copy": false,
        "Plans": [
          {
            "Node Type": "Aggregate",
            "Strategy": "Plain",
            "Partial Mode": "Partial",
            "Parent Relationship": "Outer",
            "Parallel Aware": false,
            "Startup Cost": 73522.6,
            "Total Cost": 73522.61,
            "Plan Rows": 1,
            "Plan Width": 8,
            "Actual Startup Time": 254.778,
            "Actual Total Time": 254.781,
            "Actual Rows": 1,
            "Actual Loops": 2,
            "Plans": [
              {
                "Node Type": "Hash Join",
                "Parent Relationship": "Outer",
                "Parallel Aware": true,
                "Join Type": "Inner",
                "Startup Cost": 55264.95,
                "Total Cost": 73448.74,
                "Plan Rows": 29544,
                "Plan Width": 0,
                "Actual Startup Time": 188.156,
                "Actual Total Time": 254.371,
                "Actual Rows": 9152,
                "Actual Loops": 2,
                "Inner Unique": true,
                "Hash Cond": "(mi_idx.movie_id = t.id)",
                "Plans": [
                  {
                    "Node Type": "Seq Scan",
                    "Parent Relationship": "Outer",
                    "Parallel Aware": true,
                    "Relation Name": "movie_info_idx",
                    "Alias": "mi_idx",
                    "Startup Cost": 0.0,
                    "Total Cost": 16052.85,
                    "Plan Rows": 811785,
                    "Plan Width": 4,
                    "Actual Startup Time": 0.024,
                    "Actual Total Time": 47.768,
                    "Actual Rows": 690018,
                    "Actual Loops": 2
                  },
                  {
                    "Node Type": "Hash",
                    "Parent Relationship": "Inner",
                    "Parallel Aware": true,
                    "Startup Cost": 54588.39,
                    "Total Cost": 54588.39,
                    "Plan Rows": 54125,
                    "Plan Width": 4,
                    "Actual Startup Time": 143.81,
                    "Actual Total Time": 143.811,
                    "Actual Rows": 47982,
                    "Actual Loops": 2,
                    "Hash Buckets": 131072,
                    "Original Hash Buckets": 131072,
                    "Hash Batches": 1,
                    "Original Hash Batches": 1,
                    "Peak Memory Usage": 4800,
                    "Plans": [
                      {
                        "Node Type": "Seq Scan",
                        "Parent Relationship": "Outer",
                        "Parallel Aware": true,
                        "Relation Name": "title",
                        "Alias": "t",
                        "Startup Cost": 0.0,
                        "Total Cost": 54588.39,
                        "Plan Rows": 54125,
                        "Plan Width": 4,
                        "Actual Startup Time": 55.086,
                        "Actual Total Time": 133.664,
                        "Actual Rows": 47982,
                        "Actual Loops": 2,
                        "Filter": "(production_year < 1923)",
                        "Rows Removed by Filter": 1216174
                      }
                    ]
                  }
                ]
              }
            ]
          }
        ]
      }
    ]
  },
  "Planning Time": 0.406,
  "Triggers": [],
  "Execution Time": 273.926
}