{
  "Plan": {
    "Node Type": "Aggregate",
    "Strategy": "Plain",
    "Partial Mode": "Finalize",
    "Parallel Aware": false,
    "Startup Cost": 813758.17,
    "Total Cost": 813758.18,
    "Plan Rows": 1,
    "Plan Width": 8,
    "Actual Startup Time": 9538.381,
    "Actual Total Time": 9660.094,
    "Actual Rows": 1,
    "Actual Loops": 1,
    "Plans": [
      {
        "Node Type": "Gather",
        "Parent Relationship": "Outer",
        "Parallel Aware": false,
        "Startup Cost": 813758.06,
        "Total Cost": 813758.17,
        "Plan Rows": 1,
        "Plan Width": 8,
        "Actual Startup Time": 9517.395,
        "Actual Total Time": 9660.086,
        "Actual Rows": 2,
        "Actual Loops": 1,
        "Workers Planned": 1,
        "Workers Launched": 1,
        "Single Copy": false,
        "Plans": [
          {
            "Node Type": "Aggregate",
            "Strategy": "Plain",
            "Partial Mode": "Partial",
            "Parent Relationship": "Outer",
            "Parallel Aware": false,
            "Startup Cost": 812758.06,
            "Total Cost": 812758.07,
            "Plan Rows": 1,
            "Plan Width": 8,
            "Actual Startup Time": 9486.563,
            "Actual Total Time": 9486.57,
            "Actual Rows": 1,
            "Actual Loops": 2,
            "Plans": [
              {
                "Node Type": "Hash Join",
                "Parent Relationship": "Outer",
                "Parallel Aware": true,
                "Join Type": "Inner",
                "Startup Cost": 745942.79,
                "Total Cost": 804399.45,
                "Plan Rows": 3343443,
                "Plan Width": 0,
                "Actual Startup Time": 8034.213,
                "Actual Total Time": 9090.084,
                "Actual Rows": 9967756,
                "Actual Loops": 2,
                "Inner Unique": false,
                "Hash Cond": "(mk.movie_id = t.id)",
                "Plans": [
                  {
                    "Node Type": "Bitmap Heap Scan",
                    "Parent Relationship": "Outer",
                    "Parallel Aware": true,
                    "Relation Name": "movie_keyword",
                    "Alias": "mk",
                    "Startup Cost": 19695.42,
                    "Total Cost": 50975.79,
                    "Plan Rows": 546109,
                    "Plan Width": 4,
                    "Actual Startup Time": 57.395,
                    "Actual Total Time": 146.857,
                    "Actual Rows": 461624,
                    "Actual Loops": 2,
                    "Recheck Cond": "(keyword_id > 20324)",
                    "Rows Removed by Index Recheck": 0,
                    "Exact Heap Blocks": 12215,
                    "Lossy Heap Blocks": 0,
                    "Plans": [
                      {
                        "Node Type": "Bitmap Index Scan",
                        "Parent Relationship": "Outer",
                        "Parallel Aware": false,
                        "Index Name": "keyword_id_movie_keyword",
                        "Startup Cost": 0.0,
                        "Total Cost": 19463.33,
                        "Plan Rows": 928386,
                        "Plan Width": 0,
                        "Actual Startup Time": 53.795,
                        "Actual Total Time": 53.796,
                        "Actual Rows": 923249,
                        "Actual Loops": 1,
                        "Index Cond": "(keyword_id > 20324)"
                      }
                    ]
                  },
                  {
                    "Node Type": "Hash",
                    "Parent Relationship": "Inner",
                    "Parallel Aware": true,
                    "Startup Cost": 612431.51,
                    "Total Cost": 612431.51,
                    "Plan Rows": 9105268,
                    "Plan Width": 8,
                    "Actual Startup Time": 7921.149,
                    "Actual Total Time": 7921.153,
                    "Actual Rows": 7718828,
                    "Actual Loops": 2,
                    "Hash Buckets": 16777216,
                    "Original Hash Buckets": 16777216,
                    "Hash Batches": 1,
                    "Original Hash Batches": 1,
                    "Peak Memory Usage": 735008,
                    "Plans": [
                      {
                        "Node Type": "Hash Join",
                        "Parent Relationship": "Outer",
                        "Parallel Aware": true,
                        "Join Type": "Inner",
                        "Startup Cost": 69460.7,
                        "Total Cost": 612431.51,
                        "Plan Rows": 9105268,
                        "Plan Width": 8,
                        "Actual Startup Time": 502.673,
                        "Actual Total Time": 5404.514,
                        "Actual Rows": 7718828,
                        "Actual Loops": 2,
                        "Inner Unique": true,
                        "Hash Cond": "(ci.movie_id = t.id)",
                        "Plans": [
                          {
                            "Node Type": "Seq Scan",
                            "Parent Relationship": "Outer",
                            "Parallel Aware": true,
                            "Relation Name": "cast_info",
                            "Alias": "ci",
                            "Startup Cost": 0.0,
                            "Total Cost": 519069.44,
                            "Plan Rows": 9105268,
                            "Plan Width": 4,
                            "Actual Startup Time": 0.02,
                            "Actual Total Time": 1501.093,
                            "Actual Rows": 7718828,
                            "Actual Loops": 2,
                            "Filter": "(person_id < 1522020)",
                            "Rows Removed by Filter": 10403344
                          },
                          {
                            "Node Type": "Hash",
                            "Parent Relationship": "Inner",
                            "Parallel Aware": true,
                            "Startup Cost": 50870.31,
                            "Total Cost": 50870.31,
                            "Plan Rows": 1487231,
                            "Plan Width": 4,
                            "Actual Startup Time": 491.557,
                            "Actual Total Time": 491.558,
                            "Actual Rows": 1264156,
                            "Actual Loops": 2,
                            "Hash Buckets": 4194304,
                            "Original Hash Buckets": 4194304,
                            "Hash Batches": 1,
                            "Original Hash Batches": 1,
                            "Peak Memory Usage": 131712,
                            "Plans": [
                              {
                                "Node Type": "Seq Scan",
                                "Parent Relationship": "Outer",
                                "Parallel Aware": true,
                                "Relation Name": "title",
                                "Alias": "t",
                                "Startup Cost": 0.0,
                                "Total Cost": 50870.31,
                                "Plan Rows": 1487231,
                                "Plan Width": 4,
                                "Actual Startup Time": 0.04,
                                "Actual Total Time": 152.415,
                                "Actual Rows": 1264156,
                                "Actual Loops": 2
                              }
                            ]
                          }
                        ]
                      }
                    ]
                  }
                ]
              }
            ]
          }
        ]
      }
    ]
  },
  "Planning Time": 1.032,
  "Triggers": [],
  "Execution Time": 9660.203
}