[
  {
    "Plan": {
      "Node Type": "Aggregate",
      "Strategy": "Plain",
      "Partial Mode": "Finalize",
      "Parallel Aware": false,
      "Startup Cost": 46309.2,
      "Total Cost": 46309.21,
      "Plan Rows": 1,
      "Plan Width": 8,
      "Actual Startup Time": 160.366,
      "Actual Total Time": 170.041,
      "Actual Rows": 1,
      "Actual Loops": 1,
      "Plans": [
        {
          "Node Type": "Gather",
          "Parent Relationship": "Outer",
          "Parallel Aware": false,
          "Startup Cost": 46308.88,
          "Total Cost": 46309.19,
          "Plan Rows": 3,
          "Plan Width": 8,
          "Actual Startup Time": 160.259,
          "Actual Total Time": 170.033,
          "Actual Rows": 4,
          "Actual Loops": 1,
          "Workers Planned": 3,
          "Workers Launched": 3,
          "Single Copy": false,
          "Plans": [
            {
              "Node Type": "Aggregate",
              "Strategy": "Plain",
              "Partial Mode": "Partial",
              "Parent Relationship": "Outer",
              "Parallel Aware": false,
              "Startup Cost": 45308.88,
              "Total Cost": 45308.89,
              "Plan Rows": 1,
              "Plan Width": 8,
              "Actual Startup Time": 153.846,
              "Actual Total Time": 153.847,
              "Actual Rows": 1,
              "Actual Loops": 4,
              "Plans": [
                {
                  "Node Type": "Seq Scan",
                  "Parent Relationship": "Outer",
                  "Parallel Aware": true,
                  "Relation Name": "movie_keyword",
                  "Alias": "mk",
                  "Startup Cost": 0.0,
                  "Total Cost": 42695.65,
                  "Plan Rows": 1045291,
                  "Plan Width": 0,
                  "Actual Startup Time": 0.246,
                  "Actual Total Time": 118.736,
                  "Actual Rows": 807820,
                  "Actual Loops": 4,
                  "Filter": "(keyword_id > 1678)",
                  "Rows Removed by Filter": 323162
                }
              ]
            }
          ]
        }
      ]
    },
    "Planning Time": 0.181,
    "Triggers": [],
    "Execution Time": 170.095
  }
]