[
  {
    "Plan": {
      "Node Type": "Aggregate",
      "Strategy": "Plain",
      "Partial Mode": "Finalize",
      "Parallel Aware": false,
      "Startup Cost": 49387.52,
      "Total Cost": 49387.53,
      "Plan Rows": 1,
      "Plan Width": 8,
      "Actual Startup Time": 95.382,
      "Actual Total Time": 107.901,
      "Actual Rows": 1,
      "Actual Loops": 1,
      "Plans": [
        {
          "Node Type": "Gather",
          "Parent Relationship": "Outer",
          "Parallel Aware": false,
          "Startup Cost": 49387.1,
          "Total Cost": 49387.51,
          "Plan Rows": 4,
          "Plan Width": 8,
          "Actual Startup Time": 95.24,
          "Actual Total Time": 107.892,
          "Actual Rows": 5,
          "Actual Loops": 1,
          "Workers Planned": 4,
          "Workers Launched": 4,
          "Single Copy": false,
          "Plans": [
            {
              "Node Type": "Aggregate",
              "Strategy": "Plain",
              "Partial Mode": "Partial",
              "Parent Relationship": "Outer",
              "Parallel Aware": false,
              "Startup Cost": 48387.1,
              "Total Cost": 48387.11,
              "Plan Rows": 1,
              "Plan Width": 8,
              "Actual Startup Time": 88.235,
              "Actual Total Time": 88.237,
              "Actual Rows": 1,
              "Actual Loops": 5,
              "Plans": [
                {
                  "Node Type": "Nested Loop",
                  "Parent Relationship": "Outer",
                  "Parallel Aware": false,
                  "Join Type": "Inner",
                  "Startup Cost": 0.43,
                  "Total Cost": 48385.74,
                  "Plan Rows": 544,
                  "Plan Width": 0,
                  "Actual Startup Time": 38.064,
                  "Actual Total Time": 87.978,
                  "Actual Rows": 4988,
                  "Actual Loops": 5,
                  "Inner Unique": false,
                  "Plans": [
                    {
                      "Node Type": "Seq Scan",
                      "Parent Relationship": "Outer",
                      "Parallel Aware": true,
                      "Relation Name": "title",
                      "Alias": "t",
                      "Startup Cost": 0.0,
                      "Total Cost": 45479.59,
                      "Plan Rows": 304,
                      "Plan Width": 4,
                      "Actual Startup Time": 37.921,
                      "Actual Total Time": 79.434,
                      "Actual Rows": 557,
                      "Actual Loops": 5,
                      "Filter": "((kind_id < 7) AND (production_year = 1936))",
                      "Rows Removed by Filter": 505105
                    },
                    {
                      "Node Type": "Index Only Scan",
                      "Parent Relationship": "Inner",
                      "Parallel Aware": false,
                      "Scan Direction": "Forward",
                      "Index Name": "movie_id_movie_keyword",
                      "Relation Name": "movie_keyword",
                      "Alias": "mk",
                      "Startup Cost": 0.43,
                      "Total Cost": 9.1,
                      "Plan Rows": 46,
                      "Plan Width": 4,
                      "Actual Startup Time": 0.013,
                      "Actual Total Time": 0.014,
                      "Actual Rows": 9,
                      "Actual Loops": 2787,
                      "Index Cond": "(movie_id = t.id)",
                      "Rows Removed by Index Recheck": 0,
                      "Heap Fetches": 24942
                    }
                  ]
                }
              ]
            }
          ]
        }
      ]
    },
    "Planning Time": 0.3,
    "Triggers": [],
    "Execution Time": 107.943
  }
]