[
  {
    "Plan": {
      "Node Type": "Aggregate",
      "Strategy": "Plain",
      "Partial Mode": "Finalize",
      "Parallel Aware": false,
      "Startup Cost": 76204.86,
      "Total Cost": 76204.87,
      "Plan Rows": 1,
      "Plan Width": 8,
      "Actual Startup Time": 254.064,
      "Actual Total Time": 272.681,
      "Actual Rows": 1,
      "Actual Loops": 1,
      "Plans": [
        {
          "Node Type": "Gather",
          "Parent Relationship": "Outer",
          "Parallel Aware": false,
          "Startup Cost": 76204.54,
          "Total Cost": 76204.85,
          "Plan Rows": 3,
          "Plan Width": 8,
          "Actual Startup Time": 253.385,
          "Actual Total Time": 272.672,
          "Actual Rows": 4,
          "Actual Loops": 1,
          "Workers Planned": 3,
          "Workers Launched": 3,
          "Single Copy": false,
          "Plans": [
            {
              "Node Type": "Aggregate",
              "Strategy": "Plain",
              "Partial Mode": "Partial",
              "Parent Relationship": "Outer",
              "Parallel Aware": false,
              "Startup Cost": 75204.54,
              "Total Cost": 75204.55,
              "Plan Rows": 1,
              "Plan Width": 8,
              "Actual Startup Time": 244.76,
              "Actual Total Time": 244.764,
              "Actual Rows": 1,
              "Actual Loops": 4,
              "Plans": [
                {
                  "Node Type": "Hash Join",
                  "Parent Relationship": "Outer",
                  "Parallel Aware": true,
                  "Join Type": "Inner",
                  "Startup Cost": 45723.55,
                  "Total Cost": 75139.44,
                  "Plan Rows": 26041,
                  "Plan Width": 0,
                  "Actual Startup Time": 109.883,
                  "Actual Total Time": 244.313,
                  "Actual Rows": 8978,
                  "Actual Loops": 4,
                  "Inner Unique": true,
                  "Hash Cond": "(mc.movie_id = t.id)",
                  "Plans": [
                    {
                      "Node Type": "Seq Scan",
                      "Parent Relationship": "Outer",
                      "Parallel Aware": true,
                      "Relation Name": "movie_companies",
                      "Alias": "mc",
                      "Startup Cost": 0.0,
                      "Total Cost": 27206.55,
                      "Plan Rows": 841655,
                      "Plan Width": 4,
                      "Actual Startup Time": 0.02,
                      "Actual Total Time": 61.515,
                      "Actual Rows": 652282,
                      "Actual Loops": 4
                    },
                    {
                      "Node Type": "Hash",
                      "Parent Relationship": "Inner",
                      "Parallel Aware": true,
                      "Startup Cost": 45479.1,
                      "Total Cost": 45479.1,
                      "Plan Rows": 19556,
                      "Plan Width": 4,
                      "Actual Startup Time": 107.72,
                      "Actual Total Time": 107.722,
                      "Actual Rows": 21171,
                      "Actual Loops": 4,
                      "Hash Buckets": 131072,
                      "Original Hash Buckets": 131072,
                      "Hash Batches": 1,
                      "Original Hash Batches": 1,
                      "Peak Memory Usage": 4416,
                      "Plans": [
                        {
                          "Node Type": "Seq Scan",
                          "Parent Relationship": "Outer",
                          "Parallel Aware": true,
                          "Relation Name": "title",
                          "Alias": "t",
                          "Startup Cost": 0.0,
                          "Total Cost": 45479.1,
                          "Plan Rows": 19556,
                          "Plan Width": 4,
                          "Actual Startup Time": 0.064,
                          "Actual Total Time": 99.041,
                          "Actual Rows": 21171,
                          "Actual Loops": 4,
                          "Filter": "((kind_id = 7) AND (production_year = 2009))",
                          "Rows Removed by Filter": 610907
                        }
                      ]
                    }
                  ]
                }
              ]
            }
          ]
        }
      ]
    },
    "Planning Time": 0.648,
    "Triggers": [],
    "Execution Time": 272.782
  }
]