[
  {
    "Plan": {
      "Node Type": "Aggregate",
      "Strategy": "Plain",
      "Partial Mode": "Finalize",
      "Parallel Aware": false,
      "Startup Cost": 44962.8,
      "Total Cost": 44962.81,
      "Plan Rows": 1,
      "Plan Width": 8,
      "Actual Startup Time": 121.925,
      "Actual Total Time": 131.734,
      "Actual Rows": 1,
      "Actual Loops": 1,
      "Plans": [
        {
          "Node Type": "Gather",
          "Parent Relationship": "Outer",
          "Parallel Aware": false,
          "Startup Cost": 44962.48,
          "Total Cost": 44962.79,
          "Plan Rows": 3,
          "Plan Width": 8,
          "Actual Startup Time": 121.794,
          "Actual Total Time": 131.726,
          "Actual Rows": 4,
          "Actual Loops": 1,
          "Workers Planned": 3,
          "Workers Launched": 3,
          "Single Copy": false,
          "Plans": [
            {
              "Node Type": "Aggregate",
              "Strategy": "Plain",
              "Partial Mode": "Partial",
              "Parent Relationship": "Outer",
              "Parallel Aware": false,
              "Startup Cost": 43962.48,
              "Total Cost": 43962.49,
              "Plan Rows": 1,
              "Plan Width": 8,
              "Actual Startup Time": 117.583,
              "Actual Total Time": 117.584,
              "Actual Rows": 1,
              "Actual Loops": 4,
              "Plans": [
                {
                  "Node Type": "Seq Scan",
                  "Parent Relationship": "Outer",
                  "Parallel Aware": true,
                  "Relation Name": "movie_keyword",
                  "Alias": "mk",
                  "Startup Cost": 0.0,
                  "Total Cost": 42695.65,
                  "Plan Rows": 506730,
                  "Plan Width": 0,
                  "Actual Startup Time": 0.929,
                  "Actual Total Time": 100.306,
                  "Actual Rows": 390727,
                  "Actual Loops": 4,
                  "Filter": "(keyword_id > 10041)",
                  "Rows Removed by Filter": 740256
                }
              ]
            }
          ]
        }
      ]
    },
    "Planning Time": 0.134,
    "Triggers": [],
    "Execution Time": 131.783
  }
]