[
  {
    "Plan": {
      "Node Type": "Aggregate",
      "Strategy": "Plain",
      "Partial Mode": "Finalize",
      "Parallel Aware": false,
      "Startup Cost": 229025.12,
      "Total Cost": 229025.13,
      "Plan Rows": 1,
      "Plan Width": 8,
      "Actual Startup Time": 233.494,
      "Actual Total Time": 250.443,
      "Actual Rows": 1,
      "Actual Loops": 1,
      "Plans": [
        {
          "Node Type": "Gather",
          "Parent Relationship": "Outer",
          "Parallel Aware": false,
          "Startup Cost": 229024.6,
          "Total Cost": 229025.11,
          "Plan Rows": 5,
          "Plan Width": 8,
          "Actual Startup Time": 231.404,
          "Actual Total Time": 250.435,
          "Actual Rows": 6,
          "Actual Loops": 1,
          "Workers Planned": 5,
          "Workers Launched": 5,
          "Single Copy": false,
          "Plans": [
            {
              "Node Type": "Aggregate",
              "Strategy": "Plain",
              "Partial Mode": "Partial",
              "Parent Relationship": "Outer",
              "Parallel Aware": false,
              "Startup Cost": 228024.6,
              "Total Cost": 228024.61,
              "Plan Rows": 1,
              "Plan Width": 8,
              "Actual Startup Time": 220.635,
              "Actual Total Time": 220.639,
              "Actual Rows": 1,
              "Actual Loops": 6,
              "Plans": [
                {
                  "Node Type": "Hash Join",
                  "Parent Relationship": "Outer",
                  "Parallel Aware": true,
                  "Join Type": "Inner",
                  "Startup Cost": 63134.76,
                  "Total Cost": 227995.84,
                  "Plan Rows": 11502,
                  "Plan Width": 0,
                  "Actual Startup Time": 145.352,
                  "Actual Total Time": 219.622,
                  "Actual Rows": 17992,
                  "Actual Loops": 6,
                  "Inner Unique": true,
                  "Hash Cond": "(mi.movie_id = t.id)",
                  "Plans": [
                    {
                      "Node Type": "Bitmap Heap Scan",
                      "Parent Relationship": "Outer",
                      "Parallel Aware": true,
                      "Relation Name": "movie_info",
                      "Alias": "mi",
                      "Startup Cost": 17176.41,
                      "Total Cost": 181539.73,
                      "Plan Rows": 189625,
                      "Plan Width": 4,
                      "Actual Startup Time": 39.378,
                      "Actual Total Time": 103.021,
                      "Actual Rows": 150057,
                      "Actual Loops": 6,
                      "Recheck Cond": "(info_type_id > 94)",
                      "Rows Removed by Index Recheck": 0,
                      "Exact Heap Blocks": 9560,
                      "Lossy Heap Blocks": 0,
                      "Plans": [
                        {
                          "Node Type": "Bitmap Index Scan",
                          "Parent Relationship": "Outer",
                          "Parallel Aware": false,
                          "Index Name": "info_type_id_movie_info",
                          "Startup Cost": 0.0,
                          "Total Cost": 16939.38,
                          "Plan Rows": 948126,
                          "Plan Width": 0,
                          "Actual Startup Time": 33.95,
                          "Actual Total Time": 33.951,
                          "Actual Rows": 900340,
                          "Actual Loops": 1,
                          "Index Cond": "(info_type_id > 94)"
                        }
                      ]
                    },
                    {
                      "Node Type": "Hash",
                      "Parent Relationship": "Inner",
                      "Parallel Aware": true,
                      "Startup Cost": 45479.1,
                      "Total Cost": 45479.1,
                      "Plan Rows": 38340,
                      "Plan Width": 4,
                      "Actual Startup Time": 87.178,
                      "Actual Total Time": 87.179,
                      "Actual Rows": 22460,
                      "Actual Loops": 6,
                      "Hash Buckets": 262144,
                      "Original Hash Buckets": 262144,
                      "Hash Batches": 1,
                      "Original Hash Batches": 1,
                      "Peak Memory Usage": 7424,
                      "Plans": [
                        {
                          "Node Type": "Seq Scan",
                          "Parent Relationship": "Outer",
                          "Parallel Aware": true,
                          "Relation Name": "title",
                          "Alias": "t",
                          "Startup Cost": 0.0,
                          "Total Cost": 45479.1,
                          "Plan Rows": 38340,
                          "Plan Width": 4,
                          "Actual Startup Time": 0.081,
                          "Actual Total Time": 78.38,
                          "Actual Rows": 22460,
                          "Actual Loops": 6,
                          "Filter": "((kind_id < 7) AND (production_year > 2010))",
                          "Rows Removed by Filter": 398925
                        }
                      ]
                    }
                  ]
                }
              ]
            }
          ]
        }
      ]
    },
    "Planning Time": 0.597,
    "Triggers": [],
    "Execution Time": 250.534
  }
]