[
  {
    "Plan": {
      "Node Type": "Aggregate",
      "Strategy": "Plain",
      "Partial Mode": "Finalize",
      "Parallel Aware": false,
      "Startup Cost": 58510.37,
      "Total Cost": 58510.38,
      "Plan Rows": 1,
      "Plan Width": 8,
      "Actual Startup Time": 104.341,
      "Actual Total Time": 118.445,
      "Actual Rows": 1,
      "Actual Loops": 1,
      "Plans": [
        {
          "Node Type": "Gather",
          "Parent Relationship": "Outer",
          "Parallel Aware": false,
          "Startup Cost": 58509.95,
          "Total Cost": 58510.36,
          "Plan Rows": 4,
          "Plan Width": 8,
          "Actual Startup Time": 104.219,
          "Actual Total Time": 118.439,
          "Actual Rows": 5,
          "Actual Loops": 1,
          "Workers Planned": 4,
          "Workers Launched": 4,
          "Single Copy": false,
          "Plans": [
            {
              "Node Type": "Aggregate",
              "Strategy": "Plain",
              "Partial Mode": "Partial",
              "Parent Relationship": "Outer",
              "Parallel Aware": false,
              "Startup Cost": 57509.95,
              "Total Cost": 57509.96,
              "Plan Rows": 1,
              "Plan Width": 8,
              "Actual Startup Time": 94.924,
              "Actual Total Time": 94.926,
              "Actual Rows": 1,
              "Actual Loops": 5,
              "Plans": [
                {
                  "Node Type": "Nested Loop",
                  "Parent Relationship": "Outer",
                  "Parallel Aware": false,
                  "Join Type": "Inner",
                  "Startup Cost": 0.43,
                  "Total Cost": 57505.27,
                  "Plan Rows": 1872,
                  "Plan Width": 0,
                  "Actual Startup Time": 60.014,
                  "Actual Total Time": 94.677,
                  "Actual Rows": 5000,
                  "Actual Loops": 5,
                  "Inner Unique": false,
                  "Plans": [
                    {
                      "Node Type": "Seq Scan",
                      "Parent Relationship": "Outer",
                      "Parallel Aware": true,
                      "Relation Name": "title",
                      "Alias": "t",
                      "Startup Cost": 0.0,
                      "Total Cost": 45479.1,
                      "Plan Rows": 1360,
                      "Plan Width": 4,
                      "Actual Startup Time": 59.023,
                      "Actual Total Time": 83.441,
                      "Actual Rows": 972,
                      "Actual Loops": 5,
                      "Filter": "((kind_id = 1) AND (production_year = 1988))",
                      "Rows Removed by Filter": 504690
                    },
                    {
                      "Node Type": "Index Scan",
                      "Parent Relationship": "Inner",
                      "Parallel Aware": false,
                      "Scan Direction": "Forward",
                      "Index Name": "movie_id_movie_keyword",
                      "Relation Name": "movie_keyword",
                      "Alias": "mk",
                      "Startup Cost": 0.43,
                      "Total Cost": 8.49,
                      "Plan Rows": 35,
                      "Plan Width": 4,
                      "Actual Startup Time": 0.01,
                      "Actual Total Time": 0.011,
                      "Actual Rows": 5,
                      "Actual Loops": 4860,
                      "Index Cond": "(movie_id = t.id)",
                      "Rows Removed by Index Recheck": 0,
                      "Filter": "(keyword_id < 16954)",
                      "Rows Removed by Filter": 1
                    }
                  ]
                }
              ]
            }
          ]
        }
      ]
    },
    "Planning Time": 0.559,
    "Triggers": [],
    "Execution Time": 118.507
  }
]