[
  {
    "Plan": {
      "Node Type": "Aggregate",
      "Strategy": "Plain",
      "Partial Mode": "Finalize",
      "Parallel Aware": false,
      "Startup Cost": 32258.19,
      "Total Cost": 32258.2,
      "Plan Rows": 1,
      "Plan Width": 8,
      "Actual Startup Time": 147.411,
      "Actual Total Time": 158.34,
      "Actual Rows": 1,
      "Actual Loops": 1,
      "Plans": [
        {
          "Node Type": "Gather",
          "Parent Relationship": "Outer",
          "Parallel Aware": false,
          "Startup Cost": 32257.88,
          "Total Cost": 32258.19,
          "Plan Rows": 3,
          "Plan Width": 8,
          "Actual Startup Time": 147.29,
          "Actual Total Time": 158.332,
          "Actual Rows": 4,
          "Actual Loops": 1,
          "Workers Planned": 3,
          "Workers Launched": 3,
          "Single Copy": false,
          "Plans": [
            {
              "Node Type": "Aggregate",
              "Strategy": "Plain",
              "Partial Mode": "Partial",
              "Parent Relationship": "Outer",
              "Parallel Aware": false,
              "Startup Cost": 31257.88,
              "Total Cost": 31257.89,
              "Plan Rows": 1,
              "Plan Width": 8,
              "Actual Startup Time": 138.624,
              "Actual Total Time": 138.625,
              "Actual Rows": 1,
              "Actual Loops": 4,
              "Plans": [
                {
                  "Node Type": "Seq Scan",
                  "Parent Relationship": "Outer",
                  "Parallel Aware": true,
                  "Relation Name": "movie_companies",
                  "Alias": "mc",
                  "Startup Cost": 0.0,
                  "Total Cost": 29310.68,
                  "Plan Rows": 778878,
                  "Plan Width": 0,
                  "Actual Startup Time": 0.046,
                  "Actual Total Time": 102.444,
                  "Actual Rows": 605087,
                  "Actual Loops": 4,
                  "Filter": "(company_id < 117066)",
                  "Rows Removed by Filter": 47196
                }
              ]
            }
          ]
        }
      ]
    },
    "Planning Time": 0.166,
    "Triggers": [],
    "Execution Time": 158.391
  }
]