[
  {
    "Plan": {
      "Node Type": "Aggregate",
      "Strategy": "Plain",
      "Partial Mode": "Finalize",
      "Parallel Aware": false,
      "Startup Cost": 61737.73,
      "Total Cost": 61737.74,
      "Plan Rows": 1,
      "Plan Width": 8,
      "Actual Startup Time": 188.974,
      "Actual Total Time": 202.352,
      "Actual Rows": 1,
      "Actual Loops": 1,
      "Plans": [
        {
          "Node Type": "Gather",
          "Parent Relationship": "Outer",
          "Parallel Aware": false,
          "Startup Cost": 61737.51,
          "Total Cost": 61737.72,
          "Plan Rows": 2,
          "Plan Width": 8,
          "Actual Startup Time": 188.719,
          "Actual Total Time": 202.346,
          "Actual Rows": 3,
          "Actual Loops": 1,
          "Workers Planned": 2,
          "Workers Launched": 2,
          "Single Copy": false,
          "Plans": [
            {
              "Node Type": "Aggregate",
              "Strategy": "Plain",
              "Partial Mode": "Partial",
              "Parent Relationship": "Outer",
              "Parallel Aware": false,
              "Startup Cost": 60737.51,
              "Total Cost": 60737.52,
              "Plan Rows": 1,
              "Plan Width": 8,
              "Actual Startup Time": 181.199,
              "Actual Total Time": 181.202,
              "Actual Rows": 1,
              "Actual Loops": 3,
              "Plans": [
                {
                  "Node Type": "Hash Join",
                  "Parent Relationship": "Outer",
                  "Parallel Aware": true,
                  "Join Type": "Inner",
                  "Startup Cost": 45533.12,
                  "Total Cost": 60727.68,
                  "Plan Rows": 3932,
                  "Plan Width": 0,
                  "Actual Startup Time": 140.036,
                  "Actual Total Time": 181.106,
                  "Actual Rows": 1487,
                  "Actual Loops": 3,
                  "Inner Unique": true,
                  "Hash Cond": "(mi_idx.movie_id = t.id)",
                  "Plans": [
                    {
                      "Node Type": "Seq Scan",
                      "Parent Relationship": "Outer",
                      "Parallel Aware": true,
                      "Relation Name": "movie_info_idx",
                      "Alias": "mi_idx",
                      "Startup Cost": 0.0,
                      "Total Cost": 13685.15,
                      "Plan Rows": 575015,
                      "Plan Width": 4,
                      "Actual Startup Time": 0.024,
                      "Actual Total Time": 34.367,
                      "Actual Rows": 460012,
                      "Actual Loops": 3
                    },
                    {
                      "Node Type": "Hash",
                      "Parent Relationship": "Inner",
                      "Parallel Aware": true,
                      "Startup Cost": 45479.1,
                      "Total Cost": 45479.1,
                      "Plan Rows": 4322,
                      "Plan Width": 4,
                      "Actual Startup Time": 111.243,
                      "Actual Total Time": 111.244,
                      "Actual Rows": 6268,
                      "Actual Loops": 3,
                      "Hash Buckets": 32768,
                      "Original Hash Buckets": 32768,
                      "Hash Batches": 1,
                      "Original Hash Batches": 1,
                      "Peak Memory Usage": 1024,
                      "Plans": [
                        {
                          "Node Type": "Seq Scan",
                          "Parent Relationship": "Outer",
                          "Parallel Aware": true,
                          "Relation Name": "title",
                          "Alias": "t",
                          "Startup Cost": 0.0,
                          "Total Cost": 45479.1,
                          "Plan Rows": 4322,
                          "Plan Width": 4,
                          "Actual Startup Time": 67.445,
                          "Actual Total Time": 108.987,
                          "Actual Rows": 6268,
                          "Actual Loops": 3,
                          "Filter": "((kind_id < 2) AND (production_year = 2013))",
                          "Rows Removed by Filter": 836503
                        }
                      ]
                    }
                  ]
                }
              ]
            }
          ]
        }
      ]
    },
    "Planning Time": 0.53,
    "Triggers": [],
    "Execution Time": 202.414
  }
]