[
  {
    "Plan": {
      "Node Type": "Aggregate",
      "Strategy": "Plain",
      "Partial Mode": "Finalize",
      "Parallel Aware": false,
      "Startup Cost": 48048.39,
      "Total Cost": 48048.4,
      "Plan Rows": 1,
      "Plan Width": 8,
      "Actual Startup Time": 42.654,
      "Actual Total Time": 47.581,
      "Actual Rows": 1,
      "Actual Loops": 1,
      "Plans": [
        {
          "Node Type": "Gather",
          "Parent Relationship": "Outer",
          "Parallel Aware": false,
          "Startup Cost": 48048.07,
          "Total Cost": 48048.38,
          "Plan Rows": 3,
          "Plan Width": 8,
          "Actual Startup Time": 42.479,
          "Actual Total Time": 47.573,
          "Actual Rows": 4,
          "Actual Loops": 1,
          "Workers Planned": 3,
          "Workers Launched": 3,
          "Single Copy": false,
          "Plans": [
            {
              "Node Type": "Aggregate",
              "Strategy": "Plain",
              "Partial Mode": "Partial",
              "Parent Relationship": "Outer",
              "Parallel Aware": false,
              "Startup Cost": 47048.07,
              "Total Cost": 47048.08,
              "Plan Rows": 1,
              "Plan Width": 8,
              "Actual Startup Time": 33.078,
              "Actual Total Time": 33.08,
              "Actual Rows": 1,
              "Actual Loops": 4,
              "Plans": [
                {
                  "Node Type": "Nested Loop",
                  "Parent Relationship": "Outer",
                  "Parallel Aware": false,
                  "Join Type": "Inner",
                  "Startup Cost": 298.38,
                  "Total Cost": 47044.0,
                  "Plan Rows": 1628,
                  "Plan Width": 0,
                  "Actual Startup Time": 2.272,
                  "Actual Total Time": 32.684,
                  "Actual Rows": 2872,
                  "Actual Loops": 4,
                  "Inner Unique": false,
                  "Plans": [
                    {
                      "Node Type": "Nested Loop",
                      "Parent Relationship": "Outer",
                      "Parallel Aware": false,
                      "Join Type": "Inner",
                      "Startup Cost": 297.94,
                      "Total Cost": 45114.24,
                      "Plan Rows": 278,
                      "Plan Width": 8,
                      "Actual Startup Time": 2.072,
                      "Actual Total Time": 21.998,
                      "Actual Rows": 220,
                      "Actual Loops": 4,
                      "Inner Unique": true,
                      "Plans": [
                        {
                          "Node Type": "Bitmap Heap Scan",
                          "Parent Relationship": "Outer",
                          "Parallel Aware": true,
                          "Relation Name": "movie_companies",
                          "Alias": "mc",
                          "Startup Cost": 297.51,
                          "Total Cost": 18440.69,
                          "Plan Rows": 4374,
                          "Plan Width": 4,
                          "Actual Startup Time": 1.382,
                          "Actual Total Time": 3.422,
                          "Actual Rows": 3094,
                          "Actual Loops": 4,
                          "Recheck Cond": "(company_id > 223271)",
                          "Rows Removed by Index Recheck": 0,
                          "Exact Heap Blocks": 286,
                          "Lossy Heap Blocks": 0,
                          "Plans": [
                            {
                              "Node Type": "Bitmap Index Scan",
                              "Parent Relationship": "Outer",
                              "Parallel Aware": false,
                              "Index Name": "company_id_movie_companies",
                              "Startup Cost": 0.0,
                              "Total Cost": 294.12,
                              "Plan Rows": 13559,
                              "Plan Width": 0,
                              "Actual Startup Time": 4.875,
                              "Actual Total Time": 4.875,
                              "Actual Rows": 12378,
                              "Actual Loops": 1,
                              "Index Cond": "(company_id > 223271)"
                            }
                          ]
                        },
                        {
                          "Node Type": "Index Scan",
                          "Parent Relationship": "Inner",
                          "Parallel Aware": false,
                          "Scan Direction": "Forward",
                          "Index Name": "title_pkey",
                          "Relation Name": "title",
                          "Alias": "t",
                          "Startup Cost": 0.43,
                          "Total Cost": 6.1,
                          "Plan Rows": 1,
                          "Plan Width": 4,
                          "Actual Startup Time": 0.006,
                          "Actual Total Time": 0.006,
                          "Actual Rows": 0,
                          "Actual Loops": 12378,
                          "Index Cond": "(id = mc.movie_id)",
                          "Rows Removed by Index Recheck": 0,
                          "Filter": "(production_year = 2012)",
                          "Rows Removed by Filter": 1
                        }
                      ]
                    },
                    {
                      "Node Type": "Index Only Scan",
                      "Parent Relationship": "Inner",
                      "Parallel Aware": false,
                      "Scan Direction": "Forward",
                      "Index Name": "movie_id_movie_info",
                      "Relation Name": "movie_info",
                      "Alias": "mi",
                      "Startup Cost": 0.43,
                      "Total Cost": 6.52,
                      "Plan Rows": 42,
                      "Plan Width": 4,
                      "Actual Startup Time": 0.014,
                      "Actual Total Time": 0.046,
                      "Actual Rows": 13,
                      "Actual Loops": 878,
                      "Index Cond": "(movie_id = t.id)",
                      "Rows Removed by Index Recheck": 0,
                      "Heap Fetches": 11487
                    }
                  ]
                }
              ]
            }
          ]
        }
      ]
    },
    "Planning Time": 1.548,
    "Triggers": [],
    "Execution Time": 47.695
  }
]