[
  {
    "Plan": {
      "Node Type": "Aggregate",
      "Strategy": "Plain",
      "Partial Mode": "Finalize",
      "Parallel Aware": false,
      "Startup Cost": 45523.89,
      "Total Cost": 45523.9,
      "Plan Rows": 1,
      "Plan Width": 8,
      "Actual Startup Time": 162.343,
      "Actual Total Time": 169.312,
      "Actual Rows": 1,
      "Actual Loops": 1,
      "Plans": [
        {
          "Node Type": "Gather",
          "Parent Relationship": "Outer",
          "Parallel Aware": false,
          "Startup Cost": 45523.57,
          "Total Cost": 45523.88,
          "Plan Rows": 3,
          "Plan Width": 8,
          "Actual Startup Time": 162.198,
          "Actual Total Time": 169.304,
          "Actual Rows": 4,
          "Actual Loops": 1,
          "Workers Planned": 3,
          "Workers Launched": 3,
          "Single Copy": false,
          "Plans": [
            {
              "Node Type": "Aggregate",
              "Strategy": "Plain",
              "Partial Mode": "Partial",
              "Parent Relationship": "Outer",
              "Parallel Aware": false,
              "Startup Cost": 44523.57,
              "Total Cost": 44523.58,
              "Plan Rows": 1,
              "Plan Width": 8,
              "Actual Startup Time": 155.74,
              "Actual Total Time": 155.741,
              "Actual Rows": 1,
              "Actual Loops": 4,
              "Plans": [
                {
                  "Node Type": "Seq Scan",
                  "Parent Relationship": "Outer",
                  "Parallel Aware": true,
                  "Relation Name": "movie_keyword",
                  "Alias": "mk",
                  "Startup Cost": 0.0,
                  "Total Cost": 42695.65,
                  "Plan Rows": 731166,
                  "Plan Width": 0,
                  "Actual Startup Time": 0.359,
                  "Actual Total Time": 124.537,
                  "Actual Rows": 562981,
                  "Actual Loops": 4,
                  "Filter": "(keyword_id > 4777)",
                  "Rows Removed by Filter": 568002
                }
              ]
            }
          ]
        }
      ]
    },
    "Planning Time": 0.116,
    "Triggers": [],
    "Execution Time": 169.348
  }
]