[
  {
    "Plan": {
      "Node Type": "Aggregate",
      "Strategy": "Plain",
      "Partial Mode": "Finalize",
      "Parallel Aware": false,
      "Startup Cost": 45512.81,
      "Total Cost": 45512.82,
      "Plan Rows": 1,
      "Plan Width": 8,
      "Actual Startup Time": 155.412,
      "Actual Total Time": 164.963,
      "Actual Rows": 1,
      "Actual Loops": 1,
      "Plans": [
        {
          "Node Type": "Gather",
          "Parent Relationship": "Outer",
          "Parallel Aware": false,
          "Startup Cost": 45512.49,
          "Total Cost": 45512.8,
          "Plan Rows": 3,
          "Plan Width": 8,
          "Actual Startup Time": 155.275,
          "Actual Total Time": 164.954,
          "Actual Rows": 4,
          "Actual Loops": 1,
          "Workers Planned": 3,
          "Workers Launched": 3,
          "Single Copy": false,
          "Plans": [
            {
              "Node Type": "Aggregate",
              "Strategy": "Plain",
              "Partial Mode": "Partial",
              "Parent Relationship": "Outer",
              "Parallel Aware": false,
              "Startup Cost": 44512.49,
              "Total Cost": 44512.5,
              "Plan Rows": 1,
              "Plan Width": 8,
              "Actual Startup Time": 148.978,
              "Actual Total Time": 148.979,
              "Actual Rows": 1,
              "Actual Loops": 4,
              "Plans": [
                {
                  "Node Type": "Seq Scan",
                  "Parent Relationship": "Outer",
                  "Parallel Aware": true,
                  "Relation Name": "movie_keyword",
                  "Alias": "mk",
                  "Startup Cost": 0.0,
                  "Total Cost": 42695.65,
                  "Plan Rows": 726736,
                  "Plan Width": 0,
                  "Actual Startup Time": 0.712,
                  "Actual Total Time": 121.693,
                  "Actual Rows": 562981,
                  "Actual Loops": 4,
                  "Filter": "(keyword_id > 4777)",
                  "Rows Removed by Filter": 568002
                }
              ]
            }
          ]
        }
      ]
    },
    "Planning Time": 0.179,
    "Triggers": [],
    "Execution Time": 165.018
  }
]