[
  {
    "Plan": {
      "Node Type": "Aggregate",
      "Strategy": "Plain",
      "Partial Mode": "Finalize",
      "Parallel Aware": false,
      "Startup Cost": 78390.9,
      "Total Cost": 78390.91,
      "Plan Rows": 1,
      "Plan Width": 8,
      "Actual Startup Time": 448.919,
      "Actual Total Time": 469.204,
      "Actual Rows": 1,
      "Actual Loops": 1,
      "Plans": [
        {
          "Node Type": "Gather",
          "Parent Relationship": "Outer",
          "Parallel Aware": false,
          "Startup Cost": 78390.58,
          "Total Cost": 78390.89,
          "Plan Rows": 3,
          "Plan Width": 8,
          "Actual Startup Time": 432.592,
          "Actual Total Time": 469.194,
          "Actual Rows": 4,
          "Actual Loops": 1,
          "Workers Planned": 3,
          "Workers Launched": 3,
          "Single Copy": false,
          "Plans": [
            {
              "Node Type": "Aggregate",
              "Strategy": "Plain",
              "Partial Mode": "Partial",
              "Parent Relationship": "Outer",
              "Parallel Aware": false,
              "Startup Cost": 77390.58,
              "Total Cost": 77390.59,
              "Plan Rows": 1,
              "Plan Width": 8,
              "Actual Startup Time": 413.948,
              "Actual Total Time": 413.952,
              "Actual Rows": 1,
              "Actual Loops": 4,
              "Plans": [
                {
                  "Node Type": "Hash Join",
                  "Parent Relationship": "Outer",
                  "Parallel Aware": true,
                  "Join Type": "Inner",
                  "Startup Cost": 52362.55,
                  "Total Cost": 77309.16,
                  "Plan Rows": 32569,
                  "Plan Width": 0,
                  "Actual Startup Time": 359.465,
                  "Actual Total Time": 412.37,
                  "Actual Rows": 27886,
                  "Actual Loops": 4,
                  "Inner Unique": true,
                  "Hash Cond": "(mk.movie_id = t.id)",
                  "Plans": [
                    {
                      "Node Type": "Bitmap Heap Scan",
                      "Parent Relationship": "Outer",
                      "Parallel Aware": true,
                      "Relation Name": "movie_keyword",
                      "Alias": "mk",
                      "Startup Cost": 2142.9,
                      "Total Cost": 27004.02,
                      "Plan Rows": 32569,
                      "Plan Width": 4,
                      "Actual Startup Time": 10.634,
                      "Actual Total Time": 44.243,
                      "Actual Rows": 27886,
                      "Actual Loops": 4,
                      "Recheck Cond": "(keyword_id < 110)",
                      "Rows Removed by Index Recheck": 0,
                      "Exact Heap Blocks": 9159,
                      "Lossy Heap Blocks": 0,
                      "Plans": [
                        {
                          "Node Type": "Bitmap Index Scan",
                          "Parent Relationship": "Outer",
                          "Parallel Aware": false,
                          "Index Name": "keyword_id_movie_keyword",
                          "Startup Cost": 0.0,
                          "Total Cost": 2117.66,
                          "Plan Rows": 100964,
                          "Plan Width": 0,
                          "Actual Startup Time": 7.349,
                          "Actual Total Time": 7.349,
                          "Actual Rows": 111546,
                          "Actual Loops": 1,
                          "Index Cond": "(keyword_id < 110)"
                        }
                      ]
                    },
                    {
                      "Node Type": "Hash",
                      "Parent Relationship": "Inner",
                      "Parallel Aware": true,
                      "Startup Cost": 42318.73,
                      "Total Cost": 42318.73,
                      "Plan Rows": 632073,
                      "Plan Width": 4,
                      "Actual Startup Time": 337.719,
                      "Actual Total Time": 337.72,
                      "Actual Rows": 632078,
                      "Actual Loops": 4,
                      "Hash Buckets": 4194304,
                      "Original Hash Buckets": 4194304,
                      "Hash Batches": 1,
                      "Original Hash Batches": 1,
                      "Peak Memory Usage": 131744,
                      "Plans": [
                        {
                          "Node Type": "Seq Scan",
                          "Parent Relationship": "Outer",
                          "Parallel Aware": true,
                          "Relation Name": "title",
                          "Alias": "t",
                          "Startup Cost": 0.0,
                          "Total Cost": 42318.73,
                          "Plan Rows": 632073,
                          "Plan Width": 4,
                          "Actual Startup Time": 0.031,
                          "Actual Total Time": 102.692,
                          "Actual Rows": 632078,
                          "Actual Loops": 4
                        }
                      ]
                    }
                  ]
                }
              ]
            }
          ]
        }
      ]
    },
    "Planning Time": 0.6,
    "Triggers": [],
    "Execution Time": 469.294
  }
]