[
  {
    "Plan": {
      "Node Type": "Aggregate",
      "Strategy": "Plain",
      "Partial Mode": "Finalize",
      "Parallel Aware": false,
      "Startup Cost": 33224.71,
      "Total Cost": 33224.72,
      "Plan Rows": 1,
      "Plan Width": 8,
      "Actual Startup Time": 87.377,
      "Actual Total Time": 95.389,
      "Actual Rows": 1,
      "Actual Loops": 1,
      "Plans": [
        {
          "Node Type": "Gather",
          "Parent Relationship": "Outer",
          "Parallel Aware": false,
          "Startup Cost": 33224.39,
          "Total Cost": 33224.7,
          "Plan Rows": 3,
          "Plan Width": 8,
          "Actual Startup Time": 87.201,
          "Actual Total Time": 95.381,
          "Actual Rows": 4,
          "Actual Loops": 1,
          "Workers Planned": 3,
          "Workers Launched": 3,
          "Single Copy": false,
          "Plans": [
            {
              "Node Type": "Aggregate",
              "Strategy": "Plain",
              "Partial Mode": "Partial",
              "Parent Relationship": "Outer",
              "Parallel Aware": false,
              "Startup Cost": 32224.39,
              "Total Cost": 32224.4,
              "Plan Rows": 1,
              "Plan Width": 8,
              "Actual Startup Time": 82.486,
              "Actual Total Time": 82.486,
              "Actual Rows": 1,
              "Actual Loops": 4,
              "Plans": [
                {
                  "Node Type": "Seq Scan",
                  "Parent Relationship": "Outer",
                  "Parallel Aware": true,
                  "Relation Name": "movie_companies",
                  "Alias": "mc",
                  "Startup Cost": 0.0,
                  "Total Cost": 31414.82,
                  "Plan Rows": 323829,
                  "Plan Width": 0,
                  "Actual Startup Time": 0.111,
                  "Actual Total Time": 72.299,
                  "Actual Rows": 216797,
                  "Actual Loops": 4,
                  "Filter": "((company_id > 565) AND (company_type_id < 2))",
                  "Rows Removed by Filter": 435486
                }
              ]
            }
          ]
        }
      ]
    },
    "Planning Time": 0.067,
    "Triggers": [],
    "Execution Time": 95.412
  }
]