[
  {
    "Plan": {
      "Node Type": "Aggregate",
      "Strategy": "Plain",
      "Partial Mode": "Finalize",
      "Parallel Aware": false,
      "Startup Cost": 350443.36,
      "Total Cost": 350443.37,
      "Plan Rows": 1,
      "Plan Width": 8,
      "Actual Startup Time": 865.609,
      "Actual Total Time": 921.651,
      "Actual Rows": 1,
      "Actual Loops": 1,
      "Plans": [
        {
          "Node Type": "Gather",
          "Parent Relationship": "Outer",
          "Parallel Aware": false,
          "Startup Cost": 350442.74,
          "Total Cost": 350443.35,
          "Plan Rows": 6,
          "Plan Width": 8,
          "Actual Startup Time": 865.306,
          "Actual Total Time": 921.637,
          "Actual Rows": 7,
          "Actual Loops": 1,
          "Workers Planned": 6,
          "Workers Launched": 6,
          "Single Copy": false,
          "Plans": [
            {
              "Node Type": "Aggregate",
              "Strategy": "Plain",
              "Partial Mode": "Partial",
              "Parent Relationship": "Outer",
              "Parallel Aware": false,
              "Startup Cost": 349442.74,
              "Total Cost": 349442.75,
              "Plan Rows": 1,
              "Plan Width": 8,
              "Actual Startup Time": 856.995,
              "Actual Total Time": 856.996,
              "Actual Rows": 1,
              "Actual Loops": 7,
              "Plans": [
                {
                  "Node Type": "Seq Scan",
                  "Parent Relationship": "Outer",
                  "Parallel Aware": true,
                  "Relation Name": "cast_info",
                  "Alias": "ci",
                  "Startup Cost": 0.0,
                  "Total Cost": 343316.27,
                  "Plan Rows": 2450586,
                  "Plan Width": 0,
                  "Actual Startup Time": 224.104,
                  "Actual Total Time": 718.529,
                  "Actual Rows": 2821569,
                  "Actual Loops": 7,
                  "Filter": "((person_id > 1356166) AND (role_id > 1))",
                  "Rows Removed by Filter": 2356195
                }
              ]
            }
          ]
        }
      ]
    },
    "Planning Time": 0.233,
    "Triggers": [],
    "Execution Time": 921.723
  }
]