[
  {
    "Plan": {
      "Node Type": "Aggregate",
      "Strategy": "Plain",
      "Partial Mode": "Finalize",
      "Parallel Aware": false,
      "Startup Cost": 350399.37,
      "Total Cost": 350399.38,
      "Plan Rows": 1,
      "Plan Width": 8,
      "Actual Startup Time": 917.266,
      "Actual Total Time": 984.476,
      "Actual Rows": 1,
      "Actual Loops": 1,
      "Plans": [
        {
          "Node Type": "Gather",
          "Parent Relationship": "Outer",
          "Parallel Aware": false,
          "Startup Cost": 350398.75,
          "Total Cost": 350399.36,
          "Plan Rows": 6,
          "Plan Width": 8,
          "Actual Startup Time": 917.151,
          "Actual Total Time": 984.464,
          "Actual Rows": 7,
          "Actual Loops": 1,
          "Workers Planned": 6,
          "Workers Launched": 6,
          "Single Copy": false,
          "Plans": [
            {
              "Node Type": "Aggregate",
              "Strategy": "Plain",
              "Partial Mode": "Partial",
              "Parent Relationship": "Outer",
              "Parallel Aware": false,
              "Startup Cost": 349398.75,
              "Total Cost": 349398.76,
              "Plan Rows": 1,
              "Plan Width": 8,
              "Actual Startup Time": 907.885,
              "Actual Total Time": 907.886,
              "Actual Rows": 1,
              "Actual Loops": 7,
              "Plans": [
                {
                  "Node Type": "Seq Scan",
                  "Parent Relationship": "Outer",
                  "Parallel Aware": true,
                  "Relation Name": "cast_info",
                  "Alias": "ci",
                  "Startup Cost": 0.0,
                  "Total Cost": 343257.03,
                  "Plan Rows": 2456688,
                  "Plan Width": 0,
                  "Actual Startup Time": 239.363,
                  "Actual Total Time": 768.677,
                  "Actual Rows": 2821569,
                  "Actual Loops": 7,
                  "Filter": "((person_id > 1356166) AND (role_id > 1))",
                  "Rows Removed by Filter": 2356195
                }
              ]
            }
          ]
        }
      ]
    },
    "Planning Time": 0.229,
    "Triggers": [],
    "Execution Time": 984.551
  }
]