[
  {
    "Plan": {
      "Node Type": "Aggregate",
      "Strategy": "Plain",
      "Partial Mode": "Finalize",
      "Parallel Aware": false,
      "Startup Cost": 20745.71,
      "Total Cost": 20745.72,
      "Plan Rows": 1,
      "Plan Width": 8,
      "Actual Startup Time": 31.776,
      "Actual Total Time": 35.656,
      "Actual Rows": 1,
      "Actual Loops": 1,
      "Plans": [
        {
          "Node Type": "Gather",
          "Parent Relationship": "Outer",
          "Parallel Aware": false,
          "Startup Cost": 20745.5,
          "Total Cost": 20745.71,
          "Plan Rows": 2,
          "Plan Width": 8,
          "Actual Startup Time": 31.538,
          "Actual Total Time": 35.649,
          "Actual Rows": 3,
          "Actual Loops": 1,
          "Workers Planned": 2,
          "Workers Launched": 2,
          "Single Copy": false,
          "Plans": [
            {
              "Node Type": "Aggregate",
              "Strategy": "Plain",
              "Partial Mode": "Partial",
              "Parent Relationship": "Outer",
              "Parallel Aware": false,
              "Startup Cost": 19745.5,
              "Total Cost": 19745.51,
              "Plan Rows": 1,
              "Plan Width": 8,
              "Actual Startup Time": 23.483,
              "Actual Total Time": 23.485,
              "Actual Rows": 1,
              "Actual Loops": 3,
              "Plans": [
                {
                  "Node Type": "Nested Loop",
                  "Parent Relationship": "Outer",
                  "Parallel Aware": false,
                  "Join Type": "Inner",
                  "Startup Cost": 111.97,
                  "Total Cost": 19744.48,
                  "Plan Rows": 408,
                  "Plan Width": 0,
                  "Actual Startup Time": 0.94,
                  "Actual Total Time": 23.294,
                  "Actual Rows": 1066,
                  "Actual Loops": 3,
                  "Inner Unique": true,
                  "Plans": [
                    {
                      "Node Type": "Bitmap Heap Scan",
                      "Parent Relationship": "Outer",
                      "Parallel Aware": true,
                      "Relation Name": "movie_companies",
                      "Alias": "mc",
                      "Startup Cost": 111.54,
                      "Total Cost": 11563.97,
                      "Plan Rows": 1045,
                      "Plan Width": 4,
                      "Actual Startup Time": 0.751,
                      "Actual Total Time": 4.879,
                      "Actual Rows": 1863,
                      "Actual Loops": 3,
                      "Recheck Cond": "(company_id = 93)",
                      "Rows Removed by Index Recheck": 0,
                      "Filter": "(company_type_id < 2)",
                      "Rows Removed by Filter": 159,
                      "Exact Heap Blocks": 1882,
                      "Lossy Heap Blocks": 0,
                      "Plans": [
                        {
                          "Node Type": "Bitmap Index Scan",
                          "Parent Relationship": "Outer",
                          "Parallel Aware": false,
                          "Index Name": "company_id_movie_companies",
                          "Startup Cost": 0.0,
                          "Total Cost": 110.91,
                          "Plan Rows": 5131,
                          "Plan Width": 0,
                          "Actual Startup Time": 1.279,
                          "Actual Total Time": 1.279,
                          "Actual Rows": 6067,
                          "Actual Loops": 1,
                          "Index Cond": "(company_id = 93)"
                        }
                      ]
                    },
                    {
                      "Node Type": "Index Scan",
                      "Parent Relationship": "Inner",
                      "Parallel Aware": false,
                      "Scan Direction": "Forward",
                      "Index Name": "title_pkey",
                      "Relation Name": "title",
                      "Alias": "t",
                      "Startup Cost": 0.43,
                      "Total Cost": 7.83,
                      "Plan Rows": 1,
                      "Plan Width": 4,
                      "Actual Startup Time": 0.009,
                      "Actual Total Time": 0.009,
                      "Actual Rows": 1,
                      "Actual Loops": 5589,
                      "Index Cond": "(id = mc.movie_id)",
                      "Rows Removed by Index Recheck": 0,
                      "Filter": "(kind_id < 7)",
                      "Rows Removed by Filter": 0
                    }
                  ]
                }
              ]
            }
          ]
        }
      ]
    },
    "Planning Time": 0.649,
    "Triggers": [],
    "Execution Time": 35.752
  }
]