[
    {
        "Bao": {
            "Bao prediction": "NaN",
            "Bao recommended hint": "(no hint)"
        }
    },
    {
        "Plan": {
            "Node Type": "Aggregate",
            "Strategy": "Plain",
            "Partial Mode": "Finalize",
            "Parallel Aware": false,
            "Startup Cost": 76258.5,
            "Total Cost": 76258.51,
            "Plan Rows": 1,
            "Plan Width": 8,
            "Actual Startup Time": 175.169,
            "Actual Total Time": 185.247,
            "Actual Rows": 1,
            "Actual Loops": 1,
            "Output": [
                "count(*)"
            ],
            "Plans": [
                {
                    "Node Type": "Gather",
                    "Parent Relationship": "Outer",
                    "Parallel Aware": false,
                    "Startup Cost": 76258.18,
                    "Total Cost": 76258.49,
                    "Plan Rows": 3,
                    "Plan Width": 8,
                    "Actual Startup Time": 174.607,
                    "Actual Total Time": 185.239,
                    "Actual Rows": 4,
                    "Actual Loops": 1,
                    "Output": [
                        "(PARTIAL count(*))"
                    ],
                    "Workers Planned": 3,
                    "Workers Launched": 3,
                    "Single Copy": false,
                    "Plans": [
                        {
                            "Node Type": "Aggregate",
                            "Strategy": "Plain",
                            "Partial Mode": "Partial",
                            "Parent Relationship": "Outer",
                            "Parallel Aware": false,
                            "Startup Cost": 75258.18,
                            "Total Cost": 75258.19,
                            "Plan Rows": 1,
                            "Plan Width": 8,
                            "Actual Startup Time": 165.503,
                            "Actual Total Time": 165.506,
                            "Actual Rows": 1,
                            "Actual Loops": 4,
                            "Output": [
                                "PARTIAL count(*)"
                            ],
                            "Workers": [
                                {
                                    "Worker Number": 0,
                                    "Actual Startup Time": 162.333,
                                    "Actual Total Time": 162.338,
                                    "Actual Rows": 1,
                                    "Actual Loops": 1
                                },
                                {
                                    "Worker Number": 1,
                                    "Actual Startup Time": 162.821,
                                    "Actual Total Time": 162.824,
                                    "Actual Rows": 1,
                                    "Actual Loops": 1
                                },
                                {
                                    "Worker Number": 2,
                                    "Actual Startup Time": 162.972,
                                    "Actual Total Time": 162.974,
                                    "Actual Rows": 1,
                                    "Actual Loops": 1
                                }
                            ],
                            "Plans": [
                                {
                                    "Node Type": "Hash Join",
                                    "Parent Relationship": "Outer",
                                    "Parallel Aware": true,
                                    "Join Type": "Inner",
                                    "Startup Cost": 49531.48,
                                    "Total Cost": 75255.23,
                                    "Plan Rows": 1181,
                                    "Plan Width": 0,
                                    "Actual Startup Time": 111.688,
                                    "Actual Total Time": 165.386,
                                    "Actual Rows": 1081,
                                    "Actual Loops": 4,
                                    "Inner Unique": true,
                                    "Hash Cond": "(mk.movie_id = t.id)",
                                    "Workers": [
                                        {
                                            "Worker Number": 0,
                                            "Actual Startup Time": 108.645,
                                            "Actual Total Time": 162.235,
                                            "Actual Rows": 658,
                                            "Actual Loops": 1
                                        },
                                        {
                                            "Worker Number": 1,
                                            "Actual Startup Time": 109.162,
                                            "Actual Total Time": 162.71,
                                            "Actual Rows": 1001,
                                            "Actual Loops": 1
                                        },
                                        {
                                            "Worker Number": 2,
                                            "Actual Startup Time": 108.968,
                                            "Actual Total Time": 162.858,
                                            "Actual Rows": 1027,
                                            "Actual Loops": 1
                                        }
                                    ],
                                    "Plans": [
                                        {
                                            "Node Type": "Bitmap Heap Scan",
                                            "Parent Relationship": "Outer",
                                            "Parallel Aware": true,
                                            "Relation Name": "movie_keyword",
                                            "Schema": "public",
                                            "Alias": "mk",
                                            "Startup Cost": 5521.34,
                                            "Total Cost": 31024.72,
                                            "Plan Rows": 83950,
                                            "Plan Width": 4,
                                            "Actual Startup Time": 17.625,
                                            "Actual Total Time": 61.386,
                                            "Actual Rows": 64082,
                                            "Actual Loops": 4,
                                            "Output": [
                                                "mk.id",
                                                "mk.movie_id",
                                                "mk.keyword_id"
                                            ],
                                            "Recheck Cond": "(mk.keyword_id < 228)",
                                            "Rows Removed by Index Recheck": 0,
                                            "Exact Heap Blocks": 9710,
                                            "Lossy Heap Blocks": 0,
                                            "Workers": [
                                                {
                                                    "Worker Number": 0,
                                                    "Actual Startup Time": 17.687,
                                                    "Actual Total Time": 62.304,
                                                    "Actual Rows": 37289,
                                                    "Actual Loops": 1
                                                },
                                                {
                                                    "Worker Number": 1,
                                                    "Actual Startup Time": 17.651,
                                                    "Actual Total Time": 62.177,
                                                    "Actual Rows": 59157,
                                                    "Actual Loops": 1
                                                },
                                                {
                                                    "Worker Number": 2,
                                                    "Actual Startup Time": 17.651,
                                                    "Actual Total Time": 62.069,
                                                    "Actual Rows": 58867,
                                                    "Actual Loops": 1
                                                }
                                            ],
                                            "Plans": [
                                                {
                                                    "Node Type": "Bitmap Index Scan",
                                                    "Parent Relationship": "Outer",
                                                    "Parallel Aware": false,
                                                    "Index Name": "keyword_id_movie_keyword",
                                                    "Startup Cost": 0.0,
                                                    "Total Cost": 5456.28,
                                                    "Plan Rows": 260246,
                                                    "Plan Width": 0,
                                                    "Actual Startup Time": 14.03,
                                                    "Actual Total Time": 14.031,
                                                    "Actual Rows": 256327,
                                                    "Actual Loops": 1,
                                                    "Index Cond": "(mk.keyword_id < 228)"
                                                }
                                            ]
                                        },
                                        {
                                            "Node Type": "Hash",
                                            "Parent Relationship": "Inner",
                                            "Parallel Aware": true,
                                            "Startup Cost": 43899.01,
                                            "Total Cost": 43899.01,
                                            "Plan Rows": 8891,
                                            "Plan Width": 4,
                                            "Actual Startup Time": 92.457,
                                            "Actual Total Time": 92.458,
                                            "Actual Rows": 9127,
                                            "Actual Loops": 4,
                                            "Output": [
                                                "t.id"
                                            ],
                                            "Hash Buckets": 65536,
                                            "Original Hash Buckets": 65536,
                                            "Hash Batches": 1,
                                            "Original Hash Batches": 1,
                                            "Peak Memory Usage": 2016,
                                            "Workers": [
                                                {
                                                    "Worker Number": 0,
                                                    "Actual Startup Time": 90.246,
                                                    "Actual Total Time": 90.247,
                                                    "Actual Rows": 5597,
                                                    "Actual Loops": 1
                                                },
                                                {
                                                    "Worker Number": 1,
                                                    "Actual Startup Time": 90.767,
                                                    "Actual Total Time": 90.768,
                                                    "Actual Rows": 8362,
                                                    "Actual Loops": 1
                                                },
                                                {
                                                    "Worker Number": 2,
                                                    "Actual Startup Time": 90.882,
                                                    "Actual Total Time": 90.883,
                                                    "Actual Rows": 8310,
                                                    "Actual Loops": 1
                                                }
                                            ],
                                            "Plans": [
                                                {
                                                    "Node Type": "Seq Scan",
                                                    "Parent Relationship": "Outer",
                                                    "Parallel Aware": true,
                                                    "Relation Name": "title",
                                                    "Schema": "public",
                                                    "Alias": "t",
                                                    "Startup Cost": 0.0,
                                                    "Total Cost": 43899.01,
                                                    "Plan Rows": 8891,
                                                    "Plan Width": 4,
                                                    "Actual Startup Time": 0.079,
                                                    "Actual Total Time": 88.026,
                                                    "Actual Rows": 9127,
                                                    "Actual Loops": 4,
                                                    "Output": [
                                                        "t.id"
                                                    ],
                                                    "Filter": "(t.production_year = 1996)",
                                                    "Rows Removed by Filter": 622951,
                                                    "Workers": [
                                                        {
                                                            "Worker Number": 0,
                                                            "Actual Startup Time": 0.103,
                                                            "Actual Total Time": 85.556,
                                                            "Actual Rows": 5597,
                                                            "Actual Loops": 1
                                                        },
                                                        {
                                                            "Worker Number": 1,
                                                            "Actual Startup Time": 0.086,
                                                            "Actual Total Time": 86.645,
                                                            "Actual Rows": 8362,
                                                            "Actual Loops": 1
                                                        },
                                                        {
                                                            "Worker Number": 2,
                                                            "Actual Startup Time": 0.08,
                                                            "Actual Total Time": 86.713,
                                                            "Actual Rows": 8310,
                                                            "Actual Loops": 1
                                                        }
                                                    ]
                                                }
                                            ]
                                        }
                                    ]
                                }
                            ]
                        }
                    ]
                }
            ]
        },
        "Planning Time": 288.805,
        "Triggers": [],
        "Execution Time": 185.367
    }
]