{
  "Plan": {
    "Node Type": "Aggregate",
    "Strategy": "Plain",
    "Partial Mode": "Finalize",
    "Parallel Aware": false,
    "Startup Cost": 244482.5,
    "Total Cost": 244482.51,
    "Plan Rows": 1,
    "Plan Width": 8,
    "Actual Startup Time": 1171.576,
    "Actual Total Time": 1215.481,
    "Actual Rows": 1,
    "Actual Loops": 1,
    "Plans": [
      {
        "Node Type": "Gather",
        "Parent Relationship": "Outer",
        "Parallel Aware": false,
        "Startup Cost": 244482.38,
        "Total Cost": 244482.49,
        "Plan Rows": 1,
        "Plan Width": 8,
        "Actual Startup Time": 1169.711,
        "Actual Total Time": 1215.472,
        "Actual Rows": 2,
        "Actual Loops": 1,
        "Workers Planned": 1,
        "Workers Launched": 1,
        "Single Copy": false,
        "Plans": [
          {
            "Node Type": "Aggregate",
            "Strategy": "Plain",
            "Partial Mode": "Partial",
            "Parent Relationship": "Outer",
            "Parallel Aware": false,
            "Startup Cost": 243482.38,
            "Total Cost": 243482.39,
            "Plan Rows": 1,
            "Plan Width": 8,
            "Actual Startup Time": 1163.611,
            "Actual Total Time": 1163.616,
            "Actual Rows": 1,
            "Actual Loops": 2,
            "Plans": [
              {
                "Node Type": "Nested Loop",
                "Parent Relationship": "Outer",
                "Parallel Aware": false,
                "Join Type": "Inner",
                "Startup Cost": 57792.96,
                "Total Cost": 243410.95,
                "Plan Rows": 28574,
                "Plan Width": 0,
                "Actual Startup Time": 220.766,
                "Actual Total Time": 1157.033,
                "Actual Rows": 95654,
                "Actual Loops": 2,
                "Inner Unique": false,
                "Plans": [
                  {
                    "Node Type": "Hash Join",
                    "Parent Relationship": "Outer",
                    "Parallel Aware": true,
                    "Join Type": "Inner",
                    "Startup Cost": 57792.53,
                    "Total Cost": 76576.84,
                    "Plan Rows": 57311,
                    "Plan Width": 8,
                    "Actual Startup Time": 220.658,
                    "Actual Total Time": 326.239,
                    "Actual Rows": 96176,
                    "Actual Loops": 2,
                    "Inner Unique": true,
                    "Hash Cond": "(mi_idx.movie_id = t.id)",
                    "Plans": [
                      {
                        "Node Type": "Seq Scan",
                        "Parent Relationship": "Outer",
                        "Parallel Aware": true,
                        "Relation Name": "movie_info_idx",
                        "Alias": "mi_idx",
                        "Startup Cost": 0.0,
                        "Total Cost": 18082.32,
                        "Plan Rows": 267429,
                        "Plan Width": 4,
                        "Actual Startup Time": 0.022,
                        "Actual Total Time": 55.444,
                        "Actual Rows": 229962,
                        "Actual Loops": 2,
                        "Filter": "(info_type_id < 100)",
                        "Rows Removed by Filter": 460055
                      },
                      {
                        "Node Type": "Hash",
                        "Parent Relationship": "Inner",
                        "Parallel Aware": true,
                        "Startup Cost": 53808.56,
                        "Total Cost": 53808.56,
                        "Plan Rows": 318717,
                        "Plan Width": 4,
                        "Actual Startup Time": 171.816,
                        "Actual Total Time": 171.817,
                        "Actual Rows": 278660,
                        "Actual Loops": 2,
                        "Hash Buckets": 1048576,
                        "Original Hash Buckets": 1048576,
                        "Hash Batches": 1,
                        "Original Hash Batches": 1,
                        "Peak Memory Usage": 30048,
                        "Plans": [
                          {
                            "Node Type": "Bitmap Heap Scan",
                            "Parent Relationship": "Outer",
                            "Parallel Aware": true,
                            "Relation Name": "title",
                            "Alias": "t",
                            "Startup Cost": 11958.3,
                            "Total Cost": 53808.56,
                            "Plan Rows": 318717,
                            "Plan Width": 4,
                            "Actual Startup Time": 30.622,
                            "Actual Total Time": 100.464,
                            "Actual Rows": 278660,
                            "Actual Loops": 2,
                            "Recheck Cond": "(kind_id = 1)",
                            "Rows Removed by Index Recheck": 0,
                            "Filter": "(production_year < 2011)",
                            "Rows Removed by Filter": 52753,
                            "Exact Heap Blocks": 7670,
                            "Lossy Heap Blocks": 0,
                            "Plans": [
                              {
                                "Node Type": "Bitmap Index Scan",
                                "Parent Relationship": "Outer",
                                "Parallel Aware": false,
                                "Index Name": "kind_id_title",
                                "Startup Cost": 0.0,
                                "Total Cost": 11822.85,
                                "Plan Rows": 663256,
                                "Plan Width": 0,
                                "Actual Startup Time": 28.802,
                                "Actual Total Time": 28.802,
                                "Actual Rows": 662825,
                                "Actual Loops": 1,
                                "Index Cond": "(kind_id = 1)"
                              }
                            ]
                          }
                        ]
                      }
                    ]
                  },
                  {
                    "Node Type": "Index Scan",
                    "Parent Relationship": "Inner",
                    "Parallel Aware": false,
                    "Scan Direction": "Forward",
                    "Index Name": "movie_id_movie_info",
                    "Relation Name": "movie_info",
                    "Alias": "mi",
                    "Startup Cost": 0.43,
                    "Total Cost": 2.87,
                    "Plan Rows": 4,
                    "Plan Width": 4,
                    "Actual Startup Time": 0.007,
                    "Actual Total Time": 0.008,
                    "Actual Rows": 1,
                    "Actual Loops": 192353,
                    "Index Cond": "(movie_id = t.id)",
                    "Rows Removed by Index Recheck": 0,
                    "Filter": "(info_type_id = 2)",
                    "Rows Removed by Filter": 21
                  }
                ]
              }
            ]
          }
        ]
      }
    ]
  },
  "Planning Time": 1.072,
  "Triggers": [],
  "Execution Time": 1215.6
}