[
  {
    "Plan": {
      "Node Type": "Aggregate",
      "Strategy": "Plain",
      "Partial Mode": "Finalize",
      "Parallel Aware": false,
      "Startup Cost": 82825.58,
      "Total Cost": 82825.59,
      "Plan Rows": 1,
      "Plan Width": 8,
      "Actual Startup Time": 208.237,
      "Actual Total Time": 226.096,
      "Actual Rows": 1,
      "Actual Loops": 1,
      "Plans": [
        {
          "Node Type": "Gather",
          "Parent Relationship": "Outer",
          "Parallel Aware": false,
          "Startup Cost": 82825.27,
          "Total Cost": 82825.58,
          "Plan Rows": 3,
          "Plan Width": 8,
          "Actual Startup Time": 207.603,
          "Actual Total Time": 226.087,
          "Actual Rows": 4,
          "Actual Loops": 1,
          "Workers Planned": 3,
          "Workers Launched": 3,
          "Single Copy": false,
          "Plans": [
            {
              "Node Type": "Aggregate",
              "Strategy": "Plain",
              "Partial Mode": "Partial",
              "Parent Relationship": "Outer",
              "Parallel Aware": false,
              "Startup Cost": 81825.27,
              "Total Cost": 81825.28,
              "Plan Rows": 1,
              "Plan Width": 8,
              "Actual Startup Time": 198.512,
              "Actual Total Time": 198.515,
              "Actual Rows": 1,
              "Actual Loops": 4,
              "Plans": [
                {
                  "Node Type": "Hash Join",
                  "Parent Relationship": "Outer",
                  "Parallel Aware": true,
                  "Join Type": "Inner",
                  "Startup Cost": 55171.72,
                  "Total Cost": 81817.83,
                  "Plan Rows": 2975,
                  "Plan Width": 0,
                  "Actual Startup Time": 130.227,
                  "Actual Total Time": 198.478,
                  "Actual Rows": 280,
                  "Actual Loops": 4,
                  "Inner Unique": true,
                  "Hash Cond": "(mk.movie_id = t.id)",
                  "Plans": [
                    {
                      "Node Type": "Bitmap Heap Scan",
                      "Parent Relationship": "Outer",
                      "Parallel Aware": true,
                      "Relation Name": "movie_keyword",
                      "Alias": "mk",
                      "Startup Cost": 9530.45,
                      "Total Cost": 35796.11,
                      "Plan Rows": 144933,
                      "Plan Width": 4,
                      "Actual Startup Time": 29.318,
                      "Actual Total Time": 83.087,
                      "Actual Rows": 109693,
                      "Actual Loops": 4,
                      "Recheck Cond": "(keyword_id > 40117)",
                      "Rows Removed by Index Recheck": 0,
                      "Exact Heap Blocks": 7094,
                      "Lossy Heap Blocks": 0,
                      "Plans": [
                        {
                          "Node Type": "Bitmap Index Scan",
                          "Parent Relationship": "Outer",
                          "Parallel Aware": false,
                          "Index Name": "keyword_id_movie_keyword",
                          "Startup Cost": 0.0,
                          "Total Cost": 9418.12,
                          "Plan Rows": 449292,
                          "Plan Width": 0,
                          "Actual Startup Time": 25.826,
                          "Actual Total Time": 25.827,
                          "Actual Rows": 438771,
                          "Actual Loops": 1,
                          "Index Cond": "(keyword_id > 40117)"
                        }
                      ]
                    },
                    {
                      "Node Type": "Hash",
                      "Parent Relationship": "Inner",
                      "Parallel Aware": true,
                      "Startup Cost": 45479.1,
                      "Total Cost": 45479.1,
                      "Plan Rows": 12974,
                      "Plan Width": 4,
                      "Actual Startup Time": 98.578,
                      "Actual Total Time": 98.579,
                      "Actual Rows": 14120,
                      "Actual Loops": 4,
                      "Hash Buckets": 65536,
                      "Original Hash Buckets": 65536,
                      "Hash Batches": 1,
                      "Original Hash Batches": 1,
                      "Peak Memory Usage": 2816,
                      "Plans": [
                        {
                          "Node Type": "Seq Scan",
                          "Parent Relationship": "Outer",
                          "Parallel Aware": true,
                          "Relation Name": "title",
                          "Alias": "t",
                          "Startup Cost": 0.0,
                          "Total Cost": 45479.1,
                          "Plan Rows": 12974,
                          "Plan Width": 4,
                          "Actual Startup Time": 0.056,
                          "Actual Total Time": 92.742,
                          "Actual Rows": 14120,
                          "Actual Loops": 4,
                          "Filter": "((kind_id = 7) AND (production_year = 2004))",
                          "Rows Removed by Filter": 617958
                        }
                      ]
                    }
                  ]
                }
              ]
            }
          ]
        }
      ]
    },
    "Planning Time": 0.668,
    "Triggers": [],
    "Execution Time": 226.189
  }
]