{
  "Plan": {
    "Node Type": "Aggregate",
    "Strategy": "Plain",
    "Partial Mode": "Finalize",
    "Parallel Aware": false,
    "Startup Cost": 168836.8,
    "Total Cost": 168836.81,
    "Plan Rows": 1,
    "Plan Width": 8,
    "Actual Startup Time": 795.294,
    "Actual Total Time": 811.557,
    "Actual Rows": 1,
    "Actual Loops": 1,
    "Plans": [
      {
        "Node Type": "Gather",
        "Parent Relationship": "Outer",
        "Parallel Aware": false,
        "Startup Cost": 168836.69,
        "Total Cost": 168836.8,
        "Plan Rows": 1,
        "Plan Width": 8,
        "Actual Startup Time": 793.65,
        "Actual Total Time": 811.55,
        "Actual Rows": 2,
        "Actual Loops": 1,
        "Workers Planned": 1,
        "Workers Launched": 1,
        "Single Copy": false,
        "Plans": [
          {
            "Node Type": "Aggregate",
            "Strategy": "Plain",
            "Partial Mode": "Partial",
            "Parent Relationship": "Outer",
            "Parallel Aware": false,
            "Startup Cost": 167836.69,
            "Total Cost": 167836.7,
            "Plan Rows": 1,
            "Plan Width": 8,
            "Actual Startup Time": 787.609,
            "Actual Total Time": 787.614,
            "Actual Rows": 1,
            "Actual Loops": 2,
            "Plans": [
              {
                "Node Type": "Hash Join",
                "Parent Relationship": "Outer",
                "Parallel Aware": true,
                "Join Type": "Inner",
                "Startup Cost": 104319.72,
                "Total Cost": 167099.32,
                "Plan Rows": 294948,
                "Plan Width": 0,
                "Actual Startup Time": 456.052,
                "Actual Total Time": 782.962,
                "Actual Rows": 104630,
                "Actual Loops": 2,
                "Inner Unique": false,
                "Hash Cond": "(mk.movie_id = t.id)",
                "Plans": [
                  {
                    "Node Type": "Seq Scan",
                    "Parent Relationship": "Outer",
                    "Parallel Aware": true,
                    "Relation Name": "movie_keyword",
                    "Alias": "mk",
                    "Startup Cost": 0.0,
                    "Total Cost": 51065.35,
                    "Plan Rows": 2661135,
                    "Plan Width": 4,
                    "Actual Startup Time": 0.01,
                    "Actual Total Time": 155.486,
                    "Actual Rows": 2261965,
                    "Actual Loops": 2
                  },
                  {
                    "Node Type": "Hash",
                    "Parent Relationship": "Inner",
                    "Parallel Aware": true,
                    "Startup Cost": 102259.25,
                    "Total Cost": 102259.25,
                    "Plan Rows": 164838,
                    "Plan Width": 8,
                    "Actual Startup Time": 449.989,
                    "Actual Total Time": 449.992,
                    "Actual Rows": 88344,
                    "Actual Loops": 2,
                    "Hash Buckets": 524288,
                    "Original Hash Buckets": 524288,
                    "Hash Batches": 1,
                    "Original Hash Batches": 1,
                    "Peak Memory Usage": 11040,
                    "Plans": [
                      {
                        "Node Type": "Hash Join",
                        "Parent Relationship": "Outer",
                        "Parallel Aware": true,
                        "Join Type": "Inner",
                        "Startup Cost": 62238.92,
                        "Total Cost": 102259.25,
                        "Plan Rows": 164838,
                        "Plan Width": 8,
                        "Actual Startup Time": 261.965,
                        "Actual Total Time": 429.745,
                        "Actual Rows": 88344,
                        "Actual Loops": 2,
                        "Inner Unique": true,
                        "Hash Cond": "(mc.movie_id = t.id)",
                        "Plans": [
                          {
                            "Node Type": "Seq Scan",
                            "Parent Relationship": "Outer",
                            "Parallel Aware": true,
                            "Relation Name": "movie_companies",
                            "Alias": "mc",
                            "Startup Cost": 0.0,
                            "Total Cost": 37974.77,
                            "Plan Rows": 779260,
                            "Plan Width": 4,
                            "Actual Startup Time": 44.954,
                            "Actual Total Time": 109.882,
                            "Actual Rows": 667442,
                            "Actual Loops": 2,
                            "Filter": "(company_type_id = 2)",
                            "Rows Removed by Filter": 637123
                          },
                          {
                            "Node Type": "Hash",
                            "Parent Relationship": "Inner",
                            "Parallel Aware": true,
                            "Startup Cost": 58306.47,
                            "Total Cost": 58306.47,
                            "Plan Rows": 314596,
                            "Plan Width": 4,
                            "Actual Startup Time": 210.004,
                            "Actual Total Time": 210.005,
                            "Actual Rows": 214124,
                            "Actual Loops": 2,
                            "Hash Buckets": 1048576,
                            "Original Hash Buckets": 1048576,
                            "Hash Batches": 1,
                            "Original Hash Batches": 1,
                            "Peak Memory Usage": 24960,
                            "Plans": [
                              {
                                "Node Type": "Seq Scan",
                                "Parent Relationship": "Outer",
                                "Parallel Aware": true,
                                "Relation Name": "title",
                                "Alias": "t",
                                "Startup Cost": 0.0,
                                "Total Cost": 58306.47,
                                "Plan Rows": 314596,
                                "Plan Width": 4,
                                "Actual Startup Time": 0.046,
                                "Actual Total Time": 145.354,
                                "Actual Rows": 214124,
                                "Actual Loops": 2,
                                "Filter": "((production_year < 1997) AND (kind_id = 7))",
                                "Rows Removed by Filter": 1050032
                              }
                            ]
                          }
                        ]
                      }
                    ]
                  }
                ]
              }
            ]
          }
        ]
      }
    ]
  },
  "Planning Time": 1.047,
  "Triggers": [],
  "Execution Time": 811.638
}