[
  {
    "Plan": {
      "Node Type": "Aggregate",
      "Strategy": "Plain",
      "Partial Mode": "Finalize",
      "Parallel Aware": false,
      "Startup Cost": 409732.34,
      "Total Cost": 409732.35,
      "Plan Rows": 1,
      "Plan Width": 8,
      "Actual Startup Time": 2109.965,
      "Actual Total Time": 2162.244,
      "Actual Rows": 1,
      "Actual Loops": 1,
      "Plans": [
        {
          "Node Type": "Gather",
          "Parent Relationship": "Outer",
          "Parallel Aware": false,
          "Startup Cost": 409731.71,
          "Total Cost": 409732.32,
          "Plan Rows": 6,
          "Plan Width": 8,
          "Actual Startup Time": 2100.031,
          "Actual Total Time": 2162.228,
          "Actual Rows": 7,
          "Actual Loops": 1,
          "Workers Planned": 6,
          "Workers Launched": 6,
          "Single Copy": false,
          "Plans": [
            {
              "Node Type": "Aggregate",
              "Strategy": "Plain",
              "Partial Mode": "Partial",
              "Parent Relationship": "Outer",
              "Parallel Aware": false,
              "Startup Cost": 408731.71,
              "Total Cost": 408731.72,
              "Plan Rows": 1,
              "Plan Width": 8,
              "Actual Startup Time": 2090.283,
              "Actual Total Time": 2090.286,
              "Actual Rows": 1,
              "Actual Loops": 7,
              "Plans": [
                {
                  "Node Type": "Hash Join",
                  "Parent Relationship": "Outer",
                  "Parallel Aware": true,
                  "Join Type": "Inner",
                  "Startup Cost": 48573.12,
                  "Total Cost": 402662.6,
                  "Plan Rows": 2427645,
                  "Plan Width": 0,
                  "Actual Startup Time": 261.636,
                  "Actual Total Time": 1995.909,
                  "Actual Rows": 2111806,
                  "Actual Loops": 7,
                  "Inner Unique": true,
                  "Hash Cond": "(ci.movie_id = t.id)",
                  "Plans": [
                    {
                      "Node Type": "Seq Scan",
                      "Parent Relationship": "Outer",
                      "Parallel Aware": true,
                      "Relation Name": "cast_info",
                      "Alias": "ci",
                      "Startup Cost": 0.0,
                      "Total Cost": 343316.27,
                      "Plan Rows": 4104071,
                      "Plan Width": 4,
                      "Actual Startup Time": 81.848,
                      "Actual Total Time": 713.907,
                      "Actual Rows": 3394871,
                      "Actual Loops": 7,
                      "Filter": "((person_id > 690815) AND (role_id < 9))",
                      "Rows Removed by Filter": 1782893
                    },
                    {
                      "Node Type": "Hash",
                      "Parent Relationship": "Inner",
                      "Parallel Aware": true,
                      "Startup Cost": 43899.32,
                      "Total Cost": 43899.32,
                      "Plan Rows": 373904,
                      "Plan Width": 4,
                      "Actual Startup Time": 176.39,
                      "Actual Total Time": 176.391,
                      "Actual Rows": 212147,
                      "Actual Loops": 7,
                      "Hash Buckets": 2097152,
                      "Original Hash Buckets": 2097152,
                      "Hash Batches": 1,
                      "Original Hash Batches": 1,
                      "Peak Memory Usage": 74624,
                      "Plans": [
                        {
                          "Node Type": "Seq Scan",
                          "Parent Relationship": "Outer",
                          "Parallel Aware": true,
                          "Relation Name": "title",
                          "Alias": "t",
                          "Startup Cost": 0.0,
                          "Total Cost": 43899.32,
                          "Plan Rows": 373904,
                          "Plan Width": 4,
                          "Actual Startup Time": 0.037,
                          "Actual Total Time": 80.205,
                          "Actual Rows": 212147,
                          "Actual Loops": 7,
                          "Filter": "(production_year > 1998)",
                          "Rows Removed by Filter": 149040
                        }
                      ]
                    }
                  ]
                }
              ]
            }
          ]
        }
      ]
    },
    "Planning Time": 0.32,
    "Triggers": [],
    "Execution Time": 2162.303
  }
]