[
    {
        "Bao": {
            "Bao prediction": 633.579,
            "Bao recommended hint": "(no hint)"
        }
    },
    {
        "Plan": {
            "Node Type": "Aggregate",
            "Strategy": "Plain",
            "Partial Mode": "Finalize",
            "Parallel Aware": false,
            "Startup Cost": 275709.38,
            "Total Cost": 275709.39,
            "Plan Rows": 1,
            "Plan Width": 8,
            "Actual Startup Time": 64.369,
            "Actual Total Time": 67.384,
            "Actual Rows": 1,
            "Actual Loops": 1,
            "Output": [
                "count(*)"
            ],
            "Plans": [
                {
                    "Node Type": "Gather",
                    "Parent Relationship": "Outer",
                    "Parallel Aware": false,
                    "Startup Cost": 275708.86,
                    "Total Cost": 275709.37,
                    "Plan Rows": 5,
                    "Plan Width": 8,
                    "Actual Startup Time": 64.146,
                    "Actual Total Time": 67.375,
                    "Actual Rows": 6,
                    "Actual Loops": 1,
                    "Output": [
                        "(PARTIAL count(*))"
                    ],
                    "Workers Planned": 5,
                    "Workers Launched": 5,
                    "Single Copy": false,
                    "Plans": [
                        {
                            "Node Type": "Aggregate",
                            "Strategy": "Plain",
                            "Partial Mode": "Partial",
                            "Parent Relationship": "Outer",
                            "Parallel Aware": false,
                            "Startup Cost": 274708.86,
                            "Total Cost": 274708.87,
                            "Plan Rows": 1,
                            "Plan Width": 8,
                            "Actual Startup Time": 54.681,
                            "Actual Total Time": 54.683,
                            "Actual Rows": 1,
                            "Actual Loops": 6,
                            "Output": [
                                "PARTIAL count(*)"
                            ],
                            "Workers": [
                                {
                                    "Worker Number": 0,
                                    "Actual Startup Time": 52.686,
                                    "Actual Total Time": 52.687,
                                    "Actual Rows": 1,
                                    "Actual Loops": 1
                                },
                                {
                                    "Worker Number": 1,
                                    "Actual Startup Time": 52.909,
                                    "Actual Total Time": 52.91,
                                    "Actual Rows": 1,
                                    "Actual Loops": 1
                                },
                                {
                                    "Worker Number": 2,
                                    "Actual Startup Time": 52.901,
                                    "Actual Total Time": 52.903,
                                    "Actual Rows": 1,
                                    "Actual Loops": 1
                                },
                                {
                                    "Worker Number": 3,
                                    "Actual Startup Time": 53.052,
                                    "Actual Total Time": 53.053,
                                    "Actual Rows": 1,
                                    "Actual Loops": 1
                                },
                                {
                                    "Worker Number": 4,
                                    "Actual Startup Time": 53.111,
                                    "Actual Total Time": 53.111,
                                    "Actual Rows": 1,
                                    "Actual Loops": 1
                                }
                            ],
                            "Plans": [
                                {
                                    "Node Type": "Bitmap Heap Scan",
                                    "Parent Relationship": "Outer",
                                    "Parallel Aware": true,
                                    "Relation Name": "cast_info",
                                    "Schema": "public",
                                    "Alias": "ci",
                                    "Startup Cost": 7882.15,
                                    "Total Cost": 274530.43,
                                    "Plan Rows": 71370,
                                    "Plan Width": 0,
                                    "Actual Startup Time": 24.485,
                                    "Actual Total Time": 47.866,
                                    "Actual Rows": 60915,
                                    "Actual Loops": 6,
                                    "Recheck Cond": "(ci.person_id < 41829)",
                                    "Rows Removed by Index Recheck": 0,
                                    "Exact Heap Blocks": 1608,
                                    "Lossy Heap Blocks": 0,
                                    "Workers": [
                                        {
                                            "Worker Number": 0,
                                            "Actual Startup Time": 22.682,
                                            "Actual Total Time": 46.289,
                                            "Actual Rows": 44950,
                                            "Actual Loops": 1
                                        },
                                        {
                                            "Worker Number": 1,
                                            "Actual Startup Time": 22.818,
                                            "Actual Total Time": 46.427,
                                            "Actual Rows": 42011,
                                            "Actual Loops": 1
                                        },
                                        {
                                            "Worker Number": 2,
                                            "Actual Startup Time": 22.658,
                                            "Actual Total Time": 46.557,
                                            "Actual Rows": 44768,
                                            "Actual Loops": 1
                                        },
                                        {
                                            "Worker Number": 3,
                                            "Actual Startup Time": 22.917,
                                            "Actual Total Time": 46.396,
                                            "Actual Rows": 46959,
                                            "Actual Loops": 1
                                        },
                                        {
                                            "Worker Number": 4,
                                            "Actual Startup Time": 22.857,
                                            "Actual Total Time": 47.054,
                                            "Actual Rows": 41433,
                                            "Actual Loops": 1
                                        }
                                    ],
                                    "Plans": [
                                        {
                                            "Node Type": "Bitmap Index Scan",
                                            "Parent Relationship": "Outer",
                                            "Parallel Aware": false,
                                            "Index Name": "person_id_cast_info",
                                            "Startup Cost": 0.0,
                                            "Total Cost": 7792.94,
                                            "Plan Rows": 356850,
                                            "Plan Width": 0,
                                            "Actual Startup Time": 32.131,
                                            "Actual Total Time": 32.131,
                                            "Actual Rows": 365490,
                                            "Actual Loops": 1,
                                            "Index Cond": "(ci.person_id < 41829)"
                                        }
                                    ]
                                }
                            ]
                        }
                    ]
                }
            ]
        },
        "Planning Time": 2127.816,
        "Triggers": [],
        "Execution Time": 67.535
    }
]