[
  {
    "Plan": {
      "Node Type": "Aggregate",
      "Strategy": "Plain",
      "Partial Mode": "Finalize",
      "Parallel Aware": false,
      "Startup Cost": 404471.14,
      "Total Cost": 404471.15,
      "Plan Rows": 1,
      "Plan Width": 8,
      "Actual Startup Time": 1665.462,
      "Actual Total Time": 1720.679,
      "Actual Rows": 1,
      "Actual Loops": 1,
      "Plans": [
        {
          "Node Type": "Gather",
          "Parent Relationship": "Outer",
          "Parallel Aware": false,
          "Startup Cost": 404470.51,
          "Total Cost": 404471.12,
          "Plan Rows": 6,
          "Plan Width": 8,
          "Actual Startup Time": 1659.318,
          "Actual Total Time": 1720.663,
          "Actual Rows": 7,
          "Actual Loops": 1,
          "Workers Planned": 6,
          "Workers Launched": 6,
          "Single Copy": false,
          "Plans": [
            {
              "Node Type": "Aggregate",
              "Strategy": "Plain",
              "Partial Mode": "Partial",
              "Parent Relationship": "Outer",
              "Parallel Aware": false,
              "Startup Cost": 403470.51,
              "Total Cost": 403470.52,
              "Plan Rows": 1,
              "Plan Width": 8,
              "Actual Startup Time": 1650.06,
              "Actual Total Time": 1650.064,
              "Actual Rows": 1,
              "Actual Loops": 7,
              "Plans": [
                {
                  "Node Type": "Hash Join",
                  "Parent Relationship": "Outer",
                  "Parallel Aware": true,
                  "Join Type": "Inner",
                  "Startup Cost": 47594.42,
                  "Total Cost": 400919.24,
                  "Plan Rows": 1020510,
                  "Plan Width": 0,
                  "Actual Startup Time": 254.779,
                  "Actual Total Time": 1603.173,
                  "Actual Rows": 986203,
                  "Actual Loops": 7,
                  "Inner Unique": true,
                  "Hash Cond": "(ci.movie_id = t.id)",
                  "Plans": [
                    {
                      "Node Type": "Seq Scan",
                      "Parent Relationship": "Outer",
                      "Parallel Aware": true,
                      "Relation Name": "cast_info",
                      "Alias": "ci",
                      "Startup Cost": 0.0,
                      "Total Cost": 343316.27,
                      "Plan Rows": 3812770,
                      "Plan Width": 4,
                      "Actual Startup Time": 121.403,
                      "Actual Total Time": 726.726,
                      "Actual Rows": 3140611,
                      "Actual Loops": 7,
                      "Filter": "((person_id > 988688) AND (role_id < 10))",
                      "Rows Removed by Filter": 2037152
                    },
                    {
                      "Node Type": "Hash",
                      "Parent Relationship": "Inner",
                      "Parallel Aware": true,
                      "Startup Cost": 45479.59,
                      "Total Cost": 45479.59,
                      "Plan Rows": 169187,
                      "Plan Width": 4,
                      "Actual Startup Time": 130.942,
                      "Actual Total Time": 130.943,
                      "Actual Rows": 105668,
                      "Actual Loops": 7,
                      "Hash Buckets": 1048576,
                      "Original Hash Buckets": 1048576,
                      "Hash Batches": 1,
                      "Original Hash Batches": 1,
                      "Peak Memory Usage": 37216,
                      "Plans": [
                        {
                          "Node Type": "Seq Scan",
                          "Parent Relationship": "Outer",
                          "Parallel Aware": true,
                          "Relation Name": "title",
                          "Alias": "t",
                          "Startup Cost": 0.0,
                          "Total Cost": 45479.59,
                          "Plan Rows": 169187,
                          "Plan Width": 4,
                          "Actual Startup Time": 0.036,
                          "Actual Total Time": 78.552,
                          "Actual Rows": 105668,
                          "Actual Loops": 7,
                          "Filter": "((production_year > 2004) AND (kind_id = 7))",
                          "Rows Removed by Filter": 255519
                        }
                      ]
                    }
                  ]
                }
              ]
            }
          ]
        }
      ]
    },
    "Planning Time": 0.264,
    "Triggers": [],
    "Execution Time": 1720.733
  }
]