[
  {
    "Plan": {
      "Node Type": "Aggregate",
      "Strategy": "Plain",
      "Partial Mode": "Finalize",
      "Parallel Aware": false,
      "Startup Cost": 32901.3,
      "Total Cost": 32901.31,
      "Plan Rows": 1,
      "Plan Width": 8,
      "Actual Startup Time": 104.403,
      "Actual Total Time": 111.878,
      "Actual Rows": 1,
      "Actual Loops": 1,
      "Plans": [
        {
          "Node Type": "Gather",
          "Parent Relationship": "Outer",
          "Parallel Aware": false,
          "Startup Cost": 32900.98,
          "Total Cost": 32901.29,
          "Plan Rows": 3,
          "Plan Width": 8,
          "Actual Startup Time": 104.313,
          "Actual Total Time": 111.869,
          "Actual Rows": 4,
          "Actual Loops": 1,
          "Workers Planned": 3,
          "Workers Launched": 3,
          "Single Copy": false,
          "Plans": [
            {
              "Node Type": "Aggregate",
              "Strategy": "Plain",
              "Partial Mode": "Partial",
              "Parent Relationship": "Outer",
              "Parallel Aware": false,
              "Startup Cost": 31900.98,
              "Total Cost": 31900.99,
              "Plan Rows": 1,
              "Plan Width": 8,
              "Actual Startup Time": 95.807,
              "Actual Total Time": 95.808,
              "Actual Rows": 1,
              "Actual Loops": 4,
              "Plans": [
                {
                  "Node Type": "Seq Scan",
                  "Parent Relationship": "Outer",
                  "Parallel Aware": true,
                  "Relation Name": "movie_companies",
                  "Alias": "mc",
                  "Startup Cost": 0.0,
                  "Total Cost": 31414.82,
                  "Plan Rows": 194464,
                  "Plan Width": 0,
                  "Actual Startup Time": 50.008,
                  "Actual Total Time": 86.225,
                  "Actual Rows": 219956,
                  "Actual Loops": 4,
                  "Filter": "((company_id > 12492) AND (company_type_id = 2))",
                  "Rows Removed by Filter": 432326
                }
              ]
            }
          ]
        }
      ]
    },
    "Planning Time": 0.193,
    "Triggers": [],
    "Execution Time": 111.932
  }
]