[
  {
    "Plan": {
      "Node Type": "Aggregate",
      "Strategy": "Plain",
      "Partial Mode": "Finalize",
      "Parallel Aware": false,
      "Startup Cost": 353945.98,
      "Total Cost": 353945.99,
      "Plan Rows": 1,
      "Plan Width": 8,
      "Actual Startup Time": 947.741,
      "Actual Total Time": 993.098,
      "Actual Rows": 1,
      "Actual Loops": 1,
      "Plans": [
        {
          "Node Type": "Gather",
          "Parent Relationship": "Outer",
          "Parallel Aware": false,
          "Startup Cost": 353945.36,
          "Total Cost": 353945.97,
          "Plan Rows": 6,
          "Plan Width": 8,
          "Actual Startup Time": 947.428,
          "Actual Total Time": 993.085,
          "Actual Rows": 7,
          "Actual Loops": 1,
          "Workers Planned": 6,
          "Workers Launched": 6,
          "Single Copy": false,
          "Plans": [
            {
              "Node Type": "Aggregate",
              "Strategy": "Plain",
              "Partial Mode": "Partial",
              "Parent Relationship": "Outer",
              "Parallel Aware": false,
              "Startup Cost": 352945.36,
              "Total Cost": 352945.37,
              "Plan Rows": 1,
              "Plan Width": 8,
              "Actual Startup Time": 940.606,
              "Actual Total Time": 940.607,
              "Actual Rows": 1,
              "Actual Loops": 7,
              "Plans": [
                {
                  "Node Type": "Seq Scan",
                  "Parent Relationship": "Outer",
                  "Parallel Aware": true,
                  "Relation Name": "cast_info",
                  "Alias": "ci",
                  "Startup Cost": 0.0,
                  "Total Cost": 343316.27,
                  "Plan Rows": 3851635,
                  "Plan Width": 0,
                  "Actual Startup Time": 102.677,
                  "Actual Total Time": 766.333,
                  "Actual Rows": 3181838,
                  "Actual Loops": 7,
                  "Filter": "((person_id > 703116) AND (role_id < 8))",
                  "Rows Removed by Filter": 1995926
                }
              ]
            }
          ]
        }
      ]
    },
    "Planning Time": 0.207,
    "Triggers": [],
    "Execution Time": 993.159
  }
]