[
  {
    "Plan": {
      "Node Type": "Aggregate",
      "Strategy": "Plain",
      "Partial Mode": "Finalize",
      "Parallel Aware": false,
      "Startup Cost": 31621.1,
      "Total Cost": 31621.11,
      "Plan Rows": 1,
      "Plan Width": 8,
      "Actual Startup Time": 97.667,
      "Actual Total Time": 105.374,
      "Actual Rows": 1,
      "Actual Loops": 1,
      "Plans": [
        {
          "Node Type": "Gather",
          "Parent Relationship": "Outer",
          "Parallel Aware": false,
          "Startup Cost": 31620.79,
          "Total Cost": 31621.1,
          "Plan Rows": 3,
          "Plan Width": 8,
          "Actual Startup Time": 97.471,
          "Actual Total Time": 105.354,
          "Actual Rows": 4,
          "Actual Loops": 1,
          "Workers Planned": 3,
          "Workers Launched": 3,
          "Single Copy": false,
          "Plans": [
            {
              "Node Type": "Aggregate",
              "Strategy": "Plain",
              "Partial Mode": "Partial",
              "Parent Relationship": "Outer",
              "Parallel Aware": false,
              "Startup Cost": 30620.79,
              "Total Cost": 30620.8,
              "Plan Rows": 1,
              "Plan Width": 8,
              "Actual Startup Time": 93.622,
              "Actual Total Time": 93.624,
              "Actual Rows": 1,
              "Actual Loops": 4,
              "Plans": [
                {
                  "Node Type": "Seq Scan",
                  "Parent Relationship": "Outer",
                  "Parallel Aware": true,
                  "Relation Name": "movie_companies",
                  "Alias": "mc",
                  "Startup Cost": 0.0,
                  "Total Cost": 29310.68,
                  "Plan Rows": 524042,
                  "Plan Width": 0,
                  "Actual Startup Time": 0.021,
                  "Actual Total Time": 73.776,
                  "Actual Rows": 408417,
                  "Actual Loops": 4,
                  "Filter": "(company_id < 17512)",
                  "Rows Removed by Filter": 243865
                }
              ]
            }
          ]
        }
      ]
    },
    "Planning Time": 0.185,
    "Triggers": [],
    "Execution Time": 105.425
  }
]