[
  {
    "Plan": {
      "Node Type": "Aggregate",
      "Strategy": "Plain",
      "Partial Mode": "Finalize",
      "Parallel Aware": false,
      "Startup Cost": 92921.0,
      "Total Cost": 92921.01,
      "Plan Rows": 1,
      "Plan Width": 8,
      "Actual Startup Time": 474.737,
      "Actual Total Time": 492.75,
      "Actual Rows": 1,
      "Actual Loops": 1,
      "Plans": [
        {
          "Node Type": "Gather",
          "Parent Relationship": "Outer",
          "Parallel Aware": false,
          "Startup Cost": 92920.68,
          "Total Cost": 92920.99,
          "Plan Rows": 3,
          "Plan Width": 8,
          "Actual Startup Time": 469.863,
          "Actual Total Time": 492.725,
          "Actual Rows": 4,
          "Actual Loops": 1,
          "Workers Planned": 3,
          "Workers Launched": 3,
          "Single Copy": false,
          "Plans": [
            {
              "Node Type": "Aggregate",
              "Strategy": "Plain",
              "Partial Mode": "Partial",
              "Parent Relationship": "Outer",
              "Parallel Aware": false,
              "Startup Cost": 91920.68,
              "Total Cost": 91920.69,
              "Plan Rows": 1,
              "Plan Width": 8,
              "Actual Startup Time": 456.589,
              "Actual Total Time": 456.593,
              "Actual Rows": 1,
              "Actual Loops": 4,
              "Plans": [
                {
                  "Node Type": "Hash Join",
                  "Parent Relationship": "Outer",
                  "Parallel Aware": true,
                  "Join Type": "Inner",
                  "Startup Cost": 63676.63,
                  "Total Cost": 91574.64,
                  "Plan Rows": 138414,
                  "Plan Width": 0,
                  "Actual Startup Time": 335.995,
                  "Actual Total Time": 453.93,
                  "Actual Rows": 27996,
                  "Actual Loops": 4,
                  "Inner Unique": true,
                  "Hash Cond": "(mk.movie_id = t.id)",
                  "Plans": [
                    {
                      "Node Type": "Bitmap Heap Scan",
                      "Parent Relationship": "Outer",
                      "Parallel Aware": true,
                      "Relation Name": "movie_keyword",
                      "Alias": "mk",
                      "Startup Cost": 14975.01,
                      "Total Cost": 42275.3,
                      "Plan Rows": 227704,
                      "Plan Width": 4,
                      "Actual Startup Time": 62.25,
                      "Actual Total Time": 132.397,
                      "Actual Rows": 173993,
                      "Actual Loops": 4,
                      "Recheck Cond": "(keyword_id > 27077)",
                      "Rows Removed by Index Recheck": 0,
                      "Exact Heap Blocks": 6555,
                      "Lossy Heap Blocks": 0,
                      "Plans": [
                        {
                          "Node Type": "Bitmap Index Scan",
                          "Parent Relationship": "Outer",
                          "Parallel Aware": false,
                          "Index Name": "keyword_id_movie_keyword",
                          "Startup Cost": 0.0,
                          "Total Cost": 14798.54,
                          "Plan Rows": 705881,
                          "Plan Width": 0,
                          "Actual Startup Time": 56.576,
                          "Actual Total Time": 56.576,
                          "Actual Rows": 695973,
                          "Actual Loops": 1,
                          "Index Cond": "(keyword_id > 27077)"
                        }
                      ]
                    },
                    {
                      "Node Type": "Hash",
                      "Parent Relationship": "Inner",
                      "Parallel Aware": true,
                      "Startup Cost": 43898.92,
                      "Total Cost": 43898.92,
                      "Plan Rows": 384216,
                      "Plan Width": 4,
                      "Actual Startup Time": 265.727,
                      "Actual Total Time": 265.728,
                      "Actual Rows": 385816,
                      "Actual Loops": 4,
                      "Hash Buckets": 2097152,
                      "Original Hash Buckets": 2097152,
                      "Hash Batches": 1,
                      "Original Hash Batches": 1,
                      "Peak Memory Usage": 76832,
                      "Plans": [
                        {
                          "Node Type": "Seq Scan",
                          "Parent Relationship": "Outer",
                          "Parallel Aware": true,
                          "Relation Name": "title",
                          "Alias": "t",
                          "Startup Cost": 0.0,
                          "Total Cost": 43898.92,
                          "Plan Rows": 384216,
                          "Plan Width": 4,
                          "Actual Startup Time": 0.04,
                          "Actual Total Time": 113.748,
                          "Actual Rows": 385816,
                          "Actual Loops": 4,
                          "Filter": "(kind_id = 7)",
                          "Rows Removed by Filter": 246262
                        }
                      ]
                    }
                  ]
                }
              ]
            }
          ]
        }
      ]
    },
    "Planning Time": 0.611,
    "Triggers": [],
    "Execution Time": 492.84
  }
]