[
  {
    "Plan": {
      "Node Type": "Aggregate",
      "Strategy": "Plain",
      "Partial Mode": "Finalize",
      "Parallel Aware": false,
      "Startup Cost": 314427.56,
      "Total Cost": 314427.57,
      "Plan Rows": 1,
      "Plan Width": 8,
      "Actual Startup Time": 1153.305,
      "Actual Total Time": 1202.747,
      "Actual Rows": 1,
      "Actual Loops": 1,
      "Plans": [
        {
          "Node Type": "Gather",
          "Parent Relationship": "Outer",
          "Parallel Aware": false,
          "Startup Cost": 314427.04,
          "Total Cost": 314427.55,
          "Plan Rows": 5,
          "Plan Width": 8,
          "Actual Startup Time": 1142.694,
          "Actual Total Time": 1202.734,
          "Actual Rows": 6,
          "Actual Loops": 1,
          "Workers Planned": 5,
          "Workers Launched": 5,
          "Single Copy": false,
          "Plans": [
            {
              "Node Type": "Aggregate",
              "Strategy": "Plain",
              "Partial Mode": "Partial",
              "Parent Relationship": "Outer",
              "Parallel Aware": false,
              "Startup Cost": 313427.04,
              "Total Cost": 313427.05,
              "Plan Rows": 1,
              "Plan Width": 8,
              "Actual Startup Time": 1127.759,
              "Actual Total Time": 1127.851,
              "Actual Rows": 1,
              "Actual Loops": 6,
              "Plans": [
                {
                  "Node Type": "Hash Join",
                  "Parent Relationship": "Outer",
                  "Parallel Aware": true,
                  "Join Type": "Inner",
                  "Startup Cost": 100682.38,
                  "Total Cost": 309018.67,
                  "Plan Rows": 1763346,
                  "Plan Width": 0,
                  "Actual Startup Time": 363.388,
                  "Actual Total Time": 1096.949,
                  "Actual Rows": 594575,
                  "Actual Loops": 6,
                  "Inner Unique": false,
                  "Hash Cond": "(mi.movie_id = t.id)",
                  "Plans": [
                    {
                      "Node Type": "Seq Scan",
                      "Parent Relationship": "Outer",
                      "Parallel Aware": true,
                      "Relation Name": "movie_info",
                      "Alias": "mi",
                      "Startup Cost": 0.0,
                      "Total Cost": 191560.33,
                      "Plan Rows": 2956733,
                      "Plan Width": 4,
                      "Actual Startup Time": 0.035,
                      "Actual Total Time": 330.323,
                      "Actual Rows": 2472620,
                      "Actual Loops": 6
                    },
                    {
                      "Node Type": "Hash",
                      "Parent Relationship": "Inner",
                      "Parallel Aware": true,
                      "Startup Cost": 94602.42,
                      "Total Cost": 94602.42,
                      "Plan Rows": 486397,
                      "Plan Width": 8,
                      "Actual Startup Time": 357.299,
                      "Actual Total Time": 357.389,
                      "Actual Rows": 56010,
                      "Actual Loops": 6,
                      "Hash Buckets": 2097152,
                      "Original Hash Buckets": 2097152,
                      "Hash Batches": 1,
                      "Original Hash Batches": 1,
                      "Peak Memory Usage": 29632,
                      "Plans": [
                        {
                          "Node Type": "Hash Join",
                          "Parent Relationship": "Outer",
                          "Parallel Aware": true,
                          "Join Type": "Inner",
                          "Startup Cost": 48202.17,
                          "Total Cost": 94602.42,
                          "Plan Rows": 486397,
                          "Plan Width": 8,
                          "Actual Startup Time": 153.453,
                          "Actual Total Time": 326.976,
                          "Actual Rows": 56010,
                          "Actual Loops": 6,
                          "Inner Unique": true,
                          "Hash Cond": "(mk.movie_id = t.id)",
                          "Plans": [
                            {
                              "Node Type": "Seq Scan",
                              "Parent Relationship": "Outer",
                              "Parallel Aware": true,
                              "Relation Name": "movie_keyword",
                              "Alias": "mk",
                              "Startup Cost": 0.0,
                              "Total Cost": 42695.65,
                              "Plan Rows": 1411269,
                              "Plan Width": 4,
                              "Actual Startup Time": 0.037,
                              "Actual Total Time": 93.78,
                              "Actual Rows": 726695,
                              "Actual Loops": 6,
                              "Filter": "(keyword_id > 117)",
                              "Rows Removed by Filter": 27294
                            },
                            {
                              "Node Type": "Hash",
                              "Parent Relationship": "Inner",
                              "Parallel Aware": true,
                              "Startup Cost": 45479.1,
                              "Total Cost": 45479.1,
                              "Plan Rows": 217846,
                              "Plan Width": 4,
                              "Actual Startup Time": 151.81,
                              "Actual Total Time": 151.812,
                              "Actual Rows": 133586,
                              "Actual Loops": 6,
                              "Hash Buckets": 1048576,
                              "Original Hash Buckets": 1048576,
                              "Hash Batches": 1,
                              "Original Hash Batches": 1,
                              "Peak Memory Usage": 39648,
                              "Plans": [
                                {
                                  "Node Type": "Seq Scan",
                                  "Parent Relationship": "Outer",
                                  "Parallel Aware": true,
                                  "Relation Name": "title",
                                  "Alias": "t",
                                  "Startup Cost": 0.0,
                                  "Total Cost": 45479.1,
                                  "Plan Rows": 217846,
                                  "Plan Width": 4,
                                  "Actual Startup Time": 0.041,
                                  "Actual Total Time": 89.376,
                                  "Actual Rows": 133586,
                                  "Actual Loops": 6,
                                  "Filter": "((production_year < 2006) AND (kind_id = 7))",
                                  "Rows Removed by Filter": 287800
                                }
                              ]
                            }
                          ]
                        }
                      ]
                    }
                  ]
                }
              ]
            }
          ]
        }
      ]
    },
    "Planning Time": 1.435,
    "Triggers": [],
    "Execution Time": 1202.849
  }
]