{
  "Plan": {
    "Node Type": "Aggregate",
    "Strategy": "Plain",
    "Partial Mode": "Finalize",
    "Parallel Aware": false,
    "Startup Cost": 30935.65,
    "Total Cost": 30935.66,
    "Plan Rows": 1,
    "Plan Width": 8,
    "Actual Startup Time": 62.88,
    "Actual Total Time": 72.165,
    "Actual Rows": 1,
    "Actual Loops": 1,
    "Plans": [
      {
        "Node Type": "Gather",
        "Parent Relationship": "Outer",
        "Parallel Aware": false,
        "Startup Cost": 30935.54,
        "Total Cost": 30935.65,
        "Plan Rows": 1,
        "Plan Width": 8,
        "Actual Startup Time": 62.75,
        "Actual Total Time": 72.159,
        "Actual Rows": 2,
        "Actual Loops": 1,
        "Workers Planned": 1,
        "Workers Launched": 1,
        "Single Copy": false,
        "Plans": [
          {
            "Node Type": "Aggregate",
            "Strategy": "Plain",
            "Partial Mode": "Partial",
            "Parent Relationship": "Outer",
            "Parallel Aware": false,
            "Startup Cost": 29935.54,
            "Total Cost": 29935.55,
            "Plan Rows": 1,
            "Plan Width": 8,
            "Actual Startup Time": 56.503,
            "Actual Total Time": 56.504,
            "Actual Rows": 1,
            "Actual Loops": 2,
            "Plans": [
              {
                "Node Type": "Nested Loop",
                "Parent Relationship": "Outer",
                "Parallel Aware": false,
                "Join Type": "Inner",
                "Startup Cost": 88.85,
                "Total Cost": 29934.44,
                "Plan Rows": 440,
                "Plan Width": 0,
                "Actual Startup Time": 3.667,
                "Actual Total Time": 56.174,
                "Actual Rows": 2216,
                "Actual Loops": 2,
                "Inner Unique": false,
                "Plans": [
                  {
                    "Node Type": "Nested Loop",
                    "Parent Relationship": "Outer",
                    "Parallel Aware": false,
                    "Join Type": "Inner",
                    "Startup Cost": 88.42,
                    "Total Cost": 28689.21,
                    "Plan Rows": 2395,
                    "Plan Width": 8,
                    "Actual Startup Time": 3.52,
                    "Actual Total Time": 34.677,
                    "Actual Rows": 2455,
                    "Actual Loops": 2,
                    "Inner Unique": true,
                    "Plans": [
                      {
                        "Node Type": "Bitmap Heap Scan",
                        "Parent Relationship": "Outer",
                        "Parallel Aware": true,
                        "Relation Name": "movie_keyword",
                        "Alias": "mk",
                        "Startup Cost": 87.99,
                        "Total Cost": 10734.82,
                        "Plan Rows": 2395,
                        "Plan Width": 4,
                        "Actual Startup Time": 3.359,
                        "Actual Total Time": 12.608,
                        "Actual Rows": 2455,
                        "Actual Loops": 2,
                        "Recheck Cond": "(keyword_id = 1116)",
                        "Rows Removed by Index Recheck": 0,
                        "Exact Heap Blocks": 3182,
                        "Lossy Heap Blocks": 0,
                        "Plans": [
                          {
                            "Node Type": "Bitmap Index Scan",
                            "Parent Relationship": "Outer",
                            "Parallel Aware": false,
                            "Index Name": "keyword_id_movie_keyword",
                            "Startup Cost": 0.0,
                            "Total Cost": 86.97,
                            "Plan Rows": 4072,
                            "Plan Width": 0,
                            "Actual Startup Time": 4.262,
                            "Actual Total Time": 4.263,
                            "Actual Rows": 4910,
                            "Actual Loops": 1,
                            "Index Cond": "(keyword_id = 1116)"
                          }
                        ]
                      },
                      {
                        "Node Type": "Index Only Scan",
                        "Parent Relationship": "Inner",
                        "Parallel Aware": false,
                        "Scan Direction": "Forward",
                        "Index Name": "title_pkey",
                        "Relation Name": "title",
                        "Alias": "t",
                        "Startup Cost": 0.43,
                        "Total Cost": 7.5,
                        "Plan Rows": 1,
                        "Plan Width": 4,
                        "Actual Startup Time": 0.008,
                        "Actual Total Time": 0.008,
                        "Actual Rows": 1,
                        "Actual Loops": 4910,
                        "Index Cond": "(id = mk.movie_id)",
                        "Rows Removed by Index Recheck": 0,
                        "Heap Fetches": 4910
                      }
                    ]
                  },
                  {
                    "Node Type": "Index Scan",
                    "Parent Relationship": "Inner",
                    "Parallel Aware": false,
                    "Scan Direction": "Forward",
                    "Index Name": "movie_id_movie_info_idx",
                    "Relation Name": "movie_info_idx",
                    "Alias": "mi_idx",
                    "Startup Cost": 0.43,
                    "Total Cost": 0.51,
                    "Plan Rows": 1,
                    "Plan Width": 4,
                    "Actual Startup Time": 0.008,
                    "Actual Total Time": 0.008,
                    "Actual Rows": 1,
                    "Actual Loops": 4910,
                    "Index Cond": "(movie_id = t.id)",
                    "Rows Removed by Index Recheck": 0,
                    "Filter": "(info_type_id = 100)",
                    "Rows Removed by Filter": 2
                  }
                ]
              }
            ]
          }
        ]
      }
    ]
  },
  "Planning Time": 0.905,
  "Triggers": [],
  "Execution Time": 72.265
}