[
  {
    "Plan": {
      "Node Type": "Aggregate",
      "Strategy": "Plain",
      "Partial Mode": "Finalize",
      "Parallel Aware": false,
      "Startup Cost": 27685.38,
      "Total Cost": 27685.39,
      "Plan Rows": 1,
      "Plan Width": 8,
      "Actual Startup Time": 99.507,
      "Actual Total Time": 106.777,
      "Actual Rows": 1,
      "Actual Loops": 1,
      "Plans": [
        {
          "Node Type": "Gather",
          "Parent Relationship": "Outer",
          "Parallel Aware": false,
          "Startup Cost": 27685.06,
          "Total Cost": 27685.37,
          "Plan Rows": 3,
          "Plan Width": 8,
          "Actual Startup Time": 99.232,
          "Actual Total Time": 106.767,
          "Actual Rows": 4,
          "Actual Loops": 1,
          "Workers Planned": 3,
          "Workers Launched": 3,
          "Single Copy": false,
          "Plans": [
            {
              "Node Type": "Aggregate",
              "Strategy": "Plain",
              "Partial Mode": "Partial",
              "Parent Relationship": "Outer",
              "Parallel Aware": false,
              "Startup Cost": 26685.06,
              "Total Cost": 26685.07,
              "Plan Rows": 1,
              "Plan Width": 8,
              "Actual Startup Time": 91.093,
              "Actual Total Time": 91.095,
              "Actual Rows": 1,
              "Actual Loops": 4,
              "Plans": [
                {
                  "Node Type": "Bitmap Heap Scan",
                  "Parent Relationship": "Outer",
                  "Parallel Aware": true,
                  "Relation Name": "movie_companies",
                  "Alias": "mc",
                  "Startup Cost": 6351.63,
                  "Total Cost": 26568.04,
                  "Plan Rows": 46811,
                  "Plan Width": 0,
                  "Actual Startup Time": 28.709,
                  "Actual Total Time": 85.762,
                  "Actual Rows": 56096,
                  "Actual Loops": 4,
                  "Recheck Cond": "(company_id < 160)",
                  "Rows Removed by Index Recheck": 0,
                  "Filter": "(company_type_id = 1)",
                  "Rows Removed by Filter": 17123,
                  "Exact Heap Blocks": 7336,
                  "Lossy Heap Blocks": 0,
                  "Plans": [
                    {
                      "Node Type": "Bitmap Index Scan",
                      "Parent Relationship": "Outer",
                      "Parallel Aware": false,
                      "Index Name": "company_id_movie_companies",
                      "Startup Cost": 0.0,
                      "Total Cost": 6315.35,
                      "Plan Rows": 294790,
                      "Plan Width": 0,
                      "Actual Startup Time": 31.696,
                      "Actual Total Time": 31.696,
                      "Actual Rows": 292877,
                      "Actual Loops": 1,
                      "Index Cond": "(company_id < 160)"
                    }
                  ]
                }
              ]
            }
          ]
        }
      ]
    },
    "Planning Time": 0.234,
    "Triggers": [],
    "Execution Time": 106.858
  }
]