[
  {
    "Plan": {
      "Node Type": "Aggregate",
      "Strategy": "Plain",
      "Partial Mode": "Finalize",
      "Parallel Aware": false,
      "Startup Cost": 344349.62,
      "Total Cost": 344349.63,
      "Plan Rows": 1,
      "Plan Width": 8,
      "Actual Startup Time": 387.65,
      "Actual Total Time": 402.242,
      "Actual Rows": 1,
      "Actual Loops": 1,
      "Plans": [
        {
          "Node Type": "Gather",
          "Parent Relationship": "Outer",
          "Parallel Aware": false,
          "Startup Cost": 344348.99,
          "Total Cost": 344349.6,
          "Plan Rows": 6,
          "Plan Width": 8,
          "Actual Startup Time": 379.357,
          "Actual Total Time": 402.232,
          "Actual Rows": 7,
          "Actual Loops": 1,
          "Workers Planned": 6,
          "Workers Launched": 6,
          "Single Copy": false,
          "Plans": [
            {
              "Node Type": "Aggregate",
              "Strategy": "Plain",
              "Partial Mode": "Partial",
              "Parent Relationship": "Outer",
              "Parallel Aware": false,
              "Startup Cost": 343348.99,
              "Total Cost": 343349.0,
              "Plan Rows": 1,
              "Plan Width": 8,
              "Actual Startup Time": 367.913,
              "Actual Total Time": 367.916,
              "Actual Rows": 1,
              "Actual Loops": 7,
              "Plans": [
                {
                  "Node Type": "Hash Join",
                  "Parent Relationship": "Outer",
                  "Parallel Aware": true,
                  "Join Type": "Inner",
                  "Startup Cost": 85930.54,
                  "Total Cost": 343060.99,
                  "Plan Rows": 115202,
                  "Plan Width": 0,
                  "Actual Startup Time": 217.292,
                  "Actual Total Time": 362.215,
                  "Actual Rows": 108058,
                  "Actual Loops": 7,
                  "Inner Unique": true,
                  "Hash Cond": "(ci.movie_id = t.id)",
                  "Plans": [
                    {
                      "Node Type": "Bitmap Heap Scan",
                      "Parent Relationship": "Outer",
                      "Parallel Aware": true,
                      "Relation Name": "cast_info",
                      "Alias": "ci",
                      "Startup Cost": 38933.41,
                      "Total Cost": 295292.68,
                      "Plan Rows": 293782,
                      "Plan Width": 4,
                      "Actual Startup Time": 73.99,
                      "Actual Total Time": 123.307,
                      "Actual Rows": 254586,
                      "Actual Loops": 7,
                      "Recheck Cond": "(person_id < 177058)",
                      "Rows Removed by Index Recheck": 0,
                      "Exact Heap Blocks": 3265,
                      "Lossy Heap Blocks": 0,
                      "Plans": [
                        {
                          "Node Type": "Bitmap Index Scan",
                          "Parent Relationship": "Outer",
                          "Parallel Aware": false,
                          "Index Name": "person_id_cast_info",
                          "Startup Cost": 0.0,
                          "Total Cost": 38492.74,
                          "Plan Rows": 1762690,
                          "Plan Width": 0,
                          "Actual Startup Time": 70.868,
                          "Actual Total Time": 70.869,
                          "Actual Rows": 1782099,
                          "Actual Loops": 1,
                          "Index Cond": "(person_id < 177058)"
                        }
                      ]
                    },
                    {
                      "Node Type": "Hash",
                      "Parent Relationship": "Inner",
                      "Parallel Aware": true,
                      "Startup Cost": 43898.92,
                      "Total Cost": 43898.92,
                      "Plan Rows": 247857,
                      "Plan Width": 4,
                      "Actual Startup Time": 139.969,
                      "Actual Total Time": 139.97,
                      "Actual Rows": 140721,
                      "Actual Loops": 7,
                      "Hash Buckets": 1048576,
                      "Original Hash Buckets": 1048576,
                      "Hash Batches": 1,
                      "Original Hash Batches": 1,
                      "Peak Memory Usage": 46816,
                      "Plans": [
                        {
                          "Node Type": "Seq Scan",
                          "Parent Relationship": "Outer",
                          "Parallel Aware": true,
                          "Relation Name": "title",
                          "Alias": "t",
                          "Startup Cost": 0.0,
                          "Total Cost": 43898.92,
                          "Plan Rows": 247857,
                          "Plan Width": 4,
                          "Actual Startup Time": 0.042,
                          "Actual Total Time": 78.485,
                          "Actual Rows": 140721,
                          "Actual Loops": 7,
                          "Filter": "(kind_id < 7)",
                          "Rows Removed by Filter": 220466
                        }
                      ]
                    }
                  ]
                }
              ]
            }
          ]
        }
      ]
    },
    "Planning Time": 0.636,
    "Triggers": [],
    "Execution Time": 402.339
  }
]