[
  {
    "Plan": {
      "Node Type": "Aggregate",
      "Strategy": "Plain",
      "Partial Mode": "Finalize",
      "Parallel Aware": false,
      "Startup Cost": 110015.68,
      "Total Cost": 110015.69,
      "Plan Rows": 1,
      "Plan Width": 8,
      "Actual Startup Time": 400.397,
      "Actual Total Time": 419.81,
      "Actual Rows": 1,
      "Actual Loops": 1,
      "Plans": [
        {
          "Node Type": "Gather",
          "Parent Relationship": "Outer",
          "Parallel Aware": false,
          "Startup Cost": 110015.37,
          "Total Cost": 110015.68,
          "Plan Rows": 3,
          "Plan Width": 8,
          "Actual Startup Time": 394.984,
          "Actual Total Time": 419.803,
          "Actual Rows": 4,
          "Actual Loops": 1,
          "Workers Planned": 3,
          "Workers Launched": 3,
          "Single Copy": false,
          "Plans": [
            {
              "Node Type": "Aggregate",
              "Strategy": "Plain",
              "Partial Mode": "Partial",
              "Parent Relationship": "Outer",
              "Parallel Aware": false,
              "Startup Cost": 109015.37,
              "Total Cost": 109015.38,
              "Plan Rows": 1,
              "Plan Width": 8,
              "Actual Startup Time": 387.468,
              "Actual Total Time": 387.606,
              "Actual Rows": 1,
              "Actual Loops": 4,
              "Plans": [
                {
                  "Node Type": "Hash Join",
                  "Parent Relationship": "Outer",
                  "Parallel Aware": true,
                  "Join Type": "Inner",
                  "Startup Cost": 64276.13,
                  "Total Cost": 108945.92,
                  "Plan Rows": 27780,
                  "Plan Width": 0,
                  "Actual Startup Time": 260.172,
                  "Actual Total Time": 386.534,
                  "Actual Rows": 23293,
                  "Actual Loops": 4,
                  "Inner Unique": false,
                  "Hash Cond": "(mk.movie_id = t.id)",
                  "Plans": [
                    {
                      "Node Type": "Seq Scan",
                      "Parent Relationship": "Outer",
                      "Parallel Aware": true,
                      "Relation Name": "movie_keyword",
                      "Alias": "mk",
                      "Startup Cost": 0.0,
                      "Total Cost": 42695.65,
                      "Plan Rows": 495568,
                      "Plan Width": 4,
                      "Actual Startup Time": 0.034,
                      "Actual Total Time": 92.47,
                      "Actual Rows": 383378,
                      "Actual Loops": 4,
                      "Filter": "(keyword_id < 2238)",
                      "Rows Removed by Filter": 747605
                    },
                    {
                      "Node Type": "Hash",
                      "Parent Relationship": "Inner",
                      "Parallel Aware": true,
                      "Startup Cost": 63537.93,
                      "Total Cost": 63537.93,
                      "Plan Rows": 59056,
                      "Plan Width": 8,
                      "Actual Startup Time": 258.858,
                      "Actual Total Time": 258.994,
                      "Actual Rows": 20551,
                      "Actual Loops": 4,
                      "Hash Buckets": 262144,
                      "Original Hash Buckets": 262144,
                      "Hash Batches": 1,
                      "Original Hash Batches": 1,
                      "Peak Memory Usage": 5344,
                      "Plans": [
                        {
                          "Node Type": "Hash Join",
                          "Parent Relationship": "Outer",
                          "Parallel Aware": true,
                          "Join Type": "Inner",
                          "Startup Cost": 47911.61,
                          "Total Cost": 63537.93,
                          "Plan Rows": 59056,
                          "Plan Width": 8,
                          "Actual Startup Time": 176.528,
                          "Actual Total Time": 249.871,
                          "Actual Rows": 20551,
                          "Actual Loops": 4,
                          "Inner Unique": true,
                          "Hash Cond": "(mi_idx.movie_id = t.id)",
                          "Plans": [
                            {
                              "Node Type": "Seq Scan",
                              "Parent Relationship": "Outer",
                              "Parallel Aware": true,
                              "Relation Name": "movie_info_idx",
                              "Alias": "mi_idx",
                              "Startup Cost": 0.0,
                              "Total Cost": 15122.68,
                              "Plan Rows": 191863,
                              "Plan Width": 4,
                              "Actual Startup Time": 0.018,
                              "Actual Total Time": 32.855,
                              "Actual Rows": 114981,
                              "Actual Loops": 4,
                              "Filter": "(info_type_id = 100)",
                              "Rows Removed by Filter": 230028
                            },
                            {
                              "Node Type": "Hash",
                              "Parent Relationship": "Inner",
                              "Parallel Aware": true,
                              "Startup Cost": 45479.59,
                              "Total Cost": 45479.59,
                              "Plan Rows": 194562,
                              "Plan Width": 4,
                              "Actual Startup Time": 174.564,
                              "Actual Total Time": 174.565,
                              "Actual Rows": 209660,
                              "Actual Loops": 4,
                              "Hash Buckets": 1048576,
                              "Original Hash Buckets": 1048576,
                              "Hash Batches": 1,
                              "Original Hash Batches": 1,
                              "Peak Memory Usage": 41056,
                              "Plans": [
                                {
                                  "Node Type": "Seq Scan",
                                  "Parent Relationship": "Outer",
                                  "Parallel Aware": true,
                                  "Relation Name": "title",
                                  "Alias": "t",
                                  "Startup Cost": 0.0,
                                  "Total Cost": 45479.59,
                                  "Plan Rows": 194562,
                                  "Plan Width": 4,
                                  "Actual Startup Time": 0.032,
                                  "Actual Total Time": 102.078,
                                  "Actual Rows": 209660,
                                  "Actual Loops": 4,
                                  "Filter": "((kind_id > 2) AND (production_year > 2004))",
                                  "Rows Removed by Filter": 422418
                                }
                              ]
                            }
                          ]
                        }
                      ]
                    }
                  ]
                }
              ]
            }
          ]
        }
      ]
    },
    "Planning Time": 0.711,
    "Triggers": [],
    "Execution Time": 419.847
  }
]