{
  "Plan": {
    "Node Type": "Aggregate",
    "Strategy": "Plain",
    "Partial Mode": "Finalize",
    "Parallel Aware": false,
    "Startup Cost": 117530.96,
    "Total Cost": 117530.97,
    "Plan Rows": 1,
    "Plan Width": 8,
    "Actual Startup Time": 529.011,
    "Actual Total Time": 549.225,
    "Actual Rows": 1,
    "Actual Loops": 1,
    "Plans": [
      {
        "Node Type": "Gather",
        "Parent Relationship": "Outer",
        "Parallel Aware": false,
        "Startup Cost": 117530.84,
        "Total Cost": 117530.95,
        "Plan Rows": 1,
        "Plan Width": 8,
        "Actual Startup Time": 528.774,
        "Actual Total Time": 549.217,
        "Actual Rows": 2,
        "Actual Loops": 1,
        "Workers Planned": 1,
        "Workers Launched": 1,
        "Single Copy": false,
        "Plans": [
          {
            "Node Type": "Aggregate",
            "Strategy": "Plain",
            "Partial Mode": "Partial",
            "Parent Relationship": "Outer",
            "Parallel Aware": false,
            "Startup Cost": 116530.84,
            "Total Cost": 116530.85,
            "Plan Rows": 1,
            "Plan Width": 8,
            "Actual Startup Time": 523.145,
            "Actual Total Time": 523.148,
            "Actual Rows": 1,
            "Actual Loops": 2,
            "Plans": [
              {
                "Node Type": "Hash Join",
                "Parent Relationship": "Outer",
                "Parallel Aware": true,
                "Join Type": "Inner",
                "Startup Cost": 58434.27,
                "Total Cost": 116485.11,
                "Plan Rows": 18293,
                "Plan Width": 0,
                "Actual Startup Time": 154.714,
                "Actual Total Time": 521.222,
                "Actual Rows": 37034,
                "Actual Loops": 2,
                "Inner Unique": true,
                "Hash Cond": "(mk.movie_id = t.id)",
                "Plans": [
                  {
                    "Node Type": "Seq Scan",
                    "Parent Relationship": "Outer",
                    "Parallel Aware": true,
                    "Relation Name": "movie_keyword",
                    "Alias": "mk",
                    "Startup Cost": 0.0,
                    "Total Cost": 51065.35,
                    "Plan Rows": 2661135,
                    "Plan Width": 4,
                    "Actual Startup Time": 0.015,
                    "Actual Total Time": 180.571,
                    "Actual Rows": 2261965,
                    "Actual Loops": 2
                  },
                  {
                    "Node Type": "Hash",
                    "Parent Relationship": "Inner",
                    "Parallel Aware": true,
                    "Startup Cost": 58306.47,
                    "Total Cost": 58306.47,
                    "Plan Rows": 10224,
                    "Plan Width": 4,
                    "Actual Startup Time": 153.325,
                    "Actual Total Time": 153.326,
                    "Actual Rows": 6558,
                    "Actual Loops": 2,
                    "Hash Buckets": 32768,
                    "Original Hash Buckets": 32768,
                    "Hash Batches": 1,
                    "Original Hash Batches": 1,
                    "Peak Memory Usage": 800,
                    "Plans": [
                      {
                        "Node Type": "Seq Scan",
                        "Parent Relationship": "Outer",
                        "Parallel Aware": true,
                        "Relation Name": "title",
                        "Alias": "t",
                        "Startup Cost": 0.0,
                        "Total Cost": 58306.47,
                        "Plan Rows": 10224,
                        "Plan Width": 4,
                        "Actual Startup Time": 0.331,
                        "Actual Total Time": 150.722,
                        "Actual Rows": 6558,
                        "Actual Loops": 2,
                        "Filter": "((kind_id < 4) AND (production_year = 2000))",
                        "Rows Removed by Filter": 1257598
                      }
                    ]
                  }
                ]
              }
            ]
          }
        ]
      }
    ]
  },
  "Planning Time": 0.446,
  "Triggers": [],
  "Execution Time": 549.298
}