[
  {
    "Plan": {
      "Node Type": "Aggregate",
      "Strategy": "Plain",
      "Partial Mode": "Finalize",
      "Parallel Aware": false,
      "Startup Cost": 336646.3,
      "Total Cost": 336646.31,
      "Plan Rows": 1,
      "Plan Width": 8,
      "Actual Startup Time": 688.322,
      "Actual Total Time": 735.195,
      "Actual Rows": 1,
      "Actual Loops": 1,
      "Plans": [
        {
          "Node Type": "Gather",
          "Parent Relationship": "Outer",
          "Parallel Aware": false,
          "Startup Cost": 336645.67,
          "Total Cost": 336646.28,
          "Plan Rows": 6,
          "Plan Width": 8,
          "Actual Startup Time": 688.126,
          "Actual Total Time": 735.177,
          "Actual Rows": 7,
          "Actual Loops": 1,
          "Workers Planned": 6,
          "Workers Launched": 6,
          "Single Copy": false,
          "Plans": [
            {
              "Node Type": "Aggregate",
              "Strategy": "Plain",
              "Partial Mode": "Partial",
              "Parent Relationship": "Outer",
              "Parallel Aware": false,
              "Startup Cost": 335645.67,
              "Total Cost": 335645.68,
              "Plan Rows": 1,
              "Plan Width": 8,
              "Actual Startup Time": 679.509,
              "Actual Total Time": 679.511,
              "Actual Rows": 1,
              "Actual Loops": 7,
              "Plans": [
                {
                  "Node Type": "Seq Scan",
                  "Parent Relationship": "Outer",
                  "Parallel Aware": true,
                  "Relation Name": "cast_info",
                  "Alias": "ci",
                  "Startup Cost": 0.0,
                  "Total Cost": 328211.39,
                  "Plan Rows": 2973713,
                  "Plan Width": 0,
                  "Actual Startup Time": 198.652,
                  "Actual Total Time": 566.468,
                  "Actual Rows": 2519839,
                  "Actual Loops": 7,
                  "Filter": "(person_id > 1852067)",
                  "Rows Removed by Filter": 2657925
                }
              ]
            }
          ]
        }
      ]
    },
    "Planning Time": 0.2,
    "Triggers": [],
    "Execution Time": 735.27
  }
]