{
  "Plan": {
    "Node Type": "Aggregate",
    "Strategy": "Plain",
    "Partial Mode": "Finalize",
    "Parallel Aware": false,
    "Startup Cost": 99131.18,
    "Total Cost": 99131.19,
    "Plan Rows": 1,
    "Plan Width": 8,
    "Actual Startup Time": 427.977,
    "Actual Total Time": 445.562,
    "Actual Rows": 1,
    "Actual Loops": 1,
    "Plans": [
      {
        "Node Type": "Gather",
        "Parent Relationship": "Outer",
        "Parallel Aware": false,
        "Startup Cost": 99131.07,
        "Total Cost": 99131.18,
        "Plan Rows": 1,
        "Plan Width": 8,
        "Actual Startup Time": 425.776,
        "Actual Total Time": 445.554,
        "Actual Rows": 2,
        "Actual Loops": 1,
        "Workers Planned": 1,
        "Workers Launched": 1,
        "Single Copy": false,
        "Plans": [
          {
            "Node Type": "Aggregate",
            "Strategy": "Plain",
            "Partial Mode": "Partial",
            "Parent Relationship": "Outer",
            "Parallel Aware": false,
            "Startup Cost": 98131.07,
            "Total Cost": 98131.08,
            "Plan Rows": 1,
            "Plan Width": 8,
            "Actual Startup Time": 419.939,
            "Actual Total Time": 419.943,
            "Actual Rows": 1,
            "Actual Loops": 2,
            "Plans": [
              {
                "Node Type": "Hash Join",
                "Parent Relationship": "Outer",
                "Parallel Aware": true,
                "Join Type": "Inner",
                "Startup Cost": 69588.77,
                "Total Cost": 97933.11,
                "Plan Rows": 79185,
                "Plan Width": 0,
                "Actual Startup Time": 291.683,
                "Actual Total Time": 415.69,
                "Actual Rows": 94240,
                "Actual Loops": 2,
                "Inner Unique": true,
                "Hash Cond": "(mk.movie_id = t.id)",
                "Plans": [
                  {
                    "Node Type": "Bitmap Heap Scan",
                    "Parent Relationship": "Outer",
                    "Parallel Aware": true,
                    "Relation Name": "movie_keyword",
                    "Alias": "mk",
                    "Startup Cost": 9277.21,
                    "Total Cost": 36946.36,
                    "Plan Rows": 257212,
                    "Plan Width": 4,
                    "Actual Startup Time": 24.517,
                    "Actual Total Time": 91.099,
                    "Actual Rows": 226665,
                    "Actual Loops": 2,
                    "Recheck Cond": "(keyword_id < 348)",
                    "Rows Removed by Index Recheck": 0,
                    "Exact Heap Blocks": 14170,
                    "Lossy Heap Blocks": 0,
                    "Plans": [
                      {
                        "Node Type": "Bitmap Index Scan",
                        "Parent Relationship": "Outer",
                        "Parallel Aware": false,
                        "Index Name": "keyword_id_movie_keyword",
                        "Startup Cost": 0.0,
                        "Total Cost": 9167.89,
                        "Plan Rows": 437261,
                        "Plan Width": 0,
                        "Actual Startup Time": 20.866,
                        "Actual Total Time": 20.866,
                        "Actual Rows": 453330,
                        "Actual Loops": 1,
                        "Index Cond": "(keyword_id < 348)"
                      }
                    ]
                  },
                  {
                    "Node Type": "Hash",
                    "Parent Relationship": "Inner",
                    "Parallel Aware": true,
                    "Startup Cost": 54588.39,
                    "Total Cost": 54588.39,
                    "Plan Rows": 457854,
                    "Plan Width": 4,
                    "Actual Startup Time": 257.742,
                    "Actual Total Time": 257.743,
                    "Actual Rows": 391338,
                    "Actual Loops": 2,
                    "Hash Buckets": 1048576,
                    "Original Hash Buckets": 1048576,
                    "Hash Batches": 1,
                    "Original Hash Batches": 1,
                    "Peak Memory Usage": 38848,
                    "Plans": [
                      {
                        "Node Type": "Seq Scan",
                        "Parent Relationship": "Outer",
                        "Parallel Aware": true,
                        "Relation Name": "title",
                        "Alias": "t",
                        "Startup Cost": 0.0,
                        "Total Cost": 54588.39,
                        "Plan Rows": 457854,
                        "Plan Width": 4,
                        "Actual Startup Time": 0.028,
                        "Actual Total Time": 155.945,
                        "Actual Rows": 391338,
                        "Actual Loops": 2,
                        "Filter": "(production_year < 1994)",
                        "Rows Removed by Filter": 872818
                      }
                    ]
                  }
                ]
              }
            ]
          }
        ]
      }
    ]
  },
  "Planning Time": 0.449,
  "Triggers": [],
  "Execution Time": 445.702
}