{
  "Plan": {
    "Node Type": "Aggregate",
    "Strategy": "Plain",
    "Partial Mode": "Simple",
    "Parallel Aware": false,
    "Startup Cost": 480629.44,
    "Total Cost": 480629.45,
    "Plan Rows": 1,
    "Plan Width": 96,
    "Actual Startup Time": 1794.711,
    "Actual Total Time": 1846.19,
    "Actual Rows": 1,
    "Actual Loops": 1,
    "Plans": [
      {
        "Node Type": "Gather",
        "Parent Relationship": "Outer",
        "Parallel Aware": false,
        "Startup Cost": 185974.52,
        "Total Cost": 480629.43,
        "Plan Rows": 1,
        "Plan Width": 42,
        "Actual Startup Time": 1624.509,
        "Actual Total Time": 1846.156,
        "Actual Rows": 31,
        "Actual Loops": 1,
        "Workers Planned": 1,
        "Workers Launched": 1,
        "Single Copy": false,
        "Plans": [
          {
            "Node Type": "Hash Join",
            "Parent Relationship": "Outer",
            "Parallel Aware": false,
            "Join Type": "Inner",
            "Startup Cost": 184974.52,
            "Total Cost": 479629.33,
            "Plan Rows": 1,
            "Plan Width": 42,
            "Actual Startup Time": 1614.894,
            "Actual Total Time": 1786.183,
            "Actual Rows": 16,
            "Actual Loops": 2,
            "Inner Unique": true,
            "Hash Cond": "(mi_idx.info_type_id = it2.id)",
            "Plans": [
              {
                "Node Type": "Hash Join",
                "Parent Relationship": "Outer",
                "Parallel Aware": false,
                "Join Type": "Inner",
                "Startup Cost": 184972.09,
                "Total Cost": 479626.9,
                "Plan Rows": 1,
                "Plan Width": 46,
                "Actual Startup Time": 1614.314,
                "Actual Total Time": 1785.591,
                "Actual Rows": 46,
                "Actual Loops": 2,
                "Inner Unique": true,
                "Hash Cond": "(mi.info_type_id = it1.id)",
                "Plans": [
                  {
                    "Node Type": "Hash Join",
                    "Parent Relationship": "Outer",
                    "Parallel Aware": true,
                    "Join Type": "Inner",
                    "Startup Cost": 184969.67,
                    "Total Cost": 479624.47,
                    "Plan Rows": 1,
                    "Plan Width": 50,
                    "Actual Startup Time": 873.473,
                    "Actual Total Time": 1785.49,
                    "Actual Rows": 50,
                    "Actual Loops": 2,
                    "Inner Unique": false,
                    "Hash Cond": "(mi.movie_id = t.id)",
                    "Plans": [
                      {
                        "Node Type": "Seq Scan",
                        "Parent Relationship": "Outer",
                        "Parallel Aware": true,
                        "Relation Name": "movie_info",
                        "Alias": "mi",
                        "Startup Cost": 0.0,
                        "Total Cost": 293185.7,
                        "Plan Rows": 391759,
                        "Plan Width": 8,
                        "Actual Startup Time": 0.355,
                        "Actual Total Time": 933.432,
                        "Actual Rows": 334668,
                        "Actual Loops": 2,
                        "Filter": "(info = ANY ('{Germany,German,USA,American}'::text[]))",
                        "Rows Removed by Filter": 7083192
                      },
                      {
                        "Node Type": "Hash",
                        "Parent Relationship": "Inner",
                        "Parallel Aware": true,
                        "Startup Cost": 184969.66,
                        "Total Cost": 184969.66,
                        "Plan Rows": 1,
                        "Plan Width": 62,
                        "Actual Startup Time": 833.319,
                        "Actual Total Time": 833.345,
                        "Actual Rows": 76,
                        "Actual Loops": 2,
                        "Hash Buckets": 1024,
                        "Original Hash Buckets": 1024,
                        "Hash Batches": 1,
                        "Original Hash Batches": 1,
                        "Peak Memory Usage": 72,
                        "Plans": [
                          {
                            "Node Type": "Hash Join",
                            "Parent Relationship": "Outer",
                            "Parallel Aware": false,
                            "Join Type": "Inner",
                            "Startup Cost": 164299.68,
                            "Total Cost": 184969.66,
                            "Plan Rows": 1,
                            "Plan Width": 62,
                            "Actual Startup Time": 769.028,
                            "Actual Total Time": 833.256,
                            "Actual Rows": 76,
                            "Actual Loops": 2,
                            "Inner Unique": true,
                            "Hash Cond": "(mc.company_type_id = ct.id)",
                            "Plans": [
                              {
                                "Node Type": "Hash Join",
                                "Parent Relationship": "Outer",
                                "Parallel Aware": true,
                                "Join Type": "Inner",
                                "Startup Cost": 164298.59,
                                "Total Cost": 184968.56,
                                "Plan Rows": 1,
                                "Plan Width": 66,
                                "Actual Startup Time": 768.942,
                                "Actual Total Time": 833.152,
                                "Actual Rows": 76,
                                "Actual Loops": 2,
                                "Inner Unique": false,
                                "Hash Cond": "(mi_idx.movie_id = t.id)",
                                "Plans": [
                                  {
                                    "Node Type": "Seq Scan",
                                    "Parent Relationship": "Outer",
                                    "Parallel Aware": true,
                                    "Relation Name": "movie_info_idx",
                                    "Alias": "mi_idx",
                                    "Startup Cost": 0.0,
                                    "Total Cost": 18082.32,
                                    "Plan Rows": 690039,
                                    "Plan Width": 14,
                                    "Actual Startup Time": 0.017,
                                    "Actual Total Time": 74.596,
                                    "Actual Rows": 586480,
                                    "Actual Loops": 2,
                                    "Filter": "(info < '7.0'::text)",
                                    "Rows Removed by Filter": 103538
                                  },
                                  {
                                    "Node Type": "Hash",
                                    "Parent Relationship": "Inner",
                                    "Parallel Aware": true,
                                    "Startup Cost": 164298.58,
                                    "Total Cost": 164298.58,
                                    "Plan Rows": 1,
                                    "Plan Width": 52,
                                    "Actual Startup Time": 729.679,
                                    "Actual Total Time": 729.7,
                                    "Actual Rows": 31,
                                    "Actual Loops": 2,
                                    "Hash Buckets": 1024,
                                    "Original Hash Buckets": 1024,
                                    "Hash Batches": 1,
                                    "Original Hash Batches": 1,
                                    "Peak Memory Usage": 72,
                                    "Plans": [
                                      {
                                        "Node Type": "Hash Join",
                                        "Parent Relationship": "Outer",
                                        "Parallel Aware": false,
                                        "Join Type": "Inner",
                                        "Startup Cost": 159298.87,
                                        "Total Cost": 164298.58,
                                        "Plan Rows": 1,
                                        "Plan Width": 52,
                                        "Actual Startup Time": 711.805,
                                        "Actual Total Time": 729.66,
                                        "Actual Rows": 31,
                                        "Actual Loops": 2,
                                        "Inner Unique": true,
                                        "Hash Cond": "(t.kind_id = kt.id)",
                                        "Plans": [
                                          {
                                            "Node Type": "Hash Join",
                                            "Parent Relationship": "Outer",
                                            "Parallel Aware": true,
                                            "Join Type": "Inner",
                                            "Startup Cost": 159297.75,
                                            "Total Cost": 164297.46,
                                            "Plan Rows": 1,
                                            "Plan Width": 56,
                                            "Actual Startup Time": 711.716,
                                            "Actual Total Time": 729.559,
                                            "Actual Rows": 36,
                                            "Actual Loops": 2,
                                            "Inner Unique": false,
                                            "Hash Cond": "(cn.id = mc.company_id)",
                                            "Plans": [
                                              {
                                                "Node Type": "Seq Scan",
                                                "Parent Relationship": "Outer",
                                                "Parallel Aware": true,
                                                "Relation Name": "company_name",
                                                "Alias": "cn",
                                                "Startup Cost": 0.0,
                                                "Total Cost": 4722.92,
                                                "Plan Rows": 73808,
                                                "Plan Width": 23,
                                                "Actual Startup Time": 0.019,
                                                "Actual Total Time": 14.557,
                                                "Actual Rows": 63115,
                                                "Actual Loops": 2,
                                                "Filter": "((country_code)::text <> '[us]'::text)",
                                                "Rows Removed by Filter": 54384
                                              },
                                              {
                                                "Node Type": "Hash",
                                                "Parent Relationship": "Inner",
                                                "Parallel Aware": true,
                                                "Startup Cost": 159297.74,
                                                "Total Cost": 159297.74,
                                                "Plan Rows": 1,
                                                "Plan Width": 41,
                                                "Actual Startup Time": 711.533,
                                                "Actual Total Time": 711.547,
                                                "Actual Rows": 62,
                                                "Actual Loops": 2,
                                                "Hash Buckets": 1024,
                                                "Original Hash Buckets": 1024,
                                                "Hash Batches": 1,
                                                "Original Hash Batches": 1,
                                                "Peak Memory Usage": 72,
                                                "Plans": [
                                                  {
                                                    "Node Type": "Hash Join",
                                                    "Parent Relationship": "Outer",
                                                    "Parallel Aware": true,
                                                    "Join Type": "Inner",
                                                    "Startup Cost": 117186.76,
                                                    "Total Cost": 159297.74,
                                                    "Plan Rows": 1,
                                                    "Plan Width": 41,
                                                    "Actual Startup Time": 540.023,
                                                    "Actual Total Time": 711.483,
                                                    "Actual Rows": 62,
                                                    "Actual Loops": 2,
                                                    "Inner Unique": false,
                                                    "Hash Cond": "(mc.movie_id = t.id)",
                                                    "Plans": [
                                                      {
                                                        "Node Type": "Seq Scan",
                                                        "Parent Relationship": "Outer",
                                                        "Parallel Aware": true,
                                                        "Relation Name": "movie_companies",
                                                        "Alias": "mc",
                                                        "Startup Cost": 0.0,
                                                        "Total Cost": 41811.73,
                                                        "Plan Rows": 79798,
                                                        "Plan Width": 12,
                                                        "Actual Startup Time": 0.021,
                                                        "Actual Total Time": 160.877,
                                                        "Actual Rows": 151636,
                                                        "Actual Loops": 2,
                                                        "Filter": "((note !~~ '%(USA)%'::text) AND (note ~~ '%(200%)%'::text))",
                                                        "Rows Removed by Filter": 1152929
                                                      },
                                                      {
                                                        "Node Type": "Hash",
                                                        "Parent Relationship": "Inner",
                                                        "Parallel Aware": true,
                                                        "Startup Cost": 117186.55,
                                                        "Total Cost": 117186.55,
                                                        "Plan Rows": 17,
                                                        "Plan Width": 29,
                                                        "Actual Startup Time": 537.869,
                                                        "Actual Total Time": 537.879,
                                                        "Actual Rows": 2020,
                                                        "Actual Loops": 2,
                                                        "Hash Buckets": 4096,
                                                        "Original Hash Buckets": 1024,
                                                        "Hash Batches": 1,
                                                        "Original Hash Batches": 1,
                                                        "Peak Memory Usage": 344,
                                                        "Plans": [
                                                          {
                                                            "Node Type": "Hash Join",
                                                            "Parent Relationship": "Outer",
                                                            "Parallel Aware": true,
                                                            "Join Type": "Inner",
                                                            "Startup Cost": 61013.64,
                                                            "Total Cost": 117186.55,
                                                            "Plan Rows": 17,
                                                            "Plan Width": 29,
                                                            "Actual Startup Time": 366.734,
                                                            "Actual Total Time": 529.057,
                                                            "Actual Rows": 2020,
                                                            "Actual Loops": 2,
                                                            "Inner Unique": false,
                                                            "Hash Cond": "(t.id = mk.movie_id)",
                                                            "Plans": [
                                                              {
                                                                "Node Type": "Seq Scan",
                                                                "Parent Relationship": "Outer",
                                                                "Parallel Aware": true,
                                                                "Relation Name": "title",
                                                                "Alias": "t",
                                                                "Startup Cost": 0.0,
                                                                "Total Cost": 54589.98,
                                                                "Plan Rows": 316566,
                                                                "Plan Width": 25,
                                                                "Actual Startup Time": 0.009,
                                                                "Actual Total Time": 129.372,
                                                                "Actual Rows": 266684,
                                                                "Actual Loops": 2,
                                                                "Filter": "(production_year > 2009)",
                                                                "Rows Removed by Filter": 997472
                                                              },
                                                              {
                                                                "Node Type": "Hash",
                                                                "Parent Relationship": "Inner",
                                                                "Parallel Aware": true,
                                                                "Startup Cost": 61012.65,
                                                                "Total Cost": 61012.65,
                                                                "Plan Rows": 79,
                                                                "Plan Width": 4,
                                                                "Actual Startup Time": 366.516,
                                                                "Actual Total Time": 366.521,
                                                                "Actual Rows": 18546,
                                                                "Actual Loops": 2,
                                                                "Hash Buckets": 65536,
                                                                "Original Hash Buckets": 1024,
                                                                "Hash Batches": 1,
                                                                "Original Hash Batches": 1,
                                                                "Peak Memory Usage": 2488,
                                                                "Plans": [
                                                                  {
                                                                    "Node Type": "Hash Join",
                                                                    "Parent Relationship": "Outer",
                                                                    "Parallel Aware": false,
                                                                    "Join Type": "Inner",
                                                                    "Startup Cost": 2961.6,
                                                                    "Total Cost": 61012.65,
                                                                    "Plan Rows": 79,
                                                                    "Plan Width": 4,
                                                                    "Actual Startup Time": 32.484,
                                                                    "Actual Total Time": 331.713,
                                                                    "Actual Rows": 18546,
                                                                    "Actual Loops": 2,
                                                                    "Inner Unique": true,
                                                                    "Hash Cond": "(mk.keyword_id = k.id)",
                                                                    "Plans": [
                                                                      {
                                                                        "Node Type": "Seq Scan",
                                                                        "Parent Relationship": "Outer",
                                                                        "Parallel Aware": true,
                                                                        "Relation Name": "movie_keyword",
                                                                        "Alias": "mk",
                                                                        "Startup Cost": 0.0,
                                                                        "Total Cost": 51065.35,
                                                                        "Plan Rows": 2661135,
                                                                        "Plan Width": 8,
                                                                        "Actual Startup Time": 0.028,
                                                                        "Actual Total Time": 155.092,
                                                                        "Actual Rows": 2261965,
                                                                        "Actual Loops": 2
                                                                      },
                                                                      {
                                                                        "Node Type": "Hash",
                                                                        "Parent Relationship": "Inner",
                                                                        "Parallel Aware": false,
                                                                        "Startup Cost": 2961.55,
                                                                        "Total Cost": 2961.55,
                                                                        "Plan Rows": 4,
                                                                        "Plan Width": 4,
                                                                        "Actual Startup Time": 32.343,
                                                                        "Actual Total Time": 32.345,
                                                                        "Actual Rows": 3,
                                                                        "Actual Loops": 2,
                                                                        "Hash Buckets": 1024,
                                                                        "Original Hash Buckets": 1024,
                                                                        "Hash Batches": 1,
                                                                        "Original Hash Batches": 1,
                                                                        "Peak Memory Usage": 9,
                                                                        "Plans": [
                                                                          {
                                                                            "Node Type": "Seq Scan",
                                                                            "Parent Relationship": "Outer",
                                                                            "Parallel Aware": false,
                                                                            "Relation Name": "keyword",
                                                                            "Alias": "k",
                                                                            "Startup Cost": 0.0,
                                                                            "Total Cost": 2961.55,
                                                                            "Plan Rows": 4,
                                                                            "Plan Width": 4,
                                                                            "Actual Startup Time": 2.624,
                                                                            "Actual Total Time": 32.331,
                                                                            "Actual Rows": 3,
                                                                            "Actual Loops": 2,
                                                                            "Filter": "(keyword = ANY ('{murder,murder-in-title,blood,violence}'::text[]))",
                                                                            "Rows Removed by Filter": 134167
                                                                          }
                                                                        ]
                                                                      }
                                                                    ]
                                                                  }
                                                                ]
                                                              }
                                                            ]
                                                          }
                                                        ]
                                                      }
                                                    ]
                                                  }
                                                ]
                                              }
                                            ]
                                          },
                                          {
                                            "Node Type": "Hash",
                                            "Parent Relationship": "Inner",
                                            "Parallel Aware": false,
                                            "Startup Cost": 1.09,
                                            "Total Cost": 1.09,
                                            "Plan Rows": 2,
                                            "Plan Width": 4,
                                            "Actual Startup Time": 0.054,
                                            "Actual Total Time": 0.055,
                                            "Actual Rows": 2,
                                            "Actual Loops": 2,
                                            "Hash Buckets": 1024,
                                            "Original Hash Buckets": 1024,
                                            "Hash Batches": 1,
                                            "Original Hash Batches": 1,
                                            "Peak Memory Usage": 9,
                                            "Plans": [
                                              {
                                                "Node Type": "Seq Scan",
                                                "Parent Relationship": "Outer",
                                                "Parallel Aware": false,
                                                "Relation Name": "kind_type",
                                                "Alias": "kt",
                                                "Startup Cost": 0.0,
                                                "Total Cost": 1.09,
                                                "Plan Rows": 2,
                                                "Plan Width": 4,
                                                "Actual Startup Time": 0.04,
                                                "Actual Total Time": 0.045,
                                                "Actual Rows": 2,
                                                "Actual Loops": 2,
                                                "Filter": "((kind)::text = ANY ('{movie,episode}'::text[]))",
                                                "Rows Removed by Filter": 5
                                              }
                                            ]
                                          }
                                        ]
                                      }
                                    ]
                                  }
                                ]
                              },
                              {
                                "Node Type": "Hash",
                                "Parent Relationship": "Inner",
                                "Parallel Aware": false,
                                "Startup Cost": 1.04,
                                "Total Cost": 1.04,
                                "Plan Rows": 4,
                                "Plan Width": 4,
                                "Actual Startup Time": 0.047,
                                "Actual Total Time": 0.048,
                                "Actual Rows": 4,
                                "Actual Loops": 2,
                                "Hash Buckets": 1024,
                                "Original Hash Buckets": 1024,
                                "Hash Batches": 1,
                                "Original Hash Batches": 1,
                                "Peak Memory Usage": 9,
                                "Plans": [
                                  {
                                    "Node Type": "Seq Scan",
                                    "Parent Relationship": "Outer",
                                    "Parallel Aware": false,
                                    "Relation Name": "company_type",
                                    "Alias": "ct",
                                    "Startup Cost": 0.0,
                                    "Total Cost": 1.04,
                                    "Plan Rows": 4,
                                    "Plan Width": 4,
                                    "Actual Startup Time": 0.034,
                                    "Actual Total Time": 0.037,
                                    "Actual Rows": 4,
                                    "Actual Loops": 2
                                  }
                                ]
                              }
                            ]
                          }
                        ]
                      }
                    ]
                  },
                  {
                    "Node Type": "Hash",
                    "Parent Relationship": "Inner",
                    "Parallel Aware": false,
                    "Startup Cost": 2.41,
                    "Total Cost": 2.41,
                    "Plan Rows": 1,
                    "Plan Width": 4,
                    "Actual Startup Time": 0.053,
                    "Actual Total Time": 0.054,
                    "Actual Rows": 1,
                    "Actual Loops": 2,
                    "Hash Buckets": 1024,
                    "Original Hash Buckets": 1024,
                    "Hash Batches": 1,
                    "Original Hash Batches": 1,
                    "Peak Memory Usage": 9,
                    "Plans": [
                      {
                        "Node Type": "Seq Scan",
                        "Parent Relationship": "Outer",
                        "Parallel Aware": false,
                        "Relation Name": "info_type",
                        "Alias": "it1",
                        "Startup Cost": 0.0,
                        "Total Cost": 2.41,
                        "Plan Rows": 1,
                        "Plan Width": 4,
                        "Actual Startup Time": 0.022,
                        "Actual Total Time": 0.042,
                        "Actual Rows": 1,
                        "Actual Loops": 2,
                        "Filter": "((info)::text = 'countries'::text)",
                        "Rows Removed by Filter": 112
                      }
                    ]
                  }
                ]
              },
              {
                "Node Type": "Hash",
                "Parent Relationship": "Inner",
                "Parallel Aware": false,
                "Startup Cost": 2.41,
                "Total Cost": 2.41,
                "Plan Rows": 1,
                "Plan Width": 4,
                "Actual Startup Time": 0.091,
                "Actual Total Time": 0.091,
                "Actual Rows": 1,
                "Actual Loops": 2,
                "Hash Buckets": 1024,
                "Original Hash Buckets": 1024,
                "Hash Batches": 1,
                "Original Hash Batches": 1,
                "Peak Memory Usage": 9,
                "Plans": [
                  {
                    "Node Type": "Seq Scan",
                    "Parent Relationship": "Outer",
                    "Parallel Aware": false,
                    "Relation Name": "info_type",
                    "Alias": "it2",
                    "Startup Cost": 0.0,
                    "Total Cost": 2.41,
                    "Plan Rows": 1,
                    "Plan Width": 4,
                    "Actual Startup Time": 0.068,
                    "Actual Total Time": 0.073,
                    "Actual Rows": 1,
                    "Actual Loops": 2,
                    "Filter": "((info)::text = 'rating'::text)",
                    "Rows Removed by Filter": 112
                  }
                ]
              }
            ]
          }
        ]
      }
    ]
  },
  "Planning Time": 2.603,
  "Triggers": [],
  "Execution Time": 1846.382
}