[
  {
    "Plan": {
      "Node Type": "Aggregate",
      "Strategy": "Plain",
      "Partial Mode": "Simple",
      "Parallel Aware": false,
      "Startup Cost": 5155.9,
      "Total Cost": 5155.91,
      "Plan Rows": 1,
      "Plan Width": 8,
      "Actual Startup Time": 1.357,
      "Actual Total Time": 1.358,
      "Actual Rows": 1,
      "Actual Loops": 1,
      "Plans": [
        {
          "Node Type": "Nested Loop",
          "Parent Relationship": "Outer",
          "Parallel Aware": false,
          "Join Type": "Inner",
          "Startup Cost": 1.42,
          "Total Cost": 5155.78,
          "Plan Rows": 48,
          "Plan Width": 0,
          "Actual Startup Time": 0.221,
          "Actual Total Time": 1.352,
          "Actual Rows": 27,
          "Actual Loops": 1,
          "Inner Unique": true,
          "Join Filter": "(ci.movie_id = t.id)",
          "Rows Removed by Join Filter": 0,
          "Plans": [
            {
              "Node Type": "Nested Loop",
              "Parent Relationship": "Outer",
              "Parallel Aware": false,
              "Join Type": "Inner",
              "Startup Cost": 0.99,
              "Total Cost": 4973.94,
              "Plan Rows": 212,
              "Plan Width": 8,
              "Actual Startup Time": 0.207,
              "Actual Total Time": 0.903,
              "Actual Rows": 66,
              "Actual Loops": 1,
              "Inner Unique": false,
              "Plans": [
                {
                  "Node Type": "Index Scan",
                  "Parent Relationship": "Outer",
                  "Parallel Aware": false,
                  "Scan Direction": "Forward",
                  "Index Name": "person_id_cast_info",
                  "Relation Name": "cast_info",
                  "Alias": "ci",
                  "Startup Cost": 0.56,
                  "Total Cost": 985.86,
                  "Plan Rows": 484,
                  "Plan Width": 4,
                  "Actual Startup Time": 0.18,
                  "Actual Total Time": 0.203,
                  "Actual Rows": 86,
                  "Actual Loops": 1,
                  "Index Cond": "(person_id = 2481031)",
                  "Rows Removed by Index Recheck": 0
                },
                {
                  "Node Type": "Index Scan",
                  "Parent Relationship": "Inner",
                  "Parallel Aware": false,
                  "Scan Direction": "Forward",
                  "Index Name": "movie_id_movie_info_idx",
                  "Relation Name": "movie_info_idx",
                  "Alias": "mi_idx",
                  "Startup Cost": 0.43,
                  "Total Cost": 8.23,
                  "Plan Rows": 1,
                  "Plan Width": 4,
                  "Actual Startup Time": 0.007,
                  "Actual Total Time": 0.008,
                  "Actual Rows": 1,
                  "Actual Loops": 86,
                  "Index Cond": "(movie_id = ci.movie_id)",
                  "Rows Removed by Index Recheck": 0,
                  "Filter": "(info_type_id = 99)",
                  "Rows Removed by Filter": 2
                }
              ]
            },
            {
              "Node Type": "Index Scan",
              "Parent Relationship": "Inner",
              "Parallel Aware": false,
              "Scan Direction": "Forward",
              "Index Name": "title_pkey",
              "Relation Name": "title",
              "Alias": "t",
              "Startup Cost": 0.43,
              "Total Cost": 0.85,
              "Plan Rows": 1,
              "Plan Width": 4,
              "Actual Startup Time": 0.006,
              "Actual Total Time": 0.006,
              "Actual Rows": 0,
              "Actual Loops": 66,
              "Index Cond": "(id = mi_idx.movie_id)",
              "Rows Removed by Index Recheck": 0,
              "Filter": "(production_year > 2000)",
              "Rows Removed by Filter": 1
            }
          ]
        }
      ]
    },
    "Planning Time": 0.572,
    "Triggers": [],
    "Execution Time": 1.392
  }
]