[
  {
    "Plan": {
      "Node Type": "Aggregate",
      "Strategy": "Plain",
      "Partial Mode": "Finalize",
      "Parallel Aware": false,
      "Startup Cost": 46492.9,
      "Total Cost": 46492.91,
      "Plan Rows": 1,
      "Plan Width": 8,
      "Actual Startup Time": 98.233,
      "Actual Total Time": 110.959,
      "Actual Rows": 1,
      "Actual Loops": 1,
      "Plans": [
        {
          "Node Type": "Gather",
          "Parent Relationship": "Outer",
          "Parallel Aware": false,
          "Startup Cost": 46492.48,
          "Total Cost": 46492.89,
          "Plan Rows": 4,
          "Plan Width": 8,
          "Actual Startup Time": 98.087,
          "Actual Total Time": 110.949,
          "Actual Rows": 5,
          "Actual Loops": 1,
          "Workers Planned": 4,
          "Workers Launched": 4,
          "Single Copy": false,
          "Plans": [
            {
              "Node Type": "Aggregate",
              "Strategy": "Plain",
              "Partial Mode": "Partial",
              "Parent Relationship": "Outer",
              "Parallel Aware": false,
              "Startup Cost": 45492.48,
              "Total Cost": 45492.49,
              "Plan Rows": 1,
              "Plan Width": 8,
              "Actual Startup Time": 89.422,
              "Actual Total Time": 89.424,
              "Actual Rows": 1,
              "Actual Loops": 5,
              "Plans": [
                {
                  "Node Type": "Seq Scan",
                  "Parent Relationship": "Outer",
                  "Parallel Aware": true,
                  "Relation Name": "title",
                  "Alias": "t",
                  "Startup Cost": 0.0,
                  "Total Cost": 45479.1,
                  "Plan Rows": 5354,
                  "Plan Width": 0,
                  "Actual Startup Time": 0.494,
                  "Actual Total Time": 89.082,
                  "Actual Rows": 3158,
                  "Actual Loops": 5,
                  "Filter": "((kind_id < 7) AND (production_year = 1999))",
                  "Rows Removed by Filter": 502504
                }
              ]
            }
          ]
        }
      ]
    },
    "Planning Time": 0.193,
    "Triggers": [],
    "Execution Time": 111.054
  }
]