[
  {
    "Plan": {
      "Node Type": "Aggregate",
      "Strategy": "Plain",
      "Partial Mode": "Finalize",
      "Parallel Aware": false,
      "Startup Cost": 294657.01,
      "Total Cost": 294657.02,
      "Plan Rows": 1,
      "Plan Width": 8,
      "Actual Startup Time": 157.677,
      "Actual Total Time": 164.934,
      "Actual Rows": 1,
      "Actual Loops": 1,
      "Plans": [
        {
          "Node Type": "Gather",
          "Parent Relationship": "Outer",
          "Parallel Aware": false,
          "Startup Cost": 294656.39,
          "Total Cost": 294657.0,
          "Plan Rows": 6,
          "Plan Width": 8,
          "Actual Startup Time": 156.92,
          "Actual Total Time": 164.921,
          "Actual Rows": 7,
          "Actual Loops": 1,
          "Workers Planned": 6,
          "Workers Launched": 6,
          "Single Copy": false,
          "Plans": [
            {
              "Node Type": "Aggregate",
              "Strategy": "Plain",
              "Partial Mode": "Partial",
              "Parent Relationship": "Outer",
              "Parallel Aware": false,
              "Startup Cost": 293656.39,
              "Total Cost": 293656.4,
              "Plan Rows": 1,
              "Plan Width": 8,
              "Actual Startup Time": 150.498,
              "Actual Total Time": 150.501,
              "Actual Rows": 1,
              "Actual Loops": 7,
              "Plans": [
                {
                  "Node Type": "Bitmap Heap Scan",
                  "Parent Relationship": "Outer",
                  "Parallel Aware": true,
                  "Relation Name": "cast_info",
                  "Alias": "ci",
                  "Startup Cost": 36802.36,
                  "Total Cost": 292961.88,
                  "Plan Rows": 277802,
                  "Plan Width": 0,
                  "Actual Startup Time": 67.516,
                  "Actual Total Time": 134.419,
                  "Actual Rows": 245561,
                  "Actual Loops": 7,
                  "Recheck Cond": "(person_id < 171059)",
                  "Rows Removed by Index Recheck": 0,
                  "Exact Heap Blocks": 4706,
                  "Lossy Heap Blocks": 0,
                  "Plans": [
                    {
                      "Node Type": "Bitmap Index Scan",
                      "Parent Relationship": "Outer",
                      "Parallel Aware": false,
                      "Index Name": "person_id_cast_info",
                      "Startup Cost": 0.0,
                      "Total Cost": 36385.65,
                      "Plan Rows": 1666812,
                      "Plan Width": 0,
                      "Actual Startup Time": 70.426,
                      "Actual Total Time": 70.426,
                      "Actual Rows": 1718929,
                      "Actual Loops": 1,
                      "Index Cond": "(person_id < 171059)"
                    }
                  ]
                }
              ]
            }
          ]
        }
      ]
    },
    "Planning Time": 0.205,
    "Triggers": [],
    "Execution Time": 165.012
  }
]