[
    {
        "Bao": {
            "Bao prediction": "NaN",
            "Bao recommended hint": "(no hint)"
        }
    },
    {
        "Plan": {
            "Node Type": "Aggregate",
            "Strategy": "Plain",
            "Partial Mode": "Finalize",
            "Parallel Aware": false,
            "Startup Cost": 249360.35,
            "Total Cost": 249360.36,
            "Plan Rows": 1,
            "Plan Width": 8,
            "Actual Startup Time": 650.668,
            "Actual Total Time": 674.877,
            "Actual Rows": 1,
            "Actual Loops": 1,
            "Output": [
                "count(*)"
            ],
            "Plans": [
                {
                    "Node Type": "Gather",
                    "Parent Relationship": "Outer",
                    "Parallel Aware": false,
                    "Startup Cost": 249359.83,
                    "Total Cost": 249360.34,
                    "Plan Rows": 5,
                    "Plan Width": 8,
                    "Actual Startup Time": 644.888,
                    "Actual Total Time": 674.867,
                    "Actual Rows": 6,
                    "Actual Loops": 1,
                    "Output": [
                        "(PARTIAL count(*))"
                    ],
                    "Workers Planned": 5,
                    "Workers Launched": 5,
                    "Single Copy": false,
                    "Plans": [
                        {
                            "Node Type": "Aggregate",
                            "Strategy": "Plain",
                            "Partial Mode": "Partial",
                            "Parent Relationship": "Outer",
                            "Parallel Aware": false,
                            "Startup Cost": 248359.83,
                            "Total Cost": 248359.84,
                            "Plan Rows": 1,
                            "Plan Width": 8,
                            "Actual Startup Time": 635.21,
                            "Actual Total Time": 635.214,
                            "Actual Rows": 1,
                            "Actual Loops": 6,
                            "Output": [
                                "PARTIAL count(*)"
                            ],
                            "Workers": [
                                {
                                    "Worker Number": 0,
                                    "Actual Startup Time": 632.511,
                                    "Actual Total Time": 632.514,
                                    "Actual Rows": 1,
                                    "Actual Loops": 1
                                },
                                {
                                    "Worker Number": 1,
                                    "Actual Startup Time": 632.909,
                                    "Actual Total Time": 632.911,
                                    "Actual Rows": 1,
                                    "Actual Loops": 1
                                },
                                {
                                    "Worker Number": 2,
                                    "Actual Startup Time": 633.754,
                                    "Actual Total Time": 633.758,
                                    "Actual Rows": 1,
                                    "Actual Loops": 1
                                },
                                {
                                    "Worker Number": 3,
                                    "Actual Startup Time": 633.777,
                                    "Actual Total Time": 633.78,
                                    "Actual Rows": 1,
                                    "Actual Loops": 1
                                },
                                {
                                    "Worker Number": 4,
                                    "Actual Startup Time": 633.809,
                                    "Actual Total Time": 633.812,
                                    "Actual Rows": 1,
                                    "Actual Loops": 1
                                }
                            ],
                            "Plans": [
                                {
                                    "Node Type": "Hash Join",
                                    "Parent Relationship": "Outer",
                                    "Parallel Aware": true,
                                    "Join Type": "Inner",
                                    "Startup Cost": 47516.26,
                                    "Total Cost": 247972.88,
                                    "Plan Rows": 154780,
                                    "Plan Width": 0,
                                    "Actual Startup Time": 336.47,
                                    "Actual Total Time": 623.874,
                                    "Actual Rows": 180590,
                                    "Actual Loops": 6,
                                    "Inner Unique": true,
                                    "Hash Cond": "(mi.movie_id = t.id)",
                                    "Workers": [
                                        {
                                            "Worker Number": 0,
                                            "Actual Startup Time": 333.859,
                                            "Actual Total Time": 621.231,
                                            "Actual Rows": 159107,
                                            "Actual Loops": 1
                                        },
                                        {
                                            "Worker Number": 1,
                                            "Actual Startup Time": 334.281,
                                            "Actual Total Time": 621.372,
                                            "Actual Rows": 164280,
                                            "Actual Loops": 1
                                        },
                                        {
                                            "Worker Number": 2,
                                            "Actual Startup Time": 334.48,
                                            "Actual Total Time": 622.513,
                                            "Actual Rows": 159712,
                                            "Actual Loops": 1
                                        },
                                        {
                                            "Worker Number": 3,
                                            "Actual Startup Time": 335.157,
                                            "Actual Total Time": 622.132,
                                            "Actual Rows": 164662,
                                            "Actual Loops": 1
                                        },
                                        {
                                            "Worker Number": 4,
                                            "Actual Startup Time": 335.192,
                                            "Actual Total Time": 622.224,
                                            "Actual Rows": 164314,
                                            "Actual Loops": 1
                                        }
                                    ],
                                    "Plans": [
                                        {
                                            "Node Type": "Seq Scan",
                                            "Parent Relationship": "Outer",
                                            "Parallel Aware": true,
                                            "Relation Name": "movie_info",
                                            "Schema": "public",
                                            "Alias": "mi",
                                            "Startup Cost": 0.0,
                                            "Total Cost": 198880.74,
                                            "Plan Rows": 600336,
                                            "Plan Width": 4,
                                            "Actual Startup Time": 84.613,
                                            "Actual Total Time": 360.4,
                                            "Actual Rows": 506120,
                                            "Actual Loops": 6,
                                            "Output": [
                                                "mi.id",
                                                "mi.movie_id",
                                                "mi.info_type_id",
                                                "mi.info",
                                                "mi.note"
                                            ],
                                            "Filter": "(mi.info_type_id = 16)",
                                            "Rows Removed by Filter": 1966500,
                                            "Workers": [
                                                {
                                                    "Worker Number": 0,
                                                    "Actual Startup Time": 84.633,
                                                    "Actual Total Time": 362.728,
                                                    "Actual Rows": 445363,
                                                    "Actual Loops": 1
                                                },
                                                {
                                                    "Worker Number": 1,
                                                    "Actual Startup Time": 84.647,
                                                    "Actual Total Time": 362.852,
                                                    "Actual Rows": 466931,
                                                    "Actual Loops": 1
                                                },
                                                {
                                                    "Worker Number": 2,
                                                    "Actual Startup Time": 84.609,
                                                    "Actual Total Time": 363.1,
                                                    "Actual Rows": 448384,
                                                    "Actual Loops": 1
                                                },
                                                {
                                                    "Worker Number": 3,
                                                    "Actual Startup Time": 84.639,
                                                    "Actual Total Time": 362.723,
                                                    "Actual Rows": 466112,
                                                    "Actual Loops": 1
                                                },
                                                {
                                                    "Worker Number": 4,
                                                    "Actual Startup Time": 84.503,
                                                    "Actual Total Time": 362.947,
                                                    "Actual Rows": 467674,
                                                    "Actual Loops": 1
                                                }
                                            ]
                                        },
                                        {
                                            "Node Type": "Hash",
                                            "Parent Relationship": "Inner",
                                            "Parallel Aware": true,
                                            "Startup Cost": 45479.21,
                                            "Total Cost": 45479.21,
                                            "Plan Rows": 162964,
                                            "Plan Width": 4,
                                            "Actual Startup Time": 136.254,
                                            "Actual Total Time": 136.255,
                                            "Actual Rows": 109385,
                                            "Actual Loops": 6,
                                            "Output": [
                                                "t.id"
                                            ],
                                            "Hash Buckets": 1048576,
                                            "Original Hash Buckets": 1048576,
                                            "Hash Batches": 1,
                                            "Original Hash Batches": 1,
                                            "Peak Memory Usage": 33952,
                                            "Workers": [
                                                {
                                                    "Worker Number": 0,
                                                    "Actual Startup Time": 135.329,
                                                    "Actual Total Time": 135.33,
                                                    "Actual Rows": 94331,
                                                    "Actual Loops": 1
                                                },
                                                {
                                                    "Worker Number": 1,
                                                    "Actual Startup Time": 135.645,
                                                    "Actual Total Time": 135.646,
                                                    "Actual Rows": 100188,
                                                    "Actual Loops": 1
                                                },
                                                {
                                                    "Worker Number": 2,
                                                    "Actual Startup Time": 135.938,
                                                    "Actual Total Time": 135.939,
                                                    "Actual Rows": 95638,
                                                    "Actual Loops": 1
                                                },
                                                {
                                                    "Worker Number": 3,
                                                    "Actual Startup Time": 136.522,
                                                    "Actual Total Time": 136.523,
                                                    "Actual Rows": 100193,
                                                    "Actual Loops": 1
                                                },
                                                {
                                                    "Worker Number": 4,
                                                    "Actual Startup Time": 136.544,
                                                    "Actual Total Time": 136.545,
                                                    "Actual Rows": 100267,
                                                    "Actual Loops": 1
                                                }
                                            ],
                                            "Plans": [
                                                {
                                                    "Node Type": "Seq Scan",
                                                    "Parent Relationship": "Outer",
                                                    "Parallel Aware": true,
                                                    "Relation Name": "title",
                                                    "Schema": "public",
                                                    "Alias": "t",
                                                    "Startup Cost": 0.0,
                                                    "Total Cost": 45479.21,
                                                    "Plan Rows": 162964,
                                                    "Plan Width": 4,
                                                    "Actual Startup Time": 43.36,
                                                    "Actual Total Time": 92.837,
                                                    "Actual Rows": 109385,
                                                    "Actual Loops": 6,
                                                    "Output": [
                                                        "t.id"
                                                    ],
                                                    "Filter": "((t.production_year > 0) AND (t.kind_id = 1))",
                                                    "Rows Removed by Filter": 312000,
                                                    "Workers": [
                                                        {
                                                            "Worker Number": 0,
                                                            "Actual Startup Time": 50.292,
                                                            "Actual Total Time": 92.294,
                                                            "Actual Rows": 94331,
                                                            "Actual Loops": 1
                                                        },
                                                        {
                                                            "Worker Number": 1,
                                                            "Actual Startup Time": 50.454,
                                                            "Actual Total Time": 93.574,
                                                            "Actual Rows": 100188,
                                                            "Actual Loops": 1
                                                        },
                                                        {
                                                            "Worker Number": 2,
                                                            "Actual Startup Time": 50.784,
                                                            "Actual Total Time": 92.956,
                                                            "Actual Rows": 95638,
                                                            "Actual Loops": 1
                                                        },
                                                        {
                                                            "Worker Number": 3,
                                                            "Actual Startup Time": 51.429,
                                                            "Actual Total Time": 94.516,
                                                            "Actual Rows": 100193,
                                                            "Actual Loops": 1
                                                        },
                                                        {
                                                            "Worker Number": 4,
                                                            "Actual Startup Time": 4.783,
                                                            "Actual Total Time": 94.315,
                                                            "Actual Rows": 100267,
                                                            "Actual Loops": 1
                                                        }
                                                    ]
                                                }
                                            ]
                                        }
                                    ]
                                }
                            ]
                        }
                    ]
                }
            ]
        },
        "Planning Time": 182.772,
        "Triggers": [],
        "Execution Time": 674.936
    }
]