[
  {
    "Plan": {
      "Node Type": "Aggregate",
      "Strategy": "Plain",
      "Partial Mode": "Finalize",
      "Parallel Aware": false,
      "Startup Cost": 46951.09,
      "Total Cost": 46951.1,
      "Plan Rows": 1,
      "Plan Width": 8,
      "Actual Startup Time": 190.436,
      "Actual Total Time": 199.393,
      "Actual Rows": 1,
      "Actual Loops": 1,
      "Plans": [
        {
          "Node Type": "Gather",
          "Parent Relationship": "Outer",
          "Parallel Aware": false,
          "Startup Cost": 46950.77,
          "Total Cost": 46951.08,
          "Plan Rows": 3,
          "Plan Width": 8,
          "Actual Startup Time": 190.289,
          "Actual Total Time": 199.383,
          "Actual Rows": 4,
          "Actual Loops": 1,
          "Workers Planned": 3,
          "Workers Launched": 3,
          "Single Copy": false,
          "Plans": [
            {
              "Node Type": "Aggregate",
              "Strategy": "Plain",
              "Partial Mode": "Partial",
              "Parent Relationship": "Outer",
              "Parallel Aware": false,
              "Startup Cost": 45950.77,
              "Total Cost": 45950.78,
              "Plan Rows": 1,
              "Plan Width": 8,
              "Actual Startup Time": 183.006,
              "Actual Total Time": 183.007,
              "Actual Rows": 1,
              "Actual Loops": 4,
              "Plans": [
                {
                  "Node Type": "Seq Scan",
                  "Parent Relationship": "Outer",
                  "Parallel Aware": true,
                  "Relation Name": "movie_keyword",
                  "Alias": "mk",
                  "Startup Cost": 0.0,
                  "Total Cost": 42695.65,
                  "Plan Rows": 1302048,
                  "Plan Width": 0,
                  "Actual Startup Time": 0.059,
                  "Actual Total Time": 133.787,
                  "Actual Rows": 1012445,
                  "Actual Loops": 4,
                  "Filter": "(keyword_id < 37613)",
                  "Rows Removed by Filter": 118538
                }
              ]
            }
          ]
        }
      ]
    },
    "Planning Time": 0.125,
    "Triggers": [],
    "Execution Time": 199.463
  }
]