{
  "Plan": {
    "Node Type": "Aggregate",
    "Strategy": "Plain",
    "Partial Mode": "Finalize",
    "Parallel Aware": false,
    "Startup Cost": 163575.98,
    "Total Cost": 163575.99,
    "Plan Rows": 1,
    "Plan Width": 8,
    "Actual Startup Time": 932.68,
    "Actual Total Time": 969.599,
    "Actual Rows": 1,
    "Actual Loops": 1,
    "Plans": [
      {
        "Node Type": "Gather",
        "Parent Relationship": "Outer",
        "Parallel Aware": false,
        "Startup Cost": 163575.87,
        "Total Cost": 163575.98,
        "Plan Rows": 1,
        "Plan Width": 8,
        "Actual Startup Time": 932.169,
        "Actual Total Time": 969.589,
        "Actual Rows": 2,
        "Actual Loops": 1,
        "Workers Planned": 1,
        "Workers Launched": 1,
        "Single Copy": false,
        "Plans": [
          {
            "Node Type": "Aggregate",
            "Strategy": "Plain",
            "Partial Mode": "Partial",
            "Parent Relationship": "Outer",
            "Parallel Aware": false,
            "Startup Cost": 162575.87,
            "Total Cost": 162575.88,
            "Plan Rows": 1,
            "Plan Width": 8,
            "Actual Startup Time": 925.752,
            "Actual Total Time": 925.756,
            "Actual Rows": 1,
            "Actual Loops": 2,
            "Plans": [
              {
                "Node Type": "Nested Loop",
                "Parent Relationship": "Outer",
                "Parallel Aware": false,
                "Join Type": "Inner",
                "Startup Cost": 54873.87,
                "Total Cost": 162540.76,
                "Plan Rows": 14045,
                "Plan Width": 0,
                "Actual Startup Time": 165.653,
                "Actual Total Time": 923.43,
                "Actual Rows": 26584,
                "Actual Loops": 2,
                "Inner Unique": false,
                "Join Filter": "(t.id = mi.movie_id)",
                "Rows Removed by Join Filter": 0,
                "Plans": [
                  {
                    "Node Type": "Hash Join",
                    "Parent Relationship": "Outer",
                    "Parallel Aware": true,
                    "Join Type": "Inner",
                    "Startup Cost": 54873.44,
                    "Total Cost": 117414.41,
                    "Plan Rows": 28171,
                    "Plan Width": 8,
                    "Actual Startup Time": 165.544,
                    "Actual Total Time": 518.772,
                    "Actual Rows": 27628,
                    "Actual Loops": 2,
                    "Inner Unique": true,
                    "Hash Cond": "(mk.movie_id = t.id)",
                    "Plans": [
                      {
                        "Node Type": "Seq Scan",
                        "Parent Relationship": "Outer",
                        "Parallel Aware": true,
                        "Relation Name": "movie_keyword",
                        "Alias": "mk",
                        "Startup Cost": 0.0,
                        "Total Cost": 57718.19,
                        "Plan Rows": 1837245,
                        "Plan Width": 4,
                        "Actual Startup Time": 0.193,
                        "Actual Total Time": 226.697,
                        "Actual Rows": 1556471,
                        "Actual Loops": 2,
                        "Filter": "(keyword_id > 1932)",
                        "Rows Removed by Filter": 705494
                      },
                      {
                        "Node Type": "Hash",
                        "Parent Relationship": "Inner",
                        "Parallel Aware": true,
                        "Startup Cost": 54588.39,
                        "Total Cost": 54588.39,
                        "Plan Rows": 22804,
                        "Plan Width": 4,
                        "Actual Startup Time": 163.777,
                        "Actual Total Time": 163.778,
                        "Actual Rows": 19478,
                        "Actual Loops": 2,
                        "Hash Buckets": 65536,
                        "Original Hash Buckets": 65536,
                        "Hash Batches": 1,
                        "Original Hash Batches": 1,
                        "Peak Memory Usage": 2080,
                        "Plans": [
                          {
                            "Node Type": "Seq Scan",
                            "Parent Relationship": "Outer",
                            "Parallel Aware": true,
                            "Relation Name": "title",
                            "Alias": "t",
                            "Startup Cost": 0.0,
                            "Total Cost": 54588.39,
                            "Plan Rows": 22804,
                            "Plan Width": 4,
                            "Actual Startup Time": 0.047,
                            "Actual Total Time": 155.734,
                            "Actual Rows": 19478,
                            "Actual Loops": 2,
                            "Filter": "(production_year = 1997)",
                            "Rows Removed by Filter": 1244678
                          }
                        ]
                      }
                    ]
                  },
                  {
                    "Node Type": "Index Scan",
                    "Parent Relationship": "Inner",
                    "Parallel Aware": false,
                    "Scan Direction": "Forward",
                    "Index Name": "movie_id_movie_info",
                    "Relation Name": "movie_info",
                    "Alias": "mi",
                    "Startup Cost": 0.43,
                    "Total Cost": 1.55,
                    "Plan Rows": 4,
                    "Plan Width": 4,
                    "Actual Startup Time": 0.013,
                    "Actual Total Time": 0.014,
                    "Actual Rows": 1,
                    "Actual Loops": 55255,
                    "Index Cond": "(movie_id = mk.movie_id)",
                    "Rows Removed by Index Recheck": 0,
                    "Filter": "(info_type_id = 2)",
                    "Rows Removed by Filter": 65
                  }
                ]
              }
            ]
          }
        ]
      }
    ]
  },
  "Planning Time": 1.151,
  "Triggers": [],
  "Execution Time": 969.706
}