{
  "Plan": {
    "Node Type": "Aggregate",
    "Strategy": "Plain",
    "Partial Mode": "Finalize",
    "Parallel Aware": false,
    "Startup Cost": 101817.89,
    "Total Cost": 101817.9,
    "Plan Rows": 1,
    "Plan Width": 8,
    "Actual Startup Time": 361.091,
    "Actual Total Time": 371.989,
    "Actual Rows": 1,
    "Actual Loops": 1,
    "Plans": [
      {
        "Node Type": "Gather",
        "Parent Relationship": "Outer",
        "Parallel Aware": false,
        "Startup Cost": 101817.77,
        "Total Cost": 101817.88,
        "Plan Rows": 1,
        "Plan Width": 8,
        "Actual Startup Time": 360.857,
        "Actual Total Time": 371.983,
        "Actual Rows": 2,
        "Actual Loops": 1,
        "Workers Planned": 1,
        "Workers Launched": 1,
        "Single Copy": false,
        "Plans": [
          {
            "Node Type": "Aggregate",
            "Strategy": "Plain",
            "Partial Mode": "Partial",
            "Parent Relationship": "Outer",
            "Parallel Aware": false,
            "Startup Cost": 100817.77,
            "Total Cost": 100817.78,
            "Plan Rows": 1,
            "Plan Width": 8,
            "Actual Startup Time": 354.603,
            "Actual Total Time": 354.606,
            "Actual Rows": 1,
            "Actual Loops": 2,
            "Plans": [
              {
                "Node Type": "Hash Join",
                "Parent Relationship": "Outer",
                "Parallel Aware": true,
                "Join Type": "Inner",
                "Startup Cost": 38629.21,
                "Total Cost": 100770.75,
                "Plan Rows": 18808,
                "Plan Width": 0,
                "Actual Startup Time": 68.467,
                "Actual Total Time": 354.166,
                "Actual Rows": 9578,
                "Actual Loops": 2,
                "Inner Unique": true,
                "Hash Cond": "(mk.movie_id = t.id)",
                "Plans": [
                  {
                    "Node Type": "Seq Scan",
                    "Parent Relationship": "Outer",
                    "Parallel Aware": true,
                    "Relation Name": "movie_keyword",
                    "Alias": "mk",
                    "Startup Cost": 0.0,
                    "Total Cost": 57718.19,
                    "Plan Rows": 1685084,
                    "Plan Width": 4,
                    "Actual Startup Time": 0.245,
                    "Actual Total Time": 193.165,
                    "Actual Rows": 1423000,
                    "Actual Loops": 2,
                    "Filter": "(keyword_id > 2578)",
                    "Rows Removed by Filter": 838966
                  },
                  {
                    "Node Type": "Hash",
                    "Parent Relationship": "Inner",
                    "Parallel Aware": true,
                    "Startup Cost": 38421.72,
                    "Total Cost": 38421.72,
                    "Plan Rows": 16599,
                    "Plan Width": 4,
                    "Actual Startup Time": 67.091,
                    "Actual Total Time": 67.092,
                    "Actual Rows": 12884,
                    "Actual Loops": 2,
                    "Hash Buckets": 32768,
                    "Original Hash Buckets": 32768,
                    "Hash Batches": 1,
                    "Original Hash Batches": 1,
                    "Peak Memory Usage": 1312,
                    "Plans": [
                      {
                        "Node Type": "Bitmap Heap Scan",
                        "Parent Relationship": "Outer",
                        "Parallel Aware": true,
                        "Relation Name": "title",
                        "Alias": "t",
                        "Startup Cost": 1623.59,
                        "Total Cost": 38421.72,
                        "Plan Rows": 16599,
                        "Plan Width": 4,
                        "Actual Startup Time": 20.276,
                        "Actual Total Time": 63.745,
                        "Actual Rows": 12884,
                        "Actual Loops": 2,
                        "Recheck Cond": "(kind_id = 2)",
                        "Rows Removed by Index Recheck": 0,
                        "Filter": "(production_year > 2007)",
                        "Rows Removed by Filter": 32542,
                        "Exact Heap Blocks": 20555,
                        "Lossy Heap Blocks": 0,
                        "Plans": [
                          {
                            "Node Type": "Bitmap Index Scan",
                            "Parent Relationship": "Outer",
                            "Parallel Aware": false,
                            "Index Name": "kind_id_title",
                            "Startup Cost": 0.0,
                            "Total Cost": 1616.54,
                            "Plan Rows": 90681,
                            "Plan Width": 0,
                            "Actual Startup Time": 18.022,
                            "Actual Total Time": 18.023,
                            "Actual Rows": 90852,
                            "Actual Loops": 1,
                            "Index Cond": "(kind_id = 2)"
                          }
                        ]
                      }
                    ]
                  }
                ]
              }
            ]
          }
        ]
      }
    ]
  },
  "Planning Time": 0.481,
  "Triggers": [],
  "Execution Time": 372.083
}