[
  {
    "Plan": {
      "Node Type": "Aggregate",
      "Strategy": "Plain",
      "Partial Mode": "Finalize",
      "Parallel Aware": false,
      "Startup Cost": 477238.81,
      "Total Cost": 477238.82,
      "Plan Rows": 1,
      "Plan Width": 8,
      "Actual Startup Time": 2133.803,
      "Actual Total Time": 2198.892,
      "Actual Rows": 1,
      "Actual Loops": 1,
      "Plans": [
        {
          "Node Type": "Gather",
          "Parent Relationship": "Outer",
          "Parallel Aware": false,
          "Startup Cost": 477238.19,
          "Total Cost": 477238.8,
          "Plan Rows": 6,
          "Plan Width": 8,
          "Actual Startup Time": 2099.884,
          "Actual Total Time": 2198.877,
          "Actual Rows": 7,
          "Actual Loops": 1,
          "Workers Planned": 6,
          "Workers Launched": 6,
          "Single Copy": false,
          "Plans": [
            {
              "Node Type": "Aggregate",
              "Strategy": "Plain",
              "Partial Mode": "Partial",
              "Parent Relationship": "Outer",
              "Parallel Aware": false,
              "Startup Cost": 476238.19,
              "Total Cost": 476238.2,
              "Plan Rows": 1,
              "Plan Width": 8,
              "Actual Startup Time": 2086.112,
              "Actual Total Time": 2086.936,
              "Actual Rows": 1,
              "Actual Loops": 7,
              "Plans": [
                {
                  "Node Type": "Hash Join",
                  "Parent Relationship": "Outer",
                  "Parallel Aware": true,
                  "Join Type": "Inner",
                  "Startup Cost": 109811.21,
                  "Total Cost": 469411.95,
                  "Plan Rows": 2730497,
                  "Plan Width": 0,
                  "Actual Startup Time": 803.574,
                  "Actual Total Time": 1898.848,
                  "Actual Rows": 4492400,
                  "Actual Loops": 7,
                  "Inner Unique": false,
                  "Hash Cond": "(ci.movie_id = t.id)",
                  "Plans": [
                    {
                      "Node Type": "Seq Scan",
                      "Parent Relationship": "Outer",
                      "Parallel Aware": true,
                      "Relation Name": "cast_info",
                      "Alias": "ci",
                      "Startup Cost": 0.0,
                      "Total Cost": 343316.27,
                      "Plan Rows": 1993712,
                      "Plan Width": 4,
                      "Actual Startup Time": 208.627,
                      "Actual Total Time": 612.1,
                      "Actual Rows": 1324729,
                      "Actual Loops": 7,
                      "Filter": "((person_id > 1839347) AND (role_id < 4))",
                      "Rows Removed by Filter": 3853034
                    },
                    {
                      "Node Type": "Hash",
                      "Parent Relationship": "Inner",
                      "Parallel Aware": true,
                      "Startup Cost": 95848.26,
                      "Total Cost": 95848.26,
                      "Plan Rows": 1117036,
                      "Plan Width": 8,
                      "Actual Startup Time": 589.799,
                      "Actual Total Time": 590.621,
                      "Actual Rows": 495056,
                      "Actual Loops": 7,
                      "Hash Buckets": 4194304,
                      "Original Hash Buckets": 4194304,
                      "Hash Batches": 1,
                      "Original Hash Batches": 1,
                      "Peak Memory Usage": 168448,
                      "Plans": [
                        {
                          "Node Type": "Hash Join",
                          "Parent Relationship": "Outer",
                          "Parallel Aware": true,
                          "Join Type": "Inner",
                          "Startup Cost": 50220.38,
                          "Total Cost": 95848.26,
                          "Plan Rows": 1117036,
                          "Plan Width": 8,
                          "Actual Startup Time": 257.173,
                          "Actual Total Time": 436.014,
                          "Actual Rows": 495056,
                          "Actual Loops": 7,
                          "Inner Unique": true,
                          "Hash Cond": "(mk.movie_id = t.id)",
                          "Plans": [
                            {
                              "Node Type": "Seq Scan",
                              "Parent Relationship": "Outer",
                              "Parallel Aware": true,
                              "Relation Name": "movie_keyword",
                              "Alias": "mk",
                              "Startup Cost": 0.0,
                              "Total Cost": 42695.65,
                              "Plan Rows": 1117036,
                              "Plan Width": 4,
                              "Actual Startup Time": 0.037,
                              "Actual Total Time": 77.76,
                              "Actual Rows": 495056,
                              "Actual Loops": 7,
                              "Filter": "(keyword_id < 16679)",
                              "Rows Removed by Filter": 151219
                            },
                            {
                              "Node Type": "Hash",
                              "Parent Relationship": "Inner",
                              "Parallel Aware": true,
                              "Startup Cost": 42319.06,
                              "Total Cost": 42319.06,
                              "Plan Rows": 632106,
                              "Plan Width": 4,
                              "Actual Startup Time": 253.229,
                              "Actual Total Time": 253.23,
                              "Actual Rows": 361187,
                              "Actual Loops": 7,
                              "Hash Buckets": 4194304,
                              "Original Hash Buckets": 4194304,
                              "Hash Batches": 1,
                              "Original Hash Batches": 1,
                              "Peak Memory Usage": 131776,
                              "Plans": [
                                {
                                  "Node Type": "Seq Scan",
                                  "Parent Relationship": "Outer",
                                  "Parallel Aware": true,
                                  "Relation Name": "title",
                                  "Alias": "t",
                                  "Startup Cost": 0.0,
                                  "Total Cost": 42319.06,
                                  "Plan Rows": 632106,
                                  "Plan Width": 4,
                                  "Actual Startup Time": 0.058,
                                  "Actual Total Time": 73.476,
                                  "Actual Rows": 361187,
                                  "Actual Loops": 7
                                }
                              ]
                            }
                          ]
                        }
                      ]
                    }
                  ]
                }
              ]
            }
          ]
        }
      ]
    },
    "Planning Time": 0.398,
    "Triggers": [],
    "Execution Time": 2198.943
  }
]