[
    {
        "Bao": {
            "Bao prediction": "NaN",
            "Bao recommended hint": "(no hint)"
        }
    },
    {
        "Plan": {
            "Node Type": "Aggregate",
            "Strategy": "Plain",
            "Partial Mode": "Finalize",
            "Parallel Aware": false,
            "Startup Cost": 33068.38,
            "Total Cost": 33068.39,
            "Plan Rows": 1,
            "Plan Width": 8,
            "Actual Startup Time": 109.841,
            "Actual Total Time": 115.507,
            "Actual Rows": 1,
            "Actual Loops": 1,
            "Output": [
                "count(*)"
            ],
            "Plans": [
                {
                    "Node Type": "Gather",
                    "Parent Relationship": "Outer",
                    "Parallel Aware": false,
                    "Startup Cost": 33068.06,
                    "Total Cost": 33068.37,
                    "Plan Rows": 3,
                    "Plan Width": 8,
                    "Actual Startup Time": 109.712,
                    "Actual Total Time": 115.499,
                    "Actual Rows": 4,
                    "Actual Loops": 1,
                    "Output": [
                        "(PARTIAL count(*))"
                    ],
                    "Workers Planned": 3,
                    "Workers Launched": 3,
                    "Single Copy": false,
                    "Plans": [
                        {
                            "Node Type": "Aggregate",
                            "Strategy": "Plain",
                            "Partial Mode": "Partial",
                            "Parent Relationship": "Outer",
                            "Parallel Aware": false,
                            "Startup Cost": 32068.06,
                            "Total Cost": 32068.07,
                            "Plan Rows": 1,
                            "Plan Width": 8,
                            "Actual Startup Time": 101.365,
                            "Actual Total Time": 101.366,
                            "Actual Rows": 1,
                            "Actual Loops": 4,
                            "Output": [
                                "PARTIAL count(*)"
                            ],
                            "Workers": [
                                {
                                    "Worker Number": 0,
                                    "Actual Startup Time": 98.263,
                                    "Actual Total Time": 98.264,
                                    "Actual Rows": 1,
                                    "Actual Loops": 1
                                },
                                {
                                    "Worker Number": 1,
                                    "Actual Startup Time": 98.264,
                                    "Actual Total Time": 98.266,
                                    "Actual Rows": 1,
                                    "Actual Loops": 1
                                },
                                {
                                    "Worker Number": 2,
                                    "Actual Startup Time": 99.464,
                                    "Actual Total Time": 99.465,
                                    "Actual Rows": 1,
                                    "Actual Loops": 1
                                }
                            ],
                            "Plans": [
                                {
                                    "Node Type": "Seq Scan",
                                    "Parent Relationship": "Outer",
                                    "Parallel Aware": true,
                                    "Relation Name": "movie_companies",
                                    "Schema": "public",
                                    "Alias": "mc",
                                    "Startup Cost": 0.0,
                                    "Total Cost": 31414.82,
                                    "Plan Rows": 261298,
                                    "Plan Width": 0,
                                    "Actual Startup Time": 42.273,
                                    "Actual Total Time": 87.136,
                                    "Actual Rows": 255983,
                                    "Actual Loops": 4,
                                    "Output": [
                                        "id",
                                        "movie_id",
                                        "company_id",
                                        "company_type_id",
                                        "note"
                                    ],
                                    "Filter": "((mc.company_id > 5441) AND (mc.company_type_id = 2))",
                                    "Rows Removed by Filter": 396300,
                                    "Workers": [
                                        {
                                            "Worker Number": 0,
                                            "Actual Startup Time": 39.179,
                                            "Actual Total Time": 84.252,
                                            "Actual Rows": 213378,
                                            "Actual Loops": 1
                                        },
                                        {
                                            "Worker Number": 1,
                                            "Actual Startup Time": 39.181,
                                            "Actual Total Time": 84.275,
                                            "Actual Rows": 213341,
                                            "Actual Loops": 1
                                        },
                                        {
                                            "Worker Number": 2,
                                            "Actual Startup Time": 40.365,
                                            "Actual Total Time": 85.595,
                                            "Actual Rows": 212124,
                                            "Actual Loops": 1
                                        }
                                    ]
                                }
                            ]
                        }
                    ]
                }
            ]
        },
        "Planning Time": 195.243,
        "Triggers": [],
        "Execution Time": 115.546
    }
]