[
  {
    "Plan": {
      "Node Type": "Aggregate",
      "Strategy": "Plain",
      "Partial Mode": "Finalize",
      "Parallel Aware": false,
      "Startup Cost": 241474.33,
      "Total Cost": 241474.34,
      "Plan Rows": 1,
      "Plan Width": 8,
      "Actual Startup Time": 451.343,
      "Actual Total Time": 514.245,
      "Actual Rows": 1,
      "Actual Loops": 1,
      "Plans": [
        {
          "Node Type": "Gather",
          "Parent Relationship": "Outer",
          "Parallel Aware": false,
          "Startup Cost": 241473.91,
          "Total Cost": 241474.32,
          "Plan Rows": 4,
          "Plan Width": 8,
          "Actual Startup Time": 450.402,
          "Actual Total Time": 514.235,
          "Actual Rows": 5,
          "Actual Loops": 1,
          "Workers Planned": 4,
          "Workers Launched": 4,
          "Single Copy": false,
          "Plans": [
            {
              "Node Type": "Aggregate",
              "Strategy": "Plain",
              "Partial Mode": "Partial",
              "Parent Relationship": "Outer",
              "Parallel Aware": false,
              "Startup Cost": 240473.91,
              "Total Cost": 240473.92,
              "Plan Rows": 1,
              "Plan Width": 8,
              "Actual Startup Time": 440.368,
              "Actual Total Time": 440.372,
              "Actual Rows": 1,
              "Actual Loops": 5,
              "Plans": [
                {
                  "Node Type": "Nested Loop",
                  "Parent Relationship": "Outer",
                  "Parallel Aware": false,
                  "Join Type": "Inner",
                  "Startup Cost": 32694.91,
                  "Total Cost": 239516.52,
                  "Plan Rows": 382959,
                  "Plan Width": 0,
                  "Actual Startup Time": 153.988,
                  "Actual Total Time": 437.784,
                  "Actual Rows": 34842,
                  "Actual Loops": 5,
                  "Inner Unique": false,
                  "Plans": [
                    {
                      "Node Type": "Hash Join",
                      "Parent Relationship": "Outer",
                      "Parallel Aware": true,
                      "Join Type": "Inner",
                      "Startup Cost": 32694.34,
                      "Total Cost": 78429.34,
                      "Plan Rows": 79330,
                      "Plan Width": 8,
                      "Actual Startup Time": 153.866,
                      "Actual Total Time": 192.909,
                      "Actual Rows": 4372,
                      "Actual Loops": 5,
                      "Inner Unique": false,
                      "Hash Cond": "(t.id = mc.movie_id)",
                      "Plans": [
                        {
                          "Node Type": "Seq Scan",
                          "Parent Relationship": "Outer",
                          "Parallel Aware": true,
                          "Relation Name": "title",
                          "Alias": "t",
                          "Startup Cost": 0.0,
                          "Total Cost": 42318.73,
                          "Plan Rows": 632073,
                          "Plan Width": 4,
                          "Actual Startup Time": 0.01,
                          "Actual Total Time": 63.02,
                          "Actual Rows": 505662,
                          "Actual Loops": 5
                        },
                        {
                          "Node Type": "Hash",
                          "Parent Relationship": "Inner",
                          "Parallel Aware": true,
                          "Startup Cost": 31414.82,
                          "Total Cost": 31414.82,
                          "Plan Rows": 102362,
                          "Plan Width": 4,
                          "Actual Startup Time": 67.506,
                          "Actual Total Time": 67.507,
                          "Actual Rows": 4372,
                          "Actual Loops": 5,
                          "Hash Buckets": 524288,
                          "Original Hash Buckets": 524288,
                          "Hash Batches": 1,
                          "Original Hash Batches": 1,
                          "Peak Memory Usage": 5024,
                          "Plans": [
                            {
                              "Node Type": "Seq Scan",
                              "Parent Relationship": "Outer",
                              "Parallel Aware": true,
                              "Relation Name": "movie_companies",
                              "Alias": "mc",
                              "Startup Cost": 0.0,
                              "Total Cost": 31414.82,
                              "Plan Rows": 102362,
                              "Plan Width": 4,
                              "Actual Startup Time": 32.962,
                              "Actual Total Time": 65.531,
                              "Actual Rows": 4372,
                              "Actual Loops": 5,
                              "Filter": "((company_id > 53168) AND (company_type_id < 2))",
                              "Rows Removed by Filter": 517454
                            }
                          ]
                        }
                      ]
                    },
                    {
                      "Node Type": "Index Scan",
                      "Parent Relationship": "Inner",
                      "Parallel Aware": false,
                      "Scan Direction": "Forward",
                      "Index Name": "movie_id_cast_info",
                      "Relation Name": "cast_info",
                      "Alias": "ci",
                      "Startup Cost": 0.56,
                      "Total Cost": 1.91,
                      "Plan Rows": 12,
                      "Plan Width": 4,
                      "Actual Startup Time": 0.01,
                      "Actual Total Time": 0.055,
                      "Actual Rows": 8,
                      "Actual Loops": 21859,
                      "Index Cond": "(movie_id = t.id)",
                      "Rows Removed by Index Recheck": 0,
                      "Filter": "(person_id < 1199928)",
                      "Rows Removed by Filter": 15
                    }
                  ]
                }
              ]
            }
          ]
        }
      ]
    },
    "Planning Time": 1.405,
    "Triggers": [],
    "Execution Time": 514.351
  }
]