[
  {
    "Plan": {
      "Node Type": "Aggregate",
      "Strategy": "Plain",
      "Partial Mode": "Finalize",
      "Parallel Aware": false,
      "Startup Cost": 32992.66,
      "Total Cost": 32992.67,
      "Plan Rows": 1,
      "Plan Width": 8,
      "Actual Startup Time": 91.47,
      "Actual Total Time": 99.421,
      "Actual Rows": 1,
      "Actual Loops": 1,
      "Plans": [
        {
          "Node Type": "Gather",
          "Parent Relationship": "Outer",
          "Parallel Aware": false,
          "Startup Cost": 32992.34,
          "Total Cost": 32992.65,
          "Plan Rows": 3,
          "Plan Width": 8,
          "Actual Startup Time": 91.341,
          "Actual Total Time": 99.413,
          "Actual Rows": 4,
          "Actual Loops": 1,
          "Workers Planned": 3,
          "Workers Launched": 3,
          "Single Copy": false,
          "Plans": [
            {
              "Node Type": "Aggregate",
              "Strategy": "Plain",
              "Partial Mode": "Partial",
              "Parent Relationship": "Outer",
              "Parallel Aware": false,
              "Startup Cost": 31992.34,
              "Total Cost": 31992.35,
              "Plan Rows": 1,
              "Plan Width": 8,
              "Actual Startup Time": 83.875,
              "Actual Total Time": 83.876,
              "Actual Rows": 1,
              "Actual Loops": 4,
              "Plans": [
                {
                  "Node Type": "Seq Scan",
                  "Parent Relationship": "Outer",
                  "Parallel Aware": true,
                  "Relation Name": "movie_companies",
                  "Alias": "mc",
                  "Startup Cost": 0.0,
                  "Total Cost": 31414.82,
                  "Plan Rows": 231009,
                  "Plan Width": 0,
                  "Actual Startup Time": 48.241,
                  "Actual Total Time": 79.119,
                  "Actual Rows": 112956,
                  "Actual Loops": 4,
                  "Filter": "((company_id < 12313) AND (company_type_id > 1))",
                  "Rows Removed by Filter": 539326
                }
              ]
            }
          ]
        }
      ]
    },
    "Planning Time": 0.252,
    "Triggers": [],
    "Execution Time": 99.478
  }
]