[
  {
    "Plan": {
      "Node Type": "Aggregate",
      "Strategy": "Plain",
      "Partial Mode": "Finalize",
      "Parallel Aware": false,
      "Startup Cost": 125745.2,
      "Total Cost": 125745.21,
      "Plan Rows": 1,
      "Plan Width": 8,
      "Actual Startup Time": 644.419,
      "Actual Total Time": 664.224,
      "Actual Rows": 1,
      "Actual Loops": 1,
      "Plans": [
        {
          "Node Type": "Gather",
          "Parent Relationship": "Outer",
          "Parallel Aware": false,
          "Startup Cost": 125744.89,
          "Total Cost": 125745.2,
          "Plan Rows": 3,
          "Plan Width": 8,
          "Actual Startup Time": 641.148,
          "Actual Total Time": 664.212,
          "Actual Rows": 4,
          "Actual Loops": 1,
          "Workers Planned": 3,
          "Workers Launched": 3,
          "Single Copy": false,
          "Plans": [
            {
              "Node Type": "Aggregate",
              "Strategy": "Plain",
              "Partial Mode": "Partial",
              "Parent Relationship": "Outer",
              "Parallel Aware": false,
              "Startup Cost": 124744.89,
              "Total Cost": 124744.9,
              "Plan Rows": 1,
              "Plan Width": 8,
              "Actual Startup Time": 632.058,
              "Actual Total Time": 632.307,
              "Actual Rows": 1,
              "Actual Loops": 4,
              "Plans": [
                {
                  "Node Type": "Hash Join",
                  "Parent Relationship": "Outer",
                  "Parallel Aware": true,
                  "Join Type": "Inner",
                  "Startup Cost": 79273.3,
                  "Total Cost": 124427.14,
                  "Plan Rows": 127100,
                  "Plan Width": 0,
                  "Actual Startup Time": 435.088,
                  "Actual Total Time": 612.187,
                  "Actual Rows": 503424,
                  "Actual Loops": 4,
                  "Inner Unique": false,
                  "Hash Cond": "(mk.movie_id = t.id)",
                  "Plans": [
                    {
                      "Node Type": "Seq Scan",
                      "Parent Relationship": "Outer",
                      "Parallel Aware": true,
                      "Relation Name": "movie_keyword",
                      "Alias": "mk",
                      "Startup Cost": 0.0,
                      "Total Cost": 42695.65,
                      "Plan Rows": 570783,
                      "Plan Width": 4,
                      "Actual Startup Time": 0.46,
                      "Actual Total Time": 95.015,
                      "Actual Rows": 443706,
                      "Actual Loops": 4,
                      "Filter": "(keyword_id > 7806)",
                      "Rows Removed by Filter": 687277
                    },
                    {
                      "Node Type": "Hash",
                      "Parent Relationship": "Inner",
                      "Parallel Aware": true,
                      "Startup Cost": 77513.95,
                      "Total Cost": 77513.95,
                      "Plan Rows": 140748,
                      "Plan Width": 8,
                      "Actual Startup Time": 429.581,
                      "Actual Total Time": 429.828,
                      "Actual Rows": 139055,
                      "Actual Loops": 4,
                      "Hash Buckets": 1048576,
                      "Original Hash Buckets": 1048576,
                      "Hash Batches": 1,
                      "Original Hash Batches": 1,
                      "Peak Memory Usage": 30048,
                      "Plans": [
                        {
                          "Node Type": "Hash Join",
                          "Parent Relationship": "Outer",
                          "Parallel Aware": true,
                          "Join Type": "Inner",
                          "Startup Cost": 31580.82,
                          "Total Cost": 77513.95,
                          "Plan Rows": 140748,
                          "Plan Width": 8,
                          "Actual Startup Time": 143.804,
                          "Actual Total Time": 384.043,
                          "Actual Rows": 139055,
                          "Actual Loops": 4,
                          "Inner Unique": false,
                          "Hash Cond": "(t.id = mc.movie_id)",
                          "Plans": [
                            {
                              "Node Type": "Seq Scan",
                              "Parent Relationship": "Outer",
                              "Parallel Aware": true,
                              "Relation Name": "title",
                              "Alias": "t",
                              "Startup Cost": 0.0,
                              "Total Cost": 42318.73,
                              "Plan Rows": 632073,
                              "Plan Width": 4,
                              "Actual Startup Time": 0.012,
                              "Actual Total Time": 73.322,
                              "Actual Rows": 632078,
                              "Actual Loops": 4
                            },
                            {
                              "Node Type": "Hash",
                              "Parent Relationship": "Inner",
                              "Parallel Aware": true,
                              "Startup Cost": 29310.68,
                              "Total Cost": 29310.68,
                              "Plan Rows": 181611,
                              "Plan Width": 4,
                              "Actual Startup Time": 141.105,
                              "Actual Total Time": 141.106,
                              "Actual Rows": 139055,
                              "Actual Loops": 4,
                              "Hash Buckets": 1048576,
                              "Original Hash Buckets": 1048576,
                              "Hash Batches": 1,
                              "Original Hash Batches": 1,
                              "Peak Memory Usage": 30016,
                              "Plans": [
                                {
                                  "Node Type": "Seq Scan",
                                  "Parent Relationship": "Outer",
                                  "Parallel Aware": true,
                                  "Relation Name": "movie_companies",
                                  "Alias": "mc",
                                  "Startup Cost": 0.0,
                                  "Total Cost": 29310.68,
                                  "Plan Rows": 181611,
                                  "Plan Width": 4,
                                  "Actual Startup Time": 0.058,
                                  "Actual Total Time": 80.453,
                                  "Actual Rows": 139055,
                                  "Actual Loops": 4,
                                  "Filter": "(company_id < 580)",
                                  "Rows Removed by Filter": 513228
                                }
                              ]
                            }
                          ]
                        }
                      ]
                    }
                  ]
                }
              ]
            }
          ]
        }
      ]
    },
    "Planning Time": 1.42,
    "Triggers": [],
    "Execution Time": 664.309
  }
]