[
  {
    "Plan": {
      "Node Type": "Aggregate",
      "Strategy": "Plain",
      "Partial Mode": "Finalize",
      "Parallel Aware": false,
      "Startup Cost": 33352.47,
      "Total Cost": 33352.48,
      "Plan Rows": 1,
      "Plan Width": 8,
      "Actual Startup Time": 113.803,
      "Actual Total Time": 121.52,
      "Actual Rows": 1,
      "Actual Loops": 1,
      "Plans": [
        {
          "Node Type": "Gather",
          "Parent Relationship": "Outer",
          "Parallel Aware": false,
          "Startup Cost": 33352.15,
          "Total Cost": 33352.46,
          "Plan Rows": 3,
          "Plan Width": 8,
          "Actual Startup Time": 113.665,
          "Actual Total Time": 121.494,
          "Actual Rows": 4,
          "Actual Loops": 1,
          "Workers Planned": 3,
          "Workers Launched": 3,
          "Single Copy": false,
          "Plans": [
            {
              "Node Type": "Aggregate",
              "Strategy": "Plain",
              "Partial Mode": "Partial",
              "Parent Relationship": "Outer",
              "Parallel Aware": false,
              "Startup Cost": 32352.15,
              "Total Cost": 32352.16,
              "Plan Rows": 1,
              "Plan Width": 8,
              "Actual Startup Time": 106.624,
              "Actual Total Time": 106.625,
              "Actual Rows": 1,
              "Actual Loops": 4,
              "Plans": [
                {
                  "Node Type": "Seq Scan",
                  "Parent Relationship": "Outer",
                  "Parallel Aware": true,
                  "Relation Name": "movie_companies",
                  "Alias": "mc",
                  "Startup Cost": 0.0,
                  "Total Cost": 31414.82,
                  "Plan Rows": 374932,
                  "Plan Width": 0,
                  "Actual Startup Time": 51.353,
                  "Actual Total Time": 92.219,
                  "Actual Rows": 316443,
                  "Actual Loops": 4,
                  "Filter": "((company_id > 160) AND (company_type_id = 2))",
                  "Rows Removed by Filter": 335840
                }
              ]
            }
          ]
        }
      ]
    },
    "Planning Time": 0.115,
    "Triggers": [],
    "Execution Time": 121.548
  }
]