[
  {
    "Plan": {
      "Node Type": "Aggregate",
      "Strategy": "Plain",
      "Partial Mode": "Finalize",
      "Parallel Aware": false,
      "Startup Cost": 33346.85,
      "Total Cost": 33346.86,
      "Plan Rows": 1,
      "Plan Width": 8,
      "Actual Startup Time": 106.181,
      "Actual Total Time": 114.262,
      "Actual Rows": 1,
      "Actual Loops": 1,
      "Plans": [
        {
          "Node Type": "Gather",
          "Parent Relationship": "Outer",
          "Parallel Aware": false,
          "Startup Cost": 33346.53,
          "Total Cost": 33346.84,
          "Plan Rows": 3,
          "Plan Width": 8,
          "Actual Startup Time": 106.049,
          "Actual Total Time": 114.254,
          "Actual Rows": 4,
          "Actual Loops": 1,
          "Workers Planned": 3,
          "Workers Launched": 3,
          "Single Copy": false,
          "Plans": [
            {
              "Node Type": "Aggregate",
              "Strategy": "Plain",
              "Partial Mode": "Partial",
              "Parent Relationship": "Outer",
              "Parallel Aware": false,
              "Startup Cost": 32346.53,
              "Total Cost": 32346.54,
              "Plan Rows": 1,
              "Plan Width": 8,
              "Actual Startup Time": 97.576,
              "Actual Total Time": 97.577,
              "Actual Rows": 1,
              "Actual Loops": 4,
              "Plans": [
                {
                  "Node Type": "Seq Scan",
                  "Parent Relationship": "Outer",
                  "Parallel Aware": true,
                  "Relation Name": "movie_companies",
                  "Alias": "mc",
                  "Startup Cost": 0.0,
                  "Total Cost": 31414.82,
                  "Plan Rows": 372684,
                  "Plan Width": 0,
                  "Actual Startup Time": 49.473,
                  "Actual Total Time": 85.551,
                  "Actual Rows": 316443,
                  "Actual Loops": 4,
                  "Filter": "((company_id > 160) AND (company_type_id = 2))",
                  "Rows Removed by Filter": 335840
                }
              ]
            }
          ]
        }
      ]
    },
    "Planning Time": 0.222,
    "Triggers": [],
    "Execution Time": 114.319
  }
]