[
  {
    "Plan": {
      "Node Type": "Aggregate",
      "Strategy": "Plain",
      "Partial Mode": "Finalize",
      "Parallel Aware": false,
      "Startup Cost": 336698.38,
      "Total Cost": 336698.39,
      "Plan Rows": 1,
      "Plan Width": 8,
      "Actual Startup Time": 798.328,
      "Actual Total Time": 845.322,
      "Actual Rows": 1,
      "Actual Loops": 1,
      "Plans": [
        {
          "Node Type": "Gather",
          "Parent Relationship": "Outer",
          "Parallel Aware": false,
          "Startup Cost": 336697.75,
          "Total Cost": 336698.36,
          "Plan Rows": 6,
          "Plan Width": 8,
          "Actual Startup Time": 798.124,
          "Actual Total Time": 845.309,
          "Actual Rows": 7,
          "Actual Loops": 1,
          "Workers Planned": 6,
          "Workers Launched": 6,
          "Single Copy": false,
          "Plans": [
            {
              "Node Type": "Aggregate",
              "Strategy": "Plain",
              "Partial Mode": "Partial",
              "Parent Relationship": "Outer",
              "Parallel Aware": false,
              "Startup Cost": 335697.75,
              "Total Cost": 335697.76,
              "Plan Rows": 1,
              "Plan Width": 8,
              "Actual Startup Time": 789.869,
              "Actual Total Time": 789.87,
              "Actual Rows": 1,
              "Actual Loops": 7,
              "Plans": [
                {
                  "Node Type": "Seq Scan",
                  "Parent Relationship": "Outer",
                  "Parallel Aware": true,
                  "Relation Name": "cast_info",
                  "Alias": "ci",
                  "Startup Cost": 0.0,
                  "Total Cost": 328211.39,
                  "Plan Rows": 2994544,
                  "Plan Width": 0,
                  "Actual Startup Time": 0.053,
                  "Actual Total Time": 647.42,
                  "Actual Rows": 2590833,
                  "Actual Loops": 7,
                  "Filter": "(person_id < 1799934)",
                  "Rows Removed by Filter": 2586930
                }
              ]
            }
          ]
        }
      ]
    },
    "Planning Time": 0.086,
    "Triggers": [],
    "Execution Time": 845.367
  }
]