{
  "Plan": {
    "Node Type": "Aggregate",
    "Strategy": "Plain",
    "Partial Mode": "Finalize",
    "Parallel Aware": false,
    "Startup Cost": 162990.14,
    "Total Cost": 162990.15,
    "Plan Rows": 1,
    "Plan Width": 8,
    "Actual Startup Time": 682.583,
    "Actual Total Time": 703.751,
    "Actual Rows": 1,
    "Actual Loops": 1,
    "Plans": [
      {
        "Node Type": "Gather",
        "Parent Relationship": "Outer",
        "Parallel Aware": false,
        "Startup Cost": 162990.03,
        "Total Cost": 162990.14,
        "Plan Rows": 1,
        "Plan Width": 8,
        "Actual Startup Time": 681.64,
        "Actual Total Time": 703.743,
        "Actual Rows": 2,
        "Actual Loops": 1,
        "Workers Planned": 1,
        "Workers Launched": 1,
        "Single Copy": false,
        "Plans": [
          {
            "Node Type": "Aggregate",
            "Strategy": "Plain",
            "Partial Mode": "Partial",
            "Parent Relationship": "Outer",
            "Parallel Aware": false,
            "Startup Cost": 161990.03,
            "Total Cost": 161990.04,
            "Plan Rows": 1,
            "Plan Width": 8,
            "Actual Startup Time": 675.486,
            "Actual Total Time": 675.646,
            "Actual Rows": 1,
            "Actual Loops": 2,
            "Plans": [
              {
                "Node Type": "Hash Join",
                "Parent Relationship": "Outer",
                "Parallel Aware": true,
                "Join Type": "Inner",
                "Startup Cost": 98288.47,
                "Total Cost": 161669.2,
                "Plan Rows": 128332,
                "Plan Width": 0,
                "Actual Startup Time": 405.206,
                "Actual Total Time": 670.973,
                "Actual Rows": 115937,
                "Actual Loops": 2,
                "Inner Unique": false,
                "Hash Cond": "(mk.movie_id = t.id)",
                "Plans": [
                  {
                    "Node Type": "Seq Scan",
                    "Parent Relationship": "Outer",
                    "Parallel Aware": true,
                    "Relation Name": "movie_keyword",
                    "Alias": "mk",
                    "Startup Cost": 0.0,
                    "Total Cost": 57718.19,
                    "Plan Rows": 1308707,
                    "Plan Width": 4,
                    "Actual Startup Time": 0.382,
                    "Actual Total Time": 176.288,
                    "Actual Rows": 1110326,
                    "Actual Loops": 2,
                    "Filter": "(keyword_id > 4933)",
                    "Rows Removed by Filter": 1151638
                  },
                  {
                    "Node Type": "Hash",
                    "Parent Relationship": "Inner",
                    "Parallel Aware": true,
                    "Startup Cost": 96465.49,
                    "Total Cost": 96465.49,
                    "Plan Rows": 145838,
                    "Plan Width": 8,
                    "Actual Startup Time": 401.336,
                    "Actual Total Time": 401.494,
                    "Actual Rows": 65841,
                    "Actual Loops": 2,
                    "Hash Buckets": 262144,
                    "Original Hash Buckets": 262144,
                    "Hash Batches": 1,
                    "Original Hash Batches": 1,
                    "Peak Memory Usage": 7232,
                    "Plans": [
                      {
                        "Node Type": "Hash Join",
                        "Parent Relationship": "Outer",
                        "Parallel Aware": true,
                        "Join Type": "Inner",
                        "Startup Cost": 35442.12,
                        "Total Cost": 96465.49,
                        "Plan Rows": 145838,
                        "Plan Width": 8,
                        "Actual Startup Time": 108.434,
                        "Actual Total Time": 383.538,
                        "Actual Rows": 65841,
                        "Actual Loops": 2,
                        "Inner Unique": false,
                        "Hash Cond": "(t.id = mc.movie_id)",
                        "Plans": [
                          {
                            "Node Type": "Seq Scan",
                            "Parent Relationship": "Outer",
                            "Parallel Aware": true,
                            "Relation Name": "title",
                            "Alias": "t",
                            "Startup Cost": 0.0,
                            "Total Cost": 50870.31,
                            "Plan Rows": 1487231,
                            "Plan Width": 4,
                            "Actual Startup Time": 0.01,
                            "Actual Total Time": 114.796,
                            "Actual Rows": 1264156,
                            "Actual Loops": 2
                          },
                          {
                            "Node Type": "Hash",
                            "Parent Relationship": "Inner",
                            "Parallel Aware": true,
                            "Startup Cost": 33619.14,
                            "Total Cost": 33619.14,
                            "Plan Rows": 145838,
                            "Plan Width": 4,
                            "Actual Startup Time": 106.166,
                            "Actual Total Time": 106.168,
                            "Actual Rows": 65841,
                            "Actual Loops": 2,
                            "Hash Buckets": 262144,
                            "Original Hash Buckets": 262144,
                            "Hash Batches": 1,
                            "Original Hash Batches": 1,
                            "Peak Memory Usage": 7232,
                            "Plans": [
                              {
                                "Node Type": "Bitmap Heap Scan",
                                "Parent Relationship": "Outer",
                                "Parallel Aware": true,
                                "Relation Name": "movie_companies",
                                "Alias": "mc",
                                "Startup Cost": 10520.64,
                                "Total Cost": 33619.14,
                                "Plan Rows": 145838,
                                "Plan Width": 4,
                                "Actual Startup Time": 74.278,
                                "Actual Total Time": 93.822,
                                "Actual Rows": 65841,
                                "Actual Loops": 2,
                                "Recheck Cond": "(company_id < 425)",
                                "Rows Removed by Index Recheck": 0,
                                "Filter": "(company_type_id = 2)",
                                "Rows Removed by Filter": 176852,
                                "Exact Heap Blocks": 13869,
                                "Lossy Heap Blocks": 0,
                                "Plans": [
                                  {
                                    "Node Type": "Bitmap Index Scan",
                                    "Parent Relationship": "Outer",
                                    "Parallel Aware": false,
                                    "Index Name": "company_id_movie_companies",
                                    "Startup Cost": 0.0,
                                    "Total Cost": 10458.66,
                                    "Plan Rows": 488297,
                                    "Plan Width": 0,
                                    "Actual Startup Time": 31.359,
                                    "Actual Total Time": 31.36,
                                    "Actual Rows": 485387,
                                    "Actual Loops": 1,
                                    "Index Cond": "(company_id < 425)"
                                  }
                                ]
                              }
                            ]
                          }
                        ]
                      }
                    ]
                  }
                ]
              }
            ]
          }
        ]
      }
    ]
  },
  "Planning Time": 1.108,
  "Triggers": [],
  "Execution Time": 703.857
}