[
    {
        "Bao": {
            "Bao prediction": "NaN",
            "Bao recommended hint": "(no hint)"
        }
    },
    {
        "Plan": {
            "Node Type": "Aggregate",
            "Strategy": "Plain",
            "Partial Mode": "Finalize",
            "Parallel Aware": false,
            "Startup Cost": 99730.54,
            "Total Cost": 99730.55,
            "Plan Rows": 1,
            "Plan Width": 8,
            "Actual Startup Time": 549.224,
            "Actual Total Time": 562.785,
            "Actual Rows": 1,
            "Actual Loops": 1,
            "Output": [
                "count(*)"
            ],
            "Plans": [
                {
                    "Node Type": "Gather",
                    "Parent Relationship": "Outer",
                    "Parallel Aware": false,
                    "Startup Cost": 99730.33,
                    "Total Cost": 99730.54,
                    "Plan Rows": 2,
                    "Plan Width": 8,
                    "Actual Startup Time": 543.836,
                    "Actual Total Time": 562.778,
                    "Actual Rows": 3,
                    "Actual Loops": 1,
                    "Output": [
                        "(PARTIAL count(*))"
                    ],
                    "Workers Planned": 2,
                    "Workers Launched": 2,
                    "Single Copy": false,
                    "Plans": [
                        {
                            "Node Type": "Aggregate",
                            "Strategy": "Plain",
                            "Partial Mode": "Partial",
                            "Parent Relationship": "Outer",
                            "Parallel Aware": false,
                            "Startup Cost": 98730.33,
                            "Total Cost": 98730.34,
                            "Plan Rows": 1,
                            "Plan Width": 8,
                            "Actual Startup Time": 535.684,
                            "Actual Total Time": 535.694,
                            "Actual Rows": 1,
                            "Actual Loops": 3,
                            "Output": [
                                "PARTIAL count(*)"
                            ],
                            "Workers": [
                                {
                                    "Worker Number": 0,
                                    "Actual Startup Time": 531.644,
                                    "Actual Total Time": 531.652,
                                    "Actual Rows": 1,
                                    "Actual Loops": 1
                                },
                                {
                                    "Worker Number": 1,
                                    "Actual Startup Time": 531.854,
                                    "Actual Total Time": 531.861,
                                    "Actual Rows": 1,
                                    "Actual Loops": 1
                                }
                            ],
                            "Plans": [
                                {
                                    "Node Type": "Hash Join",
                                    "Parent Relationship": "Outer",
                                    "Parallel Aware": true,
                                    "Join Type": "Inner",
                                    "Startup Cost": 82732.56,
                                    "Total Cost": 98662.08,
                                    "Plan Rows": 27300,
                                    "Plan Width": 0,
                                    "Actual Startup Time": 432.493,
                                    "Actual Total Time": 521.326,
                                    "Actual Rows": 267589,
                                    "Actual Loops": 3,
                                    "Inner Unique": false,
                                    "Hash Cond": "(mi_idx.movie_id = t.id)",
                                    "Workers": [
                                        {
                                            "Worker Number": 0,
                                            "Actual Startup Time": 428.472,
                                            "Actual Total Time": 517.691,
                                            "Actual Rows": 213458,
                                            "Actual Loops": 1
                                        },
                                        {
                                            "Worker Number": 1,
                                            "Actual Startup Time": 428.933,
                                            "Actual Total Time": 517.166,
                                            "Actual Rows": 224848,
                                            "Actual Loops": 1
                                        }
                                    ],
                                    "Plans": [
                                        {
                                            "Node Type": "Seq Scan",
                                            "Parent Relationship": "Outer",
                                            "Parallel Aware": true,
                                            "Relation Name": "movie_info_idx",
                                            "Schema": "public",
                                            "Alias": "mi_idx",
                                            "Startup Cost": 0.0,
                                            "Total Cost": 13685.15,
                                            "Plan Rows": 575015,
                                            "Plan Width": 4,
                                            "Actual Startup Time": 0.038,
                                            "Actual Total Time": 45.73,
                                            "Actual Rows": 460012,
                                            "Actual Loops": 3,
                                            "Output": [
                                                "mi_idx.id",
                                                "mi_idx.movie_id",
                                                "mi_idx.info_type_id",
                                                "mi_idx.info",
                                                "mi_idx.note"
                                            ],
                                            "Workers": [
                                                {
                                                    "Worker Number": 0,
                                                    "Actual Startup Time": 0.063,
                                                    "Actual Total Time": 45.835,
                                                    "Actual Rows": 377031,
                                                    "Actual Loops": 1
                                                },
                                                {
                                                    "Worker Number": 1,
                                                    "Actual Startup Time": 0.036,
                                                    "Actual Total Time": 47.797,
                                                    "Actual Rows": 395323,
                                                    "Actual Loops": 1
                                                }
                                            ]
                                        },
                                        {
                                            "Node Type": "Hash",
                                            "Parent Relationship": "Inner",
                                            "Parallel Aware": true,
                                            "Startup Cost": 82248.53,
                                            "Total Cost": 82248.53,
                                            "Plan Rows": 38722,
                                            "Plan Width": 8,
                                            "Actual Startup Time": 389.512,
                                            "Actual Total Time": 389.519,
                                            "Actual Rows": 105199,
                                            "Actual Loops": 3,
                                            "Output": [
                                                "t.id",
                                                "mk.movie_id"
                                            ],
                                            "Hash Buckets": 524288,
                                            "Original Hash Buckets": 131072,
                                            "Hash Batches": 1,
                                            "Original Hash Batches": 1,
                                            "Peak Memory Usage": 19552,
                                            "Workers": [
                                                {
                                                    "Worker Number": 0,
                                                    "Actual Startup Time": 385.877,
                                                    "Actual Total Time": 385.882,
                                                    "Actual Rows": 85877,
                                                    "Actual Loops": 1
                                                },
                                                {
                                                    "Worker Number": 1,
                                                    "Actual Startup Time": 386.207,
                                                    "Actual Total Time": 386.212,
                                                    "Actual Rows": 91040,
                                                    "Actual Loops": 1
                                                }
                                            ],
                                            "Plans": [
                                                {
                                                    "Node Type": "Hash Join",
                                                    "Parent Relationship": "Outer",
                                                    "Parallel Aware": true,
                                                    "Join Type": "Inner",
                                                    "Startup Cost": 55588.9,
                                                    "Total Cost": 82248.53,
                                                    "Plan Rows": 38722,
                                                    "Plan Width": 8,
                                                    "Actual Startup Time": 248.341,
                                                    "Actual Total Time": 348.737,
                                                    "Actual Rows": 105199,
                                                    "Actual Loops": 3,
                                                    "Output": [
                                                        "t.id",
                                                        "mk.movie_id"
                                                    ],
                                                    "Inner Unique": true,
                                                    "Hash Cond": "(mk.movie_id = t.id)",
                                                    "Workers": [
                                                        {
                                                            "Worker Number": 0,
                                                            "Actual Startup Time": 244.594,
                                                            "Actual Total Time": 345.386,
                                                            "Actual Rows": 85877,
                                                            "Actual Loops": 1
                                                        },
                                                        {
                                                            "Worker Number": 1,
                                                            "Actual Startup Time": 245.012,
                                                            "Actual Total Time": 346.559,
                                                            "Actual Rows": 91040,
                                                            "Actual Loops": 1
                                                        }
                                                    ],
                                                    "Plans": [
                                                        {
                                                            "Node Type": "Bitmap Heap Scan",
                                                            "Parent Relationship": "Outer",
                                                            "Parallel Aware": true,
                                                            "Relation Name": "movie_keyword",
                                                            "Schema": "public",
                                                            "Alias": "mk",
                                                            "Startup Cost": 9591.92,
                                                            "Total Cost": 35868.76,
                                                            "Plan Rows": 145827,
                                                            "Plan Width": 4,
                                                            "Actual Startup Time": 28.746,
                                                            "Actual Total Time": 97.931,
                                                            "Actual Rows": 148485,
                                                            "Actual Loops": 3,
                                                            "Output": [
                                                                "mk.id",
                                                                "mk.movie_id",
                                                                "mk.keyword_id"
                                                            ],
                                                            "Recheck Cond": "(mk.keyword_id > 39786)",
                                                            "Rows Removed by Index Recheck": 0,
                                                            "Exact Heap Blocks": 10468,
                                                            "Lossy Heap Blocks": 0,
                                                            "Workers": [
                                                                {
                                                                    "Worker Number": 0,
                                                                    "Actual Startup Time": 28.861,
                                                                    "Actual Total Time": 101.879,
                                                                    "Actual Rows": 117862,
                                                                    "Actual Loops": 1
                                                                },
                                                                {
                                                                    "Worker Number": 1,
                                                                    "Actual Startup Time": 28.716,
                                                                    "Actual Total Time": 100.9,
                                                                    "Actual Rows": 124445,
                                                                    "Actual Loops": 1
                                                                }
                                                            ],
                                                            "Plans": [
                                                                {
                                                                    "Node Type": "Bitmap Index Scan",
                                                                    "Parent Relationship": "Outer",
                                                                    "Parallel Aware": false,
                                                                    "Index Name": "keyword_id_movie_keyword",
                                                                    "Startup Cost": 0.0,
                                                                    "Total Cost": 9478.91,
                                                                    "Plan Rows": 452063,
                                                                    "Plan Width": 0,
                                                                    "Actual Startup Time": 25.348,
                                                                    "Actual Total Time": 25.349,
                                                                    "Actual Rows": 445455,
                                                                    "Actual Loops": 1,
                                                                    "Index Cond": "(mk.keyword_id > 39786)"
                                                                }
                                                            ]
                                                        },
                                                        {
                                                            "Node Type": "Hash",
                                                            "Parent Relationship": "Inner",
                                                            "Parallel Aware": true,
                                                            "Startup Cost": 43899.01,
                                                            "Total Cost": 43899.01,
                                                            "Plan Rows": 167838,
                                                            "Plan Width": 4,
                                                            "Actual Startup Time": 200.336,
                                                            "Actual Total Time": 200.338,
                                                            "Actual Rows": 220942,
                                                            "Actual Loops": 3,
                                                            "Output": [
                                                                "t.id"
                                                            ],
                                                            "Hash Buckets": 1048576,
                                                            "Original Hash Buckets": 1048576,
                                                            "Hash Batches": 1,
                                                            "Original Hash Batches": 1,
                                                            "Peak Memory Usage": 34176,
                                                            "Workers": [
                                                                {
                                                                    "Worker Number": 0,
                                                                    "Actual Startup Time": 199.263,
                                                                    "Actual Total Time": 199.265,
                                                                    "Actual Rows": 177920,
                                                                    "Actual Loops": 1
                                                                },
                                                                {
                                                                    "Worker Number": 1,
                                                                    "Actual Startup Time": 199.688,
                                                                    "Actual Total Time": 199.689,
                                                                    "Actual Rows": 189958,
                                                                    "Actual Loops": 1
                                                                }
                                                            ],
                                                            "Plans": [
                                                                {
                                                                    "Node Type": "Seq Scan",
                                                                    "Parent Relationship": "Outer",
                                                                    "Parallel Aware": true,
                                                                    "Relation Name": "title",
                                                                    "Schema": "public",
                                                                    "Alias": "t",
                                                                    "Startup Cost": 0.0,
                                                                    "Total Cost": 43899.01,
                                                                    "Plan Rows": 167838,
                                                                    "Plan Width": 4,
                                                                    "Actual Startup Time": 42.1,
                                                                    "Actual Total Time": 122.366,
                                                                    "Actual Rows": 220942,
                                                                    "Actual Loops": 3,
                                                                    "Output": [
                                                                        "t.id"
                                                                    ],
                                                                    "Filter": "(t.kind_id = 1)",
                                                                    "Rows Removed by Filter": 621829,
                                                                    "Workers": [
                                                                        {
                                                                            "Worker Number": 0,
                                                                            "Actual Startup Time": 59.739,
                                                                            "Actual Total Time": 121.665,
                                                                            "Actual Rows": 177920,
                                                                            "Actual Loops": 1
                                                                        },
                                                                        {
                                                                            "Worker Number": 1,
                                                                            "Actual Startup Time": 60.133,
                                                                            "Actual Total Time": 125.286,
                                                                            "Actual Rows": 189958,
                                                                            "Actual Loops": 1
                                                                        }
                                                                    ]
                                                                }
                                                            ]
                                                        }
                                                    ]
                                                }
                                            ]
                                        }
                                    ]
                                }
                            ]
                        }
                    ]
                }
            ]
        },
        "Planning Time": 213.623,
        "Triggers": [],
        "Execution Time": 562.877
    }
]