{
    "Plan": {
        "Node Type": "Aggregate",
        "Strategy": "Plain",
        "Partial Mode": "Finalize",
        "Parallel Aware": false,
        "Startup Cost": 376254.26,
        "Total Cost": 376254.27,
        "Plan Rows": 1,
        "Plan Width": 8,
        "Actual Startup Time": 1455.707,
        "Actual Total Time": 1509.759,
        "Actual Rows": 1,
        "Actual Loops": 1,
        "Output": [
            "count(*)"
        ],
        "Plans": [
            {
                "Node Type": "Gather",
                "Parent Relationship": "Outer",
                "Parallel Aware": false,
                "Startup Cost": 376253.64,
                "Total Cost": 376254.25,
                "Plan Rows": 6,
                "Plan Width": 8,
                "Actual Startup Time": 1454.644,
                "Actual Total Time": 1509.748,
                "Actual Rows": 7,
                "Actual Loops": 1,
                "Output": [
                    "(PARTIAL count(*))"
                ],
                "Workers Planned": 6,
                "Workers Launched": 6,
                "Single Copy": false,
                "Plans": [
                    {
                        "Node Type": "Aggregate",
                        "Strategy": "Plain",
                        "Partial Mode": "Partial",
                        "Parent Relationship": "Outer",
                        "Parallel Aware": false,
                        "Startup Cost": 375253.64,
                        "Total Cost": 375253.65,
                        "Plan Rows": 1,
                        "Plan Width": 8,
                        "Actual Startup Time": 1446.623,
                        "Actual Total Time": 1446.626,
                        "Actual Rows": 1,
                        "Actual Loops": 7,
                        "Output": [
                            "PARTIAL count(*)"
                        ],
                        "Workers": [
                            {
                                "Worker Number": 0,
                                "Actual Startup Time": 1442.276,
                                "Actual Total Time": 1442.279,
                                "Actual Rows": 1,
                                "Actual Loops": 1
                            },
                            {
                                "Worker Number": 1,
                                "Actual Startup Time": 1442.765,
                                "Actual Total Time": 1442.768,
                                "Actual Rows": 1,
                                "Actual Loops": 1
                            },
                            {
                                "Worker Number": 2,
                                "Actual Startup Time": 1443.138,
                                "Actual Total Time": 1443.142,
                                "Actual Rows": 1,
                                "Actual Loops": 1
                            },
                            {
                                "Worker Number": 3,
                                "Actual Startup Time": 1447.26,
                                "Actual Total Time": 1447.263,
                                "Actual Rows": 1,
                                "Actual Loops": 1
                            },
                            {
                                "Worker Number": 4,
                                "Actual Startup Time": 1448.501,
                                "Actual Total Time": 1448.503,
                                "Actual Rows": 1,
                                "Actual Loops": 1
                            },
                            {
                                "Worker Number": 5,
                                "Actual Startup Time": 1448.242,
                                "Actual Total Time": 1448.245,
                                "Actual Rows": 1,
                                "Actual Loops": 1
                            }
                        ],
                        "Plans": [
                            {
                                "Node Type": "Hash Join",
                                "Parent Relationship": "Outer",
                                "Parallel Aware": true,
                                "Join Type": "Inner",
                                "Startup Cost": 45755.85,
                                "Total Cost": 374724.75,
                                "Plan Rows": 211555,
                                "Plan Width": 0,
                                "Actual Startup Time": 74.719,
                                "Actual Total Time": 1430.947,
                                "Actual Rows": 263656,
                                "Actual Loops": 7,
                                "Inner Unique": true,
                                "Hash Cond": "(ci.movie_id = t.id)",
                                "Workers": [
                                    {
                                        "Worker Number": 0,
                                        "Actual Startup Time": 70.331,
                                        "Actual Total Time": 1426.299,
                                        "Actual Rows": 184674,
                                        "Actual Loops": 1
                                    },
                                    {
                                        "Worker Number": 1,
                                        "Actual Startup Time": 70.815,
                                        "Actual Total Time": 1426.743,
                                        "Actual Rows": 195479,
                                        "Actual Loops": 1
                                    },
                                    {
                                        "Worker Number": 2,
                                        "Actual Startup Time": 71.188,
                                        "Actual Total Time": 1426.987,
                                        "Actual Rows": 190167,
                                        "Actual Loops": 1
                                    },
                                    {
                                        "Worker Number": 3,
                                        "Actual Startup Time": 75.432,
                                        "Actual Total Time": 1432.249,
                                        "Actual Rows": 305755,
                                        "Actual Loops": 1
                                    },
                                    {
                                        "Worker Number": 4,
                                        "Actual Startup Time": 76.654,
                                        "Actual Total Time": 1433.554,
                                        "Actual Rows": 289558,
                                        "Actual Loops": 1
                                    },
                                    {
                                        "Worker Number": 5,
                                        "Actual Startup Time": 76.415,
                                        "Actual Total Time": 1433.448,
                                        "Actual Rows": 303124,
                                        "Actual Loops": 1
                                    }
                                ],
                                "Plans": [
                                    {
                                        "Node Type": "Seq Scan",
                                        "Parent Relationship": "Outer",
                                        "Parallel Aware": true,
                                        "Relation Name": "cast_info",
                                        "Schema": "public",
                                        "Alias": "ci",
                                        "Startup Cost": 0.0,
                                        "Total Cost": 313108.29,
                                        "Plan Rows": 6042129,
                                        "Plan Width": 4,
                                        "Actual Startup Time": 0.031,
                                        "Actual Total Time": 572.74,
                                        "Actual Rows": 5177763,
                                        "Actual Loops": 7,
                                        "Output": [
                                            "ci.id",
                                            "ci.person_id",
                                            "ci.movie_id",
                                            "ci.person_role_id",
                                            "ci.note",
                                            "ci.nr_order",
                                            "ci.role_id"
                                        ],
                                        "Workers": [
                                            {
                                                "Worker Number": 0,
                                                "Actual Startup Time": 0.034,
                                                "Actual Total Time": 575.567,
                                                "Actual Rows": 3654183,
                                                "Actual Loops": 1
                                            },
                                            {
                                                "Worker Number": 1,
                                                "Actual Startup Time": 0.037,
                                                "Actual Total Time": 576.412,
                                                "Actual Rows": 3887123,
                                                "Actual Loops": 1
                                            },
                                            {
                                                "Worker Number": 2,
                                                "Actual Startup Time": 0.036,
                                                "Actual Total Time": 578.298,
                                                "Actual Rows": 3731003,
                                                "Actual Loops": 1
                                            },
                                            {
                                                "Worker Number": 3,
                                                "Actual Startup Time": 0.034,
                                                "Actual Total Time": 577.33,
                                                "Actual Rows": 5974102,
                                                "Actual Loops": 1
                                            },
                                            {
                                                "Worker Number": 4,
                                                "Actual Startup Time": 0.033,
                                                "Actual Total Time": 593.518,
                                                "Actual Rows": 5674061,
                                                "Actual Loops": 1
                                            },
                                            {
                                                "Worker Number": 5,
                                                "Actual Startup Time": 0.034,
                                                "Actual Total Time": 575.847,
                                                "Actual Rows": 5960560,
                                                "Actual Loops": 1
                                            }
                                        ]
                                    },
                                    {
                                        "Node Type": "Hash",
                                        "Parent Relationship": "Inner",
                                        "Parallel Aware": true,
                                        "Startup Cost": 45479.21,
                                        "Total Cost": 45479.21,
                                        "Plan Rows": 22131,
                                        "Plan Width": 4,
                                        "Actual Startup Time": 73.629,
                                        "Actual Total Time": 73.63,
                                        "Actual Rows": 13680,
                                        "Actual Loops": 7,
                                        "Output": [
                                            "t.id"
                                        ],
                                        "Hash Buckets": 131072,
                                        "Original Hash Buckets": 131072,
                                        "Hash Batches": 1,
                                        "Original Hash Batches": 1,
                                        "Peak Memory Usage": 4896,
                                        "Workers": [
                                            {
                                                "Worker Number": 0,
                                                "Actual Startup Time": 69.622,
                                                "Actual Total Time": 69.623,
                                                "Actual Rows": 10627,
                                                "Actual Loops": 1
                                            },
                                            {
                                                "Worker Number": 1,
                                                "Actual Startup Time": 70.031,
                                                "Actual Total Time": 70.032,
                                                "Actual Rows": 10188,
                                                "Actual Loops": 1
                                            },
                                            {
                                                "Worker Number": 2,
                                                "Actual Startup Time": 70.387,
                                                "Actual Total Time": 70.388,
                                                "Actual Rows": 9677,
                                                "Actual Loops": 1
                                            },
                                            {
                                                "Worker Number": 3,
                                                "Actual Startup Time": 74.822,
                                                "Actual Total Time": 74.823,
                                                "Actual Rows": 14966,
                                                "Actual Loops": 1
                                            },
                                            {
                                                "Worker Number": 4,
                                                "Actual Startup Time": 76.114,
                                                "Actual Total Time": 76.115,
                                                "Actual Rows": 14742,
                                                "Actual Loops": 1
                                            },
                                            {
                                                "Worker Number": 5,
                                                "Actual Startup Time": 75.802,
                                                "Actual Total Time": 75.803,
                                                "Actual Rows": 15033,
                                                "Actual Loops": 1
                                            }
                                        ],
                                        "Plans": [
                                            {
                                                "Node Type": "Seq Scan",
                                                "Parent Relationship": "Outer",
                                                "Parallel Aware": true,
                                                "Relation Name": "title",
                                                "Schema": "public",
                                                "Alias": "t",
                                                "Startup Cost": 0.0,
                                                "Total Cost": 45479.21,
                                                "Plan Rows": 22131,
                                                "Plan Width": 4,
                                                "Actual Startup Time": 43.803,
                                                "Actual Total Time": 68.14,
                                                "Actual Rows": 13680,
                                                "Actual Loops": 7,
                                                "Output": [
                                                    "t.id"
                                                ],
                                                "Filter": "((t.production_year < 2012) AND (t.kind_id = 3))",
                                                "Rows Removed by Filter": 347507,
                                                "Workers": [
                                                    {
                                                        "Worker Number": 0,
                                                        "Actual Startup Time": 42.119,
                                                        "Actual Total Time": 64.854,
                                                        "Actual Rows": 10627,
                                                        "Actual Loops": 1
                                                    },
                                                    {
                                                        "Worker Number": 1,
                                                        "Actual Startup Time": 37.923,
                                                        "Actual Total Time": 65.001,
                                                        "Actual Rows": 10188,
                                                        "Actual Loops": 1
                                                    },
                                                    {
                                                        "Worker Number": 2,
                                                        "Actual Startup Time": 42.895,
                                                        "Actual Total Time": 65.272,
                                                        "Actual Rows": 9677,
                                                        "Actual Loops": 1
                                                    },
                                                    {
                                                        "Worker Number": 3,
                                                        "Actual Startup Time": 44.686,
                                                        "Actual Total Time": 68.994,
                                                        "Actual Rows": 14966,
                                                        "Actual Loops": 1
                                                    },
                                                    {
                                                        "Worker Number": 4,
                                                        "Actual Startup Time": 44.251,
                                                        "Actual Total Time": 70.645,
                                                        "Actual Rows": 14742,
                                                        "Actual Loops": 1
                                                    },
                                                    {
                                                        "Worker Number": 5,
                                                        "Actual Startup Time": 48.322,
                                                        "Actual Total Time": 70.007,
                                                        "Actual Rows": 15033,
                                                        "Actual Loops": 1
                                                    }
                                                ]
                                            }
                                        ]
                                    }
                                ]
                            }
                        ]
                    }
                ]
            }
        ]
    },
    "Planning Time": 0.351,
    "Triggers": [],
    "Execution Time": 1509.817
}