[
  {
    "Plan": {
      "Node Type": "Aggregate",
      "Strategy": "Plain",
      "Partial Mode": "Finalize",
      "Parallel Aware": false,
      "Startup Cost": 92194.66,
      "Total Cost": 92194.67,
      "Plan Rows": 1,
      "Plan Width": 8,
      "Actual Startup Time": 291.26,
      "Actual Total Time": 308.216,
      "Actual Rows": 1,
      "Actual Loops": 1,
      "Plans": [
        {
          "Node Type": "Gather",
          "Parent Relationship": "Outer",
          "Parallel Aware": false,
          "Startup Cost": 92194.34,
          "Total Cost": 92194.65,
          "Plan Rows": 3,
          "Plan Width": 8,
          "Actual Startup Time": 289.545,
          "Actual Total Time": 308.207,
          "Actual Rows": 4,
          "Actual Loops": 1,
          "Workers Planned": 3,
          "Workers Launched": 3,
          "Single Copy": false,
          "Plans": [
            {
              "Node Type": "Aggregate",
              "Strategy": "Plain",
              "Partial Mode": "Partial",
              "Parent Relationship": "Outer",
              "Parallel Aware": false,
              "Startup Cost": 91194.34,
              "Total Cost": 91194.35,
              "Plan Rows": 1,
              "Plan Width": 8,
              "Actual Startup Time": 281.171,
              "Actual Total Time": 281.174,
              "Actual Rows": 1,
              "Actual Loops": 4,
              "Plans": [
                {
                  "Node Type": "Hash Join",
                  "Parent Relationship": "Outer",
                  "Parallel Aware": true,
                  "Join Type": "Inner",
                  "Startup Cost": 46741.14,
                  "Total Cost": 90962.28,
                  "Plan Rows": 92827,
                  "Plan Width": 0,
                  "Actual Startup Time": 135.162,
                  "Actual Total Time": 280.375,
                  "Actual Rows": 19386,
                  "Actual Loops": 4,
                  "Inner Unique": true,
                  "Hash Cond": "(mk.movie_id = t.id)",
                  "Plans": [
                    {
                      "Node Type": "Seq Scan",
                      "Parent Relationship": "Outer",
                      "Parallel Aware": true,
                      "Relation Name": "movie_keyword",
                      "Alias": "mk",
                      "Startup Cost": 0.0,
                      "Total Cost": 42695.65,
                      "Plan Rows": 581138,
                      "Plan Width": 4,
                      "Actual Startup Time": 0.463,
                      "Actual Total Time": 96.66,
                      "Actual Rows": 452229,
                      "Actual Loops": 4,
                      "Filter": "(keyword_id > 7675)",
                      "Rows Removed by Filter": 678753
                    },
                    {
                      "Node Type": "Hash",
                      "Parent Relationship": "Inner",
                      "Parallel Aware": true,
                      "Startup Cost": 45479.1,
                      "Total Cost": 45479.1,
                      "Plan Rows": 100963,
                      "Plan Width": 4,
                      "Actual Startup Time": 131.303,
                      "Actual Total Time": 131.304,
                      "Actual Rows": 108554,
                      "Actual Loops": 4,
                      "Hash Buckets": 524288,
                      "Original Hash Buckets": 524288,
                      "Hash Batches": 1,
                      "Original Hash Batches": 1,
                      "Peak Memory Usage": 21184,
                      "Plans": [
                        {
                          "Node Type": "Seq Scan",
                          "Parent Relationship": "Outer",
                          "Parallel Aware": true,
                          "Relation Name": "title",
                          "Alias": "t",
                          "Startup Cost": 0.0,
                          "Total Cost": 45479.1,
                          "Plan Rows": 100963,
                          "Plan Width": 4,
                          "Actual Startup Time": 0.036,
                          "Actual Total Time": 95.207,
                          "Actual Rows": 108554,
                          "Actual Loops": 4,
                          "Filter": "((production_year > 2008) AND (kind_id = 7))",
                          "Rows Removed by Filter": 523524
                        }
                      ]
                    }
                  ]
                }
              ]
            }
          ]
        }
      ]
    },
    "Planning Time": 0.653,
    "Triggers": [],
    "Execution Time": 308.288
  }
]