[
  {
    "Plan": {
      "Node Type": "Aggregate",
      "Strategy": "Plain",
      "Partial Mode": "Finalize",
      "Parallel Aware": false,
      "Startup Cost": 369311.57,
      "Total Cost": 369311.58,
      "Plan Rows": 1,
      "Plan Width": 8,
      "Actual Startup Time": 735.038,
      "Actual Total Time": 752.361,
      "Actual Rows": 1,
      "Actual Loops": 1,
      "Plans": [
        {
          "Node Type": "Gather",
          "Parent Relationship": "Outer",
          "Parallel Aware": false,
          "Startup Cost": 369311.25,
          "Total Cost": 369311.56,
          "Plan Rows": 3,
          "Plan Width": 8,
          "Actual Startup Time": 729.497,
          "Actual Total Time": 752.351,
          "Actual Rows": 4,
          "Actual Loops": 1,
          "Workers Planned": 3,
          "Workers Launched": 3,
          "Single Copy": false,
          "Plans": [
            {
              "Node Type": "Aggregate",
              "Strategy": "Plain",
              "Partial Mode": "Partial",
              "Parent Relationship": "Outer",
              "Parallel Aware": false,
              "Startup Cost": 368311.25,
              "Total Cost": 368311.26,
              "Plan Rows": 1,
              "Plan Width": 8,
              "Actual Startup Time": 720.177,
              "Actual Total Time": 720.28,
              "Actual Rows": 1,
              "Actual Loops": 4,
              "Plans": [
                {
                  "Node Type": "Hash Join",
                  "Parent Relationship": "Outer",
                  "Parallel Aware": true,
                  "Join Type": "Inner",
                  "Startup Cost": 321807.83,
                  "Total Cost": 367319.45,
                  "Plan Rows": 396721,
                  "Plan Width": 0,
                  "Actual Startup Time": 425.896,
                  "Actual Total Time": 681.697,
                  "Actual Rows": 981812,
                  "Actual Loops": 4,
                  "Inner Unique": false,
                  "Hash Cond": "(mk.movie_id = t.id)",
                  "Plans": [
                    {
                      "Node Type": "Seq Scan",
                      "Parent Relationship": "Outer",
                      "Parallel Aware": true,
                      "Relation Name": "movie_keyword",
                      "Alias": "mk",
                      "Startup Cost": 0.0,
                      "Total Cost": 39047.32,
                      "Plan Rows": 1459332,
                      "Plan Width": 4,
                      "Actual Startup Time": 0.06,
                      "Actual Total Time": 85.654,
                      "Actual Rows": 1130982,
                      "Actual Loops": 4
                    },
                    {
                      "Node Type": "Hash",
                      "Parent Relationship": "Inner",
                      "Parallel Aware": true,
                      "Startup Cost": 319659.96,
                      "Total Cost": 319659.96,
                      "Plan Rows": 171830,
                      "Plan Width": 8,
                      "Actual Startup Time": 420.954,
                      "Actual Total Time": 421.055,
                      "Actual Rows": 166354,
                      "Actual Loops": 4,
                      "Hash Buckets": 1048576,
                      "Original Hash Buckets": 1048576,
                      "Hash Batches": 1,
                      "Original Hash Batches": 1,
                      "Peak Memory Usage": 34304,
                      "Plans": [
                        {
                          "Node Type": "Hash Join",
                          "Parent Relationship": "Outer",
                          "Parallel Aware": true,
                          "Join Type": "Inner",
                          "Startup Cost": 270734.11,
                          "Total Cost": 319659.96,
                          "Plan Rows": 171830,
                          "Plan Width": 8,
                          "Actual Startup Time": 126.519,
                          "Actual Total Time": 370.483,
                          "Actual Rows": 166354,
                          "Actual Loops": 4,
                          "Inner Unique": false,
                          "Hash Cond": "(t.id = ci.movie_id)",
                          "Plans": [
                            {
                              "Node Type": "Seq Scan",
                              "Parent Relationship": "Outer",
                              "Parallel Aware": true,
                              "Relation Name": "title",
                              "Alias": "t",
                              "Startup Cost": 0.0,
                              "Total Cost": 42318.73,
                              "Plan Rows": 632073,
                              "Plan Width": 4,
                              "Actual Startup Time": 0.014,
                              "Actual Total Time": 73.543,
                              "Actual Rows": 632078,
                              "Actual Loops": 4
                            },
                            {
                              "Node Type": "Hash",
                              "Parent Relationship": "Inner",
                              "Parallel Aware": true,
                              "Startup Cost": 269302.2,
                              "Total Cost": 269302.2,
                              "Plan Rows": 114553,
                              "Plan Width": 4,
                              "Actual Startup Time": 123.782,
                              "Actual Total Time": 123.783,
                              "Actual Rows": 166354,
                              "Actual Loops": 4,
                              "Hash Buckets": 1048576,
                              "Original Hash Buckets": 1048576,
                              "Hash Batches": 1,
                              "Original Hash Batches": 1,
                              "Peak Memory Usage": 34304,
                              "Plans": [
                                {
                                  "Node Type": "Bitmap Heap Scan",
                                  "Parent Relationship": "Outer",
                                  "Parallel Aware": true,
                                  "Relation Name": "cast_info",
                                  "Alias": "ci",
                                  "Startup Cost": 15183.29,
                                  "Total Cost": 269302.2,
                                  "Plan Rows": 114553,
                                  "Plan Width": 4,
                                  "Actual Startup Time": 25.908,
                                  "Actual Total Time": 62.702,
                                  "Actual Rows": 166354,
                                  "Actual Loops": 4,
                                  "Recheck Cond": "(person_id < 71225)",
                                  "Rows Removed by Index Recheck": 0,
                                  "Exact Heap Blocks": 2603,
                                  "Lossy Heap Blocks": 0,
                                  "Plans": [
                                    {
                                      "Node Type": "Bitmap Index Scan",
                                      "Parent Relationship": "Outer",
                                      "Parallel Aware": false,
                                      "Index Name": "person_id_cast_info",
                                      "Startup Cost": 0.0,
                                      "Total Cost": 15011.46,
                                      "Plan Rows": 687319,
                                      "Plan Width": 0,
                                      "Actual Startup Time": 24.756,
                                      "Actual Total Time": 24.756,
                                      "Actual Rows": 665417,
                                      "Actual Loops": 1,
                                      "Index Cond": "(person_id < 71225)"
                                    }
                                  ]
                                }
                              ]
                            }
                          ]
                        }
                      ]
                    }
                  ]
                }
              ]
            }
          ]
        }
      ]
    },
    "Planning Time": 1.316,
    "Triggers": [],
    "Execution Time": 752.474
  }
]