[
    {
        "Bao": {
            "Bao prediction": "NaN",
            "Bao recommended hint": "(no hint)"
        }
    },
    {
        "Plan": {
            "Node Type": "Aggregate",
            "Strategy": "Plain",
            "Partial Mode": "Finalize",
            "Parallel Aware": false,
            "Startup Cost": 224880.28,
            "Total Cost": 224880.29,
            "Plan Rows": 1,
            "Plan Width": 8,
            "Actual Startup Time": 195.471,
            "Actual Total Time": 202.09,
            "Actual Rows": 1,
            "Actual Loops": 1,
            "Output": [
                "count(*)"
            ],
            "Plans": [
                {
                    "Node Type": "Gather",
                    "Parent Relationship": "Outer",
                    "Parallel Aware": false,
                    "Startup Cost": 224879.75,
                    "Total Cost": 224880.26,
                    "Plan Rows": 5,
                    "Plan Width": 8,
                    "Actual Startup Time": 189.127,
                    "Actual Total Time": 202.083,
                    "Actual Rows": 6,
                    "Actual Loops": 1,
                    "Output": [
                        "(PARTIAL count(*))"
                    ],
                    "Workers Planned": 5,
                    "Workers Launched": 5,
                    "Single Copy": false,
                    "Plans": [
                        {
                            "Node Type": "Aggregate",
                            "Strategy": "Plain",
                            "Partial Mode": "Partial",
                            "Parent Relationship": "Outer",
                            "Parallel Aware": false,
                            "Startup Cost": 223879.75,
                            "Total Cost": 223879.76,
                            "Plan Rows": 1,
                            "Plan Width": 8,
                            "Actual Startup Time": 179.154,
                            "Actual Total Time": 179.158,
                            "Actual Rows": 1,
                            "Actual Loops": 6,
                            "Output": [
                                "PARTIAL count(*)"
                            ],
                            "Workers": [
                                {
                                    "Worker Number": 0,
                                    "Actual Startup Time": 177.053,
                                    "Actual Total Time": 177.061,
                                    "Actual Rows": 1,
                                    "Actual Loops": 1
                                },
                                {
                                    "Worker Number": 1,
                                    "Actual Startup Time": 176.85,
                                    "Actual Total Time": 176.853,
                                    "Actual Rows": 1,
                                    "Actual Loops": 1
                                },
                                {
                                    "Worker Number": 2,
                                    "Actual Startup Time": 177.15,
                                    "Actual Total Time": 177.152,
                                    "Actual Rows": 1,
                                    "Actual Loops": 1
                                },
                                {
                                    "Worker Number": 3,
                                    "Actual Startup Time": 177.531,
                                    "Actual Total Time": 177.534,
                                    "Actual Rows": 1,
                                    "Actual Loops": 1
                                },
                                {
                                    "Worker Number": 4,
                                    "Actual Startup Time": 177.612,
                                    "Actual Total Time": 177.616,
                                    "Actual Rows": 1,
                                    "Actual Loops": 1
                                }
                            ],
                            "Plans": [
                                {
                                    "Node Type": "Hash Join",
                                    "Parent Relationship": "Outer",
                                    "Parallel Aware": true,
                                    "Join Type": "Inner",
                                    "Startup Cost": 59721.59,
                                    "Total Cost": 223804.95,
                                    "Plan Rows": 29920,
                                    "Plan Width": 0,
                                    "Actual Startup Time": 135.074,
                                    "Actual Total Time": 178.72,
                                    "Actual Rows": 5943,
                                    "Actual Loops": 6,
                                    "Inner Unique": true,
                                    "Hash Cond": "(mi.movie_id = t.id)",
                                    "Workers": [
                                        {
                                            "Worker Number": 0,
                                            "Actual Startup Time": 132.604,
                                            "Actual Total Time": 176.611,
                                            "Actual Rows": 6000,
                                            "Actual Loops": 1
                                        },
                                        {
                                            "Worker Number": 1,
                                            "Actual Startup Time": 132.757,
                                            "Actual Total Time": 176.329,
                                            "Actual Rows": 5410,
                                            "Actual Loops": 1
                                        },
                                        {
                                            "Worker Number": 2,
                                            "Actual Startup Time": 133.234,
                                            "Actual Total Time": 176.717,
                                            "Actual Rows": 5166,
                                            "Actual Loops": 1
                                        },
                                        {
                                            "Worker Number": 3,
                                            "Actual Startup Time": 133.566,
                                            "Actual Total Time": 177.074,
                                            "Actual Rows": 5565,
                                            "Actual Loops": 1
                                        },
                                        {
                                            "Worker Number": 4,
                                            "Actual Startup Time": 133.755,
                                            "Actual Total Time": 177.191,
                                            "Actual Rows": 5092,
                                            "Actual Loops": 1
                                        }
                                    ],
                                    "Plans": [
                                        {
                                            "Node Type": "Bitmap Heap Scan",
                                            "Parent Relationship": "Outer",
                                            "Parallel Aware": true,
                                            "Relation Name": "movie_info",
                                            "Schema": "public",
                                            "Alias": "mi",
                                            "Startup Cost": 12531.92,
                                            "Total Cost": 176252.49,
                                            "Plan Rows": 138206,
                                            "Plan Width": 4,
                                            "Actual Startup Time": 21.447,
                                            "Actual Total Time": 41.048,
                                            "Actual Rows": 110154,
                                            "Actual Loops": 6,
                                            "Output": [
                                                "mi.id",
                                                "mi.movie_id",
                                                "mi.info_type_id",
                                                "mi.info",
                                                "mi.note"
                                            ],
                                            "Recheck Cond": "(mi.info_type_id = 18)",
                                            "Rows Removed by Index Recheck": 0,
                                            "Exact Heap Blocks": 1487,
                                            "Lossy Heap Blocks": 0,
                                            "Workers": [
                                                {
                                                    "Worker Number": 0,
                                                    "Actual Startup Time": 21.294,
                                                    "Actual Total Time": 41.451,
                                                    "Actual Rows": 108098,
                                                    "Actual Loops": 1
                                                },
                                                {
                                                    "Worker Number": 1,
                                                    "Actual Startup Time": 21.325,
                                                    "Actual Total Time": 41.692,
                                                    "Actual Rows": 94718,
                                                    "Actual Loops": 1
                                                },
                                                {
                                                    "Worker Number": 2,
                                                    "Actual Startup Time": 21.605,
                                                    "Actual Total Time": 41.319,
                                                    "Actual Rows": 107327,
                                                    "Actual Loops": 1
                                                },
                                                {
                                                    "Worker Number": 3,
                                                    "Actual Startup Time": 21.567,
                                                    "Actual Total Time": 41.298,
                                                    "Actual Rows": 106507,
                                                    "Actual Loops": 1
                                                },
                                                {
                                                    "Worker Number": 4,
                                                    "Actual Startup Time": 21.553,
                                                    "Actual Total Time": 41.361,
                                                    "Actual Rows": 106612,
                                                    "Actual Loops": 1
                                                }
                                            ],
                                            "Plans": [
                                                {
                                                    "Node Type": "Bitmap Index Scan",
                                                    "Parent Relationship": "Outer",
                                                    "Parallel Aware": false,
                                                    "Index Name": "info_type_id_movie_info",
                                                    "Startup Cost": 0.0,
                                                    "Total Cost": 12359.16,
                                                    "Plan Rows": 691030,
                                                    "Plan Width": 0,
                                                    "Actual Startup Time": 20.435,
                                                    "Actual Total Time": 20.436,
                                                    "Actual Rows": 660923,
                                                    "Actual Loops": 1,
                                                    "Index Cond": "(mi.info_type_id = 18)"
                                                }
                                            ]
                                        },
                                        {
                                            "Node Type": "Hash",
                                            "Parent Relationship": "Inner",
                                            "Parallel Aware": true,
                                            "Startup Cost": 45479.21,
                                            "Total Cost": 45479.21,
                                            "Plan Rows": 136837,
                                            "Plan Width": 4,
                                            "Actual Startup Time": 111.421,
                                            "Actual Total Time": 111.422,
                                            "Actual Rows": 100400,
                                            "Actual Loops": 6,
                                            "Output": [
                                                "t.id"
                                            ],
                                            "Hash Buckets": 1048576,
                                            "Original Hash Buckets": 1048576,
                                            "Hash Batches": 1,
                                            "Original Hash Batches": 1,
                                            "Peak Memory Usage": 31872,
                                            "Workers": [
                                                {
                                                    "Worker Number": 0,
                                                    "Actual Startup Time": 110.685,
                                                    "Actual Total Time": 110.685,
                                                    "Actual Rows": 90855,
                                                    "Actual Loops": 1
                                                },
                                                {
                                                    "Worker Number": 1,
                                                    "Actual Startup Time": 110.836,
                                                    "Actual Total Time": 110.837,
                                                    "Actual Rows": 92445,
                                                    "Actual Loops": 1
                                                },
                                                {
                                                    "Worker Number": 2,
                                                    "Actual Startup Time": 111.113,
                                                    "Actual Total Time": 111.113,
                                                    "Actual Rows": 88617,
                                                    "Actual Loops": 1
                                                },
                                                {
                                                    "Worker Number": 3,
                                                    "Actual Startup Time": 111.545,
                                                    "Actual Total Time": 111.546,
                                                    "Actual Rows": 87479,
                                                    "Actual Loops": 1
                                                },
                                                {
                                                    "Worker Number": 4,
                                                    "Actual Startup Time": 111.624,
                                                    "Actual Total Time": 111.625,
                                                    "Actual Rows": 89114,
                                                    "Actual Loops": 1
                                                }
                                            ],
                                            "Plans": [
                                                {
                                                    "Node Type": "Seq Scan",
                                                    "Parent Relationship": "Outer",
                                                    "Parallel Aware": true,
                                                    "Relation Name": "title",
                                                    "Schema": "public",
                                                    "Alias": "t",
                                                    "Startup Cost": 0.0,
                                                    "Total Cost": 45479.21,
                                                    "Plan Rows": 136837,
                                                    "Plan Width": 4,
                                                    "Actual Startup Time": 0.042,
                                                    "Actual Total Time": 72.993,
                                                    "Actual Rows": 100400,
                                                    "Actual Loops": 6,
                                                    "Output": [
                                                        "t.id"
                                                    ],
                                                    "Filter": "((t.production_year > 2006) AND (t.kind_id = 7))",
                                                    "Rows Removed by Filter": 320985,
                                                    "Workers": [
                                                        {
                                                            "Worker Number": 0,
                                                            "Actual Startup Time": 0.053,
                                                            "Actual Total Time": 74.558,
                                                            "Actual Rows": 90855,
                                                            "Actual Loops": 1
                                                        },
                                                        {
                                                            "Worker Number": 1,
                                                            "Actual Startup Time": 0.045,
                                                            "Actual Total Time": 73.617,
                                                            "Actual Rows": 92445,
                                                            "Actual Loops": 1
                                                        },
                                                        {
                                                            "Worker Number": 2,
                                                            "Actual Startup Time": 0.043,
                                                            "Actual Total Time": 73.954,
                                                            "Actual Rows": 88617,
                                                            "Actual Loops": 1
                                                        },
                                                        {
                                                            "Worker Number": 3,
                                                            "Actual Startup Time": 0.05,
                                                            "Actual Total Time": 73.562,
                                                            "Actual Rows": 87479,
                                                            "Actual Loops": 1
                                                        },
                                                        {
                                                            "Worker Number": 4,
                                                            "Actual Startup Time": 0.045,
                                                            "Actual Total Time": 73.944,
                                                            "Actual Rows": 89114,
                                                            "Actual Loops": 1
                                                        }
                                                    ]
                                                }
                                            ]
                                        }
                                    ]
                                }
                            ]
                        }
                    ]
                }
            ]
        },
        "Planning Time": 218.678,
        "Triggers": [],
        "Execution Time": 202.155
    }
]