{
  "Plan": {
    "Node Type": "Aggregate",
    "Strategy": "Plain",
    "Partial Mode": "Finalize",
    "Parallel Aware": false,
    "Startup Cost": 149091.78,
    "Total Cost": 149091.79,
    "Plan Rows": 1,
    "Plan Width": 8,
    "Actual Startup Time": 787.991,
    "Actual Total Time": 806.212,
    "Actual Rows": 1,
    "Actual Loops": 1,
    "Plans": [
      {
        "Node Type": "Gather",
        "Parent Relationship": "Outer",
        "Parallel Aware": false,
        "Startup Cost": 149091.67,
        "Total Cost": 149091.78,
        "Plan Rows": 1,
        "Plan Width": 8,
        "Actual Startup Time": 782.364,
        "Actual Total Time": 806.203,
        "Actual Rows": 2,
        "Actual Loops": 1,
        "Workers Planned": 1,
        "Workers Launched": 1,
        "Single Copy": false,
        "Plans": [
          {
            "Node Type": "Aggregate",
            "Strategy": "Plain",
            "Partial Mode": "Partial",
            "Parent Relationship": "Outer",
            "Parallel Aware": false,
            "Startup Cost": 148091.67,
            "Total Cost": 148091.68,
            "Plan Rows": 1,
            "Plan Width": 8,
            "Actual Startup Time": 770.358,
            "Actual Total Time": 770.362,
            "Actual Rows": 1,
            "Actual Loops": 2,
            "Plans": [
              {
                "Node Type": "Nested Loop",
                "Parent Relationship": "Outer",
                "Parallel Aware": false,
                "Join Type": "Inner",
                "Startup Cost": 74589.98,
                "Total Cost": 147970.86,
                "Plan Rows": 48325,
                "Plan Width": 0,
                "Actual Startup Time": 528.901,
                "Actual Total Time": 762.084,
                "Actual Rows": 191206,
                "Actual Loops": 2,
                "Inner Unique": false,
                "Plans": [
                  {
                    "Node Type": "Hash Join",
                    "Parent Relationship": "Outer",
                    "Parallel Aware": true,
                    "Join Type": "Inner",
                    "Startup Cost": 74589.56,
                    "Total Cost": 100564.05,
                    "Plan Rows": 88534,
                    "Plan Width": 8,
                    "Actual Startup Time": 528.812,
                    "Actual Total Time": 593.047,
                    "Actual Rows": 77447,
                    "Actual Loops": 2,
                    "Inner Unique": true,
                    "Hash Cond": "(mk.movie_id = t.id)",
                    "Plans": [
                      {
                        "Node Type": "Bitmap Heap Scan",
                        "Parent Relationship": "Outer",
                        "Parallel Aware": true,
                        "Relation Name": "movie_keyword",
                        "Alias": "mk",
                        "Startup Cost": 3628.89,
                        "Total Cost": 29339.49,
                        "Plan Rows": 100528,
                        "Plan Width": 4,
                        "Actual Startup Time": 12.185,
                        "Actual Total Time": 49.165,
                        "Actual Rows": 81172,
                        "Actual Loops": 2,
                        "Recheck Cond": "(keyword_id > 72646)",
                        "Rows Removed by Index Recheck": 0,
                        "Exact Heap Blocks": 10355,
                        "Lossy Heap Blocks": 0,
                        "Plans": [
                          {
                            "Node Type": "Bitmap Index Scan",
                            "Parent Relationship": "Outer",
                            "Parallel Aware": false,
                            "Index Name": "keyword_id_movie_keyword",
                            "Startup Cost": 0.0,
                            "Total Cost": 3586.17,
                            "Plan Rows": 170898,
                            "Plan Width": 0,
                            "Actual Startup Time": 9.258,
                            "Actual Total Time": 9.258,
                            "Actual Rows": 162344,
                            "Actual Loops": 1,
                            "Index Cond": "(keyword_id > 72646)"
                          }
                        ]
                      },
                      {
                        "Node Type": "Hash",
                        "Parent Relationship": "Inner",
                        "Parallel Aware": true,
                        "Startup Cost": 54588.39,
                        "Total Cost": 54588.39,
                        "Plan Rows": 1309782,
                        "Plan Width": 4,
                        "Actual Startup Time": 494.919,
                        "Actual Total Time": 494.919,
                        "Actual Rows": 1112284,
                        "Actual Loops": 2,
                        "Hash Buckets": 4194304,
                        "Original Hash Buckets": 4194304,
                        "Hash Batches": 1,
                        "Original Hash Batches": 1,
                        "Peak Memory Usage": 119808,
                        "Plans": [
                          {
                            "Node Type": "Seq Scan",
                            "Parent Relationship": "Outer",
                            "Parallel Aware": true,
                            "Relation Name": "title",
                            "Alias": "t",
                            "Startup Cost": 0.0,
                            "Total Cost": 54588.39,
                            "Plan Rows": 1309782,
                            "Plan Width": 4,
                            "Actual Startup Time": 0.023,
                            "Actual Total Time": 185.034,
                            "Actual Rows": 1112284,
                            "Actual Loops": 2,
                            "Filter": "(production_year < 2012)",
                            "Rows Removed by Filter": 151872
                          }
                        ]
                      }
                    ]
                  },
                  {
                    "Node Type": "Index Only Scan",
                    "Parent Relationship": "Inner",
                    "Parallel Aware": false,
                    "Scan Direction": "Forward",
                    "Index Name": "movie_id_movie_info_idx",
                    "Relation Name": "movie_info_idx",
                    "Alias": "mi_idx",
                    "Startup Cost": 0.43,
                    "Total Cost": 0.51,
                    "Plan Rows": 3,
                    "Plan Width": 4,
                    "Actual Startup Time": 0.001,
                    "Actual Total Time": 0.002,
                    "Actual Rows": 2,
                    "Actual Loops": 154894,
                    "Index Cond": "(movie_id = t.id)",
                    "Rows Removed by Index Recheck": 0,
                    "Heap Fetches": 382411
                  }
                ]
              }
            ]
          }
        ]
      }
    ]
  },
  "Planning Time": 0.883,
  "Triggers": [],
  "Execution Time": 806.313
}