[
  {
    "Plan": {
      "Node Type": "Aggregate",
      "Strategy": "Plain",
      "Partial Mode": "Finalize",
      "Parallel Aware": false,
      "Startup Cost": 33268.84,
      "Total Cost": 33268.85,
      "Plan Rows": 1,
      "Plan Width": 8,
      "Actual Startup Time": 121.735,
      "Actual Total Time": 131.464,
      "Actual Rows": 1,
      "Actual Loops": 1,
      "Plans": [
        {
          "Node Type": "Gather",
          "Parent Relationship": "Outer",
          "Parallel Aware": false,
          "Startup Cost": 33268.53,
          "Total Cost": 33268.84,
          "Plan Rows": 3,
          "Plan Width": 8,
          "Actual Startup Time": 121.567,
          "Actual Total Time": 131.451,
          "Actual Rows": 4,
          "Actual Loops": 1,
          "Workers Planned": 3,
          "Workers Launched": 3,
          "Single Copy": false,
          "Plans": [
            {
              "Node Type": "Aggregate",
              "Strategy": "Plain",
              "Partial Mode": "Partial",
              "Parent Relationship": "Outer",
              "Parallel Aware": false,
              "Startup Cost": 32268.53,
              "Total Cost": 32268.54,
              "Plan Rows": 1,
              "Plan Width": 8,
              "Actual Startup Time": 114.499,
              "Actual Total Time": 114.5,
              "Actual Rows": 1,
              "Actual Loops": 4,
              "Plans": [
                {
                  "Node Type": "Seq Scan",
                  "Parent Relationship": "Outer",
                  "Parallel Aware": true,
                  "Relation Name": "movie_companies",
                  "Alias": "mc",
                  "Startup Cost": 0.0,
                  "Total Cost": 31414.82,
                  "Plan Rows": 341483,
                  "Plan Width": 0,
                  "Actual Startup Time": 0.113,
                  "Actual Total Time": 99.048,
                  "Actual Rows": 235377,
                  "Actual Loops": 4,
                  "Filter": "((company_id > 317) AND (company_type_id = 1))",
                  "Rows Removed by Filter": 416906
                }
              ]
            }
          ]
        }
      ]
    },
    "Planning Time": 0.129,
    "Triggers": [],
    "Execution Time": 131.502
  }
]