[
  {
    "Plan": {
      "Node Type": "Aggregate",
      "Strategy": "Plain",
      "Partial Mode": "Finalize",
      "Parallel Aware": false,
      "Startup Cost": 33276.03,
      "Total Cost": 33276.04,
      "Plan Rows": 1,
      "Plan Width": 8,
      "Actual Startup Time": 118.231,
      "Actual Total Time": 127.846,
      "Actual Rows": 1,
      "Actual Loops": 1,
      "Plans": [
        {
          "Node Type": "Gather",
          "Parent Relationship": "Outer",
          "Parallel Aware": false,
          "Startup Cost": 33275.72,
          "Total Cost": 33276.03,
          "Plan Rows": 3,
          "Plan Width": 8,
          "Actual Startup Time": 118.109,
          "Actual Total Time": 127.837,
          "Actual Rows": 4,
          "Actual Loops": 1,
          "Workers Planned": 3,
          "Workers Launched": 3,
          "Single Copy": false,
          "Plans": [
            {
              "Node Type": "Aggregate",
              "Strategy": "Plain",
              "Partial Mode": "Partial",
              "Parent Relationship": "Outer",
              "Parallel Aware": false,
              "Startup Cost": 32275.72,
              "Total Cost": 32275.73,
              "Plan Rows": 1,
              "Plan Width": 8,
              "Actual Startup Time": 107.923,
              "Actual Total Time": 107.925,
              "Actual Rows": 1,
              "Actual Loops": 4,
              "Plans": [
                {
                  "Node Type": "Seq Scan",
                  "Parent Relationship": "Outer",
                  "Parallel Aware": true,
                  "Relation Name": "movie_companies",
                  "Alias": "mc",
                  "Startup Cost": 0.0,
                  "Total Cost": 31414.82,
                  "Plan Rows": 344359,
                  "Plan Width": 0,
                  "Actual Startup Time": 0.147,
                  "Actual Total Time": 93.448,
                  "Actual Rows": 235377,
                  "Actual Loops": 4,
                  "Filter": "((company_id > 317) AND (company_type_id = 1))",
                  "Rows Removed by Filter": 416906
                }
              ]
            }
          ]
        }
      ]
    },
    "Planning Time": 0.263,
    "Triggers": [],
    "Execution Time": 127.904
  }
]