[
  {
    "Plan": {
      "Node Type": "Aggregate",
      "Strategy": "Plain",
      "Partial Mode": "Finalize",
      "Parallel Aware": false,
      "Startup Cost": 333942.7,
      "Total Cost": 333942.71,
      "Plan Rows": 1,
      "Plan Width": 8,
      "Actual Startup Time": 671.376,
      "Actual Total Time": 728.373,
      "Actual Rows": 1,
      "Actual Loops": 1,
      "Plans": [
        {
          "Node Type": "Gather",
          "Parent Relationship": "Outer",
          "Parallel Aware": false,
          "Startup Cost": 333942.07,
          "Total Cost": 333942.68,
          "Plan Rows": 6,
          "Plan Width": 8,
          "Actual Startup Time": 671.254,
          "Actual Total Time": 728.361,
          "Actual Rows": 7,
          "Actual Loops": 1,
          "Workers Planned": 6,
          "Workers Launched": 6,
          "Single Copy": false,
          "Plans": [
            {
              "Node Type": "Aggregate",
              "Strategy": "Plain",
              "Partial Mode": "Partial",
              "Parent Relationship": "Outer",
              "Parallel Aware": false,
              "Startup Cost": 332942.07,
              "Total Cost": 332942.08,
              "Plan Rows": 1,
              "Plan Width": 8,
              "Actual Startup Time": 662.282,
              "Actual Total Time": 662.283,
              "Actual Rows": 1,
              "Actual Loops": 7,
              "Plans": [
                {
                  "Node Type": "Seq Scan",
                  "Parent Relationship": "Outer",
                  "Parallel Aware": true,
                  "Relation Name": "cast_info",
                  "Alias": "ci",
                  "Startup Cost": 0.0,
                  "Total Cost": 328162.03,
                  "Plan Rows": 1912019,
                  "Plan Width": 0,
                  "Actual Startup Time": 290.826,
                  "Actual Total Time": 589.879,
                  "Actual Rows": 1628776,
                  "Actual Loops": 7,
                  "Filter": "(person_id > 2558725)",
                  "Rows Removed by Filter": 3548987
                }
              ]
            }
          ]
        }
      ]
    },
    "Planning Time": 0.128,
    "Triggers": [],
    "Execution Time": 728.427
  }
]