[
    {
        "Bao": {
            "Bao prediction": "NaN",
            "Bao recommended hint": "(no hint)"
        }
    },
    {
        "Plan": {
            "Node Type": "Aggregate",
            "Strategy": "Plain",
            "Partial Mode": "Finalize",
            "Parallel Aware": false,
            "Startup Cost": 32744.45,
            "Total Cost": 32744.46,
            "Plan Rows": 1,
            "Plan Width": 8,
            "Actual Startup Time": 90.479,
            "Actual Total Time": 96.541,
            "Actual Rows": 1,
            "Actual Loops": 1,
            "Output": [
                "count(*)"
            ],
            "Plans": [
                {
                    "Node Type": "Gather",
                    "Parent Relationship": "Outer",
                    "Parallel Aware": false,
                    "Startup Cost": 32744.13,
                    "Total Cost": 32744.44,
                    "Plan Rows": 3,
                    "Plan Width": 8,
                    "Actual Startup Time": 90.391,
                    "Actual Total Time": 96.534,
                    "Actual Rows": 4,
                    "Actual Loops": 1,
                    "Output": [
                        "(PARTIAL count(*))"
                    ],
                    "Workers Planned": 3,
                    "Workers Launched": 3,
                    "Single Copy": false,
                    "Plans": [
                        {
                            "Node Type": "Aggregate",
                            "Strategy": "Plain",
                            "Partial Mode": "Partial",
                            "Parent Relationship": "Outer",
                            "Parallel Aware": false,
                            "Startup Cost": 31744.13,
                            "Total Cost": 31744.14,
                            "Plan Rows": 1,
                            "Plan Width": 8,
                            "Actual Startup Time": 82.247,
                            "Actual Total Time": 82.248,
                            "Actual Rows": 1,
                            "Actual Loops": 4,
                            "Output": [
                                "PARTIAL count(*)"
                            ],
                            "Workers": [
                                {
                                    "Worker Number": 0,
                                    "Actual Startup Time": 79.136,
                                    "Actual Total Time": 79.137,
                                    "Actual Rows": 1,
                                    "Actual Loops": 1
                                },
                                {
                                    "Worker Number": 1,
                                    "Actual Startup Time": 79.795,
                                    "Actual Total Time": 79.796,
                                    "Actual Rows": 1,
                                    "Actual Loops": 1
                                },
                                {
                                    "Worker Number": 2,
                                    "Actual Startup Time": 80.0,
                                    "Actual Total Time": 80.001,
                                    "Actual Rows": 1,
                                    "Actual Loops": 1
                                }
                            ],
                            "Plans": [
                                {
                                    "Node Type": "Seq Scan",
                                    "Parent Relationship": "Outer",
                                    "Parallel Aware": true,
                                    "Relation Name": "movie_companies",
                                    "Schema": "public",
                                    "Alias": "mc",
                                    "Startup Cost": 0.0,
                                    "Total Cost": 31414.82,
                                    "Plan Rows": 131725,
                                    "Plan Width": 0,
                                    "Actual Startup Time": 46.744,
                                    "Actual Total Time": 79.18,
                                    "Actual Rows": 58134,
                                    "Actual Loops": 4,
                                    "Output": [
                                        "id",
                                        "movie_id",
                                        "company_id",
                                        "company_type_id",
                                        "note"
                                    ],
                                    "Filter": "((mc.company_id < 1764) AND (mc.company_type_id = 2))",
                                    "Rows Removed by Filter": 594148,
                                    "Workers": [
                                        {
                                            "Worker Number": 0,
                                            "Actual Startup Time": 43.628,
                                            "Actual Total Time": 76.24,
                                            "Actual Rows": 41832,
                                            "Actual Loops": 1
                                        },
                                        {
                                            "Worker Number": 1,
                                            "Actual Startup Time": 44.298,
                                            "Actual Total Time": 76.934,
                                            "Actual Rows": 67466,
                                            "Actual Loops": 1
                                        },
                                        {
                                            "Worker Number": 2,
                                            "Actual Startup Time": 44.506,
                                            "Actual Total Time": 77.089,
                                            "Actual Rows": 68839,
                                            "Actual Loops": 1
                                        }
                                    ]
                                }
                            ]
                        }
                    ]
                }
            ]
        },
        "Planning Time": 281.772,
        "Triggers": [],
        "Execution Time": 96.599
    }
]