[
  {
    "Plan": {
      "Node Type": "Aggregate",
      "Strategy": "Plain",
      "Partial Mode": "Finalize",
      "Parallel Aware": false,
      "Startup Cost": 9735.65,
      "Total Cost": 9735.66,
      "Plan Rows": 1,
      "Plan Width": 8,
      "Actual Startup Time": 36.669,
      "Actual Total Time": 39.371,
      "Actual Rows": 1,
      "Actual Loops": 1,
      "Plans": [
        {
          "Node Type": "Gather",
          "Parent Relationship": "Outer",
          "Parallel Aware": false,
          "Startup Cost": 9735.33,
          "Total Cost": 9735.64,
          "Plan Rows": 3,
          "Plan Width": 8,
          "Actual Startup Time": 36.513,
          "Actual Total Time": 39.364,
          "Actual Rows": 4,
          "Actual Loops": 1,
          "Workers Planned": 3,
          "Workers Launched": 3,
          "Single Copy": false,
          "Plans": [
            {
              "Node Type": "Aggregate",
              "Strategy": "Plain",
              "Partial Mode": "Partial",
              "Parent Relationship": "Outer",
              "Parallel Aware": false,
              "Startup Cost": 8735.33,
              "Total Cost": 8735.34,
              "Plan Rows": 1,
              "Plan Width": 8,
              "Actual Startup Time": 29.679,
              "Actual Total Time": 29.68,
              "Actual Rows": 1,
              "Actual Loops": 4,
              "Plans": [
                {
                  "Node Type": "Index Scan",
                  "Parent Relationship": "Outer",
                  "Parallel Aware": true,
                  "Scan Direction": "Forward",
                  "Index Name": "role_id_cast_info",
                  "Relation Name": "cast_info",
                  "Alias": "ci",
                  "Startup Cost": 0.56,
                  "Total Cost": 8600.37,
                  "Plan Rows": 53983,
                  "Plan Width": 0,
                  "Actual Startup Time": 0.194,
                  "Actual Total Time": 27.849,
                  "Actual Rows": 18828,
                  "Actual Loops": 4,
                  "Index Cond": "(role_id > 10)",
                  "Rows Removed by Index Recheck": 0,
                  "Filter": "(person_id < 2046547)",
                  "Rows Removed by Filter": 60202
                }
              ]
            }
          ]
        }
      ]
    },
    "Planning Time": 0.189,
    "Triggers": [],
    "Execution Time": 39.42
  }
]