[
  {
    "Plan": {
      "Node Type": "Aggregate",
      "Strategy": "Plain",
      "Partial Mode": "Finalize",
      "Parallel Aware": false,
      "Startup Cost": 23671.84,
      "Total Cost": 23671.85,
      "Plan Rows": 1,
      "Plan Width": 8,
      "Actual Startup Time": 139.114,
      "Actual Total Time": 166.086,
      "Actual Rows": 1,
      "Actual Loops": 1,
      "Plans": [
        {
          "Node Type": "Gather",
          "Parent Relationship": "Outer",
          "Parallel Aware": false,
          "Startup Cost": 23671.63,
          "Total Cost": 23671.84,
          "Plan Rows": 2,
          "Plan Width": 8,
          "Actual Startup Time": 138.642,
          "Actual Total Time": 166.077,
          "Actual Rows": 3,
          "Actual Loops": 1,
          "Workers Planned": 2,
          "Workers Launched": 2,
          "Single Copy": false,
          "Plans": [
            {
              "Node Type": "Aggregate",
              "Strategy": "Plain",
              "Partial Mode": "Partial",
              "Parent Relationship": "Outer",
              "Parallel Aware": false,
              "Startup Cost": 22671.63,
              "Total Cost": 22671.64,
              "Plan Rows": 1,
              "Plan Width": 8,
              "Actual Startup Time": 130.465,
              "Actual Total Time": 130.467,
              "Actual Rows": 1,
              "Actual Loops": 3,
              "Plans": [
                {
                  "Node Type": "Nested Loop",
                  "Parent Relationship": "Outer",
                  "Parallel Aware": false,
                  "Join Type": "Inner",
                  "Startup Cost": 75.71,
                  "Total Cost": 22621.0,
                  "Plan Rows": 20252,
                  "Plan Width": 0,
                  "Actual Startup Time": 1.857,
                  "Actual Total Time": 126.354,
                  "Actual Rows": 59536,
                  "Actual Loops": 3,
                  "Inner Unique": false,
                  "Plans": [
                    {
                      "Node Type": "Nested Loop",
                      "Parent Relationship": "Outer",
                      "Parallel Aware": false,
                      "Join Type": "Inner",
                      "Startup Cost": 75.15,
                      "Total Cost": 19529.22,
                      "Plan Rows": 1413,
                      "Plan Width": 8,
                      "Actual Startup Time": 1.652,
                      "Actual Total Time": 10.615,
                      "Actual Rows": 1018,
                      "Actual Loops": 3,
                      "Inner Unique": true,
                      "Plans": [
                        {
                          "Node Type": "Bitmap Heap Scan",
                          "Parent Relationship": "Outer",
                          "Parallel Aware": true,
                          "Relation Name": "movie_companies",
                          "Alias": "mc",
                          "Startup Cost": 74.72,
                          "Total Cost": 8740.97,
                          "Plan Rows": 1413,
                          "Plan Width": 4,
                          "Actual Startup Time": 1.471,
                          "Actual Total Time": 2.91,
                          "Actual Rows": 1018,
                          "Actual Loops": 3,
                          "Recheck Cond": "(company_id = 531)",
                          "Rows Removed by Index Recheck": 0,
                          "Exact Heap Blocks": 497,
                          "Lossy Heap Blocks": 0,
                          "Plans": [
                            {
                              "Node Type": "Bitmap Index Scan",
                              "Parent Relationship": "Outer",
                              "Parallel Aware": false,
                              "Index Name": "company_id_movie_companies",
                              "Startup Cost": 0.0,
                              "Total Cost": 73.87,
                              "Plan Rows": 3392,
                              "Plan Width": 0,
                              "Actual Startup Time": 3.785,
                              "Actual Total Time": 3.786,
                              "Actual Rows": 3053,
                              "Actual Loops": 1,
                              "Index Cond": "(company_id = 531)"
                            }
                          ]
                        },
                        {
                          "Node Type": "Index Only Scan",
                          "Parent Relationship": "Inner",
                          "Parallel Aware": false,
                          "Scan Direction": "Forward",
                          "Index Name": "title_pkey",
                          "Relation Name": "title",
                          "Alias": "t",
                          "Startup Cost": 0.43,
                          "Total Cost": 7.63,
                          "Plan Rows": 1,
                          "Plan Width": 4,
                          "Actual Startup Time": 0.007,
                          "Actual Total Time": 0.007,
                          "Actual Rows": 1,
                          "Actual Loops": 3053,
                          "Index Cond": "(id = mc.movie_id)",
                          "Rows Removed by Index Recheck": 0,
                          "Heap Fetches": 3053
                        }
                      ]
                    },
                    {
                      "Node Type": "Index Only Scan",
                      "Parent Relationship": "Inner",
                      "Parallel Aware": false,
                      "Scan Direction": "Forward",
                      "Index Name": "movie_id_cast_info",
                      "Relation Name": "cast_info",
                      "Alias": "ci",
                      "Startup Cost": 0.56,
                      "Total Cost": 1.82,
                      "Plan Rows": 37,
                      "Plan Width": 4,
                      "Actual Startup Time": 0.01,
                      "Actual Total Time": 0.108,
                      "Actual Rows": 59,
                      "Actual Loops": 3053,
                      "Index Cond": "(movie_id = t.id)",
                      "Rows Removed by Index Recheck": 0,
                      "Heap Fetches": 178607
                    }
                  ]
                }
              ]
            }
          ]
        }
      ]
    },
    "Planning Time": 1.381,
    "Triggers": [],
    "Execution Time": 166.193
  }
]