[
  {
    "Plan": {
      "Node Type": "Aggregate",
      "Strategy": "Plain",
      "Partial Mode": "Finalize",
      "Parallel Aware": false,
      "Startup Cost": 54384.65,
      "Total Cost": 54384.66,
      "Plan Rows": 1,
      "Plan Width": 8,
      "Actual Startup Time": 114.842,
      "Actual Total Time": 129.866,
      "Actual Rows": 1,
      "Actual Loops": 1,
      "Plans": [
        {
          "Node Type": "Gather",
          "Parent Relationship": "Outer",
          "Parallel Aware": false,
          "Startup Cost": 54384.23,
          "Total Cost": 54384.64,
          "Plan Rows": 4,
          "Plan Width": 8,
          "Actual Startup Time": 114.685,
          "Actual Total Time": 129.856,
          "Actual Rows": 5,
          "Actual Loops": 1,
          "Workers Planned": 4,
          "Workers Launched": 4,
          "Single Copy": false,
          "Plans": [
            {
              "Node Type": "Aggregate",
              "Strategy": "Plain",
              "Partial Mode": "Partial",
              "Parent Relationship": "Outer",
              "Parallel Aware": false,
              "Startup Cost": 53384.23,
              "Total Cost": 53384.24,
              "Plan Rows": 1,
              "Plan Width": 8,
              "Actual Startup Time": 107.616,
              "Actual Total Time": 107.618,
              "Actual Rows": 1,
              "Actual Loops": 5,
              "Plans": [
                {
                  "Node Type": "Nested Loop",
                  "Parent Relationship": "Outer",
                  "Parallel Aware": false,
                  "Join Type": "Inner",
                  "Startup Cost": 0.43,
                  "Total Cost": 53382.55,
                  "Plan Rows": 670,
                  "Plan Width": 0,
                  "Actual Startup Time": 64.995,
                  "Actual Total Time": 107.472,
                  "Actual Rows": 1310,
                  "Actual Loops": 5,
                  "Inner Unique": false,
                  "Plans": [
                    {
                      "Node Type": "Seq Scan",
                      "Parent Relationship": "Outer",
                      "Parallel Aware": true,
                      "Relation Name": "title",
                      "Alias": "t",
                      "Startup Cost": 0.0,
                      "Total Cost": 45479.59,
                      "Plan Rows": 1227,
                      "Plan Width": 4,
                      "Actual Startup Time": 63.592,
                      "Actual Total Time": 96.371,
                      "Actual Rows": 959,
                      "Actual Loops": 5,
                      "Filter": "((kind_id = 1) AND (production_year = 1985))",
                      "Rows Removed by Filter": 504704
                    },
                    {
                      "Node Type": "Index Only Scan",
                      "Parent Relationship": "Inner",
                      "Parallel Aware": false,
                      "Scan Direction": "Forward",
                      "Index Name": "movie_id_movie_info_idx",
                      "Relation Name": "movie_info_idx",
                      "Alias": "mi_idx",
                      "Startup Cost": 0.43,
                      "Total Cost": 6.41,
                      "Plan Rows": 3,
                      "Plan Width": 4,
                      "Actual Startup Time": 0.01,
                      "Actual Total Time": 0.011,
                      "Actual Rows": 1,
                      "Actual Loops": 4793,
                      "Index Cond": "(movie_id = t.id)",
                      "Rows Removed by Index Recheck": 0,
                      "Heap Fetches": 6551
                    }
                  ]
                }
              ]
            }
          ]
        }
      ]
    },
    "Planning Time": 0.626,
    "Triggers": [],
    "Execution Time": 129.938
  }
]