[
  {
    "Plan": {
      "Node Type": "Aggregate",
      "Strategy": "Plain",
      "Partial Mode": "Finalize",
      "Parallel Aware": false,
      "Startup Cost": 54572.88,
      "Total Cost": 54572.89,
      "Plan Rows": 1,
      "Plan Width": 8,
      "Actual Startup Time": 106.44,
      "Actual Total Time": 121.552,
      "Actual Rows": 1,
      "Actual Loops": 1,
      "Plans": [
        {
          "Node Type": "Gather",
          "Parent Relationship": "Outer",
          "Parallel Aware": false,
          "Startup Cost": 54572.46,
          "Total Cost": 54572.87,
          "Plan Rows": 4,
          "Plan Width": 8,
          "Actual Startup Time": 106.116,
          "Actual Total Time": 121.543,
          "Actual Rows": 5,
          "Actual Loops": 1,
          "Workers Planned": 4,
          "Workers Launched": 4,
          "Single Copy": false,
          "Plans": [
            {
              "Node Type": "Aggregate",
              "Strategy": "Plain",
              "Partial Mode": "Partial",
              "Parent Relationship": "Outer",
              "Parallel Aware": false,
              "Startup Cost": 53572.46,
              "Total Cost": 53572.47,
              "Plan Rows": 1,
              "Plan Width": 8,
              "Actual Startup Time": 96.323,
              "Actual Total Time": 96.325,
              "Actual Rows": 1,
              "Actual Loops": 5,
              "Plans": [
                {
                  "Node Type": "Nested Loop",
                  "Parent Relationship": "Outer",
                  "Parallel Aware": false,
                  "Join Type": "Inner",
                  "Startup Cost": 0.43,
                  "Total Cost": 53570.73,
                  "Plan Rows": 691,
                  "Plan Width": 0,
                  "Actual Startup Time": 61.178,
                  "Actual Total Time": 96.201,
                  "Actual Rows": 1310,
                  "Actual Loops": 5,
                  "Inner Unique": false,
                  "Plans": [
                    {
                      "Node Type": "Seq Scan",
                      "Parent Relationship": "Outer",
                      "Parallel Aware": true,
                      "Relation Name": "title",
                      "Alias": "t",
                      "Startup Cost": 0.0,
                      "Total Cost": 45479.1,
                      "Plan Rows": 1266,
                      "Plan Width": 4,
                      "Actual Startup Time": 59.96,
                      "Actual Total Time": 87.612,
                      "Actual Rows": 959,
                      "Actual Loops": 5,
                      "Filter": "((kind_id = 1) AND (production_year = 1985))",
                      "Rows Removed by Filter": 504704
                    },
                    {
                      "Node Type": "Index Only Scan",
                      "Parent Relationship": "Inner",
                      "Parallel Aware": false,
                      "Scan Direction": "Forward",
                      "Index Name": "movie_id_movie_info_idx",
                      "Relation Name": "movie_info_idx",
                      "Alias": "mi_idx",
                      "Startup Cost": 0.43,
                      "Total Cost": 6.36,
                      "Plan Rows": 3,
                      "Plan Width": 4,
                      "Actual Startup Time": 0.008,
                      "Actual Total Time": 0.008,
                      "Actual Rows": 1,
                      "Actual Loops": 4793,
                      "Index Cond": "(movie_id = t.id)",
                      "Rows Removed by Index Recheck": 0,
                      "Heap Fetches": 6551
                    }
                  ]
                }
              ]
            }
          ]
        }
      ]
    },
    "Planning Time": 0.664,
    "Triggers": [],
    "Execution Time": 121.628
  }
]