[
  {
    "Plan": {
      "Node Type": "Aggregate",
      "Strategy": "Plain",
      "Partial Mode": "Finalize",
      "Parallel Aware": false,
      "Startup Cost": 226483.59,
      "Total Cost": 226483.6,
      "Plan Rows": 1,
      "Plan Width": 8,
      "Actual Startup Time": 2266.985,
      "Actual Total Time": 2354.886,
      "Actual Rows": 1,
      "Actual Loops": 1,
      "Plans": [
        {
          "Node Type": "Gather",
          "Parent Relationship": "Outer",
          "Parallel Aware": false,
          "Startup Cost": 226483.28,
          "Total Cost": 226483.59,
          "Plan Rows": 3,
          "Plan Width": 8,
          "Actual Startup Time": 2259.158,
          "Actual Total Time": 2354.875,
          "Actual Rows": 4,
          "Actual Loops": 1,
          "Workers Planned": 3,
          "Workers Launched": 3,
          "Single Copy": false,
          "Plans": [
            {
              "Node Type": "Aggregate",
              "Strategy": "Plain",
              "Partial Mode": "Partial",
              "Parent Relationship": "Outer",
              "Parallel Aware": false,
              "Startup Cost": 225483.28,
              "Total Cost": 225483.29,
              "Plan Rows": 1,
              "Plan Width": 8,
              "Actual Startup Time": 2241.832,
              "Actual Total Time": 2241.835,
              "Actual Rows": 1,
              "Actual Loops": 4,
              "Plans": [
                {
                  "Node Type": "Nested Loop",
                  "Parent Relationship": "Outer",
                  "Parallel Aware": false,
                  "Join Type": "Inner",
                  "Startup Cost": 54727.25,
                  "Total Cost": 224185.86,
                  "Plan Rows": 518966,
                  "Plan Width": 0,
                  "Actual Startup Time": 312.295,
                  "Actual Total Time": 2188.083,
                  "Actual Rows": 1191254,
                  "Actual Loops": 4,
                  "Inner Unique": false,
                  "Plans": [
                    {
                      "Node Type": "Hash Join",
                      "Parent Relationship": "Outer",
                      "Parallel Aware": true,
                      "Join Type": "Inner",
                      "Startup Cost": 54726.69,
                      "Total Cost": 80217.32,
                      "Plan Rows": 68537,
                      "Plan Width": 8,
                      "Actual Startup Time": 312.222,
                      "Actual Total Time": 380.663,
                      "Actual Rows": 55527,
                      "Actual Loops": 4,
                      "Inner Unique": true,
                      "Hash Cond": "(mk.movie_id = t.id)",
                      "Plans": [
                        {
                          "Node Type": "Bitmap Heap Scan",
                          "Parent Relationship": "Outer",
                          "Parallel Aware": true,
                          "Relation Name": "movie_keyword",
                          "Alias": "mk",
                          "Startup Cost": 4507.04,
                          "Total Cost": 29817.76,
                          "Plan Rows": 68537,
                          "Plan Width": 4,
                          "Actual Startup Time": 14.14,
                          "Actual Total Time": 45.502,
                          "Actual Rows": 55527,
                          "Actual Loops": 4,
                          "Recheck Cond": "(keyword_id < 178)",
                          "Rows Removed by Index Recheck": 0,
                          "Exact Heap Blocks": 6771,
                          "Lossy Heap Blocks": 0,
                          "Plans": [
                            {
                              "Node Type": "Bitmap Index Scan",
                              "Parent Relationship": "Outer",
                              "Parallel Aware": false,
                              "Index Name": "keyword_id_movie_keyword",
                              "Startup Cost": 0.0,
                              "Total Cost": 4453.93,
                              "Plan Rows": 212466,
                              "Plan Width": 0,
                              "Actual Startup Time": 10.642,
                              "Actual Total Time": 10.642,
                              "Actual Rows": 222109,
                              "Actual Loops": 1,
                              "Index Cond": "(keyword_id < 178)"
                            }
                          ]
                        },
                        {
                          "Node Type": "Hash",
                          "Parent Relationship": "Inner",
                          "Parallel Aware": true,
                          "Startup Cost": 42318.73,
                          "Total Cost": 42318.73,
                          "Plan Rows": 632073,
                          "Plan Width": 4,
                          "Actual Startup Time": 287.552,
                          "Actual Total Time": 287.553,
                          "Actual Rows": 632078,
                          "Actual Loops": 4,
                          "Hash Buckets": 4194304,
                          "Original Hash Buckets": 4194304,
                          "Hash Batches": 1,
                          "Original Hash Batches": 1,
                          "Peak Memory Usage": 131744,
                          "Plans": [
                            {
                              "Node Type": "Seq Scan",
                              "Parent Relationship": "Outer",
                              "Parallel Aware": true,
                              "Relation Name": "title",
                              "Alias": "t",
                              "Startup Cost": 0.0,
                              "Total Cost": 42318.73,
                              "Plan Rows": 632073,
                              "Plan Width": 4,
                              "Actual Startup Time": 0.048,
                              "Actual Total Time": 90.849,
                              "Actual Rows": 632078,
                              "Actual Loops": 4
                            }
                          ]
                        }
                      ]
                    },
                    {
                      "Node Type": "Index Scan",
                      "Parent Relationship": "Inner",
                      "Parallel Aware": false,
                      "Scan Direction": "Forward",
                      "Index Name": "movie_id_cast_info",
                      "Relation Name": "cast_info",
                      "Alias": "ci",
                      "Startup Cost": 0.56,
                      "Total Cost": 1.91,
                      "Plan Rows": 19,
                      "Plan Width": 4,
                      "Actual Startup Time": 0.004,
                      "Actual Total Time": 0.031,
                      "Actual Rows": 21,
                      "Actual Loops": 222109,
                      "Index Cond": "(movie_id = t.id)",
                      "Rows Removed by Index Recheck": 0,
                      "Filter": "(person_id < 1922178)",
                      "Rows Removed by Filter": 17
                    }
                  ]
                }
              ]
            }
          ]
        }
      ]
    },
    "Planning Time": 1.335,
    "Triggers": [],
    "Execution Time": 2355.019
  }
]