{
  "Plan": {
    "Node Type": "Aggregate",
    "Strategy": "Plain",
    "Partial Mode": "Finalize",
    "Parallel Aware": false,
    "Startup Cost": 663894.33,
    "Total Cost": 663894.34,
    "Plan Rows": 1,
    "Plan Width": 8,
    "Actual Startup Time": 3047.223,
    "Actual Total Time": 3100.217,
    "Actual Rows": 1,
    "Actual Loops": 1,
    "Plans": [
      {
        "Node Type": "Gather",
        "Parent Relationship": "Outer",
        "Parallel Aware": false,
        "Startup Cost": 663894.22,
        "Total Cost": 663894.33,
        "Plan Rows": 1,
        "Plan Width": 8,
        "Actual Startup Time": 3046.793,
        "Actual Total Time": 3100.21,
        "Actual Rows": 2,
        "Actual Loops": 1,
        "Workers Planned": 1,
        "Workers Launched": 1,
        "Single Copy": false,
        "Plans": [
          {
            "Node Type": "Aggregate",
            "Strategy": "Plain",
            "Partial Mode": "Partial",
            "Parent Relationship": "Outer",
            "Parallel Aware": false,
            "Startup Cost": 662894.22,
            "Total Cost": 662894.23,
            "Plan Rows": 1,
            "Plan Width": 8,
            "Actual Startup Time": 3042.83,
            "Actual Total Time": 3042.839,
            "Actual Rows": 1,
            "Actual Loops": 2,
            "Plans": [
              {
                "Node Type": "Hash Join",
                "Parent Relationship": "Outer",
                "Parallel Aware": true,
                "Join Type": "Inner",
                "Startup Cost": 102538.25,
                "Total Cost": 658525.42,
                "Plan Rows": 1747519,
                "Plan Width": 0,
                "Actual Startup Time": 305.512,
                "Actual Total Time": 3041.513,
                "Actual Rows": 13840,
                "Actual Loops": 2,
                "Inner Unique": false,
                "Hash Cond": "(ci.movie_id = t.id)",
                "Plans": [
                  {
                    "Node Type": "Seq Scan",
                    "Parent Relationship": "Outer",
                    "Parallel Aware": true,
                    "Relation Name": "cast_info",
                    "Alias": "ci",
                    "Startup Cost": 0.0,
                    "Total Cost": 465792.95,
                    "Plan Rows": 21310595,
                    "Plan Width": 4,
                    "Actual Startup Time": 0.01,
                    "Actual Total Time": 1278.401,
                    "Actual Rows": 18122172,
                    "Actual Loops": 2
                  },
                  {
                    "Node Type": "Hash",
                    "Parent Relationship": "Inner",
                    "Parallel Aware": true,
                    "Startup Cost": 101013.8,
                    "Total Cost": 101013.8,
                    "Plan Rows": 121956,
                    "Plan Width": 8,
                    "Actual Startup Time": 303.199,
                    "Actual Total Time": 303.207,
                    "Actual Rows": 862,
                    "Actual Loops": 2,
                    "Hash Buckets": 262144,
                    "Original Hash Buckets": 262144,
                    "Hash Batches": 1,
                    "Original Hash Batches": 1,
                    "Peak Memory Usage": 2144,
                    "Plans": [
                      {
                        "Node Type": "Hash Join",
                        "Parent Relationship": "Outer",
                        "Parallel Aware": true,
                        "Join Type": "Inner",
                        "Startup Cost": 39184.66,
                        "Total Cost": 101013.8,
                        "Plan Rows": 121956,
                        "Plan Width": 8,
                        "Actual Startup Time": 259.2,
                        "Actual Total Time": 302.694,
                        "Actual Rows": 862,
                        "Actual Loops": 2,
                        "Inner Unique": false,
                        "Hash Cond": "(t.id = mc.movie_id)",
                        "Plans": [
                          {
                            "Node Type": "Seq Scan",
                            "Parent Relationship": "Outer",
                            "Parallel Aware": true,
                            "Relation Name": "title",
                            "Alias": "t",
                            "Startup Cost": 0.0,
                            "Total Cost": 54588.39,
                            "Plan Rows": 1043739,
                            "Plan Width": 4,
                            "Actual Startup Time": 0.011,
                            "Actual Total Time": 135.05,
                            "Actual Rows": 887318,
                            "Actual Loops": 2,
                            "Filter": "(kind_id > 2)",
                            "Rows Removed by Filter": 376838
                          },
                          {
                            "Node Type": "Hash",
                            "Parent Relationship": "Inner",
                            "Parallel Aware": true,
                            "Startup Cost": 37012.44,
                            "Total Cost": 37012.44,
                            "Plan Rows": 173777,
                            "Plan Width": 4,
                            "Actual Startup Time": 84.798,
                            "Actual Total Time": 84.799,
                            "Actual Rows": 3966,
                            "Actual Loops": 2,
                            "Hash Buckets": 524288,
                            "Original Hash Buckets": 524288,
                            "Hash Batches": 1,
                            "Original Hash Batches": 1,
                            "Peak Memory Usage": 4448,
                            "Plans": [
                              {
                                "Node Type": "Bitmap Heap Scan",
                                "Parent Relationship": "Outer",
                                "Parallel Aware": true,
                                "Relation Name": "movie_companies",
                                "Alias": "mc",
                                "Startup Cost": 12927.22,
                                "Total Cost": 37012.44,
                                "Plan Rows": 173777,
                                "Plan Width": 4,
                                "Actual Startup Time": 33.693,
                                "Actual Total Time": 82.534,
                                "Actual Rows": 3966,
                                "Actual Loops": 2,
                                "Recheck Cond": "(company_id > 63755)",
                                "Rows Removed by Index Recheck": 0,
                                "Filter": "(company_type_id < 2)",
                                "Rows Removed by Filter": 303058,
                                "Exact Heap Blocks": 7228,
                                "Lossy Heap Blocks": 0,
                                "Plans": [
                                  {
                                    "Node Type": "Bitmap Index Scan",
                                    "Parent Relationship": "Outer",
                                    "Parallel Aware": false,
                                    "Index Name": "company_id_movie_companies",
                                    "Startup Cost": 0.0,
                                    "Total Cost": 12853.37,
                                    "Plan Rows": 600125,
                                    "Plan Width": 0,
                                    "Actual Startup Time": 32.306,
                                    "Actual Total Time": 32.307,
                                    "Actual Rows": 614050,
                                    "Actual Loops": 1,
                                    "Index Cond": "(company_id > 63755)"
                                  }
                                ]
                              }
                            ]
                          }
                        ]
                      }
                    ]
                  }
                ]
              }
            ]
          }
        ]
      }
    ]
  },
  "Planning Time": 0.498,
  "Triggers": [],
  "Execution Time": 3100.295
}