[
  {
    "Plan": {
      "Node Type": "Aggregate",
      "Strategy": "Plain",
      "Partial Mode": "Finalize",
      "Parallel Aware": false,
      "Startup Cost": 33127.92,
      "Total Cost": 33127.93,
      "Plan Rows": 1,
      "Plan Width": 8,
      "Actual Startup Time": 88.182,
      "Actual Total Time": 95.984,
      "Actual Rows": 1,
      "Actual Loops": 1,
      "Plans": [
        {
          "Node Type": "Gather",
          "Parent Relationship": "Outer",
          "Parallel Aware": false,
          "Startup Cost": 33127.61,
          "Total Cost": 33127.92,
          "Plan Rows": 3,
          "Plan Width": 8,
          "Actual Startup Time": 87.953,
          "Actual Total Time": 95.976,
          "Actual Rows": 4,
          "Actual Loops": 1,
          "Workers Planned": 3,
          "Workers Launched": 3,
          "Single Copy": false,
          "Plans": [
            {
              "Node Type": "Aggregate",
              "Strategy": "Plain",
              "Partial Mode": "Partial",
              "Parent Relationship": "Outer",
              "Parallel Aware": false,
              "Startup Cost": 32127.61,
              "Total Cost": 32127.62,
              "Plan Rows": 1,
              "Plan Width": 8,
              "Actual Startup Time": 82.386,
              "Actual Total Time": 82.387,
              "Actual Rows": 1,
              "Actual Loops": 4,
              "Plans": [
                {
                  "Node Type": "Seq Scan",
                  "Parent Relationship": "Outer",
                  "Parallel Aware": true,
                  "Relation Name": "movie_companies",
                  "Alias": "mc",
                  "Startup Cost": 0.0,
                  "Total Cost": 31414.82,
                  "Plan Rows": 285115,
                  "Plan Width": 0,
                  "Actual Startup Time": 45.99,
                  "Actual Total Time": 76.852,
                  "Actual Rows": 140787,
                  "Actual Loops": 4,
                  "Filter": "((company_id < 22717) AND (company_type_id > 1))",
                  "Rows Removed by Filter": 511495
                }
              ]
            }
          ]
        }
      ]
    },
    "Planning Time": 0.216,
    "Triggers": [],
    "Execution Time": 96.04
  }
]