{
  "Plan": {
    "Node Type": "Aggregate",
    "Strategy": "Plain",
    "Partial Mode": "Finalize",
    "Parallel Aware": false,
    "Startup Cost": 210650.27,
    "Total Cost": 210650.28,
    "Plan Rows": 1,
    "Plan Width": 8,
    "Actual Startup Time": 550.877,
    "Actual Total Time": 578.135,
    "Actual Rows": 1,
    "Actual Loops": 1,
    "Plans": [
      {
        "Node Type": "Gather",
        "Parent Relationship": "Outer",
        "Parallel Aware": false,
        "Startup Cost": 210650.16,
        "Total Cost": 210650.27,
        "Plan Rows": 1,
        "Plan Width": 8,
        "Actual Startup Time": 549.419,
        "Actual Total Time": 578.127,
        "Actual Rows": 2,
        "Actual Loops": 1,
        "Workers Planned": 1,
        "Workers Launched": 1,
        "Single Copy": false,
        "Plans": [
          {
            "Node Type": "Aggregate",
            "Strategy": "Plain",
            "Partial Mode": "Partial",
            "Parent Relationship": "Outer",
            "Parallel Aware": false,
            "Startup Cost": 209650.16,
            "Total Cost": 209650.17,
            "Plan Rows": 1,
            "Plan Width": 8,
            "Actual Startup Time": 543.445,
            "Actual Total Time": 543.45,
            "Actual Rows": 1,
            "Actual Loops": 2,
            "Plans": [
              {
                "Node Type": "Nested Loop",
                "Parent Relationship": "Outer",
                "Parallel Aware": false,
                "Join Type": "Inner",
                "Startup Cost": 56975.94,
                "Total Cost": 209647.83,
                "Plan Rows": 932,
                "Plan Width": 0,
                "Actual Startup Time": 220.925,
                "Actual Total Time": 543.426,
                "Actual Rows": 137,
                "Actual Loops": 2,
                "Inner Unique": false,
                "Plans": [
                  {
                    "Node Type": "Hash Join",
                    "Parent Relationship": "Outer",
                    "Parallel Aware": true,
                    "Join Type": "Inner",
                    "Startup Cost": 56975.5,
                    "Total Cost": 197932.21,
                    "Plan Rows": 2959,
                    "Plan Width": 8,
                    "Actual Startup Time": 220.614,
                    "Actual Total Time": 536.641,
                    "Actual Rows": 128,
                    "Actual Loops": 2,
                    "Inner Unique": true,
                    "Hash Cond": "(ci.movie_id = t.id)",
                    "Plans": [
                      {
                        "Node Type": "Index Scan",
                        "Parent Relationship": "Outer",
                        "Parallel Aware": true,
                        "Scan Direction": "Forward",
                        "Index Name": "role_id_cast_info",
                        "Relation Name": "cast_info",
                        "Alias": "ci",
                        "Startup Cost": 0.56,
                        "Total Cost": 140896.75,
                        "Plan Rows": 23055,
                        "Plan Width": 4,
                        "Actual Startup Time": 0.194,
                        "Actual Total Time": 313.579,
                        "Actual Rows": 5900,
                        "Actual Loops": 2,
                        "Index Cond": "(role_id = 10)",
                        "Rows Removed by Index Recheck": 0,
                        "Filter": "(person_id < 37305)",
                        "Rows Removed by Filter": 2155608
                      },
                      {
                        "Node Type": "Hash",
                        "Parent Relationship": "Inner",
                        "Parallel Aware": true,
                        "Startup Cost": 54588.39,
                        "Total Cost": 54588.39,
                        "Plan Rows": 190924,
                        "Plan Width": 4,
                        "Actual Startup Time": 215.039,
                        "Actual Total Time": 215.04,
                        "Actual Rows": 168923,
                        "Actual Loops": 2,
                        "Hash Buckets": 524288,
                        "Original Hash Buckets": 524288,
                        "Hash Batches": 1,
                        "Original Hash Batches": 1,
                        "Peak Memory Usage": 17344,
                        "Plans": [
                          {
                            "Node Type": "Seq Scan",
                            "Parent Relationship": "Outer",
                            "Parallel Aware": true,
                            "Relation Name": "title",
                            "Alias": "t",
                            "Startup Cost": 0.0,
                            "Total Cost": 54588.39,
                            "Plan Rows": 190924,
                            "Plan Width": 4,
                            "Actual Startup Time": 0.034,
                            "Actual Total Time": 166.219,
                            "Actual Rows": 168923,
                            "Actual Loops": 2,
                            "Filter": "(production_year < 1968)",
                            "Rows Removed by Filter": 1095233
                          }
                        ]
                      }
                    ]
                  },
                  {
                    "Node Type": "Index Scan",
                    "Parent Relationship": "Inner",
                    "Parallel Aware": false,
                    "Scan Direction": "Forward",
                    "Index Name": "movie_id_movie_info",
                    "Relation Name": "movie_info",
                    "Alias": "mi",
                    "Startup Cost": 0.43,
                    "Total Cost": 3.94,
                    "Plan Rows": 2,
                    "Plan Width": 4,
                    "Actual Startup Time": 0.02,
                    "Actual Total Time": 0.053,
                    "Actual Rows": 1,
                    "Actual Loops": 255,
                    "Index Cond": "(movie_id = t.id)",
                    "Rows Removed by Index Recheck": 0,
                    "Filter": "(info_type_id = 1)",
                    "Rows Removed by Filter": 37
                  }
                ]
              }
            ]
          }
        ]
      }
    ]
  },
  "Planning Time": 1.091,
  "Triggers": [],
  "Execution Time": 578.227
}