[
  {
    "Plan": {
      "Node Type": "Aggregate",
      "Strategy": "Plain",
      "Partial Mode": "Finalize",
      "Parallel Aware": false,
      "Startup Cost": 47147.01,
      "Total Cost": 47147.02,
      "Plan Rows": 1,
      "Plan Width": 8,
      "Actual Startup Time": 189.066,
      "Actual Total Time": 198.328,
      "Actual Rows": 1,
      "Actual Loops": 1,
      "Plans": [
        {
          "Node Type": "Gather",
          "Parent Relationship": "Outer",
          "Parallel Aware": false,
          "Startup Cost": 47146.69,
          "Total Cost": 47147.0,
          "Plan Rows": 3,
          "Plan Width": 8,
          "Actual Startup Time": 188.965,
          "Actual Total Time": 198.318,
          "Actual Rows": 4,
          "Actual Loops": 1,
          "Workers Planned": 3,
          "Workers Launched": 3,
          "Single Copy": false,
          "Plans": [
            {
              "Node Type": "Aggregate",
              "Strategy": "Plain",
              "Partial Mode": "Partial",
              "Parent Relationship": "Outer",
              "Parallel Aware": false,
              "Startup Cost": 46146.69,
              "Total Cost": 46146.7,
              "Plan Rows": 1,
              "Plan Width": 8,
              "Actual Startup Time": 182.295,
              "Actual Total Time": 182.296,
              "Actual Rows": 1,
              "Actual Loops": 4,
              "Plans": [
                {
                  "Node Type": "Seq Scan",
                  "Parent Relationship": "Outer",
                  "Parallel Aware": true,
                  "Relation Name": "movie_keyword",
                  "Alias": "mk",
                  "Startup Cost": 0.0,
                  "Total Cost": 42695.65,
                  "Plan Rows": 1380416,
                  "Plan Width": 0,
                  "Actual Startup Time": 0.055,
                  "Actual Total Time": 131.427,
                  "Actual Rows": 1072393,
                  "Actual Loops": 4,
                  "Filter": "(keyword_id < 62740)",
                  "Rows Removed by Filter": 58590
                }
              ]
            }
          ]
        }
      ]
    },
    "Planning Time": 0.178,
    "Triggers": [],
    "Execution Time": 198.385
  }
]