[
  {
    "Plan": {
      "Node Type": "Aggregate",
      "Strategy": "Plain",
      "Partial Mode": "Finalize",
      "Parallel Aware": false,
      "Startup Cost": 97110.2,
      "Total Cost": 97110.21,
      "Plan Rows": 1,
      "Plan Width": 8,
      "Actual Startup Time": 614.561,
      "Actual Total Time": 632.981,
      "Actual Rows": 1,
      "Actual Loops": 1,
      "Plans": [
        {
          "Node Type": "Gather",
          "Parent Relationship": "Outer",
          "Parallel Aware": false,
          "Startup Cost": 97109.88,
          "Total Cost": 97110.19,
          "Plan Rows": 3,
          "Plan Width": 8,
          "Actual Startup Time": 610.784,
          "Actual Total Time": 632.971,
          "Actual Rows": 4,
          "Actual Loops": 1,
          "Workers Planned": 3,
          "Workers Launched": 3,
          "Single Copy": false,
          "Plans": [
            {
              "Node Type": "Aggregate",
              "Strategy": "Plain",
              "Partial Mode": "Partial",
              "Parent Relationship": "Outer",
              "Parallel Aware": false,
              "Startup Cost": 96109.88,
              "Total Cost": 96109.89,
              "Plan Rows": 1,
              "Plan Width": 8,
              "Actual Startup Time": 601.975,
              "Actual Total Time": 602.191,
              "Actual Rows": 1,
              "Actual Loops": 4,
              "Plans": [
                {
                  "Node Type": "Hash Join",
                  "Parent Relationship": "Outer",
                  "Parallel Aware": true,
                  "Join Type": "Inner",
                  "Startup Cost": 65090.42,
                  "Total Cost": 95781.52,
                  "Plan Rows": 131342,
                  "Plan Width": 0,
                  "Actual Startup Time": 383.118,
                  "Actual Total Time": 589.117,
                  "Actual Rows": 292856,
                  "Actual Loops": 4,
                  "Inner Unique": false,
                  "Hash Cond": "(mc.movie_id = t.id)",
                  "Plans": [
                    {
                      "Node Type": "Seq Scan",
                      "Parent Relationship": "Outer",
                      "Parallel Aware": true,
                      "Relation Name": "movie_companies",
                      "Alias": "mc",
                      "Startup Cost": 0.0,
                      "Total Cost": 27206.55,
                      "Plan Rows": 841655,
                      "Plan Width": 4,
                      "Actual Startup Time": 0.02,
                      "Actual Total Time": 66.126,
                      "Actual Rows": 652282,
                      "Actual Loops": 4
                    },
                    {
                      "Node Type": "Hash",
                      "Parent Relationship": "Inner",
                      "Parallel Aware": true,
                      "Startup Cost": 63857.47,
                      "Total Cost": 63857.47,
                      "Plan Rows": 98636,
                      "Plan Width": 8,
                      "Actual Startup Time": 379.603,
                      "Actual Total Time": 379.817,
                      "Actual Rows": 102098,
                      "Actual Loops": 4,
                      "Hash Buckets": 524288,
                      "Original Hash Buckets": 524288,
                      "Hash Batches": 1,
                      "Original Hash Batches": 1,
                      "Peak Memory Usage": 20128,
                      "Plans": [
                        {
                          "Node Type": "Hash Join",
                          "Parent Relationship": "Outer",
                          "Parallel Aware": true,
                          "Join Type": "Inner",
                          "Startup Cost": 17490.54,
                          "Total Cost": 63857.47,
                          "Plan Rows": 98636,
                          "Plan Width": 8,
                          "Actual Startup Time": 95.488,
                          "Actual Total Time": 341.389,
                          "Actual Rows": 102098,
                          "Actual Loops": 4,
                          "Inner Unique": false,
                          "Hash Cond": "(t.id = mi_idx.movie_id)",
                          "Plans": [
                            {
                              "Node Type": "Seq Scan",
                              "Parent Relationship": "Outer",
                              "Parallel Aware": true,
                              "Relation Name": "title",
                              "Alias": "t",
                              "Startup Cost": 0.0,
                              "Total Cost": 43898.92,
                              "Plan Rows": 548539,
                              "Plan Width": 4,
                              "Actual Startup Time": 0.013,
                              "Actual Total Time": 104.197,
                              "Actual Rows": 545579,
                              "Actual Loops": 4,
                              "Filter": "(production_year > 1962)",
                              "Rows Removed by Filter": 86499
                            },
                            {
                              "Node Type": "Hash",
                              "Parent Relationship": "Inner",
                              "Parallel Aware": true,
                              "Startup Cost": 15122.68,
                              "Total Cost": 15122.68,
                              "Plan Rows": 189429,
                              "Plan Width": 4,
                              "Actual Startup Time": 93.682,
                              "Actual Total Time": 93.683,
                              "Actual Rows": 114981,
                              "Actual Loops": 4,
                              "Hash Buckets": 524288,
                              "Original Hash Buckets": 524288,
                              "Hash Batches": 1,
                              "Original Hash Batches": 1,
                              "Peak Memory Usage": 22144,
                              "Plans": [
                                {
                                  "Node Type": "Seq Scan",
                                  "Parent Relationship": "Outer",
                                  "Parallel Aware": true,
                                  "Relation Name": "movie_info_idx",
                                  "Alias": "mi_idx",
                                  "Startup Cost": 0.0,
                                  "Total Cost": 15122.68,
                                  "Plan Rows": 189429,
                                  "Plan Width": 4,
                                  "Actual Startup Time": 0.077,
                                  "Actual Total Time": 46.749,
                                  "Actual Rows": 114981,
                                  "Actual Loops": 4,
                                  "Filter": "(info_type_id < 100)",
                                  "Rows Removed by Filter": 230028
                                }
                              ]
                            }
                          ]
                        }
                      ]
                    }
                  ]
                }
              ]
            }
          ]
        }
      ]
    },
    "Planning Time": 1.396,
    "Triggers": [],
    "Execution Time": 633.078
  }
]