[
  {
    "Plan": {
      "Node Type": "Aggregate",
      "Strategy": "Plain",
      "Partial Mode": "Finalize",
      "Parallel Aware": false,
      "Startup Cost": 333330.05,
      "Total Cost": 333330.06,
      "Plan Rows": 1,
      "Plan Width": 8,
      "Actual Startup Time": 642.304,
      "Actual Total Time": 699.057,
      "Actual Rows": 1,
      "Actual Loops": 1,
      "Plans": [
        {
          "Node Type": "Gather",
          "Parent Relationship": "Outer",
          "Parallel Aware": false,
          "Startup Cost": 333329.43,
          "Total Cost": 333330.04,
          "Plan Rows": 6,
          "Plan Width": 8,
          "Actual Startup Time": 642.023,
          "Actual Total Time": 699.048,
          "Actual Rows": 7,
          "Actual Loops": 1,
          "Workers Planned": 6,
          "Workers Launched": 6,
          "Single Copy": false,
          "Plans": [
            {
              "Node Type": "Aggregate",
              "Strategy": "Plain",
              "Partial Mode": "Partial",
              "Parent Relationship": "Outer",
              "Parallel Aware": false,
              "Startup Cost": 332329.43,
              "Total Cost": 332329.44,
              "Plan Rows": 1,
              "Plan Width": 8,
              "Actual Startup Time": 633.779,
              "Actual Total Time": 633.781,
              "Actual Rows": 1,
              "Actual Loops": 7,
              "Plans": [
                {
                  "Node Type": "Seq Scan",
                  "Parent Relationship": "Outer",
                  "Parallel Aware": true,
                  "Relation Name": "cast_info",
                  "Alias": "ci",
                  "Startup Cost": 0.0,
                  "Total Cost": 328162.03,
                  "Plan Rows": 1666960,
                  "Plan Width": 0,
                  "Actual Startup Time": 298.699,
                  "Actual Total Time": 568.117,
                  "Actual Rows": 1413525,
                  "Actual Loops": 7,
                  "Filter": "(person_id > 2723357)",
                  "Rows Removed by Filter": 3764238
                }
              ]
            }
          ]
        }
      ]
    },
    "Planning Time": 0.2,
    "Triggers": [],
    "Execution Time": 699.132
  }
]