[
  {
    "Plan": {
      "Node Type": "Aggregate",
      "Strategy": "Plain",
      "Partial Mode": "Finalize",
      "Parallel Aware": false,
      "Startup Cost": 47131.88,
      "Total Cost": 47131.89,
      "Plan Rows": 1,
      "Plan Width": 8,
      "Actual Startup Time": 176.415,
      "Actual Total Time": 185.7,
      "Actual Rows": 1,
      "Actual Loops": 1,
      "Plans": [
        {
          "Node Type": "Gather",
          "Parent Relationship": "Outer",
          "Parallel Aware": false,
          "Startup Cost": 47131.56,
          "Total Cost": 47131.87,
          "Plan Rows": 3,
          "Plan Width": 8,
          "Actual Startup Time": 176.305,
          "Actual Total Time": 185.691,
          "Actual Rows": 4,
          "Actual Loops": 1,
          "Workers Planned": 3,
          "Workers Launched": 3,
          "Single Copy": false,
          "Plans": [
            {
              "Node Type": "Aggregate",
              "Strategy": "Plain",
              "Partial Mode": "Partial",
              "Parent Relationship": "Outer",
              "Parallel Aware": false,
              "Startup Cost": 46131.56,
              "Total Cost": 46131.57,
              "Plan Rows": 1,
              "Plan Width": 8,
              "Actual Startup Time": 170.605,
              "Actual Total Time": 170.606,
              "Actual Rows": 1,
              "Actual Loops": 4,
              "Plans": [
                {
                  "Node Type": "Seq Scan",
                  "Parent Relationship": "Outer",
                  "Parallel Aware": true,
                  "Relation Name": "movie_keyword",
                  "Alias": "mk",
                  "Startup Cost": 0.0,
                  "Total Cost": 42695.65,
                  "Plan Rows": 1374364,
                  "Plan Width": 0,
                  "Actual Startup Time": 0.041,
                  "Actual Total Time": 122.431,
                  "Actual Rows": 1063662,
                  "Actual Loops": 4,
                  "Filter": "(keyword_id < 58399)",
                  "Rows Removed by Filter": 67320
                }
              ]
            }
          ]
        }
      ]
    },
    "Planning Time": 0.101,
    "Triggers": [],
    "Execution Time": 185.734
  }
]