[
  {
    "Plan": {
      "Node Type": "Aggregate",
      "Strategy": "Plain",
      "Partial Mode": "Simple",
      "Parallel Aware": false,
      "Startup Cost": 3516.61,
      "Total Cost": 3516.62,
      "Plan Rows": 1,
      "Plan Width": 8,
      "Actual Startup Time": 125.623,
      "Actual Total Time": 125.625,
      "Actual Rows": 1,
      "Actual Loops": 1,
      "Plans": [
        {
          "Node Type": "Nested Loop",
          "Parent Relationship": "Outer",
          "Parallel Aware": false,
          "Join Type": "Inner",
          "Startup Cost": 7.36,
          "Total Cost": 3513.63,
          "Plan Rows": 1192,
          "Plan Width": 0,
          "Actual Startup Time": 17.474,
          "Actual Total Time": 124.064,
          "Actual Rows": 23003,
          "Actual Loops": 1,
          "Inner Unique": false,
          "Plans": [
            {
              "Node Type": "Nested Loop",
              "Parent Relationship": "Outer",
              "Parallel Aware": false,
              "Join Type": "Inner",
              "Startup Cost": 6.79,
              "Total Cost": 3017.98,
              "Plan Rows": 249,
              "Plan Width": 8,
              "Actual Startup Time": 17.283,
              "Actual Total Time": 28.053,
              "Actual Rows": 1610,
              "Actual Loops": 1,
              "Inner Unique": true,
              "Plans": [
                {
                  "Node Type": "Bitmap Heap Scan",
                  "Parent Relationship": "Outer",
                  "Parallel Aware": false,
                  "Relation Name": "movie_keyword",
                  "Alias": "mk",
                  "Startup Cost": 6.36,
                  "Total Cost": 926.55,
                  "Plan Rows": 249,
                  "Plan Width": 4,
                  "Actual Startup Time": 17.246,
                  "Actual Total Time": 19.95,
                  "Actual Rows": 1610,
                  "Actual Loops": 1,
                  "Recheck Cond": "(keyword_id = 826)",
                  "Rows Removed by Index Recheck": 0,
                  "Exact Heap Blocks": 1443,
                  "Lossy Heap Blocks": 0,
                  "Plans": [
                    {
                      "Node Type": "Bitmap Index Scan",
                      "Parent Relationship": "Outer",
                      "Parallel Aware": false,
                      "Index Name": "keyword_id_movie_keyword",
                      "Startup Cost": 0.0,
                      "Total Cost": 6.3,
                      "Plan Rows": 249,
                      "Plan Width": 0,
                      "Actual Startup Time": 16.701,
                      "Actual Total Time": 16.701,
                      "Actual Rows": 1610,
                      "Actual Loops": 1,
                      "Index Cond": "(keyword_id = 826)"
                    }
                  ]
                },
                {
                  "Node Type": "Index Only Scan",
                  "Parent Relationship": "Inner",
                  "Parallel Aware": false,
                  "Scan Direction": "Forward",
                  "Index Name": "title_pkey",
                  "Relation Name": "title",
                  "Alias": "t",
                  "Startup Cost": 0.43,
                  "Total Cost": 8.4,
                  "Plan Rows": 1,
                  "Plan Width": 4,
                  "Actual Startup Time": 0.005,
                  "Actual Total Time": 0.005,
                  "Actual Rows": 1,
                  "Actual Loops": 1610,
                  "Index Cond": "(id = mk.movie_id)",
                  "Rows Removed by Index Recheck": 0,
                  "Heap Fetches": 1610
                }
              ]
            },
            {
              "Node Type": "Index Scan",
              "Parent Relationship": "Inner",
              "Parallel Aware": false,
              "Scan Direction": "Forward",
              "Index Name": "movie_id_cast_info",
              "Relation Name": "cast_info",
              "Alias": "ci",
              "Startup Cost": 0.56,
              "Total Cost": 1.87,
              "Plan Rows": 12,
              "Plan Width": 4,
              "Actual Startup Time": 0.039,
              "Actual Total Time": 0.058,
              "Actual Rows": 14,
              "Actual Loops": 1610,
              "Index Cond": "(movie_id = t.id)",
              "Rows Removed by Index Recheck": 0,
              "Filter": "(role_id > 3)",
              "Rows Removed by Filter": 23
            }
          ]
        }
      ]
    },
    "Planning Time": 1.42,
    "Triggers": [],
    "Execution Time": 125.834
  }
]