[
  {
    "Plan": {
      "Node Type": "Aggregate",
      "Strategy": "Plain",
      "Partial Mode": "Finalize",
      "Parallel Aware": false,
      "Startup Cost": 78406.42,
      "Total Cost": 78406.43,
      "Plan Rows": 1,
      "Plan Width": 8,
      "Actual Startup Time": 376.511,
      "Actual Total Time": 393.657,
      "Actual Rows": 1,
      "Actual Loops": 1,
      "Plans": [
        {
          "Node Type": "Gather",
          "Parent Relationship": "Outer",
          "Parallel Aware": false,
          "Startup Cost": 78406.1,
          "Total Cost": 78406.41,
          "Plan Rows": 3,
          "Plan Width": 8,
          "Actual Startup Time": 368.122,
          "Actual Total Time": 393.648,
          "Actual Rows": 4,
          "Actual Loops": 1,
          "Workers Planned": 3,
          "Workers Launched": 3,
          "Single Copy": false,
          "Plans": [
            {
              "Node Type": "Aggregate",
              "Strategy": "Plain",
              "Partial Mode": "Partial",
              "Parent Relationship": "Outer",
              "Parallel Aware": false,
              "Startup Cost": 77406.1,
              "Total Cost": 77406.11,
              "Plan Rows": 1,
              "Plan Width": 8,
              "Actual Startup Time": 360.829,
              "Actual Total Time": 360.833,
              "Actual Rows": 1,
              "Actual Loops": 4,
              "Plans": [
                {
                  "Node Type": "Hash Join",
                  "Parent Relationship": "Outer",
                  "Parallel Aware": true,
                  "Join Type": "Inner",
                  "Startup Cost": 52039.34,
                  "Total Cost": 77327.4,
                  "Plan Rows": 31481,
                  "Plan Width": 0,
                  "Actual Startup Time": 300.412,
                  "Actual Total Time": 358.767,
                  "Actual Rows": 30208,
                  "Actual Loops": 4,
                  "Inner Unique": true,
                  "Hash Cond": "(mk.movie_id = t.id)",
                  "Plans": [
                    {
                      "Node Type": "Bitmap Heap Scan",
                      "Parent Relationship": "Outer",
                      "Parallel Aware": true,
                      "Relation Name": "movie_keyword",
                      "Alias": "mk",
                      "Startup Cost": 3629.27,
                      "Total Cost": 28772.57,
                      "Plan Rows": 55144,
                      "Plan Width": 4,
                      "Actual Startup Time": 16.977,
                      "Actual Total Time": 56.422,
                      "Actual Rows": 42180,
                      "Actual Loops": 4,
                      "Recheck Cond": "(keyword_id > 72194)",
                      "Rows Removed by Index Recheck": 0,
                      "Exact Heap Blocks": 8593,
                      "Lossy Heap Blocks": 0,
                      "Plans": [
                        {
                          "Node Type": "Bitmap Index Scan",
                          "Parent Relationship": "Outer",
                          "Parallel Aware": false,
                          "Index Name": "keyword_id_movie_keyword",
                          "Startup Cost": 0.0,
                          "Total Cost": 3586.53,
                          "Plan Rows": 170947,
                          "Plan Width": 0,
                          "Actual Startup Time": 14.068,
                          "Actual Total Time": 14.068,
                          "Actual Rows": 168722,
                          "Actual Loops": 1,
                          "Index Cond": "(keyword_id > 72194)"
                        }
                      ]
                    },
                    {
                      "Node Type": "Hash",
                      "Parent Relationship": "Inner",
                      "Parallel Aware": true,
                      "Startup Cost": 43899.32,
                      "Total Cost": 43899.32,
                      "Plan Rows": 360860,
                      "Plan Width": 4,
                      "Actual Startup Time": 278.942,
                      "Actual Total Time": 278.943,
                      "Actual Rows": 360824,
                      "Actual Loops": 4,
                      "Hash Buckets": 2097152,
                      "Original Hash Buckets": 2097152,
                      "Hash Batches": 1,
                      "Original Hash Batches": 1,
                      "Peak Memory Usage": 72896,
                      "Plans": [
                        {
                          "Node Type": "Seq Scan",
                          "Parent Relationship": "Outer",
                          "Parallel Aware": true,
                          "Relation Name": "title",
                          "Alias": "t",
                          "Startup Cost": 0.0,
                          "Total Cost": 43899.32,
                          "Plan Rows": 360860,
                          "Plan Width": 4,
                          "Actual Startup Time": 0.036,
                          "Actual Total Time": 129.914,
                          "Actual Rows": 360824,
                          "Actual Loops": 4,
                          "Filter": "(production_year < 2006)",
                          "Rows Removed by Filter": 271254
                        }
                      ]
                    }
                  ]
                }
              ]
            }
          ]
        }
      ]
    },
    "Planning Time": 0.23,
    "Triggers": [],
    "Execution Time": 393.698
  }
]