[
  {
    "Plan": {
      "Node Type": "Aggregate",
      "Strategy": "Plain",
      "Partial Mode": "Finalize",
      "Parallel Aware": false,
      "Startup Cost": 78539.78,
      "Total Cost": 78539.79,
      "Plan Rows": 1,
      "Plan Width": 8,
      "Actual Startup Time": 333.767,
      "Actual Total Time": 347.492,
      "Actual Rows": 1,
      "Actual Loops": 1,
      "Plans": [
        {
          "Node Type": "Gather",
          "Parent Relationship": "Outer",
          "Parallel Aware": false,
          "Startup Cost": 78539.46,
          "Total Cost": 78539.77,
          "Plan Rows": 3,
          "Plan Width": 8,
          "Actual Startup Time": 328.99,
          "Actual Total Time": 347.483,
          "Actual Rows": 4,
          "Actual Loops": 1,
          "Workers Planned": 3,
          "Workers Launched": 3,
          "Single Copy": false,
          "Plans": [
            {
              "Node Type": "Aggregate",
              "Strategy": "Plain",
              "Partial Mode": "Partial",
              "Parent Relationship": "Outer",
              "Parallel Aware": false,
              "Startup Cost": 77539.46,
              "Total Cost": 77539.47,
              "Plan Rows": 1,
              "Plan Width": 8,
              "Actual Startup Time": 316.407,
              "Actual Total Time": 316.411,
              "Actual Rows": 1,
              "Actual Loops": 4,
              "Plans": [
                {
                  "Node Type": "Hash Join",
                  "Parent Relationship": "Outer",
                  "Parallel Aware": true,
                  "Join Type": "Inner",
                  "Startup Cost": 52140.07,
                  "Total Cost": 77458.46,
                  "Plan Rows": 32403,
                  "Plan Width": 0,
                  "Actual Startup Time": 264.093,
                  "Actual Total Time": 314.826,
                  "Actual Rows": 30208,
                  "Actual Loops": 4,
                  "Inner Unique": true,
                  "Hash Cond": "(mk.movie_id = t.id)",
                  "Plans": [
                    {
                      "Node Type": "Bitmap Heap Scan",
                      "Parent Relationship": "Outer",
                      "Parallel Aware": true,
                      "Relation Name": "movie_keyword",
                      "Alias": "mk",
                      "Startup Cost": 3761.45,
                      "Total Cost": 28929.81,
                      "Plan Rows": 57149,
                      "Plan Width": 4,
                      "Actual Startup Time": 16.132,
                      "Actual Total Time": 50.813,
                      "Actual Rows": 42180,
                      "Actual Loops": 4,
                      "Recheck Cond": "(keyword_id > 72194)",
                      "Rows Removed by Index Recheck": 0,
                      "Exact Heap Blocks": 7039,
                      "Lossy Heap Blocks": 0,
                      "Plans": [
                        {
                          "Node Type": "Bitmap Index Scan",
                          "Parent Relationship": "Outer",
                          "Parallel Aware": false,
                          "Index Name": "keyword_id_movie_keyword",
                          "Startup Cost": 0.0,
                          "Total Cost": 3717.15,
                          "Plan Rows": 177163,
                          "Plan Width": 0,
                          "Actual Startup Time": 13.088,
                          "Actual Total Time": 13.088,
                          "Actual Rows": 168722,
                          "Actual Loops": 1,
                          "Index Cond": "(keyword_id > 72194)"
                        }
                      ]
                    },
                    {
                      "Node Type": "Hash",
                      "Parent Relationship": "Inner",
                      "Parallel Aware": true,
                      "Startup Cost": 43898.92,
                      "Total Cost": 43898.92,
                      "Plan Rows": 358377,
                      "Plan Width": 4,
                      "Actual Startup Time": 240.061,
                      "Actual Total Time": 240.062,
                      "Actual Rows": 360824,
                      "Actual Loops": 4,
                      "Hash Buckets": 2097152,
                      "Original Hash Buckets": 2097152,
                      "Hash Batches": 1,
                      "Original Hash Batches": 1,
                      "Peak Memory Usage": 72960,
                      "Plans": [
                        {
                          "Node Type": "Seq Scan",
                          "Parent Relationship": "Outer",
                          "Parallel Aware": true,
                          "Relation Name": "title",
                          "Alias": "t",
                          "Startup Cost": 0.0,
                          "Total Cost": 43898.92,
                          "Plan Rows": 358377,
                          "Plan Width": 4,
                          "Actual Startup Time": 0.04,
                          "Actual Total Time": 107.031,
                          "Actual Rows": 360824,
                          "Actual Loops": 4,
                          "Filter": "(production_year < 2006)",
                          "Rows Removed by Filter": 271254
                        }
                      ]
                    }
                  ]
                }
              ]
            }
          ]
        }
      ]
    },
    "Planning Time": 0.594,
    "Triggers": [],
    "Execution Time": 347.58
  }
]