[
  {
    "Plan": {
      "Node Type": "Aggregate",
      "Strategy": "Plain",
      "Partial Mode": "Finalize",
      "Parallel Aware": false,
      "Startup Cost": 342778.35,
      "Total Cost": 342778.36,
      "Plan Rows": 1,
      "Plan Width": 8,
      "Actual Startup Time": 928.646,
      "Actual Total Time": 975.516,
      "Actual Rows": 1,
      "Actual Loops": 1,
      "Plans": [
        {
          "Node Type": "Gather",
          "Parent Relationship": "Outer",
          "Parallel Aware": false,
          "Startup Cost": 342777.73,
          "Total Cost": 342778.34,
          "Plan Rows": 6,
          "Plan Width": 8,
          "Actual Startup Time": 928.36,
          "Actual Total Time": 975.505,
          "Actual Rows": 7,
          "Actual Loops": 1,
          "Workers Planned": 6,
          "Workers Launched": 6,
          "Single Copy": false,
          "Plans": [
            {
              "Node Type": "Aggregate",
              "Strategy": "Plain",
              "Partial Mode": "Partial",
              "Parent Relationship": "Outer",
              "Parallel Aware": false,
              "Startup Cost": 341777.73,
              "Total Cost": 341777.74,
              "Plan Rows": 1,
              "Plan Width": 8,
              "Actual Startup Time": 918.267,
              "Actual Total Time": 918.268,
              "Actual Rows": 1,
              "Actual Loops": 7,
              "Plans": [
                {
                  "Node Type": "Seq Scan",
                  "Parent Relationship": "Outer",
                  "Parallel Aware": true,
                  "Relation Name": "cast_info",
                  "Alias": "ci",
                  "Startup Cost": 0.0,
                  "Total Cost": 328211.39,
                  "Plan Rows": 5426534,
                  "Plan Width": 0,
                  "Actual Startup Time": 56.121,
                  "Actual Total Time": 686.212,
                  "Actual Rows": 4630652,
                  "Actual Loops": 7,
                  "Filter": "(person_id > 366971)",
                  "Rows Removed by Filter": 547112
                }
              ]
            }
          ]
        }
      ]
    },
    "Planning Time": 0.066,
    "Triggers": [],
    "Execution Time": 975.552
  }
]