[
  {
    "Plan": {
      "Node Type": "Aggregate",
      "Strategy": "Plain",
      "Partial Mode": "Finalize",
      "Parallel Aware": false,
      "Startup Cost": 44330.96,
      "Total Cost": 44330.97,
      "Plan Rows": 1,
      "Plan Width": 8,
      "Actual Startup Time": 148.997,
      "Actual Total Time": 158.927,
      "Actual Rows": 1,
      "Actual Loops": 1,
      "Plans": [
        {
          "Node Type": "Gather",
          "Parent Relationship": "Outer",
          "Parallel Aware": false,
          "Startup Cost": 44330.65,
          "Total Cost": 44330.96,
          "Plan Rows": 3,
          "Plan Width": 8,
          "Actual Startup Time": 148.89,
          "Actual Total Time": 158.917,
          "Actual Rows": 4,
          "Actual Loops": 1,
          "Workers Planned": 3,
          "Workers Launched": 3,
          "Single Copy": false,
          "Plans": [
            {
              "Node Type": "Aggregate",
              "Strategy": "Plain",
              "Partial Mode": "Partial",
              "Parent Relationship": "Outer",
              "Parallel Aware": false,
              "Startup Cost": 43330.65,
              "Total Cost": 43330.66,
              "Plan Rows": 1,
              "Plan Width": 8,
              "Actual Startup Time": 140.829,
              "Actual Total Time": 140.831,
              "Actual Rows": 1,
              "Actual Loops": 4,
              "Plans": [
                {
                  "Node Type": "Seq Scan",
                  "Parent Relationship": "Outer",
                  "Parallel Aware": true,
                  "Relation Name": "movie_keyword",
                  "Alias": "mk",
                  "Startup Cost": 0.0,
                  "Total Cost": 42695.65,
                  "Plan Rows": 253997,
                  "Plan Width": 0,
                  "Actual Startup Time": 5.944,
                  "Actual Total Time": 127.014,
                  "Actual Rows": 194876,
                  "Actual Loops": 4,
                  "Filter": "(keyword_id > 24180)",
                  "Rows Removed by Filter": 936107
                }
              ]
            }
          ]
        }
      ]
    },
    "Planning Time": 0.585,
    "Triggers": [],
    "Execution Time": 158.978
  }
]