[
    {
        "Bao": {
            "Bao prediction": "NaN",
            "Bao recommended hint": "(no hint)"
        }
    },
    {
        "Plan": {
            "Node Type": "Aggregate",
            "Strategy": "Plain",
            "Partial Mode": "Finalize",
            "Parallel Aware": false,
            "Startup Cost": 32761.83,
            "Total Cost": 32761.84,
            "Plan Rows": 1,
            "Plan Width": 8,
            "Actual Startup Time": 79.252,
            "Actual Total Time": 84.744,
            "Actual Rows": 1,
            "Actual Loops": 1,
            "Output": [
                "count(*)"
            ],
            "Plans": [
                {
                    "Node Type": "Gather",
                    "Parent Relationship": "Outer",
                    "Parallel Aware": false,
                    "Startup Cost": 32761.51,
                    "Total Cost": 32761.82,
                    "Plan Rows": 3,
                    "Plan Width": 8,
                    "Actual Startup Time": 79.152,
                    "Actual Total Time": 84.736,
                    "Actual Rows": 4,
                    "Actual Loops": 1,
                    "Output": [
                        "(PARTIAL count(*))"
                    ],
                    "Workers Planned": 3,
                    "Workers Launched": 3,
                    "Single Copy": false,
                    "Plans": [
                        {
                            "Node Type": "Aggregate",
                            "Strategy": "Plain",
                            "Partial Mode": "Partial",
                            "Parent Relationship": "Outer",
                            "Parallel Aware": false,
                            "Startup Cost": 31761.51,
                            "Total Cost": 31761.52,
                            "Plan Rows": 1,
                            "Plan Width": 8,
                            "Actual Startup Time": 71.307,
                            "Actual Total Time": 71.308,
                            "Actual Rows": 1,
                            "Actual Loops": 4,
                            "Output": [
                                "PARTIAL count(*)"
                            ],
                            "Workers": [
                                {
                                    "Worker Number": 0,
                                    "Actual Startup Time": 68.452,
                                    "Actual Total Time": 68.454,
                                    "Actual Rows": 1,
                                    "Actual Loops": 1
                                },
                                {
                                    "Worker Number": 1,
                                    "Actual Startup Time": 68.597,
                                    "Actual Total Time": 68.598,
                                    "Actual Rows": 1,
                                    "Actual Loops": 1
                                },
                                {
                                    "Worker Number": 2,
                                    "Actual Startup Time": 69.285,
                                    "Actual Total Time": 69.286,
                                    "Actual Rows": 1,
                                    "Actual Loops": 1
                                }
                            ],
                            "Plans": [
                                {
                                    "Node Type": "Seq Scan",
                                    "Parent Relationship": "Outer",
                                    "Parallel Aware": true,
                                    "Relation Name": "movie_companies",
                                    "Schema": "public",
                                    "Alias": "mc",
                                    "Startup Cost": 0.0,
                                    "Total Cost": 31414.82,
                                    "Plan Rows": 138678,
                                    "Plan Width": 0,
                                    "Actual Startup Time": 41.071,
                                    "Actual Total Time": 68.62,
                                    "Actual Rows": 61514,
                                    "Actual Loops": 4,
                                    "Output": [
                                        "id",
                                        "movie_id",
                                        "company_id",
                                        "company_type_id",
                                        "note"
                                    ],
                                    "Filter": "((mc.company_id < 2222) AND (mc.company_type_id > 1))",
                                    "Rows Removed by Filter": 590768,
                                    "Workers": [
                                        {
                                            "Worker Number": 0,
                                            "Actual Startup Time": 38.219,
                                            "Actual Total Time": 65.954,
                                            "Actual Rows": 56884,
                                            "Actual Loops": 1
                                        },
                                        {
                                            "Worker Number": 1,
                                            "Actual Startup Time": 38.363,
                                            "Actual Total Time": 65.999,
                                            "Actual Rows": 58112,
                                            "Actual Loops": 1
                                        },
                                        {
                                            "Worker Number": 2,
                                            "Actual Startup Time": 39.042,
                                            "Actual Total Time": 66.723,
                                            "Actual Rows": 59420,
                                            "Actual Loops": 1
                                        }
                                    ]
                                }
                            ]
                        }
                    ]
                }
            ]
        },
        "Planning Time": 188.005,
        "Triggers": [],
        "Execution Time": 84.789
    }
]