[
  {
    "Plan": {
      "Node Type": "Aggregate",
      "Strategy": "Plain",
      "Partial Mode": "Finalize",
      "Parallel Aware": false,
      "Startup Cost": 44756.77,
      "Total Cost": 44756.78,
      "Plan Rows": 1,
      "Plan Width": 8,
      "Actual Startup Time": 130.023,
      "Actual Total Time": 139.549,
      "Actual Rows": 1,
      "Actual Loops": 1,
      "Plans": [
        {
          "Node Type": "Gather",
          "Parent Relationship": "Outer",
          "Parallel Aware": false,
          "Startup Cost": 44756.46,
          "Total Cost": 44756.77,
          "Plan Rows": 3,
          "Plan Width": 8,
          "Actual Startup Time": 129.884,
          "Actual Total Time": 139.539,
          "Actual Rows": 4,
          "Actual Loops": 1,
          "Workers Planned": 3,
          "Workers Launched": 3,
          "Single Copy": false,
          "Plans": [
            {
              "Node Type": "Aggregate",
              "Strategy": "Plain",
              "Partial Mode": "Partial",
              "Parent Relationship": "Outer",
              "Parallel Aware": false,
              "Startup Cost": 43756.46,
              "Total Cost": 43756.47,
              "Plan Rows": 1,
              "Plan Width": 8,
              "Actual Startup Time": 124.367,
              "Actual Total Time": 124.368,
              "Actual Rows": 1,
              "Actual Loops": 4,
              "Plans": [
                {
                  "Node Type": "Seq Scan",
                  "Parent Relationship": "Outer",
                  "Parallel Aware": true,
                  "Relation Name": "movie_keyword",
                  "Alias": "mk",
                  "Startup Cost": 0.0,
                  "Total Cost": 42695.65,
                  "Plan Rows": 424321,
                  "Plan Width": 0,
                  "Actual Startup Time": 0.042,
                  "Actual Total Time": 107.336,
                  "Actual Rows": 329596,
                  "Actual Loops": 4,
                  "Filter": "(keyword_id < 1729)",
                  "Rows Removed by Filter": 801387
                }
              ]
            }
          ]
        }
      ]
    },
    "Planning Time": 0.183,
    "Triggers": [],
    "Execution Time": 139.601
  }
]