{
  "Plan": {
    "Node Type": "Aggregate",
    "Strategy": "Plain",
    "Partial Mode": "Finalize",
    "Parallel Aware": false,
    "Startup Cost": 311753.33,
    "Total Cost": 311753.34,
    "Plan Rows": 1,
    "Plan Width": 8,
    "Actual Startup Time": 650.684,
    "Actual Total Time": 665.324,
    "Actual Rows": 1,
    "Actual Loops": 1,
    "Plans": [
      {
        "Node Type": "Gather",
        "Parent Relationship": "Outer",
        "Parallel Aware": false,
        "Startup Cost": 311753.22,
        "Total Cost": 311753.33,
        "Plan Rows": 1,
        "Plan Width": 8,
        "Actual Startup Time": 649.728,
        "Actual Total Time": 665.317,
        "Actual Rows": 2,
        "Actual Loops": 1,
        "Workers Planned": 1,
        "Workers Launched": 1,
        "Single Copy": false,
        "Plans": [
          {
            "Node Type": "Aggregate",
            "Strategy": "Plain",
            "Partial Mode": "Partial",
            "Parent Relationship": "Outer",
            "Parallel Aware": false,
            "Startup Cost": 310753.22,
            "Total Cost": 310753.23,
            "Plan Rows": 1,
            "Plan Width": 8,
            "Actual Startup Time": 642.966,
            "Actual Total Time": 642.973,
            "Actual Rows": 1,
            "Actual Loops": 2,
            "Plans": [
              {
                "Node Type": "Hash Join",
                "Parent Relationship": "Outer",
                "Parallel Aware": true,
                "Join Type": "Inner",
                "Startup Cost": 133419.32,
                "Total Cost": 310554.06,
                "Plan Rows": 79663,
                "Plan Width": 0,
                "Actual Startup Time": 493.787,
                "Actual Total Time": 640.933,
                "Actual Rows": 36664,
                "Actual Loops": 2,
                "Inner Unique": false,
                "Hash Cond": "(mi.movie_id = t.id)",
                "Plans": [
                  {
                    "Node Type": "Bitmap Heap Scan",
                    "Parent Relationship": "Outer",
                    "Parallel Aware": true,
                    "Relation Name": "movie_info",
                    "Alias": "mi",
                    "Startup Cost": 27808.97,
                    "Total Cost": 201089.01,
                    "Plan Rows": 902963,
                    "Plan Width": 4,
                    "Actual Startup Time": 79.046,
                    "Actual Total Time": 144.549,
                    "Actual Rows": 766954,
                    "Actual Loops": 2,
                    "Recheck Cond": "(info_type_id = 3)",
                    "Rows Removed by Index Recheck": 0,
                    "Exact Heap Blocks": 4729,
                    "Lossy Heap Blocks": 0,
                    "Plans": [
                      {
                        "Node Type": "Bitmap Index Scan",
                        "Parent Relationship": "Outer",
                        "Parallel Aware": false,
                        "Index Name": "info_type_id_movie_info",
                        "Startup Cost": 0.0,
                        "Total Cost": 27425.21,
                        "Plan Rows": 1535037,
                        "Plan Width": 0,
                        "Actual Startup Time": 77.577,
                        "Actual Total Time": 77.578,
                        "Actual Rows": 1533909,
                        "Actual Loops": 1,
                        "Index Cond": "(info_type_id = 3)"
                      }
                    ]
                  },
                  {
                    "Node Type": "Hash",
                    "Parent Relationship": "Inner",
                    "Parallel Aware": true,
                    "Startup Cost": 103970.23,
                    "Total Cost": 103970.23,
                    "Plan Rows": 131209,
                    "Plan Width": 8,
                    "Actual Startup Time": 411.135,
                    "Actual Total Time": 411.14,
                    "Actual Rows": 50314,
                    "Actual Loops": 2,
                    "Hash Buckets": 262144,
                    "Original Hash Buckets": 262144,
                    "Hash Batches": 1,
                    "Original Hash Batches": 1,
                    "Peak Memory Usage": 6016,
                    "Plans": [
                      {
                        "Node Type": "Hash Join",
                        "Parent Relationship": "Outer",
                        "Parallel Aware": true,
                        "Join Type": "Inner",
                        "Startup Cost": 42813.49,
                        "Total Cost": 103970.23,
                        "Plan Rows": 131209,
                        "Plan Width": 8,
                        "Actual Startup Time": 140.917,
                        "Actual Total Time": 396.101,
                        "Actual Rows": 50314,
                        "Actual Loops": 2,
                        "Inner Unique": false,
                        "Hash Cond": "(t.id = mc.movie_id)",
                        "Plans": [
                          {
                            "Node Type": "Seq Scan",
                            "Parent Relationship": "Outer",
                            "Parallel Aware": true,
                            "Relation Name": "title",
                            "Alias": "t",
                            "Startup Cost": 0.0,
                            "Total Cost": 54588.39,
                            "Plan Rows": 927446,
                            "Plan Width": 4,
                            "Actual Startup Time": 0.011,
                            "Actual Total Time": 143.078,
                            "Actual Rows": 785284,
                            "Actual Loops": 2,
                            "Filter": "(production_year > 1996)",
                            "Rows Removed by Filter": 478872
                          },
                          {
                            "Node Type": "Hash",
                            "Parent Relationship": "Inner",
                            "Parallel Aware": true,
                            "Startup Cost": 40183.44,
                            "Total Cost": 40183.44,
                            "Plan Rows": 210404,
                            "Plan Width": 4,
                            "Actual Startup Time": 136.708,
                            "Actual Total Time": 136.71,
                            "Actual Rows": 102446,
                            "Actual Loops": 2,
                            "Hash Buckets": 524288,
                            "Original Hash Buckets": 524288,
                            "Hash Batches": 1,
                            "Original Hash Batches": 1,
                            "Peak Memory Usage": 12128,
                            "Plans": [
                              {
                                "Node Type": "Bitmap Heap Scan",
                                "Parent Relationship": "Outer",
                                "Parallel Aware": true,
                                "Relation Name": "movie_companies",
                                "Alias": "mc",
                                "Startup Cost": 15177.44,
                                "Total Cost": 40183.44,
                                "Plan Rows": 210404,
                                "Plan Width": 4,
                                "Actual Startup Time": 90.824,
                                "Actual Total Time": 114.342,
                                "Actual Rows": 102446,
                                "Actual Loops": 2,
                                "Recheck Cond": "(company_id < 1302)",
                                "Rows Removed by Index Recheck": 0,
                                "Filter": "(company_type_id = 2)",
                                "Rows Removed by Filter": 247678,
                                "Exact Heap Blocks": 12972,
                                "Lossy Heap Blocks": 0,
                                "Plans": [
                                  {
                                    "Node Type": "Bitmap Index Scan",
                                    "Parent Relationship": "Outer",
                                    "Parallel Aware": false,
                                    "Index Name": "company_id_movie_companies",
                                    "Startup Cost": 0.0,
                                    "Total Cost": 15088.02,
                                    "Plan Rows": 704479,
                                    "Plan Width": 0,
                                    "Actual Startup Time": 42.348,
                                    "Actual Total Time": 42.349,
                                    "Actual Rows": 700248,
                                    "Actual Loops": 1,
                                    "Index Cond": "(company_id < 1302)"
                                  }
                                ]
                              }
                            ]
                          }
                        ]
                      }
                    ]
                  }
                ]
              }
            ]
          }
        ]
      }
    ]
  },
  "Planning Time": 0.975,
  "Triggers": [],
  "Execution Time": 665.436
}