[
  {
    "Plan": {
      "Node Type": "Aggregate",
      "Strategy": "Plain",
      "Partial Mode": "Simple",
      "Parallel Aware": false,
      "Startup Cost": 18823.77,
      "Total Cost": 18823.78,
      "Plan Rows": 1,
      "Plan Width": 8,
      "Actual Startup Time": 20.142,
      "Actual Total Time": 20.143,
      "Actual Rows": 1,
      "Actual Loops": 1,
      "Plans": [
        {
          "Node Type": "Bitmap Heap Scan",
          "Parent Relationship": "Outer",
          "Parallel Aware": false,
          "Relation Name": "movie_companies",
          "Alias": "mc",
          "Startup Cost": 307.83,
          "Total Cost": 18806.43,
          "Plan Rows": 6936,
          "Plan Width": 0,
          "Actual Startup Time": 4.995,
          "Actual Total Time": 18.341,
          "Actual Rows": 12948,
          "Actual Loops": 1,
          "Recheck Cond": "(company_id = 11137)",
          "Rows Removed by Index Recheck": 0,
          "Filter": "(company_type_id = 1)",
          "Rows Removed by Filter": 0,
          "Exact Heap Blocks": 3577,
          "Lossy Heap Blocks": 0,
          "Plans": [
            {
              "Node Type": "Bitmap Index Scan",
              "Parent Relationship": "Outer",
              "Parallel Aware": false,
              "Index Name": "company_id_movie_companies",
              "Startup Cost": 0.0,
              "Total Cost": 306.1,
              "Plan Rows": 14089,
              "Plan Width": 0,
              "Actual Startup Time": 3.372,
              "Actual Total Time": 3.372,
              "Actual Rows": 12948,
              "Actual Loops": 1,
              "Index Cond": "(company_id = 11137)"
            }
          ]
        }
      ]
    },
    "Planning Time": 0.223,
    "Triggers": [],
    "Execution Time": 20.208
  }
]