{
  "Plan": {
    "Node Type": "Aggregate",
    "Strategy": "Plain",
    "Partial Mode": "Finalize",
    "Parallel Aware": false,
    "Startup Cost": 123718.85,
    "Total Cost": 123718.86,
    "Plan Rows": 1,
    "Plan Width": 8,
    "Actual Startup Time": 675.686,
    "Actual Total Time": 698.684,
    "Actual Rows": 1,
    "Actual Loops": 1,
    "Plans": [
      {
        "Node Type": "Gather",
        "Parent Relationship": "Outer",
        "Parallel Aware": false,
        "Startup Cost": 123718.73,
        "Total Cost": 123718.84,
        "Plan Rows": 1,
        "Plan Width": 8,
        "Actual Startup Time": 673.379,
        "Actual Total Time": 698.675,
        "Actual Rows": 2,
        "Actual Loops": 1,
        "Workers Planned": 1,
        "Workers Launched": 1,
        "Single Copy": false,
        "Plans": [
          {
            "Node Type": "Aggregate",
            "Strategy": "Plain",
            "Partial Mode": "Partial",
            "Parent Relationship": "Outer",
            "Parallel Aware": false,
            "Startup Cost": 122718.73,
            "Total Cost": 122718.74,
            "Plan Rows": 1,
            "Plan Width": 8,
            "Actual Startup Time": 668.242,
            "Actual Total Time": 668.245,
            "Actual Rows": 1,
            "Actual Loops": 2,
            "Plans": [
              {
                "Node Type": "Hash Join",
                "Parent Relationship": "Outer",
                "Parallel Aware": true,
                "Join Type": "Inner",
                "Startup Cost": 59473.49,
                "Total Cost": 121612.4,
                "Plan Rows": 442535,
                "Plan Width": 0,
                "Actual Startup Time": 269.073,
                "Actual Total Time": 657.074,
                "Actual Rows": 222054,
                "Actual Loops": 2,
                "Inner Unique": true,
                "Hash Cond": "(mk.movie_id = t.id)",
                "Plans": [
                  {
                    "Node Type": "Seq Scan",
                    "Parent Relationship": "Outer",
                    "Parallel Aware": true,
                    "Relation Name": "movie_keyword",
                    "Alias": "mk",
                    "Startup Cost": 0.0,
                    "Total Cost": 57718.19,
                    "Plan Rows": 1684078,
                    "Plan Width": 4,
                    "Actual Startup Time": 0.317,
                    "Actual Total Time": 230.905,
                    "Actual Rows": 1422332,
                    "Actual Loops": 2,
                    "Filter": "(keyword_id > 2587)",
                    "Rows Removed by Filter": 839633
                  },
                  {
                    "Node Type": "Hash",
                    "Parent Relationship": "Inner",
                    "Parallel Aware": true,
                    "Startup Cost": 54588.39,
                    "Total Cost": 54588.39,
                    "Plan Rows": 390808,
                    "Plan Width": 4,
                    "Actual Startup Time": 262.882,
                    "Actual Total Time": 262.883,
                    "Actual Rows": 331032,
                    "Actual Loops": 2,
                    "Hash Buckets": 1048576,
                    "Original Hash Buckets": 1048576,
                    "Hash Batches": 1,
                    "Original Hash Batches": 1,
                    "Peak Memory Usage": 34112,
                    "Plans": [
                      {
                        "Node Type": "Seq Scan",
                        "Parent Relationship": "Outer",
                        "Parallel Aware": true,
                        "Relation Name": "title",
                        "Alias": "t",
                        "Startup Cost": 0.0,
                        "Total Cost": 54588.39,
                        "Plan Rows": 390808,
                        "Plan Width": 4,
                        "Actual Startup Time": 0.042,
                        "Actual Total Time": 172.22,
                        "Actual Rows": 331032,
                        "Actual Loops": 2,
                        "Filter": "(production_year > 2008)",
                        "Rows Removed by Filter": 933124
                      }
                    ]
                  }
                ]
              }
            ]
          }
        ]
      }
    ]
  },
  "Planning Time": 0.234,
  "Triggers": [],
  "Execution Time": 698.726
}