[
  {
    "Plan": {
      "Node Type": "Aggregate",
      "Strategy": "Plain",
      "Partial Mode": "Finalize",
      "Parallel Aware": false,
      "Startup Cost": 60727.73,
      "Total Cost": 60727.74,
      "Plan Rows": 1,
      "Plan Width": 8,
      "Actual Startup Time": 46.912,
      "Actual Total Time": 54.297,
      "Actual Rows": 1,
      "Actual Loops": 1,
      "Plans": [
        {
          "Node Type": "Gather",
          "Parent Relationship": "Outer",
          "Parallel Aware": false,
          "Startup Cost": 60727.31,
          "Total Cost": 60727.72,
          "Plan Rows": 4,
          "Plan Width": 8,
          "Actual Startup Time": 46.633,
          "Actual Total Time": 54.29,
          "Actual Rows": 5,
          "Actual Loops": 1,
          "Workers Planned": 4,
          "Workers Launched": 4,
          "Single Copy": false,
          "Plans": [
            {
              "Node Type": "Aggregate",
              "Strategy": "Plain",
              "Partial Mode": "Partial",
              "Parent Relationship": "Outer",
              "Parallel Aware": false,
              "Startup Cost": 59727.31,
              "Total Cost": 59727.32,
              "Plan Rows": 1,
              "Plan Width": 8,
              "Actual Startup Time": 42.147,
              "Actual Total Time": 42.148,
              "Actual Rows": 1,
              "Actual Loops": 5,
              "Plans": [
                {
                  "Node Type": "Nested Loop",
                  "Parent Relationship": "Outer",
                  "Parallel Aware": false,
                  "Join Type": "Inner",
                  "Startup Cost": 1729.82,
                  "Total Cost": 59720.29,
                  "Plan Rows": 2810,
                  "Plan Width": 0,
                  "Actual Startup Time": 7.242,
                  "Actual Total Time": 42.077,
                  "Actual Rows": 585,
                  "Actual Loops": 5,
                  "Inner Unique": false,
                  "Plans": [
                    {
                      "Node Type": "Bitmap Heap Scan",
                      "Parent Relationship": "Outer",
                      "Parallel Aware": true,
                      "Relation Name": "title",
                      "Alias": "t",
                      "Startup Cost": 1729.39,
                      "Total Cost": 38090.54,
                      "Plan Rows": 2668,
                      "Plan Width": 4,
                      "Actual Startup Time": 6.689,
                      "Actual Total Time": 29.076,
                      "Actual Rows": 1249,
                      "Actual Loops": 5,
                      "Recheck Cond": "(kind_id = 3)",
                      "Rows Removed by Index Recheck": 0,
                      "Filter": "(production_year < 1965)",
                      "Rows Removed by Filter": 18858,
                      "Exact Heap Blocks": 4503,
                      "Lossy Heap Blocks": 0,
                      "Plans": [
                        {
                          "Node Type": "Bitmap Index Scan",
                          "Parent Relationship": "Outer",
                          "Parallel Aware": false,
                          "Index Name": "kind_id_title",
                          "Startup Cost": 0.0,
                          "Total Cost": 1726.72,
                          "Plan Rows": 96839,
                          "Plan Width": 0,
                          "Actual Startup Time": 7.821,
                          "Actual Total Time": 7.821,
                          "Actual Rows": 100537,
                          "Actual Loops": 1,
                          "Index Cond": "(kind_id = 3)"
                        }
                      ]
                    },
                    {
                      "Node Type": "Index Scan",
                      "Parent Relationship": "Inner",
                      "Parallel Aware": false,
                      "Scan Direction": "Forward",
                      "Index Name": "movie_id_movie_keyword",
                      "Relation Name": "movie_keyword",
                      "Alias": "mk",
                      "Startup Cost": 0.43,
                      "Total Cost": 7.84,
                      "Plan Rows": 27,
                      "Plan Width": 4,
                      "Actual Startup Time": 0.01,
                      "Actual Total Time": 0.01,
                      "Actual Rows": 0,
                      "Actual Loops": 6245,
                      "Index Cond": "(movie_id = t.id)",
                      "Rows Removed by Index Recheck": 0,
                      "Filter": "(keyword_id > 3138)",
                      "Rows Removed by Filter": 1
                    }
                  ]
                }
              ]
            }
          ]
        }
      ]
    },
    "Planning Time": 0.317,
    "Triggers": [],
    "Execution Time": 54.351
  }
]