{
  "Plan": {
    "Node Type": "Aggregate",
    "Strategy": "Plain",
    "Partial Mode": "Finalize",
    "Parallel Aware": false,
    "Startup Cost": 106002.01,
    "Total Cost": 106002.02,
    "Plan Rows": 1,
    "Plan Width": 8,
    "Actual Startup Time": 362.183,
    "Actual Total Time": 395.888,
    "Actual Rows": 1,
    "Actual Loops": 1,
    "Plans": [
      {
        "Node Type": "Gather",
        "Parent Relationship": "Outer",
        "Parallel Aware": false,
        "Startup Cost": 106001.89,
        "Total Cost": 106002.0,
        "Plan Rows": 1,
        "Plan Width": 8,
        "Actual Startup Time": 361.55,
        "Actual Total Time": 395.879,
        "Actual Rows": 2,
        "Actual Loops": 1,
        "Workers Planned": 1,
        "Workers Launched": 1,
        "Single Copy": false,
        "Plans": [
          {
            "Node Type": "Aggregate",
            "Strategy": "Plain",
            "Partial Mode": "Partial",
            "Parent Relationship": "Outer",
            "Parallel Aware": false,
            "Startup Cost": 105001.89,
            "Total Cost": 105001.9,
            "Plan Rows": 1,
            "Plan Width": 8,
            "Actual Startup Time": 355.403,
            "Actual Total Time": 355.407,
            "Actual Rows": 1,
            "Actual Loops": 2,
            "Plans": [
              {
                "Node Type": "Nested Loop",
                "Parent Relationship": "Outer",
                "Parallel Aware": false,
                "Join Type": "Inner",
                "Startup Cost": 24766.08,
                "Total Cost": 104945.08,
                "Plan Rows": 22727,
                "Plan Width": 0,
                "Actual Startup Time": 155.819,
                "Actual Total Time": 351.006,
                "Actual Rows": 87070,
                "Actual Loops": 2,
                "Inner Unique": false,
                "Plans": [
                  {
                    "Node Type": "Hash Join",
                    "Parent Relationship": "Outer",
                    "Parallel Aware": true,
                    "Join Type": "Inner",
                    "Startup Cost": 24765.65,
                    "Total Cost": 80123.45,
                    "Plan Rows": 4191,
                    "Plan Width": 8,
                    "Actual Startup Time": 155.739,
                    "Actual Total Time": 217.509,
                    "Actual Rows": 7752,
                    "Actual Loops": 2,
                    "Inner Unique": false,
                    "Hash Cond": "(t.id = mc.movie_id)",
                    "Plans": [
                      {
                        "Node Type": "Seq Scan",
                        "Parent Relationship": "Outer",
                        "Parallel Aware": true,
                        "Relation Name": "title",
                        "Alias": "t",
                        "Startup Cost": 0.0,
                        "Total Cost": 54588.39,
                        "Plan Rows": 119161,
                        "Plan Width": 4,
                        "Actual Startup Time": 0.023,
                        "Actual Total Time": 117.31,
                        "Actual Rows": 105812,
                        "Actual Loops": 2,
                        "Filter": "(production_year < 1957)",
                        "Rows Removed by Filter": 1158344
                      },
                      {
                        "Node Type": "Hash",
                        "Parent Relationship": "Inner",
                        "Parallel Aware": true,
                        "Startup Cost": 24111.74,
                        "Total Cost": 24111.74,
                        "Plan Rows": 52312,
                        "Plan Width": 4,
                        "Actual Startup Time": 70.205,
                        "Actual Total Time": 70.207,
                        "Actual Rows": 85402,
                        "Actual Loops": 2,
                        "Hash Buckets": 262144,
                        "Original Hash Buckets": 131072,
                        "Hash Batches": 1,
                        "Original Hash Batches": 1,
                        "Peak Memory Usage": 9760,
                        "Plans": [
                          {
                            "Node Type": "Bitmap Heap Scan",
                            "Parent Relationship": "Outer",
                            "Parallel Aware": true,
                            "Relation Name": "movie_companies",
                            "Alias": "mc",
                            "Startup Cost": 3776.29,
                            "Total Cost": 24111.74,
                            "Plan Rows": 52312,
                            "Plan Width": 4,
                            "Actual Startup Time": 17.983,
                            "Actual Total Time": 47.967,
                            "Actual Rows": 85402,
                            "Actual Loops": 2,
                            "Recheck Cond": "(company_id > 123567)",
                            "Rows Removed by Index Recheck": 0,
                            "Filter": "(company_type_id = 2)",
                            "Rows Removed by Filter": 0,
                            "Exact Heap Blocks": 2963,
                            "Lossy Heap Blocks": 0,
                            "Plans": [
                              {
                                "Node Type": "Bitmap Index Scan",
                                "Parent Relationship": "Outer",
                                "Parallel Aware": false,
                                "Index Name": "company_id_movie_companies",
                                "Startup Cost": 0.0,
                                "Total Cost": 3754.06,
                                "Plan Rows": 175151,
                                "Plan Width": 0,
                                "Actual Startup Time": 20.15,
                                "Actual Total Time": 20.151,
                                "Actual Rows": 170803,
                                "Actual Loops": 1,
                                "Index Cond": "(company_id > 123567)"
                              }
                            ]
                          }
                        ]
                      }
                    ]
                  },
                  {
                    "Node Type": "Index Scan",
                    "Parent Relationship": "Inner",
                    "Parallel Aware": false,
                    "Scan Direction": "Forward",
                    "Index Name": "movie_id_movie_info",
                    "Relation Name": "movie_info",
                    "Alias": "mi",
                    "Startup Cost": 0.43,
                    "Total Cost": 5.53,
                    "Plan Rows": 39,
                    "Plan Width": 4,
                    "Actual Startup Time": 0.006,
                    "Actual Total Time": 0.016,
                    "Actual Rows": 11,
                    "Actual Loops": 15503,
                    "Index Cond": "(movie_id = t.id)",
                    "Rows Removed by Index Recheck": 0,
                    "Filter": "(info_type_id < 86)",
                    "Rows Removed by Filter": 1
                  }
                ]
              }
            ]
          }
        ]
      }
    ]
  },
  "Planning Time": 1.011,
  "Triggers": [],
  "Execution Time": 395.998
}