[
  {
    "Plan": {
      "Node Type": "Aggregate",
      "Strategy": "Plain",
      "Partial Mode": "Finalize",
      "Parallel Aware": false,
      "Startup Cost": 281875.7,
      "Total Cost": 281875.71,
      "Plan Rows": 1,
      "Plan Width": 8,
      "Actual Startup Time": 151.017,
      "Actual Total Time": 160.601,
      "Actual Rows": 1,
      "Actual Loops": 1,
      "Plans": [
        {
          "Node Type": "Gather",
          "Parent Relationship": "Outer",
          "Parallel Aware": false,
          "Startup Cost": 281875.08,
          "Total Cost": 281875.69,
          "Plan Rows": 6,
          "Plan Width": 8,
          "Actual Startup Time": 150.65,
          "Actual Total Time": 160.583,
          "Actual Rows": 7,
          "Actual Loops": 1,
          "Workers Planned": 6,
          "Workers Launched": 6,
          "Single Copy": false,
          "Plans": [
            {
              "Node Type": "Aggregate",
              "Strategy": "Plain",
              "Partial Mode": "Partial",
              "Parent Relationship": "Outer",
              "Parallel Aware": false,
              "Startup Cost": 280875.08,
              "Total Cost": 280875.09,
              "Plan Rows": 1,
              "Plan Width": 8,
              "Actual Startup Time": 141.295,
              "Actual Total Time": 141.298,
              "Actual Rows": 1,
              "Actual Loops": 7,
              "Plans": [
                {
                  "Node Type": "Bitmap Heap Scan",
                  "Parent Relationship": "Outer",
                  "Parallel Aware": true,
                  "Relation Name": "cast_info",
                  "Alias": "ci",
                  "Startup Cost": 25151.68,
                  "Total Cost": 280707.55,
                  "Plan Rows": 67010,
                  "Plan Width": 0,
                  "Actual Startup Time": 61.28,
                  "Actual Total Time": 131.293,
                  "Actual Rows": 122462,
                  "Actual Loops": 7,
                  "Recheck Cond": "(person_id < 120070)",
                  "Rows Removed by Index Recheck": 0,
                  "Filter": "(role_id = 1)",
                  "Rows Removed by Filter": 47191,
                  "Exact Heap Blocks": 2845,
                  "Lossy Heap Blocks": 0,
                  "Plans": [
                    {
                      "Node Type": "Bitmap Index Scan",
                      "Parent Relationship": "Outer",
                      "Parallel Aware": false,
                      "Index Name": "person_id_cast_info",
                      "Startup Cost": 0.0,
                      "Total Cost": 25051.17,
                      "Plan Rows": 1147547,
                      "Plan Width": 0,
                      "Actual Startup Time": 66.728,
                      "Actual Total Time": 66.728,
                      "Actual Rows": 1187569,
                      "Actual Loops": 1,
                      "Index Cond": "(person_id < 120070)"
                    }
                  ]
                }
              ]
            }
          ]
        }
      ]
    },
    "Planning Time": 0.242,
    "Triggers": [],
    "Execution Time": 160.689
  }
]