[
  {
    "Plan": {
      "Node Type": "Aggregate",
      "Strategy": "Plain",
      "Partial Mode": "Finalize",
      "Parallel Aware": false,
      "Startup Cost": 282425.16,
      "Total Cost": 282425.17,
      "Plan Rows": 1,
      "Plan Width": 8,
      "Actual Startup Time": 133.724,
      "Actual Total Time": 139.186,
      "Actual Rows": 1,
      "Actual Loops": 1,
      "Plans": [
        {
          "Node Type": "Gather",
          "Parent Relationship": "Outer",
          "Parallel Aware": false,
          "Startup Cost": 282424.54,
          "Total Cost": 282425.15,
          "Plan Rows": 6,
          "Plan Width": 8,
          "Actual Startup Time": 133.392,
          "Actual Total Time": 139.178,
          "Actual Rows": 7,
          "Actual Loops": 1,
          "Workers Planned": 6,
          "Workers Launched": 6,
          "Single Copy": false,
          "Plans": [
            {
              "Node Type": "Aggregate",
              "Strategy": "Plain",
              "Partial Mode": "Partial",
              "Parent Relationship": "Outer",
              "Parallel Aware": false,
              "Startup Cost": 281424.54,
              "Total Cost": 281424.55,
              "Plan Rows": 1,
              "Plan Width": 8,
              "Actual Startup Time": 122.689,
              "Actual Total Time": 122.69,
              "Actual Rows": 1,
              "Actual Loops": 7,
              "Plans": [
                {
                  "Node Type": "Bitmap Heap Scan",
                  "Parent Relationship": "Outer",
                  "Parallel Aware": true,
                  "Relation Name": "cast_info",
                  "Alias": "ci",
                  "Startup Cost": 25645.6,
                  "Total Cost": 281256.71,
                  "Plan Rows": 67131,
                  "Plan Width": 0,
                  "Actual Startup Time": 58.446,
                  "Actual Total Time": 114.307,
                  "Actual Rows": 122462,
                  "Actual Loops": 7,
                  "Recheck Cond": "(person_id < 120070)",
                  "Rows Removed by Index Recheck": 0,
                  "Filter": "(role_id = 1)",
                  "Rows Removed by Filter": 47191,
                  "Exact Heap Blocks": 3372,
                  "Lossy Heap Blocks": 0,
                  "Plans": [
                    {
                      "Node Type": "Bitmap Index Scan",
                      "Parent Relationship": "Outer",
                      "Parallel Aware": false,
                      "Index Name": "person_id_cast_info",
                      "Startup Cost": 0.0,
                      "Total Cost": 25544.9,
                      "Plan Rows": 1169645,
                      "Plan Width": 0,
                      "Actual Startup Time": 66.158,
                      "Actual Total Time": 66.159,
                      "Actual Rows": 1187569,
                      "Actual Loops": 1,
                      "Index Cond": "(person_id < 120070)"
                    }
                  ]
                }
              ]
            }
          ]
        }
      ]
    },
    "Planning Time": 0.229,
    "Triggers": [],
    "Execution Time": 139.261
  }
]