[
  {
    "Plan": {
      "Node Type": "Aggregate",
      "Strategy": "Plain",
      "Partial Mode": "Finalize",
      "Parallel Aware": false,
      "Startup Cost": 38474.64,
      "Total Cost": 38474.65,
      "Plan Rows": 1,
      "Plan Width": 8,
      "Actual Startup Time": 147.342,
      "Actual Total Time": 177.912,
      "Actual Rows": 1,
      "Actual Loops": 1,
      "Plans": [
        {
          "Node Type": "Gather",
          "Parent Relationship": "Outer",
          "Parallel Aware": false,
          "Startup Cost": 38474.43,
          "Total Cost": 38474.64,
          "Plan Rows": 2,
          "Plan Width": 8,
          "Actual Startup Time": 147.029,
          "Actual Total Time": 177.901,
          "Actual Rows": 3,
          "Actual Loops": 1,
          "Workers Planned": 2,
          "Workers Launched": 2,
          "Single Copy": false,
          "Plans": [
            {
              "Node Type": "Aggregate",
              "Strategy": "Plain",
              "Partial Mode": "Partial",
              "Parent Relationship": "Outer",
              "Parallel Aware": false,
              "Startup Cost": 37474.43,
              "Total Cost": 37474.44,
              "Plan Rows": 1,
              "Plan Width": 8,
              "Actual Startup Time": 138.352,
              "Actual Total Time": 138.355,
              "Actual Rows": 1,
              "Actual Loops": 3,
              "Plans": [
                {
                  "Node Type": "Nested Loop",
                  "Parent Relationship": "Outer",
                  "Parallel Aware": false,
                  "Join Type": "Inner",
                  "Startup Cost": 132.18,
                  "Total Cost": 37384.34,
                  "Plan Rows": 36035,
                  "Plan Width": 0,
                  "Actual Startup Time": 2.79,
                  "Actual Total Time": 135.004,
                  "Actual Rows": 36638,
                  "Actual Loops": 3,
                  "Inner Unique": false,
                  "Plans": [
                    {
                      "Node Type": "Nested Loop",
                      "Parent Relationship": "Outer",
                      "Parallel Aware": false,
                      "Join Type": "Inner",
                      "Startup Cost": 131.61,
                      "Total Cost": 32023.95,
                      "Plan Rows": 2513,
                      "Plan Width": 8,
                      "Actual Startup Time": 2.542,
                      "Actual Total Time": 23.628,
                      "Actual Rows": 2172,
                      "Actual Loops": 3,
                      "Inner Unique": true,
                      "Plans": [
                        {
                          "Node Type": "Bitmap Heap Scan",
                          "Parent Relationship": "Outer",
                          "Parallel Aware": true,
                          "Relation Name": "movie_keyword",
                          "Alias": "mk",
                          "Startup Cost": 131.18,
                          "Total Cost": 14093.28,
                          "Plan Rows": 2513,
                          "Plan Width": 4,
                          "Actual Startup Time": 2.315,
                          "Actual Total Time": 8.337,
                          "Actual Rows": 2172,
                          "Actual Loops": 3,
                          "Recheck Cond": "(keyword_id = 196)",
                          "Rows Removed by Index Recheck": 0,
                          "Exact Heap Blocks": 2861,
                          "Lossy Heap Blocks": 0,
                          "Plans": [
                            {
                              "Node Type": "Bitmap Index Scan",
                              "Parent Relationship": "Outer",
                              "Parallel Aware": false,
                              "Index Name": "keyword_id_movie_keyword",
                              "Startup Cost": 0.0,
                              "Total Cost": 129.67,
                              "Plan Rows": 6032,
                              "Plan Width": 0,
                              "Actual Startup Time": 4.575,
                              "Actual Total Time": 4.576,
                              "Actual Rows": 6516,
                              "Actual Loops": 1,
                              "Index Cond": "(keyword_id = 196)"
                            }
                          ]
                        },
                        {
                          "Node Type": "Index Only Scan",
                          "Parent Relationship": "Inner",
                          "Parallel Aware": false,
                          "Scan Direction": "Forward",
                          "Index Name": "title_pkey",
                          "Relation Name": "title",
                          "Alias": "t",
                          "Startup Cost": 0.43,
                          "Total Cost": 7.14,
                          "Plan Rows": 1,
                          "Plan Width": 4,
                          "Actual Startup Time": 0.006,
                          "Actual Total Time": 0.006,
                          "Actual Rows": 1,
                          "Actual Loops": 6516,
                          "Index Cond": "(id = mk.movie_id)",
                          "Rows Removed by Index Recheck": 0,
                          "Heap Fetches": 6516
                        }
                      ]
                    },
                    {
                      "Node Type": "Index Only Scan",
                      "Parent Relationship": "Inner",
                      "Parallel Aware": false,
                      "Scan Direction": "Forward",
                      "Index Name": "movie_id_cast_info",
                      "Relation Name": "cast_info",
                      "Alias": "ci",
                      "Startup Cost": 0.56,
                      "Total Cost": 1.78,
                      "Plan Rows": 35,
                      "Plan Width": 4,
                      "Actual Startup Time": 0.008,
                      "Actual Total Time": 0.049,
                      "Actual Rows": 17,
                      "Actual Loops": 6516,
                      "Index Cond": "(movie_id = t.id)",
                      "Rows Removed by Index Recheck": 0,
                      "Heap Fetches": 109915
                    }
                  ]
                }
              ]
            }
          ]
        }
      ]
    },
    "Planning Time": 1.279,
    "Triggers": [],
    "Execution Time": 178.02
  }
]