[
  {
    "Plan": {
      "Node Type": "Aggregate",
      "Strategy": "Plain",
      "Partial Mode": "Finalize",
      "Parallel Aware": false,
      "Startup Cost": 40108.11,
      "Total Cost": 40108.12,
      "Plan Rows": 1,
      "Plan Width": 8,
      "Actual Startup Time": 151.435,
      "Actual Total Time": 179.543,
      "Actual Rows": 1,
      "Actual Loops": 1,
      "Plans": [
        {
          "Node Type": "Gather",
          "Parent Relationship": "Outer",
          "Parallel Aware": false,
          "Startup Cost": 40107.9,
          "Total Cost": 40108.11,
          "Plan Rows": 2,
          "Plan Width": 8,
          "Actual Startup Time": 151.198,
          "Actual Total Time": 179.532,
          "Actual Rows": 3,
          "Actual Loops": 1,
          "Workers Planned": 2,
          "Workers Launched": 2,
          "Single Copy": false,
          "Plans": [
            {
              "Node Type": "Aggregate",
              "Strategy": "Plain",
              "Partial Mode": "Partial",
              "Parent Relationship": "Outer",
              "Parallel Aware": false,
              "Startup Cost": 39107.9,
              "Total Cost": 39107.91,
              "Plan Rows": 1,
              "Plan Width": 8,
              "Actual Startup Time": 143.256,
              "Actual Total Time": 143.258,
              "Actual Rows": 1,
              "Actual Loops": 3,
              "Plans": [
                {
                  "Node Type": "Nested Loop",
                  "Parent Relationship": "Outer",
                  "Parallel Aware": false,
                  "Join Type": "Inner",
                  "Startup Cost": 138.52,
                  "Total Cost": 39013.35,
                  "Plan Rows": 37817,
                  "Plan Width": 0,
                  "Actual Startup Time": 2.573,
                  "Actual Total Time": 139.413,
                  "Actual Rows": 36638,
                  "Actual Loops": 3,
                  "Inner Unique": false,
                  "Plans": [
                    {
                      "Node Type": "Nested Loop",
                      "Parent Relationship": "Outer",
                      "Parallel Aware": false,
                      "Join Type": "Inner",
                      "Startup Cost": 137.95,
                      "Total Cost": 33238.97,
                      "Plan Rows": 2639,
                      "Plan Width": 8,
                      "Actual Startup Time": 2.385,
                      "Actual Total Time": 26.019,
                      "Actual Rows": 2172,
                      "Actual Loops": 3,
                      "Inner Unique": true,
                      "Plans": [
                        {
                          "Node Type": "Bitmap Heap Scan",
                          "Parent Relationship": "Outer",
                          "Parallel Aware": true,
                          "Relation Name": "movie_keyword",
                          "Alias": "mk",
                          "Startup Cost": 137.52,
                          "Total Cost": 14545.79,
                          "Plan Rows": 2639,
                          "Plan Width": 4,
                          "Actual Startup Time": 2.217,
                          "Actual Total Time": 8.685,
                          "Actual Rows": 2172,
                          "Actual Loops": 3,
                          "Recheck Cond": "(keyword_id = 196)",
                          "Rows Removed by Index Recheck": 0,
                          "Exact Heap Blocks": 2359,
                          "Lossy Heap Blocks": 0,
                          "Plans": [
                            {
                              "Node Type": "Bitmap Index Scan",
                              "Parent Relationship": "Outer",
                              "Parallel Aware": false,
                              "Index Name": "keyword_id_movie_keyword",
                              "Startup Cost": 0.0,
                              "Total Cost": 135.94,
                              "Plan Rows": 6334,
                              "Plan Width": 0,
                              "Actual Startup Time": 4.343,
                              "Actual Total Time": 4.343,
                              "Actual Rows": 6516,
                              "Actual Loops": 1,
                              "Index Cond": "(keyword_id = 196)"
                            }
                          ]
                        },
                        {
                          "Node Type": "Index Only Scan",
                          "Parent Relationship": "Inner",
                          "Parallel Aware": false,
                          "Scan Direction": "Forward",
                          "Index Name": "title_pkey",
                          "Relation Name": "title",
                          "Alias": "t",
                          "Startup Cost": 0.43,
                          "Total Cost": 7.08,
                          "Plan Rows": 1,
                          "Plan Width": 4,
                          "Actual Startup Time": 0.007,
                          "Actual Total Time": 0.007,
                          "Actual Rows": 1,
                          "Actual Loops": 6516,
                          "Index Cond": "(id = mk.movie_id)",
                          "Rows Removed by Index Recheck": 0,
                          "Heap Fetches": 6516
                        }
                      ]
                    },
                    {
                      "Node Type": "Index Only Scan",
                      "Parent Relationship": "Inner",
                      "Parallel Aware": false,
                      "Scan Direction": "Forward",
                      "Index Name": "movie_id_cast_info",
                      "Relation Name": "cast_info",
                      "Alias": "ci",
                      "Startup Cost": 0.56,
                      "Total Cost": 1.82,
                      "Plan Rows": 37,
                      "Plan Width": 4,
                      "Actual Startup Time": 0.009,
                      "Actual Total Time": 0.05,
                      "Actual Rows": 17,
                      "Actual Loops": 6516,
                      "Index Cond": "(movie_id = t.id)",
                      "Rows Removed by Index Recheck": 0,
                      "Heap Fetches": 109915
                    }
                  ]
                }
              ]
            }
          ]
        }
      ]
    },
    "Planning Time": 1.289,
    "Triggers": [],
    "Execution Time": 179.658
  }
]