{
  "Plan": {
    "Node Type": "Aggregate",
    "Strategy": "Plain",
    "Partial Mode": "Finalize",
    "Parallel Aware": false,
    "Startup Cost": 111062.9,
    "Total Cost": 111062.91,
    "Plan Rows": 1,
    "Plan Width": 8,
    "Actual Startup Time": 728.339,
    "Actual Total Time": 744.557,
    "Actual Rows": 1,
    "Actual Loops": 1,
    "Plans": [
      {
        "Node Type": "Gather",
        "Parent Relationship": "Outer",
        "Parallel Aware": false,
        "Startup Cost": 111062.79,
        "Total Cost": 111062.9,
        "Plan Rows": 1,
        "Plan Width": 8,
        "Actual Startup Time": 725.841,
        "Actual Total Time": 744.548,
        "Actual Rows": 2,
        "Actual Loops": 1,
        "Workers Planned": 1,
        "Workers Launched": 1,
        "Single Copy": false,
        "Plans": [
          {
            "Node Type": "Aggregate",
            "Strategy": "Plain",
            "Partial Mode": "Partial",
            "Parent Relationship": "Outer",
            "Parallel Aware": false,
            "Startup Cost": 110062.79,
            "Total Cost": 110062.8,
            "Plan Rows": 1,
            "Plan Width": 8,
            "Actual Startup Time": 720.391,
            "Actual Total Time": 720.395,
            "Actual Rows": 1,
            "Actual Loops": 2,
            "Plans": [
              {
                "Node Type": "Hash Join",
                "Parent Relationship": "Outer",
                "Parallel Aware": true,
                "Join Type": "Inner",
                "Startup Cost": 46651.68,
                "Total Cost": 109094.8,
                "Plan Rows": 387196,
                "Plan Width": 0,
                "Actual Startup Time": 238.562,
                "Actual Total Time": 699.089,
                "Actual Rows": 454189,
                "Actual Loops": 2,
                "Inner Unique": false,
                "Hash Cond": "(t.id = mc.movie_id)",
                "Plans": [
                  {
                    "Node Type": "Seq Scan",
                    "Parent Relationship": "Outer",
                    "Parallel Aware": true,
                    "Relation Name": "title",
                    "Alias": "t",
                    "Startup Cost": 0.0,
                    "Total Cost": 50870.31,
                    "Plan Rows": 1487231,
                    "Plan Width": 4,
                    "Actual Startup Time": 0.009,
                    "Actual Total Time": 117.882,
                    "Actual Rows": 1264156,
                    "Actual Loops": 2
                  },
                  {
                    "Node Type": "Hash",
                    "Parent Relationship": "Inner",
                    "Parallel Aware": true,
                    "Startup Cost": 41811.73,
                    "Total Cost": 41811.73,
                    "Plan Rows": 387196,
                    "Plan Width": 4,
                    "Actual Startup Time": 229.12,
                    "Actual Total Time": 229.121,
                    "Actual Rows": 454189,
                    "Actual Loops": 2,
                    "Hash Buckets": 1048576,
                    "Original Hash Buckets": 1048576,
                    "Hash Batches": 1,
                    "Original Hash Batches": 1,
                    "Peak Memory Usage": 43744,
                    "Plans": [
                      {
                        "Node Type": "Seq Scan",
                        "Parent Relationship": "Outer",
                        "Parallel Aware": true,
                        "Relation Name": "movie_companies",
                        "Alias": "mc",
                        "Startup Cost": 0.0,
                        "Total Cost": 41811.73,
                        "Plan Rows": 387196,
                        "Plan Width": 4,
                        "Actual Startup Time": 66.265,
                        "Actual Total Time": 135.638,
                        "Actual Rows": 454189,
                        "Actual Loops": 2,
                        "Filter": "((company_id > 11319) AND (company_type_id > 1))",
                        "Rows Removed by Filter": 850376
                      }
                    ]
                  }
                ]
              }
            ]
          }
        ]
      }
    ]
  },
  "Planning Time": 0.728,
  "Triggers": [],
  "Execution Time": 744.627
}