[
    {
        "Bao": {
            "Bao prediction": 1554.464,
            "Bao recommended hint": "SET enable_nestloop TO off; "
        }
    },
    {
        "Plan": {
            "Node Type": "Aggregate",
            "Strategy": "Plain",
            "Partial Mode": "Finalize",
            "Parallel Aware": false,
            "Startup Cost": 525986.7,
            "Total Cost": 525986.71,
            "Plan Rows": 1,
            "Plan Width": 64,
            "Actual Startup Time": 3465.009,
            "Actual Total Time": 3565.253,
            "Actual Rows": 1,
            "Actual Loops": 1,
            "Output": [
                "min(n.name)",
                "min(n.name)"
            ],
            "Plans": [
                {
                    "Node Type": "Gather",
                    "Parent Relationship": "Outer",
                    "Parallel Aware": false,
                    "Startup Cost": 525986.37,
                    "Total Cost": 525986.68,
                    "Plan Rows": 3,
                    "Plan Width": 32,
                    "Actual Startup Time": 3463.385,
                    "Actual Total Time": 3565.233,
                    "Actual Rows": 4,
                    "Actual Loops": 1,
                    "Output": [
                        "(PARTIAL min(n.name))"
                    ],
                    "Workers Planned": 3,
                    "Workers Launched": 3,
                    "Single Copy": false,
                    "Plans": [
                        {
                            "Node Type": "Aggregate",
                            "Strategy": "Plain",
                            "Partial Mode": "Partial",
                            "Parent Relationship": "Outer",
                            "Parallel Aware": false,
                            "Startup Cost": 524986.37,
                            "Total Cost": 524986.38,
                            "Plan Rows": 1,
                            "Plan Width": 32,
                            "Actual Startup Time": 3452.889,
                            "Actual Total Time": 3453.094,
                            "Actual Rows": 1,
                            "Actual Loops": 4,
                            "Output": [
                                "PARTIAL min(n.name)"
                            ],
                            "Workers": [
                                {
                                    "Worker Number": 0,
                                    "Actual Startup Time": 3450.45,
                                    "Actual Total Time": 3450.462,
                                    "Actual Rows": 1,
                                    "Actual Loops": 1
                                },
                                {
                                    "Worker Number": 1,
                                    "Actual Startup Time": 3449.751,
                                    "Actual Total Time": 3449.771,
                                    "Actual Rows": 1,
                                    "Actual Loops": 1
                                },
                                {
                                    "Worker Number": 2,
                                    "Actual Startup Time": 3449.732,
                                    "Actual Total Time": 3449.745,
                                    "Actual Rows": 1,
                                    "Actual Loops": 1
                                }
                            ],
                            "Plans": [
                                {
                                    "Node Type": "Hash Join",
                                    "Parent Relationship": "Outer",
                                    "Parallel Aware": true,
                                    "Join Type": "Inner",
                                    "Startup Cost": 494623.47,
                                    "Total Cost": 524986.32,
                                    "Plan Rows": 19,
                                    "Plan Width": 15,
                                    "Actual Startup Time": 3306.736,
                                    "Actual Total Time": 3449.818,
                                    "Actual Rows": 45572,
                                    "Actual Loops": 4,
                                    "Output": [
                                        "n.name"
                                    ],
                                    "Inner Unique": true,
                                    "Hash Cond": "(mc.company_id = cn.id)",
                                    "Workers": [
                                        {
                                            "Worker Number": 0,
                                            "Actual Startup Time": 3304.115,
                                            "Actual Total Time": 3447.247,
                                            "Actual Rows": 49270,
                                            "Actual Loops": 1
                                        },
                                        {
                                            "Worker Number": 1,
                                            "Actual Startup Time": 3303.77,
                                            "Actual Total Time": 3446.584,
                                            "Actual Rows": 49166,
                                            "Actual Loops": 1
                                        },
                                        {
                                            "Worker Number": 2,
                                            "Actual Startup Time": 3303.535,
                                            "Actual Total Time": 3446.518,
                                            "Actual Rows": 51311,
                                            "Actual Loops": 1
                                        }
                                    ],
                                    "Plans": [
                                        {
                                            "Node Type": "Hash Join",
                                            "Parent Relationship": "Outer",
                                            "Parallel Aware": true,
                                            "Join Type": "Inner",
                                            "Startup Cost": 488518.21,
                                            "Total Cost": 518881.01,
                                            "Plan Rows": 19,
                                            "Plan Width": 19,
                                            "Actual Startup Time": 3259.1,
                                            "Actual Total Time": 3390.864,
                                            "Actual Rows": 45572,
                                            "Actual Loops": 4,
                                            "Output": [
                                                "mc.company_id",
                                                "n.name"
                                            ],
                                            "Inner Unique": false,
                                            "Hash Cond": "(mc.movie_id = ci.movie_id)",
                                            "Workers": [
                                                {
                                                    "Worker Number": 0,
                                                    "Actual Startup Time": 3259.21,
                                                    "Actual Total Time": 3391.158,
                                                    "Actual Rows": 49270,
                                                    "Actual Loops": 1
                                                },
                                                {
                                                    "Worker Number": 1,
                                                    "Actual Startup Time": 3259.156,
                                                    "Actual Total Time": 3391.128,
                                                    "Actual Rows": 49166,
                                                    "Actual Loops": 1
                                                },
                                                {
                                                    "Worker Number": 2,
                                                    "Actual Startup Time": 3258.967,
                                                    "Actual Total Time": 3390.646,
                                                    "Actual Rows": 51311,
                                                    "Actual Loops": 1
                                                }
                                            ],
                                            "Plans": [
                                                {
                                                    "Node Type": "Seq Scan",
                                                    "Parent Relationship": "Outer",
                                                    "Parallel Aware": true,
                                                    "Relation Name": "movie_companies",
                                                    "Schema": "public",
                                                    "Alias": "mc",
                                                    "Startup Cost": 0.0,
                                                    "Total Cost": 27206.55,
                                                    "Plan Rows": 841655,
                                                    "Plan Width": 8,
                                                    "Actual Startup Time": 0.025,
                                                    "Actual Total Time": 62.13,
                                                    "Actual Rows": 652282,
                                                    "Actual Loops": 4,
                                                    "Output": [
                                                        "mc.id",
                                                        "mc.movie_id",
                                                        "mc.company_id",
                                                        "mc.company_type_id",
                                                        "mc.note"
                                                    ],
                                                    "Workers": [
                                                        {
                                                            "Worker Number": 0,
                                                            "Actual Startup Time": 0.023,
                                                            "Actual Total Time": 62.023,
                                                            "Actual Rows": 733805,
                                                            "Actual Loops": 1
                                                        },
                                                        {
                                                            "Worker Number": 1,
                                                            "Actual Startup Time": 0.021,
                                                            "Actual Total Time": 63.441,
                                                            "Actual Rows": 720956,
                                                            "Actual Loops": 1
                                                        },
                                                        {
                                                            "Worker Number": 2,
                                                            "Actual Startup Time": 0.033,
                                                            "Actual Total Time": 61.941,
                                                            "Actual Rows": 732015,
                                                            "Actual Loops": 1
                                                        }
                                                    ]
                                                },
                                                {
                                                    "Node Type": "Hash",
                                                    "Parent Relationship": "Inner",
                                                    "Parallel Aware": true,
                                                    "Startup Cost": 488518.14,
                                                    "Total Cost": 488518.14,
                                                    "Plan Rows": 6,
                                                    "Plan Width": 27,
                                                    "Actual Startup Time": 3258.612,
                                                    "Actual Total Time": 3258.814,
                                                    "Actual Rows": 5918,
                                                    "Actual Loops": 4,
                                                    "Output": [
                                                        "ci.movie_id",
                                                        "mk.movie_id",
                                                        "n.name",
                                                        "t.id"
                                                    ],
                                                    "Hash Buckets": 32768,
                                                    "Original Hash Buckets": 1024,
                                                    "Hash Batches": 1,
                                                    "Original Hash Batches": 1,
                                                    "Peak Memory Usage": 2008,
                                                    "Workers": [
                                                        {
                                                            "Worker Number": 0,
                                                            "Actual Startup Time": 3258.564,
                                                            "Actual Total Time": 3258.573,
                                                            "Actual Rows": 6189,
                                                            "Actual Loops": 1
                                                        },
                                                        {
                                                            "Worker Number": 1,
                                                            "Actual Startup Time": 3258.575,
                                                            "Actual Total Time": 3258.593,
                                                            "Actual Rows": 6143,
                                                            "Actual Loops": 1
                                                        },
                                                        {
                                                            "Worker Number": 2,
                                                            "Actual Startup Time": 3258.73,
                                                            "Actual Total Time": 3258.74,
                                                            "Actual Rows": 6809,
                                                            "Actual Loops": 1
                                                        }
                                                    ],
                                                    "Plans": [
                                                        {
                                                            "Node Type": "Hash Join",
                                                            "Parent Relationship": "Outer",
                                                            "Parallel Aware": true,
                                                            "Join Type": "Inner",
                                                            "Startup Cost": 443828.67,
                                                            "Total Cost": 488518.14,
                                                            "Plan Rows": 6,
                                                            "Plan Width": 27,
                                                            "Actual Startup Time": 3023.495,
                                                            "Actual Total Time": 3191.485,
                                                            "Actual Rows": 5918,
                                                            "Actual Loops": 4,
                                                            "Output": [
                                                                "ci.movie_id",
                                                                "mk.movie_id",
                                                                "n.name",
                                                                "t.id"
                                                            ],
                                                            "Inner Unique": false,
                                                            "Hash Cond": "(t.id = ci.movie_id)",
                                                            "Workers": [
                                                                {
                                                                    "Worker Number": 0,
                                                                    "Actual Startup Time": 3023.433,
                                                                    "Actual Total Time": 3204.138,
                                                                    "Actual Rows": 6189,
                                                                    "Actual Loops": 1
                                                                },
                                                                {
                                                                    "Worker Number": 1,
                                                                    "Actual Startup Time": 3023.514,
                                                                    "Actual Total Time": 3157.153,
                                                                    "Actual Rows": 6143,
                                                                    "Actual Loops": 1
                                                                },
                                                                {
                                                                    "Worker Number": 2,
                                                                    "Actual Startup Time": 3023.294,
                                                                    "Actual Total Time": 3218.911,
                                                                    "Actual Rows": 6809,
                                                                    "Actual Loops": 1
                                                                }
                                                            ],
                                                            "Plans": [
                                                                {
                                                                    "Node Type": "Seq Scan",
                                                                    "Parent Relationship": "Outer",
                                                                    "Parallel Aware": true,
                                                                    "Relation Name": "title",
                                                                    "Schema": "public",
                                                                    "Alias": "t",
                                                                    "Startup Cost": 0.0,
                                                                    "Total Cost": 42319.06,
                                                                    "Plan Rows": 632106,
                                                                    "Plan Width": 4,
                                                                    "Actual Startup Time": 0.027,
                                                                    "Actual Total Time": 83.906,
                                                                    "Actual Rows": 632078,
                                                                    "Actual Loops": 4,
                                                                    "Output": [
                                                                        "t.id",
                                                                        "t.title",
                                                                        "t.imdb_index",
                                                                        "t.kind_id",
                                                                        "t.production_year",
                                                                        "t.imdb_id",
                                                                        "t.phonetic_code",
                                                                        "t.episode_of_id",
                                                                        "t.season_nr",
                                                                        "t.episode_nr",
                                                                        "t.series_years",
                                                                        "t.md5sum"
                                                                    ],
                                                                    "Workers": [
                                                                        {
                                                                            "Worker Number": 0,
                                                                            "Actual Startup Time": 0.024,
                                                                            "Actual Total Time": 89.531,
                                                                            "Actual Rows": 756844,
                                                                            "Actual Loops": 1
                                                                        },
                                                                        {
                                                                            "Worker Number": 1,
                                                                            "Actual Startup Time": 0.027,
                                                                            "Actual Total Time": 67.898,
                                                                            "Actual Rows": 472405,
                                                                            "Actual Loops": 1
                                                                        },
                                                                        {
                                                                            "Worker Number": 2,
                                                                            "Actual Startup Time": 0.033,
                                                                            "Actual Total Time": 96.778,
                                                                            "Actual Rows": 888247,
                                                                            "Actual Loops": 1
                                                                        }
                                                                    ]
                                                                },
                                                                {
                                                                    "Node Type": "Hash",
                                                                    "Parent Relationship": "Inner",
                                                                    "Parallel Aware": true,
                                                                    "Startup Cost": 443828.62,
                                                                    "Total Cost": 443828.62,
                                                                    "Plan Rows": 4,
                                                                    "Plan Width": 23,
                                                                    "Actual Startup Time": 3023.142,
                                                                    "Actual Total Time": 3023.342,
                                                                    "Actual Rows": 5918,
                                                                    "Actual Loops": 4,
                                                                    "Output": [
                                                                        "ci.movie_id",
                                                                        "mk.movie_id",
                                                                        "n.name"
                                                                    ],
                                                                    "Hash Buckets": 32768,
                                                                    "Original Hash Buckets": 1024,
                                                                    "Hash Batches": 1,
                                                                    "Original Hash Batches": 1,
                                                                    "Peak Memory Usage": 1880,
                                                                    "Workers": [
                                                                        {
                                                                            "Worker Number": 0,
                                                                            "Actual Startup Time": 3023.173,
                                                                            "Actual Total Time": 3023.181,
                                                                            "Actual Rows": 6586,
                                                                            "Actual Loops": 1
                                                                        },
                                                                        {
                                                                            "Worker Number": 1,
                                                                            "Actual Startup Time": 3023.165,
                                                                            "Actual Total Time": 3023.182,
                                                                            "Actual Rows": 6099,
                                                                            "Actual Loops": 1
                                                                        },
                                                                        {
                                                                            "Worker Number": 2,
                                                                            "Actual Startup Time": 3023.16,
                                                                            "Actual Total Time": 3023.168,
                                                                            "Actual Rows": 6096,
                                                                            "Actual Loops": 1
                                                                        }
                                                                    ],
                                                                    "Plans": [
                                                                        {
                                                                            "Node Type": "Hash Join",
                                                                            "Parent Relationship": "Outer",
                                                                            "Parallel Aware": true,
                                                                            "Join Type": "Inner",
                                                                            "Startup Cost": 114404.24,
                                                                            "Total Cost": 443828.62,
                                                                            "Plan Rows": 4,
                                                                            "Plan Width": 23,
                                                                            "Actual Startup Time": 894.588,
                                                                            "Actual Total Time": 2803.041,
                                                                            "Actual Rows": 5918,
                                                                            "Actual Loops": 4,
                                                                            "Output": [
                                                                                "ci.movie_id",
                                                                                "mk.movie_id",
                                                                                "n.name"
                                                                            ],
                                                                            "Inner Unique": false,
                                                                            "Hash Cond": "(ci.movie_id = mk.movie_id)",
                                                                            "Workers": [
                                                                                {
                                                                                    "Worker Number": 0,
                                                                                    "Actual Startup Time": 894.58,
                                                                                    "Actual Total Time": 3000.766,
                                                                                    "Actual Rows": 6586,
                                                                                    "Actual Loops": 1
                                                                                },
                                                                                {
                                                                                    "Worker Number": 1,
                                                                                    "Actual Startup Time": 894.543,
                                                                                    "Actual Total Time": 3005.893,
                                                                                    "Actual Rows": 6099,
                                                                                    "Actual Loops": 1
                                                                                },
                                                                                {
                                                                                    "Worker Number": 2,
                                                                                    "Actual Startup Time": 894.727,
                                                                                    "Actual Total Time": 2994.711,
                                                                                    "Actual Rows": 6096,
                                                                                    "Actual Loops": 1
                                                                                }
                                                                            ],
                                                                            "Plans": [
                                                                                {
                                                                                    "Node Type": "Hash Join",
                                                                                    "Parent Relationship": "Outer",
                                                                                    "Parallel Aware": true,
                                                                                    "Join Type": "Inner",
                                                                                    "Startup Cost": 68899.78,
                                                                                    "Total Cost": 397866.42,
                                                                                    "Plan Rows": 122059,
                                                                                    "Plan Width": 19,
                                                                                    "Actual Startup Time": 569.467,
                                                                                    "Actual Total Time": 2436.494,
                                                                                    "Actual Rows": 201079,
                                                                                    "Actual Loops": 4,
                                                                                    "Output": [
                                                                                        "ci.movie_id",
                                                                                        "n.name"
                                                                                    ],
                                                                                    "Inner Unique": true,
                                                                                    "Hash Cond": "(ci.person_id = n.id)",
                                                                                    "Workers": [
                                                                                        {
                                                                                            "Worker Number": 0,
                                                                                            "Actual Startup Time": 569.471,
                                                                                            "Actual Total Time": 2634.2,
                                                                                            "Actual Rows": 221275,
                                                                                            "Actual Loops": 1
                                                                                        },
                                                                                        {
                                                                                            "Worker Number": 1,
                                                                                            "Actual Startup Time": 569.444,
                                                                                            "Actual Total Time": 2638.491,
                                                                                            "Actual Rows": 214999,
                                                                                            "Actual Loops": 1
                                                                                        },
                                                                                        {
                                                                                            "Worker Number": 2,
                                                                                            "Actual Startup Time": 569.483,
                                                                                            "Actual Total Time": 2629.892,
                                                                                            "Actual Rows": 207749,
                                                                                            "Actual Loops": 1
                                                                                        }
                                                                                    ],
                                                                                    "Plans": [
                                                                                        {
                                                                                            "Node Type": "Seq Scan",
                                                                                            "Parent Relationship": "Outer",
                                                                                            "Parallel Aware": true,
                                                                                            "Relation Name": "cast_info",
                                                                                            "Schema": "public",
                                                                                            "Alias": "ci",
                                                                                            "Startup Cost": 0.0,
                                                                                            "Total Cost": 313106.51,
                                                                                            "Plan Rows": 6041951,
                                                                                            "Plan Width": 8,
                                                                                            "Actual Startup Time": 0.01,
                                                                                            "Actual Total Time": 1111.568,
                                                                                            "Actual Rows": 9061086,
                                                                                            "Actual Loops": 4,
                                                                                            "Output": [
                                                                                                "ci.id",
                                                                                                "ci.person_id",
                                                                                                "ci.movie_id",
                                                                                                "ci.person_role_id",
                                                                                                "ci.note",
                                                                                                "ci.nr_order",
                                                                                                "ci.role_id"
                                                                                            ],
                                                                                            "Workers": [
                                                                                                {
                                                                                                    "Worker Number": 0,
                                                                                                    "Actual Startup Time": 0.01,
                                                                                                    "Actual Total Time": 1209.052,
                                                                                                    "Actual Rows": 10338948,
                                                                                                    "Actual Loops": 1
                                                                                                },
                                                                                                {
                                                                                                    "Worker Number": 1,
                                                                                                    "Actual Startup Time": 0.008,
                                                                                                    "Actual Total Time": 1225.172,
                                                                                                    "Actual Rows": 9797441,
                                                                                                    "Actual Loops": 1
                                                                                                },
                                                                                                {
                                                                                                    "Worker Number": 2,
                                                                                                    "Actual Startup Time": 0.011,
                                                                                                    "Actual Total Time": 1208.308,
                                                                                                    "Actual Rows": 10151300,
                                                                                                    "Actual Loops": 1
                                                                                                }
                                                                                            ]
                                                                                        },
                                                                                        {
                                                                                            "Node Type": "Hash",
                                                                                            "Parent Relationship": "Inner",
                                                                                            "Parallel Aware": true,
                                                                                            "Startup Cost": 68636.68,
                                                                                            "Total Cost": 68636.68,
                                                                                            "Plan Rows": 21048,
                                                                                            "Plan Width": 19,
                                                                                            "Actual Startup Time": 228.183,
                                                                                            "Actual Total Time": 228.184,
                                                                                            "Actual Rows": 25286,
                                                                                            "Actual Loops": 4,
                                                                                            "Output": [
                                                                                                "n.name",
                                                                                                "n.id"
                                                                                            ],
                                                                                            "Hash Buckets": 131072,
                                                                                            "Original Hash Buckets": 131072,
                                                                                            "Hash Batches": 1,
                                                                                            "Original Hash Batches": 1,
                                                                                            "Peak Memory Usage": 6560,
                                                                                            "Workers": [
                                                                                                {
                                                                                                    "Worker Number": 0,
                                                                                                    "Actual Startup Time": 228.386,
                                                                                                    "Actual Total Time": 228.387,
                                                                                                    "Actual Rows": 25446,
                                                                                                    "Actual Loops": 1
                                                                                                },
                                                                                                {
                                                                                                    "Worker Number": 1,
                                                                                                    "Actual Startup Time": 228.366,
                                                                                                    "Actual Total Time": 228.367,
                                                                                                    "Actual Rows": 26563,
                                                                                                    "Actual Loops": 1
                                                                                                },
                                                                                                {
                                                                                                    "Worker Number": 2,
                                                                                                    "Actual Startup Time": 227.588,
                                                                                                    "Actual Total Time": 227.59,
                                                                                                    "Actual Rows": 26497,
                                                                                                    "Actual Loops": 1
                                                                                                }
                                                                                            ],
                                                                                            "Plans": [
                                                                                                {
                                                                                                    "Node Type": "Seq Scan",
                                                                                                    "Parent Relationship": "Outer",
                                                                                                    "Parallel Aware": true,
                                                                                                    "Relation Name": "name",
                                                                                                    "Schema": "public",
                                                                                                    "Alias": "n",
                                                                                                    "Startup Cost": 0.0,
                                                                                                    "Total Cost": 68636.68,
                                                                                                    "Plan Rows": 21048,
                                                                                                    "Plan Width": 19,
                                                                                                    "Actual Startup Time": 40.092,
                                                                                                    "Actual Total Time": 212.918,
                                                                                                    "Actual Rows": 25286,
                                                                                                    "Actual Loops": 4,
                                                                                                    "Output": [
                                                                                                        "n.name",
                                                                                                        "n.id"
                                                                                                    ],
                                                                                                    "Filter": "(n.name ~~ 'J%'::text)",
                                                                                                    "Rows Removed by Filter": 1016586,
                                                                                                    "Workers": [
                                                                                                        {
                                                                                                            "Worker Number": 0,
                                                                                                            "Actual Startup Time": 40.102,
                                                                                                            "Actual Total Time": 213.486,
                                                                                                            "Actual Rows": 25446,
                                                                                                            "Actual Loops": 1
                                                                                                        },
                                                                                                        {
                                                                                                            "Worker Number": 1,
                                                                                                            "Actual Startup Time": 40.018,
                                                                                                            "Actual Total Time": 213.349,
                                                                                                            "Actual Rows": 26563,
                                                                                                            "Actual Loops": 1
                                                                                                        },
                                                                                                        {
                                                                                                            "Worker Number": 2,
                                                                                                            "Actual Startup Time": 40.125,
                                                                                                            "Actual Total Time": 213.303,
                                                                                                            "Actual Rows": 26497,
                                                                                                            "Actual Loops": 1
                                                                                                        }
                                                                                                    ]
                                                                                                }
                                                                                            ]
                                                                                        }
                                                                                    ]
                                                                                },
                                                                                {
                                                                                    "Node Type": "Hash",
                                                                                    "Parent Relationship": "Inner",
                                                                                    "Parallel Aware": true,
                                                                                    "Startup Cost": 45504.33,
                                                                                    "Total Cost": 45504.33,
                                                                                    "Plan Rows": 11,
                                                                                    "Plan Width": 4,
                                                                                    "Actual Startup Time": 324.953,
                                                                                    "Actual Total Time": 324.959,
                                                                                    "Actual Rows": 10460,
                                                                                    "Actual Loops": 4,
                                                                                    "Output": [
                                                                                        "mk.movie_id"
                                                                                    ],
                                                                                    "Hash Buckets": 65536,
                                                                                    "Original Hash Buckets": 1024,
                                                                                    "Hash Batches": 1,
                                                                                    "Original Hash Batches": 1,
                                                                                    "Peak Memory Usage": 2712,
                                                                                    "Workers": [
                                                                                        {
                                                                                            "Worker Number": 0,
                                                                                            "Actual Startup Time": 324.942,
                                                                                            "Actual Total Time": 324.944,
                                                                                            "Actual Rows": 8264,
                                                                                            "Actual Loops": 1
                                                                                        },
                                                                                        {
                                                                                            "Worker Number": 1,
                                                                                            "Actual Startup Time": 324.958,
                                                                                            "Actual Total Time": 324.969,
                                                                                            "Actual Rows": 9813,
                                                                                            "Actual Loops": 1
                                                                                        },
                                                                                        {
                                                                                            "Worker Number": 2,
                                                                                            "Actual Startup Time": 324.994,
                                                                                            "Actual Total Time": 324.997,
                                                                                            "Actual Rows": 11601,
                                                                                            "Actual Loops": 1
                                                                                        }
                                                                                    ],
                                                                                    "Plans": [
                                                                                        {
                                                                                            "Node Type": "Hash Join",
                                                                                            "Parent Relationship": "Outer",
                                                                                            "Parallel Aware": false,
                                                                                            "Join Type": "Inner",
                                                                                            "Startup Cost": 2626.14,
                                                                                            "Total Cost": 45504.33,
                                                                                            "Plan Rows": 11,
                                                                                            "Plan Width": 4,
                                                                                            "Actual Startup Time": 15.08,
                                                                                            "Actual Total Time": 270.409,
                                                                                            "Actual Rows": 10460,
                                                                                            "Actual Loops": 4,
                                                                                            "Output": [
                                                                                                "mk.movie_id"
                                                                                            ],
                                                                                            "Inner Unique": true,
                                                                                            "Hash Cond": "(mk.keyword_id = k.id)",
                                                                                            "Workers": [
                                                                                                {
                                                                                                    "Worker Number": 0,
                                                                                                    "Actual Startup Time": 15.14,
                                                                                                    "Actual Total Time": 254.537,
                                                                                                    "Actual Rows": 8264,
                                                                                                    "Actual Loops": 1
                                                                                                },
                                                                                                {
                                                                                                    "Worker Number": 1,
                                                                                                    "Actual Startup Time": 15.04,
                                                                                                    "Actual Total Time": 251.059,
                                                                                                    "Actual Rows": 9813,
                                                                                                    "Actual Loops": 1
                                                                                                },
                                                                                                {
                                                                                                    "Worker Number": 2,
                                                                                                    "Actual Startup Time": 15.066,
                                                                                                    "Actual Total Time": 282.857,
                                                                                                    "Actual Rows": 11601,
                                                                                                    "Actual Loops": 1
                                                                                                }
                                                                                            ],
                                                                                            "Plans": [
                                                                                                {
                                                                                                    "Node Type": "Seq Scan",
                                                                                                    "Parent Relationship": "Outer",
                                                                                                    "Parallel Aware": true,
                                                                                                    "Relation Name": "movie_keyword",
                                                                                                    "Schema": "public",
                                                                                                    "Alias": "mk",
                                                                                                    "Startup Cost": 0.0,
                                                                                                    "Total Cost": 39047.32,
                                                                                                    "Plan Rows": 1459332,
                                                                                                    "Plan Width": 8,
                                                                                                    "Actual Startup Time": 0.031,
                                                                                                    "Actual Total Time": 136.308,
                                                                                                    "Actual Rows": 1130982,
                                                                                                    "Actual Loops": 4,
                                                                                                    "Output": [
                                                                                                        "mk.id",
                                                                                                        "mk.movie_id",
                                                                                                        "mk.keyword_id"
                                                                                                    ],
                                                                                                    "Workers": [
                                                                                                        {
                                                                                                            "Worker Number": 0,
                                                                                                            "Actual Startup Time": 0.041,
                                                                                                            "Actual Total Time": 127.556,
                                                                                                            "Actual Rows": 946030,
                                                                                                            "Actual Loops": 1
                                                                                                        },
                                                                                                        {
                                                                                                            "Worker Number": 1,
                                                                                                            "Actual Startup Time": 0.032,
                                                                                                            "Actual Total Time": 125.573,
                                                                                                            "Actual Rows": 1067265,
                                                                                                            "Actual Loops": 1
                                                                                                        },
                                                                                                        {
                                                                                                            "Worker Number": 2,
                                                                                                            "Actual Startup Time": 0.043,
                                                                                                            "Actual Total Time": 142.457,
                                                                                                            "Actual Rows": 1248380,
                                                                                                            "Actual Loops": 1
                                                                                                        }
                                                                                                    ]
                                                                                                },
                                                                                                {
                                                                                                    "Node Type": "Hash",
                                                                                                    "Parent Relationship": "Inner",
                                                                                                    "Parallel Aware": false,
                                                                                                    "Startup Cost": 2626.12,
                                                                                                    "Total Cost": 2626.12,
                                                                                                    "Plan Rows": 1,
                                                                                                    "Plan Width": 4,
                                                                                                    "Actual Startup Time": 14.982,
                                                                                                    "Actual Total Time": 14.983,
                                                                                                    "Actual Rows": 1,
                                                                                                    "Actual Loops": 4,
                                                                                                    "Output": [
                                                                                                        "k.id"
                                                                                                    ],
                                                                                                    "Hash Buckets": 1024,
                                                                                                    "Original Hash Buckets": 1024,
                                                                                                    "Hash Batches": 1,
                                                                                                    "Original Hash Batches": 1,
                                                                                                    "Peak Memory Usage": 9,
                                                                                                    "Workers": [
                                                                                                        {
                                                                                                            "Worker Number": 0,
                                                                                                            "Actual Startup Time": 14.965,
                                                                                                            "Actual Total Time": 14.966,
                                                                                                            "Actual Rows": 1,
                                                                                                            "Actual Loops": 1
                                                                                                        },
                                                                                                        {
                                                                                                            "Worker Number": 1,
                                                                                                            "Actual Startup Time": 14.97,
                                                                                                            "Actual Total Time": 14.971,
                                                                                                            "Actual Rows": 1,
                                                                                                            "Actual Loops": 1
                                                                                                        },
                                                                                                        {
                                                                                                            "Worker Number": 2,
                                                                                                            "Actual Startup Time": 14.969,
                                                                                                            "Actual Total Time": 14.97,
                                                                                                            "Actual Rows": 1,
                                                                                                            "Actual Loops": 1
                                                                                                        }
                                                                                                    ],
                                                                                                    "Plans": [
                                                                                                        {
                                                                                                            "Node Type": "Seq Scan",
                                                                                                            "Parent Relationship": "Outer",
                                                                                                            "Parallel Aware": false,
                                                                                                            "Relation Name": "keyword",
                                                                                                            "Schema": "public",
                                                                                                            "Alias": "k",
                                                                                                            "Startup Cost": 0.0,
                                                                                                            "Total Cost": 2626.12,
                                                                                                            "Plan Rows": 1,
                                                                                                            "Plan Width": 4,
                                                                                                            "Actual Startup Time": 0.844,
                                                                                                            "Actual Total Time": 14.972,
                                                                                                            "Actual Rows": 1,
                                                                                                            "Actual Loops": 4,
                                                                                                            "Output": [
                                                                                                                "k.id"
                                                                                                            ],
                                                                                                            "Filter": "(k.keyword = 'character-name-in-title'::text)",
                                                                                                            "Rows Removed by Filter": 134169,
                                                                                                            "Workers": [
                                                                                                                {
                                                                                                                    "Worker Number": 0,
                                                                                                                    "Actual Startup Time": 0.854,
                                                                                                                    "Actual Total Time": 14.955,
                                                                                                                    "Actual Rows": 1,
                                                                                                                    "Actual Loops": 1
                                                                                                                },
                                                                                                                {
                                                                                                                    "Worker Number": 1,
                                                                                                                    "Actual Startup Time": 0.859,
                                                                                                                    "Actual Total Time": 14.96,
                                                                                                                    "Actual Rows": 1,
                                                                                                                    "Actual Loops": 1
                                                                                                                },
                                                                                                                {
                                                                                                                    "Worker Number": 2,
                                                                                                                    "Actual Startup Time": 0.86,
                                                                                                                    "Actual Total Time": 14.958,
                                                                                                                    "Actual Rows": 1,
                                                                                                                    "Actual Loops": 1
                                                                                                                }
                                                                                                            ]
                                                                                                        }
                                                                                                    ]
                                                                                                }
                                                                                            ]
                                                                                        }
                                                                                    ]
                                                                                }
                                                                            ]
                                                                        }
                                                                    ]
                                                                }
                                                            ]
                                                        }
                                                    ]
                                                }
                                            ]
                                        },
                                        {
                                            "Node Type": "Hash",
                                            "Parent Relationship": "Inner",
                                            "Parallel Aware": true,
                                            "Startup Cost": 4377.34,
                                            "Total Cost": 4377.34,
                                            "Plan Rows": 138234,
                                            "Plan Width": 4,
                                            "Actual Startup Time": 45.119,
                                            "Actual Total Time": 45.119,
                                            "Actual Rows": 58749,
                                            "Actual Loops": 4,
                                            "Output": [
                                                "cn.id"
                                            ],
                                            "Hash Buckets": 262144,
                                            "Original Hash Buckets": 262144,
                                            "Hash Batches": 1,
                                            "Original Hash Batches": 1,
                                            "Peak Memory Usage": 11264,
                                            "Workers": [
                                                {
                                                    "Worker Number": 0,
                                                    "Actual Startup Time": 44.227,
                                                    "Actual Total Time": 44.228,
                                                    "Actual Rows": 59657,
                                                    "Actual Loops": 1
                                                },
                                                {
                                                    "Worker Number": 1,
                                                    "Actual Startup Time": 43.968,
                                                    "Actual Total Time": 43.968,
                                                    "Actual Rows": 56438,
                                                    "Actual Loops": 1
                                                },
                                                {
                                                    "Worker Number": 2,
                                                    "Actual Startup Time": 43.95,
                                                    "Actual Total Time": 43.951,
                                                    "Actual Rows": 58049,
                                                    "Actual Loops": 1
                                                }
                                            ],
                                            "Plans": [
                                                {
                                                    "Node Type": "Seq Scan",
                                                    "Parent Relationship": "Outer",
                                                    "Parallel Aware": true,
                                                    "Relation Name": "company_name",
                                                    "Schema": "public",
                                                    "Alias": "cn",
                                                    "Startup Cost": 0.0,
                                                    "Total Cost": 4377.34,
                                                    "Plan Rows": 138234,
                                                    "Plan Width": 4,
                                                    "Actual Startup Time": 0.052,
                                                    "Actual Total Time": 17.915,
                                                    "Actual Rows": 58749,
                                                    "Actual Loops": 4,
                                                    "Output": [
                                                        "cn.id"
                                                    ],
                                                    "Workers": [
                                                        {
                                                            "Worker Number": 0,
                                                            "Actual Startup Time": 0.052,
                                                            "Actual Total Time": 17.699,
                                                            "Actual Rows": 59657,
                                                            "Actual Loops": 1
                                                        },
                                                        {
                                                            "Worker Number": 1,
                                                            "Actual Startup Time": 0.06,
                                                            "Actual Total Time": 17.454,
                                                            "Actual Rows": 56438,
                                                            "Actual Loops": 1
                                                        },
                                                        {
                                                            "Worker Number": 2,
                                                            "Actual Startup Time": 0.061,
                                                            "Actual Total Time": 17.587,
                                                            "Actual Rows": 58049,
                                                            "Actual Loops": 1
                                                        }
                                                    ]
                                                }
                                            ]
                                        }
                                    ]
                                }
                            ]
                        }
                    ]
                }
            ]
        },
        "Planning Time": 461.716,
        "Triggers": [],
        "Execution Time": 3566.224
    }
]