[
  {
    "Plan": {
      "Node Type": "Aggregate",
      "Strategy": "Plain",
      "Partial Mode": "Finalize",
      "Parallel Aware": false,
      "Startup Cost": 750896.54,
      "Total Cost": 750896.55,
      "Plan Rows": 1,
      "Plan Width": 8,
      "Actual Startup Time": 13033.432,
      "Actual Total Time": 13132.109,
      "Actual Rows": 1,
      "Actual Loops": 1,
      "Plans": [
        {
          "Node Type": "Gather",
          "Parent Relationship": "Outer",
          "Parallel Aware": false,
          "Startup Cost": 750895.91,
          "Total Cost": 750896.52,
          "Plan Rows": 6,
          "Plan Width": 8,
          "Actual Startup Time": 12937.499,
          "Actual Total Time": 13132.094,
          "Actual Rows": 7,
          "Actual Loops": 1,
          "Workers Planned": 6,
          "Workers Launched": 6,
          "Single Copy": false,
          "Plans": [
            {
              "Node Type": "Aggregate",
              "Strategy": "Plain",
              "Partial Mode": "Partial",
              "Parent Relationship": "Outer",
              "Parallel Aware": false,
              "Startup Cost": 749895.91,
              "Total Cost": 749895.92,
              "Plan Rows": 1,
              "Plan Width": 8,
              "Actual Startup Time": 12890.928,
              "Actual Total Time": 12892.546,
              "Actual Rows": 1,
              "Actual Loops": 7,
              "Plans": [
                {
                  "Node Type": "Hash Join",
                  "Parent Relationship": "Outer",
                  "Parallel Aware": true,
                  "Join Type": "Inner",
                  "Startup Cost": 278442.33,
                  "Total Cost": 685801.64,
                  "Plan Rows": 25637708,
                  "Plan Width": 0,
                  "Actual Startup Time": 1813.18,
                  "Actual Total Time": 10951.711,
                  "Actual Rows": 50204857,
                  "Actual Loops": 7,
                  "Inner Unique": false,
                  "Hash Cond": "(ci.movie_id = t.id)",
                  "Plans": [
                    {
                      "Node Type": "Seq Scan",
                      "Parent Relationship": "Outer",
                      "Parallel Aware": true,
                      "Relation Name": "cast_info",
                      "Alias": "ci",
                      "Startup Cost": 0.0,
                      "Total Cost": 328162.03,
                      "Plan Rows": 5584377,
                      "Plan Width": 4,
                      "Actual Startup Time": 26.211,
                      "Actual Total Time": 617.871,
                      "Actual Rows": 4778770,
                      "Actual Loops": 7,
                      "Filter": "(person_id > 268282)",
                      "Rows Removed by Filter": 398993
                    },
                    {
                      "Node Type": "Hash",
                      "Parent Relationship": "Inner",
                      "Parallel Aware": true,
                      "Startup Cost": 249424.04,
                      "Total Cost": 249424.04,
                      "Plan Rows": 2321463,
                      "Plan Width": 8,
                      "Actual Startup Time": 1770.261,
                      "Actual Total Time": 1771.877,
                      "Actual Rows": 1510713,
                      "Actual Loops": 7,
                      "Hash Buckets": 16777216,
                      "Original Hash Buckets": 16777216,
                      "Hash Batches": 1,
                      "Original Hash Batches": 1,
                      "Peak Memory Usage": 544864,
                      "Plans": [
                        {
                          "Node Type": "Hash Join",
                          "Parent Relationship": "Outer",
                          "Parallel Aware": true,
                          "Join Type": "Inner",
                          "Startup Cost": 50102.28,
                          "Total Cost": 249424.04,
                          "Plan Rows": 2321463,
                          "Plan Width": 8,
                          "Actual Startup Time": 200.991,
                          "Actual Total Time": 1172.627,
                          "Actual Rows": 1510713,
                          "Actual Loops": 7,
                          "Inner Unique": true,
                          "Hash Cond": "(mi.movie_id = t.id)",
                          "Plans": [
                            {
                              "Node Type": "Seq Scan",
                              "Parent Relationship": "Outer",
                              "Parallel Aware": true,
                              "Relation Name": "movie_info",
                              "Alias": "mi",
                              "Startup Cost": 0.0,
                              "Total Cost": 191560.33,
                              "Plan Rows": 2956733,
                              "Plan Width": 4,
                              "Actual Startup Time": 0.026,
                              "Actual Total Time": 265.359,
                              "Actual Rows": 2119389,
                              "Actual Loops": 7
                            },
                            {
                              "Node Type": "Hash",
                              "Parent Relationship": "Inner",
                              "Parallel Aware": true,
                              "Startup Cost": 43898.92,
                              "Total Cost": 43898.92,
                              "Plan Rows": 496269,
                              "Plan Width": 4,
                              "Actual Startup Time": 199.246,
                              "Actual Total Time": 199.247,
                              "Actual Rows": 282374,
                              "Actual Loops": 7,
                              "Hash Buckets": 2097152,
                              "Original Hash Buckets": 2097152,
                              "Hash Batches": 1,
                              "Original Hash Batches": 1,
                              "Peak Memory Usage": 93792,
                              "Plans": [
                                {
                                  "Node Type": "Seq Scan",
                                  "Parent Relationship": "Outer",
                                  "Parallel Aware": true,
                                  "Relation Name": "title",
                                  "Alias": "t",
                                  "Startup Cost": 0.0,
                                  "Total Cost": 43898.92,
                                  "Plan Rows": 496269,
                                  "Plan Width": 4,
                                  "Actual Startup Time": 0.054,
                                  "Actual Total Time": 77.743,
                                  "Actual Rows": 282374,
                                  "Actual Loops": 7,
                                  "Filter": "(production_year > 1977)",
                                  "Rows Removed by Filter": 78814
                                }
                              ]
                            }
                          ]
                        }
                      ]
                    }
                  ]
                }
              ]
            }
          ]
        }
      ]
    },
    "Planning Time": 1.129,
    "Triggers": [],
    "Execution Time": 13132.188
  }
]