[
  {
    "Plan": {
      "Node Type": "Aggregate",
      "Strategy": "Plain",
      "Partial Mode": "Finalize",
      "Parallel Aware": false,
      "Startup Cost": 528063.79,
      "Total Cost": 528063.8,
      "Plan Rows": 1,
      "Plan Width": 64,
      "Actual Startup Time": 2063.435,
      "Actual Total Time": 2172.934,
      "Actual Rows": 1,
      "Actual Loops": 1,
      "Plans": [
        {
          "Node Type": "Gather",
          "Parent Relationship": "Outer",
          "Parallel Aware": false,
          "Startup Cost": 528063.15,
          "Total Cost": 528063.76,
          "Plan Rows": 6,
          "Plan Width": 32,
          "Actual Startup Time": 2057.616,
          "Actual Total Time": 2172.919,
          "Actual Rows": 7,
          "Actual Loops": 1,
          "Workers Planned": 6,
          "Workers Launched": 6,
          "Single Copy": false,
          "Plans": [
            {
              "Node Type": "Aggregate",
              "Strategy": "Plain",
              "Partial Mode": "Partial",
              "Parent Relationship": "Outer",
              "Parallel Aware": false,
              "Startup Cost": 527063.15,
              "Total Cost": 527063.16,
              "Plan Rows": 1,
              "Plan Width": 32,
              "Actual Startup Time": 2045.729,
              "Actual Total Time": 2045.866,
              "Actual Rows": 1,
              "Actual Loops": 7,
              "Plans": [
                {
                  "Node Type": "Hash Join",
                  "Parent Relationship": "Outer",
                  "Parallel Aware": true,
                  "Join Type": "Inner",
                  "Startup Cost": 195857.12,
                  "Total Cost": 527063.1,
                  "Plan Rows": 18,
                  "Plan Width": 15,
                  "Actual Startup Time": 1058.404,
                  "Actual Total Time": 2042.723,
                  "Actual Rows": 39129,
                  "Actual Loops": 7,
                  "Inner Unique": false,
                  "Hash Cond": "(ci.movie_id = t.id)",
                  "Plans": [
                    {
                      "Node Type": "Hash Join",
                      "Parent Relationship": "Outer",
                      "Parallel Aware": true,
                      "Join Type": "Inner",
                      "Startup Cost": 69951.0,
                      "Total Cost": 398869.75,
                      "Plan Rows": 609915,
                      "Plan Width": 19,
                      "Actual Startup Time": 460.937,
                      "Actual Total Time": 1375.202,
                      "Actual Rows": 499056,
                      "Actual Loops": 7,
                      "Inner Unique": true,
                      "Hash Cond": "(ci.person_id = n.id)",
                      "Plans": [
                        {
                          "Node Type": "Seq Scan",
                          "Parent Relationship": "Outer",
                          "Parallel Aware": true,
                          "Relation Name": "cast_info",
                          "Alias": "ci",
                          "Startup Cost": 0.0,
                          "Total Cost": 313068.58,
                          "Plan Rows": 6038158,
                          "Plan Width": 8,
                          "Actual Startup Time": 0.019,
                          "Actual Total Time": 635.134,
                          "Actual Rows": 5177763,
                          "Actual Loops": 7
                        },
                        {
                          "Node Type": "Hash",
                          "Parent Relationship": "Inner",
                          "Parallel Aware": true,
                          "Startup Cost": 68635.58,
                          "Total Cost": 68635.58,
                          "Plan Rows": 105233,
                          "Plan Width": 19,
                          "Actual Startup Time": 146.128,
                          "Actual Total Time": 146.129,
                          "Actual Rows": 57895,
                          "Actual Loops": 7,
                          "Hash Buckets": 524288,
                          "Original Hash Buckets": 524288,
                          "Hash Batches": 1,
                          "Original Hash Batches": 1,
                          "Peak Memory Usage": 26272,
                          "Plans": [
                            {
                              "Node Type": "Seq Scan",
                              "Parent Relationship": "Outer",
                              "Parallel Aware": true,
                              "Relation Name": "name",
                              "Alias": "n",
                              "Startup Cost": 0.0,
                              "Total Cost": 68635.58,
                              "Plan Rows": 105233,
                              "Plan Width": 19,
                              "Actual Startup Time": 34.905,
                              "Actual Total Time": 111.709,
                              "Actual Rows": 57895,
                              "Actual Loops": 7,
                              "Filter": "(name ~~ 'S%'::text)",
                              "Rows Removed by Filter": 537461
                            }
                          ]
                        }
                      ]
                    },
                    {
                      "Node Type": "Hash",
                      "Parent Relationship": "Inner",
                      "Parallel Aware": true,
                      "Startup Cost": 125905.84,
                      "Total Cost": 125905.84,
                      "Plan Rows": 22,
                      "Plan Width": 12,
                      "Actual Startup Time": 596.394,
                      "Actual Total Time": 596.407,
                      "Actual Rows": 9759,
                      "Actual Loops": 7,
                      "Hash Buckets": 131072,
                      "Original Hash Buckets": 1024,
                      "Hash Batches": 1,
                      "Original Hash Batches": 1,
                      "Peak Memory Usage": 5368,
                      "Plans": [
                        {
                          "Node Type": "Hash Join",
                          "Parent Relationship": "Outer",
                          "Parallel Aware": true,
                          "Join Type": "Inner",
                          "Startup Cost": 95542.9,
                          "Total Cost": 125905.84,
                          "Plan Rows": 22,
                          "Plan Width": 12,
                          "Actual Startup Time": 467.898,
                          "Actual Total Time": 564.454,
                          "Actual Rows": 9759,
                          "Actual Loops": 7,
                          "Inner Unique": true,
                          "Hash Cond": "(mc.company_id = cn.id)",
                          "Plans": [
                            {
                              "Node Type": "Hash Join",
                              "Parent Relationship": "Outer",
                              "Parallel Aware": true,
                              "Join Type": "Inner",
                              "Startup Cost": 90193.27,
                              "Total Cost": 120556.05,
                              "Plan Rows": 60,
                              "Plan Width": 16,
                              "Actual Startup Time": 442.999,
                              "Actual Total Time": 533.703,
                              "Actual Rows": 21222,
                              "Actual Loops": 7,
                              "Inner Unique": false,
                              "Hash Cond": "(mc.movie_id = t.id)",
                              "Plans": [
                                {
                                  "Node Type": "Seq Scan",
                                  "Parent Relationship": "Outer",
                                  "Parallel Aware": true,
                                  "Relation Name": "movie_companies",
                                  "Alias": "mc",
                                  "Startup Cost": 0.0,
                                  "Total Cost": 27206.55,
                                  "Plan Rows": 841655,
                                  "Plan Width": 8,
                                  "Actual Startup Time": 0.015,
                                  "Actual Total Time": 43.733,
                                  "Actual Rows": 372733,
                                  "Actual Loops": 7
                                },
                                {
                                  "Node Type": "Hash",
                                  "Parent Relationship": "Inner",
                                  "Parallel Aware": true,
                                  "Startup Cost": 90193.17,
                                  "Total Cost": 90193.17,
                                  "Plan Rows": 8,
                                  "Plan Width": 8,
                                  "Actual Startup Time": 442.805,
                                  "Actual Total Time": 442.813,
                                  "Actual Rows": 5977,
                                  "Actual Loops": 7,
                                  "Hash Buckets": 65536,
                                  "Original Hash Buckets": 1024,
                                  "Hash Batches": 1,
                                  "Original Hash Batches": 1,
                                  "Peak Memory Usage": 2744,
                                  "Plans": [
                                    {
                                      "Node Type": "Hash Join",
                                      "Parent Relationship": "Outer",
                                      "Parallel Aware": true,
                                      "Join Type": "Inner",
                                      "Startup Cost": 45504.47,
                                      "Total Cost": 90193.17,
                                      "Plan Rows": 8,
                                      "Plan Width": 8,
                                      "Actual Startup Time": 217.854,
                                      "Actual Total Time": 360.695,
                                      "Actual Rows": 5977,
                                      "Actual Loops": 7,
                                      "Inner Unique": false,
                                      "Hash Cond": "(t.id = mk.movie_id)",
                                      "Plans": [
                                        {
                                          "Node Type": "Seq Scan",
                                          "Parent Relationship": "Outer",
                                          "Parallel Aware": true,
                                          "Relation Name": "title",
                                          "Alias": "t",
                                          "Startup Cost": 0.0,
                                          "Total Cost": 42318.49,
                                          "Plan Rows": 632049,
                                          "Plan Width": 4,
                                          "Actual Startup Time": 0.033,
                                          "Actual Total Time": 79.287,
                                          "Actual Rows": 361187,
                                          "Actual Loops": 7
                                        },
                                        {
                                          "Node Type": "Hash",
                                          "Parent Relationship": "Inner",
                                          "Parallel Aware": true,
                                          "Startup Cost": 45504.33,
                                          "Total Cost": 45504.33,
                                          "Plan Rows": 11,
                                          "Plan Width": 4,
                                          "Actual Startup Time": 217.605,
                                          "Actual Total Time": 217.61,
                                          "Actual Rows": 5977,
                                          "Actual Loops": 7,
                                          "Hash Buckets": 65536,
                                          "Original Hash Buckets": 1024,
                                          "Hash Batches": 1,
                                          "Original Hash Batches": 1,
                                          "Peak Memory Usage": 2744,
                                          "Plans": [
                                            {
                                              "Node Type": "Hash Join",
                                              "Parent Relationship": "Outer",
                                              "Parallel Aware": false,
                                              "Join Type": "Inner",
                                              "Startup Cost": 2626.14,
                                              "Total Cost": 45504.33,
                                              "Plan Rows": 11,
                                              "Plan Width": 4,
                                              "Actual Startup Time": 19.704,
                                              "Actual Total Time": 160.976,
                                              "Actual Rows": 5977,
                                              "Actual Loops": 7,
                                              "Inner Unique": true,
                                              "Hash Cond": "(mk.keyword_id = k.id)",
                                              "Plans": [
                                                {
                                                  "Node Type": "Seq Scan",
                                                  "Parent Relationship": "Outer",
                                                  "Parallel Aware": true,
                                                  "Relation Name": "movie_keyword",
                                                  "Alias": "mk",
                                                  "Startup Cost": 0.0,
                                                  "Total Cost": 39047.32,
                                                  "Plan Rows": 1459332,
                                                  "Plan Width": 8,
                                                  "Actual Startup Time": 0.049,
                                                  "Actual Total Time": 85.331,
                                                  "Actual Rows": 646276,
                                                  "Actual Loops": 7
                                                },
                                                {
                                                  "Node Type": "Hash",
                                                  "Parent Relationship": "Inner",
                                                  "Parallel Aware": false,
                                                  "Startup Cost": 2626.12,
                                                  "Total Cost": 2626.12,
                                                  "Plan Rows": 1,
                                                  "Plan Width": 4,
                                                  "Actual Startup Time": 19.576,
                                                  "Actual Total Time": 19.577,
                                                  "Actual Rows": 1,
                                                  "Actual Loops": 7,
                                                  "Hash Buckets": 1024,
                                                  "Original Hash Buckets": 1024,
                                                  "Hash Batches": 1,
                                                  "Original Hash Batches": 1,
                                                  "Peak Memory Usage": 9,
                                                  "Plans": [
                                                    {
                                                      "Node Type": "Seq Scan",
                                                      "Parent Relationship": "Outer",
                                                      "Parallel Aware": false,
                                                      "Relation Name": "keyword",
                                                      "Alias": "k",
                                                      "Startup Cost": 0.0,
                                                      "Total Cost": 2626.12,
                                                      "Plan Rows": 1,
                                                      "Plan Width": 4,
                                                      "Actual Startup Time": 1.282,
                                                      "Actual Total Time": 19.567,
                                                      "Actual Rows": 1,
                                                      "Actual Loops": 7,
                                                      "Filter": "(keyword = 'character-name-in-title'::text)",
                                                      "Rows Removed by Filter": 134169
                                                    }
                                                  ]
                                                }
                                              ]
                                            }
                                          ]
                                        }
                                      ]
                                    }
                                  ]
                                }
                              ]
                            },
                            {
                              "Node Type": "Hash",
                              "Parent Relationship": "Inner",
                              "Parallel Aware": true,
                              "Startup Cost": 4722.92,
                              "Total Cost": 4722.92,
                              "Plan Rows": 50137,
                              "Plan Width": 4,
                              "Actual Startup Time": 24.414,
                              "Actual Total Time": 24.415,
                              "Actual Rows": 12120,
                              "Actual Loops": 7,
                              "Hash Buckets": 131072,
                              "Original Hash Buckets": 131072,
                              "Hash Batches": 1,
                              "Original Hash Batches": 1,
                              "Peak Memory Usage": 4448,
                              "Plans": [
                                {
                                  "Node Type": "Seq Scan",
                                  "Parent Relationship": "Outer",
                                  "Parallel Aware": true,
                                  "Relation Name": "company_name",
                                  "Alias": "cn",
                                  "Startup Cost": 0.0,
                                  "Total Cost": 4722.92,
                                  "Plan Rows": 50137,
                                  "Plan Width": 4,
                                  "Actual Startup Time": 0.06,
                                  "Actual Total Time": 17.131,
                                  "Actual Rows": 12120,
                                  "Actual Loops": 7,
                                  "Filter": "((country_code)::text = '[us]'::text)",
                                  "Rows Removed by Filter": 21451
                                }
                              ]
                            }
                          ]
                        }
                      ]
                    }
                  ]
                }
              ]
            }
          ]
        }
      ]
    },
    "Planning Time": 13.468,
    "Triggers": [],
    "Execution Time": 2173.431
  }
]