[
    {
        "Bao": {
            "Bao prediction": 674.468,
            "Bao recommended hint": "(no hint)"
        }
    },
    {
        "Plan": {
            "Node Type": "Aggregate",
            "Strategy": "Plain",
            "Partial Mode": "Finalize",
            "Parallel Aware": false,
            "Startup Cost": 91025.31,
            "Total Cost": 91025.32,
            "Plan Rows": 1,
            "Plan Width": 8,
            "Actual Startup Time": 364.45,
            "Actual Total Time": 382.416,
            "Actual Rows": 1,
            "Actual Loops": 1,
            "Output": [
                "count(*)"
            ],
            "Plans": [
                {
                    "Node Type": "Gather",
                    "Parent Relationship": "Outer",
                    "Parallel Aware": false,
                    "Startup Cost": 91024.99,
                    "Total Cost": 91025.3,
                    "Plan Rows": 3,
                    "Plan Width": 8,
                    "Actual Startup Time": 363.903,
                    "Actual Total Time": 382.401,
                    "Actual Rows": 4,
                    "Actual Loops": 1,
                    "Output": [
                        "(PARTIAL count(*))"
                    ],
                    "Workers Planned": 3,
                    "Workers Launched": 3,
                    "Single Copy": false,
                    "Plans": [
                        {
                            "Node Type": "Aggregate",
                            "Strategy": "Plain",
                            "Partial Mode": "Partial",
                            "Parent Relationship": "Outer",
                            "Parallel Aware": false,
                            "Startup Cost": 90024.99,
                            "Total Cost": 90025.0,
                            "Plan Rows": 1,
                            "Plan Width": 8,
                            "Actual Startup Time": 354.671,
                            "Actual Total Time": 354.676,
                            "Actual Rows": 1,
                            "Actual Loops": 4,
                            "Output": [
                                "PARTIAL count(*)"
                            ],
                            "Workers": [
                                {
                                    "Worker Number": 0,
                                    "Actual Startup Time": 351.766,
                                    "Actual Total Time": 351.77,
                                    "Actual Rows": 1,
                                    "Actual Loops": 1
                                },
                                {
                                    "Worker Number": 1,
                                    "Actual Startup Time": 351.909,
                                    "Actual Total Time": 351.913,
                                    "Actual Rows": 1,
                                    "Actual Loops": 1
                                },
                                {
                                    "Worker Number": 2,
                                    "Actual Startup Time": 351.924,
                                    "Actual Total Time": 351.928,
                                    "Actual Rows": 1,
                                    "Actual Loops": 1
                                }
                            ],
                            "Plans": [
                                {
                                    "Node Type": "Hash Join",
                                    "Parent Relationship": "Outer",
                                    "Parallel Aware": true,
                                    "Join Type": "Inner",
                                    "Startup Cost": 45628.32,
                                    "Total Cost": 89994.95,
                                    "Plan Rows": 12014,
                                    "Plan Width": 0,
                                    "Actual Startup Time": 142.333,
                                    "Actual Total Time": 353.285,
                                    "Actual Rows": 17588,
                                    "Actual Loops": 4,
                                    "Inner Unique": true,
                                    "Hash Cond": "(mk.movie_id = t.id)",
                                    "Workers": [
                                        {
                                            "Worker Number": 0,
                                            "Actual Startup Time": 139.127,
                                            "Actual Total Time": 350.415,
                                            "Actual Rows": 16105,
                                            "Actual Loops": 1
                                        },
                                        {
                                            "Worker Number": 1,
                                            "Actual Startup Time": 139.865,
                                            "Actual Total Time": 350.501,
                                            "Actual Rows": 16707,
                                            "Actual Loops": 1
                                        },
                                        {
                                            "Worker Number": 2,
                                            "Actual Startup Time": 140.031,
                                            "Actual Total Time": 350.447,
                                            "Actual Rows": 17654,
                                            "Actual Loops": 1
                                        }
                                    ],
                                    "Plans": [
                                        {
                                            "Node Type": "Seq Scan",
                                            "Parent Relationship": "Outer",
                                            "Parallel Aware": true,
                                            "Relation Name": "movie_keyword",
                                            "Schema": "public",
                                            "Alias": "mk",
                                            "Startup Cost": 0.0,
                                            "Total Cost": 42695.65,
                                            "Plan Rows": 636564,
                                            "Plan Width": 4,
                                            "Actual Startup Time": 0.537,
                                            "Actual Total Time": 155.38,
                                            "Actual Rows": 488489,
                                            "Actual Loops": 4,
                                            "Output": [
                                                "mk.id",
                                                "mk.movie_id",
                                                "mk.keyword_id"
                                            ],
                                            "Filter": "(mk.keyword_id > 6574)",
                                            "Rows Removed by Filter": 642494,
                                            "Workers": [
                                                {
                                                    "Worker Number": 0,
                                                    "Actual Startup Time": 0.483,
                                                    "Actual Total Time": 156.834,
                                                    "Actual Rows": 472885,
                                                    "Actual Loops": 1
                                                },
                                                {
                                                    "Worker Number": 1,
                                                    "Actual Startup Time": 0.498,
                                                    "Actual Total Time": 156.394,
                                                    "Actual Rows": 473902,
                                                    "Actual Loops": 1
                                                },
                                                {
                                                    "Worker Number": 2,
                                                    "Actual Startup Time": 0.572,
                                                    "Actual Total Time": 156.219,
                                                    "Actual Rows": 471962,
                                                    "Actual Loops": 1
                                                }
                                            ]
                                        },
                                        {
                                            "Node Type": "Hash",
                                            "Parent Relationship": "Inner",
                                            "Parallel Aware": true,
                                            "Startup Cost": 45479.21,
                                            "Total Cost": 45479.21,
                                            "Plan Rows": 11929,
                                            "Plan Width": 4,
                                            "Actual Startup Time": 139.439,
                                            "Actual Total Time": 139.44,
                                            "Actual Rows": 9688,
                                            "Actual Loops": 4,
                                            "Output": [
                                                "t.id"
                                            ],
                                            "Hash Buckets": 65536,
                                            "Original Hash Buckets": 65536,
                                            "Hash Batches": 1,
                                            "Original Hash Batches": 1,
                                            "Peak Memory Usage": 2080,
                                            "Workers": [
                                                {
                                                    "Worker Number": 0,
                                                    "Actual Startup Time": 137.371,
                                                    "Actual Total Time": 137.373,
                                                    "Actual Rows": 8784,
                                                    "Actual Loops": 1
                                                },
                                                {
                                                    "Worker Number": 1,
                                                    "Actual Startup Time": 137.56,
                                                    "Actual Total Time": 137.562,
                                                    "Actual Rows": 8836,
                                                    "Actual Loops": 1
                                                },
                                                {
                                                    "Worker Number": 2,
                                                    "Actual Startup Time": 137.554,
                                                    "Actual Total Time": 137.555,
                                                    "Actual Rows": 8740,
                                                    "Actual Loops": 1
                                                }
                                            ],
                                            "Plans": [
                                                {
                                                    "Node Type": "Seq Scan",
                                                    "Parent Relationship": "Outer",
                                                    "Parallel Aware": true,
                                                    "Relation Name": "title",
                                                    "Schema": "public",
                                                    "Alias": "t",
                                                    "Startup Cost": 0.0,
                                                    "Total Cost": 45479.21,
                                                    "Plan Rows": 11929,
                                                    "Plan Width": 4,
                                                    "Actual Startup Time": 0.243,
                                                    "Actual Total Time": 132.93,
                                                    "Actual Rows": 9688,
                                                    "Actual Loops": 4,
                                                    "Output": [
                                                        "t.id"
                                                    ],
                                                    "Filter": "((t.kind_id < 7) AND (t.production_year = 2008))",
                                                    "Rows Removed by Filter": 622390,
                                                    "Workers": [
                                                        {
                                                            "Worker Number": 0,
                                                            "Actual Startup Time": 0.663,
                                                            "Actual Total Time": 131.443,
                                                            "Actual Rows": 8784,
                                                            "Actual Loops": 1
                                                        },
                                                        {
                                                            "Worker Number": 1,
                                                            "Actual Startup Time": 0.047,
                                                            "Actual Total Time": 130.809,
                                                            "Actual Rows": 8836,
                                                            "Actual Loops": 1
                                                        },
                                                        {
                                                            "Worker Number": 2,
                                                            "Actual Startup Time": 0.102,
                                                            "Actual Total Time": 131.358,
                                                            "Actual Rows": 8740,
                                                            "Actual Loops": 1
                                                        }
                                                    ]
                                                }
                                            ]
                                        }
                                    ]
                                }
                            ]
                        }
                    ]
                }
            ]
        },
        "Planning Time": 1679.328,
        "Triggers": [],
        "Execution Time": 382.557
    }
]