[
  {
    "Plan": {
      "Node Type": "Aggregate",
      "Strategy": "Plain",
      "Partial Mode": "Finalize",
      "Parallel Aware": false,
      "Startup Cost": 110582.59,
      "Total Cost": 110582.6,
      "Plan Rows": 1,
      "Plan Width": 8,
      "Actual Startup Time": 316.482,
      "Actual Total Time": 333.265,
      "Actual Rows": 1,
      "Actual Loops": 1,
      "Plans": [
        {
          "Node Type": "Gather",
          "Parent Relationship": "Outer",
          "Parallel Aware": false,
          "Startup Cost": 110582.27,
          "Total Cost": 110582.58,
          "Plan Rows": 3,
          "Plan Width": 8,
          "Actual Startup Time": 313.196,
          "Actual Total Time": 333.249,
          "Actual Rows": 4,
          "Actual Loops": 1,
          "Workers Planned": 3,
          "Workers Launched": 3,
          "Single Copy": false,
          "Plans": [
            {
              "Node Type": "Aggregate",
              "Strategy": "Plain",
              "Partial Mode": "Partial",
              "Parent Relationship": "Outer",
              "Parallel Aware": false,
              "Startup Cost": 109582.27,
              "Total Cost": 109582.28,
              "Plan Rows": 1,
              "Plan Width": 8,
              "Actual Startup Time": 306.673,
              "Actual Total Time": 306.679,
              "Actual Rows": 1,
              "Actual Loops": 4,
              "Plans": [
                {
                  "Node Type": "Nested Loop",
                  "Parent Relationship": "Outer",
                  "Parallel Aware": false,
                  "Join Type": "Inner",
                  "Startup Cost": 53305.23,
                  "Total Cost": 109496.84,
                  "Plan Rows": 34175,
                  "Plan Width": 0,
                  "Actual Startup Time": 259.874,
                  "Actual Total Time": 305.846,
                  "Actual Rows": 14582,
                  "Actual Loops": 4,
                  "Inner Unique": false,
                  "Plans": [
                    {
                      "Node Type": "Hash Join",
                      "Parent Relationship": "Outer",
                      "Parallel Aware": true,
                      "Join Type": "Inner",
                      "Startup Cost": 53304.8,
                      "Total Cost": 73622.95,
                      "Plan Rows": 19100,
                      "Plan Width": 8,
                      "Actual Startup Time": 259.718,
                      "Actual Total Time": 282.255,
                      "Actual Rows": 3904,
                      "Actual Loops": 4,
                      "Inner Unique": true,
                      "Hash Cond": "(mc.movie_id = t.id)",
                      "Plans": [
                        {
                          "Node Type": "Bitmap Heap Scan",
                          "Parent Relationship": "Outer",
                          "Parallel Aware": true,
                          "Relation Name": "movie_companies",
                          "Alias": "mc",
                          "Startup Cost": 6247.65,
                          "Total Cost": 26440.35,
                          "Plan Rows": 47792,
                          "Plan Width": 4,
                          "Actual Startup Time": 54.406,
                          "Actual Total Time": 65.218,
                          "Actual Rows": 16118,
                          "Actual Loops": 4,
                          "Recheck Cond": "(company_id < 155)",
                          "Rows Removed by Index Recheck": 0,
                          "Filter": "(company_type_id = 2)",
                          "Rows Removed by Filter": 54820,
                          "Exact Heap Blocks": 6253,
                          "Lossy Heap Blocks": 0,
                          "Plans": [
                            {
                              "Node Type": "Bitmap Index Scan",
                              "Parent Relationship": "Outer",
                              "Parallel Aware": false,
                              "Index Name": "company_id_movie_companies",
                              "Startup Cost": 0.0,
                              "Total Cost": 6210.61,
                              "Plan Rows": 289891,
                              "Plan Width": 0,
                              "Actual Startup Time": 20.833,
                              "Actual Total Time": 20.834,
                              "Actual Rows": 283753,
                              "Actual Loops": 1,
                              "Index Cond": "(company_id < 155)"
                            }
                          ]
                        },
                        {
                          "Node Type": "Hash",
                          "Parent Relationship": "Inner",
                          "Parallel Aware": true,
                          "Startup Cost": 43899.32,
                          "Total Cost": 43899.32,
                          "Plan Rows": 252626,
                          "Plan Width": 4,
                          "Actual Startup Time": 202.299,
                          "Actual Total Time": 202.3,
                          "Actual Rows": 253230,
                          "Actual Loops": 4,
                          "Hash Buckets": 1048576,
                          "Original Hash Buckets": 1048576,
                          "Hash Batches": 1,
                          "Original Hash Batches": 1,
                          "Peak Memory Usage": 47904,
                          "Plans": [
                            {
                              "Node Type": "Seq Scan",
                              "Parent Relationship": "Outer",
                              "Parallel Aware": true,
                              "Relation Name": "title",
                              "Alias": "t",
                              "Startup Cost": 0.0,
                              "Total Cost": 43899.32,
                              "Plan Rows": 252626,
                              "Plan Width": 4,
                              "Actual Startup Time": 0.03,
                              "Actual Total Time": 107.546,
                              "Actual Rows": 253230,
                              "Actual Loops": 4,
                              "Filter": "(production_year > 2005)",
                              "Rows Removed by Filter": 378848
                            }
                          ]
                        }
                      ]
                    },
                    {
                      "Node Type": "Index Only Scan",
                      "Parent Relationship": "Inner",
                      "Parallel Aware": false,
                      "Scan Direction": "Forward",
                      "Index Name": "movie_id_movie_keyword",
                      "Relation Name": "movie_keyword",
                      "Alias": "mk",
                      "Startup Cost": 0.43,
                      "Total Cost": 1.42,
                      "Plan Rows": 46,
                      "Plan Width": 4,
                      "Actual Startup Time": 0.005,
                      "Actual Total Time": 0.005,
                      "Actual Rows": 4,
                      "Actual Loops": 15616,
                      "Index Cond": "(movie_id = t.id)",
                      "Rows Removed by Index Recheck": 0,
                      "Heap Fetches": 58329
                    }
                  ]
                }
              ]
            }
          ]
        }
      ]
    },
    "Planning Time": 0.693,
    "Triggers": [],
    "Execution Time": 333.33
  }
]