[
  {
    "Plan": {
      "Node Type": "Aggregate",
      "Strategy": "Plain",
      "Partial Mode": "Finalize",
      "Parallel Aware": false,
      "Startup Cost": 25099.26,
      "Total Cost": 25099.27,
      "Plan Rows": 1,
      "Plan Width": 8,
      "Actual Startup Time": 38.653,
      "Actual Total Time": 41.309,
      "Actual Rows": 1,
      "Actual Loops": 1,
      "Plans": [
        {
          "Node Type": "Gather",
          "Parent Relationship": "Outer",
          "Parallel Aware": false,
          "Startup Cost": 25098.94,
          "Total Cost": 25099.25,
          "Plan Rows": 3,
          "Plan Width": 8,
          "Actual Startup Time": 38.497,
          "Actual Total Time": 41.302,
          "Actual Rows": 4,
          "Actual Loops": 1,
          "Workers Planned": 3,
          "Workers Launched": 3,
          "Single Copy": false,
          "Plans": [
            {
              "Node Type": "Aggregate",
              "Strategy": "Plain",
              "Partial Mode": "Partial",
              "Parent Relationship": "Outer",
              "Parallel Aware": false,
              "Startup Cost": 24098.94,
              "Total Cost": 24098.95,
              "Plan Rows": 1,
              "Plan Width": 8,
              "Actual Startup Time": 32.988,
              "Actual Total Time": 32.99,
              "Actual Rows": 1,
              "Actual Loops": 4,
              "Plans": [
                {
                  "Node Type": "Bitmap Heap Scan",
                  "Parent Relationship": "Outer",
                  "Parallel Aware": true,
                  "Relation Name": "movie_companies",
                  "Alias": "mc",
                  "Startup Cost": 4340.14,
                  "Total Cost": 23937.47,
                  "Plan Rows": 64587,
                  "Plan Width": 0,
                  "Actual Startup Time": 9.975,
                  "Actual Total Time": 29.793,
                  "Actual Rows": 49260,
                  "Actual Loops": 4,
                  "Recheck Cond": "(company_id > 114430)",
                  "Rows Removed by Index Recheck": 0,
                  "Exact Heap Blocks": 1892,
                  "Lossy Heap Blocks": 0,
                  "Plans": [
                    {
                      "Node Type": "Bitmap Index Scan",
                      "Parent Relationship": "Outer",
                      "Parallel Aware": false,
                      "Index Name": "company_id_movie_companies",
                      "Startup Cost": 0.0,
                      "Total Cost": 4290.08,
                      "Plan Rows": 200220,
                      "Plan Width": 0,
                      "Actual Startup Time": 13.981,
                      "Actual Total Time": 13.982,
                      "Actual Rows": 197038,
                      "Actual Loops": 1,
                      "Index Cond": "(company_id > 114430)"
                    }
                  ]
                }
              ]
            }
          ]
        }
      ]
    },
    "Planning Time": 0.102,
    "Triggers": [],
    "Execution Time": 41.349
  }
]