[
    {
        "Bao": {
            "Bao prediction": "NaN",
            "Bao recommended hint": "(no hint)"
        }
    },
    {
        "Plan": {
            "Node Type": "Aggregate",
            "Strategy": "Plain",
            "Partial Mode": "Finalize",
            "Parallel Aware": false,
            "Startup Cost": 37281.9,
            "Total Cost": 37281.91,
            "Plan Rows": 1,
            "Plan Width": 8,
            "Actual Startup Time": 114.024,
            "Actual Total Time": 122.729,
            "Actual Rows": 1,
            "Actual Loops": 1,
            "Output": [
                "count(*)"
            ],
            "Plans": [
                {
                    "Node Type": "Gather",
                    "Parent Relationship": "Outer",
                    "Parallel Aware": false,
                    "Startup Cost": 37281.58,
                    "Total Cost": 37281.89,
                    "Plan Rows": 3,
                    "Plan Width": 8,
                    "Actual Startup Time": 113.738,
                    "Actual Total Time": 122.721,
                    "Actual Rows": 4,
                    "Actual Loops": 1,
                    "Output": [
                        "(PARTIAL count(*))"
                    ],
                    "Workers Planned": 3,
                    "Workers Launched": 3,
                    "Single Copy": false,
                    "Plans": [
                        {
                            "Node Type": "Aggregate",
                            "Strategy": "Plain",
                            "Partial Mode": "Partial",
                            "Parent Relationship": "Outer",
                            "Parallel Aware": false,
                            "Startup Cost": 36281.58,
                            "Total Cost": 36281.59,
                            "Plan Rows": 1,
                            "Plan Width": 8,
                            "Actual Startup Time": 105.116,
                            "Actual Total Time": 105.118,
                            "Actual Rows": 1,
                            "Actual Loops": 4,
                            "Output": [
                                "PARTIAL count(*)"
                            ],
                            "Workers": [
                                {
                                    "Worker Number": 0,
                                    "Actual Startup Time": 102.238,
                                    "Actual Total Time": 102.24,
                                    "Actual Rows": 1,
                                    "Actual Loops": 1
                                },
                                {
                                    "Worker Number": 1,
                                    "Actual Startup Time": 102.26,
                                    "Actual Total Time": 102.262,
                                    "Actual Rows": 1,
                                    "Actual Loops": 1
                                },
                                {
                                    "Worker Number": 2,
                                    "Actual Startup Time": 102.478,
                                    "Actual Total Time": 102.48,
                                    "Actual Rows": 1,
                                    "Actual Loops": 1
                                }
                            ],
                            "Plans": [
                                {
                                    "Node Type": "Bitmap Heap Scan",
                                    "Parent Relationship": "Outer",
                                    "Parallel Aware": true,
                                    "Relation Name": "movie_keyword",
                                    "Schema": "public",
                                    "Alias": "mk",
                                    "Startup Cost": 9630.85,
                                    "Total Cost": 35915.46,
                                    "Plan Rows": 146448,
                                    "Plan Width": 0,
                                    "Actual Startup Time": 23.482,
                                    "Actual Total Time": 97.464,
                                    "Actual Rows": 111927,
                                    "Actual Loops": 4,
                                    "Recheck Cond": "(mk.keyword_id > 39646)",
                                    "Rows Removed by Index Recheck": 0,
                                    "Exact Heap Blocks": 11651,
                                    "Lossy Heap Blocks": 0,
                                    "Workers": [
                                        {
                                            "Worker Number": 0,
                                            "Actual Startup Time": 20.753,
                                            "Actual Total Time": 95.37,
                                            "Actual Rows": 75056,
                                            "Actual Loops": 1
                                        },
                                        {
                                            "Worker Number": 1,
                                            "Actual Startup Time": 20.667,
                                            "Actual Total Time": 95.484,
                                            "Actual Rows": 74697,
                                            "Actual Loops": 1
                                        },
                                        {
                                            "Worker Number": 2,
                                            "Actual Startup Time": 20.925,
                                            "Actual Total Time": 96.199,
                                            "Actual Rows": 69543,
                                            "Actual Loops": 1
                                        }
                                    ],
                                    "Plans": [
                                        {
                                            "Node Type": "Bitmap Index Scan",
                                            "Parent Relationship": "Outer",
                                            "Parallel Aware": false,
                                            "Index Name": "keyword_id_movie_keyword",
                                            "Startup Cost": 0.0,
                                            "Total Cost": 9517.36,
                                            "Plan Rows": 453990,
                                            "Plan Width": 0,
                                            "Actual Startup Time": 28.324,
                                            "Actual Total Time": 28.325,
                                            "Actual Rows": 447709,
                                            "Actual Loops": 1,
                                            "Index Cond": "(mk.keyword_id > 39646)"
                                        }
                                    ]
                                }
                            ]
                        }
                    ]
                }
            ]
        },
        "Planning Time": 194.196,
        "Triggers": [],
        "Execution Time": 122.783
    }
]