{
  "Plan": {
    "Node Type": "Aggregate",
    "Strategy": "Plain",
    "Partial Mode": "Finalize",
    "Parallel Aware": false,
    "Startup Cost": 239084.44,
    "Total Cost": 239084.45,
    "Plan Rows": 1,
    "Plan Width": 8,
    "Actual Startup Time": 997.532,
    "Actual Total Time": 1036.355,
    "Actual Rows": 1,
    "Actual Loops": 1,
    "Plans": [
      {
        "Node Type": "Gather",
        "Parent Relationship": "Outer",
        "Parallel Aware": false,
        "Startup Cost": 239084.32,
        "Total Cost": 239084.43,
        "Plan Rows": 1,
        "Plan Width": 8,
        "Actual Startup Time": 992.267,
        "Actual Total Time": 1036.343,
        "Actual Rows": 2,
        "Actual Loops": 1,
        "Workers Planned": 1,
        "Workers Launched": 1,
        "Single Copy": false,
        "Plans": [
          {
            "Node Type": "Aggregate",
            "Strategy": "Plain",
            "Partial Mode": "Partial",
            "Parent Relationship": "Outer",
            "Parallel Aware": false,
            "Startup Cost": 238084.32,
            "Total Cost": 238084.33,
            "Plan Rows": 1,
            "Plan Width": 8,
            "Actual Startup Time": 979.029,
            "Actual Total Time": 979.039,
            "Actual Rows": 1,
            "Actual Loops": 2,
            "Plans": [
              {
                "Node Type": "Hash Join",
                "Parent Relationship": "Outer",
                "Parallel Aware": true,
                "Join Type": "Inner",
                "Startup Cost": 217396.65,
                "Total Cost": 238074.93,
                "Plan Rows": 3758,
                "Plan Width": 0,
                "Actual Startup Time": 975.992,
                "Actual Total Time": 978.771,
                "Actual Rows": 2786,
                "Actual Loops": 2,
                "Inner Unique": false,
                "Hash Cond": "(ci.movie_id = t.id)",
                "Plans": [
                  {
                    "Node Type": "Bitmap Heap Scan",
                    "Parent Relationship": "Outer",
                    "Parallel Aware": true,
                    "Relation Name": "cast_info",
                    "Alias": "ci",
                    "Startup Cost": 73236.75,
                    "Total Cost": 93875.65,
                    "Plan Rows": 3455,
                    "Plan Width": 4,
                    "Actual Startup Time": 132.914,
                    "Actual Total Time": 133.345,
                    "Actual Rows": 1876,
                    "Actual Loops": 2,
                    "Recheck Cond": "((person_id < 6366) AND (role_id = 3))",
                    "Rows Removed by Index Recheck": 0,
                    "Exact Heap Blocks": 9,
                    "Lossy Heap Blocks": 0,
                    "Plans": [
                      {
                        "Node Type": "BitmapAnd",
                        "Parent Relationship": "Outer",
                        "Parallel Aware": false,
                        "Startup Cost": 73236.75,
                        "Total Cost": 73236.75,
                        "Plan Rows": 5874,
                        "Plan Width": 0,
                        "Actual Startup Time": 132.749,
                        "Actual Total Time": 132.752,
                        "Actual Rows": 0,
                        "Actual Loops": 1,
                        "Plans": [
                          {
                            "Node Type": "Bitmap Index Scan",
                            "Parent Relationship": "Member",
                            "Parallel Aware": false,
                            "Index Name": "person_id_cast_info",
                            "Startup Cost": 0.0,
                            "Total Cost": 1150.98,
                            "Plan Rows": 52589,
                            "Plan Width": 0,
                            "Actual Startup Time": 2.53,
                            "Actual Total Time": 2.53,
                            "Actual Rows": 51424,
                            "Actual Loops": 1,
                            "Index Cond": "(person_id < 6366)"
                          },
                          {
                            "Node Type": "Bitmap Index Scan",
                            "Parent Relationship": "Member",
                            "Parallel Aware": false,
                            "Index Name": "role_id_cast_info",
                            "Startup Cost": 0.0,
                            "Total Cost": 72082.58,
                            "Plan Rows": 4046669,
                            "Plan Width": 0,
                            "Actual Startup Time": 129.956,
                            "Actual Total Time": 129.956,
                            "Actual Rows": 4008037,
                            "Actual Loops": 1,
                            "Index Cond": "(role_id = 3)"
                          }
                        ]
                      }
                    ]
                  },
                  {
                    "Node Type": "Hash",
                    "Parent Relationship": "Inner",
                    "Parallel Aware": true,
                    "Startup Cost": 123939.71,
                    "Total Cost": 123939.71,
                    "Plan Rows": 1617615,
                    "Plan Width": 8,
                    "Actual Startup Time": 821.857,
                    "Actual Total Time": 821.862,
                    "Actual Rows": 322730,
                    "Actual Loops": 2,
                    "Hash Buckets": 4194304,
                    "Original Hash Buckets": 4194304,
                    "Hash Batches": 1,
                    "Original Hash Batches": 1,
                    "Peak Memory Usage": 58048,
                    "Plans": [
                      {
                        "Node Type": "Hash Join",
                        "Parent Relationship": "Outer",
                        "Parallel Aware": true,
                        "Join Type": "Inner",
                        "Startup Cost": 65888.86,
                        "Total Cost": 123939.71,
                        "Plan Rows": 1617615,
                        "Plan Width": 8,
                        "Actual Startup Time": 362.996,
                        "Actual Total Time": 756.897,
                        "Actual Rows": 322730,
                        "Actual Loops": 2,
                        "Inner Unique": true,
                        "Hash Cond": "(mk.movie_id = t.id)",
                        "Plans": [
                          {
                            "Node Type": "Seq Scan",
                            "Parent Relationship": "Outer",
                            "Parallel Aware": true,
                            "Relation Name": "movie_keyword",
                            "Alias": "mk",
                            "Startup Cost": 0.0,
                            "Total Cost": 51065.35,
                            "Plan Rows": 2661135,
                            "Plan Width": 4,
                            "Actual Startup Time": 0.014,
                            "Actual Total Time": 154.342,
                            "Actual Rows": 2261965,
                            "Actual Loops": 2
                          },
                          {
                            "Node Type": "Hash",
                            "Parent Relationship": "Inner",
                            "Parallel Aware": true,
                            "Startup Cost": 54588.39,
                            "Total Cost": 54588.39,
                            "Plan Rows": 904038,
                            "Plan Width": 4,
                            "Actual Startup Time": 357.057,
                            "Actual Total Time": 357.058,
                            "Actual Rows": 771632,
                            "Actual Loops": 2,
                            "Hash Buckets": 2097152,
                            "Original Hash Buckets": 2097152,
                            "Hash Batches": 1,
                            "Original Hash Batches": 1,
                            "Peak Memory Usage": 76800,
                            "Plans": [
                              {
                                "Node Type": "Seq Scan",
                                "Parent Relationship": "Outer",
                                "Parallel Aware": true,
                                "Relation Name": "title",
                                "Alias": "t",
                                "Startup Cost": 0.0,
                                "Total Cost": 54588.39,
                                "Plan Rows": 904038,
                                "Plan Width": 4,
                                "Actual Startup Time": 0.028,
                                "Actual Total Time": 155.997,
                                "Actual Rows": 771632,
                                "Actual Loops": 2,
                                "Filter": "(kind_id = 7)",
                                "Rows Removed by Filter": 492524
                              }
                            ]
                          }
                        ]
                      }
                    ]
                  }
                ]
              }
            ]
          }
        ]
      }
    ]
  },
  "Planning Time": 1.175,
  "Triggers": [],
  "Execution Time": 1036.473
}