{
    "Plan": {
        "Node Type": "Aggregate",
        "Strategy": "Plain",
        "Partial Mode": "Finalize",
        "Parallel Aware": false,
        "Startup Cost": 271663.94,
        "Total Cost": 271663.95,
        "Plan Rows": 1,
        "Plan Width": 8,
        "Actual Startup Time": 864.677,
        "Actual Total Time": 911.885,
        "Actual Rows": 1,
        "Actual Loops": 1,
        "Output": [
            "count(*)"
        ],
        "Plans": [
            {
                "Node Type": "Gather",
                "Parent Relationship": "Outer",
                "Parallel Aware": false,
                "Startup Cost": 271663.42,
                "Total Cost": 271663.93,
                "Plan Rows": 5,
                "Plan Width": 8,
                "Actual Startup Time": 860.37,
                "Actual Total Time": 911.873,
                "Actual Rows": 6,
                "Actual Loops": 1,
                "Output": [
                    "(PARTIAL count(*))"
                ],
                "Workers Planned": 5,
                "Workers Launched": 5,
                "Single Copy": false,
                "Plans": [
                    {
                        "Node Type": "Aggregate",
                        "Strategy": "Plain",
                        "Partial Mode": "Partial",
                        "Parent Relationship": "Outer",
                        "Parallel Aware": false,
                        "Startup Cost": 270663.42,
                        "Total Cost": 270663.43,
                        "Plan Rows": 1,
                        "Plan Width": 8,
                        "Actual Startup Time": 849.672,
                        "Actual Total Time": 849.746,
                        "Actual Rows": 1,
                        "Actual Loops": 6,
                        "Output": [
                            "PARTIAL count(*)"
                        ],
                        "Workers": [
                            {
                                "Worker Number": 0,
                                "Actual Startup Time": 847.089,
                                "Actual Total Time": 847.094,
                                "Actual Rows": 1,
                                "Actual Loops": 1
                            },
                            {
                                "Worker Number": 1,
                                "Actual Startup Time": 847.786,
                                "Actual Total Time": 847.792,
                                "Actual Rows": 1,
                                "Actual Loops": 1
                            },
                            {
                                "Worker Number": 2,
                                "Actual Startup Time": 847.393,
                                "Actual Total Time": 847.399,
                                "Actual Rows": 1,
                                "Actual Loops": 1
                            },
                            {
                                "Worker Number": 3,
                                "Actual Startup Time": 848.057,
                                "Actual Total Time": 848.062,
                                "Actual Rows": 1,
                                "Actual Loops": 1
                            },
                            {
                                "Worker Number": 4,
                                "Actual Startup Time": 848.313,
                                "Actual Total Time": 848.319,
                                "Actual Rows": 1,
                                "Actual Loops": 1
                            }
                        ],
                        "Plans": [
                            {
                                "Node Type": "Hash Join",
                                "Parent Relationship": "Outer",
                                "Parallel Aware": true,
                                "Join Type": "Inner",
                                "Startup Cost": 65008.77,
                                "Total Cost": 269506.49,
                                "Plan Rows": 462772,
                                "Plan Width": 0,
                                "Actual Startup Time": 220.313,
                                "Actual Total Time": 834.619,
                                "Actual Rows": 343101,
                                "Actual Loops": 6,
                                "Inner Unique": false,
                                "Hash Cond": "(mi.movie_id = t.id)",
                                "Workers": [
                                    {
                                        "Worker Number": 0,
                                        "Actual Startup Time": 217.872,
                                        "Actual Total Time": 832.948,
                                        "Actual Rows": 356229,
                                        "Actual Loops": 1
                                    },
                                    {
                                        "Worker Number": 1,
                                        "Actual Startup Time": 218.172,
                                        "Actual Total Time": 832.29,
                                        "Actual Rows": 243165,
                                        "Actual Loops": 1
                                    },
                                    {
                                        "Worker Number": 2,
                                        "Actual Startup Time": 218.176,
                                        "Actual Total Time": 832.81,
                                        "Actual Rows": 352338,
                                        "Actual Loops": 1
                                    },
                                    {
                                        "Worker Number": 3,
                                        "Actual Startup Time": 218.712,
                                        "Actual Total Time": 833.989,
                                        "Actual Rows": 354894,
                                        "Actual Loops": 1
                                    },
                                    {
                                        "Worker Number": 4,
                                        "Actual Startup Time": 219.061,
                                        "Actual Total Time": 834.114,
                                        "Actual Rows": 342600,
                                        "Actual Loops": 1
                                    }
                                ],
                                "Plans": [
                                    {
                                        "Node Type": "Seq Scan",
                                        "Parent Relationship": "Outer",
                                        "Parallel Aware": true,
                                        "Relation Name": "movie_info",
                                        "Schema": "public",
                                        "Alias": "mi",
                                        "Startup Cost": 0.0,
                                        "Total Cost": 191503.19,
                                        "Plan Rows": 2951019,
                                        "Plan Width": 4,
                                        "Actual Startup Time": 0.034,
                                        "Actual Total Time": 304.245,
                                        "Actual Rows": 2472620,
                                        "Actual Loops": 6,
                                        "Output": [
                                            "mi.id",
                                            "mi.movie_id",
                                            "mi.info_type_id",
                                            "mi.info",
                                            "mi.note"
                                        ],
                                        "Workers": [
                                            {
                                                "Worker Number": 0,
                                                "Actual Startup Time": 0.038,
                                                "Actual Total Time": 305.604,
                                                "Actual Rows": 2549585,
                                                "Actual Loops": 1
                                            },
                                            {
                                                "Worker Number": 1,
                                                "Actual Startup Time": 0.044,
                                                "Actual Total Time": 313.648,
                                                "Actual Rows": 1704769,
                                                "Actual Loops": 1
                                            },
                                            {
                                                "Worker Number": 2,
                                                "Actual Startup Time": 0.042,
                                                "Actual Total Time": 313.389,
                                                "Actual Rows": 2449686,
                                                "Actual Loops": 1
                                            },
                                            {
                                                "Worker Number": 3,
                                                "Actual Startup Time": 0.034,
                                                "Actual Total Time": 304.77,
                                                "Actual Rows": 2532550,
                                                "Actual Loops": 1
                                            },
                                            {
                                                "Worker Number": 4,
                                                "Actual Startup Time": 0.035,
                                                "Actual Total Time": 314.648,
                                                "Actual Rows": 2460977,
                                                "Actual Loops": 1
                                            }
                                        ]
                                    },
                                    {
                                        "Node Type": "Hash",
                                        "Parent Relationship": "Inner",
                                        "Parallel Aware": true,
                                        "Startup Cost": 62943.74,
                                        "Total Cost": 62943.74,
                                        "Plan Rows": 165202,
                                        "Plan Width": 8,
                                        "Actual Startup Time": 216.829,
                                        "Actual Total Time": 216.902,
                                        "Actual Rows": 37182,
                                        "Actual Loops": 6,
                                        "Output": [
                                            "t.id",
                                            "mi_idx.movie_id"
                                        ],
                                        "Hash Buckets": 524288,
                                        "Original Hash Buckets": 524288,
                                        "Hash Batches": 1,
                                        "Original Hash Batches": 1,
                                        "Peak Memory Usage": 12928,
                                        "Workers": [
                                            {
                                                "Worker Number": 0,
                                                "Actual Startup Time": 216.362,
                                                "Actual Total Time": 216.365,
                                                "Actual Rows": 41075,
                                                "Actual Loops": 1
                                            },
                                            {
                                                "Worker Number": 1,
                                                "Actual Startup Time": 216.708,
                                                "Actual Total Time": 216.713,
                                                "Actual Rows": 26451,
                                                "Actual Loops": 1
                                            },
                                            {
                                                "Worker Number": 2,
                                                "Actual Startup Time": 216.81,
                                                "Actual Total Time": 216.815,
                                                "Actual Rows": 37451,
                                                "Actual Loops": 1
                                            },
                                            {
                                                "Worker Number": 3,
                                                "Actual Startup Time": 217.306,
                                                "Actual Total Time": 217.309,
                                                "Actual Rows": 40607,
                                                "Actual Loops": 1
                                            },
                                            {
                                                "Worker Number": 4,
                                                "Actual Startup Time": 217.526,
                                                "Actual Total Time": 217.53,
                                                "Actual Rows": 37782,
                                                "Actual Loops": 1
                                            }
                                        ],
                                        "Plans": [
                                            {
                                                "Node Type": "Hash Join",
                                                "Parent Relationship": "Outer",
                                                "Parallel Aware": true,
                                                "Join Type": "Inner",
                                                "Startup Cost": 47749.18,
                                                "Total Cost": 62943.74,
                                                "Plan Rows": 165202,
                                                "Plan Width": 8,
                                                "Actual Startup Time": 140.922,
                                                "Actual Total Time": 202.952,
                                                "Actual Rows": 37182,
                                                "Actual Loops": 6,
                                                "Output": [
                                                    "t.id",
                                                    "mi_idx.movie_id"
                                                ],
                                                "Inner Unique": true,
                                                "Hash Cond": "(mi_idx.movie_id = t.id)",
                                                "Workers": [
                                                    {
                                                        "Worker Number": 0,
                                                        "Actual Startup Time": 140.827,
                                                        "Actual Total Time": 202.504,
                                                        "Actual Rows": 41075,
                                                        "Actual Loops": 1
                                                    },
                                                    {
                                                        "Worker Number": 1,
                                                        "Actual Startup Time": 140.761,
                                                        "Actual Total Time": 203.181,
                                                        "Actual Rows": 26451,
                                                        "Actual Loops": 1
                                                    },
                                                    {
                                                        "Worker Number": 2,
                                                        "Actual Startup Time": 141.246,
                                                        "Actual Total Time": 202.934,
                                                        "Actual Rows": 37451,
                                                        "Actual Loops": 1
                                                    },
                                                    {
                                                        "Worker Number": 3,
                                                        "Actual Startup Time": 140.672,
                                                        "Actual Total Time": 202.503,
                                                        "Actual Rows": 40607,
                                                        "Actual Loops": 1
                                                    },
                                                    {
                                                        "Worker Number": 4,
                                                        "Actual Startup Time": 141.039,
                                                        "Actual Total Time": 203.065,
                                                        "Actual Rows": 37782,
                                                        "Actual Loops": 1
                                                    }
                                                ],
                                                "Plans": [
                                                    {
                                                        "Node Type": "Seq Scan",
                                                        "Parent Relationship": "Outer",
                                                        "Parallel Aware": true,
                                                        "Relation Name": "movie_info_idx",
                                                        "Schema": "public",
                                                        "Alias": "mi_idx",
                                                        "Startup Cost": 0.0,
                                                        "Total Cost": 13685.15,
                                                        "Plan Rows": 575015,
                                                        "Plan Width": 4,
                                                        "Actual Startup Time": 0.016,
                                                        "Actual Total Time": 21.767,
                                                        "Actual Rows": 230006,
                                                        "Actual Loops": 6,
                                                        "Output": [
                                                            "mi_idx.id",
                                                            "mi_idx.movie_id",
                                                            "mi_idx.info_type_id",
                                                            "mi_idx.info",
                                                            "mi_idx.note"
                                                        ],
                                                        "Workers": [
                                                            {
                                                                "Worker Number": 0,
                                                                "Actual Startup Time": 0.016,
                                                                "Actual Total Time": 21.625,
                                                                "Actual Rows": 248893,
                                                                "Actual Loops": 1
                                                            },
                                                            {
                                                                "Worker Number": 1,
                                                                "Actual Startup Time": 0.016,
                                                                "Actual Total Time": 23.504,
                                                                "Actual Rows": 169218,
                                                                "Actual Loops": 1
                                                            },
                                                            {
                                                                "Worker Number": 2,
                                                                "Actual Startup Time": 0.023,
                                                                "Actual Total Time": 22.295,
                                                                "Actual Rows": 228193,
                                                                "Actual Loops": 1
                                                            },
                                                            {
                                                                "Worker Number": 3,
                                                                "Actual Startup Time": 0.012,
                                                                "Actual Total Time": 21.626,
                                                                "Actual Rows": 248635,
                                                                "Actual Loops": 1
                                                            },
                                                            {
                                                                "Worker Number": 4,
                                                                "Actual Startup Time": 0.014,
                                                                "Actual Total Time": 22.124,
                                                                "Actual Rows": 227497,
                                                                "Actual Loops": 1
                                                            }
                                                        ]
                                                    },
                                                    {
                                                        "Node Type": "Hash",
                                                        "Parent Relationship": "Inner",
                                                        "Parallel Aware": true,
                                                        "Startup Cost": 45479.21,
                                                        "Total Cost": 45479.21,
                                                        "Plan Rows": 181598,
                                                        "Plan Width": 4,
                                                        "Actual Startup Time": 138.519,
                                                        "Actual Total Time": 138.521,
                                                        "Actual Rows": 106405,
                                                        "Actual Loops": 6,
                                                        "Output": [
                                                            "t.id"
                                                        ],
                                                        "Hash Buckets": 1048576,
                                                        "Original Hash Buckets": 1048576,
                                                        "Hash Batches": 1,
                                                        "Original Hash Batches": 1,
                                                        "Peak Memory Usage": 33248,
                                                        "Workers": [
                                                            {
                                                                "Worker Number": 0,
                                                                "Actual Startup Time": 140.633,
                                                                "Actual Total Time": 140.633,
                                                                "Actual Rows": 106027,
                                                                "Actual Loops": 1
                                                            },
                                                            {
                                                                "Worker Number": 1,
                                                                "Actual Startup Time": 140.483,
                                                                "Actual Total Time": 140.484,
                                                                "Actual Rows": 78682,
                                                                "Actual Loops": 1
                                                            },
                                                            {
                                                                "Worker Number": 2,
                                                                "Actual Startup Time": 140.591,
                                                                "Actual Total Time": 140.592,
                                                                "Actual Rows": 96215,
                                                                "Actual Loops": 1
                                                            },
                                                            {
                                                                "Worker Number": 3,
                                                                "Actual Startup Time": 140.448,
                                                                "Actual Total Time": 140.449,
                                                                "Actual Rows": 103043,
                                                                "Actual Loops": 1
                                                            },
                                                            {
                                                                "Worker Number": 4,
                                                                "Actual Startup Time": 140.572,
                                                                "Actual Total Time": 140.573,
                                                                "Actual Rows": 96082,
                                                                "Actual Loops": 1
                                                            }
                                                        ],
                                                        "Plans": [
                                                            {
                                                                "Node Type": "Seq Scan",
                                                                "Parent Relationship": "Outer",
                                                                "Parallel Aware": true,
                                                                "Relation Name": "title",
                                                                "Schema": "public",
                                                                "Alias": "t",
                                                                "Startup Cost": 0.0,
                                                                "Total Cost": 45479.21,
                                                                "Plan Rows": 181598,
                                                                "Plan Width": 4,
                                                                "Actual Startup Time": 0.09,
                                                                "Actual Total Time": 83.122,
                                                                "Actual Rows": 106405,
                                                                "Actual Loops": 6,
                                                                "Output": [
                                                                    "t.id"
                                                                ],
                                                                "Filter": "((t.production_year < 2003) AND (t.kind_id = 7))",
                                                                "Rows Removed by Filter": 314980,
                                                                "Workers": [
                                                                    {
                                                                        "Worker Number": 0,
                                                                        "Actual Startup Time": 0.116,
                                                                        "Actual Total Time": 82.898,
                                                                        "Actual Rows": 106027,
                                                                        "Actual Loops": 1
                                                                    },
                                                                    {
                                                                        "Worker Number": 1,
                                                                        "Actual Startup Time": 0.122,
                                                                        "Actual Total Time": 86.302,
                                                                        "Actual Rows": 78682,
                                                                        "Actual Loops": 1
                                                                    },
                                                                    {
                                                                        "Worker Number": 2,
                                                                        "Actual Startup Time": 0.074,
                                                                        "Actual Total Time": 84.554,
                                                                        "Actual Rows": 96215,
                                                                        "Actual Loops": 1
                                                                    },
                                                                    {
                                                                        "Worker Number": 3,
                                                                        "Actual Startup Time": 0.108,
                                                                        "Actual Total Time": 82.831,
                                                                        "Actual Rows": 103043,
                                                                        "Actual Loops": 1
                                                                    },
                                                                    {
                                                                        "Worker Number": 4,
                                                                        "Actual Startup Time": 0.105,
                                                                        "Actual Total Time": 84.743,
                                                                        "Actual Rows": 96082,
                                                                        "Actual Loops": 1
                                                                    }
                                                                ]
                                                            }
                                                        ]
                                                    }
                                                ]
                                            }
                                        ]
                                    }
                                ]
                            }
                        ]
                    }
                ]
            }
        ]
    },
    "Planning Time": 1.551,
    "Triggers": [],
    "Execution Time": 911.993
}