[
    {
        "Bao": {
            "Bao prediction": "NaN",
            "Bao recommended hint": "(no hint)"
        }
    },
    {
        "Plan": {
            "Node Type": "Aggregate",
            "Strategy": "Plain",
            "Partial Mode": "Finalize",
            "Parallel Aware": false,
            "Startup Cost": 41854.99,
            "Total Cost": 41855.0,
            "Plan Rows": 1,
            "Plan Width": 8,
            "Actual Startup Time": 125.452,
            "Actual Total Time": 134.58,
            "Actual Rows": 1,
            "Actual Loops": 1,
            "Output": [
                "count(*)"
            ],
            "Plans": [
                {
                    "Node Type": "Gather",
                    "Parent Relationship": "Outer",
                    "Parallel Aware": false,
                    "Startup Cost": 41854.67,
                    "Total Cost": 41854.98,
                    "Plan Rows": 3,
                    "Plan Width": 8,
                    "Actual Startup Time": 125.184,
                    "Actual Total Time": 134.571,
                    "Actual Rows": 4,
                    "Actual Loops": 1,
                    "Output": [
                        "(PARTIAL count(*))"
                    ],
                    "Workers Planned": 3,
                    "Workers Launched": 3,
                    "Single Copy": false,
                    "Plans": [
                        {
                            "Node Type": "Aggregate",
                            "Strategy": "Plain",
                            "Partial Mode": "Partial",
                            "Parent Relationship": "Outer",
                            "Parallel Aware": false,
                            "Startup Cost": 40854.67,
                            "Total Cost": 40854.68,
                            "Plan Rows": 1,
                            "Plan Width": 8,
                            "Actual Startup Time": 116.433,
                            "Actual Total Time": 116.435,
                            "Actual Rows": 1,
                            "Actual Loops": 4,
                            "Output": [
                                "PARTIAL count(*)"
                            ],
                            "Workers": [
                                {
                                    "Worker Number": 0,
                                    "Actual Startup Time": 113.552,
                                    "Actual Total Time": 113.554,
                                    "Actual Rows": 1,
                                    "Actual Loops": 1
                                },
                                {
                                    "Worker Number": 1,
                                    "Actual Startup Time": 113.57,
                                    "Actual Total Time": 113.572,
                                    "Actual Rows": 1,
                                    "Actual Loops": 1
                                },
                                {
                                    "Worker Number": 2,
                                    "Actual Startup Time": 114.031,
                                    "Actual Total Time": 114.033,
                                    "Actual Rows": 1,
                                    "Actual Loops": 1
                                }
                            ],
                            "Plans": [
                                {
                                    "Node Type": "Bitmap Heap Scan",
                                    "Parent Relationship": "Outer",
                                    "Parallel Aware": true,
                                    "Relation Name": "movie_keyword",
                                    "Schema": "public",
                                    "Alias": "mk",
                                    "Startup Cost": 13354.84,
                                    "Total Cost": 40347.03,
                                    "Plan Rows": 203055,
                                    "Plan Width": 0,
                                    "Actual Startup Time": 28.952,
                                    "Actual Total Time": 107.031,
                                    "Actual Rows": 157387,
                                    "Actual Loops": 4,
                                    "Recheck Cond": "(mk.keyword_id < 491)",
                                    "Rows Removed by Index Recheck": 0,
                                    "Exact Heap Blocks": 11380,
                                    "Lossy Heap Blocks": 0,
                                    "Workers": [
                                        {
                                            "Worker Number": 0,
                                            "Actual Startup Time": 26.124,
                                            "Actual Total Time": 104.697,
                                            "Actual Rows": 103318,
                                            "Actual Loops": 1
                                        },
                                        {
                                            "Worker Number": 1,
                                            "Actual Startup Time": 26.282,
                                            "Actual Total Time": 104.875,
                                            "Actual Rows": 102996,
                                            "Actual Loops": 1
                                        },
                                        {
                                            "Worker Number": 2,
                                            "Actual Startup Time": 26.641,
                                            "Actual Total Time": 105.876,
                                            "Actual Rows": 131261,
                                            "Actual Loops": 1
                                        }
                                    ],
                                    "Plans": [
                                        {
                                            "Node Type": "Bitmap Index Scan",
                                            "Parent Relationship": "Outer",
                                            "Parallel Aware": false,
                                            "Index Name": "keyword_id_movie_keyword",
                                            "Startup Cost": 0.0,
                                            "Total Cost": 13197.47,
                                            "Plan Rows": 629472,
                                            "Plan Width": 0,
                                            "Actual Startup Time": 33.251,
                                            "Actual Total Time": 33.252,
                                            "Actual Rows": 629547,
                                            "Actual Loops": 1,
                                            "Index Cond": "(mk.keyword_id < 491)"
                                        }
                                    ]
                                }
                            ]
                        }
                    ]
                }
            ]
        },
        "Planning Time": 190.786,
        "Triggers": [],
        "Execution Time": 134.689
    }
]