[
    {
        "Bao": {
            "Bao prediction": "NaN",
            "Bao recommended hint": "(no hint)"
        }
    },
    {
        "Plan": {
            "Node Type": "Aggregate",
            "Strategy": "Plain",
            "Partial Mode": "Finalize",
            "Parallel Aware": false,
            "Startup Cost": 614839.79,
            "Total Cost": 614839.8,
            "Plan Rows": 1,
            "Plan Width": 8,
            "Actual Startup Time": 1903.267,
            "Actual Total Time": 1953.84,
            "Actual Rows": 1,
            "Actual Loops": 1,
            "Output": [
                "count(*)"
            ],
            "Plans": [
                {
                    "Node Type": "Gather",
                    "Parent Relationship": "Outer",
                    "Parallel Aware": false,
                    "Startup Cost": 614839.17,
                    "Total Cost": 614839.78,
                    "Plan Rows": 6,
                    "Plan Width": 8,
                    "Actual Startup Time": 1887.135,
                    "Actual Total Time": 1953.828,
                    "Actual Rows": 7,
                    "Actual Loops": 1,
                    "Output": [
                        "(PARTIAL count(*))"
                    ],
                    "Workers Planned": 6,
                    "Workers Launched": 6,
                    "Single Copy": false,
                    "Plans": [
                        {
                            "Node Type": "Aggregate",
                            "Strategy": "Plain",
                            "Partial Mode": "Partial",
                            "Parent Relationship": "Outer",
                            "Parallel Aware": false,
                            "Startup Cost": 613839.17,
                            "Total Cost": 613839.18,
                            "Plan Rows": 1,
                            "Plan Width": 8,
                            "Actual Startup Time": 1876.959,
                            "Actual Total Time": 1877.332,
                            "Actual Rows": 1,
                            "Actual Loops": 7,
                            "Output": [
                                "PARTIAL count(*)"
                            ],
                            "Workers": [
                                {
                                    "Worker Number": 0,
                                    "Actual Startup Time": 1874.339,
                                    "Actual Total Time": 1874.343,
                                    "Actual Rows": 1,
                                    "Actual Loops": 1
                                },
                                {
                                    "Worker Number": 1,
                                    "Actual Startup Time": 1874.352,
                                    "Actual Total Time": 1874.356,
                                    "Actual Rows": 1,
                                    "Actual Loops": 1
                                },
                                {
                                    "Worker Number": 2,
                                    "Actual Startup Time": 1876.822,
                                    "Actual Total Time": 1876.826,
                                    "Actual Rows": 1,
                                    "Actual Loops": 1
                                },
                                {
                                    "Worker Number": 3,
                                    "Actual Startup Time": 1875.012,
                                    "Actual Total Time": 1875.018,
                                    "Actual Rows": 1,
                                    "Actual Loops": 1
                                },
                                {
                                    "Worker Number": 4,
                                    "Actual Startup Time": 1875.561,
                                    "Actual Total Time": 1875.566,
                                    "Actual Rows": 1,
                                    "Actual Loops": 1
                                },
                                {
                                    "Worker Number": 5,
                                    "Actual Startup Time": 1875.905,
                                    "Actual Total Time": 1875.91,
                                    "Actual Rows": 1,
                                    "Actual Loops": 1
                                }
                            ],
                            "Plans": [
                                {
                                    "Node Type": "Hash Join",
                                    "Parent Relationship": "Outer",
                                    "Parallel Aware": true,
                                    "Join Type": "Inner",
                                    "Startup Cost": 255317.78,
                                    "Total Cost": 609682.75,
                                    "Plan Rows": 1662565,
                                    "Plan Width": 0,
                                    "Actual Startup Time": 994.169,
                                    "Actual Total Time": 1822.294,
                                    "Actual Rows": 983802,
                                    "Actual Loops": 7,
                                    "Inner Unique": false,
                                    "Hash Cond": "(ci.movie_id = t.id)",
                                    "Workers": [
                                        {
                                            "Worker Number": 0,
                                            "Actual Startup Time": 991.802,
                                            "Actual Total Time": 1818.519,
                                            "Actual Rows": 894623,
                                            "Actual Loops": 1
                                        },
                                        {
                                            "Worker Number": 1,
                                            "Actual Startup Time": 991.843,
                                            "Actual Total Time": 1817.983,
                                            "Actual Rows": 885970,
                                            "Actual Loops": 1
                                        },
                                        {
                                            "Worker Number": 2,
                                            "Actual Startup Time": 992.462,
                                            "Actual Total Time": 1820.455,
                                            "Actual Rows": 859007,
                                            "Actual Loops": 1
                                        },
                                        {
                                            "Worker Number": 3,
                                            "Actual Startup Time": 992.479,
                                            "Actual Total Time": 1818.441,
                                            "Actual Rows": 849399,
                                            "Actual Loops": 1
                                        },
                                        {
                                            "Worker Number": 4,
                                            "Actual Startup Time": 993.017,
                                            "Actual Total Time": 1825.806,
                                            "Actual Rows": 1202767,
                                            "Actual Loops": 1
                                        },
                                        {
                                            "Worker Number": 5,
                                            "Actual Startup Time": 993.375,
                                            "Actual Total Time": 1818.529,
                                            "Actual Rows": 865130,
                                            "Actual Loops": 1
                                        }
                                    ],
                                    "Plans": [
                                        {
                                            "Node Type": "Seq Scan",
                                            "Parent Relationship": "Outer",
                                            "Parallel Aware": true,
                                            "Relation Name": "cast_info",
                                            "Schema": "public",
                                            "Alias": "ci",
                                            "Startup Cost": 0.0,
                                            "Total Cost": 343318.94,
                                            "Plan Rows": 2058908,
                                            "Plan Width": 4,
                                            "Actual Startup Time": 240.794,
                                            "Actual Total Time": 693.644,
                                            "Actual Rows": 900398,
                                            "Actual Loops": 7,
                                            "Output": [
                                                "ci.id",
                                                "ci.person_id",
                                                "ci.movie_id",
                                                "ci.person_role_id",
                                                "ci.note",
                                                "ci.nr_order",
                                                "ci.role_id"
                                            ],
                                            "Filter": "((ci.person_id < 1893198) AND (ci.role_id > 1))",
                                            "Rows Removed by Filter": 4277365,
                                            "Workers": [
                                                {
                                                    "Worker Number": 0,
                                                    "Actual Startup Time": 240.789,
                                                    "Actual Total Time": 692.793,
                                                    "Actual Rows": 793161,
                                                    "Actual Loops": 1
                                                },
                                                {
                                                    "Worker Number": 1,
                                                    "Actual Startup Time": 240.743,
                                                    "Actual Total Time": 692.468,
                                                    "Actual Rows": 784909,
                                                    "Actual Loops": 1
                                                },
                                                {
                                                    "Worker Number": 2,
                                                    "Actual Startup Time": 240.817,
                                                    "Actual Total Time": 712.573,
                                                    "Actual Rows": 804122,
                                                    "Actual Loops": 1
                                                },
                                                {
                                                    "Worker Number": 3,
                                                    "Actual Startup Time": 240.798,
                                                    "Actual Total Time": 695.372,
                                                    "Actual Rows": 761651,
                                                    "Actual Loops": 1
                                                },
                                                {
                                                    "Worker Number": 4,
                                                    "Actual Startup Time": 240.806,
                                                    "Actual Total Time": 689.985,
                                                    "Actual Rows": 1123364,
                                                    "Actual Loops": 1
                                                },
                                                {
                                                    "Worker Number": 5,
                                                    "Actual Startup Time": 240.81,
                                                    "Actual Total Time": 708.876,
                                                    "Actual Rows": 786660,
                                                    "Actual Loops": 1
                                                }
                                            ]
                                        },
                                        {
                                            "Node Type": "Hash",
                                            "Parent Relationship": "Inner",
                                            "Parallel Aware": true,
                                            "Startup Cost": 250213.74,
                                            "Total Cost": 250213.74,
                                            "Plan Rows": 408323,
                                            "Plan Width": 8,
                                            "Actual Startup Time": 750.323,
                                            "Actual Total Time": 750.694,
                                            "Actual Rows": 194410,
                                            "Actual Loops": 7,
                                            "Output": [
                                                "t.id",
                                                "mi.movie_id"
                                            ],
                                            "Hash Buckets": 2097152,
                                            "Original Hash Buckets": 2097152,
                                            "Hash Batches": 1,
                                            "Original Hash Batches": 1,
                                            "Peak Memory Usage": 69760,
                                            "Workers": [
                                                {
                                                    "Worker Number": 0,
                                                    "Actual Startup Time": 750.145,
                                                    "Actual Total Time": 750.148,
                                                    "Actual Rows": 159682,
                                                    "Actual Loops": 1
                                                },
                                                {
                                                    "Worker Number": 1,
                                                    "Actual Startup Time": 750.022,
                                                    "Actual Total Time": 750.026,
                                                    "Actual Rows": 158216,
                                                    "Actual Loops": 1
                                                },
                                                {
                                                    "Worker Number": 2,
                                                    "Actual Startup Time": 750.831,
                                                    "Actual Total Time": 750.834,
                                                    "Actual Rows": 167312,
                                                    "Actual Loops": 1
                                                },
                                                {
                                                    "Worker Number": 3,
                                                    "Actual Startup Time": 750.919,
                                                    "Actual Total Time": 750.923,
                                                    "Actual Rows": 159248,
                                                    "Actual Loops": 1
                                                },
                                                {
                                                    "Worker Number": 4,
                                                    "Actual Startup Time": 751.485,
                                                    "Actual Total Time": 751.489,
                                                    "Actual Rows": 229884,
                                                    "Actual Loops": 1
                                                },
                                                {
                                                    "Worker Number": 5,
                                                    "Actual Startup Time": 751.806,
                                                    "Actual Total Time": 751.809,
                                                    "Actual Rows": 230125,
                                                    "Actual Loops": 1
                                                }
                                            ],
                                            "Plans": [
                                                {
                                                    "Node Type": "Hash Join",
                                                    "Parent Relationship": "Outer",
                                                    "Parallel Aware": true,
                                                    "Join Type": "Inner",
                                                    "Startup Cost": 48092.96,
                                                    "Total Cost": 250213.74,
                                                    "Plan Rows": 408323,
                                                    "Plan Width": 8,
                                                    "Actual Startup Time": 161.133,
                                                    "Actual Total Time": 670.215,
                                                    "Actual Rows": 194410,
                                                    "Actual Loops": 7,
                                                    "Output": [
                                                        "t.id",
                                                        "mi.movie_id"
                                                    ],
                                                    "Inner Unique": true,
                                                    "Hash Cond": "(mi.movie_id = t.id)",
                                                    "Workers": [
                                                        {
                                                            "Worker Number": 0,
                                                            "Actual Startup Time": 161.048,
                                                            "Actual Total Time": 670.753,
                                                            "Actual Rows": 159682,
                                                            "Actual Loops": 1
                                                        },
                                                        {
                                                            "Worker Number": 1,
                                                            "Actual Startup Time": 161.16,
                                                            "Actual Total Time": 671.706,
                                                            "Actual Rows": 158216,
                                                            "Actual Loops": 1
                                                        },
                                                        {
                                                            "Worker Number": 2,
                                                            "Actual Startup Time": 161.094,
                                                            "Actual Total Time": 667.386,
                                                            "Actual Rows": 167312,
                                                            "Actual Loops": 1
                                                        },
                                                        {
                                                            "Worker Number": 3,
                                                            "Actual Startup Time": 161.071,
                                                            "Actual Total Time": 670.518,
                                                            "Actual Rows": 159248,
                                                            "Actual Loops": 1
                                                        },
                                                        {
                                                            "Worker Number": 4,
                                                            "Actual Startup Time": 161.156,
                                                            "Actual Total Time": 670.29,
                                                            "Actual Rows": 229884,
                                                            "Actual Loops": 1
                                                        },
                                                        {
                                                            "Worker Number": 5,
                                                            "Actual Startup Time": 161.105,
                                                            "Actual Total Time": 670.454,
                                                            "Actual Rows": 230125,
                                                            "Actual Loops": 1
                                                        }
                                                    ],
                                                    "Plans": [
                                                        {
                                                            "Node Type": "Seq Scan",
                                                            "Parent Relationship": "Outer",
                                                            "Parallel Aware": true,
                                                            "Relation Name": "movie_info",
                                                            "Schema": "public",
                                                            "Alias": "mi",
                                                            "Startup Cost": 0.0,
                                                            "Total Cost": 198880.74,
                                                            "Plan Rows": 1234303,
                                                            "Plan Width": 4,
                                                            "Actual Startup Time": 15.428,
                                                            "Actual Total Time": 316.046,
                                                            "Actual Rows": 889071,
                                                            "Actual Loops": 7,
                                                            "Output": [
                                                                "mi.id",
                                                                "mi.movie_id",
                                                                "mi.info_type_id",
                                                                "mi.info",
                                                                "mi.note"
                                                            ],
                                                            "Filter": "(mi.info_type_id > 8)",
                                                            "Rows Removed by Filter": 1230318,
                                                            "Workers": [
                                                                {
                                                                    "Worker Number": 0,
                                                                    "Actual Startup Time": 15.395,
                                                                    "Actual Total Time": 322.923,
                                                                    "Actual Rows": 699093,
                                                                    "Actual Loops": 1
                                                                },
                                                                {
                                                                    "Worker Number": 1,
                                                                    "Actual Startup Time": 15.365,
                                                                    "Actual Total Time": 323.084,
                                                                    "Actual Rows": 696161,
                                                                    "Actual Loops": 1
                                                                },
                                                                {
                                                                    "Worker Number": 2,
                                                                    "Actual Startup Time": 15.443,
                                                                    "Actual Total Time": 328.654,
                                                                    "Actual Rows": 733276,
                                                                    "Actual Loops": 1
                                                                },
                                                                {
                                                                    "Worker Number": 3,
                                                                    "Actual Startup Time": 15.535,
                                                                    "Actual Total Time": 323.013,
                                                                    "Actual Rows": 693149,
                                                                    "Actual Loops": 1
                                                                },
                                                                {
                                                                    "Worker Number": 4,
                                                                    "Actual Startup Time": 15.426,
                                                                    "Actual Total Time": 315.713,
                                                                    "Actual Rows": 1043440,
                                                                    "Actual Loops": 1
                                                                },
                                                                {
                                                                    "Worker Number": 5,
                                                                    "Actual Startup Time": 15.42,
                                                                    "Actual Total Time": 315.529,
                                                                    "Actual Rows": 1051456,
                                                                    "Actual Loops": 1
                                                                }
                                                            ]
                                                        },
                                                        {
                                                            "Node Type": "Hash",
                                                            "Parent Relationship": "Inner",
                                                            "Parallel Aware": true,
                                                            "Startup Cost": 45479.21,
                                                            "Total Cost": 45479.21,
                                                            "Plan Rows": 209100,
                                                            "Plan Width": 4,
                                                            "Actual Startup Time": 144.695,
                                                            "Actual Total Time": 144.696,
                                                            "Actual Rows": 131663,
                                                            "Actual Loops": 7,
                                                            "Output": [
                                                                "t.id"
                                                            ],
                                                            "Hash Buckets": 1048576,
                                                            "Original Hash Buckets": 1048576,
                                                            "Hash Batches": 1,
                                                            "Original Hash Batches": 1,
                                                            "Peak Memory Usage": 44320,
                                                            "Workers": [
                                                                {
                                                                    "Worker Number": 0,
                                                                    "Actual Startup Time": 145.377,
                                                                    "Actual Total Time": 145.379,
                                                                    "Actual Rows": 102553,
                                                                    "Actual Loops": 1
                                                                },
                                                                {
                                                                    "Worker Number": 1,
                                                                    "Actual Startup Time": 145.522,
                                                                    "Actual Total Time": 145.524,
                                                                    "Actual Rows": 102342,
                                                                    "Actual Loops": 1
                                                                },
                                                                {
                                                                    "Worker Number": 2,
                                                                    "Actual Startup Time": 145.355,
                                                                    "Actual Total Time": 145.356,
                                                                    "Actual Rows": 107899,
                                                                    "Actual Loops": 1
                                                                },
                                                                {
                                                                    "Worker Number": 3,
                                                                    "Actual Startup Time": 145.449,
                                                                    "Actual Total Time": 145.451,
                                                                    "Actual Rows": 100536,
                                                                    "Actual Loops": 1
                                                                },
                                                                {
                                                                    "Worker Number": 4,
                                                                    "Actual Startup Time": 145.47,
                                                                    "Actual Total Time": 145.472,
                                                                    "Actual Rows": 137056,
                                                                    "Actual Loops": 1
                                                                },
                                                                {
                                                                    "Worker Number": 5,
                                                                    "Actual Startup Time": 145.427,
                                                                    "Actual Total Time": 145.429,
                                                                    "Actual Rows": 139776,
                                                                    "Actual Loops": 1
                                                                }
                                                            ],
                                                            "Plans": [
                                                                {
                                                                    "Node Type": "Seq Scan",
                                                                    "Parent Relationship": "Outer",
                                                                    "Parallel Aware": true,
                                                                    "Relation Name": "title",
                                                                    "Schema": "public",
                                                                    "Alias": "t",
                                                                    "Startup Cost": 0.0,
                                                                    "Total Cost": 45479.21,
                                                                    "Plan Rows": 209100,
                                                                    "Plan Width": 4,
                                                                    "Actual Startup Time": 0.062,
                                                                    "Actual Total Time": 82.243,
                                                                    "Actual Rows": 131663,
                                                                    "Actual Loops": 7,
                                                                    "Output": [
                                                                        "t.id"
                                                                    ],
                                                                    "Filter": "((t.production_year > 2000) AND (t.kind_id = 7))",
                                                                    "Rows Removed by Filter": 229524,
                                                                    "Workers": [
                                                                        {
                                                                            "Worker Number": 0,
                                                                            "Actual Startup Time": 0.078,
                                                                            "Actual Total Time": 83.941,
                                                                            "Actual Rows": 102553,
                                                                            "Actual Loops": 1
                                                                        },
                                                                        {
                                                                            "Worker Number": 1,
                                                                            "Actual Startup Time": 0.068,
                                                                            "Actual Total Time": 83.733,
                                                                            "Actual Rows": 102342,
                                                                            "Actual Loops": 1
                                                                        },
                                                                        {
                                                                            "Worker Number": 2,
                                                                            "Actual Startup Time": 0.055,
                                                                            "Actual Total Time": 85.228,
                                                                            "Actual Rows": 107899,
                                                                            "Actual Loops": 1
                                                                        },
                                                                        {
                                                                            "Worker Number": 3,
                                                                            "Actual Startup Time": 0.075,
                                                                            "Actual Total Time": 83.478,
                                                                            "Actual Rows": 100536,
                                                                            "Actual Loops": 1
                                                                        },
                                                                        {
                                                                            "Worker Number": 4,
                                                                            "Actual Startup Time": 0.053,
                                                                            "Actual Total Time": 82.587,
                                                                            "Actual Rows": 137056,
                                                                            "Actual Loops": 1
                                                                        },
                                                                        {
                                                                            "Worker Number": 5,
                                                                            "Actual Startup Time": 0.092,
                                                                            "Actual Total Time": 83.279,
                                                                            "Actual Rows": 139776,
                                                                            "Actual Loops": 1
                                                                        }
                                                                    ]
                                                                }
                                                            ]
                                                        }
                                                    ]
                                                }
                                            ]
                                        }
                                    ]
                                }
                            ]
                        }
                    ]
                }
            ]
        },
        "Planning Time": 193.579,
        "Triggers": [],
        "Execution Time": 1953.911
    }
]