[
  {
    "Plan": {
      "Node Type": "Aggregate",
      "Strategy": "Plain",
      "Partial Mode": "Finalize",
      "Parallel Aware": false,
      "Startup Cost": 45735.16,
      "Total Cost": 45735.17,
      "Plan Rows": 1,
      "Plan Width": 8,
      "Actual Startup Time": 169.884,
      "Actual Total Time": 178.086,
      "Actual Rows": 1,
      "Actual Loops": 1,
      "Plans": [
        {
          "Node Type": "Gather",
          "Parent Relationship": "Outer",
          "Parallel Aware": false,
          "Startup Cost": 45734.84,
          "Total Cost": 45735.15,
          "Plan Rows": 3,
          "Plan Width": 8,
          "Actual Startup Time": 169.583,
          "Actual Total Time": 178.077,
          "Actual Rows": 4,
          "Actual Loops": 1,
          "Workers Planned": 3,
          "Workers Launched": 3,
          "Single Copy": false,
          "Plans": [
            {
              "Node Type": "Aggregate",
              "Strategy": "Plain",
              "Partial Mode": "Partial",
              "Parent Relationship": "Outer",
              "Parallel Aware": false,
              "Startup Cost": 44734.84,
              "Total Cost": 44734.85,
              "Plan Rows": 1,
              "Plan Width": 8,
              "Actual Startup Time": 163.665,
              "Actual Total Time": 163.666,
              "Actual Rows": 1,
              "Actual Loops": 4,
              "Plans": [
                {
                  "Node Type": "Seq Scan",
                  "Parent Relationship": "Outer",
                  "Parallel Aware": true,
                  "Relation Name": "movie_keyword",
                  "Alias": "mk",
                  "Startup Cost": 0.0,
                  "Total Cost": 42695.65,
                  "Plan Rows": 815676,
                  "Plan Width": 0,
                  "Actual Startup Time": 0.046,
                  "Actual Total Time": 129.599,
                  "Actual Rows": 633022,
                  "Actual Loops": 4,
                  "Filter": "(keyword_id < 6298)",
                  "Rows Removed by Filter": 497960
                }
              ]
            }
          ]
        }
      ]
    },
    "Planning Time": 0.218,
    "Triggers": [],
    "Execution Time": 178.139
  }
]