[
  {
    "Plan": {
      "Node Type": "Aggregate",
      "Strategy": "Plain",
      "Partial Mode": "Finalize",
      "Parallel Aware": false,
      "Startup Cost": 82518.17,
      "Total Cost": 82518.18,
      "Plan Rows": 1,
      "Plan Width": 8,
      "Actual Startup Time": 389.982,
      "Actual Total Time": 404.064,
      "Actual Rows": 1,
      "Actual Loops": 1,
      "Plans": [
        {
          "Node Type": "Gather",
          "Parent Relationship": "Outer",
          "Parallel Aware": false,
          "Startup Cost": 82517.85,
          "Total Cost": 82518.16,
          "Plan Rows": 3,
          "Plan Width": 8,
          "Actual Startup Time": 382.714,
          "Actual Total Time": 404.052,
          "Actual Rows": 4,
          "Actual Loops": 1,
          "Workers Planned": 3,
          "Workers Launched": 3,
          "Single Copy": false,
          "Plans": [
            {
              "Node Type": "Aggregate",
              "Strategy": "Plain",
              "Partial Mode": "Partial",
              "Parent Relationship": "Outer",
              "Parallel Aware": false,
              "Startup Cost": 81517.85,
              "Total Cost": 81517.86,
              "Plan Rows": 1,
              "Plan Width": 8,
              "Actual Startup Time": 370.617,
              "Actual Total Time": 370.62,
              "Actual Rows": 1,
              "Actual Loops": 4,
              "Plans": [
                {
                  "Node Type": "Hash Join",
                  "Parent Relationship": "Outer",
                  "Parallel Aware": true,
                  "Join Type": "Inner",
                  "Startup Cost": 48701.62,
                  "Total Cost": 81004.01,
                  "Plan Rows": 205536,
                  "Plan Width": 0,
                  "Actual Startup Time": 248.27,
                  "Actual Total Time": 369.543,
                  "Actual Rows": 23963,
                  "Actual Loops": 4,
                  "Inner Unique": true,
                  "Hash Cond": "(mc.movie_id = t.id)",
                  "Plans": [
                    {
                      "Node Type": "Seq Scan",
                      "Parent Relationship": "Outer",
                      "Parallel Aware": true,
                      "Relation Name": "movie_companies",
                      "Alias": "mc",
                      "Startup Cost": 0.0,
                      "Total Cost": 31414.82,
                      "Plan Rows": 338126,
                      "Plan Width": 4,
                      "Actual Startup Time": 0.091,
                      "Actual Total Time": 66.797,
                      "Actual Rows": 230374,
                      "Actual Loops": 4,
                      "Filter": "((company_id > 420) AND (company_type_id < 2))",
                      "Rows Removed by Filter": 421909
                    },
                    {
                      "Node Type": "Hash",
                      "Parent Relationship": "Inner",
                      "Parallel Aware": true,
                      "Startup Cost": 43898.92,
                      "Total Cost": 43898.92,
                      "Plan Rows": 384216,
                      "Plan Width": 4,
                      "Actual Startup Time": 240.369,
                      "Actual Total Time": 240.37,
                      "Actual Rows": 385816,
                      "Actual Loops": 4,
                      "Hash Buckets": 2097152,
                      "Original Hash Buckets": 2097152,
                      "Hash Batches": 1,
                      "Original Hash Batches": 1,
                      "Peak Memory Usage": 76832,
                      "Plans": [
                        {
                          "Node Type": "Seq Scan",
                          "Parent Relationship": "Outer",
                          "Parallel Aware": true,
                          "Relation Name": "title",
                          "Alias": "t",
                          "Startup Cost": 0.0,
                          "Total Cost": 43898.92,
                          "Plan Rows": 384216,
                          "Plan Width": 4,
                          "Actual Startup Time": 0.04,
                          "Actual Total Time": 103.371,
                          "Actual Rows": 385816,
                          "Actual Loops": 4,
                          "Filter": "(kind_id = 7)",
                          "Rows Removed by Filter": 246262
                        }
                      ]
                    }
                  ]
                }
              ]
            }
          ]
        }
      ]
    },
    "Planning Time": 0.689,
    "Triggers": [],
    "Execution Time": 404.132
  }
]