[
  {
    "Plan": {
      "Node Type": "Aggregate",
      "Strategy": "Plain",
      "Partial Mode": "Finalize",
      "Parallel Aware": false,
      "Startup Cost": 80591.67,
      "Total Cost": 80591.68,
      "Plan Rows": 1,
      "Plan Width": 8,
      "Actual Startup Time": 209.623,
      "Actual Total Time": 234.657,
      "Actual Rows": 1,
      "Actual Loops": 1,
      "Plans": [
        {
          "Node Type": "Gather",
          "Parent Relationship": "Outer",
          "Parallel Aware": false,
          "Startup Cost": 80591.25,
          "Total Cost": 80591.66,
          "Plan Rows": 4,
          "Plan Width": 8,
          "Actual Startup Time": 209.34,
          "Actual Total Time": 234.646,
          "Actual Rows": 5,
          "Actual Loops": 1,
          "Workers Planned": 4,
          "Workers Launched": 4,
          "Single Copy": false,
          "Plans": [
            {
              "Node Type": "Aggregate",
              "Strategy": "Plain",
              "Partial Mode": "Partial",
              "Parent Relationship": "Outer",
              "Parallel Aware": false,
              "Startup Cost": 79591.25,
              "Total Cost": 79591.26,
              "Plan Rows": 1,
              "Plan Width": 8,
              "Actual Startup Time": 205.487,
              "Actual Total Time": 205.489,
              "Actual Rows": 1,
              "Actual Loops": 5,
              "Plans": [
                {
                  "Node Type": "Nested Loop",
                  "Parent Relationship": "Outer",
                  "Parallel Aware": false,
                  "Join Type": "Inner",
                  "Startup Cost": 0.86,
                  "Total Cost": 79538.91,
                  "Plan Rows": 20934,
                  "Plan Width": 0,
                  "Actual Startup Time": 49.259,
                  "Actual Total Time": 194.732,
                  "Actual Rows": 244331,
                  "Actual Loops": 5,
                  "Inner Unique": false,
                  "Join Filter": "(t.id = mi.movie_id)",
                  "Rows Removed by Join Filter": 0,
                  "Plans": [
                    {
                      "Node Type": "Nested Loop",
                      "Parent Relationship": "Outer",
                      "Parallel Aware": false,
                      "Join Type": "Inner",
                      "Startup Cost": 0.43,
                      "Total Cost": 72421.62,
                      "Plan Rows": 3565,
                      "Plan Width": 8,
                      "Actual Startup Time": 49.159,
                      "Actual Total Time": 86.491,
                      "Actual Rows": 3477,
                      "Actual Loops": 5,
                      "Inner Unique": false,
                      "Plans": [
                        {
                          "Node Type": "Seq Scan",
                          "Parent Relationship": "Outer",
                          "Parallel Aware": true,
                          "Relation Name": "title",
                          "Alias": "t",
                          "Startup Cost": 0.0,
                          "Total Cost": 45479.59,
                          "Plan Rows": 3455,
                          "Plan Width": 4,
                          "Actual Startup Time": 47.013,
                          "Actual Total Time": 70.716,
                          "Actual Rows": 1516,
                          "Actual Loops": 5,
                          "Filter": "((kind_id = 1) AND (production_year = 1999))",
                          "Rows Removed by Filter": 504147
                        },
                        {
                          "Node Type": "Index Only Scan",
                          "Parent Relationship": "Inner",
                          "Parallel Aware": false,
                          "Scan Direction": "Forward",
                          "Index Name": "movie_id_movie_companies",
                          "Relation Name": "movie_companies",
                          "Alias": "mc",
                          "Startup Cost": 0.43,
                          "Total Cost": 7.75,
                          "Plan Rows": 5,
                          "Plan Width": 4,
                          "Actual Startup Time": 0.008,
                          "Actual Total Time": 0.01,
                          "Actual Rows": 2,
                          "Actual Loops": 7578,
                          "Index Cond": "(movie_id = t.id)",
                          "Rows Removed by Index Recheck": 0,
                          "Heap Fetches": 17385
                        }
                      ]
                    },
                    {
                      "Node Type": "Index Only Scan",
                      "Parent Relationship": "Inner",
                      "Parallel Aware": false,
                      "Scan Direction": "Forward",
                      "Index Name": "movie_id_movie_info",
                      "Relation Name": "movie_info",
                      "Alias": "mi",
                      "Startup Cost": 0.43,
                      "Total Cost": 1.48,
                      "Plan Rows": 41,
                      "Plan Width": 4,
                      "Actual Startup Time": 0.006,
                      "Actual Total Time": 0.025,
                      "Actual Rows": 70,
                      "Actual Loops": 17385,
                      "Index Cond": "(movie_id = mc.movie_id)",
                      "Rows Removed by Index Recheck": 0,
                      "Heap Fetches": 1221654
                    }
                  ]
                }
              ]
            }
          ]
        }
      ]
    },
    "Planning Time": 0.541,
    "Triggers": [],
    "Execution Time": 234.716
  }
]