[
  {
    "Plan": {
      "Node Type": "Aggregate",
      "Strategy": "Plain",
      "Partial Mode": "Finalize",
      "Parallel Aware": false,
      "Startup Cost": 156487.38,
      "Total Cost": 156487.39,
      "Plan Rows": 1,
      "Plan Width": 8,
      "Actual Startup Time": 582.333,
      "Actual Total Time": 606.821,
      "Actual Rows": 1,
      "Actual Loops": 1,
      "Plans": [
        {
          "Node Type": "Gather",
          "Parent Relationship": "Outer",
          "Parallel Aware": false,
          "Startup Cost": 156486.86,
          "Total Cost": 156487.37,
          "Plan Rows": 5,
          "Plan Width": 8,
          "Actual Startup Time": 573.677,
          "Actual Total Time": 606.813,
          "Actual Rows": 6,
          "Actual Loops": 1,
          "Workers Planned": 5,
          "Workers Launched": 5,
          "Single Copy": false,
          "Plans": [
            {
              "Node Type": "Aggregate",
              "Strategy": "Plain",
              "Partial Mode": "Partial",
              "Parent Relationship": "Outer",
              "Parallel Aware": false,
              "Startup Cost": 155486.86,
              "Total Cost": 155486.87,
              "Plan Rows": 1,
              "Plan Width": 8,
              "Actual Startup Time": 561.86,
              "Actual Total Time": 561.863,
              "Actual Rows": 1,
              "Actual Loops": 6,
              "Plans": [
                {
                  "Node Type": "Hash Join",
                  "Parent Relationship": "Outer",
                  "Parallel Aware": true,
                  "Join Type": "Inner",
                  "Startup Cost": 47367.77,
                  "Total Cost": 154624.76,
                  "Plan Rows": 344842,
                  "Plan Width": 0,
                  "Actual Startup Time": 180.616,
                  "Actual Total Time": 544.243,
                  "Actual Rows": 389574,
                  "Actual Loops": 6,
                  "Inner Unique": true,
                  "Hash Cond": "(ci.movie_id = t.id)",
                  "Plans": [
                    {
                      "Node Type": "Index Scan",
                      "Parent Relationship": "Outer",
                      "Parallel Aware": true,
                      "Scan Direction": "Forward",
                      "Index Name": "role_id_cast_info",
                      "Relation Name": "cast_info",
                      "Alias": "ci",
                      "Startup Cost": 0.56,
                      "Total Cost": 105195.1,
                      "Plan Rows": 785695,
                      "Plan Width": 4,
                      "Actual Startup Time": 0.312,
                      "Actual Total Time": 131.486,
                      "Actual Rows": 668006,
                      "Actual Loops": 6,
                      "Index Cond": "(role_id = 3)",
                      "Rows Removed by Index Recheck": 0
                    },
                    {
                      "Node Type": "Hash",
                      "Parent Relationship": "Inner",
                      "Parallel Aware": true,
                      "Startup Cost": 43899.32,
                      "Total Cost": 43899.32,
                      "Plan Rows": 277431,
                      "Plan Width": 4,
                      "Actual Startup Time": 176.083,
                      "Actual Total Time": 176.084,
                      "Actual Rows": 184654,
                      "Actual Loops": 6,
                      "Hash Buckets": 2097152,
                      "Original Hash Buckets": 2097152,
                      "Hash Batches": 1,
                      "Original Hash Batches": 1,
                      "Peak Memory Usage": 59840,
                      "Plans": [
                        {
                          "Node Type": "Seq Scan",
                          "Parent Relationship": "Outer",
                          "Parallel Aware": true,
                          "Relation Name": "title",
                          "Alias": "t",
                          "Startup Cost": 0.0,
                          "Total Cost": 43899.32,
                          "Plan Rows": 277431,
                          "Plan Width": 4,
                          "Actual Startup Time": 0.044,
                          "Actual Total Time": 86.92,
                          "Actual Rows": 184654,
                          "Actual Loops": 6,
                          "Filter": "(production_year > 2004)",
                          "Rows Removed by Filter": 236731
                        }
                      ]
                    }
                  ]
                }
              ]
            }
          ]
        }
      ]
    },
    "Planning Time": 0.289,
    "Triggers": [],
    "Execution Time": 606.869
  }
]