[
  {
    "Plan": {
      "Node Type": "Aggregate",
      "Strategy": "Plain",
      "Partial Mode": "Finalize",
      "Parallel Aware": false,
      "Startup Cost": 80463.28,
      "Total Cost": 80463.29,
      "Plan Rows": 1,
      "Plan Width": 8,
      "Actual Startup Time": 312.029,
      "Actual Total Time": 327.775,
      "Actual Rows": 1,
      "Actual Loops": 1,
      "Plans": [
        {
          "Node Type": "Gather",
          "Parent Relationship": "Outer",
          "Parallel Aware": false,
          "Startup Cost": 80462.96,
          "Total Cost": 80463.27,
          "Plan Rows": 3,
          "Plan Width": 8,
          "Actual Startup Time": 310.194,
          "Actual Total Time": 327.766,
          "Actual Rows": 4,
          "Actual Loops": 1,
          "Workers Planned": 3,
          "Workers Launched": 3,
          "Single Copy": false,
          "Plans": [
            {
              "Node Type": "Aggregate",
              "Strategy": "Plain",
              "Partial Mode": "Partial",
              "Parent Relationship": "Outer",
              "Parallel Aware": false,
              "Startup Cost": 79462.96,
              "Total Cost": 79462.97,
              "Plan Rows": 1,
              "Plan Width": 8,
              "Actual Startup Time": 304.287,
              "Actual Total Time": 304.292,
              "Actual Rows": 1,
              "Actual Loops": 4,
              "Plans": [
                {
                  "Node Type": "Hash Join",
                  "Parent Relationship": "Outer",
                  "Parallel Aware": true,
                  "Join Type": "Inner",
                  "Startup Cost": 46969.01,
                  "Total Cost": 79298.71,
                  "Plan Rows": 65699,
                  "Plan Width": 0,
                  "Actual Startup Time": 194.706,
                  "Actual Total Time": 302.997,
                  "Actual Rows": 24947,
                  "Actual Loops": 4,
                  "Inner Unique": true,
                  "Hash Cond": "(mc.movie_id = t.id)",
                  "Plans": [
                    {
                      "Node Type": "Seq Scan",
                      "Parent Relationship": "Outer",
                      "Parallel Aware": true,
                      "Relation Name": "movie_companies",
                      "Alias": "mc",
                      "Startup Cost": 0.0,
                      "Total Cost": 31414.82,
                      "Plan Rows": 348528,
                      "Plan Width": 4,
                      "Actual Startup Time": 34.84,
                      "Actual Total Time": 78.503,
                      "Actual Rows": 300788,
                      "Actual Loops": 4,
                      "Filter": "((company_id > 425) AND (company_type_id = 2))",
                      "Rows Removed by Filter": 351494
                    },
                    {
                      "Node Type": "Hash",
                      "Parent Relationship": "Inner",
                      "Parallel Aware": true,
                      "Startup Cost": 45479.59,
                      "Total Cost": 45479.59,
                      "Plan Rows": 119154,
                      "Plan Width": 4,
                      "Actual Startup Time": 157.269,
                      "Actual Total Time": 157.27,
                      "Actual Rows": 129582,
                      "Actual Loops": 4,
                      "Hash Buckets": 524288,
                      "Original Hash Buckets": 524288,
                      "Hash Batches": 1,
                      "Original Hash Batches": 1,
                      "Peak Memory Usage": 24448,
                      "Plans": [
                        {
                          "Node Type": "Seq Scan",
                          "Parent Relationship": "Outer",
                          "Parallel Aware": true,
                          "Relation Name": "title",
                          "Alias": "t",
                          "Startup Cost": 0.0,
                          "Total Cost": 45479.59,
                          "Plan Rows": 119154,
                          "Plan Width": 4,
                          "Actual Startup Time": 0.038,
                          "Actual Total Time": 107.615,
                          "Actual Rows": 129582,
                          "Actual Loops": 4,
                          "Filter": "((production_year > 2007) AND (kind_id = 7))",
                          "Rows Removed by Filter": 502496
                        }
                      ]
                    }
                  ]
                }
              ]
            }
          ]
        }
      ]
    },
    "Planning Time": 0.534,
    "Triggers": [],
    "Execution Time": 327.822
  }
]