{
    "Plan": {
        "Node Type": "Aggregate",
        "Strategy": "Plain",
        "Partial Mode": "Simple",
        "Parallel Aware": false,
        "Startup Cost": 90001107733.61,
        "Total Cost": 90001107733.62,
        "Plan Rows": 1,
        "Plan Width": 8,
        "Actual Startup Time": 5883.477,
        "Actual Total Time": 5883.962,
        "Actual Rows": 1,
        "Actual Loops": 1,
        "Output": [
            "count(*)"
        ],
        "Plans": [
            {
                "Node Type": "Hash Join",
                "Parent Relationship": "Outer",
                "Parallel Aware": false,
                "Join Type": "Inner",
                "Startup Cost": 90001107731.18,
                "Total Cost": 90001107733.61,
                "Plan Rows": 1,
                "Plan Width": 0,
                "Actual Startup Time": 5883.457,
                "Actual Total Time": 5883.952,
                "Actual Rows": 15,
                "Actual Loops": 1,
                "Inner Unique": false,
                "Hash Cond": "(it.id = mi.info_type_id)",
                "Plans": [
                    {
                        "Node Type": "Seq Scan",
                        "Parent Relationship": "Outer",
                        "Parallel Aware": false,
                        "Relation Name": "info_type",
                        "Schema": "public",
                        "Alias": "it",
                        "Startup Cost": 10000000000.0,
                        "Total Cost": 10000000002.41,
                        "Plan Rows": 1,
                        "Plan Width": 4,
                        "Actual Startup Time": 0.016,
                        "Actual Total Time": 0.027,
                        "Actual Rows": 1,
                        "Actual Loops": 1,
                        "Output": [
                            "it.id",
                            "it.info"
                        ],
                        "Filter": "((it.info)::text = 'release dates'::text)",
                        "Rows Removed by Filter": 112
                    },
                    {
                        "Node Type": "Hash",
                        "Parent Relationship": "Inner",
                        "Parallel Aware": false,
                        "Startup Cost": 80001107731.17,
                        "Total Cost": 80001107731.17,
                        "Plan Rows": 1,
                        "Plan Width": 4,
                        "Actual Startup Time": 5883.433,
                        "Actual Total Time": 5883.914,
                        "Actual Rows": 15,
                        "Actual Loops": 1,
                        "Output": [
                            "mi.info_type_id"
                        ],
                        "Hash Buckets": 1024,
                        "Original Hash Buckets": 1024,
                        "Hash Batches": 1,
                        "Original Hash Batches": 1,
                        "Peak Memory Usage": 9,
                        "Plans": [
                            {
                                "Node Type": "Hash Join",
                                "Parent Relationship": "Outer",
                                "Parallel Aware": false,
                                "Join Type": "Inner",
                                "Startup Cost": 80000977593.63,
                                "Total Cost": 80001107731.17,
                                "Plan Rows": 1,
                                "Plan Width": 4,
                                "Actual Startup Time": 5746.898,
                                "Actual Total Time": 5883.908,
                                "Actual Rows": 15,
                                "Actual Loops": 1,
                                "Output": [
                                    "mi.info_type_id"
                                ],
                                "Inner Unique": false,
                                "Hash Cond": "(ci.role_id = rt.id)",
                                "Plans": [
                                    {
                                        "Node Type": "Merge Join",
                                        "Parent Relationship": "Outer",
                                        "Parallel Aware": false,
                                        "Join Type": "Inner",
                                        "Startup Cost": 70000977592.47,
                                        "Total Cost": 70001107729.99,
                                        "Plan Rows": 1,
                                        "Plan Width": 8,
                                        "Actual Startup Time": 5746.861,
                                        "Actual Total Time": 5883.866,
                                        "Actual Rows": 15,
                                        "Actual Loops": 1,
                                        "Output": [
                                            "ci.role_id",
                                            "mi.info_type_id"
                                        ],
                                        "Inner Unique": false,
                                        "Merge Cond": "(t.id = mc.movie_id)",
                                        "Plans": [
                                            {
                                                "Node Type": "Nested Loop",
                                                "Parent Relationship": "Outer",
                                                "Parallel Aware": false,
                                                "Join Type": "Inner",
                                                "Startup Cost": 30000370536.75,
                                                "Total Cost": 30000500674.26,
                                                "Plan Rows": 1,
                                                "Plan Width": 16,
                                                "Actual Startup Time": 2476.907,
                                                "Actual Total Time": 2613.436,
                                                "Actual Rows": 1,
                                                "Actual Loops": 1,
                                                "Output": [
                                                    "cc.movie_id",
                                                    "mi.movie_id",
                                                    "mi.info_type_id",
                                                    "t.id"
                                                ],
                                                "Inner Unique": true,
                                                "Plans": [
                                                    {
                                                        "Node Type": "Nested Loop",
                                                        "Parent Relationship": "Outer",
                                                        "Parallel Aware": false,
                                                        "Join Type": "Inner",
                                                        "Startup Cost": 30000370536.62,
                                                        "Total Cost": 30000500674.09,
                                                        "Plan Rows": 1,
                                                        "Plan Width": 20,
                                                        "Actual Startup Time": 2476.9,
                                                        "Actual Total Time": 2613.428,
                                                        "Actual Rows": 1,
                                                        "Actual Loops": 1,
                                                        "Output": [
                                                            "cc.movie_id",
                                                            "cc.status_id",
                                                            "mi.movie_id",
                                                            "mi.info_type_id",
                                                            "t.id"
                                                        ],
                                                        "Inner Unique": true,
                                                        "Plans": [
                                                            {
                                                                "Node Type": "Merge Join",
                                                                "Parent Relationship": "Outer",
                                                                "Parallel Aware": false,
                                                                "Join Type": "Inner",
                                                                "Startup Cost": 20000370536.48,
                                                                "Total Cost": 20000500665.92,
                                                                "Plan Rows": 1,
                                                                "Plan Width": 24,
                                                                "Actual Startup Time": 2476.859,
                                                                "Actual Total Time": 2613.383,
                                                                "Actual Rows": 1,
                                                                "Actual Loops": 1,
                                                                "Output": [
                                                                    "cc.movie_id",
                                                                    "cc.subject_id",
                                                                    "cc.status_id",
                                                                    "mi.movie_id",
                                                                    "mi.info_type_id",
                                                                    "t.id"
                                                                ],
                                                                "Inner Unique": true,
                                                                "Merge Cond": "(mi.movie_id = t.id)",
                                                                "Plans": [
                                                                    {
                                                                        "Node Type": "Sort",
                                                                        "Parent Relationship": "Outer",
                                                                        "Parallel Aware": false,
                                                                        "Startup Cost": 10000370535.97,
                                                                        "Total Cost": 10000370948.68,
                                                                        "Plan Rows": 165081,
                                                                        "Plan Width": 20,
                                                                        "Actual Startup Time": 1551.189,
                                                                        "Actual Total Time": 1551.756,
                                                                        "Actual Rows": 16843,
                                                                        "Actual Loops": 1,
                                                                        "Output": [
                                                                            "cc.movie_id",
                                                                            "cc.subject_id",
                                                                            "cc.status_id",
                                                                            "mi.movie_id",
                                                                            "mi.info_type_id"
                                                                        ],
                                                                        "Sort Key": [
                                                                            "cc.movie_id"
                                                                        ],
                                                                        "Sort Method": "quicksort",
                                                                        "Sort Space Used": 2413,
                                                                        "Sort Space Type": "Memory",
                                                                        "Plans": [
                                                                            {
                                                                                "Node Type": "Hash Join",
                                                                                "Parent Relationship": "Outer",
                                                                                "Parallel Aware": false,
                                                                                "Join Type": "Inner",
                                                                                "Startup Cost": 10000005853.29,
                                                                                "Total Cost": 10000356229.38,
                                                                                "Plan Rows": 165081,
                                                                                "Plan Width": 20,
                                                                                "Actual Startup Time": 221.814,
                                                                                "Actual Total Time": 1546.611,
                                                                                "Actual Rows": 21044,
                                                                                "Actual Loops": 1,
                                                                                "Output": [
                                                                                    "cc.movie_id",
                                                                                    "cc.subject_id",
                                                                                    "cc.status_id",
                                                                                    "mi.movie_id",
                                                                                    "mi.info_type_id"
                                                                                ],
                                                                                "Inner Unique": false,
                                                                                "Hash Cond": "(mi.movie_id = cc.movie_id)",
                                                                                "Plans": [
                                                                                    {
                                                                                        "Node Type": "Seq Scan",
                                                                                        "Parent Relationship": "Outer",
                                                                                        "Parallel Aware": false,
                                                                                        "Relation Name": "movie_info",
                                                                                        "Schema": "public",
                                                                                        "Alias": "mi",
                                                                                        "Startup Cost": 0.0,
                                                                                        "Total Cost": 346431.69,
                                                                                        "Plan Rows": 458720,
                                                                                        "Plan Width": 8,
                                                                                        "Actual Startup Time": 151.889,
                                                                                        "Actual Total Time": 1436.041,
                                                                                        "Actual Rows": 387683,
                                                                                        "Actual Loops": 1,
                                                                                        "Output": [
                                                                                            "mi.id",
                                                                                            "mi.movie_id",
                                                                                            "mi.info_type_id",
                                                                                            "mi.info",
                                                                                            "mi.note"
                                                                                        ],
                                                                                        "Filter": "(mi.info ~~ 'USA:%200%'::text)",
                                                                                        "Rows Removed by Filter": 14448037
                                                                                    },
                                                                                    {
                                                                                        "Node Type": "Hash",
                                                                                        "Parent Relationship": "Inner",
                                                                                        "Parallel Aware": false,
                                                                                        "Startup Cost": 10000004164.71,
                                                                                        "Total Cost": 10000004164.71,
                                                                                        "Plan Rows": 135086,
                                                                                        "Plan Width": 12,
                                                                                        "Actual Startup Time": 38.803,
                                                                                        "Actual Total Time": 38.804,
                                                                                        "Actual Rows": 135086,
                                                                                        "Actual Loops": 1,
                                                                                        "Output": [
                                                                                            "cc.movie_id",
                                                                                            "cc.subject_id",
                                                                                            "cc.status_id"
                                                                                        ],
                                                                                        "Hash Buckets": 262144,
                                                                                        "Original Hash Buckets": 262144,
                                                                                        "Hash Batches": 1,
                                                                                        "Original Hash Batches": 1,
                                                                                        "Peak Memory Usage": 7853,
                                                                                        "Plans": [
                                                                                            {
                                                                                                "Node Type": "Index Scan",
                                                                                                "Parent Relationship": "Outer",
                                                                                                "Parallel Aware": false,
                                                                                                "Scan Direction": "Forward",
                                                                                                "Index Name": "subject_id_complete_cast",
                                                                                                "Relation Name": "complete_cast",
                                                                                                "Schema": "public",
                                                                                                "Alias": "cc",
                                                                                                "Startup Cost": 10000000000.42,
                                                                                                "Total Cost": 10000004164.71,
                                                                                                "Plan Rows": 135086,
                                                                                                "Plan Width": 12,
                                                                                                "Actual Startup Time": 0.057,
                                                                                                "Actual Total Time": 22.315,
                                                                                                "Actual Rows": 135086,
                                                                                                "Actual Loops": 1,
                                                                                                "Output": [
                                                                                                    "cc.movie_id",
                                                                                                    "cc.subject_id",
                                                                                                    "cc.status_id"
                                                                                                ]
                                                                                            }
                                                                                        ]
                                                                                    }
                                                                                ]
                                                                            }
                                                                        ]
                                                                    },
                                                                    {
                                                                        "Node Type": "Index Scan",
                                                                        "Parent Relationship": "Inner",
                                                                        "Parallel Aware": false,
                                                                        "Scan Direction": "Forward",
                                                                        "Index Name": "title_pkey",
                                                                        "Relation Name": "title",
                                                                        "Schema": "public",
                                                                        "Alias": "t",
                                                                        "Startup Cost": 10000000000.43,
                                                                        "Total Cost": 10000129304.51,
                                                                        "Plan Rows": 7,
                                                                        "Plan Width": 4,
                                                                        "Actual Startup Time": 9.001,
                                                                        "Actual Total Time": 1060.738,
                                                                        "Actual Rows": 3,
                                                                        "Actual Loops": 1,
                                                                        "Output": [
                                                                            "t.id",
                                                                            "t.title",
                                                                            "t.imdb_index",
                                                                            "t.kind_id",
                                                                            "t.production_year",
                                                                            "t.imdb_id",
                                                                            "t.phonetic_code",
                                                                            "t.episode_of_id",
                                                                            "t.season_nr",
                                                                            "t.episode_nr",
                                                                            "t.series_years",
                                                                            "t.md5sum"
                                                                        ],
                                                                        "Filter": "((t.production_year >= 1995) AND (t.production_year <= 2009) AND (t.title = 'Shrek 2'::text))",
                                                                        "Rows Removed by Filter": 2528309
                                                                    }
                                                                ]
                                                            },
                                                            {
                                                                "Node Type": "Bitmap Heap Scan",
                                                                "Parent Relationship": "Inner",
                                                                "Parallel Aware": false,
                                                                "Relation Name": "comp_cast_type",
                                                                "Schema": "public",
                                                                "Alias": "cct1",
                                                                "Startup Cost": 0.14,
                                                                "Total Cost": 4.15,
                                                                "Plan Rows": 1,
                                                                "Plan Width": 4,
                                                                "Actual Startup Time": 0.026,
                                                                "Actual Total Time": 0.028,
                                                                "Actual Rows": 1,
                                                                "Actual Loops": 1,
                                                                "Output": [
                                                                    "cct1.id",
                                                                    "cct1.kind"
                                                                ],
                                                                "Recheck Cond": "(cct1.id = cc.subject_id)",
                                                                "Rows Removed by Index Recheck": 0,
                                                                "Filter": "((cct1.kind)::text = 'cast'::text)",
                                                                "Rows Removed by Filter": 0,
                                                                "Exact Heap Blocks": 1,
                                                                "Lossy Heap Blocks": 0,
                                                                "Plans": [
                                                                    {
                                                                        "Node Type": "Bitmap Index Scan",
                                                                        "Parent Relationship": "Outer",
                                                                        "Parallel Aware": false,
                                                                        "Index Name": "comp_cast_type_pkey",
                                                                        "Startup Cost": 0.0,
                                                                        "Total Cost": 0.14,
                                                                        "Plan Rows": 1,
                                                                        "Plan Width": 0,
                                                                        "Actual Startup Time": 0.018,
                                                                        "Actual Total Time": 0.019,
                                                                        "Actual Rows": 1,
                                                                        "Actual Loops": 1,
                                                                        "Index Cond": "(cct1.id = cc.subject_id)"
                                                                    }
                                                                ]
                                                            }
                                                        ]
                                                    },
                                                    {
                                                        "Node Type": "Index Scan",
                                                        "Parent Relationship": "Inner",
                                                        "Parallel Aware": false,
                                                        "Scan Direction": "Forward",
                                                        "Index Name": "comp_cast_type_pkey",
                                                        "Relation Name": "comp_cast_type",
                                                        "Schema": "public",
                                                        "Alias": "cct2",
                                                        "Startup Cost": 0.13,
                                                        "Total Cost": 0.15,
                                                        "Plan Rows": 1,
                                                        "Plan Width": 4,
                                                        "Actual Startup Time": 0.005,
                                                        "Actual Total Time": 0.006,
                                                        "Actual Rows": 1,
                                                        "Actual Loops": 1,
                                                        "Output": [
                                                            "cct2.id",
                                                            "cct2.kind"
                                                        ],
                                                        "Index Cond": "(cct2.id = cc.status_id)",
                                                        "Rows Removed by Index Recheck": 0,
                                                        "Filter": "((cct2.kind)::text = 'complete+verified'::text)",
                                                        "Rows Removed by Filter": 0
                                                    }
                                                ]
                                            },
                                            {
                                                "Node Type": "Sort",
                                                "Parent Relationship": "Inner",
                                                "Parallel Aware": false,
                                                "Startup Cost": 40000607055.72,
                                                "Total Cost": 40000607055.72,
                                                "Plan Rows": 1,
                                                "Plan Width": 16,
                                                "Actual Startup Time": 3269.943,
                                                "Actual Total Time": 3270.416,
                                                "Actual Rows": 56,
                                                "Actual Loops": 1,
                                                "Output": [
                                                    "ci.movie_id",
                                                    "ci.role_id",
                                                    "mc.movie_id",
                                                    "mk.movie_id"
                                                ],
                                                "Sort Key": [
                                                    "ci.movie_id"
                                                ],
                                                "Sort Method": "quicksort",
                                                "Sort Space Used": 28,
                                                "Sort Space Type": "Memory",
                                                "Plans": [
                                                    {
                                                        "Node Type": "Nested Loop",
                                                        "Parent Relationship": "Outer",
                                                        "Parallel Aware": false,
                                                        "Join Type": "Inner",
                                                        "Startup Cost": 40000607040.44,
                                                        "Total Cost": 40000607055.71,
                                                        "Plan Rows": 1,
                                                        "Plan Width": 16,
                                                        "Actual Startup Time": 3163.08,
                                                        "Actual Total Time": 3270.367,
                                                        "Actual Rows": 70,
                                                        "Actual Loops": 1,
                                                        "Output": [
                                                            "ci.movie_id",
                                                            "ci.role_id",
                                                            "mc.movie_id",
                                                            "mk.movie_id"
                                                        ],
                                                        "Inner Unique": true,
                                                        "Plans": [
                                                            {
                                                                "Node Type": "Nested Loop",
                                                                "Parent Relationship": "Outer",
                                                                "Parallel Aware": false,
                                                                "Join Type": "Inner",
                                                                "Startup Cost": 30000607040.01,
                                                                "Total Cost": 30000607047.25,
                                                                "Plan Rows": 1,
                                                                "Plan Width": 20,
                                                                "Actual Startup Time": 3146.206,
                                                                "Actual Total Time": 3195.153,
                                                                "Actual Rows": 10419,
                                                                "Actual Loops": 1,
                                                                "Output": [
                                                                    "ci.movie_id",
                                                                    "ci.role_id",
                                                                    "mc.movie_id",
                                                                    "mk.movie_id",
                                                                    "mk.keyword_id"
                                                                ],
                                                                "Inner Unique": false,
                                                                "Join Filter": "(n.id = an.person_id)",
                                                                "Rows Removed by Join Filter": 0,
                                                                "Plans": [
                                                                    {
                                                                        "Node Type": "Nested Loop",
                                                                        "Parent Relationship": "Outer",
                                                                        "Parallel Aware": false,
                                                                        "Join Type": "Inner",
                                                                        "Startup Cost": 20000607039.57,
                                                                        "Total Cost": 20000607042.75,
                                                                        "Plan Rows": 1,
                                                                        "Plan Width": 32,
                                                                        "Actual Startup Time": 3146.14,
                                                                        "Actual Total Time": 3161.322,
                                                                        "Actual Rows": 2865,
                                                                        "Actual Loops": 1,
                                                                        "Output": [
                                                                            "ci.movie_id",
                                                                            "ci.person_id",
                                                                            "ci.role_id",
                                                                            "mc.movie_id",
                                                                            "mk.movie_id",
                                                                            "mk.keyword_id",
                                                                            "n.id",
                                                                            "pi.person_id"
                                                                        ],
                                                                        "Inner Unique": true,
                                                                        "Join Filter": "(ci.person_id = n.id)",
                                                                        "Rows Removed by Join Filter": 0,
                                                                        "Plans": [
                                                                            {
                                                                                "Node Type": "Hash Join",
                                                                                "Parent Relationship": "Outer",
                                                                                "Parallel Aware": false,
                                                                                "Join Type": "Inner",
                                                                                "Startup Cost": 20000607039.14,
                                                                                "Total Cost": 20000607041.63,
                                                                                "Plan Rows": 2,
                                                                                "Plan Width": 28,
                                                                                "Actual Startup Time": 3144.484,
                                                                                "Actual Total Time": 3146.41,
                                                                                "Actual Rows": 4975,
                                                                                "Actual Loops": 1,
                                                                                "Output": [
                                                                                    "ci.movie_id",
                                                                                    "ci.person_id",
                                                                                    "ci.role_id",
                                                                                    "mc.movie_id",
                                                                                    "mk.movie_id",
                                                                                    "mk.keyword_id",
                                                                                    "pi.person_id"
                                                                                ],
                                                                                "Inner Unique": false,
                                                                                "Hash Cond": "(it3.id = pi.info_type_id)",
                                                                                "Plans": [
                                                                                    {
                                                                                        "Node Type": "Seq Scan",
                                                                                        "Parent Relationship": "Outer",
                                                                                        "Parallel Aware": false,
                                                                                        "Relation Name": "info_type",
                                                                                        "Schema": "public",
                                                                                        "Alias": "it3",
                                                                                        "Startup Cost": 10000000000.0,
                                                                                        "Total Cost": 10000000002.41,
                                                                                        "Plan Rows": 1,
                                                                                        "Plan Width": 4,
                                                                                        "Actual Startup Time": 0.011,
                                                                                        "Actual Total Time": 0.021,
                                                                                        "Actual Rows": 1,
                                                                                        "Actual Loops": 1,
                                                                                        "Output": [
                                                                                            "it3.id",
                                                                                            "it3.info"
                                                                                        ],
                                                                                        "Filter": "((it3.info)::text = 'height'::text)",
                                                                                        "Rows Removed by Filter": 112
                                                                                    },
                                                                                    {
                                                                                        "Node Type": "Hash",
                                                                                        "Parent Relationship": "Inner",
                                                                                        "Parallel Aware": false,
                                                                                        "Startup Cost": 10000607036.31,
                                                                                        "Total Cost": 10000607036.31,
                                                                                        "Plan Rows": 226,
                                                                                        "Plan Width": 32,
                                                                                        "Actual Startup Time": 3144.459,
                                                                                        "Actual Total Time": 3144.92,
                                                                                        "Actual Rows": 689409,
                                                                                        "Actual Loops": 1,
                                                                                        "Output": [
                                                                                            "ci.movie_id",
                                                                                            "ci.person_id",
                                                                                            "ci.role_id",
                                                                                            "mc.movie_id",
                                                                                            "mk.movie_id",
                                                                                            "mk.keyword_id",
                                                                                            "pi.person_id",
                                                                                            "pi.info_type_id"
                                                                                        ],
                                                                                        "Hash Buckets": 1048576,
                                                                                        "Original Hash Buckets": 1024,
                                                                                        "Hash Batches": 1,
                                                                                        "Original Hash Batches": 1,
                                                                                        "Peak Memory Usage": 51281,
                                                                                        "Plans": [
                                                                                            {
                                                                                                "Node Type": "Merge Join",
                                                                                                "Parent Relationship": "Outer",
                                                                                                "Parallel Aware": false,
                                                                                                "Join Type": "Inner",
                                                                                                "Startup Cost": 10000602354.54,
                                                                                                "Total Cost": 10000607036.31,
                                                                                                "Plan Rows": 226,
                                                                                                "Plan Width": 32,
                                                                                                "Actual Startup Time": 2659.285,
                                                                                                "Actual Total Time": 2980.584,
                                                                                                "Actual Rows": 689409,
                                                                                                "Actual Loops": 1,
                                                                                                "Output": [
                                                                                                    "ci.movie_id",
                                                                                                    "ci.person_id",
                                                                                                    "ci.role_id",
                                                                                                    "mc.movie_id",
                                                                                                    "mk.movie_id",
                                                                                                    "mk.keyword_id",
                                                                                                    "pi.person_id",
                                                                                                    "pi.info_type_id"
                                                                                                ],
                                                                                                "Inner Unique": false,
                                                                                                "Merge Cond": "(ci.movie_id = mc.movie_id)",
                                                                                                "Plans": [
                                                                                                    {
                                                                                                        "Node Type": "Sort",
                                                                                                        "Parent Relationship": "Outer",
                                                                                                        "Parallel Aware": false,
                                                                                                        "Startup Cost": 10000444285.02,
                                                                                                        "Total Cost": 10000444285.33,
                                                                                                        "Plan Rows": 126,
                                                                                                        "Plan Width": 28,
                                                                                                        "Actual Startup Time": 1401.452,
                                                                                                        "Actual Total Time": 1410.894,
                                                                                                        "Actual Rows": 126164,
                                                                                                        "Actual Loops": 1,
                                                                                                        "Output": [
                                                                                                            "ci.movie_id",
                                                                                                            "ci.person_id",
                                                                                                            "ci.role_id",
                                                                                                            "mk.movie_id",
                                                                                                            "mk.keyword_id",
                                                                                                            "pi.person_id",
                                                                                                            "pi.info_type_id"
                                                                                                        ],
                                                                                                        "Sort Key": [
                                                                                                            "ci.movie_id"
                                                                                                        ],
                                                                                                        "Sort Method": "quicksort",
                                                                                                        "Sort Space Used": 12929,
                                                                                                        "Sort Space Type": "Memory",
                                                                                                        "Plans": [
                                                                                                            {
                                                                                                                "Node Type": "Gather",
                                                                                                                "Parent Relationship": "Outer",
                                                                                                                "Parallel Aware": false,
                                                                                                                "Startup Cost": 10000108127.91,
                                                                                                                "Total Cost": 10000444280.62,
                                                                                                                "Plan Rows": 126,
                                                                                                                "Plan Width": 28,
                                                                                                                "Actual Startup Time": 356.148,
                                                                                                                "Actual Total Time": 1389.642,
                                                                                                                "Actual Rows": 126164,
                                                                                                                "Actual Loops": 1,
                                                                                                                "Output": [
                                                                                                                    "ci.movie_id",
                                                                                                                    "ci.person_id",
                                                                                                                    "ci.role_id",
                                                                                                                    "mk.movie_id",
                                                                                                                    "mk.keyword_id",
                                                                                                                    "pi.person_id",
                                                                                                                    "pi.info_type_id"
                                                                                                                ],
                                                                                                                "Workers Planned": 6,
                                                                                                                "Workers Launched": 6,
                                                                                                                "Single Copy": false,
                                                                                                                "Plans": [
                                                                                                                    {
                                                                                                                        "Node Type": "Nested Loop",
                                                                                                                        "Parent Relationship": "Outer",
                                                                                                                        "Parallel Aware": false,
                                                                                                                        "Join Type": "Inner",
                                                                                                                        "Startup Cost": 10000107127.91,
                                                                                                                        "Total Cost": 10000443268.02,
                                                                                                                        "Plan Rows": 21,
                                                                                                                        "Plan Width": 28,
                                                                                                                        "Actual Startup Time": 569.594,
                                                                                                                        "Actual Total Time": 1114.308,
                                                                                                                        "Actual Rows": 18023,
                                                                                                                        "Actual Loops": 7,
                                                                                                                        "Output": [
                                                                                                                            "ci.movie_id",
                                                                                                                            "ci.person_id",
                                                                                                                            "ci.role_id",
                                                                                                                            "mk.movie_id",
                                                                                                                            "mk.keyword_id",
                                                                                                                            "pi.person_id",
                                                                                                                            "pi.info_type_id"
                                                                                                                        ],
                                                                                                                        "Inner Unique": false,
                                                                                                                        "Workers": [
                                                                                                                            {
                                                                                                                                "Worker Number": 0,
                                                                                                                                "Actual Startup Time": 604.161,
                                                                                                                                "Actual Total Time": 1181.938,
                                                                                                                                "Actual Rows": 10602,
                                                                                                                                "Actual Loops": 1
                                                                                                                            },
                                                                                                                            {
                                                                                                                                "Worker Number": 1,
                                                                                                                                "Actual Startup Time": 632.529,
                                                                                                                                "Actual Total Time": 1333.321,
                                                                                                                                "Actual Rows": 374,
                                                                                                                                "Actual Loops": 1
                                                                                                                            },
                                                                                                                            {
                                                                                                                                "Worker Number": 2,
                                                                                                                                "Actual Startup Time": 602.216,
                                                                                                                                "Actual Total Time": 1272.828,
                                                                                                                                "Actual Rows": 4576,
                                                                                                                                "Actual Loops": 1
                                                                                                                            },
                                                                                                                            {
                                                                                                                                "Worker Number": 3,
                                                                                                                                "Actual Startup Time": 555.19,
                                                                                                                                "Actual Total Time": 1333.233,
                                                                                                                                "Actual Rows": 805,
                                                                                                                                "Actual Loops": 1
                                                                                                                            },
                                                                                                                            {
                                                                                                                                "Worker Number": 4,
                                                                                                                                "Actual Startup Time": 640.296,
                                                                                                                                "Actual Total Time": 712.155,
                                                                                                                                "Actual Rows": 44200,
                                                                                                                                "Actual Loops": 1
                                                                                                                            },
                                                                                                                            {
                                                                                                                                "Worker Number": 5,
                                                                                                                                "Actual Startup Time": 597.146,
                                                                                                                                "Actual Total Time": 632.391,
                                                                                                                                "Actual Rows": 56235,
                                                                                                                                "Actual Loops": 1
                                                                                                                            }
                                                                                                                        ],
                                                                                                                        "Plans": [
                                                                                                                            {
                                                                                                                                "Node Type": "Nested Loop",
                                                                                                                                "Parent Relationship": "Outer",
                                                                                                                                "Parallel Aware": false,
                                                                                                                                "Join Type": "Inner",
                                                                                                                                "Startup Cost": 107127.02,
                                                                                                                                "Total Cost": 443244.3,
                                                                                                                                "Plan Rows": 4,
                                                                                                                                "Plan Width": 20,
                                                                                                                                "Actual Startup Time": 569.403,
                                                                                                                                "Actual Total Time": 1103.119,
                                                                                                                                "Actual Rows": 261,
                                                                                                                                "Actual Loops": 7,
                                                                                                                                "Output": [
                                                                                                                                    "ci.movie_id",
                                                                                                                                    "ci.person_id",
                                                                                                                                    "ci.role_id",
                                                                                                                                    "pi.person_id",
                                                                                                                                    "pi.info_type_id"
                                                                                                                                ],
                                                                                                                                "Inner Unique": false,
                                                                                                                                "Workers": [
                                                                                                                                    {
                                                                                                                                        "Worker Number": 0,
                                                                                                                                        "Actual Startup Time": 603.952,
                                                                                                                                        "Actual Total Time": 1174.928,
                                                                                                                                        "Actual Rows": 124,
                                                                                                                                        "Actual Loops": 1
                                                                                                                                    },
                                                                                                                                    {
                                                                                                                                        "Worker Number": 1,
                                                                                                                                        "Actual Startup Time": 632.314,
                                                                                                                                        "Actual Total Time": 1331.95,
                                                                                                                                        "Actual Rows": 112,
                                                                                                                                        "Actual Loops": 1
                                                                                                                                    },
                                                                                                                                    {
                                                                                                                                        "Worker Number": 2,
                                                                                                                                        "Actual Startup Time": 602.037,
                                                                                                                                        "Actual Total Time": 1268.376,
                                                                                                                                        "Actual Rows": 119,
                                                                                                                                        "Actual Loops": 1
                                                                                                                                    },
                                                                                                                                    {
                                                                                                                                        "Worker Number": 3,
                                                                                                                                        "Actual Startup Time": 554.897,
                                                                                                                                        "Actual Total Time": 1330.96,
                                                                                                                                        "Actual Rows": 164,
                                                                                                                                        "Actual Loops": 1
                                                                                                                                    },
                                                                                                                                    {
                                                                                                                                        "Worker Number": 4,
                                                                                                                                        "Actual Startup Time": 640.104,
                                                                                                                                        "Actual Total Time": 687.833,
                                                                                                                                        "Actual Rows": 377,
                                                                                                                                        "Actual Loops": 1
                                                                                                                                    },
                                                                                                                                    {
                                                                                                                                        "Worker Number": 5,
                                                                                                                                        "Actual Startup Time": 596.92,
                                                                                                                                        "Actual Total Time": 598.008,
                                                                                                                                        "Actual Rows": 489,
                                                                                                                                        "Actual Loops": 1
                                                                                                                                    }
                                                                                                                                ],
                                                                                                                                "Plans": [
                                                                                                                                    {
                                                                                                                                        "Node Type": "Hash Join",
                                                                                                                                        "Parent Relationship": "Outer",
                                                                                                                                        "Parallel Aware": true,
                                                                                                                                        "Join Type": "Inner",
                                                                                                                                        "Startup Cost": 107126.59,
                                                                                                                                        "Total Cost": 443242.86,
                                                                                                                                        "Plan Rows": 1,
                                                                                                                                        "Plan Width": 12,
                                                                                                                                        "Actual Startup Time": 565.371,
                                                                                                                                        "Actual Total Time": 1089.537,
                                                                                                                                        "Actual Rows": 11,
                                                                                                                                        "Actual Loops": 7,
                                                                                                                                        "Output": [
                                                                                                                                            "ci.movie_id",
                                                                                                                                            "ci.person_id",
                                                                                                                                            "ci.role_id"
                                                                                                                                        ],
                                                                                                                                        "Inner Unique": true,
                                                                                                                                        "Hash Cond": "(ci.person_role_id = chn.id)",
                                                                                                                                        "Workers": [
                                                                                                                                            {
                                                                                                                                                "Worker Number": 0,
                                                                                                                                                "Actual Startup Time": 603.761,
                                                                                                                                                "Actual Total Time": 1174.086,
                                                                                                                                                "Actual Rows": 3,
                                                                                                                                                "Actual Loops": 1
                                                                                                                                            },
                                                                                                                                            {
                                                                                                                                                "Worker Number": 1,
                                                                                                                                                "Actual Startup Time": 626.941,
                                                                                                                                                "Actual Total Time": 1318.832,
                                                                                                                                                "Actual Rows": 10,
                                                                                                                                                "Actual Loops": 1
                                                                                                                                            },
                                                                                                                                            {
                                                                                                                                                "Worker Number": 2,
                                                                                                                                                "Actual Startup Time": 601.205,
                                                                                                                                                "Actual Total Time": 1247.303,
                                                                                                                                                "Actual Rows": 13,
                                                                                                                                                "Actual Loops": 1
                                                                                                                                            },
                                                                                                                                            {
                                                                                                                                                "Worker Number": 3,
                                                                                                                                                "Actual Startup Time": 554.557,
                                                                                                                                                "Actual Total Time": 1328.619,
                                                                                                                                                "Actual Rows": 23,
                                                                                                                                                "Actual Loops": 1
                                                                                                                                            },
                                                                                                                                            {
                                                                                                                                                "Worker Number": 4,
                                                                                                                                                "Actual Startup Time": 618.888,
                                                                                                                                                "Actual Total Time": 668.66,
                                                                                                                                                "Actual Rows": 5,
                                                                                                                                                "Actual Loops": 1
                                                                                                                                            },
                                                                                                                                            {
                                                                                                                                                "Worker Number": 5,
                                                                                                                                                "Actual Startup Time": 596.711,
                                                                                                                                                "Actual Total Time": 596.76,
                                                                                                                                                "Actual Rows": 3,
                                                                                                                                                "Actual Loops": 1
                                                                                                                                            }
                                                                                                                                        ],
                                                                                                                                        "Plans": [
                                                                                                                                            {
                                                                                                                                                "Node Type": "Seq Scan",
                                                                                                                                                "Parent Relationship": "Outer",
                                                                                                                                                "Parallel Aware": true,
                                                                                                                                                "Relation Name": "cast_info",
                                                                                                                                                "Schema": "public",
                                                                                                                                                "Alias": "ci",
                                                                                                                                                "Startup Cost": 0.0,
                                                                                                                                                "Total Cost": 335766.28,
                                                                                                                                                "Plan Rows": 133330,
                                                                                                                                                "Plan Width": 16,
                                                                                                                                                "Actual Startup Time": 0.038,
                                                                                                                                                "Actual Total Time": 755.766,
                                                                                                                                                "Actual Rows": 119529,
                                                                                                                                                "Actual Loops": 7,
                                                                                                                                                "Output": [
                                                                                                                                                    "ci.id",
                                                                                                                                                    "ci.person_id",
                                                                                                                                                    "ci.movie_id",
                                                                                                                                                    "ci.person_role_id",
                                                                                                                                                    "ci.note",
                                                                                                                                                    "ci.nr_order",
                                                                                                                                                    "ci.role_id"
                                                                                                                                                ],
                                                                                                                                                "Filter": "(ci.note = ANY ('{(voice),\"(voice) (uncredited)\",\"(voice: English version)\"}'::text[]))",
                                                                                                                                                "Rows Removed by Filter": 5058235,
                                                                                                                                                "Workers": [
                                                                                                                                                    {
                                                                                                                                                        "Worker Number": 0,
                                                                                                                                                        "Actual Startup Time": 0.068,
                                                                                                                                                        "Actual Total Time": 843.101,
                                                                                                                                                        "Actual Rows": 95566,
                                                                                                                                                        "Actual Loops": 1
                                                                                                                                                    },
                                                                                                                                                    {
                                                                                                                                                        "Worker Number": 1,
                                                                                                                                                        "Actual Startup Time": 0.037,
                                                                                                                                                        "Actual Total Time": 982.82,
                                                                                                                                                        "Actual Rows": 132596,
                                                                                                                                                        "Actual Loops": 1
                                                                                                                                                    },
                                                                                                                                                    {
                                                                                                                                                        "Worker Number": 2,
                                                                                                                                                        "Actual Startup Time": 0.056,
                                                                                                                                                        "Actual Total Time": 916.834,
                                                                                                                                                        "Actual Rows": 112844,
                                                                                                                                                        "Actual Loops": 1
                                                                                                                                                    },
                                                                                                                                                    {
                                                                                                                                                        "Worker Number": 3,
                                                                                                                                                        "Actual Startup Time": 0.028,
                                                                                                                                                        "Actual Total Time": 992.603,
                                                                                                                                                        "Actual Rows": 140436,
                                                                                                                                                        "Actual Loops": 1
                                                                                                                                                    },
                                                                                                                                                    {
                                                                                                                                                        "Worker Number": 4,
                                                                                                                                                        "Actual Startup Time": 0.029,
                                                                                                                                                        "Actual Total Time": 337.456,
                                                                                                                                                        "Actual Rows": 71811,
                                                                                                                                                        "Actual Loops": 1
                                                                                                                                                    },
                                                                                                                                                    {
                                                                                                                                                        "Worker Number": 5,
                                                                                                                                                        "Actual Startup Time": 0.029,
                                                                                                                                                        "Actual Total Time": 270.375,
                                                                                                                                                        "Actual Rows": 78867,
                                                                                                                                                        "Actual Loops": 1
                                                                                                                                                    }
                                                                                                                                                ]
                                                                                                                                            },
                                                                                                                                            {
                                                                                                                                                "Node Type": "Hash",
                                                                                                                                                "Parent Relationship": "Inner",
                                                                                                                                                "Parallel Aware": true,
                                                                                                                                                "Startup Cost": 107126.57,
                                                                                                                                                "Total Cost": 107126.57,
                                                                                                                                                "Plan Rows": 1,
                                                                                                                                                "Plan Width": 4,
                                                                                                                                                "Actual Startup Time": 320.011,
                                                                                                                                                "Actual Total Time": 320.013,
                                                                                                                                                "Actual Rows": 0,
                                                                                                                                                "Actual Loops": 7,
                                                                                                                                                "Output": [
                                                                                                                                                    "chn.id"
                                                                                                                                                ],
                                                                                                                                                "Hash Buckets": 1024,
                                                                                                                                                "Original Hash Buckets": 1024,
                                                                                                                                                "Hash Batches": 1,
                                                                                                                                                "Original Hash Batches": 1,
                                                                                                                                                "Peak Memory Usage": 40,
                                                                                                                                                "Workers": [
                                                                                                                                                    {
                                                                                                                                                        "Worker Number": 0,
                                                                                                                                                        "Actual Startup Time": 318.84,
                                                                                                                                                        "Actual Total Time": 318.842,
                                                                                                                                                        "Actual Rows": 0,
                                                                                                                                                        "Actual Loops": 1
                                                                                                                                                    },
                                                                                                                                                    {
                                                                                                                                                        "Worker Number": 1,
                                                                                                                                                        "Actual Startup Time": 319.219,
                                                                                                                                                        "Actual Total Time": 319.221,
                                                                                                                                                        "Actual Rows": 0,
                                                                                                                                                        "Actual Loops": 1
                                                                                                                                                    },
                                                                                                                                                    {
                                                                                                                                                        "Worker Number": 2,
                                                                                                                                                        "Actual Startup Time": 315.208,
                                                                                                                                                        "Actual Total Time": 315.209,
                                                                                                                                                        "Actual Rows": 0,
                                                                                                                                                        "Actual Loops": 1
                                                                                                                                                    },
                                                                                                                                                    {
                                                                                                                                                        "Worker Number": 3,
                                                                                                                                                        "Actual Startup Time": 319.097,
                                                                                                                                                        "Actual Total Time": 319.099,
                                                                                                                                                        "Actual Rows": 0,
                                                                                                                                                        "Actual Loops": 1
                                                                                                                                                    },
                                                                                                                                                    {
                                                                                                                                                        "Worker Number": 4,
                                                                                                                                                        "Actual Startup Time": 319.234,
                                                                                                                                                        "Actual Total Time": 319.234,
                                                                                                                                                        "Actual Rows": 1,
                                                                                                                                                        "Actual Loops": 1
                                                                                                                                                    },
                                                                                                                                                    {
                                                                                                                                                        "Worker Number": 5,
                                                                                                                                                        "Actual Startup Time": 316.145,
                                                                                                                                                        "Actual Total Time": 316.146,
                                                                                                                                                        "Actual Rows": 0,
                                                                                                                                                        "Actual Loops": 1
                                                                                                                                                    }
                                                                                                                                                ],
                                                                                                                                                "Plans": [
                                                                                                                                                    {
                                                                                                                                                        "Node Type": "Index Scan",
                                                                                                                                                        "Parent Relationship": "Outer",
                                                                                                                                                        "Parallel Aware": true,
                                                                                                                                                        "Scan Direction": "Forward",
                                                                                                                                                        "Index Name": "char_name_pkey",
                                                                                                                                                        "Relation Name": "char_name",
                                                                                                                                                        "Schema": "public",
                                                                                                                                                        "Alias": "chn",
                                                                                                                                                        "Startup Cost": 0.43,
                                                                                                                                                        "Total Cost": 107126.57,
                                                                                                                                                        "Plan Rows": 1,
                                                                                                                                                        "Plan Width": 4,
                                                                                                                                                        "Actual Startup Time": 277.254,
                                                                                                                                                        "Actual Total Time": 319.692,
                                                                                                                                                        "Actual Rows": 0,
                                                                                                                                                        "Actual Loops": 7,
                                                                                                                                                        "Output": [
                                                                                                                                                            "chn.id"
                                                                                                                                                        ],
                                                                                                                                                        "Filter": "(chn.name = 'Queen'::text)",
                                                                                                                                                        "Rows Removed by Filter": 448620,
                                                                                                                                                        "Workers": [
                                                                                                                                                            {
                                                                                                                                                                "Worker Number": 0,
                                                                                                                                                                "Actual Startup Time": 318.652,
                                                                                                                                                                "Actual Total Time": 318.652,
                                                                                                                                                                "Actual Rows": 0,
                                                                                                                                                                "Actual Loops": 1
                                                                                                                                                            },
                                                                                                                                                            {
                                                                                                                                                                "Worker Number": 1,
                                                                                                                                                                "Actual Startup Time": 318.794,
                                                                                                                                                                "Actual Total Time": 318.794,
                                                                                                                                                                "Actual Rows": 0,
                                                                                                                                                                "Actual Loops": 1
                                                                                                                                                            },
                                                                                                                                                            {
                                                                                                                                                                "Worker Number": 2,
                                                                                                                                                                "Actual Startup Time": 314.75,
                                                                                                                                                                "Actual Total Time": 314.75,
                                                                                                                                                                "Actual Rows": 0,
                                                                                                                                                                "Actual Loops": 1
                                                                                                                                                            },
                                                                                                                                                            {
                                                                                                                                                                "Worker Number": 3,
                                                                                                                                                                "Actual Startup Time": 318.863,
                                                                                                                                                                "Actual Total Time": 318.863,
                                                                                                                                                                "Actual Rows": 0,
                                                                                                                                                                "Actual Loops": 1
                                                                                                                                                            },
                                                                                                                                                            {
                                                                                                                                                                "Worker Number": 4,
                                                                                                                                                                "Actual Startup Time": 21.705,
                                                                                                                                                                "Actual Total Time": 318.773,
                                                                                                                                                                "Actual Rows": 1,
                                                                                                                                                                "Actual Loops": 1
                                                                                                                                                            },
                                                                                                                                                            {
                                                                                                                                                                "Worker Number": 5,
                                                                                                                                                                "Actual Startup Time": 315.997,
                                                                                                                                                                "Actual Total Time": 315.997,
                                                                                                                                                                "Actual Rows": 0,
                                                                                                                                                                "Actual Loops": 1
                                                                                                                                                            }
                                                                                                                                                        ]
                                                                                                                                                    }
                                                                                                                                                ]
                                                                                                                                            }
                                                                                                                                        ]
                                                                                                                                    },
                                                                                                                                    {
                                                                                                                                        "Node Type": "Index Scan",
                                                                                                                                        "Parent Relationship": "Inner",
                                                                                                                                        "Parallel Aware": false,
                                                                                                                                        "Scan Direction": "Forward",
                                                                                                                                        "Index Name": "person_id_person_info",
                                                                                                                                        "Relation Name": "person_info",
                                                                                                                                        "Schema": "public",
                                                                                                                                        "Alias": "pi",
                                                                                                                                        "Startup Cost": 0.43,
                                                                                                                                        "Total Cost": 1.19,
                                                                                                                                        "Plan Rows": 25,
                                                                                                                                        "Plan Width": 8,
                                                                                                                                        "Actual Startup Time": 1.21,
                                                                                                                                        "Actual Total Time": 1.241,
                                                                                                                                        "Actual Rows": 24,
                                                                                                                                        "Actual Loops": 76,
                                                                                                                                        "Output": [
                                                                                                                                            "pi.id",
                                                                                                                                            "pi.person_id",
                                                                                                                                            "pi.info_type_id",
                                                                                                                                            "pi.info",
                                                                                                                                            "pi.note"
                                                                                                                                        ],
                                                                                                                                        "Index Cond": "(pi.person_id = ci.person_id)",
                                                                                                                                        "Rows Removed by Index Recheck": 0,
                                                                                                                                        "Workers": [
                                                                                                                                            {
                                                                                                                                                "Worker Number": 0,
                                                                                                                                                "Actual Startup Time": 0.169,
                                                                                                                                                "Actual Total Time": 0.26,
                                                                                                                                                "Actual Rows": 41,
                                                                                                                                                "Actual Loops": 3
                                                                                                                                            },
                                                                                                                                            {
                                                                                                                                                "Worker Number": 1,
                                                                                                                                                "Actual Startup Time": 1.293,
                                                                                                                                                "Actual Total Time": 1.304,
                                                                                                                                                "Actual Rows": 11,
                                                                                                                                                "Actual Loops": 10
                                                                                                                                            },
                                                                                                                                            {
                                                                                                                                                "Worker Number": 2,
                                                                                                                                                "Actual Startup Time": 1.601,
                                                                                                                                                "Actual Total Time": 1.613,
                                                                                                                                                "Actual Rows": 9,
                                                                                                                                                "Actual Loops": 13
                                                                                                                                            },
                                                                                                                                            {
                                                                                                                                                "Worker Number": 3,
                                                                                                                                                "Actual Startup Time": 0.091,
                                                                                                                                                "Actual Total Time": 0.098,
                                                                                                                                                "Actual Rows": 7,
                                                                                                                                                "Actual Loops": 23
                                                                                                                                            },
                                                                                                                                            {
                                                                                                                                                "Worker Number": 4,
                                                                                                                                                "Actual Startup Time": 3.681,
                                                                                                                                                "Actual Total Time": 3.806,
                                                                                                                                                "Actual Rows": 75,
                                                                                                                                                "Actual Loops": 5
                                                                                                                                            },
                                                                                                                                            {
                                                                                                                                                "Worker Number": 5,
                                                                                                                                                "Actual Startup Time": 0.082,
                                                                                                                                                "Actual Total Time": 0.353,
                                                                                                                                                "Actual Rows": 163,
                                                                                                                                                "Actual Loops": 3
                                                                                                                                            }
                                                                                                                                        ]
                                                                                                                                    }
                                                                                                                                ]
                                                                                                                            },
                                                                                                                            {
                                                                                                                                "Node Type": "Bitmap Heap Scan",
                                                                                                                                "Parent Relationship": "Inner",
                                                                                                                                "Parallel Aware": false,
                                                                                                                                "Relation Name": "movie_keyword",
                                                                                                                                "Schema": "public",
                                                                                                                                "Alias": "mk",
                                                                                                                                "Startup Cost": 0.89,
                                                                                                                                "Total Cost": 5.47,
                                                                                                                                "Plan Rows": 46,
                                                                                                                                "Plan Width": 8,
                                                                                                                                "Actual Startup Time": 0.013,
                                                                                                                                "Actual Total Time": 0.024,
                                                                                                                                "Actual Rows": 69,
                                                                                                                                "Actual Loops": 1827,
                                                                                                                                "Output": [
                                                                                                                                    "mk.id",
                                                                                                                                    "mk.movie_id",
                                                                                                                                    "mk.keyword_id"
                                                                                                                                ],
                                                                                                                                "Recheck Cond": "(mk.movie_id = ci.movie_id)",
                                                                                                                                "Rows Removed by Index Recheck": 0,
                                                                                                                                "Exact Heap Blocks": 509,
                                                                                                                                "Lossy Heap Blocks": 0,
                                                                                                                                "Workers": [
                                                                                                                                    {
                                                                                                                                        "Worker Number": 0,
                                                                                                                                        "Actual Startup Time": 0.017,
                                                                                                                                        "Actual Total Time": 0.032,
                                                                                                                                        "Actual Rows": 86,
                                                                                                                                        "Actual Loops": 124
                                                                                                                                    },
                                                                                                                                    {
                                                                                                                                        "Worker Number": 1,
                                                                                                                                        "Actual Startup Time": 0.009,
                                                                                                                                        "Actual Total Time": 0.009,
                                                                                                                                        "Actual Rows": 3,
                                                                                                                                        "Actual Loops": 112
                                                                                                                                    },
                                                                                                                                    {
                                                                                                                                        "Worker Number": 2,
                                                                                                                                        "Actual Startup Time": 0.016,
                                                                                                                                        "Actual Total Time": 0.023,
                                                                                                                                        "Actual Rows": 38,
                                                                                                                                        "Actual Loops": 119
                                                                                                                                    },
                                                                                                                                    {
                                                                                                                                        "Worker Number": 3,
                                                                                                                                        "Actual Startup Time": 0.01,
                                                                                                                                        "Actual Total Time": 0.01,
                                                                                                                                        "Actual Rows": 5,
                                                                                                                                        "Actual Loops": 164
                                                                                                                                    },
                                                                                                                                    {
                                                                                                                                        "Worker Number": 4,
                                                                                                                                        "Actual Startup Time": 0.018,
                                                                                                                                        "Actual Total Time": 0.035,
                                                                                                                                        "Actual Rows": 117,
                                                                                                                                        "Actual Loops": 377
                                                                                                                                    },
                                                                                                                                    {
                                                                                                                                        "Worker Number": 5,
                                                                                                                                        "Actual Startup Time": 0.018,
                                                                                                                                        "Actual Total Time": 0.037,
                                                                                                                                        "Actual Rows": 115,
                                                                                                                                        "Actual Loops": 489
                                                                                                                                    }
                                                                                                                                ],
                                                                                                                                "Plans": [
                                                                                                                                    {
                                                                                                                                        "Node Type": "Bitmap Index Scan",
                                                                                                                                        "Parent Relationship": "Outer",
                                                                                                                                        "Parallel Aware": false,
                                                                                                                                        "Index Name": "movie_id_movie_keyword",
                                                                                                                                        "Startup Cost": 0.0,
                                                                                                                                        "Total Cost": 0.88,
                                                                                                                                        "Plan Rows": 46,
                                                                                                                                        "Plan Width": 0,
                                                                                                                                        "Actual Startup Time": 0.009,
                                                                                                                                        "Actual Total Time": 0.009,
                                                                                                                                        "Actual Rows": 69,
                                                                                                                                        "Actual Loops": 1827,
                                                                                                                                        "Index Cond": "(mk.movie_id = ci.movie_id)",
                                                                                                                                        "Workers": [
                                                                                                                                            {
                                                                                                                                                "Worker Number": 0,
                                                                                                                                                "Actual Startup Time": 0.013,
                                                                                                                                                "Actual Total Time": 0.013,
                                                                                                                                                "Actual Rows": 86,
                                                                                                                                                "Actual Loops": 124
                                                                                                                                            },
                                                                                                                                            {
                                                                                                                                                "Worker Number": 1,
                                                                                                                                                "Actual Startup Time": 0.007,
                                                                                                                                                "Actual Total Time": 0.007,
                                                                                                                                                "Actual Rows": 3,
                                                                                                                                                "Actual Loops": 112
                                                                                                                                            },
                                                                                                                                            {
                                                                                                                                                "Worker Number": 2,
                                                                                                                                                "Actual Startup Time": 0.012,
                                                                                                                                                "Actual Total Time": 0.012,
                                                                                                                                                "Actual Rows": 38,
                                                                                                                                                "Actual Loops": 119
                                                                                                                                            },
                                                                                                                                            {
                                                                                                                                                "Worker Number": 3,
                                                                                                                                                "Actual Startup Time": 0.008,
                                                                                                                                                "Actual Total Time": 0.008,
                                                                                                                                                "Actual Rows": 5,
                                                                                                                                                "Actual Loops": 164
                                                                                                                                            },
                                                                                                                                            {
                                                                                                                                                "Worker Number": 4,
                                                                                                                                                "Actual Startup Time": 0.012,
                                                                                                                                                "Actual Total Time": 0.012,
                                                                                                                                                "Actual Rows": 117,
                                                                                                                                                "Actual Loops": 377
                                                                                                                                            },
                                                                                                                                            {
                                                                                                                                                "Worker Number": 5,
                                                                                                                                                "Actual Startup Time": 0.012,
                                                                                                                                                "Actual Total Time": 0.012,
                                                                                                                                                "Actual Rows": 115,
                                                                                                                                                "Actual Loops": 489
                                                                                                                                            }
                                                                                                                                        ]
                                                                                                                                    }
                                                                                                                                ]
                                                                                                                            }
                                                                                                                        ]
                                                                                                                    }
                                                                                                                ]
                                                                                                            }
                                                                                                        ]
                                                                                                    },
                                                                                                    {
                                                                                                        "Node Type": "Sort",
                                                                                                        "Parent Relationship": "Inner",
                                                                                                        "Parallel Aware": false,
                                                                                                        "Startup Cost": 158069.52,
                                                                                                        "Total Cost": 160409.47,
                                                                                                        "Plan Rows": 935979,
                                                                                                        "Plan Width": 4,
                                                                                                        "Actual Startup Time": 1253.479,
                                                                                                        "Actual Total Time": 1353.059,
                                                                                                        "Actual Rows": 1793443,
                                                                                                        "Actual Loops": 1,
                                                                                                        "Output": [
                                                                                                            "mc.movie_id"
                                                                                                        ],
                                                                                                        "Sort Key": [
                                                                                                            "mc.movie_id"
                                                                                                        ],
                                                                                                        "Sort Method": "quicksort",
                                                                                                        "Sort Space Used": 103237,
                                                                                                        "Sort Space Type": "Memory",
                                                                                                        "Plans": [
                                                                                                            {
                                                                                                                "Node Type": "Hash Join",
                                                                                                                "Parent Relationship": "Outer",
                                                                                                                "Parallel Aware": false,
                                                                                                                "Join Type": "Inner",
                                                                                                                "Startup Cost": 13508.2,
                                                                                                                "Total Cost": 65238.58,
                                                                                                                "Plan Rows": 935979,
                                                                                                                "Plan Width": 4,
                                                                                                                "Actual Startup Time": 119.151,
                                                                                                                "Actual Total Time": 943.402,
                                                                                                                "Actual Rows": 1153798,
                                                                                                                "Actual Loops": 1,
                                                                                                                "Output": [
                                                                                                                    "mc.movie_id"
                                                                                                                ],
                                                                                                                "Inner Unique": true,
                                                                                                                "Hash Cond": "(mc.company_id = cn.id)",
                                                                                                                "Plans": [
                                                                                                                    {
                                                                                                                        "Node Type": "Seq Scan",
                                                                                                                        "Parent Relationship": "Outer",
                                                                                                                        "Parallel Aware": false,
                                                                                                                        "Relation Name": "movie_companies",
                                                                                                                        "Schema": "public",
                                                                                                                        "Alias": "mc",
                                                                                                                        "Startup Cost": 0.0,
                                                                                                                        "Total Cost": 44881.29,
                                                                                                                        "Plan Rows": 2609129,
                                                                                                                        "Plan Width": 8,
                                                                                                                        "Actual Startup Time": 0.02,
                                                                                                                        "Actual Total Time": 304.601,
                                                                                                                        "Actual Rows": 2609129,
                                                                                                                        "Actual Loops": 1,
                                                                                                                        "Output": [
                                                                                                                            "mc.id",
                                                                                                                            "mc.movie_id",
                                                                                                                            "mc.company_id",
                                                                                                                            "mc.company_type_id",
                                                                                                                            "mc.note"
                                                                                                                        ]
                                                                                                                    },
                                                                                                                    {
                                                                                                                        "Node Type": "Hash",
                                                                                                                        "Parent Relationship": "Inner",
                                                                                                                        "Parallel Aware": false,
                                                                                                                        "Startup Cost": 12454.44,
                                                                                                                        "Total Cost": 12454.44,
                                                                                                                        "Plan Rows": 84301,
                                                                                                                        "Plan Width": 4,
                                                                                                                        "Actual Startup Time": 118.999,
                                                                                                                        "Actual Total Time": 119.0,
                                                                                                                        "Actual Rows": 84843,
                                                                                                                        "Actual Loops": 1,
                                                                                                                        "Output": [
                                                                                                                            "cn.id"
                                                                                                                        ],
                                                                                                                        "Hash Buckets": 131072,
                                                                                                                        "Original Hash Buckets": 131072,
                                                                                                                        "Hash Batches": 1,
                                                                                                                        "Original Hash Batches": 1,
                                                                                                                        "Peak Memory Usage": 4007,
                                                                                                                        "Plans": [
                                                                                                                            {
                                                                                                                                "Node Type": "Index Scan",
                                                                                                                                "Parent Relationship": "Outer",
                                                                                                                                "Parallel Aware": false,
                                                                                                                                "Scan Direction": "Forward",
                                                                                                                                "Index Name": "company_name_pkey",
                                                                                                                                "Relation Name": "company_name",
                                                                                                                                "Schema": "public",
                                                                                                                                "Alias": "cn",
                                                                                                                                "Startup Cost": 0.42,
                                                                                                                                "Total Cost": 12454.44,
                                                                                                                                "Plan Rows": 84301,
                                                                                                                                "Plan Width": 4,
                                                                                                                                "Actual Startup Time": 0.028,
                                                                                                                                "Actual Total Time": 104.198,
                                                                                                                                "Actual Rows": 84843,
                                                                                                                                "Actual Loops": 1,
                                                                                                                                "Output": [
                                                                                                                                    "cn.id"
                                                                                                                                ],
                                                                                                                                "Filter": "((cn.country_code)::text = '[us]'::text)",
                                                                                                                                "Rows Removed by Filter": 150154
                                                                                                                            }
                                                                                                                        ]
                                                                                                                    }
                                                                                                                ]
                                                                                                            }
                                                                                                        ]
                                                                                                    }
                                                                                                ]
                                                                                            }
                                                                                        ]
                                                                                    }
                                                                                ]
                                                                            },
                                                                            {
                                                                                "Node Type": "Index Scan",
                                                                                "Parent Relationship": "Inner",
                                                                                "Parallel Aware": false,
                                                                                "Scan Direction": "Forward",
                                                                                "Index Name": "name_pkey",
                                                                                "Relation Name": "name",
                                                                                "Schema": "public",
                                                                                "Alias": "n",
                                                                                "Startup Cost": 0.43,
                                                                                "Total Cost": 0.55,
                                                                                "Plan Rows": 1,
                                                                                "Plan Width": 4,
                                                                                "Actual Startup Time": 0.002,
                                                                                "Actual Total Time": 0.002,
                                                                                "Actual Rows": 1,
                                                                                "Actual Loops": 4975,
                                                                                "Output": [
                                                                                    "n.id",
                                                                                    "n.name",
                                                                                    "n.imdb_index",
                                                                                    "n.imdb_id",
                                                                                    "n.gender",
                                                                                    "n.name_pcode_cf",
                                                                                    "n.name_pcode_nf",
                                                                                    "n.surname_pcode",
                                                                                    "n.md5sum"
                                                                                ],
                                                                                "Index Cond": "(n.id = pi.person_id)",
                                                                                "Rows Removed by Index Recheck": 0,
                                                                                "Filter": "((n.name ~~ '%An%'::text) AND ((n.gender)::text = 'f'::text))",
                                                                                "Rows Removed by Filter": 0
                                                                            }
                                                                        ]
                                                                    },
                                                                    {
                                                                        "Node Type": "Bitmap Heap Scan",
                                                                        "Parent Relationship": "Inner",
                                                                        "Parallel Aware": false,
                                                                        "Relation Name": "aka_name",
                                                                        "Schema": "public",
                                                                        "Alias": "an",
                                                                        "Startup Cost": 0.44,
                                                                        "Total Cost": 4.47,
                                                                        "Plan Rows": 2,
                                                                        "Plan Width": 4,
                                                                        "Actual Startup Time": 0.006,
                                                                        "Actual Total Time": 0.008,
                                                                        "Actual Rows": 4,
                                                                        "Actual Loops": 2865,
                                                                        "Output": [
                                                                            "an.id",
                                                                            "an.person_id",
                                                                            "an.name",
                                                                            "an.imdb_index",
                                                                            "an.name_pcode_cf",
                                                                            "an.name_pcode_nf",
                                                                            "an.surname_pcode",
                                                                            "an.md5sum"
                                                                        ],
                                                                        "Recheck Cond": "(an.person_id = pi.person_id)",
                                                                        "Rows Removed by Index Recheck": 0,
                                                                        "Exact Heap Blocks": 5730,
                                                                        "Lossy Heap Blocks": 0,
                                                                        "Plans": [
                                                                            {
                                                                                "Node Type": "Bitmap Index Scan",
                                                                                "Parent Relationship": "Outer",
                                                                                "Parallel Aware": false,
                                                                                "Index Name": "person_id_aka_name",
                                                                                "Startup Cost": 0.0,
                                                                                "Total Cost": 0.44,
                                                                                "Plan Rows": 2,
                                                                                "Plan Width": 0,
                                                                                "Actual Startup Time": 0.004,
                                                                                "Actual Total Time": 0.004,
                                                                                "Actual Rows": 4,
                                                                                "Actual Loops": 2865,
                                                                                "Index Cond": "(an.person_id = pi.person_id)"
                                                                            }
                                                                        ]
                                                                    }
                                                                ]
                                                            },
                                                            {
                                                                "Node Type": "Bitmap Heap Scan",
                                                                "Parent Relationship": "Inner",
                                                                "Parallel Aware": false,
                                                                "Relation Name": "keyword",
                                                                "Schema": "public",
                                                                "Alias": "k",
                                                                "Startup Cost": 0.43,
                                                                "Total Cost": 4.44,
                                                                "Plan Rows": 1,
                                                                "Plan Width": 4,
                                                                "Actual Startup Time": 0.005,
                                                                "Actual Total Time": 0.005,
                                                                "Actual Rows": 0,
                                                                "Actual Loops": 10419,
                                                                "Output": [
                                                                    "k.id",
                                                                    "k.keyword",
                                                                    "k.phonetic_code"
                                                                ],
                                                                "Recheck Cond": "(k.id = mk.keyword_id)",
                                                                "Rows Removed by Index Recheck": 0,
                                                                "Filter": "(k.keyword = 'computer-animation'::text)",
                                                                "Rows Removed by Filter": 1,
                                                                "Exact Heap Blocks": 10419,
                                                                "Lossy Heap Blocks": 0,
                                                                "Plans": [
                                                                    {
                                                                        "Node Type": "Bitmap Index Scan",
                                                                        "Parent Relationship": "Outer",
                                                                        "Parallel Aware": false,
                                                                        "Index Name": "keyword_pkey",
                                                                        "Startup Cost": 0.0,
                                                                        "Total Cost": 0.43,
                                                                        "Plan Rows": 1,
                                                                        "Plan Width": 0,
                                                                        "Actual Startup Time": 0.003,
                                                                        "Actual Total Time": 0.003,
                                                                        "Actual Rows": 1,
                                                                        "Actual Loops": 10419,
                                                                        "Index Cond": "(k.id = mk.keyword_id)"
                                                                    }
                                                                ]
                                                            }
                                                        ]
                                                    }
                                                ]
                                            }
                                        ]
                                    },
                                    {
                                        "Node Type": "Hash",
                                        "Parent Relationship": "Inner",
                                        "Parallel Aware": false,
                                        "Startup Cost": 10000000001.15,
                                        "Total Cost": 10000000001.15,
                                        "Plan Rows": 1,
                                        "Plan Width": 4,
                                        "Actual Startup Time": 0.012,
                                        "Actual Total Time": 0.013,
                                        "Actual Rows": 1,
                                        "Actual Loops": 1,
                                        "Output": [
                                            "rt.id"
                                        ],
                                        "Hash Buckets": 1024,
                                        "Original Hash Buckets": 1024,
                                        "Hash Batches": 1,
                                        "Original Hash Batches": 1,
                                        "Peak Memory Usage": 9,
                                        "Plans": [
                                            {
                                                "Node Type": "Seq Scan",
                                                "Parent Relationship": "Outer",
                                                "Parallel Aware": false,
                                                "Relation Name": "role_type",
                                                "Schema": "public",
                                                "Alias": "rt",
                                                "Startup Cost": 10000000000.0,
                                                "Total Cost": 10000000001.15,
                                                "Plan Rows": 1,
                                                "Plan Width": 4,
                                                "Actual Startup Time": 0.009,
                                                "Actual Total Time": 0.01,
                                                "Actual Rows": 1,
                                                "Actual Loops": 1,
                                                "Output": [
                                                    "rt.id"
                                                ],
                                                "Filter": "((rt.role)::text = 'actress'::text)",
                                                "Rows Removed by Filter": 11
                                            }
                                        ]
                                    }
                                ]
                            }
                        ]
                    }
                ]
            }
        ]
    },
    "Planning Time": 2124.035,
    "Triggers": [],
    "Execution Time": 5884.71
}