{
  "Plan": {
    "Node Type": "Aggregate",
    "Strategy": "Plain",
    "Partial Mode": "Finalize",
    "Parallel Aware": false,
    "Startup Cost": 100448.68,
    "Total Cost": 100448.69,
    "Plan Rows": 1,
    "Plan Width": 8,
    "Actual Startup Time": 352.298,
    "Actual Total Time": 368.911,
    "Actual Rows": 1,
    "Actual Loops": 1,
    "Plans": [
      {
        "Node Type": "Gather",
        "Parent Relationship": "Outer",
        "Parallel Aware": false,
        "Startup Cost": 100448.56,
        "Total Cost": 100448.67,
        "Plan Rows": 1,
        "Plan Width": 8,
        "Actual Startup Time": 351.164,
        "Actual Total Time": 368.901,
        "Actual Rows": 2,
        "Actual Loops": 1,
        "Workers Planned": 1,
        "Workers Launched": 1,
        "Single Copy": false,
        "Plans": [
          {
            "Node Type": "Aggregate",
            "Strategy": "Plain",
            "Partial Mode": "Partial",
            "Parent Relationship": "Outer",
            "Parallel Aware": false,
            "Startup Cost": 99448.56,
            "Total Cost": 99448.57,
            "Plan Rows": 1,
            "Plan Width": 8,
            "Actual Startup Time": 345.36,
            "Actual Total Time": 345.364,
            "Actual Rows": 1,
            "Actual Loops": 2,
            "Plans": [
              {
                "Node Type": "Hash Join",
                "Parent Relationship": "Outer",
                "Parallel Aware": true,
                "Join Type": "Inner",
                "Startup Cost": 70861.05,
                "Total Cost": 99342.93,
                "Plan Rows": 42252,
                "Plan Width": 0,
                "Actual Startup Time": 236.969,
                "Actual Total Time": 342.448,
                "Actual Rows": 53252,
                "Actual Loops": 2,
                "Inner Unique": true,
                "Hash Cond": "(mk.movie_id = t.id)",
                "Plans": [
                  {
                    "Node Type": "Bitmap Heap Scan",
                    "Parent Relationship": "Outer",
                    "Parallel Aware": true,
                    "Relation Name": "movie_keyword",
                    "Alias": "mk",
                    "Startup Cost": 9605.02,
                    "Total Cost": 37387.85,
                    "Plan Rows": 266306,
                    "Plan Width": 4,
                    "Actual Startup Time": 27.284,
                    "Actual Total Time": 93.661,
                    "Actual Rows": 222038,
                    "Actual Loops": 2,
                    "Recheck Cond": "(keyword_id > 39879)",
                    "Rows Removed by Index Recheck": 0,
                    "Exact Heap Blocks": 15354,
                    "Lossy Heap Blocks": 0,
                    "Plans": [
                      {
                        "Node Type": "Bitmap Index Scan",
                        "Parent Relationship": "Outer",
                        "Parallel Aware": false,
                        "Index Name": "keyword_id_movie_keyword",
                        "Startup Cost": 0.0,
                        "Total Cost": 9491.84,
                        "Plan Rows": 452721,
                        "Plan Width": 0,
                        "Actual Startup Time": 23.902,
                        "Actual Total Time": 23.902,
                        "Actual Rows": 444075,
                        "Actual Loops": 1,
                        "Index Cond": "(keyword_id > 39879)"
                      }
                    ]
                  },
                  {
                    "Node Type": "Hash",
                    "Parent Relationship": "Inner",
                    "Parallel Aware": true,
                    "Startup Cost": 58306.47,
                    "Total Cost": 58306.47,
                    "Plan Rows": 235965,
                    "Plan Width": 4,
                    "Actual Startup Time": 203.945,
                    "Actual Total Time": 203.946,
                    "Actual Rows": 167996,
                    "Actual Loops": 2,
                    "Hash Buckets": 524288,
                    "Original Hash Buckets": 524288,
                    "Hash Batches": 1,
                    "Original Hash Batches": 1,
                    "Peak Memory Usage": 17280,
                    "Plans": [
                      {
                        "Node Type": "Seq Scan",
                        "Parent Relationship": "Outer",
                        "Parallel Aware": true,
                        "Relation Name": "title",
                        "Alias": "t",
                        "Startup Cost": 0.0,
                        "Total Cost": 58306.47,
                        "Plan Rows": 235965,
                        "Plan Width": 4,
                        "Actual Startup Time": 0.082,
                        "Actual Total Time": 160.435,
                        "Actual Rows": 167996,
                        "Actual Loops": 2,
                        "Filter": "((kind_id < 7) AND (production_year > 2005))",
                        "Rows Removed by Filter": 1096160
                      }
                    ]
                  }
                ]
              }
            ]
          }
        ]
      }
    ]
  },
  "Planning Time": 0.537,
  "Triggers": [],
  "Execution Time": 369.009
}