[
  {
    "Plan": {
      "Node Type": "Aggregate",
      "Strategy": "Plain",
      "Partial Mode": "Finalize",
      "Parallel Aware": false,
      "Startup Cost": 564412.86,
      "Total Cost": 564412.87,
      "Plan Rows": 1,
      "Plan Width": 8,
      "Actual Startup Time": 2427.829,
      "Actual Total Time": 2476.216,
      "Actual Rows": 1,
      "Actual Loops": 1,
      "Plans": [
        {
          "Node Type": "Gather",
          "Parent Relationship": "Outer",
          "Parallel Aware": false,
          "Startup Cost": 564412.33,
          "Total Cost": 564412.84,
          "Plan Rows": 5,
          "Plan Width": 8,
          "Actual Startup Time": 2405.365,
          "Actual Total Time": 2476.206,
          "Actual Rows": 6,
          "Actual Loops": 1,
          "Workers Planned": 5,
          "Workers Launched": 5,
          "Single Copy": false,
          "Plans": [
            {
              "Node Type": "Aggregate",
              "Strategy": "Plain",
              "Partial Mode": "Partial",
              "Parent Relationship": "Outer",
              "Parallel Aware": false,
              "Startup Cost": 563412.33,
              "Total Cost": 563412.34,
              "Plan Rows": 1,
              "Plan Width": 8,
              "Actual Startup Time": 2389.265,
              "Actual Total Time": 2389.286,
              "Actual Rows": 1,
              "Actual Loops": 6,
              "Plans": [
                {
                  "Node Type": "Hash Join",
                  "Parent Relationship": "Outer",
                  "Parallel Aware": true,
                  "Join Type": "Inner",
                  "Startup Cost": 351832.48,
                  "Total Cost": 558053.27,
                  "Plan Rows": 2143625,
                  "Plan Width": 0,
                  "Actual Startup Time": 779.175,
                  "Actual Total Time": 2207.837,
                  "Actual Rows": 3963345,
                  "Actual Loops": 6,
                  "Inner Unique": false,
                  "Hash Cond": "(mi.movie_id = t.id)",
                  "Plans": [
                    {
                      "Node Type": "Seq Scan",
                      "Parent Relationship": "Outer",
                      "Parallel Aware": true,
                      "Relation Name": "movie_info",
                      "Alias": "mi",
                      "Startup Cost": 0.0,
                      "Total Cost": 191560.33,
                      "Plan Rows": 2956733,
                      "Plan Width": 4,
                      "Actual Startup Time": 0.035,
                      "Actual Total Time": 318.723,
                      "Actual Rows": 2472620,
                      "Actual Loops": 6
                    },
                    {
                      "Node Type": "Hash",
                      "Parent Relationship": "Inner",
                      "Parallel Aware": true,
                      "Startup Cost": 348013.72,
                      "Total Cost": 348013.72,
                      "Plan Rows": 305501,
                      "Plan Width": 8,
                      "Actual Startup Time": 773.969,
                      "Actual Total Time": 773.989,
                      "Actual Rows": 309598,
                      "Actual Loops": 6,
                      "Hash Buckets": 2097152,
                      "Original Hash Buckets": 2097152,
                      "Hash Batches": 1,
                      "Original Hash Batches": 1,
                      "Peak Memory Usage": 89152,
                      "Plans": [
                        {
                          "Node Type": "Hash Join",
                          "Parent Relationship": "Outer",
                          "Parallel Aware": true,
                          "Join Type": "Inner",
                          "Startup Cost": 90706.01,
                          "Total Cost": 348013.72,
                          "Plan Rows": 305501,
                          "Plan Width": 8,
                          "Actual Startup Time": 412.754,
                          "Actual Total Time": 643.019,
                          "Actual Rows": 309598,
                          "Actual Loops": 6,
                          "Inner Unique": true,
                          "Hash Cond": "(ci.movie_id = t.id)",
                          "Plans": [
                            {
                              "Node Type": "Bitmap Heap Scan",
                              "Parent Relationship": "Outer",
                              "Parallel Aware": true,
                              "Relation Name": "cast_info",
                              "Alias": "ci",
                              "Startup Cost": 40486.37,
                              "Total Cost": 296992.13,
                              "Plan Rows": 305501,
                              "Plan Width": 4,
                              "Actual Startup Time": 132.586,
                              "Actual Total Time": 186.487,
                              "Actual Rows": 309598,
                              "Actual Loops": 6,
                              "Recheck Cond": "(person_id < 182961)",
                              "Rows Removed by Index Recheck": 0,
                              "Exact Heap Blocks": 2981,
                              "Lossy Heap Blocks": 0,
                              "Plans": [
                                {
                                  "Node Type": "Bitmap Index Scan",
                                  "Parent Relationship": "Outer",
                                  "Parallel Aware": false,
                                  "Index Name": "person_id_cast_info",
                                  "Startup Cost": 0.0,
                                  "Total Cost": 40028.12,
                                  "Plan Rows": 1833007,
                                  "Plan Width": 0,
                                  "Actual Startup Time": 127.87,
                                  "Actual Total Time": 127.87,
                                  "Actual Rows": 1857591,
                                  "Actual Loops": 1,
                                  "Index Cond": "(person_id < 182961)"
                                }
                              ]
                            },
                            {
                              "Node Type": "Hash",
                              "Parent Relationship": "Inner",
                              "Parallel Aware": true,
                              "Startup Cost": 42318.73,
                              "Total Cost": 42318.73,
                              "Plan Rows": 632073,
                              "Plan Width": 4,
                              "Actual Startup Time": 274.594,
                              "Actual Total Time": 274.595,
                              "Actual Rows": 421385,
                              "Actual Loops": 6,
                              "Hash Buckets": 4194304,
                              "Original Hash Buckets": 4194304,
                              "Hash Batches": 1,
                              "Original Hash Batches": 1,
                              "Peak Memory Usage": 131808,
                              "Plans": [
                                {
                                  "Node Type": "Seq Scan",
                                  "Parent Relationship": "Outer",
                                  "Parallel Aware": true,
                                  "Relation Name": "title",
                                  "Alias": "t",
                                  "Startup Cost": 0.0,
                                  "Total Cost": 42318.73,
                                  "Plan Rows": 632073,
                                  "Plan Width": 4,
                                  "Actual Startup Time": 0.04,
                                  "Actual Total Time": 81.206,
                                  "Actual Rows": 421385,
                                  "Actual Loops": 6
                                }
                              ]
                            }
                          ]
                        }
                      ]
                    }
                  ]
                }
              ]
            }
          ]
        }
      ]
    },
    "Planning Time": 1.403,
    "Triggers": [],
    "Execution Time": 2476.334
  }
]