[
  {
    "Plan": {
      "Node Type": "Aggregate",
      "Strategy": "Plain",
      "Partial Mode": "Finalize",
      "Parallel Aware": false,
      "Startup Cost": 46965.93,
      "Total Cost": 46965.94,
      "Plan Rows": 1,
      "Plan Width": 8,
      "Actual Startup Time": 205.723,
      "Actual Total Time": 231.633,
      "Actual Rows": 1,
      "Actual Loops": 1,
      "Plans": [
        {
          "Node Type": "Gather",
          "Parent Relationship": "Outer",
          "Parallel Aware": false,
          "Startup Cost": 46965.61,
          "Total Cost": 46965.92,
          "Plan Rows": 3,
          "Plan Width": 8,
          "Actual Startup Time": 205.582,
          "Actual Total Time": 231.616,
          "Actual Rows": 4,
          "Actual Loops": 1,
          "Workers Planned": 3,
          "Workers Launched": 3,
          "Single Copy": false,
          "Plans": [
            {
              "Node Type": "Aggregate",
              "Strategy": "Plain",
              "Partial Mode": "Partial",
              "Parent Relationship": "Outer",
              "Parallel Aware": false,
              "Startup Cost": 45965.61,
              "Total Cost": 45965.62,
              "Plan Rows": 1,
              "Plan Width": 8,
              "Actual Startup Time": 196.737,
              "Actual Total Time": 196.739,
              "Actual Rows": 1,
              "Actual Loops": 4,
              "Plans": [
                {
                  "Node Type": "Seq Scan",
                  "Parent Relationship": "Outer",
                  "Parallel Aware": true,
                  "Relation Name": "movie_keyword",
                  "Alias": "mk",
                  "Startup Cost": 0.0,
                  "Total Cost": 42695.65,
                  "Plan Rows": 1307982,
                  "Plan Width": 0,
                  "Actual Startup Time": 0.064,
                  "Actual Total Time": 143.394,
                  "Actual Rows": 1014661,
                  "Actual Loops": 4,
                  "Filter": "(keyword_id < 38259)",
                  "Rows Removed by Filter": 116321
                }
              ]
            }
          ]
        }
      ]
    },
    "Planning Time": 0.2,
    "Triggers": [],
    "Execution Time": 231.707
  }
]