[
    {
        "Bao": {
            "Bao prediction": "NaN",
            "Bao recommended hint": "(no hint)"
        }
    },
    {
        "Plan": {
            "Node Type": "Aggregate",
            "Strategy": "Plain",
            "Partial Mode": "Simple",
            "Parallel Aware": false,
            "Startup Cost": 14607.81,
            "Total Cost": 14607.82,
            "Plan Rows": 1,
            "Plan Width": 8,
            "Actual Startup Time": 10.673,
            "Actual Total Time": 10.675,
            "Actual Rows": 1,
            "Actual Loops": 1,
            "Output": [
                "count(*)"
            ],
            "Plans": [
                {
                    "Node Type": "Bitmap Heap Scan",
                    "Parent Relationship": "Outer",
                    "Parallel Aware": false,
                    "Relation Name": "movie_keyword",
                    "Schema": "public",
                    "Alias": "mk",
                    "Startup Cost": 137.52,
                    "Total Cost": 14591.98,
                    "Plan Rows": 6334,
                    "Plan Width": 0,
                    "Actual Startup Time": 1.952,
                    "Actual Total Time": 10.152,
                    "Actual Rows": 5392,
                    "Actual Loops": 1,
                    "Recheck Cond": "(mk.keyword_id = 460)",
                    "Rows Removed by Index Recheck": 0,
                    "Exact Heap Blocks": 4731,
                    "Lossy Heap Blocks": 0,
                    "Plans": [
                        {
                            "Node Type": "Bitmap Index Scan",
                            "Parent Relationship": "Outer",
                            "Parallel Aware": false,
                            "Index Name": "keyword_id_movie_keyword",
                            "Startup Cost": 0.0,
                            "Total Cost": 135.94,
                            "Plan Rows": 6334,
                            "Plan Width": 0,
                            "Actual Startup Time": 1.075,
                            "Actual Total Time": 1.076,
                            "Actual Rows": 5392,
                            "Actual Loops": 1,
                            "Index Cond": "(mk.keyword_id = 460)"
                        }
                    ]
                }
            ]
        },
        "Planning Time": 228.705,
        "Triggers": [],
        "Execution Time": 10.768
    }
]