[
  {
    "Plan": {
      "Node Type": "Aggregate",
      "Strategy": "Plain",
      "Partial Mode": "Finalize",
      "Parallel Aware": false,
      "Startup Cost": 33162.44,
      "Total Cost": 33162.45,
      "Plan Rows": 1,
      "Plan Width": 8,
      "Actual Startup Time": 109.079,
      "Actual Total Time": 114.467,
      "Actual Rows": 1,
      "Actual Loops": 1,
      "Plans": [
        {
          "Node Type": "Gather",
          "Parent Relationship": "Outer",
          "Parallel Aware": false,
          "Startup Cost": 33162.12,
          "Total Cost": 33162.43,
          "Plan Rows": 3,
          "Plan Width": 8,
          "Actual Startup Time": 108.804,
          "Actual Total Time": 114.457,
          "Actual Rows": 4,
          "Actual Loops": 1,
          "Workers Planned": 3,
          "Workers Launched": 3,
          "Single Copy": false,
          "Plans": [
            {
              "Node Type": "Aggregate",
              "Strategy": "Plain",
              "Partial Mode": "Partial",
              "Parent Relationship": "Outer",
              "Parallel Aware": false,
              "Startup Cost": 32162.12,
              "Total Cost": 32162.13,
              "Plan Rows": 1,
              "Plan Width": 8,
              "Actual Startup Time": 101.674,
              "Actual Total Time": 101.675,
              "Actual Rows": 1,
              "Actual Loops": 4,
              "Plans": [
                {
                  "Node Type": "Bitmap Heap Scan",
                  "Parent Relationship": "Outer",
                  "Parallel Aware": true,
                  "Relation Name": "movie_keyword",
                  "Alias": "mk",
                  "Startup Cost": 6276.85,
                  "Total Cost": 31923.58,
                  "Plan Rows": 95418,
                  "Plan Width": 0,
                  "Actual Startup Time": 35.345,
                  "Actual Total Time": 96.701,
                  "Actual Rows": 74954,
                  "Actual Loops": 4,
                  "Recheck Cond": "(keyword_id > 53924)",
                  "Rows Removed by Index Recheck": 0,
                  "Exact Heap Blocks": 11231,
                  "Lossy Heap Blocks": 0,
                  "Plans": [
                    {
                      "Node Type": "Bitmap Index Scan",
                      "Parent Relationship": "Outer",
                      "Parallel Aware": false,
                      "Index Name": "keyword_id_movie_keyword",
                      "Startup Cost": 0.0,
                      "Total Cost": 6202.9,
                      "Plan Rows": 295796,
                      "Plan Width": 0,
                      "Actual Startup Time": 37.169,
                      "Actual Total Time": 37.169,
                      "Actual Rows": 299815,
                      "Actual Loops": 1,
                      "Index Cond": "(keyword_id > 53924)"
                    }
                  ]
                }
              ]
            }
          ]
        }
      ]
    },
    "Planning Time": 0.158,
    "Triggers": [],
    "Execution Time": 114.534
  }
]