[
  {
    "Plan": {
      "Node Type": "Aggregate",
      "Strategy": "Plain",
      "Partial Mode": "Finalize",
      "Parallel Aware": false,
      "Startup Cost": 33401.79,
      "Total Cost": 33401.8,
      "Plan Rows": 1,
      "Plan Width": 8,
      "Actual Startup Time": 104.811,
      "Actual Total Time": 112.529,
      "Actual Rows": 1,
      "Actual Loops": 1,
      "Plans": [
        {
          "Node Type": "Gather",
          "Parent Relationship": "Outer",
          "Parallel Aware": false,
          "Startup Cost": 33401.47,
          "Total Cost": 33401.78,
          "Plan Rows": 3,
          "Plan Width": 8,
          "Actual Startup Time": 104.431,
          "Actual Total Time": 112.519,
          "Actual Rows": 4,
          "Actual Loops": 1,
          "Workers Planned": 3,
          "Workers Launched": 3,
          "Single Copy": false,
          "Plans": [
            {
              "Node Type": "Aggregate",
              "Strategy": "Plain",
              "Partial Mode": "Partial",
              "Parent Relationship": "Outer",
              "Parallel Aware": false,
              "Startup Cost": 32401.47,
              "Total Cost": 32401.48,
              "Plan Rows": 1,
              "Plan Width": 8,
              "Actual Startup Time": 95.431,
              "Actual Total Time": 95.433,
              "Actual Rows": 1,
              "Actual Loops": 4,
              "Plans": [
                {
                  "Node Type": "Bitmap Heap Scan",
                  "Parent Relationship": "Outer",
                  "Parallel Aware": true,
                  "Relation Name": "movie_keyword",
                  "Alias": "mk",
                  "Startup Cost": 6471.86,
                  "Total Cost": 32155.54,
                  "Plan Rows": 98374,
                  "Plan Width": 0,
                  "Actual Startup Time": 32.836,
                  "Actual Total Time": 90.704,
                  "Actual Rows": 74954,
                  "Actual Loops": 4,
                  "Recheck Cond": "(keyword_id > 53924)",
                  "Rows Removed by Index Recheck": 0,
                  "Exact Heap Blocks": 11348,
                  "Lossy Heap Blocks": 0,
                  "Plans": [
                    {
                      "Node Type": "Bitmap Index Scan",
                      "Parent Relationship": "Outer",
                      "Parallel Aware": false,
                      "Index Name": "keyword_id_movie_keyword",
                      "Startup Cost": 0.0,
                      "Total Cost": 6395.62,
                      "Plan Rows": 304959,
                      "Plan Width": 0,
                      "Actual Startup Time": 36.609,
                      "Actual Total Time": 36.609,
                      "Actual Rows": 299815,
                      "Actual Loops": 1,
                      "Index Cond": "(keyword_id > 53924)"
                    }
                  ]
                }
              ]
            }
          ]
        }
      ]
    },
    "Planning Time": 0.15,
    "Triggers": [],
    "Execution Time": 112.594
  }
]