[
  {
    "Plan": {
      "Node Type": "Aggregate",
      "Strategy": "Plain",
      "Partial Mode": "Finalize",
      "Parallel Aware": false,
      "Startup Cost": 60147.64,
      "Total Cost": 60147.65,
      "Plan Rows": 1,
      "Plan Width": 8,
      "Actual Startup Time": 225.27,
      "Actual Total Time": 260.155,
      "Actual Rows": 1,
      "Actual Loops": 1,
      "Plans": [
        {
          "Node Type": "Gather",
          "Parent Relationship": "Outer",
          "Parallel Aware": false,
          "Startup Cost": 60147.42,
          "Total Cost": 60147.63,
          "Plan Rows": 2,
          "Plan Width": 8,
          "Actual Startup Time": 224.87,
          "Actual Total Time": 260.143,
          "Actual Rows": 3,
          "Actual Loops": 1,
          "Workers Planned": 2,
          "Workers Launched": 2,
          "Single Copy": false,
          "Plans": [
            {
              "Node Type": "Aggregate",
              "Strategy": "Plain",
              "Partial Mode": "Partial",
              "Parent Relationship": "Outer",
              "Parallel Aware": false,
              "Startup Cost": 59147.42,
              "Total Cost": 59147.43,
              "Plan Rows": 1,
              "Plan Width": 8,
              "Actual Startup Time": 220.947,
              "Actual Total Time": 220.956,
              "Actual Rows": 1,
              "Actual Loops": 3,
              "Plans": [
                {
                  "Node Type": "Hash Join",
                  "Parent Relationship": "Outer",
                  "Parallel Aware": true,
                  "Join Type": "Inner",
                  "Startup Cost": 43944.62,
                  "Total Cost": 59139.18,
                  "Plan Rows": 3297,
                  "Plan Width": 0,
                  "Actual Startup Time": 129.652,
                  "Actual Total Time": 220.714,
                  "Actual Rows": 3240,
                  "Actual Loops": 3,
                  "Inner Unique": true,
                  "Hash Cond": "(mi_idx.movie_id = t.id)",
                  "Plans": [
                    {
                      "Node Type": "Seq Scan",
                      "Parent Relationship": "Outer",
                      "Parallel Aware": true,
                      "Relation Name": "movie_info_idx",
                      "Alias": "mi_idx",
                      "Startup Cost": 0.0,
                      "Total Cost": 13685.15,
                      "Plan Rows": 575015,
                      "Plan Width": 4,
                      "Actual Startup Time": 0.01,
                      "Actual Total Time": 46.045,
                      "Actual Rows": 460012,
                      "Actual Loops": 3
                    },
                    {
                      "Node Type": "Hash",
                      "Parent Relationship": "Inner",
                      "Parallel Aware": true,
                      "Startup Cost": 43899.32,
                      "Total Cost": 43899.32,
                      "Plan Rows": 3624,
                      "Plan Width": 4,
                      "Actual Startup Time": 128.518,
                      "Actual Total Time": 128.52,
                      "Actual Rows": 4685,
                      "Actual Loops": 3,
                      "Hash Buckets": 16384,
                      "Original Hash Buckets": 16384,
                      "Hash Batches": 1,
                      "Original Hash Batches": 1,
                      "Peak Memory Usage": 736,
                      "Plans": [
                        {
                          "Node Type": "Seq Scan",
                          "Parent Relationship": "Outer",
                          "Parallel Aware": true,
                          "Relation Name": "title",
                          "Alias": "t",
                          "Startup Cost": 0.0,
                          "Total Cost": 43899.32,
                          "Plan Rows": 3624,
                          "Plan Width": 4,
                          "Actual Startup Time": 0.105,
                          "Actual Total Time": 125.915,
                          "Actual Rows": 4685,
                          "Actual Loops": 3,
                          "Filter": "(production_year = 1975)",
                          "Rows Removed by Filter": 838086
                        }
                      ]
                    }
                  ]
                }
              ]
            }
          ]
        }
      ]
    },
    "Planning Time": 0.368,
    "Triggers": [],
    "Execution Time": 260.212
  }
]