[
  {
    "Plan": {
      "Node Type": "Aggregate",
      "Strategy": "Plain",
      "Partial Mode": "Finalize",
      "Parallel Aware": false,
      "Startup Cost": 59940.45,
      "Total Cost": 59940.46,
      "Plan Rows": 1,
      "Plan Width": 8,
      "Actual Startup Time": 109.707,
      "Actual Total Time": 124.467,
      "Actual Rows": 1,
      "Actual Loops": 1,
      "Plans": [
        {
          "Node Type": "Gather",
          "Parent Relationship": "Outer",
          "Parallel Aware": false,
          "Startup Cost": 59940.03,
          "Total Cost": 59940.44,
          "Plan Rows": 4,
          "Plan Width": 8,
          "Actual Startup Time": 109.576,
          "Actual Total Time": 124.459,
          "Actual Rows": 5,
          "Actual Loops": 1,
          "Workers Planned": 4,
          "Workers Launched": 4,
          "Single Copy": false,
          "Plans": [
            {
              "Node Type": "Aggregate",
              "Strategy": "Plain",
              "Partial Mode": "Partial",
              "Parent Relationship": "Outer",
              "Parallel Aware": false,
              "Startup Cost": 58940.03,
              "Total Cost": 58940.04,
              "Plan Rows": 1,
              "Plan Width": 8,
              "Actual Startup Time": 100.491,
              "Actual Total Time": 100.492,
              "Actual Rows": 1,
              "Actual Loops": 5,
              "Plans": [
                {
                  "Node Type": "Nested Loop",
                  "Parent Relationship": "Outer",
                  "Parallel Aware": false,
                  "Join Type": "Inner",
                  "Startup Cost": 0.43,
                  "Total Cost": 58935.61,
                  "Plan Rows": 1771,
                  "Plan Width": 0,
                  "Actual Startup Time": 1.152,
                  "Actual Total Time": 100.306,
                  "Actual Rows": 1944,
                  "Actual Loops": 5,
                  "Inner Unique": false,
                  "Plans": [
                    {
                      "Node Type": "Seq Scan",
                      "Parent Relationship": "Outer",
                      "Parallel Aware": true,
                      "Relation Name": "title",
                      "Alias": "t",
                      "Startup Cost": 0.0,
                      "Total Cost": 43898.92,
                      "Plan Rows": 3245,
                      "Plan Width": 4,
                      "Actual Startup Time": 0.179,
                      "Actual Total Time": 82.983,
                      "Actual Rows": 2811,
                      "Actual Loops": 5,
                      "Filter": "(production_year = 1975)",
                      "Rows Removed by Filter": 502852
                    },
                    {
                      "Node Type": "Index Only Scan",
                      "Parent Relationship": "Inner",
                      "Parallel Aware": false,
                      "Scan Direction": "Forward",
                      "Index Name": "movie_id_movie_info_idx",
                      "Relation Name": "movie_info_idx",
                      "Alias": "mi_idx",
                      "Startup Cost": 0.43,
                      "Total Cost": 4.6,
                      "Plan Rows": 3,
                      "Plan Width": 4,
                      "Actual Startup Time": 0.005,
                      "Actual Total Time": 0.006,
                      "Actual Rows": 1,
                      "Actual Loops": 14054,
                      "Index Cond": "(movie_id = t.id)",
                      "Rows Removed by Index Recheck": 0,
                      "Heap Fetches": 9719
                    }
                  ]
                }
              ]
            }
          ]
        }
      ]
    },
    "Planning Time": 0.564,
    "Triggers": [],
    "Execution Time": 124.537
  }
]