[
    {
        "Bao": {
            "Bao prediction": "NaN",
            "Bao recommended hint": "(no hint)"
        }
    },
    {
        "Plan": {
            "Node Type": "Aggregate",
            "Strategy": "Plain",
            "Partial Mode": "Finalize",
            "Parallel Aware": false,
            "Startup Cost": 347615.93,
            "Total Cost": 347615.94,
            "Plan Rows": 1,
            "Plan Width": 8,
            "Actual Startup Time": 561.893,
            "Actual Total Time": 583.58,
            "Actual Rows": 1,
            "Actual Loops": 1,
            "Output": [
                "count(*)"
            ],
            "Plans": [
                {
                    "Node Type": "Gather",
                    "Parent Relationship": "Outer",
                    "Parallel Aware": false,
                    "Startup Cost": 347615.31,
                    "Total Cost": 347615.92,
                    "Plan Rows": 6,
                    "Plan Width": 8,
                    "Actual Startup Time": 561.78,
                    "Actual Total Time": 583.572,
                    "Actual Rows": 7,
                    "Actual Loops": 1,
                    "Output": [
                        "(PARTIAL count(*))"
                    ],
                    "Workers Planned": 6,
                    "Workers Launched": 6,
                    "Single Copy": false,
                    "Plans": [
                        {
                            "Node Type": "Aggregate",
                            "Strategy": "Plain",
                            "Partial Mode": "Partial",
                            "Parent Relationship": "Outer",
                            "Parallel Aware": false,
                            "Startup Cost": 346615.31,
                            "Total Cost": 346615.32,
                            "Plan Rows": 1,
                            "Plan Width": 8,
                            "Actual Startup Time": 552.103,
                            "Actual Total Time": 552.104,
                            "Actual Rows": 1,
                            "Actual Loops": 7,
                            "Output": [
                                "PARTIAL count(*)"
                            ],
                            "Workers": [
                                {
                                    "Worker Number": 0,
                                    "Actual Startup Time": 549.419,
                                    "Actual Total Time": 549.42,
                                    "Actual Rows": 1,
                                    "Actual Loops": 1
                                },
                                {
                                    "Worker Number": 1,
                                    "Actual Startup Time": 550.106,
                                    "Actual Total Time": 550.106,
                                    "Actual Rows": 1,
                                    "Actual Loops": 1
                                },
                                {
                                    "Worker Number": 2,
                                    "Actual Startup Time": 550.57,
                                    "Actual Total Time": 550.572,
                                    "Actual Rows": 1,
                                    "Actual Loops": 1
                                },
                                {
                                    "Worker Number": 3,
                                    "Actual Startup Time": 550.925,
                                    "Actual Total Time": 550.926,
                                    "Actual Rows": 1,
                                    "Actual Loops": 1
                                },
                                {
                                    "Worker Number": 4,
                                    "Actual Startup Time": 550.93,
                                    "Actual Total Time": 550.93,
                                    "Actual Rows": 1,
                                    "Actual Loops": 1
                                },
                                {
                                    "Worker Number": 5,
                                    "Actual Startup Time": 551.388,
                                    "Actual Total Time": 551.389,
                                    "Actual Rows": 1,
                                    "Actual Loops": 1
                                }
                            ],
                            "Plans": [
                                {
                                    "Node Type": "Seq Scan",
                                    "Parent Relationship": "Outer",
                                    "Parallel Aware": true,
                                    "Relation Name": "cast_info",
                                    "Schema": "public",
                                    "Alias": "ci",
                                    "Startup Cost": 0.0,
                                    "Total Cost": 343318.94,
                                    "Plan Rows": 1318547,
                                    "Plan Width": 0,
                                    "Actual Startup Time": 198.467,
                                    "Actual Total Time": 531.645,
                                    "Actual Rows": 485535,
                                    "Actual Loops": 7,
                                    "Output": [
                                        "id",
                                        "person_id",
                                        "movie_id",
                                        "person_role_id",
                                        "note",
                                        "nr_order",
                                        "role_id"
                                    ],
                                    "Filter": "((ci.person_id < 1206383) AND (ci.role_id > 1))",
                                    "Rows Removed by Filter": 4692228,
                                    "Workers": [
                                        {
                                            "Worker Number": 0,
                                            "Actual Startup Time": 194.57,
                                            "Actual Total Time": 529.824,
                                            "Actual Rows": 448846,
                                            "Actual Loops": 1
                                        },
                                        {
                                            "Worker Number": 1,
                                            "Actual Startup Time": 195.411,
                                            "Actual Total Time": 530.297,
                                            "Actual Rows": 468857,
                                            "Actual Loops": 1
                                        },
                                        {
                                            "Worker Number": 2,
                                            "Actual Startup Time": 196.546,
                                            "Actual Total Time": 530.815,
                                            "Actual Rows": 466991,
                                            "Actual Loops": 1
                                        },
                                        {
                                            "Worker Number": 3,
                                            "Actual Startup Time": 197.38,
                                            "Actual Total Time": 531.215,
                                            "Actual Rows": 466286,
                                            "Actual Loops": 1
                                        },
                                        {
                                            "Worker Number": 4,
                                            "Actual Startup Time": 196.33,
                                            "Actual Total Time": 531.068,
                                            "Actual Rows": 469150,
                                            "Actual Loops": 1
                                        },
                                        {
                                            "Worker Number": 5,
                                            "Actual Startup Time": 202.11,
                                            "Actual Total Time": 531.433,
                                            "Actual Rows": 472028,
                                            "Actual Loops": 1
                                        }
                                    ]
                                }
                            ]
                        }
                    ]
                }
            ]
        },
        "Planning Time": 184.468,
        "Triggers": [],
        "Execution Time": 583.636
    }
]