{
  "Plan": {
    "Node Type": "Aggregate",
    "Strategy": "Plain",
    "Partial Mode": "Finalize",
    "Parallel Aware": false,
    "Startup Cost": 125881.31,
    "Total Cost": 125881.32,
    "Plan Rows": 1,
    "Plan Width": 8,
    "Actual Startup Time": 626.915,
    "Actual Total Time": 647.076,
    "Actual Rows": 1,
    "Actual Loops": 1,
    "Plans": [
      {
        "Node Type": "Gather",
        "Parent Relationship": "Outer",
        "Parallel Aware": false,
        "Startup Cost": 125881.19,
        "Total Cost": 125881.3,
        "Plan Rows": 1,
        "Plan Width": 8,
        "Actual Startup Time": 624.663,
        "Actual Total Time": 647.067,
        "Actual Rows": 2,
        "Actual Loops": 1,
        "Workers Planned": 1,
        "Workers Launched": 1,
        "Single Copy": false,
        "Plans": [
          {
            "Node Type": "Aggregate",
            "Strategy": "Plain",
            "Partial Mode": "Partial",
            "Parent Relationship": "Outer",
            "Parallel Aware": false,
            "Startup Cost": 124881.19,
            "Total Cost": 124881.2,
            "Plan Rows": 1,
            "Plan Width": 8,
            "Actual Startup Time": 619.166,
            "Actual Total Time": 619.169,
            "Actual Rows": 1,
            "Actual Loops": 2,
            "Plans": [
              {
                "Node Type": "Hash Join",
                "Parent Relationship": "Outer",
                "Parallel Aware": true,
                "Join Type": "Inner",
                "Startup Cost": 63530.56,
                "Total Cost": 124114.29,
                "Plan Rows": 306761,
                "Plan Width": 0,
                "Actual Startup Time": 285.903,
                "Actual Total Time": 613.005,
                "Actual Rows": 123768,
                "Actual Loops": 2,
                "Inner Unique": true,
                "Hash Cond": "(mk.movie_id = t.id)",
                "Plans": [
                  {
                    "Node Type": "Seq Scan",
                    "Parent Relationship": "Outer",
                    "Parallel Aware": true,
                    "Relation Name": "movie_keyword",
                    "Alias": "mk",
                    "Startup Cost": 0.0,
                    "Total Cost": 57718.19,
                    "Plan Rows": 1091636,
                    "Plan Width": 4,
                    "Actual Startup Time": 0.747,
                    "Actual Total Time": 210.259,
                    "Actual Rows": 928592,
                    "Actual Loops": 2,
                    "Filter": "(keyword_id > 7441)",
                    "Rows Removed by Filter": 1333373
                  },
                  {
                    "Node Type": "Hash",
                    "Parent Relationship": "Inner",
                    "Parallel Aware": true,
                    "Startup Cost": 58306.47,
                    "Total Cost": 58306.47,
                    "Plan Rows": 417927,
                    "Plan Width": 4,
                    "Actual Startup Time": 275.711,
                    "Actual Total Time": 275.712,
                    "Actual Rows": 302285,
                    "Actual Loops": 2,
                    "Hash Buckets": 1048576,
                    "Original Hash Buckets": 1048576,
                    "Hash Batches": 1,
                    "Original Hash Batches": 1,
                    "Peak Memory Usage": 31872,
                    "Plans": [
                      {
                        "Node Type": "Seq Scan",
                        "Parent Relationship": "Outer",
                        "Parallel Aware": true,
                        "Relation Name": "title",
                        "Alias": "t",
                        "Startup Cost": 0.0,
                        "Total Cost": 58306.47,
                        "Plan Rows": 417927,
                        "Plan Width": 4,
                        "Actual Startup Time": 0.027,
                        "Actual Total Time": 181.573,
                        "Actual Rows": 302285,
                        "Actual Loops": 2,
                        "Filter": "((kind_id > 1) AND (production_year < 1999))",
                        "Rows Removed by Filter": 961871
                      }
                    ]
                  }
                ]
              }
            ]
          }
        ]
      }
    ]
  },
  "Planning Time": 0.672,
  "Triggers": [],
  "Execution Time": 647.145
}