{
  "Plan": {
    "Node Type": "Aggregate",
    "Strategy": "Plain",
    "Partial Mode": "Finalize",
    "Parallel Aware": false,
    "Startup Cost": 77238.12,
    "Total Cost": 77238.13,
    "Plan Rows": 1,
    "Plan Width": 8,
    "Actual Startup Time": 154.886,
    "Actual Total Time": 169.307,
    "Actual Rows": 1,
    "Actual Loops": 1,
    "Plans": [
      {
        "Node Type": "Gather",
        "Parent Relationship": "Outer",
        "Parallel Aware": false,
        "Startup Cost": 77238.01,
        "Total Cost": 77238.12,
        "Plan Rows": 1,
        "Plan Width": 8,
        "Actual Startup Time": 154.757,
        "Actual Total Time": 169.3,
        "Actual Rows": 2,
        "Actual Loops": 1,
        "Workers Planned": 1,
        "Workers Launched": 1,
        "Single Copy": false,
        "Plans": [
          {
            "Node Type": "Aggregate",
            "Strategy": "Plain",
            "Partial Mode": "Partial",
            "Parent Relationship": "Outer",
            "Parallel Aware": false,
            "Startup Cost": 76238.01,
            "Total Cost": 76238.02,
            "Plan Rows": 1,
            "Plan Width": 8,
            "Actual Startup Time": 148.91,
            "Actual Total Time": 148.912,
            "Actual Rows": 1,
            "Actual Loops": 2,
            "Plans": [
              {
                "Node Type": "Nested Loop",
                "Parent Relationship": "Outer",
                "Parallel Aware": false,
                "Join Type": "Inner",
                "Startup Cost": 0.43,
                "Total Cost": 76235.41,
                "Plan Rows": 1039,
                "Plan Width": 0,
                "Actual Startup Time": 4.78,
                "Actual Total Time": 148.664,
                "Actual Rows": 3290,
                "Actual Loops": 2,
                "Inner Unique": false,
                "Plans": [
                  {
                    "Node Type": "Seq Scan",
                    "Parent Relationship": "Outer",
                    "Parallel Aware": true,
                    "Relation Name": "title",
                    "Alias": "t",
                    "Startup Cost": 0.0,
                    "Total Cost": 58306.47,
                    "Plan Rows": 1007,
                    "Plan Width": 4,
                    "Actual Startup Time": 4.611,
                    "Actual Total Time": 134.926,
                    "Actual Rows": 1374,
                    "Actual Loops": 2,
                    "Filter": "((kind_id < 4) AND (production_year = 1951))",
                    "Rows Removed by Filter": 1262782
                  },
                  {
                    "Node Type": "Index Only Scan",
                    "Parent Relationship": "Inner",
                    "Parallel Aware": false,
                    "Scan Direction": "Forward",
                    "Index Name": "movie_id_movie_companies",
                    "Relation Name": "movie_companies",
                    "Alias": "mc",
                    "Startup Cost": 0.43,
                    "Total Cost": 17.75,
                    "Plan Rows": 5,
                    "Plan Width": 4,
                    "Actual Startup Time": 0.008,
                    "Actual Total Time": 0.009,
                    "Actual Rows": 2,
                    "Actual Loops": 2748,
                    "Index Cond": "(movie_id = t.id)",
                    "Rows Removed by Index Recheck": 0,
                    "Heap Fetches": 6580
                  }
                ]
              }
            ]
          }
        ]
      }
    ]
  },
  "Planning Time": 0.473,
  "Triggers": [],
  "Execution Time": 169.378
}