{
  "Plan": {
    "Node Type": "Aggregate",
    "Strategy": "Plain",
    "Partial Mode": "Finalize",
    "Parallel Aware": false,
    "Startup Cost": 274281.62,
    "Total Cost": 274281.63,
    "Plan Rows": 1,
    "Plan Width": 8,
    "Actual Startup Time": 211.72,
    "Actual Total Time": 237.847,
    "Actual Rows": 1,
    "Actual Loops": 1,
    "Plans": [
      {
        "Node Type": "Gather",
        "Parent Relationship": "Outer",
        "Parallel Aware": false,
        "Startup Cost": 274281.5,
        "Total Cost": 274281.61,
        "Plan Rows": 1,
        "Plan Width": 8,
        "Actual Startup Time": 211.61,
        "Actual Total Time": 237.839,
        "Actual Rows": 2,
        "Actual Loops": 1,
        "Workers Planned": 1,
        "Workers Launched": 1,
        "Single Copy": false,
        "Plans": [
          {
            "Node Type": "Aggregate",
            "Strategy": "Plain",
            "Partial Mode": "Partial",
            "Parent Relationship": "Outer",
            "Parallel Aware": false,
            "Startup Cost": 273281.5,
            "Total Cost": 273281.51,
            "Plan Rows": 1,
            "Plan Width": 8,
            "Actual Startup Time": 205.679,
            "Actual Total Time": 205.68,
            "Actual Rows": 1,
            "Actual Loops": 2,
            "Plans": [
              {
                "Node Type": "Nested Loop",
                "Parent Relationship": "Outer",
                "Parallel Aware": false,
                "Join Type": "Inner",
                "Startup Cost": 0.56,
                "Total Cost": 273279.4,
                "Plan Rows": 840,
                "Plan Width": 0,
                "Actual Startup Time": 14.059,
                "Actual Total Time": 205.549,
                "Actual Rows": 1077,
                "Actual Loops": 2,
                "Inner Unique": false,
                "Plans": [
                  {
                    "Node Type": "Seq Scan",
                    "Parent Relationship": "Outer",
                    "Parallel Aware": true,
                    "Relation Name": "title",
                    "Alias": "t",
                    "Startup Cost": 0.0,
                    "Total Cost": 54588.39,
                    "Plan Rows": 1718,
                    "Plan Width": 4,
                    "Actual Startup Time": 0.957,
                    "Actual Total Time": 139.725,
                    "Actual Rows": 1758,
                    "Actual Loops": 2,
                    "Filter": "(production_year > 2013)",
                    "Rows Removed by Filter": 1262398
                  },
                  {
                    "Node Type": "Index Scan",
                    "Parent Relationship": "Inner",
                    "Parallel Aware": false,
                    "Scan Direction": "Forward",
                    "Index Name": "movie_id_cast_info",
                    "Relation Name": "cast_info",
                    "Alias": "ci",
                    "Startup Cost": 0.56,
                    "Total Cost": 127.28,
                    "Plan Rows": 1,
                    "Plan Width": 4,
                    "Actual Startup Time": 0.02,
                    "Actual Total Time": 0.037,
                    "Actual Rows": 1,
                    "Actual Loops": 3515,
                    "Index Cond": "(movie_id = t.id)",
                    "Rows Removed by Index Recheck": 0,
                    "Filter": "((person_id < 355887) AND (role_id = 1))",
                    "Rows Removed by Filter": 11
                  }
                ]
              }
            ]
          }
        ]
      }
    ]
  },
  "Planning Time": 0.551,
  "Triggers": [],
  "Execution Time": 237.926
}