{
  "Plan": {
    "Node Type": "Aggregate",
    "Strategy": "Plain",
    "Partial Mode": "Finalize",
    "Parallel Aware": false,
    "Startup Cost": 1051247.45,
    "Total Cost": 1051247.46,
    "Plan Rows": 1,
    "Plan Width": 96,
    "Actual Startup Time": 9747.17,
    "Actual Total Time": 9871.719,
    "Actual Rows": 1,
    "Actual Loops": 1,
    "Plans": [
      {
        "Node Type": "Gather",
        "Parent Relationship": "Outer",
        "Parallel Aware": false,
        "Startup Cost": 1051247.33,
        "Total Cost": 1051247.44,
        "Plan Rows": 1,
        "Plan Width": 96,
        "Actual Startup Time": 9726.606,
        "Actual Total Time": 9871.703,
        "Actual Rows": 2,
        "Actual Loops": 1,
        "Workers Planned": 1,
        "Workers Launched": 1,
        "Single Copy": false,
        "Plans": [
          {
            "Node Type": "Aggregate",
            "Strategy": "Plain",
            "Partial Mode": "Partial",
            "Parent Relationship": "Outer",
            "Parallel Aware": false,
            "Startup Cost": 1050247.33,
            "Total Cost": 1050247.34,
            "Plan Rows": 1,
            "Plan Width": 96,
            "Actual Startup Time": 9710.315,
            "Actual Total Time": 9710.332,
            "Actual Rows": 1,
            "Actual Loops": 2,
            "Plans": [
              {
                "Node Type": "Hash Join",
                "Parent Relationship": "Outer",
                "Parallel Aware": false,
                "Join Type": "Inner",
                "Startup Cost": 733459.45,
                "Total Cost": 1050247.31,
                "Plan Rows": 2,
                "Plan Width": 66,
                "Actual Startup Time": 7500.851,
                "Actual Total Time": 9702.466,
                "Actual Rows": 43018,
                "Actual Loops": 2,
                "Inner Unique": true,
                "Hash Cond": "(mi_idx.info_type_id = it2.id)",
                "Plans": [
                  {
                    "Node Type": "Nested Loop",
                    "Parent Relationship": "Outer",
                    "Parallel Aware": false,
                    "Join Type": "Inner",
                    "Startup Cost": 733457.03,
                    "Total Cost": 1050244.23,
                    "Plan Rows": 243,
                    "Plan Width": 70,
                    "Actual Startup Time": 7500.543,
                    "Actual Total Time": 9688.473,
                    "Actual Rows": 129636,
                    "Actual Loops": 2,
                    "Inner Unique": true,
                    "Plans": [
                      {
                        "Node Type": "Hash Join",
                        "Parent Relationship": "Outer",
                        "Parallel Aware": false,
                        "Join Type": "Inner",
                        "Startup Cost": 733456.6,
                        "Total Cost": 1049698.97,
                        "Plan Rows": 1064,
                        "Plan Width": 74,
                        "Actual Startup Time": 7499.989,
                        "Actual Total Time": 8009.87,
                        "Actual Rows": 834767,
                        "Actual Loops": 2,
                        "Inner Unique": true,
                        "Hash Cond": "(mi.info_type_id = it1.id)",
                        "Plans": [
                          {
                            "Node Type": "Hash Join",
                            "Parent Relationship": "Outer",
                            "Parallel Aware": true,
                            "Join Type": "Inner",
                            "Startup Cost": 733454.17,
                            "Total Cost": 1049369.24,
                            "Plan Rows": 120179,
                            "Plan Width": 78,
                            "Actual Startup Time": 7087.321,
                            "Actual Total Time": 7892.304,
                            "Actual Rows": 862092,
                            "Actual Loops": 2,
                            "Inner Unique": false,
                            "Hash Cond": "(mi.movie_id = t.id)",
                            "Plans": [
                              {
                                "Node Type": "Seq Scan",
                                "Parent Relationship": "Outer",
                                "Parallel Aware": true,
                                "Relation Name": "movie_info",
                                "Alias": "mi",
                                "Startup Cost": 0.0,
                                "Total Cost": 314746.6,
                                "Plan Rows": 123076,
                                "Plan Width": 51,
                                "Actual Startup Time": 623.36,
                                "Actual Total Time": 1166.377,
                                "Actual Rows": 103284,
                                "Actual Loops": 2,
                                "Filter": "(info = ANY ('{Horror,Crime,Thriller,Action,Family,War}'::text[]))",
                                "Rows Removed by Filter": 7314576
                              },
                              {
                                "Node Type": "Hash",
                                "Parent Relationship": "Inner",
                                "Parallel Aware": true,
                                "Startup Cost": 715302.08,
                                "Total Cost": 715302.08,
                                "Plan Rows": 1452167,
                                "Plan Width": 43,
                                "Actual Startup Time": 6440.545,
                                "Actual Total Time": 6440.555,
                                "Actual Rows": 2826912,
                                "Actual Loops": 2,
                                "Hash Buckets": 8388608,
                                "Original Hash Buckets": 4194304,
                                "Hash Batches": 1,
                                "Original Hash Batches": 1,
                                "Peak Memory Usage": 549344,
                                "Plans": [
                                  {
                                    "Node Type": "Hash Join",
                                    "Parent Relationship": "Outer",
                                    "Parallel Aware": true,
                                    "Join Type": "Inner",
                                    "Startup Cost": 97790.54,
                                    "Total Cost": 715302.08,
                                    "Plan Rows": 1452167,
                                    "Plan Width": 43,
                                    "Actual Startup Time": 1390.627,
                                    "Actual Total Time": 4929.116,
                                    "Actual Rows": 2826912,
                                    "Actual Loops": 2,
                                    "Inner Unique": false,
                                    "Hash Cond": "(ci.movie_id = t.id)",
                                    "Plans": [
                                      {
                                        "Node Type": "Seq Scan",
                                        "Parent Relationship": "Outer",
                                        "Parallel Aware": true,
                                        "Relation Name": "cast_info",
                                        "Alias": "ci",
                                        "Startup Cost": 0.0,
                                        "Total Cost": 598993.12,
                                        "Plan Rows": 2660341,
                                        "Plan Width": 8,
                                        "Actual Startup Time": 0.05,
                                        "Actual Total Time": 2191.653,
                                        "Actual Rows": 2242188,
                                        "Actual Loops": 2,
                                        "Filter": "(note = ANY ('{(producer),(writer),(voice),(uncredited),\"(executive producer)\"}'::text[]))",
                                        "Rows Removed by Filter": 15879984
                                      },
                                      {
                                        "Node Type": "Hash",
                                        "Parent Relationship": "Inner",
                                        "Parallel Aware": true,
                                        "Startup Cost": 87643.22,
                                        "Total Cost": 87643.22,
                                        "Plan Rows": 811785,
                                        "Plan Width": 35,
                                        "Actual Startup Time": 1383.305,
                                        "Actual Total Time": 1383.312,
                                        "Actual Rows": 690018,
                                        "Actual Loops": 2,
                                        "Hash Buckets": 2097152,
                                        "Original Hash Buckets": 2097152,
                                        "Hash Batches": 1,
                                        "Original Hash Batches": 1,
                                        "Peak Memory Usage": 115200,
                                        "Plans": [
                                          {
                                            "Node Type": "Hash Join",
                                            "Parent Relationship": "Outer",
                                            "Parallel Aware": true,
                                            "Join Type": "Inner",
                                            "Startup Cost": 69459.43,
                                            "Total Cost": 87643.22,
                                            "Plan Rows": 811785,
                                            "Plan Width": 35,
                                            "Actual Startup Time": 785.82,
                                            "Actual Total Time": 1097.678,
                                            "Actual Rows": 690018,
                                            "Actual Loops": 2,
                                            "Inner Unique": true,
                                            "Hash Cond": "(mi_idx.movie_id = t.id)",
                                            "Plans": [
                                              {
                                                "Node Type": "Seq Scan",
                                                "Parent Relationship": "Outer",
                                                "Parallel Aware": true,
                                                "Relation Name": "movie_info_idx",
                                                "Alias": "mi_idx",
                                                "Startup Cost": 0.0,
                                                "Total Cost": 16052.85,
                                                "Plan Rows": 811785,
                                                "Plan Width": 14,
                                                "Actual Startup Time": 0.019,
                                                "Actual Total Time": 66.181,
                                                "Actual Rows": 690018,
                                                "Actual Loops": 2
                                              },
                                              {
                                                "Node Type": "Hash",
                                                "Parent Relationship": "Inner",
                                                "Parallel Aware": true,
                                                "Startup Cost": 50869.75,
                                                "Total Cost": 50869.75,
                                                "Plan Rows": 1487175,
                                                "Plan Width": 21,
                                                "Actual Startup Time": 771.534,
                                                "Actual Total Time": 771.536,
                                                "Actual Rows": 1264156,
                                                "Actual Loops": 2,
                                                "Hash Buckets": 4194304,
                                                "Original Hash Buckets": 4194304,
                                                "Hash Batches": 1,
                                                "Original Hash Batches": 1,
                                                "Peak Memory Usage": 174752,
                                                "Plans": [
                                                  {
                                                    "Node Type": "Seq Scan",
                                                    "Parent Relationship": "Outer",
                                                    "Parallel Aware": true,
                                                    "Relation Name": "title",
                                                    "Alias": "t",
                                                    "Startup Cost": 0.0,
                                                    "Total Cost": 50869.75,
                                                    "Plan Rows": 1487175,
                                                    "Plan Width": 21,
                                                    "Actual Startup Time": 0.042,
                                                    "Actual Total Time": 201.749,
                                                    "Actual Rows": 1264156,
                                                    "Actual Loops": 2
                                                  }
                                                ]
                                              }
                                            ]
                                          }
                                        ]
                                      }
                                    ]
                                  }
                                ]
                              }
                            ]
                          },
                          {
                            "Node Type": "Hash",
                            "Parent Relationship": "Inner",
                            "Parallel Aware": false,
                            "Startup Cost": 2.41,
                            "Total Cost": 2.41,
                            "Plan Rows": 1,
                            "Plan Width": 4,
                            "Actual Startup Time": 0.049,
                            "Actual Total Time": 0.05,
                            "Actual Rows": 1,
                            "Actual Loops": 2,
                            "Hash Buckets": 1024,
                            "Original Hash Buckets": 1024,
                            "Hash Batches": 1,
                            "Original Hash Batches": 1,
                            "Peak Memory Usage": 9,
                            "Plans": [
                              {
                                "Node Type": "Seq Scan",
                                "Parent Relationship": "Outer",
                                "Parallel Aware": false,
                                "Relation Name": "info_type",
                                "Alias": "it1",
                                "Startup Cost": 0.0,
                                "Total Cost": 2.41,
                                "Plan Rows": 1,
                                "Plan Width": 4,
                                "Actual Startup Time": 0.017,
                                "Actual Total Time": 0.039,
                                "Actual Rows": 1,
                                "Actual Loops": 2,
                                "Filter": "((info)::text = 'genres'::text)",
                                "Rows Removed by Filter": 112
                              }
                            ]
                          }
                        ]
                      },
                      {
                        "Node Type": "Index Scan",
                        "Parent Relationship": "Inner",
                        "Parallel Aware": false,
                        "Scan Direction": "Forward",
                        "Index Name": "name_pkey",
                        "Relation Name": "name",
                        "Alias": "n",
                        "Startup Cost": 0.43,
                        "Total Cost": 0.51,
                        "Plan Rows": 1,
                        "Plan Width": 4,
                        "Actual Startup Time": 0.002,
                        "Actual Total Time": 0.002,
                        "Actual Rows": 0,
                        "Actual Loops": 1669534,
                        "Index Cond": "(id = ci.person_id)",
                        "Rows Removed by Index Recheck": 0,
                        "Filter": "((gender)::text = 'f'::text)",
                        "Rows Removed by Filter": 1
                      }
                    ]
                  },
                  {
                    "Node Type": "Hash",
                    "Parent Relationship": "Inner",
                    "Parallel Aware": false,
                    "Startup Cost": 2.41,
                    "Total Cost": 2.41,
                    "Plan Rows": 1,
                    "Plan Width": 4,
                    "Actual Startup Time": 0.079,
                    "Actual Total Time": 0.079,
                    "Actual Rows": 1,
                    "Actual Loops": 2,
                    "Hash Buckets": 1024,
                    "Original Hash Buckets": 1024,
                    "Hash Batches": 1,
                    "Original Hash Batches": 1,
                    "Peak Memory Usage": 9,
                    "Plans": [
                      {
                        "Node Type": "Seq Scan",
                        "Parent Relationship": "Outer",
                        "Parallel Aware": false,
                        "Relation Name": "info_type",
                        "Alias": "it2",
                        "Startup Cost": 0.0,
                        "Total Cost": 2.41,
                        "Plan Rows": 1,
                        "Plan Width": 4,
                        "Actual Startup Time": 0.056,
                        "Actual Total Time": 0.062,
                        "Actual Rows": 1,
                        "Actual Loops": 2,
                        "Filter": "((info)::text = 'votes'::text)",
                        "Rows Removed by Filter": 112
                      }
                    ]
                  }
                ]
              }
            ]
          }
        ]
      }
    ]
  },
  "Planning Time": 1.901,
  "Triggers": [],
  "Execution Time": 9871.883
}