[
  {
    "Plan": {
      "Node Type": "Aggregate",
      "Strategy": "Plain",
      "Partial Mode": "Finalize",
      "Parallel Aware": false,
      "Startup Cost": 31823.26,
      "Total Cost": 31823.27,
      "Plan Rows": 1,
      "Plan Width": 8,
      "Actual Startup Time": 116.295,
      "Actual Total Time": 123.865,
      "Actual Rows": 1,
      "Actual Loops": 1,
      "Plans": [
        {
          "Node Type": "Gather",
          "Parent Relationship": "Outer",
          "Parallel Aware": false,
          "Startup Cost": 31822.94,
          "Total Cost": 31823.25,
          "Plan Rows": 3,
          "Plan Width": 8,
          "Actual Startup Time": 116.138,
          "Actual Total Time": 123.857,
          "Actual Rows": 4,
          "Actual Loops": 1,
          "Workers Planned": 3,
          "Workers Launched": 3,
          "Single Copy": false,
          "Plans": [
            {
              "Node Type": "Aggregate",
              "Strategy": "Plain",
              "Partial Mode": "Partial",
              "Parent Relationship": "Outer",
              "Parallel Aware": false,
              "Startup Cost": 30822.94,
              "Total Cost": 30822.95,
              "Plan Rows": 1,
              "Plan Width": 8,
              "Actual Startup Time": 107.792,
              "Actual Total Time": 107.793,
              "Actual Rows": 1,
              "Actual Loops": 4,
              "Plans": [
                {
                  "Node Type": "Seq Scan",
                  "Parent Relationship": "Outer",
                  "Parallel Aware": true,
                  "Relation Name": "movie_companies",
                  "Alias": "mc",
                  "Startup Cost": 0.0,
                  "Total Cost": 29310.68,
                  "Plan Rows": 604903,
                  "Plan Width": 0,
                  "Actual Startup Time": 0.045,
                  "Actual Total Time": 83.749,
                  "Actual Rows": 470402,
                  "Actual Loops": 4,
                  "Filter": "(company_id < 40979)",
                  "Rows Removed by Filter": 181880
                }
              ]
            }
          ]
        }
      ]
    },
    "Planning Time": 0.083,
    "Triggers": [],
    "Execution Time": 123.893
  }
]