[
    {
        "Bao": {
            "Bao prediction": "NaN",
            "Bao recommended hint": "(no hint)"
        }
    },
    {
        "Plan": {
            "Node Type": "Aggregate",
            "Strategy": "Plain",
            "Partial Mode": "Finalize",
            "Parallel Aware": false,
            "Startup Cost": 24084.76,
            "Total Cost": 24084.77,
            "Plan Rows": 1,
            "Plan Width": 8,
            "Actual Startup Time": 37.753,
            "Actual Total Time": 41.007,
            "Actual Rows": 1,
            "Actual Loops": 1,
            "Output": [
                "count(*)"
            ],
            "Plans": [
                {
                    "Node Type": "Gather",
                    "Parent Relationship": "Outer",
                    "Parallel Aware": false,
                    "Startup Cost": 24084.44,
                    "Total Cost": 24084.75,
                    "Plan Rows": 3,
                    "Plan Width": 8,
                    "Actual Startup Time": 37.579,
                    "Actual Total Time": 41.001,
                    "Actual Rows": 4,
                    "Actual Loops": 1,
                    "Output": [
                        "(PARTIAL count(*))"
                    ],
                    "Workers Planned": 3,
                    "Workers Launched": 3,
                    "Single Copy": false,
                    "Plans": [
                        {
                            "Node Type": "Aggregate",
                            "Strategy": "Plain",
                            "Partial Mode": "Partial",
                            "Parent Relationship": "Outer",
                            "Parallel Aware": false,
                            "Startup Cost": 23084.44,
                            "Total Cost": 23084.45,
                            "Plan Rows": 1,
                            "Plan Width": 8,
                            "Actual Startup Time": 29.087,
                            "Actual Total Time": 29.088,
                            "Actual Rows": 1,
                            "Actual Loops": 4,
                            "Output": [
                                "PARTIAL count(*)"
                            ],
                            "Workers": [
                                {
                                    "Worker Number": 0,
                                    "Actual Startup Time": 25.913,
                                    "Actual Total Time": 25.914,
                                    "Actual Rows": 1,
                                    "Actual Loops": 1
                                },
                                {
                                    "Worker Number": 1,
                                    "Actual Startup Time": 26.409,
                                    "Actual Total Time": 26.411,
                                    "Actual Rows": 1,
                                    "Actual Loops": 1
                                },
                                {
                                    "Worker Number": 2,
                                    "Actual Startup Time": 26.676,
                                    "Actual Total Time": 26.678,
                                    "Actual Rows": 1,
                                    "Actual Loops": 1
                                }
                            ],
                            "Plans": [
                                {
                                    "Node Type": "Bitmap Heap Scan",
                                    "Parent Relationship": "Outer",
                                    "Parallel Aware": true,
                                    "Relation Name": "movie_companies",
                                    "Schema": "public",
                                    "Alias": "mc",
                                    "Startup Cost": 3453.79,
                                    "Total Cost": 23018.6,
                                    "Plan Rows": 26335,
                                    "Plan Width": 0,
                                    "Actual Startup Time": 2.605,
                                    "Actual Total Time": 26.143,
                                    "Actual Rows": 40670,
                                    "Actual Loops": 4,
                                    "Recheck Cond": "(mc.company_id > 126681)",
                                    "Rows Removed by Index Recheck": 0,
                                    "Filter": "(mc.company_type_id > 1)",
                                    "Rows Removed by Filter": 0,
                                    "Exact Heap Blocks": 2352,
                                    "Lossy Heap Blocks": 0,
                                    "Workers": [
                                        {
                                            "Worker Number": 0,
                                            "Actual Startup Time": 0.168,
                                            "Actual Total Time": 23.512,
                                            "Actual Rows": 22451,
                                            "Actual Loops": 1
                                        },
                                        {
                                            "Worker Number": 1,
                                            "Actual Startup Time": 0.185,
                                            "Actual Total Time": 23.82,
                                            "Actual Rows": 20796,
                                            "Actual Loops": 1
                                        },
                                        {
                                            "Worker Number": 2,
                                            "Actual Startup Time": 0.173,
                                            "Actual Total Time": 24.039,
                                            "Actual Rows": 25186,
                                            "Actual Loops": 1
                                        }
                                    ],
                                    "Plans": [
                                        {
                                            "Node Type": "Bitmap Index Scan",
                                            "Parent Relationship": "Outer",
                                            "Parallel Aware": false,
                                            "Index Name": "company_id_movie_companies",
                                            "Startup Cost": 0.0,
                                            "Total Cost": 3433.38,
                                            "Plan Rows": 160127,
                                            "Plan Width": 0,
                                            "Actual Startup Time": 9.055,
                                            "Actual Total Time": 9.055,
                                            "Actual Rows": 162678,
                                            "Actual Loops": 1,
                                            "Index Cond": "(mc.company_id > 126681)"
                                        }
                                    ]
                                }
                            ]
                        }
                    ]
                }
            ]
        },
        "Planning Time": 197.418,
        "Triggers": [],
        "Execution Time": 41.058
    }
]