[
    {
        "Bao": {
            "Bao prediction": 2327.623,
            "Bao recommended hint": "SET enable_mergejoin TO off; "
        }
    },
    {
        "Plan": {
            "Node Type": "Aggregate",
            "Strategy": "Plain",
            "Partial Mode": "Simple",
            "Parallel Aware": false,
            "Startup Cost": 11269.05,
            "Total Cost": 11269.06,
            "Plan Rows": 1,
            "Plan Width": 128,
            "Actual Startup Time": 3488.635,
            "Actual Total Time": 3488.643,
            "Actual Rows": 1,
            "Actual Loops": 1,
            "Output": [
                "min(mi.info)",
                "min(mi_idx.info)",
                "min(n.name)",
                "min(t.title)"
            ],
            "Plans": [
                {
                    "Node Type": "Nested Loop",
                    "Parent Relationship": "Outer",
                    "Parallel Aware": false,
                    "Join Type": "Inner",
                    "Startup Cost": 13.08,
                    "Total Cost": 11269.04,
                    "Plan Rows": 1,
                    "Plan Width": 80,
                    "Actual Startup Time": 17.71,
                    "Actual Total Time": 3484.841,
                    "Actual Rows": 8133,
                    "Actual Loops": 1,
                    "Output": [
                        "mi.info",
                        "mi_idx.info",
                        "n.name",
                        "t.title"
                    ],
                    "Inner Unique": true,
                    "Join Filter": "(mi.movie_id = t.id)",
                    "Rows Removed by Join Filter": 0,
                    "Plans": [
                        {
                            "Node Type": "Nested Loop",
                            "Parent Relationship": "Outer",
                            "Parallel Aware": false,
                            "Join Type": "Inner",
                            "Startup Cost": 12.65,
                            "Total Cost": 11268.54,
                            "Plan Rows": 1,
                            "Plan Width": 79,
                            "Actual Startup Time": 17.628,
                            "Actual Total Time": 3437.47,
                            "Actual Rows": 8133,
                            "Actual Loops": 1,
                            "Output": [
                                "ci.movie_id",
                                "mi.info",
                                "mi.movie_id",
                                "mi_idx.info",
                                "mi_idx.movie_id",
                                "mk.movie_id",
                                "n.name"
                            ],
                            "Inner Unique": true,
                            "Plans": [
                                {
                                    "Node Type": "Nested Loop",
                                    "Parent Relationship": "Outer",
                                    "Parallel Aware": false,
                                    "Join Type": "Inner",
                                    "Startup Cost": 12.22,
                                    "Total Cost": 11267.86,
                                    "Plan Rows": 1,
                                    "Plan Width": 68,
                                    "Actual Startup Time": 17.545,
                                    "Actual Total Time": 3310.372,
                                    "Actual Rows": 13453,
                                    "Actual Loops": 1,
                                    "Output": [
                                        "ci.movie_id",
                                        "ci.person_id",
                                        "mi.info",
                                        "mi.movie_id",
                                        "mi_idx.info",
                                        "mi_idx.movie_id",
                                        "mk.movie_id"
                                    ],
                                    "Inner Unique": false,
                                    "Join Filter": "(mi.movie_id = ci.movie_id)",
                                    "Rows Removed by Join Filter": 0,
                                    "Plans": [
                                        {
                                            "Node Type": "Nested Loop",
                                            "Parent Relationship": "Outer",
                                            "Parallel Aware": false,
                                            "Join Type": "Inner",
                                            "Startup Cost": 11.66,
                                            "Total Cost": 11266.11,
                                            "Plan Rows": 1,
                                            "Plan Width": 60,
                                            "Actual Startup Time": 4.724,
                                            "Actual Total Time": 1304.806,
                                            "Actual Rows": 20201,
                                            "Actual Loops": 1,
                                            "Output": [
                                                "mi.info",
                                                "mi.movie_id",
                                                "mi_idx.info",
                                                "mi_idx.movie_id",
                                                "mk.movie_id"
                                            ],
                                            "Inner Unique": false,
                                            "Join Filter": "(mi.info_type_id = it1.id)",
                                            "Rows Removed by Join Filter": 1012,
                                            "Plans": [
                                                {
                                                    "Node Type": "Seq Scan",
                                                    "Parent Relationship": "Outer",
                                                    "Parallel Aware": false,
                                                    "Relation Name": "info_type",
                                                    "Schema": "public",
                                                    "Alias": "it1",
                                                    "Startup Cost": 0.0,
                                                    "Total Cost": 2.41,
                                                    "Plan Rows": 1,
                                                    "Plan Width": 4,
                                                    "Actual Startup Time": 0.03,
                                                    "Actual Total Time": 0.039,
                                                    "Actual Rows": 1,
                                                    "Actual Loops": 1,
                                                    "Output": [
                                                        "it1.id",
                                                        "it1.info"
                                                    ],
                                                    "Filter": "((it1.info)::text = 'genres'::text)",
                                                    "Rows Removed by Filter": 112
                                                },
                                                {
                                                    "Node Type": "Nested Loop",
                                                    "Parent Relationship": "Inner",
                                                    "Parallel Aware": false,
                                                    "Join Type": "Inner",
                                                    "Startup Cost": 11.66,
                                                    "Total Cost": 11263.61,
                                                    "Plan Rows": 7,
                                                    "Plan Width": 64,
                                                    "Actual Startup Time": 4.689,
                                                    "Actual Total Time": 1300.324,
                                                    "Actual Rows": 21213,
                                                    "Actual Loops": 1,
                                                    "Output": [
                                                        "mi_idx.info",
                                                        "mi_idx.movie_id",
                                                        "mi.info",
                                                        "mi.movie_id",
                                                        "mi.info_type_id",
                                                        "mk.movie_id"
                                                    ],
                                                    "Inner Unique": false,
                                                    "Join Filter": "(mi_idx.movie_id = mi.movie_id)",
                                                    "Rows Removed by Join Filter": 0,
                                                    "Plans": [
                                                        {
                                                            "Node Type": "Nested Loop",
                                                            "Parent Relationship": "Outer",
                                                            "Parallel Aware": false,
                                                            "Join Type": "Inner",
                                                            "Startup Cost": 11.22,
                                                            "Total Cost": 11253.63,
                                                            "Plan Rows": 6,
                                                            "Plan Width": 13,
                                                            "Actual Startup Time": 3.206,
                                                            "Actual Total Time": 244.522,
                                                            "Actual Rows": 19822,
                                                            "Actual Loops": 1,
                                                            "Output": [
                                                                "mi_idx.info",
                                                                "mi_idx.movie_id",
                                                                "mk.movie_id"
                                                            ],
                                                            "Inner Unique": false,
                                                            "Join Filter": "(mi_idx.info_type_id = it2.id)",
                                                            "Rows Removed by Join Filter": 39858,
                                                            "Plans": [
                                                                {
                                                                    "Node Type": "Seq Scan",
                                                                    "Parent Relationship": "Outer",
                                                                    "Parallel Aware": false,
                                                                    "Relation Name": "info_type",
                                                                    "Schema": "public",
                                                                    "Alias": "it2",
                                                                    "Startup Cost": 0.0,
                                                                    "Total Cost": 2.41,
                                                                    "Plan Rows": 1,
                                                                    "Plan Width": 4,
                                                                    "Actual Startup Time": 0.033,
                                                                    "Actual Total Time": 0.037,
                                                                    "Actual Rows": 1,
                                                                    "Actual Loops": 1,
                                                                    "Output": [
                                                                        "it2.id",
                                                                        "it2.info"
                                                                    ],
                                                                    "Filter": "((it2.info)::text = 'votes'::text)",
                                                                    "Rows Removed by Filter": 112
                                                                },
                                                                {
                                                                    "Node Type": "Nested Loop",
                                                                    "Parent Relationship": "Inner",
                                                                    "Parallel Aware": false,
                                                                    "Join Type": "Inner",
                                                                    "Startup Cost": 11.22,
                                                                    "Total Cost": 11242.1,
                                                                    "Plan Rows": 729,
                                                                    "Plan Width": 17,
                                                                    "Actual Startup Time": 3.165,
                                                                    "Actual Total Time": 236.588,
                                                                    "Actual Rows": 59680,
                                                                    "Actual Loops": 1,
                                                                    "Output": [
                                                                        "mk.movie_id",
                                                                        "mi_idx.info",
                                                                        "mi_idx.movie_id",
                                                                        "mi_idx.info_type_id"
                                                                    ],
                                                                    "Inner Unique": false,
                                                                    "Plans": [
                                                                        {
                                                                            "Node Type": "Nested Loop",
                                                                            "Parent Relationship": "Outer",
                                                                            "Parallel Aware": false,
                                                                            "Join Type": "Inner",
                                                                            "Startup Cost": 10.8,
                                                                            "Total Cost": 11118.79,
                                                                            "Plan Rows": 236,
                                                                            "Plan Width": 4,
                                                                            "Actual Startup Time": 3.039,
                                                                            "Actual Total Time": 95.908,
                                                                            "Actual Rows": 23470,
                                                                            "Actual Loops": 1,
                                                                            "Output": [
                                                                                "mk.movie_id"
                                                                            ],
                                                                            "Inner Unique": false,
                                                                            "Plans": [
                                                                                {
                                                                                    "Node Type": "Seq Scan",
                                                                                    "Parent Relationship": "Outer",
                                                                                    "Parallel Aware": false,
                                                                                    "Relation Name": "keyword",
                                                                                    "Schema": "public",
                                                                                    "Alias": "k",
                                                                                    "Startup Cost": 0.0,
                                                                                    "Total Cost": 3464.69,
                                                                                    "Plan Rows": 7,
                                                                                    "Plan Width": 4,
                                                                                    "Actual Startup Time": 1.574,
                                                                                    "Actual Total Time": 20.433,
                                                                                    "Actual Rows": 6,
                                                                                    "Actual Loops": 1,
                                                                                    "Output": [
                                                                                        "k.id",
                                                                                        "k.keyword",
                                                                                        "k.phonetic_code"
                                                                                    ],
                                                                                    "Filter": "(k.keyword = ANY ('{blood,superhero,fight,blood,revenge,claw,australian-shepherd}'::text[]))",
                                                                                    "Rows Removed by Filter": 134164
                                                                                },
                                                                                {
                                                                                    "Node Type": "Bitmap Heap Scan",
                                                                                    "Parent Relationship": "Inner",
                                                                                    "Parallel Aware": false,
                                                                                    "Relation Name": "movie_keyword",
                                                                                    "Schema": "public",
                                                                                    "Alias": "mk",
                                                                                    "Startup Cost": 10.8,
                                                                                    "Total Cost": 1090.39,
                                                                                    "Plan Rows": 305,
                                                                                    "Plan Width": 8,
                                                                                    "Actual Startup Time": 1.449,
                                                                                    "Actual Total Time": 11.817,
                                                                                    "Actual Rows": 3912,
                                                                                    "Actual Loops": 6,
                                                                                    "Output": [
                                                                                        "mk.id",
                                                                                        "mk.movie_id",
                                                                                        "mk.keyword_id"
                                                                                    ],
                                                                                    "Recheck Cond": "(mk.keyword_id = k.id)",
                                                                                    "Rows Removed by Index Recheck": 0,
                                                                                    "Exact Heap Blocks": 18951,
                                                                                    "Lossy Heap Blocks": 0,
                                                                                    "Plans": [
                                                                                        {
                                                                                            "Node Type": "Bitmap Index Scan",
                                                                                            "Parent Relationship": "Outer",
                                                                                            "Parallel Aware": false,
                                                                                            "Index Name": "keyword_id_movie_keyword",
                                                                                            "Startup Cost": 0.0,
                                                                                            "Total Cost": 10.72,
                                                                                            "Plan Rows": 305,
                                                                                            "Plan Width": 0,
                                                                                            "Actual Startup Time": 0.869,
                                                                                            "Actual Total Time": 0.87,
                                                                                            "Actual Rows": 3912,
                                                                                            "Actual Loops": 6,
                                                                                            "Index Cond": "(mk.keyword_id = k.id)"
                                                                                        }
                                                                                    ]
                                                                                }
                                                                            ]
                                                                        },
                                                                        {
                                                                            "Node Type": "Index Scan",
                                                                            "Parent Relationship": "Inner",
                                                                            "Parallel Aware": false,
                                                                            "Scan Direction": "Forward",
                                                                            "Index Name": "movie_id_movie_info_idx",
                                                                            "Relation Name": "movie_info_idx",
                                                                            "Schema": "public",
                                                                            "Alias": "mi_idx",
                                                                            "Startup Cost": 0.43,
                                                                            "Total Cost": 0.49,
                                                                            "Plan Rows": 3,
                                                                            "Plan Width": 13,
                                                                            "Actual Startup Time": 0.005,
                                                                            "Actual Total Time": 0.005,
                                                                            "Actual Rows": 3,
                                                                            "Actual Loops": 23470,
                                                                            "Output": [
                                                                                "mi_idx.id",
                                                                                "mi_idx.movie_id",
                                                                                "mi_idx.info_type_id",
                                                                                "mi_idx.info",
                                                                                "mi_idx.note"
                                                                            ],
                                                                            "Index Cond": "(mi_idx.movie_id = mk.movie_id)",
                                                                            "Rows Removed by Index Recheck": 0
                                                                        }
                                                                    ]
                                                                }
                                                            ]
                                                        },
                                                        {
                                                            "Node Type": "Index Scan",
                                                            "Parent Relationship": "Inner",
                                                            "Parallel Aware": false,
                                                            "Scan Direction": "Forward",
                                                            "Index Name": "movie_id_movie_info",
                                                            "Relation Name": "movie_info",
                                                            "Schema": "public",
                                                            "Alias": "mi",
                                                            "Startup Cost": 0.43,
                                                            "Total Cost": 1.65,
                                                            "Plan Rows": 1,
                                                            "Plan Width": 51,
                                                            "Actual Startup Time": 0.051,
                                                            "Actual Total Time": 0.053,
                                                            "Actual Rows": 1,
                                                            "Actual Loops": 19822,
                                                            "Output": [
                                                                "mi.id",
                                                                "mi.movie_id",
                                                                "mi.info_type_id",
                                                                "mi.info",
                                                                "mi.note"
                                                            ],
                                                            "Index Cond": "(mi.movie_id = mk.movie_id)",
                                                            "Rows Removed by Index Recheck": 0,
                                                            "Filter": "(mi.info = ANY ('{Thriller,Crime,Drama,Western,War,Family}'::text[]))",
                                                            "Rows Removed by Filter": 67
                                                        }
                                                    ]
                                                }
                                            ]
                                        },
                                        {
                                            "Node Type": "Index Scan",
                                            "Parent Relationship": "Inner",
                                            "Parallel Aware": false,
                                            "Scan Direction": "Forward",
                                            "Index Name": "movie_id_cast_info",
                                            "Relation Name": "cast_info",
                                            "Schema": "public",
                                            "Alias": "ci",
                                            "Startup Cost": 0.56,
                                            "Total Cost": 1.73,
                                            "Plan Rows": 1,
                                            "Plan Width": 8,
                                            "Actual Startup Time": 0.079,
                                            "Actual Total Time": 0.099,
                                            "Actual Rows": 1,
                                            "Actual Loops": 20201,
                                            "Output": [
                                                "ci.id",
                                                "ci.person_id",
                                                "ci.movie_id",
                                                "ci.person_role_id",
                                                "ci.note",
                                                "ci.nr_order",
                                                "ci.role_id"
                                            ],
                                            "Index Cond": "(ci.movie_id = mk.movie_id)",
                                            "Rows Removed by Index Recheck": 0,
                                            "Filter": "(ci.note = ANY ('{(writer),\"(head writer)\",\"(written by)\",(story),\"(story editor)\"}'::text[]))",
                                            "Rows Removed by Filter": 68
                                        }
                                    ]
                                },
                                {
                                    "Node Type": "Index Scan",
                                    "Parent Relationship": "Inner",
                                    "Parallel Aware": false,
                                    "Scan Direction": "Forward",
                                    "Index Name": "name_pkey",
                                    "Relation Name": "name",
                                    "Schema": "public",
                                    "Alias": "n",
                                    "Startup Cost": 0.43,
                                    "Total Cost": 0.69,
                                    "Plan Rows": 1,
                                    "Plan Width": 19,
                                    "Actual Startup Time": 0.009,
                                    "Actual Total Time": 0.009,
                                    "Actual Rows": 1,
                                    "Actual Loops": 13453,
                                    "Output": [
                                        "n.id",
                                        "n.name",
                                        "n.imdb_index",
                                        "n.imdb_id",
                                        "n.gender",
                                        "n.name_pcode_cf",
                                        "n.name_pcode_nf",
                                        "n.surname_pcode",
                                        "n.md5sum"
                                    ],
                                    "Index Cond": "(n.id = ci.person_id)",
                                    "Rows Removed by Index Recheck": 0,
                                    "Filter": "((n.gender)::text = 'm'::text)",
                                    "Rows Removed by Filter": 0
                                }
                            ]
                        },
                        {
                            "Node Type": "Index Scan",
                            "Parent Relationship": "Inner",
                            "Parallel Aware": false,
                            "Scan Direction": "Forward",
                            "Index Name": "title_pkey",
                            "Relation Name": "title",
                            "Schema": "public",
                            "Alias": "t",
                            "Startup Cost": 0.43,
                            "Total Cost": 0.49,
                            "Plan Rows": 1,
                            "Plan Width": 21,
                            "Actual Startup Time": 0.005,
                            "Actual Total Time": 0.005,
                            "Actual Rows": 1,
                            "Actual Loops": 8133,
                            "Output": [
                                "t.id",
                                "t.title",
                                "t.imdb_index",
                                "t.kind_id",
                                "t.production_year",
                                "t.imdb_id",
                                "t.phonetic_code",
                                "t.episode_of_id",
                                "t.season_nr",
                                "t.episode_nr",
                                "t.series_years",
                                "t.md5sum"
                            ],
                            "Index Cond": "(t.id = mk.movie_id)",
                            "Rows Removed by Index Recheck": 0
                        }
                    ]
                }
            ]
        },
        "Planning Time": 1588.151,
        "Triggers": [],
        "Execution Time": 3489.539
    }
]