[
  {
    "Plan": {
      "Node Type": "Aggregate",
      "Strategy": "Plain",
      "Partial Mode": "Simple",
      "Parallel Aware": false,
      "Startup Cost": 21260.94,
      "Total Cost": 21260.95,
      "Plan Rows": 1,
      "Plan Width": 8,
      "Actual Startup Time": 21.101,
      "Actual Total Time": 21.102,
      "Actual Rows": 1,
      "Actual Loops": 1,
      "Plans": [
        {
          "Node Type": "Bitmap Heap Scan",
          "Parent Relationship": "Outer",
          "Parallel Aware": false,
          "Relation Name": "movie_companies",
          "Alias": "mc",
          "Startup Cost": 1410.58,
          "Total Cost": 21180.86,
          "Plan Rows": 32033,
          "Plan Width": 0,
          "Actual Startup Time": 3.248,
          "Actual Total Time": 18.407,
          "Actual Rows": 61638,
          "Actual Loops": 1,
          "Recheck Cond": "(company_id < 11)",
          "Rows Removed by Index Recheck": 0,
          "Filter": "(company_type_id = 1)",
          "Rows Removed by Filter": 8290,
          "Exact Heap Blocks": 6512,
          "Lossy Heap Blocks": 0,
          "Plans": [
            {
              "Node Type": "Bitmap Index Scan",
              "Parent Relationship": "Outer",
              "Parallel Aware": false,
              "Index Name": "company_id_movie_companies",
              "Startup Cost": 0.0,
              "Total Cost": 1402.57,
              "Plan Rows": 65352,
              "Plan Width": 0,
              "Actual Startup Time": 2.538,
              "Actual Total Time": 2.539,
              "Actual Rows": 69928,
              "Actual Loops": 1,
              "Index Cond": "(company_id < 11)"
            }
          ]
        }
      ]
    },
    "Planning Time": 0.11,
    "Triggers": [],
    "Execution Time": 21.123
  }
]