[
  {
    "Bao": {
      "Bao prediction": 920.466,
      "Bao recommended hint": "SET enable_nestloop TO off; SET enable_hashjoin TO off; "
    }
  },
  {
    "Plan": {
      "Node Type": "Aggregate",
      "Strategy": "Plain",
      "Partial Mode": "Simple",
      "Parallel Aware": false,
      "Startup Cost": 559222.07,
      "Total Cost": 559222.08,
      "Plan Rows": 1,
      "Plan Width": 32,
      "Actual Startup Time": 4766.603,
      "Actual Total Time": 4766.787,
      "Actual Rows": 1,
      "Actual Loops": 1,
      "Plans": [
        {
          "Node Type": "Merge Join",
          "Parent Relationship": "Outer",
          "Parallel Aware": false,
          "Join Type": "Inner",
          "Startup Cost": 557210.66,
          "Total Cost": 559221.89,
          "Plan Rows": 70,
          "Plan Width": 17,
          "Actual Startup Time": 4725.444,
          "Actual Total Time": 4766.743,
          "Actual Rows": 206,
          "Actual Loops": 1,
          "Inner Unique": false,
          "Merge Cond": "(t.id = mi.movie_id)",
          "Plans": [
            {
              "Node Type": "Gather Merge",
              "Parent Relationship": "Outer",
              "Parallel Aware": false,
              "Startup Cost": 308363.27,
              "Total Cost": 309663.22,
              "Plan Rows": 177,
              "Plan Width": 25,
              "Actual Startup Time": 3930.613,
              "Actual Total Time": 3961.134,
              "Actual Rows": 2234,
              "Actual Loops": 1,
              "Workers Planned": 4,
              "Workers Launched": 4,
              "Plans": [
                {
                  "Node Type": "Merge Join",
                  "Parent Relationship": "Outer",
                  "Parallel Aware": false,
                  "Join Type": "Inner",
                  "Startup Cost": 307363.21,
                  "Total Cost": 308642.08,
                  "Plan Rows": 44,
                  "Plan Width": 25,
                  "Actual Startup Time": 3860.402,
                  "Actual Total Time": 3891.488,
                  "Actual Rows": 447,
                  "Actual Loops": 5,
                  "Inner Unique": false,
                  "Merge Cond": "(t.id = mk.movie_id)",
                  "Plans": [
                    {
                      "Node Type": "Sort",
                      "Parent Relationship": "Outer",
                      "Parallel Aware": false,
                      "Startup Cost": 66852.52,
                      "Total Cost": 67491.4,
                      "Plan Rows": 255554,
                      "Plan Width": 21,
                      "Actual Startup Time": 164.984,
                      "Actual Total Time": 186.363,
                      "Actual Rows": 202527,
                      "Actual Loops": 5,
                      "Sort Key": [
                        "t.id"
                      ],
                      "Sort Method": "quicksort",
                      "Sort Space Used": 22907,
                      "Sort Space Type": "Memory",
                      "Workers": [
                        {
                          "Worker Number": 0,
                          "Sort Method": "quicksort",
                          "Sort Space Used": 19433,
                          "Sort Space Type": "Memory"
                        },
                        {
                          "Worker Number": 1,
                          "Sort Method": "quicksort",
                          "Sort Space Used": 19770,
                          "Sort Space Type": "Memory"
                        },
                        {
                          "Worker Number": 2,
                          "Sort Method": "quicksort",
                          "Sort Space Used": 19891,
                          "Sort Space Type": "Memory"
                        },
                        {
                          "Worker Number": 3,
                          "Sort Method": "quicksort",
                          "Sort Space Used": 18947,
                          "Sort Space Type": "Memory"
                        }
                      ],
                      "Plans": [
                        {
                          "Node Type": "Seq Scan",
                          "Parent Relationship": "Outer",
                          "Parallel Aware": true,
                          "Relation Name": "title",
                          "Alias": "t",
                          "Startup Cost": 0.0,
                          "Total Cost": 43899.59,
                          "Plan Rows": 255554,
                          "Plan Width": 21,
                          "Actual Startup Time": 0.042,
                          "Actual Total Time": 95.271,
                          "Actual Rows": 202584,
                          "Actual Loops": 5,
                          "Filter": "(production_year > 2005)",
                          "Rows Removed by Filter": 303078
                        }
                      ]
                    },
                    {
                      "Node Type": "Sort",
                      "Parent Relationship": "Inner",
                      "Parallel Aware": false,
                      "Startup Cost": 240510.55,
                      "Total Cost": 240511.64,
                      "Plan Rows": 438,
                      "Plan Width": 4,
                      "Actual Startup Time": 3685.586,
                      "Actual Total Time": 3686.19,
                      "Actual Rows": 12951,
                      "Actual Loops": 5,
                      "Sort Key": [
                        "mk.movie_id"
                      ],
                      "Sort Method": "quicksort",
                      "Sort Space Used": 992,
                      "Sort Space Type": "Memory",
                      "Workers": [
                        {
                          "Worker Number": 0,
                          "Sort Method": "quicksort",
                          "Sort Space Used": 992,
                          "Sort Space Type": "Memory"
                        },
                        {
                          "Worker Number": 1,
                          "Sort Method": "quicksort",
                          "Sort Space Used": 992,
                          "Sort Space Type": "Memory"
                        },
                        {
                          "Worker Number": 2,
                          "Sort Method": "quicksort",
                          "Sort Space Used": 992,
                          "Sort Space Type": "Memory"
                        },
                        {
                          "Worker Number": 3,
                          "Sort Method": "quicksort",
                          "Sort Space Used": 992,
                          "Sort Space Type": "Memory"
                        }
                      ],
                      "Plans": [
                        {
                          "Node Type": "Merge Join",
                          "Parent Relationship": "Outer",
                          "Parallel Aware": false,
                          "Join Type": "Inner",
                          "Startup Cost": 3468.57,
                          "Total Cost": 240491.33,
                          "Plan Rows": 438,
                          "Plan Width": 4,
                          "Actual Startup Time": 407.493,
                          "Actual Total Time": 3682.878,
                          "Actual Rows": 12951,
                          "Actual Loops": 5,
                          "Inner Unique": true,
                          "Merge Cond": "(mk.keyword_id = k.id)",
                          "Plans": [
                            {
                              "Node Type": "Index Scan",
                              "Parent Relationship": "Outer",
                              "Parallel Aware": false,
                              "Scan Direction": "Forward",
                              "Index Name": "keyword_id_movie_keyword",
                              "Relation Name": "movie_keyword",
                              "Alias": "mk",
                              "Startup Cost": 0.43,
                              "Total Cost": 226550.7,
                              "Plan Rows": 4523930,
                              "Plan Width": 8,
                              "Actual Startup Time": 0.041,
                              "Actual Total Time": 3383.919,
                              "Actual Rows": 4518173,
                              "Actual Loops": 5
                            },
                            {
                              "Node Type": "Sort",
                              "Parent Relationship": "Inner",
                              "Parallel Aware": false,
                              "Startup Cost": 2626.37,
                              "Total Cost": 2626.4,
                              "Plan Rows": 13,
                              "Plan Width": 4,
                              "Actual Startup Time": 16.017,
                              "Actual Total Time": 16.034,
                              "Actual Rows": 30,
                              "Actual Loops": 5,
                              "Sort Key": [
                                "k.id"
                              ],
                              "Sort Method": "quicksort",
                              "Sort Space Used": 26,
                              "Sort Space Type": "Memory",
                              "Workers": [
                                {
                                  "Worker Number": 0,
                                  "Sort Method": "quicksort",
                                  "Sort Space Used": 26,
                                  "Sort Space Type": "Memory"
                                },
                                {
                                  "Worker Number": 1,
                                  "Sort Method": "quicksort",
                                  "Sort Space Used": 26,
                                  "Sort Space Type": "Memory"
                                },
                                {
                                  "Worker Number": 2,
                                  "Sort Method": "quicksort",
                                  "Sort Space Used": 26,
                                  "Sort Space Type": "Memory"
                                },
                                {
                                  "Worker Number": 3,
                                  "Sort Method": "quicksort",
                                  "Sort Space Used": 26,
                                  "Sort Space Type": "Memory"
                                }
                              ],
                              "Plans": [
                                {
                                  "Node Type": "Seq Scan",
                                  "Parent Relationship": "Outer",
                                  "Parallel Aware": false,
                                  "Relation Name": "keyword",
                                  "Alias": "k",
                                  "Startup Cost": 0.0,
                                  "Total Cost": 2626.12,
                                  "Plan Rows": 13,
                                  "Plan Width": 4,
                                  "Actual Startup Time": 0.851,
                                  "Actual Total Time": 16.0,
                                  "Actual Rows": 30,
                                  "Actual Loops": 5,
                                  "Filter": "(keyword ~~ '%sequel%'::text)",
                                  "Rows Removed by Filter": 134140
                                }
                              ]
                            }
                          ]
                        }
                      ]
                    }
                  ]
                }
              ]
            },
            {
              "Node Type": "Sort",
              "Parent Relationship": "Inner",
              "Parallel Aware": false,
              "Startup Cost": 248847.39,
              "Total Cost": 249202.76,
              "Plan Rows": 142147,
              "Plan Width": 4,
              "Actual Startup Time": 791.338,
              "Actual Total Time": 797.703,
              "Actual Rows": 153951,
              "Actual Loops": 1,
              "Sort Key": [
                "mi.movie_id"
              ],
              "Sort Method": "quicksort",
              "Sort Space Used": 13358,
              "Sort Space Type": "Memory",
              "Plans": [
                {
                  "Node Type": "Gather",
                  "Parent Relationship": "Outer",
                  "Parallel Aware": false,
                  "Startup Cost": 1000.0,
                  "Total Cost": 236681.72,
                  "Plan Rows": 142147,
                  "Plan Width": 4,
                  "Actual Startup Time": 1.388,
                  "Actual Total Time": 761.293,
                  "Actual Rows": 153897,
                  "Actual Loops": 1,
                  "Workers Planned": 5,
                  "Workers Launched": 4,
                  "Single Copy": false,
                  "Plans": [
                    {
                      "Node Type": "Seq Scan",
                      "Parent Relationship": "Outer",
                      "Parallel Aware": true,
                      "Relation Name": "movie_info",
                      "Alias": "mi",
                      "Startup Cost": 0.0,
                      "Total Cost": 221467.02,
                      "Plan Rows": 28429,
                      "Plan Width": 4,
                      "Actual Startup Time": 0.346,
                      "Actual Total Time": 753.179,
                      "Actual Rows": 30779,
                      "Actual Loops": 5,
                      "Filter": "(info = ANY ('{Sweden,Norway,Germany,Denmark,Swedish,Denish,Norwegian,German}'::text[]))",
                      "Rows Removed by Filter": 2936365
                    }
                  ]
                }
              ]
            }
          ]
        }
      ]
    },
    "Planning Time": 289.015,
    "Triggers": [],
    "Execution Time": 4769.618
  }
]