{
  "Plan": {
    "Node Type": "Aggregate",
    "Strategy": "Plain",
    "Partial Mode": "Finalize",
    "Parallel Aware": false,
    "Startup Cost": 157221.36,
    "Total Cost": 157221.37,
    "Plan Rows": 1,
    "Plan Width": 8,
    "Actual Startup Time": 832.211,
    "Actual Total Time": 854.019,
    "Actual Rows": 1,
    "Actual Loops": 1,
    "Plans": [
      {
        "Node Type": "Gather",
        "Parent Relationship": "Outer",
        "Parallel Aware": false,
        "Startup Cost": 157221.25,
        "Total Cost": 157221.36,
        "Plan Rows": 1,
        "Plan Width": 8,
        "Actual Startup Time": 830.421,
        "Actual Total Time": 854.009,
        "Actual Rows": 2,
        "Actual Loops": 1,
        "Workers Planned": 1,
        "Workers Launched": 1,
        "Single Copy": false,
        "Plans": [
          {
            "Node Type": "Aggregate",
            "Strategy": "Plain",
            "Partial Mode": "Partial",
            "Parent Relationship": "Outer",
            "Parallel Aware": false,
            "Startup Cost": 156221.25,
            "Total Cost": 156221.26,
            "Plan Rows": 1,
            "Plan Width": 8,
            "Actual Startup Time": 824.461,
            "Actual Total Time": 824.905,
            "Actual Rows": 1,
            "Actual Loops": 2,
            "Plans": [
              {
                "Node Type": "Hash Join",
                "Parent Relationship": "Outer",
                "Parallel Aware": true,
                "Join Type": "Inner",
                "Startup Cost": 92867.32,
                "Total Cost": 155873.74,
                "Plan Rows": 139001,
                "Plan Width": 0,
                "Actual Startup Time": 500.741,
                "Actual Total Time": 806.14,
                "Actual Rows": 476263,
                "Actual Loops": 2,
                "Inner Unique": false,
                "Hash Cond": "(mk.movie_id = t.id)",
                "Plans": [
                  {
                    "Node Type": "Seq Scan",
                    "Parent Relationship": "Outer",
                    "Parallel Aware": true,
                    "Relation Name": "movie_keyword",
                    "Alias": "mk",
                    "Startup Cost": 0.0,
                    "Total Cost": 57718.19,
                    "Plan Rows": 1192155,
                    "Plan Width": 4,
                    "Actual Startup Time": 0.507,
                    "Actual Total Time": 179.432,
                    "Actual Rows": 1011067,
                    "Actual Loops": 2,
                    "Filter": "(keyword_id > 6115)",
                    "Rows Removed by Filter": 1250898
                  },
                  {
                    "Node Type": "Hash",
                    "Parent Relationship": "Inner",
                    "Parallel Aware": true,
                    "Startup Cost": 90699.75,
                    "Total Cost": 90699.75,
                    "Plan Rows": 173406,
                    "Plan Width": 8,
                    "Actual Startup Time": 494.786,
                    "Actual Total Time": 495.229,
                    "Actual Rows": 146438,
                    "Actual Loops": 2,
                    "Hash Buckets": 524288,
                    "Original Hash Buckets": 524288,
                    "Hash Batches": 1,
                    "Original Hash Batches": 1,
                    "Peak Memory Usage": 15584,
                    "Plans": [
                      {
                        "Node Type": "Hash Join",
                        "Parent Relationship": "Outer",
                        "Parallel Aware": true,
                        "Join Type": "Inner",
                        "Startup Cost": 29514.2,
                        "Total Cost": 90699.75,
                        "Plan Rows": 173406,
                        "Plan Width": 8,
                        "Actual Startup Time": 113.52,
                        "Actual Total Time": 457.208,
                        "Actual Rows": 146438,
                        "Actual Loops": 2,
                        "Inner Unique": false,
                        "Hash Cond": "(t.id = mc.movie_id)",
                        "Plans": [
                          {
                            "Node Type": "Seq Scan",
                            "Parent Relationship": "Outer",
                            "Parallel Aware": true,
                            "Relation Name": "title",
                            "Alias": "t",
                            "Startup Cost": 0.0,
                            "Total Cost": 50870.31,
                            "Plan Rows": 1487231,
                            "Plan Width": 4,
                            "Actual Startup Time": 0.01,
                            "Actual Total Time": 123.933,
                            "Actual Rows": 1264156,
                            "Actual Loops": 2
                          },
                          {
                            "Node Type": "Hash",
                            "Parent Relationship": "Inner",
                            "Parallel Aware": true,
                            "Startup Cost": 27346.63,
                            "Total Cost": 27346.63,
                            "Plan Rows": 173406,
                            "Plan Width": 4,
                            "Actual Startup Time": 109.745,
                            "Actual Total Time": 109.746,
                            "Actual Rows": 146438,
                            "Actual Loops": 2,
                            "Hash Buckets": 524288,
                            "Original Hash Buckets": 524288,
                            "Hash Batches": 1,
                            "Original Hash Batches": 1,
                            "Peak Memory Usage": 15584,
                            "Plans": [
                              {
                                "Node Type": "Bitmap Heap Scan",
                                "Parent Relationship": "Outer",
                                "Parallel Aware": true,
                                "Relation Name": "movie_companies",
                                "Alias": "mc",
                                "Startup Cost": 6389.05,
                                "Total Cost": 27346.63,
                                "Plan Rows": 173406,
                                "Plan Width": 4,
                                "Actual Startup Time": 23.7,
                                "Actual Total Time": 74.138,
                                "Actual Rows": 146438,
                                "Actual Loops": 2,
                                "Recheck Cond": "(company_id < 160)",
                                "Rows Removed by Index Recheck": 0,
                                "Exact Heap Blocks": 11728,
                                "Lossy Heap Blocks": 0,
                                "Plans": [
                                  {
                                    "Node Type": "Bitmap Index Scan",
                                    "Parent Relationship": "Outer",
                                    "Parallel Aware": false,
                                    "Index Name": "company_id_movie_companies",
                                    "Startup Cost": 0.0,
                                    "Total Cost": 6315.35,
                                    "Plan Rows": 294790,
                                    "Plan Width": 0,
                                    "Actual Startup Time": 20.993,
                                    "Actual Total Time": 20.994,
                                    "Actual Rows": 292877,
                                    "Actual Loops": 1,
                                    "Index Cond": "(company_id < 160)"
                                  }
                                ]
                              }
                            ]
                          }
                        ]
                      }
                    ]
                  }
                ]
              }
            ]
          }
        ]
      }
    ]
  },
  "Planning Time": 1.062,
  "Triggers": [],
  "Execution Time": 854.12
}