[
    {
        "Bao": {
            "Bao prediction": "NaN",
            "Bao recommended hint": "(no hint)"
        }
    },
    {
        "Plan": {
            "Node Type": "Aggregate",
            "Strategy": "Plain",
            "Partial Mode": "Finalize",
            "Parallel Aware": false,
            "Startup Cost": 427766.55,
            "Total Cost": 427766.56,
            "Plan Rows": 1,
            "Plan Width": 8,
            "Actual Startup Time": 1878.788,
            "Actual Total Time": 1920.902,
            "Actual Rows": 1,
            "Actual Loops": 1,
            "Output": [
                "count(*)"
            ],
            "Plans": [
                {
                    "Node Type": "Gather",
                    "Parent Relationship": "Outer",
                    "Parallel Aware": false,
                    "Startup Cost": 427765.93,
                    "Total Cost": 427766.54,
                    "Plan Rows": 6,
                    "Plan Width": 8,
                    "Actual Startup Time": 1858.752,
                    "Actual Total Time": 1920.891,
                    "Actual Rows": 7,
                    "Actual Loops": 1,
                    "Output": [
                        "(PARTIAL count(*))"
                    ],
                    "Workers Planned": 6,
                    "Workers Launched": 6,
                    "Single Copy": false,
                    "Plans": [
                        {
                            "Node Type": "Aggregate",
                            "Strategy": "Plain",
                            "Partial Mode": "Partial",
                            "Parent Relationship": "Outer",
                            "Parallel Aware": false,
                            "Startup Cost": 426765.93,
                            "Total Cost": 426765.94,
                            "Plan Rows": 1,
                            "Plan Width": 8,
                            "Actual Startup Time": 1847.802,
                            "Actual Total Time": 1848.22,
                            "Actual Rows": 1,
                            "Actual Loops": 7,
                            "Output": [
                                "PARTIAL count(*)"
                            ],
                            "Workers": [
                                {
                                    "Worker Number": 0,
                                    "Actual Startup Time": 1840.936,
                                    "Actual Total Time": 1840.94,
                                    "Actual Rows": 1,
                                    "Actual Loops": 1
                                },
                                {
                                    "Worker Number": 1,
                                    "Actual Startup Time": 1846.418,
                                    "Actual Total Time": 1846.422,
                                    "Actual Rows": 1,
                                    "Actual Loops": 1
                                },
                                {
                                    "Worker Number": 2,
                                    "Actual Startup Time": 1846.216,
                                    "Actual Total Time": 1846.222,
                                    "Actual Rows": 1,
                                    "Actual Loops": 1
                                },
                                {
                                    "Worker Number": 3,
                                    "Actual Startup Time": 1847.496,
                                    "Actual Total Time": 1847.502,
                                    "Actual Rows": 1,
                                    "Actual Loops": 1
                                },
                                {
                                    "Worker Number": 4,
                                    "Actual Startup Time": 1847.414,
                                    "Actual Total Time": 1847.418,
                                    "Actual Rows": 1,
                                    "Actual Loops": 1
                                },
                                {
                                    "Worker Number": 5,
                                    "Actual Startup Time": 1847.773,
                                    "Actual Total Time": 1847.778,
                                    "Actual Rows": 1,
                                    "Actual Loops": 1
                                }
                            ],
                            "Plans": [
                                {
                                    "Node Type": "Hash Join",
                                    "Parent Relationship": "Outer",
                                    "Parallel Aware": true,
                                    "Join Type": "Inner",
                                    "Startup Cost": 82357.65,
                                    "Total Cost": 424454.02,
                                    "Plan Rows": 924764,
                                    "Plan Width": 0,
                                    "Actual Startup Time": 362.264,
                                    "Actual Total Time": 1773.459,
                                    "Actual Rows": 1252919,
                                    "Actual Loops": 7,
                                    "Inner Unique": false,
                                    "Hash Cond": "(ci.movie_id = t.id)",
                                    "Workers": [
                                        {
                                            "Worker Number": 0,
                                            "Actual Startup Time": 355.56,
                                            "Actual Total Time": 1764.123,
                                            "Actual Rows": 1123820,
                                            "Actual Loops": 1
                                        },
                                        {
                                            "Worker Number": 1,
                                            "Actual Startup Time": 361.053,
                                            "Actual Total Time": 1767.887,
                                            "Actual Rows": 1092615,
                                            "Actual Loops": 1
                                        },
                                        {
                                            "Worker Number": 2,
                                            "Actual Startup Time": 360.909,
                                            "Actual Total Time": 1772.699,
                                            "Actual Rows": 1024231,
                                            "Actual Loops": 1
                                        },
                                        {
                                            "Worker Number": 3,
                                            "Actual Startup Time": 360.845,
                                            "Actual Total Time": 1773.775,
                                            "Actual Rows": 1026947,
                                            "Actual Loops": 1
                                        },
                                        {
                                            "Worker Number": 4,
                                            "Actual Startup Time": 362.093,
                                            "Actual Total Time": 1769.328,
                                            "Actual Rows": 1086661,
                                            "Actual Loops": 1
                                        },
                                        {
                                            "Worker Number": 5,
                                            "Actual Startup Time": 362.442,
                                            "Actual Total Time": 1776.34,
                                            "Actual Rows": 1627142,
                                            "Actual Loops": 1
                                        }
                                    ],
                                    "Plans": [
                                        {
                                            "Node Type": "Seq Scan",
                                            "Parent Relationship": "Outer",
                                            "Parallel Aware": true,
                                            "Relation Name": "cast_info",
                                            "Schema": "public",
                                            "Alias": "ci",
                                            "Startup Cost": 0.0,
                                            "Total Cost": 328213.62,
                                            "Plan Rows": 2906571,
                                            "Plan Width": 4,
                                            "Actual Startup Time": 0.033,
                                            "Actual Total Time": 681.939,
                                            "Actual Rows": 2477950,
                                            "Actual Loops": 7,
                                            "Output": [
                                                "ci.id",
                                                "ci.person_id",
                                                "ci.movie_id",
                                                "ci.person_role_id",
                                                "ci.note",
                                                "ci.nr_order",
                                                "ci.role_id"
                                            ],
                                            "Filter": "(ci.person_id < 1713990)",
                                            "Rows Removed by Filter": 2699813,
                                            "Workers": [
                                                {
                                                    "Worker Number": 0,
                                                    "Actual Startup Time": 0.033,
                                                    "Actual Total Time": 699.06,
                                                    "Actual Rows": 2210674,
                                                    "Actual Loops": 1
                                                },
                                                {
                                                    "Worker Number": 1,
                                                    "Actual Startup Time": 0.032,
                                                    "Actual Total Time": 701.917,
                                                    "Actual Rows": 2164975,
                                                    "Actual Loops": 1
                                                },
                                                {
                                                    "Worker Number": 2,
                                                    "Actual Startup Time": 0.052,
                                                    "Actual Total Time": 682.987,
                                                    "Actual Rows": 2032891,
                                                    "Actual Loops": 1
                                                },
                                                {
                                                    "Worker Number": 3,
                                                    "Actual Startup Time": 0.038,
                                                    "Actual Total Time": 680.289,
                                                    "Actual Rows": 2034784,
                                                    "Actual Loops": 1
                                                },
                                                {
                                                    "Worker Number": 4,
                                                    "Actual Startup Time": 0.03,
                                                    "Actual Total Time": 701.928,
                                                    "Actual Rows": 2148458,
                                                    "Actual Loops": 1
                                                },
                                                {
                                                    "Worker Number": 5,
                                                    "Actual Startup Time": 0.031,
                                                    "Actual Total Time": 673.982,
                                                    "Actual Rows": 3202919,
                                                    "Actual Loops": 1
                                                }
                                            ]
                                        },
                                        {
                                            "Node Type": "Hash",
                                            "Parent Relationship": "Inner",
                                            "Parallel Aware": true,
                                            "Startup Cost": 79114.02,
                                            "Total Cost": 79114.02,
                                            "Plan Rows": 259490,
                                            "Plan Width": 8,
                                            "Actual Startup Time": 360.043,
                                            "Actual Total Time": 360.459,
                                            "Actual Rows": 98030,
                                            "Actual Loops": 7,
                                            "Output": [
                                                "t.id",
                                                "mc.movie_id"
                                            ],
                                            "Hash Buckets": 1048576,
                                            "Original Hash Buckets": 1048576,
                                            "Hash Batches": 1,
                                            "Original Hash Batches": 1,
                                            "Peak Memory Usage": 35168,
                                            "Workers": [
                                                {
                                                    "Worker Number": 0,
                                                    "Actual Startup Time": 354.81,
                                                    "Actual Total Time": 354.813,
                                                    "Actual Rows": 89360,
                                                    "Actual Loops": 1
                                                },
                                                {
                                                    "Worker Number": 1,
                                                    "Actual Startup Time": 360.262,
                                                    "Actual Total Time": 360.266,
                                                    "Actual Rows": 90284,
                                                    "Actual Loops": 1
                                                },
                                                {
                                                    "Worker Number": 2,
                                                    "Actual Startup Time": 359.949,
                                                    "Actual Total Time": 359.953,
                                                    "Actual Rows": 81050,
                                                    "Actual Loops": 1
                                                },
                                                {
                                                    "Worker Number": 3,
                                                    "Actual Startup Time": 359.976,
                                                    "Actual Total Time": 359.98,
                                                    "Actual Rows": 80686,
                                                    "Actual Loops": 1
                                                },
                                                {
                                                    "Worker Number": 4,
                                                    "Actual Startup Time": 361.088,
                                                    "Actual Total Time": 361.091,
                                                    "Actual Rows": 88196,
                                                    "Actual Loops": 1
                                                },
                                                {
                                                    "Worker Number": 5,
                                                    "Actual Startup Time": 361.548,
                                                    "Actual Total Time": 361.551,
                                                    "Actual Rows": 126497,
                                                    "Actual Loops": 1
                                                }
                                            ],
                                            "Plans": [
                                                {
                                                    "Node Type": "Hash Join",
                                                    "Parent Relationship": "Outer",
                                                    "Parallel Aware": true,
                                                    "Join Type": "Inner",
                                                    "Startup Cost": 48676.94,
                                                    "Total Cost": 79114.02,
                                                    "Plan Rows": 259490,
                                                    "Plan Width": 8,
                                                    "Actual Startup Time": 224.959,
                                                    "Actual Total Time": 325.287,
                                                    "Actual Rows": 98030,
                                                    "Actual Loops": 7,
                                                    "Output": [
                                                        "t.id",
                                                        "mc.movie_id"
                                                    ],
                                                    "Inner Unique": true,
                                                    "Hash Cond": "(mc.movie_id = t.id)",
                                                    "Workers": [
                                                        {
                                                            "Worker Number": 0,
                                                            "Actual Startup Time": 219.697,
                                                            "Actual Total Time": 319.746,
                                                            "Actual Rows": 89360,
                                                            "Actual Loops": 1
                                                        },
                                                        {
                                                            "Worker Number": 1,
                                                            "Actual Startup Time": 225.124,
                                                            "Actual Total Time": 324.569,
                                                            "Actual Rows": 90284,
                                                            "Actual Loops": 1
                                                        },
                                                        {
                                                            "Worker Number": 2,
                                                            "Actual Startup Time": 224.862,
                                                            "Actual Total Time": 324.259,
                                                            "Actual Rows": 81050,
                                                            "Actual Loops": 1
                                                        },
                                                        {
                                                            "Worker Number": 3,
                                                            "Actual Startup Time": 224.864,
                                                            "Actual Total Time": 324.795,
                                                            "Actual Rows": 80686,
                                                            "Actual Loops": 1
                                                        },
                                                        {
                                                            "Worker Number": 4,
                                                            "Actual Startup Time": 226.07,
                                                            "Actual Total Time": 326.775,
                                                            "Actual Rows": 88196,
                                                            "Actual Loops": 1
                                                        },
                                                        {
                                                            "Worker Number": 5,
                                                            "Actual Startup Time": 226.434,
                                                            "Actual Total Time": 326.246,
                                                            "Actual Rows": 126497,
                                                            "Actual Loops": 1
                                                        }
                                                    ],
                                                    "Plans": [
                                                        {
                                                            "Node Type": "Seq Scan",
                                                            "Parent Relationship": "Outer",
                                                            "Parallel Aware": true,
                                                            "Relation Name": "movie_companies",
                                                            "Schema": "public",
                                                            "Alias": "mc",
                                                            "Startup Cost": 0.0,
                                                            "Total Cost": 29310.68,
                                                            "Plan Rows": 429104,
                                                            "Plan Width": 4,
                                                            "Actual Startup Time": 24.129,
                                                            "Actual Total Time": 54.326,
                                                            "Actual Rows": 190698,
                                                            "Actual Loops": 7,
                                                            "Output": [
                                                                "mc.id",
                                                                "mc.movie_id",
                                                                "mc.company_id",
                                                                "mc.company_type_id",
                                                                "mc.note"
                                                            ],
                                                            "Filter": "(mc.company_type_id > 1)",
                                                            "Rows Removed by Filter": 182035,
                                                            "Workers": [
                                                                {
                                                                    "Worker Number": 0,
                                                                    "Actual Startup Time": 24.136,
                                                                    "Actual Total Time": 56.385,
                                                                    "Actual Rows": 172929,
                                                                    "Actual Loops": 1
                                                                },
                                                                {
                                                                    "Worker Number": 1,
                                                                    "Actual Startup Time": 24.134,
                                                                    "Actual Total Time": 56.461,
                                                                    "Actual Rows": 172815,
                                                                    "Actual Loops": 1
                                                                },
                                                                {
                                                                    "Worker Number": 2,
                                                                    "Actual Startup Time": 24.124,
                                                                    "Actual Total Time": 54.319,
                                                                    "Actual Rows": 157593,
                                                                    "Actual Loops": 1
                                                                },
                                                                {
                                                                    "Worker Number": 3,
                                                                    "Actual Startup Time": 24.151,
                                                                    "Actual Total Time": 54.194,
                                                                    "Actual Rows": 157223,
                                                                    "Actual Loops": 1
                                                                },
                                                                {
                                                                    "Worker Number": 4,
                                                                    "Actual Startup Time": 24.093,
                                                                    "Actual Total Time": 55.955,
                                                                    "Actual Rows": 171891,
                                                                    "Actual Loops": 1
                                                                },
                                                                {
                                                                    "Worker Number": 5,
                                                                    "Actual Startup Time": 24.146,
                                                                    "Actual Total Time": 52.935,
                                                                    "Actual Rows": 244035,
                                                                    "Actual Loops": 1
                                                                }
                                                            ]
                                                        },
                                                        {
                                                            "Node Type": "Hash",
                                                            "Parent Relationship": "Inner",
                                                            "Parallel Aware": true,
                                                            "Startup Cost": 43899.01,
                                                            "Total Cost": 43899.01,
                                                            "Plan Rows": 382235,
                                                            "Plan Width": 4,
                                                            "Actual Startup Time": 198.887,
                                                            "Actual Total Time": 198.889,
                                                            "Actual Rows": 218802,
                                                            "Actual Loops": 7,
                                                            "Output": [
                                                                "t.id"
                                                            ],
                                                            "Hash Buckets": 2097152,
                                                            "Original Hash Buckets": 2097152,
                                                            "Hash Batches": 1,
                                                            "Original Hash Batches": 1,
                                                            "Peak Memory Usage": 76480,
                                                            "Workers": [
                                                                {
                                                                    "Worker Number": 0,
                                                                    "Actual Startup Time": 195.459,
                                                                    "Actual Total Time": 195.46,
                                                                    "Actual Rows": 185764,
                                                                    "Actual Loops": 1
                                                                },
                                                                {
                                                                    "Worker Number": 1,
                                                                    "Actual Startup Time": 200.893,
                                                                    "Actual Total Time": 200.894,
                                                                    "Actual Rows": 186862,
                                                                    "Actual Loops": 1
                                                                },
                                                                {
                                                                    "Worker Number": 2,
                                                                    "Actual Startup Time": 200.636,
                                                                    "Actual Total Time": 200.638,
                                                                    "Actual Rows": 169478,
                                                                    "Actual Loops": 1
                                                                },
                                                                {
                                                                    "Worker Number": 3,
                                                                    "Actual Startup Time": 200.603,
                                                                    "Actual Total Time": 200.605,
                                                                    "Actual Rows": 169404,
                                                                    "Actual Loops": 1
                                                                },
                                                                {
                                                                    "Worker Number": 4,
                                                                    "Actual Startup Time": 201.832,
                                                                    "Actual Total Time": 201.833,
                                                                    "Actual Rows": 183563,
                                                                    "Actual Loops": 1
                                                                },
                                                                {
                                                                    "Worker Number": 5,
                                                                    "Actual Startup Time": 202.19,
                                                                    "Actual Total Time": 202.191,
                                                                    "Actual Rows": 260184,
                                                                    "Actual Loops": 1
                                                                }
                                                            ],
                                                            "Plans": [
                                                                {
                                                                    "Node Type": "Seq Scan",
                                                                    "Parent Relationship": "Outer",
                                                                    "Parallel Aware": true,
                                                                    "Relation Name": "title",
                                                                    "Schema": "public",
                                                                    "Alias": "t",
                                                                    "Startup Cost": 0.0,
                                                                    "Total Cost": 43899.01,
                                                                    "Plan Rows": 382235,
                                                                    "Plan Width": 4,
                                                                    "Actual Startup Time": 0.062,
                                                                    "Actual Total Time": 85.953,
                                                                    "Actual Rows": 218802,
                                                                    "Actual Loops": 7,
                                                                    "Output": [
                                                                        "t.id"
                                                                    ],
                                                                    "Filter": "(t.production_year > 1997)",
                                                                    "Rows Removed by Filter": 142386,
                                                                    "Workers": [
                                                                        {
                                                                            "Worker Number": 0,
                                                                            "Actual Startup Time": 0.09,
                                                                            "Actual Total Time": 89.721,
                                                                            "Actual Rows": 185764,
                                                                            "Actual Loops": 1
                                                                        },
                                                                        {
                                                                            "Worker Number": 1,
                                                                            "Actual Startup Time": 0.06,
                                                                            "Actual Total Time": 89.73,
                                                                            "Actual Rows": 186862,
                                                                            "Actual Loops": 1
                                                                        },
                                                                        {
                                                                            "Worker Number": 2,
                                                                            "Actual Startup Time": 0.064,
                                                                            "Actual Total Time": 87.041,
                                                                            "Actual Rows": 169478,
                                                                            "Actual Loops": 1
                                                                        },
                                                                        {
                                                                            "Worker Number": 3,
                                                                            "Actual Startup Time": 0.063,
                                                                            "Actual Total Time": 87.349,
                                                                            "Actual Rows": 169404,
                                                                            "Actual Loops": 1
                                                                        },
                                                                        {
                                                                            "Worker Number": 4,
                                                                            "Actual Startup Time": 0.077,
                                                                            "Actual Total Time": 90.199,
                                                                            "Actual Rows": 183563,
                                                                            "Actual Loops": 1
                                                                        },
                                                                        {
                                                                            "Worker Number": 5,
                                                                            "Actual Startup Time": 0.067,
                                                                            "Actual Total Time": 85.138,
                                                                            "Actual Rows": 260184,
                                                                            "Actual Loops": 1
                                                                        }
                                                                    ]
                                                                }
                                                            ]
                                                        }
                                                    ]
                                                }
                                            ]
                                        }
                                    ]
                                }
                            ]
                        }
                    ]
                }
            ]
        },
        "Planning Time": 197.212,
        "Triggers": [],
        "Execution Time": 1921.001
    }
]