[
  {
    "Plan": {
      "Node Type": "Aggregate",
      "Strategy": "Plain",
      "Partial Mode": "Finalize",
      "Parallel Aware": false,
      "Startup Cost": 44957.86,
      "Total Cost": 44957.87,
      "Plan Rows": 1,
      "Plan Width": 8,
      "Actual Startup Time": 149.614,
      "Actual Total Time": 157.257,
      "Actual Rows": 1,
      "Actual Loops": 1,
      "Plans": [
        {
          "Node Type": "Gather",
          "Parent Relationship": "Outer",
          "Parallel Aware": false,
          "Startup Cost": 44957.54,
          "Total Cost": 44957.85,
          "Plan Rows": 3,
          "Plan Width": 8,
          "Actual Startup Time": 149.482,
          "Actual Total Time": 157.248,
          "Actual Rows": 4,
          "Actual Loops": 1,
          "Workers Planned": 3,
          "Workers Launched": 3,
          "Single Copy": false,
          "Plans": [
            {
              "Node Type": "Aggregate",
              "Strategy": "Plain",
              "Partial Mode": "Partial",
              "Parent Relationship": "Outer",
              "Parallel Aware": false,
              "Startup Cost": 43957.54,
              "Total Cost": 43957.55,
              "Plan Rows": 1,
              "Plan Width": 8,
              "Actual Startup Time": 141.064,
              "Actual Total Time": 141.066,
              "Actual Rows": 1,
              "Actual Loops": 4,
              "Plans": [
                {
                  "Node Type": "Seq Scan",
                  "Parent Relationship": "Outer",
                  "Parallel Aware": true,
                  "Relation Name": "movie_keyword",
                  "Alias": "mk",
                  "Startup Cost": 0.0,
                  "Total Cost": 42695.65,
                  "Plan Rows": 504756,
                  "Plan Width": 0,
                  "Actual Startup Time": 0.061,
                  "Actual Total Time": 119.227,
                  "Actual Rows": 395301,
                  "Actual Loops": 4,
                  "Filter": "(keyword_id < 2401)",
                  "Rows Removed by Filter": 735682
                }
              ]
            }
          ]
        }
      ]
    },
    "Planning Time": 0.159,
    "Triggers": [],
    "Execution Time": 157.318
  }
]