[
  {
    "Plan": {
      "Node Type": "Aggregate",
      "Strategy": "Plain",
      "Partial Mode": "Finalize",
      "Parallel Aware": false,
      "Startup Cost": 46484.9,
      "Total Cost": 46484.91,
      "Plan Rows": 1,
      "Plan Width": 8,
      "Actual Startup Time": 91.612,
      "Actual Total Time": 106.216,
      "Actual Rows": 1,
      "Actual Loops": 1,
      "Plans": [
        {
          "Node Type": "Gather",
          "Parent Relationship": "Outer",
          "Parallel Aware": false,
          "Startup Cost": 46484.48,
          "Total Cost": 46484.89,
          "Plan Rows": 4,
          "Plan Width": 8,
          "Actual Startup Time": 91.472,
          "Actual Total Time": 106.207,
          "Actual Rows": 5,
          "Actual Loops": 1,
          "Workers Planned": 4,
          "Workers Launched": 4,
          "Single Copy": false,
          "Plans": [
            {
              "Node Type": "Aggregate",
              "Strategy": "Plain",
              "Partial Mode": "Partial",
              "Parent Relationship": "Outer",
              "Parallel Aware": false,
              "Startup Cost": 45484.48,
              "Total Cost": 45484.49,
              "Plan Rows": 1,
              "Plan Width": 8,
              "Actual Startup Time": 84.426,
              "Actual Total Time": 84.427,
              "Actual Rows": 1,
              "Actual Loops": 5,
              "Plans": [
                {
                  "Node Type": "Seq Scan",
                  "Parent Relationship": "Outer",
                  "Parallel Aware": true,
                  "Relation Name": "title",
                  "Alias": "t",
                  "Startup Cost": 0.0,
                  "Total Cost": 45479.1,
                  "Plan Rows": 2152,
                  "Plan Width": 0,
                  "Actual Startup Time": 0.206,
                  "Actual Total Time": 84.188,
                  "Actual Rows": 1676,
                  "Actual Loops": 5,
                  "Filter": "((kind_id = 7) AND (production_year = 1979))",
                  "Rows Removed by Filter": 503987
                }
              ]
            }
          ]
        }
      ]
    },
    "Planning Time": 0.118,
    "Triggers": [],
    "Execution Time": 106.254
  }
]