[
  {
    "Plan": {
      "Node Type": "Aggregate",
      "Strategy": "Plain",
      "Partial Mode": "Finalize",
      "Parallel Aware": false,
      "Startup Cost": 394694.33,
      "Total Cost": 394694.34,
      "Plan Rows": 1,
      "Plan Width": 8,
      "Actual Startup Time": 2322.893,
      "Actual Total Time": 2375.262,
      "Actual Rows": 1,
      "Actual Loops": 1,
      "Plans": [
        {
          "Node Type": "Gather",
          "Parent Relationship": "Outer",
          "Parallel Aware": false,
          "Startup Cost": 394693.71,
          "Total Cost": 394694.32,
          "Plan Rows": 6,
          "Plan Width": 8,
          "Actual Startup Time": 2314.482,
          "Actual Total Time": 2375.246,
          "Actual Rows": 7,
          "Actual Loops": 1,
          "Workers Planned": 6,
          "Workers Launched": 6,
          "Single Copy": false,
          "Plans": [
            {
              "Node Type": "Aggregate",
              "Strategy": "Plain",
              "Partial Mode": "Partial",
              "Parent Relationship": "Outer",
              "Parallel Aware": false,
              "Startup Cost": 393693.71,
              "Total Cost": 393693.72,
              "Plan Rows": 1,
              "Plan Width": 8,
              "Actual Startup Time": 2295.209,
              "Actual Total Time": 2295.212,
              "Actual Rows": 1,
              "Actual Loops": 7,
              "Plans": [
                {
                  "Node Type": "Hash Join",
                  "Parent Relationship": "Outer",
                  "Parallel Aware": true,
                  "Join Type": "Inner",
                  "Startup Cost": 51151.77,
                  "Total Cost": 387009.51,
                  "Plan Rows": 2673679,
                  "Plan Width": 0,
                  "Actual Startup Time": 285.929,
                  "Actual Total Time": 2167.371,
                  "Actual Rows": 2396577,
                  "Actual Loops": 7,
                  "Inner Unique": true,
                  "Hash Cond": "(ci.movie_id = t.id)",
                  "Plans": [
                    {
                      "Node Type": "Seq Scan",
                      "Parent Relationship": "Outer",
                      "Parallel Aware": true,
                      "Relation Name": "cast_info",
                      "Alias": "ci",
                      "Startup Cost": 0.0,
                      "Total Cost": 328211.39,
                      "Plan Rows": 2912889,
                      "Plan Width": 4,
                      "Actual Startup Time": 0.045,
                      "Actual Total Time": 662.971,
                      "Actual Rows": 2514576,
                      "Actual Loops": 7,
                      "Filter": "(person_id < 1741930)",
                      "Rows Removed by Filter": 2663187
                    },
                    {
                      "Node Type": "Hash",
                      "Parent Relationship": "Inner",
                      "Parallel Aware": true,
                      "Startup Cost": 43899.32,
                      "Total Cost": 43899.32,
                      "Plan Rows": 580196,
                      "Plan Width": 4,
                      "Actual Startup Time": 278.906,
                      "Actual Total Time": 278.907,
                      "Actual Rows": 330412,
                      "Actual Loops": 7,
                      "Hash Buckets": 4194304,
                      "Original Hash Buckets": 4194304,
                      "Hash Batches": 1,
                      "Original Hash Batches": 1,
                      "Peak Memory Usage": 123328,
                      "Plans": [
                        {
                          "Node Type": "Seq Scan",
                          "Parent Relationship": "Outer",
                          "Parallel Aware": true,
                          "Relation Name": "title",
                          "Alias": "t",
                          "Startup Cost": 0.0,
                          "Total Cost": 43899.32,
                          "Plan Rows": 580196,
                          "Plan Width": 4,
                          "Actual Startup Time": 0.064,
                          "Actual Total Time": 94.448,
                          "Actual Rows": 330412,
                          "Actual Loops": 7,
                          "Filter": "(production_year > 1940)",
                          "Rows Removed by Filter": 30775
                        }
                      ]
                    }
                  ]
                }
              ]
            }
          ]
        }
      ]
    },
    "Planning Time": 0.412,
    "Triggers": [],
    "Execution Time": 2375.331
  }
]