[
  {
    "Plan": {
      "Node Type": "Aggregate",
      "Strategy": "Plain",
      "Partial Mode": "Finalize",
      "Parallel Aware": false,
      "Startup Cost": 33210.11,
      "Total Cost": 33210.12,
      "Plan Rows": 1,
      "Plan Width": 8,
      "Actual Startup Time": 109.611,
      "Actual Total Time": 117.107,
      "Actual Rows": 1,
      "Actual Loops": 1,
      "Plans": [
        {
          "Node Type": "Gather",
          "Parent Relationship": "Outer",
          "Parallel Aware": false,
          "Startup Cost": 33209.79,
          "Total Cost": 33210.1,
          "Plan Rows": 3,
          "Plan Width": 8,
          "Actual Startup Time": 109.503,
          "Actual Total Time": 117.098,
          "Actual Rows": 4,
          "Actual Loops": 1,
          "Workers Planned": 3,
          "Workers Launched": 3,
          "Single Copy": false,
          "Plans": [
            {
              "Node Type": "Aggregate",
              "Strategy": "Plain",
              "Partial Mode": "Partial",
              "Parent Relationship": "Outer",
              "Parallel Aware": false,
              "Startup Cost": 32209.79,
              "Total Cost": 32209.8,
              "Plan Rows": 1,
              "Plan Width": 8,
              "Actual Startup Time": 100.944,
              "Actual Total Time": 100.945,
              "Actual Rows": 1,
              "Actual Loops": 4,
              "Plans": [
                {
                  "Node Type": "Seq Scan",
                  "Parent Relationship": "Outer",
                  "Parallel Aware": true,
                  "Relation Name": "movie_companies",
                  "Alias": "mc",
                  "Startup Cost": 0.0,
                  "Total Cost": 31414.82,
                  "Plan Rows": 317989,
                  "Plan Width": 0,
                  "Actual Startup Time": 0.057,
                  "Actual Total Time": 83.671,
                  "Actual Rows": 316110,
                  "Actual Loops": 4,
                  "Filter": "((company_id < 62253) AND (company_type_id < 2))",
                  "Rows Removed by Filter": 336172
                }
              ]
            }
          ]
        }
      ]
    },
    "Planning Time": 0.202,
    "Triggers": [],
    "Execution Time": 117.163
  }
]