[
  {
    "Plan": {
      "Node Type": "Aggregate",
      "Strategy": "Plain",
      "Partial Mode": "Finalize",
      "Parallel Aware": false,
      "Startup Cost": 466320.47,
      "Total Cost": 466320.48,
      "Plan Rows": 1,
      "Plan Width": 64,
      "Actual Startup Time": 1499.382,
      "Actual Total Time": 1581.45,
      "Actual Rows": 1,
      "Actual Loops": 1,
      "Plans": [
        {
          "Node Type": "Gather",
          "Parent Relationship": "Outer",
          "Parallel Aware": false,
          "Startup Cost": 466319.83,
          "Total Cost": 466320.44,
          "Plan Rows": 6,
          "Plan Width": 64,
          "Actual Startup Time": 1467.707,
          "Actual Total Time": 1581.425,
          "Actual Rows": 7,
          "Actual Loops": 1,
          "Workers Planned": 6,
          "Workers Launched": 6,
          "Single Copy": false,
          "Plans": [
            {
              "Node Type": "Aggregate",
              "Strategy": "Plain",
              "Partial Mode": "Partial",
              "Parent Relationship": "Outer",
              "Parallel Aware": false,
              "Startup Cost": 465319.83,
              "Total Cost": 465319.84,
              "Plan Rows": 1,
              "Plan Width": 64,
              "Actual Startup Time": 1452.631,
              "Actual Total Time": 1452.652,
              "Actual Rows": 1,
              "Actual Loops": 7,
              "Plans": [
                {
                  "Node Type": "Hash Join",
                  "Parent Relationship": "Outer",
                  "Parallel Aware": false,
                  "Join Type": "Inner",
                  "Startup Cost": 135390.18,
                  "Total Cost": 465115.27,
                  "Plan Rows": 40912,
                  "Plan Width": 33,
                  "Actual Startup Time": 1452.621,
                  "Actual Total Time": 1452.64,
                  "Actual Rows": 0,
                  "Actual Loops": 7,
                  "Inner Unique": true,
                  "Hash Cond": "(ci.role_id = rt.id)",
                  "Plans": [
                    {
                      "Node Type": "Hash Join",
                      "Parent Relationship": "Outer",
                      "Parallel Aware": false,
                      "Join Type": "Inner",
                      "Startup Cost": 135388.91,
                      "Total Cost": 464968.68,
                      "Plan Rows": 40912,
                      "Plan Width": 37,
                      "Actual Startup Time": 1451.825,
                      "Actual Total Time": 1451.842,
                      "Actual Rows": 0,
                      "Actual Loops": 7,
                      "Inner Unique": true,
                      "Hash Cond": "(mc.company_type_id = ct.id)",
                      "Plans": [
                        {
                          "Node Type": "Hash Join",
                          "Parent Relationship": "Outer",
                          "Parallel Aware": true,
                          "Join Type": "Inner",
                          "Startup Cost": 135387.82,
                          "Total Cost": 464746.41,
                          "Plan Rows": 40912,
                          "Plan Width": 41,
                          "Actual Startup Time": 1451.661,
                          "Actual Total Time": 1451.676,
                          "Actual Rows": 0,
                          "Actual Loops": 7,
                          "Inner Unique": true,
                          "Hash Cond": "(ci.person_role_id = chn.id)",
                          "Plans": [
                            {
                              "Node Type": "Hash Join",
                              "Parent Relationship": "Outer",
                              "Parallel Aware": true,
                              "Join Type": "Inner",
                              "Startup Cost": 81274.62,
                              "Total Cost": 410525.82,
                              "Plan Rows": 40912,
                              "Plan Width": 29,
                              "Actual Startup Time": 666.694,
                              "Actual Total Time": 1079.439,
                              "Actual Rows": 41715,
                              "Actual Loops": 7,
                              "Inner Unique": false,
                              "Hash Cond": "(ci.movie_id = t.id)",
                              "Plans": [
                                {
                                  "Node Type": "Seq Scan",
                                  "Parent Relationship": "Outer",
                                  "Parallel Aware": true,
                                  "Relation Name": "cast_info",
                                  "Alias": "ci",
                                  "Startup Cost": 0.0,
                                  "Total Cost": 328289.28,
                                  "Plan Rows": 241927,
                                  "Plan Width": 12,
                                  "Actual Startup Time": 182.622,
                                  "Actual Total Time": 677.338,
                                  "Actual Rows": 205063,
                                  "Actual Loops": 7,
                                  "Filter": "(note ~~ '%(producer)%'::text)",
                                  "Rows Removed by Filter": 4972701
                                },
                                {
                                  "Node Type": "Hash",
                                  "Parent Relationship": "Inner",
                                  "Parallel Aware": true,
                                  "Startup Cost": 80560.17,
                                  "Total Cost": 80560.17,
                                  "Plan Rows": 57156,
                                  "Plan Width": 29,
                                  "Actual Startup Time": 339.9,
                                  "Actual Total Time": 339.911,
                                  "Actual Rows": 62175,
                                  "Actual Loops": 7,
                                  "Hash Buckets": 524288,
                                  "Original Hash Buckets": 262144,
                                  "Hash Batches": 1,
                                  "Original Hash Batches": 1,
                                  "Peak Memory Usage": 34592,
                                  "Plans": [
                                    {
                                      "Node Type": "Hash Join",
                                      "Parent Relationship": "Outer",
                                      "Parallel Aware": true,
                                      "Join Type": "Inner",
                                      "Startup Cost": 50729.73,
                                      "Total Cost": 80560.17,
                                      "Plan Rows": 57156,
                                      "Plan Width": 29,
                                      "Actual Startup Time": 133.441,
                                      "Actual Total Time": 293.742,
                                      "Actual Rows": 62175,
                                      "Actual Loops": 7,
                                      "Inner Unique": true,
                                      "Hash Cond": "(mc.company_id = cn.id)",
                                      "Plans": [
                                        {
                                          "Node Type": "Hash Join",
                                          "Parent Relationship": "Outer",
                                          "Parallel Aware": true,
                                          "Join Type": "Inner",
                                          "Startup Cost": 45381.42,
                                          "Total Cost": 74797.31,
                                          "Plan Rows": 157919,
                                          "Plan Width": 33,
                                          "Actual Startup Time": 121.032,
                                          "Actual Total Time": 260.816,
                                          "Actual Rows": 114561,
                                          "Actual Loops": 7,
                                          "Inner Unique": true,
                                          "Hash Cond": "(mc.movie_id = t.id)",
                                          "Plans": [
                                            {
                                              "Node Type": "Seq Scan",
                                              "Parent Relationship": "Outer",
                                              "Parallel Aware": true,
                                              "Relation Name": "movie_companies",
                                              "Alias": "mc",
                                              "Startup Cost": 0.0,
                                              "Total Cost": 27206.55,
                                              "Plan Rows": 841655,
                                              "Plan Width": 12,
                                              "Actual Startup Time": 0.02,
                                              "Actual Total Time": 50.801,
                                              "Actual Rows": 372733,
                                              "Actual Loops": 7
                                            },
                                            {
                                              "Node Type": "Hash",
                                              "Parent Relationship": "Inner",
                                              "Parallel Aware": true,
                                              "Startup Cost": 43898.97,
                                              "Total Cost": 43898.97,
                                              "Plan Rows": 118596,
                                              "Plan Width": 21,
                                              "Actual Startup Time": 120.182,
                                              "Actual Total Time": 120.184,
                                              "Actual Rows": 68514,
                                              "Actual Loops": 7,
                                              "Hash Buckets": 524288,
                                              "Original Hash Buckets": 524288,
                                              "Hash Batches": 1,
                                              "Original Hash Batches": 1,
                                              "Peak Memory Usage": 31584,
                                              "Plans": [
                                                {
                                                  "Node Type": "Seq Scan",
                                                  "Parent Relationship": "Outer",
                                                  "Parallel Aware": true,
                                                  "Relation Name": "title",
                                                  "Alias": "t",
                                                  "Startup Cost": 0.0,
                                                  "Total Cost": 43898.97,
                                                  "Plan Rows": 118596,
                                                  "Plan Width": 21,
                                                  "Actual Startup Time": 0.023,
                                                  "Actual Total Time": 78.949,
                                                  "Actual Rows": 68514,
                                                  "Actual Loops": 7,
                                                  "Filter": "(production_year < 1978)",
                                                  "Rows Removed by Filter": 292673
                                                }
                                              ]
                                            }
                                          ]
                                        },
                                        {
                                          "Node Type": "Hash",
                                          "Parent Relationship": "Inner",
                                          "Parallel Aware": true,
                                          "Startup Cost": 4722.92,
                                          "Total Cost": 4722.92,
                                          "Plan Rows": 50031,
                                          "Plan Width": 4,
                                          "Actual Startup Time": 11.819,
                                          "Actual Total Time": 11.82,
                                          "Actual Rows": 12120,
                                          "Actual Loops": 7,
                                          "Hash Buckets": 131072,
                                          "Original Hash Buckets": 131072,
                                          "Hash Batches": 1,
                                          "Original Hash Batches": 1,
                                          "Peak Memory Usage": 4448,
                                          "Plans": [
                                            {
                                              "Node Type": "Seq Scan",
                                              "Parent Relationship": "Outer",
                                              "Parallel Aware": true,
                                              "Relation Name": "company_name",
                                              "Alias": "cn",
                                              "Startup Cost": 0.0,
                                              "Total Cost": 4722.92,
                                              "Plan Rows": 50031,
                                              "Plan Width": 4,
                                              "Actual Startup Time": 0.043,
                                              "Actual Total Time": 7.645,
                                              "Actual Rows": 12120,
                                              "Actual Loops": 7,
                                              "Filter": "((country_code)::text = '[us]'::text)",
                                              "Rows Removed by Filter": 21451
                                            }
                                          ]
                                        }
                                      ]
                                    }
                                  ]
                                }
                              ]
                            },
                            {
                              "Node Type": "Hash",
                              "Parent Relationship": "Inner",
                              "Parallel Aware": true,
                              "Startup Cost": 44299.2,
                              "Total Cost": 44299.2,
                              "Plan Rows": 785120,
                              "Plan Width": 20,
                              "Actual Startup Time": 363.878,
                              "Actual Total Time": 363.879,
                              "Actual Rows": 448620,
                              "Actual Loops": 7,
                              "Hash Buckets": 4194304,
                              "Original Hash Buckets": 4194304,
                              "Hash Batches": 1,
                              "Original Hash Batches": 1,
                              "Peak Memory Usage": 205216,
                              "Plans": [
                                {
                                  "Node Type": "Seq Scan",
                                  "Parent Relationship": "Outer",
                                  "Parallel Aware": true,
                                  "Relation Name": "char_name",
                                  "Alias": "chn",
                                  "Startup Cost": 0.0,
                                  "Total Cost": 44299.2,
                                  "Plan Rows": 785120,
                                  "Plan Width": 20,
                                  "Actual Startup Time": 0.074,
                                  "Actual Total Time": 95.969,
                                  "Actual Rows": 448620,
                                  "Actual Loops": 7
                                }
                              ]
                            }
                          ]
                        },
                        {
                          "Node Type": "Hash",
                          "Parent Relationship": "Inner",
                          "Parallel Aware": false,
                          "Startup Cost": 1.04,
                          "Total Cost": 1.04,
                          "Plan Rows": 4,
                          "Plan Width": 4,
                          "Actual Startup Time": 0.092,
                          "Actual Total Time": 0.093,
                          "Actual Rows": 4,
                          "Actual Loops": 7,
                          "Hash Buckets": 1024,
                          "Original Hash Buckets": 1024,
                          "Hash Batches": 1,
                          "Original Hash Batches": 1,
                          "Peak Memory Usage": 9,
                          "Plans": [
                            {
                              "Node Type": "Seq Scan",
                              "Parent Relationship": "Outer",
                              "Parallel Aware": false,
                              "Relation Name": "company_type",
                              "Alias": "ct",
                              "Startup Cost": 0.0,
                              "Total Cost": 1.04,
                              "Plan Rows": 4,
                              "Plan Width": 4,
                              "Actual Startup Time": 0.061,
                              "Actual Total Time": 0.064,
                              "Actual Rows": 4,
                              "Actual Loops": 7
                            }
                          ]
                        }
                      ]
                    },
                    {
                      "Node Type": "Hash",
                      "Parent Relationship": "Inner",
                      "Parallel Aware": false,
                      "Startup Cost": 1.12,
                      "Total Cost": 1.12,
                      "Plan Rows": 12,
                      "Plan Width": 4,
                      "Actual Startup Time": 0.108,
                      "Actual Total Time": 0.109,
                      "Actual Rows": 12,
                      "Actual Loops": 7,
                      "Hash Buckets": 1024,
                      "Original Hash Buckets": 1024,
                      "Hash Batches": 1,
                      "Original Hash Batches": 1,
                      "Peak Memory Usage": 9,
                      "Plans": [
                        {
                          "Node Type": "Seq Scan",
                          "Parent Relationship": "Outer",
                          "Parallel Aware": false,
                          "Relation Name": "role_type",
                          "Alias": "rt",
                          "Startup Cost": 0.0,
                          "Total Cost": 1.12,
                          "Plan Rows": 12,
                          "Plan Width": 4,
                          "Actual Startup Time": 0.063,
                          "Actual Total Time": 0.069,
                          "Actual Rows": 12,
                          "Actual Loops": 7
                        }
                      ]
                    }
                  ]
                }
              ]
            }
          ]
        }
      ]
    },
    "Planning Time": 3.24,
    "Triggers": [],
    "Execution Time": 1581.769
  }
]