[
  {
    "Plan": {
      "Node Type": "Aggregate",
      "Strategy": "Plain",
      "Partial Mode": "Finalize",
      "Parallel Aware": false,
      "Startup Cost": 91090.85,
      "Total Cost": 91090.86,
      "Plan Rows": 1,
      "Plan Width": 8,
      "Actual Startup Time": 287.825,
      "Actual Total Time": 307.787,
      "Actual Rows": 1,
      "Actual Loops": 1,
      "Plans": [
        {
          "Node Type": "Gather",
          "Parent Relationship": "Outer",
          "Parallel Aware": false,
          "Startup Cost": 91090.53,
          "Total Cost": 91090.84,
          "Plan Rows": 3,
          "Plan Width": 8,
          "Actual Startup Time": 286.08,
          "Actual Total Time": 307.777,
          "Actual Rows": 4,
          "Actual Loops": 1,
          "Workers Planned": 3,
          "Workers Launched": 3,
          "Single Copy": false,
          "Plans": [
            {
              "Node Type": "Aggregate",
              "Strategy": "Plain",
              "Partial Mode": "Partial",
              "Parent Relationship": "Outer",
              "Parallel Aware": false,
              "Startup Cost": 90090.53,
              "Total Cost": 90090.54,
              "Plan Rows": 1,
              "Plan Width": 8,
              "Actual Startup Time": 277.322,
              "Actual Total Time": 277.325,
              "Actual Rows": 1,
              "Actual Loops": 4,
              "Plans": [
                {
                  "Node Type": "Hash Join",
                  "Parent Relationship": "Outer",
                  "Parallel Aware": true,
                  "Join Type": "Inner",
                  "Startup Cost": 46512.39,
                  "Total Cost": 89992.79,
                  "Plan Rows": 39097,
                  "Plan Width": 0,
                  "Actual Startup Time": 141.435,
                  "Actual Total Time": 272.931,
                  "Actual Rows": 94486,
                  "Actual Loops": 4,
                  "Inner Unique": true,
                  "Hash Cond": "(mk.movie_id = t.id)",
                  "Plans": [
                    {
                      "Node Type": "Seq Scan",
                      "Parent Relationship": "Outer",
                      "Parallel Aware": true,
                      "Relation Name": "movie_keyword",
                      "Alias": "mk",
                      "Startup Cost": 0.0,
                      "Total Cost": 42695.65,
                      "Plan Rows": 298951,
                      "Plan Width": 4,
                      "Actual Startup Time": 1.577,
                      "Actual Total Time": 94.358,
                      "Actual Rows": 227313,
                      "Actual Loops": 4,
                      "Filter": "(keyword_id > 20342)",
                      "Rows Removed by Filter": 903670
                    },
                    {
                      "Node Type": "Hash",
                      "Parent Relationship": "Inner",
                      "Parallel Aware": true,
                      "Startup Cost": 45479.1,
                      "Total Cost": 45479.1,
                      "Plan Rows": 82663,
                      "Plan Width": 4,
                      "Actual Startup Time": 136.213,
                      "Actual Total Time": 136.214,
                      "Actual Rows": 111298,
                      "Actual Loops": 4,
                      "Hash Buckets": 524288,
                      "Original Hash Buckets": 524288,
                      "Hash Batches": 1,
                      "Original Hash Batches": 1,
                      "Peak Memory Usage": 21568,
                      "Plans": [
                        {
                          "Node Type": "Seq Scan",
                          "Parent Relationship": "Outer",
                          "Parallel Aware": true,
                          "Relation Name": "title",
                          "Alias": "t",
                          "Startup Cost": 0.0,
                          "Total Cost": 45479.1,
                          "Plan Rows": 82663,
                          "Plan Width": 4,
                          "Actual Startup Time": 0.055,
                          "Actual Total Time": 101.471,
                          "Actual Rows": 111298,
                          "Actual Loops": 4,
                          "Filter": "((kind_id < 7) AND (production_year < 1996))",
                          "Rows Removed by Filter": 520780
                        }
                      ]
                    }
                  ]
                }
              ]
            }
          ]
        }
      ]
    },
    "Planning Time": 0.617,
    "Triggers": [],
    "Execution Time": 307.854
  }
]