[
  {
    "Plan": {
      "Node Type": "Aggregate",
      "Strategy": "Plain",
      "Partial Mode": "Finalize",
      "Parallel Aware": false,
      "Startup Cost": 71361.88,
      "Total Cost": 71361.89,
      "Plan Rows": 1,
      "Plan Width": 8,
      "Actual Startup Time": 150.132,
      "Actual Total Time": 163.774,
      "Actual Rows": 1,
      "Actual Loops": 1,
      "Plans": [
        {
          "Node Type": "Gather",
          "Parent Relationship": "Outer",
          "Parallel Aware": false,
          "Startup Cost": 71361.56,
          "Total Cost": 71361.87,
          "Plan Rows": 3,
          "Plan Width": 8,
          "Actual Startup Time": 149.279,
          "Actual Total Time": 163.768,
          "Actual Rows": 4,
          "Actual Loops": 1,
          "Workers Planned": 3,
          "Workers Launched": 3,
          "Single Copy": false,
          "Plans": [
            {
              "Node Type": "Aggregate",
              "Strategy": "Plain",
              "Partial Mode": "Partial",
              "Parent Relationship": "Outer",
              "Parallel Aware": false,
              "Startup Cost": 70361.56,
              "Total Cost": 70361.57,
              "Plan Rows": 1,
              "Plan Width": 8,
              "Actual Startup Time": 140.624,
              "Actual Total Time": 140.628,
              "Actual Rows": 1,
              "Actual Loops": 4,
              "Plans": [
                {
                  "Node Type": "Hash Join",
                  "Parent Relationship": "Outer",
                  "Parallel Aware": true,
                  "Join Type": "Inner",
                  "Startup Cost": 38321.11,
                  "Total Cost": 70345.69,
                  "Plan Rows": 6349,
                  "Plan Width": 0,
                  "Actual Startup Time": 106.667,
                  "Actual Total Time": 140.054,
                  "Actual Rows": 9095,
                  "Actual Loops": 4,
                  "Inner Unique": true,
                  "Hash Cond": "(mc.movie_id = t.id)",
                  "Plans": [
                    {
                      "Node Type": "Seq Scan",
                      "Parent Relationship": "Outer",
                      "Parallel Aware": true,
                      "Relation Name": "movie_companies",
                      "Alias": "mc",
                      "Startup Cost": 0.0,
                      "Total Cost": 31414.82,
                      "Plan Rows": 232291,
                      "Plan Width": 4,
                      "Actual Startup Time": 40.536,
                      "Actual Total Time": 81.716,
                      "Actual Rows": 113572,
                      "Actual Loops": 4,
                      "Filter": "((company_id < 12471) AND (company_type_id > 1))",
                      "Rows Removed by Filter": 538710
                    },
                    {
                      "Node Type": "Hash",
                      "Parent Relationship": "Inner",
                      "Parallel Aware": true,
                      "Startup Cost": 38105.15,
                      "Total Cost": 38105.15,
                      "Plan Rows": 17277,
                      "Plan Width": 4,
                      "Actual Startup Time": 38.205,
                      "Actual Total Time": 38.207,
                      "Actual Rows": 16655,
                      "Actual Loops": 4,
                      "Hash Buckets": 131072,
                      "Original Hash Buckets": 131072,
                      "Hash Batches": 1,
                      "Original Hash Batches": 1,
                      "Peak Memory Usage": 3680,
                      "Plans": [
                        {
                          "Node Type": "Bitmap Heap Scan",
                          "Parent Relationship": "Outer",
                          "Parallel Aware": true,
                          "Relation Name": "title",
                          "Alias": "t",
                          "Startup Cost": 1744.0,
                          "Total Cost": 38105.15,
                          "Plan Rows": 17277,
                          "Plan Width": 4,
                          "Actual Startup Time": 1.813,
                          "Actual Total Time": 32.029,
                          "Actual Rows": 16655,
                          "Actual Loops": 4,
                          "Recheck Cond": "(kind_id = 3)",
                          "Rows Removed by Index Recheck": 0,
                          "Filter": "(production_year > 1988)",
                          "Rows Removed by Filter": 8479,
                          "Exact Heap Blocks": 8085,
                          "Lossy Heap Blocks": 0,
                          "Plans": [
                            {
                              "Node Type": "Bitmap Index Scan",
                              "Parent Relationship": "Outer",
                              "Parallel Aware": false,
                              "Index Name": "kind_id_title",
                              "Startup Cost": 0.0,
                              "Total Cost": 1726.72,
                              "Plan Rows": 96839,
                              "Plan Width": 0,
                              "Actual Startup Time": 4.828,
                              "Actual Total Time": 4.828,
                              "Actual Rows": 100537,
                              "Actual Loops": 1,
                              "Index Cond": "(kind_id = 3)"
                            }
                          ]
                        }
                      ]
                    }
                  ]
                }
              ]
            }
          ]
        }
      ]
    },
    "Planning Time": 0.198,
    "Triggers": [],
    "Execution Time": 163.813
  }
]