[
  {
    "Plan": {
      "Node Type": "Aggregate",
      "Strategy": "Plain",
      "Partial Mode": "Finalize",
      "Parallel Aware": false,
      "Startup Cost": 45180.95,
      "Total Cost": 45180.96,
      "Plan Rows": 1,
      "Plan Width": 8,
      "Actual Startup Time": 120.77,
      "Actual Total Time": 128.178,
      "Actual Rows": 1,
      "Actual Loops": 1,
      "Plans": [
        {
          "Node Type": "Gather",
          "Parent Relationship": "Outer",
          "Parallel Aware": false,
          "Startup Cost": 45180.64,
          "Total Cost": 45180.95,
          "Plan Rows": 3,
          "Plan Width": 8,
          "Actual Startup Time": 120.681,
          "Actual Total Time": 128.172,
          "Actual Rows": 4,
          "Actual Loops": 1,
          "Workers Planned": 3,
          "Workers Launched": 3,
          "Single Copy": false,
          "Plans": [
            {
              "Node Type": "Aggregate",
              "Strategy": "Plain",
              "Partial Mode": "Partial",
              "Parent Relationship": "Outer",
              "Parallel Aware": false,
              "Startup Cost": 44180.64,
              "Total Cost": 44180.65,
              "Plan Rows": 1,
              "Plan Width": 8,
              "Actual Startup Time": 117.73,
              "Actual Total Time": 117.731,
              "Actual Rows": 1,
              "Actual Loops": 4,
              "Plans": [
                {
                  "Node Type": "Seq Scan",
                  "Parent Relationship": "Outer",
                  "Parallel Aware": true,
                  "Relation Name": "movie_keyword",
                  "Alias": "mk",
                  "Startup Cost": 0.0,
                  "Total Cost": 42695.65,
                  "Plan Rows": 593993,
                  "Plan Width": 0,
                  "Actual Startup Time": 0.633,
                  "Actual Total Time": 97.078,
                  "Actual Rows": 453717,
                  "Actual Loops": 4,
                  "Filter": "(keyword_id > 7649)",
                  "Rows Removed by Filter": 677265
                }
              ]
            }
          ]
        }
      ]
    },
    "Planning Time": 0.113,
    "Triggers": [],
    "Execution Time": 128.214
  }
]