[
  {
    "Plan": {
      "Node Type": "Aggregate",
      "Strategy": "Plain",
      "Partial Mode": "Finalize",
      "Parallel Aware": false,
      "Startup Cost": 45154.53,
      "Total Cost": 45154.54,
      "Plan Rows": 1,
      "Plan Width": 8,
      "Actual Startup Time": 150.625,
      "Actual Total Time": 160.175,
      "Actual Rows": 1,
      "Actual Loops": 1,
      "Plans": [
        {
          "Node Type": "Gather",
          "Parent Relationship": "Outer",
          "Parallel Aware": false,
          "Startup Cost": 45154.21,
          "Total Cost": 45154.52,
          "Plan Rows": 3,
          "Plan Width": 8,
          "Actual Startup Time": 150.531,
          "Actual Total Time": 160.167,
          "Actual Rows": 4,
          "Actual Loops": 1,
          "Workers Planned": 3,
          "Workers Launched": 3,
          "Single Copy": false,
          "Plans": [
            {
              "Node Type": "Aggregate",
              "Strategy": "Plain",
              "Partial Mode": "Partial",
              "Parent Relationship": "Outer",
              "Parallel Aware": false,
              "Startup Cost": 44154.21,
              "Total Cost": 44154.22,
              "Plan Rows": 1,
              "Plan Width": 8,
              "Actual Startup Time": 142.31,
              "Actual Total Time": 142.311,
              "Actual Rows": 1,
              "Actual Loops": 4,
              "Plans": [
                {
                  "Node Type": "Seq Scan",
                  "Parent Relationship": "Outer",
                  "Parallel Aware": true,
                  "Relation Name": "movie_keyword",
                  "Alias": "mk",
                  "Startup Cost": 0.0,
                  "Total Cost": 42695.65,
                  "Plan Rows": 583423,
                  "Plan Width": 0,
                  "Actual Startup Time": 1.126,
                  "Actual Total Time": 118.715,
                  "Actual Rows": 453717,
                  "Actual Loops": 4,
                  "Filter": "(keyword_id > 7649)",
                  "Rows Removed by Filter": 677265
                }
              ]
            }
          ]
        }
      ]
    },
    "Planning Time": 0.155,
    "Triggers": [],
    "Execution Time": 160.223
  }
]