[
  {
    "Plan": {
      "Node Type": "Aggregate",
      "Strategy": "Plain",
      "Partial Mode": "Finalize",
      "Parallel Aware": false,
      "Startup Cost": 33266.95,
      "Total Cost": 33266.96,
      "Plan Rows": 1,
      "Plan Width": 8,
      "Actual Startup Time": 100.457,
      "Actual Total Time": 108.326,
      "Actual Rows": 1,
      "Actual Loops": 1,
      "Plans": [
        {
          "Node Type": "Gather",
          "Parent Relationship": "Outer",
          "Parallel Aware": false,
          "Startup Cost": 33266.63,
          "Total Cost": 33266.94,
          "Plan Rows": 3,
          "Plan Width": 8,
          "Actual Startup Time": 100.309,
          "Actual Total Time": 108.318,
          "Actual Rows": 4,
          "Actual Loops": 1,
          "Workers Planned": 3,
          "Workers Launched": 3,
          "Single Copy": false,
          "Plans": [
            {
              "Node Type": "Aggregate",
              "Strategy": "Plain",
              "Partial Mode": "Partial",
              "Parent Relationship": "Outer",
              "Parallel Aware": false,
              "Startup Cost": 32266.63,
              "Total Cost": 32266.64,
              "Plan Rows": 1,
              "Plan Width": 8,
              "Actual Startup Time": 94.739,
              "Actual Total Time": 94.74,
              "Actual Rows": 1,
              "Actual Loops": 4,
              "Plans": [
                {
                  "Node Type": "Seq Scan",
                  "Parent Relationship": "Outer",
                  "Parallel Aware": true,
                  "Relation Name": "movie_companies",
                  "Alias": "mc",
                  "Startup Cost": 0.0,
                  "Total Cost": 31414.82,
                  "Plan Rows": 340725,
                  "Plan Width": 0,
                  "Actual Startup Time": 43.027,
                  "Actual Total Time": 81.717,
                  "Actual Rows": 298467,
                  "Actual Loops": 4,
                  "Filter": "((company_id > 521) AND (company_type_id > 1))",
                  "Rows Removed by Filter": 353815
                }
              ]
            }
          ]
        }
      ]
    },
    "Planning Time": 0.221,
    "Triggers": [],
    "Execution Time": 108.38
  }
]