{
    "Plan": {
        "Node Type": "Aggregate",
        "Strategy": "Plain",
        "Partial Mode": "Finalize",
        "Parallel Aware": false,
        "Startup Cost": 412299.42,
        "Total Cost": 412299.43,
        "Plan Rows": 1,
        "Plan Width": 8,
        "Actual Startup Time": 2860.192,
        "Actual Total Time": 2912.62,
        "Actual Rows": 1,
        "Actual Loops": 1,
        "Output": [
            "count(*)"
        ],
        "Plans": [
            {
                "Node Type": "Gather",
                "Parent Relationship": "Outer",
                "Parallel Aware": false,
                "Startup Cost": 412298.9,
                "Total Cost": 412299.41,
                "Plan Rows": 5,
                "Plan Width": 8,
                "Actual Startup Time": 2817.474,
                "Actual Total Time": 2912.606,
                "Actual Rows": 6,
                "Actual Loops": 1,
                "Output": [
                    "(PARTIAL count(*))"
                ],
                "Workers Planned": 5,
                "Workers Launched": 5,
                "Single Copy": false,
                "Plans": [
                    {
                        "Node Type": "Aggregate",
                        "Strategy": "Plain",
                        "Partial Mode": "Partial",
                        "Parent Relationship": "Outer",
                        "Parallel Aware": false,
                        "Startup Cost": 411298.9,
                        "Total Cost": 411298.91,
                        "Plan Rows": 1,
                        "Plan Width": 8,
                        "Actual Startup Time": 2797.056,
                        "Actual Total Time": 2797.866,
                        "Actual Rows": 1,
                        "Actual Loops": 6,
                        "Output": [
                            "PARTIAL count(*)"
                        ],
                        "Workers": [
                            {
                                "Worker Number": 0,
                                "Actual Startup Time": 2792.818,
                                "Actual Total Time": 2792.823,
                                "Actual Rows": 1,
                                "Actual Loops": 1
                            },
                            {
                                "Worker Number": 1,
                                "Actual Startup Time": 2792.89,
                                "Actual Total Time": 2792.894,
                                "Actual Rows": 1,
                                "Actual Loops": 1
                            },
                            {
                                "Worker Number": 2,
                                "Actual Startup Time": 2792.647,
                                "Actual Total Time": 2792.653,
                                "Actual Rows": 1,
                                "Actual Loops": 1
                            },
                            {
                                "Worker Number": 3,
                                "Actual Startup Time": 2794.578,
                                "Actual Total Time": 2794.584,
                                "Actual Rows": 1,
                                "Actual Loops": 1
                            },
                            {
                                "Worker Number": 4,
                                "Actual Startup Time": 2792.884,
                                "Actual Total Time": 2792.89,
                                "Actual Rows": 1,
                                "Actual Loops": 1
                            }
                        ],
                        "Plans": [
                            {
                                "Node Type": "Hash Join",
                                "Parent Relationship": "Outer",
                                "Parallel Aware": true,
                                "Join Type": "Inner",
                                "Startup Cost": 186790.53,
                                "Total Cost": 399110.64,
                                "Plan Rows": 4875304,
                                "Plan Width": 0,
                                "Actual Startup Time": 789.341,
                                "Actual Total Time": 2450.105,
                                "Actual Rows": 8403488,
                                "Actual Loops": 6,
                                "Inner Unique": false,
                                "Hash Cond": "(mi.movie_id = t.id)",
                                "Workers": [
                                    {
                                        "Worker Number": 0,
                                        "Actual Startup Time": 785.234,
                                        "Actual Total Time": 2445.085,
                                        "Actual Rows": 8951444,
                                        "Actual Loops": 1
                                    },
                                    {
                                        "Worker Number": 1,
                                        "Actual Startup Time": 785.113,
                                        "Actual Total Time": 2443.221,
                                        "Actual Rows": 9001011,
                                        "Actual Loops": 1
                                    },
                                    {
                                        "Worker Number": 2,
                                        "Actual Startup Time": 785.478,
                                        "Actual Total Time": 2463.12,
                                        "Actual Rows": 8355233,
                                        "Actual Loops": 1
                                    },
                                    {
                                        "Worker Number": 3,
                                        "Actual Startup Time": 785.625,
                                        "Actual Total Time": 2437.37,
                                        "Actual Rows": 5794418,
                                        "Actual Loops": 1
                                    },
                                    {
                                        "Worker Number": 4,
                                        "Actual Startup Time": 785.204,
                                        "Actual Total Time": 2444.587,
                                        "Actual Rows": 8975135,
                                        "Actual Loops": 1
                                    }
                                ],
                                "Plans": [
                                    {
                                        "Node Type": "Seq Scan",
                                        "Parent Relationship": "Outer",
                                        "Parallel Aware": true,
                                        "Relation Name": "movie_info",
                                        "Schema": "public",
                                        "Alias": "mi",
                                        "Startup Cost": 0.0,
                                        "Total Cost": 191503.19,
                                        "Plan Rows": 2951019,
                                        "Plan Width": 4,
                                        "Actual Startup Time": 0.033,
                                        "Actual Total Time": 283.091,
                                        "Actual Rows": 2472620,
                                        "Actual Loops": 6,
                                        "Output": [
                                            "mi.id",
                                            "mi.movie_id",
                                            "mi.info_type_id",
                                            "mi.info",
                                            "mi.note"
                                        ],
                                        "Workers": [
                                            {
                                                "Worker Number": 0,
                                                "Actual Startup Time": 0.04,
                                                "Actual Total Time": 290.808,
                                                "Actual Rows": 2621669,
                                                "Actual Loops": 1
                                            },
                                            {
                                                "Worker Number": 1,
                                                "Actual Startup Time": 0.04,
                                                "Actual Total Time": 289.84,
                                                "Actual Rows": 2638774,
                                                "Actual Loops": 1
                                            },
                                            {
                                                "Worker Number": 2,
                                                "Actual Startup Time": 0.035,
                                                "Actual Total Time": 299.179,
                                                "Actual Rows": 2364340,
                                                "Actual Loops": 1
                                            },
                                            {
                                                "Worker Number": 3,
                                                "Actual Startup Time": 0.04,
                                                "Actual Total Time": 312.284,
                                                "Actual Rows": 1791772,
                                                "Actual Loops": 1
                                            },
                                            {
                                                "Worker Number": 4,
                                                "Actual Startup Time": 0.034,
                                                "Actual Total Time": 290.967,
                                                "Actual Rows": 2639451,
                                                "Actual Loops": 1
                                            }
                                        ]
                                    },
                                    {
                                        "Node Type": "Hash",
                                        "Parent Relationship": "Inner",
                                        "Parallel Aware": true,
                                        "Startup Cost": 176348.09,
                                        "Total Cost": 176348.09,
                                        "Plan Rows": 835395,
                                        "Plan Width": 8,
                                        "Actual Startup Time": 781.409,
                                        "Actual Total Time": 782.217,
                                        "Actual Rows": 343736,
                                        "Actual Loops": 6,
                                        "Output": [
                                            "t.id",
                                            "ci.movie_id"
                                        ],
                                        "Hash Buckets": 4194304,
                                        "Original Hash Buckets": 4194304,
                                        "Hash Batches": 1,
                                        "Original Hash Batches": 1,
                                        "Peak Memory Usage": 113536,
                                        "Workers": [
                                            {
                                                "Worker Number": 0,
                                                "Actual Startup Time": 784.6,
                                                "Actual Total Time": 784.604,
                                                "Actual Rows": 358530,
                                                "Actual Loops": 1
                                            },
                                            {
                                                "Worker Number": 1,
                                                "Actual Startup Time": 784.646,
                                                "Actual Total Time": 784.649,
                                                "Actual Rows": 360133,
                                                "Actual Loops": 1
                                            },
                                            {
                                                "Worker Number": 2,
                                                "Actual Startup Time": 784.332,
                                                "Actual Total Time": 784.336,
                                                "Actual Rows": 327158,
                                                "Actual Loops": 1
                                            },
                                            {
                                                "Worker Number": 3,
                                                "Actual Startup Time": 784.431,
                                                "Actual Total Time": 784.436,
                                                "Actual Rows": 244912,
                                                "Actual Loops": 1
                                            },
                                            {
                                                "Worker Number": 4,
                                                "Actual Startup Time": 784.683,
                                                "Actual Total Time": 784.686,
                                                "Actual Rows": 363013,
                                                "Actual Loops": 1
                                            }
                                        ],
                                        "Plans": [
                                            {
                                                "Node Type": "Hash Join",
                                                "Parent Relationship": "Outer",
                                                "Parallel Aware": true,
                                                "Join Type": "Inner",
                                                "Startup Cost": 50220.37,
                                                "Total Cost": 176348.09,
                                                "Plan Rows": 835395,
                                                "Plan Width": 8,
                                                "Actual Startup Time": 271.02,
                                                "Actual Total Time": 631.401,
                                                "Actual Rows": 343736,
                                                "Actual Loops": 6,
                                                "Output": [
                                                    "t.id",
                                                    "ci.movie_id"
                                                ],
                                                "Inner Unique": true,
                                                "Hash Cond": "(ci.movie_id = t.id)",
                                                "Workers": [
                                                    {
                                                        "Worker Number": 0,
                                                        "Actual Startup Time": 270.968,
                                                        "Actual Total Time": 632.085,
                                                        "Actual Rows": 358530,
                                                        "Actual Loops": 1
                                                    },
                                                    {
                                                        "Worker Number": 1,
                                                        "Actual Startup Time": 270.979,
                                                        "Actual Total Time": 632.415,
                                                        "Actual Rows": 360133,
                                                        "Actual Loops": 1
                                                    },
                                                    {
                                                        "Worker Number": 2,
                                                        "Actual Startup Time": 271.005,
                                                        "Actual Total Time": 632.501,
                                                        "Actual Rows": 327158,
                                                        "Actual Loops": 1
                                                    },
                                                    {
                                                        "Worker Number": 3,
                                                        "Actual Startup Time": 270.884,
                                                        "Actual Total Time": 632.996,
                                                        "Actual Rows": 244912,
                                                        "Actual Loops": 1
                                                    },
                                                    {
                                                        "Worker Number": 4,
                                                        "Actual Startup Time": 271.058,
                                                        "Actual Total Time": 631.582,
                                                        "Actual Rows": 363013,
                                                        "Actual Loops": 1
                                                    }
                                                ],
                                                "Plans": [
                                                    {
                                                        "Node Type": "Index Scan",
                                                        "Parent Relationship": "Outer",
                                                        "Parallel Aware": true,
                                                        "Scan Direction": "Forward",
                                                        "Index Name": "role_id_cast_info",
                                                        "Relation Name": "cast_info",
                                                        "Schema": "public",
                                                        "Alias": "ci",
                                                        "Startup Cost": 0.56,
                                                        "Total Cost": 123935.38,
                                                        "Plan Rows": 835395,
                                                        "Plan Width": 4,
                                                        "Actual Startup Time": 0.166,
                                                        "Actual Total Time": 172.575,
                                                        "Actual Rows": 343736,
                                                        "Actual Loops": 6,
                                                        "Output": [
                                                            "ci.id",
                                                            "ci.person_id",
                                                            "ci.movie_id",
                                                            "ci.person_role_id",
                                                            "ci.note",
                                                            "ci.nr_order",
                                                            "ci.role_id"
                                                        ],
                                                        "Index Cond": "(ci.role_id > 9)",
                                                        "Rows Removed by Index Recheck": 0,
                                                        "Filter": "(ci.person_id < 3504621)",
                                                        "Rows Removed by Filter": 429453,
                                                        "Workers": [
                                                            {
                                                                "Worker Number": 0,
                                                                "Actual Startup Time": 0.081,
                                                                "Actual Total Time": 177.131,
                                                                "Actual Rows": 358530,
                                                                "Actual Loops": 1
                                                            },
                                                            {
                                                                "Worker Number": 1,
                                                                "Actual Startup Time": 0.084,
                                                                "Actual Total Time": 178.825,
                                                                "Actual Rows": 360133,
                                                                "Actual Loops": 1
                                                            },
                                                            {
                                                                "Worker Number": 2,
                                                                "Actual Startup Time": 0.287,
                                                                "Actual Total Time": 171.548,
                                                                "Actual Rows": 327158,
                                                                "Actual Loops": 1
                                                            },
                                                            {
                                                                "Worker Number": 3,
                                                                "Actual Startup Time": 0.159,
                                                                "Actual Total Time": 184.635,
                                                                "Actual Rows": 244912,
                                                                "Actual Loops": 1
                                                            },
                                                            {
                                                                "Worker Number": 4,
                                                                "Actual Startup Time": 0.189,
                                                                "Actual Total Time": 176.283,
                                                                "Actual Rows": 363013,
                                                                "Actual Loops": 1
                                                            }
                                                        ]
                                                    },
                                                    {
                                                        "Node Type": "Hash",
                                                        "Parent Relationship": "Inner",
                                                        "Parallel Aware": true,
                                                        "Startup Cost": 42318.81,
                                                        "Total Cost": 42318.81,
                                                        "Plan Rows": 632080,
                                                        "Plan Width": 4,
                                                        "Actual Startup Time": 266.959,
                                                        "Actual Total Time": 266.96,
                                                        "Actual Rows": 421385,
                                                        "Actual Loops": 6,
                                                        "Output": [
                                                            "t.id"
                                                        ],
                                                        "Hash Buckets": 4194304,
                                                        "Original Hash Buckets": 4194304,
                                                        "Hash Batches": 1,
                                                        "Original Hash Batches": 1,
                                                        "Peak Memory Usage": 131776,
                                                        "Workers": [
                                                            {
                                                                "Worker Number": 0,
                                                                "Actual Startup Time": 270.652,
                                                                "Actual Total Time": 270.653,
                                                                "Actual Rows": 430512,
                                                                "Actual Loops": 1
                                                            },
                                                            {
                                                                "Worker Number": 1,
                                                                "Actual Startup Time": 270.654,
                                                                "Actual Total Time": 270.655,
                                                                "Actual Rows": 432031,
                                                                "Actual Loops": 1
                                                            },
                                                            {
                                                                "Worker Number": 2,
                                                                "Actual Startup Time": 270.6,
                                                                "Actual Total Time": 270.602,
                                                                "Actual Rows": 368174,
                                                                "Actual Loops": 1
                                                            },
                                                            {
                                                                "Worker Number": 3,
                                                                "Actual Startup Time": 270.652,
                                                                "Actual Total Time": 270.653,
                                                                "Actual Rows": 294335,
                                                                "Actual Loops": 1
                                                            },
                                                            {
                                                                "Worker Number": 4,
                                                                "Actual Startup Time": 270.615,
                                                                "Actual Total Time": 270.616,
                                                                "Actual Rows": 431490,
                                                                "Actual Loops": 1
                                                            }
                                                        ],
                                                        "Plans": [
                                                            {
                                                                "Node Type": "Seq Scan",
                                                                "Parent Relationship": "Outer",
                                                                "Parallel Aware": true,
                                                                "Relation Name": "title",
                                                                "Schema": "public",
                                                                "Alias": "t",
                                                                "Startup Cost": 0.0,
                                                                "Total Cost": 42318.81,
                                                                "Plan Rows": 632080,
                                                                "Plan Width": 4,
                                                                "Actual Startup Time": 0.087,
                                                                "Actual Total Time": 77.434,
                                                                "Actual Rows": 421385,
                                                                "Actual Loops": 6,
                                                                "Output": [
                                                                    "t.id"
                                                                ],
                                                                "Workers": [
                                                                    {
                                                                        "Worker Number": 0,
                                                                        "Actual Startup Time": 0.104,
                                                                        "Actual Total Time": 79.664,
                                                                        "Actual Rows": 430512,
                                                                        "Actual Loops": 1
                                                                    },
                                                                    {
                                                                        "Worker Number": 1,
                                                                        "Actual Startup Time": 0.104,
                                                                        "Actual Total Time": 79.914,
                                                                        "Actual Rows": 432031,
                                                                        "Actual Loops": 1
                                                                    },
                                                                    {
                                                                        "Worker Number": 2,
                                                                        "Actual Startup Time": 0.099,
                                                                        "Actual Total Time": 78.906,
                                                                        "Actual Rows": 368174,
                                                                        "Actual Loops": 1
                                                                    },
                                                                    {
                                                                        "Worker Number": 3,
                                                                        "Actual Startup Time": 0.107,
                                                                        "Actual Total Time": 82.138,
                                                                        "Actual Rows": 294335,
                                                                        "Actual Loops": 1
                                                                    },
                                                                    {
                                                                        "Worker Number": 4,
                                                                        "Actual Startup Time": 0.09,
                                                                        "Actual Total Time": 79.949,
                                                                        "Actual Rows": 431490,
                                                                        "Actual Loops": 1
                                                                    }
                                                                ]
                                                            }
                                                        ]
                                                    }
                                                ]
                                            }
                                        ]
                                    }
                                ]
                            }
                        ]
                    }
                ]
            }
        ]
    },
    "Planning Time": 1.49,
    "Triggers": [],
    "Execution Time": 2912.714
}