[
  {
    "Plan": {
      "Node Type": "Aggregate",
      "Strategy": "Plain",
      "Partial Mode": "Finalize",
      "Parallel Aware": false,
      "Startup Cost": 125875.13,
      "Total Cost": 125875.14,
      "Plan Rows": 1,
      "Plan Width": 8,
      "Actual Startup Time": 490.448,
      "Actual Total Time": 512.838,
      "Actual Rows": 1,
      "Actual Loops": 1,
      "Plans": [
        {
          "Node Type": "Gather",
          "Parent Relationship": "Outer",
          "Parallel Aware": false,
          "Startup Cost": 125874.81,
          "Total Cost": 125875.12,
          "Plan Rows": 3,
          "Plan Width": 8,
          "Actual Startup Time": 488.599,
          "Actual Total Time": 512.828,
          "Actual Rows": 4,
          "Actual Loops": 1,
          "Workers Planned": 3,
          "Workers Launched": 3,
          "Single Copy": false,
          "Plans": [
            {
              "Node Type": "Aggregate",
              "Strategy": "Plain",
              "Partial Mode": "Partial",
              "Parent Relationship": "Outer",
              "Parallel Aware": false,
              "Startup Cost": 124874.81,
              "Total Cost": 124874.82,
              "Plan Rows": 1,
              "Plan Width": 8,
              "Actual Startup Time": 480.495,
              "Actual Total Time": 480.567,
              "Actual Rows": 1,
              "Actual Loops": 4,
              "Plans": [
                {
                  "Node Type": "Hash Join",
                  "Parent Relationship": "Outer",
                  "Parallel Aware": true,
                  "Join Type": "Inner",
                  "Startup Cost": 79434.35,
                  "Total Cost": 124414.49,
                  "Plan Rows": 184128,
                  "Plan Width": 0,
                  "Actual Startup Time": 286.635,
                  "Actual Total Time": 473.358,
                  "Actual Rows": 181023,
                  "Actual Loops": 4,
                  "Inner Unique": false,
                  "Hash Cond": "(mk.movie_id = t.id)",
                  "Plans": [
                    {
                      "Node Type": "Seq Scan",
                      "Parent Relationship": "Outer",
                      "Parallel Aware": true,
                      "Relation Name": "movie_keyword",
                      "Alias": "mk",
                      "Startup Cost": 0.0,
                      "Total Cost": 39047.32,
                      "Plan Rows": 1459332,
                      "Plan Width": 4,
                      "Actual Startup Time": 0.031,
                      "Actual Total Time": 86.449,
                      "Actual Rows": 1130982,
                      "Actual Loops": 4
                    },
                    {
                      "Node Type": "Hash",
                      "Parent Relationship": "Inner",
                      "Parallel Aware": true,
                      "Startup Cost": 78437.48,
                      "Total Cost": 78437.48,
                      "Plan Rows": 79750,
                      "Plan Width": 8,
                      "Actual Startup Time": 283.082,
                      "Actual Total Time": 283.153,
                      "Actual Rows": 43470,
                      "Actual Loops": 4,
                      "Hash Buckets": 524288,
                      "Original Hash Buckets": 524288,
                      "Hash Batches": 1,
                      "Original Hash Batches": 1,
                      "Peak Memory Usage": 10944,
                      "Plans": [
                        {
                          "Node Type": "Hash Join",
                          "Parent Relationship": "Outer",
                          "Parallel Aware": true,
                          "Join Type": "Inner",
                          "Startup Cost": 32701.12,
                          "Total Cost": 78437.48,
                          "Plan Rows": 79750,
                          "Plan Width": 8,
                          "Actual Startup Time": 100.074,
                          "Actual Total Time": 266.09,
                          "Actual Rows": 43470,
                          "Actual Loops": 4,
                          "Inner Unique": false,
                          "Hash Cond": "(t.id = mc.movie_id)",
                          "Plans": [
                            {
                              "Node Type": "Seq Scan",
                              "Parent Relationship": "Outer",
                              "Parallel Aware": true,
                              "Relation Name": "title",
                              "Alias": "t",
                              "Startup Cost": 0.0,
                              "Total Cost": 42318.73,
                              "Plan Rows": 632073,
                              "Plan Width": 4,
                              "Actual Startup Time": 0.012,
                              "Actual Total Time": 73.81,
                              "Actual Rows": 632078,
                              "Actual Loops": 4
                            },
                            {
                              "Node Type": "Hash",
                              "Parent Relationship": "Inner",
                              "Parallel Aware": true,
                              "Startup Cost": 31414.82,
                              "Total Cost": 31414.82,
                              "Plan Rows": 102904,
                              "Plan Width": 4,
                              "Actual Startup Time": 98.135,
                              "Actual Total Time": 98.136,
                              "Actual Rows": 43470,
                              "Actual Loops": 4,
                              "Hash Buckets": 524288,
                              "Original Hash Buckets": 524288,
                              "Hash Batches": 1,
                              "Original Hash Batches": 1,
                              "Peak Memory Usage": 10976,
                              "Plans": [
                                {
                                  "Node Type": "Seq Scan",
                                  "Parent Relationship": "Outer",
                                  "Parallel Aware": true,
                                  "Relation Name": "movie_companies",
                                  "Alias": "mc",
                                  "Startup Cost": 0.0,
                                  "Total Cost": 31414.82,
                                  "Plan Rows": 102904,
                                  "Plan Width": 4,
                                  "Actual Startup Time": 50.437,
                                  "Actual Total Time": 79.289,
                                  "Actual Rows": 43470,
                                  "Actual Loops": 4,
                                  "Filter": "((company_id < 795) AND (company_type_id = 2))",
                                  "Rows Removed by Filter": 608812
                                }
                              ]
                            }
                          ]
                        }
                      ]
                    }
                  ]
                }
              ]
            }
          ]
        }
      ]
    },
    "Planning Time": 1.452,
    "Triggers": [],
    "Execution Time": 512.922
  }
]