{
  "Plan": {
    "Node Type": "Aggregate",
    "Strategy": "Plain",
    "Partial Mode": "Finalize",
    "Parallel Aware": false,
    "Startup Cost": 55696.89,
    "Total Cost": 55696.9,
    "Plan Rows": 1,
    "Plan Width": 8,
    "Actual Startup Time": 127.543,
    "Actual Total Time": 136.271,
    "Actual Rows": 1,
    "Actual Loops": 1,
    "Plans": [
      {
        "Node Type": "Gather",
        "Parent Relationship": "Outer",
        "Parallel Aware": false,
        "Startup Cost": 55696.77,
        "Total Cost": 55696.88,
        "Plan Rows": 1,
        "Plan Width": 8,
        "Actual Startup Time": 127.442,
        "Actual Total Time": 136.265,
        "Actual Rows": 2,
        "Actual Loops": 1,
        "Workers Planned": 1,
        "Workers Launched": 1,
        "Single Copy": false,
        "Plans": [
          {
            "Node Type": "Aggregate",
            "Strategy": "Plain",
            "Partial Mode": "Partial",
            "Parent Relationship": "Outer",
            "Parallel Aware": false,
            "Startup Cost": 54696.77,
            "Total Cost": 54696.78,
            "Plan Rows": 1,
            "Plan Width": 8,
            "Actual Startup Time": 124.376,
            "Actual Total Time": 124.377,
            "Actual Rows": 1,
            "Actual Loops": 2,
            "Plans": [
              {
                "Node Type": "Nested Loop",
                "Parent Relationship": "Outer",
                "Parallel Aware": false,
                "Join Type": "Inner",
                "Startup Cost": 0.43,
                "Total Cost": 54696.72,
                "Plan Rows": 20,
                "Plan Width": 0,
                "Actual Startup Time": 89.288,
                "Actual Total Time": 124.364,
                "Actual Rows": 42,
                "Actual Loops": 2,
                "Inner Unique": false,
                "Plans": [
                  {
                    "Node Type": "Seq Scan",
                    "Parent Relationship": "Outer",
                    "Parallel Aware": true,
                    "Relation Name": "title",
                    "Alias": "t",
                    "Startup Cost": 0.0,
                    "Total Cost": 54588.39,
                    "Plan Rows": 11,
                    "Plan Width": 4,
                    "Actual Startup Time": 89.21,
                    "Actual Total Time": 123.994,
                    "Actual Rows": 16,
                    "Actual Loops": 2,
                    "Filter": "(production_year < 1894)",
                    "Rows Removed by Filter": 1264140
                  },
                  {
                    "Node Type": "Index Only Scan",
                    "Parent Relationship": "Inner",
                    "Parallel Aware": false,
                    "Scan Direction": "Forward",
                    "Index Name": "movie_id_movie_keyword",
                    "Relation Name": "movie_keyword",
                    "Alias": "mk",
                    "Startup Cost": 0.43,
                    "Total Cost": 9.4,
                    "Plan Rows": 45,
                    "Plan Width": 4,
                    "Actual Startup Time": 0.019,
                    "Actual Total Time": 0.021,
                    "Actual Rows": 3,
                    "Actual Loops": 32,
                    "Index Cond": "(movie_id = t.id)",
                    "Rows Removed by Index Recheck": 0,
                    "Heap Fetches": 85
                  }
                ]
              }
            ]
          }
        ]
      }
    ]
  },
  "Planning Time": 0.406,
  "Triggers": [],
  "Execution Time": 136.343
}