[
  {
    "Plan": {
      "Node Type": "Aggregate",
      "Strategy": "Plain",
      "Partial Mode": "Finalize",
      "Parallel Aware": false,
      "Startup Cost": 337914.14,
      "Total Cost": 337914.15,
      "Plan Rows": 1,
      "Plan Width": 8,
      "Actual Startup Time": 712.237,
      "Actual Total Time": 783.953,
      "Actual Rows": 1,
      "Actual Loops": 1,
      "Plans": [
        {
          "Node Type": "Gather",
          "Parent Relationship": "Outer",
          "Parallel Aware": false,
          "Startup Cost": 337913.52,
          "Total Cost": 337914.13,
          "Plan Rows": 6,
          "Plan Width": 8,
          "Actual Startup Time": 712.081,
          "Actual Total Time": 783.941,
          "Actual Rows": 7,
          "Actual Loops": 1,
          "Workers Planned": 6,
          "Workers Launched": 6,
          "Single Copy": false,
          "Plans": [
            {
              "Node Type": "Aggregate",
              "Strategy": "Plain",
              "Partial Mode": "Partial",
              "Parent Relationship": "Outer",
              "Parallel Aware": false,
              "Startup Cost": 336913.52,
              "Total Cost": 336913.53,
              "Plan Rows": 1,
              "Plan Width": 8,
              "Actual Startup Time": 703.874,
              "Actual Total Time": 703.875,
              "Actual Rows": 1,
              "Actual Loops": 7,
              "Plans": [
                {
                  "Node Type": "Seq Scan",
                  "Parent Relationship": "Outer",
                  "Parallel Aware": true,
                  "Relation Name": "cast_info",
                  "Alias": "ci",
                  "Startup Cost": 0.0,
                  "Total Cost": 328162.03,
                  "Plan Rows": 3500597,
                  "Plan Width": 0,
                  "Actual Startup Time": 157.312,
                  "Actual Total Time": 582.116,
                  "Actual Rows": 3008556,
                  "Actual Loops": 7,
                  "Filter": "(person_id > 1496372)",
                  "Rows Removed by Filter": 2169207
                }
              ]
            }
          ]
        }
      ]
    },
    "Planning Time": 0.136,
    "Triggers": [],
    "Execution Time": 784.012
  }
]