{
  "Plan": {
    "Node Type": "Aggregate",
    "Strategy": "Plain",
    "Partial Mode": "Finalize",
    "Parallel Aware": false,
    "Startup Cost": 608931.53,
    "Total Cost": 608931.54,
    "Plan Rows": 1,
    "Plan Width": 8,
    "Actual Startup Time": 3249.198,
    "Actual Total Time": 3316.293,
    "Actual Rows": 1,
    "Actual Loops": 1,
    "Plans": [
      {
        "Node Type": "Gather",
        "Parent Relationship": "Outer",
        "Parallel Aware": false,
        "Startup Cost": 608931.41,
        "Total Cost": 608931.52,
        "Plan Rows": 1,
        "Plan Width": 8,
        "Actual Startup Time": 3246.241,
        "Actual Total Time": 3316.281,
        "Actual Rows": 2,
        "Actual Loops": 1,
        "Workers Planned": 1,
        "Workers Launched": 1,
        "Single Copy": false,
        "Plans": [
          {
            "Node Type": "Aggregate",
            "Strategy": "Plain",
            "Partial Mode": "Partial",
            "Parent Relationship": "Outer",
            "Parallel Aware": false,
            "Startup Cost": 607931.41,
            "Total Cost": 607931.42,
            "Plan Rows": 1,
            "Plan Width": 8,
            "Actual Startup Time": 3238.192,
            "Actual Total Time": 3238.196,
            "Actual Rows": 1,
            "Actual Loops": 2,
            "Plans": [
              {
                "Node Type": "Hash Join",
                "Parent Relationship": "Outer",
                "Parallel Aware": true,
                "Join Type": "Inner",
                "Startup Cost": 66316.47,
                "Total Cost": 601371.66,
                "Plan Rows": 2623900,
                "Plan Width": 0,
                "Actual Startup Time": 330.865,
                "Actual Total Time": 3156.185,
                "Actual Rows": 2103454,
                "Actual Loops": 2,
                "Inner Unique": true,
                "Hash Cond": "(ci.movie_id = t.id)",
                "Plans": [
                  {
                    "Node Type": "Seq Scan",
                    "Parent Relationship": "Outer",
                    "Parallel Aware": true,
                    "Relation Name": "cast_info",
                    "Alias": "ci",
                    "Startup Cost": 0.0,
                    "Total Cost": 519069.44,
                    "Plan Rows": 6089803,
                    "Plan Width": 4,
                    "Actual Startup Time": 0.02,
                    "Actual Total Time": 1353.769,
                    "Actual Rows": 5202744,
                    "Actual Loops": 2,
                    "Filter": "(person_id < 1022088)",
                    "Rows Removed by Filter": 12919428
                  },
                  {
                    "Node Type": "Hash",
                    "Parent Relationship": "Inner",
                    "Parallel Aware": true,
                    "Startup Cost": 58306.47,
                    "Total Cost": 58306.47,
                    "Plan Rows": 640800,
                    "Plan Width": 4,
                    "Actual Startup Time": 315.517,
                    "Actual Total Time": 315.518,
                    "Actual Rows": 522111,
                    "Actual Loops": 2,
                    "Hash Buckets": 2097152,
                    "Original Hash Buckets": 2097152,
                    "Hash Batches": 1,
                    "Original Hash Batches": 1,
                    "Peak Memory Usage": 57280,
                    "Plans": [
                      {
                        "Node Type": "Seq Scan",
                        "Parent Relationship": "Outer",
                        "Parallel Aware": true,
                        "Relation Name": "title",
                        "Alias": "t",
                        "Startup Cost": 0.0,
                        "Total Cost": 58306.47,
                        "Plan Rows": 640800,
                        "Plan Width": 4,
                        "Actual Startup Time": 0.044,
                        "Actual Total Time": 169.278,
                        "Actual Rows": 522111,
                        "Actual Loops": 2,
                        "Filter": "((production_year < 2009) AND (kind_id = 7))",
                        "Rows Removed by Filter": 742045
                      }
                    ]
                  }
                ]
              }
            ]
          }
        ]
      }
    ]
  },
  "Planning Time": 0.768,
  "Triggers": [],
  "Execution Time": 3316.381
}