{
    "Plan": {
        "Node Type": "Aggregate",
        "Strategy": "Plain",
        "Partial Mode": "Finalize",
        "Parallel Aware": false,
        "Startup Cost": 215394.89,
        "Total Cost": 215394.9,
        "Plan Rows": 1,
        "Plan Width": 8,
        "Actual Startup Time": 1955.54,
        "Actual Total Time": 2001.245,
        "Actual Rows": 1,
        "Actual Loops": 1,
        "Output": [
            "count(*)"
        ],
        "Plans": [
            {
                "Node Type": "Gather",
                "Parent Relationship": "Outer",
                "Parallel Aware": false,
                "Startup Cost": 215394.57,
                "Total Cost": 215394.88,
                "Plan Rows": 3,
                "Plan Width": 8,
                "Actual Startup Time": 1951.47,
                "Actual Total Time": 2001.233,
                "Actual Rows": 4,
                "Actual Loops": 1,
                "Output": [
                    "(PARTIAL count(*))"
                ],
                "Workers Planned": 3,
                "Workers Launched": 3,
                "Single Copy": false,
                "Plans": [
                    {
                        "Node Type": "Aggregate",
                        "Strategy": "Plain",
                        "Partial Mode": "Partial",
                        "Parent Relationship": "Outer",
                        "Parallel Aware": false,
                        "Startup Cost": 214394.57,
                        "Total Cost": 214394.58,
                        "Plan Rows": 1,
                        "Plan Width": 8,
                        "Actual Startup Time": 1941.762,
                        "Actual Total Time": 1941.767,
                        "Actual Rows": 1,
                        "Actual Loops": 4,
                        "Output": [
                            "PARTIAL count(*)"
                        ],
                        "Workers": [
                            {
                                "Worker Number": 0,
                                "Actual Startup Time": 1938.376,
                                "Actual Total Time": 1938.38,
                                "Actual Rows": 1,
                                "Actual Loops": 1
                            },
                            {
                                "Worker Number": 1,
                                "Actual Startup Time": 1938.702,
                                "Actual Total Time": 1938.706,
                                "Actual Rows": 1,
                                "Actual Loops": 1
                            },
                            {
                                "Worker Number": 2,
                                "Actual Startup Time": 1939.303,
                                "Actual Total Time": 1939.306,
                                "Actual Rows": 1,
                                "Actual Loops": 1
                            }
                        ],
                        "Plans": [
                            {
                                "Node Type": "Nested Loop",
                                "Parent Relationship": "Outer",
                                "Parallel Aware": false,
                                "Join Type": "Inner",
                                "Startup Cost": 47842.59,
                                "Total Cost": 213910.32,
                                "Plan Rows": 193699,
                                "Plan Width": 0,
                                "Actual Startup Time": 188.07,
                                "Actual Total Time": 1829.482,
                                "Actual Rows": 2624141,
                                "Actual Loops": 4,
                                "Inner Unique": false,
                                "Workers": [
                                    {
                                        "Worker Number": 0,
                                        "Actual Startup Time": 184.725,
                                        "Actual Total Time": 1835.165,
                                        "Actual Rows": 2541066,
                                        "Actual Loops": 1
                                    },
                                    {
                                        "Worker Number": 1,
                                        "Actual Startup Time": 185.354,
                                        "Actual Total Time": 1829.628,
                                        "Actual Rows": 2568317,
                                        "Actual Loops": 1
                                    },
                                    {
                                        "Worker Number": 2,
                                        "Actual Startup Time": 185.239,
                                        "Actual Total Time": 1828.309,
                                        "Actual Rows": 2591224,
                                        "Actual Loops": 1
                                    }
                                ],
                                "Plans": [
                                    {
                                        "Node Type": "Hash Join",
                                        "Parent Relationship": "Outer",
                                        "Parallel Aware": true,
                                        "Join Type": "Inner",
                                        "Startup Cost": 47842.16,
                                        "Total Cost": 79708.52,
                                        "Plan Rows": 51445,
                                        "Plan Width": 8,
                                        "Actual Startup Time": 187.977,
                                        "Actual Total Time": 328.469,
                                        "Actual Rows": 95331,
                                        "Actual Loops": 4,
                                        "Output": [
                                            "t.id",
                                            "mc.movie_id"
                                        ],
                                        "Inner Unique": true,
                                        "Hash Cond": "(mc.movie_id = t.id)",
                                        "Workers": [
                                            {
                                                "Worker Number": 0,
                                                "Actual Startup Time": 184.616,
                                                "Actual Total Time": 322.519,
                                                "Actual Rows": 93874,
                                                "Actual Loops": 1
                                            },
                                            {
                                                "Worker Number": 1,
                                                "Actual Startup Time": 185.254,
                                                "Actual Total Time": 324.314,
                                                "Actual Rows": 92337,
                                                "Actual Loops": 1
                                            },
                                            {
                                                "Worker Number": 2,
                                                "Actual Startup Time": 185.115,
                                                "Actual Total Time": 327.964,
                                                "Actual Rows": 93577,
                                                "Actual Loops": 1
                                            }
                                        ],
                                        "Plans": [
                                            {
                                                "Node Type": "Seq Scan",
                                                "Parent Relationship": "Outer",
                                                "Parallel Aware": true,
                                                "Relation Name": "movie_companies",
                                                "Schema": "public",
                                                "Alias": "mc",
                                                "Startup Cost": 0.0,
                                                "Total Cost": 31414.82,
                                                "Plan Rows": 172018,
                                                "Plan Width": 4,
                                                "Actual Startup Time": 0.023,
                                                "Actual Total Time": 65.848,
                                                "Actual Rows": 186132,
                                                "Actual Loops": 4,
                                                "Output": [
                                                    "mc.id",
                                                    "mc.movie_id",
                                                    "mc.company_id",
                                                    "mc.company_type_id",
                                                    "mc.note"
                                                ],
                                                "Filter": "((mc.company_id < 7093) AND (mc.company_type_id < 2))",
                                                "Rows Removed by Filter": 466150,
                                                "Workers": [
                                                    {
                                                        "Worker Number": 0,
                                                        "Actual Startup Time": 0.023,
                                                        "Actual Total Time": 66.34,
                                                        "Actual Rows": 184431,
                                                        "Actual Loops": 1
                                                    },
                                                    {
                                                        "Worker Number": 1,
                                                        "Actual Startup Time": 0.028,
                                                        "Actual Total Time": 66.65,
                                                        "Actual Rows": 174485,
                                                        "Actual Loops": 1
                                                    },
                                                    {
                                                        "Worker Number": 2,
                                                        "Actual Startup Time": 0.03,
                                                        "Actual Total Time": 67.262,
                                                        "Actual Rows": 181385,
                                                        "Actual Loops": 1
                                                    }
                                                ]
                                            },
                                            {
                                                "Node Type": "Hash",
                                                "Parent Relationship": "Inner",
                                                "Parallel Aware": true,
                                                "Startup Cost": 45479.21,
                                                "Total Cost": 45479.21,
                                                "Plan Rows": 189036,
                                                "Plan Width": 4,
                                                "Actual Startup Time": 182.476,
                                                "Actual Total Time": 182.478,
                                                "Actual Rows": 198486,
                                                "Actual Loops": 4,
                                                "Output": [
                                                    "t.id"
                                                ],
                                                "Hash Buckets": 1048576,
                                                "Original Hash Buckets": 1048576,
                                                "Hash Batches": 1,
                                                "Original Hash Batches": 1,
                                                "Peak Memory Usage": 39296,
                                                "Workers": [
                                                    {
                                                        "Worker Number": 0,
                                                        "Actual Startup Time": 184.218,
                                                        "Actual Total Time": 184.219,
                                                        "Actual Rows": 184798,
                                                        "Actual Loops": 1
                                                    },
                                                    {
                                                        "Worker Number": 1,
                                                        "Actual Startup Time": 184.429,
                                                        "Actual Total Time": 184.43,
                                                        "Actual Rows": 191927,
                                                        "Actual Loops": 1
                                                    },
                                                    {
                                                        "Worker Number": 2,
                                                        "Actual Startup Time": 184.434,
                                                        "Actual Total Time": 184.435,
                                                        "Actual Rows": 193561,
                                                        "Actual Loops": 1
                                                    }
                                                ],
                                                "Plans": [
                                                    {
                                                        "Node Type": "Seq Scan",
                                                        "Parent Relationship": "Outer",
                                                        "Parallel Aware": true,
                                                        "Relation Name": "title",
                                                        "Schema": "public",
                                                        "Alias": "t",
                                                        "Startup Cost": 0.0,
                                                        "Total Cost": 45479.21,
                                                        "Plan Rows": 189036,
                                                        "Plan Width": 4,
                                                        "Actual Startup Time": 0.058,
                                                        "Actual Total Time": 109.239,
                                                        "Actual Rows": 198486,
                                                        "Actual Loops": 4,
                                                        "Output": [
                                                            "t.id"
                                                        ],
                                                        "Filter": "((t.kind_id < 7) AND (t.production_year < 2010))",
                                                        "Rows Removed by Filter": 433592,
                                                        "Workers": [
                                                            {
                                                                "Worker Number": 0,
                                                                "Actual Startup Time": 0.086,
                                                                "Actual Total Time": 107.128,
                                                                "Actual Rows": 184798,
                                                                "Actual Loops": 1
                                                            },
                                                            {
                                                                "Worker Number": 1,
                                                                "Actual Startup Time": 0.055,
                                                                "Actual Total Time": 111.367,
                                                                "Actual Rows": 191927,
                                                                "Actual Loops": 1
                                                            },
                                                            {
                                                                "Worker Number": 2,
                                                                "Actual Startup Time": 0.066,
                                                                "Actual Total Time": 111.158,
                                                                "Actual Rows": 193561,
                                                                "Actual Loops": 1
                                                            }
                                                        ]
                                                    }
                                                ]
                                            }
                                        ]
                                    },
                                    {
                                        "Node Type": "Index Scan",
                                        "Parent Relationship": "Inner",
                                        "Parallel Aware": false,
                                        "Scan Direction": "Forward",
                                        "Index Name": "movie_id_movie_info",
                                        "Relation Name": "movie_info",
                                        "Schema": "public",
                                        "Alias": "mi",
                                        "Startup Cost": 0.43,
                                        "Total Cost": 2.36,
                                        "Plan Rows": 25,
                                        "Plan Width": 4,
                                        "Actual Startup Time": 0.003,
                                        "Actual Total Time": 0.014,
                                        "Actual Rows": 28,
                                        "Actual Loops": 381324,
                                        "Output": [
                                            "mi.id",
                                            "mi.movie_id",
                                            "mi.info_type_id",
                                            "mi.info",
                                            "mi.note"
                                        ],
                                        "Index Cond": "(mi.movie_id = t.id)",
                                        "Rows Removed by Index Recheck": 0,
                                        "Filter": "(mi.info_type_id < 16)",
                                        "Rows Removed by Filter": 30,
                                        "Workers": [
                                            {
                                                "Worker Number": 0,
                                                "Actual Startup Time": 0.003,
                                                "Actual Total Time": 0.014,
                                                "Actual Rows": 27,
                                                "Actual Loops": 93874
                                            },
                                            {
                                                "Worker Number": 1,
                                                "Actual Startup Time": 0.003,
                                                "Actual Total Time": 0.014,
                                                "Actual Rows": 28,
                                                "Actual Loops": 92337
                                            },
                                            {
                                                "Worker Number": 2,
                                                "Actual Startup Time": 0.003,
                                                "Actual Total Time": 0.014,
                                                "Actual Rows": 28,
                                                "Actual Loops": 93577
                                            }
                                        ]
                                    }
                                ]
                            }
                        ]
                    }
                ]
            }
        ]
    },
    "Planning Time": 1.75,
    "Triggers": [],
    "Execution Time": 2001.356
}