[
  {
    "Plan": {
      "Node Type": "Aggregate",
      "Strategy": "Plain",
      "Partial Mode": "Finalize",
      "Parallel Aware": false,
      "Startup Cost": 106999.54,
      "Total Cost": 106999.55,
      "Plan Rows": 1,
      "Plan Width": 8,
      "Actual Startup Time": 1163.192,
      "Actual Total Time": 1192.158,
      "Actual Rows": 1,
      "Actual Loops": 1,
      "Plans": [
        {
          "Node Type": "Gather",
          "Parent Relationship": "Outer",
          "Parallel Aware": false,
          "Startup Cost": 106999.32,
          "Total Cost": 106999.53,
          "Plan Rows": 2,
          "Plan Width": 8,
          "Actual Startup Time": 1151.249,
          "Actual Total Time": 1192.147,
          "Actual Rows": 3,
          "Actual Loops": 1,
          "Workers Planned": 2,
          "Workers Launched": 2,
          "Single Copy": false,
          "Plans": [
            {
              "Node Type": "Aggregate",
              "Strategy": "Plain",
              "Partial Mode": "Partial",
              "Parent Relationship": "Outer",
              "Parallel Aware": false,
              "Startup Cost": 105999.32,
              "Total Cost": 105999.33,
              "Plan Rows": 1,
              "Plan Width": 8,
              "Actual Startup Time": 1139.573,
              "Actual Total Time": 1139.581,
              "Actual Rows": 1,
              "Actual Loops": 3,
              "Plans": [
                {
                  "Node Type": "Hash Join",
                  "Parent Relationship": "Outer",
                  "Parallel Aware": true,
                  "Join Type": "Inner",
                  "Startup Cost": 87918.92,
                  "Total Cost": 105021.76,
                  "Plan Rows": 391027,
                  "Plan Width": 0,
                  "Actual Startup Time": 922.127,
                  "Actual Total Time": 1105.57,
                  "Actual Rows": 859469,
                  "Actual Loops": 3,
                  "Inner Unique": false,
                  "Hash Cond": "(mi_idx.movie_id = t.id)",
                  "Plans": [
                    {
                      "Node Type": "Seq Scan",
                      "Parent Relationship": "Outer",
                      "Parallel Aware": true,
                      "Relation Name": "movie_info_idx",
                      "Alias": "mi_idx",
                      "Startup Cost": 0.0,
                      "Total Cost": 13685.15,
                      "Plan Rows": 575015,
                      "Plan Width": 4,
                      "Actual Startup Time": 0.028,
                      "Actual Total Time": 36.534,
                      "Actual Rows": 460012,
                      "Actual Loops": 3
                    },
                    {
                      "Node Type": "Hash",
                      "Parent Relationship": "Inner",
                      "Parallel Aware": true,
                      "Startup Cost": 80986.2,
                      "Total Cost": 80986.2,
                      "Plan Rows": 554618,
                      "Plan Width": 8,
                      "Actual Startup Time": 912.249,
                      "Actual Total Time": 912.254,
                      "Actual Rows": 574395,
                      "Actual Loops": 3,
                      "Hash Buckets": 2097152,
                      "Original Hash Buckets": 2097152,
                      "Hash Batches": 1,
                      "Original Hash Batches": 1,
                      "Peak Memory Usage": 83840,
                      "Plans": [
                        {
                          "Node Type": "Hash Join",
                          "Parent Relationship": "Outer",
                          "Parallel Aware": true,
                          "Join Type": "Inner",
                          "Startup Cost": 50219.64,
                          "Total Cost": 80986.2,
                          "Plan Rows": 554618,
                          "Plan Width": 8,
                          "Actual Startup Time": 413.567,
                          "Actual Total Time": 730.279,
                          "Actual Rows": 574395,
                          "Actual Loops": 3,
                          "Inner Unique": true,
                          "Hash Cond": "(mc.movie_id = t.id)",
                          "Plans": [
                            {
                              "Node Type": "Seq Scan",
                              "Parent Relationship": "Outer",
                              "Parallel Aware": true,
                              "Relation Name": "movie_companies",
                              "Alias": "mc",
                              "Startup Cost": 0.0,
                              "Total Cost": 29310.68,
                              "Plan Rows": 554618,
                              "Plan Width": 4,
                              "Actual Startup Time": 1.025,
                              "Actual Total Time": 96.175,
                              "Actual Rows": 574395,
                              "Actual Loops": 3,
                              "Filter": "(company_id > 2686)",
                              "Rows Removed by Filter": 295314
                            },
                            {
                              "Node Type": "Hash",
                              "Parent Relationship": "Inner",
                              "Parallel Aware": true,
                              "Startup Cost": 42318.73,
                              "Total Cost": 42318.73,
                              "Plan Rows": 632073,
                              "Plan Width": 4,
                              "Actual Startup Time": 404.014,
                              "Actual Total Time": 404.015,
                              "Actual Rows": 842771,
                              "Actual Loops": 3,
                              "Hash Buckets": 4194304,
                              "Original Hash Buckets": 4194304,
                              "Hash Batches": 1,
                              "Original Hash Batches": 1,
                              "Peak Memory Usage": 131744,
                              "Plans": [
                                {
                                  "Node Type": "Seq Scan",
                                  "Parent Relationship": "Outer",
                                  "Parallel Aware": true,
                                  "Relation Name": "title",
                                  "Alias": "t",
                                  "Startup Cost": 0.0,
                                  "Total Cost": 42318.73,
                                  "Plan Rows": 632073,
                                  "Plan Width": 4,
                                  "Actual Startup Time": 0.044,
                                  "Actual Total Time": 115.247,
                                  "Actual Rows": 842771,
                                  "Actual Loops": 3
                                }
                              ]
                            }
                          ]
                        }
                      ]
                    }
                  ]
                }
              ]
            }
          ]
        }
      ]
    },
    "Planning Time": 1.199,
    "Triggers": [],
    "Execution Time": 1192.23
  }
]