[
  {
    "Plan": {
      "Node Type": "Aggregate",
      "Strategy": "Plain",
      "Partial Mode": "Finalize",
      "Parallel Aware": false,
      "Startup Cost": 326800.36,
      "Total Cost": 326800.37,
      "Plan Rows": 1,
      "Plan Width": 8,
      "Actual Startup Time": 3462.117,
      "Actual Total Time": 3516.888,
      "Actual Rows": 1,
      "Actual Loops": 1,
      "Plans": [
        {
          "Node Type": "Gather",
          "Parent Relationship": "Outer",
          "Parallel Aware": false,
          "Startup Cost": 326800.04,
          "Total Cost": 326800.35,
          "Plan Rows": 3,
          "Plan Width": 8,
          "Actual Startup Time": 3446.362,
          "Actual Total Time": 3516.879,
          "Actual Rows": 4,
          "Actual Loops": 1,
          "Workers Planned": 3,
          "Workers Launched": 3,
          "Single Copy": false,
          "Plans": [
            {
              "Node Type": "Aggregate",
              "Strategy": "Plain",
              "Partial Mode": "Partial",
              "Parent Relationship": "Outer",
              "Parallel Aware": false,
              "Startup Cost": 325800.04,
              "Total Cost": 325800.05,
              "Plan Rows": 1,
              "Plan Width": 8,
              "Actual Startup Time": 3414.337,
              "Actual Total Time": 3414.343,
              "Actual Rows": 1,
              "Actual Loops": 4,
              "Plans": [
                {
                  "Node Type": "Hash Join",
                  "Parent Relationship": "Outer",
                  "Parallel Aware": true,
                  "Join Type": "Inner",
                  "Startup Cost": 266756.17,
                  "Total Cost": 317731.12,
                  "Plan Rows": 3227567,
                  "Plan Width": 0,
                  "Actual Startup Time": 1912.905,
                  "Actual Total Time": 2953.041,
                  "Actual Rows": 10847385,
                  "Actual Loops": 4,
                  "Inner Unique": false,
                  "Hash Cond": "(mk.movie_id = t.id)",
                  "Plans": [
                    {
                      "Node Type": "Seq Scan",
                      "Parent Relationship": "Outer",
                      "Parallel Aware": true,
                      "Relation Name": "movie_keyword",
                      "Alias": "mk",
                      "Startup Cost": 0.0,
                      "Total Cost": 39047.32,
                      "Plan Rows": 1459332,
                      "Plan Width": 4,
                      "Actual Startup Time": 0.036,
                      "Actual Total Time": 95.682,
                      "Actual Rows": 1130982,
                      "Actual Loops": 4
                    },
                    {
                      "Node Type": "Hash",
                      "Parent Relationship": "Inner",
                      "Parallel Aware": true,
                      "Startup Cost": 252776.77,
                      "Total Cost": 252776.77,
                      "Plan Rows": 1118352,
                      "Plan Width": 8,
                      "Actual Startup Time": 1893.302,
                      "Actual Total Time": 1893.306,
                      "Actual Rows": 1145588,
                      "Actual Loops": 4,
                      "Hash Buckets": 8388608,
                      "Original Hash Buckets": 8388608,
                      "Hash Batches": 1,
                      "Original Hash Batches": 1,
                      "Peak Memory Usage": 244864,
                      "Plans": [
                        {
                          "Node Type": "Hash Join",
                          "Parent Relationship": "Outer",
                          "Parallel Aware": true,
                          "Join Type": "Inner",
                          "Startup Cost": 50059.79,
                          "Total Cost": 252776.77,
                          "Plan Rows": 1118352,
                          "Plan Width": 8,
                          "Actual Startup Time": 318.271,
                          "Actual Total Time": 1423.808,
                          "Actual Rows": 1145588,
                          "Actual Loops": 4,
                          "Inner Unique": true,
                          "Hash Cond": "(mi.movie_id = t.id)",
                          "Plans": [
                            {
                              "Node Type": "Seq Scan",
                              "Parent Relationship": "Outer",
                              "Parallel Aware": true,
                              "Relation Name": "movie_info",
                              "Alias": "mi",
                              "Startup Cost": 0.0,
                              "Total Cost": 198952.16,
                              "Plan Rows": 1434213,
                              "Plan Width": 4,
                              "Actual Startup Time": 0.027,
                              "Actual Total Time": 475.912,
                              "Actual Rows": 1821716,
                              "Actual Loops": 4,
                              "Filter": "(info_type_id < 8)",
                              "Rows Removed by Filter": 1887214
                            },
                            {
                              "Node Type": "Hash",
                              "Parent Relationship": "Inner",
                              "Parallel Aware": true,
                              "Startup Cost": 43898.92,
                              "Total Cost": 43898.92,
                              "Plan Rows": 492870,
                              "Plan Width": 4,
                              "Actual Startup Time": 314.026,
                              "Actual Total Time": 314.027,
                              "Actual Rows": 490547,
                              "Actual Loops": 4,
                              "Hash Buckets": 2097152,
                              "Original Hash Buckets": 2097152,
                              "Hash Batches": 1,
                              "Original Hash Batches": 1,
                              "Peak Memory Usage": 93216,
                              "Plans": [
                                {
                                  "Node Type": "Seq Scan",
                                  "Parent Relationship": "Outer",
                                  "Parallel Aware": true,
                                  "Relation Name": "title",
                                  "Alias": "t",
                                  "Startup Cost": 0.0,
                                  "Total Cost": 43898.92,
                                  "Plan Rows": 492870,
                                  "Plan Width": 4,
                                  "Actual Startup Time": 0.05,
                                  "Actual Total Time": 120.984,
                                  "Actual Rows": 490547,
                                  "Actual Loops": 4,
                                  "Filter": "(production_year > 1978)",
                                  "Rows Removed by Filter": 141531
                                }
                              ]
                            }
                          ]
                        }
                      ]
                    }
                  ]
                }
              ]
            }
          ]
        }
      ]
    },
    "Planning Time": 1.371,
    "Triggers": [],
    "Execution Time": 3516.978
  }
]