[
  {
    "Plan": {
      "Node Type": "Aggregate",
      "Strategy": "Plain",
      "Partial Mode": "Finalize",
      "Parallel Aware": false,
      "Startup Cost": 46087.42,
      "Total Cost": 46087.43,
      "Plan Rows": 1,
      "Plan Width": 8,
      "Actual Startup Time": 163.328,
      "Actual Total Time": 173.198,
      "Actual Rows": 1,
      "Actual Loops": 1,
      "Plans": [
        {
          "Node Type": "Gather",
          "Parent Relationship": "Outer",
          "Parallel Aware": false,
          "Startup Cost": 46087.1,
          "Total Cost": 46087.41,
          "Plan Rows": 3,
          "Plan Width": 8,
          "Actual Startup Time": 163.205,
          "Actual Total Time": 173.19,
          "Actual Rows": 4,
          "Actual Loops": 1,
          "Workers Planned": 3,
          "Workers Launched": 3,
          "Single Copy": false,
          "Plans": [
            {
              "Node Type": "Aggregate",
              "Strategy": "Plain",
              "Partial Mode": "Partial",
              "Parent Relationship": "Outer",
              "Parallel Aware": false,
              "Startup Cost": 45087.1,
              "Total Cost": 45087.11,
              "Plan Rows": 1,
              "Plan Width": 8,
              "Actual Startup Time": 154.863,
              "Actual Total Time": 154.864,
              "Actual Rows": 1,
              "Actual Loops": 4,
              "Plans": [
                {
                  "Node Type": "Seq Scan",
                  "Parent Relationship": "Outer",
                  "Parallel Aware": true,
                  "Relation Name": "movie_keyword",
                  "Alias": "mk",
                  "Startup Cost": 0.0,
                  "Total Cost": 42695.65,
                  "Plan Rows": 956578,
                  "Plan Width": 0,
                  "Actual Startup Time": 0.06,
                  "Actual Total Time": 120.503,
                  "Actual Rows": 739776,
                  "Actual Loops": 4,
                  "Filter": "(keyword_id < 10020)",
                  "Rows Removed by Filter": 391206
                }
              ]
            }
          ]
        }
      ]
    },
    "Planning Time": 0.155,
    "Triggers": [],
    "Execution Time": 173.256
  }
]