[
  {
    "Plan": {
      "Node Type": "Aggregate",
      "Strategy": "Plain",
      "Partial Mode": "Finalize",
      "Parallel Aware": false,
      "Startup Cost": 247802.91,
      "Total Cost": 247802.92,
      "Plan Rows": 1,
      "Plan Width": 8,
      "Actual Startup Time": 815.487,
      "Actual Total Time": 858.508,
      "Actual Rows": 1,
      "Actual Loops": 1,
      "Plans": [
        {
          "Node Type": "Gather",
          "Parent Relationship": "Outer",
          "Parallel Aware": false,
          "Startup Cost": 247802.38,
          "Total Cost": 247802.89,
          "Plan Rows": 5,
          "Plan Width": 8,
          "Actual Startup Time": 811.996,
          "Actual Total Time": 858.498,
          "Actual Rows": 6,
          "Actual Loops": 1,
          "Workers Planned": 5,
          "Workers Launched": 5,
          "Single Copy": false,
          "Plans": [
            {
              "Node Type": "Aggregate",
              "Strategy": "Plain",
              "Partial Mode": "Partial",
              "Parent Relationship": "Outer",
              "Parallel Aware": false,
              "Startup Cost": 246802.38,
              "Total Cost": 246802.39,
              "Plan Rows": 1,
              "Plan Width": 8,
              "Actual Startup Time": 802.78,
              "Actual Total Time": 802.783,
              "Actual Rows": 1,
              "Actual Loops": 6,
              "Plans": [
                {
                  "Node Type": "Hash Join",
                  "Parent Relationship": "Outer",
                  "Parallel Aware": true,
                  "Join Type": "Inner",
                  "Startup Cost": 46430.05,
                  "Total Cost": 245909.45,
                  "Plan Rows": 357172,
                  "Plan Width": 0,
                  "Actual Startup Time": 103.676,
                  "Actual Total Time": 780.519,
                  "Actual Rows": 455990,
                  "Actual Loops": 6,
                  "Inner Unique": true,
                  "Hash Cond": "(mi.movie_id = t.id)",
                  "Plans": [
                    {
                      "Node Type": "Seq Scan",
                      "Parent Relationship": "Outer",
                      "Parallel Aware": true,
                      "Relation Name": "movie_info",
                      "Alias": "mi",
                      "Startup Cost": 0.0,
                      "Total Cost": 191685.19,
                      "Plan Rows": 2969219,
                      "Plan Width": 4,
                      "Actual Startup Time": 0.032,
                      "Actual Total Time": 317.133,
                      "Actual Rows": 2472620,
                      "Actual Loops": 6
                    },
                    {
                      "Node Type": "Hash",
                      "Parent Relationship": "Inner",
                      "Parallel Aware": true,
                      "Startup Cost": 45479.59,
                      "Total Cost": 45479.59,
                      "Plan Rows": 76037,
                      "Plan Width": 4,
                      "Actual Startup Time": 100.896,
                      "Actual Total Time": 100.898,
                      "Actual Rows": 42159,
                      "Actual Loops": 6,
                      "Hash Buckets": 524288,
                      "Original Hash Buckets": 524288,
                      "Hash Batches": 1,
                      "Original Hash Batches": 1,
                      "Peak Memory Usage": 14048,
                      "Plans": [
                        {
                          "Node Type": "Seq Scan",
                          "Parent Relationship": "Outer",
                          "Parallel Aware": true,
                          "Relation Name": "title",
                          "Alias": "t",
                          "Startup Cost": 0.0,
                          "Total Cost": 45479.59,
                          "Plan Rows": 76037,
                          "Plan Width": 4,
                          "Actual Startup Time": 0.057,
                          "Actual Total Time": 83.493,
                          "Actual Rows": 42159,
                          "Actual Loops": 6,
                          "Filter": "((kind_id < 4) AND (production_year > 2006))",
                          "Rows Removed by Filter": 379226
                        }
                      ]
                    }
                  ]
                }
              ]
            }
          ]
        }
      ]
    },
    "Planning Time": 0.314,
    "Triggers": [],
    "Execution Time": 858.564
  }
]