[
  {
    "Plan": {
      "Node Type": "Aggregate",
      "Strategy": "Plain",
      "Partial Mode": "Finalize",
      "Parallel Aware": false,
      "Startup Cost": 403165.81,
      "Total Cost": 403165.82,
      "Plan Rows": 1,
      "Plan Width": 8,
      "Actual Startup Time": 1239.373,
      "Actual Total Time": 1289.544,
      "Actual Rows": 1,
      "Actual Loops": 1,
      "Plans": [
        {
          "Node Type": "Gather",
          "Parent Relationship": "Outer",
          "Parallel Aware": false,
          "Startup Cost": 403165.18,
          "Total Cost": 403165.79,
          "Plan Rows": 6,
          "Plan Width": 8,
          "Actual Startup Time": 1235.517,
          "Actual Total Time": 1289.536,
          "Actual Rows": 7,
          "Actual Loops": 1,
          "Workers Planned": 6,
          "Workers Launched": 6,
          "Single Copy": false,
          "Plans": [
            {
              "Node Type": "Aggregate",
              "Strategy": "Plain",
              "Partial Mode": "Partial",
              "Parent Relationship": "Outer",
              "Parallel Aware": false,
              "Startup Cost": 402165.18,
              "Total Cost": 402165.19,
              "Plan Rows": 1,
              "Plan Width": 8,
              "Actual Startup Time": 1228.628,
              "Actual Total Time": 1228.63,
              "Actual Rows": 1,
              "Actual Loops": 7,
              "Plans": [
                {
                  "Node Type": "Hash Join",
                  "Parent Relationship": "Outer",
                  "Parallel Aware": true,
                  "Join Type": "Inner",
                  "Startup Cost": 47320.38,
                  "Total Cost": 400071.8,
                  "Plan Rows": 837353,
                  "Plan Width": 0,
                  "Actual Startup Time": 296.958,
                  "Actual Total Time": 1203.79,
                  "Actual Rows": 488561,
                  "Actual Loops": 7,
                  "Inner Unique": true,
                  "Hash Cond": "(ci.movie_id = t.id)",
                  "Plans": [
                    {
                      "Node Type": "Seq Scan",
                      "Parent Relationship": "Outer",
                      "Parallel Aware": true,
                      "Relation Name": "cast_info",
                      "Alias": "ci",
                      "Startup Cost": 0.0,
                      "Total Cost": 343318.94,
                      "Plan Rows": 3593320,
                      "Plan Width": 4,
                      "Actual Startup Time": 200.098,
                      "Actual Total Time": 657.928,
                      "Actual Rows": 2930335,
                      "Actual Loops": 7,
                      "Filter": "((person_id < 3496818) AND (role_id > 1))",
                      "Rows Removed by Filter": 2247428
                    },
                    {
                      "Node Type": "Hash",
                      "Parent Relationship": "Inner",
                      "Parallel Aware": true,
                      "Startup Cost": 45479.21,
                      "Total Cost": 45479.21,
                      "Plan Rows": 147294,
                      "Plan Width": 4,
                      "Actual Startup Time": 94.815,
                      "Actual Total Time": 94.816,
                      "Actual Rows": 69481,
                      "Actual Loops": 7,
                      "Hash Buckets": 1048576,
                      "Original Hash Buckets": 1048576,
                      "Hash Batches": 1,
                      "Original Hash Batches": 1,
                      "Peak Memory Usage": 27328,
                      "Plans": [
                        {
                          "Node Type": "Seq Scan",
                          "Parent Relationship": "Outer",
                          "Parallel Aware": true,
                          "Relation Name": "title",
                          "Alias": "t",
                          "Startup Cost": 0.0,
                          "Total Cost": 45479.21,
                          "Plan Rows": 147294,
                          "Plan Width": 4,
                          "Actual Startup Time": 0.027,
                          "Actual Total Time": 66.272,
                          "Actual Rows": 69481,
                          "Actual Loops": 7,
                          "Filter": "((production_year < 1999) AND (kind_id = 7))",
                          "Rows Removed by Filter": 291706
                        }
                      ]
                    }
                  ]
                }
              ]
            }
          ]
        }
      ]
    },
    "Planning Time": 0.206,
    "Triggers": [],
    "Execution Time": 1289.596
  }
]