[
  {
    "Plan": {
      "Node Type": "Aggregate",
      "Strategy": "Plain",
      "Partial Mode": "Finalize",
      "Parallel Aware": false,
      "Startup Cost": 32882.19,
      "Total Cost": 32882.2,
      "Plan Rows": 1,
      "Plan Width": 8,
      "Actual Startup Time": 106.875,
      "Actual Total Time": 118.13,
      "Actual Rows": 1,
      "Actual Loops": 1,
      "Plans": [
        {
          "Node Type": "Gather",
          "Parent Relationship": "Outer",
          "Parallel Aware": false,
          "Startup Cost": 32881.88,
          "Total Cost": 32882.19,
          "Plan Rows": 3,
          "Plan Width": 8,
          "Actual Startup Time": 106.605,
          "Actual Total Time": 118.123,
          "Actual Rows": 4,
          "Actual Loops": 1,
          "Workers Planned": 3,
          "Workers Launched": 3,
          "Single Copy": false,
          "Plans": [
            {
              "Node Type": "Aggregate",
              "Strategy": "Plain",
              "Partial Mode": "Partial",
              "Parent Relationship": "Outer",
              "Parallel Aware": false,
              "Startup Cost": 31881.88,
              "Total Cost": 31881.89,
              "Plan Rows": 1,
              "Plan Width": 8,
              "Actual Startup Time": 102.189,
              "Actual Total Time": 102.19,
              "Actual Rows": 1,
              "Actual Loops": 4,
              "Plans": [
                {
                  "Node Type": "Seq Scan",
                  "Parent Relationship": "Outer",
                  "Parallel Aware": true,
                  "Relation Name": "movie_companies",
                  "Alias": "mc",
                  "Startup Cost": 0.0,
                  "Total Cost": 31414.82,
                  "Plan Rows": 186823,
                  "Plan Width": 0,
                  "Actual Startup Time": 45.451,
                  "Actual Total Time": 90.133,
                  "Actual Rows": 215243,
                  "Actual Loops": 4,
                  "Filter": "((company_id > 13588) AND (company_type_id > 1))",
                  "Rows Removed by Filter": 437039
                }
              ]
            }
          ]
        }
      ]
    },
    "Planning Time": 0.114,
    "Triggers": [],
    "Execution Time": 118.164
  }
]