{
  "Plan": {
    "Node Type": "Aggregate",
    "Strategy": "Plain",
    "Partial Mode": "Finalize",
    "Parallel Aware": false,
    "Startup Cost": 249618.35,
    "Total Cost": 249618.36,
    "Plan Rows": 1,
    "Plan Width": 8,
    "Actual Startup Time": 1969.27,
    "Actual Total Time": 2008.003,
    "Actual Rows": 1,
    "Actual Loops": 1,
    "Plans": [
      {
        "Node Type": "Gather",
        "Parent Relationship": "Outer",
        "Parallel Aware": false,
        "Startup Cost": 249618.24,
        "Total Cost": 249618.35,
        "Plan Rows": 1,
        "Plan Width": 8,
        "Actual Startup Time": 1968.5,
        "Actual Total Time": 2007.997,
        "Actual Rows": 2,
        "Actual Loops": 1,
        "Workers Planned": 1,
        "Workers Launched": 1,
        "Single Copy": false,
        "Plans": [
          {
            "Node Type": "Aggregate",
            "Strategy": "Plain",
            "Partial Mode": "Partial",
            "Parent Relationship": "Outer",
            "Parallel Aware": false,
            "Startup Cost": 248618.24,
            "Total Cost": 248618.25,
            "Plan Rows": 1,
            "Plan Width": 8,
            "Actual Startup Time": 1962.247,
            "Actual Total Time": 1962.251,
            "Actual Rows": 1,
            "Actual Loops": 2,
            "Plans": [
              {
                "Node Type": "Nested Loop",
                "Parent Relationship": "Outer",
                "Parallel Aware": false,
                "Join Type": "Inner",
                "Startup Cost": 29316.04,
                "Total Cost": 248290.85,
                "Plan Rows": 130953,
                "Plan Width": 0,
                "Actual Startup Time": 268.189,
                "Actual Total Time": 1934.364,
                "Actual Rows": 525390,
                "Actual Loops": 2,
                "Inner Unique": false,
                "Plans": [
                  {
                    "Node Type": "Hash Join",
                    "Parent Relationship": "Outer",
                    "Parallel Aware": true,
                    "Join Type": "Inner",
                    "Startup Cost": 29315.61,
                    "Total Cost": 90023.32,
                    "Plan Rows": 92175,
                    "Plan Width": 8,
                    "Actual Startup Time": 268.113,
                    "Actual Total Time": 526.525,
                    "Actual Rows": 153448,
                    "Actual Loops": 2,
                    "Inner Unique": false,
                    "Hash Cond": "(t.id = mc.movie_id)",
                    "Plans": [
                      {
                        "Node Type": "Seq Scan",
                        "Parent Relationship": "Outer",
                        "Parallel Aware": true,
                        "Relation Name": "title",
                        "Alias": "t",
                        "Startup Cost": 0.0,
                        "Total Cost": 50870.31,
                        "Plan Rows": 1487231,
                        "Plan Width": 4,
                        "Actual Startup Time": 0.01,
                        "Actual Total Time": 112.777,
                        "Actual Rows": 1264156,
                        "Actual Loops": 2
                      },
                      {
                        "Node Type": "Hash",
                        "Parent Relationship": "Inner",
                        "Parallel Aware": true,
                        "Startup Cost": 28163.42,
                        "Total Cost": 28163.42,
                        "Plan Rows": 92175,
                        "Plan Width": 4,
                        "Actual Startup Time": 98.553,
                        "Actual Total Time": 98.554,
                        "Actual Rows": 153448,
                        "Actual Loops": 2,
                        "Hash Buckets": 524288,
                        "Original Hash Buckets": 262144,
                        "Hash Batches": 1,
                        "Original Hash Batches": 1,
                        "Peak Memory Usage": 18176,
                        "Plans": [
                          {
                            "Node Type": "Bitmap Heap Scan",
                            "Parent Relationship": "Outer",
                            "Parallel Aware": true,
                            "Relation Name": "movie_companies",
                            "Alias": "mc",
                            "Startup Cost": 6650.28,
                            "Total Cost": 28163.42,
                            "Plan Rows": 92175,
                            "Plan Width": 4,
                            "Actual Startup Time": 25.064,
                            "Actual Total Time": 62.52,
                            "Actual Rows": 153448,
                            "Actual Loops": 2,
                            "Recheck Cond": "(company_id > 93105)",
                            "Rows Removed by Index Recheck": 0,
                            "Filter": "(company_type_id > 1)",
                            "Rows Removed by Filter": 0,
                            "Exact Heap Blocks": 3077,
                            "Lossy Heap Blocks": 0,
                            "Plans": [
                              {
                                "Node Type": "Bitmap Index Scan",
                                "Parent Relationship": "Outer",
                                "Parallel Aware": false,
                                "Index Name": "company_id_movie_companies",
                                "Startup Cost": 0.0,
                                "Total Cost": 6611.1,
                                "Plan Rows": 308623,
                                "Plan Width": 0,
                                "Actual Startup Time": 26.833,
                                "Actual Total Time": 26.833,
                                "Actual Rows": 306896,
                                "Actual Loops": 1,
                                "Index Cond": "(company_id > 93105)"
                              }
                            ]
                          }
                        ]
                      }
                    ]
                  },
                  {
                    "Node Type": "Index Scan",
                    "Parent Relationship": "Inner",
                    "Parallel Aware": false,
                    "Scan Direction": "Forward",
                    "Index Name": "movie_id_movie_info",
                    "Relation Name": "movie_info",
                    "Alias": "mi",
                    "Startup Cost": 0.43,
                    "Total Cost": 1.62,
                    "Plan Rows": 10,
                    "Plan Width": 4,
                    "Actual Startup Time": 0.004,
                    "Actual Total Time": 0.009,
                    "Actual Rows": 3,
                    "Actual Loops": 306896,
                    "Index Cond": "(movie_id = t.id)",
                    "Rows Removed by Index Recheck": 0,
                    "Filter": "(info_type_id < 4)",
                    "Rows Removed by Filter": 14
                  }
                ]
              }
            ]
          }
        ]
      }
    ]
  },
  "Planning Time": 0.724,
  "Triggers": [],
  "Execution Time": 2008.103
}