[
  {
    "Plan": {
      "Node Type": "Aggregate",
      "Strategy": "Plain",
      "Partial Mode": "Finalize",
      "Parallel Aware": false,
      "Startup Cost": 77198.2,
      "Total Cost": 77198.21,
      "Plan Rows": 1,
      "Plan Width": 8,
      "Actual Startup Time": 408.422,
      "Actual Total Time": 424.749,
      "Actual Rows": 1,
      "Actual Loops": 1,
      "Plans": [
        {
          "Node Type": "Gather",
          "Parent Relationship": "Outer",
          "Parallel Aware": false,
          "Startup Cost": 77197.88,
          "Total Cost": 77198.19,
          "Plan Rows": 3,
          "Plan Width": 8,
          "Actual Startup Time": 400.236,
          "Actual Total Time": 424.741,
          "Actual Rows": 4,
          "Actual Loops": 1,
          "Workers Planned": 3,
          "Workers Launched": 3,
          "Single Copy": false,
          "Plans": [
            {
              "Node Type": "Aggregate",
              "Strategy": "Plain",
              "Partial Mode": "Partial",
              "Parent Relationship": "Outer",
              "Parallel Aware": false,
              "Startup Cost": 76197.88,
              "Total Cost": 76197.89,
              "Plan Rows": 1,
              "Plan Width": 8,
              "Actual Startup Time": 387.655,
              "Actual Total Time": 387.658,
              "Actual Rows": 1,
              "Actual Loops": 4,
              "Plans": [
                {
                  "Node Type": "Hash Join",
                  "Parent Relationship": "Outer",
                  "Parallel Aware": true,
                  "Join Type": "Inner",
                  "Startup Cost": 51422.67,
                  "Total Cost": 76152.32,
                  "Plan Rows": 18225,
                  "Plan Width": 0,
                  "Actual Startup Time": 353.716,
                  "Actual Total Time": 386.845,
                  "Actual Rows": 12505,
                  "Actual Loops": 4,
                  "Inner Unique": true,
                  "Hash Cond": "(mk.movie_id = t.id)",
                  "Plans": [
                    {
                      "Node Type": "Bitmap Heap Scan",
                      "Parent Relationship": "Outer",
                      "Parallel Aware": true,
                      "Relation Name": "movie_keyword",
                      "Alias": "mk",
                      "Startup Cost": 1202.28,
                      "Total Cost": 25884.09,
                      "Plan Rows": 18225,
                      "Plan Width": 4,
                      "Actual Startup Time": 6.035,
                      "Actual Total Time": 26.223,
                      "Actual Rows": 12505,
                      "Actual Loops": 4,
                      "Recheck Cond": "(keyword_id < 51)",
                      "Rows Removed by Index Recheck": 0,
                      "Exact Heap Blocks": 7138,
                      "Lossy Heap Blocks": 0,
                      "Plans": [
                        {
                          "Node Type": "Bitmap Index Scan",
                          "Parent Relationship": "Outer",
                          "Parallel Aware": false,
                          "Index Name": "keyword_id_movie_keyword",
                          "Startup Cost": 0.0,
                          "Total Cost": 1188.16,
                          "Plan Rows": 56497,
                          "Plan Width": 0,
                          "Actual Startup Time": 3.797,
                          "Actual Total Time": 3.798,
                          "Actual Rows": 50021,
                          "Actual Loops": 1,
                          "Index Cond": "(keyword_id < 51)"
                        }
                      ]
                    },
                    {
                      "Node Type": "Hash",
                      "Parent Relationship": "Inner",
                      "Parallel Aware": true,
                      "Startup Cost": 42319.06,
                      "Total Cost": 42319.06,
                      "Plan Rows": 632106,
                      "Plan Width": 4,
                      "Actual Startup Time": 339.367,
                      "Actual Total Time": 339.368,
                      "Actual Rows": 632078,
                      "Actual Loops": 4,
                      "Hash Buckets": 4194304,
                      "Original Hash Buckets": 4194304,
                      "Hash Batches": 1,
                      "Original Hash Batches": 1,
                      "Peak Memory Usage": 131744,
                      "Plans": [
                        {
                          "Node Type": "Seq Scan",
                          "Parent Relationship": "Outer",
                          "Parallel Aware": true,
                          "Relation Name": "title",
                          "Alias": "t",
                          "Startup Cost": 0.0,
                          "Total Cost": 42319.06,
                          "Plan Rows": 632106,
                          "Plan Width": 4,
                          "Actual Startup Time": 0.038,
                          "Actual Total Time": 101.352,
                          "Actual Rows": 632078,
                          "Actual Loops": 4
                        }
                      ]
                    }
                  ]
                }
              ]
            }
          ]
        }
      ]
    },
    "Planning Time": 0.524,
    "Triggers": [],
    "Execution Time": 424.789
  }
]