{
    "Plan": {
        "Node Type": "Aggregate",
        "Strategy": "Plain",
        "Partial Mode": "Simple",
        "Parallel Aware": false,
        "Startup Cost": 40002808443.96,
        "Total Cost": 40002808443.97,
        "Plan Rows": 1,
        "Plan Width": 64,
        "Actual Startup Time": 11147.36,
        "Actual Total Time": 11157.183,
        "Actual Rows": 1,
        "Actual Loops": 1,
        "Output": [
            "min(n.name)",
            "min(t.title)"
        ],
        "Plans": [
            {
                "Node Type": "Nested Loop",
                "Parent Relationship": "Outer",
                "Parallel Aware": false,
                "Join Type": "Inner",
                "Startup Cost": 40002808435.87,
                "Total Cost": 40002808443.96,
                "Plan Rows": 1,
                "Plan Width": 32,
                "Actual Startup Time": 11147.259,
                "Actual Total Time": 11157.168,
                "Actual Rows": 19,
                "Actual Loops": 1,
                "Output": [
                    "n.name",
                    "t.title"
                ],
                "Inner Unique": true,
                "Plans": [
                    {
                        "Node Type": "Merge Join",
                        "Parent Relationship": "Outer",
                        "Parallel Aware": false,
                        "Join Type": "Inner",
                        "Startup Cost": 30002808435.72,
                        "Total Cost": 30002808435.78,
                        "Plan Rows": 1,
                        "Plan Width": 36,
                        "Actual Startup Time": 11147.237,
                        "Actual Total Time": 11157.068,
                        "Actual Rows": 19,
                        "Actual Loops": 1,
                        "Output": [
                            "mi.info_type_id",
                            "n.name",
                            "t.title"
                        ],
                        "Inner Unique": false,
                        "Merge Cond": "(ci.role_id = rt.id)",
                        "Plans": [
                            {
                                "Node Type": "Sort",
                                "Parent Relationship": "Outer",
                                "Parallel Aware": false,
                                "Startup Cost": 30002808434.56,
                                "Total Cost": 30002808434.58,
                                "Plan Rows": 7,
                                "Plan Width": 40,
                                "Actual Startup Time": 11147.185,
                                "Actual Total Time": 11157.006,
                                "Actual Rows": 19,
                                "Actual Loops": 1,
                                "Output": [
                                    "ci.role_id",
                                    "mi.info_type_id",
                                    "n.name",
                                    "t.title"
                                ],
                                "Sort Key": [
                                    "ci.role_id"
                                ],
                                "Sort Method": "quicksort",
                                "Sort Space Used": 27,
                                "Sort Space Type": "Memory",
                                "Plans": [
                                    {
                                        "Node Type": "Merge Join",
                                        "Parent Relationship": "Outer",
                                        "Parallel Aware": false,
                                        "Join Type": "Inner",
                                        "Startup Cost": 30002795779.58,
                                        "Total Cost": 30002808434.47,
                                        "Plan Rows": 7,
                                        "Plan Width": 40,
                                        "Actual Startup Time": 11138.572,
                                        "Actual Total Time": 11156.987,
                                        "Actual Rows": 19,
                                        "Actual Loops": 1,
                                        "Output": [
                                            "ci.role_id",
                                            "mi.info_type_id",
                                            "n.name",
                                            "t.title"
                                        ],
                                        "Inner Unique": true,
                                        "Merge Cond": "(mc.company_id = cn.id)",
                                        "Plans": [
                                            {
                                                "Node Type": "Sort",
                                                "Parent Relationship": "Outer",
                                                "Parallel Aware": false,
                                                "Startup Cost": 30002795779.15,
                                                "Total Cost": 30002795779.2,
                                                "Plan Rows": 21,
                                                "Plan Width": 44,
                                                "Actual Startup Time": 11138.506,
                                                "Actual Total Time": 11148.328,
                                                "Actual Rows": 20,
                                                "Actual Loops": 1,
                                                "Output": [
                                                    "ci.role_id",
                                                    "mc.company_id",
                                                    "mi.info_type_id",
                                                    "n.name",
                                                    "t.title"
                                                ],
                                                "Sort Key": [
                                                    "mc.company_id"
                                                ],
                                                "Sort Method": "quicksort",
                                                "Sort Space Used": 27,
                                                "Sort Space Type": "Memory",
                                                "Plans": [
                                                    {
                                                        "Node Type": "Merge Join",
                                                        "Parent Relationship": "Outer",
                                                        "Parallel Aware": false,
                                                        "Join Type": "Inner",
                                                        "Startup Cost": 30002780077.41,
                                                        "Total Cost": 30002795778.69,
                                                        "Plan Rows": 21,
                                                        "Plan Width": 44,
                                                        "Actual Startup Time": 10603.555,
                                                        "Actual Total Time": 11148.308,
                                                        "Actual Rows": 20,
                                                        "Actual Loops": 1,
                                                        "Output": [
                                                            "ci.role_id",
                                                            "mc.company_id",
                                                            "mi.info_type_id",
                                                            "n.name",
                                                            "t.title"
                                                        ],
                                                        "Inner Unique": false,
                                                        "Merge Cond": "(ci.person_role_id = chn.id)",
                                                        "Plans": [
                                                            {
                                                                "Node Type": "Sort",
                                                                "Parent Relationship": "Outer",
                                                                "Parallel Aware": false,
                                                                "Startup Cost": 30002373358.37,
                                                                "Total Cost": 30002373358.42,
                                                                "Plan Rows": 21,
                                                                "Plan Width": 48,
                                                                "Actual Startup Time": 9419.193,
                                                                "Actual Total Time": 9429.015,
                                                                "Actual Rows": 20,
                                                                "Actual Loops": 1,
                                                                "Output": [
                                                                    "ci.role_id",
                                                                    "ci.person_role_id",
                                                                    "mc.company_id",
                                                                    "mi.info_type_id",
                                                                    "n.name",
                                                                    "t.title"
                                                                ],
                                                                "Sort Key": [
                                                                    "ci.person_role_id"
                                                                ],
                                                                "Sort Method": "quicksort",
                                                                "Sort Space Used": 27,
                                                                "Sort Space Type": "Memory",
                                                                "Plans": [
                                                                    {
                                                                        "Node Type": "Nested Loop",
                                                                        "Parent Relationship": "Outer",
                                                                        "Parallel Aware": false,
                                                                        "Join Type": "Inner",
                                                                        "Startup Cost": 30002370900.27,
                                                                        "Total Cost": 30002373357.91,
                                                                        "Plan Rows": 21,
                                                                        "Plan Width": 48,
                                                                        "Actual Startup Time": 9390.459,
                                                                        "Actual Total Time": 9428.994,
                                                                        "Actual Rows": 20,
                                                                        "Actual Loops": 1,
                                                                        "Output": [
                                                                            "ci.role_id",
                                                                            "ci.person_role_id",
                                                                            "mc.company_id",
                                                                            "mi.info_type_id",
                                                                            "n.name",
                                                                            "t.title"
                                                                        ],
                                                                        "Inner Unique": false,
                                                                        "Join Filter": "(t.id = mc.movie_id)",
                                                                        "Rows Removed by Join Filter": 0,
                                                                        "Plans": [
                                                                            {
                                                                                "Node Type": "Merge Join",
                                                                                "Parent Relationship": "Outer",
                                                                                "Parallel Aware": false,
                                                                                "Join Type": "Inner",
                                                                                "Startup Cost": 20002370899.79,
                                                                                "Total Cost": 20002373197.54,
                                                                                "Plan Rows": 35,
                                                                                "Plan Width": 56,
                                                                                "Actual Startup Time": 9390.39,
                                                                                "Actual Total Time": 9428.657,
                                                                                "Actual Rows": 11,
                                                                                "Actual Loops": 1,
                                                                                "Output": [
                                                                                    "ci.movie_id",
                                                                                    "ci.role_id",
                                                                                    "ci.person_role_id",
                                                                                    "mi.movie_id",
                                                                                    "mi.info_type_id",
                                                                                    "n.name",
                                                                                    "t.title",
                                                                                    "t.id"
                                                                                ],
                                                                                "Inner Unique": false,
                                                                                "Merge Cond": "(mi.movie_id = t.id)",
                                                                                "Plans": [
                                                                                    {
                                                                                        "Node Type": "Sort",
                                                                                        "Parent Relationship": "Outer",
                                                                                        "Parallel Aware": false,
                                                                                        "Startup Cost": 1009685.93,
                                                                                        "Total Cost": 1010834.56,
                                                                                        "Plan Rows": 459453,
                                                                                        "Plan Width": 8,
                                                                                        "Actual Startup Time": 2857.738,
                                                                                        "Actual Total Time": 2870.366,
                                                                                        "Actual Rows": 366720,
                                                                                        "Actual Loops": 1,
                                                                                        "Output": [
                                                                                            "mi.movie_id",
                                                                                            "mi.info_type_id"
                                                                                        ],
                                                                                        "Sort Key": [
                                                                                            "mi.movie_id"
                                                                                        ],
                                                                                        "Sort Method": "quicksort",
                                                                                        "Sort Space Used": 33434,
                                                                                        "Sort Space Type": "Memory",
                                                                                        "Plans": [
                                                                                            {
                                                                                                "Node Type": "Gather Merge",
                                                                                                "Parent Relationship": "Outer",
                                                                                                "Parallel Aware": false,
                                                                                                "Startup Cost": 1000.51,
                                                                                                "Total Cost": 966475.39,
                                                                                                "Plan Rows": 459453,
                                                                                                "Plan Width": 8,
                                                                                                "Actual Startup Time": 40.036,
                                                                                                "Actual Total Time": 2708.928,
                                                                                                "Actual Rows": 451104,
                                                                                                "Actual Loops": 1,
                                                                                                "Output": [
                                                                                                    "mi.movie_id",
                                                                                                    "mi.info_type_id"
                                                                                                ],
                                                                                                "Workers Planned": 5,
                                                                                                "Workers Launched": 5,
                                                                                                "Plans": [
                                                                                                    {
                                                                                                        "Node Type": "Index Scan",
                                                                                                        "Parent Relationship": "Outer",
                                                                                                        "Parallel Aware": true,
                                                                                                        "Scan Direction": "Forward",
                                                                                                        "Index Name": "info_type_id_movie_info",
                                                                                                        "Relation Name": "movie_info",
                                                                                                        "Schema": "public",
                                                                                                        "Alias": "mi",
                                                                                                        "Startup Cost": 0.43,
                                                                                                        "Total Cost": 910145.77,
                                                                                                        "Plan Rows": 91891,
                                                                                                        "Plan Width": 8,
                                                                                                        "Actual Startup Time": 17.337,
                                                                                                        "Actual Total Time": 855.326,
                                                                                                        "Actual Rows": 75184,
                                                                                                        "Actual Loops": 6,
                                                                                                        "Output": [
                                                                                                            "mi.movie_id",
                                                                                                            "mi.info_type_id"
                                                                                                        ],
                                                                                                        "Filter": "((mi.info IS NOT NULL) AND ((mi.info ~~ 'Japan:%200%'::text) OR (mi.info ~~ 'USA:%200%'::text)))",
                                                                                                        "Rows Removed by Filter": 2397436,
                                                                                                        "Workers": [
                                                                                                            {
                                                                                                                "Worker Number": 0,
                                                                                                                "Actual Startup Time": 10.849,
                                                                                                                "Actual Total Time": 584.882,
                                                                                                                "Actual Rows": 1664,
                                                                                                                "Actual Loops": 1
                                                                                                            },
                                                                                                            {
                                                                                                                "Worker Number": 1,
                                                                                                                "Actual Startup Time": 13.948,
                                                                                                                "Actual Total Time": 585.718,
                                                                                                                "Actual Rows": 1641,
                                                                                                                "Actual Loops": 1
                                                                                                            },
                                                                                                            {
                                                                                                                "Worker Number": 2,
                                                                                                                "Actual Startup Time": 16.484,
                                                                                                                "Actual Total Time": 587.38,
                                                                                                                "Actual Rows": 1672,
                                                                                                                "Actual Loops": 1
                                                                                                            },
                                                                                                            {
                                                                                                                "Worker Number": 3,
                                                                                                                "Actual Startup Time": 27.981,
                                                                                                                "Actual Total Time": 586.546,
                                                                                                                "Actual Rows": 1707,
                                                                                                                "Actual Loops": 1
                                                                                                            },
                                                                                                            {
                                                                                                                "Worker Number": 4,
                                                                                                                "Actual Startup Time": 23.945,
                                                                                                                "Actual Total Time": 2221.922,
                                                                                                                "Actual Rows": 444254,
                                                                                                                "Actual Loops": 1
                                                                                                            }
                                                                                                        ]
                                                                                                    }
                                                                                                ]
                                                                                            }
                                                                                        ]
                                                                                    },
                                                                                    {
                                                                                        "Node Type": "Sort",
                                                                                        "Parent Relationship": "Inner",
                                                                                        "Parallel Aware": false,
                                                                                        "Startup Cost": 20001361213.86,
                                                                                        "Total Cost": 20001361214.04,
                                                                                        "Plan Rows": 71,
                                                                                        "Plan Width": 48,
                                                                                        "Actual Startup Time": 6531.117,
                                                                                        "Actual Total Time": 6540.792,
                                                                                        "Actual Rows": 14,
                                                                                        "Actual Loops": 1,
                                                                                        "Output": [
                                                                                            "ci.movie_id",
                                                                                            "ci.role_id",
                                                                                            "ci.person_role_id",
                                                                                            "n.name",
                                                                                            "t.title",
                                                                                            "t.id"
                                                                                        ],
                                                                                        "Sort Key": [
                                                                                            "ci.movie_id"
                                                                                        ],
                                                                                        "Sort Method": "quicksort",
                                                                                        "Sort Space Used": 26,
                                                                                        "Sort Space Type": "Memory",
                                                                                        "Plans": [
                                                                                            {
                                                                                                "Node Type": "Merge Join",
                                                                                                "Parent Relationship": "Outer",
                                                                                                "Parallel Aware": false,
                                                                                                "Join Type": "Inner",
                                                                                                "Startup Cost": 20001356704.75,
                                                                                                "Total Cost": 20001361211.68,
                                                                                                "Plan Rows": 71,
                                                                                                "Plan Width": 48,
                                                                                                "Actual Startup Time": 6531.088,
                                                                                                "Actual Total Time": 6540.764,
                                                                                                "Actual Rows": 11,
                                                                                                "Actual Loops": 1,
                                                                                                "Output": [
                                                                                                    "ci.movie_id",
                                                                                                    "ci.role_id",
                                                                                                    "ci.person_role_id",
                                                                                                    "n.name",
                                                                                                    "t.title",
                                                                                                    "t.id"
                                                                                                ],
                                                                                                "Inner Unique": false,
                                                                                                "Merge Cond": "(an.person_id = n.id)",
                                                                                                "Plans": [
                                                                                                    {
                                                                                                        "Node Type": "Sort",
                                                                                                        "Parent Relationship": "Outer",
                                                                                                        "Parallel Aware": false,
                                                                                                        "Startup Cost": 10000109559.99,
                                                                                                        "Total Cost": 10000111813.35,
                                                                                                        "Plan Rows": 901343,
                                                                                                        "Plan Width": 4,
                                                                                                        "Actual Startup Time": 464.472,
                                                                                                        "Actual Total Time": 498.481,
                                                                                                        "Actual Rows": 541539,
                                                                                                        "Actual Loops": 1,
                                                                                                        "Output": [
                                                                                                            "an.person_id"
                                                                                                        ],
                                                                                                        "Sort Key": [
                                                                                                            "an.person_id"
                                                                                                        ],
                                                                                                        "Sort Method": "quicksort",
                                                                                                        "Sort Space Used": 66827,
                                                                                                        "Sort Space Type": "Memory",
                                                                                                        "Plans": [
                                                                                                            {
                                                                                                                "Node Type": "Seq Scan",
                                                                                                                "Parent Relationship": "Outer",
                                                                                                                "Parallel Aware": false,
                                                                                                                "Relation Name": "aka_name",
                                                                                                                "Schema": "public",
                                                                                                                "Alias": "an",
                                                                                                                "Startup Cost": 10000000000.0,
                                                                                                                "Total Cost": 10000020409.43,
                                                                                                                "Plan Rows": 901343,
                                                                                                                "Plan Width": 4,
                                                                                                                "Actual Startup Time": 0.037,
                                                                                                                "Actual Total Time": 175.504,
                                                                                                                "Actual Rows": 901343,
                                                                                                                "Actual Loops": 1,
                                                                                                                "Output": [
                                                                                                                    "an.person_id"
                                                                                                                ]
                                                                                                            }
                                                                                                        ]
                                                                                                    },
                                                                                                    {
                                                                                                        "Node Type": "Sort",
                                                                                                        "Parent Relationship": "Inner",
                                                                                                        "Parallel Aware": false,
                                                                                                        "Startup Cost": 10001247144.76,
                                                                                                        "Total Cost": 10001247144.84,
                                                                                                        "Plan Rows": 30,
                                                                                                        "Plan Width": 56,
                                                                                                        "Actual Startup Time": 5999.486,
                                                                                                        "Actual Total Time": 6009.155,
                                                                                                        "Actual Rows": 14,
                                                                                                        "Actual Loops": 1,
                                                                                                        "Output": [
                                                                                                            "ci.movie_id",
                                                                                                            "ci.person_id",
                                                                                                            "ci.role_id",
                                                                                                            "ci.person_role_id",
                                                                                                            "n.name",
                                                                                                            "n.id",
                                                                                                            "t.title",
                                                                                                            "t.id"
                                                                                                        ],
                                                                                                        "Sort Key": [
                                                                                                            "ci.person_id"
                                                                                                        ],
                                                                                                        "Sort Method": "quicksort",
                                                                                                        "Sort Space Used": 26,
                                                                                                        "Sort Space Type": "Memory",
                                                                                                        "Plans": [
                                                                                                            {
                                                                                                                "Node Type": "Gather",
                                                                                                                "Parent Relationship": "Outer",
                                                                                                                "Parallel Aware": false,
                                                                                                                "Startup Cost": 10001175850.29,
                                                                                                                "Total Cost": 10001247144.03,
                                                                                                                "Plan Rows": 30,
                                                                                                                "Plan Width": 56,
                                                                                                                "Actual Startup Time": 5914.987,
                                                                                                                "Actual Total Time": 6009.126,
                                                                                                                "Actual Rows": 14,
                                                                                                                "Actual Loops": 1,
                                                                                                                "Output": [
                                                                                                                    "ci.movie_id",
                                                                                                                    "ci.person_id",
                                                                                                                    "ci.role_id",
                                                                                                                    "ci.person_role_id",
                                                                                                                    "n.name",
                                                                                                                    "n.id",
                                                                                                                    "t.title",
                                                                                                                    "t.id"
                                                                                                                ],
                                                                                                                "Workers Planned": 4,
                                                                                                                "Workers Launched": 4,
                                                                                                                "Single Copy": false,
                                                                                                                "Plans": [
                                                                                                                    {
                                                                                                                        "Node Type": "Hash Join",
                                                                                                                        "Parent Relationship": "Outer",
                                                                                                                        "Parallel Aware": true,
                                                                                                                        "Join Type": "Inner",
                                                                                                                        "Startup Cost": 10001174850.29,
                                                                                                                        "Total Cost": 10001246141.03,
                                                                                                                        "Plan Rows": 8,
                                                                                                                        "Plan Width": 56,
                                                                                                                        "Actual Startup Time": 5929.416,
                                                                                                                        "Actual Total Time": 5967.182,
                                                                                                                        "Actual Rows": 3,
                                                                                                                        "Actual Loops": 5,
                                                                                                                        "Output": [
                                                                                                                            "ci.movie_id",
                                                                                                                            "ci.person_id",
                                                                                                                            "ci.role_id",
                                                                                                                            "ci.person_role_id",
                                                                                                                            "n.name",
                                                                                                                            "n.id",
                                                                                                                            "t.title",
                                                                                                                            "t.id"
                                                                                                                        ],
                                                                                                                        "Inner Unique": false,
                                                                                                                        "Hash Cond": "(n.id = ci.person_id)",
                                                                                                                        "Workers": [
                                                                                                                            {
                                                                                                                                "Worker Number": 0,
                                                                                                                                "Actual Startup Time": 5902.117,
                                                                                                                                "Actual Total Time": 5967.636,
                                                                                                                                "Actual Rows": 11,
                                                                                                                                "Actual Loops": 1
                                                                                                                            },
                                                                                                                            {
                                                                                                                                "Worker Number": 1,
                                                                                                                                "Actual Startup Time": 5963.91,
                                                                                                                                "Actual Total Time": 5963.917,
                                                                                                                                "Actual Rows": 0,
                                                                                                                                "Actual Loops": 1
                                                                                                                            },
                                                                                                                            {
                                                                                                                                "Worker Number": 2,
                                                                                                                                "Actual Startup Time": 5902.446,
                                                                                                                                "Actual Total Time": 5964.131,
                                                                                                                                "Actual Rows": 1,
                                                                                                                                "Actual Loops": 1
                                                                                                                            },
                                                                                                                            {
                                                                                                                                "Worker Number": 3,
                                                                                                                                "Actual Startup Time": 5964.208,
                                                                                                                                "Actual Total Time": 5964.215,
                                                                                                                                "Actual Rows": 0,
                                                                                                                                "Actual Loops": 1
                                                                                                                            }
                                                                                                                        ],
                                                                                                                        "Plans": [
                                                                                                                            {
                                                                                                                                "Node Type": "Seq Scan",
                                                                                                                                "Parent Relationship": "Outer",
                                                                                                                                "Parallel Aware": true,
                                                                                                                                "Relation Name": "name",
                                                                                                                                "Schema": "public",
                                                                                                                                "Alias": "n",
                                                                                                                                "Startup Cost": 10000000000.0,
                                                                                                                                "Total Cost": 10000071241.31,
                                                                                                                                "Plan Rows": 24,
                                                                                                                                "Plan Width": 19,
                                                                                                                                "Actual Startup Time": 113.295,
                                                                                                                                "Actual Total Time": 174.992,
                                                                                                                                "Actual Rows": 5,
                                                                                                                                "Actual Loops": 5,
                                                                                                                                "Output": [
                                                                                                                                    "n.id",
                                                                                                                                    "n.name",
                                                                                                                                    "n.imdb_index",
                                                                                                                                    "n.imdb_id",
                                                                                                                                    "n.gender",
                                                                                                                                    "n.name_pcode_cf",
                                                                                                                                    "n.name_pcode_nf",
                                                                                                                                    "n.surname_pcode",
                                                                                                                                    "n.md5sum"
                                                                                                                                ],
                                                                                                                                "Filter": "((n.name ~~ '%Searle,%'::text) AND ((n.gender)::text = 'f'::text))",
                                                                                                                                "Rows Removed by Filter": 833494,
                                                                                                                                "Workers": [
                                                                                                                                    {
                                                                                                                                        "Worker Number": 0,
                                                                                                                                        "Actual Startup Time": 113.316,
                                                                                                                                        "Actual Total Time": 174.953,
                                                                                                                                        "Actual Rows": 4,
                                                                                                                                        "Actual Loops": 1
                                                                                                                                    },
                                                                                                                                    {
                                                                                                                                        "Worker Number": 1,
                                                                                                                                        "Actual Startup Time": 113.338,
                                                                                                                                        "Actual Total Time": 175.052,
                                                                                                                                        "Actual Rows": 4,
                                                                                                                                        "Actual Loops": 1
                                                                                                                                    },
                                                                                                                                    {
                                                                                                                                        "Worker Number": 2,
                                                                                                                                        "Actual Startup Time": 113.279,
                                                                                                                                        "Actual Total Time": 174.983,
                                                                                                                                        "Actual Rows": 4,
                                                                                                                                        "Actual Loops": 1
                                                                                                                                    },
                                                                                                                                    {
                                                                                                                                        "Worker Number": 3,
                                                                                                                                        "Actual Startup Time": 113.259,
                                                                                                                                        "Actual Total Time": 175.056,
                                                                                                                                        "Actual Rows": 7,
                                                                                                                                        "Actual Loops": 1
                                                                                                                                    }
                                                                                                                                ]
                                                                                                                            },
                                                                                                                            {
                                                                                                                                "Node Type": "Hash",
                                                                                                                                "Parent Relationship": "Inner",
                                                                                                                                "Parallel Aware": true,
                                                                                                                                "Startup Cost": 1170758.59,
                                                                                                                                "Total Cost": 1170758.59,
                                                                                                                                "Plan Rows": 327336,
                                                                                                                                "Plan Width": 37,
                                                                                                                                "Actual Startup Time": 5786.598,
                                                                                                                                "Actual Total Time": 5786.602,
                                                                                                                                "Actual Rows": 203262,
                                                                                                                                "Actual Loops": 5,
                                                                                                                                "Output": [
                                                                                                                                    "ci.movie_id",
                                                                                                                                    "ci.person_id",
                                                                                                                                    "ci.role_id",
                                                                                                                                    "ci.person_role_id",
                                                                                                                                    "t.title",
                                                                                                                                    "t.id"
                                                                                                                                ],
                                                                                                                                "Hash Buckets": 2097152,
                                                                                                                                "Original Hash Buckets": 2097152,
                                                                                                                                "Hash Batches": 1,
                                                                                                                                "Original Hash Batches": 1,
                                                                                                                                "Peak Memory Usage": 88128,
                                                                                                                                "Workers": [
                                                                                                                                    {
                                                                                                                                        "Worker Number": 0,
                                                                                                                                        "Actual Startup Time": 5788.19,
                                                                                                                                        "Actual Total Time": 5788.195,
                                                                                                                                        "Actual Rows": 172872,
                                                                                                                                        "Actual Loops": 1
                                                                                                                                    },
                                                                                                                                    {
                                                                                                                                        "Worker Number": 1,
                                                                                                                                        "Actual Startup Time": 5788.195,
                                                                                                                                        "Actual Total Time": 5788.2,
                                                                                                                                        "Actual Rows": 172461,
                                                                                                                                        "Actual Loops": 1
                                                                                                                                    },
                                                                                                                                    {
                                                                                                                                        "Worker Number": 2,
                                                                                                                                        "Actual Startup Time": 5788.254,
                                                                                                                                        "Actual Total Time": 5788.258,
                                                                                                                                        "Actual Rows": 171468,
                                                                                                                                        "Actual Loops": 1
                                                                                                                                    },
                                                                                                                                    {
                                                                                                                                        "Worker Number": 3,
                                                                                                                                        "Actual Startup Time": 5788.479,
                                                                                                                                        "Actual Total Time": 5788.484,
                                                                                                                                        "Actual Rows": 232572,
                                                                                                                                        "Actual Loops": 1
                                                                                                                                    }
                                                                                                                                ],
                                                                                                                                "Plans": [
                                                                                                                                    {
                                                                                                                                        "Node Type": "Merge Join",
                                                                                                                                        "Parent Relationship": "Outer",
                                                                                                                                        "Parallel Aware": false,
                                                                                                                                        "Join Type": "Inner",
                                                                                                                                        "Startup Cost": 1152696.18,
                                                                                                                                        "Total Cost": 1170758.59,
                                                                                                                                        "Plan Rows": 327336,
                                                                                                                                        "Plan Width": 37,
                                                                                                                                        "Actual Startup Time": 4917.67,
                                                                                                                                        "Actual Total Time": 5419.232,
                                                                                                                                        "Actual Rows": 203262,
                                                                                                                                        "Actual Loops": 5,
                                                                                                                                        "Output": [
                                                                                                                                            "ci.movie_id",
                                                                                                                                            "ci.person_id",
                                                                                                                                            "ci.role_id",
                                                                                                                                            "ci.person_role_id",
                                                                                                                                            "t.title",
                                                                                                                                            "t.id"
                                                                                                                                        ],
                                                                                                                                        "Inner Unique": false,
                                                                                                                                        "Merge Cond": "(t.id = ci.movie_id)",
                                                                                                                                        "Workers": [
                                                                                                                                            {
                                                                                                                                                "Worker Number": 0,
                                                                                                                                                "Actual Startup Time": 5118.892,
                                                                                                                                                "Actual Total Time": 5618.042,
                                                                                                                                                "Actual Rows": 172872,
                                                                                                                                                "Actual Loops": 1
                                                                                                                                            },
                                                                                                                                            {
                                                                                                                                                "Worker Number": 1,
                                                                                                                                                "Actual Startup Time": 5117.766,
                                                                                                                                                "Actual Total Time": 5609.735,
                                                                                                                                                "Actual Rows": 172461,
                                                                                                                                                "Actual Loops": 1
                                                                                                                                            },
                                                                                                                                            {
                                                                                                                                                "Worker Number": 2,
                                                                                                                                                "Actual Startup Time": 5243.482,
                                                                                                                                                "Actual Total Time": 5711.84,
                                                                                                                                                "Actual Rows": 171468,
                                                                                                                                                "Actual Loops": 1
                                                                                                                                            },
                                                                                                                                            {
                                                                                                                                                "Worker Number": 3,
                                                                                                                                                "Actual Startup Time": 4632.834,
                                                                                                                                                "Actual Total Time": 5127.623,
                                                                                                                                                "Actual Rows": 232572,
                                                                                                                                                "Actual Loops": 1
                                                                                                                                            }
                                                                                                                                        ],
                                                                                                                                        "Plans": [
                                                                                                                                            {
                                                                                                                                                "Node Type": "Sort",
                                                                                                                                                "Parent Relationship": "Outer",
                                                                                                                                                "Parallel Aware": false,
                                                                                                                                                "Startup Cost": 74036.54,
                                                                                                                                                "Total Cost": 74818.71,
                                                                                                                                                "Plan Rows": 312868,
                                                                                                                                                "Plan Width": 21,
                                                                                                                                                "Actual Startup Time": 231.678,
                                                                                                                                                "Actual Total Time": 271.154,
                                                                                                                                                "Actual Rows": 250302,
                                                                                                                                                "Actual Loops": 5,
                                                                                                                                                "Output": [
                                                                                                                                                    "t.title",
                                                                                                                                                    "t.id"
                                                                                                                                                ],
                                                                                                                                                "Sort Key": [
                                                                                                                                                    "t.id"
                                                                                                                                                ],
                                                                                                                                                "Sort Method": "quicksort",
                                                                                                                                                "Sort Space Used": 35572,
                                                                                                                                                "Sort Space Type": "Memory",
                                                                                                                                                "Workers": [
                                                                                                                                                    {
                                                                                                                                                        "Worker Number": 0,
                                                                                                                                                        "Actual Startup Time": 227.613,
                                                                                                                                                        "Actual Total Time": 261.814,
                                                                                                                                                        "Actual Rows": 210919,
                                                                                                                                                        "Actual Loops": 1
                                                                                                                                                    },
                                                                                                                                                    {
                                                                                                                                                        "Worker Number": 1,
                                                                                                                                                        "Actual Startup Time": 227.055,
                                                                                                                                                        "Actual Total Time": 260.564,
                                                                                                                                                        "Actual Rows": 208979,
                                                                                                                                                        "Actual Loops": 1
                                                                                                                                                    },
                                                                                                                                                    {
                                                                                                                                                        "Worker Number": 2,
                                                                                                                                                        "Actual Startup Time": 227.655,
                                                                                                                                                        "Actual Total Time": 258.954,
                                                                                                                                                        "Actual Rows": 212150,
                                                                                                                                                        "Actual Loops": 1
                                                                                                                                                    },
                                                                                                                                                    {
                                                                                                                                                        "Worker Number": 3,
                                                                                                                                                        "Actual Startup Time": 223.465,
                                                                                                                                                        "Actual Total Time": 265.143,
                                                                                                                                                        "Actual Rows": 284251,
                                                                                                                                                        "Actual Loops": 1
                                                                                                                                                    }
                                                                                                                                                ],
                                                                                                                                                "Plans": [
                                                                                                                                                    {
                                                                                                                                                        "Node Type": "Seq Scan",
                                                                                                                                                        "Parent Relationship": "Outer",
                                                                                                                                                        "Parallel Aware": true,
                                                                                                                                                        "Relation Name": "title",
                                                                                                                                                        "Schema": "public",
                                                                                                                                                        "Alias": "t",
                                                                                                                                                        "Startup Cost": 0.0,
                                                                                                                                                        "Total Cost": 45479.21,
                                                                                                                                                        "Plan Rows": 312868,
                                                                                                                                                        "Plan Width": 21,
                                                                                                                                                        "Actual Startup Time": 0.07,
                                                                                                                                                        "Actual Total Time": 120.656,
                                                                                                                                                        "Actual Rows": 250370,
                                                                                                                                                        "Actual Loops": 5,
                                                                                                                                                        "Output": [
                                                                                                                                                            "t.title",
                                                                                                                                                            "t.id"
                                                                                                                                                        ],
                                                                                                                                                        "Filter": "((t.production_year >= 1995) AND (t.production_year <= 2010))",
                                                                                                                                                        "Rows Removed by Filter": 255293,
                                                                                                                                                        "Workers": [
                                                                                                                                                            {
                                                                                                                                                                "Worker Number": 0,
                                                                                                                                                                "Actual Startup Time": 0.088,
                                                                                                                                                                "Actual Total Time": 121.053,
                                                                                                                                                                "Actual Rows": 210992,
                                                                                                                                                                "Actual Loops": 1
                                                                                                                                                            },
                                                                                                                                                            {
                                                                                                                                                                "Worker Number": 1,
                                                                                                                                                                "Actual Startup Time": 0.087,
                                                                                                                                                                "Actual Total Time": 120.603,
                                                                                                                                                                "Actual Rows": 209056,
                                                                                                                                                                "Actual Loops": 1
                                                                                                                                                            },
                                                                                                                                                            {
                                                                                                                                                                "Worker Number": 2,
                                                                                                                                                                "Actual Startup Time": 0.07,
                                                                                                                                                                "Actual Total Time": 119.612,
                                                                                                                                                                "Actual Rows": 212190,
                                                                                                                                                                "Actual Loops": 1
                                                                                                                                                            },
                                                                                                                                                            {
                                                                                                                                                                "Worker Number": 3,
                                                                                                                                                                "Actual Startup Time": 0.083,
                                                                                                                                                                "Actual Total Time": 120.569,
                                                                                                                                                                "Actual Rows": 284311,
                                                                                                                                                                "Actual Loops": 1
                                                                                                                                                            }
                                                                                                                                                        ]
                                                                                                                                                    }
                                                                                                                                                ]
                                                                                                                                            },
                                                                                                                                            {
                                                                                                                                                "Node Type": "Sort",
                                                                                                                                                "Parent Relationship": "Inner",
                                                                                                                                                "Parallel Aware": false,
                                                                                                                                                "Startup Cost": 1078659.64,
                                                                                                                                                "Total Cost": 1085272.75,
                                                                                                                                                "Plan Rows": 2645244,
                                                                                                                                                "Plan Width": 16,
                                                                                                                                                "Actual Startup Time": 4685.973,
                                                                                                                                                "Actual Total Time": 4940.059,
                                                                                                                                                "Actual Rows": 2105105,
                                                                                                                                                "Actual Loops": 5,
                                                                                                                                                "Output": [
                                                                                                                                                    "ci.movie_id",
                                                                                                                                                    "ci.person_id",
                                                                                                                                                    "ci.role_id",
                                                                                                                                                    "ci.person_role_id"
                                                                                                                                                ],
                                                                                                                                                "Sort Key": [
                                                                                                                                                    "ci.movie_id"
                                                                                                                                                ],
                                                                                                                                                "Sort Method": "quicksort",
                                                                                                                                                "Sort Space Used": 196981,
                                                                                                                                                "Sort Space Type": "Memory",
                                                                                                                                                "Workers": [
                                                                                                                                                    {
                                                                                                                                                        "Worker Number": 0,
                                                                                                                                                        "Actual Startup Time": 4891.255,
                                                                                                                                                        "Actual Total Time": 5153.907,
                                                                                                                                                        "Actual Rows": 2105105,
                                                                                                                                                        "Actual Loops": 1
                                                                                                                                                    },
                                                                                                                                                    {
                                                                                                                                                        "Worker Number": 1,
                                                                                                                                                        "Actual Startup Time": 4890.691,
                                                                                                                                                        "Actual Total Time": 5148.301,
                                                                                                                                                        "Actual Rows": 2105105,
                                                                                                                                                        "Actual Loops": 1
                                                                                                                                                    },
                                                                                                                                                    {
                                                                                                                                                        "Worker Number": 2,
                                                                                                                                                        "Actual Startup Time": 5015.812,
                                                                                                                                                        "Actual Total Time": 5250.342,
                                                                                                                                                        "Actual Rows": 2105105,
                                                                                                                                                        "Actual Loops": 1
                                                                                                                                                    },
                                                                                                                                                    {
                                                                                                                                                        "Worker Number": 3,
                                                                                                                                                        "Actual Startup Time": 4409.354,
                                                                                                                                                        "Actual Total Time": 4651.243,
                                                                                                                                                        "Actual Rows": 2105105,
                                                                                                                                                        "Actual Loops": 1
                                                                                                                                                    }
                                                                                                                                                ],
                                                                                                                                                "Plans": [
                                                                                                                                                    {
                                                                                                                                                        "Node Type": "Seq Scan",
                                                                                                                                                        "Parent Relationship": "Outer",
                                                                                                                                                        "Parallel Aware": false,
                                                                                                                                                        "Relation Name": "cast_info",
                                                                                                                                                        "Schema": "public",
                                                                                                                                                        "Alias": "ci",
                                                                                                                                                        "Startup Cost": 0.0,
                                                                                                                                                        "Total Cost": 796478.64,
                                                                                                                                                        "Plan Rows": 2645244,
                                                                                                                                                        "Plan Width": 16,
                                                                                                                                                        "Actual Startup Time": 0.071,
                                                                                                                                                        "Actual Total Time": 4042.561,
                                                                                                                                                        "Actual Rows": 2105105,
                                                                                                                                                        "Actual Loops": 5,
                                                                                                                                                        "Output": [
                                                                                                                                                            "ci.movie_id",
                                                                                                                                                            "ci.person_id",
                                                                                                                                                            "ci.role_id",
                                                                                                                                                            "ci.person_role_id"
                                                                                                                                                        ],
                                                                                                                                                        "Filter": "(ci.note = ANY ('{(uncredited),(voice),(writer),(uncredited)}'::text[]))",
                                                                                                                                                        "Rows Removed by Filter": 34139239,
                                                                                                                                                        "Workers": [
                                                                                                                                                            {
                                                                                                                                                                "Worker Number": 0,
                                                                                                                                                                "Actual Startup Time": 0.081,
                                                                                                                                                                "Actual Total Time": 4208.612,
                                                                                                                                                                "Actual Rows": 2105105,
                                                                                                                                                                "Actual Loops": 1
                                                                                                                                                            },
                                                                                                                                                            {
                                                                                                                                                                "Worker Number": 1,
                                                                                                                                                                "Actual Startup Time": 0.097,
                                                                                                                                                                "Actual Total Time": 4212.413,
                                                                                                                                                                "Actual Rows": 2105105,
                                                                                                                                                                "Actual Loops": 1
                                                                                                                                                            },
                                                                                                                                                            {
                                                                                                                                                                "Worker Number": 2,
                                                                                                                                                                "Actual Startup Time": 0.063,
                                                                                                                                                                "Actual Total Time": 4317.079,
                                                                                                                                                                "Actual Rows": 2105105,
                                                                                                                                                                "Actual Loops": 1
                                                                                                                                                            },
                                                                                                                                                            {
                                                                                                                                                                "Worker Number": 3,
                                                                                                                                                                "Actual Startup Time": 0.089,
                                                                                                                                                                "Actual Total Time": 3797.661,
                                                                                                                                                                "Actual Rows": 2105105,
                                                                                                                                                                "Actual Loops": 1
                                                                                                                                                            }
                                                                                                                                                        ]
                                                                                                                                                    }
                                                                                                                                                ]
                                                                                                                                            }
                                                                                                                                        ]
                                                                                                                                    }
                                                                                                                                ]
                                                                                                                            }
                                                                                                                        ]
                                                                                                                    }
                                                                                                                ]
                                                                                                            }
                                                                                                        ]
                                                                                                    }
                                                                                                ]
                                                                                            }
                                                                                        ]
                                                                                    }
                                                                                ]
                                                                            },
                                                                            {
                                                                                "Node Type": "Bitmap Heap Scan",
                                                                                "Parent Relationship": "Inner",
                                                                                "Parallel Aware": false,
                                                                                "Relation Name": "movie_companies",
                                                                                "Schema": "public",
                                                                                "Alias": "mc",
                                                                                "Startup Cost": 0.48,
                                                                                "Total Cost": 4.57,
                                                                                "Plan Rows": 1,
                                                                                "Plan Width": 8,
                                                                                "Actual Startup Time": 0.022,
                                                                                "Actual Total Time": 0.025,
                                                                                "Actual Rows": 2,
                                                                                "Actual Loops": 11,
                                                                                "Output": [
                                                                                    "mc.id",
                                                                                    "mc.movie_id",
                                                                                    "mc.company_id",
                                                                                    "mc.company_type_id",
                                                                                    "mc.note"
                                                                                ],
                                                                                "Recheck Cond": "(mc.movie_id = ci.movie_id)",
                                                                                "Rows Removed by Index Recheck": 0,
                                                                                "Filter": "((mc.note IS NOT NULL) AND ((mc.note ~~ '%(USA)%'::text) OR (mc.note ~~ '%(worldwide)%'::text)))",
                                                                                "Rows Removed by Filter": 6,
                                                                                "Exact Heap Blocks": 20,
                                                                                "Lossy Heap Blocks": 0,
                                                                                "Plans": [
                                                                                    {
                                                                                        "Node Type": "Bitmap Index Scan",
                                                                                        "Parent Relationship": "Outer",
                                                                                        "Parallel Aware": false,
                                                                                        "Index Name": "movie_id_movie_companies",
                                                                                        "Startup Cost": 0.0,
                                                                                        "Total Cost": 0.48,
                                                                                        "Plan Rows": 5,
                                                                                        "Plan Width": 0,
                                                                                        "Actual Startup Time": 0.016,
                                                                                        "Actual Total Time": 0.016,
                                                                                        "Actual Rows": 7,
                                                                                        "Actual Loops": 11,
                                                                                        "Index Cond": "(mc.movie_id = ci.movie_id)"
                                                                                    }
                                                                                ]
                                                                            }
                                                                        ]
                                                                    }
                                                                ]
                                                            },
                                                            {
                                                                "Node Type": "Sort",
                                                                "Parent Relationship": "Inner",
                                                                "Parallel Aware": false,
                                                                "Startup Cost": 406719.03,
                                                                "Total Cost": 414569.6,
                                                                "Plan Rows": 3140227,
                                                                "Plan Width": 4,
                                                                "Actual Startup Time": 1184.163,
                                                                "Actual Total Time": 1529.256,
                                                                "Actual Rows": 2693560,
                                                                "Actual Loops": 1,
                                                                "Output": [
                                                                    "chn.id"
                                                                ],
                                                                "Sort Key": [
                                                                    "chn.id"
                                                                ],
                                                                "Sort Method": "quicksort",
                                                                "Sort Space Used": 245508,
                                                                "Sort Space Type": "Memory",
                                                                "Plans": [
                                                                    {
                                                                        "Node Type": "Seq Scan",
                                                                        "Parent Relationship": "Outer",
                                                                        "Parallel Aware": false,
                                                                        "Relation Name": "char_name",
                                                                        "Schema": "public",
                                                                        "Alias": "chn",
                                                                        "Startup Cost": 0.0,
                                                                        "Total Cost": 67850.27,
                                                                        "Plan Rows": 3140227,
                                                                        "Plan Width": 4,
                                                                        "Actual Startup Time": 0.027,
                                                                        "Actual Total Time": 375.789,
                                                                        "Actual Rows": 3140339,
                                                                        "Actual Loops": 1,
                                                                        "Output": [
                                                                            "chn.id"
                                                                        ]
                                                                    }
                                                                ]
                                                            }
                                                        ]
                                                    }
                                                ]
                                            },
                                            {
                                                "Node Type": "Index Scan",
                                                "Parent Relationship": "Inner",
                                                "Parallel Aware": false,
                                                "Scan Direction": "Forward",
                                                "Index Name": "company_name_pkey",
                                                "Relation Name": "company_name",
                                                "Schema": "public",
                                                "Alias": "cn",
                                                "Startup Cost": 0.42,
                                                "Total Cost": 12454.44,
                                                "Plan Rows": 84301,
                                                "Plan Width": 4,
                                                "Actual Startup Time": 0.038,
                                                "Actual Total Time": 8.368,
                                                "Actual Rows": 5407,
                                                "Actual Loops": 1,
                                                "Output": [
                                                    "cn.id",
                                                    "cn.name",
                                                    "cn.country_code",
                                                    "cn.imdb_id",
                                                    "cn.name_pcode_nf",
                                                    "cn.name_pcode_sf",
                                                    "cn.md5sum"
                                                ],
                                                "Filter": "((cn.country_code)::text = '[us]'::text)",
                                                "Rows Removed by Filter": 8969
                                            }
                                        ]
                                    }
                                ]
                            },
                            {
                                "Node Type": "Sort",
                                "Parent Relationship": "Inner",
                                "Parallel Aware": false,
                                "Startup Cost": 1.16,
                                "Total Cost": 1.16,
                                "Plan Rows": 1,
                                "Plan Width": 4,
                                "Actual Startup Time": 0.048,
                                "Actual Total Time": 0.05,
                                "Actual Rows": 1,
                                "Actual Loops": 1,
                                "Output": [
                                    "rt.id"
                                ],
                                "Sort Key": [
                                    "rt.id"
                                ],
                                "Sort Method": "quicksort",
                                "Sort Space Used": 25,
                                "Sort Space Type": "Memory",
                                "Plans": [
                                    {
                                        "Node Type": "Seq Scan",
                                        "Parent Relationship": "Outer",
                                        "Parallel Aware": false,
                                        "Relation Name": "role_type",
                                        "Schema": "public",
                                        "Alias": "rt",
                                        "Startup Cost": 0.0,
                                        "Total Cost": 1.15,
                                        "Plan Rows": 1,
                                        "Plan Width": 4,
                                        "Actual Startup Time": 0.022,
                                        "Actual Total Time": 0.024,
                                        "Actual Rows": 1,
                                        "Actual Loops": 1,
                                        "Output": [
                                            "rt.id"
                                        ],
                                        "Filter": "((rt.role)::text = 'actress'::text)",
                                        "Rows Removed by Filter": 11
                                    }
                                ]
                            }
                        ]
                    },
                    {
                        "Node Type": "Bitmap Heap Scan",
                        "Parent Relationship": "Inner",
                        "Parallel Aware": false,
                        "Relation Name": "info_type",
                        "Schema": "public",
                        "Alias": "it",
                        "Startup Cost": 0.15,
                        "Total Cost": 4.17,
                        "Plan Rows": 1,
                        "Plan Width": 4,
                        "Actual Startup Time": 0.003,
                        "Actual Total Time": 0.003,
                        "Actual Rows": 1,
                        "Actual Loops": 19,
                        "Output": [
                            "it.id",
                            "it.info"
                        ],
                        "Recheck Cond": "(it.id = mi.info_type_id)",
                        "Rows Removed by Index Recheck": 0,
                        "Filter": "((it.info)::text = 'release dates'::text)",
                        "Rows Removed by Filter": 0,
                        "Exact Heap Blocks": 19,
                        "Lossy Heap Blocks": 0,
                        "Plans": [
                            {
                                "Node Type": "Bitmap Index Scan",
                                "Parent Relationship": "Outer",
                                "Parallel Aware": false,
                                "Index Name": "info_type_pkey",
                                "Startup Cost": 0.0,
                                "Total Cost": 0.15,
                                "Plan Rows": 1,
                                "Plan Width": 0,
                                "Actual Startup Time": 0.001,
                                "Actual Total Time": 0.001,
                                "Actual Rows": 1,
                                "Actual Loops": 19,
                                "Index Cond": "(it.id = mi.info_type_id)"
                            }
                        ]
                    }
                ]
            }
        ]
    },
    "Planning Time": 19.266,
    "Triggers": [],
    "Execution Time": 11174.735
}