{
    "Plan": {
        "Node Type": "Aggregate",
        "Strategy": "Plain",
        "Partial Mode": "Finalize",
        "Parallel Aware": false,
        "Startup Cost": 126165.44,
        "Total Cost": 126165.45,
        "Plan Rows": 1,
        "Plan Width": 8,
        "Actual Startup Time": 355.039,
        "Actual Total Time": 391.619,
        "Actual Rows": 1,
        "Actual Loops": 1,
        "Output": [
            "count(*)"
        ],
        "Plans": [
            {
                "Node Type": "Gather",
                "Parent Relationship": "Outer",
                "Parallel Aware": false,
                "Startup Cost": 126164.92,
                "Total Cost": 126165.43,
                "Plan Rows": 5,
                "Plan Width": 8,
                "Actual Startup Time": 354.687,
                "Actual Total Time": 391.605,
                "Actual Rows": 6,
                "Actual Loops": 1,
                "Output": [
                    "(PARTIAL count(*))"
                ],
                "Workers Planned": 5,
                "Workers Launched": 5,
                "Single Copy": false,
                "Plans": [
                    {
                        "Node Type": "Aggregate",
                        "Strategy": "Plain",
                        "Partial Mode": "Partial",
                        "Parent Relationship": "Outer",
                        "Parallel Aware": false,
                        "Startup Cost": 125164.92,
                        "Total Cost": 125164.93,
                        "Plan Rows": 1,
                        "Plan Width": 8,
                        "Actual Startup Time": 343.871,
                        "Actual Total Time": 343.875,
                        "Actual Rows": 1,
                        "Actual Loops": 6,
                        "Output": [
                            "PARTIAL count(*)"
                        ],
                        "Workers": [
                            {
                                "Worker Number": 0,
                                "Actual Startup Time": 341.206,
                                "Actual Total Time": 341.209,
                                "Actual Rows": 1,
                                "Actual Loops": 1
                            },
                            {
                                "Worker Number": 1,
                                "Actual Startup Time": 341.549,
                                "Actual Total Time": 341.552,
                                "Actual Rows": 1,
                                "Actual Loops": 1
                            },
                            {
                                "Worker Number": 2,
                                "Actual Startup Time": 342.098,
                                "Actual Total Time": 342.102,
                                "Actual Rows": 1,
                                "Actual Loops": 1
                            },
                            {
                                "Worker Number": 3,
                                "Actual Startup Time": 342.309,
                                "Actual Total Time": 342.312,
                                "Actual Rows": 1,
                                "Actual Loops": 1
                            },
                            {
                                "Worker Number": 4,
                                "Actual Startup Time": 342.334,
                                "Actual Total Time": 342.338,
                                "Actual Rows": 1,
                                "Actual Loops": 1
                            }
                        ],
                        "Plans": [
                            {
                                "Node Type": "Nested Loop",
                                "Parent Relationship": "Outer",
                                "Parallel Aware": false,
                                "Join Type": "Inner",
                                "Startup Cost": 45560.16,
                                "Total Cost": 125163.26,
                                "Plan Rows": 663,
                                "Plan Width": 0,
                                "Actual Startup Time": 82.492,
                                "Actual Total Time": 343.633,
                                "Actual Rows": 1674,
                                "Actual Loops": 6,
                                "Inner Unique": false,
                                "Join Filter": "(t.id = mi.movie_id)",
                                "Rows Removed by Join Filter": 0,
                                "Workers": [
                                    {
                                        "Worker Number": 0,
                                        "Actual Startup Time": 79.597,
                                        "Actual Total Time": 340.961,
                                        "Actual Rows": 1184,
                                        "Actual Loops": 1
                                    },
                                    {
                                        "Worker Number": 1,
                                        "Actual Startup Time": 80.596,
                                        "Actual Total Time": 341.313,
                                        "Actual Rows": 1150,
                                        "Actual Loops": 1
                                    },
                                    {
                                        "Worker Number": 2,
                                        "Actual Startup Time": 82.269,
                                        "Actual Total Time": 341.857,
                                        "Actual Rows": 1139,
                                        "Actual Loops": 1
                                    },
                                    {
                                        "Worker Number": 3,
                                        "Actual Startup Time": 80.671,
                                        "Actual Total Time": 342.087,
                                        "Actual Rows": 1646,
                                        "Actual Loops": 1
                                    },
                                    {
                                        "Worker Number": 4,
                                        "Actual Startup Time": 80.522,
                                        "Actual Total Time": 342.121,
                                        "Actual Rows": 1826,
                                        "Actual Loops": 1
                                    }
                                ],
                                "Plans": [
                                    {
                                        "Node Type": "Hash Join",
                                        "Parent Relationship": "Outer",
                                        "Parallel Aware": true,
                                        "Join Type": "Inner",
                                        "Startup Cost": 45559.72,
                                        "Total Cost": 118681.09,
                                        "Plan Rows": 3855,
                                        "Plan Width": 8,
                                        "Actual Startup Time": 81.74,
                                        "Actual Total Time": 239.717,
                                        "Actual Rows": 3569,
                                        "Actual Loops": 6,
                                        "Output": [
                                            "t.id",
                                            "ci.movie_id"
                                        ],
                                        "Inner Unique": true,
                                        "Hash Cond": "(ci.movie_id = t.id)",
                                        "Workers": [
                                            {
                                                "Worker Number": 0,
                                                "Actual Startup Time": 78.848,
                                                "Actual Total Time": 231.262,
                                                "Actual Rows": 2624,
                                                "Actual Loops": 1
                                            },
                                            {
                                                "Worker Number": 1,
                                                "Actual Startup Time": 79.814,
                                                "Actual Total Time": 232.65,
                                                "Actual Rows": 2613,
                                                "Actual Loops": 1
                                            },
                                            {
                                                "Worker Number": 2,
                                                "Actual Startup Time": 80.298,
                                                "Actual Total Time": 233.16,
                                                "Actual Rows": 2587,
                                                "Actual Loops": 1
                                            },
                                            {
                                                "Worker Number": 3,
                                                "Actual Startup Time": 79.954,
                                                "Actual Total Time": 232.414,
                                                "Actual Rows": 3585,
                                                "Actual Loops": 1
                                            },
                                            {
                                                "Worker Number": 4,
                                                "Actual Startup Time": 80.283,
                                                "Actual Total Time": 232.249,
                                                "Actual Rows": 3831,
                                                "Actual Loops": 1
                                            }
                                        ],
                                        "Plans": [
                                            {
                                                "Node Type": "Index Scan",
                                                "Parent Relationship": "Outer",
                                                "Parallel Aware": true,
                                                "Scan Direction": "Forward",
                                                "Index Name": "role_id_cast_info",
                                                "Relation Name": "cast_info",
                                                "Schema": "public",
                                                "Alias": "ci",
                                                "Startup Cost": 0.56,
                                                "Total Cost": 72121.93,
                                                "Plan Rows": 380954,
                                                "Plan Width": 4,
                                                "Actual Startup Time": 0.109,
                                                "Actual Total Time": 110.919,
                                                "Actual Rows": 336609,
                                                "Actual Loops": 6,
                                                "Output": [
                                                    "ci.id",
                                                    "ci.person_id",
                                                    "ci.movie_id",
                                                    "ci.person_role_id",
                                                    "ci.note",
                                                    "ci.nr_order",
                                                    "ci.role_id"
                                                ],
                                                "Index Cond": "(ci.role_id = 4)",
                                                "Rows Removed by Index Recheck": 0,
                                                "Filter": "(ci.person_id > 994742)",
                                                "Rows Removed by Filter": 118215,
                                                "Workers": [
                                                    {
                                                        "Worker Number": 0,
                                                        "Actual Startup Time": 0.095,
                                                        "Actual Total Time": 107.723,
                                                        "Actual Rows": 240628,
                                                        "Actual Loops": 1
                                                    },
                                                    {
                                                        "Worker Number": 1,
                                                        "Actual Startup Time": 0.084,
                                                        "Actual Total Time": 108.488,
                                                        "Actual Rows": 243119,
                                                        "Actual Loops": 1
                                                    },
                                                    {
                                                        "Worker Number": 2,
                                                        "Actual Startup Time": 0.142,
                                                        "Actual Total Time": 107.476,
                                                        "Actual Rows": 245721,
                                                        "Actual Loops": 1
                                                    },
                                                    {
                                                        "Worker Number": 3,
                                                        "Actual Startup Time": 0.082,
                                                        "Actual Total Time": 108.028,
                                                        "Actual Rows": 339643,
                                                        "Actual Loops": 1
                                                    },
                                                    {
                                                        "Worker Number": 4,
                                                        "Actual Startup Time": 0.221,
                                                        "Actual Total Time": 107.775,
                                                        "Actual Rows": 363862,
                                                        "Actual Loops": 1
                                                    }
                                                ]
                                            },
                                            {
                                                "Node Type": "Hash",
                                                "Parent Relationship": "Inner",
                                                "Parallel Aware": true,
                                                "Startup Cost": 45479.21,
                                                "Total Cost": 45479.21,
                                                "Plan Rows": 6396,
                                                "Plan Width": 4,
                                                "Actual Startup Time": 80.17,
                                                "Actual Total Time": 80.171,
                                                "Actual Rows": 3951,
                                                "Actual Loops": 6,
                                                "Output": [
                                                    "t.id"
                                                ],
                                                "Hash Buckets": 32768,
                                                "Original Hash Buckets": 32768,
                                                "Hash Batches": 1,
                                                "Original Hash Batches": 1,
                                                "Peak Memory Usage": 1248,
                                                "Workers": [
                                                    {
                                                        "Worker Number": 0,
                                                        "Actual Startup Time": 78.121,
                                                        "Actual Total Time": 78.122,
                                                        "Actual Rows": 3044,
                                                        "Actual Loops": 1
                                                    },
                                                    {
                                                        "Worker Number": 1,
                                                        "Actual Startup Time": 78.619,
                                                        "Actual Total Time": 78.62,
                                                        "Actual Rows": 3020,
                                                        "Actual Loops": 1
                                                    },
                                                    {
                                                        "Worker Number": 2,
                                                        "Actual Startup Time": 79.177,
                                                        "Actual Total Time": 79.178,
                                                        "Actual Rows": 3049,
                                                        "Actual Loops": 1
                                                    },
                                                    {
                                                        "Worker Number": 3,
                                                        "Actual Startup Time": 79.254,
                                                        "Actual Total Time": 79.256,
                                                        "Actual Rows": 4063,
                                                        "Actual Loops": 1
                                                    },
                                                    {
                                                        "Worker Number": 4,
                                                        "Actual Startup Time": 79.392,
                                                        "Actual Total Time": 79.393,
                                                        "Actual Rows": 4169,
                                                        "Actual Loops": 1
                                                    }
                                                ],
                                                "Plans": [
                                                    {
                                                        "Node Type": "Seq Scan",
                                                        "Parent Relationship": "Outer",
                                                        "Parallel Aware": true,
                                                        "Relation Name": "title",
                                                        "Schema": "public",
                                                        "Alias": "t",
                                                        "Startup Cost": 0.0,
                                                        "Total Cost": 45479.21,
                                                        "Plan Rows": 6396,
                                                        "Plan Width": 4,
                                                        "Actual Startup Time": 0.439,
                                                        "Actual Total Time": 78.062,
                                                        "Actual Rows": 3951,
                                                        "Actual Loops": 6,
                                                        "Output": [
                                                            "t.id"
                                                        ],
                                                        "Filter": "((t.kind_id < 7) AND (t.production_year = 2013))",
                                                        "Rows Removed by Filter": 417434,
                                                        "Workers": [
                                                            {
                                                                "Worker Number": 0,
                                                                "Actual Startup Time": 0.133,
                                                                "Actual Total Time": 76.07,
                                                                "Actual Rows": 3044,
                                                                "Actual Loops": 1
                                                            },
                                                            {
                                                                "Worker Number": 1,
                                                                "Actual Startup Time": 1.401,
                                                                "Actual Total Time": 76.616,
                                                                "Actual Rows": 3020,
                                                                "Actual Loops": 1
                                                            },
                                                            {
                                                                "Worker Number": 2,
                                                                "Actual Startup Time": 0.319,
                                                                "Actual Total Time": 77.195,
                                                                "Actual Rows": 3049,
                                                                "Actual Loops": 1
                                                            },
                                                            {
                                                                "Worker Number": 3,
                                                                "Actual Startup Time": 0.144,
                                                                "Actual Total Time": 76.937,
                                                                "Actual Rows": 4063,
                                                                "Actual Loops": 1
                                                            },
                                                            {
                                                                "Worker Number": 4,
                                                                "Actual Startup Time": 0.418,
                                                                "Actual Total Time": 77.464,
                                                                "Actual Rows": 4169,
                                                                "Actual Loops": 1
                                                            }
                                                        ]
                                                    }
                                                ]
                                            }
                                        ]
                                    },
                                    {
                                        "Node Type": "Index Scan",
                                        "Parent Relationship": "Inner",
                                        "Parallel Aware": false,
                                        "Scan Direction": "Forward",
                                        "Index Name": "movie_id_movie_info",
                                        "Relation Name": "movie_info",
                                        "Schema": "public",
                                        "Alias": "mi",
                                        "Startup Cost": 0.43,
                                        "Total Cost": 1.67,
                                        "Plan Rows": 1,
                                        "Plan Width": 4,
                                        "Actual Startup Time": 0.025,
                                        "Actual Total Time": 0.029,
                                        "Actual Rows": 0,
                                        "Actual Loops": 21414,
                                        "Output": [
                                            "mi.id",
                                            "mi.movie_id",
                                            "mi.info_type_id",
                                            "mi.info",
                                            "mi.note"
                                        ],
                                        "Index Cond": "(mi.movie_id = ci.movie_id)",
                                        "Rows Removed by Index Recheck": 0,
                                        "Filter": "(mi.info_type_id > 103)",
                                        "Rows Removed by Filter": 9,
                                        "Workers": [
                                            {
                                                "Worker Number": 0,
                                                "Actual Startup Time": 0.036,
                                                "Actual Total Time": 0.041,
                                                "Actual Rows": 0,
                                                "Actual Loops": 2624
                                            },
                                            {
                                                "Worker Number": 1,
                                                "Actual Startup Time": 0.036,
                                                "Actual Total Time": 0.041,
                                                "Actual Rows": 0,
                                                "Actual Loops": 2613
                                            },
                                            {
                                                "Worker Number": 2,
                                                "Actual Startup Time": 0.036,
                                                "Actual Total Time": 0.041,
                                                "Actual Rows": 0,
                                                "Actual Loops": 2587
                                            },
                                            {
                                                "Worker Number": 3,
                                                "Actual Startup Time": 0.026,
                                                "Actual Total Time": 0.03,
                                                "Actual Rows": 0,
                                                "Actual Loops": 3585
                                            },
                                            {
                                                "Worker Number": 4,
                                                "Actual Startup Time": 0.025,
                                                "Actual Total Time": 0.028,
                                                "Actual Rows": 0,
                                                "Actual Loops": 3831
                                            }
                                        ]
                                    }
                                ]
                            }
                        ]
                    }
                ]
            }
        ]
    },
    "Planning Time": 1.567,
    "Triggers": [],
    "Execution Time": 391.723
}