[
  {
    "Plan": {
      "Node Type": "Aggregate",
      "Strategy": "Plain",
      "Partial Mode": "Finalize",
      "Parallel Aware": false,
      "Startup Cost": 331356.59,
      "Total Cost": 331356.6,
      "Plan Rows": 1,
      "Plan Width": 8,
      "Actual Startup Time": 622.824,
      "Actual Total Time": 668.141,
      "Actual Rows": 1,
      "Actual Loops": 1,
      "Plans": [
        {
          "Node Type": "Gather",
          "Parent Relationship": "Outer",
          "Parallel Aware": false,
          "Startup Cost": 331355.96,
          "Total Cost": 331356.57,
          "Plan Rows": 6,
          "Plan Width": 8,
          "Actual Startup Time": 622.641,
          "Actual Total Time": 668.13,
          "Actual Rows": 7,
          "Actual Loops": 1,
          "Workers Planned": 6,
          "Workers Launched": 6,
          "Single Copy": false,
          "Plans": [
            {
              "Node Type": "Aggregate",
              "Strategy": "Plain",
              "Partial Mode": "Partial",
              "Parent Relationship": "Outer",
              "Parallel Aware": false,
              "Startup Cost": 330355.96,
              "Total Cost": 330355.97,
              "Plan Rows": 1,
              "Plan Width": 8,
              "Actual Startup Time": 616.008,
              "Actual Total Time": 616.009,
              "Actual Rows": 1,
              "Actual Loops": 7,
              "Plans": [
                {
                  "Node Type": "Seq Scan",
                  "Parent Relationship": "Outer",
                  "Parallel Aware": true,
                  "Relation Name": "cast_info",
                  "Alias": "ci",
                  "Startup Cost": 0.0,
                  "Total Cost": 328211.39,
                  "Plan Rows": 857828,
                  "Plan Width": 0,
                  "Actual Startup Time": 0.042,
                  "Actual Total Time": 574.681,
                  "Actual Rows": 758937,
                  "Actual Loops": 7,
                  "Filter": "(person_id < 513469)",
                  "Rows Removed by Filter": 4418826
                }
              ]
            }
          ]
        }
      ]
    },
    "Planning Time": 0.201,
    "Triggers": [],
    "Execution Time": 668.211
  }
]