[
  {
    "Plan": {
      "Node Type": "Aggregate",
      "Strategy": "Plain",
      "Partial Mode": "Finalize",
      "Parallel Aware": false,
      "Startup Cost": 45520.45,
      "Total Cost": 45520.46,
      "Plan Rows": 1,
      "Plan Width": 8,
      "Actual Startup Time": 147.095,
      "Actual Total Time": 156.928,
      "Actual Rows": 1,
      "Actual Loops": 1,
      "Plans": [
        {
          "Node Type": "Gather",
          "Parent Relationship": "Outer",
          "Parallel Aware": false,
          "Startup Cost": 45520.13,
          "Total Cost": 45520.44,
          "Plan Rows": 3,
          "Plan Width": 8,
          "Actual Startup Time": 147.027,
          "Actual Total Time": 156.921,
          "Actual Rows": 4,
          "Actual Loops": 1,
          "Workers Planned": 3,
          "Workers Launched": 3,
          "Single Copy": false,
          "Plans": [
            {
              "Node Type": "Aggregate",
              "Strategy": "Plain",
              "Partial Mode": "Partial",
              "Parent Relationship": "Outer",
              "Parallel Aware": false,
              "Startup Cost": 44520.13,
              "Total Cost": 44520.14,
              "Plan Rows": 1,
              "Plan Width": 8,
              "Actual Startup Time": 140.703,
              "Actual Total Time": 140.703,
              "Actual Rows": 1,
              "Actual Loops": 4,
              "Plans": [
                {
                  "Node Type": "Seq Scan",
                  "Parent Relationship": "Outer",
                  "Parallel Aware": true,
                  "Relation Name": "movie_keyword",
                  "Alias": "mk",
                  "Startup Cost": 0.0,
                  "Total Cost": 42695.65,
                  "Plan Rows": 729792,
                  "Plan Width": 0,
                  "Actual Startup Time": 0.726,
                  "Actual Total Time": 115.107,
                  "Actual Rows": 564537,
                  "Actual Loops": 4,
                  "Filter": "(keyword_id > 4725)",
                  "Rows Removed by Filter": 566445
                }
              ]
            }
          ]
        }
      ]
    },
    "Planning Time": 0.187,
    "Triggers": [],
    "Execution Time": 156.987
  }
]