[
  {
    "Plan": {
      "Node Type": "Aggregate",
      "Strategy": "Plain",
      "Partial Mode": "Finalize",
      "Parallel Aware": false,
      "Startup Cost": 170954.18,
      "Total Cost": 170954.19,
      "Plan Rows": 1,
      "Plan Width": 128,
      "Actual Startup Time": 490.392,
      "Actual Total Time": 527.513,
      "Actual Rows": 1,
      "Actual Loops": 1,
      "Plans": [
        {
          "Node Type": "Gather",
          "Parent Relationship": "Outer",
          "Parallel Aware": false,
          "Startup Cost": 170953.84,
          "Total Cost": 170954.15,
          "Plan Rows": 3,
          "Plan Width": 128,
          "Actual Startup Time": 489.754,
          "Actual Total Time": 527.5,
          "Actual Rows": 4,
          "Actual Loops": 1,
          "Workers Planned": 3,
          "Workers Launched": 3,
          "Single Copy": false,
          "Plans": [
            {
              "Node Type": "Aggregate",
              "Strategy": "Plain",
              "Partial Mode": "Partial",
              "Parent Relationship": "Outer",
              "Parallel Aware": false,
              "Startup Cost": 169953.84,
              "Total Cost": 169953.85,
              "Plan Rows": 1,
              "Plan Width": 128,
              "Actual Startup Time": 478.536,
              "Actual Total Time": 478.545,
              "Actual Rows": 1,
              "Actual Loops": 4,
              "Plans": [
                {
                  "Node Type": "Nested Loop",
                  "Parent Relationship": "Outer",
                  "Parallel Aware": false,
                  "Join Type": "Inner",
                  "Startup Cost": 76717.59,
                  "Total Cost": 169933.82,
                  "Plan Rows": 2002,
                  "Plan Width": 64,
                  "Actual Startup Time": 264.893,
                  "Actual Total Time": 477.678,
                  "Actual Rows": 1696,
                  "Actual Loops": 4,
                  "Inner Unique": true,
                  "Plans": [
                    {
                      "Node Type": "Nested Loop",
                      "Parent Relationship": "Outer",
                      "Parallel Aware": false,
                      "Join Type": "Inner",
                      "Startup Cost": 76717.14,
                      "Total Cost": 161005.62,
                      "Plan Rows": 2002,
                      "Plan Width": 55,
                      "Actual Startup Time": 264.842,
                      "Actual Total Time": 463.735,
                      "Actual Rows": 1696,
                      "Actual Loops": 4,
                      "Inner Unique": true,
                      "Plans": [
                        {
                          "Node Type": "Hash Join",
                          "Parent Relationship": "Outer",
                          "Parallel Aware": true,
                          "Join Type": "Inner",
                          "Startup Cost": 76716.69,
                          "Total Cost": 152072.77,
                          "Plan Rows": 2002,
                          "Plan Width": 43,
                          "Actual Startup Time": 264.793,
                          "Actual Total Time": 450.636,
                          "Actual Rows": 1773,
                          "Actual Loops": 4,
                          "Inner Unique": true,
                          "Hash Cond": "(mc.company_id = cn.id)",
                          "Plans": [
                            {
                              "Node Type": "Nested Loop",
                              "Parent Relationship": "Outer",
                              "Parallel Aware": false,
                              "Join Type": "Inner",
                              "Startup Cost": 71367.06,
                              "Total Cost": 146708.65,
                              "Plan Rows": 5519,
                              "Plan Width": 47,
                              "Actual Startup Time": 230.996,
                              "Actual Total Time": 415.533,
                              "Actual Rows": 3712,
                              "Actual Loops": 4,
                              "Inner Unique": false,
                              "Plans": [
                                {
                                  "Node Type": "Hash Join",
                                  "Parent Relationship": "Outer",
                                  "Parallel Aware": false,
                                  "Join Type": "Inner",
                                  "Startup Cost": 71366.58,
                                  "Total Cost": 136447.38,
                                  "Plan Rows": 2235,
                                  "Plan Width": 39,
                                  "Actual Startup Time": 230.645,
                                  "Actual Total Time": 398.313,
                                  "Actual Rows": 1566,
                                  "Actual Loops": 4,
                                  "Inner Unique": true,
                                  "Hash Cond": "(ci.role_id = rt.id)",
                                  "Plans": [
                                    {
                                      "Node Type": "Nested Loop",
                                      "Parent Relationship": "Outer",
                                      "Parallel Aware": false,
                                      "Join Type": "Inner",
                                      "Startup Cost": 71365.42,
                                      "Total Cost": 136350.95,
                                      "Plan Rows": 26818,
                                      "Plan Width": 43,
                                      "Actual Startup Time": 230.088,
                                      "Actual Total Time": 397.45,
                                      "Actual Rows": 3198,
                                      "Actual Loops": 4,
                                      "Inner Unique": false,
                                      "Join Filter": "(n.id = ci.person_id)",
                                      "Rows Removed by Join Filter": 0,
                                      "Plans": [
                                        {
                                          "Node Type": "Hash Join",
                                          "Parent Relationship": "Outer",
                                          "Parallel Aware": true,
                                          "Join Type": "Inner",
                                          "Startup Cost": 71360.44,
                                          "Total Cost": 86427.23,
                                          "Plan Rows": 2687,
                                          "Plan Width": 39,
                                          "Actual Startup Time": 228.319,
                                          "Actual Total Time": 312.888,
                                          "Actual Rows": 2631,
                                          "Actual Loops": 4,
                                          "Inner Unique": true,
                                          "Hash Cond": "(an.person_id = n.id)",
                                          "Plans": [
                                            {
                                              "Node Type": "Seq Scan",
                                              "Parent Relationship": "Outer",
                                              "Parallel Aware": true,
                                              "Relation Name": "aka_name",
                                              "Alias": "an",
                                              "Startup Cost": 0.0,
                                              "Total Cost": 14303.56,
                                              "Plan Rows": 290756,
                                              "Plan Width": 20,
                                              "Actual Startup Time": 0.044,
                                              "Actual Total Time": 43.416,
                                              "Actual Rows": 225336,
                                              "Actual Loops": 4
                                            },
                                            {
                                              "Node Type": "Hash",
                                              "Parent Relationship": "Inner",
                                              "Parallel Aware": true,
                                              "Startup Cost": 71240.1,
                                              "Total Cost": 71240.1,
                                              "Plan Rows": 9627,
                                              "Plan Width": 19,
                                              "Actual Startup Time": 227.829,
                                              "Actual Total Time": 227.83,
                                              "Actual Rows": 12503,
                                              "Actual Loops": 4,
                                              "Hash Buckets": 65536,
                                              "Original Hash Buckets": 65536,
                                              "Hash Batches": 1,
                                              "Original Hash Batches": 1,
                                              "Peak Memory Usage": 3296,
                                              "Plans": [
                                                {
                                                  "Node Type": "Seq Scan",
                                                  "Parent Relationship": "Outer",
                                                  "Parallel Aware": true,
                                                  "Relation Name": "name",
                                                  "Alias": "n",
                                                  "Startup Cost": 0.0,
                                                  "Total Cost": 71240.1,
                                                  "Plan Rows": 9627,
                                                  "Plan Width": 19,
                                                  "Actual Startup Time": 95.307,
                                                  "Actual Total Time": 221.016,
                                                  "Actual Rows": 12503,
                                                  "Actual Loops": 4,
                                                  "Filter": "((name ~~ '%An%'::text) AND ((gender)::text = 'f'::text))",
                                                  "Rows Removed by Filter": 1029370
                                                }
                                              ]
                                            }
                                          ]
                                        },
                                        {
                                          "Node Type": "Bitmap Heap Scan",
                                          "Parent Relationship": "Inner",
                                          "Parallel Aware": false,
                                          "Relation Name": "cast_info",
                                          "Alias": "ci",
                                          "Startup Cost": 4.98,
                                          "Total Cost": 17.9,
                                          "Plan Rows": 54,
                                          "Plan Width": 16,
                                          "Actual Startup Time": 0.027,
                                          "Actual Total Time": 0.029,
                                          "Actual Rows": 1,
                                          "Actual Loops": 10525,
                                          "Recheck Cond": "(person_id = an.person_id)",
                                          "Rows Removed by Index Recheck": 0,
                                          "Filter": "(note = ANY ('{\"(executive producer)\",(voice),(writer),(producer)}'::text[]))",
                                          "Rows Removed by Filter": 43,
                                          "Exact Heap Blocks": 4566,
                                          "Lossy Heap Blocks": 0,
                                          "Plans": [
                                            {
                                              "Node Type": "Bitmap Index Scan",
                                              "Parent Relationship": "Outer",
                                              "Parallel Aware": false,
                                              "Index Name": "person_id_cast_info",
                                              "Startup Cost": 0.0,
                                              "Total Cost": 4.97,
                                              "Plan Rows": 510,
                                              "Plan Width": 0,
                                              "Actual Startup Time": 0.014,
                                              "Actual Total Time": 0.014,
                                              "Actual Rows": 45,
                                              "Actual Loops": 10525,
                                              "Index Cond": "(person_id = an.person_id)"
                                            }
                                          ]
                                        }
                                      ]
                                    },
                                    {
                                      "Node Type": "Hash",
                                      "Parent Relationship": "Inner",
                                      "Parallel Aware": false,
                                      "Startup Cost": 1.15,
                                      "Total Cost": 1.15,
                                      "Plan Rows": 1,
                                      "Plan Width": 4,
                                      "Actual Startup Time": 0.039,
                                      "Actual Total Time": 0.039,
                                      "Actual Rows": 1,
                                      "Actual Loops": 4,
                                      "Hash Buckets": 1024,
                                      "Original Hash Buckets": 1024,
                                      "Hash Batches": 1,
                                      "Original Hash Batches": 1,
                                      "Peak Memory Usage": 9,
                                      "Plans": [
                                        {
                                          "Node Type": "Seq Scan",
                                          "Parent Relationship": "Outer",
                                          "Parallel Aware": false,
                                          "Relation Name": "role_type",
                                          "Alias": "rt",
                                          "Startup Cost": 0.0,
                                          "Total Cost": 1.15,
                                          "Plan Rows": 1,
                                          "Plan Width": 4,
                                          "Actual Startup Time": 0.029,
                                          "Actual Total Time": 0.031,
                                          "Actual Rows": 1,
                                          "Actual Loops": 4,
                                          "Filter": "((role)::text = 'actress'::text)",
                                          "Rows Removed by Filter": 11
                                        }
                                      ]
                                    }
                                  ]
                                },
                                {
                                  "Node Type": "Bitmap Heap Scan",
                                  "Parent Relationship": "Inner",
                                  "Parallel Aware": false,
                                  "Relation Name": "movie_companies",
                                  "Alias": "mc",
                                  "Startup Cost": 0.48,
                                  "Total Cost": 4.54,
                                  "Plan Rows": 5,
                                  "Plan Width": 8,
                                  "Actual Startup Time": 0.007,
                                  "Actual Total Time": 0.008,
                                  "Actual Rows": 2,
                                  "Actual Loops": 6263,
                                  "Recheck Cond": "(movie_id = ci.movie_id)",
                                  "Rows Removed by Index Recheck": 0,
                                  "Exact Heap Blocks": 1051,
                                  "Lossy Heap Blocks": 0,
                                  "Plans": [
                                    {
                                      "Node Type": "Bitmap Index Scan",
                                      "Parent Relationship": "Outer",
                                      "Parallel Aware": false,
                                      "Index Name": "movie_id_movie_companies",
                                      "Startup Cost": 0.0,
                                      "Total Cost": 0.48,
                                      "Plan Rows": 5,
                                      "Plan Width": 0,
                                      "Actual Startup Time": 0.005,
                                      "Actual Total Time": 0.005,
                                      "Actual Rows": 2,
                                      "Actual Loops": 6263,
                                      "Index Cond": "(movie_id = ci.movie_id)"
                                    }
                                  ]
                                }
                              ]
                            },
                            {
                              "Node Type": "Hash",
                              "Parent Relationship": "Inner",
                              "Parallel Aware": true,
                              "Startup Cost": 4722.92,
                              "Total Cost": 4722.92,
                              "Plan Rows": 50137,
                              "Plan Width": 4,
                              "Actual Startup Time": 32.227,
                              "Actual Total Time": 32.227,
                              "Actual Rows": 21211,
                              "Actual Loops": 4,
                              "Hash Buckets": 131072,
                              "Original Hash Buckets": 131072,
                              "Hash Batches": 1,
                              "Original Hash Batches": 1,
                              "Peak Memory Usage": 4416,
                              "Plans": [
                                {
                                  "Node Type": "Seq Scan",
                                  "Parent Relationship": "Outer",
                                  "Parallel Aware": true,
                                  "Relation Name": "company_name",
                                  "Alias": "cn",
                                  "Startup Cost": 0.0,
                                  "Total Cost": 4722.92,
                                  "Plan Rows": 50137,
                                  "Plan Width": 4,
                                  "Actual Startup Time": 0.072,
                                  "Actual Total Time": 23.781,
                                  "Actual Rows": 21211,
                                  "Actual Loops": 4,
                                  "Filter": "((country_code)::text = '[us]'::text)",
                                  "Rows Removed by Filter": 37538
                                }
                              ]
                            }
                          ]
                        },
                        {
                          "Node Type": "Bitmap Heap Scan",
                          "Parent Relationship": "Inner",
                          "Parallel Aware": false,
                          "Relation Name": "char_name",
                          "Alias": "chn",
                          "Startup Cost": 0.45,
                          "Total Cost": 4.46,
                          "Plan Rows": 1,
                          "Plan Width": 20,
                          "Actual Startup Time": 0.005,
                          "Actual Total Time": 0.005,
                          "Actual Rows": 1,
                          "Actual Loops": 7092,
                          "Recheck Cond": "(id = ci.person_role_id)",
                          "Rows Removed by Index Recheck": 0,
                          "Exact Heap Blocks": 1063,
                          "Lossy Heap Blocks": 0,
                          "Plans": [
                            {
                              "Node Type": "Bitmap Index Scan",
                              "Parent Relationship": "Outer",
                              "Parallel Aware": false,
                              "Index Name": "char_name_pkey",
                              "Startup Cost": 0.0,
                              "Total Cost": 0.45,
                              "Plan Rows": 1,
                              "Plan Width": 0,
                              "Actual Startup Time": 0.003,
                              "Actual Total Time": 0.003,
                              "Actual Rows": 1,
                              "Actual Loops": 7092,
                              "Index Cond": "(id = ci.person_role_id)"
                            }
                          ]
                        }
                      ]
                    },
                    {
                      "Node Type": "Bitmap Heap Scan",
                      "Parent Relationship": "Inner",
                      "Parallel Aware": false,
                      "Relation Name": "title",
                      "Alias": "t",
                      "Startup Cost": 0.45,
                      "Total Cost": 4.46,
                      "Plan Rows": 1,
                      "Plan Width": 21,
                      "Actual Startup Time": 0.006,
                      "Actual Total Time": 0.006,
                      "Actual Rows": 1,
                      "Actual Loops": 6786,
                      "Recheck Cond": "(id = ci.movie_id)",
                      "Rows Removed by Index Recheck": 0,
                      "Exact Heap Blocks": 1063,
                      "Lossy Heap Blocks": 0,
                      "Plans": [
                        {
                          "Node Type": "Bitmap Index Scan",
                          "Parent Relationship": "Outer",
                          "Parallel Aware": false,
                          "Index Name": "title_pkey",
                          "Startup Cost": 0.0,
                          "Total Cost": 0.45,
                          "Plan Rows": 1,
                          "Plan Width": 0,
                          "Actual Startup Time": 0.003,
                          "Actual Total Time": 0.003,
                          "Actual Rows": 1,
                          "Actual Loops": 6786,
                          "Index Cond": "(id = ci.movie_id)"
                        }
                      ]
                    }
                  ]
                }
              ]
            }
          ]
        }
      ]
    },
    "Planning Time": 6.904,
    "Triggers": [],
    "Execution Time": 527.965
  }
]