[
  {
    "Plan": {
      "Node Type": "Aggregate",
      "Strategy": "Plain",
      "Partial Mode": "Finalize",
      "Parallel Aware": false,
      "Startup Cost": 292410.88,
      "Total Cost": 292410.89,
      "Plan Rows": 1,
      "Plan Width": 8,
      "Actual Startup Time": 227.637,
      "Actual Total Time": 271.175,
      "Actual Rows": 1,
      "Actual Loops": 1,
      "Plans": [
        {
          "Node Type": "Gather",
          "Parent Relationship": "Outer",
          "Parallel Aware": false,
          "Startup Cost": 292410.46,
          "Total Cost": 292410.87,
          "Plan Rows": 4,
          "Plan Width": 8,
          "Actual Startup Time": 227.528,
          "Actual Total Time": 271.164,
          "Actual Rows": 5,
          "Actual Loops": 1,
          "Workers Planned": 4,
          "Workers Launched": 4,
          "Single Copy": false,
          "Plans": [
            {
              "Node Type": "Aggregate",
              "Strategy": "Plain",
              "Partial Mode": "Partial",
              "Parent Relationship": "Outer",
              "Parallel Aware": false,
              "Startup Cost": 291410.46,
              "Total Cost": 291410.47,
              "Plan Rows": 1,
              "Plan Width": 8,
              "Actual Startup Time": 223.066,
              "Actual Total Time": 223.067,
              "Actual Rows": 1,
              "Actual Loops": 5,
              "Plans": [
                {
                  "Node Type": "Nested Loop",
                  "Parent Relationship": "Outer",
                  "Parallel Aware": false,
                  "Join Type": "Inner",
                  "Startup Cost": 0.56,
                  "Total Cost": 291353.49,
                  "Plan Rows": 22789,
                  "Plan Width": 0,
                  "Actual Startup Time": 0.503,
                  "Actual Total Time": 221.281,
                  "Actual Rows": 17165,
                  "Actual Loops": 5,
                  "Inner Unique": false,
                  "Plans": [
                    {
                      "Node Type": "Seq Scan",
                      "Parent Relationship": "Outer",
                      "Parallel Aware": true,
                      "Relation Name": "title",
                      "Alias": "t",
                      "Startup Cost": 0.0,
                      "Total Cost": 45479.59,
                      "Plan Rows": 3009,
                      "Plan Width": 4,
                      "Actual Startup Time": 0.284,
                      "Actual Total Time": 67.405,
                      "Actual Rows": 2228,
                      "Actual Loops": 5,
                      "Filter": "((kind_id < 7) AND (production_year = 1994))",
                      "Rows Removed by Filter": 503434
                    },
                    {
                      "Node Type": "Index Scan",
                      "Parent Relationship": "Inner",
                      "Parallel Aware": false,
                      "Scan Direction": "Forward",
                      "Index Name": "movie_id_cast_info",
                      "Relation Name": "cast_info",
                      "Alias": "ci",
                      "Startup Cost": 0.56,
                      "Total Cost": 81.53,
                      "Plan Rows": 18,
                      "Plan Width": 4,
                      "Actual Startup Time": 0.027,
                      "Actual Total Time": 0.068,
                      "Actual Rows": 8,
                      "Actual Loops": 11141,
                      "Index Cond": "(movie_id = t.id)",
                      "Rows Removed by Index Recheck": 0,
                      "Filter": "((person_id > 1206840) AND (role_id < 8))",
                      "Rows Removed by Filter": 9
                    }
                  ]
                }
              ]
            }
          ]
        }
      ]
    },
    "Planning Time": 0.282,
    "Triggers": [],
    "Execution Time": 271.227
  }
]