[
  {
    "Plan": {
      "Node Type": "Aggregate",
      "Strategy": "Plain",
      "Partial Mode": "Finalize",
      "Parallel Aware": false,
      "Startup Cost": 33168.82,
      "Total Cost": 33168.83,
      "Plan Rows": 1,
      "Plan Width": 8,
      "Actual Startup Time": 99.627,
      "Actual Total Time": 107.292,
      "Actual Rows": 1,
      "Actual Loops": 1,
      "Plans": [
        {
          "Node Type": "Gather",
          "Parent Relationship": "Outer",
          "Parallel Aware": false,
          "Startup Cost": 33168.51,
          "Total Cost": 33168.82,
          "Plan Rows": 3,
          "Plan Width": 8,
          "Actual Startup Time": 99.494,
          "Actual Total Time": 107.282,
          "Actual Rows": 4,
          "Actual Loops": 1,
          "Workers Planned": 3,
          "Workers Launched": 3,
          "Single Copy": false,
          "Plans": [
            {
              "Node Type": "Aggregate",
              "Strategy": "Plain",
              "Partial Mode": "Partial",
              "Parent Relationship": "Outer",
              "Parallel Aware": false,
              "Startup Cost": 32168.51,
              "Total Cost": 32168.52,
              "Plan Rows": 1,
              "Plan Width": 8,
              "Actual Startup Time": 92.422,
              "Actual Total Time": 92.423,
              "Actual Rows": 1,
              "Actual Loops": 4,
              "Plans": [
                {
                  "Node Type": "Seq Scan",
                  "Parent Relationship": "Outer",
                  "Parallel Aware": true,
                  "Relation Name": "movie_companies",
                  "Alias": "mc",
                  "Startup Cost": 0.0,
                  "Total Cost": 31414.82,
                  "Plan Rows": 301475,
                  "Plan Width": 0,
                  "Actual Startup Time": 0.873,
                  "Actual Total Time": 82.49,
                  "Actual Rows": 193618,
                  "Actual Loops": 4,
                  "Filter": "((company_id > 1344) AND (company_type_id < 2))",
                  "Rows Removed by Filter": 458664
                }
              ]
            }
          ]
        }
      ]
    },
    "Planning Time": 0.224,
    "Triggers": [],
    "Execution Time": 107.349
  }
]