[
  {
    "Plan": {
      "Node Type": "Aggregate",
      "Strategy": "Plain",
      "Partial Mode": "Simple",
      "Parallel Aware": false,
      "Startup Cost": 15880.62,
      "Total Cost": 15880.63,
      "Plan Rows": 1,
      "Plan Width": 8,
      "Actual Startup Time": 28.087,
      "Actual Total Time": 28.089,
      "Actual Rows": 1,
      "Actual Loops": 1,
      "Plans": [
        {
          "Node Type": "Bitmap Heap Scan",
          "Parent Relationship": "Outer",
          "Parallel Aware": false,
          "Relation Name": "movie_keyword",
          "Alias": "mk",
          "Startup Cost": 156.53,
          "Total Cost": 15862.52,
          "Plan Rows": 7238,
          "Plan Width": 0,
          "Actual Startup Time": 17.932,
          "Actual Total Time": 27.433,
          "Actual Rows": 6011,
          "Actual Loops": 1,
          "Recheck Cond": "(keyword_id = 1732)",
          "Rows Removed by Index Recheck": 0,
          "Exact Heap Blocks": 4913,
          "Lossy Heap Blocks": 0,
          "Plans": [
            {
              "Node Type": "Bitmap Index Scan",
              "Parent Relationship": "Outer",
              "Parallel Aware": false,
              "Index Name": "keyword_id_movie_keyword",
              "Startup Cost": 0.0,
              "Total Cost": 154.72,
              "Plan Rows": 7238,
              "Plan Width": 0,
              "Actual Startup Time": 16.43,
              "Actual Total Time": 16.431,
              "Actual Rows": 6011,
              "Actual Loops": 1,
              "Index Cond": "(keyword_id = 1732)"
            }
          ]
        }
      ]
    },
    "Planning Time": 0.083,
    "Triggers": [],
    "Execution Time": 28.121
  }
]