{
  "Plan": {
    "Node Type": "Aggregate",
    "Strategy": "Plain",
    "Partial Mode": "Finalize",
    "Parallel Aware": false,
    "Startup Cost": 825310.85,
    "Total Cost": 825310.86,
    "Plan Rows": 1,
    "Plan Width": 8,
    "Actual Startup Time": 6468.954,
    "Actual Total Time": 6538.796,
    "Actual Rows": 1,
    "Actual Loops": 1,
    "Plans": [
      {
        "Node Type": "Gather",
        "Parent Relationship": "Outer",
        "Parallel Aware": false,
        "Startup Cost": 825310.74,
        "Total Cost": 825310.85,
        "Plan Rows": 1,
        "Plan Width": 8,
        "Actual Startup Time": 6462.547,
        "Actual Total Time": 6538.785,
        "Actual Rows": 2,
        "Actual Loops": 1,
        "Workers Planned": 1,
        "Workers Launched": 1,
        "Single Copy": false,
        "Plans": [
          {
            "Node Type": "Aggregate",
            "Strategy": "Plain",
            "Partial Mode": "Partial",
            "Parent Relationship": "Outer",
            "Parallel Aware": false,
            "Startup Cost": 824310.74,
            "Total Cost": 824310.75,
            "Plan Rows": 1,
            "Plan Width": 8,
            "Actual Startup Time": 6456.659,
            "Actual Total Time": 6456.958,
            "Actual Rows": 1,
            "Actual Loops": 2,
            "Plans": [
              {
                "Node Type": "Hash Join",
                "Parent Relationship": "Outer",
                "Parallel Aware": true,
                "Join Type": "Inner",
                "Startup Cost": 246884.48,
                "Total Cost": 814850.81,
                "Plan Rows": 3783971,
                "Plan Width": 0,
                "Actual Startup Time": 678.482,
                "Actual Total Time": 5701.857,
                "Actual Rows": 18684397,
                "Actual Loops": 2,
                "Inner Unique": false,
                "Hash Cond": "(ci.movie_id = t.id)",
                "Plans": [
                  {
                    "Node Type": "Seq Scan",
                    "Parent Relationship": "Outer",
                    "Parallel Aware": true,
                    "Relation Name": "cast_info",
                    "Alias": "ci",
                    "Startup Cost": 0.0,
                    "Total Cost": 465792.95,
                    "Plan Rows": 21310595,
                    "Plan Width": 4,
                    "Actual Startup Time": 0.029,
                    "Actual Total Time": 1348.666,
                    "Actual Rows": 18122172,
                    "Actual Loops": 2
                  },
                  {
                    "Node Type": "Hash",
                    "Parent Relationship": "Inner",
                    "Parallel Aware": true,
                    "Startup Cost": 243583.51,
                    "Total Cost": 243583.51,
                    "Plan Rows": 264077,
                    "Plan Width": 8,
                    "Actual Startup Time": 672.962,
                    "Actual Total Time": 673.259,
                    "Actual Rows": 214326,
                    "Actual Loops": 2,
                    "Hash Buckets": 524288,
                    "Original Hash Buckets": 524288,
                    "Hash Batches": 1,
                    "Original Hash Batches": 1,
                    "Peak Memory Usage": 20896,
                    "Plans": [
                      {
                        "Node Type": "Hash Join",
                        "Parent Relationship": "Outer",
                        "Parallel Aware": true,
                        "Join Type": "Inner",
                        "Startup Cost": 77596.35,
                        "Total Cost": 243583.51,
                        "Plan Rows": 264077,
                        "Plan Width": 8,
                        "Actual Startup Time": 547.355,
                        "Actual Total Time": 632.27,
                        "Actual Rows": 214326,
                        "Actual Loops": 2,
                        "Inner Unique": true,
                        "Hash Cond": "(mi.movie_id = t.id)",
                        "Plans": [
                          {
                            "Node Type": "Bitmap Heap Scan",
                            "Parent Relationship": "Outer",
                            "Parallel Aware": true,
                            "Relation Name": "movie_info",
                            "Alias": "mi",
                            "Startup Cost": 8135.65,
                            "Total Cost": 173429.61,
                            "Plan Rows": 264077,
                            "Plan Width": 4,
                            "Actual Startup Time": 14.487,
                            "Actual Total Time": 39.174,
                            "Actual Rows": 214326,
                            "Actual Loops": 2,
                            "Recheck Cond": "(info_type_id > 104)",
                            "Rows Removed by Index Recheck": 0,
                            "Exact Heap Blocks": 2693,
                            "Lossy Heap Blocks": 0,
                            "Plans": [
                              {
                                "Node Type": "Bitmap Index Scan",
                                "Parent Relationship": "Outer",
                                "Parallel Aware": false,
                                "Index Name": "info_type_id_movie_info",
                                "Startup Cost": 0.0,
                                "Total Cost": 8023.42,
                                "Plan Rows": 448931,
                                "Plan Width": 0,
                                "Actual Startup Time": 13.743,
                                "Actual Total Time": 13.743,
                                "Actual Rows": 428651,
                                "Actual Loops": 1,
                                "Index Cond": "(info_type_id > 104)"
                              }
                            ]
                          },
                          {
                            "Node Type": "Hash",
                            "Parent Relationship": "Inner",
                            "Parallel Aware": true,
                            "Startup Cost": 50870.31,
                            "Total Cost": 50870.31,
                            "Plan Rows": 1487231,
                            "Plan Width": 4,
                            "Actual Startup Time": 514.875,
                            "Actual Total Time": 514.875,
                            "Actual Rows": 1264156,
                            "Actual Loops": 2,
                            "Hash Buckets": 4194304,
                            "Original Hash Buckets": 4194304,
                            "Hash Batches": 1,
                            "Original Hash Batches": 1,
                            "Peak Memory Usage": 131712,
                            "Plans": [
                              {
                                "Node Type": "Seq Scan",
                                "Parent Relationship": "Outer",
                                "Parallel Aware": true,
                                "Relation Name": "title",
                                "Alias": "t",
                                "Startup Cost": 0.0,
                                "Total Cost": 50870.31,
                                "Plan Rows": 1487231,
                                "Plan Width": 4,
                                "Actual Startup Time": 0.035,
                                "Actual Total Time": 150.483,
                                "Actual Rows": 1264156,
                                "Actual Loops": 2
                              }
                            ]
                          }
                        ]
                      }
                    ]
                  }
                ]
              }
            ]
          }
        ]
      }
    ]
  },
  "Planning Time": 1.054,
  "Triggers": [],
  "Execution Time": 6538.912
}