{
  "Plan": {
    "Node Type": "Aggregate",
    "Strategy": "Plain",
    "Partial Mode": "Finalize",
    "Parallel Aware": false,
    "Startup Cost": 115962.31,
    "Total Cost": 115962.32,
    "Plan Rows": 1,
    "Plan Width": 8,
    "Actual Startup Time": 346.752,
    "Actual Total Time": 355.64,
    "Actual Rows": 1,
    "Actual Loops": 1,
    "Plans": [
      {
        "Node Type": "Gather",
        "Parent Relationship": "Outer",
        "Parallel Aware": false,
        "Startup Cost": 115962.2,
        "Total Cost": 115962.31,
        "Plan Rows": 1,
        "Plan Width": 8,
        "Actual Startup Time": 346.582,
        "Actual Total Time": 355.634,
        "Actual Rows": 2,
        "Actual Loops": 1,
        "Workers Planned": 1,
        "Workers Launched": 1,
        "Single Copy": false,
        "Plans": [
          {
            "Node Type": "Aggregate",
            "Strategy": "Plain",
            "Partial Mode": "Partial",
            "Parent Relationship": "Outer",
            "Parallel Aware": false,
            "Startup Cost": 114962.2,
            "Total Cost": 114962.21,
            "Plan Rows": 1,
            "Plan Width": 8,
            "Actual Startup Time": 340.82,
            "Actual Total Time": 340.823,
            "Actual Rows": 1,
            "Actual Loops": 2,
            "Plans": [
              {
                "Node Type": "Hash Join",
                "Parent Relationship": "Outer",
                "Parallel Aware": true,
                "Join Type": "Inner",
                "Startup Cost": 53929.79,
                "Total Cost": 114920.58,
                "Plan Rows": 16647,
                "Plan Width": 0,
                "Actual Startup Time": 143.071,
                "Actual Total Time": 339.539,
                "Actual Rows": 28808,
                "Actual Loops": 2,
                "Inner Unique": true,
                "Hash Cond": "(mk.movie_id = t.id)",
                "Plans": [
                  {
                    "Node Type": "Seq Scan",
                    "Parent Relationship": "Outer",
                    "Parallel Aware": true,
                    "Relation Name": "movie_keyword",
                    "Alias": "mk",
                    "Startup Cost": 0.0,
                    "Total Cost": 57718.19,
                    "Plan Rows": 1246705,
                    "Plan Width": 4,
                    "Actual Startup Time": 0.469,
                    "Actual Total Time": 173.003,
                    "Actual Rows": 1057395,
                    "Actual Loops": 2,
                    "Filter": "(keyword_id > 5635)",
                    "Rows Removed by Filter": 1204570
                  },
                  {
                    "Node Type": "Hash",
                    "Parent Relationship": "Inner",
                    "Parallel Aware": true,
                    "Startup Cost": 53681.55,
                    "Total Cost": 53681.55,
                    "Plan Rows": 19859,
                    "Plan Width": 4,
                    "Actual Startup Time": 97.848,
                    "Actual Total Time": 97.849,
                    "Actual Rows": 14052,
                    "Actual Loops": 2,
                    "Hash Buckets": 65536,
                    "Original Hash Buckets": 65536,
                    "Hash Batches": 1,
                    "Original Hash Batches": 1,
                    "Peak Memory Usage": 1632,
                    "Plans": [
                      {
                        "Node Type": "Bitmap Heap Scan",
                        "Parent Relationship": "Outer",
                        "Parallel Aware": true,
                        "Relation Name": "title",
                        "Alias": "t",
                        "Startup Cost": 11831.29,
                        "Total Cost": 53681.55,
                        "Plan Rows": 19859,
                        "Plan Width": 4,
                        "Actual Startup Time": 38.496,
                        "Actual Total Time": 93.851,
                        "Actual Rows": 14052,
                        "Actual Loops": 2,
                        "Recheck Cond": "(kind_id = 1)",
                        "Rows Removed by Index Recheck": 0,
                        "Filter": "(production_year = 2009)",
                        "Rows Removed by Filter": 317360,
                        "Exact Heap Blocks": 9490,
                        "Lossy Heap Blocks": 0,
                        "Plans": [
                          {
                            "Node Type": "Bitmap Index Scan",
                            "Parent Relationship": "Outer",
                            "Parallel Aware": false,
                            "Index Name": "kind_id_title",
                            "Startup Cost": 0.0,
                            "Total Cost": 11822.85,
                            "Plan Rows": 663256,
                            "Plan Width": 0,
                            "Actual Startup Time": 40.548,
                            "Actual Total Time": 40.548,
                            "Actual Rows": 662825,
                            "Actual Loops": 1,
                            "Index Cond": "(kind_id = 1)"
                          }
                        ]
                      }
                    ]
                  }
                ]
              }
            ]
          }
        ]
      }
    ]
  },
  "Planning Time": 0.501,
  "Triggers": [],
  "Execution Time": 355.733
}