{
  "Plan": {
    "Node Type": "Aggregate",
    "Strategy": "Plain",
    "Partial Mode": "Finalize",
    "Parallel Aware": false,
    "Startup Cost": 517774.96,
    "Total Cost": 517774.97,
    "Plan Rows": 1,
    "Plan Width": 8,
    "Actual Startup Time": 2298.557,
    "Actual Total Time": 2323.409,
    "Actual Rows": 1,
    "Actual Loops": 1,
    "Plans": [
      {
        "Node Type": "Gather",
        "Parent Relationship": "Outer",
        "Parallel Aware": false,
        "Startup Cost": 517774.85,
        "Total Cost": 517774.96,
        "Plan Rows": 1,
        "Plan Width": 8,
        "Actual Startup Time": 2292.249,
        "Actual Total Time": 2323.4,
        "Actual Rows": 2,
        "Actual Loops": 1,
        "Workers Planned": 1,
        "Workers Launched": 1,
        "Single Copy": false,
        "Plans": [
          {
            "Node Type": "Aggregate",
            "Strategy": "Plain",
            "Partial Mode": "Partial",
            "Parent Relationship": "Outer",
            "Parallel Aware": false,
            "Startup Cost": 516774.85,
            "Total Cost": 516774.86,
            "Plan Rows": 1,
            "Plan Width": 8,
            "Actual Startup Time": 2280.748,
            "Actual Total Time": 2280.752,
            "Actual Rows": 1,
            "Actual Loops": 2,
            "Plans": [
              {
                "Node Type": "Hash Join",
                "Parent Relationship": "Outer",
                "Parallel Aware": true,
                "Join Type": "Inner",
                "Startup Cost": 199063.86,
                "Total Cost": 510387.71,
                "Plan Rows": 2554857,
                "Plan Width": 0,
                "Actual Startup Time": 754.517,
                "Actual Total Time": 2171.764,
                "Actual Rows": 2625538,
                "Actual Loops": 2,
                "Inner Unique": true,
                "Hash Cond": "(ci.movie_id = t.id)",
                "Plans": [
                  {
                    "Node Type": "Bitmap Heap Scan",
                    "Parent Relationship": "Outer",
                    "Parallel Aware": true,
                    "Relation Name": "cast_info",
                    "Alias": "ci",
                    "Startup Cost": 129603.16,
                    "Total Cost": 434220.5,
                    "Plan Rows": 2554857,
                    "Plan Width": 4,
                    "Actual Startup Time": 238.891,
                    "Actual Total Time": 632.363,
                    "Actual Rows": 2625538,
                    "Actual Loops": 2,
                    "Recheck Cond": "(person_id < 584568)",
                    "Rows Removed by Index Recheck": 0,
                    "Filter": "(role_id < 5)",
                    "Rows Removed by Filter": 401988,
                    "Exact Heap Blocks": 33977,
                    "Lossy Heap Blocks": 0,
                    "Plans": [
                      {
                        "Node Type": "Bitmap Index Scan",
                        "Parent Relationship": "Outer",
                        "Parallel Aware": false,
                        "Index Name": "person_id_cast_info",
                        "Startup Cost": 0.0,
                        "Total Cost": 128517.35,
                        "Plan Rows": 5885438,
                        "Plan Width": 0,
                        "Actual Startup Time": 227.877,
                        "Actual Total Time": 227.878,
                        "Actual Rows": 6055053,
                        "Actual Loops": 1,
                        "Index Cond": "(person_id < 584568)"
                      }
                    ]
                  },
                  {
                    "Node Type": "Hash",
                    "Parent Relationship": "Inner",
                    "Parallel Aware": true,
                    "Startup Cost": 50870.31,
                    "Total Cost": 50870.31,
                    "Plan Rows": 1487231,
                    "Plan Width": 4,
                    "Actual Startup Time": 494.141,
                    "Actual Total Time": 494.142,
                    "Actual Rows": 1264156,
                    "Actual Loops": 2,
                    "Hash Buckets": 4194304,
                    "Original Hash Buckets": 4194304,
                    "Hash Batches": 1,
                    "Original Hash Batches": 1,
                    "Peak Memory Usage": 131712,
                    "Plans": [
                      {
                        "Node Type": "Seq Scan",
                        "Parent Relationship": "Outer",
                        "Parallel Aware": true,
                        "Relation Name": "title",
                        "Alias": "t",
                        "Startup Cost": 0.0,
                        "Total Cost": 50870.31,
                        "Plan Rows": 1487231,
                        "Plan Width": 4,
                        "Actual Startup Time": 0.026,
                        "Actual Total Time": 146.66,
                        "Actual Rows": 1264156,
                        "Actual Loops": 2
                      }
                    ]
                  }
                ]
              }
            ]
          }
        ]
      }
    ]
  },
  "Planning Time": 0.607,
  "Triggers": [],
  "Execution Time": 2323.531
}