[
  {
    "Plan": {
      "Node Type": "Aggregate",
      "Strategy": "Plain",
      "Partial Mode": "Finalize",
      "Parallel Aware": false,
      "Startup Cost": 46342.03,
      "Total Cost": 46342.04,
      "Plan Rows": 1,
      "Plan Width": 8,
      "Actual Startup Time": 176.723,
      "Actual Total Time": 186.85,
      "Actual Rows": 1,
      "Actual Loops": 1,
      "Plans": [
        {
          "Node Type": "Gather",
          "Parent Relationship": "Outer",
          "Parallel Aware": false,
          "Startup Cost": 46341.72,
          "Total Cost": 46342.03,
          "Plan Rows": 3,
          "Plan Width": 8,
          "Actual Startup Time": 176.471,
          "Actual Total Time": 186.841,
          "Actual Rows": 4,
          "Actual Loops": 1,
          "Workers Planned": 3,
          "Workers Launched": 3,
          "Single Copy": false,
          "Plans": [
            {
              "Node Type": "Aggregate",
              "Strategy": "Plain",
              "Partial Mode": "Partial",
              "Parent Relationship": "Outer",
              "Parallel Aware": false,
              "Startup Cost": 45341.72,
              "Total Cost": 45341.73,
              "Plan Rows": 1,
              "Plan Width": 8,
              "Actual Startup Time": 167.853,
              "Actual Total Time": 167.854,
              "Actual Rows": 1,
              "Actual Loops": 4,
              "Plans": [
                {
                  "Node Type": "Seq Scan",
                  "Parent Relationship": "Outer",
                  "Parallel Aware": true,
                  "Relation Name": "movie_keyword",
                  "Alias": "mk",
                  "Startup Cost": 0.0,
                  "Total Cost": 42695.65,
                  "Plan Rows": 1058425,
                  "Plan Width": 0,
                  "Actual Startup Time": 0.061,
                  "Actual Total Time": 129.089,
                  "Actual Rows": 818334,
                  "Actual Loops": 4,
                  "Filter": "(keyword_id < 14414)",
                  "Rows Removed by Filter": 312649
                }
              ]
            }
          ]
        }
      ]
    },
    "Planning Time": 0.158,
    "Triggers": [],
    "Execution Time": 186.901
  }
]