[
    {
        "Bao": {
            "Bao prediction": "NaN",
            "Bao recommended hint": "(no hint)"
        }
    },
    {
        "Plan": {
            "Node Type": "Aggregate",
            "Strategy": "Plain",
            "Partial Mode": "Simple",
            "Parallel Aware": false,
            "Startup Cost": 20740.7,
            "Total Cost": 20740.71,
            "Plan Rows": 1,
            "Plan Width": 8,
            "Actual Startup Time": 16.768,
            "Actual Total Time": 16.77,
            "Actual Rows": 1,
            "Actual Loops": 1,
            "Output": [
                "count(*)"
            ],
            "Plans": [
                {
                    "Node Type": "Bitmap Heap Scan",
                    "Parent Relationship": "Outer",
                    "Parallel Aware": false,
                    "Relation Name": "movie_companies",
                    "Schema": "public",
                    "Alias": "mc",
                    "Startup Cost": 625.33,
                    "Total Cost": 20703.78,
                    "Plan Rows": 14765,
                    "Plan Width": 0,
                    "Actual Startup Time": 9.464,
                    "Actual Total Time": 15.952,
                    "Actual Rows": 14470,
                    "Actual Loops": 1,
                    "Recheck Cond": "(mc.company_id = 27)",
                    "Rows Removed by Index Recheck": 0,
                    "Filter": "(mc.company_type_id = 2)",
                    "Rows Removed by Filter": 12833,
                    "Exact Heap Blocks": 7072,
                    "Lossy Heap Blocks": 0,
                    "Plans": [
                        {
                            "Node Type": "Bitmap Index Scan",
                            "Parent Relationship": "Outer",
                            "Parallel Aware": false,
                            "Index Name": "company_id_movie_companies",
                            "Startup Cost": 0.0,
                            "Total Cost": 621.64,
                            "Plan Rows": 28961,
                            "Plan Width": 0,
                            "Actual Startup Time": 2.416,
                            "Actual Total Time": 2.416,
                            "Actual Rows": 27303,
                            "Actual Loops": 1,
                            "Index Cond": "(mc.company_id = 27)"
                        }
                    ]
                }
            ]
        },
        "Planning Time": 177.12,
        "Triggers": [],
        "Execution Time": 16.863
    }
]