[
    {
        "Bao": {
            "Bao prediction": "NaN",
            "Bao recommended hint": "(no hint)"
        }
    },
    {
        "Plan": {
            "Node Type": "Aggregate",
            "Strategy": "Plain",
            "Partial Mode": "Finalize",
            "Parallel Aware": false,
            "Startup Cost": 154725.13,
            "Total Cost": 154725.14,
            "Plan Rows": 1,
            "Plan Width": 8,
            "Actual Startup Time": 239.76,
            "Actual Total Time": 252.968,
            "Actual Rows": 1,
            "Actual Loops": 1,
            "Output": [
                "count(*)"
            ],
            "Plans": [
                {
                    "Node Type": "Gather",
                    "Parent Relationship": "Outer",
                    "Parallel Aware": false,
                    "Startup Cost": 154724.61,
                    "Total Cost": 154725.12,
                    "Plan Rows": 5,
                    "Plan Width": 8,
                    "Actual Startup Time": 238.259,
                    "Actual Total Time": 252.959,
                    "Actual Rows": 6,
                    "Actual Loops": 1,
                    "Output": [
                        "(PARTIAL count(*))"
                    ],
                    "Workers Planned": 5,
                    "Workers Launched": 5,
                    "Single Copy": false,
                    "Plans": [
                        {
                            "Node Type": "Aggregate",
                            "Strategy": "Plain",
                            "Partial Mode": "Partial",
                            "Parent Relationship": "Outer",
                            "Parallel Aware": false,
                            "Startup Cost": 153724.61,
                            "Total Cost": 153724.62,
                            "Plan Rows": 1,
                            "Plan Width": 8,
                            "Actual Startup Time": 227.881,
                            "Actual Total Time": 227.885,
                            "Actual Rows": 1,
                            "Actual Loops": 6,
                            "Output": [
                                "PARTIAL count(*)"
                            ],
                            "Workers": [
                                {
                                    "Worker Number": 0,
                                    "Actual Startup Time": 225.466,
                                    "Actual Total Time": 225.47,
                                    "Actual Rows": 1,
                                    "Actual Loops": 1
                                },
                                {
                                    "Worker Number": 1,
                                    "Actual Startup Time": 225.535,
                                    "Actual Total Time": 225.538,
                                    "Actual Rows": 1,
                                    "Actual Loops": 1
                                },
                                {
                                    "Worker Number": 2,
                                    "Actual Startup Time": 226.004,
                                    "Actual Total Time": 226.007,
                                    "Actual Rows": 1,
                                    "Actual Loops": 1
                                },
                                {
                                    "Worker Number": 3,
                                    "Actual Startup Time": 226.42,
                                    "Actual Total Time": 226.424,
                                    "Actual Rows": 1,
                                    "Actual Loops": 1
                                },
                                {
                                    "Worker Number": 4,
                                    "Actual Startup Time": 226.509,
                                    "Actual Total Time": 226.512,
                                    "Actual Rows": 1,
                                    "Actual Loops": 1
                                }
                            ],
                            "Plans": [
                                {
                                    "Node Type": "Hash Join",
                                    "Parent Relationship": "Outer",
                                    "Parallel Aware": true,
                                    "Join Type": "Inner",
                                    "Startup Cost": 44394.7,
                                    "Total Cost": 153717.53,
                                    "Plan Rows": 2833,
                                    "Plan Width": 0,
                                    "Actual Startup Time": 95.952,
                                    "Actual Total Time": 227.758,
                                    "Actual Rows": 1991,
                                    "Actual Loops": 6,
                                    "Inner Unique": true,
                                    "Hash Cond": "(ci.movie_id = t.id)",
                                    "Workers": [
                                        {
                                            "Worker Number": 0,
                                            "Actual Startup Time": 93.614,
                                            "Actual Total Time": 225.326,
                                            "Actual Rows": 1439,
                                            "Actual Loops": 1
                                        },
                                        {
                                            "Worker Number": 1,
                                            "Actual Startup Time": 93.755,
                                            "Actual Total Time": 225.427,
                                            "Actual Rows": 1956,
                                            "Actual Loops": 1
                                        },
                                        {
                                            "Worker Number": 2,
                                            "Actual Startup Time": 94.187,
                                            "Actual Total Time": 225.883,
                                            "Actual Rows": 2341,
                                            "Actual Loops": 1
                                        },
                                        {
                                            "Worker Number": 3,
                                            "Actual Startup Time": 94.59,
                                            "Actual Total Time": 226.304,
                                            "Actual Rows": 2237,
                                            "Actual Loops": 1
                                        },
                                        {
                                            "Worker Number": 4,
                                            "Actual Startup Time": 94.409,
                                            "Actual Total Time": 226.383,
                                            "Actual Rows": 2380,
                                            "Actual Loops": 1
                                        }
                                    ],
                                    "Plans": [
                                        {
                                            "Node Type": "Index Scan",
                                            "Parent Relationship": "Outer",
                                            "Parallel Aware": true,
                                            "Scan Direction": "Forward",
                                            "Index Name": "role_id_cast_info",
                                            "Relation Name": "cast_info",
                                            "Schema": "public",
                                            "Alias": "ci",
                                            "Startup Cost": 0.56,
                                            "Total Cost": 109204.72,
                                            "Plan Rows": 45211,
                                            "Plan Width": 4,
                                            "Actual Startup Time": 0.086,
                                            "Actual Total Time": 124.995,
                                            "Actual Rows": 27592,
                                            "Actual Loops": 6,
                                            "Output": [
                                                "ci.id",
                                                "ci.person_id",
                                                "ci.movie_id",
                                                "ci.person_role_id",
                                                "ci.note",
                                                "ci.nr_order",
                                                "ci.role_id"
                                            ],
                                            "Index Cond": "(ci.role_id = 3)",
                                            "Rows Removed by Index Recheck": 0,
                                            "Filter": "(ci.person_id < 201876)",
                                            "Rows Removed by Filter": 640414,
                                            "Workers": [
                                                {
                                                    "Worker Number": 0,
                                                    "Actual Startup Time": 0.072,
                                                    "Actual Total Time": 125.461,
                                                    "Actual Rows": 20928,
                                                    "Actual Loops": 1
                                                },
                                                {
                                                    "Worker Number": 1,
                                                    "Actual Startup Time": 0.159,
                                                    "Actual Total Time": 124.981,
                                                    "Actual Rows": 30245,
                                                    "Actual Loops": 1
                                                },
                                                {
                                                    "Worker Number": 2,
                                                    "Actual Startup Time": 0.089,
                                                    "Actual Total Time": 124.8,
                                                    "Actual Rows": 30874,
                                                    "Actual Loops": 1
                                                },
                                                {
                                                    "Worker Number": 3,
                                                    "Actual Startup Time": 0.097,
                                                    "Actual Total Time": 124.823,
                                                    "Actual Rows": 31158,
                                                    "Actual Loops": 1
                                                },
                                                {
                                                    "Worker Number": 4,
                                                    "Actual Startup Time": 0.055,
                                                    "Actual Total Time": 124.869,
                                                    "Actual Rows": 29458,
                                                    "Actual Loops": 1
                                                }
                                            ]
                                        },
                                        {
                                            "Node Type": "Hash",
                                            "Parent Relationship": "Inner",
                                            "Parallel Aware": true,
                                            "Startup Cost": 43899.01,
                                            "Total Cost": 43899.01,
                                            "Plan Rows": 39610,
                                            "Plan Width": 4,
                                            "Actual Startup Time": 93.847,
                                            "Actual Total Time": 93.849,
                                            "Actual Rows": 26670,
                                            "Actual Loops": 6,
                                            "Output": [
                                                "t.id"
                                            ],
                                            "Hash Buckets": 262144,
                                            "Original Hash Buckets": 262144,
                                            "Hash Batches": 1,
                                            "Original Hash Batches": 1,
                                            "Peak Memory Usage": 8384,
                                            "Workers": [
                                                {
                                                    "Worker Number": 0,
                                                    "Actual Startup Time": 92.791,
                                                    "Actual Total Time": 92.792,
                                                    "Actual Rows": 19463,
                                                    "Actual Loops": 1
                                                },
                                                {
                                                    "Worker Number": 1,
                                                    "Actual Startup Time": 92.85,
                                                    "Actual Total Time": 92.851,
                                                    "Actual Rows": 25736,
                                                    "Actual Loops": 1
                                                },
                                                {
                                                    "Worker Number": 2,
                                                    "Actual Startup Time": 93.383,
                                                    "Actual Total Time": 93.385,
                                                    "Actual Rows": 25812,
                                                    "Actual Loops": 1
                                                },
                                                {
                                                    "Worker Number": 3,
                                                    "Actual Startup Time": 93.785,
                                                    "Actual Total Time": 93.786,
                                                    "Actual Rows": 25816,
                                                    "Actual Loops": 1
                                                },
                                                {
                                                    "Worker Number": 4,
                                                    "Actual Startup Time": 93.898,
                                                    "Actual Total Time": 93.899,
                                                    "Actual Rows": 25970,
                                                    "Actual Loops": 1
                                                }
                                            ],
                                            "Plans": [
                                                {
                                                    "Node Type": "Seq Scan",
                                                    "Parent Relationship": "Outer",
                                                    "Parallel Aware": true,
                                                    "Relation Name": "title",
                                                    "Schema": "public",
                                                    "Alias": "t",
                                                    "Startup Cost": 0.0,
                                                    "Total Cost": 43899.01,
                                                    "Plan Rows": 39610,
                                                    "Plan Width": 4,
                                                    "Actual Startup Time": 0.041,
                                                    "Actual Total Time": 80.991,
                                                    "Actual Rows": 26670,
                                                    "Actual Loops": 6,
                                                    "Output": [
                                                        "t.id"
                                                    ],
                                                    "Filter": "(t.production_year = 2011)",
                                                    "Rows Removed by Filter": 394716,
                                                    "Workers": [
                                                        {
                                                            "Worker Number": 0,
                                                            "Actual Startup Time": 0.035,
                                                            "Actual Total Time": 80.229,
                                                            "Actual Rows": 19463,
                                                            "Actual Loops": 1
                                                        },
                                                        {
                                                            "Worker Number": 1,
                                                            "Actual Startup Time": 0.047,
                                                            "Actual Total Time": 81.142,
                                                            "Actual Rows": 25736,
                                                            "Actual Loops": 1
                                                        },
                                                        {
                                                            "Worker Number": 2,
                                                            "Actual Startup Time": 0.048,
                                                            "Actual Total Time": 80.499,
                                                            "Actual Rows": 25812,
                                                            "Actual Loops": 1
                                                        },
                                                        {
                                                            "Worker Number": 3,
                                                            "Actual Startup Time": 0.05,
                                                            "Actual Total Time": 81.4,
                                                            "Actual Rows": 25816,
                                                            "Actual Loops": 1
                                                        },
                                                        {
                                                            "Worker Number": 4,
                                                            "Actual Startup Time": 0.041,
                                                            "Actual Total Time": 81.984,
                                                            "Actual Rows": 25970,
                                                            "Actual Loops": 1
                                                        }
                                                    ]
                                                }
                                            ]
                                        }
                                    ]
                                }
                            ]
                        }
                    ]
                }
            ]
        },
        "Planning Time": 281.765,
        "Triggers": [],
        "Execution Time": 253.076
    }
]