[
  {
    "Plan": {
      "Node Type": "Aggregate",
      "Strategy": "Plain",
      "Partial Mode": "Finalize",
      "Parallel Aware": false,
      "Startup Cost": 31942.59,
      "Total Cost": 31942.6,
      "Plan Rows": 1,
      "Plan Width": 8,
      "Actual Startup Time": 126.698,
      "Actual Total Time": 134.483,
      "Actual Rows": 1,
      "Actual Loops": 1,
      "Plans": [
        {
          "Node Type": "Gather",
          "Parent Relationship": "Outer",
          "Parallel Aware": false,
          "Startup Cost": 31942.27,
          "Total Cost": 31942.58,
          "Plan Rows": 3,
          "Plan Width": 8,
          "Actual Startup Time": 126.586,
          "Actual Total Time": 134.473,
          "Actual Rows": 4,
          "Actual Loops": 1,
          "Workers Planned": 3,
          "Workers Launched": 3,
          "Single Copy": false,
          "Plans": [
            {
              "Node Type": "Aggregate",
              "Strategy": "Plain",
              "Partial Mode": "Partial",
              "Parent Relationship": "Outer",
              "Parallel Aware": false,
              "Startup Cost": 30942.27,
              "Total Cost": 30942.28,
              "Plan Rows": 1,
              "Plan Width": 8,
              "Actual Startup Time": 120.017,
              "Actual Total Time": 120.018,
              "Actual Rows": 1,
              "Actual Loops": 4,
              "Plans": [
                {
                  "Node Type": "Seq Scan",
                  "Parent Relationship": "Outer",
                  "Parallel Aware": true,
                  "Relation Name": "movie_companies",
                  "Alias": "mc",
                  "Startup Cost": 0.0,
                  "Total Cost": 29310.68,
                  "Plan Rows": 652637,
                  "Plan Width": 0,
                  "Actual Startup Time": 0.169,
                  "Actual Total Time": 91.615,
                  "Actual Rows": 507610,
                  "Actual Loops": 4,
                  "Filter": "(company_id > 639)",
                  "Rows Removed by Filter": 144672
                }
              ]
            }
          ]
        }
      ]
    },
    "Planning Time": 0.115,
    "Triggers": [],
    "Execution Time": 134.516
  }
]