[
  {
    "Plan": {
      "Node Type": "Aggregate",
      "Strategy": "Plain",
      "Partial Mode": "Simple",
      "Parallel Aware": false,
      "Startup Cost": 26667.91,
      "Total Cost": 26667.92,
      "Plan Rows": 1,
      "Plan Width": 8,
      "Actual Startup Time": 51.679,
      "Actual Total Time": 51.68,
      "Actual Rows": 1,
      "Actual Loops": 1,
      "Plans": [
        {
          "Node Type": "Bitmap Heap Scan",
          "Parent Relationship": "Outer",
          "Parallel Aware": false,
          "Relation Name": "movie_keyword",
          "Alias": "mk",
          "Startup Cost": 1297.77,
          "Total Cost": 26515.22,
          "Plan Rows": 61076,
          "Plan Width": 0,
          "Actual Startup Time": 9.517,
          "Actual Total Time": 46.7,
          "Actual Rows": 60883,
          "Actual Loops": 1,
          "Recheck Cond": "(keyword_id > 94855)",
          "Rows Removed by Index Recheck": 0,
          "Exact Heap Blocks": 13800,
          "Lossy Heap Blocks": 0,
          "Plans": [
            {
              "Node Type": "Bitmap Index Scan",
              "Parent Relationship": "Outer",
              "Parallel Aware": false,
              "Index Name": "keyword_id_movie_keyword",
              "Startup Cost": 0.0,
              "Total Cost": 1282.5,
              "Plan Rows": 61076,
              "Plan Width": 0,
              "Actual Startup Time": 6.84,
              "Actual Total Time": 6.841,
              "Actual Rows": 60883,
              "Actual Loops": 1,
              "Index Cond": "(keyword_id > 94855)"
            }
          ]
        }
      ]
    },
    "Planning Time": 0.152,
    "Triggers": [],
    "Execution Time": 51.714
  }
]