{
  "Plan": {
    "Node Type": "Aggregate",
    "Strategy": "Plain",
    "Partial Mode": "Finalize",
    "Parallel Aware": false,
    "Startup Cost": 357496.15,
    "Total Cost": 357496.16,
    "Plan Rows": 1,
    "Plan Width": 8,
    "Actual Startup Time": 2641.358,
    "Actual Total Time": 2678.706,
    "Actual Rows": 1,
    "Actual Loops": 1,
    "Plans": [
      {
        "Node Type": "Gather",
        "Parent Relationship": "Outer",
        "Parallel Aware": false,
        "Startup Cost": 357496.04,
        "Total Cost": 357496.15,
        "Plan Rows": 1,
        "Plan Width": 8,
        "Actual Startup Time": 2641.172,
        "Actual Total Time": 2678.697,
        "Actual Rows": 2,
        "Actual Loops": 1,
        "Workers Planned": 1,
        "Workers Launched": 1,
        "Single Copy": false,
        "Plans": [
          {
            "Node Type": "Aggregate",
            "Strategy": "Plain",
            "Partial Mode": "Partial",
            "Parent Relationship": "Outer",
            "Parallel Aware": false,
            "Startup Cost": 356496.04,
            "Total Cost": 356496.05,
            "Plan Rows": 1,
            "Plan Width": 8,
            "Actual Startup Time": 2635.248,
            "Actual Total Time": 2635.249,
            "Actual Rows": 1,
            "Actual Loops": 2,
            "Plans": [
              {
                "Node Type": "Merge Join",
                "Parent Relationship": "Outer",
                "Parallel Aware": false,
                "Join Type": "Inner",
                "Startup Cost": 20.29,
                "Total Cost": 355366.01,
                "Plan Rows": 452013,
                "Plan Width": 0,
                "Actual Startup Time": 10.329,
                "Actual Total Time": 2594.209,
                "Actual Rows": 878468,
                "Actual Loops": 2,
                "Inner Unique": false,
                "Merge Cond": "(t.id = mi_idx.movie_id)",
                "Plans": [
                  {
                    "Node Type": "Merge Join",
                    "Parent Relationship": "Outer",
                    "Parallel Aware": false,
                    "Join Type": "Inner",
                    "Startup Cost": 13.83,
                    "Total Cost": 292002.86,
                    "Plan Rows": 828110,
                    "Plan Width": 8,
                    "Actual Startup Time": 9.698,
                    "Actual Total Time": 1950.657,
                    "Actual Rows": 443085,
                    "Actual Loops": 2,
                    "Inner Unique": true,
                    "Merge Cond": "(mk.movie_id = t.id)",
                    "Plans": [
                      {
                        "Node Type": "Index Only Scan",
                        "Parent Relationship": "Outer",
                        "Parallel Aware": true,
                        "Scan Direction": "Forward",
                        "Index Name": "movie_id_movie_keyword",
                        "Relation Name": "movie_keyword",
                        "Alias": "mk",
                        "Startup Cost": 0.43,
                        "Total Cost": 158560.11,
                        "Plan Rows": 2661135,
                        "Plan Width": 4,
                        "Actual Startup Time": 0.156,
                        "Actual Total Time": 455.308,
                        "Actual Rows": 2261965,
                        "Actual Loops": 2,
                        "Heap Fetches": 4523930
                      },
                      {
                        "Node Type": "Index Scan",
                        "Parent Relationship": "Inner",
                        "Parallel Aware": false,
                        "Scan Direction": "Forward",
                        "Index Name": "title_pkey",
                        "Relation Name": "title",
                        "Alias": "t",
                        "Startup Cost": 0.43,
                        "Total Cost": 116660.7,
                        "Plan Rows": 786771,
                        "Plan Width": 4,
                        "Actual Startup Time": 0.285,
                        "Actual Total Time": 1305.193,
                        "Actual Rows": 784696,
                        "Actual Loops": 2,
                        "Filter": "(production_year > 2007)",
                        "Rows Removed by Filter": 1741124
                      }
                    ]
                  },
                  {
                    "Node Type": "Index Only Scan",
                    "Parent Relationship": "Inner",
                    "Parallel Aware": false,
                    "Scan Direction": "Forward",
                    "Index Name": "movie_id_movie_info_idx",
                    "Relation Name": "movie_info_idx",
                    "Alias": "mi_idx",
                    "Startup Cost": 0.43,
                    "Total Cost": 53620.22,
                    "Plan Rows": 1380035,
                    "Plan Width": 4,
                    "Actual Startup Time": 0.089,
                    "Actual Total Time": 454.367,
                    "Actual Rows": 2200918,
                    "Actual Loops": 2,
                    "Heap Fetches": 4401835
                  }
                ]
              }
            ]
          }
        ]
      }
    ]
  },
  "Planning Time": 0.903,
  "Triggers": [],
  "Execution Time": 2678.79
}