[
  {
    "Plan": {
      "Node Type": "Aggregate",
      "Strategy": "Plain",
      "Partial Mode": "Finalize",
      "Parallel Aware": false,
      "Startup Cost": 105643.81,
      "Total Cost": 105643.82,
      "Plan Rows": 1,
      "Plan Width": 8,
      "Actual Startup Time": 771.534,
      "Actual Total Time": 791.745,
      "Actual Rows": 1,
      "Actual Loops": 1,
      "Plans": [
        {
          "Node Type": "Gather",
          "Parent Relationship": "Outer",
          "Parallel Aware": false,
          "Startup Cost": 105643.59,
          "Total Cost": 105643.8,
          "Plan Rows": 2,
          "Plan Width": 8,
          "Actual Startup Time": 763.397,
          "Actual Total Time": 791.736,
          "Actual Rows": 3,
          "Actual Loops": 1,
          "Workers Planned": 2,
          "Workers Launched": 2,
          "Single Copy": false,
          "Plans": [
            {
              "Node Type": "Aggregate",
              "Strategy": "Plain",
              "Partial Mode": "Partial",
              "Parent Relationship": "Outer",
              "Parallel Aware": false,
              "Startup Cost": 104643.59,
              "Total Cost": 104643.6,
              "Plan Rows": 1,
              "Plan Width": 8,
              "Actual Startup Time": 755.277,
              "Actual Total Time": 755.284,
              "Actual Rows": 1,
              "Actual Loops": 3,
              "Plans": [
                {
                  "Node Type": "Hash Join",
                  "Parent Relationship": "Outer",
                  "Parallel Aware": true,
                  "Join Type": "Inner",
                  "Startup Cost": 88487.77,
                  "Total Cost": 104506.33,
                  "Plan Rows": 54904,
                  "Plan Width": 0,
                  "Actual Startup Time": 582.274,
                  "Actual Total Time": 734.096,
                  "Actual Rows": 395962,
                  "Actual Loops": 3,
                  "Inner Unique": false,
                  "Hash Cond": "(mi_idx.movie_id = t.id)",
                  "Plans": [
                    {
                      "Node Type": "Seq Scan",
                      "Parent Relationship": "Outer",
                      "Parallel Aware": true,
                      "Relation Name": "movie_info_idx",
                      "Alias": "mi_idx",
                      "Startup Cost": 0.0,
                      "Total Cost": 13685.15,
                      "Plan Rows": 575015,
                      "Plan Width": 4,
                      "Actual Startup Time": 0.049,
                      "Actual Total Time": 46.076,
                      "Actual Rows": 460012,
                      "Actual Loops": 3
                    },
                    {
                      "Node Type": "Hash",
                      "Parent Relationship": "Inner",
                      "Parallel Aware": true,
                      "Startup Cost": 87514.35,
                      "Total Cost": 87514.35,
                      "Plan Rows": 77874,
                      "Plan Width": 8,
                      "Actual Startup Time": 579.773,
                      "Actual Total Time": 579.778,
                      "Actual Rows": 184370,
                      "Actual Loops": 3,
                      "Hash Buckets": 1048576,
                      "Original Hash Buckets": 262144,
                      "Hash Batches": 1,
                      "Original Hash Batches": 1,
                      "Peak Memory Usage": 36064,
                      "Plans": [
                        {
                          "Node Type": "Hash Join",
                          "Parent Relationship": "Outer",
                          "Parallel Aware": true,
                          "Join Type": "Inner",
                          "Startup Cost": 60056.68,
                          "Total Cost": 87514.35,
                          "Plan Rows": 77874,
                          "Plan Width": 8,
                          "Actual Startup Time": 325.425,
                          "Actual Total Time": 497.701,
                          "Actual Rows": 184370,
                          "Actual Loops": 3,
                          "Inner Unique": true,
                          "Hash Cond": "(mk.movie_id = t.id)",
                          "Plans": [
                            {
                              "Node Type": "Bitmap Heap Scan",
                              "Parent Relationship": "Outer",
                              "Parallel Aware": true,
                              "Relation Name": "movie_keyword",
                              "Alias": "mk",
                              "Startup Cost": 13059.55,
                              "Total Cost": 39995.92,
                              "Plan Rows": 198590,
                              "Plan Width": 4,
                              "Actual Startup Time": 52.974,
                              "Actual Total Time": 135.512,
                              "Actual Rows": 208027,
                              "Actual Loops": 3,
                              "Recheck Cond": "(keyword_id < 482)",
                              "Rows Removed by Index Recheck": 0,
                              "Exact Heap Blocks": 8493,
                              "Lossy Heap Blocks": 0,
                              "Plans": [
                                {
                                  "Node Type": "Bitmap Index Scan",
                                  "Parent Relationship": "Outer",
                                  "Parallel Aware": false,
                                  "Index Name": "keyword_id_movie_keyword",
                                  "Startup Cost": 0.0,
                                  "Total Cost": 12905.64,
                                  "Plan Rows": 615628,
                                  "Plan Width": 0,
                                  "Actual Startup Time": 47.017,
                                  "Actual Total Time": 47.017,
                                  "Actual Rows": 624081,
                                  "Actual Loops": 1,
                                  "Index Cond": "(keyword_id < 482)"
                                }
                              ]
                            },
                            {
                              "Node Type": "Hash",
                              "Parent Relationship": "Inner",
                              "Parallel Aware": true,
                              "Startup Cost": 43898.92,
                              "Total Cost": 43898.92,
                              "Plan Rows": 247857,
                              "Plan Width": 4,
                              "Actual Startup Time": 268.254,
                              "Actual Total Time": 268.255,
                              "Actual Rows": 328349,
                              "Actual Loops": 3,
                              "Hash Buckets": 1048576,
                              "Original Hash Buckets": 1048576,
                              "Hash Batches": 1,
                              "Original Hash Batches": 1,
                              "Peak Memory Usage": 46784,
                              "Plans": [
                                {
                                  "Node Type": "Seq Scan",
                                  "Parent Relationship": "Outer",
                                  "Parallel Aware": true,
                                  "Relation Name": "title",
                                  "Alias": "t",
                                  "Startup Cost": 0.0,
                                  "Total Cost": 43898.92,
                                  "Plan Rows": 247857,
                                  "Plan Width": 4,
                                  "Actual Startup Time": 0.037,
                                  "Actual Total Time": 145.533,
                                  "Actual Rows": 328349,
                                  "Actual Loops": 3,
                                  "Filter": "(kind_id < 7)",
                                  "Rows Removed by Filter": 514421
                                }
                              ]
                            }
                          ]
                        }
                      ]
                    }
                  ]
                }
              ]
            }
          ]
        }
      ]
    },
    "Planning Time": 0.808,
    "Triggers": [],
    "Execution Time": 791.825
  }
]