{
  "Plan": {
    "Node Type": "Aggregate",
    "Strategy": "Plain",
    "Partial Mode": "Finalize",
    "Parallel Aware": false,
    "Startup Cost": 444425.7,
    "Total Cost": 444425.71,
    "Plan Rows": 1,
    "Plan Width": 32,
    "Actual Startup Time": 3556.123,
    "Actual Total Time": 3562.429,
    "Actual Rows": 1,
    "Actual Loops": 1,
    "Plans": [
      {
        "Node Type": "Gather",
        "Parent Relationship": "Outer",
        "Parallel Aware": false,
        "Startup Cost": 444425.59,
        "Total Cost": 444425.7,
        "Plan Rows": 1,
        "Plan Width": 32,
        "Actual Startup Time": 3556.12,
        "Actual Total Time": 3562.426,
        "Actual Rows": 1,
        "Actual Loops": 1,
        "Workers Planned": 1,
        "Workers Launched": 0,
        "Single Copy": false,
        "Plans": [
          {
            "Node Type": "Aggregate",
            "Strategy": "Plain",
            "Partial Mode": "Partial",
            "Parent Relationship": "Outer",
            "Parallel Aware": false,
            "Startup Cost": 443425.59,
            "Total Cost": 443425.6,
            "Plan Rows": 1,
            "Plan Width": 32,
            "Actual Startup Time": 3555.315,
            "Actual Total Time": 3555.319,
            "Actual Rows": 1,
            "Actual Loops": 1,
            "Plans": [
              {
                "Node Type": "Hash Join",
                "Parent Relationship": "Outer",
                "Parallel Aware": false,
                "Join Type": "Inner",
                "Startup Cost": 443376.38,
                "Total Cost": 443424.15,
                "Plan Rows": 578,
                "Plan Width": 17,
                "Actual Startup Time": 3554.875,
                "Actual Total Time": 3555.312,
                "Actual Rows": 3,
                "Actual Loops": 1,
                "Inner Unique": true,
                "Hash Cond": "(mc.company_type_id = ct.id)",
                "Plans": [
                  {
                    "Node Type": "Merge Join",
                    "Parent Relationship": "Outer",
                    "Parallel Aware": false,
                    "Join Type": "Inner",
                    "Startup Cost": 443375.31,
                    "Total Cost": 443410.58,
                    "Plan Rows": 2314,
                    "Plan Width": 21,
                    "Actual Startup Time": 3554.8,
                    "Actual Total Time": 3555.155,
                    "Actual Rows": 2372,
                    "Actual Loops": 1,
                    "Inner Unique": true,
                    "Merge Cond": "(mi.info_type_id = it.id)",
                    "Plans": [
                      {
                        "Node Type": "Sort",
                        "Parent Relationship": "Outer",
                        "Parallel Aware": false,
                        "Startup Cost": 443369.33,
                        "Total Cost": 443375.12,
                        "Plan Rows": 2314,
                        "Plan Width": 25,
                        "Actual Startup Time": 3554.755,
                        "Actual Total Time": 3554.841,
                        "Actual Rows": 2372,
                        "Actual Loops": 1,
                        "Sort Key": [
                          "mi.info_type_id"
                        ],
                        "Sort Method": "quicksort",
                        "Sort Space Used": 279,
                        "Sort Space Type": "Memory",
                        "Plans": [
                          {
                            "Node Type": "Nested Loop",
                            "Parent Relationship": "Outer",
                            "Parallel Aware": false,
                            "Join Type": "Inner",
                            "Startup Cost": 62044.23,
                            "Total Cost": 443240.02,
                            "Plan Rows": 2314,
                            "Plan Width": 25,
                            "Actual Startup Time": 572.468,
                            "Actual Total Time": 3554.103,
                            "Actual Rows": 2372,
                            "Actual Loops": 1,
                            "Inner Unique": false,
                            "Plans": [
                              {
                                "Node Type": "Hash Join",
                                "Parent Relationship": "Outer",
                                "Parallel Aware": true,
                                "Join Type": "Inner",
                                "Startup Cost": 62043.8,
                                "Total Cost": 420656.81,
                                "Plan Rows": 34002,
                                "Plan Width": 29,
                                "Actual Startup Time": 567.334,
                                "Actual Total Time": 3421.347,
                                "Actual Rows": 47401,
                                "Actual Loops": 1,
                                "Inner Unique": true,
                                "Hash Cond": "(mi.movie_id = t.id)",
                                "Plans": [
                                  {
                                    "Node Type": "Seq Scan",
                                    "Parent Relationship": "Outer",
                                    "Parallel Aware": true,
                                    "Relation Name": "movie_info",
                                    "Alias": "mi",
                                    "Startup Cost": 0.0,
                                    "Total Cost": 358390.48,
                                    "Plan Rows": 84774,
                                    "Plan Width": 8,
                                    "Actual Startup Time": 1.085,
                                    "Actual Total Time": 2791.447,
                                    "Actual Rows": 150988,
                                    "Actual Loops": 1,
                                    "Filter": "(info = ANY ('{Sweden,Norwegian,American,Danish,Germany,Swedish,Norway,Denish,German,America}'::text[]))",
                                    "Rows Removed by Filter": 14684732
                                  },
                                  {
                                    "Node Type": "Hash",
                                    "Parent Relationship": "Inner",
                                    "Parallel Aware": true,
                                    "Startup Cost": 54587.68,
                                    "Total Cost": 54587.68,
                                    "Plan Rows": 596489,
                                    "Plan Width": 21,
                                    "Actual Startup Time": 548.691,
                                    "Actual Total Time": 548.692,
                                    "Actual Rows": 1012920,
                                    "Actual Loops": 1,
                                    "Hash Buckets": 1048576,
                                    "Original Hash Buckets": 1048576,
                                    "Hash Batches": 1,
                                    "Original Hash Batches": 1,
                                    "Peak Memory Usage": 65024,
                                    "Plans": [
                                      {
                                        "Node Type": "Seq Scan",
                                        "Parent Relationship": "Outer",
                                        "Parallel Aware": true,
                                        "Relation Name": "title",
                                        "Alias": "t",
                                        "Startup Cost": 0.0,
                                        "Total Cost": 54587.68,
                                        "Plan Rows": 596489,
                                        "Plan Width": 21,
                                        "Actual Startup Time": 0.015,
                                        "Actual Total Time": 272.129,
                                        "Actual Rows": 1012920,
                                        "Actual Loops": 1,
                                        "Filter": "(production_year > 2005)",
                                        "Rows Removed by Filter": 1515392
                                      }
                                    ]
                                  }
                                ]
                              },
                              {
                                "Node Type": "Index Scan",
                                "Parent Relationship": "Inner",
                                "Parallel Aware": false,
                                "Scan Direction": "Forward",
                                "Index Name": "movie_id_movie_companies",
                                "Relation Name": "movie_companies",
                                "Alias": "mc",
                                "Startup Cost": 0.43,
                                "Total Cost": 0.65,
                                "Plan Rows": 1,
                                "Plan Width": 8,
                                "Actual Startup Time": 0.003,
                                "Actual Total Time": 0.003,
                                "Actual Rows": 0,
                                "Actual Loops": 47401,
                                "Index Cond": "(movie_id = t.id)",
                                "Rows Removed by Index Recheck": 0,
                                "Filter": "((note !~~ '%(TV)%'::text) AND (note ~~ '%(USA)%'::text))",
                                "Rows Removed by Filter": 2
                              }
                            ]
                          }
                        ]
                      },
                      {
                        "Node Type": "Sort",
                        "Parent Relationship": "Inner",
                        "Parallel Aware": false,
                        "Startup Cost": 5.98,
                        "Total Cost": 6.27,
                        "Plan Rows": 113,
                        "Plan Width": 4,
                        "Actual Startup Time": 0.038,
                        "Actual Total Time": 0.039,
                        "Actual Rows": 18,
                        "Actual Loops": 1,
                        "Sort Key": [
                          "it.id"
                        ],
                        "Sort Method": "quicksort",
                        "Sort Space Used": 30,
                        "Sort Space Type": "Memory",
                        "Plans": [
                          {
                            "Node Type": "Seq Scan",
                            "Parent Relationship": "Outer",
                            "Parallel Aware": false,
                            "Relation Name": "info_type",
                            "Alias": "it",
                            "Startup Cost": 0.0,
                            "Total Cost": 2.13,
                            "Plan Rows": 113,
                            "Plan Width": 4,
                            "Actual Startup Time": 0.013,
                            "Actual Total Time": 0.022,
                            "Actual Rows": 113,
                            "Actual Loops": 1
                          }
                        ]
                      }
                    ]
                  },
                  {
                    "Node Type": "Hash",
                    "Parent Relationship": "Inner",
                    "Parallel Aware": false,
                    "Startup Cost": 1.05,
                    "Total Cost": 1.05,
                    "Plan Rows": 1,
                    "Plan Width": 4,
                    "Actual Startup Time": 0.03,
                    "Actual Total Time": 0.03,
                    "Actual Rows": 1,
                    "Actual Loops": 1,
                    "Hash Buckets": 1024,
                    "Original Hash Buckets": 1024,
                    "Hash Batches": 1,
                    "Original Hash Batches": 1,
                    "Peak Memory Usage": 9,
                    "Plans": [
                      {
                        "Node Type": "Seq Scan",
                        "Parent Relationship": "Outer",
                        "Parallel Aware": false,
                        "Relation Name": "company_type",
                        "Alias": "ct",
                        "Startup Cost": 0.0,
                        "Total Cost": 1.05,
                        "Plan Rows": 1,
                        "Plan Width": 4,
                        "Actual Startup Time": 0.021,
                        "Actual Total Time": 0.023,
                        "Actual Rows": 1,
                        "Actual Loops": 1,
                        "Filter": "((kind)::text = 'production companies'::text)",
                        "Rows Removed by Filter": 3
                      }
                    ]
                  }
                ]
              }
            ]
          }
        ]
      }
    ]
  },
  "Planning Time": 1.548,
  "Triggers": [],
  "Execution Time": 3562.537
}