[
  {
    "Plan": {
      "Node Type": "Aggregate",
      "Strategy": "Plain",
      "Partial Mode": "Finalize",
      "Parallel Aware": false,
      "Startup Cost": 350744.71,
      "Total Cost": 350744.72,
      "Plan Rows": 1,
      "Plan Width": 8,
      "Actual Startup Time": 713.973,
      "Actual Total Time": 739.65,
      "Actual Rows": 1,
      "Actual Loops": 1,
      "Plans": [
        {
          "Node Type": "Gather",
          "Parent Relationship": "Outer",
          "Parallel Aware": false,
          "Startup Cost": 350744.09,
          "Total Cost": 350744.7,
          "Plan Rows": 6,
          "Plan Width": 8,
          "Actual Startup Time": 713.875,
          "Actual Total Time": 739.643,
          "Actual Rows": 7,
          "Actual Loops": 1,
          "Workers Planned": 6,
          "Workers Launched": 6,
          "Single Copy": false,
          "Plans": [
            {
              "Node Type": "Aggregate",
              "Strategy": "Plain",
              "Partial Mode": "Partial",
              "Parent Relationship": "Outer",
              "Parallel Aware": false,
              "Startup Cost": 349744.09,
              "Total Cost": 349744.1,
              "Plan Rows": 1,
              "Plan Width": 8,
              "Actual Startup Time": 709.852,
              "Actual Total Time": 709.853,
              "Actual Rows": 1,
              "Actual Loops": 7,
              "Plans": [
                {
                  "Node Type": "Seq Scan",
                  "Parent Relationship": "Outer",
                  "Parallel Aware": true,
                  "Relation Name": "cast_info",
                  "Alias": "ci",
                  "Startup Cost": 0.0,
                  "Total Cost": 343318.94,
                  "Plan Rows": 2570059,
                  "Plan Width": 0,
                  "Actual Startup Time": 316.303,
                  "Actual Total Time": 617.249,
                  "Actual Rows": 2099494,
                  "Actual Loops": 7,
                  "Filter": "((person_id < 3783038) AND (role_id > 2))",
                  "Rows Removed by Filter": 3078269
                }
              ]
            }
          ]
        }
      ]
    },
    "Planning Time": 0.132,
    "Triggers": [],
    "Execution Time": 739.685
  }
]