[
  {
    "Plan": {
      "Node Type": "Aggregate",
      "Strategy": "Plain",
      "Partial Mode": "Finalize",
      "Parallel Aware": false,
      "Startup Cost": 28843.63,
      "Total Cost": 28843.64,
      "Plan Rows": 1,
      "Plan Width": 8,
      "Actual Startup Time": 335.121,
      "Actual Total Time": 385.071,
      "Actual Rows": 1,
      "Actual Loops": 1,
      "Plans": [
        {
          "Node Type": "Gather",
          "Parent Relationship": "Outer",
          "Parallel Aware": false,
          "Startup Cost": 28843.52,
          "Total Cost": 28843.63,
          "Plan Rows": 1,
          "Plan Width": 8,
          "Actual Startup Time": 335.012,
          "Actual Total Time": 385.063,
          "Actual Rows": 2,
          "Actual Loops": 1,
          "Workers Planned": 1,
          "Workers Launched": 1,
          "Single Copy": false,
          "Plans": [
            {
              "Node Type": "Aggregate",
              "Strategy": "Plain",
              "Partial Mode": "Partial",
              "Parent Relationship": "Outer",
              "Parallel Aware": false,
              "Startup Cost": 27843.52,
              "Total Cost": 27843.53,
              "Plan Rows": 1,
              "Plan Width": 8,
              "Actual Startup Time": 328.643,
              "Actual Total Time": 328.645,
              "Actual Rows": 1,
              "Actual Loops": 2,
              "Plans": [
                {
                  "Node Type": "Nested Loop",
                  "Parent Relationship": "Outer",
                  "Parallel Aware": false,
                  "Join Type": "Inner",
                  "Startup Cost": 56.35,
                  "Total Cost": 27816.34,
                  "Plan Rows": 10871,
                  "Plan Width": 0,
                  "Actual Startup Time": 2.141,
                  "Actual Total Time": 324.831,
                  "Actual Rows": 48888,
                  "Actual Loops": 2,
                  "Inner Unique": false,
                  "Plans": [
                    {
                      "Node Type": "Nested Loop",
                      "Parent Relationship": "Outer",
                      "Parallel Aware": false,
                      "Join Type": "Inner",
                      "Startup Cost": 55.78,
                      "Total Cost": 24054.72,
                      "Plan Rows": 1739,
                      "Plan Width": 8,
                      "Actual Startup Time": 1.874,
                      "Actual Total Time": 21.591,
                      "Actual Rows": 3264,
                      "Actual Loops": 2,
                      "Inner Unique": true,
                      "Plans": [
                        {
                          "Node Type": "Bitmap Heap Scan",
                          "Parent Relationship": "Outer",
                          "Parallel Aware": true,
                          "Relation Name": "movie_info",
                          "Alias": "mi",
                          "Startup Cost": 55.35,
                          "Total Cost": 10618.33,
                          "Plan Rows": 1739,
                          "Plan Width": 4,
                          "Actual Startup Time": 1.711,
                          "Actual Total Time": 4.8,
                          "Actual Rows": 3264,
                          "Actual Loops": 2,
                          "Recheck Cond": "(info_type_id = 76)",
                          "Rows Removed by Index Recheck": 0,
                          "Exact Heap Blocks": 942,
                          "Lossy Heap Blocks": 0,
                          "Plans": [
                            {
                              "Node Type": "Bitmap Index Scan",
                              "Parent Relationship": "Outer",
                              "Parallel Aware": false,
                              "Index Name": "info_type_id_movie_info",
                              "Startup Cost": 0.0,
                              "Total Cost": 54.61,
                              "Plan Rows": 2957,
                              "Plan Width": 0,
                              "Actual Startup Time": 2.651,
                              "Actual Total Time": 2.652,
                              "Actual Rows": 6527,
                              "Actual Loops": 1,
                              "Index Cond": "(info_type_id = 76)"
                            }
                          ]
                        },
                        {
                          "Node Type": "Index Only Scan",
                          "Parent Relationship": "Inner",
                          "Parallel Aware": false,
                          "Scan Direction": "Forward",
                          "Index Name": "title_pkey",
                          "Relation Name": "title",
                          "Alias": "t",
                          "Startup Cost": 0.43,
                          "Total Cost": 7.73,
                          "Plan Rows": 1,
                          "Plan Width": 4,
                          "Actual Startup Time": 0.005,
                          "Actual Total Time": 0.005,
                          "Actual Rows": 1,
                          "Actual Loops": 6527,
                          "Index Cond": "(id = mi.movie_id)",
                          "Rows Removed by Index Recheck": 0,
                          "Heap Fetches": 6527
                        }
                      ]
                    },
                    {
                      "Node Type": "Index Scan",
                      "Parent Relationship": "Inner",
                      "Parallel Aware": false,
                      "Scan Direction": "Forward",
                      "Index Name": "movie_id_cast_info",
                      "Relation Name": "cast_info",
                      "Alias": "ci",
                      "Startup Cost": 0.56,
                      "Total Cost": 2.0,
                      "Plan Rows": 16,
                      "Plan Width": 4,
                      "Actual Startup Time": 0.042,
                      "Actual Total Time": 0.091,
                      "Actual Rows": 15,
                      "Actual Loops": 6527,
                      "Index Cond": "(movie_id = t.id)",
                      "Rows Removed by Index Recheck": 0,
                      "Filter": "((person_id > 1795387) AND (role_id < 10))",
                      "Rows Removed by Filter": 62
                    }
                  ]
                }
              ]
            }
          ]
        }
      ]
    },
    "Planning Time": 1.403,
    "Triggers": [],
    "Execution Time": 385.186
  }
]