[
  {
    "Plan": {
      "Node Type": "Aggregate",
      "Strategy": "Plain",
      "Partial Mode": "Finalize",
      "Parallel Aware": false,
      "Startup Cost": 224012.91,
      "Total Cost": 224012.92,
      "Plan Rows": 1,
      "Plan Width": 8,
      "Actual Startup Time": 161.842,
      "Actual Total Time": 187.932,
      "Actual Rows": 1,
      "Actual Loops": 1,
      "Plans": [
        {
          "Node Type": "Gather",
          "Parent Relationship": "Outer",
          "Parallel Aware": false,
          "Startup Cost": 224012.49,
          "Total Cost": 224012.9,
          "Plan Rows": 4,
          "Plan Width": 8,
          "Actual Startup Time": 161.528,
          "Actual Total Time": 187.914,
          "Actual Rows": 5,
          "Actual Loops": 1,
          "Workers Planned": 4,
          "Workers Launched": 4,
          "Single Copy": false,
          "Plans": [
            {
              "Node Type": "Aggregate",
              "Strategy": "Plain",
              "Partial Mode": "Partial",
              "Parent Relationship": "Outer",
              "Parallel Aware": false,
              "Startup Cost": 223012.49,
              "Total Cost": 223012.5,
              "Plan Rows": 1,
              "Plan Width": 8,
              "Actual Startup Time": 151.24,
              "Actual Total Time": 151.241,
              "Actual Rows": 1,
              "Actual Loops": 5,
              "Plans": [
                {
                  "Node Type": "Nested Loop",
                  "Parent Relationship": "Outer",
                  "Parallel Aware": false,
                  "Join Type": "Inner",
                  "Startup Cost": 0.43,
                  "Total Cost": 222989.13,
                  "Plan Rows": 9344,
                  "Plan Width": 0,
                  "Actual Startup Time": 0.406,
                  "Actual Total Time": 150.389,
                  "Actual Rows": 8032,
                  "Actual Loops": 5,
                  "Inner Unique": false,
                  "Plans": [
                    {
                      "Node Type": "Seq Scan",
                      "Parent Relationship": "Outer",
                      "Parallel Aware": true,
                      "Relation Name": "title",
                      "Alias": "t",
                      "Startup Cost": 0.0,
                      "Total Cost": 43899.32,
                      "Plan Rows": 3835,
                      "Plan Width": 4,
                      "Actual Startup Time": 0.189,
                      "Actual Total Time": 79.133,
                      "Actual Rows": 2985,
                      "Actual Loops": 5,
                      "Filter": "(production_year = 1979)",
                      "Rows Removed by Filter": 502677
                    },
                    {
                      "Node Type": "Index Scan",
                      "Parent Relationship": "Inner",
                      "Parallel Aware": false,
                      "Scan Direction": "Forward",
                      "Index Name": "movie_id_movie_info",
                      "Relation Name": "movie_info",
                      "Alias": "mi",
                      "Startup Cost": 0.43,
                      "Total Cost": 46.53,
                      "Plan Rows": 17,
                      "Plan Width": 4,
                      "Actual Startup Time": 0.014,
                      "Actual Total Time": 0.023,
                      "Actual Rows": 3,
                      "Actual Loops": 14926,
                      "Index Cond": "(movie_id = t.id)",
                      "Rows Removed by Index Recheck": 0,
                      "Filter": "(info_type_id > 8)",
                      "Rows Removed by Filter": 4
                    }
                  ]
                }
              ]
            }
          ]
        }
      ]
    },
    "Planning Time": 0.644,
    "Triggers": [],
    "Execution Time": 188.002
  }
]