[
  {
    "Plan": {
      "Node Type": "Aggregate",
      "Strategy": "Plain",
      "Partial Mode": "Finalize",
      "Parallel Aware": false,
      "Startup Cost": 32221.4,
      "Total Cost": 32221.41,
      "Plan Rows": 1,
      "Plan Width": 8,
      "Actual Startup Time": 117.448,
      "Actual Total Time": 125.575,
      "Actual Rows": 1,
      "Actual Loops": 1,
      "Plans": [
        {
          "Node Type": "Gather",
          "Parent Relationship": "Outer",
          "Parallel Aware": false,
          "Startup Cost": 32221.08,
          "Total Cost": 32221.39,
          "Plan Rows": 3,
          "Plan Width": 8,
          "Actual Startup Time": 117.323,
          "Actual Total Time": 125.568,
          "Actual Rows": 4,
          "Actual Loops": 1,
          "Workers Planned": 3,
          "Workers Launched": 3,
          "Single Copy": false,
          "Plans": [
            {
              "Node Type": "Aggregate",
              "Strategy": "Plain",
              "Partial Mode": "Partial",
              "Parent Relationship": "Outer",
              "Parallel Aware": false,
              "Startup Cost": 31221.08,
              "Total Cost": 31221.09,
              "Plan Rows": 1,
              "Plan Width": 8,
              "Actual Startup Time": 110.262,
              "Actual Total Time": 110.263,
              "Actual Rows": 1,
              "Actual Loops": 4,
              "Plans": [
                {
                  "Node Type": "Seq Scan",
                  "Parent Relationship": "Outer",
                  "Parallel Aware": true,
                  "Relation Name": "movie_companies",
                  "Alias": "mc",
                  "Startup Cost": 0.0,
                  "Total Cost": 29310.68,
                  "Plan Rows": 764161,
                  "Plan Width": 0,
                  "Actual Startup Time": 0.067,
                  "Actual Total Time": 82.769,
                  "Actual Rows": 592599,
                  "Actual Loops": 4,
                  "Filter": "(company_id > 93)",
                  "Rows Removed by Filter": 59683
                }
              ]
            }
          ]
        }
      ]
    },
    "Planning Time": 0.154,
    "Triggers": [],
    "Execution Time": 125.62
  }
]