[
  {
    "Plan": {
      "Node Type": "Aggregate",
      "Strategy": "Plain",
      "Partial Mode": "Finalize",
      "Parallel Aware": false,
      "Startup Cost": 23442.22,
      "Total Cost": 23442.23,
      "Plan Rows": 1,
      "Plan Width": 8,
      "Actual Startup Time": 45.207,
      "Actual Total Time": 51.119,
      "Actual Rows": 1,
      "Actual Loops": 1,
      "Plans": [
        {
          "Node Type": "Gather",
          "Parent Relationship": "Outer",
          "Parallel Aware": false,
          "Startup Cost": 23442.0,
          "Total Cost": 23442.21,
          "Plan Rows": 2,
          "Plan Width": 8,
          "Actual Startup Time": 44.975,
          "Actual Total Time": 51.113,
          "Actual Rows": 3,
          "Actual Loops": 1,
          "Workers Planned": 2,
          "Workers Launched": 2,
          "Single Copy": false,
          "Plans": [
            {
              "Node Type": "Aggregate",
              "Strategy": "Plain",
              "Partial Mode": "Partial",
              "Parent Relationship": "Outer",
              "Parallel Aware": false,
              "Startup Cost": 22442.0,
              "Total Cost": 22442.01,
              "Plan Rows": 1,
              "Plan Width": 8,
              "Actual Startup Time": 37.054,
              "Actual Total Time": 37.056,
              "Actual Rows": 1,
              "Actual Loops": 3,
              "Plans": [
                {
                  "Node Type": "Nested Loop",
                  "Parent Relationship": "Outer",
                  "Parallel Aware": false,
                  "Join Type": "Inner",
                  "Startup Cost": 80.26,
                  "Total Cost": 22436.85,
                  "Plan Rows": 2060,
                  "Plan Width": 0,
                  "Actual Startup Time": 1.331,
                  "Actual Total Time": 36.756,
                  "Actual Rows": 1750,
                  "Actual Loops": 3,
                  "Inner Unique": false,
                  "Plans": [
                    {
                      "Node Type": "Nested Loop",
                      "Parent Relationship": "Outer",
                      "Parallel Aware": false,
                      "Join Type": "Inner",
                      "Startup Cost": 79.82,
                      "Total Cost": 19947.15,
                      "Plan Rows": 1450,
                      "Plan Width": 8,
                      "Actual Startup Time": 0.898,
                      "Actual Total Time": 12.394,
                      "Actual Rows": 1189,
                      "Actual Loops": 3,
                      "Inner Unique": true,
                      "Plans": [
                        {
                          "Node Type": "Bitmap Heap Scan",
                          "Parent Relationship": "Outer",
                          "Parallel Aware": true,
                          "Relation Name": "movie_companies",
                          "Alias": "mc",
                          "Startup Cost": 79.39,
                          "Total Cost": 8903.62,
                          "Plan Rows": 1450,
                          "Plan Width": 4,
                          "Actual Startup Time": 0.763,
                          "Actual Total Time": 1.986,
                          "Actual Rows": 1189,
                          "Actual Loops": 3,
                          "Recheck Cond": "(company_id = 46)",
                          "Rows Removed by Index Recheck": 0,
                          "Exact Heap Blocks": 334,
                          "Lossy Heap Blocks": 0,
                          "Plans": [
                            {
                              "Node Type": "Bitmap Index Scan",
                              "Parent Relationship": "Outer",
                              "Parallel Aware": false,
                              "Index Name": "company_id_movie_companies",
                              "Startup Cost": 0.0,
                              "Total Cost": 78.52,
                              "Plan Rows": 3479,
                              "Plan Width": 0,
                              "Actual Startup Time": 1.75,
                              "Actual Total Time": 1.751,
                              "Actual Rows": 3567,
                              "Actual Loops": 1,
                              "Index Cond": "(company_id = 46)"
                            }
                          ]
                        },
                        {
                          "Node Type": "Index Only Scan",
                          "Parent Relationship": "Inner",
                          "Parallel Aware": false,
                          "Scan Direction": "Forward",
                          "Index Name": "title_pkey",
                          "Relation Name": "title",
                          "Alias": "t",
                          "Startup Cost": 0.43,
                          "Total Cost": 7.62,
                          "Plan Rows": 1,
                          "Plan Width": 4,
                          "Actual Startup Time": 0.008,
                          "Actual Total Time": 0.008,
                          "Actual Rows": 1,
                          "Actual Loops": 3567,
                          "Index Cond": "(id = mc.movie_id)",
                          "Rows Removed by Index Recheck": 0,
                          "Heap Fetches": 3567
                        }
                      ]
                    },
                    {
                      "Node Type": "Index Scan",
                      "Parent Relationship": "Inner",
                      "Parallel Aware": false,
                      "Scan Direction": "Forward",
                      "Index Name": "movie_id_movie_info",
                      "Relation Name": "movie_info",
                      "Alias": "mi",
                      "Startup Cost": 0.43,
                      "Total Cost": 1.62,
                      "Plan Rows": 10,
                      "Plan Width": 4,
                      "Actual Startup Time": 0.009,
                      "Actual Total Time": 0.02,
                      "Actual Rows": 1,
                      "Actual Loops": 3567,
                      "Index Cond": "(movie_id = t.id)",
                      "Rows Removed by Index Recheck": 0,
                      "Filter": "(info_type_id < 4)",
                      "Rows Removed by Filter": 15
                    }
                  ]
                }
              ]
            }
          ]
        }
      ]
    },
    "Planning Time": 1.171,
    "Triggers": [],
    "Execution Time": 51.192
  }
]