[
  {
    "Plan": {
      "Node Type": "Aggregate",
      "Strategy": "Plain",
      "Partial Mode": "Finalize",
      "Parallel Aware": false,
      "Startup Cost": 319997.53,
      "Total Cost": 319997.54,
      "Plan Rows": 1,
      "Plan Width": 8,
      "Actual Startup Time": 247.355,
      "Actual Total Time": 258.877,
      "Actual Rows": 1,
      "Actual Loops": 1,
      "Plans": [
        {
          "Node Type": "Gather",
          "Parent Relationship": "Outer",
          "Parallel Aware": false,
          "Startup Cost": 319996.91,
          "Total Cost": 319997.52,
          "Plan Rows": 6,
          "Plan Width": 8,
          "Actual Startup Time": 246.738,
          "Actual Total Time": 258.863,
          "Actual Rows": 7,
          "Actual Loops": 1,
          "Workers Planned": 6,
          "Workers Launched": 6,
          "Single Copy": false,
          "Plans": [
            {
              "Node Type": "Aggregate",
              "Strategy": "Plain",
              "Partial Mode": "Partial",
              "Parent Relationship": "Outer",
              "Parallel Aware": false,
              "Startup Cost": 318996.91,
              "Total Cost": 318996.92,
              "Plan Rows": 1,
              "Plan Width": 8,
              "Actual Startup Time": 236.889,
              "Actual Total Time": 236.891,
              "Actual Rows": 1,
              "Actual Loops": 7,
              "Plans": [
                {
                  "Node Type": "Bitmap Heap Scan",
                  "Parent Relationship": "Outer",
                  "Parallel Aware": true,
                  "Relation Name": "cast_info",
                  "Alias": "ci",
                  "Startup Cost": 59565.19,
                  "Total Cost": 317872.79,
                  "Plan Rows": 449648,
                  "Plan Width": 0,
                  "Actual Startup Time": 120.989,
                  "Actual Total Time": 215.497,
                  "Actual Rows": 399939,
                  "Actual Loops": 7,
                  "Recheck Cond": "(person_id < 269441)",
                  "Rows Removed by Index Recheck": 0,
                  "Exact Heap Blocks": 6482,
                  "Lossy Heap Blocks": 0,
                  "Plans": [
                    {
                      "Node Type": "Bitmap Index Scan",
                      "Parent Relationship": "Outer",
                      "Parallel Aware": false,
                      "Index Name": "person_id_cast_info",
                      "Startup Cost": 0.0,
                      "Total Cost": 58890.72,
                      "Plan Rows": 2697887,
                      "Plan Width": 0,
                      "Actual Startup Time": 125.004,
                      "Actual Total Time": 125.005,
                      "Actual Rows": 2799573,
                      "Actual Loops": 1,
                      "Index Cond": "(person_id < 269441)"
                    }
                  ]
                }
              ]
            }
          ]
        }
      ]
    },
    "Planning Time": 0.176,
    "Triggers": [],
    "Execution Time": 258.95
  }
]