[
  {
    "Plan": {
      "Node Type": "Aggregate",
      "Strategy": "Plain",
      "Partial Mode": "Finalize",
      "Parallel Aware": false,
      "Startup Cost": 39637.47,
      "Total Cost": 39637.48,
      "Plan Rows": 1,
      "Plan Width": 8,
      "Actual Startup Time": 43.938,
      "Actual Total Time": 49.405,
      "Actual Rows": 1,
      "Actual Loops": 1,
      "Plans": [
        {
          "Node Type": "Gather",
          "Parent Relationship": "Outer",
          "Parallel Aware": false,
          "Startup Cost": 39637.05,
          "Total Cost": 39637.46,
          "Plan Rows": 4,
          "Plan Width": 8,
          "Actual Startup Time": 43.673,
          "Actual Total Time": 49.399,
          "Actual Rows": 5,
          "Actual Loops": 1,
          "Workers Planned": 4,
          "Workers Launched": 4,
          "Single Copy": false,
          "Plans": [
            {
              "Node Type": "Aggregate",
              "Strategy": "Plain",
              "Partial Mode": "Partial",
              "Parent Relationship": "Outer",
              "Parallel Aware": false,
              "Startup Cost": 38637.05,
              "Total Cost": 38637.06,
              "Plan Rows": 1,
              "Plan Width": 8,
              "Actual Startup Time": 34.033,
              "Actual Total Time": 34.034,
              "Actual Rows": 1,
              "Actual Loops": 5,
              "Plans": [
                {
                  "Node Type": "Bitmap Heap Scan",
                  "Parent Relationship": "Outer",
                  "Parallel Aware": true,
                  "Relation Name": "title",
                  "Alias": "t",
                  "Startup Cost": 2171.96,
                  "Total Cost": 38625.39,
                  "Plan Rows": 4663,
                  "Plan Width": 0,
                  "Actual Startup Time": 2.143,
                  "Actual Total Time": 33.696,
                  "Actual Rows": 2669,
                  "Actual Loops": 5,
                  "Recheck Cond": "(kind_id = 4)",
                  "Rows Removed by Index Recheck": 0,
                  "Filter": "(production_year > 2010)",
                  "Rows Removed by Filter": 20978,
                  "Exact Heap Blocks": 6920,
                  "Lossy Heap Blocks": 0,
                  "Plans": [
                    {
                      "Node Type": "Bitmap Index Scan",
                      "Parent Relationship": "Outer",
                      "Parallel Aware": false,
                      "Index Name": "kind_id_title",
                      "Startup Cost": 0.0,
                      "Total Cost": 2167.3,
                      "Plan Rows": 121449,
                      "Plan Width": 0,
                      "Actual Startup Time": 7.183,
                      "Actual Total Time": 7.183,
                      "Actual Rows": 118234,
                      "Actual Loops": 1,
                      "Index Cond": "(kind_id = 4)"
                    }
                  ]
                }
              ]
            }
          ]
        }
      ]
    },
    "Planning Time": 0.06,
    "Triggers": [],
    "Execution Time": 49.435
  }
]