[
  {
    "Plan": {
      "Node Type": "Aggregate",
      "Strategy": "Plain",
      "Partial Mode": "Finalize",
      "Parallel Aware": false,
      "Startup Cost": 39654.15,
      "Total Cost": 39654.16,
      "Plan Rows": 1,
      "Plan Width": 8,
      "Actual Startup Time": 53.218,
      "Actual Total Time": 59.078,
      "Actual Rows": 1,
      "Actual Loops": 1,
      "Plans": [
        {
          "Node Type": "Gather",
          "Parent Relationship": "Outer",
          "Parallel Aware": false,
          "Startup Cost": 39653.73,
          "Total Cost": 39654.14,
          "Plan Rows": 4,
          "Plan Width": 8,
          "Actual Startup Time": 52.938,
          "Actual Total Time": 59.071,
          "Actual Rows": 5,
          "Actual Loops": 1,
          "Workers Planned": 4,
          "Workers Launched": 4,
          "Single Copy": false,
          "Plans": [
            {
              "Node Type": "Aggregate",
              "Strategy": "Plain",
              "Partial Mode": "Partial",
              "Parent Relationship": "Outer",
              "Parallel Aware": false,
              "Startup Cost": 38653.73,
              "Total Cost": 38653.74,
              "Plan Rows": 1,
              "Plan Width": 8,
              "Actual Startup Time": 47.145,
              "Actual Total Time": 47.146,
              "Actual Rows": 1,
              "Actual Loops": 5,
              "Plans": [
                {
                  "Node Type": "Bitmap Heap Scan",
                  "Parent Relationship": "Outer",
                  "Parallel Aware": true,
                  "Relation Name": "title",
                  "Alias": "t",
                  "Startup Cost": 2185.66,
                  "Total Cost": 38641.92,
                  "Plan Rows": 4726,
                  "Plan Width": 0,
                  "Actual Startup Time": 14.344,
                  "Actual Total Time": 46.793,
                  "Actual Rows": 2669,
                  "Actual Loops": 5,
                  "Recheck Cond": "(kind_id = 4)",
                  "Rows Removed by Index Recheck": 0,
                  "Filter": "(production_year > 2010)",
                  "Rows Removed by Filter": 20978,
                  "Exact Heap Blocks": 7353,
                  "Lossy Heap Blocks": 0,
                  "Plans": [
                    {
                      "Node Type": "Bitmap Index Scan",
                      "Parent Relationship": "Outer",
                      "Parallel Aware": false,
                      "Index Name": "kind_id_title",
                      "Startup Cost": 0.0,
                      "Total Cost": 2180.94,
                      "Plan Rows": 122201,
                      "Plan Width": 0,
                      "Actual Startup Time": 15.045,
                      "Actual Total Time": 15.046,
                      "Actual Rows": 118234,
                      "Actual Loops": 1,
                      "Index Cond": "(kind_id = 4)"
                    }
                  ]
                }
              ]
            }
          ]
        }
      ]
    },
    "Planning Time": 0.157,
    "Triggers": [],
    "Execution Time": 59.14
  }
]