[
  {
    "Plan": {
      "Node Type": "Aggregate",
      "Strategy": "Plain",
      "Partial Mode": "Simple",
      "Parallel Aware": false,
      "Startup Cost": 268817.09,
      "Total Cost": 268817.1,
      "Plan Rows": 1,
      "Plan Width": 64,
      "Actual Startup Time": 6126.38,
      "Actual Total Time": 6126.386,
      "Actual Rows": 1,
      "Actual Loops": 1,
      "Output": [
        "min(t.title)",
        "min(pi.info)"
      ],
      "Plans": [
        {
          "Node Type": "Nested Loop",
          "Parent Relationship": "Outer",
          "Parallel Aware": false,
          "Join Type": "Inner",
          "Startup Cost": 151792.95,
          "Total Cost": 268817.03,
          "Plan Rows": 12,
          "Plan Width": 114,
          "Actual Startup Time": 2543.036,
          "Actual Total Time": 6125.533,
          "Actual Rows": 1943,
          "Actual Loops": 1,
          "Output": [
            "t.title",
            "pi.info"
          ],
          "Inner Unique": false,
          "Plans": [
            {
              "Node Type": "Seq Scan",
              "Parent Relationship": "Outer",
              "Parallel Aware": false,
              "Relation Name": "info_type",
              "Schema": "public",
              "Alias": "it2",
              "Startup Cost": 0.0,
              "Total Cost": 2.41,
              "Plan Rows": 1,
              "Plan Width": 4,
              "Actual Startup Time": 0.107,
              "Actual Total Time": 0.115,
              "Actual Rows": 1,
              "Actual Loops": 1,
              "Output": [
                "it2.id",
                "it2.info"
              ],
              "Filter": "(it2.id = 3)",
              "Rows Removed by Filter": 112
            },
            {
              "Node Type": "Nested Loop",
              "Parent Relationship": "Inner",
              "Parallel Aware": false,
              "Join Type": "Inner",
              "Startup Cost": 151792.95,
              "Total Cost": 268814.49,
              "Plan Rows": 12,
              "Plan Width": 118,
              "Actual Startup Time": 2542.923,
              "Actual Total Time": 6125.039,
              "Actual Rows": 1943,
              "Actual Loops": 1,
              "Output": [
                "pi.info",
                "t.title",
                "mi.info_type_id"
              ],
              "Inner Unique": true,
              "Join Filter": "(mi.movie_id = t.id)",
              "Rows Removed by Join Filter": 0,
              "Plans": [
                {
                  "Node Type": "Nested Loop",
                  "Parent Relationship": "Outer",
                  "Parallel Aware": false,
                  "Join Type": "Inner",
                  "Startup Cost": 151792.52,
                  "Total Cost": 268799.62,
                  "Plan Rows": 32,
                  "Plan Width": 109,
                  "Actual Startup Time": 2542.871,
                  "Actual Total Time": 6101.174,
                  "Actual Rows": 1943,
                  "Actual Loops": 1,
                  "Output": [
                    "pi.info",
                    "ci.movie_id",
                    "mi.movie_id",
                    "mi.info_type_id"
                  ],
                  "Inner Unique": false,
                  "Plans": [
                    {
                      "Node Type": "Hash Join",
                      "Parent Relationship": "Outer",
                      "Parallel Aware": false,
                      "Join Type": "Inner",
                      "Startup Cost": 151792.09,
                      "Total Cost": 250892.95,
                      "Plan Rows": 12665,
                      "Plan Width": 101,
                      "Actual Startup Time": 2539.009,
                      "Actual Total Time": 3163.101,
                      "Actual Rows": 252688,
                      "Actual Loops": 1,
                      "Output": [
                        "pi.info",
                        "ci.movie_id"
                      ],
                      "Inner Unique": true,
                      "Hash Cond": "(ci.person_id = n.id)",
                      "Plans": [
                        {
                          "Node Type": "Nested Loop",
                          "Parent Relationship": "Outer",
                          "Parallel Aware": false,
                          "Join Type": "Inner",
                          "Startup Cost": 2406.26,
                          "Total Cost": 90074.82,
                          "Plan Rows": 4355160,
                          "Plan Width": 109,
                          "Actual Startup Time": 58.944,
                          "Actual Total Time": 621.821,
                          "Actual Rows": 252688,
                          "Actual Loops": 1,
                          "Output": [
                            "pi.info",
                            "pi.person_id",
                            "ci.movie_id",
                            "ci.person_id"
                          ],
                          "Inner Unique": false,
                          "Plans": [
                            {
                              "Node Type": "Nested Loop",
                              "Parent Relationship": "Outer",
                              "Parallel Aware": false,
                              "Join Type": "Inner",
                              "Startup Cost": 2405.7,
                              "Total Cost": 55556.75,
                              "Plan Rows": 1457,
                              "Plan Width": 101,
                              "Actual Startup Time": 58.848,
                              "Actual Total Time": 350.961,
                              "Actual Rows": 9858,
                              "Actual Loops": 1,
                              "Output": [
                                "pi.info",
                                "pi.person_id"
                              ],
                              "Inner Unique": false,
                              "Plans": [
                                {
                                  "Node Type": "Seq Scan",
                                  "Parent Relationship": "Outer",
                                  "Parallel Aware": false,
                                  "Relation Name": "info_type",
                                  "Schema": "public",
                                  "Alias": "it1",
                                  "Startup Cost": 0.0,
                                  "Total Cost": 2.41,
                                  "Plan Rows": 1,
                                  "Plan Width": 4,
                                  "Actual Startup Time": 0.037,
                                  "Actual Total Time": 0.069,
                                  "Actual Rows": 1,
                                  "Actual Loops": 1,
                                  "Output": [
                                    "it1.id",
                                    "it1.info"
                                  ],
                                  "Filter": "((it1.info)::text ~~* 'birth date'::text)",
                                  "Rows Removed by Filter": 112
                                },
                                {
                                  "Node Type": "Bitmap Heap Scan",
                                  "Parent Relationship": "Inner",
                                  "Parallel Aware": false,
                                  "Relation Name": "person_info",
                                  "Schema": "public",
                                  "Alias": "pi",
                                  "Startup Cost": 2405.7,
                                  "Total Cost": 55479.49,
                                  "Plan Rows": 7484,
                                  "Plan Width": 105,
                                  "Actual Startup Time": 58.8,
                                  "Actual Total Time": 349.188,
                                  "Actual Rows": 9858,
                                  "Actual Loops": 1,
                                  "Output": [
                                    "pi.id",
                                    "pi.person_id",
                                    "pi.info_type_id",
                                    "pi.info",
                                    "pi.note"
                                  ],
                                  "Recheck Cond": "(pi.info_type_id = it1.id)",
                                  "Rows Removed by Index Recheck": 0,
                                  "Filter": "(pi.info ~~* '%199%'::text)",
                                  "Rows Removed by Filter": 343424,
                                  "Exact Heap Blocks": 46437,
                                  "Lossy Heap Blocks": 0,
                                  "Plans": [
                                    {
                                      "Node Type": "Bitmap Index Scan",
                                      "Parent Relationship": "Outer",
                                      "Parallel Aware": false,
                                      "Index Name": "info_type_id_person_info",
                                      "Startup Cost": 0.0,
                                      "Total Cost": 2403.83,
                                      "Plan Rows": 134853,
                                      "Plan Width": 0,
                                      "Actual Startup Time": 48.819,
                                      "Actual Total Time": 48.819,
                                      "Actual Rows": 353282,
                                      "Actual Loops": 1,
                                      "Index Cond": "(pi.info_type_id = it1.id)"
                                    }
                                  ]
                                }
                              ]
                            },
                            {
                              "Node Type": "Index Scan",
                              "Parent Relationship": "Inner",
                              "Parallel Aware": false,
                              "Scan Direction": "Forward",
                              "Index Name": "person_id_cast_info",
                              "Relation Name": "cast_info",
                              "Schema": "public",
                              "Alias": "ci",
                              "Startup Cost": 0.56,
                              "Total Cost": 18.66,
                              "Plan Rows": 503,
                              "Plan Width": 8,
                              "Actual Startup Time": 0.015,
                              "Actual Total Time": 0.024,
                              "Actual Rows": 26,
                              "Actual Loops": 9858,
                              "Output": [
                                "ci.id",
                                "ci.person_id",
                                "ci.movie_id",
                                "ci.person_role_id",
                                "ci.note",
                                "ci.nr_order",
                                "ci.role_id"
                              ],
                              "Index Cond": "(ci.person_id = pi.person_id)",
                              "Rows Removed by Index Recheck": 0
                            }
                          ]
                        },
                        {
                          "Node Type": "Hash",
                          "Parent Relationship": "Inner",
                          "Parallel Aware": false,
                          "Startup Cost": 97289.81,
                          "Total Cost": 97289.81,
                          "Plan Rows": 4167681,
                          "Plan Width": 4,
                          "Actual Startup Time": 2457.143,
                          "Actual Total Time": 2457.143,
                          "Actual Rows": 4167491,
                          "Actual Loops": 1,
                          "Output": [
                            "n.id"
                          ],
                          "Hash Buckets": 4194304,
                          "Original Hash Buckets": 4194304,
                          "Hash Batches": 1,
                          "Original Hash Batches": 1,
                          "Peak Memory Usage": 179282,
                          "Plans": [
                            {
                              "Node Type": "Seq Scan",
                              "Parent Relationship": "Outer",
                              "Parallel Aware": false,
                              "Relation Name": "name",
                              "Schema": "public",
                              "Alias": "n",
                              "Startup Cost": 0.0,
                              "Total Cost": 97289.81,
                              "Plan Rows": 4167681,
                              "Plan Width": 4,
                              "Actual Startup Time": 0.04,
                              "Actual Total Time": 1012.683,
                              "Actual Rows": 4167491,
                              "Actual Loops": 1,
                              "Output": [
                                "n.id"
                              ]
                            }
                          ]
                        }
                      ]
                    },
                    {
                      "Node Type": "Index Scan",
                      "Parent Relationship": "Inner",
                      "Parallel Aware": false,
                      "Scan Direction": "Forward",
                      "Index Name": "movie_id_movie_info",
                      "Relation Name": "movie_info",
                      "Schema": "public",
                      "Alias": "mi",
                      "Startup Cost": 0.43,
                      "Total Cost": 1.4,
                      "Plan Rows": 1,
                      "Plan Width": 8,
                      "Actual Startup Time": 0.011,
                      "Actual Total Time": 0.011,
                      "Actual Rows": 0,
                      "Actual Loops": 252688,
                      "Output": [
                        "mi.id",
                        "mi.movie_id",
                        "mi.info_type_id",
                        "mi.info",
                        "mi.note"
                      ],
                      "Index Cond": "(mi.movie_id = ci.movie_id)",
                      "Rows Removed by Index Recheck": 0,
                      "Filter": "((mi.info ~~* '%sci%'::text) AND (mi.info_type_id = 3))",
                      "Rows Removed by Filter": 9
                    }
                  ]
                },
                {
                  "Node Type": "Index Scan",
                  "Parent Relationship": "Inner",
                  "Parallel Aware": false,
                  "Scan Direction": "Forward",
                  "Index Name": "title_pkey",
                  "Relation Name": "title",
                  "Schema": "public",
                  "Alias": "t",
                  "Startup Cost": 0.43,
                  "Total Cost": 0.45,
                  "Plan Rows": 1,
                  "Plan Width": 21,
                  "Actual Startup Time": 0.011,
                  "Actual Total Time": 0.011,
                  "Actual Rows": 1,
                  "Actual Loops": 1943,
                  "Output": [
                    "t.id",
                    "t.title",
                    "t.imdb_index",
                    "t.kind_id",
                    "t.production_year",
                    "t.imdb_id",
                    "t.phonetic_code",
                    "t.episode_of_id",
                    "t.season_nr",
                    "t.episode_nr",
                    "t.series_years",
                    "t.md5sum"
                  ],
                  "Index Cond": "(t.id = ci.movie_id)",
                  "Rows Removed by Index Recheck": 0
                }
              ]
            }
          ]
        }
      ]
    },
    "Planning Time": 16118.271,
    "Triggers": [],
    "Execution Time": 6130.662
  }
]