[
  {
    "Plan": {
      "Node Type": "Aggregate",
      "Strategy": "Plain",
      "Partial Mode": "Finalize",
      "Parallel Aware": false,
      "Startup Cost": 44905.9,
      "Total Cost": 44905.91,
      "Plan Rows": 1,
      "Plan Width": 8,
      "Actual Startup Time": 94.303,
      "Actual Total Time": 105.02,
      "Actual Rows": 1,
      "Actual Loops": 1,
      "Plans": [
        {
          "Node Type": "Gather",
          "Parent Relationship": "Outer",
          "Parallel Aware": false,
          "Startup Cost": 44905.48,
          "Total Cost": 44905.89,
          "Plan Rows": 4,
          "Plan Width": 8,
          "Actual Startup Time": 93.981,
          "Actual Total Time": 105.005,
          "Actual Rows": 5,
          "Actual Loops": 1,
          "Workers Planned": 4,
          "Workers Launched": 4,
          "Single Copy": false,
          "Plans": [
            {
              "Node Type": "Aggregate",
              "Strategy": "Plain",
              "Partial Mode": "Partial",
              "Parent Relationship": "Outer",
              "Parallel Aware": false,
              "Startup Cost": 43905.48,
              "Total Cost": 43905.49,
              "Plan Rows": 1,
              "Plan Width": 8,
              "Actual Startup Time": 86.111,
              "Actual Total Time": 86.112,
              "Actual Rows": 1,
              "Actual Loops": 5,
              "Plans": [
                {
                  "Node Type": "Seq Scan",
                  "Parent Relationship": "Outer",
                  "Parallel Aware": true,
                  "Relation Name": "title",
                  "Alias": "t",
                  "Startup Cost": 0.0,
                  "Total Cost": 43899.32,
                  "Plan Rows": 2465,
                  "Plan Width": 0,
                  "Actual Startup Time": 0.136,
                  "Actual Total Time": 85.838,
                  "Actual Rows": 2062,
                  "Actual Loops": 5,
                  "Filter": "(production_year = 1962)",
                  "Rows Removed by Filter": 503601
                }
              ]
            }
          ]
        }
      ]
    },
    "Planning Time": 0.161,
    "Triggers": [],
    "Execution Time": 105.13
  }
]