[
    {
        "Bao": {
            "Bao prediction": "NaN",
            "Bao recommended hint": "(no hint)"
        }
    },
    {
        "Plan": {
            "Node Type": "Aggregate",
            "Strategy": "Plain",
            "Partial Mode": "Finalize",
            "Parallel Aware": false,
            "Startup Cost": 31239.41,
            "Total Cost": 31239.42,
            "Plan Rows": 1,
            "Plan Width": 8,
            "Actual Startup Time": 107.852,
            "Actual Total Time": 115.899,
            "Actual Rows": 1,
            "Actual Loops": 1,
            "Output": [
                "count(*)"
            ],
            "Plans": [
                {
                    "Node Type": "Gather",
                    "Parent Relationship": "Outer",
                    "Parallel Aware": false,
                    "Startup Cost": 31239.1,
                    "Total Cost": 31239.41,
                    "Plan Rows": 3,
                    "Plan Width": 8,
                    "Actual Startup Time": 107.717,
                    "Actual Total Time": 115.891,
                    "Actual Rows": 4,
                    "Actual Loops": 1,
                    "Output": [
                        "(PARTIAL count(*))"
                    ],
                    "Workers Planned": 3,
                    "Workers Launched": 3,
                    "Single Copy": false,
                    "Plans": [
                        {
                            "Node Type": "Aggregate",
                            "Strategy": "Plain",
                            "Partial Mode": "Partial",
                            "Parent Relationship": "Outer",
                            "Parallel Aware": false,
                            "Startup Cost": 30239.1,
                            "Total Cost": 30239.11,
                            "Plan Rows": 1,
                            "Plan Width": 8,
                            "Actual Startup Time": 99.525,
                            "Actual Total Time": 99.527,
                            "Actual Rows": 1,
                            "Actual Loops": 4,
                            "Output": [
                                "PARTIAL count(*)"
                            ],
                            "Workers": [
                                {
                                    "Worker Number": 0,
                                    "Actual Startup Time": 96.93,
                                    "Actual Total Time": 96.932,
                                    "Actual Rows": 1,
                                    "Actual Loops": 1
                                },
                                {
                                    "Worker Number": 1,
                                    "Actual Startup Time": 96.677,
                                    "Actual Total Time": 96.679,
                                    "Actual Rows": 1,
                                    "Actual Loops": 1
                                },
                                {
                                    "Worker Number": 2,
                                    "Actual Startup Time": 97.09,
                                    "Actual Total Time": 97.092,
                                    "Actual Rows": 1,
                                    "Actual Loops": 1
                                }
                            ],
                            "Plans": [
                                {
                                    "Node Type": "Seq Scan",
                                    "Parent Relationship": "Outer",
                                    "Parallel Aware": true,
                                    "Relation Name": "movie_companies",
                                    "Schema": "public",
                                    "Alias": "mc",
                                    "Startup Cost": 0.0,
                                    "Total Cost": 29310.68,
                                    "Plan Rows": 371366,
                                    "Plan Width": 0,
                                    "Actual Startup Time": 0.052,
                                    "Actual Total Time": 82.053,
                                    "Actual Rows": 287177,
                                    "Actual Loops": 4,
                                    "Output": [
                                        "id",
                                        "movie_id",
                                        "company_id",
                                        "company_type_id",
                                        "note"
                                    ],
                                    "Filter": "(mc.company_id < 8948)",
                                    "Rows Removed by Filter": 365106,
                                    "Workers": [
                                        {
                                            "Worker Number": 0,
                                            "Actual Startup Time": 0.061,
                                            "Actual Total Time": 80.911,
                                            "Actual Rows": 188269,
                                            "Actual Loops": 1
                                        },
                                        {
                                            "Worker Number": 1,
                                            "Actual Startup Time": 0.066,
                                            "Actual Total Time": 81.11,
                                            "Actual Rows": 246059,
                                            "Actual Loops": 1
                                        },
                                        {
                                            "Worker Number": 2,
                                            "Actual Startup Time": 0.068,
                                            "Actual Total Time": 81.074,
                                            "Actual Rows": 188202,
                                            "Actual Loops": 1
                                        }
                                    ]
                                }
                            ]
                        }
                    ]
                }
            ]
        },
        "Planning Time": 183.881,
        "Triggers": [],
        "Execution Time": 115.945
    }
]