{
  "Plan": {
    "Node Type": "Aggregate",
    "Strategy": "Plain",
    "Partial Mode": "Finalize",
    "Parallel Aware": false,
    "Startup Cost": 84141.57,
    "Total Cost": 84141.58,
    "Plan Rows": 1,
    "Plan Width": 8,
    "Actual Startup Time": 364.124,
    "Actual Total Time": 375.461,
    "Actual Rows": 1,
    "Actual Loops": 1,
    "Plans": [
      {
        "Node Type": "Gather",
        "Parent Relationship": "Outer",
        "Parallel Aware": false,
        "Startup Cost": 84141.46,
        "Total Cost": 84141.57,
        "Plan Rows": 1,
        "Plan Width": 8,
        "Actual Startup Time": 363.674,
        "Actual Total Time": 375.453,
        "Actual Rows": 2,
        "Actual Loops": 1,
        "Workers Planned": 1,
        "Workers Launched": 1,
        "Single Copy": false,
        "Plans": [
          {
            "Node Type": "Aggregate",
            "Strategy": "Plain",
            "Partial Mode": "Partial",
            "Parent Relationship": "Outer",
            "Parallel Aware": false,
            "Startup Cost": 83141.46,
            "Total Cost": 83141.47,
            "Plan Rows": 1,
            "Plan Width": 8,
            "Actual Startup Time": 357.595,
            "Actual Total Time": 357.599,
            "Actual Rows": 1,
            "Actual Loops": 2,
            "Plans": [
              {
                "Node Type": "Hash Join",
                "Parent Relationship": "Outer",
                "Parallel Aware": true,
                "Join Type": "Inner",
                "Startup Cost": 22476.6,
                "Total Cost": 82992.53,
                "Plan Rows": 59572,
                "Plan Width": 0,
                "Actual Startup Time": 247.657,
                "Actual Total Time": 355.187,
                "Actual Rows": 47928,
                "Actual Loops": 2,
                "Inner Unique": false,
                "Hash Cond": "(t.id = mc.movie_id)",
                "Plans": [
                  {
                    "Node Type": "Seq Scan",
                    "Parent Relationship": "Outer",
                    "Parallel Aware": true,
                    "Relation Name": "title",
                    "Alias": "t",
                    "Startup Cost": 0.0,
                    "Total Cost": 50870.31,
                    "Plan Rows": 1487231,
                    "Plan Width": 4,
                    "Actual Startup Time": 0.01,
                    "Actual Total Time": 129.448,
                    "Actual Rows": 1264156,
                    "Actual Loops": 2
                  },
                  {
                    "Node Type": "Hash",
                    "Parent Relationship": "Inner",
                    "Parallel Aware": true,
                    "Startup Cost": 21731.95,
                    "Total Cost": 21731.95,
                    "Plan Rows": 59572,
                    "Plan Width": 4,
                    "Actual Startup Time": 44.519,
                    "Actual Total Time": 44.52,
                    "Actual Rows": 47928,
                    "Actual Loops": 2,
                    "Hash Buckets": 131072,
                    "Original Hash Buckets": 131072,
                    "Hash Batches": 1,
                    "Original Hash Batches": 1,
                    "Peak Memory Usage": 4800,
                    "Plans": [
                      {
                        "Node Type": "Bitmap Heap Scan",
                        "Parent Relationship": "Outer",
                        "Parallel Aware": true,
                        "Relation Name": "movie_companies",
                        "Alias": "mc",
                        "Startup Cost": 2197.3,
                        "Total Cost": 21731.95,
                        "Plan Rows": 59572,
                        "Plan Width": 4,
                        "Actual Startup Time": 8.897,
                        "Actual Total Time": 30.745,
                        "Actual Rows": 47928,
                        "Actual Loops": 2,
                        "Recheck Cond": "(company_id > 160070)",
                        "Rows Removed by Index Recheck": 0,
                        "Exact Heap Blocks": 2330,
                        "Lossy Heap Blocks": 0,
                        "Plans": [
                          {
                            "Node Type": "Bitmap Index Scan",
                            "Parent Relationship": "Outer",
                            "Parallel Aware": false,
                            "Index Name": "company_id_movie_companies",
                            "Startup Cost": 0.0,
                            "Total Cost": 2171.98,
                            "Plan Rows": 101273,
                            "Plan Width": 0,
                            "Actual Startup Time": 11.563,
                            "Actual Total Time": 11.563,
                            "Actual Rows": 95855,
                            "Actual Loops": 1,
                            "Index Cond": "(company_id > 160070)"
                          }
                        ]
                      }
                    ]
                  }
                ]
              }
            ]
          }
        ]
      }
    ]
  },
  "Planning Time": 0.653,
  "Triggers": [],
  "Execution Time": 375.553
}