[
    {
        "Bao": {
            "Bao prediction": "NaN",
            "Bao recommended hint": "(no hint)"
        }
    },
    {
        "Plan": {
            "Node Type": "Aggregate",
            "Strategy": "Plain",
            "Partial Mode": "Simple",
            "Parallel Aware": false,
            "Startup Cost": 20616.51,
            "Total Cost": 20616.52,
            "Plan Rows": 1,
            "Plan Width": 8,
            "Actual Startup Time": 15.33,
            "Actual Total Time": 15.331,
            "Actual Rows": 1,
            "Actual Loops": 1,
            "Output": [
                "count(*)"
            ],
            "Plans": [
                {
                    "Node Type": "Bitmap Heap Scan",
                    "Parent Relationship": "Outer",
                    "Parallel Aware": false,
                    "Relation Name": "movie_companies",
                    "Schema": "public",
                    "Alias": "mc",
                    "Startup Cost": 678.99,
                    "Total Cost": 20538.26,
                    "Plan Rows": 31298,
                    "Plan Width": 0,
                    "Actual Startup Time": 2.171,
                    "Actual Total Time": 12.343,
                    "Actual Rows": 32931,
                    "Actual Loops": 1,
                    "Recheck Cond": "(mc.company_id > 205269)",
                    "Rows Removed by Index Recheck": 0,
                    "Exact Heap Blocks": 1321,
                    "Lossy Heap Blocks": 0,
                    "Plans": [
                        {
                            "Node Type": "Bitmap Index Scan",
                            "Parent Relationship": "Outer",
                            "Parallel Aware": false,
                            "Index Name": "company_id_movie_companies",
                            "Startup Cost": 0.0,
                            "Total Cost": 671.16,
                            "Plan Rows": 31298,
                            "Plan Width": 0,
                            "Actual Startup Time": 1.862,
                            "Actual Total Time": 1.862,
                            "Actual Rows": 32931,
                            "Actual Loops": 1,
                            "Index Cond": "(mc.company_id > 205269)"
                        }
                    ]
                }
            ]
        },
        "Planning Time": 210.396,
        "Triggers": [],
        "Execution Time": 15.381
    }
]