[
  {
    "Plan": {
      "Node Type": "Aggregate",
      "Strategy": "Plain",
      "Partial Mode": "Finalize",
      "Parallel Aware": false,
      "Startup Cost": 288754.74,
      "Total Cost": 288754.75,
      "Plan Rows": 1,
      "Plan Width": 8,
      "Actual Startup Time": 814.644,
      "Actual Total Time": 870.082,
      "Actual Rows": 1,
      "Actual Loops": 1,
      "Plans": [
        {
          "Node Type": "Gather",
          "Parent Relationship": "Outer",
          "Parallel Aware": false,
          "Startup Cost": 288754.22,
          "Total Cost": 288754.73,
          "Plan Rows": 5,
          "Plan Width": 8,
          "Actual Startup Time": 808.208,
          "Actual Total Time": 870.07,
          "Actual Rows": 6,
          "Actual Loops": 1,
          "Workers Planned": 5,
          "Workers Launched": 5,
          "Single Copy": false,
          "Plans": [
            {
              "Node Type": "Aggregate",
              "Strategy": "Plain",
              "Partial Mode": "Partial",
              "Parent Relationship": "Outer",
              "Parallel Aware": false,
              "Startup Cost": 287754.22,
              "Total Cost": 287754.23,
              "Plan Rows": 1,
              "Plan Width": 8,
              "Actual Startup Time": 798.116,
              "Actual Total Time": 798.124,
              "Actual Rows": 1,
              "Actual Loops": 6,
              "Plans": [
                {
                  "Node Type": "Hash Join",
                  "Parent Relationship": "Outer",
                  "Parallel Aware": true,
                  "Join Type": "Inner",
                  "Startup Cost": 80036.15,
                  "Total Cost": 287142.24,
                  "Plan Rows": 244793,
                  "Plan Width": 0,
                  "Actual Startup Time": 275.286,
                  "Actual Total Time": 794.229,
                  "Actual Rows": 84068,
                  "Actual Loops": 6,
                  "Inner Unique": false,
                  "Hash Cond": "(mi.movie_id = t.id)",
                  "Plans": [
                    {
                      "Node Type": "Seq Scan",
                      "Parent Relationship": "Outer",
                      "Parallel Aware": true,
                      "Relation Name": "movie_info",
                      "Alias": "mi",
                      "Startup Cost": 0.0,
                      "Total Cost": 199108.24,
                      "Plan Rows": 1922185,
                      "Plan Width": 4,
                      "Actual Startup Time": 0.04,
                      "Actual Total Time": 356.72,
                      "Actual Rows": 1594192,
                      "Actual Loops": 6,
                      "Filter": "(info_type_id < 16)",
                      "Rows Removed by Filter": 878428
                    },
                    {
                      "Node Type": "Hash",
                      "Parent Relationship": "Inner",
                      "Parallel Aware": true,
                      "Startup Cost": 78737.78,
                      "Total Cost": 78737.78,
                      "Plan Rows": 103870,
                      "Plan Width": 8,
                      "Actual Startup Time": 272.85,
                      "Actual Total Time": 272.857,
                      "Actual Rows": 19376,
                      "Actual Loops": 6,
                      "Hash Buckets": 524288,
                      "Original Hash Buckets": 524288,
                      "Hash Batches": 1,
                      "Original Hash Batches": 1,
                      "Peak Memory Usage": 8736,
                      "Plans": [
                        {
                          "Node Type": "Hash Join",
                          "Parent Relationship": "Outer",
                          "Parallel Aware": true,
                          "Join Type": "Inner",
                          "Startup Cost": 48772.94,
                          "Total Cost": 78737.78,
                          "Plan Rows": 103870,
                          "Plan Width": 8,
                          "Actual Startup Time": 191.445,
                          "Actual Total Time": 266.158,
                          "Actual Rows": 19376,
                          "Actual Loops": 6,
                          "Inner Unique": true,
                          "Hash Cond": "(mc.movie_id = t.id)",
                          "Plans": [
                            {
                              "Node Type": "Seq Scan",
                              "Parent Relationship": "Outer",
                              "Parallel Aware": true,
                              "Relation Name": "movie_companies",
                              "Alias": "mc",
                              "Startup Cost": 0.0,
                              "Total Cost": 29310.68,
                              "Plan Rows": 249204,
                              "Plan Width": 4,
                              "Actual Startup Time": 11.062,
                              "Actual Total Time": 48.648,
                              "Actual Rows": 127438,
                              "Actual Loops": 6,
                              "Filter": "(company_id > 34755)",
                              "Rows Removed by Filter": 307417
                            },
                            {
                              "Node Type": "Hash",
                              "Parent Relationship": "Inner",
                              "Parallel Aware": true,
                              "Startup Cost": 45479.59,
                              "Total Cost": 45479.59,
                              "Plan Rows": 263468,
                              "Plan Width": 4,
                              "Actual Startup Time": 177.391,
                              "Actual Total Time": 177.394,
                              "Actual Rows": 190355,
                              "Actual Loops": 6,
                              "Hash Buckets": 2097152,
                              "Original Hash Buckets": 2097152,
                              "Hash Batches": 1,
                              "Original Hash Batches": 1,
                              "Peak Memory Usage": 61120,
                              "Plans": [
                                {
                                  "Node Type": "Seq Scan",
                                  "Parent Relationship": "Outer",
                                  "Parallel Aware": true,
                                  "Relation Name": "title",
                                  "Alias": "t",
                                  "Startup Cost": 0.0,
                                  "Total Cost": 45479.59,
                                  "Plan Rows": 263468,
                                  "Plan Width": 4,
                                  "Actual Startup Time": 0.045,
                                  "Actual Total Time": 88.027,
                                  "Actual Rows": 190355,
                                  "Actual Loops": 6,
                                  "Filter": "((kind_id > 4) AND (production_year > 1992))",
                                  "Rows Removed by Filter": 231030
                                }
                              ]
                            }
                          ]
                        }
                      ]
                    }
                  ]
                }
              ]
            }
          ]
        }
      ]
    },
    "Planning Time": 0.757,
    "Triggers": [],
    "Execution Time": 870.146
  }
]