[
  {
    "Plan": {
      "Node Type": "Aggregate",
      "Strategy": "Plain",
      "Partial Mode": "Finalize",
      "Parallel Aware": false,
      "Startup Cost": 271053.12,
      "Total Cost": 271053.13,
      "Plan Rows": 1,
      "Plan Width": 8,
      "Actual Startup Time": 3615.931,
      "Actual Total Time": 3712.191,
      "Actual Rows": 1,
      "Actual Loops": 1,
      "Plans": [
        {
          "Node Type": "Gather",
          "Parent Relationship": "Outer",
          "Parallel Aware": false,
          "Startup Cost": 271052.8,
          "Total Cost": 271053.11,
          "Plan Rows": 3,
          "Plan Width": 8,
          "Actual Startup Time": 3612.882,
          "Actual Total Time": 3712.18,
          "Actual Rows": 4,
          "Actual Loops": 1,
          "Workers Planned": 3,
          "Workers Launched": 3,
          "Single Copy": false,
          "Plans": [
            {
              "Node Type": "Aggregate",
              "Strategy": "Plain",
              "Partial Mode": "Partial",
              "Parent Relationship": "Outer",
              "Parallel Aware": false,
              "Startup Cost": 270052.8,
              "Total Cost": 270052.81,
              "Plan Rows": 1,
              "Plan Width": 8,
              "Actual Startup Time": 3605.094,
              "Actual Total Time": 3605.098,
              "Actual Rows": 1,
              "Actual Loops": 4,
              "Plans": [
                {
                  "Node Type": "Nested Loop",
                  "Parent Relationship": "Outer",
                  "Parallel Aware": false,
                  "Join Type": "Inner",
                  "Startup Cost": 59245.88,
                  "Total Cost": 269473.92,
                  "Plan Rows": 231551,
                  "Plan Width": 0,
                  "Actual Startup Time": 219.965,
                  "Actual Total Time": 3532.704,
                  "Actual Rows": 1450863,
                  "Actual Loops": 4,
                  "Inner Unique": false,
                  "Plans": [
                    {
                      "Node Type": "Hash Join",
                      "Parent Relationship": "Outer",
                      "Parallel Aware": true,
                      "Join Type": "Inner",
                      "Startup Cost": 59245.32,
                      "Total Cost": 86176.9,
                      "Plan Rows": 62067,
                      "Plan Width": 8,
                      "Actual Startup Time": 219.822,
                      "Actual Total Time": 334.918,
                      "Actual Rows": 110661,
                      "Actual Loops": 4,
                      "Inner Unique": true,
                      "Hash Cond": "(mk.movie_id = t.id)",
                      "Plans": [
                        {
                          "Node Type": "Bitmap Heap Scan",
                          "Parent Relationship": "Outer",
                          "Parallel Aware": true,
                          "Relation Name": "movie_keyword",
                          "Alias": "mk",
                          "Startup Cost": 10771.91,
                          "Total Cost": 37273.5,
                          "Plan Rows": 163807,
                          "Plan Width": 4,
                          "Actual Startup Time": 29.426,
                          "Actual Total Time": 76.626,
                          "Actual Rows": 126742,
                          "Actual Loops": 4,
                          "Recheck Cond": "(keyword_id < 370)",
                          "Rows Removed by Index Recheck": 0,
                          "Exact Heap Blocks": 6541,
                          "Lossy Heap Blocks": 0,
                          "Plans": [
                            {
                              "Node Type": "Bitmap Index Scan",
                              "Parent Relationship": "Outer",
                              "Parallel Aware": false,
                              "Index Name": "keyword_id_movie_keyword",
                              "Startup Cost": 0.0,
                              "Total Cost": 10644.95,
                              "Plan Rows": 507803,
                              "Plan Width": 0,
                              "Actual Startup Time": 25.85,
                              "Actual Total Time": 25.851,
                              "Actual Rows": 506969,
                              "Actual Loops": 1,
                              "Index Cond": "(keyword_id < 370)"
                            }
                          ]
                        },
                        {
                          "Node Type": "Hash",
                          "Parent Relationship": "Inner",
                          "Parallel Aware": true,
                          "Startup Cost": 45479.59,
                          "Total Cost": 45479.59,
                          "Plan Rows": 239506,
                          "Plan Width": 4,
                          "Actual Startup Time": 187.219,
                          "Actual Total Time": 187.22,
                          "Actual Rows": 244444,
                          "Actual Loops": 4,
                          "Hash Buckets": 1048576,
                          "Original Hash Buckets": 1048576,
                          "Hash Batches": 1,
                          "Original Hash Batches": 1,
                          "Peak Memory Usage": 46528,
                          "Plans": [
                            {
                              "Node Type": "Seq Scan",
                              "Parent Relationship": "Outer",
                              "Parallel Aware": true,
                              "Relation Name": "title",
                              "Alias": "t",
                              "Startup Cost": 0.0,
                              "Total Cost": 45479.59,
                              "Plan Rows": 239506,
                              "Plan Width": 4,
                              "Actual Startup Time": 0.049,
                              "Actual Total Time": 106.176,
                              "Actual Rows": 244444,
                              "Actual Loops": 4,
                              "Filter": "((kind_id < 7) AND (production_year > 0))",
                              "Rows Removed by Filter": 387634
                            }
                          ]
                        }
                      ]
                    },
                    {
                      "Node Type": "Index Scan",
                      "Parent Relationship": "Inner",
                      "Parallel Aware": false,
                      "Scan Direction": "Forward",
                      "Index Name": "movie_id_cast_info",
                      "Relation Name": "cast_info",
                      "Alias": "ci",
                      "Startup Cost": 0.56,
                      "Total Cost": 2.86,
                      "Plan Rows": 9,
                      "Plan Width": 4,
                      "Actual Startup Time": 0.02,
                      "Actual Total Time": 0.028,
                      "Actual Rows": 13,
                      "Actual Loops": 442645,
                      "Index Cond": "(movie_id = t.id)",
                      "Rows Removed by Index Recheck": 0,
                      "Filter": "(role_id > 4)",
                      "Rows Removed by Filter": 27
                    }
                  ]
                }
              ]
            }
          ]
        }
      ]
    },
    "Planning Time": 0.571,
    "Triggers": [],
    "Execution Time": 3712.275
  }
]