{
  "Plan": {
    "Node Type": "Aggregate",
    "Strategy": "Plain",
    "Partial Mode": "Finalize",
    "Parallel Aware": false,
    "Startup Cost": 603232.65,
    "Total Cost": 603232.66,
    "Plan Rows": 1,
    "Plan Width": 8,
    "Actual Startup Time": 8466.968,
    "Actual Total Time": 8532.23,
    "Actual Rows": 1,
    "Actual Loops": 1,
    "Plans": [
      {
        "Node Type": "Gather",
        "Parent Relationship": "Outer",
        "Parallel Aware": false,
        "Startup Cost": 603232.54,
        "Total Cost": 603232.65,
        "Plan Rows": 1,
        "Plan Width": 8,
        "Actual Startup Time": 8465.873,
        "Actual Total Time": 8532.22,
        "Actual Rows": 2,
        "Actual Loops": 1,
        "Workers Planned": 1,
        "Workers Launched": 1,
        "Single Copy": false,
        "Plans": [
          {
            "Node Type": "Aggregate",
            "Strategy": "Plain",
            "Partial Mode": "Partial",
            "Parent Relationship": "Outer",
            "Parallel Aware": false,
            "Startup Cost": 602232.54,
            "Total Cost": 602232.55,
            "Plan Rows": 1,
            "Plan Width": 8,
            "Actual Startup Time": 8459.932,
            "Actual Total Time": 8459.936,
            "Actual Rows": 1,
            "Actual Loops": 2,
            "Plans": [
              {
                "Node Type": "Nested Loop",
                "Parent Relationship": "Outer",
                "Parallel Aware": false,
                "Join Type": "Inner",
                "Startup Cost": 56440.75,
                "Total Cost": 594318.19,
                "Plan Rows": 3165740,
                "Plan Width": 0,
                "Actual Startup Time": 205.367,
                "Actual Total Time": 7931.037,
                "Actual Rows": 11971090,
                "Actual Loops": 2,
                "Inner Unique": false,
                "Join Filter": "(t.id = ci.movie_id)",
                "Rows Removed by Join Filter": 0,
                "Plans": [
                  {
                    "Node Type": "Hash Join",
                    "Parent Relationship": "Outer",
                    "Parallel Aware": true,
                    "Join Type": "Inner",
                    "Startup Cost": 56440.18,
                    "Total Cost": 94606.81,
                    "Plan Rows": 220932,
                    "Plan Width": 8,
                    "Actual Startup Time": 205.287,
                    "Actual Total Time": 574.343,
                    "Actual Rows": 242889,
                    "Actual Loops": 2,
                    "Inner Unique": true,
                    "Hash Cond": "(mc.movie_id = t.id)",
                    "Plans": [
                      {
                        "Node Type": "Seq Scan",
                        "Parent Relationship": "Outer",
                        "Parallel Aware": true,
                        "Relation Name": "movie_companies",
                        "Alias": "mc",
                        "Startup Cost": 0.0,
                        "Total Cost": 34137.82,
                        "Plan Rows": 1534782,
                        "Plan Width": 4,
                        "Actual Startup Time": 0.015,
                        "Actual Total Time": 103.237,
                        "Actual Rows": 1304564,
                        "Actual Loops": 2
                      },
                      {
                        "Node Type": "Hash",
                        "Parent Relationship": "Inner",
                        "Parallel Aware": true,
                        "Startup Cost": 53764.1,
                        "Total Cost": 53764.1,
                        "Plan Rows": 214087,
                        "Plan Width": 4,
                        "Actual Startup Time": 148.757,
                        "Actual Total Time": 148.758,
                        "Actual Rows": 137008,
                        "Actual Loops": 2,
                        "Hash Buckets": 524288,
                        "Original Hash Buckets": 524288,
                        "Hash Batches": 1,
                        "Original Hash Batches": 1,
                        "Peak Memory Usage": 14848,
                        "Plans": [
                          {
                            "Node Type": "Bitmap Heap Scan",
                            "Parent Relationship": "Outer",
                            "Parallel Aware": true,
                            "Relation Name": "title",
                            "Alias": "t",
                            "Startup Cost": 11913.84,
                            "Total Cost": 53764.1,
                            "Plan Rows": 214087,
                            "Plan Width": 4,
                            "Actual Startup Time": 39.575,
                            "Actual Total Time": 111.178,
                            "Actual Rows": 137008,
                            "Actual Loops": 2,
                            "Recheck Cond": "(kind_id = 1)",
                            "Rows Removed by Index Recheck": 0,
                            "Filter": "(production_year > 2000)",
                            "Rows Removed by Filter": 194405,
                            "Exact Heap Blocks": 6664,
                            "Lossy Heap Blocks": 0,
                            "Plans": [
                              {
                                "Node Type": "Bitmap Index Scan",
                                "Parent Relationship": "Outer",
                                "Parallel Aware": false,
                                "Index Name": "kind_id_title",
                                "Startup Cost": 0.0,
                                "Total Cost": 11822.85,
                                "Plan Rows": 663256,
                                "Plan Width": 0,
                                "Actual Startup Time": 36.848,
                                "Actual Total Time": 36.848,
                                "Actual Rows": 662825,
                                "Actual Loops": 1,
                                "Index Cond": "(kind_id = 1)"
                              }
                            ]
                          }
                        ]
                      }
                    ]
                  },
                  {
                    "Node Type": "Index Only Scan",
                    "Parent Relationship": "Inner",
                    "Parallel Aware": false,
                    "Scan Direction": "Forward",
                    "Index Name": "movie_id_cast_info",
                    "Relation Name": "cast_info",
                    "Alias": "ci",
                    "Startup Cost": 0.56,
                    "Total Cost": 1.8,
                    "Plan Rows": 37,
                    "Plan Width": 4,
                    "Actual Startup Time": 0.004,
                    "Actual Total Time": 0.026,
                    "Actual Rows": 49,
                    "Actual Loops": 485778,
                    "Index Cond": "(movie_id = mc.movie_id)",
                    "Rows Removed by Index Recheck": 0,
                    "Heap Fetches": 23942179
                  }
                ]
              }
            ]
          }
        ]
      }
    ]
  },
  "Planning Time": 1.169,
  "Triggers": [],
  "Execution Time": 8532.355
}