{
  "Plan": {
    "Node Type": "Aggregate",
    "Strategy": "Plain",
    "Partial Mode": "Finalize",
    "Parallel Aware": false,
    "Startup Cost": 126025.91,
    "Total Cost": 126025.92,
    "Plan Rows": 1,
    "Plan Width": 8,
    "Actual Startup Time": 732.318,
    "Actual Total Time": 749.572,
    "Actual Rows": 1,
    "Actual Loops": 1,
    "Plans": [
      {
        "Node Type": "Gather",
        "Parent Relationship": "Outer",
        "Parallel Aware": false,
        "Startup Cost": 126025.8,
        "Total Cost": 126025.91,
        "Plan Rows": 1,
        "Plan Width": 8,
        "Actual Startup Time": 730.743,
        "Actual Total Time": 749.564,
        "Actual Rows": 2,
        "Actual Loops": 1,
        "Workers Planned": 1,
        "Workers Launched": 1,
        "Single Copy": false,
        "Plans": [
          {
            "Node Type": "Aggregate",
            "Strategy": "Plain",
            "Partial Mode": "Partial",
            "Parent Relationship": "Outer",
            "Parallel Aware": false,
            "Startup Cost": 125025.8,
            "Total Cost": 125025.81,
            "Plan Rows": 1,
            "Plan Width": 8,
            "Actual Startup Time": 724.841,
            "Actual Total Time": 724.845,
            "Actual Rows": 1,
            "Actual Loops": 2,
            "Plans": [
              {
                "Node Type": "Hash Join",
                "Parent Relationship": "Outer",
                "Parallel Aware": true,
                "Join Type": "Inner",
                "Startup Cost": 59922.63,
                "Total Cost": 123440.83,
                "Plan Rows": 633989,
                "Plan Width": 0,
                "Actual Startup Time": 278.705,
                "Actual Total Time": 696.278,
                "Actual Rows": 747370,
                "Actual Loops": 2,
                "Inner Unique": true,
                "Hash Cond": "(mk.movie_id = t.id)",
                "Plans": [
                  {
                    "Node Type": "Seq Scan",
                    "Parent Relationship": "Outer",
                    "Parallel Aware": true,
                    "Relation Name": "movie_keyword",
                    "Alias": "mk",
                    "Startup Cost": 0.0,
                    "Total Cost": 57718.19,
                    "Plan Rows": 2209523,
                    "Plan Width": 4,
                    "Actual Startup Time": 0.016,
                    "Actual Total Time": 202.084,
                    "Actual Rows": 1883300,
                    "Actual Loops": 2,
                    "Filter": "(keyword_id < 24720)",
                    "Rows Removed by Filter": 378664
                  },
                  {
                    "Node Type": "Hash",
                    "Parent Relationship": "Inner",
                    "Parallel Aware": true,
                    "Startup Cost": 54588.39,
                    "Total Cost": 54588.39,
                    "Plan Rows": 426739,
                    "Plan Width": 4,
                    "Actual Startup Time": 268.848,
                    "Actual Total Time": 268.849,
                    "Actual Rows": 365492,
                    "Actual Loops": 2,
                    "Hash Buckets": 1048576,
                    "Original Hash Buckets": 1048576,
                    "Hash Batches": 1,
                    "Original Hash Batches": 1,
                    "Peak Memory Usage": 36832,
                    "Plans": [
                      {
                        "Node Type": "Seq Scan",
                        "Parent Relationship": "Outer",
                        "Parallel Aware": true,
                        "Relation Name": "title",
                        "Alias": "t",
                        "Startup Cost": 0.0,
                        "Total Cost": 54588.39,
                        "Plan Rows": 426739,
                        "Plan Width": 4,
                        "Actual Startup Time": 0.03,
                        "Actual Total Time": 162.378,
                        "Actual Rows": 365492,
                        "Actual Loops": 2,
                        "Filter": "(production_year < 1992)",
                        "Rows Removed by Filter": 898664
                      }
                    ]
                  }
                ]
              }
            ]
          }
        ]
      }
    ]
  },
  "Planning Time": 0.459,
  "Triggers": [],
  "Execution Time": 749.647
}