[
  {
    "Plan": {
      "Node Type": "Aggregate",
      "Strategy": "Plain",
      "Partial Mode": "Finalize",
      "Parallel Aware": false,
      "Startup Cost": 421822.55,
      "Total Cost": 421822.56,
      "Plan Rows": 1,
      "Plan Width": 8,
      "Actual Startup Time": 2367.727,
      "Actual Total Time": 2430.182,
      "Actual Rows": 1,
      "Actual Loops": 1,
      "Plans": [
        {
          "Node Type": "Gather",
          "Parent Relationship": "Outer",
          "Parallel Aware": false,
          "Startup Cost": 421821.93,
          "Total Cost": 421822.54,
          "Plan Rows": 6,
          "Plan Width": 8,
          "Actual Startup Time": 2361.911,
          "Actual Total Time": 2430.158,
          "Actual Rows": 7,
          "Actual Loops": 1,
          "Workers Planned": 6,
          "Workers Launched": 6,
          "Single Copy": false,
          "Plans": [
            {
              "Node Type": "Aggregate",
              "Strategy": "Plain",
              "Partial Mode": "Partial",
              "Parent Relationship": "Outer",
              "Parallel Aware": false,
              "Startup Cost": 420821.93,
              "Total Cost": 420821.94,
              "Plan Rows": 1,
              "Plan Width": 8,
              "Actual Startup Time": 2350.957,
              "Actual Total Time": 2351.024,
              "Actual Rows": 1,
              "Actual Loops": 7,
              "Plans": [
                {
                  "Node Type": "Hash Join",
                  "Parent Relationship": "Outer",
                  "Parallel Aware": true,
                  "Join Type": "Inner",
                  "Startup Cost": 78374.16,
                  "Total Cost": 417879.88,
                  "Plan Rows": 1176818,
                  "Plan Width": 0,
                  "Actual Startup Time": 262.914,
                  "Actual Total Time": 2146.224,
                  "Actual Rows": 4725934,
                  "Actual Loops": 7,
                  "Inner Unique": false,
                  "Hash Cond": "(ci.movie_id = t.id)",
                  "Plans": [
                    {
                      "Node Type": "Seq Scan",
                      "Parent Relationship": "Outer",
                      "Parallel Aware": true,
                      "Relation Name": "cast_info",
                      "Alias": "ci",
                      "Startup Cost": 0.0,
                      "Total Cost": 313067.02,
                      "Plan Rows": 6038002,
                      "Plan Width": 4,
                      "Actual Startup Time": 0.022,
                      "Actual Total Time": 551.198,
                      "Actual Rows": 5177763,
                      "Actual Loops": 7
                    },
                    {
                      "Node Type": "Hash",
                      "Parent Relationship": "Inner",
                      "Parallel Aware": true,
                      "Startup Cost": 76387.19,
                      "Total Cost": 76387.19,
                      "Plan Rows": 158958,
                      "Plan Width": 8,
                      "Actual Startup Time": 260.428,
                      "Actual Total Time": 260.492,
                      "Actual Rows": 93968,
                      "Actual Loops": 7,
                      "Hash Buckets": 1048576,
                      "Original Hash Buckets": 524288,
                      "Hash Batches": 1,
                      "Original Hash Batches": 1,
                      "Peak Memory Usage": 38144,
                      "Plans": [
                        {
                          "Node Type": "Hash Join",
                          "Parent Relationship": "Outer",
                          "Parallel Aware": true,
                          "Join Type": "Inner",
                          "Startup Cost": 46971.3,
                          "Total Cost": 76387.19,
                          "Plan Rows": 158958,
                          "Plan Width": 8,
                          "Actual Startup Time": 124.45,
                          "Actual Total Time": 217.541,
                          "Actual Rows": 93968,
                          "Actual Loops": 7,
                          "Inner Unique": true,
                          "Hash Cond": "(mc.movie_id = t.id)",
                          "Plans": [
                            {
                              "Node Type": "Seq Scan",
                              "Parent Relationship": "Outer",
                              "Parallel Aware": true,
                              "Relation Name": "movie_companies",
                              "Alias": "mc",
                              "Startup Cost": 0.0,
                              "Total Cost": 27206.55,
                              "Plan Rows": 841655,
                              "Plan Width": 4,
                              "Actual Startup Time": 0.019,
                              "Actual Total Time": 41.284,
                              "Actual Rows": 372733,
                              "Actual Loops": 7
                            },
                            {
                              "Node Type": "Hash",
                              "Parent Relationship": "Inner",
                              "Parallel Aware": true,
                              "Startup Cost": 45479.1,
                              "Total Cost": 45479.1,
                              "Plan Rows": 119376,
                              "Plan Width": 4,
                              "Actual Startup Time": 104.627,
                              "Actual Total Time": 104.628,
                              "Actual Rows": 50078,
                              "Actual Loops": 7,
                              "Hash Buckets": 524288,
                              "Original Hash Buckets": 524288,
                              "Hash Batches": 1,
                              "Original Hash Batches": 1,
                              "Peak Memory Usage": 17888,
                              "Plans": [
                                {
                                  "Node Type": "Seq Scan",
                                  "Parent Relationship": "Outer",
                                  "Parallel Aware": true,
                                  "Relation Name": "title",
                                  "Alias": "t",
                                  "Startup Cost": 0.0,
                                  "Total Cost": 45479.1,
                                  "Plan Rows": 119376,
                                  "Plan Width": 4,
                                  "Actual Startup Time": 43.249,
                                  "Actual Total Time": 78.949,
                                  "Actual Rows": 50078,
                                  "Actual Loops": 7,
                                  "Filter": "((kind_id < 2) AND (production_year > 1987))",
                                  "Rows Removed by Filter": 311110
                                }
                              ]
                            }
                          ]
                        }
                      ]
                    }
                  ]
                }
              ]
            }
          ]
        }
      ]
    },
    "Planning Time": 1.393,
    "Triggers": [],
    "Execution Time": 2430.281
  }
]