[
    {
        "Bao": {
            "Bao prediction": "NaN",
            "Bao recommended hint": "(no hint)"
        }
    },
    {
        "Plan": {
            "Node Type": "Aggregate",
            "Strategy": "Plain",
            "Partial Mode": "Finalize",
            "Parallel Aware": false,
            "Startup Cost": 32702.69,
            "Total Cost": 32702.7,
            "Plan Rows": 1,
            "Plan Width": 8,
            "Actual Startup Time": 76.765,
            "Actual Total Time": 83.41,
            "Actual Rows": 1,
            "Actual Loops": 1,
            "Output": [
                "count(*)"
            ],
            "Plans": [
                {
                    "Node Type": "Gather",
                    "Parent Relationship": "Outer",
                    "Parallel Aware": false,
                    "Startup Cost": 32702.37,
                    "Total Cost": 32702.68,
                    "Plan Rows": 3,
                    "Plan Width": 8,
                    "Actual Startup Time": 76.697,
                    "Actual Total Time": 83.403,
                    "Actual Rows": 4,
                    "Actual Loops": 1,
                    "Output": [
                        "(PARTIAL count(*))"
                    ],
                    "Workers Planned": 3,
                    "Workers Launched": 3,
                    "Single Copy": false,
                    "Plans": [
                        {
                            "Node Type": "Aggregate",
                            "Strategy": "Plain",
                            "Partial Mode": "Partial",
                            "Parent Relationship": "Outer",
                            "Parallel Aware": false,
                            "Startup Cost": 31702.37,
                            "Total Cost": 31702.38,
                            "Plan Rows": 1,
                            "Plan Width": 8,
                            "Actual Startup Time": 68.491,
                            "Actual Total Time": 68.492,
                            "Actual Rows": 1,
                            "Actual Loops": 4,
                            "Output": [
                                "PARTIAL count(*)"
                            ],
                            "Workers": [
                                {
                                    "Worker Number": 0,
                                    "Actual Startup Time": 65.603,
                                    "Actual Total Time": 65.605,
                                    "Actual Rows": 1,
                                    "Actual Loops": 1
                                },
                                {
                                    "Worker Number": 1,
                                    "Actual Startup Time": 65.897,
                                    "Actual Total Time": 65.898,
                                    "Actual Rows": 1,
                                    "Actual Loops": 1
                                },
                                {
                                    "Worker Number": 2,
                                    "Actual Startup Time": 66.053,
                                    "Actual Total Time": 66.055,
                                    "Actual Rows": 1,
                                    "Actual Loops": 1
                                }
                            ],
                            "Plans": [
                                {
                                    "Node Type": "Seq Scan",
                                    "Parent Relationship": "Outer",
                                    "Parallel Aware": true,
                                    "Relation Name": "movie_companies",
                                    "Schema": "public",
                                    "Alias": "mc",
                                    "Startup Cost": 0.0,
                                    "Total Cost": 31414.82,
                                    "Plan Rows": 115022,
                                    "Plan Width": 0,
                                    "Actual Startup Time": 24.603,
                                    "Actual Total Time": 67.852,
                                    "Actual Rows": 10734,
                                    "Actual Loops": 4,
                                    "Output": [
                                        "id",
                                        "movie_id",
                                        "company_id",
                                        "company_type_id",
                                        "note"
                                    ],
                                    "Filter": "((mc.company_id > 40969) AND (mc.company_type_id = 1))",
                                    "Rows Removed by Filter": 641549,
                                    "Workers": [
                                        {
                                            "Worker Number": 0,
                                            "Actual Startup Time": 21.72,
                                            "Actual Total Time": 64.985,
                                            "Actual Rows": 8408,
                                            "Actual Loops": 1
                                        },
                                        {
                                            "Worker Number": 1,
                                            "Actual Startup Time": 22.005,
                                            "Actual Total Time": 65.283,
                                            "Actual Rows": 8793,
                                            "Actual Loops": 1
                                        },
                                        {
                                            "Worker Number": 2,
                                            "Actual Startup Time": 22.181,
                                            "Actual Total Time": 65.455,
                                            "Actual Rows": 9030,
                                            "Actual Loops": 1
                                        }
                                    ]
                                }
                            ]
                        }
                    ]
                }
            ]
        },
        "Planning Time": 183.879,
        "Triggers": [],
        "Execution Time": 83.477
    }
]