[
  {
    "Plan": {
      "Node Type": "Aggregate",
      "Strategy": "Plain",
      "Partial Mode": "Finalize",
      "Parallel Aware": false,
      "Startup Cost": 196652.73,
      "Total Cost": 196652.74,
      "Plan Rows": 1,
      "Plan Width": 8,
      "Actual Startup Time": 758.922,
      "Actual Total Time": 816.852,
      "Actual Rows": 1,
      "Actual Loops": 1,
      "Plans": [
        {
          "Node Type": "Gather",
          "Parent Relationship": "Outer",
          "Parallel Aware": false,
          "Startup Cost": 196652.31,
          "Total Cost": 196652.72,
          "Plan Rows": 4,
          "Plan Width": 8,
          "Actual Startup Time": 757.773,
          "Actual Total Time": 816.84,
          "Actual Rows": 5,
          "Actual Loops": 1,
          "Workers Planned": 4,
          "Workers Launched": 4,
          "Single Copy": false,
          "Plans": [
            {
              "Node Type": "Aggregate",
              "Strategy": "Plain",
              "Partial Mode": "Partial",
              "Parent Relationship": "Outer",
              "Parallel Aware": false,
              "Startup Cost": 195652.31,
              "Total Cost": 195652.32,
              "Plan Rows": 1,
              "Plan Width": 8,
              "Actual Startup Time": 747.481,
              "Actual Total Time": 747.486,
              "Actual Rows": 1,
              "Actual Loops": 5,
              "Plans": [
                {
                  "Node Type": "Nested Loop",
                  "Parent Relationship": "Outer",
                  "Parallel Aware": false,
                  "Join Type": "Inner",
                  "Startup Cost": 32328.92,
                  "Total Cost": 194768.83,
                  "Plan Rows": 353391,
                  "Plan Width": 0,
                  "Actual Startup Time": 124.299,
                  "Actual Total Time": 728.855,
                  "Actual Rows": 252261,
                  "Actual Loops": 5,
                  "Inner Unique": false,
                  "Plans": [
                    {
                      "Node Type": "Hash Join",
                      "Parent Relationship": "Outer",
                      "Parallel Aware": true,
                      "Join Type": "Inner",
                      "Startup Cost": 32328.48,
                      "Total Cost": 78002.54,
                      "Plan Rows": 60437,
                      "Plan Width": 8,
                      "Actual Startup Time": 124.203,
                      "Actual Total Time": 319.429,
                      "Actual Rows": 24489,
                      "Actual Loops": 5,
                      "Inner Unique": false,
                      "Hash Cond": "(t.id = mc.movie_id)",
                      "Plans": [
                        {
                          "Node Type": "Seq Scan",
                          "Parent Relationship": "Outer",
                          "Parallel Aware": true,
                          "Relation Name": "title",
                          "Alias": "t",
                          "Startup Cost": 0.0,
                          "Total Cost": 42318.73,
                          "Plan Rows": 632073,
                          "Plan Width": 4,
                          "Actual Startup Time": 0.012,
                          "Actual Total Time": 78.867,
                          "Actual Rows": 505662,
                          "Actual Loops": 5
                        },
                        {
                          "Node Type": "Hash",
                          "Parent Relationship": "Inner",
                          "Parallel Aware": true,
                          "Startup Cost": 31353.7,
                          "Total Cost": 31353.7,
                          "Plan Rows": 77983,
                          "Plan Width": 4,
                          "Actual Startup Time": 122.136,
                          "Actual Total Time": 122.138,
                          "Actual Rows": 24489,
                          "Actual Loops": 5,
                          "Hash Buckets": 262144,
                          "Original Hash Buckets": 262144,
                          "Hash Batches": 1,
                          "Original Hash Batches": 1,
                          "Peak Memory Usage": 6912,
                          "Plans": [
                            {
                              "Node Type": "Bitmap Heap Scan",
                              "Parent Relationship": "Outer",
                              "Parallel Aware": true,
                              "Relation Name": "movie_companies",
                              "Alias": "mc",
                              "Startup Cost": 10259.84,
                              "Total Cost": 31353.7,
                              "Plan Rows": 77983,
                              "Plan Width": 4,
                              "Actual Startup Time": 95.72,
                              "Actual Total Time": 112.669,
                              "Actual Rows": 24489,
                              "Actual Loops": 5,
                              "Recheck Cond": "(company_id < 419)",
                              "Rows Removed by Index Recheck": 0,
                              "Filter": "(company_type_id = 2)",
                              "Rows Removed by Filter": 69817,
                              "Exact Heap Blocks": 6237,
                              "Lossy Heap Blocks": 0,
                              "Plans": [
                                {
                                  "Node Type": "Bitmap Index Scan",
                                  "Parent Relationship": "Outer",
                                  "Parallel Aware": false,
                                  "Index Name": "company_id_movie_companies",
                                  "Startup Cost": 0.0,
                                  "Total Cost": 10199.41,
                                  "Plan Rows": 476130,
                                  "Plan Width": 0,
                                  "Actual Startup Time": 47.84,
                                  "Actual Total Time": 47.84,
                                  "Actual Rows": 471529,
                                  "Actual Loops": 1,
                                  "Index Cond": "(company_id < 419)"
                                }
                              ]
                            }
                          ]
                        }
                      ]
                    },
                    {
                      "Node Type": "Index Only Scan",
                      "Parent Relationship": "Inner",
                      "Parallel Aware": false,
                      "Scan Direction": "Forward",
                      "Index Name": "movie_id_movie_info",
                      "Relation Name": "movie_info",
                      "Alias": "mi",
                      "Startup Cost": 0.43,
                      "Total Cost": 1.51,
                      "Plan Rows": 42,
                      "Plan Width": 4,
                      "Actual Startup Time": 0.006,
                      "Actual Total Time": 0.015,
                      "Actual Rows": 10,
                      "Actual Loops": 122443,
                      "Index Cond": "(movie_id = t.id)",
                      "Rows Removed by Index Recheck": 0,
                      "Heap Fetches": 1261306
                    }
                  ]
                }
              ]
            }
          ]
        }
      ]
    },
    "Planning Time": 1.544,
    "Triggers": [],
    "Execution Time": 816.991
  }
]