[
  {
    "Plan": {
      "Node Type": "Aggregate",
      "Strategy": "Plain",
      "Partial Mode": "Finalize",
      "Parallel Aware": false,
      "Startup Cost": 32283.1,
      "Total Cost": 32283.11,
      "Plan Rows": 1,
      "Plan Width": 8,
      "Actual Startup Time": 129.893,
      "Actual Total Time": 138.124,
      "Actual Rows": 1,
      "Actual Loops": 1,
      "Plans": [
        {
          "Node Type": "Gather",
          "Parent Relationship": "Outer",
          "Parallel Aware": false,
          "Startup Cost": 32282.78,
          "Total Cost": 32283.09,
          "Plan Rows": 3,
          "Plan Width": 8,
          "Actual Startup Time": 129.76,
          "Actual Total Time": 138.113,
          "Actual Rows": 4,
          "Actual Loops": 1,
          "Workers Planned": 3,
          "Workers Launched": 3,
          "Single Copy": false,
          "Plans": [
            {
              "Node Type": "Aggregate",
              "Strategy": "Plain",
              "Partial Mode": "Partial",
              "Parent Relationship": "Outer",
              "Parallel Aware": false,
              "Startup Cost": 31282.78,
              "Total Cost": 31282.79,
              "Plan Rows": 1,
              "Plan Width": 8,
              "Actual Startup Time": 124.505,
              "Actual Total Time": 124.506,
              "Actual Rows": 1,
              "Actual Loops": 4,
              "Plans": [
                {
                  "Node Type": "Seq Scan",
                  "Parent Relationship": "Outer",
                  "Parallel Aware": true,
                  "Relation Name": "movie_companies",
                  "Alias": "mc",
                  "Startup Cost": 0.0,
                  "Total Cost": 29310.68,
                  "Plan Rows": 788840,
                  "Plan Width": 0,
                  "Actual Startup Time": 0.029,
                  "Actual Total Time": 91.332,
                  "Actual Rows": 612442,
                  "Actual Loops": 4,
                  "Filter": "(company_id < 128060)",
                  "Rows Removed by Filter": 39840
                }
              ]
            }
          ]
        }
      ]
    },
    "Planning Time": 0.102,
    "Triggers": [],
    "Execution Time": 138.155
  }
]