[
  {
    "Plan": {
      "Node Type": "Aggregate",
      "Strategy": "Plain",
      "Partial Mode": "Finalize",
      "Parallel Aware": false,
      "Startup Cost": 454515.1,
      "Total Cost": 454515.11,
      "Plan Rows": 1,
      "Plan Width": 8,
      "Actual Startup Time": 2474.344,
      "Actual Total Time": 2595.536,
      "Actual Rows": 1,
      "Actual Loops": 1,
      "Plans": [
        {
          "Node Type": "Gather",
          "Parent Relationship": "Outer",
          "Parallel Aware": false,
          "Startup Cost": 454514.58,
          "Total Cost": 454515.09,
          "Plan Rows": 5,
          "Plan Width": 8,
          "Actual Startup Time": 2473.209,
          "Actual Total Time": 2595.524,
          "Actual Rows": 6,
          "Actual Loops": 1,
          "Workers Planned": 5,
          "Workers Launched": 5,
          "Single Copy": false,
          "Plans": [
            {
              "Node Type": "Aggregate",
              "Strategy": "Plain",
              "Partial Mode": "Partial",
              "Parent Relationship": "Outer",
              "Parallel Aware": false,
              "Startup Cost": 453514.58,
              "Total Cost": 453514.59,
              "Plan Rows": 1,
              "Plan Width": 8,
              "Actual Startup Time": 2467.447,
              "Actual Total Time": 2467.452,
              "Actual Rows": 1,
              "Actual Loops": 6,
              "Plans": [
                {
                  "Node Type": "Nested Loop",
                  "Parent Relationship": "Outer",
                  "Parallel Aware": false,
                  "Join Type": "Inner",
                  "Startup Cost": 44616.56,
                  "Total Cost": 449630.65,
                  "Plan Rows": 1553571,
                  "Plan Width": 0,
                  "Actual Startup Time": 96.264,
                  "Actual Total Time": 2402.924,
                  "Actual Rows": 1403264,
                  "Actual Loops": 6,
                  "Inner Unique": false,
                  "Join Filter": "(t.id = ci.movie_id)",
                  "Rows Removed by Join Filter": 0,
                  "Plans": [
                    {
                      "Node Type": "Hash Join",
                      "Parent Relationship": "Outer",
                      "Parallel Aware": true,
                      "Join Type": "Inner",
                      "Startup Cost": 44616.0,
                      "Total Cost": 246860.12,
                      "Plan Rows": 108356,
                      "Plan Width": 8,
                      "Actual Startup Time": 96.112,
                      "Actual Total Time": 662.925,
                      "Actual Rows": 71656,
                      "Actual Loops": 6,
                      "Inner Unique": true,
                      "Hash Cond": "(mi.movie_id = t.id)",
                      "Plans": [
                        {
                          "Node Type": "Seq Scan",
                          "Parent Relationship": "Outer",
                          "Parallel Aware": true,
                          "Relation Name": "movie_info",
                          "Alias": "mi",
                          "Startup Cost": 0.0,
                          "Total Cost": 199108.24,
                          "Plan Rows": 1194621,
                          "Plan Width": 4,
                          "Actual Startup Time": 0.036,
                          "Actual Total Time": 358.525,
                          "Actual Rows": 980827,
                          "Actual Loops": 6,
                          "Filter": "(info_type_id < 7)",
                          "Rows Removed by Filter": 1491793
                        },
                        {
                          "Node Type": "Hash",
                          "Parent Relationship": "Inner",
                          "Parallel Aware": true,
                          "Startup Cost": 43899.32,
                          "Total Cost": 43899.32,
                          "Plan Rows": 57334,
                          "Plan Width": 4,
                          "Actual Startup Time": 93.509,
                          "Actual Total Time": 93.51,
                          "Actual Rows": 38608,
                          "Actual Loops": 6,
                          "Hash Buckets": 262144,
                          "Original Hash Buckets": 262144,
                          "Hash Batches": 1,
                          "Original Hash Batches": 1,
                          "Peak Memory Usage": 11200,
                          "Plans": [
                            {
                              "Node Type": "Seq Scan",
                              "Parent Relationship": "Outer",
                              "Parallel Aware": true,
                              "Relation Name": "title",
                              "Alias": "t",
                              "Startup Cost": 0.0,
                              "Total Cost": 43899.32,
                              "Plan Rows": 57334,
                              "Plan Width": 4,
                              "Actual Startup Time": 0.018,
                              "Actual Total Time": 76.731,
                              "Actual Rows": 38608,
                              "Actual Loops": 6,
                              "Filter": "(production_year > 2011)",
                              "Rows Removed by Filter": 382777
                            }
                          ]
                        }
                      ]
                    },
                    {
                      "Node Type": "Index Only Scan",
                      "Parent Relationship": "Inner",
                      "Parallel Aware": false,
                      "Scan Direction": "Forward",
                      "Index Name": "movie_id_cast_info",
                      "Relation Name": "cast_info",
                      "Alias": "ci",
                      "Startup Cost": 0.56,
                      "Total Cost": 1.43,
                      "Plan Rows": 35,
                      "Plan Width": 4,
                      "Actual Startup Time": 0.005,
                      "Actual Total Time": 0.022,
                      "Actual Rows": 20,
                      "Actual Loops": 429936,
                      "Index Cond": "(movie_id = mi.movie_id)",
                      "Rows Removed by Index Recheck": 0,
                      "Heap Fetches": 8419581
                    }
                  ]
                }
              ]
            }
          ]
        }
      ]
    },
    "Planning Time": 1.099,
    "Triggers": [],
    "Execution Time": 2595.628
  }
]