[
  {
    "Plan": {
      "Node Type": "Aggregate",
      "Strategy": "Plain",
      "Partial Mode": "Finalize",
      "Parallel Aware": false,
      "Startup Cost": 330213.92,
      "Total Cost": 330213.93,
      "Plan Rows": 1,
      "Plan Width": 64,
      "Actual Startup Time": 819.338,
      "Actual Total Time": 896.828,
      "Actual Rows": 1,
      "Actual Loops": 1,
      "Plans": [
        {
          "Node Type": "Gather",
          "Parent Relationship": "Outer",
          "Parallel Aware": false,
          "Startup Cost": 330213.28,
          "Total Cost": 330213.89,
          "Plan Rows": 6,
          "Plan Width": 64,
          "Actual Startup Time": 819.144,
          "Actual Total Time": 896.802,
          "Actual Rows": 7,
          "Actual Loops": 1,
          "Workers Planned": 6,
          "Workers Launched": 6,
          "Single Copy": false,
          "Plans": [
            {
              "Node Type": "Aggregate",
              "Strategy": "Plain",
              "Partial Mode": "Partial",
              "Parent Relationship": "Outer",
              "Parallel Aware": false,
              "Startup Cost": 329213.28,
              "Total Cost": 329213.29,
              "Plan Rows": 1,
              "Plan Width": 64,
              "Actual Startup Time": 806.376,
              "Actual Total Time": 806.393,
              "Actual Rows": 1,
              "Actual Loops": 7,
              "Plans": [
                {
                  "Node Type": "Hash Join",
                  "Parent Relationship": "Outer",
                  "Parallel Aware": false,
                  "Join Type": "Inner",
                  "Startup Cost": 12.03,
                  "Total Cost": 329213.2,
                  "Plan Rows": 15,
                  "Plan Width": 33,
                  "Actual Startup Time": 673.378,
                  "Actual Total Time": 806.38,
                  "Actual Rows": 3,
                  "Actual Loops": 7,
                  "Inner Unique": true,
                  "Hash Cond": "(ci.role_id = rt.id)",
                  "Plans": [
                    {
                      "Node Type": "Hash Join",
                      "Parent Relationship": "Outer",
                      "Parallel Aware": false,
                      "Join Type": "Inner",
                      "Startup Cost": 10.76,
                      "Total Cost": 329211.88,
                      "Plan Rows": 15,
                      "Plan Width": 37,
                      "Actual Startup Time": 672.989,
                      "Actual Total Time": 805.987,
                      "Actual Rows": 3,
                      "Actual Loops": 7,
                      "Inner Unique": true,
                      "Hash Cond": "(mc.company_type_id = ct.id)",
                      "Plans": [
                        {
                          "Node Type": "Nested Loop",
                          "Parent Relationship": "Outer",
                          "Parallel Aware": false,
                          "Join Type": "Inner",
                          "Startup Cost": 9.67,
                          "Total Cost": 329210.71,
                          "Plan Rows": 15,
                          "Plan Width": 41,
                          "Actual Startup Time": 672.896,
                          "Actual Total Time": 805.888,
                          "Actual Rows": 3,
                          "Actual Loops": 7,
                          "Inner Unique": true,
                          "Plans": [
                            {
                              "Node Type": "Nested Loop",
                              "Parent Relationship": "Outer",
                              "Parallel Aware": false,
                              "Join Type": "Inner",
                              "Startup Cost": 5.31,
                              "Total Cost": 329085.09,
                              "Plan Rows": 15,
                              "Plan Width": 29,
                              "Actual Startup Time": 667.858,
                              "Actual Total Time": 805.812,
                              "Actual Rows": 3,
                              "Actual Loops": 7,
                              "Inner Unique": true,
                              "Plans": [
                                {
                                  "Node Type": "Nested Loop",
                                  "Parent Relationship": "Outer",
                                  "Parallel Aware": false,
                                  "Join Type": "Inner",
                                  "Startup Cost": 4.88,
                                  "Total Cost": 328902.88,
                                  "Plan Rows": 41,
                                  "Plan Width": 33,
                                  "Actual Startup Time": 659.252,
                                  "Actual Total Time": 805.698,
                                  "Actual Rows": 7,
                                  "Actual Loops": 7,
                                  "Inner Unique": false,
                                  "Plans": [
                                    {
                                      "Node Type": "Nested Loop",
                                      "Parent Relationship": "Outer",
                                      "Parallel Aware": false,
                                      "Join Type": "Inner",
                                      "Startup Cost": 4.34,
                                      "Total Cost": 328823.78,
                                      "Plan Rows": 17,
                                      "Plan Width": 33,
                                      "Actual Startup Time": 393.046,
                                      "Actual Total Time": 805.433,
                                      "Actual Rows": 30,
                                      "Actual Loops": 7,
                                      "Inner Unique": true,
                                      "Plans": [
                                        {
                                          "Node Type": "Seq Scan",
                                          "Parent Relationship": "Outer",
                                          "Parallel Aware": true,
                                          "Relation Name": "cast_info",
                                          "Alias": "ci",
                                          "Startup Cost": 0.0,
                                          "Total Cost": 328163.97,
                                          "Plan Rows": 79,
                                          "Plan Width": 12,
                                          "Actual Startup Time": 268.122,
                                          "Actual Total Time": 803.428,
                                          "Actual Rows": 106,
                                          "Actual Loops": 7,
                                          "Filter": "(note ~~ '%Marcy%'::text)",
                                          "Rows Removed by Filter": 5177657
                                        },
                                        {
                                          "Node Type": "Bitmap Heap Scan",
                                          "Parent Relationship": "Inner",
                                          "Parallel Aware": false,
                                          "Relation Name": "title",
                                          "Alias": "t",
                                          "Startup Cost": 4.34,
                                          "Total Cost": 8.35,
                                          "Plan Rows": 1,
                                          "Plan Width": 21,
                                          "Actual Startup Time": 0.016,
                                          "Actual Total Time": 0.016,
                                          "Actual Rows": 0,
                                          "Actual Loops": 744,
                                          "Recheck Cond": "(id = ci.movie_id)",
                                          "Rows Removed by Index Recheck": 0,
                                          "Filter": "(production_year > 2009)",
                                          "Rows Removed by Filter": 1,
                                          "Exact Heap Blocks": 4,
                                          "Lossy Heap Blocks": 0,
                                          "Plans": [
                                            {
                                              "Node Type": "Bitmap Index Scan",
                                              "Parent Relationship": "Outer",
                                              "Parallel Aware": false,
                                              "Index Name": "title_pkey",
                                              "Startup Cost": 0.0,
                                              "Total Cost": 4.34,
                                              "Plan Rows": 1,
                                              "Plan Width": 0,
                                              "Actual Startup Time": 0.005,
                                              "Actual Total Time": 0.005,
                                              "Actual Rows": 1,
                                              "Actual Loops": 744,
                                              "Index Cond": "(id = ci.movie_id)"
                                            }
                                          ]
                                        }
                                      ]
                                    },
                                    {
                                      "Node Type": "Bitmap Heap Scan",
                                      "Parent Relationship": "Inner",
                                      "Parallel Aware": false,
                                      "Relation Name": "movie_companies",
                                      "Alias": "mc",
                                      "Startup Cost": 0.54,
                                      "Total Cost": 4.6,
                                      "Plan Rows": 5,
                                      "Plan Width": 12,
                                      "Actual Startup Time": 0.006,
                                      "Actual Total Time": 0.006,
                                      "Actual Rows": 0,
                                      "Actual Loops": 210,
                                      "Recheck Cond": "(movie_id = t.id)",
                                      "Rows Removed by Index Recheck": 0,
                                      "Exact Heap Blocks": 0,
                                      "Lossy Heap Blocks": 0,
                                      "Plans": [
                                        {
                                          "Node Type": "Bitmap Index Scan",
                                          "Parent Relationship": "Outer",
                                          "Parallel Aware": false,
                                          "Index Name": "movie_id_movie_companies",
                                          "Startup Cost": 0.0,
                                          "Total Cost": 0.54,
                                          "Plan Rows": 5,
                                          "Plan Width": 0,
                                          "Actual Startup Time": 0.005,
                                          "Actual Total Time": 0.005,
                                          "Actual Rows": 0,
                                          "Actual Loops": 210,
                                          "Index Cond": "(movie_id = t.id)"
                                        }
                                      ]
                                    }
                                  ]
                                },
                                {
                                  "Node Type": "Bitmap Heap Scan",
                                  "Parent Relationship": "Inner",
                                  "Parallel Aware": false,
                                  "Relation Name": "company_name",
                                  "Alias": "cn",
                                  "Startup Cost": 0.43,
                                  "Total Cost": 4.44,
                                  "Plan Rows": 1,
                                  "Plan Width": 4,
                                  "Actual Startup Time": 0.014,
                                  "Actual Total Time": 0.014,
                                  "Actual Rows": 0,
                                  "Actual Loops": 48,
                                  "Recheck Cond": "(id = mc.company_id)",
                                  "Rows Removed by Index Recheck": 0,
                                  "Filter": "((country_code)::text = '[us]'::text)",
                                  "Rows Removed by Filter": 1,
                                  "Exact Heap Blocks": 0,
                                  "Lossy Heap Blocks": 0,
                                  "Plans": [
                                    {
                                      "Node Type": "Bitmap Index Scan",
                                      "Parent Relationship": "Outer",
                                      "Parallel Aware": false,
                                      "Index Name": "company_name_pkey",
                                      "Startup Cost": 0.0,
                                      "Total Cost": 0.43,
                                      "Plan Rows": 1,
                                      "Plan Width": 0,
                                      "Actual Startup Time": 0.007,
                                      "Actual Total Time": 0.007,
                                      "Actual Rows": 1,
                                      "Actual Loops": 48,
                                      "Index Cond": "(id = mc.company_id)"
                                    }
                                  ]
                                }
                              ]
                            },
                            {
                              "Node Type": "Bitmap Heap Scan",
                              "Parent Relationship": "Inner",
                              "Parallel Aware": false,
                              "Relation Name": "char_name",
                              "Alias": "chn",
                              "Startup Cost": 4.36,
                              "Total Cost": 8.37,
                              "Plan Rows": 1,
                              "Plan Width": 20,
                              "Actual Startup Time": 0.021,
                              "Actual Total Time": 0.021,
                              "Actual Rows": 1,
                              "Actual Loops": 22,
                              "Recheck Cond": "(id = ci.person_role_id)",
                              "Rows Removed by Index Recheck": 0,
                              "Exact Heap Blocks": 0,
                              "Lossy Heap Blocks": 0,
                              "Plans": [
                                {
                                  "Node Type": "Bitmap Index Scan",
                                  "Parent Relationship": "Outer",
                                  "Parallel Aware": false,
                                  "Index Name": "char_name_pkey",
                                  "Startup Cost": 0.0,
                                  "Total Cost": 4.36,
                                  "Plan Rows": 1,
                                  "Plan Width": 0,
                                  "Actual Startup Time": 0.013,
                                  "Actual Total Time": 0.013,
                                  "Actual Rows": 1,
                                  "Actual Loops": 22,
                                  "Index Cond": "(id = ci.person_role_id)"
                                }
                              ]
                            }
                          ]
                        },
                        {
                          "Node Type": "Hash",
                          "Parent Relationship": "Inner",
                          "Parallel Aware": false,
                          "Startup Cost": 1.04,
                          "Total Cost": 1.04,
                          "Plan Rows": 4,
                          "Plan Width": 4,
                          "Actual Startup Time": 0.045,
                          "Actual Total Time": 0.047,
                          "Actual Rows": 4,
                          "Actual Loops": 7,
                          "Hash Buckets": 1024,
                          "Original Hash Buckets": 1024,
                          "Hash Batches": 1,
                          "Original Hash Batches": 1,
                          "Peak Memory Usage": 9,
                          "Plans": [
                            {
                              "Node Type": "Seq Scan",
                              "Parent Relationship": "Outer",
                              "Parallel Aware": false,
                              "Relation Name": "company_type",
                              "Alias": "ct",
                              "Startup Cost": 0.0,
                              "Total Cost": 1.04,
                              "Plan Rows": 4,
                              "Plan Width": 4,
                              "Actual Startup Time": 0.029,
                              "Actual Total Time": 0.032,
                              "Actual Rows": 4,
                              "Actual Loops": 7
                            }
                          ]
                        }
                      ]
                    },
                    {
                      "Node Type": "Hash",
                      "Parent Relationship": "Inner",
                      "Parallel Aware": false,
                      "Startup Cost": 1.12,
                      "Total Cost": 1.12,
                      "Plan Rows": 12,
                      "Plan Width": 4,
                      "Actual Startup Time": 0.087,
                      "Actual Total Time": 0.09,
                      "Actual Rows": 12,
                      "Actual Loops": 7,
                      "Hash Buckets": 1024,
                      "Original Hash Buckets": 1024,
                      "Hash Batches": 1,
                      "Original Hash Batches": 1,
                      "Peak Memory Usage": 9,
                      "Plans": [
                        {
                          "Node Type": "Seq Scan",
                          "Parent Relationship": "Outer",
                          "Parallel Aware": false,
                          "Relation Name": "role_type",
                          "Alias": "rt",
                          "Startup Cost": 0.0,
                          "Total Cost": 1.12,
                          "Plan Rows": 12,
                          "Plan Width": 4,
                          "Actual Startup Time": 0.048,
                          "Actual Total Time": 0.054,
                          "Actual Rows": 12,
                          "Actual Loops": 7
                        }
                      ]
                    }
                  ]
                }
              ]
            }
          ]
        }
      ]
    },
    "Planning Time": 12.179,
    "Triggers": [],
    "Execution Time": 897.57
  }
]