[
  {
    "Plan": {
      "Node Type": "Aggregate",
      "Strategy": "Plain",
      "Partial Mode": "Finalize",
      "Parallel Aware": false,
      "Startup Cost": 609199.34,
      "Total Cost": 609199.35,
      "Plan Rows": 1,
      "Plan Width": 8,
      "Actual Startup Time": 3369.107,
      "Actual Total Time": 3461.391,
      "Actual Rows": 1,
      "Actual Loops": 1,
      "Plans": [
        {
          "Node Type": "Gather",
          "Parent Relationship": "Outer",
          "Parallel Aware": false,
          "Startup Cost": 609198.72,
          "Total Cost": 609199.33,
          "Plan Rows": 6,
          "Plan Width": 8,
          "Actual Startup Time": 3356.454,
          "Actual Total Time": 3461.379,
          "Actual Rows": 7,
          "Actual Loops": 1,
          "Workers Planned": 6,
          "Workers Launched": 6,
          "Single Copy": false,
          "Plans": [
            {
              "Node Type": "Aggregate",
              "Strategy": "Plain",
              "Partial Mode": "Partial",
              "Parent Relationship": "Outer",
              "Parallel Aware": false,
              "Startup Cost": 608198.72,
              "Total Cost": 608198.73,
              "Plan Rows": 1,
              "Plan Width": 8,
              "Actual Startup Time": 3330.967,
              "Actual Total Time": 3330.975,
              "Actual Rows": 1,
              "Actual Loops": 7,
              "Plans": [
                {
                  "Node Type": "Hash Join",
                  "Parent Relationship": "Outer",
                  "Parallel Aware": true,
                  "Join Type": "Inner",
                  "Startup Cost": 250292.31,
                  "Total Cost": 599624.78,
                  "Plan Rows": 3429576,
                  "Plan Width": 0,
                  "Actual Startup Time": 1147.248,
                  "Actual Total Time": 3100.647,
                  "Actual Rows": 4599509,
                  "Actual Loops": 7,
                  "Inner Unique": false,
                  "Hash Cond": "(ci.movie_id = t.id)",
                  "Plans": [
                    {
                      "Node Type": "Seq Scan",
                      "Parent Relationship": "Outer",
                      "Parallel Aware": true,
                      "Relation Name": "cast_info",
                      "Alias": "ci",
                      "Startup Cost": 0.0,
                      "Total Cost": 328211.39,
                      "Plan Rows": 3803179,
                      "Plan Width": 4,
                      "Actual Startup Time": 150.432,
                      "Actual Total Time": 653.397,
                      "Actual Rows": 3241088,
                      "Actual Loops": 7,
                      "Filter": "(person_id > 1335854)",
                      "Rows Removed by Filter": 1936675
                    },
                    {
                      "Node Type": "Hash",
                      "Parent Relationship": "Inner",
                      "Parallel Aware": true,
                      "Startup Cost": 244592.2,
                      "Total Cost": 244592.2,
                      "Plan Rows": 456009,
                      "Plan Width": 8,
                      "Actual Startup Time": 988.954,
                      "Actual Total Time": 988.959,
                      "Actual Rows": 246646,
                      "Actual Loops": 7,
                      "Hash Buckets": 4194304,
                      "Original Hash Buckets": 4194304,
                      "Hash Batches": 1,
                      "Original Hash Batches": 1,
                      "Peak Memory Usage": 100416,
                      "Plans": [
                        {
                          "Node Type": "Hash Join",
                          "Parent Relationship": "Outer",
                          "Parallel Aware": true,
                          "Join Type": "Inner",
                          "Startup Cost": 45112.8,
                          "Total Cost": 244592.2,
                          "Plan Rows": 456009,
                          "Plan Width": 8,
                          "Actual Startup Time": 121.535,
                          "Actual Total Time": 855.84,
                          "Actual Rows": 246646,
                          "Actual Loops": 7,
                          "Inner Unique": true,
                          "Hash Cond": "(mi.movie_id = t.id)",
                          "Plans": [
                            {
                              "Node Type": "Seq Scan",
                              "Parent Relationship": "Outer",
                              "Parallel Aware": true,
                              "Relation Name": "movie_info",
                              "Alias": "mi",
                              "Startup Cost": 0.0,
                              "Total Cost": 191685.19,
                              "Plan Rows": 2969219,
                              "Plan Width": 4,
                              "Actual Startup Time": 0.037,
                              "Actual Total Time": 314.507,
                              "Actual Rows": 2119389,
                              "Actual Loops": 7
                            },
                            {
                              "Node Type": "Hash",
                              "Parent Relationship": "Inner",
                              "Parallel Aware": true,
                              "Startup Cost": 43899.32,
                              "Total Cost": 43899.32,
                              "Plan Rows": 97078,
                              "Plan Width": 4,
                              "Actual Startup Time": 119.305,
                              "Actual Total Time": 119.307,
                              "Actual Rows": 55952,
                              "Actual Loops": 7,
                              "Hash Buckets": 524288,
                              "Original Hash Buckets": 524288,
                              "Hash Batches": 1,
                              "Original Hash Batches": 1,
                              "Peak Memory Usage": 19520,
                              "Plans": [
                                {
                                  "Node Type": "Seq Scan",
                                  "Parent Relationship": "Outer",
                                  "Parallel Aware": true,
                                  "Relation Name": "title",
                                  "Alias": "t",
                                  "Startup Cost": 0.0,
                                  "Total Cost": 43899.32,
                                  "Plan Rows": 97078,
                                  "Plan Width": 4,
                                  "Actual Startup Time": 0.054,
                                  "Actual Total Time": 84.647,
                                  "Actual Rows": 55952,
                                  "Actual Loops": 7,
                                  "Filter": "(production_year > 2010)",
                                  "Rows Removed by Filter": 305235
                                }
                              ]
                            }
                          ]
                        }
                      ]
                    }
                  ]
                }
              ]
            }
          ]
        }
      ]
    },
    "Planning Time": 1.328,
    "Triggers": [],
    "Execution Time": 3461.499
  }
]