[
  {
    "Plan": {
      "Node Type": "Aggregate",
      "Strategy": "Plain",
      "Partial Mode": "Finalize",
      "Parallel Aware": false,
      "Startup Cost": 416171.89,
      "Total Cost": 416171.9,
      "Plan Rows": 1,
      "Plan Width": 8,
      "Actual Startup Time": 1603.735,
      "Actual Total Time": 1683.919,
      "Actual Rows": 1,
      "Actual Loops": 1,
      "Plans": [
        {
          "Node Type": "Gather",
          "Parent Relationship": "Outer",
          "Parallel Aware": false,
          "Startup Cost": 416171.57,
          "Total Cost": 416171.88,
          "Plan Rows": 3,
          "Plan Width": 8,
          "Actual Startup Time": 1600.308,
          "Actual Total Time": 1683.907,
          "Actual Rows": 4,
          "Actual Loops": 1,
          "Workers Planned": 3,
          "Workers Launched": 3,
          "Single Copy": false,
          "Plans": [
            {
              "Node Type": "Aggregate",
              "Strategy": "Plain",
              "Partial Mode": "Partial",
              "Parent Relationship": "Outer",
              "Parallel Aware": false,
              "Startup Cost": 415171.57,
              "Total Cost": 415171.58,
              "Plan Rows": 1,
              "Plan Width": 8,
              "Actual Startup Time": 1591.849,
              "Actual Total Time": 1591.853,
              "Actual Rows": 1,
              "Actual Loops": 4,
              "Plans": [
                {
                  "Node Type": "Nested Loop",
                  "Parent Relationship": "Outer",
                  "Parallel Aware": false,
                  "Join Type": "Inner",
                  "Startup Cost": 47694.73,
                  "Total Cost": 413685.89,
                  "Plan Rows": 594272,
                  "Plan Width": 0,
                  "Actual Startup Time": 195.783,
                  "Actual Total Time": 1544.308,
                  "Actual Rows": 821104,
                  "Actual Loops": 4,
                  "Inner Unique": false,
                  "Join Filter": "(t.id = ci.movie_id)",
                  "Rows Removed by Join Filter": 0,
                  "Plans": [
                    {
                      "Node Type": "Hash Join",
                      "Parent Relationship": "Outer",
                      "Parallel Aware": true,
                      "Join Type": "Inner",
                      "Startup Cost": 47694.16,
                      "Total Cost": 91535.0,
                      "Plan Rows": 122275,
                      "Plan Width": 8,
                      "Actual Startup Time": 195.564,
                      "Actual Total Time": 365.419,
                      "Actual Rows": 42743,
                      "Actual Loops": 4,
                      "Inner Unique": true,
                      "Hash Cond": "(mk.movie_id = t.id)",
                      "Plans": [
                        {
                          "Node Type": "Seq Scan",
                          "Parent Relationship": "Outer",
                          "Parallel Aware": true,
                          "Relation Name": "movie_keyword",
                          "Alias": "mk",
                          "Startup Cost": 0.0,
                          "Total Cost": 42695.65,
                          "Plan Rows": 436262,
                          "Plan Width": 4,
                          "Actual Startup Time": 1.004,
                          "Actual Total Time": 107.028,
                          "Actual Rows": 337663,
                          "Actual Loops": 4,
                          "Filter": "(keyword_id > 12530)",
                          "Rows Removed by Filter": 793319
                        },
                        {
                          "Node Type": "Hash",
                          "Parent Relationship": "Inner",
                          "Parallel Aware": true,
                          "Startup Cost": 45479.59,
                          "Total Cost": 45479.59,
                          "Plan Rows": 177166,
                          "Plan Width": 4,
                          "Actual Startup Time": 191.383,
                          "Actual Total Time": 191.384,
                          "Actual Rows": 190680,
                          "Actual Loops": 4,
                          "Hash Buckets": 1048576,
                          "Original Hash Buckets": 1048576,
                          "Hash Batches": 1,
                          "Original Hash Batches": 1,
                          "Peak Memory Usage": 38112,
                          "Plans": [
                            {
                              "Node Type": "Seq Scan",
                              "Parent Relationship": "Outer",
                              "Parallel Aware": true,
                              "Relation Name": "title",
                              "Alias": "t",
                              "Startup Cost": 0.0,
                              "Total Cost": 45479.59,
                              "Plan Rows": 177166,
                              "Plan Width": 4,
                              "Actual Startup Time": 0.035,
                              "Actual Total Time": 115.579,
                              "Actual Rows": 190680,
                              "Actual Loops": 4,
                              "Filter": "((kind_id > 2) AND (production_year > 2005))",
                              "Rows Removed by Filter": 441398
                            }
                          ]
                        }
                      ]
                    },
                    {
                      "Node Type": "Index Scan",
                      "Parent Relationship": "Inner",
                      "Parallel Aware": false,
                      "Scan Direction": "Forward",
                      "Index Name": "movie_id_cast_info",
                      "Relation Name": "cast_info",
                      "Alias": "ci",
                      "Startup Cost": 0.56,
                      "Total Cost": 2.48,
                      "Plan Rows": 12,
                      "Plan Width": 4,
                      "Actual Startup Time": 0.01,
                      "Actual Total Time": 0.025,
                      "Actual Rows": 19,
                      "Actual Loops": 170972,
                      "Index Cond": "(movie_id = mk.movie_id)",
                      "Rows Removed by Index Recheck": 0,
                      "Filter": "((person_id > 1728122) AND (role_id > 1))",
                      "Rows Removed by Filter": 16
                    }
                  ]
                }
              ]
            }
          ]
        }
      ]
    },
    "Planning Time": 0.64,
    "Triggers": [],
    "Execution Time": 1684.011
  }
]