{
  "Plan": {
    "Node Type": "Aggregate",
    "Strategy": "Plain",
    "Partial Mode": "Finalize",
    "Parallel Aware": false,
    "Startup Cost": 46263.87,
    "Total Cost": 46263.88,
    "Plan Rows": 1,
    "Plan Width": 8,
    "Actual Startup Time": 59.159,
    "Actual Total Time": 65.906,
    "Actual Rows": 1,
    "Actual Loops": 1,
    "Plans": [
      {
        "Node Type": "Gather",
        "Parent Relationship": "Outer",
        "Parallel Aware": false,
        "Startup Cost": 46263.76,
        "Total Cost": 46263.87,
        "Plan Rows": 1,
        "Plan Width": 8,
        "Actual Startup Time": 59.033,
        "Actual Total Time": 65.9,
        "Actual Rows": 2,
        "Actual Loops": 1,
        "Workers Planned": 1,
        "Workers Launched": 1,
        "Single Copy": false,
        "Plans": [
          {
            "Node Type": "Aggregate",
            "Strategy": "Plain",
            "Partial Mode": "Partial",
            "Parent Relationship": "Outer",
            "Parallel Aware": false,
            "Startup Cost": 45263.76,
            "Total Cost": 45263.77,
            "Plan Rows": 1,
            "Plan Width": 8,
            "Actual Startup Time": 52.835,
            "Actual Total Time": 52.837,
            "Actual Rows": 1,
            "Actual Loops": 2,
            "Plans": [
              {
                "Node Type": "Nested Loop",
                "Parent Relationship": "Outer",
                "Parallel Aware": false,
                "Join Type": "Inner",
                "Startup Cost": 145.88,
                "Total Cost": 45261.97,
                "Plan Rows": 718,
                "Plan Width": 0,
                "Actual Startup Time": 3.951,
                "Actual Total Time": 52.55,
                "Actual Rows": 2132,
                "Actual Loops": 2,
                "Inner Unique": false,
                "Plans": [
                  {
                    "Node Type": "Nested Loop",
                    "Parent Relationship": "Outer",
                    "Parallel Aware": false,
                    "Join Type": "Inner",
                    "Startup Cost": 145.45,
                    "Total Cost": 43186.42,
                    "Plan Rows": 3992,
                    "Plan Width": 8,
                    "Actual Startup Time": 3.814,
                    "Actual Total Time": 34.599,
                    "Actual Rows": 2936,
                    "Actual Loops": 2,
                    "Inner Unique": true,
                    "Plans": [
                      {
                        "Node Type": "Bitmap Heap Scan",
                        "Parent Relationship": "Outer",
                        "Parallel Aware": true,
                        "Relation Name": "movie_keyword",
                        "Alias": "mk",
                        "Startup Cost": 145.02,
                        "Total Cost": 15207.87,
                        "Plan Rows": 3992,
                        "Plan Width": 4,
                        "Actual Startup Time": 3.668,
                        "Actual Total Time": 12.208,
                        "Actual Rows": 2936,
                        "Actual Loops": 2,
                        "Recheck Cond": "(keyword_id = 2860)",
                        "Rows Removed by Index Recheck": 0,
                        "Exact Heap Blocks": 3517,
                        "Lossy Heap Blocks": 0,
                        "Plans": [
                          {
                            "Node Type": "Bitmap Index Scan",
                            "Parent Relationship": "Outer",
                            "Parallel Aware": false,
                            "Index Name": "keyword_id_movie_keyword",
                            "Startup Cost": 0.0,
                            "Total Cost": 143.33,
                            "Plan Rows": 6786,
                            "Plan Width": 0,
                            "Actual Startup Time": 4.734,
                            "Actual Total Time": 4.734,
                            "Actual Rows": 5871,
                            "Actual Loops": 1,
                            "Index Cond": "(keyword_id = 2860)"
                          }
                        ]
                      },
                      {
                        "Node Type": "Index Only Scan",
                        "Parent Relationship": "Inner",
                        "Parallel Aware": false,
                        "Scan Direction": "Forward",
                        "Index Name": "title_pkey",
                        "Relation Name": "title",
                        "Alias": "t",
                        "Startup Cost": 0.43,
                        "Total Cost": 7.01,
                        "Plan Rows": 1,
                        "Plan Width": 4,
                        "Actual Startup Time": 0.007,
                        "Actual Total Time": 0.007,
                        "Actual Rows": 1,
                        "Actual Loops": 5871,
                        "Index Cond": "(id = mk.movie_id)",
                        "Rows Removed by Index Recheck": 0,
                        "Heap Fetches": 5871
                      }
                    ]
                  },
                  {
                    "Node Type": "Index Scan",
                    "Parent Relationship": "Inner",
                    "Parallel Aware": false,
                    "Scan Direction": "Forward",
                    "Index Name": "movie_id_movie_info_idx",
                    "Relation Name": "movie_info_idx",
                    "Alias": "mi_idx",
                    "Startup Cost": 0.43,
                    "Total Cost": 0.51,
                    "Plan Rows": 1,
                    "Plan Width": 4,
                    "Actual Startup Time": 0.005,
                    "Actual Total Time": 0.006,
                    "Actual Rows": 1,
                    "Actual Loops": 5871,
                    "Index Cond": "(movie_id = t.id)",
                    "Rows Removed by Index Recheck": 0,
                    "Filter": "(info_type_id < 100)",
                    "Rows Removed by Filter": 1
                  }
                ]
              }
            ]
          }
        ]
      }
    ]
  },
  "Planning Time": 0.837,
  "Triggers": [],
  "Execution Time": 65.999
}