[
    {
        "Bao": {
            "Bao prediction": "NaN",
            "Bao recommended hint": "(no hint)"
        }
    },
    {
        "Plan": {
            "Node Type": "Aggregate",
            "Strategy": "Plain",
            "Partial Mode": "Finalize",
            "Parallel Aware": false,
            "Startup Cost": 33034.27,
            "Total Cost": 33034.28,
            "Plan Rows": 1,
            "Plan Width": 8,
            "Actual Startup Time": 97.489,
            "Actual Total Time": 103.644,
            "Actual Rows": 1,
            "Actual Loops": 1,
            "Output": [
                "count(*)"
            ],
            "Plans": [
                {
                    "Node Type": "Gather",
                    "Parent Relationship": "Outer",
                    "Parallel Aware": false,
                    "Startup Cost": 33033.95,
                    "Total Cost": 33034.26,
                    "Plan Rows": 3,
                    "Plan Width": 8,
                    "Actual Startup Time": 97.4,
                    "Actual Total Time": 103.638,
                    "Actual Rows": 4,
                    "Actual Loops": 1,
                    "Output": [
                        "(PARTIAL count(*))"
                    ],
                    "Workers Planned": 3,
                    "Workers Launched": 3,
                    "Single Copy": false,
                    "Plans": [
                        {
                            "Node Type": "Aggregate",
                            "Strategy": "Plain",
                            "Partial Mode": "Partial",
                            "Parent Relationship": "Outer",
                            "Parallel Aware": false,
                            "Startup Cost": 32033.95,
                            "Total Cost": 32033.96,
                            "Plan Rows": 1,
                            "Plan Width": 8,
                            "Actual Startup Time": 89.252,
                            "Actual Total Time": 89.253,
                            "Actual Rows": 1,
                            "Actual Loops": 4,
                            "Output": [
                                "PARTIAL count(*)"
                            ],
                            "Workers": [
                                {
                                    "Worker Number": 0,
                                    "Actual Startup Time": 86.405,
                                    "Actual Total Time": 86.406,
                                    "Actual Rows": 1,
                                    "Actual Loops": 1
                                },
                                {
                                    "Worker Number": 1,
                                    "Actual Startup Time": 86.689,
                                    "Actual Total Time": 86.69,
                                    "Actual Rows": 1,
                                    "Actual Loops": 1
                                },
                                {
                                    "Worker Number": 2,
                                    "Actual Startup Time": 86.951,
                                    "Actual Total Time": 86.953,
                                    "Actual Rows": 1,
                                    "Actual Loops": 1
                                }
                            ],
                            "Plans": [
                                {
                                    "Node Type": "Seq Scan",
                                    "Parent Relationship": "Outer",
                                    "Parallel Aware": true,
                                    "Relation Name": "movie_companies",
                                    "Schema": "public",
                                    "Alias": "mc",
                                    "Startup Cost": 0.0,
                                    "Total Cost": 31414.82,
                                    "Plan Rows": 247652,
                                    "Plan Width": 0,
                                    "Actual Startup Time": 45.614,
                                    "Actual Total Time": 79.155,
                                    "Actual Rows": 246719,
                                    "Actual Loops": 4,
                                    "Output": [
                                        "id",
                                        "movie_id",
                                        "company_id",
                                        "company_type_id",
                                        "note"
                                    ],
                                    "Filter": "((mc.company_id > 7561) AND (mc.company_type_id = 2))",
                                    "Rows Removed by Filter": 405563,
                                    "Workers": [
                                        {
                                            "Worker Number": 0,
                                            "Actual Startup Time": 42.773,
                                            "Actual Total Time": 76.737,
                                            "Actual Rows": 230253,
                                            "Actual Loops": 1
                                        },
                                        {
                                            "Worker Number": 1,
                                            "Actual Startup Time": 43.047,
                                            "Actual Total Time": 76.948,
                                            "Actual Rows": 240524,
                                            "Actual Loops": 1
                                        },
                                        {
                                            "Worker Number": 2,
                                            "Actual Startup Time": 43.316,
                                            "Actual Total Time": 77.298,
                                            "Actual Rows": 229708,
                                            "Actual Loops": 1
                                        }
                                    ]
                                }
                            ]
                        }
                    ]
                }
            ]
        },
        "Planning Time": 227.959,
        "Triggers": [],
        "Execution Time": 103.705
    }
]