{
  "Plan": {
    "Node Type": "Aggregate",
    "Strategy": "Plain",
    "Partial Mode": "Finalize",
    "Parallel Aware": false,
    "Startup Cost": 408306.57,
    "Total Cost": 408306.58,
    "Plan Rows": 1,
    "Plan Width": 8,
    "Actual Startup Time": 2257.48,
    "Actual Total Time": 2309.041,
    "Actual Rows": 1,
    "Actual Loops": 1,
    "Plans": [
      {
        "Node Type": "Gather",
        "Parent Relationship": "Outer",
        "Parallel Aware": false,
        "Startup Cost": 408306.46,
        "Total Cost": 408306.57,
        "Plan Rows": 1,
        "Plan Width": 8,
        "Actual Startup Time": 2254.622,
        "Actual Total Time": 2309.033,
        "Actual Rows": 2,
        "Actual Loops": 1,
        "Workers Planned": 1,
        "Workers Launched": 1,
        "Single Copy": false,
        "Plans": [
          {
            "Node Type": "Aggregate",
            "Strategy": "Plain",
            "Partial Mode": "Partial",
            "Parent Relationship": "Outer",
            "Parallel Aware": false,
            "Startup Cost": 407306.46,
            "Total Cost": 407306.47,
            "Plan Rows": 1,
            "Plan Width": 8,
            "Actual Startup Time": 2248.481,
            "Actual Total Time": 2248.488,
            "Actual Rows": 1,
            "Actual Loops": 2,
            "Plans": [
              {
                "Node Type": "Hash Join",
                "Parent Relationship": "Outer",
                "Parallel Aware": true,
                "Join Type": "Inner",
                "Startup Cost": 339606.02,
                "Total Cost": 406952.84,
                "Plan Rows": 141447,
                "Plan Width": 0,
                "Actual Startup Time": 1507.209,
                "Actual Total Time": 2130.181,
                "Actual Rows": 2302036,
                "Actual Loops": 2,
                "Inner Unique": false,
                "Hash Cond": "(mk.movie_id = t.id)",
                "Plans": [
                  {
                    "Node Type": "Seq Scan",
                    "Parent Relationship": "Outer",
                    "Parallel Aware": true,
                    "Relation Name": "movie_keyword",
                    "Alias": "mk",
                    "Startup Cost": 0.0,
                    "Total Cost": 57718.19,
                    "Plan Rows": 2345758,
                    "Plan Width": 4,
                    "Actual Startup Time": 0.039,
                    "Actual Total Time": 236.211,
                    "Actual Rows": 1988212,
                    "Actual Loops": 2,
                    "Filter": "(keyword_id > 393)",
                    "Rows Removed by Filter": 273753
                  },
                  {
                    "Node Type": "Hash",
                    "Parent Relationship": "Inner",
                    "Parallel Aware": true,
                    "Startup Cost": 338485.03,
                    "Total Cost": 338485.03,
                    "Plan Rows": 89679,
                    "Plan Width": 8,
                    "Actual Startup Time": 1503.332,
                    "Actual Total Time": 1503.337,
                    "Actual Rows": 401701,
                    "Actual Loops": 2,
                    "Hash Buckets": 1048576,
                    "Original Hash Buckets": 262144,
                    "Hash Batches": 1,
                    "Original Hash Batches": 1,
                    "Peak Memory Usage": 45792,
                    "Plans": [
                      {
                        "Node Type": "Hash Join",
                        "Parent Relationship": "Outer",
                        "Parallel Aware": true,
                        "Join Type": "Inner",
                        "Startup Cost": 58792.96,
                        "Total Cost": 338485.03,
                        "Plan Rows": 89679,
                        "Plan Width": 8,
                        "Actual Startup Time": 174.643,
                        "Actual Total Time": 1374.438,
                        "Actual Rows": 401701,
                        "Actual Loops": 2,
                        "Inner Unique": true,
                        "Hash Cond": "(mi.movie_id = t.id)",
                        "Plans": [
                          {
                            "Node Type": "Seq Scan",
                            "Parent Relationship": "Outer",
                            "Parallel Aware": true,
                            "Relation Name": "movie_info",
                            "Alias": "mi",
                            "Startup Cost": 0.0,
                            "Total Cost": 270696.42,
                            "Plan Rows": 3426912,
                            "Plan Width": 4,
                            "Actual Startup Time": 0.012,
                            "Actual Total Time": 749.707,
                            "Actual Rows": 2942482,
                            "Actual Loops": 2,
                            "Filter": "(info_type_id < 7)",
                            "Rows Removed by Filter": 4475378
                          },
                          {
                            "Node Type": "Hash",
                            "Parent Relationship": "Inner",
                            "Parallel Aware": true,
                            "Startup Cost": 58306.47,
                            "Total Cost": 58306.47,
                            "Plan Rows": 38919,
                            "Plan Width": 4,
                            "Actual Startup Time": 172.431,
                            "Actual Total Time": 172.432,
                            "Actual Rows": 83840,
                            "Actual Loops": 2,
                            "Hash Buckets": 262144,
                            "Original Hash Buckets": 131072,
                            "Hash Batches": 1,
                            "Original Hash Batches": 1,
                            "Peak Memory Usage": 9664,
                            "Plans": [
                              {
                                "Node Type": "Seq Scan",
                                "Parent Relationship": "Outer",
                                "Parallel Aware": true,
                                "Relation Name": "title",
                                "Alias": "t",
                                "Startup Cost": 0.0,
                                "Total Cost": 58306.47,
                                "Plan Rows": 38919,
                                "Plan Width": 4,
                                "Actual Startup Time": 0.844,
                                "Actual Total Time": 149.556,
                                "Actual Rows": 83840,
                                "Actual Loops": 2,
                                "Filter": "((kind_id < 7) AND (production_year < 1952))",
                                "Rows Removed by Filter": 1180316
                              }
                            ]
                          }
                        ]
                      }
                    ]
                  }
                ]
              }
            ]
          }
        ]
      }
    ]
  },
  "Planning Time": 0.947,
  "Triggers": [],
  "Execution Time": 2309.185
}