[
  {
    "Plan": {
      "Node Type": "Aggregate",
      "Strategy": "Plain",
      "Partial Mode": "Simple",
      "Parallel Aware": false,
      "Startup Cost": 361332.78,
      "Total Cost": 361332.79,
      "Plan Rows": 1,
      "Plan Width": 32,
      "Actual Startup Time": 1982.662,
      "Actual Total Time": 2048.36,
      "Actual Rows": 1,
      "Actual Loops": 1,
      "Plans": [
        {
          "Node Type": "Merge Join",
          "Parent Relationship": "Outer",
          "Parallel Aware": false,
          "Join Type": "Inner",
          "Startup Cost": 361332.19,
          "Total Cost": 361332.77,
          "Plan Rows": 2,
          "Plan Width": 17,
          "Actual Startup Time": 1982.651,
          "Actual Total Time": 2048.349,
          "Actual Rows": 0,
          "Actual Loops": 1,
          "Inner Unique": true,
          "Merge Cond": "(mi.info_type_id = it.id)",
          "Plans": [
            {
              "Node Type": "Sort",
              "Parent Relationship": "Outer",
              "Parallel Aware": false,
              "Startup Cost": 361326.2,
              "Total Cost": 361326.21,
              "Plan Rows": 2,
              "Plan Width": 21,
              "Actual Startup Time": 1982.65,
              "Actual Total Time": 2048.346,
              "Actual Rows": 0,
              "Actual Loops": 1,
              "Sort Key": [
                "mi.info_type_id"
              ],
              "Sort Method": "quicksort",
              "Sort Space Used": 25,
              "Sort Space Type": "Memory",
              "Plans": [
                {
                  "Node Type": "Merge Join",
                  "Parent Relationship": "Outer",
                  "Parallel Aware": false,
                  "Join Type": "Inner",
                  "Startup Cost": 347914.58,
                  "Total Cost": 361326.19,
                  "Plan Rows": 2,
                  "Plan Width": 21,
                  "Actual Startup Time": 1982.632,
                  "Actual Total Time": 2048.327,
                  "Actual Rows": 0,
                  "Actual Loops": 1,
                  "Inner Unique": false,
                  "Merge Cond": "(t.id = mc.movie_id)",
                  "Plans": [
                    {
                      "Node Type": "Gather Merge",
                      "Parent Relationship": "Outer",
                      "Parallel Aware": false,
                      "Startup Cost": 313392.08,
                      "Total Cost": 326598.77,
                      "Plan Rows": 87347,
                      "Plan Width": 29,
                      "Actual Startup Time": 1776.57,
                      "Actual Total Time": 1842.099,
                      "Actual Rows": 1,
                      "Actual Loops": 1,
                      "Workers Planned": 5,
                      "Workers Launched": 5,
                      "Plans": [
                        {
                          "Node Type": "Merge Join",
                          "Parent Relationship": "Outer",
                          "Parallel Aware": false,
                          "Join Type": "Inner",
                          "Startup Cost": 312392.0,
                          "Total Cost": 315079.95,
                          "Plan Rows": 17469,
                          "Plan Width": 29,
                          "Actual Startup Time": 1686.519,
                          "Actual Total Time": 1711.018,
                          "Actual Rows": 844,
                          "Actual Loops": 6,
                          "Inner Unique": true,
                          "Merge Cond": "(mi.movie_id = t.id)",
                          "Plans": [
                            {
                              "Node Type": "Sort",
                              "Parent Relationship": "Outer",
                              "Parallel Aware": false,
                              "Startup Cost": 208612.59,
                              "Total Cost": 208896.0,
                              "Plan Rows": 113363,
                              "Plan Width": 8,
                              "Actual Startup Time": 731.086,
                              "Actual Total Time": 731.451,
                              "Actual Rows": 6876,
                              "Actual Loops": 6,
                              "Sort Key": [
                                "mi.movie_id"
                              ],
                              "Sort Method": "quicksort",
                              "Sort Space Used": 8509,
                              "Sort Space Type": "Memory",
                              "Workers": [
                                {
                                  "Worker Number": 0,
                                  "Sort Method": "quicksort",
                                  "Sort Space Used": 6973,
                                  "Sort Space Type": "Memory"
                                },
                                {
                                  "Worker Number": 1,
                                  "Sort Method": "quicksort",
                                  "Sort Space Used": 6930,
                                  "Sort Space Type": "Memory"
                                },
                                {
                                  "Worker Number": 2,
                                  "Sort Method": "quicksort",
                                  "Sort Space Used": 6906,
                                  "Sort Space Type": "Memory"
                                },
                                {
                                  "Worker Number": 3,
                                  "Sort Method": "quicksort",
                                  "Sort Space Used": 6900,
                                  "Sort Space Type": "Memory"
                                },
                                {
                                  "Worker Number": 4,
                                  "Sort Method": "quicksort",
                                  "Sort Space Used": 8127,
                                  "Sort Space Type": "Memory"
                                }
                              ],
                              "Plans": [
                                {
                                  "Node Type": "Seq Scan",
                                  "Parent Relationship": "Outer",
                                  "Parallel Aware": true,
                                  "Relation Name": "movie_info",
                                  "Alias": "mi",
                                  "Startup Cost": 0.0,
                                  "Total Cost": 199095.43,
                                  "Plan Rows": 113363,
                                  "Plan Width": 8,
                                  "Actual Startup Time": 49.603,
                                  "Actual Total Time": 700.045,
                                  "Actual Rows": 92130,
                                  "Actual Loops": 6,
                                  "Filter": "(info = ANY ('{USA,America}'::text[]))",
                                  "Rows Removed by Filter": 2380490
                                }
                              ]
                            },
                            {
                              "Node Type": "Sort",
                              "Parent Relationship": "Inner",
                              "Parallel Aware": false,
                              "Startup Cost": 103779.39,
                              "Total Cost": 104753.41,
                              "Plan Rows": 389607,
                              "Plan Width": 21,
                              "Actual Startup Time": 955.265,
                              "Actual Total Time": 968.344,
                              "Actual Rows": 93089,
                              "Actual Loops": 6,
                              "Sort Key": [
                                "t.id"
                              ],
                              "Sort Method": "quicksort",
                              "Sort Space Used": 39792,
                              "Sort Space Type": "Memory",
                              "Workers": [
                                {
                                  "Worker Number": 0,
                                  "Sort Method": "quicksort",
                                  "Sort Space Used": 39792,
                                  "Sort Space Type": "Memory"
                                },
                                {
                                  "Worker Number": 1,
                                  "Sort Method": "quicksort",
                                  "Sort Space Used": 39792,
                                  "Sort Space Type": "Memory"
                                },
                                {
                                  "Worker Number": 2,
                                  "Sort Method": "quicksort",
                                  "Sort Space Used": 39792,
                                  "Sort Space Type": "Memory"
                                },
                                {
                                  "Worker Number": 3,
                                  "Sort Method": "quicksort",
                                  "Sort Space Used": 39792,
                                  "Sort Space Type": "Memory"
                                },
                                {
                                  "Worker Number": 4,
                                  "Sort Method": "quicksort",
                                  "Sort Space Used": 39792,
                                  "Sort Space Type": "Memory"
                                }
                              ],
                              "Plans": [
                                {
                                  "Node Type": "Seq Scan",
                                  "Parent Relationship": "Outer",
                                  "Parallel Aware": false,
                                  "Relation Name": "title",
                                  "Alias": "t",
                                  "Startup Cost": 0.0,
                                  "Total Cost": 67601.15,
                                  "Plan Rows": 389607,
                                  "Plan Width": 21,
                                  "Actual Startup Time": 0.068,
                                  "Actual Total Time": 757.407,
                                  "Actual Rows": 391666,
                                  "Actual Loops": 6,
                                  "Filter": "(production_year > 2010)",
                                  "Rows Removed by Filter": 2136646
                                }
                              ]
                            }
                          ]
                        }
                      ]
                    },
                    {
                      "Node Type": "Sort",
                      "Parent Relationship": "Inner",
                      "Parallel Aware": false,
                      "Startup Cost": 34522.19,
                      "Total Cost": 34522.23,
                      "Plan Rows": 14,
                      "Plan Width": 4,
                      "Actual Startup Time": 206.055,
                      "Actual Total Time": 206.218,
                      "Actual Rows": 0,
                      "Actual Loops": 1,
                      "Sort Key": [
                        "mc.movie_id"
                      ],
                      "Sort Method": "quicksort",
                      "Sort Space Used": 25,
                      "Sort Space Type": "Memory",
                      "Plans": [
                        {
                          "Node Type": "Gather",
                          "Parent Relationship": "Outer",
                          "Parallel Aware": false,
                          "Startup Cost": 34520.39,
                          "Total Cost": 34521.93,
                          "Plan Rows": 14,
                          "Plan Width": 4,
                          "Actual Startup Time": 206.037,
                          "Actual Total Time": 206.2,
                          "Actual Rows": 0,
                          "Actual Loops": 1,
                          "Workers Planned": 3,
                          "Workers Launched": 2,
                          "Single Copy": false,
                          "Plans": [
                            {
                              "Node Type": "Merge Join",
                              "Parent Relationship": "Outer",
                              "Parallel Aware": false,
                              "Join Type": "Inner",
                              "Startup Cost": 33520.39,
                              "Total Cost": 33520.53,
                              "Plan Rows": 5,
                              "Plan Width": 4,
                              "Actual Startup Time": 196.741,
                              "Actual Total Time": 196.744,
                              "Actual Rows": 0,
                              "Actual Loops": 3,
                              "Inner Unique": true,
                              "Merge Cond": "(mc.company_type_id = ct.id)",
                              "Plans": [
                                {
                                  "Node Type": "Sort",
                                  "Parent Relationship": "Outer",
                                  "Parallel Aware": false,
                                  "Startup Cost": 33519.33,
                                  "Total Cost": 33519.37,
                                  "Plan Rows": 18,
                                  "Plan Width": 8,
                                  "Actual Startup Time": 196.587,
                                  "Actual Total Time": 196.615,
                                  "Actual Rows": 473,
                                  "Actual Loops": 3,
                                  "Sort Key": [
                                    "mc.company_type_id"
                                  ],
                                  "Sort Method": "quicksort",
                                  "Sort Space Used": 56,
                                  "Sort Space Type": "Memory",
                                  "Workers": [
                                    {
                                      "Worker Number": 0,
                                      "Sort Method": "quicksort",
                                      "Sort Space Used": 41,
                                      "Sort Space Type": "Memory"
                                    },
                                    {
                                      "Worker Number": 1,
                                      "Sort Method": "quicksort",
                                      "Sort Space Used": 43,
                                      "Sort Space Type": "Memory"
                                    }
                                  ],
                                  "Plans": [
                                    {
                                      "Node Type": "Seq Scan",
                                      "Parent Relationship": "Outer",
                                      "Parallel Aware": true,
                                      "Relation Name": "movie_companies",
                                      "Alias": "mc",
                                      "Startup Cost": 0.0,
                                      "Total Cost": 33518.95,
                                      "Plan Rows": 18,
                                      "Plan Width": 8,
                                      "Actual Startup Time": 13.321,
                                      "Actual Total Time": 196.269,
                                      "Actual Rows": 473,
                                      "Actual Loops": 3,
                                      "Filter": "((note ~~ '%(VHS)%'::text) AND (note ~~ '%(USA)%'::text) AND (note ~~ '%(1994)%'::text))",
                                      "Rows Removed by Filter": 869237
                                    }
                                  ]
                                },
                                {
                                  "Node Type": "Sort",
                                  "Parent Relationship": "Inner",
                                  "Parallel Aware": false,
                                  "Startup Cost": 1.06,
                                  "Total Cost": 1.06,
                                  "Plan Rows": 1,
                                  "Plan Width": 4,
                                  "Actual Startup Time": 0.083,
                                  "Actual Total Time": 0.084,
                                  "Actual Rows": 1,
                                  "Actual Loops": 3,
                                  "Sort Key": [
                                    "ct.id"
                                  ],
                                  "Sort Method": "quicksort",
                                  "Sort Space Used": 25,
                                  "Sort Space Type": "Memory",
                                  "Workers": [
                                    {
                                      "Worker Number": 0,
                                      "Sort Method": "quicksort",
                                      "Sort Space Used": 25,
                                      "Sort Space Type": "Memory"
                                    },
                                    {
                                      "Worker Number": 1,
                                      "Sort Method": "quicksort",
                                      "Sort Space Used": 25,
                                      "Sort Space Type": "Memory"
                                    }
                                  ],
                                  "Plans": [
                                    {
                                      "Node Type": "Seq Scan",
                                      "Parent Relationship": "Outer",
                                      "Parallel Aware": false,
                                      "Relation Name": "company_type",
                                      "Alias": "ct",
                                      "Startup Cost": 0.0,
                                      "Total Cost": 1.05,
                                      "Plan Rows": 1,
                                      "Plan Width": 4,
                                      "Actual Startup Time": 0.041,
                                      "Actual Total Time": 0.042,
                                      "Actual Rows": 1,
                                      "Actual Loops": 3,
                                      "Filter": "((kind)::text = 'production companies'::text)",
                                      "Rows Removed by Filter": 3
                                    }
                                  ]
                                }
                              ]
                            }
                          ]
                        }
                      ]
                    }
                  ]
                }
              ]
            },
            {
              "Node Type": "Sort",
              "Parent Relationship": "Inner",
              "Parallel Aware": false,
              "Startup Cost": 5.98,
              "Total Cost": 6.27,
              "Plan Rows": 113,
              "Plan Width": 4,
              "Actual Startup Time": 0.0,
              "Actual Total Time": 0.0,
              "Actual Rows": 0,
              "Actual Loops": 0,
              "Sort Key": [
                "it.id"
              ],
              "Plans": [
                {
                  "Node Type": "Seq Scan",
                  "Parent Relationship": "Outer",
                  "Parallel Aware": false,
                  "Relation Name": "info_type",
                  "Alias": "it",
                  "Startup Cost": 0.0,
                  "Total Cost": 2.13,
                  "Plan Rows": 113,
                  "Plan Width": 4,
                  "Actual Startup Time": 0.0,
                  "Actual Total Time": 0.0,
                  "Actual Rows": 0,
                  "Actual Loops": 0
                }
              ]
            }
          ]
        }
      ]
    },
    "Planning Time": 7.985,
    "Triggers": [],
    "Execution Time": 2056.786
  }
]