{
  "Plan": {
    "Node Type": "Aggregate",
    "Strategy": "Plain",
    "Partial Mode": "Finalize",
    "Parallel Aware": false,
    "Startup Cost": 440180.5,
    "Total Cost": 440180.51,
    "Plan Rows": 1,
    "Plan Width": 8,
    "Actual Startup Time": 1450.171,
    "Actual Total Time": 1468.425,
    "Actual Rows": 1,
    "Actual Loops": 1,
    "Plans": [
      {
        "Node Type": "Gather",
        "Parent Relationship": "Outer",
        "Parallel Aware": false,
        "Startup Cost": 440180.38,
        "Total Cost": 440180.49,
        "Plan Rows": 1,
        "Plan Width": 8,
        "Actual Startup Time": 1446.901,
        "Actual Total Time": 1468.414,
        "Actual Rows": 2,
        "Actual Loops": 1,
        "Workers Planned": 1,
        "Workers Launched": 1,
        "Single Copy": false,
        "Plans": [
          {
            "Node Type": "Aggregate",
            "Strategy": "Plain",
            "Partial Mode": "Partial",
            "Parent Relationship": "Outer",
            "Parallel Aware": false,
            "Startup Cost": 439180.38,
            "Total Cost": 439180.39,
            "Plan Rows": 1,
            "Plan Width": 8,
            "Actual Startup Time": 1439.143,
            "Actual Total Time": 1439.147,
            "Actual Rows": 1,
            "Actual Loops": 2,
            "Plans": [
              {
                "Node Type": "Hash Join",
                "Parent Relationship": "Outer",
                "Parallel Aware": true,
                "Join Type": "Inner",
                "Startup Cost": 150165.35,
                "Total Cost": 437785.45,
                "Plan Rows": 557973,
                "Plan Width": 0,
                "Actual Startup Time": 607.385,
                "Actual Total Time": 1400.513,
                "Actual Rows": 980085,
                "Actual Loops": 2,
                "Inner Unique": true,
                "Hash Cond": "(ci.movie_id = t.id)",
                "Plans": [
                  {
                    "Node Type": "Bitmap Heap Scan",
                    "Parent Relationship": "Outer",
                    "Parallel Aware": true,
                    "Relation Name": "cast_info",
                    "Alias": "ci",
                    "Startup Cost": 81863.45,
                    "Total Cost": 367497.99,
                    "Plan Rows": 756402,
                    "Plan Width": 4,
                    "Actual Startup Time": 150.716,
                    "Actual Total Time": 419.221,
                    "Actual Rows": 1394568,
                    "Actual Loops": 2,
                    "Recheck Cond": "(person_id < 370714)",
                    "Rows Removed by Index Recheck": 0,
                    "Filter": "(role_id = 1)",
                    "Rows Removed by Filter": 541020,
                    "Exact Heap Blocks": 21781,
                    "Lossy Heap Blocks": 0,
                    "Plans": [
                      {
                        "Node Type": "Bitmap Index Scan",
                        "Parent Relationship": "Outer",
                        "Parallel Aware": false,
                        "Index Name": "person_id_cast_info",
                        "Startup Cost": 0.0,
                        "Total Cost": 81541.98,
                        "Plan Rows": 3734055,
                        "Plan Width": 0,
                        "Actual Startup Time": 144.147,
                        "Actual Total Time": 144.147,
                        "Actual Rows": 3871176,
                        "Actual Loops": 1,
                        "Index Cond": "(person_id < 370714)"
                      }
                    ]
                  },
                  {
                    "Node Type": "Hash",
                    "Parent Relationship": "Inner",
                    "Parallel Aware": true,
                    "Startup Cost": 54588.39,
                    "Total Cost": 54588.39,
                    "Plan Rows": 1097081,
                    "Plan Width": 4,
                    "Actual Startup Time": 441.908,
                    "Actual Total Time": 441.909,
                    "Actual Rows": 932744,
                    "Actual Loops": 2,
                    "Hash Buckets": 2097152,
                    "Original Hash Buckets": 2097152,
                    "Hash Batches": 1,
                    "Original Hash Batches": 1,
                    "Peak Memory Usage": 89376,
                    "Plans": [
                      {
                        "Node Type": "Seq Scan",
                        "Parent Relationship": "Outer",
                        "Parallel Aware": true,
                        "Relation Name": "title",
                        "Alias": "t",
                        "Startup Cost": 0.0,
                        "Total Cost": 54588.39,
                        "Plan Rows": 1097081,
                        "Plan Width": 4,
                        "Actual Startup Time": 0.046,
                        "Actual Total Time": 171.154,
                        "Actual Rows": 932744,
                        "Actual Loops": 2,
                        "Filter": "(kind_id > 1)",
                        "Rows Removed by Filter": 331412
                      }
                    ]
                  }
                ]
              }
            ]
          }
        ]
      }
    ]
  },
  "Planning Time": 0.767,
  "Triggers": [],
  "Execution Time": 1468.522
}