[
  {
    "Plan": {
      "Node Type": "Aggregate",
      "Strategy": "Plain",
      "Partial Mode": "Finalize",
      "Parallel Aware": false,
      "Startup Cost": 78766.61,
      "Total Cost": 78766.62,
      "Plan Rows": 1,
      "Plan Width": 8,
      "Actual Startup Time": 248.207,
      "Actual Total Time": 260.782,
      "Actual Rows": 1,
      "Actual Loops": 1,
      "Plans": [
        {
          "Node Type": "Gather",
          "Parent Relationship": "Outer",
          "Parallel Aware": false,
          "Startup Cost": 78766.19,
          "Total Cost": 78766.6,
          "Plan Rows": 4,
          "Plan Width": 8,
          "Actual Startup Time": 245.242,
          "Actual Total Time": 260.772,
          "Actual Rows": 5,
          "Actual Loops": 1,
          "Workers Planned": 4,
          "Workers Launched": 4,
          "Single Copy": false,
          "Plans": [
            {
              "Node Type": "Aggregate",
              "Strategy": "Plain",
              "Partial Mode": "Partial",
              "Parent Relationship": "Outer",
              "Parallel Aware": false,
              "Startup Cost": 77766.19,
              "Total Cost": 77766.2,
              "Plan Rows": 1,
              "Plan Width": 8,
              "Actual Startup Time": 235.191,
              "Actual Total Time": 235.195,
              "Actual Rows": 1,
              "Actual Loops": 5,
              "Plans": [
                {
                  "Node Type": "Hash Join",
                  "Parent Relationship": "Outer",
                  "Parallel Aware": true,
                  "Join Type": "Inner",
                  "Startup Cost": 30624.21,
                  "Total Cost": 77655.3,
                  "Plan Rows": 44355,
                  "Plan Width": 0,
                  "Actual Startup Time": 137.863,
                  "Actual Total Time": 234.695,
                  "Actual Rows": 6247,
                  "Actual Loops": 5,
                  "Inner Unique": false,
                  "Hash Cond": "(t.id = mc.movie_id)",
                  "Plans": [
                    {
                      "Node Type": "Seq Scan",
                      "Parent Relationship": "Outer",
                      "Parallel Aware": true,
                      "Relation Name": "title",
                      "Alias": "t",
                      "Startup Cost": 0.0,
                      "Total Cost": 45479.1,
                      "Plan Rows": 281782,
                      "Plan Width": 4,
                      "Actual Startup Time": 0.015,
                      "Actual Total Time": 79.807,
                      "Actual Rows": 244565,
                      "Actual Loops": 5,
                      "Filter": "((kind_id > 4) AND (production_year > 1986))",
                      "Rows Removed by Filter": 261098
                    },
                    {
                      "Node Type": "Hash",
                      "Parent Relationship": "Inner",
                      "Parallel Aware": true,
                      "Startup Cost": 29019.47,
                      "Total Cost": 29019.47,
                      "Plan Rows": 128379,
                      "Plan Width": 4,
                      "Actual Startup Time": 99.093,
                      "Actual Total Time": 99.095,
                      "Actual Rows": 80591,
                      "Actual Loops": 5,
                      "Hash Buckets": 524288,
                      "Original Hash Buckets": 524288,
                      "Hash Batches": 1,
                      "Original Hash Batches": 1,
                      "Peak Memory Usage": 19968,
                      "Plans": [
                        {
                          "Node Type": "Bitmap Heap Scan",
                          "Parent Relationship": "Outer",
                          "Parallel Aware": true,
                          "Relation Name": "movie_companies",
                          "Alias": "mc",
                          "Startup Cost": 8624.74,
                          "Total Cost": 29019.47,
                          "Plan Rows": 128379,
                          "Plan Width": 4,
                          "Actual Startup Time": 35.891,
                          "Actual Total Time": 67.25,
                          "Actual Rows": 80591,
                          "Actual Loops": 5,
                          "Recheck Cond": "(company_id > 81924)",
                          "Rows Removed by Index Recheck": 0,
                          "Exact Heap Blocks": 2442,
                          "Lossy Heap Blocks": 0,
                          "Plans": [
                            {
                              "Node Type": "Bitmap Index Scan",
                              "Parent Relationship": "Outer",
                              "Parallel Aware": false,
                              "Index Name": "company_id_movie_companies",
                              "Startup Cost": 0.0,
                              "Total Cost": 8525.24,
                              "Plan Rows": 397975,
                              "Plan Width": 0,
                              "Actual Startup Time": 34.838,
                              "Actual Total Time": 34.838,
                              "Actual Rows": 402953,
                              "Actual Loops": 1,
                              "Index Cond": "(company_id > 81924)"
                            }
                          ]
                        }
                      ]
                    }
                  ]
                }
              ]
            }
          ]
        }
      ]
    },
    "Planning Time": 0.592,
    "Triggers": [],
    "Execution Time": 260.87
  }
]