[
  {
    "Plan": {
      "Node Type": "Aggregate",
      "Strategy": "Plain",
      "Partial Mode": "Finalize",
      "Parallel Aware": false,
      "Startup Cost": 45299.05,
      "Total Cost": 45299.06,
      "Plan Rows": 1,
      "Plan Width": 8,
      "Actual Startup Time": 139.719,
      "Actual Total Time": 149.623,
      "Actual Rows": 1,
      "Actual Loops": 1,
      "Plans": [
        {
          "Node Type": "Gather",
          "Parent Relationship": "Outer",
          "Parallel Aware": false,
          "Startup Cost": 45298.73,
          "Total Cost": 45299.04,
          "Plan Rows": 3,
          "Plan Width": 8,
          "Actual Startup Time": 139.556,
          "Actual Total Time": 149.616,
          "Actual Rows": 4,
          "Actual Loops": 1,
          "Workers Planned": 3,
          "Workers Launched": 3,
          "Single Copy": false,
          "Plans": [
            {
              "Node Type": "Aggregate",
              "Strategy": "Plain",
              "Partial Mode": "Partial",
              "Parent Relationship": "Outer",
              "Parallel Aware": false,
              "Startup Cost": 44298.73,
              "Total Cost": 44298.74,
              "Plan Rows": 1,
              "Plan Width": 8,
              "Actual Startup Time": 135.745,
              "Actual Total Time": 135.746,
              "Actual Rows": 1,
              "Actual Loops": 4,
              "Plans": [
                {
                  "Node Type": "Seq Scan",
                  "Parent Relationship": "Outer",
                  "Parallel Aware": true,
                  "Relation Name": "movie_keyword",
                  "Alias": "mk",
                  "Startup Cost": 0.0,
                  "Total Cost": 42695.65,
                  "Plan Rows": 641231,
                  "Plan Width": 0,
                  "Actual Startup Time": 0.023,
                  "Actual Total Time": 112.095,
                  "Actual Rows": 498596,
                  "Actual Loops": 4,
                  "Filter": "(keyword_id < 3522)",
                  "Rows Removed by Filter": 632387
                }
              ]
            }
          ]
        }
      ]
    },
    "Planning Time": 0.073,
    "Triggers": [],
    "Execution Time": 149.65
  }
]