{
  "Plan": {
    "Node Type": "Aggregate",
    "Strategy": "Plain",
    "Partial Mode": "Finalize",
    "Parallel Aware": false,
    "Startup Cost": 119981.71,
    "Total Cost": 119981.72,
    "Plan Rows": 1,
    "Plan Width": 8,
    "Actual Startup Time": 383.675,
    "Actual Total Time": 400.283,
    "Actual Rows": 1,
    "Actual Loops": 1,
    "Plans": [
      {
        "Node Type": "Gather",
        "Parent Relationship": "Outer",
        "Parallel Aware": false,
        "Startup Cost": 119981.6,
        "Total Cost": 119981.71,
        "Plan Rows": 1,
        "Plan Width": 8,
        "Actual Startup Time": 383.387,
        "Actual Total Time": 400.275,
        "Actual Rows": 2,
        "Actual Loops": 1,
        "Workers Planned": 1,
        "Workers Launched": 1,
        "Single Copy": false,
        "Plans": [
          {
            "Node Type": "Aggregate",
            "Strategy": "Plain",
            "Partial Mode": "Partial",
            "Parent Relationship": "Outer",
            "Parallel Aware": false,
            "Startup Cost": 118981.6,
            "Total Cost": 118981.61,
            "Plan Rows": 1,
            "Plan Width": 8,
            "Actual Startup Time": 377.668,
            "Actual Total Time": 377.696,
            "Actual Rows": 1,
            "Actual Loops": 2,
            "Plans": [
              {
                "Node Type": "Hash Join",
                "Parent Relationship": "Outer",
                "Parallel Aware": true,
                "Join Type": "Inner",
                "Startup Cost": 58881.66,
                "Total Cost": 118913.42,
                "Plan Rows": 27269,
                "Plan Width": 0,
                "Actual Startup Time": 149.541,
                "Actual Total Time": 377.381,
                "Actual Rows": 6732,
                "Actual Loops": 2,
                "Inner Unique": true,
                "Hash Cond": "(mk.movie_id = t.id)",
                "Plans": [
                  {
                    "Node Type": "Seq Scan",
                    "Parent Relationship": "Outer",
                    "Parallel Aware": true,
                    "Relation Name": "movie_keyword",
                    "Alias": "mk",
                    "Startup Cost": 0.0,
                    "Total Cost": 57718.19,
                    "Plan Rows": 881363,
                    "Plan Width": 4,
                    "Actual Startup Time": 0.012,
                    "Actual Total Time": 164.525,
                    "Actual Rows": 755343,
                    "Actual Loops": 2,
                    "Filter": "(keyword_id < 2188)",
                    "Rows Removed by Filter": 1506622
                  },
                  {
                    "Node Type": "Hash",
                    "Parent Relationship": "Inner",
                    "Parallel Aware": true,
                    "Startup Cost": 58306.47,
                    "Total Cost": 58306.47,
                    "Plan Rows": 46015,
                    "Plan Width": 4,
                    "Actual Startup Time": 147.293,
                    "Actual Total Time": 147.319,
                    "Actual Rows": 42342,
                    "Actual Loops": 2,
                    "Hash Buckets": 131072,
                    "Original Hash Buckets": 131072,
                    "Hash Batches": 1,
                    "Original Hash Batches": 1,
                    "Peak Memory Usage": 4384,
                    "Plans": [
                      {
                        "Node Type": "Seq Scan",
                        "Parent Relationship": "Outer",
                        "Parallel Aware": true,
                        "Relation Name": "title",
                        "Alias": "t",
                        "Startup Cost": 0.0,
                        "Total Cost": 58306.47,
                        "Plan Rows": 46015,
                        "Plan Width": 4,
                        "Actual Startup Time": 0.04,
                        "Actual Total Time": 136.019,
                        "Actual Rows": 42342,
                        "Actual Loops": 2,
                        "Filter": "((kind_id = 7) AND (production_year = 2009))",
                        "Rows Removed by Filter": 1221814
                      }
                    ]
                  }
                ]
              }
            ]
          }
        ]
      }
    ]
  },
  "Planning Time": 0.494,
  "Triggers": [],
  "Execution Time": 400.357
}