[
  {
    "Plan": {
      "Node Type": "Aggregate",
      "Strategy": "Plain",
      "Partial Mode": "Finalize",
      "Parallel Aware": false,
      "Startup Cost": 243019.31,
      "Total Cost": 243019.32,
      "Plan Rows": 1,
      "Plan Width": 8,
      "Actual Startup Time": 191.097,
      "Actual Total Time": 221.71,
      "Actual Rows": 1,
      "Actual Loops": 1,
      "Plans": [
        {
          "Node Type": "Gather",
          "Parent Relationship": "Outer",
          "Parallel Aware": false,
          "Startup Cost": 243018.89,
          "Total Cost": 243019.3,
          "Plan Rows": 4,
          "Plan Width": 8,
          "Actual Startup Time": 190.91,
          "Actual Total Time": 221.699,
          "Actual Rows": 5,
          "Actual Loops": 1,
          "Workers Planned": 4,
          "Workers Launched": 4,
          "Single Copy": false,
          "Plans": [
            {
              "Node Type": "Aggregate",
              "Strategy": "Plain",
              "Partial Mode": "Partial",
              "Parent Relationship": "Outer",
              "Parallel Aware": false,
              "Startup Cost": 242018.89,
              "Total Cost": 242018.9,
              "Plan Rows": 1,
              "Plan Width": 8,
              "Actual Startup Time": 184.725,
              "Actual Total Time": 184.727,
              "Actual Rows": 1,
              "Actual Loops": 5,
              "Plans": [
                {
                  "Node Type": "Nested Loop",
                  "Parent Relationship": "Outer",
                  "Parallel Aware": false,
                  "Join Type": "Inner",
                  "Startup Cost": 0.43,
                  "Total Cost": 241994.28,
                  "Plan Rows": 9843,
                  "Plan Width": 0,
                  "Actual Startup Time": 46.839,
                  "Actual Total Time": 183.969,
                  "Actual Rows": 10920,
                  "Actual Loops": 5,
                  "Inner Unique": false,
                  "Plans": [
                    {
                      "Node Type": "Seq Scan",
                      "Parent Relationship": "Outer",
                      "Parallel Aware": true,
                      "Relation Name": "title",
                      "Alias": "t",
                      "Startup Cost": 0.0,
                      "Total Cost": 45479.59,
                      "Plan Rows": 8208,
                      "Plan Width": 4,
                      "Actual Startup Time": 45.897,
                      "Actual Total Time": 72.606,
                      "Actual Rows": 5621,
                      "Actual Loops": 5,
                      "Filter": "((kind_id = 1) AND (production_year = 2009))",
                      "Rows Removed by Filter": 500042
                    },
                    {
                      "Node Type": "Index Scan",
                      "Parent Relationship": "Inner",
                      "Parallel Aware": false,
                      "Scan Direction": "Forward",
                      "Index Name": "movie_id_movie_info",
                      "Relation Name": "movie_info",
                      "Alias": "mi",
                      "Startup Cost": 0.43,
                      "Total Cost": 23.86,
                      "Plan Rows": 8,
                      "Plan Width": 4,
                      "Actual Startup Time": 0.013,
                      "Actual Total Time": 0.019,
                      "Actual Rows": 2,
                      "Actual Loops": 28104,
                      "Index Cond": "(movie_id = t.id)",
                      "Rows Removed by Index Recheck": 0,
                      "Filter": "(info_type_id = 16)",
                      "Rows Removed by Filter": 11
                    }
                  ]
                }
              ]
            }
          ]
        }
      ]
    },
    "Planning Time": 0.193,
    "Triggers": [],
    "Execution Time": 221.745
  }
]