[
  {
    "Plan": {
      "Node Type": "Aggregate",
      "Strategy": "Plain",
      "Partial Mode": "Finalize",
      "Parallel Aware": false,
      "Startup Cost": 46361.41,
      "Total Cost": 46361.42,
      "Plan Rows": 1,
      "Plan Width": 8,
      "Actual Startup Time": 145.091,
      "Actual Total Time": 154.628,
      "Actual Rows": 1,
      "Actual Loops": 1,
      "Plans": [
        {
          "Node Type": "Gather",
          "Parent Relationship": "Outer",
          "Parallel Aware": false,
          "Startup Cost": 46361.1,
          "Total Cost": 46361.41,
          "Plan Rows": 3,
          "Plan Width": 8,
          "Actual Startup Time": 144.963,
          "Actual Total Time": 154.621,
          "Actual Rows": 4,
          "Actual Loops": 1,
          "Workers Planned": 3,
          "Workers Launched": 3,
          "Single Copy": false,
          "Plans": [
            {
              "Node Type": "Aggregate",
              "Strategy": "Plain",
              "Partial Mode": "Partial",
              "Parent Relationship": "Outer",
              "Parallel Aware": false,
              "Startup Cost": 45361.1,
              "Total Cost": 45361.11,
              "Plan Rows": 1,
              "Plan Width": 8,
              "Actual Startup Time": 141.694,
              "Actual Total Time": 141.695,
              "Actual Rows": 1,
              "Actual Loops": 4,
              "Plans": [
                {
                  "Node Type": "Seq Scan",
                  "Parent Relationship": "Outer",
                  "Parallel Aware": true,
                  "Relation Name": "movie_keyword",
                  "Alias": "mk",
                  "Startup Cost": 0.0,
                  "Total Cost": 42695.65,
                  "Plan Rows": 1066177,
                  "Plan Width": 0,
                  "Actual Startup Time": 0.029,
                  "Actual Total Time": 107.165,
                  "Actual Rows": 825482,
                  "Actual Loops": 4,
                  "Filter": "(keyword_id < 14895)",
                  "Rows Removed by Filter": 305500
                }
              ]
            }
          ]
        }
      ]
    },
    "Planning Time": 0.1,
    "Triggers": [],
    "Execution Time": 154.663
  }
]