{
  "Plan": {
    "Node Type": "Aggregate",
    "Strategy": "Plain",
    "Partial Mode": "Finalize",
    "Parallel Aware": false,
    "Startup Cost": 390764.23,
    "Total Cost": 390764.24,
    "Plan Rows": 1,
    "Plan Width": 8,
    "Actual Startup Time": 1983.221,
    "Actual Total Time": 2033.166,
    "Actual Rows": 1,
    "Actual Loops": 1,
    "Plans": [
      {
        "Node Type": "Gather",
        "Parent Relationship": "Outer",
        "Parallel Aware": false,
        "Startup Cost": 390764.12,
        "Total Cost": 390764.23,
        "Plan Rows": 1,
        "Plan Width": 8,
        "Actual Startup Time": 1981.495,
        "Actual Total Time": 2033.155,
        "Actual Rows": 2,
        "Actual Loops": 1,
        "Workers Planned": 1,
        "Workers Launched": 1,
        "Single Copy": false,
        "Plans": [
          {
            "Node Type": "Aggregate",
            "Strategy": "Plain",
            "Partial Mode": "Partial",
            "Parent Relationship": "Outer",
            "Parallel Aware": false,
            "Startup Cost": 389764.12,
            "Total Cost": 389764.13,
            "Plan Rows": 1,
            "Plan Width": 8,
            "Actual Startup Time": 1975.481,
            "Actual Total Time": 1975.76,
            "Actual Rows": 1,
            "Actual Loops": 2,
            "Plans": [
              {
                "Node Type": "Hash Join",
                "Parent Relationship": "Outer",
                "Parallel Aware": true,
                "Join Type": "Inner",
                "Startup Cost": 97695.44,
                "Total Cost": 388107.74,
                "Plan Rows": 662551,
                "Plan Width": 0,
                "Actual Startup Time": 545.98,
                "Actual Total Time": 1917.483,
                "Actual Rows": 1461552,
                "Actual Loops": 2,
                "Inner Unique": false,
                "Hash Cond": "(mi.movie_id = t.id)",
                "Plans": [
                  {
                    "Node Type": "Seq Scan",
                    "Parent Relationship": "Outer",
                    "Parallel Aware": true,
                    "Relation Name": "movie_info",
                    "Alias": "mi",
                    "Startup Cost": 0.0,
                    "Total Cost": 270696.42,
                    "Plan Rows": 4218272,
                    "Plan Width": 4,
                    "Actual Startup Time": 0.014,
                    "Actual Total Time": 657.732,
                    "Actual Rows": 3643432,
                    "Actual Loops": 2,
                    "Filter": "(info_type_id < 8)",
                    "Rows Removed by Filter": 3774428
                  },
                  {
                    "Node Type": "Hash",
                    "Parent Relationship": "Inner",
                    "Parallel Aware": true,
                    "Startup Cost": 94775.51,
                    "Total Cost": 94775.51,
                    "Plan Rows": 233595,
                    "Plan Width": 8,
                    "Actual Startup Time": 538.661,
                    "Actual Total Time": 538.938,
                    "Actual Rows": 201096,
                    "Actual Loops": 2,
                    "Hash Buckets": 524288,
                    "Original Hash Buckets": 524288,
                    "Hash Batches": 1,
                    "Original Hash Batches": 1,
                    "Peak Memory Usage": 19840,
                    "Plans": [
                      {
                        "Node Type": "Hash Join",
                        "Parent Relationship": "Outer",
                        "Parallel Aware": true,
                        "Join Type": "Inner",
                        "Startup Cost": 33235.91,
                        "Total Cost": 94775.51,
                        "Plan Rows": 233595,
                        "Plan Width": 8,
                        "Actual Startup Time": 129.071,
                        "Actual Total Time": 489.363,
                        "Actual Rows": 201096,
                        "Actual Loops": 2,
                        "Inner Unique": false,
                        "Hash Cond": "(t.id = mc.movie_id)",
                        "Plans": [
                          {
                            "Node Type": "Seq Scan",
                            "Parent Relationship": "Outer",
                            "Parallel Aware": true,
                            "Relation Name": "title",
                            "Alias": "t",
                            "Startup Cost": 0.0,
                            "Total Cost": 50870.31,
                            "Plan Rows": 1487231,
                            "Plan Width": 4,
                            "Actual Startup Time": 0.01,
                            "Actual Total Time": 116.697,
                            "Actual Rows": 1264156,
                            "Actual Loops": 2
                          },
                          {
                            "Node Type": "Hash",
                            "Parent Relationship": "Inner",
                            "Parallel Aware": true,
                            "Startup Cost": 30315.97,
                            "Total Cost": 30315.97,
                            "Plan Rows": 233595,
                            "Plan Width": 4,
                            "Actual Startup Time": 114.179,
                            "Actual Total Time": 114.181,
                            "Actual Rows": 201096,
                            "Actual Loops": 2,
                            "Hash Buckets": 524288,
                            "Original Hash Buckets": 524288,
                            "Hash Batches": 1,
                            "Original Hash Batches": 1,
                            "Peak Memory Usage": 19840,
                            "Plans": [
                              {
                                "Node Type": "Bitmap Heap Scan",
                                "Parent Relationship": "Outer",
                                "Parallel Aware": true,
                                "Relation Name": "movie_companies",
                                "Alias": "mc",
                                "Startup Cost": 8606.04,
                                "Total Cost": 30315.97,
                                "Plan Rows": 233595,
                                "Plan Width": 4,
                                "Actual Startup Time": 28.569,
                                "Actual Total Time": 69.714,
                                "Actual Rows": 201096,
                                "Actual Loops": 2,
                                "Recheck Cond": "(company_id > 82003)",
                                "Rows Removed by Index Recheck": 0,
                                "Exact Heap Blocks": 4151,
                                "Lossy Heap Blocks": 0,
                                "Plans": [
                                  {
                                    "Node Type": "Bitmap Index Scan",
                                    "Parent Relationship": "Outer",
                                    "Parallel Aware": false,
                                    "Index Name": "company_id_movie_companies",
                                    "Startup Cost": 0.0,
                                    "Total Cost": 8506.76,
                                    "Plan Rows": 397111,
                                    "Plan Width": 0,
                                    "Actual Startup Time": 27.724,
                                    "Actual Total Time": 27.724,
                                    "Actual Rows": 402192,
                                    "Actual Loops": 1,
                                    "Index Cond": "(company_id > 82003)"
                                  }
                                ]
                              }
                            ]
                          }
                        ]
                      }
                    ]
                  }
                ]
              }
            ]
          }
        ]
      }
    ]
  },
  "Planning Time": 0.988,
  "Triggers": [],
  "Execution Time": 2033.283
}