{
  "Plan": {
    "Node Type": "Aggregate",
    "Strategy": "Plain",
    "Partial Mode": "Finalize",
    "Parallel Aware": false,
    "Startup Cost": 323855.55,
    "Total Cost": 323855.56,
    "Plan Rows": 1,
    "Plan Width": 8,
    "Actual Startup Time": 1359.909,
    "Actual Total Time": 1383.321,
    "Actual Rows": 1,
    "Actual Loops": 1,
    "Plans": [
      {
        "Node Type": "Gather",
        "Parent Relationship": "Outer",
        "Parallel Aware": false,
        "Startup Cost": 323855.44,
        "Total Cost": 323855.55,
        "Plan Rows": 1,
        "Plan Width": 8,
        "Actual Startup Time": 1356.852,
        "Actual Total Time": 1383.31,
        "Actual Rows": 2,
        "Actual Loops": 1,
        "Workers Planned": 1,
        "Workers Launched": 1,
        "Single Copy": false,
        "Plans": [
          {
            "Node Type": "Aggregate",
            "Strategy": "Plain",
            "Partial Mode": "Partial",
            "Parent Relationship": "Outer",
            "Parallel Aware": false,
            "Startup Cost": 322855.44,
            "Total Cost": 322855.45,
            "Plan Rows": 1,
            "Plan Width": 8,
            "Actual Startup Time": 1351.976,
            "Actual Total Time": 1351.979,
            "Actual Rows": 1,
            "Actual Loops": 2,
            "Plans": [
              {
                "Node Type": "Merge Join",
                "Parent Relationship": "Outer",
                "Parallel Aware": false,
                "Join Type": "Inner",
                "Startup Cost": 6.89,
                "Total Cost": 321812.34,
                "Plan Rows": 417238,
                "Plan Width": 0,
                "Actual Startup Time": 4.071,
                "Actual Total Time": 1334.777,
                "Actual Rows": 384152,
                "Actual Loops": 2,
                "Inner Unique": false,
                "Merge Cond": "(t.id = mc.movie_id)",
                "Plans": [
                  {
                    "Node Type": "Merge Join",
                    "Parent Relationship": "Outer",
                    "Parallel Aware": false,
                    "Join Type": "Inner",
                    "Startup Cost": 3.07,
                    "Total Cost": 170220.13,
                    "Plan Rows": 404311,
                    "Plan Width": 8,
                    "Actual Startup Time": 2.886,
                    "Actual Total Time": 973.603,
                    "Actual Rows": 188942,
                    "Actual Loops": 2,
                    "Inner Unique": false,
                    "Merge Cond": "(t.id = mi_idx.movie_id)",
                    "Plans": [
                      {
                        "Node Type": "Index Scan",
                        "Parent Relationship": "Outer",
                        "Parallel Aware": true,
                        "Scan Direction": "Forward",
                        "Index Name": "title_pkey",
                        "Relation Name": "title",
                        "Alias": "t",
                        "Startup Cost": 0.43,
                        "Total Cost": 107365.5,
                        "Plan Rows": 740718,
                        "Plan Width": 4,
                        "Actual Startup Time": 0.068,
                        "Actual Total Time": 632.15,
                        "Actual Rows": 670304,
                        "Actual Loops": 2,
                        "Filter": "((production_year > 1971) AND (kind_id = 7))",
                        "Rows Removed by Filter": 592844
                      },
                      {
                        "Node Type": "Index Only Scan",
                        "Parent Relationship": "Inner",
                        "Parallel Aware": false,
                        "Scan Direction": "Forward",
                        "Index Name": "movie_id_movie_info_idx",
                        "Relation Name": "movie_info_idx",
                        "Alias": "mi_idx",
                        "Startup Cost": 0.43,
                        "Total Cost": 53620.22,
                        "Plan Rows": 1380035,
                        "Plan Width": 4,
                        "Actual Startup Time": 0.174,
                        "Actual Total Time": 230.379,
                        "Actual Rows": 1380035,
                        "Actual Loops": 2,
                        "Heap Fetches": 2760070
                      }
                    ]
                  },
                  {
                    "Node Type": "Index Only Scan",
                    "Parent Relationship": "Inner",
                    "Parallel Aware": false,
                    "Scan Direction": "Forward",
                    "Index Name": "movie_id_movie_companies",
                    "Relation Name": "movie_companies",
                    "Alias": "mc",
                    "Startup Cost": 0.43,
                    "Total Cost": 140059.44,
                    "Plan Rows": 2609129,
                    "Plan Width": 4,
                    "Actual Startup Time": 0.129,
                    "Actual Total Time": 272.294,
                    "Actual Rows": 1167455,
                    "Actual Loops": 2,
                    "Heap Fetches": 2334910
                  }
                ]
              }
            ]
          }
        ]
      }
    ]
  },
  "Planning Time": 1.073,
  "Triggers": [],
  "Execution Time": 1383.44
}