{
  "Plan": {
    "Node Type": "Aggregate",
    "Strategy": "Plain",
    "Partial Mode": "Finalize",
    "Parallel Aware": false,
    "Startup Cost": 87940.76,
    "Total Cost": 87940.77,
    "Plan Rows": 1,
    "Plan Width": 8,
    "Actual Startup Time": 268.107,
    "Actual Total Time": 282.847,
    "Actual Rows": 1,
    "Actual Loops": 1,
    "Plans": [
      {
        "Node Type": "Gather",
        "Parent Relationship": "Outer",
        "Parallel Aware": false,
        "Startup Cost": 87940.65,
        "Total Cost": 87940.76,
        "Plan Rows": 1,
        "Plan Width": 8,
        "Actual Startup Time": 267.758,
        "Actual Total Time": 282.84,
        "Actual Rows": 2,
        "Actual Loops": 1,
        "Workers Planned": 1,
        "Workers Launched": 1,
        "Single Copy": false,
        "Plans": [
          {
            "Node Type": "Aggregate",
            "Strategy": "Plain",
            "Partial Mode": "Partial",
            "Parent Relationship": "Outer",
            "Parallel Aware": false,
            "Startup Cost": 86940.65,
            "Total Cost": 86940.66,
            "Plan Rows": 1,
            "Plan Width": 8,
            "Actual Startup Time": 261.605,
            "Actual Total Time": 261.608,
            "Actual Rows": 1,
            "Actual Loops": 2,
            "Plans": [
              {
                "Node Type": "Hash Join",
                "Parent Relationship": "Outer",
                "Parallel Aware": true,
                "Join Type": "Inner",
                "Startup Cost": 30205.42,
                "Total Cost": 86887.71,
                "Plan Rows": 21177,
                "Plan Width": 0,
                "Actual Startup Time": 94.853,
                "Actual Total Time": 261.255,
                "Actual Rows": 3805,
                "Actual Loops": 2,
                "Inner Unique": false,
                "Hash Cond": "(t.id = mc.movie_id)",
                "Plans": [
                  {
                    "Node Type": "Seq Scan",
                    "Parent Relationship": "Outer",
                    "Parallel Aware": true,
                    "Relation Name": "title",
                    "Alias": "t",
                    "Startup Cost": 0.0,
                    "Total Cost": 54588.39,
                    "Plan Rows": 315092,
                    "Plan Width": 4,
                    "Actual Startup Time": 0.012,
                    "Actual Total Time": 130.412,
                    "Actual Rows": 266684,
                    "Actual Loops": 2,
                    "Filter": "(production_year > 2009)",
                    "Rows Removed by Filter": 997472
                  },
                  {
                    "Node Type": "Hash",
                    "Parent Relationship": "Inner",
                    "Parallel Aware": true,
                    "Startup Cost": 28955.97,
                    "Total Cost": 28955.97,
                    "Plan Rows": 99956,
                    "Plan Width": 4,
                    "Actual Startup Time": 91.263,
                    "Actual Total Time": 91.265,
                    "Actual Rows": 34662,
                    "Actual Loops": 2,
                    "Hash Buckets": 262144,
                    "Original Hash Buckets": 262144,
                    "Hash Batches": 1,
                    "Original Hash Batches": 1,
                    "Peak Memory Usage": 4800,
                    "Plans": [
                      {
                        "Node Type": "Bitmap Heap Scan",
                        "Parent Relationship": "Outer",
                        "Parallel Aware": true,
                        "Relation Name": "movie_companies",
                        "Alias": "mc",
                        "Startup Cost": 7212.97,
                        "Total Cost": 28955.97,
                        "Plan Rows": 99956,
                        "Plan Width": 4,
                        "Actual Startup Time": 68.46,
                        "Actual Total Time": 83.628,
                        "Actual Rows": 34662,
                        "Actual Loops": 2,
                        "Recheck Cond": "(company_id < 164)",
                        "Rows Removed by Index Recheck": 0,
                        "Filter": "(company_type_id = 2)",
                        "Rows Removed by Filter": 130298,
                        "Exact Heap Blocks": 13630,
                        "Lossy Heap Blocks": 0,
                        "Plans": [
                          {
                            "Node Type": "Bitmap Index Scan",
                            "Parent Relationship": "Outer",
                            "Parallel Aware": false,
                            "Index Name": "company_id_movie_companies",
                            "Startup Cost": 0.0,
                            "Total Cost": 7170.49,
                            "Plan Rows": 334674,
                            "Plan Width": 0,
                            "Actual Startup Time": 30.339,
                            "Actual Total Time": 30.339,
                            "Actual Rows": 329920,
                            "Actual Loops": 1,
                            "Index Cond": "(company_id < 164)"
                          }
                        ]
                      }
                    ]
                  }
                ]
              }
            ]
          }
        ]
      }
    ]
  },
  "Planning Time": 0.486,
  "Triggers": [],
  "Execution Time": 282.946
}