[
  {
    "Plan": {
      "Node Type": "Aggregate",
      "Strategy": "Plain",
      "Partial Mode": "Finalize",
      "Parallel Aware": false,
      "Startup Cost": 294828.51,
      "Total Cost": 294828.52,
      "Plan Rows": 1,
      "Plan Width": 8,
      "Actual Startup Time": 1574.729,
      "Actual Total Time": 1625.127,
      "Actual Rows": 1,
      "Actual Loops": 1,
      "Plans": [
        {
          "Node Type": "Gather",
          "Parent Relationship": "Outer",
          "Parallel Aware": false,
          "Startup Cost": 294827.98,
          "Total Cost": 294828.49,
          "Plan Rows": 5,
          "Plan Width": 8,
          "Actual Startup Time": 1545.372,
          "Actual Total Time": 1625.114,
          "Actual Rows": 6,
          "Actual Loops": 1,
          "Workers Planned": 5,
          "Workers Launched": 5,
          "Single Copy": false,
          "Plans": [
            {
              "Node Type": "Aggregate",
              "Strategy": "Plain",
              "Partial Mode": "Partial",
              "Parent Relationship": "Outer",
              "Parallel Aware": false,
              "Startup Cost": 293827.98,
              "Total Cost": 293827.99,
              "Plan Rows": 1,
              "Plan Width": 8,
              "Actual Startup Time": 1533.814,
              "Actual Total Time": 1533.82,
              "Actual Rows": 1,
              "Actual Loops": 6,
              "Plans": [
                {
                  "Node Type": "Hash Join",
                  "Parent Relationship": "Outer",
                  "Parallel Aware": true,
                  "Join Type": "Inner",
                  "Startup Cost": 88178.42,
                  "Total Cost": 292517.47,
                  "Plan Rows": 524204,
                  "Plan Width": 0,
                  "Actual Startup Time": 458.226,
                  "Actual Total Time": 1399.373,
                  "Actual Rows": 3007784,
                  "Actual Loops": 6,
                  "Inner Unique": false,
                  "Hash Cond": "(mi.movie_id = t.id)",
                  "Plans": [
                    {
                      "Node Type": "Seq Scan",
                      "Parent Relationship": "Outer",
                      "Parallel Aware": true,
                      "Relation Name": "movie_info",
                      "Alias": "mi",
                      "Startup Cost": 0.0,
                      "Total Cost": 191560.33,
                      "Plan Rows": 2956733,
                      "Plan Width": 4,
                      "Actual Startup Time": 0.032,
                      "Actual Total Time": 306.183,
                      "Actual Rows": 2472620,
                      "Actual Loops": 6
                    },
                    {
                      "Node Type": "Hash",
                      "Parent Relationship": "Inner",
                      "Parallel Aware": true,
                      "Startup Cost": 86370.98,
                      "Total Cost": 86370.98,
                      "Plan Rows": 144595,
                      "Plan Width": 8,
                      "Actual Startup Time": 454.857,
                      "Actual Total Time": 454.861,
                      "Actual Rows": 77567,
                      "Actual Loops": 6,
                      "Hash Buckets": 524288,
                      "Original Hash Buckets": 524288,
                      "Hash Batches": 1,
                      "Original Hash Batches": 1,
                      "Peak Memory Usage": 22368,
                      "Plans": [
                        {
                          "Node Type": "Hash Join",
                          "Parent Relationship": "Outer",
                          "Parallel Aware": true,
                          "Join Type": "Inner",
                          "Startup Cost": 59729.98,
                          "Total Cost": 86370.98,
                          "Plan Rows": 144595,
                          "Plan Width": 8,
                          "Actual Startup Time": 335.32,
                          "Actual Total Time": 426.331,
                          "Actual Rows": 77567,
                          "Actual Loops": 6,
                          "Inner Unique": true,
                          "Hash Cond": "(mk.movie_id = t.id)",
                          "Plans": [
                            {
                              "Node Type": "Bitmap Heap Scan",
                              "Parent Relationship": "Outer",
                              "Parallel Aware": true,
                              "Relation Name": "movie_keyword",
                              "Alias": "mk",
                              "Startup Cost": 9510.33,
                              "Total Cost": 35771.77,
                              "Plan Rows": 144595,
                              "Plan Width": 4,
                              "Actual Startup Time": 39.384,
                              "Actual Total Time": 87.899,
                              "Actual Rows": 77567,
                              "Actual Loops": 6,
                              "Recheck Cond": "(keyword_id < 355)",
                              "Rows Removed by Index Recheck": 0,
                              "Exact Heap Blocks": 4119,
                              "Lossy Heap Blocks": 0,
                              "Plans": [
                                {
                                  "Node Type": "Bitmap Index Scan",
                                  "Parent Relationship": "Outer",
                                  "Parallel Aware": false,
                                  "Index Name": "keyword_id_movie_keyword",
                                  "Startup Cost": 0.0,
                                  "Total Cost": 9398.27,
                                  "Plan Rows": 448245,
                                  "Plan Width": 0,
                                  "Actual Startup Time": 33.632,
                                  "Actual Total Time": 33.633,
                                  "Actual Rows": 465401,
                                  "Actual Loops": 1,
                                  "Index Cond": "(keyword_id < 355)"
                                }
                              ]
                            },
                            {
                              "Node Type": "Hash",
                              "Parent Relationship": "Inner",
                              "Parallel Aware": true,
                              "Startup Cost": 42318.73,
                              "Total Cost": 42318.73,
                              "Plan Rows": 632073,
                              "Plan Width": 4,
                              "Actual Startup Time": 289.44,
                              "Actual Total Time": 289.441,
                              "Actual Rows": 421385,
                              "Actual Loops": 6,
                              "Hash Buckets": 4194304,
                              "Original Hash Buckets": 4194304,
                              "Hash Batches": 1,
                              "Original Hash Batches": 1,
                              "Peak Memory Usage": 131808,
                              "Plans": [
                                {
                                  "Node Type": "Seq Scan",
                                  "Parent Relationship": "Outer",
                                  "Parallel Aware": true,
                                  "Relation Name": "title",
                                  "Alias": "t",
                                  "Startup Cost": 0.0,
                                  "Total Cost": 42318.73,
                                  "Plan Rows": 632073,
                                  "Plan Width": 4,
                                  "Actual Startup Time": 0.054,
                                  "Actual Total Time": 80.383,
                                  "Actual Rows": 421385,
                                  "Actual Loops": 6
                                }
                              ]
                            }
                          ]
                        }
                      ]
                    }
                  ]
                }
              ]
            }
          ]
        }
      ]
    },
    "Planning Time": 1.322,
    "Triggers": [],
    "Execution Time": 1625.246
  }
]