[
  {
    "Plan": {
      "Node Type": "Aggregate",
      "Strategy": "Plain",
      "Partial Mode": "Finalize",
      "Parallel Aware": false,
      "Startup Cost": 338666.39,
      "Total Cost": 338666.4,
      "Plan Rows": 1,
      "Plan Width": 8,
      "Actual Startup Time": 715.104,
      "Actual Total Time": 772.4,
      "Actual Rows": 1,
      "Actual Loops": 1,
      "Plans": [
        {
          "Node Type": "Gather",
          "Parent Relationship": "Outer",
          "Parallel Aware": false,
          "Startup Cost": 338665.77,
          "Total Cost": 338666.38,
          "Plan Rows": 6,
          "Plan Width": 8,
          "Actual Startup Time": 714.931,
          "Actual Total Time": 772.39,
          "Actual Rows": 7,
          "Actual Loops": 1,
          "Workers Planned": 6,
          "Workers Launched": 6,
          "Single Copy": false,
          "Plans": [
            {
              "Node Type": "Aggregate",
              "Strategy": "Plain",
              "Partial Mode": "Partial",
              "Parent Relationship": "Outer",
              "Parallel Aware": false,
              "Startup Cost": 337665.77,
              "Total Cost": 337665.78,
              "Plan Rows": 1,
              "Plan Width": 8,
              "Actual Startup Time": 707.293,
              "Actual Total Time": 707.294,
              "Actual Rows": 1,
              "Actual Loops": 7,
              "Plans": [
                {
                  "Node Type": "Seq Scan",
                  "Parent Relationship": "Outer",
                  "Parallel Aware": true,
                  "Relation Name": "cast_info",
                  "Alias": "ci",
                  "Startup Cost": 0.0,
                  "Total Cost": 328162.03,
                  "Plan Rows": 3801496,
                  "Plan Width": 0,
                  "Actual Startup Time": 0.041,
                  "Actual Total Time": 575.516,
                  "Actual Rows": 3264692,
                  "Actual Loops": 7,
                  "Filter": "(person_id < 2333733)",
                  "Rows Removed by Filter": 1913071
                }
              ]
            }
          ]
        }
      ]
    },
    "Planning Time": 0.195,
    "Triggers": [],
    "Execution Time": 772.472
  }
]