[
  {
    "Plan": {
      "Node Type": "Aggregate",
      "Strategy": "Plain",
      "Partial Mode": "Finalize",
      "Parallel Aware": false,
      "Startup Cost": 286091.19,
      "Total Cost": 286091.2,
      "Plan Rows": 1,
      "Plan Width": 8,
      "Actual Startup Time": 1659.614,
      "Actual Total Time": 1708.045,
      "Actual Rows": 1,
      "Actual Loops": 1,
      "Plans": [
        {
          "Node Type": "Gather",
          "Parent Relationship": "Outer",
          "Parallel Aware": false,
          "Startup Cost": 286090.66,
          "Total Cost": 286091.17,
          "Plan Rows": 5,
          "Plan Width": 8,
          "Actual Startup Time": 1657.741,
          "Actual Total Time": 1708.018,
          "Actual Rows": 6,
          "Actual Loops": 1,
          "Workers Planned": 5,
          "Workers Launched": 5,
          "Single Copy": false,
          "Plans": [
            {
              "Node Type": "Aggregate",
              "Strategy": "Plain",
              "Partial Mode": "Partial",
              "Parent Relationship": "Outer",
              "Parallel Aware": false,
              "Startup Cost": 285090.66,
              "Total Cost": 285090.67,
              "Plan Rows": 1,
              "Plan Width": 8,
              "Actual Startup Time": 1651.046,
              "Actual Total Time": 1651.049,
              "Actual Rows": 1,
              "Actual Loops": 6,
              "Plans": [
                {
                  "Node Type": "Nested Loop",
                  "Parent Relationship": "Outer",
                  "Parallel Aware": false,
                  "Join Type": "Inner",
                  "Startup Cost": 64292.16,
                  "Total Cost": 284212.53,
                  "Plan Rows": 351255,
                  "Plan Width": 0,
                  "Actual Startup Time": 280.271,
                  "Actual Total Time": 1539.936,
                  "Actual Rows": 2547798,
                  "Actual Loops": 6,
                  "Inner Unique": false,
                  "Plans": [
                    {
                      "Node Type": "Merge Join",
                      "Parent Relationship": "Outer",
                      "Parallel Aware": false,
                      "Join Type": "Inner",
                      "Startup Cost": 64291.72,
                      "Total Cost": 157788.66,
                      "Plan Rows": 63625,
                      "Plan Width": 8,
                      "Actual Startup Time": 280.18,
                      "Actual Total Time": 565.866,
                      "Actual Rows": 52992,
                      "Actual Loops": 6,
                      "Inner Unique": false,
                      "Merge Cond": "(t.id = mk.movie_id)",
                      "Plans": [
                        {
                          "Node Type": "Index Only Scan",
                          "Parent Relationship": "Outer",
                          "Parallel Aware": true,
                          "Scan Direction": "Forward",
                          "Index Name": "title_pkey",
                          "Relation Name": "title",
                          "Alias": "t",
                          "Startup Cost": 0.43,
                          "Total Cost": 90125.02,
                          "Plan Rows": 505685,
                          "Plan Width": 4,
                          "Actual Startup Time": 0.083,
                          "Actual Total Time": 299.693,
                          "Actual Rows": 420996,
                          "Actual Loops": 6,
                          "Heap Fetches": 2525977
                        },
                        {
                          "Node Type": "Sort",
                          "Parent Relationship": "Inner",
                          "Parallel Aware": false,
                          "Startup Cost": 64255.87,
                          "Total Cost": 65051.18,
                          "Plan Rows": 318125,
                          "Plan Width": 4,
                          "Actual Startup Time": 202.661,
                          "Actual Total Time": 219.808,
                          "Actual Rows": 317953,
                          "Actual Loops": 6,
                          "Sort Key": [
                            "mk.movie_id"
                          ],
                          "Sort Method": "quicksort",
                          "Sort Space Used": 27193,
                          "Sort Space Type": "Memory",
                          "Workers": [
                            {
                              "Worker Number": 0,
                              "Sort Method": "quicksort",
                              "Sort Space Used": 27193,
                              "Sort Space Type": "Memory"
                            },
                            {
                              "Worker Number": 1,
                              "Sort Method": "quicksort",
                              "Sort Space Used": 27193,
                              "Sort Space Type": "Memory"
                            },
                            {
                              "Worker Number": 2,
                              "Sort Method": "quicksort",
                              "Sort Space Used": 27193,
                              "Sort Space Type": "Memory"
                            },
                            {
                              "Worker Number": 3,
                              "Sort Method": "quicksort",
                              "Sort Space Used": 27193,
                              "Sort Space Type": "Memory"
                            },
                            {
                              "Worker Number": 4,
                              "Sort Method": "quicksort",
                              "Sort Space Used": 27193,
                              "Sort Space Type": "Memory"
                            }
                          ],
                          "Plans": [
                            {
                              "Node Type": "Bitmap Heap Scan",
                              "Parent Relationship": "Outer",
                              "Parallel Aware": false,
                              "Relation Name": "movie_keyword",
                              "Alias": "mk",
                              "Startup Cost": 6749.9,
                              "Total Cost": 35180.46,
                              "Plan Rows": 318125,
                              "Plan Width": 4,
                              "Actual Startup Time": 30.169,
                              "Actual Total Time": 129.108,
                              "Actual Rows": 317953,
                              "Actual Loops": 6,
                              "Recheck Cond": "(keyword_id > 51284)",
                              "Rows Removed by Index Recheck": 0,
                              "Exact Heap Blocks": 21904,
                              "Lossy Heap Blocks": 0,
                              "Plans": [
                                {
                                  "Node Type": "Bitmap Index Scan",
                                  "Parent Relationship": "Outer",
                                  "Parallel Aware": false,
                                  "Index Name": "keyword_id_movie_keyword",
                                  "Startup Cost": 0.0,
                                  "Total Cost": 6670.37,
                                  "Plan Rows": 318125,
                                  "Plan Width": 0,
                                  "Actual Startup Time": 27.132,
                                  "Actual Total Time": 27.133,
                                  "Actual Rows": 317953,
                                  "Actual Loops": 6,
                                  "Index Cond": "(keyword_id > 51284)"
                                }
                              ]
                            }
                          ]
                        }
                      ]
                    },
                    {
                      "Node Type": "Index Scan",
                      "Parent Relationship": "Inner",
                      "Parallel Aware": false,
                      "Scan Direction": "Forward",
                      "Index Name": "movie_id_movie_info",
                      "Relation Name": "movie_info",
                      "Alias": "mi",
                      "Startup Cost": 0.43,
                      "Total Cost": 1.6,
                      "Plan Rows": 39,
                      "Plan Width": 4,
                      "Actual Startup Time": 0.003,
                      "Actual Total Time": 0.015,
                      "Actual Rows": 48,
                      "Actual Loops": 317953,
                      "Index Cond": "(movie_id = t.id)",
                      "Rows Removed by Index Recheck": 0,
                      "Filter": "(info_type_id < 98)",
                      "Rows Removed by Filter": 9
                    }
                  ]
                }
              ]
            }
          ]
        }
      ]
    },
    "Planning Time": 0.861,
    "Triggers": [],
    "Execution Time": 1712.342
  }
]