[
  {
    "Plan": {
      "Node Type": "Aggregate",
      "Strategy": "Plain",
      "Partial Mode": "Finalize",
      "Parallel Aware": false,
      "Startup Cost": 291527.98,
      "Total Cost": 291527.99,
      "Plan Rows": 1,
      "Plan Width": 8,
      "Actual Startup Time": 1661.016,
      "Actual Total Time": 1703.026,
      "Actual Rows": 1,
      "Actual Loops": 1,
      "Plans": [
        {
          "Node Type": "Gather",
          "Parent Relationship": "Outer",
          "Parallel Aware": false,
          "Startup Cost": 291527.46,
          "Total Cost": 291527.97,
          "Plan Rows": 5,
          "Plan Width": 8,
          "Actual Startup Time": 1657.915,
          "Actual Total Time": 1703.016,
          "Actual Rows": 6,
          "Actual Loops": 1,
          "Workers Planned": 5,
          "Workers Launched": 5,
          "Single Copy": false,
          "Plans": [
            {
              "Node Type": "Aggregate",
              "Strategy": "Plain",
              "Partial Mode": "Partial",
              "Parent Relationship": "Outer",
              "Parallel Aware": false,
              "Startup Cost": 290527.46,
              "Total Cost": 290527.47,
              "Plan Rows": 1,
              "Plan Width": 8,
              "Actual Startup Time": 1647.039,
              "Actual Total Time": 1647.042,
              "Actual Rows": 1,
              "Actual Loops": 6,
              "Plans": [
                {
                  "Node Type": "Nested Loop",
                  "Parent Relationship": "Outer",
                  "Parallel Aware": false,
                  "Join Type": "Inner",
                  "Startup Cost": 65287.34,
                  "Total Cost": 289633.81,
                  "Plan Rows": 357458,
                  "Plan Width": 0,
                  "Actual Startup Time": 288.246,
                  "Actual Total Time": 1528.621,
                  "Actual Rows": 2547798,
                  "Actual Loops": 6,
                  "Inner Unique": false,
                  "Plans": [
                    {
                      "Node Type": "Merge Join",
                      "Parent Relationship": "Outer",
                      "Parallel Aware": false,
                      "Join Type": "Inner",
                      "Startup Cost": 65286.9,
                      "Total Cost": 158843.49,
                      "Plan Rows": 65166,
                      "Plan Width": 8,
                      "Actual Startup Time": 288.18,
                      "Actual Total Time": 565.222,
                      "Actual Rows": 52992,
                      "Actual Loops": 6,
                      "Inner Unique": false,
                      "Merge Cond": "(t.id = mk.movie_id)",
                      "Plans": [
                        {
                          "Node Type": "Index Only Scan",
                          "Parent Relationship": "Outer",
                          "Parallel Aware": true,
                          "Scan Direction": "Forward",
                          "Index Name": "title_pkey",
                          "Relation Name": "title",
                          "Alias": "t",
                          "Startup Cost": 0.43,
                          "Total Cost": 90113.62,
                          "Plan Rows": 505659,
                          "Plan Width": 4,
                          "Actual Startup Time": 0.223,
                          "Actual Total Time": 288.671,
                          "Actual Rows": 420996,
                          "Actual Loops": 6,
                          "Heap Fetches": 2525977
                        },
                        {
                          "Node Type": "Sort",
                          "Parent Relationship": "Inner",
                          "Parallel Aware": false,
                          "Startup Cost": 65276.35,
                          "Total Cost": 66090.93,
                          "Plan Rows": 325830,
                          "Plan Width": 4,
                          "Actual Startup Time": 214.427,
                          "Actual Total Time": 231.522,
                          "Actual Rows": 317953,
                          "Actual Loops": 6,
                          "Sort Key": [
                            "mk.movie_id"
                          ],
                          "Sort Method": "quicksort",
                          "Sort Space Used": 27193,
                          "Sort Space Type": "Memory",
                          "Workers": [
                            {
                              "Worker Number": 0,
                              "Sort Method": "quicksort",
                              "Sort Space Used": 27193,
                              "Sort Space Type": "Memory"
                            },
                            {
                              "Worker Number": 1,
                              "Sort Method": "quicksort",
                              "Sort Space Used": 27193,
                              "Sort Space Type": "Memory"
                            },
                            {
                              "Worker Number": 2,
                              "Sort Method": "quicksort",
                              "Sort Space Used": 27193,
                              "Sort Space Type": "Memory"
                            },
                            {
                              "Worker Number": 3,
                              "Sort Method": "quicksort",
                              "Sort Space Used": 27193,
                              "Sort Space Type": "Memory"
                            },
                            {
                              "Worker Number": 4,
                              "Sort Method": "quicksort",
                              "Sort Space Used": 27193,
                              "Sort Space Type": "Memory"
                            }
                          ],
                          "Plans": [
                            {
                              "Node Type": "Bitmap Heap Scan",
                              "Parent Relationship": "Outer",
                              "Parallel Aware": false,
                              "Relation Name": "movie_keyword",
                              "Alias": "mk",
                              "Startup Cost": 6913.62,
                              "Total Cost": 35440.49,
                              "Plan Rows": 325830,
                              "Plan Width": 4,
                              "Actual Startup Time": 39.99,
                              "Actual Total Time": 146.72,
                              "Actual Rows": 317953,
                              "Actual Loops": 6,
                              "Recheck Cond": "(keyword_id > 51284)",
                              "Rows Removed by Index Recheck": 0,
                              "Exact Heap Blocks": 21904,
                              "Lossy Heap Blocks": 0,
                              "Plans": [
                                {
                                  "Node Type": "Bitmap Index Scan",
                                  "Parent Relationship": "Outer",
                                  "Parallel Aware": false,
                                  "Index Name": "keyword_id_movie_keyword",
                                  "Startup Cost": 0.0,
                                  "Total Cost": 6832.16,
                                  "Plan Rows": 325830,
                                  "Plan Width": 0,
                                  "Actual Startup Time": 36.895,
                                  "Actual Total Time": 36.895,
                                  "Actual Rows": 317953,
                                  "Actual Loops": 6,
                                  "Index Cond": "(keyword_id > 51284)"
                                }
                              ]
                            }
                          ]
                        }
                      ]
                    },
                    {
                      "Node Type": "Index Scan",
                      "Parent Relationship": "Inner",
                      "Parallel Aware": false,
                      "Scan Direction": "Forward",
                      "Index Name": "movie_id_movie_info",
                      "Relation Name": "movie_info",
                      "Alias": "mi",
                      "Startup Cost": 0.43,
                      "Total Cost": 1.62,
                      "Plan Rows": 39,
                      "Plan Width": 4,
                      "Actual Startup Time": 0.003,
                      "Actual Total Time": 0.015,
                      "Actual Rows": 48,
                      "Actual Loops": 317953,
                      "Index Cond": "(movie_id = t.id)",
                      "Rows Removed by Index Recheck": 0,
                      "Filter": "(info_type_id < 98)",
                      "Rows Removed by Filter": 9
                    }
                  ]
                }
              ]
            }
          ]
        }
      ]
    },
    "Planning Time": 1.332,
    "Triggers": [],
    "Execution Time": 1707.068
  }
]