[
  {
    "Plan": {
      "Node Type": "Aggregate",
      "Strategy": "Plain",
      "Partial Mode": "Finalize",
      "Parallel Aware": false,
      "Startup Cost": 63948.24,
      "Total Cost": 63948.25,
      "Plan Rows": 1,
      "Plan Width": 8,
      "Actual Startup Time": 290.411,
      "Actual Total Time": 305.078,
      "Actual Rows": 1,
      "Actual Loops": 1,
      "Plans": [
        {
          "Node Type": "Gather",
          "Parent Relationship": "Outer",
          "Parallel Aware": false,
          "Startup Cost": 63948.03,
          "Total Cost": 63948.24,
          "Plan Rows": 2,
          "Plan Width": 8,
          "Actual Startup Time": 288.316,
          "Actual Total Time": 305.07,
          "Actual Rows": 3,
          "Actual Loops": 1,
          "Workers Planned": 2,
          "Workers Launched": 2,
          "Single Copy": false,
          "Plans": [
            {
              "Node Type": "Aggregate",
              "Strategy": "Plain",
              "Partial Mode": "Partial",
              "Parent Relationship": "Outer",
              "Parallel Aware": false,
              "Startup Cost": 62948.03,
              "Total Cost": 62948.04,
              "Plan Rows": 1,
              "Plan Width": 8,
              "Actual Startup Time": 284.656,
              "Actual Total Time": 284.659,
              "Actual Rows": 1,
              "Actual Loops": 3,
              "Plans": [
                {
                  "Node Type": "Hash Join",
                  "Parent Relationship": "Outer",
                  "Parallel Aware": true,
                  "Join Type": "Inner",
                  "Startup Cost": 47403.45,
                  "Total Cost": 62598.01,
                  "Plan Rows": 140008,
                  "Plan Width": 0,
                  "Actual Startup Time": 203.964,
                  "Actual Total Time": 276.632,
                  "Actual Rows": 202924,
                  "Actual Loops": 3,
                  "Inner Unique": true,
                  "Hash Cond": "(mi_idx.movie_id = t.id)",
                  "Plans": [
                    {
                      "Node Type": "Seq Scan",
                      "Parent Relationship": "Outer",
                      "Parallel Aware": true,
                      "Relation Name": "movie_info_idx",
                      "Alias": "mi_idx",
                      "Startup Cost": 0.0,
                      "Total Cost": 13685.15,
                      "Plan Rows": 575015,
                      "Plan Width": 4,
                      "Actual Startup Time": 0.015,
                      "Actual Total Time": 36.066,
                      "Actual Rows": 460012,
                      "Actual Loops": 3
                    },
                    {
                      "Node Type": "Hash",
                      "Parent Relationship": "Inner",
                      "Parallel Aware": true,
                      "Startup Cost": 45479.59,
                      "Total Cost": 45479.59,
                      "Plan Rows": 153909,
                      "Plan Width": 4,
                      "Actual Startup Time": 164.685,
                      "Actual Total Time": 164.686,
                      "Actual Rows": 184111,
                      "Actual Loops": 3,
                      "Hash Buckets": 1048576,
                      "Original Hash Buckets": 1048576,
                      "Hash Batches": 1,
                      "Original Hash Batches": 1,
                      "Peak Memory Usage": 29888,
                      "Plans": [
                        {
                          "Node Type": "Seq Scan",
                          "Parent Relationship": "Outer",
                          "Parallel Aware": true,
                          "Relation Name": "title",
                          "Alias": "t",
                          "Startup Cost": 0.0,
                          "Total Cost": 45479.59,
                          "Plan Rows": 153909,
                          "Plan Width": 4,
                          "Actual Startup Time": 39.495,
                          "Actual Total Time": 108.47,
                          "Actual Rows": 184111,
                          "Actual Loops": 3,
                          "Filter": "((kind_id < 2) AND (production_year > 1925))",
                          "Rows Removed by Filter": 658659
                        }
                      ]
                    }
                  ]
                }
              ]
            }
          ]
        }
      ]
    },
    "Planning Time": 0.398,
    "Triggers": [],
    "Execution Time": 305.116
  }
]