[
  {
    "Plan": {
      "Node Type": "Aggregate",
      "Strategy": "Plain",
      "Partial Mode": "Finalize",
      "Parallel Aware": false,
      "Startup Cost": 33147.83,
      "Total Cost": 33147.84,
      "Plan Rows": 1,
      "Plan Width": 8,
      "Actual Startup Time": 106.943,
      "Actual Total Time": 114.787,
      "Actual Rows": 1,
      "Actual Loops": 1,
      "Plans": [
        {
          "Node Type": "Gather",
          "Parent Relationship": "Outer",
          "Parallel Aware": false,
          "Startup Cost": 33147.51,
          "Total Cost": 33147.82,
          "Plan Rows": 3,
          "Plan Width": 8,
          "Actual Startup Time": 106.806,
          "Actual Total Time": 114.779,
          "Actual Rows": 4,
          "Actual Loops": 1,
          "Workers Planned": 3,
          "Workers Launched": 3,
          "Single Copy": false,
          "Plans": [
            {
              "Node Type": "Aggregate",
              "Strategy": "Plain",
              "Partial Mode": "Partial",
              "Parent Relationship": "Outer",
              "Parallel Aware": false,
              "Startup Cost": 32147.51,
              "Total Cost": 32147.52,
              "Plan Rows": 1,
              "Plan Width": 8,
              "Actual Startup Time": 98.343,
              "Actual Total Time": 98.344,
              "Actual Rows": 1,
              "Actual Loops": 4,
              "Plans": [
                {
                  "Node Type": "Seq Scan",
                  "Parent Relationship": "Outer",
                  "Parallel Aware": true,
                  "Relation Name": "movie_companies",
                  "Alias": "mc",
                  "Startup Cost": 0.0,
                  "Total Cost": 31414.82,
                  "Plan Rows": 293076,
                  "Plan Width": 0,
                  "Actual Startup Time": 0.048,
                  "Actual Total Time": 81.734,
                  "Actual Rows": 302677,
                  "Actual Loops": 4,
                  "Filter": "((company_id < 32888) AND (company_type_id < 2))",
                  "Rows Removed by Filter": 349605
                }
              ]
            }
          ]
        }
      ]
    },
    "Planning Time": 0.224,
    "Triggers": [],
    "Execution Time": 114.843
  }
]