[
  {
    "Plan": {
      "Node Type": "Aggregate",
      "Strategy": "Plain",
      "Partial Mode": "Finalize",
      "Parallel Aware": false,
      "Startup Cost": 106027.58,
      "Total Cost": 106027.59,
      "Plan Rows": 1,
      "Plan Width": 8,
      "Actual Startup Time": 375.126,
      "Actual Total Time": 396.473,
      "Actual Rows": 1,
      "Actual Loops": 1,
      "Plans": [
        {
          "Node Type": "Gather",
          "Parent Relationship": "Outer",
          "Parallel Aware": false,
          "Startup Cost": 106027.37,
          "Total Cost": 106027.58,
          "Plan Rows": 2,
          "Plan Width": 8,
          "Actual Startup Time": 373.693,
          "Actual Total Time": 396.466,
          "Actual Rows": 3,
          "Actual Loops": 1,
          "Workers Planned": 2,
          "Workers Launched": 2,
          "Single Copy": false,
          "Plans": [
            {
              "Node Type": "Aggregate",
              "Strategy": "Plain",
              "Partial Mode": "Partial",
              "Parent Relationship": "Outer",
              "Parallel Aware": false,
              "Startup Cost": 105027.37,
              "Total Cost": 105027.38,
              "Plan Rows": 1,
              "Plan Width": 8,
              "Actual Startup Time": 370.882,
              "Actual Total Time": 370.983,
              "Actual Rows": 1,
              "Actual Loops": 3,
              "Plans": [
                {
                  "Node Type": "Hash Join",
                  "Parent Relationship": "Outer",
                  "Parallel Aware": true,
                  "Join Type": "Inner",
                  "Startup Cost": 89019.55,
                  "Total Cost": 104954.73,
                  "Plan Rows": 29055,
                  "Plan Width": 0,
                  "Actual Startup Time": 297.329,
                  "Actual Total Time": 369.848,
                  "Actual Rows": 26901,
                  "Actual Loops": 3,
                  "Inner Unique": false,
                  "Hash Cond": "(mi_idx.movie_id = t.id)",
                  "Plans": [
                    {
                      "Node Type": "Seq Scan",
                      "Parent Relationship": "Outer",
                      "Parallel Aware": true,
                      "Relation Name": "movie_info_idx",
                      "Alias": "mi_idx",
                      "Startup Cost": 0.0,
                      "Total Cost": 13685.15,
                      "Plan Rows": 575015,
                      "Plan Width": 4,
                      "Actual Startup Time": 0.015,
                      "Actual Total Time": 37.039,
                      "Actual Rows": 460012,
                      "Actual Loops": 3
                    },
                    {
                      "Node Type": "Hash",
                      "Parent Relationship": "Inner",
                      "Parallel Aware": true,
                      "Startup Cost": 88504.39,
                      "Total Cost": 88504.39,
                      "Plan Rows": 41213,
                      "Plan Width": 8,
                      "Actual Startup Time": 294.776,
                      "Actual Total Time": 294.875,
                      "Actual Rows": 17324,
                      "Actual Loops": 3,
                      "Hash Buckets": 131072,
                      "Original Hash Buckets": 131072,
                      "Hash Batches": 1,
                      "Original Hash Batches": 1,
                      "Peak Memory Usage": 3104,
                      "Plans": [
                        {
                          "Node Type": "Hash Join",
                          "Parent Relationship": "Outer",
                          "Parallel Aware": true,
                          "Join Type": "Inner",
                          "Startup Cost": 44616.0,
                          "Total Cost": 88504.39,
                          "Plan Rows": 41213,
                          "Plan Width": 8,
                          "Actual Startup Time": 126.317,
                          "Actual Total Time": 290.943,
                          "Actual Rows": 17324,
                          "Actual Loops": 3,
                          "Inner Unique": true,
                          "Hash Cond": "(mk.movie_id = t.id)",
                          "Plans": [
                            {
                              "Node Type": "Seq Scan",
                              "Parent Relationship": "Outer",
                              "Parallel Aware": true,
                              "Relation Name": "movie_keyword",
                              "Alias": "mk",
                              "Startup Cost": 0.0,
                              "Total Cost": 42695.65,
                              "Plan Rows": 454376,
                              "Plan Width": 4,
                              "Actual Startup Time": 0.923,
                              "Actual Total Time": 116.519,
                              "Actual Rows": 468395,
                              "Actual Loops": 3,
                              "Filter": "(keyword_id > 11912)",
                              "Rows Removed by Filter": 1039582
                            },
                            {
                              "Node Type": "Hash",
                              "Parent Relationship": "Inner",
                              "Parallel Aware": true,
                              "Startup Cost": 43899.32,
                              "Total Cost": 43899.32,
                              "Plan Rows": 57334,
                              "Plan Width": 4,
                              "Actual Startup Time": 124.534,
                              "Actual Total Time": 124.535,
                              "Actual Rows": 77216,
                              "Actual Loops": 3,
                              "Hash Buckets": 262144,
                              "Original Hash Buckets": 262144,
                              "Hash Batches": 1,
                              "Original Hash Batches": 1,
                              "Peak Memory Usage": 11136,
                              "Plans": [
                                {
                                  "Node Type": "Seq Scan",
                                  "Parent Relationship": "Outer",
                                  "Parallel Aware": true,
                                  "Relation Name": "title",
                                  "Alias": "t",
                                  "Startup Cost": 0.0,
                                  "Total Cost": 43899.32,
                                  "Plan Rows": 57334,
                                  "Plan Width": 4,
                                  "Actual Startup Time": 0.017,
                                  "Actual Total Time": 100.385,
                                  "Actual Rows": 77216,
                                  "Actual Loops": 3,
                                  "Filter": "(production_year > 2011)",
                                  "Rows Removed by Filter": 765554
                                }
                              ]
                            }
                          ]
                        }
                      ]
                    }
                  ]
                }
              ]
            }
          ]
        }
      ]
    },
    "Planning Time": 0.448,
    "Triggers": [],
    "Execution Time": 396.512
  }
]