[
  {
    "Plan": {
      "Node Type": "Aggregate",
      "Strategy": "Plain",
      "Partial Mode": "Finalize",
      "Parallel Aware": false,
      "Startup Cost": 79366.47,
      "Total Cost": 79366.48,
      "Plan Rows": 1,
      "Plan Width": 8,
      "Actual Startup Time": 436.769,
      "Actual Total Time": 457.467,
      "Actual Rows": 1,
      "Actual Loops": 1,
      "Plans": [
        {
          "Node Type": "Gather",
          "Parent Relationship": "Outer",
          "Parallel Aware": false,
          "Startup Cost": 79366.15,
          "Total Cost": 79366.46,
          "Plan Rows": 3,
          "Plan Width": 8,
          "Actual Startup Time": 429.063,
          "Actual Total Time": 457.457,
          "Actual Rows": 4,
          "Actual Loops": 1,
          "Workers Planned": 3,
          "Workers Launched": 3,
          "Single Copy": false,
          "Plans": [
            {
              "Node Type": "Aggregate",
              "Strategy": "Plain",
              "Partial Mode": "Partial",
              "Parent Relationship": "Outer",
              "Parallel Aware": false,
              "Startup Cost": 78366.15,
              "Total Cost": 78366.16,
              "Plan Rows": 1,
              "Plan Width": 8,
              "Actual Startup Time": 421.294,
              "Actual Total Time": 421.3,
              "Actual Rows": 1,
              "Actual Loops": 4,
              "Plans": [
                {
                  "Node Type": "Hash Join",
                  "Parent Relationship": "Outer",
                  "Parallel Aware": true,
                  "Join Type": "Inner",
                  "Startup Cost": 57609.7,
                  "Total Cost": 78148.68,
                  "Plan Rows": 86987,
                  "Plan Width": 0,
                  "Actual Startup Time": 326.025,
                  "Actual Total Time": 417.87,
                  "Actual Rows": 51585,
                  "Actual Loops": 4,
                  "Inner Unique": true,
                  "Hash Cond": "(mc.movie_id = t.id)",
                  "Plans": [
                    {
                      "Node Type": "Bitmap Heap Scan",
                      "Parent Relationship": "Outer",
                      "Parallel Aware": true,
                      "Relation Name": "movie_companies",
                      "Alias": "mc",
                      "Startup Cost": 7766.56,
                      "Total Cost": 28001.99,
                      "Plan Rows": 115635,
                      "Plan Width": 4,
                      "Actual Startup Time": 35.532,
                      "Actual Total Time": 75.505,
                      "Actual Rows": 87874,
                      "Actual Loops": 4,
                      "Recheck Cond": "(company_id < 169)",
                      "Rows Removed by Index Recheck": 0,
                      "Exact Heap Blocks": 5848,
                      "Lossy Heap Blocks": 0,
                      "Plans": [
                        {
                          "Node Type": "Bitmap Index Scan",
                          "Parent Relationship": "Outer",
                          "Parallel Aware": false,
                          "Index Name": "company_id_movie_companies",
                          "Startup Cost": 0.0,
                          "Total Cost": 7676.94,
                          "Plan Rows": 358468,
                          "Plan Width": 0,
                          "Actual Startup Time": 31.213,
                          "Actual Total Time": 31.214,
                          "Actual Rows": 351495,
                          "Actual Loops": 1,
                          "Index Cond": "(company_id < 169)"
                        }
                      ]
                    },
                    {
                      "Node Type": "Hash",
                      "Parent Relationship": "Inner",
                      "Parallel Aware": true,
                      "Startup Cost": 43899.32,
                      "Total Cost": 43899.32,
                      "Plan Rows": 475506,
                      "Plan Width": 4,
                      "Actual Startup Time": 285.898,
                      "Actual Total Time": 285.899,
                      "Actual Rows": 471942,
                      "Actual Loops": 4,
                      "Hash Buckets": 2097152,
                      "Original Hash Buckets": 2097152,
                      "Hash Batches": 1,
                      "Original Hash Batches": 1,
                      "Peak Memory Usage": 90304,
                      "Plans": [
                        {
                          "Node Type": "Seq Scan",
                          "Parent Relationship": "Outer",
                          "Parallel Aware": true,
                          "Relation Name": "title",
                          "Alias": "t",
                          "Startup Cost": 0.0,
                          "Total Cost": 43899.32,
                          "Plan Rows": 475506,
                          "Plan Width": 4,
                          "Actual Startup Time": 0.039,
                          "Actual Total Time": 117.029,
                          "Actual Rows": 471942,
                          "Actual Loops": 4,
                          "Filter": "(production_year > 1983)",
                          "Rows Removed by Filter": 160136
                        }
                      ]
                    }
                  ]
                }
              ]
            }
          ]
        }
      ]
    },
    "Planning Time": 0.259,
    "Triggers": [],
    "Execution Time": 457.514
  }
]