[
  {
    "Plan": {
      "Node Type": "Aggregate",
      "Strategy": "Plain",
      "Partial Mode": "Finalize",
      "Parallel Aware": false,
      "Startup Cost": 697016.64,
      "Total Cost": 697016.65,
      "Plan Rows": 1,
      "Plan Width": 8,
      "Actual Startup Time": 9575.881,
      "Actual Total Time": 9668.771,
      "Actual Rows": 1,
      "Actual Loops": 1,
      "Plans": [
        {
          "Node Type": "Gather",
          "Parent Relationship": "Outer",
          "Parallel Aware": false,
          "Startup Cost": 697016.02,
          "Total Cost": 697016.63,
          "Plan Rows": 6,
          "Plan Width": 8,
          "Actual Startup Time": 9524.899,
          "Actual Total Time": 9668.749,
          "Actual Rows": 7,
          "Actual Loops": 1,
          "Workers Planned": 6,
          "Workers Launched": 6,
          "Single Copy": false,
          "Plans": [
            {
              "Node Type": "Aggregate",
              "Strategy": "Plain",
              "Partial Mode": "Partial",
              "Parent Relationship": "Outer",
              "Parallel Aware": false,
              "Startup Cost": 696016.02,
              "Total Cost": 696016.03,
              "Plan Rows": 1,
              "Plan Width": 8,
              "Actual Startup Time": 9459.365,
              "Actual Total Time": 9459.372,
              "Actual Rows": 1,
              "Actual Loops": 7,
              "Plans": [
                {
                  "Node Type": "Hash Join",
                  "Parent Relationship": "Outer",
                  "Parallel Aware": true,
                  "Join Type": "Inner",
                  "Startup Cost": 276608.73,
                  "Total Cost": 655689.44,
                  "Plan Rows": 16130632,
                  "Plan Width": 0,
                  "Actual Startup Time": 2083.071,
                  "Actual Total Time": 8063.165,
                  "Actual Rows": 29409357,
                  "Actual Loops": 7,
                  "Inner Unique": false,
                  "Hash Cond": "(ci.movie_id = t.id)",
                  "Plans": [
                    {
                      "Node Type": "Seq Scan",
                      "Parent Relationship": "Outer",
                      "Parallel Aware": true,
                      "Relation Name": "cast_info",
                      "Alias": "ci",
                      "Startup Cost": 0.0,
                      "Total Cost": 328211.39,
                      "Plan Rows": 3721610,
                      "Plan Width": 4,
                      "Actual Startup Time": 0.056,
                      "Actual Total Time": 654.233,
                      "Actual Rows": 3229512,
                      "Actual Loops": 7,
                      "Filter": "(person_id < 2306516)",
                      "Rows Removed by Filter": 1948252
                    },
                    {
                      "Node Type": "Hash",
                      "Parent Relationship": "Inner",
                      "Parallel Aware": true,
                      "Startup Cost": 249211.26,
                      "Total Cost": 249211.26,
                      "Plan Rows": 2191797,
                      "Plan Width": 8,
                      "Actual Startup Time": 2063.406,
                      "Actual Total Time": 2063.41,
                      "Actual Rows": 1393531,
                      "Actual Loops": 7,
                      "Hash Buckets": 16777216,
                      "Original Hash Buckets": 16777216,
                      "Hash Batches": 1,
                      "Original Hash Batches": 1,
                      "Peak Memory Usage": 512800,
                      "Plans": [
                        {
                          "Node Type": "Hash Join",
                          "Parent Relationship": "Outer",
                          "Parallel Aware": true,
                          "Join Type": "Inner",
                          "Startup Cost": 49731.86,
                          "Total Cost": 249211.26,
                          "Plan Rows": 2191797,
                          "Plan Width": 8,
                          "Actual Startup Time": 225.828,
                          "Actual Total Time": 1348.542,
                          "Actual Rows": 1393531,
                          "Actual Loops": 7,
                          "Inner Unique": true,
                          "Hash Cond": "(mi.movie_id = t.id)",
                          "Plans": [
                            {
                              "Node Type": "Seq Scan",
                              "Parent Relationship": "Outer",
                              "Parallel Aware": true,
                              "Relation Name": "movie_info",
                              "Alias": "mi",
                              "Startup Cost": 0.0,
                              "Total Cost": 191685.19,
                              "Plan Rows": 2969219,
                              "Plan Width": 4,
                              "Actual Startup Time": 0.039,
                              "Actual Total Time": 331.472,
                              "Actual Rows": 2119389,
                              "Actual Loops": 7
                            },
                            {
                              "Node Type": "Hash",
                              "Parent Relationship": "Inner",
                              "Parallel Aware": true,
                              "Startup Cost": 43899.32,
                              "Total Cost": 43899.32,
                              "Plan Rows": 466603,
                              "Plan Width": 4,
                              "Actual Startup Time": 223.661,
                              "Actual Total Time": 223.663,
                              "Actual Rows": 264687,
                              "Actual Loops": 7,
                              "Hash Buckets": 2097152,
                              "Original Hash Buckets": 2097152,
                              "Hash Batches": 1,
                              "Original Hash Batches": 1,
                              "Peak Memory Usage": 88960,
                              "Plans": [
                                {
                                  "Node Type": "Seq Scan",
                                  "Parent Relationship": "Outer",
                                  "Parallel Aware": true,
                                  "Relation Name": "title",
                                  "Alias": "t",
                                  "Startup Cost": 0.0,
                                  "Total Cost": 43899.32,
                                  "Plan Rows": 466603,
                                  "Plan Width": 4,
                                  "Actual Startup Time": 0.066,
                                  "Actual Total Time": 93.042,
                                  "Actual Rows": 264687,
                                  "Actual Loops": 7,
                                  "Filter": "(production_year > 1985)",
                                  "Rows Removed by Filter": 96501
                                }
                              ]
                            }
                          ]
                        }
                      ]
                    }
                  ]
                }
              ]
            }
          ]
        }
      ]
    },
    "Planning Time": 1.325,
    "Triggers": [],
    "Execution Time": 9668.86
  }
]