{
  "Plan": {
    "Node Type": "Aggregate",
    "Strategy": "Plain",
    "Partial Mode": "Finalize",
    "Parallel Aware": false,
    "Startup Cost": 129111.24,
    "Total Cost": 129111.25,
    "Plan Rows": 1,
    "Plan Width": 8,
    "Actual Startup Time": 723.46,
    "Actual Total Time": 740.324,
    "Actual Rows": 1,
    "Actual Loops": 1,
    "Plans": [
      {
        "Node Type": "Gather",
        "Parent Relationship": "Outer",
        "Parallel Aware": false,
        "Startup Cost": 129111.13,
        "Total Cost": 129111.24,
        "Plan Rows": 1,
        "Plan Width": 8,
        "Actual Startup Time": 720.2,
        "Actual Total Time": 740.315,
        "Actual Rows": 2,
        "Actual Loops": 1,
        "Workers Planned": 1,
        "Workers Launched": 1,
        "Single Copy": false,
        "Plans": [
          {
            "Node Type": "Aggregate",
            "Strategy": "Plain",
            "Partial Mode": "Partial",
            "Parent Relationship": "Outer",
            "Parallel Aware": false,
            "Startup Cost": 128111.13,
            "Total Cost": 128111.14,
            "Plan Rows": 1,
            "Plan Width": 8,
            "Actual Startup Time": 712.7,
            "Actual Total Time": 712.704,
            "Actual Rows": 1,
            "Actual Loops": 2,
            "Plans": [
              {
                "Node Type": "Hash Join",
                "Parent Relationship": "Outer",
                "Parallel Aware": true,
                "Join Type": "Inner",
                "Startup Cost": 63454.08,
                "Total Cost": 125943.91,
                "Plan Rows": 866885,
                "Plan Width": 0,
                "Actual Startup Time": 336.076,
                "Actual Total Time": 692.255,
                "Actual Rows": 530387,
                "Actual Loops": 2,
                "Inner Unique": true,
                "Hash Cond": "(mk.movie_id = t.id)",
                "Plans": [
                  {
                    "Node Type": "Seq Scan",
                    "Parent Relationship": "Outer",
                    "Parallel Aware": true,
                    "Relation Name": "movie_keyword",
                    "Alias": "mk",
                    "Startup Cost": 0.0,
                    "Total Cost": 57718.19,
                    "Plan Rows": 1817765,
                    "Plan Width": 4,
                    "Actual Startup Time": 0.014,
                    "Actual Total Time": 186.523,
                    "Actual Rows": 1542545,
                    "Actual Loops": 2,
                    "Filter": "(keyword_id < 11617)",
                    "Rows Removed by Filter": 719420
                  },
                  {
                    "Node Type": "Hash",
                    "Parent Relationship": "Inner",
                    "Parallel Aware": true,
                    "Startup Cost": 54588.39,
                    "Total Cost": 54588.39,
                    "Plan Rows": 709255,
                    "Plan Width": 4,
                    "Actual Startup Time": 321.526,
                    "Actual Total Time": 321.527,
                    "Actual Rows": 596259,
                    "Actual Loops": 2,
                    "Hash Buckets": 2097152,
                    "Original Hash Buckets": 2097152,
                    "Hash Batches": 1,
                    "Original Hash Batches": 1,
                    "Peak Memory Usage": 63072,
                    "Plans": [
                      {
                        "Node Type": "Seq Scan",
                        "Parent Relationship": "Outer",
                        "Parallel Aware": true,
                        "Relation Name": "title",
                        "Alias": "t",
                        "Startup Cost": 0.0,
                        "Total Cost": 54588.39,
                        "Plan Rows": 709255,
                        "Plan Width": 4,
                        "Actual Startup Time": 0.029,
                        "Actual Total Time": 161.826,
                        "Actual Rows": 596259,
                        "Actual Loops": 2,
                        "Filter": "(production_year > 2003)",
                        "Rows Removed by Filter": 667897
                      }
                    ]
                  }
                ]
              }
            ]
          }
        ]
      }
    ]
  },
  "Planning Time": 0.557,
  "Triggers": [],
  "Execution Time": 740.386
}