[
    {
        "Bao": {
            "Bao prediction": "NaN",
            "Bao recommended hint": "(no hint)"
        }
    },
    {
        "Plan": {
            "Node Type": "Aggregate",
            "Strategy": "Plain",
            "Partial Mode": "Finalize",
            "Parallel Aware": false,
            "Startup Cost": 32943.23,
            "Total Cost": 32943.24,
            "Plan Rows": 1,
            "Plan Width": 8,
            "Actual Startup Time": 95.093,
            "Actual Total Time": 100.158,
            "Actual Rows": 1,
            "Actual Loops": 1,
            "Output": [
                "count(*)"
            ],
            "Plans": [
                {
                    "Node Type": "Gather",
                    "Parent Relationship": "Outer",
                    "Parallel Aware": false,
                    "Startup Cost": 32942.91,
                    "Total Cost": 32943.22,
                    "Plan Rows": 3,
                    "Plan Width": 8,
                    "Actual Startup Time": 95.012,
                    "Actual Total Time": 100.149,
                    "Actual Rows": 4,
                    "Actual Loops": 1,
                    "Output": [
                        "(PARTIAL count(*))"
                    ],
                    "Workers Planned": 3,
                    "Workers Launched": 3,
                    "Single Copy": false,
                    "Plans": [
                        {
                            "Node Type": "Aggregate",
                            "Strategy": "Plain",
                            "Partial Mode": "Partial",
                            "Parent Relationship": "Outer",
                            "Parallel Aware": false,
                            "Startup Cost": 31942.91,
                            "Total Cost": 31942.92,
                            "Plan Rows": 1,
                            "Plan Width": 8,
                            "Actual Startup Time": 87.2,
                            "Actual Total Time": 87.201,
                            "Actual Rows": 1,
                            "Actual Loops": 4,
                            "Output": [
                                "PARTIAL count(*)"
                            ],
                            "Workers": [
                                {
                                    "Worker Number": 0,
                                    "Actual Startup Time": 84.385,
                                    "Actual Total Time": 84.386,
                                    "Actual Rows": 1,
                                    "Actual Loops": 1
                                },
                                {
                                    "Worker Number": 1,
                                    "Actual Startup Time": 84.713,
                                    "Actual Total Time": 84.714,
                                    "Actual Rows": 1,
                                    "Actual Loops": 1
                                },
                                {
                                    "Worker Number": 2,
                                    "Actual Startup Time": 84.986,
                                    "Actual Total Time": 84.987,
                                    "Actual Rows": 1,
                                    "Actual Loops": 1
                                }
                            ],
                            "Plans": [
                                {
                                    "Node Type": "Seq Scan",
                                    "Parent Relationship": "Outer",
                                    "Parallel Aware": true,
                                    "Relation Name": "movie_companies",
                                    "Schema": "public",
                                    "Alias": "mc",
                                    "Startup Cost": 0.0,
                                    "Total Cost": 31414.82,
                                    "Plan Rows": 211238,
                                    "Plan Width": 0,
                                    "Actual Startup Time": 47.464,
                                    "Actual Total Time": 81.825,
                                    "Actual Rows": 104376,
                                    "Actual Loops": 4,
                                    "Output": [
                                        "id",
                                        "movie_id",
                                        "company_id",
                                        "company_type_id",
                                        "note"
                                    ],
                                    "Filter": "((mc.company_id < 11213) AND (mc.company_type_id = 2))",
                                    "Rows Removed by Filter": 547906,
                                    "Workers": [
                                        {
                                            "Worker Number": 0,
                                            "Actual Startup Time": 44.646,
                                            "Actual Total Time": 79.135,
                                            "Actual Rows": 76919,
                                            "Actual Loops": 1
                                        },
                                        {
                                            "Worker Number": 1,
                                            "Actual Startup Time": 44.983,
                                            "Actual Total Time": 79.688,
                                            "Actual Rows": 120776,
                                            "Actual Loops": 1
                                        },
                                        {
                                            "Worker Number": 2,
                                            "Actual Startup Time": 45.253,
                                            "Actual Total Time": 79.706,
                                            "Actual Rows": 125590,
                                            "Actual Loops": 1
                                        }
                                    ]
                                }
                            ]
                        }
                    ]
                }
            ]
        },
        "Planning Time": 283.509,
        "Triggers": [],
        "Execution Time": 100.207
    }
]