[
  {
    "Plan": {
      "Node Type": "Aggregate",
      "Strategy": "Plain",
      "Partial Mode": "Finalize",
      "Parallel Aware": false,
      "Startup Cost": 20795.57,
      "Total Cost": 20795.58,
      "Plan Rows": 1,
      "Plan Width": 8,
      "Actual Startup Time": 34.586,
      "Actual Total Time": 39.632,
      "Actual Rows": 1,
      "Actual Loops": 1,
      "Plans": [
        {
          "Node Type": "Gather",
          "Parent Relationship": "Outer",
          "Parallel Aware": false,
          "Startup Cost": 20795.35,
          "Total Cost": 20795.56,
          "Plan Rows": 2,
          "Plan Width": 8,
          "Actual Startup Time": 34.318,
          "Actual Total Time": 39.624,
          "Actual Rows": 3,
          "Actual Loops": 1,
          "Workers Planned": 2,
          "Workers Launched": 2,
          "Single Copy": false,
          "Plans": [
            {
              "Node Type": "Aggregate",
              "Strategy": "Plain",
              "Partial Mode": "Partial",
              "Parent Relationship": "Outer",
              "Parallel Aware": false,
              "Startup Cost": 19795.35,
              "Total Cost": 19795.36,
              "Plan Rows": 1,
              "Plan Width": 8,
              "Actual Startup Time": 26.114,
              "Actual Total Time": 26.115,
              "Actual Rows": 1,
              "Actual Loops": 3,
              "Plans": [
                {
                  "Node Type": "Nested Loop",
                  "Parent Relationship": "Outer",
                  "Parallel Aware": false,
                  "Join Type": "Inner",
                  "Startup Cost": 111.97,
                  "Total Cost": 19792.72,
                  "Plan Rows": 1052,
                  "Plan Width": 0,
                  "Actual Startup Time": 2.527,
                  "Actual Total Time": 25.885,
                  "Actual Rows": 1151,
                  "Actual Loops": 3,
                  "Inner Unique": true,
                  "Plans": [
                    {
                      "Node Type": "Bitmap Heap Scan",
                      "Parent Relationship": "Outer",
                      "Parallel Aware": true,
                      "Relation Name": "movie_companies",
                      "Alias": "mc",
                      "Startup Cost": 111.54,
                      "Total Cost": 11563.97,
                      "Plan Rows": 1052,
                      "Plan Width": 4,
                      "Actual Startup Time": 2.332,
                      "Actual Total Time": 10.473,
                      "Actual Rows": 1151,
                      "Actual Loops": 3,
                      "Recheck Cond": "(company_id = 475)",
                      "Rows Removed by Index Recheck": 0,
                      "Filter": "(company_type_id < 2)",
                      "Rows Removed by Filter": 542,
                      "Exact Heap Blocks": 3002,
                      "Lossy Heap Blocks": 0,
                      "Plans": [
                        {
                          "Node Type": "Bitmap Index Scan",
                          "Parent Relationship": "Outer",
                          "Parallel Aware": false,
                          "Index Name": "company_id_movie_companies",
                          "Startup Cost": 0.0,
                          "Total Cost": 110.91,
                          "Plan Rows": 5131,
                          "Plan Width": 0,
                          "Actual Startup Time": 4.616,
                          "Actual Total Time": 4.617,
                          "Actual Rows": 5080,
                          "Actual Loops": 1,
                          "Index Cond": "(company_id = 475)"
                        }
                      ]
                    },
                    {
                      "Node Type": "Index Only Scan",
                      "Parent Relationship": "Inner",
                      "Parallel Aware": false,
                      "Scan Direction": "Forward",
                      "Index Name": "title_pkey",
                      "Relation Name": "title",
                      "Alias": "t",
                      "Startup Cost": 0.43,
                      "Total Cost": 7.82,
                      "Plan Rows": 1,
                      "Plan Width": 4,
                      "Actual Startup Time": 0.013,
                      "Actual Total Time": 0.013,
                      "Actual Rows": 1,
                      "Actual Loops": 3454,
                      "Index Cond": "(id = mc.movie_id)",
                      "Rows Removed by Index Recheck": 0,
                      "Heap Fetches": 3454
                    }
                  ]
                }
              ]
            }
          ]
        }
      ]
    },
    "Planning Time": 0.67,
    "Triggers": [],
    "Execution Time": 39.723
  }
]