{
  "Plan": {
    "Node Type": "Aggregate",
    "Strategy": "Plain",
    "Partial Mode": "Finalize",
    "Parallel Aware": false,
    "Startup Cost": 21715.68,
    "Total Cost": 21715.69,
    "Plan Rows": 1,
    "Plan Width": 8,
    "Actual Startup Time": 310.746,
    "Actual Total Time": 329.225,
    "Actual Rows": 1,
    "Actual Loops": 1,
    "Plans": [
      {
        "Node Type": "Gather",
        "Parent Relationship": "Outer",
        "Parallel Aware": false,
        "Startup Cost": 21715.56,
        "Total Cost": 21715.67,
        "Plan Rows": 1,
        "Plan Width": 8,
        "Actual Startup Time": 310.735,
        "Actual Total Time": 329.218,
        "Actual Rows": 2,
        "Actual Loops": 1,
        "Workers Planned": 1,
        "Workers Launched": 1,
        "Single Copy": false,
        "Plans": [
          {
            "Node Type": "Aggregate",
            "Strategy": "Plain",
            "Partial Mode": "Partial",
            "Parent Relationship": "Outer",
            "Parallel Aware": false,
            "Startup Cost": 20715.56,
            "Total Cost": 20715.57,
            "Plan Rows": 1,
            "Plan Width": 8,
            "Actual Startup Time": 304.305,
            "Actual Total Time": 304.307,
            "Actual Rows": 1,
            "Actual Loops": 2,
            "Plans": [
              {
                "Node Type": "Nested Loop",
                "Parent Relationship": "Outer",
                "Parallel Aware": false,
                "Join Type": "Inner",
                "Startup Cost": 1.43,
                "Total Cost": 20715.35,
                "Plan Rows": 86,
                "Plan Width": 0,
                "Actual Startup Time": 18.147,
                "Actual Total Time": 304.076,
                "Actual Rows": 3790,
                "Actual Loops": 2,
                "Inner Unique": false,
                "Plans": [
                  {
                    "Node Type": "Nested Loop",
                    "Parent Relationship": "Outer",
                    "Parallel Aware": false,
                    "Join Type": "Inner",
                    "Startup Cost": 0.99,
                    "Total Cost": 20535.42,
                    "Plan Rows": 48,
                    "Plan Width": 8,
                    "Actual Startup Time": 3.43,
                    "Actual Total Time": 297.365,
                    "Actual Rows": 2528,
                    "Actual Loops": 2,
                    "Inner Unique": true,
                    "Plans": [
                      {
                        "Node Type": "Index Scan",
                        "Parent Relationship": "Outer",
                        "Parallel Aware": true,
                        "Scan Direction": "Forward",
                        "Index Name": "role_id_cast_info",
                        "Relation Name": "cast_info",
                        "Alias": "ci",
                        "Startup Cost": 0.56,
                        "Total Cost": 9590.86,
                        "Plan Rows": 1392,
                        "Plan Width": 4,
                        "Actual Startup Time": 0.11,
                        "Actual Total Time": 30.542,
                        "Actual Rows": 80324,
                        "Actual Loops": 2,
                        "Index Cond": "(role_id = 11)",
                        "Rows Removed by Index Recheck": 0,
                        "Filter": "(person_id > 4010120)",
                        "Rows Removed by Filter": 77734
                      },
                      {
                        "Node Type": "Index Scan",
                        "Parent Relationship": "Inner",
                        "Parallel Aware": false,
                        "Scan Direction": "Forward",
                        "Index Name": "title_pkey",
                        "Relation Name": "title",
                        "Alias": "t",
                        "Startup Cost": 0.43,
                        "Total Cost": 7.86,
                        "Plan Rows": 1,
                        "Plan Width": 4,
                        "Actual Startup Time": 0.003,
                        "Actual Total Time": 0.003,
                        "Actual Rows": 0,
                        "Actual Loops": 160649,
                        "Index Cond": "(id = ci.movie_id)",
                        "Rows Removed by Index Recheck": 0,
                        "Filter": "((kind_id = 7) AND (production_year = 2010))",
                        "Rows Removed by Filter": 1
                      }
                    ]
                  },
                  {
                    "Node Type": "Index Only Scan",
                    "Parent Relationship": "Inner",
                    "Parallel Aware": false,
                    "Scan Direction": "Forward",
                    "Index Name": "movie_id_movie_keyword",
                    "Relation Name": "movie_keyword",
                    "Alias": "mk",
                    "Startup Cost": 0.43,
                    "Total Cost": 3.3,
                    "Plan Rows": 45,
                    "Plan Width": 4,
                    "Actual Startup Time": 0.002,
                    "Actual Total Time": 0.002,
                    "Actual Rows": 1,
                    "Actual Loops": 5056,
                    "Index Cond": "(movie_id = t.id)",
                    "Rows Removed by Index Recheck": 0,
                    "Heap Fetches": 7581
                  }
                ]
              }
            ]
          }
        ]
      }
    ]
  },
  "Planning Time": 1.08,
  "Triggers": [],
  "Execution Time": 329.322
}