[
  {
    "Plan": {
      "Node Type": "Aggregate",
      "Strategy": "Plain",
      "Partial Mode": "Finalize",
      "Parallel Aware": false,
      "Startup Cost": 100879.78,
      "Total Cost": 100879.79,
      "Plan Rows": 1,
      "Plan Width": 8,
      "Actual Startup Time": 687.011,
      "Actual Total Time": 697.805,
      "Actual Rows": 1,
      "Actual Loops": 1,
      "Plans": [
        {
          "Node Type": "Gather",
          "Parent Relationship": "Outer",
          "Parallel Aware": false,
          "Startup Cost": 100879.56,
          "Total Cost": 100879.77,
          "Plan Rows": 2,
          "Plan Width": 8,
          "Actual Startup Time": 681.441,
          "Actual Total Time": 697.797,
          "Actual Rows": 3,
          "Actual Loops": 1,
          "Workers Planned": 2,
          "Workers Launched": 2,
          "Single Copy": false,
          "Plans": [
            {
              "Node Type": "Aggregate",
              "Strategy": "Plain",
              "Partial Mode": "Partial",
              "Parent Relationship": "Outer",
              "Parallel Aware": false,
              "Startup Cost": 99879.56,
              "Total Cost": 99879.57,
              "Plan Rows": 1,
              "Plan Width": 8,
              "Actual Startup Time": 674.808,
              "Actual Total Time": 674.955,
              "Actual Rows": 1,
              "Actual Loops": 3,
              "Plans": [
                {
                  "Node Type": "Hash Join",
                  "Parent Relationship": "Outer",
                  "Parallel Aware": true,
                  "Join Type": "Inner",
                  "Startup Cost": 82893.63,
                  "Total Cost": 99667.67,
                  "Plan Rows": 84755,
                  "Plan Width": 0,
                  "Actual Startup Time": 544.516,
                  "Actual Total Time": 661.786,
                  "Actual Rows": 336299,
                  "Actual Loops": 3,
                  "Inner Unique": false,
                  "Hash Cond": "(mi_idx.movie_id = t.id)",
                  "Plans": [
                    {
                      "Node Type": "Seq Scan",
                      "Parent Relationship": "Outer",
                      "Parallel Aware": true,
                      "Relation Name": "movie_info_idx",
                      "Alias": "mi_idx",
                      "Startup Cost": 0.0,
                      "Total Cost": 15122.68,
                      "Plan Rows": 383860,
                      "Plan Width": 4,
                      "Actual Startup Time": 0.024,
                      "Actual Total Time": 41.922,
                      "Actual Rows": 306617,
                      "Actual Loops": 3,
                      "Filter": "(info_type_id < 101)",
                      "Rows Removed by Filter": 153395
                    },
                    {
                      "Node Type": "Hash",
                      "Parent Relationship": "Inner",
                      "Parallel Aware": true,
                      "Startup Cost": 81149.1,
                      "Total Cost": 81149.1,
                      "Plan Rows": 139562,
                      "Plan Width": 8,
                      "Actual Startup Time": 538.562,
                      "Actual Total Time": 538.708,
                      "Actual Rows": 261381,
                      "Actual Loops": 3,
                      "Hash Buckets": 1048576,
                      "Original Hash Buckets": 1048576,
                      "Hash Batches": 1,
                      "Original Hash Batches": 1,
                      "Peak Memory Usage": 38944,
                      "Plans": [
                        {
                          "Node Type": "Hash Join",
                          "Parent Relationship": "Outer",
                          "Parallel Aware": true,
                          "Join Type": "Inner",
                          "Startup Cost": 33738.98,
                          "Total Cost": 81149.1,
                          "Plan Rows": 139562,
                          "Plan Width": 8,
                          "Actual Startup Time": 163.325,
                          "Actual Total Time": 468.65,
                          "Actual Rows": 261381,
                          "Actual Loops": 3,
                          "Inner Unique": false,
                          "Hash Cond": "(t.id = mc.movie_id)",
                          "Plans": [
                            {
                              "Node Type": "Seq Scan",
                              "Parent Relationship": "Outer",
                              "Parallel Aware": true,
                              "Relation Name": "title",
                              "Alias": "t",
                              "Startup Cost": 0.0,
                              "Total Cost": 43899.01,
                              "Plan Rows": 612183,
                              "Plan Width": 4,
                              "Actual Startup Time": 0.011,
                              "Actual Total Time": 110.041,
                              "Actual Rows": 816782,
                              "Actual Loops": 3,
                              "Filter": "(production_year > 1899)",
                              "Rows Removed by Filter": 25989
                            },
                            {
                              "Node Type": "Hash",
                              "Parent Relationship": "Inner",
                              "Parallel Aware": true,
                              "Startup Cost": 31414.82,
                              "Total Cost": 31414.82,
                              "Plan Rows": 185933,
                              "Plan Width": 4,
                              "Actual Startup Time": 159.725,
                              "Actual Total Time": 159.726,
                              "Actual Rows": 262508,
                              "Actual Loops": 3,
                              "Hash Buckets": 1048576,
                              "Original Hash Buckets": 1048576,
                              "Hash Batches": 1,
                              "Original Hash Batches": 1,
                              "Peak Memory Usage": 39040,
                              "Plans": [
                                {
                                  "Node Type": "Seq Scan",
                                  "Parent Relationship": "Outer",
                                  "Parallel Aware": true,
                                  "Relation Name": "movie_companies",
                                  "Alias": "mc",
                                  "Startup Cost": 0.0,
                                  "Total Cost": 31414.82,
                                  "Plan Rows": 185933,
                                  "Plan Width": 4,
                                  "Actual Startup Time": 0.053,
                                  "Actual Total Time": 88.699,
                                  "Actual Rows": 262508,
                                  "Actual Loops": 3,
                                  "Filter": "((company_id < 9969) AND (company_type_id = 1))",
                                  "Rows Removed by Filter": 607202
                                }
                              ]
                            }
                          ]
                        }
                      ]
                    }
                  ]
                }
              ]
            }
          ]
        }
      ]
    },
    "Planning Time": 1.268,
    "Triggers": [],
    "Execution Time": 697.875
  }
]