[
  {
    "Plan": {
      "Node Type": "Aggregate",
      "Strategy": "Plain",
      "Partial Mode": "Finalize",
      "Parallel Aware": false,
      "Startup Cost": 85274.14,
      "Total Cost": 85274.15,
      "Plan Rows": 1,
      "Plan Width": 8,
      "Actual Startup Time": 197.052,
      "Actual Total Time": 214.079,
      "Actual Rows": 1,
      "Actual Loops": 1,
      "Plans": [
        {
          "Node Type": "Gather",
          "Parent Relationship": "Outer",
          "Parallel Aware": false,
          "Startup Cost": 85273.82,
          "Total Cost": 85274.13,
          "Plan Rows": 3,
          "Plan Width": 8,
          "Actual Startup Time": 195.916,
          "Actual Total Time": 214.072,
          "Actual Rows": 4,
          "Actual Loops": 1,
          "Workers Planned": 3,
          "Workers Launched": 3,
          "Single Copy": false,
          "Plans": [
            {
              "Node Type": "Aggregate",
              "Strategy": "Plain",
              "Partial Mode": "Partial",
              "Parent Relationship": "Outer",
              "Parallel Aware": false,
              "Startup Cost": 84273.82,
              "Total Cost": 84273.83,
              "Plan Rows": 1,
              "Plan Width": 8,
              "Actual Startup Time": 186.594,
              "Actual Total Time": 186.599,
              "Actual Rows": 1,
              "Actual Loops": 4,
              "Plans": [
                {
                  "Node Type": "Nested Loop",
                  "Parent Relationship": "Outer",
                  "Parallel Aware": false,
                  "Join Type": "Inner",
                  "Startup Cost": 46226.44,
                  "Total Cost": 84261.58,
                  "Plan Rows": 4896,
                  "Plan Width": 0,
                  "Actual Startup Time": 148.52,
                  "Actual Total Time": 186.544,
                  "Actual Rows": 656,
                  "Actual Loops": 4,
                  "Inner Unique": false,
                  "Join Filter": "(t.id = mi_idx.movie_id)",
                  "Rows Removed by Join Filter": 0,
                  "Plans": [
                    {
                      "Node Type": "Hash Join",
                      "Parent Relationship": "Outer",
                      "Parallel Aware": true,
                      "Join Type": "Inner",
                      "Startup Cost": 46226.01,
                      "Total Cost": 77889.92,
                      "Plan Rows": 8971,
                      "Plan Width": 8,
                      "Actual Startup Time": 148.357,
                      "Actual Total Time": 183.071,
                      "Actual Rows": 644,
                      "Actual Loops": 4,
                      "Inner Unique": true,
                      "Hash Cond": "(mc.movie_id = t.id)",
                      "Plans": [
                        {
                          "Node Type": "Seq Scan",
                          "Parent Relationship": "Outer",
                          "Parallel Aware": true,
                          "Relation Name": "movie_companies",
                          "Alias": "mc",
                          "Startup Cost": 0.0,
                          "Total Cost": 31414.82,
                          "Plan Rows": 94891,
                          "Plan Width": 4,
                          "Actual Startup Time": 26.176,
                          "Actual Total Time": 59.51,
                          "Actual Rows": 1774,
                          "Actual Loops": 4,
                          "Filter": "((company_id > 64485) AND (company_type_id < 2))",
                          "Rows Removed by Filter": 650508
                        },
                        {
                          "Node Type": "Hash",
                          "Parent Relationship": "Inner",
                          "Parallel Aware": true,
                          "Startup Cost": 45479.1,
                          "Total Cost": 45479.1,
                          "Plan Rows": 59753,
                          "Plan Width": 4,
                          "Actual Startup Time": 119.85,
                          "Actual Total Time": 119.851,
                          "Actual Rows": 50041,
                          "Actual Loops": 4,
                          "Hash Buckets": 262144,
                          "Original Hash Buckets": 262144,
                          "Hash Batches": 1,
                          "Original Hash Batches": 1,
                          "Peak Memory Usage": 9920,
                          "Plans": [
                            {
                              "Node Type": "Seq Scan",
                              "Parent Relationship": "Outer",
                              "Parallel Aware": true,
                              "Relation Name": "title",
                              "Alias": "t",
                              "Startup Cost": 0.0,
                              "Total Cost": 45479.1,
                              "Plan Rows": 59753,
                              "Plan Width": 4,
                              "Actual Startup Time": 48.976,
                              "Actual Total Time": 102.797,
                              "Actual Rows": 50041,
                              "Actual Loops": 4,
                              "Filter": "((production_year > 2006) AND (kind_id = 1))",
                              "Rows Removed by Filter": 582037
                            }
                          ]
                        }
                      ]
                    },
                    {
                      "Node Type": "Index Only Scan",
                      "Parent Relationship": "Inner",
                      "Parallel Aware": false,
                      "Scan Direction": "Forward",
                      "Index Name": "movie_id_movie_info_idx",
                      "Relation Name": "movie_info_idx",
                      "Alias": "mi_idx",
                      "Startup Cost": 0.43,
                      "Total Cost": 0.67,
                      "Plan Rows": 3,
                      "Plan Width": 4,
                      "Actual Startup Time": 0.005,
                      "Actual Total Time": 0.005,
                      "Actual Rows": 1,
                      "Actual Loops": 2575,
                      "Index Cond": "(movie_id = mc.movie_id)",
                      "Rows Removed by Index Recheck": 0,
                      "Heap Fetches": 2624
                    }
                  ]
                }
              ]
            }
          ]
        }
      ]
    },
    "Planning Time": 1.374,
    "Triggers": [],
    "Execution Time": 214.162
  }
]