[
  {
    "Plan": {
      "Node Type": "Aggregate",
      "Strategy": "Plain",
      "Partial Mode": "Finalize",
      "Parallel Aware": false,
      "Startup Cost": 119700.75,
      "Total Cost": 119700.76,
      "Plan Rows": 1,
      "Plan Width": 8,
      "Actual Startup Time": 177.635,
      "Actual Total Time": 194.71,
      "Actual Rows": 1,
      "Actual Loops": 1,
      "Plans": [
        {
          "Node Type": "Gather",
          "Parent Relationship": "Outer",
          "Parallel Aware": false,
          "Startup Cost": 119700.23,
          "Total Cost": 119700.74,
          "Plan Rows": 5,
          "Plan Width": 8,
          "Actual Startup Time": 177.508,
          "Actual Total Time": 194.688,
          "Actual Rows": 6,
          "Actual Loops": 1,
          "Workers Planned": 5,
          "Workers Launched": 5,
          "Single Copy": false,
          "Plans": [
            {
              "Node Type": "Aggregate",
              "Strategy": "Plain",
              "Partial Mode": "Partial",
              "Parent Relationship": "Outer",
              "Parallel Aware": false,
              "Startup Cost": 118700.23,
              "Total Cost": 118700.24,
              "Plan Rows": 1,
              "Plan Width": 8,
              "Actual Startup Time": 169.463,
              "Actual Total Time": 169.465,
              "Actual Rows": 1,
              "Actual Loops": 6,
              "Plans": [
                {
                  "Node Type": "Index Scan",
                  "Parent Relationship": "Outer",
                  "Parallel Aware": true,
                  "Scan Direction": "Forward",
                  "Index Name": "role_id_cast_info",
                  "Relation Name": "cast_info",
                  "Alias": "ci",
                  "Startup Cost": 0.56,
                  "Total Cost": 118067.1,
                  "Plan Rows": 253249,
                  "Plan Width": 0,
                  "Actual Startup Time": 0.2,
                  "Actual Total Time": 165.304,
                  "Actual Rows": 69246,
                  "Actual Loops": 6,
                  "Index Cond": "(role_id = 10)",
                  "Rows Removed by Index Recheck": 0,
                  "Filter": "(person_id < 1042848)",
                  "Rows Removed by Filter": 651257
                }
              ]
            }
          ]
        }
      ]
    },
    "Planning Time": 0.151,
    "Triggers": [],
    "Execution Time": 194.755
  }
]