[
  {
    "Plan": {
      "Node Type": "Aggregate",
      "Strategy": "Plain",
      "Partial Mode": "Finalize",
      "Parallel Aware": false,
      "Startup Cost": 493127.24,
      "Total Cost": 493127.25,
      "Plan Rows": 1,
      "Plan Width": 8,
      "Actual Startup Time": 753.877,
      "Actual Total Time": 785.647,
      "Actual Rows": 1,
      "Actual Loops": 1,
      "Plans": [
        {
          "Node Type": "Gather",
          "Parent Relationship": "Outer",
          "Parallel Aware": false,
          "Startup Cost": 493126.61,
          "Total Cost": 493127.22,
          "Plan Rows": 6,
          "Plan Width": 8,
          "Actual Startup Time": 744.059,
          "Actual Total Time": 785.635,
          "Actual Rows": 7,
          "Actual Loops": 1,
          "Workers Planned": 6,
          "Workers Launched": 6,
          "Single Copy": false,
          "Plans": [
            {
              "Node Type": "Aggregate",
              "Strategy": "Plain",
              "Partial Mode": "Partial",
              "Parent Relationship": "Outer",
              "Parallel Aware": false,
              "Startup Cost": 492126.61,
              "Total Cost": 492126.62,
              "Plan Rows": 1,
              "Plan Width": 8,
              "Actual Startup Time": 732.922,
              "Actual Total Time": 732.926,
              "Actual Rows": 1,
              "Actual Loops": 7,
              "Plans": [
                {
                  "Node Type": "Nested Loop",
                  "Parent Relationship": "Outer",
                  "Parallel Aware": false,
                  "Join Type": "Inner",
                  "Startup Cost": 66125.02,
                  "Total Cost": 490950.32,
                  "Plan Rows": 470518,
                  "Plan Width": 0,
                  "Actual Startup Time": 232.989,
                  "Actual Total Time": 715.259,
                  "Actual Rows": 277337,
                  "Actual Loops": 7,
                  "Inner Unique": false,
                  "Plans": [
                    {
                      "Node Type": "Hash Join",
                      "Parent Relationship": "Outer",
                      "Parallel Aware": true,
                      "Join Type": "Inner",
                      "Startup Cost": 66124.58,
                      "Total Cost": 320799.04,
                      "Plan Rows": 80134,
                      "Plan Width": 8,
                      "Actual Startup Time": 232.816,
                      "Actual Total Time": 329.354,
                      "Actual Rows": 65554,
                      "Actual Loops": 7,
                      "Inner Unique": true,
                      "Hash Cond": "(ci.movie_id = t.id)",
                      "Plans": [
                        {
                          "Node Type": "Bitmap Heap Scan",
                          "Parent Relationship": "Outer",
                          "Parallel Aware": true,
                          "Relation Name": "cast_info",
                          "Alias": "ci",
                          "Startup Cost": 17406.77,
                          "Total Cost": 271736.3,
                          "Plan Rows": 131402,
                          "Plan Width": 4,
                          "Actual Startup Time": 31.255,
                          "Actual Total Time": 56.365,
                          "Actual Rows": 115783,
                          "Actual Loops": 7,
                          "Recheck Cond": "(person_id < 85411)",
                          "Rows Removed by Index Recheck": 0,
                          "Exact Heap Blocks": 1679,
                          "Lossy Heap Blocks": 0,
                          "Plans": [
                            {
                              "Node Type": "Bitmap Index Scan",
                              "Parent Relationship": "Outer",
                              "Parallel Aware": false,
                              "Index Name": "person_id_cast_info",
                              "Startup Cost": 0.0,
                              "Total Cost": 17209.67,
                              "Plan Rows": 788414,
                              "Plan Width": 0,
                              "Actual Startup Time": 29.664,
                              "Actual Total Time": 29.665,
                              "Actual Rows": 810478,
                              "Actual Loops": 1,
                              "Index Cond": "(person_id < 85411)"
                            }
                          ]
                        },
                        {
                          "Node Type": "Hash",
                          "Parent Relationship": "Inner",
                          "Parallel Aware": true,
                          "Startup Cost": 43899.32,
                          "Total Cost": 43899.32,
                          "Plan Rows": 385479,
                          "Plan Width": 4,
                          "Actual Startup Time": 197.845,
                          "Actual Total Time": 197.846,
                          "Actual Rows": 220466,
                          "Actual Loops": 7,
                          "Hash Buckets": 2097152,
                          "Original Hash Buckets": 2097152,
                          "Hash Batches": 1,
                          "Original Hash Batches": 1,
                          "Peak Memory Usage": 76832,
                          "Plans": [
                            {
                              "Node Type": "Seq Scan",
                              "Parent Relationship": "Outer",
                              "Parallel Aware": true,
                              "Relation Name": "title",
                              "Alias": "t",
                              "Startup Cost": 0.0,
                              "Total Cost": 43899.32,
                              "Plan Rows": 385479,
                              "Plan Width": 4,
                              "Actual Startup Time": 0.044,
                              "Actual Total Time": 83.792,
                              "Actual Rows": 220466,
                              "Actual Loops": 7,
                              "Filter": "(kind_id = 7)",
                              "Rows Removed by Filter": 140721
                            }
                          ]
                        }
                      ]
                    },
                    {
                      "Node Type": "Index Only Scan",
                      "Parent Relationship": "Inner",
                      "Parallel Aware": false,
                      "Scan Direction": "Forward",
                      "Index Name": "movie_id_movie_info",
                      "Relation Name": "movie_info",
                      "Alias": "mi",
                      "Startup Cost": 0.43,
                      "Total Cost": 1.71,
                      "Plan Rows": 41,
                      "Plan Width": 4,
                      "Actual Startup Time": 0.003,
                      "Actual Total Time": 0.005,
                      "Actual Rows": 4,
                      "Actual Loops": 458879,
                      "Index Cond": "(movie_id = t.id)",
                      "Rows Removed by Index Recheck": 0,
                      "Heap Fetches": 1941360
                    }
                  ]
                }
              ]
            }
          ]
        }
      ]
    },
    "Planning Time": 1.139,
    "Triggers": [],
    "Execution Time": 785.721
  }
]