[
    {
        "Bao": {
            "Bao prediction": "NaN",
            "Bao recommended hint": "(no hint)"
        }
    },
    {
        "Plan": {
            "Node Type": "Aggregate",
            "Strategy": "Plain",
            "Partial Mode": "Finalize",
            "Parallel Aware": false,
            "Startup Cost": 16374.46,
            "Total Cost": 16374.47,
            "Plan Rows": 1,
            "Plan Width": 8,
            "Actual Startup Time": 36.514,
            "Actual Total Time": 40.573,
            "Actual Rows": 1,
            "Actual Loops": 1,
            "Output": [
                "count(*)"
            ],
            "Plans": [
                {
                    "Node Type": "Gather",
                    "Parent Relationship": "Outer",
                    "Parallel Aware": false,
                    "Startup Cost": 16374.35,
                    "Total Cost": 16374.46,
                    "Plan Rows": 1,
                    "Plan Width": 8,
                    "Actual Startup Time": 36.169,
                    "Actual Total Time": 40.567,
                    "Actual Rows": 2,
                    "Actual Loops": 1,
                    "Output": [
                        "(PARTIAL count(*))"
                    ],
                    "Workers Planned": 1,
                    "Workers Launched": 1,
                    "Single Copy": false,
                    "Plans": [
                        {
                            "Node Type": "Aggregate",
                            "Strategy": "Plain",
                            "Partial Mode": "Partial",
                            "Parent Relationship": "Outer",
                            "Parallel Aware": false,
                            "Startup Cost": 15374.35,
                            "Total Cost": 15374.36,
                            "Plan Rows": 1,
                            "Plan Width": 8,
                            "Actual Startup Time": 30.373,
                            "Actual Total Time": 30.375,
                            "Actual Rows": 1,
                            "Actual Loops": 2,
                            "Output": [
                                "PARTIAL count(*)"
                            ],
                            "Workers": [
                                {
                                    "Worker Number": 0,
                                    "Actual Startup Time": 24.858,
                                    "Actual Total Time": 24.86,
                                    "Actual Rows": 1,
                                    "Actual Loops": 1
                                }
                            ],
                            "Plans": [
                                {
                                    "Node Type": "Nested Loop",
                                    "Parent Relationship": "Outer",
                                    "Parallel Aware": false,
                                    "Join Type": "Inner",
                                    "Startup Cost": 43.59,
                                    "Total Cost": 15372.01,
                                    "Plan Rows": 935,
                                    "Plan Width": 0,
                                    "Actual Startup Time": 0.879,
                                    "Actual Total Time": 30.13,
                                    "Actual Rows": 2176,
                                    "Actual Loops": 2,
                                    "Inner Unique": false,
                                    "Workers": [
                                        {
                                            "Worker Number": 0,
                                            "Actual Startup Time": 0.585,
                                            "Actual Total Time": 24.723,
                                            "Actual Rows": 393,
                                            "Actual Loops": 1
                                        }
                                    ],
                                    "Plans": [
                                        {
                                            "Node Type": "Nested Loop",
                                            "Parent Relationship": "Outer",
                                            "Parallel Aware": false,
                                            "Join Type": "Inner",
                                            "Startup Cost": 43.16,
                                            "Total Cost": 14135.53,
                                            "Plan Rows": 658,
                                            "Plan Width": 8,
                                            "Actual Startup Time": 0.746,
                                            "Actual Total Time": 15.265,
                                            "Actual Rows": 1262,
                                            "Actual Loops": 2,
                                            "Output": [
                                                "t.id",
                                                "mc.movie_id"
                                            ],
                                            "Inner Unique": true,
                                            "Workers": [
                                                {
                                                    "Worker Number": 0,
                                                    "Actual Startup Time": 0.33,
                                                    "Actual Total Time": 12.741,
                                                    "Actual Rows": 243,
                                                    "Actual Loops": 1
                                                }
                                            ],
                                            "Plans": [
                                                {
                                                    "Node Type": "Bitmap Heap Scan",
                                                    "Parent Relationship": "Outer",
                                                    "Parallel Aware": true,
                                                    "Relation Name": "movie_companies",
                                                    "Schema": "public",
                                                    "Alias": "mc",
                                                    "Startup Cost": 42.73,
                                                    "Total Cost": 5477.73,
                                                    "Plan Rows": 1085,
                                                    "Plan Width": 4,
                                                    "Actual Startup Time": 0.626,
                                                    "Actual Total Time": 3.128,
                                                    "Actual Rows": 2356,
                                                    "Actual Loops": 2,
                                                    "Output": [
                                                        "mc.id",
                                                        "mc.movie_id",
                                                        "mc.company_id",
                                                        "mc.company_type_id",
                                                        "mc.note"
                                                    ],
                                                    "Recheck Cond": "(mc.company_id < 6)",
                                                    "Rows Removed by Index Recheck": 0,
                                                    "Exact Heap Blocks": 1663,
                                                    "Lossy Heap Blocks": 0,
                                                    "Workers": [
                                                        {
                                                            "Worker Number": 0,
                                                            "Actual Startup Time": 0.126,
                                                            "Actual Total Time": 2.144,
                                                            "Actual Rows": 400,
                                                            "Actual Loops": 1
                                                        }
                                                    ],
                                                    "Plans": [
                                                        {
                                                            "Node Type": "Bitmap Index Scan",
                                                            "Parent Relationship": "Outer",
                                                            "Parallel Aware": false,
                                                            "Index Name": "company_id_movie_companies",
                                                            "Startup Cost": 0.0,
                                                            "Total Cost": 42.27,
                                                            "Plan Rows": 1845,
                                                            "Plan Width": 0,
                                                            "Actual Startup Time": 0.808,
                                                            "Actual Total Time": 0.809,
                                                            "Actual Rows": 4712,
                                                            "Actual Loops": 1,
                                                            "Index Cond": "(mc.company_id < 6)"
                                                        }
                                                    ]
                                                },
                                                {
                                                    "Node Type": "Index Scan",
                                                    "Parent Relationship": "Inner",
                                                    "Parallel Aware": false,
                                                    "Scan Direction": "Forward",
                                                    "Index Name": "title_pkey",
                                                    "Relation Name": "title",
                                                    "Schema": "public",
                                                    "Alias": "t",
                                                    "Startup Cost": 0.43,
                                                    "Total Cost": 7.98,
                                                    "Plan Rows": 1,
                                                    "Plan Width": 4,
                                                    "Actual Startup Time": 0.005,
                                                    "Actual Total Time": 0.005,
                                                    "Actual Rows": 1,
                                                    "Actual Loops": 4712,
                                                    "Output": [
                                                        "t.id",
                                                        "t.title",
                                                        "t.imdb_index",
                                                        "t.kind_id",
                                                        "t.production_year",
                                                        "t.imdb_id",
                                                        "t.phonetic_code",
                                                        "t.episode_of_id",
                                                        "t.season_nr",
                                                        "t.episode_nr",
                                                        "t.series_years",
                                                        "t.md5sum"
                                                    ],
                                                    "Index Cond": "(t.id = mc.movie_id)",
                                                    "Rows Removed by Index Recheck": 0,
                                                    "Filter": "(t.kind_id = 7)",
                                                    "Rows Removed by Filter": 0,
                                                    "Workers": [
                                                        {
                                                            "Worker Number": 0,
                                                            "Actual Startup Time": 0.025,
                                                            "Actual Total Time": 0.025,
                                                            "Actual Rows": 1,
                                                            "Actual Loops": 400
                                                        }
                                                    ]
                                                }
                                            ]
                                        },
                                        {
                                            "Node Type": "Index Scan",
                                            "Parent Relationship": "Inner",
                                            "Parallel Aware": false,
                                            "Scan Direction": "Forward",
                                            "Index Name": "movie_id_movie_info",
                                            "Relation Name": "movie_info",
                                            "Schema": "public",
                                            "Alias": "mi",
                                            "Startup Cost": 0.43,
                                            "Total Cost": 1.78,
                                            "Plan Rows": 10,
                                            "Plan Width": 4,
                                            "Actual Startup Time": 0.006,
                                            "Actual Total Time": 0.011,
                                            "Actual Rows": 2,
                                            "Actual Loops": 2523,
                                            "Output": [
                                                "mi.id",
                                                "mi.movie_id",
                                                "mi.info_type_id",
                                                "mi.info",
                                                "mi.note"
                                            ],
                                            "Index Cond": "(mi.movie_id = t.id)",
                                            "Rows Removed by Index Recheck": 0,
                                            "Filter": "(mi.info_type_id < 4)",
                                            "Rows Removed by Filter": 12,
                                            "Workers": [
                                                {
                                                    "Worker Number": 0,
                                                    "Actual Startup Time": 0.023,
                                                    "Actual Total Time": 0.047,
                                                    "Actual Rows": 2,
                                                    "Actual Loops": 243
                                                }
                                            ]
                                        }
                                    ]
                                }
                            ]
                        }
                    ]
                }
            ]
        },
        "Planning Time": 206.706,
        "Triggers": [],
        "Execution Time": 40.646
    }
]