{
  "Plan": {
    "Node Type": "Aggregate",
    "Strategy": "Plain",
    "Partial Mode": "Finalize",
    "Parallel Aware": false,
    "Startup Cost": 2818648.23,
    "Total Cost": 2818648.24,
    "Plan Rows": 1,
    "Plan Width": 8,
    "Actual Startup Time": 25663.63,
    "Actual Total Time": 25751.047,
    "Actual Rows": 1,
    "Actual Loops": 1,
    "Plans": [
      {
        "Node Type": "Gather",
        "Parent Relationship": "Outer",
        "Parallel Aware": false,
        "Startup Cost": 2818648.12,
        "Total Cost": 2818648.23,
        "Plan Rows": 1,
        "Plan Width": 8,
        "Actual Startup Time": 25620.559,
        "Actual Total Time": 25751.037,
        "Actual Rows": 2,
        "Actual Loops": 1,
        "Workers Planned": 1,
        "Workers Launched": 1,
        "Single Copy": false,
        "Plans": [
          {
            "Node Type": "Aggregate",
            "Strategy": "Plain",
            "Partial Mode": "Partial",
            "Parent Relationship": "Outer",
            "Parallel Aware": false,
            "Startup Cost": 2817648.12,
            "Total Cost": 2817648.13,
            "Plan Rows": 1,
            "Plan Width": 8,
            "Actual Startup Time": 25614.325,
            "Actual Total Time": 25614.332,
            "Actual Rows": 1,
            "Actual Loops": 2,
            "Plans": [
              {
                "Node Type": "Merge Join",
                "Parent Relationship": "Outer",
                "Parallel Aware": false,
                "Join Type": "Inner",
                "Startup Cost": 1319080.16,
                "Total Cost": 2752128.74,
                "Plan Rows": 26207751,
                "Plan Width": 0,
                "Actual Startup Time": 8816.921,
                "Actual Total Time": 22611.91,
                "Actual Rows": 73779090,
                "Actual Loops": 2,
                "Inner Unique": false,
                "Merge Cond": "(mi.movie_id = t.id)",
                "Plans": [
                  {
                    "Node Type": "Index Only Scan",
                    "Parent Relationship": "Outer",
                    "Parallel Aware": true,
                    "Scan Direction": "Forward",
                    "Index Name": "movie_id_movie_info",
                    "Relation Name": "movie_info",
                    "Alias": "mi",
                    "Startup Cost": 0.43,
                    "Total Cost": 1018223.42,
                    "Plan Rows": 8696274,
                    "Plan Width": 4,
                    "Actual Startup Time": 0.103,
                    "Actual Total Time": 2708.49,
                    "Actual Rows": 7417515,
                    "Actual Loops": 2,
                    "Heap Fetches": 14835030
                  },
                  {
                    "Node Type": "Sort",
                    "Parent Relationship": "Inner",
                    "Parallel Aware": false,
                    "Startup Cost": 1319078.01,
                    "Total Cost": 1338126.65,
                    "Plan Rows": 7619456,
                    "Plan Width": 8,
                    "Actual Startup Time": 8816.712,
                    "Actual Total Time": 12602.981,
                    "Actual Rows": 77925442,
                    "Actual Loops": 2,
                    "Sort Key": [
                      "t.id"
                    ],
                    "Sort Method": "quicksort",
                    "Sort Space Used": 586646,
                    "Sort Space Type": "Memory",
                    "Workers": [
                      {
                        "Worker Number": 0,
                        "Sort Method": "quicksort",
                        "Sort Space Used": 586646,
                        "Sort Space Type": "Memory"
                      }
                    ],
                    "Plans": [
                      {
                        "Node Type": "Hash Join",
                        "Parent Relationship": "Outer",
                        "Parallel Aware": false,
                        "Join Type": "Inner",
                        "Startup Cost": 92968.72,
                        "Total Cost": 448126.32,
                        "Plan Rows": 7619456,
                        "Plan Width": 8,
                        "Actual Startup Time": 787.758,
                        "Actual Total Time": 6561.03,
                        "Actual Rows": 8320799,
                        "Actual Loops": 2,
                        "Inner Unique": true,
                        "Hash Cond": "(ci.movie_id = t.id)",
                        "Plans": [
                          {
                            "Node Type": "Index Scan",
                            "Parent Relationship": "Outer",
                            "Parallel Aware": false,
                            "Scan Direction": "Forward",
                            "Index Name": "role_id_cast_info",
                            "Relation Name": "cast_info",
                            "Alias": "ci",
                            "Startup Cost": 0.56,
                            "Total Cost": 330239.14,
                            "Plan Rows": 9492947,
                            "Plan Width": 4,
                            "Actual Startup Time": 0.22,
                            "Actual Total Time": 1306.99,
                            "Actual Rows": 9384703,
                            "Actual Loops": 2,
                            "Index Cond": "(role_id > 4)",
                            "Rows Removed by Index Recheck": 0
                          },
                          {
                            "Node Type": "Hash",
                            "Parent Relationship": "Inner",
                            "Parallel Aware": false,
                            "Startup Cost": 67601.66,
                            "Total Cost": 67601.66,
                            "Plan Rows": 2029319,
                            "Plan Width": 4,
                            "Actual Startup Time": 776.284,
                            "Actual Total Time": 776.285,
                            "Actual Rows": 2018703,
                            "Actual Loops": 2,
                            "Hash Buckets": 2097152,
                            "Original Hash Buckets": 2097152,
                            "Hash Batches": 1,
                            "Original Hash Batches": 1,
                            "Peak Memory Usage": 87355,
                            "Plans": [
                              {
                                "Node Type": "Seq Scan",
                                "Parent Relationship": "Outer",
                                "Parallel Aware": false,
                                "Relation Name": "title",
                                "Alias": "t",
                                "Startup Cost": 0.0,
                                "Total Cost": 67601.66,
                                "Plan Rows": 2029319,
                                "Plan Width": 4,
                                "Actual Startup Time": 0.039,
                                "Actual Total Time": 320.417,
                                "Actual Rows": 2018703,
                                "Actual Loops": 2,
                                "Filter": "(production_year > 1974)",
                                "Rows Removed by Filter": 509609
                              }
                            ]
                          }
                        ]
                      }
                    ]
                  }
                ]
              }
            ]
          }
        ]
      }
    ]
  },
  "Planning Time": 1.026,
  "Triggers": [],
  "Execution Time": 25811.234
}