[
  {
    "Plan": {
      "Node Type": "Aggregate",
      "Strategy": "Plain",
      "Partial Mode": "Finalize",
      "Parallel Aware": false,
      "Startup Cost": 103294.45,
      "Total Cost": 103294.46,
      "Plan Rows": 1,
      "Plan Width": 8,
      "Actual Startup Time": 443.306,
      "Actual Total Time": 501.084,
      "Actual Rows": 1,
      "Actual Loops": 1,
      "Plans": [
        {
          "Node Type": "Gather",
          "Parent Relationship": "Outer",
          "Parallel Aware": false,
          "Startup Cost": 103294.13,
          "Total Cost": 103294.44,
          "Plan Rows": 3,
          "Plan Width": 8,
          "Actual Startup Time": 442.233,
          "Actual Total Time": 501.074,
          "Actual Rows": 4,
          "Actual Loops": 1,
          "Workers Planned": 3,
          "Workers Launched": 3,
          "Single Copy": false,
          "Plans": [
            {
              "Node Type": "Aggregate",
              "Strategy": "Plain",
              "Partial Mode": "Partial",
              "Parent Relationship": "Outer",
              "Parallel Aware": false,
              "Startup Cost": 102294.13,
              "Total Cost": 102294.14,
              "Plan Rows": 1,
              "Plan Width": 8,
              "Actual Startup Time": 438.383,
              "Actual Total Time": 438.443,
              "Actual Rows": 1,
              "Actual Loops": 4,
              "Plans": [
                {
                  "Node Type": "Nested Loop",
                  "Parent Relationship": "Outer",
                  "Parallel Aware": false,
                  "Join Type": "Inner",
                  "Startup Cost": 45789.9,
                  "Total Cost": 102228.32,
                  "Plan Rows": 26323,
                  "Plan Width": 0,
                  "Actual Startup Time": 127.221,
                  "Actual Total Time": 433.752,
                  "Actual Rows": 85160,
                  "Actual Loops": 4,
                  "Inner Unique": false,
                  "Join Filter": "(t.id = ci.movie_id)",
                  "Rows Removed by Join Filter": 0,
                  "Plans": [
                    {
                      "Node Type": "Hash Join",
                      "Parent Relationship": "Outer",
                      "Parallel Aware": true,
                      "Join Type": "Inner",
                      "Startup Cost": 45789.34,
                      "Total Cost": 75450.88,
                      "Plan Rows": 5240,
                      "Plan Width": 8,
                      "Actual Startup Time": 127.117,
                      "Actual Total Time": 184.374,
                      "Actual Rows": 4910,
                      "Actual Loops": 4,
                      "Inner Unique": true,
                      "Hash Cond": "(mc.movie_id = t.id)",
                      "Plans": [
                        {
                          "Node Type": "Seq Scan",
                          "Parent Relationship": "Outer",
                          "Parallel Aware": true,
                          "Relation Name": "movie_companies",
                          "Alias": "mc",
                          "Startup Cost": 0.0,
                          "Total Cost": 29310.68,
                          "Plan Rows": 133663,
                          "Plan Width": 4,
                          "Actual Startup Time": 0.009,
                          "Actual Total Time": 53.789,
                          "Actual Rows": 102588,
                          "Actual Loops": 4,
                          "Filter": "(company_id < 265)",
                          "Rows Removed by Filter": 549694
                        },
                        {
                          "Node Type": "Hash",
                          "Parent Relationship": "Inner",
                          "Parallel Aware": true,
                          "Startup Cost": 45479.59,
                          "Total Cost": 45479.59,
                          "Plan Rows": 24780,
                          "Plan Width": 4,
                          "Actual Startup Time": 104.492,
                          "Actual Total Time": 104.492,
                          "Actual Rows": 58912,
                          "Actual Loops": 4,
                          "Hash Buckets": 262144,
                          "Original Hash Buckets": 131072,
                          "Hash Batches": 1,
                          "Original Hash Batches": 1,
                          "Peak Memory Usage": 12352,
                          "Plans": [
                            {
                              "Node Type": "Seq Scan",
                              "Parent Relationship": "Outer",
                              "Parallel Aware": true,
                              "Relation Name": "title",
                              "Alias": "t",
                              "Startup Cost": 0.0,
                              "Total Cost": 45479.59,
                              "Plan Rows": 24780,
                              "Plan Width": 4,
                              "Actual Startup Time": 47.535,
                              "Actual Total Time": 84.248,
                              "Actual Rows": 58912,
                              "Actual Loops": 4,
                              "Filter": "((production_year < 1972) AND (kind_id = 1))",
                              "Rows Removed by Filter": 573166
                            }
                          ]
                        }
                      ]
                    },
                    {
                      "Node Type": "Index Scan",
                      "Parent Relationship": "Inner",
                      "Parallel Aware": false,
                      "Scan Direction": "Forward",
                      "Index Name": "movie_id_cast_info",
                      "Relation Name": "cast_info",
                      "Alias": "ci",
                      "Startup Cost": 0.56,
                      "Total Cost": 4.96,
                      "Plan Rows": 12,
                      "Plan Width": 4,
                      "Actual Startup Time": 0.007,
                      "Actual Total Time": 0.049,
                      "Actual Rows": 17,
                      "Actual Loops": 19640,
                      "Index Cond": "(movie_id = mc.movie_id)",
                      "Rows Removed by Index Recheck": 0,
                      "Filter": "(role_id < 2)",
                      "Rows Removed by Filter": 15
                    }
                  ]
                }
              ]
            }
          ]
        }
      ]
    },
    "Planning Time": 0.535,
    "Triggers": [],
    "Execution Time": 501.151
  }
]