{
  "Plan": {
    "Node Type": "Aggregate",
    "Strategy": "Plain",
    "Partial Mode": "Finalize",
    "Parallel Aware": false,
    "Startup Cost": 341076.55,
    "Total Cost": 341076.56,
    "Plan Rows": 1,
    "Plan Width": 8,
    "Actual Startup Time": 1399.969,
    "Actual Total Time": 1449.351,
    "Actual Rows": 1,
    "Actual Loops": 1,
    "Plans": [
      {
        "Node Type": "Gather",
        "Parent Relationship": "Outer",
        "Parallel Aware": false,
        "Startup Cost": 341076.44,
        "Total Cost": 341076.55,
        "Plan Rows": 1,
        "Plan Width": 8,
        "Actual Startup Time": 1399.868,
        "Actual Total Time": 1449.341,
        "Actual Rows": 2,
        "Actual Loops": 1,
        "Workers Planned": 1,
        "Workers Launched": 1,
        "Single Copy": false,
        "Plans": [
          {
            "Node Type": "Aggregate",
            "Strategy": "Plain",
            "Partial Mode": "Partial",
            "Parent Relationship": "Outer",
            "Parallel Aware": false,
            "Startup Cost": 340076.44,
            "Total Cost": 340076.45,
            "Plan Rows": 1,
            "Plan Width": 8,
            "Actual Startup Time": 1396.227,
            "Actual Total Time": 1396.23,
            "Actual Rows": 1,
            "Actual Loops": 2,
            "Plans": [
              {
                "Node Type": "Hash Join",
                "Parent Relationship": "Outer",
                "Parallel Aware": true,
                "Join Type": "Inner",
                "Startup Cost": 54671.43,
                "Total Cost": 340014.13,
                "Plan Rows": 24922,
                "Plan Width": 0,
                "Actual Startup Time": 150.143,
                "Actual Total Time": 1394.144,
                "Actual Rows": 30286,
                "Actual Loops": 2,
                "Inner Unique": true,
                "Hash Cond": "(mi.movie_id = t.id)",
                "Plans": [
                  {
                    "Node Type": "Seq Scan",
                    "Parent Relationship": "Outer",
                    "Parallel Aware": true,
                    "Relation Name": "movie_info",
                    "Alias": "mi",
                    "Startup Cost": 0.0,
                    "Total Cost": 270696.42,
                    "Plan Rows": 5579529,
                    "Plan Width": 4,
                    "Actual Startup Time": 0.011,
                    "Actual Total Time": 848.137,
                    "Actual Rows": 4782576,
                    "Actual Loops": 2,
                    "Filter": "(info_type_id < 16)",
                    "Rows Removed by Filter": 2635284
                  },
                  {
                    "Node Type": "Hash",
                    "Parent Relationship": "Inner",
                    "Parallel Aware": true,
                    "Startup Cost": 54588.39,
                    "Total Cost": 54588.39,
                    "Plan Rows": 6643,
                    "Plan Width": 4,
                    "Actual Startup Time": 148.21,
                    "Actual Total Time": 148.211,
                    "Actual Rows": 5560,
                    "Actual Loops": 2,
                    "Hash Buckets": 16384,
                    "Original Hash Buckets": 16384,
                    "Hash Batches": 1,
                    "Original Hash Batches": 1,
                    "Peak Memory Usage": 608,
                    "Plans": [
                      {
                        "Node Type": "Seq Scan",
                        "Parent Relationship": "Outer",
                        "Parallel Aware": true,
                        "Relation Name": "title",
                        "Alias": "t",
                        "Startup Cost": 0.0,
                        "Total Cost": 54588.39,
                        "Plan Rows": 6643,
                        "Plan Width": 4,
                        "Actual Startup Time": 0.087,
                        "Actual Total Time": 145.841,
                        "Actual Rows": 5560,
                        "Actual Loops": 2,
                        "Filter": "(production_year = 1960)",
                        "Rows Removed by Filter": 1258596
                      }
                    ]
                  }
                ]
              }
            ]
          }
        ]
      }
    ]
  },
  "Planning Time": 0.442,
  "Triggers": [],
  "Execution Time": 1449.43
}