[
  {
    "Plan": {
      "Node Type": "Aggregate",
      "Strategy": "Plain",
      "Partial Mode": "Finalize",
      "Parallel Aware": false,
      "Startup Cost": 45668.11,
      "Total Cost": 45668.12,
      "Plan Rows": 1,
      "Plan Width": 8,
      "Actual Startup Time": 128.791,
      "Actual Total Time": 135.496,
      "Actual Rows": 1,
      "Actual Loops": 1,
      "Plans": [
        {
          "Node Type": "Gather",
          "Parent Relationship": "Outer",
          "Parallel Aware": false,
          "Startup Cost": 45667.9,
          "Total Cost": 45668.11,
          "Plan Rows": 2,
          "Plan Width": 8,
          "Actual Startup Time": 126.795,
          "Actual Total Time": 135.489,
          "Actual Rows": 3,
          "Actual Loops": 1,
          "Workers Planned": 2,
          "Workers Launched": 2,
          "Single Copy": false,
          "Plans": [
            {
              "Node Type": "Aggregate",
              "Strategy": "Plain",
              "Partial Mode": "Partial",
              "Parent Relationship": "Outer",
              "Parallel Aware": false,
              "Startup Cost": 44667.9,
              "Total Cost": 44667.91,
              "Plan Rows": 1,
              "Plan Width": 8,
              "Actual Startup Time": 118.641,
              "Actual Total Time": 118.645,
              "Actual Rows": 1,
              "Actual Loops": 3,
              "Plans": [
                {
                  "Node Type": "Nested Loop",
                  "Parent Relationship": "Outer",
                  "Parallel Aware": false,
                  "Join Type": "Inner",
                  "Startup Cost": 17679.74,
                  "Total Cost": 44666.48,
                  "Plan Rows": 566,
                  "Plan Width": 0,
                  "Actual Startup Time": 101.785,
                  "Actual Total Time": 118.456,
                  "Actual Rows": 2130,
                  "Actual Loops": 3,
                  "Inner Unique": true,
                  "Join Filter": "(mi.movie_id = t.id)",
                  "Rows Removed by Join Filter": 0,
                  "Plans": [
                    {
                      "Node Type": "Hash Join",
                      "Parent Relationship": "Outer",
                      "Parallel Aware": true,
                      "Join Type": "Inner",
                      "Startup Cost": 17679.31,
                      "Total Cost": 42073.73,
                      "Plan Rows": 3059,
                      "Plan Width": 8,
                      "Actual Startup Time": 101.721,
                      "Actual Total Time": 106.149,
                      "Actual Rows": 2130,
                      "Actual Loops": 3,
                      "Inner Unique": false,
                      "Hash Cond": "(mi.movie_id = mi_idx.movie_id)",
                      "Plans": [
                        {
                          "Node Type": "Bitmap Heap Scan",
                          "Parent Relationship": "Outer",
                          "Parallel Aware": true,
                          "Relation Name": "movie_info",
                          "Alias": "mi",
                          "Startup Cost": 137.72,
                          "Total Cost": 24507.86,
                          "Plan Rows": 3080,
                          "Plan Width": 4,
                          "Actual Startup Time": 1.958,
                          "Actual Total Time": 4.256,
                          "Actual Rows": 2141,
                          "Actual Loops": 3,
                          "Recheck Cond": "(info_type_id = 86)",
                          "Rows Removed by Index Recheck": 0,
                          "Exact Heap Blocks": 772,
                          "Lossy Heap Blocks": 0,
                          "Plans": [
                            {
                              "Node Type": "Bitmap Index Scan",
                              "Parent Relationship": "Outer",
                              "Parallel Aware": false,
                              "Index Name": "info_type_id_movie_info",
                              "Startup Cost": 0.0,
                              "Total Cost": 135.88,
                              "Plan Rows": 7392,
                              "Plan Width": 0,
                              "Actual Startup Time": 1.704,
                              "Actual Total Time": 1.704,
                              "Actual Rows": 6422,
                              "Actual Loops": 1,
                              "Index Cond": "(info_type_id = 86)"
                            }
                          ]
                        },
                        {
                          "Node Type": "Hash",
                          "Parent Relationship": "Inner",
                          "Parallel Aware": true,
                          "Startup Cost": 15122.68,
                          "Total Cost": 15122.68,
                          "Plan Rows": 193512,
                          "Plan Width": 4,
                          "Actual Startup Time": 95.685,
                          "Actual Total Time": 95.686,
                          "Actual Rows": 153308,
                          "Actual Loops": 3,
                          "Hash Buckets": 524288,
                          "Original Hash Buckets": 524288,
                          "Hash Batches": 1,
                          "Original Hash Batches": 1,
                          "Peak Memory Usage": 22144,
                          "Plans": [
                            {
                              "Node Type": "Seq Scan",
                              "Parent Relationship": "Outer",
                              "Parallel Aware": true,
                              "Relation Name": "movie_info_idx",
                              "Alias": "mi_idx",
                              "Startup Cost": 0.0,
                              "Total Cost": 15122.68,
                              "Plan Rows": 193512,
                              "Plan Width": 4,
                              "Actual Startup Time": 0.051,
                              "Actual Total Time": 50.094,
                              "Actual Rows": 153308,
                              "Actual Loops": 3,
                              "Filter": "(info_type_id = 100)",
                              "Rows Removed by Filter": 306703
                            }
                          ]
                        }
                      ]
                    },
                    {
                      "Node Type": "Index Only Scan",
                      "Parent Relationship": "Inner",
                      "Parallel Aware": false,
                      "Scan Direction": "Forward",
                      "Index Name": "title_pkey",
                      "Relation Name": "title",
                      "Alias": "t",
                      "Startup Cost": 0.43,
                      "Total Cost": 0.84,
                      "Plan Rows": 1,
                      "Plan Width": 4,
                      "Actual Startup Time": 0.005,
                      "Actual Total Time": 0.005,
                      "Actual Rows": 1,
                      "Actual Loops": 6391,
                      "Index Cond": "(id = mi_idx.movie_id)",
                      "Rows Removed by Index Recheck": 0,
                      "Heap Fetches": 6391
                    }
                  ]
                }
              ]
            }
          ]
        }
      ]
    },
    "Planning Time": 1.372,
    "Triggers": [],
    "Execution Time": 135.595
  }
]