[
    {
        "Bao": {
            "Bao prediction": "NaN",
            "Bao recommended hint": "(no hint)"
        }
    },
    {
        "Plan": {
            "Node Type": "Aggregate",
            "Strategy": "Plain",
            "Partial Mode": "Finalize",
            "Parallel Aware": false,
            "Startup Cost": 33388.61,
            "Total Cost": 33388.62,
            "Plan Rows": 1,
            "Plan Width": 8,
            "Actual Startup Time": 99.01,
            "Actual Total Time": 104.943,
            "Actual Rows": 1,
            "Actual Loops": 1,
            "Output": [
                "count(*)"
            ],
            "Plans": [
                {
                    "Node Type": "Gather",
                    "Parent Relationship": "Outer",
                    "Parallel Aware": false,
                    "Startup Cost": 33388.3,
                    "Total Cost": 33388.61,
                    "Plan Rows": 3,
                    "Plan Width": 8,
                    "Actual Startup Time": 98.916,
                    "Actual Total Time": 104.935,
                    "Actual Rows": 4,
                    "Actual Loops": 1,
                    "Output": [
                        "(PARTIAL count(*))"
                    ],
                    "Workers Planned": 3,
                    "Workers Launched": 3,
                    "Single Copy": false,
                    "Plans": [
                        {
                            "Node Type": "Aggregate",
                            "Strategy": "Plain",
                            "Partial Mode": "Partial",
                            "Parent Relationship": "Outer",
                            "Parallel Aware": false,
                            "Startup Cost": 32388.3,
                            "Total Cost": 32388.31,
                            "Plan Rows": 1,
                            "Plan Width": 8,
                            "Actual Startup Time": 90.552,
                            "Actual Total Time": 90.553,
                            "Actual Rows": 1,
                            "Actual Loops": 4,
                            "Output": [
                                "PARTIAL count(*)"
                            ],
                            "Workers": [
                                {
                                    "Worker Number": 0,
                                    "Actual Startup Time": 87.424,
                                    "Actual Total Time": 87.425,
                                    "Actual Rows": 1,
                                    "Actual Loops": 1
                                },
                                {
                                    "Worker Number": 1,
                                    "Actual Startup Time": 88.098,
                                    "Actual Total Time": 88.099,
                                    "Actual Rows": 1,
                                    "Actual Loops": 1
                                },
                                {
                                    "Worker Number": 2,
                                    "Actual Startup Time": 88.378,
                                    "Actual Total Time": 88.379,
                                    "Actual Rows": 1,
                                    "Actual Loops": 1
                                }
                            ],
                            "Plans": [
                                {
                                    "Node Type": "Seq Scan",
                                    "Parent Relationship": "Outer",
                                    "Parallel Aware": true,
                                    "Relation Name": "movie_companies",
                                    "Schema": "public",
                                    "Alias": "mc",
                                    "Startup Cost": 0.0,
                                    "Total Cost": 31414.82,
                                    "Plan Rows": 389391,
                                    "Plan Width": 0,
                                    "Actual Startup Time": 45.301,
                                    "Actual Total Time": 79.653,
                                    "Actual Rows": 272696,
                                    "Actual Loops": 4,
                                    "Output": [
                                        "id",
                                        "movie_id",
                                        "company_id",
                                        "company_type_id",
                                        "note"
                                    ],
                                    "Filter": "((mc.company_id < 102190) AND (mc.company_type_id > 1))",
                                    "Rows Removed by Filter": 379587,
                                    "Workers": [
                                        {
                                            "Worker Number": 0,
                                            "Actual Startup Time": 42.171,
                                            "Actual Total Time": 76.912,
                                            "Actual Rows": 259847,
                                            "Actual Loops": 1
                                        },
                                        {
                                            "Worker Number": 1,
                                            "Actual Startup Time": 42.858,
                                            "Actual Total Time": 77.396,
                                            "Actual Rows": 265360,
                                            "Actual Loops": 1
                                        },
                                        {
                                            "Worker Number": 2,
                                            "Actual Startup Time": 43.117,
                                            "Actual Total Time": 77.718,
                                            "Actual Rows": 264347,
                                            "Actual Loops": 1
                                        }
                                    ]
                                }
                            ]
                        }
                    ]
                }
            ]
        },
        "Planning Time": 200.686,
        "Triggers": [],
        "Execution Time": 105.025
    }
]