{
  "Plan": {
    "Node Type": "Aggregate",
    "Strategy": "Plain",
    "Partial Mode": "Finalize",
    "Parallel Aware": false,
    "Startup Cost": 104859.29,
    "Total Cost": 104859.3,
    "Plan Rows": 1,
    "Plan Width": 8,
    "Actual Startup Time": 583.786,
    "Actual Total Time": 599.682,
    "Actual Rows": 1,
    "Actual Loops": 1,
    "Plans": [
      {
        "Node Type": "Gather",
        "Parent Relationship": "Outer",
        "Parallel Aware": false,
        "Startup Cost": 104859.18,
        "Total Cost": 104859.29,
        "Plan Rows": 1,
        "Plan Width": 8,
        "Actual Startup Time": 582.345,
        "Actual Total Time": 599.674,
        "Actual Rows": 2,
        "Actual Loops": 1,
        "Workers Planned": 1,
        "Workers Launched": 1,
        "Single Copy": false,
        "Plans": [
          {
            "Node Type": "Aggregate",
            "Strategy": "Plain",
            "Partial Mode": "Partial",
            "Parent Relationship": "Outer",
            "Parallel Aware": false,
            "Startup Cost": 103859.18,
            "Total Cost": 103859.19,
            "Plan Rows": 1,
            "Plan Width": 8,
            "Actual Startup Time": 576.271,
            "Actual Total Time": 576.275,
            "Actual Rows": 1,
            "Actual Loops": 2,
            "Plans": [
              {
                "Node Type": "Hash Join",
                "Parent Relationship": "Outer",
                "Parallel Aware": true,
                "Join Type": "Inner",
                "Startup Cost": 40720.93,
                "Total Cost": 102972.57,
                "Plan Rows": 354643,
                "Plan Width": 0,
                "Actual Startup Time": 182.369,
                "Actual Total Time": 564.27,
                "Actual Rows": 297956,
                "Actual Loops": 2,
                "Inner Unique": false,
                "Hash Cond": "(t.id = mc.movie_id)",
                "Plans": [
                  {
                    "Node Type": "Seq Scan",
                    "Parent Relationship": "Outer",
                    "Parallel Aware": true,
                    "Relation Name": "title",
                    "Alias": "t",
                    "Startup Cost": 0.0,
                    "Total Cost": 50870.31,
                    "Plan Rows": 1487231,
                    "Plan Width": 4,
                    "Actual Startup Time": 0.011,
                    "Actual Total Time": 118.207,
                    "Actual Rows": 1264156,
                    "Actual Loops": 2
                  },
                  {
                    "Node Type": "Hash",
                    "Parent Relationship": "Inner",
                    "Parallel Aware": true,
                    "Startup Cost": 36287.89,
                    "Total Cost": 36287.89,
                    "Plan Rows": 354643,
                    "Plan Width": 4,
                    "Actual Startup Time": 172.892,
                    "Actual Total Time": 172.893,
                    "Actual Rows": 297956,
                    "Actual Loops": 2,
                    "Hash Buckets": 1048576,
                    "Original Hash Buckets": 1048576,
                    "Hash Batches": 1,
                    "Original Hash Batches": 1,
                    "Peak Memory Usage": 31520,
                    "Plans": [
                      {
                        "Node Type": "Bitmap Heap Scan",
                        "Parent Relationship": "Outer",
                        "Parallel Aware": true,
                        "Relation Name": "movie_companies",
                        "Alias": "mc",
                        "Startup Cost": 13064.85,
                        "Total Cost": 36287.89,
                        "Plan Rows": 354643,
                        "Plan Width": 4,
                        "Actual Startup Time": 35.014,
                        "Actual Total Time": 105.99,
                        "Actual Rows": 297956,
                        "Actual Loops": 2,
                        "Recheck Cond": "(company_id < 687)",
                        "Rows Removed by Index Recheck": 0,
                        "Exact Heap Blocks": 10897,
                        "Lossy Heap Blocks": 0,
                        "Plans": [
                          {
                            "Node Type": "Bitmap Index Scan",
                            "Parent Relationship": "Outer",
                            "Parallel Aware": false,
                            "Index Name": "company_id_movie_companies",
                            "Startup Cost": 0.0,
                            "Total Cost": 12914.13,
                            "Plan Rows": 602893,
                            "Plan Width": 0,
                            "Actual Startup Time": 32.188,
                            "Actual Total Time": 32.188,
                            "Actual Rows": 595912,
                            "Actual Loops": 1,
                            "Index Cond": "(company_id < 687)"
                          }
                        ]
                      }
                    ]
                  }
                ]
              }
            ]
          }
        ]
      }
    ]
  },
  "Planning Time": 0.698,
  "Triggers": [],
  "Execution Time": 599.773
}