[
  {
    "Plan": {
      "Node Type": "Aggregate",
      "Strategy": "Plain",
      "Partial Mode": "Finalize",
      "Parallel Aware": false,
      "Startup Cost": 69658.41,
      "Total Cost": 69658.42,
      "Plan Rows": 1,
      "Plan Width": 8,
      "Actual Startup Time": 161.272,
      "Actual Total Time": 171.723,
      "Actual Rows": 1,
      "Actual Loops": 1,
      "Plans": [
        {
          "Node Type": "Gather",
          "Parent Relationship": "Outer",
          "Parallel Aware": false,
          "Startup Cost": 69658.1,
          "Total Cost": 69658.41,
          "Plan Rows": 3,
          "Plan Width": 8,
          "Actual Startup Time": 160.825,
          "Actual Total Time": 171.702,
          "Actual Rows": 4,
          "Actual Loops": 1,
          "Workers Planned": 3,
          "Workers Launched": 3,
          "Single Copy": false,
          "Plans": [
            {
              "Node Type": "Aggregate",
              "Strategy": "Plain",
              "Partial Mode": "Partial",
              "Parent Relationship": "Outer",
              "Parallel Aware": false,
              "Startup Cost": 68658.1,
              "Total Cost": 68658.11,
              "Plan Rows": 1,
              "Plan Width": 8,
              "Actual Startup Time": 151.028,
              "Actual Total Time": 151.032,
              "Actual Rows": 1,
              "Actual Loops": 4,
              "Plans": [
                {
                  "Node Type": "Hash Join",
                  "Parent Relationship": "Outer",
                  "Parallel Aware": true,
                  "Join Type": "Inner",
                  "Startup Cost": 38400.81,
                  "Total Cost": 68637.8,
                  "Plan Rows": 8119,
                  "Plan Width": 0,
                  "Actual Startup Time": 80.889,
                  "Actual Total Time": 150.273,
                  "Actual Rows": 15504,
                  "Actual Loops": 4,
                  "Inner Unique": true,
                  "Hash Cond": "(mc.movie_id = t.id)",
                  "Plans": [
                    {
                      "Node Type": "Seq Scan",
                      "Parent Relationship": "Outer",
                      "Parallel Aware": true,
                      "Relation Name": "movie_companies",
                      "Alias": "mc",
                      "Startup Cost": 0.0,
                      "Total Cost": 29310.68,
                      "Plan Rows": 352877,
                      "Plan Width": 4,
                      "Actual Startup Time": 0.019,
                      "Actual Total Time": 63.792,
                      "Actual Rows": 272913,
                      "Actual Loops": 4,
                      "Filter": "(company_id < 7304)",
                      "Rows Removed by Filter": 379369
                    },
                    {
                      "Node Type": "Hash",
                      "Parent Relationship": "Inner",
                      "Parallel Aware": true,
                      "Startup Cost": 38219.03,
                      "Total Cost": 38219.03,
                      "Plan Rows": 14543,
                      "Plan Width": 4,
                      "Actual Startup Time": 56.888,
                      "Actual Total Time": 56.89,
                      "Actual Rows": 11640,
                      "Actual Loops": 4,
                      "Hash Buckets": 65536,
                      "Original Hash Buckets": 65536,
                      "Hash Batches": 1,
                      "Original Hash Batches": 1,
                      "Peak Memory Usage": 2368,
                      "Plans": [
                        {
                          "Node Type": "Bitmap Heap Scan",
                          "Parent Relationship": "Outer",
                          "Parallel Aware": true,
                          "Relation Name": "title",
                          "Alias": "t",
                          "Startup Cost": 1837.68,
                          "Total Cost": 38219.03,
                          "Plan Rows": 14543,
                          "Plan Width": 4,
                          "Actual Startup Time": 14.547,
                          "Actual Total Time": 51.487,
                          "Actual Rows": 11640,
                          "Actual Loops": 4,
                          "Recheck Cond": "(kind_id = 3)",
                          "Rows Removed by Index Recheck": 0,
                          "Filter": "(production_year > 1999)",
                          "Rows Removed by Filter": 13494,
                          "Exact Heap Blocks": 7632,
                          "Lossy Heap Blocks": 0,
                          "Plans": [
                            {
                              "Node Type": "Bitmap Index Scan",
                              "Parent Relationship": "Outer",
                              "Parallel Aware": false,
                              "Index Name": "kind_id_title",
                              "Startup Cost": 0.0,
                              "Total Cost": 1823.13,
                              "Plan Rows": 102227,
                              "Plan Width": 0,
                              "Actual Startup Time": 15.237,
                              "Actual Total Time": 15.237,
                              "Actual Rows": 100537,
                              "Actual Loops": 1,
                              "Index Cond": "(kind_id = 3)"
                            }
                          ]
                        }
                      ]
                    }
                  ]
                }
              ]
            }
          ]
        }
      ]
    },
    "Planning Time": 0.694,
    "Triggers": [],
    "Execution Time": 171.816
  }
]