[
  {
    "Plan": {
      "Node Type": "Aggregate",
      "Strategy": "Plain",
      "Partial Mode": "Finalize",
      "Parallel Aware": false,
      "Startup Cost": 248057.36,
      "Total Cost": 248057.37,
      "Plan Rows": 1,
      "Plan Width": 8,
      "Actual Startup Time": 1013.686,
      "Actual Total Time": 1060.079,
      "Actual Rows": 1,
      "Actual Loops": 1,
      "Plans": [
        {
          "Node Type": "Gather",
          "Parent Relationship": "Outer",
          "Parallel Aware": false,
          "Startup Cost": 248056.84,
          "Total Cost": 248057.35,
          "Plan Rows": 5,
          "Plan Width": 8,
          "Actual Startup Time": 1010.28,
          "Actual Total Time": 1060.067,
          "Actual Rows": 6,
          "Actual Loops": 1,
          "Workers Planned": 5,
          "Workers Launched": 5,
          "Single Copy": false,
          "Plans": [
            {
              "Node Type": "Aggregate",
              "Strategy": "Plain",
              "Partial Mode": "Partial",
              "Parent Relationship": "Outer",
              "Parallel Aware": false,
              "Startup Cost": 247056.84,
              "Total Cost": 247056.85,
              "Plan Rows": 1,
              "Plan Width": 8,
              "Actual Startup Time": 1000.525,
              "Actual Total Time": 1000.528,
              "Actual Rows": 1,
              "Actual Loops": 6,
              "Plans": [
                {
                  "Node Type": "Hash Join",
                  "Parent Relationship": "Outer",
                  "Parallel Aware": true,
                  "Join Type": "Inner",
                  "Startup Cost": 46644.64,
                  "Total Cost": 245966.4,
                  "Plan Rows": 436175,
                  "Plan Width": 0,
                  "Actual Startup Time": 122.147,
                  "Actual Total Time": 955.336,
                  "Actual Rows": 948543,
                  "Actual Loops": 6,
                  "Inner Unique": true,
                  "Hash Cond": "(mi.movie_id = t.id)",
                  "Plans": [
                    {
                      "Node Type": "Seq Scan",
                      "Parent Relationship": "Outer",
                      "Parallel Aware": true,
                      "Relation Name": "movie_info",
                      "Alias": "mi",
                      "Startup Cost": 0.0,
                      "Total Cost": 191560.33,
                      "Plan Rows": 2956733,
                      "Plan Width": 4,
                      "Actual Startup Time": 0.031,
                      "Actual Total Time": 314.589,
                      "Actual Rows": 2472620,
                      "Actual Loops": 6
                    },
                    {
                      "Node Type": "Hash",
                      "Parent Relationship": "Inner",
                      "Parallel Aware": true,
                      "Startup Cost": 45479.1,
                      "Total Cost": 45479.1,
                      "Plan Rows": 93243,
                      "Plan Width": 4,
                      "Actual Startup Time": 117.806,
                      "Actual Total Time": 117.807,
                      "Actual Rows": 76894,
                      "Actual Loops": 6,
                      "Hash Buckets": 524288,
                      "Original Hash Buckets": 524288,
                      "Hash Batches": 1,
                      "Original Hash Batches": 1,
                      "Peak Memory Usage": 22208,
                      "Plans": [
                        {
                          "Node Type": "Seq Scan",
                          "Parent Relationship": "Outer",
                          "Parallel Aware": true,
                          "Relation Name": "title",
                          "Alias": "t",
                          "Startup Cost": 0.0,
                          "Total Cost": 45479.1,
                          "Plan Rows": 93243,
                          "Plan Width": 4,
                          "Actual Startup Time": 0.049,
                          "Actual Total Time": 85.412,
                          "Actual Rows": 76894,
                          "Actual Loops": 6,
                          "Filter": "((kind_id < 3) AND (production_year < 2004))",
                          "Rows Removed by Filter": 344491
                        }
                      ]
                    }
                  ]
                }
              ]
            }
          ]
        }
      ]
    },
    "Planning Time": 0.598,
    "Triggers": [],
    "Execution Time": 1060.218
  }
]