[
  {
    "Plan": {
      "Node Type": "Aggregate",
      "Strategy": "Plain",
      "Partial Mode": "Finalize",
      "Parallel Aware": false,
      "Startup Cost": 100279.98,
      "Total Cost": 100279.99,
      "Plan Rows": 1,
      "Plan Width": 8,
      "Actual Startup Time": 432.509,
      "Actual Total Time": 448.597,
      "Actual Rows": 1,
      "Actual Loops": 1,
      "Plans": [
        {
          "Node Type": "Gather",
          "Parent Relationship": "Outer",
          "Parallel Aware": false,
          "Startup Cost": 100279.66,
          "Total Cost": 100279.97,
          "Plan Rows": 3,
          "Plan Width": 8,
          "Actual Startup Time": 430.231,
          "Actual Total Time": 448.587,
          "Actual Rows": 4,
          "Actual Loops": 1,
          "Workers Planned": 3,
          "Workers Launched": 3,
          "Single Copy": false,
          "Plans": [
            {
              "Node Type": "Aggregate",
              "Strategy": "Plain",
              "Partial Mode": "Partial",
              "Parent Relationship": "Outer",
              "Parallel Aware": false,
              "Startup Cost": 99279.66,
              "Total Cost": 99279.67,
              "Plan Rows": 1,
              "Plan Width": 8,
              "Actual Startup Time": 419.855,
              "Actual Total Time": 420.299,
              "Actual Rows": 1,
              "Actual Loops": 4,
              "Plans": [
                {
                  "Node Type": "Hash Join",
                  "Parent Relationship": "Outer",
                  "Parallel Aware": true,
                  "Join Type": "Inner",
                  "Startup Cost": 72587.8,
                  "Total Cost": 99245.62,
                  "Plan Rows": 13614,
                  "Plan Width": 0,
                  "Actual Startup Time": 343.565,
                  "Actual Total Time": 416.974,
                  "Actual Rows": 57233,
                  "Actual Loops": 4,
                  "Inner Unique": false,
                  "Hash Cond": "(mk.movie_id = t.id)",
                  "Plans": [
                    {
                      "Node Type": "Bitmap Heap Scan",
                      "Parent Relationship": "Outer",
                      "Parallel Aware": true,
                      "Relation Name": "movie_keyword",
                      "Alias": "mk",
                      "Startup Cost": 8780.39,
                      "Total Cost": 34903.46,
                      "Plan Rows": 133526,
                      "Plan Width": 4,
                      "Actual Startup Time": 26.519,
                      "Actual Total Time": 73.699,
                      "Actual Rows": 101087,
                      "Actual Loops": 4,
                      "Recheck Cond": "(keyword_id > 43015)",
                      "Rows Removed by Index Recheck": 0,
                      "Exact Heap Blocks": 5329,
                      "Lossy Heap Blocks": 0,
                      "Plans": [
                        {
                          "Node Type": "Bitmap Index Scan",
                          "Parent Relationship": "Outer",
                          "Parallel Aware": false,
                          "Index Name": "keyword_id_movie_keyword",
                          "Startup Cost": 0.0,
                          "Total Cost": 8676.91,
                          "Plan Rows": 413930,
                          "Plan Width": 0,
                          "Actual Startup Time": 23.135,
                          "Actual Total Time": 23.136,
                          "Actual Rows": 404347,
                          "Actual Loops": 1,
                          "Index Cond": "(keyword_id > 43015)"
                        }
                      ]
                    },
                    {
                      "Node Type": "Hash",
                      "Parent Relationship": "Inner",
                      "Parallel Aware": true,
                      "Startup Cost": 63001.88,
                      "Total Cost": 63001.88,
                      "Plan Rows": 64442,
                      "Plan Width": 8,
                      "Actual Startup Time": 314.753,
                      "Actual Total Time": 315.195,
                      "Actual Rows": 79074,
                      "Actual Loops": 4,
                      "Hash Buckets": 524288,
                      "Original Hash Buckets": 262144,
                      "Hash Batches": 1,
                      "Original Hash Batches": 1,
                      "Peak Memory Usage": 18624,
                      "Plans": [
                        {
                          "Node Type": "Hash Join",
                          "Parent Relationship": "Outer",
                          "Parallel Aware": true,
                          "Join Type": "Inner",
                          "Startup Cost": 17490.54,
                          "Total Cost": 63001.88,
                          "Plan Rows": 64442,
                          "Plan Width": 8,
                          "Actual Startup Time": 85.775,
                          "Actual Total Time": 284.814,
                          "Actual Rows": 79074,
                          "Actual Loops": 4,
                          "Inner Unique": false,
                          "Hash Cond": "(t.id = mi_idx.movie_id)",
                          "Plans": [
                            {
                              "Node Type": "Seq Scan",
                              "Parent Relationship": "Outer",
                              "Parallel Aware": true,
                              "Relation Name": "title",
                              "Alias": "t",
                              "Startup Cost": 0.0,
                              "Total Cost": 43898.92,
                              "Plan Rows": 358377,
                              "Plan Width": 4,
                              "Actual Startup Time": 0.014,
                              "Actual Total Time": 95.776,
                              "Actual Rows": 360824,
                              "Actual Loops": 4,
                              "Filter": "(production_year < 2006)",
                              "Rows Removed by Filter": 271254
                            },
                            {
                              "Node Type": "Hash",
                              "Parent Relationship": "Inner",
                              "Parallel Aware": true,
                              "Startup Cost": 15122.68,
                              "Total Cost": 15122.68,
                              "Plan Rows": 189429,
                              "Plan Width": 4,
                              "Actual Startup Time": 83.806,
                              "Actual Total Time": 83.807,
                              "Actual Rows": 114981,
                              "Actual Loops": 4,
                              "Hash Buckets": 524288,
                              "Original Hash Buckets": 524288,
                              "Hash Batches": 1,
                              "Original Hash Batches": 1,
                              "Peak Memory Usage": 22144,
                              "Plans": [
                                {
                                  "Node Type": "Seq Scan",
                                  "Parent Relationship": "Outer",
                                  "Parallel Aware": true,
                                  "Relation Name": "movie_info_idx",
                                  "Alias": "mi_idx",
                                  "Startup Cost": 0.0,
                                  "Total Cost": 15122.68,
                                  "Plan Rows": 189429,
                                  "Plan Width": 4,
                                  "Actual Startup Time": 0.074,
                                  "Actual Total Time": 46.245,
                                  "Actual Rows": 114981,
                                  "Actual Loops": 4,
                                  "Filter": "(info_type_id = 99)",
                                  "Rows Removed by Filter": 230028
                                }
                              ]
                            }
                          ]
                        }
                      ]
                    }
                  ]
                }
              ]
            }
          ]
        }
      ]
    },
    "Planning Time": 1.434,
    "Triggers": [],
    "Execution Time": 448.707
  }
]