[
  {
    "Plan": {
      "Node Type": "Aggregate",
      "Strategy": "Plain",
      "Partial Mode": "Finalize",
      "Parallel Aware": false,
      "Startup Cost": 47095.92,
      "Total Cost": 47095.93,
      "Plan Rows": 1,
      "Plan Width": 8,
      "Actual Startup Time": 177.214,
      "Actual Total Time": 185.976,
      "Actual Rows": 1,
      "Actual Loops": 1,
      "Plans": [
        {
          "Node Type": "Gather",
          "Parent Relationship": "Outer",
          "Parallel Aware": false,
          "Startup Cost": 47095.6,
          "Total Cost": 47095.91,
          "Plan Rows": 3,
          "Plan Width": 8,
          "Actual Startup Time": 177.108,
          "Actual Total Time": 185.967,
          "Actual Rows": 4,
          "Actual Loops": 1,
          "Workers Planned": 3,
          "Workers Launched": 3,
          "Single Copy": false,
          "Plans": [
            {
              "Node Type": "Aggregate",
              "Strategy": "Plain",
              "Partial Mode": "Partial",
              "Parent Relationship": "Outer",
              "Parallel Aware": false,
              "Startup Cost": 46095.6,
              "Total Cost": 46095.61,
              "Plan Rows": 1,
              "Plan Width": 8,
              "Actual Startup Time": 169.494,
              "Actual Total Time": 169.495,
              "Actual Rows": 1,
              "Actual Loops": 4,
              "Plans": [
                {
                  "Node Type": "Seq Scan",
                  "Parent Relationship": "Outer",
                  "Parallel Aware": true,
                  "Relation Name": "movie_keyword",
                  "Alias": "mk",
                  "Startup Cost": 0.0,
                  "Total Cost": 42695.65,
                  "Plan Rows": 1359978,
                  "Plan Width": 0,
                  "Actual Startup Time": 0.06,
                  "Actual Total Time": 122.04,
                  "Actual Rows": 1055284,
                  "Actual Loops": 4,
                  "Filter": "(keyword_id < 53571)",
                  "Rows Removed by Filter": 75698
                }
              ]
            }
          ]
        }
      ]
    },
    "Planning Time": 0.183,
    "Triggers": [],
    "Execution Time": 186.033
  }
]