[
  {
    "Plan": {
      "Node Type": "Aggregate",
      "Strategy": "Plain",
      "Partial Mode": "Finalize",
      "Parallel Aware": false,
      "Startup Cost": 354758.33,
      "Total Cost": 354758.34,
      "Plan Rows": 1,
      "Plan Width": 8,
      "Actual Startup Time": 933.227,
      "Actual Total Time": 997.423,
      "Actual Rows": 1,
      "Actual Loops": 1,
      "Plans": [
        {
          "Node Type": "Gather",
          "Parent Relationship": "Outer",
          "Parallel Aware": false,
          "Startup Cost": 354757.71,
          "Total Cost": 354758.32,
          "Plan Rows": 6,
          "Plan Width": 8,
          "Actual Startup Time": 933.139,
          "Actual Total Time": 997.411,
          "Actual Rows": 7,
          "Actual Loops": 1,
          "Workers Planned": 6,
          "Workers Launched": 6,
          "Single Copy": false,
          "Plans": [
            {
              "Node Type": "Aggregate",
              "Strategy": "Plain",
              "Partial Mode": "Partial",
              "Parent Relationship": "Outer",
              "Parallel Aware": false,
              "Startup Cost": 353757.71,
              "Total Cost": 353757.72,
              "Plan Rows": 1,
              "Plan Width": 8,
              "Actual Startup Time": 923.286,
              "Actual Total Time": 923.287,
              "Actual Rows": 1,
              "Actual Loops": 7,
              "Plans": [
                {
                  "Node Type": "Seq Scan",
                  "Parent Relationship": "Outer",
                  "Parallel Aware": true,
                  "Relation Name": "cast_info",
                  "Alias": "ci",
                  "Startup Cost": 0.0,
                  "Total Cost": 343257.03,
                  "Plan Rows": 4200271,
                  "Plan Width": 0,
                  "Actual Startup Time": 0.053,
                  "Actual Total Time": 746.867,
                  "Actual Rows": 3926769,
                  "Actual Loops": 7,
                  "Filter": "((person_id < 2950787) AND (role_id < 10))",
                  "Rows Removed by Filter": 1250994
                }
              ]
            }
          ]
        }
      ]
    },
    "Planning Time": 0.225,
    "Triggers": [],
    "Execution Time": 997.495
  }
]