[
  {
    "Plan": {
      "Node Type": "Aggregate",
      "Strategy": "Plain",
      "Partial Mode": "Finalize",
      "Parallel Aware": false,
      "Startup Cost": 127255.87,
      "Total Cost": 127255.88,
      "Plan Rows": 1,
      "Plan Width": 8,
      "Actual Startup Time": 346.049,
      "Actual Total Time": 375.438,
      "Actual Rows": 1,
      "Actual Loops": 1,
      "Plans": [
        {
          "Node Type": "Gather",
          "Parent Relationship": "Outer",
          "Parallel Aware": false,
          "Startup Cost": 127255.55,
          "Total Cost": 127255.86,
          "Plan Rows": 3,
          "Plan Width": 8,
          "Actual Startup Time": 345.293,
          "Actual Total Time": 375.43,
          "Actual Rows": 4,
          "Actual Loops": 1,
          "Workers Planned": 3,
          "Workers Launched": 3,
          "Single Copy": false,
          "Plans": [
            {
              "Node Type": "Aggregate",
              "Strategy": "Plain",
              "Partial Mode": "Partial",
              "Parent Relationship": "Outer",
              "Parallel Aware": false,
              "Startup Cost": 126255.55,
              "Total Cost": 126255.56,
              "Plan Rows": 1,
              "Plan Width": 8,
              "Actual Startup Time": 337.219,
              "Actual Total Time": 337.222,
              "Actual Rows": 1,
              "Actual Loops": 4,
              "Plans": [
                {
                  "Node Type": "Nested Loop",
                  "Parent Relationship": "Outer",
                  "Parallel Aware": false,
                  "Join Type": "Inner",
                  "Startup Cost": 58141.83,
                  "Total Cost": 126061.12,
                  "Plan Rows": 77772,
                  "Plan Width": 0,
                  "Actual Startup Time": 149.662,
                  "Actual Total Time": 328.607,
                  "Actual Rows": 193980,
                  "Actual Loops": 4,
                  "Inner Unique": false,
                  "Join Filter": "(t.id = mi.movie_id)",
                  "Rows Removed by Join Filter": 0,
                  "Plans": [
                    {
                      "Node Type": "Hash Join",
                      "Parent Relationship": "Outer",
                      "Parallel Aware": true,
                      "Join Type": "Inner",
                      "Startup Cost": 58141.4,
                      "Total Cost": 85755.14,
                      "Plan Rows": 13301,
                      "Plan Width": 8,
                      "Actual Startup Time": 149.535,
                      "Actual Total Time": 217.984,
                      "Actual Rows": 4702,
                      "Actual Loops": 4,
                      "Inner Unique": true,
                      "Hash Cond": "(mk.movie_id = t.id)",
                      "Plans": [
                        {
                          "Node Type": "Bitmap Heap Scan",
                          "Parent Relationship": "Outer",
                          "Parallel Aware": true,
                          "Relation Name": "movie_keyword",
                          "Alias": "mk",
                          "Startup Cost": 13739.46,
                          "Total Cost": 40804.81,
                          "Plan Rows": 208908,
                          "Plan Width": 4,
                          "Actual Startup Time": 41.146,
                          "Actual Total Time": 88.587,
                          "Actual Rows": 158976,
                          "Actual Loops": 4,
                          "Recheck Cond": "(keyword_id > 29032)",
                          "Rows Removed by Index Recheck": 0,
                          "Exact Heap Blocks": 8004,
                          "Lossy Heap Blocks": 0,
                          "Plans": [
                            {
                              "Node Type": "Bitmap Index Scan",
                              "Parent Relationship": "Outer",
                              "Parallel Aware": false,
                              "Index Name": "keyword_id_movie_keyword",
                              "Startup Cost": 0.0,
                              "Total Cost": 13577.55,
                              "Plan Rows": 647616,
                              "Plan Width": 0,
                              "Actual Startup Time": 37.462,
                              "Actual Total Time": 37.463,
                              "Actual Rows": 635903,
                              "Actual Loops": 1,
                              "Index Cond": "(keyword_id > 29032)"
                            }
                          ]
                        },
                        {
                          "Node Type": "Hash",
                          "Parent Relationship": "Inner",
                          "Parallel Aware": true,
                          "Startup Cost": 43898.92,
                          "Total Cost": 43898.92,
                          "Plan Rows": 40242,
                          "Plan Width": 4,
                          "Actual Startup Time": 104.314,
                          "Actual Total Time": 104.315,
                          "Actual Rows": 41077,
                          "Actual Loops": 4,
                          "Hash Buckets": 262144,
                          "Original Hash Buckets": 262144,
                          "Hash Batches": 1,
                          "Original Hash Batches": 1,
                          "Peak Memory Usage": 8544,
                          "Plans": [
                            {
                              "Node Type": "Seq Scan",
                              "Parent Relationship": "Outer",
                              "Parallel Aware": true,
                              "Relation Name": "title",
                              "Alias": "t",
                              "Startup Cost": 0.0,
                              "Total Cost": 43898.92,
                              "Plan Rows": 40242,
                              "Plan Width": 4,
                              "Actual Startup Time": 0.035,
                              "Actual Total Time": 89.825,
                              "Actual Rows": 41077,
                              "Actual Loops": 4,
                              "Filter": "(production_year = 2012)",
                              "Rows Removed by Filter": 591001
                            }
                          ]
                        }
                      ]
                    },
                    {
                      "Node Type": "Index Only Scan",
                      "Parent Relationship": "Inner",
                      "Parallel Aware": false,
                      "Scan Direction": "Forward",
                      "Index Name": "movie_id_movie_info",
                      "Relation Name": "movie_info",
                      "Alias": "mi",
                      "Startup Cost": 0.43,
                      "Total Cost": 2.51,
                      "Plan Rows": 42,
                      "Plan Width": 4,
                      "Actual Startup Time": 0.006,
                      "Actual Total Time": 0.02,
                      "Actual Rows": 41,
                      "Actual Loops": 18810,
                      "Index Cond": "(movie_id = mk.movie_id)",
                      "Rows Removed by Index Recheck": 0,
                      "Heap Fetches": 775919
                    }
                  ]
                }
              ]
            }
          ]
        }
      ]
    },
    "Planning Time": 1.3,
    "Triggers": [],
    "Execution Time": 375.54
  }
]