[
  {
    "Plan": {
      "Node Type": "Aggregate",
      "Strategy": "Plain",
      "Partial Mode": "Finalize",
      "Parallel Aware": false,
      "Startup Cost": 31268.21,
      "Total Cost": 31268.22,
      "Plan Rows": 1,
      "Plan Width": 8,
      "Actual Startup Time": 92.152,
      "Actual Total Time": 99.859,
      "Actual Rows": 1,
      "Actual Loops": 1,
      "Plans": [
        {
          "Node Type": "Gather",
          "Parent Relationship": "Outer",
          "Parallel Aware": false,
          "Startup Cost": 31267.9,
          "Total Cost": 31268.21,
          "Plan Rows": 3,
          "Plan Width": 8,
          "Actual Startup Time": 92.019,
          "Actual Total Time": 99.85,
          "Actual Rows": 4,
          "Actual Loops": 1,
          "Workers Planned": 3,
          "Workers Launched": 3,
          "Single Copy": false,
          "Plans": [
            {
              "Node Type": "Aggregate",
              "Strategy": "Plain",
              "Partial Mode": "Partial",
              "Parent Relationship": "Outer",
              "Parallel Aware": false,
              "Startup Cost": 30267.9,
              "Total Cost": 30267.91,
              "Plan Rows": 1,
              "Plan Width": 8,
              "Actual Startup Time": 86.346,
              "Actual Total Time": 86.347,
              "Actual Rows": 1,
              "Actual Loops": 4,
              "Plans": [
                {
                  "Node Type": "Seq Scan",
                  "Parent Relationship": "Outer",
                  "Parallel Aware": true,
                  "Relation Name": "movie_companies",
                  "Alias": "mc",
                  "Startup Cost": 0.0,
                  "Total Cost": 29310.68,
                  "Plan Rows": 382886,
                  "Plan Width": 0,
                  "Actual Startup Time": 16.181,
                  "Actual Total Time": 73.784,
                  "Actual Rows": 294437,
                  "Actual Loops": 4,
                  "Filter": "(company_id > 12667)",
                  "Rows Removed by Filter": 357845
                }
              ]
            }
          ]
        }
      ]
    },
    "Planning Time": 0.146,
    "Triggers": [],
    "Execution Time": 99.901
  }
]