{
    "Plan": {
        "Node Type": "Aggregate",
        "Strategy": "Plain",
        "Partial Mode": "Finalize",
        "Parallel Aware": false,
        "Startup Cost": 389217.85,
        "Total Cost": 389217.86,
        "Plan Rows": 1,
        "Plan Width": 8,
        "Actual Startup Time": 775.069,
        "Actual Total Time": 825.475,
        "Actual Rows": 1,
        "Actual Loops": 1,
        "Output": [
            "count(*)"
        ],
        "Plans": [
            {
                "Node Type": "Gather",
                "Parent Relationship": "Outer",
                "Parallel Aware": false,
                "Startup Cost": 389217.22,
                "Total Cost": 389217.83,
                "Plan Rows": 6,
                "Plan Width": 8,
                "Actual Startup Time": 773.212,
                "Actual Total Time": 825.465,
                "Actual Rows": 7,
                "Actual Loops": 1,
                "Output": [
                    "(PARTIAL count(*))"
                ],
                "Workers Planned": 6,
                "Workers Launched": 6,
                "Single Copy": false,
                "Plans": [
                    {
                        "Node Type": "Aggregate",
                        "Strategy": "Plain",
                        "Partial Mode": "Partial",
                        "Parent Relationship": "Outer",
                        "Parallel Aware": false,
                        "Startup Cost": 388217.22,
                        "Total Cost": 388217.23,
                        "Plan Rows": 1,
                        "Plan Width": 8,
                        "Actual Startup Time": 762.64,
                        "Actual Total Time": 762.644,
                        "Actual Rows": 1,
                        "Actual Loops": 7,
                        "Output": [
                            "PARTIAL count(*)"
                        ],
                        "Workers": [
                            {
                                "Worker Number": 0,
                                "Actual Startup Time": 760.473,
                                "Actual Total Time": 760.477,
                                "Actual Rows": 1,
                                "Actual Loops": 1
                            },
                            {
                                "Worker Number": 1,
                                "Actual Startup Time": 760.601,
                                "Actual Total Time": 760.604,
                                "Actual Rows": 1,
                                "Actual Loops": 1
                            },
                            {
                                "Worker Number": 2,
                                "Actual Startup Time": 761.027,
                                "Actual Total Time": 761.03,
                                "Actual Rows": 1,
                                "Actual Loops": 1
                            },
                            {
                                "Worker Number": 3,
                                "Actual Startup Time": 760.913,
                                "Actual Total Time": 760.916,
                                "Actual Rows": 1,
                                "Actual Loops": 1
                            },
                            {
                                "Worker Number": 4,
                                "Actual Startup Time": 761.512,
                                "Actual Total Time": 761.516,
                                "Actual Rows": 1,
                                "Actual Loops": 1
                            },
                            {
                                "Worker Number": 5,
                                "Actual Startup Time": 761.64,
                                "Actual Total Time": 761.644,
                                "Actual Rows": 1,
                                "Actual Loops": 1
                            }
                        ],
                        "Plans": [
                            {
                                "Node Type": "Hash Join",
                                "Parent Relationship": "Outer",
                                "Parallel Aware": true,
                                "Join Type": "Inner",
                                "Startup Cost": 44268.24,
                                "Total Cost": 388190.37,
                                "Plan Rows": 10739,
                                "Plan Width": 0,
                                "Actual Startup Time": 403.427,
                                "Actual Total Time": 762.374,
                                "Actual Rows": 3147,
                                "Actual Loops": 7,
                                "Inner Unique": true,
                                "Hash Cond": "(ci.movie_id = t.id)",
                                "Workers": [
                                    {
                                        "Worker Number": 0,
                                        "Actual Startup Time": 455.741,
                                        "Actual Total Time": 760.183,
                                        "Actual Rows": 2745,
                                        "Actual Loops": 1
                                    },
                                    {
                                        "Worker Number": 1,
                                        "Actual Startup Time": 337.044,
                                        "Actual Total Time": 760.313,
                                        "Actual Rows": 2824,
                                        "Actual Loops": 1
                                    },
                                    {
                                        "Worker Number": 2,
                                        "Actual Startup Time": 456.17,
                                        "Actual Total Time": 760.758,
                                        "Actual Rows": 2714,
                                        "Actual Loops": 1
                                    },
                                    {
                                        "Worker Number": 3,
                                        "Actual Startup Time": 456.127,
                                        "Actual Total Time": 760.638,
                                        "Actual Rows": 2674,
                                        "Actual Loops": 1
                                    },
                                    {
                                        "Worker Number": 4,
                                        "Actual Startup Time": 456.736,
                                        "Actual Total Time": 761.262,
                                        "Actual Rows": 3922,
                                        "Actual Loops": 1
                                    },
                                    {
                                        "Worker Number": 5,
                                        "Actual Startup Time": 325.229,
                                        "Actual Total Time": 761.373,
                                        "Actual Rows": 2384,
                                        "Actual Loops": 1
                                    }
                                ],
                                "Plans": [
                                    {
                                        "Node Type": "Seq Scan",
                                        "Parent Relationship": "Outer",
                                        "Parallel Aware": true,
                                        "Relation Name": "cast_info",
                                        "Schema": "public",
                                        "Alias": "ci",
                                        "Startup Cost": 0.0,
                                        "Total Cost": 343318.94,
                                        "Plan Rows": 229787,
                                        "Plan Width": 4,
                                        "Actual Startup Time": 245.411,
                                        "Actual Total Time": 655.425,
                                        "Actual Rows": 86445,
                                        "Actual Loops": 7,
                                        "Output": [
                                            "ci.id",
                                            "ci.person_id",
                                            "ci.movie_id",
                                            "ci.person_role_id",
                                            "ci.note",
                                            "ci.nr_order",
                                            "ci.role_id"
                                        ],
                                        "Filter": "((ci.person_id < 209157) AND (ci.role_id > 1))",
                                        "Rows Removed by Filter": 5091318,
                                        "Workers": [
                                            {
                                                "Worker Number": 0,
                                                "Actual Startup Time": 243.691,
                                                "Actual Total Time": 655.827,
                                                "Actual Rows": 75010,
                                                "Actual Loops": 1
                                            },
                                            {
                                                "Worker Number": 1,
                                                "Actual Startup Time": 248.972,
                                                "Actual Total Time": 655.911,
                                                "Actual Rows": 75725,
                                                "Actual Loops": 1
                                            },
                                            {
                                                "Worker Number": 2,
                                                "Actual Startup Time": 242.343,
                                                "Actual Total Time": 656.131,
                                                "Actual Rows": 74384,
                                                "Actual Loops": 1
                                            },
                                            {
                                                "Worker Number": 3,
                                                "Actual Startup Time": 256.77,
                                                "Actual Total Time": 656.261,
                                                "Actual Rows": 75682,
                                                "Actual Loops": 1
                                            },
                                            {
                                                "Worker Number": 4,
                                                "Actual Startup Time": 242.199,
                                                "Actual Total Time": 654.563,
                                                "Actual Rows": 103791,
                                                "Actual Loops": 1
                                            },
                                            {
                                                "Worker Number": 5,
                                                "Actual Startup Time": 242.05,
                                                "Actual Total Time": 656.509,
                                                "Actual Rows": 73787,
                                                "Actual Loops": 1
                                            }
                                        ]
                                    },
                                    {
                                        "Node Type": "Hash",
                                        "Parent Relationship": "Inner",
                                        "Parallel Aware": true,
                                        "Startup Cost": 43899.01,
                                        "Total Cost": 43899.01,
                                        "Plan Rows": 29539,
                                        "Plan Width": 4,
                                        "Actual Startup Time": 82.637,
                                        "Actual Total Time": 82.638,
                                        "Actual Rows": 16891,
                                        "Actual Loops": 7,
                                        "Output": [
                                            "t.id"
                                        ],
                                        "Hash Buckets": 131072,
                                        "Original Hash Buckets": 131072,
                                        "Hash Batches": 1,
                                        "Original Hash Batches": 1,
                                        "Peak Memory Usage": 5728,
                                        "Workers": [
                                            {
                                                "Worker Number": 0,
                                                "Actual Startup Time": 81.362,
                                                "Actual Total Time": 81.364,
                                                "Actual Rows": 14099,
                                                "Actual Loops": 1
                                            },
                                            {
                                                "Worker Number": 1,
                                                "Actual Startup Time": 81.487,
                                                "Actual Total Time": 81.489,
                                                "Actual Rows": 13687,
                                                "Actual Loops": 1
                                            },
                                            {
                                                "Worker Number": 2,
                                                "Actual Startup Time": 81.735,
                                                "Actual Total Time": 81.737,
                                                "Actual Rows": 14279,
                                                "Actual Loops": 1
                                            },
                                            {
                                                "Worker Number": 3,
                                                "Actual Startup Time": 81.753,
                                                "Actual Total Time": 81.754,
                                                "Actual Rows": 14633,
                                                "Actual Loops": 1
                                            },
                                            {
                                                "Worker Number": 4,
                                                "Actual Startup Time": 82.367,
                                                "Actual Total Time": 82.368,
                                                "Actual Rows": 19203,
                                                "Actual Loops": 1
                                            },
                                            {
                                                "Worker Number": 5,
                                                "Actual Startup Time": 82.488,
                                                "Actual Total Time": 82.489,
                                                "Actual Rows": 14529,
                                                "Actual Loops": 1
                                            }
                                        ],
                                        "Plans": [
                                            {
                                                "Node Type": "Seq Scan",
                                                "Parent Relationship": "Outer",
                                                "Parallel Aware": true,
                                                "Relation Name": "title",
                                                "Schema": "public",
                                                "Alias": "t",
                                                "Startup Cost": 0.0,
                                                "Total Cost": 43899.01,
                                                "Plan Rows": 29539,
                                                "Plan Width": 4,
                                                "Actual Startup Time": 46.085,
                                                "Actual Total Time": 72.194,
                                                "Actual Rows": 16891,
                                                "Actual Loops": 7,
                                                "Output": [
                                                    "t.id"
                                                ],
                                                "Filter": "(t.kind_id = 4)",
                                                "Rows Removed by Filter": 344297,
                                                "Workers": [
                                                    {
                                                        "Worker Number": 0,
                                                        "Actual Startup Time": 43.93,
                                                        "Actual Total Time": 71.646,
                                                        "Actual Rows": 14099,
                                                        "Actual Loops": 1
                                                    },
                                                    {
                                                        "Worker Number": 1,
                                                        "Actual Startup Time": 44.551,
                                                        "Actual Total Time": 71.175,
                                                        "Actual Rows": 13687,
                                                        "Actual Loops": 1
                                                    },
                                                    {
                                                        "Worker Number": 2,
                                                        "Actual Startup Time": 44.725,
                                                        "Actual Total Time": 71.673,
                                                        "Actual Rows": 14279,
                                                        "Actual Loops": 1
                                                    },
                                                    {
                                                        "Worker Number": 3,
                                                        "Actual Startup Time": 48.756,
                                                        "Actual Total Time": 71.62,
                                                        "Actual Rows": 14633,
                                                        "Actual Loops": 1
                                                    },
                                                    {
                                                        "Worker Number": 4,
                                                        "Actual Startup Time": 45.222,
                                                        "Actual Total Time": 71.942,
                                                        "Actual Rows": 19203,
                                                        "Actual Loops": 1
                                                    },
                                                    {
                                                        "Worker Number": 5,
                                                        "Actual Startup Time": 45.522,
                                                        "Actual Total Time": 72.596,
                                                        "Actual Rows": 14529,
                                                        "Actual Loops": 1
                                                    }
                                                ]
                                            }
                                        ]
                                    }
                                ]
                            }
                        ]
                    }
                ]
            }
        ]
    },
    "Planning Time": 0.798,
    "Triggers": [],
    "Execution Time": 825.561
}