{
    "Plan": {
        "Node Type": "Aggregate",
        "Strategy": "Plain",
        "Partial Mode": "Finalize",
        "Parallel Aware": false,
        "Startup Cost": 91274.14,
        "Total Cost": 91274.15,
        "Plan Rows": 1,
        "Plan Width": 8,
        "Actual Startup Time": 171.536,
        "Actual Total Time": 189.493,
        "Actual Rows": 1,
        "Actual Loops": 1,
        "Output": [
            "count(*)"
        ],
        "Plans": [
            {
                "Node Type": "Gather",
                "Parent Relationship": "Outer",
                "Parallel Aware": false,
                "Startup Cost": 91273.72,
                "Total Cost": 91274.13,
                "Plan Rows": 4,
                "Plan Width": 8,
                "Actual Startup Time": 171.382,
                "Actual Total Time": 189.486,
                "Actual Rows": 5,
                "Actual Loops": 1,
                "Output": [
                    "(PARTIAL count(*))"
                ],
                "Workers Planned": 4,
                "Workers Launched": 4,
                "Single Copy": false,
                "Plans": [
                    {
                        "Node Type": "Aggregate",
                        "Strategy": "Plain",
                        "Partial Mode": "Partial",
                        "Parent Relationship": "Outer",
                        "Parallel Aware": false,
                        "Startup Cost": 90273.72,
                        "Total Cost": 90273.73,
                        "Plan Rows": 1,
                        "Plan Width": 8,
                        "Actual Startup Time": 161.226,
                        "Actual Total Time": 161.229,
                        "Actual Rows": 1,
                        "Actual Loops": 5,
                        "Output": [
                            "PARTIAL count(*)"
                        ],
                        "Workers": [
                            {
                                "Worker Number": 0,
                                "Actual Startup Time": 158.508,
                                "Actual Total Time": 158.511,
                                "Actual Rows": 1,
                                "Actual Loops": 1
                            },
                            {
                                "Worker Number": 1,
                                "Actual Startup Time": 158.716,
                                "Actual Total Time": 158.719,
                                "Actual Rows": 1,
                                "Actual Loops": 1
                            },
                            {
                                "Worker Number": 2,
                                "Actual Startup Time": 158.763,
                                "Actual Total Time": 158.767,
                                "Actual Rows": 1,
                                "Actual Loops": 1
                            },
                            {
                                "Worker Number": 3,
                                "Actual Startup Time": 159.577,
                                "Actual Total Time": 159.58,
                                "Actual Rows": 1,
                                "Actual Loops": 1
                            }
                        ],
                        "Plans": [
                            {
                                "Node Type": "Hash Join",
                                "Parent Relationship": "Outer",
                                "Parallel Aware": true,
                                "Join Type": "Inner",
                                "Startup Cost": 43929.6,
                                "Total Cost": 90271.73,
                                "Plan Rows": 799,
                                "Plan Width": 0,
                                "Actual Startup Time": 82.454,
                                "Actual Total Time": 161.164,
                                "Actual Rows": 655,
                                "Actual Loops": 5,
                                "Inner Unique": true,
                                "Hash Cond": "(ci.movie_id = t.id)",
                                "Workers": [
                                    {
                                        "Worker Number": 0,
                                        "Actual Startup Time": 78.711,
                                        "Actual Total Time": 158.446,
                                        "Actual Rows": 655,
                                        "Actual Loops": 1
                                    },
                                    {
                                        "Worker Number": 1,
                                        "Actual Startup Time": 80.899,
                                        "Actual Total Time": 158.655,
                                        "Actual Rows": 625,
                                        "Actual Loops": 1
                                    },
                                    {
                                        "Worker Number": 2,
                                        "Actual Startup Time": 80.339,
                                        "Actual Total Time": 158.713,
                                        "Actual Rows": 442,
                                        "Actual Loops": 1
                                    },
                                    {
                                        "Worker Number": 3,
                                        "Actual Startup Time": 81.593,
                                        "Actual Total Time": 159.518,
                                        "Actual Rows": 613,
                                        "Actual Loops": 1
                                    }
                                ],
                                "Plans": [
                                    {
                                        "Node Type": "Index Scan",
                                        "Parent Relationship": "Outer",
                                        "Parallel Aware": true,
                                        "Scan Direction": "Forward",
                                        "Index Name": "role_id_cast_info",
                                        "Relation Name": "cast_info",
                                        "Schema": "public",
                                        "Alias": "ci",
                                        "Startup Cost": 0.56,
                                        "Total Cost": 45790.64,
                                        "Plan Rows": 210308,
                                        "Plan Width": 4,
                                        "Actual Startup Time": 0.094,
                                        "Actual Total Time": 63.898,
                                        "Actual Rows": 159899,
                                        "Actual Loops": 5,
                                        "Output": [
                                            "ci.id",
                                            "ci.person_id",
                                            "ci.movie_id",
                                            "ci.person_role_id",
                                            "ci.note",
                                            "ci.nr_order",
                                            "ci.role_id"
                                        ],
                                        "Index Cond": "(ci.role_id = 8)",
                                        "Rows Removed by Index Recheck": 0,
                                        "Filter": "(ci.person_id < 1837842)",
                                        "Rows Removed by Filter": 180810,
                                        "Workers": [
                                            {
                                                "Worker Number": 0,
                                                "Actual Startup Time": 0.144,
                                                "Actual Total Time": 63.998,
                                                "Actual Rows": 149369,
                                                "Actual Loops": 1
                                            },
                                            {
                                                "Worker Number": 1,
                                                "Actual Startup Time": 0.09,
                                                "Actual Total Time": 64.064,
                                                "Actual Rows": 151768,
                                                "Actual Loops": 1
                                            },
                                            {
                                                "Worker Number": 2,
                                                "Actual Startup Time": 0.071,
                                                "Actual Total Time": 64.907,
                                                "Actual Rows": 141699,
                                                "Actual Loops": 1
                                            },
                                            {
                                                "Worker Number": 3,
                                                "Actual Startup Time": 0.132,
                                                "Actual Total Time": 64.185,
                                                "Actual Rows": 152454,
                                                "Actual Loops": 1
                                            }
                                        ]
                                    },
                                    {
                                        "Node Type": "Hash",
                                        "Parent Relationship": "Inner",
                                        "Parallel Aware": true,
                                        "Startup Cost": 43899.01,
                                        "Total Cost": 43899.01,
                                        "Plan Rows": 2402,
                                        "Plan Width": 4,
                                        "Actual Startup Time": 80.012,
                                        "Actual Total Time": 80.013,
                                        "Actual Rows": 1726,
                                        "Actual Loops": 5,
                                        "Output": [
                                            "t.id"
                                        ],
                                        "Hash Buckets": 16384,
                                        "Original Hash Buckets": 16384,
                                        "Hash Batches": 1,
                                        "Original Hash Batches": 1,
                                        "Peak Memory Usage": 512,
                                        "Workers": [
                                            {
                                                "Worker Number": 0,
                                                "Actual Startup Time": 77.885,
                                                "Actual Total Time": 77.886,
                                                "Actual Rows": 1516,
                                                "Actual Loops": 1
                                            },
                                            {
                                                "Worker Number": 1,
                                                "Actual Startup Time": 78.257,
                                                "Actual Total Time": 78.258,
                                                "Actual Rows": 1548,
                                                "Actual Loops": 1
                                            },
                                            {
                                                "Worker Number": 2,
                                                "Actual Startup Time": 78.301,
                                                "Actual Total Time": 78.303,
                                                "Actual Rows": 1298,
                                                "Actual Loops": 1
                                            },
                                            {
                                                "Worker Number": 3,
                                                "Actual Startup Time": 79.116,
                                                "Actual Total Time": 79.117,
                                                "Actual Rows": 1615,
                                                "Actual Loops": 1
                                            }
                                        ],
                                        "Plans": [
                                            {
                                                "Node Type": "Seq Scan",
                                                "Parent Relationship": "Outer",
                                                "Parallel Aware": true,
                                                "Relation Name": "title",
                                                "Schema": "public",
                                                "Alias": "t",
                                                "Startup Cost": 0.0,
                                                "Total Cost": 43899.01,
                                                "Plan Rows": 2402,
                                                "Plan Width": 4,
                                                "Actual Startup Time": 0.454,
                                                "Actual Total Time": 78.908,
                                                "Actual Rows": 1726,
                                                "Actual Loops": 5,
                                                "Output": [
                                                    "t.id"
                                                ],
                                                "Filter": "(t.production_year = 1956)",
                                                "Rows Removed by Filter": 503937,
                                                "Workers": [
                                                    {
                                                        "Worker Number": 0,
                                                        "Actual Startup Time": 0.077,
                                                        "Actual Total Time": 76.771,
                                                        "Actual Rows": 1516,
                                                        "Actual Loops": 1
                                                    },
                                                    {
                                                        "Worker Number": 1,
                                                        "Actual Startup Time": 0.133,
                                                        "Actual Total Time": 77.108,
                                                        "Actual Rows": 1548,
                                                        "Actual Loops": 1
                                                    },
                                                    {
                                                        "Worker Number": 2,
                                                        "Actual Startup Time": 1.623,
                                                        "Actual Total Time": 77.212,
                                                        "Actual Rows": 1298,
                                                        "Actual Loops": 1
                                                    },
                                                    {
                                                        "Worker Number": 3,
                                                        "Actual Startup Time": 0.41,
                                                        "Actual Total Time": 77.975,
                                                        "Actual Rows": 1615,
                                                        "Actual Loops": 1
                                                    }
                                                ]
                                            }
                                        ]
                                    }
                                ]
                            }
                        ]
                    }
                ]
            }
        ]
    },
    "Planning Time": 0.732,
    "Triggers": [],
    "Execution Time": 189.573
}