[
  {
    "Plan": {
      "Node Type": "Aggregate",
      "Strategy": "Plain",
      "Partial Mode": "Finalize",
      "Parallel Aware": false,
      "Startup Cost": 333083.48,
      "Total Cost": 333083.49,
      "Plan Rows": 1,
      "Plan Width": 8,
      "Actual Startup Time": 671.623,
      "Actual Total Time": 727.201,
      "Actual Rows": 1,
      "Actual Loops": 1,
      "Plans": [
        {
          "Node Type": "Gather",
          "Parent Relationship": "Outer",
          "Parallel Aware": false,
          "Startup Cost": 333082.86,
          "Total Cost": 333083.47,
          "Plan Rows": 6,
          "Plan Width": 8,
          "Actual Startup Time": 671.509,
          "Actual Total Time": 727.19,
          "Actual Rows": 7,
          "Actual Loops": 1,
          "Workers Planned": 6,
          "Workers Launched": 6,
          "Single Copy": false,
          "Plans": [
            {
              "Node Type": "Aggregate",
              "Strategy": "Plain",
              "Partial Mode": "Partial",
              "Parent Relationship": "Outer",
              "Parallel Aware": false,
              "Startup Cost": 332082.86,
              "Total Cost": 332082.87,
              "Plan Rows": 1,
              "Plan Width": 8,
              "Actual Startup Time": 663.041,
              "Actual Total Time": 663.042,
              "Actual Rows": 1,
              "Actual Loops": 7,
              "Plans": [
                {
                  "Node Type": "Seq Scan",
                  "Parent Relationship": "Outer",
                  "Parallel Aware": true,
                  "Relation Name": "cast_info",
                  "Alias": "ci",
                  "Startup Cost": 0.0,
                  "Total Cost": 328162.03,
                  "Plan Rows": 1568333,
                  "Plan Width": 0,
                  "Actual Startup Time": 0.047,
                  "Actual Total Time": 594.745,
                  "Actual Rows": 1358570,
                  "Actual Loops": 7,
                  "Filter": "(person_id < 934979)",
                  "Rows Removed by Filter": 3819194
                }
              ]
            }
          ]
        }
      ]
    },
    "Planning Time": 0.243,
    "Triggers": [],
    "Execution Time": 727.278
  }
]