[
    {
        "Bao": {
            "Bao prediction": 458.005,
            "Bao recommended hint": "SET enable_mergejoin TO off; SET enable_indexscan TO off; "
        }
    },
    {
        "Plan": {
            "Node Type": "Aggregate",
            "Strategy": "Plain",
            "Partial Mode": "Finalize",
            "Parallel Aware": false,
            "Startup Cost": 346267.57,
            "Total Cost": 346267.58,
            "Plan Rows": 1,
            "Plan Width": 8,
            "Actual Startup Time": 639.452,
            "Actual Total Time": 666.954,
            "Actual Rows": 1,
            "Actual Loops": 1,
            "Output": [
                "count(*)"
            ],
            "Plans": [
                {
                    "Node Type": "Gather",
                    "Parent Relationship": "Outer",
                    "Parallel Aware": false,
                    "Startup Cost": 346266.95,
                    "Total Cost": 346267.55,
                    "Plan Rows": 6,
                    "Plan Width": 8,
                    "Actual Startup Time": 639.351,
                    "Actual Total Time": 666.945,
                    "Actual Rows": 7,
                    "Actual Loops": 1,
                    "Output": [
                        "(PARTIAL count(*))"
                    ],
                    "Workers Planned": 6,
                    "Workers Launched": 6,
                    "Single Copy": false,
                    "Plans": [
                        {
                            "Node Type": "Aggregate",
                            "Strategy": "Plain",
                            "Partial Mode": "Partial",
                            "Parent Relationship": "Outer",
                            "Parallel Aware": false,
                            "Startup Cost": 345266.95,
                            "Total Cost": 345266.96,
                            "Plan Rows": 1,
                            "Plan Width": 8,
                            "Actual Startup Time": 629.111,
                            "Actual Total Time": 629.112,
                            "Actual Rows": 1,
                            "Actual Loops": 7,
                            "Output": [
                                "PARTIAL count(*)"
                            ],
                            "Workers": [
                                {
                                    "Worker Number": 0,
                                    "Actual Startup Time": 626.929,
                                    "Actual Total Time": 626.93,
                                    "Actual Rows": 1,
                                    "Actual Loops": 1
                                },
                                {
                                    "Worker Number": 1,
                                    "Actual Startup Time": 626.902,
                                    "Actual Total Time": 626.903,
                                    "Actual Rows": 1,
                                    "Actual Loops": 1
                                },
                                {
                                    "Worker Number": 2,
                                    "Actual Startup Time": 627.015,
                                    "Actual Total Time": 627.016,
                                    "Actual Rows": 1,
                                    "Actual Loops": 1
                                },
                                {
                                    "Worker Number": 3,
                                    "Actual Startup Time": 627.556,
                                    "Actual Total Time": 627.557,
                                    "Actual Rows": 1,
                                    "Actual Loops": 1
                                },
                                {
                                    "Worker Number": 4,
                                    "Actual Startup Time": 627.567,
                                    "Actual Total Time": 627.568,
                                    "Actual Rows": 1,
                                    "Actual Loops": 1
                                },
                                {
                                    "Worker Number": 5,
                                    "Actual Startup Time": 629.279,
                                    "Actual Total Time": 629.28,
                                    "Actual Rows": 1,
                                    "Actual Loops": 1
                                }
                            ],
                            "Plans": [
                                {
                                    "Node Type": "Seq Scan",
                                    "Parent Relationship": "Outer",
                                    "Parallel Aware": true,
                                    "Relation Name": "cast_info",
                                    "Schema": "public",
                                    "Alias": "ci",
                                    "Startup Cost": 0.0,
                                    "Total Cost": 343318.94,
                                    "Plan Rows": 779202,
                                    "Plan Width": 0,
                                    "Actual Startup Time": 216.489,
                                    "Actual Total Time": 599.953,
                                    "Actual Rows": 622020,
                                    "Actual Loops": 7,
                                    "Output": [
                                        "id",
                                        "person_id",
                                        "movie_id",
                                        "person_role_id",
                                        "note",
                                        "nr_order",
                                        "role_id"
                                    ],
                                    "Filter": "((ci.person_id < 2301132) AND (ci.role_id = 2))",
                                    "Rows Removed by Filter": 4555744,
                                    "Workers": [
                                        {
                                            "Worker Number": 0,
                                            "Actual Startup Time": 214.307,
                                            "Actual Total Time": 597.435,
                                            "Actual Rows": 443340,
                                            "Actual Loops": 1
                                        },
                                        {
                                            "Worker Number": 1,
                                            "Actual Startup Time": 214.282,
                                            "Actual Total Time": 598.126,
                                            "Actual Rows": 608312,
                                            "Actual Loops": 1
                                        },
                                        {
                                            "Worker Number": 2,
                                            "Actual Startup Time": 214.386,
                                            "Actual Total Time": 598.203,
                                            "Actual Rows": 609637,
                                            "Actual Loops": 1
                                        },
                                        {
                                            "Worker Number": 3,
                                            "Actual Startup Time": 214.94,
                                            "Actual Total Time": 599.623,
                                            "Actual Rows": 686357,
                                            "Actual Loops": 1
                                        },
                                        {
                                            "Worker Number": 4,
                                            "Actual Startup Time": 214.939,
                                            "Actual Total Time": 599.64,
                                            "Actual Rows": 688724,
                                            "Actual Loops": 1
                                        },
                                        {
                                            "Worker Number": 5,
                                            "Actual Startup Time": 216.663,
                                            "Actual Total Time": 600.888,
                                            "Actual Rows": 599710,
                                            "Actual Loops": 1
                                        }
                                    ]
                                }
                            ]
                        }
                    ]
                }
            ]
        },
        "Planning Time": 715.567,
        "Triggers": [],
        "Execution Time": 667.044
    }
]