[
  {
    "Plan": {
      "Node Type": "Aggregate",
      "Strategy": "Plain",
      "Partial Mode": "Finalize",
      "Parallel Aware": false,
      "Startup Cost": 44682.05,
      "Total Cost": 44682.06,
      "Plan Rows": 1,
      "Plan Width": 8,
      "Actual Startup Time": 124.052,
      "Actual Total Time": 133.504,
      "Actual Rows": 1,
      "Actual Loops": 1,
      "Plans": [
        {
          "Node Type": "Gather",
          "Parent Relationship": "Outer",
          "Parallel Aware": false,
          "Startup Cost": 44681.73,
          "Total Cost": 44682.04,
          "Plan Rows": 3,
          "Plan Width": 8,
          "Actual Startup Time": 123.902,
          "Actual Total Time": 133.493,
          "Actual Rows": 4,
          "Actual Loops": 1,
          "Workers Planned": 3,
          "Workers Launched": 3,
          "Single Copy": false,
          "Plans": [
            {
              "Node Type": "Aggregate",
              "Strategy": "Plain",
              "Partial Mode": "Partial",
              "Parent Relationship": "Outer",
              "Parallel Aware": false,
              "Startup Cost": 43681.73,
              "Total Cost": 43681.74,
              "Plan Rows": 1,
              "Plan Width": 8,
              "Actual Startup Time": 118.601,
              "Actual Total Time": 118.602,
              "Actual Rows": 1,
              "Actual Loops": 4,
              "Plans": [
                {
                  "Node Type": "Seq Scan",
                  "Parent Relationship": "Outer",
                  "Parallel Aware": true,
                  "Relation Name": "movie_keyword",
                  "Alias": "mk",
                  "Startup Cost": 0.0,
                  "Total Cost": 42695.65,
                  "Plan Rows": 394430,
                  "Plan Width": 0,
                  "Actual Startup Time": 0.214,
                  "Actual Total Time": 104.011,
                  "Actual Rows": 305936,
                  "Actual Loops": 4,
                  "Filter": "(keyword_id < 1549)",
                  "Rows Removed by Filter": 825047
                }
              ]
            }
          ]
        }
      ]
    },
    "Planning Time": 0.217,
    "Triggers": [],
    "Execution Time": 133.56
  }
]