[
  {
    "Plan": {
      "Node Type": "Aggregate",
      "Strategy": "Plain",
      "Partial Mode": "Finalize",
      "Parallel Aware": false,
      "Startup Cost": 96795.86,
      "Total Cost": 96795.87,
      "Plan Rows": 1,
      "Plan Width": 8,
      "Actual Startup Time": 644.04,
      "Actual Total Time": 669.413,
      "Actual Rows": 1,
      "Actual Loops": 1,
      "Plans": [
        {
          "Node Type": "Gather",
          "Parent Relationship": "Outer",
          "Parallel Aware": false,
          "Startup Cost": 96795.65,
          "Total Cost": 96795.86,
          "Plan Rows": 2,
          "Plan Width": 8,
          "Actual Startup Time": 639.734,
          "Actual Total Time": 669.403,
          "Actual Rows": 3,
          "Actual Loops": 1,
          "Workers Planned": 2,
          "Workers Launched": 2,
          "Single Copy": false,
          "Plans": [
            {
              "Node Type": "Aggregate",
              "Strategy": "Plain",
              "Partial Mode": "Partial",
              "Parent Relationship": "Outer",
              "Parallel Aware": false,
              "Startup Cost": 95795.65,
              "Total Cost": 95795.66,
              "Plan Rows": 1,
              "Plan Width": 8,
              "Actual Startup Time": 631.361,
              "Actual Total Time": 631.371,
              "Actual Rows": 1,
              "Actual Loops": 3,
              "Plans": [
                {
                  "Node Type": "Hash Join",
                  "Parent Relationship": "Outer",
                  "Parallel Aware": true,
                  "Join Type": "Inner",
                  "Startup Cost": 79730.65,
                  "Total Cost": 95698.04,
                  "Plan Rows": 39042,
                  "Plan Width": 0,
                  "Actual Startup Time": 510.218,
                  "Actual Total Time": 612.476,
                  "Actual Rows": 343728,
                  "Actual Loops": 3,
                  "Inner Unique": false,
                  "Hash Cond": "(mi_idx.movie_id = t.id)",
                  "Plans": [
                    {
                      "Node Type": "Seq Scan",
                      "Parent Relationship": "Outer",
                      "Parallel Aware": true,
                      "Relation Name": "movie_info_idx",
                      "Alias": "mi_idx",
                      "Startup Cost": 0.0,
                      "Total Cost": 13685.15,
                      "Plan Rows": 575015,
                      "Plan Width": 4,
                      "Actual Startup Time": 0.022,
                      "Actual Total Time": 47.769,
                      "Actual Rows": 460012,
                      "Actual Loops": 3
                    },
                    {
                      "Node Type": "Hash",
                      "Parent Relationship": "Inner",
                      "Parallel Aware": true,
                      "Startup Cost": 79038.42,
                      "Total Cost": 79038.42,
                      "Plan Rows": 55378,
                      "Plan Width": 8,
                      "Actual Startup Time": 461.416,
                      "Actual Total Time": 461.422,
                      "Actual Rows": 165361,
                      "Actual Loops": 3,
                      "Hash Buckets": 524288,
                      "Original Hash Buckets": 262144,
                      "Hash Batches": 1,
                      "Original Hash Batches": 1,
                      "Peak Memory Usage": 25600,
                      "Plans": [
                        {
                          "Node Type": "Hash Join",
                          "Parent Relationship": "Outer",
                          "Parallel Aware": true,
                          "Join Type": "Inner",
                          "Startup Cost": 46576.39,
                          "Total Cost": 79038.42,
                          "Plan Rows": 55378,
                          "Plan Width": 8,
                          "Actual Startup Time": 242.779,
                          "Actual Total Time": 404.613,
                          "Actual Rows": 165361,
                          "Actual Loops": 3,
                          "Inner Unique": true,
                          "Hash Cond": "(mc.movie_id = t.id)",
                          "Plans": [
                            {
                              "Node Type": "Seq Scan",
                              "Parent Relationship": "Outer",
                              "Parallel Aware": true,
                              "Relation Name": "movie_companies",
                              "Alias": "mc",
                              "Startup Cost": 0.0,
                              "Total Cost": 31414.82,
                              "Plan Rows": 398941,
                              "Plan Width": 4,
                              "Actual Startup Time": 0.013,
                              "Actual Total Time": 112.307,
                              "Actual Rows": 424749,
                              "Actual Loops": 3,
                              "Filter": "((company_id < 170397) AND (company_type_id = 1))",
                              "Rows Removed by Filter": 444961
                            },
                            {
                              "Node Type": "Hash",
                              "Parent Relationship": "Inner",
                              "Parallel Aware": true,
                              "Startup Cost": 45479.59,
                              "Total Cost": 45479.59,
                              "Plan Rows": 87744,
                              "Plan Width": 4,
                              "Actual Startup Time": 189.489,
                              "Actual Total Time": 189.491,
                              "Actual Rows": 141524,
                              "Actual Loops": 3,
                              "Hash Buckets": 524288,
                              "Original Hash Buckets": 524288,
                              "Hash Batches": 1,
                              "Original Hash Batches": 1,
                              "Peak Memory Usage": 20736,
                              "Plans": [
                                {
                                  "Node Type": "Seq Scan",
                                  "Parent Relationship": "Outer",
                                  "Parallel Aware": true,
                                  "Relation Name": "title",
                                  "Alias": "t",
                                  "Startup Cost": 0.0,
                                  "Total Cost": 45479.59,
                                  "Plan Rows": 87744,
                                  "Plan Width": 4,
                                  "Actual Startup Time": 75.263,
                                  "Actual Total Time": 140.088,
                                  "Actual Rows": 141524,
                                  "Actual Loops": 3,
                                  "Filter": "((production_year < 2005) AND (kind_id = 1))",
                                  "Rows Removed by Filter": 701247
                                }
                              ]
                            }
                          ]
                        }
                      ]
                    }
                  ]
                }
              ]
            }
          ]
        }
      ]
    },
    "Planning Time": 0.653,
    "Triggers": [],
    "Execution Time": 669.473
  }
]