[
  {
    "Plan": {
      "Node Type": "Aggregate",
      "Strategy": "Plain",
      "Partial Mode": "Finalize",
      "Parallel Aware": false,
      "Startup Cost": 46789.83,
      "Total Cost": 46789.84,
      "Plan Rows": 1,
      "Plan Width": 8,
      "Actual Startup Time": 164.387,
      "Actual Total Time": 173.721,
      "Actual Rows": 1,
      "Actual Loops": 1,
      "Plans": [
        {
          "Node Type": "Gather",
          "Parent Relationship": "Outer",
          "Parallel Aware": false,
          "Startup Cost": 46789.51,
          "Total Cost": 46789.82,
          "Plan Rows": 3,
          "Plan Width": 8,
          "Actual Startup Time": 164.248,
          "Actual Total Time": 173.71,
          "Actual Rows": 4,
          "Actual Loops": 1,
          "Workers Planned": 3,
          "Workers Launched": 3,
          "Single Copy": false,
          "Plans": [
            {
              "Node Type": "Aggregate",
              "Strategy": "Plain",
              "Partial Mode": "Partial",
              "Parent Relationship": "Outer",
              "Parallel Aware": false,
              "Startup Cost": 45789.51,
              "Total Cost": 45789.52,
              "Plan Rows": 1,
              "Plan Width": 8,
              "Actual Startup Time": 156.494,
              "Actual Total Time": 156.495,
              "Actual Rows": 1,
              "Actual Loops": 4,
              "Plans": [
                {
                  "Node Type": "Seq Scan",
                  "Parent Relationship": "Outer",
                  "Parallel Aware": true,
                  "Relation Name": "movie_keyword",
                  "Alias": "mk",
                  "Startup Cost": 0.0,
                  "Total Cost": 42695.65,
                  "Plan Rows": 1237544,
                  "Plan Width": 0,
                  "Actual Startup Time": 0.126,
                  "Actual Total Time": 116.372,
                  "Actual Rows": 957074,
                  "Actual Loops": 4,
                  "Filter": "(keyword_id > 576)",
                  "Rows Removed by Filter": 173909
                }
              ]
            }
          ]
        }
      ]
    },
    "Planning Time": 0.227,
    "Triggers": [],
    "Execution Time": 173.776
  }
]