[
  {
    "Plan": {
      "Node Type": "Aggregate",
      "Strategy": "Plain",
      "Partial Mode": "Finalize",
      "Parallel Aware": false,
      "Startup Cost": 46789.27,
      "Total Cost": 46789.28,
      "Plan Rows": 1,
      "Plan Width": 8,
      "Actual Startup Time": 169.39,
      "Actual Total Time": 179.385,
      "Actual Rows": 1,
      "Actual Loops": 1,
      "Plans": [
        {
          "Node Type": "Gather",
          "Parent Relationship": "Outer",
          "Parallel Aware": false,
          "Startup Cost": 46788.95,
          "Total Cost": 46789.26,
          "Plan Rows": 3,
          "Plan Width": 8,
          "Actual Startup Time": 169.273,
          "Actual Total Time": 179.376,
          "Actual Rows": 4,
          "Actual Loops": 1,
          "Workers Planned": 3,
          "Workers Launched": 3,
          "Single Copy": false,
          "Plans": [
            {
              "Node Type": "Aggregate",
              "Strategy": "Plain",
              "Partial Mode": "Partial",
              "Parent Relationship": "Outer",
              "Parallel Aware": false,
              "Startup Cost": 45788.95,
              "Total Cost": 45788.96,
              "Plan Rows": 1,
              "Plan Width": 8,
              "Actual Startup Time": 162.71,
              "Actual Total Time": 162.712,
              "Actual Rows": 1,
              "Actual Loops": 4,
              "Plans": [
                {
                  "Node Type": "Seq Scan",
                  "Parent Relationship": "Outer",
                  "Parallel Aware": true,
                  "Relation Name": "movie_keyword",
                  "Alias": "mk",
                  "Startup Cost": 0.0,
                  "Total Cost": 42695.65,
                  "Plan Rows": 1237319,
                  "Plan Width": 0,
                  "Actual Startup Time": 0.113,
                  "Actual Total Time": 121.758,
                  "Actual Rows": 957074,
                  "Actual Loops": 4,
                  "Filter": "(keyword_id > 576)",
                  "Rows Removed by Filter": 173909
                }
              ]
            }
          ]
        }
      ]
    },
    "Planning Time": 0.182,
    "Triggers": [],
    "Execution Time": 179.439
  }
]