[
  {
    "Plan": {
      "Node Type": "Aggregate",
      "Strategy": "Plain",
      "Partial Mode": "Finalize",
      "Parallel Aware": false,
      "Startup Cost": 91939.7,
      "Total Cost": 91939.71,
      "Plan Rows": 1,
      "Plan Width": 8,
      "Actual Startup Time": 372.883,
      "Actual Total Time": 392.993,
      "Actual Rows": 1,
      "Actual Loops": 1,
      "Plans": [
        {
          "Node Type": "Gather",
          "Parent Relationship": "Outer",
          "Parallel Aware": false,
          "Startup Cost": 91939.39,
          "Total Cost": 91939.7,
          "Plan Rows": 3,
          "Plan Width": 8,
          "Actual Startup Time": 371.495,
          "Actual Total Time": 392.967,
          "Actual Rows": 4,
          "Actual Loops": 1,
          "Workers Planned": 3,
          "Workers Launched": 3,
          "Single Copy": false,
          "Plans": [
            {
              "Node Type": "Aggregate",
              "Strategy": "Plain",
              "Partial Mode": "Partial",
              "Parent Relationship": "Outer",
              "Parallel Aware": false,
              "Startup Cost": 90939.39,
              "Total Cost": 90939.4,
              "Plan Rows": 1,
              "Plan Width": 8,
              "Actual Startup Time": 362.574,
              "Actual Total Time": 362.578,
              "Actual Rows": 1,
              "Actual Loops": 4,
              "Plans": [
                {
                  "Node Type": "Hash Join",
                  "Parent Relationship": "Outer",
                  "Parallel Aware": true,
                  "Join Type": "Inner",
                  "Startup Cost": 46504.45,
                  "Total Cost": 90748.06,
                  "Plan Rows": 76529,
                  "Plan Width": 0,
                  "Actual Startup Time": 190.085,
                  "Actual Total Time": 352.152,
                  "Actual Rows": 203570,
                  "Actual Loops": 4,
                  "Inner Unique": true,
                  "Hash Cond": "(mk.movie_id = t.id)",
                  "Plans": [
                    {
                      "Node Type": "Seq Scan",
                      "Parent Relationship": "Outer",
                      "Parallel Aware": true,
                      "Relation Name": "movie_keyword",
                      "Alias": "mk",
                      "Startup Cost": 0.0,
                      "Total Cost": 42695.65,
                      "Plan Rows": 589700,
                      "Plan Width": 4,
                      "Actual Startup Time": 0.545,
                      "Actual Total Time": 120.698,
                      "Actual Rows": 459224,
                      "Actual Loops": 4,
                      "Filter": "(keyword_id > 7582)",
                      "Rows Removed by Filter": 671759
                    },
                    {
                      "Node Type": "Hash",
                      "Parent Relationship": "Inner",
                      "Parallel Aware": true,
                      "Startup Cost": 45479.1,
                      "Total Cost": 45479.1,
                      "Plan Rows": 82028,
                      "Plan Width": 4,
                      "Actual Startup Time": 153.399,
                      "Actual Total Time": 153.4,
                      "Actual Rows": 102880,
                      "Actual Loops": 4,
                      "Hash Buckets": 524288,
                      "Original Hash Buckets": 524288,
                      "Hash Batches": 1,
                      "Original Hash Batches": 1,
                      "Peak Memory Usage": 20256,
                      "Plans": [
                        {
                          "Node Type": "Seq Scan",
                          "Parent Relationship": "Outer",
                          "Parallel Aware": true,
                          "Relation Name": "title",
                          "Alias": "t",
                          "Startup Cost": 0.0,
                          "Total Cost": 45479.1,
                          "Plan Rows": 82028,
                          "Plan Width": 4,
                          "Actual Startup Time": 67.36,
                          "Actual Total Time": 116.258,
                          "Actual Rows": 102880,
                          "Actual Loops": 4,
                          "Filter": "((production_year < 2004) AND (kind_id = 1))",
                          "Rows Removed by Filter": 529198
                        }
                      ]
                    }
                  ]
                }
              ]
            }
          ]
        }
      ]
    },
    "Planning Time": 0.61,
    "Triggers": [],
    "Execution Time": 393.062
  }
]