[
  {
    "Plan": {
      "Node Type": "Aggregate",
      "Strategy": "Plain",
      "Partial Mode": "Finalize",
      "Parallel Aware": false,
      "Startup Cost": 424291.32,
      "Total Cost": 424291.33,
      "Plan Rows": 1,
      "Plan Width": 8,
      "Actual Startup Time": 2180.292,
      "Actual Total Time": 2229.446,
      "Actual Rows": 1,
      "Actual Loops": 1,
      "Plans": [
        {
          "Node Type": "Gather",
          "Parent Relationship": "Outer",
          "Parallel Aware": false,
          "Startup Cost": 424291.0,
          "Total Cost": 424291.31,
          "Plan Rows": 3,
          "Plan Width": 8,
          "Actual Startup Time": 2156.328,
          "Actual Total Time": 2229.409,
          "Actual Rows": 4,
          "Actual Loops": 1,
          "Workers Planned": 3,
          "Workers Launched": 3,
          "Single Copy": false,
          "Plans": [
            {
              "Node Type": "Aggregate",
              "Strategy": "Plain",
              "Partial Mode": "Partial",
              "Parent Relationship": "Outer",
              "Parallel Aware": false,
              "Startup Cost": 423291.0,
              "Total Cost": 423291.01,
              "Plan Rows": 1,
              "Plan Width": 8,
              "Actual Startup Time": 2144.392,
              "Actual Total Time": 2144.749,
              "Actual Rows": 1,
              "Actual Loops": 4,
              "Plans": [
                {
                  "Node Type": "Hash Join",
                  "Parent Relationship": "Outer",
                  "Parallel Aware": true,
                  "Join Type": "Inner",
                  "Startup Cost": 373677.61,
                  "Total Cost": 421481.05,
                  "Plan Rows": 723981,
                  "Plan Width": 0,
                  "Actual Startup Time": 1285.43,
                  "Actual Total Time": 1902.429,
                  "Actual Rows": 6009973,
                  "Actual Loops": 4,
                  "Inner Unique": false,
                  "Hash Cond": "(mk.movie_id = t.id)",
                  "Plans": [
                    {
                      "Node Type": "Seq Scan",
                      "Parent Relationship": "Outer",
                      "Parallel Aware": true,
                      "Relation Name": "movie_keyword",
                      "Alias": "mk",
                      "Startup Cost": 0.0,
                      "Total Cost": 42695.65,
                      "Plan Rows": 1040308,
                      "Plan Width": 4,
                      "Actual Startup Time": 0.023,
                      "Actual Total Time": 105.573,
                      "Actual Rows": 806060,
                      "Actual Loops": 4,
                      "Filter": "(keyword_id < 13572)",
                      "Rows Removed by Filter": 324922
                    },
                    {
                      "Node Type": "Hash",
                      "Parent Relationship": "Inner",
                      "Parallel Aware": true,
                      "Startup Cost": 370011.77,
                      "Total Cost": 370011.77,
                      "Plan Rows": 293267,
                      "Plan Width": 8,
                      "Actual Startup Time": 1277.834,
                      "Actual Total Time": 1278.188,
                      "Actual Rows": 650955,
                      "Actual Loops": 4,
                      "Hash Buckets": 4194304,
                      "Original Hash Buckets": 2097152,
                      "Hash Batches": 1,
                      "Original Hash Batches": 1,
                      "Peak Memory Usage": 151072,
                      "Plans": [
                        {
                          "Node Type": "Hash Join",
                          "Parent Relationship": "Outer",
                          "Parallel Aware": true,
                          "Join Type": "Inner",
                          "Startup Cost": 109783.42,
                          "Total Cost": 370011.77,
                          "Plan Rows": 293267,
                          "Plan Width": 8,
                          "Actual Startup Time": 485.602,
                          "Actual Total Time": 964.923,
                          "Actual Rows": 650955,
                          "Actual Loops": 4,
                          "Inner Unique": true,
                          "Hash Cond": "(ci.movie_id = t.id)",
                          "Plans": [
                            {
                              "Node Type": "Bitmap Heap Scan",
                              "Parent Relationship": "Outer",
                              "Parallel Aware": true,
                              "Relation Name": "cast_info",
                              "Alias": "ci",
                              "Startup Cost": 59563.04,
                              "Total Cost": 319021.57,
                              "Plan Rows": 293267,
                              "Plan Width": 4,
                              "Actual Startup Time": 126.687,
                              "Actual Total Time": 288.302,
                              "Actual Rows": 650955,
                              "Actual Loops": 4,
                              "Recheck Cond": "(person_id > 3557287)",
                              "Rows Removed by Index Recheck": 0,
                              "Filter": "(role_id > 1)",
                              "Rows Removed by Filter": 0,
                              "Exact Heap Blocks": 10239,
                              "Lossy Heap Blocks": 0,
                              "Plans": [
                                {
                                  "Node Type": "Bitmap Index Scan",
                                  "Parent Relationship": "Outer",
                                  "Parallel Aware": false,
                                  "Index Name": "person_id_cast_info",
                                  "Startup Cost": 0.0,
                                  "Total Cost": 59123.14,
                                  "Plan Rows": 2708610,
                                  "Plan Width": 0,
                                  "Actual Startup Time": 120.518,
                                  "Actual Total Time": 120.519,
                                  "Actual Rows": 2603821,
                                  "Actual Loops": 1,
                                  "Index Cond": "(person_id > 3557287)"
                                }
                              ]
                            },
                            {
                              "Node Type": "Hash",
                              "Parent Relationship": "Inner",
                              "Parallel Aware": true,
                              "Startup Cost": 42319.06,
                              "Total Cost": 42319.06,
                              "Plan Rows": 632106,
                              "Plan Width": 4,
                              "Actual Startup Time": 351.78,
                              "Actual Total Time": 351.781,
                              "Actual Rows": 632078,
                              "Actual Loops": 4,
                              "Hash Buckets": 4194304,
                              "Original Hash Buckets": 4194304,
                              "Hash Batches": 1,
                              "Original Hash Batches": 1,
                              "Peak Memory Usage": 131712,
                              "Plans": [
                                {
                                  "Node Type": "Seq Scan",
                                  "Parent Relationship": "Outer",
                                  "Parallel Aware": true,
                                  "Relation Name": "title",
                                  "Alias": "t",
                                  "Startup Cost": 0.0,
                                  "Total Cost": 42319.06,
                                  "Plan Rows": 632106,
                                  "Plan Width": 4,
                                  "Actual Startup Time": 0.05,
                                  "Actual Total Time": 99.555,
                                  "Actual Rows": 632078,
                                  "Actual Loops": 4
                                }
                              ]
                            }
                          ]
                        }
                      ]
                    }
                  ]
                }
              ]
            }
          ]
        }
      ]
    },
    "Planning Time": 0.927,
    "Triggers": [],
    "Execution Time": 2229.535
  }
]