[
  {
    "Plan": {
      "Node Type": "Aggregate",
      "Strategy": "Plain",
      "Partial Mode": "Finalize",
      "Parallel Aware": false,
      "Startup Cost": 247130.93,
      "Total Cost": 247130.94,
      "Plan Rows": 1,
      "Plan Width": 8,
      "Actual Startup Time": 998.959,
      "Actual Total Time": 1046.446,
      "Actual Rows": 1,
      "Actual Loops": 1,
      "Plans": [
        {
          "Node Type": "Gather",
          "Parent Relationship": "Outer",
          "Parallel Aware": false,
          "Startup Cost": 247130.41,
          "Total Cost": 247130.92,
          "Plan Rows": 5,
          "Plan Width": 8,
          "Actual Startup Time": 996.183,
          "Actual Total Time": 1046.38,
          "Actual Rows": 6,
          "Actual Loops": 1,
          "Workers Planned": 5,
          "Workers Launched": 5,
          "Single Copy": false,
          "Plans": [
            {
              "Node Type": "Aggregate",
              "Strategy": "Plain",
              "Partial Mode": "Partial",
              "Parent Relationship": "Outer",
              "Parallel Aware": false,
              "Startup Cost": 246130.41,
              "Total Cost": 246130.42,
              "Plan Rows": 1,
              "Plan Width": 8,
              "Actual Startup Time": 985.245,
              "Actual Total Time": 985.316,
              "Actual Rows": 1,
              "Actual Loops": 6,
              "Plans": [
                {
                  "Node Type": "Hash Join",
                  "Parent Relationship": "Outer",
                  "Parallel Aware": true,
                  "Join Type": "Inner",
                  "Startup Cost": 46083.57,
                  "Total Cost": 245562.98,
                  "Plan Rows": 226971,
                  "Plan Width": 0,
                  "Actual Startup Time": 145.301,
                  "Actual Total Time": 947.849,
                  "Actual Rows": 662371,
                  "Actual Loops": 6,
                  "Inner Unique": true,
                  "Hash Cond": "(mi.movie_id = t.id)",
                  "Plans": [
                    {
                      "Node Type": "Seq Scan",
                      "Parent Relationship": "Outer",
                      "Parallel Aware": true,
                      "Relation Name": "movie_info",
                      "Alias": "mi",
                      "Startup Cost": 0.0,
                      "Total Cost": 191685.19,
                      "Plan Rows": 2969219,
                      "Plan Width": 4,
                      "Actual Startup Time": 0.039,
                      "Actual Total Time": 339.432,
                      "Actual Rows": 2472620,
                      "Actual Loops": 6
                    },
                    {
                      "Node Type": "Hash",
                      "Parent Relationship": "Inner",
                      "Parallel Aware": true,
                      "Startup Cost": 45479.59,
                      "Total Cost": 45479.59,
                      "Plan Rows": 48319,
                      "Plan Width": 4,
                      "Actual Startup Time": 127.046,
                      "Actual Total Time": 127.05,
                      "Actual Rows": 55204,
                      "Actual Loops": 6,
                      "Hash Buckets": 524288,
                      "Original Hash Buckets": 262144,
                      "Hash Batches": 1,
                      "Original Hash Batches": 1,
                      "Peak Memory Usage": 19168,
                      "Plans": [
                        {
                          "Node Type": "Seq Scan",
                          "Parent Relationship": "Outer",
                          "Parallel Aware": true,
                          "Relation Name": "title",
                          "Alias": "t",
                          "Startup Cost": 0.0,
                          "Total Cost": 45479.59,
                          "Plan Rows": 48319,
                          "Plan Width": 4,
                          "Actual Startup Time": 56.558,
                          "Actual Total Time": 94.771,
                          "Actual Rows": 55204,
                          "Actual Loops": 6,
                          "Filter": "((production_year < 1993) AND (kind_id = 1))",
                          "Rows Removed by Filter": 366182
                        }
                      ]
                    }
                  ]
                }
              ]
            }
          ]
        }
      ]
    },
    "Planning Time": 0.622,
    "Triggers": [],
    "Execution Time": 1046.535
  }
]