[
  {
    "Plan": {
      "Node Type": "Aggregate",
      "Strategy": "Plain",
      "Partial Mode": "Finalize",
      "Parallel Aware": false,
      "Startup Cost": 246995.34,
      "Total Cost": 246995.35,
      "Plan Rows": 1,
      "Plan Width": 8,
      "Actual Startup Time": 817.033,
      "Actual Total Time": 864.421,
      "Actual Rows": 1,
      "Actual Loops": 1,
      "Plans": [
        {
          "Node Type": "Gather",
          "Parent Relationship": "Outer",
          "Parallel Aware": false,
          "Startup Cost": 246994.82,
          "Total Cost": 246995.33,
          "Plan Rows": 5,
          "Plan Width": 8,
          "Actual Startup Time": 814.385,
          "Actual Total Time": 864.41,
          "Actual Rows": 6,
          "Actual Loops": 1,
          "Workers Planned": 5,
          "Workers Launched": 5,
          "Single Copy": false,
          "Plans": [
            {
              "Node Type": "Aggregate",
              "Strategy": "Plain",
              "Partial Mode": "Partial",
              "Parent Relationship": "Outer",
              "Parallel Aware": false,
              "Startup Cost": 245994.82,
              "Total Cost": 245994.83,
              "Plan Rows": 1,
              "Plan Width": 8,
              "Actual Startup Time": 804.311,
              "Actual Total Time": 804.356,
              "Actual Rows": 1,
              "Actual Loops": 6,
              "Plans": [
                {
                  "Node Type": "Hash Join",
                  "Parent Relationship": "Outer",
                  "Parallel Aware": true,
                  "Join Type": "Inner",
                  "Startup Cost": 46095.95,
                  "Total Cost": 245417.71,
                  "Plan Rows": 230843,
                  "Plan Width": 0,
                  "Actual Startup Time": 118.389,
                  "Actual Total Time": 776.913,
                  "Actual Rows": 662371,
                  "Actual Loops": 6,
                  "Inner Unique": true,
                  "Hash Cond": "(mi.movie_id = t.id)",
                  "Plans": [
                    {
                      "Node Type": "Seq Scan",
                      "Parent Relationship": "Outer",
                      "Parallel Aware": true,
                      "Relation Name": "movie_info",
                      "Alias": "mi",
                      "Startup Cost": 0.0,
                      "Total Cost": 191560.33,
                      "Plan Rows": 2956733,
                      "Plan Width": 4,
                      "Actual Startup Time": 0.028,
                      "Actual Total Time": 292.022,
                      "Actual Rows": 2472620,
                      "Actual Loops": 6
                    },
                    {
                      "Node Type": "Hash",
                      "Parent Relationship": "Inner",
                      "Parallel Aware": true,
                      "Startup Cost": 45479.1,
                      "Total Cost": 45479.1,
                      "Plan Rows": 49348,
                      "Plan Width": 4,
                      "Actual Startup Time": 105.343,
                      "Actual Total Time": 105.344,
                      "Actual Rows": 55204,
                      "Actual Loops": 6,
                      "Hash Buckets": 524288,
                      "Original Hash Buckets": 262144,
                      "Hash Batches": 1,
                      "Original Hash Batches": 1,
                      "Peak Memory Usage": 19200,
                      "Plans": [
                        {
                          "Node Type": "Seq Scan",
                          "Parent Relationship": "Outer",
                          "Parallel Aware": true,
                          "Relation Name": "title",
                          "Alias": "t",
                          "Startup Cost": 0.0,
                          "Total Cost": 45479.1,
                          "Plan Rows": 49348,
                          "Plan Width": 4,
                          "Actual Startup Time": 50.717,
                          "Actual Total Time": 80.848,
                          "Actual Rows": 55204,
                          "Actual Loops": 6,
                          "Filter": "((production_year < 1993) AND (kind_id = 1))",
                          "Rows Removed by Filter": 366182
                        }
                      ]
                    }
                  ]
                }
              ]
            }
          ]
        }
      ]
    },
    "Planning Time": 0.603,
    "Triggers": [],
    "Execution Time": 864.5
  }
]