[
  {
    "Plan": {
      "Node Type": "Aggregate",
      "Strategy": "Plain",
      "Partial Mode": "Finalize",
      "Parallel Aware": false,
      "Startup Cost": 380433.84,
      "Total Cost": 380433.85,
      "Plan Rows": 1,
      "Plan Width": 64,
      "Actual Startup Time": 2129.75,
      "Actual Total Time": 2175.553,
      "Actual Rows": 1,
      "Actual Loops": 1,
      "Plans": [
        {
          "Node Type": "Gather",
          "Parent Relationship": "Outer",
          "Parallel Aware": false,
          "Startup Cost": 380433.41,
          "Total Cost": 380433.82,
          "Plan Rows": 4,
          "Plan Width": 64,
          "Actual Startup Time": 2104.691,
          "Actual Total Time": 2175.537,
          "Actual Rows": 5,
          "Actual Loops": 1,
          "Workers Planned": 4,
          "Workers Launched": 4,
          "Single Copy": false,
          "Plans": [
            {
              "Node Type": "Aggregate",
              "Strategy": "Plain",
              "Partial Mode": "Partial",
              "Parent Relationship": "Outer",
              "Parallel Aware": false,
              "Startup Cost": 379433.41,
              "Total Cost": 379433.42,
              "Plan Rows": 1,
              "Plan Width": 64,
              "Actual Startup Time": 2091.454,
              "Actual Total Time": 2091.473,
              "Actual Rows": 1,
              "Actual Loops": 5,
              "Plans": [
                {
                  "Node Type": "Hash Join",
                  "Parent Relationship": "Outer",
                  "Parallel Aware": true,
                  "Join Type": "Inner",
                  "Startup Cost": 315252.42,
                  "Total Cost": 371506.67,
                  "Plan Rows": 1585348,
                  "Plan Width": 33,
                  "Actual Startup Time": 1685.082,
                  "Actual Total Time": 2074.946,
                  "Actual Rows": 162029,
                  "Actual Loops": 5,
                  "Inner Unique": false,
                  "Hash Cond": "(ci.person_id = a1.person_id)",
                  "Plans": [
                    {
                      "Node Type": "Hash Join",
                      "Parent Relationship": "Outer",
                      "Parallel Aware": false,
                      "Join Type": "Inner",
                      "Startup Cost": 223832.98,
                      "Total Cost": 273588.64,
                      "Plan Rows": 676058,
                      "Plan Width": 21,
                      "Actual Startup Time": 1035.741,
                      "Actual Total Time": 1374.077,
                      "Actual Rows": 165557,
                      "Actual Loops": 5,
                      "Inner Unique": false,
                      "Hash Cond": "(t.id = ci.movie_id)",
                      "Plans": [
                        {
                          "Node Type": "Hash Join",
                          "Parent Relationship": "Outer",
                          "Parallel Aware": true,
                          "Join Type": "Inner",
                          "Startup Cost": 38581.4,
                          "Total Cost": 84033.25,
                          "Plan Rows": 236582,
                          "Plan Width": 25,
                          "Actual Startup Time": 302.365,
                          "Actual Total Time": 571.428,
                          "Actual Rows": 230760,
                          "Actual Loops": 5,
                          "Inner Unique": false,
                          "Hash Cond": "(t.id = mc.movie_id)",
                          "Plans": [
                            {
                              "Node Type": "Seq Scan",
                              "Parent Relationship": "Outer",
                              "Parallel Aware": true,
                              "Relation Name": "title",
                              "Alias": "t",
                              "Startup Cost": 0.0,
                              "Total Cost": 42318.49,
                              "Plan Rows": 632049,
                              "Plan Width": 21,
                              "Actual Startup Time": 0.03,
                              "Actual Total Time": 83.919,
                              "Actual Rows": 505662,
                              "Actual Loops": 5
                            },
                            {
                              "Node Type": "Hash",
                              "Parent Relationship": "Inner",
                              "Parallel Aware": true,
                              "Startup Cost": 34765.57,
                              "Total Cost": 34765.57,
                              "Plan Rows": 305267,
                              "Plan Width": 4,
                              "Actual Startup Time": 300.142,
                              "Actual Total Time": 300.149,
                              "Actual Rows": 230760,
                              "Actual Loops": 5,
                              "Hash Buckets": 2097152,
                              "Original Hash Buckets": 1048576,
                              "Hash Batches": 1,
                              "Original Hash Batches": 1,
                              "Peak Memory Usage": 69760,
                              "Plans": [
                                {
                                  "Node Type": "Hash Join",
                                  "Parent Relationship": "Outer",
                                  "Parallel Aware": true,
                                  "Join Type": "Inner",
                                  "Startup Cost": 5349.63,
                                  "Total Cost": 34765.57,
                                  "Plan Rows": 305267,
                                  "Plan Width": 4,
                                  "Actual Startup Time": 18.993,
                                  "Actual Total Time": 184.486,
                                  "Actual Rows": 230760,
                                  "Actual Loops": 5,
                                  "Inner Unique": true,
                                  "Hash Cond": "(mc.company_id = cn.id)",
                                  "Plans": [
                                    {
                                      "Node Type": "Seq Scan",
                                      "Parent Relationship": "Outer",
                                      "Parallel Aware": true,
                                      "Relation Name": "movie_companies",
                                      "Alias": "mc",
                                      "Startup Cost": 0.0,
                                      "Total Cost": 27206.55,
                                      "Plan Rows": 841655,
                                      "Plan Width": 8,
                                      "Actual Startup Time": 0.019,
                                      "Actual Total Time": 71.229,
                                      "Actual Rows": 521826,
                                      "Actual Loops": 5
                                    },
                                    {
                                      "Node Type": "Hash",
                                      "Parent Relationship": "Inner",
                                      "Parallel Aware": true,
                                      "Startup Cost": 4722.92,
                                      "Total Cost": 4722.92,
                                      "Plan Rows": 50137,
                                      "Plan Width": 4,
                                      "Actual Startup Time": 18.775,
                                      "Actual Total Time": 18.777,
                                      "Actual Rows": 16969,
                                      "Actual Loops": 5,
                                      "Hash Buckets": 131072,
                                      "Original Hash Buckets": 131072,
                                      "Hash Batches": 1,
                                      "Original Hash Batches": 1,
                                      "Peak Memory Usage": 4384,
                                      "Plans": [
                                        {
                                          "Node Type": "Seq Scan",
                                          "Parent Relationship": "Outer",
                                          "Parallel Aware": true,
                                          "Relation Name": "company_name",
                                          "Alias": "cn",
                                          "Startup Cost": 0.0,
                                          "Total Cost": 4722.92,
                                          "Plan Rows": 50137,
                                          "Plan Width": 4,
                                          "Actual Startup Time": 0.049,
                                          "Actual Total Time": 13.237,
                                          "Actual Rows": 16969,
                                          "Actual Loops": 5,
                                          "Filter": "((country_code)::text = '[us]'::text)",
                                          "Rows Removed by Filter": 30031
                                        }
                                      ]
                                    }
                                  ]
                                }
                              ]
                            }
                          ]
                        },
                        {
                          "Node Type": "Hash",
                          "Parent Relationship": "Inner",
                          "Parallel Aware": false,
                          "Startup Cost": 147513.09,
                          "Total Cost": 147513.09,
                          "Plan Rows": 3019079,
                          "Plan Width": 8,
                          "Actual Startup Time": 683.384,
                          "Actual Total Time": 683.386,
                          "Actual Rows": 1093558,
                          "Actual Loops": 5,
                          "Hash Buckets": 4194304,
                          "Original Hash Buckets": 4194304,
                          "Hash Batches": 1,
                          "Original Hash Batches": 1,
                          "Peak Memory Usage": 75486,
                          "Plans": [
                            {
                              "Node Type": "Nested Loop",
                              "Parent Relationship": "Outer",
                              "Parallel Aware": false,
                              "Join Type": "Inner",
                              "Startup Cost": 0.56,
                              "Total Cost": 147513.09,
                              "Plan Rows": 3019079,
                              "Plan Width": 8,
                              "Actual Startup Time": 16.193,
                              "Actual Total Time": 376.458,
                              "Actual Rows": 1093558,
                              "Actual Loops": 5,
                              "Inner Unique": false,
                              "Plans": [
                                {
                                  "Node Type": "Seq Scan",
                                  "Parent Relationship": "Outer",
                                  "Parallel Aware": false,
                                  "Relation Name": "role_type",
                                  "Alias": "rt",
                                  "Startup Cost": 0.0,
                                  "Total Cost": 1.15,
                                  "Plan Rows": 1,
                                  "Plan Width": 4,
                                  "Actual Startup Time": 0.084,
                                  "Actual Total Time": 0.09,
                                  "Actual Rows": 1,
                                  "Actual Loops": 5,
                                  "Filter": "((role)::text = 'editor'::text)",
                                  "Rows Removed by Filter": 11
                                },
                                {
                                  "Node Type": "Index Scan",
                                  "Parent Relationship": "Inner",
                                  "Parallel Aware": false,
                                  "Scan Direction": "Forward",
                                  "Index Name": "role_id_cast_info",
                                  "Relation Name": "cast_info",
                                  "Alias": "ci",
                                  "Startup Cost": 0.56,
                                  "Total Cost": 114576.53,
                                  "Plan Rows": 3293541,
                                  "Plan Width": 12,
                                  "Actual Startup Time": 16.099,
                                  "Actual Total Time": 248.311,
                                  "Actual Rows": 1093558,
                                  "Actual Loops": 5,
                                  "Index Cond": "(role_id = rt.id)",
                                  "Rows Removed by Index Recheck": 0
                                }
                              ]
                            }
                          ]
                        }
                      ]
                    },
                    {
                      "Node Type": "Hash",
                      "Parent Relationship": "Inner",
                      "Parallel Aware": true,
                      "Startup Cost": 88602.74,
                      "Total Cost": 88602.74,
                      "Plan Rows": 225336,
                      "Plan Width": 24,
                      "Actual Startup Time": 646.499,
                      "Actual Total Time": 646.504,
                      "Actual Rows": 180269,
                      "Actual Loops": 5,
                      "Hash Buckets": 1048576,
                      "Original Hash Buckets": 1048576,
                      "Hash Batches": 1,
                      "Original Hash Batches": 1,
                      "Peak Memory Usage": 61120,
                      "Plans": [
                        {
                          "Node Type": "Hash Join",
                          "Parent Relationship": "Outer",
                          "Parallel Aware": true,
                          "Join Type": "Inner",
                          "Startup Cost": 17938.01,
                          "Total Cost": 88602.74,
                          "Plan Rows": 225336,
                          "Plan Width": 24,
                          "Actual Startup Time": 150.293,
                          "Actual Total Time": 564.669,
                          "Actual Rows": 180269,
                          "Actual Loops": 5,
                          "Inner Unique": false,
                          "Hash Cond": "(n1.id = a1.person_id)",
                          "Plans": [
                            {
                              "Node Type": "Seq Scan",
                              "Parent Relationship": "Outer",
                              "Parallel Aware": true,
                              "Relation Name": "name",
                              "Alias": "n1",
                              "Startup Cost": 0.0,
                              "Total Cost": 66031.07,
                              "Plan Rows": 1041807,
                              "Plan Width": 4,
                              "Actual Startup Time": 0.036,
                              "Actual Total Time": 143.949,
                              "Actual Rows": 833498,
                              "Actual Loops": 5
                            },
                            {
                              "Node Type": "Hash",
                              "Parent Relationship": "Inner",
                              "Parallel Aware": true,
                              "Startup Cost": 14303.56,
                              "Total Cost": 14303.56,
                              "Plan Rows": 290756,
                              "Plan Width": 20,
                              "Actual Startup Time": 148.379,
                              "Actual Total Time": 148.381,
                              "Actual Rows": 180269,
                              "Actual Loops": 5,
                              "Hash Buckets": 1048576,
                              "Original Hash Buckets": 1048576,
                              "Hash Batches": 1,
                              "Original Hash Batches": 1,
                              "Peak Memory Usage": 58144,
                              "Plans": [
                                {
                                  "Node Type": "Seq Scan",
                                  "Parent Relationship": "Outer",
                                  "Parallel Aware": true,
                                  "Relation Name": "aka_name",
                                  "Alias": "a1",
                                  "Startup Cost": 0.0,
                                  "Total Cost": 14303.56,
                                  "Plan Rows": 290756,
                                  "Plan Width": 20,
                                  "Actual Startup Time": 0.073,
                                  "Actual Total Time": 57.981,
                                  "Actual Rows": 180269,
                                  "Actual Loops": 5
                                }
                              ]
                            }
                          ]
                        }
                      ]
                    }
                  ]
                }
              ]
            }
          ]
        }
      ]
    },
    "Planning Time": 3.905,
    "Triggers": [],
    "Execution Time": 2178.155
  }
]