[
  {
    "Plan": {
      "Node Type": "Aggregate",
      "Strategy": "Plain",
      "Partial Mode": "Finalize",
      "Parallel Aware": false,
      "Startup Cost": 230747.7,
      "Total Cost": 230747.71,
      "Plan Rows": 1,
      "Plan Width": 8,
      "Actual Startup Time": 251.74,
      "Actual Total Time": 269.777,
      "Actual Rows": 1,
      "Actual Loops": 1,
      "Plans": [
        {
          "Node Type": "Gather",
          "Parent Relationship": "Outer",
          "Parallel Aware": false,
          "Startup Cost": 230747.18,
          "Total Cost": 230747.69,
          "Plan Rows": 5,
          "Plan Width": 8,
          "Actual Startup Time": 250.083,
          "Actual Total Time": 269.767,
          "Actual Rows": 6,
          "Actual Loops": 1,
          "Workers Planned": 5,
          "Workers Launched": 5,
          "Single Copy": false,
          "Plans": [
            {
              "Node Type": "Aggregate",
              "Strategy": "Plain",
              "Partial Mode": "Partial",
              "Parent Relationship": "Outer",
              "Parallel Aware": false,
              "Startup Cost": 229747.18,
              "Total Cost": 229747.19,
              "Plan Rows": 1,
              "Plan Width": 8,
              "Actual Startup Time": 239.653,
              "Actual Total Time": 239.66,
              "Actual Rows": 1,
              "Actual Loops": 6,
              "Plans": [
                {
                  "Node Type": "Hash Join",
                  "Parent Relationship": "Outer",
                  "Parallel Aware": true,
                  "Join Type": "Inner",
                  "Startup Cost": 64608.91,
                  "Total Cost": 229715.96,
                  "Plan Rows": 12489,
                  "Plan Width": 0,
                  "Actual Startup Time": 159.01,
                  "Actual Total Time": 238.509,
                  "Actual Rows": 18566,
                  "Actual Loops": 6,
                  "Inner Unique": true,
                  "Hash Cond": "(mi.movie_id = t.id)",
                  "Plans": [
                    {
                      "Node Type": "Bitmap Heap Scan",
                      "Parent Relationship": "Outer",
                      "Parallel Aware": true,
                      "Relation Name": "movie_info",
                      "Alias": "mi",
                      "Startup Cost": 18650.56,
                      "Total Cost": 183217.15,
                      "Plan Rows": 205887,
                      "Plan Width": 4,
                      "Actual Startup Time": 50.333,
                      "Actual Total Time": 118.314,
                      "Actual Rows": 163120,
                      "Actual Loops": 6,
                      "Recheck Cond": "(info_type_id > 90)",
                      "Rows Removed by Index Recheck": 0,
                      "Exact Heap Blocks": 8758,
                      "Lossy Heap Blocks": 0,
                      "Plans": [
                        {
                          "Node Type": "Bitmap Index Scan",
                          "Parent Relationship": "Outer",
                          "Parallel Aware": false,
                          "Index Name": "info_type_id_movie_info",
                          "Startup Cost": 0.0,
                          "Total Cost": 18393.21,
                          "Plan Rows": 1029436,
                          "Plan Width": 0,
                          "Actual Startup Time": 44.27,
                          "Actual Total Time": 44.271,
                          "Actual Rows": 978723,
                          "Actual Loops": 1,
                          "Index Cond": "(info_type_id > 90)"
                        }
                      ]
                    },
                    {
                      "Node Type": "Hash",
                      "Parent Relationship": "Inner",
                      "Parallel Aware": true,
                      "Startup Cost": 45479.1,
                      "Total Cost": 45479.1,
                      "Plan Rows": 38340,
                      "Plan Width": 4,
                      "Actual Startup Time": 87.399,
                      "Actual Total Time": 87.4,
                      "Actual Rows": 22460,
                      "Actual Loops": 6,
                      "Hash Buckets": 262144,
                      "Original Hash Buckets": 262144,
                      "Hash Batches": 1,
                      "Original Hash Batches": 1,
                      "Peak Memory Usage": 7392,
                      "Plans": [
                        {
                          "Node Type": "Seq Scan",
                          "Parent Relationship": "Outer",
                          "Parallel Aware": true,
                          "Relation Name": "title",
                          "Alias": "t",
                          "Startup Cost": 0.0,
                          "Total Cost": 45479.1,
                          "Plan Rows": 38340,
                          "Plan Width": 4,
                          "Actual Startup Time": 0.113,
                          "Actual Total Time": 78.413,
                          "Actual Rows": 22460,
                          "Actual Loops": 6,
                          "Filter": "((kind_id < 7) AND (production_year > 2010))",
                          "Rows Removed by Filter": 398925
                        }
                      ]
                    }
                  ]
                }
              ]
            }
          ]
        }
      ]
    },
    "Planning Time": 0.626,
    "Triggers": [],
    "Execution Time": 269.865
  }
]