[
  {
    "Plan": {
      "Node Type": "Aggregate",
      "Strategy": "Plain",
      "Partial Mode": "Finalize",
      "Parallel Aware": false,
      "Startup Cost": 65541.8,
      "Total Cost": 65541.81,
      "Plan Rows": 1,
      "Plan Width": 8,
      "Actual Startup Time": 111.475,
      "Actual Total Time": 126.857,
      "Actual Rows": 1,
      "Actual Loops": 1,
      "Plans": [
        {
          "Node Type": "Gather",
          "Parent Relationship": "Outer",
          "Parallel Aware": false,
          "Startup Cost": 65541.38,
          "Total Cost": 65541.79,
          "Plan Rows": 4,
          "Plan Width": 8,
          "Actual Startup Time": 111.359,
          "Actual Total Time": 126.85,
          "Actual Rows": 5,
          "Actual Loops": 1,
          "Workers Planned": 4,
          "Workers Launched": 4,
          "Single Copy": false,
          "Plans": [
            {
              "Node Type": "Aggregate",
              "Strategy": "Plain",
              "Partial Mode": "Partial",
              "Parent Relationship": "Outer",
              "Parallel Aware": false,
              "Startup Cost": 64541.38,
              "Total Cost": 64541.39,
              "Plan Rows": 1,
              "Plan Width": 8,
              "Actual Startup Time": 101.471,
              "Actual Total Time": 101.473,
              "Actual Rows": 1,
              "Actual Loops": 5,
              "Plans": [
                {
                  "Node Type": "Nested Loop",
                  "Parent Relationship": "Outer",
                  "Parallel Aware": false,
                  "Join Type": "Inner",
                  "Startup Cost": 0.43,
                  "Total Cost": 64537.67,
                  "Plan Rows": 1484,
                  "Plan Width": 0,
                  "Actual Startup Time": 3.509,
                  "Actual Total Time": 101.24,
                  "Actual Rows": 2222,
                  "Actual Loops": 5,
                  "Inner Unique": false,
                  "Plans": [
                    {
                      "Node Type": "Seq Scan",
                      "Parent Relationship": "Outer",
                      "Parallel Aware": true,
                      "Relation Name": "title",
                      "Alias": "t",
                      "Startup Cost": 0.0,
                      "Total Cost": 45479.1,
                      "Plan Rows": 1438,
                      "Plan Width": 4,
                      "Actual Startup Time": 3.33,
                      "Actual Total Time": 84.971,
                      "Actual Rows": 1157,
                      "Actual Loops": 5,
                      "Filter": "((kind_id < 7) AND (production_year = 1967))",
                      "Rows Removed by Filter": 504506
                    },
                    {
                      "Node Type": "Index Only Scan",
                      "Parent Relationship": "Inner",
                      "Parallel Aware": false,
                      "Scan Direction": "Forward",
                      "Index Name": "movie_id_movie_companies",
                      "Relation Name": "movie_companies",
                      "Alias": "mc",
                      "Startup Cost": 0.43,
                      "Total Cost": 13.2,
                      "Plan Rows": 5,
                      "Plan Width": 4,
                      "Actual Startup Time": 0.011,
                      "Actual Total Time": 0.013,
                      "Actual Rows": 2,
                      "Actual Loops": 5783,
                      "Index Cond": "(movie_id = t.id)",
                      "Rows Removed by Index Recheck": 0,
                      "Heap Fetches": 11110
                    }
                  ]
                }
              ]
            }
          ]
        }
      ]
    },
    "Planning Time": 0.663,
    "Triggers": [],
    "Execution Time": 126.933
  }
]