[
    {
        "Bao": {
            "Bao prediction": "NaN",
            "Bao recommended hint": "(no hint)"
        }
    },
    {
        "Plan": {
            "Node Type": "Aggregate",
            "Strategy": "Plain",
            "Partial Mode": "Finalize",
            "Parallel Aware": false,
            "Startup Cost": 213305.58,
            "Total Cost": 213305.59,
            "Plan Rows": 1,
            "Plan Width": 8,
            "Actual Startup Time": 850.423,
            "Actual Total Time": 890.352,
            "Actual Rows": 1,
            "Actual Loops": 1,
            "Output": [
                "count(*)"
            ],
            "Plans": [
                {
                    "Node Type": "Gather",
                    "Parent Relationship": "Outer",
                    "Parallel Aware": false,
                    "Startup Cost": 213305.27,
                    "Total Cost": 213305.58,
                    "Plan Rows": 3,
                    "Plan Width": 8,
                    "Actual Startup Time": 844.042,
                    "Actual Total Time": 890.344,
                    "Actual Rows": 4,
                    "Actual Loops": 1,
                    "Output": [
                        "(PARTIAL count(*))"
                    ],
                    "Workers Planned": 3,
                    "Workers Launched": 3,
                    "Single Copy": false,
                    "Plans": [
                        {
                            "Node Type": "Aggregate",
                            "Strategy": "Plain",
                            "Partial Mode": "Partial",
                            "Parent Relationship": "Outer",
                            "Parallel Aware": false,
                            "Startup Cost": 212305.27,
                            "Total Cost": 212305.28,
                            "Plan Rows": 1,
                            "Plan Width": 8,
                            "Actual Startup Time": 835.439,
                            "Actual Total Time": 835.443,
                            "Actual Rows": 1,
                            "Actual Loops": 4,
                            "Output": [
                                "PARTIAL count(*)"
                            ],
                            "Workers": [
                                {
                                    "Worker Number": 0,
                                    "Actual Startup Time": 832.871,
                                    "Actual Total Time": 832.875,
                                    "Actual Rows": 1,
                                    "Actual Loops": 1
                                },
                                {
                                    "Worker Number": 1,
                                    "Actual Startup Time": 832.598,
                                    "Actual Total Time": 832.601,
                                    "Actual Rows": 1,
                                    "Actual Loops": 1
                                },
                                {
                                    "Worker Number": 2,
                                    "Actual Startup Time": 832.597,
                                    "Actual Total Time": 832.601,
                                    "Actual Rows": 1,
                                    "Actual Loops": 1
                                }
                            ],
                            "Plans": [
                                {
                                    "Node Type": "Nested Loop",
                                    "Parent Relationship": "Outer",
                                    "Parallel Aware": false,
                                    "Join Type": "Inner",
                                    "Startup Cost": 56394.89,
                                    "Total Cost": 211883.78,
                                    "Plan Rows": 168593,
                                    "Plan Width": 0,
                                    "Actual Startup Time": 210.375,
                                    "Actual Total Time": 795.525,
                                    "Actual Rows": 749691,
                                    "Actual Loops": 4,
                                    "Inner Unique": false,
                                    "Workers": [
                                        {
                                            "Worker Number": 0,
                                            "Actual Startup Time": 207.417,
                                            "Actual Total Time": 796.302,
                                            "Actual Rows": 519659,
                                            "Actual Loops": 1
                                        },
                                        {
                                            "Worker Number": 1,
                                            "Actual Startup Time": 207.758,
                                            "Actual Total Time": 796.058,
                                            "Actual Rows": 858248,
                                            "Actual Loops": 1
                                        },
                                        {
                                            "Worker Number": 2,
                                            "Actual Startup Time": 207.758,
                                            "Actual Total Time": 792.161,
                                            "Actual Rows": 567085,
                                            "Actual Loops": 1
                                        }
                                    ],
                                    "Plans": [
                                        {
                                            "Node Type": "Hash Join",
                                            "Parent Relationship": "Outer",
                                            "Parallel Aware": true,
                                            "Join Type": "Inner",
                                            "Startup Cost": 56394.45,
                                            "Total Cost": 82994.81,
                                            "Plan Rows": 56786,
                                            "Plan Width": 8,
                                            "Actual Startup Time": 210.29,
                                            "Actual Total Time": 293.602,
                                            "Actual Rows": 27931,
                                            "Actual Loops": 4,
                                            "Output": [
                                                "t.id",
                                                "mk.movie_id"
                                            ],
                                            "Inner Unique": true,
                                            "Hash Cond": "(mk.movie_id = t.id)",
                                            "Workers": [
                                                {
                                                    "Worker Number": 0,
                                                    "Actual Startup Time": 207.266,
                                                    "Actual Total Time": 288.659,
                                                    "Actual Rows": 19836,
                                                    "Actual Loops": 1
                                                },
                                                {
                                                    "Worker Number": 1,
                                                    "Actual Startup Time": 207.671,
                                                    "Actual Total Time": 291.063,
                                                    "Actual Rows": 30609,
                                                    "Actual Loops": 1
                                                },
                                                {
                                                    "Worker Number": 2,
                                                    "Actual Startup Time": 207.678,
                                                    "Actual Total Time": 282.931,
                                                    "Actual Rows": 20523,
                                                    "Actual Loops": 1
                                                }
                                            ],
                                            "Plans": [
                                                {
                                                    "Node Type": "Bitmap Heap Scan",
                                                    "Parent Relationship": "Outer",
                                                    "Parallel Aware": true,
                                                    "Relation Name": "movie_keyword",
                                                    "Schema": "public",
                                                    "Alias": "mk",
                                                    "Startup Cost": 9333.78,
                                                    "Total Cost": 35561.64,
                                                    "Plan Rows": 141908,
                                                    "Plan Width": 4,
                                                    "Actual Startup Time": 27.04,
                                                    "Actual Total Time": 68.793,
                                                    "Actual Rows": 109864,
                                                    "Actual Loops": 4,
                                                    "Output": [
                                                        "mk.id",
                                                        "mk.movie_id",
                                                        "mk.keyword_id"
                                                    ],
                                                    "Recheck Cond": "(mk.keyword_id < 341)",
                                                    "Rows Removed by Index Recheck": 0,
                                                    "Exact Heap Blocks": 9121,
                                                    "Lossy Heap Blocks": 0,
                                                    "Workers": [
                                                        {
                                                            "Worker Number": 0,
                                                            "Actual Startup Time": 27.224,
                                                            "Actual Total Time": 70.534,
                                                            "Actual Rows": 76894,
                                                            "Actual Loops": 1
                                                        },
                                                        {
                                                            "Worker Number": 1,
                                                            "Actual Startup Time": 26.992,
                                                            "Actual Total Time": 69.09,
                                                            "Actual Rows": 121246,
                                                            "Actual Loops": 1
                                                        },
                                                        {
                                                            "Worker Number": 2,
                                                            "Actual Startup Time": 26.974,
                                                            "Actual Total Time": 66.548,
                                                            "Actual Rows": 76269,
                                                            "Actual Loops": 1
                                                        }
                                                    ],
                                                    "Plans": [
                                                        {
                                                            "Node Type": "Bitmap Index Scan",
                                                            "Parent Relationship": "Outer",
                                                            "Parallel Aware": false,
                                                            "Index Name": "keyword_id_movie_keyword",
                                                            "Startup Cost": 0.0,
                                                            "Total Cost": 9223.8,
                                                            "Plan Rows": 439916,
                                                            "Plan Width": 0,
                                                            "Actual Startup Time": 23.467,
                                                            "Actual Total Time": 23.468,
                                                            "Actual Rows": 439454,
                                                            "Actual Loops": 1,
                                                            "Index Cond": "(mk.keyword_id < 341)"
                                                        }
                                                    ]
                                                },
                                                {
                                                    "Node Type": "Hash",
                                                    "Parent Relationship": "Inner",
                                                    "Parallel Aware": true,
                                                    "Startup Cost": 43899.01,
                                                    "Total Cost": 43899.01,
                                                    "Plan Rows": 252933,
                                                    "Plan Width": 4,
                                                    "Actual Startup Time": 180.37,
                                                    "Actual Total Time": 180.371,
                                                    "Actual Rows": 253230,
                                                    "Actual Loops": 4,
                                                    "Output": [
                                                        "t.id"
                                                    ],
                                                    "Hash Buckets": 1048576,
                                                    "Original Hash Buckets": 1048576,
                                                    "Hash Batches": 1,
                                                    "Original Hash Batches": 1,
                                                    "Peak Memory Usage": 47840,
                                                    "Workers": [
                                                        {
                                                            "Worker Number": 0,
                                                            "Actual Startup Time": 179.524,
                                                            "Actual Total Time": 179.524,
                                                            "Actual Rows": 230511,
                                                            "Actual Loops": 1
                                                        },
                                                        {
                                                            "Worker Number": 1,
                                                            "Actual Startup Time": 180.03,
                                                            "Actual Total Time": 180.03,
                                                            "Actual Rows": 252754,
                                                            "Actual Loops": 1
                                                        },
                                                        {
                                                            "Worker Number": 2,
                                                            "Actual Startup Time": 180.033,
                                                            "Actual Total Time": 180.034,
                                                            "Actual Rows": 182024,
                                                            "Actual Loops": 1
                                                        }
                                                    ],
                                                    "Plans": [
                                                        {
                                                            "Node Type": "Seq Scan",
                                                            "Parent Relationship": "Outer",
                                                            "Parallel Aware": true,
                                                            "Relation Name": "title",
                                                            "Schema": "public",
                                                            "Alias": "t",
                                                            "Startup Cost": 0.0,
                                                            "Total Cost": 43899.01,
                                                            "Plan Rows": 252933,
                                                            "Plan Width": 4,
                                                            "Actual Startup Time": 0.032,
                                                            "Actual Total Time": 99.29,
                                                            "Actual Rows": 253230,
                                                            "Actual Loops": 4,
                                                            "Output": [
                                                                "t.id"
                                                            ],
                                                            "Filter": "(t.production_year > 2005)",
                                                            "Rows Removed by Filter": 378848,
                                                            "Workers": [
                                                                {
                                                                    "Worker Number": 0,
                                                                    "Actual Startup Time": 0.044,
                                                                    "Actual Total Time": 95.844,
                                                                    "Actual Rows": 230511,
                                                                    "Actual Loops": 1
                                                                },
                                                                {
                                                                    "Worker Number": 1,
                                                                    "Actual Startup Time": 0.039,
                                                                    "Actual Total Time": 101.965,
                                                                    "Actual Rows": 252754,
                                                                    "Actual Loops": 1
                                                                },
                                                                {
                                                                    "Worker Number": 2,
                                                                    "Actual Startup Time": 0.032,
                                                                    "Actual Total Time": 105.759,
                                                                    "Actual Rows": 182024,
                                                                    "Actual Loops": 1
                                                                }
                                                            ]
                                                        }
                                                    ]
                                                }
                                            ]
                                        },
                                        {
                                            "Node Type": "Index Scan",
                                            "Parent Relationship": "Inner",
                                            "Parallel Aware": false,
                                            "Scan Direction": "Forward",
                                            "Index Name": "movie_id_movie_info",
                                            "Relation Name": "movie_info",
                                            "Schema": "public",
                                            "Alias": "mi",
                                            "Startup Cost": 0.43,
                                            "Total Cost": 2.07,
                                            "Plan Rows": 20,
                                            "Plan Width": 4,
                                            "Actual Startup Time": 0.005,
                                            "Actual Total Time": 0.016,
                                            "Actual Rows": 27,
                                            "Actual Loops": 111724,
                                            "Output": [
                                                "mi.id",
                                                "mi.movie_id",
                                                "mi.info_type_id",
                                                "mi.info",
                                                "mi.note"
                                            ],
                                            "Index Cond": "(mi.movie_id = t.id)",
                                            "Rows Removed by Index Recheck": 0,
                                            "Filter": "(mi.info_type_id > 7)",
                                            "Rows Removed by Filter": 10,
                                            "Workers": [
                                                {
                                                    "Worker Number": 0,
                                                    "Actual Startup Time": 0.008,
                                                    "Actual Total Time": 0.022,
                                                    "Actual Rows": 26,
                                                    "Actual Loops": 19836
                                                },
                                                {
                                                    "Worker Number": 1,
                                                    "Actual Startup Time": 0.005,
                                                    "Actual Total Time": 0.014,
                                                    "Actual Rows": 28,
                                                    "Actual Loops": 30609
                                                },
                                                {
                                                    "Worker Number": 2,
                                                    "Actual Startup Time": 0.008,
                                                    "Actual Total Time": 0.021,
                                                    "Actual Rows": 28,
                                                    "Actual Loops": 20523
                                                }
                                            ]
                                        }
                                    ]
                                }
                            ]
                        }
                    ]
                }
            ]
        },
        "Planning Time": 180.91,
        "Triggers": [],
        "Execution Time": 890.449
    }
]