[
  {
    "Plan": {
      "Node Type": "Aggregate",
      "Strategy": "Plain",
      "Partial Mode": "Finalize",
      "Parallel Aware": false,
      "Startup Cost": 337931.17,
      "Total Cost": 337931.18,
      "Plan Rows": 1,
      "Plan Width": 8,
      "Actual Startup Time": 808.704,
      "Actual Total Time": 873.07,
      "Actual Rows": 1,
      "Actual Loops": 1,
      "Plans": [
        {
          "Node Type": "Gather",
          "Parent Relationship": "Outer",
          "Parallel Aware": false,
          "Startup Cost": 337930.54,
          "Total Cost": 337931.15,
          "Plan Rows": 6,
          "Plan Width": 8,
          "Actual Startup Time": 808.496,
          "Actual Total Time": 873.053,
          "Actual Rows": 7,
          "Actual Loops": 1,
          "Workers Planned": 6,
          "Workers Launched": 6,
          "Single Copy": false,
          "Plans": [
            {
              "Node Type": "Aggregate",
              "Strategy": "Plain",
              "Partial Mode": "Partial",
              "Parent Relationship": "Outer",
              "Parallel Aware": false,
              "Startup Cost": 336930.54,
              "Total Cost": 336930.55,
              "Plan Rows": 1,
              "Plan Width": 8,
              "Actual Startup Time": 798.252,
              "Actual Total Time": 798.254,
              "Actual Rows": 1,
              "Actual Loops": 7,
              "Plans": [
                {
                  "Node Type": "Seq Scan",
                  "Parent Relationship": "Outer",
                  "Parallel Aware": true,
                  "Relation Name": "cast_info",
                  "Alias": "ci",
                  "Startup Cost": 0.0,
                  "Total Cost": 328211.39,
                  "Plan Rows": 3487661,
                  "Plan Width": 0,
                  "Actual Startup Time": 182.759,
                  "Actual Total Time": 650.96,
                  "Actual Rows": 2968866,
                  "Actual Loops": 7,
                  "Filter": "(person_id > 1524213)",
                  "Rows Removed by Filter": 2208897
                }
              ]
            }
          ]
        }
      ]
    },
    "Planning Time": 0.231,
    "Triggers": [],
    "Execution Time": 873.142
  }
]