{
  "Plan": {
    "Node Type": "Aggregate",
    "Strategy": "Plain",
    "Partial Mode": "Simple",
    "Parallel Aware": false,
    "Startup Cost": 17218.0,
    "Total Cost": 17218.01,
    "Plan Rows": 1,
    "Plan Width": 32,
    "Actual Startup Time": 223.283,
    "Actual Total Time": 223.285,
    "Actual Rows": 1,
    "Actual Loops": 1,
    "Plans": [
      {
        "Node Type": "Nested Loop",
        "Parent Relationship": "Outer",
        "Parallel Aware": false,
        "Join Type": "Inner",
        "Startup Cost": 11.68,
        "Total Cost": 17217.62,
        "Plan Rows": 152,
        "Plan Width": 17,
        "Actual Startup Time": 8.084,
        "Actual Total Time": 222.159,
        "Actual Rows": 11388,
        "Actual Loops": 1,
        "Inner Unique": false,
        "Join Filter": "(t.id = mi.movie_id)",
        "Rows Removed by Join Filter": 0,
        "Plans": [
          {
            "Node Type": "Nested Loop",
            "Parent Relationship": "Outer",
            "Parallel Aware": false,
            "Join Type": "Inner",
            "Startup Cost": 11.25,
            "Total Cost": 16691.46,
            "Plan Rows": 285,
            "Plan Width": 25,
            "Actual Startup Time": 7.982,
            "Actual Total Time": 76.764,
            "Actual Rows": 6720,
            "Actual Loops": 1,
            "Inner Unique": true,
            "Plans": [
              {
                "Node Type": "Nested Loop",
                "Parent Relationship": "Outer",
                "Parallel Aware": false,
                "Join Type": "Inner",
                "Startup Cost": 10.82,
                "Total Cost": 16476.94,
                "Plan Rows": 438,
                "Plan Width": 4,
                "Actual Startup Time": 7.951,
                "Actual Total Time": 36.215,
                "Actual Rows": 12951,
                "Actual Loops": 1,
                "Inner Unique": false,
                "Plans": [
                  {
                    "Node Type": "Seq Scan",
                    "Parent Relationship": "Outer",
                    "Parallel Aware": false,
                    "Relation Name": "keyword",
                    "Alias": "k",
                    "Startup Cost": 0.0,
                    "Total Cost": 2626.12,
                    "Plan Rows": 13,
                    "Plan Width": 4,
                    "Actual Startup Time": 2.907,
                    "Actual Total Time": 16.568,
                    "Actual Rows": 30,
                    "Actual Loops": 1,
                    "Filter": "(keyword ~~ '%sequel%'::text)",
                    "Rows Removed by Filter": 134140
                  },
                  {
                    "Node Type": "Bitmap Heap Scan",
                    "Parent Relationship": "Inner",
                    "Parallel Aware": false,
                    "Relation Name": "movie_keyword",
                    "Alias": "mk",
                    "Startup Cost": 10.82,
                    "Total Cost": 1062.37,
                    "Plan Rows": 308,
                    "Plan Width": 8,
                    "Actual Startup Time": 0.184,
                    "Actual Total Time": 0.612,
                    "Actual Rows": 432,
                    "Actual Loops": 30,
                    "Recheck Cond": "(keyword_id = k.id)",
                    "Rows Removed by Index Recheck": 0,
                    "Exact Heap Blocks": 6979,
                    "Lossy Heap Blocks": 0,
                    "Plans": [
                      {
                        "Node Type": "Bitmap Index Scan",
                        "Parent Relationship": "Outer",
                        "Parallel Aware": false,
                        "Index Name": "keyword_id_movie_keyword",
                        "Startup Cost": 0.0,
                        "Total Cost": 10.74,
                        "Plan Rows": 308,
                        "Plan Width": 0,
                        "Actual Startup Time": 0.097,
                        "Actual Total Time": 0.097,
                        "Actual Rows": 432,
                        "Actual Loops": 30,
                        "Index Cond": "(keyword_id = k.id)"
                      }
                    ]
                  }
                ]
              },
              {
                "Node Type": "Index Scan",
                "Parent Relationship": "Inner",
                "Parallel Aware": false,
                "Scan Direction": "Forward",
                "Index Name": "title_pkey",
                "Relation Name": "title",
                "Alias": "t",
                "Startup Cost": 0.43,
                "Total Cost": 0.49,
                "Plan Rows": 1,
                "Plan Width": 21,
                "Actual Startup Time": 0.003,
                "Actual Total Time": 0.003,
                "Actual Rows": 1,
                "Actual Loops": 12951,
                "Index Cond": "(id = mk.movie_id)",
                "Rows Removed by Index Recheck": 0,
                "Filter": "(production_year > 1994)",
                "Rows Removed by Filter": 0
              }
            ]
          },
          {
            "Node Type": "Index Scan",
            "Parent Relationship": "Inner",
            "Parallel Aware": false,
            "Scan Direction": "Forward",
            "Index Name": "movie_id_movie_info",
            "Relation Name": "movie_info",
            "Alias": "mi",
            "Startup Cost": 0.43,
            "Total Cost": 1.8,
            "Plan Rows": 4,
            "Plan Width": 4,
            "Actual Startup Time": 0.006,
            "Actual Total Time": 0.021,
            "Actual Rows": 2,
            "Actual Loops": 6720,
            "Index Cond": "(movie_id = mk.movie_id)",
            "Rows Removed by Index Recheck": 0,
            "Filter": "(info = ANY ('{Danish,Denmark,Germany,Swedish,Bulgaria,Sweden,America,USA,English,Norwegian}'::text[]))",
            "Rows Removed by Filter": 34
          }
        ]
      }
    ]
  },
  "Planning Time": 1.43,
  "Triggers": [],
  "Execution Time": 223.391
}