{
  "Plan": {
    "Node Type": "Aggregate",
    "Strategy": "Plain",
    "Partial Mode": "Finalize",
    "Parallel Aware": false,
    "Startup Cost": 288605.65,
    "Total Cost": 288605.66,
    "Plan Rows": 1,
    "Plan Width": 8,
    "Actual Startup Time": 1481.326,
    "Actual Total Time": 1528.051,
    "Actual Rows": 1,
    "Actual Loops": 1,
    "Plans": [
      {
        "Node Type": "Gather",
        "Parent Relationship": "Outer",
        "Parallel Aware": false,
        "Startup Cost": 288605.54,
        "Total Cost": 288605.65,
        "Plan Rows": 1,
        "Plan Width": 8,
        "Actual Startup Time": 1480.845,
        "Actual Total Time": 1528.043,
        "Actual Rows": 2,
        "Actual Loops": 1,
        "Workers Planned": 1,
        "Workers Launched": 1,
        "Single Copy": false,
        "Plans": [
          {
            "Node Type": "Aggregate",
            "Strategy": "Plain",
            "Partial Mode": "Partial",
            "Parent Relationship": "Outer",
            "Parallel Aware": false,
            "Startup Cost": 287605.54,
            "Total Cost": 287605.55,
            "Plan Rows": 1,
            "Plan Width": 8,
            "Actual Startup Time": 1474.632,
            "Actual Total Time": 1474.636,
            "Actual Rows": 1,
            "Actual Loops": 2,
            "Plans": [
              {
                "Node Type": "Nested Loop",
                "Parent Relationship": "Outer",
                "Parallel Aware": false,
                "Join Type": "Inner",
                "Startup Cost": 25197.03,
                "Total Cost": 286091.38,
                "Plan Rows": 605662,
                "Plan Width": 0,
                "Actual Startup Time": 249.923,
                "Actual Total Time": 1412.831,
                "Actual Rows": 1495212,
                "Actual Loops": 2,
                "Inner Unique": false,
                "Plans": [
                  {
                    "Node Type": "Hash Join",
                    "Parent Relationship": "Outer",
                    "Parallel Aware": true,
                    "Join Type": "Inner",
                    "Startup Cost": 25196.6,
                    "Total Cost": 85971.39,
                    "Plan Rows": 103580,
                    "Plan Width": 8,
                    "Actual Startup Time": 249.852,
                    "Actual Total Time": 429.169,
                    "Actual Rows": 85834,
                    "Actual Loops": 2,
                    "Inner Unique": false,
                    "Hash Cond": "(t.id = mc.movie_id)",
                    "Plans": [
                      {
                        "Node Type": "Seq Scan",
                        "Parent Relationship": "Outer",
                        "Parallel Aware": true,
                        "Relation Name": "title",
                        "Alias": "t",
                        "Startup Cost": 0.0,
                        "Total Cost": 50870.31,
                        "Plan Rows": 1487231,
                        "Plan Width": 4,
                        "Actual Startup Time": 0.01,
                        "Actual Total Time": 116.435,
                        "Actual Rows": 1264156,
                        "Actual Loops": 2
                      },
                      {
                        "Node Type": "Hash",
                        "Parent Relationship": "Inner",
                        "Parallel Aware": true,
                        "Startup Cost": 23901.85,
                        "Total Cost": 23901.85,
                        "Plan Rows": 103580,
                        "Plan Width": 4,
                        "Actual Startup Time": 64.711,
                        "Actual Total Time": 64.712,
                        "Actual Rows": 85834,
                        "Actual Loops": 2,
                        "Hash Buckets": 262144,
                        "Original Hash Buckets": 262144,
                        "Hash Batches": 1,
                        "Original Hash Batches": 1,
                        "Peak Memory Usage": 8800,
                        "Plans": [
                          {
                            "Node Type": "Bitmap Heap Scan",
                            "Parent Relationship": "Outer",
                            "Parallel Aware": true,
                            "Relation Name": "movie_companies",
                            "Alias": "mc",
                            "Startup Cost": 3817.1,
                            "Total Cost": 23901.85,
                            "Plan Rows": 103580,
                            "Plan Width": 4,
                            "Actual Startup Time": 16.292,
                            "Actual Total Time": 44.287,
                            "Actual Rows": 85834,
                            "Actual Loops": 2,
                            "Recheck Cond": "(company_id > 123217)",
                            "Rows Removed by Index Recheck": 0,
                            "Exact Heap Blocks": 3044,
                            "Lossy Heap Blocks": 0,
                            "Plans": [
                              {
                                "Node Type": "Bitmap Index Scan",
                                "Parent Relationship": "Outer",
                                "Parallel Aware": false,
                                "Index Name": "company_id_movie_companies",
                                "Startup Cost": 0.0,
                                "Total Cost": 3773.07,
                                "Plan Rows": 176086,
                                "Plan Width": 0,
                                "Actual Startup Time": 17.583,
                                "Actual Total Time": 17.583,
                                "Actual Rows": 171669,
                                "Actual Loops": 1,
                                "Index Cond": "(company_id > 123217)"
                              }
                            ]
                          }
                        ]
                      }
                    ]
                  },
                  {
                    "Node Type": "Index Only Scan",
                    "Parent Relationship": "Inner",
                    "Parallel Aware": false,
                    "Scan Direction": "Forward",
                    "Index Name": "movie_id_movie_info",
                    "Relation Name": "movie_info",
                    "Alias": "mi",
                    "Startup Cost": 0.43,
                    "Total Cost": 1.51,
                    "Plan Rows": 42,
                    "Plan Width": 4,
                    "Actual Startup Time": 0.003,
                    "Actual Total Time": 0.01,
                    "Actual Rows": 17,
                    "Actual Loops": 171669,
                    "Index Cond": "(movie_id = t.id)",
                    "Rows Removed by Index Recheck": 0,
                    "Heap Fetches": 2990425
                  }
                ]
              }
            ]
          }
        ]
      }
    ]
  },
  "Planning Time": 0.86,
  "Triggers": [],
  "Execution Time": 1528.174
}