{
  "Plan": {
    "Node Type": "Aggregate",
    "Strategy": "Plain",
    "Partial Mode": "Finalize",
    "Parallel Aware": false,
    "Startup Cost": 420280.85,
    "Total Cost": 420280.86,
    "Plan Rows": 1,
    "Plan Width": 64,
    "Actual Startup Time": 17512.039,
    "Actual Total Time": 17673.496,
    "Actual Rows": 1,
    "Actual Loops": 1,
    "Plans": [
      {
        "Node Type": "Gather",
        "Parent Relationship": "Outer",
        "Parallel Aware": false,
        "Startup Cost": 420280.73,
        "Total Cost": 420280.84,
        "Plan Rows": 1,
        "Plan Width": 64,
        "Actual Startup Time": 17441.886,
        "Actual Total Time": 17673.48,
        "Actual Rows": 2,
        "Actual Loops": 1,
        "Workers Planned": 1,
        "Workers Launched": 1,
        "Single Copy": false,
        "Plans": [
          {
            "Node Type": "Aggregate",
            "Strategy": "Plain",
            "Partial Mode": "Partial",
            "Parent Relationship": "Outer",
            "Parallel Aware": false,
            "Startup Cost": 419280.73,
            "Total Cost": 419280.74,
            "Plan Rows": 1,
            "Plan Width": 64,
            "Actual Startup Time": 17435.05,
            "Actual Total Time": 17435.068,
            "Actual Rows": 1,
            "Actual Loops": 2,
            "Plans": [
              {
                "Node Type": "Hash Join",
                "Parent Relationship": "Outer",
                "Parallel Aware": true,
                "Join Type": "Inner",
                "Startup Cost": 400404.22,
                "Total Cost": 419193.33,
                "Plan Rows": 17481,
                "Plan Width": 33,
                "Actual Startup Time": 17114.483,
                "Actual Total Time": 17384.561,
                "Actual Rows": 705368,
                "Actual Loops": 2,
                "Inner Unique": false,
                "Hash Cond": "(an1.person_id = n1.id)",
                "Plans": [
                  {
                    "Node Type": "Seq Scan",
                    "Parent Relationship": "Outer",
                    "Parallel Aware": true,
                    "Relation Name": "aka_name",
                    "Alias": "an1",
                    "Startup Cost": 0.0,
                    "Total Cost": 16698.02,
                    "Plan Rows": 530202,
                    "Plan Width": 20,
                    "Actual Startup Time": 0.025,
                    "Actual Total Time": 47.7,
                    "Actual Rows": 450672,
                    "Actual Loops": 2
                  },
                  {
                    "Node Type": "Hash",
                    "Parent Relationship": "Inner",
                    "Parallel Aware": true,
                    "Startup Cost": 399393.94,
                    "Total Cost": 399393.94,
                    "Plan Rows": 80823,
                    "Plan Width": 25,
                    "Actual Startup Time": 17100.721,
                    "Actual Total Time": 17100.736,
                    "Actual Rows": 715014,
                    "Actual Loops": 2,
                    "Hash Buckets": 2097152,
                    "Original Hash Buckets": 262144,
                    "Hash Batches": 1,
                    "Original Hash Batches": 1,
                    "Peak Memory Usage": 117280,
                    "Plans": [
                      {
                        "Node Type": "Nested Loop",
                        "Parent Relationship": "Outer",
                        "Parallel Aware": false,
                        "Join Type": "Inner",
                        "Startup Cost": 290174.12,
                        "Total Cost": 399393.94,
                        "Plan Rows": 80823,
                        "Plan Width": 25,
                        "Actual Startup Time": 11838.811,
                        "Actual Total Time": 16657.318,
                        "Actual Rows": 715014,
                        "Actual Loops": 2,
                        "Inner Unique": true,
                        "Plans": [
                          {
                            "Node Type": "Hash Join",
                            "Parent Relationship": "Outer",
                            "Parallel Aware": true,
                            "Join Type": "Inner",
                            "Startup Cost": 290173.69,
                            "Total Cost": 362595.42,
                            "Plan Rows": 80823,
                            "Plan Width": 21,
                            "Actual Startup Time": 11838.724,
                            "Actual Total Time": 14619.847,
                            "Actual Rows": 715014,
                            "Actual Loops": 2,
                            "Inner Unique": true,
                            "Hash Cond": "(mc.company_id = cn.id)",
                            "Plans": [
                              {
                                "Node Type": "Hash Join",
                                "Parent Relationship": "Outer",
                                "Parallel Aware": true,
                                "Join Type": "Inner",
                                "Startup Cost": 285374.57,
                                "Total Cost": 352985.17,
                                "Plan Rows": 1832779,
                                "Plan Width": 25,
                                "Actual Startup Time": 11811.386,
                                "Actual Total Time": 13765.12,
                                "Actual Rows": 13661129,
                                "Actual Loops": 2,
                                "Inner Unique": false,
                                "Hash Cond": "(mc.movie_id = ci.movie_id)",
                                "Plans": [
                                  {
                                    "Node Type": "Seq Scan",
                                    "Parent Relationship": "Outer",
                                    "Parallel Aware": true,
                                    "Relation Name": "movie_companies",
                                    "Alias": "mc",
                                    "Startup Cost": 0.0,
                                    "Total Cost": 34137.82,
                                    "Plan Rows": 1534782,
                                    "Plan Width": 8,
                                    "Actual Startup Time": 0.01,
                                    "Actual Total Time": 115.595,
                                    "Actual Rows": 1304564,
                                    "Actual Loops": 2
                                  },
                                  {
                                    "Node Type": "Hash",
                                    "Parent Relationship": "Inner",
                                    "Parallel Aware": true,
                                    "Startup Cost": 263175.46,
                                    "Total Cost": 263175.46,
                                    "Plan Rows": 1775929,
                                    "Plan Width": 29,
                                    "Actual Startup Time": 11797.989,
                                    "Actual Total Time": 11797.995,
                                    "Actual Rows": 6335344,
                                    "Actual Loops": 2,
                                    "Hash Buckets": 16777216,
                                    "Original Hash Buckets": 4194304,
                                    "Hash Batches": 1,
                                    "Original Hash Batches": 1,
                                    "Peak Memory Usage": 1038720,
                                    "Plans": [
                                      {
                                        "Node Type": "Hash Join",
                                        "Parent Relationship": "Outer",
                                        "Parallel Aware": false,
                                        "Join Type": "Inner",
                                        "Startup Cost": 185251.58,
                                        "Total Cost": 263175.46,
                                        "Plan Rows": 1775929,
                                        "Plan Width": 29,
                                        "Actual Startup Time": 6890.912,
                                        "Actual Total Time": 9402.527,
                                        "Actual Rows": 6335344,
                                        "Actual Loops": 2,
                                        "Inner Unique": false,
                                        "Hash Cond": "(t.id = ci.movie_id)",
                                        "Plans": [
                                          {
                                            "Node Type": "Seq Scan",
                                            "Parent Relationship": "Outer",
                                            "Parallel Aware": true,
                                            "Relation Name": "title",
                                            "Alias": "t",
                                            "Startup Cost": 0.0,
                                            "Total Cost": 50869.75,
                                            "Plan Rows": 1487175,
                                            "Plan Width": 21,
                                            "Actual Startup Time": 0.026,
                                            "Actual Total Time": 163.305,
                                            "Actual Rows": 1264156,
                                            "Actual Loops": 2
                                          },
                                          {
                                            "Node Type": "Hash",
                                            "Parent Relationship": "Inner",
                                            "Parallel Aware": false,
                                            "Startup Cost": 147513.09,
                                            "Total Cost": 147513.09,
                                            "Plan Rows": 3019079,
                                            "Plan Width": 8,
                                            "Actual Startup Time": 6869.677,
                                            "Actual Total Time": 6869.68,
                                            "Actual Rows": 12670688,
                                            "Actual Loops": 2,
                                            "Hash Buckets": 16777216,
                                            "Original Hash Buckets": 4194304,
                                            "Hash Batches": 1,
                                            "Original Hash Batches": 1,
                                            "Peak Memory Usage": 626021,
                                            "Plans": [
                                              {
                                                "Node Type": "Nested Loop",
                                                "Parent Relationship": "Outer",
                                                "Parallel Aware": false,
                                                "Join Type": "Inner",
                                                "Startup Cost": 0.56,
                                                "Total Cost": 147513.09,
                                                "Plan Rows": 3019079,
                                                "Plan Width": 8,
                                                "Actual Startup Time": 0.134,
                                                "Actual Total Time": 2961.198,
                                                "Actual Rows": 12670688,
                                                "Actual Loops": 2,
                                                "Inner Unique": false,
                                                "Plans": [
                                                  {
                                                    "Node Type": "Seq Scan",
                                                    "Parent Relationship": "Outer",
                                                    "Parallel Aware": false,
                                                    "Relation Name": "role_type",
                                                    "Alias": "rt",
                                                    "Startup Cost": 0.0,
                                                    "Total Cost": 1.15,
                                                    "Plan Rows": 1,
                                                    "Plan Width": 4,
                                                    "Actual Startup Time": 0.04,
                                                    "Actual Total Time": 0.049,
                                                    "Actual Rows": 1,
                                                    "Actual Loops": 2,
                                                    "Filter": "((role)::text = 'actor'::text)",
                                                    "Rows Removed by Filter": 11
                                                  },
                                                  {
                                                    "Node Type": "Index Scan",
                                                    "Parent Relationship": "Inner",
                                                    "Parallel Aware": false,
                                                    "Scan Direction": "Forward",
                                                    "Index Name": "role_id_cast_info",
                                                    "Relation Name": "cast_info",
                                                    "Alias": "ci",
                                                    "Startup Cost": 0.56,
                                                    "Total Cost": 114576.53,
                                                    "Plan Rows": 3293541,
                                                    "Plan Width": 12,
                                                    "Actual Startup Time": 0.087,
                                                    "Actual Total Time": 1763.166,
                                                    "Actual Rows": 12670688,
                                                    "Actual Loops": 2,
                                                    "Index Cond": "(role_id = rt.id)",
                                                    "Rows Removed by Index Recheck": 0
                                                  }
                                                ]
                                              }
                                            ]
                                          }
                                        ]
                                      }
                                    ]
                                  }
                                ]
                              },
                              {
                                "Node Type": "Hash",
                                "Parent Relationship": "Inner",
                                "Parallel Aware": true,
                                "Startup Cost": 4722.92,
                                "Total Cost": 4722.92,
                                "Plan Rows": 6096,
                                "Plan Width": 4,
                                "Actual Startup Time": 27.041,
                                "Actual Total Time": 27.043,
                                "Actual Rows": 5197,
                                "Actual Loops": 2,
                                "Hash Buckets": 16384,
                                "Original Hash Buckets": 16384,
                                "Hash Batches": 1,
                                "Original Hash Batches": 1,
                                "Peak Memory Usage": 544,
                                "Plans": [
                                  {
                                    "Node Type": "Seq Scan",
                                    "Parent Relationship": "Outer",
                                    "Parallel Aware": true,
                                    "Relation Name": "company_name",
                                    "Alias": "cn",
                                    "Startup Cost": 0.0,
                                    "Total Cost": 4722.92,
                                    "Plan Rows": 6096,
                                    "Plan Width": 4,
                                    "Actual Startup Time": 0.038,
                                    "Actual Total Time": 24.795,
                                    "Actual Rows": 5197,
                                    "Actual Loops": 2,
                                    "Filter": "((country_code)::text = '[fr]'::text)",
                                    "Rows Removed by Filter": 112302
                                  }
                                ]
                              }
                            ]
                          },
                          {
                            "Node Type": "Index Only Scan",
                            "Parent Relationship": "Inner",
                            "Parallel Aware": false,
                            "Scan Direction": "Forward",
                            "Index Name": "name_pkey",
                            "Relation Name": "name",
                            "Alias": "n1",
                            "Startup Cost": 0.43,
                            "Total Cost": 0.46,
                            "Plan Rows": 1,
                            "Plan Width": 4,
                            "Actual Startup Time": 0.003,
                            "Actual Total Time": 0.003,
                            "Actual Rows": 1,
                            "Actual Loops": 1430027,
                            "Index Cond": "(id = ci.person_id)",
                            "Rows Removed by Index Recheck": 0,
                            "Heap Fetches": 1430027
                          }
                        ]
                      }
                    ]
                  }
                ]
              }
            ]
          }
        ]
      }
    ]
  },
  "Planning Time": 1.719,
  "Triggers": [],
  "Execution Time": 17678.256
}