[
  {
    "Plan": {
      "Node Type": "Aggregate",
      "Strategy": "Plain",
      "Partial Mode": "Finalize",
      "Parallel Aware": false,
      "Startup Cost": 44824.86,
      "Total Cost": 44824.87,
      "Plan Rows": 1,
      "Plan Width": 8,
      "Actual Startup Time": 127.989,
      "Actual Total Time": 138.032,
      "Actual Rows": 1,
      "Actual Loops": 1,
      "Plans": [
        {
          "Node Type": "Gather",
          "Parent Relationship": "Outer",
          "Parallel Aware": false,
          "Startup Cost": 44824.54,
          "Total Cost": 44824.85,
          "Plan Rows": 3,
          "Plan Width": 8,
          "Actual Startup Time": 127.861,
          "Actual Total Time": 138.023,
          "Actual Rows": 4,
          "Actual Loops": 1,
          "Workers Planned": 3,
          "Workers Launched": 3,
          "Single Copy": false,
          "Plans": [
            {
              "Node Type": "Aggregate",
              "Strategy": "Plain",
              "Partial Mode": "Partial",
              "Parent Relationship": "Outer",
              "Parallel Aware": false,
              "Startup Cost": 43824.54,
              "Total Cost": 43824.55,
              "Plan Rows": 1,
              "Plan Width": 8,
              "Actual Startup Time": 122.446,
              "Actual Total Time": 122.447,
              "Actual Rows": 1,
              "Actual Loops": 4,
              "Plans": [
                {
                  "Node Type": "Seq Scan",
                  "Parent Relationship": "Outer",
                  "Parallel Aware": true,
                  "Relation Name": "movie_keyword",
                  "Alias": "mk",
                  "Startup Cost": 0.0,
                  "Total Cost": 42695.65,
                  "Plan Rows": 451555,
                  "Plan Width": 0,
                  "Actual Startup Time": 1.962,
                  "Actual Total Time": 105.579,
                  "Actual Rows": 350956,
                  "Actual Loops": 4,
                  "Filter": "(keyword_id > 11921)",
                  "Rows Removed by Filter": 780027
                }
              ]
            }
          ]
        }
      ]
    },
    "Planning Time": 0.177,
    "Triggers": [],
    "Execution Time": 138.086
  }
]