[
    {
        "Bao": {
            "Bao prediction": "NaN",
            "Bao recommended hint": "(no hint)"
        }
    },
    {
        "Plan": {
            "Node Type": "Aggregate",
            "Strategy": "Plain",
            "Partial Mode": "Finalize",
            "Parallel Aware": false,
            "Startup Cost": 32712.71,
            "Total Cost": 32712.72,
            "Plan Rows": 1,
            "Plan Width": 8,
            "Actual Startup Time": 92.541,
            "Actual Total Time": 97.316,
            "Actual Rows": 1,
            "Actual Loops": 1,
            "Output": [
                "count(*)"
            ],
            "Plans": [
                {
                    "Node Type": "Gather",
                    "Parent Relationship": "Outer",
                    "Parallel Aware": false,
                    "Startup Cost": 32712.39,
                    "Total Cost": 32712.7,
                    "Plan Rows": 3,
                    "Plan Width": 8,
                    "Actual Startup Time": 92.459,
                    "Actual Total Time": 97.308,
                    "Actual Rows": 4,
                    "Actual Loops": 1,
                    "Output": [
                        "(PARTIAL count(*))"
                    ],
                    "Workers Planned": 3,
                    "Workers Launched": 3,
                    "Single Copy": false,
                    "Plans": [
                        {
                            "Node Type": "Aggregate",
                            "Strategy": "Plain",
                            "Partial Mode": "Partial",
                            "Parent Relationship": "Outer",
                            "Parallel Aware": false,
                            "Startup Cost": 31712.39,
                            "Total Cost": 31712.4,
                            "Plan Rows": 1,
                            "Plan Width": 8,
                            "Actual Startup Time": 83.997,
                            "Actual Total Time": 83.998,
                            "Actual Rows": 1,
                            "Actual Loops": 4,
                            "Output": [
                                "PARTIAL count(*)"
                            ],
                            "Workers": [
                                {
                                    "Worker Number": 0,
                                    "Actual Startup Time": 80.905,
                                    "Actual Total Time": 80.906,
                                    "Actual Rows": 1,
                                    "Actual Loops": 1
                                },
                                {
                                    "Worker Number": 1,
                                    "Actual Startup Time": 81.324,
                                    "Actual Total Time": 81.326,
                                    "Actual Rows": 1,
                                    "Actual Loops": 1
                                },
                                {
                                    "Worker Number": 2,
                                    "Actual Startup Time": 81.662,
                                    "Actual Total Time": 81.663,
                                    "Actual Rows": 1,
                                    "Actual Loops": 1
                                }
                            ],
                            "Plans": [
                                {
                                    "Node Type": "Seq Scan",
                                    "Parent Relationship": "Outer",
                                    "Parallel Aware": true,
                                    "Relation Name": "movie_companies",
                                    "Schema": "public",
                                    "Alias": "mc",
                                    "Startup Cost": 0.0,
                                    "Total Cost": 31414.82,
                                    "Plan Rows": 119030,
                                    "Plan Width": 0,
                                    "Actual Startup Time": 43.697,
                                    "Actual Total Time": 76.832,
                                    "Actual Rows": 170503,
                                    "Actual Loops": 4,
                                    "Output": [
                                        "id",
                                        "movie_id",
                                        "company_id",
                                        "company_type_id",
                                        "note"
                                    ],
                                    "Filter": "((mc.company_id > 41700) AND (mc.company_type_id = 2))",
                                    "Rows Removed by Filter": 481779,
                                    "Workers": [
                                        {
                                            "Worker Number": 0,
                                            "Actual Startup Time": 40.608,
                                            "Actual Total Time": 74.017,
                                            "Actual Rows": 148414,
                                            "Actual Loops": 1
                                        },
                                        {
                                            "Worker Number": 1,
                                            "Actual Startup Time": 41.02,
                                            "Actual Total Time": 74.445,
                                            "Actual Rows": 167538,
                                            "Actual Loops": 1
                                        },
                                        {
                                            "Worker Number": 2,
                                            "Actual Startup Time": 41.367,
                                            "Actual Total Time": 74.859,
                                            "Actual Rows": 166291,
                                            "Actual Loops": 1
                                        }
                                    ]
                                }
                            ]
                        }
                    ]
                }
            ]
        },
        "Planning Time": 237.876,
        "Triggers": [],
        "Execution Time": 97.41
    }
]