[
  {
    "Plan": {
      "Node Type": "Aggregate",
      "Strategy": "Plain",
      "Partial Mode": "Finalize",
      "Parallel Aware": false,
      "Startup Cost": 81473.63,
      "Total Cost": 81473.64,
      "Plan Rows": 1,
      "Plan Width": 8,
      "Actual Startup Time": 510.927,
      "Actual Total Time": 524.291,
      "Actual Rows": 1,
      "Actual Loops": 1,
      "Plans": [
        {
          "Node Type": "Gather",
          "Parent Relationship": "Outer",
          "Parallel Aware": false,
          "Startup Cost": 81473.31,
          "Total Cost": 81473.62,
          "Plan Rows": 3,
          "Plan Width": 8,
          "Actual Startup Time": 506.132,
          "Actual Total Time": 524.28,
          "Actual Rows": 4,
          "Actual Loops": 1,
          "Workers Planned": 3,
          "Workers Launched": 3,
          "Single Copy": false,
          "Plans": [
            {
              "Node Type": "Aggregate",
              "Strategy": "Plain",
              "Partial Mode": "Partial",
              "Parent Relationship": "Outer",
              "Parallel Aware": false,
              "Startup Cost": 80473.31,
              "Total Cost": 80473.32,
              "Plan Rows": 1,
              "Plan Width": 8,
              "Actual Startup Time": 494.298,
              "Actual Total Time": 494.302,
              "Actual Rows": 1,
              "Actual Loops": 4,
              "Plans": [
                {
                  "Node Type": "Hash Join",
                  "Parent Relationship": "Outer",
                  "Parallel Aware": true,
                  "Join Type": "Inner",
                  "Startup Cost": 49884.26,
                  "Total Cost": 79300.15,
                  "Plan Rows": 469265,
                  "Plan Width": 0,
                  "Actual Startup Time": 257.11,
                  "Actual Total Time": 486.287,
                  "Actual Rows": 176088,
                  "Actual Loops": 4,
                  "Inner Unique": true,
                  "Hash Cond": "(mc.movie_id = t.id)",
                  "Plans": [
                    {
                      "Node Type": "Seq Scan",
                      "Parent Relationship": "Outer",
                      "Parallel Aware": true,
                      "Relation Name": "movie_companies",
                      "Alias": "mc",
                      "Startup Cost": 0.0,
                      "Total Cost": 27206.55,
                      "Plan Rows": 841655,
                      "Plan Width": 4,
                      "Actual Startup Time": 0.022,
                      "Actual Total Time": 59.628,
                      "Actual Rows": 652282,
                      "Actual Loops": 4
                    },
                    {
                      "Node Type": "Hash",
                      "Parent Relationship": "Inner",
                      "Parallel Aware": true,
                      "Startup Cost": 45479.1,
                      "Total Cost": 45479.1,
                      "Plan Rows": 352413,
                      "Plan Width": 4,
                      "Actual Startup Time": 249.17,
                      "Actual Total Time": 249.171,
                      "Actual Rows": 369602,
                      "Actual Loops": 4,
                      "Hash Buckets": 2097152,
                      "Original Hash Buckets": 2097152,
                      "Hash Batches": 1,
                      "Original Hash Batches": 1,
                      "Peak Memory Usage": 74240,
                      "Plans": [
                        {
                          "Node Type": "Seq Scan",
                          "Parent Relationship": "Outer",
                          "Parallel Aware": true,
                          "Relation Name": "title",
                          "Alias": "t",
                          "Startup Cost": 0.0,
                          "Total Cost": 45479.1,
                          "Plan Rows": 352413,
                          "Plan Width": 4,
                          "Actual Startup Time": 0.046,
                          "Actual Total Time": 111.384,
                          "Actual Rows": 369602,
                          "Actual Loops": 4,
                          "Filter": "((production_year > 1939) AND (kind_id = 7))",
                          "Rows Removed by Filter": 262476
                        }
                      ]
                    }
                  ]
                }
              ]
            }
          ]
        }
      ]
    },
    "Planning Time": 0.544,
    "Triggers": [],
    "Execution Time": 524.356
  }
]