[
  {
    "Plan": {
      "Node Type": "Aggregate",
      "Strategy": "Plain",
      "Partial Mode": "Finalize",
      "Parallel Aware": false,
      "Startup Cost": 32738.73,
      "Total Cost": 32738.74,
      "Plan Rows": 1,
      "Plan Width": 8,
      "Actual Startup Time": 79.284,
      "Actual Total Time": 86.961,
      "Actual Rows": 1,
      "Actual Loops": 1,
      "Plans": [
        {
          "Node Type": "Gather",
          "Parent Relationship": "Outer",
          "Parallel Aware": false,
          "Startup Cost": 32738.41,
          "Total Cost": 32738.72,
          "Plan Rows": 3,
          "Plan Width": 8,
          "Actual Startup Time": 79.136,
          "Actual Total Time": 86.952,
          "Actual Rows": 4,
          "Actual Loops": 1,
          "Workers Planned": 3,
          "Workers Launched": 3,
          "Single Copy": false,
          "Plans": [
            {
              "Node Type": "Aggregate",
              "Strategy": "Plain",
              "Partial Mode": "Partial",
              "Parent Relationship": "Outer",
              "Parallel Aware": false,
              "Startup Cost": 31738.41,
              "Total Cost": 31738.42,
              "Plan Rows": 1,
              "Plan Width": 8,
              "Actual Startup Time": 75.46,
              "Actual Total Time": 75.461,
              "Actual Rows": 1,
              "Actual Loops": 4,
              "Plans": [
                {
                  "Node Type": "Seq Scan",
                  "Parent Relationship": "Outer",
                  "Parallel Aware": true,
                  "Relation Name": "movie_companies",
                  "Alias": "mc",
                  "Startup Cost": 0.0,
                  "Total Cost": 31414.82,
                  "Plan Rows": 129438,
                  "Plan Width": 0,
                  "Actual Startup Time": 0.016,
                  "Actual Total Time": 68.399,
                  "Actual Rows": 145623,
                  "Actual Loops": 4,
                  "Filter": "((company_id < 1972) AND (company_type_id = 1))",
                  "Rows Removed by Filter": 506660
                }
              ]
            }
          ]
        }
      ]
    },
    "Planning Time": 0.103,
    "Triggers": [],
    "Execution Time": 86.997
  }
]