[
  {
    "Plan": {
      "Node Type": "Aggregate",
      "Strategy": "Plain",
      "Partial Mode": "Finalize",
      "Parallel Aware": false,
      "Startup Cost": 217100.03,
      "Total Cost": 217100.04,
      "Plan Rows": 1,
      "Plan Width": 8,
      "Actual Startup Time": 1698.868,
      "Actual Total Time": 1791.139,
      "Actual Rows": 1,
      "Actual Loops": 1,
      "Plans": [
        {
          "Node Type": "Gather",
          "Parent Relationship": "Outer",
          "Parallel Aware": false,
          "Startup Cost": 217099.61,
          "Total Cost": 217100.02,
          "Plan Rows": 4,
          "Plan Width": 8,
          "Actual Startup Time": 1697.212,
          "Actual Total Time": 1791.129,
          "Actual Rows": 5,
          "Actual Loops": 1,
          "Workers Planned": 4,
          "Workers Launched": 4,
          "Single Copy": false,
          "Plans": [
            {
              "Node Type": "Aggregate",
              "Strategy": "Plain",
              "Partial Mode": "Partial",
              "Parent Relationship": "Outer",
              "Parallel Aware": false,
              "Startup Cost": 216099.61,
              "Total Cost": 216099.62,
              "Plan Rows": 1,
              "Plan Width": 8,
              "Actual Startup Time": 1687.748,
              "Actual Total Time": 1687.752,
              "Actual Rows": 1,
              "Actual Loops": 5,
              "Plans": [
                {
                  "Node Type": "Nested Loop",
                  "Parent Relationship": "Outer",
                  "Parallel Aware": false,
                  "Join Type": "Inner",
                  "Startup Cost": 30068.61,
                  "Total Cost": 214300.03,
                  "Plan Rows": 719830,
                  "Plan Width": 0,
                  "Actual Startup Time": 108.216,
                  "Actual Total Time": 1622.256,
                  "Actual Rows": 1367156,
                  "Actual Loops": 5,
                  "Inner Unique": false,
                  "Plans": [
                    {
                      "Node Type": "Hash Join",
                      "Parent Relationship": "Outer",
                      "Parallel Aware": true,
                      "Join Type": "Inner",
                      "Startup Cost": 30068.04,
                      "Total Cost": 77383.7,
                      "Plan Rows": 50236,
                      "Plan Width": 8,
                      "Actual Startup Time": 108.118,
                      "Actual Total Time": 292.992,
                      "Actual Rows": 40981,
                      "Actual Loops": 5,
                      "Inner Unique": false,
                      "Hash Cond": "(t.id = mc.movie_id)",
                      "Plans": [
                        {
                          "Node Type": "Seq Scan",
                          "Parent Relationship": "Outer",
                          "Parallel Aware": true,
                          "Relation Name": "title",
                          "Alias": "t",
                          "Startup Cost": 0.0,
                          "Total Cost": 45479.1,
                          "Plan Rows": 334902,
                          "Plan Width": 4,
                          "Actual Startup Time": 0.013,
                          "Actual Total Time": 78.343,
                          "Actual Rows": 283656,
                          "Actual Loops": 5,
                          "Filter": "((production_year > 1961) AND (kind_id = 7))",
                          "Rows Removed by Filter": 222006
                        },
                        {
                          "Node Type": "Hash",
                          "Parent Relationship": "Inner",
                          "Parallel Aware": true,
                          "Startup Cost": 28538.82,
                          "Total Cost": 28538.82,
                          "Plan Rows": 122338,
                          "Plan Width": 4,
                          "Actual Startup Time": 105.567,
                          "Actual Total Time": 105.569,
                          "Actual Rows": 75324,
                          "Actual Loops": 5,
                          "Hash Buckets": 524288,
                          "Original Hash Buckets": 524288,
                          "Hash Batches": 1,
                          "Original Hash Batches": 1,
                          "Peak Memory Usage": 18912,
                          "Plans": [
                            {
                              "Node Type": "Bitmap Heap Scan",
                              "Parent Relationship": "Outer",
                              "Parallel Aware": true,
                              "Relation Name": "movie_companies",
                              "Alias": "mc",
                              "Startup Cost": 8219.59,
                              "Total Cost": 28538.82,
                              "Plan Rows": 122338,
                              "Plan Width": 4,
                              "Actual Startup Time": 30.366,
                              "Actual Total Time": 76.454,
                              "Actual Rows": 75324,
                              "Actual Loops": 5,
                              "Recheck Cond": "(company_id < 225)",
                              "Rows Removed by Index Recheck": 0,
                              "Exact Heap Blocks": 6629,
                              "Lossy Heap Blocks": 0,
                              "Plans": [
                                {
                                  "Node Type": "Bitmap Index Scan",
                                  "Parent Relationship": "Outer",
                                  "Parallel Aware": false,
                                  "Index Name": "company_id_movie_companies",
                                  "Startup Cost": 0.0,
                                  "Total Cost": 8124.78,
                                  "Plan Rows": 379247,
                                  "Plan Width": 0,
                                  "Actual Startup Time": 27.437,
                                  "Actual Total Time": 27.437,
                                  "Actual Rows": 376622,
                                  "Actual Loops": 1,
                                  "Index Cond": "(company_id < 225)"
                                }
                              ]
                            }
                          ]
                        }
                      ]
                    },
                    {
                      "Node Type": "Index Only Scan",
                      "Parent Relationship": "Inner",
                      "Parallel Aware": false,
                      "Scan Direction": "Forward",
                      "Index Name": "movie_id_cast_info",
                      "Relation Name": "cast_info",
                      "Alias": "ci",
                      "Startup Cost": 0.56,
                      "Total Cost": 2.36,
                      "Plan Rows": 37,
                      "Plan Width": 4,
                      "Actual Startup Time": 0.005,
                      "Actual Total Time": 0.03,
                      "Actual Rows": 33,
                      "Actual Loops": 204903,
                      "Index Cond": "(movie_id = t.id)",
                      "Rows Removed by Index Recheck": 0,
                      "Heap Fetches": 6835781
                    }
                  ]
                }
              ]
            }
          ]
        }
      ]
    },
    "Planning Time": 1.38,
    "Triggers": [],
    "Execution Time": 1791.272
  }
]