{
  "Plan": {
    "Node Type": "Aggregate",
    "Strategy": "Plain",
    "Partial Mode": "Finalize",
    "Parallel Aware": false,
    "Startup Cost": 103211.51,
    "Total Cost": 103211.52,
    "Plan Rows": 1,
    "Plan Width": 8,
    "Actual Startup Time": 577.502,
    "Actual Total Time": 590.251,
    "Actual Rows": 1,
    "Actual Loops": 1,
    "Plans": [
      {
        "Node Type": "Gather",
        "Parent Relationship": "Outer",
        "Parallel Aware": false,
        "Startup Cost": 103211.4,
        "Total Cost": 103211.51,
        "Plan Rows": 1,
        "Plan Width": 8,
        "Actual Startup Time": 576.267,
        "Actual Total Time": 590.237,
        "Actual Rows": 2,
        "Actual Loops": 1,
        "Workers Planned": 1,
        "Workers Launched": 1,
        "Single Copy": false,
        "Plans": [
          {
            "Node Type": "Aggregate",
            "Strategy": "Plain",
            "Partial Mode": "Partial",
            "Parent Relationship": "Outer",
            "Parallel Aware": false,
            "Startup Cost": 102211.4,
            "Total Cost": 102211.41,
            "Plan Rows": 1,
            "Plan Width": 8,
            "Actual Startup Time": 570.194,
            "Actual Total Time": 570.198,
            "Actual Rows": 1,
            "Actual Loops": 2,
            "Plans": [
              {
                "Node Type": "Hash Join",
                "Parent Relationship": "Outer",
                "Parallel Aware": true,
                "Join Type": "Inner",
                "Startup Cost": 39269.72,
                "Total Cost": 101383.42,
                "Plan Rows": 331193,
                "Plan Width": 0,
                "Actual Startup Time": 158.97,
                "Actual Total Time": 557.559,
                "Actual Rows": 291043,
                "Actual Loops": 2,
                "Inner Unique": false,
                "Hash Cond": "(t.id = mc.movie_id)",
                "Plans": [
                  {
                    "Node Type": "Seq Scan",
                    "Parent Relationship": "Outer",
                    "Parallel Aware": true,
                    "Relation Name": "title",
                    "Alias": "t",
                    "Startup Cost": 0.0,
                    "Total Cost": 50870.31,
                    "Plan Rows": 1487231,
                    "Plan Width": 4,
                    "Actual Startup Time": 0.01,
                    "Actual Total Time": 119.436,
                    "Actual Rows": 1264156,
                    "Actual Loops": 2
                  },
                  {
                    "Node Type": "Hash",
                    "Parent Relationship": "Inner",
                    "Parallel Aware": true,
                    "Startup Cost": 35129.81,
                    "Total Cost": 35129.81,
                    "Plan Rows": 331193,
                    "Plan Width": 4,
                    "Actual Startup Time": 150.232,
                    "Actual Total Time": 150.233,
                    "Actual Rows": 291043,
                    "Actual Loops": 2,
                    "Hash Buckets": 1048576,
                    "Original Hash Buckets": 1048576,
                    "Hash Batches": 1,
                    "Original Hash Batches": 1,
                    "Peak Memory Usage": 31008,
                    "Plans": [
                      {
                        "Node Type": "Bitmap Heap Scan",
                        "Parent Relationship": "Outer",
                        "Parallel Aware": true,
                        "Relation Name": "movie_companies",
                        "Alias": "mc",
                        "Startup Cost": 12199.9,
                        "Total Cost": 35129.81,
                        "Plan Rows": 331193,
                        "Plan Width": 4,
                        "Actual Startup Time": 35.33,
                        "Actual Total Time": 86.022,
                        "Actual Rows": 291043,
                        "Actual Loops": 2,
                        "Recheck Cond": "(company_id > 71001)",
                        "Rows Removed by Index Recheck": 0,
                        "Exact Heap Blocks": 4549,
                        "Lossy Heap Blocks": 0,
                        "Plans": [
                          {
                            "Node Type": "Bitmap Index Scan",
                            "Parent Relationship": "Outer",
                            "Parallel Aware": false,
                            "Index Name": "company_id_movie_companies",
                            "Startup Cost": 0.0,
                            "Total Cost": 12059.14,
                            "Plan Rows": 563028,
                            "Plan Width": 0,
                            "Actual Startup Time": 34.194,
                            "Actual Total Time": 34.194,
                            "Actual Rows": 582086,
                            "Actual Loops": 1,
                            "Index Cond": "(company_id > 71001)"
                          }
                        ]
                      }
                    ]
                  }
                ]
              }
            ]
          }
        ]
      }
    ]
  },
  "Planning Time": 0.607,
  "Triggers": [],
  "Execution Time": 590.341
}