[
  {
    "Plan": {
      "Node Type": "Aggregate",
      "Strategy": "Plain",
      "Partial Mode": "Finalize",
      "Parallel Aware": false,
      "Startup Cost": 31366.26,
      "Total Cost": 31366.27,
      "Plan Rows": 1,
      "Plan Width": 8,
      "Actual Startup Time": 106.148,
      "Actual Total Time": 112.391,
      "Actual Rows": 1,
      "Actual Loops": 1,
      "Plans": [
        {
          "Node Type": "Gather",
          "Parent Relationship": "Outer",
          "Parallel Aware": false,
          "Startup Cost": 31365.94,
          "Total Cost": 31366.25,
          "Plan Rows": 3,
          "Plan Width": 8,
          "Actual Startup Time": 106.036,
          "Actual Total Time": 112.386,
          "Actual Rows": 4,
          "Actual Loops": 1,
          "Workers Planned": 3,
          "Workers Launched": 3,
          "Single Copy": false,
          "Plans": [
            {
              "Node Type": "Aggregate",
              "Strategy": "Plain",
              "Partial Mode": "Partial",
              "Parent Relationship": "Outer",
              "Parallel Aware": false,
              "Startup Cost": 30365.94,
              "Total Cost": 30365.95,
              "Plan Rows": 1,
              "Plan Width": 8,
              "Actual Startup Time": 99.205,
              "Actual Total Time": 99.206,
              "Actual Rows": 1,
              "Actual Loops": 4,
              "Plans": [
                {
                  "Node Type": "Seq Scan",
                  "Parent Relationship": "Outer",
                  "Parallel Aware": true,
                  "Relation Name": "movie_companies",
                  "Alias": "mc",
                  "Startup Cost": 0.0,
                  "Total Cost": 29310.68,
                  "Plan Rows": 422103,
                  "Plan Width": 0,
                  "Actual Startup Time": 16.771,
                  "Actual Total Time": 82.874,
                  "Actual Rows": 324434,
                  "Actual Loops": 4,
                  "Filter": "(company_id > 11342)",
                  "Rows Removed by Filter": 327848
                }
              ]
            }
          ]
        }
      ]
    },
    "Planning Time": 0.101,
    "Triggers": [],
    "Execution Time": 112.431
  }
]