[
  {
    "Plan": {
      "Node Type": "Aggregate",
      "Strategy": "Plain",
      "Partial Mode": "Finalize",
      "Parallel Aware": false,
      "Startup Cost": 601122.92,
      "Total Cost": 601122.93,
      "Plan Rows": 1,
      "Plan Width": 8,
      "Actual Startup Time": 1377.134,
      "Actual Total Time": 1446.283,
      "Actual Rows": 1,
      "Actual Loops": 1,
      "Plans": [
        {
          "Node Type": "Gather",
          "Parent Relationship": "Outer",
          "Parallel Aware": false,
          "Startup Cost": 601122.3,
          "Total Cost": 601122.91,
          "Plan Rows": 6,
          "Plan Width": 8,
          "Actual Startup Time": 1369.262,
          "Actual Total Time": 1446.26,
          "Actual Rows": 7,
          "Actual Loops": 1,
          "Workers Planned": 6,
          "Workers Launched": 6,
          "Single Copy": false,
          "Plans": [
            {
              "Node Type": "Aggregate",
              "Strategy": "Plain",
              "Partial Mode": "Partial",
              "Parent Relationship": "Outer",
              "Parallel Aware": false,
              "Startup Cost": 600122.3,
              "Total Cost": 600122.31,
              "Plan Rows": 1,
              "Plan Width": 8,
              "Actual Startup Time": 1357.847,
              "Actual Total Time": 1357.852,
              "Actual Rows": 1,
              "Actual Loops": 7,
              "Plans": [
                {
                  "Node Type": "Hash Join",
                  "Parent Relationship": "Outer",
                  "Parallel Aware": true,
                  "Join Type": "Inner",
                  "Startup Cost": 246208.64,
                  "Total Cost": 596108.01,
                  "Plan Rows": 1605716,
                  "Plan Width": 0,
                  "Actual Startup Time": 310.632,
                  "Actual Total Time": 1355.346,
                  "Actual Rows": 36408,
                  "Actual Loops": 7,
                  "Inner Unique": false,
                  "Hash Cond": "(ci.movie_id = t.id)",
                  "Plans": [
                    {
                      "Node Type": "Seq Scan",
                      "Parent Relationship": "Outer",
                      "Parallel Aware": true,
                      "Relation Name": "cast_info",
                      "Alias": "ci",
                      "Startup Cost": 0.0,
                      "Total Cost": 328162.03,
                      "Plan Rows": 4940242,
                      "Plan Width": 4,
                      "Actual Startup Time": 0.021,
                      "Actual Total Time": 623.219,
                      "Actual Rows": 4261445,
                      "Actual Loops": 7,
                      "Filter": "(person_id < 3013182)",
                      "Rows Removed by Filter": 916318
                    },
                    {
                      "Node Type": "Hash",
                      "Parent Relationship": "Inner",
                      "Parallel Aware": true,
                      "Startup Cost": 244154.23,
                      "Total Cost": 244154.23,
                      "Plan Rows": 164353,
                      "Plan Width": 8,
                      "Actual Startup Time": 307.545,
                      "Actual Total Time": 307.549,
                      "Actual Rows": 1952,
                      "Actual Loops": 7,
                      "Hash Buckets": 1048576,
                      "Original Hash Buckets": 1048576,
                      "Hash Batches": 1,
                      "Original Hash Batches": 1,
                      "Peak Memory Usage": 8832,
                      "Plans": [
                        {
                          "Node Type": "Hash Join",
                          "Parent Relationship": "Outer",
                          "Parallel Aware": true,
                          "Join Type": "Inner",
                          "Startup Cost": 77517.75,
                          "Total Cost": 244154.23,
                          "Plan Rows": 164353,
                          "Plan Width": 8,
                          "Actual Startup Time": 212.44,
                          "Actual Total Time": 299.55,
                          "Actual Rows": 1952,
                          "Actual Loops": 7,
                          "Inner Unique": true,
                          "Hash Cond": "(mi.movie_id = t.id)",
                          "Plans": [
                            {
                              "Node Type": "Bitmap Heap Scan",
                              "Parent Relationship": "Outer",
                              "Parallel Aware": true,
                              "Relation Name": "movie_info",
                              "Alias": "mi",
                              "Startup Cost": 27808.97,
                              "Total Cost": 193639.56,
                              "Plan Rows": 307007,
                              "Plan Width": 4,
                              "Actual Startup Time": 44.73,
                              "Actual Total Time": 79.517,
                              "Actual Rows": 219130,
                              "Actual Loops": 7,
                              "Recheck Cond": "(info_type_id = 3)",
                              "Rows Removed by Index Recheck": 0,
                              "Exact Heap Blocks": 1932,
                              "Lossy Heap Blocks": 0,
                              "Plans": [
                                {
                                  "Node Type": "Bitmap Index Scan",
                                  "Parent Relationship": "Outer",
                                  "Parallel Aware": false,
                                  "Index Name": "info_type_id_movie_info",
                                  "Startup Cost": 0.0,
                                  "Total Cost": 27425.21,
                                  "Plan Rows": 1535037,
                                  "Plan Width": 0,
                                  "Actual Startup Time": 43.226,
                                  "Actual Total Time": 43.227,
                                  "Actual Rows": 1533909,
                                  "Actual Loops": 1,
                                  "Index Cond": "(info_type_id = 3)"
                                }
                              ]
                            },
                            {
                              "Node Type": "Hash",
                              "Parent Relationship": "Inner",
                              "Parallel Aware": true,
                              "Startup Cost": 45479.1,
                              "Total Cost": 45479.1,
                              "Plan Rows": 338374,
                              "Plan Width": 4,
                              "Actual Startup Time": 164.89,
                              "Actual Total Time": 164.891,
                              "Actual Rows": 189683,
                              "Actual Loops": 7,
                              "Hash Buckets": 2097152,
                              "Original Hash Buckets": 2097152,
                              "Hash Batches": 1,
                              "Original Hash Batches": 1,
                              "Peak Memory Usage": 68448,
                              "Plans": [
                                {
                                  "Node Type": "Seq Scan",
                                  "Parent Relationship": "Outer",
                                  "Parallel Aware": true,
                                  "Relation Name": "title",
                                  "Alias": "t",
                                  "Startup Cost": 0.0,
                                  "Total Cost": 45479.1,
                                  "Plan Rows": 338374,
                                  "Plan Width": 4,
                                  "Actual Startup Time": 0.045,
                                  "Actual Total Time": 76.275,
                                  "Actual Rows": 189683,
                                  "Actual Loops": 7,
                                  "Filter": "((production_year < 2012) AND (kind_id = 7))",
                                  "Rows Removed by Filter": 171504
                                }
                              ]
                            }
                          ]
                        }
                      ]
                    }
                  ]
                }
              ]
            }
          ]
        }
      ]
    },
    "Planning Time": 1.312,
    "Triggers": [],
    "Execution Time": 1446.412
  }
]