{
    "Plan": {
        "Node Type": "Aggregate",
        "Strategy": "Plain",
        "Partial Mode": "Finalize",
        "Parallel Aware": false,
        "Startup Cost": 251550.25,
        "Total Cost": 251550.26,
        "Plan Rows": 1,
        "Plan Width": 8,
        "Actual Startup Time": 648.166,
        "Actual Total Time": 690.679,
        "Actual Rows": 1,
        "Actual Loops": 1,
        "Output": [
            "count(*)"
        ],
        "Plans": [
            {
                "Node Type": "Gather",
                "Parent Relationship": "Outer",
                "Parallel Aware": false,
                "Startup Cost": 251549.73,
                "Total Cost": 251550.24,
                "Plan Rows": 5,
                "Plan Width": 8,
                "Actual Startup Time": 643.311,
                "Actual Total Time": 690.667,
                "Actual Rows": 6,
                "Actual Loops": 1,
                "Output": [
                    "(PARTIAL count(*))"
                ],
                "Workers Planned": 5,
                "Workers Launched": 5,
                "Single Copy": false,
                "Plans": [
                    {
                        "Node Type": "Aggregate",
                        "Strategy": "Plain",
                        "Partial Mode": "Partial",
                        "Parent Relationship": "Outer",
                        "Parallel Aware": false,
                        "Startup Cost": 250549.73,
                        "Total Cost": 250549.74,
                        "Plan Rows": 1,
                        "Plan Width": 8,
                        "Actual Startup Time": 628.888,
                        "Actual Total Time": 628.891,
                        "Actual Rows": 1,
                        "Actual Loops": 6,
                        "Output": [
                            "PARTIAL count(*)"
                        ],
                        "Workers": [
                            {
                                "Worker Number": 0,
                                "Actual Startup Time": 625.672,
                                "Actual Total Time": 625.675,
                                "Actual Rows": 1,
                                "Actual Loops": 1
                            },
                            {
                                "Worker Number": 1,
                                "Actual Startup Time": 627.24,
                                "Actual Total Time": 627.243,
                                "Actual Rows": 1,
                                "Actual Loops": 1
                            },
                            {
                                "Worker Number": 2,
                                "Actual Startup Time": 625.822,
                                "Actual Total Time": 625.825,
                                "Actual Rows": 1,
                                "Actual Loops": 1
                            },
                            {
                                "Worker Number": 3,
                                "Actual Startup Time": 626.058,
                                "Actual Total Time": 626.061,
                                "Actual Rows": 1,
                                "Actual Loops": 1
                            },
                            {
                                "Worker Number": 4,
                                "Actual Startup Time": 626.055,
                                "Actual Total Time": 626.058,
                                "Actual Rows": 1,
                                "Actual Loops": 1
                            }
                        ],
                        "Plans": [
                            {
                                "Node Type": "Hash Join",
                                "Parent Relationship": "Outer",
                                "Parallel Aware": true,
                                "Join Type": "Inner",
                                "Startup Cost": 49878.65,
                                "Total Cost": 249929.31,
                                "Plan Rows": 248167,
                                "Plan Width": 0,
                                "Actual Startup Time": 241.077,
                                "Actual Total Time": 625.361,
                                "Actual Rows": 67396,
                                "Actual Loops": 6,
                                "Inner Unique": true,
                                "Hash Cond": "(mi.movie_id = t.id)",
                                "Workers": [
                                    {
                                        "Worker Number": 0,
                                        "Actual Startup Time": 238.173,
                                        "Actual Total Time": 622.025,
                                        "Actual Rows": 47368,
                                        "Actual Loops": 1
                                    },
                                    {
                                        "Worker Number": 1,
                                        "Actual Startup Time": 238.174,
                                        "Actual Total Time": 623.502,
                                        "Actual Rows": 48283,
                                        "Actual Loops": 1
                                    },
                                    {
                                        "Worker Number": 2,
                                        "Actual Startup Time": 238.241,
                                        "Actual Total Time": 622.663,
                                        "Actual Rows": 66799,
                                        "Actual Loops": 1
                                    },
                                    {
                                        "Worker Number": 3,
                                        "Actual Startup Time": 238.474,
                                        "Actual Total Time": 622.693,
                                        "Actual Rows": 73329,
                                        "Actual Loops": 1
                                    },
                                    {
                                        "Worker Number": 4,
                                        "Actual Startup Time": 238.471,
                                        "Actual Total Time": 622.666,
                                        "Actual Rows": 74800,
                                        "Actual Loops": 1
                                    }
                                ],
                                "Plans": [
                                    {
                                        "Node Type": "Seq Scan",
                                        "Parent Relationship": "Outer",
                                        "Parallel Aware": true,
                                        "Relation Name": "movie_info",
                                        "Schema": "public",
                                        "Alias": "mi",
                                        "Startup Cost": 0.0,
                                        "Total Cost": 198880.74,
                                        "Plan Rows": 445687,
                                        "Plan Width": 4,
                                        "Actual Startup Time": 16.939,
                                        "Actual Total Time": 306.969,
                                        "Actual Rows": 372308,
                                        "Actual Loops": 6,
                                        "Output": [
                                            "mi.id",
                                            "mi.movie_id",
                                            "mi.info_type_id",
                                            "mi.info",
                                            "mi.note"
                                        ],
                                        "Filter": "(mi.info_type_id > 16)",
                                        "Rows Removed by Filter": 2100312,
                                        "Workers": [
                                            {
                                                "Worker Number": 0,
                                                "Actual Startup Time": 16.941,
                                                "Actual Total Time": 313.884,
                                                "Actual Rows": 264399,
                                                "Actual Loops": 1
                                            },
                                            {
                                                "Worker Number": 1,
                                                "Actual Startup Time": 16.935,
                                                "Actual Total Time": 313.749,
                                                "Actual Rows": 262855,
                                                "Actual Loops": 1
                                            },
                                            {
                                                "Worker Number": 2,
                                                "Actual Startup Time": 16.942,
                                                "Actual Total Time": 308.39,
                                                "Actual Rows": 376244,
                                                "Actual Loops": 1
                                            },
                                            {
                                                "Worker Number": 3,
                                                "Actual Startup Time": 16.941,
                                                "Actual Total Time": 308.351,
                                                "Actual Rows": 407125,
                                                "Actual Loops": 1
                                            },
                                            {
                                                "Worker Number": 4,
                                                "Actual Startup Time": 16.935,
                                                "Actual Total Time": 308.6,
                                                "Actual Rows": 409459,
                                                "Actual Loops": 1
                                            }
                                        ]
                                    },
                                    {
                                        "Node Type": "Hash",
                                        "Parent Relationship": "Inner",
                                        "Parallel Aware": true,
                                        "Startup Cost": 45479.21,
                                        "Total Cost": 45479.21,
                                        "Plan Rows": 351955,
                                        "Plan Width": 4,
                                        "Actual Startup Time": 218.519,
                                        "Actual Total Time": 218.52,
                                        "Actual Rows": 253645,
                                        "Actual Loops": 6,
                                        "Output": [
                                            "t.id"
                                        ],
                                        "Hash Buckets": 2097152,
                                        "Original Hash Buckets": 2097152,
                                        "Hash Batches": 1,
                                        "Original Hash Batches": 1,
                                        "Peak Memory Usage": 76000,
                                        "Workers": [
                                            {
                                                "Worker Number": 0,
                                                "Actual Startup Time": 220.513,
                                                "Actual Total Time": 220.514,
                                                "Actual Rows": 195805,
                                                "Actual Loops": 1
                                            },
                                            {
                                                "Worker Number": 1,
                                                "Actual Startup Time": 220.614,
                                                "Actual Total Time": 220.615,
                                                "Actual Rows": 192533,
                                                "Actual Loops": 1
                                            },
                                            {
                                                "Worker Number": 2,
                                                "Actual Startup Time": 220.67,
                                                "Actual Total Time": 220.671,
                                                "Actual Rows": 253223,
                                                "Actual Loops": 1
                                            },
                                            {
                                                "Worker Number": 3,
                                                "Actual Startup Time": 220.82,
                                                "Actual Total Time": 220.821,
                                                "Actual Rows": 252554,
                                                "Actual Loops": 1
                                            },
                                            {
                                                "Worker Number": 4,
                                                "Actual Startup Time": 220.825,
                                                "Actual Total Time": 220.826,
                                                "Actual Rows": 260060,
                                                "Actual Loops": 1
                                            }
                                        ],
                                        "Plans": [
                                            {
                                                "Node Type": "Seq Scan",
                                                "Parent Relationship": "Outer",
                                                "Parallel Aware": true,
                                                "Relation Name": "title",
                                                "Schema": "public",
                                                "Alias": "t",
                                                "Startup Cost": 0.0,
                                                "Total Cost": 45479.21,
                                                "Plan Rows": 351955,
                                                "Plan Width": 4,
                                                "Actual Startup Time": 0.064,
                                                "Actual Total Time": 91.531,
                                                "Actual Rows": 253645,
                                                "Actual Loops": 6,
                                                "Output": [
                                                    "t.id"
                                                ],
                                                "Filter": "((t.kind_id > 3) AND (t.production_year > 1965))",
                                                "Rows Removed by Filter": 167740,
                                                "Workers": [
                                                    {
                                                        "Worker Number": 0,
                                                        "Actual Startup Time": 0.084,
                                                        "Actual Total Time": 95.78,
                                                        "Actual Rows": 195805,
                                                        "Actual Loops": 1
                                                    },
                                                    {
                                                        "Worker Number": 1,
                                                        "Actual Startup Time": 0.075,
                                                        "Actual Total Time": 96.357,
                                                        "Actual Rows": 192533,
                                                        "Actual Loops": 1
                                                    },
                                                    {
                                                        "Worker Number": 2,
                                                        "Actual Startup Time": 0.08,
                                                        "Actual Total Time": 91.953,
                                                        "Actual Rows": 253223,
                                                        "Actual Loops": 1
                                                    },
                                                    {
                                                        "Worker Number": 3,
                                                        "Actual Startup Time": 0.065,
                                                        "Actual Total Time": 92.448,
                                                        "Actual Rows": 252554,
                                                        "Actual Loops": 1
                                                    },
                                                    {
                                                        "Worker Number": 4,
                                                        "Actual Startup Time": 0.065,
                                                        "Actual Total Time": 93.352,
                                                        "Actual Rows": 260060,
                                                        "Actual Loops": 1
                                                    }
                                                ]
                                            }
                                        ]
                                    }
                                ]
                            }
                        ]
                    }
                ]
            }
        ]
    },
    "Planning Time": 0.848,
    "Triggers": [],
    "Execution Time": 690.756
}