[
  {
    "Plan": {
      "Node Type": "Aggregate",
      "Strategy": "Plain",
      "Partial Mode": "Finalize",
      "Parallel Aware": false,
      "Startup Cost": 80211.58,
      "Total Cost": 80211.59,
      "Plan Rows": 1,
      "Plan Width": 8,
      "Actual Startup Time": 236.004,
      "Actual Total Time": 251.929,
      "Actual Rows": 1,
      "Actual Loops": 1,
      "Plans": [
        {
          "Node Type": "Gather",
          "Parent Relationship": "Outer",
          "Parallel Aware": false,
          "Startup Cost": 80211.16,
          "Total Cost": 80211.57,
          "Plan Rows": 4,
          "Plan Width": 8,
          "Actual Startup Time": 233.919,
          "Actual Total Time": 251.916,
          "Actual Rows": 5,
          "Actual Loops": 1,
          "Workers Planned": 4,
          "Workers Launched": 4,
          "Single Copy": false,
          "Plans": [
            {
              "Node Type": "Aggregate",
              "Strategy": "Plain",
              "Partial Mode": "Partial",
              "Parent Relationship": "Outer",
              "Parallel Aware": false,
              "Startup Cost": 79211.16,
              "Total Cost": 79211.17,
              "Plan Rows": 1,
              "Plan Width": 8,
              "Actual Startup Time": 224.493,
              "Actual Total Time": 224.496,
              "Actual Rows": 1,
              "Actual Loops": 5,
              "Plans": [
                {
                  "Node Type": "Hash Join",
                  "Parent Relationship": "Outer",
                  "Parallel Aware": true,
                  "Join Type": "Inner",
                  "Startup Cost": 33040.38,
                  "Total Cost": 79058.0,
                  "Plan Rows": 61264,
                  "Plan Width": 0,
                  "Actual Startup Time": 91.249,
                  "Actual Total Time": 223.195,
                  "Actual Rows": 23938,
                  "Actual Loops": 5,
                  "Inner Unique": false,
                  "Hash Cond": "(t.id = mc.movie_id)",
                  "Plans": [
                    {
                      "Node Type": "Seq Scan",
                      "Parent Relationship": "Outer",
                      "Parallel Aware": true,
                      "Relation Name": "title",
                      "Alias": "t",
                      "Startup Cost": 0.0,
                      "Total Cost": 43898.92,
                      "Plan Rows": 384216,
                      "Plan Width": 4,
                      "Actual Startup Time": 0.015,
                      "Actual Total Time": 79.134,
                      "Actual Rows": 308653,
                      "Actual Loops": 5,
                      "Filter": "(kind_id = 7)",
                      "Rows Removed by Filter": 197010
                    },
                    {
                      "Node Type": "Hash",
                      "Parent Relationship": "Inner",
                      "Parallel Aware": true,
                      "Startup Cost": 31414.82,
                      "Total Cost": 31414.82,
                      "Plan Rows": 130045,
                      "Plan Width": 4,
                      "Actual Startup Time": 88.108,
                      "Actual Total Time": 88.109,
                      "Actual Rows": 46074,
                      "Actual Loops": 5,
                      "Hash Buckets": 524288,
                      "Original Hash Buckets": 524288,
                      "Hash Batches": 1,
                      "Original Hash Batches": 1,
                      "Peak Memory Usage": 13184,
                      "Plans": [
                        {
                          "Node Type": "Seq Scan",
                          "Parent Relationship": "Outer",
                          "Parallel Aware": true,
                          "Relation Name": "movie_companies",
                          "Alias": "mc",
                          "Startup Cost": 0.0,
                          "Total Cost": 31414.82,
                          "Plan Rows": 130045,
                          "Plan Width": 4,
                          "Actual Startup Time": 44.66,
                          "Actual Total Time": 71.696,
                          "Actual Rows": 46074,
                          "Actual Loops": 5,
                          "Filter": "((company_id < 1700) AND (company_type_id = 2))",
                          "Rows Removed by Filter": 475752
                        }
                      ]
                    }
                  ]
                }
              ]
            }
          ]
        }
      ]
    },
    "Planning Time": 0.696,
    "Triggers": [],
    "Execution Time": 252.005
  }
]