{
  "Plan": {
    "Node Type": "Aggregate",
    "Strategy": "Plain",
    "Partial Mode": "Simple",
    "Parallel Aware": false,
    "Startup Cost": 1313.43,
    "Total Cost": 1313.44,
    "Plan Rows": 1,
    "Plan Width": 8,
    "Actual Startup Time": 5.353,
    "Actual Total Time": 5.356,
    "Actual Rows": 1,
    "Actual Loops": 1,
    "Plans": [
      {
        "Node Type": "Nested Loop",
        "Parent Relationship": "Outer",
        "Parallel Aware": false,
        "Join Type": "Inner",
        "Startup Cost": 1.29,
        "Total Cost": 1313.31,
        "Plan Rows": 50,
        "Plan Width": 0,
        "Actual Startup Time": 0.687,
        "Actual Total Time": 5.334,
        "Actual Rows": 46,
        "Actual Loops": 1,
        "Inner Unique": false,
        "Plans": [
          {
            "Node Type": "Nested Loop",
            "Parent Relationship": "Outer",
            "Parallel Aware": false,
            "Join Type": "Inner",
            "Startup Cost": 0.86,
            "Total Cost": 1143.66,
            "Plan Rows": 103,
            "Plan Width": 8,
            "Actual Startup Time": 0.1,
            "Actual Total Time": 1.907,
            "Actual Rows": 235,
            "Actual Loops": 1,
            "Inner Unique": true,
            "Plans": [
              {
                "Node Type": "Index Scan",
                "Parent Relationship": "Outer",
                "Parallel Aware": false,
                "Scan Direction": "Forward",
                "Index Name": "company_id_movie_companies",
                "Relation Name": "movie_companies",
                "Alias": "mc",
                "Startup Cost": 0.43,
                "Total Cost": 273.57,
                "Plan Rows": 103,
                "Plan Width": 4,
                "Actual Startup Time": 0.039,
                "Actual Total Time": 0.166,
                "Actual Rows": 235,
                "Actual Loops": 1,
                "Index Cond": "(company_id = 80307)",
                "Rows Removed by Index Recheck": 0
              },
              {
                "Node Type": "Index Only Scan",
                "Parent Relationship": "Inner",
                "Parallel Aware": false,
                "Scan Direction": "Forward",
                "Index Name": "title_pkey",
                "Relation Name": "title",
                "Alias": "t",
                "Startup Cost": 0.43,
                "Total Cost": 8.45,
                "Plan Rows": 1,
                "Plan Width": 4,
                "Actual Startup Time": 0.006,
                "Actual Total Time": 0.006,
                "Actual Rows": 1,
                "Actual Loops": 235,
                "Index Cond": "(id = mc.movie_id)",
                "Rows Removed by Index Recheck": 0,
                "Heap Fetches": 235
              }
            ]
          },
          {
            "Node Type": "Index Scan",
            "Parent Relationship": "Inner",
            "Parallel Aware": false,
            "Scan Direction": "Forward",
            "Index Name": "movie_id_movie_info",
            "Relation Name": "movie_info",
            "Alias": "mi",
            "Startup Cost": 0.43,
            "Total Cost": 1.62,
            "Plan Rows": 3,
            "Plan Width": 4,
            "Actual Startup Time": 0.013,
            "Actual Total Time": 0.014,
            "Actual Rows": 0,
            "Actual Loops": 235,
            "Index Cond": "(movie_id = t.id)",
            "Rows Removed by Index Recheck": 0,
            "Filter": "(info_type_id > 42)",
            "Rows Removed by Filter": 9
          }
        ]
      }
    ]
  },
  "Planning Time": 0.895,
  "Triggers": [],
  "Execution Time": 5.43
}