{
    "Plan": {
        "Node Type": "Aggregate",
        "Strategy": "Plain",
        "Partial Mode": "Finalize",
        "Parallel Aware": false,
        "Startup Cost": 392988.68,
        "Total Cost": 392988.69,
        "Plan Rows": 1,
        "Plan Width": 8,
        "Actual Startup Time": 501.885,
        "Actual Total Time": 539.865,
        "Actual Rows": 1,
        "Actual Loops": 1,
        "Output": [
            "count(*)"
        ],
        "Plans": [
            {
                "Node Type": "Gather",
                "Parent Relationship": "Outer",
                "Parallel Aware": false,
                "Startup Cost": 392988.05,
                "Total Cost": 392988.66,
                "Plan Rows": 6,
                "Plan Width": 8,
                "Actual Startup Time": 500.602,
                "Actual Total Time": 539.856,
                "Actual Rows": 7,
                "Actual Loops": 1,
                "Output": [
                    "(PARTIAL count(*))"
                ],
                "Workers Planned": 6,
                "Workers Launched": 6,
                "Single Copy": false,
                "Plans": [
                    {
                        "Node Type": "Aggregate",
                        "Strategy": "Plain",
                        "Partial Mode": "Partial",
                        "Parent Relationship": "Outer",
                        "Parallel Aware": false,
                        "Startup Cost": 391988.05,
                        "Total Cost": 391988.06,
                        "Plan Rows": 1,
                        "Plan Width": 8,
                        "Actual Startup Time": 489.529,
                        "Actual Total Time": 489.532,
                        "Actual Rows": 1,
                        "Actual Loops": 7,
                        "Output": [
                            "PARTIAL count(*)"
                        ],
                        "Workers": [
                            {
                                "Worker Number": 0,
                                "Actual Startup Time": 487.139,
                                "Actual Total Time": 487.141,
                                "Actual Rows": 1,
                                "Actual Loops": 1
                            },
                            {
                                "Worker Number": 1,
                                "Actual Startup Time": 487.211,
                                "Actual Total Time": 487.215,
                                "Actual Rows": 1,
                                "Actual Loops": 1
                            },
                            {
                                "Worker Number": 2,
                                "Actual Startup Time": 487.416,
                                "Actual Total Time": 487.42,
                                "Actual Rows": 1,
                                "Actual Loops": 1
                            },
                            {
                                "Worker Number": 3,
                                "Actual Startup Time": 488.114,
                                "Actual Total Time": 488.117,
                                "Actual Rows": 1,
                                "Actual Loops": 1
                            },
                            {
                                "Worker Number": 4,
                                "Actual Startup Time": 488.452,
                                "Actual Total Time": 488.454,
                                "Actual Rows": 1,
                                "Actual Loops": 1
                            },
                            {
                                "Worker Number": 5,
                                "Actual Startup Time": 488.725,
                                "Actual Total Time": 488.728,
                                "Actual Rows": 1,
                                "Actual Loops": 1
                            }
                        ],
                        "Plans": [
                            {
                                "Node Type": "Hash Join",
                                "Parent Relationship": "Outer",
                                "Parallel Aware": true,
                                "Join Type": "Inner",
                                "Startup Cost": 45792.89,
                                "Total Cost": 391865.08,
                                "Plan Rows": 49191,
                                "Plan Width": 0,
                                "Actual Startup Time": 392.785,
                                "Actual Total Time": 488.99,
                                "Actual Rows": 9694,
                                "Actual Loops": 7,
                                "Inner Unique": true,
                                "Hash Cond": "(ci.movie_id = t.id)",
                                "Workers": [
                                    {
                                        "Worker Number": 0,
                                        "Actual Startup Time": 390.37,
                                        "Actual Total Time": 486.584,
                                        "Actual Rows": 10614,
                                        "Actual Loops": 1
                                    },
                                    {
                                        "Worker Number": 1,
                                        "Actual Startup Time": 390.723,
                                        "Actual Total Time": 486.653,
                                        "Actual Rows": 6455,
                                        "Actual Loops": 1
                                    },
                                    {
                                        "Worker Number": 2,
                                        "Actual Startup Time": 390.747,
                                        "Actual Total Time": 486.931,
                                        "Actual Rows": 8784,
                                        "Actual Loops": 1
                                    },
                                    {
                                        "Worker Number": 3,
                                        "Actual Startup Time": 391.319,
                                        "Actual Total Time": 487.585,
                                        "Actual Rows": 10034,
                                        "Actual Loops": 1
                                    },
                                    {
                                        "Worker Number": 4,
                                        "Actual Startup Time": 391.658,
                                        "Actual Total Time": 487.914,
                                        "Actual Rows": 10184,
                                        "Actual Loops": 1
                                    },
                                    {
                                        "Worker Number": 5,
                                        "Actual Startup Time": 391.837,
                                        "Actual Total Time": 488.202,
                                        "Actual Rows": 9823,
                                        "Actual Loops": 1
                                    }
                                ],
                                "Plans": [
                                    {
                                        "Node Type": "Index Scan",
                                        "Parent Relationship": "Outer",
                                        "Parallel Aware": true,
                                        "Scan Direction": "Forward",
                                        "Index Name": "role_id_cast_info",
                                        "Relation Name": "cast_info",
                                        "Schema": "public",
                                        "Alias": "ci",
                                        "Startup Cost": 0.56,
                                        "Total Cost": 342814.42,
                                        "Plan Rows": 1241269,
                                        "Plan Width": 4,
                                        "Actual Startup Time": 313.129,
                                        "Actual Total Time": 369.568,
                                        "Actual Rows": 260832,
                                        "Actual Loops": 7,
                                        "Output": [
                                            "ci.id",
                                            "ci.person_id",
                                            "ci.movie_id",
                                            "ci.person_role_id",
                                            "ci.note",
                                            "ci.nr_order",
                                            "ci.role_id"
                                        ],
                                        "Index Cond": "(ci.role_id < 2)",
                                        "Rows Removed by Index Recheck": 0,
                                        "Filter": "(ci.person_id > 1485562)",
                                        "Rows Removed by Filter": 1549266,
                                        "Workers": [
                                            {
                                                "Worker Number": 0,
                                                "Actual Startup Time": 313.133,
                                                "Actual Total Time": 370.276,
                                                "Actual Rows": 269490,
                                                "Actual Loops": 1
                                            },
                                            {
                                                "Worker Number": 1,
                                                "Actual Startup Time": 313.079,
                                                "Actual Total Time": 370.895,
                                                "Actual Rows": 177060,
                                                "Actual Loops": 1
                                            },
                                            {
                                                "Worker Number": 2,
                                                "Actual Startup Time": 313.118,
                                                "Actual Total Time": 369.696,
                                                "Actual Rows": 260130,
                                                "Actual Loops": 1
                                            },
                                            {
                                                "Worker Number": 3,
                                                "Actual Startup Time": 313.126,
                                                "Actual Total Time": 369.535,
                                                "Actual Rows": 267930,
                                                "Actual Loops": 1
                                            },
                                            {
                                                "Worker Number": 4,
                                                "Actual Startup Time": 313.08,
                                                "Actual Total Time": 369.364,
                                                "Actual Rows": 266369,
                                                "Actual Loops": 1
                                            },
                                            {
                                                "Worker Number": 5,
                                                "Actual Startup Time": 313.112,
                                                "Actual Total Time": 369.036,
                                                "Actual Rows": 262081,
                                                "Actual Loops": 1
                                            }
                                        ]
                                    },
                                    {
                                        "Node Type": "Hash",
                                        "Parent Relationship": "Inner",
                                        "Parallel Aware": true,
                                        "Startup Cost": 45479.21,
                                        "Total Cost": 45479.21,
                                        "Plan Rows": 25049,
                                        "Plan Width": 4,
                                        "Actual Startup Time": 77.96,
                                        "Actual Total Time": 77.961,
                                        "Actual Rows": 15772,
                                        "Actual Loops": 7,
                                        "Output": [
                                            "t.id"
                                        ],
                                        "Hash Buckets": 131072,
                                        "Original Hash Buckets": 131072,
                                        "Hash Batches": 1,
                                        "Original Hash Batches": 1,
                                        "Peak Memory Usage": 5440,
                                        "Workers": [
                                            {
                                                "Worker Number": 0,
                                                "Actual Startup Time": 76.498,
                                                "Actual Total Time": 76.499,
                                                "Actual Rows": 14230,
                                                "Actual Loops": 1
                                            },
                                            {
                                                "Worker Number": 1,
                                                "Actual Startup Time": 76.595,
                                                "Actual Total Time": 76.596,
                                                "Actual Rows": 11679,
                                                "Actual Loops": 1
                                            },
                                            {
                                                "Worker Number": 2,
                                                "Actual Startup Time": 76.801,
                                                "Actual Total Time": 76.802,
                                                "Actual Rows": 13600,
                                                "Actual Loops": 1
                                            },
                                            {
                                                "Worker Number": 3,
                                                "Actual Startup Time": 77.525,
                                                "Actual Total Time": 77.526,
                                                "Actual Rows": 14506,
                                                "Actual Loops": 1
                                            },
                                            {
                                                "Worker Number": 4,
                                                "Actual Startup Time": 77.826,
                                                "Actual Total Time": 77.827,
                                                "Actual Rows": 15382,
                                                "Actual Loops": 1
                                            },
                                            {
                                                "Worker Number": 5,
                                                "Actual Startup Time": 77.922,
                                                "Actual Total Time": 77.924,
                                                "Actual Rows": 13620,
                                                "Actual Loops": 1
                                            }
                                        ],
                                        "Plans": [
                                            {
                                                "Node Type": "Seq Scan",
                                                "Parent Relationship": "Outer",
                                                "Parallel Aware": true,
                                                "Relation Name": "title",
                                                "Schema": "public",
                                                "Alias": "t",
                                                "Startup Cost": 0.0,
                                                "Total Cost": 45479.21,
                                                "Plan Rows": 25049,
                                                "Plan Width": 4,
                                                "Actual Startup Time": 0.061,
                                                "Actual Total Time": 70.242,
                                                "Actual Rows": 15772,
                                                "Actual Loops": 7,
                                                "Output": [
                                                    "t.id"
                                                ],
                                                "Filter": "((t.kind_id = 7) AND (t.production_year = 2012))",
                                                "Rows Removed by Filter": 345416,
                                                "Workers": [
                                                    {
                                                        "Worker Number": 0,
                                                        "Actual Startup Time": 0.074,
                                                        "Actual Total Time": 69.91,
                                                        "Actual Rows": 14230,
                                                        "Actual Loops": 1
                                                    },
                                                    {
                                                        "Worker Number": 1,
                                                        "Actual Startup Time": 0.062,
                                                        "Actual Total Time": 69.114,
                                                        "Actual Rows": 11679,
                                                        "Actual Loops": 1
                                                    },
                                                    {
                                                        "Worker Number": 2,
                                                        "Actual Startup Time": 0.056,
                                                        "Actual Total Time": 68.761,
                                                        "Actual Rows": 13600,
                                                        "Actual Loops": 1
                                                    },
                                                    {
                                                        "Worker Number": 3,
                                                        "Actual Startup Time": 0.06,
                                                        "Actual Total Time": 70.385,
                                                        "Actual Rows": 14506,
                                                        "Actual Loops": 1
                                                    },
                                                    {
                                                        "Worker Number": 4,
                                                        "Actual Startup Time": 0.073,
                                                        "Actual Total Time": 71.07,
                                                        "Actual Rows": 15382,
                                                        "Actual Loops": 1
                                                    },
                                                    {
                                                        "Worker Number": 5,
                                                        "Actual Startup Time": 0.074,
                                                        "Actual Total Time": 70.187,
                                                        "Actual Rows": 13620,
                                                        "Actual Loops": 1
                                                    }
                                                ]
                                            }
                                        ]
                                    }
                                ]
                            }
                        ]
                    }
                ]
            }
        ]
    },
    "Planning Time": 0.761,
    "Triggers": [],
    "Execution Time": 539.957
}