[
    {
        "Bao": {
            "Bao prediction": "NaN",
            "Bao recommended hint": "(no hint)"
        }
    },
    {
        "Plan": {
            "Node Type": "Aggregate",
            "Strategy": "Plain",
            "Partial Mode": "Finalize",
            "Parallel Aware": false,
            "Startup Cost": 90832.56,
            "Total Cost": 90832.57,
            "Plan Rows": 1,
            "Plan Width": 8,
            "Actual Startup Time": 439.524,
            "Actual Total Time": 451.511,
            "Actual Rows": 1,
            "Actual Loops": 1,
            "Output": [
                "count(*)"
            ],
            "Plans": [
                {
                    "Node Type": "Gather",
                    "Parent Relationship": "Outer",
                    "Parallel Aware": false,
                    "Startup Cost": 90832.25,
                    "Total Cost": 90832.56,
                    "Plan Rows": 3,
                    "Plan Width": 8,
                    "Actual Startup Time": 434.144,
                    "Actual Total Time": 451.499,
                    "Actual Rows": 4,
                    "Actual Loops": 1,
                    "Output": [
                        "(PARTIAL count(*))"
                    ],
                    "Workers Planned": 3,
                    "Workers Launched": 3,
                    "Single Copy": false,
                    "Plans": [
                        {
                            "Node Type": "Aggregate",
                            "Strategy": "Plain",
                            "Partial Mode": "Partial",
                            "Parent Relationship": "Outer",
                            "Parallel Aware": false,
                            "Startup Cost": 89832.25,
                            "Total Cost": 89832.26,
                            "Plan Rows": 1,
                            "Plan Width": 8,
                            "Actual Startup Time": 425.583,
                            "Actual Total Time": 425.587,
                            "Actual Rows": 1,
                            "Actual Loops": 4,
                            "Output": [
                                "PARTIAL count(*)"
                            ],
                            "Workers": [
                                {
                                    "Worker Number": 0,
                                    "Actual Startup Time": 422.257,
                                    "Actual Total Time": 422.261,
                                    "Actual Rows": 1,
                                    "Actual Loops": 1
                                },
                                {
                                    "Worker Number": 1,
                                    "Actual Startup Time": 422.714,
                                    "Actual Total Time": 422.717,
                                    "Actual Rows": 1,
                                    "Actual Loops": 1
                                },
                                {
                                    "Worker Number": 2,
                                    "Actual Startup Time": 423.556,
                                    "Actual Total Time": 423.561,
                                    "Actual Rows": 1,
                                    "Actual Loops": 1
                                }
                            ],
                            "Plans": [
                                {
                                    "Node Type": "Hash Join",
                                    "Parent Relationship": "Outer",
                                    "Parallel Aware": true,
                                    "Join Type": "Inner",
                                    "Startup Cost": 61702.33,
                                    "Total Cost": 89638.18,
                                    "Plan Rows": 77625,
                                    "Plan Width": 0,
                                    "Actual Startup Time": 275.243,
                                    "Actual Total Time": 419.232,
                                    "Actual Rows": 81686,
                                    "Actual Loops": 4,
                                    "Inner Unique": true,
                                    "Hash Cond": "(mk.movie_id = t.id)",
                                    "Workers": [
                                        {
                                            "Worker Number": 0,
                                            "Actual Startup Time": 272.185,
                                            "Actual Total Time": 415.998,
                                            "Actual Rows": 76805,
                                            "Actual Loops": 1
                                        },
                                        {
                                            "Worker Number": 1,
                                            "Actual Startup Time": 272.943,
                                            "Actual Total Time": 416.391,
                                            "Actual Rows": 76859,
                                            "Actual Loops": 1
                                        },
                                        {
                                            "Worker Number": 2,
                                            "Actual Startup Time": 272.724,
                                            "Actual Total Time": 417.362,
                                            "Actual Rows": 75576,
                                            "Actual Loops": 1
                                        }
                                    ],
                                    "Plans": [
                                        {
                                            "Node Type": "Bitmap Heap Scan",
                                            "Parent Relationship": "Outer",
                                            "Parallel Aware": true,
                                            "Relation Name": "movie_keyword",
                                            "Schema": "public",
                                            "Alias": "mk",
                                            "Startup Cost": 15139.11,
                                            "Total Cost": 42470.68,
                                            "Plan Rows": 230205,
                                            "Plan Width": 4,
                                            "Actual Startup Time": 63.466,
                                            "Actual Total Time": 144.245,
                                            "Actual Rows": 177914,
                                            "Actual Loops": 4,
                                            "Output": [
                                                "mk.id",
                                                "mk.movie_id",
                                                "mk.keyword_id"
                                            ],
                                            "Recheck Cond": "(mk.keyword_id < 613)",
                                            "Rows Removed by Index Recheck": 0,
                                            "Exact Heap Blocks": 7519,
                                            "Lossy Heap Blocks": 0,
                                            "Workers": [
                                                {
                                                    "Worker Number": 0,
                                                    "Actual Startup Time": 63.514,
                                                    "Actual Total Time": 146.335,
                                                    "Actual Rows": 167427,
                                                    "Actual Loops": 1
                                                },
                                                {
                                                    "Worker Number": 1,
                                                    "Actual Startup Time": 63.611,
                                                    "Actual Total Time": 146.384,
                                                    "Actual Rows": 162975,
                                                    "Actual Loops": 1
                                                },
                                                {
                                                    "Worker Number": 2,
                                                    "Actual Startup Time": 63.531,
                                                    "Actual Total Time": 147.084,
                                                    "Actual Rows": 164563,
                                                    "Actual Loops": 1
                                                }
                                            ],
                                            "Plans": [
                                                {
                                                    "Node Type": "Bitmap Index Scan",
                                                    "Parent Relationship": "Outer",
                                                    "Parallel Aware": false,
                                                    "Index Name": "keyword_id_movie_keyword",
                                                    "Startup Cost": 0.0,
                                                    "Total Cost": 14960.7,
                                                    "Plan Rows": 713636,
                                                    "Plan Width": 0,
                                                    "Actual Startup Time": 57.573,
                                                    "Actual Total Time": 57.574,
                                                    "Actual Rows": 711658,
                                                    "Actual Loops": 1,
                                                    "Index Cond": "(mk.keyword_id < 613)"
                                                }
                                            ]
                                        },
                                        {
                                            "Node Type": "Hash",
                                            "Parent Relationship": "Inner",
                                            "Parallel Aware": true,
                                            "Startup Cost": 43899.01,
                                            "Total Cost": 43899.01,
                                            "Plan Rows": 213137,
                                            "Plan Width": 4,
                                            "Actual Startup Time": 208.393,
                                            "Actual Total Time": 208.394,
                                            "Actual Rows": 212285,
                                            "Actual Loops": 4,
                                            "Output": [
                                                "t.id"
                                            ],
                                            "Hash Buckets": 1048576,
                                            "Original Hash Buckets": 1048576,
                                            "Hash Batches": 1,
                                            "Original Hash Batches": 1,
                                            "Peak Memory Usage": 41504,
                                            "Workers": [
                                                {
                                                    "Worker Number": 0,
                                                    "Actual Startup Time": 207.867,
                                                    "Actual Total Time": 207.868,
                                                    "Actual Rows": 198185,
                                                    "Actual Loops": 1
                                                },
                                                {
                                                    "Worker Number": 1,
                                                    "Actual Startup Time": 208.32,
                                                    "Actual Total Time": 208.321,
                                                    "Actual Rows": 197155,
                                                    "Actual Loops": 1
                                                },
                                                {
                                                    "Worker Number": 2,
                                                    "Actual Startup Time": 208.608,
                                                    "Actual Total Time": 208.61,
                                                    "Actual Rows": 199709,
                                                    "Actual Loops": 1
                                                }
                                            ],
                                            "Plans": [
                                                {
                                                    "Node Type": "Seq Scan",
                                                    "Parent Relationship": "Outer",
                                                    "Parallel Aware": true,
                                                    "Relation Name": "title",
                                                    "Schema": "public",
                                                    "Alias": "t",
                                                    "Startup Cost": 0.0,
                                                    "Total Cost": 43899.01,
                                                    "Plan Rows": 213137,
                                                    "Plan Width": 4,
                                                    "Actual Startup Time": 0.036,
                                                    "Actual Total Time": 123.227,
                                                    "Actual Rows": 212285,
                                                    "Actual Loops": 4,
                                                    "Output": [
                                                        "t.id"
                                                    ],
                                                    "Filter": "(t.production_year < 1996)",
                                                    "Rows Removed by Filter": 419793,
                                                    "Workers": [
                                                        {
                                                            "Worker Number": 0,
                                                            "Actual Startup Time": 0.049,
                                                            "Actual Total Time": 125.812,
                                                            "Actual Rows": 198185,
                                                            "Actual Loops": 1
                                                        },
                                                        {
                                                            "Worker Number": 1,
                                                            "Actual Startup Time": 0.038,
                                                            "Actual Total Time": 125.063,
                                                            "Actual Rows": 197155,
                                                            "Actual Loops": 1
                                                        },
                                                        {
                                                            "Worker Number": 2,
                                                            "Actual Startup Time": 0.043,
                                                            "Actual Total Time": 125.87,
                                                            "Actual Rows": 199709,
                                                            "Actual Loops": 1
                                                        }
                                                    ]
                                                }
                                            ]
                                        }
                                    ]
                                }
                            ]
                        }
                    ]
                }
            ]
        },
        "Planning Time": 311.596,
        "Triggers": [],
        "Execution Time": 451.58
    }
]