[
  {
    "Plan": {
      "Node Type": "Aggregate",
      "Strategy": "Plain",
      "Partial Mode": "Finalize",
      "Parallel Aware": false,
      "Startup Cost": 98451.26,
      "Total Cost": 98451.27,
      "Plan Rows": 1,
      "Plan Width": 8,
      "Actual Startup Time": 126.173,
      "Actual Total Time": 144.646,
      "Actual Rows": 1,
      "Actual Loops": 1,
      "Plans": [
        {
          "Node Type": "Gather",
          "Parent Relationship": "Outer",
          "Parallel Aware": false,
          "Startup Cost": 98450.84,
          "Total Cost": 98451.25,
          "Plan Rows": 4,
          "Plan Width": 8,
          "Actual Startup Time": 125.859,
          "Actual Total Time": 144.637,
          "Actual Rows": 5,
          "Actual Loops": 1,
          "Workers Planned": 4,
          "Workers Launched": 4,
          "Single Copy": false,
          "Plans": [
            {
              "Node Type": "Aggregate",
              "Strategy": "Plain",
              "Partial Mode": "Partial",
              "Parent Relationship": "Outer",
              "Parallel Aware": false,
              "Startup Cost": 97450.84,
              "Total Cost": 97450.85,
              "Plan Rows": 1,
              "Plan Width": 8,
              "Actual Startup Time": 113.151,
              "Actual Total Time": 113.153,
              "Actual Rows": 1,
              "Actual Loops": 5,
              "Plans": [
                {
                  "Node Type": "Nested Loop",
                  "Parent Relationship": "Outer",
                  "Parallel Aware": false,
                  "Join Type": "Inner",
                  "Startup Cost": 0.43,
                  "Total Cost": 97448.88,
                  "Plan Rows": 784,
                  "Plan Width": 0,
                  "Actual Startup Time": 23.485,
                  "Actual Total Time": 113.0,
                  "Actual Rows": 1690,
                  "Actual Loops": 5,
                  "Inner Unique": false,
                  "Plans": [
                    {
                      "Node Type": "Seq Scan",
                      "Parent Relationship": "Outer",
                      "Parallel Aware": true,
                      "Relation Name": "title",
                      "Alias": "t",
                      "Startup Cost": 0.0,
                      "Total Cost": 43899.32,
                      "Plan Rows": 379,
                      "Plan Width": 4,
                      "Actual Startup Time": 23.355,
                      "Actual Total Time": 90.181,
                      "Actual Rows": 393,
                      "Actual Loops": 5,
                      "Filter": "(production_year = 1946)",
                      "Rows Removed by Filter": 505269
                    },
                    {
                      "Node Type": "Index Scan",
                      "Parent Relationship": "Inner",
                      "Parallel Aware": false,
                      "Scan Direction": "Forward",
                      "Index Name": "movie_id_movie_info",
                      "Relation Name": "movie_info",
                      "Alias": "mi",
                      "Startup Cost": 0.43,
                      "Total Cost": 141.14,
                      "Plan Rows": 15,
                      "Plan Width": 4,
                      "Actual Startup Time": 0.031,
                      "Actual Total Time": 0.057,
                      "Actual Rows": 4,
                      "Actual Loops": 1965,
                      "Index Cond": "(movie_id = t.id)",
                      "Rows Removed by Index Recheck": 0,
                      "Filter": "(info_type_id > 15)",
                      "Rows Removed by Filter": 10
                    }
                  ]
                }
              ]
            }
          ]
        }
      ]
    },
    "Planning Time": 0.831,
    "Triggers": [],
    "Execution Time": 144.738
  }
]