[
  {
    "Plan": {
      "Node Type": "Aggregate",
      "Strategy": "Plain",
      "Partial Mode": "Finalize",
      "Parallel Aware": false,
      "Startup Cost": 107918.42,
      "Total Cost": 107918.43,
      "Plan Rows": 1,
      "Plan Width": 8,
      "Actual Startup Time": 104.669,
      "Actual Total Time": 120.933,
      "Actual Rows": 1,
      "Actual Loops": 1,
      "Plans": [
        {
          "Node Type": "Gather",
          "Parent Relationship": "Outer",
          "Parallel Aware": false,
          "Startup Cost": 107918.0,
          "Total Cost": 107918.41,
          "Plan Rows": 4,
          "Plan Width": 8,
          "Actual Startup Time": 104.528,
          "Actual Total Time": 120.925,
          "Actual Rows": 5,
          "Actual Loops": 1,
          "Workers Planned": 4,
          "Workers Launched": 4,
          "Single Copy": false,
          "Plans": [
            {
              "Node Type": "Aggregate",
              "Strategy": "Plain",
              "Partial Mode": "Partial",
              "Parent Relationship": "Outer",
              "Parallel Aware": false,
              "Startup Cost": 106918.0,
              "Total Cost": 106918.01,
              "Plan Rows": 1,
              "Plan Width": 8,
              "Actual Startup Time": 96.008,
              "Actual Total Time": 96.009,
              "Actual Rows": 1,
              "Actual Loops": 5,
              "Plans": [
                {
                  "Node Type": "Nested Loop",
                  "Parent Relationship": "Outer",
                  "Parallel Aware": false,
                  "Join Type": "Inner",
                  "Startup Cost": 0.43,
                  "Total Cost": 106915.63,
                  "Plan Rows": 948,
                  "Plan Width": 0,
                  "Actual Startup Time": 16.587,
                  "Actual Total Time": 95.865,
                  "Actual Rows": 1690,
                  "Actual Loops": 5,
                  "Inner Unique": false,
                  "Plans": [
                    {
                      "Node Type": "Seq Scan",
                      "Parent Relationship": "Outer",
                      "Parallel Aware": true,
                      "Relation Name": "title",
                      "Alias": "t",
                      "Startup Cost": 0.0,
                      "Total Cost": 43898.92,
                      "Plan Rows": 452,
                      "Plan Width": 4,
                      "Actual Startup Time": 16.427,
                      "Actual Total Time": 76.301,
                      "Actual Rows": 393,
                      "Actual Loops": 5,
                      "Filter": "(production_year = 1946)",
                      "Rows Removed by Filter": 505269
                    },
                    {
                      "Node Type": "Index Scan",
                      "Parent Relationship": "Inner",
                      "Parallel Aware": false,
                      "Scan Direction": "Forward",
                      "Index Name": "movie_id_movie_info",
                      "Relation Name": "movie_info",
                      "Alias": "mi",
                      "Startup Cost": 0.43,
                      "Total Cost": 139.27,
                      "Plan Rows": 15,
                      "Plan Width": 4,
                      "Actual Startup Time": 0.028,
                      "Actual Total Time": 0.049,
                      "Actual Rows": 4,
                      "Actual Loops": 1965,
                      "Index Cond": "(movie_id = t.id)",
                      "Rows Removed by Index Recheck": 0,
                      "Filter": "(info_type_id > 15)",
                      "Rows Removed by Filter": 10
                    }
                  ]
                }
              ]
            }
          ]
        }
      ]
    },
    "Planning Time": 0.332,
    "Triggers": [],
    "Execution Time": 120.976
  }
]