[
  {
    "Plan": {
      "Node Type": "Aggregate",
      "Strategy": "Plain",
      "Partial Mode": "Finalize",
      "Parallel Aware": false,
      "Startup Cost": 197456.31,
      "Total Cost": 197456.32,
      "Plan Rows": 1,
      "Plan Width": 8,
      "Actual Startup Time": 193.268,
      "Actual Total Time": 227.665,
      "Actual Rows": 1,
      "Actual Loops": 1,
      "Plans": [
        {
          "Node Type": "Gather",
          "Parent Relationship": "Outer",
          "Parallel Aware": false,
          "Startup Cost": 197455.89,
          "Total Cost": 197456.3,
          "Plan Rows": 4,
          "Plan Width": 8,
          "Actual Startup Time": 193.016,
          "Actual Total Time": 227.652,
          "Actual Rows": 5,
          "Actual Loops": 1,
          "Workers Planned": 4,
          "Workers Launched": 4,
          "Single Copy": false,
          "Plans": [
            {
              "Node Type": "Aggregate",
              "Strategy": "Plain",
              "Partial Mode": "Partial",
              "Parent Relationship": "Outer",
              "Parallel Aware": false,
              "Startup Cost": 196455.89,
              "Total Cost": 196455.9,
              "Plan Rows": 1,
              "Plan Width": 8,
              "Actual Startup Time": 185.034,
              "Actual Total Time": 185.036,
              "Actual Rows": 1,
              "Actual Loops": 5,
              "Plans": [
                {
                  "Node Type": "Nested Loop",
                  "Parent Relationship": "Outer",
                  "Parallel Aware": false,
                  "Join Type": "Inner",
                  "Startup Cost": 0.56,
                  "Total Cost": 196438.77,
                  "Plan Rows": 6849,
                  "Plan Width": 0,
                  "Actual Startup Time": 2.005,
                  "Actual Total Time": 184.333,
                  "Actual Rows": 6011,
                  "Actual Loops": 5,
                  "Inner Unique": false,
                  "Plans": [
                    {
                      "Node Type": "Seq Scan",
                      "Parent Relationship": "Outer",
                      "Parallel Aware": true,
                      "Relation Name": "title",
                      "Alias": "t",
                      "Startup Cost": 0.0,
                      "Total Cost": 45479.59,
                      "Plan Rows": 1430,
                      "Plan Width": 4,
                      "Actual Startup Time": 0.968,
                      "Actual Total Time": 78.34,
                      "Actual Rows": 1240,
                      "Actual Loops": 5,
                      "Filter": "((kind_id < 7) AND (production_year = 1976))",
                      "Rows Removed by Filter": 504423
                    },
                    {
                      "Node Type": "Index Scan",
                      "Parent Relationship": "Inner",
                      "Parallel Aware": false,
                      "Scan Direction": "Forward",
                      "Index Name": "movie_id_cast_info",
                      "Relation Name": "cast_info",
                      "Alias": "ci",
                      "Startup Cost": 0.56,
                      "Total Cost": 105.45,
                      "Plan Rows": 12,
                      "Plan Width": 4,
                      "Actual Startup Time": 0.066,
                      "Actual Total Time": 0.084,
                      "Actual Rows": 5,
                      "Actual Loops": 6198,
                      "Index Cond": "(movie_id = t.id)",
                      "Rows Removed by Index Recheck": 0,
                      "Filter": "(role_id > 3)",
                      "Rows Removed by Filter": 11
                    }
                  ]
                }
              ]
            }
          ]
        }
      ]
    },
    "Planning Time": 0.241,
    "Triggers": [],
    "Execution Time": 227.731
  }
]