[
  {
    "Plan": {
      "Node Type": "Aggregate",
      "Strategy": "Plain",
      "Partial Mode": "Finalize",
      "Parallel Aware": false,
      "Startup Cost": 29881.04,
      "Total Cost": 29881.05,
      "Plan Rows": 1,
      "Plan Width": 8,
      "Actual Startup Time": 87.186,
      "Actual Total Time": 93.196,
      "Actual Rows": 1,
      "Actual Loops": 1,
      "Plans": [
        {
          "Node Type": "Gather",
          "Parent Relationship": "Outer",
          "Parallel Aware": false,
          "Startup Cost": 29880.73,
          "Total Cost": 29881.04,
          "Plan Rows": 3,
          "Plan Width": 8,
          "Actual Startup Time": 86.915,
          "Actual Total Time": 93.188,
          "Actual Rows": 4,
          "Actual Loops": 1,
          "Workers Planned": 3,
          "Workers Launched": 3,
          "Single Copy": false,
          "Plans": [
            {
              "Node Type": "Aggregate",
              "Strategy": "Plain",
              "Partial Mode": "Partial",
              "Parent Relationship": "Outer",
              "Parallel Aware": false,
              "Startup Cost": 28880.73,
              "Total Cost": 28880.74,
              "Plan Rows": 1,
              "Plan Width": 8,
              "Actual Startup Time": 78.184,
              "Actual Total Time": 78.185,
              "Actual Rows": 1,
              "Actual Loops": 4,
              "Plans": [
                {
                  "Node Type": "Bitmap Heap Scan",
                  "Parent Relationship": "Outer",
                  "Parallel Aware": true,
                  "Relation Name": "movie_keyword",
                  "Alias": "mk",
                  "Startup Cost": 3604.83,
                  "Total Cost": 28743.74,
                  "Plan Rows": 54793,
                  "Plan Width": 0,
                  "Actual Startup Time": 25.696,
                  "Actual Total Time": 75.175,
                  "Actual Rows": 40366,
                  "Actual Loops": 4,
                  "Recheck Cond": "(keyword_id > 72721)",
                  "Rows Removed by Index Recheck": 0,
                  "Exact Heap Blocks": 11193,
                  "Lossy Heap Blocks": 0,
                  "Plans": [
                    {
                      "Node Type": "Bitmap Index Scan",
                      "Parent Relationship": "Outer",
                      "Parallel Aware": false,
                      "Index Name": "keyword_id_movie_keyword",
                      "Startup Cost": 0.0,
                      "Total Cost": 3562.37,
                      "Plan Rows": 169858,
                      "Plan Width": 0,
                      "Actual Startup Time": 27.779,
                      "Actual Total Time": 27.78,
                      "Actual Rows": 161462,
                      "Actual Loops": 1,
                      "Index Cond": "(keyword_id > 72721)"
                    }
                  ]
                }
              ]
            }
          ]
        }
      ]
    },
    "Planning Time": 0.18,
    "Triggers": [],
    "Execution Time": 93.263
  }
]