[
  {
    "Plan": {
      "Node Type": "Aggregate",
      "Strategy": "Plain",
      "Partial Mode": "Finalize",
      "Parallel Aware": false,
      "Startup Cost": 51928.53,
      "Total Cost": 51928.54,
      "Plan Rows": 1,
      "Plan Width": 8,
      "Actual Startup Time": 91.576,
      "Actual Total Time": 105.242,
      "Actual Rows": 1,
      "Actual Loops": 1,
      "Plans": [
        {
          "Node Type": "Gather",
          "Parent Relationship": "Outer",
          "Parallel Aware": false,
          "Startup Cost": 51928.11,
          "Total Cost": 51928.52,
          "Plan Rows": 4,
          "Plan Width": 8,
          "Actual Startup Time": 91.401,
          "Actual Total Time": 105.23,
          "Actual Rows": 5,
          "Actual Loops": 1,
          "Workers Planned": 4,
          "Workers Launched": 4,
          "Single Copy": false,
          "Plans": [
            {
              "Node Type": "Aggregate",
              "Strategy": "Plain",
              "Partial Mode": "Partial",
              "Parent Relationship": "Outer",
              "Parallel Aware": false,
              "Startup Cost": 50928.11,
              "Total Cost": 50928.12,
              "Plan Rows": 1,
              "Plan Width": 8,
              "Actual Startup Time": 86.486,
              "Actual Total Time": 86.487,
              "Actual Rows": 1,
              "Actual Loops": 5,
              "Plans": [
                {
                  "Node Type": "Nested Loop",
                  "Parent Relationship": "Outer",
                  "Parallel Aware": false,
                  "Join Type": "Inner",
                  "Startup Cost": 0.43,
                  "Total Cost": 50925.5,
                  "Plan Rows": 1044,
                  "Plan Width": 0,
                  "Actual Startup Time": 51.788,
                  "Actual Total Time": 86.304,
                  "Actual Rows": 3168,
                  "Actual Loops": 5,
                  "Inner Unique": false,
                  "Plans": [
                    {
                      "Node Type": "Seq Scan",
                      "Parent Relationship": "Outer",
                      "Parallel Aware": true,
                      "Relation Name": "title",
                      "Alias": "t",
                      "Startup Cost": 0.0,
                      "Total Cost": 45479.59,
                      "Plan Rows": 583,
                      "Plan Width": 4,
                      "Actual Startup Time": 50.773,
                      "Actual Total Time": 76.686,
                      "Actual Rows": 738,
                      "Actual Loops": 5,
                      "Filter": "((kind_id = 1) AND (production_year = 1964))",
                      "Rows Removed by Filter": 504924
                    },
                    {
                      "Node Type": "Index Only Scan",
                      "Parent Relationship": "Inner",
                      "Parallel Aware": false,
                      "Scan Direction": "Forward",
                      "Index Name": "movie_id_movie_keyword",
                      "Relation Name": "movie_keyword",
                      "Alias": "mk",
                      "Startup Cost": 0.43,
                      "Total Cost": 8.88,
                      "Plan Rows": 46,
                      "Plan Width": 4,
                      "Actual Startup Time": 0.011,
                      "Actual Total Time": 0.012,
                      "Actual Rows": 4,
                      "Actual Loops": 3692,
                      "Index Cond": "(movie_id = t.id)",
                      "Rows Removed by Index Recheck": 0,
                      "Heap Fetches": 15839
                    }
                  ]
                }
              ]
            }
          ]
        }
      ]
    },
    "Planning Time": 0.609,
    "Triggers": [],
    "Execution Time": 105.316
  }
]