[
  {
    "Plan": {
      "Node Type": "Aggregate",
      "Strategy": "Plain",
      "Partial Mode": "Finalize",
      "Parallel Aware": false,
      "Startup Cost": 53063.87,
      "Total Cost": 53063.88,
      "Plan Rows": 1,
      "Plan Width": 8,
      "Actual Startup Time": 95.993,
      "Actual Total Time": 109.513,
      "Actual Rows": 1,
      "Actual Loops": 1,
      "Plans": [
        {
          "Node Type": "Gather",
          "Parent Relationship": "Outer",
          "Parallel Aware": false,
          "Startup Cost": 53063.45,
          "Total Cost": 53063.86,
          "Plan Rows": 4,
          "Plan Width": 8,
          "Actual Startup Time": 95.861,
          "Actual Total Time": 109.506,
          "Actual Rows": 5,
          "Actual Loops": 1,
          "Workers Planned": 4,
          "Workers Launched": 4,
          "Single Copy": false,
          "Plans": [
            {
              "Node Type": "Aggregate",
              "Strategy": "Plain",
              "Partial Mode": "Partial",
              "Parent Relationship": "Outer",
              "Parallel Aware": false,
              "Startup Cost": 52063.45,
              "Total Cost": 52063.46,
              "Plan Rows": 1,
              "Plan Width": 8,
              "Actual Startup Time": 88.157,
              "Actual Total Time": 88.159,
              "Actual Rows": 1,
              "Actual Loops": 5,
              "Plans": [
                {
                  "Node Type": "Nested Loop",
                  "Parent Relationship": "Outer",
                  "Parallel Aware": false,
                  "Join Type": "Inner",
                  "Startup Cost": 0.43,
                  "Total Cost": 52060.26,
                  "Plan Rows": 1276,
                  "Plan Width": 0,
                  "Actual Startup Time": 56.168,
                  "Actual Total Time": 87.999,
                  "Actual Rows": 3168,
                  "Actual Loops": 5,
                  "Inner Unique": false,
                  "Plans": [
                    {
                      "Node Type": "Seq Scan",
                      "Parent Relationship": "Outer",
                      "Parallel Aware": true,
                      "Relation Name": "title",
                      "Alias": "t",
                      "Startup Cost": 0.0,
                      "Total Cost": 45479.1,
                      "Plan Rows": 713,
                      "Plan Width": 4,
                      "Actual Startup Time": 55.309,
                      "Actual Total Time": 79.687,
                      "Actual Rows": 738,
                      "Actual Loops": 5,
                      "Filter": "((kind_id = 1) AND (production_year = 1964))",
                      "Rows Removed by Filter": 504924
                    },
                    {
                      "Node Type": "Index Only Scan",
                      "Parent Relationship": "Inner",
                      "Parallel Aware": false,
                      "Scan Direction": "Forward",
                      "Index Name": "movie_id_movie_keyword",
                      "Relation Name": "movie_keyword",
                      "Alias": "mk",
                      "Startup Cost": 0.43,
                      "Total Cost": 8.78,
                      "Plan Rows": 45,
                      "Plan Width": 4,
                      "Actual Startup Time": 0.01,
                      "Actual Total Time": 0.011,
                      "Actual Rows": 4,
                      "Actual Loops": 3692,
                      "Index Cond": "(movie_id = t.id)",
                      "Rows Removed by Index Recheck": 0,
                      "Heap Fetches": 15839
                    }
                  ]
                }
              ]
            }
          ]
        }
      ]
    },
    "Planning Time": 0.651,
    "Triggers": [],
    "Execution Time": 109.583
  }
]