{
  "Plan": {
    "Node Type": "Aggregate",
    "Strategy": "Plain",
    "Partial Mode": "Finalize",
    "Parallel Aware": false,
    "Startup Cost": 48238.75,
    "Total Cost": 48238.76,
    "Plan Rows": 1,
    "Plan Width": 8,
    "Actual Startup Time": 55.771,
    "Actual Total Time": 62.379,
    "Actual Rows": 1,
    "Actual Loops": 1,
    "Plans": [
      {
        "Node Type": "Gather",
        "Parent Relationship": "Outer",
        "Parallel Aware": false,
        "Startup Cost": 48238.64,
        "Total Cost": 48238.75,
        "Plan Rows": 1,
        "Plan Width": 8,
        "Actual Startup Time": 55.571,
        "Actual Total Time": 62.373,
        "Actual Rows": 2,
        "Actual Loops": 1,
        "Workers Planned": 1,
        "Workers Launched": 1,
        "Single Copy": false,
        "Plans": [
          {
            "Node Type": "Aggregate",
            "Strategy": "Plain",
            "Partial Mode": "Partial",
            "Parent Relationship": "Outer",
            "Parallel Aware": false,
            "Startup Cost": 47238.64,
            "Total Cost": 47238.65,
            "Plan Rows": 1,
            "Plan Width": 8,
            "Actual Startup Time": 49.537,
            "Actual Total Time": 49.538,
            "Actual Rows": 1,
            "Actual Loops": 2,
            "Plans": [
              {
                "Node Type": "Nested Loop",
                "Parent Relationship": "Outer",
                "Parallel Aware": false,
                "Join Type": "Inner",
                "Startup Cost": 308.26,
                "Total Cost": 47236.19,
                "Plan Rows": 978,
                "Plan Width": 0,
                "Actual Startup Time": 3.965,
                "Actual Total Time": 48.727,
                "Actual Rows": 6474,
                "Actual Loops": 2,
                "Inner Unique": true,
                "Plans": [
                  {
                    "Node Type": "Bitmap Heap Scan",
                    "Parent Relationship": "Outer",
                    "Parallel Aware": true,
                    "Relation Name": "movie_companies",
                    "Alias": "mc",
                    "Startup Cost": 307.83,
                    "Total Cost": 18719.41,
                    "Plan Rows": 4080,
                    "Plan Width": 4,
                    "Actual Startup Time": 3.831,
                    "Actual Total Time": 12.265,
                    "Actual Rows": 6474,
                    "Actual Loops": 2,
                    "Recheck Cond": "(company_id = 11137)",
                    "Rows Removed by Index Recheck": 0,
                    "Filter": "(company_type_id < 2)",
                    "Rows Removed by Filter": 0,
                    "Exact Heap Blocks": 2856,
                    "Lossy Heap Blocks": 0,
                    "Plans": [
                      {
                        "Node Type": "Bitmap Index Scan",
                        "Parent Relationship": "Outer",
                        "Parallel Aware": false,
                        "Index Name": "company_id_movie_companies",
                        "Startup Cost": 0.0,
                        "Total Cost": 306.1,
                        "Plan Rows": 14089,
                        "Plan Width": 0,
                        "Actual Startup Time": 5.623,
                        "Actual Total Time": 5.623,
                        "Actual Rows": 12948,
                        "Actual Loops": 1,
                        "Index Cond": "(company_id = 11137)"
                      }
                    ]
                  },
                  {
                    "Node Type": "Index Scan",
                    "Parent Relationship": "Inner",
                    "Parallel Aware": false,
                    "Scan Direction": "Forward",
                    "Index Name": "title_pkey",
                    "Relation Name": "title",
                    "Alias": "t",
                    "Startup Cost": 0.43,
                    "Total Cost": 6.99,
                    "Plan Rows": 1,
                    "Plan Width": 4,
                    "Actual Startup Time": 0.005,
                    "Actual Total Time": 0.005,
                    "Actual Rows": 1,
                    "Actual Loops": 12948,
                    "Index Cond": "(id = mc.movie_id)",
                    "Rows Removed by Index Recheck": 0,
                    "Filter": "((kind_id < 7) AND (production_year < 2007))",
                    "Rows Removed by Filter": 0
                  }
                ]
              }
            ]
          }
        ]
      }
    ]
  },
  "Planning Time": 0.507,
  "Triggers": [],
  "Execution Time": 62.469
}