[
  {
    "Plan": {
      "Node Type": "Aggregate",
      "Strategy": "Plain",
      "Partial Mode": "Finalize",
      "Parallel Aware": false,
      "Startup Cost": 131678.37,
      "Total Cost": 131678.38,
      "Plan Rows": 1,
      "Plan Width": 8,
      "Actual Startup Time": 573.924,
      "Actual Total Time": 593.799,
      "Actual Rows": 1,
      "Actual Loops": 1,
      "Plans": [
        {
          "Node Type": "Gather",
          "Parent Relationship": "Outer",
          "Parallel Aware": false,
          "Startup Cost": 131678.05,
          "Total Cost": 131678.36,
          "Plan Rows": 3,
          "Plan Width": 8,
          "Actual Startup Time": 560.107,
          "Actual Total Time": 593.791,
          "Actual Rows": 4,
          "Actual Loops": 1,
          "Workers Planned": 3,
          "Workers Launched": 3,
          "Single Copy": false,
          "Plans": [
            {
              "Node Type": "Aggregate",
              "Strategy": "Plain",
              "Partial Mode": "Partial",
              "Parent Relationship": "Outer",
              "Parallel Aware": false,
              "Startup Cost": 130678.05,
              "Total Cost": 130678.06,
              "Plan Rows": 1,
              "Plan Width": 8,
              "Actual Startup Time": 554.267,
              "Actual Total Time": 554.273,
              "Actual Rows": 1,
              "Actual Loops": 4,
              "Plans": [
                {
                  "Node Type": "Hash Join",
                  "Parent Relationship": "Outer",
                  "Parallel Aware": true,
                  "Join Type": "Inner",
                  "Startup Cost": 82457.39,
                  "Total Cost": 130255.32,
                  "Plan Rows": 169092,
                  "Plan Width": 0,
                  "Actual Startup Time": 373.676,
                  "Actual Total Time": 536.079,
                  "Actual Rows": 439024,
                  "Actual Loops": 4,
                  "Inner Unique": false,
                  "Hash Cond": "(mk.movie_id = t.id)",
                  "Plans": [
                    {
                      "Node Type": "Seq Scan",
                      "Parent Relationship": "Outer",
                      "Parallel Aware": true,
                      "Relation Name": "movie_keyword",
                      "Alias": "mk",
                      "Startup Cost": 0.0,
                      "Total Cost": 42695.65,
                      "Plan Rows": 1215155,
                      "Plan Width": 4,
                      "Actual Startup Time": 0.064,
                      "Actual Total Time": 105.206,
                      "Actual Rows": 941646,
                      "Actual Loops": 4,
                      "Filter": "(keyword_id > 702)",
                      "Rows Removed by Filter": 189336
                    },
                    {
                      "Node Type": "Hash",
                      "Parent Relationship": "Inner",
                      "Parallel Aware": true,
                      "Startup Cost": 81038.7,
                      "Total Cost": 81038.7,
                      "Plan Rows": 113495,
                      "Plan Width": 8,
                      "Actual Startup Time": 338.221,
                      "Actual Total Time": 338.225,
                      "Actual Rows": 29550,
                      "Actual Loops": 4,
                      "Hash Buckets": 524288,
                      "Original Hash Buckets": 524288,
                      "Hash Batches": 1,
                      "Original Hash Batches": 1,
                      "Peak Memory Usage": 8736,
                      "Plans": [
                        {
                          "Node Type": "Hash Join",
                          "Parent Relationship": "Outer",
                          "Parallel Aware": true,
                          "Join Type": "Inner",
                          "Startup Cost": 49177.93,
                          "Total Cost": 81038.7,
                          "Plan Rows": 113495,
                          "Plan Width": 8,
                          "Actual Startup Time": 257.699,
                          "Actual Total Time": 329.722,
                          "Actual Rows": 29550,
                          "Actual Loops": 4,
                          "Inner Unique": true,
                          "Hash Cond": "(mc.movie_id = t.id)",
                          "Plans": [
                            {
                              "Node Type": "Seq Scan",
                              "Parent Relationship": "Outer",
                              "Parallel Aware": true,
                              "Relation Name": "movie_companies",
                              "Alias": "mc",
                              "Startup Cost": 0.0,
                              "Total Cost": 31414.82,
                              "Plan Rows": 169886,
                              "Plan Width": 4,
                              "Actual Startup Time": 9.333,
                              "Actual Total Time": 59.36,
                              "Actual Rows": 57174,
                              "Actual Loops": 4,
                              "Filter": "((company_id > 14536) AND (company_type_id = 1))",
                              "Rows Removed by Filter": 595108
                            },
                            {
                              "Node Type": "Hash",
                              "Parent Relationship": "Inner",
                              "Parallel Aware": true,
                              "Startup Cost": 43899.32,
                              "Total Cost": 43899.32,
                              "Plan Rows": 422289,
                              "Plan Width": 4,
                              "Actual Startup Time": 245.263,
                              "Actual Total Time": 245.264,
                              "Actual Rows": 418385,
                              "Actual Loops": 4,
                              "Hash Buckets": 2097152,
                              "Original Hash Buckets": 2097152,
                              "Hash Batches": 1,
                              "Original Hash Batches": 1,
                              "Peak Memory Usage": 81920,
                              "Plans": [
                                {
                                  "Node Type": "Seq Scan",
                                  "Parent Relationship": "Outer",
                                  "Parallel Aware": true,
                                  "Relation Name": "title",
                                  "Alias": "t",
                                  "Startup Cost": 0.0,
                                  "Total Cost": 43899.32,
                                  "Plan Rows": 422289,
                                  "Plan Width": 4,
                                  "Actual Startup Time": 0.042,
                                  "Actual Total Time": 105.702,
                                  "Actual Rows": 418385,
                                  "Actual Loops": 4,
                                  "Filter": "(production_year > 1993)",
                                  "Rows Removed by Filter": 213693
                                }
                              ]
                            }
                          ]
                        }
                      ]
                    }
                  ]
                }
              ]
            }
          ]
        }
      ]
    },
    "Planning Time": 0.441,
    "Triggers": [],
    "Execution Time": 593.844
  }
]