[
  {
    "Plan": {
      "Node Type": "Aggregate",
      "Strategy": "Plain",
      "Partial Mode": "Finalize",
      "Parallel Aware": false,
      "Startup Cost": 129973.54,
      "Total Cost": 129973.55,
      "Plan Rows": 1,
      "Plan Width": 8,
      "Actual Startup Time": 499.502,
      "Actual Total Time": 520.334,
      "Actual Rows": 1,
      "Actual Loops": 1,
      "Plans": [
        {
          "Node Type": "Gather",
          "Parent Relationship": "Outer",
          "Parallel Aware": false,
          "Startup Cost": 129973.23,
          "Total Cost": 129973.54,
          "Plan Rows": 3,
          "Plan Width": 8,
          "Actual Startup Time": 498.142,
          "Actual Total Time": 520.321,
          "Actual Rows": 4,
          "Actual Loops": 1,
          "Workers Planned": 3,
          "Workers Launched": 3,
          "Single Copy": false,
          "Plans": [
            {
              "Node Type": "Aggregate",
              "Strategy": "Plain",
              "Partial Mode": "Partial",
              "Parent Relationship": "Outer",
              "Parallel Aware": false,
              "Startup Cost": 128973.23,
              "Total Cost": 128973.24,
              "Plan Rows": 1,
              "Plan Width": 8,
              "Actual Startup Time": 489.504,
              "Actual Total Time": 489.693,
              "Actual Rows": 1,
              "Actual Loops": 4,
              "Plans": [
                {
                  "Node Type": "Hash Join",
                  "Parent Relationship": "Outer",
                  "Parallel Aware": true,
                  "Join Type": "Inner",
                  "Startup Cost": 80876.03,
                  "Total Cost": 128556.22,
                  "Plan Rows": 166801,
                  "Plan Width": 0,
                  "Actual Startup Time": 303.594,
                  "Actual Total Time": 472.234,
                  "Actual Rows": 439024,
                  "Actual Loops": 4,
                  "Inner Unique": false,
                  "Hash Cond": "(mk.movie_id = t.id)",
                  "Plans": [
                    {
                      "Node Type": "Seq Scan",
                      "Parent Relationship": "Outer",
                      "Parallel Aware": true,
                      "Relation Name": "movie_keyword",
                      "Alias": "mk",
                      "Startup Cost": 0.0,
                      "Total Cost": 42695.65,
                      "Plan Rows": 1218010,
                      "Plan Width": 4,
                      "Actual Startup Time": 0.053,
                      "Actual Total Time": 107.866,
                      "Actual Rows": 941646,
                      "Actual Loops": 4,
                      "Filter": "(keyword_id > 702)",
                      "Rows Removed by Filter": 189336
                    },
                    {
                      "Node Type": "Hash",
                      "Parent Relationship": "Inner",
                      "Parallel Aware": true,
                      "Startup Cost": 79794.03,
                      "Total Cost": 79794.03,
                      "Plan Rows": 86560,
                      "Plan Width": 8,
                      "Actual Startup Time": 265.915,
                      "Actual Total Time": 266.101,
                      "Actual Rows": 29550,
                      "Actual Loops": 4,
                      "Hash Buckets": 524288,
                      "Original Hash Buckets": 524288,
                      "Hash Batches": 1,
                      "Original Hash Batches": 1,
                      "Peak Memory Usage": 8800,
                      "Plans": [
                        {
                          "Node Type": "Hash Join",
                          "Parent Relationship": "Outer",
                          "Parallel Aware": true,
                          "Join Type": "Inner",
                          "Startup Cost": 33518.24,
                          "Total Cost": 79794.03,
                          "Plan Rows": 86560,
                          "Plan Width": 8,
                          "Actual Startup Time": 189.331,
                          "Actual Total Time": 255.955,
                          "Actual Rows": 29550,
                          "Actual Loops": 4,
                          "Inner Unique": false,
                          "Hash Cond": "(t.id = mc.movie_id)",
                          "Plans": [
                            {
                              "Node Type": "Seq Scan",
                              "Parent Relationship": "Outer",
                              "Parallel Aware": true,
                              "Relation Name": "title",
                              "Alias": "t",
                              "Startup Cost": 0.0,
                              "Total Cost": 43898.92,
                              "Plan Rows": 419531,
                              "Plan Width": 4,
                              "Actual Startup Time": 0.017,
                              "Actual Total Time": 88.967,
                              "Actual Rows": 418385,
                              "Actual Loops": 4,
                              "Filter": "(production_year > 1993)",
                              "Rows Removed by Filter": 213693
                            },
                            {
                              "Node Type": "Hash",
                              "Parent Relationship": "Inner",
                              "Parallel Aware": true,
                              "Startup Cost": 31414.82,
                              "Total Cost": 31414.82,
                              "Plan Rows": 168274,
                              "Plan Width": 4,
                              "Actual Startup Time": 97.055,
                              "Actual Total Time": 97.056,
                              "Actual Rows": 57174,
                              "Actual Loops": 4,
                              "Hash Buckets": 524288,
                              "Original Hash Buckets": 524288,
                              "Hash Batches": 1,
                              "Original Hash Batches": 1,
                              "Peak Memory Usage": 13120,
                              "Plans": [
                                {
                                  "Node Type": "Seq Scan",
                                  "Parent Relationship": "Outer",
                                  "Parallel Aware": true,
                                  "Relation Name": "movie_companies",
                                  "Alias": "mc",
                                  "Startup Cost": 0.0,
                                  "Total Cost": 31414.82,
                                  "Plan Rows": 168274,
                                  "Plan Width": 4,
                                  "Actual Startup Time": 21.861,
                                  "Actual Total Time": 74.856,
                                  "Actual Rows": 57174,
                                  "Actual Loops": 4,
                                  "Filter": "((company_id > 14536) AND (company_type_id = 1))",
                                  "Rows Removed by Filter": 595108
                                }
                              ]
                            }
                          ]
                        }
                      ]
                    }
                  ]
                }
              ]
            }
          ]
        }
      ]
    },
    "Planning Time": 1.484,
    "Triggers": [],
    "Execution Time": 520.418
  }
]