[
  {
    "Plan": {
      "Node Type": "Aggregate",
      "Strategy": "Plain",
      "Partial Mode": "Finalize",
      "Parallel Aware": false,
      "Startup Cost": 181051.9,
      "Total Cost": 181051.91,
      "Plan Rows": 1,
      "Plan Width": 8,
      "Actual Startup Time": 102.456,
      "Actual Total Time": 117.1,
      "Actual Rows": 1,
      "Actual Loops": 1,
      "Plans": [
        {
          "Node Type": "Gather",
          "Parent Relationship": "Outer",
          "Parallel Aware": false,
          "Startup Cost": 181051.48,
          "Total Cost": 181051.89,
          "Plan Rows": 4,
          "Plan Width": 8,
          "Actual Startup Time": 102.167,
          "Actual Total Time": 117.089,
          "Actual Rows": 5,
          "Actual Loops": 1,
          "Workers Planned": 4,
          "Workers Launched": 4,
          "Single Copy": false,
          "Plans": [
            {
              "Node Type": "Aggregate",
              "Strategy": "Plain",
              "Partial Mode": "Partial",
              "Parent Relationship": "Outer",
              "Parallel Aware": false,
              "Startup Cost": 180051.48,
              "Total Cost": 180051.49,
              "Plan Rows": 1,
              "Plan Width": 8,
              "Actual Startup Time": 95.047,
              "Actual Total Time": 95.049,
              "Actual Rows": 1,
              "Actual Loops": 5,
              "Plans": [
                {
                  "Node Type": "Nested Loop",
                  "Parent Relationship": "Outer",
                  "Parallel Aware": false,
                  "Join Type": "Inner",
                  "Startup Cost": 0.56,
                  "Total Cost": 180026.62,
                  "Plan Rows": 9941,
                  "Plan Width": 0,
                  "Actual Startup Time": 55.194,
                  "Actual Total Time": 94.919,
                  "Actual Rows": 1171,
                  "Actual Loops": 5,
                  "Inner Unique": false,
                  "Plans": [
                    {
                      "Node Type": "Seq Scan",
                      "Parent Relationship": "Outer",
                      "Parallel Aware": true,
                      "Relation Name": "title",
                      "Alias": "t",
                      "Startup Cost": 0.0,
                      "Total Cost": 43899.32,
                      "Plan Rows": 1243,
                      "Plan Width": 4,
                      "Actual Startup Time": 55.011,
                      "Actual Total Time": 78.095,
                      "Actual Rows": 919,
                      "Actual Loops": 5,
                      "Filter": "(production_year = 1910)",
                      "Rows Removed by Filter": 504743
                    },
                    {
                      "Node Type": "Index Scan",
                      "Parent Relationship": "Inner",
                      "Parallel Aware": false,
                      "Scan Direction": "Forward",
                      "Index Name": "movie_id_cast_info",
                      "Relation Name": "cast_info",
                      "Alias": "ci",
                      "Startup Cost": 0.56,
                      "Total Cost": 109.33,
                      "Plan Rows": 19,
                      "Plan Width": 4,
                      "Actual Startup Time": 0.012,
                      "Actual Total Time": 0.018,
                      "Actual Rows": 1,
                      "Actual Loops": 4597,
                      "Index Cond": "(movie_id = t.id)",
                      "Rows Removed by Index Recheck": 0,
                      "Filter": "(role_id < 3)",
                      "Rows Removed by Filter": 1
                    }
                  ]
                }
              ]
            }
          ]
        }
      ]
    },
    "Planning Time": 0.335,
    "Triggers": [],
    "Execution Time": 117.144
  }
]