{
    "Plan": {
        "Node Type": "Aggregate",
        "Strategy": "Plain",
        "Partial Mode": "Finalize",
        "Parallel Aware": false,
        "Startup Cost": 285903.99,
        "Total Cost": 285904.0,
        "Plan Rows": 1,
        "Plan Width": 8,
        "Actual Startup Time": 813.204,
        "Actual Total Time": 857.366,
        "Actual Rows": 1,
        "Actual Loops": 1,
        "Output": [
            "count(*)"
        ],
        "Plans": [
            {
                "Node Type": "Gather",
                "Parent Relationship": "Outer",
                "Parallel Aware": false,
                "Startup Cost": 285903.47,
                "Total Cost": 285903.98,
                "Plan Rows": 5,
                "Plan Width": 8,
                "Actual Startup Time": 806.653,
                "Actual Total Time": 857.355,
                "Actual Rows": 6,
                "Actual Loops": 1,
                "Output": [
                    "(PARTIAL count(*))"
                ],
                "Workers Planned": 5,
                "Workers Launched": 5,
                "Single Copy": false,
                "Plans": [
                    {
                        "Node Type": "Aggregate",
                        "Strategy": "Plain",
                        "Partial Mode": "Partial",
                        "Parent Relationship": "Outer",
                        "Parallel Aware": false,
                        "Startup Cost": 284903.47,
                        "Total Cost": 284903.48,
                        "Plan Rows": 1,
                        "Plan Width": 8,
                        "Actual Startup Time": 796.094,
                        "Actual Total Time": 796.307,
                        "Actual Rows": 1,
                        "Actual Loops": 6,
                        "Output": [
                            "PARTIAL count(*)"
                        ],
                        "Workers": [
                            {
                                "Worker Number": 0,
                                "Actual Startup Time": 793.748,
                                "Actual Total Time": 793.754,
                                "Actual Rows": 1,
                                "Actual Loops": 1
                            },
                            {
                                "Worker Number": 1,
                                "Actual Startup Time": 794.586,
                                "Actual Total Time": 794.592,
                                "Actual Rows": 1,
                                "Actual Loops": 1
                            },
                            {
                                "Worker Number": 2,
                                "Actual Startup Time": 793.896,
                                "Actual Total Time": 793.902,
                                "Actual Rows": 1,
                                "Actual Loops": 1
                            },
                            {
                                "Worker Number": 3,
                                "Actual Startup Time": 794.062,
                                "Actual Total Time": 794.068,
                                "Actual Rows": 1,
                                "Actual Loops": 1
                            },
                            {
                                "Worker Number": 4,
                                "Actual Startup Time": 794.539,
                                "Actual Total Time": 794.545,
                                "Actual Rows": 1,
                                "Actual Loops": 1
                            }
                        ],
                        "Plans": [
                            {
                                "Node Type": "Hash Join",
                                "Parent Relationship": "Outer",
                                "Parallel Aware": true,
                                "Join Type": "Inner",
                                "Startup Cost": 82593.94,
                                "Total Cost": 284536.21,
                                "Plan Rows": 146902,
                                "Plan Width": 0,
                                "Actual Startup Time": 379.499,
                                "Actual Total Time": 791.885,
                                "Actual Rows": 82097,
                                "Actual Loops": 6,
                                "Inner Unique": false,
                                "Hash Cond": "(mi.movie_id = t.id)",
                                "Workers": [
                                    {
                                        "Worker Number": 0,
                                        "Actual Startup Time": 377.45,
                                        "Actual Total Time": 788.998,
                                        "Actual Rows": 67387,
                                        "Actual Loops": 1
                                    },
                                    {
                                        "Worker Number": 1,
                                        "Actual Startup Time": 377.404,
                                        "Actual Total Time": 789.794,
                                        "Actual Rows": 67713,
                                        "Actual Loops": 1
                                    },
                                    {
                                        "Worker Number": 2,
                                        "Actual Startup Time": 377.355,
                                        "Actual Total Time": 789.77,
                                        "Actual Rows": 94187,
                                        "Actual Loops": 1
                                    },
                                    {
                                        "Worker Number": 3,
                                        "Actual Startup Time": 377.577,
                                        "Actual Total Time": 789.885,
                                        "Actual Rows": 94710,
                                        "Actual Loops": 1
                                    },
                                    {
                                        "Worker Number": 4,
                                        "Actual Startup Time": 378.023,
                                        "Actual Total Time": 789.963,
                                        "Actual Rows": 64393,
                                        "Actual Loops": 1
                                    }
                                ],
                                "Plans": [
                                    {
                                        "Node Type": "Seq Scan",
                                        "Parent Relationship": "Outer",
                                        "Parallel Aware": true,
                                        "Relation Name": "movie_info",
                                        "Schema": "public",
                                        "Alias": "mi",
                                        "Startup Cost": 0.0,
                                        "Total Cost": 198880.74,
                                        "Plan Rows": 718477,
                                        "Plan Width": 4,
                                        "Actual Startup Time": 31.046,
                                        "Actual Total Time": 334.536,
                                        "Actual Rows": 604163,
                                        "Actual Loops": 6,
                                        "Output": [
                                            "mi.id",
                                            "mi.movie_id",
                                            "mi.info_type_id",
                                            "mi.info",
                                            "mi.note"
                                        ],
                                        "Filter": "(mi.info_type_id < 4)",
                                        "Rows Removed by Filter": 1868457,
                                        "Workers": [
                                            {
                                                "Worker Number": 0,
                                                "Actual Startup Time": 30.993,
                                                "Actual Total Time": 338.569,
                                                "Actual Rows": 478772,
                                                "Actual Loops": 1
                                            },
                                            {
                                                "Worker Number": 1,
                                                "Actual Startup Time": 31.067,
                                                "Actual Total Time": 338.652,
                                                "Actual Rows": 481399,
                                                "Actual Loops": 1
                                            },
                                            {
                                                "Worker Number": 2,
                                                "Actual Startup Time": 31.051,
                                                "Actual Total Time": 334.42,
                                                "Actual Rows": 704032,
                                                "Actual Loops": 1
                                            },
                                            {
                                                "Worker Number": 3,
                                                "Actual Startup Time": 31.065,
                                                "Actual Total Time": 334.965,
                                                "Actual Rows": 711693,
                                                "Actual Loops": 1
                                            },
                                            {
                                                "Worker Number": 4,
                                                "Actual Startup Time": 31.057,
                                                "Actual Total Time": 336.134,
                                                "Actual Rows": 466064,
                                                "Actual Loops": 1
                                            }
                                        ]
                                    },
                                    {
                                        "Node Type": "Hash",
                                        "Parent Relationship": "Inner",
                                        "Parallel Aware": true,
                                        "Startup Cost": 80978.47,
                                        "Total Cost": 80978.47,
                                        "Plan Rows": 129237,
                                        "Plan Width": 8,
                                        "Actual Startup Time": 345.837,
                                        "Actual Total Time": 346.049,
                                        "Actual Rows": 51551,
                                        "Actual Loops": 6,
                                        "Output": [
                                            "t.id",
                                            "mc.movie_id"
                                        ],
                                        "Hash Buckets": 524288,
                                        "Original Hash Buckets": 524288,
                                        "Hash Batches": 1,
                                        "Original Hash Batches": 1,
                                        "Peak Memory Usage": 16320,
                                        "Workers": [
                                            {
                                                "Worker Number": 0,
                                                "Actual Startup Time": 345.409,
                                                "Actual Total Time": 345.413,
                                                "Actual Rows": 42565,
                                                "Actual Loops": 1
                                            },
                                            {
                                                "Worker Number": 1,
                                                "Actual Startup Time": 345.579,
                                                "Actual Total Time": 345.583,
                                                "Actual Rows": 42688,
                                                "Actual Loops": 1
                                            },
                                            {
                                                "Worker Number": 2,
                                                "Actual Startup Time": 345.587,
                                                "Actual Total Time": 345.591,
                                                "Actual Rows": 56858,
                                                "Actual Loops": 1
                                            },
                                            {
                                                "Worker Number": 3,
                                                "Actual Startup Time": 345.79,
                                                "Actual Total Time": 345.794,
                                                "Actual Rows": 58054,
                                                "Actual Loops": 1
                                            },
                                            {
                                                "Worker Number": 4,
                                                "Actual Startup Time": 346.313,
                                                "Actual Total Time": 346.318,
                                                "Actual Rows": 42693,
                                                "Actual Loops": 1
                                            }
                                        ],
                                        "Plans": [
                                            {
                                                "Node Type": "Hash Join",
                                                "Parent Relationship": "Outer",
                                                "Parallel Aware": true,
                                                "Join Type": "Inner",
                                                "Startup Cost": 34583.67,
                                                "Total Cost": 80978.47,
                                                "Plan Rows": 129237,
                                                "Plan Width": 8,
                                                "Actual Startup Time": 144.161,
                                                "Actual Total Time": 325.066,
                                                "Actual Rows": 51551,
                                                "Actual Loops": 6,
                                                "Output": [
                                                    "t.id",
                                                    "mc.movie_id"
                                                ],
                                                "Inner Unique": false,
                                                "Hash Cond": "(t.id = mc.movie_id)",
                                                "Workers": [
                                                    {
                                                        "Worker Number": 0,
                                                        "Actual Startup Time": 143.799,
                                                        "Actual Total Time": 325.499,
                                                        "Actual Rows": 42565,
                                                        "Actual Loops": 1
                                                    },
                                                    {
                                                        "Worker Number": 1,
                                                        "Actual Startup Time": 144.048,
                                                        "Actual Total Time": 324.295,
                                                        "Actual Rows": 42688,
                                                        "Actual Loops": 1
                                                    },
                                                    {
                                                        "Worker Number": 2,
                                                        "Actual Startup Time": 143.835,
                                                        "Actual Total Time": 326.31,
                                                        "Actual Rows": 56858,
                                                        "Actual Loops": 1
                                                    },
                                                    {
                                                        "Worker Number": 3,
                                                        "Actual Startup Time": 144.082,
                                                        "Actual Total Time": 325.196,
                                                        "Actual Rows": 58054,
                                                        "Actual Loops": 1
                                                    },
                                                    {
                                                        "Worker Number": 4,
                                                        "Actual Startup Time": 144.548,
                                                        "Actual Total Time": 324.76,
                                                        "Actual Rows": 42693,
                                                        "Actual Loops": 1
                                                    }
                                                ],
                                                "Plans": [
                                                    {
                                                        "Node Type": "Seq Scan",
                                                        "Parent Relationship": "Outer",
                                                        "Parallel Aware": true,
                                                        "Relation Name": "title",
                                                        "Schema": "public",
                                                        "Alias": "t",
                                                        "Startup Cost": 0.0,
                                                        "Total Cost": 43899.01,
                                                        "Plan Rows": 415782,
                                                        "Plan Width": 4,
                                                        "Actual Startup Time": 0.03,
                                                        "Actual Total Time": 77.395,
                                                        "Actual Rows": 279016,
                                                        "Actual Loops": 6,
                                                        "Output": [
                                                            "t.id",
                                                            "t.title",
                                                            "t.imdb_index",
                                                            "t.kind_id",
                                                            "t.production_year",
                                                            "t.imdb_id",
                                                            "t.phonetic_code",
                                                            "t.episode_of_id",
                                                            "t.season_nr",
                                                            "t.episode_nr",
                                                            "t.series_years",
                                                            "t.md5sum"
                                                        ],
                                                        "Filter": "(t.kind_id > 3)",
                                                        "Rows Removed by Filter": 142369,
                                                        "Workers": [
                                                            {
                                                                "Worker Number": 0,
                                                                "Actual Startup Time": 0.028,
                                                                "Actual Total Time": 82.39,
                                                                "Actual Rows": 230883,
                                                                "Actual Loops": 1
                                                            },
                                                            {
                                                                "Worker Number": 1,
                                                                "Actual Startup Time": 0.047,
                                                                "Actual Total Time": 82.087,
                                                                "Actual Rows": 232135,
                                                                "Actual Loops": 1
                                                            },
                                                            {
                                                                "Worker Number": 2,
                                                                "Actual Startup Time": 0.025,
                                                                "Actual Total Time": 77.851,
                                                                "Actual Rows": 310313,
                                                                "Actual Loops": 1
                                                            },
                                                            {
                                                                "Worker Number": 3,
                                                                "Actual Startup Time": 0.032,
                                                                "Actual Total Time": 77.426,
                                                                "Actual Rows": 312085,
                                                                "Actual Loops": 1
                                                            },
                                                            {
                                                                "Worker Number": 4,
                                                                "Actual Startup Time": 0.044,
                                                                "Actual Total Time": 82.546,
                                                                "Actual Rows": 230679,
                                                                "Actual Loops": 1
                                                            }
                                                        ]
                                                    },
                                                    {
                                                        "Node Type": "Hash",
                                                        "Parent Relationship": "Inner",
                                                        "Parallel Aware": true,
                                                        "Startup Cost": 31414.82,
                                                        "Total Cost": 31414.82,
                                                        "Plan Rows": 253508,
                                                        "Plan Width": 4,
                                                        "Actual Startup Time": 141.891,
                                                        "Actual Total Time": 141.892,
                                                        "Actual Rows": 167084,
                                                        "Actual Loops": 6,
                                                        "Output": [
                                                            "mc.movie_id"
                                                        ],
                                                        "Hash Buckets": 1048576,
                                                        "Original Hash Buckets": 1048576,
                                                        "Hash Batches": 1,
                                                        "Original Hash Batches": 1,
                                                        "Peak Memory Usage": 47520,
                                                        "Workers": [
                                                            {
                                                                "Worker Number": 0,
                                                                "Actual Startup Time": 143.538,
                                                                "Actual Total Time": 143.539,
                                                                "Actual Rows": 134610,
                                                                "Actual Loops": 1
                                                            },
                                                            {
                                                                "Worker Number": 1,
                                                                "Actual Startup Time": 143.603,
                                                                "Actual Total Time": 143.604,
                                                                "Actual Rows": 136842,
                                                                "Actual Loops": 1
                                                            },
                                                            {
                                                                "Worker Number": 2,
                                                                "Actual Startup Time": 143.62,
                                                                "Actual Total Time": 143.622,
                                                                "Actual Rows": 196527,
                                                                "Actual Loops": 1
                                                            },
                                                            {
                                                                "Worker Number": 3,
                                                                "Actual Startup Time": 143.901,
                                                                "Actual Total Time": 143.903,
                                                                "Actual Rows": 200627,
                                                                "Actual Loops": 1
                                                            },
                                                            {
                                                                "Worker Number": 4,
                                                                "Actual Startup Time": 144.419,
                                                                "Actual Total Time": 144.421,
                                                                "Actual Rows": 130266,
                                                                "Actual Loops": 1
                                                            }
                                                        ],
                                                        "Plans": [
                                                            {
                                                                "Node Type": "Seq Scan",
                                                                "Parent Relationship": "Outer",
                                                                "Parallel Aware": true,
                                                                "Relation Name": "movie_companies",
                                                                "Schema": "public",
                                                                "Alias": "mc",
                                                                "Startup Cost": 0.0,
                                                                "Total Cost": 31414.82,
                                                                "Plan Rows": 253508,
                                                                "Plan Width": 4,
                                                                "Actual Startup Time": 42.932,
                                                                "Actual Total Time": 76.887,
                                                                "Actual Rows": 167084,
                                                                "Actual Loops": 6,
                                                                "Output": [
                                                                    "mc.movie_id"
                                                                ],
                                                                "Filter": "((mc.company_id > 6475) AND (mc.company_type_id > 1))",
                                                                "Rows Removed by Filter": 267770,
                                                                "Workers": [
                                                                    {
                                                                        "Worker Number": 0,
                                                                        "Actual Startup Time": 42.882,
                                                                        "Actual Total Time": 78.689,
                                                                        "Actual Rows": 134610,
                                                                        "Actual Loops": 1
                                                                    },
                                                                    {
                                                                        "Worker Number": 1,
                                                                        "Actual Startup Time": 42.9,
                                                                        "Actual Total Time": 79.224,
                                                                        "Actual Rows": 136842,
                                                                        "Actual Loops": 1
                                                                    },
                                                                    {
                                                                        "Worker Number": 2,
                                                                        "Actual Startup Time": 42.938,
                                                                        "Actual Total Time": 76.585,
                                                                        "Actual Rows": 196527,
                                                                        "Actual Loops": 1
                                                                    },
                                                                    {
                                                                        "Worker Number": 3,
                                                                        "Actual Startup Time": 42.902,
                                                                        "Actual Total Time": 76.712,
                                                                        "Actual Rows": 200627,
                                                                        "Actual Loops": 1
                                                                    },
                                                                    {
                                                                        "Worker Number": 4,
                                                                        "Actual Startup Time": 42.959,
                                                                        "Actual Total Time": 78.003,
                                                                        "Actual Rows": 130266,
                                                                        "Actual Loops": 1
                                                                    }
                                                                ]
                                                            }
                                                        ]
                                                    }
                                                ]
                                            }
                                        ]
                                    }
                                ]
                            }
                        ]
                    }
                ]
            }
        ]
    },
    "Planning Time": 1.805,
    "Triggers": [],
    "Execution Time": 857.463
}