[
  {
    "Plan": {
      "Node Type": "Aggregate",
      "Strategy": "Plain",
      "Partial Mode": "Finalize",
      "Parallel Aware": false,
      "Startup Cost": 212586.86,
      "Total Cost": 212586.87,
      "Plan Rows": 1,
      "Plan Width": 8,
      "Actual Startup Time": 554.509,
      "Actual Total Time": 584.648,
      "Actual Rows": 1,
      "Actual Loops": 1,
      "Plans": [
        {
          "Node Type": "Gather",
          "Parent Relationship": "Outer",
          "Parallel Aware": false,
          "Startup Cost": 212586.44,
          "Total Cost": 212586.85,
          "Plan Rows": 4,
          "Plan Width": 8,
          "Actual Startup Time": 552.531,
          "Actual Total Time": 584.635,
          "Actual Rows": 5,
          "Actual Loops": 1,
          "Workers Planned": 4,
          "Workers Launched": 4,
          "Single Copy": false,
          "Plans": [
            {
              "Node Type": "Aggregate",
              "Strategy": "Plain",
              "Partial Mode": "Partial",
              "Parent Relationship": "Outer",
              "Parallel Aware": false,
              "Startup Cost": 211586.44,
              "Total Cost": 211586.45,
              "Plan Rows": 1,
              "Plan Width": 8,
              "Actual Startup Time": 544.156,
              "Actual Total Time": 544.16,
              "Actual Rows": 1,
              "Actual Loops": 5,
              "Plans": [
                {
                  "Node Type": "Nested Loop",
                  "Parent Relationship": "Outer",
                  "Parallel Aware": false,
                  "Join Type": "Inner",
                  "Startup Cost": 17521.4,
                  "Total Cost": 210585.68,
                  "Plan Rows": 400307,
                  "Plan Width": 0,
                  "Actual Startup Time": 79.91,
                  "Actual Total Time": 531.619,
                  "Actual Rows": 242161,
                  "Actual Loops": 5,
                  "Inner Unique": false,
                  "Plans": [
                    {
                      "Node Type": "Hash Join",
                      "Parent Relationship": "Outer",
                      "Parallel Aware": true,
                      "Join Type": "Inner",
                      "Startup Cost": 17520.97,
                      "Total Cost": 64688.43,
                      "Plan Rows": 68176,
                      "Plan Width": 8,
                      "Actual Startup Time": 79.782,
                      "Actual Total Time": 262.242,
                      "Actual Rows": 28371,
                      "Actual Loops": 5,
                      "Inner Unique": false,
                      "Hash Cond": "(t.id = mi_idx.movie_id)",
                      "Plans": [
                        {
                          "Node Type": "Seq Scan",
                          "Parent Relationship": "Outer",
                          "Parallel Aware": true,
                          "Relation Name": "title",
                          "Alias": "t",
                          "Startup Cost": 0.0,
                          "Total Cost": 45479.59,
                          "Plan Rows": 374349,
                          "Plan Width": 4,
                          "Actual Startup Time": 0.021,
                          "Actual Total Time": 85.013,
                          "Actual Rows": 295688,
                          "Actual Loops": 5,
                          "Filter": "((production_year > 0) AND (kind_id = 7))",
                          "Rows Removed by Filter": 209974
                        },
                        {
                          "Node Type": "Hash",
                          "Parent Relationship": "Inner",
                          "Parallel Aware": true,
                          "Startup Cost": 15122.68,
                          "Total Cost": 15122.68,
                          "Plan Rows": 191863,
                          "Plan Width": 4,
                          "Actual Startup Time": 76.758,
                          "Actual Total Time": 76.76,
                          "Actual Rows": 91985,
                          "Actual Loops": 5,
                          "Hash Buckets": 524288,
                          "Original Hash Buckets": 524288,
                          "Hash Batches": 1,
                          "Original Hash Batches": 1,
                          "Peak Memory Usage": 22208,
                          "Plans": [
                            {
                              "Node Type": "Seq Scan",
                              "Parent Relationship": "Outer",
                              "Parallel Aware": true,
                              "Relation Name": "movie_info_idx",
                              "Alias": "mi_idx",
                              "Startup Cost": 0.0,
                              "Total Cost": 15122.68,
                              "Plan Rows": 191863,
                              "Plan Width": 4,
                              "Actual Startup Time": 0.072,
                              "Actual Total Time": 38.775,
                              "Actual Rows": 91985,
                              "Actual Loops": 5,
                              "Filter": "(info_type_id = 100)",
                              "Rows Removed by Filter": 184022
                            }
                          ]
                        }
                      ]
                    },
                    {
                      "Node Type": "Index Only Scan",
                      "Parent Relationship": "Inner",
                      "Parallel Aware": false,
                      "Scan Direction": "Forward",
                      "Index Name": "movie_id_movie_info",
                      "Relation Name": "movie_info",
                      "Alias": "mi",
                      "Startup Cost": 0.43,
                      "Total Cost": 1.73,
                      "Plan Rows": 41,
                      "Plan Width": 4,
                      "Actual Startup Time": 0.004,
                      "Actual Total Time": 0.009,
                      "Actual Rows": 9,
                      "Actual Loops": 141856,
                      "Index Cond": "(movie_id = t.id)",
                      "Rows Removed by Index Recheck": 0,
                      "Heap Fetches": 1210807
                    }
                  ]
                }
              ]
            }
          ]
        }
      ]
    },
    "Planning Time": 1.373,
    "Triggers": [],
    "Execution Time": 584.741
  }
]