[
    {
        "Bao": {
            "Bao prediction": "NaN",
            "Bao recommended hint": "(no hint)"
        }
    },
    {
        "Plan": {
            "Node Type": "Aggregate",
            "Strategy": "Plain",
            "Partial Mode": "Simple",
            "Parallel Aware": false,
            "Startup Cost": 909.31,
            "Total Cost": 909.32,
            "Plan Rows": 1,
            "Plan Width": 8,
            "Actual Startup Time": 9.517,
            "Actual Total Time": 9.519,
            "Actual Rows": 1,
            "Actual Loops": 1,
            "Output": [
                "count(*)"
            ],
            "Plans": [
                {
                    "Node Type": "Bitmap Heap Scan",
                    "Parent Relationship": "Outer",
                    "Parallel Aware": false,
                    "Relation Name": "movie_keyword",
                    "Schema": "public",
                    "Alias": "mk",
                    "Startup Cost": 6.32,
                    "Total Cost": 908.7,
                    "Plan Rows": 244,
                    "Plan Width": 0,
                    "Actual Startup Time": 1.991,
                    "Actual Total Time": 8.984,
                    "Actual Rows": 3598,
                    "Actual Loops": 1,
                    "Recheck Cond": "(mk.keyword_id = 786)",
                    "Rows Removed by Index Recheck": 0,
                    "Exact Heap Blocks": 2943,
                    "Lossy Heap Blocks": 0,
                    "Plans": [
                        {
                            "Node Type": "Bitmap Index Scan",
                            "Parent Relationship": "Outer",
                            "Parallel Aware": false,
                            "Index Name": "keyword_id_movie_keyword",
                            "Startup Cost": 0.0,
                            "Total Cost": 6.26,
                            "Plan Rows": 244,
                            "Plan Width": 0,
                            "Actual Startup Time": 1.012,
                            "Actual Total Time": 1.013,
                            "Actual Rows": 3598,
                            "Actual Loops": 1,
                            "Index Cond": "(mk.keyword_id = 786)"
                        }
                    ]
                }
            ]
        },
        "Planning Time": 173.1,
        "Triggers": [],
        "Execution Time": 9.598
    }
]