[
  {
    "Plan": {
      "Node Type": "Aggregate",
      "Strategy": "Plain",
      "Partial Mode": "Finalize",
      "Parallel Aware": false,
      "Startup Cost": 77090.43,
      "Total Cost": 77090.44,
      "Plan Rows": 1,
      "Plan Width": 8,
      "Actual Startup Time": 303.805,
      "Actual Total Time": 317.744,
      "Actual Rows": 1,
      "Actual Loops": 1,
      "Plans": [
        {
          "Node Type": "Gather",
          "Parent Relationship": "Outer",
          "Parallel Aware": false,
          "Startup Cost": 77090.01,
          "Total Cost": 77090.42,
          "Plan Rows": 4,
          "Plan Width": 8,
          "Actual Startup Time": 300.187,
          "Actual Total Time": 317.732,
          "Actual Rows": 5,
          "Actual Loops": 1,
          "Workers Planned": 4,
          "Workers Launched": 4,
          "Single Copy": false,
          "Plans": [
            {
              "Node Type": "Aggregate",
              "Strategy": "Plain",
              "Partial Mode": "Partial",
              "Parent Relationship": "Outer",
              "Parallel Aware": false,
              "Startup Cost": 76090.01,
              "Total Cost": 76090.02,
              "Plan Rows": 1,
              "Plan Width": 8,
              "Actual Startup Time": 289.565,
              "Actual Total Time": 289.569,
              "Actual Rows": 1,
              "Actual Loops": 5,
              "Plans": [
                {
                  "Node Type": "Hash Join",
                  "Parent Relationship": "Outer",
                  "Parallel Aware": true,
                  "Join Type": "Inner",
                  "Startup Cost": 30068.04,
                  "Total Cost": 75852.98,
                  "Plan Rows": 94812,
                  "Plan Width": 0,
                  "Actual Startup Time": 111.514,
                  "Actual Total Time": 285.792,
                  "Actual Rows": 75324,
                  "Actual Loops": 5,
                  "Inner Unique": false,
                  "Hash Cond": "(t.id = mc.movie_id)",
                  "Plans": [
                    {
                      "Node Type": "Seq Scan",
                      "Parent Relationship": "Outer",
                      "Parallel Aware": true,
                      "Relation Name": "title",
                      "Alias": "t",
                      "Startup Cost": 0.0,
                      "Total Cost": 42318.73,
                      "Plan Rows": 632073,
                      "Plan Width": 4,
                      "Actual Startup Time": 0.012,
                      "Actual Total Time": 69.446,
                      "Actual Rows": 505662,
                      "Actual Loops": 5
                    },
                    {
                      "Node Type": "Hash",
                      "Parent Relationship": "Inner",
                      "Parallel Aware": true,
                      "Startup Cost": 28538.82,
                      "Total Cost": 28538.82,
                      "Plan Rows": 122338,
                      "Plan Width": 4,
                      "Actual Startup Time": 108.712,
                      "Actual Total Time": 108.713,
                      "Actual Rows": 75324,
                      "Actual Loops": 5,
                      "Hash Buckets": 524288,
                      "Original Hash Buckets": 524288,
                      "Hash Batches": 1,
                      "Original Hash Batches": 1,
                      "Peak Memory Usage": 18912,
                      "Plans": [
                        {
                          "Node Type": "Bitmap Heap Scan",
                          "Parent Relationship": "Outer",
                          "Parallel Aware": true,
                          "Relation Name": "movie_companies",
                          "Alias": "mc",
                          "Startup Cost": 8219.59,
                          "Total Cost": 28538.82,
                          "Plan Rows": 122338,
                          "Plan Width": 4,
                          "Actual Startup Time": 29.284,
                          "Actual Total Time": 76.934,
                          "Actual Rows": 75324,
                          "Actual Loops": 5,
                          "Recheck Cond": "(company_id < 225)",
                          "Rows Removed by Index Recheck": 0,
                          "Exact Heap Blocks": 6741,
                          "Lossy Heap Blocks": 0,
                          "Plans": [
                            {
                              "Node Type": "Bitmap Index Scan",
                              "Parent Relationship": "Outer",
                              "Parallel Aware": false,
                              "Index Name": "company_id_movie_companies",
                              "Startup Cost": 0.0,
                              "Total Cost": 8124.78,
                              "Plan Rows": 379247,
                              "Plan Width": 0,
                              "Actual Startup Time": 26.663,
                              "Actual Total Time": 26.663,
                              "Actual Rows": 376622,
                              "Actual Loops": 1,
                              "Index Cond": "(company_id < 225)"
                            }
                          ]
                        }
                      ]
                    }
                  ]
                }
              ]
            }
          ]
        }
      ]
    },
    "Planning Time": 0.595,
    "Triggers": [],
    "Execution Time": 317.85
  }
]