[
    {
        "Bao": {
            "Bao prediction": 454.885,
            "Bao recommended hint": "(no hint)"
        }
    },
    {
        "Plan": {
            "Node Type": "Aggregate",
            "Strategy": "Plain",
            "Partial Mode": "Finalize",
            "Parallel Aware": false,
            "Startup Cost": 33146.7,
            "Total Cost": 33146.71,
            "Plan Rows": 1,
            "Plan Width": 8,
            "Actual Startup Time": 108.145,
            "Actual Total Time": 115.106,
            "Actual Rows": 1,
            "Actual Loops": 1,
            "Output": [
                "count(*)"
            ],
            "Plans": [
                {
                    "Node Type": "Gather",
                    "Parent Relationship": "Outer",
                    "Parallel Aware": false,
                    "Startup Cost": 33146.38,
                    "Total Cost": 33146.69,
                    "Plan Rows": 3,
                    "Plan Width": 8,
                    "Actual Startup Time": 108.025,
                    "Actual Total Time": 115.1,
                    "Actual Rows": 4,
                    "Actual Loops": 1,
                    "Output": [
                        "(PARTIAL count(*))"
                    ],
                    "Workers Planned": 3,
                    "Workers Launched": 3,
                    "Single Copy": false,
                    "Plans": [
                        {
                            "Node Type": "Aggregate",
                            "Strategy": "Plain",
                            "Partial Mode": "Partial",
                            "Parent Relationship": "Outer",
                            "Parallel Aware": false,
                            "Startup Cost": 32146.38,
                            "Total Cost": 32146.39,
                            "Plan Rows": 1,
                            "Plan Width": 8,
                            "Actual Startup Time": 100.332,
                            "Actual Total Time": 100.333,
                            "Actual Rows": 1,
                            "Actual Loops": 4,
                            "Output": [
                                "PARTIAL count(*)"
                            ],
                            "Workers": [
                                {
                                    "Worker Number": 0,
                                    "Actual Startup Time": 97.788,
                                    "Actual Total Time": 97.789,
                                    "Actual Rows": 1,
                                    "Actual Loops": 1
                                },
                                {
                                    "Worker Number": 1,
                                    "Actual Startup Time": 97.889,
                                    "Actual Total Time": 97.89,
                                    "Actual Rows": 1,
                                    "Actual Loops": 1
                                },
                                {
                                    "Worker Number": 2,
                                    "Actual Startup Time": 98.203,
                                    "Actual Total Time": 98.204,
                                    "Actual Rows": 1,
                                    "Actual Loops": 1
                                }
                            ],
                            "Plans": [
                                {
                                    "Node Type": "Seq Scan",
                                    "Parent Relationship": "Outer",
                                    "Parallel Aware": true,
                                    "Relation Name": "movie_companies",
                                    "Schema": "public",
                                    "Alias": "mc",
                                    "Startup Cost": 0.0,
                                    "Total Cost": 31414.82,
                                    "Plan Rows": 292626,
                                    "Plan Width": 0,
                                    "Actual Startup Time": 51.931,
                                    "Actual Total Time": 91.99,
                                    "Actual Rows": 146970,
                                    "Actual Loops": 4,
                                    "Output": [
                                        "id",
                                        "movie_id",
                                        "company_id",
                                        "company_type_id",
                                        "note"
                                    ],
                                    "Filter": "((mc.company_id < 27092) AND (mc.company_type_id > 1))",
                                    "Rows Removed by Filter": 505312,
                                    "Workers": [
                                        {
                                            "Worker Number": 0,
                                            "Actual Startup Time": 49.403,
                                            "Actual Total Time": 89.721,
                                            "Actual Rows": 120052,
                                            "Actual Loops": 1
                                        },
                                        {
                                            "Worker Number": 1,
                                            "Actual Startup Time": 49.488,
                                            "Actual Total Time": 89.783,
                                            "Actual Rows": 120283,
                                            "Actual Loops": 1
                                        },
                                        {
                                            "Worker Number": 2,
                                            "Actual Startup Time": 49.791,
                                            "Actual Total Time": 90.108,
                                            "Actual Rows": 121014,
                                            "Actual Loops": 1
                                        }
                                    ]
                                }
                            ]
                        }
                    ]
                }
            ]
        },
        "Planning Time": 498.271,
        "Triggers": [],
        "Execution Time": 115.184
    }
]