[
  {
    "Plan": {
      "Node Type": "Aggregate",
      "Strategy": "Plain",
      "Partial Mode": "Finalize",
      "Parallel Aware": false,
      "Startup Cost": 108030.73,
      "Total Cost": 108030.74,
      "Plan Rows": 1,
      "Plan Width": 8,
      "Actual Startup Time": 106.897,
      "Actual Total Time": 120.981,
      "Actual Rows": 1,
      "Actual Loops": 1,
      "Plans": [
        {
          "Node Type": "Gather",
          "Parent Relationship": "Outer",
          "Parallel Aware": false,
          "Startup Cost": 108030.31,
          "Total Cost": 108030.72,
          "Plan Rows": 4,
          "Plan Width": 8,
          "Actual Startup Time": 106.767,
          "Actual Total Time": 120.972,
          "Actual Rows": 5,
          "Actual Loops": 1,
          "Workers Planned": 4,
          "Workers Launched": 4,
          "Single Copy": false,
          "Plans": [
            {
              "Node Type": "Aggregate",
              "Strategy": "Plain",
              "Partial Mode": "Partial",
              "Parent Relationship": "Outer",
              "Parallel Aware": false,
              "Startup Cost": 107030.31,
              "Total Cost": 107030.32,
              "Plan Rows": 1,
              "Plan Width": 8,
              "Actual Startup Time": 96.77,
              "Actual Total Time": 96.772,
              "Actual Rows": 1,
              "Actual Loops": 5,
              "Plans": [
                {
                  "Node Type": "Nested Loop",
                  "Parent Relationship": "Outer",
                  "Parallel Aware": false,
                  "Join Type": "Inner",
                  "Startup Cost": 0.43,
                  "Total Cost": 107024.11,
                  "Plan Rows": 2482,
                  "Plan Width": 0,
                  "Actual Startup Time": 61.194,
                  "Actual Total Time": 96.564,
                  "Actual Rows": 1912,
                  "Actual Loops": 5,
                  "Inner Unique": false,
                  "Plans": [
                    {
                      "Node Type": "Seq Scan",
                      "Parent Relationship": "Outer",
                      "Parallel Aware": true,
                      "Relation Name": "title",
                      "Alias": "t",
                      "Startup Cost": 0.0,
                      "Total Cost": 43898.92,
                      "Plan Rows": 452,
                      "Plan Width": 4,
                      "Actual Startup Time": 61.113,
                      "Actual Total Time": 85.019,
                      "Actual Rows": 262,
                      "Actual Loops": 5,
                      "Filter": "(production_year = 1897)",
                      "Rows Removed by Filter": 505401
                    },
                    {
                      "Node Type": "Index Scan",
                      "Parent Relationship": "Inner",
                      "Parallel Aware": false,
                      "Scan Direction": "Forward",
                      "Index Name": "movie_id_movie_info",
                      "Relation Name": "movie_info",
                      "Alias": "mi",
                      "Startup Cost": 0.43,
                      "Total Cost": 139.27,
                      "Plan Rows": 39,
                      "Plan Width": 4,
                      "Actual Startup Time": 0.018,
                      "Actual Total Time": 0.043,
                      "Actual Rows": 7,
                      "Actual Loops": 1309,
                      "Index Cond": "(movie_id = t.id)",
                      "Rows Removed by Index Recheck": 0,
                      "Filter": "(info_type_id < 98)",
                      "Rows Removed by Filter": 0
                    }
                  ]
                }
              ]
            }
          ]
        }
      ]
    },
    "Planning Time": 0.621,
    "Triggers": [],
    "Execution Time": 121.064
  }
]