[
  {
    "Plan": {
      "Node Type": "Aggregate",
      "Strategy": "Plain",
      "Partial Mode": "Finalize",
      "Parallel Aware": false,
      "Startup Cost": 44786.27,
      "Total Cost": 44786.28,
      "Plan Rows": 1,
      "Plan Width": 8,
      "Actual Startup Time": 118.69,
      "Actual Total Time": 128.046,
      "Actual Rows": 1,
      "Actual Loops": 1,
      "Plans": [
        {
          "Node Type": "Gather",
          "Parent Relationship": "Outer",
          "Parallel Aware": false,
          "Startup Cost": 44785.95,
          "Total Cost": 44786.26,
          "Plan Rows": 3,
          "Plan Width": 8,
          "Actual Startup Time": 118.544,
          "Actual Total Time": 128.034,
          "Actual Rows": 4,
          "Actual Loops": 1,
          "Workers Planned": 3,
          "Workers Launched": 3,
          "Single Copy": false,
          "Plans": [
            {
              "Node Type": "Aggregate",
              "Strategy": "Plain",
              "Partial Mode": "Partial",
              "Parent Relationship": "Outer",
              "Parallel Aware": false,
              "Startup Cost": 43785.95,
              "Total Cost": 43785.96,
              "Plan Rows": 1,
              "Plan Width": 8,
              "Actual Startup Time": 113.91,
              "Actual Total Time": 113.912,
              "Actual Rows": 1,
              "Actual Loops": 4,
              "Plans": [
                {
                  "Node Type": "Seq Scan",
                  "Parent Relationship": "Outer",
                  "Parallel Aware": true,
                  "Relation Name": "movie_keyword",
                  "Alias": "mk",
                  "Startup Cost": 0.0,
                  "Total Cost": 42695.65,
                  "Plan Rows": 436118,
                  "Plan Width": 0,
                  "Actual Startup Time": 0.838,
                  "Actual Total Time": 98.884,
                  "Actual Rows": 337625,
                  "Actual Loops": 4,
                  "Filter": "(keyword_id > 12539)",
                  "Rows Removed by Filter": 793358
                }
              ]
            }
          ]
        }
      ]
    },
    "Planning Time": 0.187,
    "Triggers": [],
    "Execution Time": 128.102
  }
]