[
  {
    "Plan": {
      "Node Type": "Aggregate",
      "Strategy": "Plain",
      "Partial Mode": "Finalize",
      "Parallel Aware": false,
      "Startup Cost": 82692.15,
      "Total Cost": 82692.16,
      "Plan Rows": 1,
      "Plan Width": 8,
      "Actual Startup Time": 282.229,
      "Actual Total Time": 292.888,
      "Actual Rows": 1,
      "Actual Loops": 1,
      "Plans": [
        {
          "Node Type": "Gather",
          "Parent Relationship": "Outer",
          "Parallel Aware": false,
          "Startup Cost": 82691.73,
          "Total Cost": 82692.14,
          "Plan Rows": 4,
          "Plan Width": 8,
          "Actual Startup Time": 278.661,
          "Actual Total Time": 292.88,
          "Actual Rows": 5,
          "Actual Loops": 1,
          "Workers Planned": 4,
          "Workers Launched": 4,
          "Single Copy": false,
          "Plans": [
            {
              "Node Type": "Aggregate",
              "Strategy": "Plain",
              "Partial Mode": "Partial",
              "Parent Relationship": "Outer",
              "Parallel Aware": false,
              "Startup Cost": 81691.73,
              "Total Cost": 81691.74,
              "Plan Rows": 1,
              "Plan Width": 8,
              "Actual Startup Time": 268.872,
              "Actual Total Time": 268.875,
              "Actual Rows": 1,
              "Actual Loops": 5,
              "Plans": [
                {
                  "Node Type": "Hash Join",
                  "Parent Relationship": "Outer",
                  "Parallel Aware": true,
                  "Join Type": "Inner",
                  "Startup Cost": 33893.34,
                  "Total Cost": 81471.2,
                  "Plan Rows": 88213,
                  "Plan Width": 0,
                  "Actual Startup Time": 124.882,
                  "Actual Total Time": 267.05,
                  "Actual Rows": 37528,
                  "Actual Loops": 5,
                  "Inner Unique": false,
                  "Hash Cond": "(t.id = mc.movie_id)",
                  "Plans": [
                    {
                      "Node Type": "Seq Scan",
                      "Parent Relationship": "Outer",
                      "Parallel Aware": true,
                      "Relation Name": "title",
                      "Alias": "t",
                      "Startup Cost": 0.0,
                      "Total Cost": 45479.1,
                      "Plan Rows": 362840,
                      "Plan Width": 4,
                      "Actual Startup Time": 0.012,
                      "Actual Total Time": 71.058,
                      "Actual Rows": 287637,
                      "Actual Loops": 5,
                      "Filter": "((production_year < 2013) AND (kind_id = 7))",
                      "Rows Removed by Filter": 218026
                    },
                    {
                      "Node Type": "Hash",
                      "Parent Relationship": "Inner",
                      "Parallel Aware": true,
                      "Startup Cost": 31414.82,
                      "Total Cost": 31414.82,
                      "Plan Rows": 198282,
                      "Plan Width": 4,
                      "Actual Startup Time": 120.785,
                      "Actual Total Time": 120.786,
                      "Actual Rows": 177111,
                      "Actual Loops": 5,
                      "Hash Buckets": 1048576,
                      "Original Hash Buckets": 1048576,
                      "Hash Batches": 1,
                      "Original Hash Batches": 1,
                      "Peak Memory Usage": 42912,
                      "Plans": [
                        {
                          "Node Type": "Seq Scan",
                          "Parent Relationship": "Outer",
                          "Parallel Aware": true,
                          "Relation Name": "movie_companies",
                          "Alias": "mc",
                          "Startup Cost": 0.0,
                          "Total Cost": 31414.82,
                          "Plan Rows": 198282,
                          "Plan Width": 4,
                          "Actual Startup Time": 43.208,
                          "Actual Total Time": 73.553,
                          "Actual Rows": 177111,
                          "Actual Loops": 5,
                          "Filter": "((company_id > 12127) AND (company_type_id = 2))",
                          "Rows Removed by Filter": 344715
                        }
                      ]
                    }
                  ]
                }
              ]
            }
          ]
        }
      ]
    },
    "Planning Time": 0.655,
    "Triggers": [],
    "Execution Time": 292.959
  }
]