{
  "Plan": {
    "Node Type": "Aggregate",
    "Strategy": "Plain",
    "Partial Mode": "Finalize",
    "Parallel Aware": false,
    "Startup Cost": 178279.04,
    "Total Cost": 178279.05,
    "Plan Rows": 1,
    "Plan Width": 8,
    "Actual Startup Time": 1491.842,
    "Actual Total Time": 1539.855,
    "Actual Rows": 1,
    "Actual Loops": 1,
    "Plans": [
      {
        "Node Type": "Gather",
        "Parent Relationship": "Outer",
        "Parallel Aware": false,
        "Startup Cost": 178278.93,
        "Total Cost": 178279.04,
        "Plan Rows": 1,
        "Plan Width": 8,
        "Actual Startup Time": 1479.48,
        "Actual Total Time": 1539.846,
        "Actual Rows": 2,
        "Actual Loops": 1,
        "Workers Planned": 1,
        "Workers Launched": 1,
        "Single Copy": false,
        "Plans": [
          {
            "Node Type": "Aggregate",
            "Strategy": "Plain",
            "Partial Mode": "Partial",
            "Parent Relationship": "Outer",
            "Parallel Aware": false,
            "Startup Cost": 177278.93,
            "Total Cost": 177278.94,
            "Plan Rows": 1,
            "Plan Width": 8,
            "Actual Startup Time": 1468.038,
            "Actual Total Time": 1470.551,
            "Actual Rows": 1,
            "Actual Loops": 2,
            "Plans": [
              {
                "Node Type": "Hash Join",
                "Parent Relationship": "Outer",
                "Parallel Aware": true,
                "Join Type": "Inner",
                "Startup Cost": 163438.98,
                "Total Cost": 177269.6,
                "Plan Rows": 3730,
                "Plan Width": 0,
                "Actual Startup Time": 1436.934,
                "Actual Total Time": 1461.864,
                "Actual Rows": 223688,
                "Actual Loops": 2,
                "Inner Unique": false,
                "Hash Cond": "(mi.movie_id = t.id)",
                "Plans": [
                  {
                    "Node Type": "Bitmap Heap Scan",
                    "Parent Relationship": "Outer",
                    "Parallel Aware": true,
                    "Relation Name": "movie_info",
                    "Alias": "mi",
                    "Startup Cost": 74.99,
                    "Total Cost": 13872.07,
                    "Plan Rows": 2319,
                    "Plan Width": 4,
                    "Actual Startup Time": 0.68,
                    "Actual Total Time": 3.192,
                    "Actual Rows": 3254,
                    "Actual Loops": 2,
                    "Recheck Cond": "(info_type_id = 42)",
                    "Rows Removed by Index Recheck": 0,
                    "Exact Heap Blocks": 661,
                    "Lossy Heap Blocks": 0,
                    "Plans": [
                      {
                        "Node Type": "Bitmap Index Scan",
                        "Parent Relationship": "Outer",
                        "Parallel Aware": false,
                        "Index Name": "info_type_id_movie_info",
                        "Startup Cost": 0.0,
                        "Total Cost": 74.0,
                        "Plan Rows": 3942,
                        "Plan Width": 0,
                        "Actual Startup Time": 0.543,
                        "Actual Total Time": 0.543,
                        "Actual Rows": 6509,
                        "Actual Loops": 1,
                        "Index Cond": "(info_type_id = 42)"
                      }
                    ]
                  },
                  {
                    "Node Type": "Hash",
                    "Parent Relationship": "Inner",
                    "Parallel Aware": true,
                    "Startup Cost": 133458.96,
                    "Total Cost": 133458.96,
                    "Plan Rows": 2392403,
                    "Plan Width": 8,
                    "Actual Startup Time": 1414.145,
                    "Actual Total Time": 1416.656,
                    "Actual Rows": 2037866,
                    "Actual Loops": 2,
                    "Hash Buckets": 4194304,
                    "Original Hash Buckets": 4194304,
                    "Hash Batches": 1,
                    "Original Hash Batches": 1,
                    "Peak Memory Usage": 192224,
                    "Plans": [
                      {
                        "Node Type": "Hash Join",
                        "Parent Relationship": "Outer",
                        "Parallel Aware": true,
                        "Join Type": "Inner",
                        "Startup Cost": 69460.7,
                        "Total Cost": 133458.96,
                        "Plan Rows": 2392403,
                        "Plan Width": 8,
                        "Actual Startup Time": 504.065,
                        "Actual Total Time": 1059.949,
                        "Actual Rows": 2037866,
                        "Actual Loops": 2,
                        "Inner Unique": true,
                        "Hash Cond": "(mk.movie_id = t.id)",
                        "Plans": [
                          {
                            "Node Type": "Seq Scan",
                            "Parent Relationship": "Outer",
                            "Parallel Aware": true,
                            "Relation Name": "movie_keyword",
                            "Alias": "mk",
                            "Startup Cost": 0.0,
                            "Total Cost": 57718.19,
                            "Plan Rows": 2392403,
                            "Plan Width": 4,
                            "Actual Startup Time": 0.013,
                            "Actual Total Time": 220.717,
                            "Actual Rows": 2037866,
                            "Actual Loops": 2,
                            "Filter": "(keyword_id < 39610)",
                            "Rows Removed by Filter": 224100
                          },
                          {
                            "Node Type": "Hash",
                            "Parent Relationship": "Inner",
                            "Parallel Aware": true,
                            "Startup Cost": 50870.31,
                            "Total Cost": 50870.31,
                            "Plan Rows": 1487231,
                            "Plan Width": 4,
                            "Actual Startup Time": 491.435,
                            "Actual Total Time": 491.436,
                            "Actual Rows": 1264156,
                            "Actual Loops": 2,
                            "Hash Buckets": 4194304,
                            "Original Hash Buckets": 4194304,
                            "Hash Batches": 1,
                            "Original Hash Batches": 1,
                            "Peak Memory Usage": 131712,
                            "Plans": [
                              {
                                "Node Type": "Seq Scan",
                                "Parent Relationship": "Outer",
                                "Parallel Aware": true,
                                "Relation Name": "title",
                                "Alias": "t",
                                "Startup Cost": 0.0,
                                "Total Cost": 50870.31,
                                "Plan Rows": 1487231,
                                "Plan Width": 4,
                                "Actual Startup Time": 0.03,
                                "Actual Total Time": 149.17,
                                "Actual Rows": 1264156,
                                "Actual Loops": 2
                              }
                            ]
                          }
                        ]
                      }
                    ]
                  }
                ]
              }
            ]
          }
        ]
      }
    ]
  },
  "Planning Time": 0.853,
  "Triggers": [],
  "Execution Time": 1539.953
}