[
  {
    "Plan": {
      "Node Type": "Aggregate",
      "Strategy": "Plain",
      "Partial Mode": "Finalize",
      "Parallel Aware": false,
      "Startup Cost": 87023.23,
      "Total Cost": 87023.24,
      "Plan Rows": 1,
      "Plan Width": 8,
      "Actual Startup Time": 346.275,
      "Actual Total Time": 383.037,
      "Actual Rows": 1,
      "Actual Loops": 1,
      "Plans": [
        {
          "Node Type": "Gather",
          "Parent Relationship": "Outer",
          "Parallel Aware": false,
          "Startup Cost": 87022.91,
          "Total Cost": 87023.22,
          "Plan Rows": 3,
          "Plan Width": 8,
          "Actual Startup Time": 345.933,
          "Actual Total Time": 383.028,
          "Actual Rows": 4,
          "Actual Loops": 1,
          "Workers Planned": 3,
          "Workers Launched": 3,
          "Single Copy": false,
          "Plans": [
            {
              "Node Type": "Aggregate",
              "Strategy": "Plain",
              "Partial Mode": "Partial",
              "Parent Relationship": "Outer",
              "Parallel Aware": false,
              "Startup Cost": 86022.91,
              "Total Cost": 86022.92,
              "Plan Rows": 1,
              "Plan Width": 8,
              "Actual Startup Time": 336.93,
              "Actual Total Time": 336.933,
              "Actual Rows": 1,
              "Actual Loops": 4,
              "Plans": [
                {
                  "Node Type": "Nested Loop",
                  "Parent Relationship": "Outer",
                  "Parallel Aware": false,
                  "Join Type": "Inner",
                  "Startup Cost": 45581.43,
                  "Total Cost": 86012.79,
                  "Plan Rows": 4049,
                  "Plan Width": 0,
                  "Actual Startup Time": 171.653,
                  "Actual Total Time": 335.14,
                  "Actual Rows": 28004,
                  "Actual Loops": 4,
                  "Inner Unique": false,
                  "Join Filter": "(t.id = mi.movie_id)",
                  "Rows Removed by Join Filter": 0,
                  "Plans": [
                    {
                      "Node Type": "Hash Join",
                      "Parent Relationship": "Outer",
                      "Parallel Aware": true,
                      "Join Type": "Inner",
                      "Startup Cost": 45581.0,
                      "Total Cost": 77694.51,
                      "Plan Rows": 3433,
                      "Plan Width": 8,
                      "Actual Startup Time": 171.515,
                      "Actual Total Time": 219.085,
                      "Actual Rows": 4752,
                      "Actual Loops": 4,
                      "Inner Unique": true,
                      "Hash Cond": "(mc.movie_id = t.id)",
                      "Plans": [
                        {
                          "Node Type": "Seq Scan",
                          "Parent Relationship": "Outer",
                          "Parallel Aware": true,
                          "Relation Name": "movie_companies",
                          "Alias": "mc",
                          "Startup Cost": 0.0,
                          "Total Cost": 31414.82,
                          "Plan Rows": 266169,
                          "Plan Width": 4,
                          "Actual Startup Time": 39.771,
                          "Actual Total Time": 83.377,
                          "Actual Rows": 260571,
                          "Actual Loops": 4,
                          "Filter": "((company_id > 4434) AND (company_type_id > 1))",
                          "Rows Removed by Filter": 391712
                        },
                        {
                          "Node Type": "Hash",
                          "Parent Relationship": "Inner",
                          "Parallel Aware": true,
                          "Startup Cost": 45479.1,
                          "Total Cost": 45479.1,
                          "Plan Rows": 8152,
                          "Plan Width": 4,
                          "Actual Startup Time": 106.694,
                          "Actual Total Time": 106.695,
                          "Actual Rows": 4443,
                          "Actual Loops": 4,
                          "Hash Buckets": 32768,
                          "Original Hash Buckets": 32768,
                          "Hash Batches": 1,
                          "Original Hash Batches": 1,
                          "Peak Memory Usage": 1024,
                          "Plans": [
                            {
                              "Node Type": "Seq Scan",
                              "Parent Relationship": "Outer",
                              "Parallel Aware": true,
                              "Relation Name": "title",
                              "Alias": "t",
                              "Startup Cost": 0.0,
                              "Total Cost": 45479.1,
                              "Plan Rows": 8152,
                              "Plan Width": 4,
                              "Actual Startup Time": 64.807,
                              "Actual Total Time": 104.54,
                              "Actual Rows": 4443,
                              "Actual Loops": 4,
                              "Filter": "((kind_id = 1) AND (production_year = 2007))",
                              "Rows Removed by Filter": 627635
                            }
                          ]
                        }
                      ]
                    },
                    {
                      "Node Type": "Index Scan",
                      "Parent Relationship": "Inner",
                      "Parallel Aware": false,
                      "Scan Direction": "Forward",
                      "Index Name": "movie_id_movie_info",
                      "Relation Name": "movie_info",
                      "Alias": "mi",
                      "Startup Cost": 0.43,
                      "Total Cost": 2.32,
                      "Plan Rows": 8,
                      "Plan Width": 4,
                      "Actual Startup Time": 0.013,
                      "Actual Total Time": 0.023,
                      "Actual Rows": 6,
                      "Actual Loops": 19008,
                      "Index Cond": "(movie_id = mc.movie_id)",
                      "Rows Removed by Index Recheck": 0,
                      "Filter": "(info_type_id = 16)",
                      "Rows Removed by Filter": 21
                    }
                  ]
                }
              ]
            }
          ]
        }
      ]
    },
    "Planning Time": 1.495,
    "Triggers": [],
    "Execution Time": 383.134
  }
]