{
  "Plan": {
    "Node Type": "Aggregate",
    "Strategy": "Plain",
    "Partial Mode": "Finalize",
    "Parallel Aware": false,
    "Startup Cost": 106761.3,
    "Total Cost": 106761.31,
    "Plan Rows": 1,
    "Plan Width": 8,
    "Actual Startup Time": 408.69,
    "Actual Total Time": 429.654,
    "Actual Rows": 1,
    "Actual Loops": 1,
    "Plans": [
      {
        "Node Type": "Gather",
        "Parent Relationship": "Outer",
        "Parallel Aware": false,
        "Startup Cost": 106761.19,
        "Total Cost": 106761.3,
        "Plan Rows": 1,
        "Plan Width": 8,
        "Actual Startup Time": 407.725,
        "Actual Total Time": 429.648,
        "Actual Rows": 2,
        "Actual Loops": 1,
        "Workers Planned": 1,
        "Workers Launched": 1,
        "Single Copy": false,
        "Plans": [
          {
            "Node Type": "Aggregate",
            "Strategy": "Plain",
            "Partial Mode": "Partial",
            "Parent Relationship": "Outer",
            "Parallel Aware": false,
            "Startup Cost": 105761.19,
            "Total Cost": 105761.2,
            "Plan Rows": 1,
            "Plan Width": 8,
            "Actual Startup Time": 401.7,
            "Actual Total Time": 401.708,
            "Actual Rows": 1,
            "Actual Loops": 2,
            "Plans": [
              {
                "Node Type": "Nested Loop",
                "Parent Relationship": "Outer",
                "Parallel Aware": false,
                "Join Type": "Inner",
                "Startup Cost": 68753.08,
                "Total Cost": 105743.08,
                "Plan Rows": 7245,
                "Plan Width": 0,
                "Actual Startup Time": 199.144,
                "Actual Total Time": 397.883,
                "Actual Rows": 83728,
                "Actual Loops": 2,
                "Inner Unique": false,
                "Join Filter": "(t.id = mi_idx.movie_id)",
                "Rows Removed by Join Filter": 0,
                "Plans": [
                  {
                    "Node Type": "Hash Join",
                    "Parent Relationship": "Outer",
                    "Parallel Aware": true,
                    "Join Type": "Inner",
                    "Startup Cost": 68752.65,
                    "Total Cost": 97194.71,
                    "Plan Rows": 13274,
                    "Plan Width": 8,
                    "Actual Startup Time": 199.01,
                    "Actual Total Time": 307.387,
                    "Actual Rows": 39664,
                    "Actual Loops": 2,
                    "Inner Unique": true,
                    "Hash Cond": "(mk.movie_id = t.id)",
                    "Plans": [
                      {
                        "Node Type": "Bitmap Heap Scan",
                        "Parent Relationship": "Outer",
                        "Parallel Aware": true,
                        "Relation Name": "movie_keyword",
                        "Alias": "mk",
                        "Startup Cost": 9510.33,
                        "Total Cost": 37260.25,
                        "Plan Rows": 263674,
                        "Plan Width": 4,
                        "Actual Startup Time": 29.141,
                        "Actual Total Time": 93.021,
                        "Actual Rows": 232700,
                        "Actual Loops": 2,
                        "Recheck Cond": "(keyword_id < 355)",
                        "Rows Removed by Index Recheck": 0,
                        "Exact Heap Blocks": 13014,
                        "Lossy Heap Blocks": 0,
                        "Plans": [
                          {
                            "Node Type": "Bitmap Index Scan",
                            "Parent Relationship": "Outer",
                            "Parallel Aware": false,
                            "Index Name": "keyword_id_movie_keyword",
                            "Startup Cost": 0.0,
                            "Total Cost": 9398.27,
                            "Plan Rows": 448245,
                            "Plan Width": 0,
                            "Actual Startup Time": 25.596,
                            "Actual Total Time": 25.597,
                            "Actual Rows": 465401,
                            "Actual Loops": 1,
                            "Index Cond": "(keyword_id < 355)"
                          }
                        ]
                      },
                      {
                        "Node Type": "Hash",
                        "Parent Relationship": "Inner",
                        "Parallel Aware": true,
                        "Startup Cost": 58306.47,
                        "Total Cost": 58306.47,
                        "Plan Rows": 74868,
                        "Plan Width": 4,
                        "Actual Startup Time": 167.563,
                        "Actual Total Time": 167.564,
                        "Actual Rows": 116846,
                        "Actual Loops": 2,
                        "Hash Buckets": 262144,
                        "Original Hash Buckets": 131072,
                        "Hash Batches": 1,
                        "Original Hash Batches": 1,
                        "Peak Memory Usage": 12256,
                        "Plans": [
                          {
                            "Node Type": "Seq Scan",
                            "Parent Relationship": "Outer",
                            "Parallel Aware": true,
                            "Relation Name": "title",
                            "Alias": "t",
                            "Startup Cost": 0.0,
                            "Total Cost": 58306.47,
                            "Plan Rows": 74868,
                            "Plan Width": 4,
                            "Actual Startup Time": 0.186,
                            "Actual Total Time": 140.882,
                            "Actual Rows": 116846,
                            "Actual Loops": 2,
                            "Filter": "((kind_id < 7) AND (production_year < 1968))",
                            "Rows Removed by Filter": 1147310
                          }
                        ]
                      }
                    ]
                  },
                  {
                    "Node Type": "Index Only Scan",
                    "Parent Relationship": "Inner",
                    "Parallel Aware": false,
                    "Scan Direction": "Forward",
                    "Index Name": "movie_id_movie_info_idx",
                    "Relation Name": "movie_info_idx",
                    "Alias": "mi_idx",
                    "Startup Cost": 0.43,
                    "Total Cost": 0.61,
                    "Plan Rows": 3,
                    "Plan Width": 4,
                    "Actual Startup Time": 0.002,
                    "Actual Total Time": 0.002,
                    "Actual Rows": 2,
                    "Actual Loops": 79328,
                    "Index Cond": "(movie_id = mk.movie_id)",
                    "Rows Removed by Index Recheck": 0,
                    "Heap Fetches": 167457
                  }
                ]
              }
            ]
          }
        ]
      }
    ]
  },
  "Planning Time": 1.066,
  "Triggers": [],
  "Execution Time": 429.759
}