[
  {
    "Plan": {
      "Node Type": "Aggregate",
      "Strategy": "Plain",
      "Partial Mode": "Finalize",
      "Parallel Aware": false,
      "Startup Cost": 32410.54,
      "Total Cost": 32410.55,
      "Plan Rows": 1,
      "Plan Width": 8,
      "Actual Startup Time": 33.777,
      "Actual Total Time": 39.217,
      "Actual Rows": 1,
      "Actual Loops": 1,
      "Plans": [
        {
          "Node Type": "Gather",
          "Parent Relationship": "Outer",
          "Parallel Aware": false,
          "Startup Cost": 32410.32,
          "Total Cost": 32410.53,
          "Plan Rows": 2,
          "Plan Width": 8,
          "Actual Startup Time": 33.675,
          "Actual Total Time": 39.211,
          "Actual Rows": 3,
          "Actual Loops": 1,
          "Workers Planned": 2,
          "Workers Launched": 2,
          "Single Copy": false,
          "Plans": [
            {
              "Node Type": "Aggregate",
              "Strategy": "Plain",
              "Partial Mode": "Partial",
              "Parent Relationship": "Outer",
              "Parallel Aware": false,
              "Startup Cost": 31410.32,
              "Total Cost": 31410.33,
              "Plan Rows": 1,
              "Plan Width": 8,
              "Actual Startup Time": 29.639,
              "Actual Total Time": 29.64,
              "Actual Rows": 1,
              "Actual Loops": 3,
              "Plans": [
                {
                  "Node Type": "Nested Loop",
                  "Parent Relationship": "Outer",
                  "Parallel Aware": false,
                  "Join Type": "Inner",
                  "Startup Cost": 126.44,
                  "Total Cost": 31404.2,
                  "Plan Rows": 2450,
                  "Plan Width": 0,
                  "Actual Startup Time": 3.225,
                  "Actual Total Time": 29.338,
                  "Actual Rows": 1952,
                  "Actual Loops": 3,
                  "Inner Unique": true,
                  "Plans": [
                    {
                      "Node Type": "Bitmap Heap Scan",
                      "Parent Relationship": "Outer",
                      "Parallel Aware": true,
                      "Relation Name": "movie_keyword",
                      "Alias": "mk",
                      "Startup Cost": 126.01,
                      "Total Cost": 13858.95,
                      "Plan Rows": 2450,
                      "Plan Width": 4,
                      "Actual Startup Time": 3.126,
                      "Actual Total Time": 11.732,
                      "Actual Rows": 1952,
                      "Actual Loops": 3,
                      "Recheck Cond": "(keyword_id = 405)",
                      "Rows Removed by Index Recheck": 0,
                      "Exact Heap Blocks": 3282,
                      "Lossy Heap Blocks": 0,
                      "Plans": [
                        {
                          "Node Type": "Bitmap Index Scan",
                          "Parent Relationship": "Outer",
                          "Parallel Aware": false,
                          "Index Name": "keyword_id_movie_keyword",
                          "Startup Cost": 0.0,
                          "Total Cost": 124.54,
                          "Plan Rows": 5881,
                          "Plan Width": 0,
                          "Actual Startup Time": 4.484,
                          "Actual Total Time": 4.485,
                          "Actual Rows": 5857,
                          "Actual Loops": 1,
                          "Index Cond": "(keyword_id = 405)"
                        }
                      ]
                    },
                    {
                      "Node Type": "Index Only Scan",
                      "Parent Relationship": "Inner",
                      "Parallel Aware": false,
                      "Scan Direction": "Forward",
                      "Index Name": "title_pkey",
                      "Relation Name": "title",
                      "Alias": "t",
                      "Startup Cost": 0.43,
                      "Total Cost": 7.16,
                      "Plan Rows": 1,
                      "Plan Width": 4,
                      "Actual Startup Time": 0.008,
                      "Actual Total Time": 0.008,
                      "Actual Rows": 1,
                      "Actual Loops": 5857,
                      "Index Cond": "(id = mk.movie_id)",
                      "Rows Removed by Index Recheck": 0,
                      "Heap Fetches": 5857
                    }
                  ]
                }
              ]
            }
          ]
        }
      ]
    },
    "Planning Time": 0.392,
    "Triggers": [],
    "Execution Time": 39.273
  }
]