{
  "Plan": {
    "Node Type": "Aggregate",
    "Strategy": "Plain",
    "Partial Mode": "Finalize",
    "Parallel Aware": false,
    "Startup Cost": 102175.52,
    "Total Cost": 102175.53,
    "Plan Rows": 1,
    "Plan Width": 8,
    "Actual Startup Time": 572.324,
    "Actual Total Time": 584.681,
    "Actual Rows": 1,
    "Actual Loops": 1,
    "Plans": [
      {
        "Node Type": "Gather",
        "Parent Relationship": "Outer",
        "Parallel Aware": false,
        "Startup Cost": 102175.41,
        "Total Cost": 102175.52,
        "Plan Rows": 1,
        "Plan Width": 8,
        "Actual Startup Time": 571.189,
        "Actual Total Time": 584.672,
        "Actual Rows": 2,
        "Actual Loops": 1,
        "Workers Planned": 1,
        "Workers Launched": 1,
        "Single Copy": false,
        "Plans": [
          {
            "Node Type": "Aggregate",
            "Strategy": "Plain",
            "Partial Mode": "Partial",
            "Parent Relationship": "Outer",
            "Parallel Aware": false,
            "Startup Cost": 101175.41,
            "Total Cost": 101175.42,
            "Plan Rows": 1,
            "Plan Width": 8,
            "Actual Startup Time": 565.419,
            "Actual Total Time": 565.424,
            "Actual Rows": 1,
            "Actual Loops": 2,
            "Plans": [
              {
                "Node Type": "Hash Join",
                "Parent Relationship": "Outer",
                "Parallel Aware": true,
                "Join Type": "Inner",
                "Startup Cost": 39528.57,
                "Total Cost": 100733.61,
                "Plan Rows": 176720,
                "Plan Width": 0,
                "Actual Startup Time": 178.834,
                "Actual Total Time": 556.016,
                "Actual Rows": 218909,
                "Actual Loops": 2,
                "Inner Unique": false,
                "Hash Cond": "(t.id = mc.movie_id)",
                "Plans": [
                  {
                    "Node Type": "Seq Scan",
                    "Parent Relationship": "Outer",
                    "Parallel Aware": true,
                    "Relation Name": "title",
                    "Alias": "t",
                    "Startup Cost": 0.0,
                    "Total Cost": 50870.31,
                    "Plan Rows": 1487231,
                    "Plan Width": 4,
                    "Actual Startup Time": 0.01,
                    "Actual Total Time": 122.537,
                    "Actual Rows": 1264156,
                    "Actual Loops": 2
                  },
                  {
                    "Node Type": "Hash",
                    "Parent Relationship": "Inner",
                    "Parallel Aware": true,
                    "Startup Cost": 37319.57,
                    "Total Cost": 37319.57,
                    "Plan Rows": 176720,
                    "Plan Width": 4,
                    "Actual Startup Time": 173.295,
                    "Actual Total Time": 173.297,
                    "Actual Rows": 218909,
                    "Actual Loops": 2,
                    "Hash Buckets": 524288,
                    "Original Hash Buckets": 524288,
                    "Hash Batches": 1,
                    "Original Hash Batches": 1,
                    "Peak Memory Usage": 21248,
                    "Plans": [
                      {
                        "Node Type": "Bitmap Heap Scan",
                        "Parent Relationship": "Outer",
                        "Parallel Aware": true,
                        "Relation Name": "movie_companies",
                        "Alias": "mc",
                        "Startup Cost": 13144.69,
                        "Total Cost": 37319.57,
                        "Plan Rows": 176720,
                        "Plan Width": 4,
                        "Actual Startup Time": 41.214,
                        "Actual Total Time": 119.784,
                        "Actual Rows": 218909,
                        "Actual Loops": 2,
                        "Recheck Cond": "(company_id < 708)",
                        "Rows Removed by Index Recheck": 0,
                        "Filter": "(company_type_id = 1)",
                        "Rows Removed by Filter": 84795,
                        "Exact Heap Blocks": 10873,
                        "Lossy Heap Blocks": 0,
                        "Plans": [
                          {
                            "Node Type": "Bitmap Index Scan",
                            "Parent Relationship": "Outer",
                            "Parallel Aware": false,
                            "Index Name": "company_id_movie_companies",
                            "Startup Cost": 0.0,
                            "Total Cost": 13069.58,
                            "Plan Rows": 610287,
                            "Plan Width": 0,
                            "Actual Startup Time": 38.57,
                            "Actual Total Time": 38.57,
                            "Actual Rows": 607408,
                            "Actual Loops": 1,
                            "Index Cond": "(company_id < 708)"
                          }
                        ]
                      }
                    ]
                  }
                ]
              }
            ]
          }
        ]
      }
    ]
  },
  "Planning Time": 0.466,
  "Triggers": [],
  "Execution Time": 584.775
}