[
  {
    "Plan": {
      "Node Type": "Aggregate",
      "Strategy": "Plain",
      "Partial Mode": "Finalize",
      "Parallel Aware": false,
      "Startup Cost": 335523.78,
      "Total Cost": 335523.79,
      "Plan Rows": 1,
      "Plan Width": 8,
      "Actual Startup Time": 716.762,
      "Actual Total Time": 775.605,
      "Actual Rows": 1,
      "Actual Loops": 1,
      "Plans": [
        {
          "Node Type": "Gather",
          "Parent Relationship": "Outer",
          "Parallel Aware": false,
          "Startup Cost": 335523.15,
          "Total Cost": 335523.76,
          "Plan Rows": 6,
          "Plan Width": 8,
          "Actual Startup Time": 716.62,
          "Actual Total Time": 775.594,
          "Actual Rows": 7,
          "Actual Loops": 1,
          "Workers Planned": 6,
          "Workers Launched": 6,
          "Single Copy": false,
          "Plans": [
            {
              "Node Type": "Aggregate",
              "Strategy": "Plain",
              "Partial Mode": "Partial",
              "Parent Relationship": "Outer",
              "Parallel Aware": false,
              "Startup Cost": 334523.15,
              "Total Cost": 334523.16,
              "Plan Rows": 1,
              "Plan Width": 8,
              "Actual Startup Time": 707.674,
              "Actual Total Time": 707.675,
              "Actual Rows": 1,
              "Actual Loops": 7,
              "Plans": [
                {
                  "Node Type": "Seq Scan",
                  "Parent Relationship": "Outer",
                  "Parallel Aware": true,
                  "Relation Name": "cast_info",
                  "Alias": "ci",
                  "Startup Cost": 0.0,
                  "Total Cost": 328162.03,
                  "Plan Rows": 2544450,
                  "Plan Width": 0,
                  "Actual Startup Time": 0.056,
                  "Actual Total Time": 603.381,
                  "Actual Rows": 2175587,
                  "Actual Loops": 7,
                  "Filter": "(person_id < 1499991)",
                  "Rows Removed by Filter": 3002177
                }
              ]
            }
          ]
        }
      ]
    },
    "Planning Time": 0.133,
    "Triggers": [],
    "Execution Time": 775.659
  }
]