[
  {
    "Plan": {
      "Node Type": "Aggregate",
      "Strategy": "Plain",
      "Partial Mode": "Finalize",
      "Parallel Aware": false,
      "Startup Cost": 46496.9,
      "Total Cost": 46496.91,
      "Plan Rows": 1,
      "Plan Width": 8,
      "Actual Startup Time": 78.088,
      "Actual Total Time": 89.294,
      "Actual Rows": 1,
      "Actual Loops": 1,
      "Plans": [
        {
          "Node Type": "Gather",
          "Parent Relationship": "Outer",
          "Parallel Aware": false,
          "Startup Cost": 46496.48,
          "Total Cost": 46496.89,
          "Plan Rows": 4,
          "Plan Width": 8,
          "Actual Startup Time": 77.799,
          "Actual Total Time": 89.282,
          "Actual Rows": 5,
          "Actual Loops": 1,
          "Workers Planned": 4,
          "Workers Launched": 4,
          "Single Copy": false,
          "Plans": [
            {
              "Node Type": "Aggregate",
              "Strategy": "Plain",
              "Partial Mode": "Partial",
              "Parent Relationship": "Outer",
              "Parallel Aware": false,
              "Startup Cost": 45496.48,
              "Total Cost": 45496.49,
              "Plan Rows": 1,
              "Plan Width": 8,
              "Actual Startup Time": 72.778,
              "Actual Total Time": 72.779,
              "Actual Rows": 1,
              "Actual Loops": 5,
              "Plans": [
                {
                  "Node Type": "Seq Scan",
                  "Parent Relationship": "Outer",
                  "Parallel Aware": true,
                  "Relation Name": "title",
                  "Alias": "t",
                  "Startup Cost": 0.0,
                  "Total Cost": 45479.59,
                  "Plan Rows": 6756,
                  "Plan Width": 0,
                  "Actual Startup Time": 0.182,
                  "Actual Total Time": 72.396,
                  "Actual Rows": 5417,
                  "Actual Loops": 5,
                  "Filter": "((kind_id < 7) AND (production_year > 2012))",
                  "Rows Removed by Filter": 500245
                }
              ]
            }
          ]
        }
      ]
    },
    "Planning Time": 0.184,
    "Triggers": [],
    "Execution Time": 89.351
  }
]