[
    {
        "Bao": {
            "Bao prediction": "NaN",
            "Bao recommended hint": "(no hint)"
        }
    },
    {
        "Plan": {
            "Node Type": "Aggregate",
            "Strategy": "Plain",
            "Partial Mode": "Finalize",
            "Parallel Aware": false,
            "Startup Cost": 392961.48,
            "Total Cost": 392961.49,
            "Plan Rows": 1,
            "Plan Width": 8,
            "Actual Startup Time": 1028.906,
            "Actual Total Time": 1053.138,
            "Actual Rows": 1,
            "Actual Loops": 1,
            "Output": [
                "count(*)"
            ],
            "Plans": [
                {
                    "Node Type": "Gather",
                    "Parent Relationship": "Outer",
                    "Parallel Aware": false,
                    "Startup Cost": 392960.86,
                    "Total Cost": 392961.47,
                    "Plan Rows": 6,
                    "Plan Width": 8,
                    "Actual Startup Time": 1021.117,
                    "Actual Total Time": 1053.124,
                    "Actual Rows": 7,
                    "Actual Loops": 1,
                    "Output": [
                        "(PARTIAL count(*))"
                    ],
                    "Workers Planned": 6,
                    "Workers Launched": 6,
                    "Single Copy": false,
                    "Plans": [
                        {
                            "Node Type": "Aggregate",
                            "Strategy": "Plain",
                            "Partial Mode": "Partial",
                            "Parent Relationship": "Outer",
                            "Parallel Aware": false,
                            "Startup Cost": 391960.86,
                            "Total Cost": 391960.87,
                            "Plan Rows": 1,
                            "Plan Width": 8,
                            "Actual Startup Time": 1009.583,
                            "Actual Total Time": 1009.586,
                            "Actual Rows": 1,
                            "Actual Loops": 7,
                            "Output": [
                                "PARTIAL count(*)"
                            ],
                            "Workers": [
                                {
                                    "Worker Number": 0,
                                    "Actual Startup Time": 1006.684,
                                    "Actual Total Time": 1006.688,
                                    "Actual Rows": 1,
                                    "Actual Loops": 1
                                },
                                {
                                    "Worker Number": 1,
                                    "Actual Startup Time": 1007.516,
                                    "Actual Total Time": 1007.518,
                                    "Actual Rows": 1,
                                    "Actual Loops": 1
                                },
                                {
                                    "Worker Number": 2,
                                    "Actual Startup Time": 1008.05,
                                    "Actual Total Time": 1008.053,
                                    "Actual Rows": 1,
                                    "Actual Loops": 1
                                },
                                {
                                    "Worker Number": 3,
                                    "Actual Startup Time": 1007.963,
                                    "Actual Total Time": 1007.966,
                                    "Actual Rows": 1,
                                    "Actual Loops": 1
                                },
                                {
                                    "Worker Number": 4,
                                    "Actual Startup Time": 1007.977,
                                    "Actual Total Time": 1007.979,
                                    "Actual Rows": 1,
                                    "Actual Loops": 1
                                },
                                {
                                    "Worker Number": 5,
                                    "Actual Startup Time": 1008.497,
                                    "Actual Total Time": 1008.5,
                                    "Actual Rows": 1,
                                    "Actual Loops": 1
                                }
                            ],
                            "Plans": [
                                {
                                    "Node Type": "Hash Join",
                                    "Parent Relationship": "Outer",
                                    "Parallel Aware": true,
                                    "Join Type": "Inner",
                                    "Startup Cost": 45997.55,
                                    "Total Cost": 391325.16,
                                    "Plan Rows": 254280,
                                    "Plan Width": 0,
                                    "Actual Startup Time": 131.482,
                                    "Actual Total Time": 980.844,
                                    "Actual Rows": 503239,
                                    "Actual Loops": 7,
                                    "Inner Unique": true,
                                    "Hash Cond": "(ci.movie_id = t.id)",
                                    "Workers": [
                                        {
                                            "Worker Number": 0,
                                            "Actual Startup Time": 128.705,
                                            "Actual Total Time": 976.635,
                                            "Actual Rows": 421938,
                                            "Actual Loops": 1
                                        },
                                        {
                                            "Worker Number": 1,
                                            "Actual Startup Time": 129.385,
                                            "Actual Total Time": 977.371,
                                            "Actual Rows": 422266,
                                            "Actual Loops": 1
                                        },
                                        {
                                            "Worker Number": 2,
                                            "Actual Startup Time": 129.541,
                                            "Actual Total Time": 978.598,
                                            "Actual Rows": 412899,
                                            "Actual Loops": 1
                                        },
                                        {
                                            "Worker Number": 3,
                                            "Actual Startup Time": 129.898,
                                            "Actual Total Time": 981.001,
                                            "Actual Rows": 612873,
                                            "Actual Loops": 1
                                        },
                                        {
                                            "Worker Number": 4,
                                            "Actual Startup Time": 129.875,
                                            "Actual Total Time": 981.357,
                                            "Actual Rows": 604176,
                                            "Actual Loops": 1
                                        },
                                        {
                                            "Worker Number": 5,
                                            "Actual Startup Time": 130.517,
                                            "Actual Total Time": 981.729,
                                            "Actual Rows": 583886,
                                            "Actual Loops": 1
                                        }
                                    ],
                                    "Plans": [
                                        {
                                            "Node Type": "Index Scan",
                                            "Parent Relationship": "Outer",
                                            "Parallel Aware": true,
                                            "Scan Direction": "Forward",
                                            "Index Name": "role_id_cast_info",
                                            "Relation Name": "cast_info",
                                            "Schema": "public",
                                            "Alias": "ci",
                                            "Startup Cost": 0.56,
                                            "Total Cost": 342814.42,
                                            "Plan Rows": 957620,
                                            "Plan Width": 4,
                                            "Actual Startup Time": 0.112,
                                            "Actual Total Time": 438.058,
                                            "Actual Rows": 1673404,
                                            "Actual Loops": 7,
                                            "Output": [
                                                "ci.id",
                                                "ci.person_id",
                                                "ci.movie_id",
                                                "ci.person_role_id",
                                                "ci.note",
                                                "ci.nr_order",
                                                "ci.role_id"
                                            ],
                                            "Index Cond": "(ci.role_id < 2)",
                                            "Rows Removed by Index Recheck": 0,
                                            "Filter": "(ci.person_id < 1608278)",
                                            "Rows Removed by Filter": 136694,
                                            "Workers": [
                                                {
                                                    "Worker Number": 0,
                                                    "Actual Startup Time": 0.057,
                                                    "Actual Total Time": 447.122,
                                                    "Actual Rows": 1401660,
                                                    "Actual Loops": 1
                                                },
                                                {
                                                    "Worker Number": 1,
                                                    "Actual Startup Time": 0.1,
                                                    "Actual Total Time": 447.962,
                                                    "Actual Rows": 1398930,
                                                    "Actual Loops": 1
                                                },
                                                {
                                                    "Worker Number": 2,
                                                    "Actual Startup Time": 0.058,
                                                    "Actual Total Time": 447.189,
                                                    "Actual Rows": 1377090,
                                                    "Actual Loops": 1
                                                },
                                                {
                                                    "Worker Number": 3,
                                                    "Actual Startup Time": 0.146,
                                                    "Actual Total Time": 435.469,
                                                    "Actual Rows": 2065830,
                                                    "Actual Loops": 1
                                                },
                                                {
                                                    "Worker Number": 4,
                                                    "Actual Startup Time": 0.118,
                                                    "Actual Total Time": 434.216,
                                                    "Actual Rows": 2004779,
                                                    "Actual Loops": 1
                                                },
                                                {
                                                    "Worker Number": 5,
                                                    "Actual Startup Time": 0.052,
                                                    "Actual Total Time": 435.921,
                                                    "Actual Rows": 1942591,
                                                    "Actual Loops": 1
                                                }
                                            ]
                                        },
                                        {
                                            "Node Type": "Hash",
                                            "Parent Relationship": "Inner",
                                            "Parallel Aware": true,
                                            "Startup Cost": 43899.01,
                                            "Total Cost": 43899.01,
                                            "Plan Rows": 167838,
                                            "Plan Width": 4,
                                            "Actual Startup Time": 128.889,
                                            "Actual Total Time": 128.89,
                                            "Actual Rows": 94689,
                                            "Actual Loops": 7,
                                            "Output": [
                                                "t.id"
                                            ],
                                            "Hash Buckets": 1048576,
                                            "Original Hash Buckets": 1048576,
                                            "Hash Batches": 1,
                                            "Original Hash Batches": 1,
                                            "Peak Memory Usage": 34208,
                                            "Workers": [
                                                {
                                                    "Worker Number": 0,
                                                    "Actual Startup Time": 127.996,
                                                    "Actual Total Time": 127.998,
                                                    "Actual Rows": 79736,
                                                    "Actual Loops": 1
                                                },
                                                {
                                                    "Worker Number": 1,
                                                    "Actual Startup Time": 128.85,
                                                    "Actual Total Time": 128.851,
                                                    "Actual Rows": 78458,
                                                    "Actual Loops": 1
                                                },
                                                {
                                                    "Worker Number": 2,
                                                    "Actual Startup Time": 128.713,
                                                    "Actual Total Time": 128.714,
                                                    "Actual Rows": 78266,
                                                    "Actual Loops": 1
                                                },
                                                {
                                                    "Worker Number": 3,
                                                    "Actual Startup Time": 129.278,
                                                    "Actual Total Time": 129.279,
                                                    "Actual Rows": 109889,
                                                    "Actual Loops": 1
                                                },
                                                {
                                                    "Worker Number": 4,
                                                    "Actual Startup Time": 129.28,
                                                    "Actual Total Time": 129.281,
                                                    "Actual Rows": 110094,
                                                    "Actual Loops": 1
                                                },
                                                {
                                                    "Worker Number": 5,
                                                    "Actual Startup Time": 129.833,
                                                    "Actual Total Time": 129.834,
                                                    "Actual Rows": 109236,
                                                    "Actual Loops": 1
                                                }
                                            ],
                                            "Plans": [
                                                {
                                                    "Node Type": "Seq Scan",
                                                    "Parent Relationship": "Outer",
                                                    "Parallel Aware": true,
                                                    "Relation Name": "title",
                                                    "Schema": "public",
                                                    "Alias": "t",
                                                    "Startup Cost": 0.0,
                                                    "Total Cost": 43899.01,
                                                    "Plan Rows": 167838,
                                                    "Plan Width": 4,
                                                    "Actual Startup Time": 45.016,
                                                    "Actual Total Time": 84.911,
                                                    "Actual Rows": 94689,
                                                    "Actual Loops": 7,
                                                    "Output": [
                                                        "t.id"
                                                    ],
                                                    "Filter": "(t.kind_id = 1)",
                                                    "Rows Removed by Filter": 266498,
                                                    "Workers": [
                                                        {
                                                            "Worker Number": 0,
                                                            "Actual Startup Time": 4.749,
                                                            "Actual Total Time": 87.051,
                                                            "Actual Rows": 79736,
                                                            "Actual Loops": 1
                                                        },
                                                        {
                                                            "Worker Number": 1,
                                                            "Actual Startup Time": 51.841,
                                                            "Actual Total Time": 86.696,
                                                            "Actual Rows": 78458,
                                                            "Actual Loops": 1
                                                        },
                                                        {
                                                            "Worker Number": 2,
                                                            "Actual Startup Time": 51.74,
                                                            "Actual Total Time": 86.101,
                                                            "Actual Rows": 78266,
                                                            "Actual Loops": 1
                                                        },
                                                        {
                                                            "Worker Number": 3,
                                                            "Actual Startup Time": 51.627,
                                                            "Actual Total Time": 84.741,
                                                            "Actual Rows": 109889,
                                                            "Actual Loops": 1
                                                        },
                                                        {
                                                            "Worker Number": 4,
                                                            "Actual Startup Time": 51.606,
                                                            "Actual Total Time": 84.703,
                                                            "Actual Rows": 110094,
                                                            "Actual Loops": 1
                                                        },
                                                        {
                                                            "Worker Number": 5,
                                                            "Actual Startup Time": 51.57,
                                                            "Actual Total Time": 84.181,
                                                            "Actual Rows": 109236,
                                                            "Actual Loops": 1
                                                        }
                                                    ]
                                                }
                                            ]
                                        }
                                    ]
                                }
                            ]
                        }
                    ]
                }
            ]
        },
        "Planning Time": 291.344,
        "Triggers": [],
        "Execution Time": 1053.277
    }
]