{
  "Plan": {
    "Node Type": "Aggregate",
    "Strategy": "Plain",
    "Partial Mode": "Finalize",
    "Parallel Aware": false,
    "Startup Cost": 616928.65,
    "Total Cost": 616928.66,
    "Plan Rows": 1,
    "Plan Width": 8,
    "Actual Startup Time": 3807.562,
    "Actual Total Time": 3875.592,
    "Actual Rows": 1,
    "Actual Loops": 1,
    "Plans": [
      {
        "Node Type": "Gather",
        "Parent Relationship": "Outer",
        "Parallel Aware": false,
        "Startup Cost": 616928.54,
        "Total Cost": 616928.65,
        "Plan Rows": 1,
        "Plan Width": 8,
        "Actual Startup Time": 3801.228,
        "Actual Total Time": 3875.581,
        "Actual Rows": 2,
        "Actual Loops": 1,
        "Workers Planned": 1,
        "Workers Launched": 1,
        "Single Copy": false,
        "Plans": [
          {
            "Node Type": "Aggregate",
            "Strategy": "Plain",
            "Partial Mode": "Partial",
            "Parent Relationship": "Outer",
            "Parallel Aware": false,
            "Startup Cost": 615928.54,
            "Total Cost": 615928.55,
            "Plan Rows": 1,
            "Plan Width": 8,
            "Actual Startup Time": 3789.384,
            "Actual Total Time": 3789.387,
            "Actual Rows": 1,
            "Actual Loops": 2,
            "Plans": [
              {
                "Node Type": "Hash Join",
                "Parent Relationship": "Outer",
                "Parallel Aware": true,
                "Join Type": "Inner",
                "Startup Cost": 69460.7,
                "Total Cost": 602563.48,
                "Plan Rows": 5346025,
                "Plan Width": 0,
                "Actual Startup Time": 1180.951,
                "Actual Total Time": 3606.248,
                "Actual Rows": 4509216,
                "Actual Loops": 2,
                "Inner Unique": true,
                "Hash Cond": "(ci.movie_id = t.id)",
                "Plans": [
                  {
                    "Node Type": "Seq Scan",
                    "Parent Relationship": "Outer",
                    "Parallel Aware": true,
                    "Relation Name": "cast_info",
                    "Alias": "ci",
                    "Startup Cost": 0.0,
                    "Total Cost": 519069.44,
                    "Plan Rows": 5346025,
                    "Plan Width": 4,
                    "Actual Startup Time": 655.401,
                    "Actual Total Time": 1272.954,
                    "Actual Rows": 4509216,
                    "Actual Loops": 2,
                    "Filter": "(person_id > 2794705)",
                    "Rows Removed by Filter": 13612956
                  },
                  {
                    "Node Type": "Hash",
                    "Parent Relationship": "Inner",
                    "Parallel Aware": true,
                    "Startup Cost": 50870.31,
                    "Total Cost": 50870.31,
                    "Plan Rows": 1487231,
                    "Plan Width": 4,
                    "Actual Startup Time": 503.168,
                    "Actual Total Time": 503.169,
                    "Actual Rows": 1264156,
                    "Actual Loops": 2,
                    "Hash Buckets": 4194304,
                    "Original Hash Buckets": 4194304,
                    "Hash Batches": 1,
                    "Original Hash Batches": 1,
                    "Peak Memory Usage": 131712,
                    "Plans": [
                      {
                        "Node Type": "Seq Scan",
                        "Parent Relationship": "Outer",
                        "Parallel Aware": true,
                        "Relation Name": "title",
                        "Alias": "t",
                        "Startup Cost": 0.0,
                        "Total Cost": 50870.31,
                        "Plan Rows": 1487231,
                        "Plan Width": 4,
                        "Actual Startup Time": 0.024,
                        "Actual Total Time": 150.768,
                        "Actual Rows": 1264156,
                        "Actual Loops": 2
                      }
                    ]
                  }
                ]
              }
            ]
          }
        ]
      }
    ]
  },
  "Planning Time": 0.651,
  "Triggers": [],
  "Execution Time": 3875.675
}