[
    {
        "Bao": {
            "Bao prediction": "NaN",
            "Bao recommended hint": "(no hint)"
        }
    },
    {
        "Plan": {
            "Node Type": "Aggregate",
            "Strategy": "Plain",
            "Partial Mode": "Simple",
            "Parallel Aware": false,
            "Startup Cost": 27246.46,
            "Total Cost": 27246.47,
            "Plan Rows": 1,
            "Plan Width": 8,
            "Actual Startup Time": 66.473,
            "Actual Total Time": 66.474,
            "Actual Rows": 1,
            "Actual Loops": 1,
            "Output": [
                "count(*)"
            ],
            "Plans": [
                {
                    "Node Type": "Bitmap Heap Scan",
                    "Parent Relationship": "Outer",
                    "Parallel Aware": false,
                    "Relation Name": "movie_keyword",
                    "Schema": "public",
                    "Alias": "mk",
                    "Startup Cost": 1637.28,
                    "Total Cost": 27053.93,
                    "Plan Rows": 77012,
                    "Plan Width": 0,
                    "Actual Startup Time": 21.079,
                    "Actual Total Time": 60.924,
                    "Actual Rows": 75008,
                    "Actual Loops": 1,
                    "Recheck Cond": "(mk.keyword_id < 70)",
                    "Rows Removed by Index Recheck": 0,
                    "Exact Heap Blocks": 19331,
                    "Lossy Heap Blocks": 0,
                    "Plans": [
                        {
                            "Node Type": "Bitmap Index Scan",
                            "Parent Relationship": "Outer",
                            "Parallel Aware": false,
                            "Index Name": "keyword_id_movie_keyword",
                            "Startup Cost": 0.0,
                            "Total Cost": 1618.02,
                            "Plan Rows": 77012,
                            "Plan Width": 0,
                            "Actual Startup Time": 13.796,
                            "Actual Total Time": 13.797,
                            "Actual Rows": 75008,
                            "Actual Loops": 1,
                            "Index Cond": "(mk.keyword_id < 70)"
                        }
                    ]
                }
            ]
        },
        "Planning Time": 269.103,
        "Triggers": [],
        "Execution Time": 66.556
    }
]