{
    "Plan": {
        "Node Type": "Aggregate",
        "Strategy": "Plain",
        "Partial Mode": "Finalize",
        "Parallel Aware": false,
        "Startup Cost": 214339.34,
        "Total Cost": 214339.35,
        "Plan Rows": 1,
        "Plan Width": 8,
        "Actual Startup Time": 679.049,
        "Actual Total Time": 709.432,
        "Actual Rows": 1,
        "Actual Loops": 1,
        "Output": [
            "count(*)"
        ],
        "Plans": [
            {
                "Node Type": "Gather",
                "Parent Relationship": "Outer",
                "Parallel Aware": false,
                "Startup Cost": 214338.82,
                "Total Cost": 214339.33,
                "Plan Rows": 5,
                "Plan Width": 8,
                "Actual Startup Time": 666.839,
                "Actual Total Time": 709.421,
                "Actual Rows": 6,
                "Actual Loops": 1,
                "Output": [
                    "(PARTIAL count(*))"
                ],
                "Workers Planned": 5,
                "Workers Launched": 5,
                "Single Copy": false,
                "Plans": [
                    {
                        "Node Type": "Aggregate",
                        "Strategy": "Plain",
                        "Partial Mode": "Partial",
                        "Parent Relationship": "Outer",
                        "Parallel Aware": false,
                        "Startup Cost": 213338.82,
                        "Total Cost": 213338.83,
                        "Plan Rows": 1,
                        "Plan Width": 8,
                        "Actual Startup Time": 655.676,
                        "Actual Total Time": 655.857,
                        "Actual Rows": 1,
                        "Actual Loops": 6,
                        "Output": [
                            "PARTIAL count(*)"
                        ],
                        "Workers": [
                            {
                                "Worker Number": 0,
                                "Actual Startup Time": 653.17,
                                "Actual Total Time": 653.176,
                                "Actual Rows": 1,
                                "Actual Loops": 1
                            },
                            {
                                "Worker Number": 1,
                                "Actual Startup Time": 653.465,
                                "Actual Total Time": 653.471,
                                "Actual Rows": 1,
                                "Actual Loops": 1
                            },
                            {
                                "Worker Number": 2,
                                "Actual Startup Time": 653.991,
                                "Actual Total Time": 653.996,
                                "Actual Rows": 1,
                                "Actual Loops": 1
                            },
                            {
                                "Worker Number": 3,
                                "Actual Startup Time": 653.777,
                                "Actual Total Time": 653.783,
                                "Actual Rows": 1,
                                "Actual Loops": 1
                            },
                            {
                                "Worker Number": 4,
                                "Actual Startup Time": 653.838,
                                "Actual Total Time": 653.845,
                                "Actual Rows": 1,
                                "Actual Loops": 1
                            }
                        ],
                        "Plans": [
                            {
                                "Node Type": "Hash Join",
                                "Parent Relationship": "Outer",
                                "Parallel Aware": true,
                                "Join Type": "Inner",
                                "Startup Cost": 95411.87,
                                "Total Cost": 212827.62,
                                "Plan Rows": 204479,
                                "Plan Width": 0,
                                "Actual Startup Time": 342.517,
                                "Actual Total Time": 644.864,
                                "Actual Rows": 228356,
                                "Actual Loops": 6,
                                "Inner Unique": false,
                                "Hash Cond": "(ci.movie_id = t.id)",
                                "Workers": [
                                    {
                                        "Worker Number": 0,
                                        "Actual Startup Time": 339.87,
                                        "Actual Total Time": 641.73,
                                        "Actual Rows": 176883,
                                        "Actual Loops": 1
                                    },
                                    {
                                        "Worker Number": 1,
                                        "Actual Startup Time": 340.401,
                                        "Actual Total Time": 643.198,
                                        "Actual Rows": 243209,
                                        "Actual Loops": 1
                                    },
                                    {
                                        "Worker Number": 2,
                                        "Actual Startup Time": 340.523,
                                        "Actual Total Time": 643.889,
                                        "Actual Rows": 240478,
                                        "Actual Loops": 1
                                    },
                                    {
                                        "Worker Number": 3,
                                        "Actual Startup Time": 340.413,
                                        "Actual Total Time": 643.648,
                                        "Actual Rows": 252785,
                                        "Actual Loops": 1
                                    },
                                    {
                                        "Worker Number": 4,
                                        "Actual Startup Time": 340.782,
                                        "Actual Total Time": 642.11,
                                        "Actual Rows": 181456,
                                        "Actual Loops": 1
                                    }
                                ],
                                "Plans": [
                                    {
                                        "Node Type": "Index Scan",
                                        "Parent Relationship": "Outer",
                                        "Parallel Aware": true,
                                        "Scan Direction": "Forward",
                                        "Index Name": "role_id_cast_info",
                                        "Relation Name": "cast_info",
                                        "Schema": "public",
                                        "Alias": "ci",
                                        "Startup Cost": 0.56,
                                        "Total Cost": 113575.53,
                                        "Plan Rows": 848315,
                                        "Plan Width": 4,
                                        "Actual Startup Time": 0.205,
                                        "Actual Total Time": 163.693,
                                        "Actual Rows": 720503,
                                        "Actual Loops": 6,
                                        "Output": [
                                            "ci.id",
                                            "ci.person_id",
                                            "ci.movie_id",
                                            "ci.person_role_id",
                                            "ci.note",
                                            "ci.nr_order",
                                            "ci.role_id"
                                        ],
                                        "Index Cond": "(ci.role_id = 10)",
                                        "Rows Removed by Index Recheck": 0,
                                        "Workers": [
                                            {
                                                "Worker Number": 0,
                                                "Actual Startup Time": 0.078,
                                                "Actual Total Time": 165.542,
                                                "Actual Rows": 542110,
                                                "Actual Loops": 1
                                            },
                                            {
                                                "Worker Number": 1,
                                                "Actual Startup Time": 0.281,
                                                "Actual Total Time": 167.011,
                                                "Actual Rows": 771437,
                                                "Actual Loops": 1
                                            },
                                            {
                                                "Worker Number": 2,
                                                "Actual Startup Time": 0.241,
                                                "Actual Total Time": 167.195,
                                                "Actual Rows": 770280,
                                                "Actual Loops": 1
                                            },
                                            {
                                                "Worker Number": 3,
                                                "Actual Startup Time": 0.107,
                                                "Actual Total Time": 164.848,
                                                "Actual Rows": 814343,
                                                "Actual Loops": 1
                                            },
                                            {
                                                "Worker Number": 4,
                                                "Actual Startup Time": 0.35,
                                                "Actual Total Time": 167.014,
                                                "Actual Rows": 546545,
                                                "Actual Loops": 1
                                            }
                                        ]
                                    },
                                    {
                                        "Node Type": "Hash",
                                        "Parent Relationship": "Inner",
                                        "Parallel Aware": true,
                                        "Startup Cost": 92953.93,
                                        "Total Cost": 92953.93,
                                        "Plan Rows": 196590,
                                        "Plan Width": 8,
                                        "Actual Startup Time": 338.48,
                                        "Actual Total Time": 338.66,
                                        "Actual Rows": 31356,
                                        "Actual Loops": 6,
                                        "Output": [
                                            "t.id",
                                            "mk.movie_id"
                                        ],
                                        "Hash Buckets": 1048576,
                                        "Original Hash Buckets": 1048576,
                                        "Hash Batches": 1,
                                        "Original Hash Batches": 1,
                                        "Peak Memory Usage": 15680,
                                        "Workers": [
                                            {
                                                "Worker Number": 0,
                                                "Actual Startup Time": 339.187,
                                                "Actual Total Time": 339.191,
                                                "Actual Rows": 23726,
                                                "Actual Loops": 1
                                            },
                                            {
                                                "Worker Number": 1,
                                                "Actual Startup Time": 339.576,
                                                "Actual Total Time": 339.58,
                                                "Actual Rows": 32968,
                                                "Actual Loops": 1
                                            },
                                            {
                                                "Worker Number": 2,
                                                "Actual Startup Time": 339.574,
                                                "Actual Total Time": 339.577,
                                                "Actual Rows": 33663,
                                                "Actual Loops": 1
                                            },
                                            {
                                                "Worker Number": 3,
                                                "Actual Startup Time": 339.865,
                                                "Actual Total Time": 339.869,
                                                "Actual Rows": 33985,
                                                "Actual Loops": 1
                                            },
                                            {
                                                "Worker Number": 4,
                                                "Actual Startup Time": 339.96,
                                                "Actual Total Time": 339.965,
                                                "Actual Rows": 22788,
                                                "Actual Loops": 1
                                            }
                                        ],
                                        "Plans": [
                                            {
                                                "Node Type": "Hash Join",
                                                "Parent Relationship": "Outer",
                                                "Parallel Aware": true,
                                                "Join Type": "Inner",
                                                "Startup Cost": 49146.46,
                                                "Total Cost": 92953.93,
                                                "Plan Rows": 196590,
                                                "Plan Width": 8,
                                                "Actual Startup Time": 199.465,
                                                "Actual Total Time": 321.353,
                                                "Actual Rows": 31356,
                                                "Actual Loops": 6,
                                                "Output": [
                                                    "t.id",
                                                    "mk.movie_id"
                                                ],
                                                "Inner Unique": true,
                                                "Hash Cond": "(mk.movie_id = t.id)",
                                                "Workers": [
                                                    {
                                                        "Worker Number": 0,
                                                        "Actual Startup Time": 199.433,
                                                        "Actual Total Time": 321.745,
                                                        "Actual Rows": 23726,
                                                        "Actual Loops": 1
                                                    },
                                                    {
                                                        "Worker Number": 1,
                                                        "Actual Startup Time": 199.436,
                                                        "Actual Total Time": 321.087,
                                                        "Actual Rows": 32968,
                                                        "Actual Loops": 1
                                                    },
                                                    {
                                                        "Worker Number": 2,
                                                        "Actual Startup Time": 199.376,
                                                        "Actual Total Time": 320.872,
                                                        "Actual Rows": 33663,
                                                        "Actual Loops": 1
                                                    },
                                                    {
                                                        "Worker Number": 3,
                                                        "Actual Startup Time": 199.464,
                                                        "Actual Total Time": 321.423,
                                                        "Actual Rows": 33985,
                                                        "Actual Loops": 1
                                                    },
                                                    {
                                                        "Worker Number": 4,
                                                        "Actual Startup Time": 199.444,
                                                        "Actual Total Time": 321.133,
                                                        "Actual Rows": 22788,
                                                        "Actual Loops": 1
                                                    }
                                                ],
                                                "Plans": [
                                                    {
                                                        "Node Type": "Seq Scan",
                                                        "Parent Relationship": "Outer",
                                                        "Parallel Aware": true,
                                                        "Relation Name": "movie_keyword",
                                                        "Schema": "public",
                                                        "Alias": "mk",
                                                        "Startup Cost": 0.0,
                                                        "Total Cost": 42695.65,
                                                        "Plan Rows": 423549,
                                                        "Plan Width": 4,
                                                        "Actual Startup Time": 0.675,
                                                        "Actual Total Time": 84.985,
                                                        "Actual Rows": 214162,
                                                        "Actual Loops": 6,
                                                        "Output": [
                                                            "mk.id",
                                                            "mk.movie_id",
                                                            "mk.keyword_id"
                                                        ],
                                                        "Filter": "(mk.keyword_id > 13751)",
                                                        "Rows Removed by Filter": 539827,
                                                        "Workers": [
                                                            {
                                                                "Worker Number": 0,
                                                                "Actual Startup Time": 0.586,
                                                                "Actual Total Time": 87.035,
                                                                "Actual Rows": 160185,
                                                                "Actual Loops": 1
                                                            },
                                                            {
                                                                "Worker Number": 1,
                                                                "Actual Startup Time": 0.617,
                                                                "Actual Total Time": 85.505,
                                                                "Actual Rows": 220803,
                                                                "Actual Loops": 1
                                                            },
                                                            {
                                                                "Worker Number": 2,
                                                                "Actual Startup Time": 0.719,
                                                                "Actual Total Time": 85.734,
                                                                "Actual Rows": 222209,
                                                                "Actual Loops": 1
                                                            },
                                                            {
                                                                "Worker Number": 3,
                                                                "Actual Startup Time": 0.698,
                                                                "Actual Total Time": 86.39,
                                                                "Actual Rows": 236911,
                                                                "Actual Loops": 1
                                                            },
                                                            {
                                                                "Worker Number": 4,
                                                                "Actual Startup Time": 0.736,
                                                                "Actual Total Time": 87.241,
                                                                "Actual Rows": 159915,
                                                                "Actual Loops": 1
                                                            }
                                                        ]
                                                    },
                                                    {
                                                        "Node Type": "Hash",
                                                        "Parent Relationship": "Inner",
                                                        "Parallel Aware": true,
                                                        "Startup Cost": 45479.21,
                                                        "Total Cost": 45479.21,
                                                        "Plan Rows": 293380,
                                                        "Plan Width": 4,
                                                        "Actual Startup Time": 194.726,
                                                        "Actual Total Time": 194.727,
                                                        "Actual Rows": 189993,
                                                        "Actual Loops": 6,
                                                        "Output": [
                                                            "t.id"
                                                        ],
                                                        "Hash Buckets": 2097152,
                                                        "Original Hash Buckets": 2097152,
                                                        "Hash Batches": 1,
                                                        "Original Hash Batches": 1,
                                                        "Peak Memory Usage": 61088,
                                                        "Workers": [
                                                            {
                                                                "Worker Number": 0,
                                                                "Actual Startup Time": 198.518,
                                                                "Actual Total Time": 198.519,
                                                                "Actual Rows": 145302,
                                                                "Actual Loops": 1
                                                            },
                                                            {
                                                                "Worker Number": 1,
                                                                "Actual Startup Time": 198.514,
                                                                "Actual Total Time": 198.515,
                                                                "Actual Rows": 193255,
                                                                "Actual Loops": 1
                                                            },
                                                            {
                                                                "Worker Number": 2,
                                                                "Actual Startup Time": 198.477,
                                                                "Actual Total Time": 198.478,
                                                                "Actual Rows": 192528,
                                                                "Actual Loops": 1
                                                            },
                                                            {
                                                                "Worker Number": 3,
                                                                "Actual Startup Time": 198.531,
                                                                "Actual Total Time": 198.532,
                                                                "Actual Rows": 192846,
                                                                "Actual Loops": 1
                                                            },
                                                            {
                                                                "Worker Number": 4,
                                                                "Actual Startup Time": 198.546,
                                                                "Actual Total Time": 198.547,
                                                                "Actual Rows": 152393,
                                                                "Actual Loops": 1
                                                            }
                                                        ],
                                                        "Plans": [
                                                            {
                                                                "Node Type": "Seq Scan",
                                                                "Parent Relationship": "Outer",
                                                                "Parallel Aware": true,
                                                                "Relation Name": "title",
                                                                "Schema": "public",
                                                                "Alias": "t",
                                                                "Startup Cost": 0.0,
                                                                "Total Cost": 45479.21,
                                                                "Plan Rows": 293380,
                                                                "Plan Width": 4,
                                                                "Actual Startup Time": 0.101,
                                                                "Actual Total Time": 89.318,
                                                                "Actual Rows": 189993,
                                                                "Actual Loops": 6,
                                                                "Output": [
                                                                    "t.id"
                                                                ],
                                                                "Filter": "((t.kind_id > 4) AND (t.production_year < 2010))",
                                                                "Rows Removed by Filter": 231392,
                                                                "Workers": [
                                                                    {
                                                                        "Worker Number": 0,
                                                                        "Actual Startup Time": 0.12,
                                                                        "Actual Total Time": 91.091,
                                                                        "Actual Rows": 145302,
                                                                        "Actual Loops": 1
                                                                    },
                                                                    {
                                                                        "Worker Number": 1,
                                                                        "Actual Startup Time": 0.118,
                                                                        "Actual Total Time": 90.653,
                                                                        "Actual Rows": 193255,
                                                                        "Actual Loops": 1
                                                                    },
                                                                    {
                                                                        "Worker Number": 2,
                                                                        "Actual Startup Time": 0.126,
                                                                        "Actual Total Time": 90.985,
                                                                        "Actual Rows": 192528,
                                                                        "Actual Loops": 1
                                                                    },
                                                                    {
                                                                        "Worker Number": 3,
                                                                        "Actual Startup Time": 0.102,
                                                                        "Actual Total Time": 88.727,
                                                                        "Actual Rows": 192846,
                                                                        "Actual Loops": 1
                                                                    },
                                                                    {
                                                                        "Worker Number": 4,
                                                                        "Actual Startup Time": 0.111,
                                                                        "Actual Total Time": 93.4,
                                                                        "Actual Rows": 152393,
                                                                        "Actual Loops": 1
                                                                    }
                                                                ]
                                                            }
                                                        ]
                                                    }
                                                ]
                                            }
                                        ]
                                    }
                                ]
                            }
                        ]
                    }
                ]
            }
        ]
    },
    "Planning Time": 1.577,
    "Triggers": [],
    "Execution Time": 709.546
}