[
  {
    "Plan": {
      "Node Type": "Aggregate",
      "Strategy": "Plain",
      "Partial Mode": "Finalize",
      "Parallel Aware": false,
      "Startup Cost": 439123.56,
      "Total Cost": 439123.57,
      "Plan Rows": 1,
      "Plan Width": 8,
      "Actual Startup Time": 2644.608,
      "Actual Total Time": 2703.873,
      "Actual Rows": 1,
      "Actual Loops": 1,
      "Plans": [
        {
          "Node Type": "Gather",
          "Parent Relationship": "Outer",
          "Parallel Aware": false,
          "Startup Cost": 439122.94,
          "Total Cost": 439123.55,
          "Plan Rows": 6,
          "Plan Width": 8,
          "Actual Startup Time": 2632.783,
          "Actual Total Time": 2703.855,
          "Actual Rows": 7,
          "Actual Loops": 1,
          "Workers Planned": 6,
          "Workers Launched": 6,
          "Single Copy": false,
          "Plans": [
            {
              "Node Type": "Aggregate",
              "Strategy": "Plain",
              "Partial Mode": "Partial",
              "Parent Relationship": "Outer",
              "Parallel Aware": false,
              "Startup Cost": 438122.94,
              "Total Cost": 438122.95,
              "Plan Rows": 1,
              "Plan Width": 8,
              "Actual Startup Time": 2622.424,
              "Actual Total Time": 2622.591,
              "Actual Rows": 1,
              "Actual Loops": 7,
              "Plans": [
                {
                  "Node Type": "Hash Join",
                  "Parent Relationship": "Outer",
                  "Parallel Aware": true,
                  "Join Type": "Inner",
                  "Startup Cost": 93712.22,
                  "Total Cost": 434347.54,
                  "Plan Rows": 1510159,
                  "Plan Width": 0,
                  "Actual Startup Time": 496.53,
                  "Actual Total Time": 2442.983,
                  "Actual Rows": 3600240,
                  "Actual Loops": 7,
                  "Inner Unique": false,
                  "Hash Cond": "(ci.movie_id = t.id)",
                  "Plans": [
                    {
                      "Node Type": "Seq Scan",
                      "Parent Relationship": "Outer",
                      "Parallel Aware": true,
                      "Relation Name": "cast_info",
                      "Alias": "ci",
                      "Startup Cost": 0.0,
                      "Total Cost": 313106.51,
                      "Plan Rows": 6041951,
                      "Plan Width": 4,
                      "Actual Startup Time": 0.035,
                      "Actual Total Time": 585.896,
                      "Actual Rows": 5177763,
                      "Actual Loops": 7
                    },
                    {
                      "Node Type": "Hash",
                      "Parent Relationship": "Inner",
                      "Parallel Aware": true,
                      "Startup Cost": 91163.96,
                      "Total Cost": 91163.96,
                      "Plan Rows": 203861,
                      "Plan Width": 8,
                      "Actual Startup Time": 494.137,
                      "Actual Total Time": 494.303,
                      "Actual Rows": 91675,
                      "Actual Loops": 7,
                      "Hash Buckets": 1048576,
                      "Original Hash Buckets": 1048576,
                      "Hash Batches": 1,
                      "Original Hash Batches": 1,
                      "Peak Memory Usage": 33376,
                      "Plans": [
                        {
                          "Node Type": "Hash Join",
                          "Parent Relationship": "Outer",
                          "Parallel Aware": true,
                          "Join Type": "Inner",
                          "Startup Cost": 63626.57,
                          "Total Cost": 91163.96,
                          "Plan Rows": 203861,
                          "Plan Width": 8,
                          "Actual Startup Time": 345.526,
                          "Actual Total Time": 446.709,
                          "Actual Rows": 91675,
                          "Actual Loops": 7,
                          "Inner Unique": true,
                          "Hash Cond": "(mk.movie_id = t.id)",
                          "Plans": [
                            {
                              "Node Type": "Bitmap Heap Scan",
                              "Parent Relationship": "Outer",
                              "Parallel Aware": true,
                              "Relation Name": "movie_keyword",
                              "Alias": "mk",
                              "Startup Cost": 13406.18,
                              "Total Cost": 40408.44,
                              "Plan Rows": 203861,
                              "Plan Width": 4,
                              "Actual Startup Time": 41.824,
                              "Actual Total Time": 93.414,
                              "Actual Rows": 91675,
                              "Actual Loops": 7,
                              "Recheck Cond": "(keyword_id < 498)",
                              "Rows Removed by Index Recheck": 0,
                              "Exact Heap Blocks": 3255,
                              "Lossy Heap Blocks": 0,
                              "Plans": [
                                {
                                  "Node Type": "Bitmap Index Scan",
                                  "Parent Relationship": "Outer",
                                  "Parallel Aware": false,
                                  "Index Name": "keyword_id_movie_keyword",
                                  "Startup Cost": 0.0,
                                  "Total Cost": 13248.19,
                                  "Plan Rows": 631968,
                                  "Plan Width": 0,
                                  "Actual Startup Time": 38.129,
                                  "Actual Total Time": 38.13,
                                  "Actual Rows": 641726,
                                  "Actual Loops": 1,
                                  "Index Cond": "(keyword_id < 498)"
                                }
                              ]
                            },
                            {
                              "Node Type": "Hash",
                              "Parent Relationship": "Inner",
                              "Parallel Aware": true,
                              "Startup Cost": 42319.06,
                              "Total Cost": 42319.06,
                              "Plan Rows": 632106,
                              "Plan Width": 4,
                              "Actual Startup Time": 298.502,
                              "Actual Total Time": 298.503,
                              "Actual Rows": 361187,
                              "Actual Loops": 7,
                              "Hash Buckets": 4194304,
                              "Original Hash Buckets": 4194304,
                              "Hash Batches": 1,
                              "Original Hash Batches": 1,
                              "Peak Memory Usage": 131840,
                              "Plans": [
                                {
                                  "Node Type": "Seq Scan",
                                  "Parent Relationship": "Outer",
                                  "Parallel Aware": true,
                                  "Relation Name": "title",
                                  "Alias": "t",
                                  "Startup Cost": 0.0,
                                  "Total Cost": 42319.06,
                                  "Plan Rows": 632106,
                                  "Plan Width": 4,
                                  "Actual Startup Time": 0.068,
                                  "Actual Total Time": 82.29,
                                  "Actual Rows": 361187,
                                  "Actual Loops": 7
                                }
                              ]
                            }
                          ]
                        }
                      ]
                    }
                  ]
                }
              ]
            }
          ]
        }
      ]
    },
    "Planning Time": 0.559,
    "Triggers": [],
    "Execution Time": 2703.939
  }
]