{
  "Plan": {
    "Node Type": "Aggregate",
    "Strategy": "Plain",
    "Partial Mode": "Simple",
    "Parallel Aware": false,
    "Startup Cost": 93945.57,
    "Total Cost": 93945.58,
    "Plan Rows": 1,
    "Plan Width": 8,
    "Actual Startup Time": 934.043,
    "Actual Total Time": 934.045,
    "Actual Rows": 1,
    "Actual Loops": 1,
    "Plans": [
      {
        "Node Type": "Hash Join",
        "Parent Relationship": "Outer",
        "Parallel Aware": false,
        "Join Type": "Inner",
        "Startup Cost": 92885.16,
        "Total Cost": 93944.33,
        "Plan Rows": 497,
        "Plan Width": 0,
        "Actual Startup Time": 933.956,
        "Actual Total Time": 934.034,
        "Actual Rows": 78,
        "Actual Loops": 1,
        "Inner Unique": true,
        "Hash Cond": "(ci.movie_id = t.id)",
        "Plans": [
          {
            "Node Type": "Index Scan",
            "Parent Relationship": "Outer",
            "Parallel Aware": false,
            "Scan Direction": "Forward",
            "Index Name": "person_id_cast_info",
            "Relation Name": "cast_info",
            "Alias": "ci",
            "Startup Cost": 0.56,
            "Total Cost": 1058.43,
            "Plan Rows": 497,
            "Plan Width": 4,
            "Actual Startup Time": 0.15,
            "Actual Total Time": 0.164,
            "Actual Rows": 78,
            "Actual Loops": 1,
            "Index Cond": "(person_id = 3763234)",
            "Rows Removed by Index Recheck": 0
          },
          {
            "Node Type": "Hash",
            "Parent Relationship": "Inner",
            "Parallel Aware": false,
            "Startup Cost": 61280.93,
            "Total Cost": 61280.93,
            "Plan Rows": 2528293,
            "Plan Width": 4,
            "Actual Startup Time": 898.857,
            "Actual Total Time": 898.857,
            "Actual Rows": 2528312,
            "Actual Loops": 1,
            "Hash Buckets": 4194304,
            "Original Hash Buckets": 4194304,
            "Hash Batches": 1,
            "Original Hash Batches": 1,
            "Peak Memory Usage": 121654,
            "Plans": [
              {
                "Node Type": "Seq Scan",
                "Parent Relationship": "Outer",
                "Parallel Aware": false,
                "Relation Name": "title",
                "Alias": "t",
                "Startup Cost": 0.0,
                "Total Cost": 61280.93,
                "Plan Rows": 2528293,
                "Plan Width": 4,
                "Actual Startup Time": 0.019,
                "Actual Total Time": 285.975,
                "Actual Rows": 2528312,
                "Actual Loops": 1
              }
            ]
          }
        ]
      }
    ]
  },
  "Planning Time": 0.757,
  "Triggers": [],
  "Execution Time": 937.458
}