[
  {
    "Plan": {
      "Node Type": "Aggregate",
      "Strategy": "Plain",
      "Partial Mode": "Finalize",
      "Parallel Aware": false,
      "Startup Cost": 347903.6,
      "Total Cost": 347903.61,
      "Plan Rows": 1,
      "Plan Width": 8,
      "Actual Startup Time": 668.389,
      "Actual Total Time": 713.927,
      "Actual Rows": 1,
      "Actual Loops": 1,
      "Plans": [
        {
          "Node Type": "Gather",
          "Parent Relationship": "Outer",
          "Parallel Aware": false,
          "Startup Cost": 347902.98,
          "Total Cost": 347903.59,
          "Plan Rows": 6,
          "Plan Width": 8,
          "Actual Startup Time": 668.178,
          "Actual Total Time": 713.908,
          "Actual Rows": 7,
          "Actual Loops": 1,
          "Workers Planned": 6,
          "Workers Launched": 6,
          "Single Copy": false,
          "Plans": [
            {
              "Node Type": "Aggregate",
              "Strategy": "Plain",
              "Partial Mode": "Partial",
              "Parent Relationship": "Outer",
              "Parallel Aware": false,
              "Startup Cost": 346902.98,
              "Total Cost": 346902.99,
              "Plan Rows": 1,
              "Plan Width": 8,
              "Actual Startup Time": 659.214,
              "Actual Total Time": 659.215,
              "Actual Rows": 1,
              "Actual Loops": 7,
              "Plans": [
                {
                  "Node Type": "Seq Scan",
                  "Parent Relationship": "Outer",
                  "Parallel Aware": true,
                  "Relation Name": "cast_info",
                  "Alias": "ci",
                  "Startup Cost": 0.0,
                  "Total Cost": 343316.27,
                  "Plan Rows": 1434683,
                  "Plan Width": 0,
                  "Actual Startup Time": 269.146,
                  "Actual Total Time": 629.642,
                  "Actual Rows": 624968,
                  "Actual Loops": 7,
                  "Filter": "((person_id > 2130744) AND (role_id < 3))",
                  "Rows Removed by Filter": 4552795
                }
              ]
            }
          ]
        }
      ]
    },
    "Planning Time": 0.192,
    "Triggers": [],
    "Execution Time": 713.991
  }
]