[
  {
    "Plan": {
      "Node Type": "Aggregate",
      "Strategy": "Plain",
      "Partial Mode": "Finalize",
      "Parallel Aware": false,
      "Startup Cost": 436778.48,
      "Total Cost": 436778.49,
      "Plan Rows": 1,
      "Plan Width": 8,
      "Actual Startup Time": 2319.112,
      "Actual Total Time": 2390.531,
      "Actual Rows": 1,
      "Actual Loops": 1,
      "Plans": [
        {
          "Node Type": "Gather",
          "Parent Relationship": "Outer",
          "Parallel Aware": false,
          "Startup Cost": 436778.16,
          "Total Cost": 436778.47,
          "Plan Rows": 3,
          "Plan Width": 8,
          "Actual Startup Time": 2315.607,
          "Actual Total Time": 2390.516,
          "Actual Rows": 4,
          "Actual Loops": 1,
          "Workers Planned": 3,
          "Workers Launched": 3,
          "Single Copy": false,
          "Plans": [
            {
              "Node Type": "Aggregate",
              "Strategy": "Plain",
              "Partial Mode": "Partial",
              "Parent Relationship": "Outer",
              "Parallel Aware": false,
              "Startup Cost": 435778.16,
              "Total Cost": 435778.17,
              "Plan Rows": 1,
              "Plan Width": 8,
              "Actual Startup Time": 2307.501,
              "Actual Total Time": 2307.634,
              "Actual Rows": 1,
              "Actual Loops": 4,
              "Plans": [
                {
                  "Node Type": "Hash Join",
                  "Parent Relationship": "Outer",
                  "Parallel Aware": true,
                  "Join Type": "Inner",
                  "Startup Cost": 390330.32,
                  "Total Cost": 435221.34,
                  "Plan Rows": 222726,
                  "Plan Width": 0,
                  "Actual Startup Time": 1943.75,
                  "Actual Total Time": 2255.315,
                  "Actual Rows": 1105216,
                  "Actual Loops": 4,
                  "Inner Unique": false,
                  "Hash Cond": "(mk.movie_id = t.id)",
                  "Plans": [
                    {
                      "Node Type": "Seq Scan",
                      "Parent Relationship": "Outer",
                      "Parallel Aware": true,
                      "Relation Name": "movie_keyword",
                      "Alias": "mk",
                      "Startup Cost": 0.0,
                      "Total Cost": 39047.32,
                      "Plan Rows": 1459332,
                      "Plan Width": 4,
                      "Actual Startup Time": 0.034,
                      "Actual Total Time": 96.778,
                      "Actual Rows": 1130982,
                      "Actual Loops": 4
                    },
                    {
                      "Node Type": "Hash",
                      "Parent Relationship": "Inner",
                      "Parallel Aware": true,
                      "Startup Cost": 389526.37,
                      "Total Cost": 389526.37,
                      "Plan Rows": 64316,
                      "Plan Width": 8,
                      "Actual Startup Time": 1939.851,
                      "Actual Total Time": 1939.982,
                      "Actual Rows": 125709,
                      "Actual Loops": 4,
                      "Hash Buckets": 524288,
                      "Original Hash Buckets": 524288,
                      "Hash Batches": 1,
                      "Original Hash Batches": 1,
                      "Peak Memory Usage": 23840,
                      "Plans": [
                        {
                          "Node Type": "Hash Join",
                          "Parent Relationship": "Outer",
                          "Parallel Aware": true,
                          "Join Type": "Inner",
                          "Startup Cost": 45085.65,
                          "Total Cost": 389526.37,
                          "Plan Rows": 64316,
                          "Plan Width": 8,
                          "Actual Startup Time": 199.306,
                          "Actual Total Time": 1860.931,
                          "Actual Rows": 125709,
                          "Actual Loops": 4,
                          "Inner Unique": true,
                          "Hash Cond": "(ci.movie_id = t.id)",
                          "Plans": [
                            {
                              "Node Type": "Seq Scan",
                              "Parent Relationship": "Outer",
                              "Parallel Aware": true,
                              "Relation Name": "cast_info",
                              "Alias": "ci",
                              "Startup Cost": 0.0,
                              "Total Cost": 343316.27,
                              "Plan Rows": 428362,
                              "Plan Width": 4,
                              "Actual Startup Time": 0.061,
                              "Actual Total Time": 1376.472,
                              "Actual Rows": 800890,
                              "Actual Loops": 4,
                              "Filter": "((person_id < 384907) AND (role_id < 4))",
                              "Rows Removed by Filter": 8260196
                            },
                            {
                              "Node Type": "Hash",
                              "Parent Relationship": "Inner",
                              "Parallel Aware": true,
                              "Startup Cost": 43899.32,
                              "Total Cost": 43899.32,
                              "Plan Rows": 94906,
                              "Plan Width": 4,
                              "Actual Startup Time": 197.039,
                              "Actual Total Time": 197.04,
                              "Actual Rows": 98968,
                              "Actual Loops": 4,
                              "Hash Buckets": 524288,
                              "Original Hash Buckets": 524288,
                              "Hash Batches": 1,
                              "Original Hash Batches": 1,
                              "Peak Memory Usage": 19648,
                              "Plans": [
                                {
                                  "Node Type": "Seq Scan",
                                  "Parent Relationship": "Outer",
                                  "Parallel Aware": true,
                                  "Relation Name": "title",
                                  "Alias": "t",
                                  "Startup Cost": 0.0,
                                  "Total Cost": 43899.32,
                                  "Plan Rows": 94906,
                                  "Plan Width": 4,
                                  "Actual Startup Time": 0.055,
                                  "Actual Total Time": 137.814,
                                  "Actual Rows": 98968,
                                  "Actual Loops": 4,
                                  "Filter": "(production_year < 1972)",
                                  "Rows Removed by Filter": 533110
                                }
                              ]
                            }
                          ]
                        }
                      ]
                    }
                  ]
                }
              ]
            }
          ]
        }
      ]
    },
    "Planning Time": 1.399,
    "Triggers": [],
    "Execution Time": 2390.629
  }
]