[
  {
    "Plan": {
      "Node Type": "Aggregate",
      "Strategy": "Plain",
      "Partial Mode": "Finalize",
      "Parallel Aware": false,
      "Startup Cost": 249630.2,
      "Total Cost": 249630.21,
      "Plan Rows": 1,
      "Plan Width": 8,
      "Actual Startup Time": 560.061,
      "Actual Total Time": 607.531,
      "Actual Rows": 1,
      "Actual Loops": 1,
      "Plans": [
        {
          "Node Type": "Gather",
          "Parent Relationship": "Outer",
          "Parallel Aware": false,
          "Startup Cost": 249629.68,
          "Total Cost": 249630.19,
          "Plan Rows": 5,
          "Plan Width": 8,
          "Actual Startup Time": 559.439,
          "Actual Total Time": 607.521,
          "Actual Rows": 6,
          "Actual Loops": 1,
          "Workers Planned": 5,
          "Workers Launched": 5,
          "Single Copy": false,
          "Plans": [
            {
              "Node Type": "Aggregate",
              "Strategy": "Plain",
              "Partial Mode": "Partial",
              "Parent Relationship": "Outer",
              "Parallel Aware": false,
              "Startup Cost": 248629.68,
              "Total Cost": 248629.69,
              "Plan Rows": 1,
              "Plan Width": 8,
              "Actual Startup Time": 548.952,
              "Actual Total Time": 548.955,
              "Actual Rows": 1,
              "Actual Loops": 6,
              "Plans": [
                {
                  "Node Type": "Hash Join",
                  "Parent Relationship": "Outer",
                  "Parallel Aware": true,
                  "Join Type": "Inner",
                  "Startup Cost": 45615.29,
                  "Total Cost": 248564.07,
                  "Plan Rows": 26243,
                  "Plan Width": 0,
                  "Actual Startup Time": 104.305,
                  "Actual Total Time": 546.99,
                  "Actual Rows": 34386,
                  "Actual Loops": 6,
                  "Inner Unique": true,
                  "Hash Cond": "(mi.movie_id = t.id)",
                  "Plans": [
                    {
                      "Node Type": "Seq Scan",
                      "Parent Relationship": "Outer",
                      "Parallel Aware": true,
                      "Relation Name": "movie_info",
                      "Alias": "mi",
                      "Startup Cost": 0.0,
                      "Total Cost": 198952.16,
                      "Plan Rows": 1522520,
                      "Plan Width": 4,
                      "Actual Startup Time": 16.602,
                      "Actual Total Time": 333.663,
                      "Actual Rows": 1258142,
                      "Actual Loops": 6,
                      "Filter": "(info_type_id > 7)",
                      "Rows Removed by Filter": 1214478
                    },
                    {
                      "Node Type": "Hash",
                      "Parent Relationship": "Inner",
                      "Parallel Aware": true,
                      "Startup Cost": 45479.1,
                      "Total Cost": 45479.1,
                      "Plan Rows": 10895,
                      "Plan Width": 4,
                      "Actual Startup Time": 86.497,
                      "Actual Total Time": 86.498,
                      "Actual Rows": 5973,
                      "Actual Loops": 6,
                      "Hash Buckets": 65536,
                      "Original Hash Buckets": 65536,
                      "Hash Batches": 1,
                      "Original Hash Batches": 1,
                      "Peak Memory Usage": 2016,
                      "Plans": [
                        {
                          "Node Type": "Seq Scan",
                          "Parent Relationship": "Outer",
                          "Parallel Aware": true,
                          "Relation Name": "title",
                          "Alias": "t",
                          "Startup Cost": 0.0,
                          "Total Cost": 45479.1,
                          "Plan Rows": 10895,
                          "Plan Width": 4,
                          "Actual Startup Time": 0.21,
                          "Actual Total Time": 83.397,
                          "Actual Rows": 5973,
                          "Actual Loops": 6,
                          "Filter": "((kind_id < 4) AND (production_year = 2009))",
                          "Rows Removed by Filter": 415413
                        }
                      ]
                    }
                  ]
                }
              ]
            }
          ]
        }
      ]
    },
    "Planning Time": 0.659,
    "Triggers": [],
    "Execution Time": 607.608
  }
]