{
  "Plan": {
    "Node Type": "Aggregate",
    "Strategy": "Plain",
    "Partial Mode": "Simple",
    "Parallel Aware": false,
    "Startup Cost": 3226.35,
    "Total Cost": 3226.36,
    "Plan Rows": 1,
    "Plan Width": 8,
    "Actual Startup Time": 2.399,
    "Actual Total Time": 2.402,
    "Actual Rows": 1,
    "Actual Loops": 1,
    "Plans": [
      {
        "Node Type": "Nested Loop",
        "Parent Relationship": "Outer",
        "Parallel Aware": false,
        "Join Type": "Inner",
        "Startup Cost": 7.35,
        "Total Cost": 3224.81,
        "Plan Rows": 616,
        "Plan Width": 0,
        "Actual Startup Time": 0.281,
        "Actual Total Time": 2.365,
        "Actual Rows": 204,
        "Actual Loops": 1,
        "Inner Unique": false,
        "Plans": [
          {
            "Node Type": "Nested Loop",
            "Parent Relationship": "Outer",
            "Parallel Aware": false,
            "Join Type": "Inner",
            "Startup Cost": 6.78,
            "Total Cost": 3007.2,
            "Plan Rows": 43,
            "Plan Width": 8,
            "Actual Startup Time": 0.195,
            "Actual Total Time": 1.603,
            "Actual Rows": 5,
            "Actual Loops": 1,
            "Inner Unique": true,
            "Plans": [
              {
                "Node Type": "Bitmap Heap Scan",
                "Parent Relationship": "Outer",
                "Parallel Aware": false,
                "Relation Name": "movie_keyword",
                "Alias": "mk",
                "Startup Cost": 6.35,
                "Total Cost": 922.98,
                "Plan Rows": 248,
                "Plan Width": 4,
                "Actual Startup Time": 0.171,
                "Actual Total Time": 0.464,
                "Actual Rows": 93,
                "Actual Loops": 1,
                "Recheck Cond": "(keyword_id = 5795)",
                "Rows Removed by Index Recheck": 0,
                "Exact Heap Blocks": 92,
                "Lossy Heap Blocks": 0,
                "Plans": [
                  {
                    "Node Type": "Bitmap Index Scan",
                    "Parent Relationship": "Outer",
                    "Parallel Aware": false,
                    "Index Name": "keyword_id_movie_keyword",
                    "Startup Cost": 0.0,
                    "Total Cost": 6.29,
                    "Plan Rows": 248,
                    "Plan Width": 0,
                    "Actual Startup Time": 0.14,
                    "Actual Total Time": 0.141,
                    "Actual Rows": 93,
                    "Actual Loops": 1,
                    "Index Cond": "(keyword_id = 5795)"
                  }
                ]
              },
              {
                "Node Type": "Index Scan",
                "Parent Relationship": "Inner",
                "Parallel Aware": false,
                "Scan Direction": "Forward",
                "Index Name": "title_pkey",
                "Relation Name": "title",
                "Alias": "t",
                "Startup Cost": 0.43,
                "Total Cost": 8.4,
                "Plan Rows": 1,
                "Plan Width": 4,
                "Actual Startup Time": 0.011,
                "Actual Total Time": 0.011,
                "Actual Rows": 0,
                "Actual Loops": 93,
                "Index Cond": "(id = mk.movie_id)",
                "Rows Removed by Index Recheck": 0,
                "Filter": "((kind_id > 1) AND (production_year < 1986))",
                "Rows Removed by Filter": 1
              }
            ]
          },
          {
            "Node Type": "Index Only Scan",
            "Parent Relationship": "Inner",
            "Parallel Aware": false,
            "Scan Direction": "Forward",
            "Index Name": "movie_id_cast_info",
            "Relation Name": "cast_info",
            "Alias": "ci",
            "Startup Cost": 0.56,
            "Total Cost": 4.69,
            "Plan Rows": 37,
            "Plan Width": 4,
            "Actual Startup Time": 0.034,
            "Actual Total Time": 0.142,
            "Actual Rows": 41,
            "Actual Loops": 5,
            "Index Cond": "(movie_id = t.id)",
            "Rows Removed by Index Recheck": 0,
            "Heap Fetches": 204
          }
        ]
      }
    ]
  },
  "Planning Time": 0.786,
  "Triggers": [],
  "Execution Time": 2.477
}