{
  "Plan": {
    "Node Type": "Aggregate",
    "Strategy": "Plain",
    "Partial Mode": "Finalize",
    "Parallel Aware": false,
    "Startup Cost": 99666.01,
    "Total Cost": 99666.02,
    "Plan Rows": 1,
    "Plan Width": 8,
    "Actual Startup Time": 367.4,
    "Actual Total Time": 376.777,
    "Actual Rows": 1,
    "Actual Loops": 1,
    "Plans": [
      {
        "Node Type": "Gather",
        "Parent Relationship": "Outer",
        "Parallel Aware": false,
        "Startup Cost": 99665.9,
        "Total Cost": 99666.01,
        "Plan Rows": 1,
        "Plan Width": 8,
        "Actual Startup Time": 366.088,
        "Actual Total Time": 376.769,
        "Actual Rows": 2,
        "Actual Loops": 1,
        "Workers Planned": 1,
        "Workers Launched": 1,
        "Single Copy": false,
        "Plans": [
          {
            "Node Type": "Aggregate",
            "Strategy": "Plain",
            "Partial Mode": "Partial",
            "Parent Relationship": "Outer",
            "Parallel Aware": false,
            "Startup Cost": 98665.9,
            "Total Cost": 98665.91,
            "Plan Rows": 1,
            "Plan Width": 8,
            "Actual Startup Time": 360.178,
            "Actual Total Time": 360.345,
            "Actual Rows": 1,
            "Actual Loops": 2,
            "Plans": [
              {
                "Node Type": "Hash Join",
                "Parent Relationship": "Outer",
                "Parallel Aware": true,
                "Join Type": "Inner",
                "Startup Cost": 55428.34,
                "Total Cost": 98532.83,
                "Plan Rows": 53228,
                "Plan Width": 0,
                "Actual Startup Time": 212.087,
                "Actual Total Time": 351.896,
                "Actual Rows": 203198,
                "Actual Loops": 2,
                "Inner Unique": true,
                "Hash Cond": "(mc.movie_id = t.id)",
                "Plans": [
                  {
                    "Node Type": "Index Scan",
                    "Parent Relationship": "Outer",
                    "Parallel Aware": true,
                    "Scan Direction": "Forward",
                    "Index Name": "company_type_id_movie_companies",
                    "Relation Name": "movie_companies",
                    "Alias": "mc",
                    "Startup Cost": 0.43,
                    "Total Cost": 41574.35,
                    "Plan Rows": 583072,
                    "Plan Width": 4,
                    "Actual Startup Time": 0.08,
                    "Actual Total Time": 112.901,
                    "Actual Rows": 633938,
                    "Actual Loops": 2,
                    "Index Cond": "(company_type_id < 2)",
                    "Rows Removed by Index Recheck": 0,
                    "Filter": "(company_id < 65104)",
                    "Rows Removed by Filter": 3186
                  },
                  {
                    "Node Type": "Hash",
                    "Parent Relationship": "Inner",
                    "Parallel Aware": true,
                    "Startup Cost": 53730.81,
                    "Total Cost": 53730.81,
                    "Plan Rows": 135768,
                    "Plan Width": 4,
                    "Actual Startup Time": 145.961,
                    "Actual Total Time": 145.963,
                    "Actual Rows": 176538,
                    "Actual Loops": 2,
                    "Hash Buckets": 524288,
                    "Original Hash Buckets": 262144,
                    "Hash Batches": 1,
                    "Original Hash Batches": 1,
                    "Peak Memory Usage": 19968,
                    "Plans": [
                      {
                        "Node Type": "Bitmap Heap Scan",
                        "Parent Relationship": "Outer",
                        "Parallel Aware": true,
                        "Relation Name": "title",
                        "Alias": "t",
                        "Startup Cost": 11880.55,
                        "Total Cost": 53730.81,
                        "Plan Rows": 135768,
                        "Plan Width": 4,
                        "Actual Startup Time": 38.007,
                        "Actual Total Time": 104.013,
                        "Actual Rows": 176538,
                        "Actual Loops": 2,
                        "Recheck Cond": "(kind_id = 1)",
                        "Rows Removed by Index Recheck": 0,
                        "Filter": "(production_year < 1997)",
                        "Rows Removed by Filter": 154875,
                        "Exact Heap Blocks": 8366,
                        "Lossy Heap Blocks": 0,
                        "Plans": [
                          {
                            "Node Type": "Bitmap Index Scan",
                            "Parent Relationship": "Outer",
                            "Parallel Aware": false,
                            "Index Name": "kind_id_title",
                            "Startup Cost": 0.0,
                            "Total Cost": 11822.85,
                            "Plan Rows": 663256,
                            "Plan Width": 0,
                            "Actual Startup Time": 38.324,
                            "Actual Total Time": 38.325,
                            "Actual Rows": 662825,
                            "Actual Loops": 1,
                            "Index Cond": "(kind_id = 1)"
                          }
                        ]
                      }
                    ]
                  }
                ]
              }
            ]
          }
        ]
      }
    ]
  },
  "Planning Time": 0.708,
  "Triggers": [],
  "Execution Time": 376.867
}