[
  {
    "Plan": {
      "Node Type": "Aggregate",
      "Strategy": "Plain",
      "Partial Mode": "Finalize",
      "Parallel Aware": false,
      "Startup Cost": 77623.74,
      "Total Cost": 77623.75,
      "Plan Rows": 1,
      "Plan Width": 8,
      "Actual Startup Time": 339.625,
      "Actual Total Time": 356.117,
      "Actual Rows": 1,
      "Actual Loops": 1,
      "Plans": [
        {
          "Node Type": "Gather",
          "Parent Relationship": "Outer",
          "Parallel Aware": false,
          "Startup Cost": 77623.43,
          "Total Cost": 77623.74,
          "Plan Rows": 3,
          "Plan Width": 8,
          "Actual Startup Time": 338.119,
          "Actual Total Time": 356.108,
          "Actual Rows": 4,
          "Actual Loops": 1,
          "Workers Planned": 3,
          "Workers Launched": 3,
          "Single Copy": false,
          "Plans": [
            {
              "Node Type": "Aggregate",
              "Strategy": "Plain",
              "Partial Mode": "Partial",
              "Parent Relationship": "Outer",
              "Parallel Aware": false,
              "Startup Cost": 76623.43,
              "Total Cost": 76623.44,
              "Plan Rows": 1,
              "Plan Width": 8,
              "Actual Startup Time": 331.24,
              "Actual Total Time": 331.243,
              "Actual Rows": 1,
              "Actual Loops": 4,
              "Plans": [
                {
                  "Node Type": "Hash Join",
                  "Parent Relationship": "Outer",
                  "Parallel Aware": true,
                  "Join Type": "Inner",
                  "Startup Cost": 46844.15,
                  "Total Cost": 76260.04,
                  "Plan Rows": 145355,
                  "Plan Width": 0,
                  "Actual Startup Time": 170.886,
                  "Actual Total Time": 320.427,
                  "Actual Rows": 256377,
                  "Actual Loops": 4,
                  "Inner Unique": true,
                  "Hash Cond": "(mc.movie_id = t.id)",
                  "Plans": [
                    {
                      "Node Type": "Seq Scan",
                      "Parent Relationship": "Outer",
                      "Parallel Aware": true,
                      "Relation Name": "movie_companies",
                      "Alias": "mc",
                      "Startup Cost": 0.0,
                      "Total Cost": 27206.55,
                      "Plan Rows": 841655,
                      "Plan Width": 4,
                      "Actual Startup Time": 0.009,
                      "Actual Total Time": 55.354,
                      "Actual Rows": 652282,
                      "Actual Loops": 4
                    },
                    {
                      "Node Type": "Hash",
                      "Parent Relationship": "Inner",
                      "Parallel Aware": true,
                      "Startup Cost": 45479.59,
                      "Total Cost": 45479.59,
                      "Plan Rows": 109165,
                      "Plan Width": 4,
                      "Actual Startup Time": 137.852,
                      "Actual Total Time": 137.853,
                      "Actual Rows": 118480,
                      "Actual Loops": 4,
                      "Hash Buckets": 524288,
                      "Original Hash Buckets": 524288,
                      "Hash Batches": 1,
                      "Original Hash Batches": 1,
                      "Peak Memory Usage": 22688,
                      "Plans": [
                        {
                          "Node Type": "Seq Scan",
                          "Parent Relationship": "Outer",
                          "Parallel Aware": true,
                          "Relation Name": "title",
                          "Alias": "t",
                          "Startup Cost": 0.0,
                          "Total Cost": 45479.59,
                          "Plan Rows": 109165,
                          "Plan Width": 4,
                          "Actual Startup Time": 58.317,
                          "Actual Total Time": 100.392,
                          "Actual Rows": 118480,
                          "Actual Loops": 4,
                          "Filter": "((production_year < 2008) AND (kind_id = 1))",
                          "Rows Removed by Filter": 513598
                        }
                      ]
                    }
                  ]
                }
              ]
            }
          ]
        }
      ]
    },
    "Planning Time": 0.402,
    "Triggers": [],
    "Execution Time": 356.165
  }
]