[
  {
    "Plan": {
      "Node Type": "Aggregate",
      "Strategy": "Plain",
      "Partial Mode": "Finalize",
      "Parallel Aware": false,
      "Startup Cost": 15599.79,
      "Total Cost": 15599.8,
      "Plan Rows": 1,
      "Plan Width": 8,
      "Actual Startup Time": 41.865,
      "Actual Total Time": 46.906,
      "Actual Rows": 1,
      "Actual Loops": 1,
      "Plans": [
        {
          "Node Type": "Gather",
          "Parent Relationship": "Outer",
          "Parallel Aware": false,
          "Startup Cost": 15599.57,
          "Total Cost": 15599.78,
          "Plan Rows": 2,
          "Plan Width": 8,
          "Actual Startup Time": 41.75,
          "Actual Total Time": 46.898,
          "Actual Rows": 3,
          "Actual Loops": 1,
          "Workers Planned": 2,
          "Workers Launched": 2,
          "Single Copy": false,
          "Plans": [
            {
              "Node Type": "Aggregate",
              "Strategy": "Plain",
              "Partial Mode": "Partial",
              "Parent Relationship": "Outer",
              "Parallel Aware": false,
              "Startup Cost": 14599.57,
              "Total Cost": 14599.58,
              "Plan Rows": 1,
              "Plan Width": 8,
              "Actual Startup Time": 33.2,
              "Actual Total Time": 33.202,
              "Actual Rows": 1,
              "Actual Loops": 3,
              "Plans": [
                {
                  "Node Type": "Nested Loop",
                  "Parent Relationship": "Outer",
                  "Parallel Aware": false,
                  "Join Type": "Inner",
                  "Startup Cost": 75.15,
                  "Total Cost": 14599.34,
                  "Plan Rows": 92,
                  "Plan Width": 0,
                  "Actual Startup Time": 1.956,
                  "Actual Total Time": 33.061,
                  "Actual Rows": 500,
                  "Actual Loops": 3,
                  "Inner Unique": false,
                  "Plans": [
                    {
                      "Node Type": "Nested Loop",
                      "Parent Relationship": "Outer",
                      "Parallel Aware": false,
                      "Join Type": "Inner",
                      "Startup Cost": 74.72,
                      "Total Cost": 14328.53,
                      "Plan Rows": 513,
                      "Plan Width": 8,
                      "Actual Startup Time": 1.745,
                      "Actual Total Time": 22.856,
                      "Actual Rows": 945,
                      "Actual Loops": 3,
                      "Inner Unique": true,
                      "Plans": [
                        {
                          "Node Type": "Bitmap Heap Scan",
                          "Parent Relationship": "Outer",
                          "Parallel Aware": true,
                          "Relation Name": "movie_companies",
                          "Alias": "mc",
                          "Startup Cost": 74.29,
                          "Total Cost": 8744.07,
                          "Plan Rows": 696,
                          "Plan Width": 4,
                          "Actual Startup Time": 1.577,
                          "Actual Total Time": 6.837,
                          "Actual Rows": 1002,
                          "Actual Loops": 3,
                          "Recheck Cond": "(company_id = 139)",
                          "Rows Removed by Index Recheck": 0,
                          "Filter": "(company_type_id = 1)",
                          "Rows Removed by Filter": 239,
                          "Exact Heap Blocks": 1636,
                          "Lossy Heap Blocks": 0,
                          "Plans": [
                            {
                              "Node Type": "Bitmap Index Scan",
                              "Parent Relationship": "Outer",
                              "Parallel Aware": false,
                              "Index Name": "company_id_movie_companies",
                              "Startup Cost": 0.0,
                              "Total Cost": 73.87,
                              "Plan Rows": 3392,
                              "Plan Width": 0,
                              "Actual Startup Time": 3.275,
                              "Actual Total Time": 3.275,
                              "Actual Rows": 3722,
                              "Actual Loops": 1,
                              "Index Cond": "(company_id = 139)"
                            }
                          ]
                        },
                        {
                          "Node Type": "Index Scan",
                          "Parent Relationship": "Inner",
                          "Parallel Aware": false,
                          "Scan Direction": "Forward",
                          "Index Name": "title_pkey",
                          "Relation Name": "title",
                          "Alias": "t",
                          "Startup Cost": 0.43,
                          "Total Cost": 8.02,
                          "Plan Rows": 1,
                          "Plan Width": 4,
                          "Actual Startup Time": 0.015,
                          "Actual Total Time": 0.015,
                          "Actual Rows": 1,
                          "Actual Loops": 3005,
                          "Index Cond": "(id = mc.movie_id)",
                          "Rows Removed by Index Recheck": 0,
                          "Filter": "(kind_id > 1)",
                          "Rows Removed by Filter": 0
                        }
                      ]
                    },
                    {
                      "Node Type": "Index Scan",
                      "Parent Relationship": "Inner",
                      "Parallel Aware": false,
                      "Scan Direction": "Forward",
                      "Index Name": "movie_id_movie_info_idx",
                      "Relation Name": "movie_info_idx",
                      "Alias": "mi_idx",
                      "Startup Cost": 0.43,
                      "Total Cost": 0.52,
                      "Plan Rows": 1,
                      "Plan Width": 4,
                      "Actual Startup Time": 0.01,
                      "Actual Total Time": 0.01,
                      "Actual Rows": 1,
                      "Actual Loops": 2835,
                      "Index Cond": "(movie_id = t.id)",
                      "Rows Removed by Index Recheck": 0,
                      "Filter": "(info_type_id < 100)",
                      "Rows Removed by Filter": 1
                    }
                  ]
                }
              ]
            }
          ]
        }
      ]
    },
    "Planning Time": 1.525,
    "Triggers": [],
    "Execution Time": 47.014
  }
]