[
  {
    "Plan": {
      "Node Type": "Aggregate",
      "Strategy": "Plain",
      "Partial Mode": "Finalize",
      "Parallel Aware": false,
      "Startup Cost": 45551.69,
      "Total Cost": 45551.7,
      "Plan Rows": 1,
      "Plan Width": 8,
      "Actual Startup Time": 161.213,
      "Actual Total Time": 171.046,
      "Actual Rows": 1,
      "Actual Loops": 1,
      "Plans": [
        {
          "Node Type": "Gather",
          "Parent Relationship": "Outer",
          "Parallel Aware": false,
          "Startup Cost": 45551.37,
          "Total Cost": 45551.68,
          "Plan Rows": 3,
          "Plan Width": 8,
          "Actual Startup Time": 161.094,
          "Actual Total Time": 171.036,
          "Actual Rows": 4,
          "Actual Loops": 1,
          "Workers Planned": 3,
          "Workers Launched": 3,
          "Single Copy": false,
          "Plans": [
            {
              "Node Type": "Aggregate",
              "Strategy": "Plain",
              "Partial Mode": "Partial",
              "Parent Relationship": "Outer",
              "Parallel Aware": false,
              "Startup Cost": 44551.37,
              "Total Cost": 44551.38,
              "Plan Rows": 1,
              "Plan Width": 8,
              "Actual Startup Time": 153.829,
              "Actual Total Time": 153.83,
              "Actual Rows": 1,
              "Actual Loops": 4,
              "Plans": [
                {
                  "Node Type": "Seq Scan",
                  "Parent Relationship": "Outer",
                  "Parallel Aware": true,
                  "Relation Name": "movie_keyword",
                  "Alias": "mk",
                  "Startup Cost": 0.0,
                  "Total Cost": 42695.65,
                  "Plan Rows": 742288,
                  "Plan Width": 0,
                  "Actual Startup Time": 0.063,
                  "Actual Total Time": 125.39,
                  "Actual Rows": 576284,
                  "Actual Loops": 4,
                  "Filter": "(keyword_id < 4947)",
                  "Rows Removed by Filter": 554698
                }
              ]
            }
          ]
        }
      ]
    },
    "Planning Time": 0.184,
    "Triggers": [],
    "Execution Time": 171.111
  }
]