{
  "Plan": {
    "Node Type": "Aggregate",
    "Strategy": "Plain",
    "Partial Mode": "Finalize",
    "Parallel Aware": false,
    "Startup Cost": 140524.19,
    "Total Cost": 140524.2,
    "Plan Rows": 1,
    "Plan Width": 8,
    "Actual Startup Time": 524.224,
    "Actual Total Time": 568.188,
    "Actual Rows": 1,
    "Actual Loops": 1,
    "Plans": [
      {
        "Node Type": "Gather",
        "Parent Relationship": "Outer",
        "Parallel Aware": false,
        "Startup Cost": 140524.08,
        "Total Cost": 140524.19,
        "Plan Rows": 1,
        "Plan Width": 8,
        "Actual Startup Time": 523.92,
        "Actual Total Time": 568.18,
        "Actual Rows": 2,
        "Actual Loops": 1,
        "Workers Planned": 1,
        "Workers Launched": 1,
        "Single Copy": false,
        "Plans": [
          {
            "Node Type": "Aggregate",
            "Strategy": "Plain",
            "Partial Mode": "Partial",
            "Parent Relationship": "Outer",
            "Parallel Aware": false,
            "Startup Cost": 139524.08,
            "Total Cost": 139524.09,
            "Plan Rows": 1,
            "Plan Width": 8,
            "Actual Startup Time": 517.479,
            "Actual Total Time": 517.483,
            "Actual Rows": 1,
            "Actual Loops": 2,
            "Plans": [
              {
                "Node Type": "Nested Loop",
                "Parent Relationship": "Outer",
                "Parallel Aware": false,
                "Join Type": "Inner",
                "Startup Cost": 65980.15,
                "Total Cost": 139334.61,
                "Plan Rows": 75788,
                "Plan Width": 0,
                "Actual Startup Time": 181.001,
                "Actual Total Time": 499.688,
                "Actual Rows": 435650,
                "Actual Loops": 2,
                "Inner Unique": false,
                "Join Filter": "(t.id = mi.movie_id)",
                "Rows Removed by Join Filter": 0,
                "Plans": [
                  {
                    "Node Type": "Hash Join",
                    "Parent Relationship": "Outer",
                    "Parallel Aware": true,
                    "Join Type": "Inner",
                    "Startup Cost": 65979.72,
                    "Total Cost": 94865.7,
                    "Plan Rows": 12961,
                    "Plan Width": 8,
                    "Actual Startup Time": 180.917,
                    "Actual Total Time": 280.46,
                    "Actual Rows": 10960,
                    "Actual Loops": 2,
                    "Inner Unique": true,
                    "Hash Cond": "(mk.movie_id = t.id)",
                    "Plans": [
                      {
                        "Node Type": "Bitmap Heap Scan",
                        "Parent Relationship": "Outer",
                        "Parallel Aware": true,
                        "Relation Name": "movie_keyword",
                        "Alias": "mk",
                        "Startup Cost": 10569.02,
                        "Total Cost": 38685.81,
                        "Plan Rows": 293024,
                        "Plan Width": 4,
                        "Actual Startup Time": 27.235,
                        "Actual Total Time": 88.942,
                        "Actual Rows": 254743,
                        "Actual Loops": 2,
                        "Recheck Cond": "(keyword_id < 373)",
                        "Rows Removed by Index Recheck": 0,
                        "Exact Heap Blocks": 14898,
                        "Lossy Heap Blocks": 0,
                        "Plans": [
                          {
                            "Node Type": "Bitmap Index Scan",
                            "Parent Relationship": "Outer",
                            "Parallel Aware": false,
                            "Index Name": "keyword_id_movie_keyword",
                            "Startup Cost": 0.0,
                            "Total Cost": 10444.48,
                            "Plan Rows": 498140,
                            "Plan Width": 0,
                            "Actual Startup Time": 23.642,
                            "Actual Total Time": 23.643,
                            "Actual Rows": 509486,
                            "Actual Loops": 1,
                            "Index Cond": "(keyword_id < 373)"
                          }
                        ]
                      },
                      {
                        "Node Type": "Hash",
                        "Parent Relationship": "Inner",
                        "Parallel Aware": true,
                        "Startup Cost": 54588.39,
                        "Total Cost": 54588.39,
                        "Plan Rows": 65785,
                        "Plan Width": 4,
                        "Actual Startup Time": 151.216,
                        "Actual Total Time": 151.216,
                        "Actual Rows": 54214,
                        "Actual Loops": 2,
                        "Hash Buckets": 131072,
                        "Original Hash Buckets": 131072,
                        "Hash Batches": 1,
                        "Original Hash Batches": 1,
                        "Peak Memory Usage": 5312,
                        "Plans": [
                          {
                            "Node Type": "Seq Scan",
                            "Parent Relationship": "Outer",
                            "Parallel Aware": true,
                            "Relation Name": "title",
                            "Alias": "t",
                            "Startup Cost": 0.0,
                            "Total Cost": 54588.39,
                            "Plan Rows": 65785,
                            "Plan Width": 4,
                            "Actual Startup Time": 0.036,
                            "Actual Total Time": 136.714,
                            "Actual Rows": 54214,
                            "Actual Loops": 2,
                            "Filter": "(production_year = 2006)",
                            "Rows Removed by Filter": 1209942
                          }
                        ]
                      }
                    ]
                  },
                  {
                    "Node Type": "Index Only Scan",
                    "Parent Relationship": "Inner",
                    "Parallel Aware": false,
                    "Scan Direction": "Forward",
                    "Index Name": "movie_id_movie_info",
                    "Relation Name": "movie_info",
                    "Alias": "mi",
                    "Startup Cost": 0.43,
                    "Total Cost": 2.91,
                    "Plan Rows": 42,
                    "Plan Width": 4,
                    "Actual Startup Time": 0.005,
                    "Actual Total Time": 0.017,
                    "Actual Rows": 40,
                    "Actual Loops": 21919,
                    "Index Cond": "(movie_id = mk.movie_id)",
                    "Rows Removed by Index Recheck": 0,
                    "Heap Fetches": 871300
                  }
                ]
              }
            ]
          }
        ]
      }
    ]
  },
  "Planning Time": 0.947,
  "Triggers": [],
  "Execution Time": 568.306
}