{
  "Plan": {
    "Node Type": "Aggregate",
    "Strategy": "Plain",
    "Partial Mode": "Finalize",
    "Parallel Aware": false,
    "Startup Cost": 1778045.51,
    "Total Cost": 1778045.52,
    "Plan Rows": 1,
    "Plan Width": 64,
    "Actual Startup Time": 49199.477,
    "Actual Total Time": 49543.146,
    "Actual Rows": 1,
    "Actual Loops": 1,
    "Plans": [
      {
        "Node Type": "Gather",
        "Parent Relationship": "Outer",
        "Parallel Aware": false,
        "Startup Cost": 1778045.39,
        "Total Cost": 1778045.5,
        "Plan Rows": 1,
        "Plan Width": 64,
        "Actual Startup Time": 49199.471,
        "Actual Total Time": 49543.14,
        "Actual Rows": 1,
        "Actual Loops": 1,
        "Workers Planned": 1,
        "Workers Launched": 0,
        "Single Copy": false,
        "Plans": [
          {
            "Node Type": "Aggregate",
            "Strategy": "Plain",
            "Partial Mode": "Partial",
            "Parent Relationship": "Outer",
            "Parallel Aware": false,
            "Startup Cost": 1777045.39,
            "Total Cost": 1777045.4,
            "Plan Rows": 1,
            "Plan Width": 64,
            "Actual Startup Time": 49198.53,
            "Actual Total Time": 49198.541,
            "Actual Rows": 1,
            "Actual Loops": 1,
            "Plans": [
              {
                "Node Type": "Hash Join",
                "Parent Relationship": "Outer",
                "Parallel Aware": true,
                "Join Type": "Inner",
                "Startup Cost": 941401.28,
                "Total Cost": 1757559.22,
                "Plan Rows": 3897234,
                "Plan Width": 33,
                "Actual Startup Time": 21156.948,
                "Actual Total Time": 48882.956,
                "Actual Rows": 3681529,
                "Actual Loops": 1,
                "Inner Unique": true,
                "Hash Cond": "(an1.person_id = n1.id)",
                "Plans": [
                  {
                    "Node Type": "Hash Join",
                    "Parent Relationship": "Outer",
                    "Parallel Aware": false,
                    "Join Type": "Inner",
                    "Startup Cost": 830629.17,
                    "Total Cost": 1636556.86,
                    "Plan Rows": 3897234,
                    "Plan Width": 41,
                    "Actual Startup Time": 19502.112,
                    "Actual Total Time": 46357.599,
                    "Actual Rows": 3681529,
                    "Actual Loops": 1,
                    "Inner Unique": true,
                    "Hash Cond": "(ci.role_id = rt.id)",
                    "Plans": [
                      {
                        "Node Type": "Hash Join",
                        "Parent Relationship": "Outer",
                        "Parallel Aware": true,
                        "Join Type": "Inner",
                        "Startup Cost": 830628.0,
                        "Total Cost": 1470436.1,
                        "Plan Rows": 46766809,
                        "Plan Width": 45,
                        "Actual Startup Time": 19501.971,
                        "Actual Total Time": 44049.233,
                        "Actual Rows": 41307596,
                        "Actual Loops": 1,
                        "Inner Unique": true,
                        "Hash Cond": "(ci.movie_id = t.id)",
                        "Plans": [
                          {
                            "Node Type": "Hash Join",
                            "Parent Relationship": "Outer",
                            "Parallel Aware": true,
                            "Join Type": "Inner",
                            "Startup Cost": 761165.58,
                            "Total Cost": 1278210.6,
                            "Plan Rows": 46766809,
                            "Plan Width": 36,
                            "Actual Startup Time": 18312.902,
                            "Actual Total Time": 37050.903,
                            "Actual Rows": 41307596,
                            "Actual Loops": 1,
                            "Inner Unique": false,
                            "Hash Cond": "(ci.person_id = an1.person_id)",
                            "Plans": [
                              {
                                "Node Type": "Hash Join",
                                "Parent Relationship": "Outer",
                                "Parallel Aware": true,
                                "Join Type": "Inner",
                                "Startup Cost": 737840.04,
                                "Total Cost": 906696.48,
                                "Plan Rows": 19490551,
                                "Plan Width": 16,
                                "Actual Startup Time": 17965.607,
                                "Actual Total Time": 26483.176,
                                "Actual Rows": 32289229,
                                "Actual Loops": 1,
                                "Inner Unique": false,
                                "Hash Cond": "(mc.movie_id = ci.movie_id)",
                                "Plans": [
                                  {
                                    "Node Type": "Hash Join",
                                    "Parent Relationship": "Outer",
                                    "Parallel Aware": true,
                                    "Join Type": "Inner",
                                    "Startup Cost": 5351.02,
                                    "Total Cost": 43517.72,
                                    "Plan Rows": 557891,
                                    "Plan Width": 4,
                                    "Actual Startup Time": 39.183,
                                    "Actual Total Time": 863.733,
                                    "Actual Rows": 1153798,
                                    "Actual Loops": 1,
                                    "Inner Unique": true,
                                    "Hash Cond": "(mc.company_id = cn.id)",
                                    "Plans": [
                                      {
                                        "Node Type": "Seq Scan",
                                        "Parent Relationship": "Outer",
                                        "Parallel Aware": true,
                                        "Relation Name": "movie_companies",
                                        "Alias": "mc",
                                        "Startup Cost": 0.0,
                                        "Total Cost": 34137.82,
                                        "Plan Rows": 1534782,
                                        "Plan Width": 8,
                                        "Actual Startup Time": 0.006,
                                        "Actual Total Time": 212.69,
                                        "Actual Rows": 2609129,
                                        "Actual Loops": 1
                                      },
                                      {
                                        "Node Type": "Hash",
                                        "Parent Relationship": "Inner",
                                        "Parallel Aware": true,
                                        "Startup Cost": 4722.92,
                                        "Total Cost": 4722.92,
                                        "Plan Rows": 50248,
                                        "Plan Width": 4,
                                        "Actual Startup Time": 38.674,
                                        "Actual Total Time": 38.676,
                                        "Actual Rows": 84843,
                                        "Actual Loops": 1,
                                        "Hash Buckets": 131072,
                                        "Original Hash Buckets": 131072,
                                        "Hash Batches": 1,
                                        "Original Hash Batches": 1,
                                        "Peak Memory Usage": 4352,
                                        "Plans": [
                                          {
                                            "Node Type": "Seq Scan",
                                            "Parent Relationship": "Outer",
                                            "Parallel Aware": true,
                                            "Relation Name": "company_name",
                                            "Alias": "cn",
                                            "Startup Cost": 0.0,
                                            "Total Cost": 4722.92,
                                            "Plan Rows": 50248,
                                            "Plan Width": 4,
                                            "Actual Startup Time": 0.015,
                                            "Actual Total Time": 25.672,
                                            "Actual Rows": 84843,
                                            "Actual Loops": 1,
                                            "Filter": "((country_code)::text = '[us]'::text)",
                                            "Rows Removed by Filter": 150154
                                          }
                                        ]
                                      }
                                    ]
                                  },
                                  {
                                    "Node Type": "Hash",
                                    "Parent Relationship": "Inner",
                                    "Parallel Aware": true,
                                    "Startup Cost": 465932.34,
                                    "Total Cost": 465932.34,
                                    "Plan Rows": 21324534,
                                    "Plan Width": 12,
                                    "Actual Startup Time": 17422.475,
                                    "Actual Total Time": 17422.476,
                                    "Actual Rows": 36244344,
                                    "Actual Loops": 1,
                                    "Hash Buckets": 67108864,
                                    "Original Hash Buckets": 67108864,
                                    "Hash Batches": 1,
                                    "Original Hash Batches": 1,
                                    "Peak Memory Usage": 2224928,
                                    "Plans": [
                                      {
                                        "Node Type": "Seq Scan",
                                        "Parent Relationship": "Outer",
                                        "Parallel Aware": true,
                                        "Relation Name": "cast_info",
                                        "Alias": "ci",
                                        "Startup Cost": 0.0,
                                        "Total Cost": 465932.34,
                                        "Plan Rows": 21324534,
                                        "Plan Width": 12,
                                        "Actual Startup Time": 0.016,
                                        "Actual Total Time": 4065.077,
                                        "Actual Rows": 36244344,
                                        "Actual Loops": 1
                                      }
                                    ]
                                  }
                                ]
                              },
                              {
                                "Node Type": "Hash",
                                "Parent Relationship": "Inner",
                                "Parallel Aware": true,
                                "Startup Cost": 16698.02,
                                "Total Cost": 16698.02,
                                "Plan Rows": 530202,
                                "Plan Width": 20,
                                "Actual Startup Time": 343.412,
                                "Actual Total Time": 343.412,
                                "Actual Rows": 901343,
                                "Actual Loops": 1,
                                "Hash Buckets": 1048576,
                                "Original Hash Buckets": 1048576,
                                "Hash Batches": 1,
                                "Original Hash Batches": 1,
                                "Peak Memory Usage": 58016,
                                "Plans": [
                                  {
                                    "Node Type": "Seq Scan",
                                    "Parent Relationship": "Outer",
                                    "Parallel Aware": true,
                                    "Relation Name": "aka_name",
                                    "Alias": "an1",
                                    "Startup Cost": 0.0,
                                    "Total Cost": 16698.02,
                                    "Plan Rows": 530202,
                                    "Plan Width": 20,
                                    "Actual Startup Time": 0.009,
                                    "Actual Total Time": 105.356,
                                    "Actual Rows": 901343,
                                    "Actual Loops": 1
                                  }
                                ]
                              }
                            ]
                          },
                          {
                            "Node Type": "Hash",
                            "Parent Relationship": "Inner",
                            "Parallel Aware": true,
                            "Startup Cost": 50871.08,
                            "Total Cost": 50871.08,
                            "Plan Rows": 1487308,
                            "Plan Width": 21,
                            "Actual Startup Time": 1162.53,
                            "Actual Total Time": 1162.53,
                            "Actual Rows": 2528312,
                            "Actual Loops": 1,
                            "Hash Buckets": 4194304,
                            "Original Hash Buckets": 4194304,
                            "Hash Batches": 1,
                            "Original Hash Batches": 1,
                            "Peak Memory Usage": 174752,
                            "Plans": [
                              {
                                "Node Type": "Seq Scan",
                                "Parent Relationship": "Outer",
                                "Parallel Aware": true,
                                "Relation Name": "title",
                                "Alias": "t",
                                "Startup Cost": 0.0,
                                "Total Cost": 50871.08,
                                "Plan Rows": 1487308,
                                "Plan Width": 21,
                                "Actual Startup Time": 0.011,
                                "Actual Total Time": 298.906,
                                "Actual Rows": 2528312,
                                "Actual Loops": 1
                              }
                            ]
                          }
                        ]
                      },
                      {
                        "Node Type": "Hash",
                        "Parent Relationship": "Inner",
                        "Parallel Aware": false,
                        "Startup Cost": 1.15,
                        "Total Cost": 1.15,
                        "Plan Rows": 1,
                        "Plan Width": 4,
                        "Actual Startup Time": 0.021,
                        "Actual Total Time": 0.021,
                        "Actual Rows": 1,
                        "Actual Loops": 1,
                        "Hash Buckets": 1024,
                        "Original Hash Buckets": 1024,
                        "Hash Batches": 1,
                        "Original Hash Batches": 1,
                        "Peak Memory Usage": 9,
                        "Plans": [
                          {
                            "Node Type": "Seq Scan",
                            "Parent Relationship": "Outer",
                            "Parallel Aware": false,
                            "Relation Name": "role_type",
                            "Alias": "rt",
                            "Startup Cost": 0.0,
                            "Total Cost": 1.15,
                            "Plan Rows": 1,
                            "Plan Width": 4,
                            "Actual Startup Time": 0.016,
                            "Actual Total Time": 0.018,
                            "Actual Rows": 1,
                            "Actual Loops": 1,
                            "Filter": "((role)::text = 'producer'::text)",
                            "Rows Removed by Filter": 11
                          }
                        ]
                      }
                    ]
                  },
                  {
                    "Node Type": "Hash",
                    "Parent Relationship": "Inner",
                    "Parallel Aware": true,
                    "Startup Cost": 80128.16,
                    "Total Cost": 80128.16,
                    "Plan Rows": 2451516,
                    "Plan Width": 4,
                    "Actual Startup Time": 1610.486,
                    "Actual Total Time": 1610.487,
                    "Actual Rows": 4167491,
                    "Actual Loops": 1,
                    "Hash Buckets": 4194304,
                    "Original Hash Buckets": 4194304,
                    "Hash Batches": 1,
                    "Original Hash Batches": 1,
                    "Peak Memory Usage": 195808,
                    "Plans": [
                      {
                        "Node Type": "Seq Scan",
                        "Parent Relationship": "Outer",
                        "Parallel Aware": true,
                        "Relation Name": "name",
                        "Alias": "n1",
                        "Startup Cost": 0.0,
                        "Total Cost": 80128.16,
                        "Plan Rows": 2451516,
                        "Plan Width": 4,
                        "Actual Startup Time": 0.016,
                        "Actual Total Time": 438.251,
                        "Actual Rows": 4167491,
                        "Actual Loops": 1
                      }
                    ]
                  }
                ]
              }
            ]
          }
        ]
      }
    ]
  },
  "Planning Time": 1.503,
  "Triggers": [],
  "Execution Time": 49543.297
}