[
  {
    "Plan": {
      "Node Type": "Aggregate",
      "Strategy": "Plain",
      "Partial Mode": "Finalize",
      "Parallel Aware": false,
      "Startup Cost": 77248.55,
      "Total Cost": 77248.56,
      "Plan Rows": 1,
      "Plan Width": 8,
      "Actual Startup Time": 556.313,
      "Actual Total Time": 573.632,
      "Actual Rows": 1,
      "Actual Loops": 1,
      "Plans": [
        {
          "Node Type": "Gather",
          "Parent Relationship": "Outer",
          "Parallel Aware": false,
          "Startup Cost": 77248.24,
          "Total Cost": 77248.55,
          "Plan Rows": 3,
          "Plan Width": 8,
          "Actual Startup Time": 547.203,
          "Actual Total Time": 573.62,
          "Actual Rows": 4,
          "Actual Loops": 1,
          "Workers Planned": 3,
          "Workers Launched": 3,
          "Single Copy": false,
          "Plans": [
            {
              "Node Type": "Aggregate",
              "Strategy": "Plain",
              "Partial Mode": "Partial",
              "Parent Relationship": "Outer",
              "Parallel Aware": false,
              "Startup Cost": 76248.24,
              "Total Cost": 76248.25,
              "Plan Rows": 1,
              "Plan Width": 8,
              "Actual Startup Time": 525.144,
              "Actual Total Time": 525.151,
              "Actual Rows": 1,
              "Actual Loops": 4,
              "Plans": [
                {
                  "Node Type": "Hash Join",
                  "Parent Relationship": "Outer",
                  "Parallel Aware": true,
                  "Join Type": "Inner",
                  "Startup Cost": 55947.85,
                  "Total Cost": 76138.71,
                  "Plan Rows": 43811,
                  "Plan Width": 0,
                  "Actual Startup Time": 495.304,
                  "Actual Total Time": 524.258,
                  "Actual Rows": 15416,
                  "Actual Loops": 4,
                  "Inner Unique": true,
                  "Hash Cond": "(mc.movie_id = t.id)",
                  "Plans": [
                    {
                      "Node Type": "Bitmap Heap Scan",
                      "Parent Relationship": "Outer",
                      "Parallel Aware": true,
                      "Relation Name": "movie_companies",
                      "Alias": "mc",
                      "Startup Cost": 5727.46,
                      "Total Cost": 25803.32,
                      "Plan Rows": 43811,
                      "Plan Width": 4,
                      "Actual Startup Time": 58.776,
                      "Actual Total Time": 72.388,
                      "Actual Rows": 15416,
                      "Actual Loops": 4,
                      "Recheck Cond": "(company_id < 137)",
                      "Rows Removed by Index Recheck": 0,
                      "Filter": "(company_type_id = 2)",
                      "Rows Removed by Filter": 50292,
                      "Exact Heap Blocks": 6342,
                      "Lossy Heap Blocks": 0,
                      "Plans": [
                        {
                          "Node Type": "Bitmap Index Scan",
                          "Parent Relationship": "Outer",
                          "Parallel Aware": false,
                          "Index Name": "company_id_movie_companies",
                          "Startup Cost": 0.0,
                          "Total Cost": 5693.51,
                          "Plan Rows": 265744,
                          "Plan Width": 0,
                          "Actual Startup Time": 23.595,
                          "Actual Total Time": 23.596,
                          "Actual Rows": 262833,
                          "Actual Loops": 1,
                          "Index Cond": "(company_id < 137)"
                        }
                      ]
                    },
                    {
                      "Node Type": "Hash",
                      "Parent Relationship": "Inner",
                      "Parallel Aware": true,
                      "Startup Cost": 42319.06,
                      "Total Cost": 42319.06,
                      "Plan Rows": 632106,
                      "Plan Width": 4,
                      "Actual Startup Time": 423.275,
                      "Actual Total Time": 423.276,
                      "Actual Rows": 632078,
                      "Actual Loops": 4,
                      "Hash Buckets": 4194304,
                      "Original Hash Buckets": 4194304,
                      "Hash Batches": 1,
                      "Original Hash Batches": 1,
                      "Peak Memory Usage": 131744,
                      "Plans": [
                        {
                          "Node Type": "Seq Scan",
                          "Parent Relationship": "Outer",
                          "Parallel Aware": true,
                          "Relation Name": "title",
                          "Alias": "t",
                          "Startup Cost": 0.0,
                          "Total Cost": 42319.06,
                          "Plan Rows": 632106,
                          "Plan Width": 4,
                          "Actual Startup Time": 0.053,
                          "Actual Total Time": 128.304,
                          "Actual Rows": 632078,
                          "Actual Loops": 4
                        }
                      ]
                    }
                  ]
                }
              ]
            }
          ]
        }
      ]
    },
    "Planning Time": 0.764,
    "Triggers": [],
    "Execution Time": 573.762
  }
]