[
  {
    "Plan": {
      "Node Type": "Aggregate",
      "Strategy": "Plain",
      "Partial Mode": "Finalize",
      "Parallel Aware": false,
      "Startup Cost": 33653.64,
      "Total Cost": 33653.65,
      "Plan Rows": 1,
      "Plan Width": 8,
      "Actual Startup Time": 35.177,
      "Actual Total Time": 42.914,
      "Actual Rows": 1,
      "Actual Loops": 1,
      "Plans": [
        {
          "Node Type": "Gather",
          "Parent Relationship": "Outer",
          "Parallel Aware": false,
          "Startup Cost": 33653.43,
          "Total Cost": 33653.64,
          "Plan Rows": 2,
          "Plan Width": 8,
          "Actual Startup Time": 34.964,
          "Actual Total Time": 42.909,
          "Actual Rows": 3,
          "Actual Loops": 1,
          "Workers Planned": 2,
          "Workers Launched": 2,
          "Single Copy": false,
          "Plans": [
            {
              "Node Type": "Aggregate",
              "Strategy": "Plain",
              "Partial Mode": "Partial",
              "Parent Relationship": "Outer",
              "Parallel Aware": false,
              "Startup Cost": 32653.43,
              "Total Cost": 32653.44,
              "Plan Rows": 1,
              "Plan Width": 8,
              "Actual Startup Time": 31.599,
              "Actual Total Time": 31.6,
              "Actual Rows": 1,
              "Actual Loops": 3,
              "Plans": [
                {
                  "Node Type": "Nested Loop",
                  "Parent Relationship": "Outer",
                  "Parallel Aware": false,
                  "Join Type": "Inner",
                  "Startup Cost": 197.62,
                  "Total Cost": 32652.56,
                  "Plan Rows": 347,
                  "Plan Width": 0,
                  "Actual Startup Time": 5.498,
                  "Actual Total Time": 31.386,
                  "Actual Rows": 3079,
                  "Actual Loops": 3,
                  "Inner Unique": false,
                  "Plans": [
                    {
                      "Node Type": "Nested Loop",
                      "Parent Relationship": "Outer",
                      "Parallel Aware": false,
                      "Join Type": "Inner",
                      "Startup Cost": 197.19,
                      "Total Cost": 29838.79,
                      "Plan Rows": 1908,
                      "Plan Width": 8,
                      "Actual Startup Time": 5.393,
                      "Actual Total Time": 17.943,
                      "Actual Rows": 1219,
                      "Actual Loops": 3,
                      "Inner Unique": true,
                      "Plans": [
                        {
                          "Node Type": "Bitmap Heap Scan",
                          "Parent Relationship": "Outer",
                          "Parallel Aware": true,
                          "Relation Name": "movie_companies",
                          "Alias": "mc",
                          "Startup Cost": 196.76,
                          "Total Cost": 15723.15,
                          "Plan Rows": 1908,
                          "Plan Width": 4,
                          "Actual Startup Time": 5.296,
                          "Actual Total Time": 8.424,
                          "Actual Rows": 1219,
                          "Actual Loops": 3,
                          "Recheck Cond": "(company_id = 1451)",
                          "Rows Removed by Index Recheck": 0,
                          "Filter": "(company_type_id > 1)",
                          "Rows Removed by Filter": 1937,
                          "Exact Heap Blocks": 4130,
                          "Lossy Heap Blocks": 0,
                          "Plans": [
                            {
                              "Node Type": "Bitmap Index Scan",
                              "Parent Relationship": "Outer",
                              "Parallel Aware": false,
                              "Index Name": "company_id_movie_companies",
                              "Startup Cost": 0.0,
                              "Total Cost": 195.62,
                              "Plan Rows": 8958,
                              "Plan Width": 0,
                              "Actual Startup Time": 1.761,
                              "Actual Total Time": 1.761,
                              "Actual Rows": 9466,
                              "Actual Loops": 1,
                              "Index Cond": "(company_id = 1451)"
                            }
                          ]
                        },
                        {
                          "Node Type": "Index Only Scan",
                          "Parent Relationship": "Inner",
                          "Parallel Aware": false,
                          "Scan Direction": "Forward",
                          "Index Name": "title_pkey",
                          "Relation Name": "title",
                          "Alias": "t",
                          "Startup Cost": 0.43,
                          "Total Cost": 7.4,
                          "Plan Rows": 1,
                          "Plan Width": 4,
                          "Actual Startup Time": 0.007,
                          "Actual Total Time": 0.007,
                          "Actual Rows": 1,
                          "Actual Loops": 3656,
                          "Index Cond": "(id = mc.movie_id)",
                          "Rows Removed by Index Recheck": 0,
                          "Heap Fetches": 3656
                        }
                      ]
                    },
                    {
                      "Node Type": "Index Scan",
                      "Parent Relationship": "Inner",
                      "Parallel Aware": false,
                      "Scan Direction": "Forward",
                      "Index Name": "movie_id_movie_keyword",
                      "Relation Name": "movie_keyword",
                      "Alias": "mk",
                      "Startup Cost": 0.43,
                      "Total Cost": 1.42,
                      "Plan Rows": 5,
                      "Plan Width": 4,
                      "Actual Startup Time": 0.008,
                      "Actual Total Time": 0.01,
                      "Actual Rows": 3,
                      "Actual Loops": 3656,
                      "Index Cond": "(movie_id = t.id)",
                      "Rows Removed by Index Recheck": 0,
                      "Filter": "(keyword_id > 38936)",
                      "Rows Removed by Filter": 20
                    }
                  ]
                }
              ]
            }
          ]
        }
      ]
    },
    "Planning Time": 0.535,
    "Triggers": [],
    "Execution Time": 42.959
  }
]