[
  {
    "Plan": {
      "Node Type": "Aggregate",
      "Strategy": "Plain",
      "Partial Mode": "Finalize",
      "Parallel Aware": false,
      "Startup Cost": 32126.14,
      "Total Cost": 32126.15,
      "Plan Rows": 1,
      "Plan Width": 8,
      "Actual Startup Time": 120.174,
      "Actual Total Time": 128.006,
      "Actual Rows": 1,
      "Actual Loops": 1,
      "Plans": [
        {
          "Node Type": "Gather",
          "Parent Relationship": "Outer",
          "Parallel Aware": false,
          "Startup Cost": 32125.83,
          "Total Cost": 32126.14,
          "Plan Rows": 3,
          "Plan Width": 8,
          "Actual Startup Time": 120.041,
          "Actual Total Time": 127.997,
          "Actual Rows": 4,
          "Actual Loops": 1,
          "Workers Planned": 3,
          "Workers Launched": 3,
          "Single Copy": false,
          "Plans": [
            {
              "Node Type": "Aggregate",
              "Strategy": "Plain",
              "Partial Mode": "Partial",
              "Parent Relationship": "Outer",
              "Parallel Aware": false,
              "Startup Cost": 31125.83,
              "Total Cost": 31125.84,
              "Plan Rows": 1,
              "Plan Width": 8,
              "Actual Startup Time": 114.86,
              "Actual Total Time": 114.861,
              "Actual Rows": 1,
              "Actual Loops": 4,
              "Plans": [
                {
                  "Node Type": "Seq Scan",
                  "Parent Relationship": "Outer",
                  "Parallel Aware": true,
                  "Relation Name": "movie_companies",
                  "Alias": "mc",
                  "Startup Cost": 0.0,
                  "Total Cost": 29310.68,
                  "Plan Rows": 726058,
                  "Plan Width": 0,
                  "Actual Startup Time": 0.069,
                  "Actual Total Time": 86.775,
                  "Actual Rows": 563549,
                  "Actual Loops": 4,
                  "Filter": "(company_id > 171)",
                  "Rows Removed by Filter": 88733
                }
              ]
            }
          ]
        }
      ]
    },
    "Planning Time": 0.107,
    "Triggers": [],
    "Execution Time": 128.041
  }
]