[
  {
    "Plan": {
      "Node Type": "Aggregate",
      "Strategy": "Plain",
      "Partial Mode": "Finalize",
      "Parallel Aware": false,
      "Startup Cost": 204498.31,
      "Total Cost": 204498.32,
      "Plan Rows": 1,
      "Plan Width": 8,
      "Actual Startup Time": 758.089,
      "Actual Total Time": 790.956,
      "Actual Rows": 1,
      "Actual Loops": 1,
      "Plans": [
        {
          "Node Type": "Gather",
          "Parent Relationship": "Outer",
          "Parallel Aware": false,
          "Startup Cost": 204497.79,
          "Total Cost": 204498.3,
          "Plan Rows": 5,
          "Plan Width": 8,
          "Actual Startup Time": 748.833,
          "Actual Total Time": 790.945,
          "Actual Rows": 6,
          "Actual Loops": 1,
          "Workers Planned": 5,
          "Workers Launched": 5,
          "Single Copy": false,
          "Plans": [
            {
              "Node Type": "Aggregate",
              "Strategy": "Plain",
              "Partial Mode": "Partial",
              "Parent Relationship": "Outer",
              "Parallel Aware": false,
              "Startup Cost": 203497.79,
              "Total Cost": 203497.8,
              "Plan Rows": 1,
              "Plan Width": 8,
              "Actual Startup Time": 738.161,
              "Actual Total Time": 738.505,
              "Actual Rows": 1,
              "Actual Loops": 6,
              "Plans": [
                {
                  "Node Type": "Hash Join",
                  "Parent Relationship": "Outer",
                  "Parallel Aware": true,
                  "Join Type": "Inner",
                  "Startup Cost": 82749.97,
                  "Total Cost": 203159.6,
                  "Plan Rows": 135276,
                  "Plan Width": 0,
                  "Actual Startup Time": 377.334,
                  "Actual Total Time": 716.649,
                  "Actual Rows": 463468,
                  "Actual Loops": 6,
                  "Inner Unique": false,
                  "Hash Cond": "(ci.movie_id = t.id)",
                  "Plans": [
                    {
                      "Node Type": "Index Scan",
                      "Parent Relationship": "Outer",
                      "Parallel Aware": true,
                      "Scan Direction": "Forward",
                      "Index Name": "role_id_cast_info",
                      "Relation Name": "cast_info",
                      "Alias": "ci",
                      "Startup Cost": 0.56,
                      "Total Cost": 118067.1,
                      "Plan Rows": 508459,
                      "Plan Width": 4,
                      "Actual Startup Time": 0.213,
                      "Actual Total Time": 174.615,
                      "Actual Rows": 621998,
                      "Actual Loops": 6,
                      "Index Cond": "(role_id = 10)",
                      "Rows Removed by Index Recheck": 0,
                      "Filter": "(person_id > 1489474)",
                      "Rows Removed by Filter": 98505
                    },
                    {
                      "Node Type": "Hash",
                      "Parent Relationship": "Inner",
                      "Parallel Aware": true,
                      "Startup Cost": 80036.95,
                      "Total Cost": 80036.95,
                      "Plan Rows": 216996,
                      "Plan Width": 8,
                      "Actual Startup Time": 373.558,
                      "Actual Total Time": 373.899,
                      "Actual Rows": 71815,
                      "Actual Loops": 6,
                      "Hash Buckets": 1048576,
                      "Original Hash Buckets": 1048576,
                      "Hash Batches": 1,
                      "Original Hash Batches": 1,
                      "Peak Memory Usage": 25152,
                      "Plans": [
                        {
                          "Node Type": "Hash Join",
                          "Parent Relationship": "Outer",
                          "Parallel Aware": true,
                          "Join Type": "Inner",
                          "Startup Cost": 49646.05,
                          "Total Cost": 80036.95,
                          "Plan Rows": 216996,
                          "Plan Width": 8,
                          "Actual Startup Time": 223.745,
                          "Actual Total Time": 339.507,
                          "Actual Rows": 71815,
                          "Actual Loops": 6,
                          "Inner Unique": true,
                          "Hash Cond": "(mc.movie_id = t.id)",
                          "Plans": [
                            {
                              "Node Type": "Seq Scan",
                              "Parent Relationship": "Outer",
                              "Parallel Aware": true,
                              "Relation Name": "movie_companies",
                              "Alias": "mc",
                              "Startup Cost": 0.0,
                              "Total Cost": 29310.68,
                              "Plan Rows": 411513,
                              "Plan Width": 4,
                              "Actual Startup Time": 0.019,
                              "Actual Total Time": 54.252,
                              "Actual Rows": 212374,
                              "Actual Loops": 6,
                              "Filter": "(company_type_id = 1)",
                              "Rows Removed by Filter": 222480
                            },
                            {
                              "Node Type": "Hash",
                              "Parent Relationship": "Inner",
                              "Parallel Aware": true,
                              "Startup Cost": 45479.59,
                              "Total Cost": 45479.59,
                              "Plan Rows": 333317,
                              "Plan Width": 4,
                              "Actual Startup Time": 220.432,
                              "Actual Total Time": 220.434,
                              "Actual Rows": 241283,
                              "Actual Loops": 6,
                              "Hash Buckets": 2097152,
                              "Original Hash Buckets": 2097152,
                              "Hash Batches": 1,
                              "Original Hash Batches": 1,
                              "Peak Memory Usage": 73120,
                              "Plans": [
                                {
                                  "Node Type": "Seq Scan",
                                  "Parent Relationship": "Outer",
                                  "Parallel Aware": true,
                                  "Relation Name": "title",
                                  "Alias": "t",
                                  "Startup Cost": 0.0,
                                  "Total Cost": 45479.59,
                                  "Plan Rows": 333317,
                                  "Plan Width": 4,
                                  "Actual Startup Time": 0.054,
                                  "Actual Total Time": 96.613,
                                  "Actual Rows": 241283,
                                  "Actual Loops": 6,
                                  "Filter": "((kind_id > 1) AND (production_year > 1988))",
                                  "Rows Removed by Filter": 180102
                                }
                              ]
                            }
                          ]
                        }
                      ]
                    }
                  ]
                }
              ]
            }
          ]
        }
      ]
    },
    "Planning Time": 1.303,
    "Triggers": [],
    "Execution Time": 791.053
  }
]