[
  {
    "Plan": {
      "Node Type": "Aggregate",
      "Strategy": "Plain",
      "Partial Mode": "Finalize",
      "Parallel Aware": false,
      "Startup Cost": 33011.89,
      "Total Cost": 33011.9,
      "Plan Rows": 1,
      "Plan Width": 8,
      "Actual Startup Time": 108.073,
      "Actual Total Time": 118.233,
      "Actual Rows": 1,
      "Actual Loops": 1,
      "Plans": [
        {
          "Node Type": "Gather",
          "Parent Relationship": "Outer",
          "Parallel Aware": false,
          "Startup Cost": 33011.58,
          "Total Cost": 33011.89,
          "Plan Rows": 3,
          "Plan Width": 8,
          "Actual Startup Time": 107.943,
          "Actual Total Time": 118.22,
          "Actual Rows": 4,
          "Actual Loops": 1,
          "Workers Planned": 3,
          "Workers Launched": 3,
          "Single Copy": false,
          "Plans": [
            {
              "Node Type": "Aggregate",
              "Strategy": "Plain",
              "Partial Mode": "Partial",
              "Parent Relationship": "Outer",
              "Parallel Aware": false,
              "Startup Cost": 32011.58,
              "Total Cost": 32011.59,
              "Plan Rows": 1,
              "Plan Width": 8,
              "Actual Startup Time": 100.658,
              "Actual Total Time": 100.66,
              "Actual Rows": 1,
              "Actual Loops": 4,
              "Plans": [
                {
                  "Node Type": "Seq Scan",
                  "Parent Relationship": "Outer",
                  "Parallel Aware": true,
                  "Relation Name": "movie_companies",
                  "Alias": "mc",
                  "Startup Cost": 0.0,
                  "Total Cost": 31414.82,
                  "Plan Rows": 238703,
                  "Plan Width": 0,
                  "Actual Startup Time": 53.332,
                  "Actual Total Time": 93.879,
                  "Actual Rows": 116694,
                  "Actual Loops": 4,
                  "Filter": "((company_id < 13114) AND (company_type_id > 1))",
                  "Rows Removed by Filter": 535588
                }
              ]
            }
          ]
        }
      ]
    },
    "Planning Time": 0.232,
    "Triggers": [],
    "Execution Time": 118.293
  }
]