[
    {
        "Bao": {
            "Bao prediction": 697.013,
            "Bao recommended hint": "(no hint)"
        }
    },
    {
        "Plan": {
            "Node Type": "Aggregate",
            "Strategy": "Plain",
            "Partial Mode": "Finalize",
            "Parallel Aware": false,
            "Startup Cost": 271941.61,
            "Total Cost": 271941.62,
            "Plan Rows": 1,
            "Plan Width": 64,
            "Actual Startup Time": 2863.637,
            "Actual Total Time": 2991.41,
            "Actual Rows": 1,
            "Actual Loops": 1,
            "Output": [
                "min(chn.name)",
                "min(t.title)"
            ],
            "Plans": [
                {
                    "Node Type": "Gather",
                    "Parent Relationship": "Outer",
                    "Parallel Aware": false,
                    "Startup Cost": 271941.29,
                    "Total Cost": 271941.6,
                    "Plan Rows": 3,
                    "Plan Width": 64,
                    "Actual Startup Time": 2858.232,
                    "Actual Total Time": 2991.395,
                    "Actual Rows": 4,
                    "Actual Loops": 1,
                    "Output": [
                        "(PARTIAL min(chn.name))",
                        "(PARTIAL min(t.title))"
                    ],
                    "Workers Planned": 3,
                    "Workers Launched": 3,
                    "Single Copy": false,
                    "Plans": [
                        {
                            "Node Type": "Aggregate",
                            "Strategy": "Plain",
                            "Partial Mode": "Partial",
                            "Parent Relationship": "Outer",
                            "Parallel Aware": false,
                            "Startup Cost": 270941.29,
                            "Total Cost": 270941.3,
                            "Plan Rows": 1,
                            "Plan Width": 64,
                            "Actual Startup Time": 2847.099,
                            "Actual Total Time": 2847.108,
                            "Actual Rows": 1,
                            "Actual Loops": 4,
                            "Output": [
                                "PARTIAL min(chn.name)",
                                "PARTIAL min(t.title)"
                            ],
                            "Workers": [
                                {
                                    "Worker Number": 0,
                                    "Actual Startup Time": 2843.629,
                                    "Actual Total Time": 2843.638,
                                    "Actual Rows": 1,
                                    "Actual Loops": 1
                                },
                                {
                                    "Worker Number": 1,
                                    "Actual Startup Time": 2843.531,
                                    "Actual Total Time": 2843.539,
                                    "Actual Rows": 1,
                                    "Actual Loops": 1
                                },
                                {
                                    "Worker Number": 2,
                                    "Actual Startup Time": 2844.792,
                                    "Actual Total Time": 2844.799,
                                    "Actual Rows": 1,
                                    "Actual Loops": 1
                                }
                            ],
                            "Plans": [
                                {
                                    "Node Type": "Hash Join",
                                    "Parent Relationship": "Outer",
                                    "Parallel Aware": false,
                                    "Join Type": "Inner",
                                    "Startup Cost": 51305.12,
                                    "Total Cost": 270649.16,
                                    "Plan Rows": 58426,
                                    "Plan Width": 33,
                                    "Actual Startup Time": 293.599,
                                    "Actual Total Time": 2839.626,
                                    "Actual Rows": 32132,
                                    "Actual Loops": 4,
                                    "Output": [
                                        "chn.name",
                                        "t.title"
                                    ],
                                    "Inner Unique": true,
                                    "Hash Cond": "(ci.role_id = rt.id)",
                                    "Workers": [
                                        {
                                            "Worker Number": 0,
                                            "Actual Startup Time": 293.877,
                                            "Actual Total Time": 2837.425,
                                            "Actual Rows": 37580,
                                            "Actual Loops": 1
                                        },
                                        {
                                            "Worker Number": 1,
                                            "Actual Startup Time": 292.221,
                                            "Actual Total Time": 2836.19,
                                            "Actual Rows": 27472,
                                            "Actual Loops": 1
                                        },
                                        {
                                            "Worker Number": 2,
                                            "Actual Startup Time": 288.672,
                                            "Actual Total Time": 2836.726,
                                            "Actual Rows": 32534,
                                            "Actual Loops": 1
                                        }
                                    ],
                                    "Plans": [
                                        {
                                            "Node Type": "Hash Join",
                                            "Parent Relationship": "Outer",
                                            "Parallel Aware": false,
                                            "Join Type": "Inner",
                                            "Startup Cost": 51303.85,
                                            "Total Cost": 270440.35,
                                            "Plan Rows": 58426,
                                            "Plan Width": 37,
                                            "Actual Startup Time": 293.161,
                                            "Actual Total Time": 2830.917,
                                            "Actual Rows": 32132,
                                            "Actual Loops": 4,
                                            "Output": [
                                                "chn.name",
                                                "ci.role_id",
                                                "t.title"
                                            ],
                                            "Inner Unique": true,
                                            "Hash Cond": "(mc.company_type_id = ct.id)",
                                            "Workers": [
                                                {
                                                    "Worker Number": 0,
                                                    "Actual Startup Time": 293.366,
                                                    "Actual Total Time": 2829.969,
                                                    "Actual Rows": 37580,
                                                    "Actual Loops": 1
                                                },
                                                {
                                                    "Worker Number": 1,
                                                    "Actual Startup Time": 291.649,
                                                    "Actual Total Time": 2827.326,
                                                    "Actual Rows": 27472,
                                                    "Actual Loops": 1
                                                },
                                                {
                                                    "Worker Number": 2,
                                                    "Actual Startup Time": 288.213,
                                                    "Actual Total Time": 2827.476,
                                                    "Actual Rows": 32534,
                                                    "Actual Loops": 1
                                                }
                                            ],
                                            "Plans": [
                                                {
                                                    "Node Type": "Nested Loop",
                                                    "Parent Relationship": "Outer",
                                                    "Parallel Aware": false,
                                                    "Join Type": "Inner",
                                                    "Startup Cost": 51302.76,
                                                    "Total Cost": 270123.4,
                                                    "Plan Rows": 58426,
                                                    "Plan Width": 41,
                                                    "Actual Startup Time": 293.054,
                                                    "Actual Total Time": 2821.281,
                                                    "Actual Rows": 32132,
                                                    "Actual Loops": 4,
                                                    "Output": [
                                                        "chn.name",
                                                        "ci.role_id",
                                                        "mc.company_type_id",
                                                        "t.title"
                                                    ],
                                                    "Inner Unique": true,
                                                    "Workers": [
                                                        {
                                                            "Worker Number": 0,
                                                            "Actual Startup Time": 293.238,
                                                            "Actual Total Time": 2821.932,
                                                            "Actual Rows": 37580,
                                                            "Actual Loops": 1
                                                        },
                                                        {
                                                            "Worker Number": 1,
                                                            "Actual Startup Time": 291.556,
                                                            "Actual Total Time": 2817.609,
                                                            "Actual Rows": 27472,
                                                            "Actual Loops": 1
                                                        },
                                                        {
                                                            "Worker Number": 2,
                                                            "Actual Startup Time": 288.116,
                                                            "Actual Total Time": 2817.232,
                                                            "Actual Rows": 32534,
                                                            "Actual Loops": 1
                                                        }
                                                    ],
                                                    "Plans": [
                                                        {
                                                            "Node Type": "Nested Loop",
                                                            "Parent Relationship": "Outer",
                                                            "Parallel Aware": false,
                                                            "Join Type": "Inner",
                                                            "Startup Cost": 51302.33,
                                                            "Total Cost": 229377.14,
                                                            "Plan Rows": 58426,
                                                            "Plan Width": 29,
                                                            "Actual Startup Time": 292.964,
                                                            "Actual Total Time": 2668.789,
                                                            "Actual Rows": 34358,
                                                            "Actual Loops": 4,
                                                            "Output": [
                                                                "ci.person_role_id",
                                                                "ci.role_id",
                                                                "mc.company_type_id",
                                                                "t.title"
                                                            ],
                                                            "Inner Unique": false,
                                                            "Join Filter": "(t.id = ci.movie_id)",
                                                            "Rows Removed by Join Filter": 0,
                                                            "Workers": [
                                                                {
                                                                    "Worker Number": 0,
                                                                    "Actual Startup Time": 293.156,
                                                                    "Actual Total Time": 2676.264,
                                                                    "Actual Rows": 40091,
                                                                    "Actual Loops": 1
                                                                },
                                                                {
                                                                    "Worker Number": 1,
                                                                    "Actual Startup Time": 291.426,
                                                                    "Actual Total Time": 2669.025,
                                                                    "Actual Rows": 29734,
                                                                    "Actual Loops": 1
                                                                },
                                                                {
                                                                    "Worker Number": 2,
                                                                    "Actual Startup Time": 288.01,
                                                                    "Actual Total Time": 2660.436,
                                                                    "Actual Rows": 34370,
                                                                    "Actual Loops": 1
                                                                }
                                                            ],
                                                            "Plans": [
                                                                {
                                                                    "Node Type": "Hash Join",
                                                                    "Parent Relationship": "Outer",
                                                                    "Parallel Aware": true,
                                                                    "Join Type": "Inner",
                                                                    "Startup Cost": 51301.77,
                                                                    "Total Cost": 81291.28,
                                                                    "Plan Rows": 79431,
                                                                    "Plan Width": 29,
                                                                    "Actual Startup Time": 289.396,
                                                                    "Actual Total Time": 659.866,
                                                                    "Actual Rows": 54508,
                                                                    "Actual Loops": 4,
                                                                    "Output": [
                                                                        "mc.movie_id",
                                                                        "mc.company_type_id",
                                                                        "t.title",
                                                                        "t.id"
                                                                    ],
                                                                    "Inner Unique": true,
                                                                    "Hash Cond": "(mc.company_id = cn.id)",
                                                                    "Workers": [
                                                                        {
                                                                            "Worker Number": 0,
                                                                            "Actual Startup Time": 286.073,
                                                                            "Actual Total Time": 658.179,
                                                                            "Actual Rows": 62296,
                                                                            "Actual Loops": 1
                                                                        },
                                                                        {
                                                                            "Worker Number": 1,
                                                                            "Actual Startup Time": 286.353,
                                                                            "Actual Total Time": 663.402,
                                                                            "Actual Rows": 51792,
                                                                            "Actual Loops": 1
                                                                        },
                                                                        {
                                                                            "Worker Number": 2,
                                                                            "Actual Startup Time": 285.992,
                                                                            "Actual Total Time": 653.223,
                                                                            "Actual Rows": 53337,
                                                                            "Actual Loops": 1
                                                                        }
                                                                    ],
                                                                    "Plans": [
                                                                        {
                                                                            "Node Type": "Hash Join",
                                                                            "Parent Relationship": "Outer",
                                                                            "Parallel Aware": true,
                                                                            "Join Type": "Inner",
                                                                            "Startup Cost": 45950.75,
                                                                            "Total Cost": 75366.64,
                                                                            "Plan Rows": 218519,
                                                                            "Plan Width": 33,
                                                                            "Actual Startup Time": 257.64,
                                                                            "Actual Total Time": 580.848,
                                                                            "Actual Rows": 131144,
                                                                            "Actual Loops": 4,
                                                                            "Output": [
                                                                                "mc.movie_id",
                                                                                "mc.company_id",
                                                                                "mc.company_type_id",
                                                                                "t.title",
                                                                                "t.id"
                                                                            ],
                                                                            "Inner Unique": true,
                                                                            "Hash Cond": "(mc.movie_id = t.id)",
                                                                            "Workers": [
                                                                                {
                                                                                    "Worker Number": 0,
                                                                                    "Actual Startup Time": 257.606,
                                                                                    "Actual Total Time": 583.068,
                                                                                    "Actual Rows": 151505,
                                                                                    "Actual Loops": 1
                                                                                },
                                                                                {
                                                                                    "Worker Number": 1,
                                                                                    "Actual Startup Time": 257.802,
                                                                                    "Actual Total Time": 586.811,
                                                                                    "Actual Rows": 126104,
                                                                                    "Actual Loops": 1
                                                                                },
                                                                                {
                                                                                    "Worker Number": 2,
                                                                                    "Actual Startup Time": 257.562,
                                                                                    "Actual Total Time": 578.005,
                                                                                    "Actual Rows": 125311,
                                                                                    "Actual Loops": 1
                                                                                }
                                                                            ],
                                                                            "Plans": [
                                                                                {
                                                                                    "Node Type": "Seq Scan",
                                                                                    "Parent Relationship": "Outer",
                                                                                    "Parallel Aware": true,
                                                                                    "Relation Name": "movie_companies",
                                                                                    "Schema": "public",
                                                                                    "Alias": "mc",
                                                                                    "Startup Cost": 0.0,
                                                                                    "Total Cost": 27206.55,
                                                                                    "Plan Rows": 841655,
                                                                                    "Plan Width": 12,
                                                                                    "Actual Startup Time": 0.029,
                                                                                    "Actual Total Time": 75.679,
                                                                                    "Actual Rows": 652282,
                                                                                    "Actual Loops": 4,
                                                                                    "Output": [
                                                                                        "mc.id",
                                                                                        "mc.movie_id",
                                                                                        "mc.company_id",
                                                                                        "mc.company_type_id",
                                                                                        "mc.note"
                                                                                    ],
                                                                                    "Workers": [
                                                                                        {
                                                                                            "Worker Number": 0,
                                                                                            "Actual Startup Time": 0.043,
                                                                                            "Actual Total Time": 68.804,
                                                                                            "Actual Rows": 755600,
                                                                                            "Actual Loops": 1
                                                                                        },
                                                                                        {
                                                                                            "Worker Number": 1,
                                                                                            "Actual Startup Time": 0.027,
                                                                                            "Actual Total Time": 81.665,
                                                                                            "Actual Rows": 613101,
                                                                                            "Actual Loops": 1
                                                                                        },
                                                                                        {
                                                                                            "Worker Number": 2,
                                                                                            "Actual Startup Time": 0.03,
                                                                                            "Actual Total Time": 74.98,
                                                                                            "Actual Rows": 637574,
                                                                                            "Actual Loops": 1
                                                                                        }
                                                                                    ]
                                                                                },
                                                                                {
                                                                                    "Node Type": "Hash",
                                                                                    "Parent Relationship": "Inner",
                                                                                    "Parallel Aware": true,
                                                                                    "Startup Cost": 43899.32,
                                                                                    "Total Cost": 43899.32,
                                                                                    "Plan Rows": 164114,
                                                                                    "Plan Width": 21,
                                                                                    "Actual Startup Time": 255.12,
                                                                                    "Actual Total Time": 255.121,
                                                                                    "Actual Rows": 165516,
                                                                                    "Actual Loops": 4,
                                                                                    "Output": [
                                                                                        "t.title",
                                                                                        "t.id"
                                                                                    ],
                                                                                    "Hash Buckets": 1048576,
                                                                                    "Original Hash Buckets": 1048576,
                                                                                    "Hash Batches": 1,
                                                                                    "Original Hash Batches": 1,
                                                                                    "Peak Memory Usage": 45504,
                                                                                    "Workers": [
                                                                                        {
                                                                                            "Worker Number": 0,
                                                                                            "Actual Startup Time": 257.479,
                                                                                            "Actual Total Time": 257.48,
                                                                                            "Actual Rows": 215668,
                                                                                            "Actual Loops": 1
                                                                                        },
                                                                                        {
                                                                                            "Worker Number": 1,
                                                                                            "Actual Startup Time": 248.056,
                                                                                            "Actual Total Time": 248.057,
                                                                                            "Actual Rows": 143517,
                                                                                            "Actual Loops": 1
                                                                                        },
                                                                                        {
                                                                                            "Worker Number": 2,
                                                                                            "Actual Startup Time": 257.473,
                                                                                            "Actual Total Time": 257.474,
                                                                                            "Actual Rows": 128647,
                                                                                            "Actual Loops": 1
                                                                                        }
                                                                                    ],
                                                                                    "Plans": [
                                                                                        {
                                                                                            "Node Type": "Seq Scan",
                                                                                            "Parent Relationship": "Outer",
                                                                                            "Parallel Aware": true,
                                                                                            "Relation Name": "title",
                                                                                            "Schema": "public",
                                                                                            "Alias": "t",
                                                                                            "Startup Cost": 0.0,
                                                                                            "Total Cost": 43899.32,
                                                                                            "Plan Rows": 164114,
                                                                                            "Plan Width": 21,
                                                                                            "Actual Startup Time": 0.043,
                                                                                            "Actual Total Time": 144.002,
                                                                                            "Actual Rows": 165516,
                                                                                            "Actual Loops": 4,
                                                                                            "Output": [
                                                                                                "t.title",
                                                                                                "t.id"
                                                                                            ],
                                                                                            "Filter": "(t.production_year > 2008)",
                                                                                            "Rows Removed by Filter": 466562,
                                                                                            "Workers": [
                                                                                                {
                                                                                                    "Worker Number": 0,
                                                                                                    "Actual Startup Time": 0.047,
                                                                                                    "Actual Total Time": 138.662,
                                                                                                    "Actual Rows": 215668,
                                                                                                    "Actual Loops": 1
                                                                                                },
                                                                                                {
                                                                                                    "Worker Number": 1,
                                                                                                    "Actual Startup Time": 0.047,
                                                                                                    "Actual Total Time": 150.52,
                                                                                                    "Actual Rows": 143517,
                                                                                                    "Actual Loops": 1
                                                                                                },
                                                                                                {
                                                                                                    "Worker Number": 2,
                                                                                                    "Actual Startup Time": 0.039,
                                                                                                    "Actual Total Time": 144.571,
                                                                                                    "Actual Rows": 128647,
                                                                                                    "Actual Loops": 1
                                                                                                }
                                                                                            ]
                                                                                        }
                                                                                    ]
                                                                                }
                                                                            ]
                                                                        },
                                                                        {
                                                                            "Node Type": "Hash",
                                                                            "Parent Relationship": "Inner",
                                                                            "Parallel Aware": true,
                                                                            "Startup Cost": 4722.92,
                                                                            "Total Cost": 4722.92,
                                                                            "Plan Rows": 50248,
                                                                            "Plan Width": 4,
                                                                            "Actual Startup Time": 30.589,
                                                                            "Actual Total Time": 30.59,
                                                                            "Actual Rows": 21211,
                                                                            "Actual Loops": 4,
                                                                            "Output": [
                                                                                "cn.id"
                                                                            ],
                                                                            "Hash Buckets": 131072,
                                                                            "Original Hash Buckets": 131072,
                                                                            "Hash Batches": 1,
                                                                            "Original Hash Batches": 1,
                                                                            "Peak Memory Usage": 4384,
                                                                            "Workers": [
                                                                                {
                                                                                    "Worker Number": 0,
                                                                                    "Actual Startup Time": 28.388,
                                                                                    "Actual Total Time": 28.388,
                                                                                    "Actual Rows": 18523,
                                                                                    "Actual Loops": 1
                                                                                },
                                                                                {
                                                                                    "Worker Number": 1,
                                                                                    "Actual Startup Time": 28.239,
                                                                                    "Actual Total Time": 28.24,
                                                                                    "Actual Rows": 20388,
                                                                                    "Actual Loops": 1
                                                                                },
                                                                                {
                                                                                    "Worker Number": 2,
                                                                                    "Actual Startup Time": 28.345,
                                                                                    "Actual Total Time": 28.346,
                                                                                    "Actual Rows": 19323,
                                                                                    "Actual Loops": 1
                                                                                }
                                                                            ],
                                                                            "Plans": [
                                                                                {
                                                                                    "Node Type": "Seq Scan",
                                                                                    "Parent Relationship": "Outer",
                                                                                    "Parallel Aware": true,
                                                                                    "Relation Name": "company_name",
                                                                                    "Schema": "public",
                                                                                    "Alias": "cn",
                                                                                    "Startup Cost": 0.0,
                                                                                    "Total Cost": 4722.92,
                                                                                    "Plan Rows": 50248,
                                                                                    "Plan Width": 4,
                                                                                    "Actual Startup Time": 0.051,
                                                                                    "Actual Total Time": 20.437,
                                                                                    "Actual Rows": 21211,
                                                                                    "Actual Loops": 4,
                                                                                    "Output": [
                                                                                        "cn.id"
                                                                                    ],
                                                                                    "Filter": "((cn.country_code)::text = '[us]'::text)",
                                                                                    "Rows Removed by Filter": 37538,
                                                                                    "Workers": [
                                                                                        {
                                                                                            "Worker Number": 0,
                                                                                            "Actual Startup Time": 0.067,
                                                                                            "Actual Total Time": 18.318,
                                                                                            "Actual Rows": 18523,
                                                                                            "Actual Loops": 1
                                                                                        },
                                                                                        {
                                                                                            "Worker Number": 1,
                                                                                            "Actual Startup Time": 0.046,
                                                                                            "Actual Total Time": 18.988,
                                                                                            "Actual Rows": 20388,
                                                                                            "Actual Loops": 1
                                                                                        },
                                                                                        {
                                                                                            "Worker Number": 2,
                                                                                            "Actual Startup Time": 0.051,
                                                                                            "Actual Total Time": 19.242,
                                                                                            "Actual Rows": 19323,
                                                                                            "Actual Loops": 1
                                                                                        }
                                                                                    ]
                                                                                }
                                                                            ]
                                                                        }
                                                                    ]
                                                                },
                                                                {
                                                                    "Node Type": "Index Scan",
                                                                    "Parent Relationship": "Inner",
                                                                    "Parallel Aware": false,
                                                                    "Scan Direction": "Forward",
                                                                    "Index Name": "movie_id_cast_info",
                                                                    "Relation Name": "cast_info",
                                                                    "Schema": "public",
                                                                    "Alias": "ci",
                                                                    "Startup Cost": 0.56,
                                                                    "Total Cost": 1.85,
                                                                    "Plan Rows": 1,
                                                                    "Plan Width": 12,
                                                                    "Actual Startup Time": 0.033,
                                                                    "Actual Total Time": 0.036,
                                                                    "Actual Rows": 1,
                                                                    "Actual Loops": 218034,
                                                                    "Output": [
                                                                        "ci.id",
                                                                        "ci.person_id",
                                                                        "ci.movie_id",
                                                                        "ci.person_role_id",
                                                                        "ci.note",
                                                                        "ci.nr_order",
                                                                        "ci.role_id"
                                                                    ],
                                                                    "Index Cond": "(ci.movie_id = mc.movie_id)",
                                                                    "Rows Removed by Index Recheck": 0,
                                                                    "Filter": "(ci.note ~~ '%(voice)%'::text)",
                                                                    "Rows Removed by Filter": 32,
                                                                    "Workers": [
                                                                        {
                                                                            "Worker Number": 0,
                                                                            "Actual Startup Time": 0.029,
                                                                            "Actual Total Time": 0.032,
                                                                            "Actual Rows": 1,
                                                                            "Actual Loops": 62296
                                                                        },
                                                                        {
                                                                            "Worker Number": 1,
                                                                            "Actual Startup Time": 0.034,
                                                                            "Actual Total Time": 0.038,
                                                                            "Actual Rows": 1,
                                                                            "Actual Loops": 51792
                                                                        },
                                                                        {
                                                                            "Worker Number": 2,
                                                                            "Actual Startup Time": 0.033,
                                                                            "Actual Total Time": 0.037,
                                                                            "Actual Rows": 1,
                                                                            "Actual Loops": 53337
                                                                        }
                                                                    ]
                                                                }
                                                            ]
                                                        },
                                                        {
                                                            "Node Type": "Index Scan",
                                                            "Parent Relationship": "Inner",
                                                            "Parallel Aware": false,
                                                            "Scan Direction": "Forward",
                                                            "Index Name": "char_name_pkey",
                                                            "Relation Name": "char_name",
                                                            "Schema": "public",
                                                            "Alias": "chn",
                                                            "Startup Cost": 0.43,
                                                            "Total Cost": 0.7,
                                                            "Plan Rows": 1,
                                                            "Plan Width": 20,
                                                            "Actual Startup Time": 0.004,
                                                            "Actual Total Time": 0.004,
                                                            "Actual Rows": 1,
                                                            "Actual Loops": 137432,
                                                            "Output": [
                                                                "chn.id",
                                                                "chn.name",
                                                                "chn.imdb_index",
                                                                "chn.imdb_id",
                                                                "chn.name_pcode_nf",
                                                                "chn.surname_pcode",
                                                                "chn.md5sum"
                                                            ],
                                                            "Index Cond": "(chn.id = ci.person_role_id)",
                                                            "Rows Removed by Index Recheck": 0,
                                                            "Workers": [
                                                                {
                                                                    "Worker Number": 0,
                                                                    "Actual Startup Time": 0.003,
                                                                    "Actual Total Time": 0.003,
                                                                    "Actual Rows": 1,
                                                                    "Actual Loops": 40091
                                                                },
                                                                {
                                                                    "Worker Number": 1,
                                                                    "Actual Startup Time": 0.004,
                                                                    "Actual Total Time": 0.004,
                                                                    "Actual Rows": 1,
                                                                    "Actual Loops": 29734
                                                                },
                                                                {
                                                                    "Worker Number": 2,
                                                                    "Actual Startup Time": 0.004,
                                                                    "Actual Total Time": 0.004,
                                                                    "Actual Rows": 1,
                                                                    "Actual Loops": 34370
                                                                }
                                                            ]
                                                        }
                                                    ]
                                                },
                                                {
                                                    "Node Type": "Hash",
                                                    "Parent Relationship": "Inner",
                                                    "Parallel Aware": false,
                                                    "Startup Cost": 1.04,
                                                    "Total Cost": 1.04,
                                                    "Plan Rows": 4,
                                                    "Plan Width": 4,
                                                    "Actual Startup Time": 0.051,
                                                    "Actual Total Time": 0.051,
                                                    "Actual Rows": 4,
                                                    "Actual Loops": 4,
                                                    "Output": [
                                                        "ct.id"
                                                    ],
                                                    "Hash Buckets": 1024,
                                                    "Original Hash Buckets": 1024,
                                                    "Hash Batches": 1,
                                                    "Original Hash Batches": 1,
                                                    "Peak Memory Usage": 9,
                                                    "Workers": [
                                                        {
                                                            "Worker Number": 0,
                                                            "Actual Startup Time": 0.072,
                                                            "Actual Total Time": 0.072,
                                                            "Actual Rows": 4,
                                                            "Actual Loops": 1
                                                        },
                                                        {
                                                            "Worker Number": 1,
                                                            "Actual Startup Time": 0.05,
                                                            "Actual Total Time": 0.05,
                                                            "Actual Rows": 4,
                                                            "Actual Loops": 1
                                                        },
                                                        {
                                                            "Worker Number": 2,
                                                            "Actual Startup Time": 0.053,
                                                            "Actual Total Time": 0.054,
                                                            "Actual Rows": 4,
                                                            "Actual Loops": 1
                                                        }
                                                    ],
                                                    "Plans": [
                                                        {
                                                            "Node Type": "Seq Scan",
                                                            "Parent Relationship": "Outer",
                                                            "Parallel Aware": false,
                                                            "Relation Name": "company_type",
                                                            "Schema": "public",
                                                            "Alias": "ct",
                                                            "Startup Cost": 0.0,
                                                            "Total Cost": 1.04,
                                                            "Plan Rows": 4,
                                                            "Plan Width": 4,
                                                            "Actual Startup Time": 0.033,
                                                            "Actual Total Time": 0.035,
                                                            "Actual Rows": 4,
                                                            "Actual Loops": 4,
                                                            "Output": [
                                                                "ct.id"
                                                            ],
                                                            "Workers": [
                                                                {
                                                                    "Worker Number": 0,
                                                                    "Actual Startup Time": 0.049,
                                                                    "Actual Total Time": 0.052,
                                                                    "Actual Rows": 4,
                                                                    "Actual Loops": 1
                                                                },
                                                                {
                                                                    "Worker Number": 1,
                                                                    "Actual Startup Time": 0.033,
                                                                    "Actual Total Time": 0.035,
                                                                    "Actual Rows": 4,
                                                                    "Actual Loops": 1
                                                                },
                                                                {
                                                                    "Worker Number": 2,
                                                                    "Actual Startup Time": 0.037,
                                                                    "Actual Total Time": 0.039,
                                                                    "Actual Rows": 4,
                                                                    "Actual Loops": 1
                                                                }
                                                            ]
                                                        }
                                                    ]
                                                }
                                            ]
                                        },
                                        {
                                            "Node Type": "Hash",
                                            "Parent Relationship": "Inner",
                                            "Parallel Aware": false,
                                            "Startup Cost": 1.12,
                                            "Total Cost": 1.12,
                                            "Plan Rows": 12,
                                            "Plan Width": 4,
                                            "Actual Startup Time": 0.089,
                                            "Actual Total Time": 0.09,
                                            "Actual Rows": 12,
                                            "Actual Loops": 4,
                                            "Output": [
                                                "rt.id"
                                            ],
                                            "Hash Buckets": 1024,
                                            "Original Hash Buckets": 1024,
                                            "Hash Batches": 1,
                                            "Original Hash Batches": 1,
                                            "Peak Memory Usage": 9,
                                            "Workers": [
                                                {
                                                    "Worker Number": 0,
                                                    "Actual Startup Time": 0.121,
                                                    "Actual Total Time": 0.122,
                                                    "Actual Rows": 12,
                                                    "Actual Loops": 1
                                                },
                                                {
                                                    "Worker Number": 1,
                                                    "Actual Startup Time": 0.091,
                                                    "Actual Total Time": 0.092,
                                                    "Actual Rows": 12,
                                                    "Actual Loops": 1
                                                },
                                                {
                                                    "Worker Number": 2,
                                                    "Actual Startup Time": 0.099,
                                                    "Actual Total Time": 0.1,
                                                    "Actual Rows": 12,
                                                    "Actual Loops": 1
                                                }
                                            ],
                                            "Plans": [
                                                {
                                                    "Node Type": "Seq Scan",
                                                    "Parent Relationship": "Outer",
                                                    "Parallel Aware": false,
                                                    "Relation Name": "role_type",
                                                    "Schema": "public",
                                                    "Alias": "rt",
                                                    "Startup Cost": 0.0,
                                                    "Total Cost": 1.12,
                                                    "Plan Rows": 12,
                                                    "Plan Width": 4,
                                                    "Actual Startup Time": 0.062,
                                                    "Actual Total Time": 0.068,
                                                    "Actual Rows": 12,
                                                    "Actual Loops": 4,
                                                    "Output": [
                                                        "rt.id"
                                                    ],
                                                    "Workers": [
                                                        {
                                                            "Worker Number": 0,
                                                            "Actual Startup Time": 0.087,
                                                            "Actual Total Time": 0.093,
                                                            "Actual Rows": 12,
                                                            "Actual Loops": 1
                                                        },
                                                        {
                                                            "Worker Number": 1,
                                                            "Actual Startup Time": 0.067,
                                                            "Actual Total Time": 0.071,
                                                            "Actual Rows": 12,
                                                            "Actual Loops": 1
                                                        },
                                                        {
                                                            "Worker Number": 2,
                                                            "Actual Startup Time": 0.075,
                                                            "Actual Total Time": 0.08,
                                                            "Actual Rows": 12,
                                                            "Actual Loops": 1
                                                        }
                                                    ]
                                                }
                                            ]
                                        }
                                    ]
                                }
                            ]
                        }
                    ]
                }
            ]
        },
        "Planning Time": 1017.19,
        "Triggers": [],
        "Execution Time": 2992.257
    }
]