[
  {
    "Plan": {
      "Node Type": "Aggregate",
      "Strategy": "Plain",
      "Partial Mode": "Finalize",
      "Parallel Aware": false,
      "Startup Cost": 31002.87,
      "Total Cost": 31002.88,
      "Plan Rows": 1,
      "Plan Width": 8,
      "Actual Startup Time": 85.171,
      "Actual Total Time": 92.097,
      "Actual Rows": 1,
      "Actual Loops": 1,
      "Plans": [
        {
          "Node Type": "Gather",
          "Parent Relationship": "Outer",
          "Parallel Aware": false,
          "Startup Cost": 31002.56,
          "Total Cost": 31002.87,
          "Plan Rows": 3,
          "Plan Width": 8,
          "Actual Startup Time": 85.024,
          "Actual Total Time": 92.09,
          "Actual Rows": 4,
          "Actual Loops": 1,
          "Workers Planned": 3,
          "Workers Launched": 3,
          "Single Copy": false,
          "Plans": [
            {
              "Node Type": "Aggregate",
              "Strategy": "Plain",
              "Partial Mode": "Partial",
              "Parent Relationship": "Outer",
              "Parallel Aware": false,
              "Startup Cost": 30002.56,
              "Total Cost": 30002.57,
              "Plan Rows": 1,
              "Plan Width": 8,
              "Actual Startup Time": 79.58,
              "Actual Total Time": 79.581,
              "Actual Rows": 1,
              "Actual Loops": 4,
              "Plans": [
                {
                  "Node Type": "Seq Scan",
                  "Parent Relationship": "Outer",
                  "Parallel Aware": true,
                  "Relation Name": "movie_companies",
                  "Alias": "mc",
                  "Startup Cost": 0.0,
                  "Total Cost": 29310.68,
                  "Plan Rows": 276750,
                  "Plan Width": 0,
                  "Actual Startup Time": 18.708,
                  "Actual Total Time": 70.538,
                  "Actual Rows": 211974,
                  "Actual Loops": 4,
                  "Filter": "(company_id > 25457)",
                  "Rows Removed by Filter": 440308
                }
              ]
            }
          ]
        }
      ]
    },
    "Planning Time": 0.22,
    "Triggers": [],
    "Execution Time": 92.152
  }
]