[
  {
    "Plan": {
      "Node Type": "Aggregate",
      "Strategy": "Plain",
      "Partial Mode": "Finalize",
      "Parallel Aware": false,
      "Startup Cost": 45030.09,
      "Total Cost": 45030.1,
      "Plan Rows": 1,
      "Plan Width": 8,
      "Actual Startup Time": 155.3,
      "Actual Total Time": 166.187,
      "Actual Rows": 1,
      "Actual Loops": 1,
      "Plans": [
        {
          "Node Type": "Gather",
          "Parent Relationship": "Outer",
          "Parallel Aware": false,
          "Startup Cost": 45029.78,
          "Total Cost": 45030.09,
          "Plan Rows": 3,
          "Plan Width": 8,
          "Actual Startup Time": 155.144,
          "Actual Total Time": 166.179,
          "Actual Rows": 4,
          "Actual Loops": 1,
          "Workers Planned": 3,
          "Workers Launched": 3,
          "Single Copy": false,
          "Plans": [
            {
              "Node Type": "Aggregate",
              "Strategy": "Plain",
              "Partial Mode": "Partial",
              "Parent Relationship": "Outer",
              "Parallel Aware": false,
              "Startup Cost": 44029.78,
              "Total Cost": 44029.79,
              "Plan Rows": 1,
              "Plan Width": 8,
              "Actual Startup Time": 147.345,
              "Actual Total Time": 147.346,
              "Actual Rows": 1,
              "Actual Loops": 4,
              "Plans": [
                {
                  "Node Type": "Seq Scan",
                  "Parent Relationship": "Outer",
                  "Parallel Aware": true,
                  "Relation Name": "movie_keyword",
                  "Alias": "mk",
                  "Startup Cost": 0.0,
                  "Total Cost": 42695.65,
                  "Plan Rows": 533649,
                  "Plan Width": 0,
                  "Actual Startup Time": 1.405,
                  "Actual Total Time": 124.691,
                  "Actual Rows": 413912,
                  "Actual Loops": 4,
                  "Filter": "(keyword_id > 8825)",
                  "Rows Removed by Filter": 717070
                }
              ]
            }
          ]
        }
      ]
    },
    "Planning Time": 0.179,
    "Triggers": [],
    "Execution Time": 166.242
  }
]