{
  "Plan": {
    "Node Type": "Aggregate",
    "Strategy": "Plain",
    "Partial Mode": "Finalize",
    "Parallel Aware": false,
    "Startup Cost": 97702.46,
    "Total Cost": 97702.47,
    "Plan Rows": 1,
    "Plan Width": 8,
    "Actual Startup Time": 419.03,
    "Actual Total Time": 437.587,
    "Actual Rows": 1,
    "Actual Loops": 1,
    "Plans": [
      {
        "Node Type": "Gather",
        "Parent Relationship": "Outer",
        "Parallel Aware": false,
        "Startup Cost": 97702.34,
        "Total Cost": 97702.45,
        "Plan Rows": 1,
        "Plan Width": 8,
        "Actual Startup Time": 418.738,
        "Actual Total Time": 437.578,
        "Actual Rows": 2,
        "Actual Loops": 1,
        "Workers Planned": 1,
        "Workers Launched": 1,
        "Single Copy": false,
        "Plans": [
          {
            "Node Type": "Aggregate",
            "Strategy": "Plain",
            "Partial Mode": "Partial",
            "Parent Relationship": "Outer",
            "Parallel Aware": false,
            "Startup Cost": 96702.34,
            "Total Cost": 96702.35,
            "Plan Rows": 1,
            "Plan Width": 8,
            "Actual Startup Time": 412.95,
            "Actual Total Time": 412.953,
            "Actual Rows": 1,
            "Actual Loops": 2,
            "Plans": [
              {
                "Node Type": "Hash Join",
                "Parent Relationship": "Outer",
                "Parallel Aware": true,
                "Join Type": "Inner",
                "Startup Cost": 58496.49,
                "Total Cost": 96663.12,
                "Plan Rows": 15688,
                "Plan Width": 0,
                "Actual Startup Time": 157.896,
                "Actual Total Time": 411.913,
                "Actual Rows": 17002,
                "Actual Loops": 2,
                "Inner Unique": true,
                "Hash Cond": "(mc.movie_id = t.id)",
                "Plans": [
                  {
                    "Node Type": "Seq Scan",
                    "Parent Relationship": "Outer",
                    "Parallel Aware": true,
                    "Relation Name": "movie_companies",
                    "Alias": "mc",
                    "Startup Cost": 0.0,
                    "Total Cost": 34137.82,
                    "Plan Rows": 1534782,
                    "Plan Width": 4,
                    "Actual Startup Time": 0.015,
                    "Actual Total Time": 115.345,
                    "Actual Rows": 1304564,
                    "Actual Loops": 2
                  },
                  {
                    "Node Type": "Hash",
                    "Parent Relationship": "Inner",
                    "Parallel Aware": true,
                    "Startup Cost": 58306.47,
                    "Total Cost": 58306.47,
                    "Plan Rows": 15202,
                    "Plan Width": 4,
                    "Actual Startup Time": 156.425,
                    "Actual Total Time": 156.426,
                    "Actual Rows": 11854,
                    "Actual Loops": 2,
                    "Hash Buckets": 32768,
                    "Original Hash Buckets": 32768,
                    "Hash Batches": 1,
                    "Original Hash Batches": 1,
                    "Peak Memory Usage": 1216,
                    "Plans": [
                      {
                        "Node Type": "Seq Scan",
                        "Parent Relationship": "Outer",
                        "Parallel Aware": true,
                        "Relation Name": "title",
                        "Alias": "t",
                        "Startup Cost": 0.0,
                        "Total Cost": 58306.47,
                        "Plan Rows": 15202,
                        "Plan Width": 4,
                        "Actual Startup Time": 0.602,
                        "Actual Total Time": 152.504,
                        "Actual Rows": 11854,
                        "Actual Loops": 2,
                        "Filter": "((kind_id < 7) AND (production_year = 2013))",
                        "Rows Removed by Filter": 1252302
                      }
                    ]
                  }
                ]
              }
            ]
          }
        ]
      }
    ]
  },
  "Planning Time": 0.451,
  "Triggers": [],
  "Execution Time": 437.66
}