{
  "Plan": {
    "Node Type": "Aggregate",
    "Strategy": "Plain",
    "Partial Mode": "Finalize",
    "Parallel Aware": false,
    "Startup Cost": 377743.73,
    "Total Cost": 377743.74,
    "Plan Rows": 1,
    "Plan Width": 8,
    "Actual Startup Time": 1315.159,
    "Actual Total Time": 1378.384,
    "Actual Rows": 1,
    "Actual Loops": 1,
    "Plans": [
      {
        "Node Type": "Gather",
        "Parent Relationship": "Outer",
        "Parallel Aware": false,
        "Startup Cost": 377743.62,
        "Total Cost": 377743.73,
        "Plan Rows": 1,
        "Plan Width": 8,
        "Actual Startup Time": 1313.574,
        "Actual Total Time": 1378.376,
        "Actual Rows": 2,
        "Actual Loops": 1,
        "Workers Planned": 1,
        "Workers Launched": 1,
        "Single Copy": false,
        "Plans": [
          {
            "Node Type": "Aggregate",
            "Strategy": "Plain",
            "Partial Mode": "Partial",
            "Parent Relationship": "Outer",
            "Parallel Aware": false,
            "Startup Cost": 376743.62,
            "Total Cost": 376743.63,
            "Plan Rows": 1,
            "Plan Width": 8,
            "Actual Startup Time": 1307.284,
            "Actual Total Time": 1307.287,
            "Actual Rows": 1,
            "Actual Loops": 2,
            "Plans": [
              {
                "Node Type": "Nested Loop",
                "Parent Relationship": "Outer",
                "Parallel Aware": false,
                "Join Type": "Inner",
                "Startup Cost": 63845.27,
                "Total Cost": 375308.6,
                "Plan Rows": 574008,
                "Plan Width": 0,
                "Actual Startup Time": 307.86,
                "Actual Total Time": 1242.455,
                "Actual Rows": 1449120,
                "Actual Loops": 2,
                "Inner Unique": false,
                "Plans": [
                  {
                    "Node Type": "Hash Join",
                    "Parent Relationship": "Outer",
                    "Parallel Aware": true,
                    "Join Type": "Inner",
                    "Startup Cost": 63844.83,
                    "Total Cost": 106521.52,
                    "Plan Rows": 98166,
                    "Plan Width": 8,
                    "Actual Startup Time": 307.789,
                    "Actual Total Time": 436.75,
                    "Actual Rows": 73956,
                    "Actual Loops": 2,
                    "Inner Unique": true,
                    "Hash Cond": "(mc.movie_id = t.id)",
                    "Plans": [
                      {
                        "Node Type": "Seq Scan",
                        "Parent Relationship": "Outer",
                        "Parallel Aware": true,
                        "Relation Name": "movie_companies",
                        "Alias": "mc",
                        "Startup Cost": 0.0,
                        "Total Cost": 41811.73,
                        "Plan Rows": 329511,
                        "Plan Width": 4,
                        "Actual Startup Time": 52.675,
                        "Actual Total Time": 110.873,
                        "Actual Rows": 173964,
                        "Actual Loops": 2,
                        "Filter": "((company_id < 7552) AND (company_type_id = 2))",
                        "Rows Removed by Filter": 1130600
                      },
                      {
                        "Node Type": "Hash",
                        "Parent Relationship": "Inner",
                        "Parallel Aware": true,
                        "Startup Cost": 58306.47,
                        "Total Cost": 58306.47,
                        "Plan Rows": 443069,
                        "Plan Width": 4,
                        "Actual Startup Time": 245.935,
                        "Actual Total Time": 245.936,
                        "Actual Rows": 396972,
                        "Actual Loops": 2,
                        "Hash Buckets": 1048576,
                        "Original Hash Buckets": 1048576,
                        "Hash Batches": 1,
                        "Original Hash Batches": 1,
                        "Peak Memory Usage": 39296,
                        "Plans": [
                          {
                            "Node Type": "Seq Scan",
                            "Parent Relationship": "Outer",
                            "Parallel Aware": true,
                            "Relation Name": "title",
                            "Alias": "t",
                            "Startup Cost": 0.0,
                            "Total Cost": 58306.47,
                            "Plan Rows": 443069,
                            "Plan Width": 4,
                            "Actual Startup Time": 0.038,
                            "Actual Total Time": 154.157,
                            "Actual Rows": 396972,
                            "Actual Loops": 2,
                            "Filter": "((kind_id < 7) AND (production_year < 2010))",
                            "Rows Removed by Filter": 867184
                          }
                        ]
                      }
                    ]
                  },
                  {
                    "Node Type": "Index Only Scan",
                    "Parent Relationship": "Inner",
                    "Parallel Aware": false,
                    "Scan Direction": "Forward",
                    "Index Name": "movie_id_movie_info",
                    "Relation Name": "movie_info",
                    "Alias": "mi",
                    "Startup Cost": 0.43,
                    "Total Cost": 2.32,
                    "Plan Rows": 42,
                    "Plan Width": 4,
                    "Actual Startup Time": 0.003,
                    "Actual Total Time": 0.009,
                    "Actual Rows": 20,
                    "Actual Loops": 147912,
                    "Index Cond": "(movie_id = t.id)",
                    "Rows Removed by Index Recheck": 0,
                    "Heap Fetches": 2898239
                  }
                ]
              }
            ]
          }
        ]
      }
    ]
  },
  "Planning Time": 1.025,
  "Triggers": [],
  "Execution Time": 1378.487
}