[
  {
    "Plan": {
      "Node Type": "Aggregate",
      "Strategy": "Plain",
      "Partial Mode": "Finalize",
      "Parallel Aware": false,
      "Startup Cost": 220707.52,
      "Total Cost": 220707.53,
      "Plan Rows": 1,
      "Plan Width": 8,
      "Actual Startup Time": 698.792,
      "Actual Total Time": 733.719,
      "Actual Rows": 1,
      "Actual Loops": 1,
      "Plans": [
        {
          "Node Type": "Gather",
          "Parent Relationship": "Outer",
          "Parallel Aware": false,
          "Startup Cost": 220707.0,
          "Total Cost": 220707.51,
          "Plan Rows": 5,
          "Plan Width": 8,
          "Actual Startup Time": 693.351,
          "Actual Total Time": 733.708,
          "Actual Rows": 6,
          "Actual Loops": 1,
          "Workers Planned": 5,
          "Workers Launched": 5,
          "Single Copy": false,
          "Plans": [
            {
              "Node Type": "Aggregate",
              "Strategy": "Plain",
              "Partial Mode": "Partial",
              "Parent Relationship": "Outer",
              "Parallel Aware": false,
              "Startup Cost": 219707.0,
              "Total Cost": 219707.01,
              "Plan Rows": 1,
              "Plan Width": 8,
              "Actual Startup Time": 679.557,
              "Actual Total Time": 679.684,
              "Actual Rows": 1,
              "Actual Loops": 6,
              "Plans": [
                {
                  "Node Type": "Hash Join",
                  "Parent Relationship": "Outer",
                  "Parallel Aware": true,
                  "Join Type": "Inner",
                  "Startup Cost": 61695.22,
                  "Total Cost": 219655.59,
                  "Plan Rows": 20563,
                  "Plan Width": 0,
                  "Actual Startup Time": 245.272,
                  "Actual Total Time": 673.936,
                  "Actual Rows": 77447,
                  "Actual Loops": 6,
                  "Inner Unique": false,
                  "Hash Cond": "(ci.movie_id = t.id)",
                  "Plans": [
                    {
                      "Node Type": "Index Scan",
                      "Parent Relationship": "Outer",
                      "Parallel Aware": true,
                      "Scan Direction": "Forward",
                      "Index Name": "role_id_cast_info",
                      "Relation Name": "cast_info",
                      "Alias": "ci",
                      "Startup Cost": 0.56,
                      "Total Cost": 155872.35,
                      "Plan Rows": 534110,
                      "Plan Width": 4,
                      "Actual Startup Time": 0.329,
                      "Actual Total Time": 282.686,
                      "Actual Rows": 778567,
                      "Actual Loops": 6,
                      "Index Cond": "(role_id > 8)",
                      "Rows Removed by Index Recheck": 0,
                      "Filter": "(person_id > 1953440)",
                      "Rows Removed by Filter": 176882
                    },
                    {
                      "Node Type": "Hash",
                      "Parent Relationship": "Inner",
                      "Parallel Aware": true,
                      "Startup Cost": 61187.65,
                      "Total Cost": 61187.65,
                      "Plan Rows": 40560,
                      "Plan Width": 8,
                      "Actual Startup Time": 243.057,
                      "Actual Total Time": 243.181,
                      "Actual Rows": 10677,
                      "Actual Loops": 6,
                      "Hash Buckets": 131072,
                      "Original Hash Buckets": 131072,
                      "Hash Batches": 1,
                      "Original Hash Batches": 1,
                      "Peak Memory Usage": 3616,
                      "Plans": [
                        {
                          "Node Type": "Hash Join",
                          "Parent Relationship": "Outer",
                          "Parallel Aware": true,
                          "Join Type": "Inner",
                          "Startup Cost": 45557.71,
                          "Total Cost": 61187.65,
                          "Plan Rows": 40560,
                          "Plan Width": 8,
                          "Actual Startup Time": 171.673,
                          "Actual Total Time": 235.944,
                          "Actual Rows": 10677,
                          "Actual Loops": 6,
                          "Inner Unique": true,
                          "Hash Cond": "(mi_idx.movie_id = t.id)",
                          "Plans": [
                            {
                              "Node Type": "Seq Scan",
                              "Parent Relationship": "Outer",
                              "Parallel Aware": true,
                              "Relation Name": "movie_info_idx",
                              "Alias": "mi_idx",
                              "Startup Cost": 0.0,
                              "Total Cost": 15122.68,
                              "Plan Rows": 193243,
                              "Plan Width": 4,
                              "Actual Startup Time": 0.017,
                              "Actual Total Time": 33.503,
                              "Actual Rows": 76654,
                              "Actual Loops": 6,
                              "Filter": "(info_type_id = 101)",
                              "Rows Removed by Filter": 153352
                            },
                            {
                              "Node Type": "Hash",
                              "Parent Relationship": "Inner",
                              "Parallel Aware": true,
                              "Startup Cost": 43899.32,
                              "Total Cost": 43899.32,
                              "Plan Rows": 132671,
                              "Plan Width": 4,
                              "Actual Startup Time": 169.28,
                              "Actual Total Time": 169.282,
                              "Actual Rows": 88895,
                              "Actual Loops": 6,
                              "Hash Buckets": 1048576,
                              "Original Hash Buckets": 1048576,
                              "Hash Batches": 1,
                              "Original Hash Batches": 1,
                              "Peak Memory Usage": 29152,
                              "Plans": [
                                {
                                  "Node Type": "Seq Scan",
                                  "Parent Relationship": "Outer",
                                  "Parallel Aware": true,
                                  "Relation Name": "title",
                                  "Alias": "t",
                                  "Startup Cost": 0.0,
                                  "Total Cost": 43899.32,
                                  "Plan Rows": 132671,
                                  "Plan Width": 4,
                                  "Actual Startup Time": 0.06,
                                  "Actual Total Time": 111.214,
                                  "Actual Rows": 88895,
                                  "Actual Loops": 6,
                                  "Filter": "(production_year > 2009)",
                                  "Rows Removed by Filter": 332490
                                }
                              ]
                            }
                          ]
                        }
                      ]
                    }
                  ]
                }
              ]
            }
          ]
        }
      ]
    },
    "Planning Time": 1.133,
    "Triggers": [],
    "Execution Time": 733.81
  }
]