[
  {
    "Plan": {
      "Node Type": "Aggregate",
      "Strategy": "Plain",
      "Partial Mode": "Finalize",
      "Parallel Aware": false,
      "Startup Cost": 74929.79,
      "Total Cost": 74929.8,
      "Plan Rows": 1,
      "Plan Width": 8,
      "Actual Startup Time": 260.847,
      "Actual Total Time": 278.22,
      "Actual Rows": 1,
      "Actual Loops": 1,
      "Plans": [
        {
          "Node Type": "Gather",
          "Parent Relationship": "Outer",
          "Parallel Aware": false,
          "Startup Cost": 74929.48,
          "Total Cost": 74929.79,
          "Plan Rows": 3,
          "Plan Width": 8,
          "Actual Startup Time": 260.146,
          "Actual Total Time": 278.211,
          "Actual Rows": 4,
          "Actual Loops": 1,
          "Workers Planned": 3,
          "Workers Launched": 3,
          "Single Copy": false,
          "Plans": [
            {
              "Node Type": "Aggregate",
              "Strategy": "Plain",
              "Partial Mode": "Partial",
              "Parent Relationship": "Outer",
              "Parallel Aware": false,
              "Startup Cost": 73929.48,
              "Total Cost": 73929.49,
              "Plan Rows": 1,
              "Plan Width": 8,
              "Actual Startup Time": 251.819,
              "Actual Total Time": 251.822,
              "Actual Rows": 1,
              "Actual Loops": 4,
              "Plans": [
                {
                  "Node Type": "Hash Join",
                  "Parent Relationship": "Outer",
                  "Parallel Aware": true,
                  "Join Type": "Inner",
                  "Startup Cost": 44384.32,
                  "Total Cost": 73800.21,
                  "Plan Rows": 51708,
                  "Plan Width": 0,
                  "Actual Startup Time": 106.18,
                  "Actual Total Time": 247.986,
                  "Actual Rows": 84780,
                  "Actual Loops": 4,
                  "Inner Unique": true,
                  "Hash Cond": "(mc.movie_id = t.id)",
                  "Plans": [
                    {
                      "Node Type": "Seq Scan",
                      "Parent Relationship": "Outer",
                      "Parallel Aware": true,
                      "Relation Name": "movie_companies",
                      "Alias": "mc",
                      "Startup Cost": 0.0,
                      "Total Cost": 27206.55,
                      "Plan Rows": 841655,
                      "Plan Width": 4,
                      "Actual Startup Time": 0.015,
                      "Actual Total Time": 57.953,
                      "Actual Rows": 652282,
                      "Actual Loops": 4
                    },
                    {
                      "Node Type": "Hash",
                      "Parent Relationship": "Inner",
                      "Parallel Aware": true,
                      "Startup Cost": 43898.92,
                      "Total Cost": 43898.92,
                      "Plan Rows": 38832,
                      "Plan Width": 4,
                      "Actual Startup Time": 102.568,
                      "Actual Total Time": 102.569,
                      "Actual Rows": 40084,
                      "Actual Loops": 4,
                      "Hash Buckets": 262144,
                      "Original Hash Buckets": 262144,
                      "Hash Batches": 1,
                      "Original Hash Batches": 1,
                      "Peak Memory Usage": 8416,
                      "Plans": [
                        {
                          "Node Type": "Seq Scan",
                          "Parent Relationship": "Outer",
                          "Parallel Aware": true,
                          "Relation Name": "title",
                          "Alias": "t",
                          "Startup Cost": 0.0,
                          "Total Cost": 43898.92,
                          "Plan Rows": 38832,
                          "Plan Width": 4,
                          "Actual Startup Time": 1.203,
                          "Actual Total Time": 90.408,
                          "Actual Rows": 40084,
                          "Actual Loops": 4,
                          "Filter": "(production_year < 1949)",
                          "Rows Removed by Filter": 591994
                        }
                      ]
                    }
                  ]
                }
              ]
            }
          ]
        }
      ]
    },
    "Planning Time": 0.567,
    "Triggers": [],
    "Execution Time": 278.337
  }
]