[
    {
        "Bao": {
            "Bao prediction": "NaN",
            "Bao recommended hint": "(no hint)"
        }
    },
    {
        "Plan": {
            "Node Type": "Aggregate",
            "Strategy": "Plain",
            "Partial Mode": "Finalize",
            "Parallel Aware": false,
            "Startup Cost": 348141.71,
            "Total Cost": 348141.72,
            "Plan Rows": 1,
            "Plan Width": 8,
            "Actual Startup Time": 764.45,
            "Actual Total Time": 793.32,
            "Actual Rows": 1,
            "Actual Loops": 1,
            "Output": [
                "count(*)"
            ],
            "Plans": [
                {
                    "Node Type": "Gather",
                    "Parent Relationship": "Outer",
                    "Parallel Aware": false,
                    "Startup Cost": 348141.08,
                    "Total Cost": 348141.69,
                    "Plan Rows": 6,
                    "Plan Width": 8,
                    "Actual Startup Time": 764.336,
                    "Actual Total Time": 793.312,
                    "Actual Rows": 7,
                    "Actual Loops": 1,
                    "Output": [
                        "(PARTIAL count(*))"
                    ],
                    "Workers Planned": 6,
                    "Workers Launched": 6,
                    "Single Copy": false,
                    "Plans": [
                        {
                            "Node Type": "Aggregate",
                            "Strategy": "Plain",
                            "Partial Mode": "Partial",
                            "Parent Relationship": "Outer",
                            "Parallel Aware": false,
                            "Startup Cost": 347141.08,
                            "Total Cost": 347141.09,
                            "Plan Rows": 1,
                            "Plan Width": 8,
                            "Actual Startup Time": 754.173,
                            "Actual Total Time": 754.174,
                            "Actual Rows": 1,
                            "Actual Loops": 7,
                            "Output": [
                                "PARTIAL count(*)"
                            ],
                            "Workers": [
                                {
                                    "Worker Number": 0,
                                    "Actual Startup Time": 751.559,
                                    "Actual Total Time": 751.56,
                                    "Actual Rows": 1,
                                    "Actual Loops": 1
                                },
                                {
                                    "Worker Number": 1,
                                    "Actual Startup Time": 751.982,
                                    "Actual Total Time": 751.983,
                                    "Actual Rows": 1,
                                    "Actual Loops": 1
                                },
                                {
                                    "Worker Number": 2,
                                    "Actual Startup Time": 752.334,
                                    "Actual Total Time": 752.335,
                                    "Actual Rows": 1,
                                    "Actual Loops": 1
                                },
                                {
                                    "Worker Number": 3,
                                    "Actual Startup Time": 752.755,
                                    "Actual Total Time": 752.756,
                                    "Actual Rows": 1,
                                    "Actual Loops": 1
                                },
                                {
                                    "Worker Number": 4,
                                    "Actual Startup Time": 753.378,
                                    "Actual Total Time": 753.38,
                                    "Actual Rows": 1,
                                    "Actual Loops": 1
                                },
                                {
                                    "Worker Number": 5,
                                    "Actual Startup Time": 753.215,
                                    "Actual Total Time": 753.216,
                                    "Actual Rows": 1,
                                    "Actual Loops": 1
                                }
                            ],
                            "Plans": [
                                {
                                    "Node Type": "Seq Scan",
                                    "Parent Relationship": "Outer",
                                    "Parallel Aware": true,
                                    "Relation Name": "cast_info",
                                    "Schema": "public",
                                    "Alias": "ci",
                                    "Startup Cost": 0.0,
                                    "Total Cost": 343318.94,
                                    "Plan Rows": 1528856,
                                    "Plan Width": 0,
                                    "Actual Startup Time": 270.158,
                                    "Actual Total Time": 653.955,
                                    "Actual Rows": 2034605,
                                    "Actual Loops": 7,
                                    "Output": [
                                        "id",
                                        "person_id",
                                        "movie_id",
                                        "person_role_id",
                                        "note",
                                        "nr_order",
                                        "role_id"
                                    ],
                                    "Filter": "((ci.person_id > 2239633) AND (ci.role_id > 1))",
                                    "Rows Removed by Filter": 3143158,
                                    "Workers": [
                                        {
                                            "Worker Number": 0,
                                            "Actual Startup Time": 267.551,
                                            "Actual Total Time": 652.407,
                                            "Actual Rows": 1485294,
                                            "Actual Loops": 1
                                        },
                                        {
                                            "Worker Number": 1,
                                            "Actual Startup Time": 267.98,
                                            "Actual Total Time": 653.36,
                                            "Actual Rows": 1479761,
                                            "Actual Loops": 1
                                        },
                                        {
                                            "Worker Number": 2,
                                            "Actual Startup Time": 268.316,
                                            "Actual Total Time": 654.067,
                                            "Actual Rows": 2288066,
                                            "Actual Loops": 1
                                        },
                                        {
                                            "Worker Number": 3,
                                            "Actual Startup Time": 268.74,
                                            "Actual Total Time": 657.061,
                                            "Actual Rows": 2339723,
                                            "Actual Loops": 1
                                        },
                                        {
                                            "Worker Number": 4,
                                            "Actual Startup Time": 269.363,
                                            "Actual Total Time": 654.844,
                                            "Actual Rows": 2296090,
                                            "Actual Loops": 1
                                        },
                                        {
                                            "Worker Number": 5,
                                            "Actual Startup Time": 269.185,
                                            "Actual Total Time": 652.971,
                                            "Actual Rows": 1505229,
                                            "Actual Loops": 1
                                        }
                                    ]
                                }
                            ]
                        }
                    ]
                }
            ]
        },
        "Planning Time": 190.517,
        "Triggers": [],
        "Execution Time": 793.367
    }
]