{
  "Plan": {
    "Node Type": "Aggregate",
    "Strategy": "Plain",
    "Partial Mode": "Finalize",
    "Parallel Aware": false,
    "Startup Cost": 34762.47,
    "Total Cost": 34762.48,
    "Plan Rows": 1,
    "Plan Width": 8,
    "Actual Startup Time": 126.778,
    "Actual Total Time": 131.143,
    "Actual Rows": 1,
    "Actual Loops": 1,
    "Plans": [
      {
        "Node Type": "Gather",
        "Parent Relationship": "Outer",
        "Parallel Aware": false,
        "Startup Cost": 34762.36,
        "Total Cost": 34762.47,
        "Plan Rows": 1,
        "Plan Width": 8,
        "Actual Startup Time": 126.528,
        "Actual Total Time": 131.135,
        "Actual Rows": 2,
        "Actual Loops": 1,
        "Workers Planned": 1,
        "Workers Launched": 1,
        "Single Copy": false,
        "Plans": [
          {
            "Node Type": "Aggregate",
            "Strategy": "Plain",
            "Partial Mode": "Partial",
            "Parent Relationship": "Outer",
            "Parallel Aware": false,
            "Startup Cost": 33762.36,
            "Total Cost": 33762.37,
            "Plan Rows": 1,
            "Plan Width": 8,
            "Actual Startup Time": 120.153,
            "Actual Total Time": 120.157,
            "Actual Rows": 1,
            "Actual Loops": 2,
            "Plans": [
              {
                "Node Type": "Hash Join",
                "Parent Relationship": "Outer",
                "Parallel Aware": true,
                "Join Type": "Inner",
                "Startup Cost": 14664.63,
                "Total Cost": 33762.15,
                "Plan Rows": 81,
                "Plan Width": 0,
                "Actual Startup Time": 16.458,
                "Actual Total Time": 120.134,
                "Actual Rows": 134,
                "Actual Loops": 2,
                "Inner Unique": false,
                "Hash Cond": "(mi_idx.movie_id = t.id)",
                "Plans": [
                  {
                    "Node Type": "Seq Scan",
                    "Parent Relationship": "Outer",
                    "Parallel Aware": true,
                    "Relation Name": "movie_info_idx",
                    "Alias": "mi_idx",
                    "Startup Cost": 0.0,
                    "Total Cost": 16052.85,
                    "Plan Rows": 811785,
                    "Plan Width": 4,
                    "Actual Startup Time": 0.033,
                    "Actual Total Time": 57.584,
                    "Actual Rows": 690018,
                    "Actual Loops": 2
                  },
                  {
                    "Node Type": "Hash",
                    "Parent Relationship": "Inner",
                    "Parallel Aware": true,
                    "Startup Cost": 14662.76,
                    "Total Cost": 14662.76,
                    "Plan Rows": 149,
                    "Plan Width": 8,
                    "Actual Startup Time": 12.635,
                    "Actual Total Time": 12.638,
                    "Actual Rows": 218,
                    "Actual Loops": 2,
                    "Hash Buckets": 1024,
                    "Original Hash Buckets": 1024,
                    "Hash Batches": 1,
                    "Original Hash Batches": 1,
                    "Peak Memory Usage": 72,
                    "Plans": [
                      {
                        "Node Type": "Nested Loop",
                        "Parent Relationship": "Outer",
                        "Parallel Aware": false,
                        "Join Type": "Inner",
                        "Startup Cost": 62.75,
                        "Total Cost": 14662.76,
                        "Plan Rows": 149,
                        "Plan Width": 8,
                        "Actual Startup Time": 2.752,
                        "Actual Total Time": 12.117,
                        "Actual Rows": 218,
                        "Actual Loops": 2,
                        "Inner Unique": true,
                        "Plans": [
                          {
                            "Node Type": "Bitmap Heap Scan",
                            "Parent Relationship": "Outer",
                            "Parallel Aware": true,
                            "Relation Name": "movie_companies",
                            "Alias": "mc",
                            "Startup Cost": 62.32,
                            "Total Cost": 7741.3,
                            "Plan Rows": 857,
                            "Plan Width": 4,
                            "Actual Startup Time": 2.522,
                            "Actual Total Time": 4.173,
                            "Actual Rows": 624,
                            "Actual Loops": 2,
                            "Recheck Cond": "(company_id = 133)",
                            "Rows Removed by Index Recheck": 0,
                            "Filter": "(company_type_id > 1)",
                            "Rows Removed by Filter": 848,
                            "Exact Heap Blocks": 1445,
                            "Lossy Heap Blocks": 0,
                            "Plans": [
                              {
                                "Node Type": "Bitmap Index Scan",
                                "Parent Relationship": "Outer",
                                "Parallel Aware": false,
                                "Index Name": "company_id_movie_companies",
                                "Startup Cost": 0.0,
                                "Total Cost": 61.95,
                                "Plan Rows": 2870,
                                "Plan Width": 0,
                                "Actual Startup Time": 1.097,
                                "Actual Total Time": 1.097,
                                "Actual Rows": 2945,
                                "Actual Loops": 1,
                                "Index Cond": "(company_id = 133)"
                              }
                            ]
                          },
                          {
                            "Node Type": "Index Scan",
                            "Parent Relationship": "Inner",
                            "Parallel Aware": false,
                            "Scan Direction": "Forward",
                            "Index Name": "title_pkey",
                            "Relation Name": "title",
                            "Alias": "t",
                            "Startup Cost": 0.43,
                            "Total Cost": 8.08,
                            "Plan Rows": 1,
                            "Plan Width": 4,
                            "Actual Startup Time": 0.012,
                            "Actual Total Time": 0.012,
                            "Actual Rows": 0,
                            "Actual Loops": 1248,
                            "Index Cond": "(id = mc.movie_id)",
                            "Rows Removed by Index Recheck": 0,
                            "Filter": "((kind_id < 7) AND (production_year > 2004))",
                            "Rows Removed by Filter": 1
                          }
                        ]
                      }
                    ]
                  }
                ]
              }
            ]
          }
        ]
      }
    ]
  },
  "Planning Time": 1.132,
  "Triggers": [],
  "Execution Time": 131.252
}