{
    "Plan": {
        "Node Type": "Aggregate",
        "Strategy": "Plain",
        "Partial Mode": "Finalize",
        "Parallel Aware": false,
        "Startup Cost": 125045.58,
        "Total Cost": 125045.59,
        "Plan Rows": 1,
        "Plan Width": 8,
        "Actual Startup Time": 485.18,
        "Actual Total Time": 508.883,
        "Actual Rows": 1,
        "Actual Loops": 1,
        "Output": [
            "count(*)"
        ],
        "Plans": [
            {
                "Node Type": "Gather",
                "Parent Relationship": "Outer",
                "Parallel Aware": false,
                "Startup Cost": 125045.27,
                "Total Cost": 125045.58,
                "Plan Rows": 3,
                "Plan Width": 8,
                "Actual Startup Time": 483.686,
                "Actual Total Time": 508.876,
                "Actual Rows": 4,
                "Actual Loops": 1,
                "Output": [
                    "(PARTIAL count(*))"
                ],
                "Workers Planned": 3,
                "Workers Launched": 3,
                "Single Copy": false,
                "Plans": [
                    {
                        "Node Type": "Aggregate",
                        "Strategy": "Plain",
                        "Partial Mode": "Partial",
                        "Parent Relationship": "Outer",
                        "Parallel Aware": false,
                        "Startup Cost": 124045.27,
                        "Total Cost": 124045.28,
                        "Plan Rows": 1,
                        "Plan Width": 8,
                        "Actual Startup Time": 475.228,
                        "Actual Total Time": 475.233,
                        "Actual Rows": 1,
                        "Actual Loops": 4,
                        "Output": [
                            "PARTIAL count(*)"
                        ],
                        "Workers": [
                            {
                                "Worker Number": 0,
                                "Actual Startup Time": 475.069,
                                "Actual Total Time": 475.074,
                                "Actual Rows": 1,
                                "Actual Loops": 1
                            },
                            {
                                "Worker Number": 1,
                                "Actual Startup Time": 471.462,
                                "Actual Total Time": 471.466,
                                "Actual Rows": 1,
                                "Actual Loops": 1
                            },
                            {
                                "Worker Number": 2,
                                "Actual Startup Time": 471.493,
                                "Actual Total Time": 471.498,
                                "Actual Rows": 1,
                                "Actual Loops": 1
                            }
                        ],
                        "Plans": [
                            {
                                "Node Type": "Hash Join",
                                "Parent Relationship": "Outer",
                                "Parallel Aware": true,
                                "Join Type": "Inner",
                                "Startup Cost": 79023.45,
                                "Total Cost": 123794.26,
                                "Plan Rows": 100401,
                                "Plan Width": 0,
                                "Actual Startup Time": 247.769,
                                "Actual Total Time": 464.022,
                                "Actual Rows": 256497,
                                "Actual Loops": 4,
                                "Inner Unique": false,
                                "Hash Cond": "(mk.movie_id = t.id)",
                                "Workers": [
                                    {
                                        "Worker Number": 0,
                                        "Actual Startup Time": 247.75,
                                        "Actual Total Time": 464.604,
                                        "Actual Rows": 262735,
                                        "Actual Loops": 1
                                    },
                                    {
                                        "Worker Number": 1,
                                        "Actual Startup Time": 244.014,
                                        "Actual Total Time": 460.683,
                                        "Actual Rows": 271225,
                                        "Actual Loops": 1
                                    },
                                    {
                                        "Worker Number": 2,
                                        "Actual Startup Time": 244.026,
                                        "Actual Total Time": 459.8,
                                        "Actual Rows": 182897,
                                        "Actual Loops": 1
                                    }
                                ],
                                "Plans": [
                                    {
                                        "Node Type": "Seq Scan",
                                        "Parent Relationship": "Outer",
                                        "Parallel Aware": true,
                                        "Relation Name": "movie_keyword",
                                        "Schema": "public",
                                        "Alias": "mk",
                                        "Startup Cost": 0.0,
                                        "Total Cost": 39047.32,
                                        "Plan Rows": 1459332,
                                        "Plan Width": 4,
                                        "Actual Startup Time": 0.014,
                                        "Actual Total Time": 102.066,
                                        "Actual Rows": 1130982,
                                        "Actual Loops": 4,
                                        "Output": [
                                            "mk.id",
                                            "mk.movie_id",
                                            "mk.keyword_id"
                                        ],
                                        "Workers": [
                                            {
                                                "Worker Number": 0,
                                                "Actual Startup Time": 0.018,
                                                "Actual Total Time": 107.409,
                                                "Actual Rows": 1182705,
                                                "Actual Loops": 1
                                            },
                                            {
                                                "Worker Number": 1,
                                                "Actual Startup Time": 0.015,
                                                "Actual Total Time": 106.849,
                                                "Actual Rows": 1176415,
                                                "Actual Loops": 1
                                            },
                                            {
                                                "Worker Number": 2,
                                                "Actual Startup Time": 0.013,
                                                "Actual Total Time": 104.079,
                                                "Actual Rows": 771080,
                                                "Actual Loops": 1
                                            }
                                        ]
                                    },
                                    {
                                        "Node Type": "Hash",
                                        "Parent Relationship": "Inner",
                                        "Parallel Aware": true,
                                        "Startup Cost": 78479.86,
                                        "Total Cost": 78479.86,
                                        "Plan Rows": 43487,
                                        "Plan Width": 8,
                                        "Actual Startup Time": 245.512,
                                        "Actual Total Time": 245.515,
                                        "Actual Rows": 30793,
                                        "Actual Loops": 4,
                                        "Output": [
                                            "t.id",
                                            "mc.movie_id"
                                        ],
                                        "Hash Buckets": 262144,
                                        "Original Hash Buckets": 262144,
                                        "Hash Batches": 1,
                                        "Original Hash Batches": 1,
                                        "Peak Memory Usage": 6944,
                                        "Workers": [
                                            {
                                                "Worker Number": 0,
                                                "Actual Startup Time": 247.056,
                                                "Actual Total Time": 247.06,
                                                "Actual Rows": 31965,
                                                "Actual Loops": 1
                                            },
                                            {
                                                "Worker Number": 1,
                                                "Actual Startup Time": 243.367,
                                                "Actual Total Time": 243.37,
                                                "Actual Rows": 31097,
                                                "Actual Loops": 1
                                            },
                                            {
                                                "Worker Number": 2,
                                                "Actual Startup Time": 243.398,
                                                "Actual Total Time": 243.401,
                                                "Actual Rows": 21788,
                                                "Actual Loops": 1
                                            }
                                        ],
                                        "Plans": [
                                            {
                                                "Node Type": "Hash Join",
                                                "Parent Relationship": "Outer",
                                                "Parallel Aware": true,
                                                "Join Type": "Inner",
                                                "Startup Cost": 33196.22,
                                                "Total Cost": 78479.86,
                                                "Plan Rows": 43487,
                                                "Plan Width": 8,
                                                "Actual Startup Time": 100.56,
                                                "Actual Total Time": 235.422,
                                                "Actual Rows": 30793,
                                                "Actual Loops": 4,
                                                "Output": [
                                                    "t.id",
                                                    "mc.movie_id"
                                                ],
                                                "Inner Unique": false,
                                                "Hash Cond": "(t.id = mc.movie_id)",
                                                "Workers": [
                                                    {
                                                        "Worker Number": 0,
                                                        "Actual Startup Time": 102.229,
                                                        "Actual Total Time": 237.783,
                                                        "Actual Rows": 31965,
                                                        "Actual Loops": 1
                                                    },
                                                    {
                                                        "Worker Number": 1,
                                                        "Actual Startup Time": 98.334,
                                                        "Actual Total Time": 233.079,
                                                        "Actual Rows": 31097,
                                                        "Actual Loops": 1
                                                    },
                                                    {
                                                        "Worker Number": 2,
                                                        "Actual Startup Time": 98.379,
                                                        "Actual Total Time": 233.473,
                                                        "Actual Rows": 21788,
                                                        "Actual Loops": 1
                                                    }
                                                ],
                                                "Plans": [
                                                    {
                                                        "Node Type": "Seq Scan",
                                                        "Parent Relationship": "Outer",
                                                        "Parallel Aware": true,
                                                        "Relation Name": "title",
                                                        "Schema": "public",
                                                        "Alias": "t",
                                                        "Startup Cost": 0.0,
                                                        "Total Cost": 43899.01,
                                                        "Plan Rows": 248871,
                                                        "Plan Width": 4,
                                                        "Actual Startup Time": 0.021,
                                                        "Actual Total Time": 84.492,
                                                        "Actual Rows": 246262,
                                                        "Actual Loops": 4,
                                                        "Output": [
                                                            "t.id",
                                                            "t.title",
                                                            "t.imdb_index",
                                                            "t.kind_id",
                                                            "t.production_year",
                                                            "t.imdb_id",
                                                            "t.phonetic_code",
                                                            "t.episode_of_id",
                                                            "t.season_nr",
                                                            "t.episode_nr",
                                                            "t.series_years",
                                                            "t.md5sum"
                                                        ],
                                                        "Filter": "(t.kind_id < 7)",
                                                        "Rows Removed by Filter": 385816,
                                                        "Workers": [
                                                            {
                                                                "Worker Number": 0,
                                                                "Actual Startup Time": 0.021,
                                                                "Actual Total Time": 85.637,
                                                                "Actual Rows": 257639,
                                                                "Actual Loops": 1
                                                            },
                                                            {
                                                                "Worker Number": 1,
                                                                "Actual Startup Time": 0.026,
                                                                "Actual Total Time": 85.36,
                                                                "Actual Rows": 255621,
                                                                "Actual Loops": 1
                                                            },
                                                            {
                                                                "Worker Number": 2,
                                                                "Actual Startup Time": 0.03,
                                                                "Actual Total Time": 87.686,
                                                                "Actual Rows": 177207,
                                                                "Actual Loops": 1
                                                            }
                                                        ]
                                                    },
                                                    {
                                                        "Node Type": "Hash",
                                                        "Parent Relationship": "Inner",
                                                        "Parallel Aware": true,
                                                        "Startup Cost": 31414.82,
                                                        "Total Cost": 31414.82,
                                                        "Plan Rows": 142512,
                                                        "Plan Width": 4,
                                                        "Actual Startup Time": 98.506,
                                                        "Actual Total Time": 98.506,
                                                        "Actual Rows": 63080,
                                                        "Actual Loops": 4,
                                                        "Output": [
                                                            "mc.movie_id"
                                                        ],
                                                        "Hash Buckets": 524288,
                                                        "Original Hash Buckets": 524288,
                                                        "Hash Batches": 1,
                                                        "Original Hash Batches": 1,
                                                        "Peak Memory Usage": 14048,
                                                        "Workers": [
                                                            {
                                                                "Worker Number": 0,
                                                                "Actual Startup Time": 102.108,
                                                                "Actual Total Time": 102.109,
                                                                "Actual Rows": 67379,
                                                                "Actual Loops": 1
                                                            },
                                                            {
                                                                "Worker Number": 1,
                                                                "Actual Startup Time": 98.207,
                                                                "Actual Total Time": 98.208,
                                                                "Actual Rows": 65737,
                                                                "Actual Loops": 1
                                                            },
                                                            {
                                                                "Worker Number": 2,
                                                                "Actual Startup Time": 98.272,
                                                                "Actual Total Time": 98.273,
                                                                "Actual Rows": 43880,
                                                                "Actual Loops": 1
                                                            }
                                                        ],
                                                        "Plans": [
                                                            {
                                                                "Node Type": "Seq Scan",
                                                                "Parent Relationship": "Outer",
                                                                "Parallel Aware": true,
                                                                "Relation Name": "movie_companies",
                                                                "Schema": "public",
                                                                "Alias": "mc",
                                                                "Startup Cost": 0.0,
                                                                "Total Cost": 31414.82,
                                                                "Plan Rows": 142512,
                                                                "Plan Width": 4,
                                                                "Actual Startup Time": 47.712,
                                                                "Actual Total Time": 78.83,
                                                                "Actual Rows": 63080,
                                                                "Actual Loops": 4,
                                                                "Output": [
                                                                    "mc.movie_id"
                                                                ],
                                                                "Filter": "((mc.company_id < 2541) AND (mc.company_type_id > 1))",
                                                                "Rows Removed by Filter": 589202,
                                                                "Workers": [
                                                                    {
                                                                        "Worker Number": 0,
                                                                        "Actual Startup Time": 47.729,
                                                                        "Actual Total Time": 78.975,
                                                                        "Actual Rows": 67379,
                                                                        "Actual Loops": 1
                                                                    },
                                                                    {
                                                                        "Worker Number": 1,
                                                                        "Actual Startup Time": 47.672,
                                                                        "Actual Total Time": 78.976,
                                                                        "Actual Rows": 65737,
                                                                        "Actual Loops": 1
                                                                    },
                                                                    {
                                                                        "Worker Number": 2,
                                                                        "Actual Startup Time": 47.694,
                                                                        "Actual Total Time": 79.566,
                                                                        "Actual Rows": 43880,
                                                                        "Actual Loops": 1
                                                                    }
                                                                ]
                                                            }
                                                        ]
                                                    }
                                                ]
                                            }
                                        ]
                                    }
                                ]
                            }
                        ]
                    }
                ]
            }
        ]
    },
    "Planning Time": 1.642,
    "Triggers": [],
    "Execution Time": 508.971
}