{
  "Plan": {
    "Node Type": "Aggregate",
    "Strategy": "Plain",
    "Partial Mode": "Finalize",
    "Parallel Aware": false,
    "Startup Cost": 97525.46,
    "Total Cost": 97525.47,
    "Plan Rows": 1,
    "Plan Width": 8,
    "Actual Startup Time": 337.843,
    "Actual Total Time": 353.383,
    "Actual Rows": 1,
    "Actual Loops": 1,
    "Plans": [
      {
        "Node Type": "Gather",
        "Parent Relationship": "Outer",
        "Parallel Aware": false,
        "Startup Cost": 97525.35,
        "Total Cost": 97525.46,
        "Plan Rows": 1,
        "Plan Width": 8,
        "Actual Startup Time": 337.703,
        "Actual Total Time": 353.374,
        "Actual Rows": 2,
        "Actual Loops": 1,
        "Workers Planned": 1,
        "Workers Launched": 1,
        "Single Copy": false,
        "Plans": [
          {
            "Node Type": "Aggregate",
            "Strategy": "Plain",
            "Partial Mode": "Partial",
            "Parent Relationship": "Outer",
            "Parallel Aware": false,
            "Startup Cost": 96525.35,
            "Total Cost": 96525.36,
            "Plan Rows": 1,
            "Plan Width": 8,
            "Actual Startup Time": 332.131,
            "Actual Total Time": 332.134,
            "Actual Rows": 1,
            "Actual Loops": 2,
            "Plans": [
              {
                "Node Type": "Hash Join",
                "Parent Relationship": "Outer",
                "Parallel Aware": true,
                "Join Type": "Inner",
                "Startup Cost": 58349.78,
                "Total Cost": 96516.41,
                "Plan Rows": 3576,
                "Plan Width": 0,
                "Actual Startup Time": 139.038,
                "Actual Total Time": 331.922,
                "Actual Rows": 4580,
                "Actual Loops": 2,
                "Inner Unique": true,
                "Hash Cond": "(mc.movie_id = t.id)",
                "Plans": [
                  {
                    "Node Type": "Seq Scan",
                    "Parent Relationship": "Outer",
                    "Parallel Aware": true,
                    "Relation Name": "movie_companies",
                    "Alias": "mc",
                    "Startup Cost": 0.0,
                    "Total Cost": 34137.82,
                    "Plan Rows": 1534782,
                    "Plan Width": 4,
                    "Actual Startup Time": 0.013,
                    "Actual Total Time": 95.713,
                    "Actual Rows": 1304564,
                    "Actual Loops": 2
                  },
                  {
                    "Node Type": "Hash",
                    "Parent Relationship": "Inner",
                    "Parallel Aware": true,
                    "Startup Cost": 58306.47,
                    "Total Cost": 58306.47,
                    "Plan Rows": 3465,
                    "Plan Width": 4,
                    "Actual Startup Time": 137.418,
                    "Actual Total Time": 137.419,
                    "Actual Rows": 3341,
                    "Actual Loops": 2,
                    "Hash Buckets": 8192,
                    "Original Hash Buckets": 8192,
                    "Hash Batches": 1,
                    "Original Hash Batches": 1,
                    "Peak Memory Usage": 352,
                    "Plans": [
                      {
                        "Node Type": "Seq Scan",
                        "Parent Relationship": "Outer",
                        "Parallel Aware": true,
                        "Relation Name": "title",
                        "Alias": "t",
                        "Startup Cost": 0.0,
                        "Total Cost": 58306.47,
                        "Plan Rows": 3465,
                        "Plan Width": 4,
                        "Actual Startup Time": 0.272,
                        "Actual Total Time": 136.145,
                        "Actual Rows": 3341,
                        "Actual Loops": 2,
                        "Filter": "((kind_id = 7) AND (production_year = 1959))",
                        "Rows Removed by Filter": 1260815
                      }
                    ]
                  }
                ]
              }
            ]
          }
        ]
      }
    ]
  },
  "Planning Time": 0.443,
  "Triggers": [],
  "Execution Time": 353.451
}