{
  "Plan": {
    "Node Type": "Aggregate",
    "Strategy": "Plain",
    "Partial Mode": "Finalize",
    "Parallel Aware": false,
    "Startup Cost": 662537.73,
    "Total Cost": 662537.74,
    "Plan Rows": 1,
    "Plan Width": 8,
    "Actual Startup Time": 2992.088,
    "Actual Total Time": 3046.915,
    "Actual Rows": 1,
    "Actual Loops": 1,
    "Plans": [
      {
        "Node Type": "Gather",
        "Parent Relationship": "Outer",
        "Parallel Aware": false,
        "Startup Cost": 662537.62,
        "Total Cost": 662537.73,
        "Plan Rows": 1,
        "Plan Width": 8,
        "Actual Startup Time": 2991.467,
        "Actual Total Time": 3046.904,
        "Actual Rows": 2,
        "Actual Loops": 1,
        "Workers Planned": 1,
        "Workers Launched": 1,
        "Single Copy": false,
        "Plans": [
          {
            "Node Type": "Aggregate",
            "Strategy": "Plain",
            "Partial Mode": "Partial",
            "Parent Relationship": "Outer",
            "Parallel Aware": false,
            "Startup Cost": 661537.62,
            "Total Cost": 661537.63,
            "Plan Rows": 1,
            "Plan Width": 8,
            "Actual Startup Time": 2985.411,
            "Actual Total Time": 2985.415,
            "Actual Rows": 1,
            "Actual Loops": 2,
            "Plans": [
              {
                "Node Type": "Hash Join",
                "Parent Relationship": "Outer",
                "Parallel Aware": true,
                "Join Type": "Inner",
                "Startup Cost": 56976.04,
                "Total Cost": 660181.9,
                "Plan Rows": 542287,
                "Plan Width": 0,
                "Actual Startup Time": 697.69,
                "Actual Total Time": 2964.353,
                "Actual Rows": 468722,
                "Actual Loops": 2,
                "Inner Unique": true,
                "Hash Cond": "(ci.movie_id = t.id)",
                "Plans": [
                  {
                    "Node Type": "Seq Scan",
                    "Parent Relationship": "Outer",
                    "Parallel Aware": true,
                    "Relation Name": "cast_info",
                    "Alias": "ci",
                    "Startup Cost": 0.0,
                    "Total Cost": 572345.93,
                    "Plan Rows": 11756146,
                    "Plan Width": 4,
                    "Actual Startup Time": 535.294,
                    "Actual Total Time": 1776.429,
                    "Actual Rows": 9004488,
                    "Actual Loops": 2,
                    "Filter": "((person_id < 3096239) AND (role_id > 1))",
                    "Rows Removed by Filter": 9117684
                  },
                  {
                    "Node Type": "Hash",
                    "Parent Relationship": "Inner",
                    "Parallel Aware": true,
                    "Startup Cost": 56118.5,
                    "Total Cost": 56118.5,
                    "Plan Rows": 68603,
                    "Plan Width": 4,
                    "Actual Startup Time": 160.031,
                    "Actual Total Time": 160.032,
                    "Actual Rows": 56098,
                    "Actual Loops": 2,
                    "Hash Buckets": 131072,
                    "Original Hash Buckets": 131072,
                    "Hash Batches": 1,
                    "Original Hash Batches": 1,
                    "Peak Memory Usage": 5440,
                    "Plans": [
                      {
                        "Node Type": "Bitmap Heap Scan",
                        "Parent Relationship": "Outer",
                        "Parallel Aware": true,
                        "Relation Name": "title",
                        "Alias": "t",
                        "Startup Cost": 13468.11,
                        "Total Cost": 56118.5,
                        "Plan Rows": 68603,
                        "Plan Width": 4,
                        "Actual Startup Time": 47.798,
                        "Actual Total Time": 145.051,
                        "Actual Rows": 56098,
                        "Actual Loops": 2,
                        "Recheck Cond": "(kind_id < 3)",
                        "Rows Removed by Index Recheck": 0,
                        "Filter": "(production_year > 2010)",
                        "Rows Removed by Filter": 320741,
                        "Exact Heap Blocks": 26894,
                        "Lossy Heap Blocks": 0,
                        "Plans": [
                          {
                            "Node Type": "Bitmap Index Scan",
                            "Parent Relationship": "Outer",
                            "Parallel Aware": false,
                            "Index Name": "kind_id_title",
                            "Startup Cost": 0.0,
                            "Total Cost": 13438.96,
                            "Plan Rows": 753937,
                            "Plan Width": 0,
                            "Actual Startup Time": 45.465,
                            "Actual Total Time": 45.465,
                            "Actual Rows": 753677,
                            "Actual Loops": 1,
                            "Index Cond": "(kind_id < 3)"
                          }
                        ]
                      }
                    ]
                  }
                ]
              }
            ]
          }
        ]
      }
    ]
  },
  "Planning Time": 0.563,
  "Triggers": [],
  "Execution Time": 3047.029
}