[
  {
    "Plan": {
      "Node Type": "Aggregate",
      "Strategy": "Plain",
      "Partial Mode": "Finalize",
      "Parallel Aware": false,
      "Startup Cost": 78169.86,
      "Total Cost": 78169.87,
      "Plan Rows": 1,
      "Plan Width": 8,
      "Actual Startup Time": 460.022,
      "Actual Total Time": 478.601,
      "Actual Rows": 1,
      "Actual Loops": 1,
      "Plans": [
        {
          "Node Type": "Gather",
          "Parent Relationship": "Outer",
          "Parallel Aware": false,
          "Startup Cost": 78169.54,
          "Total Cost": 78169.85,
          "Plan Rows": 3,
          "Plan Width": 8,
          "Actual Startup Time": 448.833,
          "Actual Total Time": 478.588,
          "Actual Rows": 4,
          "Actual Loops": 1,
          "Workers Planned": 3,
          "Workers Launched": 3,
          "Single Copy": false,
          "Plans": [
            {
              "Node Type": "Aggregate",
              "Strategy": "Plain",
              "Partial Mode": "Partial",
              "Parent Relationship": "Outer",
              "Parallel Aware": false,
              "Startup Cost": 77169.54,
              "Total Cost": 77169.55,
              "Plan Rows": 1,
              "Plan Width": 8,
              "Actual Startup Time": 436.767,
              "Actual Total Time": 436.77,
              "Actual Rows": 1,
              "Actual Loops": 4,
              "Plans": [
                {
                  "Node Type": "Hash Join",
                  "Parent Relationship": "Outer",
                  "Parallel Aware": true,
                  "Join Type": "Inner",
                  "Startup Cost": 56684.02,
                  "Total Cost": 76929.04,
                  "Plan Rows": 96200,
                  "Plan Width": 0,
                  "Actual Startup Time": 383.384,
                  "Actual Total Time": 433.19,
                  "Actual Rows": 73220,
                  "Actual Loops": 4,
                  "Inner Unique": true,
                  "Hash Cond": "(mc.movie_id = t.id)",
                  "Plans": [
                    {
                      "Node Type": "Bitmap Heap Scan",
                      "Parent Relationship": "Outer",
                      "Parallel Aware": true,
                      "Relation Name": "movie_companies",
                      "Alias": "mc",
                      "Startup Cost": 6463.64,
                      "Total Cost": 26456.14,
                      "Plan Rows": 96200,
                      "Plan Width": 4,
                      "Actual Startup Time": 11.555,
                      "Actual Total Time": 27.446,
                      "Actual Rows": 73220,
                      "Actual Loops": 4,
                      "Recheck Cond": "(company_id > 94803)",
                      "Rows Removed by Index Recheck": 0,
                      "Exact Heap Blocks": 1438,
                      "Lossy Heap Blocks": 0,
                      "Plans": [
                        {
                          "Node Type": "Bitmap Index Scan",
                          "Parent Relationship": "Outer",
                          "Parallel Aware": false,
                          "Index Name": "company_id_movie_companies",
                          "Startup Cost": 0.0,
                          "Total Cost": 6389.08,
                          "Plan Rows": 298220,
                          "Plan Width": 0,
                          "Actual Startup Time": 10.871,
                          "Actual Total Time": 10.871,
                          "Actual Rows": 292878,
                          "Actual Loops": 1,
                          "Index Cond": "(company_id > 94803)"
                        }
                      ]
                    },
                    {
                      "Node Type": "Hash",
                      "Parent Relationship": "Inner",
                      "Parallel Aware": true,
                      "Startup Cost": 42319.06,
                      "Total Cost": 42319.06,
                      "Plan Rows": 632106,
                      "Plan Width": 4,
                      "Actual Startup Time": 363.218,
                      "Actual Total Time": 363.219,
                      "Actual Rows": 632078,
                      "Actual Loops": 4,
                      "Hash Buckets": 4194304,
                      "Original Hash Buckets": 4194304,
                      "Hash Batches": 1,
                      "Original Hash Batches": 1,
                      "Peak Memory Usage": 131744,
                      "Plans": [
                        {
                          "Node Type": "Seq Scan",
                          "Parent Relationship": "Outer",
                          "Parallel Aware": true,
                          "Relation Name": "title",
                          "Alias": "t",
                          "Startup Cost": 0.0,
                          "Total Cost": 42319.06,
                          "Plan Rows": 632106,
                          "Plan Width": 4,
                          "Actual Startup Time": 0.049,
                          "Actual Total Time": 106.518,
                          "Actual Rows": 632078,
                          "Actual Loops": 4
                        }
                      ]
                    }
                  ]
                }
              ]
            }
          ]
        }
      ]
    },
    "Planning Time": 0.328,
    "Triggers": [],
    "Execution Time": 478.65
  }
]