{
  "Plan": {
    "Node Type": "Aggregate",
    "Strategy": "Plain",
    "Partial Mode": "Finalize",
    "Parallel Aware": false,
    "Startup Cost": 88723.96,
    "Total Cost": 88723.97,
    "Plan Rows": 1,
    "Plan Width": 8,
    "Actual Startup Time": 206.747,
    "Actual Total Time": 217.721,
    "Actual Rows": 1,
    "Actual Loops": 1,
    "Plans": [
      {
        "Node Type": "Gather",
        "Parent Relationship": "Outer",
        "Parallel Aware": false,
        "Startup Cost": 88723.85,
        "Total Cost": 88723.96,
        "Plan Rows": 1,
        "Plan Width": 8,
        "Actual Startup Time": 206.484,
        "Actual Total Time": 217.713,
        "Actual Rows": 2,
        "Actual Loops": 1,
        "Workers Planned": 1,
        "Workers Launched": 1,
        "Single Copy": false,
        "Plans": [
          {
            "Node Type": "Aggregate",
            "Strategy": "Plain",
            "Partial Mode": "Partial",
            "Parent Relationship": "Outer",
            "Parallel Aware": false,
            "Startup Cost": 87723.85,
            "Total Cost": 87723.86,
            "Plan Rows": 1,
            "Plan Width": 8,
            "Actual Startup Time": 203.599,
            "Actual Total Time": 203.603,
            "Actual Rows": 1,
            "Actual Loops": 2,
            "Plans": [
              {
                "Node Type": "Hash Join",
                "Parent Relationship": "Outer",
                "Parallel Aware": true,
                "Join Type": "Inner",
                "Startup Cost": 58497.06,
                "Total Cost": 87722.76,
                "Plan Rows": 438,
                "Plan Width": 0,
                "Actual Startup Time": 142.761,
                "Actual Total Time": 203.566,
                "Actual Rows": 420,
                "Actual Loops": 2,
                "Inner Unique": true,
                "Hash Cond": "(ci.movie_id = t.id)",
                "Plans": [
                  {
                    "Node Type": "Index Scan",
                    "Parent Relationship": "Outer",
                    "Parallel Aware": true,
                    "Scan Direction": "Forward",
                    "Index Name": "role_id_cast_info",
                    "Relation Name": "cast_info",
                    "Alias": "ci",
                    "Startup Cost": 0.56,
                    "Total Cost": 29113.87,
                    "Plan Rows": 42815,
                    "Plan Width": 4,
                    "Actual Startup Time": 0.174,
                    "Actual Total Time": 57.521,
                    "Actual Rows": 18592,
                    "Actual Loops": 2,
                    "Index Cond": "(role_id = 5)",
                    "Rows Removed by Index Recheck": 0,
                    "Filter": "(person_id < 287585)",
                    "Rows Removed by Filter": 430602
                  },
                  {
                    "Node Type": "Hash",
                    "Parent Relationship": "Inner",
                    "Parallel Aware": true,
                    "Startup Cost": 58306.47,
                    "Total Cost": 58306.47,
                    "Plan Rows": 15202,
                    "Plan Width": 4,
                    "Actual Startup Time": 141.777,
                    "Actual Total Time": 141.779,
                    "Actual Rows": 11854,
                    "Actual Loops": 2,
                    "Hash Buckets": 32768,
                    "Original Hash Buckets": 32768,
                    "Hash Batches": 1,
                    "Original Hash Batches": 1,
                    "Peak Memory Usage": 1216,
                    "Plans": [
                      {
                        "Node Type": "Seq Scan",
                        "Parent Relationship": "Outer",
                        "Parallel Aware": true,
                        "Relation Name": "title",
                        "Alias": "t",
                        "Startup Cost": 0.0,
                        "Total Cost": 58306.47,
                        "Plan Rows": 15202,
                        "Plan Width": 4,
                        "Actual Startup Time": 0.14,
                        "Actual Total Time": 137.691,
                        "Actual Rows": 11854,
                        "Actual Loops": 2,
                        "Filter": "((kind_id < 7) AND (production_year = 2013))",
                        "Rows Removed by Filter": 1252302
                      }
                    ]
                  }
                ]
              }
            ]
          }
        ]
      }
    ]
  },
  "Planning Time": 0.513,
  "Triggers": [],
  "Execution Time": 217.788
}