[
  {
    "Plan": {
      "Node Type": "Aggregate",
      "Strategy": "Plain",
      "Partial Mode": "Finalize",
      "Parallel Aware": false,
      "Startup Cost": 427081.12,
      "Total Cost": 427081.13,
      "Plan Rows": 1,
      "Plan Width": 8,
      "Actual Startup Time": 3435.402,
      "Actual Total Time": 3502.766,
      "Actual Rows": 1,
      "Actual Loops": 1,
      "Plans": [
        {
          "Node Type": "Gather",
          "Parent Relationship": "Outer",
          "Parallel Aware": false,
          "Startup Cost": 427080.5,
          "Total Cost": 427081.11,
          "Plan Rows": 6,
          "Plan Width": 8,
          "Actual Startup Time": 3420.73,
          "Actual Total Time": 3502.756,
          "Actual Rows": 7,
          "Actual Loops": 1,
          "Workers Planned": 6,
          "Workers Launched": 6,
          "Single Copy": false,
          "Plans": [
            {
              "Node Type": "Aggregate",
              "Strategy": "Plain",
              "Partial Mode": "Partial",
              "Parent Relationship": "Outer",
              "Parallel Aware": false,
              "Startup Cost": 426080.5,
              "Total Cost": 426080.51,
              "Plan Rows": 1,
              "Plan Width": 8,
              "Actual Startup Time": 3398.514,
              "Actual Total Time": 3398.521,
              "Actual Rows": 1,
              "Actual Loops": 7,
              "Plans": [
                {
                  "Node Type": "Hash Join",
                  "Parent Relationship": "Outer",
                  "Parallel Aware": true,
                  "Join Type": "Inner",
                  "Startup Cost": 80144.6,
                  "Total Cost": 421639.17,
                  "Plan Rows": 1776531,
                  "Plan Width": 0,
                  "Actual Startup Time": 419.747,
                  "Actual Total Time": 3069.744,
                  "Actual Rows": 6167825,
                  "Actual Loops": 7,
                  "Inner Unique": false,
                  "Hash Cond": "(ci.movie_id = t.id)",
                  "Plans": [
                    {
                      "Node Type": "Seq Scan",
                      "Parent Relationship": "Outer",
                      "Parallel Aware": true,
                      "Relation Name": "cast_info",
                      "Alias": "ci",
                      "Startup Cost": 0.0,
                      "Total Cost": 313106.51,
                      "Plan Rows": 6041951,
                      "Plan Width": 4,
                      "Actual Startup Time": 0.039,
                      "Actual Total Time": 654.311,
                      "Actual Rows": 5177763,
                      "Actual Loops": 7
                    },
                    {
                      "Node Type": "Hash",
                      "Parent Relationship": "Inner",
                      "Parallel Aware": true,
                      "Startup Cost": 77146.86,
                      "Total Cost": 77146.86,
                      "Plan Rows": 239819,
                      "Plan Width": 8,
                      "Actual Startup Time": 417.161,
                      "Actual Total Time": 417.166,
                      "Actual Rows": 164306,
                      "Actual Loops": 7,
                      "Hash Buckets": 2097152,
                      "Original Hash Buckets": 1048576,
                      "Hash Batches": 1,
                      "Original Hash Batches": 1,
                      "Peak Memory Usage": 69664,
                      "Plans": [
                        {
                          "Node Type": "Hash Join",
                          "Parent Relationship": "Outer",
                          "Parallel Aware": true,
                          "Join Type": "Inner",
                          "Startup Cost": 47730.97,
                          "Total Cost": 77146.86,
                          "Plan Rows": 239819,
                          "Plan Width": 8,
                          "Actual Startup Time": 141.723,
                          "Actual Total Time": 316.377,
                          "Actual Rows": 164306,
                          "Actual Loops": 7,
                          "Inner Unique": true,
                          "Hash Cond": "(mc.movie_id = t.id)",
                          "Plans": [
                            {
                              "Node Type": "Seq Scan",
                              "Parent Relationship": "Outer",
                              "Parallel Aware": true,
                              "Relation Name": "movie_companies",
                              "Alias": "mc",
                              "Startup Cost": 0.0,
                              "Total Cost": 27206.55,
                              "Plan Rows": 841655,
                              "Plan Width": 4,
                              "Actual Startup Time": 0.026,
                              "Actual Total Time": 55.812,
                              "Actual Rows": 372733,
                              "Actual Loops": 7
                            },
                            {
                              "Node Type": "Hash",
                              "Parent Relationship": "Inner",
                              "Parallel Aware": true,
                              "Startup Cost": 45479.59,
                              "Total Cost": 45479.59,
                              "Plan Rows": 180111,
                              "Plan Width": 4,
                              "Actual Startup Time": 139.998,
                              "Actual Total Time": 139.999,
                              "Actual Rows": 88612,
                              "Actual Loops": 7,
                              "Hash Buckets": 1048576,
                              "Original Hash Buckets": 1048576,
                              "Hash Batches": 1,
                              "Original Hash Batches": 1,
                              "Peak Memory Usage": 32544,
                              "Plans": [
                                {
                                  "Node Type": "Seq Scan",
                                  "Parent Relationship": "Outer",
                                  "Parallel Aware": true,
                                  "Relation Name": "title",
                                  "Alias": "t",
                                  "Startup Cost": 0.0,
                                  "Total Cost": 45479.59,
                                  "Plan Rows": 180111,
                                  "Plan Width": 4,
                                  "Actual Startup Time": 0.052,
                                  "Actual Total Time": 93.45,
                                  "Actual Rows": 88612,
                                  "Actual Loops": 7,
                                  "Filter": "((kind_id < 7) AND (production_year > 1986))",
                                  "Rows Removed by Filter": 272576
                                }
                              ]
                            }
                          ]
                        }
                      ]
                    }
                  ]
                }
              ]
            }
          ]
        }
      ]
    },
    "Planning Time": 0.807,
    "Triggers": [],
    "Execution Time": 3502.841
  }
]