[
  {
    "Plan": {
      "Node Type": "Aggregate",
      "Strategy": "Plain",
      "Partial Mode": "Finalize",
      "Parallel Aware": false,
      "Startup Cost": 44905.38,
      "Total Cost": 44905.39,
      "Plan Rows": 1,
      "Plan Width": 8,
      "Actual Startup Time": 132.568,
      "Actual Total Time": 142.258,
      "Actual Rows": 1,
      "Actual Loops": 1,
      "Plans": [
        {
          "Node Type": "Gather",
          "Parent Relationship": "Outer",
          "Parallel Aware": false,
          "Startup Cost": 44905.06,
          "Total Cost": 44905.37,
          "Plan Rows": 3,
          "Plan Width": 8,
          "Actual Startup Time": 132.484,
          "Actual Total Time": 142.25,
          "Actual Rows": 4,
          "Actual Loops": 1,
          "Workers Planned": 3,
          "Workers Launched": 3,
          "Single Copy": false,
          "Plans": [
            {
              "Node Type": "Aggregate",
              "Strategy": "Plain",
              "Partial Mode": "Partial",
              "Parent Relationship": "Outer",
              "Parallel Aware": false,
              "Startup Cost": 43905.06,
              "Total Cost": 43905.07,
              "Plan Rows": 1,
              "Plan Width": 8,
              "Actual Startup Time": 125.642,
              "Actual Total Time": 125.643,
              "Actual Rows": 1,
              "Actual Loops": 4,
              "Plans": [
                {
                  "Node Type": "Seq Scan",
                  "Parent Relationship": "Outer",
                  "Parallel Aware": true,
                  "Relation Name": "movie_keyword",
                  "Alias": "mk",
                  "Startup Cost": 0.0,
                  "Total Cost": 42695.65,
                  "Plan Rows": 483764,
                  "Plan Width": 0,
                  "Actual Startup Time": 0.054,
                  "Actual Total Time": 107.402,
                  "Actual Rows": 377738,
                  "Actual Loops": 4,
                  "Filter": "(keyword_id < 2191)",
                  "Rows Removed by Filter": 753245
                }
              ]
            }
          ]
        }
      ]
    },
    "Planning Time": 0.159,
    "Triggers": [],
    "Execution Time": 142.308
  }
]