[
  {
    "Plan": {
      "Node Type": "Aggregate",
      "Strategy": "Plain",
      "Partial Mode": "Finalize",
      "Parallel Aware": false,
      "Startup Cost": 344165.32,
      "Total Cost": 344165.33,
      "Plan Rows": 1,
      "Plan Width": 8,
      "Actual Startup Time": 949.432,
      "Actual Total Time": 997.825,
      "Actual Rows": 1,
      "Actual Loops": 1,
      "Plans": [
        {
          "Node Type": "Gather",
          "Parent Relationship": "Outer",
          "Parallel Aware": false,
          "Startup Cost": 344164.69,
          "Total Cost": 344165.3,
          "Plan Rows": 6,
          "Plan Width": 8,
          "Actual Startup Time": 949.236,
          "Actual Total Time": 997.81,
          "Actual Rows": 7,
          "Actual Loops": 1,
          "Workers Planned": 6,
          "Workers Launched": 6,
          "Single Copy": false,
          "Plans": [
            {
              "Node Type": "Aggregate",
              "Strategy": "Plain",
              "Partial Mode": "Partial",
              "Parent Relationship": "Outer",
              "Parallel Aware": false,
              "Startup Cost": 343164.69,
              "Total Cost": 343164.7,
              "Plan Rows": 1,
              "Plan Width": 8,
              "Actual Startup Time": 941.555,
              "Actual Total Time": 941.556,
              "Actual Rows": 1,
              "Actual Loops": 7,
              "Plans": [
                {
                  "Node Type": "Seq Scan",
                  "Parent Relationship": "Outer",
                  "Parallel Aware": true,
                  "Relation Name": "cast_info",
                  "Alias": "ci",
                  "Startup Cost": 0.0,
                  "Total Cost": 328211.39,
                  "Plan Rows": 5981321,
                  "Plan Width": 0,
                  "Actual Startup Time": 0.05,
                  "Actual Total Time": 682.284,
                  "Actual Rows": 5130761,
                  "Actual Loops": 7,
                  "Filter": "(person_id < 4002055)",
                  "Rows Removed by Filter": 47002
                }
              ]
            }
          ]
        }
      ]
    },
    "Planning Time": 0.115,
    "Triggers": [],
    "Execution Time": 997.867
  }
]