{
  "Plan": {
    "Node Type": "Aggregate",
    "Strategy": "Plain",
    "Partial Mode": "Finalize",
    "Parallel Aware": false,
    "Startup Cost": 121342.2,
    "Total Cost": 121342.21,
    "Plan Rows": 1,
    "Plan Width": 8,
    "Actual Startup Time": 656.232,
    "Actual Total Time": 670.907,
    "Actual Rows": 1,
    "Actual Loops": 1,
    "Plans": [
      {
        "Node Type": "Gather",
        "Parent Relationship": "Outer",
        "Parallel Aware": false,
        "Startup Cost": 121342.08,
        "Total Cost": 121342.19,
        "Plan Rows": 1,
        "Plan Width": 8,
        "Actual Startup Time": 655.301,
        "Actual Total Time": 670.901,
        "Actual Rows": 2,
        "Actual Loops": 1,
        "Workers Planned": 1,
        "Workers Launched": 1,
        "Single Copy": false,
        "Plans": [
          {
            "Node Type": "Aggregate",
            "Strategy": "Plain",
            "Partial Mode": "Partial",
            "Parent Relationship": "Outer",
            "Parallel Aware": false,
            "Startup Cost": 120342.08,
            "Total Cost": 120342.09,
            "Plan Rows": 1,
            "Plan Width": 8,
            "Actual Startup Time": 652.29,
            "Actual Total Time": 652.293,
            "Actual Rows": 1,
            "Actual Loops": 2,
            "Plans": [
              {
                "Node Type": "Hash Join",
                "Parent Relationship": "Outer",
                "Parallel Aware": true,
                "Join Type": "Inner",
                "Startup Cost": 61241.06,
                "Total Cost": 119291.9,
                "Plan Rows": 420074,
                "Plan Width": 0,
                "Actual Startup Time": 195.729,
                "Actual Total Time": 610.503,
                "Actual Rows": 1087928,
                "Actual Loops": 2,
                "Inner Unique": true,
                "Hash Cond": "(mk.movie_id = t.id)",
                "Plans": [
                  {
                    "Node Type": "Seq Scan",
                    "Parent Relationship": "Outer",
                    "Parallel Aware": true,
                    "Relation Name": "movie_keyword",
                    "Alias": "mk",
                    "Startup Cost": 0.0,
                    "Total Cost": 51065.35,
                    "Plan Rows": 2661135,
                    "Plan Width": 4,
                    "Actual Startup Time": 0.01,
                    "Actual Total Time": 148.617,
                    "Actual Rows": 2261965,
                    "Actual Loops": 2
                  },
                  {
                    "Node Type": "Hash",
                    "Parent Relationship": "Inner",
                    "Parallel Aware": true,
                    "Startup Cost": 58306.47,
                    "Total Cost": 58306.47,
                    "Plan Rows": 234767,
                    "Plan Width": 4,
                    "Actual Startup Time": 192.199,
                    "Actual Total Time": 192.2,
                    "Actual Rows": 250306,
                    "Actual Loops": 2,
                    "Hash Buckets": 524288,
                    "Original Hash Buckets": 524288,
                    "Hash Batches": 1,
                    "Original Hash Batches": 1,
                    "Peak Memory Usage": 23712,
                    "Plans": [
                      {
                        "Node Type": "Seq Scan",
                        "Parent Relationship": "Outer",
                        "Parallel Aware": true,
                        "Relation Name": "title",
                        "Alias": "t",
                        "Startup Cost": 0.0,
                        "Total Cost": 58306.47,
                        "Plan Rows": 234767,
                        "Plan Width": 4,
                        "Actual Startup Time": 0.028,
                        "Actual Total Time": 138.481,
                        "Actual Rows": 250306,
                        "Actual Loops": 2,
                        "Filter": "((kind_id < 7) AND (production_year < 2000))",
                        "Rows Removed by Filter": 1013850
                      }
                    ]
                  }
                ]
              }
            ]
          }
        ]
      }
    ]
  },
  "Planning Time": 0.329,
  "Triggers": [],
  "Execution Time": 670.946
}