[
  {
    "Plan": {
      "Node Type": "Aggregate",
      "Strategy": "Plain",
      "Partial Mode": "Finalize",
      "Parallel Aware": false,
      "Startup Cost": 80499.75,
      "Total Cost": 80499.76,
      "Plan Rows": 1,
      "Plan Width": 8,
      "Actual Startup Time": 280.136,
      "Actual Total Time": 295.592,
      "Actual Rows": 1,
      "Actual Loops": 1,
      "Plans": [
        {
          "Node Type": "Gather",
          "Parent Relationship": "Outer",
          "Parallel Aware": false,
          "Startup Cost": 80499.43,
          "Total Cost": 80499.74,
          "Plan Rows": 3,
          "Plan Width": 8,
          "Actual Startup Time": 276.094,
          "Actual Total Time": 295.582,
          "Actual Rows": 4,
          "Actual Loops": 1,
          "Workers Planned": 3,
          "Workers Launched": 3,
          "Single Copy": false,
          "Plans": [
            {
              "Node Type": "Aggregate",
              "Strategy": "Plain",
              "Partial Mode": "Partial",
              "Parent Relationship": "Outer",
              "Parallel Aware": false,
              "Startup Cost": 79499.43,
              "Total Cost": 79499.44,
              "Plan Rows": 1,
              "Plan Width": 8,
              "Actual Startup Time": 267.384,
              "Actual Total Time": 267.387,
              "Actual Rows": 1,
              "Actual Loops": 4,
              "Plans": [
                {
                  "Node Type": "Hash Join",
                  "Parent Relationship": "Outer",
                  "Parallel Aware": true,
                  "Join Type": "Inner",
                  "Startup Cost": 53289.42,
                  "Total Cost": 79426.46,
                  "Plan Rows": 29191,
                  "Plan Width": 0,
                  "Actual Startup Time": 205.993,
                  "Actual Total Time": 264.847,
                  "Actual Rows": 55522,
                  "Actual Loops": 4,
                  "Inner Unique": true,
                  "Hash Cond": "(mk.movie_id = t.id)",
                  "Plans": [
                    {
                      "Node Type": "Bitmap Heap Scan",
                      "Parent Relationship": "Outer",
                      "Parallel Aware": true,
                      "Relation Name": "movie_keyword",
                      "Alias": "mk",
                      "Startup Cost": 7317.83,
                      "Total Cost": 33162.77,
                      "Plan Rows": 111275,
                      "Plan Width": 4,
                      "Actual Startup Time": 23.395,
                      "Actual Total Time": 75.13,
                      "Actual Rows": 90923,
                      "Actual Loops": 4,
                      "Recheck Cond": "(keyword_id < 335)",
                      "Rows Removed by Index Recheck": 0,
                      "Exact Heap Blocks": 8015,
                      "Lossy Heap Blocks": 0,
                      "Plans": [
                        {
                          "Node Type": "Bitmap Index Scan",
                          "Parent Relationship": "Outer",
                          "Parallel Aware": false,
                          "Index Name": "keyword_id_movie_keyword",
                          "Startup Cost": 0.0,
                          "Total Cost": 7231.59,
                          "Plan Rows": 344954,
                          "Plan Width": 0,
                          "Actual Startup Time": 19.838,
                          "Actual Total Time": 19.839,
                          "Actual Rows": 363692,
                          "Actual Loops": 1,
                          "Index Cond": "(keyword_id < 335)"
                        }
                      ]
                    },
                    {
                      "Node Type": "Hash",
                      "Parent Relationship": "Inner",
                      "Parallel Aware": true,
                      "Startup Cost": 43898.92,
                      "Total Cost": 43898.92,
                      "Plan Rows": 165814,
                      "Plan Width": 4,
                      "Actual Startup Time": 156.722,
                      "Actual Total Time": 156.722,
                      "Actual Rows": 165706,
                      "Actual Loops": 4,
                      "Hash Buckets": 1048576,
                      "Original Hash Buckets": 1048576,
                      "Hash Batches": 1,
                      "Original Hash Batches": 1,
                      "Peak Memory Usage": 34144,
                      "Plans": [
                        {
                          "Node Type": "Seq Scan",
                          "Parent Relationship": "Outer",
                          "Parallel Aware": true,
                          "Relation Name": "title",
                          "Alias": "t",
                          "Startup Cost": 0.0,
                          "Total Cost": 43898.92,
                          "Plan Rows": 165814,
                          "Plan Width": 4,
                          "Actual Startup Time": 46.456,
                          "Actual Total Time": 100.615,
                          "Actual Rows": 165706,
                          "Actual Loops": 4,
                          "Filter": "(kind_id = 1)",
                          "Rows Removed by Filter": 466372
                        }
                      ]
                    }
                  ]
                }
              ]
            }
          ]
        }
      ]
    },
    "Planning Time": 0.541,
    "Triggers": [],
    "Execution Time": 295.674
  }
]