[
  {
    "Plan": {
      "Node Type": "Aggregate",
      "Strategy": "Plain",
      "Partial Mode": "Finalize",
      "Parallel Aware": false,
      "Startup Cost": 46480.12,
      "Total Cost": 46480.13,
      "Plan Rows": 1,
      "Plan Width": 8,
      "Actual Startup Time": 72.905,
      "Actual Total Time": 80.368,
      "Actual Rows": 1,
      "Actual Loops": 1,
      "Plans": [
        {
          "Node Type": "Gather",
          "Parent Relationship": "Outer",
          "Parallel Aware": false,
          "Startup Cost": 46479.7,
          "Total Cost": 46480.11,
          "Plan Rows": 4,
          "Plan Width": 8,
          "Actual Startup Time": 72.803,
          "Actual Total Time": 80.362,
          "Actual Rows": 5,
          "Actual Loops": 1,
          "Workers Planned": 4,
          "Workers Launched": 4,
          "Single Copy": false,
          "Plans": [
            {
              "Node Type": "Aggregate",
              "Strategy": "Plain",
              "Partial Mode": "Partial",
              "Parent Relationship": "Outer",
              "Parallel Aware": false,
              "Startup Cost": 45479.7,
              "Total Cost": 45479.71,
              "Plan Rows": 1,
              "Plan Width": 8,
              "Actual Startup Time": 68.191,
              "Actual Total Time": 68.192,
              "Actual Rows": 1,
              "Actual Loops": 5,
              "Plans": [
                {
                  "Node Type": "Seq Scan",
                  "Parent Relationship": "Outer",
                  "Parallel Aware": true,
                  "Relation Name": "title",
                  "Alias": "t",
                  "Startup Cost": 0.0,
                  "Total Cost": 45479.21,
                  "Plan Rows": 198,
                  "Plan Width": 0,
                  "Actual Startup Time": 45.356,
                  "Actual Total Time": 68.134,
                  "Actual Rows": 513,
                  "Actual Loops": 5,
                  "Filter": "((kind_id < 7) AND (production_year = 1932))",
                  "Rows Removed by Filter": 505149
                }
              ]
            }
          ]
        }
      ]
    },
    "Planning Time": 0.094,
    "Triggers": [],
    "Execution Time": 80.396
  }
]