{
    "Plan": {
        "Node Type": "Aggregate",
        "Strategy": "Plain",
        "Partial Mode": "Finalize",
        "Parallel Aware": false,
        "Startup Cost": 285316.01,
        "Total Cost": 285316.02,
        "Plan Rows": 1,
        "Plan Width": 8,
        "Actual Startup Time": 621.107,
        "Actual Total Time": 654.355,
        "Actual Rows": 1,
        "Actual Loops": 1,
        "Output": [
            "count(*)"
        ],
        "Plans": [
            {
                "Node Type": "Gather",
                "Parent Relationship": "Outer",
                "Parallel Aware": false,
                "Startup Cost": 285315.39,
                "Total Cost": 285316.0,
                "Plan Rows": 6,
                "Plan Width": 8,
                "Actual Startup Time": 615.725,
                "Actual Total Time": 654.345,
                "Actual Rows": 7,
                "Actual Loops": 1,
                "Output": [
                    "(PARTIAL count(*))"
                ],
                "Workers Planned": 6,
                "Workers Launched": 6,
                "Single Copy": false,
                "Plans": [
                    {
                        "Node Type": "Aggregate",
                        "Strategy": "Plain",
                        "Partial Mode": "Partial",
                        "Parent Relationship": "Outer",
                        "Parallel Aware": false,
                        "Startup Cost": 284315.39,
                        "Total Cost": 284315.4,
                        "Plan Rows": 1,
                        "Plan Width": 8,
                        "Actual Startup Time": 604.836,
                        "Actual Total Time": 604.924,
                        "Actual Rows": 1,
                        "Actual Loops": 7,
                        "Output": [
                            "PARTIAL count(*)"
                        ],
                        "Workers": [
                            {
                                "Worker Number": 0,
                                "Actual Startup Time": 602.038,
                                "Actual Total Time": 602.044,
                                "Actual Rows": 1,
                                "Actual Loops": 1
                            },
                            {
                                "Worker Number": 1,
                                "Actual Startup Time": 602.984,
                                "Actual Total Time": 602.991,
                                "Actual Rows": 1,
                                "Actual Loops": 1
                            },
                            {
                                "Worker Number": 2,
                                "Actual Startup Time": 602.858,
                                "Actual Total Time": 602.863,
                                "Actual Rows": 1,
                                "Actual Loops": 1
                            },
                            {
                                "Worker Number": 3,
                                "Actual Startup Time": 604.948,
                                "Actual Total Time": 604.953,
                                "Actual Rows": 1,
                                "Actual Loops": 1
                            },
                            {
                                "Worker Number": 4,
                                "Actual Startup Time": 603.251,
                                "Actual Total Time": 603.258,
                                "Actual Rows": 1,
                                "Actual Loops": 1
                            },
                            {
                                "Worker Number": 5,
                                "Actual Startup Time": 603.066,
                                "Actual Total Time": 603.072,
                                "Actual Rows": 1,
                                "Actual Loops": 1
                            }
                        ],
                        "Plans": [
                            {
                                "Node Type": "Hash Join",
                                "Parent Relationship": "Outer",
                                "Parallel Aware": true,
                                "Join Type": "Inner",
                                "Startup Cost": 81048.46,
                                "Total Cost": 283867.77,
                                "Plan Rows": 179046,
                                "Plan Width": 0,
                                "Actual Startup Time": 218.427,
                                "Actual Total Time": 599.281,
                                "Actual Rows": 114344,
                                "Actual Loops": 7,
                                "Inner Unique": false,
                                "Hash Cond": "(ci.movie_id = t.id)",
                                "Workers": [
                                    {
                                        "Worker Number": 0,
                                        "Actual Startup Time": 215.8,
                                        "Actual Total Time": 596.501,
                                        "Actual Rows": 121467,
                                        "Actual Loops": 1
                                    },
                                    {
                                        "Worker Number": 1,
                                        "Actual Startup Time": 216.175,
                                        "Actual Total Time": 597.339,
                                        "Actual Rows": 104371,
                                        "Actual Loops": 1
                                    },
                                    {
                                        "Worker Number": 2,
                                        "Actual Startup Time": 216.386,
                                        "Actual Total Time": 597.444,
                                        "Actual Rows": 115327,
                                        "Actual Loops": 1
                                    },
                                    {
                                        "Worker Number": 3,
                                        "Actual Startup Time": 218.405,
                                        "Actual Total Time": 599.632,
                                        "Actual Rows": 115560,
                                        "Actual Loops": 1
                                    },
                                    {
                                        "Worker Number": 4,
                                        "Actual Startup Time": 217.035,
                                        "Actual Total Time": 597.372,
                                        "Actual Rows": 79289,
                                        "Actual Loops": 1
                                    },
                                    {
                                        "Worker Number": 5,
                                        "Actual Startup Time": 216.913,
                                        "Actual Total Time": 597.666,
                                        "Actual Rows": 114543,
                                        "Actual Loops": 1
                                    }
                                ],
                                "Plans": [
                                    {
                                        "Node Type": "Index Scan",
                                        "Parent Relationship": "Outer",
                                        "Parallel Aware": true,
                                        "Scan Direction": "Forward",
                                        "Index Name": "role_id_cast_info",
                                        "Relation Name": "cast_info",
                                        "Schema": "public",
                                        "Alias": "ci",
                                        "Startup Cost": 0.56,
                                        "Total Cost": 197699.43,
                                        "Plan Rows": 1246088,
                                        "Plan Width": 4,
                                        "Actual Startup Time": 0.28,
                                        "Actual Total Time": 213.436,
                                        "Actual Rows": 1064568,
                                        "Actual Loops": 7,
                                        "Output": [
                                            "ci.id",
                                            "ci.person_id",
                                            "ci.movie_id",
                                            "ci.person_role_id",
                                            "ci.note",
                                            "ci.nr_order",
                                            "ci.role_id"
                                        ],
                                        "Index Cond": "(ci.role_id = 2)",
                                        "Rows Removed by Index Recheck": 0,
                                        "Workers": [
                                            {
                                                "Worker Number": 0,
                                                "Actual Startup Time": 0.341,
                                                "Actual Total Time": 215.651,
                                                "Actual Rows": 1125930,
                                                "Actual Loops": 1
                                            },
                                            {
                                                "Worker Number": 1,
                                                "Actual Startup Time": 0.271,
                                                "Actual Total Time": 217.837,
                                                "Actual Rows": 942240,
                                                "Actual Loops": 1
                                            },
                                            {
                                                "Worker Number": 2,
                                                "Actual Startup Time": 0.204,
                                                "Actual Total Time": 216.389,
                                                "Actual Rows": 1078740,
                                                "Actual Loops": 1
                                            },
                                            {
                                                "Worker Number": 3,
                                                "Actual Startup Time": 0.123,
                                                "Actual Total Time": 215.819,
                                                "Actual Rows": 1115790,
                                                "Actual Loops": 1
                                            },
                                            {
                                                "Worker Number": 4,
                                                "Actual Startup Time": 0.413,
                                                "Actual Total Time": 216.577,
                                                "Actual Rows": 738901,
                                                "Actual Loops": 1
                                            },
                                            {
                                                "Worker Number": 5,
                                                "Actual Startup Time": 0.388,
                                                "Actual Total Time": 215.478,
                                                "Actual Rows": 1079131,
                                                "Actual Loops": 1
                                            }
                                        ]
                                    },
                                    {
                                        "Node Type": "Hash",
                                        "Parent Relationship": "Inner",
                                        "Parallel Aware": true,
                                        "Startup Cost": 79912.62,
                                        "Total Cost": 79912.62,
                                        "Plan Rows": 90822,
                                        "Plan Width": 8,
                                        "Actual Startup Time": 215.907,
                                        "Actual Total Time": 215.994,
                                        "Actual Rows": 25490,
                                        "Actual Loops": 7,
                                        "Output": [
                                            "t.id",
                                            "mc.movie_id"
                                        ],
                                        "Hash Buckets": 524288,
                                        "Original Hash Buckets": 524288,
                                        "Hash Batches": 1,
                                        "Original Hash Batches": 1,
                                        "Peak Memory Usage": 11200,
                                        "Workers": [
                                            {
                                                "Worker Number": 0,
                                                "Actual Startup Time": 215.069,
                                                "Actual Total Time": 215.072,
                                                "Actual Rows": 26156,
                                                "Actual Loops": 1
                                            },
                                            {
                                                "Worker Number": 1,
                                                "Actual Startup Time": 215.499,
                                                "Actual Total Time": 215.504,
                                                "Actual Rows": 25699,
                                                "Actual Loops": 1
                                            },
                                            {
                                                "Worker Number": 2,
                                                "Actual Startup Time": 215.768,
                                                "Actual Total Time": 215.772,
                                                "Actual Rows": 24781,
                                                "Actual Loops": 1
                                            },
                                            {
                                                "Worker Number": 3,
                                                "Actual Startup Time": 217.794,
                                                "Actual Total Time": 217.798,
                                                "Actual Rows": 26203,
                                                "Actual Loops": 1
                                            },
                                            {
                                                "Worker Number": 4,
                                                "Actual Startup Time": 216.188,
                                                "Actual Total Time": 216.193,
                                                "Actual Rows": 18213,
                                                "Actual Loops": 1
                                            },
                                            {
                                                "Worker Number": 5,
                                                "Actual Startup Time": 215.957,
                                                "Actual Total Time": 215.961,
                                                "Actual Rows": 24974,
                                                "Actual Loops": 1
                                            }
                                        ],
                                        "Plans": [
                                            {
                                                "Node Type": "Hash Join",
                                                "Parent Relationship": "Outer",
                                                "Parallel Aware": true,
                                                "Join Type": "Inner",
                                                "Startup Cost": 33641.73,
                                                "Total Cost": 79912.62,
                                                "Plan Rows": 90822,
                                                "Plan Width": 8,
                                                "Actual Startup Time": 95.361,
                                                "Actual Total Time": 205.324,
                                                "Actual Rows": 25490,
                                                "Actual Loops": 7,
                                                "Output": [
                                                    "t.id",
                                                    "mc.movie_id"
                                                ],
                                                "Inner Unique": false,
                                                "Hash Cond": "(t.id = mc.movie_id)",
                                                "Workers": [
                                                    {
                                                        "Worker Number": 0,
                                                        "Actual Startup Time": 95.414,
                                                        "Actual Total Time": 205.35,
                                                        "Actual Rows": 26156,
                                                        "Actual Loops": 1
                                                    },
                                                    {
                                                        "Worker Number": 1,
                                                        "Actual Startup Time": 95.255,
                                                        "Actual Total Time": 205.69,
                                                        "Actual Rows": 25699,
                                                        "Actual Loops": 1
                                                    },
                                                    {
                                                        "Worker Number": 2,
                                                        "Actual Startup Time": 95.269,
                                                        "Actual Total Time": 204.747,
                                                        "Actual Rows": 24781,
                                                        "Actual Loops": 1
                                                    },
                                                    {
                                                        "Worker Number": 3,
                                                        "Actual Startup Time": 95.363,
                                                        "Actual Total Time": 205.865,
                                                        "Actual Rows": 26203,
                                                        "Actual Loops": 1
                                                    },
                                                    {
                                                        "Worker Number": 4,
                                                        "Actual Startup Time": 95.373,
                                                        "Actual Total Time": 205.259,
                                                        "Actual Rows": 18213,
                                                        "Actual Loops": 1
                                                    },
                                                    {
                                                        "Worker Number": 5,
                                                        "Actual Startup Time": 95.343,
                                                        "Actual Total Time": 205.083,
                                                        "Actual Rows": 24974,
                                                        "Actual Loops": 1
                                                    }
                                                ],
                                                "Plans": [
                                                    {
                                                        "Node Type": "Seq Scan",
                                                        "Parent Relationship": "Outer",
                                                        "Parallel Aware": true,
                                                        "Relation Name": "title",
                                                        "Schema": "public",
                                                        "Alias": "t",
                                                        "Startup Cost": 0.0,
                                                        "Total Cost": 43899.01,
                                                        "Plan Rows": 415782,
                                                        "Plan Width": 4,
                                                        "Actual Startup Time": 0.024,
                                                        "Actual Total Time": 59.855,
                                                        "Actual Rows": 239157,
                                                        "Actual Loops": 7,
                                                        "Output": [
                                                            "t.id",
                                                            "t.title",
                                                            "t.imdb_index",
                                                            "t.kind_id",
                                                            "t.production_year",
                                                            "t.imdb_id",
                                                            "t.phonetic_code",
                                                            "t.episode_of_id",
                                                            "t.season_nr",
                                                            "t.episode_nr",
                                                            "t.series_years",
                                                            "t.md5sum"
                                                        ],
                                                        "Filter": "(t.kind_id > 3)",
                                                        "Rows Removed by Filter": 122031,
                                                        "Workers": [
                                                            {
                                                                "Worker Number": 0,
                                                                "Actual Startup Time": 0.023,
                                                                "Actual Total Time": 60.816,
                                                                "Actual Rows": 245065,
                                                                "Actual Loops": 1
                                                            },
                                                            {
                                                                "Worker Number": 1,
                                                                "Actual Startup Time": 0.027,
                                                                "Actual Total Time": 61.192,
                                                                "Actual Rows": 237739,
                                                                "Actual Loops": 1
                                                            },
                                                            {
                                                                "Worker Number": 2,
                                                                "Actual Startup Time": 0.027,
                                                                "Actual Total Time": 60.907,
                                                                "Actual Rows": 234444,
                                                                "Actual Loops": 1
                                                            },
                                                            {
                                                                "Worker Number": 3,
                                                                "Actual Startup Time": 0.022,
                                                                "Actual Total Time": 61.047,
                                                                "Actual Rows": 244827,
                                                                "Actual Loops": 1
                                                            },
                                                            {
                                                                "Worker Number": 4,
                                                                "Actual Startup Time": 0.027,
                                                                "Actual Total Time": 62.87,
                                                                "Actual Rows": 171707,
                                                                "Actual Loops": 1
                                                            },
                                                            {
                                                                "Worker Number": 5,
                                                                "Actual Startup Time": 0.032,
                                                                "Actual Total Time": 60.756,
                                                                "Actual Rows": 233036,
                                                                "Actual Loops": 1
                                                            }
                                                        ]
                                                    },
                                                    {
                                                        "Node Type": "Hash",
                                                        "Parent Relationship": "Inner",
                                                        "Parallel Aware": true,
                                                        "Startup Cost": 31414.82,
                                                        "Total Cost": 31414.82,
                                                        "Plan Rows": 178153,
                                                        "Plan Width": 4,
                                                        "Actual Startup Time": 93.58,
                                                        "Actual Total Time": 93.582,
                                                        "Actual Rows": 48493,
                                                        "Actual Loops": 7,
                                                        "Output": [
                                                            "mc.movie_id"
                                                        ],
                                                        "Hash Buckets": 1048576,
                                                        "Original Hash Buckets": 1048576,
                                                        "Hash Batches": 1,
                                                        "Original Hash Batches": 1,
                                                        "Peak Memory Usage": 21600,
                                                        "Workers": [
                                                            {
                                                                "Worker Number": 0,
                                                                "Actual Startup Time": 95.303,
                                                                "Actual Total Time": 95.304,
                                                                "Actual Rows": 47272,
                                                                "Actual Loops": 1
                                                            },
                                                            {
                                                                "Worker Number": 1,
                                                                "Actual Startup Time": 95.139,
                                                                "Actual Total Time": 95.14,
                                                                "Actual Rows": 49583,
                                                                "Actual Loops": 1
                                                            },
                                                            {
                                                                "Worker Number": 2,
                                                                "Actual Startup Time": 95.133,
                                                                "Actual Total Time": 95.134,
                                                                "Actual Rows": 49953,
                                                                "Actual Loops": 1
                                                            },
                                                            {
                                                                "Worker Number": 3,
                                                                "Actual Startup Time": 95.248,
                                                                "Actual Total Time": 95.25,
                                                                "Actual Rows": 46035,
                                                                "Actual Loops": 1
                                                            },
                                                            {
                                                                "Worker Number": 4,
                                                                "Actual Startup Time": 95.272,
                                                                "Actual Total Time": 95.274,
                                                                "Actual Rows": 37081,
                                                                "Actual Loops": 1
                                                            },
                                                            {
                                                                "Worker Number": 5,
                                                                "Actual Startup Time": 95.22,
                                                                "Actual Total Time": 95.222,
                                                                "Actual Rows": 50940,
                                                                "Actual Loops": 1
                                                            }
                                                        ],
                                                        "Plans": [
                                                            {
                                                                "Node Type": "Seq Scan",
                                                                "Parent Relationship": "Outer",
                                                                "Parallel Aware": true,
                                                                "Relation Name": "movie_companies",
                                                                "Schema": "public",
                                                                "Alias": "mc",
                                                                "Startup Cost": 0.0,
                                                                "Total Cost": 31414.82,
                                                                "Plan Rows": 178153,
                                                                "Plan Width": 4,
                                                                "Actual Startup Time": 42.26,
                                                                "Actual Total Time": 64.505,
                                                                "Actual Rows": 48493,
                                                                "Actual Loops": 7,
                                                                "Output": [
                                                                    "mc.movie_id"
                                                                ],
                                                                "Filter": "((mc.company_id < 6946) AND (mc.company_type_id = 2))",
                                                                "Rows Removed by Filter": 324240,
                                                                "Workers": [
                                                                    {
                                                                        "Worker Number": 0,
                                                                        "Actual Startup Time": 42.219,
                                                                        "Actual Total Time": 64.343,
                                                                        "Actual Rows": 47272,
                                                                        "Actual Loops": 1
                                                                    },
                                                                    {
                                                                        "Worker Number": 1,
                                                                        "Actual Startup Time": 42.277,
                                                                        "Actual Total Time": 64.531,
                                                                        "Actual Rows": 49583,
                                                                        "Actual Loops": 1
                                                                    },
                                                                    {
                                                                        "Worker Number": 2,
                                                                        "Actual Startup Time": 42.243,
                                                                        "Actual Total Time": 64.765,
                                                                        "Actual Rows": 49953,
                                                                        "Actual Loops": 1
                                                                    },
                                                                    {
                                                                        "Worker Number": 3,
                                                                        "Actual Startup Time": 42.274,
                                                                        "Actual Total Time": 64.547,
                                                                        "Actual Rows": 46035,
                                                                        "Actual Loops": 1
                                                                    },
                                                                    {
                                                                        "Worker Number": 4,
                                                                        "Actual Startup Time": 42.209,
                                                                        "Actual Total Time": 65.002,
                                                                        "Actual Rows": 37081,
                                                                        "Actual Loops": 1
                                                                    },
                                                                    {
                                                                        "Worker Number": 5,
                                                                        "Actual Startup Time": 42.283,
                                                                        "Actual Total Time": 64.996,
                                                                        "Actual Rows": 50940,
                                                                        "Actual Loops": 1
                                                                    }
                                                                ]
                                                            }
                                                        ]
                                                    }
                                                ]
                                            }
                                        ]
                                    }
                                ]
                            }
                        ]
                    }
                ]
            }
        ]
    },
    "Planning Time": 1.707,
    "Triggers": [],
    "Execution Time": 654.465
}