[
  {
    "Plan": {
      "Node Type": "Aggregate",
      "Strategy": "Plain",
      "Partial Mode": "Simple",
      "Parallel Aware": false,
      "Startup Cost": 21591.42,
      "Total Cost": 21591.43,
      "Plan Rows": 1,
      "Plan Width": 8,
      "Actual Startup Time": 39.605,
      "Actual Total Time": 39.606,
      "Actual Rows": 1,
      "Actual Loops": 1,
      "Plans": [
        {
          "Node Type": "Bitmap Heap Scan",
          "Parent Relationship": "Outer",
          "Parallel Aware": false,
          "Relation Name": "movie_companies",
          "Alias": "mc",
          "Startup Cost": 1656.15,
          "Total Cost": 21400.54,
          "Plan Rows": 76351,
          "Plan Width": 0,
          "Actual Startup Time": 10.751,
          "Actual Total Time": 33.219,
          "Actual Rows": 73260,
          "Actual Loops": 1,
          "Recheck Cond": "(company_id > 174455)",
          "Rows Removed by Index Recheck": 0,
          "Exact Heap Blocks": 2532,
          "Lossy Heap Blocks": 0,
          "Plans": [
            {
              "Node Type": "Bitmap Index Scan",
              "Parent Relationship": "Outer",
              "Parallel Aware": false,
              "Index Name": "company_id_movie_companies",
              "Startup Cost": 0.0,
              "Total Cost": 1637.06,
              "Plan Rows": 76351,
              "Plan Width": 0,
              "Actual Startup Time": 9.659,
              "Actual Total Time": 9.66,
              "Actual Rows": 73260,
              "Actual Loops": 1,
              "Index Cond": "(company_id > 174455)"
            }
          ]
        }
      ]
    },
    "Planning Time": 0.177,
    "Triggers": [],
    "Execution Time": 39.663
  }
]