[
  {
    "Plan": {
      "Node Type": "Aggregate",
      "Strategy": "Plain",
      "Partial Mode": "Finalize",
      "Parallel Aware": false,
      "Startup Cost": 260196.37,
      "Total Cost": 260196.38,
      "Plan Rows": 1,
      "Plan Width": 8,
      "Actual Startup Time": 1296.282,
      "Actual Total Time": 1342.139,
      "Actual Rows": 1,
      "Actual Loops": 1,
      "Plans": [
        {
          "Node Type": "Gather",
          "Parent Relationship": "Outer",
          "Parallel Aware": false,
          "Startup Cost": 260195.85,
          "Total Cost": 260196.36,
          "Plan Rows": 5,
          "Plan Width": 8,
          "Actual Startup Time": 1283.137,
          "Actual Total Time": 1342.128,
          "Actual Rows": 6,
          "Actual Loops": 1,
          "Workers Planned": 5,
          "Workers Launched": 5,
          "Single Copy": false,
          "Plans": [
            {
              "Node Type": "Aggregate",
              "Strategy": "Plain",
              "Partial Mode": "Partial",
              "Parent Relationship": "Outer",
              "Parallel Aware": false,
              "Startup Cost": 259195.85,
              "Total Cost": 259195.86,
              "Plan Rows": 1,
              "Plan Width": 8,
              "Actual Startup Time": 1267.879,
              "Actual Total Time": 1267.882,
              "Actual Rows": 1,
              "Actual Loops": 6,
              "Plans": [
                {
                  "Node Type": "Hash Join",
                  "Parent Relationship": "Outer",
                  "Parallel Aware": true,
                  "Join Type": "Inner",
                  "Startup Cost": 49177.93,
                  "Total Cost": 254953.65,
                  "Plan Rows": 1696880,
                  "Plan Width": 0,
                  "Actual Startup Time": 241.071,
                  "Actual Total Time": 1210.056,
                  "Actual Rows": 1230601,
                  "Actual Loops": 6,
                  "Inner Unique": true,
                  "Hash Cond": "(mi.movie_id = t.id)",
                  "Plans": [
                    {
                      "Node Type": "Seq Scan",
                      "Parent Relationship": "Outer",
                      "Parallel Aware": true,
                      "Relation Name": "movie_info",
                      "Alias": "mi",
                      "Startup Cost": 0.0,
                      "Total Cost": 199108.24,
                      "Plan Rows": 2539986,
                      "Plan Width": 4,
                      "Actual Startup Time": 0.039,
                      "Actual Total Time": 379.284,
                      "Actual Rows": 2124109,
                      "Actual Loops": 6,
                      "Filter": "(info_type_id > 2)",
                      "Rows Removed by Filter": 348511
                    },
                    {
                      "Node Type": "Hash",
                      "Parent Relationship": "Inner",
                      "Parallel Aware": true,
                      "Startup Cost": 43899.32,
                      "Total Cost": 43899.32,
                      "Plan Rows": 422289,
                      "Plan Width": 4,
                      "Actual Startup Time": 234.661,
                      "Actual Total Time": 234.662,
                      "Actual Rows": 278924,
                      "Actual Loops": 6,
                      "Hash Buckets": 2097152,
                      "Original Hash Buckets": 2097152,
                      "Hash Batches": 1,
                      "Original Hash Batches": 1,
                      "Peak Memory Usage": 81952,
                      "Plans": [
                        {
                          "Node Type": "Seq Scan",
                          "Parent Relationship": "Outer",
                          "Parallel Aware": true,
                          "Relation Name": "title",
                          "Alias": "t",
                          "Startup Cost": 0.0,
                          "Total Cost": 43899.32,
                          "Plan Rows": 422289,
                          "Plan Width": 4,
                          "Actual Startup Time": 0.054,
                          "Actual Total Time": 96.983,
                          "Actual Rows": 278924,
                          "Actual Loops": 6,
                          "Filter": "(production_year > 1993)",
                          "Rows Removed by Filter": 142462
                        }
                      ]
                    }
                  ]
                }
              ]
            }
          ]
        }
      ]
    },
    "Planning Time": 0.668,
    "Triggers": [],
    "Execution Time": 1342.219
  }
]