{
  "Plan": {
    "Node Type": "Aggregate",
    "Strategy": "Plain",
    "Partial Mode": "Finalize",
    "Parallel Aware": false,
    "Startup Cost": 348342.52,
    "Total Cost": 348342.53,
    "Plan Rows": 1,
    "Plan Width": 8,
    "Actual Startup Time": 1953.604,
    "Actual Total Time": 2003.429,
    "Actual Rows": 1,
    "Actual Loops": 1,
    "Plans": [
      {
        "Node Type": "Gather",
        "Parent Relationship": "Outer",
        "Parallel Aware": false,
        "Startup Cost": 348342.41,
        "Total Cost": 348342.52,
        "Plan Rows": 1,
        "Plan Width": 8,
        "Actual Startup Time": 1950.258,
        "Actual Total Time": 2003.417,
        "Actual Rows": 2,
        "Actual Loops": 1,
        "Workers Planned": 1,
        "Workers Launched": 1,
        "Single Copy": false,
        "Plans": [
          {
            "Node Type": "Aggregate",
            "Strategy": "Plain",
            "Partial Mode": "Partial",
            "Parent Relationship": "Outer",
            "Parallel Aware": false,
            "Startup Cost": 347342.41,
            "Total Cost": 347342.42,
            "Plan Rows": 1,
            "Plan Width": 8,
            "Actual Startup Time": 1942.536,
            "Actual Total Time": 1942.54,
            "Actual Rows": 1,
            "Actual Loops": 2,
            "Plans": [
              {
                "Node Type": "Hash Join",
                "Parent Relationship": "Outer",
                "Parallel Aware": true,
                "Join Type": "Inner",
                "Startup Cost": 62834.04,
                "Total Cost": 343240.62,
                "Plan Rows": 1640714,
                "Plan Width": 0,
                "Actual Startup Time": 418.233,
                "Actual Total Time": 1868.021,
                "Actual Rows": 1527904,
                "Actual Loops": 2,
                "Inner Unique": true,
                "Hash Cond": "(mi.movie_id = t.id)",
                "Plans": [
                  {
                    "Node Type": "Seq Scan",
                    "Parent Relationship": "Outer",
                    "Parallel Aware": true,
                    "Relation Name": "movie_info",
                    "Alias": "mi",
                    "Startup Cost": 0.0,
                    "Total Cost": 270696.42,
                    "Plan Rows": 3699105,
                    "Plan Width": 4,
                    "Actual Startup Time": 40.009,
                    "Actual Total Time": 778.188,
                    "Actual Rows": 3111747,
                    "Actual Loops": 2,
                    "Filter": "(info_type_id > 8)",
                    "Rows Removed by Filter": 4306113
                  },
                  {
                    "Node Type": "Hash",
                    "Parent Relationship": "Inner",
                    "Parallel Aware": true,
                    "Startup Cost": 54588.39,
                    "Total Cost": 54588.39,
                    "Plan Rows": 659652,
                    "Plan Width": 4,
                    "Actual Startup Time": 362.99,
                    "Actual Total Time": 362.991,
                    "Actual Rows": 566678,
                    "Actual Loops": 2,
                    "Hash Buckets": 2097152,
                    "Original Hash Buckets": 2097152,
                    "Hash Batches": 1,
                    "Original Hash Batches": 1,
                    "Peak Memory Usage": 60768,
                    "Plans": [
                      {
                        "Node Type": "Seq Scan",
                        "Parent Relationship": "Outer",
                        "Parallel Aware": true,
                        "Relation Name": "title",
                        "Alias": "t",
                        "Startup Cost": 0.0,
                        "Total Cost": 54588.39,
                        "Plan Rows": 659652,
                        "Plan Width": 4,
                        "Actual Startup Time": 0.024,
                        "Actual Total Time": 187.408,
                        "Actual Rows": 566678,
                        "Actual Loops": 2,
                        "Filter": "(production_year < 2002)",
                        "Rows Removed by Filter": 697478
                      }
                    ]
                  }
                ]
              }
            ]
          }
        ]
      }
    ]
  },
  "Planning Time": 0.592,
  "Triggers": [],
  "Execution Time": 2003.506
}