[
  {
    "Plan": {
      "Node Type": "Aggregate",
      "Strategy": "Plain",
      "Partial Mode": "Finalize",
      "Parallel Aware": false,
      "Startup Cost": 452162.47,
      "Total Cost": 452162.48,
      "Plan Rows": 1,
      "Plan Width": 8,
      "Actual Startup Time": 1629.37,
      "Actual Total Time": 1688.98,
      "Actual Rows": 1,
      "Actual Loops": 1,
      "Plans": [
        {
          "Node Type": "Gather",
          "Parent Relationship": "Outer",
          "Parallel Aware": false,
          "Startup Cost": 452161.85,
          "Total Cost": 452162.46,
          "Plan Rows": 6,
          "Plan Width": 8,
          "Actual Startup Time": 1607.898,
          "Actual Total Time": 1688.969,
          "Actual Rows": 7,
          "Actual Loops": 1,
          "Workers Planned": 6,
          "Workers Launched": 6,
          "Single Copy": false,
          "Plans": [
            {
              "Node Type": "Aggregate",
              "Strategy": "Plain",
              "Partial Mode": "Partial",
              "Parent Relationship": "Outer",
              "Parallel Aware": false,
              "Startup Cost": 451161.85,
              "Total Cost": 451161.86,
              "Plan Rows": 1,
              "Plan Width": 8,
              "Actual Startup Time": 1591.917,
              "Actual Total Time": 1592.221,
              "Actual Rows": 1,
              "Actual Loops": 7,
              "Plans": [
                {
                  "Node Type": "Hash Join",
                  "Parent Relationship": "Outer",
                  "Parallel Aware": true,
                  "Join Type": "Inner",
                  "Startup Cost": 101527.14,
                  "Total Cost": 445744.46,
                  "Plan Rows": 2166956,
                  "Plan Width": 0,
                  "Actual Startup Time": 647.751,
                  "Actual Total Time": 1525.617,
                  "Actual Rows": 1270028,
                  "Actual Loops": 7,
                  "Inner Unique": false,
                  "Hash Cond": "(ci.movie_id = t.id)",
                  "Plans": [
                    {
                      "Node Type": "Seq Scan",
                      "Parent Relationship": "Outer",
                      "Parallel Aware": true,
                      "Relation Name": "cast_info",
                      "Alias": "ci",
                      "Startup Cost": 0.0,
                      "Total Cost": 328211.39,
                      "Plan Rows": 2404199,
                      "Plan Width": 4,
                      "Actual Startup Time": 250.381,
                      "Actual Total Time": 622.96,
                      "Actual Rows": 2021792,
                      "Actual Loops": 7,
                      "Filter": "(person_id > 2250170)",
                      "Rows Removed by Filter": 3155971
                    },
                    {
                      "Node Type": "Hash",
                      "Parent Relationship": "Inner",
                      "Parallel Aware": true,
                      "Startup Cost": 92337.94,
                      "Total Cost": 92337.94,
                      "Plan Rows": 735136,
                      "Plan Width": 8,
                      "Actual Startup Time": 391.779,
                      "Actual Total Time": 392.082,
                      "Actual Rows": 80404,
                      "Actual Loops": 7,
                      "Hash Buckets": 4194304,
                      "Original Hash Buckets": 4194304,
                      "Hash Batches": 1,
                      "Original Hash Batches": 1,
                      "Peak Memory Usage": 54912,
                      "Plans": [
                        {
                          "Node Type": "Hash Join",
                          "Parent Relationship": "Outer",
                          "Parallel Aware": true,
                          "Join Type": "Inner",
                          "Startup Cost": 49459.86,
                          "Total Cost": 92337.94,
                          "Plan Rows": 735136,
                          "Plan Width": 8,
                          "Actual Startup Time": 192.302,
                          "Actual Total Time": 346.615,
                          "Actual Rows": 80404,
                          "Actual Loops": 7,
                          "Inner Unique": true,
                          "Hash Cond": "(mk.movie_id = t.id)",
                          "Plans": [
                            {
                              "Node Type": "Seq Scan",
                              "Parent Relationship": "Outer",
                              "Parallel Aware": true,
                              "Relation Name": "movie_keyword",
                              "Alias": "mk",
                              "Startup Cost": 0.0,
                              "Total Cost": 39047.32,
                              "Plan Rows": 1459332,
                              "Plan Width": 4,
                              "Actual Startup Time": 0.042,
                              "Actual Total Time": 67.141,
                              "Actual Rows": 646276,
                              "Actual Loops": 7
                            },
                            {
                              "Node Type": "Hash",
                              "Parent Relationship": "Inner",
                              "Parallel Aware": true,
                              "Startup Cost": 45479.59,
                              "Total Cost": 45479.59,
                              "Plan Rows": 318422,
                              "Plan Width": 4,
                              "Actual Startup Time": 190.285,
                              "Actual Total Time": 190.286,
                              "Actual Rows": 192698,
                              "Actual Loops": 7,
                              "Hash Buckets": 2097152,
                              "Original Hash Buckets": 2097152,
                              "Hash Batches": 1,
                              "Original Hash Batches": 1,
                              "Peak Memory Usage": 69248,
                              "Plans": [
                                {
                                  "Node Type": "Seq Scan",
                                  "Parent Relationship": "Outer",
                                  "Parallel Aware": true,
                                  "Relation Name": "title",
                                  "Alias": "t",
                                  "Startup Cost": 0.0,
                                  "Total Cost": 45479.59,
                                  "Plan Rows": 318422,
                                  "Plan Width": 4,
                                  "Actual Startup Time": 0.052,
                                  "Actual Total Time": 90.07,
                                  "Actual Rows": 192698,
                                  "Actual Loops": 7,
                                  "Filter": "((production_year > 1970) AND (kind_id = 7))",
                                  "Rows Removed by Filter": 168490
                                }
                              ]
                            }
                          ]
                        }
                      ]
                    }
                  ]
                }
              ]
            }
          ]
        }
      ]
    },
    "Planning Time": 0.607,
    "Triggers": [],
    "Execution Time": 1689.046
  }
]