[
  {
    "Plan": {
      "Node Type": "Aggregate",
      "Strategy": "Plain",
      "Partial Mode": "Finalize",
      "Parallel Aware": false,
      "Startup Cost": 334781.48,
      "Total Cost": 334781.49,
      "Plan Rows": 1,
      "Plan Width": 8,
      "Actual Startup Time": 693.882,
      "Actual Total Time": 741.675,
      "Actual Rows": 1,
      "Actual Loops": 1,
      "Plans": [
        {
          "Node Type": "Gather",
          "Parent Relationship": "Outer",
          "Parallel Aware": false,
          "Startup Cost": 334780.86,
          "Total Cost": 334781.47,
          "Plan Rows": 6,
          "Plan Width": 8,
          "Actual Startup Time": 693.698,
          "Actual Total Time": 741.662,
          "Actual Rows": 7,
          "Actual Loops": 1,
          "Workers Planned": 6,
          "Workers Launched": 6,
          "Single Copy": false,
          "Plans": [
            {
              "Node Type": "Aggregate",
              "Strategy": "Plain",
              "Partial Mode": "Partial",
              "Parent Relationship": "Outer",
              "Parallel Aware": false,
              "Startup Cost": 333780.86,
              "Total Cost": 333780.87,
              "Plan Rows": 1,
              "Plan Width": 8,
              "Actual Startup Time": 685.112,
              "Actual Total Time": 685.113,
              "Actual Rows": 1,
              "Actual Loops": 7,
              "Plans": [
                {
                  "Node Type": "Seq Scan",
                  "Parent Relationship": "Outer",
                  "Parallel Aware": true,
                  "Relation Name": "cast_info",
                  "Alias": "ci",
                  "Startup Cost": 0.0,
                  "Total Cost": 328211.39,
                  "Plan Rows": 2227786,
                  "Plan Width": 0,
                  "Actual Startup Time": 0.052,
                  "Actual Total Time": 586.752,
                  "Actual Rows": 1925625,
                  "Actual Loops": 7,
                  "Filter": "(person_id < 1328926)",
                  "Rows Removed by Filter": 3252138
                }
              ]
            }
          ]
        }
      ]
    },
    "Planning Time": 0.094,
    "Triggers": [],
    "Execution Time": 741.718
  }
]