{
  "Plan": {
    "Node Type": "Aggregate",
    "Strategy": "Plain",
    "Partial Mode": "Simple",
    "Parallel Aware": false,
    "Startup Cost": 439810.29,
    "Total Cost": 439810.3,
    "Plan Rows": 1,
    "Plan Width": 64,
    "Actual Startup Time": 10421.555,
    "Actual Total Time": 10431.78,
    "Actual Rows": 1,
    "Actual Loops": 1,
    "Plans": [
      {
        "Node Type": "Nested Loop",
        "Parent Relationship": "Outer",
        "Parallel Aware": false,
        "Join Type": "Inner",
        "Startup Cost": 426114.48,
        "Total Cost": 439810.28,
        "Plan Rows": 2,
        "Plan Width": 27,
        "Actual Startup Time": 3804.947,
        "Actual Total Time": 10431.614,
        "Actual Rows": 628,
        "Actual Loops": 1,
        "Inner Unique": false,
        "Join Filter": "(mk.keyword_id = k.id)",
        "Rows Removed by Join Filter": 84258132,
        "Plans": [
          {
            "Node Type": "Seq Scan",
            "Parent Relationship": "Outer",
            "Parallel Aware": false,
            "Relation Name": "keyword",
            "Alias": "k",
            "Startup Cost": 0.0,
            "Total Cost": 2290.7,
            "Plan Rows": 134170,
            "Plan Width": 4,
            "Actual Startup Time": 0.046,
            "Actual Total Time": 12.765,
            "Actual Rows": 134170,
            "Actual Loops": 1
          },
          {
            "Node Type": "Materialize",
            "Parent Relationship": "Inner",
            "Parallel Aware": false,
            "Startup Cost": 426114.48,
            "Total Cost": 433494.49,
            "Plan Rows": 2,
            "Plan Width": 31,
            "Actual Startup Time": 0.028,
            "Actual Total Time": 0.049,
            "Actual Rows": 628,
            "Actual Loops": 134170,
            "Plans": [
              {
                "Node Type": "Nested Loop",
                "Parent Relationship": "Outer",
                "Parallel Aware": false,
                "Join Type": "Inner",
                "Startup Cost": 426114.48,
                "Total Cost": 433494.48,
                "Plan Rows": 2,
                "Plan Width": 31,
                "Actual Startup Time": 3755.376,
                "Actual Total Time": 3814.598,
                "Actual Rows": 628,
                "Actual Loops": 1,
                "Inner Unique": false,
                "Plans": [
                  {
                    "Node Type": "Nested Loop",
                    "Parent Relationship": "Outer",
                    "Parallel Aware": false,
                    "Join Type": "Inner",
                    "Startup Cost": 426114.04,
                    "Total Cost": 433492.7,
                    "Plan Rows": 1,
                    "Plan Width": 43,
                    "Actual Startup Time": 3755.266,
                    "Actual Total Time": 3814.234,
                    "Actual Rows": 7,
                    "Actual Loops": 1,
                    "Inner Unique": false,
                    "Join Filter": "(t.kind_id = kt.id)",
                    "Rows Removed by Join Filter": 0,
                    "Plans": [
                      {
                        "Node Type": "Seq Scan",
                        "Parent Relationship": "Outer",
                        "Parallel Aware": false,
                        "Relation Name": "kind_type",
                        "Alias": "kt",
                        "Startup Cost": 0.0,
                        "Total Cost": 1.09,
                        "Plan Rows": 1,
                        "Plan Width": 14,
                        "Actual Startup Time": 0.008,
                        "Actual Total Time": 0.016,
                        "Actual Rows": 1,
                        "Actual Loops": 1,
                        "Filter": "((kind)::text = 'movie'::text)",
                        "Rows Removed by Filter": 6
                      },
                      {
                        "Node Type": "Gather",
                        "Parent Relationship": "Inner",
                        "Parallel Aware": false,
                        "Startup Cost": 426114.04,
                        "Total Cost": 433491.6,
                        "Plan Rows": 1,
                        "Plan Width": 37,
                        "Actual Startup Time": 3755.255,
                        "Actual Total Time": 3814.208,
                        "Actual Rows": 7,
                        "Actual Loops": 1,
                        "Workers Planned": 1,
                        "Workers Launched": 1,
                        "Single Copy": false,
                        "Plans": [
                          {
                            "Node Type": "Hash Join",
                            "Parent Relationship": "Outer",
                            "Parallel Aware": false,
                            "Join Type": "Inner",
                            "Startup Cost": 425114.04,
                            "Total Cost": 432491.5,
                            "Plan Rows": 1,
                            "Plan Width": 37,
                            "Actual Startup Time": 3746.771,
                            "Actual Total Time": 3762.779,
                            "Actual Rows": 4,
                            "Actual Loops": 2,
                            "Inner Unique": true,
                            "Hash Cond": "(mi.info_type_id = it1.id)",
                            "Plans": [
                              {
                                "Node Type": "Hash Join",
                                "Parent Relationship": "Outer",
                                "Parallel Aware": false,
                                "Join Type": "Inner",
                                "Startup Cost": 425111.62,
                                "Total Cost": 432489.01,
                                "Plan Rows": 24,
                                "Plan Width": 41,
                                "Actual Startup Time": 3746.329,
                                "Actual Total Time": 3762.333,
                                "Actual Rows": 4,
                                "Actual Loops": 2,
                                "Inner Unique": true,
                                "Hash Cond": "(cc.status_id = cct1.id)",
                                "Plans": [
                                  {
                                    "Node Type": "Hash Join",
                                    "Parent Relationship": "Outer",
                                    "Parallel Aware": true,
                                    "Join Type": "Inner",
                                    "Startup Cost": 425110.56,
                                    "Total Cost": 432487.44,
                                    "Plan Rows": 95,
                                    "Plan Width": 45,
                                    "Actual Startup Time": 3744.978,
                                    "Actual Total Time": 3762.239,
                                    "Actual Rows": 26,
                                    "Actual Loops": 2,
                                    "Inner Unique": false,
                                    "Hash Cond": "(cn.id = mc.company_id)",
                                    "Plans": [
                                      {
                                        "Node Type": "Seq Scan",
                                        "Parent Relationship": "Outer",
                                        "Parallel Aware": true,
                                        "Relation Name": "company_name",
                                        "Alias": "cn",
                                        "Startup Cost": 0.0,
                                        "Total Cost": 4722.92,
                                        "Plan Rows": 50548,
                                        "Plan Width": 4,
                                        "Actual Startup Time": 0.054,
                                        "Actual Total Time": 17.115,
                                        "Actual Rows": 42422,
                                        "Actual Loops": 2,
                                        "Filter": "((country_code)::text = '[us]'::text)",
                                        "Rows Removed by Filter": 75077
                                      },
                                      {
                                        "Node Type": "Hash",
                                        "Parent Relationship": "Inner",
                                        "Parallel Aware": true,
                                        "Startup Cost": 425109.46,
                                        "Total Cost": 425109.46,
                                        "Plan Rows": 88,
                                        "Plan Width": 49,
                                        "Actual Startup Time": 3742.032,
                                        "Actual Total Time": 3742.047,
                                        "Actual Rows": 28,
                                        "Actual Loops": 2,
                                        "Hash Buckets": 1024,
                                        "Original Hash Buckets": 1024,
                                        "Hash Batches": 1,
                                        "Original Hash Batches": 1,
                                        "Peak Memory Usage": 72,
                                        "Plans": [
                                          {
                                            "Node Type": "Hash Join",
                                            "Parent Relationship": "Outer",
                                            "Parallel Aware": true,
                                            "Join Type": "Inner",
                                            "Startup Cost": 211076.37,
                                            "Total Cost": 425109.46,
                                            "Plan Rows": 88,
                                            "Plan Width": 49,
                                            "Actual Startup Time": 3164.8,
                                            "Actual Total Time": 3741.478,
                                            "Actual Rows": 28,
                                            "Actual Loops": 2,
                                            "Inner Unique": false,
                                            "Hash Cond": "(mi.movie_id = t.id)",
                                            "Plans": [
                                              {
                                                "Node Type": "Seq Scan",
                                                "Parent Relationship": "Outer",
                                                "Parallel Aware": true,
                                                "Relation Name": "movie_info",
                                                "Alias": "mi",
                                                "Startup Cost": 0.0,
                                                "Total Cost": 214032.77,
                                                "Plan Rows": 72,
                                                "Plan Width": 8,
                                                "Actual Startup Time": 200.478,
                                                "Actual Total Time": 819.561,
                                                "Actual Rows": 892,
                                                "Actual Loops": 2,
                                                "Filter": "((info IS NOT NULL) AND (note ~~ '%internet%'::text) AND ((info ~~ 'USA:% 199%'::text) OR (info ~~ 'USA:% 200%'::text)))",
                                                "Rows Removed by Filter": 7416968
                                              },
                                              {
                                                "Node Type": "Hash",
                                                "Parent Relationship": "Inner",
                                                "Parallel Aware": true,
                                                "Startup Cost": 209073.57,
                                                "Total Cost": 209073.57,
                                                "Plan Rows": 160224,
                                                "Plan Width": 41,
                                                "Actual Startup Time": 2915.704,
                                                "Actual Total Time": 2915.714,
                                                "Actual Rows": 306200,
                                                "Actual Loops": 2,
                                                "Hash Buckets": 1048576,
                                                "Original Hash Buckets": 1048576,
                                                "Hash Batches": 1,
                                                "Original Hash Batches": 1,
                                                "Peak Memory Usage": 54400,
                                                "Plans": [
                                                  {
                                                    "Node Type": "Hash Join",
                                                    "Parent Relationship": "Outer",
                                                    "Parallel Aware": false,
                                                    "Join Type": "Inner",
                                                    "Startup Cost": 161323.27,
                                                    "Total Cost": 209073.57,
                                                    "Plan Rows": 160224,
                                                    "Plan Width": 41,
                                                    "Actual Startup Time": 2329.158,
                                                    "Actual Total Time": 2817.8,
                                                    "Actual Rows": 306200,
                                                    "Actual Loops": 2,
                                                    "Inner Unique": false,
                                                    "Hash Cond": "(t.id = mc.movie_id)",
                                                    "Plans": [
                                                      {
                                                        "Node Type": "Seq Scan",
                                                        "Parent Relationship": "Outer",
                                                        "Parallel Aware": true,
                                                        "Relation Name": "title",
                                                        "Alias": "t",
                                                        "Startup Cost": 0.0,
                                                        "Total Cost": 43899.59,
                                                        "Plan Rows": 599594,
                                                        "Plan Width": 25,
                                                        "Actual Startup Time": 0.041,
                                                        "Actual Total Time": 222.907,
                                                        "Actual Rows": 1194438,
                                                        "Actual Loops": 2,
                                                        "Filter": "(production_year < 2013)",
                                                        "Rows Removed by Filter": 69718
                                                      },
                                                      {
                                                        "Node Type": "Hash",
                                                        "Parent Relationship": "Inner",
                                                        "Parallel Aware": false,
                                                        "Startup Cost": 152877.42,
                                                        "Total Cost": 152877.42,
                                                        "Plan Rows": 675668,
                                                        "Plan Width": 16,
                                                        "Actual Startup Time": 2320.309,
                                                        "Actual Total Time": 2320.316,
                                                        "Actual Rows": 612638,
                                                        "Actual Loops": 2,
                                                        "Hash Buckets": 1048576,
                                                        "Original Hash Buckets": 1048576,
                                                        "Hash Batches": 1,
                                                        "Original Hash Batches": 1,
                                                        "Peak Memory Usage": 36910,
                                                        "Plans": [
                                                          {
                                                            "Node Type": "Hash Join",
                                                            "Parent Relationship": "Outer",
                                                            "Parallel Aware": false,
                                                            "Join Type": "Inner",
                                                            "Startup Cost": 142856.88,
                                                            "Total Cost": 152877.42,
                                                            "Plan Rows": 675668,
                                                            "Plan Width": 16,
                                                            "Actual Startup Time": 2081.329,
                                                            "Actual Total Time": 2217.569,
                                                            "Actual Rows": 612638,
                                                            "Actual Loops": 2,
                                                            "Inner Unique": false,
                                                            "Hash Cond": "(cc.movie_id = mc.movie_id)",
                                                            "Plans": [
                                                              {
                                                                "Node Type": "Seq Scan",
                                                                "Parent Relationship": "Outer",
                                                                "Parallel Aware": false,
                                                                "Relation Name": "complete_cast",
                                                                "Alias": "cc",
                                                                "Startup Cost": 0.0,
                                                                "Total Cost": 2081.86,
                                                                "Plan Rows": 135086,
                                                                "Plan Width": 8,
                                                                "Actual Startup Time": 0.058,
                                                                "Actual Total Time": 12.008,
                                                                "Actual Rows": 135086,
                                                                "Actual Loops": 2
                                                              },
                                                              {
                                                                "Node Type": "Hash",
                                                                "Parent Relationship": "Inner",
                                                                "Parallel Aware": false,
                                                                "Startup Cost": 110242.76,
                                                                "Total Cost": 110242.76,
                                                                "Plan Rows": 2609129,
                                                                "Plan Width": 8,
                                                                "Actual Startup Time": 2052.962,
                                                                "Actual Total Time": 2052.966,
                                                                "Actual Rows": 2609129,
                                                                "Actual Loops": 2,
                                                                "Hash Buckets": 4194304,
                                                                "Original Hash Buckets": 4194304,
                                                                "Hash Batches": 1,
                                                                "Original Hash Batches": 1,
                                                                "Peak Memory Usage": 134688,
                                                                "Plans": [
                                                                  {
                                                                    "Node Type": "Hash Join",
                                                                    "Parent Relationship": "Outer",
                                                                    "Parallel Aware": false,
                                                                    "Join Type": "Inner",
                                                                    "Startup Cost": 77495.4,
                                                                    "Total Cost": 110242.76,
                                                                    "Plan Rows": 2609129,
                                                                    "Plan Width": 8,
                                                                    "Actual Startup Time": 1046.664,
                                                                    "Actual Total Time": 1335.289,
                                                                    "Actual Rows": 2609129,
                                                                    "Actual Loops": 2,
                                                                    "Inner Unique": false,
                                                                    "Hash Cond": "(ct.id = mc.company_type_id)",
                                                                    "Plans": [
                                                                      {
                                                                        "Node Type": "Seq Scan",
                                                                        "Parent Relationship": "Outer",
                                                                        "Parallel Aware": false,
                                                                        "Relation Name": "company_type",
                                                                        "Alias": "ct",
                                                                        "Startup Cost": 0.0,
                                                                        "Total Cost": 1.04,
                                                                        "Plan Rows": 4,
                                                                        "Plan Width": 4,
                                                                        "Actual Startup Time": 0.03,
                                                                        "Actual Total Time": 0.039,
                                                                        "Actual Rows": 4,
                                                                        "Actual Loops": 2
                                                                      },
                                                                      {
                                                                        "Node Type": "Hash",
                                                                        "Parent Relationship": "Inner",
                                                                        "Parallel Aware": false,
                                                                        "Startup Cost": 44881.29,
                                                                        "Total Cost": 44881.29,
                                                                        "Plan Rows": 2609129,
                                                                        "Plan Width": 12,
                                                                        "Actual Startup Time": 1019.747,
                                                                        "Actual Total Time": 1019.748,
                                                                        "Actual Rows": 2609129,
                                                                        "Actual Loops": 2,
                                                                        "Hash Buckets": 4194304,
                                                                        "Original Hash Buckets": 4194304,
                                                                        "Hash Batches": 1,
                                                                        "Original Hash Batches": 1,
                                                                        "Peak Memory Usage": 144880,
                                                                        "Plans": [
                                                                          {
                                                                            "Node Type": "Seq Scan",
                                                                            "Parent Relationship": "Outer",
                                                                            "Parallel Aware": false,
                                                                            "Relation Name": "movie_companies",
                                                                            "Alias": "mc",
                                                                            "Startup Cost": 0.0,
                                                                            "Total Cost": 44881.29,
                                                                            "Plan Rows": 2609129,
                                                                            "Plan Width": 12,
                                                                            "Actual Startup Time": 0.032,
                                                                            "Actual Total Time": 474.808,
                                                                            "Actual Rows": 2609129,
                                                                            "Actual Loops": 2
                                                                          }
                                                                        ]
                                                                      }
                                                                    ]
                                                                  }
                                                                ]
                                                              }
                                                            ]
                                                          }
                                                        ]
                                                      }
                                                    ]
                                                  }
                                                ]
                                              }
                                            ]
                                          }
                                        ]
                                      }
                                    ]
                                  },
                                  {
                                    "Node Type": "Hash",
                                    "Parent Relationship": "Inner",
                                    "Parallel Aware": false,
                                    "Startup Cost": 1.05,
                                    "Total Cost": 1.05,
                                    "Plan Rows": 1,
                                    "Plan Width": 4,
                                    "Actual Startup Time": 0.052,
                                    "Actual Total Time": 0.053,
                                    "Actual Rows": 1,
                                    "Actual Loops": 2,
                                    "Hash Buckets": 1024,
                                    "Original Hash Buckets": 1024,
                                    "Hash Batches": 1,
                                    "Original Hash Batches": 1,
                                    "Peak Memory Usage": 9,
                                    "Plans": [
                                      {
                                        "Node Type": "Seq Scan",
                                        "Parent Relationship": "Outer",
                                        "Parallel Aware": false,
                                        "Relation Name": "comp_cast_type",
                                        "Alias": "cct1",
                                        "Startup Cost": 0.0,
                                        "Total Cost": 1.05,
                                        "Plan Rows": 1,
                                        "Plan Width": 4,
                                        "Actual Startup Time": 0.041,
                                        "Actual Total Time": 0.042,
                                        "Actual Rows": 1,
                                        "Actual Loops": 2,
                                        "Filter": "((kind)::text = 'complete+verified'::text)",
                                        "Rows Removed by Filter": 3
                                      }
                                    ]
                                  }
                                ]
                              },
                              {
                                "Node Type": "Hash",
                                "Parent Relationship": "Inner",
                                "Parallel Aware": false,
                                "Startup Cost": 2.41,
                                "Total Cost": 2.41,
                                "Plan Rows": 1,
                                "Plan Width": 4,
                                "Actual Startup Time": 0.072,
                                "Actual Total Time": 0.073,
                                "Actual Rows": 1,
                                "Actual Loops": 2,
                                "Hash Buckets": 1024,
                                "Original Hash Buckets": 1024,
                                "Hash Batches": 1,
                                "Original Hash Batches": 1,
                                "Peak Memory Usage": 9,
                                "Plans": [
                                  {
                                    "Node Type": "Seq Scan",
                                    "Parent Relationship": "Outer",
                                    "Parallel Aware": false,
                                    "Relation Name": "info_type",
                                    "Alias": "it1",
                                    "Startup Cost": 0.0,
                                    "Total Cost": 2.41,
                                    "Plan Rows": 1,
                                    "Plan Width": 4,
                                    "Actual Startup Time": 0.044,
                                    "Actual Total Time": 0.056,
                                    "Actual Rows": 1,
                                    "Actual Loops": 2,
                                    "Filter": "((info)::text = 'release dates'::text)",
                                    "Rows Removed by Filter": 112
                                  }
                                ]
                              }
                            ]
                          }
                        ]
                      }
                    ]
                  },
                  {
                    "Node Type": "Index Scan",
                    "Parent Relationship": "Inner",
                    "Parallel Aware": false,
                    "Scan Direction": "Forward",
                    "Index Name": "movie_id_movie_keyword",
                    "Relation Name": "movie_keyword",
                    "Alias": "mk",
                    "Startup Cost": 0.43,
                    "Total Cost": 1.31,
                    "Plan Rows": 46,
                    "Plan Width": 8,
                    "Actual Startup Time": 0.031,
                    "Actual Total Time": 0.042,
                    "Actual Rows": 90,
                    "Actual Loops": 7,
                    "Index Cond": "(movie_id = t.id)",
                    "Rows Removed by Index Recheck": 0
                  }
                ]
              }
            ]
          }
        ]
      }
    ]
  },
  "Planning Time": 45.487,
  "Triggers": [],
  "Execution Time": 10442.248
}