[
  {
    "Plan": {
      "Node Type": "Aggregate",
      "Strategy": "Plain",
      "Partial Mode": "Finalize",
      "Parallel Aware": false,
      "Startup Cost": 46678.02,
      "Total Cost": 46678.03,
      "Plan Rows": 1,
      "Plan Width": 8,
      "Actual Startup Time": 183.807,
      "Actual Total Time": 192.824,
      "Actual Rows": 1,
      "Actual Loops": 1,
      "Plans": [
        {
          "Node Type": "Gather",
          "Parent Relationship": "Outer",
          "Parallel Aware": false,
          "Startup Cost": 46677.7,
          "Total Cost": 46678.01,
          "Plan Rows": 3,
          "Plan Width": 8,
          "Actual Startup Time": 183.68,
          "Actual Total Time": 192.813,
          "Actual Rows": 4,
          "Actual Loops": 1,
          "Workers Planned": 3,
          "Workers Launched": 3,
          "Single Copy": false,
          "Plans": [
            {
              "Node Type": "Aggregate",
              "Strategy": "Plain",
              "Partial Mode": "Partial",
              "Parent Relationship": "Outer",
              "Parallel Aware": false,
              "Startup Cost": 45677.7,
              "Total Cost": 45677.71,
              "Plan Rows": 1,
              "Plan Width": 8,
              "Actual Startup Time": 179.565,
              "Actual Total Time": 179.566,
              "Actual Rows": 1,
              "Actual Loops": 4,
              "Plans": [
                {
                  "Node Type": "Seq Scan",
                  "Parent Relationship": "Outer",
                  "Parallel Aware": true,
                  "Relation Name": "movie_keyword",
                  "Alias": "mk",
                  "Startup Cost": 0.0,
                  "Total Cost": 42695.65,
                  "Plan Rows": 1192818,
                  "Plan Width": 0,
                  "Actual Startup Time": 0.031,
                  "Actual Total Time": 133.094,
                  "Actual Rows": 928100,
                  "Actual Loops": 4,
                  "Filter": "(keyword_id < 22646)",
                  "Rows Removed by Filter": 202882
                }
              ]
            }
          ]
        }
      ]
    },
    "Planning Time": 0.177,
    "Triggers": [],
    "Execution Time": 192.878
  }
]