[
  {
    "Plan": {
      "Node Type": "Aggregate",
      "Strategy": "Plain",
      "Partial Mode": "Finalize",
      "Parallel Aware": false,
      "Startup Cost": 67181.81,
      "Total Cost": 67181.82,
      "Plan Rows": 1,
      "Plan Width": 8,
      "Actual Startup Time": 112.416,
      "Actual Total Time": 130.865,
      "Actual Rows": 1,
      "Actual Loops": 1,
      "Plans": [
        {
          "Node Type": "Gather",
          "Parent Relationship": "Outer",
          "Parallel Aware": false,
          "Startup Cost": 67181.39,
          "Total Cost": 67181.8,
          "Plan Rows": 4,
          "Plan Width": 8,
          "Actual Startup Time": 112.214,
          "Actual Total Time": 130.85,
          "Actual Rows": 5,
          "Actual Loops": 1,
          "Workers Planned": 4,
          "Workers Launched": 4,
          "Single Copy": false,
          "Plans": [
            {
              "Node Type": "Aggregate",
              "Strategy": "Plain",
              "Partial Mode": "Partial",
              "Parent Relationship": "Outer",
              "Parallel Aware": false,
              "Startup Cost": 66181.39,
              "Total Cost": 66181.4,
              "Plan Rows": 1,
              "Plan Width": 8,
              "Actual Startup Time": 105.396,
              "Actual Total Time": 105.397,
              "Actual Rows": 1,
              "Actual Loops": 5,
              "Plans": [
                {
                  "Node Type": "Nested Loop",
                  "Parent Relationship": "Outer",
                  "Parallel Aware": false,
                  "Join Type": "Inner",
                  "Startup Cost": 0.56,
                  "Total Cost": 66179.53,
                  "Plan Rows": 744,
                  "Plan Width": 0,
                  "Actual Startup Time": 51.196,
                  "Actual Total Time": 105.163,
                  "Actual Rows": 2026,
                  "Actual Loops": 5,
                  "Inner Unique": false,
                  "Plans": [
                    {
                      "Node Type": "Seq Scan",
                      "Parent Relationship": "Outer",
                      "Parallel Aware": true,
                      "Relation Name": "title",
                      "Alias": "t",
                      "Startup Cost": 0.0,
                      "Total Cost": 45479.59,
                      "Plan Rows": 148,
                      "Plan Width": 4,
                      "Actual Startup Time": 50.993,
                      "Actual Total Time": 75.637,
                      "Actual Rows": 613,
                      "Actual Loops": 5,
                      "Filter": "((kind_id < 7) AND (production_year = 1922))",
                      "Rows Removed by Filter": 505049
                    },
                    {
                      "Node Type": "Index Scan",
                      "Parent Relationship": "Inner",
                      "Parallel Aware": false,
                      "Scan Direction": "Forward",
                      "Index Name": "movie_id_cast_info",
                      "Relation Name": "cast_info",
                      "Alias": "ci",
                      "Startup Cost": 0.56,
                      "Total Cost": 139.74,
                      "Plan Rows": 12,
                      "Plan Width": 4,
                      "Actual Startup Time": 0.016,
                      "Actual Total Time": 0.047,
                      "Actual Rows": 3,
                      "Actual Loops": 3065,
                      "Index Cond": "(movie_id = t.id)",
                      "Rows Removed by Index Recheck": 0,
                      "Filter": "(role_id = 1)",
                      "Rows Removed by Filter": 5
                    }
                  ]
                }
              ]
            }
          ]
        }
      ]
    },
    "Planning Time": 0.284,
    "Triggers": [],
    "Execution Time": 130.905
  }
]