{
  "Plan": {
    "Node Type": "Aggregate",
    "Strategy": "Plain",
    "Partial Mode": "Finalize",
    "Parallel Aware": false,
    "Startup Cost": 286281.88,
    "Total Cost": 286281.89,
    "Plan Rows": 1,
    "Plan Width": 8,
    "Actual Startup Time": 1185.062,
    "Actual Total Time": 1206.875,
    "Actual Rows": 1,
    "Actual Loops": 1,
    "Plans": [
      {
        "Node Type": "Gather",
        "Parent Relationship": "Outer",
        "Parallel Aware": false,
        "Startup Cost": 286281.77,
        "Total Cost": 286281.88,
        "Plan Rows": 1,
        "Plan Width": 8,
        "Actual Startup Time": 1179.276,
        "Actual Total Time": 1206.867,
        "Actual Rows": 2,
        "Actual Loops": 1,
        "Workers Planned": 1,
        "Workers Launched": 1,
        "Single Copy": false,
        "Plans": [
          {
            "Node Type": "Aggregate",
            "Strategy": "Plain",
            "Partial Mode": "Partial",
            "Parent Relationship": "Outer",
            "Parallel Aware": false,
            "Startup Cost": 285281.77,
            "Total Cost": 285281.78,
            "Plan Rows": 1,
            "Plan Width": 8,
            "Actual Startup Time": 1172.878,
            "Actual Total Time": 1172.884,
            "Actual Rows": 1,
            "Actual Loops": 2,
            "Plans": [
              {
                "Node Type": "Hash Join",
                "Parent Relationship": "Outer",
                "Parallel Aware": true,
                "Join Type": "Inner",
                "Startup Cost": 243811.29,
                "Total Cost": 284811.37,
                "Plan Rows": 188161,
                "Plan Width": 0,
                "Actual Startup Time": 625.431,
                "Actual Total Time": 1046.57,
                "Actual Rows": 3214598,
                "Actual Loops": 2,
                "Inner Unique": false,
                "Hash Cond": "(mc.movie_id = t.id)",
                "Plans": [
                  {
                    "Node Type": "Seq Scan",
                    "Parent Relationship": "Outer",
                    "Parallel Aware": true,
                    "Relation Name": "movie_companies",
                    "Alias": "mc",
                    "Startup Cost": 0.0,
                    "Total Cost": 34137.82,
                    "Plan Rows": 1534782,
                    "Plan Width": 4,
                    "Actual Startup Time": 0.019,
                    "Actual Total Time": 95.208,
                    "Actual Rows": 1304564,
                    "Actual Loops": 2
                  },
                  {
                    "Node Type": "Hash",
                    "Parent Relationship": "Inner",
                    "Parallel Aware": true,
                    "Startup Cost": 241532.14,
                    "Total Cost": 241532.14,
                    "Plan Rows": 182332,
                    "Plan Width": 8,
                    "Actual Startup Time": 617.872,
                    "Actual Total Time": 617.876,
                    "Actual Rows": 153394,
                    "Actual Loops": 2,
                    "Hash Buckets": 524288,
                    "Original Hash Buckets": 524288,
                    "Hash Batches": 1,
                    "Original Hash Batches": 1,
                    "Peak Memory Usage": 16128,
                    "Plans": [
                      {
                        "Node Type": "Hash Join",
                        "Parent Relationship": "Outer",
                        "Parallel Aware": true,
                        "Join Type": "Inner",
                        "Startup Cost": 75079.36,
                        "Total Cost": 241532.14,
                        "Plan Rows": 182332,
                        "Plan Width": 8,
                        "Actual Startup Time": 541.069,
                        "Actual Total Time": 590.429,
                        "Actual Rows": 153394,
                        "Actual Loops": 2,
                        "Inner Unique": true,
                        "Hash Cond": "(mi.movie_id = t.id)",
                        "Plans": [
                          {
                            "Node Type": "Bitmap Heap Scan",
                            "Parent Relationship": "Outer",
                            "Parallel Aware": true,
                            "Relation Name": "movie_info",
                            "Alias": "mi",
                            "Startup Cost": 5618.66,
                            "Total Cost": 171592.82,
                            "Plan Rows": 182332,
                            "Plan Width": 4,
                            "Actual Startup Time": 9.596,
                            "Actual Total Time": 28.984,
                            "Actual Rows": 153394,
                            "Actual Loops": 2,
                            "Recheck Cond": "(info_type_id > 105)",
                            "Rows Removed by Index Recheck": 0,
                            "Exact Heap Blocks": 2798,
                            "Lossy Heap Blocks": 0,
                            "Plans": [
                              {
                                "Node Type": "Bitmap Index Scan",
                                "Parent Relationship": "Outer",
                                "Parallel Aware": false,
                                "Index Name": "info_type_id_movie_info",
                                "Startup Cost": 0.0,
                                "Total Cost": 5541.16,
                                "Plan Rows": 309964,
                                "Plan Width": 0,
                                "Actual Startup Time": 8.878,
                                "Actual Total Time": 8.878,
                                "Actual Rows": 306788,
                                "Actual Loops": 1,
                                "Index Cond": "(info_type_id > 105)"
                              }
                            ]
                          },
                          {
                            "Node Type": "Hash",
                            "Parent Relationship": "Inner",
                            "Parallel Aware": true,
                            "Startup Cost": 50870.31,
                            "Total Cost": 50870.31,
                            "Plan Rows": 1487231,
                            "Plan Width": 4,
                            "Actual Startup Time": 510.288,
                            "Actual Total Time": 510.288,
                            "Actual Rows": 1264156,
                            "Actual Loops": 2,
                            "Hash Buckets": 4194304,
                            "Original Hash Buckets": 4194304,
                            "Hash Batches": 1,
                            "Original Hash Batches": 1,
                            "Peak Memory Usage": 131712,
                            "Plans": [
                              {
                                "Node Type": "Seq Scan",
                                "Parent Relationship": "Outer",
                                "Parallel Aware": true,
                                "Relation Name": "title",
                                "Alias": "t",
                                "Startup Cost": 0.0,
                                "Total Cost": 50870.31,
                                "Plan Rows": 1487231,
                                "Plan Width": 4,
                                "Actual Startup Time": 0.033,
                                "Actual Total Time": 152.661,
                                "Actual Rows": 1264156,
                                "Actual Loops": 2
                              }
                            ]
                          }
                        ]
                      }
                    ]
                  }
                ]
              }
            ]
          }
        ]
      }
    ]
  },
  "Planning Time": 0.864,
  "Triggers": [],
  "Execution Time": 1206.973
}