[
  {
    "Plan": {
      "Node Type": "Aggregate",
      "Strategy": "Plain",
      "Partial Mode": "Finalize",
      "Parallel Aware": false,
      "Startup Cost": 25620.89,
      "Total Cost": 25620.9,
      "Plan Rows": 1,
      "Plan Width": 8,
      "Actual Startup Time": 20.257,
      "Actual Total Time": 23.34,
      "Actual Rows": 1,
      "Actual Loops": 1,
      "Plans": [
        {
          "Node Type": "Gather",
          "Parent Relationship": "Outer",
          "Parallel Aware": false,
          "Startup Cost": 25620.68,
          "Total Cost": 25620.89,
          "Plan Rows": 2,
          "Plan Width": 8,
          "Actual Startup Time": 19.908,
          "Actual Total Time": 23.334,
          "Actual Rows": 3,
          "Actual Loops": 1,
          "Workers Planned": 2,
          "Workers Launched": 2,
          "Single Copy": false,
          "Plans": [
            {
              "Node Type": "Aggregate",
              "Strategy": "Plain",
              "Partial Mode": "Partial",
              "Parent Relationship": "Outer",
              "Parallel Aware": false,
              "Startup Cost": 24620.68,
              "Total Cost": 24620.69,
              "Plan Rows": 1,
              "Plan Width": 8,
              "Actual Startup Time": 14.355,
              "Actual Total Time": 14.356,
              "Actual Rows": 1,
              "Actual Loops": 3,
              "Plans": [
                {
                  "Node Type": "Nested Loop",
                  "Parent Relationship": "Outer",
                  "Parallel Aware": false,
                  "Join Type": "Inner",
                  "Startup Cost": 99.91,
                  "Total Cost": 24615.97,
                  "Plan Rows": 1884,
                  "Plan Width": 0,
                  "Actual Startup Time": 0.746,
                  "Actual Total Time": 14.174,
                  "Actual Rows": 1428,
                  "Actual Loops": 3,
                  "Inner Unique": true,
                  "Plans": [
                    {
                      "Node Type": "Bitmap Heap Scan",
                      "Parent Relationship": "Outer",
                      "Parallel Aware": true,
                      "Relation Name": "movie_companies",
                      "Alias": "mc",
                      "Startup Cost": 99.48,
                      "Total Cost": 10657.37,
                      "Plan Rows": 1884,
                      "Plan Width": 4,
                      "Actual Startup Time": 0.593,
                      "Actual Total Time": 3.934,
                      "Actual Rows": 1428,
                      "Actual Loops": 3,
                      "Recheck Cond": "(company_id = 258)",
                      "Rows Removed by Index Recheck": 0,
                      "Exact Heap Blocks": 1642,
                      "Lossy Heap Blocks": 0,
                      "Plans": [
                        {
                          "Node Type": "Bitmap Index Scan",
                          "Parent Relationship": "Outer",
                          "Parallel Aware": false,
                          "Index Name": "company_id_movie_companies",
                          "Startup Cost": 0.0,
                          "Total Cost": 98.34,
                          "Plan Rows": 4522,
                          "Plan Width": 0,
                          "Actual Startup Time": 1.172,
                          "Actual Total Time": 1.173,
                          "Actual Rows": 4285,
                          "Actual Loops": 1,
                          "Index Cond": "(company_id = 258)"
                        }
                      ]
                    },
                    {
                      "Node Type": "Index Only Scan",
                      "Parent Relationship": "Inner",
                      "Parallel Aware": false,
                      "Scan Direction": "Forward",
                      "Index Name": "title_pkey",
                      "Relation Name": "title",
                      "Alias": "t",
                      "Startup Cost": 0.43,
                      "Total Cost": 7.41,
                      "Plan Rows": 1,
                      "Plan Width": 4,
                      "Actual Startup Time": 0.007,
                      "Actual Total Time": 0.007,
                      "Actual Rows": 1,
                      "Actual Loops": 4285,
                      "Index Cond": "(id = mc.movie_id)",
                      "Rows Removed by Index Recheck": 0,
                      "Heap Fetches": 4285
                    }
                  ]
                }
              ]
            }
          ]
        }
      ]
    },
    "Planning Time": 0.315,
    "Triggers": [],
    "Execution Time": 23.385
  }
]