[
  {
    "Plan": {
      "Node Type": "Aggregate",
      "Strategy": "Plain",
      "Partial Mode": "Finalize",
      "Parallel Aware": false,
      "Startup Cost": 33097.95,
      "Total Cost": 33097.96,
      "Plan Rows": 1,
      "Plan Width": 8,
      "Actual Startup Time": 79.314,
      "Actual Total Time": 87.598,
      "Actual Rows": 1,
      "Actual Loops": 1,
      "Plans": [
        {
          "Node Type": "Gather",
          "Parent Relationship": "Outer",
          "Parallel Aware": false,
          "Startup Cost": 33097.63,
          "Total Cost": 33097.94,
          "Plan Rows": 3,
          "Plan Width": 8,
          "Actual Startup Time": 79.192,
          "Actual Total Time": 87.588,
          "Actual Rows": 4,
          "Actual Loops": 1,
          "Workers Planned": 3,
          "Workers Launched": 3,
          "Single Copy": false,
          "Plans": [
            {
              "Node Type": "Aggregate",
              "Strategy": "Plain",
              "Partial Mode": "Partial",
              "Parent Relationship": "Outer",
              "Parallel Aware": false,
              "Startup Cost": 32097.63,
              "Total Cost": 32097.64,
              "Plan Rows": 1,
              "Plan Width": 8,
              "Actual Startup Time": 75.594,
              "Actual Total Time": 75.595,
              "Actual Rows": 1,
              "Actual Loops": 4,
              "Plans": [
                {
                  "Node Type": "Seq Scan",
                  "Parent Relationship": "Outer",
                  "Parallel Aware": true,
                  "Relation Name": "movie_companies",
                  "Alias": "mc",
                  "Startup Cost": 0.0,
                  "Total Cost": 31414.82,
                  "Plan Rows": 273125,
                  "Plan Width": 0,
                  "Actual Startup Time": 35.729,
                  "Actual Total Time": 69.394,
                  "Actual Rows": 134394,
                  "Actual Loops": 4,
                  "Filter": "((company_id < 18826) AND (company_type_id > 1))",
                  "Rows Removed by Filter": 517888
                }
              ]
            }
          ]
        }
      ]
    },
    "Planning Time": 0.222,
    "Triggers": [],
    "Execution Time": 87.654
  }
]