{
  "Plan": {
    "Node Type": "Aggregate",
    "Strategy": "Plain",
    "Partial Mode": "Finalize",
    "Parallel Aware": false,
    "Startup Cost": 352964.02,
    "Total Cost": 352964.03,
    "Plan Rows": 1,
    "Plan Width": 8,
    "Actual Startup Time": 1788.748,
    "Actual Total Time": 1816.805,
    "Actual Rows": 1,
    "Actual Loops": 1,
    "Plans": [
      {
        "Node Type": "Gather",
        "Parent Relationship": "Outer",
        "Parallel Aware": false,
        "Startup Cost": 352963.91,
        "Total Cost": 352964.02,
        "Plan Rows": 1,
        "Plan Width": 8,
        "Actual Startup Time": 1780.401,
        "Actual Total Time": 1816.796,
        "Actual Rows": 2,
        "Actual Loops": 1,
        "Workers Planned": 1,
        "Workers Launched": 1,
        "Single Copy": false,
        "Plans": [
          {
            "Node Type": "Aggregate",
            "Strategy": "Plain",
            "Partial Mode": "Partial",
            "Parent Relationship": "Outer",
            "Parallel Aware": false,
            "Startup Cost": 351963.91,
            "Total Cost": 351963.92,
            "Plan Rows": 1,
            "Plan Width": 8,
            "Actual Startup Time": 1774.756,
            "Actual Total Time": 1774.762,
            "Actual Rows": 1,
            "Actual Loops": 2,
            "Plans": [
              {
                "Node Type": "Hash Join",
                "Parent Relationship": "Outer",
                "Parallel Aware": true,
                "Join Type": "Inner",
                "Startup Cost": 156489.97,
                "Total Cost": 350663.77,
                "Plan Rows": 520055,
                "Plan Width": 0,
                "Actual Startup Time": 815.358,
                "Actual Total Time": 1686.001,
                "Actual Rows": 2171316,
                "Actual Loops": 2,
                "Inner Unique": false,
                "Hash Cond": "(t.id = mc.movie_id)",
                "Plans": [
                  {
                    "Node Type": "Hash Join",
                    "Parent Relationship": "Outer",
                    "Parallel Aware": true,
                    "Join Type": "Inner",
                    "Startup Cost": 111418.96,
                    "Total Cost": 294018.52,
                    "Plan Rows": 1362416,
                    "Plan Width": 8,
                    "Actual Startup Time": 576.924,
                    "Actual Total Time": 1060.768,
                    "Actual Rows": 1116925,
                    "Actual Loops": 2,
                    "Inner Unique": true,
                    "Hash Cond": "(mi.movie_id = t.id)",
                    "Plans": [
                      {
                        "Node Type": "Bitmap Heap Scan",
                        "Parent Relationship": "Outer",
                        "Parallel Aware": true,
                        "Relation Name": "movie_info",
                        "Alias": "mi",
                        "Startup Cost": 41958.26,
                        "Total Cost": 220981.46,
                        "Plan Rows": 1362416,
                        "Plan Width": 4,
                        "Actual Startup Time": 76.78,
                        "Actual Total Time": 231.809,
                        "Actual Rows": 1116925,
                        "Actual Loops": 2,
                        "Recheck Cond": "(info_type_id > 16)",
                        "Rows Removed by Index Recheck": 0,
                        "Exact Heap Blocks": 26463,
                        "Lossy Heap Blocks": 0,
                        "Plans": [
                          {
                            "Node Type": "Bitmap Index Scan",
                            "Parent Relationship": "Outer",
                            "Parallel Aware": false,
                            "Index Name": "info_type_id_movie_info",
                            "Startup Cost": 0.0,
                            "Total Cost": 41379.24,
                            "Plan Rows": 2316107,
                            "Plan Width": 0,
                            "Actual Startup Time": 68.648,
                            "Actual Total Time": 68.649,
                            "Actual Rows": 2233850,
                            "Actual Loops": 1,
                            "Index Cond": "(info_type_id > 16)"
                          }
                        ]
                      },
                      {
                        "Node Type": "Hash",
                        "Parent Relationship": "Inner",
                        "Parallel Aware": true,
                        "Startup Cost": 50870.31,
                        "Total Cost": 50870.31,
                        "Plan Rows": 1487231,
                        "Plan Width": 4,
                        "Actual Startup Time": 488.15,
                        "Actual Total Time": 488.151,
                        "Actual Rows": 1264156,
                        "Actual Loops": 2,
                        "Hash Buckets": 4194304,
                        "Original Hash Buckets": 4194304,
                        "Hash Batches": 1,
                        "Original Hash Batches": 1,
                        "Peak Memory Usage": 131712,
                        "Plans": [
                          {
                            "Node Type": "Seq Scan",
                            "Parent Relationship": "Outer",
                            "Parallel Aware": true,
                            "Relation Name": "title",
                            "Alias": "t",
                            "Startup Cost": 0.0,
                            "Total Cost": 50870.31,
                            "Plan Rows": 1487231,
                            "Plan Width": 4,
                            "Actual Startup Time": 0.016,
                            "Actual Total Time": 148.565,
                            "Actual Rows": 1264156,
                            "Actual Loops": 2
                          }
                        ]
                      }
                    ]
                  },
                  {
                    "Node Type": "Hash",
                    "Parent Relationship": "Inner",
                    "Parallel Aware": true,
                    "Startup Cost": 37974.77,
                    "Total Cost": 37974.77,
                    "Plan Rows": 567699,
                    "Plan Width": 4,
                    "Actual Startup Time": 229.187,
                    "Actual Total Time": 229.188,
                    "Actual Rows": 488390,
                    "Actual Loops": 2,
                    "Hash Buckets": 1048576,
                    "Original Hash Buckets": 1048576,
                    "Hash Batches": 1,
                    "Original Hash Batches": 1,
                    "Peak Memory Usage": 46432,
                    "Plans": [
                      {
                        "Node Type": "Seq Scan",
                        "Parent Relationship": "Outer",
                        "Parallel Aware": true,
                        "Relation Name": "movie_companies",
                        "Alias": "mc",
                        "Startup Cost": 0.0,
                        "Total Cost": 37974.77,
                        "Plan Rows": 567699,
                        "Plan Width": 4,
                        "Actual Startup Time": 30.229,
                        "Actual Total Time": 131.584,
                        "Actual Rows": 488390,
                        "Actual Loops": 2,
                        "Filter": "(company_id > 17460)",
                        "Rows Removed by Filter": 816175
                      }
                    ]
                  }
                ]
              }
            ]
          }
        ]
      }
    ]
  },
  "Planning Time": 1.153,
  "Triggers": [],
  "Execution Time": 1816.909
}