[
    {
        "Bao": {
            "Bao prediction": "NaN",
            "Bao recommended hint": "(no hint)"
        }
    },
    {
        "Plan": {
            "Node Type": "Aggregate",
            "Strategy": "Plain",
            "Partial Mode": "Finalize",
            "Parallel Aware": false,
            "Startup Cost": 42808.56,
            "Total Cost": 42808.57,
            "Plan Rows": 1,
            "Plan Width": 8,
            "Actual Startup Time": 157.894,
            "Actual Total Time": 164.083,
            "Actual Rows": 1,
            "Actual Loops": 1,
            "Output": [
                "count(*)"
            ],
            "Plans": [
                {
                    "Node Type": "Gather",
                    "Parent Relationship": "Outer",
                    "Parallel Aware": false,
                    "Startup Cost": 42808.24,
                    "Total Cost": 42808.55,
                    "Plan Rows": 3,
                    "Plan Width": 8,
                    "Actual Startup Time": 157.568,
                    "Actual Total Time": 164.073,
                    "Actual Rows": 4,
                    "Actual Loops": 1,
                    "Output": [
                        "(PARTIAL count(*))"
                    ],
                    "Workers Planned": 3,
                    "Workers Launched": 3,
                    "Single Copy": false,
                    "Plans": [
                        {
                            "Node Type": "Aggregate",
                            "Strategy": "Plain",
                            "Partial Mode": "Partial",
                            "Parent Relationship": "Outer",
                            "Parallel Aware": false,
                            "Startup Cost": 41808.24,
                            "Total Cost": 41808.25,
                            "Plan Rows": 1,
                            "Plan Width": 8,
                            "Actual Startup Time": 148.296,
                            "Actual Total Time": 148.297,
                            "Actual Rows": 1,
                            "Actual Loops": 4,
                            "Output": [
                                "PARTIAL count(*)"
                            ],
                            "Workers": [
                                {
                                    "Worker Number": 0,
                                    "Actual Startup Time": 144.593,
                                    "Actual Total Time": 144.594,
                                    "Actual Rows": 1,
                                    "Actual Loops": 1
                                },
                                {
                                    "Worker Number": 1,
                                    "Actual Startup Time": 145.667,
                                    "Actual Total Time": 145.669,
                                    "Actual Rows": 1,
                                    "Actual Loops": 1
                                },
                                {
                                    "Worker Number": 2,
                                    "Actual Startup Time": 146.017,
                                    "Actual Total Time": 146.019,
                                    "Actual Rows": 1,
                                    "Actual Loops": 1
                                }
                            ],
                            "Plans": [
                                {
                                    "Node Type": "Bitmap Heap Scan",
                                    "Parent Relationship": "Outer",
                                    "Parallel Aware": true,
                                    "Relation Name": "movie_keyword",
                                    "Schema": "public",
                                    "Alias": "mk",
                                    "Startup Cost": 14130.99,
                                    "Total Cost": 41271.03,
                                    "Plan Rows": 214883,
                                    "Plan Width": 0,
                                    "Actual Startup Time": 57.328,
                                    "Actual Total Time": 138.548,
                                    "Actual Rows": 163647,
                                    "Actual Loops": 4,
                                    "Recheck Cond": "(mk.keyword_id > 28731)",
                                    "Rows Removed by Index Recheck": 0,
                                    "Exact Heap Blocks": 10564,
                                    "Lossy Heap Blocks": 0,
                                    "Workers": [
                                        {
                                            "Worker Number": 0,
                                            "Actual Startup Time": 53.652,
                                            "Actual Total Time": 135.416,
                                            "Actual Rows": 152293,
                                            "Actual Loops": 1
                                        },
                                        {
                                            "Worker Number": 1,
                                            "Actual Startup Time": 55.02,
                                            "Actual Total Time": 137.051,
                                            "Actual Rows": 98526,
                                            "Actual Loops": 1
                                        },
                                        {
                                            "Worker Number": 2,
                                            "Actual Startup Time": 55.109,
                                            "Actual Total Time": 136.746,
                                            "Actual Rows": 108974,
                                            "Actual Loops": 1
                                        }
                                    ],
                                    "Plans": [
                                        {
                                            "Node Type": "Bitmap Index Scan",
                                            "Parent Relationship": "Outer",
                                            "Parallel Aware": false,
                                            "Index Name": "keyword_id_movie_keyword",
                                            "Startup Cost": 0.0,
                                            "Total Cost": 13964.46,
                                            "Plan Rows": 666137,
                                            "Plan Width": 0,
                                            "Actual Startup Time": 62.124,
                                            "Actual Total Time": 62.124,
                                            "Actual Rows": 654589,
                                            "Actual Loops": 1,
                                            "Index Cond": "(mk.keyword_id > 28731)"
                                        }
                                    ]
                                }
                            ]
                        }
                    ]
                }
            ]
        },
        "Planning Time": 213.635,
        "Triggers": [],
        "Execution Time": 164.195
    }
]