[
  {
    "Plan": {
      "Node Type": "Aggregate",
      "Strategy": "Plain",
      "Partial Mode": "Finalize",
      "Parallel Aware": false,
      "Startup Cost": 46540.08,
      "Total Cost": 46540.09,
      "Plan Rows": 1,
      "Plan Width": 8,
      "Actual Startup Time": 89.53,
      "Actual Total Time": 101.402,
      "Actual Rows": 1,
      "Actual Loops": 1,
      "Plans": [
        {
          "Node Type": "Gather",
          "Parent Relationship": "Outer",
          "Parallel Aware": false,
          "Startup Cost": 46539.66,
          "Total Cost": 46540.07,
          "Plan Rows": 4,
          "Plan Width": 8,
          "Actual Startup Time": 89.367,
          "Actual Total Time": 101.392,
          "Actual Rows": 5,
          "Actual Loops": 1,
          "Workers Planned": 4,
          "Workers Launched": 4,
          "Single Copy": false,
          "Plans": [
            {
              "Node Type": "Aggregate",
              "Strategy": "Plain",
              "Partial Mode": "Partial",
              "Parent Relationship": "Outer",
              "Parallel Aware": false,
              "Startup Cost": 45539.66,
              "Total Cost": 45539.67,
              "Plan Rows": 1,
              "Plan Width": 8,
              "Actual Startup Time": 82.925,
              "Actual Total Time": 82.926,
              "Actual Rows": 1,
              "Actual Loops": 5,
              "Plans": [
                {
                  "Node Type": "Seq Scan",
                  "Parent Relationship": "Outer",
                  "Parallel Aware": true,
                  "Relation Name": "title",
                  "Alias": "t",
                  "Startup Cost": 0.0,
                  "Total Cost": 45479.1,
                  "Plan Rows": 24224,
                  "Plan Width": 0,
                  "Actual Startup Time": 1.105,
                  "Actual Total Time": 82.858,
                  "Actual Rows": 394,
                  "Actual Loops": 5,
                  "Filter": "((production_year < 1950) AND (kind_id = 7))",
                  "Rows Removed by Filter": 505268
                }
              ]
            }
          ]
        }
      ]
    },
    "Planning Time": 0.201,
    "Triggers": [],
    "Execution Time": 101.462
  }
]