[
  {
    "Plan": {
      "Node Type": "Aggregate",
      "Strategy": "Plain",
      "Partial Mode": "Finalize",
      "Parallel Aware": false,
      "Startup Cost": 336243.39,
      "Total Cost": 336243.4,
      "Plan Rows": 1,
      "Plan Width": 8,
      "Actual Startup Time": 792.208,
      "Actual Total Time": 882.21,
      "Actual Rows": 1,
      "Actual Loops": 1,
      "Plans": [
        {
          "Node Type": "Gather",
          "Parent Relationship": "Outer",
          "Parallel Aware": false,
          "Startup Cost": 336242.76,
          "Total Cost": 336243.37,
          "Plan Rows": 6,
          "Plan Width": 8,
          "Actual Startup Time": 792.027,
          "Actual Total Time": 882.197,
          "Actual Rows": 7,
          "Actual Loops": 1,
          "Workers Planned": 6,
          "Workers Launched": 6,
          "Single Copy": false,
          "Plans": [
            {
              "Node Type": "Aggregate",
              "Strategy": "Plain",
              "Partial Mode": "Partial",
              "Parent Relationship": "Outer",
              "Parallel Aware": false,
              "Startup Cost": 335242.76,
              "Total Cost": 335242.77,
              "Plan Rows": 1,
              "Plan Width": 8,
              "Actual Startup Time": 784.866,
              "Actual Total Time": 784.868,
              "Actual Rows": 1,
              "Actual Loops": 7,
              "Plans": [
                {
                  "Node Type": "Seq Scan",
                  "Parent Relationship": "Outer",
                  "Parallel Aware": true,
                  "Relation Name": "cast_info",
                  "Alias": "ci",
                  "Startup Cost": 0.0,
                  "Total Cost": 328211.39,
                  "Plan Rows": 2812548,
                  "Plan Width": 0,
                  "Actual Startup Time": 226.075,
                  "Actual Total Time": 665.065,
                  "Actual Rows": 2380332,
                  "Actual Loops": 7,
                  "Filter": "(person_id > 1961914)",
                  "Rows Removed by Filter": 2797432
                }
              ]
            }
          ]
        }
      ]
    },
    "Planning Time": 0.094,
    "Triggers": [],
    "Execution Time": 882.268
  }
]