{
  "Plan": {
    "Node Type": "Aggregate",
    "Strategy": "Plain",
    "Partial Mode": "Finalize",
    "Parallel Aware": false,
    "Startup Cost": 464053.59,
    "Total Cost": 464053.6,
    "Plan Rows": 1,
    "Plan Width": 64,
    "Actual Startup Time": 2577.797,
    "Actual Total Time": 2670.708,
    "Actual Rows": 1,
    "Actual Loops": 1,
    "Plans": [
      {
        "Node Type": "Gather",
        "Parent Relationship": "Outer",
        "Parallel Aware": false,
        "Startup Cost": 464053.48,
        "Total Cost": 464053.59,
        "Plan Rows": 1,
        "Plan Width": 64,
        "Actual Startup Time": 2249.221,
        "Actual Total Time": 2670.68,
        "Actual Rows": 2,
        "Actual Loops": 1,
        "Workers Planned": 1,
        "Workers Launched": 1,
        "Single Copy": false,
        "Plans": [
          {
            "Node Type": "Aggregate",
            "Strategy": "Plain",
            "Partial Mode": "Partial",
            "Parent Relationship": "Outer",
            "Parallel Aware": false,
            "Startup Cost": 463053.48,
            "Total Cost": 463053.49,
            "Plan Rows": 1,
            "Plan Width": 64,
            "Actual Startup Time": 2401.193,
            "Actual Total Time": 2401.209,
            "Actual Rows": 1,
            "Actual Loops": 2,
            "Plans": [
              {
                "Node Type": "Nested Loop",
                "Parent Relationship": "Outer",
                "Parallel Aware": false,
                "Join Type": "Inner",
                "Startup Cost": 461940.54,
                "Total Cost": 463044.1,
                "Plan Rows": 1876,
                "Plan Width": 33,
                "Actual Startup Time": 2389.712,
                "Actual Total Time": 2400.838,
                "Actual Rows": 2887,
                "Actual Loops": 2,
                "Inner Unique": true,
                "Plans": [
                  {
                    "Node Type": "Merge Join",
                    "Parent Relationship": "Outer",
                    "Parallel Aware": false,
                    "Join Type": "Inner",
                    "Startup Cost": 461940.11,
                    "Total Cost": 462071.48,
                    "Plan Rows": 1876,
                    "Plan Width": 21,
                    "Actual Startup Time": 2389.666,
                    "Actual Total Time": 2390.659,
                    "Actual Rows": 3016,
                    "Actual Loops": 2,
                    "Inner Unique": true,
                    "Merge Cond": "(ci.role_id = rt.id)",
                    "Plans": [
                      {
                        "Node Type": "Sort",
                        "Parent Relationship": "Outer",
                        "Parallel Aware": false,
                        "Startup Cost": 461938.95,
                        "Total Cost": 461995.24,
                        "Plan Rows": 22519,
                        "Plan Width": 25,
                        "Actual Startup Time": 2388.579,
                        "Actual Total Time": 2389.667,
                        "Actual Rows": 8829,
                        "Actual Loops": 2,
                        "Sort Key": [
                          "ci.role_id"
                        ],
                        "Sort Method": "quicksort",
                        "Sort Space Used": 4701,
                        "Sort Space Type": "Memory",
                        "Workers": [
                          {
                            "Worker Number": 0,
                            "Sort Method": "quicksort",
                            "Sort Space Used": 2549,
                            "Sort Space Type": "Memory"
                          }
                        ],
                        "Plans": [
                          {
                            "Node Type": "Nested Loop",
                            "Parent Relationship": "Outer",
                            "Parallel Aware": false,
                            "Join Type": "Inner",
                            "Startup Cost": 418843.6,
                            "Total Cost": 460310.95,
                            "Plan Rows": 22519,
                            "Plan Width": 25,
                            "Actual Startup Time": 1698.404,
                            "Actual Total Time": 2378.199,
                            "Actual Rows": 36400,
                            "Actual Loops": 2,
                            "Inner Unique": false,
                            "Join Filter": "(t.id = ci.movie_id)",
                            "Rows Removed by Join Filter": 0,
                            "Plans": [
                              {
                                "Node Type": "Merge Join",
                                "Parent Relationship": "Outer",
                                "Parallel Aware": false,
                                "Join Type": "Inner",
                                "Startup Cost": 418843.03,
                                "Total Cost": 420739.03,
                                "Plan Rows": 21169,
                                "Plan Width": 25,
                                "Actual Startup Time": 1698.256,
                                "Actual Total Time": 1756.846,
                                "Actual Rows": 15212,
                                "Actual Loops": 2,
                                "Inner Unique": true,
                                "Merge Cond": "(mc.company_id = cn.id)",
                                "Plans": [
                                  {
                                    "Node Type": "Sort",
                                    "Parent Relationship": "Outer",
                                    "Parallel Aware": false,
                                    "Startup Cost": 411833.46,
                                    "Total Cost": 412636.96,
                                    "Plan Rows": 321400,
                                    "Plan Width": 29,
                                    "Actual Startup Time": 1665.497,
                                    "Actual Total Time": 1701.294,
                                    "Actual Rows": 204612,
                                    "Actual Loops": 2,
                                    "Sort Key": [
                                      "mc.company_id"
                                    ],
                                    "Sort Method": "quicksort",
                                    "Sort Space Used": 35089,
                                    "Sort Space Type": "Memory",
                                    "Workers": [
                                      {
                                        "Worker Number": 0,
                                        "Sort Method": "quicksort",
                                        "Sort Space Used": 17794,
                                        "Sort Space Type": "Memory"
                                      }
                                    ],
                                    "Plans": [
                                      {
                                        "Node Type": "Merge Join",
                                        "Parent Relationship": "Outer",
                                        "Parallel Aware": false,
                                        "Join Type": "Inner",
                                        "Startup Cost": 368902.43,
                                        "Total Cost": 382434.99,
                                        "Plan Rows": 321400,
                                        "Plan Width": 29,
                                        "Actual Startup Time": 1301.957,
                                        "Actual Total Time": 1600.084,
                                        "Actual Rows": 204626,
                                        "Actual Loops": 2,
                                        "Inner Unique": true,
                                        "Merge Cond": "(mc.movie_id = t.id)",
                                        "Plans": [
                                          {
                                            "Node Type": "Sort",
                                            "Parent Relationship": "Outer",
                                            "Parallel Aware": false,
                                            "Startup Cost": 250968.57,
                                            "Total Cost": 254805.52,
                                            "Plan Rows": 1534782,
                                            "Plan Width": 8,
                                            "Actual Startup Time": 765.474,
                                            "Actual Total Time": 825.3,
                                            "Actual Rows": 1304564,
                                            "Actual Loops": 2,
                                            "Sort Key": [
                                              "mc.movie_id"
                                            ],
                                            "Sort Method": "quicksort",
                                            "Sort Space Used": 131358,
                                            "Sort Space Type": "Memory",
                                            "Workers": [
                                              {
                                                "Worker Number": 0,
                                                "Sort Method": "quicksort",
                                                "Sort Space Used": 64674,
                                                "Sort Space Type": "Memory"
                                              }
                                            ],
                                            "Plans": [
                                              {
                                                "Node Type": "Merge Join",
                                                "Parent Relationship": "Outer",
                                                "Parallel Aware": false,
                                                "Join Type": "Inner",
                                                "Startup Cost": 1.51,
                                                "Total Cost": 93272.77,
                                                "Plan Rows": 1534782,
                                                "Plan Width": 8,
                                                "Actual Startup Time": 0.195,
                                                "Actual Total Time": 443.404,
                                                "Actual Rows": 1304564,
                                                "Actual Loops": 2,
                                                "Inner Unique": true,
                                                "Merge Cond": "(mc.company_type_id = ct.id)",
                                                "Plans": [
                                                  {
                                                    "Node Type": "Index Scan",
                                                    "Parent Relationship": "Outer",
                                                    "Parallel Aware": true,
                                                    "Scan Direction": "Forward",
                                                    "Index Name": "company_type_id_movie_companies",
                                                    "Relation Name": "movie_companies",
                                                    "Alias": "mc",
                                                    "Startup Cost": 0.43,
                                                    "Total Cost": 74086.89,
                                                    "Plan Rows": 1534782,
                                                    "Plan Width": 12,
                                                    "Actual Startup Time": 0.083,
                                                    "Actual Total Time": 245.136,
                                                    "Actual Rows": 1304564,
                                                    "Actual Loops": 2
                                                  },
                                                  {
                                                    "Node Type": "Sort",
                                                    "Parent Relationship": "Inner",
                                                    "Parallel Aware": false,
                                                    "Startup Cost": 1.08,
                                                    "Total Cost": 1.09,
                                                    "Plan Rows": 4,
                                                    "Plan Width": 4,
                                                    "Actual Startup Time": 0.101,
                                                    "Actual Total Time": 0.105,
                                                    "Actual Rows": 2,
                                                    "Actual Loops": 2,
                                                    "Sort Key": [
                                                      "ct.id"
                                                    ],
                                                    "Sort Method": "quicksort",
                                                    "Sort Space Used": 25,
                                                    "Sort Space Type": "Memory",
                                                    "Workers": [
                                                      {
                                                        "Worker Number": 0,
                                                        "Sort Method": "quicksort",
                                                        "Sort Space Used": 25,
                                                        "Sort Space Type": "Memory"
                                                      }
                                                    ],
                                                    "Plans": [
                                                      {
                                                        "Node Type": "Seq Scan",
                                                        "Parent Relationship": "Outer",
                                                        "Parallel Aware": false,
                                                        "Relation Name": "company_type",
                                                        "Alias": "ct",
                                                        "Startup Cost": 0.0,
                                                        "Total Cost": 1.04,
                                                        "Plan Rows": 4,
                                                        "Plan Width": 4,
                                                        "Actual Startup Time": 0.054,
                                                        "Actual Total Time": 0.057,
                                                        "Actual Rows": 4,
                                                        "Actual Loops": 2
                                                      }
                                                    ]
                                                  }
                                                ]
                                              }
                                            ]
                                          },
                                          {
                                            "Node Type": "Sort",
                                            "Parent Relationship": "Inner",
                                            "Parallel Aware": false,
                                            "Startup Cost": 117933.79,
                                            "Total Cost": 119257.37,
                                            "Plan Rows": 529432,
                                            "Plan Width": 21,
                                            "Actual Startup Time": 536.404,
                                            "Actual Total Time": 609.883,
                                            "Actual Rows": 533172,
                                            "Actual Loops": 2,
                                            "Sort Key": [
                                              "t.id"
                                            ],
                                            "Sort Method": "quicksort",
                                            "Sort Space Used": 61906,
                                            "Sort Space Type": "Memory",
                                            "Workers": [
                                              {
                                                "Worker Number": 0,
                                                "Sort Method": "quicksort",
                                                "Sort Space Used": 61906,
                                                "Sort Space Type": "Memory"
                                              }
                                            ],
                                            "Plans": [
                                              {
                                                "Node Type": "Seq Scan",
                                                "Parent Relationship": "Outer",
                                                "Parallel Aware": false,
                                                "Relation Name": "title",
                                                "Alias": "t",
                                                "Startup Cost": 0.0,
                                                "Total Cost": 67600.46,
                                                "Plan Rows": 529432,
                                                "Plan Width": 21,
                                                "Actual Startup Time": 0.048,
                                                "Actual Total Time": 328.233,
                                                "Actual Rows": 533369,
                                                "Actual Loops": 2,
                                                "Filter": "(production_year > 2009)",
                                                "Rows Removed by Filter": 1994943
                                              }
                                            ]
                                          }
                                        ]
                                      }
                                    ]
                                  },
                                  {
                                    "Node Type": "Sort",
                                    "Parent Relationship": "Inner",
                                    "Parallel Aware": false,
                                    "Startup Cost": 7009.57,
                                    "Total Cost": 7048.27,
                                    "Plan Rows": 15478,
                                    "Plan Width": 4,
                                    "Actual Startup Time": 32.205,
                                    "Actual Total Time": 35.281,
                                    "Actual Rows": 16045,
                                    "Actual Loops": 2,
                                    "Sort Key": [
                                      "cn.id"
                                    ],
                                    "Sort Method": "quicksort",
                                    "Sort Space Used": 1137,
                                    "Sort Space Type": "Memory",
                                    "Workers": [
                                      {
                                        "Worker Number": 0,
                                        "Sort Method": "quicksort",
                                        "Sort Space Used": 1137,
                                        "Sort Space Type": "Memory"
                                      }
                                    ],
                                    "Plans": [
                                      {
                                        "Node Type": "Seq Scan",
                                        "Parent Relationship": "Outer",
                                        "Parallel Aware": false,
                                        "Relation Name": "company_name",
                                        "Alias": "cn",
                                        "Startup Cost": 0.0,
                                        "Total Cost": 5932.46,
                                        "Plan Rows": 15478,
                                        "Plan Width": 4,
                                        "Actual Startup Time": 0.048,
                                        "Actual Total Time": 27.794,
                                        "Actual Rows": 16045,
                                        "Actual Loops": 2,
                                        "Filter": "((country_code)::text = '[gb]'::text)",
                                        "Rows Removed by Filter": 218952
                                      }
                                    ]
                                  }
                                ]
                              },
                              {
                                "Node Type": "Index Scan",
                                "Parent Relationship": "Inner",
                                "Parallel Aware": false,
                                "Scan Direction": "Forward",
                                "Index Name": "movie_id_cast_info",
                                "Relation Name": "cast_info",
                                "Alias": "ci",
                                "Startup Cost": 0.56,
                                "Total Cost": 1.83,
                                "Plan Rows": 3,
                                "Plan Width": 12,
                                "Actual Startup Time": 0.021,
                                "Actual Total Time": 0.04,
                                "Actual Rows": 2,
                                "Actual Loops": 30423,
                                "Index Cond": "(movie_id = mc.movie_id)",
                                "Rows Removed by Index Recheck": 0,
                                "Filter": "(note ~~ '%(as%'::text)",
                                "Rows Removed by Filter": 27
                              }
                            ]
                          }
                        ]
                      },
                      {
                        "Node Type": "Sort",
                        "Parent Relationship": "Inner",
                        "Parallel Aware": false,
                        "Startup Cost": 1.16,
                        "Total Cost": 1.16,
                        "Plan Rows": 1,
                        "Plan Width": 4,
                        "Actual Startup Time": 0.042,
                        "Actual Total Time": 0.044,
                        "Actual Rows": 1,
                        "Actual Loops": 2,
                        "Sort Key": [
                          "rt.id"
                        ],
                        "Sort Method": "quicksort",
                        "Sort Space Used": 25,
                        "Sort Space Type": "Memory",
                        "Workers": [
                          {
                            "Worker Number": 0,
                            "Sort Method": "quicksort",
                            "Sort Space Used": 25,
                            "Sort Space Type": "Memory"
                          }
                        ],
                        "Plans": [
                          {
                            "Node Type": "Seq Scan",
                            "Parent Relationship": "Outer",
                            "Parallel Aware": false,
                            "Relation Name": "role_type",
                            "Alias": "rt",
                            "Startup Cost": 0.0,
                            "Total Cost": 1.15,
                            "Plan Rows": 1,
                            "Plan Width": 4,
                            "Actual Startup Time": 0.029,
                            "Actual Total Time": 0.03,
                            "Actual Rows": 1,
                            "Actual Loops": 2,
                            "Filter": "((role)::text = 'actress'::text)",
                            "Rows Removed by Filter": 11
                          }
                        ]
                      }
                    ]
                  },
                  {
                    "Node Type": "Index Scan",
                    "Parent Relationship": "Inner",
                    "Parallel Aware": false,
                    "Scan Direction": "Forward",
                    "Index Name": "char_name_pkey",
                    "Relation Name": "char_name",
                    "Alias": "chn",
                    "Startup Cost": 0.43,
                    "Total Cost": 0.52,
                    "Plan Rows": 1,
                    "Plan Width": 20,
                    "Actual Startup Time": 0.003,
                    "Actual Total Time": 0.003,
                    "Actual Rows": 1,
                    "Actual Loops": 6032,
                    "Index Cond": "(id = ci.person_role_id)",
                    "Rows Removed by Index Recheck": 0
                  }
                ]
              }
            ]
          }
        ]
      }
    ]
  },
  "Planning Time": 2.363,
  "Triggers": [],
  "Execution Time": 2670.96
}