[
  {
    "Plan": {
      "Node Type": "Aggregate",
      "Strategy": "Plain",
      "Partial Mode": "Finalize",
      "Parallel Aware": false,
      "Startup Cost": 44908.91,
      "Total Cost": 44908.92,
      "Plan Rows": 1,
      "Plan Width": 8,
      "Actual Startup Time": 83.355,
      "Actual Total Time": 96.421,
      "Actual Rows": 1,
      "Actual Loops": 1,
      "Plans": [
        {
          "Node Type": "Gather",
          "Parent Relationship": "Outer",
          "Parallel Aware": false,
          "Startup Cost": 44908.49,
          "Total Cost": 44908.9,
          "Plan Rows": 4,
          "Plan Width": 8,
          "Actual Startup Time": 83.21,
          "Actual Total Time": 96.412,
          "Actual Rows": 5,
          "Actual Loops": 1,
          "Workers Planned": 4,
          "Workers Launched": 4,
          "Single Copy": false,
          "Plans": [
            {
              "Node Type": "Aggregate",
              "Strategy": "Plain",
              "Partial Mode": "Partial",
              "Parent Relationship": "Outer",
              "Parallel Aware": false,
              "Startup Cost": 43908.49,
              "Total Cost": 43908.5,
              "Plan Rows": 1,
              "Plan Width": 8,
              "Actual Startup Time": 79.066,
              "Actual Total Time": 79.067,
              "Actual Rows": 1,
              "Actual Loops": 5,
              "Plans": [
                {
                  "Node Type": "Seq Scan",
                  "Parent Relationship": "Outer",
                  "Parallel Aware": true,
                  "Relation Name": "title",
                  "Alias": "t",
                  "Startup Cost": 0.0,
                  "Total Cost": 43899.32,
                  "Plan Rows": 3666,
                  "Plan Width": 0,
                  "Actual Startup Time": 0.093,
                  "Actual Total Time": 78.742,
                  "Actual Rows": 2742,
                  "Actual Loops": 5,
                  "Filter": "(production_year = 1966)",
                  "Rows Removed by Filter": 502920
                }
              ]
            }
          ]
        }
      ]
    },
    "Planning Time": 0.094,
    "Triggers": [],
    "Execution Time": 96.457
  }
]