{
  "Plan": {
    "Node Type": "Aggregate",
    "Strategy": "Plain",
    "Partial Mode": "Simple",
    "Parallel Aware": false,
    "Startup Cost": 1598077.83,
    "Total Cost": 1598077.84,
    "Plan Rows": 1,
    "Plan Width": 96,
    "Actual Startup Time": 24198.493,
    "Actual Total Time": 24198.723,
    "Actual Rows": 1,
    "Actual Loops": 1,
    "Plans": [
      {
        "Node Type": "Hash Join",
        "Parent Relationship": "Outer",
        "Parallel Aware": false,
        "Join Type": "Inner",
        "Startup Cost": 1595116.24,
        "Total Cost": 1598077.82,
        "Plan Rows": 1,
        "Plan Width": 39,
        "Actual Startup Time": 24182.406,
        "Actual Total Time": 24198.696,
        "Actual Rows": 93,
        "Actual Loops": 1,
        "Inner Unique": false,
        "Hash Cond": "(k.id = mk.keyword_id)",
        "Plans": [
          {
            "Node Type": "Seq Scan",
            "Parent Relationship": "Outer",
            "Parallel Aware": false,
            "Relation Name": "keyword",
            "Alias": "k",
            "Startup Cost": 0.0,
            "Total Cost": 2961.55,
            "Plan Rows": 4,
            "Plan Width": 4,
            "Actual Startup Time": 0.15,
            "Actual Total Time": 16.199,
            "Actual Rows": 4,
            "Actual Loops": 1,
            "Filter": "(keyword = ANY ('{superhero,marvel-comics,based-on-comic,fight}'::text[]))",
            "Rows Removed by Filter": 134166
          },
          {
            "Node Type": "Hash",
            "Parent Relationship": "Inner",
            "Parallel Aware": false,
            "Startup Cost": 1595116.19,
            "Total Cost": 1595116.19,
            "Plan Rows": 4,
            "Plan Width": 43,
            "Actual Startup Time": 24182.192,
            "Actual Total Time": 24182.42,
            "Actual Rows": 32038,
            "Actual Loops": 1,
            "Hash Buckets": 32768,
            "Original Hash Buckets": 1024,
            "Hash Batches": 1,
            "Original Hash Batches": 1,
            "Peak Memory Usage": 2559,
            "Plans": [
              {
                "Node Type": "Hash Join",
                "Parent Relationship": "Outer",
                "Parallel Aware": false,
                "Join Type": "Inner",
                "Startup Cost": 1595115.09,
                "Total Cost": 1595116.19,
                "Plan Rows": 4,
                "Plan Width": 43,
                "Actual Startup Time": 24171.66,
                "Actual Total Time": 24175.148,
                "Actual Rows": 32038,
                "Actual Loops": 1,
                "Inner Unique": false,
                "Hash Cond": "(cct1.id = cc.subject_id)",
                "Plans": [
                  {
                    "Node Type": "Seq Scan",
                    "Parent Relationship": "Outer",
                    "Parallel Aware": false,
                    "Relation Name": "comp_cast_type",
                    "Alias": "cct1",
                    "Startup Cost": 0.0,
                    "Total Cost": 1.05,
                    "Plan Rows": 1,
                    "Plan Width": 4,
                    "Actual Startup Time": 0.018,
                    "Actual Total Time": 0.024,
                    "Actual Rows": 1,
                    "Actual Loops": 1,
                    "Filter": "((kind)::text = 'cast'::text)",
                    "Rows Removed by Filter": 3
                  },
                  {
                    "Node Type": "Hash",
                    "Parent Relationship": "Inner",
                    "Parallel Aware": false,
                    "Startup Cost": 1595114.91,
                    "Total Cost": 1595114.91,
                    "Plan Rows": 14,
                    "Plan Width": 47,
                    "Actual Startup Time": 24171.61,
                    "Actual Total Time": 24171.836,
                    "Actual Rows": 55424,
                    "Actual Loops": 1,
                    "Hash Buckets": 65536,
                    "Original Hash Buckets": 1024,
                    "Hash Batches": 1,
                    "Original Hash Batches": 1,
                    "Peak Memory Usage": 4697,
                    "Plans": [
                      {
                        "Node Type": "Hash Join",
                        "Parent Relationship": "Outer",
                        "Parallel Aware": false,
                        "Join Type": "Inner",
                        "Startup Cost": 1508456.83,
                        "Total Cost": 1595114.91,
                        "Plan Rows": 14,
                        "Plan Width": 47,
                        "Actual Startup Time": 23729.435,
                        "Actual Total Time": 24158.904,
                        "Actual Rows": 55424,
                        "Actual Loops": 1,
                        "Inner Unique": false,
                        "Hash Cond": "(mk.movie_id = t.id)",
                        "Plans": [
                          {
                            "Node Type": "Seq Scan",
                            "Parent Relationship": "Outer",
                            "Parallel Aware": false,
                            "Relation Name": "movie_keyword",
                            "Alias": "mk",
                            "Startup Cost": 0.0,
                            "Total Cost": 69693.3,
                            "Plan Rows": 4523930,
                            "Plan Width": 8,
                            "Actual Startup Time": 0.021,
                            "Actual Total Time": 318.522,
                            "Actual Rows": 4523930,
                            "Actual Loops": 1
                          },
                          {
                            "Node Type": "Hash",
                            "Parent Relationship": "Inner",
                            "Parallel Aware": false,
                            "Startup Cost": 1508456.79,
                            "Total Cost": 1508456.79,
                            "Plan Rows": 3,
                            "Plan Width": 59,
                            "Actual Startup Time": 23574.072,
                            "Actual Total Time": 23574.296,
                            "Actual Rows": 201,
                            "Actual Loops": 1,
                            "Hash Buckets": 1024,
                            "Original Hash Buckets": 1024,
                            "Hash Batches": 1,
                            "Original Hash Batches": 1,
                            "Peak Memory Usage": 27,
                            "Plans": [
                              {
                                "Node Type": "Hash Join",
                                "Parent Relationship": "Outer",
                                "Parallel Aware": false,
                                "Join Type": "Inner",
                                "Startup Cost": 1508455.69,
                                "Total Cost": 1508456.79,
                                "Plan Rows": 3,
                                "Plan Width": 59,
                                "Actual Startup Time": 23573.976,
                                "Actual Total Time": 23574.228,
                                "Actual Rows": 201,
                                "Actual Loops": 1,
                                "Inner Unique": false,
                                "Hash Cond": "(cct2.id = cc.status_id)",
                                "Plans": [
                                  {
                                    "Node Type": "Seq Scan",
                                    "Parent Relationship": "Outer",
                                    "Parallel Aware": false,
                                    "Relation Name": "comp_cast_type",
                                    "Alias": "cct2",
                                    "Startup Cost": 0.0,
                                    "Total Cost": 1.05,
                                    "Plan Rows": 1,
                                    "Plan Width": 4,
                                    "Actual Startup Time": 0.006,
                                    "Actual Total Time": 0.011,
                                    "Actual Rows": 2,
                                    "Actual Loops": 1,
                                    "Filter": "((kind)::text ~~ '%complete%'::text)",
                                    "Rows Removed by Filter": 2
                                  },
                                  {
                                    "Node Type": "Hash",
                                    "Parent Relationship": "Inner",
                                    "Parallel Aware": false,
                                    "Startup Cost": 1508455.54,
                                    "Total Cost": 1508455.54,
                                    "Plan Rows": 12,
                                    "Plan Width": 63,
                                    "Actual Startup Time": 23573.939,
                                    "Actual Total Time": 23574.161,
                                    "Actual Rows": 201,
                                    "Actual Loops": 1,
                                    "Hash Buckets": 1024,
                                    "Original Hash Buckets": 1024,
                                    "Hash Batches": 1,
                                    "Original Hash Batches": 1,
                                    "Peak Memory Usage": 28,
                                    "Plans": [
                                      {
                                        "Node Type": "Hash Join",
                                        "Parent Relationship": "Outer",
                                        "Parallel Aware": false,
                                        "Join Type": "Inner",
                                        "Startup Cost": 1508421.54,
                                        "Total Cost": 1508455.54,
                                        "Plan Rows": 12,
                                        "Plan Width": 63,
                                        "Actual Startup Time": 23570.57,
                                        "Actual Total Time": 23574.093,
                                        "Actual Rows": 201,
                                        "Actual Loops": 1,
                                        "Inner Unique": true,
                                        "Hash Cond": "(t.kind_id = kt.id)",
                                        "Plans": [
                                          {
                                            "Node Type": "Hash Join",
                                            "Parent Relationship": "Outer",
                                            "Parallel Aware": false,
                                            "Join Type": "Inner",
                                            "Startup Cost": 1508420.44,
                                            "Total Cost": 1508454.1,
                                            "Plan Rows": 82,
                                            "Plan Width": 67,
                                            "Actual Startup Time": 23570.35,
                                            "Actual Total Time": 23573.929,
                                            "Actual Rows": 1603,
                                            "Actual Loops": 1,
                                            "Inner Unique": true,
                                            "Hash Cond": "(ci.movie_id = t.id)",
                                            "Plans": [
                                              {
                                                "Node Type": "Hash Join",
                                                "Parent Relationship": "Outer",
                                                "Parallel Aware": false,
                                                "Join Type": "Inner",
                                                "Startup Cost": 1428038.35,
                                                "Total Cost": 1428071.48,
                                                "Plan Rows": 203,
                                                "Plan Width": 42,
                                                "Actual Startup Time": 22329.832,
                                                "Actual Total Time": 22331.095,
                                                "Actual Rows": 6766,
                                                "Actual Loops": 1,
                                                "Inner Unique": false,
                                                "Hash Cond": "(it2.id = mi_idx.info_type_id)",
                                                "Plans": [
                                                  {
                                                    "Node Type": "Seq Scan",
                                                    "Parent Relationship": "Outer",
                                                    "Parallel Aware": false,
                                                    "Relation Name": "info_type",
                                                    "Alias": "it2",
                                                    "Startup Cost": 0.0,
                                                    "Total Cost": 2.41,
                                                    "Plan Rows": 1,
                                                    "Plan Width": 4,
                                                    "Actual Startup Time": 0.069,
                                                    "Actual Total Time": 0.075,
                                                    "Actual Rows": 1,
                                                    "Actual Loops": 1,
                                                    "Filter": "((info)::text = 'rating'::text)",
                                                    "Rows Removed by Filter": 112
                                                  },
                                                  {
                                                    "Node Type": "Hash",
                                                    "Parent Relationship": "Inner",
                                                    "Parallel Aware": false,
                                                    "Startup Cost": 1427751.52,
                                                    "Total Cost": 1427751.52,
                                                    "Plan Rows": 22946,
                                                    "Plan Width": 46,
                                                    "Actual Startup Time": 22329.435,
                                                    "Actual Total Time": 22329.648,
                                                    "Actual Rows": 20883,
                                                    "Actual Loops": 1,
                                                    "Hash Buckets": 32768,
                                                    "Original Hash Buckets": 32768,
                                                    "Hash Batches": 1,
                                                    "Original Hash Batches": 1,
                                                    "Peak Memory Usage": 1825,
                                                    "Plans": [
                                                      {
                                                        "Node Type": "Hash Join",
                                                        "Parent Relationship": "Outer",
                                                        "Parallel Aware": false,
                                                        "Join Type": "Inner",
                                                        "Startup Cost": 1320543.62,
                                                        "Total Cost": 1427751.52,
                                                        "Plan Rows": 22946,
                                                        "Plan Width": 46,
                                                        "Actual Startup Time": 18062.719,
                                                        "Actual Total Time": 22319.177,
                                                        "Actual Rows": 20883,
                                                        "Actual Loops": 1,
                                                        "Inner Unique": true,
                                                        "Hash Cond": "(ci.person_role_id = chn.id)",
                                                        "Plans": [
                                                          {
                                                            "Node Type": "Hash Join",
                                                            "Parent Relationship": "Outer",
                                                            "Parallel Aware": false,
                                                            "Join Type": "Inner",
                                                            "Startup Cost": 1239491.85,
                                                            "Total Cost": 1346031.2,
                                                            "Plan Rows": 254688,
                                                            "Plan Width": 34,
                                                            "Actual Startup Time": 17779.802,
                                                            "Actual Total Time": 21947.315,
                                                            "Actual Rows": 598189,
                                                            "Actual Loops": 1,
                                                            "Inner Unique": false,
                                                            "Hash Cond": "(ci.movie_id = mi_idx.movie_id)",
                                                            "Plans": [
                                                              {
                                                                "Node Type": "Hash Join",
                                                                "Parent Relationship": "Outer",
                                                                "Parallel Aware": false,
                                                                "Join Type": "Inner",
                                                                "Startup Cost": 1217867.02,
                                                                "Total Cost": 1290294.87,
                                                                "Plan Rows": 5050339,
                                                                "Plan Width": 20,
                                                                "Actual Startup Time": 17680.534,
                                                                "Actual Total Time": 21473.389,
                                                                "Actual Rows": 5212164,
                                                                "Actual Loops": 1,
                                                                "Inner Unique": true,
                                                                "Hash Cond": "(ci.person_id = n.id)",
                                                                "Plans": [
                                                                  {
                                                                    "Node Type": "Hash Join",
                                                                    "Parent Relationship": "Outer",
                                                                    "Parallel Aware": false,
                                                                    "Join Type": "Inner",
                                                                    "Startup Cost": 1068488.04,
                                                                    "Total Cost": 1127658.73,
                                                                    "Plan Rows": 5050339,
                                                                    "Plan Width": 24,
                                                                    "Actual Startup Time": 15924.456,
                                                                    "Actual Total Time": 17593.881,
                                                                    "Actual Rows": 5212164,
                                                                    "Actual Loops": 1,
                                                                    "Inner Unique": false,
                                                                    "Hash Cond": "(cc.movie_id = ci.movie_id)",
                                                                    "Plans": [
                                                                      {
                                                                        "Node Type": "Seq Scan",
                                                                        "Parent Relationship": "Outer",
                                                                        "Parallel Aware": false,
                                                                        "Relation Name": "complete_cast",
                                                                        "Alias": "cc",
                                                                        "Startup Cost": 0.0,
                                                                        "Total Cost": 2081.86,
                                                                        "Plan Rows": 135086,
                                                                        "Plan Width": 12,
                                                                        "Actual Startup Time": 0.035,
                                                                        "Actual Total Time": 15.254,
                                                                        "Actual Rows": 135086,
                                                                        "Actual Loops": 1
                                                                      },
                                                                      {
                                                                        "Node Type": "Hash",
                                                                        "Parent Relationship": "Inner",
                                                                        "Parallel Aware": false,
                                                                        "Startup Cost": 615265.24,
                                                                        "Total Cost": 615265.24,
                                                                        "Plan Rows": 36257824,
                                                                        "Plan Width": 12,
                                                                        "Actual Startup Time": 15644.047,
                                                                        "Actual Total Time": 15644.049,
                                                                        "Actual Rows": 36244344,
                                                                        "Actual Loops": 1,
                                                                        "Hash Buckets": 67108864,
                                                                        "Original Hash Buckets": 67108864,
                                                                        "Hash Batches": 1,
                                                                        "Original Hash Batches": 1,
                                                                        "Peak Memory Usage": 2008722,
                                                                        "Plans": [
                                                                          {
                                                                            "Node Type": "Seq Scan",
                                                                            "Parent Relationship": "Outer",
                                                                            "Parallel Aware": false,
                                                                            "Relation Name": "cast_info",
                                                                            "Alias": "ci",
                                                                            "Startup Cost": 0.0,
                                                                            "Total Cost": 615265.24,
                                                                            "Plan Rows": 36257824,
                                                                            "Plan Width": 12,
                                                                            "Actual Startup Time": 0.039,
                                                                            "Actual Total Time": 4060.883,
                                                                            "Actual Rows": 36244344,
                                                                            "Actual Loops": 1
                                                                          }
                                                                        ]
                                                                      }
                                                                    ]
                                                                  },
                                                                  {
                                                                    "Node Type": "Hash",
                                                                    "Parent Relationship": "Inner",
                                                                    "Parallel Aware": false,
                                                                    "Startup Cost": 97286.77,
                                                                    "Total Cost": 97286.77,
                                                                    "Plan Rows": 4167377,
                                                                    "Plan Width": 4,
                                                                    "Actual Startup Time": 1730.382,
                                                                    "Actual Total Time": 1730.383,
                                                                    "Actual Rows": 4167491,
                                                                    "Actual Loops": 1,
                                                                    "Hash Buckets": 4194304,
                                                                    "Original Hash Buckets": 4194304,
                                                                    "Hash Batches": 1,
                                                                    "Original Hash Batches": 1,
                                                                    "Peak Memory Usage": 179282,
                                                                    "Plans": [
                                                                      {
                                                                        "Node Type": "Seq Scan",
                                                                        "Parent Relationship": "Outer",
                                                                        "Parallel Aware": false,
                                                                        "Relation Name": "name",
                                                                        "Alias": "n",
                                                                        "Startup Cost": 0.0,
                                                                        "Total Cost": 97286.77,
                                                                        "Plan Rows": 4167377,
                                                                        "Plan Width": 4,
                                                                        "Actual Startup Time": 0.033,
                                                                        "Actual Total Time": 559.367,
                                                                        "Actual Rows": 4167491,
                                                                        "Actual Loops": 1
                                                                      }
                                                                    ]
                                                                  }
                                                                ]
                                                              },
                                                              {
                                                                "Node Type": "Hash",
                                                                "Parent Relationship": "Inner",
                                                                "Parallel Aware": false,
                                                                "Startup Cost": 21013.48,
                                                                "Total Cost": 21013.48,
                                                                "Plan Rows": 48908,
                                                                "Plan Width": 14,
                                                                "Actual Startup Time": 95.979,
                                                                "Actual Total Time": 96.096,
                                                                "Actual Rows": 52629,
                                                                "Actual Loops": 1,
                                                                "Hash Buckets": 65536,
                                                                "Original Hash Buckets": 65536,
                                                                "Hash Batches": 1,
                                                                "Original Hash Batches": 1,
                                                                "Peak Memory Usage": 2782,
                                                                "Plans": [
                                                                  {
                                                                    "Node Type": "Gather",
                                                                    "Parent Relationship": "Outer",
                                                                    "Parallel Aware": false,
                                                                    "Startup Cost": 1000.0,
                                                                    "Total Cost": 21013.48,
                                                                    "Plan Rows": 48908,
                                                                    "Plan Width": 14,
                                                                    "Actual Startup Time": 0.428,
                                                                    "Actual Total Time": 80.624,
                                                                    "Actual Rows": 52629,
                                                                    "Actual Loops": 1,
                                                                    "Workers Planned": 2,
                                                                    "Workers Launched": 2,
                                                                    "Single Copy": false,
                                                                    "Plans": [
                                                                      {
                                                                        "Node Type": "Seq Scan",
                                                                        "Parent Relationship": "Outer",
                                                                        "Parallel Aware": true,
                                                                        "Relation Name": "movie_info_idx",
                                                                        "Alias": "mi_idx",
                                                                        "Startup Cost": 0.0,
                                                                        "Total Cost": 15122.68,
                                                                        "Plan Rows": 20378,
                                                                        "Plan Width": 14,
                                                                        "Actual Startup Time": 0.081,
                                                                        "Actual Total Time": 73.131,
                                                                        "Actual Rows": 17543,
                                                                        "Actual Loops": 3,
                                                                        "Filter": "(info > '8.0'::text)",
                                                                        "Rows Removed by Filter": 442469
                                                                      }
                                                                    ]
                                                                  }
                                                                ]
                                                              }
                                                            ]
                                                          },
                                                          {
                                                            "Node Type": "Hash",
                                                            "Parent Relationship": "Inner",
                                                            "Parallel Aware": false,
                                                            "Startup Cost": 77515.35,
                                                            "Total Cost": 77515.35,
                                                            "Plan Rows": 282914,
                                                            "Plan Width": 20,
                                                            "Actual Startup Time": 278.661,
                                                            "Actual Total Time": 278.746,
                                                            "Actual Rows": 180152,
                                                            "Actual Loops": 1,
                                                            "Hash Buckets": 524288,
                                                            "Original Hash Buckets": 524288,
                                                            "Hash Batches": 1,
                                                            "Original Hash Batches": 1,
                                                            "Peak Memory Usage": 14028,
                                                            "Plans": [
                                                              {
                                                                "Node Type": "Gather",
                                                                "Parent Relationship": "Outer",
                                                                "Parallel Aware": false,
                                                                "Startup Cost": 1000.0,
                                                                "Total Cost": 77515.35,
                                                                "Plan Rows": 282914,
                                                                "Plan Width": 20,
                                                                "Actual Startup Time": 1.032,
                                                                "Actual Total Time": 204.382,
                                                                "Actual Rows": 180152,
                                                                "Actual Loops": 1,
                                                                "Workers Planned": 4,
                                                                "Workers Launched": 4,
                                                                "Single Copy": false,
                                                                "Plans": [
                                                                  {
                                                                    "Node Type": "Seq Scan",
                                                                    "Parent Relationship": "Outer",
                                                                    "Parallel Aware": true,
                                                                    "Relation Name": "char_name",
                                                                    "Alias": "chn",
                                                                    "Startup Cost": 0.0,
                                                                    "Total Cost": 48223.94,
                                                                    "Plan Rows": 70728,
                                                                    "Plan Width": 20,
                                                                    "Actual Startup Time": 0.09,
                                                                    "Actual Total Time": 225.777,
                                                                    "Actual Rows": 36030,
                                                                    "Actual Loops": 5,
                                                                    "Filter": "((name IS NOT NULL) AND ((name ~~ '%man%'::text) OR (name ~~ '%Man%'::text)))",
                                                                    "Rows Removed by Filter": 592037
                                                                  }
                                                                ]
                                                              }
                                                            ]
                                                          }
                                                        ]
                                                      }
                                                    ]
                                                  }
                                                ]
                                              },
                                              {
                                                "Node Type": "Hash",
                                                "Parent Relationship": "Inner",
                                                "Parallel Aware": false,
                                                "Startup Cost": 67604.36,
                                                "Total Cost": 67604.36,
                                                "Plan Rows": 1022218,
                                                "Plan Width": 25,
                                                "Actual Startup Time": 1232.834,
                                                "Actual Total Time": 1232.835,
                                                "Actual Rows": 1012920,
                                                "Actual Loops": 1,
                                                "Hash Buckets": 1048576,
                                                "Original Hash Buckets": 1048576,
                                                "Hash Batches": 1,
                                                "Original Hash Batches": 1,
                                                "Peak Memory Usage": 66484,
                                                "Plans": [
                                                  {
                                                    "Node Type": "Seq Scan",
                                                    "Parent Relationship": "Outer",
                                                    "Parallel Aware": false,
                                                    "Relation Name": "title",
                                                    "Alias": "t",
                                                    "Startup Cost": 0.0,
                                                    "Total Cost": 67604.36,
                                                    "Plan Rows": 1022218,
                                                    "Plan Width": 25,
                                                    "Actual Startup Time": 0.05,
                                                    "Actual Total Time": 650.038,
                                                    "Actual Rows": 1012920,
                                                    "Actual Loops": 1,
                                                    "Filter": "(production_year > 2005)",
                                                    "Rows Removed by Filter": 1515392
                                                  }
                                                ]
                                              }
                                            ]
                                          },
                                          {
                                            "Node Type": "Hash",
                                            "Parent Relationship": "Inner",
                                            "Parallel Aware": false,
                                            "Startup Cost": 1.09,
                                            "Total Cost": 1.09,
                                            "Plan Rows": 1,
                                            "Plan Width": 4,
                                            "Actual Startup Time": 0.036,
                                            "Actual Total Time": 0.037,
                                            "Actual Rows": 1,
                                            "Actual Loops": 1,
                                            "Hash Buckets": 1024,
                                            "Original Hash Buckets": 1024,
                                            "Hash Batches": 1,
                                            "Original Hash Batches": 1,
                                            "Peak Memory Usage": 9,
                                            "Plans": [
                                              {
                                                "Node Type": "Seq Scan",
                                                "Parent Relationship": "Outer",
                                                "Parallel Aware": false,
                                                "Relation Name": "kind_type",
                                                "Alias": "kt",
                                                "Startup Cost": 0.0,
                                                "Total Cost": 1.09,
                                                "Plan Rows": 1,
                                                "Plan Width": 4,
                                                "Actual Startup Time": 0.026,
                                                "Actual Total Time": 0.028,
                                                "Actual Rows": 1,
                                                "Actual Loops": 1,
                                                "Filter": "((kind)::text = 'movie'::text)",
                                                "Rows Removed by Filter": 6
                                              }
                                            ]
                                          }
                                        ]
                                      }
                                    ]
                                  }
                                ]
                              }
                            ]
                          }
                        ]
                      }
                    ]
                  }
                ]
              }
            ]
          }
        ]
      }
    ]
  },
  "Planning Time": 60.62,
  "Triggers": [],
  "Execution Time": 24256.875
}