[
  {
    "Plan": {
      "Node Type": "Aggregate",
      "Strategy": "Plain",
      "Partial Mode": "Finalize",
      "Parallel Aware": false,
      "Startup Cost": 33287.01,
      "Total Cost": 33287.02,
      "Plan Rows": 1,
      "Plan Width": 8,
      "Actual Startup Time": 105.454,
      "Actual Total Time": 113.581,
      "Actual Rows": 1,
      "Actual Loops": 1,
      "Plans": [
        {
          "Node Type": "Gather",
          "Parent Relationship": "Outer",
          "Parallel Aware": false,
          "Startup Cost": 33286.69,
          "Total Cost": 33287.0,
          "Plan Rows": 3,
          "Plan Width": 8,
          "Actual Startup Time": 105.359,
          "Actual Total Time": 113.572,
          "Actual Rows": 4,
          "Actual Loops": 1,
          "Workers Planned": 3,
          "Workers Launched": 3,
          "Single Copy": false,
          "Plans": [
            {
              "Node Type": "Aggregate",
              "Strategy": "Plain",
              "Partial Mode": "Partial",
              "Parent Relationship": "Outer",
              "Parallel Aware": false,
              "Startup Cost": 32286.69,
              "Total Cost": 32286.7,
              "Plan Rows": 1,
              "Plan Width": 8,
              "Actual Startup Time": 96.916,
              "Actual Total Time": 96.917,
              "Actual Rows": 1,
              "Actual Loops": 4,
              "Plans": [
                {
                  "Node Type": "Seq Scan",
                  "Parent Relationship": "Outer",
                  "Parallel Aware": true,
                  "Relation Name": "movie_companies",
                  "Alias": "mc",
                  "Startup Cost": 0.0,
                  "Total Cost": 31414.82,
                  "Plan Rows": 348750,
                  "Plan Width": 0,
                  "Actual Startup Time": 49.93,
                  "Actual Total Time": 85.499,
                  "Actual Rows": 302756,
                  "Actual Loops": 4,
                  "Filter": "((company_id > 420) AND (company_type_id > 1))",
                  "Rows Removed by Filter": 349526
                }
              ]
            }
          ]
        }
      ]
    },
    "Planning Time": 0.193,
    "Triggers": [],
    "Execution Time": 113.633
  }
]