[
  {
    "Plan": {
      "Node Type": "Aggregate",
      "Strategy": "Plain",
      "Partial Mode": "Finalize",
      "Parallel Aware": false,
      "Startup Cost": 306692.52,
      "Total Cost": 306692.53,
      "Plan Rows": 1,
      "Plan Width": 32,
      "Actual Startup Time": 1064.868,
      "Actual Total Time": 1129.815,
      "Actual Rows": 1,
      "Actual Loops": 1,
      "Plans": [
        {
          "Node Type": "Gather",
          "Parent Relationship": "Outer",
          "Parallel Aware": false,
          "Startup Cost": 306692.0,
          "Total Cost": 306692.51,
          "Plan Rows": 5,
          "Plan Width": 32,
          "Actual Startup Time": 1064.455,
          "Actual Total Time": 1129.8,
          "Actual Rows": 6,
          "Actual Loops": 1,
          "Workers Planned": 5,
          "Workers Launched": 5,
          "Single Copy": false,
          "Plans": [
            {
              "Node Type": "Aggregate",
              "Strategy": "Plain",
              "Partial Mode": "Partial",
              "Parent Relationship": "Outer",
              "Parallel Aware": false,
              "Startup Cost": 305692.0,
              "Total Cost": 305692.01,
              "Plan Rows": 1,
              "Plan Width": 32,
              "Actual Startup Time": 1055.629,
              "Actual Total Time": 1055.642,
              "Actual Rows": 1,
              "Actual Loops": 6,
              "Plans": [
                {
                  "Node Type": "Hash Join",
                  "Parent Relationship": "Outer",
                  "Parallel Aware": false,
                  "Join Type": "Inner",
                  "Startup Cost": 76809.85,
                  "Total Cost": 305689.4,
                  "Plan Rows": 1040,
                  "Plan Width": 17,
                  "Actual Startup Time": 920.989,
                  "Actual Total Time": 1055.634,
                  "Actual Rows": 0,
                  "Actual Loops": 6,
                  "Inner Unique": true,
                  "Hash Cond": "(mi.info_type_id = it.id)",
                  "Plans": [
                    {
                      "Node Type": "Hash Join",
                      "Parent Relationship": "Outer",
                      "Parallel Aware": true,
                      "Join Type": "Inner",
                      "Startup Cost": 76806.31,
                      "Total Cost": 305683.03,
                      "Plan Rows": 1040,
                      "Plan Width": 21,
                      "Actual Startup Time": 920.384,
                      "Actual Total Time": 1055.028,
                      "Actual Rows": 0,
                      "Actual Loops": 6,
                      "Inner Unique": false,
                      "Hash Cond": "(mi.movie_id = t.id)",
                      "Plans": [
                        {
                          "Node Type": "Seq Scan",
                          "Parent Relationship": "Outer",
                          "Parallel Aware": true,
                          "Relation Name": "movie_info",
                          "Alias": "mi",
                          "Startup Cost": 0.0,
                          "Total Cost": 228768.14,
                          "Plan Rows": 28823,
                          "Plan Width": 8,
                          "Actual Startup Time": 0.444,
                          "Actual Total Time": 825.985,
                          "Actual Rows": 25165,
                          "Actual Loops": 6,
                          "Filter": "(info = ANY ('{Sweden,Norwegian,American,Danish,Germany,Swedish,Norway,Denish,German,America}'::text[]))",
                          "Rows Removed by Filter": 2447455
                        },
                        {
                          "Node Type": "Hash",
                          "Parent Relationship": "Inner",
                          "Parallel Aware": true,
                          "Startup Cost": 76752.41,
                          "Total Cost": 76752.41,
                          "Plan Rows": 4312,
                          "Plan Width": 25,
                          "Actual Startup Time": 224.866,
                          "Actual Total Time": 224.877,
                          "Actual Rows": 80,
                          "Actual Loops": 6,
                          "Hash Buckets": 32768,
                          "Original Hash Buckets": 32768,
                          "Hash Batches": 1,
                          "Original Hash Batches": 1,
                          "Peak Memory Usage": 448,
                          "Plans": [
                            {
                              "Node Type": "Hash Join",
                              "Parent Relationship": "Outer",
                              "Parallel Aware": true,
                              "Join Type": "Inner",
                              "Startup Cost": 31889.23,
                              "Total Cost": 76752.41,
                              "Plan Rows": 4312,
                              "Plan Width": 25,
                              "Actual Startup Time": 131.542,
                              "Actual Total Time": 224.564,
                              "Actual Rows": 80,
                              "Actual Loops": 6,
                              "Inner Unique": false,
                              "Hash Cond": "(t.id = mc.movie_id)",
                              "Plans": [
                                {
                                  "Node Type": "Seq Scan",
                                  "Parent Relationship": "Outer",
                                  "Parallel Aware": true,
                                  "Relation Name": "title",
                                  "Alias": "t",
                                  "Startup Cost": 0.0,
                                  "Total Cost": 43898.62,
                                  "Plan Rows": 253508,
                                  "Plan Width": 21,
                                  "Actual Startup Time": 0.023,
                                  "Actual Total Time": 91.164,
                                  "Actual Rows": 168820,
                                  "Actual Loops": 6,
                                  "Filter": "(production_year > 2005)",
                                  "Rows Removed by Filter": 252565
                                },
                                {
                                  "Node Type": "Hash",
                                  "Parent Relationship": "Inner",
                                  "Parallel Aware": true,
                                  "Startup Cost": 31715.84,
                                  "Total Cost": 31715.84,
                                  "Plan Rows": 13871,
                                  "Plan Width": 4,
                                  "Actual Startup Time": 113.443,
                                  "Actual Total Time": 113.45,
                                  "Actual Rows": 133,
                                  "Actual Loops": 6,
                                  "Hash Buckets": 65536,
                                  "Original Hash Buckets": 65536,
                                  "Hash Batches": 1,
                                  "Original Hash Batches": 1,
                                  "Peak Memory Usage": 704,
                                  "Plans": [
                                    {
                                      "Node Type": "Hash Join",
                                      "Parent Relationship": "Outer",
                                      "Parallel Aware": false,
                                      "Join Type": "Inner",
                                      "Startup Cost": 1.06,
                                      "Total Cost": 31715.84,
                                      "Plan Rows": 13871,
                                      "Plan Width": 4,
                                      "Actual Startup Time": 83.582,
                                      "Actual Total Time": 113.173,
                                      "Actual Rows": 133,
                                      "Actual Loops": 6,
                                      "Inner Unique": true,
                                      "Hash Cond": "(mc.company_type_id = ct.id)",
                                      "Plans": [
                                        {
                                          "Node Type": "Seq Scan",
                                          "Parent Relationship": "Outer",
                                          "Parallel Aware": true,
                                          "Relation Name": "movie_companies",
                                          "Alias": "mc",
                                          "Startup Cost": 0.0,
                                          "Total Cost": 31414.82,
                                          "Plan Rows": 55484,
                                          "Plan Width": 8,
                                          "Actual Startup Time": 0.147,
                                          "Actual Total Time": 108.589,
                                          "Actual Rows": 49271,
                                          "Actual Loops": 6,
                                          "Filter": "((note !~~ '%(TV)%'::text) AND (note ~~ '%(USA)%'::text))",
                                          "Rows Removed by Filter": 385584
                                        },
                                        {
                                          "Node Type": "Hash",
                                          "Parent Relationship": "Inner",
                                          "Parallel Aware": false,
                                          "Startup Cost": 1.05,
                                          "Total Cost": 1.05,
                                          "Plan Rows": 1,
                                          "Plan Width": 4,
                                          "Actual Startup Time": 0.061,
                                          "Actual Total Time": 0.064,
                                          "Actual Rows": 1,
                                          "Actual Loops": 6,
                                          "Hash Buckets": 1024,
                                          "Original Hash Buckets": 1024,
                                          "Hash Batches": 1,
                                          "Original Hash Batches": 1,
                                          "Peak Memory Usage": 9,
                                          "Plans": [
                                            {
                                              "Node Type": "Seq Scan",
                                              "Parent Relationship": "Outer",
                                              "Parallel Aware": false,
                                              "Relation Name": "company_type",
                                              "Alias": "ct",
                                              "Startup Cost": 0.0,
                                              "Total Cost": 1.05,
                                              "Plan Rows": 1,
                                              "Plan Width": 4,
                                              "Actual Startup Time": 0.048,
                                              "Actual Total Time": 0.051,
                                              "Actual Rows": 1,
                                              "Actual Loops": 6,
                                              "Filter": "((kind)::text = 'production companies'::text)",
                                              "Rows Removed by Filter": 3
                                            }
                                          ]
                                        }
                                      ]
                                    }
                                  ]
                                }
                              ]
                            }
                          ]
                        }
                      ]
                    },
                    {
                      "Node Type": "Hash",
                      "Parent Relationship": "Inner",
                      "Parallel Aware": false,
                      "Startup Cost": 2.13,
                      "Total Cost": 2.13,
                      "Plan Rows": 113,
                      "Plan Width": 4,
                      "Actual Startup Time": 0.127,
                      "Actual Total Time": 0.128,
                      "Actual Rows": 113,
                      "Actual Loops": 6,
                      "Hash Buckets": 1024,
                      "Original Hash Buckets": 1024,
                      "Hash Batches": 1,
                      "Original Hash Batches": 1,
                      "Peak Memory Usage": 12,
                      "Plans": [
                        {
                          "Node Type": "Seq Scan",
                          "Parent Relationship": "Outer",
                          "Parallel Aware": false,
                          "Relation Name": "info_type",
                          "Alias": "it",
                          "Startup Cost": 0.0,
                          "Total Cost": 2.13,
                          "Plan Rows": 113,
                          "Plan Width": 4,
                          "Actual Startup Time": 0.059,
                          "Actual Total Time": 0.077,
                          "Actual Rows": 113,
                          "Actual Loops": 6
                        }
                      ]
                    }
                  ]
                }
              ]
            }
          ]
        }
      ]
    },
    "Planning Time": 1.885,
    "Triggers": [],
    "Execution Time": 1130.072
  }
]