{
  "Plan": {
    "Node Type": "Aggregate",
    "Strategy": "Plain",
    "Partial Mode": "Finalize",
    "Parallel Aware": false,
    "Startup Cost": 348764.64,
    "Total Cost": 348764.65,
    "Plan Rows": 1,
    "Plan Width": 8,
    "Actual Startup Time": 1860.812,
    "Actual Total Time": 1897.491,
    "Actual Rows": 1,
    "Actual Loops": 1,
    "Plans": [
      {
        "Node Type": "Gather",
        "Parent Relationship": "Outer",
        "Parallel Aware": false,
        "Startup Cost": 348764.53,
        "Total Cost": 348764.64,
        "Plan Rows": 1,
        "Plan Width": 8,
        "Actual Startup Time": 1859.767,
        "Actual Total Time": 1897.483,
        "Actual Rows": 2,
        "Actual Loops": 1,
        "Workers Planned": 1,
        "Workers Launched": 1,
        "Single Copy": false,
        "Plans": [
          {
            "Node Type": "Aggregate",
            "Strategy": "Plain",
            "Partial Mode": "Partial",
            "Parent Relationship": "Outer",
            "Parallel Aware": false,
            "Startup Cost": 347764.53,
            "Total Cost": 347764.54,
            "Plan Rows": 1,
            "Plan Width": 8,
            "Actual Startup Time": 1853.624,
            "Actual Total Time": 1853.628,
            "Actual Rows": 1,
            "Actual Loops": 2,
            "Plans": [
              {
                "Node Type": "Hash Join",
                "Parent Relationship": "Outer",
                "Parallel Aware": true,
                "Join Type": "Inner",
                "Startup Cost": 58272.41,
                "Total Cost": 344276.35,
                "Plan Rows": 1395269,
                "Plan Width": 0,
                "Actual Startup Time": 252.769,
                "Actual Total Time": 1768.47,
                "Actual Rows": 2119426,
                "Actual Loops": 2,
                "Inner Unique": true,
                "Hash Cond": "(mi.movie_id = t.id)",
                "Plans": [
                  {
                    "Node Type": "Seq Scan",
                    "Parent Relationship": "Outer",
                    "Parallel Aware": true,
                    "Relation Name": "movie_info",
                    "Alias": "mi",
                    "Startup Cost": 0.0,
                    "Total Cost": 270696.42,
                    "Plan Rows": 5831431,
                    "Plan Width": 4,
                    "Actual Startup Time": 34.618,
                    "Actual Total Time": 737.772,
                    "Actual Rows": 4955877,
                    "Actual Loops": 2,
                    "Filter": "(info_type_id > 4)",
                    "Rows Removed by Filter": 2461983
                  },
                  {
                    "Node Type": "Hash",
                    "Parent Relationship": "Inner",
                    "Parallel Aware": true,
                    "Startup Cost": 53824.34,
                    "Total Cost": 53824.34,
                    "Plan Rows": 355845,
                    "Plan Width": 4,
                    "Actual Startup Time": 176.05,
                    "Actual Total Time": 176.052,
                    "Actual Rows": 250796,
                    "Actual Loops": 2,
                    "Hash Buckets": 1048576,
                    "Original Hash Buckets": 1048576,
                    "Hash Batches": 1,
                    "Original Hash Batches": 1,
                    "Peak Memory Usage": 27872,
                    "Plans": [
                      {
                        "Node Type": "Bitmap Heap Scan",
                        "Parent Relationship": "Outer",
                        "Parallel Aware": true,
                        "Relation Name": "title",
                        "Alias": "t",
                        "Startup Cost": 11974.08,
                        "Total Cost": 53824.34,
                        "Plan Rows": 355845,
                        "Plan Width": 4,
                        "Actual Startup Time": 30.169,
                        "Actual Total Time": 102.284,
                        "Actual Rows": 250796,
                        "Actual Loops": 2,
                        "Recheck Cond": "(kind_id = 1)",
                        "Rows Removed by Index Recheck": 0,
                        "Filter": "(production_year > 1946)",
                        "Rows Removed by Filter": 80616,
                        "Exact Heap Blocks": 8043,
                        "Lossy Heap Blocks": 0,
                        "Plans": [
                          {
                            "Node Type": "Bitmap Index Scan",
                            "Parent Relationship": "Outer",
                            "Parallel Aware": false,
                            "Index Name": "kind_id_title",
                            "Startup Cost": 0.0,
                            "Total Cost": 11822.85,
                            "Plan Rows": 663256,
                            "Plan Width": 0,
                            "Actual Startup Time": 28.331,
                            "Actual Total Time": 28.331,
                            "Actual Rows": 662825,
                            "Actual Loops": 1,
                            "Index Cond": "(kind_id = 1)"
                          }
                        ]
                      }
                    ]
                  }
                ]
              }
            ]
          }
        ]
      }
    ]
  },
  "Planning Time": 0.609,
  "Triggers": [],
  "Execution Time": 1897.583
}