[
  {
    "Plan": {
      "Node Type": "Aggregate",
      "Strategy": "Plain",
      "Partial Mode": "Finalize",
      "Parallel Aware": false,
      "Startup Cost": 122210.14,
      "Total Cost": 122210.15,
      "Plan Rows": 1,
      "Plan Width": 8,
      "Actual Startup Time": 557.346,
      "Actual Total Time": 578.856,
      "Actual Rows": 1,
      "Actual Loops": 1,
      "Plans": [
        {
          "Node Type": "Gather",
          "Parent Relationship": "Outer",
          "Parallel Aware": false,
          "Startup Cost": 122209.82,
          "Total Cost": 122210.13,
          "Plan Rows": 3,
          "Plan Width": 8,
          "Actual Startup Time": 552.873,
          "Actual Total Time": 578.846,
          "Actual Rows": 4,
          "Actual Loops": 1,
          "Workers Planned": 3,
          "Workers Launched": 3,
          "Single Copy": false,
          "Plans": [
            {
              "Node Type": "Aggregate",
              "Strategy": "Plain",
              "Partial Mode": "Partial",
              "Parent Relationship": "Outer",
              "Parallel Aware": false,
              "Startup Cost": 121209.82,
              "Total Cost": 121209.83,
              "Plan Rows": 1,
              "Plan Width": 8,
              "Actual Startup Time": 540.886,
              "Actual Total Time": 541.004,
              "Actual Rows": 1,
              "Actual Loops": 4,
              "Plans": [
                {
                  "Node Type": "Hash Join",
                  "Parent Relationship": "Outer",
                  "Parallel Aware": true,
                  "Join Type": "Inner",
                  "Startup Cost": 90512.66,
                  "Total Cost": 121063.81,
                  "Plan Rows": 58405,
                  "Plan Width": 0,
                  "Actual Startup Time": 333.464,
                  "Actual Total Time": 514.579,
                  "Actual Rows": 670842,
                  "Actual Loops": 4,
                  "Inner Unique": false,
                  "Hash Cond": "(mc.movie_id = t.id)",
                  "Plans": [
                    {
                      "Node Type": "Seq Scan",
                      "Parent Relationship": "Outer",
                      "Parallel Aware": true,
                      "Relation Name": "movie_companies",
                      "Alias": "mc",
                      "Startup Cost": 0.0,
                      "Total Cost": 27206.55,
                      "Plan Rows": 841655,
                      "Plan Width": 4,
                      "Actual Startup Time": 0.019,
                      "Actual Total Time": 56.437,
                      "Actual Rows": 652282,
                      "Actual Loops": 4
                    },
                    {
                      "Node Type": "Hash",
                      "Parent Relationship": "Inner",
                      "Parallel Aware": true,
                      "Startup Cost": 89805.22,
                      "Total Cost": 89805.22,
                      "Plan Rows": 56595,
                      "Plan Width": 8,
                      "Actual Startup Time": 331.201,
                      "Actual Total Time": 331.317,
                      "Actual Rows": 76365,
                      "Actual Loops": 4,
                      "Hash Buckets": 524288,
                      "Original Hash Buckets": 262144,
                      "Hash Batches": 1,
                      "Original Hash Batches": 1,
                      "Peak Memory Usage": 18176,
                      "Plans": [
                        {
                          "Node Type": "Hash Join",
                          "Parent Relationship": "Outer",
                          "Parallel Aware": true,
                          "Join Type": "Inner",
                          "Startup Cost": 62014.55,
                          "Total Cost": 89805.22,
                          "Plan Rows": 56595,
                          "Plan Width": 8,
                          "Actual Startup Time": 194.848,
                          "Actual Total Time": 304.065,
                          "Actual Rows": 76365,
                          "Actual Loops": 4,
                          "Inner Unique": true,
                          "Hash Cond": "(mk.movie_id = t.id)",
                          "Plans": [
                            {
                              "Node Type": "Bitmap Heap Scan",
                              "Parent Relationship": "Outer",
                              "Parallel Aware": true,
                              "Relation Name": "movie_keyword",
                              "Alias": "mk",
                              "Startup Cost": 14508.5,
                              "Total Cost": 41720.08,
                              "Plan Rows": 220606,
                              "Plan Width": 4,
                              "Actual Startup Time": 42.908,
                              "Actual Total Time": 106.117,
                              "Actual Rows": 171305,
                              "Actual Loops": 4,
                              "Recheck Cond": "(keyword_id < 568)",
                              "Rows Removed by Index Recheck": 0,
                              "Exact Heap Blocks": 6914,
                              "Lossy Heap Blocks": 0,
                              "Plans": [
                                {
                                  "Node Type": "Bitmap Index Scan",
                                  "Parent Relationship": "Outer",
                                  "Parallel Aware": false,
                                  "Index Name": "keyword_id_movie_keyword",
                                  "Startup Cost": 0.0,
                                  "Total Cost": 14337.53,
                                  "Plan Rows": 683880,
                                  "Plan Width": 0,
                                  "Actual Startup Time": 39.138,
                                  "Actual Total Time": 39.139,
                                  "Actual Rows": 685221,
                                  "Actual Loops": 1,
                                  "Index Cond": "(keyword_id < 568)"
                                }
                              ]
                            },
                            {
                              "Node Type": "Hash",
                              "Parent Relationship": "Inner",
                              "Parallel Aware": true,
                              "Startup Cost": 45479.1,
                              "Total Cost": 45479.1,
                              "Plan Rows": 162156,
                              "Plan Width": 4,
                              "Actual Startup Time": 148.417,
                              "Actual Total Time": 148.418,
                              "Actual Rows": 130466,
                              "Actual Loops": 4,
                              "Hash Buckets": 1048576,
                              "Original Hash Buckets": 1048576,
                              "Hash Batches": 1,
                              "Original Hash Batches": 1,
                              "Peak Memory Usage": 28672,
                              "Plans": [
                                {
                                  "Node Type": "Seq Scan",
                                  "Parent Relationship": "Outer",
                                  "Parallel Aware": true,
                                  "Relation Name": "title",
                                  "Alias": "t",
                                  "Startup Cost": 0.0,
                                  "Total Cost": 45479.1,
                                  "Plan Rows": 162156,
                                  "Plan Width": 4,
                                  "Actual Startup Time": 0.042,
                                  "Actual Total Time": 100.687,
                                  "Actual Rows": 130466,
                                  "Actual Loops": 4,
                                  "Filter": "((kind_id < 4) AND (production_year > 1982))",
                                  "Rows Removed by Filter": 501612
                                }
                              ]
                            }
                          ]
                        }
                      ]
                    }
                  ]
                }
              ]
            }
          ]
        }
      ]
    },
    "Planning Time": 1.476,
    "Triggers": [],
    "Execution Time": 578.96
  }
]