[
  {
    "Plan": {
      "Node Type": "Aggregate",
      "Strategy": "Plain",
      "Partial Mode": "Finalize",
      "Parallel Aware": false,
      "Startup Cost": 48224.39,
      "Total Cost": 48224.4,
      "Plan Rows": 1,
      "Plan Width": 8,
      "Actual Startup Time": 42.404,
      "Actual Total Time": 46.994,
      "Actual Rows": 1,
      "Actual Loops": 1,
      "Plans": [
        {
          "Node Type": "Gather",
          "Parent Relationship": "Outer",
          "Parallel Aware": false,
          "Startup Cost": 48224.07,
          "Total Cost": 48224.38,
          "Plan Rows": 3,
          "Plan Width": 8,
          "Actual Startup Time": 42.267,
          "Actual Total Time": 46.987,
          "Actual Rows": 4,
          "Actual Loops": 1,
          "Workers Planned": 3,
          "Workers Launched": 3,
          "Single Copy": false,
          "Plans": [
            {
              "Node Type": "Aggregate",
              "Strategy": "Plain",
              "Partial Mode": "Partial",
              "Parent Relationship": "Outer",
              "Parallel Aware": false,
              "Startup Cost": 47224.07,
              "Total Cost": 47224.08,
              "Plan Rows": 1,
              "Plan Width": 8,
              "Actual Startup Time": 33.159,
              "Actual Total Time": 33.16,
              "Actual Rows": 1,
              "Actual Loops": 4,
              "Plans": [
                {
                  "Node Type": "Nested Loop",
                  "Parent Relationship": "Outer",
                  "Parallel Aware": false,
                  "Join Type": "Inner",
                  "Startup Cost": 258.92,
                  "Total Cost": 47220.27,
                  "Plan Rows": 1519,
                  "Plan Width": 0,
                  "Actual Startup Time": 4.863,
                  "Actual Total Time": 33.104,
                  "Actual Rows": 248,
                  "Actual Loops": 4,
                  "Inner Unique": false,
                  "Plans": [
                    {
                      "Node Type": "Nested Loop",
                      "Parent Relationship": "Outer",
                      "Parallel Aware": false,
                      "Join Type": "Inner",
                      "Startup Cost": 258.36,
                      "Total Cost": 45161.21,
                      "Plan Rows": 106,
                      "Plan Width": 8,
                      "Actual Startup Time": 4.66,
                      "Actual Total Time": 30.475,
                      "Actual Rows": 16,
                      "Actual Loops": 4,
                      "Inner Unique": true,
                      "Plans": [
                        {
                          "Node Type": "Bitmap Heap Scan",
                          "Parent Relationship": "Outer",
                          "Parallel Aware": true,
                          "Relation Name": "movie_keyword",
                          "Alias": "mk",
                          "Startup Cost": 257.93,
                          "Total Cost": 20753.36,
                          "Plan Rows": 3892,
                          "Plan Width": 4,
                          "Actual Startup Time": 2.304,
                          "Actual Total Time": 8.344,
                          "Actual Rows": 2142,
                          "Actual Loops": 4,
                          "Recheck Cond": "(keyword_id = 3636)",
                          "Rows Removed by Index Recheck": 0,
                          "Exact Heap Blocks": 2664,
                          "Lossy Heap Blocks": 0,
                          "Plans": [
                            {
                              "Node Type": "Bitmap Index Scan",
                              "Parent Relationship": "Outer",
                              "Parallel Aware": false,
                              "Index Name": "keyword_id_movie_keyword",
                              "Startup Cost": 0.0,
                              "Total Cost": 254.91,
                              "Plan Rows": 12064,
                              "Plan Width": 0,
                              "Actual Startup Time": 6.79,
                              "Actual Total Time": 6.791,
                              "Actual Rows": 8567,
                              "Actual Loops": 1,
                              "Index Cond": "(keyword_id = 3636)"
                            }
                          ]
                        },
                        {
                          "Node Type": "Index Scan",
                          "Parent Relationship": "Inner",
                          "Parallel Aware": false,
                          "Scan Direction": "Forward",
                          "Index Name": "title_pkey",
                          "Relation Name": "title",
                          "Alias": "t",
                          "Startup Cost": 0.43,
                          "Total Cost": 6.27,
                          "Plan Rows": 1,
                          "Plan Width": 4,
                          "Actual Startup Time": 0.01,
                          "Actual Total Time": 0.01,
                          "Actual Rows": 0,
                          "Actual Loops": 8567,
                          "Index Cond": "(id = mk.movie_id)",
                          "Rows Removed by Index Recheck": 0,
                          "Filter": "(production_year > 2012)",
                          "Rows Removed by Filter": 1
                        }
                      ]
                    },
                    {
                      "Node Type": "Index Only Scan",
                      "Parent Relationship": "Inner",
                      "Parallel Aware": false,
                      "Scan Direction": "Forward",
                      "Index Name": "movie_id_cast_info",
                      "Relation Name": "cast_info",
                      "Alias": "ci",
                      "Startup Cost": 0.56,
                      "Total Cost": 19.06,
                      "Plan Rows": 37,
                      "Plan Width": 4,
                      "Actual Startup Time": 0.037,
                      "Actual Total Time": 0.163,
                      "Actual Rows": 16,
                      "Actual Loops": 63,
                      "Index Cond": "(movie_id = t.id)",
                      "Rows Removed by Index Recheck": 0,
                      "Heap Fetches": 990
                    }
                  ]
                }
              ]
            }
          ]
        }
      ]
    },
    "Planning Time": 1.325,
    "Triggers": [],
    "Execution Time": 47.091
  }
]