[
    {
        "Bao": {
            "Bao prediction": "NaN",
            "Bao recommended hint": "(no hint)"
        }
    },
    {
        "Plan": {
            "Node Type": "Aggregate",
            "Strategy": "Plain",
            "Partial Mode": "Finalize",
            "Parallel Aware": false,
            "Startup Cost": 342788.26,
            "Total Cost": 342788.27,
            "Plan Rows": 1,
            "Plan Width": 8,
            "Actual Startup Time": 913.664,
            "Actual Total Time": 944.243,
            "Actual Rows": 1,
            "Actual Loops": 1,
            "Output": [
                "count(*)"
            ],
            "Plans": [
                {
                    "Node Type": "Gather",
                    "Parent Relationship": "Outer",
                    "Parallel Aware": false,
                    "Startup Cost": 342787.64,
                    "Total Cost": 342788.25,
                    "Plan Rows": 6,
                    "Plan Width": 8,
                    "Actual Startup Time": 913.519,
                    "Actual Total Time": 944.229,
                    "Actual Rows": 7,
                    "Actual Loops": 1,
                    "Output": [
                        "(PARTIAL count(*))"
                    ],
                    "Workers Planned": 6,
                    "Workers Launched": 6,
                    "Single Copy": false,
                    "Plans": [
                        {
                            "Node Type": "Aggregate",
                            "Strategy": "Plain",
                            "Partial Mode": "Partial",
                            "Parent Relationship": "Outer",
                            "Parallel Aware": false,
                            "Startup Cost": 341787.64,
                            "Total Cost": 341787.65,
                            "Plan Rows": 1,
                            "Plan Width": 8,
                            "Actual Startup Time": 903.836,
                            "Actual Total Time": 903.837,
                            "Actual Rows": 1,
                            "Actual Loops": 7,
                            "Output": [
                                "PARTIAL count(*)"
                            ],
                            "Workers": [
                                {
                                    "Worker Number": 0,
                                    "Actual Startup Time": 901.426,
                                    "Actual Total Time": 901.428,
                                    "Actual Rows": 1,
                                    "Actual Loops": 1
                                },
                                {
                                    "Worker Number": 1,
                                    "Actual Startup Time": 901.783,
                                    "Actual Total Time": 901.784,
                                    "Actual Rows": 1,
                                    "Actual Loops": 1
                                },
                                {
                                    "Worker Number": 2,
                                    "Actual Startup Time": 902.259,
                                    "Actual Total Time": 902.259,
                                    "Actual Rows": 1,
                                    "Actual Loops": 1
                                },
                                {
                                    "Worker Number": 3,
                                    "Actual Startup Time": 902.673,
                                    "Actual Total Time": 902.674,
                                    "Actual Rows": 1,
                                    "Actual Loops": 1
                                },
                                {
                                    "Worker Number": 4,
                                    "Actual Startup Time": 902.688,
                                    "Actual Total Time": 902.689,
                                    "Actual Rows": 1,
                                    "Actual Loops": 1
                                },
                                {
                                    "Worker Number": 5,
                                    "Actual Startup Time": 903.051,
                                    "Actual Total Time": 903.052,
                                    "Actual Rows": 1,
                                    "Actual Loops": 1
                                }
                            ],
                            "Plans": [
                                {
                                    "Node Type": "Seq Scan",
                                    "Parent Relationship": "Outer",
                                    "Parallel Aware": true,
                                    "Relation Name": "cast_info",
                                    "Schema": "public",
                                    "Alias": "ci",
                                    "Startup Cost": 0.0,
                                    "Total Cost": 328213.62,
                                    "Plan Rows": 5429608,
                                    "Plan Width": 0,
                                    "Actual Startup Time": 52.999,
                                    "Actual Total Time": 667.643,
                                    "Actual Rows": 4645064,
                                    "Actual Loops": 7,
                                    "Output": [
                                        "id",
                                        "person_id",
                                        "movie_id",
                                        "person_role_id",
                                        "note",
                                        "nr_order",
                                        "role_id"
                                    ],
                                    "Filter": "(ci.person_id > 357302)",
                                    "Rows Removed by Filter": 532699,
                                    "Workers": [
                                        {
                                            "Worker Number": 0,
                                            "Actual Startup Time": 50.598,
                                            "Actual Total Time": 667.702,
                                            "Actual Rows": 3554514,
                                            "Actual Loops": 1
                                        },
                                        {
                                            "Worker Number": 1,
                                            "Actual Startup Time": 50.936,
                                            "Actual Total Time": 667.746,
                                            "Actual Rows": 3560517,
                                            "Actual Loops": 1
                                        },
                                        {
                                            "Worker Number": 2,
                                            "Actual Startup Time": 51.428,
                                            "Actual Total Time": 668.646,
                                            "Actual Rows": 3555175,
                                            "Actual Loops": 1
                                        },
                                        {
                                            "Worker Number": 3,
                                            "Actual Startup Time": 51.841,
                                            "Actual Total Time": 669.526,
                                            "Actual Rows": 3550833,
                                            "Actual Loops": 1
                                        },
                                        {
                                            "Worker Number": 4,
                                            "Actual Startup Time": 51.849,
                                            "Actual Total Time": 670.413,
                                            "Actual Rows": 5743317,
                                            "Actual Loops": 1
                                        },
                                        {
                                            "Worker Number": 5,
                                            "Actual Startup Time": 52.208,
                                            "Actual Total Time": 672.306,
                                            "Actual Rows": 5639052,
                                            "Actual Loops": 1
                                        }
                                    ]
                                }
                            ]
                        }
                    ]
                }
            ]
        },
        "Planning Time": 225.525,
        "Triggers": [],
        "Execution Time": 944.306
    }
]