[
    {
        "Bao": {
            "Bao prediction": "NaN",
            "Bao recommended hint": "(no hint)"
        }
    },
    {
        "Plan": {
            "Node Type": "Aggregate",
            "Strategy": "Plain",
            "Partial Mode": "Finalize",
            "Parallel Aware": false,
            "Startup Cost": 189528.67,
            "Total Cost": 189528.68,
            "Plan Rows": 1,
            "Plan Width": 8,
            "Actual Startup Time": 461.497,
            "Actual Total Time": 496.448,
            "Actual Rows": 1,
            "Actual Loops": 1,
            "Output": [
                "count(*)"
            ],
            "Plans": [
                {
                    "Node Type": "Gather",
                    "Parent Relationship": "Outer",
                    "Parallel Aware": false,
                    "Startup Cost": 189528.25,
                    "Total Cost": 189528.66,
                    "Plan Rows": 4,
                    "Plan Width": 8,
                    "Actual Startup Time": 456.029,
                    "Actual Total Time": 496.433,
                    "Actual Rows": 5,
                    "Actual Loops": 1,
                    "Output": [
                        "(PARTIAL count(*))"
                    ],
                    "Workers Planned": 4,
                    "Workers Launched": 4,
                    "Single Copy": false,
                    "Plans": [
                        {
                            "Node Type": "Aggregate",
                            "Strategy": "Plain",
                            "Partial Mode": "Partial",
                            "Parent Relationship": "Outer",
                            "Parallel Aware": false,
                            "Startup Cost": 188528.25,
                            "Total Cost": 188528.26,
                            "Plan Rows": 1,
                            "Plan Width": 8,
                            "Actual Startup Time": 445.609,
                            "Actual Total Time": 445.613,
                            "Actual Rows": 1,
                            "Actual Loops": 5,
                            "Output": [
                                "PARTIAL count(*)"
                            ],
                            "Workers": [
                                {
                                    "Worker Number": 0,
                                    "Actual Startup Time": 442.85,
                                    "Actual Total Time": 442.854,
                                    "Actual Rows": 1,
                                    "Actual Loops": 1
                                },
                                {
                                    "Worker Number": 1,
                                    "Actual Startup Time": 443.687,
                                    "Actual Total Time": 443.69,
                                    "Actual Rows": 1,
                                    "Actual Loops": 1
                                },
                                {
                                    "Worker Number": 2,
                                    "Actual Startup Time": 442.784,
                                    "Actual Total Time": 442.788,
                                    "Actual Rows": 1,
                                    "Actual Loops": 1
                                },
                                {
                                    "Worker Number": 3,
                                    "Actual Startup Time": 443.232,
                                    "Actual Total Time": 443.236,
                                    "Actual Rows": 1,
                                    "Actual Loops": 1
                                }
                            ],
                            "Plans": [
                                {
                                    "Node Type": "Nested Loop",
                                    "Parent Relationship": "Outer",
                                    "Parallel Aware": false,
                                    "Join Type": "Inner",
                                    "Startup Cost": 49168.46,
                                    "Total Cost": 188345.71,
                                    "Plan Rows": 73016,
                                    "Plan Width": 0,
                                    "Actual Startup Time": 213.923,
                                    "Actual Total Time": 435.816,
                                    "Actual Rows": 110757,
                                    "Actual Loops": 5,
                                    "Inner Unique": false,
                                    "Workers": [
                                        {
                                            "Worker Number": 0,
                                            "Actual Startup Time": 212.173,
                                            "Actual Total Time": 433.264,
                                            "Actual Rows": 83400,
                                            "Actual Loops": 1
                                        },
                                        {
                                            "Worker Number": 1,
                                            "Actual Startup Time": 210.952,
                                            "Actual Total Time": 434.229,
                                            "Actual Rows": 81859,
                                            "Actual Loops": 1
                                        },
                                        {
                                            "Worker Number": 2,
                                            "Actual Startup Time": 211.688,
                                            "Actual Total Time": 433.047,
                                            "Actual Rows": 82641,
                                            "Actual Loops": 1
                                        },
                                        {
                                            "Worker Number": 3,
                                            "Actual Startup Time": 210.688,
                                            "Actual Total Time": 435.423,
                                            "Actual Rows": 120175,
                                            "Actual Loops": 1
                                        }
                                    ],
                                    "Plans": [
                                        {
                                            "Node Type": "Hash Join",
                                            "Parent Relationship": "Outer",
                                            "Parallel Aware": true,
                                            "Join Type": "Inner",
                                            "Startup Cost": 49167.89,
                                            "Total Cost": 170542.35,
                                            "Plan Rows": 5092,
                                            "Plan Width": 8,
                                            "Actual Startup Time": 213.815,
                                            "Actual Total Time": 223.442,
                                            "Actual Rows": 2573,
                                            "Actual Loops": 5,
                                            "Output": [
                                                "t.id",
                                                "mi.movie_id"
                                            ],
                                            "Inner Unique": true,
                                            "Hash Cond": "(mi.movie_id = t.id)",
                                            "Workers": [
                                                {
                                                    "Worker Number": 0,
                                                    "Actual Startup Time": 212.063,
                                                    "Actual Total Time": 219.556,
                                                    "Actual Rows": 1990,
                                                    "Actual Loops": 1
                                                },
                                                {
                                                    "Worker Number": 1,
                                                    "Actual Startup Time": 210.812,
                                                    "Actual Total Time": 220.061,
                                                    "Actual Rows": 1951,
                                                    "Actual Loops": 1
                                                },
                                                {
                                                    "Worker Number": 2,
                                                    "Actual Startup Time": 211.581,
                                                    "Actual Total Time": 218.668,
                                                    "Actual Rows": 1890,
                                                    "Actual Loops": 1
                                                },
                                                {
                                                    "Worker Number": 3,
                                                    "Actual Startup Time": 210.55,
                                                    "Actual Total Time": 219.923,
                                                    "Actual Rows": 2782,
                                                    "Actual Loops": 1
                                                }
                                            ],
                                            "Plans": [
                                                {
                                                    "Node Type": "Bitmap Heap Scan",
                                                    "Parent Relationship": "Outer",
                                                    "Parallel Aware": true,
                                                    "Relation Name": "movie_info",
                                                    "Schema": "public",
                                                    "Alias": "mi",
                                                    "Startup Cost": 1152.15,
                                                    "Total Cost": 122484.97,
                                                    "Plan Rows": 15862,
                                                    "Plan Width": 4,
                                                    "Actual Startup Time": 7.75,
                                                    "Actual Total Time": 15.378,
                                                    "Actual Rows": 12226,
                                                    "Actual Loops": 5,
                                                    "Output": [
                                                        "mi.id",
                                                        "mi.movie_id",
                                                        "mi.info_type_id",
                                                        "mi.info",
                                                        "mi.note"
                                                    ],
                                                    "Recheck Cond": "(mi.info_type_id = 103)",
                                                    "Rows Removed by Index Recheck": 0,
                                                    "Exact Heap Blocks": 1795,
                                                    "Lossy Heap Blocks": 0,
                                                    "Workers": [
                                                        {
                                                            "Worker Number": 0,
                                                            "Actual Startup Time": 7.738,
                                                            "Actual Total Time": 15.472,
                                                            "Actual Rows": 9001,
                                                            "Actual Loops": 1
                                                        },
                                                        {
                                                            "Worker Number": 1,
                                                            "Actual Startup Time": 7.744,
                                                            "Actual Total Time": 15.048,
                                                            "Actual Rows": 9886,
                                                            "Actual Loops": 1
                                                        },
                                                        {
                                                            "Worker Number": 2,
                                                            "Actual Startup Time": 7.726,
                                                            "Actual Total Time": 14.762,
                                                            "Actual Rows": 8686,
                                                            "Actual Loops": 1
                                                        },
                                                        {
                                                            "Worker Number": 3,
                                                            "Actual Startup Time": 7.937,
                                                            "Actual Total Time": 15.191,
                                                            "Actual Rows": 11899,
                                                            "Actual Loops": 1
                                                        }
                                                    ],
                                                    "Plans": [
                                                        {
                                                            "Node Type": "Bitmap Index Scan",
                                                            "Parent Relationship": "Outer",
                                                            "Parallel Aware": false,
                                                            "Index Name": "info_type_id_movie_info",
                                                            "Startup Cost": 0.0,
                                                            "Total Cost": 1136.29,
                                                            "Plan Rows": 63447,
                                                            "Plan Width": 0,
                                                            "Actual Startup Time": 6.568,
                                                            "Actual Total Time": 6.568,
                                                            "Actual Rows": 61128,
                                                            "Actual Loops": 1,
                                                            "Index Cond": "(mi.info_type_id = 103)"
                                                        }
                                                    ]
                                                },
                                                {
                                                    "Node Type": "Hash",
                                                    "Parent Relationship": "Inner",
                                                    "Parallel Aware": true,
                                                    "Startup Cost": 45479.21,
                                                    "Total Cost": 45479.21,
                                                    "Plan Rows": 202923,
                                                    "Plan Width": 4,
                                                    "Actual Startup Time": 195.583,
                                                    "Actual Total Time": 195.584,
                                                    "Actual Rows": 175237,
                                                    "Actual Loops": 5,
                                                    "Output": [
                                                        "t.id"
                                                    ],
                                                    "Hash Buckets": 1048576,
                                                    "Original Hash Buckets": 1048576,
                                                    "Hash Batches": 1,
                                                    "Original Hash Batches": 1,
                                                    "Peak Memory Usage": 42560,
                                                    "Workers": [
                                                        {
                                                            "Worker Number": 0,
                                                            "Actual Startup Time": 195.424,
                                                            "Actual Total Time": 195.425,
                                                            "Actual Rows": 157768,
                                                            "Actual Loops": 1
                                                        },
                                                        {
                                                            "Worker Number": 1,
                                                            "Actual Startup Time": 195.514,
                                                            "Actual Total Time": 195.515,
                                                            "Actual Rows": 160609,
                                                            "Actual Loops": 1
                                                        },
                                                        {
                                                            "Worker Number": 2,
                                                            "Actual Startup Time": 195.404,
                                                            "Actual Total Time": 195.404,
                                                            "Actual Rows": 155006,
                                                            "Actual Loops": 1
                                                        },
                                                        {
                                                            "Worker Number": 3,
                                                            "Actual Startup Time": 195.896,
                                                            "Actual Total Time": 195.897,
                                                            "Actual Rows": 190805,
                                                            "Actual Loops": 1
                                                        }
                                                    ],
                                                    "Plans": [
                                                        {
                                                            "Node Type": "Seq Scan",
                                                            "Parent Relationship": "Outer",
                                                            "Parallel Aware": true,
                                                            "Relation Name": "title",
                                                            "Schema": "public",
                                                            "Alias": "t",
                                                            "Startup Cost": 0.0,
                                                            "Total Cost": 45479.21,
                                                            "Plan Rows": 202923,
                                                            "Plan Width": 4,
                                                            "Actual Startup Time": 0.042,
                                                            "Actual Total Time": 110.103,
                                                            "Actual Rows": 175237,
                                                            "Actual Loops": 5,
                                                            "Output": [
                                                                "t.id"
                                                            ],
                                                            "Filter": "((t.kind_id > 1) AND (t.production_year > 2004))",
                                                            "Rows Removed by Filter": 330425,
                                                            "Workers": [
                                                                {
                                                                    "Worker Number": 0,
                                                                    "Actual Startup Time": 0.037,
                                                                    "Actual Total Time": 113.604,
                                                                    "Actual Rows": 157768,
                                                                    "Actual Loops": 1
                                                                },
                                                                {
                                                                    "Worker Number": 1,
                                                                    "Actual Startup Time": 0.044,
                                                                    "Actual Total Time": 114.275,
                                                                    "Actual Rows": 160609,
                                                                    "Actual Loops": 1
                                                                },
                                                                {
                                                                    "Worker Number": 2,
                                                                    "Actual Startup Time": 0.047,
                                                                    "Actual Total Time": 114.036,
                                                                    "Actual Rows": 155006,
                                                                    "Actual Loops": 1
                                                                },
                                                                {
                                                                    "Worker Number": 3,
                                                                    "Actual Startup Time": 0.064,
                                                                    "Actual Total Time": 104.297,
                                                                    "Actual Rows": 190805,
                                                                    "Actual Loops": 1
                                                                }
                                                            ]
                                                        }
                                                    ]
                                                }
                                            ]
                                        },
                                        {
                                            "Node Type": "Index Only Scan",
                                            "Parent Relationship": "Inner",
                                            "Parallel Aware": false,
                                            "Scan Direction": "Forward",
                                            "Index Name": "movie_id_cast_info",
                                            "Relation Name": "cast_info",
                                            "Schema": "public",
                                            "Alias": "ci",
                                            "Startup Cost": 0.56,
                                            "Total Cost": 3.12,
                                            "Plan Rows": 38,
                                            "Plan Width": 4,
                                            "Actual Startup Time": 0.013,
                                            "Actual Total Time": 0.077,
                                            "Actual Rows": 43,
                                            "Actual Loops": 12865,
                                            "Output": [
                                                "ci.movie_id"
                                            ],
                                            "Index Cond": "(ci.movie_id = t.id)",
                                            "Rows Removed by Index Recheck": 0,
                                            "Heap Fetches": 553783,
                                            "Workers": [
                                                {
                                                    "Worker Number": 0,
                                                    "Actual Startup Time": 0.017,
                                                    "Actual Total Time": 0.101,
                                                    "Actual Rows": 42,
                                                    "Actual Loops": 1990
                                                },
                                                {
                                                    "Worker Number": 1,
                                                    "Actual Startup Time": 0.018,
                                                    "Actual Total Time": 0.103,
                                                    "Actual Rows": 42,
                                                    "Actual Loops": 1951
                                                },
                                                {
                                                    "Worker Number": 2,
                                                    "Actual Startup Time": 0.018,
                                                    "Actual Total Time": 0.107,
                                                    "Actual Rows": 44,
                                                    "Actual Loops": 1890
                                                },
                                                {
                                                    "Worker Number": 3,
                                                    "Actual Startup Time": 0.013,
                                                    "Actual Total Time": 0.074,
                                                    "Actual Rows": 43,
                                                    "Actual Loops": 2782
                                                }
                                            ]
                                        }
                                    ]
                                }
                            ]
                        }
                    ]
                }
            ]
        },
        "Planning Time": 313.329,
        "Triggers": [],
        "Execution Time": 496.586
    }
]