{
  "Plan": {
    "Node Type": "Aggregate",
    "Strategy": "Plain",
    "Partial Mode": "Finalize",
    "Parallel Aware": false,
    "Startup Cost": 78505.45,
    "Total Cost": 78505.46,
    "Plan Rows": 1,
    "Plan Width": 8,
    "Actual Startup Time": 235.979,
    "Actual Total Time": 249.315,
    "Actual Rows": 1,
    "Actual Loops": 1,
    "Plans": [
      {
        "Node Type": "Gather",
        "Parent Relationship": "Outer",
        "Parallel Aware": false,
        "Startup Cost": 78505.34,
        "Total Cost": 78505.45,
        "Plan Rows": 1,
        "Plan Width": 8,
        "Actual Startup Time": 235.825,
        "Actual Total Time": 249.308,
        "Actual Rows": 2,
        "Actual Loops": 1,
        "Workers Planned": 1,
        "Workers Launched": 1,
        "Single Copy": false,
        "Plans": [
          {
            "Node Type": "Aggregate",
            "Strategy": "Plain",
            "Partial Mode": "Partial",
            "Parent Relationship": "Outer",
            "Parallel Aware": false,
            "Startup Cost": 77505.34,
            "Total Cost": 77505.35,
            "Plan Rows": 1,
            "Plan Width": 8,
            "Actual Startup Time": 232.982,
            "Actual Total Time": 232.985,
            "Actual Rows": 1,
            "Actual Loops": 2,
            "Plans": [
              {
                "Node Type": "Hash Join",
                "Parent Relationship": "Outer",
                "Parallel Aware": true,
                "Join Type": "Inner",
                "Startup Cost": 59221.64,
                "Total Cost": 77405.43,
                "Plan Rows": 39963,
                "Plan Width": 0,
                "Actual Startup Time": 139.205,
                "Actual Total Time": 232.932,
                "Actual Rows": 892,
                "Actual Loops": 2,
                "Inner Unique": true,
                "Hash Cond": "(mi_idx.movie_id = t.id)",
                "Plans": [
                  {
                    "Node Type": "Seq Scan",
                    "Parent Relationship": "Outer",
                    "Parallel Aware": true,
                    "Relation Name": "movie_info_idx",
                    "Alias": "mi_idx",
                    "Startup Cost": 0.0,
                    "Total Cost": 16052.85,
                    "Plan Rows": 811785,
                    "Plan Width": 4,
                    "Actual Startup Time": 0.019,
                    "Actual Total Time": 48.072,
                    "Actual Rows": 690018,
                    "Actual Loops": 2
                  },
                  {
                    "Node Type": "Hash",
                    "Parent Relationship": "Inner",
                    "Parallel Aware": true,
                    "Startup Cost": 58306.47,
                    "Total Cost": 58306.47,
                    "Plan Rows": 73214,
                    "Plan Width": 4,
                    "Actual Startup Time": 137.181,
                    "Actual Total Time": 137.182,
                    "Actual Rows": 4158,
                    "Actual Loops": 2,
                    "Hash Buckets": 131072,
                    "Original Hash Buckets": 131072,
                    "Hash Batches": 1,
                    "Original Hash Batches": 1,
                    "Peak Memory Usage": 1376,
                    "Plans": [
                      {
                        "Node Type": "Seq Scan",
                        "Parent Relationship": "Outer",
                        "Parallel Aware": true,
                        "Relation Name": "title",
                        "Alias": "t",
                        "Startup Cost": 0.0,
                        "Total Cost": 58306.47,
                        "Plan Rows": 73214,
                        "Plan Width": 4,
                        "Actual Startup Time": 0.057,
                        "Actual Total Time": 135.315,
                        "Actual Rows": 4158,
                        "Actual Loops": 2,
                        "Filter": "((kind_id > 1) AND (production_year < 1952))",
                        "Rows Removed by Filter": 1259998
                      }
                    ]
                  }
                ]
              }
            ]
          }
        ]
      }
    ]
  },
  "Planning Time": 0.275,
  "Triggers": [],
  "Execution Time": 249.365
}