{
  "Plan": {
    "Node Type": "Aggregate",
    "Strategy": "Plain",
    "Partial Mode": "Finalize",
    "Parallel Aware": false,
    "Startup Cost": 493637.09,
    "Total Cost": 493637.1,
    "Plan Rows": 1,
    "Plan Width": 8,
    "Actual Startup Time": 8749.555,
    "Actual Total Time": 8805.167,
    "Actual Rows": 1,
    "Actual Loops": 1,
    "Plans": [
      {
        "Node Type": "Gather",
        "Parent Relationship": "Outer",
        "Parallel Aware": false,
        "Startup Cost": 493636.98,
        "Total Cost": 493637.09,
        "Plan Rows": 1,
        "Plan Width": 8,
        "Actual Startup Time": 8738.579,
        "Actual Total Time": 8805.157,
        "Actual Rows": 2,
        "Actual Loops": 1,
        "Workers Planned": 1,
        "Workers Launched": 1,
        "Single Copy": false,
        "Plans": [
          {
            "Node Type": "Aggregate",
            "Strategy": "Plain",
            "Partial Mode": "Partial",
            "Parent Relationship": "Outer",
            "Parallel Aware": false,
            "Startup Cost": 492636.98,
            "Total Cost": 492636.99,
            "Plan Rows": 1,
            "Plan Width": 8,
            "Actual Startup Time": 8727.765,
            "Actual Total Time": 8729.447,
            "Actual Rows": 1,
            "Actual Loops": 2,
            "Plans": [
              {
                "Node Type": "Hash Join",
                "Parent Relationship": "Outer",
                "Parallel Aware": true,
                "Join Type": "Inner",
                "Startup Cost": 150264.05,
                "Total Cost": 479117.6,
                "Plan Rows": 5407752,
                "Plan Width": 0,
                "Actual Startup Time": 1225.341,
                "Actual Total Time": 6476.164,
                "Actual Rows": 56880866,
                "Actual Loops": 2,
                "Inner Unique": false,
                "Hash Cond": "(mi.movie_id = t.id)",
                "Plans": [
                  {
                    "Node Type": "Seq Scan",
                    "Parent Relationship": "Outer",
                    "Parallel Aware": true,
                    "Relation Name": "movie_info",
                    "Alias": "mi",
                    "Startup Cost": 0.0,
                    "Total Cost": 270696.42,
                    "Plan Rows": 5269362,
                    "Plan Width": 4,
                    "Actual Startup Time": 33.046,
                    "Actual Total Time": 722.543,
                    "Actual Rows": 4475378,
                    "Actual Loops": 2,
                    "Filter": "(info_type_id > 6)",
                    "Rows Removed by Filter": 2942482
                  },
                  {
                    "Node Type": "Hash",
                    "Parent Relationship": "Inner",
                    "Parallel Aware": true,
                    "Startup Cost": 131185.42,
                    "Total Cost": 131185.42,
                    "Plan Rows": 1526291,
                    "Plan Width": 8,
                    "Actual Startup Time": 1170.311,
                    "Actual Total Time": 1171.99,
                    "Actual Rows": 1295304,
                    "Actual Loops": 2,
                    "Hash Buckets": 4194304,
                    "Original Hash Buckets": 4194304,
                    "Hash Batches": 1,
                    "Original Hash Batches": 1,
                    "Peak Memory Usage": 134144,
                    "Plans": [
                      {
                        "Node Type": "Hash Join",
                        "Parent Relationship": "Outer",
                        "Parallel Aware": true,
                        "Join Type": "Inner",
                        "Startup Cost": 69460.7,
                        "Total Cost": 131185.42,
                        "Plan Rows": 1526291,
                        "Plan Width": 8,
                        "Actual Startup Time": 510.845,
                        "Actual Total Time": 937.537,
                        "Actual Rows": 1295304,
                        "Actual Loops": 2,
                        "Inner Unique": true,
                        "Hash Cond": "(mk.movie_id = t.id)",
                        "Plans": [
                          {
                            "Node Type": "Seq Scan",
                            "Parent Relationship": "Outer",
                            "Parallel Aware": true,
                            "Relation Name": "movie_keyword",
                            "Alias": "mk",
                            "Startup Cost": 0.0,
                            "Total Cost": 57718.19,
                            "Plan Rows": 1526291,
                            "Plan Width": 4,
                            "Actual Startup Time": 0.316,
                            "Actual Total Time": 200.067,
                            "Actual Rows": 1295304,
                            "Actual Loops": 2,
                            "Filter": "(keyword_id > 3321)",
                            "Rows Removed by Filter": 966661
                          },
                          {
                            "Node Type": "Hash",
                            "Parent Relationship": "Inner",
                            "Parallel Aware": true,
                            "Startup Cost": 50870.31,
                            "Total Cost": 50870.31,
                            "Plan Rows": 1487231,
                            "Plan Width": 4,
                            "Actual Startup Time": 498.371,
                            "Actual Total Time": 498.372,
                            "Actual Rows": 1264156,
                            "Actual Loops": 2,
                            "Hash Buckets": 4194304,
                            "Original Hash Buckets": 4194304,
                            "Hash Batches": 1,
                            "Original Hash Batches": 1,
                            "Peak Memory Usage": 131712,
                            "Plans": [
                              {
                                "Node Type": "Seq Scan",
                                "Parent Relationship": "Outer",
                                "Parallel Aware": true,
                                "Relation Name": "title",
                                "Alias": "t",
                                "Startup Cost": 0.0,
                                "Total Cost": 50870.31,
                                "Plan Rows": 1487231,
                                "Plan Width": 4,
                                "Actual Startup Time": 0.037,
                                "Actual Total Time": 147.271,
                                "Actual Rows": 1264156,
                                "Actual Loops": 2
                              }
                            ]
                          }
                        ]
                      }
                    ]
                  }
                ]
              }
            ]
          }
        ]
      }
    ]
  },
  "Planning Time": 0.93,
  "Triggers": [],
  "Execution Time": 8805.252
}