[
  {
    "Plan": {
      "Node Type": "Aggregate",
      "Strategy": "Plain",
      "Partial Mode": "Simple",
      "Parallel Aware": false,
      "Startup Cost": 21697.3,
      "Total Cost": 21697.31,
      "Plan Rows": 1,
      "Plan Width": 8,
      "Actual Startup Time": 42.74,
      "Actual Total Time": 42.741,
      "Actual Rows": 1,
      "Actual Loops": 1,
      "Plans": [
        {
          "Node Type": "Bitmap Heap Scan",
          "Parent Relationship": "Outer",
          "Parallel Aware": false,
          "Relation Name": "movie_companies",
          "Alias": "mc",
          "Startup Cost": 1718.59,
          "Total Cost": 21499.18,
          "Plan Rows": 79247,
          "Plan Width": 0,
          "Actual Startup Time": 14.078,
          "Actual Total Time": 35.634,
          "Actual Rows": 79054,
          "Actual Loops": 1,
          "Recheck Cond": "(company_id > 170656)",
          "Rows Removed by Index Recheck": 0,
          "Exact Heap Blocks": 2702,
          "Lossy Heap Blocks": 0,
          "Plans": [
            {
              "Node Type": "Bitmap Index Scan",
              "Parent Relationship": "Outer",
              "Parallel Aware": false,
              "Index Name": "company_id_movie_companies",
              "Startup Cost": 0.0,
              "Total Cost": 1698.78,
              "Plan Rows": 79247,
              "Plan Width": 0,
              "Actual Startup Time": 12.955,
              "Actual Total Time": 12.955,
              "Actual Rows": 79054,
              "Actual Loops": 1,
              "Index Cond": "(company_id > 170656)"
            }
          ]
        }
      ]
    },
    "Planning Time": 0.178,
    "Triggers": [],
    "Execution Time": 42.801
  }
]