[
  {
    "Plan": {
      "Node Type": "Aggregate",
      "Strategy": "Plain",
      "Partial Mode": "Finalize",
      "Parallel Aware": false,
      "Startup Cost": 383749.74,
      "Total Cost": 383749.75,
      "Plan Rows": 1,
      "Plan Width": 8,
      "Actual Startup Time": 1238.861,
      "Actual Total Time": 1288.668,
      "Actual Rows": 1,
      "Actual Loops": 1,
      "Plans": [
        {
          "Node Type": "Gather",
          "Parent Relationship": "Outer",
          "Parallel Aware": false,
          "Startup Cost": 383749.12,
          "Total Cost": 383749.73,
          "Plan Rows": 6,
          "Plan Width": 8,
          "Actual Startup Time": 1219.649,
          "Actual Total Time": 1288.657,
          "Actual Rows": 7,
          "Actual Loops": 1,
          "Workers Planned": 6,
          "Workers Launched": 6,
          "Single Copy": false,
          "Plans": [
            {
              "Node Type": "Aggregate",
              "Strategy": "Plain",
              "Partial Mode": "Partial",
              "Parent Relationship": "Outer",
              "Parallel Aware": false,
              "Startup Cost": 382749.12,
              "Total Cost": 382749.13,
              "Plan Rows": 1,
              "Plan Width": 8,
              "Actual Startup Time": 1194.697,
              "Actual Total Time": 1194.7,
              "Actual Rows": 1,
              "Actual Loops": 7,
              "Plans": [
                {
                  "Node Type": "Hash Join",
                  "Parent Relationship": "Outer",
                  "Parallel Aware": true,
                  "Join Type": "Inner",
                  "Startup Cost": 50220.38,
                  "Total Cost": 380643.1,
                  "Plan Rows": 842408,
                  "Plan Width": 0,
                  "Actual Startup Time": 652.786,
                  "Actual Total Time": 1160.901,
                  "Actual Rows": 718578,
                  "Actual Loops": 7,
                  "Inner Unique": true,
                  "Hash Cond": "(ci.movie_id = t.id)",
                  "Plans": [
                    {
                      "Node Type": "Seq Scan",
                      "Parent Relationship": "Outer",
                      "Parallel Aware": true,
                      "Relation Name": "cast_info",
                      "Alias": "ci",
                      "Startup Cost": 0.0,
                      "Total Cost": 328211.39,
                      "Plan Rows": 842408,
                      "Plan Width": 4,
                      "Actual Startup Time": 375.887,
                      "Actual Total Time": 544.748,
                      "Actual Rows": 718578,
                      "Actual Loops": 7,
                      "Filter": "(person_id > 3166229)",
                      "Rows Removed by Filter": 4459186
                    },
                    {
                      "Node Type": "Hash",
                      "Parent Relationship": "Inner",
                      "Parallel Aware": true,
                      "Startup Cost": 42319.06,
                      "Total Cost": 42319.06,
                      "Plan Rows": 632106,
                      "Plan Width": 4,
                      "Actual Startup Time": 269.577,
                      "Actual Total Time": 269.578,
                      "Actual Rows": 361187,
                      "Actual Loops": 7,
                      "Hash Buckets": 4194304,
                      "Original Hash Buckets": 4194304,
                      "Hash Batches": 1,
                      "Original Hash Batches": 1,
                      "Peak Memory Usage": 131808,
                      "Plans": [
                        {
                          "Node Type": "Seq Scan",
                          "Parent Relationship": "Outer",
                          "Parallel Aware": true,
                          "Relation Name": "title",
                          "Alias": "t",
                          "Startup Cost": 0.0,
                          "Total Cost": 42319.06,
                          "Plan Rows": 632106,
                          "Plan Width": 4,
                          "Actual Startup Time": 0.058,
                          "Actual Total Time": 79.267,
                          "Actual Rows": 361187,
                          "Actual Loops": 7
                        }
                      ]
                    }
                  ]
                }
              ]
            }
          ]
        }
      ]
    },
    "Planning Time": 0.652,
    "Triggers": [],
    "Execution Time": 1288.753
  }
]