[
  {
    "Plan": {
      "Node Type": "Aggregate",
      "Strategy": "Plain",
      "Partial Mode": "Finalize",
      "Parallel Aware": false,
      "Startup Cost": 45032.22,
      "Total Cost": 45032.23,
      "Plan Rows": 1,
      "Plan Width": 8,
      "Actual Startup Time": 139.926,
      "Actual Total Time": 149.648,
      "Actual Rows": 1,
      "Actual Loops": 1,
      "Plans": [
        {
          "Node Type": "Gather",
          "Parent Relationship": "Outer",
          "Parallel Aware": false,
          "Startup Cost": 45031.9,
          "Total Cost": 45032.21,
          "Plan Rows": 3,
          "Plan Width": 8,
          "Actual Startup Time": 139.8,
          "Actual Total Time": 149.64,
          "Actual Rows": 4,
          "Actual Loops": 1,
          "Workers Planned": 3,
          "Workers Launched": 3,
          "Single Copy": false,
          "Plans": [
            {
              "Node Type": "Aggregate",
              "Strategy": "Plain",
              "Partial Mode": "Partial",
              "Parent Relationship": "Outer",
              "Parallel Aware": false,
              "Startup Cost": 44031.9,
              "Total Cost": 44031.91,
              "Plan Rows": 1,
              "Plan Width": 8,
              "Actual Startup Time": 131.568,
              "Actual Total Time": 131.569,
              "Actual Rows": 1,
              "Actual Loops": 4,
              "Plans": [
                {
                  "Node Type": "Seq Scan",
                  "Parent Relationship": "Outer",
                  "Parallel Aware": true,
                  "Relation Name": "movie_keyword",
                  "Alias": "mk",
                  "Startup Cost": 0.0,
                  "Total Cost": 42695.65,
                  "Plan Rows": 534499,
                  "Plan Width": 0,
                  "Actual Startup Time": 0.068,
                  "Actual Total Time": 111.519,
                  "Actual Rows": 418779,
                  "Actual Loops": 4,
                  "Filter": "(keyword_id < 2567)",
                  "Rows Removed by Filter": 712203
                }
              ]
            }
          ]
        }
      ]
    },
    "Planning Time": 0.183,
    "Triggers": [],
    "Execution Time": 149.704
  }
]