{
  "Plan": {
    "Node Type": "Aggregate",
    "Strategy": "Plain",
    "Partial Mode": "Finalize",
    "Parallel Aware": false,
    "Startup Cost": 124510.25,
    "Total Cost": 124510.26,
    "Plan Rows": 1,
    "Plan Width": 8,
    "Actual Startup Time": 797.943,
    "Actual Total Time": 818.243,
    "Actual Rows": 1,
    "Actual Loops": 1,
    "Plans": [
      {
        "Node Type": "Gather",
        "Parent Relationship": "Outer",
        "Parallel Aware": false,
        "Startup Cost": 124510.14,
        "Total Cost": 124510.25,
        "Plan Rows": 1,
        "Plan Width": 8,
        "Actual Startup Time": 793.256,
        "Actual Total Time": 818.235,
        "Actual Rows": 2,
        "Actual Loops": 1,
        "Workers Planned": 1,
        "Workers Launched": 1,
        "Single Copy": false,
        "Plans": [
          {
            "Node Type": "Aggregate",
            "Strategy": "Plain",
            "Partial Mode": "Partial",
            "Parent Relationship": "Outer",
            "Parallel Aware": false,
            "Startup Cost": 123510.14,
            "Total Cost": 123510.15,
            "Plan Rows": 1,
            "Plan Width": 8,
            "Actual Startup Time": 780.66,
            "Actual Total Time": 780.663,
            "Actual Rows": 1,
            "Actual Loops": 2,
            "Plans": [
              {
                "Node Type": "Hash Join",
                "Parent Relationship": "Outer",
                "Parallel Aware": true,
                "Join Type": "Inner",
                "Startup Cost": 89340.07,
                "Total Cost": 122131.97,
                "Plan Rows": 551266,
                "Plan Width": 0,
                "Actual Startup Time": 569.802,
                "Actual Total Time": 760.135,
                "Actual Rows": 469468,
                "Actual Loops": 2,
                "Inner Unique": true,
                "Hash Cond": "(mk.movie_id = t.id)",
                "Plans": [
                  {
                    "Node Type": "Bitmap Heap Scan",
                    "Parent Relationship": "Outer",
                    "Parallel Aware": true,
                    "Relation Name": "movie_keyword",
                    "Alias": "mk",
                    "Startup Cost": 19879.37,
                    "Total Cost": 51224.2,
                    "Plan Rows": 551266,
                    "Plan Width": 4,
                    "Actual Startup Time": 52.392,
                    "Actual Total Time": 137.324,
                    "Actual Rows": 469468,
                    "Actual Loops": 2,
                    "Recheck Cond": "(keyword_id > 20184)",
                    "Rows Removed by Index Recheck": 0,
                    "Exact Heap Blocks": 13288,
                    "Lossy Heap Blocks": 0,
                    "Plans": [
                      {
                        "Node Type": "Bitmap Index Scan",
                        "Parent Relationship": "Outer",
                        "Parallel Aware": false,
                        "Index Name": "keyword_id_movie_keyword",
                        "Startup Cost": 0.0,
                        "Total Cost": 19645.08,
                        "Plan Rows": 937153,
                        "Plan Width": 0,
                        "Actual Startup Time": 48.835,
                        "Actual Total Time": 48.835,
                        "Actual Rows": 938935,
                        "Actual Loops": 1,
                        "Index Cond": "(keyword_id > 20184)"
                      }
                    ]
                  },
                  {
                    "Node Type": "Hash",
                    "Parent Relationship": "Inner",
                    "Parallel Aware": true,
                    "Startup Cost": 50870.31,
                    "Total Cost": 50870.31,
                    "Plan Rows": 1487231,
                    "Plan Width": 4,
                    "Actual Startup Time": 495.432,
                    "Actual Total Time": 495.433,
                    "Actual Rows": 1264156,
                    "Actual Loops": 2,
                    "Hash Buckets": 4194304,
                    "Original Hash Buckets": 4194304,
                    "Hash Batches": 1,
                    "Original Hash Batches": 1,
                    "Peak Memory Usage": 131712,
                    "Plans": [
                      {
                        "Node Type": "Seq Scan",
                        "Parent Relationship": "Outer",
                        "Parallel Aware": true,
                        "Relation Name": "title",
                        "Alias": "t",
                        "Startup Cost": 0.0,
                        "Total Cost": 50870.31,
                        "Plan Rows": 1487231,
                        "Plan Width": 4,
                        "Actual Startup Time": 0.024,
                        "Actual Total Time": 150.629,
                        "Actual Rows": 1264156,
                        "Actual Loops": 2
                      }
                    ]
                  }
                ]
              }
            ]
          }
        ]
      }
    ]
  },
  "Planning Time": 0.685,
  "Triggers": [],
  "Execution Time": 818.329
}