{
  "Plan": {
    "Node Type": "Aggregate",
    "Strategy": "Plain",
    "Partial Mode": "Finalize",
    "Parallel Aware": false,
    "Startup Cost": 360642.33,
    "Total Cost": 360642.34,
    "Plan Rows": 1,
    "Plan Width": 8,
    "Actual Startup Time": 585.98,
    "Actual Total Time": 600.699,
    "Actual Rows": 1,
    "Actual Loops": 1,
    "Plans": [
      {
        "Node Type": "Gather",
        "Parent Relationship": "Outer",
        "Parallel Aware": false,
        "Startup Cost": 360642.22,
        "Total Cost": 360642.33,
        "Plan Rows": 1,
        "Plan Width": 8,
        "Actual Startup Time": 584.104,
        "Actual Total Time": 600.69,
        "Actual Rows": 2,
        "Actual Loops": 1,
        "Workers Planned": 1,
        "Workers Launched": 1,
        "Single Copy": false,
        "Plans": [
          {
            "Node Type": "Aggregate",
            "Strategy": "Plain",
            "Partial Mode": "Partial",
            "Parent Relationship": "Outer",
            "Parallel Aware": false,
            "Startup Cost": 359642.22,
            "Total Cost": 359642.23,
            "Plan Rows": 1,
            "Plan Width": 8,
            "Actual Startup Time": 577.906,
            "Actual Total Time": 578.498,
            "Actual Rows": 1,
            "Actual Loops": 2,
            "Plans": [
              {
                "Node Type": "Hash Join",
                "Parent Relationship": "Outer",
                "Parallel Aware": true,
                "Join Type": "Inner",
                "Startup Cost": 93460.4,
                "Total Cost": 359616.63,
                "Plan Rows": 10235,
                "Plan Width": 0,
                "Actual Startup Time": 518.878,
                "Actual Total Time": 576.987,
                "Actual Rows": 32946,
                "Actual Loops": 2,
                "Inner Unique": false,
                "Hash Cond": "(ci.movie_id = t.id)",
                "Plans": [
                  {
                    "Node Type": "Bitmap Heap Scan",
                    "Parent Relationship": "Outer",
                    "Parallel Aware": true,
                    "Relation Name": "cast_info",
                    "Alias": "ci",
                    "Startup Cost": 9155.99,
                    "Total Cost": 274934.84,
                    "Plan Rows": 84578,
                    "Plan Width": 4,
                    "Actual Startup Time": 19.552,
                    "Actual Total Time": 47.262,
                    "Actual Rows": 152917,
                    "Actual Loops": 2,
                    "Recheck Cond": "(person_id < 46650)",
                    "Rows Removed by Index Recheck": 0,
                    "Filter": "(role_id = 1)",
                    "Rows Removed by Filter": 52736,
                    "Exact Heap Blocks": 2361,
                    "Lossy Heap Blocks": 0,
                    "Plans": [
                      {
                        "Node Type": "Bitmap Index Scan",
                        "Parent Relationship": "Outer",
                        "Parallel Aware": false,
                        "Index Name": "person_id_cast_info",
                        "Startup Cost": 0.0,
                        "Total Cost": 9120.04,
                        "Plan Rows": 417530,
                        "Plan Width": 0,
                        "Actual Startup Time": 18.955,
                        "Actual Total Time": 18.955,
                        "Actual Rows": 411306,
                        "Actual Loops": 1,
                        "Index Cond": "(person_id < 46650)"
                      }
                    ]
                  },
                  {
                    "Node Type": "Hash",
                    "Parent Relationship": "Inner",
                    "Parallel Aware": true,
                    "Startup Cost": 82054.64,
                    "Total Cost": 82054.64,
                    "Plan Rows": 179982,
                    "Plan Width": 8,
                    "Actual Startup Time": 493.804,
                    "Actual Total Time": 494.394,
                    "Actual Rows": 142596,
                    "Actual Loops": 2,
                    "Hash Buckets": 524288,
                    "Original Hash Buckets": 524288,
                    "Hash Batches": 1,
                    "Original Hash Batches": 1,
                    "Peak Memory Usage": 15296,
                    "Plans": [
                      {
                        "Node Type": "Hash Join",
                        "Parent Relationship": "Outer",
                        "Parallel Aware": true,
                        "Join Type": "Inner",
                        "Startup Cost": 21471.87,
                        "Total Cost": 82054.64,
                        "Plan Rows": 179982,
                        "Plan Width": 8,
                        "Actual Startup Time": 123.439,
                        "Actual Total Time": 455.705,
                        "Actual Rows": 142596,
                        "Actual Loops": 2,
                        "Inner Unique": false,
                        "Hash Cond": "(t.id = mi_idx.movie_id)",
                        "Plans": [
                          {
                            "Node Type": "Seq Scan",
                            "Parent Relationship": "Outer",
                            "Parallel Aware": true,
                            "Relation Name": "title",
                            "Alias": "t",
                            "Startup Cost": 0.0,
                            "Total Cost": 54588.39,
                            "Plan Rows": 987132,
                            "Plan Width": 4,
                            "Actual Startup Time": 0.01,
                            "Actual Total Time": 151.046,
                            "Actual Rows": 836770,
                            "Actual Loops": 2,
                            "Filter": "(production_year > 1993)",
                            "Rows Removed by Filter": 427386
                          },
                          {
                            "Node Type": "Hash",
                            "Parent Relationship": "Inner",
                            "Parallel Aware": true,
                            "Startup Cost": 18082.32,
                            "Total Cost": 18082.32,
                            "Plan Rows": 271164,
                            "Plan Width": 4,
                            "Actual Startup Time": 119.523,
                            "Actual Total Time": 119.524,
                            "Actual Rows": 230092,
                            "Actual Loops": 2,
                            "Hash Buckets": 524288,
                            "Original Hash Buckets": 524288,
                            "Hash Batches": 1,
                            "Original Hash Batches": 1,
                            "Peak Memory Usage": 22144,
                            "Plans": [
                              {
                                "Node Type": "Seq Scan",
                                "Parent Relationship": "Outer",
                                "Parallel Aware": true,
                                "Relation Name": "movie_info_idx",
                                "Alias": "mi_idx",
                                "Startup Cost": 0.0,
                                "Total Cost": 18082.32,
                                "Plan Rows": 271164,
                                "Plan Width": 4,
                                "Actual Startup Time": 0.062,
                                "Actual Total Time": 67.303,
                                "Actual Rows": 230092,
                                "Actual Loops": 2,
                                "Filter": "(info_type_id > 100)",
                                "Rows Removed by Filter": 459925
                              }
                            ]
                          }
                        ]
                      }
                    ]
                  }
                ]
              }
            ]
          }
        ]
      }
    ]
  },
  "Planning Time": 1.13,
  "Triggers": [],
  "Execution Time": 600.809
}