[
  {
    "Plan": {
      "Node Type": "Aggregate",
      "Strategy": "Plain",
      "Partial Mode": "Finalize",
      "Parallel Aware": false,
      "Startup Cost": 32246.04,
      "Total Cost": 32246.05,
      "Plan Rows": 1,
      "Plan Width": 8,
      "Actual Startup Time": 107.262,
      "Actual Total Time": 114.994,
      "Actual Rows": 1,
      "Actual Loops": 1,
      "Plans": [
        {
          "Node Type": "Gather",
          "Parent Relationship": "Outer",
          "Parallel Aware": false,
          "Startup Cost": 32245.72,
          "Total Cost": 32246.03,
          "Plan Rows": 3,
          "Plan Width": 8,
          "Actual Startup Time": 107.163,
          "Actual Total Time": 114.986,
          "Actual Rows": 4,
          "Actual Loops": 1,
          "Workers Planned": 3,
          "Workers Launched": 3,
          "Single Copy": false,
          "Plans": [
            {
              "Node Type": "Aggregate",
              "Strategy": "Plain",
              "Partial Mode": "Partial",
              "Parent Relationship": "Outer",
              "Parallel Aware": false,
              "Startup Cost": 31245.72,
              "Total Cost": 31245.73,
              "Plan Rows": 1,
              "Plan Width": 8,
              "Actual Startup Time": 102.613,
              "Actual Total Time": 102.614,
              "Actual Rows": 1,
              "Actual Loops": 4,
              "Plans": [
                {
                  "Node Type": "Seq Scan",
                  "Parent Relationship": "Outer",
                  "Parallel Aware": true,
                  "Relation Name": "movie_companies",
                  "Alias": "mc",
                  "Startup Cost": 0.0,
                  "Total Cost": 29310.68,
                  "Plan Rows": 774015,
                  "Plan Width": 0,
                  "Actual Startup Time": 0.062,
                  "Actual Total Time": 77.379,
                  "Actual Rows": 599766,
                  "Actual Loops": 4,
                  "Filter": "(company_id > 68)",
                  "Rows Removed by Filter": 52516
                }
              ]
            }
          ]
        }
      ]
    },
    "Planning Time": 0.191,
    "Triggers": [],
    "Execution Time": 115.048
  }
]