[
  {
    "Plan": {
      "Node Type": "Aggregate",
      "Strategy": "Plain",
      "Partial Mode": "Finalize",
      "Parallel Aware": false,
      "Startup Cost": 30900.02,
      "Total Cost": 30900.03,
      "Plan Rows": 1,
      "Plan Width": 8,
      "Actual Startup Time": 74.313,
      "Actual Total Time": 82.105,
      "Actual Rows": 1,
      "Actual Loops": 1,
      "Plans": [
        {
          "Node Type": "Gather",
          "Parent Relationship": "Outer",
          "Parallel Aware": false,
          "Startup Cost": 30899.7,
          "Total Cost": 30900.01,
          "Plan Rows": 3,
          "Plan Width": 8,
          "Actual Startup Time": 74.171,
          "Actual Total Time": 82.099,
          "Actual Rows": 4,
          "Actual Loops": 1,
          "Workers Planned": 3,
          "Workers Launched": 3,
          "Single Copy": false,
          "Plans": [
            {
              "Node Type": "Aggregate",
              "Strategy": "Plain",
              "Partial Mode": "Partial",
              "Parent Relationship": "Outer",
              "Parallel Aware": false,
              "Startup Cost": 29899.7,
              "Total Cost": 29899.71,
              "Plan Rows": 1,
              "Plan Width": 8,
              "Actual Startup Time": 70.757,
              "Actual Total Time": 70.758,
              "Actual Rows": 1,
              "Actual Loops": 4,
              "Plans": [
                {
                  "Node Type": "Seq Scan",
                  "Parent Relationship": "Outer",
                  "Parallel Aware": true,
                  "Relation Name": "movie_companies",
                  "Alias": "mc",
                  "Startup Cost": 0.0,
                  "Total Cost": 29310.68,
                  "Plan Rows": 235609,
                  "Plan Width": 0,
                  "Actual Startup Time": 18.882,
                  "Actual Total Time": 63.309,
                  "Actual Rows": 180884,
                  "Actual Loops": 4,
                  "Filter": "(company_id > 41650)",
                  "Rows Removed by Filter": 471398
                }
              ]
            }
          ]
        }
      ]
    },
    "Planning Time": 0.084,
    "Triggers": [],
    "Execution Time": 82.132
  }
]