[
  {
    "Plan": {
      "Node Type": "Aggregate",
      "Strategy": "Plain",
      "Partial Mode": "Simple",
      "Parallel Aware": false,
      "Startup Cost": 1051517.41,
      "Total Cost": 1051517.42,
      "Plan Rows": 1,
      "Plan Width": 128,
      "Actual Startup Time": 7144.138,
      "Actual Total Time": 7144.555,
      "Actual Rows": 1,
      "Actual Loops": 1,
      "Plans": [
        {
          "Node Type": "Merge Join",
          "Parent Relationship": "Outer",
          "Parallel Aware": false,
          "Join Type": "Inner",
          "Startup Cost": 863353.59,
          "Total Cost": 1051517.4,
          "Plan Rows": 1,
          "Plan Width": 81,
          "Actual Startup Time": 6999.295,
          "Actual Total Time": 7144.507,
          "Actual Rows": 28,
          "Actual Loops": 1,
          "Inner Unique": false,
          "Merge Cond": "(n.id = ci.person_id)",
          "Plans": [
            {
              "Node Type": "Index Scan",
              "Parent Relationship": "Outer",
              "Parallel Aware": false,
              "Scan Direction": "Forward",
              "Index Name": "name_pkey",
              "Relation Name": "name",
              "Alias": "n",
              "Startup Cost": 0.43,
              "Total Cost": 188590.4,
              "Plan Rows": 1751705,
              "Plan Width": 19,
              "Actual Startup Time": 0.024,
              "Actual Total Time": 861.593,
              "Actual Rows": 1669247,
              "Actual Loops": 1,
              "Filter": "((gender)::text = 'm'::text)",
              "Rows Removed by Filter": 0
            },
            {
              "Node Type": "Sort",
              "Parent Relationship": "Inner",
              "Parallel Aware": false,
              "Startup Cost": 863329.8,
              "Total Cost": 863329.81,
              "Plan Rows": 1,
              "Plan Width": 70,
              "Actual Startup Time": 6191.111,
              "Actual Total Time": 6191.534,
              "Actual Rows": 28,
              "Actual Loops": 1,
              "Sort Key": [
                "ci.person_id"
              ],
              "Sort Method": "quicksort",
              "Sort Space Used": 27,
              "Sort Space Type": "Memory",
              "Plans": [
                {
                  "Node Type": "Merge Join",
                  "Parent Relationship": "Outer",
                  "Parallel Aware": false,
                  "Join Type": "Inner",
                  "Startup Cost": 859295.07,
                  "Total Cost": 863329.79,
                  "Plan Rows": 1,
                  "Plan Width": 70,
                  "Actual Startup Time": 6157.931,
                  "Actual Total Time": 6191.495,
                  "Actual Rows": 28,
                  "Actual Loops": 1,
                  "Inner Unique": true,
                  "Merge Cond": "(mi.movie_id = t.id)",
                  "Plans": [
                    {
                      "Node Type": "Merge Join",
                      "Parent Relationship": "Outer",
                      "Parallel Aware": false,
                      "Join Type": "Inner",
                      "Startup Cost": 809601.67,
                      "Total Cost": 813634.49,
                      "Plan Rows": 1,
                      "Plan Width": 73,
                      "Actual Startup Time": 5484.469,
                      "Actual Total Time": 5547.415,
                      "Actual Rows": 6488,
                      "Actual Loops": 1,
                      "Inner Unique": false,
                      "Merge Cond": "(mi_idx.movie_id = mi.movie_id)",
                      "Plans": [
                        {
                          "Node Type": "Merge Join",
                          "Parent Relationship": "Outer",
                          "Parallel Aware": false,
                          "Join Type": "Inner",
                          "Startup Cost": 608127.75,
                          "Total Cost": 612156.84,
                          "Plan Rows": 1,
                          "Plan Width": 26,
                          "Actual Startup Time": 3992.518,
                          "Actual Total Time": 4043.814,
                          "Actual Rows": 11002,
                          "Actual Loops": 1,
                          "Inner Unique": false,
                          "Merge Cond": "(ci.movie_id = mi_idx.movie_id)",
                          "Plans": [
                            {
                              "Node Type": "Gather Merge",
                              "Parent Relationship": "Outer",
                              "Parallel Aware": false,
                              "Startup Cost": 381404.71,
                              "Total Cost": 385377.69,
                              "Plan Rows": 22713,
                              "Plan Width": 12,
                              "Actual Startup Time": 1338.733,
                              "Actual Total Time": 1372.087,
                              "Actual Rows": 15537,
                              "Actual Loops": 1,
                              "Workers Planned": 6,
                              "Workers Launched": 6,
                              "Plans": [
                                {
                                  "Node Type": "Merge Join",
                                  "Parent Relationship": "Outer",
                                  "Parallel Aware": false,
                                  "Join Type": "Inner",
                                  "Startup Cost": 380404.61,
                                  "Total Cost": 381617.12,
                                  "Plan Rows": 3786,
                                  "Plan Width": 12,
                                  "Actual Startup Time": 1320.066,
                                  "Actual Total Time": 1360.971,
                                  "Actual Rows": 2220,
                                  "Actual Loops": 7,
                                  "Inner Unique": false,
                                  "Merge Cond": "(ci.movie_id = cc.movie_id)",
                                  "Plans": [
                                    {
                                      "Node Type": "Sort",
                                      "Parent Relationship": "Outer",
                                      "Parallel Aware": false,
                                      "Startup Cost": 370261.84,
                                      "Total Cost": 370807.78,
                                      "Plan Rows": 218376,
                                      "Plan Width": 8,
                                      "Actual Startup Time": 1210.181,
                                      "Actual Total Time": 1228.887,
                                      "Actual Rows": 177817,
                                      "Actual Loops": 7,
                                      "Sort Key": [
                                        "ci.movie_id"
                                      ],
                                      "Sort Method": "quicksort",
                                      "Sort Space Used": 13593,
                                      "Sort Space Type": "Memory",
                                      "Workers": [
                                        {
                                          "Worker Number": 0,
                                          "Sort Method": "quicksort",
                                          "Sort Space Used": 13563,
                                          "Sort Space Type": "Memory"
                                        },
                                        {
                                          "Worker Number": 1,
                                          "Sort Method": "quicksort",
                                          "Sort Space Used": 13689,
                                          "Sort Space Type": "Memory"
                                        },
                                        {
                                          "Worker Number": 2,
                                          "Sort Method": "quicksort",
                                          "Sort Space Used": 16202,
                                          "Sort Space Type": "Memory"
                                        },
                                        {
                                          "Worker Number": 3,
                                          "Sort Method": "quicksort",
                                          "Sort Space Used": 13658,
                                          "Sort Space Type": "Memory"
                                        },
                                        {
                                          "Worker Number": 4,
                                          "Sort Method": "quicksort",
                                          "Sort Space Used": 13550,
                                          "Sort Space Type": "Memory"
                                        },
                                        {
                                          "Worker Number": 5,
                                          "Sort Method": "quicksort",
                                          "Sort Space Used": 17102,
                                          "Sort Space Type": "Memory"
                                        }
                                      ],
                                      "Plans": [
                                        {
                                          "Node Type": "Seq Scan",
                                          "Parent Relationship": "Outer",
                                          "Parallel Aware": true,
                                          "Relation Name": "cast_info",
                                          "Alias": "ci",
                                          "Startup Cost": 0.0,
                                          "Total Cost": 350895.76,
                                          "Plan Rows": 218376,
                                          "Plan Width": 8,
                                          "Actual Startup Time": 217.802,
                                          "Actual Total Time": 1142.074,
                                          "Actual Rows": 177817,
                                          "Actual Loops": 7,
                                          "Filter": "(note = ANY ('{(writer),\"(head writer)\",\"(written by)\",(story),\"(story editor)\"}'::text[]))",
                                          "Rows Removed by Filter": 4999947
                                        }
                                      ]
                                    },
                                    {
                                      "Node Type": "Sort",
                                      "Parent Relationship": "Inner",
                                      "Parallel Aware": false,
                                      "Startup Cost": 10142.65,
                                      "Total Cost": 10184.87,
                                      "Plan Rows": 16886,
                                      "Plan Width": 4,
                                      "Actual Startup Time": 109.532,
                                      "Actual Total Time": 112.167,
                                      "Actual Rows": 24385,
                                      "Actual Loops": 7,
                                      "Sort Key": [
                                        "cc.movie_id"
                                      ],
                                      "Sort Method": "quicksort",
                                      "Sort Space Used": 1921,
                                      "Sort Space Type": "Memory",
                                      "Workers": [
                                        {
                                          "Worker Number": 0,
                                          "Sort Method": "quicksort",
                                          "Sort Space Used": 1921,
                                          "Sort Space Type": "Memory"
                                        },
                                        {
                                          "Worker Number": 1,
                                          "Sort Method": "quicksort",
                                          "Sort Space Used": 1921,
                                          "Sort Space Type": "Memory"
                                        },
                                        {
                                          "Worker Number": 2,
                                          "Sort Method": "quicksort",
                                          "Sort Space Used": 1921,
                                          "Sort Space Type": "Memory"
                                        },
                                        {
                                          "Worker Number": 3,
                                          "Sort Method": "quicksort",
                                          "Sort Space Used": 1921,
                                          "Sort Space Type": "Memory"
                                        },
                                        {
                                          "Worker Number": 4,
                                          "Sort Method": "quicksort",
                                          "Sort Space Used": 1921,
                                          "Sort Space Type": "Memory"
                                        },
                                        {
                                          "Worker Number": 5,
                                          "Sort Method": "quicksort",
                                          "Sort Space Used": 1921,
                                          "Sort Space Type": "Memory"
                                        }
                                      ],
                                      "Plans": [
                                        {
                                          "Node Type": "Merge Join",
                                          "Parent Relationship": "Outer",
                                          "Parallel Aware": false,
                                          "Join Type": "Inner",
                                          "Startup Cost": 8619.23,
                                          "Total Cost": 8956.96,
                                          "Plan Rows": 16886,
                                          "Plan Width": 4,
                                          "Actual Startup Time": 97.506,
                                          "Actual Total Time": 102.339,
                                          "Actual Rows": 24592,
                                          "Actual Loops": 7,
                                          "Inner Unique": true,
                                          "Merge Cond": "(cc.subject_id = cct1.id)",
                                          "Plans": [
                                            {
                                              "Node Type": "Sort",
                                              "Parent Relationship": "Outer",
                                              "Parallel Aware": false,
                                              "Startup Cost": 8618.17,
                                              "Total Cost": 8702.6,
                                              "Plan Rows": 33772,
                                              "Plan Width": 8,
                                              "Actual Startup Time": 97.443,
                                              "Actual Total Time": 98.71,
                                              "Actual Rows": 24592,
                                              "Actual Loops": 7,
                                              "Sort Key": [
                                                "cc.subject_id"
                                              ],
                                              "Sort Method": "quicksort",
                                              "Sort Space Used": 1921,
                                              "Sort Space Type": "Memory",
                                              "Workers": [
                                                {
                                                  "Worker Number": 0,
                                                  "Sort Method": "quicksort",
                                                  "Sort Space Used": 1921,
                                                  "Sort Space Type": "Memory"
                                                },
                                                {
                                                  "Worker Number": 1,
                                                  "Sort Method": "quicksort",
                                                  "Sort Space Used": 1921,
                                                  "Sort Space Type": "Memory"
                                                },
                                                {
                                                  "Worker Number": 2,
                                                  "Sort Method": "quicksort",
                                                  "Sort Space Used": 1921,
                                                  "Sort Space Type": "Memory"
                                                },
                                                {
                                                  "Worker Number": 3,
                                                  "Sort Method": "quicksort",
                                                  "Sort Space Used": 1921,
                                                  "Sort Space Type": "Memory"
                                                },
                                                {
                                                  "Worker Number": 4,
                                                  "Sort Method": "quicksort",
                                                  "Sort Space Used": 1921,
                                                  "Sort Space Type": "Memory"
                                                },
                                                {
                                                  "Worker Number": 5,
                                                  "Sort Method": "quicksort",
                                                  "Sort Space Used": 1921,
                                                  "Sort Space Type": "Memory"
                                                }
                                              ],
                                              "Plans": [
                                                {
                                                  "Node Type": "Merge Join",
                                                  "Parent Relationship": "Outer",
                                                  "Parallel Aware": false,
                                                  "Join Type": "Inner",
                                                  "Startup Cost": 0.55,
                                                  "Total Cost": 6077.91,
                                                  "Plan Rows": 33772,
                                                  "Plan Width": 8,
                                                  "Actual Startup Time": 81.826,
                                                  "Actual Total Time": 92.195,
                                                  "Actual Rows": 24592,
                                                  "Actual Loops": 7,
                                                  "Inner Unique": true,
                                                  "Merge Cond": "(cc.status_id = cct2.id)",
                                                  "Plans": [
                                                    {
                                                      "Node Type": "Index Scan",
                                                      "Parent Relationship": "Outer",
                                                      "Parallel Aware": false,
                                                      "Scan Direction": "Forward",
                                                      "Index Name": "status_id_complete_cast",
                                                      "Relation Name": "complete_cast",
                                                      "Alias": "cc",
                                                      "Startup Cost": 0.42,
                                                      "Total Cost": 5390.28,
                                                      "Plan Rows": 135086,
                                                      "Plan Width": 12,
                                                      "Actual Startup Time": 12.537,
                                                      "Actual Total Time": 75.414,
                                                      "Actual Rows": 135086,
                                                      "Actual Loops": 7
                                                    },
                                                    {
                                                      "Node Type": "Index Scan",
                                                      "Parent Relationship": "Inner",
                                                      "Parallel Aware": false,
                                                      "Scan Direction": "Forward",
                                                      "Index Name": "comp_cast_type_pkey",
                                                      "Relation Name": "comp_cast_type",
                                                      "Alias": "cct2",
                                                      "Startup Cost": 0.13,
                                                      "Total Cost": 12.2,
                                                      "Plan Rows": 1,
                                                      "Plan Width": 4,
                                                      "Actual Startup Time": 0.032,
                                                      "Actual Total Time": 0.032,
                                                      "Actual Rows": 1,
                                                      "Actual Loops": 7,
                                                      "Filter": "((kind)::text = 'complete+verified'::text)",
                                                      "Rows Removed by Filter": 3
                                                    }
                                                  ]
                                                }
                                              ]
                                            },
                                            {
                                              "Node Type": "Sort",
                                              "Parent Relationship": "Inner",
                                              "Parallel Aware": false,
                                              "Startup Cost": 1.06,
                                              "Total Cost": 1.06,
                                              "Plan Rows": 2,
                                              "Plan Width": 4,
                                              "Actual Startup Time": 0.058,
                                              "Actual Total Time": 0.06,
                                              "Actual Rows": 2,
                                              "Actual Loops": 7,
                                              "Sort Key": [
                                                "cct1.id"
                                              ],
                                              "Sort Method": "quicksort",
                                              "Sort Space Used": 25,
                                              "Sort Space Type": "Memory",
                                              "Workers": [
                                                {
                                                  "Worker Number": 0,
                                                  "Sort Method": "quicksort",
                                                  "Sort Space Used": 25,
                                                  "Sort Space Type": "Memory"
                                                },
                                                {
                                                  "Worker Number": 1,
                                                  "Sort Method": "quicksort",
                                                  "Sort Space Used": 25,
                                                  "Sort Space Type": "Memory"
                                                },
                                                {
                                                  "Worker Number": 2,
                                                  "Sort Method": "quicksort",
                                                  "Sort Space Used": 25,
                                                  "Sort Space Type": "Memory"
                                                },
                                                {
                                                  "Worker Number": 3,
                                                  "Sort Method": "quicksort",
                                                  "Sort Space Used": 25,
                                                  "Sort Space Type": "Memory"
                                                },
                                                {
                                                  "Worker Number": 4,
                                                  "Sort Method": "quicksort",
                                                  "Sort Space Used": 25,
                                                  "Sort Space Type": "Memory"
                                                },
                                                {
                                                  "Worker Number": 5,
                                                  "Sort Method": "quicksort",
                                                  "Sort Space Used": 25,
                                                  "Sort Space Type": "Memory"
                                                }
                                              ],
                                              "Plans": [
                                                {
                                                  "Node Type": "Seq Scan",
                                                  "Parent Relationship": "Outer",
                                                  "Parallel Aware": false,
                                                  "Relation Name": "comp_cast_type",
                                                  "Alias": "cct1",
                                                  "Startup Cost": 0.0,
                                                  "Total Cost": 1.05,
                                                  "Plan Rows": 2,
                                                  "Plan Width": 4,
                                                  "Actual Startup Time": 0.042,
                                                  "Actual Total Time": 0.044,
                                                  "Actual Rows": 2,
                                                  "Actual Loops": 7,
                                                  "Filter": "((kind)::text = ANY ('{cast,crew}'::text[]))",
                                                  "Rows Removed by Filter": 2
                                                }
                                              ]
                                            }
                                          ]
                                        }
                                      ]
                                    }
                                  ]
                                }
                              ]
                            },
                            {
                              "Node Type": "Sort",
                              "Parent Relationship": "Inner",
                              "Parallel Aware": false,
                              "Startup Cost": 226723.04,
                              "Total Cost": 226723.06,
                              "Plan Rows": 6,
                              "Plan Width": 14,
                              "Actual Startup Time": 2651.152,
                              "Actual Total Time": 2662.592,
                              "Actual Rows": 68409,
                              "Actual Loops": 1,
                              "Sort Key": [
                                "mi_idx.movie_id"
                              ],
                              "Sort Method": "quicksort",
                              "Sort Space Used": 4522,
                              "Sort Space Type": "Memory",
                              "Plans": [
                                {
                                  "Node Type": "Gather",
                                  "Parent Relationship": "Outer",
                                  "Parallel Aware": false,
                                  "Startup Cost": 226534.95,
                                  "Total Cost": 226722.96,
                                  "Plan Rows": 6,
                                  "Plan Width": 14,
                                  "Actual Startup Time": 2369.879,
                                  "Actual Total Time": 2607.371,
                                  "Actual Rows": 63701,
                                  "Actual Loops": 1,
                                  "Workers Planned": 3,
                                  "Workers Launched": 1,
                                  "Single Copy": false,
                                  "Plans": [
                                    {
                                      "Node Type": "Merge Join",
                                      "Parent Relationship": "Outer",
                                      "Parallel Aware": false,
                                      "Join Type": "Inner",
                                      "Startup Cost": 225534.95,
                                      "Total Cost": 225722.36,
                                      "Plan Rows": 2,
                                      "Plan Width": 14,
                                      "Actual Startup Time": 2414.833,
                                      "Actual Total Time": 2514.034,
                                      "Actual Rows": 31850,
                                      "Actual Loops": 2,
                                      "Inner Unique": true,
                                      "Merge Cond": "(mk.keyword_id = k.id)",
                                      "Plans": [
                                        {
                                          "Node Type": "Sort",
                                          "Parent Relationship": "Outer",
                                          "Parallel Aware": false,
                                          "Startup Cost": 222069.65,
                                          "Total Cost": 222163.59,
                                          "Plan Rows": 37574,
                                          "Plan Width": 18,
                                          "Actual Startup Time": 2362.486,
                                          "Actual Total Time": 2444.095,
                                          "Actual Rows": 337444,
                                          "Actual Loops": 2,
                                          "Sort Key": [
                                            "mk.keyword_id"
                                          ],
                                          "Sort Method": "quicksort",
                                          "Sort Space Used": 128585,
                                          "Sort Space Type": "Memory",
                                          "Workers": [
                                            {
                                              "Worker Number": 0,
                                              "Sort Method": "quicksort",
                                              "Sort Space Used": 220203,
                                              "Sort Space Type": "Memory"
                                            }
                                          ],
                                          "Plans": [
                                            {
                                              "Node Type": "Merge Join",
                                              "Parent Relationship": "Outer",
                                              "Parallel Aware": false,
                                              "Join Type": "Inner",
                                              "Startup Cost": 68531.7,
                                              "Total Cost": 219214.51,
                                              "Plan Rows": 37574,
                                              "Plan Width": 18,
                                              "Actual Startup Time": 485.889,
                                              "Actual Total Time": 1710.829,
                                              "Actual Rows": 1730896,
                                              "Actual Loops": 2,
                                              "Inner Unique": false,
                                              "Merge Cond": "(mk.movie_id = mi_idx.movie_id)",
                                              "Plans": [
                                                {
                                                  "Node Type": "Index Scan",
                                                  "Parent Relationship": "Outer",
                                                  "Parallel Aware": true,
                                                  "Scan Direction": "Forward",
                                                  "Index Name": "movie_id_movie_keyword",
                                                  "Relation Name": "movie_keyword",
                                                  "Alias": "mk",
                                                  "Startup Cost": 0.43,
                                                  "Total Cost": 146510.84,
                                                  "Plan Rows": 1459332,
                                                  "Plan Width": 8,
                                                  "Actual Startup Time": 0.088,
                                                  "Actual Total Time": 610.221,
                                                  "Actual Rows": 2261962,
                                                  "Actual Loops": 2
                                                },
                                                {
                                                  "Node Type": "Sort",
                                                  "Parent Relationship": "Inner",
                                                  "Parallel Aware": false,
                                                  "Startup Cost": 68531.25,
                                                  "Total Cost": 68561.78,
                                                  "Plan Rows": 12213,
                                                  "Plan Width": 10,
                                                  "Actual Startup Time": 485.78,
                                                  "Actual Total Time": 597.06,
                                                  "Actual Rows": 2072898,
                                                  "Actual Loops": 2,
                                                  "Sort Key": [
                                                    "mi_idx.movie_id"
                                                  ],
                                                  "Sort Method": "quicksort",
                                                  "Sort Space Used": 33847,
                                                  "Sort Space Type": "Memory",
                                                  "Workers": [
                                                    {
                                                      "Worker Number": 0,
                                                      "Sort Method": "quicksort",
                                                      "Sort Space Used": 33847,
                                                      "Sort Space Type": "Memory"
                                                    }
                                                  ],
                                                  "Plans": [
                                                    {
                                                      "Node Type": "Merge Join",
                                                      "Parent Relationship": "Outer",
                                                      "Parallel Aware": false,
                                                      "Join Type": "Inner",
                                                      "Startup Cost": 2.86,
                                                      "Total Cost": 67702.22,
                                                      "Plan Rows": 12213,
                                                      "Plan Width": 10,
                                                      "Actual Startup Time": 177.713,
                                                      "Actual Total Time": 346.486,
                                                      "Actual Rows": 459925,
                                                      "Actual Loops": 2,
                                                      "Inner Unique": true,
                                                      "Merge Cond": "(mi_idx.info_type_id = it2.id)",
                                                      "Plans": [
                                                        {
                                                          "Node Type": "Index Scan",
                                                          "Parent Relationship": "Outer",
                                                          "Parallel Aware": false,
                                                          "Scan Direction": "Forward",
                                                          "Index Name": "info_type_id_movie_info_idx",
                                                          "Relation Name": "movie_info_idx",
                                                          "Alias": "mi_idx",
                                                          "Startup Cost": 0.43,
                                                          "Total Cost": 64127.57,
                                                          "Plan Rows": 1380035,
                                                          "Plan Width": 14,
                                                          "Actual Startup Time": 0.128,
                                                          "Actual Total Time": 221.547,
                                                          "Actual Rows": 919851,
                                                          "Actual Loops": 2
                                                        },
                                                        {
                                                          "Node Type": "Sort",
                                                          "Parent Relationship": "Inner",
                                                          "Parallel Aware": false,
                                                          "Startup Cost": 2.42,
                                                          "Total Cost": 2.43,
                                                          "Plan Rows": 1,
                                                          "Plan Width": 4,
                                                          "Actual Startup Time": 0.079,
                                                          "Actual Total Time": 0.081,
                                                          "Actual Rows": 1,
                                                          "Actual Loops": 2,
                                                          "Sort Key": [
                                                            "it2.id"
                                                          ],
                                                          "Sort Method": "quicksort",
                                                          "Sort Space Used": 25,
                                                          "Sort Space Type": "Memory",
                                                          "Workers": [
                                                            {
                                                              "Worker Number": 0,
                                                              "Sort Method": "quicksort",
                                                              "Sort Space Used": 25,
                                                              "Sort Space Type": "Memory"
                                                            }
                                                          ],
                                                          "Plans": [
                                                            {
                                                              "Node Type": "Seq Scan",
                                                              "Parent Relationship": "Outer",
                                                              "Parallel Aware": false,
                                                              "Relation Name": "info_type",
                                                              "Alias": "it2",
                                                              "Startup Cost": 0.0,
                                                              "Total Cost": 2.41,
                                                              "Plan Rows": 1,
                                                              "Plan Width": 4,
                                                              "Actual Startup Time": 0.048,
                                                              "Actual Total Time": 0.051,
                                                              "Actual Rows": 1,
                                                              "Actual Loops": 2,
                                                              "Filter": "((info)::text = 'votes'::text)",
                                                              "Rows Removed by Filter": 112
                                                            }
                                                          ]
                                                        }
                                                      ]
                                                    }
                                                  ]
                                                }
                                              ]
                                            }
                                          ]
                                        },
                                        {
                                          "Node Type": "Sort",
                                          "Parent Relationship": "Inner",
                                          "Parallel Aware": false,
                                          "Startup Cost": 3464.79,
                                          "Total Cost": 3464.8,
                                          "Plan Rows": 7,
                                          "Plan Width": 4,
                                          "Actual Startup Time": 26.178,
                                          "Actual Total Time": 26.184,
                                          "Actual Rows": 7,
                                          "Actual Loops": 2,
                                          "Sort Key": [
                                            "k.id"
                                          ],
                                          "Sort Method": "quicksort",
                                          "Sort Space Used": 25,
                                          "Sort Space Type": "Memory",
                                          "Workers": [
                                            {
                                              "Worker Number": 0,
                                              "Sort Method": "quicksort",
                                              "Sort Space Used": 25,
                                              "Sort Space Type": "Memory"
                                            }
                                          ],
                                          "Plans": [
                                            {
                                              "Node Type": "Seq Scan",
                                              "Parent Relationship": "Outer",
                                              "Parallel Aware": false,
                                              "Relation Name": "keyword",
                                              "Alias": "k",
                                              "Startup Cost": 0.0,
                                              "Total Cost": 3464.69,
                                              "Plan Rows": 7,
                                              "Plan Width": 4,
                                              "Actual Startup Time": 0.802,
                                              "Actual Total Time": 26.151,
                                              "Actual Rows": 7,
                                              "Actual Loops": 2,
                                              "Filter": "(keyword = ANY ('{murder,violence,blood,gore,death,female-nudity,hospital}'::text[]))",
                                              "Rows Removed by Filter": 134163
                                            }
                                          ]
                                        }
                                      ]
                                    }
                                  ]
                                }
                              ]
                            }
                          ]
                        },
                        {
                          "Node Type": "Sort",
                          "Parent Relationship": "Inner",
                          "Parallel Aware": false,
                          "Startup Cost": 201473.92,
                          "Total Cost": 201475.78,
                          "Plan Rows": 744,
                          "Plan Width": 47,
                          "Actual Startup Time": 1491.911,
                          "Actual Total Time": 1496.599,
                          "Actual Rows": 77153,
                          "Actual Loops": 1,
                          "Sort Key": [
                            "mi.movie_id"
                          ],
                          "Sort Method": "quicksort",
                          "Sort Space Used": 6460,
                          "Sort Space Type": "Memory",
                          "Plans": [
                            {
                              "Node Type": "Gather",
                              "Parent Relationship": "Outer",
                              "Parallel Aware": false,
                              "Startup Cost": 201278.44,
                              "Total Cost": 201438.44,
                              "Plan Rows": 744,
                              "Plan Width": 47,
                              "Actual Startup Time": 1460.338,
                              "Actual Total Time": 1475.398,
                              "Actual Rows": 72258,
                              "Actual Loops": 1,
                              "Workers Planned": 5,
                              "Workers Launched": 1,
                              "Single Copy": false,
                              "Plans": [
                                {
                                  "Node Type": "Merge Join",
                                  "Parent Relationship": "Outer",
                                  "Parallel Aware": false,
                                  "Join Type": "Inner",
                                  "Startup Cost": 200278.44,
                                  "Total Cost": 200364.04,
                                  "Plan Rows": 149,
                                  "Plan Width": 47,
                                  "Actual Startup Time": 1453.913,
                                  "Actual Total Time": 1459.993,
                                  "Actual Rows": 36129,
                                  "Actual Loops": 2,
                                  "Inner Unique": true,
                                  "Merge Cond": "(mi.info_type_id = it1.id)",
                                  "Plans": [
                                    {
                                      "Node Type": "Sort",
                                      "Parent Relationship": "Outer",
                                      "Parallel Aware": false,
                                      "Startup Cost": 200276.02,
                                      "Total Cost": 200318.07,
                                      "Plan Rows": 16820,
                                      "Plan Width": 51,
                                      "Actual Startup Time": 1453.848,
                                      "Actual Total Time": 1455.227,
                                      "Actual Rows": 36130,
                                      "Actual Loops": 2,
                                      "Sort Key": [
                                        "mi.info_type_id"
                                      ],
                                      "Sort Method": "quicksort",
                                      "Sort Space Used": 3900,
                                      "Sort Space Type": "Memory",
                                      "Workers": [
                                        {
                                          "Worker Number": 0,
                                          "Sort Method": "quicksort",
                                          "Sort Space Used": 3917,
                                          "Sort Space Type": "Memory"
                                        }
                                      ],
                                      "Plans": [
                                        {
                                          "Node Type": "Seq Scan",
                                          "Parent Relationship": "Outer",
                                          "Parallel Aware": true,
                                          "Relation Name": "movie_info",
                                          "Alias": "mi",
                                          "Startup Cost": 0.0,
                                          "Total Cost": 199095.43,
                                          "Plan Rows": 16820,
                                          "Plan Width": 51,
                                          "Actual Startup Time": 910.606,
                                          "Actual Total Time": 1443.45,
                                          "Actual Rows": 36524,
                                          "Actual Loops": 2,
                                          "Filter": "(info = ANY ('{Horror,Thriller}'::text[]))",
                                          "Rows Removed by Filter": 7381336
                                        }
                                      ]
                                    },
                                    {
                                      "Node Type": "Sort",
                                      "Parent Relationship": "Inner",
                                      "Parallel Aware": false,
                                      "Startup Cost": 2.42,
                                      "Total Cost": 2.43,
                                      "Plan Rows": 1,
                                      "Plan Width": 4,
                                      "Actual Startup Time": 0.055,
                                      "Actual Total Time": 0.056,
                                      "Actual Rows": 1,
                                      "Actual Loops": 2,
                                      "Sort Key": [
                                        "it1.id"
                                      ],
                                      "Sort Method": "quicksort",
                                      "Sort Space Used": 25,
                                      "Sort Space Type": "Memory",
                                      "Workers": [
                                        {
                                          "Worker Number": 0,
                                          "Sort Method": "quicksort",
                                          "Sort Space Used": 25,
                                          "Sort Space Type": "Memory"
                                        }
                                      ],
                                      "Plans": [
                                        {
                                          "Node Type": "Seq Scan",
                                          "Parent Relationship": "Outer",
                                          "Parallel Aware": false,
                                          "Relation Name": "info_type",
                                          "Alias": "it1",
                                          "Startup Cost": 0.0,
                                          "Total Cost": 2.41,
                                          "Plan Rows": 1,
                                          "Plan Width": 4,
                                          "Actual Startup Time": 0.036,
                                          "Actual Total Time": 0.041,
                                          "Actual Rows": 1,
                                          "Actual Loops": 2,
                                          "Filter": "((info)::text = 'genres'::text)",
                                          "Rows Removed by Filter": 112
                                        }
                                      ]
                                    }
                                  ]
                                }
                              ]
                            }
                          ]
                        }
                      ]
                    },
                    {
                      "Node Type": "Sort",
                      "Parent Relationship": "Inner",
                      "Parallel Aware": false,
                      "Startup Cost": 49693.39,
                      "Total Cost": 49694.34,
                      "Plan Rows": 379,
                      "Plan Width": 21,
                      "Actual Startup Time": 643.521,
                      "Actual Total Time": 643.628,
                      "Actual Rows": 533,
                      "Actual Loops": 1,
                      "Sort Key": [
                        "t.id"
                      ],
                      "Sort Method": "quicksort",
                      "Sort Space Used": 70,
                      "Sort Space Type": "Memory",
                      "Plans": [
                        {
                          "Node Type": "Gather",
                          "Parent Relationship": "Outer",
                          "Parallel Aware": false,
                          "Startup Cost": 1000.0,
                          "Total Cost": 49677.16,
                          "Plan Rows": 379,
                          "Plan Width": 21,
                          "Actual Startup Time": 3.193,
                          "Actual Total Time": 643.147,
                          "Actual Rows": 533,
                          "Actual Loops": 1,
                          "Workers Planned": 4,
                          "Workers Launched": 0,
                          "Single Copy": false,
                          "Plans": [
                            {
                              "Node Type": "Seq Scan",
                              "Parent Relationship": "Outer",
                              "Parallel Aware": true,
                              "Relation Name": "title",
                              "Alias": "t",
                              "Startup Cost": 0.0,
                              "Total Cost": 48639.26,
                              "Plan Rows": 95,
                              "Plan Width": 21,
                              "Actual Startup Time": 2.763,
                              "Actual Total Time": 642.511,
                              "Actual Rows": 533,
                              "Actual Loops": 1,
                              "Filter": "((production_year > 2000) AND ((title ~~ '%Freddy%'::text) OR (title ~~ '%Jason%'::text) OR (title ~~ 'Saw%'::text)))",
                              "Rows Removed by Filter": 2527779
                            }
                          ]
                        }
                      ]
                    }
                  ]
                }
              ]
            }
          ]
        }
      ]
    },
    "Planning Time": 138.447,
    "Triggers": [],
    "Execution Time": 7161.047
  }
]