[
  {
    "Plan": {
      "Node Type": "Aggregate",
      "Strategy": "Plain",
      "Partial Mode": "Finalize",
      "Parallel Aware": false,
      "Startup Cost": 44302.31,
      "Total Cost": 44302.32,
      "Plan Rows": 1,
      "Plan Width": 8,
      "Actual Startup Time": 133.001,
      "Actual Total Time": 144.844,
      "Actual Rows": 1,
      "Actual Loops": 1,
      "Plans": [
        {
          "Node Type": "Gather",
          "Parent Relationship": "Outer",
          "Parallel Aware": false,
          "Startup Cost": 44301.99,
          "Total Cost": 44302.3,
          "Plan Rows": 3,
          "Plan Width": 8,
          "Actual Startup Time": 132.868,
          "Actual Total Time": 144.836,
          "Actual Rows": 4,
          "Actual Loops": 1,
          "Workers Planned": 3,
          "Workers Launched": 3,
          "Single Copy": false,
          "Plans": [
            {
              "Node Type": "Aggregate",
              "Strategy": "Plain",
              "Partial Mode": "Partial",
              "Parent Relationship": "Outer",
              "Parallel Aware": false,
              "Startup Cost": 43301.99,
              "Total Cost": 43302.0,
              "Plan Rows": 1,
              "Plan Width": 8,
              "Actual Startup Time": 125.837,
              "Actual Total Time": 125.838,
              "Actual Rows": 1,
              "Actual Loops": 4,
              "Plans": [
                {
                  "Node Type": "Seq Scan",
                  "Parent Relationship": "Outer",
                  "Parallel Aware": true,
                  "Relation Name": "movie_keyword",
                  "Alias": "mk",
                  "Startup Cost": 0.0,
                  "Total Cost": 42695.65,
                  "Plan Rows": 242535,
                  "Plan Width": 0,
                  "Actual Startup Time": 5.891,
                  "Actual Total Time": 114.975,
                  "Actual Rows": 185733,
                  "Actual Loops": 4,
                  "Filter": "(keyword_id > 25272)",
                  "Rows Removed by Filter": 945250
                }
              ]
            }
          ]
        }
      ]
    },
    "Planning Time": 0.162,
    "Triggers": [],
    "Execution Time": 144.893
  }
]