[
  {
    "Plan": {
      "Node Type": "Aggregate",
      "Strategy": "Plain",
      "Partial Mode": "Finalize",
      "Parallel Aware": false,
      "Startup Cost": 333639.82,
      "Total Cost": 333639.83,
      "Plan Rows": 1,
      "Plan Width": 8,
      "Actual Startup Time": 421.421,
      "Actual Total Time": 442.197,
      "Actual Rows": 1,
      "Actual Loops": 1,
      "Plans": [
        {
          "Node Type": "Gather",
          "Parent Relationship": "Outer",
          "Parallel Aware": false,
          "Startup Cost": 333639.2,
          "Total Cost": 333639.8,
          "Plan Rows": 6,
          "Plan Width": 8,
          "Actual Startup Time": 421.277,
          "Actual Total Time": 442.189,
          "Actual Rows": 7,
          "Actual Loops": 1,
          "Workers Planned": 6,
          "Workers Launched": 6,
          "Single Copy": false,
          "Plans": [
            {
              "Node Type": "Aggregate",
              "Strategy": "Plain",
              "Partial Mode": "Partial",
              "Parent Relationship": "Outer",
              "Parallel Aware": false,
              "Startup Cost": 332639.2,
              "Total Cost": 332639.21,
              "Plan Rows": 1,
              "Plan Width": 8,
              "Actual Startup Time": 411.38,
              "Actual Total Time": 411.381,
              "Actual Rows": 1,
              "Actual Loops": 7,
              "Plans": [
                {
                  "Node Type": "Index Scan",
                  "Parent Relationship": "Outer",
                  "Parallel Aware": true,
                  "Scan Direction": "Forward",
                  "Index Name": "role_id_cast_info",
                  "Relation Name": "cast_info",
                  "Alias": "ci",
                  "Startup Cost": 0.56,
                  "Total Cost": 331632.96,
                  "Plan Rows": 402494,
                  "Plan Width": 0,
                  "Actual Startup Time": 0.301,
                  "Actual Total Time": 367.713,
                  "Actual Rows": 904740,
                  "Actual Loops": 7,
                  "Index Cond": "(role_id > 3)",
                  "Rows Removed by Index Recheck": 0,
                  "Filter": "(person_id > 2969389)",
                  "Rows Removed by Filter": 825781
                }
              ]
            }
          ]
        }
      ]
    },
    "Planning Time": 0.228,
    "Triggers": [],
    "Execution Time": 442.263
  }
]