[
  {
    "Plan": {
      "Node Type": "Aggregate",
      "Strategy": "Plain",
      "Partial Mode": "Finalize",
      "Parallel Aware": false,
      "Startup Cost": 617898.99,
      "Total Cost": 617899.0,
      "Plan Rows": 1,
      "Plan Width": 8,
      "Actual Startup Time": 2727.463,
      "Actual Total Time": 2810.679,
      "Actual Rows": 1,
      "Actual Loops": 1,
      "Plans": [
        {
          "Node Type": "Gather",
          "Parent Relationship": "Outer",
          "Parallel Aware": false,
          "Startup Cost": 617898.37,
          "Total Cost": 617898.98,
          "Plan Rows": 6,
          "Plan Width": 8,
          "Actual Startup Time": 2697.692,
          "Actual Total Time": 2810.664,
          "Actual Rows": 7,
          "Actual Loops": 1,
          "Workers Planned": 6,
          "Workers Launched": 6,
          "Single Copy": false,
          "Plans": [
            {
              "Node Type": "Aggregate",
              "Strategy": "Plain",
              "Partial Mode": "Partial",
              "Parent Relationship": "Outer",
              "Parallel Aware": false,
              "Startup Cost": 616898.37,
              "Total Cost": 616898.38,
              "Plan Rows": 1,
              "Plan Width": 8,
              "Actual Startup Time": 2676.888,
              "Actual Total Time": 2677.31,
              "Actual Rows": 1,
              "Actual Loops": 7,
              "Plans": [
                {
                  "Node Type": "Hash Join",
                  "Parent Relationship": "Outer",
                  "Parallel Aware": true,
                  "Join Type": "Inner",
                  "Startup Cost": 260220.42,
                  "Total Cost": 606768.77,
                  "Plan Rows": 4051838,
                  "Plan Width": 0,
                  "Actual Startup Time": 1064.907,
                  "Actual Total Time": 2518.82,
                  "Actual Rows": 3522067,
                  "Actual Loops": 7,
                  "Inner Unique": false,
                  "Hash Cond": "(ci.movie_id = t.id)",
                  "Plans": [
                    {
                      "Node Type": "Seq Scan",
                      "Parent Relationship": "Outer",
                      "Parallel Aware": true,
                      "Relation Name": "cast_info",
                      "Alias": "ci",
                      "Startup Cost": 0.0,
                      "Total Cost": 328162.03,
                      "Plan Rows": 2742042,
                      "Plan Width": 4,
                      "Actual Startup Time": 202.442,
                      "Actual Total Time": 591.147,
                      "Actual Rows": 2345228,
                      "Actual Loops": 7,
                      "Filter": "(person_id > 1989825)",
                      "Rows Removed by Filter": 2832535
                    },
                    {
                      "Node Type": "Hash",
                      "Parent Relationship": "Inner",
                      "Parallel Aware": true,
                      "Startup Cost": 250880.46,
                      "Total Cost": 250880.46,
                      "Plan Rows": 747197,
                      "Plan Width": 8,
                      "Actual Startup Time": 855.794,
                      "Actual Total Time": 856.215,
                      "Actual Rows": 326858,
                      "Actual Loops": 7,
                      "Hash Buckets": 4194304,
                      "Original Hash Buckets": 4194304,
                      "Hash Batches": 1,
                      "Original Hash Batches": 1,
                      "Peak Memory Usage": 122368,
                      "Plans": [
                        {
                          "Node Type": "Hash Join",
                          "Parent Relationship": "Outer",
                          "Parallel Aware": true,
                          "Join Type": "Inner",
                          "Startup Cost": 48701.62,
                          "Total Cost": 250880.46,
                          "Plan Rows": 747197,
                          "Plan Width": 8,
                          "Actual Startup Time": 195.59,
                          "Actual Total Time": 712.825,
                          "Actual Rows": 326858,
                          "Actual Loops": 7,
                          "Inner Unique": true,
                          "Hash Cond": "(mi.movie_id = t.id)",
                          "Plans": [
                            {
                              "Node Type": "Seq Scan",
                              "Parent Relationship": "Outer",
                              "Parallel Aware": true,
                              "Relation Name": "movie_info",
                              "Alias": "mi",
                              "Startup Cost": 0.0,
                              "Total Cost": 198952.16,
                              "Plan Rows": 1229212,
                              "Plan Width": 4,
                              "Actual Startup Time": 14.99,
                              "Actual Total Time": 296.899,
                              "Actual Rows": 869061,
                              "Actual Loops": 7,
                              "Filter": "(info_type_id > 9)",
                              "Rows Removed by Filter": 1250327
                            },
                            {
                              "Node Type": "Hash",
                              "Parent Relationship": "Inner",
                              "Parallel Aware": true,
                              "Startup Cost": 43898.92,
                              "Total Cost": 43898.92,
                              "Plan Rows": 384216,
                              "Plan Width": 4,
                              "Actual Startup Time": 178.832,
                              "Actual Total Time": 178.834,
                              "Actual Rows": 220466,
                              "Actual Loops": 7,
                              "Hash Buckets": 2097152,
                              "Original Hash Buckets": 2097152,
                              "Hash Batches": 1,
                              "Original Hash Batches": 1,
                              "Peak Memory Usage": 76896,
                              "Plans": [
                                {
                                  "Node Type": "Seq Scan",
                                  "Parent Relationship": "Outer",
                                  "Parallel Aware": true,
                                  "Relation Name": "title",
                                  "Alias": "t",
                                  "Startup Cost": 0.0,
                                  "Total Cost": 43898.92,
                                  "Plan Rows": 384216,
                                  "Plan Width": 4,
                                  "Actual Startup Time": 0.04,
                                  "Actual Total Time": 76.839,
                                  "Actual Rows": 220466,
                                  "Actual Loops": 7,
                                  "Filter": "(kind_id = 7)",
                                  "Rows Removed by Filter": 140721
                                }
                              ]
                            }
                          ]
                        }
                      ]
                    }
                  ]
                }
              ]
            }
          ]
        }
      ]
    },
    "Planning Time": 1.28,
    "Triggers": [],
    "Execution Time": 2810.776
  }
]