[
  {
    "Plan": {
      "Node Type": "Aggregate",
      "Strategy": "Plain",
      "Partial Mode": "Finalize",
      "Parallel Aware": false,
      "Startup Cost": 349375.74,
      "Total Cost": 349375.75,
      "Plan Rows": 1,
      "Plan Width": 8,
      "Actual Startup Time": 827.568,
      "Actual Total Time": 876.337,
      "Actual Rows": 1,
      "Actual Loops": 1,
      "Plans": [
        {
          "Node Type": "Gather",
          "Parent Relationship": "Outer",
          "Parallel Aware": false,
          "Startup Cost": 349375.11,
          "Total Cost": 349375.72,
          "Plan Rows": 6,
          "Plan Width": 8,
          "Actual Startup Time": 827.337,
          "Actual Total Time": 876.321,
          "Actual Rows": 7,
          "Actual Loops": 1,
          "Workers Planned": 6,
          "Workers Launched": 6,
          "Single Copy": false,
          "Plans": [
            {
              "Node Type": "Aggregate",
              "Strategy": "Plain",
              "Partial Mode": "Partial",
              "Parent Relationship": "Outer",
              "Parallel Aware": false,
              "Startup Cost": 348375.11,
              "Total Cost": 348375.12,
              "Plan Rows": 1,
              "Plan Width": 8,
              "Actual Startup Time": 820.771,
              "Actual Total Time": 820.773,
              "Actual Rows": 1,
              "Actual Loops": 7,
              "Plans": [
                {
                  "Node Type": "Seq Scan",
                  "Parent Relationship": "Outer",
                  "Parallel Aware": true,
                  "Relation Name": "cast_info",
                  "Alias": "ci",
                  "Startup Cost": 0.0,
                  "Total Cost": 343316.27,
                  "Plan Rows": 2023537,
                  "Plan Width": 0,
                  "Actual Startup Time": 209.916,
                  "Actual Total Time": 740.39,
                  "Actual Rows": 1368199,
                  "Actual Loops": 7,
                  "Filter": "((person_id > 1440297) AND (role_id < 3))",
                  "Rows Removed by Filter": 3809565
                }
              ]
            }
          ]
        }
      ]
    },
    "Planning Time": 0.192,
    "Triggers": [],
    "Execution Time": 876.401
  }
]