{
  "Plan": {
    "Node Type": "Aggregate",
    "Strategy": "Plain",
    "Partial Mode": "Simple",
    "Parallel Aware": false,
    "Startup Cost": 563959.89,
    "Total Cost": 563959.9,
    "Plan Rows": 1,
    "Plan Width": 96,
    "Actual Startup Time": 10915.46,
    "Actual Total Time": 11317.668,
    "Actual Rows": 1,
    "Actual Loops": 1,
    "Plans": [
      {
        "Node Type": "Hash Join",
        "Parent Relationship": "Outer",
        "Parallel Aware": false,
        "Join Type": "Inner",
        "Startup Cost": 561333.55,
        "Total Cost": 563959.88,
        "Plan Rows": 1,
        "Plan Width": 48,
        "Actual Startup Time": 10877.53,
        "Actual Total Time": 11317.626,
        "Actual Rows": 6,
        "Actual Loops": 1,
        "Inner Unique": false,
        "Hash Cond": "(k.id = mk.keyword_id)",
        "Plans": [
          {
            "Node Type": "Seq Scan",
            "Parent Relationship": "Outer",
            "Parallel Aware": false,
            "Relation Name": "keyword",
            "Alias": "k",
            "Startup Cost": 0.0,
            "Total Cost": 2626.12,
            "Plan Rows": 1,
            "Plan Width": 20,
            "Actual Startup Time": 2.042,
            "Actual Total Time": 39.925,
            "Actual Rows": 1,
            "Actual Loops": 1,
            "Filter": "(keyword = 'marvel-cinematic-universe'::text)",
            "Rows Removed by Filter": 134169
          },
          {
            "Node Type": "Hash",
            "Parent Relationship": "Inner",
            "Parallel Aware": false,
            "Startup Cost": 561300.41,
            "Total Cost": 561300.41,
            "Plan Rows": 2651,
            "Plan Width": 36,
            "Actual Startup Time": 10875.356,
            "Actual Total Time": 11277.558,
            "Actual Rows": 1194,
            "Actual Loops": 1,
            "Hash Buckets": 4096,
            "Original Hash Buckets": 4096,
            "Hash Batches": 1,
            "Original Hash Batches": 1,
            "Peak Memory Usage": 117,
            "Plans": [
              {
                "Node Type": "Gather",
                "Parent Relationship": "Outer",
                "Parallel Aware": false,
                "Startup Cost": 492080.28,
                "Total Cost": 561300.41,
                "Plan Rows": 2651,
                "Plan Width": 36,
                "Actual Startup Time": 10265.196,
                "Actual Total Time": 11277.16,
                "Actual Rows": 1194,
                "Actual Loops": 1,
                "Workers Planned": 4,
                "Workers Launched": 4,
                "Single Copy": false,
                "Plans": [
                  {
                    "Node Type": "Hash Join",
                    "Parent Relationship": "Outer",
                    "Parallel Aware": true,
                    "Join Type": "Inner",
                    "Startup Cost": 491080.28,
                    "Total Cost": 560035.31,
                    "Plan Rows": 663,
                    "Plan Width": 36,
                    "Actual Startup Time": 10348.008,
                    "Actual Total Time": 10439.232,
                    "Actual Rows": 239,
                    "Actual Loops": 5,
                    "Inner Unique": false,
                    "Hash Cond": "(t.id = mk.movie_id)",
                    "Plans": [
                      {
                        "Node Type": "Hash Join",
                        "Parent Relationship": "Outer",
                        "Parallel Aware": true,
                        "Join Type": "Inner",
                        "Startup Cost": 433791.31,
                        "Total Cost": 502693.33,
                        "Plan Rows": 142,
                        "Plan Width": 40,
                        "Actual Startup Time": 9286.395,
                        "Actual Total Time": 9374.888,
                        "Actual Rows": 12,
                        "Actual Loops": 5,
                        "Inner Unique": true,
                        "Hash Cond": "(ci.movie_id = t.id)",
                        "Plans": [
                          {
                            "Node Type": "Hash Join",
                            "Parent Relationship": "Outer",
                            "Parallel Aware": true,
                            "Join Type": "Inner",
                            "Startup Cost": 388653.84,
                            "Total Cost": 457553.49,
                            "Plan Rows": 907,
                            "Plan Width": 19,
                            "Actual Startup Time": 8861.054,
                            "Actual Total Time": 8949.003,
                            "Actual Rows": 97,
                            "Actual Loops": 5,
                            "Inner Unique": false,
                            "Hash Cond": "(n.id = ci.person_id)",
                            "Plans": [
                              {
                                "Node Type": "Seq Scan",
                                "Parent Relationship": "Outer",
                                "Parallel Aware": true,
                                "Relation Name": "name",
                                "Alias": "n",
                                "Startup Cost": 0.0,
                                "Total Cost": 68636.05,
                                "Plan Rows": 104,
                                "Plan Width": 19,
                                "Actual Startup Time": 226.524,
                                "Actual Total Time": 290.972,
                                "Actual Rows": 0,
                                "Actual Loops": 5,
                                "Filter": "(name ~~ '%Downey%Robert%'::text)",
                                "Rows Removed by Filter": 833498
                              },
                              {
                                "Node Type": "Hash",
                                "Parent Relationship": "Inner",
                                "Parallel Aware": true,
                                "Startup Cost": 313116.71,
                                "Total Cost": 313116.71,
                                "Plan Rows": 6042971,
                                "Plan Width": 8,
                                "Actual Startup Time": 8336.177,
                                "Actual Total Time": 8336.179,
                                "Actual Rows": 7248869,
                                "Actual Loops": 5,
                                "Hash Buckets": 67108864,
                                "Original Hash Buckets": 67108864,
                                "Hash Batches": 1,
                                "Original Hash Batches": 1,
                                "Peak Memory Usage": 1942240,
                                "Plans": [
                                  {
                                    "Node Type": "Seq Scan",
                                    "Parent Relationship": "Outer",
                                    "Parallel Aware": true,
                                    "Relation Name": "cast_info",
                                    "Alias": "ci",
                                    "Startup Cost": 0.0,
                                    "Total Cost": 313116.71,
                                    "Plan Rows": 6042971,
                                    "Plan Width": 8,
                                    "Actual Startup Time": 0.179,
                                    "Actual Total Time": 2366.028,
                                    "Actual Rows": 7248869,
                                    "Actual Loops": 5
                                  }
                                ]
                              }
                            ]
                          },
                          {
                            "Node Type": "Hash",
                            "Parent Relationship": "Inner",
                            "Parallel Aware": true,
                            "Startup Cost": 43899.59,
                            "Total Cost": 43899.59,
                            "Plan Rows": 99030,
                            "Plan Width": 21,
                            "Actual Startup Time": 424.46,
                            "Actual Total Time": 424.461,
                            "Actual Rows": 78333,
                            "Actual Loops": 5,
                            "Hash Buckets": 524288,
                            "Original Hash Buckets": 524288,
                            "Hash Batches": 1,
                            "Original Hash Batches": 1,
                            "Peak Memory Usage": 26272,
                            "Plans": [
                              {
                                "Node Type": "Seq Scan",
                                "Parent Relationship": "Outer",
                                "Parallel Aware": true,
                                "Relation Name": "title",
                                "Alias": "t",
                                "Startup Cost": 0.0,
                                "Total Cost": 43899.59,
                                "Plan Rows": 99030,
                                "Plan Width": 21,
                                "Actual Startup Time": 0.124,
                                "Actual Total Time": 307.264,
                                "Actual Rows": 78333,
                                "Actual Loops": 5,
                                "Filter": "(production_year > 2010)",
                                "Rows Removed by Filter": 427329
                              }
                            ]
                          }
                        ]
                      },
                      {
                        "Node Type": "Hash",
                        "Parent Relationship": "Inner",
                        "Parallel Aware": true,
                        "Startup Cost": 39047.32,
                        "Total Cost": 39047.32,
                        "Plan Rows": 1459332,
                        "Plan Width": 8,
                        "Actual Startup Time": 1022.405,
                        "Actual Total Time": 1022.406,
                        "Actual Rows": 904786,
                        "Actual Loops": 5,
                        "Hash Buckets": 8388608,
                        "Original Hash Buckets": 8388608,
                        "Hash Batches": 1,
                        "Original Hash Batches": 1,
                        "Peak Memory Usage": 242592,
                        "Plans": [
                          {
                            "Node Type": "Seq Scan",
                            "Parent Relationship": "Outer",
                            "Parallel Aware": true,
                            "Relation Name": "movie_keyword",
                            "Alias": "mk",
                            "Startup Cost": 0.0,
                            "Total Cost": 39047.32,
                            "Plan Rows": 1459332,
                            "Plan Width": 8,
                            "Actual Startup Time": 0.167,
                            "Actual Total Time": 334.965,
                            "Actual Rows": 904786,
                            "Actual Loops": 5
                          }
                        ]
                      }
                    ]
                  }
                ]
              }
            ]
          }
        ]
      }
    ]
  },
  "Planning Time": 9.284,
  "Triggers": [],
  "Execution Time": 11318.518
}