[
  {
    "Plan": {
      "Node Type": "Aggregate",
      "Strategy": "Plain",
      "Partial Mode": "Finalize",
      "Parallel Aware": false,
      "Startup Cost": 350402.1,
      "Total Cost": 350402.11,
      "Plan Rows": 1,
      "Plan Width": 8,
      "Actual Startup Time": 729.699,
      "Actual Total Time": 788.485,
      "Actual Rows": 1,
      "Actual Loops": 1,
      "Plans": [
        {
          "Node Type": "Gather",
          "Parent Relationship": "Outer",
          "Parallel Aware": false,
          "Startup Cost": 350401.48,
          "Total Cost": 350402.09,
          "Plan Rows": 6,
          "Plan Width": 8,
          "Actual Startup Time": 729.592,
          "Actual Total Time": 788.476,
          "Actual Rows": 7,
          "Actual Loops": 1,
          "Workers Planned": 6,
          "Workers Launched": 6,
          "Single Copy": false,
          "Plans": [
            {
              "Node Type": "Aggregate",
              "Strategy": "Plain",
              "Partial Mode": "Partial",
              "Parent Relationship": "Outer",
              "Parallel Aware": false,
              "Startup Cost": 349401.48,
              "Total Cost": 349401.49,
              "Plan Rows": 1,
              "Plan Width": 8,
              "Actual Startup Time": 719.05,
              "Actual Total Time": 719.051,
              "Actual Rows": 1,
              "Actual Loops": 7,
              "Plans": [
                {
                  "Node Type": "Seq Scan",
                  "Parent Relationship": "Outer",
                  "Parallel Aware": true,
                  "Relation Name": "cast_info",
                  "Alias": "ci",
                  "Startup Cost": 0.0,
                  "Total Cost": 343257.03,
                  "Plan Rows": 2457779,
                  "Plan Width": 0,
                  "Actual Startup Time": 339.471,
                  "Actual Total Time": 645.148,
                  "Actual Rows": 1806940,
                  "Actual Loops": 7,
                  "Filter": "((person_id < 3428119) AND (role_id > 2))",
                  "Rows Removed by Filter": 3370824
                }
              ]
            }
          ]
        }
      ]
    },
    "Planning Time": 0.2,
    "Triggers": [],
    "Execution Time": 788.552
  }
]