[
  {
    "Plan": {
      "Node Type": "Aggregate",
      "Strategy": "Plain",
      "Partial Mode": "Finalize",
      "Parallel Aware": false,
      "Startup Cost": 31141.35,
      "Total Cost": 31141.36,
      "Plan Rows": 1,
      "Plan Width": 8,
      "Actual Startup Time": 92.01,
      "Actual Total Time": 97.806,
      "Actual Rows": 1,
      "Actual Loops": 1,
      "Plans": [
        {
          "Node Type": "Gather",
          "Parent Relationship": "Outer",
          "Parallel Aware": false,
          "Startup Cost": 31141.03,
          "Total Cost": 31141.34,
          "Plan Rows": 3,
          "Plan Width": 8,
          "Actual Startup Time": 91.867,
          "Actual Total Time": 97.8,
          "Actual Rows": 4,
          "Actual Loops": 1,
          "Workers Planned": 3,
          "Workers Launched": 3,
          "Single Copy": false,
          "Plans": [
            {
              "Node Type": "Aggregate",
              "Strategy": "Plain",
              "Partial Mode": "Partial",
              "Parent Relationship": "Outer",
              "Parallel Aware": false,
              "Startup Cost": 30141.03,
              "Total Cost": 30141.04,
              "Plan Rows": 1,
              "Plan Width": 8,
              "Actual Startup Time": 85.525,
              "Actual Total Time": 85.526,
              "Actual Rows": 1,
              "Actual Loops": 4,
              "Plans": [
                {
                  "Node Type": "Seq Scan",
                  "Parent Relationship": "Outer",
                  "Parallel Aware": true,
                  "Relation Name": "movie_companies",
                  "Alias": "mc",
                  "Startup Cost": 0.0,
                  "Total Cost": 29310.68,
                  "Plan Rows": 332140,
                  "Plan Width": 0,
                  "Actual Startup Time": 14.504,
                  "Actual Total Time": 73.772,
                  "Actual Rows": 255991,
                  "Actual Loops": 4,
                  "Filter": "(company_id > 15814)",
                  "Rows Removed by Filter": 396292
                }
              ]
            }
          ]
        }
      ]
    },
    "Planning Time": 0.113,
    "Triggers": [],
    "Execution Time": 97.841
  }
]