[
  {
    "Plan": {
      "Node Type": "Aggregate",
      "Strategy": "Plain",
      "Partial Mode": "Finalize",
      "Parallel Aware": false,
      "Startup Cost": 279255.69,
      "Total Cost": 279255.7,
      "Plan Rows": 1,
      "Plan Width": 8,
      "Actual Startup Time": 475.3,
      "Actual Total Time": 493.377,
      "Actual Rows": 1,
      "Actual Loops": 1,
      "Plans": [
        {
          "Node Type": "Gather",
          "Parent Relationship": "Outer",
          "Parallel Aware": false,
          "Startup Cost": 279255.16,
          "Total Cost": 279255.67,
          "Plan Rows": 5,
          "Plan Width": 8,
          "Actual Startup Time": 468.544,
          "Actual Total Time": 493.361,
          "Actual Rows": 6,
          "Actual Loops": 1,
          "Workers Planned": 5,
          "Workers Launched": 5,
          "Single Copy": false,
          "Plans": [
            {
              "Node Type": "Aggregate",
              "Strategy": "Plain",
              "Partial Mode": "Partial",
              "Parent Relationship": "Outer",
              "Parallel Aware": false,
              "Startup Cost": 278255.16,
              "Total Cost": 278255.17,
              "Plan Rows": 1,
              "Plan Width": 8,
              "Actual Startup Time": 457.138,
              "Actual Total Time": 457.223,
              "Actual Rows": 1,
              "Actual Loops": 6,
              "Plans": [
                {
                  "Node Type": "Hash Join",
                  "Parent Relationship": "Outer",
                  "Parallel Aware": true,
                  "Join Type": "Inner",
                  "Startup Cost": 110916.95,
                  "Total Cost": 278076.99,
                  "Plan Rows": 71270,
                  "Plan Width": 0,
                  "Actual Startup Time": 357.373,
                  "Actual Total Time": 453.733,
                  "Actual Rows": 52067,
                  "Actual Loops": 6,
                  "Inner Unique": false,
                  "Hash Cond": "(mi.movie_id = t.id)",
                  "Plans": [
                    {
                      "Node Type": "Bitmap Heap Scan",
                      "Parent Relationship": "Outer",
                      "Parallel Aware": true,
                      "Relation Name": "movie_info",
                      "Alias": "mi",
                      "Startup Cost": 27808.97,
                      "Total Cost": 193639.56,
                      "Plan Rows": 307007,
                      "Plan Width": 4,
                      "Actual Startup Time": 62.165,
                      "Actual Total Time": 101.891,
                      "Actual Rows": 255652,
                      "Actual Loops": 6,
                      "Recheck Cond": "(info_type_id = 3)",
                      "Rows Removed by Index Recheck": 0,
                      "Exact Heap Blocks": 1844,
                      "Lossy Heap Blocks": 0,
                      "Plans": [
                        {
                          "Node Type": "Bitmap Index Scan",
                          "Parent Relationship": "Outer",
                          "Parallel Aware": false,
                          "Index Name": "info_type_id_movie_info",
                          "Startup Cost": 0.0,
                          "Total Cost": 27425.21,
                          "Plan Rows": 1535037,
                          "Plan Width": 0,
                          "Actual Startup Time": 60.467,
                          "Actual Total Time": 60.467,
                          "Actual Rows": 1533909,
                          "Actual Loops": 1,
                          "Index Cond": "(info_type_id = 3)"
                        }
                      ]
                    },
                    {
                      "Node Type": "Hash",
                      "Parent Relationship": "Inner",
                      "Parallel Aware": true,
                      "Startup Cost": 81273.83,
                      "Total Cost": 81273.83,
                      "Plan Rows": 146732,
                      "Plan Width": 8,
                      "Actual Startup Time": 291.457,
                      "Actual Total Time": 291.54,
                      "Actual Rows": 65363,
                      "Actual Loops": 6,
                      "Hash Buckets": 1048576,
                      "Original Hash Buckets": 1048576,
                      "Hash Batches": 1,
                      "Original Hash Batches": 1,
                      "Peak Memory Usage": 23648,
                      "Plans": [
                        {
                          "Node Type": "Hash Join",
                          "Parent Relationship": "Outer",
                          "Parallel Aware": true,
                          "Join Type": "Inner",
                          "Startup Cost": 33942.09,
                          "Total Cost": 81273.83,
                          "Plan Rows": 146732,
                          "Plan Width": 8,
                          "Actual Startup Time": 101.775,
                          "Actual Total Time": 262.148,
                          "Actual Rows": 65363,
                          "Actual Loops": 6,
                          "Inner Unique": false,
                          "Hash Cond": "(t.id = mc.movie_id)",
                          "Plans": [
                            {
                              "Node Type": "Seq Scan",
                              "Parent Relationship": "Outer",
                              "Parallel Aware": true,
                              "Relation Name": "title",
                              "Alias": "t",
                              "Startup Cost": 0.0,
                              "Total Cost": 43898.92,
                              "Plan Rows": 591898,
                              "Plan Width": 4,
                              "Actual Startup Time": 0.016,
                              "Actual Total Time": 75.151,
                              "Actual Rows": 393886,
                              "Actual Loops": 6,
                              "Filter": "(production_year > 1921)",
                              "Rows Removed by Filter": 27499
                            },
                            {
                              "Node Type": "Hash",
                              "Parent Relationship": "Inner",
                              "Parallel Aware": true,
                              "Startup Cost": 31414.82,
                              "Total Cost": 31414.82,
                              "Plan Rows": 202182,
                              "Plan Width": 4,
                              "Actual Startup Time": 99.879,
                              "Actual Total Time": 99.88,
                              "Actual Rows": 66559,
                              "Actual Loops": 6,
                              "Hash Buckets": 1048576,
                              "Original Hash Buckets": 1048576,
                              "Hash Batches": 1,
                              "Original Hash Batches": 1,
                              "Peak Memory Usage": 23904,
                              "Plans": [
                                {
                                  "Node Type": "Seq Scan",
                                  "Parent Relationship": "Outer",
                                  "Parallel Aware": true,
                                  "Relation Name": "movie_companies",
                                  "Alias": "mc",
                                  "Startup Cost": 0.0,
                                  "Total Cost": 31414.82,
                                  "Plan Rows": 202182,
                                  "Plan Width": 4,
                                  "Actual Startup Time": 42.706,
                                  "Actual Total Time": 67.709,
                                  "Actual Rows": 66559,
                                  "Actual Loops": 6,
                                  "Filter": "((company_id < 11141) AND (company_type_id = 2))",
                                  "Rows Removed by Filter": 368296
                                }
                              ]
                            }
                          ]
                        }
                      ]
                    }
                  ]
                }
              ]
            }
          ]
        }
      ]
    },
    "Planning Time": 1.446,
    "Triggers": [],
    "Execution Time": 493.485
  }
]