{
  "Plan": {
    "Node Type": "Aggregate",
    "Strategy": "Plain",
    "Partial Mode": "Finalize",
    "Parallel Aware": false,
    "Startup Cost": 221801.29,
    "Total Cost": 221801.3,
    "Plan Rows": 1,
    "Plan Width": 8,
    "Actual Startup Time": 1793.521,
    "Actual Total Time": 1860.851,
    "Actual Rows": 1,
    "Actual Loops": 1,
    "Plans": [
      {
        "Node Type": "Gather",
        "Parent Relationship": "Outer",
        "Parallel Aware": false,
        "Startup Cost": 221801.17,
        "Total Cost": 221801.28,
        "Plan Rows": 1,
        "Plan Width": 8,
        "Actual Startup Time": 1792.712,
        "Actual Total Time": 1860.816,
        "Actual Rows": 2,
        "Actual Loops": 1,
        "Workers Planned": 1,
        "Workers Launched": 1,
        "Single Copy": false,
        "Plans": [
          {
            "Node Type": "Aggregate",
            "Strategy": "Plain",
            "Partial Mode": "Partial",
            "Parent Relationship": "Outer",
            "Parallel Aware": false,
            "Startup Cost": 220801.17,
            "Total Cost": 220801.18,
            "Plan Rows": 1,
            "Plan Width": 8,
            "Actual Startup Time": 1787.552,
            "Actual Total Time": 1787.733,
            "Actual Rows": 1,
            "Actual Loops": 2,
            "Plans": [
              {
                "Node Type": "Nested Loop",
                "Parent Relationship": "Outer",
                "Parallel Aware": false,
                "Join Type": "Inner",
                "Startup Cost": 26963.68,
                "Total Cost": 219927.88,
                "Plan Rows": 349317,
                "Plan Width": 0,
                "Actual Startup Time": 110.615,
                "Actual Total Time": 1692.943,
                "Actual Rows": 1753484,
                "Actual Loops": 2,
                "Inner Unique": false,
                "Plans": [
                  {
                    "Node Type": "Hash Join",
                    "Parent Relationship": "Outer",
                    "Parallel Aware": true,
                    "Join Type": "Inner",
                    "Startup Cost": 26963.24,
                    "Total Cost": 90352.59,
                    "Plan Rows": 63141,
                    "Plan Width": 8,
                    "Actual Startup Time": 110.537,
                    "Actual Total Time": 540.664,
                    "Actual Rows": 89264,
                    "Actual Loops": 2,
                    "Inner Unique": false,
                    "Hash Cond": "(t.id = mc.movie_id)",
                    "Plans": [
                      {
                        "Node Type": "Seq Scan",
                        "Parent Relationship": "Outer",
                        "Parallel Aware": true,
                        "Relation Name": "title",
                        "Alias": "t",
                        "Startup Cost": 0.0,
                        "Total Cost": 54588.39,
                        "Plan Rows": 1348726,
                        "Plan Width": 4,
                        "Actual Startup Time": 0.011,
                        "Actual Total Time": 181.743,
                        "Actual Rows": 1143636,
                        "Actual Loops": 2,
                        "Filter": "(production_year > 1950)",
                        "Rows Removed by Filter": 120520
                      },
                      {
                        "Node Type": "Hash",
                        "Parent Relationship": "Inner",
                        "Parallel Aware": true,
                        "Startup Cost": 26092.93,
                        "Total Cost": 26092.93,
                        "Plan Rows": 69625,
                        "Plan Width": 4,
                        "Actual Startup Time": 108.395,
                        "Actual Total Time": 108.397,
                        "Actual Rows": 91932,
                        "Actual Loops": 2,
                        "Hash Buckets": 262144,
                        "Original Hash Buckets": 131072,
                        "Hash Batches": 1,
                        "Original Hash Batches": 1,
                        "Peak Memory Usage": 10304,
                        "Plans": [
                          {
                            "Node Type": "Bitmap Heap Scan",
                            "Parent Relationship": "Outer",
                            "Parallel Aware": true,
                            "Relation Name": "movie_companies",
                            "Alias": "mc",
                            "Startup Cost": 5181.36,
                            "Total Cost": 26092.93,
                            "Plan Rows": 69625,
                            "Plan Width": 4,
                            "Actual Startup Time": 26.946,
                            "Actual Total Time": 79.462,
                            "Actual Rows": 91932,
                            "Actual Loops": 2,
                            "Recheck Cond": "(company_id < 94)",
                            "Rows Removed by Index Recheck": 0,
                            "Filter": "(company_type_id < 2)",
                            "Rows Removed by Filter": 27434,
                            "Exact Heap Blocks": 9722,
                            "Lossy Heap Blocks": 0,
                            "Plans": [
                              {
                                "Node Type": "Bitmap Index Scan",
                                "Parent Relationship": "Outer",
                                "Parallel Aware": false,
                                "Index Name": "company_id_movie_companies",
                                "Startup Cost": 0.0,
                                "Total Cost": 5151.77,
                                "Plan Rows": 240445,
                                "Plan Width": 0,
                                "Actual Startup Time": 25.669,
                                "Actual Total Time": 25.669,
                                "Actual Rows": 238732,
                                "Actual Loops": 1,
                                "Index Cond": "(company_id < 94)"
                              }
                            ]
                          }
                        ]
                      }
                    ]
                  },
                  {
                    "Node Type": "Index Scan",
                    "Parent Relationship": "Inner",
                    "Parallel Aware": false,
                    "Scan Direction": "Forward",
                    "Index Name": "movie_id_movie_info",
                    "Relation Name": "movie_info",
                    "Alias": "mi",
                    "Startup Cost": 0.43,
                    "Total Cost": 1.65,
                    "Plan Rows": 40,
                    "Plan Width": 4,
                    "Actual Startup Time": 0.004,
                    "Actual Total Time": 0.011,
                    "Actual Rows": 20,
                    "Actual Loops": 178527,
                    "Index Cond": "(movie_id = t.id)",
                    "Rows Removed by Index Recheck": 0,
                    "Filter": "(info_type_id > 1)",
                    "Rows Removed by Filter": 1
                  }
                ]
              }
            ]
          }
        ]
      }
    ]
  },
  "Planning Time": 1.022,
  "Triggers": [],
  "Execution Time": 1860.98
}