[
    {
        "Bao": {
            "Bao prediction": "NaN",
            "Bao recommended hint": "(no hint)"
        }
    },
    {
        "Plan": {
            "Node Type": "Aggregate",
            "Strategy": "Plain",
            "Partial Mode": "Finalize",
            "Parallel Aware": false,
            "Startup Cost": 350053.37,
            "Total Cost": 350053.38,
            "Plan Rows": 1,
            "Plan Width": 8,
            "Actual Startup Time": 671.957,
            "Actual Total Time": 698.833,
            "Actual Rows": 1,
            "Actual Loops": 1,
            "Output": [
                "count(*)"
            ],
            "Plans": [
                {
                    "Node Type": "Gather",
                    "Parent Relationship": "Outer",
                    "Parallel Aware": false,
                    "Startup Cost": 350052.75,
                    "Total Cost": 350053.36,
                    "Plan Rows": 6,
                    "Plan Width": 8,
                    "Actual Startup Time": 671.853,
                    "Actual Total Time": 698.825,
                    "Actual Rows": 7,
                    "Actual Loops": 1,
                    "Output": [
                        "(PARTIAL count(*))"
                    ],
                    "Workers Planned": 6,
                    "Workers Launched": 6,
                    "Single Copy": false,
                    "Plans": [
                        {
                            "Node Type": "Aggregate",
                            "Strategy": "Plain",
                            "Partial Mode": "Partial",
                            "Parent Relationship": "Outer",
                            "Parallel Aware": false,
                            "Startup Cost": 349052.75,
                            "Total Cost": 349052.76,
                            "Plan Rows": 1,
                            "Plan Width": 8,
                            "Actual Startup Time": 661.689,
                            "Actual Total Time": 661.69,
                            "Actual Rows": 1,
                            "Actual Loops": 7,
                            "Output": [
                                "PARTIAL count(*)"
                            ],
                            "Workers": [
                                {
                                    "Worker Number": 0,
                                    "Actual Startup Time": 659.677,
                                    "Actual Total Time": 659.678,
                                    "Actual Rows": 1,
                                    "Actual Loops": 1
                                },
                                {
                                    "Worker Number": 1,
                                    "Actual Startup Time": 660.015,
                                    "Actual Total Time": 660.017,
                                    "Actual Rows": 1,
                                    "Actual Loops": 1
                                },
                                {
                                    "Worker Number": 2,
                                    "Actual Startup Time": 660.076,
                                    "Actual Total Time": 660.077,
                                    "Actual Rows": 1,
                                    "Actual Loops": 1
                                },
                                {
                                    "Worker Number": 3,
                                    "Actual Startup Time": 660.185,
                                    "Actual Total Time": 660.186,
                                    "Actual Rows": 1,
                                    "Actual Loops": 1
                                },
                                {
                                    "Worker Number": 4,
                                    "Actual Startup Time": 660.165,
                                    "Actual Total Time": 660.167,
                                    "Actual Rows": 1,
                                    "Actual Loops": 1
                                },
                                {
                                    "Worker Number": 5,
                                    "Actual Startup Time": 660.172,
                                    "Actual Total Time": 660.173,
                                    "Actual Rows": 1,
                                    "Actual Loops": 1
                                }
                            ],
                            "Plans": [
                                {
                                    "Node Type": "Seq Scan",
                                    "Parent Relationship": "Outer",
                                    "Parallel Aware": true,
                                    "Relation Name": "cast_info",
                                    "Schema": "public",
                                    "Alias": "ci",
                                    "Startup Cost": 0.0,
                                    "Total Cost": 343318.94,
                                    "Plan Rows": 2293523,
                                    "Plan Width": 0,
                                    "Actual Startup Time": 218.258,
                                    "Actual Total Time": 607.582,
                                    "Actual Rows": 1210855,
                                    "Actual Loops": 7,
                                    "Output": [
                                        "id",
                                        "person_id",
                                        "movie_id",
                                        "person_role_id",
                                        "note",
                                        "nr_order",
                                        "role_id"
                                    ],
                                    "Filter": "((ci.person_id < 2135871) AND (ci.role_id > 1))",
                                    "Rows Removed by Filter": 3966908,
                                    "Workers": [
                                        {
                                            "Worker Number": 0,
                                            "Actual Startup Time": 216.238,
                                            "Actual Total Time": 605.325,
                                            "Actual Rows": 804090,
                                            "Actual Loops": 1
                                        },
                                        {
                                            "Worker Number": 1,
                                            "Actual Startup Time": 216.592,
                                            "Actual Total Time": 607.176,
                                            "Actual Rows": 1203574,
                                            "Actual Loops": 1
                                        },
                                        {
                                            "Worker Number": 2,
                                            "Actual Startup Time": 216.649,
                                            "Actual Total Time": 607.78,
                                            "Actual Rows": 1260194,
                                            "Actual Loops": 1
                                        },
                                        {
                                            "Worker Number": 3,
                                            "Actual Startup Time": 216.753,
                                            "Actual Total Time": 608.595,
                                            "Actual Rows": 1234928,
                                            "Actual Loops": 1
                                        },
                                        {
                                            "Worker Number": 4,
                                            "Actual Startup Time": 216.742,
                                            "Actual Total Time": 607.338,
                                            "Actual Rows": 1172076,
                                            "Actual Loops": 1
                                        },
                                        {
                                            "Worker Number": 5,
                                            "Actual Startup Time": 216.74,
                                            "Actual Total Time": 607.463,
                                            "Actual Rows": 1199706,
                                            "Actual Loops": 1
                                        }
                                    ]
                                }
                            ]
                        }
                    ]
                }
            ]
        },
        "Planning Time": 180.531,
        "Triggers": [],
        "Execution Time": 698.881
    }
]