[
  {
    "Plan": {
      "Node Type": "Aggregate",
      "Strategy": "Plain",
      "Partial Mode": "Finalize",
      "Parallel Aware": false,
      "Startup Cost": 286603.47,
      "Total Cost": 286603.48,
      "Plan Rows": 1,
      "Plan Width": 8,
      "Actual Startup Time": 718.95,
      "Actual Total Time": 744.233,
      "Actual Rows": 1,
      "Actual Loops": 1,
      "Plans": [
        {
          "Node Type": "Gather",
          "Parent Relationship": "Outer",
          "Parallel Aware": false,
          "Startup Cost": 286602.85,
          "Total Cost": 286603.46,
          "Plan Rows": 6,
          "Plan Width": 8,
          "Actual Startup Time": 709.493,
          "Actual Total Time": 744.223,
          "Actual Rows": 7,
          "Actual Loops": 1,
          "Workers Planned": 6,
          "Workers Launched": 6,
          "Single Copy": false,
          "Plans": [
            {
              "Node Type": "Aggregate",
              "Strategy": "Plain",
              "Partial Mode": "Partial",
              "Parent Relationship": "Outer",
              "Parallel Aware": false,
              "Startup Cost": 285602.85,
              "Total Cost": 285602.86,
              "Plan Rows": 1,
              "Plan Width": 8,
              "Actual Startup Time": 698.116,
              "Actual Total Time": 698.174,
              "Actual Rows": 1,
              "Actual Loops": 7,
              "Plans": [
                {
                  "Node Type": "Hash Join",
                  "Parent Relationship": "Outer",
                  "Parallel Aware": true,
                  "Join Type": "Inner",
                  "Startup Cost": 85040.69,
                  "Total Cost": 285132.41,
                  "Plan Rows": 188174,
                  "Plan Width": 0,
                  "Actual Startup Time": 465.414,
                  "Actual Total Time": 689.671,
                  "Actual Rows": 177344,
                  "Actual Loops": 7,
                  "Inner Unique": false,
                  "Hash Cond": "(ci.movie_id = t.id)",
                  "Plans": [
                    {
                      "Node Type": "Index Scan",
                      "Parent Relationship": "Outer",
                      "Parallel Aware": true,
                      "Scan Direction": "Forward",
                      "Index Name": "role_id_cast_info",
                      "Relation Name": "cast_info",
                      "Alias": "ci",
                      "Startup Cost": 0.56,
                      "Total Cost": 197877.72,
                      "Plan Rows": 465101,
                      "Plan Width": 4,
                      "Actual Startup Time": 128.382,
                      "Actual Total Time": 228.135,
                      "Actual Rows": 444068,
                      "Actual Loops": 7,
                      "Index Cond": "(role_id = 2)",
                      "Rows Removed by Index Recheck": 0,
                      "Filter": "(person_id > 2299850)",
                      "Rows Removed by Filter": 620499
                    },
                    {
                      "Node Type": "Hash",
                      "Parent Relationship": "Inner",
                      "Parallel Aware": true,
                      "Startup Cost": 81843.51,
                      "Total Cost": 81843.51,
                      "Plan Rows": 255729,
                      "Plan Width": 8,
                      "Actual Startup Time": 333.831,
                      "Actual Total Time": 333.887,
                      "Actual Rows": 104614,
                      "Actual Loops": 7,
                      "Hash Buckets": 1048576,
                      "Original Hash Buckets": 1048576,
                      "Hash Batches": 1,
                      "Original Hash Batches": 1,
                      "Peak Memory Usage": 36928,
                      "Plans": [
                        {
                          "Node Type": "Hash Join",
                          "Parent Relationship": "Outer",
                          "Parallel Aware": true,
                          "Join Type": "Inner",
                          "Startup Cost": 35539.48,
                          "Total Cost": 81843.51,
                          "Plan Rows": 255729,
                          "Plan Width": 8,
                          "Actual Startup Time": 118.054,
                          "Actual Total Time": 290.274,
                          "Actual Rows": 104614,
                          "Actual Loops": 7,
                          "Inner Unique": false,
                          "Hash Cond": "(t.id = mc.movie_id)",
                          "Plans": [
                            {
                              "Node Type": "Seq Scan",
                              "Parent Relationship": "Outer",
                              "Parallel Aware": true,
                              "Relation Name": "title",
                              "Alias": "t",
                              "Startup Cost": 0.0,
                              "Total Cost": 42318.73,
                              "Plan Rows": 632073,
                              "Plan Width": 4,
                              "Actual Startup Time": 0.011,
                              "Actual Total Time": 60.656,
                              "Actual Rows": 361187,
                              "Actual Loops": 7
                            },
                            {
                              "Node Type": "Hash",
                              "Parent Relationship": "Inner",
                              "Parallel Aware": true,
                              "Startup Cost": 31414.82,
                              "Total Cost": 31414.82,
                              "Plan Rows": 329973,
                              "Plan Width": 4,
                              "Actual Startup Time": 116.51,
                              "Actual Total Time": 116.511,
                              "Actual Rows": 104614,
                              "Actual Loops": 7,
                              "Hash Buckets": 1048576,
                              "Original Hash Buckets": 1048576,
                              "Hash Batches": 1,
                              "Original Hash Batches": 1,
                              "Peak Memory Usage": 36960,
                              "Plans": [
                                {
                                  "Node Type": "Seq Scan",
                                  "Parent Relationship": "Outer",
                                  "Parallel Aware": true,
                                  "Relation Name": "movie_companies",
                                  "Alias": "mc",
                                  "Startup Cost": 0.0,
                                  "Total Cost": 31414.82,
                                  "Plan Rows": 329973,
                                  "Plan Width": 4,
                                  "Actual Startup Time": 42.264,
                                  "Actual Total Time": 70.963,
                                  "Actual Rows": 104614,
                                  "Actual Loops": 7,
                                  "Filter": "((company_id < 65419) AND (company_type_id = 2))",
                                  "Rows Removed by Filter": 268119
                                }
                              ]
                            }
                          ]
                        }
                      ]
                    }
                  ]
                }
              ]
            }
          ]
        }
      ]
    },
    "Planning Time": 1.475,
    "Triggers": [],
    "Execution Time": 744.339
  }
]