{
  "Plan": {
    "Node Type": "Aggregate",
    "Strategy": "Plain",
    "Partial Mode": "Finalize",
    "Parallel Aware": false,
    "Startup Cost": 85852.75,
    "Total Cost": 85852.76,
    "Plan Rows": 1,
    "Plan Width": 8,
    "Actual Startup Time": 323.303,
    "Actual Total Time": 333.603,
    "Actual Rows": 1,
    "Actual Loops": 1,
    "Plans": [
      {
        "Node Type": "Gather",
        "Parent Relationship": "Outer",
        "Parallel Aware": false,
        "Startup Cost": 85852.64,
        "Total Cost": 85852.75,
        "Plan Rows": 1,
        "Plan Width": 8,
        "Actual Startup Time": 323.09,
        "Actual Total Time": 333.596,
        "Actual Rows": 2,
        "Actual Loops": 1,
        "Workers Planned": 1,
        "Workers Launched": 1,
        "Single Copy": false,
        "Plans": [
          {
            "Node Type": "Aggregate",
            "Strategy": "Plain",
            "Partial Mode": "Partial",
            "Parent Relationship": "Outer",
            "Parallel Aware": false,
            "Startup Cost": 84852.64,
            "Total Cost": 84852.65,
            "Plan Rows": 1,
            "Plan Width": 8,
            "Actual Startup Time": 316.874,
            "Actual Total Time": 316.877,
            "Actual Rows": 1,
            "Actual Loops": 2,
            "Plans": [
              {
                "Node Type": "Hash Join",
                "Parent Relationship": "Outer",
                "Parallel Aware": true,
                "Join Type": "Inner",
                "Startup Cost": 21727.5,
                "Total Cost": 84748.07,
                "Plan Rows": 41827,
                "Plan Width": 0,
                "Actual Startup Time": 50.997,
                "Actual Total Time": 314.837,
                "Actual Rows": 40255,
                "Actual Loops": 2,
                "Inner Unique": false,
                "Hash Cond": "(t.id = mc.movie_id)",
                "Plans": [
                  {
                    "Node Type": "Seq Scan",
                    "Parent Relationship": "Outer",
                    "Parallel Aware": true,
                    "Relation Name": "title",
                    "Alias": "t",
                    "Startup Cost": 0.0,
                    "Total Cost": 54588.39,
                    "Plan Rows": 1309782,
                    "Plan Width": 4,
                    "Actual Startup Time": 0.012,
                    "Actual Total Time": 146.031,
                    "Actual Rows": 1112284,
                    "Actual Loops": 2,
                    "Filter": "(production_year < 2012)",
                    "Rows Removed by Filter": 151872
                  },
                  {
                    "Node Type": "Hash",
                    "Parent Relationship": "Inner",
                    "Parallel Aware": true,
                    "Startup Cost": 21133.83,
                    "Total Cost": 21133.83,
                    "Plan Rows": 47494,
                    "Plan Width": 4,
                    "Actual Startup Time": 48.513,
                    "Actual Total Time": 48.514,
                    "Actual Rows": 42036,
                    "Actual Loops": 2,
                    "Hash Buckets": 131072,
                    "Original Hash Buckets": 131072,
                    "Hash Batches": 1,
                    "Original Hash Batches": 1,
                    "Peak Memory Usage": 4352,
                    "Plans": [
                      {
                        "Node Type": "Bitmap Heap Scan",
                        "Parent Relationship": "Outer",
                        "Parallel Aware": true,
                        "Relation Name": "movie_companies",
                        "Alias": "mc",
                        "Startup Cost": 1750.16,
                        "Total Cost": 21133.83,
                        "Plan Rows": 47494,
                        "Plan Width": 4,
                        "Actual Startup Time": 11.989,
                        "Actual Total Time": 36.137,
                        "Actual Rows": 42036,
                        "Actual Loops": 2,
                        "Recheck Cond": "(company_id < 19)",
                        "Rows Removed by Index Recheck": 0,
                        "Exact Heap Blocks": 6980,
                        "Lossy Heap Blocks": 0,
                        "Plans": [
                          {
                            "Node Type": "Bitmap Index Scan",
                            "Parent Relationship": "Outer",
                            "Parallel Aware": false,
                            "Index Name": "company_id_movie_companies",
                            "Startup Cost": 0.0,
                            "Total Cost": 1729.97,
                            "Plan Rows": 80739,
                            "Plan Width": 0,
                            "Actual Startup Time": 12.16,
                            "Actual Total Time": 12.161,
                            "Actual Rows": 84071,
                            "Actual Loops": 1,
                            "Index Cond": "(company_id < 19)"
                          }
                        ]
                      }
                    ]
                  }
                ]
              }
            ]
          }
        ]
      }
    ]
  },
  "Planning Time": 0.595,
  "Triggers": [],
  "Execution Time": 333.698
}