[
  {
    "Plan": {
      "Node Type": "Aggregate",
      "Strategy": "Plain",
      "Partial Mode": "Finalize",
      "Parallel Aware": false,
      "Startup Cost": 266576.66,
      "Total Cost": 266576.67,
      "Plan Rows": 1,
      "Plan Width": 8,
      "Actual Startup Time": 758.008,
      "Actual Total Time": 830.005,
      "Actual Rows": 1,
      "Actual Loops": 1,
      "Plans": [
        {
          "Node Type": "Gather",
          "Parent Relationship": "Outer",
          "Parallel Aware": false,
          "Startup Cost": 266576.24,
          "Total Cost": 266576.65,
          "Plan Rows": 4,
          "Plan Width": 8,
          "Actual Startup Time": 757.997,
          "Actual Total Time": 829.995,
          "Actual Rows": 5,
          "Actual Loops": 1,
          "Workers Planned": 4,
          "Workers Launched": 4,
          "Single Copy": false,
          "Plans": [
            {
              "Node Type": "Aggregate",
              "Strategy": "Plain",
              "Partial Mode": "Partial",
              "Parent Relationship": "Outer",
              "Parallel Aware": false,
              "Startup Cost": 265576.24,
              "Total Cost": 265576.25,
              "Plan Rows": 1,
              "Plan Width": 8,
              "Actual Startup Time": 746.103,
              "Actual Total Time": 746.105,
              "Actual Rows": 1,
              "Actual Loops": 5,
              "Plans": [
                {
                  "Node Type": "Nested Loop",
                  "Parent Relationship": "Outer",
                  "Parallel Aware": false,
                  "Join Type": "Inner",
                  "Startup Cost": 1.0,
                  "Total Cost": 264872.57,
                  "Plan Rows": 281468,
                  "Plan Width": 0,
                  "Actual Startup Time": 0.493,
                  "Actual Total Time": 710.071,
                  "Actual Rows": 676459,
                  "Actual Loops": 5,
                  "Inner Unique": false,
                  "Join Filter": "(t.id = ci.movie_id)",
                  "Rows Removed by Join Filter": 0,
                  "Plans": [
                    {
                      "Node Type": "Nested Loop",
                      "Parent Relationship": "Outer",
                      "Parallel Aware": false,
                      "Join Type": "Inner",
                      "Startup Cost": 0.43,
                      "Total Cost": 229953.17,
                      "Plan Rows": 19631,
                      "Plan Width": 8,
                      "Actual Startup Time": 0.251,
                      "Actual Total Time": 149.746,
                      "Actual Rows": 16278,
                      "Actual Loops": 5,
                      "Inner Unique": false,
                      "Plans": [
                        {
                          "Node Type": "Seq Scan",
                          "Parent Relationship": "Outer",
                          "Parallel Aware": true,
                          "Relation Name": "title",
                          "Alias": "t",
                          "Startup Cost": 0.0,
                          "Total Cost": 43899.32,
                          "Plan Rows": 5310,
                          "Plan Width": 4,
                          "Actual Startup Time": 0.053,
                          "Actual Total Time": 64.755,
                          "Actual Rows": 3972,
                          "Actual Loops": 5,
                          "Filter": "(production_year = 1988)",
                          "Rows Removed by Filter": 501690
                        },
                        {
                          "Node Type": "Index Scan",
                          "Parent Relationship": "Inner",
                          "Parallel Aware": false,
                          "Scan Direction": "Forward",
                          "Index Name": "movie_id_movie_info",
                          "Relation Name": "movie_info",
                          "Alias": "mi",
                          "Startup Cost": 0.43,
                          "Total Cost": 34.78,
                          "Plan Rows": 26,
                          "Plan Width": 4,
                          "Actual Startup Time": 0.011,
                          "Actual Total Time": 0.02,
                          "Actual Rows": 4,
                          "Actual Loops": 19861,
                          "Index Cond": "(movie_id = t.id)",
                          "Rows Removed by Index Recheck": 0,
                          "Filter": "(info_type_id > 5)",
                          "Rows Removed by Filter": 2
                        }
                      ]
                    },
                    {
                      "Node Type": "Index Only Scan",
                      "Parent Relationship": "Inner",
                      "Parallel Aware": false,
                      "Scan Direction": "Forward",
                      "Index Name": "movie_id_cast_info",
                      "Relation Name": "cast_info",
                      "Alias": "ci",
                      "Startup Cost": 0.56,
                      "Total Cost": 1.34,
                      "Plan Rows": 35,
                      "Plan Width": 4,
                      "Actual Startup Time": 0.006,
                      "Actual Total Time": 0.03,
                      "Actual Rows": 42,
                      "Actual Loops": 81392,
                      "Index Cond": "(movie_id = mi.movie_id)",
                      "Rows Removed by Index Recheck": 0,
                      "Heap Fetches": 3382294
                    }
                  ]
                }
              ]
            }
          ]
        }
      ]
    },
    "Planning Time": 1.397,
    "Triggers": [],
    "Execution Time": 830.107
  }
]