[
  {
    "Plan": {
      "Node Type": "Aggregate",
      "Strategy": "Plain",
      "Partial Mode": "Finalize",
      "Parallel Aware": false,
      "Startup Cost": 46496.49,
      "Total Cost": 46496.5,
      "Plan Rows": 1,
      "Plan Width": 8,
      "Actual Startup Time": 96.156,
      "Actual Total Time": 110.034,
      "Actual Rows": 1,
      "Actual Loops": 1,
      "Plans": [
        {
          "Node Type": "Gather",
          "Parent Relationship": "Outer",
          "Parallel Aware": false,
          "Startup Cost": 46496.07,
          "Total Cost": 46496.48,
          "Plan Rows": 4,
          "Plan Width": 8,
          "Actual Startup Time": 95.957,
          "Actual Total Time": 110.018,
          "Actual Rows": 5,
          "Actual Loops": 1,
          "Workers Planned": 4,
          "Workers Launched": 4,
          "Single Copy": false,
          "Plans": [
            {
              "Node Type": "Aggregate",
              "Strategy": "Plain",
              "Partial Mode": "Partial",
              "Parent Relationship": "Outer",
              "Parallel Aware": false,
              "Startup Cost": 45496.07,
              "Total Cost": 45496.08,
              "Plan Rows": 1,
              "Plan Width": 8,
              "Actual Startup Time": 88.691,
              "Actual Total Time": 88.693,
              "Actual Rows": 1,
              "Actual Loops": 5,
              "Plans": [
                {
                  "Node Type": "Seq Scan",
                  "Parent Relationship": "Outer",
                  "Parallel Aware": true,
                  "Relation Name": "title",
                  "Alias": "t",
                  "Startup Cost": 0.0,
                  "Total Cost": 45479.59,
                  "Plan Rows": 6594,
                  "Plan Width": 0,
                  "Actual Startup Time": 0.076,
                  "Actual Total Time": 88.062,
                  "Actual Rows": 5714,
                  "Actual Loops": 5,
                  "Filter": "((kind_id > 3) AND (production_year = 1997))",
                  "Rows Removed by Filter": 499948
                }
              ]
            }
          ]
        }
      ]
    },
    "Planning Time": 0.218,
    "Triggers": [],
    "Execution Time": 110.105
  }
]