[
  {
    "Plan": {
      "Node Type": "Aggregate",
      "Strategy": "Plain",
      "Partial Mode": "Finalize",
      "Parallel Aware": false,
      "Startup Cost": 345599.84,
      "Total Cost": 345599.85,
      "Plan Rows": 1,
      "Plan Width": 8,
      "Actual Startup Time": 609.122,
      "Actual Total Time": 667.531,
      "Actual Rows": 1,
      "Actual Loops": 1,
      "Plans": [
        {
          "Node Type": "Gather",
          "Parent Relationship": "Outer",
          "Parallel Aware": false,
          "Startup Cost": 345599.22,
          "Total Cost": 345599.83,
          "Plan Rows": 6,
          "Plan Width": 8,
          "Actual Startup Time": 608.996,
          "Actual Total Time": 667.519,
          "Actual Rows": 7,
          "Actual Loops": 1,
          "Workers Planned": 6,
          "Workers Launched": 6,
          "Single Copy": false,
          "Plans": [
            {
              "Node Type": "Aggregate",
              "Strategy": "Plain",
              "Partial Mode": "Partial",
              "Parent Relationship": "Outer",
              "Parallel Aware": false,
              "Startup Cost": 344599.22,
              "Total Cost": 344599.23,
              "Plan Rows": 1,
              "Plan Width": 8,
              "Actual Startup Time": 599.702,
              "Actual Total Time": 599.703,
              "Actual Rows": 1,
              "Actual Loops": 7,
              "Plans": [
                {
                  "Node Type": "Seq Scan",
                  "Parent Relationship": "Outer",
                  "Parallel Aware": true,
                  "Relation Name": "cast_info",
                  "Alias": "ci",
                  "Startup Cost": 0.0,
                  "Total Cost": 343257.03,
                  "Plan Rows": 536876,
                  "Plan Width": 0,
                  "Actual Startup Time": 465.225,
                  "Actual Total Time": 596.905,
                  "Actual Rows": 63875,
                  "Actual Loops": 7,
                  "Filter": "((person_id > 3355830) AND (role_id < 8))",
                  "Rows Removed by Filter": 5113888
                }
              ]
            }
          ]
        }
      ]
    },
    "Planning Time": 0.219,
    "Triggers": [],
    "Execution Time": 667.602
  }
]