[
  {
    "Plan": {
      "Node Type": "Aggregate",
      "Strategy": "Plain",
      "Partial Mode": "Simple",
      "Parallel Aware": false,
      "Startup Cost": 27272.72,
      "Total Cost": 27272.73,
      "Plan Rows": 1,
      "Plan Width": 8,
      "Actual Startup Time": 59.487,
      "Actual Total Time": 59.489,
      "Actual Rows": 1,
      "Actual Loops": 1,
      "Plans": [
        {
          "Node Type": "Bitmap Heap Scan",
          "Parent Relationship": "Outer",
          "Parallel Aware": false,
          "Relation Name": "movie_keyword",
          "Alias": "mk",
          "Startup Cost": 1651.5,
          "Total Cost": 27078.19,
          "Plan Rows": 77815,
          "Plan Width": 0,
          "Actual Startup Time": 20.864,
          "Actual Total Time": 55.024,
          "Actual Rows": 77574,
          "Actual Loops": 1,
          "Recheck Cond": "(keyword_id > 88564)",
          "Rows Removed by Index Recheck": 0,
          "Exact Heap Blocks": 15617,
          "Lossy Heap Blocks": 0,
          "Plans": [
            {
              "Node Type": "Bitmap Index Scan",
              "Parent Relationship": "Outer",
              "Parallel Aware": false,
              "Index Name": "keyword_id_movie_keyword",
              "Startup Cost": 0.0,
              "Total Cost": 1632.04,
              "Plan Rows": 77815,
              "Plan Width": 0,
              "Actual Startup Time": 15.053,
              "Actual Total Time": 15.054,
              "Actual Rows": 77574,
              "Actual Loops": 1,
              "Index Cond": "(keyword_id > 88564)"
            }
          ]
        }
      ]
    },
    "Planning Time": 0.183,
    "Triggers": [],
    "Execution Time": 59.551
  }
]