[
  {
    "Plan": {
      "Node Type": "Aggregate",
      "Strategy": "Plain",
      "Partial Mode": "Finalize",
      "Parallel Aware": false,
      "Startup Cost": 126743.01,
      "Total Cost": 126743.02,
      "Plan Rows": 1,
      "Plan Width": 8,
      "Actual Startup Time": 512.91,
      "Actual Total Time": 535.014,
      "Actual Rows": 1,
      "Actual Loops": 1,
      "Plans": [
        {
          "Node Type": "Gather",
          "Parent Relationship": "Outer",
          "Parallel Aware": false,
          "Startup Cost": 126742.69,
          "Total Cost": 126743.0,
          "Plan Rows": 3,
          "Plan Width": 8,
          "Actual Startup Time": 509.756,
          "Actual Total Time": 535.004,
          "Actual Rows": 4,
          "Actual Loops": 1,
          "Workers Planned": 3,
          "Workers Launched": 3,
          "Single Copy": false,
          "Plans": [
            {
              "Node Type": "Aggregate",
              "Strategy": "Plain",
              "Partial Mode": "Partial",
              "Parent Relationship": "Outer",
              "Parallel Aware": false,
              "Startup Cost": 125742.69,
              "Total Cost": 125742.7,
              "Plan Rows": 1,
              "Plan Width": 8,
              "Actual Startup Time": 504.567,
              "Actual Total Time": 504.721,
              "Actual Rows": 1,
              "Actual Loops": 4,
              "Plans": [
                {
                  "Node Type": "Hash Join",
                  "Parent Relationship": "Outer",
                  "Parallel Aware": true,
                  "Join Type": "Inner",
                  "Startup Cost": 78184.53,
                  "Total Cost": 125276.57,
                  "Plan Rows": 186446,
                  "Plan Width": 0,
                  "Actual Startup Time": 319.18,
                  "Actual Total Time": 501.588,
                  "Actual Rows": 70586,
                  "Actual Loops": 4,
                  "Inner Unique": false,
                  "Hash Cond": "(mk.movie_id = t.id)",
                  "Plans": [
                    {
                      "Node Type": "Seq Scan",
                      "Parent Relationship": "Outer",
                      "Parallel Aware": true,
                      "Relation Name": "movie_keyword",
                      "Alias": "mk",
                      "Startup Cost": 0.0,
                      "Total Cost": 42695.65,
                      "Plan Rows": 1011988,
                      "Plan Width": 4,
                      "Actual Startup Time": 0.163,
                      "Actual Total Time": 111.934,
                      "Actual Rows": 784813,
                      "Actual Loops": 4,
                      "Filter": "(keyword_id > 1860)",
                      "Rows Removed by Filter": 346170
                    },
                    {
                      "Node Type": "Hash",
                      "Parent Relationship": "Inner",
                      "Parallel Aware": true,
                      "Startup Cost": 76306.18,
                      "Total Cost": 76306.18,
                      "Plan Rows": 150268,
                      "Plan Width": 8,
                      "Actual Startup Time": 316.919,
                      "Actual Total Time": 317.071,
                      "Actual Rows": 72051,
                      "Actual Loops": 4,
                      "Hash Buckets": 524288,
                      "Original Hash Buckets": 524288,
                      "Hash Batches": 1,
                      "Original Hash Batches": 1,
                      "Peak Memory Usage": 15424,
                      "Plans": [
                        {
                          "Node Type": "Hash Join",
                          "Parent Relationship": "Outer",
                          "Parallel Aware": true,
                          "Join Type": "Inner",
                          "Startup Cost": 46890.29,
                          "Total Cost": 76306.18,
                          "Plan Rows": 150268,
                          "Plan Width": 8,
                          "Actual Startup Time": 129.97,
                          "Actual Total Time": 294.841,
                          "Actual Rows": 72051,
                          "Actual Loops": 4,
                          "Inner Unique": true,
                          "Hash Cond": "(mc.movie_id = t.id)",
                          "Plans": [
                            {
                              "Node Type": "Seq Scan",
                              "Parent Relationship": "Outer",
                              "Parallel Aware": true,
                              "Relation Name": "movie_companies",
                              "Alias": "mc",
                              "Startup Cost": 0.0,
                              "Total Cost": 27206.55,
                              "Plan Rows": 841655,
                              "Plan Width": 4,
                              "Actual Startup Time": 0.008,
                              "Actual Total Time": 60.435,
                              "Actual Rows": 652282,
                              "Actual Loops": 4
                            },
                            {
                              "Node Type": "Hash",
                              "Parent Relationship": "Inner",
                              "Parallel Aware": true,
                              "Startup Cost": 45479.59,
                              "Total Cost": 45479.59,
                              "Plan Rows": 112856,
                              "Plan Width": 4,
                              "Actual Startup Time": 128.437,
                              "Actual Total Time": 128.439,
                              "Actual Rows": 86053,
                              "Actual Loops": 4,
                              "Hash Buckets": 524288,
                              "Original Hash Buckets": 524288,
                              "Hash Batches": 1,
                              "Original Hash Batches": 1,
                              "Peak Memory Usage": 17632,
                              "Plans": [
                                {
                                  "Node Type": "Seq Scan",
                                  "Parent Relationship": "Outer",
                                  "Parallel Aware": true,
                                  "Relation Name": "title",
                                  "Alias": "t",
                                  "Startup Cost": 0.0,
                                  "Total Cost": 45479.59,
                                  "Plan Rows": 112856,
                                  "Plan Width": 4,
                                  "Actual Startup Time": 0.033,
                                  "Actual Total Time": 96.644,
                                  "Actual Rows": 86053,
                                  "Actual Loops": 4,
                                  "Filter": "((production_year < 1993) AND (kind_id = 7))",
                                  "Rows Removed by Filter": 546025
                                }
                              ]
                            }
                          ]
                        }
                      ]
                    }
                  ]
                }
              ]
            }
          ]
        }
      ]
    },
    "Planning Time": 0.564,
    "Triggers": [],
    "Execution Time": 535.059
  }
]