[
    {
        "Bao": {
            "Bao prediction": 463.963,
            "Bao recommended hint": "(no hint)"
        }
    },
    {
        "Plan": {
            "Node Type": "Aggregate",
            "Strategy": "Plain",
            "Partial Mode": "Finalize",
            "Parallel Aware": false,
            "Startup Cost": 33313.98,
            "Total Cost": 33313.99,
            "Plan Rows": 1,
            "Plan Width": 8,
            "Actual Startup Time": 108.107,
            "Actual Total Time": 113.07,
            "Actual Rows": 1,
            "Actual Loops": 1,
            "Output": [
                "count(*)"
            ],
            "Plans": [
                {
                    "Node Type": "Gather",
                    "Parent Relationship": "Outer",
                    "Parallel Aware": false,
                    "Startup Cost": 33313.66,
                    "Total Cost": 33313.97,
                    "Plan Rows": 3,
                    "Plan Width": 8,
                    "Actual Startup Time": 107.916,
                    "Actual Total Time": 113.063,
                    "Actual Rows": 4,
                    "Actual Loops": 1,
                    "Output": [
                        "(PARTIAL count(*))"
                    ],
                    "Workers Planned": 3,
                    "Workers Launched": 3,
                    "Single Copy": false,
                    "Plans": [
                        {
                            "Node Type": "Aggregate",
                            "Strategy": "Plain",
                            "Partial Mode": "Partial",
                            "Parent Relationship": "Outer",
                            "Parallel Aware": false,
                            "Startup Cost": 32313.66,
                            "Total Cost": 32313.67,
                            "Plan Rows": 1,
                            "Plan Width": 8,
                            "Actual Startup Time": 99.827,
                            "Actual Total Time": 99.828,
                            "Actual Rows": 1,
                            "Actual Loops": 4,
                            "Output": [
                                "PARTIAL count(*)"
                            ],
                            "Workers": [
                                {
                                    "Worker Number": 0,
                                    "Actual Startup Time": 97.188,
                                    "Actual Total Time": 97.189,
                                    "Actual Rows": 1,
                                    "Actual Loops": 1
                                },
                                {
                                    "Worker Number": 1,
                                    "Actual Startup Time": 97.205,
                                    "Actual Total Time": 97.206,
                                    "Actual Rows": 1,
                                    "Actual Loops": 1
                                },
                                {
                                    "Worker Number": 2,
                                    "Actual Startup Time": 97.621,
                                    "Actual Total Time": 97.622,
                                    "Actual Rows": 1,
                                    "Actual Loops": 1
                                }
                            ],
                            "Plans": [
                                {
                                    "Node Type": "Seq Scan",
                                    "Parent Relationship": "Outer",
                                    "Parallel Aware": true,
                                    "Relation Name": "movie_companies",
                                    "Schema": "public",
                                    "Alias": "mc",
                                    "Startup Cost": 0.0,
                                    "Total Cost": 31414.82,
                                    "Plan Rows": 359536,
                                    "Plan Width": 0,
                                    "Actual Startup Time": 48.67,
                                    "Actual Total Time": 86.293,
                                    "Actual Rows": 309036,
                                    "Actual Loops": 4,
                                    "Output": [
                                        "id",
                                        "movie_id",
                                        "company_id",
                                        "company_type_id",
                                        "note"
                                    ],
                                    "Filter": "((mc.company_id > 299) AND (mc.company_type_id = 2))",
                                    "Rows Removed by Filter": 343246,
                                    "Workers": [
                                        {
                                            "Worker Number": 0,
                                            "Actual Startup Time": 46.033,
                                            "Actual Total Time": 83.777,
                                            "Actual Rows": 324876,
                                            "Actual Loops": 1
                                        },
                                        {
                                            "Worker Number": 1,
                                            "Actual Startup Time": 46.036,
                                            "Actual Total Time": 83.775,
                                            "Actual Rows": 205627,
                                            "Actual Loops": 1
                                        },
                                        {
                                            "Worker Number": 2,
                                            "Actual Startup Time": 46.469,
                                            "Actual Total Time": 84.491,
                                            "Actual Rows": 326205,
                                            "Actual Loops": 1
                                        }
                                    ]
                                }
                            ]
                        }
                    ]
                }
            ]
        },
        "Planning Time": 1086.544,
        "Triggers": [],
        "Execution Time": 113.16
    }
]