[
  {
    "Plan": {
      "Node Type": "Aggregate",
      "Strategy": "Plain",
      "Partial Mode": "Finalize",
      "Parallel Aware": false,
      "Startup Cost": 91966.87,
      "Total Cost": 91966.88,
      "Plan Rows": 1,
      "Plan Width": 8,
      "Actual Startup Time": 296.502,
      "Actual Total Time": 314.411,
      "Actual Rows": 1,
      "Actual Loops": 1,
      "Plans": [
        {
          "Node Type": "Gather",
          "Parent Relationship": "Outer",
          "Parallel Aware": false,
          "Startup Cost": 91966.55,
          "Total Cost": 91966.86,
          "Plan Rows": 3,
          "Plan Width": 8,
          "Actual Startup Time": 295.353,
          "Actual Total Time": 314.389,
          "Actual Rows": 4,
          "Actual Loops": 1,
          "Workers Planned": 3,
          "Workers Launched": 3,
          "Single Copy": false,
          "Plans": [
            {
              "Node Type": "Aggregate",
              "Strategy": "Plain",
              "Partial Mode": "Partial",
              "Parent Relationship": "Outer",
              "Parallel Aware": false,
              "Startup Cost": 90966.55,
              "Total Cost": 90966.56,
              "Plan Rows": 1,
              "Plan Width": 8,
              "Actual Startup Time": 288.512,
              "Actual Total Time": 288.515,
              "Actual Rows": 1,
              "Actual Loops": 4,
              "Plans": [
                {
                  "Node Type": "Hash Join",
                  "Parent Relationship": "Outer",
                  "Parallel Aware": true,
                  "Join Type": "Inner",
                  "Startup Cost": 46656.71,
                  "Total Cost": 90765.98,
                  "Plan Rows": 80228,
                  "Plan Width": 0,
                  "Actual Startup Time": 157.971,
                  "Actual Total Time": 283.883,
                  "Actual Rows": 101068,
                  "Actual Loops": 4,
                  "Inner Unique": true,
                  "Hash Cond": "(mk.movie_id = t.id)",
                  "Plans": [
                    {
                      "Node Type": "Seq Scan",
                      "Parent Relationship": "Outer",
                      "Parallel Aware": true,
                      "Relation Name": "movie_keyword",
                      "Alias": "mk",
                      "Startup Cost": 0.0,
                      "Total Cost": 42695.65,
                      "Plan Rows": 538521,
                      "Plan Width": 4,
                      "Actual Startup Time": 0.569,
                      "Actual Total Time": 102.987,
                      "Actual Rows": 413195,
                      "Actual Loops": 4,
                      "Filter": "(keyword_id > 8845)",
                      "Rows Removed by Filter": 717788
                    },
                    {
                      "Node Type": "Hash",
                      "Parent Relationship": "Inner",
                      "Parallel Aware": true,
                      "Startup Cost": 45479.59,
                      "Total Cost": 45479.59,
                      "Plan Rows": 94170,
                      "Plan Width": 4,
                      "Actual Startup Time": 127.894,
                      "Actual Total Time": 127.895,
                      "Actual Rows": 70529,
                      "Actual Loops": 4,
                      "Hash Buckets": 524288,
                      "Original Hash Buckets": 524288,
                      "Hash Batches": 1,
                      "Original Hash Batches": 1,
                      "Peak Memory Usage": 15168,
                      "Plans": [
                        {
                          "Node Type": "Seq Scan",
                          "Parent Relationship": "Outer",
                          "Parallel Aware": true,
                          "Relation Name": "title",
                          "Alias": "t",
                          "Startup Cost": 0.0,
                          "Total Cost": 45479.59,
                          "Plan Rows": 94170,
                          "Plan Width": 4,
                          "Actual Startup Time": 43.571,
                          "Actual Total Time": 102.121,
                          "Actual Rows": 70529,
                          "Actual Loops": 4,
                          "Filter": "((production_year > 1999) AND (kind_id = 1))",
                          "Rows Removed by Filter": 561549
                        }
                      ]
                    }
                  ]
                }
              ]
            }
          ]
        }
      ]
    },
    "Planning Time": 0.212,
    "Triggers": [],
    "Execution Time": 314.442
  }
]