[
    {
        "Bao": {
            "Bao prediction": "NaN",
            "Bao recommended hint": "(no hint)"
        }
    },
    {
        "Plan": {
            "Node Type": "Aggregate",
            "Strategy": "Plain",
            "Partial Mode": "Finalize",
            "Parallel Aware": false,
            "Startup Cost": 618976.91,
            "Total Cost": 618976.92,
            "Plan Rows": 1,
            "Plan Width": 8,
            "Actual Startup Time": 5792.788,
            "Actual Total Time": 5861.505,
            "Actual Rows": 1,
            "Actual Loops": 1,
            "Output": [
                "count(*)"
            ],
            "Plans": [
                {
                    "Node Type": "Gather",
                    "Parent Relationship": "Outer",
                    "Parallel Aware": false,
                    "Startup Cost": 618976.39,
                    "Total Cost": 618976.9,
                    "Plan Rows": 5,
                    "Plan Width": 8,
                    "Actual Startup Time": 5756.776,
                    "Actual Total Time": 5861.491,
                    "Actual Rows": 6,
                    "Actual Loops": 1,
                    "Output": [
                        "(PARTIAL count(*))"
                    ],
                    "Workers Planned": 5,
                    "Workers Launched": 5,
                    "Single Copy": false,
                    "Plans": [
                        {
                            "Node Type": "Aggregate",
                            "Strategy": "Plain",
                            "Partial Mode": "Partial",
                            "Parent Relationship": "Outer",
                            "Parallel Aware": false,
                            "Startup Cost": 617976.39,
                            "Total Cost": 617976.4,
                            "Plan Rows": 1,
                            "Plan Width": 8,
                            "Actual Startup Time": 5744.299,
                            "Actual Total Time": 5746.323,
                            "Actual Rows": 1,
                            "Actual Loops": 6,
                            "Output": [
                                "PARTIAL count(*)"
                            ],
                            "Workers": [
                                {
                                    "Worker Number": 0,
                                    "Actual Startup Time": 5740.746,
                                    "Actual Total Time": 5740.751,
                                    "Actual Rows": 1,
                                    "Actual Loops": 1
                                },
                                {
                                    "Worker Number": 1,
                                    "Actual Startup Time": 5745.905,
                                    "Actual Total Time": 5745.91,
                                    "Actual Rows": 1,
                                    "Actual Loops": 1
                                },
                                {
                                    "Worker Number": 2,
                                    "Actual Startup Time": 5740.959,
                                    "Actual Total Time": 5740.964,
                                    "Actual Rows": 1,
                                    "Actual Loops": 1
                                },
                                {
                                    "Worker Number": 3,
                                    "Actual Startup Time": 5740.758,
                                    "Actual Total Time": 5740.763,
                                    "Actual Rows": 1,
                                    "Actual Loops": 1
                                },
                                {
                                    "Worker Number": 4,
                                    "Actual Startup Time": 5741.066,
                                    "Actual Total Time": 5741.071,
                                    "Actual Rows": 1,
                                    "Actual Loops": 1
                                }
                            ],
                            "Plans": [
                                {
                                    "Node Type": "Hash Join",
                                    "Parent Relationship": "Outer",
                                    "Parallel Aware": true,
                                    "Join Type": "Inner",
                                    "Startup Cost": 400878.05,
                                    "Total Cost": 609259.1,
                                    "Plan Rows": 3486917,
                                    "Plan Width": 0,
                                    "Actual Startup Time": 2169.127,
                                    "Actual Total Time": 5041.422,
                                    "Actual Rows": 16669908,
                                    "Actual Loops": 6,
                                    "Inner Unique": false,
                                    "Hash Cond": "(mi.movie_id = t.id)",
                                    "Workers": [
                                        {
                                            "Worker Number": 0,
                                            "Actual Startup Time": 2166.453,
                                            "Actual Total Time": 5027.08,
                                            "Actual Rows": 16435574,
                                            "Actual Loops": 1
                                        },
                                        {
                                            "Worker Number": 1,
                                            "Actual Startup Time": 2166.448,
                                            "Actual Total Time": 5017.047,
                                            "Actual Rows": 15447817,
                                            "Actual Loops": 1
                                        },
                                        {
                                            "Worker Number": 2,
                                            "Actual Startup Time": 2166.615,
                                            "Actual Total Time": 5058.117,
                                            "Actual Rows": 17737923,
                                            "Actual Loops": 1
                                        },
                                        {
                                            "Worker Number": 3,
                                            "Actual Startup Time": 2166.478,
                                            "Actual Total Time": 5029.939,
                                            "Actual Rows": 14546350,
                                            "Actual Loops": 1
                                        },
                                        {
                                            "Worker Number": 4,
                                            "Actual Startup Time": 2166.741,
                                            "Actual Total Time": 5055.168,
                                            "Actual Rows": 17716772,
                                            "Actual Loops": 1
                                        }
                                    ],
                                    "Plans": [
                                        {
                                            "Node Type": "Seq Scan",
                                            "Parent Relationship": "Outer",
                                            "Parallel Aware": true,
                                            "Relation Name": "movie_info",
                                            "Schema": "public",
                                            "Alias": "mi",
                                            "Startup Cost": 0.0,
                                            "Total Cost": 191503.19,
                                            "Plan Rows": 2951019,
                                            "Plan Width": 4,
                                            "Actual Startup Time": 0.034,
                                            "Actual Total Time": 275.716,
                                            "Actual Rows": 2472620,
                                            "Actual Loops": 6,
                                            "Output": [
                                                "mi.id",
                                                "mi.movie_id",
                                                "mi.info_type_id",
                                                "mi.info",
                                                "mi.note"
                                            ],
                                            "Workers": [
                                                {
                                                    "Worker Number": 0,
                                                    "Actual Startup Time": 0.033,
                                                    "Actual Total Time": 291.478,
                                                    "Actual Rows": 2369958,
                                                    "Actual Loops": 1
                                                },
                                                {
                                                    "Worker Number": 1,
                                                    "Actual Startup Time": 0.035,
                                                    "Actual Total Time": 292.065,
                                                    "Actual Rows": 2254506,
                                                    "Actual Loops": 1
                                                },
                                                {
                                                    "Worker Number": 2,
                                                    "Actual Startup Time": 0.026,
                                                    "Actual Total Time": 281.262,
                                                    "Actual Rows": 2663171,
                                                    "Actual Loops": 1
                                                },
                                                {
                                                    "Worker Number": 3,
                                                    "Actual Startup Time": 0.071,
                                                    "Actual Total Time": 289.796,
                                                    "Actual Rows": 2151325,
                                                    "Actual Loops": 1
                                                },
                                                {
                                                    "Worker Number": 4,
                                                    "Actual Startup Time": 0.032,
                                                    "Actual Total Time": 278.008,
                                                    "Actual Rows": 2635741,
                                                    "Actual Loops": 1
                                                }
                                            ]
                                        },
                                        {
                                            "Node Type": "Hash",
                                            "Parent Relationship": "Inner",
                                            "Parallel Aware": true,
                                            "Startup Cost": 394654.18,
                                            "Total Cost": 394654.18,
                                            "Plan Rows": 497910,
                                            "Plan Width": 8,
                                            "Actual Startup Time": 2163.582,
                                            "Actual Total Time": 2165.604,
                                            "Actual Rows": 1020158,
                                            "Actual Loops": 6,
                                            "Output": [
                                                "t.id",
                                                "ci.movie_id"
                                            ],
                                            "Hash Buckets": 8388608,
                                            "Original Hash Buckets": 4194304,
                                            "Hash Batches": 1,
                                            "Original Hash Batches": 1,
                                            "Peak Memory Usage": 337856,
                                            "Workers": [
                                                {
                                                    "Worker Number": 0,
                                                    "Actual Startup Time": 2165.574,
                                                    "Actual Total Time": 2165.577,
                                                    "Actual Rows": 868722,
                                                    "Actual Loops": 1
                                                },
                                                {
                                                    "Worker Number": 1,
                                                    "Actual Startup Time": 2165.584,
                                                    "Actual Total Time": 2165.588,
                                                    "Actual Rows": 872804,
                                                    "Actual Loops": 1
                                                },
                                                {
                                                    "Worker Number": 2,
                                                    "Actual Startup Time": 2165.621,
                                                    "Actual Total Time": 2165.624,
                                                    "Actual Rows": 1166194,
                                                    "Actual Loops": 1
                                                },
                                                {
                                                    "Worker Number": 3,
                                                    "Actual Startup Time": 2165.606,
                                                    "Actual Total Time": 2165.61,
                                                    "Actual Rows": 833075,
                                                    "Actual Loops": 1
                                                },
                                                {
                                                    "Worker Number": 4,
                                                    "Actual Startup Time": 2165.872,
                                                    "Actual Total Time": 2165.875,
                                                    "Actual Rows": 1163572,
                                                    "Actual Loops": 1
                                                }
                                            ],
                                            "Plans": [
                                                {
                                                    "Node Type": "Hash Join",
                                                    "Parent Relationship": "Outer",
                                                    "Parallel Aware": true,
                                                    "Join Type": "Inner",
                                                    "Startup Cost": 49487.33,
                                                    "Total Cost": 394654.18,
                                                    "Plan Rows": 497910,
                                                    "Plan Width": 8,
                                                    "Actual Startup Time": 577.961,
                                                    "Actual Total Time": 1605.329,
                                                    "Actual Rows": 1020158,
                                                    "Actual Loops": 6,
                                                    "Output": [
                                                        "t.id",
                                                        "ci.movie_id"
                                                    ],
                                                    "Inner Unique": true,
                                                    "Hash Cond": "(ci.movie_id = t.id)",
                                                    "Workers": [
                                                        {
                                                            "Worker Number": 0,
                                                            "Actual Startup Time": 577.841,
                                                            "Actual Total Time": 1609.467,
                                                            "Actual Rows": 868722,
                                                            "Actual Loops": 1
                                                        },
                                                        {
                                                            "Worker Number": 1,
                                                            "Actual Startup Time": 577.842,
                                                            "Actual Total Time": 1608.532,
                                                            "Actual Rows": 872804,
                                                            "Actual Loops": 1
                                                        },
                                                        {
                                                            "Worker Number": 2,
                                                            "Actual Startup Time": 577.825,
                                                            "Actual Total Time": 1604.647,
                                                            "Actual Rows": 1166194,
                                                            "Actual Loops": 1
                                                        },
                                                        {
                                                            "Worker Number": 3,
                                                            "Actual Startup Time": 577.68,
                                                            "Actual Total Time": 1600.205,
                                                            "Actual Rows": 833075,
                                                            "Actual Loops": 1
                                                        },
                                                        {
                                                            "Worker Number": 4,
                                                            "Actual Startup Time": 578.098,
                                                            "Actual Total Time": 1602.692,
                                                            "Actual Rows": 1163572,
                                                            "Actual Loops": 1
                                                        }
                                                    ],
                                                    "Plans": [
                                                        {
                                                            "Node Type": "Seq Scan",
                                                            "Parent Relationship": "Outer",
                                                            "Parallel Aware": true,
                                                            "Relation Name": "cast_info",
                                                            "Schema": "public",
                                                            "Alias": "ci",
                                                            "Startup Cost": 0.0,
                                                            "Total Cost": 343318.94,
                                                            "Plan Rows": 703965,
                                                            "Plan Width": 4,
                                                            "Actual Startup Time": 360.944,
                                                            "Actual Total Time": 733.649,
                                                            "Actual Rows": 1596867,
                                                            "Actual Loops": 6,
                                                            "Output": [
                                                                "ci.id",
                                                                "ci.person_id",
                                                                "ci.movie_id",
                                                                "ci.person_role_id",
                                                                "ci.note",
                                                                "ci.nr_order",
                                                                "ci.role_id"
                                                            ],
                                                            "Filter": "((ci.person_id > 2748712) AND (ci.role_id > 2))",
                                                            "Rows Removed by Filter": 4443857,
                                                            "Workers": [
                                                                {
                                                                    "Worker Number": 0,
                                                                    "Actual Startup Time": 360.994,
                                                                    "Actual Total Time": 762.76,
                                                                    "Actual Rows": 1358932,
                                                                    "Actual Loops": 1
                                                                },
                                                                {
                                                                    "Worker Number": 1,
                                                                    "Actual Startup Time": 360.865,
                                                                    "Actual Total Time": 764.077,
                                                                    "Actual Rows": 1363972,
                                                                    "Actual Loops": 1
                                                                },
                                                                {
                                                                    "Worker Number": 2,
                                                                    "Actual Startup Time": 360.979,
                                                                    "Actual Total Time": 719.713,
                                                                    "Actual Rows": 1824703,
                                                                    "Actual Loops": 1
                                                                },
                                                                {
                                                                    "Worker Number": 3,
                                                                    "Actual Startup Time": 360.876,
                                                                    "Actual Total Time": 748.404,
                                                                    "Actual Rows": 1300600,
                                                                    "Actual Loops": 1
                                                                },
                                                                {
                                                                    "Worker Number": 4,
                                                                    "Actual Startup Time": 360.965,
                                                                    "Actual Total Time": 717.836,
                                                                    "Actual Rows": 1824970,
                                                                    "Actual Loops": 1
                                                                }
                                                            ]
                                                        },
                                                        {
                                                            "Node Type": "Hash",
                                                            "Parent Relationship": "Inner",
                                                            "Parallel Aware": true,
                                                            "Startup Cost": 43899.01,
                                                            "Total Cost": 43899.01,
                                                            "Plan Rows": 447066,
                                                            "Plan Width": 4,
                                                            "Actual Startup Time": 214.747,
                                                            "Actual Total Time": 214.748,
                                                            "Actual Rows": 299026,
                                                            "Actual Loops": 6,
                                                            "Output": [
                                                                "t.id"
                                                            ],
                                                            "Hash Buckets": 2097152,
                                                            "Original Hash Buckets": 2097152,
                                                            "Hash Batches": 1,
                                                            "Original Hash Batches": 1,
                                                            "Peak Memory Usage": 86688,
                                                            "Workers": [
                                                                {
                                                                    "Worker Number": 0,
                                                                    "Actual Startup Time": 216.769,
                                                                    "Actual Total Time": 216.77,
                                                                    "Actual Rows": 240662,
                                                                    "Actual Loops": 1
                                                                },
                                                                {
                                                                    "Worker Number": 1,
                                                                    "Actual Startup Time": 216.75,
                                                                    "Actual Total Time": 216.751,
                                                                    "Actual Rows": 236814,
                                                                    "Actual Loops": 1
                                                                },
                                                                {
                                                                    "Worker Number": 2,
                                                                    "Actual Startup Time": 216.73,
                                                                    "Actual Total Time": 216.731,
                                                                    "Actual Rows": 331529,
                                                                    "Actual Loops": 1
                                                                },
                                                                {
                                                                    "Worker Number": 3,
                                                                    "Actual Startup Time": 216.543,
                                                                    "Actual Total Time": 216.545,
                                                                    "Actual Rows": 208546,
                                                                    "Actual Loops": 1
                                                                },
                                                                {
                                                                    "Worker Number": 4,
                                                                    "Actual Startup Time": 216.729,
                                                                    "Actual Total Time": 216.73,
                                                                    "Actual Rows": 328331,
                                                                    "Actual Loops": 1
                                                                }
                                                            ],
                                                            "Plans": [
                                                                {
                                                                    "Node Type": "Seq Scan",
                                                                    "Parent Relationship": "Outer",
                                                                    "Parallel Aware": true,
                                                                    "Relation Name": "title",
                                                                    "Schema": "public",
                                                                    "Alias": "t",
                                                                    "Startup Cost": 0.0,
                                                                    "Total Cost": 43899.01,
                                                                    "Plan Rows": 447066,
                                                                    "Plan Width": 4,
                                                                    "Actual Startup Time": 0.045,
                                                                    "Actual Total Time": 88.534,
                                                                    "Actual Rows": 299026,
                                                                    "Actual Loops": 6,
                                                                    "Output": [
                                                                        "t.id"
                                                                    ],
                                                                    "Filter": "(t.production_year < 2009)",
                                                                    "Rows Removed by Filter": 122360,
                                                                    "Workers": [
                                                                        {
                                                                            "Worker Number": 0,
                                                                            "Actual Startup Time": 0.05,
                                                                            "Actual Total Time": 94.384,
                                                                            "Actual Rows": 240662,
                                                                            "Actual Loops": 1
                                                                        },
                                                                        {
                                                                            "Worker Number": 1,
                                                                            "Actual Startup Time": 0.05,
                                                                            "Actual Total Time": 93.627,
                                                                            "Actual Rows": 236814,
                                                                            "Actual Loops": 1
                                                                        },
                                                                        {
                                                                            "Worker Number": 2,
                                                                            "Actual Startup Time": 0.062,
                                                                            "Actual Total Time": 88.647,
                                                                            "Actual Rows": 331529,
                                                                            "Actual Loops": 1
                                                                        },
                                                                        {
                                                                            "Worker Number": 3,
                                                                            "Actual Startup Time": 0.058,
                                                                            "Actual Total Time": 88.658,
                                                                            "Actual Rows": 208546,
                                                                            "Actual Loops": 1
                                                                        },
                                                                        {
                                                                            "Worker Number": 4,
                                                                            "Actual Startup Time": 0.031,
                                                                            "Actual Total Time": 88.409,
                                                                            "Actual Rows": 328331,
                                                                            "Actual Loops": 1
                                                                        }
                                                                    ]
                                                                }
                                                            ]
                                                        }
                                                    ]
                                                }
                                            ]
                                        }
                                    ]
                                }
                            ]
                        }
                    ]
                }
            ]
        },
        "Planning Time": 193.958,
        "Triggers": [],
        "Execution Time": 5861.58
    }
]