[
  {
    "Plan": {
      "Node Type": "Aggregate",
      "Strategy": "Plain",
      "Partial Mode": "Finalize",
      "Parallel Aware": false,
      "Startup Cost": 603494.53,
      "Total Cost": 603494.54,
      "Plan Rows": 1,
      "Plan Width": 8,
      "Actual Startup Time": 2439.604,
      "Actual Total Time": 2495.811,
      "Actual Rows": 1,
      "Actual Loops": 1,
      "Plans": [
        {
          "Node Type": "Gather",
          "Parent Relationship": "Outer",
          "Parallel Aware": false,
          "Startup Cost": 603493.9,
          "Total Cost": 603494.51,
          "Plan Rows": 6,
          "Plan Width": 8,
          "Actual Startup Time": 2401.035,
          "Actual Total Time": 2495.797,
          "Actual Rows": 7,
          "Actual Loops": 1,
          "Workers Planned": 6,
          "Workers Launched": 6,
          "Single Copy": false,
          "Plans": [
            {
              "Node Type": "Aggregate",
              "Strategy": "Plain",
              "Partial Mode": "Partial",
              "Parent Relationship": "Outer",
              "Parallel Aware": false,
              "Startup Cost": 602493.9,
              "Total Cost": 602493.91,
              "Plan Rows": 1,
              "Plan Width": 8,
              "Actual Startup Time": 2379.89,
              "Actual Total Time": 2380.519,
              "Actual Rows": 1,
              "Actual Loops": 7,
              "Plans": [
                {
                  "Node Type": "Hash Join",
                  "Parent Relationship": "Outer",
                  "Parallel Aware": true,
                  "Join Type": "Inner",
                  "Startup Cost": 256962.48,
                  "Total Cost": 598353.14,
                  "Plan Rows": 1656306,
                  "Plan Width": 0,
                  "Actual Startup Time": 892.429,
                  "Actual Total Time": 2199.723,
                  "Actual Rows": 3633135,
                  "Actual Loops": 7,
                  "Inner Unique": false,
                  "Hash Cond": "(ci.movie_id = t.id)",
                  "Plans": [
                    {
                      "Node Type": "Index Scan",
                      "Parent Relationship": "Outer",
                      "Parallel Aware": true,
                      "Scan Direction": "Forward",
                      "Index Name": "role_id_cast_info",
                      "Relation Name": "cast_info",
                      "Alias": "ci",
                      "Startup Cost": 0.56,
                      "Total Cost": 331632.96,
                      "Plan Rows": 1718840,
                      "Plan Width": 4,
                      "Actual Startup Time": 0.493,
                      "Actual Total Time": 403.068,
                      "Actual Rows": 1554063,
                      "Actual Loops": 7,
                      "Index Cond": "(role_id > 3)",
                      "Rows Removed by Index Recheck": 0,
                      "Filter": "(person_id > 591848)",
                      "Rows Removed by Filter": 176458
                    },
                    {
                      "Node Type": "Hash",
                      "Parent Relationship": "Inner",
                      "Parallel Aware": true,
                      "Startup Cost": 250871.14,
                      "Total Cost": 250871.14,
                      "Plan Rows": 487262,
                      "Plan Width": 8,
                      "Actual Startup Time": 885.277,
                      "Actual Total Time": 885.904,
                      "Actual Rows": 371369,
                      "Actual Loops": 7,
                      "Hash Buckets": 4194304,
                      "Original Hash Buckets": 4194304,
                      "Hash Batches": 1,
                      "Original Hash Batches": 1,
                      "Peak Memory Usage": 134560,
                      "Plans": [
                        {
                          "Node Type": "Hash Join",
                          "Parent Relationship": "Outer",
                          "Parallel Aware": true,
                          "Join Type": "Inner",
                          "Startup Cost": 50353.24,
                          "Total Cost": 250871.14,
                          "Plan Rows": 487262,
                          "Plan Width": 8,
                          "Actual Startup Time": 304.825,
                          "Actual Total Time": 723.847,
                          "Actual Rows": 371369,
                          "Actual Loops": 7,
                          "Inner Unique": true,
                          "Hash Cond": "(mi.movie_id = t.id)",
                          "Plans": [
                            {
                              "Node Type": "Seq Scan",
                              "Parent Relationship": "Outer",
                              "Parallel Aware": true,
                              "Relation Name": "movie_info",
                              "Alias": "mi",
                              "Startup Cost": 0.0,
                              "Total Cost": 198952.16,
                              "Plan Rows": 596472,
                              "Plan Width": 4,
                              "Actual Startup Time": 70.659,
                              "Actual Total Time": 306.525,
                              "Actual Rows": 433817,
                              "Actual Loops": 7,
                              "Filter": "(info_type_id = 16)",
                              "Rows Removed by Filter": 1685572
                            },
                            {
                              "Node Type": "Hash",
                              "Parent Relationship": "Inner",
                              "Parallel Aware": true,
                              "Startup Cost": 43898.92,
                              "Total Cost": 43898.92,
                              "Plan Rows": 516346,
                              "Plan Width": 4,
                              "Actual Startup Time": 232.267,
                              "Actual Total Time": 232.268,
                              "Actual Rows": 294936,
                              "Actual Loops": 7,
                              "Hash Buckets": 2097152,
                              "Original Hash Buckets": 2097152,
                              "Hash Batches": 1,
                              "Original Hash Batches": 1,
                              "Peak Memory Usage": 97216,
                              "Plans": [
                                {
                                  "Node Type": "Seq Scan",
                                  "Parent Relationship": "Outer",
                                  "Parallel Aware": true,
                                  "Relation Name": "title",
                                  "Alias": "t",
                                  "Startup Cost": 0.0,
                                  "Total Cost": 43898.92,
                                  "Plan Rows": 516346,
                                  "Plan Width": 4,
                                  "Actual Startup Time": 0.04,
                                  "Actual Total Time": 91.587,
                                  "Actual Rows": 294936,
                                  "Actual Loops": 7,
                                  "Filter": "(production_year < 2011)",
                                  "Rows Removed by Filter": 66251
                                }
                              ]
                            }
                          ]
                        }
                      ]
                    }
                  ]
                }
              ]
            }
          ]
        }
      ]
    },
    "Planning Time": 1.304,
    "Triggers": [],
    "Execution Time": 2495.921
  }
]