[
  {
    "Plan": {
      "Node Type": "Aggregate",
      "Strategy": "Plain",
      "Partial Mode": "Finalize",
      "Parallel Aware": false,
      "Startup Cost": 47927.42,
      "Total Cost": 47927.43,
      "Plan Rows": 1,
      "Plan Width": 8,
      "Actual Startup Time": 104.174,
      "Actual Total Time": 119.931,
      "Actual Rows": 1,
      "Actual Loops": 1,
      "Plans": [
        {
          "Node Type": "Gather",
          "Parent Relationship": "Outer",
          "Parallel Aware": false,
          "Startup Cost": 47927.0,
          "Total Cost": 47927.41,
          "Plan Rows": 4,
          "Plan Width": 8,
          "Actual Startup Time": 104.054,
          "Actual Total Time": 119.923,
          "Actual Rows": 5,
          "Actual Loops": 1,
          "Workers Planned": 4,
          "Workers Launched": 4,
          "Single Copy": false,
          "Plans": [
            {
              "Node Type": "Aggregate",
              "Strategy": "Plain",
              "Partial Mode": "Partial",
              "Parent Relationship": "Outer",
              "Parallel Aware": false,
              "Startup Cost": 46927.0,
              "Total Cost": 46927.01,
              "Plan Rows": 1,
              "Plan Width": 8,
              "Actual Startup Time": 94.929,
              "Actual Total Time": 94.93,
              "Actual Rows": 1,
              "Actual Loops": 5,
              "Plans": [
                {
                  "Node Type": "Nested Loop",
                  "Parent Relationship": "Outer",
                  "Parallel Aware": false,
                  "Join Type": "Inner",
                  "Startup Cost": 0.43,
                  "Total Cost": 46926.76,
                  "Plan Rows": 97,
                  "Plan Width": 0,
                  "Actual Startup Time": 63.426,
                  "Actual Total Time": 94.901,
                  "Actual Rows": 230,
                  "Actual Loops": 5,
                  "Inner Unique": false,
                  "Plans": [
                    {
                      "Node Type": "Seq Scan",
                      "Parent Relationship": "Outer",
                      "Parallel Aware": true,
                      "Relation Name": "title",
                      "Alias": "t",
                      "Startup Cost": 0.0,
                      "Total Cost": 45479.1,
                      "Plan Rows": 178,
                      "Plan Width": 4,
                      "Actual Startup Time": 63.07,
                      "Actual Total Time": 90.226,
                      "Actual Rows": 569,
                      "Actual Loops": 5,
                      "Filter": "((kind_id < 7) AND (production_year = 1926))",
                      "Rows Removed by Filter": 505093
                    },
                    {
                      "Node Type": "Index Only Scan",
                      "Parent Relationship": "Inner",
                      "Parallel Aware": false,
                      "Scan Direction": "Forward",
                      "Index Name": "movie_id_movie_info_idx",
                      "Relation Name": "movie_info_idx",
                      "Alias": "mi_idx",
                      "Startup Cost": 0.43,
                      "Total Cost": 8.1,
                      "Plan Rows": 3,
                      "Plan Width": 4,
                      "Actual Startup Time": 0.008,
                      "Actual Total Time": 0.008,
                      "Actual Rows": 0,
                      "Actual Loops": 2847,
                      "Index Cond": "(movie_id = t.id)",
                      "Rows Removed by Index Recheck": 0,
                      "Heap Fetches": 1150
                    }
                  ]
                }
              ]
            }
          ]
        }
      ]
    },
    "Planning Time": 0.599,
    "Triggers": [],
    "Execution Time": 120.007
  }
]