{
    "Plan": {
        "Node Type": "Aggregate",
        "Strategy": "Plain",
        "Partial Mode": "Finalize",
        "Parallel Aware": false,
        "Startup Cost": 618546.68,
        "Total Cost": 618546.69,
        "Plan Rows": 1,
        "Plan Width": 8,
        "Actual Startup Time": 3269.716,
        "Actual Total Time": 3347.956,
        "Actual Rows": 1,
        "Actual Loops": 1,
        "Output": [
            "count(*)"
        ],
        "Plans": [
            {
                "Node Type": "Gather",
                "Parent Relationship": "Outer",
                "Parallel Aware": false,
                "Startup Cost": 618546.05,
                "Total Cost": 618546.66,
                "Plan Rows": 6,
                "Plan Width": 8,
                "Actual Startup Time": 3239.952,
                "Actual Total Time": 3347.941,
                "Actual Rows": 7,
                "Actual Loops": 1,
                "Output": [
                    "(PARTIAL count(*))"
                ],
                "Workers Planned": 6,
                "Workers Launched": 6,
                "Single Copy": false,
                "Plans": [
                    {
                        "Node Type": "Aggregate",
                        "Strategy": "Plain",
                        "Partial Mode": "Partial",
                        "Parent Relationship": "Outer",
                        "Parallel Aware": false,
                        "Startup Cost": 617546.05,
                        "Total Cost": 617546.06,
                        "Plan Rows": 1,
                        "Plan Width": 8,
                        "Actual Startup Time": 3219.331,
                        "Actual Total Time": 3219.814,
                        "Actual Rows": 1,
                        "Actual Loops": 7,
                        "Output": [
                            "PARTIAL count(*)"
                        ],
                        "Workers": [
                            {
                                "Worker Number": 0,
                                "Actual Startup Time": 3215.61,
                                "Actual Total Time": 3215.614,
                                "Actual Rows": 1,
                                "Actual Loops": 1
                            },
                            {
                                "Worker Number": 1,
                                "Actual Startup Time": 3217.855,
                                "Actual Total Time": 3217.86,
                                "Actual Rows": 1,
                                "Actual Loops": 1
                            },
                            {
                                "Worker Number": 2,
                                "Actual Startup Time": 3215.699,
                                "Actual Total Time": 3215.704,
                                "Actual Rows": 1,
                                "Actual Loops": 1
                            },
                            {
                                "Worker Number": 3,
                                "Actual Startup Time": 3215.616,
                                "Actual Total Time": 3215.622,
                                "Actual Rows": 1,
                                "Actual Loops": 1
                            },
                            {
                                "Worker Number": 4,
                                "Actual Startup Time": 3215.773,
                                "Actual Total Time": 3215.778,
                                "Actual Rows": 1,
                                "Actual Loops": 1
                            },
                            {
                                "Worker Number": 5,
                                "Actual Startup Time": 3215.841,
                                "Actual Total Time": 3215.844,
                                "Actual Rows": 1,
                                "Actual Loops": 1
                            }
                        ],
                        "Plans": [
                            {
                                "Node Type": "Hash Join",
                                "Parent Relationship": "Outer",
                                "Parallel Aware": true,
                                "Join Type": "Inner",
                                "Startup Cost": 255841.56,
                                "Total Cost": 612295.83,
                                "Plan Rows": 2100090,
                                "Plan Width": 0,
                                "Actual Startup Time": 1090.339,
                                "Actual Total Time": 2869.58,
                                "Actual Rows": 8286931,
                                "Actual Loops": 7,
                                "Inner Unique": false,
                                "Hash Cond": "(ci.movie_id = t.id)",
                                "Workers": [
                                    {
                                        "Worker Number": 0,
                                        "Actual Startup Time": 1086.859,
                                        "Actual Total Time": 2866.26,
                                        "Actual Rows": 8525298,
                                        "Actual Loops": 1
                                    },
                                    {
                                        "Worker Number": 1,
                                        "Actual Startup Time": 1086.945,
                                        "Actual Total Time": 2884.873,
                                        "Actual Rows": 8167603,
                                        "Actual Loops": 1
                                    },
                                    {
                                        "Worker Number": 2,
                                        "Actual Startup Time": 1087.033,
                                        "Actual Total Time": 2866.481,
                                        "Actual Rows": 8927840,
                                        "Actual Loops": 1
                                    },
                                    {
                                        "Worker Number": 3,
                                        "Actual Startup Time": 1087.111,
                                        "Actual Total Time": 2877.911,
                                        "Actual Rows": 8286601,
                                        "Actual Loops": 1
                                    },
                                    {
                                        "Worker Number": 4,
                                        "Actual Startup Time": 1087.086,
                                        "Actual Total Time": 2831.817,
                                        "Actual Rows": 6673670,
                                        "Actual Loops": 1
                                    },
                                    {
                                        "Worker Number": 5,
                                        "Actual Startup Time": 1087.139,
                                        "Actual Total Time": 2868.478,
                                        "Actual Rows": 8876623,
                                        "Actual Loops": 1
                                    }
                                ],
                                "Plans": [
                                    {
                                        "Node Type": "Seq Scan",
                                        "Parent Relationship": "Outer",
                                        "Parallel Aware": true,
                                        "Relation Name": "cast_info",
                                        "Schema": "public",
                                        "Alias": "ci",
                                        "Startup Cost": 0.0,
                                        "Total Cost": 343318.94,
                                        "Plan Rows": 2382706,
                                        "Plan Width": 4,
                                        "Actual Startup Time": 325.697,
                                        "Actual Total Time": 662.54,
                                        "Actual Rows": 2146046,
                                        "Actual Loops": 7,
                                        "Output": [
                                            "ci.id",
                                            "ci.person_id",
                                            "ci.movie_id",
                                            "ci.person_role_id",
                                            "ci.note",
                                            "ci.nr_order",
                                            "ci.role_id"
                                        ],
                                        "Filter": "((ci.person_id > 377681) AND (ci.role_id > 2))",
                                        "Rows Removed by Filter": 3031718,
                                        "Workers": [
                                            {
                                                "Worker Number": 0,
                                                "Actual Startup Time": 325.706,
                                                "Actual Total Time": 665.952,
                                                "Actual Rows": 2252074,
                                                "Actual Loops": 1
                                            },
                                            {
                                                "Worker Number": 1,
                                                "Actual Startup Time": 325.72,
                                                "Actual Total Time": 668.407,
                                                "Actual Rows": 2128417,
                                                "Actual Loops": 1
                                            },
                                            {
                                                "Worker Number": 2,
                                                "Actual Startup Time": 325.706,
                                                "Actual Total Time": 664.702,
                                                "Actual Rows": 2299390,
                                                "Actual Loops": 1
                                            },
                                            {
                                                "Worker Number": 3,
                                                "Actual Startup Time": 325.72,
                                                "Actual Total Time": 667.731,
                                                "Actual Rows": 2136653,
                                                "Actual Loops": 1
                                            },
                                            {
                                                "Worker Number": 4,
                                                "Actual Startup Time": 325.618,
                                                "Actual Total Time": 684.461,
                                                "Actual Rows": 1679563,
                                                "Actual Loops": 1
                                            },
                                            {
                                                "Worker Number": 5,
                                                "Actual Startup Time": 325.704,
                                                "Actual Total Time": 663.057,
                                                "Actual Rows": 2279062,
                                                "Actual Loops": 1
                                            }
                                        ]
                                    },
                                    {
                                        "Node Type": "Hash",
                                        "Parent Relationship": "Inner",
                                        "Parallel Aware": true,
                                        "Startup Cost": 250270.47,
                                        "Total Cost": 250270.47,
                                        "Plan Rows": 445687,
                                        "Plan Width": 8,
                                        "Actual Startup Time": 757.985,
                                        "Actual Total Time": 758.465,
                                        "Actual Rows": 319121,
                                        "Actual Loops": 7,
                                        "Output": [
                                            "t.id",
                                            "mi.movie_id"
                                        ],
                                        "Hash Buckets": 4194304,
                                        "Original Hash Buckets": 4194304,
                                        "Hash Batches": 1,
                                        "Original Hash Batches": 1,
                                        "Peak Memory Usage": 120288,
                                        "Workers": [
                                            {
                                                "Worker Number": 0,
                                                "Actual Startup Time": 760.53,
                                                "Actual Total Time": 760.533,
                                                "Actual Rows": 331080,
                                                "Actual Loops": 1
                                            },
                                            {
                                                "Worker Number": 1,
                                                "Actual Startup Time": 760.514,
                                                "Actual Total Time": 760.517,
                                                "Actual Rows": 311215,
                                                "Actual Loops": 1
                                            },
                                            {
                                                "Worker Number": 2,
                                                "Actual Startup Time": 760.675,
                                                "Actual Total Time": 760.678,
                                                "Actual Rows": 334773,
                                                "Actual Loops": 1
                                            },
                                            {
                                                "Worker Number": 3,
                                                "Actual Startup Time": 760.498,
                                                "Actual Total Time": 760.501,
                                                "Actual Rows": 316633,
                                                "Actual Loops": 1
                                            },
                                            {
                                                "Worker Number": 4,
                                                "Actual Startup Time": 760.611,
                                                "Actual Total Time": 760.615,
                                                "Actual Rows": 247678,
                                                "Actual Loops": 1
                                            },
                                            {
                                                "Worker Number": 5,
                                                "Actual Startup Time": 760.793,
                                                "Actual Total Time": 760.796,
                                                "Actual Rows": 331478,
                                                "Actual Loops": 1
                                            }
                                        ],
                                        "Plans": [
                                            {
                                                "Node Type": "Hash Join",
                                                "Parent Relationship": "Outer",
                                                "Parallel Aware": true,
                                                "Join Type": "Inner",
                                                "Startup Cost": 50219.81,
                                                "Total Cost": 250270.47,
                                                "Plan Rows": 445687,
                                                "Plan Width": 8,
                                                "Actual Startup Time": 257.38,
                                                "Actual Total Time": 636.261,
                                                "Actual Rows": 319121,
                                                "Actual Loops": 7,
                                                "Output": [
                                                    "t.id",
                                                    "mi.movie_id"
                                                ],
                                                "Inner Unique": true,
                                                "Hash Cond": "(mi.movie_id = t.id)",
                                                "Workers": [
                                                    {
                                                        "Worker Number": 0,
                                                        "Actual Startup Time": 257.368,
                                                        "Actual Total Time": 636.068,
                                                        "Actual Rows": 331080,
                                                        "Actual Loops": 1
                                                    },
                                                    {
                                                        "Worker Number": 1,
                                                        "Actual Startup Time": 257.379,
                                                        "Actual Total Time": 637.351,
                                                        "Actual Rows": 311215,
                                                        "Actual Loops": 1
                                                    },
                                                    {
                                                        "Worker Number": 2,
                                                        "Actual Startup Time": 257.355,
                                                        "Actual Total Time": 635.351,
                                                        "Actual Rows": 334773,
                                                        "Actual Loops": 1
                                                    },
                                                    {
                                                        "Worker Number": 3,
                                                        "Actual Startup Time": 257.365,
                                                        "Actual Total Time": 637.252,
                                                        "Actual Rows": 316633,
                                                        "Actual Loops": 1
                                                    },
                                                    {
                                                        "Worker Number": 4,
                                                        "Actual Startup Time": 257.344,
                                                        "Actual Total Time": 639.478,
                                                        "Actual Rows": 247678,
                                                        "Actual Loops": 1
                                                    },
                                                    {
                                                        "Worker Number": 5,
                                                        "Actual Startup Time": 257.343,
                                                        "Actual Total Time": 635.705,
                                                        "Actual Rows": 331478,
                                                        "Actual Loops": 1
                                                    }
                                                ],
                                                "Plans": [
                                                    {
                                                        "Node Type": "Seq Scan",
                                                        "Parent Relationship": "Outer",
                                                        "Parallel Aware": true,
                                                        "Relation Name": "movie_info",
                                                        "Schema": "public",
                                                        "Alias": "mi",
                                                        "Startup Cost": 0.0,
                                                        "Total Cost": 198880.74,
                                                        "Plan Rows": 445687,
                                                        "Plan Width": 4,
                                                        "Actual Startup Time": 14.753,
                                                        "Actual Total Time": 280.874,
                                                        "Actual Rows": 319121,
                                                        "Actual Loops": 7,
                                                        "Output": [
                                                            "mi.id",
                                                            "mi.movie_id",
                                                            "mi.info_type_id",
                                                            "mi.info",
                                                            "mi.note"
                                                        ],
                                                        "Filter": "(mi.info_type_id > 16)",
                                                        "Rows Removed by Filter": 1800267,
                                                        "Workers": [
                                                            {
                                                                "Worker Number": 0,
                                                                "Actual Startup Time": 14.731,
                                                                "Actual Total Time": 283.102,
                                                                "Actual Rows": 331080,
                                                                "Actual Loops": 1
                                                            },
                                                            {
                                                                "Worker Number": 1,
                                                                "Actual Startup Time": 14.739,
                                                                "Actual Total Time": 284.405,
                                                                "Actual Rows": 311215,
                                                                "Actual Loops": 1
                                                            },
                                                            {
                                                                "Worker Number": 2,
                                                                "Actual Startup Time": 14.754,
                                                                "Actual Total Time": 283.53,
                                                                "Actual Rows": 334773,
                                                                "Actual Loops": 1
                                                            },
                                                            {
                                                                "Worker Number": 3,
                                                                "Actual Startup Time": 14.742,
                                                                "Actual Total Time": 284.745,
                                                                "Actual Rows": 316633,
                                                                "Actual Loops": 1
                                                            },
                                                            {
                                                                "Worker Number": 4,
                                                                "Actual Startup Time": 14.739,
                                                                "Actual Total Time": 285.353,
                                                                "Actual Rows": 247678,
                                                                "Actual Loops": 1
                                                            },
                                                            {
                                                                "Worker Number": 5,
                                                                "Actual Startup Time": 14.732,
                                                                "Actual Total Time": 283.062,
                                                                "Actual Rows": 331478,
                                                                "Actual Loops": 1
                                                            }
                                                        ]
                                                    },
                                                    {
                                                        "Node Type": "Hash",
                                                        "Parent Relationship": "Inner",
                                                        "Parallel Aware": true,
                                                        "Startup Cost": 42318.81,
                                                        "Total Cost": 42318.81,
                                                        "Plan Rows": 632080,
                                                        "Plan Width": 4,
                                                        "Actual Startup Time": 238.91,
                                                        "Actual Total Time": 238.911,
                                                        "Actual Rows": 361187,
                                                        "Actual Loops": 7,
                                                        "Output": [
                                                            "t.id"
                                                        ],
                                                        "Hash Buckets": 4194304,
                                                        "Original Hash Buckets": 4194304,
                                                        "Hash Batches": 1,
                                                        "Original Hash Batches": 1,
                                                        "Peak Memory Usage": 131808,
                                                        "Workers": [
                                                            {
                                                                "Worker Number": 0,
                                                                "Actual Startup Time": 242.337,
                                                                "Actual Total Time": 242.338,
                                                                "Actual Rows": 361729,
                                                                "Actual Loops": 1
                                                            },
                                                            {
                                                                "Worker Number": 1,
                                                                "Actual Startup Time": 242.334,
                                                                "Actual Total Time": 242.335,
                                                                "Actual Rows": 337691,
                                                                "Actual Loops": 1
                                                            },
                                                            {
                                                                "Worker Number": 2,
                                                                "Actual Startup Time": 242.298,
                                                                "Actual Total Time": 242.299,
                                                                "Actual Rows": 354611,
                                                                "Actual Loops": 1
                                                            },
                                                            {
                                                                "Worker Number": 3,
                                                                "Actual Startup Time": 242.314,
                                                                "Actual Total Time": 242.315,
                                                                "Actual Rows": 343038,
                                                                "Actual Loops": 1
                                                            },
                                                            {
                                                                "Worker Number": 4,
                                                                "Actual Startup Time": 242.284,
                                                                "Actual Total Time": 242.286,
                                                                "Actual Rows": 328628,
                                                                "Actual Loops": 1
                                                            },
                                                            {
                                                                "Worker Number": 5,
                                                                "Actual Startup Time": 242.306,
                                                                "Actual Total Time": 242.308,
                                                                "Actual Rows": 350187,
                                                                "Actual Loops": 1
                                                            }
                                                        ],
                                                        "Plans": [
                                                            {
                                                                "Node Type": "Seq Scan",
                                                                "Parent Relationship": "Outer",
                                                                "Parallel Aware": true,
                                                                "Relation Name": "title",
                                                                "Schema": "public",
                                                                "Alias": "t",
                                                                "Startup Cost": 0.0,
                                                                "Total Cost": 42318.81,
                                                                "Plan Rows": 632080,
                                                                "Plan Width": 4,
                                                                "Actual Startup Time": 0.062,
                                                                "Actual Total Time": 69.248,
                                                                "Actual Rows": 361187,
                                                                "Actual Loops": 7,
                                                                "Output": [
                                                                    "t.id"
                                                                ],
                                                                "Workers": [
                                                                    {
                                                                        "Worker Number": 0,
                                                                        "Actual Startup Time": 0.07,
                                                                        "Actual Total Time": 70.76,
                                                                        "Actual Rows": 361729,
                                                                        "Actual Loops": 1
                                                                    },
                                                                    {
                                                                        "Worker Number": 1,
                                                                        "Actual Startup Time": 0.067,
                                                                        "Actual Total Time": 71.648,
                                                                        "Actual Rows": 337691,
                                                                        "Actual Loops": 1
                                                                    },
                                                                    {
                                                                        "Worker Number": 2,
                                                                        "Actual Startup Time": 0.07,
                                                                        "Actual Total Time": 70.47,
                                                                        "Actual Rows": 354611,
                                                                        "Actual Loops": 1
                                                                    },
                                                                    {
                                                                        "Worker Number": 3,
                                                                        "Actual Startup Time": 0.064,
                                                                        "Actual Total Time": 72.167,
                                                                        "Actual Rows": 343038,
                                                                        "Actual Loops": 1
                                                                    },
                                                                    {
                                                                        "Worker Number": 4,
                                                                        "Actual Startup Time": 0.066,
                                                                        "Actual Total Time": 71.768,
                                                                        "Actual Rows": 328628,
                                                                        "Actual Loops": 1
                                                                    },
                                                                    {
                                                                        "Worker Number": 5,
                                                                        "Actual Startup Time": 0.073,
                                                                        "Actual Total Time": 70.199,
                                                                        "Actual Rows": 350187,
                                                                        "Actual Loops": 1
                                                                    }
                                                                ]
                                                            }
                                                        ]
                                                    }
                                                ]
                                            }
                                        ]
                                    }
                                ]
                            }
                        ]
                    }
                ]
            }
        ]
    },
    "Planning Time": 1.634,
    "Triggers": [],
    "Execution Time": 3348.067
}