{
  "Plan": {
    "Node Type": "Aggregate",
    "Strategy": "Plain",
    "Partial Mode": "Finalize",
    "Parallel Aware": false,
    "Startup Cost": 130010.13,
    "Total Cost": 130010.14,
    "Plan Rows": 1,
    "Plan Width": 8,
    "Actual Startup Time": 858.111,
    "Actual Total Time": 877.579,
    "Actual Rows": 1,
    "Actual Loops": 1,
    "Plans": [
      {
        "Node Type": "Gather",
        "Parent Relationship": "Outer",
        "Parallel Aware": false,
        "Startup Cost": 130010.02,
        "Total Cost": 130010.13,
        "Plan Rows": 1,
        "Plan Width": 8,
        "Actual Startup Time": 851.755,
        "Actual Total Time": 877.57,
        "Actual Rows": 2,
        "Actual Loops": 1,
        "Workers Planned": 1,
        "Workers Launched": 1,
        "Single Copy": false,
        "Plans": [
          {
            "Node Type": "Aggregate",
            "Strategy": "Plain",
            "Partial Mode": "Partial",
            "Parent Relationship": "Outer",
            "Parallel Aware": false,
            "Startup Cost": 129010.02,
            "Total Cost": 129010.03,
            "Plan Rows": 1,
            "Plan Width": 8,
            "Actual Startup Time": 841.039,
            "Actual Total Time": 841.042,
            "Actual Rows": 1,
            "Actual Loops": 2,
            "Plans": [
              {
                "Node Type": "Hash Join",
                "Parent Relationship": "Outer",
                "Parallel Aware": true,
                "Join Type": "Inner",
                "Startup Cost": 93034.02,
                "Total Cost": 127375.69,
                "Plan Rows": 653730,
                "Plan Width": 0,
                "Actual Startup Time": 583.908,
                "Actual Total Time": 817.018,
                "Actual Rows": 559816,
                "Actual Loops": 2,
                "Inner Unique": true,
                "Hash Cond": "(mk.movie_id = t.id)",
                "Plans": [
                  {
                    "Node Type": "Bitmap Heap Scan",
                    "Parent Relationship": "Outer",
                    "Parallel Aware": true,
                    "Relation Name": "movie_keyword",
                    "Alias": "mk",
                    "Startup Cost": 23573.33,
                    "Total Cost": 56198.95,
                    "Plan Rows": 653730,
                    "Plan Width": 4,
                    "Actual Startup Time": 58.439,
                    "Actual Total Time": 153.061,
                    "Actual Rows": 559816,
                    "Actual Loops": 2,
                    "Recheck Cond": "(keyword_id < 1190)",
                    "Rows Removed by Index Recheck": 0,
                    "Exact Heap Blocks": 13210,
                    "Lossy Heap Blocks": 0,
                    "Plans": [
                      {
                        "Node Type": "Bitmap Index Scan",
                        "Parent Relationship": "Outer",
                        "Parallel Aware": false,
                        "Index Name": "keyword_id_movie_keyword",
                        "Startup Cost": 0.0,
                        "Total Cost": 23295.49,
                        "Plan Rows": 1111341,
                        "Plan Width": 0,
                        "Actual Startup Time": 54.745,
                        "Actual Total Time": 54.745,
                        "Actual Rows": 1119632,
                        "Actual Loops": 1,
                        "Index Cond": "(keyword_id < 1190)"
                      }
                    ]
                  },
                  {
                    "Node Type": "Hash",
                    "Parent Relationship": "Inner",
                    "Parallel Aware": true,
                    "Startup Cost": 50870.31,
                    "Total Cost": 50870.31,
                    "Plan Rows": 1487231,
                    "Plan Width": 4,
                    "Actual Startup Time": 504.973,
                    "Actual Total Time": 504.973,
                    "Actual Rows": 1264156,
                    "Actual Loops": 2,
                    "Hash Buckets": 4194304,
                    "Original Hash Buckets": 4194304,
                    "Hash Batches": 1,
                    "Original Hash Batches": 1,
                    "Peak Memory Usage": 131712,
                    "Plans": [
                      {
                        "Node Type": "Seq Scan",
                        "Parent Relationship": "Outer",
                        "Parallel Aware": true,
                        "Relation Name": "title",
                        "Alias": "t",
                        "Startup Cost": 0.0,
                        "Total Cost": 50870.31,
                        "Plan Rows": 1487231,
                        "Plan Width": 4,
                        "Actual Startup Time": 0.024,
                        "Actual Total Time": 151.785,
                        "Actual Rows": 1264156,
                        "Actual Loops": 2
                      }
                    ]
                  }
                ]
              }
            ]
          }
        ]
      }
    ]
  },
  "Planning Time": 0.55,
  "Triggers": [],
  "Execution Time": 877.653
}