[
  {
    "Plan": {
      "Node Type": "Aggregate",
      "Strategy": "Plain",
      "Partial Mode": "Finalize",
      "Parallel Aware": false,
      "Startup Cost": 267680.16,
      "Total Cost": 267680.17,
      "Plan Rows": 1,
      "Plan Width": 8,
      "Actual Startup Time": 82.109,
      "Actual Total Time": 86.09,
      "Actual Rows": 1,
      "Actual Loops": 1,
      "Plans": [
        {
          "Node Type": "Gather",
          "Parent Relationship": "Outer",
          "Parallel Aware": false,
          "Startup Cost": 267679.53,
          "Total Cost": 267680.14,
          "Plan Rows": 6,
          "Plan Width": 8,
          "Actual Startup Time": 81.853,
          "Actual Total Time": 86.082,
          "Actual Rows": 7,
          "Actual Loops": 1,
          "Workers Planned": 6,
          "Workers Launched": 6,
          "Single Copy": false,
          "Plans": [
            {
              "Node Type": "Aggregate",
              "Strategy": "Plain",
              "Partial Mode": "Partial",
              "Parent Relationship": "Outer",
              "Parallel Aware": false,
              "Startup Cost": 266679.53,
              "Total Cost": 266679.54,
              "Plan Rows": 1,
              "Plan Width": 8,
              "Actual Startup Time": 74.369,
              "Actual Total Time": 74.37,
              "Actual Rows": 1,
              "Actual Loops": 7,
              "Plans": [
                {
                  "Node Type": "Bitmap Heap Scan",
                  "Parent Relationship": "Outer",
                  "Parallel Aware": true,
                  "Relation Name": "cast_info",
                  "Alias": "ci",
                  "Startup Cost": 12399.83,
                  "Total Cost": 266493.35,
                  "Plan Rows": 74474,
                  "Plan Width": 0,
                  "Actual Startup Time": 33.11,
                  "Actual Total Time": 68.261,
                  "Actual Rows": 70400,
                  "Actual Loops": 7,
                  "Recheck Cond": "(person_id < 59865)",
                  "Rows Removed by Index Recheck": 0,
                  "Filter": "(role_id < 8)",
                  "Rows Removed by Filter": 7808,
                  "Exact Heap Blocks": 2151,
                  "Lossy Heap Blocks": 0,
                  "Plans": [
                    {
                      "Node Type": "Bitmap Index Scan",
                      "Parent Relationship": "Outer",
                      "Parallel Aware": false,
                      "Index Name": "person_id_cast_info",
                      "Startup Cost": 0.0,
                      "Total Cost": 12288.12,
                      "Plan Rows": 562607,
                      "Plan Width": 0,
                      "Actual Startup Time": 38.484,
                      "Actual Total Time": 38.485,
                      "Actual Rows": 547452,
                      "Actual Loops": 1,
                      "Index Cond": "(person_id < 59865)"
                    }
                  ]
                }
              ]
            }
          ]
        }
      ]
    },
    "Planning Time": 0.226,
    "Triggers": [],
    "Execution Time": 86.166
  }
]