[
  {
    "Plan": {
      "Node Type": "Aggregate",
      "Strategy": "Plain",
      "Partial Mode": "Finalize",
      "Parallel Aware": false,
      "Startup Cost": 145800.74,
      "Total Cost": 145800.75,
      "Plan Rows": 1,
      "Plan Width": 8,
      "Actual Startup Time": 317.356,
      "Actual Total Time": 343.149,
      "Actual Rows": 1,
      "Actual Loops": 1,
      "Plans": [
        {
          "Node Type": "Gather",
          "Parent Relationship": "Outer",
          "Parallel Aware": false,
          "Startup Cost": 145800.32,
          "Total Cost": 145800.73,
          "Plan Rows": 4,
          "Plan Width": 8,
          "Actual Startup Time": 315.983,
          "Actual Total Time": 343.139,
          "Actual Rows": 5,
          "Actual Loops": 1,
          "Workers Planned": 4,
          "Workers Launched": 4,
          "Single Copy": false,
          "Plans": [
            {
              "Node Type": "Aggregate",
              "Strategy": "Plain",
              "Partial Mode": "Partial",
              "Parent Relationship": "Outer",
              "Parallel Aware": false,
              "Startup Cost": 144800.32,
              "Total Cost": 144800.33,
              "Plan Rows": 1,
              "Plan Width": 8,
              "Actual Startup Time": 305.657,
              "Actual Total Time": 305.663,
              "Actual Rows": 1,
              "Actual Loops": 5,
              "Plans": [
                {
                  "Node Type": "Nested Loop",
                  "Parent Relationship": "Outer",
                  "Parallel Aware": false,
                  "Join Type": "Inner",
                  "Startup Cost": 31168.58,
                  "Total Cost": 144367.91,
                  "Plan Rows": 172967,
                  "Plan Width": 0,
                  "Actual Startup Time": 95.63,
                  "Actual Total Time": 301.986,
                  "Actual Rows": 70209,
                  "Actual Loops": 5,
                  "Inner Unique": false,
                  "Plans": [
                    {
                      "Node Type": "Hash Join",
                      "Parent Relationship": "Outer",
                      "Parallel Aware": true,
                      "Join Type": "Inner",
                      "Startup Cost": 31168.15,
                      "Total Cost": 78434.54,
                      "Plan Rows": 29581,
                      "Plan Width": 8,
                      "Actual Startup Time": 95.548,
                      "Actual Total Time": 208.525,
                      "Actual Rows": 8819,
                      "Actual Loops": 5,
                      "Inner Unique": false,
                      "Hash Cond": "(t.id = mc.movie_id)",
                      "Plans": [
                        {
                          "Node Type": "Seq Scan",
                          "Parent Relationship": "Outer",
                          "Parallel Aware": true,
                          "Relation Name": "title",
                          "Alias": "t",
                          "Startup Cost": 0.0,
                          "Total Cost": 45479.1,
                          "Plan Rows": 338374,
                          "Plan Width": 4,
                          "Actual Startup Time": 0.011,
                          "Actual Total Time": 75.978,
                          "Actual Rows": 265556,
                          "Actual Loops": 5,
                          "Filter": "((production_year < 2012) AND (kind_id = 7))",
                          "Rows Removed by Filter": 240106
                        },
                        {
                          "Node Type": "Hash",
                          "Parent Relationship": "Inner",
                          "Parallel Aware": true,
                          "Startup Cost": 30276.92,
                          "Total Cost": 30276.92,
                          "Plan Rows": 71298,
                          "Plan Width": 4,
                          "Actual Startup Time": 93.494,
                          "Actual Total Time": 93.496,
                          "Actual Rows": 20585,
                          "Actual Loops": 5,
                          "Hash Buckets": 262144,
                          "Original Hash Buckets": 262144,
                          "Hash Batches": 1,
                          "Original Hash Batches": 1,
                          "Peak Memory Usage": 6176,
                          "Plans": [
                            {
                              "Node Type": "Bitmap Heap Scan",
                              "Parent Relationship": "Outer",
                              "Parallel Aware": true,
                              "Relation Name": "movie_companies",
                              "Alias": "mc",
                              "Startup Cost": 9380.56,
                              "Total Cost": 30276.92,
                              "Plan Rows": 71298,
                              "Plan Width": 4,
                              "Actual Startup Time": 73.958,
                              "Actual Total Time": 87.184,
                              "Actual Rows": 20585,
                              "Actual Loops": 5,
                              "Recheck Cond": "(company_id < 312)",
                              "Rows Removed by Index Recheck": 0,
                              "Filter": "(company_type_id > 1)",
                              "Rows Removed by Filter": 65673,
                              "Exact Heap Blocks": 7808,
                              "Lossy Heap Blocks": 0,
                              "Plans": [
                                {
                                  "Node Type": "Bitmap Index Scan",
                                  "Parent Relationship": "Outer",
                                  "Parallel Aware": false,
                                  "Index Name": "company_id_movie_companies",
                                  "Startup Cost": 0.0,
                                  "Total Cost": 9325.3,
                                  "Plan Rows": 435316,
                                  "Plan Width": 0,
                                  "Actual Startup Time": 35.165,
                                  "Actual Total Time": 35.165,
                                  "Actual Rows": 431290,
                                  "Actual Loops": 1,
                                  "Index Cond": "(company_id < 312)"
                                }
                              ]
                            }
                          ]
                        }
                      ]
                    },
                    {
                      "Node Type": "Index Only Scan",
                      "Parent Relationship": "Inner",
                      "Parallel Aware": false,
                      "Scan Direction": "Forward",
                      "Index Name": "movie_id_movie_info",
                      "Relation Name": "movie_info",
                      "Alias": "mi",
                      "Startup Cost": 0.43,
                      "Total Cost": 1.81,
                      "Plan Rows": 42,
                      "Plan Width": 4,
                      "Actual Startup Time": 0.004,
                      "Actual Total Time": 0.01,
                      "Actual Rows": 8,
                      "Actual Loops": 44093,
                      "Index Cond": "(movie_id = t.id)",
                      "Rows Removed by Index Recheck": 0,
                      "Heap Fetches": 351043
                    }
                  ]
                }
              ]
            }
          ]
        }
      ]
    },
    "Planning Time": 1.541,
    "Triggers": [],
    "Execution Time": 343.268
  }
]