{
  "Plan": {
    "Node Type": "Aggregate",
    "Strategy": "Plain",
    "Partial Mode": "Simple",
    "Parallel Aware": false,
    "Startup Cost": 177920.45,
    "Total Cost": 177920.46,
    "Plan Rows": 1,
    "Plan Width": 64,
    "Actual Startup Time": 366.816,
    "Actual Total Time": 387.156,
    "Actual Rows": 1,
    "Actual Loops": 1,
    "Plans": [
      {
        "Node Type": "Gather",
        "Parent Relationship": "Outer",
        "Parallel Aware": false,
        "Startup Cost": 177911.37,
        "Total Cost": 177920.44,
        "Plan Rows": 1,
        "Plan Width": 33,
        "Actual Startup Time": 365.979,
        "Actual Total Time": 387.143,
        "Actual Rows": 15,
        "Actual Loops": 1,
        "Workers Planned": 1,
        "Workers Launched": 1,
        "Single Copy": false,
        "Plans": [
          {
            "Node Type": "Nested Loop",
            "Parent Relationship": "Outer",
            "Parallel Aware": false,
            "Join Type": "Inner",
            "Startup Cost": 176911.37,
            "Total Cost": 176920.34,
            "Plan Rows": 1,
            "Plan Width": 33,
            "Actual Startup Time": 358.843,
            "Actual Total Time": 359.209,
            "Actual Rows": 8,
            "Actual Loops": 2,
            "Inner Unique": true,
            "Plans": [
              {
                "Node Type": "Nested Loop",
                "Parent Relationship": "Outer",
                "Parallel Aware": false,
                "Join Type": "Inner",
                "Startup Cost": 176910.95,
                "Total Cost": 176918.92,
                "Plan Rows": 1,
                "Plan Width": 37,
                "Actual Startup Time": 358.834,
                "Actual Total Time": 359.184,
                "Actual Rows": 8,
                "Actual Loops": 2,
                "Inner Unique": false,
                "Join Filter": "(ci.movie_id = mc.movie_id)",
                "Rows Removed by Join Filter": 0,
                "Plans": [
                  {
                    "Node Type": "Nested Loop",
                    "Parent Relationship": "Outer",
                    "Parallel Aware": false,
                    "Join Type": "Inner",
                    "Startup Cost": 176910.52,
                    "Total Cost": 176918.32,
                    "Plan Rows": 1,
                    "Plan Width": 41,
                    "Actual Startup Time": 358.823,
                    "Actual Total Time": 358.993,
                    "Actual Rows": 64,
                    "Actual Loops": 2,
                    "Inner Unique": true,
                    "Plans": [
                      {
                        "Node Type": "Merge Join",
                        "Parent Relationship": "Outer",
                        "Parallel Aware": false,
                        "Join Type": "Inner",
                        "Startup Cost": 176910.09,
                        "Total Cost": 176910.19,
                        "Plan Rows": 1,
                        "Plan Width": 20,
                        "Actual Startup Time": 358.809,
                        "Actual Total Time": 358.826,
                        "Actual Rows": 64,
                        "Actual Loops": 2,
                        "Inner Unique": true,
                        "Merge Cond": "(ci.role_id = rt.id)",
                        "Plans": [
                          {
                            "Node Type": "Sort",
                            "Parent Relationship": "Outer",
                            "Parallel Aware": false,
                            "Startup Cost": 176908.93,
                            "Total Cost": 176908.97,
                            "Plan Rows": 17,
                            "Plan Width": 24,
                            "Actual Startup Time": 358.792,
                            "Actual Total Time": 358.8,
                            "Actual Rows": 64,
                            "Actual Loops": 2,
                            "Sort Key": [
                              "ci.role_id"
                            ],
                            "Sort Method": "quicksort",
                            "Sort Space Used": 35,
                            "Sort Space Type": "Memory",
                            "Workers": [
                              {
                                "Worker Number": 0,
                                "Sort Method": "quicksort",
                                "Sort Space Used": 25,
                                "Sort Space Type": "Memory"
                              }
                            ],
                            "Plans": [
                              {
                                "Node Type": "Nested Loop",
                                "Parent Relationship": "Outer",
                                "Parallel Aware": false,
                                "Join Type": "Inner",
                                "Startup Cost": 92689.6,
                                "Total Cost": 176908.58,
                                "Plan Rows": 17,
                                "Plan Width": 24,
                                "Actual Startup Time": 346.762,
                                "Actual Total Time": 358.712,
                                "Actual Rows": 64,
                                "Actual Loops": 2,
                                "Inner Unique": false,
                                "Plans": [
                                  {
                                    "Node Type": "Hash Join",
                                    "Parent Relationship": "Outer",
                                    "Parallel Aware": true,
                                    "Join Type": "Inner",
                                    "Startup Cost": 92689.04,
                                    "Total Cost": 110778.84,
                                    "Plan Rows": 5302,
                                    "Plan Width": 24,
                                    "Actual Startup Time": 266.082,
                                    "Actual Total Time": 341.226,
                                    "Actual Rows": 2016,
                                    "Actual Loops": 2,
                                    "Inner Unique": true,
                                    "Hash Cond": "(an1.person_id = n1.id)",
                                    "Plans": [
                                      {
                                        "Node Type": "Seq Scan",
                                        "Parent Relationship": "Outer",
                                        "Parallel Aware": true,
                                        "Relation Name": "aka_name",
                                        "Alias": "an1",
                                        "Startup Cost": 0.0,
                                        "Total Cost": 16698.02,
                                        "Plan Rows": 530202,
                                        "Plan Width": 20,
                                        "Actual Startup Time": 0.013,
                                        "Actual Total Time": 37.521,
                                        "Actual Rows": 450672,
                                        "Actual Loops": 2
                                      },
                                      {
                                        "Node Type": "Hash",
                                        "Parent Relationship": "Inner",
                                        "Parallel Aware": true,
                                        "Startup Cost": 92382.65,
                                        "Total Cost": 92382.65,
                                        "Plan Rows": 24511,
                                        "Plan Width": 4,
                                        "Actual Startup Time": 264.686,
                                        "Actual Total Time": 264.687,
                                        "Actual Rows": 10456,
                                        "Actual Loops": 2,
                                        "Hash Buckets": 65536,
                                        "Original Hash Buckets": 65536,
                                        "Hash Batches": 1,
                                        "Original Hash Batches": 1,
                                        "Peak Memory Usage": 1344,
                                        "Plans": [
                                          {
                                            "Node Type": "Seq Scan",
                                            "Parent Relationship": "Outer",
                                            "Parallel Aware": true,
                                            "Relation Name": "name",
                                            "Alias": "n1",
                                            "Startup Cost": 0.0,
                                            "Total Cost": 92382.65,
                                            "Plan Rows": 24511,
                                            "Plan Width": 4,
                                            "Actual Startup Time": 0.251,
                                            "Actual Total Time": 260.716,
                                            "Actual Rows": 10456,
                                            "Actual Loops": 2,
                                            "Filter": "((name ~~ '%Yo%'::text) AND (name !~~ '%Yu%'::text))",
                                            "Rows Removed by Filter": 2073290
                                          }
                                        ]
                                      }
                                    ]
                                  },
                                  {
                                    "Node Type": "Index Scan",
                                    "Parent Relationship": "Inner",
                                    "Parallel Aware": false,
                                    "Scan Direction": "Forward",
                                    "Index Name": "person_id_cast_info",
                                    "Relation Name": "cast_info",
                                    "Alias": "ci",
                                    "Startup Cost": 0.56,
                                    "Total Cost": 12.46,
                                    "Plan Rows": 1,
                                    "Plan Width": 12,
                                    "Actual Startup Time": 0.008,
                                    "Actual Total Time": 0.008,
                                    "Actual Rows": 0,
                                    "Actual Loops": 4031,
                                    "Index Cond": "(person_id = an1.person_id)",
                                    "Rows Removed by Index Recheck": 0,
                                    "Filter": "(note = '(as Ron E. Yoshida)'::text)",
                                    "Rows Removed by Filter": 28
                                  }
                                ]
                              }
                            ]
                          },
                          {
                            "Node Type": "Sort",
                            "Parent Relationship": "Inner",
                            "Parallel Aware": false,
                            "Startup Cost": 1.16,
                            "Total Cost": 1.16,
                            "Plan Rows": 1,
                            "Plan Width": 4,
                            "Actual Startup Time": 0.025,
                            "Actual Total Time": 0.026,
                            "Actual Rows": 1,
                            "Actual Loops": 1,
                            "Sort Key": [
                              "rt.id"
                            ],
                            "Sort Method": "quicksort",
                            "Sort Space Used": 25,
                            "Sort Space Type": "Memory",
                            "Plans": [
                              {
                                "Node Type": "Seq Scan",
                                "Parent Relationship": "Outer",
                                "Parallel Aware": false,
                                "Relation Name": "role_type",
                                "Alias": "rt",
                                "Startup Cost": 0.0,
                                "Total Cost": 1.15,
                                "Plan Rows": 1,
                                "Plan Width": 4,
                                "Actual Startup Time": 0.015,
                                "Actual Total Time": 0.015,
                                "Actual Rows": 1,
                                "Actual Loops": 1,
                                "Filter": "((role)::text = 'editor'::text)",
                                "Rows Removed by Filter": 11
                              }
                            ]
                          }
                        ]
                      },
                      {
                        "Node Type": "Index Scan",
                        "Parent Relationship": "Inner",
                        "Parallel Aware": false,
                        "Scan Direction": "Forward",
                        "Index Name": "title_pkey",
                        "Relation Name": "title",
                        "Alias": "t",
                        "Startup Cost": 0.43,
                        "Total Cost": 8.12,
                        "Plan Rows": 1,
                        "Plan Width": 21,
                        "Actual Startup Time": 0.002,
                        "Actual Total Time": 0.002,
                        "Actual Rows": 1,
                        "Actual Loops": 129,
                        "Index Cond": "(id = ci.movie_id)",
                        "Rows Removed by Index Recheck": 0
                      }
                    ]
                  },
                  {
                    "Node Type": "Index Scan",
                    "Parent Relationship": "Inner",
                    "Parallel Aware": false,
                    "Scan Direction": "Forward",
                    "Index Name": "movie_id_movie_companies",
                    "Relation Name": "movie_companies",
                    "Alias": "mc",
                    "Startup Cost": 0.43,
                    "Total Cost": 0.59,
                    "Plan Rows": 1,
                    "Plan Width": 8,
                    "Actual Startup Time": 0.003,
                    "Actual Total Time": 0.003,
                    "Actual Rows": 0,
                    "Actual Loops": 129,
                    "Index Cond": "(movie_id = t.id)",
                    "Rows Removed by Index Recheck": 0,
                    "Filter": "((note ~~ '%(Japan)%'::text) AND (note !~~ '%(USA)%'::text))",
                    "Rows Removed by Filter": 4
                  }
                ]
              },
              {
                "Node Type": "Index Scan",
                "Parent Relationship": "Inner",
                "Parallel Aware": false,
                "Scan Direction": "Forward",
                "Index Name": "company_name_pkey",
                "Relation Name": "company_name",
                "Alias": "cn",
                "Startup Cost": 0.42,
                "Total Cost": 1.43,
                "Plan Rows": 1,
                "Plan Width": 4,
                "Actual Startup Time": 0.003,
                "Actual Total Time": 0.003,
                "Actual Rows": 1,
                "Actual Loops": 15,
                "Index Cond": "(id = mc.company_id)",
                "Rows Removed by Index Recheck": 0,
                "Filter": "((country_code)::text = '[jp]'::text)",
                "Rows Removed by Filter": 0
              }
            ]
          }
        ]
      }
    ]
  },
  "Planning Time": 1.827,
  "Triggers": [],
  "Execution Time": 387.322
}