[
  {
    "Plan": {
      "Node Type": "Aggregate",
      "Strategy": "Plain",
      "Partial Mode": "Finalize",
      "Parallel Aware": false,
      "Startup Cost": 208042.87,
      "Total Cost": 208042.88,
      "Plan Rows": 1,
      "Plan Width": 8,
      "Actual Startup Time": 159.218,
      "Actual Total Time": 184.607,
      "Actual Rows": 1,
      "Actual Loops": 1,
      "Plans": [
        {
          "Node Type": "Gather",
          "Parent Relationship": "Outer",
          "Parallel Aware": false,
          "Startup Cost": 208042.45,
          "Total Cost": 208042.86,
          "Plan Rows": 4,
          "Plan Width": 8,
          "Actual Startup Time": 159.008,
          "Actual Total Time": 184.597,
          "Actual Rows": 5,
          "Actual Loops": 1,
          "Workers Planned": 4,
          "Workers Launched": 4,
          "Single Copy": false,
          "Plans": [
            {
              "Node Type": "Aggregate",
              "Strategy": "Plain",
              "Partial Mode": "Partial",
              "Parent Relationship": "Outer",
              "Parallel Aware": false,
              "Startup Cost": 207042.45,
              "Total Cost": 207042.46,
              "Plan Rows": 1,
              "Plan Width": 8,
              "Actual Startup Time": 150.979,
              "Actual Total Time": 150.981,
              "Actual Rows": 1,
              "Actual Loops": 5,
              "Plans": [
                {
                  "Node Type": "Nested Loop",
                  "Parent Relationship": "Outer",
                  "Parallel Aware": false,
                  "Join Type": "Inner",
                  "Startup Cost": 0.56,
                  "Total Cost": 207006.21,
                  "Plan Rows": 14495,
                  "Plan Width": 0,
                  "Actual Startup Time": 0.523,
                  "Actual Total Time": 149.706,
                  "Actual Rows": 11129,
                  "Actual Loops": 5,
                  "Inner Unique": false,
                  "Plans": [
                    {
                      "Node Type": "Seq Scan",
                      "Parent Relationship": "Outer",
                      "Parallel Aware": true,
                      "Relation Name": "title",
                      "Alias": "t",
                      "Startup Cost": 0.0,
                      "Total Cost": 45479.59,
                      "Plan Rows": 1568,
                      "Plan Width": 4,
                      "Actual Startup Time": 0.251,
                      "Actual Total Time": 80.234,
                      "Actual Rows": 1347,
                      "Actual Loops": 5,
                      "Filter": "((kind_id = 7) AND (production_year = 1961))",
                      "Rows Removed by Filter": 504316
                    },
                    {
                      "Node Type": "Index Scan",
                      "Parent Relationship": "Inner",
                      "Parallel Aware": false,
                      "Scan Direction": "Forward",
                      "Index Name": "movie_id_cast_info",
                      "Relation Name": "cast_info",
                      "Alias": "ci",
                      "Startup Cost": 0.56,
                      "Total Cost": 102.78,
                      "Plan Rows": 23,
                      "Plan Width": 4,
                      "Actual Startup Time": 0.012,
                      "Actual Total Time": 0.05,
                      "Actual Rows": 8,
                      "Actual Loops": 6734,
                      "Index Cond": "(movie_id = t.id)",
                      "Rows Removed by Index Recheck": 0,
                      "Filter": "(person_id < 2409160)",
                      "Rows Removed by Filter": 3
                    }
                  ]
                }
              ]
            }
          ]
        }
      ]
    },
    "Planning Time": 0.32,
    "Triggers": [],
    "Execution Time": 184.661
  }
]