[
  {
    "Plan": {
      "Node Type": "Aggregate",
      "Strategy": "Plain",
      "Partial Mode": "Finalize",
      "Parallel Aware": false,
      "Startup Cost": 340540.57,
      "Total Cost": 340540.58,
      "Plan Rows": 1,
      "Plan Width": 8,
      "Actual Startup Time": 881.067,
      "Actual Total Time": 925.903,
      "Actual Rows": 1,
      "Actual Loops": 1,
      "Plans": [
        {
          "Node Type": "Gather",
          "Parent Relationship": "Outer",
          "Parallel Aware": false,
          "Startup Cost": 340539.95,
          "Total Cost": 340540.56,
          "Plan Rows": 6,
          "Plan Width": 8,
          "Actual Startup Time": 880.844,
          "Actual Total Time": 925.886,
          "Actual Rows": 7,
          "Actual Loops": 1,
          "Workers Planned": 6,
          "Workers Launched": 6,
          "Single Copy": false,
          "Plans": [
            {
              "Node Type": "Aggregate",
              "Strategy": "Plain",
              "Partial Mode": "Partial",
              "Parent Relationship": "Outer",
              "Parallel Aware": false,
              "Startup Cost": 339539.95,
              "Total Cost": 339539.96,
              "Plan Rows": 1,
              "Plan Width": 8,
              "Actual Startup Time": 871.602,
              "Actual Total Time": 871.603,
              "Actual Rows": 1,
              "Actual Loops": 7,
              "Plans": [
                {
                  "Node Type": "Seq Scan",
                  "Parent Relationship": "Outer",
                  "Parallel Aware": true,
                  "Relation Name": "cast_info",
                  "Alias": "ci",
                  "Startup Cost": 0.0,
                  "Total Cost": 328211.39,
                  "Plan Rows": 4531423,
                  "Plan Width": 0,
                  "Actual Startup Time": 0.056,
                  "Actual Total Time": 666.841,
                  "Actual Rows": 3900282,
                  "Actual Loops": 7,
                  "Filter": "(person_id < 2801095)",
                  "Rows Removed by Filter": 1277482
                }
              ]
            }
          ]
        }
      ]
    },
    "Planning Time": 0.166,
    "Triggers": [],
    "Execution Time": 925.997
  }
]