[
  {
    "Plan": {
      "Node Type": "Aggregate",
      "Strategy": "Plain",
      "Partial Mode": "Finalize",
      "Parallel Aware": false,
      "Startup Cost": 80644.5,
      "Total Cost": 80644.51,
      "Plan Rows": 1,
      "Plan Width": 8,
      "Actual Startup Time": 296.159,
      "Actual Total Time": 310.447,
      "Actual Rows": 1,
      "Actual Loops": 1,
      "Plans": [
        {
          "Node Type": "Gather",
          "Parent Relationship": "Outer",
          "Parallel Aware": false,
          "Startup Cost": 80644.19,
          "Total Cost": 80644.5,
          "Plan Rows": 3,
          "Plan Width": 8,
          "Actual Startup Time": 293.358,
          "Actual Total Time": 310.438,
          "Actual Rows": 4,
          "Actual Loops": 1,
          "Workers Planned": 3,
          "Workers Launched": 3,
          "Single Copy": false,
          "Plans": [
            {
              "Node Type": "Aggregate",
              "Strategy": "Plain",
              "Partial Mode": "Partial",
              "Parent Relationship": "Outer",
              "Parallel Aware": false,
              "Startup Cost": 79644.19,
              "Total Cost": 79644.2,
              "Plan Rows": 1,
              "Plan Width": 8,
              "Actual Startup Time": 284.515,
              "Actual Total Time": 284.519,
              "Actual Rows": 1,
              "Actual Loops": 4,
              "Plans": [
                {
                  "Node Type": "Hash Join",
                  "Parent Relationship": "Outer",
                  "Parallel Aware": true,
                  "Join Type": "Inner",
                  "Startup Cost": 47363.62,
                  "Total Cost": 79483.93,
                  "Plan Rows": 64104,
                  "Plan Width": 0,
                  "Actual Startup Time": 188.691,
                  "Actual Total Time": 280.398,
                  "Actual Rows": 103487,
                  "Actual Loops": 4,
                  "Inner Unique": true,
                  "Hash Cond": "(mc.movie_id = t.id)",
                  "Plans": [
                    {
                      "Node Type": "Seq Scan",
                      "Parent Relationship": "Outer",
                      "Parallel Aware": true,
                      "Relation Name": "movie_companies",
                      "Alias": "mc",
                      "Startup Cost": 0.0,
                      "Total Cost": 31414.82,
                      "Plan Rows": 268756,
                      "Plan Width": 4,
                      "Actual Startup Time": 30.466,
                      "Actual Total Time": 65.777,
                      "Actual Rows": 261946,
                      "Actual Loops": 4,
                      "Filter": "((company_id > 4064) AND (company_type_id = 2))",
                      "Rows Removed by Filter": 390336
                    },
                    {
                      "Node Type": "Hash",
                      "Parent Relationship": "Inner",
                      "Parallel Aware": true,
                      "Startup Cost": 45479.1,
                      "Total Cost": 45479.1,
                      "Plan Rows": 150762,
                      "Plan Width": 4,
                      "Actual Startup Time": 153.054,
                      "Actual Total Time": 153.055,
                      "Actual Rows": 126852,
                      "Actual Loops": 4,
                      "Hash Buckets": 1048576,
                      "Original Hash Buckets": 1048576,
                      "Hash Batches": 1,
                      "Original Hash Batches": 1,
                      "Peak Memory Usage": 28096,
                      "Plans": [
                        {
                          "Node Type": "Seq Scan",
                          "Parent Relationship": "Outer",
                          "Parallel Aware": true,
                          "Relation Name": "title",
                          "Alias": "t",
                          "Startup Cost": 0.0,
                          "Total Cost": 45479.1,
                          "Plan Rows": 150762,
                          "Plan Width": 4,
                          "Actual Startup Time": 0.044,
                          "Actual Total Time": 104.081,
                          "Actual Rows": 126852,
                          "Actual Loops": 4,
                          "Filter": "((kind_id < 7) AND (production_year > 1997))",
                          "Rows Removed by Filter": 505226
                        }
                      ]
                    }
                  ]
                }
              ]
            }
          ]
        }
      ]
    },
    "Planning Time": 0.59,
    "Triggers": [],
    "Execution Time": 310.506
  }
]