[
  {
    "Plan": {
      "Node Type": "Aggregate",
      "Strategy": "Plain",
      "Partial Mode": "Finalize",
      "Parallel Aware": false,
      "Startup Cost": 293546.92,
      "Total Cost": 293546.93,
      "Plan Rows": 1,
      "Plan Width": 8,
      "Actual Startup Time": 1182.136,
      "Actual Total Time": 1240.079,
      "Actual Rows": 1,
      "Actual Loops": 1,
      "Plans": [
        {
          "Node Type": "Gather",
          "Parent Relationship": "Outer",
          "Parallel Aware": false,
          "Startup Cost": 293546.4,
          "Total Cost": 293546.91,
          "Plan Rows": 5,
          "Plan Width": 8,
          "Actual Startup Time": 1165.882,
          "Actual Total Time": 1240.064,
          "Actual Rows": 6,
          "Actual Loops": 1,
          "Workers Planned": 5,
          "Workers Launched": 5,
          "Single Copy": false,
          "Plans": [
            {
              "Node Type": "Aggregate",
              "Strategy": "Plain",
              "Partial Mode": "Partial",
              "Parent Relationship": "Outer",
              "Parallel Aware": false,
              "Startup Cost": 292546.4,
              "Total Cost": 292546.41,
              "Plan Rows": 1,
              "Plan Width": 8,
              "Actual Startup Time": 1158.684,
              "Actual Total Time": 1159.034,
              "Actual Rows": 1,
              "Actual Loops": 6,
              "Plans": [
                {
                  "Node Type": "Hash Join",
                  "Parent Relationship": "Outer",
                  "Parallel Aware": true,
                  "Join Type": "Inner",
                  "Startup Cost": 83672.34,
                  "Total Cost": 291429.69,
                  "Plan Rows": 446684,
                  "Plan Width": 0,
                  "Actual Startup Time": 436.482,
                  "Actual Total Time": 1140.85,
                  "Actual Rows": 309068,
                  "Actual Loops": 6,
                  "Inner Unique": false,
                  "Hash Cond": "(mi.movie_id = t.id)",
                  "Plans": [
                    {
                      "Node Type": "Seq Scan",
                      "Parent Relationship": "Outer",
                      "Parallel Aware": true,
                      "Relation Name": "movie_info",
                      "Alias": "mi",
                      "Startup Cost": 0.0,
                      "Total Cost": 199108.24,
                      "Plan Rows": 1922185,
                      "Plan Width": 4,
                      "Actual Startup Time": 0.059,
                      "Actual Total Time": 427.505,
                      "Actual Rows": 1594192,
                      "Actual Loops": 6,
                      "Filter": "(info_type_id < 16)",
                      "Rows Removed by Filter": 878428
                    },
                    {
                      "Node Type": "Hash",
                      "Parent Relationship": "Inner",
                      "Parallel Aware": true,
                      "Startup Cost": 81303.14,
                      "Total Cost": 81303.14,
                      "Plan Rows": 189536,
                      "Plan Width": 8,
                      "Actual Startup Time": 432.861,
                      "Actual Total Time": 433.21,
                      "Actual Rows": 58432,
                      "Actual Loops": 6,
                      "Hash Buckets": 1048576,
                      "Original Hash Buckets": 1048576,
                      "Hash Batches": 1,
                      "Original Hash Batches": 1,
                      "Peak Memory Usage": 22016,
                      "Plans": [
                        {
                          "Node Type": "Hash Join",
                          "Parent Relationship": "Outer",
                          "Parallel Aware": true,
                          "Join Type": "Inner",
                          "Startup Cost": 49137.9,
                          "Total Cost": 81303.14,
                          "Plan Rows": 189536,
                          "Plan Width": 8,
                          "Actual Startup Time": 294.483,
                          "Actual Total Time": 402.5,
                          "Actual Rows": 58432,
                          "Actual Loops": 6,
                          "Inner Unique": true,
                          "Hash Cond": "(mc.movie_id = t.id)",
                          "Plans": [
                            {
                              "Node Type": "Seq Scan",
                              "Parent Relationship": "Outer",
                              "Parallel Aware": true,
                              "Relation Name": "movie_companies",
                              "Alias": "mc",
                              "Startup Cost": 0.0,
                              "Total Cost": 31414.82,
                              "Plan Rows": 285877,
                              "Plan Width": 4,
                              "Actual Startup Time": 30.289,
                              "Actual Total Time": 65.562,
                              "Actual Rows": 179814,
                              "Actual Loops": 6,
                              "Filter": "((company_id > 2561) AND (company_type_id = 2))",
                              "Rows Removed by Filter": 255041
                            },
                            {
                              "Node Type": "Hash",
                              "Parent Relationship": "Inner",
                              "Parallel Aware": true,
                              "Startup Cost": 43899.32,
                              "Total Cost": 43899.32,
                              "Plan Rows": 419086,
                              "Plan Width": 4,
                              "Actual Startup Time": 260.982,
                              "Actual Total Time": 260.984,
                              "Actual Rows": 279016,
                              "Actual Loops": 6,
                              "Hash Buckets": 2097152,
                              "Original Hash Buckets": 2097152,
                              "Hash Batches": 1,
                              "Original Hash Batches": 1,
                              "Peak Memory Usage": 81920,
                              "Plans": [
                                {
                                  "Node Type": "Seq Scan",
                                  "Parent Relationship": "Outer",
                                  "Parallel Aware": true,
                                  "Relation Name": "title",
                                  "Alias": "t",
                                  "Startup Cost": 0.0,
                                  "Total Cost": 43899.32,
                                  "Plan Rows": 419086,
                                  "Plan Width": 4,
                                  "Actual Startup Time": 0.087,
                                  "Actual Total Time": 104.848,
                                  "Actual Rows": 279016,
                                  "Actual Loops": 6,
                                  "Filter": "(kind_id > 3)",
                                  "Rows Removed by Filter": 142369
                                }
                              ]
                            }
                          ]
                        }
                      ]
                    }
                  ]
                }
              ]
            }
          ]
        }
      ]
    },
    "Planning Time": 0.776,
    "Triggers": [],
    "Execution Time": 1240.151
  }
]