[
  {
    "Plan": {
      "Node Type": "Aggregate",
      "Strategy": "Plain",
      "Partial Mode": "Finalize",
      "Parallel Aware": false,
      "Startup Cost": 67706.74,
      "Total Cost": 67706.75,
      "Plan Rows": 1,
      "Plan Width": 8,
      "Actual Startup Time": 541.672,
      "Actual Total Time": 556.583,
      "Actual Rows": 1,
      "Actual Loops": 1,
      "Plans": [
        {
          "Node Type": "Gather",
          "Parent Relationship": "Outer",
          "Parallel Aware": false,
          "Startup Cost": 67706.53,
          "Total Cost": 67706.74,
          "Plan Rows": 2,
          "Plan Width": 8,
          "Actual Startup Time": 534.85,
          "Actual Total Time": 556.577,
          "Actual Rows": 3,
          "Actual Loops": 1,
          "Workers Planned": 2,
          "Workers Launched": 2,
          "Single Copy": false,
          "Plans": [
            {
              "Node Type": "Aggregate",
              "Strategy": "Plain",
              "Partial Mode": "Partial",
              "Parent Relationship": "Outer",
              "Parallel Aware": false,
              "Startup Cost": 66706.53,
              "Total Cost": 66706.54,
              "Plan Rows": 1,
              "Plan Width": 8,
              "Actual Startup Time": 525.147,
              "Actual Total Time": 525.15,
              "Actual Rows": 1,
              "Actual Loops": 3,
              "Plans": [
                {
                  "Node Type": "Hash Join",
                  "Parent Relationship": "Outer",
                  "Parallel Aware": true,
                  "Join Type": "Inner",
                  "Startup Cost": 50340.15,
                  "Total Cost": 65534.71,
                  "Plan Rows": 468728,
                  "Plan Width": 0,
                  "Actual Startup Time": 364.414,
                  "Actual Total Time": 509.988,
                  "Actual Rows": 377999,
                  "Actual Loops": 3,
                  "Inner Unique": true,
                  "Hash Cond": "(mi_idx.movie_id = t.id)",
                  "Plans": [
                    {
                      "Node Type": "Seq Scan",
                      "Parent Relationship": "Outer",
                      "Parallel Aware": true,
                      "Relation Name": "movie_info_idx",
                      "Alias": "mi_idx",
                      "Startup Cost": 0.0,
                      "Total Cost": 13685.15,
                      "Plan Rows": 575015,
                      "Plan Width": 4,
                      "Actual Startup Time": 0.01,
                      "Actual Total Time": 37.407,
                      "Actual Rows": 460012,
                      "Actual Loops": 3
                    },
                    {
                      "Node Type": "Hash",
                      "Parent Relationship": "Inner",
                      "Parallel Aware": true,
                      "Startup Cost": 43899.32,
                      "Total Cost": 43899.32,
                      "Plan Rows": 515266,
                      "Plan Width": 4,
                      "Actual Startup Time": 354.555,
                      "Actual Total Time": 354.556,
                      "Actual Rows": 682241,
                      "Actual Loops": 3,
                      "Hash Buckets": 2097152,
                      "Original Hash Buckets": 2097152,
                      "Hash Batches": 1,
                      "Original Hash Batches": 1,
                      "Peak Memory Usage": 96512,
                      "Plans": [
                        {
                          "Node Type": "Seq Scan",
                          "Parent Relationship": "Outer",
                          "Parallel Aware": true,
                          "Relation Name": "title",
                          "Alias": "t",
                          "Startup Cost": 0.0,
                          "Total Cost": 43899.32,
                          "Plan Rows": 515266,
                          "Plan Width": 4,
                          "Actual Startup Time": 0.041,
                          "Actual Total Time": 134.268,
                          "Actual Rows": 682241,
                          "Actual Loops": 3,
                          "Filter": "(production_year > 1972)",
                          "Rows Removed by Filter": 160530
                        }
                      ]
                    }
                  ]
                }
              ]
            }
          ]
        }
      ]
    },
    "Planning Time": 0.462,
    "Triggers": [],
    "Execution Time": 556.638
  }
]