[
  {
    "Plan": {
      "Node Type": "Aggregate",
      "Strategy": "Plain",
      "Partial Mode": "Finalize",
      "Parallel Aware": false,
      "Startup Cost": 32921.33,
      "Total Cost": 32921.34,
      "Plan Rows": 1,
      "Plan Width": 8,
      "Actual Startup Time": 120.561,
      "Actual Total Time": 131.297,
      "Actual Rows": 1,
      "Actual Loops": 1,
      "Plans": [
        {
          "Node Type": "Gather",
          "Parent Relationship": "Outer",
          "Parallel Aware": false,
          "Startup Cost": 32921.01,
          "Total Cost": 32921.32,
          "Plan Rows": 3,
          "Plan Width": 8,
          "Actual Startup Time": 120.391,
          "Actual Total Time": 131.289,
          "Actual Rows": 4,
          "Actual Loops": 1,
          "Workers Planned": 3,
          "Workers Launched": 3,
          "Single Copy": false,
          "Plans": [
            {
              "Node Type": "Aggregate",
              "Strategy": "Plain",
              "Partial Mode": "Partial",
              "Parent Relationship": "Outer",
              "Parallel Aware": false,
              "Startup Cost": 31921.01,
              "Total Cost": 31921.02,
              "Plan Rows": 1,
              "Plan Width": 8,
              "Actual Startup Time": 112.175,
              "Actual Total Time": 112.177,
              "Actual Rows": 1,
              "Actual Loops": 4,
              "Plans": [
                {
                  "Node Type": "Seq Scan",
                  "Parent Relationship": "Outer",
                  "Parallel Aware": true,
                  "Relation Name": "movie_companies",
                  "Alias": "mc",
                  "Startup Cost": 0.0,
                  "Total Cost": 31414.82,
                  "Plan Rows": 202476,
                  "Plan Width": 0,
                  "Actual Startup Time": 48.861,
                  "Actual Total Time": 98.361,
                  "Actual Rows": 221565,
                  "Actual Loops": 4,
                  "Filter": "((company_id > 12063) AND (company_type_id > 1))",
                  "Rows Removed by Filter": 430717
                }
              ]
            }
          ]
        }
      ]
    },
    "Planning Time": 0.111,
    "Triggers": [],
    "Execution Time": 131.332
  }
]