[
    {
        "Bao": {
            "Bao prediction": "NaN",
            "Bao recommended hint": "(no hint)"
        }
    },
    {
        "Plan": {
            "Node Type": "Aggregate",
            "Strategy": "Plain",
            "Partial Mode": "Simple",
            "Parallel Aware": false,
            "Startup Cost": 13405.88,
            "Total Cost": 13405.89,
            "Plan Rows": 1,
            "Plan Width": 8,
            "Actual Startup Time": 4.949,
            "Actual Total Time": 4.951,
            "Actual Rows": 1,
            "Actual Loops": 1,
            "Output": [
                "count(*)"
            ],
            "Plans": [
                {
                    "Node Type": "Bitmap Heap Scan",
                    "Parent Relationship": "Outer",
                    "Parallel Aware": false,
                    "Relation Name": "movie_companies",
                    "Schema": "public",
                    "Alias": "mc",
                    "Startup Cost": 142.98,
                    "Total Cost": 13389.57,
                    "Plan Rows": 6523,
                    "Plan Width": 0,
                    "Actual Startup Time": 0.792,
                    "Actual Total Time": 4.607,
                    "Actual Rows": 6067,
                    "Actual Loops": 1,
                    "Recheck Cond": "(mc.company_id = 93)",
                    "Rows Removed by Index Recheck": 0,
                    "Exact Heap Blocks": 2144,
                    "Lossy Heap Blocks": 0,
                    "Plans": [
                        {
                            "Node Type": "Bitmap Index Scan",
                            "Parent Relationship": "Outer",
                            "Parallel Aware": false,
                            "Index Name": "company_id_movie_companies",
                            "Startup Cost": 0.0,
                            "Total Cost": 141.35,
                            "Plan Rows": 6523,
                            "Plan Width": 0,
                            "Actual Startup Time": 0.503,
                            "Actual Total Time": 0.504,
                            "Actual Rows": 6067,
                            "Actual Loops": 1,
                            "Index Cond": "(mc.company_id = 93)"
                        }
                    ]
                }
            ]
        },
        "Planning Time": 197.715,
        "Triggers": [],
        "Execution Time": 4.996
    }
]