[
  {
    "Plan": {
      "Node Type": "Aggregate",
      "Strategy": "Plain",
      "Partial Mode": "Finalize",
      "Parallel Aware": false,
      "Startup Cost": 208763.8,
      "Total Cost": 208763.81,
      "Plan Rows": 1,
      "Plan Width": 8,
      "Actual Startup Time": 1500.838,
      "Actual Total Time": 1546.166,
      "Actual Rows": 1,
      "Actual Loops": 1,
      "Plans": [
        {
          "Node Type": "Gather",
          "Parent Relationship": "Outer",
          "Parallel Aware": false,
          "Startup Cost": 208763.48,
          "Total Cost": 208763.79,
          "Plan Rows": 3,
          "Plan Width": 8,
          "Actual Startup Time": 1493.812,
          "Actual Total Time": 1546.159,
          "Actual Rows": 4,
          "Actual Loops": 1,
          "Workers Planned": 3,
          "Workers Launched": 3,
          "Single Copy": false,
          "Plans": [
            {
              "Node Type": "Aggregate",
              "Strategy": "Plain",
              "Partial Mode": "Partial",
              "Parent Relationship": "Outer",
              "Parallel Aware": false,
              "Startup Cost": 207763.48,
              "Total Cost": 207763.49,
              "Plan Rows": 1,
              "Plan Width": 8,
              "Actual Startup Time": 1481.254,
              "Actual Total Time": 1481.261,
              "Actual Rows": 1,
              "Actual Loops": 4,
              "Plans": [
                {
                  "Node Type": "Nested Loop",
                  "Parent Relationship": "Outer",
                  "Parallel Aware": false,
                  "Join Type": "Inner",
                  "Startup Cost": 55193.04,
                  "Total Cost": 207536.89,
                  "Plan Rows": 90634,
                  "Plan Width": 0,
                  "Actual Startup Time": 377.302,
                  "Actual Total Time": 1452.247,
                  "Actual Rows": 571947,
                  "Actual Loops": 4,
                  "Inner Unique": false,
                  "Plans": [
                    {
                      "Node Type": "Hash Join",
                      "Parent Relationship": "Outer",
                      "Parallel Aware": true,
                      "Join Type": "Inner",
                      "Startup Cost": 55192.6,
                      "Total Cost": 80789.73,
                      "Plan Rows": 75579,
                      "Plan Width": 8,
                      "Actual Startup Time": 377.133,
                      "Actual Total Time": 442.945,
                      "Actual Rows": 59669,
                      "Actual Loops": 4,
                      "Inner Unique": true,
                      "Hash Cond": "(mk.movie_id = t.id)",
                      "Plans": [
                        {
                          "Node Type": "Bitmap Heap Scan",
                          "Parent Relationship": "Outer",
                          "Parallel Aware": true,
                          "Relation Name": "movie_keyword",
                          "Alias": "mk",
                          "Startup Cost": 4972.22,
                          "Total Cost": 30370.96,
                          "Plan Rows": 75579,
                          "Plan Width": 4,
                          "Actual Startup Time": 15.331,
                          "Actual Total Time": 49.695,
                          "Actual Rows": 59669,
                          "Actual Loops": 4,
                          "Recheck Cond": "(keyword_id > 62095)",
                          "Rows Removed by Index Recheck": 0,
                          "Exact Heap Blocks": 6650,
                          "Lossy Heap Blocks": 0,
                          "Plans": [
                            {
                              "Node Type": "Bitmap Index Scan",
                              "Parent Relationship": "Outer",
                              "Parallel Aware": false,
                              "Index Name": "keyword_id_movie_keyword",
                              "Startup Cost": 0.0,
                              "Total Cost": 4913.64,
                              "Plan Rows": 234295,
                              "Plan Width": 0,
                              "Actual Startup Time": 12.315,
                              "Actual Total Time": 12.316,
                              "Actual Rows": 238676,
                              "Actual Loops": 1,
                              "Index Cond": "(keyword_id > 62095)"
                            }
                          ]
                        },
                        {
                          "Node Type": "Hash",
                          "Parent Relationship": "Inner",
                          "Parallel Aware": true,
                          "Startup Cost": 42319.06,
                          "Total Cost": 42319.06,
                          "Plan Rows": 632106,
                          "Plan Width": 4,
                          "Actual Startup Time": 354.733,
                          "Actual Total Time": 354.734,
                          "Actual Rows": 632078,
                          "Actual Loops": 4,
                          "Hash Buckets": 4194304,
                          "Original Hash Buckets": 4194304,
                          "Hash Batches": 1,
                          "Original Hash Batches": 1,
                          "Peak Memory Usage": 131744,
                          "Plans": [
                            {
                              "Node Type": "Seq Scan",
                              "Parent Relationship": "Outer",
                              "Parallel Aware": true,
                              "Relation Name": "title",
                              "Alias": "t",
                              "Startup Cost": 0.0,
                              "Total Cost": 42319.06,
                              "Plan Rows": 632106,
                              "Plan Width": 4,
                              "Actual Startup Time": 0.042,
                              "Actual Total Time": 105.097,
                              "Actual Rows": 632078,
                              "Actual Loops": 4
                            }
                          ]
                        }
                      ]
                    },
                    {
                      "Node Type": "Index Scan",
                      "Parent Relationship": "Inner",
                      "Parallel Aware": false,
                      "Scan Direction": "Forward",
                      "Index Name": "movie_id_movie_info",
                      "Relation Name": "movie_info",
                      "Alias": "mi",
                      "Startup Cost": 0.43,
                      "Total Cost": 1.6,
                      "Plan Rows": 8,
                      "Plan Width": 4,
                      "Actual Startup Time": 0.006,
                      "Actual Total Time": 0.016,
                      "Actual Rows": 10,
                      "Actual Loops": 238676,
                      "Index Cond": "(movie_id = t.id)",
                      "Rows Removed by Index Recheck": 0,
                      "Filter": "(info_type_id = 16)",
                      "Rows Removed by Filter": 51
                    }
                  ]
                }
              ]
            }
          ]
        }
      ]
    },
    "Planning Time": 0.423,
    "Triggers": [],
    "Execution Time": 1546.221
  }
]