[
  {
    "Plan": {
      "Node Type": "Aggregate",
      "Strategy": "Plain",
      "Partial Mode": "Finalize",
      "Parallel Aware": false,
      "Startup Cost": 343508.71,
      "Total Cost": 343508.72,
      "Plan Rows": 1,
      "Plan Width": 8,
      "Actual Startup Time": 491.82,
      "Actual Total Time": 515.285,
      "Actual Rows": 1,
      "Actual Loops": 1,
      "Plans": [
        {
          "Node Type": "Gather",
          "Parent Relationship": "Outer",
          "Parallel Aware": false,
          "Startup Cost": 343508.09,
          "Total Cost": 343508.7,
          "Plan Rows": 6,
          "Plan Width": 8,
          "Actual Startup Time": 491.707,
          "Actual Total Time": 515.272,
          "Actual Rows": 7,
          "Actual Loops": 1,
          "Workers Planned": 6,
          "Workers Launched": 6,
          "Single Copy": false,
          "Plans": [
            {
              "Node Type": "Aggregate",
              "Strategy": "Plain",
              "Partial Mode": "Partial",
              "Parent Relationship": "Outer",
              "Parallel Aware": false,
              "Startup Cost": 342508.09,
              "Total Cost": 342508.1,
              "Plan Rows": 1,
              "Plan Width": 8,
              "Actual Startup Time": 482.857,
              "Actual Total Time": 482.859,
              "Actual Rows": 1,
              "Actual Loops": 7,
              "Plans": [
                {
                  "Node Type": "Index Scan",
                  "Parent Relationship": "Outer",
                  "Parallel Aware": true,
                  "Scan Direction": "Forward",
                  "Index Name": "role_id_cast_info",
                  "Relation Name": "cast_info",
                  "Alias": "ci",
                  "Startup Cost": 0.56,
                  "Total Cost": 341155.22,
                  "Plan Rows": 541147,
                  "Plan Width": 0,
                  "Actual Startup Time": 0.105,
                  "Actual Total Time": 427.088,
                  "Actual Rows": 956300,
                  "Actual Loops": 7,
                  "Index Cond": "(role_id = 1)",
                  "Rows Removed by Index Recheck": 0,
                  "Filter": "(person_id < 916870)",
                  "Rows Removed by Filter": 853798
                }
              ]
            }
          ]
        }
      ]
    },
    "Planning Time": 0.256,
    "Triggers": [],
    "Execution Time": 515.362
  }
]