[
  {
    "Plan": {
      "Node Type": "Aggregate",
      "Strategy": "Plain",
      "Partial Mode": "Finalize",
      "Parallel Aware": false,
      "Startup Cost": 61897.81,
      "Total Cost": 61897.82,
      "Plan Rows": 1,
      "Plan Width": 8,
      "Actual Startup Time": 200.759,
      "Actual Total Time": 215.424,
      "Actual Rows": 1,
      "Actual Loops": 1,
      "Plans": [
        {
          "Node Type": "Gather",
          "Parent Relationship": "Outer",
          "Parallel Aware": false,
          "Startup Cost": 61897.59,
          "Total Cost": 61897.8,
          "Plan Rows": 2,
          "Plan Width": 8,
          "Actual Startup Time": 200.106,
          "Actual Total Time": 215.416,
          "Actual Rows": 3,
          "Actual Loops": 1,
          "Workers Planned": 2,
          "Workers Launched": 2,
          "Single Copy": false,
          "Plans": [
            {
              "Node Type": "Aggregate",
              "Strategy": "Plain",
              "Partial Mode": "Partial",
              "Parent Relationship": "Outer",
              "Parallel Aware": false,
              "Startup Cost": 60897.59,
              "Total Cost": 60897.6,
              "Plan Rows": 1,
              "Plan Width": 8,
              "Actual Startup Time": 195.903,
              "Actual Total Time": 195.907,
              "Actual Rows": 1,
              "Actual Loops": 3,
              "Plans": [
                {
                  "Node Type": "Hash Join",
                  "Parent Relationship": "Outer",
                  "Parallel Aware": true,
                  "Join Type": "Inner",
                  "Startup Cost": 45668.64,
                  "Total Cost": 60863.2,
                  "Plan Rows": 13758,
                  "Plan Width": 0,
                  "Actual Startup Time": 116.746,
                  "Actual Total Time": 195.631,
                  "Actual Rows": 6070,
                  "Actual Loops": 3,
                  "Inner Unique": true,
                  "Hash Cond": "(mi_idx.movie_id = t.id)",
                  "Plans": [
                    {
                      "Node Type": "Seq Scan",
                      "Parent Relationship": "Outer",
                      "Parallel Aware": true,
                      "Relation Name": "movie_info_idx",
                      "Alias": "mi_idx",
                      "Startup Cost": 0.0,
                      "Total Cost": 13685.15,
                      "Plan Rows": 575015,
                      "Plan Width": 4,
                      "Actual Startup Time": 0.011,
                      "Actual Total Time": 37.564,
                      "Actual Rows": 460012,
                      "Actual Loops": 3
                    },
                    {
                      "Node Type": "Hash",
                      "Parent Relationship": "Inner",
                      "Parallel Aware": true,
                      "Startup Cost": 45479.59,
                      "Total Cost": 45479.59,
                      "Plan Rows": 15124,
                      "Plan Width": 4,
                      "Actual Startup Time": 115.805,
                      "Actual Total Time": 115.806,
                      "Actual Rows": 20917,
                      "Actual Loops": 3,
                      "Hash Buckets": 65536,
                      "Original Hash Buckets": 65536,
                      "Hash Batches": 1,
                      "Original Hash Batches": 1,
                      "Peak Memory Usage": 3008,
                      "Plans": [
                        {
                          "Node Type": "Seq Scan",
                          "Parent Relationship": "Outer",
                          "Parallel Aware": true,
                          "Relation Name": "title",
                          "Alias": "t",
                          "Startup Cost": 0.0,
                          "Total Cost": 45479.59,
                          "Plan Rows": 15124,
                          "Plan Width": 4,
                          "Actual Startup Time": 0.027,
                          "Actual Total Time": 107.76,
                          "Actual Rows": 20917,
                          "Actual Loops": 3,
                          "Filter": "((kind_id = 7) AND (production_year = 2005))",
                          "Rows Removed by Filter": 821853
                        }
                      ]
                    }
                  ]
                }
              ]
            }
          ]
        }
      ]
    },
    "Planning Time": 0.342,
    "Triggers": [],
    "Execution Time": 215.467
  }
]