[
  {
    "Plan": {
      "Node Type": "Aggregate",
      "Strategy": "Plain",
      "Partial Mode": "Finalize",
      "Parallel Aware": false,
      "Startup Cost": 59142.94,
      "Total Cost": 59142.95,
      "Plan Rows": 1,
      "Plan Width": 8,
      "Actual Startup Time": 180.413,
      "Actual Total Time": 212.569,
      "Actual Rows": 1,
      "Actual Loops": 1,
      "Plans": [
        {
          "Node Type": "Gather",
          "Parent Relationship": "Outer",
          "Parallel Aware": false,
          "Startup Cost": 59142.73,
          "Total Cost": 59142.94,
          "Plan Rows": 2,
          "Plan Width": 8,
          "Actual Startup Time": 180.147,
          "Actual Total Time": 212.554,
          "Actual Rows": 3,
          "Actual Loops": 1,
          "Workers Planned": 2,
          "Workers Launched": 2,
          "Single Copy": false,
          "Plans": [
            {
              "Node Type": "Aggregate",
              "Strategy": "Plain",
              "Partial Mode": "Partial",
              "Parent Relationship": "Outer",
              "Parallel Aware": false,
              "Startup Cost": 58142.73,
              "Total Cost": 58142.74,
              "Plan Rows": 1,
              "Plan Width": 8,
              "Actual Startup Time": 171.642,
              "Actual Total Time": 171.645,
              "Actual Rows": 1,
              "Actual Loops": 3,
              "Plans": [
                {
                  "Node Type": "Nested Loop",
                  "Parent Relationship": "Outer",
                  "Parallel Aware": false,
                  "Join Type": "Inner",
                  "Startup Cost": 244.95,
                  "Total Cost": 58128.83,
                  "Plan Rows": 5559,
                  "Plan Width": 0,
                  "Actual Startup Time": 4.1,
                  "Actual Total Time": 170.14,
                  "Actual Rows": 28511,
                  "Actual Loops": 3,
                  "Inner Unique": false,
                  "Plans": [
                    {
                      "Node Type": "Nested Loop",
                      "Parent Relationship": "Outer",
                      "Parallel Aware": false,
                      "Join Type": "Inner",
                      "Startup Cost": 244.51,
                      "Total Cost": 50132.41,
                      "Plan Rows": 4712,
                      "Plan Width": 8,
                      "Actual Startup Time": 3.961,
                      "Actual Total Time": 37.522,
                      "Actual Rows": 3075,
                      "Actual Loops": 3,
                      "Inner Unique": true,
                      "Plans": [
                        {
                          "Node Type": "Bitmap Heap Scan",
                          "Parent Relationship": "Outer",
                          "Parallel Aware": true,
                          "Relation Name": "movie_keyword",
                          "Alias": "mk",
                          "Startup Cost": 244.08,
                          "Total Cost": 20156.75,
                          "Plan Rows": 4712,
                          "Plan Width": 4,
                          "Actual Startup Time": 3.804,
                          "Actual Total Time": 15.188,
                          "Actual Rows": 3075,
                          "Actual Loops": 3,
                          "Recheck Cond": "(keyword_id = 875)",
                          "Rows Removed by Index Recheck": 0,
                          "Exact Heap Blocks": 4100,
                          "Lossy Heap Blocks": 0,
                          "Plans": [
                            {
                              "Node Type": "Bitmap Index Scan",
                              "Parent Relationship": "Outer",
                              "Parallel Aware": false,
                              "Index Name": "keyword_id_movie_keyword",
                              "Startup Cost": 0.0,
                              "Total Cost": 241.26,
                              "Plan Rows": 11310,
                              "Plan Width": 0,
                              "Actual Startup Time": 8.053,
                              "Actual Total Time": 8.054,
                              "Actual Rows": 9226,
                              "Actual Loops": 1,
                              "Index Cond": "(keyword_id = 875)"
                            }
                          ]
                        },
                        {
                          "Node Type": "Index Only Scan",
                          "Parent Relationship": "Inner",
                          "Parallel Aware": false,
                          "Scan Direction": "Forward",
                          "Index Name": "title_pkey",
                          "Relation Name": "title",
                          "Alias": "t",
                          "Startup Cost": 0.43,
                          "Total Cost": 6.36,
                          "Plan Rows": 1,
                          "Plan Width": 4,
                          "Actual Startup Time": 0.007,
                          "Actual Total Time": 0.007,
                          "Actual Rows": 1,
                          "Actual Loops": 9226,
                          "Index Cond": "(id = mk.movie_id)",
                          "Rows Removed by Index Recheck": 0,
                          "Heap Fetches": 9226
                        }
                      ]
                    },
                    {
                      "Node Type": "Index Scan",
                      "Parent Relationship": "Inner",
                      "Parallel Aware": false,
                      "Scan Direction": "Forward",
                      "Index Name": "movie_id_movie_info",
                      "Relation Name": "movie_info",
                      "Alias": "mi",
                      "Startup Cost": 0.43,
                      "Total Cost": 1.62,
                      "Plan Rows": 8,
                      "Plan Width": 4,
                      "Actual Startup Time": 0.018,
                      "Actual Total Time": 0.042,
                      "Actual Rows": 9,
                      "Actual Loops": 9226,
                      "Index Cond": "(movie_id = t.id)",
                      "Rows Removed by Index Recheck": 0,
                      "Filter": "(info_type_id = 16)",
                      "Rows Removed by Filter": 55
                    }
                  ]
                }
              ]
            }
          ]
        }
      ]
    },
    "Planning Time": 1.417,
    "Triggers": [],
    "Execution Time": 212.681
  }
]