[
  {
    "Bao": {
      "Bao prediction": 353.644,
      "Bao recommended hint": "(no hint)"
    }
  },
  {
    "Plan": {
      "Node Type": "Hash Join",
      "Parallel Aware": false,
      "Join Type": "Inner",
      "Startup Cost": 101172.97,
      "Total Cost": 163748.03,
      "Plan Rows": 1048295,
      "Plan Width": 40,
      "Actual Startup Time": 1849.491,
      "Actual Total Time": 2800.808,
      "Actual Rows": 1043520,
      "Actual Loops": 1,
      "Inner Unique": true,
      "Hash Cond": "(mc.company_type_id = ct.id)",
      "Plans": [
        {
          "Node Type": "Hash Join",
          "Parent Relationship": "Outer",
          "Parallel Aware": false,
          "Join Type": "Inner",
          "Startup Cost": 101171.88,
          "Total Cost": 158079.59,
          "Plan Rows": 1048295,
          "Plan Width": 40,
          "Actual Startup Time": 1849.359,
          "Actual Total Time": 2679.121,
          "Actual Rows": 1043520,
          "Actual Loops": 1,
          "Inner Unique": true,
          "Hash Cond": "(mc.movie_id = t.id)",
          "Plans": [
            {
              "Node Type": "Hash Join",
              "Parent Relationship": "Outer",
              "Parallel Aware": false,
              "Join Type": "Inner",
              "Startup Cost": 8282.43,
              "Total Cost": 62438.36,
              "Plan Rows": 1048295,
              "Plan Width": 40,
              "Actual Startup Time": 130.575,
              "Actual Total Time": 530.291,
              "Actual Rows": 1043520,
              "Actual Loops": 1,
              "Inner Unique": true,
              "Hash Cond": "(mc.company_id = cn.id)",
              "Plans": [
                {
                  "Node Type": "Seq Scan",
                  "Parent Relationship": "Outer",
                  "Parallel Aware": false,
                  "Relation Name": "movie_companies",
                  "Alias": "mc",
                  "Startup Cost": 0.0,
                  "Total Cost": 51404.11,
                  "Plan Rows": 1048295,
                  "Plan Width": 40,
                  "Actual Startup Time": 0.013,
                  "Actual Total Time": 222.502,
                  "Actual Rows": 1043520,
                  "Actual Loops": 1,
                  "Filter": "(company_id < 6029)",
                  "Rows Removed by Filter": 1565609
                },
                {
                  "Node Type": "Hash",
                  "Parent Relationship": "Inner",
                  "Parallel Aware": false,
                  "Startup Cost": 5344.97,
                  "Total Cost": 5344.97,
                  "Plan Rows": 234997,
                  "Plan Width": 4,
                  "Actual Startup Time": 128.53,
                  "Actual Total Time": 128.531,
                  "Actual Rows": 234997,
                  "Actual Loops": 1,
                  "Hash Buckets": 262144,
                  "Original Hash Buckets": 262144,
                  "Hash Batches": 1,
                  "Original Hash Batches": 1,
                  "Peak Memory Usage": 10310,
                  "Plans": [
                    {
                      "Node Type": "Seq Scan",
                      "Parent Relationship": "Outer",
                      "Parallel Aware": false,
                      "Relation Name": "company_name",
                      "Alias": "cn",
                      "Startup Cost": 0.0,
                      "Total Cost": 5344.97,
                      "Plan Rows": 234997,
                      "Plan Width": 4,
                      "Actual Startup Time": 0.057,
                      "Actual Total Time": 63.677,
                      "Actual Rows": 234997,
                      "Actual Loops": 1
                    }
                  ]
                }
              ]
            },
            {
              "Node Type": "Hash",
              "Parent Relationship": "Inner",
              "Parallel Aware": false,
              "Startup Cost": 61283.09,
              "Total Cost": 61283.09,
              "Plan Rows": 2528509,
              "Plan Width": 4,
              "Actual Startup Time": 1686.523,
              "Actual Total Time": 1686.524,
              "Actual Rows": 2528312,
              "Actual Loops": 1,
              "Hash Buckets": 4194304,
              "Original Hash Buckets": 4194304,
              "Hash Batches": 1,
              "Original Hash Batches": 1,
              "Peak Memory Usage": 121654,
              "Plans": [
                {
                  "Node Type": "Seq Scan",
                  "Parent Relationship": "Outer",
                  "Parallel Aware": false,
                  "Relation Name": "title",
                  "Alias": "t",
                  "Startup Cost": 0.0,
                  "Total Cost": 61283.09,
                  "Plan Rows": 2528509,
                  "Plan Width": 4,
                  "Actual Startup Time": 0.04,
                  "Actual Total Time": 505.204,
                  "Actual Rows": 2528312,
                  "Actual Loops": 1
                }
              ]
            }
          ]
        },
        {
          "Node Type": "Hash",
          "Parent Relationship": "Inner",
          "Parallel Aware": false,
          "Startup Cost": 1.04,
          "Total Cost": 1.04,
          "Plan Rows": 4,
          "Plan Width": 4,
          "Actual Startup Time": 0.061,
          "Actual Total Time": 0.062,
          "Actual Rows": 4,
          "Actual Loops": 1,
          "Hash Buckets": 1024,
          "Original Hash Buckets": 1024,
          "Hash Batches": 1,
          "Original Hash Batches": 1,
          "Peak Memory Usage": 9,
          "Plans": [
            {
              "Node Type": "Seq Scan",
              "Parent Relationship": "Outer",
              "Parallel Aware": false,
              "Relation Name": "company_type",
              "Alias": "ct",
              "Startup Cost": 0.0,
              "Total Cost": 1.04,
              "Plan Rows": 4,
              "Plan Width": 4,
              "Actual Startup Time": 0.013,
              "Actual Total Time": 0.014,
              "Actual Rows": 4,
              "Actual Loops": 1
            }
          ]
        }
      ]
    },
    "Planning Time": 384.484,
    "Triggers": [],
    "Execution Time": 2835.737
  }
]