[
    {
        "Bao": {
            "Bao prediction": 454.174,
            "Bao recommended hint": "SET enable_mergejoin TO off; "
        }
    },
    {
        "Plan": {
            "Node Type": "Aggregate",
            "Strategy": "Plain",
            "Partial Mode": "Finalize",
            "Parallel Aware": false,
            "Startup Cost": 33136.78,
            "Total Cost": 33136.79,
            "Plan Rows": 1,
            "Plan Width": 8,
            "Actual Startup Time": 128.798,
            "Actual Total Time": 135.282,
            "Actual Rows": 1,
            "Actual Loops": 1,
            "Output": [
                "count(*)"
            ],
            "Plans": [
                {
                    "Node Type": "Gather",
                    "Parent Relationship": "Outer",
                    "Parallel Aware": false,
                    "Startup Cost": 33136.47,
                    "Total Cost": 33136.78,
                    "Plan Rows": 3,
                    "Plan Width": 8,
                    "Actual Startup Time": 128.726,
                    "Actual Total Time": 135.274,
                    "Actual Rows": 4,
                    "Actual Loops": 1,
                    "Output": [
                        "(PARTIAL count(*))"
                    ],
                    "Workers Planned": 3,
                    "Workers Launched": 3,
                    "Single Copy": false,
                    "Plans": [
                        {
                            "Node Type": "Aggregate",
                            "Strategy": "Plain",
                            "Partial Mode": "Partial",
                            "Parent Relationship": "Outer",
                            "Parallel Aware": false,
                            "Startup Cost": 32136.47,
                            "Total Cost": 32136.48,
                            "Plan Rows": 1,
                            "Plan Width": 8,
                            "Actual Startup Time": 120.936,
                            "Actual Total Time": 120.937,
                            "Actual Rows": 1,
                            "Actual Loops": 4,
                            "Output": [
                                "PARTIAL count(*)"
                            ],
                            "Workers": [
                                {
                                    "Worker Number": 0,
                                    "Actual Startup Time": 118.24,
                                    "Actual Total Time": 118.241,
                                    "Actual Rows": 1,
                                    "Actual Loops": 1
                                },
                                {
                                    "Worker Number": 1,
                                    "Actual Startup Time": 118.666,
                                    "Actual Total Time": 118.667,
                                    "Actual Rows": 1,
                                    "Actual Loops": 1
                                },
                                {
                                    "Worker Number": 2,
                                    "Actual Startup Time": 118.708,
                                    "Actual Total Time": 118.709,
                                    "Actual Rows": 1,
                                    "Actual Loops": 1
                                }
                            ],
                            "Plans": [
                                {
                                    "Node Type": "Seq Scan",
                                    "Parent Relationship": "Outer",
                                    "Parallel Aware": true,
                                    "Relation Name": "movie_companies",
                                    "Schema": "public",
                                    "Alias": "mc",
                                    "Startup Cost": 0.0,
                                    "Total Cost": 31414.82,
                                    "Plan Rows": 288659,
                                    "Plan Width": 0,
                                    "Actual Startup Time": 52.588,
                                    "Actual Total Time": 103.587,
                                    "Actual Rows": 271431,
                                    "Actual Loops": 4,
                                    "Output": [
                                        "id",
                                        "movie_id",
                                        "company_id",
                                        "company_type_id",
                                        "note"
                                    ],
                                    "Filter": "((mc.company_id > 2366) AND (mc.company_type_id = 2))",
                                    "Rows Removed by Filter": 380851,
                                    "Workers": [
                                        {
                                            "Worker Number": 0,
                                            "Actual Startup Time": 49.9,
                                            "Actual Total Time": 101.24,
                                            "Actual Rows": 259157,
                                            "Actual Loops": 1
                                        },
                                        {
                                            "Worker Number": 1,
                                            "Actual Startup Time": 50.317,
                                            "Actual Total Time": 101.549,
                                            "Actual Rows": 261678,
                                            "Actual Loops": 1
                                        },
                                        {
                                            "Worker Number": 2,
                                            "Actual Startup Time": 50.374,
                                            "Actual Total Time": 101.573,
                                            "Actual Rows": 262091,
                                            "Actual Loops": 1
                                        }
                                    ]
                                }
                            ]
                        }
                    ]
                }
            ]
        },
        "Planning Time": 1729.139,
        "Triggers": [],
        "Execution Time": 135.376
    }
]