[
  {
    "Plan": {
      "Node Type": "Aggregate",
      "Strategy": "Plain",
      "Partial Mode": "Finalize",
      "Parallel Aware": false,
      "Startup Cost": 33038.33,
      "Total Cost": 33038.34,
      "Plan Rows": 1,
      "Plan Width": 8,
      "Actual Startup Time": 97.301,
      "Actual Total Time": 103.534,
      "Actual Rows": 1,
      "Actual Loops": 1,
      "Plans": [
        {
          "Node Type": "Gather",
          "Parent Relationship": "Outer",
          "Parallel Aware": false,
          "Startup Cost": 33038.02,
          "Total Cost": 33038.33,
          "Plan Rows": 3,
          "Plan Width": 8,
          "Actual Startup Time": 97.19,
          "Actual Total Time": 103.526,
          "Actual Rows": 4,
          "Actual Loops": 1,
          "Workers Planned": 3,
          "Workers Launched": 3,
          "Single Copy": false,
          "Plans": [
            {
              "Node Type": "Aggregate",
              "Strategy": "Plain",
              "Partial Mode": "Partial",
              "Parent Relationship": "Outer",
              "Parallel Aware": false,
              "Startup Cost": 32038.02,
              "Total Cost": 32038.03,
              "Plan Rows": 1,
              "Plan Width": 8,
              "Actual Startup Time": 88.842,
              "Actual Total Time": 88.843,
              "Actual Rows": 1,
              "Actual Loops": 4,
              "Plans": [
                {
                  "Node Type": "Seq Scan",
                  "Parent Relationship": "Outer",
                  "Parallel Aware": true,
                  "Relation Name": "movie_companies",
                  "Alias": "mc",
                  "Startup Cost": 0.0,
                  "Total Cost": 31414.82,
                  "Plan Rows": 249279,
                  "Plan Width": 0,
                  "Actual Startup Time": 9.169,
                  "Actual Total Time": 81.594,
                  "Actual Rows": 138676,
                  "Actual Loops": 4,
                  "Filter": "((company_id > 5887) AND (company_type_id < 2))",
                  "Rows Removed by Filter": 513606
                }
              ]
            }
          ]
        }
      ]
    },
    "Planning Time": 0.222,
    "Triggers": [],
    "Execution Time": 103.593
  }
]