[
  {
    "Plan": {
      "Node Type": "Aggregate",
      "Strategy": "Plain",
      "Partial Mode": "Finalize",
      "Parallel Aware": false,
      "Startup Cost": 56388.18,
      "Total Cost": 56388.19,
      "Plan Rows": 1,
      "Plan Width": 8,
      "Actual Startup Time": 118.187,
      "Actual Total Time": 133.228,
      "Actual Rows": 1,
      "Actual Loops": 1,
      "Plans": [
        {
          "Node Type": "Gather",
          "Parent Relationship": "Outer",
          "Parallel Aware": false,
          "Startup Cost": 56387.86,
          "Total Cost": 56388.17,
          "Plan Rows": 3,
          "Plan Width": 8,
          "Actual Startup Time": 117.966,
          "Actual Total Time": 133.222,
          "Actual Rows": 4,
          "Actual Loops": 1,
          "Workers Planned": 3,
          "Workers Launched": 3,
          "Single Copy": false,
          "Plans": [
            {
              "Node Type": "Aggregate",
              "Strategy": "Plain",
              "Partial Mode": "Partial",
              "Parent Relationship": "Outer",
              "Parallel Aware": false,
              "Startup Cost": 55387.86,
              "Total Cost": 55387.87,
              "Plan Rows": 1,
              "Plan Width": 8,
              "Actual Startup Time": 114.184,
              "Actual Total Time": 114.187,
              "Actual Rows": 1,
              "Actual Loops": 4,
              "Plans": [
                {
                  "Node Type": "Nested Loop",
                  "Parent Relationship": "Outer",
                  "Parallel Aware": false,
                  "Join Type": "Inner",
                  "Startup Cost": 45492.21,
                  "Total Cost": 55386.19,
                  "Plan Rows": 669,
                  "Plan Width": 0,
                  "Actual Startup Time": 86.12,
                  "Actual Total Time": 113.997,
                  "Actual Rows": 2510,
                  "Actual Loops": 4,
                  "Inner Unique": false,
                  "Join Filter": "(t.id = mi.movie_id)",
                  "Rows Removed by Join Filter": 0,
                  "Plans": [
                    {
                      "Node Type": "Hash Join",
                      "Parent Relationship": "Outer",
                      "Parallel Aware": true,
                      "Join Type": "Inner",
                      "Startup Cost": 45491.78,
                      "Total Cost": 54786.14,
                      "Plan Rows": 114,
                      "Plan Width": 8,
                      "Actual Startup Time": 86.01,
                      "Actual Total Time": 105.404,
                      "Actual Rows": 119,
                      "Actual Loops": 4,
                      "Inner Unique": true,
                      "Hash Cond": "(ci.movie_id = t.id)",
                      "Plans": [
                        {
                          "Node Type": "Index Scan",
                          "Parent Relationship": "Outer",
                          "Parallel Aware": true,
                          "Scan Direction": "Forward",
                          "Index Name": "role_id_cast_info",
                          "Relation Name": "cast_info",
                          "Alias": "ci",
                          "Startup Cost": 0.56,
                          "Total Cost": 9091.72,
                          "Plan Rows": 77410,
                          "Plan Width": 4,
                          "Actual Startup Time": 0.215,
                          "Actual Total Time": 13.545,
                          "Actual Rows": 70250,
                          "Actual Loops": 4,
                          "Index Cond": "(role_id > 10)",
                          "Rows Removed by Index Recheck": 0,
                          "Filter": "(person_id > 859057)",
                          "Rows Removed by Filter": 8779
                        },
                        {
                          "Node Type": "Hash",
                          "Parent Relationship": "Inner",
                          "Parallel Aware": true,
                          "Startup Cost": 45479.59,
                          "Total Cost": 45479.59,
                          "Plan Rows": 930,
                          "Plan Width": 4,
                          "Actual Startup Time": 85.246,
                          "Actual Total Time": 85.246,
                          "Actual Rows": 1146,
                          "Actual Loops": 4,
                          "Hash Buckets": 4096,
                          "Original Hash Buckets": 4096,
                          "Hash Batches": 1,
                          "Original Hash Batches": 1,
                          "Peak Memory Usage": 288,
                          "Plans": [
                            {
                              "Node Type": "Seq Scan",
                              "Parent Relationship": "Outer",
                              "Parallel Aware": true,
                              "Relation Name": "title",
                              "Alias": "t",
                              "Startup Cost": 0.0,
                              "Total Cost": 45479.59,
                              "Plan Rows": 930,
                              "Plan Width": 4,
                              "Actual Startup Time": 54.473,
                              "Actual Total Time": 84.587,
                              "Actual Rows": 1146,
                              "Actual Loops": 4,
                              "Filter": "((kind_id = 1) AND (production_year = 1971))",
                              "Rows Removed by Filter": 630932
                            }
                          ]
                        }
                      ]
                    },
                    {
                      "Node Type": "Index Only Scan",
                      "Parent Relationship": "Inner",
                      "Parallel Aware": false,
                      "Scan Direction": "Forward",
                      "Index Name": "movie_id_movie_info",
                      "Relation Name": "movie_info",
                      "Alias": "mi",
                      "Startup Cost": 0.43,
                      "Total Cost": 4.75,
                      "Plan Rows": 41,
                      "Plan Width": 4,
                      "Actual Startup Time": 0.021,
                      "Actual Total Time": 0.069,
                      "Actual Rows": 21,
                      "Actual Loops": 475,
                      "Index Cond": "(movie_id = ci.movie_id)",
                      "Rows Removed by Index Recheck": 0,
                      "Heap Fetches": 10042
                    }
                  ]
                }
              ]
            }
          ]
        }
      ]
    },
    "Planning Time": 0.548,
    "Triggers": [],
    "Execution Time": 133.277
  }
]