[
  {
    "Plan": {
      "Node Type": "Aggregate",
      "Strategy": "Plain",
      "Partial Mode": "Finalize",
      "Parallel Aware": false,
      "Startup Cost": 32695.87,
      "Total Cost": 32695.88,
      "Plan Rows": 1,
      "Plan Width": 8,
      "Actual Startup Time": 84.418,
      "Actual Total Time": 92.551,
      "Actual Rows": 1,
      "Actual Loops": 1,
      "Plans": [
        {
          "Node Type": "Gather",
          "Parent Relationship": "Outer",
          "Parallel Aware": false,
          "Startup Cost": 32695.55,
          "Total Cost": 32695.86,
          "Plan Rows": 3,
          "Plan Width": 8,
          "Actual Startup Time": 84.307,
          "Actual Total Time": 92.541,
          "Actual Rows": 4,
          "Actual Loops": 1,
          "Workers Planned": 3,
          "Workers Launched": 3,
          "Single Copy": false,
          "Plans": [
            {
              "Node Type": "Aggregate",
              "Strategy": "Plain",
              "Partial Mode": "Partial",
              "Parent Relationship": "Outer",
              "Parallel Aware": false,
              "Startup Cost": 31695.55,
              "Total Cost": 31695.56,
              "Plan Rows": 1,
              "Plan Width": 8,
              "Actual Startup Time": 78.297,
              "Actual Total Time": 78.299,
              "Actual Rows": 1,
              "Actual Loops": 4,
              "Plans": [
                {
                  "Node Type": "Seq Scan",
                  "Parent Relationship": "Outer",
                  "Parallel Aware": true,
                  "Relation Name": "movie_companies",
                  "Alias": "mc",
                  "Startup Cost": 0.0,
                  "Total Cost": 31414.82,
                  "Plan Rows": 112292,
                  "Plan Width": 0,
                  "Actual Startup Time": 28.729,
                  "Actual Total Time": 77.687,
                  "Actual Rows": 10129,
                  "Actual Loops": 4,
                  "Filter": "((company_id > 42054) AND (company_type_id = 1))",
                  "Rows Removed by Filter": 642153
                }
              ]
            }
          ]
        }
      ]
    },
    "Planning Time": 0.188,
    "Triggers": [],
    "Execution Time": 92.603
  }
]