[
  {
    "Plan": {
      "Node Type": "Aggregate",
      "Strategy": "Plain",
      "Partial Mode": "Finalize",
      "Parallel Aware": false,
      "Startup Cost": 295365.74,
      "Total Cost": 295365.75,
      "Plan Rows": 1,
      "Plan Width": 8,
      "Actual Startup Time": 1431.508,
      "Actual Total Time": 1460.086,
      "Actual Rows": 1,
      "Actual Loops": 1,
      "Plans": [
        {
          "Node Type": "Gather",
          "Parent Relationship": "Outer",
          "Parallel Aware": false,
          "Startup Cost": 295365.22,
          "Total Cost": 295365.73,
          "Plan Rows": 5,
          "Plan Width": 8,
          "Actual Startup Time": 1426.493,
          "Actual Total Time": 1460.078,
          "Actual Rows": 6,
          "Actual Loops": 1,
          "Workers Planned": 5,
          "Workers Launched": 5,
          "Single Copy": false,
          "Plans": [
            {
              "Node Type": "Aggregate",
              "Strategy": "Plain",
              "Partial Mode": "Partial",
              "Parent Relationship": "Outer",
              "Parallel Aware": false,
              "Startup Cost": 294365.22,
              "Total Cost": 294365.23,
              "Plan Rows": 1,
              "Plan Width": 8,
              "Actual Startup Time": 1419.187,
              "Actual Total Time": 1419.367,
              "Actual Rows": 1,
              "Actual Loops": 6,
              "Plans": [
                {
                  "Node Type": "Hash Join",
                  "Parent Relationship": "Outer",
                  "Parallel Aware": true,
                  "Join Type": "Inner",
                  "Startup Cost": 84882.61,
                  "Total Cost": 292788.28,
                  "Plan Rows": 630777,
                  "Plan Width": 0,
                  "Actual Startup Time": 330.803,
                  "Actual Total Time": 1227.362,
                  "Actual Rows": 4010508,
                  "Actual Loops": 6,
                  "Inner Unique": false,
                  "Hash Cond": "(mi.movie_id = t.id)",
                  "Plans": [
                    {
                      "Node Type": "Seq Scan",
                      "Parent Relationship": "Outer",
                      "Parallel Aware": true,
                      "Relation Name": "movie_info",
                      "Alias": "mi",
                      "Startup Cost": 0.0,
                      "Total Cost": 198880.74,
                      "Plan Rows": 1986127,
                      "Plan Width": 4,
                      "Actual Startup Time": 16.18,
                      "Actual Total Time": 340.584,
                      "Actual Rows": 1651959,
                      "Actual Loops": 6,
                      "Filter": "(info_type_id > 4)",
                      "Rows Removed by Filter": 820661
                    },
                    {
                      "Node Type": "Hash",
                      "Parent Relationship": "Inner",
                      "Parallel Aware": true,
                      "Startup Cost": 82373.31,
                      "Total Cost": 82373.31,
                      "Plan Rows": 200744,
                      "Plan Width": 8,
                      "Actual Startup Time": 310.33,
                      "Actual Total Time": 310.508,
                      "Actual Rows": 99087,
                      "Actual Loops": 6,
                      "Hash Buckets": 1048576,
                      "Original Hash Buckets": 1048576,
                      "Hash Batches": 1,
                      "Original Hash Batches": 1,
                      "Peak Memory Usage": 31488,
                      "Plans": [
                        {
                          "Node Type": "Hash Join",
                          "Parent Relationship": "Outer",
                          "Parallel Aware": true,
                          "Join Type": "Inner",
                          "Startup Cost": 34833.99,
                          "Total Cost": 82373.31,
                          "Plan Rows": 200744,
                          "Plan Width": 8,
                          "Actual Startup Time": 105.477,
                          "Actual Total Time": 278.437,
                          "Actual Rows": 99087,
                          "Actual Loops": 6,
                          "Inner Unique": false,
                          "Hash Cond": "(t.id = mc.movie_id)",
                          "Plans": [
                            {
                              "Node Type": "Seq Scan",
                              "Parent Relationship": "Outer",
                              "Parallel Aware": true,
                              "Relation Name": "title",
                              "Alias": "t",
                              "Startup Cost": 0.0,
                              "Total Cost": 43899.01,
                              "Plan Rows": 598551,
                              "Plan Width": 4,
                              "Actual Startup Time": 0.019,
                              "Actual Total Time": 76.564,
                              "Actual Rows": 399395,
                              "Actual Loops": 6,
                              "Filter": "(production_year > 1914)",
                              "Rows Removed by Filter": 21990
                            },
                            {
                              "Node Type": "Hash",
                              "Parent Relationship": "Inner",
                              "Parallel Aware": true,
                              "Startup Cost": 31414.82,
                              "Total Cost": 31414.82,
                              "Plan Rows": 273534,
                              "Plan Width": 4,
                              "Actual Startup Time": 103.754,
                              "Actual Total Time": 103.755,
                              "Actual Rows": 109032,
                              "Actual Loops": 6,
                              "Hash Buckets": 1048576,
                              "Original Hash Buckets": 1048576,
                              "Hash Batches": 1,
                              "Original Hash Batches": 1,
                              "Peak Memory Usage": 33920,
                              "Plans": [
                                {
                                  "Node Type": "Seq Scan",
                                  "Parent Relationship": "Outer",
                                  "Parallel Aware": true,
                                  "Relation Name": "movie_companies",
                                  "Alias": "mc",
                                  "Startup Cost": 0.0,
                                  "Total Cost": 31414.82,
                                  "Plan Rows": 273534,
                                  "Plan Width": 4,
                                  "Actual Startup Time": 1.073,
                                  "Actual Total Time": 60.647,
                                  "Actual Rows": 109032,
                                  "Actual Loops": 6,
                                  "Filter": "((company_id > 2587) AND (company_type_id < 2))",
                                  "Rows Removed by Filter": 325823
                                }
                              ]
                            }
                          ]
                        }
                      ]
                    }
                  ]
                }
              ]
            }
          ]
        }
      ]
    },
    "Planning Time": 0.559,
    "Triggers": [],
    "Execution Time": 1460.133
  }
]