[
  {
    "Plan": {
      "Node Type": "Aggregate",
      "Strategy": "Plain",
      "Partial Mode": "Finalize",
      "Parallel Aware": false,
      "Startup Cost": 46131.78,
      "Total Cost": 46131.79,
      "Plan Rows": 1,
      "Plan Width": 8,
      "Actual Startup Time": 151.573,
      "Actual Total Time": 161.519,
      "Actual Rows": 1,
      "Actual Loops": 1,
      "Plans": [
        {
          "Node Type": "Gather",
          "Parent Relationship": "Outer",
          "Parallel Aware": false,
          "Startup Cost": 46131.47,
          "Total Cost": 46131.78,
          "Plan Rows": 3,
          "Plan Width": 8,
          "Actual Startup Time": 151.446,
          "Actual Total Time": 161.511,
          "Actual Rows": 4,
          "Actual Loops": 1,
          "Workers Planned": 3,
          "Workers Launched": 3,
          "Single Copy": false,
          "Plans": [
            {
              "Node Type": "Aggregate",
              "Strategy": "Plain",
              "Partial Mode": "Partial",
              "Parent Relationship": "Outer",
              "Parallel Aware": false,
              "Startup Cost": 45131.47,
              "Total Cost": 45131.48,
              "Plan Rows": 1,
              "Plan Width": 8,
              "Actual Startup Time": 145.981,
              "Actual Total Time": 145.982,
              "Actual Rows": 1,
              "Actual Loops": 4,
              "Plans": [
                {
                  "Node Type": "Seq Scan",
                  "Parent Relationship": "Outer",
                  "Parallel Aware": true,
                  "Relation Name": "movie_keyword",
                  "Alias": "mk",
                  "Startup Cost": 0.0,
                  "Total Cost": 42695.65,
                  "Plan Rows": 974325,
                  "Plan Width": 0,
                  "Actual Startup Time": 0.215,
                  "Actual Total Time": 114.91,
                  "Actual Rows": 750818,
                  "Actual Loops": 4,
                  "Filter": "(keyword_id > 2199)",
                  "Rows Removed by Filter": 380164
                }
              ]
            }
          ]
        }
      ]
    },
    "Planning Time": 0.179,
    "Triggers": [],
    "Execution Time": 161.571
  }
]