[
  {
    "Plan": {
      "Node Type": "Aggregate",
      "Strategy": "Plain",
      "Partial Mode": "Finalize",
      "Parallel Aware": false,
      "Startup Cost": 23704.41,
      "Total Cost": 23704.42,
      "Plan Rows": 1,
      "Plan Width": 8,
      "Actual Startup Time": 49.618,
      "Actual Total Time": 53.567,
      "Actual Rows": 1,
      "Actual Loops": 1,
      "Plans": [
        {
          "Node Type": "Gather",
          "Parent Relationship": "Outer",
          "Parallel Aware": false,
          "Startup Cost": 23704.1,
          "Total Cost": 23704.41,
          "Plan Rows": 3,
          "Plan Width": 8,
          "Actual Startup Time": 49.387,
          "Actual Total Time": 53.561,
          "Actual Rows": 4,
          "Actual Loops": 1,
          "Workers Planned": 3,
          "Workers Launched": 3,
          "Single Copy": false,
          "Plans": [
            {
              "Node Type": "Aggregate",
              "Strategy": "Plain",
              "Partial Mode": "Partial",
              "Parent Relationship": "Outer",
              "Parallel Aware": false,
              "Startup Cost": 22704.1,
              "Total Cost": 22704.11,
              "Plan Rows": 1,
              "Plan Width": 8,
              "Actual Startup Time": 40.511,
              "Actual Total Time": 40.512,
              "Actual Rows": 1,
              "Actual Loops": 4,
              "Plans": [
                {
                  "Node Type": "Bitmap Heap Scan",
                  "Parent Relationship": "Outer",
                  "Parallel Aware": true,
                  "Relation Name": "movie_companies",
                  "Alias": "mc",
                  "Startup Cost": 3200.07,
                  "Total Cost": 22585.09,
                  "Plan Rows": 47602,
                  "Plan Width": 0,
                  "Actual Startup Time": 13.225,
                  "Actual Total Time": 37.042,
                  "Actual Rows": 36051,
                  "Actual Loops": 4,
                  "Recheck Cond": "(company_id > 134550)",
                  "Rows Removed by Index Recheck": 0,
                  "Exact Heap Blocks": 2245,
                  "Lossy Heap Blocks": 0,
                  "Plans": [
                    {
                      "Node Type": "Bitmap Index Scan",
                      "Parent Relationship": "Outer",
                      "Parallel Aware": false,
                      "Index Name": "company_id_movie_companies",
                      "Startup Cost": 0.0,
                      "Total Cost": 3163.17,
                      "Plan Rows": 147566,
                      "Plan Width": 0,
                      "Actual Startup Time": 19.889,
                      "Actual Total Time": 19.889,
                      "Actual Rows": 144203,
                      "Actual Loops": 1,
                      "Index Cond": "(company_id > 134550)"
                    }
                  ]
                }
              ]
            }
          ]
        }
      ]
    },
    "Planning Time": 0.165,
    "Triggers": [],
    "Execution Time": 53.633
  }
]