[
  {
    "Plan": {
      "Node Type": "Aggregate",
      "Strategy": "Plain",
      "Partial Mode": "Finalize",
      "Parallel Aware": false,
      "Startup Cost": 147762.91,
      "Total Cost": 147762.92,
      "Plan Rows": 1,
      "Plan Width": 8,
      "Actual Startup Time": 615.613,
      "Actual Total Time": 638.98,
      "Actual Rows": 1,
      "Actual Loops": 1,
      "Plans": [
        {
          "Node Type": "Gather",
          "Parent Relationship": "Outer",
          "Parallel Aware": false,
          "Startup Cost": 147762.59,
          "Total Cost": 147762.9,
          "Plan Rows": 3,
          "Plan Width": 8,
          "Actual Startup Time": 615.142,
          "Actual Total Time": 638.973,
          "Actual Rows": 4,
          "Actual Loops": 1,
          "Workers Planned": 3,
          "Workers Launched": 3,
          "Single Copy": false,
          "Plans": [
            {
              "Node Type": "Aggregate",
              "Strategy": "Plain",
              "Partial Mode": "Partial",
              "Parent Relationship": "Outer",
              "Parallel Aware": false,
              "Startup Cost": 146762.59,
              "Total Cost": 146762.6,
              "Plan Rows": 1,
              "Plan Width": 8,
              "Actual Startup Time": 611.548,
              "Actual Total Time": 611.552,
              "Actual Rows": 1,
              "Actual Loops": 4,
              "Plans": [
                {
                  "Node Type": "Nested Loop",
                  "Parent Relationship": "Outer",
                  "Parallel Aware": false,
                  "Join Type": "Inner",
                  "Startup Cost": 38873.06,
                  "Total Cost": 146308.48,
                  "Plan Rows": 181646,
                  "Plan Width": 0,
                  "Actual Startup Time": 72.94,
                  "Actual Total Time": 585.536,
                  "Actual Rows": 582874,
                  "Actual Loops": 4,
                  "Inner Unique": false,
                  "Join Filter": "(t.id = mi.movie_id)",
                  "Rows Removed by Join Filter": 0,
                  "Plans": [
                    {
                      "Node Type": "Hash Join",
                      "Parent Relationship": "Outer",
                      "Parallel Aware": true,
                      "Join Type": "Inner",
                      "Startup Cost": 38872.62,
                      "Total Cost": 83316.59,
                      "Plan Rows": 31125,
                      "Plan Width": 8,
                      "Actual Startup Time": 72.875,
                      "Actual Total Time": 192.385,
                      "Actual Rows": 55323,
                      "Actual Loops": 4,
                      "Inner Unique": true,
                      "Hash Cond": "(mk.movie_id = t.id)",
                      "Plans": [
                        {
                          "Node Type": "Seq Scan",
                          "Parent Relationship": "Outer",
                          "Parallel Aware": true,
                          "Relation Name": "movie_keyword",
                          "Alias": "mk",
                          "Startup Cost": 0.0,
                          "Total Cost": 42695.65,
                          "Plan Rows": 666025,
                          "Plan Width": 4,
                          "Actual Startup Time": 0.011,
                          "Actual Total Time": 94.628,
                          "Actual Rows": 514683,
                          "Actual Loops": 4,
                          "Filter": "(keyword_id < 3661)",
                          "Rows Removed by Filter": 616299
                        },
                        {
                          "Node Type": "Hash",
                          "Parent Relationship": "Inner",
                          "Parallel Aware": true,
                          "Startup Cost": 38503.39,
                          "Total Cost": 38503.39,
                          "Plan Rows": 29539,
                          "Plan Width": 4,
                          "Actual Startup Time": 45.853,
                          "Actual Total Time": 45.854,
                          "Actual Rows": 29558,
                          "Actual Loops": 4,
                          "Hash Buckets": 131072,
                          "Original Hash Buckets": 131072,
                          "Hash Batches": 1,
                          "Original Hash Batches": 1,
                          "Peak Memory Usage": 5696,
                          "Plans": [
                            {
                              "Node Type": "Bitmap Heap Scan",
                              "Parent Relationship": "Outer",
                              "Parallel Aware": true,
                              "Relation Name": "title",
                              "Alias": "t",
                              "Startup Cost": 2136.15,
                              "Total Cost": 38503.39,
                              "Plan Rows": 29539,
                              "Plan Width": 4,
                              "Actual Startup Time": 9.356,
                              "Actual Total Time": 36.236,
                              "Actual Rows": 29558,
                              "Actual Loops": 4,
                              "Recheck Cond": "(kind_id = 4)",
                              "Rows Removed by Index Recheck": 0,
                              "Exact Heap Blocks": 5524,
                              "Lossy Heap Blocks": 0,
                              "Plans": [
                                {
                                  "Node Type": "Bitmap Index Scan",
                                  "Parent Relationship": "Outer",
                                  "Parallel Aware": false,
                                  "Index Name": "kind_id_title",
                                  "Startup Cost": 0.0,
                                  "Total Cost": 2106.61,
                                  "Plan Rows": 118157,
                                  "Plan Width": 0,
                                  "Actual Startup Time": 8.111,
                                  "Actual Total Time": 8.111,
                                  "Actual Rows": 118234,
                                  "Actual Loops": 1,
                                  "Index Cond": "(kind_id = 4)"
                                }
                              ]
                            }
                          ]
                        }
                      ]
                    },
                    {
                      "Node Type": "Index Only Scan",
                      "Parent Relationship": "Inner",
                      "Parallel Aware": false,
                      "Scan Direction": "Forward",
                      "Index Name": "movie_id_movie_info",
                      "Relation Name": "movie_info",
                      "Alias": "mi",
                      "Startup Cost": 0.43,
                      "Total Cost": 1.54,
                      "Plan Rows": 39,
                      "Plan Width": 4,
                      "Actual Startup Time": 0.002,
                      "Actual Total Time": 0.006,
                      "Actual Rows": 11,
                      "Actual Loops": 221291,
                      "Index Cond": "(movie_id = mk.movie_id)",
                      "Rows Removed by Index Recheck": 0,
                      "Heap Fetches": 2331496
                    }
                  ]
                }
              ]
            }
          ]
        }
      ]
    },
    "Planning Time": 0.626,
    "Triggers": [],
    "Execution Time": 639.038
  }
]