[
    {
        "Bao": {
            "Bao prediction": "NaN",
            "Bao recommended hint": "(no hint)"
        }
    },
    {
        "Plan": {
            "Node Type": "Aggregate",
            "Strategy": "Plain",
            "Partial Mode": "Finalize",
            "Parallel Aware": false,
            "Startup Cost": 248740.87,
            "Total Cost": 248740.88,
            "Plan Rows": 1,
            "Plan Width": 8,
            "Actual Startup Time": 670.127,
            "Actual Total Time": 694.4,
            "Actual Rows": 1,
            "Actual Loops": 1,
            "Output": [
                "count(*)"
            ],
            "Plans": [
                {
                    "Node Type": "Gather",
                    "Parent Relationship": "Outer",
                    "Parallel Aware": false,
                    "Startup Cost": 248740.35,
                    "Total Cost": 248740.86,
                    "Plan Rows": 5,
                    "Plan Width": 8,
                    "Actual Startup Time": 666.605,
                    "Actual Total Time": 694.388,
                    "Actual Rows": 6,
                    "Actual Loops": 1,
                    "Output": [
                        "(PARTIAL count(*))"
                    ],
                    "Workers Planned": 5,
                    "Workers Launched": 5,
                    "Single Copy": false,
                    "Plans": [
                        {
                            "Node Type": "Aggregate",
                            "Strategy": "Plain",
                            "Partial Mode": "Partial",
                            "Parent Relationship": "Outer",
                            "Parallel Aware": false,
                            "Startup Cost": 247740.35,
                            "Total Cost": 247740.36,
                            "Plan Rows": 1,
                            "Plan Width": 8,
                            "Actual Startup Time": 657.022,
                            "Actual Total Time": 657.025,
                            "Actual Rows": 1,
                            "Actual Loops": 6,
                            "Output": [
                                "PARTIAL count(*)"
                            ],
                            "Workers": [
                                {
                                    "Worker Number": 0,
                                    "Actual Startup Time": 654.434,
                                    "Actual Total Time": 654.437,
                                    "Actual Rows": 1,
                                    "Actual Loops": 1
                                },
                                {
                                    "Worker Number": 1,
                                    "Actual Startup Time": 654.847,
                                    "Actual Total Time": 654.851,
                                    "Actual Rows": 1,
                                    "Actual Loops": 1
                                },
                                {
                                    "Worker Number": 2,
                                    "Actual Startup Time": 655.373,
                                    "Actual Total Time": 655.376,
                                    "Actual Rows": 1,
                                    "Actual Loops": 1
                                },
                                {
                                    "Worker Number": 3,
                                    "Actual Startup Time": 655.637,
                                    "Actual Total Time": 655.639,
                                    "Actual Rows": 1,
                                    "Actual Loops": 1
                                },
                                {
                                    "Worker Number": 4,
                                    "Actual Startup Time": 655.631,
                                    "Actual Total Time": 655.634,
                                    "Actual Rows": 1,
                                    "Actual Loops": 1
                                }
                            ],
                            "Plans": [
                                {
                                    "Node Type": "Hash Join",
                                    "Parent Relationship": "Outer",
                                    "Parallel Aware": true,
                                    "Join Type": "Inner",
                                    "Startup Cost": 45563.04,
                                    "Total Cost": 247189.59,
                                    "Plan Rows": 220303,
                                    "Plan Width": 0,
                                    "Actual Startup Time": 142.05,
                                    "Actual Total Time": 646.93,
                                    "Actual Rows": 160507,
                                    "Actual Loops": 6,
                                    "Inner Unique": true,
                                    "Hash Cond": "(mi.movie_id = t.id)",
                                    "Workers": [
                                        {
                                            "Worker Number": 0,
                                            "Actual Startup Time": 139.707,
                                            "Actual Total Time": 643.797,
                                            "Actual Rows": 137882,
                                            "Actual Loops": 1
                                        },
                                        {
                                            "Worker Number": 1,
                                            "Actual Startup Time": 139.391,
                                            "Actual Total Time": 644.593,
                                            "Actual Rows": 131687,
                                            "Actual Loops": 1
                                        },
                                        {
                                            "Worker Number": 2,
                                            "Actual Startup Time": 140.556,
                                            "Actual Total Time": 644.792,
                                            "Actual Rows": 136333,
                                            "Actual Loops": 1
                                        },
                                        {
                                            "Worker Number": 3,
                                            "Actual Startup Time": 140.693,
                                            "Actual Total Time": 644.971,
                                            "Actual Rows": 138502,
                                            "Actual Loops": 1
                                        },
                                        {
                                            "Worker Number": 4,
                                            "Actual Startup Time": 140.679,
                                            "Actual Total Time": 646.364,
                                            "Actual Rows": 196439,
                                            "Actual Loops": 1
                                        }
                                    ],
                                    "Plans": [
                                        {
                                            "Node Type": "Seq Scan",
                                            "Parent Relationship": "Outer",
                                            "Parallel Aware": true,
                                            "Relation Name": "movie_info",
                                            "Schema": "public",
                                            "Alias": "mi",
                                            "Startup Cost": 0.0,
                                            "Total Cost": 198880.74,
                                            "Plan Rows": 1046023,
                                            "Plan Width": 4,
                                            "Actual Startup Time": 17.218,
                                            "Actual Total Time": 345.389,
                                            "Actual Rows": 878428,
                                            "Actual Loops": 6,
                                            "Output": [
                                                "mi.id",
                                                "mi.movie_id",
                                                "mi.info_type_id",
                                                "mi.info",
                                                "mi.note"
                                            ],
                                            "Filter": "(mi.info_type_id > 15)",
                                            "Rows Removed by Filter": 1594192,
                                            "Workers": [
                                                {
                                                    "Worker Number": 0,
                                                    "Actual Startup Time": 17.15,
                                                    "Actual Total Time": 354.271,
                                                    "Actual Rows": 737340,
                                                    "Actual Loops": 1
                                                },
                                                {
                                                    "Worker Number": 1,
                                                    "Actual Startup Time": 17.151,
                                                    "Actual Total Time": 352.263,
                                                    "Actual Rows": 715473,
                                                    "Actual Loops": 1
                                                },
                                                {
                                                    "Worker Number": 2,
                                                    "Actual Startup Time": 17.233,
                                                    "Actual Total Time": 355.06,
                                                    "Actual Rows": 739919,
                                                    "Actual Loops": 1
                                                },
                                                {
                                                    "Worker Number": 3,
                                                    "Actual Startup Time": 17.25,
                                                    "Actual Total Time": 355.42,
                                                    "Actual Rows": 743813,
                                                    "Actual Loops": 1
                                                },
                                                {
                                                    "Worker Number": 4,
                                                    "Actual Startup Time": 17.254,
                                                    "Actual Total Time": 341.98,
                                                    "Actual Rows": 1091367,
                                                    "Actual Loops": 1
                                                }
                                            ]
                                        },
                                        {
                                            "Node Type": "Hash",
                                            "Parent Relationship": "Inner",
                                            "Parallel Aware": true,
                                            "Startup Cost": 43899.01,
                                            "Total Cost": 43899.01,
                                            "Plan Rows": 133123,
                                            "Plan Width": 4,
                                            "Actual Startup Time": 122.286,
                                            "Actual Total Time": 122.287,
                                            "Actual Rows": 88895,
                                            "Actual Loops": 6,
                                            "Output": [
                                                "t.id"
                                            ],
                                            "Hash Buckets": 1048576,
                                            "Original Hash Buckets": 1048576,
                                            "Hash Batches": 1,
                                            "Original Hash Batches": 1,
                                            "Peak Memory Usage": 29120,
                                            "Workers": [
                                                {
                                                    "Worker Number": 0,
                                                    "Actual Startup Time": 121.482,
                                                    "Actual Total Time": 121.483,
                                                    "Actual Rows": 70291,
                                                    "Actual Loops": 1
                                                },
                                                {
                                                    "Worker Number": 1,
                                                    "Actual Startup Time": 121.281,
                                                    "Actual Total Time": 121.282,
                                                    "Actual Rows": 66253,
                                                    "Actual Loops": 1
                                                },
                                                {
                                                    "Worker Number": 2,
                                                    "Actual Startup Time": 122.394,
                                                    "Actual Total Time": 122.395,
                                                    "Actual Rows": 70851,
                                                    "Actual Loops": 1
                                                },
                                                {
                                                    "Worker Number": 3,
                                                    "Actual Startup Time": 122.508,
                                                    "Actual Total Time": 122.509,
                                                    "Actual Rows": 71329,
                                                    "Actual Loops": 1
                                                },
                                                {
                                                    "Worker Number": 4,
                                                    "Actual Startup Time": 122.444,
                                                    "Actual Total Time": 122.445,
                                                    "Actual Rows": 98892,
                                                    "Actual Loops": 1
                                                }
                                            ],
                                            "Plans": [
                                                {
                                                    "Node Type": "Seq Scan",
                                                    "Parent Relationship": "Outer",
                                                    "Parallel Aware": true,
                                                    "Relation Name": "title",
                                                    "Schema": "public",
                                                    "Alias": "t",
                                                    "Startup Cost": 0.0,
                                                    "Total Cost": 43899.01,
                                                    "Plan Rows": 133123,
                                                    "Plan Width": 4,
                                                    "Actual Startup Time": 0.04,
                                                    "Actual Total Time": 82.433,
                                                    "Actual Rows": 88895,
                                                    "Actual Loops": 6,
                                                    "Output": [
                                                        "t.id"
                                                    ],
                                                    "Filter": "(t.production_year > 2009)",
                                                    "Rows Removed by Filter": 332490,
                                                    "Workers": [
                                                        {
                                                            "Worker Number": 0,
                                                            "Actual Startup Time": 0.044,
                                                            "Actual Total Time": 84.017,
                                                            "Actual Rows": 70291,
                                                            "Actual Loops": 1
                                                        },
                                                        {
                                                            "Worker Number": 1,
                                                            "Actual Startup Time": 0.047,
                                                            "Actual Total Time": 84.348,
                                                            "Actual Rows": 66253,
                                                            "Actual Loops": 1
                                                        },
                                                        {
                                                            "Worker Number": 2,
                                                            "Actual Startup Time": 0.044,
                                                            "Actual Total Time": 85.046,
                                                            "Actual Rows": 70851,
                                                            "Actual Loops": 1
                                                        },
                                                        {
                                                            "Worker Number": 3,
                                                            "Actual Startup Time": 0.045,
                                                            "Actual Total Time": 84.957,
                                                            "Actual Rows": 71329,
                                                            "Actual Loops": 1
                                                        },
                                                        {
                                                            "Worker Number": 4,
                                                            "Actual Startup Time": 0.044,
                                                            "Actual Total Time": 82.027,
                                                            "Actual Rows": 98892,
                                                            "Actual Loops": 1
                                                        }
                                                    ]
                                                }
                                            ]
                                        }
                                    ]
                                }
                            ]
                        }
                    ]
                }
            ]
        },
        "Planning Time": 185.695,
        "Triggers": [],
        "Execution Time": 694.466
    }
]