{
  "Plan": {
    "Node Type": "Aggregate",
    "Strategy": "Plain",
    "Partial Mode": "Finalize",
    "Parallel Aware": false,
    "Startup Cost": 344000.02,
    "Total Cost": 344000.03,
    "Plan Rows": 1,
    "Plan Width": 8,
    "Actual Startup Time": 1404.287,
    "Actual Total Time": 1445.518,
    "Actual Rows": 1,
    "Actual Loops": 1,
    "Plans": [
      {
        "Node Type": "Gather",
        "Parent Relationship": "Outer",
        "Parallel Aware": false,
        "Startup Cost": 343999.91,
        "Total Cost": 344000.02,
        "Plan Rows": 1,
        "Plan Width": 8,
        "Actual Startup Time": 1403.982,
        "Actual Total Time": 1445.507,
        "Actual Rows": 2,
        "Actual Loops": 1,
        "Workers Planned": 1,
        "Workers Launched": 1,
        "Single Copy": false,
        "Plans": [
          {
            "Node Type": "Aggregate",
            "Strategy": "Plain",
            "Partial Mode": "Partial",
            "Parent Relationship": "Outer",
            "Parallel Aware": false,
            "Startup Cost": 342999.91,
            "Total Cost": 342999.92,
            "Plan Rows": 1,
            "Plan Width": 8,
            "Actual Startup Time": 1398.213,
            "Actual Total Time": 1398.218,
            "Actual Rows": 1,
            "Actual Loops": 2,
            "Plans": [
              {
                "Node Type": "Hash Join",
                "Parent Relationship": "Outer",
                "Parallel Aware": true,
                "Join Type": "Inner",
                "Startup Cost": 58402.99,
                "Total Cost": 342931.51,
                "Plan Rows": 27361,
                "Plan Width": 0,
                "Actual Startup Time": 211.098,
                "Actual Total Time": 1395.602,
                "Actual Rows": 41068,
                "Actual Loops": 2,
                "Inner Unique": true,
                "Hash Cond": "(mi.movie_id = t.id)",
                "Plans": [
                  {
                    "Node Type": "Seq Scan",
                    "Parent Relationship": "Outer",
                    "Parallel Aware": true,
                    "Relation Name": "movie_info",
                    "Alias": "mi",
                    "Startup Cost": 0.0,
                    "Total Cost": 270696.42,
                    "Plan Rows": 5269362,
                    "Plan Width": 4,
                    "Actual Startup Time": 41.571,
                    "Actual Total Time": 851.196,
                    "Actual Rows": 4475378,
                    "Actual Loops": 2,
                    "Filter": "(info_type_id > 6)",
                    "Rows Removed by Filter": 2942482
                  },
                  {
                    "Node Type": "Hash",
                    "Parent Relationship": "Inner",
                    "Parallel Aware": true,
                    "Startup Cost": 58306.47,
                    "Total Cost": 58306.47,
                    "Plan Rows": 7722,
                    "Plan Width": 4,
                    "Actual Startup Time": 168.119,
                    "Actual Total Time": 168.12,
                    "Actual Rows": 5192,
                    "Actual Loops": 2,
                    "Hash Buckets": 16384,
                    "Original Hash Buckets": 16384,
                    "Hash Batches": 1,
                    "Original Hash Batches": 1,
                    "Peak Memory Usage": 544,
                    "Plans": [
                      {
                        "Node Type": "Seq Scan",
                        "Parent Relationship": "Outer",
                        "Parallel Aware": true,
                        "Relation Name": "title",
                        "Alias": "t",
                        "Startup Cost": 0.0,
                        "Total Cost": 58306.47,
                        "Plan Rows": 7722,
                        "Plan Width": 4,
                        "Actual Startup Time": 0.372,
                        "Actual Total Time": 165.76,
                        "Actual Rows": 5192,
                        "Actual Loops": 2,
                        "Filter": "((kind_id < 4) AND (production_year = 1997))",
                        "Rows Removed by Filter": 1258964
                      }
                    ]
                  }
                ]
              }
            ]
          }
        ]
      }
    ]
  },
  "Planning Time": 0.47,
  "Triggers": [],
  "Execution Time": 1445.599
}