[
  {
    "Plan": {
      "Node Type": "Aggregate",
      "Strategy": "Plain",
      "Partial Mode": "Finalize",
      "Parallel Aware": false,
      "Startup Cost": 241164.98,
      "Total Cost": 241164.99,
      "Plan Rows": 1,
      "Plan Width": 8,
      "Actual Startup Time": 2298.361,
      "Actual Total Time": 2373.633,
      "Actual Rows": 1,
      "Actual Loops": 1,
      "Plans": [
        {
          "Node Type": "Gather",
          "Parent Relationship": "Outer",
          "Parallel Aware": false,
          "Startup Cost": 241164.46,
          "Total Cost": 241164.97,
          "Plan Rows": 5,
          "Plan Width": 8,
          "Actual Startup Time": 2293.816,
          "Actual Total Time": 2373.623,
          "Actual Rows": 6,
          "Actual Loops": 1,
          "Workers Planned": 5,
          "Workers Launched": 5,
          "Single Copy": false,
          "Plans": [
            {
              "Node Type": "Aggregate",
              "Strategy": "Plain",
              "Partial Mode": "Partial",
              "Parent Relationship": "Outer",
              "Parallel Aware": false,
              "Startup Cost": 240164.46,
              "Total Cost": 240164.47,
              "Plan Rows": 1,
              "Plan Width": 8,
              "Actual Startup Time": 2282.528,
              "Actual Total Time": 2282.531,
              "Actual Rows": 1,
              "Actual Loops": 6,
              "Plans": [
                {
                  "Node Type": "Nested Loop",
                  "Parent Relationship": "Outer",
                  "Parallel Aware": false,
                  "Join Type": "Inner",
                  "Startup Cost": 97533.44,
                  "Total Cost": 238926.87,
                  "Plan Rows": 495035,
                  "Plan Width": 0,
                  "Actual Startup Time": 423.165,
                  "Actual Total Time": 2193.539,
                  "Actual Rows": 1739450,
                  "Actual Loops": 6,
                  "Inner Unique": false,
                  "Join Filter": "(t.id = ci.movie_id)",
                  "Rows Removed by Join Filter": 0,
                  "Plans": [
                    {
                      "Node Type": "Merge Join",
                      "Parent Relationship": "Outer",
                      "Parallel Aware": false,
                      "Join Type": "Inner",
                      "Startup Cost": 97532.88,
                      "Total Cost": 142728.59,
                      "Plan Rows": 34548,
                      "Plan Width": 8,
                      "Actual Startup Time": 423.065,
                      "Actual Total Time": 626.673,
                      "Actual Rows": 67442,
                      "Actual Loops": 6,
                      "Inner Unique": true,
                      "Merge Cond": "(mi_idx.movie_id = t.id)",
                      "Plans": [
                        {
                          "Node Type": "Index Only Scan",
                          "Parent Relationship": "Outer",
                          "Parallel Aware": true,
                          "Scan Direction": "Forward",
                          "Index Name": "movie_id_movie_info_idx",
                          "Relation Name": "movie_info_idx",
                          "Alias": "mi_idx",
                          "Startup Cost": 0.43,
                          "Total Cost": 42579.94,
                          "Plan Rows": 276007,
                          "Plan Width": 4,
                          "Actual Startup Time": 0.422,
                          "Actual Total Time": 69.831,
                          "Actual Rows": 230006,
                          "Actual Loops": 6,
                          "Heap Fetches": 1380035
                        },
                        {
                          "Node Type": "Sort",
                          "Parent Relationship": "Inner",
                          "Parallel Aware": false,
                          "Startup Cost": 97532.42,
                          "Total Cost": 98323.58,
                          "Plan Rows": 316465,
                          "Plan Width": 4,
                          "Actual Startup Time": 422.606,
                          "Actual Total Time": 499.875,
                          "Actual Rows": 432370,
                          "Actual Loops": 6,
                          "Sort Key": [
                            "t.id"
                          ],
                          "Sort Method": "quicksort",
                          "Sort Space Used": 32602,
                          "Sort Space Type": "Memory",
                          "Workers": [
                            {
                              "Worker Number": 0,
                              "Sort Method": "quicksort",
                              "Sort Space Used": 32602,
                              "Sort Space Type": "Memory"
                            },
                            {
                              "Worker Number": 1,
                              "Sort Method": "quicksort",
                              "Sort Space Used": 32602,
                              "Sort Space Type": "Memory"
                            },
                            {
                              "Worker Number": 2,
                              "Sort Method": "quicksort",
                              "Sort Space Used": 32602,
                              "Sort Space Type": "Memory"
                            },
                            {
                              "Worker Number": 3,
                              "Sort Method": "quicksort",
                              "Sort Space Used": 32602,
                              "Sort Space Type": "Memory"
                            },
                            {
                              "Worker Number": 4,
                              "Sort Method": "quicksort",
                              "Sort Space Used": 32602,
                              "Sort Space Type": "Memory"
                            }
                          ],
                          "Plans": [
                            {
                              "Node Type": "Bitmap Heap Scan",
                              "Parent Relationship": "Outer",
                              "Parallel Aware": false,
                              "Relation Name": "title",
                              "Alias": "t",
                              "Startup Cost": 17751.26,
                              "Total Cost": 68620.68,
                              "Plan Rows": 316465,
                              "Plan Width": 4,
                              "Actual Startup Time": 124.148,
                              "Actual Total Time": 303.333,
                              "Actual Rows": 433359,
                              "Actual Loops": 6,
                              "Recheck Cond": "(kind_id < 7)",
                              "Rows Removed by Index Recheck": 0,
                              "Filter": "(production_year < 1995)",
                              "Rows Removed by Filter": 551689,
                              "Exact Heap Blocks": 35472,
                              "Lossy Heap Blocks": 0,
                              "Plans": [
                                {
                                  "Node Type": "Bitmap Index Scan",
                                  "Parent Relationship": "Outer",
                                  "Parallel Aware": false,
                                  "Index Name": "kind_id_title",
                                  "Startup Cost": 0.0,
                                  "Total Cost": 17672.14,
                                  "Plan Rows": 991428,
                                  "Plan Width": 0,
                                  "Actual Startup Time": 118.669,
                                  "Actual Total Time": 118.669,
                                  "Actual Rows": 985048,
                                  "Actual Loops": 6,
                                  "Index Cond": "(kind_id < 7)"
                                }
                              ]
                            }
                          ]
                        }
                      ]
                    },
                    {
                      "Node Type": "Index Only Scan",
                      "Parent Relationship": "Inner",
                      "Parallel Aware": false,
                      "Scan Direction": "Forward",
                      "Index Name": "movie_id_cast_info",
                      "Relation Name": "cast_info",
                      "Alias": "ci",
                      "Startup Cost": 0.56,
                      "Total Cost": 2.32,
                      "Plan Rows": 37,
                      "Plan Width": 4,
                      "Actual Startup Time": 0.004,
                      "Actual Total Time": 0.021,
                      "Actual Rows": 26,
                      "Actual Loops": 404651,
                      "Index Cond": "(movie_id = mi_idx.movie_id)",
                      "Rows Removed by Index Recheck": 0,
                      "Heap Fetches": 10436703
                    }
                  ]
                }
              ]
            }
          ]
        }
      ]
    },
    "Planning Time": 1.378,
    "Triggers": [],
    "Execution Time": 2378.421
  }
]