[
  {
    "Plan": {
      "Node Type": "Aggregate",
      "Strategy": "Plain",
      "Partial Mode": "Finalize",
      "Parallel Aware": false,
      "Startup Cost": 351902.2,
      "Total Cost": 351902.21,
      "Plan Rows": 1,
      "Plan Width": 8,
      "Actual Startup Time": 734.917,
      "Actual Total Time": 776.56,
      "Actual Rows": 1,
      "Actual Loops": 1,
      "Plans": [
        {
          "Node Type": "Gather",
          "Parent Relationship": "Outer",
          "Parallel Aware": false,
          "Startup Cost": 351901.58,
          "Total Cost": 351902.18,
          "Plan Rows": 6,
          "Plan Width": 8,
          "Actual Startup Time": 734.835,
          "Actual Total Time": 776.55,
          "Actual Rows": 7,
          "Actual Loops": 1,
          "Workers Planned": 6,
          "Workers Launched": 6,
          "Single Copy": false,
          "Plans": [
            {
              "Node Type": "Aggregate",
              "Strategy": "Plain",
              "Partial Mode": "Partial",
              "Parent Relationship": "Outer",
              "Parallel Aware": false,
              "Startup Cost": 350901.58,
              "Total Cost": 350901.59,
              "Plan Rows": 1,
              "Plan Width": 8,
              "Actual Startup Time": 727.354,
              "Actual Total Time": 727.355,
              "Actual Rows": 1,
              "Actual Loops": 7,
              "Plans": [
                {
                  "Node Type": "Seq Scan",
                  "Parent Relationship": "Outer",
                  "Parallel Aware": true,
                  "Relation Name": "cast_info",
                  "Alias": "ci",
                  "Startup Cost": 0.0,
                  "Total Cost": 343318.94,
                  "Plan Rows": 3033054,
                  "Plan Width": 0,
                  "Actual Startup Time": 208.459,
                  "Actual Total Time": 629.221,
                  "Actual Rows": 2204224,
                  "Actual Loops": 7,
                  "Filter": "((person_id < 2866697) AND (role_id > 1))",
                  "Rows Removed by Filter": 2973539
                }
              ]
            }
          ]
        }
      ]
    },
    "Planning Time": 0.217,
    "Triggers": [],
    "Execution Time": 776.621
  }
]