[
  {
    "Plan": {
      "Node Type": "Aggregate",
      "Strategy": "Plain",
      "Partial Mode": "Finalize",
      "Parallel Aware": false,
      "Startup Cost": 239643.99,
      "Total Cost": 239644.0,
      "Plan Rows": 1,
      "Plan Width": 8,
      "Actual Startup Time": 577.328,
      "Actual Total Time": 621.726,
      "Actual Rows": 1,
      "Actual Loops": 1,
      "Plans": [
        {
          "Node Type": "Gather",
          "Parent Relationship": "Outer",
          "Parallel Aware": false,
          "Startup Cost": 239643.67,
          "Total Cost": 239643.98,
          "Plan Rows": 3,
          "Plan Width": 8,
          "Actual Startup Time": 575.207,
          "Actual Total Time": 621.715,
          "Actual Rows": 4,
          "Actual Loops": 1,
          "Workers Planned": 3,
          "Workers Launched": 3,
          "Single Copy": false,
          "Plans": [
            {
              "Node Type": "Aggregate",
              "Strategy": "Plain",
              "Partial Mode": "Partial",
              "Parent Relationship": "Outer",
              "Parallel Aware": false,
              "Startup Cost": 238643.67,
              "Total Cost": 238643.68,
              "Plan Rows": 1,
              "Plan Width": 8,
              "Actual Startup Time": 567.076,
              "Actual Total Time": 567.079,
              "Actual Rows": 1,
              "Actual Loops": 4,
              "Plans": [
                {
                  "Node Type": "Nested Loop",
                  "Parent Relationship": "Outer",
                  "Parallel Aware": false,
                  "Join Type": "Inner",
                  "Startup Cost": 59733.57,
                  "Total Cost": 238327.02,
                  "Plan Rows": 126659,
                  "Plan Width": 0,
                  "Actual Startup Time": 198.64,
                  "Actual Total Time": 558.969,
                  "Actual Rows": 157508,
                  "Actual Loops": 4,
                  "Inner Unique": false,
                  "Plans": [
                    {
                      "Node Type": "Hash Join",
                      "Parent Relationship": "Outer",
                      "Parallel Aware": true,
                      "Join Type": "Inner",
                      "Startup Cost": 59733.13,
                      "Total Cost": 87351.02,
                      "Plan Rows": 54968,
                      "Plan Width": 8,
                      "Actual Startup Time": 198.514,
                      "Actual Total Time": 281.975,
                      "Actual Rows": 20935,
                      "Actual Loops": 4,
                      "Inner Unique": true,
                      "Hash Cond": "(mk.movie_id = t.id)",
                      "Plans": [
                        {
                          "Node Type": "Bitmap Heap Scan",
                          "Parent Relationship": "Outer",
                          "Parallel Aware": true,
                          "Relation Name": "movie_keyword",
                          "Alias": "mk",
                          "Startup Cost": 13758.04,
                          "Total Cost": 40826.83,
                          "Plan Rows": 209183,
                          "Plan Width": 4,
                          "Actual Startup Time": 43.229,
                          "Actual Total Time": 86.142,
                          "Actual Rows": 163983,
                          "Actual Loops": 4,
                          "Recheck Cond": "(keyword_id < 508)",
                          "Rows Removed by Index Recheck": 0,
                          "Exact Heap Blocks": 8415,
                          "Lossy Heap Blocks": 0,
                          "Plans": [
                            {
                              "Node Type": "Bitmap Index Scan",
                              "Parent Relationship": "Outer",
                              "Parallel Aware": false,
                              "Index Name": "keyword_id_movie_keyword",
                              "Startup Cost": 0.0,
                              "Total Cost": 13595.93,
                              "Plan Rows": 648466,
                              "Plan Width": 0,
                              "Actual Startup Time": 39.544,
                              "Actual Total Time": 39.545,
                              "Actual Rows": 655932,
                              "Actual Loops": 1,
                              "Index Cond": "(keyword_id < 508)"
                            }
                          ]
                        },
                        {
                          "Node Type": "Hash",
                          "Parent Relationship": "Inner",
                          "Parallel Aware": true,
                          "Startup Cost": 43898.92,
                          "Total Cost": 43898.92,
                          "Plan Rows": 166094,
                          "Plan Width": 4,
                          "Actual Startup Time": 150.613,
                          "Actual Total Time": 150.614,
                          "Actual Rows": 165516,
                          "Actual Loops": 4,
                          "Hash Buckets": 1048576,
                          "Original Hash Buckets": 1048576,
                          "Hash Batches": 1,
                          "Original Hash Batches": 1,
                          "Peak Memory Usage": 34144,
                          "Plans": [
                            {
                              "Node Type": "Seq Scan",
                              "Parent Relationship": "Outer",
                              "Parallel Aware": true,
                              "Relation Name": "title",
                              "Alias": "t",
                              "Startup Cost": 0.0,
                              "Total Cost": 43898.92,
                              "Plan Rows": 166094,
                              "Plan Width": 4,
                              "Actual Startup Time": 0.03,
                              "Actual Total Time": 93.324,
                              "Actual Rows": 165516,
                              "Actual Loops": 4,
                              "Filter": "(production_year > 2008)",
                              "Rows Removed by Filter": 466562
                            }
                          ]
                        }
                      ]
                    },
                    {
                      "Node Type": "Index Scan",
                      "Parent Relationship": "Inner",
                      "Parallel Aware": false,
                      "Scan Direction": "Forward",
                      "Index Name": "movie_id_movie_info",
                      "Relation Name": "movie_info",
                      "Alias": "mi",
                      "Startup Cost": 0.43,
                      "Total Cost": 2.58,
                      "Plan Rows": 17,
                      "Plan Width": 4,
                      "Actual Startup Time": 0.004,
                      "Actual Total Time": 0.012,
                      "Actual Rows": 8,
                      "Actual Loops": 83739,
                      "Index Cond": "(movie_id = t.id)",
                      "Rows Removed by Index Recheck": 0,
                      "Filter": "(info_type_id < 7)",
                      "Rows Removed by Filter": 26
                    }
                  ]
                }
              ]
            }
          ]
        }
      ]
    },
    "Planning Time": 1.095,
    "Triggers": [],
    "Execution Time": 621.832
  }
]