{
    "Plan": {
        "Node Type": "Aggregate",
        "Strategy": "Plain",
        "Partial Mode": "Finalize",
        "Parallel Aware": false,
        "Startup Cost": 393677.94,
        "Total Cost": 393677.95,
        "Plan Rows": 1,
        "Plan Width": 8,
        "Actual Startup Time": 936.355,
        "Actual Total Time": 985.085,
        "Actual Rows": 1,
        "Actual Loops": 1,
        "Output": [
            "count(*)"
        ],
        "Plans": [
            {
                "Node Type": "Gather",
                "Parent Relationship": "Outer",
                "Parallel Aware": false,
                "Startup Cost": 393677.31,
                "Total Cost": 393677.92,
                "Plan Rows": 6,
                "Plan Width": 8,
                "Actual Startup Time": 934.395,
                "Actual Total Time": 985.077,
                "Actual Rows": 7,
                "Actual Loops": 1,
                "Output": [
                    "(PARTIAL count(*))"
                ],
                "Workers Planned": 6,
                "Workers Launched": 6,
                "Single Copy": false,
                "Plans": [
                    {
                        "Node Type": "Aggregate",
                        "Strategy": "Plain",
                        "Partial Mode": "Partial",
                        "Parent Relationship": "Outer",
                        "Parallel Aware": false,
                        "Startup Cost": 392677.31,
                        "Total Cost": 392677.32,
                        "Plan Rows": 1,
                        "Plan Width": 8,
                        "Actual Startup Time": 924.72,
                        "Actual Total Time": 924.723,
                        "Actual Rows": 1,
                        "Actual Loops": 7,
                        "Output": [
                            "PARTIAL count(*)"
                        ],
                        "Workers": [
                            {
                                "Worker Number": 0,
                                "Actual Startup Time": 921.727,
                                "Actual Total Time": 921.73,
                                "Actual Rows": 1,
                                "Actual Loops": 1
                            },
                            {
                                "Worker Number": 1,
                                "Actual Startup Time": 921.733,
                                "Actual Total Time": 921.736,
                                "Actual Rows": 1,
                                "Actual Loops": 1
                            },
                            {
                                "Worker Number": 2,
                                "Actual Startup Time": 921.903,
                                "Actual Total Time": 921.906,
                                "Actual Rows": 1,
                                "Actual Loops": 1
                            },
                            {
                                "Worker Number": 3,
                                "Actual Startup Time": 922.7,
                                "Actual Total Time": 922.702,
                                "Actual Rows": 1,
                                "Actual Loops": 1
                            },
                            {
                                "Worker Number": 4,
                                "Actual Startup Time": 922.707,
                                "Actual Total Time": 922.709,
                                "Actual Rows": 1,
                                "Actual Loops": 1
                            },
                            {
                                "Worker Number": 5,
                                "Actual Startup Time": 928.472,
                                "Actual Total Time": 928.475,
                                "Actual Rows": 1,
                                "Actual Loops": 1
                            }
                        ],
                        "Plans": [
                            {
                                "Node Type": "Hash Join",
                                "Parent Relationship": "Outer",
                                "Parallel Aware": true,
                                "Join Type": "Inner",
                                "Startup Cost": 46131.33,
                                "Total Cost": 392442.13,
                                "Plan Rows": 94072,
                                "Plan Width": 0,
                                "Actual Startup Time": 395.551,
                                "Actual Total Time": 916.626,
                                "Actual Rows": 163886,
                                "Actual Loops": 7,
                                "Inner Unique": true,
                                "Hash Cond": "(ci.movie_id = t.id)",
                                "Workers": [
                                    {
                                        "Worker Number": 0,
                                        "Actual Startup Time": 392.524,
                                        "Actual Total Time": 913.508,
                                        "Actual Rows": 180462,
                                        "Actual Loops": 1
                                    },
                                    {
                                        "Worker Number": 1,
                                        "Actual Startup Time": 392.552,
                                        "Actual Total Time": 913.006,
                                        "Actual Rows": 116546,
                                        "Actual Loops": 1
                                    },
                                    {
                                        "Worker Number": 2,
                                        "Actual Startup Time": 392.678,
                                        "Actual Total Time": 914.161,
                                        "Actual Rows": 156301,
                                        "Actual Loops": 1
                                    },
                                    {
                                        "Worker Number": 3,
                                        "Actual Startup Time": 393.512,
                                        "Actual Total Time": 914.584,
                                        "Actual Rows": 177367,
                                        "Actual Loops": 1
                                    },
                                    {
                                        "Worker Number": 4,
                                        "Actual Startup Time": 393.595,
                                        "Actual Total Time": 914.714,
                                        "Actual Rows": 174880,
                                        "Actual Loops": 1
                                    },
                                    {
                                        "Worker Number": 5,
                                        "Actual Startup Time": 399.268,
                                        "Actual Total Time": 920.677,
                                        "Actual Rows": 157767,
                                        "Actual Loops": 1
                                    }
                                ],
                                "Plans": [
                                    {
                                        "Node Type": "Seq Scan",
                                        "Parent Relationship": "Outer",
                                        "Parallel Aware": true,
                                        "Relation Name": "cast_info",
                                        "Schema": "public",
                                        "Alias": "ci",
                                        "Startup Cost": 0.0,
                                        "Total Cost": 343318.94,
                                        "Plan Rows": 1139757,
                                        "Plan Width": 4,
                                        "Actual Startup Time": 315.077,
                                        "Actual Total Time": 614.773,
                                        "Actual Rows": 1547165,
                                        "Actual Loops": 7,
                                        "Output": [
                                            "ci.id",
                                            "ci.person_id",
                                            "ci.movie_id",
                                            "ci.person_role_id",
                                            "ci.note",
                                            "ci.nr_order",
                                            "ci.role_id"
                                        ],
                                        "Filter": "((ci.person_id > 2080597) AND (ci.role_id > 2))",
                                        "Rows Removed by Filter": 3630599,
                                        "Workers": [
                                            {
                                                "Worker Number": 0,
                                                "Actual Startup Time": 314.988,
                                                "Actual Total Time": 615.518,
                                                "Actual Rows": 1680677,
                                                "Actual Loops": 1
                                            },
                                            {
                                                "Worker Number": 1,
                                                "Actual Startup Time": 314.998,
                                                "Actual Total Time": 616.065,
                                                "Actual Rows": 1104227,
                                                "Actual Loops": 1
                                            },
                                            {
                                                "Worker Number": 2,
                                                "Actual Startup Time": 315.122,
                                                "Actual Total Time": 616.125,
                                                "Actual Rows": 1469668,
                                                "Actual Loops": 1
                                            },
                                            {
                                                "Worker Number": 3,
                                                "Actual Startup Time": 315.034,
                                                "Actual Total Time": 615.803,
                                                "Actual Rows": 1679706,
                                                "Actual Loops": 1
                                            },
                                            {
                                                "Worker Number": 4,
                                                "Actual Startup Time": 315.14,
                                                "Actual Total Time": 613.672,
                                                "Actual Rows": 1650708,
                                                "Actual Loops": 1
                                            },
                                            {
                                                "Worker Number": 5,
                                                "Actual Startup Time": 315.129,
                                                "Actual Total Time": 617.477,
                                                "Actual Rows": 1493501,
                                                "Actual Loops": 1
                                            }
                                        ]
                                    },
                                    {
                                        "Node Type": "Hash",
                                        "Parent Relationship": "Inner",
                                        "Parallel Aware": true,
                                        "Startup Cost": 45479.21,
                                        "Total Cost": 45479.21,
                                        "Plan Rows": 52170,
                                        "Plan Width": 4,
                                        "Actual Startup Time": 78.888,
                                        "Actual Total Time": 78.89,
                                        "Actual Rows": 26056,
                                        "Actual Loops": 7,
                                        "Output": [
                                            "t.id"
                                        ],
                                        "Hash Buckets": 262144,
                                        "Original Hash Buckets": 262144,
                                        "Hash Batches": 1,
                                        "Original Hash Batches": 1,
                                        "Peak Memory Usage": 9312,
                                        "Workers": [
                                            {
                                                "Worker Number": 0,
                                                "Actual Startup Time": 76.688,
                                                "Actual Total Time": 76.688,
                                                "Actual Rows": 26858,
                                                "Actual Loops": 1
                                            },
                                            {
                                                "Worker Number": 1,
                                                "Actual Startup Time": 76.612,
                                                "Actual Total Time": 76.613,
                                                "Actual Rows": 18821,
                                                "Actual Loops": 1
                                            },
                                            {
                                                "Worker Number": 2,
                                                "Actual Startup Time": 76.82,
                                                "Actual Total Time": 76.821,
                                                "Actual Rows": 24354,
                                                "Actual Loops": 1
                                            },
                                            {
                                                "Worker Number": 3,
                                                "Actual Startup Time": 77.69,
                                                "Actual Total Time": 77.691,
                                                "Actual Rows": 27646,
                                                "Actual Loops": 1
                                            },
                                            {
                                                "Worker Number": 4,
                                                "Actual Startup Time": 77.755,
                                                "Actual Total Time": 77.756,
                                                "Actual Rows": 27190,
                                                "Actual Loops": 1
                                            },
                                            {
                                                "Worker Number": 5,
                                                "Actual Startup Time": 83.841,
                                                "Actual Total Time": 83.842,
                                                "Actual Rows": 25446,
                                                "Actual Loops": 1
                                            }
                                        ],
                                        "Plans": [
                                            {
                                                "Node Type": "Seq Scan",
                                                "Parent Relationship": "Outer",
                                                "Parallel Aware": true,
                                                "Relation Name": "title",
                                                "Schema": "public",
                                                "Alias": "t",
                                                "Startup Cost": 0.0,
                                                "Total Cost": 45479.21,
                                                "Plan Rows": 52170,
                                                "Plan Width": 4,
                                                "Actual Startup Time": 39.237,
                                                "Actual Total Time": 69.186,
                                                "Actual Rows": 26056,
                                                "Actual Loops": 7,
                                                "Output": [
                                                    "t.id"
                                                ],
                                                "Filter": "((t.production_year > 2007) AND (t.kind_id = 1))",
                                                "Rows Removed by Filter": 335131,
                                                "Workers": [
                                                    {
                                                        "Worker Number": 0,
                                                        "Actual Startup Time": 43.764,
                                                        "Actual Total Time": 66.806,
                                                        "Actual Rows": 26858,
                                                        "Actual Loops": 1
                                                    },
                                                    {
                                                        "Worker Number": 1,
                                                        "Actual Startup Time": 42.824,
                                                        "Actual Total Time": 67.465,
                                                        "Actual Rows": 18821,
                                                        "Actual Loops": 1
                                                    },
                                                    {
                                                        "Worker Number": 2,
                                                        "Actual Startup Time": 43.203,
                                                        "Actual Total Time": 67.879,
                                                        "Actual Rows": 24354,
                                                        "Actual Loops": 1
                                                    },
                                                    {
                                                        "Worker Number": 3,
                                                        "Actual Startup Time": 2.642,
                                                        "Actual Total Time": 68.064,
                                                        "Actual Rows": 27646,
                                                        "Actual Loops": 1
                                                    },
                                                    {
                                                        "Worker Number": 4,
                                                        "Actual Startup Time": 43.9,
                                                        "Actual Total Time": 68.266,
                                                        "Actual Rows": 27190,
                                                        "Actual Loops": 1
                                                    },
                                                    {
                                                        "Worker Number": 5,
                                                        "Actual Startup Time": 49.209,
                                                        "Actual Total Time": 73.414,
                                                        "Actual Rows": 25446,
                                                        "Actual Loops": 1
                                                    }
                                                ]
                                            }
                                        ]
                                    }
                                ]
                            }
                        ]
                    }
                ]
            }
        ]
    },
    "Planning Time": 0.521,
    "Triggers": [],
    "Execution Time": 985.158
}