{
  "Plan": {
    "Node Type": "Aggregate",
    "Strategy": "Plain",
    "Partial Mode": "Finalize",
    "Parallel Aware": false,
    "Startup Cost": 114009.03,
    "Total Cost": 114009.04,
    "Plan Rows": 1,
    "Plan Width": 8,
    "Actual Startup Time": 371.209,
    "Actual Total Time": 389.703,
    "Actual Rows": 1,
    "Actual Loops": 1,
    "Plans": [
      {
        "Node Type": "Gather",
        "Parent Relationship": "Outer",
        "Parallel Aware": false,
        "Startup Cost": 114008.91,
        "Total Cost": 114009.02,
        "Plan Rows": 1,
        "Plan Width": 8,
        "Actual Startup Time": 370.592,
        "Actual Total Time": 389.695,
        "Actual Rows": 2,
        "Actual Loops": 1,
        "Workers Planned": 1,
        "Workers Launched": 1,
        "Single Copy": false,
        "Plans": [
          {
            "Node Type": "Aggregate",
            "Strategy": "Plain",
            "Partial Mode": "Partial",
            "Parent Relationship": "Outer",
            "Parallel Aware": false,
            "Startup Cost": 113008.91,
            "Total Cost": 113008.92,
            "Plan Rows": 1,
            "Plan Width": 8,
            "Actual Startup Time": 364.557,
            "Actual Total Time": 364.561,
            "Actual Rows": 1,
            "Actual Loops": 2,
            "Plans": [
              {
                "Node Type": "Hash Join",
                "Parent Relationship": "Outer",
                "Parallel Aware": true,
                "Join Type": "Inner",
                "Startup Cost": 80081.71,
                "Total Cost": 112867.48,
                "Plan Rows": 56573,
                "Plan Width": 0,
                "Actual Startup Time": 217.659,
                "Actual Total Time": 364.033,
                "Actual Rows": 7540,
                "Actual Loops": 2,
                "Inner Unique": true,
                "Hash Cond": "(mk.movie_id = t.id)",
                "Plans": [
                  {
                    "Node Type": "Bitmap Heap Scan",
                    "Parent Relationship": "Outer",
                    "Parallel Aware": true,
                    "Relation Name": "movie_keyword",
                    "Alias": "mk",
                    "Startup Cost": 19866.02,
                    "Total Cost": 51205.78,
                    "Plan Rows": 550861,
                    "Plan Width": 4,
                    "Actual Startup Time": 54.146,
                    "Actual Total Time": 144.061,
                    "Actual Rows": 471928,
                    "Actual Loops": 2,
                    "Recheck Cond": "(keyword_id < 877)",
                    "Rows Removed by Index Recheck": 0,
                    "Exact Heap Blocks": 12224,
                    "Lossy Heap Blocks": 0,
                    "Plans": [
                      {
                        "Node Type": "Bitmap Index Scan",
                        "Parent Relationship": "Outer",
                        "Parallel Aware": false,
                        "Index Name": "keyword_id_movie_keyword",
                        "Startup Cost": 0.0,
                        "Total Cost": 19631.9,
                        "Plan Rows": 936463,
                        "Plan Width": 0,
                        "Actual Startup Time": 50.464,
                        "Actual Total Time": 50.465,
                        "Actual Rows": 943855,
                        "Actual Loops": 1,
                        "Index Cond": "(keyword_id < 877)"
                      }
                    ]
                  },
                  {
                    "Node Type": "Hash",
                    "Parent Relationship": "Inner",
                    "Parallel Aware": true,
                    "Startup Cost": 58306.47,
                    "Total Cost": 58306.47,
                    "Plan Rows": 152738,
                    "Plan Width": 4,
                    "Actual Startup Time": 159.198,
                    "Actual Total Time": 159.199,
                    "Actual Rows": 80843,
                    "Actual Loops": 2,
                    "Hash Buckets": 262144,
                    "Original Hash Buckets": 262144,
                    "Hash Batches": 1,
                    "Original Hash Batches": 1,
                    "Peak Memory Usage": 8416,
                    "Plans": [
                      {
                        "Node Type": "Seq Scan",
                        "Parent Relationship": "Outer",
                        "Parallel Aware": true,
                        "Relation Name": "title",
                        "Alias": "t",
                        "Startup Cost": 0.0,
                        "Total Cost": 58306.47,
                        "Plan Rows": 152738,
                        "Plan Width": 4,
                        "Actual Startup Time": 0.036,
                        "Actual Total Time": 139.31,
                        "Actual Rows": 80843,
                        "Actual Loops": 2,
                        "Filter": "((production_year < 1975) AND (kind_id = 7))",
                        "Rows Removed by Filter": 1183313
                      }
                    ]
                  }
                ]
              }
            ]
          }
        ]
      }
    ]
  },
  "Planning Time": 0.479,
  "Triggers": [],
  "Execution Time": 389.8
}