[
  {
    "Plan": {
      "Node Type": "Aggregate",
      "Strategy": "Plain",
      "Partial Mode": "Finalize",
      "Parallel Aware": false,
      "Startup Cost": 234855.78,
      "Total Cost": 234855.79,
      "Plan Rows": 1,
      "Plan Width": 8,
      "Actual Startup Time": 261.185,
      "Actual Total Time": 271.036,
      "Actual Rows": 1,
      "Actual Loops": 1,
      "Plans": [
        {
          "Node Type": "Gather",
          "Parent Relationship": "Outer",
          "Parallel Aware": false,
          "Startup Cost": 234855.26,
          "Total Cost": 234855.77,
          "Plan Rows": 5,
          "Plan Width": 8,
          "Actual Startup Time": 259.763,
          "Actual Total Time": 271.028,
          "Actual Rows": 6,
          "Actual Loops": 1,
          "Workers Planned": 5,
          "Workers Launched": 5,
          "Single Copy": false,
          "Plans": [
            {
              "Node Type": "Aggregate",
              "Strategy": "Plain",
              "Partial Mode": "Partial",
              "Parent Relationship": "Outer",
              "Parallel Aware": false,
              "Startup Cost": 233855.26,
              "Total Cost": 233855.27,
              "Plan Rows": 1,
              "Plan Width": 8,
              "Actual Startup Time": 252.465,
              "Actual Total Time": 252.468,
              "Actual Rows": 1,
              "Actual Loops": 6,
              "Plans": [
                {
                  "Node Type": "Hash Join",
                  "Parent Relationship": "Outer",
                  "Parallel Aware": true,
                  "Join Type": "Inner",
                  "Startup Cost": 68167.94,
                  "Total Cost": 233780.52,
                  "Plan Rows": 29895,
                  "Plan Width": 0,
                  "Actual Startup Time": 159.179,
                  "Actual Total Time": 248.931,
                  "Actual Rows": 59432,
                  "Actual Loops": 6,
                  "Inner Unique": true,
                  "Hash Cond": "(mi.movie_id = t.id)",
                  "Plans": [
                    {
                      "Node Type": "Bitmap Heap Scan",
                      "Parent Relationship": "Outer",
                      "Parallel Aware": true,
                      "Relation Name": "movie_info",
                      "Alias": "mi",
                      "Startup Cost": 21701.74,
                      "Total Cost": 186686.12,
                      "Plan Rows": 239311,
                      "Plan Width": 4,
                      "Actual Startup Time": 58.557,
                      "Actual Total Time": 125.021,
                      "Actual Rows": 200785,
                      "Actual Loops": 6,
                      "Recheck Cond": "(info_type_id > 18)",
                      "Rows Removed by Index Recheck": 0,
                      "Exact Heap Blocks": 7539,
                      "Lossy Heap Blocks": 0,
                      "Plans": [
                        {
                          "Node Type": "Bitmap Index Scan",
                          "Parent Relationship": "Outer",
                          "Parallel Aware": false,
                          "Index Name": "info_type_id_movie_info",
                          "Startup Cost": 0.0,
                          "Total Cost": 21402.6,
                          "Plan Rows": 1196555,
                          "Plan Width": 0,
                          "Actual Startup Time": 52.878,
                          "Actual Total Time": 52.879,
                          "Actual Rows": 1204709,
                          "Actual Loops": 1,
                          "Index Cond": "(info_type_id > 18)"
                        }
                      ]
                    },
                    {
                      "Node Type": "Hash",
                      "Parent Relationship": "Inner",
                      "Parallel Aware": true,
                      "Startup Cost": 45479.21,
                      "Total Cost": 45479.21,
                      "Plan Rows": 78960,
                      "Plan Width": 4,
                      "Actual Startup Time": 83.574,
                      "Actual Total Time": 83.575,
                      "Actual Rows": 40798,
                      "Actual Loops": 6,
                      "Hash Buckets": 524288,
                      "Original Hash Buckets": 524288,
                      "Hash Batches": 1,
                      "Original Hash Batches": 1,
                      "Peak Memory Usage": 13760,
                      "Plans": [
                        {
                          "Node Type": "Seq Scan",
                          "Parent Relationship": "Outer",
                          "Parallel Aware": true,
                          "Relation Name": "title",
                          "Alias": "t",
                          "Startup Cost": 0.0,
                          "Total Cost": 45479.21,
                          "Plan Rows": 78960,
                          "Plan Width": 4,
                          "Actual Startup Time": 35.441,
                          "Actual Total Time": 69.722,
                          "Actual Rows": 40798,
                          "Actual Loops": 6,
                          "Filter": "((kind_id < 2) AND (production_year > 2003))",
                          "Rows Removed by Filter": 380587
                        }
                      ]
                    }
                  ]
                }
              ]
            }
          ]
        }
      ]
    },
    "Planning Time": 0.422,
    "Triggers": [],
    "Execution Time": 271.095
  }
]