{
    "Plan": {
        "Node Type": "Aggregate",
        "Strategy": "Plain",
        "Partial Mode": "Finalize",
        "Parallel Aware": false,
        "Startup Cost": 237056.51,
        "Total Cost": 237056.52,
        "Plan Rows": 1,
        "Plan Width": 8,
        "Actual Startup Time": 357.519,
        "Actual Total Time": 383.672,
        "Actual Rows": 1,
        "Actual Loops": 1,
        "Output": [
            "count(*)"
        ],
        "Plans": [
            {
                "Node Type": "Gather",
                "Parent Relationship": "Outer",
                "Parallel Aware": false,
                "Startup Cost": 237056.2,
                "Total Cost": 237056.51,
                "Plan Rows": 3,
                "Plan Width": 8,
                "Actual Startup Time": 356.519,
                "Actual Total Time": 383.663,
                "Actual Rows": 4,
                "Actual Loops": 1,
                "Output": [
                    "(PARTIAL count(*))"
                ],
                "Workers Planned": 3,
                "Workers Launched": 3,
                "Single Copy": false,
                "Plans": [
                    {
                        "Node Type": "Aggregate",
                        "Strategy": "Plain",
                        "Partial Mode": "Partial",
                        "Parent Relationship": "Outer",
                        "Parallel Aware": false,
                        "Startup Cost": 236056.2,
                        "Total Cost": 236056.21,
                        "Plan Rows": 1,
                        "Plan Width": 8,
                        "Actual Startup Time": 346.872,
                        "Actual Total Time": 346.877,
                        "Actual Rows": 1,
                        "Actual Loops": 4,
                        "Output": [
                            "PARTIAL count(*)"
                        ],
                        "Workers": [
                            {
                                "Worker Number": 0,
                                "Actual Startup Time": 343.689,
                                "Actual Total Time": 343.693,
                                "Actual Rows": 1,
                                "Actual Loops": 1
                            },
                            {
                                "Worker Number": 1,
                                "Actual Startup Time": 343.685,
                                "Actual Total Time": 343.69,
                                "Actual Rows": 1,
                                "Actual Loops": 1
                            },
                            {
                                "Worker Number": 2,
                                "Actual Startup Time": 344.324,
                                "Actual Total Time": 344.328,
                                "Actual Rows": 1,
                                "Actual Loops": 1
                            }
                        ],
                        "Plans": [
                            {
                                "Node Type": "Nested Loop",
                                "Parent Relationship": "Outer",
                                "Parallel Aware": false,
                                "Join Type": "Inner",
                                "Startup Cost": 45919.94,
                                "Total Cost": 234869.68,
                                "Plan Rows": 474606,
                                "Plan Width": 0,
                                "Actual Startup Time": 107.711,
                                "Actual Total Time": 344.045,
                                "Actual Rows": 65684,
                                "Actual Loops": 4,
                                "Inner Unique": false,
                                "Join Filter": "(t.id = mi.movie_id)",
                                "Rows Removed by Join Filter": 0,
                                "Workers": [
                                    {
                                        "Worker Number": 0,
                                        "Actual Startup Time": 104.215,
                                        "Actual Total Time": 341.027,
                                        "Actual Rows": 60445,
                                        "Actual Loops": 1
                                    },
                                    {
                                        "Worker Number": 1,
                                        "Actual Startup Time": 104.36,
                                        "Actual Total Time": 340.918,
                                        "Actual Rows": 63133,
                                        "Actual Loops": 1
                                    },
                                    {
                                        "Worker Number": 2,
                                        "Actual Startup Time": 105.099,
                                        "Actual Total Time": 341.682,
                                        "Actual Rows": 62291,
                                        "Actual Loops": 1
                                    }
                                ],
                                "Plans": [
                                    {
                                        "Node Type": "Hash Join",
                                        "Parent Relationship": "Outer",
                                        "Parallel Aware": true,
                                        "Join Type": "Inner",
                                        "Startup Cost": 45919.51,
                                        "Total Cost": 88797.59,
                                        "Plan Rows": 81325,
                                        "Plan Width": 8,
                                        "Actual Startup Time": 107.605,
                                        "Actual Total Time": 295.228,
                                        "Actual Rows": 9916,
                                        "Actual Loops": 4,
                                        "Output": [
                                            "t.id",
                                            "mk.movie_id"
                                        ],
                                        "Inner Unique": true,
                                        "Hash Cond": "(mk.movie_id = t.id)",
                                        "Workers": [
                                            {
                                                "Worker Number": 0,
                                                "Actual Startup Time": 104.056,
                                                "Actual Total Time": 293.061,
                                                "Actual Rows": 9432,
                                                "Actual Loops": 1
                                            },
                                            {
                                                "Worker Number": 1,
                                                "Actual Startup Time": 104.224,
                                                "Actual Total Time": 289.153,
                                                "Actual Rows": 9291,
                                                "Actual Loops": 1
                                            },
                                            {
                                                "Worker Number": 2,
                                                "Actual Startup Time": 104.995,
                                                "Actual Total Time": 293.438,
                                                "Actual Rows": 9252,
                                                "Actual Loops": 1
                                            }
                                        ],
                                        "Plans": [
                                            {
                                                "Node Type": "Seq Scan",
                                                "Parent Relationship": "Outer",
                                                "Parallel Aware": true,
                                                "Relation Name": "movie_keyword",
                                                "Schema": "public",
                                                "Alias": "mk",
                                                "Startup Cost": 0.0,
                                                "Total Cost": 39047.32,
                                                "Plan Rows": 1459332,
                                                "Plan Width": 4,
                                                "Actual Startup Time": 0.018,
                                                "Actual Total Time": 98.014,
                                                "Actual Rows": 1130982,
                                                "Actual Loops": 4,
                                                "Output": [
                                                    "mk.id",
                                                    "mk.movie_id",
                                                    "mk.keyword_id"
                                                ],
                                                "Workers": [
                                                    {
                                                        "Worker Number": 0,
                                                        "Actual Startup Time": 0.029,
                                                        "Actual Total Time": 102.272,
                                                        "Actual Rows": 1087060,
                                                        "Actual Loops": 1
                                                    },
                                                    {
                                                        "Worker Number": 1,
                                                        "Actual Startup Time": 0.017,
                                                        "Actual Total Time": 100.042,
                                                        "Actual Rows": 981610,
                                                        "Actual Loops": 1
                                                    },
                                                    {
                                                        "Worker Number": 2,
                                                        "Actual Startup Time": 0.021,
                                                        "Actual Total Time": 102.124,
                                                        "Actual Rows": 1102785,
                                                        "Actual Loops": 1
                                                    }
                                                ]
                                            },
                                            {
                                                "Node Type": "Hash",
                                                "Parent Relationship": "Inner",
                                                "Parallel Aware": true,
                                                "Startup Cost": 45479.21,
                                                "Total Cost": 45479.21,
                                                "Plan Rows": 35224,
                                                "Plan Width": 4,
                                                "Actual Startup Time": 104.95,
                                                "Actual Total Time": 104.951,
                                                "Actual Rows": 37665,
                                                "Actual Loops": 4,
                                                "Output": [
                                                    "t.id"
                                                ],
                                                "Hash Buckets": 262144,
                                                "Original Hash Buckets": 262144,
                                                "Hash Batches": 1,
                                                "Original Hash Batches": 1,
                                                "Peak Memory Usage": 8032,
                                                "Workers": [
                                                    {
                                                        "Worker Number": 0,
                                                        "Actual Startup Time": 103.456,
                                                        "Actual Total Time": 103.456,
                                                        "Actual Rows": 32479,
                                                        "Actual Loops": 1
                                                    },
                                                    {
                                                        "Worker Number": 1,
                                                        "Actual Startup Time": 103.549,
                                                        "Actual Total Time": 103.551,
                                                        "Actual Rows": 29634,
                                                        "Actual Loops": 1
                                                    },
                                                    {
                                                        "Worker Number": 2,
                                                        "Actual Startup Time": 104.189,
                                                        "Actual Total Time": 104.189,
                                                        "Actual Rows": 32916,
                                                        "Actual Loops": 1
                                                    }
                                                ],
                                                "Plans": [
                                                    {
                                                        "Node Type": "Seq Scan",
                                                        "Parent Relationship": "Outer",
                                                        "Parallel Aware": true,
                                                        "Relation Name": "title",
                                                        "Schema": "public",
                                                        "Alias": "t",
                                                        "Startup Cost": 0.0,
                                                        "Total Cost": 45479.21,
                                                        "Plan Rows": 35224,
                                                        "Plan Width": 4,
                                                        "Actual Startup Time": 0.05,
                                                        "Actual Total Time": 91.127,
                                                        "Actual Rows": 37665,
                                                        "Actual Loops": 4,
                                                        "Output": [
                                                            "t.id"
                                                        ],
                                                        "Filter": "((t.production_year > 2011) AND (t.kind_id = 7))",
                                                        "Rows Removed by Filter": 594413,
                                                        "Workers": [
                                                            {
                                                                "Worker Number": 0,
                                                                "Actual Startup Time": 0.062,
                                                                "Actual Total Time": 91.027,
                                                                "Actual Rows": 32479,
                                                                "Actual Loops": 1
                                                            },
                                                            {
                                                                "Worker Number": 1,
                                                                "Actual Startup Time": 0.049,
                                                                "Actual Total Time": 90.326,
                                                                "Actual Rows": 29634,
                                                                "Actual Loops": 1
                                                            },
                                                            {
                                                                "Worker Number": 2,
                                                                "Actual Startup Time": 0.069,
                                                                "Actual Total Time": 91.65,
                                                                "Actual Rows": 32916,
                                                                "Actual Loops": 1
                                                            }
                                                        ]
                                                    }
                                                ]
                                            }
                                        ]
                                    },
                                    {
                                        "Node Type": "Index Only Scan",
                                        "Parent Relationship": "Inner",
                                        "Parallel Aware": false,
                                        "Scan Direction": "Forward",
                                        "Index Name": "movie_id_movie_info",
                                        "Relation Name": "movie_info",
                                        "Schema": "public",
                                        "Alias": "mi",
                                        "Startup Cost": 0.43,
                                        "Total Cost": 1.31,
                                        "Plan Rows": 39,
                                        "Plan Width": 4,
                                        "Actual Startup Time": 0.002,
                                        "Actual Total Time": 0.004,
                                        "Actual Rows": 7,
                                        "Actual Loops": 39663,
                                        "Output": [
                                            "mi.movie_id"
                                        ],
                                        "Index Cond": "(mi.movie_id = mk.movie_id)",
                                        "Rows Removed by Index Recheck": 0,
                                        "Heap Fetches": 262737,
                                        "Workers": [
                                            {
                                                "Worker Number": 0,
                                                "Actual Startup Time": 0.002,
                                                "Actual Total Time": 0.004,
                                                "Actual Rows": 6,
                                                "Actual Loops": 9432
                                            },
                                            {
                                                "Worker Number": 1,
                                                "Actual Startup Time": 0.002,
                                                "Actual Total Time": 0.005,
                                                "Actual Rows": 7,
                                                "Actual Loops": 9291
                                            },
                                            {
                                                "Worker Number": 2,
                                                "Actual Startup Time": 0.002,
                                                "Actual Total Time": 0.005,
                                                "Actual Rows": 7,
                                                "Actual Loops": 9252
                                            }
                                        ]
                                    }
                                ]
                            }
                        ]
                    }
                ]
            }
        ]
    },
    "Planning Time": 1.514,
    "Triggers": [],
    "Execution Time": 383.766
}