[
  {
    "Plan": {
      "Node Type": "Aggregate",
      "Strategy": "Plain",
      "Partial Mode": "Finalize",
      "Parallel Aware": false,
      "Startup Cost": 353241.51,
      "Total Cost": 353241.52,
      "Plan Rows": 1,
      "Plan Width": 8,
      "Actual Startup Time": 941.563,
      "Actual Total Time": 988.377,
      "Actual Rows": 1,
      "Actual Loops": 1,
      "Plans": [
        {
          "Node Type": "Gather",
          "Parent Relationship": "Outer",
          "Parallel Aware": false,
          "Startup Cost": 353240.88,
          "Total Cost": 353241.49,
          "Plan Rows": 6,
          "Plan Width": 8,
          "Actual Startup Time": 941.36,
          "Actual Total Time": 988.36,
          "Actual Rows": 7,
          "Actual Loops": 1,
          "Workers Planned": 6,
          "Workers Launched": 6,
          "Single Copy": false,
          "Plans": [
            {
              "Node Type": "Aggregate",
              "Strategy": "Plain",
              "Partial Mode": "Partial",
              "Parent Relationship": "Outer",
              "Parallel Aware": false,
              "Startup Cost": 352240.88,
              "Total Cost": 352240.89,
              "Plan Rows": 1,
              "Plan Width": 8,
              "Actual Startup Time": 933.208,
              "Actual Total Time": 933.209,
              "Actual Rows": 1,
              "Actual Loops": 7,
              "Plans": [
                {
                  "Node Type": "Seq Scan",
                  "Parent Relationship": "Outer",
                  "Parallel Aware": true,
                  "Relation Name": "cast_info",
                  "Alias": "ci",
                  "Startup Cost": 0.0,
                  "Total Cost": 343316.27,
                  "Plan Rows": 3569845,
                  "Plan Width": 0,
                  "Actual Startup Time": 0.056,
                  "Actual Total Time": 748.85,
                  "Actual Rows": 3540339,
                  "Actual Loops": 7,
                  "Filter": "((person_id < 2858557) AND (role_id < 6))",
                  "Rows Removed by Filter": 1637424
                }
              ]
            }
          ]
        }
      ]
    },
    "Planning Time": 0.093,
    "Triggers": [],
    "Execution Time": 988.417
  }
]