[
  {
    "Plan": {
      "Node Type": "Aggregate",
      "Strategy": "Plain",
      "Partial Mode": "Finalize",
      "Parallel Aware": false,
      "Startup Cost": 353126.31,
      "Total Cost": 353126.32,
      "Plan Rows": 1,
      "Plan Width": 8,
      "Actual Startup Time": 860.401,
      "Actual Total Time": 917.474,
      "Actual Rows": 1,
      "Actual Loops": 1,
      "Plans": [
        {
          "Node Type": "Gather",
          "Parent Relationship": "Outer",
          "Parallel Aware": false,
          "Startup Cost": 353125.68,
          "Total Cost": 353126.29,
          "Plan Rows": 6,
          "Plan Width": 8,
          "Actual Startup Time": 860.254,
          "Actual Total Time": 917.463,
          "Actual Rows": 7,
          "Actual Loops": 1,
          "Workers Planned": 6,
          "Workers Launched": 6,
          "Single Copy": false,
          "Plans": [
            {
              "Node Type": "Aggregate",
              "Strategy": "Plain",
              "Partial Mode": "Partial",
              "Parent Relationship": "Outer",
              "Parallel Aware": false,
              "Startup Cost": 352125.68,
              "Total Cost": 352125.69,
              "Plan Rows": 1,
              "Plan Width": 8,
              "Actual Startup Time": 850.568,
              "Actual Total Time": 850.569,
              "Actual Rows": 1,
              "Actual Loops": 7,
              "Plans": [
                {
                  "Node Type": "Seq Scan",
                  "Parent Relationship": "Outer",
                  "Parallel Aware": true,
                  "Relation Name": "cast_info",
                  "Alias": "ci",
                  "Startup Cost": 0.0,
                  "Total Cost": 343257.03,
                  "Plan Rows": 3547461,
                  "Plan Width": 0,
                  "Actual Startup Time": 0.057,
                  "Actual Total Time": 700.176,
                  "Actual Rows": 3540339,
                  "Actual Loops": 7,
                  "Filter": "((person_id < 2858557) AND (role_id < 6))",
                  "Rows Removed by Filter": 1637424
                }
              ]
            }
          ]
        }
      ]
    },
    "Planning Time": 0.238,
    "Triggers": [],
    "Execution Time": 917.552
  }
]