[
  {
    "Plan": {
      "Node Type": "Aggregate",
      "Strategy": "Plain",
      "Partial Mode": "Finalize",
      "Parallel Aware": false,
      "Startup Cost": 185604.16,
      "Total Cost": 185604.17,
      "Plan Rows": 1,
      "Plan Width": 8,
      "Actual Startup Time": 328.571,
      "Actual Total Time": 342.701,
      "Actual Rows": 1,
      "Actual Loops": 1,
      "Plans": [
        {
          "Node Type": "Gather",
          "Parent Relationship": "Outer",
          "Parallel Aware": false,
          "Startup Cost": 185603.84,
          "Total Cost": 185604.15,
          "Plan Rows": 3,
          "Plan Width": 8,
          "Actual Startup Time": 328.524,
          "Actual Total Time": 342.694,
          "Actual Rows": 4,
          "Actual Loops": 1,
          "Workers Planned": 3,
          "Workers Launched": 3,
          "Single Copy": false,
          "Plans": [
            {
              "Node Type": "Aggregate",
              "Strategy": "Plain",
              "Partial Mode": "Partial",
              "Parent Relationship": "Outer",
              "Parallel Aware": false,
              "Startup Cost": 184603.84,
              "Total Cost": 184603.85,
              "Plan Rows": 1,
              "Plan Width": 8,
              "Actual Startup Time": 320.049,
              "Actual Total Time": 320.052,
              "Actual Rows": 1,
              "Actual Loops": 4,
              "Plans": [
                {
                  "Node Type": "Nested Loop",
                  "Parent Relationship": "Outer",
                  "Parallel Aware": false,
                  "Join Type": "Inner",
                  "Startup Cost": 103225.23,
                  "Total Cost": 184590.81,
                  "Plan Rows": 5212,
                  "Plan Width": 0,
                  "Actual Startup Time": 179.281,
                  "Actual Total Time": 317.633,
                  "Actual Rows": 32724,
                  "Actual Loops": 4,
                  "Inner Unique": true,
                  "Plans": [
                    {
                      "Node Type": "Bitmap Heap Scan",
                      "Parent Relationship": "Outer",
                      "Parallel Aware": true,
                      "Relation Name": "cast_info",
                      "Alias": "ci",
                      "Startup Cost": 103224.8,
                      "Total Cost": 154241.76,
                      "Plan Rows": 5212,
                      "Plan Width": 4,
                      "Actual Startup Time": 179.044,
                      "Actual Total Time": 184.246,
                      "Actual Rows": 32724,
                      "Actual Loops": 4,
                      "Recheck Cond": "((person_id > 4041565) AND (role_id > 8))",
                      "Rows Removed by Index Recheck": 0,
                      "Exact Heap Blocks": 541,
                      "Lossy Heap Blocks": 0,
                      "Plans": [
                        {
                          "Node Type": "BitmapAnd",
                          "Parent Relationship": "Outer",
                          "Parallel Aware": false,
                          "Startup Cost": 103224.8,
                          "Total Cost": 103224.8,
                          "Plan Rows": 16158,
                          "Plan Width": 0,
                          "Actual Startup Time": 186.294,
                          "Actual Total Time": 186.295,
                          "Actual Rows": 0,
                          "Actual Loops": 1,
                          "Plans": [
                            {
                              "Node Type": "Bitmap Index Scan",
                              "Parent Relationship": "Member",
                              "Parallel Aware": false,
                              "Index Name": "person_id_cast_info",
                              "Startup Cost": 0.0,
                              "Total Cost": 2259.41,
                              "Plan Rows": 103312,
                              "Plan Width": 0,
                              "Actual Startup Time": 14.971,
                              "Actual Total Time": 14.971,
                              "Actual Rows": 130895,
                              "Actual Loops": 1,
                              "Index Cond": "(person_id > 4041565)"
                            },
                            {
                              "Node Type": "Bitmap Index Scan",
                              "Parent Relationship": "Member",
                              "Parallel Aware": false,
                              "Index Name": "role_id_cast_info",
                              "Startup Cost": 0.0,
                              "Total Cost": 100957.07,
                              "Plan Rows": 5669934,
                              "Plan Width": 0,
                              "Actual Startup Time": 171.247,
                              "Actual Total Time": 171.247,
                              "Actual Rows": 5732694,
                              "Actual Loops": 1,
                              "Index Cond": "(role_id > 8)"
                            }
                          ]
                        }
                      ]
                    },
                    {
                      "Node Type": "Index Only Scan",
                      "Parent Relationship": "Inner",
                      "Parallel Aware": false,
                      "Scan Direction": "Forward",
                      "Index Name": "title_pkey",
                      "Relation Name": "title",
                      "Alias": "t",
                      "Startup Cost": 0.43,
                      "Total Cost": 5.82,
                      "Plan Rows": 1,
                      "Plan Width": 4,
                      "Actual Startup Time": 0.004,
                      "Actual Total Time": 0.004,
                      "Actual Rows": 1,
                      "Actual Loops": 130895,
                      "Index Cond": "(id = ci.movie_id)",
                      "Rows Removed by Index Recheck": 0,
                      "Heap Fetches": 130895
                    }
                  ]
                }
              ]
            }
          ]
        }
      ]
    },
    "Planning Time": 0.72,
    "Triggers": [],
    "Execution Time": 342.794
  }
]