[
    {
        "Bao": {
            "Bao prediction": "NaN",
            "Bao recommended hint": "(no hint)"
        }
    },
    {
        "Plan": {
            "Node Type": "Aggregate",
            "Strategy": "Plain",
            "Partial Mode": "Finalize",
            "Parallel Aware": false,
            "Startup Cost": 54700.89,
            "Total Cost": 54700.9,
            "Plan Rows": 1,
            "Plan Width": 8,
            "Actual Startup Time": 129.616,
            "Actual Total Time": 135.97,
            "Actual Rows": 1,
            "Actual Loops": 1,
            "Output": [
                "count(*)"
            ],
            "Plans": [
                {
                    "Node Type": "Gather",
                    "Parent Relationship": "Outer",
                    "Parallel Aware": false,
                    "Startup Cost": 54700.68,
                    "Total Cost": 54700.89,
                    "Plan Rows": 2,
                    "Plan Width": 8,
                    "Actual Startup Time": 129.043,
                    "Actual Total Time": 135.962,
                    "Actual Rows": 3,
                    "Actual Loops": 1,
                    "Output": [
                        "(PARTIAL count(*))"
                    ],
                    "Workers Planned": 2,
                    "Workers Launched": 2,
                    "Single Copy": false,
                    "Plans": [
                        {
                            "Node Type": "Aggregate",
                            "Strategy": "Plain",
                            "Partial Mode": "Partial",
                            "Parent Relationship": "Outer",
                            "Parallel Aware": false,
                            "Startup Cost": 53700.68,
                            "Total Cost": 53700.69,
                            "Plan Rows": 1,
                            "Plan Width": 8,
                            "Actual Startup Time": 121.113,
                            "Actual Total Time": 121.118,
                            "Actual Rows": 1,
                            "Actual Loops": 3,
                            "Output": [
                                "PARTIAL count(*)"
                            ],
                            "Workers": [
                                {
                                    "Worker Number": 0,
                                    "Actual Startup Time": 117.055,
                                    "Actual Total Time": 117.058,
                                    "Actual Rows": 1,
                                    "Actual Loops": 1
                                },
                                {
                                    "Worker Number": 1,
                                    "Actual Startup Time": 117.668,
                                    "Actual Total Time": 117.671,
                                    "Actual Rows": 1,
                                    "Actual Loops": 1
                                }
                            ],
                            "Plans": [
                                {
                                    "Node Type": "Hash Join",
                                    "Parent Relationship": "Outer",
                                    "Parallel Aware": true,
                                    "Join Type": "Inner",
                                    "Startup Cost": 38458.58,
                                    "Total Cost": 53653.14,
                                    "Plan Rows": 19016,
                                    "Plan Width": 0,
                                    "Actual Startup Time": 71.684,
                                    "Actual Total Time": 119.563,
                                    "Actual Rows": 34906,
                                    "Actual Loops": 3,
                                    "Inner Unique": true,
                                    "Hash Cond": "(mi_idx.movie_id = t.id)",
                                    "Workers": [
                                        {
                                            "Worker Number": 0,
                                            "Actual Startup Time": 67.63,
                                            "Actual Total Time": 115.491,
                                            "Actual Rows": 33380,
                                            "Actual Loops": 1
                                        },
                                        {
                                            "Worker Number": 1,
                                            "Actual Startup Time": 68.199,
                                            "Actual Total Time": 116.135,
                                            "Actual Rows": 32975,
                                            "Actual Loops": 1
                                        }
                                    ],
                                    "Plans": [
                                        {
                                            "Node Type": "Seq Scan",
                                            "Parent Relationship": "Outer",
                                            "Parallel Aware": true,
                                            "Relation Name": "movie_info_idx",
                                            "Schema": "public",
                                            "Alias": "mi_idx",
                                            "Startup Cost": 0.0,
                                            "Total Cost": 13685.15,
                                            "Plan Rows": 575015,
                                            "Plan Width": 4,
                                            "Actual Startup Time": 0.02,
                                            "Actual Total Time": 34.331,
                                            "Actual Rows": 460012,
                                            "Actual Loops": 3,
                                            "Output": [
                                                "mi_idx.id",
                                                "mi_idx.movie_id",
                                                "mi_idx.info_type_id",
                                                "mi_idx.info",
                                                "mi_idx.note"
                                            ],
                                            "Workers": [
                                                {
                                                    "Worker Number": 0,
                                                    "Actual Startup Time": 0.027,
                                                    "Actual Total Time": 35.48,
                                                    "Actual Rows": 446642,
                                                    "Actual Loops": 1
                                                },
                                                {
                                                    "Worker Number": 1,
                                                    "Actual Startup Time": 0.025,
                                                    "Actual Total Time": 34.618,
                                                    "Actual Rows": 421867,
                                                    "Actual Loops": 1
                                                }
                                            ]
                                        },
                                        {
                                            "Node Type": "Hash",
                                            "Parent Relationship": "Inner",
                                            "Parallel Aware": true,
                                            "Startup Cost": 38197.29,
                                            "Total Cost": 38197.29,
                                            "Plan Rows": 20903,
                                            "Plan Width": 4,
                                            "Actual Startup Time": 41.194,
                                            "Actual Total Time": 41.197,
                                            "Actual Rows": 30022,
                                            "Actual Loops": 3,
                                            "Output": [
                                                "t.id"
                                            ],
                                            "Hash Buckets": 131072,
                                            "Original Hash Buckets": 131072,
                                            "Hash Batches": 1,
                                            "Original Hash Batches": 1,
                                            "Peak Memory Usage": 4576,
                                            "Workers": [
                                                {
                                                    "Worker Number": 0,
                                                    "Actual Startup Time": 37.347,
                                                    "Actual Total Time": 37.348,
                                                    "Actual Rows": 15791,
                                                    "Actual Loops": 1
                                                },
                                                {
                                                    "Worker Number": 1,
                                                    "Actual Startup Time": 37.898,
                                                    "Actual Total Time": 37.899,
                                                    "Actual Rows": 13018,
                                                    "Actual Loops": 1
                                                }
                                            ],
                                            "Plans": [
                                                {
                                                    "Node Type": "Bitmap Heap Scan",
                                                    "Parent Relationship": "Outer",
                                                    "Parallel Aware": true,
                                                    "Relation Name": "title",
                                                    "Schema": "public",
                                                    "Alias": "t",
                                                    "Startup Cost": 1821.3,
                                                    "Total Cost": 38197.29,
                                                    "Plan Rows": 20903,
                                                    "Plan Width": 4,
                                                    "Actual Startup Time": 2.688,
                                                    "Actual Total Time": 32.731,
                                                    "Actual Rows": 30022,
                                                    "Actual Loops": 3,
                                                    "Output": [
                                                        "t.id"
                                                    ],
                                                    "Recheck Cond": "(t.kind_id = 3)",
                                                    "Rows Removed by Index Recheck": 0,
                                                    "Filter": "(t.production_year > 1968)",
                                                    "Rows Removed by Filter": 3490,
                                                    "Exact Heap Blocks": 8743,
                                                    "Lossy Heap Blocks": 0,
                                                    "Workers": [
                                                        {
                                                            "Worker Number": 0,
                                                            "Actual Startup Time": 0.158,
                                                            "Actual Total Time": 30.726,
                                                            "Actual Rows": 15791,
                                                            "Actual Loops": 1
                                                        },
                                                        {
                                                            "Worker Number": 1,
                                                            "Actual Startup Time": 0.179,
                                                            "Actual Total Time": 30.809,
                                                            "Actual Rows": 13018,
                                                            "Actual Loops": 1
                                                        }
                                                    ],
                                                    "Plans": [
                                                        {
                                                            "Node Type": "Bitmap Index Scan",
                                                            "Parent Relationship": "Outer",
                                                            "Parallel Aware": false,
                                                            "Index Name": "kind_id_title",
                                                            "Startup Cost": 0.0,
                                                            "Total Cost": 1800.4,
                                                            "Plan Rows": 100796,
                                                            "Plan Width": 0,
                                                            "Actual Startup Time": 5.41,
                                                            "Actual Total Time": 5.41,
                                                            "Actual Rows": 100537,
                                                            "Actual Loops": 1,
                                                            "Index Cond": "(t.kind_id = 3)"
                                                        }
                                                    ]
                                                }
                                            ]
                                        }
                                    ]
                                }
                            ]
                        }
                    ]
                }
            ]
        },
        "Planning Time": 191.898,
        "Triggers": [],
        "Execution Time": 136.097
    }
]