[
  {
    "Plan": {
      "Node Type": "Aggregate",
      "Strategy": "Plain",
      "Partial Mode": "Finalize",
      "Parallel Aware": false,
      "Startup Cost": 334712.95,
      "Total Cost": 334712.96,
      "Plan Rows": 1,
      "Plan Width": 8,
      "Actual Startup Time": 673.475,
      "Actual Total Time": 729.938,
      "Actual Rows": 1,
      "Actual Loops": 1,
      "Plans": [
        {
          "Node Type": "Gather",
          "Parent Relationship": "Outer",
          "Parallel Aware": false,
          "Startup Cost": 334712.33,
          "Total Cost": 334712.93,
          "Plan Rows": 6,
          "Plan Width": 8,
          "Actual Startup Time": 673.35,
          "Actual Total Time": 729.927,
          "Actual Rows": 7,
          "Actual Loops": 1,
          "Workers Planned": 6,
          "Workers Launched": 6,
          "Single Copy": false,
          "Plans": [
            {
              "Node Type": "Aggregate",
              "Strategy": "Plain",
              "Partial Mode": "Partial",
              "Parent Relationship": "Outer",
              "Parallel Aware": false,
              "Startup Cost": 333712.33,
              "Total Cost": 333712.34,
              "Plan Rows": 1,
              "Plan Width": 8,
              "Actual Startup Time": 663.019,
              "Actual Total Time": 663.02,
              "Actual Rows": 1,
              "Actual Loops": 7,
              "Plans": [
                {
                  "Node Type": "Seq Scan",
                  "Parent Relationship": "Outer",
                  "Parallel Aware": true,
                  "Relation Name": "cast_info",
                  "Alias": "ci",
                  "Startup Cost": 0.0,
                  "Total Cost": 328162.03,
                  "Plan Rows": 2220120,
                  "Plan Width": 0,
                  "Actual Startup Time": 259.826,
                  "Actual Total Time": 578.695,
                  "Actual Rows": 1897864,
                  "Actual Loops": 7,
                  "Filter": "(person_id > 2344205)",
                  "Rows Removed by Filter": 3279899
                }
              ]
            }
          ]
        }
      ]
    },
    "Planning Time": 0.18,
    "Triggers": [],
    "Execution Time": 730.007
  }
]