{
  "Plan": {
    "Node Type": "Aggregate",
    "Strategy": "Plain",
    "Partial Mode": "Finalize",
    "Parallel Aware": false,
    "Startup Cost": 165255.32,
    "Total Cost": 165255.33,
    "Plan Rows": 1,
    "Plan Width": 8,
    "Actual Startup Time": 1106.137,
    "Actual Total Time": 1125.516,
    "Actual Rows": 1,
    "Actual Loops": 1,
    "Plans": [
      {
        "Node Type": "Gather",
        "Parent Relationship": "Outer",
        "Parallel Aware": false,
        "Startup Cost": 165255.21,
        "Total Cost": 165255.32,
        "Plan Rows": 1,
        "Plan Width": 8,
        "Actual Startup Time": 1105.937,
        "Actual Total Time": 1125.508,
        "Actual Rows": 2,
        "Actual Loops": 1,
        "Workers Planned": 1,
        "Workers Launched": 1,
        "Single Copy": false,
        "Plans": [
          {
            "Node Type": "Aggregate",
            "Strategy": "Plain",
            "Partial Mode": "Partial",
            "Parent Relationship": "Outer",
            "Parallel Aware": false,
            "Startup Cost": 164255.21,
            "Total Cost": 164255.22,
            "Plan Rows": 1,
            "Plan Width": 8,
            "Actual Startup Time": 1102.903,
            "Actual Total Time": 1102.904,
            "Actual Rows": 1,
            "Actual Loops": 2,
            "Plans": [
              {
                "Node Type": "Merge Join",
                "Parent Relationship": "Outer",
                "Parallel Aware": false,
                "Join Type": "Inner",
                "Startup Cost": 3.0,
                "Total Cost": 163721.91,
                "Plan Rows": 213318,
                "Plan Width": 0,
                "Actual Startup Time": 1.217,
                "Actual Total Time": 1095.944,
                "Actual Rows": 126274,
                "Actual Loops": 2,
                "Inner Unique": false,
                "Merge Cond": "(t.id = mi_idx.movie_id)",
                "Plans": [
                  {
                    "Node Type": "Index Scan",
                    "Parent Relationship": "Outer",
                    "Parallel Aware": true,
                    "Scan Direction": "Forward",
                    "Index Name": "title_pkey",
                    "Relation Name": "title",
                    "Alias": "t",
                    "Startup Cost": 0.43,
                    "Total Cost": 103647.43,
                    "Plan Rows": 390808,
                    "Plan Width": 4,
                    "Actual Startup Time": 0.746,
                    "Actual Total Time": 671.101,
                    "Actual Rows": 330929,
                    "Actual Loops": 2,
                    "Filter": "(production_year > 2008)",
                    "Rows Removed by Filter": 932024
                  },
                  {
                    "Node Type": "Index Only Scan",
                    "Parent Relationship": "Inner",
                    "Parallel Aware": false,
                    "Scan Direction": "Forward",
                    "Index Name": "movie_id_movie_info_idx",
                    "Relation Name": "movie_info_idx",
                    "Alias": "mi_idx",
                    "Startup Cost": 0.43,
                    "Total Cost": 53620.22,
                    "Plan Rows": 1380035,
                    "Plan Width": 4,
                    "Actual Startup Time": 0.087,
                    "Actual Total Time": 308.511,
                    "Actual Rows": 1380035,
                    "Actual Loops": 2,
                    "Heap Fetches": 2760070
                  }
                ]
              }
            ]
          }
        ]
      }
    ]
  },
  "Planning Time": 0.668,
  "Triggers": [],
  "Execution Time": 1125.591
}