[
    {
        "Bao": {
            "Bao prediction": "NaN",
            "Bao recommended hint": "(no hint)"
        }
    },
    {
        "Plan": {
            "Node Type": "Aggregate",
            "Strategy": "Plain",
            "Partial Mode": "Finalize",
            "Parallel Aware": false,
            "Startup Cost": 23270.32,
            "Total Cost": 23270.33,
            "Plan Rows": 1,
            "Plan Width": 8,
            "Actual Startup Time": 32.182,
            "Actual Total Time": 35.2,
            "Actual Rows": 1,
            "Actual Loops": 1,
            "Output": [
                "count(*)"
            ],
            "Plans": [
                {
                    "Node Type": "Gather",
                    "Parent Relationship": "Outer",
                    "Parallel Aware": false,
                    "Startup Cost": 23270.01,
                    "Total Cost": 23270.32,
                    "Plan Rows": 3,
                    "Plan Width": 8,
                    "Actual Startup Time": 32.025,
                    "Actual Total Time": 35.192,
                    "Actual Rows": 4,
                    "Actual Loops": 1,
                    "Output": [
                        "(PARTIAL count(*))"
                    ],
                    "Workers Planned": 3,
                    "Workers Launched": 3,
                    "Single Copy": false,
                    "Plans": [
                        {
                            "Node Type": "Aggregate",
                            "Strategy": "Plain",
                            "Partial Mode": "Partial",
                            "Parent Relationship": "Outer",
                            "Parallel Aware": false,
                            "Startup Cost": 22270.01,
                            "Total Cost": 22270.02,
                            "Plan Rows": 1,
                            "Plan Width": 8,
                            "Actual Startup Time": 23.715,
                            "Actual Total Time": 23.717,
                            "Actual Rows": 1,
                            "Actual Loops": 4,
                            "Output": [
                                "PARTIAL count(*)"
                            ],
                            "Workers": [
                                {
                                    "Worker Number": 0,
                                    "Actual Startup Time": 20.723,
                                    "Actual Total Time": 20.724,
                                    "Actual Rows": 1,
                                    "Actual Loops": 1
                                },
                                {
                                    "Worker Number": 1,
                                    "Actual Startup Time": 21.148,
                                    "Actual Total Time": 21.15,
                                    "Actual Rows": 1,
                                    "Actual Loops": 1
                                },
                                {
                                    "Worker Number": 2,
                                    "Actual Startup Time": 21.222,
                                    "Actual Total Time": 21.224,
                                    "Actual Rows": 1,
                                    "Actual Loops": 1
                                }
                            ],
                            "Plans": [
                                {
                                    "Node Type": "Bitmap Heap Scan",
                                    "Parent Relationship": "Outer",
                                    "Parallel Aware": true,
                                    "Relation Name": "movie_companies",
                                    "Schema": "public",
                                    "Alias": "mc",
                                    "Startup Cost": 2845.19,
                                    "Total Cost": 22164.2,
                                    "Plan Rows": 42321,
                                    "Plan Width": 0,
                                    "Actual Startup Time": 2.702,
                                    "Actual Total Time": 21.275,
                                    "Actual Rows": 33425,
                                    "Actual Loops": 4,
                                    "Recheck Cond": "(mc.company_id > 139422)",
                                    "Rows Removed by Index Recheck": 0,
                                    "Exact Heap Blocks": 2385,
                                    "Lossy Heap Blocks": 0,
                                    "Workers": [
                                        {
                                            "Worker Number": 0,
                                            "Actual Startup Time": 0.252,
                                            "Actual Total Time": 18.775,
                                            "Actual Rows": 14620,
                                            "Actual Loops": 1
                                        },
                                        {
                                            "Worker Number": 1,
                                            "Actual Startup Time": 0.303,
                                            "Actual Total Time": 19.069,
                                            "Actual Rows": 17437,
                                            "Actual Loops": 1
                                        },
                                        {
                                            "Worker Number": 2,
                                            "Actual Startup Time": 0.173,
                                            "Actual Total Time": 19.21,
                                            "Actual Rows": 15329,
                                            "Actual Loops": 1
                                        }
                                    ],
                                    "Plans": [
                                        {
                                            "Node Type": "Bitmap Index Scan",
                                            "Parent Relationship": "Outer",
                                            "Parallel Aware": false,
                                            "Index Name": "company_id_movie_companies",
                                            "Startup Cost": 0.0,
                                            "Total Cost": 2812.39,
                                            "Plan Rows": 131195,
                                            "Plan Width": 0,
                                            "Actual Startup Time": 9.353,
                                            "Actual Total Time": 9.354,
                                            "Actual Rows": 133700,
                                            "Actual Loops": 1,
                                            "Index Cond": "(mc.company_id > 139422)"
                                        }
                                    ]
                                }
                            ]
                        }
                    ]
                }
            ]
        },
        "Planning Time": 204.151,
        "Triggers": [],
        "Execution Time": 35.25
    }
]