[
  {
    "Plan": {
      "Node Type": "Aggregate",
      "Strategy": "Plain",
      "Partial Mode": "Finalize",
      "Parallel Aware": false,
      "Startup Cost": 89939.0,
      "Total Cost": 89939.01,
      "Plan Rows": 1,
      "Plan Width": 8,
      "Actual Startup Time": 219.607,
      "Actual Total Time": 237.368,
      "Actual Rows": 1,
      "Actual Loops": 1,
      "Plans": [
        {
          "Node Type": "Gather",
          "Parent Relationship": "Outer",
          "Parallel Aware": false,
          "Startup Cost": 89938.68,
          "Total Cost": 89938.99,
          "Plan Rows": 3,
          "Plan Width": 8,
          "Actual Startup Time": 219.211,
          "Actual Total Time": 237.36,
          "Actual Rows": 4,
          "Actual Loops": 1,
          "Workers Planned": 3,
          "Workers Launched": 3,
          "Single Copy": false,
          "Plans": [
            {
              "Node Type": "Aggregate",
              "Strategy": "Plain",
              "Partial Mode": "Partial",
              "Parent Relationship": "Outer",
              "Parallel Aware": false,
              "Startup Cost": 88938.68,
              "Total Cost": 88938.69,
              "Plan Rows": 1,
              "Plan Width": 8,
              "Actual Startup Time": 210.275,
              "Actual Total Time": 210.278,
              "Actual Rows": 1,
              "Actual Loops": 4,
              "Plans": [
                {
                  "Node Type": "Hash Join",
                  "Parent Relationship": "Outer",
                  "Parallel Aware": true,
                  "Join Type": "Inner",
                  "Startup Cost": 45604.99,
                  "Total Cost": 88929.14,
                  "Plan Rows": 3815,
                  "Plan Width": 0,
                  "Actual Startup Time": 106.2,
                  "Actual Total Time": 210.166,
                  "Actual Rows": 1597,
                  "Actual Loops": 4,
                  "Inner Unique": true,
                  "Hash Cond": "(mk.movie_id = t.id)",
                  "Plans": [
                    {
                      "Node Type": "Seq Scan",
                      "Parent Relationship": "Outer",
                      "Parallel Aware": true,
                      "Relation Name": "movie_keyword",
                      "Alias": "mk",
                      "Startup Cost": 0.0,
                      "Total Cost": 42695.65,
                      "Plan Rows": 239429,
                      "Plan Width": 4,
                      "Actual Startup Time": 2.199,
                      "Actual Total Time": 89.729,
                      "Actual Rows": 183789,
                      "Actual Loops": 4,
                      "Filter": "(keyword_id > 25612)",
                      "Rows Removed by Filter": 947193
                    },
                    {
                      "Node Type": "Hash",
                      "Parent Relationship": "Inner",
                      "Parallel Aware": true,
                      "Startup Cost": 45479.1,
                      "Total Cost": 45479.1,
                      "Plan Rows": 10071,
                      "Plan Width": 4,
                      "Actual Startup Time": 102.216,
                      "Actual Total Time": 102.217,
                      "Actual Rows": 10746,
                      "Actual Loops": 4,
                      "Hash Buckets": 65536,
                      "Original Hash Buckets": 65536,
                      "Hash Batches": 1,
                      "Original Hash Batches": 1,
                      "Peak Memory Usage": 2240,
                      "Plans": [
                        {
                          "Node Type": "Seq Scan",
                          "Parent Relationship": "Outer",
                          "Parallel Aware": true,
                          "Relation Name": "title",
                          "Alias": "t",
                          "Startup Cost": 0.0,
                          "Total Cost": 45479.1,
                          "Plan Rows": 10071,
                          "Plan Width": 4,
                          "Actual Startup Time": 0.074,
                          "Actual Total Time": 96.991,
                          "Actual Rows": 10746,
                          "Actual Loops": 4,
                          "Filter": "((kind_id > 1) AND (production_year = 1999))",
                          "Rows Removed by Filter": 621332
                        }
                      ]
                    }
                  ]
                }
              ]
            }
          ]
        }
      ]
    },
    "Planning Time": 0.682,
    "Triggers": [],
    "Execution Time": 237.468
  }
]