{
  "Plan": {
    "Node Type": "Aggregate",
    "Strategy": "Plain",
    "Partial Mode": "Finalize",
    "Parallel Aware": false,
    "Startup Cost": 331867.58,
    "Total Cost": 331867.59,
    "Plan Rows": 1,
    "Plan Width": 8,
    "Actual Startup Time": 327.329,
    "Actual Total Time": 337.275,
    "Actual Rows": 1,
    "Actual Loops": 1,
    "Plans": [
      {
        "Node Type": "Gather",
        "Parent Relationship": "Outer",
        "Parallel Aware": false,
        "Startup Cost": 331867.47,
        "Total Cost": 331867.58,
        "Plan Rows": 1,
        "Plan Width": 8,
        "Actual Startup Time": 326.353,
        "Actual Total Time": 337.266,
        "Actual Rows": 2,
        "Actual Loops": 1,
        "Workers Planned": 1,
        "Workers Launched": 1,
        "Single Copy": false,
        "Plans": [
          {
            "Node Type": "Aggregate",
            "Strategy": "Plain",
            "Partial Mode": "Partial",
            "Parent Relationship": "Outer",
            "Parallel Aware": false,
            "Startup Cost": 330867.47,
            "Total Cost": 330867.48,
            "Plan Rows": 1,
            "Plan Width": 8,
            "Actual Startup Time": 322.978,
            "Actual Total Time": 322.982,
            "Actual Rows": 1,
            "Actual Loops": 2,
            "Plans": [
              {
                "Node Type": "Hash Join",
                "Parent Relationship": "Outer",
                "Parallel Aware": true,
                "Join Type": "Inner",
                "Startup Cost": 67430.53,
                "Total Cost": 330785.75,
                "Plan Rows": 32686,
                "Plan Width": 0,
                "Actual Startup Time": 236.568,
                "Actual Total Time": 321.571,
                "Actual Rows": 31385,
                "Actual Loops": 2,
                "Inner Unique": true,
                "Hash Cond": "(ci.movie_id = t.id)",
                "Plans": [
                  {
                    "Node Type": "Bitmap Heap Scan",
                    "Parent Relationship": "Outer",
                    "Parallel Aware": true,
                    "Relation Name": "cast_info",
                    "Alias": "ci",
                    "Startup Cost": 9966.44,
                    "Total Cost": 272766.99,
                    "Plan Rows": 211302,
                    "Plan Width": 4,
                    "Actual Startup Time": 17.037,
                    "Actual Total Time": 49.874,
                    "Actual Rows": 198247,
                    "Actual Loops": 2,
                    "Recheck Cond": "(person_id < 49815)",
                    "Rows Removed by Index Recheck": 0,
                    "Filter": "(role_id < 8)",
                    "Rows Removed by Filter": 21124,
                    "Exact Heap Blocks": 2645,
                    "Lossy Heap Blocks": 0,
                    "Plans": [
                      {
                        "Node Type": "Bitmap Index Scan",
                        "Parent Relationship": "Outer",
                        "Parallel Aware": false,
                        "Index Name": "person_id_cast_info",
                        "Startup Cost": 0.0,
                        "Total Cost": 9876.64,
                        "Plan Rows": 452276,
                        "Plan Width": 0,
                        "Actual Startup Time": 16.306,
                        "Actual Total Time": 16.307,
                        "Actual Rows": 438742,
                        "Actual Loops": 1,
                        "Index Cond": "(person_id < 49815)"
                      }
                    ]
                  },
                  {
                    "Node Type": "Hash",
                    "Parent Relationship": "Inner",
                    "Parallel Aware": true,
                    "Startup Cost": 54588.39,
                    "Total Cost": 54588.39,
                    "Plan Rows": 230056,
                    "Plan Width": 4,
                    "Actual Startup Time": 213.907,
                    "Actual Total Time": 213.908,
                    "Actual Rows": 195833,
                    "Actual Loops": 2,
                    "Hash Buckets": 524288,
                    "Original Hash Buckets": 524288,
                    "Hash Batches": 1,
                    "Original Hash Batches": 1,
                    "Peak Memory Usage": 19424,
                    "Plans": [
                      {
                        "Node Type": "Seq Scan",
                        "Parent Relationship": "Outer",
                        "Parallel Aware": true,
                        "Relation Name": "title",
                        "Alias": "t",
                        "Startup Cost": 0.0,
                        "Total Cost": 54588.39,
                        "Plan Rows": 230056,
                        "Plan Width": 4,
                        "Actual Startup Time": 0.023,
                        "Actual Total Time": 148.661,
                        "Actual Rows": 195833,
                        "Actual Loops": 2,
                        "Filter": "(production_year > 2010)",
                        "Rows Removed by Filter": 1068323
                      }
                    ]
                  }
                ]
              }
            ]
          }
        ]
      }
    ]
  },
  "Planning Time": 0.545,
  "Triggers": [],
  "Execution Time": 337.403
}