[
  {
    "Plan": {
      "Node Type": "Aggregate",
      "Strategy": "Plain",
      "Partial Mode": "Finalize",
      "Parallel Aware": false,
      "Startup Cost": 336922.32,
      "Total Cost": 336922.33,
      "Plan Rows": 1,
      "Plan Width": 8,
      "Actual Startup Time": 675.129,
      "Actual Total Time": 735.18,
      "Actual Rows": 1,
      "Actual Loops": 1,
      "Plans": [
        {
          "Node Type": "Gather",
          "Parent Relationship": "Outer",
          "Parallel Aware": false,
          "Startup Cost": 336921.69,
          "Total Cost": 336922.3,
          "Plan Rows": 6,
          "Plan Width": 8,
          "Actual Startup Time": 675.013,
          "Actual Total Time": 735.17,
          "Actual Rows": 7,
          "Actual Loops": 1,
          "Workers Planned": 6,
          "Workers Launched": 6,
          "Single Copy": false,
          "Plans": [
            {
              "Node Type": "Aggregate",
              "Strategy": "Plain",
              "Partial Mode": "Partial",
              "Parent Relationship": "Outer",
              "Parallel Aware": false,
              "Startup Cost": 335921.69,
              "Total Cost": 335921.7,
              "Plan Rows": 1,
              "Plan Width": 8,
              "Actual Startup Time": 666.264,
              "Actual Total Time": 666.265,
              "Actual Rows": 1,
              "Actual Loops": 7,
              "Plans": [
                {
                  "Node Type": "Seq Scan",
                  "Parent Relationship": "Outer",
                  "Parallel Aware": true,
                  "Relation Name": "cast_info",
                  "Alias": "ci",
                  "Startup Cost": 0.0,
                  "Total Cost": 328162.03,
                  "Plan Rows": 3103867,
                  "Plan Width": 0,
                  "Actual Startup Time": 184.373,
                  "Actual Total Time": 563.621,
                  "Actual Rows": 2656176,
                  "Actual Loops": 7,
                  "Filter": "(person_id > 1747655)",
                  "Rows Removed by Filter": 2521588
                }
              ]
            }
          ]
        }
      ]
    },
    "Planning Time": 0.195,
    "Triggers": [],
    "Execution Time": 735.251
  }
]