[
  {
    "Plan": {
      "Node Type": "Aggregate",
      "Strategy": "Plain",
      "Partial Mode": "Finalize",
      "Parallel Aware": false,
      "Startup Cost": 326886.57,
      "Total Cost": 326886.58,
      "Plan Rows": 1,
      "Plan Width": 8,
      "Actual Startup Time": 485.766,
      "Actual Total Time": 515.333,
      "Actual Rows": 1,
      "Actual Loops": 1,
      "Plans": [
        {
          "Node Type": "Gather",
          "Parent Relationship": "Outer",
          "Parallel Aware": false,
          "Startup Cost": 326885.94,
          "Total Cost": 326886.55,
          "Plan Rows": 6,
          "Plan Width": 8,
          "Actual Startup Time": 485.542,
          "Actual Total Time": 515.316,
          "Actual Rows": 7,
          "Actual Loops": 1,
          "Workers Planned": 6,
          "Workers Launched": 6,
          "Single Copy": false,
          "Plans": [
            {
              "Node Type": "Aggregate",
              "Strategy": "Plain",
              "Partial Mode": "Partial",
              "Parent Relationship": "Outer",
              "Parallel Aware": false,
              "Startup Cost": 325885.94,
              "Total Cost": 325885.95,
              "Plan Rows": 1,
              "Plan Width": 8,
              "Actual Startup Time": 474.583,
              "Actual Total Time": 474.585,
              "Actual Rows": 1,
              "Actual Loops": 7,
              "Plans": [
                {
                  "Node Type": "Index Scan",
                  "Parent Relationship": "Outer",
                  "Parallel Aware": true,
                  "Scan Direction": "Forward",
                  "Index Name": "role_id_cast_info",
                  "Relation Name": "cast_info",
                  "Alias": "ci",
                  "Startup Cost": 0.56,
                  "Total Cost": 325153.08,
                  "Plan Rows": 293144,
                  "Plan Width": 0,
                  "Actual Startup Time": 65.862,
                  "Actual Total Time": 433.682,
                  "Actual Rows": 745548,
                  "Actual Loops": 7,
                  "Index Cond": "(role_id > 3)",
                  "Rows Removed by Index Recheck": 0,
                  "Filter": "(person_id > 3141119)",
                  "Rows Removed by Filter": 984973
                }
              ]
            }
          ]
        }
      ]
    },
    "Planning Time": 0.244,
    "Triggers": [],
    "Execution Time": 515.413
  }
]