[
  {
    "Plan": {
      "Node Type": "Aggregate",
      "Strategy": "Plain",
      "Partial Mode": "Finalize",
      "Parallel Aware": false,
      "Startup Cost": 46451.43,
      "Total Cost": 46451.44,
      "Plan Rows": 1,
      "Plan Width": 8,
      "Actual Startup Time": 181.957,
      "Actual Total Time": 191.224,
      "Actual Rows": 1,
      "Actual Loops": 1,
      "Plans": [
        {
          "Node Type": "Gather",
          "Parent Relationship": "Outer",
          "Parallel Aware": false,
          "Startup Cost": 46451.11,
          "Total Cost": 46451.42,
          "Plan Rows": 3,
          "Plan Width": 8,
          "Actual Startup Time": 181.821,
          "Actual Total Time": 191.213,
          "Actual Rows": 4,
          "Actual Loops": 1,
          "Workers Planned": 3,
          "Workers Launched": 3,
          "Single Copy": false,
          "Plans": [
            {
              "Node Type": "Aggregate",
              "Strategy": "Plain",
              "Partial Mode": "Partial",
              "Parent Relationship": "Outer",
              "Parallel Aware": false,
              "Startup Cost": 45451.11,
              "Total Cost": 45451.12,
              "Plan Rows": 1,
              "Plan Width": 8,
              "Actual Startup Time": 175.228,
              "Actual Total Time": 175.229,
              "Actual Rows": 1,
              "Actual Loops": 4,
              "Plans": [
                {
                  "Node Type": "Seq Scan",
                  "Parent Relationship": "Outer",
                  "Parallel Aware": true,
                  "Relation Name": "movie_keyword",
                  "Alias": "mk",
                  "Startup Cost": 0.0,
                  "Total Cost": 42695.65,
                  "Plan Rows": 1102183,
                  "Plan Width": 0,
                  "Actual Startup Time": 0.092,
                  "Actual Total Time": 131.57,
                  "Actual Rows": 851618,
                  "Actual Loops": 4,
                  "Filter": "(keyword_id > 1165)",
                  "Rows Removed by Filter": 279364
                }
              ]
            }
          ]
        }
      ]
    },
    "Planning Time": 0.094,
    "Triggers": [],
    "Execution Time": 191.269
  }
]