[
  {
    "Plan": {
      "Node Type": "Aggregate",
      "Strategy": "Plain",
      "Partial Mode": "Finalize",
      "Parallel Aware": false,
      "Startup Cost": 32807.39,
      "Total Cost": 32807.4,
      "Plan Rows": 1,
      "Plan Width": 8,
      "Actual Startup Time": 70.753,
      "Actual Total Time": 77.891,
      "Actual Rows": 1,
      "Actual Loops": 1,
      "Plans": [
        {
          "Node Type": "Gather",
          "Parent Relationship": "Outer",
          "Parallel Aware": false,
          "Startup Cost": 32807.08,
          "Total Cost": 32807.39,
          "Plan Rows": 3,
          "Plan Width": 8,
          "Actual Startup Time": 70.661,
          "Actual Total Time": 77.883,
          "Actual Rows": 4,
          "Actual Loops": 1,
          "Workers Planned": 3,
          "Workers Launched": 3,
          "Single Copy": false,
          "Plans": [
            {
              "Node Type": "Aggregate",
              "Strategy": "Plain",
              "Partial Mode": "Partial",
              "Parent Relationship": "Outer",
              "Parallel Aware": false,
              "Startup Cost": 31807.08,
              "Total Cost": 31807.09,
              "Plan Rows": 1,
              "Plan Width": 8,
              "Actual Startup Time": 65.88,
              "Actual Total Time": 65.881,
              "Actual Rows": 1,
              "Actual Loops": 4,
              "Plans": [
                {
                  "Node Type": "Seq Scan",
                  "Parent Relationship": "Outer",
                  "Parallel Aware": true,
                  "Relation Name": "movie_companies",
                  "Alias": "mc",
                  "Startup Cost": 0.0,
                  "Total Cost": 31414.82,
                  "Plan Rows": 156903,
                  "Plan Width": 0,
                  "Actual Startup Time": 12.222,
                  "Actual Total Time": 63.704,
                  "Actual Rows": 43590,
                  "Actual Loops": 4,
                  "Filter": "((company_id > 17125) AND (company_type_id < 2))",
                  "Rows Removed by Filter": 608693
                }
              ]
            }
          ]
        }
      ]
    },
    "Planning Time": 0.093,
    "Triggers": [],
    "Execution Time": 77.92
  }
]