[
  {
    "Plan": {
      "Node Type": "Aggregate",
      "Strategy": "Plain",
      "Partial Mode": "Finalize",
      "Parallel Aware": false,
      "Startup Cost": 46322.84,
      "Total Cost": 46322.85,
      "Plan Rows": 1,
      "Plan Width": 8,
      "Actual Startup Time": 158.106,
      "Actual Total Time": 167.788,
      "Actual Rows": 1,
      "Actual Loops": 1,
      "Plans": [
        {
          "Node Type": "Gather",
          "Parent Relationship": "Outer",
          "Parallel Aware": false,
          "Startup Cost": 46322.52,
          "Total Cost": 46322.83,
          "Plan Rows": 3,
          "Plan Width": 8,
          "Actual Startup Time": 157.958,
          "Actual Total Time": 167.778,
          "Actual Rows": 4,
          "Actual Loops": 1,
          "Workers Planned": 3,
          "Workers Launched": 3,
          "Single Copy": false,
          "Plans": [
            {
              "Node Type": "Aggregate",
              "Strategy": "Plain",
              "Partial Mode": "Partial",
              "Parent Relationship": "Outer",
              "Parallel Aware": false,
              "Startup Cost": 45322.52,
              "Total Cost": 45322.53,
              "Plan Rows": 1,
              "Plan Width": 8,
              "Actual Startup Time": 152.078,
              "Actual Total Time": 152.079,
              "Actual Rows": 1,
              "Actual Loops": 4,
              "Plans": [
                {
                  "Node Type": "Seq Scan",
                  "Parent Relationship": "Outer",
                  "Parallel Aware": true,
                  "Relation Name": "movie_keyword",
                  "Alias": "mk",
                  "Startup Cost": 0.0,
                  "Total Cost": 42695.65,
                  "Plan Rows": 1050746,
                  "Plan Width": 0,
                  "Actual Startup Time": 0.233,
                  "Actual Total Time": 116.936,
                  "Actual Rows": 813624,
                  "Actual Loops": 4,
                  "Filter": "(keyword_id > 1617)",
                  "Rows Removed by Filter": 317358
                }
              ]
            }
          ]
        }
      ]
    },
    "Planning Time": 0.155,
    "Triggers": [],
    "Execution Time": 167.838
  }
]