[
  {
    "Plan": {
      "Node Type": "Aggregate",
      "Strategy": "Plain",
      "Partial Mode": "Finalize",
      "Parallel Aware": false,
      "Startup Cost": 334113.89,
      "Total Cost": 334113.9,
      "Plan Rows": 1,
      "Plan Width": 8,
      "Actual Startup Time": 722.899,
      "Actual Total Time": 768.388,
      "Actual Rows": 1,
      "Actual Loops": 1,
      "Plans": [
        {
          "Node Type": "Gather",
          "Parent Relationship": "Outer",
          "Parallel Aware": false,
          "Startup Cost": 334113.27,
          "Total Cost": 334113.88,
          "Plan Rows": 6,
          "Plan Width": 8,
          "Actual Startup Time": 722.717,
          "Actual Total Time": 768.373,
          "Actual Rows": 7,
          "Actual Loops": 1,
          "Workers Planned": 6,
          "Workers Launched": 6,
          "Single Copy": false,
          "Plans": [
            {
              "Node Type": "Aggregate",
              "Strategy": "Plain",
              "Partial Mode": "Partial",
              "Parent Relationship": "Outer",
              "Parallel Aware": false,
              "Startup Cost": 333113.27,
              "Total Cost": 333113.28,
              "Plan Rows": 1,
              "Plan Width": 8,
              "Actual Startup Time": 713.998,
              "Actual Total Time": 714.0,
              "Actual Rows": 1,
              "Actual Loops": 7,
              "Plans": [
                {
                  "Node Type": "Seq Scan",
                  "Parent Relationship": "Outer",
                  "Parallel Aware": true,
                  "Relation Name": "cast_info",
                  "Alias": "ci",
                  "Startup Cost": 0.0,
                  "Total Cost": 328211.39,
                  "Plan Rows": 1960751,
                  "Plan Width": 0,
                  "Actual Startup Time": 0.062,
                  "Actual Total Time": 619.221,
                  "Actual Rows": 1697377,
                  "Actual Loops": 7,
                  "Filter": "(person_id < 1167758)",
                  "Rows Removed by Filter": 3480387
                }
              ]
            }
          ]
        }
      ]
    },
    "Planning Time": 0.205,
    "Triggers": [],
    "Execution Time": 768.466
  }
]