{
  "Plan": {
    "Node Type": "Aggregate",
    "Strategy": "Plain",
    "Partial Mode": "Finalize",
    "Parallel Aware": false,
    "Startup Cost": 822799.14,
    "Total Cost": 822799.15,
    "Plan Rows": 1,
    "Plan Width": 8,
    "Actual Startup Time": 4191.223,
    "Actual Total Time": 4255.039,
    "Actual Rows": 1,
    "Actual Loops": 1,
    "Plans": [
      {
        "Node Type": "Gather",
        "Parent Relationship": "Outer",
        "Parallel Aware": false,
        "Startup Cost": 822799.03,
        "Total Cost": 822799.14,
        "Plan Rows": 1,
        "Plan Width": 8,
        "Actual Startup Time": 4187.663,
        "Actual Total Time": 4255.028,
        "Actual Rows": 2,
        "Actual Loops": 1,
        "Workers Planned": 1,
        "Workers Launched": 1,
        "Single Copy": false,
        "Plans": [
          {
            "Node Type": "Aggregate",
            "Strategy": "Plain",
            "Partial Mode": "Partial",
            "Parent Relationship": "Outer",
            "Parallel Aware": false,
            "Startup Cost": 821799.03,
            "Total Cost": 821799.04,
            "Plan Rows": 1,
            "Plan Width": 8,
            "Actual Startup Time": 4180.186,
            "Actual Total Time": 4180.49,
            "Actual Rows": 1,
            "Actual Loops": 2,
            "Plans": [
              {
                "Node Type": "Hash Join",
                "Parent Relationship": "Outer",
                "Parallel Aware": true,
                "Join Type": "Inner",
                "Startup Cost": 504540.27,
                "Total Cost": 811154.05,
                "Plan Rows": 4257994,
                "Plan Width": 0,
                "Actual Startup Time": 1508.23,
                "Actual Total Time": 3957.197,
                "Actual Rows": 5604216,
                "Actual Loops": 2,
                "Inner Unique": false,
                "Hash Cond": "(mi.movie_id = t.id)",
                "Plans": [
                  {
                    "Node Type": "Seq Scan",
                    "Parent Relationship": "Outer",
                    "Parallel Aware": true,
                    "Relation Name": "movie_info",
                    "Alias": "mi",
                    "Startup Cost": 0.0,
                    "Total Cost": 248955.74,
                    "Plan Rows": 8696274,
                    "Plan Width": 4,
                    "Actual Startup Time": 0.018,
                    "Actual Total Time": 633.068,
                    "Actual Rows": 7417860,
                    "Actual Loops": 2
                  },
                  {
                    "Node Type": "Hash",
                    "Parent Relationship": "Inner",
                    "Parallel Aware": true,
                    "Startup Cost": 495437.78,
                    "Total Cost": 495437.78,
                    "Plan Rows": 728199,
                    "Plan Width": 8,
                    "Actual Startup Time": 1492.4,
                    "Actual Total Time": 1492.703,
                    "Actual Rows": 417010,
                    "Actual Loops": 2,
                    "Hash Buckets": 2097152,
                    "Original Hash Buckets": 2097152,
                    "Hash Batches": 1,
                    "Original Hash Batches": 1,
                    "Peak Memory Usage": 49024,
                    "Plans": [
                      {
                        "Node Type": "Hash Join",
                        "Parent Relationship": "Outer",
                        "Parallel Aware": true,
                        "Join Type": "Inner",
                        "Startup Cost": 189831.09,
                        "Total Cost": 495437.78,
                        "Plan Rows": 728199,
                        "Plan Width": 8,
                        "Actual Startup Time": 461.056,
                        "Actual Total Time": 1358.021,
                        "Actual Rows": 417010,
                        "Actual Loops": 2,
                        "Inner Unique": true,
                        "Hash Cond": "(ci.movie_id = t.id)",
                        "Plans": [
                          {
                            "Node Type": "Bitmap Heap Scan",
                            "Parent Relationship": "Outer",
                            "Parallel Aware": true,
                            "Relation Name": "cast_info",
                            "Alias": "ci",
                            "Startup Cost": 131373.54,
                            "Total Cost": 427795.81,
                            "Plan Rows": 3498822,
                            "Plan Width": 4,
                            "Actual Startup Time": 239.571,
                            "Actual Total Time": 567.198,
                            "Actual Rows": 2876016,
                            "Actual Loops": 2,
                            "Recheck Cond": "(person_id > 3071373)",
                            "Rows Removed by Index Recheck": 0,
                            "Exact Heap Blocks": 41429,
                            "Lossy Heap Blocks": 0,
                            "Plans": [
                              {
                                "Node Type": "Bitmap Index Scan",
                                "Parent Relationship": "Outer",
                                "Parallel Aware": false,
                                "Index Name": "person_id_cast_info",
                                "Startup Cost": 0.0,
                                "Total Cost": 129886.54,
                                "Plan Rows": 5947997,
                                "Plan Width": 0,
                                "Actual Startup Time": 225.927,
                                "Actual Total Time": 225.928,
                                "Actual Rows": 5752033,
                                "Actual Loops": 1,
                                "Index Cond": "(person_id > 3071373)"
                              }
                            ]
                          },
                          {
                            "Node Type": "Hash",
                            "Parent Relationship": "Inner",
                            "Parallel Aware": true,
                            "Startup Cost": 54588.39,
                            "Total Cost": 54588.39,
                            "Plan Rows": 309533,
                            "Plan Width": 4,
                            "Actual Startup Time": 217.389,
                            "Actual Total Time": 217.391,
                            "Actual Rows": 269095,
                            "Actual Loops": 2,
                            "Hash Buckets": 1048576,
                            "Original Hash Buckets": 1048576,
                            "Hash Batches": 1,
                            "Original Hash Batches": 1,
                            "Peak Memory Usage": 29280,
                            "Plans": [
                              {
                                "Node Type": "Seq Scan",
                                "Parent Relationship": "Outer",
                                "Parallel Aware": true,
                                "Relation Name": "title",
                                "Alias": "t",
                                "Startup Cost": 0.0,
                                "Total Cost": 54588.39,
                                "Plan Rows": 309533,
                                "Plan Width": 4,
                                "Actual Startup Time": 0.043,
                                "Actual Total Time": 145.724,
                                "Actual Rows": 269095,
                                "Actual Loops": 2,
                                "Filter": "(production_year < 1982)",
                                "Rows Removed by Filter": 995061
                              }
                            ]
                          }
                        ]
                      }
                    ]
                  }
                ]
              }
            ]
          }
        ]
      }
    ]
  },
  "Planning Time": 0.933,
  "Triggers": [],
  "Execution Time": 4255.162
}