{
  "Plan": {
    "Node Type": "Aggregate",
    "Strategy": "Plain",
    "Partial Mode": "Finalize",
    "Parallel Aware": false,
    "Startup Cost": 104634.08,
    "Total Cost": 104634.09,
    "Plan Rows": 1,
    "Plan Width": 8,
    "Actual Startup Time": 738.28,
    "Actual Total Time": 757.613,
    "Actual Rows": 1,
    "Actual Loops": 1,
    "Plans": [
      {
        "Node Type": "Gather",
        "Parent Relationship": "Outer",
        "Parallel Aware": false,
        "Startup Cost": 104633.97,
        "Total Cost": 104634.08,
        "Plan Rows": 1,
        "Plan Width": 8,
        "Actual Startup Time": 730.801,
        "Actual Total Time": 757.604,
        "Actual Rows": 2,
        "Actual Loops": 1,
        "Workers Planned": 1,
        "Workers Launched": 1,
        "Single Copy": false,
        "Plans": [
          {
            "Node Type": "Aggregate",
            "Strategy": "Plain",
            "Partial Mode": "Partial",
            "Parent Relationship": "Outer",
            "Parallel Aware": false,
            "Startup Cost": 103633.97,
            "Total Cost": 103633.98,
            "Plan Rows": 1,
            "Plan Width": 8,
            "Actual Startup Time": 723.105,
            "Actual Total Time": 723.109,
            "Actual Rows": 1,
            "Actual Loops": 2,
            "Plans": [
              {
                "Node Type": "Hash Join",
                "Parent Relationship": "Outer",
                "Parallel Aware": true,
                "Join Type": "Inner",
                "Startup Cost": 75989.82,
                "Total Cost": 103181.46,
                "Plan Rows": 181001,
                "Plan Width": 0,
                "Actual Startup Time": 611.517,
                "Actual Total Time": 715.181,
                "Actual Rows": 151388,
                "Actual Loops": 2,
                "Inner Unique": true,
                "Hash Cond": "(mk.movie_id = t.id)",
                "Plans": [
                  {
                    "Node Type": "Bitmap Heap Scan",
                    "Parent Relationship": "Outer",
                    "Parallel Aware": true,
                    "Relation Name": "movie_keyword",
                    "Alias": "mk",
                    "Startup Cost": 6529.12,
                    "Total Cost": 33245.64,
                    "Plan Rows": 181001,
                    "Plan Width": 4,
                    "Actual Startup Time": 18.405,
                    "Actual Total Time": 72.514,
                    "Actual Rows": 151388,
                    "Actual Loops": 2,
                    "Recheck Cond": "(keyword_id > 53577)",
                    "Rows Removed by Index Recheck": 0,
                    "Exact Heap Blocks": 14381,
                    "Lossy Heap Blocks": 0,
                    "Plans": [
                      {
                        "Node Type": "Bitmap Index Scan",
                        "Parent Relationship": "Outer",
                        "Parallel Aware": false,
                        "Index Name": "keyword_id_movie_keyword",
                        "Startup Cost": 0.0,
                        "Total Cost": 6452.2,
                        "Plan Rows": 307702,
                        "Plan Width": 0,
                        "Actual Startup Time": 15.181,
                        "Actual Total Time": 15.181,
                        "Actual Rows": 302775,
                        "Actual Loops": 1,
                        "Index Cond": "(keyword_id > 53577)"
                      }
                    ]
                  },
                  {
                    "Node Type": "Hash",
                    "Parent Relationship": "Inner",
                    "Parallel Aware": true,
                    "Startup Cost": 50870.31,
                    "Total Cost": 50870.31,
                    "Plan Rows": 1487231,
                    "Plan Width": 4,
                    "Actual Startup Time": 577.067,
                    "Actual Total Time": 577.068,
                    "Actual Rows": 1264156,
                    "Actual Loops": 2,
                    "Hash Buckets": 4194304,
                    "Original Hash Buckets": 4194304,
                    "Hash Batches": 1,
                    "Original Hash Batches": 1,
                    "Peak Memory Usage": 131680,
                    "Plans": [
                      {
                        "Node Type": "Seq Scan",
                        "Parent Relationship": "Outer",
                        "Parallel Aware": true,
                        "Relation Name": "title",
                        "Alias": "t",
                        "Startup Cost": 0.0,
                        "Total Cost": 50870.31,
                        "Plan Rows": 1487231,
                        "Plan Width": 4,
                        "Actual Startup Time": 0.02,
                        "Actual Total Time": 171.75,
                        "Actual Rows": 1264156,
                        "Actual Loops": 2
                      }
                    ]
                  }
                ]
              }
            ]
          }
        ]
      }
    ]
  },
  "Planning Time": 0.409,
  "Triggers": [],
  "Execution Time": 757.667
}