{
  "Plan": {
    "Node Type": "Aggregate",
    "Strategy": "Plain",
    "Partial Mode": "Finalize",
    "Parallel Aware": false,
    "Startup Cost": 212318.55,
    "Total Cost": 212318.56,
    "Plan Rows": 1,
    "Plan Width": 8,
    "Actual Startup Time": 682.941,
    "Actual Total Time": 694.525,
    "Actual Rows": 1,
    "Actual Loops": 1,
    "Plans": [
      {
        "Node Type": "Gather",
        "Parent Relationship": "Outer",
        "Parallel Aware": false,
        "Startup Cost": 212318.44,
        "Total Cost": 212318.55,
        "Plan Rows": 1,
        "Plan Width": 8,
        "Actual Startup Time": 680.498,
        "Actual Total Time": 694.518,
        "Actual Rows": 2,
        "Actual Loops": 1,
        "Workers Planned": 1,
        "Workers Launched": 1,
        "Single Copy": false,
        "Plans": [
          {
            "Node Type": "Aggregate",
            "Strategy": "Plain",
            "Partial Mode": "Partial",
            "Parent Relationship": "Outer",
            "Parallel Aware": false,
            "Startup Cost": 211318.44,
            "Total Cost": 211318.45,
            "Plan Rows": 1,
            "Plan Width": 8,
            "Actual Startup Time": 672.648,
            "Actual Total Time": 672.651,
            "Actual Rows": 1,
            "Actual Loops": 2,
            "Plans": [
              {
                "Node Type": "Merge Join",
                "Parent Relationship": "Outer",
                "Parallel Aware": false,
                "Join Type": "Inner",
                "Startup Cost": 204005.15,
                "Total Cost": 211001.54,
                "Plan Rows": 126758,
                "Plan Width": 0,
                "Actual Startup Time": 496.788,
                "Actual Total Time": 662.807,
                "Actual Rows": 242970,
                "Actual Loops": 2,
                "Inner Unique": true,
                "Merge Cond": "(mc.movie_id = t.id)",
                "Plans": [
                  {
                    "Node Type": "Sort",
                    "Parent Relationship": "Outer",
                    "Parallel Aware": false,
                    "Startup Cost": 83593.5,
                    "Total Cost": 84801.48,
                    "Plan Rows": 483192,
                    "Plan Width": 4,
                    "Actual Startup Time": 212.212,
                    "Actual Total Time": 230.124,
                    "Actual Rows": 417489,
                    "Actual Loops": 2,
                    "Sort Key": [
                      "mc.movie_id"
                    ],
                    "Sort Method": "quicksort",
                    "Sort Space Used": 32301,
                    "Sort Space Type": "Memory",
                    "Workers": [
                      {
                        "Worker Number": 0,
                        "Sort Method": "quicksort",
                        "Sort Space Used": 31416,
                        "Sort Space Type": "Memory"
                      }
                    ],
                    "Plans": [
                      {
                        "Node Type": "Seq Scan",
                        "Parent Relationship": "Outer",
                        "Parallel Aware": true,
                        "Relation Name": "movie_companies",
                        "Alias": "mc",
                        "Startup Cost": 0.0,
                        "Total Cost": 37974.77,
                        "Plan Rows": 483192,
                        "Plan Width": 4,
                        "Actual Startup Time": 36.957,
                        "Actual Total Time": 128.33,
                        "Actual Rows": 417489,
                        "Actual Loops": 2,
                        "Filter": "(company_id > 26788)",
                        "Rows Removed by Filter": 887076
                      }
                    ]
                  },
                  {
                    "Node Type": "Sort",
                    "Parent Relationship": "Inner",
                    "Parallel Aware": false,
                    "Startup Cost": 120411.59,
                    "Total Cost": 122069.73,
                    "Plan Rows": 663256,
                    "Plan Width": 4,
                    "Actual Startup Time": 275.309,
                    "Actual Total Time": 347.329,
                    "Actual Rows": 661642,
                    "Actual Loops": 2,
                    "Sort Key": [
                      "t.id"
                    ],
                    "Sort Method": "quicksort",
                    "Sort Space Used": 55646,
                    "Sort Space Type": "Memory",
                    "Workers": [
                      {
                        "Worker Number": 0,
                        "Sort Method": "quicksort",
                        "Sort Space Used": 55646,
                        "Sort Space Type": "Memory"
                      }
                    ],
                    "Plans": [
                      {
                        "Node Type": "Bitmap Heap Scan",
                        "Parent Relationship": "Outer",
                        "Parallel Aware": false,
                        "Relation Name": "title",
                        "Alias": "t",
                        "Startup Cost": 11988.66,
                        "Total Cost": 56277.36,
                        "Plan Rows": 663256,
                        "Plan Width": 4,
                        "Actual Startup Time": 21.289,
                        "Actual Total Time": 108.543,
                        "Actual Rows": 662825,
                        "Actual Loops": 2,
                        "Recheck Cond": "(kind_id = 1)",
                        "Rows Removed by Index Recheck": 0,
                        "Exact Heap Blocks": 12863,
                        "Lossy Heap Blocks": 0,
                        "Plans": [
                          {
                            "Node Type": "Bitmap Index Scan",
                            "Parent Relationship": "Outer",
                            "Parallel Aware": false,
                            "Index Name": "kind_id_title",
                            "Startup Cost": 0.0,
                            "Total Cost": 11822.85,
                            "Plan Rows": 663256,
                            "Plan Width": 0,
                            "Actual Startup Time": 19.817,
                            "Actual Total Time": 19.817,
                            "Actual Rows": 662825,
                            "Actual Loops": 2,
                            "Index Cond": "(kind_id = 1)"
                          }
                        ]
                      }
                    ]
                  }
                ]
              }
            ]
          }
        ]
      }
    ]
  },
  "Planning Time": 0.763,
  "Triggers": [],
  "Execution Time": 699.106
}