[
    {
        "Bao": {
            "Bao prediction": "NaN",
            "Bao recommended hint": "(no hint)"
        }
    },
    {
        "Plan": {
            "Node Type": "Aggregate",
            "Strategy": "Plain",
            "Partial Mode": "Finalize",
            "Parallel Aware": false,
            "Startup Cost": 29377.07,
            "Total Cost": 29377.08,
            "Plan Rows": 1,
            "Plan Width": 8,
            "Actual Startup Time": 77.09,
            "Actual Total Time": 82.811,
            "Actual Rows": 1,
            "Actual Loops": 1,
            "Output": [
                "count(*)"
            ],
            "Plans": [
                {
                    "Node Type": "Gather",
                    "Parent Relationship": "Outer",
                    "Parallel Aware": false,
                    "Startup Cost": 29376.76,
                    "Total Cost": 29377.07,
                    "Plan Rows": 3,
                    "Plan Width": 8,
                    "Actual Startup Time": 76.762,
                    "Actual Total Time": 82.801,
                    "Actual Rows": 4,
                    "Actual Loops": 1,
                    "Output": [
                        "(PARTIAL count(*))"
                    ],
                    "Workers Planned": 3,
                    "Workers Launched": 3,
                    "Single Copy": false,
                    "Plans": [
                        {
                            "Node Type": "Aggregate",
                            "Strategy": "Plain",
                            "Partial Mode": "Partial",
                            "Parent Relationship": "Outer",
                            "Parallel Aware": false,
                            "Startup Cost": 28376.76,
                            "Total Cost": 28376.77,
                            "Plan Rows": 1,
                            "Plan Width": 8,
                            "Actual Startup Time": 67.829,
                            "Actual Total Time": 67.831,
                            "Actual Rows": 1,
                            "Actual Loops": 4,
                            "Output": [
                                "PARTIAL count(*)"
                            ],
                            "Workers": [
                                {
                                    "Worker Number": 0,
                                    "Actual Startup Time": 64.703,
                                    "Actual Total Time": 64.704,
                                    "Actual Rows": 1,
                                    "Actual Loops": 1
                                },
                                {
                                    "Worker Number": 1,
                                    "Actual Startup Time": 65.052,
                                    "Actual Total Time": 65.055,
                                    "Actual Rows": 1,
                                    "Actual Loops": 1
                                },
                                {
                                    "Worker Number": 2,
                                    "Actual Startup Time": 65.123,
                                    "Actual Total Time": 65.125,
                                    "Actual Rows": 1,
                                    "Actual Loops": 1
                                }
                            ],
                            "Plans": [
                                {
                                    "Node Type": "Bitmap Heap Scan",
                                    "Parent Relationship": "Outer",
                                    "Parallel Aware": true,
                                    "Relation Name": "movie_keyword",
                                    "Schema": "public",
                                    "Alias": "mk",
                                    "Startup Cost": 3194.64,
                                    "Total Cost": 28255.4,
                                    "Plan Rows": 48541,
                                    "Plan Width": 0,
                                    "Actual Startup Time": 10.759,
                                    "Actual Total Time": 64.525,
                                    "Actual Rows": 35813,
                                    "Actual Loops": 4,
                                    "Recheck Cond": "(mk.keyword_id > 74590)",
                                    "Rows Removed by Index Recheck": 0,
                                    "Exact Heap Blocks": 9663,
                                    "Lossy Heap Blocks": 0,
                                    "Workers": [
                                        {
                                            "Worker Number": 0,
                                            "Actual Startup Time": 7.667,
                                            "Actual Total Time": 62.003,
                                            "Actual Rows": 22688,
                                            "Actual Loops": 1
                                        },
                                        {
                                            "Worker Number": 1,
                                            "Actual Startup Time": 8.011,
                                            "Actual Total Time": 62.412,
                                            "Actual Rows": 27326,
                                            "Actual Loops": 1
                                        },
                                        {
                                            "Worker Number": 2,
                                            "Actual Startup Time": 8.228,
                                            "Actual Total Time": 62.399,
                                            "Actual Rows": 21594,
                                            "Actual Loops": 1
                                        }
                                    ],
                                    "Plans": [
                                        {
                                            "Node Type": "Bitmap Index Scan",
                                            "Parent Relationship": "Outer",
                                            "Parallel Aware": false,
                                            "Index Name": "keyword_id_movie_keyword",
                                            "Startup Cost": 0.0,
                                            "Total Cost": 3157.02,
                                            "Plan Rows": 150478,
                                            "Plan Width": 0,
                                            "Actual Startup Time": 14.717,
                                            "Actual Total Time": 14.719,
                                            "Actual Rows": 143251,
                                            "Actual Loops": 1,
                                            "Index Cond": "(mk.keyword_id > 74590)"
                                        }
                                    ]
                                }
                            ]
                        }
                    ]
                }
            ]
        },
        "Planning Time": 282.356,
        "Triggers": [],
        "Execution Time": 82.878
    }
]