[
  {
    "Plan": {
      "Node Type": "Aggregate",
      "Strategy": "Plain",
      "Partial Mode": "Finalize",
      "Parallel Aware": false,
      "Startup Cost": 91971.19,
      "Total Cost": 91971.2,
      "Plan Rows": 1,
      "Plan Width": 8,
      "Actual Startup Time": 355.124,
      "Actual Total Time": 362.85,
      "Actual Rows": 1,
      "Actual Loops": 1,
      "Plans": [
        {
          "Node Type": "Gather",
          "Parent Relationship": "Outer",
          "Parallel Aware": false,
          "Startup Cost": 91970.87,
          "Total Cost": 91971.18,
          "Plan Rows": 3,
          "Plan Width": 8,
          "Actual Startup Time": 353.262,
          "Actual Total Time": 362.842,
          "Actual Rows": 4,
          "Actual Loops": 1,
          "Workers Planned": 3,
          "Workers Launched": 3,
          "Single Copy": false,
          "Plans": [
            {
              "Node Type": "Aggregate",
              "Strategy": "Plain",
              "Partial Mode": "Partial",
              "Parent Relationship": "Outer",
              "Parallel Aware": false,
              "Startup Cost": 90970.87,
              "Total Cost": 90970.88,
              "Plan Rows": 1,
              "Plan Width": 8,
              "Actual Startup Time": 348.176,
              "Actual Total Time": 348.179,
              "Actual Rows": 1,
              "Actual Loops": 4,
              "Plans": [
                {
                  "Node Type": "Hash Join",
                  "Parent Relationship": "Outer",
                  "Parallel Aware": true,
                  "Join Type": "Inner",
                  "Startup Cost": 47267.18,
                  "Total Cost": 90145.26,
                  "Plan Rows": 330242,
                  "Plan Width": 0,
                  "Actual Startup Time": 150.8,
                  "Actual Total Time": 327.329,
                  "Actual Rows": 531386,
                  "Actual Loops": 4,
                  "Inner Unique": true,
                  "Hash Cond": "(mk.movie_id = t.id)",
                  "Plans": [
                    {
                      "Node Type": "Seq Scan",
                      "Parent Relationship": "Outer",
                      "Parallel Aware": true,
                      "Relation Name": "movie_keyword",
                      "Alias": "mk",
                      "Startup Cost": 0.0,
                      "Total Cost": 39047.32,
                      "Plan Rows": 1459332,
                      "Plan Width": 4,
                      "Actual Startup Time": 0.009,
                      "Actual Total Time": 82.596,
                      "Actual Rows": 1130982,
                      "Actual Loops": 4
                    },
                    {
                      "Node Type": "Hash",
                      "Parent Relationship": "Inner",
                      "Parallel Aware": true,
                      "Startup Cost": 45479.21,
                      "Total Cost": 45479.21,
                      "Plan Rows": 143038,
                      "Plan Width": 4,
                      "Actual Startup Time": 114.791,
                      "Actual Total Time": 114.792,
                      "Actual Rows": 112578,
                      "Actual Loops": 4,
                      "Hash Buckets": 1048576,
                      "Original Hash Buckets": 1048576,
                      "Hash Batches": 1,
                      "Original Hash Batches": 1,
                      "Peak Memory Usage": 25888,
                      "Plans": [
                        {
                          "Node Type": "Seq Scan",
                          "Parent Relationship": "Outer",
                          "Parallel Aware": true,
                          "Relation Name": "title",
                          "Alias": "t",
                          "Startup Cost": 0.0,
                          "Total Cost": 45479.21,
                          "Plan Rows": 143038,
                          "Plan Width": 4,
                          "Actual Startup Time": 33.267,
                          "Actual Total Time": 81.254,
                          "Actual Rows": 112578,
                          "Actual Loops": 4,
                          "Filter": "((kind_id < 2) AND (production_year > 1964))",
                          "Rows Removed by Filter": 519500
                        }
                      ]
                    }
                  ]
                }
              ]
            }
          ]
        }
      ]
    },
    "Planning Time": 0.212,
    "Triggers": [],
    "Execution Time": 362.88
  }
]