[
  {
    "Plan": {
      "Node Type": "Aggregate",
      "Strategy": "Plain",
      "Partial Mode": "Finalize",
      "Parallel Aware": false,
      "Startup Cost": 44994.98,
      "Total Cost": 44994.99,
      "Plan Rows": 1,
      "Plan Width": 8,
      "Actual Startup Time": 138.312,
      "Actual Total Time": 147.752,
      "Actual Rows": 1,
      "Actual Loops": 1,
      "Plans": [
        {
          "Node Type": "Gather",
          "Parent Relationship": "Outer",
          "Parallel Aware": false,
          "Startup Cost": 44994.67,
          "Total Cost": 44994.98,
          "Plan Rows": 3,
          "Plan Width": 8,
          "Actual Startup Time": 138.103,
          "Actual Total Time": 147.744,
          "Actual Rows": 4,
          "Actual Loops": 1,
          "Workers Planned": 3,
          "Workers Launched": 3,
          "Single Copy": false,
          "Plans": [
            {
              "Node Type": "Aggregate",
              "Strategy": "Plain",
              "Partial Mode": "Partial",
              "Parent Relationship": "Outer",
              "Parallel Aware": false,
              "Startup Cost": 43994.67,
              "Total Cost": 43994.68,
              "Plan Rows": 1,
              "Plan Width": 8,
              "Actual Startup Time": 129.578,
              "Actual Total Time": 129.579,
              "Actual Rows": 1,
              "Actual Loops": 4,
              "Plans": [
                {
                  "Node Type": "Seq Scan",
                  "Parent Relationship": "Outer",
                  "Parallel Aware": true,
                  "Relation Name": "movie_keyword",
                  "Alias": "mk",
                  "Startup Cost": 0.0,
                  "Total Cost": 42695.65,
                  "Plan Rows": 519605,
                  "Plan Width": 0,
                  "Actual Startup Time": 1.402,
                  "Actual Total Time": 109.879,
                  "Actual Rows": 403874,
                  "Actual Loops": 4,
                  "Filter": "(keyword_id > 9349)",
                  "Rows Removed by Filter": 727109
                }
              ]
            }
          ]
        }
      ]
    },
    "Planning Time": 0.178,
    "Triggers": [],
    "Execution Time": 147.807
  }
]