{
    "Plan": {
        "Node Type": "Aggregate",
        "Strategy": "Plain",
        "Partial Mode": "Finalize",
        "Parallel Aware": false,
        "Startup Cost": 258739.76,
        "Total Cost": 258739.77,
        "Plan Rows": 1,
        "Plan Width": 8,
        "Actual Startup Time": 539.667,
        "Actual Total Time": 596.867,
        "Actual Rows": 1,
        "Actual Loops": 1,
        "Output": [
            "count(*)"
        ],
        "Plans": [
            {
                "Node Type": "Gather",
                "Parent Relationship": "Outer",
                "Parallel Aware": false,
                "Startup Cost": 258739.23,
                "Total Cost": 258739.74,
                "Plan Rows": 5,
                "Plan Width": 8,
                "Actual Startup Time": 539.535,
                "Actual Total Time": 596.857,
                "Actual Rows": 6,
                "Actual Loops": 1,
                "Output": [
                    "(PARTIAL count(*))"
                ],
                "Workers Planned": 5,
                "Workers Launched": 5,
                "Single Copy": false,
                "Plans": [
                    {
                        "Node Type": "Aggregate",
                        "Strategy": "Plain",
                        "Partial Mode": "Partial",
                        "Parent Relationship": "Outer",
                        "Parallel Aware": false,
                        "Startup Cost": 257739.23,
                        "Total Cost": 257739.24,
                        "Plan Rows": 1,
                        "Plan Width": 8,
                        "Actual Startup Time": 528.658,
                        "Actual Total Time": 528.66,
                        "Actual Rows": 1,
                        "Actual Loops": 6,
                        "Output": [
                            "PARTIAL count(*)"
                        ],
                        "Workers": [
                            {
                                "Worker Number": 0,
                                "Actual Startup Time": 526.052,
                                "Actual Total Time": 526.055,
                                "Actual Rows": 1,
                                "Actual Loops": 1
                            },
                            {
                                "Worker Number": 1,
                                "Actual Startup Time": 526.059,
                                "Actual Total Time": 526.061,
                                "Actual Rows": 1,
                                "Actual Loops": 1
                            },
                            {
                                "Worker Number": 2,
                                "Actual Startup Time": 526.249,
                                "Actual Total Time": 526.252,
                                "Actual Rows": 1,
                                "Actual Loops": 1
                            },
                            {
                                "Worker Number": 3,
                                "Actual Startup Time": 527.401,
                                "Actual Total Time": 527.403,
                                "Actual Rows": 1,
                                "Actual Loops": 1
                            },
                            {
                                "Worker Number": 4,
                                "Actual Startup Time": 527.521,
                                "Actual Total Time": 527.524,
                                "Actual Rows": 1,
                                "Actual Loops": 1
                            }
                        ],
                        "Plans": [
                            {
                                "Node Type": "Nested Loop",
                                "Parent Relationship": "Outer",
                                "Parallel Aware": false,
                                "Join Type": "Inner",
                                "Startup Cost": 0.86,
                                "Total Cost": 257723.21,
                                "Plan Rows": 6409,
                                "Plan Width": 0,
                                "Actual Startup Time": 176.771,
                                "Actual Total Time": 524.539,
                                "Actual Rows": 80454,
                                "Actual Loops": 6,
                                "Inner Unique": false,
                                "Workers": [
                                    {
                                        "Worker Number": 0,
                                        "Actual Startup Time": 174.043,
                                        "Actual Total Time": 522.075,
                                        "Actual Rows": 49582,
                                        "Actual Loops": 1
                                    },
                                    {
                                        "Worker Number": 1,
                                        "Actual Startup Time": 173.951,
                                        "Actual Total Time": 522.335,
                                        "Actual Rows": 74723,
                                        "Actual Loops": 1
                                    },
                                    {
                                        "Worker Number": 2,
                                        "Actual Startup Time": 173.961,
                                        "Actual Total Time": 523.031,
                                        "Actual Rows": 63881,
                                        "Actual Loops": 1
                                    },
                                    {
                                        "Worker Number": 3,
                                        "Actual Startup Time": 177.144,
                                        "Actual Total Time": 523.522,
                                        "Actual Rows": 77551,
                                        "Actual Loops": 1
                                    },
                                    {
                                        "Worker Number": 4,
                                        "Actual Startup Time": 175.285,
                                        "Actual Total Time": 523.691,
                                        "Actual Rows": 77857,
                                        "Actual Loops": 1
                                    }
                                ],
                                "Plans": [
                                    {
                                        "Node Type": "Nested Loop",
                                        "Parent Relationship": "Outer",
                                        "Parallel Aware": false,
                                        "Join Type": "Inner",
                                        "Startup Cost": 0.43,
                                        "Total Cost": 244574.77,
                                        "Plan Rows": 7372,
                                        "Plan Width": 8,
                                        "Actual Startup Time": 176.378,
                                        "Actual Total Time": 388.651,
                                        "Actual Rows": 18312,
                                        "Actual Loops": 6,
                                        "Output": [
                                            "t.id",
                                            "mi.movie_id"
                                        ],
                                        "Inner Unique": true,
                                        "Workers": [
                                            {
                                                "Worker Number": 0,
                                                "Actual Startup Time": 173.936,
                                                "Actual Total Time": 386.14,
                                                "Actual Rows": 12498,
                                                "Actual Loops": 1
                                            },
                                            {
                                                "Worker Number": 1,
                                                "Actual Startup Time": 173.873,
                                                "Actual Total Time": 385.733,
                                                "Actual Rows": 18463,
                                                "Actual Loops": 1
                                            },
                                            {
                                                "Worker Number": 2,
                                                "Actual Startup Time": 173.854,
                                                "Actual Total Time": 388.914,
                                                "Actual Rows": 15500,
                                                "Actual Loops": 1
                                            },
                                            {
                                                "Worker Number": 3,
                                                "Actual Startup Time": 175.2,
                                                "Actual Total Time": 386.501,
                                                "Actual Rows": 18286,
                                                "Actual Loops": 1
                                            },
                                            {
                                                "Worker Number": 4,
                                                "Actual Startup Time": 175.18,
                                                "Actual Total Time": 387.13,
                                                "Actual Rows": 18186,
                                                "Actual Loops": 1
                                            }
                                        ],
                                        "Plans": [
                                            {
                                                "Node Type": "Seq Scan",
                                                "Parent Relationship": "Outer",
                                                "Parallel Aware": true,
                                                "Relation Name": "movie_info",
                                                "Schema": "public",
                                                "Alias": "mi",
                                                "Startup Cost": 0.0,
                                                "Total Cost": 198880.74,
                                                "Plan Rows": 21542,
                                                "Plan Width": 4,
                                                "Actual Startup Time": 176.314,
                                                "Actual Total Time": 287.181,
                                                "Actual Rows": 20310,
                                                "Actual Loops": 6,
                                                "Output": [
                                                    "mi.id",
                                                    "mi.movie_id",
                                                    "mi.info_type_id",
                                                    "mi.info",
                                                    "mi.note"
                                                ],
                                                "Filter": "(mi.info_type_id = 105)",
                                                "Rows Removed by Filter": 2452310,
                                                "Workers": [
                                                    {
                                                        "Worker Number": 0,
                                                        "Actual Startup Time": 173.861,
                                                        "Actual Total Time": 284.488,
                                                        "Actual Rows": 13851,
                                                        "Actual Loops": 1
                                                    },
                                                    {
                                                        "Worker Number": 1,
                                                        "Actual Startup Time": 173.819,
                                                        "Actual Total Time": 284.668,
                                                        "Actual Rows": 20424,
                                                        "Actual Loops": 1
                                                    },
                                                    {
                                                        "Worker Number": 2,
                                                        "Actual Startup Time": 173.773,
                                                        "Actual Total Time": 283.445,
                                                        "Actual Rows": 17184,
                                                        "Actual Loops": 1
                                                    },
                                                    {
                                                        "Worker Number": 3,
                                                        "Actual Startup Time": 175.135,
                                                        "Actual Total Time": 285.576,
                                                        "Actual Rows": 20294,
                                                        "Actual Loops": 1
                                                    },
                                                    {
                                                        "Worker Number": 4,
                                                        "Actual Startup Time": 175.106,
                                                        "Actual Total Time": 286.076,
                                                        "Actual Rows": 20135,
                                                        "Actual Loops": 1
                                                    }
                                                ]
                                            },
                                            {
                                                "Node Type": "Index Scan",
                                                "Parent Relationship": "Inner",
                                                "Parallel Aware": false,
                                                "Scan Direction": "Forward",
                                                "Index Name": "title_pkey",
                                                "Relation Name": "title",
                                                "Schema": "public",
                                                "Alias": "t",
                                                "Startup Cost": 0.43,
                                                "Total Cost": 2.12,
                                                "Plan Rows": 1,
                                                "Plan Width": 4,
                                                "Actual Startup Time": 0.005,
                                                "Actual Total Time": 0.005,
                                                "Actual Rows": 1,
                                                "Actual Loops": 121863,
                                                "Output": [
                                                    "t.id",
                                                    "t.title",
                                                    "t.imdb_index",
                                                    "t.kind_id",
                                                    "t.production_year",
                                                    "t.imdb_id",
                                                    "t.phonetic_code",
                                                    "t.episode_of_id",
                                                    "t.season_nr",
                                                    "t.episode_nr",
                                                    "t.series_years",
                                                    "t.md5sum"
                                                ],
                                                "Index Cond": "(t.id = mi.movie_id)",
                                                "Rows Removed by Index Recheck": 0,
                                                "Filter": "(t.kind_id < 4)",
                                                "Rows Removed by Filter": 0,
                                                "Workers": [
                                                    {
                                                        "Worker Number": 0,
                                                        "Actual Startup Time": 0.007,
                                                        "Actual Total Time": 0.007,
                                                        "Actual Rows": 1,
                                                        "Actual Loops": 13851
                                                    },
                                                    {
                                                        "Worker Number": 1,
                                                        "Actual Startup Time": 0.005,
                                                        "Actual Total Time": 0.005,
                                                        "Actual Rows": 1,
                                                        "Actual Loops": 20424
                                                    },
                                                    {
                                                        "Worker Number": 2,
                                                        "Actual Startup Time": 0.006,
                                                        "Actual Total Time": 0.006,
                                                        "Actual Rows": 1,
                                                        "Actual Loops": 17184
                                                    },
                                                    {
                                                        "Worker Number": 3,
                                                        "Actual Startup Time": 0.005,
                                                        "Actual Total Time": 0.005,
                                                        "Actual Rows": 1,
                                                        "Actual Loops": 20294
                                                    },
                                                    {
                                                        "Worker Number": 4,
                                                        "Actual Startup Time": 0.005,
                                                        "Actual Total Time": 0.005,
                                                        "Actual Rows": 1,
                                                        "Actual Loops": 20135
                                                    }
                                                ]
                                            }
                                        ]
                                    },
                                    {
                                        "Node Type": "Index Scan",
                                        "Parent Relationship": "Inner",
                                        "Parallel Aware": false,
                                        "Scan Direction": "Forward",
                                        "Index Name": "movie_id_movie_keyword",
                                        "Relation Name": "movie_keyword",
                                        "Schema": "public",
                                        "Alias": "mk",
                                        "Startup Cost": 0.43,
                                        "Total Cost": 1.56,
                                        "Plan Rows": 22,
                                        "Plan Width": 4,
                                        "Actual Startup Time": 0.006,
                                        "Actual Total Time": 0.007,
                                        "Actual Rows": 4,
                                        "Actual Loops": 109870,
                                        "Output": [
                                            "mk.id",
                                            "mk.movie_id",
                                            "mk.keyword_id"
                                        ],
                                        "Index Cond": "(mk.movie_id = t.id)",
                                        "Rows Removed by Index Recheck": 0,
                                        "Filter": "(mk.keyword_id > 5159)",
                                        "Rows Removed by Filter": 4,
                                        "Workers": [
                                            {
                                                "Worker Number": 0,
                                                "Actual Startup Time": 0.008,
                                                "Actual Total Time": 0.01,
                                                "Actual Rows": 4,
                                                "Actual Loops": 12498
                                            },
                                            {
                                                "Worker Number": 1,
                                                "Actual Startup Time": 0.006,
                                                "Actual Total Time": 0.007,
                                                "Actual Rows": 4,
                                                "Actual Loops": 18463
                                            },
                                            {
                                                "Worker Number": 2,
                                                "Actual Startup Time": 0.007,
                                                "Actual Total Time": 0.008,
                                                "Actual Rows": 4,
                                                "Actual Loops": 15500
                                            },
                                            {
                                                "Worker Number": 3,
                                                "Actual Startup Time": 0.006,
                                                "Actual Total Time": 0.007,
                                                "Actual Rows": 4,
                                                "Actual Loops": 18286
                                            },
                                            {
                                                "Worker Number": 4,
                                                "Actual Startup Time": 0.006,
                                                "Actual Total Time": 0.007,
                                                "Actual Rows": 4,
                                                "Actual Loops": 18186
                                            }
                                        ]
                                    }
                                ]
                            }
                        ]
                    }
                ]
            }
        ]
    },
    "Planning Time": 1.506,
    "Triggers": [],
    "Execution Time": 596.975
}