[
  {
    "Plan": {
      "Node Type": "Aggregate",
      "Strategy": "Plain",
      "Partial Mode": "Finalize",
      "Parallel Aware": false,
      "Startup Cost": 98710.2,
      "Total Cost": 98710.21,
      "Plan Rows": 1,
      "Plan Width": 8,
      "Actual Startup Time": 684.778,
      "Actual Total Time": 708.811,
      "Actual Rows": 1,
      "Actual Loops": 1,
      "Plans": [
        {
          "Node Type": "Gather",
          "Parent Relationship": "Outer",
          "Parallel Aware": false,
          "Startup Cost": 98709.88,
          "Total Cost": 98710.19,
          "Plan Rows": 3,
          "Plan Width": 8,
          "Actual Startup Time": 673.391,
          "Actual Total Time": 708.786,
          "Actual Rows": 4,
          "Actual Loops": 1,
          "Workers Planned": 3,
          "Workers Launched": 3,
          "Single Copy": false,
          "Plans": [
            {
              "Node Type": "Aggregate",
              "Strategy": "Plain",
              "Partial Mode": "Partial",
              "Parent Relationship": "Outer",
              "Parallel Aware": false,
              "Startup Cost": 97709.88,
              "Total Cost": 97709.89,
              "Plan Rows": 1,
              "Plan Width": 8,
              "Actual Startup Time": 662.364,
              "Actual Total Time": 662.368,
              "Actual Rows": 1,
              "Actual Loops": 4,
              "Plans": [
                {
                  "Node Type": "Hash Join",
                  "Parent Relationship": "Outer",
                  "Parallel Aware": true,
                  "Join Type": "Inner",
                  "Startup Cost": 50606.32,
                  "Total Cost": 95739.41,
                  "Plan Rows": 788191,
                  "Plan Width": 0,
                  "Actual Startup Time": 368.227,
                  "Actual Total Time": 633.559,
                  "Actual Rows": 578548,
                  "Actual Loops": 4,
                  "Inner Unique": true,
                  "Hash Cond": "(mk.movie_id = t.id)",
                  "Plans": [
                    {
                      "Node Type": "Seq Scan",
                      "Parent Relationship": "Outer",
                      "Parallel Aware": true,
                      "Relation Name": "movie_keyword",
                      "Alias": "mk",
                      "Startup Cost": 0.0,
                      "Total Cost": 42695.65,
                      "Plan Rows": 928545,
                      "Plan Width": 4,
                      "Actual Startup Time": 0.199,
                      "Actual Total Time": 128.03,
                      "Actual Rows": 720758,
                      "Actual Loops": 4,
                      "Filter": "(keyword_id > 2488)",
                      "Rows Removed by Filter": 410225
                    },
                    {
                      "Node Type": "Hash",
                      "Parent Relationship": "Inner",
                      "Parallel Aware": true,
                      "Startup Cost": 43899.32,
                      "Total Cost": 43899.32,
                      "Plan Rows": 536560,
                      "Plan Width": 4,
                      "Actual Startup Time": 360.18,
                      "Actual Total Time": 360.181,
                      "Actual Rows": 533243,
                      "Actual Loops": 4,
                      "Hash Buckets": 4194304,
                      "Original Hash Buckets": 4194304,
                      "Hash Batches": 1,
                      "Original Hash Batches": 1,
                      "Peak Memory Usage": 116288,
                      "Plans": [
                        {
                          "Node Type": "Seq Scan",
                          "Parent Relationship": "Outer",
                          "Parallel Aware": true,
                          "Relation Name": "title",
                          "Alias": "t",
                          "Startup Cost": 0.0,
                          "Total Cost": 43899.32,
                          "Plan Rows": 536560,
                          "Plan Width": 4,
                          "Actual Startup Time": 0.046,
                          "Actual Total Time": 129.914,
                          "Actual Rows": 533243,
                          "Actual Loops": 4,
                          "Filter": "(production_year > 1966)",
                          "Rows Removed by Filter": 98835
                        }
                      ]
                    }
                  ]
                }
              ]
            }
          ]
        }
      ]
    },
    "Planning Time": 0.227,
    "Triggers": [],
    "Execution Time": 708.845
  }
]