[
  {
    "Plan": {
      "Node Type": "Aggregate",
      "Strategy": "Plain",
      "Partial Mode": "Finalize",
      "Parallel Aware": false,
      "Startup Cost": 93249.41,
      "Total Cost": 93249.42,
      "Plan Rows": 1,
      "Plan Width": 8,
      "Actual Startup Time": 381.474,
      "Actual Total Time": 400.838,
      "Actual Rows": 1,
      "Actual Loops": 1,
      "Plans": [
        {
          "Node Type": "Gather",
          "Parent Relationship": "Outer",
          "Parallel Aware": false,
          "Startup Cost": 93249.09,
          "Total Cost": 93249.4,
          "Plan Rows": 3,
          "Plan Width": 8,
          "Actual Startup Time": 380.115,
          "Actual Total Time": 400.829,
          "Actual Rows": 4,
          "Actual Loops": 1,
          "Workers Planned": 3,
          "Workers Launched": 3,
          "Single Copy": false,
          "Plans": [
            {
              "Node Type": "Aggregate",
              "Strategy": "Plain",
              "Partial Mode": "Partial",
              "Parent Relationship": "Outer",
              "Parallel Aware": false,
              "Startup Cost": 92249.09,
              "Total Cost": 92249.1,
              "Plan Rows": 1,
              "Plan Width": 8,
              "Actual Startup Time": 371.607,
              "Actual Total Time": 371.664,
              "Actual Rows": 1,
              "Actual Loops": 4,
              "Plans": [
                {
                  "Node Type": "Hash Join",
                  "Parent Relationship": "Outer",
                  "Parallel Aware": true,
                  "Join Type": "Inner",
                  "Startup Cost": 46232.17,
                  "Total Cost": 91972.69,
                  "Plan Rows": 110560,
                  "Plan Width": 0,
                  "Actual Startup Time": 177.74,
                  "Actual Total Time": 357.455,
                  "Actual Rows": 329442,
                  "Actual Loops": 4,
                  "Inner Unique": true,
                  "Hash Cond": "(mk.movie_id = t.id)",
                  "Plans": [
                    {
                      "Node Type": "Seq Scan",
                      "Parent Relationship": "Outer",
                      "Parallel Aware": true,
                      "Relation Name": "movie_keyword",
                      "Alias": "mk",
                      "Startup Cost": 0.0,
                      "Total Cost": 42695.65,
                      "Plan Rows": 1159949,
                      "Plan Width": 4,
                      "Actual Startup Time": 0.042,
                      "Actual Total Time": 116.432,
                      "Actual Rows": 901417,
                      "Actual Loops": 4,
                      "Filter": "(keyword_id < 20330)",
                      "Rows Removed by Filter": 229566
                    },
                    {
                      "Node Type": "Hash",
                      "Parent Relationship": "Inner",
                      "Parallel Aware": true,
                      "Startup Cost": 45479.1,
                      "Total Cost": 45479.1,
                      "Plan Rows": 60246,
                      "Plan Width": 4,
                      "Actual Startup Time": 138.022,
                      "Actual Total Time": 138.023,
                      "Actual Rows": 89886,
                      "Actual Loops": 4,
                      "Hash Buckets": 524288,
                      "Original Hash Buckets": 262144,
                      "Hash Batches": 1,
                      "Original Hash Batches": 1,
                      "Peak Memory Usage": 20320,
                      "Plans": [
                        {
                          "Node Type": "Seq Scan",
                          "Parent Relationship": "Outer",
                          "Parallel Aware": true,
                          "Relation Name": "title",
                          "Alias": "t",
                          "Startup Cost": 0.0,
                          "Total Cost": 45479.1,
                          "Plan Rows": 60246,
                          "Plan Width": 4,
                          "Actual Startup Time": 61.925,
                          "Actual Total Time": 104.697,
                          "Actual Rows": 89886,
                          "Actual Loops": 4,
                          "Filter": "((production_year < 1998) AND (kind_id = 1))",
                          "Rows Removed by Filter": 542192
                        }
                      ]
                    }
                  ]
                }
              ]
            }
          ]
        }
      ]
    },
    "Planning Time": 0.526,
    "Triggers": [],
    "Execution Time": 400.894
  }
]