[
  {
    "Plan": {
      "Node Type": "Aggregate",
      "Strategy": "Plain",
      "Partial Mode": "Finalize",
      "Parallel Aware": false,
      "Startup Cost": 201307.7,
      "Total Cost": 201307.71,
      "Plan Rows": 1,
      "Plan Width": 8,
      "Actual Startup Time": 317.947,
      "Actual Total Time": 332.643,
      "Actual Rows": 1,
      "Actual Loops": 1,
      "Plans": [
        {
          "Node Type": "Gather",
          "Parent Relationship": "Outer",
          "Parallel Aware": false,
          "Startup Cost": 201307.07,
          "Total Cost": 201307.68,
          "Plan Rows": 6,
          "Plan Width": 8,
          "Actual Startup Time": 317.816,
          "Actual Total Time": 332.628,
          "Actual Rows": 7,
          "Actual Loops": 1,
          "Workers Planned": 6,
          "Workers Launched": 6,
          "Single Copy": false,
          "Plans": [
            {
              "Node Type": "Aggregate",
              "Strategy": "Plain",
              "Partial Mode": "Partial",
              "Parent Relationship": "Outer",
              "Parallel Aware": false,
              "Startup Cost": 200307.07,
              "Total Cost": 200307.08,
              "Plan Rows": 1,
              "Plan Width": 8,
              "Actual Startup Time": 307.727,
              "Actual Total Time": 307.729,
              "Actual Rows": 1,
              "Actual Loops": 7,
              "Plans": [
                {
                  "Node Type": "Index Scan",
                  "Parent Relationship": "Outer",
                  "Parallel Aware": true,
                  "Scan Direction": "Forward",
                  "Index Name": "role_id_cast_info",
                  "Relation Name": "cast_info",
                  "Alias": "ci",
                  "Startup Cost": 0.56,
                  "Total Cost": 197877.72,
                  "Plan Rows": 971739,
                  "Plan Width": 0,
                  "Actual Startup Time": 0.212,
                  "Actual Total Time": 259.756,
                  "Actual Rows": 1064361,
                  "Actual Loops": 7,
                  "Index Cond": "(role_id = 2)",
                  "Rows Removed by Index Recheck": 0,
                  "Filter": "(person_id > 751867)",
                  "Rows Removed by Filter": 207
                }
              ]
            }
          ]
        }
      ]
    },
    "Planning Time": 0.245,
    "Triggers": [],
    "Execution Time": 332.717
  }
]