[
  {
    "Plan": {
      "Node Type": "Aggregate",
      "Strategy": "Plain",
      "Partial Mode": "Finalize",
      "Parallel Aware": false,
      "Startup Cost": 66340.26,
      "Total Cost": 66340.27,
      "Plan Rows": 1,
      "Plan Width": 8,
      "Actual Startup Time": 100.472,
      "Actual Total Time": 117.083,
      "Actual Rows": 1,
      "Actual Loops": 1,
      "Plans": [
        {
          "Node Type": "Gather",
          "Parent Relationship": "Outer",
          "Parallel Aware": false,
          "Startup Cost": 66339.84,
          "Total Cost": 66340.25,
          "Plan Rows": 4,
          "Plan Width": 8,
          "Actual Startup Time": 100.284,
          "Actual Total Time": 117.075,
          "Actual Rows": 5,
          "Actual Loops": 1,
          "Workers Planned": 4,
          "Workers Launched": 4,
          "Single Copy": false,
          "Plans": [
            {
              "Node Type": "Aggregate",
              "Strategy": "Plain",
              "Partial Mode": "Partial",
              "Parent Relationship": "Outer",
              "Parallel Aware": false,
              "Startup Cost": 65339.84,
              "Total Cost": 65339.85,
              "Plan Rows": 1,
              "Plan Width": 8,
              "Actual Startup Time": 96.065,
              "Actual Total Time": 96.067,
              "Actual Rows": 1,
              "Actual Loops": 5,
              "Plans": [
                {
                  "Node Type": "Nested Loop",
                  "Parent Relationship": "Outer",
                  "Parallel Aware": false,
                  "Join Type": "Inner",
                  "Startup Cost": 0.43,
                  "Total Cost": 65338.28,
                  "Plan Rows": 623,
                  "Plan Width": 0,
                  "Actual Startup Time": 1.308,
                  "Actual Total Time": 95.959,
                  "Actual Rows": 646,
                  "Actual Loops": 5,
                  "Inner Unique": false,
                  "Plans": [
                    {
                      "Node Type": "Seq Scan",
                      "Parent Relationship": "Outer",
                      "Parallel Aware": true,
                      "Relation Name": "title",
                      "Alias": "t",
                      "Startup Cost": 0.0,
                      "Total Cost": 45479.59,
                      "Plan Rows": 1521,
                      "Plan Width": 4,
                      "Actual Startup Time": 1.227,
                      "Actual Total Time": 79.74,
                      "Actual Rows": 1246,
                      "Actual Loops": 5,
                      "Filter": "((kind_id < 7) AND (production_year = 1970))",
                      "Rows Removed by Filter": 504416
                    },
                    {
                      "Node Type": "Index Scan",
                      "Parent Relationship": "Inner",
                      "Parallel Aware": false,
                      "Scan Direction": "Forward",
                      "Index Name": "movie_id_movie_companies",
                      "Relation Name": "movie_companies",
                      "Alias": "mc",
                      "Startup Cost": 0.43,
                      "Total Cost": 13.04,
                      "Plan Rows": 2,
                      "Plan Width": 4,
                      "Actual Startup Time": 0.012,
                      "Actual Total Time": 0.012,
                      "Actual Rows": 1,
                      "Actual Loops": 6232,
                      "Index Cond": "(movie_id = t.id)",
                      "Rows Removed by Index Recheck": 0,
                      "Filter": "((company_id < 70885) AND (company_type_id = 2))",
                      "Rows Removed by Filter": 1
                    }
                  ]
                }
              ]
            }
          ]
        }
      ]
    },
    "Planning Time": 0.728,
    "Triggers": [],
    "Execution Time": 117.152
  }
]