{
  "Plan": {
    "Node Type": "Aggregate",
    "Strategy": "Plain",
    "Partial Mode": "Finalize",
    "Parallel Aware": false,
    "Startup Cost": 97273.91,
    "Total Cost": 97273.92,
    "Plan Rows": 1,
    "Plan Width": 8,
    "Actual Startup Time": 659.241,
    "Actual Total Time": 684.928,
    "Actual Rows": 1,
    "Actual Loops": 1,
    "Plans": [
      {
        "Node Type": "Gather",
        "Parent Relationship": "Outer",
        "Parallel Aware": false,
        "Startup Cost": 97273.8,
        "Total Cost": 97273.91,
        "Plan Rows": 1,
        "Plan Width": 8,
        "Actual Startup Time": 656.465,
        "Actual Total Time": 684.919,
        "Actual Rows": 2,
        "Actual Loops": 1,
        "Workers Planned": 1,
        "Workers Launched": 1,
        "Single Copy": false,
        "Plans": [
          {
            "Node Type": "Aggregate",
            "Strategy": "Plain",
            "Partial Mode": "Partial",
            "Parent Relationship": "Outer",
            "Parallel Aware": false,
            "Startup Cost": 96273.8,
            "Total Cost": 96273.81,
            "Plan Rows": 1,
            "Plan Width": 8,
            "Actual Startup Time": 643.021,
            "Actual Total Time": 643.024,
            "Actual Rows": 1,
            "Actual Loops": 2,
            "Plans": [
              {
                "Node Type": "Hash Join",
                "Parent Relationship": "Outer",
                "Parallel Aware": true,
                "Join Type": "Inner",
                "Startup Cost": 70202.61,
                "Total Cost": 96222.67,
                "Plan Rows": 20454,
                "Plan Width": 0,
                "Actual Startup Time": 617.161,
                "Actual Total Time": 641.912,
                "Actual Rows": 17680,
                "Actual Loops": 2,
                "Inner Unique": true,
                "Hash Cond": "(mk.movie_id = t.id)",
                "Plans": [
                  {
                    "Node Type": "Bitmap Heap Scan",
                    "Parent Relationship": "Outer",
                    "Parallel Aware": true,
                    "Relation Name": "movie_keyword",
                    "Alias": "mk",
                    "Startup Cost": 741.92,
                    "Total Cost": 26708.28,
                    "Plan Rows": 20454,
                    "Plan Width": 4,
                    "Actual Startup Time": 5.78,
                    "Actual Total Time": 22.398,
                    "Actual Rows": 17680,
                    "Actual Loops": 2,
                    "Recheck Cond": "(keyword_id > 107266)",
                    "Rows Removed by Index Recheck": 0,
                    "Exact Heap Blocks": 5184,
                    "Lossy Heap Blocks": 0,
                    "Plans": [
                      {
                        "Node Type": "Bitmap Index Scan",
                        "Parent Relationship": "Outer",
                        "Parallel Aware": false,
                        "Index Name": "keyword_id_movie_keyword",
                        "Startup Cost": 0.0,
                        "Total Cost": 733.22,
                        "Plan Rows": 34772,
                        "Plan Width": 0,
                        "Actual Startup Time": 3.628,
                        "Actual Total Time": 3.628,
                        "Actual Rows": 35361,
                        "Actual Loops": 1,
                        "Index Cond": "(keyword_id > 107266)"
                      }
                    ]
                  },
                  {
                    "Node Type": "Hash",
                    "Parent Relationship": "Inner",
                    "Parallel Aware": true,
                    "Startup Cost": 50870.31,
                    "Total Cost": 50870.31,
                    "Plan Rows": 1487231,
                    "Plan Width": 4,
                    "Actual Startup Time": 588.366,
                    "Actual Total Time": 588.367,
                    "Actual Rows": 1264156,
                    "Actual Loops": 2,
                    "Hash Buckets": 4194304,
                    "Original Hash Buckets": 4194304,
                    "Hash Batches": 1,
                    "Original Hash Batches": 1,
                    "Peak Memory Usage": 131712,
                    "Plans": [
                      {
                        "Node Type": "Seq Scan",
                        "Parent Relationship": "Outer",
                        "Parallel Aware": true,
                        "Relation Name": "title",
                        "Alias": "t",
                        "Startup Cost": 0.0,
                        "Total Cost": 50870.31,
                        "Plan Rows": 1487231,
                        "Plan Width": 4,
                        "Actual Startup Time": 0.027,
                        "Actual Total Time": 178.258,
                        "Actual Rows": 1264156,
                        "Actual Loops": 2
                      }
                    ]
                  }
                ]
              }
            ]
          }
        ]
      }
    ]
  },
  "Planning Time": 0.666,
  "Triggers": [],
  "Execution Time": 685.018
}