[
    {
        "Bao": {
            "Bao prediction": 538.259,
            "Bao recommended hint": "(no hint)"
        }
    },
    {
        "Plan": {
            "Node Type": "Aggregate",
            "Strategy": "Plain",
            "Partial Mode": "Finalize",
            "Parallel Aware": false,
            "Startup Cost": 74258.38,
            "Total Cost": 74258.39,
            "Plan Rows": 1,
            "Plan Width": 8,
            "Actual Startup Time": 164.306,
            "Actual Total Time": 171.73,
            "Actual Rows": 1,
            "Actual Loops": 1,
            "Output": [
                "count(*)"
            ],
            "Plans": [
                {
                    "Node Type": "Gather",
                    "Parent Relationship": "Outer",
                    "Parallel Aware": false,
                    "Startup Cost": 74257.85,
                    "Total Cost": 74258.36,
                    "Plan Rows": 5,
                    "Plan Width": 8,
                    "Actual Startup Time": 164.18,
                    "Actual Total Time": 171.722,
                    "Actual Rows": 6,
                    "Actual Loops": 1,
                    "Output": [
                        "(PARTIAL count(*))"
                    ],
                    "Workers Planned": 5,
                    "Workers Launched": 5,
                    "Single Copy": false,
                    "Plans": [
                        {
                            "Node Type": "Aggregate",
                            "Strategy": "Plain",
                            "Partial Mode": "Partial",
                            "Parent Relationship": "Outer",
                            "Parallel Aware": false,
                            "Startup Cost": 73257.85,
                            "Total Cost": 73257.86,
                            "Plan Rows": 1,
                            "Plan Width": 8,
                            "Actual Startup Time": 154.585,
                            "Actual Total Time": 154.587,
                            "Actual Rows": 1,
                            "Actual Loops": 6,
                            "Output": [
                                "PARTIAL count(*)"
                            ],
                            "Workers": [
                                {
                                    "Worker Number": 0,
                                    "Actual Startup Time": 152.447,
                                    "Actual Total Time": 152.453,
                                    "Actual Rows": 1,
                                    "Actual Loops": 1
                                },
                                {
                                    "Worker Number": 1,
                                    "Actual Startup Time": 152.724,
                                    "Actual Total Time": 152.726,
                                    "Actual Rows": 1,
                                    "Actual Loops": 1
                                },
                                {
                                    "Worker Number": 2,
                                    "Actual Startup Time": 153.116,
                                    "Actual Total Time": 153.117,
                                    "Actual Rows": 1,
                                    "Actual Loops": 1
                                },
                                {
                                    "Worker Number": 3,
                                    "Actual Startup Time": 152.718,
                                    "Actual Total Time": 152.719,
                                    "Actual Rows": 1,
                                    "Actual Loops": 1
                                },
                                {
                                    "Worker Number": 4,
                                    "Actual Startup Time": 153.112,
                                    "Actual Total Time": 153.113,
                                    "Actual Rows": 1,
                                    "Actual Loops": 1
                                }
                            ],
                            "Plans": [
                                {
                                    "Node Type": "Index Scan",
                                    "Parent Relationship": "Outer",
                                    "Parallel Aware": true,
                                    "Scan Direction": "Forward",
                                    "Index Name": "role_id_cast_info",
                                    "Relation Name": "cast_info",
                                    "Schema": "public",
                                    "Alias": "ci",
                                    "Startup Cost": 0.56,
                                    "Total Cost": 72121.93,
                                    "Plan Rows": 454372,
                                    "Plan Width": 0,
                                    "Actual Startup Time": 0.154,
                                    "Actual Total Time": 127.306,
                                    "Actual Rows": 398654,
                                    "Actual Loops": 6,
                                    "Output": [
                                        "id",
                                        "person_id",
                                        "movie_id",
                                        "person_role_id",
                                        "note",
                                        "nr_order",
                                        "role_id"
                                    ],
                                    "Index Cond": "(ci.role_id = 4)",
                                    "Rows Removed by Index Recheck": 0,
                                    "Filter": "(ci.person_id < 3160947)",
                                    "Rows Removed by Filter": 56170,
                                    "Workers": [
                                        {
                                            "Worker Number": 0,
                                            "Actual Startup Time": 0.148,
                                            "Actual Total Time": 125.987,
                                            "Actual Rows": 350127,
                                            "Actual Loops": 1
                                        },
                                        {
                                            "Worker Number": 1,
                                            "Actual Startup Time": 0.144,
                                            "Actual Total Time": 125.978,
                                            "Actual Rows": 357870,
                                            "Actual Loops": 1
                                        },
                                        {
                                            "Worker Number": 2,
                                            "Actual Startup Time": 0.189,
                                            "Actual Total Time": 126.29,
                                            "Actual Rows": 357538,
                                            "Actual Loops": 1
                                        },
                                        {
                                            "Worker Number": 3,
                                            "Actual Startup Time": 0.215,
                                            "Actual Total Time": 125.673,
                                            "Actual Rows": 367215,
                                            "Actual Loops": 1
                                        },
                                        {
                                            "Worker Number": 4,
                                            "Actual Startup Time": 0.163,
                                            "Actual Total Time": 126.133,
                                            "Actual Rows": 363342,
                                            "Actual Loops": 1
                                        }
                                    ]
                                }
                            ]
                        }
                    ]
                }
            ]
        },
        "Planning Time": 1215.534,
        "Triggers": [],
        "Execution Time": 171.818
    }
]