{
  "Plan": {
    "Node Type": "Aggregate",
    "Strategy": "Plain",
    "Partial Mode": "Finalize",
    "Parallel Aware": false,
    "Startup Cost": 190575.48,
    "Total Cost": 190575.49,
    "Plan Rows": 1,
    "Plan Width": 8,
    "Actual Startup Time": 408.252,
    "Actual Total Time": 432.376,
    "Actual Rows": 1,
    "Actual Loops": 1,
    "Plans": [
      {
        "Node Type": "Gather",
        "Parent Relationship": "Outer",
        "Parallel Aware": false,
        "Startup Cost": 190575.37,
        "Total Cost": 190575.48,
        "Plan Rows": 1,
        "Plan Width": 8,
        "Actual Startup Time": 406.965,
        "Actual Total Time": 432.366,
        "Actual Rows": 2,
        "Actual Loops": 1,
        "Workers Planned": 1,
        "Workers Launched": 1,
        "Single Copy": false,
        "Plans": [
          {
            "Node Type": "Aggregate",
            "Strategy": "Plain",
            "Partial Mode": "Partial",
            "Parent Relationship": "Outer",
            "Parallel Aware": false,
            "Startup Cost": 189575.37,
            "Total Cost": 189575.38,
            "Plan Rows": 1,
            "Plan Width": 8,
            "Actual Startup Time": 400.645,
            "Actual Total Time": 400.649,
            "Actual Rows": 1,
            "Actual Loops": 2,
            "Plans": [
              {
                "Node Type": "Nested Loop",
                "Parent Relationship": "Outer",
                "Parallel Aware": false,
                "Join Type": "Inner",
                "Startup Cost": 68356.99,
                "Total Cost": 189370.74,
                "Plan Rows": 81850,
                "Plan Width": 0,
                "Actual Startup Time": 216.258,
                "Actual Total Time": 396.937,
                "Actual Rows": 86980,
                "Actual Loops": 2,
                "Inner Unique": false,
                "Plans": [
                  {
                    "Node Type": "Hash Join",
                    "Parent Relationship": "Outer",
                    "Parallel Aware": true,
                    "Join Type": "Inner",
                    "Startup Cost": 68356.56,
                    "Total Cost": 91619.25,
                    "Plan Rows": 45744,
                    "Plan Width": 8,
                    "Actual Startup Time": 216.01,
                    "Actual Total Time": 319.304,
                    "Actual Rows": 25796,
                    "Actual Loops": 2,
                    "Inner Unique": true,
                    "Hash Cond": "(mc.movie_id = t.id)",
                    "Plans": [
                      {
                        "Node Type": "Bitmap Heap Scan",
                        "Parent Relationship": "Outer",
                        "Parallel Aware": true,
                        "Relation Name": "movie_companies",
                        "Alias": "mc",
                        "Startup Cost": 10892.47,
                        "Total Cost": 33378.91,
                        "Plan Rows": 295715,
                        "Plan Width": 4,
                        "Actual Startup Time": 21.487,
                        "Actual Total Time": 70.285,
                        "Actual Rows": 250716,
                        "Actual Loops": 2,
                        "Recheck Cond": "(company_id < 452)",
                        "Rows Removed by Index Recheck": 0,
                        "Exact Heap Blocks": 11234,
                        "Lossy Heap Blocks": 0,
                        "Plans": [
                          {
                            "Node Type": "Bitmap Index Scan",
                            "Parent Relationship": "Outer",
                            "Parallel Aware": false,
                            "Index Name": "company_id_movie_companies",
                            "Startup Cost": 0.0,
                            "Total Cost": 10766.79,
                            "Plan Rows": 502715,
                            "Plan Width": 0,
                            "Actual Startup Time": 18.695,
                            "Actual Total Time": 18.696,
                            "Actual Rows": 501432,
                            "Actual Loops": 1,
                            "Index Cond": "(company_id < 452)"
                          }
                        ]
                      },
                      {
                        "Node Type": "Hash",
                        "Parent Relationship": "Inner",
                        "Parallel Aware": true,
                        "Startup Cost": 54588.39,
                        "Total Cost": 54588.39,
                        "Plan Rows": 230056,
                        "Plan Width": 4,
                        "Actual Startup Time": 188.566,
                        "Actual Total Time": 188.567,
                        "Actual Rows": 195833,
                        "Actual Loops": 2,
                        "Hash Buckets": 524288,
                        "Original Hash Buckets": 524288,
                        "Hash Batches": 1,
                        "Original Hash Batches": 1,
                        "Peak Memory Usage": 19456,
                        "Plans": [
                          {
                            "Node Type": "Seq Scan",
                            "Parent Relationship": "Outer",
                            "Parallel Aware": true,
                            "Relation Name": "title",
                            "Alias": "t",
                            "Startup Cost": 0.0,
                            "Total Cost": 54588.39,
                            "Plan Rows": 230056,
                            "Plan Width": 4,
                            "Actual Startup Time": 0.031,
                            "Actual Total Time": 139.618,
                            "Actual Rows": 195833,
                            "Actual Loops": 2,
                            "Filter": "(production_year > 2010)",
                            "Rows Removed by Filter": 1068323
                          }
                        ]
                      }
                    ]
                  },
                  {
                    "Node Type": "Index Only Scan",
                    "Parent Relationship": "Inner",
                    "Parallel Aware": false,
                    "Scan Direction": "Forward",
                    "Index Name": "movie_id_movie_keyword",
                    "Relation Name": "movie_keyword",
                    "Alias": "mk",
                    "Startup Cost": 0.43,
                    "Total Cost": 1.69,
                    "Plan Rows": 45,
                    "Plan Width": 4,
                    "Actual Startup Time": 0.002,
                    "Actual Total Time": 0.003,
                    "Actual Rows": 3,
                    "Actual Loops": 51592,
                    "Index Cond": "(movie_id = t.id)",
                    "Rows Removed by Index Recheck": 0,
                    "Heap Fetches": 173961
                  }
                ]
              }
            ]
          }
        ]
      }
    ]
  },
  "Planning Time": 1.142,
  "Triggers": [],
  "Execution Time": 432.481
}