[
  {
    "Plan": {
      "Node Type": "Aggregate",
      "Strategy": "Plain",
      "Partial Mode": "Finalize",
      "Parallel Aware": false,
      "Startup Cost": 97673.47,
      "Total Cost": 97673.48,
      "Plan Rows": 1,
      "Plan Width": 8,
      "Actual Startup Time": 561.047,
      "Actual Total Time": 578.254,
      "Actual Rows": 1,
      "Actual Loops": 1,
      "Plans": [
        {
          "Node Type": "Gather",
          "Parent Relationship": "Outer",
          "Parallel Aware": false,
          "Startup Cost": 97673.15,
          "Total Cost": 97673.46,
          "Plan Rows": 3,
          "Plan Width": 8,
          "Actual Startup Time": 551.384,
          "Actual Total Time": 578.243,
          "Actual Rows": 4,
          "Actual Loops": 1,
          "Workers Planned": 3,
          "Workers Launched": 3,
          "Single Copy": false,
          "Plans": [
            {
              "Node Type": "Aggregate",
              "Strategy": "Plain",
              "Partial Mode": "Partial",
              "Parent Relationship": "Outer",
              "Parallel Aware": false,
              "Startup Cost": 96673.15,
              "Total Cost": 96673.16,
              "Plan Rows": 1,
              "Plan Width": 8,
              "Actual Startup Time": 548.388,
              "Actual Total Time": 548.906,
              "Actual Rows": 1,
              "Actual Loops": 4,
              "Plans": [
                {
                  "Node Type": "Hash Join",
                  "Parent Relationship": "Outer",
                  "Parallel Aware": true,
                  "Join Type": "Inner",
                  "Startup Cost": 64178.88,
                  "Total Cost": 96378.96,
                  "Plan Rows": 117675,
                  "Plan Width": 0,
                  "Actual Startup Time": 338.18,
                  "Actual Total Time": 524.976,
                  "Actual Rows": 587196,
                  "Actual Loops": 4,
                  "Inner Unique": false,
                  "Hash Cond": "(mc.movie_id = t.id)",
                  "Plans": [
                    {
                      "Node Type": "Seq Scan",
                      "Parent Relationship": "Outer",
                      "Parallel Aware": true,
                      "Relation Name": "movie_companies",
                      "Alias": "mc",
                      "Startup Cost": 0.0,
                      "Total Cost": 29310.68,
                      "Plan Rows": 639757,
                      "Plan Width": 4,
                      "Actual Startup Time": 0.014,
                      "Actual Total Time": 69.372,
                      "Actual Rows": 497057,
                      "Actual Loops": 4,
                      "Filter": "(company_id < 62043)",
                      "Rows Removed by Filter": 155225
                    },
                    {
                      "Node Type": "Hash",
                      "Parent Relationship": "Inner",
                      "Parallel Aware": true,
                      "Startup Cost": 61756.63,
                      "Total Cost": 61756.63,
                      "Plan Rows": 193780,
                      "Plan Width": 8,
                      "Actual Startup Time": 336.403,
                      "Actual Total Time": 336.919,
                      "Actual Rows": 213526,
                      "Actual Loops": 4,
                      "Hash Buckets": 1048576,
                      "Original Hash Buckets": 524288,
                      "Hash Batches": 1,
                      "Original Hash Batches": 1,
                      "Peak Memory Usage": 45760,
                      "Plans": [
                        {
                          "Node Type": "Hash Join",
                          "Parent Relationship": "Outer",
                          "Parallel Aware": true,
                          "Join Type": "Inner",
                          "Startup Cost": 46562.07,
                          "Total Cost": 61756.63,
                          "Plan Rows": 193780,
                          "Plan Width": 8,
                          "Actual Startup Time": 168.018,
                          "Actual Total Time": 273.543,
                          "Actual Rows": 213526,
                          "Actual Loops": 4,
                          "Inner Unique": true,
                          "Hash Cond": "(mi_idx.movie_id = t.id)",
                          "Plans": [
                            {
                              "Node Type": "Seq Scan",
                              "Parent Relationship": "Outer",
                              "Parallel Aware": true,
                              "Relation Name": "movie_info_idx",
                              "Alias": "mi_idx",
                              "Startup Cost": 0.0,
                              "Total Cost": 13685.15,
                              "Plan Rows": 575015,
                              "Plan Width": 4,
                              "Actual Startup Time": 0.015,
                              "Actual Total Time": 31.707,
                              "Actual Rows": 345009,
                              "Actual Loops": 4
                            },
                            {
                              "Node Type": "Hash",
                              "Parent Relationship": "Inner",
                              "Parallel Aware": true,
                              "Startup Cost": 43899.32,
                              "Total Cost": 43899.32,
                              "Plan Rows": 213020,
                              "Plan Width": 4,
                              "Actual Startup Time": 165.589,
                              "Actual Total Time": 165.59,
                              "Actual Rows": 213554,
                              "Actual Loops": 4,
                              "Hash Buckets": 1048576,
                              "Original Hash Buckets": 1048576,
                              "Hash Batches": 1,
                              "Original Hash Batches": 1,
                              "Peak Memory Usage": 41728,
                              "Plans": [
                                {
                                  "Node Type": "Seq Scan",
                                  "Parent Relationship": "Outer",
                                  "Parallel Aware": true,
                                  "Relation Name": "title",
                                  "Alias": "t",
                                  "Startup Cost": 0.0,
                                  "Total Cost": 43899.32,
                                  "Plan Rows": 213020,
                                  "Plan Width": 4,
                                  "Actual Startup Time": 0.023,
                                  "Actual Total Time": 92.962,
                                  "Actual Rows": 213554,
                                  "Actual Loops": 4,
                                  "Filter": "(kind_id < 4)",
                                  "Rows Removed by Filter": 418524
                                }
                              ]
                            }
                          ]
                        }
                      ]
                    }
                  ]
                }
              ]
            }
          ]
        }
      ]
    },
    "Planning Time": 0.526,
    "Triggers": [],
    "Execution Time": 578.312
  }
]