[
  {
    "Plan": {
      "Node Type": "Aggregate",
      "Strategy": "Plain",
      "Partial Mode": "Finalize",
      "Parallel Aware": false,
      "Startup Cost": 45689.72,
      "Total Cost": 45689.73,
      "Plan Rows": 1,
      "Plan Width": 8,
      "Actual Startup Time": 145.653,
      "Actual Total Time": 153.849,
      "Actual Rows": 1,
      "Actual Loops": 1,
      "Plans": [
        {
          "Node Type": "Gather",
          "Parent Relationship": "Outer",
          "Parallel Aware": false,
          "Startup Cost": 45689.4,
          "Total Cost": 45689.71,
          "Plan Rows": 3,
          "Plan Width": 8,
          "Actual Startup Time": 145.53,
          "Actual Total Time": 153.841,
          "Actual Rows": 4,
          "Actual Loops": 1,
          "Workers Planned": 3,
          "Workers Launched": 3,
          "Single Copy": false,
          "Plans": [
            {
              "Node Type": "Aggregate",
              "Strategy": "Plain",
              "Partial Mode": "Partial",
              "Parent Relationship": "Outer",
              "Parallel Aware": false,
              "Startup Cost": 44689.4,
              "Total Cost": 44689.41,
              "Plan Rows": 1,
              "Plan Width": 8,
              "Actual Startup Time": 139.377,
              "Actual Total Time": 139.378,
              "Actual Rows": 1,
              "Actual Loops": 4,
              "Plans": [
                {
                  "Node Type": "Seq Scan",
                  "Parent Relationship": "Outer",
                  "Parallel Aware": true,
                  "Relation Name": "movie_keyword",
                  "Alias": "mk",
                  "Startup Cost": 0.0,
                  "Total Cost": 42695.65,
                  "Plan Rows": 797500,
                  "Plan Width": 0,
                  "Actual Startup Time": 0.049,
                  "Actual Total Time": 111.245,
                  "Actual Rows": 618374,
                  "Actual Loops": 4,
                  "Filter": "(keyword_id < 5972)",
                  "Rows Removed by Filter": 512609
                }
              ]
            }
          ]
        }
      ]
    },
    "Planning Time": 0.148,
    "Triggers": [],
    "Execution Time": 153.9
  }
]