[
  {
    "Plan": {
      "Node Type": "Aggregate",
      "Strategy": "Plain",
      "Partial Mode": "Finalize",
      "Parallel Aware": false,
      "Startup Cost": 126927.79,
      "Total Cost": 126927.8,
      "Plan Rows": 1,
      "Plan Width": 8,
      "Actual Startup Time": 102.576,
      "Actual Total Time": 116.055,
      "Actual Rows": 1,
      "Actual Loops": 1,
      "Plans": [
        {
          "Node Type": "Gather",
          "Parent Relationship": "Outer",
          "Parallel Aware": false,
          "Startup Cost": 126927.37,
          "Total Cost": 126927.78,
          "Plan Rows": 4,
          "Plan Width": 8,
          "Actual Startup Time": 102.443,
          "Actual Total Time": 116.046,
          "Actual Rows": 5,
          "Actual Loops": 1,
          "Workers Planned": 4,
          "Workers Launched": 4,
          "Single Copy": false,
          "Plans": [
            {
              "Node Type": "Aggregate",
              "Strategy": "Plain",
              "Partial Mode": "Partial",
              "Parent Relationship": "Outer",
              "Parallel Aware": false,
              "Startup Cost": 125927.37,
              "Total Cost": 125927.38,
              "Plan Rows": 1,
              "Plan Width": 8,
              "Actual Startup Time": 92.617,
              "Actual Total Time": 92.619,
              "Actual Rows": 1,
              "Actual Loops": 5,
              "Plans": [
                {
                  "Node Type": "Nested Loop",
                  "Parent Relationship": "Outer",
                  "Parallel Aware": false,
                  "Join Type": "Inner",
                  "Startup Cost": 0.56,
                  "Total Cost": 125925.85,
                  "Plan Rows": 609,
                  "Plan Width": 0,
                  "Actual Startup Time": 4.849,
                  "Actual Total Time": 92.571,
                  "Actual Rows": 246,
                  "Actual Loops": 5,
                  "Inner Unique": false,
                  "Plans": [
                    {
                      "Node Type": "Seq Scan",
                      "Parent Relationship": "Outer",
                      "Parallel Aware": true,
                      "Relation Name": "title",
                      "Alias": "t",
                      "Startup Cost": 0.0,
                      "Total Cost": 45479.1,
                      "Plan Rows": 615,
                      "Plan Width": 4,
                      "Actual Startup Time": 2.824,
                      "Actual Total Time": 83.513,
                      "Actual Rows": 239,
                      "Actual Loops": 5,
                      "Filter": "((kind_id = 7) AND (production_year = 1949))",
                      "Rows Removed by Filter": 505423
                    },
                    {
                      "Node Type": "Index Scan",
                      "Parent Relationship": "Inner",
                      "Parallel Aware": false,
                      "Scan Direction": "Forward",
                      "Index Name": "movie_id_cast_info",
                      "Relation Name": "cast_info",
                      "Alias": "ci",
                      "Startup Cost": 0.56,
                      "Total Cost": 130.78,
                      "Plan Rows": 3,
                      "Plan Width": 4,
                      "Actual Startup Time": 0.017,
                      "Actual Total Time": 0.037,
                      "Actual Rows": 1,
                      "Actual Loops": 1196,
                      "Index Cond": "(movie_id = t.id)",
                      "Rows Removed by Index Recheck": 0,
                      "Filter": "((person_id < 723354) AND (role_id < 2))",
                      "Rows Removed by Filter": 4
                    }
                  ]
                }
              ]
            }
          ]
        }
      ]
    },
    "Planning Time": 0.656,
    "Triggers": [],
    "Execution Time": 116.129
  }
]