[
  {
    "Plan": {
      "Node Type": "Aggregate",
      "Strategy": "Plain",
      "Partial Mode": "Simple",
      "Parallel Aware": false,
      "Startup Cost": 21602.6,
      "Total Cost": 21602.61,
      "Plan Rows": 1,
      "Plan Width": 8,
      "Actual Startup Time": 38.34,
      "Actual Total Time": 38.342,
      "Actual Rows": 1,
      "Actual Loops": 1,
      "Plans": [
        {
          "Node Type": "Bitmap Heap Scan",
          "Parent Relationship": "Outer",
          "Parallel Aware": false,
          "Relation Name": "movie_companies",
          "Alias": "mc",
          "Startup Cost": 1662.6,
          "Total Cost": 21410.94,
          "Plan Rows": 76667,
          "Plan Width": 0,
          "Actual Startup Time": 10.138,
          "Actual Total Time": 31.952,
          "Actual Rows": 73563,
          "Actual Loops": 1,
          "Recheck Cond": "(company_id > 174240)",
          "Rows Removed by Index Recheck": 0,
          "Exact Heap Blocks": 2538,
          "Lossy Heap Blocks": 0,
          "Plans": [
            {
              "Node Type": "Bitmap Index Scan",
              "Parent Relationship": "Outer",
              "Parallel Aware": false,
              "Index Name": "company_id_movie_companies",
              "Startup Cost": 0.0,
              "Total Cost": 1643.43,
              "Plan Rows": 76667,
              "Plan Width": 0,
              "Actual Startup Time": 9.071,
              "Actual Total Time": 9.072,
              "Actual Rows": 73563,
              "Actual Loops": 1,
              "Index Cond": "(company_id > 174240)"
            }
          ]
        }
      ]
    },
    "Planning Time": 0.179,
    "Triggers": [],
    "Execution Time": 38.402
  }
]