{
  "Plan": {
    "Node Type": "Aggregate",
    "Strategy": "Plain",
    "Partial Mode": "Simple",
    "Parallel Aware": false,
    "Startup Cost": 31953.11,
    "Total Cost": 31953.12,
    "Plan Rows": 1,
    "Plan Width": 96,
    "Actual Startup Time": 3674.375,
    "Actual Total Time": 3839.347,
    "Actual Rows": 1,
    "Actual Loops": 1,
    "Plans": [
      {
        "Node Type": "Nested Loop",
        "Parent Relationship": "Outer",
        "Parallel Aware": false,
        "Join Type": "Inner",
        "Startup Cost": 1006.71,
        "Total Cost": 31953.1,
        "Plan Rows": 1,
        "Plan Width": 66,
        "Actual Startup Time": 49.661,
        "Actual Total Time": 3839.06,
        "Actual Rows": 410,
        "Actual Loops": 1,
        "Inner Unique": true,
        "Plans": [
          {
            "Node Type": "Gather",
            "Parent Relationship": "Outer",
            "Parallel Aware": false,
            "Startup Cost": 1006.28,
            "Total Cost": 31952.64,
            "Plan Rows": 1,
            "Plan Width": 61,
            "Actual Startup Time": 49.62,
            "Actual Total Time": 3834.152,
            "Actual Rows": 410,
            "Actual Loops": 1,
            "Workers Planned": 2,
            "Workers Launched": 2,
            "Single Copy": false,
            "Plans": [
              {
                "Node Type": "Nested Loop",
                "Parent Relationship": "Outer",
                "Parallel Aware": false,
                "Join Type": "Inner",
                "Startup Cost": 6.28,
                "Total Cost": 30952.54,
                "Plan Rows": 1,
                "Plan Width": 61,
                "Actual Startup Time": 213.156,
                "Actual Total Time": 3663.644,
                "Actual Rows": 137,
                "Actual Loops": 3,
                "Inner Unique": true,
                "Plans": [
                  {
                    "Node Type": "Nested Loop",
                    "Parent Relationship": "Outer",
                    "Parallel Aware": false,
                    "Join Type": "Inner",
                    "Startup Cost": 5.85,
                    "Total Cost": 28973.92,
                    "Plan Rows": 3417,
                    "Plan Width": 65,
                    "Actual Startup Time": 9.006,
                    "Actual Total Time": 3425.127,
                    "Actual Rows": 35780,
                    "Actual Loops": 3,
                    "Inner Unique": false,
                    "Plans": [
                      {
                        "Node Type": "Hash Join",
                        "Parent Relationship": "Outer",
                        "Parallel Aware": false,
                        "Join Type": "Inner",
                        "Startup Cost": 5.29,
                        "Total Cost": 26853.38,
                        "Plan Rows": 1485,
                        "Plan Width": 57,
                        "Actual Startup Time": 2.719,
                        "Actual Total Time": 2059.612,
                        "Actual Rows": 15144,
                        "Actual Loops": 3,
                        "Inner Unique": true,
                        "Hash Cond": "(mi.info_type_id = it1.id)",
                        "Plans": [
                          {
                            "Node Type": "Nested Loop",
                            "Parent Relationship": "Outer",
                            "Parallel Aware": false,
                            "Join Type": "Inner",
                            "Startup Cost": 2.86,
                            "Total Cost": 26394.04,
                            "Plan Rows": 167768,
                            "Plan Width": 61,
                            "Actual Startup Time": 0.334,
                            "Actual Total Time": 1893.442,
                            "Actual Rows": 2310111,
                            "Actual Loops": 3,
                            "Inner Unique": false,
                            "Plans": [
                              {
                                "Node Type": "Hash Join",
                                "Parent Relationship": "Outer",
                                "Parallel Aware": false,
                                "Join Type": "Inner",
                                "Startup Cost": 2.43,
                                "Total Cost": 15253.6,
                                "Plan Rows": 5089,
                                "Plan Width": 10,
                                "Actual Startup Time": 0.135,
                                "Actual Total Time": 122.066,
                                "Actual Rows": 153308,
                                "Actual Loops": 3,
                                "Inner Unique": true,
                                "Hash Cond": "(mi_idx.info_type_id = it2.id)",
                                "Plans": [
                                  {
                                    "Node Type": "Seq Scan",
                                    "Parent Relationship": "Outer",
                                    "Parallel Aware": true,
                                    "Relation Name": "movie_info_idx",
                                    "Alias": "mi_idx",
                                    "Startup Cost": 0.0,
                                    "Total Cost": 13685.15,
                                    "Plan Rows": 575015,
                                    "Plan Width": 14,
                                    "Actual Startup Time": 0.04,
                                    "Actual Total Time": 54.123,
                                    "Actual Rows": 460012,
                                    "Actual Loops": 3
                                  },
                                  {
                                    "Node Type": "Hash",
                                    "Parent Relationship": "Inner",
                                    "Parallel Aware": false,
                                    "Startup Cost": 2.41,
                                    "Total Cost": 2.41,
                                    "Plan Rows": 1,
                                    "Plan Width": 4,
                                    "Actual Startup Time": 0.046,
                                    "Actual Total Time": 0.046,
                                    "Actual Rows": 1,
                                    "Actual Loops": 3,
                                    "Hash Buckets": 1024,
                                    "Original Hash Buckets": 1024,
                                    "Hash Batches": 1,
                                    "Original Hash Batches": 1,
                                    "Peak Memory Usage": 9,
                                    "Plans": [
                                      {
                                        "Node Type": "Seq Scan",
                                        "Parent Relationship": "Outer",
                                        "Parallel Aware": false,
                                        "Relation Name": "info_type",
                                        "Alias": "it2",
                                        "Startup Cost": 0.0,
                                        "Total Cost": 2.41,
                                        "Plan Rows": 1,
                                        "Plan Width": 4,
                                        "Actual Startup Time": 0.027,
                                        "Actual Total Time": 0.031,
                                        "Actual Rows": 1,
                                        "Actual Loops": 3,
                                        "Filter": "((info)::text = 'votes'::text)",
                                        "Rows Removed by Filter": 112
                                      }
                                    ]
                                  }
                                ]
                              },
                              {
                                "Node Type": "Index Scan",
                                "Parent Relationship": "Inner",
                                "Parallel Aware": false,
                                "Scan Direction": "Forward",
                                "Index Name": "movie_id_movie_info",
                                "Relation Name": "movie_info",
                                "Alias": "mi",
                                "Startup Cost": 0.43,
                                "Total Cost": 1.78,
                                "Plan Rows": 41,
                                "Plan Width": 51,
                                "Actual Startup Time": 0.003,
                                "Actual Total Time": 0.009,
                                "Actual Rows": 15,
                                "Actual Loops": 459925,
                                "Index Cond": "(movie_id = mi_idx.movie_id)",
                                "Rows Removed by Index Recheck": 0
                              }
                            ]
                          },
                          {
                            "Node Type": "Hash",
                            "Parent Relationship": "Inner",
                            "Parallel Aware": false,
                            "Startup Cost": 2.41,
                            "Total Cost": 2.41,
                            "Plan Rows": 1,
                            "Plan Width": 4,
                            "Actual Startup Time": 0.104,
                            "Actual Total Time": 0.105,
                            "Actual Rows": 1,
                            "Actual Loops": 3,
                            "Hash Buckets": 1024,
                            "Original Hash Buckets": 1024,
                            "Hash Batches": 1,
                            "Original Hash Batches": 1,
                            "Peak Memory Usage": 9,
                            "Plans": [
                              {
                                "Node Type": "Seq Scan",
                                "Parent Relationship": "Outer",
                                "Parallel Aware": false,
                                "Relation Name": "info_type",
                                "Alias": "it1",
                                "Startup Cost": 0.0,
                                "Total Cost": 2.41,
                                "Plan Rows": 1,
                                "Plan Width": 4,
                                "Actual Startup Time": 0.08,
                                "Actual Total Time": 0.084,
                                "Actual Rows": 1,
                                "Actual Loops": 3,
                                "Filter": "((info)::text = 'budget'::text)",
                                "Rows Removed by Filter": 112
                              }
                            ]
                          }
                        ]
                      },
                      {
                        "Node Type": "Index Scan",
                        "Parent Relationship": "Inner",
                        "Parallel Aware": false,
                        "Scan Direction": "Forward",
                        "Index Name": "movie_id_cast_info",
                        "Relation Name": "cast_info",
                        "Alias": "ci",
                        "Startup Cost": 0.56,
                        "Total Cost": 1.41,
                        "Plan Rows": 2,
                        "Plan Width": 8,
                        "Actual Startup Time": 0.058,
                        "Actual Total Time": 0.089,
                        "Actual Rows": 2,
                        "Actual Loops": 45431,
                        "Index Cond": "(movie_id = mi.movie_id)",
                        "Rows Removed by Index Recheck": 0,
                        "Filter": "(note = ANY ('{(producer),\"(executive producer)\"}'::text[]))",
                        "Rows Removed by Filter": 38
                      }
                    ]
                  },
                  {
                    "Node Type": "Index Scan",
                    "Parent Relationship": "Inner",
                    "Parallel Aware": false,
                    "Scan Direction": "Forward",
                    "Index Name": "name_pkey",
                    "Relation Name": "name",
                    "Alias": "n",
                    "Startup Cost": 0.43,
                    "Total Cost": 0.58,
                    "Plan Rows": 1,
                    "Plan Width": 4,
                    "Actual Startup Time": 0.006,
                    "Actual Total Time": 0.006,
                    "Actual Rows": 0,
                    "Actual Loops": 107339,
                    "Index Cond": "(id = ci.person_id)",
                    "Rows Removed by Index Recheck": 0,
                    "Filter": "((name ~~ '%Tim%'::text) AND ((gender)::text = 'm'::text))",
                    "Rows Removed by Filter": 1
                  }
                ]
              }
            ]
          },
          {
            "Node Type": "Index Scan",
            "Parent Relationship": "Inner",
            "Parallel Aware": false,
            "Scan Direction": "Forward",
            "Index Name": "title_pkey",
            "Relation Name": "title",
            "Alias": "t",
            "Startup Cost": 0.43,
            "Total Cost": 0.46,
            "Plan Rows": 1,
            "Plan Width": 21,
            "Actual Startup Time": 0.011,
            "Actual Total Time": 0.011,
            "Actual Rows": 1,
            "Actual Loops": 410,
            "Index Cond": "(id = mi.movie_id)",
            "Rows Removed by Index Recheck": 0
          }
        ]
      }
    ]
  },
  "Planning Time": 10.252,
  "Triggers": [],
  "Execution Time": 3839.718
}