[
  {
    "Plan": {
      "Node Type": "Aggregate",
      "Strategy": "Plain",
      "Partial Mode": "Finalize",
      "Parallel Aware": false,
      "Startup Cost": 159735.14,
      "Total Cost": 159735.15,
      "Plan Rows": 1,
      "Plan Width": 8,
      "Actual Startup Time": 120.272,
      "Actual Total Time": 139.224,
      "Actual Rows": 1,
      "Actual Loops": 1,
      "Plans": [
        {
          "Node Type": "Gather",
          "Parent Relationship": "Outer",
          "Parallel Aware": false,
          "Startup Cost": 159734.72,
          "Total Cost": 159735.13,
          "Plan Rows": 4,
          "Plan Width": 8,
          "Actual Startup Time": 120.117,
          "Actual Total Time": 139.211,
          "Actual Rows": 5,
          "Actual Loops": 1,
          "Workers Planned": 4,
          "Workers Launched": 4,
          "Single Copy": false,
          "Plans": [
            {
              "Node Type": "Aggregate",
              "Strategy": "Plain",
              "Partial Mode": "Partial",
              "Parent Relationship": "Outer",
              "Parallel Aware": false,
              "Startup Cost": 158734.72,
              "Total Cost": 158734.73,
              "Plan Rows": 1,
              "Plan Width": 8,
              "Actual Startup Time": 112.492,
              "Actual Total Time": 112.494,
              "Actual Rows": 1,
              "Actual Loops": 5,
              "Plans": [
                {
                  "Node Type": "Nested Loop",
                  "Parent Relationship": "Outer",
                  "Parallel Aware": false,
                  "Join Type": "Inner",
                  "Startup Cost": 0.43,
                  "Total Cost": 158719.99,
                  "Plan Rows": 5889,
                  "Plan Width": 0,
                  "Actual Startup Time": 2.956,
                  "Actual Total Time": 111.674,
                  "Actual Rows": 8976,
                  "Actual Loops": 5,
                  "Inner Unique": false,
                  "Plans": [
                    {
                      "Node Type": "Seq Scan",
                      "Parent Relationship": "Outer",
                      "Parallel Aware": true,
                      "Relation Name": "title",
                      "Alias": "t",
                      "Startup Cost": 0.0,
                      "Total Cost": 45479.59,
                      "Plan Rows": 1003,
                      "Plan Width": 4,
                      "Actual Startup Time": 2.795,
                      "Actual Total Time": 77.801,
                      "Actual Rows": 868,
                      "Actual Loops": 5,
                      "Filter": "((kind_id < 7) AND (production_year = 1961))",
                      "Rows Removed by Filter": 504795
                    },
                    {
                      "Node Type": "Index Only Scan",
                      "Parent Relationship": "Inner",
                      "Parallel Aware": false,
                      "Scan Direction": "Forward",
                      "Index Name": "movie_id_movie_info",
                      "Relation Name": "movie_info",
                      "Alias": "mi",
                      "Startup Cost": 0.43,
                      "Total Cost": 112.49,
                      "Plan Rows": 41,
                      "Plan Width": 4,
                      "Actual Startup Time": 0.013,
                      "Actual Total Time": 0.037,
                      "Actual Rows": 10,
                      "Actual Loops": 4339,
                      "Index Cond": "(movie_id = t.id)",
                      "Rows Removed by Index Recheck": 0,
                      "Heap Fetches": 44880
                    }
                  ]
                }
              ]
            }
          ]
        }
      ]
    },
    "Planning Time": 0.606,
    "Triggers": [],
    "Execution Time": 139.301
  }
]