[
    {
        "Bao": {
            "Bao prediction": "NaN",
            "Bao recommended hint": "(no hint)"
        }
    },
    {
        "Plan": {
            "Node Type": "Aggregate",
            "Strategy": "Plain",
            "Partial Mode": "Finalize",
            "Parallel Aware": false,
            "Startup Cost": 272710.6,
            "Total Cost": 272710.61,
            "Plan Rows": 1,
            "Plan Width": 8,
            "Actual Startup Time": 77.18,
            "Actual Total Time": 80.248,
            "Actual Rows": 1,
            "Actual Loops": 1,
            "Output": [
                "count(*)"
            ],
            "Plans": [
                {
                    "Node Type": "Gather",
                    "Parent Relationship": "Outer",
                    "Parallel Aware": false,
                    "Startup Cost": 272709.98,
                    "Total Cost": 272710.59,
                    "Plan Rows": 6,
                    "Plan Width": 8,
                    "Actual Startup Time": 76.806,
                    "Actual Total Time": 80.242,
                    "Actual Rows": 7,
                    "Actual Loops": 1,
                    "Output": [
                        "(PARTIAL count(*))"
                    ],
                    "Workers Planned": 6,
                    "Workers Launched": 6,
                    "Single Copy": false,
                    "Plans": [
                        {
                            "Node Type": "Aggregate",
                            "Strategy": "Plain",
                            "Partial Mode": "Partial",
                            "Parent Relationship": "Outer",
                            "Parallel Aware": false,
                            "Startup Cost": 271709.98,
                            "Total Cost": 271709.99,
                            "Plan Rows": 1,
                            "Plan Width": 8,
                            "Actual Startup Time": 66.406,
                            "Actual Total Time": 66.407,
                            "Actual Rows": 1,
                            "Actual Loops": 7,
                            "Output": [
                                "PARTIAL count(*)"
                            ],
                            "Workers": [
                                {
                                    "Worker Number": 0,
                                    "Actual Startup Time": 64.06,
                                    "Actual Total Time": 64.062,
                                    "Actual Rows": 1,
                                    "Actual Loops": 1
                                },
                                {
                                    "Worker Number": 1,
                                    "Actual Startup Time": 64.24,
                                    "Actual Total Time": 64.241,
                                    "Actual Rows": 1,
                                    "Actual Loops": 1
                                },
                                {
                                    "Worker Number": 2,
                                    "Actual Startup Time": 64.25,
                                    "Actual Total Time": 64.251,
                                    "Actual Rows": 1,
                                    "Actual Loops": 1
                                },
                                {
                                    "Worker Number": 3,
                                    "Actual Startup Time": 65.075,
                                    "Actual Total Time": 65.076,
                                    "Actual Rows": 1,
                                    "Actual Loops": 1
                                },
                                {
                                    "Worker Number": 4,
                                    "Actual Startup Time": 65.111,
                                    "Actual Total Time": 65.113,
                                    "Actual Rows": 1,
                                    "Actual Loops": 1
                                },
                                {
                                    "Worker Number": 5,
                                    "Actual Startup Time": 65.612,
                                    "Actual Total Time": 65.614,
                                    "Actual Rows": 1,
                                    "Actual Loops": 1
                                }
                            ],
                            "Plans": [
                                {
                                    "Node Type": "Bitmap Heap Scan",
                                    "Parent Relationship": "Outer",
                                    "Parallel Aware": true,
                                    "Relation Name": "cast_info",
                                    "Schema": "public",
                                    "Alias": "ci",
                                    "Startup Cost": 16894.93,
                                    "Total Cost": 271502.57,
                                    "Plan Rows": 82963,
                                    "Plan Width": 0,
                                    "Actual Startup Time": 50.404,
                                    "Actual Total Time": 64.412,
                                    "Actual Rows": 29456,
                                    "Actual Loops": 7,
                                    "Recheck Cond": "(ci.person_id < 83129)",
                                    "Rows Removed by Index Recheck": 0,
                                    "Filter": "(ci.role_id > 1)",
                                    "Rows Removed by Filter": 82795,
                                    "Exact Heap Blocks": 3102,
                                    "Lossy Heap Blocks": 0,
                                    "Workers": [
                                        {
                                            "Worker Number": 0,
                                            "Actual Startup Time": 48.098,
                                            "Actual Total Time": 62.144,
                                            "Actual Rows": 23219,
                                            "Actual Loops": 1
                                        },
                                        {
                                            "Worker Number": 1,
                                            "Actual Startup Time": 48.265,
                                            "Actual Total Time": 62.315,
                                            "Actual Rows": 24671,
                                            "Actual Loops": 1
                                        },
                                        {
                                            "Worker Number": 2,
                                            "Actual Startup Time": 48.233,
                                            "Actual Total Time": 62.341,
                                            "Actual Rows": 24004,
                                            "Actual Loops": 1
                                        },
                                        {
                                            "Worker Number": 3,
                                            "Actual Startup Time": 49.11,
                                            "Actual Total Time": 63.152,
                                            "Actual Rows": 24008,
                                            "Actual Loops": 1
                                        },
                                        {
                                            "Worker Number": 4,
                                            "Actual Startup Time": 49.086,
                                            "Actual Total Time": 63.232,
                                            "Actual Rows": 24308,
                                            "Actual Loops": 1
                                        },
                                        {
                                            "Worker Number": 5,
                                            "Actual Startup Time": 49.605,
                                            "Actual Total Time": 63.735,
                                            "Actual Rows": 25067,
                                            "Actual Loops": 1
                                        }
                                    ],
                                    "Plans": [
                                        {
                                            "Node Type": "Bitmap Index Scan",
                                            "Parent Relationship": "Outer",
                                            "Parallel Aware": false,
                                            "Index Name": "person_id_cast_info",
                                            "Startup Cost": 0.0,
                                            "Total Cost": 16770.48,
                                            "Plan Rows": 768256,
                                            "Plan Width": 0,
                                            "Actual Startup Time": 31.119,
                                            "Actual Total Time": 31.12,
                                            "Actual Rows": 785758,
                                            "Actual Loops": 1,
                                            "Index Cond": "(ci.person_id < 83129)"
                                        }
                                    ]
                                }
                            ]
                        }
                    ]
                }
            ]
        },
        "Planning Time": 198.692,
        "Triggers": [],
        "Execution Time": 80.295
    }
]