[
  {
    "Plan": {
      "Node Type": "Aggregate",
      "Strategy": "Plain",
      "Partial Mode": "Finalize",
      "Parallel Aware": false,
      "Startup Cost": 45689.36,
      "Total Cost": 45689.37,
      "Plan Rows": 1,
      "Plan Width": 8,
      "Actual Startup Time": 164.535,
      "Actual Total Time": 176.054,
      "Actual Rows": 1,
      "Actual Loops": 1,
      "Plans": [
        {
          "Node Type": "Gather",
          "Parent Relationship": "Outer",
          "Parallel Aware": false,
          "Startup Cost": 45689.04,
          "Total Cost": 45689.35,
          "Plan Rows": 3,
          "Plan Width": 8,
          "Actual Startup Time": 164.397,
          "Actual Total Time": 176.047,
          "Actual Rows": 4,
          "Actual Loops": 1,
          "Workers Planned": 3,
          "Workers Launched": 3,
          "Single Copy": false,
          "Plans": [
            {
              "Node Type": "Aggregate",
              "Strategy": "Plain",
              "Partial Mode": "Partial",
              "Parent Relationship": "Outer",
              "Parallel Aware": false,
              "Startup Cost": 44689.04,
              "Total Cost": 44689.05,
              "Plan Rows": 1,
              "Plan Width": 8,
              "Actual Startup Time": 155.702,
              "Actual Total Time": 155.703,
              "Actual Rows": 1,
              "Actual Loops": 4,
              "Plans": [
                {
                  "Node Type": "Seq Scan",
                  "Parent Relationship": "Outer",
                  "Parallel Aware": true,
                  "Relation Name": "movie_keyword",
                  "Alias": "mk",
                  "Startup Cost": 0.0,
                  "Total Cost": 42695.65,
                  "Plan Rows": 797355,
                  "Plan Width": 0,
                  "Actual Startup Time": 0.062,
                  "Actual Total Time": 124.676,
                  "Actual Rows": 621776,
                  "Actual Loops": 4,
                  "Filter": "(keyword_id < 6046)",
                  "Rows Removed by Filter": 509207
                }
              ]
            }
          ]
        }
      ]
    },
    "Planning Time": 0.195,
    "Triggers": [],
    "Execution Time": 176.109
  }
]