[
  {
    "Plan": {
      "Node Type": "Aggregate",
      "Strategy": "Plain",
      "Partial Mode": "Finalize",
      "Parallel Aware": false,
      "Startup Cost": 188786.9,
      "Total Cost": 188786.91,
      "Plan Rows": 1,
      "Plan Width": 8,
      "Actual Startup Time": 576.966,
      "Actual Total Time": 619.926,
      "Actual Rows": 1,
      "Actual Loops": 1,
      "Plans": [
        {
          "Node Type": "Gather",
          "Parent Relationship": "Outer",
          "Parallel Aware": false,
          "Startup Cost": 188786.38,
          "Total Cost": 188786.89,
          "Plan Rows": 5,
          "Plan Width": 8,
          "Actual Startup Time": 575.315,
          "Actual Total Time": 619.914,
          "Actual Rows": 6,
          "Actual Loops": 1,
          "Workers Planned": 5,
          "Workers Launched": 5,
          "Single Copy": false,
          "Plans": [
            {
              "Node Type": "Aggregate",
              "Strategy": "Plain",
              "Partial Mode": "Partial",
              "Parent Relationship": "Outer",
              "Parallel Aware": false,
              "Startup Cost": 187786.38,
              "Total Cost": 187786.39,
              "Plan Rows": 1,
              "Plan Width": 8,
              "Actual Startup Time": 564.363,
              "Actual Total Time": 564.429,
              "Actual Rows": 1,
              "Actual Loops": 6,
              "Plans": [
                {
                  "Node Type": "Nested Loop",
                  "Parent Relationship": "Outer",
                  "Parallel Aware": false,
                  "Join Type": "Inner",
                  "Startup Cost": 45877.84,
                  "Total Cost": 187673.7,
                  "Plan Rows": 45071,
                  "Plan Width": 0,
                  "Actual Startup Time": 101.077,
                  "Actual Total Time": 555.145,
                  "Actual Rows": 178694,
                  "Actual Loops": 6,
                  "Inner Unique": false,
                  "Join Filter": "(t.id = mi.movie_id)",
                  "Rows Removed by Join Filter": 0,
                  "Plans": [
                    {
                      "Node Type": "Hash Join",
                      "Parent Relationship": "Outer",
                      "Parallel Aware": true,
                      "Join Type": "Inner",
                      "Startup Cost": 45877.4,
                      "Total Cost": 165902.23,
                      "Plan Rows": 7708,
                      "Plan Width": 8,
                      "Actual Startup Time": 100.983,
                      "Actual Total Time": 334.07,
                      "Actual Rows": 4968,
                      "Actual Loops": 6,
                      "Inner Unique": true,
                      "Hash Cond": "(ci.movie_id = t.id)",
                      "Plans": [
                        {
                          "Node Type": "Index Scan",
                          "Parent Relationship": "Outer",
                          "Parallel Aware": true,
                          "Scan Direction": "Forward",
                          "Index Name": "role_id_cast_info",
                          "Relation Name": "cast_info",
                          "Alias": "ci",
                          "Startup Cost": 0.56,
                          "Total Cost": 119623.46,
                          "Plan Rows": 153119,
                          "Plan Width": 4,
                          "Actual Startup Time": 0.233,
                          "Actual Total Time": 134.408,
                          "Actual Rows": 446317,
                          "Actual Loops": 6,
                          "Index Cond": "(role_id = 10)",
                          "Rows Removed by Index Recheck": 0,
                          "Filter": "(person_id > 3034213)",
                          "Rows Removed by Filter": 274186
                        },
                        {
                          "Node Type": "Hash",
                          "Parent Relationship": "Inner",
                          "Parallel Aware": true,
                          "Startup Cost": 45479.1,
                          "Total Cost": 45479.1,
                          "Plan Rows": 31819,
                          "Plan Width": 4,
                          "Actual Startup Time": 98.783,
                          "Actual Total Time": 98.784,
                          "Actual Rows": 38949,
                          "Actual Loops": 6,
                          "Hash Buckets": 262144,
                          "Original Hash Buckets": 131072,
                          "Hash Batches": 1,
                          "Original Hash Batches": 1,
                          "Peak Memory Usage": 12320,
                          "Plans": [
                            {
                              "Node Type": "Seq Scan",
                              "Parent Relationship": "Outer",
                              "Parallel Aware": true,
                              "Relation Name": "title",
                              "Alias": "t",
                              "Startup Cost": 0.0,
                              "Total Cost": 45479.1,
                              "Plan Rows": 31819,
                              "Plan Width": 4,
                              "Actual Startup Time": 0.109,
                              "Actual Total Time": 80.72,
                              "Actual Rows": 38949,
                              "Actual Loops": 6,
                              "Filter": "((kind_id < 7) AND (production_year < 1968))",
                              "Rows Removed by Filter": 382437
                            }
                          ]
                        }
                      ]
                    },
                    {
                      "Node Type": "Index Only Scan",
                      "Parent Relationship": "Inner",
                      "Parallel Aware": false,
                      "Scan Direction": "Forward",
                      "Index Name": "movie_id_movie_info",
                      "Relation Name": "movie_info",
                      "Alias": "mi",
                      "Startup Cost": 0.43,
                      "Total Cost": 2.3,
                      "Plan Rows": 42,
                      "Plan Width": 4,
                      "Actual Startup Time": 0.011,
                      "Actual Total Time": 0.041,
                      "Actual Rows": 36,
                      "Actual Loops": 29806,
                      "Index Cond": "(movie_id = ci.movie_id)",
                      "Rows Removed by Index Recheck": 0,
                      "Heap Fetches": 1072166
                    }
                  ]
                }
              ]
            }
          ]
        }
      ]
    },
    "Planning Time": 1.472,
    "Triggers": [],
    "Execution Time": 620.033
  }
]