{
  "Plan": {
    "Node Type": "Aggregate",
    "Strategy": "Plain",
    "Partial Mode": "Finalize",
    "Parallel Aware": false,
    "Startup Cost": 876289.76,
    "Total Cost": 876289.77,
    "Plan Rows": 1,
    "Plan Width": 8,
    "Actual Startup Time": 6067.633,
    "Actual Total Time": 6110.644,
    "Actual Rows": 1,
    "Actual Loops": 1,
    "Plans": [
      {
        "Node Type": "Gather",
        "Parent Relationship": "Outer",
        "Parallel Aware": false,
        "Startup Cost": 876289.65,
        "Total Cost": 876289.76,
        "Plan Rows": 1,
        "Plan Width": 8,
        "Actual Startup Time": 6050.07,
        "Actual Total Time": 6110.638,
        "Actual Rows": 2,
        "Actual Loops": 1,
        "Workers Planned": 1,
        "Workers Launched": 1,
        "Single Copy": false,
        "Plans": [
          {
            "Node Type": "Aggregate",
            "Strategy": "Plain",
            "Partial Mode": "Partial",
            "Parent Relationship": "Outer",
            "Parallel Aware": false,
            "Startup Cost": 875289.65,
            "Total Cost": 875289.66,
            "Plan Rows": 1,
            "Plan Width": 8,
            "Actual Startup Time": 6043.733,
            "Actual Total Time": 6043.74,
            "Actual Rows": 1,
            "Actual Loops": 2,
            "Plans": [
              {
                "Node Type": "Merge Join",
                "Parent Relationship": "Outer",
                "Parallel Aware": false,
                "Join Type": "Inner",
                "Startup Cost": 669211.4,
                "Total Cost": 869449.92,
                "Plan Rows": 2335894,
                "Plan Width": 0,
                "Actual Startup Time": 3463.072,
                "Actual Total Time": 5587.278,
                "Actual Rows": 11976150,
                "Actual Loops": 2,
                "Inner Unique": false,
                "Merge Cond": "(mk.movie_id = t.id)",
                "Plans": [
                  {
                    "Node Type": "Index Only Scan",
                    "Parent Relationship": "Outer",
                    "Parallel Aware": true,
                    "Scan Direction": "Forward",
                    "Index Name": "movie_id_movie_keyword",
                    "Relation Name": "movie_keyword",
                    "Alias": "mk",
                    "Startup Cost": 0.43,
                    "Total Cost": 158560.11,
                    "Plan Rows": 2661135,
                    "Plan Width": 4,
                    "Actual Startup Time": 0.101,
                    "Actual Total Time": 416.157,
                    "Actual Rows": 2261965,
                    "Actual Loops": 2,
                    "Heap Fetches": 4523930
                  },
                  {
                    "Node Type": "Sort",
                    "Parent Relationship": "Inner",
                    "Parallel Aware": false,
                    "Startup Cost": 669209.71,
                    "Total Cost": 674757.93,
                    "Plan Rows": 2219287,
                    "Plan Width": 8,
                    "Actual Startup Time": 3462.922,
                    "Actual Total Time": 3936.669,
                    "Actual Rows": 14202080,
                    "Actual Loops": 2,
                    "Sort Key": [
                      "t.id"
                    ],
                    "Sort Method": "quicksort",
                    "Sort Space Used": 233033,
                    "Sort Space Type": "Memory",
                    "Workers": [
                      {
                        "Worker Number": 0,
                        "Sort Method": "quicksort",
                        "Sort Space Used": 233033,
                        "Sort Space Type": "Memory"
                      }
                    ],
                    "Plans": [
                      {
                        "Node Type": "Hash Join",
                        "Parent Relationship": "Outer",
                        "Parallel Aware": false,
                        "Join Type": "Inner",
                        "Startup Cost": 185170.9,
                        "Total Cost": 435278.39,
                        "Plan Rows": 2219287,
                        "Plan Width": 8,
                        "Actual Startup Time": 673.503,
                        "Actual Total Time": 2830.05,
                        "Actual Rows": 2874211,
                        "Actual Loops": 2,
                        "Inner Unique": true,
                        "Hash Cond": "(mi.movie_id = t.id)",
                        "Plans": [
                          {
                            "Node Type": "Bitmap Heap Scan",
                            "Parent Relationship": "Outer",
                            "Parallel Aware": false,
                            "Relation Name": "movie_info",
                            "Alias": "mi",
                            "Startup Cost": 105530.0,
                            "Total Cost": 340344.87,
                            "Plan Rows": 5825750,
                            "Plan Width": 4,
                            "Actual Startup Time": 182.184,
                            "Actual Total Time": 652.349,
                            "Actual Rows": 5884963,
                            "Actual Loops": 2,
                            "Recheck Cond": "(info_type_id < 7)",
                            "Rows Removed by Index Recheck": 0,
                            "Exact Heap Blocks": 39951,
                            "Lossy Heap Blocks": 0,
                            "Plans": [
                              {
                                "Node Type": "Bitmap Index Scan",
                                "Parent Relationship": "Outer",
                                "Parallel Aware": false,
                                "Index Name": "info_type_id_movie_info",
                                "Startup Cost": 0.0,
                                "Total Cost": 104073.56,
                                "Plan Rows": 5825750,
                                "Plan Width": 0,
                                "Actual Startup Time": 176.7,
                                "Actual Total Time": 176.7,
                                "Actual Rows": 5884963,
                                "Actual Loops": 2,
                                "Index Cond": "(info_type_id < 7)"
                              }
                            ]
                          },
                          {
                            "Node Type": "Hash",
                            "Parent Relationship": "Inner",
                            "Parallel Aware": false,
                            "Startup Cost": 67601.66,
                            "Total Cost": 67601.66,
                            "Plan Rows": 963139,
                            "Plan Width": 4,
                            "Actual Startup Time": 484.708,
                            "Actual Total Time": 484.71,
                            "Actual Rows": 971188,
                            "Actual Loops": 2,
                            "Hash Buckets": 1048576,
                            "Original Hash Buckets": 1048576,
                            "Hash Batches": 1,
                            "Original Hash Batches": 1,
                            "Peak Memory Usage": 42336,
                            "Plans": [
                              {
                                "Node Type": "Seq Scan",
                                "Parent Relationship": "Outer",
                                "Parallel Aware": false,
                                "Relation Name": "title",
                                "Alias": "t",
                                "Startup Cost": 0.0,
                                "Total Cost": 67601.66,
                                "Plan Rows": 963139,
                                "Plan Width": 4,
                                "Actual Startup Time": 0.042,
                                "Actual Total Time": 283.301,
                                "Actual Rows": 971188,
                                "Actual Loops": 2,
                                "Filter": "(production_year < 1999)",
                                "Rows Removed by Filter": 1557124
                              }
                            ]
                          }
                        ]
                      }
                    ]
                  }
                ]
              }
            ]
          }
        ]
      }
    ]
  },
  "Planning Time": 1.025,
  "Triggers": [],
  "Execution Time": 6142.229
}