[
  {
    "Plan": {
      "Node Type": "Aggregate",
      "Strategy": "Plain",
      "Partial Mode": "Finalize",
      "Parallel Aware": false,
      "Startup Cost": 37174.34,
      "Total Cost": 37174.35,
      "Plan Rows": 1,
      "Plan Width": 8,
      "Actual Startup Time": 52.191,
      "Actual Total Time": 60.846,
      "Actual Rows": 1,
      "Actual Loops": 1,
      "Plans": [
        {
          "Node Type": "Gather",
          "Parent Relationship": "Outer",
          "Parallel Aware": false,
          "Startup Cost": 37174.12,
          "Total Cost": 37174.33,
          "Plan Rows": 2,
          "Plan Width": 8,
          "Actual Startup Time": 51.998,
          "Actual Total Time": 60.836,
          "Actual Rows": 3,
          "Actual Loops": 1,
          "Workers Planned": 2,
          "Workers Launched": 2,
          "Single Copy": false,
          "Plans": [
            {
              "Node Type": "Aggregate",
              "Strategy": "Plain",
              "Partial Mode": "Partial",
              "Parent Relationship": "Outer",
              "Parallel Aware": false,
              "Startup Cost": 36174.12,
              "Total Cost": 36174.13,
              "Plan Rows": 1,
              "Plan Width": 8,
              "Actual Startup Time": 43.891,
              "Actual Total Time": 43.893,
              "Actual Rows": 1,
              "Actual Loops": 3,
              "Plans": [
                {
                  "Node Type": "Nested Loop",
                  "Parent Relationship": "Outer",
                  "Parallel Aware": false,
                  "Join Type": "Inner",
                  "Startup Cost": 151.79,
                  "Total Cost": 36173.87,
                  "Plan Rows": 102,
                  "Plan Width": 0,
                  "Actual Startup Time": 4.936,
                  "Actual Total Time": 43.871,
                  "Actual Rows": 40,
                  "Actual Loops": 3,
                  "Inner Unique": true,
                  "Plans": [
                    {
                      "Node Type": "Bitmap Heap Scan",
                      "Parent Relationship": "Outer",
                      "Parallel Aware": true,
                      "Relation Name": "movie_keyword",
                      "Alias": "mk",
                      "Startup Cost": 151.36,
                      "Total Cost": 15607.09,
                      "Plan Rows": 2953,
                      "Plan Width": 4,
                      "Actual Startup Time": 2.973,
                      "Actual Total Time": 14.64,
                      "Actual Rows": 2568,
                      "Actual Loops": 3,
                      "Recheck Cond": "(keyword_id = 797)",
                      "Rows Removed by Index Recheck": 0,
                      "Exact Heap Blocks": 4277,
                      "Lossy Heap Blocks": 0,
                      "Plans": [
                        {
                          "Node Type": "Bitmap Index Scan",
                          "Parent Relationship": "Outer",
                          "Parallel Aware": false,
                          "Index Name": "keyword_id_movie_keyword",
                          "Startup Cost": 0.0,
                          "Total Cost": 149.59,
                          "Plan Rows": 7087,
                          "Plan Width": 0,
                          "Actual Startup Time": 5.41,
                          "Actual Total Time": 5.41,
                          "Actual Rows": 7704,
                          "Actual Loops": 1,
                          "Index Cond": "(keyword_id = 797)"
                        }
                      ]
                    },
                    {
                      "Node Type": "Index Scan",
                      "Parent Relationship": "Inner",
                      "Parallel Aware": false,
                      "Scan Direction": "Forward",
                      "Index Name": "title_pkey",
                      "Relation Name": "title",
                      "Alias": "t",
                      "Startup Cost": 0.43,
                      "Total Cost": 6.96,
                      "Plan Rows": 1,
                      "Plan Width": 4,
                      "Actual Startup Time": 0.011,
                      "Actual Total Time": 0.011,
                      "Actual Rows": 0,
                      "Actual Loops": 7704,
                      "Index Cond": "(id = mk.movie_id)",
                      "Rows Removed by Index Recheck": 0,
                      "Filter": "((kind_id = 7) AND (production_year = 2010))",
                      "Rows Removed by Filter": 1
                    }
                  ]
                }
              ]
            }
          ]
        }
      ]
    },
    "Planning Time": 0.727,
    "Triggers": [],
    "Execution Time": 60.946
  }
]