[
    {
        "Bao": {
            "Bao prediction": 1176.4,
            "Bao recommended hint": "SET enable_nestloop TO off; "
        }
    },
    {
        "Plan": {
            "Node Type": "Aggregate",
            "Strategy": "Plain",
            "Partial Mode": "Finalize",
            "Parallel Aware": false,
            "Startup Cost": 400512.46,
            "Total Cost": 400512.47,
            "Plan Rows": 1,
            "Plan Width": 8,
            "Actual Startup Time": 571.975,
            "Actual Total Time": 600.175,
            "Actual Rows": 1,
            "Actual Loops": 1,
            "Output": [
                "count(*)"
            ],
            "Plans": [
                {
                    "Node Type": "Gather",
                    "Parent Relationship": "Outer",
                    "Parallel Aware": false,
                    "Startup Cost": 400511.84,
                    "Total Cost": 400512.45,
                    "Plan Rows": 6,
                    "Plan Width": 8,
                    "Actual Startup Time": 570.849,
                    "Actual Total Time": 600.167,
                    "Actual Rows": 7,
                    "Actual Loops": 1,
                    "Output": [
                        "(PARTIAL count(*))"
                    ],
                    "Workers Planned": 6,
                    "Workers Launched": 6,
                    "Single Copy": false,
                    "Plans": [
                        {
                            "Node Type": "Aggregate",
                            "Strategy": "Plain",
                            "Partial Mode": "Partial",
                            "Parent Relationship": "Outer",
                            "Parallel Aware": false,
                            "Startup Cost": 399511.84,
                            "Total Cost": 399511.85,
                            "Plan Rows": 1,
                            "Plan Width": 8,
                            "Actual Startup Time": 559.804,
                            "Actual Total Time": 559.81,
                            "Actual Rows": 1,
                            "Actual Loops": 7,
                            "Output": [
                                "PARTIAL count(*)"
                            ],
                            "Workers": [
                                {
                                    "Worker Number": 0,
                                    "Actual Startup Time": 557.616,
                                    "Actual Total Time": 557.622,
                                    "Actual Rows": 1,
                                    "Actual Loops": 1
                                },
                                {
                                    "Worker Number": 1,
                                    "Actual Startup Time": 557.871,
                                    "Actual Total Time": 557.877,
                                    "Actual Rows": 1,
                                    "Actual Loops": 1
                                },
                                {
                                    "Worker Number": 2,
                                    "Actual Startup Time": 558.126,
                                    "Actual Total Time": 558.133,
                                    "Actual Rows": 1,
                                    "Actual Loops": 1
                                },
                                {
                                    "Worker Number": 3,
                                    "Actual Startup Time": 558.163,
                                    "Actual Total Time": 558.17,
                                    "Actual Rows": 1,
                                    "Actual Loops": 1
                                },
                                {
                                    "Worker Number": 4,
                                    "Actual Startup Time": 558.503,
                                    "Actual Total Time": 558.508,
                                    "Actual Rows": 1,
                                    "Actual Loops": 1
                                },
                                {
                                    "Worker Number": 5,
                                    "Actual Startup Time": 558.629,
                                    "Actual Total Time": 558.636,
                                    "Actual Rows": 1,
                                    "Actual Loops": 1
                                }
                            ],
                            "Plans": [
                                {
                                    "Node Type": "Hash Join",
                                    "Parent Relationship": "Outer",
                                    "Parallel Aware": true,
                                    "Join Type": "Inner",
                                    "Startup Cost": 140429.9,
                                    "Total Cost": 399496.01,
                                    "Plan Rows": 6332,
                                    "Plan Width": 0,
                                    "Actual Startup Time": 408.265,
                                    "Actual Total Time": 555.8,
                                    "Actual Rows": 51675,
                                    "Actual Loops": 7,
                                    "Inner Unique": false,
                                    "Hash Cond": "(ci.movie_id = t.id)",
                                    "Workers": [
                                        {
                                            "Worker Number": 0,
                                            "Actual Startup Time": 406.14,
                                            "Actual Total Time": 553.656,
                                            "Actual Rows": 52107,
                                            "Actual Loops": 1
                                        },
                                        {
                                            "Worker Number": 1,
                                            "Actual Startup Time": 406.135,
                                            "Actual Total Time": 553.711,
                                            "Actual Rows": 51247,
                                            "Actual Loops": 1
                                        },
                                        {
                                            "Worker Number": 2,
                                            "Actual Startup Time": 406.611,
                                            "Actual Total Time": 554.266,
                                            "Actual Rows": 47834,
                                            "Actual Loops": 1
                                        },
                                        {
                                            "Worker Number": 3,
                                            "Actual Startup Time": 406.908,
                                            "Actual Total Time": 554.277,
                                            "Actual Rows": 48895,
                                            "Actual Loops": 1
                                        },
                                        {
                                            "Worker Number": 4,
                                            "Actual Startup Time": 407.599,
                                            "Actual Total Time": 554.241,
                                            "Actual Rows": 53981,
                                            "Actual Loops": 1
                                        },
                                        {
                                            "Worker Number": 5,
                                            "Actual Startup Time": 406.798,
                                            "Actual Total Time": 555.097,
                                            "Actual Rows": 49487,
                                            "Actual Loops": 1
                                        }
                                    ],
                                    "Plans": [
                                        {
                                            "Node Type": "Bitmap Heap Scan",
                                            "Parent Relationship": "Outer",
                                            "Parallel Aware": true,
                                            "Relation Name": "cast_info",
                                            "Schema": "public",
                                            "Alias": "ci",
                                            "Startup Cost": 51836.21,
                                            "Total Cost": 309414.51,
                                            "Plan Rows": 391304,
                                            "Plan Width": 4,
                                            "Actual Startup Time": 165.345,
                                            "Actual Total Time": 251.296,
                                            "Actual Rows": 336028,
                                            "Actual Loops": 7,
                                            "Output": [
                                                "ci.id",
                                                "ci.person_id",
                                                "ci.movie_id",
                                                "ci.person_role_id",
                                                "ci.note",
                                                "ci.nr_order",
                                                "ci.role_id"
                                            ],
                                            "Recheck Cond": "(ci.person_id < 228813)",
                                            "Rows Removed by Index Recheck": 0,
                                            "Exact Heap Blocks": 3962,
                                            "Lossy Heap Blocks": 0,
                                            "Workers": [
                                                {
                                                    "Worker Number": 0,
                                                    "Actual Startup Time": 165.411,
                                                    "Actual Total Time": 251.294,
                                                    "Actual Rows": 328869,
                                                    "Actual Loops": 1
                                                },
                                                {
                                                    "Worker Number": 1,
                                                    "Actual Startup Time": 165.249,
                                                    "Actual Total Time": 251.3,
                                                    "Actual Rows": 328021,
                                                    "Actual Loops": 1
                                                },
                                                {
                                                    "Worker Number": 2,
                                                    "Actual Startup Time": 165.495,
                                                    "Actual Total Time": 251.448,
                                                    "Actual Rows": 328567,
                                                    "Actual Loops": 1
                                                },
                                                {
                                                    "Worker Number": 3,
                                                    "Actual Startup Time": 165.567,
                                                    "Actual Total Time": 251.845,
                                                    "Actual Rows": 327344,
                                                    "Actual Loops": 1
                                                },
                                                {
                                                    "Worker Number": 4,
                                                    "Actual Startup Time": 165.33,
                                                    "Actual Total Time": 250.91,
                                                    "Actual Rows": 324854,
                                                    "Actual Loops": 1
                                                },
                                                {
                                                    "Worker Number": 5,
                                                    "Actual Startup Time": 165.059,
                                                    "Actual Total Time": 253.348,
                                                    "Actual Rows": 348753,
                                                    "Actual Loops": 1
                                                }
                                            ],
                                            "Plans": [
                                                {
                                                    "Node Type": "Bitmap Index Scan",
                                                    "Parent Relationship": "Outer",
                                                    "Parallel Aware": false,
                                                    "Index Name": "person_id_cast_info",
                                                    "Startup Cost": 0.0,
                                                    "Total Cost": 51249.25,
                                                    "Plan Rows": 2347825,
                                                    "Plan Width": 0,
                                                    "Actual Startup Time": 159.194,
                                                    "Actual Total Time": 159.195,
                                                    "Actual Rows": 2352194,
                                                    "Actual Loops": 1,
                                                    "Index Cond": "(ci.person_id < 228813)",
                                                    "Workers": [
                                                        {
                                                            "Worker Number": 5,
                                                            "Actual Startup Time": 159.194,
                                                            "Actual Total Time": 159.195,
                                                            "Actual Rows": 2352194,
                                                            "Actual Loops": 1
                                                        }
                                                    ]
                                                }
                                            ]
                                        },
                                        {
                                            "Node Type": "Hash",
                                            "Parent Relationship": "Inner",
                                            "Parallel Aware": true,
                                            "Startup Cost": 88428.74,
                                            "Total Cost": 88428.74,
                                            "Plan Rows": 13196,
                                            "Plan Width": 8,
                                            "Actual Startup Time": 241.641,
                                            "Actual Total Time": 241.645,
                                            "Actual Rows": 14517,
                                            "Actual Loops": 7,
                                            "Output": [
                                                "t.id",
                                                "mk.movie_id"
                                            ],
                                            "Hash Buckets": 131072,
                                            "Original Hash Buckets": 65536,
                                            "Hash Batches": 1,
                                            "Original Hash Batches": 1,
                                            "Peak Memory Usage": 5600,
                                            "Workers": [
                                                {
                                                    "Worker Number": 0,
                                                    "Actual Startup Time": 240.099,
                                                    "Actual Total Time": 240.102,
                                                    "Actual Rows": 14289,
                                                    "Actual Loops": 1
                                                },
                                                {
                                                    "Worker Number": 1,
                                                    "Actual Startup Time": 240.42,
                                                    "Actual Total Time": 240.424,
                                                    "Actual Rows": 14474,
                                                    "Actual Loops": 1
                                                },
                                                {
                                                    "Worker Number": 2,
                                                    "Actual Startup Time": 240.656,
                                                    "Actual Total Time": 240.661,
                                                    "Actual Rows": 13658,
                                                    "Actual Loops": 1
                                                },
                                                {
                                                    "Worker Number": 3,
                                                    "Actual Startup Time": 240.692,
                                                    "Actual Total Time": 240.696,
                                                    "Actual Rows": 14418,
                                                    "Actual Loops": 1
                                                },
                                                {
                                                    "Worker Number": 4,
                                                    "Actual Startup Time": 241.03,
                                                    "Actual Total Time": 241.033,
                                                    "Actual Rows": 14675,
                                                    "Actual Loops": 1
                                                },
                                                {
                                                    "Worker Number": 5,
                                                    "Actual Startup Time": 241.139,
                                                    "Actual Total Time": 241.144,
                                                    "Actual Rows": 13358,
                                                    "Actual Loops": 1
                                                }
                                            ],
                                            "Plans": [
                                                {
                                                    "Node Type": "Hash Join",
                                                    "Parent Relationship": "Outer",
                                                    "Parallel Aware": true,
                                                    "Join Type": "Inner",
                                                    "Startup Cost": 45550.66,
                                                    "Total Cost": 88428.74,
                                                    "Plan Rows": 13196,
                                                    "Plan Width": 8,
                                                    "Actual Startup Time": 84.864,
                                                    "Actual Total Time": 231.53,
                                                    "Actual Rows": 14517,
                                                    "Actual Loops": 7,
                                                    "Output": [
                                                        "t.id",
                                                        "mk.movie_id"
                                                    ],
                                                    "Inner Unique": true,
                                                    "Hash Cond": "(mk.movie_id = t.id)",
                                                    "Workers": [
                                                        {
                                                            "Worker Number": 0,
                                                            "Actual Startup Time": 83.459,
                                                            "Actual Total Time": 227.524,
                                                            "Actual Rows": 14289,
                                                            "Actual Loops": 1
                                                        },
                                                        {
                                                            "Worker Number": 1,
                                                            "Actual Startup Time": 83.624,
                                                            "Actual Total Time": 233.105,
                                                            "Actual Rows": 14474,
                                                            "Actual Loops": 1
                                                        },
                                                        {
                                                            "Worker Number": 2,
                                                            "Actual Startup Time": 83.823,
                                                            "Actual Total Time": 227.231,
                                                            "Actual Rows": 13658,
                                                            "Actual Loops": 1
                                                        },
                                                        {
                                                            "Worker Number": 3,
                                                            "Actual Startup Time": 84.049,
                                                            "Actual Total Time": 230.007,
                                                            "Actual Rows": 14418,
                                                            "Actual Loops": 1
                                                        },
                                                        {
                                                            "Worker Number": 4,
                                                            "Actual Startup Time": 84.298,
                                                            "Actual Total Time": 234.743,
                                                            "Actual Rows": 14675,
                                                            "Actual Loops": 1
                                                        },
                                                        {
                                                            "Worker Number": 5,
                                                            "Actual Startup Time": 84.268,
                                                            "Actual Total Time": 233.753,
                                                            "Actual Rows": 13358,
                                                            "Actual Loops": 1
                                                        }
                                                    ],
                                                    "Plans": [
                                                        {
                                                            "Node Type": "Seq Scan",
                                                            "Parent Relationship": "Outer",
                                                            "Parallel Aware": true,
                                                            "Relation Name": "movie_keyword",
                                                            "Schema": "public",
                                                            "Alias": "mk",
                                                            "Startup Cost": 0.0,
                                                            "Total Cost": 39047.32,
                                                            "Plan Rows": 1459332,
                                                            "Plan Width": 4,
                                                            "Actual Startup Time": 0.019,
                                                            "Actual Total Time": 75.997,
                                                            "Actual Rows": 646276,
                                                            "Actual Loops": 7,
                                                            "Output": [
                                                                "mk.id",
                                                                "mk.movie_id",
                                                                "mk.keyword_id"
                                                            ],
                                                            "Workers": [
                                                                {
                                                                    "Worker Number": 0,
                                                                    "Actual Startup Time": 0.024,
                                                                    "Actual Total Time": 75.541,
                                                                    "Actual Rows": 627150,
                                                                    "Actual Loops": 1
                                                                },
                                                                {
                                                                    "Worker Number": 1,
                                                                    "Actual Startup Time": 0.023,
                                                                    "Actual Total Time": 78.04,
                                                                    "Actual Rows": 652495,
                                                                    "Actual Loops": 1
                                                                },
                                                                {
                                                                    "Worker Number": 2,
                                                                    "Actual Startup Time": 0.014,
                                                                    "Actual Total Time": 75.217,
                                                                    "Actual Rows": 623080,
                                                                    "Actual Loops": 1
                                                                },
                                                                {
                                                                    "Worker Number": 3,
                                                                    "Actual Startup Time": 0.023,
                                                                    "Actual Total Time": 76.118,
                                                                    "Actual Rows": 633380,
                                                                    "Actual Loops": 1
                                                                },
                                                                {
                                                                    "Worker Number": 4,
                                                                    "Actual Startup Time": 0.023,
                                                                    "Actual Total Time": 78.593,
                                                                    "Actual Rows": 658230,
                                                                    "Actual Loops": 1
                                                                },
                                                                {
                                                                    "Worker Number": 5,
                                                                    "Actual Startup Time": 0.016,
                                                                    "Actual Total Time": 79.041,
                                                                    "Actual Rows": 631775,
                                                                    "Actual Loops": 1
                                                                }
                                                            ]
                                                        },
                                                        {
                                                            "Node Type": "Hash",
                                                            "Parent Relationship": "Inner",
                                                            "Parallel Aware": true,
                                                            "Startup Cost": 45479.21,
                                                            "Total Cost": 45479.21,
                                                            "Plan Rows": 5716,
                                                            "Plan Width": 4,
                                                            "Actual Startup Time": 84.501,
                                                            "Actual Total Time": 84.502,
                                                            "Actual Rows": 2699,
                                                            "Actual Loops": 7,
                                                            "Output": [
                                                                "t.id"
                                                            ],
                                                            "Hash Buckets": 32768,
                                                            "Original Hash Buckets": 32768,
                                                            "Hash Batches": 1,
                                                            "Original Hash Batches": 1,
                                                            "Peak Memory Usage": 1088,
                                                            "Workers": [
                                                                {
                                                                    "Worker Number": 0,
                                                                    "Actual Startup Time": 83.005,
                                                                    "Actual Total Time": 83.006,
                                                                    "Actual Rows": 2481,
                                                                    "Actual Loops": 1
                                                                },
                                                                {
                                                                    "Worker Number": 1,
                                                                    "Actual Startup Time": 83.321,
                                                                    "Actual Total Time": 83.322,
                                                                    "Actual Rows": 2265,
                                                                    "Actual Loops": 1
                                                                },
                                                                {
                                                                    "Worker Number": 2,
                                                                    "Actual Startup Time": 83.567,
                                                                    "Actual Total Time": 83.569,
                                                                    "Actual Rows": 2518,
                                                                    "Actual Loops": 1
                                                                },
                                                                {
                                                                    "Worker Number": 3,
                                                                    "Actual Startup Time": 83.598,
                                                                    "Actual Total Time": 83.6,
                                                                    "Actual Rows": 2434,
                                                                    "Actual Loops": 1
                                                                },
                                                                {
                                                                    "Worker Number": 4,
                                                                    "Actual Startup Time": 83.929,
                                                                    "Actual Total Time": 83.931,
                                                                    "Actual Rows": 2403,
                                                                    "Actual Loops": 1
                                                                },
                                                                {
                                                                    "Worker Number": 5,
                                                                    "Actual Startup Time": 84.058,
                                                                    "Actual Total Time": 84.06,
                                                                    "Actual Rows": 2323,
                                                                    "Actual Loops": 1
                                                                }
                                                            ],
                                                            "Plans": [
                                                                {
                                                                    "Node Type": "Seq Scan",
                                                                    "Parent Relationship": "Outer",
                                                                    "Parallel Aware": true,
                                                                    "Relation Name": "title",
                                                                    "Schema": "public",
                                                                    "Alias": "t",
                                                                    "Startup Cost": 0.0,
                                                                    "Total Cost": 45479.21,
                                                                    "Plan Rows": 5716,
                                                                    "Plan Width": 4,
                                                                    "Actual Startup Time": 0.259,
                                                                    "Actual Total Time": 82.59,
                                                                    "Actual Rows": 2699,
                                                                    "Actual Loops": 7,
                                                                    "Output": [
                                                                        "t.id"
                                                                    ],
                                                                    "Filter": "((t.kind_id < 7) AND (t.production_year = 2001))",
                                                                    "Rows Removed by Filter": 358489,
                                                                    "Workers": [
                                                                        {
                                                                            "Worker Number": 0,
                                                                            "Actual Startup Time": 0.04,
                                                                            "Actual Total Time": 80.593,
                                                                            "Actual Rows": 2481,
                                                                            "Actual Loops": 1
                                                                        },
                                                                        {
                                                                            "Worker Number": 1,
                                                                            "Actual Startup Time": 0.653,
                                                                            "Actual Total Time": 81.16,
                                                                            "Actual Rows": 2265,
                                                                            "Actual Loops": 1
                                                                        },
                                                                        {
                                                                            "Worker Number": 2,
                                                                            "Actual Startup Time": 0.187,
                                                                            "Actual Total Time": 81.824,
                                                                            "Actual Rows": 2518,
                                                                            "Actual Loops": 1
                                                                        },
                                                                        {
                                                                            "Worker Number": 3,
                                                                            "Actual Startup Time": 0.178,
                                                                            "Actual Total Time": 81.904,
                                                                            "Actual Rows": 2434,
                                                                            "Actual Loops": 1
                                                                        },
                                                                        {
                                                                            "Worker Number": 4,
                                                                            "Actual Startup Time": 0.446,
                                                                            "Actual Total Time": 82.222,
                                                                            "Actual Rows": 2403,
                                                                            "Actual Loops": 1
                                                                        },
                                                                        {
                                                                            "Worker Number": 5,
                                                                            "Actual Startup Time": 0.152,
                                                                            "Actual Total Time": 82.331,
                                                                            "Actual Rows": 2323,
                                                                            "Actual Loops": 1
                                                                        }
                                                                    ]
                                                                }
                                                            ]
                                                        }
                                                    ]
                                                }
                                            ]
                                        }
                                    ]
                                }
                            ]
                        }
                    ]
                }
            ]
        },
        "Planning Time": 1697.19,
        "Triggers": [],
        "Execution Time": 600.33
    }
]