[
  {
    "Plan": {
      "Node Type": "Aggregate",
      "Strategy": "Plain",
      "Partial Mode": "Finalize",
      "Parallel Aware": false,
      "Startup Cost": 269236.67,
      "Total Cost": 269236.68,
      "Plan Rows": 1,
      "Plan Width": 8,
      "Actual Startup Time": 540.2,
      "Actual Total Time": 585.929,
      "Actual Rows": 1,
      "Actual Loops": 1,
      "Plans": [
        {
          "Node Type": "Gather",
          "Parent Relationship": "Outer",
          "Parallel Aware": false,
          "Startup Cost": 269236.36,
          "Total Cost": 269236.67,
          "Plan Rows": 3,
          "Plan Width": 8,
          "Actual Startup Time": 538.212,
          "Actual Total Time": 585.92,
          "Actual Rows": 4,
          "Actual Loops": 1,
          "Workers Planned": 3,
          "Workers Launched": 3,
          "Single Copy": false,
          "Plans": [
            {
              "Node Type": "Aggregate",
              "Strategy": "Plain",
              "Partial Mode": "Partial",
              "Parent Relationship": "Outer",
              "Parallel Aware": false,
              "Startup Cost": 268236.36,
              "Total Cost": 268236.37,
              "Plan Rows": 1,
              "Plan Width": 8,
              "Actual Startup Time": 528.638,
              "Actual Total Time": 528.641,
              "Actual Rows": 1,
              "Actual Loops": 4,
              "Plans": [
                {
                  "Node Type": "Nested Loop",
                  "Parent Relationship": "Outer",
                  "Parallel Aware": false,
                  "Join Type": "Inner",
                  "Startup Cost": 47186.56,
                  "Total Cost": 268039.95,
                  "Plan Rows": 78561,
                  "Plan Width": 0,
                  "Actual Startup Time": 157.922,
                  "Actual Total Time": 525.284,
                  "Actual Rows": 58022,
                  "Actual Loops": 4,
                  "Inner Unique": false,
                  "Join Filter": "(t.id = mi.movie_id)",
                  "Rows Removed by Join Filter": 0,
                  "Plans": [
                    {
                      "Node Type": "Hash Join",
                      "Parent Relationship": "Outer",
                      "Parallel Aware": true,
                      "Join Type": "Inner",
                      "Startup Cost": 47186.12,
                      "Total Cost": 90923.72,
                      "Plan Rows": 85759,
                      "Plan Width": 8,
                      "Actual Startup Time": 157.637,
                      "Actual Total Time": 296.299,
                      "Actual Rows": 27692,
                      "Actual Loops": 4,
                      "Inner Unique": true,
                      "Hash Cond": "(mk.movie_id = t.id)",
                      "Plans": [
                        {
                          "Node Type": "Seq Scan",
                          "Parent Relationship": "Outer",
                          "Parallel Aware": true,
                          "Relation Name": "movie_keyword",
                          "Alias": "mk",
                          "Startup Cost": 0.0,
                          "Total Cost": 42695.65,
                          "Plan Rows": 396931,
                          "Plan Width": 4,
                          "Actual Startup Time": 1.064,
                          "Actual Total Time": 96.232,
                          "Actual Rows": 309132,
                          "Actual Loops": 4,
                          "Filter": "(keyword_id > 14635)",
                          "Rows Removed by Filter": 821850
                        },
                        {
                          "Node Type": "Hash",
                          "Parent Relationship": "Inner",
                          "Parallel Aware": true,
                          "Startup Cost": 45479.1,
                          "Total Cost": 45479.1,
                          "Plan Rows": 136562,
                          "Plan Width": 4,
                          "Actual Startup Time": 151.29,
                          "Actual Total Time": 151.291,
                          "Actual Rows": 104532,
                          "Actual Loops": 4,
                          "Hash Buckets": 1048576,
                          "Original Hash Buckets": 1048576,
                          "Hash Batches": 1,
                          "Original Hash Batches": 1,
                          "Peak Memory Usage": 24608,
                          "Plans": [
                            {
                              "Node Type": "Seq Scan",
                              "Parent Relationship": "Outer",
                              "Parallel Aware": true,
                              "Relation Name": "title",
                              "Alias": "t",
                              "Startup Cost": 0.0,
                              "Total Cost": 45479.1,
                              "Plan Rows": 136562,
                              "Plan Width": 4,
                              "Actual Startup Time": 0.04,
                              "Actual Total Time": 105.768,
                              "Actual Rows": 104532,
                              "Actual Loops": 4,
                              "Filter": "((kind_id > 2) AND (production_year < 1994))",
                              "Rows Removed by Filter": 527546
                            }
                          ]
                        }
                      ]
                    },
                    {
                      "Node Type": "Index Scan",
                      "Parent Relationship": "Inner",
                      "Parallel Aware": false,
                      "Scan Direction": "Forward",
                      "Index Name": "movie_id_movie_info",
                      "Relation Name": "movie_info",
                      "Alias": "mi",
                      "Startup Cost": 0.43,
                      "Total Cost": 1.98,
                      "Plan Rows": 7,
                      "Plan Width": 4,
                      "Actual Startup Time": 0.005,
                      "Actual Total Time": 0.008,
                      "Actual Rows": 2,
                      "Actual Loops": 110766,
                      "Index Cond": "(movie_id = mk.movie_id)",
                      "Rows Removed by Index Recheck": 0,
                      "Filter": "(info_type_id > 16)",
                      "Rows Removed by Filter": 10
                    }
                  ]
                }
              ]
            }
          ]
        }
      ]
    },
    "Planning Time": 1.46,
    "Triggers": [],
    "Execution Time": 586.026
  }
]