[
    {
        "Bao": {
            "Bao prediction": "NaN",
            "Bao recommended hint": "(no hint)"
        }
    },
    {
        "Plan": {
            "Node Type": "Aggregate",
            "Strategy": "Plain",
            "Partial Mode": "Finalize",
            "Parallel Aware": false,
            "Startup Cost": 356312.04,
            "Total Cost": 356312.05,
            "Plan Rows": 1,
            "Plan Width": 8,
            "Actual Startup Time": 840.05,
            "Actual Total Time": 863.093,
            "Actual Rows": 1,
            "Actual Loops": 1,
            "Output": [
                "count(*)"
            ],
            "Plans": [
                {
                    "Node Type": "Gather",
                    "Parent Relationship": "Outer",
                    "Parallel Aware": false,
                    "Startup Cost": 356311.41,
                    "Total Cost": 356312.02,
                    "Plan Rows": 6,
                    "Plan Width": 8,
                    "Actual Startup Time": 839.964,
                    "Actual Total Time": 863.083,
                    "Actual Rows": 7,
                    "Actual Loops": 1,
                    "Output": [
                        "(PARTIAL count(*))"
                    ],
                    "Workers Planned": 6,
                    "Workers Launched": 6,
                    "Single Copy": false,
                    "Plans": [
                        {
                            "Node Type": "Aggregate",
                            "Strategy": "Plain",
                            "Partial Mode": "Partial",
                            "Parent Relationship": "Outer",
                            "Parallel Aware": false,
                            "Startup Cost": 355311.41,
                            "Total Cost": 355311.42,
                            "Plan Rows": 1,
                            "Plan Width": 8,
                            "Actual Startup Time": 829.96,
                            "Actual Total Time": 829.961,
                            "Actual Rows": 1,
                            "Actual Loops": 7,
                            "Output": [
                                "PARTIAL count(*)"
                            ],
                            "Workers": [
                                {
                                    "Worker Number": 0,
                                    "Actual Startup Time": 827.317,
                                    "Actual Total Time": 827.318,
                                    "Actual Rows": 1,
                                    "Actual Loops": 1
                                },
                                {
                                    "Worker Number": 1,
                                    "Actual Startup Time": 828.004,
                                    "Actual Total Time": 828.005,
                                    "Actual Rows": 1,
                                    "Actual Loops": 1
                                },
                                {
                                    "Worker Number": 2,
                                    "Actual Startup Time": 828.292,
                                    "Actual Total Time": 828.293,
                                    "Actual Rows": 1,
                                    "Actual Loops": 1
                                },
                                {
                                    "Worker Number": 3,
                                    "Actual Startup Time": 828.624,
                                    "Actual Total Time": 828.625,
                                    "Actual Rows": 1,
                                    "Actual Loops": 1
                                },
                                {
                                    "Worker Number": 4,
                                    "Actual Startup Time": 828.863,
                                    "Actual Total Time": 828.863,
                                    "Actual Rows": 1,
                                    "Actual Loops": 1
                                },
                                {
                                    "Worker Number": 5,
                                    "Actual Startup Time": 829.01,
                                    "Actual Total Time": 829.011,
                                    "Actual Rows": 1,
                                    "Actual Loops": 1
                                }
                            ],
                            "Plans": [
                                {
                                    "Node Type": "Seq Scan",
                                    "Parent Relationship": "Outer",
                                    "Parallel Aware": true,
                                    "Relation Name": "cast_info",
                                    "Schema": "public",
                                    "Alias": "ci",
                                    "Startup Cost": 0.0,
                                    "Total Cost": 343318.94,
                                    "Plan Rows": 4796990,
                                    "Plan Width": 0,
                                    "Actual Startup Time": 2.781,
                                    "Actual Total Time": 658.264,
                                    "Actual Rows": 4089468,
                                    "Actual Loops": 7,
                                    "Output": [
                                        "id",
                                        "person_id",
                                        "movie_id",
                                        "person_role_id",
                                        "note",
                                        "nr_order",
                                        "role_id"
                                    ],
                                    "Filter": "((ci.person_id > 23413) AND (ci.role_id < 8))",
                                    "Rows Removed by Filter": 1088295,
                                    "Workers": [
                                        {
                                            "Worker Number": 0,
                                            "Actual Startup Time": 0.128,
                                            "Actual Total Time": 659.551,
                                            "Actual Rows": 3787184,
                                            "Actual Loops": 1
                                        },
                                        {
                                            "Worker Number": 1,
                                            "Actual Startup Time": 0.84,
                                            "Actual Total Time": 659.928,
                                            "Actual Rows": 4011536,
                                            "Actual Loops": 1
                                        },
                                        {
                                            "Worker Number": 2,
                                            "Actual Startup Time": 1.172,
                                            "Actual Total Time": 660.247,
                                            "Actual Rows": 4009607,
                                            "Actual Loops": 1
                                        },
                                        {
                                            "Worker Number": 3,
                                            "Actual Startup Time": 1.437,
                                            "Actual Total Time": 660.463,
                                            "Actual Rows": 4018838,
                                            "Actual Loops": 1
                                        },
                                        {
                                            "Worker Number": 4,
                                            "Actual Startup Time": 1.686,
                                            "Actual Total Time": 660.209,
                                            "Actual Rows": 4036095,
                                            "Actual Loops": 1
                                        },
                                        {
                                            "Worker Number": 5,
                                            "Actual Startup Time": 1.815,
                                            "Actual Total Time": 659.919,
                                            "Actual Rows": 3899343,
                                            "Actual Loops": 1
                                        }
                                    ]
                                }
                            ]
                        }
                    ]
                }
            ]
        },
        "Planning Time": 226.668,
        "Triggers": [],
        "Execution Time": 863.148
    }
]