[
  {
    "Plan": {
      "Node Type": "Aggregate",
      "Strategy": "Plain",
      "Partial Mode": "Finalize",
      "Parallel Aware": false,
      "Startup Cost": 74335.97,
      "Total Cost": 74335.98,
      "Plan Rows": 1,
      "Plan Width": 8,
      "Actual Startup Time": 155.194,
      "Actual Total Time": 169.247,
      "Actual Rows": 1,
      "Actual Loops": 1,
      "Plans": [
        {
          "Node Type": "Gather",
          "Parent Relationship": "Outer",
          "Parallel Aware": false,
          "Startup Cost": 74335.44,
          "Total Cost": 74335.95,
          "Plan Rows": 5,
          "Plan Width": 8,
          "Actual Startup Time": 155.071,
          "Actual Total Time": 169.237,
          "Actual Rows": 6,
          "Actual Loops": 1,
          "Workers Planned": 5,
          "Workers Launched": 5,
          "Single Copy": false,
          "Plans": [
            {
              "Node Type": "Aggregate",
              "Strategy": "Plain",
              "Partial Mode": "Partial",
              "Parent Relationship": "Outer",
              "Parallel Aware": false,
              "Startup Cost": 73335.44,
              "Total Cost": 73335.45,
              "Plan Rows": 1,
              "Plan Width": 8,
              "Actual Startup Time": 146.785,
              "Actual Total Time": 146.787,
              "Actual Rows": 1,
              "Actual Loops": 6,
              "Plans": [
                {
                  "Node Type": "Index Scan",
                  "Parent Relationship": "Outer",
                  "Parallel Aware": true,
                  "Scan Direction": "Forward",
                  "Index Name": "role_id_cast_info",
                  "Relation Name": "cast_info",
                  "Alias": "ci",
                  "Startup Cost": 0.56,
                  "Total Cost": 72913.16,
                  "Plan Rows": 168915,
                  "Plan Width": 0,
                  "Actual Startup Time": 0.204,
                  "Actual Total Time": 137.907,
                  "Actual Rows": 135250,
                  "Actual Loops": 6,
                  "Index Cond": "(role_id = 4)",
                  "Rows Removed by Index Recheck": 0,
                  "Filter": "(person_id < 1134812)",
                  "Rows Removed by Filter": 319574
                }
              ]
            }
          ]
        }
      ]
    },
    "Planning Time": 0.199,
    "Triggers": [],
    "Execution Time": 169.305
  }
]