[
  {
    "Plan": {
      "Node Type": "Aggregate",
      "Strategy": "Plain",
      "Partial Mode": "Finalize",
      "Parallel Aware": false,
      "Startup Cost": 380908.91,
      "Total Cost": 380908.92,
      "Plan Rows": 1,
      "Plan Width": 8,
      "Actual Startup Time": 2060.023,
      "Actual Total Time": 2122.086,
      "Actual Rows": 1,
      "Actual Loops": 1,
      "Plans": [
        {
          "Node Type": "Gather",
          "Parent Relationship": "Outer",
          "Parallel Aware": false,
          "Startup Cost": 380908.28,
          "Total Cost": 380908.89,
          "Plan Rows": 6,
          "Plan Width": 8,
          "Actual Startup Time": 2056.075,
          "Actual Total Time": 2122.075,
          "Actual Rows": 7,
          "Actual Loops": 1,
          "Workers Planned": 6,
          "Workers Launched": 6,
          "Single Copy": false,
          "Plans": [
            {
              "Node Type": "Aggregate",
              "Strategy": "Plain",
              "Partial Mode": "Partial",
              "Parent Relationship": "Outer",
              "Parallel Aware": false,
              "Startup Cost": 379908.28,
              "Total Cost": 379908.29,
              "Plan Rows": 1,
              "Plan Width": 8,
              "Actual Startup Time": 2045.171,
              "Actual Total Time": 2045.173,
              "Actual Rows": 1,
              "Actual Loops": 7,
              "Plans": [
                {
                  "Node Type": "Hash Join",
                  "Parent Relationship": "Outer",
                  "Parallel Aware": true,
                  "Join Type": "Inner",
                  "Startup Cost": 47355.49,
                  "Total Cost": 376322.14,
                  "Plan Rows": 1434456,
                  "Plan Width": 0,
                  "Actual Startup Time": 148.476,
                  "Actual Total Time": 1973.108,
                  "Actual Rows": 1264617,
                  "Actual Loops": 7,
                  "Inner Unique": true,
                  "Hash Cond": "(ci.movie_id = t.id)",
                  "Plans": [
                    {
                      "Node Type": "Seq Scan",
                      "Parent Relationship": "Outer",
                      "Parallel Aware": true,
                      "Relation Name": "cast_info",
                      "Alias": "ci",
                      "Startup Cost": 0.0,
                      "Total Cost": 313106.51,
                      "Plan Rows": 6041951,
                      "Plan Width": 4,
                      "Actual Startup Time": 0.042,
                      "Actual Total Time": 637.748,
                      "Actual Rows": 5177763,
                      "Actual Loops": 7
                    },
                    {
                      "Node Type": "Hash",
                      "Parent Relationship": "Inner",
                      "Parallel Aware": true,
                      "Startup Cost": 45479.59,
                      "Total Cost": 45479.59,
                      "Plan Rows": 150072,
                      "Plan Width": 4,
                      "Actual Startup Time": 144.569,
                      "Actual Total Time": 144.57,
                      "Actual Rows": 70355,
                      "Actual Loops": 7,
                      "Hash Buckets": 1048576,
                      "Original Hash Buckets": 1048576,
                      "Hash Batches": 1,
                      "Original Hash Batches": 1,
                      "Peak Memory Usage": 27520,
                      "Plans": [
                        {
                          "Node Type": "Seq Scan",
                          "Parent Relationship": "Outer",
                          "Parallel Aware": true,
                          "Relation Name": "title",
                          "Alias": "t",
                          "Startup Cost": 0.0,
                          "Total Cost": 45479.59,
                          "Plan Rows": 150072,
                          "Plan Width": 4,
                          "Actual Startup Time": 51.533,
                          "Actual Total Time": 98.248,
                          "Actual Rows": 70355,
                          "Actual Loops": 7,
                          "Filter": "((production_year > 1950) AND (kind_id = 1))",
                          "Rows Removed by Filter": 290833
                        }
                      ]
                    }
                  ]
                }
              ]
            }
          ]
        }
      ]
    },
    "Planning Time": 0.339,
    "Triggers": [],
    "Execution Time": 2122.148
  }
]