[
  {
    "Plan": {
      "Node Type": "Aggregate",
      "Strategy": "Plain",
      "Partial Mode": "Finalize",
      "Parallel Aware": false,
      "Startup Cost": 28950.0,
      "Total Cost": 28950.01,
      "Plan Rows": 1,
      "Plan Width": 8,
      "Actual Startup Time": 57.214,
      "Actual Total Time": 62.176,
      "Actual Rows": 1,
      "Actual Loops": 1,
      "Plans": [
        {
          "Node Type": "Gather",
          "Parent Relationship": "Outer",
          "Parallel Aware": false,
          "Startup Cost": 28949.68,
          "Total Cost": 28949.99,
          "Plan Rows": 3,
          "Plan Width": 8,
          "Actual Startup Time": 56.977,
          "Actual Total Time": 62.168,
          "Actual Rows": 4,
          "Actual Loops": 1,
          "Workers Planned": 3,
          "Workers Launched": 3,
          "Single Copy": false,
          "Plans": [
            {
              "Node Type": "Aggregate",
              "Strategy": "Plain",
              "Partial Mode": "Partial",
              "Parent Relationship": "Outer",
              "Parallel Aware": false,
              "Startup Cost": 27949.68,
              "Total Cost": 27949.69,
              "Plan Rows": 1,
              "Plan Width": 8,
              "Actual Startup Time": 48.321,
              "Actual Total Time": 48.322,
              "Actual Rows": 1,
              "Actual Loops": 4,
              "Plans": [
                {
                  "Node Type": "Bitmap Heap Scan",
                  "Parent Relationship": "Outer",
                  "Parallel Aware": true,
                  "Relation Name": "movie_keyword",
                  "Alias": "mk",
                  "Startup Cost": 2847.16,
                  "Total Cost": 27841.6,
                  "Plan Rows": 43235,
                  "Plan Width": 0,
                  "Actual Startup Time": 3.907,
                  "Actual Total Time": 46.057,
                  "Actual Rows": 32890,
                  "Actual Loops": 4,
                  "Recheck Cond": "(keyword_id > 76134)",
                  "Rows Removed by Index Recheck": 0,
                  "Exact Heap Blocks": 10418,
                  "Lossy Heap Blocks": 0,
                  "Plans": [
                    {
                      "Node Type": "Bitmap Index Scan",
                      "Parent Relationship": "Outer",
                      "Parallel Aware": false,
                      "Index Name": "keyword_id_movie_keyword",
                      "Startup Cost": 0.0,
                      "Total Cost": 2813.65,
                      "Plan Rows": 134029,
                      "Plan Width": 0,
                      "Actual Startup Time": 9.349,
                      "Actual Total Time": 9.35,
                      "Actual Rows": 131558,
                      "Actual Loops": 1,
                      "Index Cond": "(keyword_id > 76134)"
                    }
                  ]
                }
              ]
            }
          ]
        }
      ]
    },
    "Planning Time": 0.079,
    "Triggers": [],
    "Execution Time": 62.22
  }
]