[
  {
    "Plan": {
      "Node Type": "Aggregate",
      "Strategy": "Plain",
      "Partial Mode": "Finalize",
      "Parallel Aware": false,
      "Startup Cost": 339029.79,
      "Total Cost": 339029.8,
      "Plan Rows": 1,
      "Plan Width": 8,
      "Actual Startup Time": 872.094,
      "Actual Total Time": 917.184,
      "Actual Rows": 1,
      "Actual Loops": 1,
      "Plans": [
        {
          "Node Type": "Gather",
          "Parent Relationship": "Outer",
          "Parallel Aware": false,
          "Startup Cost": 339029.16,
          "Total Cost": 339029.77,
          "Plan Rows": 6,
          "Plan Width": 8,
          "Actual Startup Time": 871.918,
          "Actual Total Time": 917.171,
          "Actual Rows": 7,
          "Actual Loops": 1,
          "Workers Planned": 6,
          "Workers Launched": 6,
          "Single Copy": false,
          "Plans": [
            {
              "Node Type": "Aggregate",
              "Strategy": "Plain",
              "Partial Mode": "Partial",
              "Parent Relationship": "Outer",
              "Parallel Aware": false,
              "Startup Cost": 338029.16,
              "Total Cost": 338029.17,
              "Plan Rows": 1,
              "Plan Width": 8,
              "Actual Startup Time": 863.529,
              "Actual Total Time": 863.53,
              "Actual Rows": 1,
              "Actual Loops": 7,
              "Plans": [
                {
                  "Node Type": "Seq Scan",
                  "Parent Relationship": "Outer",
                  "Parallel Aware": true,
                  "Relation Name": "cast_info",
                  "Alias": "ci",
                  "Startup Cost": 0.0,
                  "Total Cost": 328211.39,
                  "Plan Rows": 3927108,
                  "Plan Width": 0,
                  "Actual Startup Time": 0.051,
                  "Actual Total Time": 673.799,
                  "Actual Rows": 3386869,
                  "Actual Loops": 7,
                  "Filter": "(person_id < 2429092)",
                  "Rows Removed by Filter": 1790895
                }
              ]
            }
          ]
        }
      ]
    },
    "Planning Time": 0.107,
    "Triggers": [],
    "Execution Time": 917.241
  }
]