[
  {
    "Plan": {
      "Node Type": "Aggregate",
      "Strategy": "Plain",
      "Partial Mode": "Finalize",
      "Parallel Aware": false,
      "Startup Cost": 339025.78,
      "Total Cost": 339025.79,
      "Plan Rows": 1,
      "Plan Width": 8,
      "Actual Startup Time": 812.022,
      "Actual Total Time": 869.717,
      "Actual Rows": 1,
      "Actual Loops": 1,
      "Plans": [
        {
          "Node Type": "Gather",
          "Parent Relationship": "Outer",
          "Parallel Aware": false,
          "Startup Cost": 339025.15,
          "Total Cost": 339025.76,
          "Plan Rows": 6,
          "Plan Width": 8,
          "Actual Startup Time": 811.894,
          "Actual Total Time": 869.706,
          "Actual Rows": 7,
          "Actual Loops": 1,
          "Workers Planned": 6,
          "Workers Launched": 6,
          "Single Copy": false,
          "Plans": [
            {
              "Node Type": "Aggregate",
              "Strategy": "Plain",
              "Partial Mode": "Partial",
              "Parent Relationship": "Outer",
              "Parallel Aware": false,
              "Startup Cost": 338025.15,
              "Total Cost": 338025.16,
              "Plan Rows": 1,
              "Plan Width": 8,
              "Actual Startup Time": 801.054,
              "Actual Total Time": 801.055,
              "Actual Rows": 1,
              "Actual Loops": 7,
              "Plans": [
                {
                  "Node Type": "Seq Scan",
                  "Parent Relationship": "Outer",
                  "Parallel Aware": true,
                  "Relation Name": "cast_info",
                  "Alias": "ci",
                  "Startup Cost": 0.0,
                  "Total Cost": 328162.03,
                  "Plan Rows": 3945250,
                  "Plan Width": 0,
                  "Actual Startup Time": 0.054,
                  "Actual Total Time": 641.002,
                  "Actual Rows": 3386869,
                  "Actual Loops": 7,
                  "Filter": "(person_id < 2429092)",
                  "Rows Removed by Filter": 1790895
                }
              ]
            }
          ]
        }
      ]
    },
    "Planning Time": 0.17,
    "Triggers": [],
    "Execution Time": 869.787
  }
]