[
  {
    "Plan": {
      "Node Type": "Aggregate",
      "Strategy": "Plain",
      "Partial Mode": "Finalize",
      "Parallel Aware": false,
      "Startup Cost": 31085.73,
      "Total Cost": 31085.74,
      "Plan Rows": 1,
      "Plan Width": 8,
      "Actual Startup Time": 83.638,
      "Actual Total Time": 90.991,
      "Actual Rows": 1,
      "Actual Loops": 1,
      "Plans": [
        {
          "Node Type": "Gather",
          "Parent Relationship": "Outer",
          "Parallel Aware": false,
          "Startup Cost": 31085.42,
          "Total Cost": 31085.73,
          "Plan Rows": 3,
          "Plan Width": 8,
          "Actual Startup Time": 83.501,
          "Actual Total Time": 90.983,
          "Actual Rows": 4,
          "Actual Loops": 1,
          "Workers Planned": 3,
          "Workers Launched": 3,
          "Single Copy": false,
          "Plans": [
            {
              "Node Type": "Aggregate",
              "Strategy": "Plain",
              "Partial Mode": "Partial",
              "Parent Relationship": "Outer",
              "Parallel Aware": false,
              "Startup Cost": 30085.42,
              "Total Cost": 30085.43,
              "Plan Rows": 1,
              "Plan Width": 8,
              "Actual Startup Time": 78.785,
              "Actual Total Time": 78.786,
              "Actual Rows": 1,
              "Actual Loops": 4,
              "Plans": [
                {
                  "Node Type": "Seq Scan",
                  "Parent Relationship": "Outer",
                  "Parallel Aware": true,
                  "Relation Name": "movie_companies",
                  "Alias": "mc",
                  "Startup Cost": 0.0,
                  "Total Cost": 29310.68,
                  "Plan Rows": 309894,
                  "Plan Width": 0,
                  "Actual Startup Time": 0.024,
                  "Actual Total Time": 67.552,
                  "Actual Rows": 240256,
                  "Actual Loops": 4,
                  "Filter": "(company_id < 3910)",
                  "Rows Removed by Filter": 412026
                }
              ]
            }
          ]
        }
      ]
    },
    "Planning Time": 0.081,
    "Triggers": [],
    "Execution Time": 91.015
  }
]