[
  {
    "Plan": {
      "Node Type": "Aggregate",
      "Strategy": "Plain",
      "Partial Mode": "Finalize",
      "Parallel Aware": false,
      "Startup Cost": 37243.77,
      "Total Cost": 37243.78,
      "Plan Rows": 1,
      "Plan Width": 8,
      "Actual Startup Time": 44.036,
      "Actual Total Time": 49.395,
      "Actual Rows": 1,
      "Actual Loops": 1,
      "Plans": [
        {
          "Node Type": "Gather",
          "Parent Relationship": "Outer",
          "Parallel Aware": false,
          "Startup Cost": 37243.55,
          "Total Cost": 37243.76,
          "Plan Rows": 2,
          "Plan Width": 8,
          "Actual Startup Time": 43.799,
          "Actual Total Time": 49.388,
          "Actual Rows": 3,
          "Actual Loops": 1,
          "Workers Planned": 2,
          "Workers Launched": 2,
          "Single Copy": false,
          "Plans": [
            {
              "Node Type": "Aggregate",
              "Strategy": "Plain",
              "Partial Mode": "Partial",
              "Parent Relationship": "Outer",
              "Parallel Aware": false,
              "Startup Cost": 36243.55,
              "Total Cost": 36243.56,
              "Plan Rows": 1,
              "Plan Width": 8,
              "Actual Startup Time": 35.958,
              "Actual Total Time": 35.96,
              "Actual Rows": 1,
              "Actual Loops": 3,
              "Plans": [
                {
                  "Node Type": "Nested Loop",
                  "Parent Relationship": "Outer",
                  "Parallel Aware": false,
                  "Join Type": "Inner",
                  "Startup Cost": 152.21,
                  "Total Cost": 36243.53,
                  "Plan Rows": 11,
                  "Plan Width": 0,
                  "Actual Startup Time": 16.46,
                  "Actual Total Time": 35.949,
                  "Actual Rows": 19,
                  "Actual Loops": 3,
                  "Inner Unique": false,
                  "Plans": [
                    {
                      "Node Type": "Nested Loop",
                      "Parent Relationship": "Outer",
                      "Parallel Aware": false,
                      "Join Type": "Inner",
                      "Startup Cost": 151.79,
                      "Total Cost": 36166.49,
                      "Plan Rows": 21,
                      "Plan Width": 8,
                      "Actual Startup Time": 16.309,
                      "Actual Total Time": 35.675,
                      "Actual Rows": 8,
                      "Actual Loops": 3,
                      "Inner Unique": true,
                      "Plans": [
                        {
                          "Node Type": "Bitmap Heap Scan",
                          "Parent Relationship": "Outer",
                          "Parallel Aware": true,
                          "Relation Name": "movie_keyword",
                          "Alias": "mk",
                          "Startup Cost": 151.36,
                          "Total Cost": 15607.09,
                          "Plan Rows": 2953,
                          "Plan Width": 4,
                          "Actual Startup Time": 2.541,
                          "Actual Total Time": 11.959,
                          "Actual Rows": 2109,
                          "Actual Loops": 3,
                          "Recheck Cond": "(keyword_id = 498)",
                          "Rows Removed by Index Recheck": 0,
                          "Exact Heap Blocks": 3570,
                          "Lossy Heap Blocks": 0,
                          "Plans": [
                            {
                              "Node Type": "Bitmap Index Scan",
                              "Parent Relationship": "Outer",
                              "Parallel Aware": false,
                              "Index Name": "keyword_id_movie_keyword",
                              "Startup Cost": 0.0,
                              "Total Cost": 149.59,
                              "Plan Rows": 7087,
                              "Plan Width": 0,
                              "Actual Startup Time": 4.65,
                              "Actual Total Time": 4.65,
                              "Actual Rows": 6326,
                              "Actual Loops": 1,
                              "Index Cond": "(keyword_id = 498)"
                            }
                          ]
                        },
                        {
                          "Node Type": "Index Scan",
                          "Parent Relationship": "Inner",
                          "Parallel Aware": false,
                          "Scan Direction": "Forward",
                          "Index Name": "title_pkey",
                          "Relation Name": "title",
                          "Alias": "t",
                          "Startup Cost": 0.43,
                          "Total Cost": 6.96,
                          "Plan Rows": 1,
                          "Plan Width": 4,
                          "Actual Startup Time": 0.011,
                          "Actual Total Time": 0.011,
                          "Actual Rows": 0,
                          "Actual Loops": 6326,
                          "Index Cond": "(id = mk.movie_id)",
                          "Rows Removed by Index Recheck": 0,
                          "Filter": "(production_year = 1984)",
                          "Rows Removed by Filter": 1
                        }
                      ]
                    },
                    {
                      "Node Type": "Index Only Scan",
                      "Parent Relationship": "Inner",
                      "Parallel Aware": false,
                      "Scan Direction": "Forward",
                      "Index Name": "movie_id_movie_info_idx",
                      "Relation Name": "movie_info_idx",
                      "Alias": "mi_idx",
                      "Startup Cost": 0.43,
                      "Total Cost": 3.64,
                      "Plan Rows": 3,
                      "Plan Width": 4,
                      "Actual Startup Time": 0.033,
                      "Actual Total Time": 0.034,
                      "Actual Rows": 2,
                      "Actual Loops": 23,
                      "Index Cond": "(movie_id = t.id)",
                      "Rows Removed by Index Recheck": 0,
                      "Heap Fetches": 57
                    }
                  ]
                }
              ]
            }
          ]
        }
      ]
    },
    "Planning Time": 1.37,
    "Triggers": [],
    "Execution Time": 49.493
  }
]