[
  {
    "Plan": {
      "Node Type": "Aggregate",
      "Strategy": "Plain",
      "Partial Mode": "Finalize",
      "Parallel Aware": false,
      "Startup Cost": 42717.05,
      "Total Cost": 42717.06,
      "Plan Rows": 1,
      "Plan Width": 8,
      "Actual Startup Time": 142.595,
      "Actual Total Time": 150.827,
      "Actual Rows": 1,
      "Actual Loops": 1,
      "Plans": [
        {
          "Node Type": "Gather",
          "Parent Relationship": "Outer",
          "Parallel Aware": false,
          "Startup Cost": 42716.73,
          "Total Cost": 42717.04,
          "Plan Rows": 3,
          "Plan Width": 8,
          "Actual Startup Time": 142.381,
          "Actual Total Time": 150.819,
          "Actual Rows": 4,
          "Actual Loops": 1,
          "Workers Planned": 3,
          "Workers Launched": 3,
          "Single Copy": false,
          "Plans": [
            {
              "Node Type": "Aggregate",
              "Strategy": "Plain",
              "Partial Mode": "Partial",
              "Parent Relationship": "Outer",
              "Parallel Aware": false,
              "Startup Cost": 41716.73,
              "Total Cost": 41716.74,
              "Plan Rows": 1,
              "Plan Width": 8,
              "Actual Startup Time": 135.637,
              "Actual Total Time": 135.638,
              "Actual Rows": 1,
              "Actual Loops": 4,
              "Plans": [
                {
                  "Node Type": "Bitmap Heap Scan",
                  "Parent Relationship": "Outer",
                  "Parallel Aware": true,
                  "Relation Name": "movie_keyword",
                  "Alias": "mk",
                  "Startup Cost": 14056.21,
                  "Total Cost": 41182.31,
                  "Plan Rows": 213768,
                  "Plan Width": 0,
                  "Actual Startup Time": 53.775,
                  "Actual Total Time": 126.799,
                  "Actual Rows": 163040,
                  "Actual Loops": 4,
                  "Recheck Cond": "(keyword_id > 28823)",
                  "Rows Removed by Index Recheck": 0,
                  "Exact Heap Blocks": 10288,
                  "Lossy Heap Blocks": 0,
                  "Plans": [
                    {
                      "Node Type": "Bitmap Index Scan",
                      "Parent Relationship": "Outer",
                      "Parallel Aware": false,
                      "Index Name": "keyword_id_movie_keyword",
                      "Startup Cost": 0.0,
                      "Total Cost": 13890.54,
                      "Plan Rows": 662681,
                      "Plan Width": 0,
                      "Actual Startup Time": 56.175,
                      "Actual Total Time": 56.175,
                      "Actual Rows": 652158,
                      "Actual Loops": 1,
                      "Index Cond": "(keyword_id > 28823)"
                    }
                  ]
                }
              ]
            }
          ]
        }
      ]
    },
    "Planning Time": 0.179,
    "Triggers": [],
    "Execution Time": 150.903
  }
]