[
  {
    "Bao": {
      "Bao prediction": 858.856,
      "Bao recommended hint": "SET enable_nestloop TO off; "
    }
  },
  {
    "Plan": {
      "Node Type": "Aggregate",
      "Strategy": "Plain",
      "Partial Mode": "Finalize",
      "Parallel Aware": false,
      "Startup Cost": 96254.54,
      "Total Cost": 96254.55,
      "Plan Rows": 1,
      "Plan Width": 64,
      "Actual Startup Time": 512.648,
      "Actual Total Time": 528.901,
      "Actual Rows": 1,
      "Actual Loops": 1,
      "Plans": [
        {
          "Node Type": "Gather",
          "Parent Relationship": "Outer",
          "Parallel Aware": false,
          "Startup Cost": 96254.22,
          "Total Cost": 96254.53,
          "Plan Rows": 3,
          "Plan Width": 64,
          "Actual Startup Time": 512.309,
          "Actual Total Time": 528.888,
          "Actual Rows": 4,
          "Actual Loops": 1,
          "Workers Planned": 3,
          "Workers Launched": 3,
          "Single Copy": false,
          "Plans": [
            {
              "Node Type": "Aggregate",
              "Strategy": "Plain",
              "Partial Mode": "Partial",
              "Parent Relationship": "Outer",
              "Parallel Aware": false,
              "Startup Cost": 95254.22,
              "Total Cost": 95254.23,
              "Plan Rows": 1,
              "Plan Width": 64,
              "Actual Startup Time": 492.923,
              "Actual Total Time": 492.931,
              "Actual Rows": 1,
              "Actual Loops": 4,
              "Plans": [
                {
                  "Node Type": "Hash Join",
                  "Parent Relationship": "Outer",
                  "Parallel Aware": true,
                  "Join Type": "Inner",
                  "Startup Cost": 61990.85,
                  "Total Cost": 95254.21,
                  "Plan Rows": 1,
                  "Plan Width": 22,
                  "Actual Startup Time": 480.787,
                  "Actual Total Time": 492.92,
                  "Actual Rows": 2,
                  "Actual Loops": 4,
                  "Inner Unique": false,
                  "Hash Cond": "(t.id = mi_idx.movie_id)",
                  "Plans": [
                    {
                      "Node Type": "Bitmap Heap Scan",
                      "Parent Relationship": "Outer",
                      "Parallel Aware": true,
                      "Relation Name": "title",
                      "Alias": "t",
                      "Startup Cost": 427.75,
                      "Total Cost": 33663.74,
                      "Plan Rows": 7297,
                      "Plan Width": 21,
                      "Actual Startup Time": 7.656,
                      "Actual Total Time": 28.71,
                      "Actual Rows": 6127,
                      "Actual Loops": 4,
                      "Recheck Cond": "(production_year < 1910)",
                      "Rows Removed by Index Recheck": 0,
                      "Exact Heap Blocks": 2341,
                      "Lossy Heap Blocks": 0,
                      "Plans": [
                        {
                          "Node Type": "Bitmap Index Scan",
                          "Parent Relationship": "Outer",
                          "Parallel Aware": false,
                          "Index Name": "idx_title_production_year",
                          "Startup Cost": 0.0,
                          "Total Cost": 422.09,
                          "Plan Rows": 22622,
                          "Plan Width": 0,
                          "Actual Startup Time": 5.231,
                          "Actual Total Time": 5.232,
                          "Actual Rows": 24508,
                          "Actual Loops": 1,
                          "Index Cond": "(production_year < 1910)"
                        }
                      ]
                    },
                    {
                      "Node Type": "Hash",
                      "Parent Relationship": "Inner",
                      "Parallel Aware": true,
                      "Startup Cost": 61563.06,
                      "Total Cost": 61563.06,
                      "Plan Rows": 3,
                      "Plan Width": 13,
                      "Actual Startup Time": 460.837,
                      "Actual Total Time": 460.843,
                      "Actual Rows": 2023,
                      "Actual Loops": 4,
                      "Hash Buckets": 8192,
                      "Original Hash Buckets": 1024,
                      "Hash Batches": 1,
                      "Original Hash Batches": 1,
                      "Peak Memory Usage": 568,
                      "Plans": [
                        {
                          "Node Type": "Hash Join",
                          "Parent Relationship": "Outer",
                          "Parallel Aware": true,
                          "Join Type": "Inner",
                          "Startup Cost": 45508.67,
                          "Total Cost": 61563.06,
                          "Plan Rows": 3,
                          "Plan Width": 13,
                          "Actual Startup Time": 320.684,
                          "Actual Total Time": 420.302,
                          "Actual Rows": 2023,
                          "Actual Loops": 4,
                          "Inner Unique": false,
                          "Hash Cond": "(mi_idx.movie_id = mk.movie_id)",
                          "Plans": [
                            {
                              "Node Type": "Hash Join",
                              "Parent Relationship": "Outer",
                              "Parallel Aware": false,
                              "Join Type": "Inner",
                              "Startup Cost": 2.43,
                              "Total Cost": 16045.59,
                              "Plan Rows": 2991,
                              "Plan Width": 9,
                              "Actual Startup Time": 0.137,
                              "Actual Total Time": 85.363,
                              "Actual Rows": 112242,
                              "Actual Loops": 4,
                              "Inner Unique": true,
                              "Hash Cond": "(mi_idx.info_type_id = it.id)",
                              "Plans": [
                                {
                                  "Node Type": "Seq Scan",
                                  "Parent Relationship": "Outer",
                                  "Parallel Aware": true,
                                  "Relation Name": "movie_info_idx",
                                  "Alias": "mi_idx",
                                  "Startup Cost": 0.0,
                                  "Total Cost": 15122.68,
                                  "Plan Rows": 337985,
                                  "Plan Width": 13,
                                  "Actual Startup Time": 0.037,
                                  "Actual Total Time": 60.227,
                                  "Actual Rows": 201591,
                                  "Actual Loops": 4,
                                  "Filter": "(info > '2.0'::text)",
                                  "Rows Removed by Filter": 143418
                                },
                                {
                                  "Node Type": "Hash",
                                  "Parent Relationship": "Inner",
                                  "Parallel Aware": false,
                                  "Startup Cost": 2.41,
                                  "Total Cost": 2.41,
                                  "Plan Rows": 1,
                                  "Plan Width": 4,
                                  "Actual Startup Time": 0.059,
                                  "Actual Total Time": 0.06,
                                  "Actual Rows": 1,
                                  "Actual Loops": 4,
                                  "Hash Buckets": 1024,
                                  "Original Hash Buckets": 1024,
                                  "Hash Batches": 1,
                                  "Original Hash Batches": 1,
                                  "Peak Memory Usage": 9,
                                  "Plans": [
                                    {
                                      "Node Type": "Seq Scan",
                                      "Parent Relationship": "Outer",
                                      "Parallel Aware": false,
                                      "Relation Name": "info_type",
                                      "Alias": "it",
                                      "Startup Cost": 0.0,
                                      "Total Cost": 2.41,
                                      "Plan Rows": 1,
                                      "Plan Width": 4,
                                      "Actual Startup Time": 0.04,
                                      "Actual Total Time": 0.043,
                                      "Actual Rows": 1,
                                      "Actual Loops": 4,
                                      "Filter": "((info)::text = 'rating'::text)",
                                      "Rows Removed by Filter": 112
                                    }
                                  ]
                                }
                              ]
                            },
                            {
                              "Node Type": "Hash",
                              "Parent Relationship": "Inner",
                              "Parallel Aware": true,
                              "Startup Cost": 45504.48,
                              "Total Cost": 45504.48,
                              "Plan Rows": 141,
                              "Plan Width": 4,
                              "Actual Startup Time": 319.208,
                              "Actual Total Time": 319.211,
                              "Actual Rows": 3238,
                              "Actual Loops": 4,
                              "Hash Buckets": 16384,
                              "Original Hash Buckets": 1024,
                              "Hash Batches": 1,
                              "Original Hash Batches": 1,
                              "Peak Memory Usage": 824,
                              "Plans": [
                                {
                                  "Node Type": "Hash Join",
                                  "Parent Relationship": "Outer",
                                  "Parallel Aware": false,
                                  "Join Type": "Inner",
                                  "Startup Cost": 2626.29,
                                  "Total Cost": 45504.48,
                                  "Plan Rows": 141,
                                  "Plan Width": 4,
                                  "Actual Startup Time": 38.503,
                                  "Actual Total Time": 263.14,
                                  "Actual Rows": 3238,
                                  "Actual Loops": 4,
                                  "Inner Unique": true,
                                  "Hash Cond": "(mk.keyword_id = k.id)",
                                  "Plans": [
                                    {
                                      "Node Type": "Seq Scan",
                                      "Parent Relationship": "Outer",
                                      "Parallel Aware": true,
                                      "Relation Name": "movie_keyword",
                                      "Alias": "mk",
                                      "Startup Cost": 0.0,
                                      "Total Cost": 39047.32,
                                      "Plan Rows": 1459332,
                                      "Plan Width": 8,
                                      "Actual Startup Time": 0.054,
                                      "Actual Total Time": 137.476,
                                      "Actual Rows": 1130982,
                                      "Actual Loops": 4
                                    },
                                    {
                                      "Node Type": "Hash",
                                      "Parent Relationship": "Inner",
                                      "Parallel Aware": false,
                                      "Startup Cost": 2626.12,
                                      "Total Cost": 2626.12,
                                      "Plan Rows": 13,
                                      "Plan Width": 4,
                                      "Actual Startup Time": 37.698,
                                      "Actual Total Time": 37.699,
                                      "Actual Rows": 30,
                                      "Actual Loops": 4,
                                      "Hash Buckets": 1024,
                                      "Original Hash Buckets": 1024,
                                      "Hash Batches": 1,
                                      "Original Hash Batches": 1,
                                      "Peak Memory Usage": 10,
                                      "Plans": [
                                        {
                                          "Node Type": "Seq Scan",
                                          "Parent Relationship": "Outer",
                                          "Parallel Aware": false,
                                          "Relation Name": "keyword",
                                          "Alias": "k",
                                          "Startup Cost": 0.0,
                                          "Total Cost": 2626.12,
                                          "Plan Rows": 13,
                                          "Plan Width": 4,
                                          "Actual Startup Time": 3.844,
                                          "Actual Total Time": 37.634,
                                          "Actual Rows": 30,
                                          "Actual Loops": 4,
                                          "Filter": "(keyword ~~ '%sequel%'::text)",
                                          "Rows Removed by Filter": 134140
                                        }
                                      ]
                                    }
                                  ]
                                }
                              ]
                            }
                          ]
                        }
                      ]
                    }
                  ]
                }
              ]
            }
          ]
        }
      ]
    },
    "Planning Time": 512.369,
    "Triggers": [],
    "Execution Time": 529.661
  }
]