{
  "Plan": {
    "Node Type": "Aggregate",
    "Strategy": "Plain",
    "Partial Mode": "Finalize",
    "Parallel Aware": false,
    "Startup Cost": 967178.79,
    "Total Cost": 967178.8,
    "Plan Rows": 1,
    "Plan Width": 8,
    "Actual Startup Time": 8331.003,
    "Actual Total Time": 8404.243,
    "Actual Rows": 1,
    "Actual Loops": 1,
    "Plans": [
      {
        "Node Type": "Gather",
        "Parent Relationship": "Outer",
        "Parallel Aware": false,
        "Startup Cost": 967178.68,
        "Total Cost": 967178.79,
        "Plan Rows": 1,
        "Plan Width": 8,
        "Actual Startup Time": 8316.329,
        "Actual Total Time": 8404.233,
        "Actual Rows": 2,
        "Actual Loops": 1,
        "Workers Planned": 1,
        "Workers Launched": 1,
        "Single Copy": false,
        "Plans": [
          {
            "Node Type": "Aggregate",
            "Strategy": "Plain",
            "Partial Mode": "Partial",
            "Parent Relationship": "Outer",
            "Parallel Aware": false,
            "Startup Cost": 966178.68,
            "Total Cost": 966178.69,
            "Plan Rows": 1,
            "Plan Width": 8,
            "Actual Startup Time": 8298.698,
            "Actual Total Time": 8300.959,
            "Actual Rows": 1,
            "Actual Loops": 2,
            "Plans": [
              {
                "Node Type": "Hash Join",
                "Parent Relationship": "Outer",
                "Parallel Aware": true,
                "Join Type": "Inner",
                "Startup Cost": 553112.89,
                "Total Cost": 943041.84,
                "Plan Rows": 9254735,
                "Plan Width": 0,
                "Actual Startup Time": 3308.585,
                "Actual Total Time": 7385.689,
                "Actual Rows": 22639640,
                "Actual Loops": 2,
                "Inner Unique": false,
                "Hash Cond": "(ci.movie_id = t.id)",
                "Plans": [
                  {
                    "Node Type": "Bitmap Heap Scan",
                    "Parent Relationship": "Outer",
                    "Parallel Aware": true,
                    "Relation Name": "cast_info",
                    "Alias": "ci",
                    "Startup Cost": 165814.99,
                    "Total Cost": 473703.54,
                    "Plan Rows": 4416124,
                    "Plan Width": 4,
                    "Actual Startup Time": 309.232,
                    "Actual Total Time": 700.963,
                    "Actual Rows": 3851508,
                    "Actual Loops": 2,
                    "Recheck Cond": "(person_id < 747933)",
                    "Rows Removed by Index Recheck": 0,
                    "Exact Heap Blocks": 40675,
                    "Lossy Heap Blocks": 0,
                    "Plans": [
                      {
                        "Node Type": "Bitmap Index Scan",
                        "Parent Relationship": "Outer",
                        "Parallel Aware": false,
                        "Index Name": "person_id_cast_info",
                        "Startup Cost": 0.0,
                        "Total Cost": 163938.14,
                        "Plan Rows": 7507410,
                        "Plan Width": 0,
                        "Actual Startup Time": 295.188,
                        "Actual Total Time": 295.189,
                        "Actual Rows": 7703015,
                        "Actual Loops": 1,
                        "Index Cond": "(person_id < 747933)"
                      }
                    ]
                  },
                  {
                    "Node Type": "Hash",
                    "Parent Relationship": "Inner",
                    "Parallel Aware": true,
                    "Startup Cost": 348338.59,
                    "Total Cost": 348338.59,
                    "Plan Rows": 3116745,
                    "Plan Width": 8,
                    "Actual Startup Time": 2966.044,
                    "Actual Total Time": 2968.303,
                    "Actual Rows": 2635284,
                    "Actual Loops": 2,
                    "Hash Buckets": 8388608,
                    "Original Hash Buckets": 8388608,
                    "Hash Batches": 1,
                    "Original Hash Batches": 1,
                    "Peak Memory Usage": 271744,
                    "Plans": [
                      {
                        "Node Type": "Hash Join",
                        "Parent Relationship": "Outer",
                        "Parallel Aware": true,
                        "Join Type": "Inner",
                        "Startup Cost": 69460.7,
                        "Total Cost": 348338.59,
                        "Plan Rows": 3116745,
                        "Plan Width": 8,
                        "Actual Startup Time": 551.179,
                        "Actual Total Time": 2187.699,
                        "Actual Rows": 2635284,
                        "Actual Loops": 2,
                        "Inner Unique": true,
                        "Hash Cond": "(mi.movie_id = t.id)",
                        "Plans": [
                          {
                            "Node Type": "Seq Scan",
                            "Parent Relationship": "Outer",
                            "Parallel Aware": true,
                            "Relation Name": "movie_info",
                            "Alias": "mi",
                            "Startup Cost": 0.0,
                            "Total Cost": 270696.42,
                            "Plan Rows": 3116745,
                            "Plan Width": 4,
                            "Actual Startup Time": 33.106,
                            "Actual Total Time": 739.05,
                            "Actual Rows": 2635284,
                            "Actual Loops": 2,
                            "Filter": "(info_type_id > 15)",
                            "Rows Removed by Filter": 4782576
                          },
                          {
                            "Node Type": "Hash",
                            "Parent Relationship": "Inner",
                            "Parallel Aware": true,
                            "Startup Cost": 50870.31,
                            "Total Cost": 50870.31,
                            "Plan Rows": 1487231,
                            "Plan Width": 4,
                            "Actual Startup Time": 506.126,
                            "Actual Total Time": 506.127,
                            "Actual Rows": 1264156,
                            "Actual Loops": 2,
                            "Hash Buckets": 4194304,
                            "Original Hash Buckets": 4194304,
                            "Hash Batches": 1,
                            "Original Hash Batches": 1,
                            "Peak Memory Usage": 131712,
                            "Plans": [
                              {
                                "Node Type": "Seq Scan",
                                "Parent Relationship": "Outer",
                                "Parallel Aware": true,
                                "Relation Name": "title",
                                "Alias": "t",
                                "Startup Cost": 0.0,
                                "Total Cost": 50870.31,
                                "Plan Rows": 1487231,
                                "Plan Width": 4,
                                "Actual Startup Time": 0.039,
                                "Actual Total Time": 149.498,
                                "Actual Rows": 1264156,
                                "Actual Loops": 2
                              }
                            ]
                          }
                        ]
                      }
                    ]
                  }
                ]
              }
            ]
          }
        ]
      }
    ]
  },
  "Planning Time": 1.087,
  "Triggers": [],
  "Execution Time": 8404.358
}