[
  {
    "Plan": {
      "Node Type": "Aggregate",
      "Strategy": "Plain",
      "Partial Mode": "Finalize",
      "Parallel Aware": false,
      "Startup Cost": 164684.46,
      "Total Cost": 164684.47,
      "Plan Rows": 1,
      "Plan Width": 8,
      "Actual Startup Time": 876.609,
      "Actual Total Time": 905.376,
      "Actual Rows": 1,
      "Actual Loops": 1,
      "Plans": [
        {
          "Node Type": "Gather",
          "Parent Relationship": "Outer",
          "Parallel Aware": false,
          "Startup Cost": 164683.93,
          "Total Cost": 164684.44,
          "Plan Rows": 5,
          "Plan Width": 8,
          "Actual Startup Time": 865.568,
          "Actual Total Time": 905.356,
          "Actual Rows": 6,
          "Actual Loops": 1,
          "Workers Planned": 5,
          "Workers Launched": 5,
          "Single Copy": false,
          "Plans": [
            {
              "Node Type": "Aggregate",
              "Strategy": "Plain",
              "Partial Mode": "Partial",
              "Parent Relationship": "Outer",
              "Parallel Aware": false,
              "Startup Cost": 163683.93,
              "Total Cost": 163683.94,
              "Plan Rows": 1,
              "Plan Width": 8,
              "Actual Startup Time": 851.092,
              "Actual Total Time": 851.841,
              "Actual Rows": 1,
              "Actual Loops": 6,
              "Plans": [
                {
                  "Node Type": "Hash Join",
                  "Parent Relationship": "Outer",
                  "Parallel Aware": true,
                  "Join Type": "Inner",
                  "Startup Cost": 88231.65,
                  "Total Cost": 162866.82,
                  "Plan Rows": 326845,
                  "Plan Width": 0,
                  "Actual Startup Time": 560.968,
                  "Actual Total Time": 832.2,
                  "Actual Rows": 476872,
                  "Actual Loops": 6,
                  "Inner Unique": false,
                  "Hash Cond": "(ci.movie_id = t.id)",
                  "Plans": [
                    {
                      "Node Type": "Index Scan",
                      "Parent Relationship": "Outer",
                      "Parallel Aware": true,
                      "Scan Direction": "Forward",
                      "Index Name": "role_id_cast_info",
                      "Relation Name": "cast_info",
                      "Alias": "ci",
                      "Startup Cost": 0.56,
                      "Total Cost": 71576.68,
                      "Plan Rows": 534592,
                      "Plan Width": 4,
                      "Actual Startup Time": 0.239,
                      "Actual Total Time": 87.084,
                      "Actual Rows": 454824,
                      "Actual Loops": 6,
                      "Index Cond": "(role_id = 4)",
                      "Rows Removed by Index Recheck": 0
                    },
                    {
                      "Node Type": "Hash",
                      "Parent Relationship": "Inner",
                      "Parallel Aware": true,
                      "Startup Cost": 81997.8,
                      "Total Cost": 81997.8,
                      "Plan Rows": 498663,
                      "Plan Width": 8,
                      "Actual Startup Time": 555.062,
                      "Actual Total Time": 555.809,
                      "Actual Rows": 251694,
                      "Actual Loops": 6,
                      "Hash Buckets": 2097152,
                      "Original Hash Buckets": 2097152,
                      "Hash Batches": 1,
                      "Original Hash Batches": 1,
                      "Peak Memory Usage": 75552,
                      "Plans": [
                        {
                          "Node Type": "Hash Join",
                          "Parent Relationship": "Outer",
                          "Parallel Aware": true,
                          "Join Type": "Inner",
                          "Startup Cost": 51287.15,
                          "Total Cost": 81997.8,
                          "Plan Rows": 498663,
                          "Plan Width": 8,
                          "Actual Startup Time": 297.382,
                          "Actual Total Time": 458.808,
                          "Actual Rows": 251694,
                          "Actual Loops": 6,
                          "Inner Unique": true,
                          "Hash Cond": "(mc.movie_id = t.id)",
                          "Plans": [
                            {
                              "Node Type": "Seq Scan",
                              "Parent Relationship": "Outer",
                              "Parallel Aware": true,
                              "Relation Name": "movie_companies",
                              "Alias": "mc",
                              "Startup Cost": 0.0,
                              "Total Cost": 29310.68,
                              "Plan Rows": 533322,
                              "Plan Width": 4,
                              "Actual Startup Time": 0.016,
                              "Actual Total Time": 52.997,
                              "Actual Rows": 276894,
                              "Actual Loops": 6,
                              "Filter": "(company_id < 18694)",
                              "Rows Removed by Filter": 157961
                            },
                            {
                              "Node Type": "Hash",
                              "Parent Relationship": "Inner",
                              "Parallel Aware": true,
                              "Startup Cost": 43899.32,
                              "Total Cost": 43899.32,
                              "Plan Rows": 591026,
                              "Plan Width": 4,
                              "Actual Startup Time": 291.899,
                              "Actual Total Time": 291.901,
                              "Actual Rows": 393376,
                              "Actual Loops": 6,
                              "Hash Buckets": 4194304,
                              "Original Hash Buckets": 4194304,
                              "Hash Batches": 1,
                              "Original Hash Batches": 1,
                              "Peak Memory Usage": 125184,
                              "Plans": [
                                {
                                  "Node Type": "Seq Scan",
                                  "Parent Relationship": "Outer",
                                  "Parallel Aware": true,
                                  "Relation Name": "title",
                                  "Alias": "t",
                                  "Startup Cost": 0.0,
                                  "Total Cost": 43899.32,
                                  "Plan Rows": 591026,
                                  "Plan Width": 4,
                                  "Actual Startup Time": 0.069,
                                  "Actual Total Time": 90.512,
                                  "Actual Rows": 393376,
                                  "Actual Loops": 6,
                                  "Filter": "(production_year > 1922)",
                                  "Rows Removed by Filter": 28010
                                }
                              ]
                            }
                          ]
                        }
                      ]
                    }
                  ]
                }
              ]
            }
          ]
        }
      ]
    },
    "Planning Time": 1.442,
    "Triggers": [],
    "Execution Time": 905.475
  }
]