[
  {
    "Plan": {
      "Node Type": "Aggregate",
      "Strategy": "Plain",
      "Partial Mode": "Finalize",
      "Parallel Aware": false,
      "Startup Cost": 46291.22,
      "Total Cost": 46291.23,
      "Plan Rows": 1,
      "Plan Width": 8,
      "Actual Startup Time": 153.604,
      "Actual Total Time": 163.558,
      "Actual Rows": 1,
      "Actual Loops": 1,
      "Plans": [
        {
          "Node Type": "Gather",
          "Parent Relationship": "Outer",
          "Parallel Aware": false,
          "Startup Cost": 46290.9,
          "Total Cost": 46291.21,
          "Plan Rows": 3,
          "Plan Width": 8,
          "Actual Startup Time": 153.432,
          "Actual Total Time": 163.545,
          "Actual Rows": 4,
          "Actual Loops": 1,
          "Workers Planned": 3,
          "Workers Launched": 3,
          "Single Copy": false,
          "Plans": [
            {
              "Node Type": "Aggregate",
              "Strategy": "Plain",
              "Partial Mode": "Partial",
              "Parent Relationship": "Outer",
              "Parallel Aware": false,
              "Startup Cost": 45290.9,
              "Total Cost": 45290.91,
              "Plan Rows": 1,
              "Plan Width": 8,
              "Actual Startup Time": 146.784,
              "Actual Total Time": 146.786,
              "Actual Rows": 1,
              "Actual Loops": 4,
              "Plans": [
                {
                  "Node Type": "Seq Scan",
                  "Parent Relationship": "Outer",
                  "Parallel Aware": true,
                  "Relation Name": "movie_keyword",
                  "Alias": "mk",
                  "Startup Cost": 0.0,
                  "Total Cost": 42695.65,
                  "Plan Rows": 1038099,
                  "Plan Width": 0,
                  "Actual Startup Time": 0.121,
                  "Actual Total Time": 112.717,
                  "Actual Rows": 804811,
                  "Actual Loops": 4,
                  "Filter": "(keyword_id > 1710)",
                  "Rows Removed by Filter": 326172
                }
              ]
            }
          ]
        }
      ]
    },
    "Planning Time": 0.072,
    "Triggers": [],
    "Execution Time": 163.583
  }
]