[
  {
    "Plan": {
      "Node Type": "Aggregate",
      "Strategy": "Plain",
      "Partial Mode": "Finalize",
      "Parallel Aware": false,
      "Startup Cost": 343003.96,
      "Total Cost": 343003.97,
      "Plan Rows": 1,
      "Plan Width": 8,
      "Actual Startup Time": 684.704,
      "Actual Total Time": 706.001,
      "Actual Rows": 1,
      "Actual Loops": 1,
      "Plans": [
        {
          "Node Type": "Gather",
          "Parent Relationship": "Outer",
          "Parallel Aware": false,
          "Startup Cost": 343003.74,
          "Total Cost": 343003.95,
          "Plan Rows": 2,
          "Plan Width": 8,
          "Actual Startup Time": 674.368,
          "Actual Total Time": 705.991,
          "Actual Rows": 3,
          "Actual Loops": 1,
          "Workers Planned": 2,
          "Workers Launched": 2,
          "Single Copy": false,
          "Plans": [
            {
              "Node Type": "Aggregate",
              "Strategy": "Plain",
              "Partial Mode": "Partial",
              "Parent Relationship": "Outer",
              "Parallel Aware": false,
              "Startup Cost": 342003.74,
              "Total Cost": 342003.75,
              "Plan Rows": 1,
              "Plan Width": 8,
              "Actual Startup Time": 666.01,
              "Actual Total Time": 666.016,
              "Actual Rows": 1,
              "Actual Loops": 3,
              "Plans": [
                {
                  "Node Type": "Hash Join",
                  "Parent Relationship": "Outer",
                  "Parallel Aware": true,
                  "Join Type": "Inner",
                  "Startup Cost": 325809.22,
                  "Total Cost": 341807.6,
                  "Plan Rows": 78458,
                  "Plan Width": 0,
                  "Actual Startup Time": 557.798,
                  "Actual Total Time": 659.637,
                  "Actual Rows": 160305,
                  "Actual Loops": 3,
                  "Inner Unique": false,
                  "Hash Cond": "(mi_idx.movie_id = t.id)",
                  "Plans": [
                    {
                      "Node Type": "Seq Scan",
                      "Parent Relationship": "Outer",
                      "Parallel Aware": true,
                      "Relation Name": "movie_info_idx",
                      "Alias": "mi_idx",
                      "Startup Cost": 0.0,
                      "Total Cost": 13685.15,
                      "Plan Rows": 575015,
                      "Plan Width": 4,
                      "Actual Startup Time": 0.043,
                      "Actual Total Time": 35.707,
                      "Actual Rows": 460012,
                      "Actual Loops": 3
                    },
                    {
                      "Node Type": "Hash",
                      "Parent Relationship": "Inner",
                      "Parallel Aware": true,
                      "Startup Cost": 324946.79,
                      "Total Cost": 324946.79,
                      "Plan Rows": 68995,
                      "Plan Width": 8,
                      "Actual Startup Time": 553.719,
                      "Actual Total Time": 553.723,
                      "Actual Rows": 113099,
                      "Actual Loops": 3,
                      "Hash Buckets": 524288,
                      "Original Hash Buckets": 524288,
                      "Hash Batches": 1,
                      "Original Hash Batches": 1,
                      "Peak Memory Usage": 17408,
                      "Plans": [
                        {
                          "Node Type": "Hash Join",
                          "Parent Relationship": "Outer",
                          "Parallel Aware": true,
                          "Join Type": "Inner",
                          "Startup Cost": 57841.75,
                          "Total Cost": 324946.79,
                          "Plan Rows": 68995,
                          "Plan Width": 8,
                          "Actual Startup Time": 438.768,
                          "Actual Total Time": 519.153,
                          "Actual Rows": 113099,
                          "Actual Loops": 3,
                          "Inner Unique": true,
                          "Hash Cond": "(ci.movie_id = t.id)",
                          "Plans": [
                            {
                              "Node Type": "Bitmap Heap Scan",
                              "Parent Relationship": "Outer",
                              "Parallel Aware": true,
                              "Relation Name": "cast_info",
                              "Alias": "ci",
                              "Startup Cost": 7622.11,
                              "Total Cost": 274546.03,
                              "Plan Rows": 68995,
                              "Plan Width": 4,
                              "Actual Startup Time": 11.747,
                              "Actual Total Time": 27.97,
                              "Actual Rows": 113099,
                              "Actual Loops": 3,
                              "Recheck Cond": "(person_id > 3999737)",
                              "Rows Removed by Index Recheck": 0,
                              "Exact Heap Blocks": 1599,
                              "Lossy Heap Blocks": 0,
                              "Plans": [
                                {
                                  "Node Type": "Bitmap Index Scan",
                                  "Parent Relationship": "Outer",
                                  "Parallel Aware": false,
                                  "Index Name": "person_id_cast_info",
                                  "Startup Cost": 0.0,
                                  "Total Cost": 7535.86,
                                  "Plan Rows": 344973,
                                  "Plan Width": 0,
                                  "Actual Startup Time": 11.066,
                                  "Actual Total Time": 11.067,
                                  "Actual Rows": 339298,
                                  "Actual Loops": 1,
                                  "Index Cond": "(person_id > 3999737)"
                                }
                              ]
                            },
                            {
                              "Node Type": "Hash",
                              "Parent Relationship": "Inner",
                              "Parallel Aware": true,
                              "Startup Cost": 42318.73,
                              "Total Cost": 42318.73,
                              "Plan Rows": 632073,
                              "Plan Width": 4,
                              "Actual Startup Time": 415.001,
                              "Actual Total Time": 415.002,
                              "Actual Rows": 842771,
                              "Actual Loops": 3,
                              "Hash Buckets": 4194304,
                              "Original Hash Buckets": 4194304,
                              "Hash Batches": 1,
                              "Original Hash Batches": 1,
                              "Peak Memory Usage": 131744,
                              "Plans": [
                                {
                                  "Node Type": "Seq Scan",
                                  "Parent Relationship": "Outer",
                                  "Parallel Aware": true,
                                  "Relation Name": "title",
                                  "Alias": "t",
                                  "Startup Cost": 0.0,
                                  "Total Cost": 42318.73,
                                  "Plan Rows": 632073,
                                  "Plan Width": 4,
                                  "Actual Startup Time": 0.039,
                                  "Actual Total Time": 115.593,
                                  "Actual Rows": 842771,
                                  "Actual Loops": 3
                                }
                              ]
                            }
                          ]
                        }
                      ]
                    }
                  ]
                }
              ]
            }
          ]
        }
      ]
    },
    "Planning Time": 1.262,
    "Triggers": [],
    "Execution Time": 706.101
  }
]