[
  {
    "Plan": {
      "Node Type": "Aggregate",
      "Strategy": "Plain",
      "Partial Mode": "Finalize",
      "Parallel Aware": false,
      "Startup Cost": 32974.2,
      "Total Cost": 32974.21,
      "Plan Rows": 1,
      "Plan Width": 8,
      "Actual Startup Time": 95.627,
      "Actual Total Time": 104.05,
      "Actual Rows": 1,
      "Actual Loops": 1,
      "Plans": [
        {
          "Node Type": "Gather",
          "Parent Relationship": "Outer",
          "Parallel Aware": false,
          "Startup Cost": 32973.88,
          "Total Cost": 32974.19,
          "Plan Rows": 3,
          "Plan Width": 8,
          "Actual Startup Time": 95.315,
          "Actual Total Time": 104.039,
          "Actual Rows": 4,
          "Actual Loops": 1,
          "Workers Planned": 3,
          "Workers Launched": 3,
          "Single Copy": false,
          "Plans": [
            {
              "Node Type": "Aggregate",
              "Strategy": "Plain",
              "Partial Mode": "Partial",
              "Parent Relationship": "Outer",
              "Parallel Aware": false,
              "Startup Cost": 31973.88,
              "Total Cost": 31973.89,
              "Plan Rows": 1,
              "Plan Width": 8,
              "Actual Startup Time": 88.027,
              "Actual Total Time": 88.028,
              "Actual Rows": 1,
              "Actual Loops": 4,
              "Plans": [
                {
                  "Node Type": "Seq Scan",
                  "Parent Relationship": "Outer",
                  "Parallel Aware": true,
                  "Relation Name": "movie_companies",
                  "Alias": "mc",
                  "Startup Cost": 0.0,
                  "Total Cost": 31414.82,
                  "Plan Rows": 223626,
                  "Plan Width": 0,
                  "Actual Startup Time": 47.55,
                  "Actual Total Time": 82.952,
                  "Actual Rows": 110554,
                  "Actual Loops": 4,
                  "Filter": "((company_id < 11694) AND (company_type_id > 1))",
                  "Rows Removed by Filter": 541729
                }
              ]
            }
          ]
        }
      ]
    },
    "Planning Time": 0.214,
    "Triggers": [],
    "Execution Time": 104.11
  }
]