{
  "Plan": {
    "Node Type": "Aggregate",
    "Strategy": "Plain",
    "Partial Mode": "Simple",
    "Parallel Aware": false,
    "Startup Cost": 69945.66,
    "Total Cost": 69945.67,
    "Plan Rows": 1,
    "Plan Width": 64,
    "Actual Startup Time": 19172.89,
    "Actual Total Time": 19180.935,
    "Actual Rows": 1,
    "Actual Loops": 1,
    "Plans": [
      {
        "Node Type": "Gather",
        "Parent Relationship": "Outer",
        "Parallel Aware": false,
        "Startup Cost": 4239.86,
        "Total Cost": 69945.66,
        "Plan Rows": 1,
        "Plan Width": 27,
        "Actual Startup Time": 19172.764,
        "Actual Total Time": 19180.857,
        "Actual Rows": 618,
        "Actual Loops": 1,
        "Workers Planned": 1,
        "Workers Launched": 1,
        "Single Copy": false,
        "Plans": [
          {
            "Node Type": "Nested Loop",
            "Parent Relationship": "Outer",
            "Parallel Aware": false,
            "Join Type": "Inner",
            "Startup Cost": 3239.86,
            "Total Cost": 68945.56,
            "Plan Rows": 1,
            "Plan Width": 27,
            "Actual Startup Time": 16466.826,
            "Actual Total Time": 19152.143,
            "Actual Rows": 309,
            "Actual Loops": 2,
            "Inner Unique": true,
            "Plans": [
              {
                "Node Type": "Nested Loop",
                "Parent Relationship": "Outer",
                "Parallel Aware": false,
                "Join Type": "Inner",
                "Startup Cost": 3239.71,
                "Total Cost": 68945.33,
                "Plan Rows": 1,
                "Plan Width": 31,
                "Actual Startup Time": 16466.81,
                "Actual Total Time": 19151.853,
                "Actual Rows": 309,
                "Actual Loops": 2,
                "Inner Unique": false,
                "Join Filter": "(t.id = mi.movie_id)",
                "Rows Removed by Join Filter": 0,
                "Plans": [
                  {
                    "Node Type": "Nested Loop",
                    "Parent Relationship": "Outer",
                    "Parallel Aware": false,
                    "Join Type": "Inner",
                    "Startup Cost": 3239.28,
                    "Total Cost": 67273.59,
                    "Plan Rows": 1036,
                    "Plan Width": 43,
                    "Actual Startup Time": 189.619,
                    "Actual Total Time": 4530.752,
                    "Actual Rows": 380224,
                    "Actual Loops": 2,
                    "Inner Unique": true,
                    "Plans": [
                      {
                        "Node Type": "Nested Loop",
                        "Parent Relationship": "Outer",
                        "Parallel Aware": false,
                        "Join Type": "Inner",
                        "Startup Cost": 3238.86,
                        "Total Cost": 66819.01,
                        "Plan Rows": 1036,
                        "Plan Width": 47,
                        "Actual Startup Time": 189.567,
                        "Actual Total Time": 3836.518,
                        "Actual Rows": 380224,
                        "Actual Loops": 2,
                        "Inner Unique": true,
                        "Plans": [
                          {
                            "Node Type": "Hash Join",
                            "Parent Relationship": "Outer",
                            "Parallel Aware": false,
                            "Join Type": "Inner",
                            "Startup Cost": 3238.44,
                            "Total Cost": 65544.49,
                            "Plan Rows": 2858,
                            "Plan Width": 51,
                            "Actual Startup Time": 189.502,
                            "Actual Total Time": 1160.957,
                            "Actual Rows": 1641412,
                            "Actual Loops": 2,
                            "Inner Unique": true,
                            "Hash Cond": "(mc.company_type_id = ct.id)",
                            "Plans": [
                              {
                                "Node Type": "Nested Loop",
                                "Parent Relationship": "Outer",
                                "Parallel Aware": false,
                                "Join Type": "Inner",
                                "Startup Cost": 3237.35,
                                "Total Cost": 65527.96,
                                "Plan Rows": 2858,
                                "Plan Width": 55,
                                "Actual Startup Time": 189.144,
                                "Actual Total Time": 891.479,
                                "Actual Rows": 1641412,
                                "Actual Loops": 2,
                                "Inner Unique": false,
                                "Join Filter": "(t.id = mc.movie_id)",
                                "Rows Removed by Join Filter": 0,
                                "Plans": [
                                  {
                                    "Node Type": "Nested Loop",
                                    "Parent Relationship": "Outer",
                                    "Parallel Aware": false,
                                    "Join Type": "Inner",
                                    "Startup Cost": 3236.92,
                                    "Total Cost": 63852.63,
                                    "Plan Rows": 2769,
                                    "Plan Width": 43,
                                    "Actual Startup Time": 189.1,
                                    "Actual Total Time": 323.207,
                                    "Actual Rows": 62310,
                                    "Actual Loops": 2,
                                    "Inner Unique": false,
                                    "Plans": [
                                      {
                                        "Node Type": "Hash Join",
                                        "Parent Relationship": "Outer",
                                        "Parallel Aware": false,
                                        "Join Type": "Inner",
                                        "Startup Cost": 3236.49,
                                        "Total Cost": 61019.89,
                                        "Plan Rows": 1548,
                                        "Plan Width": 35,
                                        "Actual Startup Time": 189.012,
                                        "Actual Total Time": 296.02,
                                        "Actual Rows": 516,
                                        "Actual Loops": 2,
                                        "Inner Unique": true,
                                        "Hash Cond": "(t.kind_id = kt.id)",
                                        "Plans": [
                                          {
                                            "Node Type": "Hash Join",
                                            "Parent Relationship": "Outer",
                                            "Parallel Aware": false,
                                            "Join Type": "Inner",
                                            "Startup Cost": 3235.39,
                                            "Total Cost": 60973.13,
                                            "Plan Rows": 10835,
                                            "Plan Width": 29,
                                            "Actual Startup Time": 46.386,
                                            "Actual Total Time": 295.54,
                                            "Actual Rows": 1042,
                                            "Actual Loops": 2,
                                            "Inner Unique": false,
                                            "Hash Cond": "(t.id = cc.movie_id)",
                                            "Plans": [
                                              {
                                                "Node Type": "Seq Scan",
                                                "Parent Relationship": "Outer",
                                                "Parallel Aware": true,
                                                "Relation Name": "title",
                                                "Alias": "t",
                                                "Startup Cost": 0.0,
                                                "Total Cost": 54587.68,
                                                "Plan Rows": 811122,
                                                "Plan Width": 25,
                                                "Actual Startup Time": 0.023,
                                                "Actual Total Time": 157.804,
                                                "Actual Rows": 690726,
                                                "Actual Loops": 2,
                                                "Filter": "(production_year > 2000)",
                                                "Rows Removed by Filter": 573430
                                              },
                                              {
                                                "Node Type": "Hash",
                                                "Parent Relationship": "Inner",
                                                "Parallel Aware": false,
                                                "Startup Cost": 2813.24,
                                                "Total Cost": 2813.24,
                                                "Plan Rows": 33772,
                                                "Plan Width": 4,
                                                "Actual Startup Time": 45.609,
                                                "Actual Total Time": 45.612,
                                                "Actual Rows": 24592,
                                                "Actual Loops": 2,
                                                "Hash Buckets": 65536,
                                                "Original Hash Buckets": 65536,
                                                "Hash Batches": 1,
                                                "Original Hash Batches": 1,
                                                "Peak Memory Usage": 1377,
                                                "Plans": [
                                                  {
                                                    "Node Type": "Hash Join",
                                                    "Parent Relationship": "Outer",
                                                    "Parallel Aware": false,
                                                    "Join Type": "Inner",
                                                    "Startup Cost": 1.06,
                                                    "Total Cost": 2813.24,
                                                    "Plan Rows": 33772,
                                                    "Plan Width": 4,
                                                    "Actual Startup Time": 0.127,
                                                    "Actual Total Time": 40.089,
                                                    "Actual Rows": 24592,
                                                    "Actual Loops": 2,
                                                    "Inner Unique": true,
                                                    "Hash Cond": "(cc.status_id = cct1.id)",
                                                    "Plans": [
                                                      {
                                                        "Node Type": "Seq Scan",
                                                        "Parent Relationship": "Outer",
                                                        "Parallel Aware": false,
                                                        "Relation Name": "complete_cast",
                                                        "Alias": "cc",
                                                        "Startup Cost": 0.0,
                                                        "Total Cost": 2081.86,
                                                        "Plan Rows": 135086,
                                                        "Plan Width": 8,
                                                        "Actual Startup Time": 0.047,
                                                        "Actual Total Time": 19.373,
                                                        "Actual Rows": 135086,
                                                        "Actual Loops": 2
                                                      },
                                                      {
                                                        "Node Type": "Hash",
                                                        "Parent Relationship": "Inner",
                                                        "Parallel Aware": false,
                                                        "Startup Cost": 1.05,
                                                        "Total Cost": 1.05,
                                                        "Plan Rows": 1,
                                                        "Plan Width": 4,
                                                        "Actual Startup Time": 0.05,
                                                        "Actual Total Time": 0.051,
                                                        "Actual Rows": 1,
                                                        "Actual Loops": 2,
                                                        "Hash Buckets": 1024,
                                                        "Original Hash Buckets": 1024,
                                                        "Hash Batches": 1,
                                                        "Original Hash Batches": 1,
                                                        "Peak Memory Usage": 9,
                                                        "Plans": [
                                                          {
                                                            "Node Type": "Seq Scan",
                                                            "Parent Relationship": "Outer",
                                                            "Parallel Aware": false,
                                                            "Relation Name": "comp_cast_type",
                                                            "Alias": "cct1",
                                                            "Startup Cost": 0.0,
                                                            "Total Cost": 1.05,
                                                            "Plan Rows": 1,
                                                            "Plan Width": 4,
                                                            "Actual Startup Time": 0.039,
                                                            "Actual Total Time": 0.041,
                                                            "Actual Rows": 1,
                                                            "Actual Loops": 2,
                                                            "Filter": "((kind)::text = 'complete+verified'::text)",
                                                            "Rows Removed by Filter": 3
                                                          }
                                                        ]
                                                      }
                                                    ]
                                                  }
                                                ]
                                              }
                                            ]
                                          },
                                          {
                                            "Node Type": "Hash",
                                            "Parent Relationship": "Inner",
                                            "Parallel Aware": false,
                                            "Startup Cost": 1.09,
                                            "Total Cost": 1.09,
                                            "Plan Rows": 1,
                                            "Plan Width": 14,
                                            "Actual Startup Time": 0.048,
                                            "Actual Total Time": 0.049,
                                            "Actual Rows": 1,
                                            "Actual Loops": 2,
                                            "Hash Buckets": 1024,
                                            "Original Hash Buckets": 1024,
                                            "Hash Batches": 1,
                                            "Original Hash Batches": 1,
                                            "Peak Memory Usage": 9,
                                            "Plans": [
                                              {
                                                "Node Type": "Seq Scan",
                                                "Parent Relationship": "Outer",
                                                "Parallel Aware": false,
                                                "Relation Name": "kind_type",
                                                "Alias": "kt",
                                                "Startup Cost": 0.0,
                                                "Total Cost": 1.09,
                                                "Plan Rows": 1,
                                                "Plan Width": 14,
                                                "Actual Startup Time": 0.033,
                                                "Actual Total Time": 0.036,
                                                "Actual Rows": 1,
                                                "Actual Loops": 2,
                                                "Filter": "((kind)::text = 'movie'::text)",
                                                "Rows Removed by Filter": 6
                                              }
                                            ]
                                          }
                                        ]
                                      },
                                      {
                                        "Node Type": "Index Scan",
                                        "Parent Relationship": "Inner",
                                        "Parallel Aware": false,
                                        "Scan Direction": "Forward",
                                        "Index Name": "movie_id_movie_keyword",
                                        "Relation Name": "movie_keyword",
                                        "Alias": "mk",
                                        "Startup Cost": 0.43,
                                        "Total Cost": 1.37,
                                        "Plan Rows": 46,
                                        "Plan Width": 8,
                                        "Actual Startup Time": 0.017,
                                        "Actual Total Time": 0.037,
                                        "Actual Rows": 121,
                                        "Actual Loops": 1033,
                                        "Index Cond": "(movie_id = t.id)",
                                        "Rows Removed by Index Recheck": 0
                                      }
                                    ]
                                  },
                                  {
                                    "Node Type": "Index Scan",
                                    "Parent Relationship": "Inner",
                                    "Parallel Aware": false,
                                    "Scan Direction": "Forward",
                                    "Index Name": "movie_id_movie_companies",
                                    "Relation Name": "movie_companies",
                                    "Alias": "mc",
                                    "Startup Cost": 0.43,
                                    "Total Cost": 0.54,
                                    "Plan Rows": 5,
                                    "Plan Width": 12,
                                    "Actual Startup Time": 0.002,
                                    "Actual Total Time": 0.005,
                                    "Actual Rows": 26,
                                    "Actual Loops": 124620,
                                    "Index Cond": "(movie_id = mk.movie_id)",
                                    "Rows Removed by Index Recheck": 0
                                  }
                                ]
                              },
                              {
                                "Node Type": "Hash",
                                "Parent Relationship": "Inner",
                                "Parallel Aware": false,
                                "Startup Cost": 1.04,
                                "Total Cost": 1.04,
                                "Plan Rows": 4,
                                "Plan Width": 4,
                                "Actual Startup Time": 0.074,
                                "Actual Total Time": 0.074,
                                "Actual Rows": 4,
                                "Actual Loops": 2,
                                "Hash Buckets": 1024,
                                "Original Hash Buckets": 1024,
                                "Hash Batches": 1,
                                "Original Hash Batches": 1,
                                "Peak Memory Usage": 9,
                                "Plans": [
                                  {
                                    "Node Type": "Seq Scan",
                                    "Parent Relationship": "Outer",
                                    "Parallel Aware": false,
                                    "Relation Name": "company_type",
                                    "Alias": "ct",
                                    "Startup Cost": 0.0,
                                    "Total Cost": 1.04,
                                    "Plan Rows": 4,
                                    "Plan Width": 4,
                                    "Actual Startup Time": 0.053,
                                    "Actual Total Time": 0.056,
                                    "Actual Rows": 4,
                                    "Actual Loops": 2
                                  }
                                ]
                              }
                            ]
                          },
                          {
                            "Node Type": "Index Scan",
                            "Parent Relationship": "Inner",
                            "Parallel Aware": false,
                            "Scan Direction": "Forward",
                            "Index Name": "company_name_pkey",
                            "Relation Name": "company_name",
                            "Alias": "cn",
                            "Startup Cost": 0.42,
                            "Total Cost": 0.45,
                            "Plan Rows": 1,
                            "Plan Width": 4,
                            "Actual Startup Time": 0.001,
                            "Actual Total Time": 0.001,
                            "Actual Rows": 0,
                            "Actual Loops": 3282823,
                            "Index Cond": "(id = mc.company_id)",
                            "Rows Removed by Index Recheck": 0,
                            "Filter": "((country_code)::text = '[us]'::text)",
                            "Rows Removed by Filter": 1
                          }
                        ]
                      },
                      {
                        "Node Type": "Index Only Scan",
                        "Parent Relationship": "Inner",
                        "Parallel Aware": false,
                        "Scan Direction": "Forward",
                        "Index Name": "keyword_pkey",
                        "Relation Name": "keyword",
                        "Alias": "k",
                        "Startup Cost": 0.42,
                        "Total Cost": 0.44,
                        "Plan Rows": 1,
                        "Plan Width": 4,
                        "Actual Startup Time": 0.002,
                        "Actual Total Time": 0.002,
                        "Actual Rows": 1,
                        "Actual Loops": 760449,
                        "Index Cond": "(id = mk.keyword_id)",
                        "Rows Removed by Index Recheck": 0,
                        "Heap Fetches": 760449
                      }
                    ]
                  },
                  {
                    "Node Type": "Index Scan",
                    "Parent Relationship": "Inner",
                    "Parallel Aware": false,
                    "Scan Direction": "Forward",
                    "Index Name": "movie_id_movie_info",
                    "Relation Name": "movie_info",
                    "Alias": "mi",
                    "Startup Cost": 0.43,
                    "Total Cost": 1.6,
                    "Plan Rows": 1,
                    "Plan Width": 8,
                    "Actual Startup Time": 0.038,
                    "Actual Total Time": 0.038,
                    "Actual Rows": 0,
                    "Actual Loops": 760449,
                    "Index Cond": "(movie_id = mk.movie_id)",
                    "Rows Removed by Index Recheck": 0,
                    "Filter": "((info IS NOT NULL) AND (note ~~ '%internet%'::text) AND ((info ~~ 'USA:% 199%'::text) OR (info ~~ 'USA:% 200%'::text)))",
                    "Rows Removed by Filter": 275
                  }
                ]
              },
              {
                "Node Type": "Index Scan",
                "Parent Relationship": "Inner",
                "Parallel Aware": false,
                "Scan Direction": "Forward",
                "Index Name": "info_type_pkey",
                "Relation Name": "info_type",
                "Alias": "it1",
                "Startup Cost": 0.14,
                "Total Cost": 0.19,
                "Plan Rows": 1,
                "Plan Width": 4,
                "Actual Startup Time": 0.001,
                "Actual Total Time": 0.001,
                "Actual Rows": 1,
                "Actual Loops": 618,
                "Index Cond": "(id = mi.info_type_id)",
                "Rows Removed by Index Recheck": 0,
                "Filter": "((info)::text = 'release dates'::text)",
                "Rows Removed by Filter": 0
              }
            ]
          }
        ]
      }
    ]
  },
  "Planning Time": 3.448,
  "Triggers": [],
  "Execution Time": 19181.121
}