[
  {
    "Plan": {
      "Node Type": "Aggregate",
      "Strategy": "Plain",
      "Partial Mode": "Finalize",
      "Parallel Aware": false,
      "Startup Cost": 19997.79,
      "Total Cost": 19997.8,
      "Plan Rows": 1,
      "Plan Width": 8,
      "Actual Startup Time": 25.391,
      "Actual Total Time": 29.647,
      "Actual Rows": 1,
      "Actual Loops": 1,
      "Plans": [
        {
          "Node Type": "Gather",
          "Parent Relationship": "Outer",
          "Parallel Aware": false,
          "Startup Cost": 19997.58,
          "Total Cost": 19997.79,
          "Plan Rows": 2,
          "Plan Width": 8,
          "Actual Startup Time": 25.17,
          "Actual Total Time": 29.639,
          "Actual Rows": 3,
          "Actual Loops": 1,
          "Workers Planned": 2,
          "Workers Launched": 2,
          "Single Copy": false,
          "Plans": [
            {
              "Node Type": "Aggregate",
              "Strategy": "Plain",
              "Partial Mode": "Partial",
              "Parent Relationship": "Outer",
              "Parallel Aware": false,
              "Startup Cost": 18997.58,
              "Total Cost": 18997.59,
              "Plan Rows": 1,
              "Plan Width": 8,
              "Actual Startup Time": 16.948,
              "Actual Total Time": 16.95,
              "Actual Rows": 1,
              "Actual Loops": 3,
              "Plans": [
                {
                  "Node Type": "Nested Loop",
                  "Parent Relationship": "Outer",
                  "Parallel Aware": false,
                  "Join Type": "Inner",
                  "Startup Cost": 99.76,
                  "Total Cost": 18995.06,
                  "Plan Rows": 1009,
                  "Plan Width": 0,
                  "Actual Startup Time": 10.372,
                  "Actual Total Time": 16.944,
                  "Actual Rows": 1,
                  "Actual Loops": 3,
                  "Inner Unique": false,
                  "Plans": [
                    {
                      "Node Type": "Nested Loop",
                      "Parent Relationship": "Outer",
                      "Parallel Aware": false,
                      "Join Type": "Inner",
                      "Startup Cost": 99.33,
                      "Total Cost": 17986.16,
                      "Plan Rows": 564,
                      "Plan Width": 8,
                      "Actual Startup Time": 10.363,
                      "Actual Total Time": 16.934,
                      "Actual Rows": 0,
                      "Actual Loops": 3,
                      "Inner Unique": true,
                      "Plans": [
                        {
                          "Node Type": "Bitmap Heap Scan",
                          "Parent Relationship": "Outer",
                          "Parallel Aware": true,
                          "Relation Name": "movie_companies",
                          "Alias": "mc",
                          "Startup Cost": 98.9,
                          "Total Cost": 10661.51,
                          "Plan Rows": 928,
                          "Plan Width": 4,
                          "Actual Startup Time": 1.689,
                          "Actual Total Time": 6.952,
                          "Actual Rows": 780,
                          "Actual Loops": 3,
                          "Recheck Cond": "(company_id = 4625)",
                          "Rows Removed by Index Recheck": 0,
                          "Filter": "(company_type_id < 2)",
                          "Rows Removed by Filter": 420,
                          "Exact Heap Blocks": 2124,
                          "Lossy Heap Blocks": 0,
                          "Plans": [
                            {
                              "Node Type": "Bitmap Index Scan",
                              "Parent Relationship": "Outer",
                              "Parallel Aware": false,
                              "Index Name": "company_id_movie_companies",
                              "Startup Cost": 0.0,
                              "Total Cost": 98.34,
                              "Plan Rows": 4522,
                              "Plan Width": 0,
                              "Actual Startup Time": 3.515,
                              "Actual Total Time": 3.515,
                              "Actual Rows": 3599,
                              "Actual Loops": 1,
                              "Index Cond": "(company_id = 4625)"
                            }
                          ]
                        },
                        {
                          "Node Type": "Index Scan",
                          "Parent Relationship": "Inner",
                          "Parallel Aware": false,
                          "Scan Direction": "Forward",
                          "Index Name": "title_pkey",
                          "Relation Name": "title",
                          "Alias": "t",
                          "Startup Cost": 0.43,
                          "Total Cost": 7.89,
                          "Plan Rows": 1,
                          "Plan Width": 4,
                          "Actual Startup Time": 0.012,
                          "Actual Total Time": 0.012,
                          "Actual Rows": 0,
                          "Actual Loops": 2340,
                          "Index Cond": "(id = mc.movie_id)",
                          "Rows Removed by Index Recheck": 0,
                          "Filter": "(kind_id = 7)",
                          "Rows Removed by Filter": 1
                        }
                      ]
                    },
                    {
                      "Node Type": "Index Only Scan",
                      "Parent Relationship": "Inner",
                      "Parallel Aware": false,
                      "Scan Direction": "Forward",
                      "Index Name": "movie_id_movie_keyword",
                      "Relation Name": "movie_keyword",
                      "Alias": "mk",
                      "Startup Cost": 0.43,
                      "Total Cost": 1.34,
                      "Plan Rows": 45,
                      "Plan Width": 4,
                      "Actual Startup Time": 0.021,
                      "Actual Total Time": 0.024,
                      "Actual Rows": 2,
                      "Actual Loops": 1,
                      "Index Cond": "(movie_id = t.id)",
                      "Rows Removed by Index Recheck": 0,
                      "Heap Fetches": 2
                    }
                  ]
                }
              ]
            }
          ]
        }
      ]
    },
    "Planning Time": 1.447,
    "Triggers": [],
    "Execution Time": 29.747
  }
]