[
  {
    "Plan": {
      "Node Type": "Aggregate",
      "Strategy": "Plain",
      "Partial Mode": "Finalize",
      "Parallel Aware": false,
      "Startup Cost": 29956.52,
      "Total Cost": 29956.53,
      "Plan Rows": 1,
      "Plan Width": 8,
      "Actual Startup Time": 88.264,
      "Actual Total Time": 93.882,
      "Actual Rows": 1,
      "Actual Loops": 1,
      "Plans": [
        {
          "Node Type": "Gather",
          "Parent Relationship": "Outer",
          "Parallel Aware": false,
          "Startup Cost": 29956.2,
          "Total Cost": 29956.51,
          "Plan Rows": 3,
          "Plan Width": 8,
          "Actual Startup Time": 88.036,
          "Actual Total Time": 93.867,
          "Actual Rows": 4,
          "Actual Loops": 1,
          "Workers Planned": 3,
          "Workers Launched": 3,
          "Single Copy": false,
          "Plans": [
            {
              "Node Type": "Aggregate",
              "Strategy": "Plain",
              "Partial Mode": "Partial",
              "Parent Relationship": "Outer",
              "Parallel Aware": false,
              "Startup Cost": 28956.2,
              "Total Cost": 28956.21,
              "Plan Rows": 1,
              "Plan Width": 8,
              "Actual Startup Time": 82.564,
              "Actual Total Time": 82.566,
              "Actual Rows": 1,
              "Actual Loops": 4,
              "Plans": [
                {
                  "Node Type": "Bitmap Heap Scan",
                  "Parent Relationship": "Outer",
                  "Parallel Aware": true,
                  "Relation Name": "movie_keyword",
                  "Alias": "mk",
                  "Startup Cost": 3666.67,
                  "Total Cost": 28816.95,
                  "Plan Rows": 55702,
                  "Plan Width": 0,
                  "Actual Startup Time": 29.444,
                  "Actual Total Time": 79.466,
                  "Actual Rows": 43014,
                  "Actual Loops": 4,
                  "Recheck Cond": "(keyword_id > 72058)",
                  "Rows Removed by Index Recheck": 0,
                  "Exact Heap Blocks": 10558,
                  "Lossy Heap Blocks": 0,
                  "Plans": [
                    {
                      "Node Type": "Bitmap Index Scan",
                      "Parent Relationship": "Outer",
                      "Parallel Aware": false,
                      "Index Name": "keyword_id_movie_keyword",
                      "Startup Cost": 0.0,
                      "Total Cost": 3623.5,
                      "Plan Rows": 172676,
                      "Plan Width": 0,
                      "Actual Startup Time": 29.98,
                      "Actual Total Time": 29.982,
                      "Actual Rows": 172057,
                      "Actual Loops": 1,
                      "Index Cond": "(keyword_id > 72058)"
                    }
                  ]
                }
              ]
            }
          ]
        }
      ]
    },
    "Planning Time": 0.196,
    "Triggers": [],
    "Execution Time": 93.963
  }
]