[
  {
    "Plan": {
      "Node Type": "Aggregate",
      "Strategy": "Plain",
      "Partial Mode": "Finalize",
      "Parallel Aware": false,
      "Startup Cost": 81613.97,
      "Total Cost": 81613.98,
      "Plan Rows": 1,
      "Plan Width": 8,
      "Actual Startup Time": 268.976,
      "Actual Total Time": 283.87,
      "Actual Rows": 1,
      "Actual Loops": 1,
      "Plans": [
        {
          "Node Type": "Gather",
          "Parent Relationship": "Outer",
          "Parallel Aware": false,
          "Startup Cost": 81613.55,
          "Total Cost": 81613.96,
          "Plan Rows": 4,
          "Plan Width": 8,
          "Actual Startup Time": 266.001,
          "Actual Total Time": 283.858,
          "Actual Rows": 5,
          "Actual Loops": 1,
          "Workers Planned": 4,
          "Workers Launched": 4,
          "Single Copy": false,
          "Plans": [
            {
              "Node Type": "Aggregate",
              "Strategy": "Plain",
              "Partial Mode": "Partial",
              "Parent Relationship": "Outer",
              "Parallel Aware": false,
              "Startup Cost": 80613.55,
              "Total Cost": 80613.56,
              "Plan Rows": 1,
              "Plan Width": 8,
              "Actual Startup Time": 256.346,
              "Actual Total Time": 256.349,
              "Actual Rows": 1,
              "Actual Loops": 5,
              "Plans": [
                {
                  "Node Type": "Hash Join",
                  "Parent Relationship": "Outer",
                  "Parallel Aware": true,
                  "Join Type": "Inner",
                  "Startup Cost": 34334.98,
                  "Total Cost": 80356.92,
                  "Plan Rows": 102653,
                  "Plan Width": 0,
                  "Actual Startup Time": 107.749,
                  "Actual Total Time": 253.378,
                  "Actual Rows": 63285,
                  "Actual Loops": 5,
                  "Inner Unique": false,
                  "Hash Cond": "(t.id = mc.movie_id)",
                  "Plans": [
                    {
                      "Node Type": "Seq Scan",
                      "Parent Relationship": "Outer",
                      "Parallel Aware": true,
                      "Relation Name": "title",
                      "Alias": "t",
                      "Startup Cost": 0.0,
                      "Total Cost": 43898.92,
                      "Plan Rows": 358377,
                      "Plan Width": 4,
                      "Actual Startup Time": 0.015,
                      "Actual Total Time": 75.363,
                      "Actual Rows": 288660,
                      "Actual Loops": 5,
                      "Filter": "(production_year < 2006)",
                      "Rows Removed by Filter": 217003
                    },
                    {
                      "Node Type": "Hash",
                      "Parent Relationship": "Inner",
                      "Parallel Aware": true,
                      "Startup Cost": 31414.82,
                      "Total Cost": 31414.82,
                      "Plan Rows": 233613,
                      "Plan Width": 4,
                      "Actual Startup Time": 103.578,
                      "Actual Total Time": 103.579,
                      "Actual Rows": 91228,
                      "Actual Loops": 5,
                      "Hash Buckets": 1048576,
                      "Original Hash Buckets": 1048576,
                      "Hash Batches": 1,
                      "Original Hash Batches": 1,
                      "Peak Memory Usage": 26112,
                      "Plans": [
                        {
                          "Node Type": "Seq Scan",
                          "Parent Relationship": "Outer",
                          "Parallel Aware": true,
                          "Relation Name": "movie_companies",
                          "Alias": "mc",
                          "Startup Cost": 0.0,
                          "Total Cost": 31414.82,
                          "Plan Rows": 233613,
                          "Plan Width": 4,
                          "Actual Startup Time": 44.828,
                          "Actual Total Time": 72.031,
                          "Actual Rows": 91228,
                          "Actual Loops": 5,
                          "Filter": "((company_id < 12566) AND (company_type_id = 2))",
                          "Rows Removed by Filter": 430598
                        }
                      ]
                    }
                  ]
                }
              ]
            }
          ]
        }
      ]
    },
    "Planning Time": 0.61,
    "Triggers": [],
    "Execution Time": 283.949
  }
]