{
  "Plan": {
    "Node Type": "Aggregate",
    "Strategy": "Plain",
    "Partial Mode": "Finalize",
    "Parallel Aware": false,
    "Startup Cost": 18933.72,
    "Total Cost": 18933.73,
    "Plan Rows": 1,
    "Plan Width": 8,
    "Actual Startup Time": 16.841,
    "Actual Total Time": 18.981,
    "Actual Rows": 1,
    "Actual Loops": 1,
    "Plans": [
      {
        "Node Type": "Gather",
        "Parent Relationship": "Outer",
        "Parallel Aware": false,
        "Startup Cost": 18933.61,
        "Total Cost": 18933.72,
        "Plan Rows": 1,
        "Plan Width": 8,
        "Actual Startup Time": 16.643,
        "Actual Total Time": 18.972,
        "Actual Rows": 2,
        "Actual Loops": 1,
        "Workers Planned": 1,
        "Workers Launched": 1,
        "Single Copy": false,
        "Plans": [
          {
            "Node Type": "Aggregate",
            "Strategy": "Plain",
            "Partial Mode": "Partial",
            "Parent Relationship": "Outer",
            "Parallel Aware": false,
            "Startup Cost": 17933.61,
            "Total Cost": 17933.62,
            "Plan Rows": 1,
            "Plan Width": 8,
            "Actual Startup Time": 10.639,
            "Actual Total Time": 10.642,
            "Actual Rows": 1,
            "Actual Loops": 2,
            "Plans": [
              {
                "Node Type": "Nested Loop",
                "Parent Relationship": "Outer",
                "Parallel Aware": false,
                "Join Type": "Inner",
                "Startup Cost": 80.72,
                "Total Cost": 17933.43,
                "Plan Rows": 73,
                "Plan Width": 0,
                "Actual Startup Time": 2.695,
                "Actual Total Time": 10.472,
                "Actual Rows": 626,
                "Actual Loops": 2,
                "Inner Unique": true,
                "Plans": [
                  {
                    "Node Type": "Bitmap Heap Scan",
                    "Parent Relationship": "Outer",
                    "Parallel Aware": true,
                    "Relation Name": "movie_companies",
                    "Alias": "mc",
                    "Startup Cost": 80.29,
                    "Total Cost": 9226.96,
                    "Plan Rows": 1091,
                    "Plan Width": 4,
                    "Actual Startup Time": 2.568,
                    "Actual Total Time": 4.201,
                    "Actual Rows": 626,
                    "Actual Loops": 2,
                    "Recheck Cond": "(company_id = 14490)",
                    "Rows Removed by Index Recheck": 0,
                    "Filter": "(company_type_id = 2)",
                    "Rows Removed by Filter": 624,
                    "Exact Heap Blocks": 1032,
                    "Lossy Heap Blocks": 0,
                    "Plans": [
                      {
                        "Node Type": "Bitmap Index Scan",
                        "Parent Relationship": "Outer",
                        "Parallel Aware": false,
                        "Index Name": "company_id_movie_companies",
                        "Startup Cost": 0.0,
                        "Total Cost": 79.83,
                        "Plan Rows": 3653,
                        "Plan Width": 0,
                        "Actual Startup Time": 2.461,
                        "Actual Total Time": 2.462,
                        "Actual Rows": 2500,
                        "Actual Loops": 1,
                        "Index Cond": "(company_id = 14490)"
                      }
                    ]
                  },
                  {
                    "Node Type": "Index Scan",
                    "Parent Relationship": "Inner",
                    "Parallel Aware": false,
                    "Scan Direction": "Forward",
                    "Index Name": "title_pkey",
                    "Relation Name": "title",
                    "Alias": "t",
                    "Startup Cost": 0.43,
                    "Total Cost": 7.98,
                    "Plan Rows": 1,
                    "Plan Width": 4,
                    "Actual Startup Time": 0.009,
                    "Actual Total Time": 0.009,
                    "Actual Rows": 1,
                    "Actual Loops": 1253,
                    "Index Cond": "(id = mc.movie_id)",
                    "Rows Removed by Index Recheck": 0,
                    "Filter": "((kind_id < 4) AND (production_year < 1980))",
                    "Rows Removed by Filter": 0
                  }
                ]
              }
            ]
          }
        ]
      }
    ]
  },
  "Planning Time": 0.536,
  "Triggers": [],
  "Execution Time": 19.078
}