[
  {
    "Plan": {
      "Node Type": "Aggregate",
      "Strategy": "Plain",
      "Partial Mode": "Finalize",
      "Parallel Aware": false,
      "Startup Cost": 348876.47,
      "Total Cost": 348876.48,
      "Plan Rows": 1,
      "Plan Width": 8,
      "Actual Startup Time": 980.75,
      "Actual Total Time": 1043.979,
      "Actual Rows": 1,
      "Actual Loops": 1,
      "Plans": [
        {
          "Node Type": "Gather",
          "Parent Relationship": "Outer",
          "Parallel Aware": false,
          "Startup Cost": 348875.85,
          "Total Cost": 348876.46,
          "Plan Rows": 6,
          "Plan Width": 8,
          "Actual Startup Time": 980.658,
          "Actual Total Time": 1043.968,
          "Actual Rows": 7,
          "Actual Loops": 1,
          "Workers Planned": 6,
          "Workers Launched": 6,
          "Single Copy": false,
          "Plans": [
            {
              "Node Type": "Aggregate",
              "Strategy": "Plain",
              "Partial Mode": "Partial",
              "Parent Relationship": "Outer",
              "Parallel Aware": false,
              "Startup Cost": 347875.85,
              "Total Cost": 347875.86,
              "Plan Rows": 1,
              "Plan Width": 8,
              "Actual Startup Time": 971.574,
              "Actual Total Time": 971.575,
              "Actual Rows": 1,
              "Actual Loops": 7,
              "Plans": [
                {
                  "Node Type": "Seq Scan",
                  "Parent Relationship": "Outer",
                  "Parallel Aware": true,
                  "Relation Name": "cast_info",
                  "Alias": "ci",
                  "Startup Cost": 0.0,
                  "Total Cost": 343257.03,
                  "Plan Rows": 1847528,
                  "Plan Width": 0,
                  "Actual Startup Time": 291.057,
                  "Actual Total Time": 834.022,
                  "Actual Rows": 2405219,
                  "Actual Loops": 7,
                  "Filter": "((person_id > 1942240) AND (role_id > 1))",
                  "Rows Removed by Filter": 2772545
                }
              ]
            }
          ]
        }
      ]
    },
    "Planning Time": 0.223,
    "Triggers": [],
    "Execution Time": 1044.062
  }
]