[
  {
    "Plan": {
      "Node Type": "Aggregate",
      "Strategy": "Plain",
      "Partial Mode": "Finalize",
      "Parallel Aware": false,
      "Startup Cost": 47267.87,
      "Total Cost": 47267.88,
      "Plan Rows": 1,
      "Plan Width": 8,
      "Actual Startup Time": 122.598,
      "Actual Total Time": 133.433,
      "Actual Rows": 1,
      "Actual Loops": 1,
      "Plans": [
        {
          "Node Type": "Gather",
          "Parent Relationship": "Outer",
          "Parallel Aware": false,
          "Startup Cost": 47267.45,
          "Total Cost": 47267.86,
          "Plan Rows": 4,
          "Plan Width": 8,
          "Actual Startup Time": 122.43,
          "Actual Total Time": 133.422,
          "Actual Rows": 5,
          "Actual Loops": 1,
          "Workers Planned": 4,
          "Workers Launched": 4,
          "Single Copy": false,
          "Plans": [
            {
              "Node Type": "Aggregate",
              "Strategy": "Plain",
              "Partial Mode": "Partial",
              "Parent Relationship": "Outer",
              "Parallel Aware": false,
              "Startup Cost": 46267.45,
              "Total Cost": 46267.46,
              "Plan Rows": 1,
              "Plan Width": 8,
              "Actual Startup Time": 116.004,
              "Actual Total Time": 116.006,
              "Actual Rows": 1,
              "Actual Loops": 5,
              "Plans": [
                {
                  "Node Type": "Seq Scan",
                  "Parent Relationship": "Outer",
                  "Parallel Aware": true,
                  "Relation Name": "title",
                  "Alias": "t",
                  "Startup Cost": 0.0,
                  "Total Cost": 45479.59,
                  "Plan Rows": 315144,
                  "Plan Width": 0,
                  "Actual Startup Time": 0.04,
                  "Actual Total Time": 100.957,
                  "Actual Rows": 245842,
                  "Actual Loops": 5,
                  "Filter": "((kind_id > 2) AND (production_year < 2009))",
                  "Rows Removed by Filter": 259820
                }
              ]
            }
          ]
        }
      ]
    },
    "Planning Time": 0.101,
    "Triggers": [],
    "Execution Time": 133.47
  }
]