[
  {
    "Plan": {
      "Node Type": "Aggregate",
      "Strategy": "Plain",
      "Partial Mode": "Finalize",
      "Parallel Aware": false,
      "Startup Cost": 47265.58,
      "Total Cost": 47265.59,
      "Plan Rows": 1,
      "Plan Width": 8,
      "Actual Startup Time": 121.538,
      "Actual Total Time": 134.356,
      "Actual Rows": 1,
      "Actual Loops": 1,
      "Plans": [
        {
          "Node Type": "Gather",
          "Parent Relationship": "Outer",
          "Parallel Aware": false,
          "Startup Cost": 47265.16,
          "Total Cost": 47265.57,
          "Plan Rows": 4,
          "Plan Width": 8,
          "Actual Startup Time": 121.414,
          "Actual Total Time": 134.348,
          "Actual Rows": 5,
          "Actual Loops": 1,
          "Workers Planned": 4,
          "Workers Launched": 4,
          "Single Copy": false,
          "Plans": [
            {
              "Node Type": "Aggregate",
              "Strategy": "Plain",
              "Partial Mode": "Partial",
              "Parent Relationship": "Outer",
              "Parallel Aware": false,
              "Startup Cost": 46265.16,
              "Total Cost": 46265.17,
              "Plan Rows": 1,
              "Plan Width": 8,
              "Actual Startup Time": 112.007,
              "Actual Total Time": 112.008,
              "Actual Rows": 1,
              "Actual Loops": 5,
              "Plans": [
                {
                  "Node Type": "Seq Scan",
                  "Parent Relationship": "Outer",
                  "Parallel Aware": true,
                  "Relation Name": "title",
                  "Alias": "t",
                  "Startup Cost": 0.0,
                  "Total Cost": 45479.1,
                  "Plan Rows": 314424,
                  "Plan Width": 0,
                  "Actual Startup Time": 0.043,
                  "Actual Total Time": 98.207,
                  "Actual Rows": 245842,
                  "Actual Loops": 5,
                  "Filter": "((kind_id > 2) AND (production_year < 2009))",
                  "Rows Removed by Filter": 259820
                }
              ]
            }
          ]
        }
      ]
    },
    "Planning Time": 0.187,
    "Triggers": [],
    "Execution Time": 134.421
  }
]