[
  {
    "Plan": {
      "Node Type": "Aggregate",
      "Strategy": "Plain",
      "Partial Mode": "Finalize",
      "Parallel Aware": false,
      "Startup Cost": 337890.57,
      "Total Cost": 337890.58,
      "Plan Rows": 1,
      "Plan Width": 8,
      "Actual Startup Time": 754.607,
      "Actual Total Time": 809.253,
      "Actual Rows": 1,
      "Actual Loops": 1,
      "Plans": [
        {
          "Node Type": "Gather",
          "Parent Relationship": "Outer",
          "Parallel Aware": false,
          "Startup Cost": 337889.94,
          "Total Cost": 337890.55,
          "Plan Rows": 6,
          "Plan Width": 8,
          "Actual Startup Time": 754.476,
          "Actual Total Time": 809.242,
          "Actual Rows": 7,
          "Actual Loops": 1,
          "Workers Planned": 6,
          "Workers Launched": 6,
          "Single Copy": false,
          "Plans": [
            {
              "Node Type": "Aggregate",
              "Strategy": "Plain",
              "Partial Mode": "Partial",
              "Parent Relationship": "Outer",
              "Parallel Aware": false,
              "Startup Cost": 336889.94,
              "Total Cost": 336889.95,
              "Plan Rows": 1,
              "Plan Width": 8,
              "Actual Startup Time": 746.885,
              "Actual Total Time": 746.886,
              "Actual Rows": 1,
              "Actual Loops": 7,
              "Plans": [
                {
                  "Node Type": "Seq Scan",
                  "Parent Relationship": "Outer",
                  "Parallel Aware": true,
                  "Relation Name": "cast_info",
                  "Alias": "ci",
                  "Startup Cost": 0.0,
                  "Total Cost": 328162.03,
                  "Plan Rows": 3491166,
                  "Plan Width": 0,
                  "Actual Startup Time": 169.674,
                  "Actual Total Time": 614.485,
                  "Actual Rows": 3000174,
                  "Actual Loops": 7,
                  "Filter": "(person_id > 1501258)",
                  "Rows Removed by Filter": 2177589
                }
              ]
            }
          ]
        }
      ]
    },
    "Planning Time": 0.1,
    "Triggers": [],
    "Execution Time": 809.3
  }
]