[
  {
    "Plan": {
      "Node Type": "Aggregate",
      "Strategy": "Plain",
      "Partial Mode": "Finalize",
      "Parallel Aware": false,
      "Startup Cost": 46156.71,
      "Total Cost": 46156.72,
      "Plan Rows": 1,
      "Plan Width": 8,
      "Actual Startup Time": 157.961,
      "Actual Total Time": 166.491,
      "Actual Rows": 1,
      "Actual Loops": 1,
      "Plans": [
        {
          "Node Type": "Gather",
          "Parent Relationship": "Outer",
          "Parallel Aware": false,
          "Startup Cost": 46156.4,
          "Total Cost": 46156.71,
          "Plan Rows": 3,
          "Plan Width": 8,
          "Actual Startup Time": 157.83,
          "Actual Total Time": 166.484,
          "Actual Rows": 4,
          "Actual Loops": 1,
          "Workers Planned": 3,
          "Workers Launched": 3,
          "Single Copy": false,
          "Plans": [
            {
              "Node Type": "Aggregate",
              "Strategy": "Plain",
              "Partial Mode": "Partial",
              "Parent Relationship": "Outer",
              "Parallel Aware": false,
              "Startup Cost": 45156.4,
              "Total Cost": 45156.41,
              "Plan Rows": 1,
              "Plan Width": 8,
              "Actual Startup Time": 151.85,
              "Actual Total Time": 151.851,
              "Actual Rows": 1,
              "Actual Loops": 4,
              "Plans": [
                {
                  "Node Type": "Seq Scan",
                  "Parent Relationship": "Outer",
                  "Parallel Aware": true,
                  "Relation Name": "movie_keyword",
                  "Alias": "mk",
                  "Startup Cost": 0.0,
                  "Total Cost": 42695.65,
                  "Plan Rows": 984297,
                  "Plan Width": 0,
                  "Actual Startup Time": 0.052,
                  "Actual Total Time": 117.796,
                  "Actual Rows": 760740,
                  "Actual Loops": 4,
                  "Filter": "(keyword_id < 11069)",
                  "Rows Removed by Filter": 370242
                }
              ]
            }
          ]
        }
      ]
    },
    "Planning Time": 0.181,
    "Triggers": [],
    "Execution Time": 166.546
  }
]