[
  {
    "Plan": {
      "Node Type": "Aggregate",
      "Strategy": "Plain",
      "Partial Mode": "Finalize",
      "Parallel Aware": false,
      "Startup Cost": 89317.89,
      "Total Cost": 89317.9,
      "Plan Rows": 1,
      "Plan Width": 8,
      "Actual Startup Time": 576.383,
      "Actual Total Time": 601.375,
      "Actual Rows": 1,
      "Actual Loops": 1,
      "Plans": [
        {
          "Node Type": "Gather",
          "Parent Relationship": "Outer",
          "Parallel Aware": false,
          "Startup Cost": 89317.58,
          "Total Cost": 89317.89,
          "Plan Rows": 3,
          "Plan Width": 8,
          "Actual Startup Time": 553.619,
          "Actual Total Time": 601.356,
          "Actual Rows": 4,
          "Actual Loops": 1,
          "Workers Planned": 3,
          "Workers Launched": 3,
          "Single Copy": false,
          "Plans": [
            {
              "Node Type": "Aggregate",
              "Strategy": "Plain",
              "Partial Mode": "Partial",
              "Parent Relationship": "Outer",
              "Parallel Aware": false,
              "Startup Cost": 88317.58,
              "Total Cost": 88317.59,
              "Plan Rows": 1,
              "Plan Width": 8,
              "Actual Startup Time": 539.626,
              "Actual Total Time": 539.632,
              "Actual Rows": 1,
              "Actual Loops": 4,
              "Plans": [
                {
                  "Node Type": "Hash Join",
                  "Parent Relationship": "Outer",
                  "Parallel Aware": true,
                  "Join Type": "Inner",
                  "Startup Cost": 60979.78,
                  "Total Cost": 87908.53,
                  "Plan Rows": 163620,
                  "Plan Width": 0,
                  "Actual Startup Time": 408.348,
                  "Actual Total Time": 530.908,
                  "Actual Rows": 126664,
                  "Actual Loops": 4,
                  "Inner Unique": true,
                  "Hash Cond": "(mk.movie_id = t.id)",
                  "Plans": [
                    {
                      "Node Type": "Bitmap Heap Scan",
                      "Parent Relationship": "Outer",
                      "Parallel Aware": true,
                      "Relation Name": "movie_keyword",
                      "Alias": "mk",
                      "Startup Cost": 10759.4,
                      "Total Cost": 37258.64,
                      "Plan Rows": 163620,
                      "Plan Width": 4,
                      "Actual Startup Time": 32.212,
                      "Actual Total Time": 95.096,
                      "Actual Rows": 126664,
                      "Actual Loops": 4,
                      "Recheck Cond": "(keyword_id < 369)",
                      "Rows Removed by Index Recheck": 0,
                      "Exact Heap Blocks": 6733,
                      "Lossy Heap Blocks": 0,
                      "Plans": [
                        {
                          "Node Type": "Bitmap Index Scan",
                          "Parent Relationship": "Outer",
                          "Parallel Aware": false,
                          "Index Name": "keyword_id_movie_keyword",
                          "Startup Cost": 0.0,
                          "Total Cost": 10632.59,
                          "Plan Rows": 507221,
                          "Plan Width": 0,
                          "Actual Startup Time": 28.279,
                          "Actual Total Time": 28.279,
                          "Actual Rows": 506658,
                          "Actual Loops": 1,
                          "Index Cond": "(keyword_id < 369)"
                        }
                      ]
                    },
                    {
                      "Node Type": "Hash",
                      "Parent Relationship": "Inner",
                      "Parallel Aware": true,
                      "Startup Cost": 42319.06,
                      "Total Cost": 42319.06,
                      "Plan Rows": 632106,
                      "Plan Width": 4,
                      "Actual Startup Time": 367.926,
                      "Actual Total Time": 367.928,
                      "Actual Rows": 632078,
                      "Actual Loops": 4,
                      "Hash Buckets": 4194304,
                      "Original Hash Buckets": 4194304,
                      "Hash Batches": 1,
                      "Original Hash Batches": 1,
                      "Peak Memory Usage": 131744,
                      "Plans": [
                        {
                          "Node Type": "Seq Scan",
                          "Parent Relationship": "Outer",
                          "Parallel Aware": true,
                          "Relation Name": "title",
                          "Alias": "t",
                          "Startup Cost": 0.0,
                          "Total Cost": 42319.06,
                          "Plan Rows": 632106,
                          "Plan Width": 4,
                          "Actual Startup Time": 0.037,
                          "Actual Total Time": 106.356,
                          "Actual Rows": 632078,
                          "Actual Loops": 4
                        }
                      ]
                    }
                  ]
                }
              ]
            }
          ]
        }
      ]
    },
    "Planning Time": 0.232,
    "Triggers": [],
    "Execution Time": 601.428
  }
]