{
    "Plan": {
        "Node Type": "Aggregate",
        "Strategy": "Plain",
        "Partial Mode": "Simple",
        "Parallel Aware": false,
        "Startup Cost": 3156.29,
        "Total Cost": 3156.3,
        "Plan Rows": 1,
        "Plan Width": 8,
        "Actual Startup Time": 715.872,
        "Actual Total Time": 715.876,
        "Actual Rows": 1,
        "Actual Loops": 1,
        "Output": [
            "count(*)"
        ],
        "Plans": [
            {
                "Node Type": "Nested Loop",
                "Parent Relationship": "Outer",
                "Parallel Aware": false,
                "Join Type": "Inner",
                "Startup Cost": 1.29,
                "Total Cost": 3156.18,
                "Plan Rows": 44,
                "Plan Width": 0,
                "Actual Startup Time": 715.382,
                "Actual Total Time": 715.859,
                "Actual Rows": 13,
                "Actual Loops": 1,
                "Inner Unique": false,
                "Plans": [
                    {
                        "Node Type": "Nested Loop",
                        "Parent Relationship": "Outer",
                        "Parallel Aware": false,
                        "Join Type": "Inner",
                        "Startup Cost": 0.86,
                        "Total Cost": 3029.31,
                        "Plan Rows": 244,
                        "Plan Width": 8,
                        "Actual Startup Time": 715.319,
                        "Actual Total Time": 715.546,
                        "Actual Rows": 14,
                        "Actual Loops": 1,
                        "Output": [
                            "t.id",
                            "mk.movie_id"
                        ],
                        "Inner Unique": true,
                        "Plans": [
                            {
                                "Node Type": "Index Scan",
                                "Parent Relationship": "Outer",
                                "Parallel Aware": false,
                                "Scan Direction": "Forward",
                                "Index Name": "keyword_id_movie_keyword",
                                "Relation Name": "movie_keyword",
                                "Schema": "public",
                                "Alias": "mk",
                                "Startup Cost": 0.43,
                                "Total Cost": 980.12,
                                "Plan Rows": 244,
                                "Plan Width": 4,
                                "Actual Startup Time": 715.266,
                                "Actual Total Time": 715.314,
                                "Actual Rows": 14,
                                "Actual Loops": 1,
                                "Output": [
                                    "mk.id",
                                    "mk.movie_id",
                                    "mk.keyword_id"
                                ],
                                "Index Cond": "(mk.keyword_id = 13200)",
                                "Rows Removed by Index Recheck": 0
                            },
                            {
                                "Node Type": "Index Only Scan",
                                "Parent Relationship": "Inner",
                                "Parallel Aware": false,
                                "Scan Direction": "Forward",
                                "Index Name": "title_pkey",
                                "Relation Name": "title",
                                "Schema": "public",
                                "Alias": "t",
                                "Startup Cost": 0.43,
                                "Total Cost": 8.4,
                                "Plan Rows": 1,
                                "Plan Width": 4,
                                "Actual Startup Time": 0.014,
                                "Actual Total Time": 0.014,
                                "Actual Rows": 1,
                                "Actual Loops": 14,
                                "Output": [
                                    "t.id"
                                ],
                                "Index Cond": "(t.id = mk.movie_id)",
                                "Rows Removed by Index Recheck": 0,
                                "Heap Fetches": 14
                            }
                        ]
                    },
                    {
                        "Node Type": "Index Scan",
                        "Parent Relationship": "Inner",
                        "Parallel Aware": false,
                        "Scan Direction": "Forward",
                        "Index Name": "movie_id_movie_info_idx",
                        "Relation Name": "movie_info_idx",
                        "Schema": "public",
                        "Alias": "mi_idx",
                        "Startup Cost": 0.43,
                        "Total Cost": 0.51,
                        "Plan Rows": 1,
                        "Plan Width": 4,
                        "Actual Startup Time": 0.02,
                        "Actual Total Time": 0.021,
                        "Actual Rows": 1,
                        "Actual Loops": 14,
                        "Output": [
                            "mi_idx.id",
                            "mi_idx.movie_id",
                            "mi_idx.info_type_id",
                            "mi_idx.info",
                            "mi_idx.note"
                        ],
                        "Index Cond": "(mi_idx.movie_id = t.id)",
                        "Rows Removed by Index Recheck": 0,
                        "Filter": "(mi_idx.info_type_id > 100)",
                        "Rows Removed by Filter": 2
                    }
                ]
            }
        ]
    },
    "Planning Time": 0.856,
    "Triggers": [],
    "Execution Time": 715.934
}