[
  {
    "Plan": {
      "Node Type": "Aggregate",
      "Strategy": "Plain",
      "Partial Mode": "Finalize",
      "Parallel Aware": false,
      "Startup Cost": 202925.13,
      "Total Cost": 202925.14,
      "Plan Rows": 1,
      "Plan Width": 8,
      "Actual Startup Time": 48.395,
      "Actual Total Time": 55.949,
      "Actual Rows": 1,
      "Actual Loops": 1,
      "Plans": [
        {
          "Node Type": "Gather",
          "Parent Relationship": "Outer",
          "Parallel Aware": false,
          "Startup Cost": 202924.71,
          "Total Cost": 202925.12,
          "Plan Rows": 4,
          "Plan Width": 8,
          "Actual Startup Time": 48.154,
          "Actual Total Time": 55.941,
          "Actual Rows": 5,
          "Actual Loops": 1,
          "Workers Planned": 4,
          "Workers Launched": 4,
          "Single Copy": false,
          "Plans": [
            {
              "Node Type": "Aggregate",
              "Strategy": "Plain",
              "Partial Mode": "Partial",
              "Parent Relationship": "Outer",
              "Parallel Aware": false,
              "Startup Cost": 201924.71,
              "Total Cost": 201924.72,
              "Plan Rows": 1,
              "Plan Width": 8,
              "Actual Startup Time": 43.845,
              "Actual Total Time": 43.846,
              "Actual Rows": 1,
              "Actual Loops": 5,
              "Plans": [
                {
                  "Node Type": "Nested Loop",
                  "Parent Relationship": "Outer",
                  "Parallel Aware": false,
                  "Join Type": "Inner",
                  "Startup Cost": 1729.0,
                  "Total Cost": 201920.71,
                  "Plan Rows": 1600,
                  "Plan Width": 0,
                  "Actual Startup Time": 12.245,
                  "Actual Total Time": 43.822,
                  "Actual Rows": 96,
                  "Actual Loops": 5,
                  "Inner Unique": false,
                  "Plans": [
                    {
                      "Node Type": "Bitmap Heap Scan",
                      "Parent Relationship": "Outer",
                      "Parallel Aware": true,
                      "Relation Name": "title",
                      "Alias": "t",
                      "Startup Cost": 1728.56,
                      "Total Cost": 38089.71,
                      "Plan Rows": 1842,
                      "Plan Width": 4,
                      "Actual Startup Time": 11.489,
                      "Actual Total Time": 31.719,
                      "Actual Rows": 277,
                      "Actual Loops": 5,
                      "Recheck Cond": "(kind_id = 3)",
                      "Rows Removed by Index Recheck": 0,
                      "Filter": "(production_year < 1956)",
                      "Rows Removed by Filter": 19831,
                      "Exact Heap Blocks": 6201,
                      "Lossy Heap Blocks": 0,
                      "Plans": [
                        {
                          "Node Type": "Bitmap Index Scan",
                          "Parent Relationship": "Outer",
                          "Parallel Aware": false,
                          "Index Name": "kind_id_title",
                          "Startup Cost": 0.0,
                          "Total Cost": 1726.72,
                          "Plan Rows": 96839,
                          "Plan Width": 0,
                          "Actual Startup Time": 12.079,
                          "Actual Total Time": 12.081,
                          "Actual Rows": 100537,
                          "Actual Loops": 1,
                          "Index Cond": "(kind_id = 3)"
                        }
                      ]
                    },
                    {
                      "Node Type": "Index Scan",
                      "Parent Relationship": "Inner",
                      "Parallel Aware": false,
                      "Scan Direction": "Forward",
                      "Index Name": "movie_id_movie_info",
                      "Relation Name": "movie_info",
                      "Alias": "mi",
                      "Startup Cost": 0.43,
                      "Total Cost": 88.88,
                      "Plan Rows": 6,
                      "Plan Width": 4,
                      "Actual Startup Time": 0.038,
                      "Actual Total Time": 0.043,
                      "Actual Rows": 0,
                      "Actual Loops": 1384,
                      "Index Cond": "(movie_id = t.id)",
                      "Rows Removed by Index Recheck": 0,
                      "Filter": "(info_type_id > 16)",
                      "Rows Removed by Filter": 6
                    }
                  ]
                }
              ]
            }
          ]
        }
      ]
    },
    "Planning Time": 0.549,
    "Triggers": [],
    "Execution Time": 56.015
  }
]