[
  {
    "Plan": {
      "Node Type": "Aggregate",
      "Strategy": "Plain",
      "Partial Mode": "Finalize",
      "Parallel Aware": false,
      "Startup Cost": 35390.9,
      "Total Cost": 35390.91,
      "Plan Rows": 1,
      "Plan Width": 8,
      "Actual Startup Time": 129.185,
      "Actual Total Time": 137.238,
      "Actual Rows": 1,
      "Actual Loops": 1,
      "Plans": [
        {
          "Node Type": "Gather",
          "Parent Relationship": "Outer",
          "Parallel Aware": false,
          "Startup Cost": 35390.58,
          "Total Cost": 35390.89,
          "Plan Rows": 3,
          "Plan Width": 8,
          "Actual Startup Time": 128.905,
          "Actual Total Time": 137.227,
          "Actual Rows": 4,
          "Actual Loops": 1,
          "Workers Planned": 3,
          "Workers Launched": 3,
          "Single Copy": false,
          "Plans": [
            {
              "Node Type": "Aggregate",
              "Strategy": "Plain",
              "Partial Mode": "Partial",
              "Parent Relationship": "Outer",
              "Parallel Aware": false,
              "Startup Cost": 34390.58,
              "Total Cost": 34390.59,
              "Plan Rows": 1,
              "Plan Width": 8,
              "Actual Startup Time": 120.414,
              "Actual Total Time": 120.415,
              "Actual Rows": 1,
              "Actual Loops": 4,
              "Plans": [
                {
                  "Node Type": "Bitmap Heap Scan",
                  "Parent Relationship": "Outer",
                  "Parallel Aware": true,
                  "Relation Name": "movie_keyword",
                  "Alias": "mk",
                  "Startup Cost": 8091.55,
                  "Total Cost": 34083.08,
                  "Plan Rows": 123002,
                  "Plan Width": 0,
                  "Actual Startup Time": 42.679,
                  "Actual Total Time": 113.342,
                  "Actual Rows": 92007,
                  "Actual Loops": 4,
                  "Recheck Cond": "(keyword_id > 45822)",
                  "Rows Removed by Index Recheck": 0,
                  "Exact Heap Blocks": 8817,
                  "Lossy Heap Blocks": 0,
                  "Plans": [
                    {
                      "Node Type": "Bitmap Index Scan",
                      "Parent Relationship": "Outer",
                      "Parallel Aware": false,
                      "Index Name": "keyword_id_movie_keyword",
                      "Startup Cost": 0.0,
                      "Total Cost": 7996.23,
                      "Plan Rows": 381306,
                      "Plan Width": 0,
                      "Actual Startup Time": 44.832,
                      "Actual Total Time": 44.833,
                      "Actual Rows": 368028,
                      "Actual Loops": 1,
                      "Index Cond": "(keyword_id > 45822)"
                    }
                  ]
                }
              ]
            }
          ]
        }
      ]
    },
    "Planning Time": 0.162,
    "Triggers": [],
    "Execution Time": 137.312
  }
]