[
    {
        "Bao": {
            "Bao prediction": 1296.578,
            "Bao recommended hint": "(no hint)"
        }
    },
    {
        "Plan": {
            "Node Type": "Aggregate",
            "Strategy": "Plain",
            "Partial Mode": "Finalize",
            "Parallel Aware": false,
            "Startup Cost": 112304.81,
            "Total Cost": 112304.82,
            "Plan Rows": 1,
            "Plan Width": 8,
            "Actual Startup Time": 795.063,
            "Actual Total Time": 818.394,
            "Actual Rows": 1,
            "Actual Loops": 1,
            "Output": [
                "count(*)"
            ],
            "Plans": [
                {
                    "Node Type": "Gather",
                    "Parent Relationship": "Outer",
                    "Parallel Aware": false,
                    "Startup Cost": 112304.49,
                    "Total Cost": 112304.8,
                    "Plan Rows": 3,
                    "Plan Width": 8,
                    "Actual Startup Time": 775.712,
                    "Actual Total Time": 818.384,
                    "Actual Rows": 4,
                    "Actual Loops": 1,
                    "Output": [
                        "(PARTIAL count(*))"
                    ],
                    "Workers Planned": 3,
                    "Workers Launched": 3,
                    "Single Copy": false,
                    "Plans": [
                        {
                            "Node Type": "Aggregate",
                            "Strategy": "Plain",
                            "Partial Mode": "Partial",
                            "Parent Relationship": "Outer",
                            "Parallel Aware": false,
                            "Startup Cost": 111304.49,
                            "Total Cost": 111304.5,
                            "Plan Rows": 1,
                            "Plan Width": 8,
                            "Actual Startup Time": 755.202,
                            "Actual Total Time": 755.209,
                            "Actual Rows": 1,
                            "Actual Loops": 4,
                            "Output": [
                                "PARTIAL count(*)"
                            ],
                            "Workers": [
                                {
                                    "Worker Number": 0,
                                    "Actual Startup Time": 748.582,
                                    "Actual Total Time": 748.587,
                                    "Actual Rows": 1,
                                    "Actual Loops": 1
                                },
                                {
                                    "Worker Number": 1,
                                    "Actual Startup Time": 748.581,
                                    "Actual Total Time": 748.586,
                                    "Actual Rows": 1,
                                    "Actual Loops": 1
                                },
                                {
                                    "Worker Number": 2,
                                    "Actual Startup Time": 748.771,
                                    "Actual Total Time": 748.778,
                                    "Actual Rows": 1,
                                    "Actual Loops": 1
                                }
                            ],
                            "Plans": [
                                {
                                    "Node Type": "Hash Join",
                                    "Parent Relationship": "Outer",
                                    "Parallel Aware": true,
                                    "Join Type": "Inner",
                                    "Startup Cost": 80568.94,
                                    "Total Cost": 111141.72,
                                    "Plan Rows": 65108,
                                    "Plan Width": 0,
                                    "Actual Startup Time": 521.088,
                                    "Actual Total Time": 737.478,
                                    "Actual Rows": 261171,
                                    "Actual Loops": 4,
                                    "Inner Unique": false,
                                    "Hash Cond": "(mc.movie_id = t.id)",
                                    "Workers": [
                                        {
                                            "Worker Number": 0,
                                            "Actual Startup Time": 514.473,
                                            "Actual Total Time": 730.272,
                                            "Actual Rows": 261260,
                                            "Actual Loops": 1
                                        },
                                        {
                                            "Worker Number": 1,
                                            "Actual Startup Time": 514.462,
                                            "Actual Total Time": 730.743,
                                            "Actual Rows": 254262,
                                            "Actual Loops": 1
                                        },
                                        {
                                            "Worker Number": 2,
                                            "Actual Startup Time": 514.833,
                                            "Actual Total Time": 731.665,
                                            "Actual Rows": 240569,
                                            "Actual Loops": 1
                                        }
                                    ],
                                    "Plans": [
                                        {
                                            "Node Type": "Seq Scan",
                                            "Parent Relationship": "Outer",
                                            "Parallel Aware": true,
                                            "Relation Name": "movie_companies",
                                            "Schema": "public",
                                            "Alias": "mc",
                                            "Startup Cost": 0.0,
                                            "Total Cost": 27206.55,
                                            "Plan Rows": 841655,
                                            "Plan Width": 4,
                                            "Actual Startup Time": 0.026,
                                            "Actual Total Time": 75.048,
                                            "Actual Rows": 652282,
                                            "Actual Loops": 4,
                                            "Output": [
                                                "mc.id",
                                                "mc.movie_id",
                                                "mc.company_id",
                                                "mc.company_type_id",
                                                "mc.note"
                                            ],
                                            "Workers": [
                                                {
                                                    "Worker Number": 0,
                                                    "Actual Startup Time": 0.029,
                                                    "Actual Total Time": 76.926,
                                                    "Actual Rows": 647070,
                                                    "Actual Loops": 1
                                                },
                                                {
                                                    "Worker Number": 1,
                                                    "Actual Startup Time": 0.036,
                                                    "Actual Total Time": 76.941,
                                                    "Actual Rows": 645969,
                                                    "Actual Loops": 1
                                                },
                                                {
                                                    "Worker Number": 2,
                                                    "Actual Startup Time": 0.028,
                                                    "Actual Total Time": 76.105,
                                                    "Actual Rows": 592552,
                                                    "Actual Loops": 1
                                                }
                                            ]
                                        },
                                        {
                                            "Node Type": "Hash",
                                            "Parent Relationship": "Inner",
                                            "Parallel Aware": true,
                                            "Startup Cost": 79780.29,
                                            "Total Cost": 79780.29,
                                            "Plan Rows": 63092,
                                            "Plan Width": 8,
                                            "Actual Startup Time": 518.828,
                                            "Actual Total Time": 518.833,
                                            "Actual Rows": 47194,
                                            "Actual Loops": 4,
                                            "Output": [
                                                "t.id",
                                                "mk.movie_id"
                                            ],
                                            "Hash Buckets": 262144,
                                            "Original Hash Buckets": 262144,
                                            "Hash Batches": 1,
                                            "Original Hash Batches": 1,
                                            "Peak Memory Usage": 9472,
                                            "Workers": [
                                                {
                                                    "Worker Number": 0,
                                                    "Actual Startup Time": 514.006,
                                                    "Actual Total Time": 514.01,
                                                    "Actual Rows": 44663,
                                                    "Actual Loops": 1
                                                },
                                                {
                                                    "Worker Number": 1,
                                                    "Actual Startup Time": 514.007,
                                                    "Actual Total Time": 514.011,
                                                    "Actual Rows": 44865,
                                                    "Actual Loops": 1
                                                },
                                                {
                                                    "Worker Number": 2,
                                                    "Actual Startup Time": 514.12,
                                                    "Actual Total Time": 514.125,
                                                    "Actual Rows": 40359,
                                                    "Actual Loops": 1
                                                }
                                            ],
                                            "Plans": [
                                                {
                                                    "Node Type": "Hash Join",
                                                    "Parent Relationship": "Outer",
                                                    "Parallel Aware": true,
                                                    "Join Type": "Inner",
                                                    "Startup Cost": 54372.02,
                                                    "Total Cost": 79780.29,
                                                    "Plan Rows": 63092,
                                                    "Plan Width": 8,
                                                    "Actual Startup Time": 423.349,
                                                    "Actual Total Time": 497.46,
                                                    "Actual Rows": 47194,
                                                    "Actual Loops": 4,
                                                    "Output": [
                                                        "t.id",
                                                        "mk.movie_id"
                                                    ],
                                                    "Inner Unique": true,
                                                    "Hash Cond": "(mk.movie_id = t.id)",
                                                    "Workers": [
                                                        {
                                                            "Worker Number": 0,
                                                            "Actual Startup Time": 418.525,
                                                            "Actual Total Time": 492.956,
                                                            "Actual Rows": 44663,
                                                            "Actual Loops": 1
                                                        },
                                                        {
                                                            "Worker Number": 1,
                                                            "Actual Startup Time": 418.471,
                                                            "Actual Total Time": 492.557,
                                                            "Actual Rows": 44865,
                                                            "Actual Loops": 1
                                                        },
                                                        {
                                                            "Worker Number": 2,
                                                            "Actual Startup Time": 418.639,
                                                            "Actual Total Time": 495.106,
                                                            "Actual Rows": 40359,
                                                            "Actual Loops": 1
                                                        }
                                                    ],
                                                    "Plans": [
                                                        {
                                                            "Node Type": "Bitmap Heap Scan",
                                                            "Parent Relationship": "Outer",
                                                            "Parallel Aware": true,
                                                            "Relation Name": "movie_keyword",
                                                            "Schema": "public",
                                                            "Alias": "mk",
                                                            "Startup Cost": 4152.22,
                                                            "Total Cost": 29394.87,
                                                            "Plan Rows": 63092,
                                                            "Plan Width": 4,
                                                            "Actual Startup Time": 26.845,
                                                            "Actual Total Time": 70.027,
                                                            "Actual Rows": 47194,
                                                            "Actual Loops": 4,
                                                            "Output": [
                                                                "mk.id",
                                                                "mk.movie_id",
                                                                "mk.keyword_id"
                                                            ],
                                                            "Recheck Cond": "(mk.keyword_id < 137)",
                                                            "Rows Removed by Index Recheck": 0,
                                                            "Exact Heap Blocks": 7551,
                                                            "Lossy Heap Blocks": 0,
                                                            "Workers": [
                                                                {
                                                                    "Worker Number": 0,
                                                                    "Actual Startup Time": 26.889,
                                                                    "Actual Total Time": 72.038,
                                                                    "Actual Rows": 44663,
                                                                    "Actual Loops": 1
                                                                },
                                                                {
                                                                    "Worker Number": 1,
                                                                    "Actual Startup Time": 26.83,
                                                                    "Actual Total Time": 71.779,
                                                                    "Actual Rows": 44865,
                                                                    "Actual Loops": 1
                                                                },
                                                                {
                                                                    "Worker Number": 2,
                                                                    "Actual Startup Time": 26.803,
                                                                    "Actual Total Time": 73.204,
                                                                    "Actual Rows": 40359,
                                                                    "Actual Loops": 1
                                                                }
                                                            ],
                                                            "Plans": [
                                                                {
                                                                    "Node Type": "Bitmap Index Scan",
                                                                    "Parent Relationship": "Outer",
                                                                    "Parallel Aware": false,
                                                                    "Index Name": "keyword_id_movie_keyword",
                                                                    "Startup Cost": 0.0,
                                                                    "Total Cost": 4103.32,
                                                                    "Plan Rows": 195585,
                                                                    "Plan Width": 0,
                                                                    "Actual Startup Time": 21.272,
                                                                    "Actual Total Time": 21.272,
                                                                    "Actual Rows": 188777,
                                                                    "Actual Loops": 1,
                                                                    "Index Cond": "(mk.keyword_id < 137)",
                                                                    "Workers": [
                                                                        {
                                                                            "Worker Number": 2,
                                                                            "Actual Startup Time": 21.272,
                                                                            "Actual Total Time": 21.272,
                                                                            "Actual Rows": 188777,
                                                                            "Actual Loops": 1
                                                                        }
                                                                    ]
                                                                }
                                                            ]
                                                        },
                                                        {
                                                            "Node Type": "Hash",
                                                            "Parent Relationship": "Inner",
                                                            "Parallel Aware": true,
                                                            "Startup Cost": 42318.81,
                                                            "Total Cost": 42318.81,
                                                            "Plan Rows": 632080,
                                                            "Plan Width": 4,
                                                            "Actual Startup Time": 386.762,
                                                            "Actual Total Time": 386.763,
                                                            "Actual Rows": 632078,
                                                            "Actual Loops": 4,
                                                            "Output": [
                                                                "t.id"
                                                            ],
                                                            "Hash Buckets": 4194304,
                                                            "Original Hash Buckets": 4194304,
                                                            "Hash Batches": 1,
                                                            "Original Hash Batches": 1,
                                                            "Peak Memory Usage": 131712,
                                                            "Workers": [
                                                                {
                                                                    "Worker Number": 0,
                                                                    "Actual Startup Time": 391.53,
                                                                    "Actual Total Time": 391.531,
                                                                    "Actual Rows": 622411,
                                                                    "Actual Loops": 1
                                                                },
                                                                {
                                                                    "Worker Number": 1,
                                                                    "Actual Startup Time": 391.522,
                                                                    "Actual Total Time": 391.523,
                                                                    "Actual Rows": 617530,
                                                                    "Actual Loops": 1
                                                                },
                                                                {
                                                                    "Worker Number": 2,
                                                                    "Actual Startup Time": 391.786,
                                                                    "Actual Total Time": 391.788,
                                                                    "Actual Rows": 563369,
                                                                    "Actual Loops": 1
                                                                }
                                                            ],
                                                            "Plans": [
                                                                {
                                                                    "Node Type": "Seq Scan",
                                                                    "Parent Relationship": "Outer",
                                                                    "Parallel Aware": true,
                                                                    "Relation Name": "title",
                                                                    "Schema": "public",
                                                                    "Alias": "t",
                                                                    "Startup Cost": 0.0,
                                                                    "Total Cost": 42318.81,
                                                                    "Plan Rows": 632080,
                                                                    "Plan Width": 4,
                                                                    "Actual Startup Time": 0.031,
                                                                    "Actual Total Time": 121.315,
                                                                    "Actual Rows": 632078,
                                                                    "Actual Loops": 4,
                                                                    "Output": [
                                                                        "t.id"
                                                                    ],
                                                                    "Workers": [
                                                                        {
                                                                            "Worker Number": 0,
                                                                            "Actual Startup Time": 0.036,
                                                                            "Actual Total Time": 127.326,
                                                                            "Actual Rows": 622411,
                                                                            "Actual Loops": 1
                                                                        },
                                                                        {
                                                                            "Worker Number": 1,
                                                                            "Actual Startup Time": 0.036,
                                                                            "Actual Total Time": 127.031,
                                                                            "Actual Rows": 617530,
                                                                            "Actual Loops": 1
                                                                        },
                                                                        {
                                                                            "Worker Number": 2,
                                                                            "Actual Startup Time": 0.037,
                                                                            "Actual Total Time": 123.725,
                                                                            "Actual Rows": 563369,
                                                                            "Actual Loops": 1
                                                                        }
                                                                    ]
                                                                }
                                                            ]
                                                        }
                                                    ]
                                                }
                                            ]
                                        }
                                    ]
                                }
                            ]
                        }
                    ]
                }
            ]
        },
        "Planning Time": 1087.53,
        "Triggers": [],
        "Execution Time": 818.547
    }
]