[
  {
    "Plan": {
      "Node Type": "Aggregate",
      "Strategy": "Plain",
      "Partial Mode": "Finalize",
      "Parallel Aware": false,
      "Startup Cost": 82094.84,
      "Total Cost": 82094.85,
      "Plan Rows": 1,
      "Plan Width": 8,
      "Actual Startup Time": 492.434,
      "Actual Total Time": 510.074,
      "Actual Rows": 1,
      "Actual Loops": 1,
      "Plans": [
        {
          "Node Type": "Gather",
          "Parent Relationship": "Outer",
          "Parallel Aware": false,
          "Startup Cost": 82094.52,
          "Total Cost": 82094.83,
          "Plan Rows": 3,
          "Plan Width": 8,
          "Actual Startup Time": 483.791,
          "Actual Total Time": 510.065,
          "Actual Rows": 4,
          "Actual Loops": 1,
          "Workers Planned": 3,
          "Workers Launched": 3,
          "Single Copy": false,
          "Plans": [
            {
              "Node Type": "Aggregate",
              "Strategy": "Plain",
              "Partial Mode": "Partial",
              "Parent Relationship": "Outer",
              "Parallel Aware": false,
              "Startup Cost": 81094.52,
              "Total Cost": 81094.53,
              "Plan Rows": 1,
              "Plan Width": 8,
              "Actual Startup Time": 469.156,
              "Actual Total Time": 469.16,
              "Actual Rows": 1,
              "Actual Loops": 4,
              "Plans": [
                {
                  "Node Type": "Hash Join",
                  "Parent Relationship": "Outer",
                  "Parallel Aware": true,
                  "Join Type": "Inner",
                  "Startup Cost": 48747.52,
                  "Total Cost": 80750.7,
                  "Plan Rows": 137529,
                  "Plan Width": 0,
                  "Actual Startup Time": 372.299,
                  "Actual Total Time": 464.969,
                  "Actual Rows": 80477,
                  "Actual Loops": 4,
                  "Inner Unique": true,
                  "Hash Cond": "(mc.movie_id = t.id)",
                  "Plans": [
                    {
                      "Node Type": "Seq Scan",
                      "Parent Relationship": "Outer",
                      "Parallel Aware": true,
                      "Relation Name": "movie_companies",
                      "Alias": "mc",
                      "Startup Cost": 0.0,
                      "Total Cost": 31414.82,
                      "Plan Rows": 224137,
                      "Plan Width": 4,
                      "Actual Startup Time": 38.116,
                      "Actual Total Time": 75.993,
                      "Actual Rows": 110996,
                      "Actual Loops": 4,
                      "Filter": "((company_id < 11778) AND (company_type_id = 2))",
                      "Rows Removed by Filter": 541287
                    },
                    {
                      "Node Type": "Hash",
                      "Parent Relationship": "Inner",
                      "Parallel Aware": true,
                      "Startup Cost": 43899.32,
                      "Total Cost": 43899.32,
                      "Plan Rows": 387856,
                      "Plan Width": 4,
                      "Actual Startup Time": 325.763,
                      "Actual Total Time": 325.765,
                      "Actual Rows": 387932,
                      "Actual Loops": 4,
                      "Hash Buckets": 2097152,
                      "Original Hash Buckets": 2097152,
                      "Hash Batches": 1,
                      "Original Hash Batches": 1,
                      "Peak Memory Usage": 77152,
                      "Plans": [
                        {
                          "Node Type": "Seq Scan",
                          "Parent Relationship": "Outer",
                          "Parallel Aware": true,
                          "Relation Name": "title",
                          "Alias": "t",
                          "Startup Cost": 0.0,
                          "Total Cost": 43899.32,
                          "Plan Rows": 387856,
                          "Plan Width": 4,
                          "Actual Startup Time": 0.05,
                          "Actual Total Time": 141.619,
                          "Actual Rows": 387932,
                          "Actual Loops": 4,
                          "Filter": "(production_year < 2007)",
                          "Rows Removed by Filter": 244146
                        }
                      ]
                    }
                  ]
                }
              ]
            }
          ]
        }
      ]
    },
    "Planning Time": 0.795,
    "Triggers": [],
    "Execution Time": 510.155
  }
]