[
  {
    "Plan": {
      "Node Type": "Aggregate",
      "Strategy": "Plain",
      "Partial Mode": "Finalize",
      "Parallel Aware": false,
      "Startup Cost": 81664.98,
      "Total Cost": 81664.99,
      "Plan Rows": 1,
      "Plan Width": 8,
      "Actual Startup Time": 333.803,
      "Actual Total Time": 347.542,
      "Actual Rows": 1,
      "Actual Loops": 1,
      "Plans": [
        {
          "Node Type": "Gather",
          "Parent Relationship": "Outer",
          "Parallel Aware": false,
          "Startup Cost": 81664.56,
          "Total Cost": 81664.97,
          "Plan Rows": 4,
          "Plan Width": 8,
          "Actual Startup Time": 330.717,
          "Actual Total Time": 347.531,
          "Actual Rows": 5,
          "Actual Loops": 1,
          "Workers Planned": 4,
          "Workers Launched": 4,
          "Single Copy": false,
          "Plans": [
            {
              "Node Type": "Aggregate",
              "Strategy": "Plain",
              "Partial Mode": "Partial",
              "Parent Relationship": "Outer",
              "Parallel Aware": false,
              "Startup Cost": 80664.56,
              "Total Cost": 80664.57,
              "Plan Rows": 1,
              "Plan Width": 8,
              "Actual Startup Time": 321.583,
              "Actual Total Time": 321.589,
              "Actual Rows": 1,
              "Actual Loops": 5,
              "Plans": [
                {
                  "Node Type": "Hash Join",
                  "Parent Relationship": "Outer",
                  "Parallel Aware": true,
                  "Join Type": "Inner",
                  "Startup Cost": 34224.31,
                  "Total Cost": 80398.39,
                  "Plan Rows": 106469,
                  "Plan Width": 0,
                  "Actual Startup Time": 123.584,
                  "Actual Total Time": 317.36,
                  "Actual Rows": 64382,
                  "Actual Loops": 5,
                  "Inner Unique": false,
                  "Hash Cond": "(t.id = mc.movie_id)",
                  "Plans": [
                    {
                      "Node Type": "Seq Scan",
                      "Parent Relationship": "Outer",
                      "Parallel Aware": true,
                      "Relation Name": "title",
                      "Alias": "t",
                      "Startup Cost": 0.0,
                      "Total Cost": 43898.92,
                      "Plan Rows": 386343,
                      "Plan Width": 4,
                      "Actual Startup Time": 0.022,
                      "Actual Total Time": 97.871,
                      "Actual Rows": 310345,
                      "Actual Loops": 5,
                      "Filter": "(production_year < 2007)",
                      "Rows Removed by Filter": 195317
                    },
                    {
                      "Node Type": "Hash",
                      "Parent Relationship": "Inner",
                      "Parallel Aware": true,
                      "Startup Cost": 31414.82,
                      "Total Cost": 31414.82,
                      "Plan Rows": 224759,
                      "Plan Width": 4,
                      "Actual Startup Time": 120.299,
                      "Actual Total Time": 120.3,
                      "Actual Rows": 88796,
                      "Actual Loops": 5,
                      "Hash Buckets": 1048576,
                      "Original Hash Buckets": 1048576,
                      "Hash Batches": 1,
                      "Original Hash Batches": 1,
                      "Peak Memory Usage": 25632,
                      "Plans": [
                        {
                          "Node Type": "Seq Scan",
                          "Parent Relationship": "Outer",
                          "Parallel Aware": true,
                          "Relation Name": "movie_companies",
                          "Alias": "mc",
                          "Startup Cost": 0.0,
                          "Total Cost": 31414.82,
                          "Plan Rows": 224759,
                          "Plan Width": 4,
                          "Actual Startup Time": 45.903,
                          "Actual Total Time": 82.856,
                          "Actual Rows": 88796,
                          "Actual Loops": 5,
                          "Filter": "((company_id < 11778) AND (company_type_id = 2))",
                          "Rows Removed by Filter": 433029
                        }
                      ]
                    }
                  ]
                }
              ]
            }
          ]
        }
      ]
    },
    "Planning Time": 0.435,
    "Triggers": [],
    "Execution Time": 347.598
  }
]