[
  {
    "Plan": {
      "Node Type": "Aggregate",
      "Strategy": "Plain",
      "Partial Mode": "Finalize",
      "Parallel Aware": false,
      "Startup Cost": 44901.93,
      "Total Cost": 44901.94,
      "Plan Rows": 1,
      "Plan Width": 8,
      "Actual Startup Time": 76.851,
      "Actual Total Time": 88.591,
      "Actual Rows": 1,
      "Actual Loops": 1,
      "Plans": [
        {
          "Node Type": "Gather",
          "Parent Relationship": "Outer",
          "Parallel Aware": false,
          "Startup Cost": 44901.51,
          "Total Cost": 44901.92,
          "Plan Rows": 4,
          "Plan Width": 8,
          "Actual Startup Time": 76.681,
          "Actual Total Time": 88.579,
          "Actual Rows": 5,
          "Actual Loops": 1,
          "Workers Planned": 4,
          "Workers Launched": 4,
          "Single Copy": false,
          "Plans": [
            {
              "Node Type": "Aggregate",
              "Strategy": "Plain",
              "Partial Mode": "Partial",
              "Parent Relationship": "Outer",
              "Parallel Aware": false,
              "Startup Cost": 43901.51,
              "Total Cost": 43901.52,
              "Plan Rows": 1,
              "Plan Width": 8,
              "Actual Startup Time": 71.855,
              "Actual Total Time": 71.856,
              "Actual Rows": 1,
              "Actual Loops": 5,
              "Plans": [
                {
                  "Node Type": "Seq Scan",
                  "Parent Relationship": "Outer",
                  "Parallel Aware": true,
                  "Relation Name": "title",
                  "Alias": "t",
                  "Startup Cost": 0.0,
                  "Total Cost": 43899.32,
                  "Plan Rows": 875,
                  "Plan Width": 0,
                  "Actual Startup Time": 0.361,
                  "Actual Total Time": 71.775,
                  "Actual Rows": 703,
                  "Actual Loops": 5,
                  "Filter": "(production_year > 2013)",
                  "Rows Removed by Filter": 504959
                }
              ]
            }
          ]
        }
      ]
    },
    "Planning Time": 0.068,
    "Triggers": [],
    "Execution Time": 88.618
  }
]