[
    {
        "Bao": {
            "Bao prediction": "NaN",
            "Bao recommended hint": "(no hint)"
        }
    },
    {
        "Plan": {
            "Node Type": "Aggregate",
            "Strategy": "Plain",
            "Partial Mode": "Finalize",
            "Parallel Aware": false,
            "Startup Cost": 263277.81,
            "Total Cost": 263277.82,
            "Plan Rows": 1,
            "Plan Width": 8,
            "Actual Startup Time": 624.805,
            "Actual Total Time": 637.954,
            "Actual Rows": 1,
            "Actual Loops": 1,
            "Output": [
                "count(*)"
            ],
            "Plans": [
                {
                    "Node Type": "Gather",
                    "Parent Relationship": "Outer",
                    "Parallel Aware": false,
                    "Startup Cost": 263277.5,
                    "Total Cost": 263277.81,
                    "Plan Rows": 3,
                    "Plan Width": 8,
                    "Actual Startup Time": 617.856,
                    "Actual Total Time": 637.944,
                    "Actual Rows": 4,
                    "Actual Loops": 1,
                    "Output": [
                        "(PARTIAL count(*))"
                    ],
                    "Workers Planned": 3,
                    "Workers Launched": 3,
                    "Single Copy": false,
                    "Plans": [
                        {
                            "Node Type": "Aggregate",
                            "Strategy": "Plain",
                            "Partial Mode": "Partial",
                            "Parent Relationship": "Outer",
                            "Parallel Aware": false,
                            "Startup Cost": 262277.5,
                            "Total Cost": 262277.51,
                            "Plan Rows": 1,
                            "Plan Width": 8,
                            "Actual Startup Time": 608.33,
                            "Actual Total Time": 608.741,
                            "Actual Rows": 1,
                            "Actual Loops": 4,
                            "Output": [
                                "PARTIAL count(*)"
                            ],
                            "Workers": [
                                {
                                    "Worker Number": 0,
                                    "Actual Startup Time": 605.809,
                                    "Actual Total Time": 605.814,
                                    "Actual Rows": 1,
                                    "Actual Loops": 1
                                },
                                {
                                    "Worker Number": 1,
                                    "Actual Startup Time": 605.007,
                                    "Actual Total Time": 605.012,
                                    "Actual Rows": 1,
                                    "Actual Loops": 1
                                },
                                {
                                    "Worker Number": 2,
                                    "Actual Startup Time": 605.001,
                                    "Actual Total Time": 605.006,
                                    "Actual Rows": 1,
                                    "Actual Loops": 1
                                }
                            ],
                            "Plans": [
                                {
                                    "Node Type": "Hash Join",
                                    "Parent Relationship": "Outer",
                                    "Parallel Aware": true,
                                    "Join Type": "Inner",
                                    "Startup Cost": 231090.66,
                                    "Total Cost": 262129.16,
                                    "Plan Rows": 59336,
                                    "Plan Width": 0,
                                    "Actual Startup Time": 453.428,
                                    "Actual Total Time": 587.184,
                                    "Actual Rows": 528744,
                                    "Actual Loops": 4,
                                    "Inner Unique": false,
                                    "Hash Cond": "(mc.movie_id = t.id)",
                                    "Workers": [
                                        {
                                            "Worker Number": 0,
                                            "Actual Startup Time": 450.215,
                                            "Actual Total Time": 584.812,
                                            "Actual Rows": 524901,
                                            "Actual Loops": 1
                                        },
                                        {
                                            "Worker Number": 1,
                                            "Actual Startup Time": 450.352,
                                            "Actual Total Time": 583.227,
                                            "Actual Rows": 511975,
                                            "Actual Loops": 1
                                        },
                                        {
                                            "Worker Number": 2,
                                            "Actual Startup Time": 450.334,
                                            "Actual Total Time": 583.35,
                                            "Actual Rows": 521949,
                                            "Actual Loops": 1
                                        }
                                    ],
                                    "Plans": [
                                        {
                                            "Node Type": "Seq Scan",
                                            "Parent Relationship": "Outer",
                                            "Parallel Aware": true,
                                            "Relation Name": "movie_companies",
                                            "Schema": "public",
                                            "Alias": "mc",
                                            "Startup Cost": 0.0,
                                            "Total Cost": 29310.68,
                                            "Plan Rows": 429104,
                                            "Plan Width": 4,
                                            "Actual Startup Time": 24.893,
                                            "Actual Total Time": 59.771,
                                            "Actual Rows": 333721,
                                            "Actual Loops": 4,
                                            "Output": [
                                                "mc.id",
                                                "mc.movie_id",
                                                "mc.company_id",
                                                "mc.company_type_id",
                                                "mc.note"
                                            ],
                                            "Filter": "(mc.company_type_id = 2)",
                                            "Rows Removed by Filter": 318562,
                                            "Workers": [
                                                {
                                                    "Worker Number": 0,
                                                    "Actual Startup Time": 24.906,
                                                    "Actual Total Time": 59.612,
                                                    "Actual Rows": 317290,
                                                    "Actual Loops": 1
                                                },
                                                {
                                                    "Worker Number": 1,
                                                    "Actual Startup Time": 24.922,
                                                    "Actual Total Time": 60.867,
                                                    "Actual Rows": 333071,
                                                    "Actual Loops": 1
                                                },
                                                {
                                                    "Worker Number": 2,
                                                    "Actual Startup Time": 24.844,
                                                    "Actual Total Time": 60.798,
                                                    "Actual Rows": 332216,
                                                    "Actual Loops": 1
                                                }
                                            ]
                                        },
                                        {
                                            "Node Type": "Hash",
                                            "Parent Relationship": "Inner",
                                            "Parallel Aware": true,
                                            "Startup Cost": 230216.63,
                                            "Total Cost": 230216.63,
                                            "Plan Rows": 69923,
                                            "Plan Width": 8,
                                            "Actual Startup Time": 426.351,
                                            "Actual Total Time": 426.761,
                                            "Actual Rows": 210170,
                                            "Actual Loops": 4,
                                            "Output": [
                                                "t.id",
                                                "mi.movie_id"
                                            ],
                                            "Hash Buckets": 1048576,
                                            "Original Hash Buckets": 524288,
                                            "Hash Batches": 1,
                                            "Original Hash Batches": 1,
                                            "Peak Memory Usage": 45248,
                                            "Workers": [
                                                {
                                                    "Worker Number": 0,
                                                    "Actual Startup Time": 424.853,
                                                    "Actual Total Time": 424.857,
                                                    "Actual Rows": 227121,
                                                    "Actual Loops": 1
                                                },
                                                {
                                                    "Worker Number": 1,
                                                    "Actual Startup Time": 424.937,
                                                    "Actual Total Time": 424.941,
                                                    "Actual Rows": 198326,
                                                    "Actual Loops": 1
                                                },
                                                {
                                                    "Worker Number": 2,
                                                    "Actual Startup Time": 424.807,
                                                    "Actual Total Time": 424.811,
                                                    "Actual Rows": 198297,
                                                    "Actual Loops": 1
                                                }
                                            ],
                                            "Plans": [
                                                {
                                                    "Node Type": "Hash Join",
                                                    "Parent Relationship": "Outer",
                                                    "Parallel Aware": true,
                                                    "Join Type": "Inner",
                                                    "Startup Cost": 65133.09,
                                                    "Total Cost": 230216.63,
                                                    "Plan Rows": 69923,
                                                    "Plan Width": 8,
                                                    "Actual Startup Time": 206.564,
                                                    "Actual Total Time": 358.967,
                                                    "Actual Rows": 210170,
                                                    "Actual Loops": 4,
                                                    "Output": [
                                                        "t.id",
                                                        "mi.movie_id"
                                                    ],
                                                    "Inner Unique": true,
                                                    "Hash Cond": "(mi.movie_id = t.id)",
                                                    "Workers": [
                                                        {
                                                            "Worker Number": 0,
                                                            "Actual Startup Time": 204.84,
                                                            "Actual Total Time": 358.057,
                                                            "Actual Rows": 227121,
                                                            "Actual Loops": 1
                                                        },
                                                        {
                                                            "Worker Number": 1,
                                                            "Actual Startup Time": 205.121,
                                                            "Actual Total Time": 357.655,
                                                            "Actual Rows": 198326,
                                                            "Actual Loops": 1
                                                        },
                                                        {
                                                            "Worker Number": 2,
                                                            "Actual Startup Time": 205.155,
                                                            "Actual Total Time": 358.171,
                                                            "Actual Rows": 198297,
                                                            "Actual Loops": 1
                                                        }
                                                    ],
                                                    "Plans": [
                                                        {
                                                            "Node Type": "Bitmap Heap Scan",
                                                            "Parent Relationship": "Outer",
                                                            "Parallel Aware": true,
                                                            "Relation Name": "movie_info",
                                                            "Schema": "public",
                                                            "Alias": "mi",
                                                            "Startup Cost": 18530.35,
                                                            "Total Cost": 183077.52,
                                                            "Plan Rows": 204333,
                                                            "Plan Width": 4,
                                                            "Actual Startup Time": 49.978,
                                                            "Actual Total Time": 113.813,
                                                            "Actual Rows": 256554,
                                                            "Actual Loops": 4,
                                                            "Output": [
                                                                "mi.id",
                                                                "mi.movie_id",
                                                                "mi.info_type_id",
                                                                "mi.info",
                                                                "mi.note"
                                                            ],
                                                            "Recheck Cond": "(mi.info_type_id > 84)",
                                                            "Rows Removed by Index Recheck": 0,
                                                            "Exact Heap Blocks": 9764,
                                                            "Lossy Heap Blocks": 0,
                                                            "Workers": [
                                                                {
                                                                    "Worker Number": 0,
                                                                    "Actual Startup Time": 49.799,
                                                                    "Actual Total Time": 119.857,
                                                                    "Actual Rows": 268955,
                                                                    "Actual Loops": 1
                                                                },
                                                                {
                                                                    "Worker Number": 1,
                                                                    "Actual Startup Time": 50.027,
                                                                    "Actual Total Time": 115.591,
                                                                    "Actual Rows": 243005,
                                                                    "Actual Loops": 1
                                                                },
                                                                {
                                                                    "Worker Number": 2,
                                                                    "Actual Startup Time": 50.022,
                                                                    "Actual Total Time": 115.685,
                                                                    "Actual Rows": 242947,
                                                                    "Actual Loops": 1
                                                                }
                                                            ],
                                                            "Plans": [
                                                                {
                                                                    "Node Type": "Bitmap Index Scan",
                                                                    "Parent Relationship": "Outer",
                                                                    "Parallel Aware": false,
                                                                    "Index Name": "info_type_id_movie_info",
                                                                    "Startup Cost": 0.0,
                                                                    "Total Cost": 18274.94,
                                                                    "Plan Rows": 1021667,
                                                                    "Plan Width": 0,
                                                                    "Actual Startup Time": 44.32,
                                                                    "Actual Total Time": 44.321,
                                                                    "Actual Rows": 1026216,
                                                                    "Actual Loops": 1,
                                                                    "Index Cond": "(mi.info_type_id > 84)",
                                                                    "Workers": [
                                                                        {
                                                                            "Worker Number": 0,
                                                                            "Actual Startup Time": 44.32,
                                                                            "Actual Total Time": 44.321,
                                                                            "Actual Rows": 1026216,
                                                                            "Actual Loops": 1
                                                                        }
                                                                    ]
                                                                }
                                                            ]
                                                        },
                                                        {
                                                            "Node Type": "Hash",
                                                            "Parent Relationship": "Inner",
                                                            "Parallel Aware": true,
                                                            "Startup Cost": 43899.01,
                                                            "Total Cost": 43899.01,
                                                            "Plan Rows": 216298,
                                                            "Plan Width": 4,
                                                            "Actual Startup Time": 154.541,
                                                            "Actual Total Time": 154.542,
                                                            "Actual Rows": 213554,
                                                            "Actual Loops": 4,
                                                            "Output": [
                                                                "t.id"
                                                            ],
                                                            "Hash Buckets": 1048576,
                                                            "Original Hash Buckets": 1048576,
                                                            "Hash Batches": 1,
                                                            "Original Hash Batches": 1,
                                                            "Peak Memory Usage": 41728,
                                                            "Workers": [
                                                                {
                                                                    "Worker Number": 0,
                                                                    "Actual Startup Time": 154.974,
                                                                    "Actual Total Time": 154.975,
                                                                    "Actual Rows": 188154,
                                                                    "Actual Loops": 1
                                                                },
                                                                {
                                                                    "Worker Number": 1,
                                                                    "Actual Startup Time": 154.946,
                                                                    "Actual Total Time": 154.947,
                                                                    "Actual Rows": 208751,
                                                                    "Actual Loops": 1
                                                                },
                                                                {
                                                                    "Worker Number": 2,
                                                                    "Actual Startup Time": 154.962,
                                                                    "Actual Total Time": 154.964,
                                                                    "Actual Rows": 208631,
                                                                    "Actual Loops": 1
                                                                }
                                                            ],
                                                            "Plans": [
                                                                {
                                                                    "Node Type": "Seq Scan",
                                                                    "Parent Relationship": "Outer",
                                                                    "Parallel Aware": true,
                                                                    "Relation Name": "title",
                                                                    "Schema": "public",
                                                                    "Alias": "t",
                                                                    "Startup Cost": 0.0,
                                                                    "Total Cost": 43899.01,
                                                                    "Plan Rows": 216298,
                                                                    "Plan Width": 4,
                                                                    "Actual Startup Time": 0.034,
                                                                    "Actual Total Time": 89.77,
                                                                    "Actual Rows": 213554,
                                                                    "Actual Loops": 4,
                                                                    "Output": [
                                                                        "t.id"
                                                                    ],
                                                                    "Filter": "(t.kind_id < 4)",
                                                                    "Rows Removed by Filter": 418524,
                                                                    "Workers": [
                                                                        {
                                                                            "Worker Number": 0,
                                                                            "Actual Startup Time": 0.053,
                                                                            "Actual Total Time": 88.42,
                                                                            "Actual Rows": 188154,
                                                                            "Actual Loops": 1
                                                                        },
                                                                        {
                                                                            "Worker Number": 1,
                                                                            "Actual Startup Time": 0.041,
                                                                            "Actual Total Time": 92.049,
                                                                            "Actual Rows": 208751,
                                                                            "Actual Loops": 1
                                                                        },
                                                                        {
                                                                            "Worker Number": 2,
                                                                            "Actual Startup Time": 0.028,
                                                                            "Actual Total Time": 92.166,
                                                                            "Actual Rows": 208631,
                                                                            "Actual Loops": 1
                                                                        }
                                                                    ]
                                                                }
                                                            ]
                                                        }
                                                    ]
                                                }
                                            ]
                                        }
                                    ]
                                }
                            ]
                        }
                    ]
                }
            ]
        },
        "Planning Time": 224.82,
        "Triggers": [],
        "Execution Time": 638.035
    }
]