[
  {
    "Plan": {
      "Node Type": "Aggregate",
      "Strategy": "Plain",
      "Partial Mode": "Finalize",
      "Parallel Aware": false,
      "Startup Cost": 31010.3,
      "Total Cost": 31010.31,
      "Plan Rows": 1,
      "Plan Width": 8,
      "Actual Startup Time": 92.257,
      "Actual Total Time": 97.937,
      "Actual Rows": 1,
      "Actual Loops": 1,
      "Plans": [
        {
          "Node Type": "Gather",
          "Parent Relationship": "Outer",
          "Parallel Aware": false,
          "Startup Cost": 31009.98,
          "Total Cost": 31010.29,
          "Plan Rows": 3,
          "Plan Width": 8,
          "Actual Startup Time": 92.033,
          "Actual Total Time": 97.928,
          "Actual Rows": 4,
          "Actual Loops": 1,
          "Workers Planned": 3,
          "Workers Launched": 3,
          "Single Copy": false,
          "Plans": [
            {
              "Node Type": "Aggregate",
              "Strategy": "Plain",
              "Partial Mode": "Partial",
              "Parent Relationship": "Outer",
              "Parallel Aware": false,
              "Startup Cost": 30009.98,
              "Total Cost": 30009.99,
              "Plan Rows": 1,
              "Plan Width": 8,
              "Actual Startup Time": 82.951,
              "Actual Total Time": 82.952,
              "Actual Rows": 1,
              "Actual Loops": 4,
              "Plans": [
                {
                  "Node Type": "Bitmap Heap Scan",
                  "Parent Relationship": "Outer",
                  "Parallel Aware": true,
                  "Relation Name": "movie_keyword",
                  "Alias": "mk",
                  "Startup Cost": 4524.51,
                  "Total Cost": 29838.07,
                  "Plan Rows": 68765,
                  "Plan Width": 0,
                  "Actual Startup Time": 28.249,
                  "Actual Total Time": 79.242,
                  "Actual Rows": 54204,
                  "Actual Loops": 4,
                  "Recheck Cond": "(keyword_id < 144)",
                  "Rows Removed by Index Recheck": 0,
                  "Exact Heap Blocks": 13624,
                  "Lossy Heap Blocks": 0,
                  "Plans": [
                    {
                      "Node Type": "Bitmap Index Scan",
                      "Parent Relationship": "Outer",
                      "Parallel Aware": false,
                      "Index Name": "keyword_id_movie_keyword",
                      "Startup Cost": 0.0,
                      "Total Cost": 4471.22,
                      "Plan Rows": 213171,
                      "Plan Width": 0,
                      "Actual Startup Time": 31.22,
                      "Actual Total Time": 31.221,
                      "Actual Rows": 216817,
                      "Actual Loops": 1,
                      "Index Cond": "(keyword_id < 144)"
                    }
                  ]
                }
              ]
            }
          ]
        }
      ]
    },
    "Planning Time": 0.191,
    "Triggers": [],
    "Execution Time": 98.015
  }
]