{
  "Plan": {
    "Node Type": "Aggregate",
    "Strategy": "Plain",
    "Partial Mode": "Finalize",
    "Parallel Aware": false,
    "Startup Cost": 142989.79,
    "Total Cost": 142989.8,
    "Plan Rows": 1,
    "Plan Width": 8,
    "Actual Startup Time": 903.169,
    "Actual Total Time": 930.873,
    "Actual Rows": 1,
    "Actual Loops": 1,
    "Plans": [
      {
        "Node Type": "Gather",
        "Parent Relationship": "Outer",
        "Parallel Aware": false,
        "Startup Cost": 142989.68,
        "Total Cost": 142989.79,
        "Plan Rows": 1,
        "Plan Width": 8,
        "Actual Startup Time": 902.27,
        "Actual Total Time": 930.865,
        "Actual Rows": 2,
        "Actual Loops": 1,
        "Workers Planned": 1,
        "Workers Launched": 1,
        "Single Copy": false,
        "Plans": [
          {
            "Node Type": "Aggregate",
            "Strategy": "Plain",
            "Partial Mode": "Partial",
            "Parent Relationship": "Outer",
            "Parallel Aware": false,
            "Startup Cost": 141989.68,
            "Total Cost": 141989.69,
            "Plan Rows": 1,
            "Plan Width": 8,
            "Actual Startup Time": 895.946,
            "Actual Total Time": 895.949,
            "Actual Rows": 1,
            "Actual Loops": 2,
            "Plans": [
              {
                "Node Type": "Merge Join",
                "Parent Relationship": "Outer",
                "Parallel Aware": false,
                "Join Type": "Inner",
                "Startup Cost": 37125.17,
                "Total Cost": 141831.03,
                "Plan Rows": 63459,
                "Plan Width": 0,
                "Actual Startup Time": 130.902,
                "Actual Total Time": 892.215,
                "Actual Rows": 60960,
                "Actual Loops": 2,
                "Inner Unique": false,
                "Merge Cond": "(t.id = mk.movie_id)",
                "Plans": [
                  {
                    "Node Type": "Index Only Scan",
                    "Parent Relationship": "Outer",
                    "Parallel Aware": true,
                    "Scan Direction": "Forward",
                    "Index Name": "title_pkey",
                    "Relation Name": "title",
                    "Alias": "t",
                    "Startup Cost": 0.43,
                    "Total Cost": 99929.35,
                    "Plan Rows": 1487231,
                    "Plan Width": 4,
                    "Actual Startup Time": 0.107,
                    "Actual Total Time": 664.381,
                    "Actual Rows": 1262894,
                    "Actual Loops": 2,
                    "Heap Fetches": 2525787
                  },
                  {
                    "Node Type": "Sort",
                    "Parent Relationship": "Inner",
                    "Parallel Aware": false,
                    "Startup Cost": 37113.38,
                    "Total Cost": 37383.08,
                    "Plan Rows": 107881,
                    "Plan Width": 4,
                    "Actual Startup Time": 130.666,
                    "Actual Total Time": 138.734,
                    "Actual Rows": 121921,
                    "Actual Loops": 2,
                    "Sort Key": [
                      "mk.movie_id"
                    ],
                    "Sort Method": "quicksort",
                    "Sort Space Used": 8788,
                    "Sort Space Type": "Memory",
                    "Workers": [
                      {
                        "Worker Number": 0,
                        "Sort Method": "quicksort",
                        "Sort Space Used": 8788,
                        "Sort Space Type": "Memory"
                      }
                    ],
                    "Plans": [
                      {
                        "Node Type": "Bitmap Heap Scan",
                        "Parent Relationship": "Outer",
                        "Parallel Aware": false,
                        "Relation Name": "movie_keyword",
                        "Alias": "mk",
                        "Startup Cost": 2292.51,
                        "Total Cost": 28095.02,
                        "Plan Rows": 107881,
                        "Plan Width": 4,
                        "Actual Startup Time": 28.179,
                        "Actual Total Time": 97.783,
                        "Actual Rows": 121921,
                        "Actual Loops": 2,
                        "Recheck Cond": "(keyword_id < 117)",
                        "Rows Removed by Index Recheck": 0,
                        "Exact Heap Blocks": 22702,
                        "Lossy Heap Blocks": 0,
                        "Plans": [
                          {
                            "Node Type": "Bitmap Index Scan",
                            "Parent Relationship": "Outer",
                            "Parallel Aware": false,
                            "Index Name": "keyword_id_movie_keyword",
                            "Startup Cost": 0.0,
                            "Total Cost": 2265.54,
                            "Plan Rows": 107881,
                            "Plan Width": 0,
                            "Actual Startup Time": 22.573,
                            "Actual Total Time": 22.574,
                            "Actual Rows": 121921,
                            "Actual Loops": 2,
                            "Index Cond": "(keyword_id < 117)"
                          }
                        ]
                      }
                    ]
                  }
                ]
              }
            ]
          }
        ]
      }
    ]
  },
  "Planning Time": 0.651,
  "Triggers": [],
  "Execution Time": 930.98
}