[
  {
    "Plan": {
      "Node Type": "Aggregate",
      "Strategy": "Plain",
      "Partial Mode": "Finalize",
      "Parallel Aware": false,
      "Startup Cost": 62902.43,
      "Total Cost": 62902.44,
      "Plan Rows": 1,
      "Plan Width": 8,
      "Actual Startup Time": 49.409,
      "Actual Total Time": 53.706,
      "Actual Rows": 1,
      "Actual Loops": 1,
      "Plans": [
        {
          "Node Type": "Gather",
          "Parent Relationship": "Outer",
          "Parallel Aware": false,
          "Startup Cost": 62902.11,
          "Total Cost": 62902.42,
          "Plan Rows": 3,
          "Plan Width": 8,
          "Actual Startup Time": 49.028,
          "Actual Total Time": 53.7,
          "Actual Rows": 4,
          "Actual Loops": 1,
          "Workers Planned": 3,
          "Workers Launched": 3,
          "Single Copy": false,
          "Plans": [
            {
              "Node Type": "Aggregate",
              "Strategy": "Plain",
              "Partial Mode": "Partial",
              "Parent Relationship": "Outer",
              "Parallel Aware": false,
              "Startup Cost": 61902.11,
              "Total Cost": 61902.12,
              "Plan Rows": 1,
              "Plan Width": 8,
              "Actual Startup Time": 41.419,
              "Actual Total Time": 41.42,
              "Actual Rows": 1,
              "Actual Loops": 4,
              "Plans": [
                {
                  "Node Type": "Nested Loop",
                  "Parent Relationship": "Outer",
                  "Parallel Aware": false,
                  "Join Type": "Inner",
                  "Startup Cost": 603.76,
                  "Total Cost": 61879.75,
                  "Plan Rows": 8945,
                  "Plan Width": 0,
                  "Actual Startup Time": 2.19,
                  "Actual Total Time": 40.652,
                  "Actual Rows": 6420,
                  "Actual Loops": 4,
                  "Inner Unique": true,
                  "Plans": [
                    {
                      "Node Type": "Bitmap Heap Scan",
                      "Parent Relationship": "Outer",
                      "Parallel Aware": true,
                      "Relation Name": "movie_companies",
                      "Alias": "mc",
                      "Startup Cost": 603.33,
                      "Total Cost": 20428.44,
                      "Plan Rows": 8945,
                      "Plan Width": 4,
                      "Actual Startup Time": 2.01,
                      "Actual Total Time": 5.725,
                      "Actual Rows": 6420,
                      "Actual Loops": 4,
                      "Recheck Cond": "(company_id > 211419)",
                      "Rows Removed by Index Recheck": 0,
                      "Exact Heap Blocks": 451,
                      "Lossy Heap Blocks": 0,
                      "Plans": [
                        {
                          "Node Type": "Bitmap Index Scan",
                          "Parent Relationship": "Outer",
                          "Parallel Aware": false,
                          "Index Name": "company_id_movie_companies",
                          "Startup Cost": 0.0,
                          "Total Cost": 596.4,
                          "Plan Rows": 27729,
                          "Plan Width": 0,
                          "Actual Startup Time": 7.16,
                          "Actual Total Time": 7.16,
                          "Actual Rows": 25678,
                          "Actual Loops": 1,
                          "Index Cond": "(company_id > 211419)"
                        }
                      ]
                    },
                    {
                      "Node Type": "Index Only Scan",
                      "Parent Relationship": "Inner",
                      "Parallel Aware": false,
                      "Scan Direction": "Forward",
                      "Index Name": "title_pkey",
                      "Relation Name": "title",
                      "Alias": "t",
                      "Startup Cost": 0.43,
                      "Total Cost": 4.63,
                      "Plan Rows": 1,
                      "Plan Width": 4,
                      "Actual Startup Time": 0.005,
                      "Actual Total Time": 0.005,
                      "Actual Rows": 1,
                      "Actual Loops": 25678,
                      "Index Cond": "(id = mc.movie_id)",
                      "Rows Removed by Index Recheck": 0,
                      "Heap Fetches": 25678
                    }
                  ]
                }
              ]
            }
          ]
        }
      ]
    },
    "Planning Time": 0.657,
    "Triggers": [],
    "Execution Time": 53.803
  }
]