{
  "Plan": {
    "Node Type": "Aggregate",
    "Strategy": "Plain",
    "Partial Mode": "Finalize",
    "Parallel Aware": false,
    "Startup Cost": 149628.02,
    "Total Cost": 149628.03,
    "Plan Rows": 1,
    "Plan Width": 8,
    "Actual Startup Time": 822.864,
    "Actual Total Time": 869.65,
    "Actual Rows": 1,
    "Actual Loops": 1,
    "Plans": [
      {
        "Node Type": "Gather",
        "Parent Relationship": "Outer",
        "Parallel Aware": false,
        "Startup Cost": 149627.91,
        "Total Cost": 149628.02,
        "Plan Rows": 1,
        "Plan Width": 8,
        "Actual Startup Time": 822.72,
        "Actual Total Time": 869.633,
        "Actual Rows": 2,
        "Actual Loops": 1,
        "Workers Planned": 1,
        "Workers Launched": 1,
        "Single Copy": false,
        "Plans": [
          {
            "Node Type": "Aggregate",
            "Strategy": "Plain",
            "Partial Mode": "Partial",
            "Parent Relationship": "Outer",
            "Parallel Aware": false,
            "Startup Cost": 148627.91,
            "Total Cost": 148627.92,
            "Plan Rows": 1,
            "Plan Width": 8,
            "Actual Startup Time": 816.716,
            "Actual Total Time": 816.719,
            "Actual Rows": 1,
            "Actual Loops": 2,
            "Plans": [
              {
                "Node Type": "Nested Loop",
                "Parent Relationship": "Outer",
                "Parallel Aware": false,
                "Join Type": "Inner",
                "Startup Cost": 54720.94,
                "Total Cost": 148404.36,
                "Plan Rows": 89419,
                "Plan Width": 0,
                "Actual Startup Time": 131.986,
                "Actual Total Time": 803.182,
                "Actual Rows": 298136,
                "Actual Loops": 2,
                "Inner Unique": false,
                "Join Filter": "(t.id = ci.movie_id)",
                "Rows Removed by Join Filter": 0,
                "Plans": [
                  {
                    "Node Type": "Hash Join",
                    "Parent Relationship": "Outer",
                    "Parallel Aware": true,
                    "Join Type": "Inner",
                    "Startup Cost": 54720.38,
                    "Total Cost": 112771.22,
                    "Plan Rows": 18894,
                    "Plan Width": 8,
                    "Actual Startup Time": 131.913,
                    "Actual Total Time": 427.643,
                    "Actual Rows": 19419,
                    "Actual Loops": 2,
                    "Inner Unique": true,
                    "Hash Cond": "(mk.movie_id = t.id)",
                    "Plans": [
                      {
                        "Node Type": "Seq Scan",
                        "Parent Relationship": "Outer",
                        "Parallel Aware": true,
                        "Relation Name": "movie_keyword",
                        "Alias": "mk",
                        "Startup Cost": 0.0,
                        "Total Cost": 51065.35,
                        "Plan Rows": 2661135,
                        "Plan Width": 4,
                        "Actual Startup Time": 0.013,
                        "Actual Total Time": 145.08,
                        "Actual Rows": 2261965,
                        "Actual Loops": 2
                      },
                      {
                        "Node Type": "Hash",
                        "Parent Relationship": "Inner",
                        "Parallel Aware": true,
                        "Startup Cost": 54588.39,
                        "Total Cost": 54588.39,
                        "Plan Rows": 10559,
                        "Plan Width": 4,
                        "Actual Startup Time": 130.604,
                        "Actual Total Time": 130.604,
                        "Actual Rows": 8286,
                        "Actual Loops": 2,
                        "Hash Buckets": 32768,
                        "Original Hash Buckets": 32768,
                        "Hash Batches": 1,
                        "Original Hash Batches": 1,
                        "Peak Memory Usage": 928,
                        "Plans": [
                          {
                            "Node Type": "Seq Scan",
                            "Parent Relationship": "Outer",
                            "Parallel Aware": true,
                            "Relation Name": "title",
                            "Alias": "t",
                            "Startup Cost": 0.0,
                            "Total Cost": 54588.39,
                            "Plan Rows": 10559,
                            "Plan Width": 4,
                            "Actual Startup Time": 0.122,
                            "Actual Total Time": 127.433,
                            "Actual Rows": 8286,
                            "Actual Loops": 2,
                            "Filter": "(production_year = 1984)",
                            "Rows Removed by Filter": 1255870
                          }
                        ]
                      }
                    ]
                  },
                  {
                    "Node Type": "Index Scan",
                    "Parent Relationship": "Inner",
                    "Parallel Aware": false,
                    "Scan Direction": "Forward",
                    "Index Name": "movie_id_cast_info",
                    "Relation Name": "cast_info",
                    "Alias": "ci",
                    "Startup Cost": 0.56,
                    "Total Cost": 1.74,
                    "Plan Rows": 12,
                    "Plan Width": 4,
                    "Actual Startup Time": 0.004,
                    "Actual Total Time": 0.018,
                    "Actual Rows": 15,
                    "Actual Loops": 38838,
                    "Index Cond": "(movie_id = mk.movie_id)",
                    "Rows Removed by Index Recheck": 0,
                    "Filter": "((person_id > 153241) AND (role_id < 2))",
                    "Rows Removed by Filter": 24
                  }
                ]
              }
            ]
          }
        ]
      }
    ]
  },
  "Planning Time": 1.012,
  "Triggers": [],
  "Execution Time": 869.747
}