{
  "Plan": {
    "Node Type": "Aggregate",
    "Strategy": "Plain",
    "Partial Mode": "Finalize",
    "Parallel Aware": false,
    "Startup Cost": 52443.97,
    "Total Cost": 52443.98,
    "Plan Rows": 1,
    "Plan Width": 8,
    "Actual Startup Time": 37.009,
    "Actual Total Time": 41.5,
    "Actual Rows": 1,
    "Actual Loops": 1,
    "Plans": [
      {
        "Node Type": "Gather",
        "Parent Relationship": "Outer",
        "Parallel Aware": false,
        "Startup Cost": 52443.85,
        "Total Cost": 52443.96,
        "Plan Rows": 1,
        "Plan Width": 8,
        "Actual Startup Time": 36.844,
        "Actual Total Time": 41.494,
        "Actual Rows": 2,
        "Actual Loops": 1,
        "Workers Planned": 1,
        "Workers Launched": 1,
        "Single Copy": false,
        "Plans": [
          {
            "Node Type": "Aggregate",
            "Strategy": "Plain",
            "Partial Mode": "Partial",
            "Parent Relationship": "Outer",
            "Parallel Aware": false,
            "Startup Cost": 51443.85,
            "Total Cost": 51443.86,
            "Plan Rows": 1,
            "Plan Width": 8,
            "Actual Startup Time": 30.839,
            "Actual Total Time": 30.841,
            "Actual Rows": 1,
            "Actual Loops": 2,
            "Plans": [
              {
                "Node Type": "Nested Loop",
                "Parent Relationship": "Outer",
                "Parallel Aware": false,
                "Join Type": "Inner",
                "Startup Cost": 126.33,
                "Total Cost": 51436.66,
                "Plan Rows": 2876,
                "Plan Width": 0,
                "Actual Startup Time": 1.929,
                "Actual Total Time": 30.249,
                "Actual Rows": 3284,
                "Actual Loops": 2,
                "Inner Unique": true,
                "Plans": [
                  {
                    "Node Type": "Bitmap Heap Scan",
                    "Parent Relationship": "Outer",
                    "Parallel Aware": true,
                    "Relation Name": "movie_info",
                    "Alias": "mi",
                    "Startup Cost": 125.9,
                    "Total Cost": 23061.51,
                    "Plan Rows": 4058,
                    "Plan Width": 4,
                    "Actual Startup Time": 1.779,
                    "Actual Total Time": 5.926,
                    "Actual Rows": 3284,
                    "Actual Loops": 2,
                    "Recheck Cond": "(info_type_id = 78)",
                    "Rows Removed by Index Recheck": 0,
                    "Exact Heap Blocks": 1095,
                    "Lossy Heap Blocks": 0,
                    "Plans": [
                      {
                        "Node Type": "Bitmap Index Scan",
                        "Parent Relationship": "Outer",
                        "Parallel Aware": false,
                        "Index Name": "info_type_id_movie_info",
                        "Startup Cost": 0.0,
                        "Total Cost": 124.18,
                        "Plan Rows": 6899,
                        "Plan Width": 0,
                        "Actual Startup Time": 2.716,
                        "Actual Total Time": 2.716,
                        "Actual Rows": 6569,
                        "Actual Loops": 1,
                        "Index Cond": "(info_type_id = 78)"
                      }
                    ]
                  },
                  {
                    "Node Type": "Index Scan",
                    "Parent Relationship": "Inner",
                    "Parallel Aware": false,
                    "Scan Direction": "Forward",
                    "Index Name": "title_pkey",
                    "Relation Name": "title",
                    "Alias": "t",
                    "Startup Cost": 0.43,
                    "Total Cost": 6.99,
                    "Plan Rows": 1,
                    "Plan Width": 4,
                    "Actual Startup Time": 0.007,
                    "Actual Total Time": 0.007,
                    "Actual Rows": 1,
                    "Actual Loops": 6569,
                    "Index Cond": "(id = mi.movie_id)",
                    "Rows Removed by Index Recheck": 0,
                    "Filter": "(production_year < 2009)",
                    "Rows Removed by Filter": 0
                  }
                ]
              }
            ]
          }
        ]
      }
    ]
  },
  "Planning Time": 0.609,
  "Triggers": [],
  "Execution Time": 41.584
}