[
  {
    "Plan": {
      "Node Type": "Aggregate",
      "Strategy": "Plain",
      "Partial Mode": "Finalize",
      "Parallel Aware": false,
      "Startup Cost": 364371.56,
      "Total Cost": 364371.57,
      "Plan Rows": 1,
      "Plan Width": 8,
      "Actual Startup Time": 724.129,
      "Actual Total Time": 741.909,
      "Actual Rows": 1,
      "Actual Loops": 1,
      "Plans": [
        {
          "Node Type": "Gather",
          "Parent Relationship": "Outer",
          "Parallel Aware": false,
          "Startup Cost": 364371.25,
          "Total Cost": 364371.56,
          "Plan Rows": 3,
          "Plan Width": 8,
          "Actual Startup Time": 720.056,
          "Actual Total Time": 741.899,
          "Actual Rows": 4,
          "Actual Loops": 1,
          "Workers Planned": 3,
          "Workers Launched": 3,
          "Single Copy": false,
          "Plans": [
            {
              "Node Type": "Aggregate",
              "Strategy": "Plain",
              "Partial Mode": "Partial",
              "Parent Relationship": "Outer",
              "Parallel Aware": false,
              "Startup Cost": 363371.25,
              "Total Cost": 363371.26,
              "Plan Rows": 1,
              "Plan Width": 8,
              "Actual Startup Time": 709.556,
              "Actual Total Time": 709.563,
              "Actual Rows": 1,
              "Actual Loops": 4,
              "Plans": [
                {
                  "Node Type": "Hash Join",
                  "Parent Relationship": "Outer",
                  "Parallel Aware": true,
                  "Join Type": "Inner",
                  "Startup Cost": 317667.89,
                  "Total Cost": 362779.48,
                  "Plan Rows": 236707,
                  "Plan Width": 0,
                  "Actual Startup Time": 413.505,
                  "Actual Total Time": 682.458,
                  "Actual Rows": 561539,
                  "Actual Loops": 4,
                  "Inner Unique": false,
                  "Hash Cond": "(mk.movie_id = t.id)",
                  "Plans": [
                    {
                      "Node Type": "Seq Scan",
                      "Parent Relationship": "Outer",
                      "Parallel Aware": true,
                      "Relation Name": "movie_keyword",
                      "Alias": "mk",
                      "Startup Cost": 0.0,
                      "Total Cost": 39047.32,
                      "Plan Rows": 1459332,
                      "Plan Width": 4,
                      "Actual Startup Time": 0.029,
                      "Actual Total Time": 102.262,
                      "Actual Rows": 1130982,
                      "Actual Loops": 4
                    },
                    {
                      "Node Type": "Hash",
                      "Parent Relationship": "Inner",
                      "Parallel Aware": true,
                      "Startup Cost": 316386.34,
                      "Total Cost": 316386.34,
                      "Plan Rows": 102524,
                      "Plan Width": 8,
                      "Actual Startup Time": 410.599,
                      "Actual Total Time": 410.604,
                      "Actual Rows": 103623,
                      "Actual Loops": 4,
                      "Hash Buckets": 524288,
                      "Original Hash Buckets": 524288,
                      "Hash Batches": 1,
                      "Original Hash Batches": 1,
                      "Peak Memory Usage": 20384,
                      "Plans": [
                        {
                          "Node Type": "Hash Join",
                          "Parent Relationship": "Outer",
                          "Parallel Aware": true,
                          "Join Type": "Inner",
                          "Startup Cost": 267817.92,
                          "Total Cost": 316386.34,
                          "Plan Rows": 102524,
                          "Plan Width": 8,
                          "Actual Startup Time": 132.892,
                          "Actual Total Time": 375.907,
                          "Actual Rows": 103623,
                          "Actual Loops": 4,
                          "Inner Unique": false,
                          "Hash Cond": "(t.id = ci.movie_id)",
                          "Plans": [
                            {
                              "Node Type": "Seq Scan",
                              "Parent Relationship": "Outer",
                              "Parallel Aware": true,
                              "Relation Name": "title",
                              "Alias": "t",
                              "Startup Cost": 0.0,
                              "Total Cost": 43898.92,
                              "Plan Rows": 449863,
                              "Plan Width": 4,
                              "Actual Startup Time": 0.016,
                              "Actual Total Time": 109.923,
                              "Actual Rows": 448346,
                              "Actual Loops": 4,
                              "Filter": "(production_year > 1988)",
                              "Rows Removed by Filter": 183732
                            },
                            {
                              "Node Type": "Hash",
                              "Parent Relationship": "Inner",
                              "Parallel Aware": true,
                              "Startup Cost": 266617.51,
                              "Total Cost": 266617.51,
                              "Plan Rows": 96033,
                              "Plan Width": 4,
                              "Actual Startup Time": 129.854,
                              "Actual Total Time": 129.856,
                              "Actual Rows": 141322,
                              "Actual Loops": 4,
                              "Hash Buckets": 1048576,
                              "Original Hash Buckets": 1048576,
                              "Hash Batches": 1,
                              "Original Hash Batches": 1,
                              "Peak Memory Usage": 30368,
                              "Plans": [
                                {
                                  "Node Type": "Bitmap Heap Scan",
                                  "Parent Relationship": "Outer",
                                  "Parallel Aware": true,
                                  "Relation Name": "cast_info",
                                  "Alias": "ci",
                                  "Startup Cost": 12730.1,
                                  "Total Cost": 266617.51,
                                  "Plan Rows": 96033,
                                  "Plan Width": 4,
                                  "Actual Startup Time": 31.871,
                                  "Actual Total Time": 68.906,
                                  "Actual Rows": 141322,
                                  "Actual Loops": 4,
                                  "Recheck Cond": "(person_id < 61103)",
                                  "Rows Removed by Index Recheck": 0,
                                  "Exact Heap Blocks": 1762,
                                  "Lossy Heap Blocks": 0,
                                  "Plans": [
                                    {
                                      "Node Type": "Bitmap Index Scan",
                                      "Parent Relationship": "Outer",
                                      "Parallel Aware": false,
                                      "Index Name": "person_id_cast_info",
                                      "Startup Cost": 0.0,
                                      "Total Cost": 12586.05,
                                      "Plan Rows": 576198,
                                      "Plan Width": 0,
                                      "Actual Startup Time": 30.526,
                                      "Actual Total Time": 30.527,
                                      "Actual Rows": 565289,
                                      "Actual Loops": 1,
                                      "Index Cond": "(person_id < 61103)"
                                    }
                                  ]
                                }
                              ]
                            }
                          ]
                        }
                      ]
                    }
                  ]
                }
              ]
            }
          ]
        }
      ]
    },
    "Planning Time": 1.355,
    "Triggers": [],
    "Execution Time": 742.019
  }
]