[
  {
    "Plan": {
      "Node Type": "Aggregate",
      "Strategy": "Plain",
      "Partial Mode": "Finalize",
      "Parallel Aware": false,
      "Startup Cost": 603462.8,
      "Total Cost": 603462.81,
      "Plan Rows": 1,
      "Plan Width": 8,
      "Actual Startup Time": 2011.847,
      "Actual Total Time": 2094.446,
      "Actual Rows": 1,
      "Actual Loops": 1,
      "Plans": [
        {
          "Node Type": "Gather",
          "Parent Relationship": "Outer",
          "Parallel Aware": false,
          "Startup Cost": 603462.17,
          "Total Cost": 603462.78,
          "Plan Rows": 6,
          "Plan Width": 8,
          "Actual Startup Time": 1992.66,
          "Actual Total Time": 2094.425,
          "Actual Rows": 7,
          "Actual Loops": 1,
          "Workers Planned": 6,
          "Workers Launched": 6,
          "Single Copy": false,
          "Plans": [
            {
              "Node Type": "Aggregate",
              "Strategy": "Plain",
              "Partial Mode": "Partial",
              "Parent Relationship": "Outer",
              "Parallel Aware": false,
              "Startup Cost": 602462.17,
              "Total Cost": 602462.18,
              "Plan Rows": 1,
              "Plan Width": 8,
              "Actual Startup Time": 1983.938,
              "Actual Total Time": 1984.751,
              "Actual Rows": 1,
              "Actual Loops": 7,
              "Plans": [
                {
                  "Node Type": "Hash Join",
                  "Parent Relationship": "Outer",
                  "Parallel Aware": true,
                  "Join Type": "Inner",
                  "Startup Cost": 251704.02,
                  "Total Cost": 600750.77,
                  "Plan Rows": 684561,
                  "Plan Width": 0,
                  "Actual Startup Time": 1322.742,
                  "Actual Total Time": 1946.396,
                  "Actual Rows": 775556,
                  "Actual Loops": 7,
                  "Inner Unique": false,
                  "Hash Cond": "(ci.movie_id = t.id)",
                  "Plans": [
                    {
                      "Node Type": "Seq Scan",
                      "Parent Relationship": "Outer",
                      "Parallel Aware": true,
                      "Relation Name": "cast_info",
                      "Alias": "ci",
                      "Startup Cost": 0.0,
                      "Total Cost": 343316.27,
                      "Plan Rows": 1163030,
                      "Plan Width": 4,
                      "Actual Startup Time": 348.528,
                      "Actual Total Time": 622.043,
                      "Actual Rows": 499225,
                      "Actual Loops": 7,
                      "Filter": "((person_id > 2796859) AND (role_id < 6))",
                      "Rows Removed by Filter": 4678538
                    },
                    {
                      "Node Type": "Hash",
                      "Parent Relationship": "Inner",
                      "Parallel Aware": true,
                      "Startup Cost": 247983.43,
                      "Total Cost": 247983.43,
                      "Plan Rows": 297647,
                      "Plan Width": 8,
                      "Actual Startup Time": 971.174,
                      "Actual Total Time": 971.983,
                      "Actual Rows": 448316,
                      "Actual Loops": 7,
                      "Hash Buckets": 4194304,
                      "Original Hash Buckets": 2097152,
                      "Hash Batches": 1,
                      "Original Hash Batches": 1,
                      "Peak Memory Usage": 172032,
                      "Plans": [
                        {
                          "Node Type": "Hash Join",
                          "Parent Relationship": "Outer",
                          "Parallel Aware": true,
                          "Join Type": "Inner",
                          "Startup Cost": 46259.45,
                          "Total Cost": 247983.43,
                          "Plan Rows": 297647,
                          "Plan Width": 8,
                          "Actual Startup Time": 131.376,
                          "Actual Total Time": 700.178,
                          "Actual Rows": 448316,
                          "Actual Loops": 7,
                          "Inner Unique": true,
                          "Hash Cond": "(mi.movie_id = t.id)",
                          "Plans": [
                            {
                              "Node Type": "Seq Scan",
                              "Parent Relationship": "Outer",
                              "Parallel Aware": true,
                              "Relation Name": "movie_info",
                              "Alias": "mi",
                              "Startup Cost": 0.0,
                              "Total Cost": 199108.24,
                              "Plan Rows": 996473,
                              "Plan Width": 4,
                              "Actual Startup Time": 0.035,
                              "Actual Total Time": 339.979,
                              "Actual Rows": 703424,
                              "Actual Loops": 7,
                              "Filter": "(info_type_id < 5)",
                              "Rows Removed by Filter": 1415965
                            },
                            {
                              "Node Type": "Hash",
                              "Parent Relationship": "Inner",
                              "Parallel Aware": true,
                              "Startup Cost": 43899.32,
                              "Total Cost": 43899.32,
                              "Plan Rows": 188810,
                              "Plan Width": 4,
                              "Actual Startup Time": 128.683,
                              "Actual Total Time": 128.684,
                              "Actual Rows": 107668,
                              "Actual Loops": 7,
                              "Hash Buckets": 1048576,
                              "Original Hash Buckets": 1048576,
                              "Hash Batches": 1,
                              "Original Hash Batches": 1,
                              "Peak Memory Usage": 37856,
                              "Plans": [
                                {
                                  "Node Type": "Seq Scan",
                                  "Parent Relationship": "Outer",
                                  "Parallel Aware": true,
                                  "Relation Name": "title",
                                  "Alias": "t",
                                  "Startup Cost": 0.0,
                                  "Total Cost": 43899.32,
                                  "Plan Rows": 188810,
                                  "Plan Width": 4,
                                  "Actual Startup Time": 0.043,
                                  "Actual Total Time": 75.95,
                                  "Actual Rows": 107668,
                                  "Actual Loops": 7,
                                  "Filter": "(kind_id < 3)",
                                  "Rows Removed by Filter": 253519
                                }
                              ]
                            }
                          ]
                        }
                      ]
                    }
                  ]
                }
              ]
            }
          ]
        }
      ]
    },
    "Planning Time": 0.432,
    "Triggers": [],
    "Execution Time": 2094.503
  }
]