[
  {
    "Plan": {
      "Node Type": "Aggregate",
      "Strategy": "Plain",
      "Partial Mode": "Finalize",
      "Parallel Aware": false,
      "Startup Cost": 252560.55,
      "Total Cost": 252560.56,
      "Plan Rows": 1,
      "Plan Width": 8,
      "Actual Startup Time": 927.291,
      "Actual Total Time": 947.326,
      "Actual Rows": 1,
      "Actual Loops": 1,
      "Plans": [
        {
          "Node Type": "Gather",
          "Parent Relationship": "Outer",
          "Parallel Aware": false,
          "Startup Cost": 252559.92,
          "Total Cost": 252560.53,
          "Plan Rows": 6,
          "Plan Width": 8,
          "Actual Startup Time": 906.421,
          "Actual Total Time": 947.314,
          "Actual Rows": 7,
          "Actual Loops": 1,
          "Workers Planned": 6,
          "Workers Launched": 6,
          "Single Copy": false,
          "Plans": [
            {
              "Node Type": "Aggregate",
              "Strategy": "Plain",
              "Partial Mode": "Partial",
              "Parent Relationship": "Outer",
              "Parallel Aware": false,
              "Startup Cost": 251559.92,
              "Total Cost": 251559.93,
              "Plan Rows": 1,
              "Plan Width": 8,
              "Actual Startup Time": 895.536,
              "Actual Total Time": 895.539,
              "Actual Rows": 1,
              "Actual Loops": 7,
              "Plans": [
                {
                  "Node Type": "Hash Join",
                  "Parent Relationship": "Outer",
                  "Parallel Aware": true,
                  "Join Type": "Inner",
                  "Startup Cost": 49727.72,
                  "Total Cost": 249927.9,
                  "Plan Rows": 652808,
                  "Plan Width": 0,
                  "Actual Startup Time": 197.683,
                  "Actual Total Time": 857.854,
                  "Actual Rows": 801397,
                  "Actual Loops": 7,
                  "Inner Unique": true,
                  "Hash Cond": "(ci.movie_id = t.id)",
                  "Plans": [
                    {
                      "Node Type": "Index Scan",
                      "Parent Relationship": "Outer",
                      "Parallel Aware": true,
                      "Scan Direction": "Forward",
                      "Index Name": "role_id_cast_info",
                      "Relation Name": "cast_info",
                      "Alias": "ci",
                      "Startup Cost": 0.56,
                      "Total Cost": 197877.72,
                      "Plan Rows": 884963,
                      "Plan Width": 4,
                      "Actual Startup Time": 0.177,
                      "Actual Total Time": 237.357,
                      "Actual Rows": 1064328,
                      "Actual Loops": 7,
                      "Index Cond": "(role_id = 2)",
                      "Rows Removed by Index Recheck": 0,
                      "Filter": "(person_id > 999538)",
                      "Rows Removed by Filter": 240
                    },
                    {
                      "Node Type": "Hash",
                      "Parent Relationship": "Inner",
                      "Parallel Aware": true,
                      "Startup Cost": 43898.92,
                      "Total Cost": 43898.92,
                      "Plan Rows": 466259,
                      "Plan Width": 4,
                      "Actual Startup Time": 193.97,
                      "Actual Total Time": 193.971,
                      "Actual Rows": 266498,
                      "Actual Loops": 7,
                      "Hash Buckets": 2097152,
                      "Original Hash Buckets": 2097152,
                      "Hash Batches": 1,
                      "Original Hash Batches": 1,
                      "Peak Memory Usage": 89504,
                      "Plans": [
                        {
                          "Node Type": "Seq Scan",
                          "Parent Relationship": "Outer",
                          "Parallel Aware": true,
                          "Relation Name": "title",
                          "Alias": "t",
                          "Startup Cost": 0.0,
                          "Total Cost": 43898.92,
                          "Plan Rows": 466259,
                          "Plan Width": 4,
                          "Actual Startup Time": 0.037,
                          "Actual Total Time": 81.152,
                          "Actual Rows": 266498,
                          "Actual Loops": 7,
                          "Filter": "(kind_id > 1)",
                          "Rows Removed by Filter": 94689
                        }
                      ]
                    }
                  ]
                }
              ]
            }
          ]
        }
      ]
    },
    "Planning Time": 0.385,
    "Triggers": [],
    "Execution Time": 947.384
  }
]