[
  {
    "Plan": {
      "Node Type": "Aggregate",
      "Strategy": "Plain",
      "Partial Mode": "Finalize",
      "Parallel Aware": false,
      "Startup Cost": 22188.42,
      "Total Cost": 22188.43,
      "Plan Rows": 1,
      "Plan Width": 8,
      "Actual Startup Time": 104.696,
      "Actual Total Time": 125.248,
      "Actual Rows": 1,
      "Actual Loops": 1,
      "Plans": [
        {
          "Node Type": "Gather",
          "Parent Relationship": "Outer",
          "Parallel Aware": false,
          "Startup Cost": 22188.21,
          "Total Cost": 22188.42,
          "Plan Rows": 2,
          "Plan Width": 8,
          "Actual Startup Time": 103.506,
          "Actual Total Time": 125.232,
          "Actual Rows": 3,
          "Actual Loops": 1,
          "Workers Planned": 2,
          "Workers Launched": 2,
          "Single Copy": false,
          "Plans": [
            {
              "Node Type": "Aggregate",
              "Strategy": "Plain",
              "Partial Mode": "Partial",
              "Parent Relationship": "Outer",
              "Parallel Aware": false,
              "Startup Cost": 21188.21,
              "Total Cost": 21188.22,
              "Plan Rows": 1,
              "Plan Width": 8,
              "Actual Startup Time": 94.421,
              "Actual Total Time": 94.425,
              "Actual Rows": 1,
              "Actual Loops": 3,
              "Plans": [
                {
                  "Node Type": "Nested Loop",
                  "Parent Relationship": "Outer",
                  "Parallel Aware": false,
                  "Join Type": "Inner",
                  "Startup Cost": 117.2,
                  "Total Cost": 21186.16,
                  "Plan Rows": 820,
                  "Plan Width": 0,
                  "Actual Startup Time": 4.382,
                  "Actual Total Time": 93.995,
                  "Actual Rows": 3739,
                  "Actual Loops": 3,
                  "Inner Unique": false,
                  "Plans": [
                    {
                      "Node Type": "Nested Loop",
                      "Parent Relationship": "Outer",
                      "Parallel Aware": false,
                      "Join Type": "Inner",
                      "Startup Cost": 116.64,
                      "Total Cost": 20050.61,
                      "Plan Rows": 357,
                      "Plan Width": 8,
                      "Actual Startup Time": 3.864,
                      "Actual Total Time": 20.398,
                      "Actual Rows": 469,
                      "Actual Loops": 3,
                      "Inner Unique": true,
                      "Plans": [
                        {
                          "Node Type": "Bitmap Heap Scan",
                          "Parent Relationship": "Outer",
                          "Parallel Aware": true,
                          "Relation Name": "movie_companies",
                          "Alias": "mc",
                          "Startup Cost": 116.21,
                          "Total Cost": 11688.84,
                          "Plan Rows": 1070,
                          "Plan Width": 4,
                          "Actual Startup Time": 1.336,
                          "Actual Total Time": 3.979,
                          "Actual Rows": 1719,
                          "Actual Loops": 3,
                          "Recheck Cond": "(company_id = 49)",
                          "Rows Removed by Index Recheck": 0,
                          "Filter": "(company_type_id = 1)",
                          "Rows Removed by Filter": 3,
                          "Exact Heap Blocks": 685,
                          "Lossy Heap Blocks": 0,
                          "Plans": [
                            {
                              "Node Type": "Bitmap Index Scan",
                              "Parent Relationship": "Outer",
                              "Parallel Aware": false,
                              "Index Name": "company_id_movie_companies",
                              "Startup Cost": 0.0,
                              "Total Cost": 115.56,
                              "Plan Rows": 5218,
                              "Plan Width": 0,
                              "Actual Startup Time": 3.252,
                              "Actual Total Time": 3.253,
                              "Actual Rows": 5166,
                              "Actual Loops": 1,
                              "Index Cond": "(company_id = 49)"
                            }
                          ]
                        },
                        {
                          "Node Type": "Index Scan",
                          "Parent Relationship": "Inner",
                          "Parallel Aware": false,
                          "Scan Direction": "Forward",
                          "Index Name": "title_pkey",
                          "Relation Name": "title",
                          "Alias": "t",
                          "Startup Cost": 0.43,
                          "Total Cost": 7.81,
                          "Plan Rows": 1,
                          "Plan Width": 4,
                          "Actual Startup Time": 0.009,
                          "Actual Total Time": 0.009,
                          "Actual Rows": 0,
                          "Actual Loops": 5156,
                          "Index Cond": "(id = mc.movie_id)",
                          "Rows Removed by Index Recheck": 0,
                          "Filter": "(production_year < 1996)",
                          "Rows Removed by Filter": 1
                        }
                      ]
                    },
                    {
                      "Node Type": "Index Scan",
                      "Parent Relationship": "Inner",
                      "Parallel Aware": false,
                      "Scan Direction": "Forward",
                      "Index Name": "movie_id_cast_info",
                      "Relation Name": "cast_info",
                      "Alias": "ci",
                      "Startup Cost": 0.56,
                      "Total Cost": 3.12,
                      "Plan Rows": 6,
                      "Plan Width": 4,
                      "Actual Startup Time": 0.117,
                      "Actual Total Time": 0.155,
                      "Actual Rows": 8,
                      "Actual Loops": 1406,
                      "Index Cond": "(movie_id = t.id)",
                      "Rows Removed by Index Recheck": 0,
                      "Filter": "(person_id > 3089199)",
                      "Rows Removed by Filter": 38
                    }
                  ]
                }
              ]
            }
          ]
        }
      ]
    },
    "Planning Time": 1.525,
    "Triggers": [],
    "Execution Time": 125.377
  }
]