[
  {
    "Plan": {
      "Node Type": "Aggregate",
      "Strategy": "Plain",
      "Partial Mode": "Finalize",
      "Parallel Aware": false,
      "Startup Cost": 30642.47,
      "Total Cost": 30642.48,
      "Plan Rows": 1,
      "Plan Width": 8,
      "Actual Startup Time": 80.853,
      "Actual Total Time": 89.322,
      "Actual Rows": 1,
      "Actual Loops": 1,
      "Plans": [
        {
          "Node Type": "Gather",
          "Parent Relationship": "Outer",
          "Parallel Aware": false,
          "Startup Cost": 30642.15,
          "Total Cost": 30642.46,
          "Plan Rows": 3,
          "Plan Width": 8,
          "Actual Startup Time": 80.727,
          "Actual Total Time": 89.308,
          "Actual Rows": 4,
          "Actual Loops": 1,
          "Workers Planned": 3,
          "Workers Launched": 3,
          "Single Copy": false,
          "Plans": [
            {
              "Node Type": "Aggregate",
              "Strategy": "Plain",
              "Partial Mode": "Partial",
              "Parent Relationship": "Outer",
              "Parallel Aware": false,
              "Startup Cost": 29642.15,
              "Total Cost": 29642.16,
              "Plan Rows": 1,
              "Plan Width": 8,
              "Actual Startup Time": 77.071,
              "Actual Total Time": 77.073,
              "Actual Rows": 1,
              "Actual Loops": 4,
              "Plans": [
                {
                  "Node Type": "Seq Scan",
                  "Parent Relationship": "Outer",
                  "Parallel Aware": true,
                  "Relation Name": "movie_companies",
                  "Alias": "mc",
                  "Startup Cost": 0.0,
                  "Total Cost": 29310.68,
                  "Plan Rows": 132588,
                  "Plan Width": 0,
                  "Actual Startup Time": 43.428,
                  "Actual Total Time": 71.983,
                  "Actual Rows": 101932,
                  "Actual Loops": 4,
                  "Filter": "(company_id > 81283)",
                  "Rows Removed by Filter": 550350
                }
              ]
            }
          ]
        }
      ]
    },
    "Planning Time": 0.2,
    "Triggers": [],
    "Execution Time": 89.381
  }
]