[
  {
    "Plan": {
      "Node Type": "Aggregate",
      "Strategy": "Plain",
      "Partial Mode": "Finalize",
      "Parallel Aware": false,
      "Startup Cost": 30500.37,
      "Total Cost": 30500.38,
      "Plan Rows": 1,
      "Plan Width": 8,
      "Actual Startup Time": 86.883,
      "Actual Total Time": 91.08,
      "Actual Rows": 1,
      "Actual Loops": 1,
      "Plans": [
        {
          "Node Type": "Gather",
          "Parent Relationship": "Outer",
          "Parallel Aware": false,
          "Startup Cost": 30500.05,
          "Total Cost": 30500.36,
          "Plan Rows": 3,
          "Plan Width": 8,
          "Actual Startup Time": 86.695,
          "Actual Total Time": 91.068,
          "Actual Rows": 4,
          "Actual Loops": 1,
          "Workers Planned": 3,
          "Workers Launched": 3,
          "Single Copy": false,
          "Plans": [
            {
              "Node Type": "Aggregate",
              "Strategy": "Plain",
              "Partial Mode": "Partial",
              "Parent Relationship": "Outer",
              "Parallel Aware": false,
              "Startup Cost": 29500.05,
              "Total Cost": 29500.06,
              "Plan Rows": 1,
              "Plan Width": 8,
              "Actual Startup Time": 80.182,
              "Actual Total Time": 80.183,
              "Actual Rows": 1,
              "Actual Loops": 4,
              "Plans": [
                {
                  "Node Type": "Bitmap Heap Scan",
                  "Parent Relationship": "Outer",
                  "Parallel Aware": true,
                  "Relation Name": "movie_companies",
                  "Alias": "mc",
                  "Startup Cost": 8755.3,
                  "Total Cost": 29174.26,
                  "Plan Rows": 130317,
                  "Plan Width": 0,
                  "Actual Startup Time": 36.655,
                  "Actual Total Time": 73.379,
                  "Actual Rows": 101932,
                  "Actual Loops": 4,
                  "Recheck Cond": "(company_id > 81283)",
                  "Rows Removed by Index Recheck": 0,
                  "Exact Heap Blocks": 3504,
                  "Lossy Heap Blocks": 0,
                  "Plans": [
                    {
                      "Node Type": "Bitmap Index Scan",
                      "Parent Relationship": "Outer",
                      "Parallel Aware": false,
                      "Index Name": "company_id_movie_companies",
                      "Startup Cost": 0.0,
                      "Total Cost": 8654.3,
                      "Plan Rows": 403983,
                      "Plan Width": 0,
                      "Actual Startup Time": 41.305,
                      "Actual Total Time": 41.306,
                      "Actual Rows": 407730,
                      "Actual Loops": 1,
                      "Index Cond": "(company_id > 81283)"
                    }
                  ]
                }
              ]
            }
          ]
        }
      ]
    },
    "Planning Time": 0.192,
    "Triggers": [],
    "Execution Time": 91.155
  }
]