{
  "Plan": {
    "Node Type": "Aggregate",
    "Strategy": "Plain",
    "Partial Mode": "Finalize",
    "Parallel Aware": false,
    "Startup Cost": 162114.45,
    "Total Cost": 162114.46,
    "Plan Rows": 1,
    "Plan Width": 8,
    "Actual Startup Time": 576.186,
    "Actual Total Time": 593.558,
    "Actual Rows": 1,
    "Actual Loops": 1,
    "Plans": [
      {
        "Node Type": "Gather",
        "Parent Relationship": "Outer",
        "Parallel Aware": false,
        "Startup Cost": 162114.34,
        "Total Cost": 162114.45,
        "Plan Rows": 1,
        "Plan Width": 8,
        "Actual Startup Time": 575.837,
        "Actual Total Time": 593.55,
        "Actual Rows": 2,
        "Actual Loops": 1,
        "Workers Planned": 1,
        "Workers Launched": 1,
        "Single Copy": false,
        "Plans": [
          {
            "Node Type": "Aggregate",
            "Strategy": "Plain",
            "Partial Mode": "Partial",
            "Parent Relationship": "Outer",
            "Parallel Aware": false,
            "Startup Cost": 161114.34,
            "Total Cost": 161114.35,
            "Plan Rows": 1,
            "Plan Width": 8,
            "Actual Startup Time": 570.076,
            "Actual Total Time": 570.082,
            "Actual Rows": 1,
            "Actual Loops": 2,
            "Plans": [
              {
                "Node Type": "Hash Join",
                "Parent Relationship": "Outer",
                "Parallel Aware": true,
                "Join Type": "Inner",
                "Startup Cost": 117779.75,
                "Total Cost": 161106.51,
                "Plan Rows": 3130,
                "Plan Width": 0,
                "Actual Startup Time": 498.43,
                "Actual Total Time": 569.848,
                "Actual Rows": 5199,
                "Actual Loops": 2,
                "Inner Unique": false,
                "Hash Cond": "(mc.movie_id = t.id)",
                "Plans": [
                  {
                    "Node Type": "Seq Scan",
                    "Parent Relationship": "Outer",
                    "Parallel Aware": true,
                    "Relation Name": "movie_companies",
                    "Alias": "mc",
                    "Startup Cost": 0.0,
                    "Total Cost": 41811.73,
                    "Plan Rows": 399101,
                    "Plan Width": 4,
                    "Actual Startup Time": 52.066,
                    "Actual Total Time": 106.499,
                    "Actual Rows": 218262,
                    "Actual Loops": 2,
                    "Filter": "((company_id < 11420) AND (company_type_id > 1))",
                    "Rows Removed by Filter": 1086302
                  },
                  {
                    "Node Type": "Hash",
                    "Parent Relationship": "Inner",
                    "Parallel Aware": true,
                    "Startup Cost": 117633.96,
                    "Total Cost": 117633.96,
                    "Plan Rows": 11663,
                    "Plan Width": 8,
                    "Actual Startup Time": 444.781,
                    "Actual Total Time": 444.786,
                    "Actual Rows": 13442,
                    "Actual Loops": 2,
                    "Hash Buckets": 32768,
                    "Original Hash Buckets": 32768,
                    "Hash Batches": 1,
                    "Original Hash Batches": 1,
                    "Peak Memory Usage": 1344,
                    "Plans": [
                      {
                        "Node Type": "Hash Join",
                        "Parent Relationship": "Outer",
                        "Parallel Aware": true,
                        "Join Type": "Inner",
                        "Startup Cost": 54697.45,
                        "Total Cost": 117633.96,
                        "Plan Rows": 11663,
                        "Plan Width": 8,
                        "Actual Startup Time": 141.569,
                        "Actual Total Time": 441.847,
                        "Actual Rows": 13442,
                        "Actual Loops": 2,
                        "Inner Unique": true,
                        "Hash Cond": "(mk.movie_id = t.id)",
                        "Plans": [
                          {
                            "Node Type": "Seq Scan",
                            "Parent Relationship": "Outer",
                            "Parallel Aware": true,
                            "Relation Name": "movie_keyword",
                            "Alias": "mk",
                            "Startup Cost": 0.0,
                            "Total Cost": 57718.19,
                            "Plan Rows": 1987925,
                            "Plan Width": 4,
                            "Actual Startup Time": 0.014,
                            "Actual Total Time": 196.172,
                            "Actual Rows": 1688622,
                            "Actual Loops": 2,
                            "Filter": "(keyword_id < 16264)",
                            "Rows Removed by Filter": 573342
                          },
                          {
                            "Node Type": "Hash",
                            "Parent Relationship": "Inner",
                            "Parallel Aware": true,
                            "Startup Cost": 54588.39,
                            "Total Cost": 54588.39,
                            "Plan Rows": 8725,
                            "Plan Width": 4,
                            "Actual Startup Time": 140.936,
                            "Actual Total Time": 140.938,
                            "Actual Rows": 7385,
                            "Actual Loops": 2,
                            "Hash Buckets": 16384,
                            "Original Hash Buckets": 16384,
                            "Hash Batches": 1,
                            "Original Hash Batches": 1,
                            "Peak Memory Usage": 736,
                            "Plans": [
                              {
                                "Node Type": "Seq Scan",
                                "Parent Relationship": "Outer",
                                "Parallel Aware": true,
                                "Relation Name": "title",
                                "Alias": "t",
                                "Startup Cost": 0.0,
                                "Total Cost": 54588.39,
                                "Plan Rows": 8725,
                                "Plan Width": 4,
                                "Actual Startup Time": 0.043,
                                "Actual Total Time": 137.62,
                                "Actual Rows": 7385,
                                "Actual Loops": 2,
                                "Filter": "(production_year = 1982)",
                                "Rows Removed by Filter": 1256771
                              }
                            ]
                          }
                        ]
                      }
                    ]
                  }
                ]
              }
            ]
          }
        ]
      }
    ]
  },
  "Planning Time": 1.159,
  "Triggers": [],
  "Execution Time": 593.641
}