{
  "Plan": {
    "Node Type": "Aggregate",
    "Strategy": "Plain",
    "Partial Mode": "Finalize",
    "Parallel Aware": false,
    "Startup Cost": 113407.07,
    "Total Cost": 113407.08,
    "Plan Rows": 1,
    "Plan Width": 8,
    "Actual Startup Time": 586.43,
    "Actual Total Time": 602.028,
    "Actual Rows": 1,
    "Actual Loops": 1,
    "Plans": [
      {
        "Node Type": "Gather",
        "Parent Relationship": "Outer",
        "Parallel Aware": false,
        "Startup Cost": 113406.96,
        "Total Cost": 113407.07,
        "Plan Rows": 1,
        "Plan Width": 8,
        "Actual Startup Time": 584.663,
        "Actual Total Time": 602.019,
        "Actual Rows": 2,
        "Actual Loops": 1,
        "Workers Planned": 1,
        "Workers Launched": 1,
        "Single Copy": false,
        "Plans": [
          {
            "Node Type": "Aggregate",
            "Strategy": "Plain",
            "Partial Mode": "Partial",
            "Parent Relationship": "Outer",
            "Parallel Aware": false,
            "Startup Cost": 112406.96,
            "Total Cost": 112406.97,
            "Plan Rows": 1,
            "Plan Width": 8,
            "Actual Startup Time": 579.214,
            "Actual Total Time": 579.218,
            "Actual Rows": 1,
            "Actual Loops": 2,
            "Plans": [
              {
                "Node Type": "Hash Join",
                "Parent Relationship": "Outer",
                "Parallel Aware": true,
                "Join Type": "Inner",
                "Startup Cost": 48054.88,
                "Total Cost": 111158.33,
                "Plan Rows": 499452,
                "Plan Width": 0,
                "Actual Startup Time": 193.866,
                "Actual Total Time": 568.262,
                "Actual Rows": 267874,
                "Actual Loops": 2,
                "Inner Unique": false,
                "Hash Cond": "(t.id = mc.movie_id)",
                "Plans": [
                  {
                    "Node Type": "Seq Scan",
                    "Parent Relationship": "Outer",
                    "Parallel Aware": true,
                    "Relation Name": "title",
                    "Alias": "t",
                    "Startup Cost": 0.0,
                    "Total Cost": 50870.31,
                    "Plan Rows": 1487231,
                    "Plan Width": 4,
                    "Actual Startup Time": 0.009,
                    "Actual Total Time": 113.608,
                    "Actual Rows": 1264156,
                    "Actual Loops": 2
                  },
                  {
                    "Node Type": "Hash",
                    "Parent Relationship": "Inner",
                    "Parallel Aware": true,
                    "Startup Cost": 41811.73,
                    "Total Cost": 41811.73,
                    "Plan Rows": 499452,
                    "Plan Width": 4,
                    "Actual Startup Time": 184.676,
                    "Actual Total Time": 184.677,
                    "Actual Rows": 267874,
                    "Actual Loops": 2,
                    "Hash Buckets": 1048576,
                    "Original Hash Buckets": 1048576,
                    "Hash Batches": 1,
                    "Original Hash Batches": 1,
                    "Peak Memory Usage": 29184,
                    "Plans": [
                      {
                        "Node Type": "Seq Scan",
                        "Parent Relationship": "Outer",
                        "Parallel Aware": true,
                        "Relation Name": "movie_companies",
                        "Alias": "mc",
                        "Startup Cost": 0.0,
                        "Total Cost": 41811.73,
                        "Plan Rows": 499452,
                        "Plan Width": 4,
                        "Actual Startup Time": 64.833,
                        "Actual Total Time": 124.854,
                        "Actual Rows": 267874,
                        "Actual Loops": 2,
                        "Filter": "((company_id < 18631) AND (company_type_id = 2))",
                        "Rows Removed by Filter": 1036691
                      }
                    ]
                  }
                ]
              }
            ]
          }
        ]
      }
    ]
  },
  "Planning Time": 0.695,
  "Triggers": [],
  "Execution Time": 602.125
}