[
  {
    "Plan": {
      "Node Type": "Aggregate",
      "Strategy": "Plain",
      "Partial Mode": "Finalize",
      "Parallel Aware": false,
      "Startup Cost": 135818.83,
      "Total Cost": 135818.84,
      "Plan Rows": 1,
      "Plan Width": 8,
      "Actual Startup Time": 721.616,
      "Actual Total Time": 748.139,
      "Actual Rows": 1,
      "Actual Loops": 1,
      "Plans": [
        {
          "Node Type": "Gather",
          "Parent Relationship": "Outer",
          "Parallel Aware": false,
          "Startup Cost": 135818.52,
          "Total Cost": 135818.83,
          "Plan Rows": 3,
          "Plan Width": 8,
          "Actual Startup Time": 713.981,
          "Actual Total Time": 748.13,
          "Actual Rows": 4,
          "Actual Loops": 1,
          "Workers Planned": 3,
          "Workers Launched": 3,
          "Single Copy": false,
          "Plans": [
            {
              "Node Type": "Aggregate",
              "Strategy": "Plain",
              "Partial Mode": "Partial",
              "Parent Relationship": "Outer",
              "Parallel Aware": false,
              "Startup Cost": 134818.52,
              "Total Cost": 134818.53,
              "Plan Rows": 1,
              "Plan Width": 8,
              "Actual Startup Time": 706.286,
              "Actual Total Time": 706.29,
              "Actual Rows": 1,
              "Actual Loops": 4,
              "Plans": [
                {
                  "Node Type": "Nested Loop",
                  "Parent Relationship": "Outer",
                  "Parallel Aware": false,
                  "Join Type": "Inner",
                  "Startup Cost": 45611.5,
                  "Total Cost": 134462.22,
                  "Plan Rows": 142519,
                  "Plan Width": 0,
                  "Actual Startup Time": 136.246,
                  "Actual Total Time": 660.678,
                  "Actual Rows": 1028303,
                  "Actual Loops": 4,
                  "Inner Unique": false,
                  "Join Filter": "(t.id = mi.movie_id)",
                  "Rows Removed by Join Filter": 0,
                  "Plans": [
                    {
                      "Node Type": "Hash Join",
                      "Parent Relationship": "Outer",
                      "Parallel Aware": true,
                      "Join Type": "Inner",
                      "Startup Cost": 45611.06,
                      "Total Cost": 88489.14,
                      "Plan Rows": 24374,
                      "Plan Width": 8,
                      "Actual Startup Time": 136.158,
                      "Actual Total Time": 279.166,
                      "Actual Rows": 14251,
                      "Actual Loops": 4,
                      "Inner Unique": true,
                      "Hash Cond": "(mk.movie_id = t.id)",
                      "Plans": [
                        {
                          "Node Type": "Seq Scan",
                          "Parent Relationship": "Outer",
                          "Parallel Aware": true,
                          "Relation Name": "movie_keyword",
                          "Alias": "mk",
                          "Startup Cost": 0.0,
                          "Total Cost": 39047.32,
                          "Plan Rows": 1459332,
                          "Plan Width": 4,
                          "Actual Startup Time": 0.027,
                          "Actual Total Time": 88.689,
                          "Actual Rows": 1130982,
                          "Actual Loops": 4
                        },
                        {
                          "Node Type": "Hash",
                          "Parent Relationship": "Inner",
                          "Parallel Aware": true,
                          "Startup Cost": 45479.1,
                          "Total Cost": 45479.1,
                          "Plan Rows": 10557,
                          "Plan Width": 4,
                          "Actual Startup Time": 99.87,
                          "Actual Total Time": 99.871,
                          "Actual Rows": 9890,
                          "Actual Loops": 4,
                          "Hash Buckets": 65536,
                          "Original Hash Buckets": 65536,
                          "Hash Batches": 1,
                          "Original Hash Batches": 1,
                          "Peak Memory Usage": 2112,
                          "Plans": [
                            {
                              "Node Type": "Seq Scan",
                              "Parent Relationship": "Outer",
                              "Parallel Aware": true,
                              "Relation Name": "title",
                              "Alias": "t",
                              "Startup Cost": 0.0,
                              "Total Cost": 45479.1,
                              "Plan Rows": 10557,
                              "Plan Width": 4,
                              "Actual Startup Time": 45.609,
                              "Actual Total Time": 95.882,
                              "Actual Rows": 9890,
                              "Actual Loops": 4,
                              "Filter": "((kind_id = 1) AND (production_year = 2012))",
                              "Rows Removed by Filter": 622188
                            }
                          ]
                        }
                      ]
                    },
                    {
                      "Node Type": "Index Only Scan",
                      "Parent Relationship": "Inner",
                      "Parallel Aware": false,
                      "Scan Direction": "Forward",
                      "Index Name": "movie_id_movie_info",
                      "Relation Name": "movie_info",
                      "Alias": "mi",
                      "Startup Cost": 0.43,
                      "Total Cost": 1.36,
                      "Plan Rows": 42,
                      "Plan Width": 4,
                      "Actual Startup Time": 0.005,
                      "Actual Total Time": 0.02,
                      "Actual Rows": 72,
                      "Actual Loops": 57005,
                      "Index Cond": "(movie_id = mk.movie_id)",
                      "Rows Removed by Index Recheck": 0,
                      "Heap Fetches": 4113213
                    }
                  ]
                }
              ]
            }
          ]
        }
      ]
    },
    "Planning Time": 1.31,
    "Triggers": [],
    "Execution Time": 748.226
  }
]