[
  {
    "Plan": {
      "Node Type": "Aggregate",
      "Strategy": "Plain",
      "Partial Mode": "Finalize",
      "Parallel Aware": false,
      "Startup Cost": 280846.41,
      "Total Cost": 280846.42,
      "Plan Rows": 1,
      "Plan Width": 8,
      "Actual Startup Time": 1487.978,
      "Actual Total Time": 1586.576,
      "Actual Rows": 1,
      "Actual Loops": 1,
      "Plans": [
        {
          "Node Type": "Gather",
          "Parent Relationship": "Outer",
          "Parallel Aware": false,
          "Startup Cost": 280845.89,
          "Total Cost": 280846.4,
          "Plan Rows": 5,
          "Plan Width": 8,
          "Actual Startup Time": 1486.876,
          "Actual Total Time": 1586.561,
          "Actual Rows": 6,
          "Actual Loops": 1,
          "Workers Planned": 5,
          "Workers Launched": 5,
          "Single Copy": false,
          "Plans": [
            {
              "Node Type": "Aggregate",
              "Strategy": "Plain",
              "Partial Mode": "Partial",
              "Parent Relationship": "Outer",
              "Parallel Aware": false,
              "Startup Cost": 279845.89,
              "Total Cost": 279845.9,
              "Plan Rows": 1,
              "Plan Width": 8,
              "Actual Startup Time": 1479.264,
              "Actual Total Time": 1479.322,
              "Actual Rows": 1,
              "Actual Loops": 6,
              "Plans": [
                {
                  "Node Type": "Nested Loop",
                  "Parent Relationship": "Outer",
                  "Parallel Aware": false,
                  "Join Type": "Inner",
                  "Startup Cost": 45796.13,
                  "Total Cost": 279693.43,
                  "Plan Rows": 60981,
                  "Plan Width": 0,
                  "Actual Startup Time": 107.992,
                  "Actual Total Time": 1449.115,
                  "Actual Rows": 655314,
                  "Actual Loops": 6,
                  "Inner Unique": false,
                  "Join Filter": "(t.id = ci.movie_id)",
                  "Rows Removed by Join Filter": 0,
                  "Plans": [
                    {
                      "Node Type": "Hash Join",
                      "Parent Relationship": "Outer",
                      "Parallel Aware": true,
                      "Join Type": "Inner",
                      "Startup Cost": 45795.56,
                      "Total Cost": 245862.76,
                      "Plan Rows": 14609,
                      "Plan Width": 8,
                      "Actual Startup Time": 107.767,
                      "Actual Total Time": 450.711,
                      "Actual Rows": 32750,
                      "Actual Loops": 6,
                      "Inner Unique": true,
                      "Hash Cond": "(mi.movie_id = t.id)",
                      "Plans": [
                        {
                          "Node Type": "Seq Scan",
                          "Parent Relationship": "Outer",
                          "Parallel Aware": true,
                          "Relation Name": "movie_info",
                          "Alias": "mi",
                          "Startup Cost": 0.0,
                          "Total Cost": 199108.24,
                          "Plan Rows": 365318,
                          "Plan Width": 4,
                          "Actual Startup Time": 15.686,
                          "Actual Total Time": 296.153,
                          "Actual Rows": 310939,
                          "Actual Loops": 6,
                          "Filter": "(info_type_id > 17)",
                          "Rows Removed by Filter": 2161681
                        },
                        {
                          "Node Type": "Hash",
                          "Parent Relationship": "Inner",
                          "Parallel Aware": true,
                          "Startup Cost": 45479.59,
                          "Total Cost": 45479.59,
                          "Plan Rows": 25278,
                          "Plan Width": 4,
                          "Actual Startup Time": 90.557,
                          "Actual Total Time": 90.56,
                          "Actual Rows": 34637,
                          "Actual Loops": 6,
                          "Hash Buckets": 262144,
                          "Original Hash Buckets": 131072,
                          "Hash Batches": 1,
                          "Original Hash Batches": 1,
                          "Peak Memory Usage": 11264,
                          "Plans": [
                            {
                              "Node Type": "Seq Scan",
                              "Parent Relationship": "Outer",
                              "Parallel Aware": true,
                              "Relation Name": "title",
                              "Alias": "t",
                              "Startup Cost": 0.0,
                              "Total Cost": 45479.59,
                              "Plan Rows": 25278,
                              "Plan Width": 4,
                              "Actual Startup Time": 0.15,
                              "Actual Total Time": 74.491,
                              "Actual Rows": 34637,
                              "Actual Loops": 6,
                              "Filter": "((kind_id < 7) AND (production_year < 1963))",
                              "Rows Removed by Filter": 386748
                            }
                          ]
                        }
                      ]
                    },
                    {
                      "Node Type": "Index Scan",
                      "Parent Relationship": "Inner",
                      "Parallel Aware": false,
                      "Scan Direction": "Forward",
                      "Index Name": "movie_id_cast_info",
                      "Relation Name": "cast_info",
                      "Alias": "ci",
                      "Startup Cost": 0.56,
                      "Total Cost": 2.19,
                      "Plan Rows": 10,
                      "Plan Width": 4,
                      "Actual Startup Time": 0.005,
                      "Actual Total Time": 0.029,
                      "Actual Rows": 20,
                      "Actual Loops": 196497,
                      "Index Cond": "(movie_id = mi.movie_id)",
                      "Rows Removed by Index Recheck": 0,
                      "Filter": "((person_id < 1909567) AND (role_id < 3))",
                      "Rows Removed by Filter": 15
                    }
                  ]
                }
              ]
            }
          ]
        }
      ]
    },
    "Planning Time": 1.181,
    "Triggers": [],
    "Execution Time": 1586.684
  }
]