[
  {
    "Plan": {
      "Node Type": "Aggregate",
      "Strategy": "Plain",
      "Partial Mode": "Finalize",
      "Parallel Aware": false,
      "Startup Cost": 83380.4,
      "Total Cost": 83380.41,
      "Plan Rows": 1,
      "Plan Width": 8,
      "Actual Startup Time": 219.394,
      "Actual Total Time": 234.249,
      "Actual Rows": 1,
      "Actual Loops": 1,
      "Plans": [
        {
          "Node Type": "Gather",
          "Parent Relationship": "Outer",
          "Parallel Aware": false,
          "Startup Cost": 83380.09,
          "Total Cost": 83380.4,
          "Plan Rows": 3,
          "Plan Width": 8,
          "Actual Startup Time": 218.973,
          "Actual Total Time": 234.242,
          "Actual Rows": 4,
          "Actual Loops": 1,
          "Workers Planned": 3,
          "Workers Launched": 3,
          "Single Copy": false,
          "Plans": [
            {
              "Node Type": "Aggregate",
              "Strategy": "Plain",
              "Partial Mode": "Partial",
              "Parent Relationship": "Outer",
              "Parallel Aware": false,
              "Startup Cost": 82380.09,
              "Total Cost": 82380.1,
              "Plan Rows": 1,
              "Plan Width": 8,
              "Actual Startup Time": 210.4,
              "Actual Total Time": 210.404,
              "Actual Rows": 1,
              "Actual Loops": 4,
              "Plans": [
                {
                  "Node Type": "Hash Join",
                  "Parent Relationship": "Outer",
                  "Parallel Aware": true,
                  "Join Type": "Inner",
                  "Startup Cost": 38049.83,
                  "Total Cost": 82362.89,
                  "Plan Rows": 6877,
                  "Plan Width": 0,
                  "Actual Startup Time": 70.527,
                  "Actual Total Time": 210.233,
                  "Actual Rows": 3204,
                  "Actual Loops": 4,
                  "Inner Unique": true,
                  "Hash Cond": "(mk.movie_id = t.id)",
                  "Plans": [
                    {
                      "Node Type": "Seq Scan",
                      "Parent Relationship": "Outer",
                      "Parallel Aware": true,
                      "Relation Name": "movie_keyword",
                      "Alias": "mk",
                      "Startup Cost": 0.0,
                      "Total Cost": 42695.65,
                      "Plan Rows": 616155,
                      "Plan Width": 4,
                      "Actual Startup Time": 0.473,
                      "Actual Total Time": 104.275,
                      "Actual Rows": 478934,
                      "Actual Loops": 4,
                      "Filter": "(keyword_id > 7076)",
                      "Rows Removed by Filter": 652049
                    },
                    {
                      "Node Type": "Hash",
                      "Parent Relationship": "Inner",
                      "Parallel Aware": true,
                      "Startup Cost": 37961.65,
                      "Total Cost": 37961.65,
                      "Plan Rows": 7055,
                      "Plan Width": 4,
                      "Actual Startup Time": 68.842,
                      "Actual Total Time": 68.843,
                      "Actual Rows": 6442,
                      "Actual Loops": 4,
                      "Hash Buckets": 32768,
                      "Original Hash Buckets": 32768,
                      "Hash Batches": 1,
                      "Original Hash Batches": 1,
                      "Peak Memory Usage": 1344,
                      "Plans": [
                        {
                          "Node Type": "Bitmap Heap Scan",
                          "Parent Relationship": "Outer",
                          "Parallel Aware": true,
                          "Relation Name": "title",
                          "Alias": "t",
                          "Startup Cost": 1623.59,
                          "Total Cost": 37961.65,
                          "Plan Rows": 7055,
                          "Plan Width": 4,
                          "Actual Startup Time": 20.553,
                          "Actual Total Time": 65.953,
                          "Actual Rows": 6442,
                          "Actual Loops": 4,
                          "Recheck Cond": "(kind_id = 2)",
                          "Rows Removed by Index Recheck": 0,
                          "Filter": "(production_year > 2007)",
                          "Rows Removed by Filter": 16271,
                          "Exact Heap Blocks": 16599,
                          "Lossy Heap Blocks": 0,
                          "Plans": [
                            {
                              "Node Type": "Bitmap Index Scan",
                              "Parent Relationship": "Outer",
                              "Parallel Aware": false,
                              "Index Name": "kind_id_title",
                              "Startup Cost": 0.0,
                              "Total Cost": 1616.54,
                              "Plan Rows": 90681,
                              "Plan Width": 0,
                              "Actual Startup Time": 17.925,
                              "Actual Total Time": 17.925,
                              "Actual Rows": 90852,
                              "Actual Loops": 1,
                              "Index Cond": "(kind_id = 2)"
                            }
                          ]
                        }
                      ]
                    }
                  ]
                }
              ]
            }
          ]
        }
      ]
    },
    "Planning Time": 0.624,
    "Triggers": [],
    "Execution Time": 234.341
  }
]