[
    {
        "Bao": {
            "Bao prediction": "NaN",
            "Bao recommended hint": "(no hint)"
        }
    },
    {
        "Plan": {
            "Node Type": "Aggregate",
            "Strategy": "Plain",
            "Partial Mode": "Finalize",
            "Parallel Aware": false,
            "Startup Cost": 45517.42,
            "Total Cost": 45517.43,
            "Plan Rows": 1,
            "Plan Width": 8,
            "Actual Startup Time": 146.347,
            "Actual Total Time": 153.946,
            "Actual Rows": 1,
            "Actual Loops": 1,
            "Output": [
                "count(*)"
            ],
            "Plans": [
                {
                    "Node Type": "Gather",
                    "Parent Relationship": "Outer",
                    "Parallel Aware": false,
                    "Startup Cost": 45517.1,
                    "Total Cost": 45517.41,
                    "Plan Rows": 3,
                    "Plan Width": 8,
                    "Actual Startup Time": 146.271,
                    "Actual Total Time": 153.937,
                    "Actual Rows": 4,
                    "Actual Loops": 1,
                    "Output": [
                        "(PARTIAL count(*))"
                    ],
                    "Workers Planned": 3,
                    "Workers Launched": 3,
                    "Single Copy": false,
                    "Plans": [
                        {
                            "Node Type": "Aggregate",
                            "Strategy": "Plain",
                            "Partial Mode": "Partial",
                            "Parent Relationship": "Outer",
                            "Parallel Aware": false,
                            "Startup Cost": 44517.1,
                            "Total Cost": 44517.11,
                            "Plan Rows": 1,
                            "Plan Width": 8,
                            "Actual Startup Time": 137.812,
                            "Actual Total Time": 137.813,
                            "Actual Rows": 1,
                            "Actual Loops": 4,
                            "Output": [
                                "PARTIAL count(*)"
                            ],
                            "Workers": [
                                {
                                    "Worker Number": 0,
                                    "Actual Startup Time": 134.956,
                                    "Actual Total Time": 134.957,
                                    "Actual Rows": 1,
                                    "Actual Loops": 1
                                },
                                {
                                    "Worker Number": 1,
                                    "Actual Startup Time": 135.294,
                                    "Actual Total Time": 135.295,
                                    "Actual Rows": 1,
                                    "Actual Loops": 1
                                },
                                {
                                    "Worker Number": 2,
                                    "Actual Startup Time": 135.315,
                                    "Actual Total Time": 135.316,
                                    "Actual Rows": 1,
                                    "Actual Loops": 1
                                }
                            ],
                            "Plans": [
                                {
                                    "Node Type": "Seq Scan",
                                    "Parent Relationship": "Outer",
                                    "Parallel Aware": true,
                                    "Relation Name": "movie_keyword",
                                    "Schema": "public",
                                    "Alias": "mk",
                                    "Startup Cost": 0.0,
                                    "Total Cost": 42695.65,
                                    "Plan Rows": 728578,
                                    "Plan Width": 0,
                                    "Actual Startup Time": 0.548,
                                    "Actual Total Time": 110.167,
                                    "Actual Rows": 563534,
                                    "Actual Loops": 4,
                                    "Output": [
                                        "id",
                                        "movie_id",
                                        "keyword_id"
                                    ],
                                    "Filter": "(mk.keyword_id > 4754)",
                                    "Rows Removed by Filter": 567449,
                                    "Workers": [
                                        {
                                            "Worker Number": 0,
                                            "Actual Startup Time": 0.061,
                                            "Actual Total Time": 108.887,
                                            "Actual Rows": 513377,
                                            "Actual Loops": 1
                                        },
                                        {
                                            "Worker Number": 1,
                                            "Actual Startup Time": 0.059,
                                            "Actual Total Time": 108.716,
                                            "Actual Rows": 530830,
                                            "Actual Loops": 1
                                        },
                                        {
                                            "Worker Number": 2,
                                            "Actual Startup Time": 0.06,
                                            "Actual Total Time": 108.815,
                                            "Actual Rows": 531165,
                                            "Actual Loops": 1
                                        }
                                    ]
                                }
                            ]
                        }
                    ]
                }
            ]
        },
        "Planning Time": 274.357,
        "Triggers": [],
        "Execution Time": 154.012
    }
]