{
    "Plan": {
        "Node Type": "Aggregate",
        "Strategy": "Plain",
        "Partial Mode": "Simple",
        "Parallel Aware": false,
        "Startup Cost": 50000004005.2,
        "Total Cost": 50000004005.21,
        "Plan Rows": 1,
        "Plan Width": 96,
        "Actual Startup Time": 143.79,
        "Actual Total Time": 143.799,
        "Actual Rows": 1,
        "Actual Loops": 1,
        "Output": [
            "min((lt.link)::text)",
            "min(t1.title)",
            "min(t2.title)"
        ],
        "Plans": [
            {
                "Node Type": "Nested Loop",
                "Parent Relationship": "Outer",
                "Parallel Aware": false,
                "Join Type": "Inner",
                "Startup Cost": 50000000025.8,
                "Total Cost": 50000004005.13,
                "Plan Rows": 10,
                "Plan Width": 46,
                "Actual Startup Time": 13.027,
                "Actual Total Time": 143.52,
                "Actual Rows": 308,
                "Actual Loops": 1,
                "Output": [
                    "lt.link",
                    "t1.title",
                    "t2.title"
                ],
                "Inner Unique": true,
                "Plans": [
                    {
                        "Node Type": "Hash Join",
                        "Parent Relationship": "Outer",
                        "Parallel Aware": false,
                        "Join Type": "Inner",
                        "Startup Cost": 40000000024.16,
                        "Total Cost": 40000003948.62,
                        "Plan Rows": 10,
                        "Plan Width": 33,
                        "Actual Startup Time": 12.888,
                        "Actual Total Time": 135.366,
                        "Actual Rows": 308,
                        "Actual Loops": 1,
                        "Output": [
                            "ml.linked_movie_id",
                            "lt.link",
                            "t1.title"
                        ],
                        "Inner Unique": true,
                        "Hash Cond": "(ml.link_type_id = lt.id)",
                        "Plans": [
                            {
                                "Node Type": "Nested Loop",
                                "Parent Relationship": "Outer",
                                "Parallel Aware": false,
                                "Join Type": "Inner",
                                "Startup Cost": 30000000011.53,
                                "Total Cost": 30000003935.95,
                                "Plan Rows": 10,
                                "Plan Width": 25,
                                "Actual Startup Time": 12.725,
                                "Actual Total Time": 134.919,
                                "Actual Rows": 308,
                                "Actual Loops": 1,
                                "Output": [
                                    "ml.linked_movie_id",
                                    "ml.link_type_id",
                                    "t1.title"
                                ],
                                "Inner Unique": true,
                                "Plans": [
                                    {
                                        "Node Type": "Nested Loop",
                                        "Parent Relationship": "Outer",
                                        "Parallel Aware": false,
                                        "Join Type": "Inner",
                                        "Startup Cost": 20000000011.08,
                                        "Total Cost": 20000003891.37,
                                        "Plan Rows": 10,
                                        "Plan Width": 16,
                                        "Actual Startup Time": 12.628,
                                        "Actual Total Time": 131.013,
                                        "Actual Rows": 308,
                                        "Actual Loops": 1,
                                        "Output": [
                                            "mk.movie_id",
                                            "ml.movie_id",
                                            "ml.linked_movie_id",
                                            "ml.link_type_id"
                                        ],
                                        "Inner Unique": false,
                                        "Plans": [
                                            {
                                                "Node Type": "Nested Loop",
                                                "Parent Relationship": "Outer",
                                                "Parallel Aware": false,
                                                "Join Type": "Inner",
                                                "Startup Cost": 10000000010.76,
                                                "Total Cost": 10000003740.45,
                                                "Plan Rows": 34,
                                                "Plan Width": 4,
                                                "Actual Startup Time": 12.556,
                                                "Actual Total Time": 66.326,
                                                "Actual Rows": 20522,
                                                "Actual Loops": 1,
                                                "Output": [
                                                    "mk.movie_id"
                                                ],
                                                "Inner Unique": false,
                                                "Plans": [
                                                    {
                                                        "Node Type": "Seq Scan",
                                                        "Parent Relationship": "Outer",
                                                        "Parallel Aware": false,
                                                        "Relation Name": "keyword",
                                                        "Schema": "public",
                                                        "Alias": "k",
                                                        "Startup Cost": 0.0,
                                                        "Total Cost": 2626.12,
                                                        "Plan Rows": 1,
                                                        "Plan Width": 4,
                                                        "Actual Startup Time": 1.017,
                                                        "Actual Total Time": 9.059,
                                                        "Actual Rows": 1,
                                                        "Actual Loops": 1,
                                                        "Output": [
                                                            "k.id",
                                                            "k.keyword",
                                                            "k.phonetic_code"
                                                        ],
                                                        "Filter": "(k.keyword = 'female-nudity'::text)",
                                                        "Rows Removed by Filter": 134169
                                                    },
                                                    {
                                                        "Node Type": "Bitmap Heap Scan",
                                                        "Parent Relationship": "Inner",
                                                        "Parallel Aware": false,
                                                        "Relation Name": "movie_keyword",
                                                        "Schema": "public",
                                                        "Alias": "mk",
                                                        "Startup Cost": 10.76,
                                                        "Total Cost": 1111.32,
                                                        "Plan Rows": 300,
                                                        "Plan Width": 8,
                                                        "Actual Startup Time": 11.525,
                                                        "Actual Total Time": 53.34,
                                                        "Actual Rows": 20522,
                                                        "Actual Loops": 1,
                                                        "Output": [
                                                            "mk.id",
                                                            "mk.movie_id",
                                                            "mk.keyword_id"
                                                        ],
                                                        "Recheck Cond": "(mk.keyword_id = k.id)",
                                                        "Rows Removed by Index Recheck": 0,
                                                        "Exact Heap Blocks": 11073,
                                                        "Lossy Heap Blocks": 0,
                                                        "Plans": [
                                                            {
                                                                "Node Type": "Bitmap Index Scan",
                                                                "Parent Relationship": "Outer",
                                                                "Parallel Aware": false,
                                                                "Index Name": "keyword_id_movie_keyword",
                                                                "Startup Cost": 0.0,
                                                                "Total Cost": 10.68,
                                                                "Plan Rows": 300,
                                                                "Plan Width": 0,
                                                                "Actual Startup Time": 6.742,
                                                                "Actual Total Time": 6.743,
                                                                "Actual Rows": 20522,
                                                                "Actual Loops": 1,
                                                                "Index Cond": "(mk.keyword_id = k.id)"
                                                            }
                                                        ]
                                                    }
                                                ]
                                            },
                                            {
                                                "Node Type": "Bitmap Heap Scan",
                                                "Parent Relationship": "Inner",
                                                "Parallel Aware": false,
                                                "Relation Name": "movie_link",
                                                "Schema": "public",
                                                "Alias": "ml",
                                                "Startup Cost": 0.33,
                                                "Total Cost": 4.39,
                                                "Plan Rows": 5,
                                                "Plan Width": 12,
                                                "Actual Startup Time": 0.002,
                                                "Actual Total Time": 0.002,
                                                "Actual Rows": 0,
                                                "Actual Loops": 20522,
                                                "Output": [
                                                    "ml.id",
                                                    "ml.movie_id",
                                                    "ml.linked_movie_id",
                                                    "ml.link_type_id"
                                                ],
                                                "Recheck Cond": "(ml.movie_id = mk.movie_id)",
                                                "Rows Removed by Index Recheck": 0,
                                                "Exact Heap Blocks": 24,
                                                "Lossy Heap Blocks": 0,
                                                "Plans": [
                                                    {
                                                        "Node Type": "Bitmap Index Scan",
                                                        "Parent Relationship": "Outer",
                                                        "Parallel Aware": false,
                                                        "Index Name": "movie_id_movie_link",
                                                        "Startup Cost": 0.0,
                                                        "Total Cost": 0.33,
                                                        "Plan Rows": 5,
                                                        "Plan Width": 0,
                                                        "Actual Startup Time": 0.001,
                                                        "Actual Total Time": 0.001,
                                                        "Actual Rows": 0,
                                                        "Actual Loops": 20522,
                                                        "Index Cond": "(ml.movie_id = mk.movie_id)"
                                                    }
                                                ]
                                            }
                                        ]
                                    },
                                    {
                                        "Node Type": "Bitmap Heap Scan",
                                        "Parent Relationship": "Inner",
                                        "Parallel Aware": false,
                                        "Relation Name": "title",
                                        "Schema": "public",
                                        "Alias": "t1",
                                        "Startup Cost": 0.45,
                                        "Total Cost": 4.46,
                                        "Plan Rows": 1,
                                        "Plan Width": 21,
                                        "Actual Startup Time": 0.008,
                                        "Actual Total Time": 0.008,
                                        "Actual Rows": 1,
                                        "Actual Loops": 308,
                                        "Output": [
                                            "t1.id",
                                            "t1.title",
                                            "t1.imdb_index",
                                            "t1.kind_id",
                                            "t1.production_year",
                                            "t1.imdb_id",
                                            "t1.phonetic_code",
                                            "t1.episode_of_id",
                                            "t1.season_nr",
                                            "t1.episode_nr",
                                            "t1.series_years",
                                            "t1.md5sum"
                                        ],
                                        "Recheck Cond": "(t1.id = mk.movie_id)",
                                        "Rows Removed by Index Recheck": 0,
                                        "Exact Heap Blocks": 308,
                                        "Lossy Heap Blocks": 0,
                                        "Plans": [
                                            {
                                                "Node Type": "Bitmap Index Scan",
                                                "Parent Relationship": "Outer",
                                                "Parallel Aware": false,
                                                "Index Name": "title_pkey",
                                                "Startup Cost": 0.0,
                                                "Total Cost": 0.45,
                                                "Plan Rows": 1,
                                                "Plan Width": 0,
                                                "Actual Startup Time": 0.005,
                                                "Actual Total Time": 0.005,
                                                "Actual Rows": 1,
                                                "Actual Loops": 308,
                                                "Index Cond": "(t1.id = mk.movie_id)"
                                            }
                                        ]
                                    }
                                ]
                            },
                            {
                                "Node Type": "Hash",
                                "Parent Relationship": "Inner",
                                "Parallel Aware": false,
                                "Startup Cost": 10000000012.41,
                                "Total Cost": 10000000012.41,
                                "Plan Rows": 18,
                                "Plan Width": 16,
                                "Actual Startup Time": 0.133,
                                "Actual Total Time": 0.133,
                                "Actual Rows": 18,
                                "Actual Loops": 1,
                                "Output": [
                                    "lt.link",
                                    "lt.id"
                                ],
                                "Hash Buckets": 1024,
                                "Original Hash Buckets": 1024,
                                "Hash Batches": 1,
                                "Original Hash Batches": 1,
                                "Peak Memory Usage": 9,
                                "Plans": [
                                    {
                                        "Node Type": "Index Scan",
                                        "Parent Relationship": "Outer",
                                        "Parallel Aware": false,
                                        "Scan Direction": "Forward",
                                        "Index Name": "link_type_pkey",
                                        "Relation Name": "link_type",
                                        "Schema": "public",
                                        "Alias": "lt",
                                        "Startup Cost": 10000000000.14,
                                        "Total Cost": 10000000012.41,
                                        "Plan Rows": 18,
                                        "Plan Width": 16,
                                        "Actual Startup Time": 0.078,
                                        "Actual Total Time": 0.091,
                                        "Actual Rows": 18,
                                        "Actual Loops": 1,
                                        "Output": [
                                            "lt.link",
                                            "lt.id"
                                        ]
                                    }
                                ]
                            }
                        ]
                    },
                    {
                        "Node Type": "Bitmap Heap Scan",
                        "Parent Relationship": "Inner",
                        "Parallel Aware": false,
                        "Relation Name": "title",
                        "Schema": "public",
                        "Alias": "t2",
                        "Startup Cost": 1.64,
                        "Total Cost": 5.65,
                        "Plan Rows": 1,
                        "Plan Width": 21,
                        "Actual Startup Time": 0.022,
                        "Actual Total Time": 0.022,
                        "Actual Rows": 1,
                        "Actual Loops": 308,
                        "Output": [
                            "t2.id",
                            "t2.title",
                            "t2.imdb_index",
                            "t2.kind_id",
                            "t2.production_year",
                            "t2.imdb_id",
                            "t2.phonetic_code",
                            "t2.episode_of_id",
                            "t2.season_nr",
                            "t2.episode_nr",
                            "t2.series_years",
                            "t2.md5sum"
                        ],
                        "Recheck Cond": "(t2.id = ml.linked_movie_id)",
                        "Rows Removed by Index Recheck": 0,
                        "Exact Heap Blocks": 308,
                        "Lossy Heap Blocks": 0,
                        "Plans": [
                            {
                                "Node Type": "Bitmap Index Scan",
                                "Parent Relationship": "Outer",
                                "Parallel Aware": false,
                                "Index Name": "title_pkey",
                                "Startup Cost": 0.0,
                                "Total Cost": 1.64,
                                "Plan Rows": 1,
                                "Plan Width": 0,
                                "Actual Startup Time": 0.012,
                                "Actual Total Time": 0.012,
                                "Actual Rows": 1,
                                "Actual Loops": 308,
                                "Index Cond": "(t2.id = ml.linked_movie_id)"
                            }
                        ]
                    }
                ]
            }
        ]
    },
    "Planning Time": 2.887,
    "Triggers": [],
    "Execution Time": 144.006
}