[
  {
    "Plan": {
      "Node Type": "Aggregate",
      "Strategy": "Plain",
      "Partial Mode": "Finalize",
      "Parallel Aware": false,
      "Startup Cost": 60681.18,
      "Total Cost": 60681.19,
      "Plan Rows": 1,
      "Plan Width": 8,
      "Actual Startup Time": 172.808,
      "Actual Total Time": 186.339,
      "Actual Rows": 1,
      "Actual Loops": 1,
      "Plans": [
        {
          "Node Type": "Gather",
          "Parent Relationship": "Outer",
          "Parallel Aware": false,
          "Startup Cost": 60680.97,
          "Total Cost": 60681.18,
          "Plan Rows": 2,
          "Plan Width": 8,
          "Actual Startup Time": 172.5,
          "Actual Total Time": 186.33,
          "Actual Rows": 3,
          "Actual Loops": 1,
          "Workers Planned": 2,
          "Workers Launched": 2,
          "Single Copy": false,
          "Plans": [
            {
              "Node Type": "Aggregate",
              "Strategy": "Plain",
              "Partial Mode": "Partial",
              "Parent Relationship": "Outer",
              "Parallel Aware": false,
              "Startup Cost": 59680.97,
              "Total Cost": 59680.98,
              "Plan Rows": 1,
              "Plan Width": 8,
              "Actual Startup Time": 164.868,
              "Actual Total Time": 164.871,
              "Actual Rows": 1,
              "Actual Loops": 3,
              "Plans": [
                {
                  "Node Type": "Hash Join",
                  "Parent Relationship": "Outer",
                  "Parallel Aware": true,
                  "Join Type": "Inner",
                  "Startup Cost": 44051.87,
                  "Total Cost": 59671.8,
                  "Plan Rows": 3667,
                  "Plan Width": 0,
                  "Actual Startup Time": 132.337,
                  "Actual Total Time": 164.77,
                  "Actual Rows": 1352,
                  "Actual Loops": 3,
                  "Inner Unique": true,
                  "Hash Cond": "(mi_idx.movie_id = t.id)",
                  "Plans": [
                    {
                      "Node Type": "Seq Scan",
                      "Parent Relationship": "Outer",
                      "Parallel Aware": true,
                      "Relation Name": "movie_info_idx",
                      "Alias": "mi_idx",
                      "Startup Cost": 0.0,
                      "Total Cost": 15122.68,
                      "Plan Rows": 189429,
                      "Plan Width": 4,
                      "Actual Startup Time": 0.021,
                      "Actual Total Time": 36.62,
                      "Actual Rows": 153308,
                      "Actual Loops": 3,
                      "Filter": "(info_type_id < 100)",
                      "Rows Removed by Filter": 306703
                    },
                    {
                      "Node Type": "Hash",
                      "Parent Relationship": "Inner",
                      "Parallel Aware": true,
                      "Startup Cost": 43898.92,
                      "Total Cost": 43898.92,
                      "Plan Rows": 12236,
                      "Plan Width": 4,
                      "Actual Startup Time": 109.309,
                      "Actual Total Time": 109.31,
                      "Actual Rows": 17241,
                      "Actual Loops": 3,
                      "Hash Buckets": 65536,
                      "Original Hash Buckets": 65536,
                      "Hash Batches": 1,
                      "Original Hash Batches": 1,
                      "Peak Memory Usage": 2592,
                      "Plans": [
                        {
                          "Node Type": "Seq Scan",
                          "Parent Relationship": "Outer",
                          "Parallel Aware": true,
                          "Relation Name": "title",
                          "Alias": "t",
                          "Startup Cost": 0.0,
                          "Total Cost": 43898.92,
                          "Plan Rows": 12236,
                          "Plan Width": 4,
                          "Actual Startup Time": 62.622,
                          "Actual Total Time": 105.008,
                          "Actual Rows": 17241,
                          "Actual Loops": 3,
                          "Filter": "(production_year < 1914)",
                          "Rows Removed by Filter": 825530
                        }
                      ]
                    }
                  ]
                }
              ]
            }
          ]
        }
      ]
    },
    "Planning Time": 0.541,
    "Triggers": [],
    "Execution Time": 186.415
  }
]