{
  "Plan": {
    "Node Type": "Aggregate",
    "Strategy": "Plain",
    "Partial Mode": "Finalize",
    "Parallel Aware": false,
    "Startup Cost": 109764.02,
    "Total Cost": 109764.03,
    "Plan Rows": 1,
    "Plan Width": 8,
    "Actual Startup Time": 688.629,
    "Actual Total Time": 704.87,
    "Actual Rows": 1,
    "Actual Loops": 1,
    "Plans": [
      {
        "Node Type": "Gather",
        "Parent Relationship": "Outer",
        "Parallel Aware": false,
        "Startup Cost": 109763.91,
        "Total Cost": 109764.02,
        "Plan Rows": 1,
        "Plan Width": 8,
        "Actual Startup Time": 686.798,
        "Actual Total Time": 704.863,
        "Actual Rows": 2,
        "Actual Loops": 1,
        "Workers Planned": 1,
        "Workers Launched": 1,
        "Single Copy": false,
        "Plans": [
          {
            "Node Type": "Aggregate",
            "Strategy": "Plain",
            "Partial Mode": "Partial",
            "Parent Relationship": "Outer",
            "Parallel Aware": false,
            "Startup Cost": 108763.91,
            "Total Cost": 108763.92,
            "Plan Rows": 1,
            "Plan Width": 8,
            "Actual Startup Time": 681.893,
            "Actual Total Time": 681.897,
            "Actual Rows": 1,
            "Actual Loops": 2,
            "Plans": [
              {
                "Node Type": "Hash Join",
                "Parent Relationship": "Outer",
                "Parallel Aware": true,
                "Join Type": "Inner",
                "Startup Cost": 45874.18,
                "Total Cost": 107951.42,
                "Plan Rows": 324996,
                "Plan Width": 0,
                "Actual Startup Time": 229.184,
                "Actual Total Time": 664.823,
                "Actual Rows": 424494,
                "Actual Loops": 2,
                "Inner Unique": false,
                "Hash Cond": "(t.id = mc.movie_id)",
                "Plans": [
                  {
                    "Node Type": "Seq Scan",
                    "Parent Relationship": "Outer",
                    "Parallel Aware": true,
                    "Relation Name": "title",
                    "Alias": "t",
                    "Startup Cost": 0.0,
                    "Total Cost": 50870.31,
                    "Plan Rows": 1487231,
                    "Plan Width": 4,
                    "Actual Startup Time": 0.009,
                    "Actual Total Time": 117.2,
                    "Actual Rows": 1264156,
                    "Actual Loops": 2
                  },
                  {
                    "Node Type": "Hash",
                    "Parent Relationship": "Inner",
                    "Parallel Aware": true,
                    "Startup Cost": 41811.73,
                    "Total Cost": 41811.73,
                    "Plan Rows": 324996,
                    "Plan Width": 4,
                    "Actual Startup Time": 219.707,
                    "Actual Total Time": 219.708,
                    "Actual Rows": 424494,
                    "Actual Loops": 2,
                    "Hash Buckets": 1048576,
                    "Original Hash Buckets": 1048576,
                    "Hash Batches": 1,
                    "Original Hash Batches": 1,
                    "Peak Memory Usage": 41440,
                    "Plans": [
                      {
                        "Node Type": "Seq Scan",
                        "Parent Relationship": "Outer",
                        "Parallel Aware": true,
                        "Relation Name": "movie_companies",
                        "Alias": "mc",
                        "Startup Cost": 0.0,
                        "Total Cost": 41811.73,
                        "Plan Rows": 324996,
                        "Plan Width": 4,
                        "Actual Startup Time": 66.583,
                        "Actual Total Time": 134.331,
                        "Actual Rows": 424494,
                        "Actual Loops": 2,
                        "Filter": "((company_id > 14145) AND (company_type_id = 2))",
                        "Rows Removed by Filter": 880070
                      }
                    ]
                  }
                ]
              }
            ]
          }
        ]
      }
    ]
  },
  "Planning Time": 0.735,
  "Triggers": [],
  "Execution Time": 704.939
}