[
  {
    "Plan": {
      "Node Type": "Aggregate",
      "Strategy": "Plain",
      "Partial Mode": "Finalize",
      "Parallel Aware": false,
      "Startup Cost": 403068.64,
      "Total Cost": 403068.65,
      "Plan Rows": 1,
      "Plan Width": 8,
      "Actual Startup Time": 1666.237,
      "Actual Total Time": 1725.472,
      "Actual Rows": 1,
      "Actual Loops": 1,
      "Plans": [
        {
          "Node Type": "Gather",
          "Parent Relationship": "Outer",
          "Parallel Aware": false,
          "Startup Cost": 403068.01,
          "Total Cost": 403068.62,
          "Plan Rows": 6,
          "Plan Width": 8,
          "Actual Startup Time": 1659.765,
          "Actual Total Time": 1725.461,
          "Actual Rows": 7,
          "Actual Loops": 1,
          "Workers Planned": 6,
          "Workers Launched": 6,
          "Single Copy": false,
          "Plans": [
            {
              "Node Type": "Aggregate",
              "Strategy": "Plain",
              "Partial Mode": "Partial",
              "Parent Relationship": "Outer",
              "Parallel Aware": false,
              "Startup Cost": 402068.01,
              "Total Cost": 402068.02,
              "Plan Rows": 1,
              "Plan Width": 8,
              "Actual Startup Time": 1647.879,
              "Actual Total Time": 1647.882,
              "Actual Rows": 1,
              "Actual Loops": 7,
              "Plans": [
                {
                  "Node Type": "Hash Join",
                  "Parent Relationship": "Outer",
                  "Parallel Aware": true,
                  "Join Type": "Inner",
                  "Startup Cost": 47118.55,
                  "Total Cost": 400148.97,
                  "Plan Rows": 767618,
                  "Plan Width": 0,
                  "Actual Startup Time": 377.736,
                  "Actual Total Time": 1609.843,
                  "Actual Rows": 702790,
                  "Actual Loops": 7,
                  "Inner Unique": true,
                  "Hash Cond": "(ci.movie_id = t.id)",
                  "Plans": [
                    {
                      "Node Type": "Seq Scan",
                      "Parent Relationship": "Outer",
                      "Parallel Aware": true,
                      "Relation Name": "cast_info",
                      "Alias": "ci",
                      "Startup Cost": 0.0,
                      "Total Cost": 343316.27,
                      "Plan Rows": 3700623,
                      "Plan Width": 4,
                      "Actual Startup Time": 237.605,
                      "Actual Total Time": 787.841,
                      "Actual Rows": 3082087,
                      "Actual Loops": 7,
                      "Filter": "((person_id < 3669249) AND (role_id > 1))",
                      "Rows Removed by Filter": 2095677
                    },
                    {
                      "Node Type": "Hash",
                      "Parent Relationship": "Inner",
                      "Parallel Aware": true,
                      "Startup Cost": 45479.59,
                      "Total Cost": 45479.59,
                      "Plan Rows": 131117,
                      "Plan Width": 4,
                      "Actual Startup Time": 136.337,
                      "Actual Total Time": 136.338,
                      "Actual Rows": 87076,
                      "Actual Loops": 7,
                      "Hash Buckets": 1048576,
                      "Original Hash Buckets": 1048576,
                      "Hash Batches": 1,
                      "Original Hash Batches": 1,
                      "Peak Memory Usage": 32128,
                      "Plans": [
                        {
                          "Node Type": "Seq Scan",
                          "Parent Relationship": "Outer",
                          "Parallel Aware": true,
                          "Relation Name": "title",
                          "Alias": "t",
                          "Startup Cost": 0.0,
                          "Total Cost": 45479.59,
                          "Plan Rows": 131117,
                          "Plan Width": 4,
                          "Actual Startup Time": 0.058,
                          "Actual Total Time": 88.362,
                          "Actual Rows": 87076,
                          "Actual Loops": 7,
                          "Filter": "((kind_id < 7) AND (production_year < 2005))",
                          "Rows Removed by Filter": 274111
                        }
                      ]
                    }
                  ]
                }
              ]
            }
          ]
        }
      ]
    },
    "Planning Time": 0.593,
    "Triggers": [],
    "Execution Time": 1725.556
  }
]