[
  {
    "Plan": {
      "Node Type": "Aggregate",
      "Strategy": "Plain",
      "Partial Mode": "Finalize",
      "Parallel Aware": false,
      "Startup Cost": 46324.77,
      "Total Cost": 46324.78,
      "Plan Rows": 1,
      "Plan Width": 8,
      "Actual Startup Time": 125.003,
      "Actual Total Time": 137.517,
      "Actual Rows": 1,
      "Actual Loops": 1,
      "Plans": [
        {
          "Node Type": "Gather",
          "Parent Relationship": "Outer",
          "Parallel Aware": false,
          "Startup Cost": 46324.35,
          "Total Cost": 46324.76,
          "Plan Rows": 4,
          "Plan Width": 8,
          "Actual Startup Time": 124.736,
          "Actual Total Time": 137.508,
          "Actual Rows": 5,
          "Actual Loops": 1,
          "Workers Planned": 4,
          "Workers Launched": 4,
          "Single Copy": false,
          "Plans": [
            {
              "Node Type": "Aggregate",
              "Strategy": "Plain",
              "Partial Mode": "Partial",
              "Parent Relationship": "Outer",
              "Parallel Aware": false,
              "Startup Cost": 45324.35,
              "Total Cost": 45324.36,
              "Plan Rows": 1,
              "Plan Width": 8,
              "Actual Startup Time": 116.793,
              "Actual Total Time": 116.795,
              "Actual Rows": 1,
              "Actual Loops": 5,
              "Plans": [
                {
                  "Node Type": "Seq Scan",
                  "Parent Relationship": "Outer",
                  "Parallel Aware": true,
                  "Relation Name": "title",
                  "Alias": "t",
                  "Startup Cost": 0.0,
                  "Total Cost": 43899.32,
                  "Plan Rows": 570010,
                  "Plan Width": 0,
                  "Actual Startup Time": 0.05,
                  "Actual Total Time": 94.508,
                  "Actual Rows": 453686,
                  "Actual Loops": 5,
                  "Filter": "(production_year > 1953)",
                  "Rows Removed by Filter": 51977
                }
              ]
            }
          ]
        }
      ]
    },
    "Planning Time": 0.106,
    "Triggers": [],
    "Execution Time": 137.559
  }
]