[
  {
    "Plan": {
      "Node Type": "Aggregate",
      "Strategy": "Plain",
      "Partial Mode": "Finalize",
      "Parallel Aware": false,
      "Startup Cost": 76565.48,
      "Total Cost": 76565.49,
      "Plan Rows": 1,
      "Plan Width": 8,
      "Actual Startup Time": 289.668,
      "Actual Total Time": 306.138,
      "Actual Rows": 1,
      "Actual Loops": 1,
      "Plans": [
        {
          "Node Type": "Gather",
          "Parent Relationship": "Outer",
          "Parallel Aware": false,
          "Startup Cost": 76565.16,
          "Total Cost": 76565.47,
          "Plan Rows": 3,
          "Plan Width": 8,
          "Actual Startup Time": 287.011,
          "Actual Total Time": 306.128,
          "Actual Rows": 4,
          "Actual Loops": 1,
          "Workers Planned": 3,
          "Workers Launched": 3,
          "Single Copy": false,
          "Plans": [
            {
              "Node Type": "Aggregate",
              "Strategy": "Plain",
              "Partial Mode": "Partial",
              "Parent Relationship": "Outer",
              "Parallel Aware": false,
              "Startup Cost": 75565.16,
              "Total Cost": 75565.17,
              "Plan Rows": 1,
              "Plan Width": 8,
              "Actual Startup Time": 281.683,
              "Actual Total Time": 281.687,
              "Actual Rows": 1,
              "Actual Loops": 4,
              "Plans": [
                {
                  "Node Type": "Hash Join",
                  "Parent Relationship": "Outer",
                  "Parallel Aware": true,
                  "Join Type": "Inner",
                  "Startup Cost": 46008.44,
                  "Total Cost": 75424.33,
                  "Plan Rows": 56333,
                  "Plan Width": 0,
                  "Actual Startup Time": 125.51,
                  "Actual Total Time": 275.575,
                  "Actual Rows": 146042,
                  "Actual Loops": 4,
                  "Inner Unique": true,
                  "Hash Cond": "(mc.movie_id = t.id)",
                  "Plans": [
                    {
                      "Node Type": "Seq Scan",
                      "Parent Relationship": "Outer",
                      "Parallel Aware": true,
                      "Relation Name": "movie_companies",
                      "Alias": "mc",
                      "Startup Cost": 0.0,
                      "Total Cost": 27206.55,
                      "Plan Rows": 841655,
                      "Plan Width": 4,
                      "Actual Startup Time": 0.008,
                      "Actual Total Time": 56.632,
                      "Actual Rows": 652282,
                      "Actual Loops": 4
                    },
                    {
                      "Node Type": "Hash",
                      "Parent Relationship": "Inner",
                      "Parallel Aware": true,
                      "Startup Cost": 45479.59,
                      "Total Cost": 45479.59,
                      "Plan Rows": 42308,
                      "Plan Width": 4,
                      "Actual Startup Time": 124.146,
                      "Actual Total Time": 124.147,
                      "Actual Rows": 70506,
                      "Actual Loops": 4,
                      "Hash Buckets": 524288,
                      "Original Hash Buckets": 262144,
                      "Hash Batches": 1,
                      "Original Hash Batches": 1,
                      "Peak Memory Usage": 17248,
                      "Plans": [
                        {
                          "Node Type": "Seq Scan",
                          "Parent Relationship": "Outer",
                          "Parallel Aware": true,
                          "Relation Name": "title",
                          "Alias": "t",
                          "Startup Cost": 0.0,
                          "Total Cost": 45479.59,
                          "Plan Rows": 42308,
                          "Plan Width": 4,
                          "Actual Startup Time": 0.13,
                          "Actual Total Time": 92.584,
                          "Actual Rows": 70506,
                          "Actual Loops": 4,
                          "Filter": "((kind_id < 7) AND (production_year < 1976))",
                          "Rows Removed by Filter": 561572
                        }
                      ]
                    }
                  ]
                }
              ]
            }
          ]
        }
      ]
    },
    "Planning Time": 0.313,
    "Triggers": [],
    "Execution Time": 306.177
  }
]