[
  {
    "Plan": {
      "Node Type": "Aggregate",
      "Strategy": "Plain",
      "Partial Mode": "Finalize",
      "Parallel Aware": false,
      "Startup Cost": 31265.81,
      "Total Cost": 31265.82,
      "Plan Rows": 1,
      "Plan Width": 8,
      "Actual Startup Time": 84.252,
      "Actual Total Time": 91.973,
      "Actual Rows": 1,
      "Actual Loops": 1,
      "Plans": [
        {
          "Node Type": "Gather",
          "Parent Relationship": "Outer",
          "Parallel Aware": false,
          "Startup Cost": 31265.49,
          "Total Cost": 31265.8,
          "Plan Rows": 3,
          "Plan Width": 8,
          "Actual Startup Time": 84.016,
          "Actual Total Time": 91.966,
          "Actual Rows": 4,
          "Actual Loops": 1,
          "Workers Planned": 3,
          "Workers Launched": 3,
          "Single Copy": false,
          "Plans": [
            {
              "Node Type": "Aggregate",
              "Strategy": "Plain",
              "Partial Mode": "Partial",
              "Parent Relationship": "Outer",
              "Parallel Aware": false,
              "Startup Cost": 30265.49,
              "Total Cost": 30265.5,
              "Plan Rows": 1,
              "Plan Width": 8,
              "Actual Startup Time": 78.999,
              "Actual Total Time": 79.0,
              "Actual Rows": 1,
              "Actual Loops": 4,
              "Plans": [
                {
                  "Node Type": "Bitmap Heap Scan",
                  "Parent Relationship": "Outer",
                  "Parallel Aware": true,
                  "Relation Name": "movie_keyword",
                  "Alias": "mk",
                  "Startup Cost": 4732.54,
                  "Total Cost": 30085.66,
                  "Plan Rows": 71930,
                  "Plan Width": 0,
                  "Actual Startup Time": 20.468,
                  "Actual Total Time": 75.38,
                  "Actual Rows": 55082,
                  "Actual Loops": 4,
                  "Recheck Cond": "(keyword_id < 171)",
                  "Rows Removed by Index Recheck": 0,
                  "Exact Heap Blocks": 13311,
                  "Lossy Heap Blocks": 0,
                  "Plans": [
                    {
                      "Node Type": "Bitmap Index Scan",
                      "Parent Relationship": "Outer",
                      "Parallel Aware": false,
                      "Index Name": "keyword_id_movie_keyword",
                      "Startup Cost": 0.0,
                      "Total Cost": 4676.8,
                      "Plan Rows": 222982,
                      "Plan Width": 0,
                      "Actual Startup Time": 20.695,
                      "Actual Total Time": 20.695,
                      "Actual Rows": 220327,
                      "Actual Loops": 1,
                      "Index Cond": "(keyword_id < 171)"
                    }
                  ]
                }
              ]
            }
          ]
        }
      ]
    },
    "Planning Time": 0.079,
    "Triggers": [],
    "Execution Time": 92.014
  }
]