[
  {
    "Plan": {
      "Node Type": "Aggregate",
      "Strategy": "Plain",
      "Partial Mode": "Finalize",
      "Parallel Aware": false,
      "Startup Cost": 26181.97,
      "Total Cost": 26181.98,
      "Plan Rows": 1,
      "Plan Width": 8,
      "Actual Startup Time": 52.131,
      "Actual Total Time": 56.556,
      "Actual Rows": 1,
      "Actual Loops": 1,
      "Plans": [
        {
          "Node Type": "Gather",
          "Parent Relationship": "Outer",
          "Parallel Aware": false,
          "Startup Cost": 26181.65,
          "Total Cost": 26181.96,
          "Plan Rows": 3,
          "Plan Width": 8,
          "Actual Startup Time": 51.967,
          "Actual Total Time": 56.55,
          "Actual Rows": 4,
          "Actual Loops": 1,
          "Workers Planned": 3,
          "Workers Launched": 3,
          "Single Copy": false,
          "Plans": [
            {
              "Node Type": "Aggregate",
              "Strategy": "Plain",
              "Partial Mode": "Partial",
              "Parent Relationship": "Outer",
              "Parallel Aware": false,
              "Startup Cost": 25181.65,
              "Total Cost": 25181.66,
              "Plan Rows": 1,
              "Plan Width": 8,
              "Actual Startup Time": 45.542,
              "Actual Total Time": 45.546,
              "Actual Rows": 1,
              "Actual Loops": 4,
              "Plans": [
                {
                  "Node Type": "Bitmap Heap Scan",
                  "Parent Relationship": "Outer",
                  "Parallel Aware": true,
                  "Relation Name": "movie_companies",
                  "Alias": "mc",
                  "Startup Cost": 5225.01,
                  "Total Cost": 24987.21,
                  "Plan Rows": 77776,
                  "Plan Width": 0,
                  "Actual Startup Time": 12.787,
                  "Actual Total Time": 40.973,
                  "Actual Rows": 59958,
                  "Actual Loops": 4,
                  "Recheck Cond": "(company_id > 103175)",
                  "Rows Removed by Index Recheck": 0,
                  "Exact Heap Blocks": 2749,
                  "Lossy Heap Blocks": 0,
                  "Plans": [
                    {
                      "Node Type": "Bitmap Index Scan",
                      "Parent Relationship": "Outer",
                      "Parallel Aware": false,
                      "Index Name": "company_id_movie_companies",
                      "Startup Cost": 0.0,
                      "Total Cost": 5164.73,
                      "Plan Rows": 241107,
                      "Plan Width": 0,
                      "Actual Startup Time": 17.7,
                      "Actual Total Time": 17.7,
                      "Actual Rows": 239833,
                      "Actual Loops": 1,
                      "Index Cond": "(company_id > 103175)"
                    }
                  ]
                }
              ]
            }
          ]
        }
      ]
    },
    "Planning Time": 0.098,
    "Triggers": [],
    "Execution Time": 56.597
  }
]