{
  "Plan": {
    "Node Type": "Aggregate",
    "Strategy": "Plain",
    "Partial Mode": "Finalize",
    "Parallel Aware": false,
    "Startup Cost": 425468.08,
    "Total Cost": 425468.09,
    "Plan Rows": 1,
    "Plan Width": 8,
    "Actual Startup Time": 1399.793,
    "Actual Total Time": 1430.331,
    "Actual Rows": 1,
    "Actual Loops": 1,
    "Plans": [
      {
        "Node Type": "Gather",
        "Parent Relationship": "Outer",
        "Parallel Aware": false,
        "Startup Cost": 425467.97,
        "Total Cost": 425468.08,
        "Plan Rows": 1,
        "Plan Width": 8,
        "Actual Startup Time": 1392.748,
        "Actual Total Time": 1430.32,
        "Actual Rows": 2,
        "Actual Loops": 1,
        "Workers Planned": 1,
        "Workers Launched": 1,
        "Single Copy": false,
        "Plans": [
          {
            "Node Type": "Aggregate",
            "Strategy": "Plain",
            "Partial Mode": "Partial",
            "Parent Relationship": "Outer",
            "Parallel Aware": false,
            "Startup Cost": 424467.97,
            "Total Cost": 424467.98,
            "Plan Rows": 1,
            "Plan Width": 8,
            "Actual Startup Time": 1386.759,
            "Actual Total Time": 1386.768,
            "Actual Rows": 1,
            "Actual Loops": 2,
            "Plans": [
              {
                "Node Type": "Hash Join",
                "Parent Relationship": "Outer",
                "Parallel Aware": true,
                "Join Type": "Inner",
                "Startup Cost": 154204.52,
                "Total Cost": 423827.01,
                "Plan Rows": 256382,
                "Plan Width": 0,
                "Actual Startup Time": 1056.445,
                "Actual Total Time": 1370.905,
                "Actual Rows": 360718,
                "Actual Loops": 2,
                "Inner Unique": false,
                "Hash Cond": "(ci.movie_id = t.id)",
                "Plans": [
                  {
                    "Node Type": "Bitmap Heap Scan",
                    "Parent Relationship": "Outer",
                    "Parallel Aware": true,
                    "Relation Name": "cast_info",
                    "Alias": "ci",
                    "Startup Cost": 33025.61,
                    "Total Cost": 298956.88,
                    "Plan Rows": 582159,
                    "Plan Width": 4,
                    "Actual Startup Time": 55.555,
                    "Actual Total Time": 166.713,
                    "Actual Rows": 619575,
                    "Actual Loops": 2,
                    "Recheck Cond": "(person_id < 155091)",
                    "Rows Removed by Index Recheck": 0,
                    "Filter": "(role_id < 4)",
                    "Rows Removed by Filter": 157120,
                    "Exact Heap Blocks": 8453,
                    "Lossy Heap Blocks": 0,
                    "Plans": [
                      {
                        "Node Type": "Bitmap Index Scan",
                        "Parent Relationship": "Outer",
                        "Parallel Aware": false,
                        "Index Name": "person_id_cast_info",
                        "Startup Cost": 0.0,
                        "Total Cost": 32778.19,
                        "Plan Rows": 1501017,
                        "Plan Width": 0,
                        "Actual Startup Time": 52.994,
                        "Actual Total Time": 52.995,
                        "Actual Rows": 1553390,
                        "Actual Loops": 1,
                        "Index Cond": "(person_id < 155091)"
                      }
                    ]
                  },
                  {
                    "Node Type": "Hash",
                    "Parent Relationship": "Inner",
                    "Parallel Aware": true,
                    "Startup Cost": 112991.73,
                    "Total Cost": 112991.73,
                    "Plan Rows": 654974,
                    "Plan Width": 8,
                    "Actual Startup Time": 990.534,
                    "Actual Total Time": 990.54,
                    "Actual Rows": 456568,
                    "Actual Loops": 2,
                    "Hash Buckets": 2097152,
                    "Original Hash Buckets": 2097152,
                    "Hash Batches": 1,
                    "Original Hash Batches": 1,
                    "Peak Memory Usage": 52128,
                    "Plans": [
                      {
                        "Node Type": "Hash Join",
                        "Parent Relationship": "Outer",
                        "Parallel Aware": true,
                        "Join Type": "Inner",
                        "Startup Cost": 69460.7,
                        "Total Cost": 112991.73,
                        "Plan Rows": 654974,
                        "Plan Width": 8,
                        "Actual Startup Time": 607.861,
                        "Actual Total Time": 858.02,
                        "Actual Rows": 456568,
                        "Actual Loops": 2,
                        "Inner Unique": true,
                        "Hash Cond": "(mc.movie_id = t.id)",
                        "Plans": [
                          {
                            "Node Type": "Seq Scan",
                            "Parent Relationship": "Outer",
                            "Parallel Aware": true,
                            "Relation Name": "movie_companies",
                            "Alias": "mc",
                            "Startup Cost": 0.0,
                            "Total Cost": 41811.73,
                            "Plan Rows": 654974,
                            "Plan Width": 4,
                            "Actual Startup Time": 49.521,
                            "Actual Total Time": 118.653,
                            "Actual Rows": 456568,
                            "Actual Loops": 2,
                            "Filter": "((company_id < 79910) AND (company_type_id = 2))",
                            "Rows Removed by Filter": 847996
                          },
                          {
                            "Node Type": "Hash",
                            "Parent Relationship": "Inner",
                            "Parallel Aware": true,
                            "Startup Cost": 50870.31,
                            "Total Cost": 50870.31,
                            "Plan Rows": 1487231,
                            "Plan Width": 4,
                            "Actual Startup Time": 545.595,
                            "Actual Total Time": 545.597,
                            "Actual Rows": 1264156,
                            "Actual Loops": 2,
                            "Hash Buckets": 4194304,
                            "Original Hash Buckets": 4194304,
                            "Hash Batches": 1,
                            "Original Hash Batches": 1,
                            "Peak Memory Usage": 131712,
                            "Plans": [
                              {
                                "Node Type": "Seq Scan",
                                "Parent Relationship": "Outer",
                                "Parallel Aware": true,
                                "Relation Name": "title",
                                "Alias": "t",
                                "Startup Cost": 0.0,
                                "Total Cost": 50870.31,
                                "Plan Rows": 1487231,
                                "Plan Width": 4,
                                "Actual Startup Time": 0.057,
                                "Actual Total Time": 152.283,
                                "Actual Rows": 1264156,
                                "Actual Loops": 2
                              }
                            ]
                          }
                        ]
                      }
                    ]
                  }
                ]
              }
            ]
          }
        ]
      }
    ]
  },
  "Planning Time": 0.717,
  "Triggers": [],
  "Execution Time": 1430.404
}