[
  {
    "Plan": {
      "Node Type": "Aggregate",
      "Strategy": "Plain",
      "Partial Mode": "Simple",
      "Parallel Aware": false,
      "Startup Cost": 6655.68,
      "Total Cost": 6655.69,
      "Plan Rows": 1,
      "Plan Width": 8,
      "Actual Startup Time": 3.669,
      "Actual Total Time": 3.67,
      "Actual Rows": 1,
      "Actual Loops": 1,
      "Plans": [
        {
          "Node Type": "Index Scan",
          "Parent Relationship": "Outer",
          "Parallel Aware": false,
          "Scan Direction": "Forward",
          "Index Name": "company_id_movie_companies",
          "Relation Name": "movie_companies",
          "Alias": "mc",
          "Startup Cost": 0.43,
          "Total Cost": 6652.39,
          "Plan Rows": 1318,
          "Plan Width": 0,
          "Actual Startup Time": 0.168,
          "Actual Total Time": 3.191,
          "Actual Rows": 2403,
          "Actual Loops": 1,
          "Index Cond": "(company_id = 686)",
          "Rows Removed by Index Recheck": 0,
          "Filter": "(company_type_id = 1)",
          "Rows Removed by Filter": 43
        }
      ]
    },
    "Planning Time": 0.211,
    "Triggers": [],
    "Execution Time": 3.722
  }
]