[
    {
        "Bao": {
            "Bao prediction": 819.411,
            "Bao recommended hint": "(no hint)"
        }
    },
    {
        "Plan": {
            "Node Type": "Aggregate",
            "Strategy": "Plain",
            "Partial Mode": "Finalize",
            "Parallel Aware": false,
            "Startup Cost": 81022.67,
            "Total Cost": 81022.68,
            "Plan Rows": 1,
            "Plan Width": 8,
            "Actual Startup Time": 502.248,
            "Actual Total Time": 513.959,
            "Actual Rows": 1,
            "Actual Loops": 1,
            "Output": [
                "count(*)"
            ],
            "Plans": [
                {
                    "Node Type": "Gather",
                    "Parent Relationship": "Outer",
                    "Parallel Aware": false,
                    "Startup Cost": 81022.35,
                    "Total Cost": 81022.66,
                    "Plan Rows": 3,
                    "Plan Width": 8,
                    "Actual Startup Time": 497.257,
                    "Actual Total Time": 513.95,
                    "Actual Rows": 4,
                    "Actual Loops": 1,
                    "Output": [
                        "(PARTIAL count(*))"
                    ],
                    "Workers Planned": 3,
                    "Workers Launched": 3,
                    "Single Copy": false,
                    "Plans": [
                        {
                            "Node Type": "Aggregate",
                            "Strategy": "Plain",
                            "Partial Mode": "Partial",
                            "Parent Relationship": "Outer",
                            "Parallel Aware": false,
                            "Startup Cost": 80022.35,
                            "Total Cost": 80022.36,
                            "Plan Rows": 1,
                            "Plan Width": 8,
                            "Actual Startup Time": 484.376,
                            "Actual Total Time": 484.379,
                            "Actual Rows": 1,
                            "Actual Loops": 4,
                            "Output": [
                                "PARTIAL count(*)"
                            ],
                            "Workers": [
                                {
                                    "Worker Number": 0,
                                    "Actual Startup Time": 480.293,
                                    "Actual Total Time": 480.295,
                                    "Actual Rows": 1,
                                    "Actual Loops": 1
                                },
                                {
                                    "Worker Number": 1,
                                    "Actual Startup Time": 480.352,
                                    "Actual Total Time": 480.355,
                                    "Actual Rows": 1,
                                    "Actual Loops": 1
                                },
                                {
                                    "Worker Number": 2,
                                    "Actual Startup Time": 480.346,
                                    "Actual Total Time": 480.349,
                                    "Actual Rows": 1,
                                    "Actual Loops": 1
                                }
                            ],
                            "Plans": [
                                {
                                    "Node Type": "Hash Join",
                                    "Parent Relationship": "Outer",
                                    "Parallel Aware": true,
                                    "Join Type": "Inner",
                                    "Startup Cost": 48689.12,
                                    "Total Cost": 79282.01,
                                    "Plan Rows": 296137,
                                    "Plan Width": 0,
                                    "Actual Startup Time": 285.561,
                                    "Actual Total Time": 480.421,
                                    "Actual Rows": 57579,
                                    "Actual Loops": 4,
                                    "Inner Unique": true,
                                    "Hash Cond": "(mc.movie_id = t.id)",
                                    "Workers": [
                                        {
                                            "Worker Number": 0,
                                            "Actual Startup Time": 281.674,
                                            "Actual Total Time": 476.332,
                                            "Actual Rows": 56873,
                                            "Actual Loops": 1
                                        },
                                        {
                                            "Worker Number": 1,
                                            "Actual Startup Time": 281.771,
                                            "Actual Total Time": 476.439,
                                            "Actual Rows": 56427,
                                            "Actual Loops": 1
                                        },
                                        {
                                            "Worker Number": 2,
                                            "Actual Startup Time": 281.748,
                                            "Actual Total Time": 476.372,
                                            "Actual Rows": 57119,
                                            "Actual Loops": 1
                                        }
                                    ],
                                    "Plans": [
                                        {
                                            "Node Type": "Seq Scan",
                                            "Parent Relationship": "Outer",
                                            "Parallel Aware": true,
                                            "Relation Name": "movie_companies",
                                            "Schema": "public",
                                            "Alias": "mc",
                                            "Startup Cost": 0.0,
                                            "Total Cost": 29310.68,
                                            "Plan Rows": 488460,
                                            "Plan Width": 4,
                                            "Actual Startup Time": 4.852,
                                            "Actual Total Time": 87.426,
                                            "Actual Rows": 379347,
                                            "Actual Loops": 4,
                                            "Output": [
                                                "mc.id",
                                                "mc.movie_id",
                                                "mc.company_id",
                                                "mc.company_type_id",
                                                "mc.note"
                                            ],
                                            "Filter": "(mc.company_id > 7304)",
                                            "Rows Removed by Filter": 272935,
                                            "Workers": [
                                                {
                                                    "Worker Number": 0,
                                                    "Actual Startup Time": 4.821,
                                                    "Actual Total Time": 88.888,
                                                    "Actual Rows": 370178,
                                                    "Actual Loops": 1
                                                },
                                                {
                                                    "Worker Number": 1,
                                                    "Actual Startup Time": 4.817,
                                                    "Actual Total Time": 89.147,
                                                    "Actual Rows": 371439,
                                                    "Actual Loops": 1
                                                },
                                                {
                                                    "Worker Number": 2,
                                                    "Actual Startup Time": 4.788,
                                                    "Actual Total Time": 88.647,
                                                    "Actual Rows": 372871,
                                                    "Actual Loops": 1
                                                }
                                            ]
                                        },
                                        {
                                            "Node Type": "Hash",
                                            "Parent Relationship": "Inner",
                                            "Parallel Aware": true,
                                            "Startup Cost": 43899.01,
                                            "Total Cost": 43899.01,
                                            "Plan Rows": 383209,
                                            "Plan Width": 4,
                                            "Actual Startup Time": 272.384,
                                            "Actual Total Time": 272.385,
                                            "Actual Rows": 385816,
                                            "Actual Loops": 4,
                                            "Output": [
                                                "t.id"
                                            ],
                                            "Hash Buckets": 2097152,
                                            "Original Hash Buckets": 2097152,
                                            "Hash Batches": 1,
                                            "Original Hash Batches": 1,
                                            "Peak Memory Usage": 76800,
                                            "Workers": [
                                                {
                                                    "Worker Number": 0,
                                                    "Actual Startup Time": 275.888,
                                                    "Actual Total Time": 275.889,
                                                    "Actual Rows": 365358,
                                                    "Actual Loops": 1
                                                },
                                                {
                                                    "Worker Number": 1,
                                                    "Actual Startup Time": 275.981,
                                                    "Actual Total Time": 275.982,
                                                    "Actual Rows": 367960,
                                                    "Actual Loops": 1
                                                },
                                                {
                                                    "Worker Number": 2,
                                                    "Actual Startup Time": 275.965,
                                                    "Actual Total Time": 275.966,
                                                    "Actual Rows": 369218,
                                                    "Actual Loops": 1
                                                }
                                            ],
                                            "Plans": [
                                                {
                                                    "Node Type": "Seq Scan",
                                                    "Parent Relationship": "Outer",
                                                    "Parallel Aware": true,
                                                    "Relation Name": "title",
                                                    "Schema": "public",
                                                    "Alias": "t",
                                                    "Startup Cost": 0.0,
                                                    "Total Cost": 43899.01,
                                                    "Plan Rows": 383209,
                                                    "Plan Width": 4,
                                                    "Actual Startup Time": 0.042,
                                                    "Actual Total Time": 119.32,
                                                    "Actual Rows": 385816,
                                                    "Actual Loops": 4,
                                                    "Output": [
                                                        "t.id"
                                                    ],
                                                    "Filter": "(t.kind_id = 7)",
                                                    "Rows Removed by Filter": 246262,
                                                    "Workers": [
                                                        {
                                                            "Worker Number": 0,
                                                            "Actual Startup Time": 0.046,
                                                            "Actual Total Time": 121.713,
                                                            "Actual Rows": 365358,
                                                            "Actual Loops": 1
                                                        },
                                                        {
                                                            "Worker Number": 1,
                                                            "Actual Startup Time": 0.046,
                                                            "Actual Total Time": 121.691,
                                                            "Actual Rows": 367960,
                                                            "Actual Loops": 1
                                                        },
                                                        {
                                                            "Worker Number": 2,
                                                            "Actual Startup Time": 0.059,
                                                            "Actual Total Time": 121.677,
                                                            "Actual Rows": 369218,
                                                            "Actual Loops": 1
                                                        }
                                                    ]
                                                }
                                            ]
                                        }
                                    ]
                                }
                            ]
                        }
                    ]
                }
            ]
        },
        "Planning Time": 1771.203,
        "Triggers": [],
        "Execution Time": 514.064
    }
]