[
  {
    "Plan": {
      "Node Type": "Aggregate",
      "Strategy": "Plain",
      "Partial Mode": "Finalize",
      "Parallel Aware": false,
      "Startup Cost": 46488.47,
      "Total Cost": 46488.48,
      "Plan Rows": 1,
      "Plan Width": 8,
      "Actual Startup Time": 90.108,
      "Actual Total Time": 102.912,
      "Actual Rows": 1,
      "Actual Loops": 1,
      "Plans": [
        {
          "Node Type": "Gather",
          "Parent Relationship": "Outer",
          "Parallel Aware": false,
          "Startup Cost": 46488.05,
          "Total Cost": 46488.46,
          "Plan Rows": 4,
          "Plan Width": 8,
          "Actual Startup Time": 89.864,
          "Actual Total Time": 102.903,
          "Actual Rows": 5,
          "Actual Loops": 1,
          "Workers Planned": 4,
          "Workers Launched": 4,
          "Single Copy": false,
          "Plans": [
            {
              "Node Type": "Aggregate",
              "Strategy": "Plain",
              "Partial Mode": "Partial",
              "Parent Relationship": "Outer",
              "Parallel Aware": false,
              "Startup Cost": 45488.05,
              "Total Cost": 45488.06,
              "Plan Rows": 1,
              "Plan Width": 8,
              "Actual Startup Time": 82.289,
              "Actual Total Time": 82.29,
              "Actual Rows": 1,
              "Actual Loops": 5,
              "Plans": [
                {
                  "Node Type": "Seq Scan",
                  "Parent Relationship": "Outer",
                  "Parallel Aware": true,
                  "Relation Name": "title",
                  "Alias": "t",
                  "Startup Cost": 0.0,
                  "Total Cost": 45479.1,
                  "Plan Rows": 3582,
                  "Plan Width": 0,
                  "Actual Startup Time": 56.022,
                  "Actual Total Time": 82.149,
                  "Actual Rows": 1516,
                  "Actual Loops": 5,
                  "Filter": "((kind_id = 1) AND (production_year = 1999))",
                  "Rows Removed by Filter": 504147
                }
              ]
            }
          ]
        }
      ]
    },
    "Planning Time": 0.188,
    "Triggers": [],
    "Execution Time": 102.98
  }
]