{
    "Plan": {
        "Node Type": "Aggregate",
        "Strategy": "Plain",
        "Partial Mode": "Finalize",
        "Parallel Aware": false,
        "Startup Cost": 638268.36,
        "Total Cost": 638268.37,
        "Plan Rows": 1,
        "Plan Width": 8,
        "Actual Startup Time": 12064.652,
        "Actual Total Time": 12140.517,
        "Actual Rows": 1,
        "Actual Loops": 1,
        "Output": [
            "count(*)"
        ],
        "Plans": [
            {
                "Node Type": "Gather",
                "Parent Relationship": "Outer",
                "Parallel Aware": false,
                "Startup Cost": 638267.74,
                "Total Cost": 638268.35,
                "Plan Rows": 6,
                "Plan Width": 8,
                "Actual Startup Time": 12039.462,
                "Actual Total Time": 12140.504,
                "Actual Rows": 7,
                "Actual Loops": 1,
                "Output": [
                    "(PARTIAL count(*))"
                ],
                "Workers Planned": 6,
                "Workers Launched": 6,
                "Single Copy": false,
                "Plans": [
                    {
                        "Node Type": "Aggregate",
                        "Strategy": "Plain",
                        "Partial Mode": "Partial",
                        "Parent Relationship": "Outer",
                        "Parallel Aware": false,
                        "Startup Cost": 637267.74,
                        "Total Cost": 637267.75,
                        "Plan Rows": 1,
                        "Plan Width": 8,
                        "Actual Startup Time": 12019.24,
                        "Actual Total Time": 12019.777,
                        "Actual Rows": 1,
                        "Actual Loops": 7,
                        "Output": [
                            "PARTIAL count(*)"
                        ],
                        "Workers": [
                            {
                                "Worker Number": 0,
                                "Actual Startup Time": 12021.793,
                                "Actual Total Time": 12021.798,
                                "Actual Rows": 1,
                                "Actual Loops": 1
                            },
                            {
                                "Worker Number": 1,
                                "Actual Startup Time": 12014.752,
                                "Actual Total Time": 12014.758,
                                "Actual Rows": 1,
                                "Actual Loops": 1
                            },
                            {
                                "Worker Number": 2,
                                "Actual Startup Time": 12014.609,
                                "Actual Total Time": 12014.615,
                                "Actual Rows": 1,
                                "Actual Loops": 1
                            },
                            {
                                "Worker Number": 3,
                                "Actual Startup Time": 12015.069,
                                "Actual Total Time": 12015.074,
                                "Actual Rows": 1,
                                "Actual Loops": 1
                            },
                            {
                                "Worker Number": 4,
                                "Actual Startup Time": 12014.866,
                                "Actual Total Time": 12014.872,
                                "Actual Rows": 1,
                                "Actual Loops": 1
                            },
                            {
                                "Worker Number": 5,
                                "Actual Startup Time": 12015.13,
                                "Actual Total Time": 12015.134,
                                "Actual Rows": 1,
                                "Actual Loops": 1
                            }
                        ],
                        "Plans": [
                            {
                                "Node Type": "Hash Join",
                                "Parent Relationship": "Outer",
                                "Parallel Aware": true,
                                "Join Type": "Inner",
                                "Startup Cost": 261522.1,
                                "Total Cost": 615056.98,
                                "Plan Rows": 8884302,
                                "Plan Width": 0,
                                "Actual Startup Time": 1715.731,
                                "Actual Total Time": 10201.716,
                                "Actual Rows": 44338694,
                                "Actual Loops": 7,
                                "Inner Unique": false,
                                "Hash Cond": "(ci.movie_id = t.id)",
                                "Workers": [
                                    {
                                        "Worker Number": 0,
                                        "Actual Startup Time": 1712.313,
                                        "Actual Total Time": 10220.58,
                                        "Actual Rows": 41291899,
                                        "Actual Loops": 1
                                    },
                                    {
                                        "Worker Number": 1,
                                        "Actual Startup Time": 1712.316,
                                        "Actual Total Time": 10183.048,
                                        "Actual Rows": 47129307,
                                        "Actual Loops": 1
                                    },
                                    {
                                        "Worker Number": 2,
                                        "Actual Startup Time": 1712.273,
                                        "Actual Total Time": 10231.305,
                                        "Actual Rows": 41707906,
                                        "Actual Loops": 1
                                    },
                                    {
                                        "Worker Number": 3,
                                        "Actual Startup Time": 1712.424,
                                        "Actual Total Time": 10286.095,
                                        "Actual Rows": 43215986,
                                        "Actual Loops": 1
                                    },
                                    {
                                        "Worker Number": 4,
                                        "Actual Startup Time": 1712.12,
                                        "Actual Total Time": 10272.892,
                                        "Actual Rows": 43560544,
                                        "Actual Loops": 1
                                    },
                                    {
                                        "Worker Number": 5,
                                        "Actual Startup Time": 1712.546,
                                        "Actual Total Time": 10142.364,
                                        "Actual Rows": 46299003,
                                        "Actual Loops": 1
                                    }
                                ],
                                "Plans": [
                                    {
                                        "Node Type": "Seq Scan",
                                        "Parent Relationship": "Outer",
                                        "Parallel Aware": true,
                                        "Relation Name": "cast_info",
                                        "Schema": "public",
                                        "Alias": "ci",
                                        "Startup Cost": 0.0,
                                        "Total Cost": 313108.29,
                                        "Plan Rows": 6042129,
                                        "Plan Width": 4,
                                        "Actual Startup Time": 0.042,
                                        "Actual Total Time": 584.197,
                                        "Actual Rows": 5177763,
                                        "Actual Loops": 7,
                                        "Output": [
                                            "ci.id",
                                            "ci.person_id",
                                            "ci.movie_id",
                                            "ci.person_role_id",
                                            "ci.note",
                                            "ci.nr_order",
                                            "ci.role_id"
                                        ],
                                        "Workers": [
                                            {
                                                "Worker Number": 0,
                                                "Actual Startup Time": 0.053,
                                                "Actual Total Time": 605.201,
                                                "Actual Rows": 4757253,
                                                "Actual Loops": 1
                                            },
                                            {
                                                "Worker Number": 1,
                                                "Actual Startup Time": 0.046,
                                                "Actual Total Time": 610.398,
                                                "Actual Rows": 5573823,
                                                "Actual Loops": 1
                                            },
                                            {
                                                "Worker Number": 2,
                                                "Actual Startup Time": 0.039,
                                                "Actual Total Time": 609.776,
                                                "Actual Rows": 4879566,
                                                "Actual Loops": 1
                                            },
                                            {
                                                "Worker Number": 3,
                                                "Actual Startup Time": 0.036,
                                                "Actual Total Time": 607.039,
                                                "Actual Rows": 5034000,
                                                "Actual Loops": 1
                                            },
                                            {
                                                "Worker Number": 4,
                                                "Actual Startup Time": 0.056,
                                                "Actual Total Time": 597.451,
                                                "Actual Rows": 5035074,
                                                "Actual Loops": 1
                                            },
                                            {
                                                "Worker Number": 5,
                                                "Actual Startup Time": 0.039,
                                                "Actual Total Time": 609.989,
                                                "Actual Rows": 5395039,
                                                "Actual Loops": 1
                                            }
                                        ]
                                    },
                                    {
                                        "Node Type": "Hash",
                                        "Parent Relationship": "Inner",
                                        "Parallel Aware": true,
                                        "Startup Cost": 252228.04,
                                        "Total Cost": 252228.04,
                                        "Plan Rows": 743525,
                                        "Plan Width": 8,
                                        "Actual Startup Time": 1708.589,
                                        "Actual Total Time": 1709.124,
                                        "Actual Rows": 1122573,
                                        "Actual Loops": 7,
                                        "Output": [
                                            "t.id",
                                            "mi.movie_id"
                                        ],
                                        "Hash Buckets": 8388608,
                                        "Original Hash Buckets": 4194304,
                                        "Hash Batches": 1,
                                        "Original Hash Batches": 1,
                                        "Peak Memory Usage": 405792,
                                        "Workers": [
                                            {
                                                "Worker Number": 0,
                                                "Actual Startup Time": 1711.461,
                                                "Actual Total Time": 1711.464,
                                                "Actual Rows": 1020152,
                                                "Actual Loops": 1
                                            },
                                            {
                                                "Worker Number": 1,
                                                "Actual Startup Time": 1711.48,
                                                "Actual Total Time": 1711.483,
                                                "Actual Rows": 1015891,
                                                "Actual Loops": 1
                                            },
                                            {
                                                "Worker Number": 2,
                                                "Actual Startup Time": 1711.362,
                                                "Actual Total Time": 1711.366,
                                                "Actual Rows": 962741,
                                                "Actual Loops": 1
                                            },
                                            {
                                                "Worker Number": 3,
                                                "Actual Startup Time": 1711.687,
                                                "Actual Total Time": 1711.691,
                                                "Actual Rows": 1303752,
                                                "Actual Loops": 1
                                            },
                                            {
                                                "Worker Number": 4,
                                                "Actual Startup Time": 1711.316,
                                                "Actual Total Time": 1711.32,
                                                "Actual Rows": 1303652,
                                                "Actual Loops": 1
                                            },
                                            {
                                                "Worker Number": 5,
                                                "Actual Startup Time": 1711.601,
                                                "Actual Total Time": 1711.603,
                                                "Actual Rows": 1117432,
                                                "Actual Loops": 1
                                            }
                                        ],
                                        "Plans": [
                                            {
                                                "Node Type": "Hash Join",
                                                "Parent Relationship": "Outer",
                                                "Parallel Aware": true,
                                                "Join Type": "Inner",
                                                "Startup Cost": 45996.98,
                                                "Total Cost": 252228.04,
                                                "Plan Rows": 743525,
                                                "Plan Width": 8,
                                                "Actual Startup Time": 144.48,
                                                "Actual Total Time": 1134.229,
                                                "Actual Rows": 1122573,
                                                "Actual Loops": 7,
                                                "Output": [
                                                    "t.id",
                                                    "mi.movie_id"
                                                ],
                                                "Inner Unique": true,
                                                "Hash Cond": "(mi.movie_id = t.id)",
                                                "Workers": [
                                                    {
                                                        "Worker Number": 0,
                                                        "Actual Startup Time": 144.487,
                                                        "Actual Total Time": 1139.98,
                                                        "Actual Rows": 1020152,
                                                        "Actual Loops": 1
                                                    },
                                                    {
                                                        "Worker Number": 1,
                                                        "Actual Startup Time": 144.493,
                                                        "Actual Total Time": 1140.496,
                                                        "Actual Rows": 1015891,
                                                        "Actual Loops": 1
                                                    },
                                                    {
                                                        "Worker Number": 2,
                                                        "Actual Startup Time": 144.465,
                                                        "Actual Total Time": 1140.829,
                                                        "Actual Rows": 962741,
                                                        "Actual Loops": 1
                                                    },
                                                    {
                                                        "Worker Number": 3,
                                                        "Actual Startup Time": 144.449,
                                                        "Actual Total Time": 1132.449,
                                                        "Actual Rows": 1303752,
                                                        "Actual Loops": 1
                                                    },
                                                    {
                                                        "Worker Number": 4,
                                                        "Actual Startup Time": 144.415,
                                                        "Actual Total Time": 1131.472,
                                                        "Actual Rows": 1303652,
                                                        "Actual Loops": 1
                                                    },
                                                    {
                                                        "Worker Number": 5,
                                                        "Actual Startup Time": 144.44,
                                                        "Actual Total Time": 1138.568,
                                                        "Actual Rows": 1117432,
                                                        "Actual Loops": 1
                                                    }
                                                ],
                                                "Plans": [
                                                    {
                                                        "Node Type": "Seq Scan",
                                                        "Parent Relationship": "Outer",
                                                        "Parallel Aware": true,
                                                        "Relation Name": "movie_info",
                                                        "Schema": "public",
                                                        "Alias": "mi",
                                                        "Startup Cost": 0.0,
                                                        "Total Cost": 198880.74,
                                                        "Plan Rows": 2800119,
                                                        "Plan Width": 4,
                                                        "Actual Startup Time": 0.03,
                                                        "Actual Total Time": 420.094,
                                                        "Actual Rows": 2004797,
                                                        "Actual Loops": 7,
                                                        "Output": [
                                                            "mi.id",
                                                            "mi.movie_id",
                                                            "mi.info_type_id",
                                                            "mi.info",
                                                            "mi.note"
                                                        ],
                                                        "Filter": "(mi.info_type_id > 1)",
                                                        "Rows Removed by Filter": 114591,
                                                        "Workers": [
                                                            {
                                                                "Worker Number": 0,
                                                                "Actual Startup Time": 0.034,
                                                                "Actual Total Time": 445.731,
                                                                "Actual Rows": 1814501,
                                                                "Actual Loops": 1
                                                            },
                                                            {
                                                                "Worker Number": 1,
                                                                "Actual Startup Time": 0.036,
                                                                "Actual Total Time": 444.29,
                                                                "Actual Rows": 1809567,
                                                                "Actual Loops": 1
                                                            },
                                                            {
                                                                "Worker Number": 2,
                                                                "Actual Startup Time": 0.042,
                                                                "Actual Total Time": 435.93,
                                                                "Actual Rows": 1704977,
                                                                "Actual Loops": 1
                                                            },
                                                            {
                                                                "Worker Number": 3,
                                                                "Actual Startup Time": 0.031,
                                                                "Actual Total Time": 404.951,
                                                                "Actual Rows": 2311565,
                                                                "Actual Loops": 1
                                                            },
                                                            {
                                                                "Worker Number": 4,
                                                                "Actual Startup Time": 0.031,
                                                                "Actual Total Time": 406.132,
                                                                "Actual Rows": 2314371,
                                                                "Actual Loops": 1
                                                            },
                                                            {
                                                                "Worker Number": 5,
                                                                "Actual Startup Time": 0.031,
                                                                "Actual Total Time": 436.952,
                                                                "Actual Rows": 1958501,
                                                                "Actual Loops": 1
                                                            }
                                                        ]
                                                    },
                                                    {
                                                        "Node Type": "Hash",
                                                        "Parent Relationship": "Inner",
                                                        "Parallel Aware": true,
                                                        "Startup Cost": 43899.01,
                                                        "Total Cost": 43899.01,
                                                        "Plan Rows": 167838,
                                                        "Plan Width": 4,
                                                        "Actual Startup Time": 129.146,
                                                        "Actual Total Time": 129.147,
                                                        "Actual Rows": 94689,
                                                        "Actual Loops": 7,
                                                        "Output": [
                                                            "t.id"
                                                        ],
                                                        "Hash Buckets": 1048576,
                                                        "Original Hash Buckets": 1048576,
                                                        "Hash Batches": 1,
                                                        "Original Hash Batches": 1,
                                                        "Peak Memory Usage": 34240,
                                                        "Workers": [
                                                            {
                                                                "Worker Number": 0,
                                                                "Actual Startup Time": 130.254,
                                                                "Actual Total Time": 130.255,
                                                                "Actual Rows": 80919,
                                                                "Actual Loops": 1
                                                            },
                                                            {
                                                                "Worker Number": 1,
                                                                "Actual Startup Time": 130.248,
                                                                "Actual Total Time": 130.249,
                                                                "Actual Rows": 80959,
                                                                "Actual Loops": 1
                                                            },
                                                            {
                                                                "Worker Number": 2,
                                                                "Actual Startup Time": 130.22,
                                                                "Actual Total Time": 130.222,
                                                                "Actual Rows": 77775,
                                                                "Actual Loops": 1
                                                            },
                                                            {
                                                                "Worker Number": 3,
                                                                "Actual Startup Time": 130.226,
                                                                "Actual Total Time": 130.227,
                                                                "Actual Rows": 104770,
                                                                "Actual Loops": 1
                                                            },
                                                            {
                                                                "Worker Number": 4,
                                                                "Actual Startup Time": 130.206,
                                                                "Actual Total Time": 130.207,
                                                                "Actual Rows": 104804,
                                                                "Actual Loops": 1
                                                            },
                                                            {
                                                                "Worker Number": 5,
                                                                "Actual Startup Time": 130.183,
                                                                "Actual Total Time": 130.184,
                                                                "Actual Rows": 115029,
                                                                "Actual Loops": 1
                                                            }
                                                        ],
                                                        "Plans": [
                                                            {
                                                                "Node Type": "Seq Scan",
                                                                "Parent Relationship": "Outer",
                                                                "Parallel Aware": true,
                                                                "Relation Name": "title",
                                                                "Schema": "public",
                                                                "Alias": "t",
                                                                "Startup Cost": 0.0,
                                                                "Total Cost": 43899.01,
                                                                "Plan Rows": 167838,
                                                                "Plan Width": 4,
                                                                "Actual Startup Time": 43.722,
                                                                "Actual Total Time": 82.152,
                                                                "Actual Rows": 94689,
                                                                "Actual Loops": 7,
                                                                "Output": [
                                                                    "t.id"
                                                                ],
                                                                "Filter": "(t.kind_id = 1)",
                                                                "Rows Removed by Filter": 266498,
                                                                "Workers": [
                                                                    {
                                                                        "Worker Number": 0,
                                                                        "Actual Startup Time": 50.112,
                                                                        "Actual Total Time": 83.315,
                                                                        "Actual Rows": 80919,
                                                                        "Actual Loops": 1
                                                                    },
                                                                    {
                                                                        "Worker Number": 1,
                                                                        "Actual Startup Time": 50.079,
                                                                        "Actual Total Time": 83.27,
                                                                        "Actual Rows": 80959,
                                                                        "Actual Loops": 1
                                                                    },
                                                                    {
                                                                        "Worker Number": 2,
                                                                        "Actual Startup Time": 50.104,
                                                                        "Actual Total Time": 82.964,
                                                                        "Actual Rows": 77775,
                                                                        "Actual Loops": 1
                                                                    },
                                                                    {
                                                                        "Worker Number": 3,
                                                                        "Actual Startup Time": 50.114,
                                                                        "Actual Total Time": 82.136,
                                                                        "Actual Rows": 104770,
                                                                        "Actual Loops": 1
                                                                    },
                                                                    {
                                                                        "Worker Number": 4,
                                                                        "Actual Startup Time": 50.126,
                                                                        "Actual Total Time": 81.948,
                                                                        "Actual Rows": 104804,
                                                                        "Actual Loops": 1
                                                                    },
                                                                    {
                                                                        "Worker Number": 5,
                                                                        "Actual Startup Time": 50.257,
                                                                        "Actual Total Time": 81.848,
                                                                        "Actual Rows": 115029,
                                                                        "Actual Loops": 1
                                                                    }
                                                                ]
                                                            }
                                                        ]
                                                    }
                                                ]
                                            }
                                        ]
                                    }
                                ]
                            }
                        ]
                    }
                ]
            }
        ]
    },
    "Planning Time": 1.592,
    "Triggers": [],
    "Execution Time": 12140.609
}