[
  {
    "Plan": {
      "Node Type": "Aggregate",
      "Strategy": "Plain",
      "Partial Mode": "Finalize",
      "Parallel Aware": false,
      "Startup Cost": 244835.4,
      "Total Cost": 244835.41,
      "Plan Rows": 1,
      "Plan Width": 8,
      "Actual Startup Time": 321.584,
      "Actual Total Time": 344.774,
      "Actual Rows": 1,
      "Actual Loops": 1,
      "Plans": [
        {
          "Node Type": "Gather",
          "Parent Relationship": "Outer",
          "Parallel Aware": false,
          "Startup Cost": 244834.78,
          "Total Cost": 244835.39,
          "Plan Rows": 6,
          "Plan Width": 8,
          "Actual Startup Time": 321.199,
          "Actual Total Time": 344.766,
          "Actual Rows": 7,
          "Actual Loops": 1,
          "Workers Planned": 6,
          "Workers Launched": 6,
          "Single Copy": false,
          "Plans": [
            {
              "Node Type": "Aggregate",
              "Strategy": "Plain",
              "Partial Mode": "Partial",
              "Parent Relationship": "Outer",
              "Parallel Aware": false,
              "Startup Cost": 243834.78,
              "Total Cost": 243834.79,
              "Plan Rows": 1,
              "Plan Width": 8,
              "Actual Startup Time": 310.083,
              "Actual Total Time": 310.087,
              "Actual Rows": 1,
              "Actual Loops": 7,
              "Plans": [
                {
                  "Node Type": "Hash Join",
                  "Parent Relationship": "Outer",
                  "Parallel Aware": true,
                  "Join Type": "Inner",
                  "Startup Cost": 45532.11,
                  "Total Cost": 243832.1,
                  "Plan Rows": 1069,
                  "Plan Width": 0,
                  "Actual Startup Time": 255.448,
                  "Actual Total Time": 310.08,
                  "Actual Rows": 2,
                  "Actual Loops": 7,
                  "Inner Unique": true,
                  "Hash Cond": "(ci.movie_id = t.id)",
                  "Plans": [
                    {
                      "Node Type": "Index Scan",
                      "Parent Relationship": "Outer",
                      "Parallel Aware": true,
                      "Scan Direction": "Forward",
                      "Index Name": "role_id_cast_info",
                      "Relation Name": "cast_info",
                      "Alias": "ci",
                      "Startup Cost": 0.56,
                      "Total Cost": 197877.72,
                      "Plan Rows": 161079,
                      "Plan Width": 4,
                      "Actual Startup Time": 6.312,
                      "Actual Total Time": 232.17,
                      "Actual Rows": 183,
                      "Actual Loops": 7,
                      "Index Cond": "(role_id = 2)",
                      "Rows Removed by Index Recheck": 0,
                      "Filter": "(person_id < 475946)",
                      "Rows Removed by Filter": 1064385
                    },
                    {
                      "Node Type": "Hash",
                      "Parent Relationship": "Inner",
                      "Parallel Aware": true,
                      "Startup Cost": 45479.1,
                      "Total Cost": 45479.1,
                      "Plan Rows": 4196,
                      "Plan Width": 4,
                      "Actual Startup Time": 76.627,
                      "Actual Total Time": 76.629,
                      "Actual Rows": 2511,
                      "Actual Loops": 7,
                      "Hash Buckets": 32768,
                      "Original Hash Buckets": 32768,
                      "Hash Batches": 1,
                      "Original Hash Batches": 1,
                      "Peak Memory Usage": 1120,
                      "Plans": [
                        {
                          "Node Type": "Seq Scan",
                          "Parent Relationship": "Outer",
                          "Parallel Aware": true,
                          "Relation Name": "title",
                          "Alias": "t",
                          "Startup Cost": 0.0,
                          "Total Cost": 45479.1,
                          "Plan Rows": 4196,
                          "Plan Width": 4,
                          "Actual Startup Time": 0.162,
                          "Actual Total Time": 74.679,
                          "Actual Rows": 2511,
                          "Actual Loops": 7,
                          "Filter": "((kind_id > 1) AND (production_year = 1990))",
                          "Rows Removed by Filter": 358676
                        }
                      ]
                    }
                  ]
                }
              ]
            }
          ]
        }
      ]
    },
    "Planning Time": 0.68,
    "Triggers": [],
    "Execution Time": 344.854
  }
]