[
  {
    "Plan": {
      "Node Type": "Aggregate",
      "Strategy": "Plain",
      "Partial Mode": "Finalize",
      "Parallel Aware": false,
      "Startup Cost": 46683.98,
      "Total Cost": 46683.99,
      "Plan Rows": 1,
      "Plan Width": 8,
      "Actual Startup Time": 98.762,
      "Actual Total Time": 110.325,
      "Actual Rows": 1,
      "Actual Loops": 1,
      "Plans": [
        {
          "Node Type": "Gather",
          "Parent Relationship": "Outer",
          "Parallel Aware": false,
          "Startup Cost": 46683.56,
          "Total Cost": 46683.97,
          "Plan Rows": 4,
          "Plan Width": 8,
          "Actual Startup Time": 98.461,
          "Actual Total Time": 110.311,
          "Actual Rows": 5,
          "Actual Loops": 1,
          "Workers Planned": 4,
          "Workers Launched": 4,
          "Single Copy": false,
          "Plans": [
            {
              "Node Type": "Aggregate",
              "Strategy": "Plain",
              "Partial Mode": "Partial",
              "Parent Relationship": "Outer",
              "Parallel Aware": false,
              "Startup Cost": 45683.56,
              "Total Cost": 45683.57,
              "Plan Rows": 1,
              "Plan Width": 8,
              "Actual Startup Time": 90.788,
              "Actual Total Time": 90.79,
              "Actual Rows": 1,
              "Actual Loops": 5,
              "Plans": [
                {
                  "Node Type": "Seq Scan",
                  "Parent Relationship": "Outer",
                  "Parallel Aware": true,
                  "Relation Name": "title",
                  "Alias": "t",
                  "Startup Cost": 0.0,
                  "Total Cost": 45479.59,
                  "Plan Rows": 81588,
                  "Plan Width": 0,
                  "Actual Startup Time": 0.042,
                  "Actual Total Time": 86.707,
                  "Actual Rows": 70183,
                  "Actual Loops": 5,
                  "Filter": "((kind_id > 4) AND (production_year > 2009))",
                  "Rows Removed by Filter": 435479
                }
              ]
            }
          ]
        }
      ]
    },
    "Planning Time": 0.08,
    "Triggers": [],
    "Execution Time": 110.357
  }
]