[
  {
    "Plan": {
      "Node Type": "Aggregate",
      "Strategy": "Plain",
      "Partial Mode": "Finalize",
      "Parallel Aware": false,
      "Startup Cost": 131649.37,
      "Total Cost": 131649.38,
      "Plan Rows": 1,
      "Plan Width": 8,
      "Actual Startup Time": 1257.476,
      "Actual Total Time": 1279.866,
      "Actual Rows": 1,
      "Actual Loops": 1,
      "Plans": [
        {
          "Node Type": "Gather",
          "Parent Relationship": "Outer",
          "Parallel Aware": false,
          "Startup Cost": 131649.05,
          "Total Cost": 131649.36,
          "Plan Rows": 3,
          "Plan Width": 8,
          "Actual Startup Time": 1250.227,
          "Actual Total Time": 1279.855,
          "Actual Rows": 4,
          "Actual Loops": 1,
          "Workers Planned": 3,
          "Workers Launched": 3,
          "Single Copy": false,
          "Plans": [
            {
              "Node Type": "Aggregate",
              "Strategy": "Plain",
              "Partial Mode": "Partial",
              "Parent Relationship": "Outer",
              "Parallel Aware": false,
              "Startup Cost": 130649.05,
              "Total Cost": 130649.06,
              "Plan Rows": 1,
              "Plan Width": 8,
              "Actual Startup Time": 1241.265,
              "Actual Total Time": 1241.615,
              "Actual Rows": 1,
              "Actual Loops": 4,
              "Plans": [
                {
                  "Node Type": "Hash Join",
                  "Parent Relationship": "Outer",
                  "Parallel Aware": true,
                  "Join Type": "Inner",
                  "Startup Cost": 83672.65,
                  "Total Cost": 129420.76,
                  "Plan Rows": 491316,
                  "Plan Width": 0,
                  "Actual Startup Time": 473.182,
                  "Actual Total Time": 1042.317,
                  "Actual Rows": 4095817,
                  "Actual Loops": 4,
                  "Inner Unique": false,
                  "Hash Cond": "(mk.movie_id = t.id)",
                  "Plans": [
                    {
                      "Node Type": "Seq Scan",
                      "Parent Relationship": "Outer",
                      "Parallel Aware": true,
                      "Relation Name": "movie_keyword",
                      "Alias": "mk",
                      "Startup Cost": 0.0,
                      "Total Cost": 39047.32,
                      "Plan Rows": 1459332,
                      "Plan Width": 4,
                      "Actual Startup Time": 0.035,
                      "Actual Total Time": 102.495,
                      "Actual Rows": 1130982,
                      "Actual Loops": 4
                    },
                    {
                      "Node Type": "Hash",
                      "Parent Relationship": "Inner",
                      "Parallel Aware": true,
                      "Startup Cost": 81012.64,
                      "Total Cost": 81012.64,
                      "Plan Rows": 212801,
                      "Plan Width": 8,
                      "Actual Startup Time": 463.035,
                      "Actual Total Time": 463.384,
                      "Actual Rows": 163905,
                      "Actual Loops": 4,
                      "Hash Buckets": 1048576,
                      "Original Hash Buckets": 1048576,
                      "Hash Batches": 1,
                      "Original Hash Batches": 1,
                      "Peak Memory Usage": 33920,
                      "Plans": [
                        {
                          "Node Type": "Hash Join",
                          "Parent Relationship": "Outer",
                          "Parallel Aware": true,
                          "Join Type": "Inner",
                          "Startup Cost": 34847.09,
                          "Total Cost": 81012.64,
                          "Plan Rows": 212801,
                          "Plan Width": 8,
                          "Actual Startup Time": 155.748,
                          "Actual Total Time": 408.321,
                          "Actual Rows": 163905,
                          "Actual Loops": 4,
                          "Inner Unique": false,
                          "Hash Cond": "(t.id = mc.movie_id)",
                          "Plans": [
                            {
                              "Node Type": "Seq Scan",
                              "Parent Relationship": "Outer",
                              "Parallel Aware": true,
                              "Relation Name": "title",
                              "Alias": "t",
                              "Startup Cost": 0.0,
                              "Total Cost": 42318.73,
                              "Plan Rows": 632073,
                              "Plan Width": 4,
                              "Actual Startup Time": 0.012,
                              "Actual Total Time": 85.87,
                              "Actual Rows": 632078,
                              "Actual Loops": 4
                            },
                            {
                              "Node Type": "Hash",
                              "Parent Relationship": "Inner",
                              "Parallel Aware": true,
                              "Startup Cost": 31414.82,
                              "Total Cost": 31414.82,
                              "Plan Rows": 274582,
                              "Plan Width": 4,
                              "Actual Startup Time": 152.73,
                              "Actual Total Time": 152.731,
                              "Actual Rows": 163905,
                              "Actual Loops": 4,
                              "Hash Buckets": 1048576,
                              "Original Hash Buckets": 1048576,
                              "Hash Batches": 1,
                              "Original Hash Batches": 1,
                              "Peak Memory Usage": 33888,
                              "Plans": [
                                {
                                  "Node Type": "Seq Scan",
                                  "Parent Relationship": "Outer",
                                  "Parallel Aware": true,
                                  "Relation Name": "movie_companies",
                                  "Alias": "mc",
                                  "Startup Cost": 0.0,
                                  "Total Cost": 31414.82,
                                  "Plan Rows": 274582,
                                  "Plan Width": 4,
                                  "Actual Startup Time": 2.229,
                                  "Actual Total Time": 92.325,
                                  "Actual Rows": 163905,
                                  "Actual Loops": 4,
                                  "Filter": "((company_id > 2561) AND (company_type_id < 2))",
                                  "Rows Removed by Filter": 488377
                                }
                              ]
                            }
                          ]
                        }
                      ]
                    }
                  ]
                }
              ]
            }
          ]
        }
      ]
    },
    "Planning Time": 1.392,
    "Triggers": [],
    "Execution Time": 1279.953
  }
]