[
  {
    "Plan": {
      "Node Type": "Aggregate",
      "Strategy": "Plain",
      "Partial Mode": "Finalize",
      "Parallel Aware": false,
      "Startup Cost": 80337.39,
      "Total Cost": 80337.4,
      "Plan Rows": 1,
      "Plan Width": 8,
      "Actual Startup Time": 287.09,
      "Actual Total Time": 294.835,
      "Actual Rows": 1,
      "Actual Loops": 1,
      "Plans": [
        {
          "Node Type": "Gather",
          "Parent Relationship": "Outer",
          "Parallel Aware": false,
          "Startup Cost": 80336.97,
          "Total Cost": 80337.38,
          "Plan Rows": 4,
          "Plan Width": 8,
          "Actual Startup Time": 283.996,
          "Actual Total Time": 294.829,
          "Actual Rows": 5,
          "Actual Loops": 1,
          "Workers Planned": 4,
          "Workers Launched": 4,
          "Single Copy": false,
          "Plans": [
            {
              "Node Type": "Aggregate",
              "Strategy": "Plain",
              "Partial Mode": "Partial",
              "Parent Relationship": "Outer",
              "Parallel Aware": false,
              "Startup Cost": 79336.97,
              "Total Cost": 79336.98,
              "Plan Rows": 1,
              "Plan Width": 8,
              "Actual Startup Time": 278.442,
              "Actual Total Time": 278.445,
              "Actual Rows": 1,
              "Actual Loops": 5,
              "Plans": [
                {
                  "Node Type": "Hash Join",
                  "Parent Relationship": "Outer",
                  "Parallel Aware": true,
                  "Join Type": "Inner",
                  "Startup Cost": 33217.73,
                  "Total Cost": 79057.52,
                  "Plan Rows": 111781,
                  "Plan Width": 0,
                  "Actual Startup Time": 109.593,
                  "Actual Total Time": 272.633,
                  "Actual Rows": 128949,
                  "Actual Loops": 5,
                  "Inner Unique": false,
                  "Hash Cond": "(t.id = mc.movie_id)",
                  "Plans": [
                    {
                      "Node Type": "Seq Scan",
                      "Parent Relationship": "Outer",
                      "Parallel Aware": true,
                      "Relation Name": "title",
                      "Alias": "t",
                      "Startup Cost": 0.0,
                      "Total Cost": 42318.81,
                      "Plan Rows": 632080,
                      "Plan Width": 4,
                      "Actual Startup Time": 0.01,
                      "Actual Total Time": 54.944,
                      "Actual Rows": 505662,
                      "Actual Loops": 5
                    },
                    {
                      "Node Type": "Hash",
                      "Parent Relationship": "Inner",
                      "Parallel Aware": true,
                      "Startup Cost": 31414.82,
                      "Total Cost": 31414.82,
                      "Plan Rows": 144233,
                      "Plan Width": 4,
                      "Actual Startup Time": 107.67,
                      "Actual Total Time": 107.671,
                      "Actual Rows": 128949,
                      "Actual Loops": 5,
                      "Hash Buckets": 1048576,
                      "Original Hash Buckets": 524288,
                      "Hash Batches": 1,
                      "Original Hash Batches": 1,
                      "Peak Memory Usage": 37600,
                      "Plans": [
                        {
                          "Node Type": "Seq Scan",
                          "Parent Relationship": "Outer",
                          "Parallel Aware": true,
                          "Relation Name": "movie_companies",
                          "Alias": "mc",
                          "Startup Cost": 0.0,
                          "Total Cost": 31414.82,
                          "Plan Rows": 144233,
                          "Plan Width": 4,
                          "Actual Startup Time": 0.034,
                          "Actual Total Time": 57.258,
                          "Actual Rows": 128949,
                          "Actual Loops": 5,
                          "Filter": "((company_id < 3005) AND (company_type_id = 1))",
                          "Rows Removed by Filter": 392876
                        }
                      ]
                    }
                  ]
                }
              ]
            }
          ]
        }
      ]
    },
    "Planning Time": 0.265,
    "Triggers": [],
    "Execution Time": 294.866
  }
]