{
    "Plan": {
        "Node Type": "Aggregate",
        "Strategy": "Plain",
        "Partial Mode": "Finalize",
        "Parallel Aware": false,
        "Startup Cost": 248980.07,
        "Total Cost": 248980.08,
        "Plan Rows": 1,
        "Plan Width": 8,
        "Actual Startup Time": 515.691,
        "Actual Total Time": 552.334,
        "Actual Rows": 1,
        "Actual Loops": 1,
        "Output": [
            "count(*)"
        ],
        "Plans": [
            {
                "Node Type": "Gather",
                "Parent Relationship": "Outer",
                "Parallel Aware": false,
                "Startup Cost": 248979.54,
                "Total Cost": 248980.05,
                "Plan Rows": 5,
                "Plan Width": 8,
                "Actual Startup Time": 511.345,
                "Actual Total Time": 552.322,
                "Actual Rows": 6,
                "Actual Loops": 1,
                "Output": [
                    "(PARTIAL count(*))"
                ],
                "Workers Planned": 5,
                "Workers Launched": 5,
                "Single Copy": false,
                "Plans": [
                    {
                        "Node Type": "Aggregate",
                        "Strategy": "Plain",
                        "Partial Mode": "Partial",
                        "Parent Relationship": "Outer",
                        "Parallel Aware": false,
                        "Startup Cost": 247979.54,
                        "Total Cost": 247979.55,
                        "Plan Rows": 1,
                        "Plan Width": 8,
                        "Actual Startup Time": 501.262,
                        "Actual Total Time": 501.265,
                        "Actual Rows": 1,
                        "Actual Loops": 6,
                        "Output": [
                            "PARTIAL count(*)"
                        ],
                        "Workers": [
                            {
                                "Worker Number": 0,
                                "Actual Startup Time": 498.574,
                                "Actual Total Time": 498.578,
                                "Actual Rows": 1,
                                "Actual Loops": 1
                            },
                            {
                                "Worker Number": 1,
                                "Actual Startup Time": 499.627,
                                "Actual Total Time": 499.629,
                                "Actual Rows": 1,
                                "Actual Loops": 1
                            },
                            {
                                "Worker Number": 2,
                                "Actual Startup Time": 499.672,
                                "Actual Total Time": 499.676,
                                "Actual Rows": 1,
                                "Actual Loops": 1
                            },
                            {
                                "Worker Number": 3,
                                "Actual Startup Time": 499.487,
                                "Actual Total Time": 499.49,
                                "Actual Rows": 1,
                                "Actual Loops": 1
                            },
                            {
                                "Worker Number": 4,
                                "Actual Startup Time": 499.721,
                                "Actual Total Time": 499.725,
                                "Actual Rows": 1,
                                "Actual Loops": 1
                            }
                        ],
                        "Plans": [
                            {
                                "Node Type": "Hash Join",
                                "Parent Relationship": "Outer",
                                "Parallel Aware": true,
                                "Join Type": "Inner",
                                "Startup Cost": 48170.66,
                                "Total Cost": 247752.19,
                                "Plan Rows": 90942,
                                "Plan Width": 0,
                                "Actual Startup Time": 376.227,
                                "Actual Total Time": 495.645,
                                "Actual Rows": 137623,
                                "Actual Loops": 6,
                                "Inner Unique": true,
                                "Hash Cond": "(mi.movie_id = t.id)",
                                "Workers": [
                                    {
                                        "Worker Number": 0,
                                        "Actual Startup Time": 373.652,
                                        "Actual Total Time": 493.093,
                                        "Actual Rows": 140527,
                                        "Actual Loops": 1
                                    },
                                    {
                                        "Worker Number": 1,
                                        "Actual Startup Time": 374.03,
                                        "Actual Total Time": 494.114,
                                        "Actual Rows": 140499,
                                        "Actual Loops": 1
                                    },
                                    {
                                        "Worker Number": 2,
                                        "Actual Startup Time": 374.864,
                                        "Actual Total Time": 494.183,
                                        "Actual Rows": 140170,
                                        "Actual Loops": 1
                                    },
                                    {
                                        "Worker Number": 3,
                                        "Actual Startup Time": 374.503,
                                        "Actual Total Time": 494.012,
                                        "Actual Rows": 128007,
                                        "Actual Loops": 1
                                    },
                                    {
                                        "Worker Number": 4,
                                        "Actual Startup Time": 374.753,
                                        "Actual Total Time": 494.206,
                                        "Actual Rows": 140881,
                                        "Actual Loops": 1
                                    }
                                ],
                                "Plans": [
                                    {
                                        "Node Type": "Seq Scan",
                                        "Parent Relationship": "Outer",
                                        "Parallel Aware": true,
                                        "Relation Name": "movie_info",
                                        "Schema": "public",
                                        "Alias": "mi",
                                        "Startup Cost": 0.0,
                                        "Total Cost": 198880.74,
                                        "Plan Rows": 266969,
                                        "Plan Width": 4,
                                        "Actual Startup Time": 233.103,
                                        "Actual Total Time": 283.515,
                                        "Actual Rows": 220894,
                                        "Actual Loops": 6,
                                        "Output": [
                                            "mi.id",
                                            "mi.movie_id",
                                            "mi.info_type_id",
                                            "mi.info",
                                            "mi.note"
                                        ],
                                        "Filter": "(mi.info_type_id = 8)",
                                        "Rows Removed by Filter": 2251726,
                                        "Workers": [
                                            {
                                                "Worker Number": 0,
                                                "Actual Startup Time": 233.105,
                                                "Actual Total Time": 284.292,
                                                "Actual Rows": 225420,
                                                "Actual Loops": 1
                                            },
                                            {
                                                "Worker Number": 1,
                                                "Actual Startup Time": 233.105,
                                                "Actual Total Time": 284.205,
                                                "Actual Rows": 224623,
                                                "Actual Loops": 1
                                            },
                                            {
                                                "Worker Number": 2,
                                                "Actual Startup Time": 233.105,
                                                "Actual Total Time": 284.067,
                                                "Actual Rows": 222208,
                                                "Actual Loops": 1
                                            },
                                            {
                                                "Worker Number": 3,
                                                "Actual Startup Time": 233.09,
                                                "Actual Total Time": 283.815,
                                                "Actual Rows": 207037,
                                                "Actual Loops": 1
                                            },
                                            {
                                                "Worker Number": 4,
                                                "Actual Startup Time": 233.113,
                                                "Actual Total Time": 284.195,
                                                "Actual Rows": 225394,
                                                "Actual Loops": 1
                                            }
                                        ]
                                    },
                                    {
                                        "Node Type": "Hash",
                                        "Parent Relationship": "Inner",
                                        "Parallel Aware": true,
                                        "Startup Cost": 45479.21,
                                        "Total Cost": 45479.21,
                                        "Plan Rows": 215316,
                                        "Plan Width": 4,
                                        "Actual Startup Time": 139.306,
                                        "Actual Total Time": 139.307,
                                        "Actual Rows": 129057,
                                        "Actual Loops": 6,
                                        "Output": [
                                            "t.id"
                                        ],
                                        "Hash Buckets": 1048576,
                                        "Original Hash Buckets": 1048576,
                                        "Hash Batches": 1,
                                        "Original Hash Batches": 1,
                                        "Peak Memory Usage": 38560,
                                        "Workers": [
                                            {
                                                "Worker Number": 0,
                                                "Actual Startup Time": 139.905,
                                                "Actual Total Time": 139.907,
                                                "Actual Rows": 124990,
                                                "Actual Loops": 1
                                            },
                                            {
                                                "Worker Number": 1,
                                                "Actual Startup Time": 140.301,
                                                "Actual Total Time": 140.302,
                                                "Actual Rows": 124848,
                                                "Actual Loops": 1
                                            },
                                            {
                                                "Worker Number": 2,
                                                "Actual Startup Time": 141.023,
                                                "Actual Total Time": 141.024,
                                                "Actual Rows": 122656,
                                                "Actual Loops": 1
                                            },
                                            {
                                                "Worker Number": 3,
                                                "Actual Startup Time": 140.766,
                                                "Actual Total Time": 140.767,
                                                "Actual Rows": 124727,
                                                "Actual Loops": 1
                                            },
                                            {
                                                "Worker Number": 4,
                                                "Actual Startup Time": 141.04,
                                                "Actual Total Time": 141.042,
                                                "Actual Rows": 123519,
                                                "Actual Loops": 1
                                            }
                                        ],
                                        "Plans": [
                                            {
                                                "Node Type": "Seq Scan",
                                                "Parent Relationship": "Outer",
                                                "Parallel Aware": true,
                                                "Relation Name": "title",
                                                "Schema": "public",
                                                "Alias": "t",
                                                "Startup Cost": 0.0,
                                                "Total Cost": 45479.21,
                                                "Plan Rows": 215316,
                                                "Plan Width": 4,
                                                "Actual Startup Time": 0.057,
                                                "Actual Total Time": 82.182,
                                                "Actual Rows": 129057,
                                                "Actual Loops": 6,
                                                "Output": [
                                                    "t.id"
                                                ],
                                                "Filter": "((t.kind_id < 7) AND (t.production_year > 1961))",
                                                "Rows Removed by Filter": 292328,
                                                "Workers": [
                                                    {
                                                        "Worker Number": 0,
                                                        "Actual Startup Time": 0.071,
                                                        "Actual Total Time": 83.633,
                                                        "Actual Rows": 124990,
                                                        "Actual Loops": 1
                                                    },
                                                    {
                                                        "Worker Number": 1,
                                                        "Actual Startup Time": 0.064,
                                                        "Actual Total Time": 83.093,
                                                        "Actual Rows": 124848,
                                                        "Actual Loops": 1
                                                    },
                                                    {
                                                        "Worker Number": 2,
                                                        "Actual Startup Time": 0.052,
                                                        "Actual Total Time": 82.295,
                                                        "Actual Rows": 122656,
                                                        "Actual Loops": 1
                                                    },
                                                    {
                                                        "Worker Number": 3,
                                                        "Actual Startup Time": 0.076,
                                                        "Actual Total Time": 82.058,
                                                        "Actual Rows": 124727,
                                                        "Actual Loops": 1
                                                    },
                                                    {
                                                        "Worker Number": 4,
                                                        "Actual Startup Time": 0.057,
                                                        "Actual Total Time": 83.147,
                                                        "Actual Rows": 123519,
                                                        "Actual Loops": 1
                                                    }
                                                ]
                                            }
                                        ]
                                    }
                                ]
                            }
                        ]
                    }
                ]
            }
        ]
    },
    "Planning Time": 0.757,
    "Triggers": [],
    "Execution Time": 552.411
}