{
  "Plan": {
    "Node Type": "Aggregate",
    "Strategy": "Plain",
    "Partial Mode": "Finalize",
    "Parallel Aware": false,
    "Startup Cost": 453185.09,
    "Total Cost": 453185.1,
    "Plan Rows": 1,
    "Plan Width": 8,
    "Actual Startup Time": 1836.887,
    "Actual Total Time": 1857.458,
    "Actual Rows": 1,
    "Actual Loops": 1,
    "Plans": [
      {
        "Node Type": "Gather",
        "Parent Relationship": "Outer",
        "Parallel Aware": false,
        "Startup Cost": 453184.98,
        "Total Cost": 453185.09,
        "Plan Rows": 1,
        "Plan Width": 8,
        "Actual Startup Time": 1833.028,
        "Actual Total Time": 1857.449,
        "Actual Rows": 2,
        "Actual Loops": 1,
        "Workers Planned": 1,
        "Workers Launched": 1,
        "Single Copy": false,
        "Plans": [
          {
            "Node Type": "Aggregate",
            "Strategy": "Plain",
            "Partial Mode": "Partial",
            "Parent Relationship": "Outer",
            "Parallel Aware": false,
            "Startup Cost": 452184.98,
            "Total Cost": 452184.99,
            "Plan Rows": 1,
            "Plan Width": 8,
            "Actual Startup Time": 1822.007,
            "Actual Total Time": 1822.011,
            "Actual Rows": 1,
            "Actual Loops": 2,
            "Plans": [
              {
                "Node Type": "Hash Join",
                "Parent Relationship": "Outer",
                "Parallel Aware": true,
                "Join Type": "Inner",
                "Startup Cost": 157957.5,
                "Total Cost": 446292.71,
                "Plan Rows": 2356906,
                "Plan Width": 0,
                "Actual Startup Time": 696.225,
                "Actual Total Time": 1740.054,
                "Actual Rows": 1900482,
                "Actual Loops": 2,
                "Inner Unique": true,
                "Hash Cond": "(ci.movie_id = t.id)",
                "Plans": [
                  {
                    "Node Type": "Bitmap Heap Scan",
                    "Parent Relationship": "Outer",
                    "Parallel Aware": true,
                    "Relation Name": "cast_info",
                    "Alias": "ci",
                    "Startup Cost": 88496.8,
                    "Total Cost": 370645.12,
                    "Plan Rows": 2356906,
                    "Plan Width": 4,
                    "Actual Startup Time": 168.463,
                    "Actual Total Time": 393.179,
                    "Actual Rows": 1900482,
                    "Actual Loops": 2,
                    "Recheck Cond": "(person_id > 3366143)",
                    "Rows Removed by Index Recheck": 0,
                    "Exact Heap Blocks": 28160,
                    "Lossy Heap Blocks": 0,
                    "Plans": [
                      {
                        "Node Type": "Bitmap Index Scan",
                        "Parent Relationship": "Outer",
                        "Parallel Aware": false,
                        "Index Name": "person_id_cast_info",
                        "Startup Cost": 0.0,
                        "Total Cost": 87495.12,
                        "Plan Rows": 4006740,
                        "Plan Width": 0,
                        "Actual Startup Time": 158.99,
                        "Actual Total Time": 158.991,
                        "Actual Rows": 3800964,
                        "Actual Loops": 1,
                        "Index Cond": "(person_id > 3366143)"
                      }
                    ]
                  },
                  {
                    "Node Type": "Hash",
                    "Parent Relationship": "Inner",
                    "Parallel Aware": true,
                    "Startup Cost": 50870.31,
                    "Total Cost": 50870.31,
                    "Plan Rows": 1487231,
                    "Plan Width": 4,
                    "Actual Startup Time": 507.052,
                    "Actual Total Time": 507.053,
                    "Actual Rows": 1264156,
                    "Actual Loops": 2,
                    "Hash Buckets": 4194304,
                    "Original Hash Buckets": 4194304,
                    "Hash Batches": 1,
                    "Original Hash Batches": 1,
                    "Peak Memory Usage": 131712,
                    "Plans": [
                      {
                        "Node Type": "Seq Scan",
                        "Parent Relationship": "Outer",
                        "Parallel Aware": true,
                        "Relation Name": "title",
                        "Alias": "t",
                        "Startup Cost": 0.0,
                        "Total Cost": 50870.31,
                        "Plan Rows": 1487231,
                        "Plan Width": 4,
                        "Actual Startup Time": 0.027,
                        "Actual Total Time": 146.147,
                        "Actual Rows": 1264156,
                        "Actual Loops": 2
                      }
                    ]
                  }
                ]
              }
            ]
          }
        ]
      }
    ]
  },
  "Planning Time": 0.694,
  "Triggers": [],
  "Execution Time": 1857.55
}