[
  {
    "Plan": {
      "Node Type": "Aggregate",
      "Strategy": "Plain",
      "Partial Mode": "Finalize",
      "Parallel Aware": false,
      "Startup Cost": 31842.85,
      "Total Cost": 31842.86,
      "Plan Rows": 1,
      "Plan Width": 8,
      "Actual Startup Time": 116.514,
      "Actual Total Time": 124.582,
      "Actual Rows": 1,
      "Actual Loops": 1,
      "Plans": [
        {
          "Node Type": "Gather",
          "Parent Relationship": "Outer",
          "Parallel Aware": false,
          "Startup Cost": 31842.53,
          "Total Cost": 31842.84,
          "Plan Rows": 3,
          "Plan Width": 8,
          "Actual Startup Time": 116.399,
          "Actual Total Time": 124.574,
          "Actual Rows": 4,
          "Actual Loops": 1,
          "Workers Planned": 3,
          "Workers Launched": 3,
          "Single Copy": false,
          "Plans": [
            {
              "Node Type": "Aggregate",
              "Strategy": "Plain",
              "Partial Mode": "Partial",
              "Parent Relationship": "Outer",
              "Parallel Aware": false,
              "Startup Cost": 30842.53,
              "Total Cost": 30842.54,
              "Plan Rows": 1,
              "Plan Width": 8,
              "Actual Startup Time": 107.598,
              "Actual Total Time": 107.599,
              "Actual Rows": 1,
              "Actual Loops": 4,
              "Plans": [
                {
                  "Node Type": "Seq Scan",
                  "Parent Relationship": "Outer",
                  "Parallel Aware": true,
                  "Relation Name": "movie_companies",
                  "Alias": "mc",
                  "Startup Cost": 0.0,
                  "Total Cost": 29310.68,
                  "Plan Rows": 612740,
                  "Plan Width": 0,
                  "Actual Startup Time": 0.051,
                  "Actual Total Time": 83.511,
                  "Actual Rows": 471365,
                  "Actual Loops": 4,
                  "Filter": "(company_id < 41627)",
                  "Rows Removed by Filter": 180917
                }
              ]
            }
          ]
        }
      ]
    },
    "Planning Time": 0.15,
    "Triggers": [],
    "Execution Time": 124.63
  }
]