[
  {
    "Plan": {
      "Node Type": "Aggregate",
      "Strategy": "Plain",
      "Partial Mode": "Simple",
      "Parallel Aware": false,
      "Startup Cost": 753617.58,
      "Total Cost": 753617.59,
      "Plan Rows": 1,
      "Plan Width": 64,
      "Actual Startup Time": 3127.377,
      "Actual Total Time": 3195.856,
      "Actual Rows": 1,
      "Actual Loops": 1,
      "Plans": [
        {
          "Node Type": "Gather",
          "Parent Relationship": "Outer",
          "Parallel Aware": false,
          "Startup Cost": 748706.93,
          "Total Cost": 753617.57,
          "Plan Rows": 1,
          "Plan Width": 32,
          "Actual Startup Time": 3127.369,
          "Actual Total Time": 3195.845,
          "Actual Rows": 0,
          "Actual Loops": 1,
          "Workers Planned": 1,
          "Workers Launched": 1,
          "Single Copy": false,
          "Plans": [
            {
              "Node Type": "Hash Join",
              "Parent Relationship": "Outer",
              "Parallel Aware": true,
              "Join Type": "Inner",
              "Startup Cost": 747706.93,
              "Total Cost": 752617.47,
              "Plan Rows": 1,
              "Plan Width": 32,
              "Actual Startup Time": 3118.778,
              "Actual Total Time": 3118.81,
              "Actual Rows": 0,
              "Actual Loops": 2,
              "Inner Unique": false,
              "Hash Cond": "(cn.id = mc.company_id)",
              "Plans": [
                {
                  "Node Type": "Seq Scan",
                  "Parent Relationship": "Outer",
                  "Parallel Aware": true,
                  "Relation Name": "company_name",
                  "Alias": "cn",
                  "Startup Cost": 0.0,
                  "Total Cost": 4722.92,
                  "Plan Rows": 50031,
                  "Plan Width": 4,
                  "Actual Startup Time": 0.0,
                  "Actual Total Time": 0.0,
                  "Actual Rows": 0,
                  "Actual Loops": 0,
                  "Filter": "((country_code)::text = '[us]'::text)",
                  "Rows Removed by Filter": 0
                },
                {
                  "Node Type": "Hash",
                  "Parent Relationship": "Inner",
                  "Parallel Aware": true,
                  "Startup Cost": 747706.92,
                  "Total Cost": 747706.92,
                  "Plan Rows": 1,
                  "Plan Width": 36,
                  "Actual Startup Time": 3118.287,
                  "Actual Total Time": 3118.317,
                  "Actual Rows": 0,
                  "Actual Loops": 2,
                  "Hash Buckets": 1024,
                  "Original Hash Buckets": 1024,
                  "Hash Batches": 1,
                  "Original Hash Batches": 1,
                  "Peak Memory Usage": 0,
                  "Plans": [
                    {
                      "Node Type": "Hash Join",
                      "Parent Relationship": "Outer",
                      "Parallel Aware": true,
                      "Join Type": "Inner",
                      "Startup Cost": 700463.51,
                      "Total Cost": 747706.92,
                      "Plan Rows": 1,
                      "Plan Width": 36,
                      "Actual Startup Time": 3118.165,
                      "Actual Total Time": 3118.195,
                      "Actual Rows": 0,
                      "Actual Loops": 2,
                      "Inner Unique": false,
                      "Hash Cond": "(chn.id = ci.person_role_id)",
                      "Plans": [
                        {
                          "Node Type": "Seq Scan",
                          "Parent Relationship": "Outer",
                          "Parallel Aware": true,
                          "Relation Name": "char_name",
                          "Alias": "chn",
                          "Startup Cost": 0.0,
                          "Total Cost": 44299.2,
                          "Plan Rows": 785120,
                          "Plan Width": 4,
                          "Actual Startup Time": 0.0,
                          "Actual Total Time": 0.0,
                          "Actual Rows": 0,
                          "Actual Loops": 0
                        },
                        {
                          "Node Type": "Hash",
                          "Parent Relationship": "Inner",
                          "Parallel Aware": true,
                          "Startup Cost": 700463.5,
                          "Total Cost": 700463.5,
                          "Plan Rows": 1,
                          "Plan Width": 40,
                          "Actual Startup Time": 3118.149,
                          "Actual Total Time": 3118.177,
                          "Actual Rows": 0,
                          "Actual Loops": 2,
                          "Hash Buckets": 1024,
                          "Original Hash Buckets": 1024,
                          "Hash Batches": 1,
                          "Original Hash Batches": 1,
                          "Peak Memory Usage": 0,
                          "Plans": [
                            {
                              "Node Type": "Hash Join",
                              "Parent Relationship": "Outer",
                              "Parallel Aware": true,
                              "Join Type": "Inner",
                              "Startup Cost": 685383.97,
                              "Total Cost": 700463.5,
                              "Plan Rows": 1,
                              "Plan Width": 40,
                              "Actual Startup Time": 3118.091,
                              "Actual Total Time": 3118.119,
                              "Actual Rows": 0,
                              "Actual Loops": 2,
                              "Inner Unique": false,
                              "Hash Cond": "(n.id = ci.person_id)",
                              "Plans": [
                                {
                                  "Node Type": "Hash Join",
                                  "Parent Relationship": "Outer",
                                  "Parallel Aware": true,
                                  "Join Type": "Inner",
                                  "Startup Cost": 71392.95,
                                  "Total Cost": 86459.75,
                                  "Plan Rows": 3393,
                                  "Plan Width": 23,
                                  "Actual Startup Time": 0.0,
                                  "Actual Total Time": 0.0,
                                  "Actual Rows": 0,
                                  "Actual Loops": 0,
                                  "Inner Unique": true,
                                  "Hash Cond": "(an.person_id = n.id)",
                                  "Plans": [
                                    {
                                      "Node Type": "Seq Scan",
                                      "Parent Relationship": "Outer",
                                      "Parallel Aware": true,
                                      "Relation Name": "aka_name",
                                      "Alias": "an",
                                      "Startup Cost": 0.0,
                                      "Total Cost": 14303.56,
                                      "Plan Rows": 290756,
                                      "Plan Width": 4,
                                      "Actual Startup Time": 0.0,
                                      "Actual Total Time": 0.0,
                                      "Actual Rows": 0,
                                      "Actual Loops": 0
                                    },
                                    {
                                      "Node Type": "Hash",
                                      "Parent Relationship": "Inner",
                                      "Parallel Aware": true,
                                      "Startup Cost": 71240.99,
                                      "Total Cost": 71240.99,
                                      "Plan Rows": 12157,
                                      "Plan Width": 19,
                                      "Actual Startup Time": 0.0,
                                      "Actual Total Time": 0.0,
                                      "Actual Rows": 0,
                                      "Actual Loops": 0,
                                      "Plans": [
                                        {
                                          "Node Type": "Seq Scan",
                                          "Parent Relationship": "Outer",
                                          "Parallel Aware": true,
                                          "Relation Name": "name",
                                          "Alias": "n",
                                          "Startup Cost": 0.0,
                                          "Total Cost": 71240.99,
                                          "Plan Rows": 12157,
                                          "Plan Width": 19,
                                          "Actual Startup Time": 0.0,
                                          "Actual Total Time": 0.0,
                                          "Actual Rows": 0,
                                          "Actual Loops": 0,
                                          "Filter": "((name ~~ '%An%'::text) AND ((gender)::text = 'f'::text))",
                                          "Rows Removed by Filter": 0
                                        }
                                      ]
                                    }
                                  ]
                                },
                                {
                                  "Node Type": "Hash",
                                  "Parent Relationship": "Inner",
                                  "Parallel Aware": true,
                                  "Startup Cost": 613990.99,
                                  "Total Cost": 613990.99,
                                  "Plan Rows": 2,
                                  "Plan Width": 29,
                                  "Actual Startup Time": 3118.076,
                                  "Actual Total Time": 3118.1,
                                  "Actual Rows": 0,
                                  "Actual Loops": 2,
                                  "Hash Buckets": 1024,
                                  "Original Hash Buckets": 1024,
                                  "Hash Batches": 1,
                                  "Original Hash Batches": 1,
                                  "Peak Memory Usage": 0,
                                  "Plans": [
                                    {
                                      "Node Type": "Hash Join",
                                      "Parent Relationship": "Outer",
                                      "Parallel Aware": false,
                                      "Join Type": "Inner",
                                      "Startup Cost": 270038.34,
                                      "Total Cost": 613990.99,
                                      "Plan Rows": 2,
                                      "Plan Width": 29,
                                      "Actual Startup Time": 3118.033,
                                      "Actual Total Time": 3118.057,
                                      "Actual Rows": 0,
                                      "Actual Loops": 2,
                                      "Inner Unique": true,
                                      "Hash Cond": "(ci.role_id = rt.id)",
                                      "Plans": [
                                        {
                                          "Node Type": "Hash Join",
                                          "Parent Relationship": "Outer",
                                          "Parallel Aware": true,
                                          "Join Type": "Inner",
                                          "Startup Cost": 270037.18,
                                          "Total Cost": 613989.76,
                                          "Plan Rows": 18,
                                          "Plan Width": 33,
                                          "Actual Startup Time": 3117.937,
                                          "Actual Total Time": 3117.959,
                                          "Actual Rows": 0,
                                          "Actual Loops": 2,
                                          "Inner Unique": false,
                                          "Hash Cond": "(ci.movie_id = t.id)",
                                          "Plans": [
                                            {
                                              "Node Type": "Seq Scan",
                                              "Parent Relationship": "Outer",
                                              "Parallel Aware": true,
                                              "Relation Name": "cast_info",
                                              "Alias": "ci",
                                              "Startup Cost": 0.0,
                                              "Total Cost": 343409.74,
                                              "Plan Rows": 144753,
                                              "Plan Width": 16,
                                              "Actual Startup Time": 0.03,
                                              "Actual Total Time": 1693.083,
                                              "Actual Rows": 433738,
                                              "Actual Loops": 2,
                                              "Filter": "(note = ANY ('{(voice),\"(voice: Japanese version)\",\"(voice) (uncredited)\",\"(voice: English version)\"}'::text[]))",
                                              "Rows Removed by Filter": 17688434
                                            },
                                            {
                                              "Node Type": "Hash",
                                              "Parent Relationship": "Inner",
                                              "Parallel Aware": true,
                                              "Startup Cost": 270036.65,
                                              "Total Cost": 270036.65,
                                              "Plan Rows": 42,
                                              "Plan Width": 33,
                                              "Actual Startup Time": 1395.874,
                                              "Actual Total Time": 1395.894,
                                              "Actual Rows": 42,
                                              "Actual Loops": 2,
                                              "Hash Buckets": 1024,
                                              "Original Hash Buckets": 1024,
                                              "Hash Batches": 1,
                                              "Original Hash Batches": 1,
                                              "Peak Memory Usage": 72,
                                              "Plans": [
                                                {
                                                  "Node Type": "Hash Join",
                                                  "Parent Relationship": "Outer",
                                                  "Parallel Aware": true,
                                                  "Join Type": "Inner",
                                                  "Startup Cost": 240554.85,
                                                  "Total Cost": 270036.65,
                                                  "Plan Rows": 42,
                                                  "Plan Width": 33,
                                                  "Actual Startup Time": 1159.578,
                                                  "Actual Total Time": 1395.586,
                                                  "Actual Rows": 42,
                                                  "Actual Loops": 2,
                                                  "Inner Unique": false,
                                                  "Hash Cond": "(t.id = mi.movie_id)",
                                                  "Plans": [
                                                    {
                                                      "Node Type": "Hash Join",
                                                      "Parent Relationship": "Outer",
                                                      "Parallel Aware": true,
                                                      "Join Type": "Inner",
                                                      "Startup Cost": 33754.95,
                                                      "Total Cost": 63170.84,
                                                      "Plan Rows": 7531,
                                                      "Plan Width": 29,
                                                      "Actual Startup Time": 87.615,
                                                      "Actual Total Time": 322.666,
                                                      "Actual Rows": 23706,
                                                      "Actual Loops": 2,
                                                      "Inner Unique": true,
                                                      "Hash Cond": "(mc.movie_id = t.id)",
                                                      "Plans": [
                                                        {
                                                          "Node Type": "Seq Scan",
                                                          "Parent Relationship": "Outer",
                                                          "Parallel Aware": true,
                                                          "Relation Name": "movie_companies",
                                                          "Alias": "mc",
                                                          "Startup Cost": 0.0,
                                                          "Total Cost": 27206.55,
                                                          "Plan Rows": 841655,
                                                          "Plan Width": 8,
                                                          "Actual Startup Time": 0.013,
                                                          "Actual Total Time": 153.436,
                                                          "Actual Rows": 1304564,
                                                          "Actual Loops": 2
                                                        },
                                                        {
                                                          "Node Type": "Hash",
                                                          "Parent Relationship": "Inner",
                                                          "Parallel Aware": true,
                                                          "Startup Cost": 33663.74,
                                                          "Total Cost": 33663.74,
                                                          "Plan Rows": 7297,
                                                          "Plan Width": 21,
                                                          "Actual Startup Time": 37.848,
                                                          "Actual Total Time": 37.857,
                                                          "Actual Rows": 12254,
                                                          "Actual Loops": 2,
                                                          "Hash Buckets": 32768,
                                                          "Original Hash Buckets": 32768,
                                                          "Hash Batches": 1,
                                                          "Original Hash Batches": 1,
                                                          "Peak Memory Usage": 1856,
                                                          "Plans": [
                                                            {
                                                              "Node Type": "Bitmap Heap Scan",
                                                              "Parent Relationship": "Outer",
                                                              "Parallel Aware": true,
                                                              "Relation Name": "title",
                                                              "Alias": "t",
                                                              "Startup Cost": 427.75,
                                                              "Total Cost": 33663.74,
                                                              "Plan Rows": 7297,
                                                              "Plan Width": 21,
                                                              "Actual Startup Time": 4.156,
                                                              "Actual Total Time": 30.171,
                                                              "Actual Rows": 12254,
                                                              "Actual Loops": 2,
                                                              "Recheck Cond": "(production_year < 1910)",
                                                              "Rows Removed by Index Recheck": 0,
                                                              "Exact Heap Blocks": 4924,
                                                              "Lossy Heap Blocks": 0,
                                                              "Plans": [
                                                                {
                                                                  "Node Type": "Bitmap Index Scan",
                                                                  "Parent Relationship": "Outer",
                                                                  "Parallel Aware": false,
                                                                  "Index Name": "idx_title_production_year",
                                                                  "Startup Cost": 0.0,
                                                                  "Total Cost": 422.09,
                                                                  "Plan Rows": 22622,
                                                                  "Plan Width": 0,
                                                                  "Actual Startup Time": 2.638,
                                                                  "Actual Total Time": 2.638,
                                                                  "Actual Rows": 24508,
                                                                  "Actual Loops": 1,
                                                                  "Index Cond": "(production_year < 1910)"
                                                                }
                                                              ]
                                                            }
                                                          ]
                                                        }
                                                      ]
                                                    },
                                                    {
                                                      "Node Type": "Hash",
                                                      "Parent Relationship": "Inner",
                                                      "Parallel Aware": true,
                                                      "Startup Cost": 206792.98,
                                                      "Total Cost": 206792.98,
                                                      "Plan Rows": 553,
                                                      "Plan Width": 4,
                                                      "Actual Startup Time": 1062.217,
                                                      "Actual Total Time": 1062.221,
                                                      "Actual Rows": 225520,
                                                      "Actual Loops": 2,
                                                      "Hash Buckets": 524288,
                                                      "Original Hash Buckets": 4096,
                                                      "Hash Batches": 1,
                                                      "Original Hash Batches": 1,
                                                      "Peak Memory Usage": 25856,
                                                      "Plans": [
                                                        {
                                                          "Node Type": "Hash Join",
                                                          "Parent Relationship": "Outer",
                                                          "Parallel Aware": false,
                                                          "Join Type": "Inner",
                                                          "Startup Cost": 2.43,
                                                          "Total Cost": 206792.98,
                                                          "Plan Rows": 553,
                                                          "Plan Width": 4,
                                                          "Actual Startup Time": 246.031,
                                                          "Actual Total Time": 987.915,
                                                          "Actual Rows": 225520,
                                                          "Actual Loops": 2,
                                                          "Inner Unique": true,
                                                          "Hash Cond": "(mi.info_type_id = it.id)",
                                                          "Plans": [
                                                            {
                                                              "Node Type": "Seq Scan",
                                                              "Parent Relationship": "Outer",
                                                              "Parallel Aware": true,
                                                              "Relation Name": "movie_info",
                                                              "Alias": "mi",
                                                              "Startup Cost": 0.0,
                                                              "Total Cost": 206620.5,
                                                              "Plan Rows": 62439,
                                                              "Plan Width": 8,
                                                              "Actual Startup Time": 109.464,
                                                              "Actual Total Time": 957.392,
                                                              "Actual Rows": 225552,
                                                              "Actual Loops": 2,
                                                              "Filter": "((info IS NOT NULL) AND ((info ~~ 'Japan:%200%'::text) OR (info ~~ 'USA:%200%'::text)))",
                                                              "Rows Removed by Filter": 7192308
                                                            },
                                                            {
                                                              "Node Type": "Hash",
                                                              "Parent Relationship": "Inner",
                                                              "Parallel Aware": false,
                                                              "Startup Cost": 2.41,
                                                              "Total Cost": 2.41,
                                                              "Plan Rows": 1,
                                                              "Plan Width": 4,
                                                              "Actual Startup Time": 0.039,
                                                              "Actual Total Time": 0.04,
                                                              "Actual Rows": 1,
                                                              "Actual Loops": 2,
                                                              "Hash Buckets": 1024,
                                                              "Original Hash Buckets": 1024,
                                                              "Hash Batches": 1,
                                                              "Original Hash Batches": 1,
                                                              "Peak Memory Usage": 9,
                                                              "Plans": [
                                                                {
                                                                  "Node Type": "Seq Scan",
                                                                  "Parent Relationship": "Outer",
                                                                  "Parallel Aware": false,
                                                                  "Relation Name": "info_type",
                                                                  "Alias": "it",
                                                                  "Startup Cost": 0.0,
                                                                  "Total Cost": 2.41,
                                                                  "Plan Rows": 1,
                                                                  "Plan Width": 4,
                                                                  "Actual Startup Time": 0.027,
                                                                  "Actual Total Time": 0.032,
                                                                  "Actual Rows": 1,
                                                                  "Actual Loops": 2,
                                                                  "Filter": "((info)::text = 'release dates'::text)",
                                                                  "Rows Removed by Filter": 112
                                                                }
                                                              ]
                                                            }
                                                          ]
                                                        }
                                                      ]
                                                    }
                                                  ]
                                                }
                                              ]
                                            }
                                          ]
                                        },
                                        {
                                          "Node Type": "Hash",
                                          "Parent Relationship": "Inner",
                                          "Parallel Aware": false,
                                          "Startup Cost": 1.15,
                                          "Total Cost": 1.15,
                                          "Plan Rows": 1,
                                          "Plan Width": 4,
                                          "Actual Startup Time": 0.06,
                                          "Actual Total Time": 0.061,
                                          "Actual Rows": 1,
                                          "Actual Loops": 2,
                                          "Hash Buckets": 1024,
                                          "Original Hash Buckets": 1024,
                                          "Hash Batches": 1,
                                          "Original Hash Batches": 1,
                                          "Peak Memory Usage": 9,
                                          "Plans": [
                                            {
                                              "Node Type": "Seq Scan",
                                              "Parent Relationship": "Outer",
                                              "Parallel Aware": false,
                                              "Relation Name": "role_type",
                                              "Alias": "rt",
                                              "Startup Cost": 0.0,
                                              "Total Cost": 1.15,
                                              "Plan Rows": 1,
                                              "Plan Width": 4,
                                              "Actual Startup Time": 0.041,
                                              "Actual Total Time": 0.045,
                                              "Actual Rows": 1,
                                              "Actual Loops": 2,
                                              "Filter": "((role)::text = 'actress'::text)",
                                              "Rows Removed by Filter": 11
                                            }
                                          ]
                                        }
                                      ]
                                    }
                                  ]
                                }
                              ]
                            }
                          ]
                        }
                      ]
                    }
                  ]
                }
              ]
            }
          ]
        }
      ]
    },
    "Planning Time": 39.665,
    "Triggers": [],
    "Execution Time": 3196.308
  }
]