[
  {
    "Plan": {
      "Node Type": "Aggregate",
      "Strategy": "Plain",
      "Partial Mode": "Finalize",
      "Parallel Aware": false,
      "Startup Cost": 73228.92,
      "Total Cost": 73228.93,
      "Plan Rows": 1,
      "Plan Width": 8,
      "Actual Startup Time": 149.337,
      "Actual Total Time": 165.597,
      "Actual Rows": 1,
      "Actual Loops": 1,
      "Plans": [
        {
          "Node Type": "Gather",
          "Parent Relationship": "Outer",
          "Parallel Aware": false,
          "Startup Cost": 73228.5,
          "Total Cost": 73228.91,
          "Plan Rows": 4,
          "Plan Width": 8,
          "Actual Startup Time": 149.036,
          "Actual Total Time": 165.588,
          "Actual Rows": 5,
          "Actual Loops": 1,
          "Workers Planned": 4,
          "Workers Launched": 4,
          "Single Copy": false,
          "Plans": [
            {
              "Node Type": "Aggregate",
              "Strategy": "Plain",
              "Partial Mode": "Partial",
              "Parent Relationship": "Outer",
              "Parallel Aware": false,
              "Startup Cost": 72228.5,
              "Total Cost": 72228.51,
              "Plan Rows": 1,
              "Plan Width": 8,
              "Actual Startup Time": 142.354,
              "Actual Total Time": 142.357,
              "Actual Rows": 1,
              "Actual Loops": 5,
              "Plans": [
                {
                  "Node Type": "Hash Join",
                  "Parent Relationship": "Outer",
                  "Parallel Aware": true,
                  "Join Type": "Inner",
                  "Startup Cost": 45640.09,
                  "Total Cost": 72223.76,
                  "Plan Rows": 1899,
                  "Plan Width": 0,
                  "Actual Startup Time": 89.698,
                  "Actual Total Time": 142.258,
                  "Actual Rows": 1471,
                  "Actual Loops": 5,
                  "Inner Unique": true,
                  "Hash Cond": "(ci.movie_id = t.id)",
                  "Plans": [
                    {
                      "Node Type": "Index Scan",
                      "Parent Relationship": "Outer",
                      "Parallel Aware": true,
                      "Scan Direction": "Forward",
                      "Index Name": "role_id_cast_info",
                      "Relation Name": "cast_info",
                      "Alias": "ci",
                      "Startup Cost": 0.56,
                      "Total Cost": 26337.94,
                      "Plan Rows": 93825,
                      "Plan Width": 4,
                      "Actual Startup Time": 0.103,
                      "Actual Total Time": 36.312,
                      "Actual Rows": 130258,
                      "Actual Loops": 5,
                      "Index Cond": "(role_id = 5)",
                      "Rows Removed by Index Recheck": 0,
                      "Filter": "(person_id > 2251284)",
                      "Rows Removed by Filter": 49419
                    },
                    {
                      "Node Type": "Hash",
                      "Parent Relationship": "Inner",
                      "Parallel Aware": true,
                      "Startup Cost": 45479.59,
                      "Total Cost": 45479.59,
                      "Plan Rows": 12795,
                      "Plan Width": 4,
                      "Actual Startup Time": 88.187,
                      "Actual Total Time": 88.188,
                      "Actual Rows": 9064,
                      "Actual Loops": 5,
                      "Hash Buckets": 65536,
                      "Original Hash Buckets": 65536,
                      "Hash Batches": 1,
                      "Original Hash Batches": 1,
                      "Peak Memory Usage": 2368,
                      "Plans": [
                        {
                          "Node Type": "Seq Scan",
                          "Parent Relationship": "Outer",
                          "Parallel Aware": true,
                          "Relation Name": "title",
                          "Alias": "t",
                          "Startup Cost": 0.0,
                          "Total Cost": 45479.59,
                          "Plan Rows": 12795,
                          "Plan Width": 4,
                          "Actual Startup Time": 0.044,
                          "Actual Total Time": 84.096,
                          "Actual Rows": 9064,
                          "Actual Loops": 5,
                          "Filter": "((kind_id > 1) AND (production_year > 2012))",
                          "Rows Removed by Filter": 496598
                        }
                      ]
                    }
                  ]
                }
              ]
            }
          ]
        }
      ]
    },
    "Planning Time": 1.541,
    "Triggers": [],
    "Execution Time": 165.679
  }
]