[
    {
        "Bao": {
            "Bao prediction": "NaN",
            "Bao recommended hint": "(no hint)"
        }
    },
    {
        "Plan": {
            "Node Type": "Aggregate",
            "Strategy": "Plain",
            "Partial Mode": "Finalize",
            "Parallel Aware": false,
            "Startup Cost": 331714.17,
            "Total Cost": 331714.18,
            "Plan Rows": 1,
            "Plan Width": 8,
            "Actual Startup Time": 566.768,
            "Actual Total Time": 605.611,
            "Actual Rows": 1,
            "Actual Loops": 1,
            "Output": [
                "count(*)"
            ],
            "Plans": [
                {
                    "Node Type": "Gather",
                    "Parent Relationship": "Outer",
                    "Parallel Aware": false,
                    "Startup Cost": 331713.54,
                    "Total Cost": 331714.15,
                    "Plan Rows": 6,
                    "Plan Width": 8,
                    "Actual Startup Time": 566.597,
                    "Actual Total Time": 605.603,
                    "Actual Rows": 7,
                    "Actual Loops": 1,
                    "Output": [
                        "(PARTIAL count(*))"
                    ],
                    "Workers Planned": 6,
                    "Workers Launched": 6,
                    "Single Copy": false,
                    "Plans": [
                        {
                            "Node Type": "Aggregate",
                            "Strategy": "Plain",
                            "Partial Mode": "Partial",
                            "Parent Relationship": "Outer",
                            "Parallel Aware": false,
                            "Startup Cost": 330713.54,
                            "Total Cost": 330713.55,
                            "Plan Rows": 1,
                            "Plan Width": 8,
                            "Actual Startup Time": 556.888,
                            "Actual Total Time": 556.889,
                            "Actual Rows": 1,
                            "Actual Loops": 7,
                            "Output": [
                                "PARTIAL count(*)"
                            ],
                            "Workers": [
                                {
                                    "Worker Number": 0,
                                    "Actual Startup Time": 554.597,
                                    "Actual Total Time": 554.598,
                                    "Actual Rows": 1,
                                    "Actual Loops": 1
                                },
                                {
                                    "Worker Number": 1,
                                    "Actual Startup Time": 554.981,
                                    "Actual Total Time": 554.982,
                                    "Actual Rows": 1,
                                    "Actual Loops": 1
                                },
                                {
                                    "Worker Number": 2,
                                    "Actual Startup Time": 555.205,
                                    "Actual Total Time": 555.206,
                                    "Actual Rows": 1,
                                    "Actual Loops": 1
                                },
                                {
                                    "Worker Number": 3,
                                    "Actual Startup Time": 555.48,
                                    "Actual Total Time": 555.481,
                                    "Actual Rows": 1,
                                    "Actual Loops": 1
                                },
                                {
                                    "Worker Number": 4,
                                    "Actual Startup Time": 555.544,
                                    "Actual Total Time": 555.545,
                                    "Actual Rows": 1,
                                    "Actual Loops": 1
                                },
                                {
                                    "Worker Number": 5,
                                    "Actual Startup Time": 556.126,
                                    "Actual Total Time": 556.127,
                                    "Actual Rows": 1,
                                    "Actual Loops": 1
                                }
                            ],
                            "Plans": [
                                {
                                    "Node Type": "Seq Scan",
                                    "Parent Relationship": "Outer",
                                    "Parallel Aware": true,
                                    "Relation Name": "cast_info",
                                    "Schema": "public",
                                    "Alias": "ci",
                                    "Startup Cost": 0.0,
                                    "Total Cost": 328213.62,
                                    "Plan Rows": 999971,
                                    "Plan Width": 0,
                                    "Actual Startup Time": 331.297,
                                    "Actual Total Time": 518.291,
                                    "Actual Rows": 848233,
                                    "Actual Loops": 7,
                                    "Output": [
                                        "id",
                                        "person_id",
                                        "movie_id",
                                        "person_role_id",
                                        "note",
                                        "nr_order",
                                        "role_id"
                                    ],
                                    "Filter": "(ci.person_id > 3051087)",
                                    "Rows Removed by Filter": 4329531,
                                    "Workers": [
                                        {
                                            "Worker Number": 0,
                                            "Actual Startup Time": 329.019,
                                            "Actual Total Time": 517.287,
                                            "Actual Rows": 819486,
                                            "Actual Loops": 1
                                        },
                                        {
                                            "Worker Number": 1,
                                            "Actual Startup Time": 329.389,
                                            "Actual Total Time": 518.786,
                                            "Actual Rows": 871102,
                                            "Actual Loops": 1
                                        },
                                        {
                                            "Worker Number": 2,
                                            "Actual Startup Time": 329.603,
                                            "Actual Total Time": 518.869,
                                            "Actual Rows": 875907,
                                            "Actual Loops": 1
                                        },
                                        {
                                            "Worker Number": 3,
                                            "Actual Startup Time": 329.883,
                                            "Actual Total Time": 518.498,
                                            "Actual Rows": 814004,
                                            "Actual Loops": 1
                                        },
                                        {
                                            "Worker Number": 4,
                                            "Actual Startup Time": 329.966,
                                            "Actual Total Time": 518.737,
                                            "Actual Rows": 810007,
                                            "Actual Loops": 1
                                        },
                                        {
                                            "Worker Number": 5,
                                            "Actual Startup Time": 330.53,
                                            "Actual Total Time": 517.63,
                                            "Actual Rows": 574683,
                                            "Actual Loops": 1
                                        }
                                    ]
                                }
                            ]
                        }
                    ]
                }
            ]
        },
        "Planning Time": 176.185,
        "Triggers": [],
        "Execution Time": 605.658
    }
]