[
  {
    "Plan": {
      "Node Type": "Aggregate",
      "Strategy": "Plain",
      "Partial Mode": "Finalize",
      "Parallel Aware": false,
      "Startup Cost": 295858.81,
      "Total Cost": 295858.82,
      "Plan Rows": 1,
      "Plan Width": 8,
      "Actual Startup Time": 175.163,
      "Actual Total Time": 205.107,
      "Actual Rows": 1,
      "Actual Loops": 1,
      "Plans": [
        {
          "Node Type": "Gather",
          "Parent Relationship": "Outer",
          "Parallel Aware": false,
          "Startup Cost": 295858.39,
          "Total Cost": 295858.8,
          "Plan Rows": 4,
          "Plan Width": 8,
          "Actual Startup Time": 175.047,
          "Actual Total Time": 205.099,
          "Actual Rows": 5,
          "Actual Loops": 1,
          "Workers Planned": 4,
          "Workers Launched": 4,
          "Single Copy": false,
          "Plans": [
            {
              "Node Type": "Aggregate",
              "Strategy": "Plain",
              "Partial Mode": "Partial",
              "Parent Relationship": "Outer",
              "Parallel Aware": false,
              "Startup Cost": 294858.39,
              "Total Cost": 294858.4,
              "Plan Rows": 1,
              "Plan Width": 8,
              "Actual Startup Time": 164.509,
              "Actual Total Time": 164.511,
              "Actual Rows": 1,
              "Actual Loops": 5,
              "Plans": [
                {
                  "Node Type": "Nested Loop",
                  "Parent Relationship": "Outer",
                  "Parallel Aware": false,
                  "Join Type": "Inner",
                  "Startup Cost": 0.56,
                  "Total Cost": 294831.61,
                  "Plan Rows": 10710,
                  "Plan Width": 0,
                  "Actual Startup Time": 0.932,
                  "Actual Total Time": 163.727,
                  "Actual Rows": 8357,
                  "Actual Loops": 5,
                  "Inner Unique": false,
                  "Plans": [
                    {
                      "Node Type": "Seq Scan",
                      "Parent Relationship": "Outer",
                      "Parallel Aware": true,
                      "Relation Name": "title",
                      "Alias": "t",
                      "Startup Cost": 0.0,
                      "Total Cost": 45479.1,
                      "Plan Rows": 2938,
                      "Plan Width": 4,
                      "Actual Startup Time": 0.138,
                      "Actual Total Time": 64.741,
                      "Actual Rows": 1983,
                      "Actual Loops": 5,
                      "Filter": "((kind_id > 1) AND (production_year = 1977))",
                      "Rows Removed by Filter": 503680
                    },
                    {
                      "Node Type": "Index Scan",
                      "Parent Relationship": "Inner",
                      "Parallel Aware": false,
                      "Scan Direction": "Forward",
                      "Index Name": "movie_id_cast_info",
                      "Relation Name": "cast_info",
                      "Alias": "ci",
                      "Startup Cost": 0.56,
                      "Total Cost": 84.78,
                      "Plan Rows": 9,
                      "Plan Width": 4,
                      "Actual Startup Time": 0.033,
                      "Actual Total Time": 0.049,
                      "Actual Rows": 4,
                      "Actual Loops": 9913,
                      "Index Cond": "(movie_id = t.id)",
                      "Rows Removed by Index Recheck": 0,
                      "Filter": "((person_id > 2263667) AND (role_id > 1))",
                      "Rows Removed by Filter": 9
                    }
                  ]
                }
              ]
            }
          ]
        }
      ]
    },
    "Planning Time": 0.712,
    "Triggers": [],
    "Execution Time": 205.186
  }
]