[
  {
    "Plan": {
      "Node Type": "Aggregate",
      "Strategy": "Plain",
      "Partial Mode": "Finalize",
      "Parallel Aware": false,
      "Startup Cost": 44951.42,
      "Total Cost": 44951.43,
      "Plan Rows": 1,
      "Plan Width": 8,
      "Actual Startup Time": 93.228,
      "Actual Total Time": 105.387,
      "Actual Rows": 1,
      "Actual Loops": 1,
      "Plans": [
        {
          "Node Type": "Gather",
          "Parent Relationship": "Outer",
          "Parallel Aware": false,
          "Startup Cost": 44951.0,
          "Total Cost": 44951.41,
          "Plan Rows": 4,
          "Plan Width": 8,
          "Actual Startup Time": 92.93,
          "Actual Total Time": 105.375,
          "Actual Rows": 5,
          "Actual Loops": 1,
          "Workers Planned": 4,
          "Workers Launched": 4,
          "Single Copy": false,
          "Plans": [
            {
              "Node Type": "Aggregate",
              "Strategy": "Plain",
              "Partial Mode": "Partial",
              "Parent Relationship": "Outer",
              "Parallel Aware": false,
              "Startup Cost": 43951.0,
              "Total Cost": 43951.01,
              "Plan Rows": 1,
              "Plan Width": 8,
              "Actual Startup Time": 83.397,
              "Actual Total Time": 83.398,
              "Actual Rows": 1,
              "Actual Loops": 5,
              "Plans": [
                {
                  "Node Type": "Seq Scan",
                  "Parent Relationship": "Outer",
                  "Parallel Aware": true,
                  "Relation Name": "title",
                  "Alias": "t",
                  "Startup Cost": 0.0,
                  "Total Cost": 43899.32,
                  "Plan Rows": 20670,
                  "Plan Width": 0,
                  "Actual Startup Time": 46.854,
                  "Actual Total Time": 82.543,
                  "Actual Rows": 17052,
                  "Actual Loops": 5,
                  "Filter": "(production_year < 1920)",
                  "Rows Removed by Filter": 488610
                }
              ]
            }
          ]
        }
      ]
    },
    "Planning Time": 0.133,
    "Triggers": [],
    "Execution Time": 105.448
  }
]