[
  {
    "Plan": {
      "Node Type": "Aggregate",
      "Strategy": "Plain",
      "Partial Mode": "Finalize",
      "Parallel Aware": false,
      "Startup Cost": 93270.17,
      "Total Cost": 93270.18,
      "Plan Rows": 1,
      "Plan Width": 8,
      "Actual Startup Time": 276.034,
      "Actual Total Time": 295.189,
      "Actual Rows": 1,
      "Actual Loops": 1,
      "Plans": [
        {
          "Node Type": "Gather",
          "Parent Relationship": "Outer",
          "Parallel Aware": false,
          "Startup Cost": 93269.86,
          "Total Cost": 93270.17,
          "Plan Rows": 3,
          "Plan Width": 8,
          "Actual Startup Time": 275.835,
          "Actual Total Time": 295.179,
          "Actual Rows": 4,
          "Actual Loops": 1,
          "Workers Planned": 3,
          "Workers Launched": 3,
          "Single Copy": false,
          "Plans": [
            {
              "Node Type": "Aggregate",
              "Strategy": "Plain",
              "Partial Mode": "Partial",
              "Parent Relationship": "Outer",
              "Parallel Aware": false,
              "Startup Cost": 92269.86,
              "Total Cost": 92269.87,
              "Plan Rows": 1,
              "Plan Width": 8,
              "Actual Startup Time": 266.986,
              "Actual Total Time": 266.989,
              "Actual Rows": 1,
              "Actual Loops": 4,
              "Plans": [
                {
                  "Node Type": "Hash Join",
                  "Parent Relationship": "Outer",
                  "Parallel Aware": true,
                  "Join Type": "Inner",
                  "Startup Cost": 45740.17,
                  "Total Cost": 92152.88,
                  "Plan Rows": 46789,
                  "Plan Width": 0,
                  "Actual Startup Time": 196.453,
                  "Actual Total Time": 266.982,
                  "Actual Rows": 1,
                  "Actual Loops": 4,
                  "Inner Unique": true,
                  "Hash Cond": "(mk.movie_id = t.id)",
                  "Plans": [
                    {
                      "Node Type": "Seq Scan",
                      "Parent Relationship": "Outer",
                      "Parallel Aware": true,
                      "Relation Name": "movie_keyword",
                      "Alias": "mk",
                      "Startup Cost": 0.0,
                      "Total Cost": 42695.65,
                      "Plan Rows": 1416017,
                      "Plan Width": 4,
                      "Actual Startup Time": 0.03,
                      "Actual Total Time": 110.399,
                      "Actual Rows": 1098332,
                      "Actual Loops": 4,
                      "Filter": "(keyword_id < 76321)",
                      "Rows Removed by Filter": 32651
                    },
                    {
                      "Node Type": "Hash",
                      "Parent Relationship": "Inner",
                      "Parallel Aware": true,
                      "Startup Cost": 45479.1,
                      "Total Cost": 45479.1,
                      "Plan Rows": 20886,
                      "Plan Width": 4,
                      "Actual Startup Time": 96.203,
                      "Actual Total Time": 96.204,
                      "Actual Rows": 7,
                      "Actual Loops": 4,
                      "Hash Buckets": 131072,
                      "Original Hash Buckets": 131072,
                      "Hash Batches": 1,
                      "Original Hash Batches": 1,
                      "Peak Memory Usage": 1152,
                      "Plans": [
                        {
                          "Node Type": "Seq Scan",
                          "Parent Relationship": "Outer",
                          "Parallel Aware": true,
                          "Relation Name": "title",
                          "Alias": "t",
                          "Startup Cost": 0.0,
                          "Total Cost": 45479.1,
                          "Plan Rows": 20886,
                          "Plan Width": 4,
                          "Actual Startup Time": 31.025,
                          "Actual Total Time": 96.053,
                          "Actual Rows": 7,
                          "Actual Loops": 4,
                          "Filter": "((production_year < 1939) AND (kind_id = 7))",
                          "Rows Removed by Filter": 632071
                        }
                      ]
                    }
                  ]
                }
              ]
            }
          ]
        }
      ]
    },
    "Planning Time": 0.642,
    "Triggers": [],
    "Execution Time": 295.261
  }
]