[
    {
        "Bao": {
            "Bao prediction": "NaN",
            "Bao recommended hint": "(no hint)"
        }
    },
    {
        "Plan": {
            "Node Type": "Aggregate",
            "Strategy": "Plain",
            "Partial Mode": "Finalize",
            "Parallel Aware": false,
            "Startup Cost": 89891.26,
            "Total Cost": 89891.27,
            "Plan Rows": 1,
            "Plan Width": 8,
            "Actual Startup Time": 531.709,
            "Actual Total Time": 573.57,
            "Actual Rows": 1,
            "Actual Loops": 1,
            "Output": [
                "count(*)"
            ],
            "Plans": [
                {
                    "Node Type": "Gather",
                    "Parent Relationship": "Outer",
                    "Parallel Aware": false,
                    "Startup Cost": 89890.84,
                    "Total Cost": 89891.25,
                    "Plan Rows": 4,
                    "Plan Width": 8,
                    "Actual Startup Time": 531.29,
                    "Actual Total Time": 573.559,
                    "Actual Rows": 5,
                    "Actual Loops": 1,
                    "Output": [
                        "(PARTIAL count(*))"
                    ],
                    "Workers Planned": 4,
                    "Workers Launched": 4,
                    "Single Copy": false,
                    "Plans": [
                        {
                            "Node Type": "Aggregate",
                            "Strategy": "Plain",
                            "Partial Mode": "Partial",
                            "Parent Relationship": "Outer",
                            "Parallel Aware": false,
                            "Startup Cost": 88890.84,
                            "Total Cost": 88890.85,
                            "Plan Rows": 1,
                            "Plan Width": 8,
                            "Actual Startup Time": 521.47,
                            "Actual Total Time": 521.474,
                            "Actual Rows": 1,
                            "Actual Loops": 5,
                            "Output": [
                                "PARTIAL count(*)"
                            ],
                            "Workers": [
                                {
                                    "Worker Number": 0,
                                    "Actual Startup Time": 519.839,
                                    "Actual Total Time": 519.844,
                                    "Actual Rows": 1,
                                    "Actual Loops": 1
                                },
                                {
                                    "Worker Number": 1,
                                    "Actual Startup Time": 519.432,
                                    "Actual Total Time": 519.436,
                                    "Actual Rows": 1,
                                    "Actual Loops": 1
                                },
                                {
                                    "Worker Number": 2,
                                    "Actual Startup Time": 519.435,
                                    "Actual Total Time": 519.439,
                                    "Actual Rows": 1,
                                    "Actual Loops": 1
                                },
                                {
                                    "Worker Number": 3,
                                    "Actual Startup Time": 518.814,
                                    "Actual Total Time": 518.819,
                                    "Actual Rows": 1,
                                    "Actual Loops": 1
                                }
                            ],
                            "Plans": [
                                {
                                    "Node Type": "Nested Loop",
                                    "Parent Relationship": "Outer",
                                    "Parallel Aware": false,
                                    "Join Type": "Inner",
                                    "Startup Cost": 20149.09,
                                    "Total Cost": 88557.1,
                                    "Plan Rows": 133493,
                                    "Plan Width": 0,
                                    "Actual Startup Time": 17.32,
                                    "Actual Total Time": 505.98,
                                    "Actual Rows": 213616,
                                    "Actual Loops": 5,
                                    "Inner Unique": false,
                                    "Workers": [
                                        {
                                            "Worker Number": 0,
                                            "Actual Startup Time": 15.726,
                                            "Actual Total Time": 504.783,
                                            "Actual Rows": 197935,
                                            "Actual Loops": 1
                                        },
                                        {
                                            "Worker Number": 1,
                                            "Actual Startup Time": 15.265,
                                            "Actual Total Time": 505.437,
                                            "Actual Rows": 237294,
                                            "Actual Loops": 1
                                        },
                                        {
                                            "Worker Number": 2,
                                            "Actual Startup Time": 15.436,
                                            "Actual Total Time": 505.395,
                                            "Actual Rows": 236399,
                                            "Actual Loops": 1
                                        },
                                        {
                                            "Worker Number": 3,
                                            "Actual Startup Time": 14.691,
                                            "Actual Total Time": 504.485,
                                            "Actual Rows": 133767,
                                            "Actual Loops": 1
                                        }
                                    ],
                                    "Plans": [
                                        {
                                            "Node Type": "Hash Join",
                                            "Parent Relationship": "Outer",
                                            "Parallel Aware": true,
                                            "Join Type": "Inner",
                                            "Startup Cost": 20148.52,
                                            "Total Cost": 66655.13,
                                            "Plan Rows": 9310,
                                            "Plan Width": 8,
                                            "Actual Startup Time": 17.176,
                                            "Actual Total Time": 162.015,
                                            "Actual Rows": 9216,
                                            "Actual Loops": 5,
                                            "Output": [
                                                "t.id",
                                                "mc.movie_id"
                                            ],
                                            "Inner Unique": false,
                                            "Hash Cond": "(t.id = mc.movie_id)",
                                            "Workers": [
                                                {
                                                    "Worker Number": 0,
                                                    "Actual Startup Time": 15.564,
                                                    "Actual Total Time": 154.956,
                                                    "Actual Rows": 8537,
                                                    "Actual Loops": 1
                                                },
                                                {
                                                    "Worker Number": 1,
                                                    "Actual Startup Time": 15.106,
                                                    "Actual Total Time": 150.744,
                                                    "Actual Rows": 10250,
                                                    "Actual Loops": 1
                                                },
                                                {
                                                    "Worker Number": 2,
                                                    "Actual Startup Time": 15.236,
                                                    "Actual Total Time": 150.843,
                                                    "Actual Rows": 10280,
                                                    "Actual Loops": 1
                                                },
                                                {
                                                    "Worker Number": 3,
                                                    "Actual Startup Time": 14.517,
                                                    "Actual Total Time": 150.145,
                                                    "Actual Rows": 5638,
                                                    "Actual Loops": 1
                                                }
                                            ],
                                            "Plans": [
                                                {
                                                    "Node Type": "Seq Scan",
                                                    "Parent Relationship": "Outer",
                                                    "Parallel Aware": true,
                                                    "Relation Name": "title",
                                                    "Schema": "public",
                                                    "Alias": "t",
                                                    "Startup Cost": 0.0,
                                                    "Total Cost": 43899.01,
                                                    "Plan Rows": 515515,
                                                    "Plan Width": 4,
                                                    "Actual Startup Time": 0.018,
                                                    "Actual Total Time": 80.354,
                                                    "Actual Rows": 412910,
                                                    "Actual Loops": 5,
                                                    "Output": [
                                                        "t.id",
                                                        "t.title",
                                                        "t.imdb_index",
                                                        "t.kind_id",
                                                        "t.production_year",
                                                        "t.imdb_id",
                                                        "t.phonetic_code",
                                                        "t.episode_of_id",
                                                        "t.season_nr",
                                                        "t.episode_nr",
                                                        "t.series_years",
                                                        "t.md5sum"
                                                    ],
                                                    "Filter": "(t.production_year < 2011)",
                                                    "Rows Removed by Filter": 92752,
                                                    "Workers": [
                                                        {
                                                            "Worker Number": 0,
                                                            "Actual Startup Time": 0.016,
                                                            "Actual Total Time": 79.08,
                                                            "Actual Rows": 368113,
                                                            "Actual Loops": 1
                                                        },
                                                        {
                                                            "Worker Number": 1,
                                                            "Actual Startup Time": 0.022,
                                                            "Actual Total Time": 76.152,
                                                            "Actual Rows": 458126,
                                                            "Actual Loops": 1
                                                        },
                                                        {
                                                            "Worker Number": 2,
                                                            "Actual Startup Time": 0.027,
                                                            "Actual Total Time": 76.435,
                                                            "Actual Rows": 461302,
                                                            "Actual Loops": 1
                                                        },
                                                        {
                                                            "Worker Number": 3,
                                                            "Actual Startup Time": 0.016,
                                                            "Actual Total Time": 72.153,
                                                            "Actual Rows": 262386,
                                                            "Actual Loops": 1
                                                        }
                                                    ]
                                                },
                                                {
                                                    "Node Type": "Hash",
                                                    "Parent Relationship": "Inner",
                                                    "Parallel Aware": true,
                                                    "Startup Cost": 19964.41,
                                                    "Total Cost": 19964.41,
                                                    "Plan Rows": 14729,
                                                    "Plan Width": 4,
                                                    "Actual Startup Time": 16.555,
                                                    "Actual Total Time": 16.557,
                                                    "Actual Rows": 9450,
                                                    "Actual Loops": 5,
                                                    "Output": [
                                                        "mc.movie_id"
                                                    ],
                                                    "Hash Buckets": 65536,
                                                    "Original Hash Buckets": 65536,
                                                    "Hash Batches": 1,
                                                    "Original Hash Batches": 1,
                                                    "Peak Memory Usage": 2400,
                                                    "Workers": [
                                                        {
                                                            "Worker Number": 0,
                                                            "Actual Startup Time": 14.944,
                                                            "Actual Total Time": 14.946,
                                                            "Actual Rows": 4744,
                                                            "Actual Loops": 1
                                                        },
                                                        {
                                                            "Worker Number": 1,
                                                            "Actual Startup Time": 14.586,
                                                            "Actual Total Time": 14.587,
                                                            "Actual Rows": 4838,
                                                            "Actual Loops": 1
                                                        },
                                                        {
                                                            "Worker Number": 2,
                                                            "Actual Startup Time": 14.582,
                                                            "Actual Total Time": 14.583,
                                                            "Actual Rows": 3455,
                                                            "Actual Loops": 1
                                                        },
                                                        {
                                                            "Worker Number": 3,
                                                            "Actual Startup Time": 13.969,
                                                            "Actual Total Time": 13.971,
                                                            "Actual Rows": 3138,
                                                            "Actual Loops": 1
                                                        }
                                                    ],
                                                    "Plans": [
                                                        {
                                                            "Node Type": "Bitmap Heap Scan",
                                                            "Parent Relationship": "Outer",
                                                            "Parallel Aware": true,
                                                            "Relation Name": "movie_companies",
                                                            "Schema": "public",
                                                            "Alias": "mc",
                                                            "Startup Cost": 990.29,
                                                            "Total Cost": 19964.41,
                                                            "Plan Rows": 14729,
                                                            "Plan Width": 4,
                                                            "Actual Startup Time": 1.011,
                                                            "Actual Total Time": 12.308,
                                                            "Actual Rows": 9450,
                                                            "Actual Loops": 5,
                                                            "Output": [
                                                                "mc.movie_id"
                                                            ],
                                                            "Recheck Cond": "(mc.company_id = 19)",
                                                            "Rows Removed by Index Recheck": 0,
                                                            "Exact Heap Blocks": 3418,
                                                            "Lossy Heap Blocks": 0,
                                                            "Workers": [
                                                                {
                                                                    "Worker Number": 0,
                                                                    "Actual Startup Time": 0.152,
                                                                    "Actual Total Time": 11.38,
                                                                    "Actual Rows": 4744,
                                                                    "Actual Loops": 1
                                                                },
                                                                {
                                                                    "Worker Number": 1,
                                                                    "Actual Startup Time": 0.283,
                                                                    "Actual Total Time": 11.374,
                                                                    "Actual Rows": 4838,
                                                                    "Actual Loops": 1
                                                                },
                                                                {
                                                                    "Worker Number": 2,
                                                                    "Actual Startup Time": 0.149,
                                                                    "Actual Total Time": 11.271,
                                                                    "Actual Rows": 3455,
                                                                    "Actual Loops": 1
                                                                },
                                                                {
                                                                    "Worker Number": 3,
                                                                    "Actual Startup Time": 0.154,
                                                                    "Actual Total Time": 10.795,
                                                                    "Actual Rows": 3138,
                                                                    "Actual Loops": 1
                                                                }
                                                            ],
                                                            "Plans": [
                                                                {
                                                                    "Node Type": "Bitmap Index Scan",
                                                                    "Parent Relationship": "Outer",
                                                                    "Parallel Aware": false,
                                                                    "Index Name": "company_id_movie_companies",
                                                                    "Startup Cost": 0.0,
                                                                    "Total Cost": 978.88,
                                                                    "Plan Rows": 45660,
                                                                    "Plan Width": 0,
                                                                    "Actual Startup Time": 3.357,
                                                                    "Actual Total Time": 3.358,
                                                                    "Actual Rows": 47252,
                                                                    "Actual Loops": 1,
                                                                    "Index Cond": "(mc.company_id = 19)"
                                                                }
                                                            ]
                                                        }
                                                    ]
                                                }
                                            ]
                                        },
                                        {
                                            "Node Type": "Index Only Scan",
                                            "Parent Relationship": "Inner",
                                            "Parallel Aware": false,
                                            "Scan Direction": "Forward",
                                            "Index Name": "movie_id_cast_info",
                                            "Relation Name": "cast_info",
                                            "Schema": "public",
                                            "Alias": "ci",
                                            "Startup Cost": 0.56,
                                            "Total Cost": 1.97,
                                            "Plan Rows": 38,
                                            "Plan Width": 4,
                                            "Actual Startup Time": 0.008,
                                            "Actual Total Time": 0.035,
                                            "Actual Rows": 23,
                                            "Actual Loops": 46082,
                                            "Output": [
                                                "ci.movie_id"
                                            ],
                                            "Index Cond": "(ci.movie_id = t.id)",
                                            "Rows Removed by Index Recheck": 0,
                                            "Heap Fetches": 1068081,
                                            "Workers": [
                                                {
                                                    "Worker Number": 0,
                                                    "Actual Startup Time": 0.009,
                                                    "Actual Total Time": 0.038,
                                                    "Actual Rows": 23,
                                                    "Actual Loops": 8537
                                                },
                                                {
                                                    "Worker Number": 1,
                                                    "Actual Startup Time": 0.007,
                                                    "Actual Total Time": 0.032,
                                                    "Actual Rows": 23,
                                                    "Actual Loops": 10250
                                                },
                                                {
                                                    "Worker Number": 2,
                                                    "Actual Startup Time": 0.007,
                                                    "Actual Total Time": 0.032,
                                                    "Actual Rows": 23,
                                                    "Actual Loops": 10280
                                                },
                                                {
                                                    "Worker Number": 3,
                                                    "Actual Startup Time": 0.013,
                                                    "Actual Total Time": 0.059,
                                                    "Actual Rows": 24,
                                                    "Actual Loops": 5638
                                                }
                                            ]
                                        }
                                    ]
                                }
                            ]
                        }
                    ]
                }
            ]
        },
        "Planning Time": 296.688,
        "Triggers": [],
        "Execution Time": 573.726
    }
]