[
  {
    "Plan": {
      "Node Type": "Aggregate",
      "Strategy": "Plain",
      "Partial Mode": "Finalize",
      "Parallel Aware": false,
      "Startup Cost": 31797.77,
      "Total Cost": 31797.78,
      "Plan Rows": 1,
      "Plan Width": 8,
      "Actual Startup Time": 97.608,
      "Actual Total Time": 106.068,
      "Actual Rows": 1,
      "Actual Loops": 1,
      "Plans": [
        {
          "Node Type": "Gather",
          "Parent Relationship": "Outer",
          "Parallel Aware": false,
          "Startup Cost": 31797.45,
          "Total Cost": 31797.76,
          "Plan Rows": 3,
          "Plan Width": 8,
          "Actual Startup Time": 97.508,
          "Actual Total Time": 106.061,
          "Actual Rows": 4,
          "Actual Loops": 1,
          "Workers Planned": 3,
          "Workers Launched": 3,
          "Single Copy": false,
          "Plans": [
            {
              "Node Type": "Aggregate",
              "Strategy": "Plain",
              "Partial Mode": "Partial",
              "Parent Relationship": "Outer",
              "Parallel Aware": false,
              "Startup Cost": 30797.45,
              "Total Cost": 30797.46,
              "Plan Rows": 1,
              "Plan Width": 8,
              "Actual Startup Time": 93.888,
              "Actual Total Time": 93.889,
              "Actual Rows": 1,
              "Actual Loops": 4,
              "Plans": [
                {
                  "Node Type": "Seq Scan",
                  "Parent Relationship": "Outer",
                  "Parallel Aware": true,
                  "Relation Name": "movie_companies",
                  "Alias": "mc",
                  "Startup Cost": 0.0,
                  "Total Cost": 29310.68,
                  "Plan Rows": 594707,
                  "Plan Width": 0,
                  "Actual Startup Time": 0.453,
                  "Actual Total Time": 74.332,
                  "Actual Rows": 462760,
                  "Actual Loops": 4,
                  "Filter": "(company_id > 1526)",
                  "Rows Removed by Filter": 189523
                }
              ]
            }
          ]
        }
      ]
    },
    "Planning Time": 0.098,
    "Triggers": [],
    "Execution Time": 106.099
  }
]