{
  "Plan": {
    "Node Type": "Aggregate",
    "Strategy": "Plain",
    "Partial Mode": "Finalize",
    "Parallel Aware": false,
    "Startup Cost": 94603.65,
    "Total Cost": 94603.66,
    "Plan Rows": 1,
    "Plan Width": 8,
    "Actual Startup Time": 387.21,
    "Actual Total Time": 402.645,
    "Actual Rows": 1,
    "Actual Loops": 1,
    "Plans": [
      {
        "Node Type": "Gather",
        "Parent Relationship": "Outer",
        "Parallel Aware": false,
        "Startup Cost": 94603.54,
        "Total Cost": 94603.65,
        "Plan Rows": 1,
        "Plan Width": 8,
        "Actual Startup Time": 386.799,
        "Actual Total Time": 402.636,
        "Actual Rows": 2,
        "Actual Loops": 1,
        "Workers Planned": 1,
        "Workers Launched": 1,
        "Single Copy": false,
        "Plans": [
          {
            "Node Type": "Aggregate",
            "Strategy": "Plain",
            "Partial Mode": "Partial",
            "Parent Relationship": "Outer",
            "Parallel Aware": false,
            "Startup Cost": 93603.54,
            "Total Cost": 93603.55,
            "Plan Rows": 1,
            "Plan Width": 8,
            "Actual Startup Time": 381.275,
            "Actual Total Time": 381.278,
            "Actual Rows": 1,
            "Actual Loops": 2,
            "Plans": [
              {
                "Node Type": "Hash Join",
                "Parent Relationship": "Outer",
                "Parallel Aware": true,
                "Join Type": "Inner",
                "Startup Cost": 55291.74,
                "Total Cost": 93458.37,
                "Plan Rows": 58066,
                "Plan Width": 0,
                "Actual Startup Time": 185.034,
                "Actual Total Time": 377.473,
                "Actual Rows": 93312,
                "Actual Loops": 2,
                "Inner Unique": true,
                "Hash Cond": "(mc.movie_id = t.id)",
                "Plans": [
                  {
                    "Node Type": "Seq Scan",
                    "Parent Relationship": "Outer",
                    "Parallel Aware": true,
                    "Relation Name": "movie_companies",
                    "Alias": "mc",
                    "Startup Cost": 0.0,
                    "Total Cost": 34137.82,
                    "Plan Rows": 1534782,
                    "Plan Width": 4,
                    "Actual Startup Time": 0.013,
                    "Actual Total Time": 95.957,
                    "Actual Rows": 1304564,
                    "Actual Loops": 2
                  },
                  {
                    "Node Type": "Hash",
                    "Parent Relationship": "Inner",
                    "Parallel Aware": true,
                    "Startup Cost": 54588.39,
                    "Total Cost": 54588.39,
                    "Plan Rows": 56268,
                    "Plan Width": 4,
                    "Actual Startup Time": 144.447,
                    "Actual Total Time": 144.448,
                    "Actual Rows": 49290,
                    "Actual Loops": 2,
                    "Hash Buckets": 131072,
                    "Original Hash Buckets": 131072,
                    "Hash Batches": 1,
                    "Original Hash Batches": 1,
                    "Peak Memory Usage": 4896,
                    "Plans": [
                      {
                        "Node Type": "Seq Scan",
                        "Parent Relationship": "Outer",
                        "Parallel Aware": true,
                        "Relation Name": "title",
                        "Alias": "t",
                        "Startup Cost": 0.0,
                        "Total Cost": 54588.39,
                        "Plan Rows": 56268,
                        "Plan Width": 4,
                        "Actual Startup Time": 56.244,
                        "Actual Total Time": 134.429,
                        "Actual Rows": 49290,
                        "Actual Loops": 2,
                        "Filter": "(production_year < 1924)",
                        "Rows Removed by Filter": 1214866
                      }
                    ]
                  }
                ]
              }
            ]
          }
        ]
      }
    ]
  },
  "Planning Time": 0.414,
  "Triggers": [],
  "Execution Time": 402.711
}