{
  "Plan": {
    "Node Type": "Aggregate",
    "Strategy": "Plain",
    "Partial Mode": "Finalize",
    "Parallel Aware": false,
    "Startup Cost": 255987.23,
    "Total Cost": 255987.24,
    "Plan Rows": 1,
    "Plan Width": 8,
    "Actual Startup Time": 409.064,
    "Actual Total Time": 422.725,
    "Actual Rows": 1,
    "Actual Loops": 1,
    "Plans": [
      {
        "Node Type": "Gather",
        "Parent Relationship": "Outer",
        "Parallel Aware": false,
        "Startup Cost": 255987.12,
        "Total Cost": 255987.23,
        "Plan Rows": 1,
        "Plan Width": 8,
        "Actual Startup Time": 408.754,
        "Actual Total Time": 422.717,
        "Actual Rows": 2,
        "Actual Loops": 1,
        "Workers Planned": 1,
        "Workers Launched": 1,
        "Single Copy": false,
        "Plans": [
          {
            "Node Type": "Aggregate",
            "Strategy": "Plain",
            "Partial Mode": "Partial",
            "Parent Relationship": "Outer",
            "Parallel Aware": false,
            "Startup Cost": 254987.12,
            "Total Cost": 254987.13,
            "Plan Rows": 1,
            "Plan Width": 8,
            "Actual Startup Time": 402.826,
            "Actual Total Time": 402.83,
            "Actual Rows": 1,
            "Actual Loops": 2,
            "Plans": [
              {
                "Node Type": "Hash Join",
                "Parent Relationship": "Outer",
                "Parallel Aware": true,
                "Join Type": "Inner",
                "Startup Cost": 81606.79,
                "Total Cost": 254972.85,
                "Plan Rows": 5708,
                "Plan Width": 0,
                "Actual Startup Time": 275.461,
                "Actual Total Time": 401.79,
                "Actual Rows": 17728,
                "Actual Loops": 2,
                "Inner Unique": true,
                "Hash Cond": "(mi.movie_id = t.id)",
                "Plans": [
                  {
                    "Node Type": "Bitmap Heap Scan",
                    "Parent Relationship": "Outer",
                    "Parallel Aware": true,
                    "Relation Name": "movie_info",
                    "Alias": "mi",
                    "Startup Cost": 23159.21,
                    "Total Cost": 194551.43,
                    "Plan Rows": 751938,
                    "Plan Width": 4,
                    "Actual Startup Time": 73.405,
                    "Actual Total Time": 144.906,
                    "Actual Rows": 649494,
                    "Actual Loops": 2,
                    "Recheck Cond": "(info_type_id = 4)",
                    "Rows Removed by Index Recheck": 0,
                    "Exact Heap Blocks": 3943,
                    "Lossy Heap Blocks": 0,
                    "Plans": [
                      {
                        "Node Type": "Bitmap Index Scan",
                        "Parent Relationship": "Outer",
                        "Parallel Aware": false,
                        "Index Name": "info_type_id_movie_info",
                        "Startup Cost": 0.0,
                        "Total Cost": 22839.64,
                        "Plan Rows": 1278294,
                        "Plan Width": 0,
                        "Actual Startup Time": 71.339,
                        "Actual Total Time": 71.34,
                        "Actual Rows": 1298989,
                        "Actual Loops": 1,
                        "Index Cond": "(info_type_id = 4)"
                      }
                    ]
                  },
                  {
                    "Node Type": "Hash",
                    "Parent Relationship": "Inner",
                    "Parallel Aware": true,
                    "Startup Cost": 58306.47,
                    "Total Cost": 58306.47,
                    "Plan Rows": 11289,
                    "Plan Width": 4,
                    "Actual Startup Time": 163.918,
                    "Actual Total Time": 163.919,
                    "Actual Rows": 25860,
                    "Actual Loops": 2,
                    "Hash Buckets": 65536,
                    "Original Hash Buckets": 32768,
                    "Hash Batches": 1,
                    "Original Hash Batches": 1,
                    "Peak Memory Usage": 2816,
                    "Plans": [
                      {
                        "Node Type": "Seq Scan",
                        "Parent Relationship": "Outer",
                        "Parallel Aware": true,
                        "Relation Name": "title",
                        "Alias": "t",
                        "Startup Cost": 0.0,
                        "Total Cost": 58306.47,
                        "Plan Rows": 11289,
                        "Plan Width": 4,
                        "Actual Startup Time": 101.889,
                        "Actual Total Time": 156.304,
                        "Actual Rows": 25860,
                        "Actual Loops": 2,
                        "Filter": "((kind_id < 7) AND (production_year < 1914))",
                        "Rows Removed by Filter": 1238296
                      }
                    ]
                  }
                ]
              }
            ]
          }
        ]
      }
    ]
  },
  "Planning Time": 0.383,
  "Triggers": [],
  "Execution Time": 422.801
}