[
  {
    "Plan": {
      "Node Type": "Aggregate",
      "Strategy": "Plain",
      "Partial Mode": "Finalize",
      "Parallel Aware": false,
      "Startup Cost": 95999.01,
      "Total Cost": 95999.02,
      "Plan Rows": 1,
      "Plan Width": 8,
      "Actual Startup Time": 601.975,
      "Actual Total Time": 617.74,
      "Actual Rows": 1,
      "Actual Loops": 1,
      "Plans": [
        {
          "Node Type": "Gather",
          "Parent Relationship": "Outer",
          "Parallel Aware": false,
          "Startup Cost": 95998.79,
          "Total Cost": 95999.0,
          "Plan Rows": 2,
          "Plan Width": 8,
          "Actual Startup Time": 596.79,
          "Actual Total Time": 617.731,
          "Actual Rows": 3,
          "Actual Loops": 1,
          "Workers Planned": 2,
          "Workers Launched": 2,
          "Single Copy": false,
          "Plans": [
            {
              "Node Type": "Aggregate",
              "Strategy": "Plain",
              "Partial Mode": "Partial",
              "Parent Relationship": "Outer",
              "Parallel Aware": false,
              "Startup Cost": 94998.79,
              "Total Cost": 94998.8,
              "Plan Rows": 1,
              "Plan Width": 8,
              "Actual Startup Time": 588.624,
              "Actual Total Time": 589.085,
              "Actual Rows": 1,
              "Actual Loops": 3,
              "Plans": [
                {
                  "Node Type": "Hash Join",
                  "Parent Relationship": "Outer",
                  "Parallel Aware": true,
                  "Join Type": "Inner",
                  "Startup Cost": 78785.48,
                  "Total Cost": 94836.43,
                  "Plan Rows": 64946,
                  "Plan Width": 0,
                  "Actual Startup Time": 443.761,
                  "Actual Total Time": 570.827,
                  "Actual Rows": 456409,
                  "Actual Loops": 3,
                  "Inner Unique": false,
                  "Hash Cond": "(mi_idx.movie_id = t.id)",
                  "Plans": [
                    {
                      "Node Type": "Seq Scan",
                      "Parent Relationship": "Outer",
                      "Parallel Aware": true,
                      "Relation Name": "movie_info_idx",
                      "Alias": "mi_idx",
                      "Startup Cost": 0.0,
                      "Total Cost": 13685.15,
                      "Plan Rows": 575015,
                      "Plan Width": 4,
                      "Actual Startup Time": 0.045,
                      "Actual Total Time": 35.286,
                      "Actual Rows": 460012,
                      "Actual Loops": 3
                    },
                    {
                      "Node Type": "Hash",
                      "Parent Relationship": "Inner",
                      "Parallel Aware": true,
                      "Startup Cost": 77634.01,
                      "Total Cost": 77634.01,
                      "Plan Rows": 92117,
                      "Plan Width": 8,
                      "Actual Startup Time": 439.238,
                      "Actual Total Time": 439.698,
                      "Actual Rows": 231414,
                      "Actual Loops": 3,
                      "Hash Buckets": 1048576,
                      "Original Hash Buckets": 524288,
                      "Hash Batches": 1,
                      "Original Hash Batches": 1,
                      "Peak Memory Usage": 39520,
                      "Plans": [
                        {
                          "Node Type": "Hash Join",
                          "Parent Relationship": "Outer",
                          "Parallel Aware": true,
                          "Join Type": "Inner",
                          "Startup Cost": 47235.75,
                          "Total Cost": 77634.01,
                          "Plan Rows": 92117,
                          "Plan Width": 8,
                          "Actual Startup Time": 195.43,
                          "Actual Total Time": 372.189,
                          "Actual Rows": 231414,
                          "Actual Loops": 3,
                          "Inner Unique": true,
                          "Hash Cond": "(mc.movie_id = t.id)",
                          "Plans": [
                            {
                              "Node Type": "Seq Scan",
                              "Parent Relationship": "Outer",
                              "Parallel Aware": true,
                              "Relation Name": "movie_companies",
                              "Alias": "mc",
                              "Startup Cost": 0.0,
                              "Total Cost": 29310.68,
                              "Plan Rows": 414318,
                              "Plan Width": 4,
                              "Actual Startup Time": 0.019,
                              "Actual Total Time": 82.622,
                              "Actual Rows": 424749,
                              "Actual Loops": 3,
                              "Filter": "(company_type_id < 2)",
                              "Rows Removed by Filter": 444961
                            },
                            {
                              "Node Type": "Hash",
                              "Parent Relationship": "Inner",
                              "Parallel Aware": true,
                              "Startup Cost": 45479.1,
                              "Total Cost": 45479.1,
                              "Plan Rows": 140532,
                              "Plan Width": 4,
                              "Actual Startup Time": 190.945,
                              "Actual Total Time": 190.946,
                              "Actual Rows": 213928,
                              "Actual Loops": 3,
                              "Hash Buckets": 1048576,
                              "Original Hash Buckets": 1048576,
                              "Hash Batches": 1,
                              "Original Hash Batches": 1,
                              "Peak Memory Usage": 33344,
                              "Plans": [
                                {
                                  "Node Type": "Seq Scan",
                                  "Parent Relationship": "Outer",
                                  "Parallel Aware": true,
                                  "Relation Name": "title",
                                  "Alias": "t",
                                  "Startup Cost": 0.0,
                                  "Total Cost": 45479.1,
                                  "Plan Rows": 140532,
                                  "Plan Width": 4,
                                  "Actual Startup Time": 0.061,
                                  "Actual Total Time": 120.386,
                                  "Actual Rows": 213928,
                                  "Actual Loops": 3,
                                  "Filter": "((kind_id < 7) AND (production_year < 2006))",
                                  "Rows Removed by Filter": 628842
                                }
                              ]
                            }
                          ]
                        }
                      ]
                    }
                  ]
                }
              ]
            }
          ]
        }
      ]
    },
    "Planning Time": 1.484,
    "Triggers": [],
    "Execution Time": 617.822
  }
]