{
  "Plan": {
    "Node Type": "Aggregate",
    "Strategy": "Plain",
    "Partial Mode": "Finalize",
    "Parallel Aware": false,
    "Startup Cost": 154798.04,
    "Total Cost": 154798.05,
    "Plan Rows": 1,
    "Plan Width": 8,
    "Actual Startup Time": 775.588,
    "Actual Total Time": 796.89,
    "Actual Rows": 1,
    "Actual Loops": 1,
    "Plans": [
      {
        "Node Type": "Gather",
        "Parent Relationship": "Outer",
        "Parallel Aware": false,
        "Startup Cost": 154797.93,
        "Total Cost": 154798.04,
        "Plan Rows": 1,
        "Plan Width": 8,
        "Actual Startup Time": 774.238,
        "Actual Total Time": 796.88,
        "Actual Rows": 2,
        "Actual Loops": 1,
        "Workers Planned": 1,
        "Workers Launched": 1,
        "Single Copy": false,
        "Plans": [
          {
            "Node Type": "Aggregate",
            "Strategy": "Plain",
            "Partial Mode": "Partial",
            "Parent Relationship": "Outer",
            "Parallel Aware": false,
            "Startup Cost": 153797.93,
            "Total Cost": 153797.94,
            "Plan Rows": 1,
            "Plan Width": 8,
            "Actual Startup Time": 767.899,
            "Actual Total Time": 768.078,
            "Actual Rows": 1,
            "Actual Loops": 2,
            "Plans": [
              {
                "Node Type": "Hash Join",
                "Parent Relationship": "Outer",
                "Parallel Aware": true,
                "Join Type": "Inner",
                "Startup Cost": 91834.33,
                "Total Cost": 153523.84,
                "Plan Rows": 109634,
                "Plan Width": 0,
                "Actual Startup Time": 398.845,
                "Actual Total Time": 749.085,
                "Actual Rows": 481345,
                "Actual Loops": 2,
                "Inner Unique": false,
                "Hash Cond": "(mk.movie_id = t.id)",
                "Plans": [
                  {
                    "Node Type": "Seq Scan",
                    "Parent Relationship": "Outer",
                    "Parallel Aware": true,
                    "Relation Name": "movie_keyword",
                    "Alias": "mk",
                    "Startup Cost": 0.0,
                    "Total Cost": 51065.35,
                    "Plan Rows": 2661135,
                    "Plan Width": 4,
                    "Actual Startup Time": 0.012,
                    "Actual Total Time": 150.896,
                    "Actual Rows": 2261965,
                    "Actual Loops": 2
                  },
                  {
                    "Node Type": "Hash",
                    "Parent Relationship": "Inner",
                    "Parallel Aware": true,
                    "Startup Cost": 91068.45,
                    "Total Cost": 91068.45,
                    "Plan Rows": 61271,
                    "Plan Width": 8,
                    "Actual Startup Time": 396.369,
                    "Actual Total Time": 396.547,
                    "Actual Rows": 55158,
                    "Actual Loops": 2,
                    "Hash Buckets": 131072,
                    "Original Hash Buckets": 131072,
                    "Hash Batches": 1,
                    "Original Hash Batches": 1,
                    "Peak Memory Usage": 5376,
                    "Plans": [
                      {
                        "Node Type": "Hash Join",
                        "Parent Relationship": "Outer",
                        "Parallel Aware": true,
                        "Join Type": "Inner",
                        "Startup Cost": 30323.1,
                        "Total Cost": 91068.45,
                        "Plan Rows": 61271,
                        "Plan Width": 8,
                        "Actual Startup Time": 117.683,
                        "Actual Total Time": 382.974,
                        "Actual Rows": 55158,
                        "Actual Loops": 2,
                        "Inner Unique": false,
                        "Hash Cond": "(t.id = mc.movie_id)",
                        "Plans": [
                          {
                            "Node Type": "Seq Scan",
                            "Parent Relationship": "Outer",
                            "Parallel Aware": true,
                            "Relation Name": "title",
                            "Alias": "t",
                            "Startup Cost": 0.0,
                            "Total Cost": 54588.39,
                            "Plan Rows": 927446,
                            "Plan Width": 4,
                            "Actual Startup Time": 0.012,
                            "Actual Total Time": 146.44,
                            "Actual Rows": 785284,
                            "Actual Loops": 2,
                            "Filter": "(production_year > 1996)",
                            "Rows Removed by Filter": 478872
                          },
                          {
                            "Node Type": "Hash",
                            "Parent Relationship": "Inner",
                            "Parallel Aware": true,
                            "Startup Cost": 29094.92,
                            "Total Cost": 29094.92,
                            "Plan Rows": 98254,
                            "Plan Width": 4,
                            "Actual Startup Time": 115.362,
                            "Actual Total Time": 115.364,
                            "Actual Rows": 132552,
                            "Actual Loops": 2,
                            "Hash Buckets": 524288,
                            "Original Hash Buckets": 262144,
                            "Hash Batches": 1,
                            "Original Hash Batches": 1,
                            "Peak Memory Usage": 16544,
                            "Plans": [
                              {
                                "Node Type": "Bitmap Heap Scan",
                                "Parent Relationship": "Outer",
                                "Parallel Aware": true,
                                "Relation Name": "movie_companies",
                                "Alias": "mc",
                                "Startup Cost": 7311.01,
                                "Total Cost": 29094.92,
                                "Plan Rows": 98254,
                                "Plan Width": 4,
                                "Actual Startup Time": 29.716,
                                "Actual Total Time": 83.747,
                                "Actual Rows": 132552,
                                "Actual Loops": 2,
                                "Recheck Cond": "(company_id < 166)",
                                "Rows Removed by Index Recheck": 0,
                                "Filter": "(company_type_id = 1)",
                                "Rows Removed by Filter": 34676,
                                "Exact Heap Blocks": 11869,
                                "Lossy Heap Blocks": 0,
                                "Plans": [
                                  {
                                    "Node Type": "Bitmap Index Scan",
                                    "Parent Relationship": "Outer",
                                    "Parallel Aware": false,
                                    "Index Name": "company_id_movie_companies",
                                    "Startup Cost": 0.0,
                                    "Total Cost": 7269.26,
                                    "Plan Rows": 339310,
                                    "Plan Width": 0,
                                    "Actual Startup Time": 27.644,
                                    "Actual Total Time": 27.644,
                                    "Actual Rows": 334457,
                                    "Actual Loops": 1,
                                    "Index Cond": "(company_id < 166)"
                                  }
                                ]
                              }
                            ]
                          }
                        ]
                      }
                    ]
                  }
                ]
              }
            ]
          }
        ]
      }
    ]
  },
  "Planning Time": 0.935,
  "Triggers": [],
  "Execution Time": 796.994
}