[
  {
    "Plan": {
      "Node Type": "Aggregate",
      "Strategy": "Plain",
      "Partial Mode": "Finalize",
      "Parallel Aware": false,
      "Startup Cost": 44468.34,
      "Total Cost": 44468.35,
      "Plan Rows": 1,
      "Plan Width": 8,
      "Actual Startup Time": 102.141,
      "Actual Total Time": 107.4,
      "Actual Rows": 1,
      "Actual Loops": 1,
      "Plans": [
        {
          "Node Type": "Gather",
          "Parent Relationship": "Outer",
          "Parallel Aware": false,
          "Startup Cost": 44468.02,
          "Total Cost": 44468.33,
          "Plan Rows": 3,
          "Plan Width": 8,
          "Actual Startup Time": 102.074,
          "Actual Total Time": 107.395,
          "Actual Rows": 4,
          "Actual Loops": 1,
          "Workers Planned": 3,
          "Workers Launched": 3,
          "Single Copy": false,
          "Plans": [
            {
              "Node Type": "Aggregate",
              "Strategy": "Plain",
              "Partial Mode": "Partial",
              "Parent Relationship": "Outer",
              "Parallel Aware": false,
              "Startup Cost": 43468.02,
              "Total Cost": 43468.03,
              "Plan Rows": 1,
              "Plan Width": 8,
              "Actual Startup Time": 97.933,
              "Actual Total Time": 97.934,
              "Actual Rows": 1,
              "Actual Loops": 4,
              "Plans": [
                {
                  "Node Type": "Seq Scan",
                  "Parent Relationship": "Outer",
                  "Parallel Aware": true,
                  "Relation Name": "movie_keyword",
                  "Alias": "mk",
                  "Startup Cost": 0.0,
                  "Total Cost": 42695.65,
                  "Plan Rows": 308946,
                  "Plan Width": 0,
                  "Actual Startup Time": 1.365,
                  "Actual Total Time": 87.095,
                  "Actual Rows": 235912,
                  "Actual Loops": 4,
                  "Filter": "(keyword_id > 20099)",
                  "Rows Removed by Filter": 895070
                }
              ]
            }
          ]
        }
      ]
    },
    "Planning Time": 0.08,
    "Triggers": [],
    "Execution Time": 107.426
  }
]