[
  {
    "Plan": {
      "Node Type": "Aggregate",
      "Strategy": "Plain",
      "Partial Mode": "Finalize",
      "Parallel Aware": false,
      "Startup Cost": 351484.34,
      "Total Cost": 351484.35,
      "Plan Rows": 1,
      "Plan Width": 8,
      "Actual Startup Time": 757.121,
      "Actual Total Time": 804.462,
      "Actual Rows": 1,
      "Actual Loops": 1,
      "Plans": [
        {
          "Node Type": "Gather",
          "Parent Relationship": "Outer",
          "Parallel Aware": false,
          "Startup Cost": 351483.72,
          "Total Cost": 351484.33,
          "Plan Rows": 6,
          "Plan Width": 8,
          "Actual Startup Time": 756.955,
          "Actual Total Time": 804.45,
          "Actual Rows": 7,
          "Actual Loops": 1,
          "Workers Planned": 6,
          "Workers Launched": 6,
          "Single Copy": false,
          "Plans": [
            {
              "Node Type": "Aggregate",
              "Strategy": "Plain",
              "Partial Mode": "Partial",
              "Parent Relationship": "Outer",
              "Parallel Aware": false,
              "Startup Cost": 350483.72,
              "Total Cost": 350483.73,
              "Plan Rows": 1,
              "Plan Width": 8,
              "Actual Startup Time": 751.837,
              "Actual Total Time": 751.838,
              "Actual Rows": 1,
              "Actual Loops": 7,
              "Plans": [
                {
                  "Node Type": "Seq Scan",
                  "Parent Relationship": "Outer",
                  "Parallel Aware": true,
                  "Relation Name": "cast_info",
                  "Alias": "ci",
                  "Startup Cost": 0.0,
                  "Total Cost": 343316.27,
                  "Plan Rows": 2866978,
                  "Plan Width": 0,
                  "Actual Startup Time": 210.782,
                  "Actual Total Time": 655.742,
                  "Actual Rows": 1985130,
                  "Actual Loops": 7,
                  "Filter": "((person_id < 2741078) AND (role_id > 1))",
                  "Rows Removed by Filter": 3192633
                }
              ]
            }
          ]
        }
      ]
    },
    "Planning Time": 0.106,
    "Triggers": [],
    "Execution Time": 804.504
  }
]