{
  "Plan": {
    "Node Type": "Aggregate",
    "Strategy": "Plain",
    "Partial Mode": "Finalize",
    "Parallel Aware": false,
    "Startup Cost": 312122.61,
    "Total Cost": 312122.62,
    "Plan Rows": 1,
    "Plan Width": 8,
    "Actual Startup Time": 190.475,
    "Actual Total Time": 219.507,
    "Actual Rows": 1,
    "Actual Loops": 1,
    "Plans": [
      {
        "Node Type": "Gather",
        "Parent Relationship": "Outer",
        "Parallel Aware": false,
        "Startup Cost": 312122.49,
        "Total Cost": 312122.6,
        "Plan Rows": 1,
        "Plan Width": 8,
        "Actual Startup Time": 190.314,
        "Actual Total Time": 219.499,
        "Actual Rows": 2,
        "Actual Loops": 1,
        "Workers Planned": 1,
        "Workers Launched": 1,
        "Single Copy": false,
        "Plans": [
          {
            "Node Type": "Aggregate",
            "Strategy": "Plain",
            "Partial Mode": "Partial",
            "Parent Relationship": "Outer",
            "Parallel Aware": false,
            "Startup Cost": 311122.49,
            "Total Cost": 311122.5,
            "Plan Rows": 1,
            "Plan Width": 8,
            "Actual Startup Time": 184.126,
            "Actual Total Time": 184.127,
            "Actual Rows": 1,
            "Actual Loops": 2,
            "Plans": [
              {
                "Node Type": "Nested Loop",
                "Parent Relationship": "Outer",
                "Parallel Aware": false,
                "Join Type": "Inner",
                "Startup Cost": 11824.3,
                "Total Cost": 311085.25,
                "Plan Rows": 14899,
                "Plan Width": 0,
                "Actual Startup Time": 38.832,
                "Actual Total Time": 183.074,
                "Actual Rows": 16038,
                "Actual Loops": 2,
                "Inner Unique": false,
                "Plans": [
                  {
                    "Node Type": "Bitmap Heap Scan",
                    "Parent Relationship": "Outer",
                    "Parallel Aware": true,
                    "Relation Name": "title",
                    "Alias": "t",
                    "Startup Cost": 11823.74,
                    "Total Cost": 53674.0,
                    "Plan Rows": 2094,
                    "Plan Width": 4,
                    "Actual Startup Time": 38.539,
                    "Actual Total Time": 83.068,
                    "Actual Rows": 2140,
                    "Actual Loops": 2,
                    "Recheck Cond": "(kind_id = 1)",
                    "Rows Removed by Index Recheck": 0,
                    "Filter": "(production_year = 1978)",
                    "Rows Removed by Filter": 329272,
                    "Exact Heap Blocks": 9906,
                    "Lossy Heap Blocks": 0,
                    "Plans": [
                      {
                        "Node Type": "Bitmap Index Scan",
                        "Parent Relationship": "Outer",
                        "Parallel Aware": false,
                        "Index Name": "kind_id_title",
                        "Startup Cost": 0.0,
                        "Total Cost": 11822.85,
                        "Plan Rows": 663256,
                        "Plan Width": 0,
                        "Actual Startup Time": 41.986,
                        "Actual Total Time": 41.986,
                        "Actual Rows": 662825,
                        "Actual Loops": 1,
                        "Index Cond": "(kind_id = 1)"
                      }
                    ]
                  },
                  {
                    "Node Type": "Index Scan",
                    "Parent Relationship": "Inner",
                    "Parallel Aware": false,
                    "Scan Direction": "Forward",
                    "Index Name": "movie_id_cast_info",
                    "Relation Name": "cast_info",
                    "Alias": "ci",
                    "Startup Cost": 0.56,
                    "Total Cost": 122.75,
                    "Plan Rows": 18,
                    "Plan Width": 4,
                    "Actual Startup Time": 0.021,
                    "Actual Total Time": 0.046,
                    "Actual Rows": 7,
                    "Actual Loops": 4281,
                    "Index Cond": "(movie_id = t.id)",
                    "Rows Removed by Index Recheck": 0,
                    "Filter": "((person_id > 1338360) AND (role_id < 8))",
                    "Rows Removed by Filter": 9
                  }
                ]
              }
            ]
          }
        ]
      }
    ]
  },
  "Planning Time": 0.517,
  "Triggers": [],
  "Execution Time": 219.608
}