[
  {
    "Plan": {
      "Node Type": "Aggregate",
      "Strategy": "Plain",
      "Partial Mode": "Finalize",
      "Parallel Aware": false,
      "Startup Cost": 44735.28,
      "Total Cost": 44735.29,
      "Plan Rows": 1,
      "Plan Width": 8,
      "Actual Startup Time": 109.253,
      "Actual Total Time": 117.131,
      "Actual Rows": 1,
      "Actual Loops": 1,
      "Plans": [
        {
          "Node Type": "Gather",
          "Parent Relationship": "Outer",
          "Parallel Aware": false,
          "Startup Cost": 44734.96,
          "Total Cost": 44735.27,
          "Plan Rows": 3,
          "Plan Width": 8,
          "Actual Startup Time": 109.165,
          "Actual Total Time": 117.125,
          "Actual Rows": 4,
          "Actual Loops": 1,
          "Workers Planned": 3,
          "Workers Launched": 3,
          "Single Copy": false,
          "Plans": [
            {
              "Node Type": "Aggregate",
              "Strategy": "Plain",
              "Partial Mode": "Partial",
              "Parent Relationship": "Outer",
              "Parallel Aware": false,
              "Startup Cost": 43734.96,
              "Total Cost": 43734.97,
              "Plan Rows": 1,
              "Plan Width": 8,
              "Actual Startup Time": 105.178,
              "Actual Total Time": 105.179,
              "Actual Rows": 1,
              "Actual Loops": 4,
              "Plans": [
                {
                  "Node Type": "Seq Scan",
                  "Parent Relationship": "Outer",
                  "Parallel Aware": true,
                  "Relation Name": "movie_keyword",
                  "Alias": "mk",
                  "Startup Cost": 0.0,
                  "Total Cost": 42695.65,
                  "Plan Rows": 415724,
                  "Plan Width": 0,
                  "Actual Startup Time": 0.025,
                  "Actual Total Time": 90.367,
                  "Actual Rows": 319924,
                  "Actual Loops": 4,
                  "Filter": "(keyword_id < 1655)",
                  "Rows Removed by Filter": 811058
                }
              ]
            }
          ]
        }
      ]
    },
    "Planning Time": 0.078,
    "Triggers": [],
    "Execution Time": 117.156
  }
]