[
  {
    "Plan": {
      "Node Type": "Aggregate",
      "Strategy": "Plain",
      "Partial Mode": "Finalize",
      "Parallel Aware": false,
      "Startup Cost": 44724.93,
      "Total Cost": 44724.94,
      "Plan Rows": 1,
      "Plan Width": 8,
      "Actual Startup Time": 144.188,
      "Actual Total Time": 154.721,
      "Actual Rows": 1,
      "Actual Loops": 1,
      "Plans": [
        {
          "Node Type": "Gather",
          "Parent Relationship": "Outer",
          "Parallel Aware": false,
          "Startup Cost": 44724.62,
          "Total Cost": 44724.93,
          "Plan Rows": 3,
          "Plan Width": 8,
          "Actual Startup Time": 144.055,
          "Actual Total Time": 154.713,
          "Actual Rows": 4,
          "Actual Loops": 1,
          "Workers Planned": 3,
          "Workers Launched": 3,
          "Single Copy": false,
          "Plans": [
            {
              "Node Type": "Aggregate",
              "Strategy": "Plain",
              "Partial Mode": "Partial",
              "Parent Relationship": "Outer",
              "Parallel Aware": false,
              "Startup Cost": 43724.62,
              "Total Cost": 43724.63,
              "Plan Rows": 1,
              "Plan Width": 8,
              "Actual Startup Time": 136.905,
              "Actual Total Time": 136.906,
              "Actual Rows": 1,
              "Actual Loops": 4,
              "Plans": [
                {
                  "Node Type": "Seq Scan",
                  "Parent Relationship": "Outer",
                  "Parallel Aware": true,
                  "Relation Name": "movie_keyword",
                  "Alias": "mk",
                  "Startup Cost": 0.0,
                  "Total Cost": 42695.65,
                  "Plan Rows": 411585,
                  "Plan Width": 0,
                  "Actual Startup Time": 0.055,
                  "Actual Total Time": 118.962,
                  "Actual Rows": 319924,
                  "Actual Loops": 4,
                  "Filter": "(keyword_id < 1655)",
                  "Rows Removed by Filter": 811058
                }
              ]
            }
          ]
        }
      ]
    },
    "Planning Time": 0.15,
    "Triggers": [],
    "Execution Time": 154.771
  }
]