{
  "Plan": {
    "Node Type": "Aggregate",
    "Strategy": "Plain",
    "Partial Mode": "Simple",
    "Parallel Aware": false,
    "Startup Cost": 4705901.58,
    "Total Cost": 4705901.59,
    "Plan Rows": 1,
    "Plan Width": 128,
    "Actual Startup Time": 48030.618,
    "Actual Total Time": 48030.795,
    "Actual Rows": 1,
    "Actual Loops": 1,
    "Plans": [
      {
        "Node Type": "Merge Join",
        "Parent Relationship": "Outer",
        "Parallel Aware": false,
        "Join Type": "Inner",
        "Startup Cost": 4705901.42,
        "Total Cost": 4705901.57,
        "Plan Rows": 1,
        "Plan Width": 54,
        "Actual Startup Time": 47980.982,
        "Actual Total Time": 48030.539,
        "Actual Rows": 1728,
        "Actual Loops": 1,
        "Inner Unique": false,
        "Merge Cond": "(k.id = mk.keyword_id)",
        "Plans": [
          {
            "Node Type": "Sort",
            "Parent Relationship": "Outer",
            "Parallel Aware": false,
            "Startup Cost": 3967.99,
            "Total Cost": 3968.02,
            "Plan Rows": 10,
            "Plan Width": 4,
            "Actual Startup Time": 63.55,
            "Actual Total Time": 63.557,
            "Actual Rows": 10,
            "Actual Loops": 1,
            "Sort Key": [
              "k.id"
            ],
            "Sort Method": "quicksort",
            "Sort Space Used": 25,
            "Sort Space Type": "Memory",
            "Plans": [
              {
                "Node Type": "Seq Scan",
                "Parent Relationship": "Outer",
                "Parallel Aware": false,
                "Relation Name": "keyword",
                "Alias": "k",
                "Startup Cost": 0.0,
                "Total Cost": 3967.82,
                "Plan Rows": 10,
                "Plan Width": 4,
                "Actual Startup Time": 0.197,
                "Actual Total Time": 63.499,
                "Actual Rows": 10,
                "Actual Loops": 1,
                "Filter": "(keyword = ANY ('{superhero,marvel-comics,based-on-comic,tv-special,fight,violence,magnet,web,claw,laser}'::text[]))",
                "Rows Removed by Filter": 134160
              }
            ]
          },
          {
            "Node Type": "Sort",
            "Parent Relationship": "Inner",
            "Parallel Aware": false,
            "Startup Cost": 4701933.43,
            "Total Cost": 4701933.48,
            "Plan Rows": 18,
            "Plan Width": 58,
            "Actual Startup Time": 47910.98,
            "Actual Total Time": 47941.938,
            "Actual Rows": 251303,
            "Actual Loops": 1,
            "Sort Key": [
              "mk.keyword_id"
            ],
            "Sort Method": "quicksort",
            "Sort Space Used": 57559,
            "Sort Space Type": "Memory",
            "Plans": [
              {
                "Node Type": "Merge Join",
                "Parent Relationship": "Outer",
                "Parallel Aware": false,
                "Join Type": "Inner",
                "Startup Cost": 4701932.51,
                "Total Cost": 4701933.06,
                "Plan Rows": 18,
                "Plan Width": 58,
                "Actual Startup Time": 47711.047,
                "Actual Total Time": 47781.529,
                "Actual Rows": 349357,
                "Actual Loops": 1,
                "Inner Unique": false,
                "Merge Cond": "(cct1.id = cc.subject_id)",
                "Plans": [
                  {
                    "Node Type": "Sort",
                    "Parent Relationship": "Outer",
                    "Parallel Aware": false,
                    "Startup Cost": 1.06,
                    "Total Cost": 1.06,
                    "Plan Rows": 1,
                    "Plan Width": 4,
                    "Actual Startup Time": 0.031,
                    "Actual Total Time": 0.032,
                    "Actual Rows": 1,
                    "Actual Loops": 1,
                    "Sort Key": [
                      "cct1.id"
                    ],
                    "Sort Method": "quicksort",
                    "Sort Space Used": 25,
                    "Sort Space Type": "Memory",
                    "Plans": [
                      {
                        "Node Type": "Seq Scan",
                        "Parent Relationship": "Outer",
                        "Parallel Aware": false,
                        "Relation Name": "comp_cast_type",
                        "Alias": "cct1",
                        "Startup Cost": 0.0,
                        "Total Cost": 1.05,
                        "Plan Rows": 1,
                        "Plan Width": 4,
                        "Actual Startup Time": 0.011,
                        "Actual Total Time": 0.012,
                        "Actual Rows": 1,
                        "Actual Loops": 1,
                        "Filter": "((kind)::text = 'cast'::text)",
                        "Rows Removed by Filter": 3
                      }
                    ]
                  },
                  {
                    "Node Type": "Sort",
                    "Parent Relationship": "Inner",
                    "Parallel Aware": false,
                    "Startup Cost": 4701931.45,
                    "Total Cost": 4701931.63,
                    "Plan Rows": 73,
                    "Plan Width": 62,
                    "Actual Startup Time": 47711.01,
                    "Actual Total Time": 47725.824,
                    "Actual Rows": 349358,
                    "Actual Loops": 1,
                    "Sort Key": [
                      "cc.subject_id"
                    ],
                    "Sort Method": "quicksort",
                    "Sort Space Used": 76085,
                    "Sort Space Type": "Memory",
                    "Plans": [
                      {
                        "Node Type": "Merge Join",
                        "Parent Relationship": "Outer",
                        "Parallel Aware": false,
                        "Join Type": "Inner",
                        "Startup Cost": 4513470.88,
                        "Total Cost": 4701929.19,
                        "Plan Rows": 73,
                        "Plan Width": 62,
                        "Actual Startup Time": 46813.439,
                        "Actual Total Time": 47577.527,
                        "Actual Rows": 467210,
                        "Actual Loops": 1,
                        "Inner Unique": false,
                        "Merge Cond": "(mk.movie_id = t.id)",
                        "Plans": [
                          {
                            "Node Type": "Index Scan",
                            "Parent Relationship": "Outer",
                            "Parallel Aware": false,
                            "Scan Direction": "Forward",
                            "Index Name": "movie_id_movie_keyword",
                            "Relation Name": "movie_keyword",
                            "Alias": "mk",
                            "Startup Cost": 0.43,
                            "Total Cost": 177148.48,
                            "Plan Rows": 4523930,
                            "Plan Width": 8,
                            "Actual Startup Time": 0.034,
                            "Actual Total Time": 585.593,
                            "Actual Rows": 4513946,
                            "Actual Loops": 1
                          },
                          {
                            "Node Type": "Sort",
                            "Parent Relationship": "Inner",
                            "Parallel Aware": false,
                            "Startup Cost": 4513470.45,
                            "Total Cost": 4513470.49,
                            "Plan Rows": 16,
                            "Plan Width": 74,
                            "Actual Startup Time": 46654.025,
                            "Actual Total Time": 46672.968,
                            "Actual Rows": 466895,
                            "Actual Loops": 1,
                            "Sort Key": [
                              "cc.movie_id"
                            ],
                            "Sort Method": "quicksort",
                            "Sort Space Used": 491,
                            "Sort Space Type": "Memory",
                            "Plans": [
                              {
                                "Node Type": "Merge Join",
                                "Parent Relationship": "Outer",
                                "Parallel Aware": false,
                                "Join Type": "Inner",
                                "Startup Cost": 4513469.65,
                                "Total Cost": 4513470.13,
                                "Plan Rows": 16,
                                "Plan Width": 74,
                                "Actual Startup Time": 46652.365,
                                "Actual Total Time": 46653.035,
                                "Actual Rows": 2774,
                                "Actual Loops": 1,
                                "Inner Unique": false,
                                "Merge Cond": "(cct2.id = cc.status_id)",
                                "Plans": [
                                  {
                                    "Node Type": "Sort",
                                    "Parent Relationship": "Outer",
                                    "Parallel Aware": false,
                                    "Startup Cost": 1.06,
                                    "Total Cost": 1.06,
                                    "Plan Rows": 1,
                                    "Plan Width": 4,
                                    "Actual Startup Time": 0.035,
                                    "Actual Total Time": 0.037,
                                    "Actual Rows": 2,
                                    "Actual Loops": 1,
                                    "Sort Key": [
                                      "cct2.id"
                                    ],
                                    "Sort Method": "quicksort",
                                    "Sort Space Used": 25,
                                    "Sort Space Type": "Memory",
                                    "Plans": [
                                      {
                                        "Node Type": "Seq Scan",
                                        "Parent Relationship": "Outer",
                                        "Parallel Aware": false,
                                        "Relation Name": "comp_cast_type",
                                        "Alias": "cct2",
                                        "Startup Cost": 0.0,
                                        "Total Cost": 1.05,
                                        "Plan Rows": 1,
                                        "Plan Width": 4,
                                        "Actual Startup Time": 0.007,
                                        "Actual Total Time": 0.008,
                                        "Actual Rows": 2,
                                        "Actual Loops": 1,
                                        "Filter": "((kind)::text ~~ '%complete%'::text)",
                                        "Rows Removed by Filter": 2
                                      }
                                    ]
                                  },
                                  {
                                    "Node Type": "Sort",
                                    "Parent Relationship": "Inner",
                                    "Parallel Aware": false,
                                    "Startup Cost": 4513468.59,
                                    "Total Cost": 4513468.74,
                                    "Plan Rows": 63,
                                    "Plan Width": 78,
                                    "Actual Startup Time": 46652.318,
                                    "Actual Total Time": 46652.595,
                                    "Actual Rows": 2774,
                                    "Actual Loops": 1,
                                    "Sort Key": [
                                      "cc.status_id"
                                    ],
                                    "Sort Method": "quicksort",
                                    "Sort Space Used": 493,
                                    "Sort Space Type": "Memory",
                                    "Plans": [
                                      {
                                        "Node Type": "Merge Join",
                                        "Parent Relationship": "Outer",
                                        "Parallel Aware": false,
                                        "Join Type": "Inner",
                                        "Startup Cost": 4513463.87,
                                        "Total Cost": 4513466.7,
                                        "Plan Rows": 63,
                                        "Plan Width": 78,
                                        "Actual Startup Time": 46650.874,
                                        "Actual Total Time": 46651.577,
                                        "Actual Rows": 2774,
                                        "Actual Loops": 1,
                                        "Inner Unique": true,
                                        "Merge Cond": "(t.kind_id = kt.id)",
                                        "Plans": [
                                          {
                                            "Node Type": "Sort",
                                            "Parent Relationship": "Outer",
                                            "Parallel Aware": false,
                                            "Startup Cost": 4513462.77,
                                            "Total Cost": 4513463.87,
                                            "Plan Rows": 440,
                                            "Plan Width": 82,
                                            "Actual Startup Time": 46650.816,
                                            "Actual Total Time": 46651.085,
                                            "Actual Rows": 2775,
                                            "Actual Loops": 1,
                                            "Sort Key": [
                                              "t.kind_id"
                                            ],
                                            "Sort Method": "quicksort",
                                            "Sort Space Used": 1870,
                                            "Sort Space Type": "Memory",
                                            "Plans": [
                                              {
                                                "Node Type": "Merge Join",
                                                "Parent Relationship": "Outer",
                                                "Parallel Aware": false,
                                                "Join Type": "Inner",
                                                "Startup Cost": 4506492.22,
                                                "Total Cost": 4513443.45,
                                                "Plan Rows": 440,
                                                "Plan Width": 82,
                                                "Actual Startup Time": 46314.067,
                                                "Actual Total Time": 46645.436,
                                                "Actual Rows": 10446,
                                                "Actual Loops": 1,
                                                "Inner Unique": true,
                                                "Merge Cond": "(ci.movie_id = t.id)",
                                                "Plans": [
                                                  {
                                                    "Node Type": "Sort",
                                                    "Parent Relationship": "Outer",
                                                    "Parallel Aware": false,
                                                    "Startup Cost": 4297062.87,
                                                    "Total Cost": 4297064.87,
                                                    "Plan Rows": 801,
                                                    "Plan Width": 57,
                                                    "Actual Startup Time": 45473.891,
                                                    "Actual Total Time": 45481.639,
                                                    "Actual Rows": 43538,
                                                    "Actual Loops": 1,
                                                    "Sort Key": [
                                                      "cc.movie_id"
                                                    ],
                                                    "Sort Method": "quicksort",
                                                    "Sort Space Used": 7292,
                                                    "Sort Space Type": "Memory",
                                                    "Plans": [
                                                      {
                                                        "Node Type": "Merge Join",
                                                        "Parent Relationship": "Outer",
                                                        "Parallel Aware": false,
                                                        "Join Type": "Inner",
                                                        "Startup Cost": 4296563.44,
                                                        "Total Cost": 4297024.24,
                                                        "Plan Rows": 801,
                                                        "Plan Width": 57,
                                                        "Actual Startup Time": 45449.931,
                                                        "Actual Total Time": 45457.845,
                                                        "Actual Rows": 43538,
                                                        "Actual Loops": 1,
                                                        "Inner Unique": false,
                                                        "Merge Cond": "(it2.id = mi_idx.info_type_id)",
                                                        "Plans": [
                                                          {
                                                            "Node Type": "Sort",
                                                            "Parent Relationship": "Outer",
                                                            "Parallel Aware": false,
                                                            "Startup Cost": 2.42,
                                                            "Total Cost": 2.43,
                                                            "Plan Rows": 1,
                                                            "Plan Width": 4,
                                                            "Actual Startup Time": 0.033,
                                                            "Actual Total Time": 0.036,
                                                            "Actual Rows": 1,
                                                            "Actual Loops": 1,
                                                            "Sort Key": [
                                                              "it2.id"
                                                            ],
                                                            "Sort Method": "quicksort",
                                                            "Sort Space Used": 25,
                                                            "Sort Space Type": "Memory",
                                                            "Plans": [
                                                              {
                                                                "Node Type": "Seq Scan",
                                                                "Parent Relationship": "Outer",
                                                                "Parallel Aware": false,
                                                                "Relation Name": "info_type",
                                                                "Alias": "it2",
                                                                "Startup Cost": 0.0,
                                                                "Total Cost": 2.41,
                                                                "Plan Rows": 1,
                                                                "Plan Width": 4,
                                                                "Actual Startup Time": 0.018,
                                                                "Actual Total Time": 0.019,
                                                                "Actual Rows": 1,
                                                                "Actual Loops": 1,
                                                                "Filter": "((info)::text = 'rating'::text)",
                                                                "Rows Removed by Filter": 112
                                                              }
                                                            ]
                                                          },
                                                          {
                                                            "Node Type": "Sort",
                                                            "Parent Relationship": "Inner",
                                                            "Parallel Aware": false,
                                                            "Startup Cost": 4296561.01,
                                                            "Total Cost": 4296787.41,
                                                            "Plan Rows": 90557,
                                                            "Plan Width": 61,
                                                            "Actual Startup Time": 45446.651,
                                                            "Actual Total Time": 45450.154,
                                                            "Actual Rows": 67256,
                                                            "Actual Loops": 1,
                                                            "Sort Key": [
                                                              "mi_idx.info_type_id"
                                                            ],
                                                            "Sort Method": "quicksort",
                                                            "Sort Space Used": 12416,
                                                            "Sort Space Type": "Memory",
                                                            "Plans": [
                                                              {
                                                                "Node Type": "Merge Join",
                                                                "Parent Relationship": "Outer",
                                                                "Parallel Aware": false,
                                                                "Join Type": "Inner",
                                                                "Startup Cost": 4284994.72,
                                                                "Total Cost": 4289105.21,
                                                                "Plan Rows": 90557,
                                                                "Plan Width": 61,
                                                                "Actual Startup Time": 45061.818,
                                                                "Actual Total Time": 45419.186,
                                                                "Actual Rows": 67435,
                                                                "Actual Loops": 1,
                                                                "Inner Unique": true,
                                                                "Merge Cond": "(ci.person_role_id = chn.id)",
                                                                "Plans": [
                                                                  {
                                                                    "Node Type": "Sort",
                                                                    "Parent Relationship": "Outer",
                                                                    "Parallel Aware": false,
                                                                    "Startup Cost": 4181664.92,
                                                                    "Total Cost": 4184177.8,
                                                                    "Plan Rows": 1005151,
                                                                    "Plan Width": 49,
                                                                    "Actual Startup Time": 44787.61,
                                                                    "Actual Total Time": 44986.352,
                                                                    "Actual Rows": 948012,
                                                                    "Actual Loops": 1,
                                                                    "Sort Key": [
                                                                      "ci.person_role_id"
                                                                    ],
                                                                    "Sort Method": "quicksort",
                                                                    "Sort Space Used": 277716,
                                                                    "Sort Space Type": "Memory",
                                                                    "Plans": [
                                                                      {
                                                                        "Node Type": "Merge Join",
                                                                        "Parent Relationship": "Outer",
                                                                        "Parallel Aware": false,
                                                                        "Join Type": "Inner",
                                                                        "Startup Cost": 4041132.03,
                                                                        "Total Cost": 4081456.49,
                                                                        "Plan Rows": 1005151,
                                                                        "Plan Width": 49,
                                                                        "Actual Startup Time": 42161.919,
                                                                        "Actual Total Time": 44107.122,
                                                                        "Actual Rows": 1974381,
                                                                        "Actual Loops": 1,
                                                                        "Inner Unique": false,
                                                                        "Merge Cond": "(ci.movie_id = mi_idx.movie_id)",
                                                                        "Plans": [
                                                                          {
                                                                            "Node Type": "Sort",
                                                                            "Parent Relationship": "Outer",
                                                                            "Parallel Aware": false,
                                                                            "Startup Cost": 3998999.91,
                                                                            "Total Cost": 4011625.76,
                                                                            "Plan Rows": 5050339,
                                                                            "Plan Width": 35,
                                                                            "Actual Startup Time": 41976.747,
                                                                            "Actual Total Time": 43007.057,
                                                                            "Actual Rows": 5212164,
                                                                            "Actual Loops": 1,
                                                                            "Sort Key": [
                                                                              "cc.movie_id"
                                                                            ],
                                                                            "Sort Method": "quicksort",
                                                                            "Sort Space Used": 603992,
                                                                            "Sort Space Type": "Memory",
                                                                            "Plans": [
                                                                              {
                                                                                "Node Type": "Merge Join",
                                                                                "Parent Relationship": "Outer",
                                                                                "Parallel Aware": false,
                                                                                "Join Type": "Inner",
                                                                                "Startup Cost": 3340638.7,
                                                                                "Total Cost": 3436696.46,
                                                                                "Plan Rows": 5050339,
                                                                                "Plan Width": 35,
                                                                                "Actual Startup Time": 37338.41,
                                                                                "Actual Total Time": 40343.33,
                                                                                "Actual Rows": 5212164,
                                                                                "Actual Loops": 1,
                                                                                "Inner Unique": true,
                                                                                "Merge Cond": "(ci.person_id = n.id)",
                                                                                "Plans": [
                                                                                  {
                                                                                    "Node Type": "Sort",
                                                                                    "Parent Relationship": "Outer",
                                                                                    "Parallel Aware": false,
                                                                                    "Startup Cost": 2785133.58,
                                                                                    "Total Cost": 2797759.43,
                                                                                    "Plan Rows": 5050339,
                                                                                    "Plan Width": 24,
                                                                                    "Actual Startup Time": 35474.565,
                                                                                    "Actual Total Time": 36625.317,
                                                                                    "Actual Rows": 5212164,
                                                                                    "Actual Loops": 1,
                                                                                    "Sort Key": [
                                                                                      "ci.person_id"
                                                                                    ],
                                                                                    "Sort Method": "quicksort",
                                                                                    "Sort Space Used": 603809,
                                                                                    "Sort Space Type": "Memory",
                                                                                    "Plans": [
                                                                                      {
                                                                                        "Node Type": "Merge Join",
                                                                                        "Parent Relationship": "Outer",
                                                                                        "Parallel Aware": false,
                                                                                        "Join Type": "Inner",
                                                                                        "Startup Cost": 235.22,
                                                                                        "Total Cost": 2222830.13,
                                                                                        "Plan Rows": 5050339,
                                                                                        "Plan Width": 24,
                                                                                        "Actual Startup Time": 7.419,
                                                                                        "Actual Total Time": 33684.333,
                                                                                        "Actual Rows": 5212164,
                                                                                        "Actual Loops": 1,
                                                                                        "Inner Unique": false,
                                                                                        "Merge Cond": "(cc.movie_id = ci.movie_id)",
                                                                                        "Plans": [
                                                                                          {
                                                                                            "Node Type": "Index Scan",
                                                                                            "Parent Relationship": "Outer",
                                                                                            "Parallel Aware": false,
                                                                                            "Scan Direction": "Forward",
                                                                                            "Index Name": "movie_id_complete_cast",
                                                                                            "Relation Name": "complete_cast",
                                                                                            "Alias": "cc",
                                                                                            "Startup Cost": 0.42,
                                                                                            "Total Cost": 6650.11,
                                                                                            "Plan Rows": 135086,
                                                                                            "Plan Width": 12,
                                                                                            "Actual Startup Time": 0.021,
                                                                                            "Actual Total Time": 76.835,
                                                                                            "Actual Rows": 132440,
                                                                                            "Actual Loops": 1
                                                                                          },
                                                                                          {
                                                                                            "Node Type": "Index Scan",
                                                                                            "Parent Relationship": "Inner",
                                                                                            "Parallel Aware": false,
                                                                                            "Scan Direction": "Forward",
                                                                                            "Index Name": "movie_id_cast_info",
                                                                                            "Relation Name": "cast_info",
                                                                                            "Alias": "ci",
                                                                                            "Startup Cost": 0.56,
                                                                                            "Total Cost": 2074802.47,
                                                                                            "Plan Rows": 36257824,
                                                                                            "Plan Width": 12,
                                                                                            "Actual Startup Time": 0.016,
                                                                                            "Actual Total Time": 30726.213,
                                                                                            "Actual Rows": 37874029,
                                                                                            "Actual Loops": 1
                                                                                          }
                                                                                        ]
                                                                                      }
                                                                                    ]
                                                                                  },
                                                                                  {
                                                                                    "Node Type": "Sort",
                                                                                    "Parent Relationship": "Inner",
                                                                                    "Parallel Aware": false,
                                                                                    "Startup Cost": 555504.63,
                                                                                    "Total Cost": 565923.07,
                                                                                    "Plan Rows": 4167377,
                                                                                    "Plan Width": 19,
                                                                                    "Actual Startup Time": 1863.823,
                                                                                    "Actual Total Time": 2408.507,
                                                                                    "Actual Rows": 4061904,
                                                                                    "Actual Loops": 1,
                                                                                    "Sort Key": [
                                                                                      "n.id"
                                                                                    ],
                                                                                    "Sort Method": "quicksort",
                                                                                    "Sort Space Used": 405945,
                                                                                    "Sort Space Type": "Memory",
                                                                                    "Plans": [
                                                                                      {
                                                                                        "Node Type": "Seq Scan",
                                                                                        "Parent Relationship": "Outer",
                                                                                        "Parallel Aware": false,
                                                                                        "Relation Name": "name",
                                                                                        "Alias": "n",
                                                                                        "Startup Cost": 0.0,
                                                                                        "Total Cost": 97286.77,
                                                                                        "Plan Rows": 4167377,
                                                                                        "Plan Width": 19,
                                                                                        "Actual Startup Time": 0.048,
                                                                                        "Actual Total Time": 579.352,
                                                                                        "Actual Rows": 4167491,
                                                                                        "Actual Loops": 1
                                                                                      }
                                                                                    ]
                                                                                  }
                                                                                ]
                                                                              }
                                                                            ]
                                                                          },
                                                                          {
                                                                            "Node Type": "Sort",
                                                                            "Parent Relationship": "Inner",
                                                                            "Parallel Aware": false,
                                                                            "Startup Cost": 42131.04,
                                                                            "Total Cost": 42613.59,
                                                                            "Plan Rows": 193020,
                                                                            "Plan Width": 14,
                                                                            "Actual Startup Time": 185.127,
                                                                            "Actual Total Time": 270.977,
                                                                            "Actual Rows": 2138999,
                                                                            "Actual Loops": 1,
                                                                            "Sort Key": [
                                                                              "mi_idx.movie_id"
                                                                            ],
                                                                            "Sort Method": "quicksort",
                                                                            "Sort Space Used": 15241,
                                                                            "Sort Space Type": "Memory",
                                                                            "Plans": [
                                                                              {
                                                                                "Node Type": "Seq Scan",
                                                                                "Parent Relationship": "Outer",
                                                                                "Parallel Aware": false,
                                                                                "Relation Name": "movie_info_idx",
                                                                                "Alias": "mi_idx",
                                                                                "Startup Cost": 0.0,
                                                                                "Total Cost": 25185.44,
                                                                                "Plan Rows": 193020,
                                                                                "Plan Width": 14,
                                                                                "Actual Startup Time": 0.059,
                                                                                "Actual Total Time": 141.717,
                                                                                "Actual Rows": 192839,
                                                                                "Actual Loops": 1,
                                                                                "Filter": "(info > '7.0'::text)",
                                                                                "Rows Removed by Filter": 1187196
                                                                              }
                                                                            ]
                                                                          }
                                                                        ]
                                                                      }
                                                                    ]
                                                                  },
                                                                  {
                                                                    "Node Type": "Sort",
                                                                    "Parent Relationship": "Inner",
                                                                    "Parallel Aware": false,
                                                                    "Startup Cost": 103133.21,
                                                                    "Total Cost": 103840.5,
                                                                    "Plan Rows": 282914,
                                                                    "Plan Width": 20,
                                                                    "Actual Startup Time": 270.058,
                                                                    "Actual Total Time": 298.488,
                                                                    "Actual Rows": 180148,
                                                                    "Actual Loops": 1,
                                                                    "Sort Key": [
                                                                      "chn.id"
                                                                    ],
                                                                    "Sort Method": "quicksort",
                                                                    "Sort Space Used": 19675,
                                                                    "Sort Space Type": "Memory",
                                                                    "Plans": [
                                                                      {
                                                                        "Node Type": "Gather",
                                                                        "Parent Relationship": "Outer",
                                                                        "Parallel Aware": false,
                                                                        "Startup Cost": 1000.0,
                                                                        "Total Cost": 77515.35,
                                                                        "Plan Rows": 282914,
                                                                        "Plan Width": 20,
                                                                        "Actual Startup Time": 0.659,
                                                                        "Actual Total Time": 219.709,
                                                                        "Actual Rows": 180152,
                                                                        "Actual Loops": 1,
                                                                        "Workers Planned": 4,
                                                                        "Workers Launched": 4,
                                                                        "Single Copy": false,
                                                                        "Plans": [
                                                                          {
                                                                            "Node Type": "Seq Scan",
                                                                            "Parent Relationship": "Outer",
                                                                            "Parallel Aware": true,
                                                                            "Relation Name": "char_name",
                                                                            "Alias": "chn",
                                                                            "Startup Cost": 0.0,
                                                                            "Total Cost": 48223.94,
                                                                            "Plan Rows": 70728,
                                                                            "Plan Width": 20,
                                                                            "Actual Startup Time": 0.075,
                                                                            "Actual Total Time": 210.116,
                                                                            "Actual Rows": 36030,
                                                                            "Actual Loops": 5,
                                                                            "Filter": "((name IS NOT NULL) AND ((name ~~ '%man%'::text) OR (name ~~ '%Man%'::text)))",
                                                                            "Rows Removed by Filter": 592037
                                                                          }
                                                                        ]
                                                                      }
                                                                    ]
                                                                  }
                                                                ]
                                                              }
                                                            ]
                                                          }
                                                        ]
                                                      }
                                                    ]
                                                  },
                                                  {
                                                    "Node Type": "Sort",
                                                    "Parent Relationship": "Inner",
                                                    "Parallel Aware": false,
                                                    "Startup Cost": 209429.18,
                                                    "Total Cost": 212904.15,
                                                    "Plan Rows": 1389987,
                                                    "Plan Width": 25,
                                                    "Actual Startup Time": 839.658,
                                                    "Actual Total Time": 1016.363,
                                                    "Actual Rows": 1380840,
                                                    "Actual Loops": 1,
                                                    "Sort Key": [
                                                      "t.id"
                                                    ],
                                                    "Sort Method": "quicksort",
                                                    "Sort Space Used": 153732,
                                                    "Sort Space Type": "Memory",
                                                    "Plans": [
                                                      {
                                                        "Node Type": "Seq Scan",
                                                        "Parent Relationship": "Outer",
                                                        "Parallel Aware": false,
                                                        "Relation Name": "title",
                                                        "Alias": "t",
                                                        "Startup Cost": 0.0,
                                                        "Total Cost": 67604.36,
                                                        "Plan Rows": 1389987,
                                                        "Plan Width": 25,
                                                        "Actual Startup Time": 0.027,
                                                        "Actual Total Time": 366.32,
                                                        "Actual Rows": 1381453,
                                                        "Actual Loops": 1,
                                                        "Filter": "(production_year > 2000)",
                                                        "Rows Removed by Filter": 1146859
                                                      }
                                                    ]
                                                  }
                                                ]
                                              }
                                            ]
                                          },
                                          {
                                            "Node Type": "Sort",
                                            "Parent Relationship": "Inner",
                                            "Parallel Aware": false,
                                            "Startup Cost": 1.1,
                                            "Total Cost": 1.1,
                                            "Plan Rows": 1,
                                            "Plan Width": 4,
                                            "Actual Startup Time": 0.052,
                                            "Actual Total Time": 0.053,
                                            "Actual Rows": 1,
                                            "Actual Loops": 1,
                                            "Sort Key": [
                                              "kt.id"
                                            ],
                                            "Sort Method": "quicksort",
                                            "Sort Space Used": 25,
                                            "Sort Space Type": "Memory",
                                            "Plans": [
                                              {
                                                "Node Type": "Seq Scan",
                                                "Parent Relationship": "Outer",
                                                "Parallel Aware": false,
                                                "Relation Name": "kind_type",
                                                "Alias": "kt",
                                                "Startup Cost": 0.0,
                                                "Total Cost": 1.09,
                                                "Plan Rows": 1,
                                                "Plan Width": 4,
                                                "Actual Startup Time": 0.037,
                                                "Actual Total Time": 0.039,
                                                "Actual Rows": 1,
                                                "Actual Loops": 1,
                                                "Filter": "((kind)::text = 'movie'::text)",
                                                "Rows Removed by Filter": 6
                                              }
                                            ]
                                          }
                                        ]
                                      }
                                    ]
                                  }
                                ]
                              }
                            ]
                          }
                        ]
                      }
                    ]
                  }
                ]
              }
            ]
          }
        ]
      }
    ]
  },
  "Planning Time": 71.701,
  "Triggers": [],
  "Execution Time": 48177.767
}