{
  "Plan": {
    "Node Type": "Aggregate",
    "Strategy": "Plain",
    "Partial Mode": "Finalize",
    "Parallel Aware": false,
    "Startup Cost": 135425.68,
    "Total Cost": 135425.69,
    "Plan Rows": 1,
    "Plan Width": 8,
    "Actual Startup Time": 1095.615,
    "Actual Total Time": 1115.415,
    "Actual Rows": 1,
    "Actual Loops": 1,
    "Plans": [
      {
        "Node Type": "Gather",
        "Parent Relationship": "Outer",
        "Parallel Aware": false,
        "Startup Cost": 135425.57,
        "Total Cost": 135425.68,
        "Plan Rows": 1,
        "Plan Width": 8,
        "Actual Startup Time": 1088.741,
        "Actual Total Time": 1115.404,
        "Actual Rows": 2,
        "Actual Loops": 1,
        "Workers Planned": 1,
        "Workers Launched": 1,
        "Single Copy": false,
        "Plans": [
          {
            "Node Type": "Aggregate",
            "Strategy": "Plain",
            "Partial Mode": "Partial",
            "Parent Relationship": "Outer",
            "Parallel Aware": false,
            "Startup Cost": 134425.57,
            "Total Cost": 134425.58,
            "Plan Rows": 1,
            "Plan Width": 8,
            "Actual Startup Time": 1077.304,
            "Actual Total Time": 1077.309,
            "Actual Rows": 1,
            "Actual Loops": 2,
            "Plans": [
              {
                "Node Type": "Hash Join",
                "Parent Relationship": "Outer",
                "Parallel Aware": true,
                "Join Type": "Inner",
                "Startup Cost": 72144.45,
                "Total Cost": 132264.95,
                "Plan Rows": 864247,
                "Plan Width": 0,
                "Actual Startup Time": 650.25,
                "Actual Total Time": 1038.008,
                "Actual Rows": 768713,
                "Actual Loops": 2,
                "Inner Unique": true,
                "Hash Cond": "(mk.movie_id = t.id)",
                "Plans": [
                  {
                    "Node Type": "Seq Scan",
                    "Parent Relationship": "Outer",
                    "Parallel Aware": true,
                    "Relation Name": "movie_keyword",
                    "Alias": "mk",
                    "Startup Cost": 0.0,
                    "Total Cost": 57718.19,
                    "Plan Rows": 915165,
                    "Plan Width": 4,
                    "Actual Startup Time": 1.095,
                    "Actual Total Time": 207.241,
                    "Actual Rows": 781039,
                    "Actual Loops": 2,
                    "Filter": "(keyword_id > 10049)",
                    "Rows Removed by Filter": 1480926
                  },
                  {
                    "Node Type": "Hash",
                    "Parent Relationship": "Inner",
                    "Parallel Aware": true,
                    "Startup Cost": 54588.39,
                    "Total Cost": 54588.39,
                    "Plan Rows": 1404485,
                    "Plan Width": 4,
                    "Actual Startup Time": 626.667,
                    "Actual Total Time": 626.668,
                    "Actual Rows": 1194438,
                    "Actual Loops": 2,
                    "Hash Buckets": 4194304,
                    "Original Hash Buckets": 4194304,
                    "Hash Batches": 1,
                    "Original Hash Batches": 1,
                    "Peak Memory Usage": 126272,
                    "Plans": [
                      {
                        "Node Type": "Seq Scan",
                        "Parent Relationship": "Outer",
                        "Parallel Aware": true,
                        "Relation Name": "title",
                        "Alias": "t",
                        "Startup Cost": 0.0,
                        "Total Cost": 54588.39,
                        "Plan Rows": 1404485,
                        "Plan Width": 4,
                        "Actual Startup Time": 0.031,
                        "Actual Total Time": 220.221,
                        "Actual Rows": 1194438,
                        "Actual Loops": 2,
                        "Filter": "(production_year < 2013)",
                        "Rows Removed by Filter": 69718
                      }
                    ]
                  }
                ]
              }
            ]
          }
        ]
      }
    ]
  },
  "Planning Time": 0.45,
  "Triggers": [],
  "Execution Time": 1115.484
}