[
  {
    "Plan": {
      "Node Type": "Aggregate",
      "Strategy": "Plain",
      "Partial Mode": "Finalize",
      "Parallel Aware": false,
      "Startup Cost": 608265.62,
      "Total Cost": 608265.63,
      "Plan Rows": 1,
      "Plan Width": 8,
      "Actual Startup Time": 3423.637,
      "Actual Total Time": 3512.687,
      "Actual Rows": 1,
      "Actual Loops": 1,
      "Plans": [
        {
          "Node Type": "Gather",
          "Parent Relationship": "Outer",
          "Parallel Aware": false,
          "Startup Cost": 608265.09,
          "Total Cost": 608265.6,
          "Plan Rows": 5,
          "Plan Width": 8,
          "Actual Startup Time": 3409.629,
          "Actual Total Time": 3512.66,
          "Actual Rows": 6,
          "Actual Loops": 1,
          "Workers Planned": 5,
          "Workers Launched": 5,
          "Single Copy": false,
          "Plans": [
            {
              "Node Type": "Aggregate",
              "Strategy": "Plain",
              "Partial Mode": "Partial",
              "Parent Relationship": "Outer",
              "Parallel Aware": false,
              "Startup Cost": 607265.09,
              "Total Cost": 607265.1,
              "Plan Rows": 1,
              "Plan Width": 8,
              "Actual Startup Time": 3396.808,
              "Actual Total Time": 3396.916,
              "Actual Rows": 1,
              "Actual Loops": 6,
              "Plans": [
                {
                  "Node Type": "Hash Join",
                  "Parent Relationship": "Outer",
                  "Parallel Aware": true,
                  "Join Type": "Inner",
                  "Startup Cost": 396393.26,
                  "Total Cost": 602433.85,
                  "Plan Rows": 1932496,
                  "Plan Width": 0,
                  "Actual Startup Time": 1575.213,
                  "Actual Total Time": 3168.699,
                  "Actual Rows": 5009369,
                  "Actual Loops": 6,
                  "Inner Unique": false,
                  "Hash Cond": "(mi.movie_id = t.id)",
                  "Plans": [
                    {
                      "Node Type": "Seq Scan",
                      "Parent Relationship": "Outer",
                      "Parallel Aware": true,
                      "Relation Name": "movie_info",
                      "Alias": "mi",
                      "Startup Cost": 0.0,
                      "Total Cost": 191685.19,
                      "Plan Rows": 2969219,
                      "Plan Width": 4,
                      "Actual Startup Time": 0.025,
                      "Actual Total Time": 310.844,
                      "Actual Rows": 2472620,
                      "Actual Loops": 6
                    },
                    {
                      "Node Type": "Hash",
                      "Parent Relationship": "Inner",
                      "Parallel Aware": true,
                      "Startup Cost": 392964.91,
                      "Total Cost": 392964.91,
                      "Plan Rows": 274268,
                      "Plan Width": 8,
                      "Actual Startup Time": 1567.248,
                      "Actual Total Time": 1567.353,
                      "Actual Rows": 322260,
                      "Actual Loops": 6,
                      "Hash Buckets": 2097152,
                      "Original Hash Buckets": 2097152,
                      "Hash Batches": 1,
                      "Original Hash Batches": 1,
                      "Peak Memory Usage": 92128,
                      "Plans": [
                        {
                          "Node Type": "Hash Join",
                          "Parent Relationship": "Outer",
                          "Parallel Aware": true,
                          "Join Type": "Inner",
                          "Startup Cost": 45169.28,
                          "Total Cost": 392964.91,
                          "Plan Rows": 274268,
                          "Plan Width": 8,
                          "Actual Startup Time": 130.328,
                          "Actual Total Time": 1405.84,
                          "Actual Rows": 322260,
                          "Actual Loops": 6,
                          "Inner Unique": true,
                          "Hash Cond": "(ci.movie_id = t.id)",
                          "Plans": [
                            {
                              "Node Type": "Seq Scan",
                              "Parent Relationship": "Outer",
                              "Parallel Aware": true,
                              "Relation Name": "cast_info",
                              "Alias": "ci",
                              "Startup Cost": 0.0,
                              "Total Cost": 343316.27,
                              "Plan Rows": 1706416,
                              "Plan Width": 4,
                              "Actual Startup Time": 0.043,
                              "Actual Total Time": 825.569,
                              "Actual Rows": 1892359,
                              "Actual Loops": 6,
                              "Filter": "((person_id < 1165331) AND (role_id < 10))",
                              "Rows Removed by Filter": 4148365
                            },
                            {
                              "Node Type": "Hash",
                              "Parent Relationship": "Inner",
                              "Parallel Aware": true,
                              "Startup Cost": 43899.32,
                              "Total Cost": 43899.32,
                              "Plan Rows": 101597,
                              "Plan Width": 4,
                              "Actual Startup Time": 129.232,
                              "Actual Total Time": 129.235,
                              "Actual Rows": 70630,
                              "Actual Loops": 6,
                              "Hash Buckets": 524288,
                              "Original Hash Buckets": 524288,
                              "Hash Batches": 1,
                              "Original Hash Batches": 1,
                              "Peak Memory Usage": 20768,
                              "Plans": [
                                {
                                  "Node Type": "Seq Scan",
                                  "Parent Relationship": "Outer",
                                  "Parallel Aware": true,
                                  "Relation Name": "title",
                                  "Alias": "t",
                                  "Startup Cost": 0.0,
                                  "Total Cost": 43899.32,
                                  "Plan Rows": 101597,
                                  "Plan Width": 4,
                                  "Actual Startup Time": 0.056,
                                  "Actual Total Time": 93.745,
                                  "Actual Rows": 70630,
                                  "Actual Loops": 6,
                                  "Filter": "(production_year < 1974)",
                                  "Rows Removed by Filter": 350756
                                }
                              ]
                            }
                          ]
                        }
                      ]
                    }
                  ]
                }
              ]
            }
          ]
        }
      ]
    },
    "Planning Time": 1.005,
    "Triggers": [],
    "Execution Time": 3512.779
  }
]