[
  {
    "Plan": {
      "Node Type": "Aggregate",
      "Strategy": "Plain",
      "Partial Mode": "Finalize",
      "Parallel Aware": false,
      "Startup Cost": 178769.83,
      "Total Cost": 178769.84,
      "Plan Rows": 1,
      "Plan Width": 8,
      "Actual Startup Time": 937.796,
      "Actual Total Time": 981.165,
      "Actual Rows": 1,
      "Actual Loops": 1,
      "Plans": [
        {
          "Node Type": "Gather",
          "Parent Relationship": "Outer",
          "Parallel Aware": false,
          "Startup Cost": 178769.51,
          "Total Cost": 178769.82,
          "Plan Rows": 3,
          "Plan Width": 8,
          "Actual Startup Time": 936.672,
          "Actual Total Time": 981.152,
          "Actual Rows": 4,
          "Actual Loops": 1,
          "Workers Planned": 3,
          "Workers Launched": 3,
          "Single Copy": false,
          "Plans": [
            {
              "Node Type": "Aggregate",
              "Strategy": "Plain",
              "Partial Mode": "Partial",
              "Parent Relationship": "Outer",
              "Parallel Aware": false,
              "Startup Cost": 177769.51,
              "Total Cost": 177769.52,
              "Plan Rows": 1,
              "Plan Width": 8,
              "Actual Startup Time": 929.983,
              "Actual Total Time": 929.988,
              "Actual Rows": 1,
              "Actual Loops": 4,
              "Plans": [
                {
                  "Node Type": "Nested Loop",
                  "Parent Relationship": "Outer",
                  "Parallel Aware": false,
                  "Join Type": "Inner",
                  "Startup Cost": 46304.52,
                  "Total Cost": 177332.01,
                  "Plan Rows": 175001,
                  "Plan Width": 0,
                  "Actual Startup Time": 204.729,
                  "Actual Total Time": 885.731,
                  "Actual Rows": 851914,
                  "Actual Loops": 4,
                  "Inner Unique": false,
                  "Join Filter": "(t.id = mi.movie_id)",
                  "Rows Removed by Join Filter": 0,
                  "Plans": [
                    {
                      "Node Type": "Hash Join",
                      "Parent Relationship": "Outer",
                      "Parallel Aware": true,
                      "Join Type": "Inner",
                      "Startup Cost": 46304.09,
                      "Total Cost": 76743.89,
                      "Plan Rows": 44885,
                      "Plan Width": 8,
                      "Actual Startup Time": 204.596,
                      "Actual Total Time": 288.756,
                      "Actual Rows": 48964,
                      "Actual Loops": 4,
                      "Inner Unique": true,
                      "Hash Cond": "(mc.movie_id = t.id)",
                      "Plans": [
                        {
                          "Node Type": "Seq Scan",
                          "Parent Relationship": "Outer",
                          "Parallel Aware": true,
                          "Relation Name": "movie_companies",
                          "Alias": "mc",
                          "Startup Cost": 0.0,
                          "Total Cost": 29310.68,
                          "Plan Rows": 430142,
                          "Plan Width": 4,
                          "Actual Startup Time": 34.164,
                          "Actual Total Time": 78.14,
                          "Actual Rows": 333721,
                          "Actual Loops": 4,
                          "Filter": "(company_type_id > 1)",
                          "Rows Removed by Filter": 318562
                        },
                        {
                          "Node Type": "Hash",
                          "Parent Relationship": "Inner",
                          "Parallel Aware": true,
                          "Startup Cost": 45479.59,
                          "Total Cost": 45479.59,
                          "Plan Rows": 65960,
                          "Plan Width": 4,
                          "Actual Startup Time": 131.195,
                          "Actual Total Time": 131.196,
                          "Actual Rows": 54070,
                          "Actual Loops": 4,
                          "Hash Buckets": 524288,
                          "Original Hash Buckets": 524288,
                          "Hash Batches": 1,
                          "Original Hash Batches": 1,
                          "Peak Memory Usage": 12608,
                          "Plans": [
                            {
                              "Node Type": "Seq Scan",
                              "Parent Relationship": "Outer",
                              "Parallel Aware": true,
                              "Relation Name": "title",
                              "Alias": "t",
                              "Startup Cost": 0.0,
                              "Total Cost": 45479.59,
                              "Plan Rows": 65960,
                              "Plan Width": 4,
                              "Actual Startup Time": 48.652,
                              "Actual Total Time": 107.933,
                              "Actual Rows": 54070,
                              "Actual Loops": 4,
                              "Filter": "((production_year > 2005) AND (kind_id = 1))",
                              "Rows Removed by Filter": 578008
                            }
                          ]
                        }
                      ]
                    },
                    {
                      "Node Type": "Index Scan",
                      "Parent Relationship": "Inner",
                      "Parallel Aware": false,
                      "Scan Direction": "Forward",
                      "Index Name": "movie_id_movie_info",
                      "Relation Name": "movie_info",
                      "Alias": "mi",
                      "Startup Cost": 0.43,
                      "Total Cost": 1.9,
                      "Plan Rows": 27,
                      "Plan Width": 4,
                      "Actual Startup Time": 0.004,
                      "Actual Total Time": 0.01,
                      "Actual Rows": 17,
                      "Actual Loops": 195858,
                      "Index Cond": "(movie_id = mc.movie_id)",
                      "Rows Removed by Index Recheck": 0,
                      "Filter": "(info_type_id > 4)",
                      "Rows Removed by Filter": 5
                    }
                  ]
                }
              ]
            }
          ]
        }
      ]
    },
    "Planning Time": 0.963,
    "Triggers": [],
    "Execution Time": 981.242
  }
]