{
    "Plan": {
        "Node Type": "Aggregate",
        "Strategy": "Plain",
        "Partial Mode": "Finalize",
        "Parallel Aware": false,
        "Startup Cost": 93235.06,
        "Total Cost": 93235.07,
        "Plan Rows": 1,
        "Plan Width": 8,
        "Actual Startup Time": 350.074,
        "Actual Total Time": 370.745,
        "Actual Rows": 1,
        "Actual Loops": 1,
        "Output": [
            "count(*)"
        ],
        "Plans": [
            {
                "Node Type": "Gather",
                "Parent Relationship": "Outer",
                "Parallel Aware": false,
                "Startup Cost": 93234.74,
                "Total Cost": 93235.05,
                "Plan Rows": 3,
                "Plan Width": 8,
                "Actual Startup Time": 349.079,
                "Actual Total Time": 370.735,
                "Actual Rows": 4,
                "Actual Loops": 1,
                "Output": [
                    "(PARTIAL count(*))"
                ],
                "Workers Planned": 3,
                "Workers Launched": 3,
                "Single Copy": false,
                "Plans": [
                    {
                        "Node Type": "Aggregate",
                        "Strategy": "Plain",
                        "Partial Mode": "Partial",
                        "Parent Relationship": "Outer",
                        "Parallel Aware": false,
                        "Startup Cost": 92234.74,
                        "Total Cost": 92234.75,
                        "Plan Rows": 1,
                        "Plan Width": 8,
                        "Actual Startup Time": 340.508,
                        "Actual Total Time": 340.511,
                        "Actual Rows": 1,
                        "Actual Loops": 4,
                        "Output": [
                            "PARTIAL count(*)"
                        ],
                        "Workers": [
                            {
                                "Worker Number": 0,
                                "Actual Startup Time": 337.75,
                                "Actual Total Time": 337.752,
                                "Actual Rows": 1,
                                "Actual Loops": 1
                            },
                            {
                                "Worker Number": 1,
                                "Actual Startup Time": 337.913,
                                "Actual Total Time": 337.916,
                                "Actual Rows": 1,
                                "Actual Loops": 1
                            },
                            {
                                "Worker Number": 2,
                                "Actual Startup Time": 337.958,
                                "Actual Total Time": 337.961,
                                "Actual Rows": 1,
                                "Actual Loops": 1
                            }
                        ],
                        "Plans": [
                            {
                                "Node Type": "Hash Join",
                                "Parent Relationship": "Outer",
                                "Parallel Aware": true,
                                "Join Type": "Inner",
                                "Startup Cost": 45699.57,
                                "Total Cost": 92135.39,
                                "Plan Rows": 39738,
                                "Plan Width": 0,
                                "Actual Startup Time": 113.112,
                                "Actual Total Time": 334.131,
                                "Actual Rows": 139669,
                                "Actual Loops": 4,
                                "Inner Unique": true,
                                "Hash Cond": "(mk.movie_id = t.id)",
                                "Workers": [
                                    {
                                        "Worker Number": 0,
                                        "Actual Startup Time": 110.102,
                                        "Actual Total Time": 331.662,
                                        "Actual Rows": 148728,
                                        "Actual Loops": 1
                                    },
                                    {
                                        "Worker Number": 1,
                                        "Actual Startup Time": 110.325,
                                        "Actual Total Time": 331.822,
                                        "Actual Rows": 148103,
                                        "Actual Loops": 1
                                    },
                                    {
                                        "Worker Number": 2,
                                        "Actual Startup Time": 110.444,
                                        "Actual Total Time": 331.5,
                                        "Actual Rows": 96599,
                                        "Actual Loops": 1
                                    }
                                ],
                                "Plans": [
                                    {
                                        "Node Type": "Seq Scan",
                                        "Parent Relationship": "Outer",
                                        "Parallel Aware": true,
                                        "Relation Name": "movie_keyword",
                                        "Schema": "public",
                                        "Alias": "mk",
                                        "Startup Cost": 0.0,
                                        "Total Cost": 42695.65,
                                        "Plan Rows": 1424823,
                                        "Plan Width": 4,
                                        "Actual Startup Time": 0.014,
                                        "Actual Total Time": 130.903,
                                        "Actual Rows": 1103517,
                                        "Actual Loops": 4,
                                        "Output": [
                                            "mk.id",
                                            "mk.movie_id",
                                            "mk.keyword_id"
                                        ],
                                        "Filter": "(mk.keyword_id > 107)",
                                        "Rows Removed by Filter": 27465,
                                        "Workers": [
                                            {
                                                "Worker Number": 0,
                                                "Actual Startup Time": 0.014,
                                                "Actual Total Time": 134.699,
                                                "Actual Rows": 1161664,
                                                "Actual Loops": 1
                                            },
                                            {
                                                "Worker Number": 1,
                                                "Actual Startup Time": 0.015,
                                                "Actual Total Time": 134.434,
                                                "Actual Rows": 1155926,
                                                "Actual Loops": 1
                                            },
                                            {
                                                "Worker Number": 2,
                                                "Actual Startup Time": 0.015,
                                                "Actual Total Time": 133.366,
                                                "Actual Rows": 756093,
                                                "Actual Loops": 1
                                            }
                                        ]
                                    },
                                    {
                                        "Node Type": "Hash",
                                        "Parent Relationship": "Inner",
                                        "Parallel Aware": true,
                                        "Startup Cost": 45479.21,
                                        "Total Cost": 45479.21,
                                        "Plan Rows": 17629,
                                        "Plan Width": 4,
                                        "Actual Startup Time": 110.892,
                                        "Actual Total Time": 110.893,
                                        "Actual Rows": 42681,
                                        "Actual Loops": 4,
                                        "Output": [
                                            "t.id"
                                        ],
                                        "Hash Buckets": 262144,
                                        "Original Hash Buckets": 131072,
                                        "Hash Batches": 1,
                                        "Original Hash Batches": 1,
                                        "Peak Memory Usage": 9792,
                                        "Workers": [
                                            {
                                                "Worker Number": 0,
                                                "Actual Startup Time": 109.36,
                                                "Actual Total Time": 109.36,
                                                "Actual Rows": 44239,
                                                "Actual Loops": 1
                                            },
                                            {
                                                "Worker Number": 1,
                                                "Actual Startup Time": 109.598,
                                                "Actual Total Time": 109.599,
                                                "Actual Rows": 44126,
                                                "Actual Loops": 1
                                            },
                                            {
                                                "Worker Number": 2,
                                                "Actual Startup Time": 109.63,
                                                "Actual Total Time": 109.631,
                                                "Actual Rows": 29352,
                                                "Actual Loops": 1
                                            }
                                        ],
                                        "Plans": [
                                            {
                                                "Node Type": "Seq Scan",
                                                "Parent Relationship": "Outer",
                                                "Parallel Aware": true,
                                                "Relation Name": "title",
                                                "Schema": "public",
                                                "Alias": "t",
                                                "Startup Cost": 0.0,
                                                "Total Cost": 45479.21,
                                                "Plan Rows": 17629,
                                                "Plan Width": 4,
                                                "Actual Startup Time": 1.176,
                                                "Actual Total Time": 96.733,
                                                "Actual Rows": 42681,
                                                "Actual Loops": 4,
                                                "Output": [
                                                    "t.id"
                                                ],
                                                "Filter": "((t.kind_id < 7) AND (t.production_year < 1953))",
                                                "Rows Removed by Filter": 589397,
                                                "Workers": [
                                                    {
                                                        "Worker Number": 0,
                                                        "Actual Startup Time": 1.587,
                                                        "Actual Total Time": 95.342,
                                                        "Actual Rows": 44239,
                                                        "Actual Loops": 1
                                                    },
                                                    {
                                                        "Worker Number": 1,
                                                        "Actual Startup Time": 2.075,
                                                        "Actual Total Time": 95.819,
                                                        "Actual Rows": 44126,
                                                        "Actual Loops": 1
                                                    },
                                                    {
                                                        "Worker Number": 2,
                                                        "Actual Startup Time": 0.632,
                                                        "Actual Total Time": 95.923,
                                                        "Actual Rows": 29352,
                                                        "Actual Loops": 1
                                                    }
                                                ]
                                            }
                                        ]
                                    }
                                ]
                            }
                        ]
                    }
                ]
            }
        ]
    },
    "Planning Time": 0.714,
    "Triggers": [],
    "Execution Time": 370.82
}