[
  {
    "Plan": {
      "Node Type": "Aggregate",
      "Strategy": "Plain",
      "Partial Mode": "Finalize",
      "Parallel Aware": false,
      "Startup Cost": 83081.53,
      "Total Cost": 83081.54,
      "Plan Rows": 1,
      "Plan Width": 8,
      "Actual Startup Time": 382.191,
      "Actual Total Time": 398.652,
      "Actual Rows": 1,
      "Actual Loops": 1,
      "Plans": [
        {
          "Node Type": "Gather",
          "Parent Relationship": "Outer",
          "Parallel Aware": false,
          "Startup Cost": 83081.11,
          "Total Cost": 83081.52,
          "Plan Rows": 4,
          "Plan Width": 8,
          "Actual Startup Time": 374.98,
          "Actual Total Time": 398.64,
          "Actual Rows": 5,
          "Actual Loops": 1,
          "Workers Planned": 4,
          "Workers Launched": 4,
          "Single Copy": false,
          "Plans": [
            {
              "Node Type": "Aggregate",
              "Strategy": "Plain",
              "Partial Mode": "Partial",
              "Parent Relationship": "Outer",
              "Parallel Aware": false,
              "Startup Cost": 82081.11,
              "Total Cost": 82081.12,
              "Plan Rows": 1,
              "Plan Width": 8,
              "Actual Startup Time": 365.29,
              "Actual Total Time": 365.294,
              "Actual Rows": 1,
              "Actual Loops": 5,
              "Plans": [
                {
                  "Node Type": "Hash Join",
                  "Parent Relationship": "Outer",
                  "Parallel Aware": true,
                  "Join Type": "Inner",
                  "Startup Cost": 35243.01,
                  "Total Cost": 81487.74,
                  "Plan Rows": 237348,
                  "Plan Width": 0,
                  "Actual Startup Time": 140.275,
                  "Actual Total Time": 357.155,
                  "Actual Rows": 158247,
                  "Actual Loops": 5,
                  "Inner Unique": false,
                  "Hash Cond": "(t.id = mc.movie_id)",
                  "Plans": [
                    {
                      "Node Type": "Seq Scan",
                      "Parent Relationship": "Outer",
                      "Parallel Aware": true,
                      "Relation Name": "title",
                      "Alias": "t",
                      "Startup Cost": 0.0,
                      "Total Cost": 42318.73,
                      "Plan Rows": 632073,
                      "Plan Width": 4,
                      "Actual Startup Time": 0.017,
                      "Actual Total Time": 71.399,
                      "Actual Rows": 505662,
                      "Actual Loops": 5
                    },
                    {
                      "Node Type": "Hash",
                      "Parent Relationship": "Inner",
                      "Parallel Aware": true,
                      "Startup Cost": 31414.82,
                      "Total Cost": 31414.82,
                      "Plan Rows": 306255,
                      "Plan Width": 4,
                      "Actual Startup Time": 135.71,
                      "Actual Total Time": 135.711,
                      "Actual Rows": 158247,
                      "Actual Loops": 5,
                      "Hash Buckets": 1048576,
                      "Original Hash Buckets": 1048576,
                      "Hash Batches": 1,
                      "Original Hash Batches": 1,
                      "Peak Memory Usage": 39232,
                      "Plans": [
                        {
                          "Node Type": "Seq Scan",
                          "Parent Relationship": "Outer",
                          "Parallel Aware": true,
                          "Relation Name": "movie_companies",
                          "Alias": "mc",
                          "Startup Cost": 0.0,
                          "Total Cost": 31414.82,
                          "Plan Rows": 306255,
                          "Plan Width": 4,
                          "Actual Startup Time": 0.77,
                          "Actual Total Time": 77.778,
                          "Actual Rows": 158247,
                          "Actual Loops": 5,
                          "Filter": "((company_id > 1102) AND (company_type_id < 2))",
                          "Rows Removed by Filter": 363578
                        }
                      ]
                    }
                  ]
                }
              ]
            }
          ]
        }
      ]
    },
    "Planning Time": 0.718,
    "Triggers": [],
    "Execution Time": 398.73
  }
]