[
    {
        "Bao": {
            "Bao prediction": 644.237,
            "Bao recommended hint": "SET enable_nestloop TO off; SET enable_mergejoin TO off; SET enable_indexscan TO off; "
        }
    },
    {
        "Plan": {
            "Node Type": "Aggregate",
            "Strategy": "Plain",
            "Partial Mode": "Finalize",
            "Parallel Aware": false,
            "Startup Cost": 385011.44,
            "Total Cost": 385011.45,
            "Plan Rows": 1,
            "Plan Width": 8,
            "Actual Startup Time": 1360.599,
            "Actual Total Time": 1397.66,
            "Actual Rows": 1,
            "Actual Loops": 1,
            "Output": [
                "count(*)"
            ],
            "Plans": [
                {
                    "Node Type": "Gather",
                    "Parent Relationship": "Outer",
                    "Parallel Aware": false,
                    "Startup Cost": 385010.81,
                    "Total Cost": 385011.42,
                    "Plan Rows": 6,
                    "Plan Width": 8,
                    "Actual Startup Time": 1360.438,
                    "Actual Total Time": 1397.649,
                    "Actual Rows": 7,
                    "Actual Loops": 1,
                    "Output": [
                        "(PARTIAL count(*))"
                    ],
                    "Workers Planned": 6,
                    "Workers Launched": 6,
                    "Single Copy": false,
                    "Plans": [
                        {
                            "Node Type": "Aggregate",
                            "Strategy": "Plain",
                            "Partial Mode": "Partial",
                            "Parent Relationship": "Outer",
                            "Parallel Aware": false,
                            "Startup Cost": 384010.81,
                            "Total Cost": 384010.82,
                            "Plan Rows": 1,
                            "Plan Width": 8,
                            "Actual Startup Time": 1349.971,
                            "Actual Total Time": 1349.976,
                            "Actual Rows": 1,
                            "Actual Loops": 7,
                            "Output": [
                                "PARTIAL count(*)"
                            ],
                            "Workers": [
                                {
                                    "Worker Number": 0,
                                    "Actual Startup Time": 1347.739,
                                    "Actual Total Time": 1347.744,
                                    "Actual Rows": 1,
                                    "Actual Loops": 1
                                },
                                {
                                    "Worker Number": 1,
                                    "Actual Startup Time": 1347.818,
                                    "Actual Total Time": 1347.824,
                                    "Actual Rows": 1,
                                    "Actual Loops": 1
                                },
                                {
                                    "Worker Number": 2,
                                    "Actual Startup Time": 1348.453,
                                    "Actual Total Time": 1348.458,
                                    "Actual Rows": 1,
                                    "Actual Loops": 1
                                },
                                {
                                    "Worker Number": 3,
                                    "Actual Startup Time": 1348.749,
                                    "Actual Total Time": 1348.754,
                                    "Actual Rows": 1,
                                    "Actual Loops": 1
                                },
                                {
                                    "Worker Number": 4,
                                    "Actual Startup Time": 1348.796,
                                    "Actual Total Time": 1348.801,
                                    "Actual Rows": 1,
                                    "Actual Loops": 1
                                },
                                {
                                    "Worker Number": 5,
                                    "Actual Startup Time": 1348.935,
                                    "Actual Total Time": 1348.94,
                                    "Actual Rows": 1,
                                    "Actual Loops": 1
                                }
                            ],
                            "Plans": [
                                {
                                    "Node Type": "Hash Join",
                                    "Parent Relationship": "Outer",
                                    "Parallel Aware": true,
                                    "Join Type": "Inner",
                                    "Startup Cost": 48243.31,
                                    "Total Cost": 384010.2,
                                    "Plan Rows": 244,
                                    "Plan Width": 0,
                                    "Actual Startup Time": 121.963,
                                    "Actual Total Time": 1349.745,
                                    "Actual Rows": 1319,
                                    "Actual Loops": 7,
                                    "Inner Unique": false,
                                    "Hash Cond": "(ci.movie_id = t.id)",
                                    "Workers": [
                                        {
                                            "Worker Number": 0,
                                            "Actual Startup Time": 118.994,
                                            "Actual Total Time": 1347.521,
                                            "Actual Rows": 1236,
                                            "Actual Loops": 1
                                        },
                                        {
                                            "Worker Number": 1,
                                            "Actual Startup Time": 119.393,
                                            "Actual Total Time": 1347.592,
                                            "Actual Rows": 1259,
                                            "Actual Loops": 1
                                        },
                                        {
                                            "Worker Number": 2,
                                            "Actual Startup Time": 120.456,
                                            "Actual Total Time": 1348.217,
                                            "Actual Rows": 1291,
                                            "Actual Loops": 1
                                        },
                                        {
                                            "Worker Number": 3,
                                            "Actual Startup Time": 120.413,
                                            "Actual Total Time": 1348.52,
                                            "Actual Rows": 1269,
                                            "Actual Loops": 1
                                        },
                                        {
                                            "Worker Number": 4,
                                            "Actual Startup Time": 120.41,
                                            "Actual Total Time": 1348.569,
                                            "Actual Rows": 1263,
                                            "Actual Loops": 1
                                        },
                                        {
                                            "Worker Number": 5,
                                            "Actual Startup Time": 122.353,
                                            "Actual Total Time": 1348.706,
                                            "Actual Rows": 1283,
                                            "Actual Loops": 1
                                        }
                                    ],
                                    "Plans": [
                                        {
                                            "Node Type": "Seq Scan",
                                            "Parent Relationship": "Outer",
                                            "Parallel Aware": true,
                                            "Relation Name": "cast_info",
                                            "Schema": "public",
                                            "Alias": "ci",
                                            "Startup Cost": 0.0,
                                            "Total Cost": 313108.29,
                                            "Plan Rows": 6042129,
                                            "Plan Width": 4,
                                            "Actual Startup Time": 0.026,
                                            "Actual Total Time": 681.948,
                                            "Actual Rows": 5177763,
                                            "Actual Loops": 7,
                                            "Output": [
                                                "ci.id",
                                                "ci.person_id",
                                                "ci.movie_id",
                                                "ci.person_role_id",
                                                "ci.note",
                                                "ci.nr_order",
                                                "ci.role_id"
                                            ],
                                            "Workers": [
                                                {
                                                    "Worker Number": 0,
                                                    "Actual Startup Time": 0.028,
                                                    "Actual Total Time": 698.1,
                                                    "Actual Rows": 4989393,
                                                    "Actual Loops": 1
                                                },
                                                {
                                                    "Worker Number": 1,
                                                    "Actual Startup Time": 0.029,
                                                    "Actual Total Time": 698.67,
                                                    "Actual Rows": 4992917,
                                                    "Actual Loops": 1
                                                },
                                                {
                                                    "Worker Number": 2,
                                                    "Actual Startup Time": 0.034,
                                                    "Actual Total Time": 693.762,
                                                    "Actual Rows": 5023176,
                                                    "Actual Loops": 1
                                                },
                                                {
                                                    "Worker Number": 3,
                                                    "Actual Startup Time": 0.03,
                                                    "Actual Total Time": 693.262,
                                                    "Actual Rows": 5044182,
                                                    "Actual Loops": 1
                                                },
                                                {
                                                    "Worker Number": 4,
                                                    "Actual Startup Time": 0.024,
                                                    "Actual Total Time": 693.347,
                                                    "Actual Rows": 5036144,
                                                    "Actual Loops": 1
                                                },
                                                {
                                                    "Worker Number": 5,
                                                    "Actual Startup Time": 0.03,
                                                    "Actual Total Time": 692.921,
                                                    "Actual Rows": 5036089,
                                                    "Actual Loops": 1
                                                }
                                            ]
                                        },
                                        {
                                            "Node Type": "Hash",
                                            "Parent Relationship": "Inner",
                                            "Parallel Aware": true,
                                            "Startup Cost": 48242.98,
                                            "Total Cost": 48242.98,
                                            "Plan Rows": 26,
                                            "Plan Width": 8,
                                            "Actual Startup Time": 119.981,
                                            "Actual Total Time": 119.985,
                                            "Actual Rows": 28,
                                            "Actual Loops": 7,
                                            "Output": [
                                                "t.id",
                                                "mc.movie_id"
                                            ],
                                            "Hash Buckets": 1024,
                                            "Original Hash Buckets": 1024,
                                            "Hash Batches": 1,
                                            "Original Hash Batches": 1,
                                            "Peak Memory Usage": 232,
                                            "Workers": [
                                                {
                                                    "Worker Number": 0,
                                                    "Actual Startup Time": 118.191,
                                                    "Actual Total Time": 118.194,
                                                    "Actual Rows": 22,
                                                    "Actual Loops": 1
                                                },
                                                {
                                                    "Worker Number": 1,
                                                    "Actual Startup Time": 118.311,
                                                    "Actual Total Time": 118.315,
                                                    "Actual Rows": 28,
                                                    "Actual Loops": 1
                                                },
                                                {
                                                    "Worker Number": 2,
                                                    "Actual Startup Time": 118.929,
                                                    "Actual Total Time": 118.933,
                                                    "Actual Rows": 29,
                                                    "Actual Loops": 1
                                                },
                                                {
                                                    "Worker Number": 3,
                                                    "Actual Startup Time": 119.227,
                                                    "Actual Total Time": 119.231,
                                                    "Actual Rows": 30,
                                                    "Actual Loops": 1
                                                },
                                                {
                                                    "Worker Number": 4,
                                                    "Actual Startup Time": 119.265,
                                                    "Actual Total Time": 119.268,
                                                    "Actual Rows": 19,
                                                    "Actual Loops": 1
                                                },
                                                {
                                                    "Worker Number": 5,
                                                    "Actual Startup Time": 119.463,
                                                    "Actual Total Time": 119.466,
                                                    "Actual Rows": 25,
                                                    "Actual Loops": 1
                                                }
                                            ],
                                            "Plans": [
                                                {
                                                    "Node Type": "Hash Join",
                                                    "Parent Relationship": "Outer",
                                                    "Parallel Aware": false,
                                                    "Join Type": "Inner",
                                                    "Startup Cost": 393.23,
                                                    "Total Cost": 48242.98,
                                                    "Plan Rows": 26,
                                                    "Plan Width": 8,
                                                    "Actual Startup Time": 69.742,
                                                    "Actual Total Time": 119.878,
                                                    "Actual Rows": 28,
                                                    "Actual Loops": 7,
                                                    "Output": [
                                                        "t.id",
                                                        "mc.movie_id"
                                                    ],
                                                    "Inner Unique": false,
                                                    "Hash Cond": "(t.id = mc.movie_id)",
                                                    "Workers": [
                                                        {
                                                            "Worker Number": 0,
                                                            "Actual Startup Time": 79.771,
                                                            "Actual Total Time": 118.09,
                                                            "Actual Rows": 22,
                                                            "Actual Loops": 1
                                                        },
                                                        {
                                                            "Worker Number": 1,
                                                            "Actual Startup Time": 36.837,
                                                            "Actual Total Time": 118.198,
                                                            "Actual Rows": 28,
                                                            "Actual Loops": 1
                                                        },
                                                        {
                                                            "Worker Number": 2,
                                                            "Actual Startup Time": 83.705,
                                                            "Actual Total Time": 118.83,
                                                            "Actual Rows": 29,
                                                            "Actual Loops": 1
                                                        },
                                                        {
                                                            "Worker Number": 3,
                                                            "Actual Startup Time": 55.305,
                                                            "Actual Total Time": 119.123,
                                                            "Actual Rows": 30,
                                                            "Actual Loops": 1
                                                        },
                                                        {
                                                            "Worker Number": 4,
                                                            "Actual Startup Time": 84.339,
                                                            "Actual Total Time": 119.173,
                                                            "Actual Rows": 19,
                                                            "Actual Loops": 1
                                                        },
                                                        {
                                                            "Worker Number": 5,
                                                            "Actual Startup Time": 80.785,
                                                            "Actual Total Time": 119.37,
                                                            "Actual Rows": 25,
                                                            "Actual Loops": 1
                                                        }
                                                    ],
                                                    "Plans": [
                                                        {
                                                            "Node Type": "Seq Scan",
                                                            "Parent Relationship": "Outer",
                                                            "Parallel Aware": true,
                                                            "Relation Name": "title",
                                                            "Schema": "public",
                                                            "Alias": "t",
                                                            "Startup Cost": 0.0,
                                                            "Total Cost": 42318.81,
                                                            "Plan Rows": 632080,
                                                            "Plan Width": 4,
                                                            "Actual Startup Time": 0.04,
                                                            "Actual Total Time": 76.987,
                                                            "Actual Rows": 361187,
                                                            "Actual Loops": 7,
                                                            "Output": [
                                                                "t.id",
                                                                "t.title",
                                                                "t.imdb_index",
                                                                "t.kind_id",
                                                                "t.production_year",
                                                                "t.imdb_id",
                                                                "t.phonetic_code",
                                                                "t.episode_of_id",
                                                                "t.season_nr",
                                                                "t.episode_nr",
                                                                "t.series_years",
                                                                "t.md5sum"
                                                            ],
                                                            "Workers": [
                                                                {
                                                                    "Worker Number": 0,
                                                                    "Actual Startup Time": 0.04,
                                                                    "Actual Total Time": 77.777,
                                                                    "Actual Rows": 324233,
                                                                    "Actual Loops": 1
                                                                },
                                                                {
                                                                    "Worker Number": 1,
                                                                    "Actual Startup Time": 0.076,
                                                                    "Actual Total Time": 77.991,
                                                                    "Actual Rows": 323509,
                                                                    "Actual Loops": 1
                                                                },
                                                                {
                                                                    "Worker Number": 2,
                                                                    "Actual Startup Time": 0.039,
                                                                    "Actual Total Time": 78.666,
                                                                    "Actual Rows": 327702,
                                                                    "Actual Loops": 1
                                                                },
                                                                {
                                                                    "Worker Number": 3,
                                                                    "Actual Startup Time": 0.037,
                                                                    "Actual Total Time": 78.737,
                                                                    "Actual Rows": 335235,
                                                                    "Actual Loops": 1
                                                                },
                                                                {
                                                                    "Worker Number": 4,
                                                                    "Actual Startup Time": 0.046,
                                                                    "Actual Total Time": 78.753,
                                                                    "Actual Rows": 333324,
                                                                    "Actual Loops": 1
                                                                },
                                                                {
                                                                    "Worker Number": 5,
                                                                    "Actual Startup Time": 0.027,
                                                                    "Actual Total Time": 78.776,
                                                                    "Actual Rows": 329944,
                                                                    "Actual Loops": 1
                                                                }
                                                            ]
                                                        },
                                                        {
                                                            "Node Type": "Hash",
                                                            "Parent Relationship": "Inner",
                                                            "Parallel Aware": false,
                                                            "Startup Cost": 391.95,
                                                            "Total Cost": 391.95,
                                                            "Plan Rows": 102,
                                                            "Plan Width": 4,
                                                            "Actual Startup Time": 4.371,
                                                            "Actual Total Time": 4.373,
                                                            "Actual Rows": 193,
                                                            "Actual Loops": 7,
                                                            "Output": [
                                                                "mc.movie_id"
                                                            ],
                                                            "Hash Buckets": 1024,
                                                            "Original Hash Buckets": 1024,
                                                            "Hash Batches": 1,
                                                            "Original Hash Batches": 1,
                                                            "Peak Memory Usage": 15,
                                                            "Workers": [
                                                                {
                                                                    "Worker Number": 0,
                                                                    "Actual Startup Time": 5.433,
                                                                    "Actual Total Time": 5.434,
                                                                    "Actual Rows": 193,
                                                                    "Actual Loops": 1
                                                                },
                                                                {
                                                                    "Worker Number": 1,
                                                                    "Actual Startup Time": 5.521,
                                                                    "Actual Total Time": 5.523,
                                                                    "Actual Rows": 193,
                                                                    "Actual Loops": 1
                                                                },
                                                                {
                                                                    "Worker Number": 2,
                                                                    "Actual Startup Time": 4.467,
                                                                    "Actual Total Time": 4.47,
                                                                    "Actual Rows": 193,
                                                                    "Actual Loops": 1
                                                                },
                                                                {
                                                                    "Worker Number": 3,
                                                                    "Actual Startup Time": 4.658,
                                                                    "Actual Total Time": 4.659,
                                                                    "Actual Rows": 193,
                                                                    "Actual Loops": 1
                                                                },
                                                                {
                                                                    "Worker Number": 4,
                                                                    "Actual Startup Time": 4.711,
                                                                    "Actual Total Time": 4.713,
                                                                    "Actual Rows": 193,
                                                                    "Actual Loops": 1
                                                                },
                                                                {
                                                                    "Worker Number": 5,
                                                                    "Actual Startup Time": 4.948,
                                                                    "Actual Total Time": 4.95,
                                                                    "Actual Rows": 193,
                                                                    "Actual Loops": 1
                                                                }
                                                            ],
                                                            "Plans": [
                                                                {
                                                                    "Node Type": "Bitmap Heap Scan",
                                                                    "Parent Relationship": "Outer",
                                                                    "Parallel Aware": false,
                                                                    "Relation Name": "movie_companies",
                                                                    "Schema": "public",
                                                                    "Alias": "mc",
                                                                    "Startup Cost": 5.22,
                                                                    "Total Cost": 391.95,
                                                                    "Plan Rows": 102,
                                                                    "Plan Width": 4,
                                                                    "Actual Startup Time": 0.292,
                                                                    "Actual Total Time": 4.125,
                                                                    "Actual Rows": 193,
                                                                    "Actual Loops": 7,
                                                                    "Output": [
                                                                        "mc.movie_id"
                                                                    ],
                                                                    "Recheck Cond": "(mc.company_id = 6694)",
                                                                    "Rows Removed by Index Recheck": 0,
                                                                    "Exact Heap Blocks": 180,
                                                                    "Lossy Heap Blocks": 0,
                                                                    "Workers": [
                                                                        {
                                                                            "Worker Number": 0,
                                                                            "Actual Startup Time": 0.314,
                                                                            "Actual Total Time": 5.144,
                                                                            "Actual Rows": 193,
                                                                            "Actual Loops": 1
                                                                        },
                                                                        {
                                                                            "Worker Number": 1,
                                                                            "Actual Startup Time": 0.326,
                                                                            "Actual Total Time": 5.225,
                                                                            "Actual Rows": 193,
                                                                            "Actual Loops": 1
                                                                        },
                                                                        {
                                                                            "Worker Number": 2,
                                                                            "Actual Startup Time": 0.309,
                                                                            "Actual Total Time": 4.218,
                                                                            "Actual Rows": 193,
                                                                            "Actual Loops": 1
                                                                        },
                                                                        {
                                                                            "Worker Number": 3,
                                                                            "Actual Startup Time": 0.306,
                                                                            "Actual Total Time": 4.405,
                                                                            "Actual Rows": 193,
                                                                            "Actual Loops": 1
                                                                        },
                                                                        {
                                                                            "Worker Number": 4,
                                                                            "Actual Startup Time": 0.315,
                                                                            "Actual Total Time": 4.453,
                                                                            "Actual Rows": 193,
                                                                            "Actual Loops": 1
                                                                        },
                                                                        {
                                                                            "Worker Number": 5,
                                                                            "Actual Startup Time": 0.285,
                                                                            "Actual Total Time": 4.676,
                                                                            "Actual Rows": 193,
                                                                            "Actual Loops": 1
                                                                        }
                                                                    ],
                                                                    "Plans": [
                                                                        {
                                                                            "Node Type": "Bitmap Index Scan",
                                                                            "Parent Relationship": "Outer",
                                                                            "Parallel Aware": false,
                                                                            "Index Name": "company_id_movie_companies",
                                                                            "Startup Cost": 0.0,
                                                                            "Total Cost": 5.19,
                                                                            "Plan Rows": 102,
                                                                            "Plan Width": 0,
                                                                            "Actual Startup Time": 0.184,
                                                                            "Actual Total Time": 0.185,
                                                                            "Actual Rows": 193,
                                                                            "Actual Loops": 7,
                                                                            "Index Cond": "(mc.company_id = 6694)",
                                                                            "Workers": [
                                                                                {
                                                                                    "Worker Number": 0,
                                                                                    "Actual Startup Time": 0.203,
                                                                                    "Actual Total Time": 0.204,
                                                                                    "Actual Rows": 193,
                                                                                    "Actual Loops": 1
                                                                                },
                                                                                {
                                                                                    "Worker Number": 1,
                                                                                    "Actual Startup Time": 0.215,
                                                                                    "Actual Total Time": 0.216,
                                                                                    "Actual Rows": 193,
                                                                                    "Actual Loops": 1
                                                                                },
                                                                                {
                                                                                    "Worker Number": 2,
                                                                                    "Actual Startup Time": 0.2,
                                                                                    "Actual Total Time": 0.2,
                                                                                    "Actual Rows": 193,
                                                                                    "Actual Loops": 1
                                                                                },
                                                                                {
                                                                                    "Worker Number": 3,
                                                                                    "Actual Startup Time": 0.198,
                                                                                    "Actual Total Time": 0.199,
                                                                                    "Actual Rows": 193,
                                                                                    "Actual Loops": 1
                                                                                },
                                                                                {
                                                                                    "Worker Number": 4,
                                                                                    "Actual Startup Time": 0.204,
                                                                                    "Actual Total Time": 0.204,
                                                                                    "Actual Rows": 193,
                                                                                    "Actual Loops": 1
                                                                                },
                                                                                {
                                                                                    "Worker Number": 5,
                                                                                    "Actual Startup Time": 0.187,
                                                                                    "Actual Total Time": 0.187,
                                                                                    "Actual Rows": 193,
                                                                                    "Actual Loops": 1
                                                                                }
                                                                            ]
                                                                        }
                                                                    ]
                                                                }
                                                            ]
                                                        }
                                                    ]
                                                }
                                            ]
                                        }
                                    ]
                                }
                            ]
                        }
                    ]
                }
            ]
        },
        "Planning Time": 2019.783,
        "Triggers": [],
        "Execution Time": 1397.827
    }
]