{
  "Plan": {
    "Node Type": "Hash Join",
    "Parallel Aware": false,
    "Join Type": "Inner",
    "Startup Cost": 615964.47,
    "Total Cost": 655546.64,
    "Plan Rows": 2581606,
    "Plan Width": 4,
    "Actual Startup Time": 5808.787,
    "Actual Total Time": 6009.801,
    "Actual Rows": 2583037,
    "Actual Loops": 1,
    "Inner Unique": false,
    "Hash Cond": "(kt.id = t.kind_id)",
    "Plans": [
      {
        "Node Type": "Seq Scan",
        "Parent Relationship": "Outer",
        "Parallel Aware": false,
        "Relation Name": "kind_type",
        "Alias": "kt",
        "Startup Cost": 0.0,
        "Total Cost": 1.07,
        "Plan Rows": 7,
        "Plan Width": 4,
        "Actual Startup Time": 0.022,
        "Actual Total Time": 0.033,
        "Actual Rows": 7,
        "Actual Loops": 1
      },
      {
        "Node Type": "Hash",
        "Parent Relationship": "Inner",
        "Parallel Aware": false,
        "Startup Cost": 583694.4,
        "Total Cost": 583694.4,
        "Plan Rows": 2581606,
        "Plan Width": 8,
        "Actual Startup Time": 5772.864,
        "Actual Total Time": 5772.872,
        "Actual Rows": 2583037,
        "Actual Loops": 1,
        "Hash Buckets": 4194304,
        "Original Hash Buckets": 4194304,
        "Hash Batches": 1,
        "Original Hash Batches": 1,
        "Peak Memory Usage": 133668,
        "Plans": [
          {
            "Node Type": "Hash Join",
            "Parent Relationship": "Outer",
            "Parallel Aware": false,
            "Join Type": "Inner",
            "Startup Cost": 551292.47,
            "Total Cost": 583694.4,
            "Plan Rows": 2581606,
            "Plan Width": 8,
            "Actual Startup Time": 5251.567,
            "Actual Total Time": 5478.72,
            "Actual Rows": 2583037,
            "Actual Loops": 1,
            "Inner Unique": false,
            "Hash Cond": "(ct.id = mc.company_type_id)",
            "Plans": [
              {
                "Node Type": "Seq Scan",
                "Parent Relationship": "Outer",
                "Parallel Aware": false,
                "Relation Name": "company_type",
                "Alias": "ct",
                "Startup Cost": 0.0,
                "Total Cost": 1.04,
                "Plan Rows": 4,
                "Plan Width": 4,
                "Actual Startup Time": 0.018,
                "Actual Total Time": 0.025,
                "Actual Rows": 4,
                "Actual Loops": 1
              },
              {
                "Node Type": "Hash",
                "Parent Relationship": "Inner",
                "Parallel Aware": false,
                "Startup Cost": 519022.4,
                "Total Cost": 519022.4,
                "Plan Rows": 2581606,
                "Plan Width": 12,
                "Actual Startup Time": 5222.22,
                "Actual Total Time": 5222.226,
                "Actual Rows": 2583037,
                "Actual Loops": 1,
                "Hash Buckets": 4194304,
                "Original Hash Buckets": 4194304,
                "Hash Batches": 1,
                "Original Hash Batches": 1,
                "Peak Memory Usage": 143758,
                "Plans": [
                  {
                    "Node Type": "Merge Join",
                    "Parent Relationship": "Outer",
                    "Parallel Aware": false,
                    "Join Type": "Inner",
                    "Startup Cost": 468231.84,
                    "Total Cost": 519022.4,
                    "Plan Rows": 2581606,
                    "Plan Width": 12,
                    "Actual Startup Time": 3891.37,
                    "Actual Total Time": 4861.819,
                    "Actual Rows": 2583037,
                    "Actual Loops": 1,
                    "Inner Unique": false,
                    "Merge Cond": "(cn.id = mc.company_id)",
                    "Plans": [
                      {
                        "Node Type": "Index Only Scan",
                        "Parent Relationship": "Outer",
                        "Parallel Aware": false,
                        "Scan Direction": "Forward",
                        "Index Name": "company_name_pkey",
                        "Relation Name": "company_name",
                        "Alias": "cn",
                        "Startup Cost": 0.42,
                        "Total Cost": 11881.93,
                        "Plan Rows": 234997,
                        "Plan Width": 4,
                        "Actual Startup Time": 0.073,
                        "Actual Total Time": 138.11,
                        "Actual Rows": 211061,
                        "Actual Loops": 1,
                        "Heap Fetches": 211061
                      },
                      {
                        "Node Type": "Sort",
                        "Parent Relationship": "Inner",
                        "Parallel Aware": false,
                        "Startup Cost": 467836.73,
                        "Total Cost": 474290.75,
                        "Plan Rows": 2581606,
                        "Plan Width": 12,
                        "Actual Startup Time": 3891.28,
                        "Actual Total Time": 4343.26,
                        "Actual Rows": 2583037,
                        "Actual Loops": 1,
                        "Sort Key": [
                          "mc.company_id"
                        ],
                        "Sort Method": "quicksort",
                        "Sort Space Used": 219384,
                        "Sort Space Type": "Memory",
                        "Plans": [
                          {
                            "Node Type": "Hash Join",
                            "Parent Relationship": "Outer",
                            "Parallel Aware": false,
                            "Join Type": "Inner",
                            "Startup Cost": 83674.19,
                            "Total Cost": 192897.79,
                            "Plan Rows": 2581606,
                            "Plan Width": 12,
                            "Actual Startup Time": 1600.348,
                            "Actual Total Time": 3273.095,
                            "Actual Rows": 2583037,
                            "Actual Loops": 1,
                            "Inner Unique": false,
                            "Hash Cond": "(t.id = mc.movie_id)",
                            "Plans": [
                              {
                                "Node Type": "Seq Scan",
                                "Parent Relationship": "Outer",
                                "Parallel Aware": false,
                                "Relation Name": "title",
                                "Alias": "t",
                                "Startup Cost": 0.0,
                                "Total Cost": 61283.09,
                                "Plan Rows": 2528509,
                                "Plan Width": 8,
                                "Actual Startup Time": 0.057,
                                "Actual Total Time": 340.023,
                                "Actual Rows": 2528312,
                                "Actual Loops": 1
                              },
                              {
                                "Node Type": "Hash",
                                "Parent Relationship": "Inner",
                                "Parallel Aware": false,
                                "Startup Cost": 51404.11,
                                "Total Cost": 51404.11,
                                "Plan Rows": 2581606,
                                "Plan Width": 12,
                                "Actual Startup Time": 1571.094,
                                "Actual Total Time": 1571.096,
                                "Actual Rows": 2583037,
                                "Actual Loops": 1,
                                "Hash Buckets": 4194304,
                                "Original Hash Buckets": 4194304,
                                "Hash Batches": 1,
                                "Original Hash Batches": 1,
                                "Peak Memory Usage": 143758,
                                "Plans": [
                                  {
                                    "Node Type": "Seq Scan",
                                    "Parent Relationship": "Outer",
                                    "Parallel Aware": false,
                                    "Relation Name": "movie_companies",
                                    "Alias": "mc",
                                    "Startup Cost": 0.0,
                                    "Total Cost": 51404.11,
                                    "Plan Rows": 2581606,
                                    "Plan Width": 12,
                                    "Actual Startup Time": 0.031,
                                    "Actual Total Time": 606.505,
                                    "Actual Rows": 2583037,
                                    "Actual Loops": 1,
                                    "Filter": "(company_id < 211061)",
                                    "Rows Removed by Filter": 26092
                                  }
                                ]
                              }
                            ]
                          }
                        ]
                      }
                    ]
                  }
                ]
              }
            ]
          }
        ]
      }
    ]
  },
  "Planning Time": 6.006,
  "Triggers": [],
  "Execution Time": 6115.264
}