{
  "Plan": {
    "Node Type": "Hash Join",
    "Parallel Aware": false,
    "Join Type": "Inner",
    "Startup Cost": 101174.13,
    "Total Cost": 190968.25,
    "Plan Rows": 2581606,
    "Plan Width": 4,
    "Actual Startup Time": 1153.575,
    "Actual Total Time": 4836.702,
    "Actual Rows": 2583037,
    "Actual Loops": 1,
    "Inner Unique": true,
    "Hash Cond": "(t.kind_id = kt.id)",
    "Plans": [
      {
        "Node Type": "Hash Join",
        "Parent Relationship": "Outer",
        "Parallel Aware": false,
        "Join Type": "Inner",
        "Startup Cost": 101172.98,
        "Total Cost": 180087.47,
        "Plan Rows": 2581606,
        "Plan Width": 8,
        "Actual Startup Time": 1153.545,
        "Actual Total Time": 4369.871,
        "Actual Rows": 2583037,
        "Actual Loops": 1,
        "Inner Unique": true,
        "Hash Cond": "(mc.movie_id = t.id)",
        "Plans": [
          {
            "Node Type": "Hash Join",
            "Parent Relationship": "Outer",
            "Parallel Aware": false,
            "Join Type": "Inner",
            "Startup Cost": 8283.52,
            "Total Cost": 80421.29,
            "Plan Rows": 2581606,
            "Plan Width": 8,
            "Actual Startup Time": 59.478,
            "Actual Total Time": 1951.409,
            "Actual Rows": 2583037,
            "Actual Loops": 1,
            "Inner Unique": true,
            "Hash Cond": "(mc.company_type_id = ct.id)",
            "Plans": [
              {
                "Node Type": "Hash Join",
                "Parent Relationship": "Outer",
                "Parallel Aware": false,
                "Join Type": "Inner",
                "Startup Cost": 8282.43,
                "Total Cost": 66463.38,
                "Plan Rows": 2581606,
                "Plan Width": 12,
                "Actual Startup Time": 59.467,
                "Actual Total Time": 1511.584,
                "Actual Rows": 2583037,
                "Actual Loops": 1,
                "Inner Unique": true,
                "Hash Cond": "(mc.company_id = cn.id)",
                "Plans": [
                  {
                    "Node Type": "Seq Scan",
                    "Parent Relationship": "Outer",
                    "Parallel Aware": false,
                    "Relation Name": "movie_companies",
                    "Alias": "mc",
                    "Startup Cost": 0.0,
                    "Total Cost": 51404.11,
                    "Plan Rows": 2581606,
                    "Plan Width": 12,
                    "Actual Startup Time": 0.01,
                    "Actual Total Time": 481.188,
                    "Actual Rows": 2583037,
                    "Actual Loops": 1,
                    "Filter": "(company_id < 211061)",
                    "Rows Removed by Filter": 26092
                  },
                  {
                    "Node Type": "Hash",
                    "Parent Relationship": "Inner",
                    "Parallel Aware": false,
                    "Startup Cost": 5344.97,
                    "Total Cost": 5344.97,
                    "Plan Rows": 234997,
                    "Plan Width": 4,
                    "Actual Startup Time": 58.773,
                    "Actual Total Time": 58.774,
                    "Actual Rows": 234997,
                    "Actual Loops": 1,
                    "Hash Buckets": 262144,
                    "Original Hash Buckets": 262144,
                    "Hash Batches": 1,
                    "Original Hash Batches": 1,
                    "Peak Memory Usage": 10310,
                    "Plans": [
                      {
                        "Node Type": "Seq Scan",
                        "Parent Relationship": "Outer",
                        "Parallel Aware": false,
                        "Relation Name": "company_name",
                        "Alias": "cn",
                        "Startup Cost": 0.0,
                        "Total Cost": 5344.97,
                        "Plan Rows": 234997,
                        "Plan Width": 4,
                        "Actual Startup Time": 0.014,
                        "Actual Total Time": 30.697,
                        "Actual Rows": 234997,
                        "Actual Loops": 1
                      }
                    ]
                  }
                ]
              },
              {
                "Node Type": "Hash",
                "Parent Relationship": "Inner",
                "Parallel Aware": false,
                "Startup Cost": 1.04,
                "Total Cost": 1.04,
                "Plan Rows": 4,
                "Plan Width": 4,
                "Actual Startup Time": 0.005,
                "Actual Total Time": 0.006,
                "Actual Rows": 4,
                "Actual Loops": 1,
                "Hash Buckets": 1024,
                "Original Hash Buckets": 1024,
                "Hash Batches": 1,
                "Original Hash Batches": 1,
                "Peak Memory Usage": 9,
                "Plans": [
                  {
                    "Node Type": "Seq Scan",
                    "Parent Relationship": "Outer",
                    "Parallel Aware": false,
                    "Relation Name": "company_type",
                    "Alias": "ct",
                    "Startup Cost": 0.0,
                    "Total Cost": 1.04,
                    "Plan Rows": 4,
                    "Plan Width": 4,
                    "Actual Startup Time": 0.003,
                    "Actual Total Time": 0.004,
                    "Actual Rows": 4,
                    "Actual Loops": 1
                  }
                ]
              }
            ]
          },
          {
            "Node Type": "Hash",
            "Parent Relationship": "Inner",
            "Parallel Aware": false,
            "Startup Cost": 61283.09,
            "Total Cost": 61283.09,
            "Plan Rows": 2528509,
            "Plan Width": 8,
            "Actual Startup Time": 1078.541,
            "Actual Total Time": 1078.542,
            "Actual Rows": 2528312,
            "Actual Loops": 1,
            "Hash Buckets": 4194304,
            "Original Hash Buckets": 4194304,
            "Hash Batches": 1,
            "Original Hash Batches": 1,
            "Peak Memory Usage": 131531,
            "Plans": [
              {
                "Node Type": "Seq Scan",
                "Parent Relationship": "Outer",
                "Parallel Aware": false,
                "Relation Name": "title",
                "Alias": "t",
                "Startup Cost": 0.0,
                "Total Cost": 61283.09,
                "Plan Rows": 2528509,
                "Plan Width": 8,
                "Actual Startup Time": 0.015,
                "Actual Total Time": 342.583,
                "Actual Rows": 2528312,
                "Actual Loops": 1
              }
            ]
          }
        ]
      },
      {
        "Node Type": "Hash",
        "Parent Relationship": "Inner",
        "Parallel Aware": false,
        "Startup Cost": 1.07,
        "Total Cost": 1.07,
        "Plan Rows": 7,
        "Plan Width": 4,
        "Actual Startup Time": 0.01,
        "Actual Total Time": 0.011,
        "Actual Rows": 7,
        "Actual Loops": 1,
        "Hash Buckets": 1024,
        "Original Hash Buckets": 1024,
        "Hash Batches": 1,
        "Original Hash Batches": 1,
        "Peak Memory Usage": 9,
        "Plans": [
          {
            "Node Type": "Seq Scan",
            "Parent Relationship": "Outer",
            "Parallel Aware": false,
            "Relation Name": "kind_type",
            "Alias": "kt",
            "Startup Cost": 0.0,
            "Total Cost": 1.07,
            "Plan Rows": 7,
            "Plan Width": 4,
            "Actual Startup Time": 0.006,
            "Actual Total Time": 0.008,
            "Actual Rows": 7,
            "Actual Loops": 1
          }
        ]
      }
    ]
  },
  "Planning Time": 0.479,
  "Triggers": [],
  "Execution Time": 4951.939
}