[
  {
    "Plan": {
      "Node Type": "Aggregate",
      "Strategy": "Plain",
      "Partial Mode": "Finalize",
      "Parallel Aware": false,
      "Startup Cost": 46855.5,
      "Total Cost": 46855.51,
      "Plan Rows": 1,
      "Plan Width": 8,
      "Actual Startup Time": 178.57,
      "Actual Total Time": 189.043,
      "Actual Rows": 1,
      "Actual Loops": 1,
      "Plans": [
        {
          "Node Type": "Gather",
          "Parent Relationship": "Outer",
          "Parallel Aware": false,
          "Startup Cost": 46855.18,
          "Total Cost": 46855.49,
          "Plan Rows": 3,
          "Plan Width": 8,
          "Actual Startup Time": 178.424,
          "Actual Total Time": 189.033,
          "Actual Rows": 4,
          "Actual Loops": 1,
          "Workers Planned": 3,
          "Workers Launched": 3,
          "Single Copy": false,
          "Plans": [
            {
              "Node Type": "Aggregate",
              "Strategy": "Plain",
              "Partial Mode": "Partial",
              "Parent Relationship": "Outer",
              "Parallel Aware": false,
              "Startup Cost": 45855.18,
              "Total Cost": 45855.19,
              "Plan Rows": 1,
              "Plan Width": 8,
              "Actual Startup Time": 172.708,
              "Actual Total Time": 172.709,
              "Actual Rows": 1,
              "Actual Loops": 4,
              "Plans": [
                {
                  "Node Type": "Seq Scan",
                  "Parent Relationship": "Outer",
                  "Parallel Aware": true,
                  "Relation Name": "movie_keyword",
                  "Alias": "mk",
                  "Startup Cost": 0.0,
                  "Total Cost": 42695.65,
                  "Plan Rows": 1263812,
                  "Plan Width": 0,
                  "Actual Startup Time": 0.044,
                  "Actual Total Time": 125.84,
                  "Actual Rows": 978275,
                  "Actual Loops": 4,
                  "Filter": "(keyword_id < 30245)",
                  "Rows Removed by Filter": 152708
                }
              ]
            }
          ]
        }
      ]
    },
    "Planning Time": 0.214,
    "Triggers": [],
    "Execution Time": 189.096
  }
]