[
  {
    "Plan": {
      "Node Type": "Aggregate",
      "Strategy": "Plain",
      "Partial Mode": "Finalize",
      "Parallel Aware": false,
      "Startup Cost": 353772.49,
      "Total Cost": 353772.5,
      "Plan Rows": 1,
      "Plan Width": 8,
      "Actual Startup Time": 780.614,
      "Actual Total Time": 800.68,
      "Actual Rows": 1,
      "Actual Loops": 1,
      "Plans": [
        {
          "Node Type": "Gather",
          "Parent Relationship": "Outer",
          "Parallel Aware": false,
          "Startup Cost": 353772.17,
          "Total Cost": 353772.48,
          "Plan Rows": 3,
          "Plan Width": 8,
          "Actual Startup Time": 767.657,
          "Actual Total Time": 800.668,
          "Actual Rows": 4,
          "Actual Loops": 1,
          "Workers Planned": 3,
          "Workers Launched": 3,
          "Single Copy": false,
          "Plans": [
            {
              "Node Type": "Aggregate",
              "Strategy": "Plain",
              "Partial Mode": "Partial",
              "Parent Relationship": "Outer",
              "Parallel Aware": false,
              "Startup Cost": 352772.17,
              "Total Cost": 352772.18,
              "Plan Rows": 1,
              "Plan Width": 8,
              "Actual Startup Time": 758.422,
              "Actual Total Time": 758.735,
              "Actual Rows": 1,
              "Actual Loops": 4,
              "Plans": [
                {
                  "Node Type": "Hash Join",
                  "Parent Relationship": "Outer",
                  "Parallel Aware": true,
                  "Join Type": "Inner",
                  "Startup Cost": 321656.41,
                  "Total Cost": 352320.37,
                  "Plan Rows": 180721,
                  "Plan Width": 0,
                  "Actual Startup Time": 543.076,
                  "Actual Total Time": 746.202,
                  "Actual Rows": 245591,
                  "Actual Loops": 4,
                  "Inner Unique": false,
                  "Hash Cond": "(mc.movie_id = t.id)",
                  "Plans": [
                    {
                      "Node Type": "Seq Scan",
                      "Parent Relationship": "Outer",
                      "Parallel Aware": true,
                      "Relation Name": "movie_companies",
                      "Alias": "mc",
                      "Startup Cost": 0.0,
                      "Total Cost": 27206.55,
                      "Plan Rows": 841655,
                      "Plan Width": 4,
                      "Actual Startup Time": 0.021,
                      "Actual Total Time": 66.434,
                      "Actual Rows": 652282,
                      "Actual Loops": 4
                    },
                    {
                      "Node Type": "Hash",
                      "Parent Relationship": "Inner",
                      "Parallel Aware": true,
                      "Startup Cost": 320525.41,
                      "Total Cost": 320525.41,
                      "Plan Rows": 90480,
                      "Plan Width": 8,
                      "Actual Startup Time": 538.521,
                      "Actual Total Time": 538.832,
                      "Actual Rows": 130350,
                      "Actual Loops": 4,
                      "Hash Buckets": 1048576,
                      "Original Hash Buckets": 1048576,
                      "Hash Batches": 1,
                      "Original Hash Batches": 1,
                      "Peak Memory Usage": 28640,
                      "Plans": [
                        {
                          "Node Type": "Hash Join",
                          "Parent Relationship": "Outer",
                          "Parallel Aware": true,
                          "Join Type": "Inner",
                          "Startup Cost": 65983.24,
                          "Total Cost": 320525.41,
                          "Plan Rows": 90480,
                          "Plan Width": 8,
                          "Actual Startup Time": 352.864,
                          "Actual Total Time": 483.956,
                          "Actual Rows": 130350,
                          "Actual Loops": 4,
                          "Inner Unique": true,
                          "Hash Cond": "(ci.movie_id = t.id)",
                          "Plans": [
                            {
                              "Node Type": "Bitmap Heap Scan",
                              "Parent Relationship": "Outer",
                              "Parallel Aware": true,
                              "Relation Name": "cast_info",
                              "Alias": "ci",
                              "Startup Cost": 16256.08,
                              "Total Cost": 270476.29,
                              "Plan Rows": 122656,
                              "Plan Width": 4,
                              "Actual Startup Time": 42.102,
                              "Actual Total Time": 75.843,
                              "Actual Rows": 174310,
                              "Actual Loops": 4,
                              "Recheck Cond": "(person_id > 3927051)",
                              "Rows Removed by Index Recheck": 0,
                              "Exact Heap Blocks": 2269,
                              "Lossy Heap Blocks": 0,
                              "Plans": [
                                {
                                  "Node Type": "Bitmap Index Scan",
                                  "Parent Relationship": "Outer",
                                  "Parallel Aware": false,
                                  "Index Name": "person_id_cast_info",
                                  "Startup Cost": 0.0,
                                  "Total Cost": 16072.1,
                                  "Plan Rows": 735938,
                                  "Plan Width": 0,
                                  "Actual Startup Time": 39.776,
                                  "Actual Total Time": 39.777,
                                  "Actual Rows": 697241,
                                  "Actual Loops": 1,
                                  "Index Cond": "(person_id > 3927051)"
                                }
                              ]
                            },
                            {
                              "Node Type": "Hash",
                              "Parent Relationship": "Inner",
                              "Parallel Aware": true,
                              "Startup Cost": 43898.92,
                              "Total Cost": 43898.92,
                              "Plan Rows": 466259,
                              "Plan Width": 4,
                              "Actual Startup Time": 305.764,
                              "Actual Total Time": 305.765,
                              "Actual Rows": 466372,
                              "Actual Loops": 4,
                              "Hash Buckets": 2097152,
                              "Original Hash Buckets": 2097152,
                              "Hash Batches": 1,
                              "Original Hash Batches": 1,
                              "Peak Memory Usage": 89440,
                              "Plans": [
                                {
                                  "Node Type": "Seq Scan",
                                  "Parent Relationship": "Outer",
                                  "Parallel Aware": true,
                                  "Relation Name": "title",
                                  "Alias": "t",
                                  "Startup Cost": 0.0,
                                  "Total Cost": 43898.92,
                                  "Plan Rows": 466259,
                                  "Plan Width": 4,
                                  "Actual Startup Time": 0.043,
                                  "Actual Total Time": 120.704,
                                  "Actual Rows": 466372,
                                  "Actual Loops": 4,
                                  "Filter": "(kind_id > 1)",
                                  "Rows Removed by Filter": 165706
                                }
                              ]
                            }
                          ]
                        }
                      ]
                    }
                  ]
                }
              ]
            }
          ]
        }
      ]
    },
    "Planning Time": 1.428,
    "Triggers": [],
    "Execution Time": 800.788
  }
]