[
  {
    "Plan": {
      "Node Type": "Aggregate",
      "Strategy": "Plain",
      "Partial Mode": "Finalize",
      "Parallel Aware": false,
      "Startup Cost": 374114.93,
      "Total Cost": 374114.94,
      "Plan Rows": 1,
      "Plan Width": 8,
      "Actual Startup Time": 568.472,
      "Actual Total Time": 650.168,
      "Actual Rows": 1,
      "Actual Loops": 1,
      "Plans": [
        {
          "Node Type": "Gather",
          "Parent Relationship": "Outer",
          "Parallel Aware": false,
          "Startup Cost": 374114.51,
          "Total Cost": 374114.92,
          "Plan Rows": 4,
          "Plan Width": 8,
          "Actual Startup Time": 567.992,
          "Actual Total Time": 650.158,
          "Actual Rows": 5,
          "Actual Loops": 1,
          "Workers Planned": 4,
          "Workers Launched": 4,
          "Single Copy": false,
          "Plans": [
            {
              "Node Type": "Aggregate",
              "Strategy": "Plain",
              "Partial Mode": "Partial",
              "Parent Relationship": "Outer",
              "Parallel Aware": false,
              "Startup Cost": 373114.51,
              "Total Cost": 373114.52,
              "Plan Rows": 1,
              "Plan Width": 8,
              "Actual Startup Time": 562.231,
              "Actual Total Time": 562.233,
              "Actual Rows": 1,
              "Actual Loops": 5,
              "Plans": [
                {
                  "Node Type": "Nested Loop",
                  "Parent Relationship": "Outer",
                  "Parallel Aware": false,
                  "Join Type": "Inner",
                  "Startup Cost": 0.56,
                  "Total Cost": 372819.15,
                  "Plan Rows": 118141,
                  "Plan Width": 0,
                  "Actual Startup Time": 0.278,
                  "Actual Total Time": 554.507,
                  "Actual Rows": 99750,
                  "Actual Loops": 5,
                  "Inner Unique": false,
                  "Plans": [
                    {
                      "Node Type": "Seq Scan",
                      "Parent Relationship": "Outer",
                      "Parallel Aware": true,
                      "Relation Name": "title",
                      "Alias": "t",
                      "Startup Cost": 0.0,
                      "Total Cost": 43899.32,
                      "Plan Rows": 16435,
                      "Plan Width": 4,
                      "Actual Startup Time": 0.034,
                      "Actual Total Time": 70.291,
                      "Actual Rows": 12765,
                      "Actual Loops": 5,
                      "Filter": "(production_year = 2013)",
                      "Rows Removed by Filter": 492897
                    },
                    {
                      "Node Type": "Index Scan",
                      "Parent Relationship": "Inner",
                      "Parallel Aware": false,
                      "Scan Direction": "Forward",
                      "Index Name": "movie_id_cast_info",
                      "Relation Name": "cast_info",
                      "Alias": "ci",
                      "Startup Cost": 0.56,
                      "Total Cost": 19.83,
                      "Plan Rows": 18,
                      "Plan Width": 4,
                      "Actual Startup Time": 0.019,
                      "Actual Total Time": 0.037,
                      "Actual Rows": 8,
                      "Actual Loops": 63827,
                      "Index Cond": "(movie_id = t.id)",
                      "Rows Removed by Index Recheck": 0,
                      "Filter": "(person_id > 1813812)",
                      "Rows Removed by Filter": 7
                    }
                  ]
                }
              ]
            }
          ]
        }
      ]
    },
    "Planning Time": 0.26,
    "Triggers": [],
    "Execution Time": 650.225
  }
]