[
  {
    "Plan": {
      "Node Type": "Aggregate",
      "Strategy": "Plain",
      "Partial Mode": "Finalize",
      "Parallel Aware": false,
      "Startup Cost": 108039.78,
      "Total Cost": 108039.79,
      "Plan Rows": 1,
      "Plan Width": 8,
      "Actual Startup Time": 643.176,
      "Actual Total Time": 664.109,
      "Actual Rows": 1,
      "Actual Loops": 1,
      "Plans": [
        {
          "Node Type": "Gather",
          "Parent Relationship": "Outer",
          "Parallel Aware": false,
          "Startup Cost": 108039.56,
          "Total Cost": 108039.77,
          "Plan Rows": 2,
          "Plan Width": 8,
          "Actual Startup Time": 636.617,
          "Actual Total Time": 664.1,
          "Actual Rows": 3,
          "Actual Loops": 1,
          "Workers Planned": 2,
          "Workers Launched": 2,
          "Single Copy": false,
          "Plans": [
            {
              "Node Type": "Aggregate",
              "Strategy": "Plain",
              "Partial Mode": "Partial",
              "Parent Relationship": "Outer",
              "Parallel Aware": false,
              "Startup Cost": 107039.56,
              "Total Cost": 107039.57,
              "Plan Rows": 1,
              "Plan Width": 8,
              "Actual Startup Time": 629.938,
              "Actual Total Time": 630.115,
              "Actual Rows": 1,
              "Actual Loops": 3,
              "Plans": [
                {
                  "Node Type": "Hash Join",
                  "Parent Relationship": "Outer",
                  "Parallel Aware": true,
                  "Join Type": "Inner",
                  "Startup Cost": 90981.52,
                  "Total Cost": 106944.99,
                  "Plan Rows": 37828,
                  "Plan Width": 0,
                  "Actual Startup Time": 480.198,
                  "Actual Total Time": 608.832,
                  "Actual Rows": 447051,
                  "Actual Loops": 3,
                  "Inner Unique": false,
                  "Hash Cond": "(mi_idx.movie_id = t.id)",
                  "Plans": [
                    {
                      "Node Type": "Seq Scan",
                      "Parent Relationship": "Outer",
                      "Parallel Aware": true,
                      "Relation Name": "movie_info_idx",
                      "Alias": "mi_idx",
                      "Startup Cost": 0.0,
                      "Total Cost": 13685.15,
                      "Plan Rows": 575015,
                      "Plan Width": 4,
                      "Actual Startup Time": 0.011,
                      "Actual Total Time": 42.253,
                      "Actual Rows": 460012,
                      "Actual Loops": 3
                    },
                    {
                      "Node Type": "Hash",
                      "Parent Relationship": "Inner",
                      "Parallel Aware": true,
                      "Startup Cost": 90310.82,
                      "Total Cost": 90310.82,
                      "Plan Rows": 53656,
                      "Plan Width": 8,
                      "Actual Startup Time": 475.071,
                      "Actual Total Time": 475.246,
                      "Actual Rows": 176467,
                      "Actual Loops": 3,
                      "Hash Buckets": 1048576,
                      "Original Hash Buckets": 262144,
                      "Hash Batches": 1,
                      "Original Hash Batches": 1,
                      "Peak Memory Usage": 35104,
                      "Plans": [
                        {
                          "Node Type": "Hash Join",
                          "Parent Relationship": "Outer",
                          "Parallel Aware": true,
                          "Join Type": "Inner",
                          "Startup Cost": 46382.14,
                          "Total Cost": 90310.82,
                          "Plan Rows": 53656,
                          "Plan Width": 8,
                          "Actual Startup Time": 189.741,
                          "Actual Total Time": 411.815,
                          "Actual Rows": 176467,
                          "Actual Loops": 3,
                          "Inner Unique": true,
                          "Hash Cond": "(mk.movie_id = t.id)",
                          "Plans": [
                            {
                              "Node Type": "Seq Scan",
                              "Parent Relationship": "Outer",
                              "Parallel Aware": true,
                              "Relation Name": "movie_keyword",
                              "Alias": "mk",
                              "Startup Cost": 0.0,
                              "Total Cost": 42695.65,
                              "Plan Rows": 469726,
                              "Plan Width": 4,
                              "Actual Startup Time": 0.946,
                              "Actual Total Time": 141.192,
                              "Actual Rows": 483746,
                              "Actual Loops": 3,
                              "Filter": "(keyword_id > 11515)",
                              "Rows Removed by Filter": 1024230
                            },
                            {
                              "Node Type": "Hash",
                              "Parent Relationship": "Inner",
                              "Parallel Aware": true,
                              "Startup Cost": 45479.59,
                              "Total Cost": 45479.59,
                              "Plan Rows": 72204,
                              "Plan Width": 4,
                              "Actual Startup Time": 186.095,
                              "Actual Total Time": 186.097,
                              "Actual Rows": 137230,
                              "Actual Loops": 3,
                              "Hash Buckets": 524288,
                              "Original Hash Buckets": 524288,
                              "Hash Batches": 1,
                              "Original Hash Batches": 1,
                              "Peak Memory Usage": 20256,
                              "Plans": [
                                {
                                  "Node Type": "Seq Scan",
                                  "Parent Relationship": "Outer",
                                  "Parallel Aware": true,
                                  "Relation Name": "title",
                                  "Alias": "t",
                                  "Startup Cost": 0.0,
                                  "Total Cost": 45479.59,
                                  "Plan Rows": 72204,
                                  "Plan Width": 4,
                                  "Actual Startup Time": 0.059,
                                  "Actual Total Time": 135.186,
                                  "Actual Rows": 137230,
                                  "Actual Loops": 3,
                                  "Filter": "((kind_id < 7) AND (production_year < 1993))",
                                  "Rows Removed by Filter": 705541
                                }
                              ]
                            }
                          ]
                        }
                      ]
                    }
                  ]
                }
              ]
            }
          ]
        }
      ]
    },
    "Planning Time": 1.437,
    "Triggers": [],
    "Execution Time": 664.186
  }
]