[
  {
    "Plan": {
      "Node Type": "Aggregate",
      "Strategy": "Plain",
      "Partial Mode": "Finalize",
      "Parallel Aware": false,
      "Startup Cost": 108059.05,
      "Total Cost": 108059.06,
      "Plan Rows": 1,
      "Plan Width": 8,
      "Actual Startup Time": 691.353,
      "Actual Total Time": 711.09,
      "Actual Rows": 1,
      "Actual Loops": 1,
      "Plans": [
        {
          "Node Type": "Gather",
          "Parent Relationship": "Outer",
          "Parallel Aware": false,
          "Startup Cost": 108058.83,
          "Total Cost": 108059.04,
          "Plan Rows": 2,
          "Plan Width": 8,
          "Actual Startup Time": 685.46,
          "Actual Total Time": 711.078,
          "Actual Rows": 3,
          "Actual Loops": 1,
          "Workers Planned": 2,
          "Workers Launched": 2,
          "Single Copy": false,
          "Plans": [
            {
              "Node Type": "Aggregate",
              "Strategy": "Plain",
              "Partial Mode": "Partial",
              "Parent Relationship": "Outer",
              "Parallel Aware": false,
              "Startup Cost": 107058.83,
              "Total Cost": 107058.84,
              "Plan Rows": 1,
              "Plan Width": 8,
              "Actual Startup Time": 677.279,
              "Actual Total Time": 677.488,
              "Actual Rows": 1,
              "Actual Loops": 3,
              "Plans": [
                {
                  "Node Type": "Hash Join",
                  "Parent Relationship": "Outer",
                  "Parallel Aware": true,
                  "Join Type": "Inner",
                  "Startup Cost": 90998.05,
                  "Total Cost": 106963.07,
                  "Plan Rows": 38306,
                  "Plan Width": 0,
                  "Actual Startup Time": 510.054,
                  "Actual Total Time": 653.262,
                  "Actual Rows": 447051,
                  "Actual Loops": 3,
                  "Inner Unique": false,
                  "Hash Cond": "(mi_idx.movie_id = t.id)",
                  "Plans": [
                    {
                      "Node Type": "Seq Scan",
                      "Parent Relationship": "Outer",
                      "Parallel Aware": true,
                      "Relation Name": "movie_info_idx",
                      "Alias": "mi_idx",
                      "Startup Cost": 0.0,
                      "Total Cost": 13685.15,
                      "Plan Rows": 575015,
                      "Plan Width": 4,
                      "Actual Startup Time": 0.035,
                      "Actual Total Time": 44.035,
                      "Actual Rows": 460012,
                      "Actual Loops": 3
                    },
                    {
                      "Node Type": "Hash",
                      "Parent Relationship": "Inner",
                      "Parallel Aware": true,
                      "Startup Cost": 90318.9,
                      "Total Cost": 90318.9,
                      "Plan Rows": 54332,
                      "Plan Width": 8,
                      "Actual Startup Time": 504.858,
                      "Actual Total Time": 505.066,
                      "Actual Rows": 176467,
                      "Actual Loops": 3,
                      "Hash Buckets": 1048576,
                      "Original Hash Buckets": 262144,
                      "Hash Batches": 1,
                      "Original Hash Batches": 1,
                      "Peak Memory Usage": 35104,
                      "Plans": [
                        {
                          "Node Type": "Hash Join",
                          "Parent Relationship": "Outer",
                          "Parallel Aware": true,
                          "Join Type": "Inner",
                          "Startup Cost": 46401.17,
                          "Total Cost": 90318.9,
                          "Plan Rows": 54332,
                          "Plan Width": 8,
                          "Actual Startup Time": 194.31,
                          "Actual Total Time": 435.968,
                          "Actual Rows": 176467,
                          "Actual Loops": 3,
                          "Inner Unique": true,
                          "Hash Cond": "(mk.movie_id = t.id)",
                          "Plans": [
                            {
                              "Node Type": "Seq Scan",
                              "Parent Relationship": "Outer",
                              "Parallel Aware": true,
                              "Relation Name": "movie_keyword",
                              "Alias": "mk",
                              "Startup Cost": 0.0,
                              "Total Cost": 42695.65,
                              "Plan Rows": 465550,
                              "Plan Width": 4,
                              "Actual Startup Time": 1.177,
                              "Actual Total Time": 156.474,
                              "Actual Rows": 483746,
                              "Actual Loops": 3,
                              "Filter": "(keyword_id > 11515)",
                              "Rows Removed by Filter": 1024230
                            },
                            {
                              "Node Type": "Hash",
                              "Parent Relationship": "Inner",
                              "Parallel Aware": true,
                              "Startup Cost": 45479.1,
                              "Total Cost": 45479.1,
                              "Plan Rows": 73766,
                              "Plan Width": 4,
                              "Actual Startup Time": 189.828,
                              "Actual Total Time": 189.83,
                              "Actual Rows": 137230,
                              "Actual Loops": 3,
                              "Hash Buckets": 524288,
                              "Original Hash Buckets": 524288,
                              "Hash Batches": 1,
                              "Original Hash Batches": 1,
                              "Peak Memory Usage": 20256,
                              "Plans": [
                                {
                                  "Node Type": "Seq Scan",
                                  "Parent Relationship": "Outer",
                                  "Parallel Aware": true,
                                  "Relation Name": "title",
                                  "Alias": "t",
                                  "Startup Cost": 0.0,
                                  "Total Cost": 45479.1,
                                  "Plan Rows": 73766,
                                  "Plan Width": 4,
                                  "Actual Startup Time": 0.05,
                                  "Actual Total Time": 139.584,
                                  "Actual Rows": 137230,
                                  "Actual Loops": 3,
                                  "Filter": "((kind_id < 7) AND (production_year < 1993))",
                                  "Rows Removed by Filter": 705541
                                }
                              ]
                            }
                          ]
                        }
                      ]
                    }
                  ]
                }
              ]
            }
          ]
        }
      ]
    },
    "Planning Time": 1.395,
    "Triggers": [],
    "Execution Time": 711.178
  }
]