[
  {
    "Plan": {
      "Node Type": "Aggregate",
      "Strategy": "Plain",
      "Partial Mode": "Finalize",
      "Parallel Aware": false,
      "Startup Cost": 337014.1,
      "Total Cost": 337014.11,
      "Plan Rows": 1,
      "Plan Width": 8,
      "Actual Startup Time": 869.161,
      "Actual Total Time": 931.779,
      "Actual Rows": 1,
      "Actual Loops": 1,
      "Plans": [
        {
          "Node Type": "Gather",
          "Parent Relationship": "Outer",
          "Parallel Aware": false,
          "Startup Cost": 337013.48,
          "Total Cost": 337014.09,
          "Plan Rows": 6,
          "Plan Width": 8,
          "Actual Startup Time": 868.879,
          "Actual Total Time": 931.762,
          "Actual Rows": 7,
          "Actual Loops": 1,
          "Workers Planned": 6,
          "Workers Launched": 6,
          "Single Copy": false,
          "Plans": [
            {
              "Node Type": "Aggregate",
              "Strategy": "Plain",
              "Partial Mode": "Partial",
              "Parent Relationship": "Outer",
              "Parallel Aware": false,
              "Startup Cost": 336013.48,
              "Total Cost": 336013.49,
              "Plan Rows": 1,
              "Plan Width": 8,
              "Actual Startup Time": 860.536,
              "Actual Total Time": 860.538,
              "Actual Rows": 1,
              "Actual Loops": 7,
              "Plans": [
                {
                  "Node Type": "Seq Scan",
                  "Parent Relationship": "Outer",
                  "Parallel Aware": true,
                  "Relation Name": "cast_info",
                  "Alias": "ci",
                  "Startup Cost": 0.0,
                  "Total Cost": 328211.39,
                  "Plan Rows": 3120834,
                  "Plan Width": 0,
                  "Actual Startup Time": 231.459,
                  "Actual Total Time": 729.049,
                  "Actual Rows": 2656176,
                  "Actual Loops": 7,
                  "Filter": "(person_id > 1747655)",
                  "Rows Removed by Filter": 2521588
                }
              ]
            }
          ]
        }
      ]
    },
    "Planning Time": 0.107,
    "Triggers": [],
    "Execution Time": 931.836
  }
]