{
  "Plan": {
    "Node Type": "Aggregate",
    "Strategy": "Plain",
    "Partial Mode": "Finalize",
    "Parallel Aware": false,
    "Startup Cost": 999113.49,
    "Total Cost": 999113.5,
    "Plan Rows": 1,
    "Plan Width": 8,
    "Actual Startup Time": 5381.665,
    "Actual Total Time": 5485.182,
    "Actual Rows": 1,
    "Actual Loops": 1,
    "Plans": [
      {
        "Node Type": "Gather",
        "Parent Relationship": "Outer",
        "Parallel Aware": false,
        "Startup Cost": 999113.37,
        "Total Cost": 999113.48,
        "Plan Rows": 1,
        "Plan Width": 8,
        "Actual Startup Time": 5380.525,
        "Actual Total Time": 5485.172,
        "Actual Rows": 2,
        "Actual Loops": 1,
        "Workers Planned": 1,
        "Workers Launched": 1,
        "Single Copy": false,
        "Plans": [
          {
            "Node Type": "Aggregate",
            "Strategy": "Plain",
            "Partial Mode": "Partial",
            "Parent Relationship": "Outer",
            "Parallel Aware": false,
            "Startup Cost": 998113.37,
            "Total Cost": 998113.38,
            "Plan Rows": 1,
            "Plan Width": 8,
            "Actual Startup Time": 5374.253,
            "Actual Total Time": 5374.259,
            "Actual Rows": 1,
            "Actual Loops": 2,
            "Plans": [
              {
                "Node Type": "Hash Join",
                "Parent Relationship": "Outer",
                "Parallel Aware": true,
                "Join Type": "Inner",
                "Startup Cost": 629461.58,
                "Total Cost": 994834.87,
                "Plan Rows": 1311403,
                "Plan Width": 0,
                "Actual Startup Time": 3198.097,
                "Actual Total Time": 5165.276,
                "Actual Rows": 5284654,
                "Actual Loops": 2,
                "Inner Unique": false,
                "Hash Cond": "(mi.movie_id = t.id)",
                "Plans": [
                  {
                    "Node Type": "Seq Scan",
                    "Parent Relationship": "Outer",
                    "Parallel Aware": true,
                    "Relation Name": "movie_info",
                    "Alias": "mi",
                    "Startup Cost": 0.0,
                    "Total Cost": 248955.74,
                    "Plan Rows": 8696274,
                    "Plan Width": 4,
                    "Actual Startup Time": 0.012,
                    "Actual Total Time": 617.454,
                    "Actual Rows": 7417860,
                    "Actual Loops": 2
                  },
                  {
                    "Node Type": "Hash",
                    "Parent Relationship": "Inner",
                    "Parallel Aware": true,
                    "Startup Cost": 626658.14,
                    "Total Cost": 626658.14,
                    "Plan Rows": 224275,
                    "Plan Width": 8,
                    "Actual Startup Time": 3190.837,
                    "Actual Total Time": 3190.841,
                    "Actual Rows": 152266,
                    "Actual Loops": 2,
                    "Hash Buckets": 524288,
                    "Original Hash Buckets": 524288,
                    "Hash Batches": 1,
                    "Original Hash Batches": 1,
                    "Peak Memory Usage": 16064,
                    "Plans": [
                      {
                        "Node Type": "Hash Join",
                        "Parent Relationship": "Outer",
                        "Parallel Aware": true,
                        "Join Type": "Inner",
                        "Startup Cost": 56310.04,
                        "Total Cost": 626658.14,
                        "Plan Rows": 224275,
                        "Plan Width": 8,
                        "Actual Startup Time": 136.188,
                        "Actual Total Time": 3138.484,
                        "Actual Rows": 152266,
                        "Actual Loops": 2,
                        "Inner Unique": true,
                        "Hash Cond": "(ci.movie_id = t.id)",
                        "Plans": [
                          {
                            "Node Type": "Seq Scan",
                            "Parent Relationship": "Outer",
                            "Parallel Aware": true,
                            "Relation Name": "cast_info",
                            "Alias": "ci",
                            "Startup Cost": 0.0,
                            "Total Cost": 519069.44,
                            "Plan Rows": 19534694,
                            "Plan Width": 4,
                            "Actual Startup Time": 0.018,
                            "Actual Total Time": 1624.501,
                            "Actual Rows": 16667834,
                            "Actual Loops": 2,
                            "Filter": "(person_id < 3516550)",
                            "Rows Removed by Filter": 1454338
                          },
                          {
                            "Node Type": "Hash",
                            "Parent Relationship": "Inner",
                            "Parallel Aware": true,
                            "Startup Cost": 56096.6,
                            "Total Cost": 56096.6,
                            "Plan Rows": 17075,
                            "Plan Width": 4,
                            "Actual Startup Time": 135.945,
                            "Actual Total Time": 135.947,
                            "Actual Rows": 9541,
                            "Actual Loops": 2,
                            "Hash Buckets": 32768,
                            "Original Hash Buckets": 32768,
                            "Hash Batches": 1,
                            "Original Hash Batches": 1,
                            "Peak Memory Usage": 1024,
                            "Plans": [
                              {
                                "Node Type": "Bitmap Heap Scan",
                                "Parent Relationship": "Outer",
                                "Parallel Aware": true,
                                "Relation Name": "title",
                                "Alias": "t",
                                "Startup Cost": 13446.21,
                                "Total Cost": 56096.6,
                                "Plan Rows": 17075,
                                "Plan Width": 4,
                                "Actual Startup Time": 47.023,
                                "Actual Total Time": 133.185,
                                "Actual Rows": 9541,
                                "Actual Loops": 2,
                                "Recheck Cond": "(kind_id < 3)",
                                "Rows Removed by Index Recheck": 0,
                                "Filter": "(production_year = 2005)",
                                "Rows Removed by Filter": 367298,
                                "Exact Heap Blocks": 27793,
                                "Lossy Heap Blocks": 0,
                                "Plans": [
                                  {
                                    "Node Type": "Bitmap Index Scan",
                                    "Parent Relationship": "Outer",
                                    "Parallel Aware": false,
                                    "Index Name": "kind_id_title",
                                    "Startup Cost": 0.0,
                                    "Total Cost": 13438.96,
                                    "Plan Rows": 753937,
                                    "Plan Width": 0,
                                    "Actual Startup Time": 41.191,
                                    "Actual Total Time": 41.191,
                                    "Actual Rows": 753677,
                                    "Actual Loops": 1,
                                    "Index Cond": "(kind_id < 3)"
                                  }
                                ]
                              }
                            ]
                          }
                        ]
                      }
                    ]
                  }
                ]
              }
            ]
          }
        ]
      }
    ]
  },
  "Planning Time": 1.036,
  "Triggers": [],
  "Execution Time": 5485.309
}