[
  {
    "Plan": {
      "Node Type": "Aggregate",
      "Strategy": "Plain",
      "Partial Mode": "Finalize",
      "Parallel Aware": false,
      "Startup Cost": 168508.04,
      "Total Cost": 168508.05,
      "Plan Rows": 1,
      "Plan Width": 8,
      "Actual Startup Time": 286.942,
      "Actual Total Time": 305.295,
      "Actual Rows": 1,
      "Actual Loops": 1,
      "Plans": [
        {
          "Node Type": "Gather",
          "Parent Relationship": "Outer",
          "Parallel Aware": false,
          "Startup Cost": 168507.52,
          "Total Cost": 168508.03,
          "Plan Rows": 5,
          "Plan Width": 8,
          "Actual Startup Time": 285.632,
          "Actual Total Time": 305.28,
          "Actual Rows": 6,
          "Actual Loops": 1,
          "Workers Planned": 5,
          "Workers Launched": 5,
          "Single Copy": false,
          "Plans": [
            {
              "Node Type": "Aggregate",
              "Strategy": "Plain",
              "Partial Mode": "Partial",
              "Parent Relationship": "Outer",
              "Parallel Aware": false,
              "Startup Cost": 167507.52,
              "Total Cost": 167507.53,
              "Plan Rows": 1,
              "Plan Width": 8,
              "Actual Startup Time": 274.986,
              "Actual Total Time": 274.99,
              "Actual Rows": 1,
              "Actual Loops": 6,
              "Plans": [
                {
                  "Node Type": "Hash Join",
                  "Parent Relationship": "Outer",
                  "Parallel Aware": true,
                  "Join Type": "Inner",
                  "Startup Cost": 46703.89,
                  "Total Cost": 167355.69,
                  "Plan Rows": 60734,
                  "Plan Width": 0,
                  "Actual Startup Time": 107.106,
                  "Actual Total Time": 273.96,
                  "Actual Rows": 17294,
                  "Actual Loops": 6,
                  "Inner Unique": true,
                  "Hash Cond": "(ci.movie_id = t.id)",
                  "Plans": [
                    {
                      "Node Type": "Index Scan",
                      "Parent Relationship": "Outer",
                      "Parallel Aware": true,
                      "Scan Direction": "Forward",
                      "Index Name": "role_id_cast_info",
                      "Relation Name": "cast_info",
                      "Alias": "ci",
                      "Startup Cost": 0.56,
                      "Total Cost": 119623.46,
                      "Plan Rows": 391965,
                      "Plan Width": 4,
                      "Actual Startup Time": 0.227,
                      "Actual Total Time": 137.005,
                      "Actual Rows": 104970,
                      "Actual Loops": 6,
                      "Index Cond": "(role_id = 10)",
                      "Rows Removed by Index Recheck": 0,
                      "Filter": "(person_id < 1603237)",
                      "Rows Removed by Filter": 615534
                    },
                    {
                      "Node Type": "Hash",
                      "Parent Relationship": "Inner",
                      "Parallel Aware": true,
                      "Startup Cost": 45479.1,
                      "Total Cost": 45479.1,
                      "Plan Rows": 97938,
                      "Plan Width": 4,
                      "Actual Startup Time": 104.641,
                      "Actual Total Time": 104.642,
                      "Actual Rows": 48282,
                      "Actual Loops": 6,
                      "Hash Buckets": 524288,
                      "Original Hash Buckets": 524288,
                      "Hash Batches": 1,
                      "Original Hash Batches": 1,
                      "Peak Memory Usage": 15520,
                      "Plans": [
                        {
                          "Node Type": "Seq Scan",
                          "Parent Relationship": "Outer",
                          "Parallel Aware": true,
                          "Relation Name": "title",
                          "Alias": "t",
                          "Startup Cost": 0.0,
                          "Total Cost": 45479.1,
                          "Plan Rows": 97938,
                          "Plan Width": 4,
                          "Actual Startup Time": 43.577,
                          "Actual Total Time": 84.505,
                          "Actual Rows": 48282,
                          "Actual Loops": 6,
                          "Filter": "((kind_id < 2) AND (production_year > 1998))",
                          "Rows Removed by Filter": 373103
                        }
                      ]
                    }
                  ]
                }
              ]
            }
          ]
        }
      ]
    },
    "Planning Time": 0.697,
    "Triggers": [],
    "Execution Time": 305.371
  }
]