[
  {
    "Plan": {
      "Node Type": "Aggregate",
      "Strategy": "Plain",
      "Partial Mode": "Finalize",
      "Parallel Aware": false,
      "Startup Cost": 45971.69,
      "Total Cost": 45971.7,
      "Plan Rows": 1,
      "Plan Width": 8,
      "Actual Startup Time": 169.096,
      "Actual Total Time": 177.505,
      "Actual Rows": 1,
      "Actual Loops": 1,
      "Plans": [
        {
          "Node Type": "Gather",
          "Parent Relationship": "Outer",
          "Parallel Aware": false,
          "Startup Cost": 45971.37,
          "Total Cost": 45971.68,
          "Plan Rows": 3,
          "Plan Width": 8,
          "Actual Startup Time": 168.946,
          "Actual Total Time": 177.496,
          "Actual Rows": 4,
          "Actual Loops": 1,
          "Workers Planned": 3,
          "Workers Launched": 3,
          "Single Copy": false,
          "Plans": [
            {
              "Node Type": "Aggregate",
              "Strategy": "Plain",
              "Partial Mode": "Partial",
              "Parent Relationship": "Outer",
              "Parallel Aware": false,
              "Startup Cost": 44971.37,
              "Total Cost": 44971.38,
              "Plan Rows": 1,
              "Plan Width": 8,
              "Actual Startup Time": 160.271,
              "Actual Total Time": 160.272,
              "Actual Rows": 1,
              "Actual Loops": 4,
              "Plans": [
                {
                  "Node Type": "Seq Scan",
                  "Parent Relationship": "Outer",
                  "Parallel Aware": true,
                  "Relation Name": "movie_keyword",
                  "Alias": "mk",
                  "Startup Cost": 0.0,
                  "Total Cost": 42695.65,
                  "Plan Rows": 910288,
                  "Plan Width": 0,
                  "Actual Startup Time": 0.06,
                  "Actual Total Time": 125.133,
                  "Actual Rows": 707975,
                  "Actual Loops": 4,
                  "Filter": "(keyword_id < 8541)",
                  "Rows Removed by Filter": 423007
                }
              ]
            }
          ]
        }
      ]
    },
    "Planning Time": 0.212,
    "Triggers": [],
    "Execution Time": 177.559
  }
]