{
  "Plan": {
    "Node Type": "Aggregate",
    "Strategy": "Plain",
    "Partial Mode": "Finalize",
    "Parallel Aware": false,
    "Startup Cost": 31161.94,
    "Total Cost": 31161.95,
    "Plan Rows": 1,
    "Plan Width": 8,
    "Actual Startup Time": 52.3,
    "Actual Total Time": 60.363,
    "Actual Rows": 1,
    "Actual Loops": 1,
    "Plans": [
      {
        "Node Type": "Gather",
        "Parent Relationship": "Outer",
        "Parallel Aware": false,
        "Startup Cost": 31161.83,
        "Total Cost": 31161.94,
        "Plan Rows": 1,
        "Plan Width": 8,
        "Actual Startup Time": 52.158,
        "Actual Total Time": 60.358,
        "Actual Rows": 2,
        "Actual Loops": 1,
        "Workers Planned": 1,
        "Workers Launched": 1,
        "Single Copy": false,
        "Plans": [
          {
            "Node Type": "Aggregate",
            "Strategy": "Plain",
            "Partial Mode": "Partial",
            "Parent Relationship": "Outer",
            "Parallel Aware": false,
            "Startup Cost": 30161.83,
            "Total Cost": 30161.84,
            "Plan Rows": 1,
            "Plan Width": 8,
            "Actual Startup Time": 46.373,
            "Actual Total Time": 46.374,
            "Actual Rows": 1,
            "Actual Loops": 2,
            "Plans": [
              {
                "Node Type": "Nested Loop",
                "Parent Relationship": "Outer",
                "Parallel Aware": false,
                "Join Type": "Inner",
                "Startup Cost": 88.85,
                "Total Cost": 30155.65,
                "Plan Rows": 2472,
                "Plan Width": 0,
                "Actual Startup Time": 1.876,
                "Actual Total Time": 45.395,
                "Actual Rows": 15494,
                "Actual Loops": 2,
                "Inner Unique": false,
                "Plans": [
                  {
                    "Node Type": "Nested Loop",
                    "Parent Relationship": "Outer",
                    "Parallel Aware": false,
                    "Join Type": "Inner",
                    "Startup Cost": 88.42,
                    "Total Cost": 28689.21,
                    "Plan Rows": 2395,
                    "Plan Width": 8,
                    "Actual Startup Time": 1.633,
                    "Actual Total Time": 22.73,
                    "Actual Rows": 2031,
                    "Actual Loops": 2,
                    "Inner Unique": true,
                    "Plans": [
                      {
                        "Node Type": "Bitmap Heap Scan",
                        "Parent Relationship": "Outer",
                        "Parallel Aware": true,
                        "Relation Name": "movie_keyword",
                        "Alias": "mk",
                        "Startup Cost": 87.99,
                        "Total Cost": 10734.82,
                        "Plan Rows": 2395,
                        "Plan Width": 4,
                        "Actual Startup Time": 1.492,
                        "Actual Total Time": 7.335,
                        "Actual Rows": 2031,
                        "Actual Loops": 2,
                        "Recheck Cond": "(keyword_id = 266)",
                        "Rows Removed by Index Recheck": 0,
                        "Exact Heap Blocks": 2869,
                        "Lossy Heap Blocks": 0,
                        "Plans": [
                          {
                            "Node Type": "Bitmap Index Scan",
                            "Parent Relationship": "Outer",
                            "Parallel Aware": false,
                            "Index Name": "keyword_id_movie_keyword",
                            "Startup Cost": 0.0,
                            "Total Cost": 86.97,
                            "Plan Rows": 4072,
                            "Plan Width": 0,
                            "Actual Startup Time": 1.908,
                            "Actual Total Time": 1.909,
                            "Actual Rows": 4062,
                            "Actual Loops": 1,
                            "Index Cond": "(keyword_id = 266)"
                          }
                        ]
                      },
                      {
                        "Node Type": "Index Only Scan",
                        "Parent Relationship": "Inner",
                        "Parallel Aware": false,
                        "Scan Direction": "Forward",
                        "Index Name": "title_pkey",
                        "Relation Name": "title",
                        "Alias": "t",
                        "Startup Cost": 0.43,
                        "Total Cost": 7.5,
                        "Plan Rows": 1,
                        "Plan Width": 4,
                        "Actual Startup Time": 0.007,
                        "Actual Total Time": 0.007,
                        "Actual Rows": 1,
                        "Actual Loops": 4062,
                        "Index Cond": "(id = mk.movie_id)",
                        "Rows Removed by Index Recheck": 0,
                        "Heap Fetches": 4062
                      }
                    ]
                  },
                  {
                    "Node Type": "Index Only Scan",
                    "Parent Relationship": "Inner",
                    "Parallel Aware": false,
                    "Scan Direction": "Forward",
                    "Index Name": "movie_id_movie_companies",
                    "Relation Name": "movie_companies",
                    "Alias": "mc",
                    "Startup Cost": 0.43,
                    "Total Cost": 0.56,
                    "Plan Rows": 5,
                    "Plan Width": 4,
                    "Actual Startup Time": 0.007,
                    "Actual Total Time": 0.01,
                    "Actual Rows": 8,
                    "Actual Loops": 4062,
                    "Index Cond": "(movie_id = t.id)",
                    "Rows Removed by Index Recheck": 0,
                    "Heap Fetches": 30987
                  }
                ]
              }
            ]
          }
        ]
      }
    ]
  },
  "Planning Time": 0.492,
  "Triggers": [],
  "Execution Time": 60.411
}