[
  {
    "Plan": {
      "Node Type": "Aggregate",
      "Strategy": "Plain",
      "Partial Mode": "Finalize",
      "Parallel Aware": false,
      "Startup Cost": 28406.3,
      "Total Cost": 28406.31,
      "Plan Rows": 1,
      "Plan Width": 8,
      "Actual Startup Time": 76.767,
      "Actual Total Time": 79.356,
      "Actual Rows": 1,
      "Actual Loops": 1,
      "Plans": [
        {
          "Node Type": "Gather",
          "Parent Relationship": "Outer",
          "Parallel Aware": false,
          "Startup Cost": 28405.98,
          "Total Cost": 28406.29,
          "Plan Rows": 3,
          "Plan Width": 8,
          "Actual Startup Time": 76.562,
          "Actual Total Time": 79.348,
          "Actual Rows": 4,
          "Actual Loops": 1,
          "Workers Planned": 3,
          "Workers Launched": 3,
          "Single Copy": false,
          "Plans": [
            {
              "Node Type": "Aggregate",
              "Strategy": "Plain",
              "Partial Mode": "Partial",
              "Parent Relationship": "Outer",
              "Parallel Aware": false,
              "Startup Cost": 27405.98,
              "Total Cost": 27405.99,
              "Plan Rows": 1,
              "Plan Width": 8,
              "Actual Startup Time": 69.151,
              "Actual Total Time": 69.153,
              "Actual Rows": 1,
              "Actual Loops": 4,
              "Plans": [
                {
                  "Node Type": "Bitmap Heap Scan",
                  "Parent Relationship": "Outer",
                  "Parallel Aware": true,
                  "Relation Name": "movie_companies",
                  "Alias": "mc",
                  "Startup Cost": 6928.61,
                  "Total Cost": 27274.33,
                  "Plan Rows": 52659,
                  "Plan Width": 0,
                  "Actual Startup Time": 28.095,
                  "Actual Total Time": 63.265,
                  "Actual Rows": 80636,
                  "Actual Loops": 4,
                  "Recheck Cond": "(company_id > 91418)",
                  "Rows Removed by Index Recheck": 0,
                  "Filter": "(company_type_id = 2)",
                  "Rows Removed by Filter": 0,
                  "Exact Heap Blocks": 2515,
                  "Lossy Heap Blocks": 0,
                  "Plans": [
                    {
                      "Node Type": "Bitmap Index Scan",
                      "Parent Relationship": "Outer",
                      "Parallel Aware": false,
                      "Index Name": "company_id_movie_companies",
                      "Startup Cost": 0.0,
                      "Total Cost": 6887.8,
                      "Plan Rows": 321516,
                      "Plan Width": 0,
                      "Actual Startup Time": 33.676,
                      "Actual Total Time": 33.677,
                      "Actual Rows": 322545,
                      "Actual Loops": 1,
                      "Index Cond": "(company_id > 91418)"
                    }
                  ]
                }
              ]
            }
          ]
        }
      ]
    },
    "Planning Time": 0.224,
    "Triggers": [],
    "Execution Time": 79.434
  }
]