[
  {
    "Plan": {
      "Node Type": "Aggregate",
      "Strategy": "Plain",
      "Partial Mode": "Finalize",
      "Parallel Aware": false,
      "Startup Cost": 178027.46,
      "Total Cost": 178027.47,
      "Plan Rows": 1,
      "Plan Width": 8,
      "Actual Startup Time": 1096.706,
      "Actual Total Time": 1129.017,
      "Actual Rows": 1,
      "Actual Loops": 1,
      "Plans": [
        {
          "Node Type": "Gather",
          "Parent Relationship": "Outer",
          "Parallel Aware": false,
          "Startup Cost": 178027.25,
          "Total Cost": 178027.46,
          "Plan Rows": 2,
          "Plan Width": 8,
          "Actual Startup Time": 1082.513,
          "Actual Total Time": 1129.01,
          "Actual Rows": 3,
          "Actual Loops": 1,
          "Workers Planned": 2,
          "Workers Launched": 2,
          "Single Copy": false,
          "Plans": [
            {
              "Node Type": "Aggregate",
              "Strategy": "Plain",
              "Partial Mode": "Partial",
              "Parent Relationship": "Outer",
              "Parallel Aware": false,
              "Startup Cost": 177027.25,
              "Total Cost": 177027.26,
              "Plan Rows": 1,
              "Plan Width": 8,
              "Actual Startup Time": 1073.332,
              "Actual Total Time": 1073.338,
              "Actual Rows": 1,
              "Actual Loops": 3,
              "Plans": [
                {
                  "Node Type": "Hash Join",
                  "Parent Relationship": "Outer",
                  "Parallel Aware": true,
                  "Join Type": "Inner",
                  "Startup Cost": 160223.66,
                  "Total Cost": 176492.73,
                  "Plan Rows": 213808,
                  "Plan Width": 0,
                  "Actual Startup Time": 916.693,
                  "Actual Total Time": 1059.578,
                  "Actual Rows": 292995,
                  "Actual Loops": 3,
                  "Inner Unique": false,
                  "Hash Cond": "(mi_idx.movie_id = t.id)",
                  "Plans": [
                    {
                      "Node Type": "Seq Scan",
                      "Parent Relationship": "Outer",
                      "Parallel Aware": true,
                      "Relation Name": "movie_info_idx",
                      "Alias": "mi_idx",
                      "Startup Cost": 0.0,
                      "Total Cost": 13685.15,
                      "Plan Rows": 575015,
                      "Plan Width": 4,
                      "Actual Startup Time": 0.026,
                      "Actual Total Time": 43.116,
                      "Actual Rows": 460012,
                      "Actual Loops": 3
                    },
                    {
                      "Node Type": "Hash",
                      "Parent Relationship": "Inner",
                      "Parallel Aware": true,
                      "Startup Cost": 157873.29,
                      "Total Cost": 157873.29,
                      "Plan Rows": 188029,
                      "Plan Width": 8,
                      "Actual Startup Time": 910.482,
                      "Actual Total Time": 910.486,
                      "Actual Rows": 223469,
                      "Actual Loops": 3,
                      "Hash Buckets": 1048576,
                      "Original Hash Buckets": 1048576,
                      "Hash Batches": 1,
                      "Original Hash Batches": 1,
                      "Peak Memory Usage": 34464,
                      "Plans": [
                        {
                          "Node Type": "Hash Join",
                          "Parent Relationship": "Outer",
                          "Parallel Aware": true,
                          "Join Type": "Inner",
                          "Startup Cost": 50220.95,
                          "Total Cost": 157873.29,
                          "Plan Rows": 188029,
                          "Plan Width": 8,
                          "Actual Startup Time": 449.646,
                          "Actual Total Time": 818.62,
                          "Actual Rows": 223469,
                          "Actual Loops": 3,
                          "Inner Unique": true,
                          "Hash Cond": "(ci.movie_id = t.id)",
                          "Plans": [
                            {
                              "Node Type": "Index Scan",
                              "Parent Relationship": "Outer",
                              "Parallel Aware": true,
                              "Scan Direction": "Forward",
                              "Index Name": "role_id_cast_info",
                              "Relation Name": "cast_info",
                              "Alias": "ci",
                              "Startup Cost": 0.56,
                              "Total Cost": 107159.34,
                              "Plan Rows": 188029,
                              "Plan Width": 4,
                              "Actual Startup Time": 0.305,
                              "Actual Total Time": 235.094,
                              "Actual Rows": 223469,
                              "Actual Loops": 3,
                              "Index Cond": "(role_id = 3)",
                              "Rows Removed by Index Recheck": 0,
                              "Filter": "(person_id < 859779)",
                              "Rows Removed by Filter": 1112543
                            },
                            {
                              "Node Type": "Hash",
                              "Parent Relationship": "Inner",
                              "Parallel Aware": true,
                              "Startup Cost": 42319.06,
                              "Total Cost": 42319.06,
                              "Plan Rows": 632106,
                              "Plan Width": 4,
                              "Actual Startup Time": 438.928,
                              "Actual Total Time": 438.93,
                              "Actual Rows": 842771,
                              "Actual Loops": 3,
                              "Hash Buckets": 4194304,
                              "Original Hash Buckets": 4194304,
                              "Hash Batches": 1,
                              "Original Hash Batches": 1,
                              "Peak Memory Usage": 131680,
                              "Plans": [
                                {
                                  "Node Type": "Seq Scan",
                                  "Parent Relationship": "Outer",
                                  "Parallel Aware": true,
                                  "Relation Name": "title",
                                  "Alias": "t",
                                  "Startup Cost": 0.0,
                                  "Total Cost": 42319.06,
                                  "Plan Rows": 632106,
                                  "Plan Width": 4,
                                  "Actual Startup Time": 0.052,
                                  "Actual Total Time": 126.952,
                                  "Actual Rows": 842771,
                                  "Actual Loops": 3
                                }
                              ]
                            }
                          ]
                        }
                      ]
                    }
                  ]
                }
              ]
            }
          ]
        }
      ]
    },
    "Planning Time": 1.191,
    "Triggers": [],
    "Execution Time": 1129.103
  }
]