{
    "Plan": {
        "Node Type": "Aggregate",
        "Strategy": "Plain",
        "Partial Mode": "Finalize",
        "Parallel Aware": false,
        "Startup Cost": 414562.8,
        "Total Cost": 414562.81,
        "Plan Rows": 1,
        "Plan Width": 8,
        "Actual Startup Time": 2611.696,
        "Actual Total Time": 2664.147,
        "Actual Rows": 1,
        "Actual Loops": 1,
        "Output": [
            "count(*)"
        ],
        "Plans": [
            {
                "Node Type": "Gather",
                "Parent Relationship": "Outer",
                "Parallel Aware": false,
                "Startup Cost": 414562.18,
                "Total Cost": 414562.79,
                "Plan Rows": 6,
                "Plan Width": 8,
                "Actual Startup Time": 2598.081,
                "Actual Total Time": 2664.133,
                "Actual Rows": 7,
                "Actual Loops": 1,
                "Output": [
                    "(PARTIAL count(*))"
                ],
                "Workers Planned": 6,
                "Workers Launched": 6,
                "Single Copy": false,
                "Plans": [
                    {
                        "Node Type": "Aggregate",
                        "Strategy": "Plain",
                        "Partial Mode": "Partial",
                        "Parent Relationship": "Outer",
                        "Parallel Aware": false,
                        "Startup Cost": 413562.18,
                        "Total Cost": 413562.19,
                        "Plan Rows": 1,
                        "Plan Width": 8,
                        "Actual Startup Time": 2575.895,
                        "Actual Total Time": 2575.898,
                        "Actual Rows": 1,
                        "Actual Loops": 7,
                        "Output": [
                            "PARTIAL count(*)"
                        ],
                        "Workers": [
                            {
                                "Worker Number": 0,
                                "Actual Startup Time": 2571.816,
                                "Actual Total Time": 2571.818,
                                "Actual Rows": 1,
                                "Actual Loops": 1
                            },
                            {
                                "Worker Number": 1,
                                "Actual Startup Time": 2573.518,
                                "Actual Total Time": 2573.521,
                                "Actual Rows": 1,
                                "Actual Loops": 1
                            },
                            {
                                "Worker Number": 2,
                                "Actual Startup Time": 2572.175,
                                "Actual Total Time": 2572.178,
                                "Actual Rows": 1,
                                "Actual Loops": 1
                            },
                            {
                                "Worker Number": 3,
                                "Actual Startup Time": 2571.917,
                                "Actual Total Time": 2571.92,
                                "Actual Rows": 1,
                                "Actual Loops": 1
                            },
                            {
                                "Worker Number": 4,
                                "Actual Startup Time": 2572.295,
                                "Actual Total Time": 2572.298,
                                "Actual Rows": 1,
                                "Actual Loops": 1
                            },
                            {
                                "Worker Number": 5,
                                "Actual Startup Time": 2572.384,
                                "Actual Total Time": 2572.387,
                                "Actual Rows": 1,
                                "Actual Loops": 1
                            }
                        ],
                        "Plans": [
                            {
                                "Node Type": "Hash Join",
                                "Parent Relationship": "Outer",
                                "Parallel Aware": true,
                                "Join Type": "Inner",
                                "Startup Cost": 50219.81,
                                "Total Cost": 403794.66,
                                "Plan Rows": 3907007,
                                "Plan Width": 0,
                                "Actual Startup Time": 466.169,
                                "Actual Total Time": 2421.491,
                                "Actual Rows": 3355005,
                                "Actual Loops": 7,
                                "Inner Unique": true,
                                "Hash Cond": "(ci.movie_id = t.id)",
                                "Workers": [
                                    {
                                        "Worker Number": 0,
                                        "Actual Startup Time": 462.292,
                                        "Actual Total Time": 2398.262,
                                        "Actual Rows": 2829724,
                                        "Actual Loops": 1
                                    },
                                    {
                                        "Worker Number": 1,
                                        "Actual Startup Time": 462.499,
                                        "Actual Total Time": 2425.864,
                                        "Actual Rows": 3562635,
                                        "Actual Loops": 1
                                    },
                                    {
                                        "Worker Number": 2,
                                        "Actual Startup Time": 462.663,
                                        "Actual Total Time": 2423.14,
                                        "Actual Rows": 3621002,
                                        "Actual Loops": 1
                                    },
                                    {
                                        "Worker Number": 3,
                                        "Actual Startup Time": 462.407,
                                        "Actual Total Time": 2443.62,
                                        "Actual Rows": 3134779,
                                        "Actual Loops": 1
                                    },
                                    {
                                        "Worker Number": 4,
                                        "Actual Startup Time": 462.794,
                                        "Actual Total Time": 2423.663,
                                        "Actual Rows": 3591307,
                                        "Actual Loops": 1
                                    },
                                    {
                                        "Worker Number": 5,
                                        "Actual Startup Time": 462.871,
                                        "Actual Total Time": 2424.063,
                                        "Actual Rows": 3589420,
                                        "Actual Loops": 1
                                    }
                                ],
                                "Plans": [
                                    {
                                        "Node Type": "Seq Scan",
                                        "Parent Relationship": "Outer",
                                        "Parallel Aware": true,
                                        "Relation Name": "cast_info",
                                        "Schema": "public",
                                        "Alias": "ci",
                                        "Startup Cost": 0.0,
                                        "Total Cost": 343318.94,
                                        "Plan Rows": 3907007,
                                        "Plan Width": 4,
                                        "Actual Startup Time": 218.082,
                                        "Actual Total Time": 719.577,
                                        "Actual Rows": 3355005,
                                        "Actual Loops": 7,
                                        "Output": [
                                            "ci.id",
                                            "ci.person_id",
                                            "ci.movie_id",
                                            "ci.person_role_id",
                                            "ci.note",
                                            "ci.nr_order",
                                            "ci.role_id"
                                        ],
                                        "Filter": "((ci.person_id < 4047626) AND (ci.role_id > 1))",
                                        "Rows Removed by Filter": 1822759,
                                        "Workers": [
                                            {
                                                "Worker Number": 0,
                                                "Actual Startup Time": 218.041,
                                                "Actual Total Time": 774.606,
                                                "Actual Rows": 2829724,
                                                "Actual Loops": 1
                                            },
                                            {
                                                "Worker Number": 1,
                                                "Actual Startup Time": 218.021,
                                                "Actual Total Time": 717.407,
                                                "Actual Rows": 3562635,
                                                "Actual Loops": 1
                                            },
                                            {
                                                "Worker Number": 2,
                                                "Actual Startup Time": 218.026,
                                                "Actual Total Time": 722.775,
                                                "Actual Rows": 3621002,
                                                "Actual Loops": 1
                                            },
                                            {
                                                "Worker Number": 3,
                                                "Actual Startup Time": 218.127,
                                                "Actual Total Time": 687.11,
                                                "Actual Rows": 3134779,
                                                "Actual Loops": 1
                                            },
                                            {
                                                "Worker Number": 4,
                                                "Actual Startup Time": 218.126,
                                                "Actual Total Time": 720.673,
                                                "Actual Rows": 3591307,
                                                "Actual Loops": 1
                                            },
                                            {
                                                "Worker Number": 5,
                                                "Actual Startup Time": 218.106,
                                                "Actual Total Time": 719.201,
                                                "Actual Rows": 3589420,
                                                "Actual Loops": 1
                                            }
                                        ]
                                    },
                                    {
                                        "Node Type": "Hash",
                                        "Parent Relationship": "Inner",
                                        "Parallel Aware": true,
                                        "Startup Cost": 42318.81,
                                        "Total Cost": 42318.81,
                                        "Plan Rows": 632080,
                                        "Plan Width": 4,
                                        "Actual Startup Time": 240.85,
                                        "Actual Total Time": 240.851,
                                        "Actual Rows": 361187,
                                        "Actual Loops": 7,
                                        "Output": [
                                            "t.id"
                                        ],
                                        "Hash Buckets": 4194304,
                                        "Original Hash Buckets": 4194304,
                                        "Hash Batches": 1,
                                        "Original Hash Batches": 1,
                                        "Peak Memory Usage": 131808,
                                        "Workers": [
                                            {
                                                "Worker Number": 0,
                                                "Actual Startup Time": 243.347,
                                                "Actual Total Time": 243.348,
                                                "Actual Rows": 293788,
                                                "Actual Loops": 1
                                            },
                                            {
                                                "Worker Number": 1,
                                                "Actual Startup Time": 243.595,
                                                "Actual Total Time": 243.596,
                                                "Actual Rows": 379096,
                                                "Actual Loops": 1
                                            },
                                            {
                                                "Worker Number": 2,
                                                "Actual Startup Time": 243.749,
                                                "Actual Total Time": 243.75,
                                                "Actual Rows": 391867,
                                                "Actual Loops": 1
                                            },
                                            {
                                                "Worker Number": 3,
                                                "Actual Startup Time": 243.454,
                                                "Actual Total Time": 243.455,
                                                "Actual Rows": 333254,
                                                "Actual Loops": 1
                                            },
                                            {
                                                "Worker Number": 4,
                                                "Actual Startup Time": 244.006,
                                                "Actual Total Time": 244.007,
                                                "Actual Rows": 392051,
                                                "Actual Loops": 1
                                            },
                                            {
                                                "Worker Number": 5,
                                                "Actual Startup Time": 244.113,
                                                "Actual Total Time": 244.114,
                                                "Actual Rows": 381090,
                                                "Actual Loops": 1
                                            }
                                        ],
                                        "Plans": [
                                            {
                                                "Node Type": "Seq Scan",
                                                "Parent Relationship": "Outer",
                                                "Parallel Aware": true,
                                                "Relation Name": "title",
                                                "Schema": "public",
                                                "Alias": "t",
                                                "Startup Cost": 0.0,
                                                "Total Cost": 42318.81,
                                                "Plan Rows": 632080,
                                                "Plan Width": 4,
                                                "Actual Startup Time": 0.071,
                                                "Actual Total Time": 71.785,
                                                "Actual Rows": 361187,
                                                "Actual Loops": 7,
                                                "Output": [
                                                    "t.id"
                                                ],
                                                "Workers": [
                                                    {
                                                        "Worker Number": 0,
                                                        "Actual Startup Time": 0.082,
                                                        "Actual Total Time": 77.03,
                                                        "Actual Rows": 293788,
                                                        "Actual Loops": 1
                                                    },
                                                    {
                                                        "Worker Number": 1,
                                                        "Actual Startup Time": 0.087,
                                                        "Actual Total Time": 73.07,
                                                        "Actual Rows": 379096,
                                                        "Actual Loops": 1
                                                    },
                                                    {
                                                        "Worker Number": 2,
                                                        "Actual Startup Time": 0.082,
                                                        "Actual Total Time": 73.148,
                                                        "Actual Rows": 391867,
                                                        "Actual Loops": 1
                                                    },
                                                    {
                                                        "Worker Number": 3,
                                                        "Actual Startup Time": 0.062,
                                                        "Actual Total Time": 70.911,
                                                        "Actual Rows": 333254,
                                                        "Actual Loops": 1
                                                    },
                                                    {
                                                        "Worker Number": 4,
                                                        "Actual Startup Time": 0.085,
                                                        "Actual Total Time": 73.818,
                                                        "Actual Rows": 392051,
                                                        "Actual Loops": 1
                                                    },
                                                    {
                                                        "Worker Number": 5,
                                                        "Actual Startup Time": 0.085,
                                                        "Actual Total Time": 72.955,
                                                        "Actual Rows": 381090,
                                                        "Actual Loops": 1
                                                    }
                                                ]
                                            }
                                        ]
                                    }
                                ]
                            }
                        ]
                    }
                ]
            }
        ]
    },
    "Planning Time": 0.806,
    "Triggers": [],
    "Execution Time": 2664.237
}