[
  {
    "Plan": {
      "Node Type": "Aggregate",
      "Strategy": "Plain",
      "Partial Mode": "Finalize",
      "Parallel Aware": false,
      "Startup Cost": 101359.12,
      "Total Cost": 101359.13,
      "Plan Rows": 1,
      "Plan Width": 8,
      "Actual Startup Time": 573.764,
      "Actual Total Time": 591.838,
      "Actual Rows": 1,
      "Actual Loops": 1,
      "Plans": [
        {
          "Node Type": "Gather",
          "Parent Relationship": "Outer",
          "Parallel Aware": false,
          "Startup Cost": 101358.8,
          "Total Cost": 101359.11,
          "Plan Rows": 3,
          "Plan Width": 8,
          "Actual Startup Time": 568.45,
          "Actual Total Time": 591.828,
          "Actual Rows": 4,
          "Actual Loops": 1,
          "Workers Planned": 3,
          "Workers Launched": 3,
          "Single Copy": false,
          "Plans": [
            {
              "Node Type": "Aggregate",
              "Strategy": "Plain",
              "Partial Mode": "Partial",
              "Parent Relationship": "Outer",
              "Parallel Aware": false,
              "Startup Cost": 100358.8,
              "Total Cost": 100358.81,
              "Plan Rows": 1,
              "Plan Width": 8,
              "Actual Startup Time": 561.963,
              "Actual Total Time": 562.249,
              "Actual Rows": 1,
              "Actual Loops": 4,
              "Plans": [
                {
                  "Node Type": "Hash Join",
                  "Parent Relationship": "Outer",
                  "Parallel Aware": true,
                  "Join Type": "Inner",
                  "Startup Cost": 66647.19,
                  "Total Cost": 99819.25,
                  "Plan Rows": 215819,
                  "Plan Width": 0,
                  "Actual Startup Time": 372.016,
                  "Actual Total Time": 545.726,
                  "Actual Rows": 401544,
                  "Actual Loops": 4,
                  "Inner Unique": false,
                  "Hash Cond": "(mc.movie_id = t.id)",
                  "Plans": [
                    {
                      "Node Type": "Seq Scan",
                      "Parent Relationship": "Outer",
                      "Parallel Aware": true,
                      "Relation Name": "movie_companies",
                      "Alias": "mc",
                      "Startup Cost": 0.0,
                      "Total Cost": 29310.68,
                      "Plan Rows": 789900,
                      "Plan Width": 4,
                      "Actual Startup Time": 0.013,
                      "Actual Total Time": 69.923,
                      "Actual Rows": 613211,
                      "Actual Loops": 4,
                      "Filter": "(company_id < 129395)",
                      "Rows Removed by Filter": 39072
                    },
                    {
                      "Node Type": "Hash",
                      "Parent Relationship": "Inner",
                      "Parallel Aware": true,
                      "Startup Cost": 63049.16,
                      "Total Cost": 63049.16,
                      "Plan Rows": 287843,
                      "Plan Width": 8,
                      "Actual Startup Time": 367.458,
                      "Actual Total Time": 367.742,
                      "Actual Rows": 146258,
                      "Actual Loops": 4,
                      "Hash Buckets": 1048576,
                      "Original Hash Buckets": 1048576,
                      "Hash Batches": 1,
                      "Original Hash Batches": 1,
                      "Peak Memory Usage": 31168,
                      "Plans": [
                        {
                          "Node Type": "Hash Join",
                          "Parent Relationship": "Outer",
                          "Parallel Aware": true,
                          "Join Type": "Inner",
                          "Startup Cost": 47854.6,
                          "Total Cost": 63049.16,
                          "Plan Rows": 287843,
                          "Plan Width": 8,
                          "Actual Startup Time": 227.606,
                          "Actual Total Time": 328.498,
                          "Actual Rows": 146258,
                          "Actual Loops": 4,
                          "Inner Unique": true,
                          "Hash Cond": "(mi_idx.movie_id = t.id)",
                          "Plans": [
                            {
                              "Node Type": "Seq Scan",
                              "Parent Relationship": "Outer",
                              "Parallel Aware": true,
                              "Relation Name": "movie_info_idx",
                              "Alias": "mi_idx",
                              "Startup Cost": 0.0,
                              "Total Cost": 13685.15,
                              "Plan Rows": 575015,
                              "Plan Width": 4,
                              "Actual Startup Time": 0.011,
                              "Actual Total Time": 29.396,
                              "Actual Rows": 345009,
                              "Actual Loops": 4
                            },
                            {
                              "Node Type": "Hash",
                              "Parent Relationship": "Inner",
                              "Parallel Aware": true,
                              "Startup Cost": 43899.32,
                              "Total Cost": 43899.32,
                              "Plan Rows": 316422,
                              "Plan Width": 4,
                              "Actual Startup Time": 222.707,
                              "Actual Total Time": 222.708,
                              "Actual Rows": 315074,
                              "Actual Loops": 4,
                              "Hash Buckets": 2097152,
                              "Original Hash Buckets": 2097152,
                              "Hash Batches": 1,
                              "Original Hash Batches": 1,
                              "Peak Memory Usage": 65728,
                              "Plans": [
                                {
                                  "Node Type": "Seq Scan",
                                  "Parent Relationship": "Outer",
                                  "Parallel Aware": true,
                                  "Relation Name": "title",
                                  "Alias": "t",
                                  "Startup Cost": 0.0,
                                  "Total Cost": 43899.32,
                                  "Plan Rows": 316422,
                                  "Plan Width": 4,
                                  "Actual Startup Time": 0.046,
                                  "Actual Total Time": 103.458,
                                  "Actual Rows": 315074,
                                  "Actual Loops": 4,
                                  "Filter": "(production_year > 2002)",
                                  "Rows Removed by Filter": 317004
                                }
                              ]
                            }
                          ]
                        }
                      ]
                    }
                  ]
                }
              ]
            }
          ]
        }
      ]
    },
    "Planning Time": 0.844,
    "Triggers": [],
    "Execution Time": 591.897
  }
]