[
  {
    "Plan": {
      "Node Type": "Aggregate",
      "Strategy": "Plain",
      "Partial Mode": "Finalize",
      "Parallel Aware": false,
      "Startup Cost": 32971.25,
      "Total Cost": 32971.26,
      "Plan Rows": 1,
      "Plan Width": 8,
      "Actual Startup Time": 87.144,
      "Actual Total Time": 95.136,
      "Actual Rows": 1,
      "Actual Loops": 1,
      "Plans": [
        {
          "Node Type": "Gather",
          "Parent Relationship": "Outer",
          "Parallel Aware": false,
          "Startup Cost": 32970.93,
          "Total Cost": 32971.24,
          "Plan Rows": 3,
          "Plan Width": 8,
          "Actual Startup Time": 86.866,
          "Actual Total Time": 95.122,
          "Actual Rows": 4,
          "Actual Loops": 1,
          "Workers Planned": 3,
          "Workers Launched": 3,
          "Single Copy": false,
          "Plans": [
            {
              "Node Type": "Aggregate",
              "Strategy": "Plain",
              "Partial Mode": "Partial",
              "Parent Relationship": "Outer",
              "Parallel Aware": false,
              "Startup Cost": 31970.93,
              "Total Cost": 31970.94,
              "Plan Rows": 1,
              "Plan Width": 8,
              "Actual Startup Time": 78.368,
              "Actual Total Time": 78.37,
              "Actual Rows": 1,
              "Actual Loops": 4,
              "Plans": [
                {
                  "Node Type": "Seq Scan",
                  "Parent Relationship": "Outer",
                  "Parallel Aware": true,
                  "Relation Name": "movie_companies",
                  "Alias": "mc",
                  "Startup Cost": 0.0,
                  "Total Cost": 31414.82,
                  "Plan Rows": 222446,
                  "Plan Width": 0,
                  "Actual Startup Time": 14.314,
                  "Actual Total Time": 72.581,
                  "Actual Rows": 116847,
                  "Actual Loops": 4,
                  "Filter": "((company_id > 11135) AND (company_type_id = 1))",
                  "Rows Removed by Filter": 535435
                }
              ]
            }
          ]
        }
      ]
    },
    "Planning Time": 0.082,
    "Triggers": [],
    "Execution Time": 95.162
  }
]