[
  {
    "Plan": {
      "Node Type": "Aggregate",
      "Strategy": "Plain",
      "Partial Mode": "Finalize",
      "Parallel Aware": false,
      "Startup Cost": 32814.55,
      "Total Cost": 32814.56,
      "Plan Rows": 1,
      "Plan Width": 8,
      "Actual Startup Time": 96.778,
      "Actual Total Time": 104.543,
      "Actual Rows": 1,
      "Actual Loops": 1,
      "Plans": [
        {
          "Node Type": "Gather",
          "Parent Relationship": "Outer",
          "Parallel Aware": false,
          "Startup Cost": 32814.23,
          "Total Cost": 32814.54,
          "Plan Rows": 3,
          "Plan Width": 8,
          "Actual Startup Time": 96.675,
          "Actual Total Time": 104.535,
          "Actual Rows": 4,
          "Actual Loops": 1,
          "Workers Planned": 3,
          "Workers Launched": 3,
          "Single Copy": false,
          "Plans": [
            {
              "Node Type": "Aggregate",
              "Strategy": "Plain",
              "Partial Mode": "Partial",
              "Parent Relationship": "Outer",
              "Parallel Aware": false,
              "Startup Cost": 31814.23,
              "Total Cost": 31814.24,
              "Plan Rows": 1,
              "Plan Width": 8,
              "Actual Startup Time": 90.127,
              "Actual Total Time": 90.128,
              "Actual Rows": 1,
              "Actual Loops": 4,
              "Plans": [
                {
                  "Node Type": "Seq Scan",
                  "Parent Relationship": "Outer",
                  "Parallel Aware": true,
                  "Relation Name": "movie_companies",
                  "Alias": "mc",
                  "Startup Cost": 0.0,
                  "Total Cost": 31414.82,
                  "Plan Rows": 159764,
                  "Plan Width": 0,
                  "Actual Startup Time": 0.044,
                  "Actual Total Time": 78.407,
                  "Actual Rows": 175199,
                  "Actual Loops": 4,
                  "Filter": "((company_id < 4787) AND (company_type_id < 2))",
                  "Rows Removed by Filter": 477083
                }
              ]
            }
          ]
        }
      ]
    },
    "Planning Time": 0.095,
    "Triggers": [],
    "Execution Time": 104.573
  }
]