[
  {
    "Plan": {
      "Node Type": "Aggregate",
      "Strategy": "Plain",
      "Partial Mode": "Finalize",
      "Parallel Aware": false,
      "Startup Cost": 46915.82,
      "Total Cost": 46915.83,
      "Plan Rows": 1,
      "Plan Width": 8,
      "Actual Startup Time": 91.816,
      "Actual Total Time": 101.249,
      "Actual Rows": 1,
      "Actual Loops": 1,
      "Plans": [
        {
          "Node Type": "Gather",
          "Parent Relationship": "Outer",
          "Parallel Aware": false,
          "Startup Cost": 46915.4,
          "Total Cost": 46915.81,
          "Plan Rows": 4,
          "Plan Width": 8,
          "Actual Startup Time": 91.653,
          "Actual Total Time": 101.241,
          "Actual Rows": 5,
          "Actual Loops": 1,
          "Workers Planned": 4,
          "Workers Launched": 4,
          "Single Copy": false,
          "Plans": [
            {
              "Node Type": "Aggregate",
              "Strategy": "Plain",
              "Partial Mode": "Partial",
              "Parent Relationship": "Outer",
              "Parallel Aware": false,
              "Startup Cost": 45915.4,
              "Total Cost": 45915.41,
              "Plan Rows": 1,
              "Plan Width": 8,
              "Actual Startup Time": 86.895,
              "Actual Total Time": 86.896,
              "Actual Rows": 1,
              "Actual Loops": 5,
              "Plans": [
                {
                  "Node Type": "Seq Scan",
                  "Parent Relationship": "Outer",
                  "Parallel Aware": true,
                  "Relation Name": "title",
                  "Alias": "t",
                  "Startup Cost": 0.0,
                  "Total Cost": 45479.59,
                  "Plan Rows": 174327,
                  "Plan Width": 0,
                  "Actual Startup Time": 0.028,
                  "Actual Total Time": 81.033,
                  "Actual Rows": 123330,
                  "Actual Loops": 5,
                  "Filter": "((kind_id < 3) AND (production_year > 1935))",
                  "Rows Removed by Filter": 382332
                }
              ]
            }
          ]
        }
      ]
    },
    "Planning Time": 0.091,
    "Triggers": [],
    "Execution Time": 101.28
  }
]