[
  {
    "Plan": {
      "Node Type": "Aggregate",
      "Strategy": "Plain",
      "Partial Mode": "Finalize",
      "Parallel Aware": false,
      "Startup Cost": 209408.7,
      "Total Cost": 209408.71,
      "Plan Rows": 1,
      "Plan Width": 8,
      "Actual Startup Time": 239.721,
      "Actual Total Time": 254.898,
      "Actual Rows": 1,
      "Actual Loops": 1,
      "Plans": [
        {
          "Node Type": "Gather",
          "Parent Relationship": "Outer",
          "Parallel Aware": false,
          "Startup Cost": 209408.07,
          "Total Cost": 209408.68,
          "Plan Rows": 6,
          "Plan Width": 8,
          "Actual Startup Time": 239.575,
          "Actual Total Time": 254.887,
          "Actual Rows": 7,
          "Actual Loops": 1,
          "Workers Planned": 6,
          "Workers Launched": 6,
          "Single Copy": false,
          "Plans": [
            {
              "Node Type": "Aggregate",
              "Strategy": "Plain",
              "Partial Mode": "Partial",
              "Parent Relationship": "Outer",
              "Parallel Aware": false,
              "Startup Cost": 208408.07,
              "Total Cost": 208408.08,
              "Plan Rows": 1,
              "Plan Width": 8,
              "Actual Startup Time": 232.933,
              "Actual Total Time": 232.935,
              "Actual Rows": 1,
              "Actual Loops": 7,
              "Plans": [
                {
                  "Node Type": "Index Scan",
                  "Parent Relationship": "Outer",
                  "Parallel Aware": true,
                  "Scan Direction": "Forward",
                  "Index Name": "role_id_cast_info",
                  "Relation Name": "cast_info",
                  "Alias": "ci",
                  "Startup Cost": 0.56,
                  "Total Cost": 206461.54,
                  "Plan Rows": 778614,
                  "Plan Width": 0,
                  "Actual Startup Time": 0.17,
                  "Actual Total Time": 218.114,
                  "Actual Rows": 295748,
                  "Actual Loops": 7,
                  "Index Cond": "(role_id > 6)",
                  "Rows Removed by Index Recheck": 0,
                  "Filter": "(person_id < 2274410)",
                  "Rows Removed by Filter": 806058
                }
              ]
            }
          ]
        }
      ]
    },
    "Planning Time": 0.117,
    "Triggers": [],
    "Execution Time": 254.943
  }
]