{
  "Plan": {
    "Node Type": "Aggregate",
    "Strategy": "Plain",
    "Partial Mode": "Simple",
    "Parallel Aware": false,
    "Startup Cost": 2501.15,
    "Total Cost": 2501.16,
    "Plan Rows": 1,
    "Plan Width": 8,
    "Actual Startup Time": 8.198,
    "Actual Total Time": 8.201,
    "Actual Rows": 1,
    "Actual Loops": 1,
    "Plans": [
      {
        "Node Type": "Nested Loop",
        "Parent Relationship": "Outer",
        "Parallel Aware": false,
        "Join Type": "Inner",
        "Startup Cost": 0.99,
        "Total Cost": 2501.05,
        "Plan Rows": 39,
        "Plan Width": 0,
        "Actual Startup Time": 0.871,
        "Actual Total Time": 8.169,
        "Actual Rows": 87,
        "Actual Loops": 1,
        "Inner Unique": true,
        "Plans": [
          {
            "Node Type": "Index Scan",
            "Parent Relationship": "Outer",
            "Parallel Aware": false,
            "Scan Direction": "Forward",
            "Index Name": "person_id_cast_info",
            "Relation Name": "cast_info",
            "Alias": "ci",
            "Startup Cost": 0.56,
            "Total Cost": 1059.67,
            "Plan Rows": 171,
            "Plan Width": 4,
            "Actual Startup Time": 0.302,
            "Actual Total Time": 1.55,
            "Actual Rows": 942,
            "Actual Loops": 1,
            "Index Cond": "(person_id = 809742)",
            "Rows Removed by Index Recheck": 0,
            "Filter": "(role_id < 2)",
            "Rows Removed by Filter": 915
          },
          {
            "Node Type": "Index Scan",
            "Parent Relationship": "Inner",
            "Parallel Aware": false,
            "Scan Direction": "Forward",
            "Index Name": "title_pkey",
            "Relation Name": "title",
            "Alias": "t",
            "Startup Cost": 0.43,
            "Total Cost": 8.43,
            "Plan Rows": 1,
            "Plan Width": 4,
            "Actual Startup Time": 0.006,
            "Actual Total Time": 0.006,
            "Actual Rows": 0,
            "Actual Loops": 942,
            "Index Cond": "(id = ci.movie_id)",
            "Rows Removed by Index Recheck": 0,
            "Filter": "((kind_id > 3) AND (production_year < 1997))",
            "Rows Removed by Filter": 1
          }
        ]
      }
    ]
  },
  "Planning Time": 0.505,
  "Triggers": [],
  "Execution Time": 8.274
}