[
  {
    "Plan": {
      "Node Type": "Aggregate",
      "Strategy": "Plain",
      "Partial Mode": "Finalize",
      "Parallel Aware": false,
      "Startup Cost": 45547.44,
      "Total Cost": 45547.45,
      "Plan Rows": 1,
      "Plan Width": 8,
      "Actual Startup Time": 158.267,
      "Actual Total Time": 167.562,
      "Actual Rows": 1,
      "Actual Loops": 1,
      "Plans": [
        {
          "Node Type": "Gather",
          "Parent Relationship": "Outer",
          "Parallel Aware": false,
          "Startup Cost": 45547.12,
          "Total Cost": 45547.43,
          "Plan Rows": 3,
          "Plan Width": 8,
          "Actual Startup Time": 158.105,
          "Actual Total Time": 167.551,
          "Actual Rows": 4,
          "Actual Loops": 1,
          "Workers Planned": 3,
          "Workers Launched": 3,
          "Single Copy": false,
          "Plans": [
            {
              "Node Type": "Aggregate",
              "Strategy": "Plain",
              "Partial Mode": "Partial",
              "Parent Relationship": "Outer",
              "Parallel Aware": false,
              "Startup Cost": 44547.12,
              "Total Cost": 44547.13,
              "Plan Rows": 1,
              "Plan Width": 8,
              "Actual Startup Time": 151.091,
              "Actual Total Time": 151.093,
              "Actual Rows": 1,
              "Actual Loops": 4,
              "Plans": [
                {
                  "Node Type": "Seq Scan",
                  "Parent Relationship": "Outer",
                  "Parallel Aware": true,
                  "Relation Name": "movie_keyword",
                  "Alias": "mk",
                  "Startup Cost": 0.0,
                  "Total Cost": 42695.65,
                  "Plan Rows": 740588,
                  "Plan Width": 0,
                  "Actual Startup Time": 0.05,
                  "Actual Total Time": 122.243,
                  "Actual Rows": 578290,
                  "Actual Loops": 4,
                  "Filter": "(keyword_id < 4974)",
                  "Rows Removed by Filter": 552692
                }
              ]
            }
          ]
        }
      ]
    },
    "Planning Time": 0.213,
    "Triggers": [],
    "Execution Time": 167.619
  }
]