{
  "Plan": {
    "Node Type": "Aggregate",
    "Strategy": "Plain",
    "Partial Mode": "Finalize",
    "Parallel Aware": false,
    "Startup Cost": 110725.28,
    "Total Cost": 110725.29,
    "Plan Rows": 1,
    "Plan Width": 8,
    "Actual Startup Time": 815.715,
    "Actual Total Time": 837.866,
    "Actual Rows": 1,
    "Actual Loops": 1,
    "Plans": [
      {
        "Node Type": "Gather",
        "Parent Relationship": "Outer",
        "Parallel Aware": false,
        "Startup Cost": 110725.17,
        "Total Cost": 110725.28,
        "Plan Rows": 1,
        "Plan Width": 8,
        "Actual Startup Time": 806.969,
        "Actual Total Time": 837.858,
        "Actual Rows": 2,
        "Actual Loops": 1,
        "Workers Planned": 1,
        "Workers Launched": 1,
        "Single Copy": false,
        "Plans": [
          {
            "Node Type": "Aggregate",
            "Strategy": "Plain",
            "Partial Mode": "Partial",
            "Parent Relationship": "Outer",
            "Parallel Aware": false,
            "Startup Cost": 109725.17,
            "Total Cost": 109725.18,
            "Plan Rows": 1,
            "Plan Width": 8,
            "Actual Startup Time": 796.884,
            "Actual Total Time": 796.889,
            "Actual Rows": 1,
            "Actual Loops": 2,
            "Plans": [
              {
                "Node Type": "Hash Join",
                "Parent Relationship": "Outer",
                "Parallel Aware": true,
                "Join Type": "Inner",
                "Startup Cost": 80080.93,
                "Total Cost": 108988.97,
                "Plan Rows": 294482,
                "Plan Width": 0,
                "Actual Startup Time": 630.524,
                "Actual Total Time": 784.037,
                "Actual Rows": 243810,
                "Actual Loops": 2,
                "Inner Unique": true,
                "Hash Cond": "(mk.movie_id = t.id)",
                "Plans": [
                  {
                    "Node Type": "Bitmap Heap Scan",
                    "Parent Relationship": "Outer",
                    "Parallel Aware": true,
                    "Relation Name": "movie_keyword",
                    "Alias": "mk",
                    "Startup Cost": 10620.23,
                    "Total Cost": 38755.25,
                    "Plan Rows": 294482,
                    "Plan Width": 4,
                    "Actual Startup Time": 30.541,
                    "Actual Total Time": 113.17,
                    "Actual Rows": 243810,
                    "Actual Loops": 2,
                    "Recheck Cond": "(keyword_id > 36833)",
                    "Rows Removed by Index Recheck": 0,
                    "Exact Heap Blocks": 14945,
                    "Lossy Heap Blocks": 0,
                    "Plans": [
                      {
                        "Node Type": "Bitmap Index Scan",
                        "Parent Relationship": "Outer",
                        "Parallel Aware": false,
                        "Index Name": "keyword_id_movie_keyword",
                        "Startup Cost": 0.0,
                        "Total Cost": 10495.08,
                        "Plan Rows": 500619,
                        "Plan Width": 0,
                        "Actual Startup Time": 27.179,
                        "Actual Total Time": 27.179,
                        "Actual Rows": 487619,
                        "Actual Loops": 1,
                        "Index Cond": "(keyword_id > 36833)"
                      }
                    ]
                  },
                  {
                    "Node Type": "Hash",
                    "Parent Relationship": "Inner",
                    "Parallel Aware": true,
                    "Startup Cost": 50870.31,
                    "Total Cost": 50870.31,
                    "Plan Rows": 1487231,
                    "Plan Width": 4,
                    "Actual Startup Time": 580.573,
                    "Actual Total Time": 580.574,
                    "Actual Rows": 1264156,
                    "Actual Loops": 2,
                    "Hash Buckets": 4194304,
                    "Original Hash Buckets": 4194304,
                    "Hash Batches": 1,
                    "Original Hash Batches": 1,
                    "Peak Memory Usage": 131712,
                    "Plans": [
                      {
                        "Node Type": "Seq Scan",
                        "Parent Relationship": "Outer",
                        "Parallel Aware": true,
                        "Relation Name": "title",
                        "Alias": "t",
                        "Startup Cost": 0.0,
                        "Total Cost": 50870.31,
                        "Plan Rows": 1487231,
                        "Plan Width": 4,
                        "Actual Startup Time": 0.024,
                        "Actual Total Time": 179.602,
                        "Actual Rows": 1264156,
                        "Actual Loops": 2
                      }
                    ]
                  }
                ]
              }
            ]
          }
        ]
      }
    ]
  },
  "Planning Time": 0.398,
  "Triggers": [],
  "Execution Time": 837.935
}