[
  {
    "Plan": {
      "Node Type": "Aggregate",
      "Strategy": "Plain",
      "Partial Mode": "Finalize",
      "Parallel Aware": false,
      "Startup Cost": 333448.35,
      "Total Cost": 333448.36,
      "Plan Rows": 1,
      "Plan Width": 8,
      "Actual Startup Time": 653.713,
      "Actual Total Time": 708.968,
      "Actual Rows": 1,
      "Actual Loops": 1,
      "Plans": [
        {
          "Node Type": "Gather",
          "Parent Relationship": "Outer",
          "Parallel Aware": false,
          "Startup Cost": 333447.73,
          "Total Cost": 333448.34,
          "Plan Rows": 6,
          "Plan Width": 8,
          "Actual Startup Time": 653.563,
          "Actual Total Time": 708.958,
          "Actual Rows": 7,
          "Actual Loops": 1,
          "Workers Planned": 6,
          "Workers Launched": 6,
          "Single Copy": false,
          "Plans": [
            {
              "Node Type": "Aggregate",
              "Strategy": "Plain",
              "Partial Mode": "Partial",
              "Parent Relationship": "Outer",
              "Parallel Aware": false,
              "Startup Cost": 332447.73,
              "Total Cost": 332447.74,
              "Plan Rows": 1,
              "Plan Width": 8,
              "Actual Startup Time": 644.633,
              "Actual Total Time": 644.634,
              "Actual Rows": 1,
              "Actual Loops": 7,
              "Plans": [
                {
                  "Node Type": "Seq Scan",
                  "Parent Relationship": "Outer",
                  "Parallel Aware": true,
                  "Relation Name": "cast_info",
                  "Alias": "ci",
                  "Startup Cost": 0.0,
                  "Total Cost": 328162.03,
                  "Plan Rows": 1714281,
                  "Plan Width": 0,
                  "Actual Startup Time": 0.043,
                  "Actual Total Time": 576.459,
                  "Actual Rows": 1477222,
                  "Actual Loops": 7,
                  "Filter": "(person_id < 1016197)",
                  "Rows Removed by Filter": 3700542
                }
              ]
            }
          ]
        }
      ]
    },
    "Planning Time": 0.174,
    "Triggers": [],
    "Execution Time": 709.033
  }
]