[
  {
    "Plan": {
      "Node Type": "Aggregate",
      "Strategy": "Plain",
      "Partial Mode": "Finalize",
      "Parallel Aware": false,
      "Startup Cost": 335631.65,
      "Total Cost": 335631.66,
      "Plan Rows": 1,
      "Plan Width": 8,
      "Actual Startup Time": 693.817,
      "Actual Total Time": 750.072,
      "Actual Rows": 1,
      "Actual Loops": 1,
      "Plans": [
        {
          "Node Type": "Gather",
          "Parent Relationship": "Outer",
          "Parallel Aware": false,
          "Startup Cost": 335631.03,
          "Total Cost": 335631.64,
          "Plan Rows": 6,
          "Plan Width": 8,
          "Actual Startup Time": 693.712,
          "Actual Total Time": 750.063,
          "Actual Rows": 7,
          "Actual Loops": 1,
          "Workers Planned": 6,
          "Workers Launched": 6,
          "Single Copy": false,
          "Plans": [
            {
              "Node Type": "Aggregate",
              "Strategy": "Plain",
              "Partial Mode": "Partial",
              "Parent Relationship": "Outer",
              "Parallel Aware": false,
              "Startup Cost": 334631.03,
              "Total Cost": 334631.04,
              "Plan Rows": 1,
              "Plan Width": 8,
              "Actual Startup Time": 683.478,
              "Actual Total Time": 683.479,
              "Actual Rows": 1,
              "Actual Loops": 7,
              "Plans": [
                {
                  "Node Type": "Seq Scan",
                  "Parent Relationship": "Outer",
                  "Parallel Aware": true,
                  "Relation Name": "cast_info",
                  "Alias": "ci",
                  "Startup Cost": 0.0,
                  "Total Cost": 328162.03,
                  "Plan Rows": 2587600,
                  "Plan Width": 0,
                  "Actual Startup Time": 231.202,
                  "Actual Total Time": 587.679,
                  "Actual Rows": 2215755,
                  "Actual Loops": 7,
                  "Filter": "(person_id > 2088213)",
                  "Rows Removed by Filter": 2962009
                }
              ]
            }
          ]
        }
      ]
    },
    "Planning Time": 0.194,
    "Triggers": [],
    "Execution Time": 750.143
  }
]