[
    {
        "Bao": {
            "Bao prediction": "NaN",
            "Bao recommended hint": "(no hint)"
        }
    },
    {
        "Plan": {
            "Node Type": "Aggregate",
            "Strategy": "Plain",
            "Partial Mode": "Finalize",
            "Parallel Aware": false,
            "Startup Cost": 33605.71,
            "Total Cost": 33605.72,
            "Plan Rows": 1,
            "Plan Width": 8,
            "Actual Startup Time": 88.436,
            "Actual Total Time": 94.845,
            "Actual Rows": 1,
            "Actual Loops": 1,
            "Output": [
                "count(*)"
            ],
            "Plans": [
                {
                    "Node Type": "Gather",
                    "Parent Relationship": "Outer",
                    "Parallel Aware": false,
                    "Startup Cost": 33605.39,
                    "Total Cost": 33605.7,
                    "Plan Rows": 3,
                    "Plan Width": 8,
                    "Actual Startup Time": 88.18,
                    "Actual Total Time": 94.838,
                    "Actual Rows": 4,
                    "Actual Loops": 1,
                    "Output": [
                        "(PARTIAL count(*))"
                    ],
                    "Workers Planned": 3,
                    "Workers Launched": 3,
                    "Single Copy": false,
                    "Plans": [
                        {
                            "Node Type": "Aggregate",
                            "Strategy": "Plain",
                            "Partial Mode": "Partial",
                            "Parent Relationship": "Outer",
                            "Parallel Aware": false,
                            "Startup Cost": 32605.39,
                            "Total Cost": 32605.4,
                            "Plan Rows": 1,
                            "Plan Width": 8,
                            "Actual Startup Time": 79.453,
                            "Actual Total Time": 79.454,
                            "Actual Rows": 1,
                            "Actual Loops": 4,
                            "Output": [
                                "PARTIAL count(*)"
                            ],
                            "Workers": [
                                {
                                    "Worker Number": 0,
                                    "Actual Startup Time": 76.133,
                                    "Actual Total Time": 76.134,
                                    "Actual Rows": 1,
                                    "Actual Loops": 1
                                },
                                {
                                    "Worker Number": 1,
                                    "Actual Startup Time": 76.721,
                                    "Actual Total Time": 76.723,
                                    "Actual Rows": 1,
                                    "Actual Loops": 1
                                },
                                {
                                    "Worker Number": 2,
                                    "Actual Startup Time": 77.053,
                                    "Actual Total Time": 77.055,
                                    "Actual Rows": 1,
                                    "Actual Loops": 1
                                }
                            ],
                            "Plans": [
                                {
                                    "Node Type": "Bitmap Heap Scan",
                                    "Parent Relationship": "Outer",
                                    "Parallel Aware": true,
                                    "Relation Name": "movie_keyword",
                                    "Schema": "public",
                                    "Alias": "mk",
                                    "Startup Cost": 6637.38,
                                    "Total Cost": 32353.05,
                                    "Plan Rows": 100934,
                                    "Plan Width": 0,
                                    "Actual Startup Time": 16.973,
                                    "Actual Total Time": 74.91,
                                    "Actual Rows": 77694,
                                    "Actual Loops": 4,
                                    "Recheck Cond": "(mk.keyword_id > 52521)",
                                    "Rows Removed by Index Recheck": 0,
                                    "Exact Heap Blocks": 11124,
                                    "Lossy Heap Blocks": 0,
                                    "Workers": [
                                        {
                                            "Worker Number": 0,
                                            "Actual Startup Time": 13.691,
                                            "Actual Total Time": 72.364,
                                            "Actual Rows": 48847,
                                            "Actual Loops": 1
                                        },
                                        {
                                            "Worker Number": 1,
                                            "Actual Startup Time": 14.295,
                                            "Actual Total Time": 72.652,
                                            "Actual Rows": 52747,
                                            "Actual Loops": 1
                                        },
                                        {
                                            "Worker Number": 2,
                                            "Actual Startup Time": 14.73,
                                            "Actual Total Time": 73.009,
                                            "Actual Rows": 52250,
                                            "Actual Loops": 1
                                        }
                                    ],
                                    "Plans": [
                                        {
                                            "Node Type": "Bitmap Index Scan",
                                            "Parent Relationship": "Outer",
                                            "Parallel Aware": false,
                                            "Index Name": "keyword_id_movie_keyword",
                                            "Startup Cost": 0.0,
                                            "Total Cost": 6559.15,
                                            "Plan Rows": 312896,
                                            "Plan Width": 0,
                                            "Actual Startup Time": 22.004,
                                            "Actual Total Time": 22.005,
                                            "Actual Rows": 310777,
                                            "Actual Loops": 1,
                                            "Index Cond": "(mk.keyword_id > 52521)"
                                        }
                                    ]
                                }
                            ]
                        }
                    ]
                }
            ]
        },
        "Planning Time": 193.355,
        "Triggers": [],
        "Execution Time": 94.899
    }
]