{
  "Plan": {
    "Node Type": "Aggregate",
    "Strategy": "Plain",
    "Partial Mode": "Finalize",
    "Parallel Aware": false,
    "Startup Cost": 114859.61,
    "Total Cost": 114859.62,
    "Plan Rows": 1,
    "Plan Width": 8,
    "Actual Startup Time": 1009.981,
    "Actual Total Time": 1026.166,
    "Actual Rows": 1,
    "Actual Loops": 1,
    "Plans": [
      {
        "Node Type": "Gather",
        "Parent Relationship": "Outer",
        "Parallel Aware": false,
        "Startup Cost": 114859.5,
        "Total Cost": 114859.61,
        "Plan Rows": 1,
        "Plan Width": 8,
        "Actual Startup Time": 1006.156,
        "Actual Total Time": 1026.147,
        "Actual Rows": 2,
        "Actual Loops": 1,
        "Workers Planned": 1,
        "Workers Launched": 1,
        "Single Copy": false,
        "Plans": [
          {
            "Node Type": "Aggregate",
            "Strategy": "Plain",
            "Partial Mode": "Partial",
            "Parent Relationship": "Outer",
            "Parallel Aware": false,
            "Startup Cost": 113859.5,
            "Total Cost": 113859.51,
            "Plan Rows": 1,
            "Plan Width": 8,
            "Actual Startup Time": 1000.434,
            "Actual Total Time": 1001.615,
            "Actual Rows": 1,
            "Actual Loops": 2,
            "Plans": [
              {
                "Node Type": "Hash Join",
                "Parent Relationship": "Outer",
                "Parallel Aware": true,
                "Join Type": "Inner",
                "Startup Cost": 48829.07,
                "Total Cost": 112408.55,
                "Plan Rows": 580377,
                "Plan Width": 0,
                "Actual Startup Time": 376.655,
                "Actual Total Time": 970.626,
                "Actual Rows": 632483,
                "Actual Loops": 2,
                "Inner Unique": false,
                "Hash Cond": "(t.id = mc.movie_id)",
                "Plans": [
                  {
                    "Node Type": "Seq Scan",
                    "Parent Relationship": "Outer",
                    "Parallel Aware": true,
                    "Relation Name": "title",
                    "Alias": "t",
                    "Startup Cost": 0.0,
                    "Total Cost": 50870.31,
                    "Plan Rows": 1487231,
                    "Plan Width": 4,
                    "Actual Startup Time": 0.018,
                    "Actual Total Time": 145.612,
                    "Actual Rows": 1264156,
                    "Actual Loops": 2
                  },
                  {
                    "Node Type": "Hash",
                    "Parent Relationship": "Inner",
                    "Parallel Aware": true,
                    "Startup Cost": 41574.35,
                    "Total Cost": 41574.35,
                    "Plan Rows": 580377,
                    "Plan Width": 4,
                    "Actual Startup Time": 367.581,
                    "Actual Total Time": 367.582,
                    "Actual Rows": 632483,
                    "Actual Loops": 2,
                    "Hash Buckets": 2097152,
                    "Original Hash Buckets": 1048576,
                    "Hash Batches": 1,
                    "Original Hash Batches": 1,
                    "Peak Memory Usage": 74112,
                    "Plans": [
                      {
                        "Node Type": "Index Scan",
                        "Parent Relationship": "Outer",
                        "Parallel Aware": true,
                        "Scan Direction": "Forward",
                        "Index Name": "company_type_id_movie_companies",
                        "Relation Name": "movie_companies",
                        "Alias": "mc",
                        "Startup Cost": 0.43,
                        "Total Cost": 41574.35,
                        "Plan Rows": 580377,
                        "Plan Width": 4,
                        "Actual Startup Time": 0.085,
                        "Actual Total Time": 161.831,
                        "Actual Rows": 632483,
                        "Actual Loops": 2,
                        "Index Cond": "(company_type_id < 2)",
                        "Rows Removed by Index Recheck": 0,
                        "Filter": "(company_id < 62670)",
                        "Rows Removed by Filter": 4640
                      }
                    ]
                  }
                ]
              }
            ]
          }
        ]
      }
    ]
  },
  "Planning Time": 0.797,
  "Triggers": [],
  "Execution Time": 1026.258
}