{
  "Plan": {
    "Node Type": "Aggregate",
    "Strategy": "Plain",
    "Partial Mode": "Finalize",
    "Parallel Aware": false,
    "Startup Cost": 129987.17,
    "Total Cost": 129987.18,
    "Plan Rows": 1,
    "Plan Width": 8,
    "Actual Startup Time": 821.419,
    "Actual Total Time": 837.394,
    "Actual Rows": 1,
    "Actual Loops": 1,
    "Plans": [
      {
        "Node Type": "Gather",
        "Parent Relationship": "Outer",
        "Parallel Aware": false,
        "Startup Cost": 129987.06,
        "Total Cost": 129987.17,
        "Plan Rows": 1,
        "Plan Width": 8,
        "Actual Startup Time": 820.238,
        "Actual Total Time": 837.387,
        "Actual Rows": 2,
        "Actual Loops": 1,
        "Workers Planned": 1,
        "Workers Launched": 1,
        "Single Copy": false,
        "Plans": [
          {
            "Node Type": "Aggregate",
            "Strategy": "Plain",
            "Partial Mode": "Partial",
            "Parent Relationship": "Outer",
            "Parallel Aware": false,
            "Startup Cost": 128987.06,
            "Total Cost": 128987.07,
            "Plan Rows": 1,
            "Plan Width": 8,
            "Actual Startup Time": 814.351,
            "Actual Total Time": 814.355,
            "Actual Rows": 1,
            "Actual Loops": 2,
            "Plans": [
              {
                "Node Type": "Hash Join",
                "Parent Relationship": "Outer",
                "Parallel Aware": true,
                "Join Type": "Inner",
                "Startup Cost": 63120.78,
                "Total Cost": 127375.03,
                "Plan Rows": 644811,
                "Plan Width": 0,
                "Actual Startup Time": 275.429,
                "Actual Total Time": 755.892,
                "Actual Rows": 1492586,
                "Actual Loops": 2,
                "Inner Unique": true,
                "Hash Cond": "(mk.movie_id = t.id)",
                "Plans": [
                  {
                    "Node Type": "Seq Scan",
                    "Parent Relationship": "Outer",
                    "Parallel Aware": true,
                    "Relation Name": "movie_keyword",
                    "Alias": "mk",
                    "Startup Cost": 0.0,
                    "Total Cost": 57718.19,
                    "Plan Rows": 2489924,
                    "Plan Width": 4,
                    "Actual Startup Time": 0.021,
                    "Actual Total Time": 207.467,
                    "Actual Rows": 2118671,
                    "Actual Loops": 2,
                    "Filter": "(keyword_id < 55747)",
                    "Rows Removed by Filter": 143294
                  },
                  {
                    "Node Type": "Hash",
                    "Parent Relationship": "Inner",
                    "Parallel Aware": true,
                    "Startup Cost": 58306.47,
                    "Total Cost": 58306.47,
                    "Plan Rows": 385145,
                    "Plan Width": 4,
                    "Actual Startup Time": 266.414,
                    "Actual Total Time": 266.415,
                    "Actual Rows": 355590,
                    "Actual Loops": 2,
                    "Hash Buckets": 1048576,
                    "Original Hash Buckets": 1048576,
                    "Hash Batches": 1,
                    "Original Hash Batches": 1,
                    "Peak Memory Usage": 36064,
                    "Plans": [
                      {
                        "Node Type": "Seq Scan",
                        "Parent Relationship": "Outer",
                        "Parallel Aware": true,
                        "Relation Name": "title",
                        "Alias": "t",
                        "Startup Cost": 0.0,
                        "Total Cost": 58306.47,
                        "Plan Rows": 385145,
                        "Plan Width": 4,
                        "Actual Startup Time": 0.054,
                        "Actual Total Time": 160.462,
                        "Actual Rows": 355590,
                        "Actual Loops": 2,
                        "Filter": "((kind_id < 7) AND (production_year < 2008))",
                        "Rows Removed by Filter": 908566
                      }
                    ]
                  }
                ]
              }
            ]
          }
        ]
      }
    ]
  },
  "Planning Time": 0.648,
  "Triggers": [],
  "Execution Time": 837.467
}