{
  "Plan": {
    "Node Type": "Aggregate",
    "Strategy": "Plain",
    "Partial Mode": "Finalize",
    "Parallel Aware": false,
    "Startup Cost": 31333.5,
    "Total Cost": 31333.51,
    "Plan Rows": 1,
    "Plan Width": 8,
    "Actual Startup Time": 40.147,
    "Actual Total Time": 45.43,
    "Actual Rows": 1,
    "Actual Loops": 1,
    "Plans": [
      {
        "Node Type": "Gather",
        "Parent Relationship": "Outer",
        "Parallel Aware": false,
        "Startup Cost": 31333.38,
        "Total Cost": 31333.49,
        "Plan Rows": 1,
        "Plan Width": 8,
        "Actual Startup Time": 39.992,
        "Actual Total Time": 45.424,
        "Actual Rows": 2,
        "Actual Loops": 1,
        "Workers Planned": 1,
        "Workers Launched": 1,
        "Single Copy": false,
        "Plans": [
          {
            "Node Type": "Aggregate",
            "Strategy": "Plain",
            "Partial Mode": "Partial",
            "Parent Relationship": "Outer",
            "Parallel Aware": false,
            "Startup Cost": 30333.38,
            "Total Cost": 30333.39,
            "Plan Rows": 1,
            "Plan Width": 8,
            "Actual Startup Time": 33.715,
            "Actual Total Time": 33.717,
            "Actual Rows": 1,
            "Actual Loops": 2,
            "Plans": [
              {
                "Node Type": "Nested Loop",
                "Parent Relationship": "Outer",
                "Parallel Aware": false,
                "Join Type": "Inner",
                "Startup Cost": 143.71,
                "Total Cost": 30326.71,
                "Plan Rows": 2668,
                "Plan Width": 0,
                "Actual Startup Time": 2.886,
                "Actual Total Time": 33.549,
                "Actual Rows": 1083,
                "Actual Loops": 2,
                "Inner Unique": false,
                "Plans": [
                  {
                    "Node Type": "Nested Loop",
                    "Parent Relationship": "Outer",
                    "Parallel Aware": false,
                    "Join Type": "Inner",
                    "Startup Cost": 143.27,
                    "Total Cost": 28553.38,
                    "Plan Rows": 711,
                    "Plan Width": 8,
                    "Actual Startup Time": 2.778,
                    "Actual Total Time": 29.643,
                    "Actual Rows": 206,
                    "Actual Loops": 2,
                    "Inner Unique": true,
                    "Plans": [
                      {
                        "Node Type": "Bitmap Heap Scan",
                        "Parent Relationship": "Outer",
                        "Parallel Aware": true,
                        "Relation Name": "movie_companies",
                        "Alias": "mc",
                        "Startup Cost": 142.84,
                        "Total Cost": 13463.58,
                        "Plan Rows": 1974,
                        "Plan Width": 4,
                        "Actual Startup Time": 1.716,
                        "Actual Total Time": 4.361,
                        "Actual Rows": 3141,
                        "Actual Loops": 2,
                        "Recheck Cond": "(company_id = 1284)",
                        "Rows Removed by Index Recheck": 0,
                        "Filter": "(company_type_id > 1)",
                        "Rows Removed by Filter": 36,
                        "Exact Heap Blocks": 614,
                        "Lossy Heap Blocks": 0,
                        "Plans": [
                          {
                            "Node Type": "Bitmap Index Scan",
                            "Parent Relationship": "Outer",
                            "Parallel Aware": false,
                            "Index Name": "company_id_movie_companies",
                            "Startup Cost": 0.0,
                            "Total Cost": 142.0,
                            "Plan Rows": 6610,
                            "Plan Width": 0,
                            "Actual Startup Time": 2.497,
                            "Actual Total Time": 2.497,
                            "Actual Rows": 6354,
                            "Actual Loops": 1,
                            "Index Cond": "(company_id = 1284)"
                          }
                        ]
                      },
                      {
                        "Node Type": "Index Scan",
                        "Parent Relationship": "Inner",
                        "Parallel Aware": false,
                        "Scan Direction": "Forward",
                        "Index Name": "title_pkey",
                        "Relation Name": "title",
                        "Alias": "t",
                        "Startup Cost": 0.43,
                        "Total Cost": 7.64,
                        "Plan Rows": 1,
                        "Plan Width": 4,
                        "Actual Startup Time": 0.008,
                        "Actual Total Time": 0.008,
                        "Actual Rows": 0,
                        "Actual Loops": 6282,
                        "Index Cond": "(id = mc.movie_id)",
                        "Rows Removed by Index Recheck": 0,
                        "Filter": "(production_year > 2006)",
                        "Rows Removed by Filter": 1
                      }
                    ]
                  },
                  {
                    "Node Type": "Index Scan",
                    "Parent Relationship": "Inner",
                    "Parallel Aware": false,
                    "Scan Direction": "Forward",
                    "Index Name": "movie_id_movie_info",
                    "Relation Name": "movie_info",
                    "Alias": "mi",
                    "Startup Cost": 0.43,
                    "Total Cost": 2.22,
                    "Plan Rows": 27,
                    "Plan Width": 4,
                    "Actual Startup Time": 0.007,
                    "Actual Total Time": 0.017,
                    "Actual Rows": 5,
                    "Actual Loops": 413,
                    "Index Cond": "(movie_id = t.id)",
                    "Rows Removed by Index Recheck": 0,
                    "Filter": "(info_type_id < 16)",
                    "Rows Removed by Filter": 3
                  }
                ]
              }
            ]
          }
        ]
      }
    ]
  },
  "Planning Time": 1.116,
  "Triggers": [],
  "Execution Time": 45.53
}