[
  {
    "Plan": {
      "Node Type": "Aggregate",
      "Strategy": "Plain",
      "Partial Mode": "Finalize",
      "Parallel Aware": false,
      "Startup Cost": 110033.45,
      "Total Cost": 110033.46,
      "Plan Rows": 1,
      "Plan Width": 8,
      "Actual Startup Time": 469.027,
      "Actual Total Time": 485.013,
      "Actual Rows": 1,
      "Actual Loops": 1,
      "Plans": [
        {
          "Node Type": "Gather",
          "Parent Relationship": "Outer",
          "Parallel Aware": false,
          "Startup Cost": 110033.13,
          "Total Cost": 110033.44,
          "Plan Rows": 3,
          "Plan Width": 8,
          "Actual Startup Time": 465.28,
          "Actual Total Time": 485.002,
          "Actual Rows": 4,
          "Actual Loops": 1,
          "Workers Planned": 3,
          "Workers Launched": 3,
          "Single Copy": false,
          "Plans": [
            {
              "Node Type": "Aggregate",
              "Strategy": "Plain",
              "Partial Mode": "Partial",
              "Parent Relationship": "Outer",
              "Parallel Aware": false,
              "Startup Cost": 109033.13,
              "Total Cost": 109033.14,
              "Plan Rows": 1,
              "Plan Width": 8,
              "Actual Startup Time": 452.845,
              "Actual Total Time": 453.02,
              "Actual Rows": 1,
              "Actual Loops": 4,
              "Plans": [
                {
                  "Node Type": "Hash Join",
                  "Parent Relationship": "Outer",
                  "Parallel Aware": true,
                  "Join Type": "Inner",
                  "Startup Cost": 64319.01,
                  "Total Cost": 108963.35,
                  "Plan Rows": 27913,
                  "Plan Width": 0,
                  "Actual Startup Time": 300.614,
                  "Actual Total Time": 451.74,
                  "Actual Rows": 23293,
                  "Actual Loops": 4,
                  "Inner Unique": false,
                  "Hash Cond": "(mk.movie_id = t.id)",
                  "Plans": [
                    {
                      "Node Type": "Seq Scan",
                      "Parent Relationship": "Outer",
                      "Parallel Aware": true,
                      "Relation Name": "movie_keyword",
                      "Alias": "mk",
                      "Startup Cost": 0.0,
                      "Total Cost": 42695.65,
                      "Plan Rows": 488636,
                      "Plan Width": 4,
                      "Actual Startup Time": 0.03,
                      "Actual Total Time": 111.26,
                      "Actual Rows": 383378,
                      "Actual Loops": 4,
                      "Filter": "(keyword_id < 2238)",
                      "Rows Removed by Filter": 747605
                    },
                    {
                      "Node Type": "Hash",
                      "Parent Relationship": "Inner",
                      "Parallel Aware": true,
                      "Startup Cost": 63566.79,
                      "Total Cost": 63566.79,
                      "Plan Rows": 60178,
                      "Plan Width": 8,
                      "Actual Startup Time": 297.943,
                      "Actual Total Time": 298.116,
                      "Actual Rows": 20551,
                      "Actual Loops": 4,
                      "Hash Buckets": 262144,
                      "Original Hash Buckets": 262144,
                      "Hash Batches": 1,
                      "Original Hash Batches": 1,
                      "Peak Memory Usage": 5344,
                      "Plans": [
                        {
                          "Node Type": "Hash Join",
                          "Parent Relationship": "Outer",
                          "Parallel Aware": true,
                          "Join Type": "Inner",
                          "Startup Cost": 47936.14,
                          "Total Cost": 63566.79,
                          "Plan Rows": 60178,
                          "Plan Width": 8,
                          "Actual Startup Time": 206.387,
                          "Actual Total Time": 288.484,
                          "Actual Rows": 20551,
                          "Actual Loops": 4,
                          "Inner Unique": true,
                          "Hash Cond": "(mi_idx.movie_id = t.id)",
                          "Plans": [
                            {
                              "Node Type": "Seq Scan",
                              "Parent Relationship": "Outer",
                              "Parallel Aware": true,
                              "Relation Name": "movie_info_idx",
                              "Alias": "mi_idx",
                              "Startup Cost": 0.0,
                              "Total Cost": 15122.68,
                              "Plan Rows": 193512,
                              "Plan Width": 4,
                              "Actual Startup Time": 0.029,
                              "Actual Total Time": 36.099,
                              "Actual Rows": 114981,
                              "Actual Loops": 4,
                              "Filter": "(info_type_id = 100)",
                              "Rows Removed by Filter": 230028
                            },
                            {
                              "Node Type": "Hash",
                              "Parent Relationship": "Inner",
                              "Parallel Aware": true,
                              "Startup Cost": 45479.1,
                              "Total Cost": 45479.1,
                              "Plan Rows": 196563,
                              "Plan Width": 4,
                              "Actual Startup Time": 202.732,
                              "Actual Total Time": 202.733,
                              "Actual Rows": 209660,
                              "Actual Loops": 4,
                              "Hash Buckets": 1048576,
                              "Original Hash Buckets": 1048576,
                              "Hash Batches": 1,
                              "Original Hash Batches": 1,
                              "Peak Memory Usage": 41088,
                              "Plans": [
                                {
                                  "Node Type": "Seq Scan",
                                  "Parent Relationship": "Outer",
                                  "Parallel Aware": true,
                                  "Relation Name": "title",
                                  "Alias": "t",
                                  "Startup Cost": 0.0,
                                  "Total Cost": 45479.1,
                                  "Plan Rows": 196563,
                                  "Plan Width": 4,
                                  "Actual Startup Time": 0.045,
                                  "Actual Total Time": 116.982,
                                  "Actual Rows": 209660,
                                  "Actual Loops": 4,
                                  "Filter": "((kind_id > 2) AND (production_year > 2004))",
                                  "Rows Removed by Filter": 422418
                                }
                              ]
                            }
                          ]
                        }
                      ]
                    }
                  ]
                }
              ]
            }
          ]
        }
      ]
    },
    "Planning Time": 1.476,
    "Triggers": [],
    "Execution Time": 485.105
  }
]