{
  "Plan": {
    "Node Type": "Aggregate",
    "Strategy": "Plain",
    "Partial Mode": "Finalize",
    "Parallel Aware": false,
    "Startup Cost": 340806.18,
    "Total Cost": 340806.19,
    "Plan Rows": 1,
    "Plan Width": 8,
    "Actual Startup Time": 1212.123,
    "Actual Total Time": 1262.14,
    "Actual Rows": 1,
    "Actual Loops": 1,
    "Plans": [
      {
        "Node Type": "Gather",
        "Parent Relationship": "Outer",
        "Parallel Aware": false,
        "Startup Cost": 340806.07,
        "Total Cost": 340806.18,
        "Plan Rows": 1,
        "Plan Width": 8,
        "Actual Startup Time": 1211.855,
        "Actual Total Time": 1262.128,
        "Actual Rows": 2,
        "Actual Loops": 1,
        "Workers Planned": 1,
        "Workers Launched": 1,
        "Single Copy": false,
        "Plans": [
          {
            "Node Type": "Aggregate",
            "Strategy": "Plain",
            "Partial Mode": "Partial",
            "Parent Relationship": "Outer",
            "Parallel Aware": false,
            "Startup Cost": 339806.07,
            "Total Cost": 339806.08,
            "Plan Rows": 1,
            "Plan Width": 8,
            "Actual Startup Time": 1206.192,
            "Actual Total Time": 1206.196,
            "Actual Rows": 1,
            "Actual Loops": 2,
            "Plans": [
              {
                "Node Type": "Hash Join",
                "Parent Relationship": "Outer",
                "Parallel Aware": true,
                "Join Type": "Inner",
                "Startup Cost": 55072.98,
                "Total Cost": 339466.05,
                "Plan Rows": 136009,
                "Plan Width": 0,
                "Actual Startup Time": 149.971,
                "Actual Total Time": 1202.352,
                "Actual Rows": 80199,
                "Actual Loops": 2,
                "Inner Unique": true,
                "Hash Cond": "(mi.movie_id = t.id)",
                "Plans": [
                  {
                    "Node Type": "Seq Scan",
                    "Parent Relationship": "Outer",
                    "Parallel Aware": true,
                    "Relation Name": "movie_info",
                    "Alias": "mi",
                    "Startup Cost": 0.0,
                    "Total Cost": 270696.42,
                    "Plan Rows": 5217764,
                    "Plan Width": 4,
                    "Actual Startup Time": 0.01,
                    "Actual Total Time": 691.193,
                    "Actual Rows": 4483347,
                    "Actual Loops": 2,
                    "Filter": "(info_type_id < 15)",
                    "Rows Removed by Filter": 2934513
                  },
                  {
                    "Node Type": "Hash",
                    "Parent Relationship": "Inner",
                    "Parallel Aware": true,
                    "Startup Cost": 54588.39,
                    "Total Cost": 54588.39,
                    "Plan Rows": 38767,
                    "Plan Width": 4,
                    "Actual Startup Time": 146.603,
                    "Actual Total Time": 146.604,
                    "Actual Rows": 31914,
                    "Actual Loops": 2,
                    "Hash Buckets": 131072,
                    "Original Hash Buckets": 131072,
                    "Hash Batches": 1,
                    "Original Hash Batches": 1,
                    "Peak Memory Usage": 3552,
                    "Plans": [
                      {
                        "Node Type": "Seq Scan",
                        "Parent Relationship": "Outer",
                        "Parallel Aware": true,
                        "Relation Name": "title",
                        "Alias": "t",
                        "Startup Cost": 0.0,
                        "Total Cost": 54588.39,
                        "Plan Rows": 38767,
                        "Plan Width": 4,
                        "Actual Startup Time": 0.059,
                        "Actual Total Time": 136.608,
                        "Actual Rows": 31914,
                        "Actual Loops": 2,
                        "Filter": "(production_year = 2013)",
                        "Rows Removed by Filter": 1232242
                      }
                    ]
                  }
                ]
              }
            ]
          }
        ]
      }
    ]
  },
  "Planning Time": 0.476,
  "Triggers": [],
  "Execution Time": 1262.222
}