[
  {
    "Plan": {
      "Node Type": "Aggregate",
      "Strategy": "Plain",
      "Partial Mode": "Finalize",
      "Parallel Aware": false,
      "Startup Cost": 62652.51,
      "Total Cost": 62652.52,
      "Plan Rows": 1,
      "Plan Width": 8,
      "Actual Startup Time": 206.134,
      "Actual Total Time": 214.203,
      "Actual Rows": 1,
      "Actual Loops": 1,
      "Plans": [
        {
          "Node Type": "Gather",
          "Parent Relationship": "Outer",
          "Parallel Aware": false,
          "Startup Cost": 62652.3,
          "Total Cost": 62652.51,
          "Plan Rows": 2,
          "Plan Width": 8,
          "Actual Startup Time": 204.91,
          "Actual Total Time": 214.191,
          "Actual Rows": 3,
          "Actual Loops": 1,
          "Workers Planned": 2,
          "Workers Launched": 2,
          "Single Copy": false,
          "Plans": [
            {
              "Node Type": "Aggregate",
              "Strategy": "Plain",
              "Partial Mode": "Partial",
              "Parent Relationship": "Outer",
              "Parallel Aware": false,
              "Startup Cost": 61652.3,
              "Total Cost": 61652.31,
              "Plan Rows": 1,
              "Plan Width": 8,
              "Actual Startup Time": 200.585,
              "Actual Total Time": 200.69,
              "Actual Rows": 1,
              "Actual Loops": 3,
              "Plans": [
                {
                  "Node Type": "Hash Join",
                  "Parent Relationship": "Outer",
                  "Parallel Aware": true,
                  "Join Type": "Inner",
                  "Startup Cost": 45996.55,
                  "Total Cost": 61621.01,
                  "Plan Rows": 12516,
                  "Plan Width": 0,
                  "Actual Startup Time": 158.131,
                  "Actual Total Time": 199.434,
                  "Actual Rows": 28519,
                  "Actual Loops": 3,
                  "Inner Unique": true,
                  "Hash Cond": "(mi_idx.movie_id = t.id)",
                  "Plans": [
                    {
                      "Node Type": "Seq Scan",
                      "Parent Relationship": "Outer",
                      "Parallel Aware": true,
                      "Relation Name": "movie_info_idx",
                      "Alias": "mi_idx",
                      "Startup Cost": 0.0,
                      "Total Cost": 15122.68,
                      "Plan Rows": 191154,
                      "Plan Width": 4,
                      "Actual Startup Time": 0.018,
                      "Actual Total Time": 35.922,
                      "Actual Rows": 153395,
                      "Actual Loops": 3,
                      "Filter": "(info_type_id > 100)",
                      "Rows Removed by Filter": 306617
                    },
                    {
                      "Node Type": "Hash",
                      "Parent Relationship": "Inner",
                      "Parallel Aware": true,
                      "Startup Cost": 45479.21,
                      "Total Cost": 45479.21,
                      "Plan Rows": 41387,
                      "Plan Width": 4,
                      "Actual Startup Time": 132.131,
                      "Actual Total Time": 132.132,
                      "Actual Rows": 100361,
                      "Actual Loops": 3,
                      "Hash Buckets": 524288,
                      "Original Hash Buckets": 262144,
                      "Hash Batches": 1,
                      "Original Hash Batches": 1,
                      "Peak Memory Usage": 17984,
                      "Plans": [
                        {
                          "Node Type": "Seq Scan",
                          "Parent Relationship": "Outer",
                          "Parallel Aware": true,
                          "Relation Name": "title",
                          "Alias": "t",
                          "Startup Cost": 0.0,
                          "Total Cost": 45479.21,
                          "Plan Rows": 41387,
                          "Plan Width": 4,
                          "Actual Startup Time": 56.891,
                          "Actual Total Time": 100.246,
                          "Actual Rows": 100361,
                          "Actual Loops": 3,
                          "Filter": "((production_year < 1987) AND (kind_id = 1))",
                          "Rows Removed by Filter": 742409
                        }
                      ]
                    }
                  ]
                }
              ]
            }
          ]
        }
      ]
    },
    "Planning Time": 0.296,
    "Triggers": [],
    "Execution Time": 214.239
  }
]