[
  {
    "Plan": {
      "Node Type": "Aggregate",
      "Strategy": "Plain",
      "Partial Mode": "Finalize",
      "Parallel Aware": false,
      "Startup Cost": 289325.91,
      "Total Cost": 289325.92,
      "Plan Rows": 1,
      "Plan Width": 8,
      "Actual Startup Time": 3236.657,
      "Actual Total Time": 3330.163,
      "Actual Rows": 1,
      "Actual Loops": 1,
      "Plans": [
        {
          "Node Type": "Gather",
          "Parent Relationship": "Outer",
          "Parallel Aware": false,
          "Startup Cost": 289325.6,
          "Total Cost": 289325.91,
          "Plan Rows": 3,
          "Plan Width": 8,
          "Actual Startup Time": 3234.002,
          "Actual Total Time": 3330.153,
          "Actual Rows": 4,
          "Actual Loops": 1,
          "Workers Planned": 3,
          "Workers Launched": 3,
          "Single Copy": false,
          "Plans": [
            {
              "Node Type": "Aggregate",
              "Strategy": "Plain",
              "Partial Mode": "Partial",
              "Parent Relationship": "Outer",
              "Parallel Aware": false,
              "Startup Cost": 288325.6,
              "Total Cost": 288325.61,
              "Plan Rows": 1,
              "Plan Width": 8,
              "Actual Startup Time": 3225.051,
              "Actual Total Time": 3225.055,
              "Actual Rows": 1,
              "Actual Loops": 4,
              "Plans": [
                {
                  "Node Type": "Nested Loop",
                  "Parent Relationship": "Outer",
                  "Parallel Aware": false,
                  "Join Type": "Inner",
                  "Startup Cost": 47239.15,
                  "Total Cost": 288126.45,
                  "Plan Rows": 79660,
                  "Plan Width": 0,
                  "Actual Startup Time": 177.962,
                  "Actual Total Time": 3169.842,
                  "Actual Rows": 959801,
                  "Actual Loops": 4,
                  "Inner Unique": false,
                  "Join Filter": "(t.id = ci.movie_id)",
                  "Rows Removed by Join Filter": 0,
                  "Plans": [
                    {
                      "Node Type": "Hash Join",
                      "Parent Relationship": "Outer",
                      "Parallel Aware": true,
                      "Join Type": "Inner",
                      "Startup Cost": 47238.59,
                      "Total Cost": 90676.46,
                      "Plan Rows": 62946,
                      "Plan Width": 8,
                      "Actual Startup Time": 177.682,
                      "Actual Total Time": 351.561,
                      "Actual Rows": 82776,
                      "Actual Loops": 4,
                      "Inner Unique": true,
                      "Hash Cond": "(mk.movie_id = t.id)",
                      "Plans": [
                        {
                          "Node Type": "Seq Scan",
                          "Parent Relationship": "Outer",
                          "Parallel Aware": true,
                          "Relation Name": "movie_keyword",
                          "Alias": "mk",
                          "Startup Cost": 0.0,
                          "Total Cost": 42695.65,
                          "Plan Rows": 282749,
                          "Plan Width": 4,
                          "Actual Startup Time": 0.029,
                          "Actual Total Time": 105.168,
                          "Actual Rows": 219567,
                          "Actual Loops": 4,
                          "Filter": "(keyword_id < 832)",
                          "Rows Removed by Filter": 911416
                        },
                        {
                          "Node Type": "Hash",
                          "Parent Relationship": "Inner",
                          "Parallel Aware": true,
                          "Startup Cost": 45479.59,
                          "Total Cost": 45479.59,
                          "Plan Rows": 140720,
                          "Plan Width": 4,
                          "Actual Startup Time": 172.424,
                          "Actual Total Time": 172.425,
                          "Actual Rows": 119292,
                          "Actual Loops": 4,
                          "Hash Buckets": 1048576,
                          "Original Hash Buckets": 1048576,
                          "Hash Batches": 1,
                          "Original Hash Batches": 1,
                          "Peak Memory Usage": 26912,
                          "Plans": [
                            {
                              "Node Type": "Seq Scan",
                              "Parent Relationship": "Outer",
                              "Parallel Aware": true,
                              "Relation Name": "title",
                              "Alias": "t",
                              "Startup Cost": 0.0,
                              "Total Cost": 45479.59,
                              "Plan Rows": 140720,
                              "Plan Width": 4,
                              "Actual Startup Time": 0.048,
                              "Actual Total Time": 116.807,
                              "Actual Rows": 119292,
                              "Actual Loops": 4,
                              "Filter": "((kind_id < 7) AND (production_year > 1999))",
                              "Rows Removed by Filter": 512786
                            }
                          ]
                        }
                      ]
                    },
                    {
                      "Node Type": "Index Scan",
                      "Parent Relationship": "Inner",
                      "Parallel Aware": false,
                      "Scan Direction": "Forward",
                      "Index Name": "movie_id_cast_info",
                      "Relation Name": "cast_info",
                      "Alias": "ci",
                      "Startup Cost": 0.56,
                      "Total Cost": 3.1,
                      "Plan Rows": 3,
                      "Plan Width": 4,
                      "Actual Startup Time": 0.022,
                      "Actual Total Time": 0.033,
                      "Actual Rows": 12,
                      "Actual Loops": 331105,
                      "Index Cond": "(movie_id = mk.movie_id)",
                      "Rows Removed by Index Recheck": 0,
                      "Filter": "((person_id > 3183791) AND (role_id > 1))",
                      "Rows Removed by Filter": 39
                    }
                  ]
                }
              ]
            }
          ]
        }
      ]
    },
    "Planning Time": 1.452,
    "Triggers": [],
    "Execution Time": 3330.28
  }
]