[
    {
        "Bao": {
            "Bao prediction": "NaN",
            "Bao recommended hint": "(no hint)"
        }
    },
    {
        "Plan": {
            "Node Type": "Aggregate",
            "Strategy": "Plain",
            "Partial Mode": "Finalize",
            "Parallel Aware": false,
            "Startup Cost": 47116.38,
            "Total Cost": 47116.39,
            "Plan Rows": 1,
            "Plan Width": 8,
            "Actual Startup Time": 199.648,
            "Actual Total Time": 205.214,
            "Actual Rows": 1,
            "Actual Loops": 1,
            "Output": [
                "count(*)"
            ],
            "Plans": [
                {
                    "Node Type": "Gather",
                    "Parent Relationship": "Outer",
                    "Parallel Aware": false,
                    "Startup Cost": 47116.06,
                    "Total Cost": 47116.37,
                    "Plan Rows": 3,
                    "Plan Width": 8,
                    "Actual Startup Time": 199.455,
                    "Actual Total Time": 205.206,
                    "Actual Rows": 4,
                    "Actual Loops": 1,
                    "Output": [
                        "(PARTIAL count(*))"
                    ],
                    "Workers Planned": 3,
                    "Workers Launched": 3,
                    "Single Copy": false,
                    "Plans": [
                        {
                            "Node Type": "Aggregate",
                            "Strategy": "Plain",
                            "Partial Mode": "Partial",
                            "Parent Relationship": "Outer",
                            "Parallel Aware": false,
                            "Startup Cost": 46116.06,
                            "Total Cost": 46116.07,
                            "Plan Rows": 1,
                            "Plan Width": 8,
                            "Actual Startup Time": 191.372,
                            "Actual Total Time": 191.373,
                            "Actual Rows": 1,
                            "Actual Loops": 4,
                            "Output": [
                                "PARTIAL count(*)"
                            ],
                            "Workers": [
                                {
                                    "Worker Number": 0,
                                    "Actual Startup Time": 188.545,
                                    "Actual Total Time": 188.546,
                                    "Actual Rows": 1,
                                    "Actual Loops": 1
                                },
                                {
                                    "Worker Number": 1,
                                    "Actual Startup Time": 188.969,
                                    "Actual Total Time": 188.97,
                                    "Actual Rows": 1,
                                    "Actual Loops": 1
                                },
                                {
                                    "Worker Number": 2,
                                    "Actual Startup Time": 189.019,
                                    "Actual Total Time": 189.021,
                                    "Actual Rows": 1,
                                    "Actual Loops": 1
                                }
                            ],
                            "Plans": [
                                {
                                    "Node Type": "Seq Scan",
                                    "Parent Relationship": "Outer",
                                    "Parallel Aware": true,
                                    "Relation Name": "movie_keyword",
                                    "Schema": "public",
                                    "Alias": "mk",
                                    "Startup Cost": 0.0,
                                    "Total Cost": 42695.65,
                                    "Plan Rows": 1368162,
                                    "Plan Width": 0,
                                    "Actual Startup Time": 0.051,
                                    "Actual Total Time": 133.533,
                                    "Actual Rows": 1060624,
                                    "Actual Loops": 4,
                                    "Output": [
                                        "id",
                                        "movie_id",
                                        "keyword_id"
                                    ],
                                    "Filter": "(mk.keyword_id < 56768)",
                                    "Rows Removed by Filter": 70359,
                                    "Workers": [
                                        {
                                            "Worker Number": 0,
                                            "Actual Startup Time": 0.066,
                                            "Actual Total Time": 132.518,
                                            "Actual Rows": 781951,
                                            "Actual Loops": 1
                                        },
                                        {
                                            "Worker Number": 1,
                                            "Actual Startup Time": 0.059,
                                            "Actual Total Time": 132.562,
                                            "Actual Rows": 784482,
                                            "Actual Loops": 1
                                        },
                                        {
                                            "Worker Number": 2,
                                            "Actual Startup Time": 0.058,
                                            "Actual Total Time": 131.968,
                                            "Actual Rows": 1220742,
                                            "Actual Loops": 1
                                        }
                                    ]
                                }
                            ]
                        }
                    ]
                }
            ]
        },
        "Planning Time": 225.565,
        "Triggers": [],
        "Execution Time": 205.281
    }
]