[
  {
    "Plan": {
      "Node Type": "Aggregate",
      "Strategy": "Plain",
      "Partial Mode": "Finalize",
      "Parallel Aware": false,
      "Startup Cost": 126994.43,
      "Total Cost": 126994.44,
      "Plan Rows": 1,
      "Plan Width": 8,
      "Actual Startup Time": 612.007,
      "Actual Total Time": 634.245,
      "Actual Rows": 1,
      "Actual Loops": 1,
      "Plans": [
        {
          "Node Type": "Gather",
          "Parent Relationship": "Outer",
          "Parallel Aware": false,
          "Startup Cost": 126994.12,
          "Total Cost": 126994.43,
          "Plan Rows": 3,
          "Plan Width": 8,
          "Actual Startup Time": 609.13,
          "Actual Total Time": 634.221,
          "Actual Rows": 4,
          "Actual Loops": 1,
          "Workers Planned": 3,
          "Workers Launched": 3,
          "Single Copy": false,
          "Plans": [
            {
              "Node Type": "Aggregate",
              "Strategy": "Plain",
              "Partial Mode": "Partial",
              "Parent Relationship": "Outer",
              "Parallel Aware": false,
              "Startup Cost": 125994.12,
              "Total Cost": 125994.13,
              "Plan Rows": 1,
              "Plan Width": 8,
              "Actual Startup Time": 599.566,
              "Actual Total Time": 599.804,
              "Actual Rows": 1,
              "Actual Loops": 4,
              "Plans": [
                {
                  "Node Type": "Hash Join",
                  "Parent Relationship": "Outer",
                  "Parallel Aware": true,
                  "Join Type": "Inner",
                  "Startup Cost": 78922.86,
                  "Total Cost": 125734.98,
                  "Plan Rows": 103654,
                  "Plan Width": 0,
                  "Actual Startup Time": 361.288,
                  "Actual Total Time": 576.89,
                  "Actual Rows": 596925,
                  "Actual Loops": 4,
                  "Inner Unique": false,
                  "Hash Cond": "(mk.movie_id = t.id)",
                  "Plans": [
                    {
                      "Node Type": "Seq Scan",
                      "Parent Relationship": "Outer",
                      "Parallel Aware": true,
                      "Relation Name": "movie_keyword",
                      "Alias": "mk",
                      "Startup Cost": 0.0,
                      "Total Cost": 42695.65,
                      "Plan Rows": 1028620,
                      "Plan Width": 4,
                      "Actual Startup Time": 0.027,
                      "Actual Total Time": 105.527,
                      "Actual Rows": 795207,
                      "Actual Loops": 4,
                      "Filter": "(keyword_id < 12738)",
                      "Rows Removed by Filter": 335776
                    },
                    {
                      "Node Type": "Hash",
                      "Parent Relationship": "Inner",
                      "Parallel Aware": true,
                      "Startup Cost": 78126.69,
                      "Total Cost": 78126.69,
                      "Plan Rows": 63694,
                      "Plan Width": 8,
                      "Actual Startup Time": 358.372,
                      "Actual Total Time": 358.608,
                      "Actual Rows": 94505,
                      "Actual Loops": 4,
                      "Hash Buckets": 524288,
                      "Original Hash Buckets": 262144,
                      "Hash Batches": 1,
                      "Original Hash Batches": 1,
                      "Peak Memory Usage": 20992,
                      "Plans": [
                        {
                          "Node Type": "Hash Join",
                          "Parent Relationship": "Outer",
                          "Parallel Aware": true,
                          "Join Type": "Inner",
                          "Startup Cost": 32442.13,
                          "Total Cost": 78126.69,
                          "Plan Rows": 63694,
                          "Plan Width": 8,
                          "Actual Startup Time": 115.738,
                          "Actual Total Time": 322.977,
                          "Actual Rows": 94505,
                          "Actual Loops": 4,
                          "Inner Unique": false,
                          "Hash Cond": "(t.id = mc.movie_id)",
                          "Plans": [
                            {
                              "Node Type": "Seq Scan",
                              "Parent Relationship": "Outer",
                              "Parallel Aware": true,
                              "Relation Name": "title",
                              "Alias": "t",
                              "Startup Cost": 0.0,
                              "Total Cost": 42318.73,
                              "Plan Rows": 632073,
                              "Plan Width": 4,
                              "Actual Startup Time": 0.011,
                              "Actual Total Time": 75.713,
                              "Actual Rows": 632078,
                              "Actual Loops": 4
                            },
                            {
                              "Node Type": "Hash",
                              "Parent Relationship": "Inner",
                              "Parallel Aware": true,
                              "Startup Cost": 31414.82,
                              "Total Cost": 31414.82,
                              "Plan Rows": 82185,
                              "Plan Width": 4,
                              "Actual Startup Time": 114.509,
                              "Actual Total Time": 114.51,
                              "Actual Rows": 94505,
                              "Actual Loops": 4,
                              "Hash Buckets": 524288,
                              "Original Hash Buckets": 262144,
                              "Hash Batches": 1,
                              "Original Hash Batches": 1,
                              "Peak Memory Usage": 20992,
                              "Plans": [
                                {
                                  "Node Type": "Seq Scan",
                                  "Parent Relationship": "Outer",
                                  "Parallel Aware": true,
                                  "Relation Name": "movie_companies",
                                  "Alias": "mc",
                                  "Startup Cost": 0.0,
                                  "Total Cost": 31414.82,
                                  "Plan Rows": 82185,
                                  "Plan Width": 4,
                                  "Actual Startup Time": 0.045,
                                  "Actual Total Time": 74.23,
                                  "Actual Rows": 94505,
                                  "Actual Loops": 4,
                                  "Filter": "((company_id < 475) AND (company_type_id < 2))",
                                  "Rows Removed by Filter": 557778
                                }
                              ]
                            }
                          ]
                        }
                      ]
                    }
                  ]
                }
              ]
            }
          ]
        }
      ]
    },
    "Planning Time": 1.527,
    "Triggers": [],
    "Execution Time": 634.335
  }
]