[
    {
        "Bao": {
            "Bao prediction": 457.65,
            "Bao recommended hint": "(no hint)"
        }
    },
    {
        "Plan": {
            "Node Type": "Aggregate",
            "Strategy": "Plain",
            "Partial Mode": "Finalize",
            "Parallel Aware": false,
            "Startup Cost": 33186.3,
            "Total Cost": 33186.31,
            "Plan Rows": 1,
            "Plan Width": 8,
            "Actual Startup Time": 118.279,
            "Actual Total Time": 126.287,
            "Actual Rows": 1,
            "Actual Loops": 1,
            "Output": [
                "count(*)"
            ],
            "Plans": [
                {
                    "Node Type": "Gather",
                    "Parent Relationship": "Outer",
                    "Parallel Aware": false,
                    "Startup Cost": 33185.98,
                    "Total Cost": 33186.29,
                    "Plan Rows": 3,
                    "Plan Width": 8,
                    "Actual Startup Time": 118.187,
                    "Actual Total Time": 126.28,
                    "Actual Rows": 4,
                    "Actual Loops": 1,
                    "Output": [
                        "(PARTIAL count(*))"
                    ],
                    "Workers Planned": 3,
                    "Workers Launched": 3,
                    "Single Copy": false,
                    "Plans": [
                        {
                            "Node Type": "Aggregate",
                            "Strategy": "Plain",
                            "Partial Mode": "Partial",
                            "Parent Relationship": "Outer",
                            "Parallel Aware": false,
                            "Startup Cost": 32185.98,
                            "Total Cost": 32185.99,
                            "Plan Rows": 1,
                            "Plan Width": 8,
                            "Actual Startup Time": 110.202,
                            "Actual Total Time": 110.203,
                            "Actual Rows": 1,
                            "Actual Loops": 4,
                            "Output": [
                                "PARTIAL count(*)"
                            ],
                            "Workers": [
                                {
                                    "Worker Number": 0,
                                    "Actual Startup Time": 107.639,
                                    "Actual Total Time": 107.64,
                                    "Actual Rows": 1,
                                    "Actual Loops": 1
                                },
                                {
                                    "Worker Number": 1,
                                    "Actual Startup Time": 107.639,
                                    "Actual Total Time": 107.64,
                                    "Actual Rows": 1,
                                    "Actual Loops": 1
                                },
                                {
                                    "Worker Number": 2,
                                    "Actual Startup Time": 108.011,
                                    "Actual Total Time": 108.012,
                                    "Actual Rows": 1,
                                    "Actual Loops": 1
                                }
                            ],
                            "Plans": [
                                {
                                    "Node Type": "Seq Scan",
                                    "Parent Relationship": "Outer",
                                    "Parallel Aware": true,
                                    "Relation Name": "movie_companies",
                                    "Schema": "public",
                                    "Alias": "mc",
                                    "Startup Cost": 0.0,
                                    "Total Cost": 31414.82,
                                    "Plan Rows": 308464,
                                    "Plan Width": 0,
                                    "Actual Startup Time": 53.323,
                                    "Actual Total Time": 99.574,
                                    "Actual Rows": 161487,
                                    "Actual Loops": 4,
                                    "Output": [
                                        "id",
                                        "movie_id",
                                        "company_id",
                                        "company_type_id",
                                        "note"
                                    ],
                                    "Filter": "((mc.company_id < 39783) AND (mc.company_type_id = 2))",
                                    "Rows Removed by Filter": 490795,
                                    "Workers": [
                                        {
                                            "Worker Number": 0,
                                            "Actual Startup Time": 50.761,
                                            "Actual Total Time": 97.316,
                                            "Actual Rows": 155004,
                                            "Actual Loops": 1
                                        },
                                        {
                                            "Worker Number": 1,
                                            "Actual Startup Time": 50.759,
                                            "Actual Total Time": 97.281,
                                            "Actual Rows": 155536,
                                            "Actual Loops": 1
                                        },
                                        {
                                            "Worker Number": 2,
                                            "Actual Startup Time": 51.138,
                                            "Actual Total Time": 97.885,
                                            "Actual Rows": 152007,
                                            "Actual Loops": 1
                                        }
                                    ]
                                }
                            ]
                        }
                    ]
                }
            ]
        },
        "Planning Time": 3474.485,
        "Triggers": [],
        "Execution Time": 126.447
    }
]