[
  {
    "Plan": {
      "Node Type": "Aggregate",
      "Strategy": "Plain",
      "Partial Mode": "Finalize",
      "Parallel Aware": false,
      "Startup Cost": 62157.04,
      "Total Cost": 62157.05,
      "Plan Rows": 1,
      "Plan Width": 8,
      "Actual Startup Time": 184.45,
      "Actual Total Time": 197.852,
      "Actual Rows": 1,
      "Actual Loops": 1,
      "Plans": [
        {
          "Node Type": "Gather",
          "Parent Relationship": "Outer",
          "Parallel Aware": false,
          "Startup Cost": 62156.83,
          "Total Cost": 62157.04,
          "Plan Rows": 2,
          "Plan Width": 8,
          "Actual Startup Time": 184.286,
          "Actual Total Time": 197.843,
          "Actual Rows": 3,
          "Actual Loops": 1,
          "Workers Planned": 2,
          "Workers Launched": 2,
          "Single Copy": false,
          "Plans": [
            {
              "Node Type": "Aggregate",
              "Strategy": "Plain",
              "Partial Mode": "Partial",
              "Parent Relationship": "Outer",
              "Parallel Aware": false,
              "Startup Cost": 61156.83,
              "Total Cost": 61156.84,
              "Plan Rows": 1,
              "Plan Width": 8,
              "Actual Startup Time": 177.61,
              "Actual Total Time": 177.613,
              "Actual Rows": 1,
              "Actual Loops": 3,
              "Plans": [
                {
                  "Node Type": "Hash Join",
                  "Parent Relationship": "Outer",
                  "Parallel Aware": true,
                  "Join Type": "Inner",
                  "Startup Cost": 45533.62,
                  "Total Cost": 61153.56,
                  "Plan Rows": 1308,
                  "Plan Width": 0,
                  "Actual Startup Time": 121.774,
                  "Actual Total Time": 177.449,
                  "Actual Rows": 2109,
                  "Actual Loops": 3,
                  "Inner Unique": true,
                  "Hash Cond": "(mi_idx.movie_id = t.id)",
                  "Plans": [
                    {
                      "Node Type": "Seq Scan",
                      "Parent Relationship": "Outer",
                      "Parallel Aware": true,
                      "Relation Name": "movie_info_idx",
                      "Alias": "mi_idx",
                      "Startup Cost": 0.0,
                      "Total Cost": 15122.68,
                      "Plan Rows": 189429,
                      "Plan Width": 4,
                      "Actual Startup Time": 0.026,
                      "Actual Total Time": 40.766,
                      "Actual Rows": 153308,
                      "Actual Loops": 3,
                      "Filter": "(info_type_id < 100)",
                      "Rows Removed by Filter": 306703
                    },
                    {
                      "Node Type": "Hash",
                      "Parent Relationship": "Inner",
                      "Parallel Aware": true,
                      "Startup Cost": 45479.1,
                      "Total Cost": 45479.1,
                      "Plan Rows": 4362,
                      "Plan Width": 4,
                      "Actual Startup Time": 120.436,
                      "Actual Total Time": 120.437,
                      "Actual Rows": 4816,
                      "Actual Loops": 3,
                      "Hash Buckets": 32768,
                      "Original Hash Buckets": 32768,
                      "Hash Batches": 1,
                      "Original Hash Batches": 1,
                      "Peak Memory Usage": 832,
                      "Plans": [
                        {
                          "Node Type": "Seq Scan",
                          "Parent Relationship": "Outer",
                          "Parallel Aware": true,
                          "Relation Name": "title",
                          "Alias": "t",
                          "Startup Cost": 0.0,
                          "Total Cost": 45479.1,
                          "Plan Rows": 4362,
                          "Plan Width": 4,
                          "Actual Startup Time": 0.85,
                          "Actual Total Time": 118.227,
                          "Actual Rows": 4816,
                          "Actual Loops": 3,
                          "Filter": "((kind_id < 7) AND (production_year = 1998))",
                          "Rows Removed by Filter": 837954
                        }
                      ]
                    }
                  ]
                }
              ]
            }
          ]
        }
      ]
    },
    "Planning Time": 0.684,
    "Triggers": [],
    "Execution Time": 197.926
  }
]