{
    "Plan": {
        "Node Type": "Aggregate",
        "Strategy": "Plain",
        "Partial Mode": "Simple",
        "Parallel Aware": false,
        "Startup Cost": 50022021703.98,
        "Total Cost": 50022021703.99,
        "Plan Rows": 1,
        "Plan Width": 96,
        "Actual Startup Time": 30045.965,
        "Actual Total Time": 30055.435,
        "Actual Rows": 1,
        "Actual Loops": 1,
        "Output": [
            "min(cn.name)",
            "min(mi_idx.info)",
            "min(t.title)"
        ],
        "Plans": [
            {
                "Node Type": "Nested Loop",
                "Parent Relationship": "Outer",
                "Parallel Aware": false,
                "Join Type": "Inner",
                "Startup Cost": 50022021689.19,
                "Total Cost": 50022021703.98,
                "Plan Rows": 1,
                "Plan Width": 41,
                "Actual Startup Time": 29897.87,
                "Actual Total Time": 30054.138,
                "Actual Rows": 4357,
                "Actual Loops": 1,
                "Output": [
                    "cn.name",
                    "mi_idx.info",
                    "t.title"
                ],
                "Inner Unique": true,
                "Plans": [
                    {
                        "Node Type": "Nested Loop",
                        "Parent Relationship": "Outer",
                        "Parallel Aware": false,
                        "Join Type": "Inner",
                        "Startup Cost": 40022021689.05,
                        "Total Cost": 40022021697.14,
                        "Plan Rows": 1,
                        "Plan Width": 45,
                        "Actual Startup Time": 29897.85,
                        "Actual Total Time": 30036.446,
                        "Actual Rows": 4497,
                        "Actual Loops": 1,
                        "Output": [
                            "cn.name",
                            "mi_idx.info",
                            "t.title",
                            "t.kind_id"
                        ],
                        "Inner Unique": true,
                        "Plans": [
                            {
                                "Node Type": "Nested Loop",
                                "Parent Relationship": "Outer",
                                "Parallel Aware": false,
                                "Join Type": "Inner",
                                "Startup Cost": 30022021688.9,
                                "Total Cost": 30022021688.96,
                                "Plan Rows": 1,
                                "Plan Width": 49,
                                "Actual Startup Time": 29897.821,
                                "Actual Total Time": 29979.806,
                                "Actual Rows": 14009,
                                "Actual Loops": 1,
                                "Output": [
                                    "cn.name",
                                    "mi_idx.info",
                                    "mi_idx.info_type_id",
                                    "t.title",
                                    "t.kind_id"
                                ],
                                "Inner Unique": true,
                                "Plans": [
                                    {
                                        "Node Type": "Merge Join",
                                        "Parent Relationship": "Outer",
                                        "Parallel Aware": false,
                                        "Join Type": "Inner",
                                        "Startup Cost": 30022021688.77,
                                        "Total Cost": 30022021688.79,
                                        "Plan Rows": 1,
                                        "Plan Width": 53,
                                        "Actual Startup Time": 29897.799,
                                        "Actual Total Time": 29928.073,
                                        "Actual Rows": 63220,
                                        "Actual Loops": 1,
                                        "Output": [
                                            "cc.subject_id",
                                            "cn.name",
                                            "mi_idx.info",
                                            "mi_idx.info_type_id",
                                            "t.title",
                                            "t.kind_id"
                                        ],
                                        "Inner Unique": false,
                                        "Merge Cond": "(cc.status_id = cct2.id)",
                                        "Plans": [
                                            {
                                                "Node Type": "Sort",
                                                "Parent Relationship": "Outer",
                                                "Parallel Aware": false,
                                                "Startup Cost": 30022021687.69,
                                                "Total Cost": 30022021687.69,
                                                "Plan Rows": 1,
                                                "Plan Width": 57,
                                                "Actual Startup Time": 29897.737,
                                                "Actual Total Time": 29911.824,
                                                "Actual Rows": 63221,
                                                "Actual Loops": 1,
                                                "Output": [
                                                    "cc.subject_id",
                                                    "cc.status_id",
                                                    "cn.name",
                                                    "mi_idx.info",
                                                    "mi_idx.info_type_id",
                                                    "t.title",
                                                    "t.kind_id"
                                                ],
                                                "Sort Key": [
                                                    "cc.status_id"
                                                ],
                                                "Sort Method": "quicksort",
                                                "Sort Space Used": 18079,
                                                "Sort Space Type": "Memory",
                                                "Plans": [
                                                    {
                                                        "Node Type": "Hash Join",
                                                        "Parent Relationship": "Outer",
                                                        "Parallel Aware": false,
                                                        "Join Type": "Inner",
                                                        "Startup Cost": 30022021056.99,
                                                        "Total Cost": 30022021687.68,
                                                        "Plan Rows": 1,
                                                        "Plan Width": 57,
                                                        "Actual Startup Time": 29798.353,
                                                        "Actual Total Time": 29869.305,
                                                        "Actual Rows": 115196,
                                                        "Actual Loops": 1,
                                                        "Output": [
                                                            "cc.subject_id",
                                                            "cc.status_id",
                                                            "cn.name",
                                                            "mi_idx.info",
                                                            "mi_idx.info_type_id",
                                                            "t.title",
                                                            "t.kind_id"
                                                        ],
                                                        "Inner Unique": false,
                                                        "Hash Cond": "(mk.movie_id = t.id)",
                                                        "Plans": [
                                                            {
                                                                "Node Type": "Hash Join",
                                                                "Parent Relationship": "Outer",
                                                                "Parallel Aware": false,
                                                                "Join Type": "Inner",
                                                                "Startup Cost": 30020306354.72,
                                                                "Total Cost": 30020306985.32,
                                                                "Plan Rows": 22,
                                                                "Plan Width": 27,
                                                                "Actual Startup Time": 24313.787,
                                                                "Actual Total Time": 24353.393,
                                                                "Actual Rows": 80023,
                                                                "Actual Loops": 1,
                                                                "Output": [
                                                                    "cn.name",
                                                                    "mc.movie_id",
                                                                    "mk.movie_id"
                                                                ],
                                                                "Inner Unique": true,
                                                                "Hash Cond": "(mc.company_type_id = ct.id)",
                                                                "Plans": [
                                                                    {
                                                                        "Node Type": "Merge Join",
                                                                        "Parent Relationship": "Outer",
                                                                        "Parallel Aware": false,
                                                                        "Join Type": "Inner",
                                                                        "Startup Cost": 20020306342.48,
                                                                        "Total Cost": 20020306972.95,
                                                                        "Plan Rows": 22,
                                                                        "Plan Width": 31,
                                                                        "Actual Startup Time": 24313.683,
                                                                        "Actual Total Time": 24343.403,
                                                                        "Actual Rows": 80023,
                                                                        "Actual Loops": 1,
                                                                        "Output": [
                                                                            "cn.name",
                                                                            "mc.movie_id",
                                                                            "mc.company_type_id",
                                                                            "mk.movie_id"
                                                                        ],
                                                                        "Inner Unique": false,
                                                                        "Merge Cond": "(cn.id = mc.company_id)",
                                                                        "Plans": [
                                                                            {
                                                                                "Node Type": "Sort",
                                                                                "Parent Relationship": "Outer",
                                                                                "Parallel Aware": false,
                                                                                "Startup Cost": 16616.43,
                                                                                "Total Cost": 16931.7,
                                                                                "Plan Rows": 126107,
                                                                                "Plan Width": 23,
                                                                                "Actual Startup Time": 97.933,
                                                                                "Actual Total Time": 103.629,
                                                                                "Actual Rows": 44831,
                                                                                "Actual Loops": 1,
                                                                                "Output": [
                                                                                    "cn.name",
                                                                                    "cn.id"
                                                                                ],
                                                                                "Sort Key": [
                                                                                    "cn.id"
                                                                                ],
                                                                                "Sort Method": "quicksort",
                                                                                "Sort Space Used": 12078,
                                                                                "Sort Space Type": "Memory",
                                                                                "Plans": [
                                                                                    {
                                                                                        "Node Type": "Seq Scan",
                                                                                        "Parent Relationship": "Outer",
                                                                                        "Parallel Aware": false,
                                                                                        "Relation Name": "company_name",
                                                                                        "Schema": "public",
                                                                                        "Alias": "cn",
                                                                                        "Startup Cost": 0.0,
                                                                                        "Total Cost": 5932.46,
                                                                                        "Plan Rows": 126107,
                                                                                        "Plan Width": 23,
                                                                                        "Actual Startup Time": 0.042,
                                                                                        "Actual Total Time": 56.408,
                                                                                        "Actual Rows": 126230,
                                                                                        "Actual Loops": 1,
                                                                                        "Output": [
                                                                                            "cn.name",
                                                                                            "cn.id"
                                                                                        ],
                                                                                        "Filter": "((cn.country_code)::text <> '[us]'::text)",
                                                                                        "Rows Removed by Filter": 108767
                                                                                    }
                                                                                ]
                                                                            },
                                                                            {
                                                                                "Node Type": "Sort",
                                                                                "Parent Relationship": "Inner",
                                                                                "Parallel Aware": false,
                                                                                "Startup Cost": 20020289726.05,
                                                                                "Total Cost": 20020289726.15,
                                                                                "Plan Rows": 42,
                                                                                "Plan Width": 16,
                                                                                "Actual Startup Time": 24215.727,
                                                                                "Actual Total Time": 24225.192,
                                                                                "Actual Rows": 86022,
                                                                                "Actual Loops": 1,
                                                                                "Output": [
                                                                                    "mk.movie_id",
                                                                                    "mc.movie_id",
                                                                                    "mc.company_type_id",
                                                                                    "mc.company_id"
                                                                                ],
                                                                                "Sort Key": [
                                                                                    "mc.company_id"
                                                                                ],
                                                                                "Sort Method": "quicksort",
                                                                                "Sort Space Used": 7105,
                                                                                "Sort Space Type": "Memory",
                                                                                "Plans": [
                                                                                    {
                                                                                        "Node Type": "Nested Loop",
                                                                                        "Parent Relationship": "Outer",
                                                                                        "Parallel Aware": false,
                                                                                        "Join Type": "Inner",
                                                                                        "Startup Cost": 20000000001.34,
                                                                                        "Total Cost": 20020289724.91,
                                                                                        "Plan Rows": 42,
                                                                                        "Plan Width": 16,
                                                                                        "Actual Startup Time": 1.901,
                                                                                        "Actual Total Time": 24188.648,
                                                                                        "Actual Rows": 86022,
                                                                                        "Actual Loops": 1,
                                                                                        "Output": [
                                                                                            "mk.movie_id",
                                                                                            "mc.movie_id",
                                                                                            "mc.company_type_id",
                                                                                            "mc.company_id"
                                                                                        ],
                                                                                        "Inner Unique": false,
                                                                                        "Plans": [
                                                                                            {
                                                                                                "Node Type": "Nested Loop",
                                                                                                "Parent Relationship": "Outer",
                                                                                                "Parallel Aware": false,
                                                                                                "Join Type": "Inner",
                                                                                                "Startup Cost": 10000000000.86,
                                                                                                "Total Cost": 10020289107.47,
                                                                                                "Plan Rows": 135,
                                                                                                "Plan Width": 4,
                                                                                                "Actual Startup Time": 1.833,
                                                                                                "Actual Total Time": 23644.208,
                                                                                                "Actual Rows": 37091,
                                                                                                "Actual Loops": 1,
                                                                                                "Output": [
                                                                                                    "mk.movie_id"
                                                                                                ],
                                                                                                "Inner Unique": true,
                                                                                                "Plans": [
                                                                                                    {
                                                                                                        "Node Type": "Index Scan",
                                                                                                        "Parent Relationship": "Outer",
                                                                                                        "Parallel Aware": false,
                                                                                                        "Scan Direction": "Forward",
                                                                                                        "Index Name": "movie_id_movie_keyword",
                                                                                                        "Relation Name": "movie_keyword",
                                                                                                        "Schema": "public",
                                                                                                        "Alias": "mk",
                                                                                                        "Startup Cost": 0.43,
                                                                                                        "Total Cost": 177177.46,
                                                                                                        "Plan Rows": 4523930,
                                                                                                        "Plan Width": 8,
                                                                                                        "Actual Startup Time": 0.089,
                                                                                                        "Actual Total Time": 1702.768,
                                                                                                        "Actual Rows": 4523930,
                                                                                                        "Actual Loops": 1,
                                                                                                        "Output": [
                                                                                                            "mk.id",
                                                                                                            "mk.movie_id",
                                                                                                            "mk.keyword_id"
                                                                                                        ]
                                                                                                    },
                                                                                                    {
                                                                                                        "Node Type": "Bitmap Heap Scan",
                                                                                                        "Parent Relationship": "Inner",
                                                                                                        "Parallel Aware": false,
                                                                                                        "Relation Name": "keyword",
                                                                                                        "Schema": "public",
                                                                                                        "Alias": "k",
                                                                                                        "Startup Cost": 0.43,
                                                                                                        "Total Cost": 4.45,
                                                                                                        "Plan Rows": 1,
                                                                                                        "Plan Width": 4,
                                                                                                        "Actual Startup Time": 0.003,
                                                                                                        "Actual Total Time": 0.003,
                                                                                                        "Actual Rows": 0,
                                                                                                        "Actual Loops": 4523930,
                                                                                                        "Output": [
                                                                                                            "k.id",
                                                                                                            "k.keyword",
                                                                                                            "k.phonetic_code"
                                                                                                        ],
                                                                                                        "Recheck Cond": "(k.id = mk.keyword_id)",
                                                                                                        "Rows Removed by Index Recheck": 0,
                                                                                                        "Filter": "(k.keyword = ANY ('{murder,murder-in-title,blood,violence}'::text[]))",
                                                                                                        "Rows Removed by Filter": 1,
                                                                                                        "Exact Heap Blocks": 4523930,
                                                                                                        "Lossy Heap Blocks": 0,
                                                                                                        "Plans": [
                                                                                                            {
                                                                                                                "Node Type": "Bitmap Index Scan",
                                                                                                                "Parent Relationship": "Outer",
                                                                                                                "Parallel Aware": false,
                                                                                                                "Index Name": "keyword_pkey",
                                                                                                                "Startup Cost": 0.0,
                                                                                                                "Total Cost": 0.43,
                                                                                                                "Plan Rows": 1,
                                                                                                                "Plan Width": 0,
                                                                                                                "Actual Startup Time": 0.002,
                                                                                                                "Actual Total Time": 0.002,
                                                                                                                "Actual Rows": 1,
                                                                                                                "Actual Loops": 4523930,
                                                                                                                "Index Cond": "(k.id = mk.keyword_id)"
                                                                                                            }
                                                                                                        ]
                                                                                                    }
                                                                                                ]
                                                                                            },
                                                                                            {
                                                                                                "Node Type": "Bitmap Heap Scan",
                                                                                                "Parent Relationship": "Inner",
                                                                                                "Parallel Aware": false,
                                                                                                "Relation Name": "movie_companies",
                                                                                                "Schema": "public",
                                                                                                "Alias": "mc",
                                                                                                "Startup Cost": 0.48,
                                                                                                "Total Cost": 4.56,
                                                                                                "Plan Rows": 1,
                                                                                                "Plan Width": 12,
                                                                                                "Actual Startup Time": 0.011,
                                                                                                "Actual Total Time": 0.012,
                                                                                                "Actual Rows": 2,
                                                                                                "Actual Loops": 37091,
                                                                                                "Output": [
                                                                                                    "mc.id",
                                                                                                    "mc.movie_id",
                                                                                                    "mc.company_id",
                                                                                                    "mc.company_type_id",
                                                                                                    "mc.note"
                                                                                                ],
                                                                                                "Recheck Cond": "(mc.movie_id = mk.movie_id)",
                                                                                                "Rows Removed by Index Recheck": 0,
                                                                                                "Filter": "((mc.note !~~ '%(USA)%'::text) AND (mc.note ~~ '%(200%)%'::text))",
                                                                                                "Rows Removed by Filter": 7,
                                                                                                "Exact Heap Blocks": 68214,
                                                                                                "Lossy Heap Blocks": 0,
                                                                                                "Plans": [
                                                                                                    {
                                                                                                        "Node Type": "Bitmap Index Scan",
                                                                                                        "Parent Relationship": "Outer",
                                                                                                        "Parallel Aware": false,
                                                                                                        "Index Name": "movie_id_movie_companies",
                                                                                                        "Startup Cost": 0.0,
                                                                                                        "Total Cost": 0.48,
                                                                                                        "Plan Rows": 5,
                                                                                                        "Plan Width": 0,
                                                                                                        "Actual Startup Time": 0.005,
                                                                                                        "Actual Total Time": 0.005,
                                                                                                        "Actual Rows": 9,
                                                                                                        "Actual Loops": 37091,
                                                                                                        "Index Cond": "(mc.movie_id = mk.movie_id)"
                                                                                                    }
                                                                                                ]
                                                                                            }
                                                                                        ]
                                                                                    }
                                                                                ]
                                                                            }
                                                                        ]
                                                                    },
                                                                    {
                                                                        "Node Type": "Hash",
                                                                        "Parent Relationship": "Inner",
                                                                        "Parallel Aware": false,
                                                                        "Startup Cost": 10000000012.19,
                                                                        "Total Cost": 10000000012.19,
                                                                        "Plan Rows": 4,
                                                                        "Plan Width": 4,
                                                                        "Actual Startup Time": 0.045,
                                                                        "Actual Total Time": 0.046,
                                                                        "Actual Rows": 4,
                                                                        "Actual Loops": 1,
                                                                        "Output": [
                                                                            "ct.id"
                                                                        ],
                                                                        "Hash Buckets": 1024,
                                                                        "Original Hash Buckets": 1024,
                                                                        "Hash Batches": 1,
                                                                        "Original Hash Batches": 1,
                                                                        "Peak Memory Usage": 9,
                                                                        "Plans": [
                                                                            {
                                                                                "Node Type": "Index Scan",
                                                                                "Parent Relationship": "Outer",
                                                                                "Parallel Aware": false,
                                                                                "Scan Direction": "Forward",
                                                                                "Index Name": "company_type_pkey",
                                                                                "Relation Name": "company_type",
                                                                                "Schema": "public",
                                                                                "Alias": "ct",
                                                                                "Startup Cost": 10000000000.13,
                                                                                "Total Cost": 10000000012.19,
                                                                                "Plan Rows": 4,
                                                                                "Plan Width": 4,
                                                                                "Actual Startup Time": 0.039,
                                                                                "Actual Total Time": 0.041,
                                                                                "Actual Rows": 4,
                                                                                "Actual Loops": 1,
                                                                                "Output": [
                                                                                    "ct.id"
                                                                                ]
                                                                            }
                                                                        ]
                                                                    }
                                                                ]
                                                            },
                                                            {
                                                                "Node Type": "Hash",
                                                                "Parent Relationship": "Inner",
                                                                "Parallel Aware": false,
                                                                "Startup Cost": 1714612.09,
                                                                "Total Cost": 1714612.09,
                                                                "Plan Rows": 7214,
                                                                "Plan Width": 54,
                                                                "Actual Startup Time": 5484.481,
                                                                "Actual Total Time": 5493.925,
                                                                "Actual Rows": 40002,
                                                                "Actual Loops": 1,
                                                                "Output": [
                                                                    "cc.movie_id",
                                                                    "cc.subject_id",
                                                                    "cc.status_id",
                                                                    "mi.movie_id",
                                                                    "mi_idx.info",
                                                                    "mi_idx.movie_id",
                                                                    "mi_idx.info_type_id",
                                                                    "t.title",
                                                                    "t.kind_id",
                                                                    "t.id"
                                                                ],
                                                                "Hash Buckets": 65536,
                                                                "Original Hash Buckets": 8192,
                                                                "Hash Batches": 1,
                                                                "Original Hash Batches": 1,
                                                                "Peak Memory Usage": 4036,
                                                                "Plans": [
                                                                    {
                                                                        "Node Type": "Merge Join",
                                                                        "Parent Relationship": "Outer",
                                                                        "Parallel Aware": false,
                                                                        "Join Type": "Inner",
                                                                        "Startup Cost": 1706842.28,
                                                                        "Total Cost": 1714612.09,
                                                                        "Plan Rows": 7214,
                                                                        "Plan Width": 54,
                                                                        "Actual Startup Time": 5164.114,
                                                                        "Actual Total Time": 5484.204,
                                                                        "Actual Rows": 40002,
                                                                        "Actual Loops": 1,
                                                                        "Output": [
                                                                            "cc.movie_id",
                                                                            "cc.subject_id",
                                                                            "cc.status_id",
                                                                            "mi.movie_id",
                                                                            "mi_idx.info",
                                                                            "mi_idx.movie_id",
                                                                            "mi_idx.info_type_id",
                                                                            "t.title",
                                                                            "t.kind_id",
                                                                            "t.id"
                                                                        ],
                                                                        "Inner Unique": false,
                                                                        "Merge Cond": "(t.id = mi.movie_id)",
                                                                        "Plans": [
                                                                            {
                                                                                "Node Type": "Sort",
                                                                                "Parent Relationship": "Outer",
                                                                                "Parallel Aware": false,
                                                                                "Startup Cost": 224655.62,
                                                                                "Total Cost": 228477.97,
                                                                                "Plan Rows": 1528941,
                                                                                "Plan Width": 25,
                                                                                "Actual Startup Time": 1612.41,
                                                                                "Actual Total Time": 1767.456,
                                                                                "Actual Rows": 1531118,
                                                                                "Actual Loops": 1,
                                                                                "Output": [
                                                                                    "t.title",
                                                                                    "t.kind_id",
                                                                                    "t.id"
                                                                                ],
                                                                                "Sort Key": [
                                                                                    "t.id"
                                                                                ],
                                                                                "Sort Method": "quicksort",
                                                                                "Sort Space Used": 165150,
                                                                                "Sort Space Type": "Memory",
                                                                                "Plans": [
                                                                                    {
                                                                                        "Node Type": "Seq Scan",
                                                                                        "Parent Relationship": "Outer",
                                                                                        "Parallel Aware": false,
                                                                                        "Relation Name": "title",
                                                                                        "Schema": "public",
                                                                                        "Alias": "t",
                                                                                        "Startup Cost": 0.0,
                                                                                        "Total Cost": 67602.02,
                                                                                        "Plan Rows": 1528941,
                                                                                        "Plan Width": 25,
                                                                                        "Actual Startup Time": 0.04,
                                                                                        "Actual Total Time": 758.361,
                                                                                        "Actual Rows": 1531613,
                                                                                        "Actual Loops": 1,
                                                                                        "Output": [
                                                                                            "t.title",
                                                                                            "t.kind_id",
                                                                                            "t.id"
                                                                                        ],
                                                                                        "Filter": "(t.production_year > 1997)",
                                                                                        "Rows Removed by Filter": 996699
                                                                                    }
                                                                                ]
                                                                            },
                                                                            {
                                                                                "Node Type": "Sort",
                                                                                "Parent Relationship": "Inner",
                                                                                "Parallel Aware": false,
                                                                                "Startup Cost": 1482185.9,
                                                                                "Total Cost": 1482215.72,
                                                                                "Plan Rows": 11930,
                                                                                "Plan Width": 29,
                                                                                "Actual Startup Time": 3551.505,
                                                                                "Actual Total Time": 3572.135,
                                                                                "Actual Rows": 167729,
                                                                                "Actual Loops": 1,
                                                                                "Output": [
                                                                                    "cc.movie_id",
                                                                                    "cc.subject_id",
                                                                                    "cc.status_id",
                                                                                    "mi.movie_id",
                                                                                    "mi_idx.info",
                                                                                    "mi_idx.movie_id",
                                                                                    "mi_idx.info_type_id"
                                                                                ],
                                                                                "Sort Key": [
                                                                                    "cc.movie_id"
                                                                                ],
                                                                                "Sort Method": "quicksort",
                                                                                "Sort Space Used": 19248,
                                                                                "Sort Space Type": "Memory",
                                                                                "Plans": [
                                                                                    {
                                                                                        "Node Type": "Nested Loop",
                                                                                        "Parent Relationship": "Outer",
                                                                                        "Parallel Aware": false,
                                                                                        "Join Type": "Inner",
                                                                                        "Startup Cost": 1460486.3,
                                                                                        "Total Cost": 1481378.1,
                                                                                        "Plan Rows": 11930,
                                                                                        "Plan Width": 29,
                                                                                        "Actual Startup Time": 2845.619,
                                                                                        "Actual Total Time": 3496.526,
                                                                                        "Actual Rows": 167729,
                                                                                        "Actual Loops": 1,
                                                                                        "Output": [
                                                                                            "cc.movie_id",
                                                                                            "cc.subject_id",
                                                                                            "cc.status_id",
                                                                                            "mi.movie_id",
                                                                                            "mi_idx.info",
                                                                                            "mi_idx.movie_id",
                                                                                            "mi_idx.info_type_id"
                                                                                        ],
                                                                                        "Inner Unique": false,
                                                                                        "Plans": [
                                                                                            {
                                                                                                "Node Type": "Hash Join",
                                                                                                "Parent Relationship": "Outer",
                                                                                                "Parallel Aware": false,
                                                                                                "Join Type": "Inner",
                                                                                                "Startup Cost": 1460485.88,
                                                                                                "Total Cost": 1465514.42,
                                                                                                "Plan Rows": 33155,
                                                                                                "Plan Width": 17,
                                                                                                "Actual Startup Time": 2845.376,
                                                                                                "Actual Total Time": 2924.549,
                                                                                                "Actual Rows": 572606,
                                                                                                "Actual Loops": 1,
                                                                                                "Output": [
                                                                                                    "mi.movie_id",
                                                                                                    "mi_idx.info",
                                                                                                    "mi_idx.movie_id",
                                                                                                    "mi_idx.info_type_id"
                                                                                                ],
                                                                                                "Inner Unique": false,
                                                                                                "Hash Cond": "(it1.id = mi.info_type_id)",
                                                                                                "Plans": [
                                                                                                    {
                                                                                                        "Node Type": "Index Scan",
                                                                                                        "Parent Relationship": "Outer",
                                                                                                        "Parallel Aware": false,
                                                                                                        "Scan Direction": "Forward",
                                                                                                        "Index Name": "info_type_pkey",
                                                                                                        "Relation Name": "info_type",
                                                                                                        "Schema": "public",
                                                                                                        "Alias": "it1",
                                                                                                        "Startup Cost": 0.14,
                                                                                                        "Total Cost": 14.12,
                                                                                                        "Plan Rows": 1,
                                                                                                        "Plan Width": 4,
                                                                                                        "Actual Startup Time": 0.083,
                                                                                                        "Actual Total Time": 0.103,
                                                                                                        "Actual Rows": 1,
                                                                                                        "Actual Loops": 1,
                                                                                                        "Output": [
                                                                                                            "it1.id",
                                                                                                            "it1.info"
                                                                                                        ],
                                                                                                        "Filter": "((it1.info)::text = 'countries'::text)",
                                                                                                        "Rows Removed by Filter": 112
                                                                                                    },
                                                                                                    {
                                                                                                        "Node Type": "Hash",
                                                                                                        "Parent Relationship": "Inner",
                                                                                                        "Parallel Aware": false,
                                                                                                        "Startup Cost": 1413655.55,
                                                                                                        "Total Cost": 1413655.55,
                                                                                                        "Plan Rows": 3746415,
                                                                                                        "Plan Width": 21,
                                                                                                        "Actual Startup Time": 2806.095,
                                                                                                        "Actual Total Time": 2815.531,
                                                                                                        "Actual Rows": 1482227,
                                                                                                        "Actual Loops": 1,
                                                                                                        "Output": [
                                                                                                            "mi.movie_id",
                                                                                                            "mi.info_type_id",
                                                                                                            "mi_idx.info",
                                                                                                            "mi_idx.movie_id",
                                                                                                            "mi_idx.info_type_id"
                                                                                                        ],
                                                                                                        "Hash Buckets": 4194304,
                                                                                                        "Original Hash Buckets": 4194304,
                                                                                                        "Hash Batches": 1,
                                                                                                        "Original Hash Batches": 1,
                                                                                                        "Peak Memory Usage": 112192,
                                                                                                        "Plans": [
                                                                                                            {
                                                                                                                "Node Type": "Gather",
                                                                                                                "Parent Relationship": "Outer",
                                                                                                                "Parallel Aware": false,
                                                                                                                "Startup Cost": 232803.28,
                                                                                                                "Total Cost": 1413655.55,
                                                                                                                "Plan Rows": 3746415,
                                                                                                                "Plan Width": 21,
                                                                                                                "Actual Startup Time": 2279.024,
                                                                                                                "Actual Total Time": 2619.986,
                                                                                                                "Actual Rows": 1482227,
                                                                                                                "Actual Loops": 1,
                                                                                                                "Output": [
                                                                                                                    "mi.movie_id",
                                                                                                                    "mi.info_type_id",
                                                                                                                    "mi_idx.info",
                                                                                                                    "mi_idx.movie_id",
                                                                                                                    "mi_idx.info_type_id"
                                                                                                                ],
                                                                                                                "Workers Planned": 2,
                                                                                                                "Workers Launched": 2,
                                                                                                                "Single Copy": false,
                                                                                                                "Plans": [
                                                                                                                    {
                                                                                                                        "Node Type": "Hash Join",
                                                                                                                        "Parent Relationship": "Outer",
                                                                                                                        "Parallel Aware": true,
                                                                                                                        "Join Type": "Inner",
                                                                                                                        "Startup Cost": 231803.28,
                                                                                                                        "Total Cost": 1038014.05,
                                                                                                                        "Plan Rows": 1561006,
                                                                                                                        "Plan Width": 21,
                                                                                                                        "Actual Startup Time": 2269.913,
                                                                                                                        "Actual Total Time": 2554.314,
                                                                                                                        "Actual Rows": 494076,
                                                                                                                        "Actual Loops": 3,
                                                                                                                        "Output": [
                                                                                                                            "mi.movie_id",
                                                                                                                            "mi.info_type_id",
                                                                                                                            "mi_idx.info",
                                                                                                                            "mi_idx.movie_id",
                                                                                                                            "mi_idx.info_type_id"
                                                                                                                        ],
                                                                                                                        "Inner Unique": false,
                                                                                                                        "Hash Cond": "(mi_idx.movie_id = mi.movie_id)",
                                                                                                                        "Workers": [
                                                                                                                            {
                                                                                                                                "Worker Number": 0,
                                                                                                                                "Actual Startup Time": 2265.628,
                                                                                                                                "Actual Total Time": 2627.397,
                                                                                                                                "Actual Rows": 634002,
                                                                                                                                "Actual Loops": 1
                                                                                                                            },
                                                                                                                            {
                                                                                                                                "Worker Number": 1,
                                                                                                                                "Actual Startup Time": 2265.76,
                                                                                                                                "Actual Total Time": 2625.682,
                                                                                                                                "Actual Rows": 644211,
                                                                                                                                "Actual Loops": 1
                                                                                                                            }
                                                                                                                        ],
                                                                                                                        "Plans": [
                                                                                                                            {
                                                                                                                                "Node Type": "Index Scan",
                                                                                                                                "Parent Relationship": "Outer",
                                                                                                                                "Parallel Aware": true,
                                                                                                                                "Scan Direction": "Forward",
                                                                                                                                "Index Name": "movie_id_movie_info_idx",
                                                                                                                                "Relation Name": "movie_info_idx",
                                                                                                                                "Schema": "public",
                                                                                                                                "Alias": "mi_idx",
                                                                                                                                "Startup Cost": 0.43,
                                                                                                                                "Total Cost": 47018.15,
                                                                                                                                "Plan Rows": 557986,
                                                                                                                                "Plan Width": 13,
                                                                                                                                "Actual Startup Time": 0.329,
                                                                                                                                "Actual Total Time": 147.209,
                                                                                                                                "Actual Rows": 445878,
                                                                                                                                "Actual Loops": 3,
                                                                                                                                "Output": [
                                                                                                                                    "mi_idx.id",
                                                                                                                                    "mi_idx.movie_id",
                                                                                                                                    "mi_idx.info_type_id",
                                                                                                                                    "mi_idx.info",
                                                                                                                                    "mi_idx.note"
                                                                                                                                ],
                                                                                                                                "Filter": "(mi_idx.info < '8.5'::text)",
                                                                                                                                "Rows Removed by Filter": 14134,
                                                                                                                                "Workers": [
                                                                                                                                    {
                                                                                                                                        "Worker Number": 0,
                                                                                                                                        "Actual Startup Time": 0.292,
                                                                                                                                        "Actual Total Time": 188.109,
                                                                                                                                        "Actual Rows": 565427,
                                                                                                                                        "Actual Loops": 1
                                                                                                                                    },
                                                                                                                                    {
                                                                                                                                        "Worker Number": 1,
                                                                                                                                        "Actual Startup Time": 0.356,
                                                                                                                                        "Actual Total Time": 185.916,
                                                                                                                                        "Actual Rows": 565989,
                                                                                                                                        "Actual Loops": 1
                                                                                                                                    }
                                                                                                                                ]
                                                                                                                            },
                                                                                                                            {
                                                                                                                                "Node Type": "Hash",
                                                                                                                                "Parent Relationship": "Inner",
                                                                                                                                "Parallel Aware": true,
                                                                                                                                "Startup Cost": 228390.93,
                                                                                                                                "Total Cost": 228390.93,
                                                                                                                                "Plan Rows": 272954,
                                                                                                                                "Plan Width": 8,
                                                                                                                                "Actual Startup Time": 2262.716,
                                                                                                                                "Actual Total Time": 2262.717,
                                                                                                                                "Actual Rows": 480056,
                                                                                                                                "Actual Loops": 3,
                                                                                                                                "Output": [
                                                                                                                                    "mi.movie_id",
                                                                                                                                    "mi.info_type_id"
                                                                                                                                ],
                                                                                                                                "Hash Buckets": 2097152,
                                                                                                                                "Original Hash Buckets": 2097152,
                                                                                                                                "Hash Batches": 1,
                                                                                                                                "Original Hash Batches": 1,
                                                                                                                                "Peak Memory Usage": 72768,
                                                                                                                                "Workers": [
                                                                                                                                    {
                                                                                                                                        "Worker Number": 0,
                                                                                                                                        "Actual Startup Time": 2264.438,
                                                                                                                                        "Actual Total Time": 2264.439,
                                                                                                                                        "Actual Rows": 474206,
                                                                                                                                        "Actual Loops": 1
                                                                                                                                    },
                                                                                                                                    {
                                                                                                                                        "Worker Number": 1,
                                                                                                                                        "Actual Startup Time": 2264.273,
                                                                                                                                        "Actual Total Time": 2264.274,
                                                                                                                                        "Actual Rows": 411475,
                                                                                                                                        "Actual Loops": 1
                                                                                                                                    }
                                                                                                                                ],
                                                                                                                                "Plans": [
                                                                                                                                    {
                                                                                                                                        "Node Type": "Seq Scan",
                                                                                                                                        "Parent Relationship": "Outer",
                                                                                                                                        "Parallel Aware": true,
                                                                                                                                        "Relation Name": "movie_info",
                                                                                                                                        "Schema": "public",
                                                                                                                                        "Alias": "mi",
                                                                                                                                        "Startup Cost": 0.0,
                                                                                                                                        "Total Cost": 228390.93,
                                                                                                                                        "Plan Rows": 272954,
                                                                                                                                        "Plan Width": 8,
                                                                                                                                        "Actual Startup Time": 0.168,
                                                                                                                                        "Actual Total Time": 2084.913,
                                                                                                                                        "Actual Rows": 480056,
                                                                                                                                        "Actual Loops": 3,
                                                                                                                                        "Output": [
                                                                                                                                            "mi.movie_id",
                                                                                                                                            "mi.info_type_id"
                                                                                                                                        ],
                                                                                                                                        "Filter": "(mi.info = ANY ('{Bulgaria,German,Denish,Norwegian,English,Norway,Swedish,Danish,Denmark,USA}'::text[]))",
                                                                                                                                        "Rows Removed by Filter": 4465184,
                                                                                                                                        "Workers": [
                                                                                                                                            {
                                                                                                                                                "Worker Number": 0,
                                                                                                                                                "Actual Startup Time": 0.251,
                                                                                                                                                "Actual Total Time": 2086.19,
                                                                                                                                                "Actual Rows": 474206,
                                                                                                                                                "Actual Loops": 1
                                                                                                                                            },
                                                                                                                                            {
                                                                                                                                                "Worker Number": 1,
                                                                                                                                                "Actual Startup Time": 0.191,
                                                                                                                                                "Actual Total Time": 2089.644,
                                                                                                                                                "Actual Rows": 411475,
                                                                                                                                                "Actual Loops": 1
                                                                                                                                            }
                                                                                                                                        ]
                                                                                                                                    }
                                                                                                                                ]
                                                                                                                            }
                                                                                                                        ]
                                                                                                                    }
                                                                                                                ]
                                                                                                            }
                                                                                                        ]
                                                                                                    }
                                                                                                ]
                                                                                            },
                                                                                            {
                                                                                                "Node Type": "Index Scan",
                                                                                                "Parent Relationship": "Inner",
                                                                                                "Parallel Aware": false,
                                                                                                "Scan Direction": "Forward",
                                                                                                "Index Name": "movie_id_complete_cast",
                                                                                                "Relation Name": "complete_cast",
                                                                                                "Schema": "public",
                                                                                                "Alias": "cc",
                                                                                                "Startup Cost": 0.42,
                                                                                                "Total Cost": 0.46,
                                                                                                "Plan Rows": 2,
                                                                                                "Plan Width": 12,
                                                                                                "Actual Startup Time": 0.001,
                                                                                                "Actual Total Time": 0.001,
                                                                                                "Actual Rows": 0,
                                                                                                "Actual Loops": 572606,
                                                                                                "Output": [
                                                                                                    "cc.id",
                                                                                                    "cc.movie_id",
                                                                                                    "cc.subject_id",
                                                                                                    "cc.status_id"
                                                                                                ],
                                                                                                "Index Cond": "(cc.movie_id = mi.movie_id)",
                                                                                                "Rows Removed by Index Recheck": 0
                                                                                            }
                                                                                        ]
                                                                                    }
                                                                                ]
                                                                            }
                                                                        ]
                                                                    }
                                                                ]
                                                            }
                                                        ]
                                                    }
                                                ]
                                            },
                                            {
                                                "Node Type": "Sort",
                                                "Parent Relationship": "Inner",
                                                "Parallel Aware": false,
                                                "Startup Cost": 1.07,
                                                "Total Cost": 1.08,
                                                "Plan Rows": 3,
                                                "Plan Width": 4,
                                                "Actual Startup Time": 0.057,
                                                "Actual Total Time": 3.003,
                                                "Actual Rows": 3,
                                                "Actual Loops": 1,
                                                "Output": [
                                                    "cct2.id"
                                                ],
                                                "Sort Key": [
                                                    "cct2.id"
                                                ],
                                                "Sort Method": "quicksort",
                                                "Sort Space Used": 25,
                                                "Sort Space Type": "Memory",
                                                "Plans": [
                                                    {
                                                        "Node Type": "Seq Scan",
                                                        "Parent Relationship": "Outer",
                                                        "Parallel Aware": false,
                                                        "Relation Name": "comp_cast_type",
                                                        "Schema": "public",
                                                        "Alias": "cct2",
                                                        "Startup Cost": 0.0,
                                                        "Total Cost": 1.05,
                                                        "Plan Rows": 3,
                                                        "Plan Width": 4,
                                                        "Actual Startup Time": 0.031,
                                                        "Actual Total Time": 0.032,
                                                        "Actual Rows": 3,
                                                        "Actual Loops": 1,
                                                        "Output": [
                                                            "cct2.id"
                                                        ],
                                                        "Filter": "((cct2.kind)::text <> 'complete+verified'::text)",
                                                        "Rows Removed by Filter": 1
                                                    }
                                                ]
                                            }
                                        ]
                                    },
                                    {
                                        "Node Type": "Index Scan",
                                        "Parent Relationship": "Inner",
                                        "Parallel Aware": false,
                                        "Scan Direction": "Forward",
                                        "Index Name": "comp_cast_type_pkey",
                                        "Relation Name": "comp_cast_type",
                                        "Schema": "public",
                                        "Alias": "cct1",
                                        "Startup Cost": 0.13,
                                        "Total Cost": 0.15,
                                        "Plan Rows": 1,
                                        "Plan Width": 4,
                                        "Actual Startup Time": 0.001,
                                        "Actual Total Time": 0.001,
                                        "Actual Rows": 0,
                                        "Actual Loops": 63220,
                                        "Output": [
                                            "cct1.id",
                                            "cct1.kind"
                                        ],
                                        "Index Cond": "(cct1.id = cc.subject_id)",
                                        "Rows Removed by Index Recheck": 0,
                                        "Filter": "((cct1.kind)::text = 'crew'::text)",
                                        "Rows Removed by Filter": 1
                                    }
                                ]
                            },
                            {
                                "Node Type": "Bitmap Heap Scan",
                                "Parent Relationship": "Inner",
                                "Parallel Aware": false,
                                "Relation Name": "info_type",
                                "Schema": "public",
                                "Alias": "it2",
                                "Startup Cost": 0.15,
                                "Total Cost": 4.17,
                                "Plan Rows": 1,
                                "Plan Width": 4,
                                "Actual Startup Time": 0.002,
                                "Actual Total Time": 0.002,
                                "Actual Rows": 0,
                                "Actual Loops": 14009,
                                "Output": [
                                    "it2.id",
                                    "it2.info"
                                ],
                                "Recheck Cond": "(it2.id = mi_idx.info_type_id)",
                                "Rows Removed by Index Recheck": 0,
                                "Filter": "((it2.info)::text = 'rating'::text)",
                                "Rows Removed by Filter": 1,
                                "Exact Heap Blocks": 14009,
                                "Lossy Heap Blocks": 0,
                                "Plans": [
                                    {
                                        "Node Type": "Bitmap Index Scan",
                                        "Parent Relationship": "Outer",
                                        "Parallel Aware": false,
                                        "Index Name": "info_type_pkey",
                                        "Startup Cost": 0.0,
                                        "Total Cost": 0.15,
                                        "Plan Rows": 1,
                                        "Plan Width": 0,
                                        "Actual Startup Time": 0.001,
                                        "Actual Total Time": 0.001,
                                        "Actual Rows": 1,
                                        "Actual Loops": 14009,
                                        "Index Cond": "(it2.id = mi_idx.info_type_id)"
                                    }
                                ]
                            }
                        ]
                    },
                    {
                        "Node Type": "Bitmap Heap Scan",
                        "Parent Relationship": "Inner",
                        "Parallel Aware": false,
                        "Relation Name": "kind_type",
                        "Schema": "public",
                        "Alias": "kt",
                        "Startup Cost": 0.14,
                        "Total Cost": 4.16,
                        "Plan Rows": 1,
                        "Plan Width": 4,
                        "Actual Startup Time": 0.002,
                        "Actual Total Time": 0.002,
                        "Actual Rows": 1,
                        "Actual Loops": 4497,
                        "Output": [
                            "kt.id",
                            "kt.kind"
                        ],
                        "Recheck Cond": "(kt.id = t.kind_id)",
                        "Rows Removed by Index Recheck": 0,
                        "Filter": "((kt.kind)::text = ANY ('{movie,episode}'::text[]))",
                        "Rows Removed by Filter": 0,
                        "Exact Heap Blocks": 4497,
                        "Lossy Heap Blocks": 0,
                        "Plans": [
                            {
                                "Node Type": "Bitmap Index Scan",
                                "Parent Relationship": "Outer",
                                "Parallel Aware": false,
                                "Index Name": "kind_type_pkey",
                                "Startup Cost": 0.0,
                                "Total Cost": 0.14,
                                "Plan Rows": 1,
                                "Plan Width": 0,
                                "Actual Startup Time": 0.001,
                                "Actual Total Time": 0.001,
                                "Actual Rows": 1,
                                "Actual Loops": 4497,
                                "Index Cond": "(kt.id = t.kind_id)"
                            }
                        ]
                    }
                ]
            }
        ]
    },
    "Planning Time": 231.564,
    "Triggers": [],
    "Execution Time": 30057.362
}