{
    "Plan": {
        "Node Type": "Aggregate",
        "Strategy": "Plain",
        "Partial Mode": "Finalize",
        "Parallel Aware": false,
        "Startup Cost": 105458.94,
        "Total Cost": 105458.95,
        "Plan Rows": 1,
        "Plan Width": 8,
        "Actual Startup Time": 4541.923,
        "Actual Total Time": 4570.641,
        "Actual Rows": 1,
        "Actual Loops": 1,
        "Output": [
            "count(*)"
        ],
        "Plans": [
            {
                "Node Type": "Gather",
                "Parent Relationship": "Outer",
                "Parallel Aware": false,
                "Startup Cost": 105458.52,
                "Total Cost": 105458.93,
                "Plan Rows": 4,
                "Plan Width": 8,
                "Actual Startup Time": 4520.216,
                "Actual Total Time": 4570.624,
                "Actual Rows": 5,
                "Actual Loops": 1,
                "Output": [
                    "(PARTIAL count(*))"
                ],
                "Workers Planned": 4,
                "Workers Launched": 4,
                "Single Copy": false,
                "Plans": [
                    {
                        "Node Type": "Aggregate",
                        "Strategy": "Plain",
                        "Partial Mode": "Partial",
                        "Parent Relationship": "Outer",
                        "Parallel Aware": false,
                        "Startup Cost": 104458.52,
                        "Total Cost": 104458.53,
                        "Plan Rows": 1,
                        "Plan Width": 8,
                        "Actual Startup Time": 4499.532,
                        "Actual Total Time": 4499.539,
                        "Actual Rows": 1,
                        "Actual Loops": 5,
                        "Output": [
                            "PARTIAL count(*)"
                        ],
                        "Workers": [
                            {
                                "Worker Number": 0,
                                "Actual Startup Time": 4493.936,
                                "Actual Total Time": 4493.942,
                                "Actual Rows": 1,
                                "Actual Loops": 1
                            },
                            {
                                "Worker Number": 1,
                                "Actual Startup Time": 4495.867,
                                "Actual Total Time": 4495.872,
                                "Actual Rows": 1,
                                "Actual Loops": 1
                            },
                            {
                                "Worker Number": 2,
                                "Actual Startup Time": 4459.333,
                                "Actual Total Time": 4459.34,
                                "Actual Rows": 1,
                                "Actual Loops": 1
                            },
                            {
                                "Worker Number": 3,
                                "Actual Startup Time": 4529.18,
                                "Actual Total Time": 4529.187,
                                "Actual Rows": 1,
                                "Actual Loops": 1
                            }
                        ],
                        "Plans": [
                            {
                                "Node Type": "Nested Loop",
                                "Parent Relationship": "Outer",
                                "Parallel Aware": false,
                                "Join Type": "Inner",
                                "Startup Cost": 44055.53,
                                "Total Cost": 104427.07,
                                "Plan Rows": 12582,
                                "Plan Width": 0,
                                "Actual Startup Time": 149.833,
                                "Actual Total Time": 4498.76,
                                "Actual Rows": 1772,
                                "Actual Loops": 5,
                                "Inner Unique": false,
                                "Join Filter": "(t.id = mk.movie_id)",
                                "Rows Removed by Join Filter": 0,
                                "Workers": [
                                    {
                                        "Worker Number": 0,
                                        "Actual Startup Time": 171.562,
                                        "Actual Total Time": 4493.371,
                                        "Actual Rows": 1341,
                                        "Actual Loops": 1
                                    },
                                    {
                                        "Worker Number": 1,
                                        "Actual Startup Time": 131.552,
                                        "Actual Total Time": 4495.116,
                                        "Actual Rows": 1441,
                                        "Actual Loops": 1
                                    },
                                    {
                                        "Worker Number": 2,
                                        "Actual Startup Time": 109.727,
                                        "Actual Total Time": 4458.651,
                                        "Actual Rows": 1349,
                                        "Actual Loops": 1
                                    },
                                    {
                                        "Worker Number": 3,
                                        "Actual Startup Time": 156.993,
                                        "Actual Total Time": 4528.37,
                                        "Actual Rows": 2078,
                                        "Actual Loops": 1
                                    }
                                ],
                                "Plans": [
                                    {
                                        "Node Type": "Hash Join",
                                        "Parent Relationship": "Outer",
                                        "Parallel Aware": true,
                                        "Join Type": "Inner",
                                        "Startup Cost": 44055.1,
                                        "Total Cost": 90782.91,
                                        "Plan Rows": 7032,
                                        "Plan Width": 8,
                                        "Actual Startup Time": 103.65,
                                        "Actual Total Time": 462.116,
                                        "Actual Rows": 3353,
                                        "Actual Loops": 5,
                                        "Output": [
                                            "t.id",
                                            "ci.movie_id"
                                        ],
                                        "Inner Unique": true,
                                        "Hash Cond": "(ci.movie_id = t.id)",
                                        "Workers": [
                                            {
                                                "Worker Number": 0,
                                                "Actual Startup Time": 100.0,
                                                "Actual Total Time": 433.716,
                                                "Actual Rows": 3225,
                                                "Actual Loops": 1
                                            },
                                            {
                                                "Worker Number": 1,
                                                "Actual Startup Time": 104.114,
                                                "Actual Total Time": 379.808,
                                                "Actual Rows": 3186,
                                                "Actual Loops": 1
                                            },
                                            {
                                                "Worker Number": 2,
                                                "Actual Startup Time": 99.944,
                                                "Actual Total Time": 548.249,
                                                "Actual Rows": 3215,
                                                "Actual Loops": 1
                                            },
                                            {
                                                "Worker Number": 3,
                                                "Actual Startup Time": 101.683,
                                                "Actual Total Time": 472.418,
                                                "Actual Rows": 3443,
                                                "Actual Loops": 1
                                            }
                                        ],
                                        "Plans": [
                                            {
                                                "Node Type": "Index Scan",
                                                "Parent Relationship": "Outer",
                                                "Parallel Aware": true,
                                                "Scan Direction": "Forward",
                                                "Index Name": "role_id_cast_info",
                                                "Relation Name": "cast_info",
                                                "Schema": "public",
                                                "Alias": "ci",
                                                "Startup Cost": 0.56,
                                                "Total Cost": 45790.64,
                                                "Plan Rows": 357236,
                                                "Plan Width": 4,
                                                "Actual Startup Time": 0.225,
                                                "Actual Total Time": 219.471,
                                                "Actual Rows": 296019,
                                                "Actual Loops": 5,
                                                "Output": [
                                                    "ci.id",
                                                    "ci.person_id",
                                                    "ci.movie_id",
                                                    "ci.person_role_id",
                                                    "ci.note",
                                                    "ci.nr_order",
                                                    "ci.role_id"
                                                ],
                                                "Index Cond": "(ci.role_id = 8)",
                                                "Rows Removed by Index Recheck": 0,
                                                "Filter": "(ci.person_id > 464072)",
                                                "Rows Removed by Filter": 44690,
                                                "Workers": [
                                                    {
                                                        "Worker Number": 0,
                                                        "Actual Startup Time": 0.352,
                                                        "Actual Total Time": 204.466,
                                                        "Actual Rows": 268330,
                                                        "Actual Loops": 1
                                                    },
                                                    {
                                                        "Worker Number": 1,
                                                        "Actual Startup Time": 0.213,
                                                        "Actual Total Time": 170.648,
                                                        "Actual Rows": 223385,
                                                        "Actual Loops": 1
                                                    },
                                                    {
                                                        "Worker Number": 2,
                                                        "Actual Startup Time": 0.308,
                                                        "Actual Total Time": 267.99,
                                                        "Actual Rows": 381476,
                                                        "Actual Loops": 1
                                                    },
                                                    {
                                                        "Worker Number": 3,
                                                        "Actual Startup Time": 0.162,
                                                        "Actual Total Time": 232.525,
                                                        "Actual Rows": 293727,
                                                        "Actual Loops": 1
                                                    }
                                                ]
                                            },
                                            {
                                                "Node Type": "Hash",
                                                "Parent Relationship": "Inner",
                                                "Parallel Aware": true,
                                                "Startup Cost": 43899.01,
                                                "Total Cost": 43899.01,
                                                "Plan Rows": 12442,
                                                "Plan Width": 4,
                                                "Actual Startup Time": 100.615,
                                                "Actual Total Time": 100.617,
                                                "Actual Rows": 10344,
                                                "Actual Loops": 5,
                                                "Output": [
                                                    "t.id"
                                                ],
                                                "Hash Buckets": 65536,
                                                "Original Hash Buckets": 65536,
                                                "Hash Batches": 1,
                                                "Original Hash Batches": 1,
                                                "Peak Memory Usage": 2592,
                                                "Workers": [
                                                    {
                                                        "Worker Number": 0,
                                                        "Actual Startup Time": 98.464,
                                                        "Actual Total Time": 98.466,
                                                        "Actual Rows": 9781,
                                                        "Actual Loops": 1
                                                    },
                                                    {
                                                        "Worker Number": 1,
                                                        "Actual Startup Time": 99.056,
                                                        "Actual Total Time": 99.058,
                                                        "Actual Rows": 9754,
                                                        "Actual Loops": 1
                                                    },
                                                    {
                                                        "Worker Number": 2,
                                                        "Actual Startup Time": 98.479,
                                                        "Actual Total Time": 98.48,
                                                        "Actual Rows": 8935,
                                                        "Actual Loops": 1
                                                    },
                                                    {
                                                        "Worker Number": 3,
                                                        "Actual Startup Time": 99.335,
                                                        "Actual Total Time": 99.337,
                                                        "Actual Rows": 9948,
                                                        "Actual Loops": 1
                                                    }
                                                ],
                                                "Plans": [
                                                    {
                                                        "Node Type": "Seq Scan",
                                                        "Parent Relationship": "Outer",
                                                        "Parallel Aware": true,
                                                        "Relation Name": "title",
                                                        "Schema": "public",
                                                        "Alias": "t",
                                                        "Startup Cost": 0.0,
                                                        "Total Cost": 43899.01,
                                                        "Plan Rows": 12442,
                                                        "Plan Width": 4,
                                                        "Actual Startup Time": 59.771,
                                                        "Actual Total Time": 96.041,
                                                        "Actual Rows": 10344,
                                                        "Actual Loops": 5,
                                                        "Output": [
                                                            "t.id"
                                                        ],
                                                        "Filter": "(t.production_year < 1914)",
                                                        "Rows Removed by Filter": 495318,
                                                        "Workers": [
                                                            {
                                                                "Worker Number": 0,
                                                                "Actual Startup Time": 62.806,
                                                                "Actual Total Time": 94.017,
                                                                "Actual Rows": 9781,
                                                                "Actual Loops": 1
                                                            },
                                                            {
                                                                "Worker Number": 1,
                                                                "Actual Startup Time": 63.405,
                                                                "Actual Total Time": 94.619,
                                                                "Actual Rows": 9754,
                                                                "Actual Loops": 1
                                                            },
                                                            {
                                                                "Worker Number": 2,
                                                                "Actual Startup Time": 62.82,
                                                                "Actual Total Time": 93.71,
                                                                "Actual Rows": 8935,
                                                                "Actual Loops": 1
                                                            },
                                                            {
                                                                "Worker Number": 3,
                                                                "Actual Startup Time": 37.731,
                                                                "Actual Total Time": 94.798,
                                                                "Actual Rows": 9948,
                                                                "Actual Loops": 1
                                                            }
                                                        ]
                                                    }
                                                ]
                                            }
                                        ]
                                    },
                                    {
                                        "Node Type": "Index Only Scan",
                                        "Parent Relationship": "Inner",
                                        "Parallel Aware": false,
                                        "Scan Direction": "Forward",
                                        "Index Name": "movie_id_movie_keyword",
                                        "Relation Name": "movie_keyword",
                                        "Schema": "public",
                                        "Alias": "mk",
                                        "Startup Cost": 0.43,
                                        "Total Cost": 1.37,
                                        "Plan Rows": 46,
                                        "Plan Width": 4,
                                        "Actual Startup Time": 1.202,
                                        "Actual Total Time": 1.202,
                                        "Actual Rows": 1,
                                        "Actual Loops": 16764,
                                        "Output": [
                                            "mk.movie_id"
                                        ],
                                        "Index Cond": "(mk.movie_id = ci.movie_id)",
                                        "Rows Removed by Index Recheck": 0,
                                        "Heap Fetches": 8861,
                                        "Workers": [
                                            {
                                                "Worker Number": 0,
                                                "Actual Startup Time": 1.257,
                                                "Actual Total Time": 1.257,
                                                "Actual Rows": 0,
                                                "Actual Loops": 3225
                                            },
                                            {
                                                "Worker Number": 1,
                                                "Actual Startup Time": 1.29,
                                                "Actual Total Time": 1.29,
                                                "Actual Rows": 0,
                                                "Actual Loops": 3186
                                            },
                                            {
                                                "Worker Number": 2,
                                                "Actual Startup Time": 1.214,
                                                "Actual Total Time": 1.215,
                                                "Actual Rows": 0,
                                                "Actual Loops": 3215
                                            },
                                            {
                                                "Worker Number": 3,
                                                "Actual Startup Time": 1.176,
                                                "Actual Total Time": 1.176,
                                                "Actual Rows": 1,
                                                "Actual Loops": 3443
                                            }
                                        ]
                                    }
                                ]
                            }
                        ]
                    }
                ]
            }
        ]
    },
    "Planning Time": 1.506,
    "Triggers": [],
    "Execution Time": 4570.754
}