{
  "Plan": {
    "Node Type": "Aggregate",
    "Strategy": "Plain",
    "Partial Mode": "Finalize",
    "Parallel Aware": false,
    "Startup Cost": 699558.45,
    "Total Cost": 699558.46,
    "Plan Rows": 1,
    "Plan Width": 8,
    "Actual Startup Time": 6296.344,
    "Actual Total Time": 6355.029,
    "Actual Rows": 1,
    "Actual Loops": 1,
    "Plans": [
      {
        "Node Type": "Gather",
        "Parent Relationship": "Outer",
        "Parallel Aware": false,
        "Startup Cost": 699558.33,
        "Total Cost": 699558.44,
        "Plan Rows": 1,
        "Plan Width": 8,
        "Actual Startup Time": 6291.371,
        "Actual Total Time": 6355.02,
        "Actual Rows": 2,
        "Actual Loops": 1,
        "Workers Planned": 1,
        "Workers Launched": 1,
        "Single Copy": false,
        "Plans": [
          {
            "Node Type": "Aggregate",
            "Strategy": "Plain",
            "Partial Mode": "Partial",
            "Parent Relationship": "Outer",
            "Parallel Aware": false,
            "Startup Cost": 698558.33,
            "Total Cost": 698558.34,
            "Plan Rows": 1,
            "Plan Width": 8,
            "Actual Startup Time": 6284.922,
            "Actual Total Time": 6284.927,
            "Actual Rows": 1,
            "Actual Loops": 2,
            "Plans": [
              {
                "Node Type": "Hash Join",
                "Parent Relationship": "Outer",
                "Parallel Aware": true,
                "Join Type": "Inner",
                "Startup Cost": 114337.5,
                "Total Cost": 687071.94,
                "Plan Rows": 4594556,
                "Plan Width": 0,
                "Actual Startup Time": 763.146,
                "Actual Total Time": 5761.134,
                "Actual Rows": 12897971,
                "Actual Loops": 2,
                "Inner Unique": false,
                "Hash Cond": "(ci.movie_id = t.id)",
                "Plans": [
                  {
                    "Node Type": "Seq Scan",
                    "Parent Relationship": "Outer",
                    "Parallel Aware": true,
                    "Relation Name": "cast_info",
                    "Alias": "ci",
                    "Startup Cost": 0.0,
                    "Total Cost": 465792.95,
                    "Plan Rows": 21310595,
                    "Plan Width": 4,
                    "Actual Startup Time": 0.02,
                    "Actual Total Time": 1331.982,
                    "Actual Rows": 18122172,
                    "Actual Loops": 2
                  },
                  {
                    "Node Type": "Hash",
                    "Parent Relationship": "Inner",
                    "Parallel Aware": true,
                    "Startup Cost": 110329.43,
                    "Total Cost": 110329.43,
                    "Plan Rows": 320646,
                    "Plan Width": 8,
                    "Actual Startup Time": 753.54,
                    "Actual Total Time": 753.544,
                    "Actual Rows": 264648,
                    "Actual Loops": 2,
                    "Hash Buckets": 1048576,
                    "Original Hash Buckets": 1048576,
                    "Hash Batches": 1,
                    "Original Hash Batches": 1,
                    "Peak Memory Usage": 28928,
                    "Plans": [
                      {
                        "Node Type": "Hash Join",
                        "Parent Relationship": "Outer",
                        "Parallel Aware": true,
                        "Join Type": "Inner",
                        "Startup Cost": 81025.65,
                        "Total Cost": 110329.43,
                        "Plan Rows": 320646,
                        "Plan Width": 8,
                        "Actual Startup Time": 561.443,
                        "Actual Total Time": 697.801,
                        "Actual Rows": 264648,
                        "Actual Loops": 2,
                        "Inner Unique": true,
                        "Hash Cond": "(mk.movie_id = t.id)",
                        "Plans": [
                          {
                            "Node Type": "Bitmap Heap Scan",
                            "Parent Relationship": "Outer",
                            "Parallel Aware": true,
                            "Relation Name": "movie_keyword",
                            "Alias": "mk",
                            "Startup Cost": 11564.95,
                            "Total Cost": 40027.03,
                            "Plan Rows": 320646,
                            "Plan Width": 4,
                            "Actual Startup Time": 30.776,
                            "Actual Total Time": 95.603,
                            "Actual Rows": 264648,
                            "Actual Loops": 2,
                            "Recheck Cond": "(keyword_id > 34439)",
                            "Rows Removed by Index Recheck": 0,
                            "Exact Heap Blocks": 12623,
                            "Lossy Heap Blocks": 0,
                            "Plans": [
                              {
                                "Node Type": "Bitmap Index Scan",
                                "Parent Relationship": "Outer",
                                "Parallel Aware": false,
                                "Index Name": "keyword_id_movie_keyword",
                                "Startup Cost": 0.0,
                                "Total Cost": 11428.68,
                                "Plan Rows": 545099,
                                "Plan Width": 0,
                                "Actual Startup Time": 27.441,
                                "Actual Total Time": 27.442,
                                "Actual Rows": 529296,
                                "Actual Loops": 1,
                                "Index Cond": "(keyword_id > 34439)"
                              }
                            ]
                          },
                          {
                            "Node Type": "Hash",
                            "Parent Relationship": "Inner",
                            "Parallel Aware": true,
                            "Startup Cost": 50870.31,
                            "Total Cost": 50870.31,
                            "Plan Rows": 1487231,
                            "Plan Width": 4,
                            "Actual Startup Time": 514.736,
                            "Actual Total Time": 514.737,
                            "Actual Rows": 1264156,
                            "Actual Loops": 2,
                            "Hash Buckets": 4194304,
                            "Original Hash Buckets": 4194304,
                            "Hash Batches": 1,
                            "Original Hash Batches": 1,
                            "Peak Memory Usage": 131712,
                            "Plans": [
                              {
                                "Node Type": "Seq Scan",
                                "Parent Relationship": "Outer",
                                "Parallel Aware": true,
                                "Relation Name": "title",
                                "Alias": "t",
                                "Startup Cost": 0.0,
                                "Total Cost": 50870.31,
                                "Plan Rows": 1487231,
                                "Plan Width": 4,
                                "Actual Startup Time": 0.034,
                                "Actual Total Time": 149.312,
                                "Actual Rows": 1264156,
                                "Actual Loops": 2
                              }
                            ]
                          }
                        ]
                      }
                    ]
                  }
                ]
              }
            ]
          }
        ]
      }
    ]
  },
  "Planning Time": 1.001,
  "Triggers": [],
  "Execution Time": 6355.14
}