{
  "Plan": {
    "Node Type": "Aggregate",
    "Strategy": "Plain",
    "Partial Mode": "Finalize",
    "Parallel Aware": false,
    "Startup Cost": 110339.91,
    "Total Cost": 110339.92,
    "Plan Rows": 1,
    "Plan Width": 8,
    "Actual Startup Time": 918.292,
    "Actual Total Time": 937.23,
    "Actual Rows": 1,
    "Actual Loops": 1,
    "Plans": [
      {
        "Node Type": "Gather",
        "Parent Relationship": "Outer",
        "Parallel Aware": false,
        "Startup Cost": 110339.8,
        "Total Cost": 110339.91,
        "Plan Rows": 1,
        "Plan Width": 8,
        "Actual Startup Time": 913.825,
        "Actual Total Time": 937.219,
        "Actual Rows": 2,
        "Actual Loops": 1,
        "Workers Planned": 1,
        "Workers Launched": 1,
        "Single Copy": false,
        "Plans": [
          {
            "Node Type": "Aggregate",
            "Strategy": "Plain",
            "Partial Mode": "Partial",
            "Parent Relationship": "Outer",
            "Parallel Aware": false,
            "Startup Cost": 109339.8,
            "Total Cost": 109339.81,
            "Plan Rows": 1,
            "Plan Width": 8,
            "Actual Startup Time": 906.432,
            "Actual Total Time": 906.436,
            "Actual Rows": 1,
            "Actual Loops": 2,
            "Plans": [
              {
                "Node Type": "Hash Join",
                "Parent Relationship": "Outer",
                "Parallel Aware": true,
                "Join Type": "Inner",
                "Startup Cost": 68107.58,
                "Total Cost": 108006.89,
                "Plan Rows": 533164,
                "Plan Width": 0,
                "Actual Startup Time": 537.288,
                "Actual Total Time": 886.388,
                "Actual Rows": 397702,
                "Actual Loops": 2,
                "Inner Unique": true,
                "Hash Cond": "(mc.movie_id = t.id)",
                "Plans": [
                  {
                    "Node Type": "Seq Scan",
                    "Parent Relationship": "Outer",
                    "Parallel Aware": true,
                    "Relation Name": "movie_companies",
                    "Alias": "mc",
                    "Startup Cost": 0.0,
                    "Total Cost": 37974.77,
                    "Plan Rows": 733159,
                    "Plan Width": 4,
                    "Actual Startup Time": 17.894,
                    "Actual Total Time": 139.757,
                    "Actual Rows": 625262,
                    "Actual Loops": 2,
                    "Filter": "(company_id > 11663)",
                    "Rows Removed by Filter": 679302
                  },
                  {
                    "Node Type": "Hash",
                    "Parent Relationship": "Inner",
                    "Parallel Aware": true,
                    "Startup Cost": 54588.39,
                    "Total Cost": 54588.39,
                    "Plan Rows": 1081535,
                    "Plan Width": 4,
                    "Actual Startup Time": 504.553,
                    "Actual Total Time": 504.554,
                    "Actual Rows": 916684,
                    "Actual Loops": 2,
                    "Hash Buckets": 2097152,
                    "Original Hash Buckets": 2097152,
                    "Hash Batches": 1,
                    "Original Hash Batches": 1,
                    "Peak Memory Usage": 88128,
                    "Plans": [
                      {
                        "Node Type": "Seq Scan",
                        "Parent Relationship": "Outer",
                        "Parallel Aware": true,
                        "Relation Name": "title",
                        "Alias": "t",
                        "Startup Cost": 0.0,
                        "Total Cost": 54588.39,
                        "Plan Rows": 1081535,
                        "Plan Width": 4,
                        "Actual Startup Time": 0.03,
                        "Actual Total Time": 214.609,
                        "Actual Rows": 916684,
                        "Actual Loops": 2,
                        "Filter": "(production_year > 1986)",
                        "Rows Removed by Filter": 347472
                      }
                    ]
                  }
                ]
              }
            ]
          }
        ]
      }
    ]
  },
  "Planning Time": 0.663,
  "Triggers": [],
  "Execution Time": 937.302
}