{
    "Plan": {
        "Node Type": "Aggregate",
        "Strategy": "Plain",
        "Partial Mode": "Finalize",
        "Parallel Aware": false,
        "Startup Cost": 44432.82,
        "Total Cost": 44432.83,
        "Plan Rows": 1,
        "Plan Width": 8,
        "Actual Startup Time": 163.313,
        "Actual Total Time": 176.357,
        "Actual Rows": 1,
        "Actual Loops": 1,
        "Output": [
            "count(*)"
        ],
        "Plans": [
            {
                "Node Type": "Gather",
                "Parent Relationship": "Outer",
                "Parallel Aware": false,
                "Startup Cost": 44432.5,
                "Total Cost": 44432.81,
                "Plan Rows": 3,
                "Plan Width": 8,
                "Actual Startup Time": 163.17,
                "Actual Total Time": 176.346,
                "Actual Rows": 4,
                "Actual Loops": 1,
                "Output": [
                    "(PARTIAL count(*))"
                ],
                "Workers Planned": 3,
                "Workers Launched": 3,
                "Single Copy": false,
                "Plans": [
                    {
                        "Node Type": "Aggregate",
                        "Strategy": "Plain",
                        "Partial Mode": "Partial",
                        "Parent Relationship": "Outer",
                        "Parallel Aware": false,
                        "Startup Cost": 43432.5,
                        "Total Cost": 43432.51,
                        "Plan Rows": 1,
                        "Plan Width": 8,
                        "Actual Startup Time": 154.207,
                        "Actual Total Time": 154.208,
                        "Actual Rows": 1,
                        "Actual Loops": 4,
                        "Output": [
                            "PARTIAL count(*)"
                        ],
                        "Workers": [
                            {
                                "Worker Number": 0,
                                "Actual Startup Time": 151.246,
                                "Actual Total Time": 151.247,
                                "Actual Rows": 1,
                                "Actual Loops": 1
                            },
                            {
                                "Worker Number": 1,
                                "Actual Startup Time": 151.352,
                                "Actual Total Time": 151.354,
                                "Actual Rows": 1,
                                "Actual Loops": 1
                            },
                            {
                                "Worker Number": 2,
                                "Actual Startup Time": 152.119,
                                "Actual Total Time": 152.121,
                                "Actual Rows": 1,
                                "Actual Loops": 1
                            }
                        ],
                        "Plans": [
                            {
                                "Node Type": "Seq Scan",
                                "Parent Relationship": "Outer",
                                "Parallel Aware": true,
                                "Relation Name": "movie_keyword",
                                "Schema": "public",
                                "Alias": "mk",
                                "Startup Cost": 0.0,
                                "Total Cost": 42695.65,
                                "Plan Rows": 294740,
                                "Plan Width": 0,
                                "Actual Startup Time": 5.482,
                                "Actual Total Time": 140.315,
                                "Actual Rows": 222459,
                                "Actual Loops": 4,
                                "Output": [
                                    "id",
                                    "movie_id",
                                    "keyword_id"
                                ],
                                "Filter": "(mk.keyword_id > 20724)",
                                "Rows Removed by Filter": 908524,
                                "Workers": [
                                    {
                                        "Worker Number": 0,
                                        "Actual Startup Time": 2.523,
                                        "Actual Total Time": 137.126,
                                        "Actual Rows": 190083,
                                        "Actual Loops": 1
                                    },
                                    {
                                        "Worker Number": 1,
                                        "Actual Startup Time": 2.641,
                                        "Actual Total Time": 137.727,
                                        "Actual Rows": 227759,
                                        "Actual Loops": 1
                                    },
                                    {
                                        "Worker Number": 2,
                                        "Actual Startup Time": 3.397,
                                        "Actual Total Time": 138.171,
                                        "Actual Rows": 186283,
                                        "Actual Loops": 1
                                    }
                                ]
                            }
                        ]
                    }
                ]
            }
        ]
    },
    "Planning Time": 1.951,
    "Triggers": [],
    "Execution Time": 176.652
}