[
  {
    "Plan": {
      "Node Type": "Aggregate",
      "Strategy": "Plain",
      "Partial Mode": "Finalize",
      "Parallel Aware": false,
      "Startup Cost": 46984.47,
      "Total Cost": 46984.48,
      "Plan Rows": 1,
      "Plan Width": 8,
      "Actual Startup Time": 176.624,
      "Actual Total Time": 186.016,
      "Actual Rows": 1,
      "Actual Loops": 1,
      "Plans": [
        {
          "Node Type": "Gather",
          "Parent Relationship": "Outer",
          "Parallel Aware": false,
          "Startup Cost": 46984.16,
          "Total Cost": 46984.47,
          "Plan Rows": 3,
          "Plan Width": 8,
          "Actual Startup Time": 176.481,
          "Actual Total Time": 186.006,
          "Actual Rows": 4,
          "Actual Loops": 1,
          "Workers Planned": 3,
          "Workers Launched": 3,
          "Single Copy": false,
          "Plans": [
            {
              "Node Type": "Aggregate",
              "Strategy": "Plain",
              "Partial Mode": "Partial",
              "Parent Relationship": "Outer",
              "Parallel Aware": false,
              "Startup Cost": 45984.16,
              "Total Cost": 45984.17,
              "Plan Rows": 1,
              "Plan Width": 8,
              "Actual Startup Time": 167.905,
              "Actual Total Time": 167.907,
              "Actual Rows": 1,
              "Actual Loops": 4,
              "Plans": [
                {
                  "Node Type": "Seq Scan",
                  "Parent Relationship": "Outer",
                  "Parallel Aware": true,
                  "Relation Name": "movie_keyword",
                  "Alias": "mk",
                  "Startup Cost": 0.0,
                  "Total Cost": 42695.65,
                  "Plan Rows": 1315401,
                  "Plan Width": 0,
                  "Actual Startup Time": 0.087,
                  "Actual Total Time": 123.539,
                  "Actual Rows": 1015284,
                  "Actual Loops": 4,
                  "Filter": "(keyword_id > 349)",
                  "Rows Removed by Filter": 115699
                }
              ]
            }
          ]
        }
      ]
    },
    "Planning Time": 0.154,
    "Triggers": [],
    "Execution Time": 186.093
  }
]