[
    {
        "Bao": {
            "Bao prediction": "NaN",
            "Bao recommended hint": "(no hint)"
        }
    },
    {
        "Plan": {
            "Node Type": "Aggregate",
            "Strategy": "Plain",
            "Partial Mode": "Finalize",
            "Parallel Aware": false,
            "Startup Cost": 459493.02,
            "Total Cost": 459493.03,
            "Plan Rows": 1,
            "Plan Width": 8,
            "Actual Startup Time": 3315.426,
            "Actual Total Time": 3340.294,
            "Actual Rows": 1,
            "Actual Loops": 1,
            "Output": [
                "count(*)"
            ],
            "Plans": [
                {
                    "Node Type": "Gather",
                    "Parent Relationship": "Outer",
                    "Parallel Aware": false,
                    "Startup Cost": 459492.4,
                    "Total Cost": 459493.01,
                    "Plan Rows": 6,
                    "Plan Width": 8,
                    "Actual Startup Time": 3301.849,
                    "Actual Total Time": 3340.286,
                    "Actual Rows": 7,
                    "Actual Loops": 1,
                    "Output": [
                        "(PARTIAL count(*))"
                    ],
                    "Workers Planned": 6,
                    "Workers Launched": 6,
                    "Single Copy": false,
                    "Plans": [
                        {
                            "Node Type": "Aggregate",
                            "Strategy": "Plain",
                            "Partial Mode": "Partial",
                            "Parent Relationship": "Outer",
                            "Parallel Aware": false,
                            "Startup Cost": 458492.4,
                            "Total Cost": 458492.41,
                            "Plan Rows": 1,
                            "Plan Width": 8,
                            "Actual Startup Time": 3290.221,
                            "Actual Total Time": 3290.226,
                            "Actual Rows": 1,
                            "Actual Loops": 7,
                            "Output": [
                                "PARTIAL count(*)"
                            ],
                            "Workers": [
                                {
                                    "Worker Number": 0,
                                    "Actual Startup Time": 3287.673,
                                    "Actual Total Time": 3287.677,
                                    "Actual Rows": 1,
                                    "Actual Loops": 1
                                },
                                {
                                    "Worker Number": 1,
                                    "Actual Startup Time": 3287.697,
                                    "Actual Total Time": 3287.702,
                                    "Actual Rows": 1,
                                    "Actual Loops": 1
                                },
                                {
                                    "Worker Number": 2,
                                    "Actual Startup Time": 3288.472,
                                    "Actual Total Time": 3288.476,
                                    "Actual Rows": 1,
                                    "Actual Loops": 1
                                },
                                {
                                    "Worker Number": 3,
                                    "Actual Startup Time": 3288.659,
                                    "Actual Total Time": 3288.663,
                                    "Actual Rows": 1,
                                    "Actual Loops": 1
                                },
                                {
                                    "Worker Number": 4,
                                    "Actual Startup Time": 3288.535,
                                    "Actual Total Time": 3288.54,
                                    "Actual Rows": 1,
                                    "Actual Loops": 1
                                },
                                {
                                    "Worker Number": 5,
                                    "Actual Startup Time": 3289.033,
                                    "Actual Total Time": 3289.038,
                                    "Actual Rows": 1,
                                    "Actual Loops": 1
                                }
                            ],
                            "Plans": [
                                {
                                    "Node Type": "Hash Join",
                                    "Parent Relationship": "Outer",
                                    "Parallel Aware": true,
                                    "Join Type": "Inner",
                                    "Startup Cost": 100751.02,
                                    "Total Cost": 448897.64,
                                    "Plan Rows": 3837903,
                                    "Plan Width": 0,
                                    "Actual Startup Time": 422.377,
                                    "Actual Total Time": 2833.544,
                                    "Actual Rows": 10826715,
                                    "Actual Loops": 7,
                                    "Inner Unique": false,
                                    "Hash Cond": "(ci.movie_id = t.id)",
                                    "Workers": [
                                        {
                                            "Worker Number": 0,
                                            "Actual Startup Time": 420.13,
                                            "Actual Total Time": 2801.232,
                                            "Actual Rows": 9199208,
                                            "Actual Loops": 1
                                        },
                                        {
                                            "Worker Number": 1,
                                            "Actual Startup Time": 420.135,
                                            "Actual Total Time": 2844.565,
                                            "Actual Rows": 10746543,
                                            "Actual Loops": 1
                                        },
                                        {
                                            "Worker Number": 2,
                                            "Actual Startup Time": 420.867,
                                            "Actual Total Time": 2833.319,
                                            "Actual Rows": 11159663,
                                            "Actual Loops": 1
                                        },
                                        {
                                            "Worker Number": 3,
                                            "Actual Startup Time": 421.057,
                                            "Actual Total Time": 2836.001,
                                            "Actual Rows": 11074257,
                                            "Actual Loops": 1
                                        },
                                        {
                                            "Worker Number": 4,
                                            "Actual Startup Time": 420.951,
                                            "Actual Total Time": 2841.7,
                                            "Actual Rows": 10841520,
                                            "Actual Loops": 1
                                        },
                                        {
                                            "Worker Number": 5,
                                            "Actual Startup Time": 421.483,
                                            "Actual Total Time": 2832.973,
                                            "Actual Rows": 11147358,
                                            "Actual Loops": 1
                                        }
                                    ],
                                    "Plans": [
                                        {
                                            "Node Type": "Seq Scan",
                                            "Parent Relationship": "Outer",
                                            "Parallel Aware": true,
                                            "Relation Name": "cast_info",
                                            "Schema": "public",
                                            "Alias": "ci",
                                            "Startup Cost": 0.0,
                                            "Total Cost": 313108.29,
                                            "Plan Rows": 6042129,
                                            "Plan Width": 4,
                                            "Actual Startup Time": 0.026,
                                            "Actual Total Time": 467.58,
                                            "Actual Rows": 5177763,
                                            "Actual Loops": 7,
                                            "Output": [
                                                "ci.id",
                                                "ci.person_id",
                                                "ci.movie_id",
                                                "ci.person_role_id",
                                                "ci.note",
                                                "ci.nr_order",
                                                "ci.role_id"
                                            ],
                                            "Workers": [
                                                {
                                                    "Worker Number": 0,
                                                    "Actual Startup Time": 0.034,
                                                    "Actual Total Time": 492.368,
                                                    "Actual Rows": 4295927,
                                                    "Actual Loops": 1
                                                },
                                                {
                                                    "Worker Number": 1,
                                                    "Actual Startup Time": 0.03,
                                                    "Actual Total Time": 464.888,
                                                    "Actual Rows": 5148776,
                                                    "Actual Loops": 1
                                                },
                                                {
                                                    "Worker Number": 2,
                                                    "Actual Startup Time": 0.031,
                                                    "Actual Total Time": 480.029,
                                                    "Actual Rows": 5345631,
                                                    "Actual Loops": 1
                                                },
                                                {
                                                    "Worker Number": 3,
                                                    "Actual Startup Time": 0.027,
                                                    "Actual Total Time": 480.577,
                                                    "Actual Rows": 5308218,
                                                    "Actual Loops": 1
                                                },
                                                {
                                                    "Worker Number": 4,
                                                    "Actual Startup Time": 0.025,
                                                    "Actual Total Time": 466.971,
                                                    "Actual Rows": 5178239,
                                                    "Actual Loops": 1
                                                },
                                                {
                                                    "Worker Number": 5,
                                                    "Actual Startup Time": 0.022,
                                                    "Actual Total Time": 485.037,
                                                    "Actual Rows": 5344286,
                                                    "Actual Loops": 1
                                                }
                                            ]
                                        },
                                        {
                                            "Node Type": "Hash",
                                            "Parent Relationship": "Inner",
                                            "Parallel Aware": true,
                                            "Startup Cost": 94275.35,
                                            "Total Cost": 94275.35,
                                            "Plan Rows": 518054,
                                            "Plan Width": 8,
                                            "Actual Startup Time": 419.319,
                                            "Actual Total Time": 419.322,
                                            "Actual Rows": 226666,
                                            "Actual Loops": 7,
                                            "Output": [
                                                "t.id",
                                                "mk.movie_id"
                                            ],
                                            "Hash Buckets": 2097152,
                                            "Original Hash Buckets": 2097152,
                                            "Hash Batches": 1,
                                            "Original Hash Batches": 1,
                                            "Peak Memory Usage": 78560,
                                            "Workers": [
                                                {
                                                    "Worker Number": 0,
                                                    "Actual Startup Time": 419.314,
                                                    "Actual Total Time": 419.317,
                                                    "Actual Rows": 159277,
                                                    "Actual Loops": 1
                                                },
                                                {
                                                    "Worker Number": 1,
                                                    "Actual Startup Time": 419.26,
                                                    "Actual Total Time": 419.264,
                                                    "Actual Rows": 230741,
                                                    "Actual Loops": 1
                                                },
                                                {
                                                    "Worker Number": 2,
                                                    "Actual Startup Time": 420.092,
                                                    "Actual Total Time": 420.095,
                                                    "Actual Rows": 234861,
                                                    "Actual Loops": 1
                                                },
                                                {
                                                    "Worker Number": 3,
                                                    "Actual Startup Time": 420.305,
                                                    "Actual Total Time": 420.308,
                                                    "Actual Rows": 234529,
                                                    "Actual Loops": 1
                                                },
                                                {
                                                    "Worker Number": 4,
                                                    "Actual Startup Time": 420.228,
                                                    "Actual Total Time": 420.232,
                                                    "Actual Rows": 232261,
                                                    "Actual Loops": 1
                                                },
                                                {
                                                    "Worker Number": 5,
                                                    "Actual Startup Time": 420.551,
                                                    "Actual Total Time": 420.554,
                                                    "Actual Rows": 237124,
                                                    "Actual Loops": 1
                                                }
                                            ],
                                            "Plans": [
                                                {
                                                    "Node Type": "Hash Join",
                                                    "Parent Relationship": "Outer",
                                                    "Parallel Aware": true,
                                                    "Join Type": "Inner",
                                                    "Startup Cost": 50219.81,
                                                    "Total Cost": 94275.35,
                                                    "Plan Rows": 518054,
                                                    "Plan Width": 8,
                                                    "Actual Startup Time": 231.144,
                                                    "Actual Total Time": 348.578,
                                                    "Actual Rows": 226666,
                                                    "Actual Loops": 7,
                                                    "Output": [
                                                        "t.id",
                                                        "mk.movie_id"
                                                    ],
                                                    "Inner Unique": true,
                                                    "Hash Cond": "(mk.movie_id = t.id)",
                                                    "Workers": [
                                                        {
                                                            "Worker Number": 0,
                                                            "Actual Startup Time": 231.136,
                                                            "Actual Total Time": 349.472,
                                                            "Actual Rows": 159277,
                                                            "Actual Loops": 1
                                                        },
                                                        {
                                                            "Worker Number": 1,
                                                            "Actual Startup Time": 231.109,
                                                            "Actual Total Time": 348.719,
                                                            "Actual Rows": 230741,
                                                            "Actual Loops": 1
                                                        },
                                                        {
                                                            "Worker Number": 2,
                                                            "Actual Startup Time": 231.131,
                                                            "Actual Total Time": 348.606,
                                                            "Actual Rows": 234861,
                                                            "Actual Loops": 1
                                                        },
                                                        {
                                                            "Worker Number": 3,
                                                            "Actual Startup Time": 231.125,
                                                            "Actual Total Time": 348.506,
                                                            "Actual Rows": 234529,
                                                            "Actual Loops": 1
                                                        },
                                                        {
                                                            "Worker Number": 4,
                                                            "Actual Startup Time": 231.112,
                                                            "Actual Total Time": 348.084,
                                                            "Actual Rows": 232261,
                                                            "Actual Loops": 1
                                                        },
                                                        {
                                                            "Worker Number": 5,
                                                            "Actual Startup Time": 231.153,
                                                            "Actual Total Time": 350.292,
                                                            "Actual Rows": 237124,
                                                            "Actual Loops": 1
                                                        }
                                                    ],
                                                    "Plans": [
                                                        {
                                                            "Node Type": "Seq Scan",
                                                            "Parent Relationship": "Outer",
                                                            "Parallel Aware": true,
                                                            "Relation Name": "movie_keyword",
                                                            "Schema": "public",
                                                            "Alias": "mk",
                                                            "Startup Cost": 0.0,
                                                            "Total Cost": 42695.65,
                                                            "Plan Rows": 518054,
                                                            "Plan Width": 4,
                                                            "Actual Startup Time": 0.354,
                                                            "Actual Total Time": 64.532,
                                                            "Actual Rows": 226666,
                                                            "Actual Loops": 7,
                                                            "Output": [
                                                                "mk.id",
                                                                "mk.movie_id",
                                                                "mk.keyword_id"
                                                            ],
                                                            "Filter": "(mk.keyword_id > 9800)",
                                                            "Rows Removed by Filter": 419609,
                                                            "Workers": [
                                                                {
                                                                    "Worker Number": 0,
                                                                    "Actual Startup Time": 0.312,
                                                                    "Actual Total Time": 67.034,
                                                                    "Actual Rows": 159277,
                                                                    "Actual Loops": 1
                                                                },
                                                                {
                                                                    "Worker Number": 1,
                                                                    "Actual Startup Time": 0.392,
                                                                    "Actual Total Time": 65.185,
                                                                    "Actual Rows": 230741,
                                                                    "Actual Loops": 1
                                                                },
                                                                {
                                                                    "Worker Number": 2,
                                                                    "Actual Startup Time": 0.392,
                                                                    "Actual Total Time": 65.212,
                                                                    "Actual Rows": 234861,
                                                                    "Actual Loops": 1
                                                                },
                                                                {
                                                                    "Worker Number": 3,
                                                                    "Actual Startup Time": 0.387,
                                                                    "Actual Total Time": 65.106,
                                                                    "Actual Rows": 234529,
                                                                    "Actual Loops": 1
                                                                },
                                                                {
                                                                    "Worker Number": 4,
                                                                    "Actual Startup Time": 0.324,
                                                                    "Actual Total Time": 64.927,
                                                                    "Actual Rows": 232261,
                                                                    "Actual Loops": 1
                                                                },
                                                                {
                                                                    "Worker Number": 5,
                                                                    "Actual Startup Time": 0.289,
                                                                    "Actual Total Time": 65.402,
                                                                    "Actual Rows": 237124,
                                                                    "Actual Loops": 1
                                                                }
                                                            ]
                                                        },
                                                        {
                                                            "Node Type": "Hash",
                                                            "Parent Relationship": "Inner",
                                                            "Parallel Aware": true,
                                                            "Startup Cost": 42318.81,
                                                            "Total Cost": 42318.81,
                                                            "Plan Rows": 632080,
                                                            "Plan Width": 4,
                                                            "Actual Startup Time": 227.374,
                                                            "Actual Total Time": 227.375,
                                                            "Actual Rows": 361187,
                                                            "Actual Loops": 7,
                                                            "Output": [
                                                                "t.id"
                                                            ],
                                                            "Hash Buckets": 4194304,
                                                            "Original Hash Buckets": 4194304,
                                                            "Hash Batches": 1,
                                                            "Original Hash Batches": 1,
                                                            "Peak Memory Usage": 131808,
                                                            "Workers": [
                                                                {
                                                                    "Worker Number": 0,
                                                                    "Actual Startup Time": 230.472,
                                                                    "Actual Total Time": 230.473,
                                                                    "Actual Rows": 269750,
                                                                    "Actual Loops": 1
                                                                },
                                                                {
                                                                    "Worker Number": 1,
                                                                    "Actual Startup Time": 230.575,
                                                                    "Actual Total Time": 230.576,
                                                                    "Actual Rows": 331526,
                                                                    "Actual Loops": 1
                                                                },
                                                                {
                                                                    "Worker Number": 2,
                                                                    "Actual Startup Time": 230.64,
                                                                    "Actual Total Time": 230.642,
                                                                    "Actual Rows": 370758,
                                                                    "Actual Loops": 1
                                                                },
                                                                {
                                                                    "Worker Number": 3,
                                                                    "Actual Startup Time": 230.662,
                                                                    "Actual Total Time": 230.662,
                                                                    "Actual Rows": 359254,
                                                                    "Actual Loops": 1
                                                                },
                                                                {
                                                                    "Worker Number": 4,
                                                                    "Actual Startup Time": 230.476,
                                                                    "Actual Total Time": 230.477,
                                                                    "Actual Rows": 334288,
                                                                    "Actual Loops": 1
                                                                },
                                                                {
                                                                    "Worker Number": 5,
                                                                    "Actual Startup Time": 230.53,
                                                                    "Actual Total Time": 230.531,
                                                                    "Actual Rows": 365222,
                                                                    "Actual Loops": 1
                                                                }
                                                            ],
                                                            "Plans": [
                                                                {
                                                                    "Node Type": "Seq Scan",
                                                                    "Parent Relationship": "Outer",
                                                                    "Parallel Aware": true,
                                                                    "Relation Name": "title",
                                                                    "Schema": "public",
                                                                    "Alias": "t",
                                                                    "Startup Cost": 0.0,
                                                                    "Total Cost": 42318.81,
                                                                    "Plan Rows": 632080,
                                                                    "Plan Width": 4,
                                                                    "Actual Startup Time": 0.046,
                                                                    "Actual Total Time": 64.364,
                                                                    "Actual Rows": 361187,
                                                                    "Actual Loops": 7,
                                                                    "Output": [
                                                                        "t.id"
                                                                    ],
                                                                    "Workers": [
                                                                        {
                                                                            "Worker Number": 0,
                                                                            "Actual Startup Time": 0.057,
                                                                            "Actual Total Time": 69.967,
                                                                            "Actual Rows": 269750,
                                                                            "Actual Loops": 1
                                                                        },
                                                                        {
                                                                            "Worker Number": 1,
                                                                            "Actual Startup Time": 0.05,
                                                                            "Actual Total Time": 65.322,
                                                                            "Actual Rows": 331526,
                                                                            "Actual Loops": 1
                                                                        },
                                                                        {
                                                                            "Worker Number": 2,
                                                                            "Actual Startup Time": 0.071,
                                                                            "Actual Total Time": 66.096,
                                                                            "Actual Rows": 370758,
                                                                            "Actual Loops": 1
                                                                        },
                                                                        {
                                                                            "Worker Number": 3,
                                                                            "Actual Startup Time": 0.035,
                                                                            "Actual Total Time": 66.159,
                                                                            "Actual Rows": 359254,
                                                                            "Actual Loops": 1
                                                                        },
                                                                        {
                                                                            "Worker Number": 4,
                                                                            "Actual Startup Time": 0.055,
                                                                            "Actual Total Time": 65.121,
                                                                            "Actual Rows": 334288,
                                                                            "Actual Loops": 1
                                                                        },
                                                                        {
                                                                            "Worker Number": 5,
                                                                            "Actual Startup Time": 0.047,
                                                                            "Actual Total Time": 66.102,
                                                                            "Actual Rows": 365222,
                                                                            "Actual Loops": 1
                                                                        }
                                                                    ]
                                                                }
                                                            ]
                                                        }
                                                    ]
                                                }
                                            ]
                                        }
                                    ]
                                }
                            ]
                        }
                    ]
                }
            ]
        },
        "Planning Time": 195.293,
        "Triggers": [],
        "Execution Time": 3340.359
    }
]