[
  {
    "Plan": {
      "Node Type": "Aggregate",
      "Strategy": "Plain",
      "Partial Mode": "Finalize",
      "Parallel Aware": false,
      "Startup Cost": 347931.57,
      "Total Cost": 347931.58,
      "Plan Rows": 1,
      "Plan Width": 8,
      "Actual Startup Time": 708.001,
      "Actual Total Time": 746.344,
      "Actual Rows": 1,
      "Actual Loops": 1,
      "Plans": [
        {
          "Node Type": "Gather",
          "Parent Relationship": "Outer",
          "Parallel Aware": false,
          "Startup Cost": 347930.94,
          "Total Cost": 347931.55,
          "Plan Rows": 6,
          "Plan Width": 8,
          "Actual Startup Time": 707.869,
          "Actual Total Time": 746.336,
          "Actual Rows": 7,
          "Actual Loops": 1,
          "Workers Planned": 6,
          "Workers Launched": 6,
          "Single Copy": false,
          "Plans": [
            {
              "Node Type": "Aggregate",
              "Strategy": "Plain",
              "Partial Mode": "Partial",
              "Parent Relationship": "Outer",
              "Parallel Aware": false,
              "Startup Cost": 346930.94,
              "Total Cost": 346930.95,
              "Plan Rows": 1,
              "Plan Width": 8,
              "Actual Startup Time": 702.114,
              "Actual Total Time": 702.115,
              "Actual Rows": 1,
              "Actual Loops": 7,
              "Plans": [
                {
                  "Node Type": "Seq Scan",
                  "Parent Relationship": "Outer",
                  "Parallel Aware": true,
                  "Relation Name": "cast_info",
                  "Alias": "ci",
                  "Startup Cost": 0.0,
                  "Total Cost": 343316.27,
                  "Plan Rows": 1445869,
                  "Plan Width": 0,
                  "Actual Startup Time": 321.521,
                  "Actual Total Time": 628.306,
                  "Actual Rows": 1631929,
                  "Actual Loops": 7,
                  "Filter": "((person_id > 1664134) AND (role_id > 2))",
                  "Rows Removed by Filter": 3545835
                }
              ]
            }
          ]
        }
      ]
    },
    "Planning Time": 0.091,
    "Triggers": [],
    "Execution Time": 746.384
  }
]