[
  {
    "Plan": {
      "Node Type": "Aggregate",
      "Strategy": "Plain",
      "Partial Mode": "Simple",
      "Parallel Aware": false,
      "Startup Cost": 3418.13,
      "Total Cost": 3418.14,
      "Plan Rows": 1,
      "Plan Width": 8,
      "Actual Startup Time": 65.398,
      "Actual Total Time": 65.4,
      "Actual Rows": 1,
      "Actual Loops": 1,
      "Plans": [
        {
          "Node Type": "Nested Loop",
          "Parent Relationship": "Outer",
          "Parallel Aware": false,
          "Join Type": "Inner",
          "Startup Cost": 7.23,
          "Total Cost": 3418.12,
          "Plan Rows": 1,
          "Plan Width": 0,
          "Actual Startup Time": 27.222,
          "Actual Total Time": 65.356,
          "Actual Rows": 213,
          "Actual Loops": 1,
          "Inner Unique": false,
          "Plans": [
            {
              "Node Type": "Nested Loop",
              "Parent Relationship": "Outer",
              "Parallel Aware": false,
              "Join Type": "Inner",
              "Startup Cost": 6.79,
              "Total Cost": 3017.98,
              "Plan Rows": 249,
              "Plan Width": 8,
              "Actual Startup Time": 24.363,
              "Actual Total Time": 32.046,
              "Actual Rows": 894,
              "Actual Loops": 1,
              "Inner Unique": true,
              "Plans": [
                {
                  "Node Type": "Bitmap Heap Scan",
                  "Parent Relationship": "Outer",
                  "Parallel Aware": false,
                  "Relation Name": "movie_keyword",
                  "Alias": "mk",
                  "Startup Cost": 6.36,
                  "Total Cost": 926.55,
                  "Plan Rows": 249,
                  "Plan Width": 4,
                  "Actual Startup Time": 24.333,
                  "Actual Total Time": 26.176,
                  "Actual Rows": 894,
                  "Actual Loops": 1,
                  "Recheck Cond": "(keyword_id = 12530)",
                  "Rows Removed by Index Recheck": 0,
                  "Exact Heap Blocks": 691,
                  "Lossy Heap Blocks": 0,
                  "Plans": [
                    {
                      "Node Type": "Bitmap Index Scan",
                      "Parent Relationship": "Outer",
                      "Parallel Aware": false,
                      "Index Name": "keyword_id_movie_keyword",
                      "Startup Cost": 0.0,
                      "Total Cost": 6.3,
                      "Plan Rows": 249,
                      "Plan Width": 0,
                      "Actual Startup Time": 24.154,
                      "Actual Total Time": 24.155,
                      "Actual Rows": 894,
                      "Actual Loops": 1,
                      "Index Cond": "(keyword_id = 12530)"
                    }
                  ]
                },
                {
                  "Node Type": "Index Only Scan",
                  "Parent Relationship": "Inner",
                  "Parallel Aware": false,
                  "Scan Direction": "Forward",
                  "Index Name": "title_pkey",
                  "Relation Name": "title",
                  "Alias": "t",
                  "Startup Cost": 0.43,
                  "Total Cost": 8.4,
                  "Plan Rows": 1,
                  "Plan Width": 4,
                  "Actual Startup Time": 0.006,
                  "Actual Total Time": 0.006,
                  "Actual Rows": 1,
                  "Actual Loops": 894,
                  "Index Cond": "(id = mk.movie_id)",
                  "Rows Removed by Index Recheck": 0,
                  "Heap Fetches": 894
                }
              ]
            },
            {
              "Node Type": "Index Scan",
              "Parent Relationship": "Inner",
              "Parallel Aware": false,
              "Scan Direction": "Forward",
              "Index Name": "movie_id_movie_info",
              "Relation Name": "movie_info",
              "Alias": "mi",
              "Startup Cost": 0.43,
              "Total Cost": 1.6,
              "Plan Rows": 1,
              "Plan Width": 4,
              "Actual Startup Time": 0.034,
              "Actual Total Time": 0.037,
              "Actual Rows": 0,
              "Actual Loops": 894,
              "Index Cond": "(movie_id = t.id)",
              "Rows Removed by Index Recheck": 0,
              "Filter": "(info_type_id = 67)",
              "Rows Removed by Filter": 56
            }
          ]
        }
      ]
    },
    "Planning Time": 0.65,
    "Triggers": [],
    "Execution Time": 65.447
  }
]