[
  {
    "Plan": {
      "Node Type": "Aggregate",
      "Strategy": "Plain",
      "Partial Mode": "Finalize",
      "Parallel Aware": false,
      "Startup Cost": 45590.31,
      "Total Cost": 45590.32,
      "Plan Rows": 1,
      "Plan Width": 8,
      "Actual Startup Time": 200.112,
      "Actual Total Time": 240.04,
      "Actual Rows": 1,
      "Actual Loops": 1,
      "Plans": [
        {
          "Node Type": "Gather",
          "Parent Relationship": "Outer",
          "Parallel Aware": false,
          "Startup Cost": 45590.1,
          "Total Cost": 45590.31,
          "Plan Rows": 2,
          "Plan Width": 8,
          "Actual Startup Time": 199.787,
          "Actual Total Time": 240.03,
          "Actual Rows": 3,
          "Actual Loops": 1,
          "Workers Planned": 2,
          "Workers Launched": 2,
          "Single Copy": false,
          "Plans": [
            {
              "Node Type": "Aggregate",
              "Strategy": "Plain",
              "Partial Mode": "Partial",
              "Parent Relationship": "Outer",
              "Parallel Aware": false,
              "Startup Cost": 44590.1,
              "Total Cost": 44590.11,
              "Plan Rows": 1,
              "Plan Width": 8,
              "Actual Startup Time": 191.848,
              "Actual Total Time": 191.85,
              "Actual Rows": 1,
              "Actual Loops": 3,
              "Plans": [
                {
                  "Node Type": "Nested Loop",
                  "Parent Relationship": "Outer",
                  "Parallel Aware": false,
                  "Join Type": "Inner",
                  "Startup Cost": 165.03,
                  "Total Cost": 44583.47,
                  "Plan Rows": 2652,
                  "Plan Width": 0,
                  "Actual Startup Time": 4.661,
                  "Actual Total Time": 191.281,
                  "Actual Rows": 6383,
                  "Actual Loops": 3,
                  "Inner Unique": false,
                  "Plans": [
                    {
                      "Node Type": "Nested Loop",
                      "Parent Relationship": "Outer",
                      "Parallel Aware": false,
                      "Join Type": "Inner",
                      "Startup Cost": 164.47,
                      "Total Cost": 38395.91,
                      "Plan Rows": 3205,
                      "Plan Width": 8,
                      "Actual Startup Time": 2.519,
                      "Actual Total Time": 22.876,
                      "Actual Rows": 2187,
                      "Actual Loops": 3,
                      "Inner Unique": true,
                      "Plans": [
                        {
                          "Node Type": "Bitmap Heap Scan",
                          "Parent Relationship": "Outer",
                          "Parallel Aware": true,
                          "Relation Name": "movie_keyword",
                          "Alias": "mk",
                          "Startup Cost": 164.04,
                          "Total Cost": 16394.0,
                          "Plan Rows": 3205,
                          "Plan Width": 4,
                          "Actual Startup Time": 2.366,
                          "Actual Total Time": 8.149,
                          "Actual Rows": 2187,
                          "Actual Loops": 3,
                          "Recheck Cond": "(keyword_id = 12015)",
                          "Rows Removed by Index Recheck": 0,
                          "Exact Heap Blocks": 2947,
                          "Lossy Heap Blocks": 0,
                          "Plans": [
                            {
                              "Node Type": "Bitmap Index Scan",
                              "Parent Relationship": "Outer",
                              "Parallel Aware": false,
                              "Index Name": "keyword_id_movie_keyword",
                              "Startup Cost": 0.0,
                              "Total Cost": 162.12,
                              "Plan Rows": 7691,
                              "Plan Width": 0,
                              "Actual Startup Time": 4.456,
                              "Actual Total Time": 4.457,
                              "Actual Rows": 6560,
                              "Actual Loops": 1,
                              "Index Cond": "(keyword_id = 12015)"
                            }
                          ]
                        },
                        {
                          "Node Type": "Index Only Scan",
                          "Parent Relationship": "Inner",
                          "Parallel Aware": false,
                          "Scan Direction": "Forward",
                          "Index Name": "title_pkey",
                          "Relation Name": "title",
                          "Alias": "t",
                          "Startup Cost": 0.43,
                          "Total Cost": 6.86,
                          "Plan Rows": 1,
                          "Plan Width": 4,
                          "Actual Startup Time": 0.006,
                          "Actual Total Time": 0.006,
                          "Actual Rows": 1,
                          "Actual Loops": 6560,
                          "Index Cond": "(id = mk.movie_id)",
                          "Rows Removed by Index Recheck": 0,
                          "Heap Fetches": 6560
                        }
                      ]
                    },
                    {
                      "Node Type": "Index Scan",
                      "Parent Relationship": "Inner",
                      "Parallel Aware": false,
                      "Scan Direction": "Forward",
                      "Index Name": "movie_id_cast_info",
                      "Relation Name": "cast_info",
                      "Alias": "ci",
                      "Startup Cost": 0.56,
                      "Total Cost": 1.91,
                      "Plan Rows": 2,
                      "Plan Width": 4,
                      "Actual Startup Time": 0.067,
                      "Actual Total Time": 0.076,
                      "Actual Rows": 3,
                      "Actual Loops": 6560,
                      "Index Cond": "(movie_id = t.id)",
                      "Rows Removed by Index Recheck": 0,
                      "Filter": "(person_id > 3667254)",
                      "Rows Removed by Filter": 29
                    }
                  ]
                }
              ]
            }
          ]
        }
      ]
    },
    "Planning Time": 1.309,
    "Triggers": [],
    "Execution Time": 240.16
  }
]