[
  {
    "Plan": {
      "Node Type": "Aggregate",
      "Strategy": "Plain",
      "Partial Mode": "Finalize",
      "Parallel Aware": false,
      "Startup Cost": 348402.38,
      "Total Cost": 348402.39,
      "Plan Rows": 1,
      "Plan Width": 8,
      "Actual Startup Time": 703.513,
      "Actual Total Time": 760.573,
      "Actual Rows": 1,
      "Actual Loops": 1,
      "Plans": [
        {
          "Node Type": "Gather",
          "Parent Relationship": "Outer",
          "Parallel Aware": false,
          "Startup Cost": 348401.75,
          "Total Cost": 348402.36,
          "Plan Rows": 6,
          "Plan Width": 8,
          "Actual Startup Time": 703.399,
          "Actual Total Time": 760.563,
          "Actual Rows": 7,
          "Actual Loops": 1,
          "Workers Planned": 6,
          "Workers Launched": 6,
          "Single Copy": false,
          "Plans": [
            {
              "Node Type": "Aggregate",
              "Strategy": "Plain",
              "Partial Mode": "Partial",
              "Parent Relationship": "Outer",
              "Parallel Aware": false,
              "Startup Cost": 347401.75,
              "Total Cost": 347401.76,
              "Plan Rows": 1,
              "Plan Width": 8,
              "Actual Startup Time": 693.679,
              "Actual Total Time": 693.68,
              "Actual Rows": 1,
              "Actual Loops": 7,
              "Plans": [
                {
                  "Node Type": "Seq Scan",
                  "Parent Relationship": "Outer",
                  "Parallel Aware": true,
                  "Relation Name": "cast_info",
                  "Alias": "ci",
                  "Startup Cost": 0.0,
                  "Total Cost": 343257.03,
                  "Plan Rows": 1657889,
                  "Plan Width": 0,
                  "Actual Startup Time": 274.256,
                  "Actual Total Time": 651.061,
                  "Actual Rows": 971820,
                  "Actual Loops": 7,
                  "Filter": "((person_id > 2142399) AND (role_id < 4))",
                  "Rows Removed by Filter": 4205943
                }
              ]
            }
          ]
        }
      ]
    },
    "Planning Time": 0.182,
    "Triggers": [],
    "Execution Time": 760.636
  }
]