[
  {
    "Plan": {
      "Node Type": "Aggregate",
      "Strategy": "Plain",
      "Partial Mode": "Finalize",
      "Parallel Aware": false,
      "Startup Cost": 31691.62,
      "Total Cost": 31691.63,
      "Plan Rows": 1,
      "Plan Width": 8,
      "Actual Startup Time": 100.907,
      "Actual Total Time": 106.623,
      "Actual Rows": 1,
      "Actual Loops": 1,
      "Plans": [
        {
          "Node Type": "Gather",
          "Parent Relationship": "Outer",
          "Parallel Aware": false,
          "Startup Cost": 31691.31,
          "Total Cost": 31691.62,
          "Plan Rows": 3,
          "Plan Width": 8,
          "Actual Startup Time": 100.841,
          "Actual Total Time": 106.617,
          "Actual Rows": 4,
          "Actual Loops": 1,
          "Workers Planned": 3,
          "Workers Launched": 3,
          "Single Copy": false,
          "Plans": [
            {
              "Node Type": "Aggregate",
              "Strategy": "Plain",
              "Partial Mode": "Partial",
              "Parent Relationship": "Outer",
              "Parallel Aware": false,
              "Startup Cost": 30691.31,
              "Total Cost": 30691.32,
              "Plan Rows": 1,
              "Plan Width": 8,
              "Actual Startup Time": 93.752,
              "Actual Total Time": 93.752,
              "Actual Rows": 1,
              "Actual Loops": 4,
              "Plans": [
                {
                  "Node Type": "Seq Scan",
                  "Parent Relationship": "Outer",
                  "Parallel Aware": true,
                  "Relation Name": "movie_companies",
                  "Alias": "mc",
                  "Startup Cost": 0.0,
                  "Total Cost": 29310.68,
                  "Plan Rows": 552250,
                  "Plan Width": 0,
                  "Actual Startup Time": 0.751,
                  "Actual Total Time": 74.731,
                  "Actual Rows": 429166,
                  "Actual Loops": 4,
                  "Filter": "(company_id > 2801)",
                  "Rows Removed by Filter": 223116
                }
              ]
            }
          ]
        }
      ]
    },
    "Planning Time": 0.081,
    "Triggers": [],
    "Execution Time": 106.649
  }
]