[
  {
    "Bao": {
      "Bao prediction": 589.478,
      "Bao recommended hint": "SET enable_nestloop TO off; "
    }
  },
  {
    "Plan": {
      "Node Type": "Aggregate",
      "Strategy": "Plain",
      "Partial Mode": "Simple",
      "Parallel Aware": false,
      "Startup Cost": 107086.02,
      "Total Cost": 107086.03,
      "Plan Rows": 1,
      "Plan Width": 64,
      "Actual Startup Time": 597.079,
      "Actual Total Time": 625.429,
      "Actual Rows": 1,
      "Actual Loops": 1,
      "Plans": [
        {
          "Node Type": "Gather",
          "Parent Relationship": "Outer",
          "Parallel Aware": false,
          "Startup Cost": 62227.89,
          "Total Cost": 107086.01,
          "Plan Rows": 2,
          "Plan Width": 23,
          "Actual Startup Time": 486.958,
          "Actual Total Time": 625.271,
          "Actual Rows": 740,
          "Actual Loops": 1,
          "Workers Planned": 4,
          "Workers Launched": 4,
          "Single Copy": false,
          "Plans": [
            {
              "Node Type": "Hash Join",
              "Parent Relationship": "Outer",
              "Parallel Aware": true,
              "Join Type": "Inner",
              "Startup Cost": 61227.89,
              "Total Cost": 106085.81,
              "Plan Rows": 1,
              "Plan Width": 23,
              "Actual Startup Time": 479.227,
              "Actual Total Time": 586.177,
              "Actual Rows": 148,
              "Actual Loops": 5,
              "Inner Unique": false,
              "Hash Cond": "(t.id = mi_idx.movie_id)",
              "Plans": [
                {
                  "Node Type": "Seq Scan",
                  "Parent Relationship": "Outer",
                  "Parallel Aware": true,
                  "Relation Name": "title",
                  "Alias": "t",
                  "Startup Cost": 0.0,
                  "Total Cost": 43899.59,
                  "Plan Rows": 255554,
                  "Plan Width": 21,
                  "Actual Startup Time": 0.044,
                  "Actual Total Time": 114.759,
                  "Actual Rows": 202584,
                  "Actual Loops": 5,
                  "Filter": "(production_year > 2005)",
                  "Rows Removed by Filter": 303078
                },
                {
                  "Node Type": "Hash",
                  "Parent Relationship": "Inner",
                  "Parallel Aware": true,
                  "Startup Cost": 61227.86,
                  "Total Cost": 61227.86,
                  "Plan Rows": 2,
                  "Plan Width": 14,
                  "Actual Startup Time": 440.497,
                  "Actual Total Time": 440.507,
                  "Actual Rows": 1164,
                  "Actual Loops": 5,
                  "Hash Buckets": 8192,
                  "Original Hash Buckets": 1024,
                  "Hash Batches": 1,
                  "Original Hash Batches": 1,
                  "Peak Memory Usage": 504,
                  "Plans": [
                    {
                      "Node Type": "Hash Join",
                      "Parent Relationship": "Outer",
                      "Parallel Aware": true,
                      "Join Type": "Inner",
                      "Startup Cost": 45508.67,
                      "Total Cost": 61227.86,
                      "Plan Rows": 2,
                      "Plan Width": 14,
                      "Actual Startup Time": 342.268,
                      "Actual Total Time": 414.499,
                      "Actual Rows": 1164,
                      "Actual Loops": 5,
                      "Inner Unique": false,
                      "Hash Cond": "(mi_idx.movie_id = mk.movie_id)",
                      "Plans": [
                        {
                          "Node Type": "Hash Join",
                          "Parent Relationship": "Outer",
                          "Parallel Aware": false,
                          "Join Type": "Inner",
                          "Startup Cost": 2.43,
                          "Total Cost": 15714.43,
                          "Plan Rows": 1915,
                          "Plan Width": 10,
                          "Actual Startup Time": 0.159,
                          "Actual Total Time": 62.259,
                          "Actual Rows": 70598,
                          "Actual Loops": 5,
                          "Inner Unique": true,
                          "Hash Cond": "(mi_idx.info_type_id = it.id)",
                          "Plans": [
                            {
                              "Node Type": "Seq Scan",
                              "Parent Relationship": "Outer",
                              "Parallel Aware": true,
                              "Relation Name": "movie_info_idx",
                              "Alias": "mi_idx",
                              "Startup Cost": 0.0,
                              "Total Cost": 15122.68,
                              "Plan Rows": 216387,
                              "Plan Width": 14,
                              "Actual Startup Time": 0.03,
                              "Actual Total Time": 45.95,
                              "Actual Rows": 103536,
                              "Actual Loops": 5,
                              "Filter": "(info > '5.0'::text)",
                              "Rows Removed by Filter": 172471
                            },
                            {
                              "Node Type": "Hash",
                              "Parent Relationship": "Inner",
                              "Parallel Aware": false,
                              "Startup Cost": 2.41,
                              "Total Cost": 2.41,
                              "Plan Rows": 1,
                              "Plan Width": 4,
                              "Actual Startup Time": 0.061,
                              "Actual Total Time": 0.062,
                              "Actual Rows": 1,
                              "Actual Loops": 5,
                              "Hash Buckets": 1024,
                              "Original Hash Buckets": 1024,
                              "Hash Batches": 1,
                              "Original Hash Batches": 1,
                              "Peak Memory Usage": 9,
                              "Plans": [
                                {
                                  "Node Type": "Seq Scan",
                                  "Parent Relationship": "Outer",
                                  "Parallel Aware": false,
                                  "Relation Name": "info_type",
                                  "Alias": "it",
                                  "Startup Cost": 0.0,
                                  "Total Cost": 2.41,
                                  "Plan Rows": 1,
                                  "Plan Width": 4,
                                  "Actual Startup Time": 0.047,
                                  "Actual Total Time": 0.05,
                                  "Actual Rows": 1,
                                  "Actual Loops": 5,
                                  "Filter": "((info)::text = 'rating'::text)",
                                  "Rows Removed by Filter": 112
                                }
                              ]
                            }
                          ]
                        },
                        {
                          "Node Type": "Hash",
                          "Parent Relationship": "Inner",
                          "Parallel Aware": true,
                          "Startup Cost": 45504.48,
                          "Total Cost": 45504.48,
                          "Plan Rows": 141,
                          "Plan Width": 4,
                          "Actual Startup Time": 341.05,
                          "Actual Total Time": 341.053,
                          "Actual Rows": 2590,
                          "Actual Loops": 5,
                          "Hash Buckets": 16384,
                          "Original Hash Buckets": 1024,
                          "Hash Batches": 1,
                          "Original Hash Batches": 1,
                          "Peak Memory Usage": 888,
                          "Plans": [
                            {
                              "Node Type": "Hash Join",
                              "Parent Relationship": "Outer",
                              "Parallel Aware": false,
                              "Join Type": "Inner",
                              "Startup Cost": 2626.29,
                              "Total Cost": 45504.48,
                              "Plan Rows": 141,
                              "Plan Width": 4,
                              "Actual Startup Time": 33.86,
                              "Actual Total Time": 243.219,
                              "Actual Rows": 2590,
                              "Actual Loops": 5,
                              "Inner Unique": true,
                              "Hash Cond": "(mk.keyword_id = k.id)",
                              "Plans": [
                                {
                                  "Node Type": "Seq Scan",
                                  "Parent Relationship": "Outer",
                                  "Parallel Aware": true,
                                  "Relation Name": "movie_keyword",
                                  "Alias": "mk",
                                  "Startup Cost": 0.0,
                                  "Total Cost": 39047.32,
                                  "Plan Rows": 1459332,
                                  "Plan Width": 8,
                                  "Actual Startup Time": 0.036,
                                  "Actual Total Time": 117.158,
                                  "Actual Rows": 904786,
                                  "Actual Loops": 5
                                },
                                {
                                  "Node Type": "Hash",
                                  "Parent Relationship": "Inner",
                                  "Parallel Aware": false,
                                  "Startup Cost": 2626.12,
                                  "Total Cost": 2626.12,
                                  "Plan Rows": 13,
                                  "Plan Width": 4,
                                  "Actual Startup Time": 33.218,
                                  "Actual Total Time": 33.219,
                                  "Actual Rows": 30,
                                  "Actual Loops": 5,
                                  "Hash Buckets": 1024,
                                  "Original Hash Buckets": 1024,
                                  "Hash Batches": 1,
                                  "Original Hash Batches": 1,
                                  "Peak Memory Usage": 10,
                                  "Plans": [
                                    {
                                      "Node Type": "Seq Scan",
                                      "Parent Relationship": "Outer",
                                      "Parallel Aware": false,
                                      "Relation Name": "keyword",
                                      "Alias": "k",
                                      "Startup Cost": 0.0,
                                      "Total Cost": 2626.12,
                                      "Plan Rows": 13,
                                      "Plan Width": 4,
                                      "Actual Startup Time": 3.06,
                                      "Actual Total Time": 33.167,
                                      "Actual Rows": 30,
                                      "Actual Loops": 5,
                                      "Filter": "(keyword ~~ '%sequel%'::text)",
                                      "Rows Removed by Filter": 134140
                                    }
                                  ]
                                }
                              ]
                            }
                          ]
                        }
                      ]
                    }
                  ]
                }
              ]
            }
          ]
        }
      ]
    },
    "Planning Time": 272.61,
    "Triggers": [],
    "Execution Time": 626.03
  }
]