[
  {
    "Plan": {
      "Node Type": "Aggregate",
      "Strategy": "Plain",
      "Partial Mode": "Finalize",
      "Parallel Aware": false,
      "Startup Cost": 128397.97,
      "Total Cost": 128397.98,
      "Plan Rows": 1,
      "Plan Width": 8,
      "Actual Startup Time": 494.933,
      "Actual Total Time": 513.55,
      "Actual Rows": 1,
      "Actual Loops": 1,
      "Plans": [
        {
          "Node Type": "Gather",
          "Parent Relationship": "Outer",
          "Parallel Aware": false,
          "Startup Cost": 128397.66,
          "Total Cost": 128397.97,
          "Plan Rows": 3,
          "Plan Width": 8,
          "Actual Startup Time": 490.859,
          "Actual Total Time": 513.527,
          "Actual Rows": 4,
          "Actual Loops": 1,
          "Workers Planned": 3,
          "Workers Launched": 3,
          "Single Copy": false,
          "Plans": [
            {
              "Node Type": "Aggregate",
              "Strategy": "Plain",
              "Partial Mode": "Partial",
              "Parent Relationship": "Outer",
              "Parallel Aware": false,
              "Startup Cost": 127397.66,
              "Total Cost": 127397.67,
              "Plan Rows": 1,
              "Plan Width": 8,
              "Actual Startup Time": 482.589,
              "Actual Total Time": 482.769,
              "Actual Rows": 1,
              "Actual Loops": 4,
              "Plans": [
                {
                  "Node Type": "Hash Join",
                  "Parent Relationship": "Outer",
                  "Parallel Aware": true,
                  "Join Type": "Inner",
                  "Startup Cost": 81444.19,
                  "Total Cost": 127268.36,
                  "Plan Rows": 51718,
                  "Plan Width": 0,
                  "Actual Startup Time": 318.394,
                  "Actual Total Time": 479.209,
                  "Actual Rows": 83738,
                  "Actual Loops": 4,
                  "Inner Unique": false,
                  "Hash Cond": "(mk.movie_id = t.id)",
                  "Plans": [
                    {
                      "Node Type": "Seq Scan",
                      "Parent Relationship": "Outer",
                      "Parallel Aware": true,
                      "Relation Name": "movie_keyword",
                      "Alias": "mk",
                      "Startup Cost": 0.0,
                      "Total Cost": 42695.65,
                      "Plan Rows": 789784,
                      "Plan Width": 4,
                      "Actual Startup Time": 0.021,
                      "Actual Total Time": 106.609,
                      "Actual Rows": 616677,
                      "Actual Loops": 4,
                      "Filter": "(keyword_id < 5936)",
                      "Rows Removed by Filter": 514306
                    },
                    {
                      "Node Type": "Hash",
                      "Parent Relationship": "Inner",
                      "Parallel Aware": true,
                      "Startup Cost": 80776.56,
                      "Total Cost": 80776.56,
                      "Plan Rows": 53410,
                      "Plan Width": 8,
                      "Actual Startup Time": 317.056,
                      "Actual Total Time": 317.234,
                      "Actual Rows": 46520,
                      "Actual Loops": 4,
                      "Hash Buckets": 262144,
                      "Original Hash Buckets": 262144,
                      "Hash Batches": 1,
                      "Original Hash Batches": 1,
                      "Peak Memory Usage": 9408,
                      "Plans": [
                        {
                          "Node Type": "Hash Join",
                          "Parent Relationship": "Outer",
                          "Parallel Aware": true,
                          "Join Type": "Inner",
                          "Startup Cost": 49051.62,
                          "Total Cost": 80776.56,
                          "Plan Rows": 53410,
                          "Plan Width": 8,
                          "Actual Startup Time": 226.382,
                          "Actual Total Time": 305.467,
                          "Actual Rows": 46520,
                          "Actual Loops": 4,
                          "Inner Unique": true,
                          "Hash Cond": "(mc.movie_id = t.id)",
                          "Plans": [
                            {
                              "Node Type": "Seq Scan",
                              "Parent Relationship": "Outer",
                              "Parallel Aware": true,
                              "Relation Name": "movie_companies",
                              "Alias": "mc",
                              "Startup Cost": 0.0,
                              "Total Cost": 31414.82,
                              "Plan Rows": 118142,
                              "Plan Width": 4,
                              "Actual Startup Time": 25.986,
                              "Actual Total Time": 58.469,
                              "Actual Rows": 167707,
                              "Actual Loops": 4,
                              "Filter": "((company_id > 44130) AND (company_type_id = 2))",
                              "Rows Removed by Filter": 484575
                            },
                            {
                              "Node Type": "Hash",
                              "Parent Relationship": "Inner",
                              "Parallel Aware": true,
                              "Startup Cost": 45479.59,
                              "Total Cost": 45479.59,
                              "Plan Rows": 285763,
                              "Plan Width": 4,
                              "Actual Startup Time": 196.505,
                              "Actual Total Time": 196.506,
                              "Actual Rows": 308711,
                              "Actual Loops": 4,
                              "Hash Buckets": 2097152,
                              "Original Hash Buckets": 2097152,
                              "Hash Batches": 1,
                              "Original Hash Batches": 1,
                              "Peak Memory Usage": 64736,
                              "Plans": [
                                {
                                  "Node Type": "Seq Scan",
                                  "Parent Relationship": "Outer",
                                  "Parallel Aware": true,
                                  "Relation Name": "title",
                                  "Alias": "t",
                                  "Startup Cost": 0.0,
                                  "Total Cost": 45479.59,
                                  "Plan Rows": 285763,
                                  "Plan Width": 4,
                                  "Actual Startup Time": 0.04,
                                  "Actual Total Time": 97.638,
                                  "Actual Rows": 308711,
                                  "Actual Loops": 4,
                                  "Filter": "((kind_id > 1) AND (production_year > 1997))",
                                  "Rows Removed by Filter": 323367
                                }
                              ]
                            }
                          ]
                        }
                      ]
                    }
                  ]
                }
              ]
            }
          ]
        }
      ]
    },
    "Planning Time": 0.631,
    "Triggers": [],
    "Execution Time": 513.598
  }
]