[
  {
    "Plan": {
      "Node Type": "Aggregate",
      "Strategy": "Plain",
      "Partial Mode": "Finalize",
      "Parallel Aware": false,
      "Startup Cost": 102713.51,
      "Total Cost": 102713.52,
      "Plan Rows": 1,
      "Plan Width": 8,
      "Actual Startup Time": 740.049,
      "Actual Total Time": 758.167,
      "Actual Rows": 1,
      "Actual Loops": 1,
      "Plans": [
        {
          "Node Type": "Gather",
          "Parent Relationship": "Outer",
          "Parallel Aware": false,
          "Startup Cost": 102713.19,
          "Total Cost": 102713.5,
          "Plan Rows": 3,
          "Plan Width": 8,
          "Actual Startup Time": 731.333,
          "Actual Total Time": 758.158,
          "Actual Rows": 4,
          "Actual Loops": 1,
          "Workers Planned": 3,
          "Workers Launched": 3,
          "Single Copy": false,
          "Plans": [
            {
              "Node Type": "Aggregate",
              "Strategy": "Plain",
              "Partial Mode": "Partial",
              "Parent Relationship": "Outer",
              "Parallel Aware": false,
              "Startup Cost": 101713.19,
              "Total Cost": 101713.2,
              "Plan Rows": 1,
              "Plan Width": 8,
              "Actual Startup Time": 722.394,
              "Actual Total Time": 722.756,
              "Actual Rows": 1,
              "Actual Loops": 4,
              "Plans": [
                {
                  "Node Type": "Hash Join",
                  "Parent Relationship": "Outer",
                  "Parallel Aware": true,
                  "Join Type": "Inner",
                  "Startup Cost": 68487.35,
                  "Total Cost": 101416.21,
                  "Plan Rows": 118792,
                  "Plan Width": 0,
                  "Actual Startup Time": 568.154,
                  "Actual Total Time": 710.391,
                  "Actual Rows": 255112,
                  "Actual Loops": 4,
                  "Inner Unique": false,
                  "Hash Cond": "(mc.movie_id = t.id)",
                  "Plans": [
                    {
                      "Node Type": "Seq Scan",
                      "Parent Relationship": "Outer",
                      "Parallel Aware": true,
                      "Relation Name": "movie_companies",
                      "Alias": "mc",
                      "Startup Cost": 0.0,
                      "Total Cost": 31414.82,
                      "Plan Rows": 324551,
                      "Plan Width": 4,
                      "Actual Startup Time": 34.805,
                      "Actual Total Time": 78.959,
                      "Actual Rows": 290269,
                      "Actual Loops": 4,
                      "Filter": "((company_id > 789) AND (company_type_id = 2))",
                      "Rows Removed by Filter": 362014
                    },
                    {
                      "Node Type": "Hash",
                      "Parent Relationship": "Inner",
                      "Parallel Aware": true,
                      "Startup Cost": 65595.46,
                      "Total Cost": 65595.46,
                      "Plan Rows": 231351,
                      "Plan Width": 8,
                      "Actual Startup Time": 528.169,
                      "Actual Total Time": 528.529,
                      "Actual Rows": 230028,
                      "Actual Loops": 4,
                      "Hash Buckets": 1048576,
                      "Original Hash Buckets": 1048576,
                      "Hash Batches": 1,
                      "Original Hash Batches": 1,
                      "Peak Memory Usage": 44224,
                      "Plans": [
                        {
                          "Node Type": "Hash Join",
                          "Parent Relationship": "Outer",
                          "Parallel Aware": true,
                          "Join Type": "Inner",
                          "Startup Cost": 19942.49,
                          "Total Cost": 65595.46,
                          "Plan Rows": 231351,
                          "Plan Width": 8,
                          "Actual Startup Time": 134.412,
                          "Actual Total Time": 452.19,
                          "Actual Rows": 230028,
                          "Actual Loops": 4,
                          "Inner Unique": false,
                          "Hash Cond": "(t.id = mi_idx.movie_id)",
                          "Plans": [
                            {
                              "Node Type": "Seq Scan",
                              "Parent Relationship": "Outer",
                              "Parallel Aware": true,
                              "Relation Name": "title",
                              "Alias": "t",
                              "Startup Cost": 0.0,
                              "Total Cost": 42318.73,
                              "Plan Rows": 632073,
                              "Plan Width": 4,
                              "Actual Startup Time": 0.012,
                              "Actual Total Time": 89.982,
                              "Actual Rows": 632078,
                              "Actual Loops": 4
                            },
                            {
                              "Node Type": "Hash",
                              "Parent Relationship": "Inner",
                              "Parallel Aware": true,
                              "Startup Cost": 15122.68,
                              "Total Cost": 15122.68,
                              "Plan Rows": 385585,
                              "Plan Width": 4,
                              "Actual Startup Time": 131.608,
                              "Actual Total Time": 131.609,
                              "Actual Rows": 230028,
                              "Actual Loops": 4,
                              "Hash Buckets": 1048576,
                              "Original Hash Buckets": 1048576,
                              "Hash Batches": 1,
                              "Original Hash Batches": 1,
                              "Peak Memory Usage": 44256,
                              "Plans": [
                                {
                                  "Node Type": "Seq Scan",
                                  "Parent Relationship": "Outer",
                                  "Parallel Aware": true,
                                  "Relation Name": "movie_info_idx",
                                  "Alias": "mi_idx",
                                  "Startup Cost": 0.0,
                                  "Total Cost": 15122.68,
                                  "Plan Rows": 385585,
                                  "Plan Width": 4,
                                  "Actual Startup Time": 0.101,
                                  "Actual Total Time": 55.406,
                                  "Actual Rows": 230028,
                                  "Actual Loops": 4,
                                  "Filter": "(info_type_id > 99)",
                                  "Rows Removed by Filter": 114981
                                }
                              ]
                            }
                          ]
                        }
                      ]
                    }
                  ]
                }
              ]
            }
          ]
        }
      ]
    },
    "Planning Time": 1.424,
    "Triggers": [],
    "Execution Time": 758.252
  }
]