[
  {
    "Plan": {
      "Node Type": "Aggregate",
      "Strategy": "Plain",
      "Partial Mode": "Finalize",
      "Parallel Aware": false,
      "Startup Cost": 426545.68,
      "Total Cost": 426545.69,
      "Plan Rows": 1,
      "Plan Width": 8,
      "Actual Startup Time": 1363.135,
      "Actual Total Time": 1394.466,
      "Actual Rows": 1,
      "Actual Loops": 1,
      "Plans": [
        {
          "Node Type": "Gather",
          "Parent Relationship": "Outer",
          "Parallel Aware": false,
          "Startup Cost": 426545.05,
          "Total Cost": 426545.66,
          "Plan Rows": 6,
          "Plan Width": 8,
          "Actual Startup Time": 1347.61,
          "Actual Total Time": 1394.456,
          "Actual Rows": 7,
          "Actual Loops": 1,
          "Workers Planned": 6,
          "Workers Launched": 6,
          "Single Copy": false,
          "Plans": [
            {
              "Node Type": "Aggregate",
              "Strategy": "Plain",
              "Partial Mode": "Partial",
              "Parent Relationship": "Outer",
              "Parallel Aware": false,
              "Startup Cost": 425545.05,
              "Total Cost": 425545.06,
              "Plan Rows": 1,
              "Plan Width": 8,
              "Actual Startup Time": 1339.714,
              "Actual Total Time": 1340.068,
              "Actual Rows": 1,
              "Actual Loops": 7,
              "Plans": [
                {
                  "Node Type": "Hash Join",
                  "Parent Relationship": "Outer",
                  "Parallel Aware": true,
                  "Join Type": "Inner",
                  "Startup Cost": 86195.86,
                  "Total Cost": 423155.34,
                  "Plan Rows": 955887,
                  "Plan Width": 0,
                  "Actual Startup Time": 644.8,
                  "Actual Total Time": 1279.347,
                  "Actual Rows": 1353630,
                  "Actual Loops": 7,
                  "Inner Unique": false,
                  "Hash Cond": "(ci.movie_id = t.id)",
                  "Plans": [
                    {
                      "Node Type": "Seq Scan",
                      "Parent Relationship": "Outer",
                      "Parallel Aware": true,
                      "Relation Name": "cast_info",
                      "Alias": "ci",
                      "Startup Cost": 0.0,
                      "Total Cost": 328213.62,
                      "Plan Rows": 1509960,
                      "Plan Width": 4,
                      "Actual Startup Time": 271.707,
                      "Actual Total Time": 501.984,
                      "Actual Rows": 1292488,
                      "Actual Loops": 7,
                      "Filter": "(person_id > 2792190)",
                      "Rows Removed by Filter": 3885275
                    },
                    {
                      "Node Type": "Hash",
                      "Parent Relationship": "Inner",
                      "Parallel Aware": true,
                      "Startup Cost": 79741.96,
                      "Total Cost": 79741.96,
                      "Plan Rows": 516312,
                      "Plan Width": 8,
                      "Actual Startup Time": 370.483,
                      "Actual Total Time": 370.835,
                      "Actual Rows": 161379,
                      "Actual Loops": 7,
                      "Hash Buckets": 2097152,
                      "Original Hash Buckets": 2097152,
                      "Hash Batches": 1,
                      "Original Hash Batches": 1,
                      "Peak Memory Usage": 60704,
                      "Plans": [
                        {
                          "Node Type": "Hash Join",
                          "Parent Relationship": "Outer",
                          "Parallel Aware": true,
                          "Join Type": "Inner",
                          "Startup Cost": 50326.07,
                          "Total Cost": 79741.96,
                          "Plan Rows": 516312,
                          "Plan Width": 8,
                          "Actual Startup Time": 171.446,
                          "Actual Total Time": 311.224,
                          "Actual Rows": 161379,
                          "Actual Loops": 7,
                          "Inner Unique": true,
                          "Hash Cond": "(mc.movie_id = t.id)",
                          "Plans": [
                            {
                              "Node Type": "Seq Scan",
                              "Parent Relationship": "Outer",
                              "Parallel Aware": true,
                              "Relation Name": "movie_companies",
                              "Alias": "mc",
                              "Startup Cost": 0.0,
                              "Total Cost": 27206.55,
                              "Plan Rows": 841655,
                              "Plan Width": 4,
                              "Actual Startup Time": 0.023,
                              "Actual Total Time": 36.277,
                              "Actual Rows": 372733,
                              "Actual Loops": 7
                            },
                            {
                              "Node Type": "Hash",
                              "Parent Relationship": "Inner",
                              "Parallel Aware": true,
                              "Startup Cost": 45479.21,
                              "Total Cost": 45479.21,
                              "Plan Rows": 387749,
                              "Plan Width": 4,
                              "Actual Startup Time": 169.538,
                              "Actual Total Time": 169.539,
                              "Actual Rows": 239951,
                              "Actual Loops": 7,
                              "Hash Buckets": 2097152,
                              "Original Hash Buckets": 2097152,
                              "Hash Batches": 1,
                              "Original Hash Batches": 1,
                              "Peak Memory Usage": 82176,
                              "Plans": [
                                {
                                  "Node Type": "Seq Scan",
                                  "Parent Relationship": "Outer",
                                  "Parallel Aware": true,
                                  "Relation Name": "title",
                                  "Alias": "t",
                                  "Startup Cost": 0.0,
                                  "Total Cost": 45479.21,
                                  "Plan Rows": 387749,
                                  "Plan Width": 4,
                                  "Actual Startup Time": 0.039,
                                  "Actual Total Time": 71.057,
                                  "Actual Rows": 239951,
                                  "Actual Loops": 7,
                                  "Filter": "((kind_id > 1) AND (production_year > 1967))",
                                  "Rows Removed by Filter": 121236
                                }
                              ]
                            }
                          ]
                        }
                      ]
                    }
                  ]
                }
              ]
            }
          ]
        }
      ]
    },
    "Planning Time": 0.509,
    "Triggers": [],
    "Execution Time": 1394.511
  }
]