[
  {
    "Plan": {
      "Node Type": "Aggregate",
      "Strategy": "Plain",
      "Partial Mode": "Finalize",
      "Parallel Aware": false,
      "Startup Cost": 160066.43,
      "Total Cost": 160066.44,
      "Plan Rows": 1,
      "Plan Width": 8,
      "Actual Startup Time": 183.76,
      "Actual Total Time": 217.276,
      "Actual Rows": 1,
      "Actual Loops": 1,
      "Plans": [
        {
          "Node Type": "Gather",
          "Parent Relationship": "Outer",
          "Parallel Aware": false,
          "Startup Cost": 160066.01,
          "Total Cost": 160066.42,
          "Plan Rows": 4,
          "Plan Width": 8,
          "Actual Startup Time": 183.537,
          "Actual Total Time": 217.269,
          "Actual Rows": 5,
          "Actual Loops": 1,
          "Workers Planned": 4,
          "Workers Launched": 4,
          "Single Copy": false,
          "Plans": [
            {
              "Node Type": "Aggregate",
              "Strategy": "Plain",
              "Partial Mode": "Partial",
              "Parent Relationship": "Outer",
              "Parallel Aware": false,
              "Startup Cost": 159066.01,
              "Total Cost": 159066.02,
              "Plan Rows": 1,
              "Plan Width": 8,
              "Actual Startup Time": 173.38,
              "Actual Total Time": 173.381,
              "Actual Rows": 1,
              "Actual Loops": 5,
              "Plans": [
                {
                  "Node Type": "Nested Loop",
                  "Parent Relationship": "Outer",
                  "Parallel Aware": false,
                  "Join Type": "Inner",
                  "Startup Cost": 1.0,
                  "Total Cost": 159060.38,
                  "Plan Rows": 2250,
                  "Plan Width": 0,
                  "Actual Startup Time": 59.147,
                  "Actual Total Time": 172.657,
                  "Actual Rows": 10396,
                  "Actual Loops": 5,
                  "Inner Unique": false,
                  "Join Filter": "(t.id = ci.movie_id)",
                  "Rows Removed by Join Filter": 0,
                  "Plans": [
                    {
                      "Node Type": "Nested Loop",
                      "Parent Relationship": "Outer",
                      "Parallel Aware": false,
                      "Join Type": "Inner",
                      "Startup Cost": 0.43,
                      "Total Cost": 157573.61,
                      "Plan Rows": 590,
                      "Plan Width": 8,
                      "Actual Startup Time": 59.012,
                      "Actual Total Time": 107.433,
                      "Actual Rows": 1038,
                      "Actual Loops": 5,
                      "Inner Unique": false,
                      "Plans": [
                        {
                          "Node Type": "Seq Scan",
                          "Parent Relationship": "Outer",
                          "Parallel Aware": true,
                          "Relation Name": "title",
                          "Alias": "t",
                          "Startup Cost": 0.0,
                          "Total Cost": 45479.1,
                          "Plan Rows": 973,
                          "Plan Width": 4,
                          "Actual Startup Time": 58.749,
                          "Actual Total Time": 79.435,
                          "Actual Rows": 858,
                          "Actual Loops": 5,
                          "Filter": "((kind_id = 1) AND (production_year = 1982))",
                          "Rows Removed by Filter": 504805
                        },
                        {
                          "Node Type": "Index Scan",
                          "Parent Relationship": "Inner",
                          "Parallel Aware": false,
                          "Scan Direction": "Forward",
                          "Index Name": "movie_id_movie_info",
                          "Relation Name": "movie_info",
                          "Alias": "mi",
                          "Startup Cost": 0.43,
                          "Total Cost": 115.17,
                          "Plan Rows": 4,
                          "Plan Width": 4,
                          "Actual Startup Time": 0.032,
                          "Actual Total Time": 0.032,
                          "Actual Rows": 1,
                          "Actual Loops": 4288,
                          "Index Cond": "(movie_id = t.id)",
                          "Rows Removed by Index Recheck": 0,
                          "Filter": "(info_type_id = 3)",
                          "Rows Removed by Filter": 11
                        }
                      ]
                    },
                    {
                      "Node Type": "Index Scan",
                      "Parent Relationship": "Inner",
                      "Parallel Aware": false,
                      "Scan Direction": "Forward",
                      "Index Name": "movie_id_cast_info",
                      "Relation Name": "cast_info",
                      "Alias": "ci",
                      "Startup Cost": 0.56,
                      "Total Cost": 2.39,
                      "Plan Rows": 10,
                      "Plan Width": 4,
                      "Actual Startup Time": 0.011,
                      "Actual Total Time": 0.061,
                      "Actual Rows": 10,
                      "Actual Loops": 5192,
                      "Index Cond": "(movie_id = mi.movie_id)",
                      "Rows Removed by Index Recheck": 0,
                      "Filter": "((person_id < 2864771) AND (role_id = 1))",
                      "Rows Removed by Filter": 14
                    }
                  ]
                }
              ]
            }
          ]
        }
      ]
    },
    "Planning Time": 1.505,
    "Triggers": [],
    "Execution Time": 217.373
  }
]