{
  "Plan": {
    "Node Type": "Aggregate",
    "Strategy": "Plain",
    "Partial Mode": "Finalize",
    "Parallel Aware": false,
    "Startup Cost": 310844.14,
    "Total Cost": 310844.15,
    "Plan Rows": 1,
    "Plan Width": 64,
    "Actual Startup Time": 1214.225,
    "Actual Total Time": 1272.935,
    "Actual Rows": 1,
    "Actual Loops": 1,
    "Plans": [
      {
        "Node Type": "Gather",
        "Parent Relationship": "Outer",
        "Parallel Aware": false,
        "Startup Cost": 310844.02,
        "Total Cost": 310844.13,
        "Plan Rows": 1,
        "Plan Width": 64,
        "Actual Startup Time": 1213.787,
        "Actual Total Time": 1272.923,
        "Actual Rows": 2,
        "Actual Loops": 1,
        "Workers Planned": 1,
        "Workers Launched": 1,
        "Single Copy": false,
        "Plans": [
          {
            "Node Type": "Aggregate",
            "Strategy": "Plain",
            "Partial Mode": "Partial",
            "Parent Relationship": "Outer",
            "Parallel Aware": false,
            "Startup Cost": 309844.02,
            "Total Cost": 309844.03,
            "Plan Rows": 1,
            "Plan Width": 64,
            "Actual Startup Time": 1206.095,
            "Actual Total Time": 1206.099,
            "Actual Rows": 1,
            "Actual Loops": 2,
            "Plans": [
              {
                "Node Type": "Nested Loop",
                "Parent Relationship": "Outer",
                "Parallel Aware": false,
                "Join Type": "Inner",
                "Startup Cost": 63598.81,
                "Total Cost": 309783.46,
                "Plan Rows": 12112,
                "Plan Width": 23,
                "Actual Startup Time": 307.731,
                "Actual Total Time": 1195.974,
                "Actual Rows": 82461,
                "Actual Loops": 2,
                "Inner Unique": false,
                "Plans": [
                  {
                    "Node Type": "Nested Loop",
                    "Parent Relationship": "Outer",
                    "Parallel Aware": false,
                    "Join Type": "Inner",
                    "Startup Cost": 63598.38,
                    "Total Cost": 301276.84,
                    "Plan Rows": 11736,
                    "Plan Width": 35,
                    "Actual Startup Time": 307.666,
                    "Actual Total Time": 1106.302,
                    "Actual Rows": 17370,
                    "Actual Loops": 2,
                    "Inner Unique": false,
                    "Plans": [
                      {
                        "Node Type": "Hash Join",
                        "Parent Relationship": "Outer",
                        "Parallel Aware": true,
                        "Join Type": "Inner",
                        "Startup Cost": 63597.95,
                        "Total Cost": 82479.56,
                        "Plan Rows": 86688,
                        "Plan Width": 31,
                        "Actual Startup Time": 307.166,
                        "Actual Total Time": 494.046,
                        "Actual Rows": 65696,
                        "Actual Loops": 2,
                        "Inner Unique": true,
                        "Hash Cond": "(mi_idx.movie_id = t.id)",
                        "Plans": [
                          {
                            "Node Type": "Seq Scan",
                            "Parent Relationship": "Outer",
                            "Parallel Aware": true,
                            "Relation Name": "movie_info_idx",
                            "Alias": "mi_idx",
                            "Startup Cost": 0.0,
                            "Total Cost": 18082.32,
                            "Plan Rows": 304496,
                            "Plan Width": 10,
                            "Actual Startup Time": 0.014,
                            "Actual Total Time": 79.241,
                            "Actual Rows": 258841,
                            "Actual Loops": 2,
                            "Filter": "(info > '5.0'::text)",
                            "Rows Removed by Filter": 431176
                          },
                          {
                            "Node Type": "Hash",
                            "Parent Relationship": "Inner",
                            "Parallel Aware": true,
                            "Startup Cost": 58305.62,
                            "Total Cost": 58305.62,
                            "Plan Rows": 423386,
                            "Plan Width": 21,
                            "Actual Startup Time": 297.477,
                            "Actual Total Time": 297.478,
                            "Actual Rows": 358130,
                            "Actual Loops": 2,
                            "Hash Buckets": 1048576,
                            "Original Hash Buckets": 1048576,
                            "Hash Batches": 1,
                            "Original Hash Batches": 1,
                            "Peak Memory Usage": 48256,
                            "Plans": [
                              {
                                "Node Type": "Seq Scan",
                                "Parent Relationship": "Outer",
                                "Parallel Aware": true,
                                "Relation Name": "title",
                                "Alias": "t",
                                "Startup Cost": 0.0,
                                "Total Cost": 58305.62,
                                "Plan Rows": 423386,
                                "Plan Width": 21,
                                "Actual Startup Time": 0.037,
                                "Actual Total Time": 165.278,
                                "Actual Rows": 358130,
                                "Actual Loops": 2,
                                "Filter": "((production_year >= 2005) AND (production_year <= 2010))",
                                "Rows Removed by Filter": 906026
                              }
                            ]
                          }
                        ]
                      },
                      {
                        "Node Type": "Index Scan",
                        "Parent Relationship": "Inner",
                        "Parallel Aware": false,
                        "Scan Direction": "Forward",
                        "Index Name": "movie_id_movie_info",
                        "Relation Name": "movie_info",
                        "Alias": "mi",
                        "Startup Cost": 0.43,
                        "Total Cost": 2.51,
                        "Plan Rows": 1,
                        "Plan Width": 4,
                        "Actual Startup Time": 0.009,
                        "Actual Total Time": 0.009,
                        "Actual Rows": 0,
                        "Actual Loops": 131391,
                        "Index Cond": "(movie_id = t.id)",
                        "Rows Removed by Index Recheck": 0,
                        "Filter": "(info = ANY ('{Drama,Horror,Western,Family}'::text[]))",
                        "Rows Removed by Filter": 14
                      }
                    ]
                  },
                  {
                    "Node Type": "Index Only Scan",
                    "Parent Relationship": "Inner",
                    "Parallel Aware": false,
                    "Scan Direction": "Forward",
                    "Index Name": "movie_id_movie_companies",
                    "Relation Name": "movie_companies",
                    "Alias": "mc",
                    "Startup Cost": 0.43,
                    "Total Cost": 0.67,
                    "Plan Rows": 5,
                    "Plan Width": 4,
                    "Actual Startup Time": 0.003,
                    "Actual Total Time": 0.004,
                    "Actual Rows": 5,
                    "Actual Loops": 34741,
                    "Index Cond": "(movie_id = t.id)",
                    "Rows Removed by Index Recheck": 0,
                    "Heap Fetches": 164922
                  }
                ]
              }
            ]
          }
        ]
      }
    ]
  },
  "Planning Time": 1.384,
  "Triggers": [],
  "Execution Time": 1273.067
}