[
  {
    "Plan": {
      "Node Type": "Aggregate",
      "Strategy": "Plain",
      "Partial Mode": "Finalize",
      "Parallel Aware": false,
      "Startup Cost": 47174.57,
      "Total Cost": 47174.58,
      "Plan Rows": 1,
      "Plan Width": 8,
      "Actual Startup Time": 191.881,
      "Actual Total Time": 201.504,
      "Actual Rows": 1,
      "Actual Loops": 1,
      "Plans": [
        {
          "Node Type": "Gather",
          "Parent Relationship": "Outer",
          "Parallel Aware": false,
          "Startup Cost": 47174.25,
          "Total Cost": 47174.56,
          "Plan Rows": 3,
          "Plan Width": 8,
          "Actual Startup Time": 191.751,
          "Actual Total Time": 201.494,
          "Actual Rows": 4,
          "Actual Loops": 1,
          "Workers Planned": 3,
          "Workers Launched": 3,
          "Single Copy": false,
          "Plans": [
            {
              "Node Type": "Aggregate",
              "Strategy": "Plain",
              "Partial Mode": "Partial",
              "Parent Relationship": "Outer",
              "Parallel Aware": false,
              "Startup Cost": 46174.25,
              "Total Cost": 46174.26,
              "Plan Rows": 1,
              "Plan Width": 8,
              "Actual Startup Time": 184.299,
              "Actual Total Time": 184.3,
              "Actual Rows": 1,
              "Actual Loops": 4,
              "Plans": [
                {
                  "Node Type": "Seq Scan",
                  "Parent Relationship": "Outer",
                  "Parallel Aware": true,
                  "Relation Name": "movie_keyword",
                  "Alias": "mk",
                  "Startup Cost": 0.0,
                  "Total Cost": 42695.65,
                  "Plan Rows": 1391438,
                  "Plan Width": 0,
                  "Actual Startup Time": 0.064,
                  "Actual Total Time": 133.866,
                  "Actual Rows": 1075633,
                  "Actual Loops": 4,
                  "Filter": "(keyword_id > 171)",
                  "Rows Removed by Filter": 55350
                }
              ]
            }
          ]
        }
      ]
    },
    "Planning Time": 0.163,
    "Triggers": [],
    "Execution Time": 201.557
  }
]