[
    {
        "Bao": {
            "Bao prediction": "NaN",
            "Bao recommended hint": "(no hint)"
        }
    },
    {
        "Plan": {
            "Node Type": "Aggregate",
            "Strategy": "Plain",
            "Partial Mode": "Finalize",
            "Parallel Aware": false,
            "Startup Cost": 38776.2,
            "Total Cost": 38776.21,
            "Plan Rows": 1,
            "Plan Width": 8,
            "Actual Startup Time": 178.004,
            "Actual Total Time": 188.666,
            "Actual Rows": 1,
            "Actual Loops": 1,
            "Output": [
                "count(*)"
            ],
            "Plans": [
                {
                    "Node Type": "Gather",
                    "Parent Relationship": "Outer",
                    "Parallel Aware": false,
                    "Startup Cost": 38775.88,
                    "Total Cost": 38776.19,
                    "Plan Rows": 3,
                    "Plan Width": 8,
                    "Actual Startup Time": 177.442,
                    "Actual Total Time": 188.65,
                    "Actual Rows": 4,
                    "Actual Loops": 1,
                    "Output": [
                        "(PARTIAL count(*))"
                    ],
                    "Workers Planned": 3,
                    "Workers Launched": 3,
                    "Single Copy": false,
                    "Plans": [
                        {
                            "Node Type": "Aggregate",
                            "Strategy": "Plain",
                            "Partial Mode": "Partial",
                            "Parent Relationship": "Outer",
                            "Parallel Aware": false,
                            "Startup Cost": 37775.88,
                            "Total Cost": 37775.89,
                            "Plan Rows": 1,
                            "Plan Width": 8,
                            "Actual Startup Time": 168.129,
                            "Actual Total Time": 168.132,
                            "Actual Rows": 1,
                            "Actual Loops": 4,
                            "Output": [
                                "PARTIAL count(*)"
                            ],
                            "Workers": [
                                {
                                    "Worker Number": 0,
                                    "Actual Startup Time": 164.566,
                                    "Actual Total Time": 164.569,
                                    "Actual Rows": 1,
                                    "Actual Loops": 1
                                },
                                {
                                    "Worker Number": 1,
                                    "Actual Startup Time": 165.347,
                                    "Actual Total Time": 165.349,
                                    "Actual Rows": 1,
                                    "Actual Loops": 1
                                },
                                {
                                    "Worker Number": 2,
                                    "Actual Startup Time": 165.699,
                                    "Actual Total Time": 165.701,
                                    "Actual Rows": 1,
                                    "Actual Loops": 1
                                }
                            ],
                            "Plans": [
                                {
                                    "Node Type": "Bitmap Heap Scan",
                                    "Parent Relationship": "Outer",
                                    "Parallel Aware": true,
                                    "Relation Name": "movie_keyword",
                                    "Schema": "public",
                                    "Alias": "mk",
                                    "Startup Cost": 10847.53,
                                    "Total Cost": 37363.49,
                                    "Plan Rows": 164957,
                                    "Plan Width": 0,
                                    "Actual Startup Time": 50.235,
                                    "Actual Total Time": 158.363,
                                    "Actual Rows": 125690,
                                    "Actual Loops": 4,
                                    "Recheck Cond": "(mk.keyword_id > 35971)",
                                    "Rows Removed by Index Recheck": 0,
                                    "Exact Heap Blocks": 8530,
                                    "Lossy Heap Blocks": 0,
                                    "Workers": [
                                        {
                                            "Worker Number": 0,
                                            "Actual Startup Time": 46.562,
                                            "Actual Total Time": 155.793,
                                            "Actual Rows": 105903,
                                            "Actual Loops": 1
                                        },
                                        {
                                            "Worker Number": 1,
                                            "Actual Startup Time": 48.131,
                                            "Actual Total Time": 156.423,
                                            "Actual Rows": 108116,
                                            "Actual Loops": 1
                                        },
                                        {
                                            "Worker Number": 2,
                                            "Actual Startup Time": 47.838,
                                            "Actual Total Time": 157.081,
                                            "Actual Rows": 103591,
                                            "Actual Loops": 1
                                        }
                                    ],
                                    "Plans": [
                                        {
                                            "Node Type": "Bitmap Index Scan",
                                            "Parent Relationship": "Outer",
                                            "Parallel Aware": false,
                                            "Index Name": "keyword_id_movie_keyword",
                                            "Startup Cost": 0.0,
                                            "Total Cost": 10719.69,
                                            "Plan Rows": 511367,
                                            "Plan Width": 0,
                                            "Actual Startup Time": 52.895,
                                            "Actual Total Time": 52.896,
                                            "Actual Rows": 502760,
                                            "Actual Loops": 1,
                                            "Index Cond": "(mk.keyword_id > 35971)"
                                        }
                                    ]
                                }
                            ]
                        }
                    ]
                }
            ]
        },
        "Planning Time": 307.804,
        "Triggers": [],
        "Execution Time": 188.781
    }
]