[
  {
    "Plan": {
      "Node Type": "Aggregate",
      "Strategy": "Plain",
      "Partial Mode": "Finalize",
      "Parallel Aware": false,
      "Startup Cost": 78733.23,
      "Total Cost": 78733.24,
      "Plan Rows": 1,
      "Plan Width": 8,
      "Actual Startup Time": 283.037,
      "Actual Total Time": 298.099,
      "Actual Rows": 1,
      "Actual Loops": 1,
      "Plans": [
        {
          "Node Type": "Gather",
          "Parent Relationship": "Outer",
          "Parallel Aware": false,
          "Startup Cost": 78732.81,
          "Total Cost": 78733.22,
          "Plan Rows": 4,
          "Plan Width": 8,
          "Actual Startup Time": 280.108,
          "Actual Total Time": 298.089,
          "Actual Rows": 5,
          "Actual Loops": 1,
          "Workers Planned": 4,
          "Workers Launched": 4,
          "Single Copy": false,
          "Plans": [
            {
              "Node Type": "Aggregate",
              "Strategy": "Plain",
              "Partial Mode": "Partial",
              "Parent Relationship": "Outer",
              "Parallel Aware": false,
              "Startup Cost": 77732.81,
              "Total Cost": 77732.82,
              "Plan Rows": 1,
              "Plan Width": 8,
              "Actual Startup Time": 270.623,
              "Actual Total Time": 270.626,
              "Actual Rows": 1,
              "Actual Loops": 5,
              "Plans": [
                {
                  "Node Type": "Hash Join",
                  "Parent Relationship": "Outer",
                  "Parallel Aware": true,
                  "Join Type": "Inner",
                  "Startup Cost": 31047.72,
                  "Total Cost": 77534.2,
                  "Plan Rows": 79444,
                  "Plan Width": 0,
                  "Actual Startup Time": 100.695,
                  "Actual Total Time": 267.243,
                  "Actual Rows": 76151,
                  "Actual Loops": 5,
                  "Inner Unique": false,
                  "Hash Cond": "(t.id = mc.movie_id)",
                  "Plans": [
                    {
                      "Node Type": "Seq Scan",
                      "Parent Relationship": "Outer",
                      "Parallel Aware": true,
                      "Relation Name": "title",
                      "Alias": "t",
                      "Startup Cost": 0.0,
                      "Total Cost": 43898.92,
                      "Plan Rows": 466259,
                      "Plan Width": 4,
                      "Actual Startup Time": 0.019,
                      "Actual Total Time": 77.379,
                      "Actual Rows": 373097,
                      "Actual Loops": 5,
                      "Filter": "(kind_id > 1)",
                      "Rows Removed by Filter": 132565
                    },
                    {
                      "Node Type": "Hash",
                      "Parent Relationship": "Inner",
                      "Parallel Aware": true,
                      "Startup Cost": 29310.68,
                      "Total Cost": 29310.68,
                      "Plan Rows": 138963,
                      "Plan Width": 4,
                      "Actual Startup Time": 97.634,
                      "Actual Total Time": 97.634,
                      "Actual Rows": 85744,
                      "Actual Loops": 5,
                      "Hash Buckets": 524288,
                      "Original Hash Buckets": 524288,
                      "Hash Batches": 1,
                      "Original Hash Batches": 1,
                      "Peak Memory Usage": 20896,
                      "Plans": [
                        {
                          "Node Type": "Seq Scan",
                          "Parent Relationship": "Outer",
                          "Parallel Aware": true,
                          "Relation Name": "movie_companies",
                          "Alias": "mc",
                          "Startup Cost": 0.0,
                          "Total Cost": 29310.68,
                          "Plan Rows": 138963,
                          "Plan Width": 4,
                          "Actual Startup Time": 0.046,
                          "Actual Total Time": 62.782,
                          "Actual Rows": 85744,
                          "Actual Loops": 5,
                          "Filter": "(company_id < 303)",
                          "Rows Removed by Filter": 436082
                        }
                      ]
                    }
                  ]
                }
              ]
            }
          ]
        }
      ]
    },
    "Planning Time": 0.664,
    "Triggers": [],
    "Execution Time": 298.168
  }
]