[
  {
    "Plan": {
      "Node Type": "Aggregate",
      "Strategy": "Plain",
      "Partial Mode": "Finalize",
      "Parallel Aware": false,
      "Startup Cost": 44456.7,
      "Total Cost": 44456.71,
      "Plan Rows": 1,
      "Plan Width": 8,
      "Actual Startup Time": 120.857,
      "Actual Total Time": 130.511,
      "Actual Rows": 1,
      "Actual Loops": 1,
      "Plans": [
        {
          "Node Type": "Gather",
          "Parent Relationship": "Outer",
          "Parallel Aware": false,
          "Startup Cost": 44456.39,
          "Total Cost": 44456.7,
          "Plan Rows": 3,
          "Plan Width": 8,
          "Actual Startup Time": 120.714,
          "Actual Total Time": 130.503,
          "Actual Rows": 4,
          "Actual Loops": 1,
          "Workers Planned": 3,
          "Workers Launched": 3,
          "Single Copy": false,
          "Plans": [
            {
              "Node Type": "Aggregate",
              "Strategy": "Plain",
              "Partial Mode": "Partial",
              "Parent Relationship": "Outer",
              "Parallel Aware": false,
              "Startup Cost": 43456.39,
              "Total Cost": 43456.4,
              "Plan Rows": 1,
              "Plan Width": 8,
              "Actual Startup Time": 114.399,
              "Actual Total Time": 114.4,
              "Actual Rows": 1,
              "Actual Loops": 4,
              "Plans": [
                {
                  "Node Type": "Seq Scan",
                  "Parent Relationship": "Outer",
                  "Parallel Aware": true,
                  "Relation Name": "movie_keyword",
                  "Alias": "mk",
                  "Startup Cost": 0.0,
                  "Total Cost": 42695.65,
                  "Plan Rows": 304293,
                  "Plan Width": 0,
                  "Actual Startup Time": 0.048,
                  "Actual Total Time": 102.566,
                  "Actual Rows": 236581,
                  "Actual Loops": 4,
                  "Filter": "(keyword_id < 889)",
                  "Rows Removed by Filter": 894402
                }
              ]
            }
          ]
        }
      ]
    },
    "Planning Time": 0.145,
    "Triggers": [],
    "Execution Time": 130.589
  }
]