[
  {
    "Plan": {
      "Node Type": "Aggregate",
      "Strategy": "Plain",
      "Partial Mode": "Finalize",
      "Parallel Aware": false,
      "Startup Cost": 154985.64,
      "Total Cost": 154985.65,
      "Plan Rows": 1,
      "Plan Width": 8,
      "Actual Startup Time": 119.338,
      "Actual Total Time": 135.05,
      "Actual Rows": 1,
      "Actual Loops": 1,
      "Plans": [
        {
          "Node Type": "Gather",
          "Parent Relationship": "Outer",
          "Parallel Aware": false,
          "Startup Cost": 154985.22,
          "Total Cost": 154985.63,
          "Plan Rows": 4,
          "Plan Width": 8,
          "Actual Startup Time": 119.191,
          "Actual Total Time": 135.039,
          "Actual Rows": 5,
          "Actual Loops": 1,
          "Workers Planned": 4,
          "Workers Launched": 4,
          "Single Copy": false,
          "Plans": [
            {
              "Node Type": "Aggregate",
              "Strategy": "Plain",
              "Partial Mode": "Partial",
              "Parent Relationship": "Outer",
              "Parallel Aware": false,
              "Startup Cost": 153985.22,
              "Total Cost": 153985.23,
              "Plan Rows": 1,
              "Plan Width": 8,
              "Actual Startup Time": 113.011,
              "Actual Total Time": 113.013,
              "Actual Rows": 1,
              "Actual Loops": 5,
              "Plans": [
                {
                  "Node Type": "Nested Loop",
                  "Parent Relationship": "Outer",
                  "Parallel Aware": false,
                  "Join Type": "Inner",
                  "Startup Cost": 0.43,
                  "Total Cost": 153984.89,
                  "Plan Rows": 129,
                  "Plan Width": 0,
                  "Actual Startup Time": 59.27,
                  "Actual Total Time": 112.978,
                  "Actual Rows": 158,
                  "Actual Loops": 5,
                  "Inner Unique": false,
                  "Plans": [
                    {
                      "Node Type": "Seq Scan",
                      "Parent Relationship": "Outer",
                      "Parallel Aware": true,
                      "Relation Name": "title",
                      "Alias": "t",
                      "Startup Cost": 0.0,
                      "Total Cost": 45479.59,
                      "Plan Rows": 946,
                      "Plan Width": 4,
                      "Actual Startup Time": 57.098,
                      "Actual Total Time": 82.588,
                      "Actual Rows": 874,
                      "Actual Loops": 5,
                      "Filter": "((kind_id < 2) AND (production_year = 1975))",
                      "Rows Removed by Filter": 504788
                    },
                    {
                      "Node Type": "Index Scan",
                      "Parent Relationship": "Inner",
                      "Parallel Aware": false,
                      "Scan Direction": "Forward",
                      "Index Name": "movie_id_movie_info",
                      "Relation Name": "movie_info",
                      "Alias": "mi",
                      "Startup Cost": 0.43,
                      "Total Cost": 114.69,
                      "Plan Rows": 1,
                      "Plan Width": 4,
                      "Actual Startup Time": 0.032,
                      "Actual Total Time": 0.034,
                      "Actual Rows": 0,
                      "Actual Loops": 4371,
                      "Index Cond": "(movie_id = t.id)",
                      "Rows Removed by Index Recheck": 0,
                      "Filter": "(info_type_id = 98)",
                      "Rows Removed by Filter": 11
                    }
                  ]
                }
              ]
            }
          ]
        }
      ]
    },
    "Planning Time": 0.656,
    "Triggers": [],
    "Execution Time": 135.138
  }
]