{
  "Plan": {
    "Node Type": "Aggregate",
    "Strategy": "Plain",
    "Partial Mode": "Finalize",
    "Parallel Aware": false,
    "Startup Cost": 14282.35,
    "Total Cost": 14282.36,
    "Plan Rows": 1,
    "Plan Width": 8,
    "Actual Startup Time": 25.851,
    "Actual Total Time": 29.705,
    "Actual Rows": 1,
    "Actual Loops": 1,
    "Plans": [
      {
        "Node Type": "Gather",
        "Parent Relationship": "Outer",
        "Parallel Aware": false,
        "Startup Cost": 14282.24,
        "Total Cost": 14282.35,
        "Plan Rows": 1,
        "Plan Width": 8,
        "Actual Startup Time": 25.493,
        "Actual Total Time": 29.696,
        "Actual Rows": 2,
        "Actual Loops": 1,
        "Workers Planned": 1,
        "Workers Launched": 1,
        "Single Copy": false,
        "Plans": [
          {
            "Node Type": "Aggregate",
            "Strategy": "Plain",
            "Partial Mode": "Partial",
            "Parent Relationship": "Outer",
            "Parallel Aware": false,
            "Startup Cost": 13282.24,
            "Total Cost": 13282.25,
            "Plan Rows": 1,
            "Plan Width": 8,
            "Actual Startup Time": 19.097,
            "Actual Total Time": 19.1,
            "Actual Rows": 1,
            "Actual Loops": 2,
            "Plans": [
              {
                "Node Type": "Nested Loop",
                "Parent Relationship": "Outer",
                "Parallel Aware": false,
                "Join Type": "Inner",
                "Startup Cost": 55.2,
                "Total Cost": 13281.05,
                "Plan Rows": 474,
                "Plan Width": 0,
                "Actual Startup Time": 2.851,
                "Actual Total Time": 18.945,
                "Actual Rows": 774,
                "Actual Loops": 2,
                "Inner Unique": false,
                "Plans": [
                  {
                    "Node Type": "Nested Loop",
                    "Parent Relationship": "Outer",
                    "Parallel Aware": false,
                    "Join Type": "Inner",
                    "Startup Cost": 54.77,
                    "Total Cost": 12345.97,
                    "Plan Rows": 517,
                    "Plan Width": 8,
                    "Actual Startup Time": 2.667,
                    "Actual Total Time": 7.449,
                    "Actual Rows": 310,
                    "Actual Loops": 2,
                    "Inner Unique": true,
                    "Plans": [
                      {
                        "Node Type": "Bitmap Heap Scan",
                        "Parent Relationship": "Outer",
                        "Parallel Aware": true,
                        "Relation Name": "movie_companies",
                        "Alias": "mc",
                        "Startup Cost": 54.34,
                        "Total Cost": 6641.29,
                        "Plan Rows": 701,
                        "Plan Width": 4,
                        "Actual Startup Time": 2.528,
                        "Actual Total Time": 3.477,
                        "Actual Rows": 329,
                        "Actual Loops": 2,
                        "Recheck Cond": "(company_id = 554)",
                        "Rows Removed by Index Recheck": 0,
                        "Filter": "(company_type_id = 2)",
                        "Rows Removed by Filter": 724,
                        "Exact Heap Blocks": 994,
                        "Lossy Heap Blocks": 0,
                        "Plans": [
                          {
                            "Node Type": "Bitmap Index Scan",
                            "Parent Relationship": "Outer",
                            "Parallel Aware": false,
                            "Index Name": "company_id_movie_companies",
                            "Startup Cost": 0.0,
                            "Total Cost": 54.04,
                            "Plan Rows": 2348,
                            "Plan Width": 0,
                            "Actual Startup Time": 1.567,
                            "Actual Total Time": 1.567,
                            "Actual Rows": 2106,
                            "Actual Loops": 1,
                            "Index Cond": "(company_id = 554)"
                          }
                        ]
                      },
                      {
                        "Node Type": "Index Scan",
                        "Parent Relationship": "Inner",
                        "Parallel Aware": false,
                        "Scan Direction": "Forward",
                        "Index Name": "title_pkey",
                        "Relation Name": "title",
                        "Alias": "t",
                        "Startup Cost": 0.43,
                        "Total Cost": 8.14,
                        "Plan Rows": 1,
                        "Plan Width": 4,
                        "Actual Startup Time": 0.011,
                        "Actual Total Time": 0.011,
                        "Actual Rows": 1,
                        "Actual Loops": 658,
                        "Index Cond": "(id = mc.movie_id)",
                        "Rows Removed by Index Recheck": 0,
                        "Filter": "(kind_id > 1)",
                        "Rows Removed by Filter": 0
                      }
                    ]
                  },
                  {
                    "Node Type": "Index Scan",
                    "Parent Relationship": "Inner",
                    "Parallel Aware": false,
                    "Scan Direction": "Forward",
                    "Index Name": "movie_id_movie_info",
                    "Relation Name": "movie_info",
                    "Alias": "mi",
                    "Startup Cost": 0.43,
                    "Total Cost": 1.74,
                    "Plan Rows": 7,
                    "Plan Width": 4,
                    "Actual Startup Time": 0.017,
                    "Actual Total Time": 0.036,
                    "Actual Rows": 2,
                    "Actual Loops": 620,
                    "Index Cond": "(movie_id = t.id)",
                    "Rows Removed by Index Recheck": 0,
                    "Filter": "(info_type_id > 16)",
                    "Rows Removed by Filter": 11
                  }
                ]
              }
            ]
          }
        ]
      }
    ]
  },
  "Planning Time": 0.994,
  "Triggers": [],
  "Execution Time": 29.807
}