{
  "Plan": {
    "Node Type": "Aggregate",
    "Strategy": "Plain",
    "Partial Mode": "Finalize",
    "Parallel Aware": false,
    "Startup Cost": 340341.04,
    "Total Cost": 340341.05,
    "Plan Rows": 1,
    "Plan Width": 8,
    "Actual Startup Time": 228.407,
    "Actual Total Time": 254.583,
    "Actual Rows": 1,
    "Actual Loops": 1,
    "Plans": [
      {
        "Node Type": "Gather",
        "Parent Relationship": "Outer",
        "Parallel Aware": false,
        "Startup Cost": 340340.93,
        "Total Cost": 340341.04,
        "Plan Rows": 1,
        "Plan Width": 8,
        "Actual Startup Time": 228.293,
        "Actual Total Time": 254.574,
        "Actual Rows": 2,
        "Actual Loops": 1,
        "Workers Planned": 1,
        "Workers Launched": 1,
        "Single Copy": false,
        "Plans": [
          {
            "Node Type": "Aggregate",
            "Strategy": "Plain",
            "Partial Mode": "Partial",
            "Parent Relationship": "Outer",
            "Parallel Aware": false,
            "Startup Cost": 339340.93,
            "Total Cost": 339340.94,
            "Plan Rows": 1,
            "Plan Width": 8,
            "Actual Startup Time": 222.412,
            "Actual Total Time": 222.414,
            "Actual Rows": 1,
            "Actual Loops": 2,
            "Plans": [
              {
                "Node Type": "Nested Loop",
                "Parent Relationship": "Outer",
                "Parallel Aware": false,
                "Join Type": "Inner",
                "Startup Cost": 0.56,
                "Total Cost": 339304.48,
                "Plan Rows": 14578,
                "Plan Width": 0,
                "Actual Startup Time": 2.329,
                "Actual Total Time": 221.84,
                "Actual Rows": 7002,
                "Actual Loops": 2,
                "Inner Unique": false,
                "Plans": [
                  {
                    "Node Type": "Seq Scan",
                    "Parent Relationship": "Outer",
                    "Parallel Aware": true,
                    "Relation Name": "title",
                    "Alias": "t",
                    "Startup Cost": 0.0,
                    "Total Cost": 54588.39,
                    "Plan Rows": 2379,
                    "Plan Width": 4,
                    "Actual Startup Time": 1.523,
                    "Actual Total Time": 143.695,
                    "Actual Rows": 1924,
                    "Actual Loops": 2,
                    "Filter": "(production_year = 1949)",
                    "Rows Removed by Filter": 1262232
                  },
                  {
                    "Node Type": "Index Scan",
                    "Parent Relationship": "Inner",
                    "Parallel Aware": false,
                    "Scan Direction": "Forward",
                    "Index Name": "movie_id_cast_info",
                    "Relation Name": "cast_info",
                    "Alias": "ci",
                    "Startup Cost": 0.56,
                    "Total Cost": 119.52,
                    "Plan Rows": 16,
                    "Plan Width": 4,
                    "Actual Startup Time": 0.026,
                    "Actual Total Time": 0.04,
                    "Actual Rows": 4,
                    "Actual Loops": 3847,
                    "Index Cond": "(movie_id = t.id)",
                    "Rows Removed by Index Recheck": 0,
                    "Filter": "((person_id < 2423941) AND (role_id > 1))",
                    "Rows Removed by Filter": 11
                  }
                ]
              }
            ]
          }
        ]
      }
    ]
  },
  "Planning Time": 0.52,
  "Triggers": [],
  "Execution Time": 254.669
}