[
  {
    "Plan": {
      "Node Type": "Aggregate",
      "Strategy": "Plain",
      "Partial Mode": "Finalize",
      "Parallel Aware": false,
      "Startup Cost": 62378.85,
      "Total Cost": 62378.86,
      "Plan Rows": 1,
      "Plan Width": 8,
      "Actual Startup Time": 202.23,
      "Actual Total Time": 213.865,
      "Actual Rows": 1,
      "Actual Loops": 1,
      "Plans": [
        {
          "Node Type": "Gather",
          "Parent Relationship": "Outer",
          "Parallel Aware": false,
          "Startup Cost": 62378.64,
          "Total Cost": 62378.85,
          "Plan Rows": 2,
          "Plan Width": 8,
          "Actual Startup Time": 201.227,
          "Actual Total Time": 213.849,
          "Actual Rows": 3,
          "Actual Loops": 1,
          "Workers Planned": 2,
          "Workers Launched": 2,
          "Single Copy": false,
          "Plans": [
            {
              "Node Type": "Aggregate",
              "Strategy": "Plain",
              "Partial Mode": "Partial",
              "Parent Relationship": "Outer",
              "Parallel Aware": false,
              "Startup Cost": 61378.64,
              "Total Cost": 61378.65,
              "Plan Rows": 1,
              "Plan Width": 8,
              "Actual Startup Time": 196.012,
              "Actual Total Time": 196.182,
              "Actual Rows": 1,
              "Actual Loops": 3,
              "Plans": [
                {
                  "Node Type": "Hash Join",
                  "Parent Relationship": "Outer",
                  "Parallel Aware": true,
                  "Join Type": "Inner",
                  "Startup Cost": 45742.09,
                  "Total Cost": 61362.88,
                  "Plan Rows": 6304,
                  "Plan Width": 0,
                  "Actual Startup Time": 156.233,
                  "Actual Total Time": 195.457,
                  "Actual Rows": 16684,
                  "Actual Loops": 3,
                  "Inner Unique": true,
                  "Hash Cond": "(mi_idx.movie_id = t.id)",
                  "Plans": [
                    {
                      "Node Type": "Seq Scan",
                      "Parent Relationship": "Outer",
                      "Parallel Aware": true,
                      "Relation Name": "movie_info_idx",
                      "Alias": "mi_idx",
                      "Startup Cost": 0.0,
                      "Total Cost": 15122.68,
                      "Plan Rows": 189755,
                      "Plan Width": 4,
                      "Actual Startup Time": 0.02,
                      "Actual Total Time": 36.024,
                      "Actual Rows": 153308,
                      "Actual Loops": 3,
                      "Filter": "(info_type_id < 100)",
                      "Rows Removed by Filter": 306703
                    },
                    {
                      "Node Type": "Hash",
                      "Parent Relationship": "Inner",
                      "Parallel Aware": true,
                      "Startup Cost": 45479.59,
                      "Total Cost": 45479.59,
                      "Plan Rows": 21000,
                      "Plan Width": 4,
                      "Actual Startup Time": 128.699,
                      "Actual Total Time": 128.7,
                      "Actual Rows": 72532,
                      "Actual Loops": 3,
                      "Hash Buckets": 262144,
                      "Original Hash Buckets": 131072,
                      "Hash Batches": 1,
                      "Original Hash Batches": 1,
                      "Peak Memory Usage": 11648,
                      "Plans": [
                        {
                          "Node Type": "Seq Scan",
                          "Parent Relationship": "Outer",
                          "Parallel Aware": true,
                          "Relation Name": "title",
                          "Alias": "t",
                          "Startup Cost": 0.0,
                          "Total Cost": 45479.59,
                          "Plan Rows": 21000,
                          "Plan Width": 4,
                          "Actual Startup Time": 57.871,
                          "Actual Total Time": 102.983,
                          "Actual Rows": 72532,
                          "Actual Loops": 3,
                          "Filter": "((production_year < 1968) AND (kind_id = 1))",
                          "Rows Removed by Filter": 770238
                        }
                      ]
                    }
                  ]
                }
              ]
            }
          ]
        }
      ]
    },
    "Planning Time": 0.311,
    "Triggers": [],
    "Execution Time": 213.918
  }
]