{
  "Plan": {
    "Node Type": "Aggregate",
    "Strategy": "Plain",
    "Partial Mode": "Finalize",
    "Parallel Aware": false,
    "Startup Cost": 79571.11,
    "Total Cost": 79571.12,
    "Plan Rows": 1,
    "Plan Width": 8,
    "Actual Startup Time": 228.529,
    "Actual Total Time": 234.339,
    "Actual Rows": 1,
    "Actual Loops": 1,
    "Plans": [
      {
        "Node Type": "Gather",
        "Parent Relationship": "Outer",
        "Parallel Aware": false,
        "Startup Cost": 79571.0,
        "Total Cost": 79571.11,
        "Plan Rows": 1,
        "Plan Width": 8,
        "Actual Startup Time": 227.504,
        "Actual Total Time": 234.331,
        "Actual Rows": 2,
        "Actual Loops": 1,
        "Workers Planned": 1,
        "Workers Launched": 1,
        "Single Copy": false,
        "Plans": [
          {
            "Node Type": "Aggregate",
            "Strategy": "Plain",
            "Partial Mode": "Partial",
            "Parent Relationship": "Outer",
            "Parallel Aware": false,
            "Startup Cost": 78571.0,
            "Total Cost": 78571.01,
            "Plan Rows": 1,
            "Plan Width": 8,
            "Actual Startup Time": 223.901,
            "Actual Total Time": 223.905,
            "Actual Rows": 1,
            "Actual Loops": 2,
            "Plans": [
              {
                "Node Type": "Hash Join",
                "Parent Relationship": "Outer",
                "Parallel Aware": true,
                "Join Type": "Inner",
                "Startup Cost": 58413.24,
                "Total Cost": 78554.19,
                "Plan Rows": 6724,
                "Plan Width": 0,
                "Actual Startup Time": 181.998,
                "Actual Total Time": 222.714,
                "Actual Rows": 19842,
                "Actual Loops": 2,
                "Inner Unique": true,
                "Hash Cond": "(mc.movie_id = t.id)",
                "Plans": [
                  {
                    "Node Type": "Bitmap Heap Scan",
                    "Parent Relationship": "Outer",
                    "Parallel Aware": true,
                    "Relation Name": "movie_companies",
                    "Alias": "mc",
                    "Startup Cost": 3293.21,
                    "Total Cost": 23199.69,
                    "Plan Rows": 89319,
                    "Plan Width": 4,
                    "Actual Startup Time": 11.332,
                    "Actual Total Time": 29.5,
                    "Actual Rows": 74298,
                    "Actual Loops": 2,
                    "Recheck Cond": "(company_id > 132724)",
                    "Rows Removed by Index Recheck": 0,
                    "Exact Heap Blocks": 1833,
                    "Lossy Heap Blocks": 0,
                    "Plans": [
                      {
                        "Node Type": "Bitmap Index Scan",
                        "Parent Relationship": "Outer",
                        "Parallel Aware": false,
                        "Index Name": "company_id_movie_companies",
                        "Startup Cost": 0.0,
                        "Total Cost": 3255.24,
                        "Plan Rows": 151842,
                        "Plan Width": 0,
                        "Actual Startup Time": 10.419,
                        "Actual Total Time": 10.42,
                        "Actual Rows": 148597,
                        "Actual Loops": 1,
                        "Index Cond": "(company_id > 132724)"
                      }
                    ]
                  },
                  {
                    "Node Type": "Hash",
                    "Parent Relationship": "Inner",
                    "Parallel Aware": true,
                    "Startup Cost": 53720.69,
                    "Total Cost": 53720.69,
                    "Plan Rows": 111948,
                    "Plan Width": 4,
                    "Actual Startup Time": 169.276,
                    "Actual Total Time": 169.277,
                    "Actual Rows": 163016,
                    "Actual Loops": 2,
                    "Hash Buckets": 524288,
                    "Original Hash Buckets": 262144,
                    "Hash Batches": 1,
                    "Original Hash Batches": 1,
                    "Peak Memory Usage": 18944,
                    "Plans": [
                      {
                        "Node Type": "Bitmap Heap Scan",
                        "Parent Relationship": "Outer",
                        "Parallel Aware": true,
                        "Relation Name": "title",
                        "Alias": "t",
                        "Startup Cost": 11870.43,
                        "Total Cost": 53720.69,
                        "Plan Rows": 111948,
                        "Plan Width": 4,
                        "Actual Startup Time": 31.6,
                        "Actual Total Time": 112.011,
                        "Actual Rows": 163016,
                        "Actual Loops": 2,
                        "Recheck Cond": "(kind_id = 1)",
                        "Rows Removed by Index Recheck": 0,
                        "Filter": "(production_year < 1992)",
                        "Rows Removed by Filter": 168396,
                        "Exact Heap Blocks": 6871,
                        "Lossy Heap Blocks": 0,
                        "Plans": [
                          {
                            "Node Type": "Bitmap Index Scan",
                            "Parent Relationship": "Outer",
                            "Parallel Aware": false,
                            "Index Name": "kind_id_title",
                            "Startup Cost": 0.0,
                            "Total Cost": 11822.85,
                            "Plan Rows": 663256,
                            "Plan Width": 0,
                            "Actual Startup Time": 30.877,
                            "Actual Total Time": 30.877,
                            "Actual Rows": 662825,
                            "Actual Loops": 1,
                            "Index Cond": "(kind_id = 1)"
                          }
                        ]
                      }
                    ]
                  }
                ]
              }
            ]
          }
        ]
      }
    ]
  },
  "Planning Time": 0.238,
  "Triggers": [],
  "Execution Time": 234.399
}