[
  {
    "Plan": {
      "Node Type": "Aggregate",
      "Strategy": "Plain",
      "Partial Mode": "Finalize",
      "Parallel Aware": false,
      "Startup Cost": 80738.56,
      "Total Cost": 80738.57,
      "Plan Rows": 1,
      "Plan Width": 8,
      "Actual Startup Time": 371.43,
      "Actual Total Time": 387.349,
      "Actual Rows": 1,
      "Actual Loops": 1,
      "Plans": [
        {
          "Node Type": "Gather",
          "Parent Relationship": "Outer",
          "Parallel Aware": false,
          "Startup Cost": 80738.14,
          "Total Cost": 80738.55,
          "Plan Rows": 4,
          "Plan Width": 8,
          "Actual Startup Time": 366.136,
          "Actual Total Time": 387.341,
          "Actual Rows": 5,
          "Actual Loops": 1,
          "Workers Planned": 4,
          "Workers Launched": 4,
          "Single Copy": false,
          "Plans": [
            {
              "Node Type": "Aggregate",
              "Strategy": "Plain",
              "Partial Mode": "Partial",
              "Parent Relationship": "Outer",
              "Parallel Aware": false,
              "Startup Cost": 79738.14,
              "Total Cost": 79738.15,
              "Plan Rows": 1,
              "Plan Width": 8,
              "Actual Startup Time": 355.688,
              "Actual Total Time": 355.692,
              "Actual Rows": 1,
              "Actual Loops": 5,
              "Plans": [
                {
                  "Node Type": "Hash Join",
                  "Parent Relationship": "Outer",
                  "Parallel Aware": true,
                  "Join Type": "Inner",
                  "Startup Cost": 33513.88,
                  "Total Cost": 79412.79,
                  "Plan Rows": 130142,
                  "Plan Width": 0,
                  "Actual Startup Time": 138.427,
                  "Actual Total Time": 348.376,
                  "Actual Rows": 166458,
                  "Actual Loops": 5,
                  "Inner Unique": false,
                  "Hash Cond": "(t.id = mc.movie_id)",
                  "Plans": [
                    {
                      "Node Type": "Seq Scan",
                      "Parent Relationship": "Outer",
                      "Parallel Aware": true,
                      "Relation Name": "title",
                      "Alias": "t",
                      "Startup Cost": 0.0,
                      "Total Cost": 42318.73,
                      "Plan Rows": 632073,
                      "Plan Width": 4,
                      "Actual Startup Time": 0.01,
                      "Actual Total Time": 63.825,
                      "Actual Rows": 505662,
                      "Actual Loops": 5
                    },
                    {
                      "Node Type": "Hash",
                      "Parent Relationship": "Inner",
                      "Parallel Aware": true,
                      "Startup Cost": 31414.82,
                      "Total Cost": 31414.82,
                      "Plan Rows": 167925,
                      "Plan Width": 4,
                      "Actual Startup Time": 135.285,
                      "Actual Total Time": 135.286,
                      "Actual Rows": 166458,
                      "Actual Loops": 5,
                      "Hash Buckets": 1048576,
                      "Original Hash Buckets": 524288,
                      "Hash Batches": 1,
                      "Original Hash Batches": 1,
                      "Peak Memory Usage": 44928,
                      "Plans": [
                        {
                          "Node Type": "Seq Scan",
                          "Parent Relationship": "Outer",
                          "Parallel Aware": true,
                          "Relation Name": "movie_companies",
                          "Alias": "mc",
                          "Startup Cost": 0.0,
                          "Total Cost": 31414.82,
                          "Plan Rows": 167925,
                          "Plan Width": 4,
                          "Actual Startup Time": 42.665,
                          "Actual Total Time": 74.867,
                          "Actual Rows": 166458,
                          "Actual Loops": 5,
                          "Filter": "((company_id > 15335) AND (company_type_id = 2))",
                          "Rows Removed by Filter": 355368
                        }
                      ]
                    }
                  ]
                }
              ]
            }
          ]
        }
      ]
    },
    "Planning Time": 0.652,
    "Triggers": [],
    "Execution Time": 387.424
  }
]