[
    {
        "Bao": {
            "Bao prediction": "NaN",
            "Bao recommended hint": "(no hint)"
        }
    },
    {
        "Plan": {
            "Node Type": "Aggregate",
            "Strategy": "Plain",
            "Partial Mode": "Finalize",
            "Parallel Aware": false,
            "Startup Cost": 112582.24,
            "Total Cost": 112582.25,
            "Plan Rows": 1,
            "Plan Width": 8,
            "Actual Startup Time": 950.473,
            "Actual Total Time": 971.225,
            "Actual Rows": 1,
            "Actual Loops": 1,
            "Output": [
                "count(*)"
            ],
            "Plans": [
                {
                    "Node Type": "Gather",
                    "Parent Relationship": "Outer",
                    "Parallel Aware": false,
                    "Startup Cost": 112581.92,
                    "Total Cost": 112582.23,
                    "Plan Rows": 3,
                    "Plan Width": 8,
                    "Actual Startup Time": 937.598,
                    "Actual Total Time": 971.207,
                    "Actual Rows": 4,
                    "Actual Loops": 1,
                    "Output": [
                        "(PARTIAL count(*))"
                    ],
                    "Workers Planned": 3,
                    "Workers Launched": 3,
                    "Single Copy": false,
                    "Plans": [
                        {
                            "Node Type": "Aggregate",
                            "Strategy": "Plain",
                            "Partial Mode": "Partial",
                            "Parent Relationship": "Outer",
                            "Parallel Aware": false,
                            "Startup Cost": 111581.92,
                            "Total Cost": 111581.93,
                            "Plan Rows": 1,
                            "Plan Width": 8,
                            "Actual Startup Time": 929.396,
                            "Actual Total Time": 930.079,
                            "Actual Rows": 1,
                            "Actual Loops": 4,
                            "Output": [
                                "PARTIAL count(*)"
                            ],
                            "Workers": [
                                {
                                    "Worker Number": 0,
                                    "Actual Startup Time": 927.199,
                                    "Actual Total Time": 927.206,
                                    "Actual Rows": 1,
                                    "Actual Loops": 1
                                },
                                {
                                    "Worker Number": 1,
                                    "Actual Startup Time": 926.563,
                                    "Actual Total Time": 926.571,
                                    "Actual Rows": 1,
                                    "Actual Loops": 1
                                },
                                {
                                    "Worker Number": 2,
                                    "Actual Startup Time": 926.914,
                                    "Actual Total Time": 926.921,
                                    "Actual Rows": 1,
                                    "Actual Loops": 1
                                }
                            ],
                            "Plans": [
                                {
                                    "Node Type": "Hash Join",
                                    "Parent Relationship": "Outer",
                                    "Parallel Aware": true,
                                    "Join Type": "Inner",
                                    "Startup Cost": 65499.14,
                                    "Total Cost": 111211.34,
                                    "Plan Rows": 148233,
                                    "Plan Width": 0,
                                    "Actual Startup Time": 571.029,
                                    "Actual Total Time": 887.389,
                                    "Actual Rows": 671470,
                                    "Actual Loops": 4,
                                    "Inner Unique": false,
                                    "Hash Cond": "(mk.movie_id = t.id)",
                                    "Workers": [
                                        {
                                            "Worker Number": 0,
                                            "Actual Startup Time": 567.757,
                                            "Actual Total Time": 886.07,
                                            "Actual Rows": 652747,
                                            "Actual Loops": 1
                                        },
                                        {
                                            "Worker Number": 1,
                                            "Actual Startup Time": 568.562,
                                            "Actual Total Time": 884.454,
                                            "Actual Rows": 667820,
                                            "Actual Loops": 1
                                        },
                                        {
                                            "Worker Number": 2,
                                            "Actual Startup Time": 568.942,
                                            "Actual Total Time": 885.325,
                                            "Actual Rows": 660232,
                                            "Actual Loops": 1
                                        }
                                    ],
                                    "Plans": [
                                        {
                                            "Node Type": "Seq Scan",
                                            "Parent Relationship": "Outer",
                                            "Parallel Aware": true,
                                            "Relation Name": "movie_keyword",
                                            "Schema": "public",
                                            "Alias": "mk",
                                            "Startup Cost": 0.0,
                                            "Total Cost": 42695.65,
                                            "Plan Rows": 639708,
                                            "Plan Width": 4,
                                            "Actual Startup Time": 0.715,
                                            "Actual Total Time": 157.563,
                                            "Actual Rows": 490844,
                                            "Actual Loops": 4,
                                            "Output": [
                                                "mk.id",
                                                "mk.movie_id",
                                                "mk.keyword_id"
                                            ],
                                            "Filter": "(mk.keyword_id > 6475)",
                                            "Rows Removed by Filter": 640138,
                                            "Workers": [
                                                {
                                                    "Worker Number": 0,
                                                    "Actual Startup Time": 0.692,
                                                    "Actual Total Time": 162.149,
                                                    "Actual Rows": 484032,
                                                    "Actual Loops": 1
                                                },
                                                {
                                                    "Worker Number": 1,
                                                    "Actual Startup Time": 0.703,
                                                    "Actual Total Time": 160.334,
                                                    "Actual Rows": 479320,
                                                    "Actual Loops": 1
                                                },
                                                {
                                                    "Worker Number": 2,
                                                    "Actual Startup Time": 0.809,
                                                    "Actual Total Time": 162.061,
                                                    "Actual Rows": 486283,
                                                    "Actual Loops": 1
                                                }
                                            ]
                                        },
                                        {
                                            "Node Type": "Hash",
                                            "Parent Relationship": "Inner",
                                            "Parallel Aware": true,
                                            "Startup Cost": 62447.77,
                                            "Total Cost": 62447.77,
                                            "Plan Rows": 244110,
                                            "Plan Width": 8,
                                            "Actual Startup Time": 566.023,
                                            "Actual Total Time": 566.701,
                                            "Actual Rows": 178960,
                                            "Actual Loops": 4,
                                            "Output": [
                                                "t.id",
                                                "mi_idx.movie_id"
                                            ],
                                            "Hash Buckets": 1048576,
                                            "Original Hash Buckets": 1048576,
                                            "Hash Batches": 1,
                                            "Original Hash Batches": 1,
                                            "Peak Memory Usage": 36256,
                                            "Workers": [
                                                {
                                                    "Worker Number": 0,
                                                    "Actual Startup Time": 565.883,
                                                    "Actual Total Time": 565.889,
                                                    "Actual Rows": 173807,
                                                    "Actual Loops": 1
                                                },
                                                {
                                                    "Worker Number": 1,
                                                    "Actual Startup Time": 566.848,
                                                    "Actual Total Time": 566.853,
                                                    "Actual Rows": 176782,
                                                    "Actual Loops": 1
                                                },
                                                {
                                                    "Worker Number": 2,
                                                    "Actual Startup Time": 567.209,
                                                    "Actual Total Time": 567.214,
                                                    "Actual Rows": 178869,
                                                    "Actual Loops": 1
                                                }
                                            ],
                                            "Plans": [
                                                {
                                                    "Node Type": "Hash Join",
                                                    "Parent Relationship": "Outer",
                                                    "Parallel Aware": true,
                                                    "Join Type": "Inner",
                                                    "Startup Cost": 47253.21,
                                                    "Total Cost": 62447.77,
                                                    "Plan Rows": 244110,
                                                    "Plan Width": 8,
                                                    "Actual Startup Time": 328.069,
                                                    "Actual Total Time": 494.824,
                                                    "Actual Rows": 178960,
                                                    "Actual Loops": 4,
                                                    "Output": [
                                                        "t.id",
                                                        "mi_idx.movie_id"
                                                    ],
                                                    "Inner Unique": true,
                                                    "Hash Cond": "(mi_idx.movie_id = t.id)",
                                                    "Workers": [
                                                        {
                                                            "Worker Number": 0,
                                                            "Actual Startup Time": 327.972,
                                                            "Actual Total Time": 495.415,
                                                            "Actual Rows": 173807,
                                                            "Actual Loops": 1
                                                        },
                                                        {
                                                            "Worker Number": 1,
                                                            "Actual Startup Time": 328.009,
                                                            "Actual Total Time": 494.211,
                                                            "Actual Rows": 176782,
                                                            "Actual Loops": 1
                                                        },
                                                        {
                                                            "Worker Number": 2,
                                                            "Actual Startup Time": 328.011,
                                                            "Actual Total Time": 493.727,
                                                            "Actual Rows": 178869,
                                                            "Actual Loops": 1
                                                        }
                                                    ],
                                                    "Plans": [
                                                        {
                                                            "Node Type": "Seq Scan",
                                                            "Parent Relationship": "Outer",
                                                            "Parallel Aware": true,
                                                            "Relation Name": "movie_info_idx",
                                                            "Schema": "public",
                                                            "Alias": "mi_idx",
                                                            "Startup Cost": 0.0,
                                                            "Total Cost": 13685.15,
                                                            "Plan Rows": 575015,
                                                            "Plan Width": 4,
                                                            "Actual Startup Time": 0.037,
                                                            "Actual Total Time": 48.442,
                                                            "Actual Rows": 345009,
                                                            "Actual Loops": 4,
                                                            "Output": [
                                                                "mi_idx.id",
                                                                "mi_idx.movie_id",
                                                                "mi_idx.info_type_id",
                                                                "mi_idx.info",
                                                                "mi_idx.note"
                                                            ],
                                                            "Workers": [
                                                                {
                                                                    "Worker Number": 0,
                                                                    "Actual Startup Time": 0.046,
                                                                    "Actual Total Time": 50.965,
                                                                    "Actual Rows": 335524,
                                                                    "Actual Loops": 1
                                                                },
                                                                {
                                                                    "Worker Number": 1,
                                                                    "Actual Startup Time": 0.042,
                                                                    "Actual Total Time": 49.485,
                                                                    "Actual Rows": 339469,
                                                                    "Actual Loops": 1
                                                                },
                                                                {
                                                                    "Worker Number": 2,
                                                                    "Actual Startup Time": 0.047,
                                                                    "Actual Total Time": 49.922,
                                                                    "Actual Rows": 343080,
                                                                    "Actual Loops": 1
                                                                }
                                                            ]
                                                        },
                                                        {
                                                            "Node Type": "Hash",
                                                            "Parent Relationship": "Inner",
                                                            "Parallel Aware": true,
                                                            "Startup Cost": 43899.01,
                                                            "Total Cost": 43899.01,
                                                            "Plan Rows": 268336,
                                                            "Plan Width": 4,
                                                            "Actual Startup Time": 323.35,
                                                            "Actual Total Time": 323.352,
                                                            "Actual Rows": 268691,
                                                            "Actual Loops": 4,
                                                            "Output": [
                                                                "t.id"
                                                            ],
                                                            "Hash Buckets": 2097152,
                                                            "Original Hash Buckets": 2097152,
                                                            "Hash Batches": 1,
                                                            "Original Hash Batches": 1,
                                                            "Peak Memory Usage": 58528,
                                                            "Workers": [
                                                                {
                                                                    "Worker Number": 0,
                                                                    "Actual Startup Time": 327.703,
                                                                    "Actual Total Time": 327.705,
                                                                    "Actual Rows": 252040,
                                                                    "Actual Loops": 1
                                                                },
                                                                {
                                                                    "Worker Number": 1,
                                                                    "Actual Startup Time": 327.787,
                                                                    "Actual Total Time": 327.789,
                                                                    "Actual Rows": 250446,
                                                                    "Actual Loops": 1
                                                                },
                                                                {
                                                                    "Worker Number": 2,
                                                                    "Actual Startup Time": 327.798,
                                                                    "Actual Total Time": 327.8,
                                                                    "Actual Rows": 252106,
                                                                    "Actual Loops": 1
                                                                }
                                                            ],
                                                            "Plans": [
                                                                {
                                                                    "Node Type": "Seq Scan",
                                                                    "Parent Relationship": "Outer",
                                                                    "Parallel Aware": true,
                                                                    "Relation Name": "title",
                                                                    "Schema": "public",
                                                                    "Alias": "t",
                                                                    "Startup Cost": 0.0,
                                                                    "Total Cost": 43899.01,
                                                                    "Plan Rows": 268336,
                                                                    "Plan Width": 4,
                                                                    "Actual Startup Time": 0.049,
                                                                    "Actual Total Time": 150.824,
                                                                    "Actual Rows": 268691,
                                                                    "Actual Loops": 4,
                                                                    "Output": [
                                                                        "t.id"
                                                                    ],
                                                                    "Filter": "(t.production_year < 2001)",
                                                                    "Rows Removed by Filter": 363387,
                                                                    "Workers": [
                                                                        {
                                                                            "Worker Number": 0,
                                                                            "Actual Startup Time": 0.064,
                                                                            "Actual Total Time": 153.962,
                                                                            "Actual Rows": 252040,
                                                                            "Actual Loops": 1
                                                                        },
                                                                        {
                                                                            "Worker Number": 1,
                                                                            "Actual Startup Time": 0.059,
                                                                            "Actual Total Time": 154.512,
                                                                            "Actual Rows": 250446,
                                                                            "Actual Loops": 1
                                                                        },
                                                                        {
                                                                            "Worker Number": 2,
                                                                            "Actual Startup Time": 0.056,
                                                                            "Actual Total Time": 155.644,
                                                                            "Actual Rows": 252106,
                                                                            "Actual Loops": 1
                                                                        }
                                                                    ]
                                                                }
                                                            ]
                                                        }
                                                    ]
                                                }
                                            ]
                                        }
                                    ]
                                }
                            ]
                        }
                    ]
                }
            ]
        },
        "Planning Time": 309.978,
        "Triggers": [],
        "Execution Time": 971.344
    }
]