{
    "Plan": {
        "Node Type": "Aggregate",
        "Strategy": "Plain",
        "Partial Mode": "Simple",
        "Parallel Aware": false,
        "Startup Cost": 90003441183.05,
        "Total Cost": 90003441183.06,
        "Plan Rows": 1,
        "Plan Width": 128,
        "Actual Startup Time": 28192.662,
        "Actual Total Time": 28192.668,
        "Actual Rows": 1,
        "Actual Loops": 1,
        "Output": [
            "min(mi.info)",
            "min(mi_idx.info)",
            "min(n.name)",
            "min(t.title)"
        ],
        "Plans": [
            {
                "Node Type": "Nested Loop",
                "Parent Relationship": "Outer",
                "Parallel Aware": false,
                "Join Type": "Inner",
                "Startup Cost": 90000000004.67,
                "Total Cost": 90003441183.04,
                "Plan Rows": 1,
                "Plan Width": 80,
                "Actual Startup Time": 20.061,
                "Actual Total Time": 28184.974,
                "Actual Rows": 15897,
                "Actual Loops": 1,
                "Output": [
                    "mi.info",
                    "mi_idx.info",
                    "n.name",
                    "t.title"
                ],
                "Inner Unique": true,
                "Join Filter": "(mi.movie_id = t.id)",
                "Rows Removed by Join Filter": 0,
                "Plans": [
                    {
                        "Node Type": "Nested Loop",
                        "Parent Relationship": "Outer",
                        "Parallel Aware": false,
                        "Join Type": "Inner",
                        "Startup Cost": 80000000004.23,
                        "Total Cost": 80003441178.57,
                        "Plan Rows": 1,
                        "Plan Width": 79,
                        "Actual Startup Time": 20.009,
                        "Actual Total Time": 28087.152,
                        "Actual Rows": 15897,
                        "Actual Loops": 1,
                        "Output": [
                            "ci.movie_id",
                            "mi.info",
                            "mi.movie_id",
                            "mi_idx.info",
                            "mi_idx.movie_id",
                            "mk.movie_id",
                            "n.name"
                        ],
                        "Inner Unique": true,
                        "Plans": [
                            {
                                "Node Type": "Nested Loop",
                                "Parent Relationship": "Outer",
                                "Parallel Aware": false,
                                "Join Type": "Inner",
                                "Startup Cost": 70000000003.8,
                                "Total Cost": 70003437853.83,
                                "Plan Rows": 747,
                                "Plan Width": 83,
                                "Actual Startup Time": 19.803,
                                "Actual Total Time": 23040.493,
                                "Actual Rows": 1081438,
                                "Actual Loops": 1,
                                "Output": [
                                    "ci.movie_id",
                                    "mi.info",
                                    "mi.movie_id",
                                    "mi_idx.info",
                                    "mi_idx.movie_id",
                                    "mk.movie_id",
                                    "mk.keyword_id",
                                    "n.name"
                                ],
                                "Inner Unique": false,
                                "Join Filter": "(mi.movie_id = mk.movie_id)",
                                "Rows Removed by Join Filter": 0,
                                "Plans": [
                                    {
                                        "Node Type": "Nested Loop",
                                        "Parent Relationship": "Outer",
                                        "Parallel Aware": false,
                                        "Join Type": "Inner",
                                        "Startup Cost": 60000000002.95,
                                        "Total Cost": 60003437481.81,
                                        "Plan Rows": 62,
                                        "Plan Width": 75,
                                        "Actual Startup Time": 19.745,
                                        "Actual Total Time": 22426.249,
                                        "Actual Rows": 41109,
                                        "Actual Loops": 1,
                                        "Output": [
                                            "ci.movie_id",
                                            "mi.info",
                                            "mi.movie_id",
                                            "mi_idx.info",
                                            "mi_idx.movie_id",
                                            "n.name"
                                        ],
                                        "Inner Unique": true,
                                        "Plans": [
                                            {
                                                "Node Type": "Nested Loop",
                                                "Parent Relationship": "Outer",
                                                "Parallel Aware": false,
                                                "Join Type": "Inner",
                                                "Startup Cost": 50000000002.46,
                                                "Total Cost": 50003436810.97,
                                                "Plan Rows": 149,
                                                "Plan Width": 64,
                                                "Actual Startup Time": 2.975,
                                                "Actual Total Time": 21716.738,
                                                "Actual Rows": 87186,
                                                "Actual Loops": 1,
                                                "Output": [
                                                    "ci.movie_id",
                                                    "ci.person_id",
                                                    "mi.info",
                                                    "mi.movie_id",
                                                    "mi_idx.info",
                                                    "mi_idx.movie_id"
                                                ],
                                                "Inner Unique": false,
                                                "Join Filter": "(mi.movie_id = ci.movie_id)",
                                                "Rows Removed by Join Filter": 0,
                                                "Plans": [
                                                    {
                                                        "Node Type": "Nested Loop",
                                                        "Parent Relationship": "Outer",
                                                        "Parallel Aware": false,
                                                        "Join Type": "Inner",
                                                        "Startup Cost": 40000000001.23,
                                                        "Total Cost": 40003436120.5,
                                                        "Plan Rows": 116,
                                                        "Plan Width": 56,
                                                        "Actual Startup Time": 0.489,
                                                        "Actual Total Time": 12809.346,
                                                        "Actual Rows": 199779,
                                                        "Actual Loops": 1,
                                                        "Output": [
                                                            "mi.info",
                                                            "mi.movie_id",
                                                            "mi_idx.info",
                                                            "mi_idx.movie_id"
                                                        ],
                                                        "Inner Unique": true,
                                                        "Plans": [
                                                            {
                                                                "Node Type": "Nested Loop",
                                                                "Parent Relationship": "Outer",
                                                                "Parallel Aware": false,
                                                                "Join Type": "Inner",
                                                                "Startup Cost": 30000000001.08,
                                                                "Total Cost": 30003381754.42,
                                                                "Plan Rows": 13052,
                                                                "Plan Width": 60,
                                                                "Actual Startup Time": 0.467,
                                                                "Actual Total Time": 10547.62,
                                                                "Actual Rows": 599665,
                                                                "Actual Loops": 1,
                                                                "Output": [
                                                                    "mi.info",
                                                                    "mi.movie_id",
                                                                    "mi_idx.info",
                                                                    "mi_idx.movie_id",
                                                                    "mi_idx.info_type_id"
                                                                ],
                                                                "Inner Unique": false,
                                                                "Plans": [
                                                                    {
                                                                        "Node Type": "Nested Loop",
                                                                        "Parent Relationship": "Outer",
                                                                        "Parallel Aware": false,
                                                                        "Join Type": "Inner",
                                                                        "Startup Cost": 20000000000.59,
                                                                        "Total Cost": 20003360686.32,
                                                                        "Plan Rows": 4614,
                                                                        "Plan Width": 47,
                                                                        "Actual Startup Time": 0.22,
                                                                        "Actual Total Time": 8277.061,
                                                                        "Actual Rows": 514972,
                                                                        "Actual Loops": 1,
                                                                        "Output": [
                                                                            "mi.info",
                                                                            "mi.movie_id"
                                                                        ],
                                                                        "Inner Unique": true,
                                                                        "Plans": [
                                                                            {
                                                                                "Node Type": "Index Scan",
                                                                                "Parent Relationship": "Outer",
                                                                                "Parallel Aware": false,
                                                                                "Scan Direction": "Forward",
                                                                                "Index Name": "movie_id_movie_info",
                                                                                "Relation Name": "movie_info",
                                                                                "Schema": "public",
                                                                                "Alias": "mi",
                                                                                "Startup Cost": 10000000000.43,
                                                                                "Total Cost": 10001189091.59,
                                                                                "Plan Rows": 521347,
                                                                                "Plan Width": 51,
                                                                                "Actual Startup Time": 0.199,
                                                                                "Actual Total Time": 6295.518,
                                                                                "Actual Rows": 517870,
                                                                                "Actual Loops": 1,
                                                                                "Output": [
                                                                                    "mi.id",
                                                                                    "mi.movie_id",
                                                                                    "mi.info_type_id",
                                                                                    "mi.info",
                                                                                    "mi.note"
                                                                                ],
                                                                                "Filter": "(mi.info = ANY ('{Crime,Sci-Fi,Western,Thriller,Drama,Documentary}'::text[]))",
                                                                                "Rows Removed by Filter": 14317850
                                                                            },
                                                                            {
                                                                                "Node Type": "Bitmap Heap Scan",
                                                                                "Parent Relationship": "Inner",
                                                                                "Parallel Aware": false,
                                                                                "Relation Name": "info_type",
                                                                                "Schema": "public",
                                                                                "Alias": "it1",
                                                                                "Startup Cost": 0.15,
                                                                                "Total Cost": 4.17,
                                                                                "Plan Rows": 1,
                                                                                "Plan Width": 4,
                                                                                "Actual Startup Time": 0.002,
                                                                                "Actual Total Time": 0.002,
                                                                                "Actual Rows": 1,
                                                                                "Actual Loops": 517870,
                                                                                "Output": [
                                                                                    "it1.id",
                                                                                    "it1.info"
                                                                                ],
                                                                                "Recheck Cond": "(it1.id = mi.info_type_id)",
                                                                                "Rows Removed by Index Recheck": 0,
                                                                                "Filter": "((it1.info)::text = 'genres'::text)",
                                                                                "Rows Removed by Filter": 0,
                                                                                "Exact Heap Blocks": 517870,
                                                                                "Lossy Heap Blocks": 0,
                                                                                "Plans": [
                                                                                    {
                                                                                        "Node Type": "Bitmap Index Scan",
                                                                                        "Parent Relationship": "Outer",
                                                                                        "Parallel Aware": false,
                                                                                        "Index Name": "info_type_pkey",
                                                                                        "Startup Cost": 0.0,
                                                                                        "Total Cost": 0.15,
                                                                                        "Plan Rows": 1,
                                                                                        "Plan Width": 0,
                                                                                        "Actual Startup Time": 0.001,
                                                                                        "Actual Total Time": 0.001,
                                                                                        "Actual Rows": 1,
                                                                                        "Actual Loops": 517870,
                                                                                        "Index Cond": "(it1.id = mi.info_type_id)"
                                                                                    }
                                                                                ]
                                                                            }
                                                                        ]
                                                                    },
                                                                    {
                                                                        "Node Type": "Bitmap Heap Scan",
                                                                        "Parent Relationship": "Inner",
                                                                        "Parallel Aware": false,
                                                                        "Relation Name": "movie_info_idx",
                                                                        "Schema": "public",
                                                                        "Alias": "mi_idx",
                                                                        "Startup Cost": 0.5,
                                                                        "Total Cost": 4.54,
                                                                        "Plan Rows": 3,
                                                                        "Plan Width": 13,
                                                                        "Actual Startup Time": 0.003,
                                                                        "Actual Total Time": 0.003,
                                                                        "Actual Rows": 1,
                                                                        "Actual Loops": 514972,
                                                                        "Output": [
                                                                            "mi_idx.id",
                                                                            "mi_idx.movie_id",
                                                                            "mi_idx.info_type_id",
                                                                            "mi_idx.info",
                                                                            "mi_idx.note"
                                                                        ],
                                                                        "Recheck Cond": "(mi_idx.movie_id = mi.movie_id)",
                                                                        "Rows Removed by Index Recheck": 0,
                                                                        "Exact Heap Blocks": 201789,
                                                                        "Lossy Heap Blocks": 0,
                                                                        "Plans": [
                                                                            {
                                                                                "Node Type": "Bitmap Index Scan",
                                                                                "Parent Relationship": "Outer",
                                                                                "Parallel Aware": false,
                                                                                "Index Name": "movie_id_movie_info_idx",
                                                                                "Startup Cost": 0.0,
                                                                                "Total Cost": 0.5,
                                                                                "Plan Rows": 3,
                                                                                "Plan Width": 0,
                                                                                "Actual Startup Time": 0.002,
                                                                                "Actual Total Time": 0.002,
                                                                                "Actual Rows": 1,
                                                                                "Actual Loops": 514972,
                                                                                "Index Cond": "(mi_idx.movie_id = mi.movie_id)"
                                                                            }
                                                                        ]
                                                                    }
                                                                ]
                                                            },
                                                            {
                                                                "Node Type": "Bitmap Heap Scan",
                                                                "Parent Relationship": "Inner",
                                                                "Parallel Aware": false,
                                                                "Relation Name": "info_type",
                                                                "Schema": "public",
                                                                "Alias": "it2",
                                                                "Startup Cost": 0.15,
                                                                "Total Cost": 4.17,
                                                                "Plan Rows": 1,
                                                                "Plan Width": 4,
                                                                "Actual Startup Time": 0.002,
                                                                "Actual Total Time": 0.002,
                                                                "Actual Rows": 0,
                                                                "Actual Loops": 599665,
                                                                "Output": [
                                                                    "it2.id",
                                                                    "it2.info"
                                                                ],
                                                                "Recheck Cond": "(it2.id = mi_idx.info_type_id)",
                                                                "Rows Removed by Index Recheck": 0,
                                                                "Filter": "((it2.info)::text = 'votes'::text)",
                                                                "Rows Removed by Filter": 1,
                                                                "Exact Heap Blocks": 599665,
                                                                "Lossy Heap Blocks": 0,
                                                                "Plans": [
                                                                    {
                                                                        "Node Type": "Bitmap Index Scan",
                                                                        "Parent Relationship": "Outer",
                                                                        "Parallel Aware": false,
                                                                        "Index Name": "info_type_pkey",
                                                                        "Startup Cost": 0.0,
                                                                        "Total Cost": 0.15,
                                                                        "Plan Rows": 1,
                                                                        "Plan Width": 0,
                                                                        "Actual Startup Time": 0.001,
                                                                        "Actual Total Time": 0.001,
                                                                        "Actual Rows": 1,
                                                                        "Actual Loops": 599665,
                                                                        "Index Cond": "(it2.id = mi_idx.info_type_id)"
                                                                    }
                                                                ]
                                                            }
                                                        ]
                                                    },
                                                    {
                                                        "Node Type": "Bitmap Heap Scan",
                                                        "Parent Relationship": "Inner",
                                                        "Parallel Aware": false,
                                                        "Relation Name": "cast_info",
                                                        "Schema": "public",
                                                        "Alias": "ci",
                                                        "Startup Cost": 1.23,
                                                        "Total Cost": 5.94,
                                                        "Plan Rows": 1,
                                                        "Plan Width": 8,
                                                        "Actual Startup Time": 0.038,
                                                        "Actual Total Time": 0.043,
                                                        "Actual Rows": 0,
                                                        "Actual Loops": 199779,
                                                        "Output": [
                                                            "ci.id",
                                                            "ci.person_id",
                                                            "ci.movie_id",
                                                            "ci.person_role_id",
                                                            "ci.note",
                                                            "ci.nr_order",
                                                            "ci.role_id"
                                                        ],
                                                        "Recheck Cond": "(ci.movie_id = mi_idx.movie_id)",
                                                        "Rows Removed by Index Recheck": 0,
                                                        "Filter": "(ci.note = ANY ('{(writer),\"(head writer)\",\"(written by)\",(story),\"(story editor)\"}'::text[]))",
                                                        "Rows Removed by Filter": 33,
                                                        "Exact Heap Blocks": 6420296,
                                                        "Lossy Heap Blocks": 0,
                                                        "Plans": [
                                                            {
                                                                "Node Type": "Bitmap Index Scan",
                                                                "Parent Relationship": "Outer",
                                                                "Parallel Aware": false,
                                                                "Index Name": "movie_id_cast_info",
                                                                "Startup Cost": 0.0,
                                                                "Total Cost": 1.23,
                                                                "Plan Rows": 38,
                                                                "Plan Width": 0,
                                                                "Actual Startup Time": 0.006,
                                                                "Actual Total Time": 0.006,
                                                                "Actual Rows": 33,
                                                                "Actual Loops": 199779,
                                                                "Index Cond": "(ci.movie_id = mi_idx.movie_id)"
                                                            }
                                                        ]
                                                    }
                                                ]
                                            },
                                            {
                                                "Node Type": "Bitmap Heap Scan",
                                                "Parent Relationship": "Inner",
                                                "Parallel Aware": false,
                                                "Relation Name": "name",
                                                "Schema": "public",
                                                "Alias": "n",
                                                "Startup Cost": 0.49,
                                                "Total Cost": 4.5,
                                                "Plan Rows": 1,
                                                "Plan Width": 19,
                                                "Actual Startup Time": 0.006,
                                                "Actual Total Time": 0.006,
                                                "Actual Rows": 0,
                                                "Actual Loops": 87186,
                                                "Output": [
                                                    "n.id",
                                                    "n.name",
                                                    "n.imdb_index",
                                                    "n.imdb_id",
                                                    "n.gender",
                                                    "n.name_pcode_cf",
                                                    "n.name_pcode_nf",
                                                    "n.surname_pcode",
                                                    "n.md5sum"
                                                ],
                                                "Recheck Cond": "(n.id = ci.person_id)",
                                                "Rows Removed by Index Recheck": 0,
                                                "Filter": "((n.gender)::text = 'm'::text)",
                                                "Rows Removed by Filter": 1,
                                                "Exact Heap Blocks": 87186,
                                                "Lossy Heap Blocks": 0,
                                                "Plans": [
                                                    {
                                                        "Node Type": "Bitmap Index Scan",
                                                        "Parent Relationship": "Outer",
                                                        "Parallel Aware": false,
                                                        "Index Name": "name_pkey",
                                                        "Startup Cost": 0.0,
                                                        "Total Cost": 0.49,
                                                        "Plan Rows": 1,
                                                        "Plan Width": 0,
                                                        "Actual Startup Time": 0.004,
                                                        "Actual Total Time": 0.004,
                                                        "Actual Rows": 1,
                                                        "Actual Loops": 87186,
                                                        "Index Cond": "(n.id = ci.person_id)"
                                                    }
                                                ]
                                            }
                                        ]
                                    },
                                    {
                                        "Node Type": "Bitmap Heap Scan",
                                        "Parent Relationship": "Inner",
                                        "Parallel Aware": false,
                                        "Relation Name": "movie_keyword",
                                        "Schema": "public",
                                        "Alias": "mk",
                                        "Startup Cost": 0.85,
                                        "Total Cost": 5.43,
                                        "Plan Rows": 46,
                                        "Plan Width": 8,
                                        "Actual Startup Time": 0.006,
                                        "Actual Total Time": 0.009,
                                        "Actual Rows": 26,
                                        "Actual Loops": 41109,
                                        "Output": [
                                            "mk.id",
                                            "mk.movie_id",
                                            "mk.keyword_id"
                                        ],
                                        "Recheck Cond": "(mk.movie_id = mi_idx.movie_id)",
                                        "Rows Removed by Index Recheck": 0,
                                        "Exact Heap Blocks": 36448,
                                        "Lossy Heap Blocks": 0,
                                        "Plans": [
                                            {
                                                "Node Type": "Bitmap Index Scan",
                                                "Parent Relationship": "Outer",
                                                "Parallel Aware": false,
                                                "Index Name": "movie_id_movie_keyword",
                                                "Startup Cost": 0.0,
                                                "Total Cost": 0.84,
                                                "Plan Rows": 46,
                                                "Plan Width": 0,
                                                "Actual Startup Time": 0.004,
                                                "Actual Total Time": 0.004,
                                                "Actual Rows": 26,
                                                "Actual Loops": 41109,
                                                "Index Cond": "(mk.movie_id = mi_idx.movie_id)"
                                            }
                                        ]
                                    }
                                ]
                            },
                            {
                                "Node Type": "Bitmap Heap Scan",
                                "Parent Relationship": "Inner",
                                "Parallel Aware": false,
                                "Relation Name": "keyword",
                                "Schema": "public",
                                "Alias": "k",
                                "Startup Cost": 0.43,
                                "Total Cost": 4.45,
                                "Plan Rows": 1,
                                "Plan Width": 4,
                                "Actual Startup Time": 0.003,
                                "Actual Total Time": 0.003,
                                "Actual Rows": 0,
                                "Actual Loops": 1081438,
                                "Output": [
                                    "k.id",
                                    "k.keyword",
                                    "k.phonetic_code"
                                ],
                                "Recheck Cond": "(k.id = mk.keyword_id)",
                                "Rows Removed by Index Recheck": 0,
                                "Filter": "(k.keyword = ANY ('{murder,sequel,violence,marvel-comics,revenge,laser,1970s}'::text[]))",
                                "Rows Removed by Filter": 1,
                                "Exact Heap Blocks": 1081438,
                                "Lossy Heap Blocks": 0,
                                "Plans": [
                                    {
                                        "Node Type": "Bitmap Index Scan",
                                        "Parent Relationship": "Outer",
                                        "Parallel Aware": false,
                                        "Index Name": "keyword_pkey",
                                        "Startup Cost": 0.0,
                                        "Total Cost": 0.43,
                                        "Plan Rows": 1,
                                        "Plan Width": 0,
                                        "Actual Startup Time": 0.002,
                                        "Actual Total Time": 0.002,
                                        "Actual Rows": 1,
                                        "Actual Loops": 1081438,
                                        "Index Cond": "(k.id = mk.keyword_id)"
                                    }
                                ]
                            }
                        ]
                    },
                    {
                        "Node Type": "Bitmap Heap Scan",
                        "Parent Relationship": "Inner",
                        "Parallel Aware": false,
                        "Relation Name": "title",
                        "Schema": "public",
                        "Alias": "t",
                        "Startup Cost": 0.45,
                        "Total Cost": 4.46,
                        "Plan Rows": 1,
                        "Plan Width": 21,
                        "Actual Startup Time": 0.004,
                        "Actual Total Time": 0.004,
                        "Actual Rows": 1,
                        "Actual Loops": 15897,
                        "Output": [
                            "t.id",
                            "t.title",
                            "t.imdb_index",
                            "t.kind_id",
                            "t.production_year",
                            "t.imdb_id",
                            "t.phonetic_code",
                            "t.episode_of_id",
                            "t.season_nr",
                            "t.episode_nr",
                            "t.series_years",
                            "t.md5sum"
                        ],
                        "Recheck Cond": "(t.id = mk.movie_id)",
                        "Rows Removed by Index Recheck": 0,
                        "Exact Heap Blocks": 15897,
                        "Lossy Heap Blocks": 0,
                        "Plans": [
                            {
                                "Node Type": "Bitmap Index Scan",
                                "Parent Relationship": "Outer",
                                "Parallel Aware": false,
                                "Index Name": "title_pkey",
                                "Startup Cost": 0.0,
                                "Total Cost": 0.45,
                                "Plan Rows": 1,
                                "Plan Width": 0,
                                "Actual Startup Time": 0.003,
                                "Actual Total Time": 0.003,
                                "Actual Rows": 1,
                                "Actual Loops": 15897,
                                "Index Cond": "(t.id = mk.movie_id)"
                            }
                        ]
                    }
                ]
            }
        ]
    },
    "Planning Time": 18.976,
    "Triggers": [],
    "Execution Time": 28193.202
}