[
  {
    "Plan": {
      "Node Type": "Aggregate",
      "Strategy": "Plain",
      "Partial Mode": "Finalize",
      "Parallel Aware": false,
      "Startup Cost": 391086.45,
      "Total Cost": 391086.46,
      "Plan Rows": 1,
      "Plan Width": 8,
      "Actual Startup Time": 1869.331,
      "Actual Total Time": 1925.286,
      "Actual Rows": 1,
      "Actual Loops": 1,
      "Plans": [
        {
          "Node Type": "Gather",
          "Parent Relationship": "Outer",
          "Parallel Aware": false,
          "Startup Cost": 391085.83,
          "Total Cost": 391086.44,
          "Plan Rows": 6,
          "Plan Width": 8,
          "Actual Startup Time": 1866.532,
          "Actual Total Time": 1925.275,
          "Actual Rows": 7,
          "Actual Loops": 1,
          "Workers Planned": 6,
          "Workers Launched": 6,
          "Single Copy": false,
          "Plans": [
            {
              "Node Type": "Aggregate",
              "Strategy": "Plain",
              "Partial Mode": "Partial",
              "Parent Relationship": "Outer",
              "Parallel Aware": false,
              "Startup Cost": 390085.83,
              "Total Cost": 390085.84,
              "Plan Rows": 1,
              "Plan Width": 8,
              "Actual Startup Time": 1855.827,
              "Actual Total Time": 1855.831,
              "Actual Rows": 1,
              "Actual Loops": 7,
              "Plans": [
                {
                  "Node Type": "Hash Join",
                  "Parent Relationship": "Outer",
                  "Parallel Aware": true,
                  "Join Type": "Inner",
                  "Startup Cost": 46579.1,
                  "Total Cost": 388295.96,
                  "Plan Rows": 715946,
                  "Plan Width": 0,
                  "Actual Startup Time": 187.696,
                  "Actual Total Time": 1813.672,
                  "Actual Rows": 697805,
                  "Actual Loops": 7,
                  "Inner Unique": true,
                  "Hash Cond": "(ci.movie_id = t.id)",
                  "Plans": [
                    {
                      "Node Type": "Seq Scan",
                      "Parent Relationship": "Outer",
                      "Parallel Aware": true,
                      "Relation Name": "cast_info",
                      "Alias": "ci",
                      "Startup Cost": 0.0,
                      "Total Cost": 328211.39,
                      "Plan Rows": 5144933,
                      "Plan Width": 4,
                      "Actual Startup Time": 70.264,
                      "Actual Total Time": 776.864,
                      "Actual Rows": 4385354,
                      "Actual Loops": 7,
                      "Filter": "(person_id > 535655)",
                      "Rows Removed by Filter": 792409
                    },
                    {
                      "Node Type": "Hash",
                      "Parent Relationship": "Inner",
                      "Parallel Aware": true,
                      "Startup Cost": 45479.59,
                      "Total Cost": 45479.59,
                      "Plan Rows": 87961,
                      "Plan Width": 4,
                      "Actual Startup Time": 115.265,
                      "Actual Total Time": 115.266,
                      "Actual Rows": 53143,
                      "Actual Loops": 7,
                      "Hash Buckets": 524288,
                      "Original Hash Buckets": 524288,
                      "Hash Batches": 1,
                      "Original Hash Batches": 1,
                      "Peak Memory Usage": 18720,
                      "Plans": [
                        {
                          "Node Type": "Seq Scan",
                          "Parent Relationship": "Outer",
                          "Parallel Aware": true,
                          "Relation Name": "title",
                          "Alias": "t",
                          "Startup Cost": 0.0,
                          "Total Cost": 45479.59,
                          "Plan Rows": 87961,
                          "Plan Width": 4,
                          "Actual Startup Time": 0.052,
                          "Actual Total Time": 87.841,
                          "Actual Rows": 53143,
                          "Actual Loops": 7,
                          "Filter": "((kind_id > 3) AND (production_year > 2009))",
                          "Rows Removed by Filter": 308045
                        }
                      ]
                    }
                  ]
                }
              ]
            }
          ]
        }
      ]
    },
    "Planning Time": 0.618,
    "Triggers": [],
    "Execution Time": 1925.342
  }
]