[
  {
    "Plan": {
      "Node Type": "Aggregate",
      "Strategy": "Plain",
      "Partial Mode": "Finalize",
      "Parallel Aware": false,
      "Startup Cost": 332349.27,
      "Total Cost": 332349.28,
      "Plan Rows": 1,
      "Plan Width": 8,
      "Actual Startup Time": 584.398,
      "Actual Total Time": 640.286,
      "Actual Rows": 1,
      "Actual Loops": 1,
      "Plans": [
        {
          "Node Type": "Gather",
          "Parent Relationship": "Outer",
          "Parallel Aware": false,
          "Startup Cost": 332348.65,
          "Total Cost": 332349.26,
          "Plan Rows": 6,
          "Plan Width": 8,
          "Actual Startup Time": 584.245,
          "Actual Total Time": 640.275,
          "Actual Rows": 7,
          "Actual Loops": 1,
          "Workers Planned": 6,
          "Workers Launched": 6,
          "Single Copy": false,
          "Plans": [
            {
              "Node Type": "Aggregate",
              "Strategy": "Plain",
              "Partial Mode": "Partial",
              "Parent Relationship": "Outer",
              "Parallel Aware": false,
              "Startup Cost": 331348.65,
              "Total Cost": 331348.66,
              "Plan Rows": 1,
              "Plan Width": 8,
              "Actual Startup Time": 576.239,
              "Actual Total Time": 576.241,
              "Actual Rows": 1,
              "Actual Loops": 7,
              "Plans": [
                {
                  "Node Type": "Seq Scan",
                  "Parent Relationship": "Outer",
                  "Parallel Aware": true,
                  "Relation Name": "cast_info",
                  "Alias": "ci",
                  "Startup Cost": 0.0,
                  "Total Cost": 328162.03,
                  "Plan Rows": 1274648,
                  "Plan Width": 0,
                  "Actual Startup Time": 317.346,
                  "Actual Total Time": 531.919,
                  "Actual Rows": 1081234,
                  "Actual Loops": 7,
                  "Filter": "(person_id > 2916809)",
                  "Rows Removed by Filter": 4096529
                }
              ]
            }
          ]
        }
      ]
    },
    "Planning Time": 0.205,
    "Triggers": [],
    "Execution Time": 640.363
  }
]