[
  {
    "Plan": {
      "Node Type": "Aggregate",
      "Strategy": "Plain",
      "Partial Mode": "Finalize",
      "Parallel Aware": false,
      "Startup Cost": 316945.3,
      "Total Cost": 316945.31,
      "Plan Rows": 1,
      "Plan Width": 8,
      "Actual Startup Time": 3031.244,
      "Actual Total Time": 3075.496,
      "Actual Rows": 1,
      "Actual Loops": 1,
      "Plans": [
        {
          "Node Type": "Gather",
          "Parent Relationship": "Outer",
          "Parallel Aware": false,
          "Startup Cost": 316944.78,
          "Total Cost": 316945.29,
          "Plan Rows": 5,
          "Plan Width": 8,
          "Actual Startup Time": 3019.49,
          "Actual Total Time": 3075.483,
          "Actual Rows": 6,
          "Actual Loops": 1,
          "Workers Planned": 5,
          "Workers Launched": 5,
          "Single Copy": false,
          "Plans": [
            {
              "Node Type": "Aggregate",
              "Strategy": "Plain",
              "Partial Mode": "Partial",
              "Parent Relationship": "Outer",
              "Parallel Aware": false,
              "Startup Cost": 315944.78,
              "Total Cost": 315944.79,
              "Plan Rows": 1,
              "Plan Width": 8,
              "Actual Startup Time": 2998.332,
              "Actual Total Time": 2998.849,
              "Actual Rows": 1,
              "Actual Loops": 6,
              "Plans": [
                {
                  "Node Type": "Hash Join",
                  "Parent Relationship": "Outer",
                  "Parallel Aware": true,
                  "Join Type": "Inner",
                  "Startup Cost": 100581.62,
                  "Total Cost": 311712.82,
                  "Plan Rows": 1692785,
                  "Plan Width": 0,
                  "Actual Startup Time": 544.632,
                  "Actual Total Time": 2331.724,
                  "Actual Rows": 14000281,
                  "Actual Loops": 6,
                  "Inner Unique": false,
                  "Hash Cond": "(mi.movie_id = t.id)",
                  "Plans": [
                    {
                      "Node Type": "Seq Scan",
                      "Parent Relationship": "Outer",
                      "Parallel Aware": true,
                      "Relation Name": "movie_info",
                      "Alias": "mi",
                      "Startup Cost": 0.0,
                      "Total Cost": 198952.16,
                      "Plan Rows": 1791583,
                      "Plan Width": 4,
                      "Actual Startup Time": 20.07,
                      "Actual Total Time": 371.131,
                      "Actual Rows": 1491793,
                      "Actual Loops": 6,
                      "Filter": "(info_type_id > 6)",
                      "Rows Removed by Filter": 980827
                    },
                    {
                      "Node Type": "Hash",
                      "Parent Relationship": "Inner",
                      "Parallel Aware": true,
                      "Startup Cost": 90949.08,
                      "Total Cost": 90949.08,
                      "Plan Rows": 770603,
                      "Plan Width": 8,
                      "Actual Startup Time": 516.339,
                      "Actual Total Time": 516.854,
                      "Actual Rows": 309318,
                      "Actual Loops": 6,
                      "Hash Buckets": 4194304,
                      "Original Hash Buckets": 4194304,
                      "Hash Batches": 1,
                      "Original Hash Batches": 1,
                      "Peak Memory Usage": 105440,
                      "Plans": [
                        {
                          "Node Type": "Hash Join",
                          "Parent Relationship": "Outer",
                          "Parallel Aware": true,
                          "Join Type": "Inner",
                          "Startup Cost": 48071.0,
                          "Total Cost": 90949.08,
                          "Plan Rows": 770603,
                          "Plan Width": 8,
                          "Actual Startup Time": 209.861,
                          "Actual Total Time": 406.524,
                          "Actual Rows": 309318,
                          "Actual Loops": 6,
                          "Inner Unique": true,
                          "Hash Cond": "(mk.movie_id = t.id)",
                          "Plans": [
                            {
                              "Node Type": "Seq Scan",
                              "Parent Relationship": "Outer",
                              "Parallel Aware": true,
                              "Relation Name": "movie_keyword",
                              "Alias": "mk",
                              "Startup Cost": 0.0,
                              "Total Cost": 39047.32,
                              "Plan Rows": 1459332,
                              "Plan Width": 4,
                              "Actual Startup Time": 0.025,
                              "Actual Total Time": 75.673,
                              "Actual Rows": 753988,
                              "Actual Loops": 6
                            },
                            {
                              "Node Type": "Hash",
                              "Parent Relationship": "Inner",
                              "Parallel Aware": true,
                              "Startup Cost": 43898.92,
                              "Total Cost": 43898.92,
                              "Plan Rows": 333767,
                              "Plan Width": 4,
                              "Actual Startup Time": 206.903,
                              "Actual Total Time": 206.904,
                              "Actual Rows": 220477,
                              "Actual Loops": 6,
                              "Hash Buckets": 2097152,
                              "Original Hash Buckets": 2097152,
                              "Hash Batches": 1,
                              "Original Hash Batches": 1,
                              "Peak Memory Usage": 68256,
                              "Plans": [
                                {
                                  "Node Type": "Seq Scan",
                                  "Parent Relationship": "Outer",
                                  "Parallel Aware": true,
                                  "Relation Name": "title",
                                  "Alias": "t",
                                  "Startup Cost": 0.0,
                                  "Total Cost": 43898.92,
                                  "Plan Rows": 333767,
                                  "Plan Width": 4,
                                  "Actual Startup Time": 0.05,
                                  "Actual Total Time": 93.796,
                                  "Actual Rows": 220477,
                                  "Actual Loops": 6,
                                  "Filter": "(production_year > 2001)",
                                  "Rows Removed by Filter": 200908
                                }
                              ]
                            }
                          ]
                        }
                      ]
                    }
                  ]
                }
              ]
            }
          ]
        }
      ]
    },
    "Planning Time": 1.334,
    "Triggers": [],
    "Execution Time": 3075.585
  }
]