{
    "Plan": {
        "Node Type": "Aggregate",
        "Strategy": "Plain",
        "Partial Mode": "Simple",
        "Parallel Aware": false,
        "Startup Cost": 80112733922.43,
        "Total Cost": 80112733922.44,
        "Plan Rows": 1,
        "Plan Width": 8,
        "Actual Startup Time": 207071.436,
        "Actual Total Time": 207091.18,
        "Actual Rows": 1,
        "Actual Loops": 1,
        "Output": [
            "count(*)"
        ],
        "Plans": [
            {
                "Node Type": "Hash Join",
                "Parent Relationship": "Outer",
                "Parallel Aware": false,
                "Join Type": "Inner",
                "Startup Cost": 80112710132.95,
                "Total Cost": 80112733922.43,
                "Plan Rows": 1,
                "Plan Width": 0,
                "Actual Startup Time": 206918.233,
                "Actual Total Time": 207091.161,
                "Actual Rows": 15,
                "Actual Loops": 1,
                "Inner Unique": false,
                "Hash Cond": "(an.person_id = n.id)",
                "Plans": [
                    {
                        "Node Type": "Seq Scan",
                        "Parent Relationship": "Outer",
                        "Parallel Aware": false,
                        "Relation Name": "aka_name",
                        "Schema": "public",
                        "Alias": "an",
                        "Startup Cost": 0.0,
                        "Total Cost": 20409.43,
                        "Plan Rows": 901343,
                        "Plan Width": 4,
                        "Actual Startup Time": 0.016,
                        "Actual Total Time": 99.809,
                        "Actual Rows": 901343,
                        "Actual Loops": 1,
                        "Output": [
                            "an.id",
                            "an.person_id",
                            "an.name",
                            "an.imdb_index",
                            "an.name_pcode_cf",
                            "an.name_pcode_nf",
                            "an.surname_pcode",
                            "an.md5sum"
                        ]
                    },
                    {
                        "Node Type": "Hash",
                        "Parent Relationship": "Inner",
                        "Parallel Aware": false,
                        "Startup Cost": 80112710132.94,
                        "Total Cost": 80112710132.94,
                        "Plan Rows": 1,
                        "Plan Width": 12,
                        "Actual Startup Time": 206915.25,
                        "Actual Total Time": 206934.985,
                        "Actual Rows": 5,
                        "Actual Loops": 1,
                        "Output": [
                            "ci.person_id",
                            "n.id",
                            "pi.person_id"
                        ],
                        "Hash Buckets": 1024,
                        "Original Hash Buckets": 1024,
                        "Hash Batches": 1,
                        "Original Hash Batches": 1,
                        "Peak Memory Usage": 9,
                        "Plans": [
                            {
                                "Node Type": "Merge Join",
                                "Parent Relationship": "Outer",
                                "Parallel Aware": false,
                                "Join Type": "Inner",
                                "Startup Cost": 80112697478.21,
                                "Total Cost": 80112710132.94,
                                "Plan Rows": 1,
                                "Plan Width": 12,
                                "Actual Startup Time": 206869.159,
                                "Actual Total Time": 206934.962,
                                "Actual Rows": 5,
                                "Actual Loops": 1,
                                "Output": [
                                    "ci.person_id",
                                    "n.id",
                                    "pi.person_id"
                                ],
                                "Inner Unique": false,
                                "Merge Cond": "(cn.id = mc.company_id)",
                                "Plans": [
                                    {
                                        "Node Type": "Index Scan",
                                        "Parent Relationship": "Outer",
                                        "Parallel Aware": false,
                                        "Scan Direction": "Forward",
                                        "Index Name": "company_name_pkey",
                                        "Relation Name": "company_name",
                                        "Schema": "public",
                                        "Alias": "cn",
                                        "Startup Cost": 0.42,
                                        "Total Cost": 12454.44,
                                        "Plan Rows": 84301,
                                        "Plan Width": 4,
                                        "Actual Startup Time": 0.031,
                                        "Actual Total Time": 44.855,
                                        "Actual Rows": 35458,
                                        "Actual Loops": 1,
                                        "Output": [
                                            "cn.id",
                                            "cn.name",
                                            "cn.country_code",
                                            "cn.imdb_id",
                                            "cn.name_pcode_nf",
                                            "cn.name_pcode_sf",
                                            "cn.md5sum"
                                        ],
                                        "Filter": "((cn.country_code)::text = '[us]'::text)",
                                        "Rows Removed by Filter": 59804
                                    },
                                    {
                                        "Node Type": "Sort",
                                        "Parent Relationship": "Inner",
                                        "Parallel Aware": false,
                                        "Startup Cost": 80112697477.79,
                                        "Total Cost": 80112697477.8,
                                        "Plan Rows": 1,
                                        "Plan Width": 16,
                                        "Actual Startup Time": 206868.529,
                                        "Actual Total Time": 206888.265,
                                        "Actual Rows": 22,
                                        "Actual Loops": 1,
                                        "Output": [
                                            "ci.person_id",
                                            "mc.company_id",
                                            "n.id",
                                            "pi.person_id"
                                        ],
                                        "Sort Key": [
                                            "mc.company_id"
                                        ],
                                        "Sort Method": "quicksort",
                                        "Sort Space Used": 26,
                                        "Sort Space Type": "Memory",
                                        "Plans": [
                                            {
                                                "Node Type": "Merge Join",
                                                "Parent Relationship": "Outer",
                                                "Parallel Aware": false,
                                                "Join Type": "Inner",
                                                "Startup Cost": 80112697476.61,
                                                "Total Cost": 80112697477.78,
                                                "Plan Rows": 1,
                                                "Plan Width": 16,
                                                "Actual Startup Time": 206868.516,
                                                "Actual Total Time": 206888.252,
                                                "Actual Rows": 22,
                                                "Actual Loops": 1,
                                                "Output": [
                                                    "ci.person_id",
                                                    "mc.company_id",
                                                    "n.id",
                                                    "pi.person_id"
                                                ],
                                                "Inner Unique": false,
                                                "Merge Cond": "(n.id = ci.person_id)",
                                                "Plans": [
                                                    {
                                                        "Node Type": "Sort",
                                                        "Parent Relationship": "Outer",
                                                        "Parallel Aware": false,
                                                        "Startup Cost": 148589.52,
                                                        "Total Cost": 148590.12,
                                                        "Plan Rows": 238,
                                                        "Plan Width": 8,
                                                        "Actual Startup Time": 588.354,
                                                        "Actual Total Time": 608.036,
                                                        "Actual Rows": 246,
                                                        "Actual Loops": 1,
                                                        "Output": [
                                                            "pi.person_id",
                                                            "n.id"
                                                        ],
                                                        "Sort Key": [
                                                            "pi.person_id"
                                                        ],
                                                        "Sort Method": "quicksort",
                                                        "Sort Space Used": 211,
                                                        "Sort Space Type": "Memory",
                                                        "Plans": [
                                                            {
                                                                "Node Type": "Hash Join",
                                                                "Parent Relationship": "Outer",
                                                                "Parallel Aware": false,
                                                                "Join Type": "Inner",
                                                                "Startup Cost": 148568.33,
                                                                "Total Cost": 148580.13,
                                                                "Plan Rows": 238,
                                                                "Plan Width": 8,
                                                                "Actual Startup Time": 587.541,
                                                                "Actual Total Time": 607.557,
                                                                "Actual Rows": 2448,
                                                                "Actual Loops": 1,
                                                                "Output": [
                                                                    "pi.person_id",
                                                                    "n.id"
                                                                ],
                                                                "Inner Unique": false,
                                                                "Hash Cond": "(it3.id = pi.info_type_id)",
                                                                "Plans": [
                                                                    {
                                                                        "Node Type": "Seq Scan",
                                                                        "Parent Relationship": "Outer",
                                                                        "Parallel Aware": false,
                                                                        "Relation Name": "info_type",
                                                                        "Schema": "public",
                                                                        "Alias": "it3",
                                                                        "Startup Cost": 0.0,
                                                                        "Total Cost": 2.41,
                                                                        "Plan Rows": 1,
                                                                        "Plan Width": 4,
                                                                        "Actual Startup Time": 0.011,
                                                                        "Actual Total Time": 0.043,
                                                                        "Actual Rows": 1,
                                                                        "Actual Loops": 1,
                                                                        "Output": [
                                                                            "it3.id",
                                                                            "it3.info"
                                                                        ],
                                                                        "Filter": "((it3.info)::text = 'height'::text)",
                                                                        "Rows Removed by Filter": 112
                                                                    },
                                                                    {
                                                                        "Node Type": "Hash",
                                                                        "Parent Relationship": "Inner",
                                                                        "Parallel Aware": false,
                                                                        "Startup Cost": 148232.27,
                                                                        "Total Cost": 148232.27,
                                                                        "Plan Rows": 26885,
                                                                        "Plan Width": 12,
                                                                        "Actual Startup Time": 587.483,
                                                                        "Actual Total Time": 607.135,
                                                                        "Actual Rows": 46248,
                                                                        "Actual Loops": 1,
                                                                        "Output": [
                                                                            "n.id",
                                                                            "pi.person_id",
                                                                            "pi.info_type_id"
                                                                        ],
                                                                        "Hash Buckets": 65536,
                                                                        "Original Hash Buckets": 32768,
                                                                        "Hash Batches": 1,
                                                                        "Original Hash Batches": 1,
                                                                        "Peak Memory Usage": 2500,
                                                                        "Plans": [
                                                                            {
                                                                                "Node Type": "Gather",
                                                                                "Parent Relationship": "Outer",
                                                                                "Parallel Aware": false,
                                                                                "Startup Cost": 68720.8,
                                                                                "Total Cost": 148232.27,
                                                                                "Plan Rows": 26885,
                                                                                "Plan Width": 12,
                                                                                "Actual Startup Time": 451.831,
                                                                                "Actual Total Time": 601.82,
                                                                                "Actual Rows": 46248,
                                                                                "Actual Loops": 1,
                                                                                "Output": [
                                                                                    "n.id",
                                                                                    "pi.person_id",
                                                                                    "pi.info_type_id"
                                                                                ],
                                                                                "Workers Planned": 4,
                                                                                "Workers Launched": 4,
                                                                                "Single Copy": false,
                                                                                "Plans": [
                                                                                    {
                                                                                        "Node Type": "Hash Join",
                                                                                        "Parent Relationship": "Outer",
                                                                                        "Parallel Aware": true,
                                                                                        "Join Type": "Inner",
                                                                                        "Startup Cost": 67720.8,
                                                                                        "Total Cost": 144543.77,
                                                                                        "Plan Rows": 6721,
                                                                                        "Plan Width": 12,
                                                                                        "Actual Startup Time": 438.746,
                                                                                        "Actual Total Time": 558.38,
                                                                                        "Actual Rows": 9250,
                                                                                        "Actual Loops": 5,
                                                                                        "Output": [
                                                                                            "n.id",
                                                                                            "pi.person_id",
                                                                                            "pi.info_type_id"
                                                                                        ],
                                                                                        "Inner Unique": false,
                                                                                        "Hash Cond": "(n.id = pi.person_id)",
                                                                                        "Workers": [
                                                                                            {
                                                                                                "Worker Number": 0,
                                                                                                "Actual Startup Time": 435.32,
                                                                                                "Actual Total Time": 559.539,
                                                                                                "Actual Rows": 9113,
                                                                                                "Actual Loops": 1
                                                                                            },
                                                                                            {
                                                                                                "Worker Number": 1,
                                                                                                "Actual Startup Time": 435.32,
                                                                                                "Actual Total Time": 555.882,
                                                                                                "Actual Rows": 8615,
                                                                                                "Actual Loops": 1
                                                                                            },
                                                                                            {
                                                                                                "Worker Number": 2,
                                                                                                "Actual Startup Time": 436.182,
                                                                                                "Actual Total Time": 556.735,
                                                                                                "Actual Rows": 8593,
                                                                                                "Actual Loops": 1
                                                                                            },
                                                                                            {
                                                                                                "Worker Number": 3,
                                                                                                "Actual Startup Time": 435.5,
                                                                                                "Actual Total Time": 555.985,
                                                                                                "Actual Rows": 9039,
                                                                                                "Actual Loops": 1
                                                                                            }
                                                                                        ],
                                                                                        "Plans": [
                                                                                            {
                                                                                                "Node Type": "Seq Scan",
                                                                                                "Parent Relationship": "Outer",
                                                                                                "Parallel Aware": true,
                                                                                                "Relation Name": "name",
                                                                                                "Schema": "public",
                                                                                                "Alias": "n",
                                                                                                "Startup Cost": 0.0,
                                                                                                "Total Cost": 71241.31,
                                                                                                "Plan Rows": 9452,
                                                                                                "Plan Width": 4,
                                                                                                "Actual Startup Time": 75.92,
                                                                                                "Actual Total Time": 181.793,
                                                                                                "Actual Rows": 10002,
                                                                                                "Actual Loops": 5,
                                                                                                "Output": [
                                                                                                    "n.id",
                                                                                                    "n.name",
                                                                                                    "n.imdb_index",
                                                                                                    "n.imdb_id",
                                                                                                    "n.gender",
                                                                                                    "n.name_pcode_cf",
                                                                                                    "n.name_pcode_nf",
                                                                                                    "n.surname_pcode",
                                                                                                    "n.md5sum"
                                                                                                ],
                                                                                                "Filter": "((n.name ~~ '%An%'::text) AND ((n.gender)::text = 'f'::text))",
                                                                                                "Rows Removed by Filter": 823496,
                                                                                                "Workers": [
                                                                                                    {
                                                                                                        "Worker Number": 0,
                                                                                                        "Actual Startup Time": 76.023,
                                                                                                        "Actual Total Time": 183.481,
                                                                                                        "Actual Rows": 9507,
                                                                                                        "Actual Loops": 1
                                                                                                    },
                                                                                                    {
                                                                                                        "Worker Number": 1,
                                                                                                        "Actual Startup Time": 75.876,
                                                                                                        "Actual Total Time": 183.556,
                                                                                                        "Actual Rows": 9383,
                                                                                                        "Actual Loops": 1
                                                                                                    },
                                                                                                    {
                                                                                                        "Worker Number": 2,
                                                                                                        "Actual Startup Time": 75.842,
                                                                                                        "Actual Total Time": 183.109,
                                                                                                        "Actual Rows": 9520,
                                                                                                        "Actual Loops": 1
                                                                                                    },
                                                                                                    {
                                                                                                        "Worker Number": 3,
                                                                                                        "Actual Startup Time": 75.858,
                                                                                                        "Actual Total Time": 183.485,
                                                                                                        "Actual Rows": 9429,
                                                                                                        "Actual Loops": 1
                                                                                                    }
                                                                                                ]
                                                                                            },
                                                                                            {
                                                                                                "Node Type": "Hash",
                                                                                                "Parent Relationship": "Inner",
                                                                                                "Parallel Aware": true,
                                                                                                "Startup Cost": 58459.8,
                                                                                                "Total Cost": 58459.8,
                                                                                                "Plan Rows": 740880,
                                                                                                "Plan Width": 8,
                                                                                                "Actual Startup Time": 356.001,
                                                                                                "Actual Total Time": 356.002,
                                                                                                "Actual Rows": 592733,
                                                                                                "Actual Loops": 5,
                                                                                                "Output": [
                                                                                                    "pi.person_id",
                                                                                                    "pi.info_type_id"
                                                                                                ],
                                                                                                "Hash Buckets": 4194304,
                                                                                                "Original Hash Buckets": 4194304,
                                                                                                "Hash Batches": 1,
                                                                                                "Original Hash Batches": 1,
                                                                                                "Peak Memory Usage": 148768,
                                                                                                "Workers": [
                                                                                                    {
                                                                                                        "Worker Number": 0,
                                                                                                        "Actual Startup Time": 358.457,
                                                                                                        "Actual Total Time": 358.458,
                                                                                                        "Actual Rows": 536481,
                                                                                                        "Actual Loops": 1
                                                                                                    },
                                                                                                    {
                                                                                                        "Worker Number": 1,
                                                                                                        "Actual Startup Time": 358.461,
                                                                                                        "Actual Total Time": 358.462,
                                                                                                        "Actual Rows": 536593,
                                                                                                        "Actual Loops": 1
                                                                                                    },
                                                                                                    {
                                                                                                        "Worker Number": 2,
                                                                                                        "Actual Startup Time": 359.707,
                                                                                                        "Actual Total Time": 359.708,
                                                                                                        "Actual Rows": 468008,
                                                                                                        "Actual Loops": 1
                                                                                                    },
                                                                                                    {
                                                                                                        "Worker Number": 3,
                                                                                                        "Actual Startup Time": 358.613,
                                                                                                        "Actual Total Time": 358.614,
                                                                                                        "Actual Rows": 531462,
                                                                                                        "Actual Loops": 1
                                                                                                    }
                                                                                                ],
                                                                                                "Plans": [
                                                                                                    {
                                                                                                        "Node Type": "Seq Scan",
                                                                                                        "Parent Relationship": "Outer",
                                                                                                        "Parallel Aware": true,
                                                                                                        "Relation Name": "person_info",
                                                                                                        "Schema": "public",
                                                                                                        "Alias": "pi",
                                                                                                        "Startup Cost": 0.0,
                                                                                                        "Total Cost": 58459.8,
                                                                                                        "Plan Rows": 740880,
                                                                                                        "Plan Width": 8,
                                                                                                        "Actual Startup Time": 0.057,
                                                                                                        "Actual Total Time": 143.717,
                                                                                                        "Actual Rows": 592733,
                                                                                                        "Actual Loops": 5,
                                                                                                        "Output": [
                                                                                                            "pi.person_id",
                                                                                                            "pi.info_type_id"
                                                                                                        ],
                                                                                                        "Workers": [
                                                                                                            {
                                                                                                                "Worker Number": 0,
                                                                                                                "Actual Startup Time": 0.062,
                                                                                                                "Actual Total Time": 146.086,
                                                                                                                "Actual Rows": 536481,
                                                                                                                "Actual Loops": 1
                                                                                                            },
                                                                                                            {
                                                                                                                "Worker Number": 1,
                                                                                                                "Actual Startup Time": 0.07,
                                                                                                                "Actual Total Time": 146.151,
                                                                                                                "Actual Rows": 536593,
                                                                                                                "Actual Loops": 1
                                                                                                            },
                                                                                                            {
                                                                                                                "Worker Number": 2,
                                                                                                                "Actual Startup Time": 0.044,
                                                                                                                "Actual Total Time": 150.001,
                                                                                                                "Actual Rows": 468008,
                                                                                                                "Actual Loops": 1
                                                                                                            },
                                                                                                            {
                                                                                                                "Worker Number": 3,
                                                                                                                "Actual Startup Time": 0.088,
                                                                                                                "Actual Total Time": 146.423,
                                                                                                                "Actual Rows": 531462,
                                                                                                                "Actual Loops": 1
                                                                                                            }
                                                                                                        ]
                                                                                                    }
                                                                                                ]
                                                                                            }
                                                                                        ]
                                                                                    }
                                                                                ]
                                                                            }
                                                                        ]
                                                                    }
                                                                ]
                                                            }
                                                        ]
                                                    },
                                                    {
                                                        "Node Type": "Sort",
                                                        "Parent Relationship": "Inner",
                                                        "Parallel Aware": false,
                                                        "Startup Cost": 80112548887.09,
                                                        "Total Cost": 80112548887.09,
                                                        "Plan Rows": 1,
                                                        "Plan Width": 8,
                                                        "Actual Startup Time": 206280.119,
                                                        "Actual Total Time": 206280.185,
                                                        "Actual Rows": 22,
                                                        "Actual Loops": 1,
                                                        "Output": [
                                                            "ci.person_id",
                                                            "mc.company_id"
                                                        ],
                                                        "Sort Key": [
                                                            "ci.person_id"
                                                        ],
                                                        "Sort Method": "quicksort",
                                                        "Sort Space Used": 26,
                                                        "Sort Space Type": "Memory",
                                                        "Plans": [
                                                            {
                                                                "Node Type": "Merge Join",
                                                                "Parent Relationship": "Outer",
                                                                "Parallel Aware": false,
                                                                "Join Type": "Inner",
                                                                "Startup Cost": 80112548874.99,
                                                                "Total Cost": 80112548887.08,
                                                                "Plan Rows": 1,
                                                                "Plan Width": 8,
                                                                "Actual Startup Time": 206280.096,
                                                                "Actual Total Time": 206280.164,
                                                                "Actual Rows": 22,
                                                                "Actual Loops": 1,
                                                                "Output": [
                                                                    "ci.person_id",
                                                                    "mc.company_id"
                                                                ],
                                                                "Inner Unique": true,
                                                                "Merge Cond": "(cc.subject_id = cct1.id)",
                                                                "Plans": [
                                                                    {
                                                                        "Node Type": "Sort",
                                                                        "Parent Relationship": "Outer",
                                                                        "Parallel Aware": false,
                                                                        "Startup Cost": 80112548874.86,
                                                                        "Total Cost": 80112548874.86,
                                                                        "Plan Rows": 1,
                                                                        "Plan Width": 12,
                                                                        "Actual Startup Time": 206280.065,
                                                                        "Actual Total Time": 206280.129,
                                                                        "Actual Rows": 22,
                                                                        "Actual Loops": 1,
                                                                        "Output": [
                                                                            "cc.subject_id",
                                                                            "ci.person_id",
                                                                            "mc.company_id"
                                                                        ],
                                                                        "Sort Key": [
                                                                            "cc.subject_id"
                                                                        ],
                                                                        "Sort Method": "quicksort",
                                                                        "Sort Space Used": 26,
                                                                        "Sort Space Type": "Memory",
                                                                        "Plans": [
                                                                            {
                                                                                "Node Type": "Hash Join",
                                                                                "Parent Relationship": "Outer",
                                                                                "Parallel Aware": false,
                                                                                "Join Type": "Inner",
                                                                                "Startup Cost": 80112548872.42,
                                                                                "Total Cost": 80112548874.85,
                                                                                "Plan Rows": 1,
                                                                                "Plan Width": 12,
                                                                                "Actual Startup Time": 206280.029,
                                                                                "Actual Total Time": 206280.115,
                                                                                "Actual Rows": 22,
                                                                                "Actual Loops": 1,
                                                                                "Output": [
                                                                                    "cc.subject_id",
                                                                                    "ci.person_id",
                                                                                    "mc.company_id"
                                                                                ],
                                                                                "Inner Unique": false,
                                                                                "Hash Cond": "(it.id = mi.info_type_id)",
                                                                                "Plans": [
                                                                                    {
                                                                                        "Node Type": "Seq Scan",
                                                                                        "Parent Relationship": "Outer",
                                                                                        "Parallel Aware": false,
                                                                                        "Relation Name": "info_type",
                                                                                        "Schema": "public",
                                                                                        "Alias": "it",
                                                                                        "Startup Cost": 10000000000.0,
                                                                                        "Total Cost": 10000000002.41,
                                                                                        "Plan Rows": 1,
                                                                                        "Plan Width": 4,
                                                                                        "Actual Startup Time": 0.018,
                                                                                        "Actual Total Time": 0.04,
                                                                                        "Actual Rows": 1,
                                                                                        "Actual Loops": 1,
                                                                                        "Output": [
                                                                                            "it.id",
                                                                                            "it.info"
                                                                                        ],
                                                                                        "Filter": "((it.info)::text = 'release dates'::text)",
                                                                                        "Rows Removed by Filter": 112
                                                                                    },
                                                                                    {
                                                                                        "Node Type": "Hash",
                                                                                        "Parent Relationship": "Inner",
                                                                                        "Parallel Aware": false,
                                                                                        "Startup Cost": 70112548872.41,
                                                                                        "Total Cost": 70112548872.41,
                                                                                        "Plan Rows": 1,
                                                                                        "Plan Width": 16,
                                                                                        "Actual Startup Time": 206279.993,
                                                                                        "Actual Total Time": 206280.053,
                                                                                        "Actual Rows": 22,
                                                                                        "Actual Loops": 1,
                                                                                        "Output": [
                                                                                            "cc.subject_id",
                                                                                            "ci.person_id",
                                                                                            "mc.company_id",
                                                                                            "mi.info_type_id"
                                                                                        ],
                                                                                        "Hash Buckets": 1024,
                                                                                        "Original Hash Buckets": 1024,
                                                                                        "Hash Batches": 1,
                                                                                        "Original Hash Batches": 1,
                                                                                        "Peak Memory Usage": 10,
                                                                                        "Plans": [
                                                                                            {
                                                                                                "Node Type": "Merge Join",
                                                                                                "Parent Relationship": "Outer",
                                                                                                "Parallel Aware": false,
                                                                                                "Join Type": "Inner",
                                                                                                "Startup Cost": 70112412306.62,
                                                                                                "Total Cost": 70112548872.41,
                                                                                                "Plan Rows": 1,
                                                                                                "Plan Width": 16,
                                                                                                "Actual Startup Time": 204983.33,
                                                                                                "Actual Total Time": 206280.029,
                                                                                                "Actual Rows": 22,
                                                                                                "Actual Loops": 1,
                                                                                                "Output": [
                                                                                                    "cc.subject_id",
                                                                                                    "ci.person_id",
                                                                                                    "mc.company_id",
                                                                                                    "mi.info_type_id"
                                                                                                ],
                                                                                                "Inner Unique": false,
                                                                                                "Merge Cond": "(chn.id = ci.person_role_id)",
                                                                                                "Plans": [
                                                                                                    {
                                                                                                        "Node Type": "Index Scan",
                                                                                                        "Parent Relationship": "Outer",
                                                                                                        "Parallel Aware": false,
                                                                                                        "Scan Direction": "Forward",
                                                                                                        "Index Name": "char_name_pkey",
                                                                                                        "Relation Name": "char_name",
                                                                                                        "Schema": "public",
                                                                                                        "Alias": "chn",
                                                                                                        "Startup Cost": 0.43,
                                                                                                        "Total Cost": 136566.2,
                                                                                                        "Plan Rows": 1,
                                                                                                        "Plan Width": 4,
                                                                                                        "Actual Startup Time": 57.555,
                                                                                                        "Actual Total Time": 1354.188,
                                                                                                        "Actual Rows": 1,
                                                                                                        "Actual Loops": 1,
                                                                                                        "Output": [
                                                                                                            "chn.id",
                                                                                                            "chn.name",
                                                                                                            "chn.imdb_index",
                                                                                                            "chn.imdb_id",
                                                                                                            "chn.name_pcode_nf",
                                                                                                            "chn.surname_pcode",
                                                                                                            "chn.md5sum"
                                                                                                        ],
                                                                                                        "Filter": "(chn.name = 'Queen'::text)",
                                                                                                        "Rows Removed by Filter": 3140338
                                                                                                    },
                                                                                                    {
                                                                                                        "Node Type": "Sort",
                                                                                                        "Parent Relationship": "Inner",
                                                                                                        "Parallel Aware": false,
                                                                                                        "Startup Cost": 70112412306.19,
                                                                                                        "Total Cost": 70112412306.19,
                                                                                                        "Plan Rows": 1,
                                                                                                        "Plan Width": 20,
                                                                                                        "Actual Startup Time": 204925.769,
                                                                                                        "Actual Total Time": 204925.828,
                                                                                                        "Actual Rows": 23,
                                                                                                        "Actual Loops": 1,
                                                                                                        "Output": [
                                                                                                            "cc.subject_id",
                                                                                                            "ci.person_id",
                                                                                                            "ci.person_role_id",
                                                                                                            "mc.company_id",
                                                                                                            "mi.info_type_id"
                                                                                                        ],
                                                                                                        "Sort Key": [
                                                                                                            "ci.person_role_id"
                                                                                                        ],
                                                                                                        "Sort Method": "quicksort",
                                                                                                        "Sort Space Used": 43,
                                                                                                        "Sort Space Type": "Memory",
                                                                                                        "Plans": [
                                                                                                            {
                                                                                                                "Node Type": "Hash Join",
                                                                                                                "Parent Relationship": "Outer",
                                                                                                                "Parallel Aware": false,
                                                                                                                "Join Type": "Inner",
                                                                                                                "Startup Cost": 70110199445.93,
                                                                                                                "Total Cost": 70112412306.18,
                                                                                                                "Plan Rows": 1,
                                                                                                                "Plan Width": 20,
                                                                                                                "Actual Startup Time": 200347.187,
                                                                                                                "Actual Total Time": 204925.756,
                                                                                                                "Actual Rows": 242,
                                                                                                                "Actual Loops": 1,
                                                                                                                "Output": [
                                                                                                                    "cc.subject_id",
                                                                                                                    "ci.person_id",
                                                                                                                    "ci.person_role_id",
                                                                                                                    "mc.company_id",
                                                                                                                    "mi.info_type_id"
                                                                                                                ],
                                                                                                                "Inner Unique": false,
                                                                                                                "Hash Cond": "(mi.movie_id = t.id)",
                                                                                                                "Plans": [
                                                                                                                    {
                                                                                                                        "Node Type": "Hash Join",
                                                                                                                        "Parent Relationship": "Outer",
                                                                                                                        "Parallel Aware": false,
                                                                                                                        "Join Type": "Inner",
                                                                                                                        "Startup Cost": 50110070067.33,
                                                                                                                        "Total Cost": 50112282927.51,
                                                                                                                        "Plan Rows": 16,
                                                                                                                        "Plan Width": 32,
                                                                                                                        "Actual Startup Time": 186180.659,
                                                                                                                        "Actual Total Time": 203726.269,
                                                                                                                        "Actual Rows": 32163,
                                                                                                                        "Actual Loops": 1,
                                                                                                                        "Output": [
                                                                                                                            "ci.movie_id",
                                                                                                                            "ci.person_id",
                                                                                                                            "ci.person_role_id",
                                                                                                                            "mc.movie_id",
                                                                                                                            "mc.company_id",
                                                                                                                            "mi.movie_id",
                                                                                                                            "mi.info_type_id",
                                                                                                                            "mk.movie_id"
                                                                                                                        ],
                                                                                                                        "Inner Unique": false,
                                                                                                                        "Hash Cond": "(ci.role_id = rt.id)",
                                                                                                                        "Plans": [
                                                                                                                            {
                                                                                                                                "Node Type": "Merge Join",
                                                                                                                                "Parent Relationship": "Outer",
                                                                                                                                "Parallel Aware": false,
                                                                                                                                "Join Type": "Inner",
                                                                                                                                "Startup Cost": 40110070066.17,
                                                                                                                                "Total Cost": 40112282925.48,
                                                                                                                                "Plan Rows": 188,
                                                                                                                                "Plan Width": 36,
                                                                                                                                "Actual Startup Time": 178332.457,
                                                                                                                                "Actual Total Time": 203717.723,
                                                                                                                                "Actual Rows": 115426,
                                                                                                                                "Actual Loops": 1,
                                                                                                                                "Output": [
                                                                                                                                    "ci.movie_id",
                                                                                                                                    "ci.person_id",
                                                                                                                                    "ci.role_id",
                                                                                                                                    "ci.person_role_id",
                                                                                                                                    "mc.movie_id",
                                                                                                                                    "mc.company_id",
                                                                                                                                    "mi.movie_id",
                                                                                                                                    "mi.info_type_id",
                                                                                                                                    "mk.movie_id"
                                                                                                                                ],
                                                                                                                                "Inner Unique": false,
                                                                                                                                "Merge Cond": "(ci.movie_id = mi.movie_id)",
                                                                                                                                "Plans": [
                                                                                                                                    {
                                                                                                                                        "Node Type": "Index Scan",
                                                                                                                                        "Parent Relationship": "Outer",
                                                                                                                                        "Parallel Aware": false,
                                                                                                                                        "Scan Direction": "Forward",
                                                                                                                                        "Index Name": "movie_id_cast_info",
                                                                                                                                        "Relation Name": "cast_info",
                                                                                                                                        "Schema": "public",
                                                                                                                                        "Alias": "ci",
                                                                                                                                        "Startup Cost": 0.56,
                                                                                                                                        "Total Cost": 2210857.6,
                                                                                                                                        "Plan Rows": 799978,
                                                                                                                                        "Plan Width": 16,
                                                                                                                                        "Actual Startup Time": 1.057,
                                                                                                                                        "Actual Total Time": 30719.745,
                                                                                                                                        "Actual Rows": 834754,
                                                                                                                                        "Actual Loops": 1,
                                                                                                                                        "Output": [
                                                                                                                                            "ci.id",
                                                                                                                                            "ci.person_id",
                                                                                                                                            "ci.movie_id",
                                                                                                                                            "ci.person_role_id",
                                                                                                                                            "ci.note",
                                                                                                                                            "ci.nr_order",
                                                                                                                                            "ci.role_id"
                                                                                                                                        ],
                                                                                                                                        "Filter": "(ci.note = ANY ('{(voice),\"(voice) (uncredited)\",\"(voice: English version)\"}'::text[]))",
                                                                                                                                        "Rows Removed by Filter": 35241933
                                                                                                                                    },
                                                                                                                                    {
                                                                                                                                        "Node Type": "Sort",
                                                                                                                                        "Parent Relationship": "Inner",
                                                                                                                                        "Parallel Aware": false,
                                                                                                                                        "Startup Cost": 40110070065.6,
                                                                                                                                        "Total Cost": 40110070066.03,
                                                                                                                                        "Plan Rows": 173,
                                                                                                                                        "Plan Width": 20,
                                                                                                                                        "Actual Startup Time": 172932.301,
                                                                                                                                        "Actual Total Time": 172936.345,
                                                                                                                                        "Actual Rows": 115867,
                                                                                                                                        "Actual Loops": 1,
                                                                                                                                        "Output": [
                                                                                                                                            "mk.movie_id",
                                                                                                                                            "mc.movie_id",
                                                                                                                                            "mc.company_id",
                                                                                                                                            "mi.movie_id",
                                                                                                                                            "mi.info_type_id"
                                                                                                                                        ],
                                                                                                                                        "Sort Key": [
                                                                                                                                            "mk.movie_id"
                                                                                                                                        ],
                                                                                                                                        "Sort Method": "quicksort",
                                                                                                                                        "Sort Space Used": 415,
                                                                                                                                        "Sort Space Type": "Memory",
                                                                                                                                        "Plans": [
                                                                                                                                            {
                                                                                                                                                "Node Type": "Hash Join",
                                                                                                                                                "Parent Relationship": "Outer",
                                                                                                                                                "Parallel Aware": false,
                                                                                                                                                "Join Type": "Inner",
                                                                                                                                                "Startup Cost": 40001331054.71,
                                                                                                                                                "Total Cost": 40110070059.17,
                                                                                                                                                "Plan Rows": 173,
                                                                                                                                                "Plan Width": 20,
                                                                                                                                                "Actual Startup Time": 7512.311,
                                                                                                                                                "Actual Total Time": 172930.829,
                                                                                                                                                "Actual Rows": 4078,
                                                                                                                                                "Actual Loops": 1,
                                                                                                                                                "Output": [
                                                                                                                                                    "mk.movie_id",
                                                                                                                                                    "mc.movie_id",
                                                                                                                                                    "mc.company_id",
                                                                                                                                                    "mi.movie_id",
                                                                                                                                                    "mi.info_type_id"
                                                                                                                                                ],
                                                                                                                                                "Inner Unique": false,
                                                                                                                                                "Hash Cond": "(mc.movie_id = mi.movie_id)",
                                                                                                                                                "Plans": [
                                                                                                                                                    {
                                                                                                                                                        "Node Type": "Nested Loop",
                                                                                                                                                        "Parent Relationship": "Outer",
                                                                                                                                                        "Parallel Aware": false,
                                                                                                                                                        "Join Type": "Inner",
                                                                                                                                                        "Startup Cost": 30000978889.02,
                                                                                                                                                        "Total Cost": 30109716653.76,
                                                                                                                                                        "Plan Rows": 183,
                                                                                                                                                        "Plan Width": 12,
                                                                                                                                                        "Actual Startup Time": 3651.303,
                                                                                                                                                        "Actual Total Time": 171219.286,
                                                                                                                                                        "Actual Rows": 3218,
                                                                                                                                                        "Actual Loops": 1,
                                                                                                                                                        "Output": [
                                                                                                                                                            "mk.movie_id",
                                                                                                                                                            "mc.movie_id",
                                                                                                                                                            "mc.company_id"
                                                                                                                                                        ],
                                                                                                                                                        "Inner Unique": true,
                                                                                                                                                        "Plans": [
                                                                                                                                                            {
                                                                                                                                                                "Node Type": "Merge Join",
                                                                                                                                                                "Parent Relationship": "Outer",
                                                                                                                                                                "Parallel Aware": false,
                                                                                                                                                                "Join Type": "Inner",
                                                                                                                                                                "Startup Cost": 20000978888.59,
                                                                                                                                                                "Total Cost": 20001367273.08,
                                                                                                                                                                "Plan Rows": 24385467,
                                                                                                                                                                "Plan Width": 16,
                                                                                                                                                                "Actual Startup Time": 3343.391,
                                                                                                                                                                "Actual Total Time": 18260.934,
                                                                                                                                                                "Actual Rows": 34863638,
                                                                                                                                                                "Actual Loops": 1,
                                                                                                                                                                "Output": [
                                                                                                                                                                    "mc.movie_id",
                                                                                                                                                                    "mc.company_id",
                                                                                                                                                                    "mk.movie_id",
                                                                                                                                                                    "mk.keyword_id"
                                                                                                                                                                ],
                                                                                                                                                                "Inner Unique": false,
                                                                                                                                                                "Merge Cond": "(mk.movie_id = mc.movie_id)",
                                                                                                                                                                "Plans": [
                                                                                                                                                                    {
                                                                                                                                                                        "Node Type": "Sort",
                                                                                                                                                                        "Parent Relationship": "Outer",
                                                                                                                                                                        "Parallel Aware": false,
                                                                                                                                                                        "Startup Cost": 10000569794.43,
                                                                                                                                                                        "Total Cost": 10000581104.25,
                                                                                                                                                                        "Plan Rows": 4523930,
                                                                                                                                                                        "Plan Width": 8,
                                                                                                                                                                        "Actual Startup Time": 1106.593,
                                                                                                                                                                        "Actual Total Time": 1830.637,
                                                                                                                                                                        "Actual Rows": 4523914,
                                                                                                                                                                        "Actual Loops": 1,
                                                                                                                                                                        "Output": [
                                                                                                                                                                            "mk.movie_id",
                                                                                                                                                                            "mk.keyword_id"
                                                                                                                                                                        ],
                                                                                                                                                                        "Sort Key": [
                                                                                                                                                                            "mk.movie_id"
                                                                                                                                                                        ],
                                                                                                                                                                        "Sort Method": "quicksort",
                                                                                                                                                                        "Sort Space Used": 408668,
                                                                                                                                                                        "Sort Space Type": "Memory",
                                                                                                                                                                        "Plans": [
                                                                                                                                                                            {
                                                                                                                                                                                "Node Type": "Seq Scan",
                                                                                                                                                                                "Parent Relationship": "Outer",
                                                                                                                                                                                "Parallel Aware": false,
                                                                                                                                                                                "Relation Name": "movie_keyword",
                                                                                                                                                                                "Schema": "public",
                                                                                                                                                                                "Alias": "mk",
                                                                                                                                                                                "Startup Cost": 10000000000.0,
                                                                                                                                                                                "Total Cost": 10000069693.3,
                                                                                                                                                                                "Plan Rows": 4523930,
                                                                                                                                                                                "Plan Width": 8,
                                                                                                                                                                                "Actual Startup Time": 0.021,
                                                                                                                                                                                "Actual Total Time": 419.222,
                                                                                                                                                                                "Actual Rows": 4523930,
                                                                                                                                                                                "Actual Loops": 1,
                                                                                                                                                                                "Output": [
                                                                                                                                                                                    "mk.movie_id",
                                                                                                                                                                                    "mk.keyword_id"
                                                                                                                                                                                ]
                                                                                                                                                                            }
                                                                                                                                                                        ]
                                                                                                                                                                    },
                                                                                                                                                                    {
                                                                                                                                                                        "Node Type": "Sort",
                                                                                                                                                                        "Parent Relationship": "Inner",
                                                                                                                                                                        "Parallel Aware": false,
                                                                                                                                                                        "Startup Cost": 10000409085.91,
                                                                                                                                                                        "Total Cost": 10000415608.74,
                                                                                                                                                                        "Plan Rows": 2609129,
                                                                                                                                                                        "Plan Width": 8,
                                                                                                                                                                        "Actual Startup Time": 2236.777,
                                                                                                                                                                        "Actual Total Time": 9336.586,
                                                                                                                                                                        "Actual Rows": 36211384,
                                                                                                                                                                        "Actual Loops": 1,
                                                                                                                                                                        "Output": [
                                                                                                                                                                            "mc.movie_id",
                                                                                                                                                                            "mc.company_id"
                                                                                                                                                                        ],
                                                                                                                                                                        "Sort Key": [
                                                                                                                                                                            "mc.movie_id"
                                                                                                                                                                        ],
                                                                                                                                                                        "Sort Method": "quicksort",
                                                                                                                                                                        "Sort Space Used": 220607,
                                                                                                                                                                        "Sort Space Type": "Memory",
                                                                                                                                                                        "Plans": [
                                                                                                                                                                            {
                                                                                                                                                                                "Node Type": "Index Scan",
                                                                                                                                                                                "Parent Relationship": "Outer",
                                                                                                                                                                                "Parallel Aware": false,
                                                                                                                                                                                "Scan Direction": "Forward",
                                                                                                                                                                                "Index Name": "company_id_movie_companies",
                                                                                                                                                                                "Relation Name": "movie_companies",
                                                                                                                                                                                "Schema": "public",
                                                                                                                                                                                "Alias": "mc",
                                                                                                                                                                                "Startup Cost": 10000000000.43,
                                                                                                                                                                                "Total Cost": 10000131016.21,
                                                                                                                                                                                "Plan Rows": 2609129,
                                                                                                                                                                                "Plan Width": 8,
                                                                                                                                                                                "Actual Startup Time": 0.041,
                                                                                                                                                                                "Actual Total Time": 1666.488,
                                                                                                                                                                                "Actual Rows": 2609129,
                                                                                                                                                                                "Actual Loops": 1,
                                                                                                                                                                                "Output": [
                                                                                                                                                                                    "mc.movie_id",
                                                                                                                                                                                    "mc.company_id"
                                                                                                                                                                                ]
                                                                                                                                                                            }
                                                                                                                                                                        ]
                                                                                                                                                                    }
                                                                                                                                                                ]
                                                                                                                                                            },
                                                                                                                                                            {
                                                                                                                                                                "Node Type": "Bitmap Heap Scan",
                                                                                                                                                                "Parent Relationship": "Inner",
                                                                                                                                                                "Parallel Aware": false,
                                                                                                                                                                "Relation Name": "keyword",
                                                                                                                                                                "Schema": "public",
                                                                                                                                                                "Alias": "k",
                                                                                                                                                                "Startup Cost": 0.43,
                                                                                                                                                                "Total Cost": 4.44,
                                                                                                                                                                "Plan Rows": 1,
                                                                                                                                                                "Plan Width": 4,
                                                                                                                                                                "Actual Startup Time": 0.003,
                                                                                                                                                                "Actual Total Time": 0.003,
                                                                                                                                                                "Actual Rows": 0,
                                                                                                                                                                "Actual Loops": 34863638,
                                                                                                                                                                "Output": [
                                                                                                                                                                    "k.id",
                                                                                                                                                                    "k.keyword",
                                                                                                                                                                    "k.phonetic_code"
                                                                                                                                                                ],
                                                                                                                                                                "Recheck Cond": "(k.id = mk.keyword_id)",
                                                                                                                                                                "Rows Removed by Index Recheck": 0,
                                                                                                                                                                "Filter": "(k.keyword = 'computer-animation'::text)",
                                                                                                                                                                "Rows Removed by Filter": 1,
                                                                                                                                                                "Exact Heap Blocks": 34863638,
                                                                                                                                                                "Lossy Heap Blocks": 0,
                                                                                                                                                                "Plans": [
                                                                                                                                                                    {
                                                                                                                                                                        "Node Type": "Bitmap Index Scan",
                                                                                                                                                                        "Parent Relationship": "Outer",
                                                                                                                                                                        "Parallel Aware": false,
                                                                                                                                                                        "Index Name": "keyword_pkey",
                                                                                                                                                                        "Startup Cost": 0.0,
                                                                                                                                                                        "Total Cost": 0.43,
                                                                                                                                                                        "Plan Rows": 1,
                                                                                                                                                                        "Plan Width": 0,
                                                                                                                                                                        "Actual Startup Time": 0.002,
                                                                                                                                                                        "Actual Total Time": 0.002,
                                                                                                                                                                        "Actual Rows": 1,
                                                                                                                                                                        "Actual Loops": 34863638,
                                                                                                                                                                        "Index Cond": "(k.id = mk.keyword_id)"
                                                                                                                                                                    }
                                                                                                                                                                ]
                                                                                                                                                            }
                                                                                                                                                        ]
                                                                                                                                                    },
                                                                                                                                                    {
                                                                                                                                                        "Node Type": "Hash",
                                                                                                                                                        "Parent Relationship": "Inner",
                                                                                                                                                        "Parallel Aware": false,
                                                                                                                                                        "Startup Cost": 10000346431.69,
                                                                                                                                                        "Total Cost": 10000346431.69,
                                                                                                                                                        "Plan Rows": 458720,
                                                                                                                                                        "Plan Width": 8,
                                                                                                                                                        "Actual Startup Time": 1707.922,
                                                                                                                                                        "Actual Total Time": 1707.923,
                                                                                                                                                        "Actual Rows": 387683,
                                                                                                                                                        "Actual Loops": 1,
                                                                                                                                                        "Output": [
                                                                                                                                                            "mi.movie_id",
                                                                                                                                                            "mi.info_type_id"
                                                                                                                                                        ],
                                                                                                                                                        "Hash Buckets": 524288,
                                                                                                                                                        "Original Hash Buckets": 524288,
                                                                                                                                                        "Hash Batches": 1,
                                                                                                                                                        "Original Hash Batches": 1,
                                                                                                                                                        "Peak Memory Usage": 19240,
                                                                                                                                                        "Plans": [
                                                                                                                                                            {
                                                                                                                                                                "Node Type": "Seq Scan",
                                                                                                                                                                "Parent Relationship": "Outer",
                                                                                                                                                                "Parallel Aware": false,
                                                                                                                                                                "Relation Name": "movie_info",
                                                                                                                                                                "Schema": "public",
                                                                                                                                                                "Alias": "mi",
                                                                                                                                                                "Startup Cost": 10000000000.0,
                                                                                                                                                                "Total Cost": 10000346431.69,
                                                                                                                                                                "Plan Rows": 458720,
                                                                                                                                                                "Plan Width": 8,
                                                                                                                                                                "Actual Startup Time": 158.326,
                                                                                                                                                                "Actual Total Time": 1622.347,
                                                                                                                                                                "Actual Rows": 387683,
                                                                                                                                                                "Actual Loops": 1,
                                                                                                                                                                "Output": [
                                                                                                                                                                    "mi.movie_id",
                                                                                                                                                                    "mi.info_type_id"
                                                                                                                                                                ],
                                                                                                                                                                "Filter": "(mi.info ~~ 'USA:%200%'::text)",
                                                                                                                                                                "Rows Removed by Filter": 14448037
                                                                                                                                                            }
                                                                                                                                                        ]
                                                                                                                                                    }
                                                                                                                                                ]
                                                                                                                                            }
                                                                                                                                        ]
                                                                                                                                    }
                                                                                                                                ]
                                                                                                                            },
                                                                                                                            {
                                                                                                                                "Node Type": "Hash",
                                                                                                                                "Parent Relationship": "Inner",
                                                                                                                                "Parallel Aware": false,
                                                                                                                                "Startup Cost": 10000000001.15,
                                                                                                                                "Total Cost": 10000000001.15,
                                                                                                                                "Plan Rows": 1,
                                                                                                                                "Plan Width": 4,
                                                                                                                                "Actual Startup Time": 0.019,
                                                                                                                                "Actual Total Time": 0.02,
                                                                                                                                "Actual Rows": 1,
                                                                                                                                "Actual Loops": 1,
                                                                                                                                "Output": [
                                                                                                                                    "rt.id"
                                                                                                                                ],
                                                                                                                                "Hash Buckets": 1024,
                                                                                                                                "Original Hash Buckets": 1024,
                                                                                                                                "Hash Batches": 1,
                                                                                                                                "Original Hash Batches": 1,
                                                                                                                                "Peak Memory Usage": 9,
                                                                                                                                "Plans": [
                                                                                                                                    {
                                                                                                                                        "Node Type": "Seq Scan",
                                                                                                                                        "Parent Relationship": "Outer",
                                                                                                                                        "Parallel Aware": false,
                                                                                                                                        "Relation Name": "role_type",
                                                                                                                                        "Schema": "public",
                                                                                                                                        "Alias": "rt",
                                                                                                                                        "Startup Cost": 10000000000.0,
                                                                                                                                        "Total Cost": 10000000001.15,
                                                                                                                                        "Plan Rows": 1,
                                                                                                                                        "Plan Width": 4,
                                                                                                                                        "Actual Startup Time": 0.016,
                                                                                                                                        "Actual Total Time": 0.017,
                                                                                                                                        "Actual Rows": 1,
                                                                                                                                        "Actual Loops": 1,
                                                                                                                                        "Output": [
                                                                                                                                            "rt.id"
                                                                                                                                        ],
                                                                                                                                        "Filter": "((rt.role)::text = 'actress'::text)",
                                                                                                                                        "Rows Removed by Filter": 11
                                                                                                                                    }
                                                                                                                                ]
                                                                                                                            }
                                                                                                                        ]
                                                                                                                    },
                                                                                                                    {
                                                                                                                        "Node Type": "Hash",
                                                                                                                        "Parent Relationship": "Inner",
                                                                                                                        "Parallel Aware": false,
                                                                                                                        "Startup Cost": 20000129378.59,
                                                                                                                        "Total Cost": 20000129378.59,
                                                                                                                        "Plan Rows": 1,
                                                                                                                        "Plan Width": 12,
                                                                                                                        "Actual Startup Time": 1197.716,
                                                                                                                        "Actual Total Time": 1197.738,
                                                                                                                        "Actual Rows": 1,
                                                                                                                        "Actual Loops": 1,
                                                                                                                        "Output": [
                                                                                                                            "cc.movie_id",
                                                                                                                            "cc.subject_id",
                                                                                                                            "t.id"
                                                                                                                        ],
                                                                                                                        "Hash Buckets": 1024,
                                                                                                                        "Original Hash Buckets": 1024,
                                                                                                                        "Hash Batches": 1,
                                                                                                                        "Original Hash Batches": 1,
                                                                                                                        "Peak Memory Usage": 9,
                                                                                                                        "Plans": [
                                                                                                                            {
                                                                                                                                "Node Type": "Hash Join",
                                                                                                                                "Parent Relationship": "Outer",
                                                                                                                                "Parallel Aware": false,
                                                                                                                                "Join Type": "Inner",
                                                                                                                                "Startup Cost": 20000129377.53,
                                                                                                                                "Total Cost": 20000129378.59,
                                                                                                                                "Plan Rows": 1,
                                                                                                                                "Plan Width": 12,
                                                                                                                                "Actual Startup Time": 1197.703,
                                                                                                                                "Actual Total Time": 1197.727,
                                                                                                                                "Actual Rows": 1,
                                                                                                                                "Actual Loops": 1,
                                                                                                                                "Output": [
                                                                                                                                    "cc.movie_id",
                                                                                                                                    "cc.subject_id",
                                                                                                                                    "t.id"
                                                                                                                                ],
                                                                                                                                "Inner Unique": false,
                                                                                                                                "Hash Cond": "(cct2.id = cc.status_id)",
                                                                                                                                "Plans": [
                                                                                                                                    {
                                                                                                                                        "Node Type": "Seq Scan",
                                                                                                                                        "Parent Relationship": "Outer",
                                                                                                                                        "Parallel Aware": false,
                                                                                                                                        "Relation Name": "comp_cast_type",
                                                                                                                                        "Schema": "public",
                                                                                                                                        "Alias": "cct2",
                                                                                                                                        "Startup Cost": 10000000000.0,
                                                                                                                                        "Total Cost": 10000000001.05,
                                                                                                                                        "Plan Rows": 1,
                                                                                                                                        "Plan Width": 4,
                                                                                                                                        "Actual Startup Time": 0.015,
                                                                                                                                        "Actual Total Time": 0.018,
                                                                                                                                        "Actual Rows": 1,
                                                                                                                                        "Actual Loops": 1,
                                                                                                                                        "Output": [
                                                                                                                                            "cct2.id",
                                                                                                                                            "cct2.kind"
                                                                                                                                        ],
                                                                                                                                        "Filter": "((cct2.kind)::text = 'complete+verified'::text)",
                                                                                                                                        "Rows Removed by Filter": 3
                                                                                                                                    },
                                                                                                                                    {
                                                                                                                                        "Node Type": "Hash",
                                                                                                                                        "Parent Relationship": "Inner",
                                                                                                                                        "Parallel Aware": false,
                                                                                                                                        "Startup Cost": 10000129377.51,
                                                                                                                                        "Total Cost": 10000129377.51,
                                                                                                                                        "Plan Rows": 1,
                                                                                                                                        "Plan Width": 16,
                                                                                                                                        "Actual Startup Time": 1197.676,
                                                                                                                                        "Actual Total Time": 1197.69,
                                                                                                                                        "Actual Rows": 1,
                                                                                                                                        "Actual Loops": 1,
                                                                                                                                        "Output": [
                                                                                                                                            "cc.movie_id",
                                                                                                                                            "cc.subject_id",
                                                                                                                                            "cc.status_id",
                                                                                                                                            "t.id"
                                                                                                                                        ],
                                                                                                                                        "Hash Buckets": 1024,
                                                                                                                                        "Original Hash Buckets": 1024,
                                                                                                                                        "Hash Batches": 1,
                                                                                                                                        "Original Hash Batches": 1,
                                                                                                                                        "Peak Memory Usage": 9,
                                                                                                                                        "Plans": [
                                                                                                                                            {
                                                                                                                                                "Node Type": "Nested Loop",
                                                                                                                                                "Parent Relationship": "Outer",
                                                                                                                                                "Parallel Aware": false,
                                                                                                                                                "Join Type": "Inner",
                                                                                                                                                "Startup Cost": 10000000004.87,
                                                                                                                                                "Total Cost": 10000129377.51,
                                                                                                                                                "Plan Rows": 1,
                                                                                                                                                "Plan Width": 16,
                                                                                                                                                "Actual Startup Time": 1087.082,
                                                                                                                                                "Actual Total Time": 1197.673,
                                                                                                                                                "Actual Rows": 1,
                                                                                                                                                "Actual Loops": 1,
                                                                                                                                                "Output": [
                                                                                                                                                    "cc.movie_id",
                                                                                                                                                    "cc.subject_id",
                                                                                                                                                    "cc.status_id",
                                                                                                                                                    "t.id"
                                                                                                                                                ],
                                                                                                                                                "Inner Unique": false,
                                                                                                                                                "Plans": [
                                                                                                                                                    {
                                                                                                                                                        "Node Type": "Index Scan",
                                                                                                                                                        "Parent Relationship": "Outer",
                                                                                                                                                        "Parallel Aware": false,
                                                                                                                                                        "Scan Direction": "Forward",
                                                                                                                                                        "Index Name": "title_pkey",
                                                                                                                                                        "Relation Name": "title",
                                                                                                                                                        "Schema": "public",
                                                                                                                                                        "Alias": "t",
                                                                                                                                                        "Startup Cost": 0.43,
                                                                                                                                                        "Total Cost": 129304.51,
                                                                                                                                                        "Plan Rows": 6,
                                                                                                                                                        "Plan Width": 4,
                                                                                                                                                        "Actual Startup Time": 1087.037,
                                                                                                                                                        "Actual Total Time": 1197.614,
                                                                                                                                                        "Actual Rows": 2,
                                                                                                                                                        "Actual Loops": 1,
                                                                                                                                                        "Output": [
                                                                                                                                                            "t.id",
                                                                                                                                                            "t.title",
                                                                                                                                                            "t.imdb_index",
                                                                                                                                                            "t.kind_id",
                                                                                                                                                            "t.production_year",
                                                                                                                                                            "t.imdb_id",
                                                                                                                                                            "t.phonetic_code",
                                                                                                                                                            "t.episode_of_id",
                                                                                                                                                            "t.season_nr",
                                                                                                                                                            "t.episode_nr",
                                                                                                                                                            "t.series_years",
                                                                                                                                                            "t.md5sum"
                                                                                                                                                        ],
                                                                                                                                                        "Filter": "((t.production_year >= 1994) AND (t.production_year <= 2007) AND (t.title = 'Shrek 2'::text))",
                                                                                                                                                        "Rows Removed by Filter": 2528310
                                                                                                                                                    },
                                                                                                                                                    {
                                                                                                                                                        "Node Type": "Bitmap Heap Scan",
                                                                                                                                                        "Parent Relationship": "Inner",
                                                                                                                                                        "Parallel Aware": false,
                                                                                                                                                        "Relation Name": "complete_cast",
                                                                                                                                                        "Schema": "public",
                                                                                                                                                        "Alias": "cc",
                                                                                                                                                        "Startup Cost": 4.44,
                                                                                                                                                        "Total Cost": 12.15,
                                                                                                                                                        "Plan Rows": 2,
                                                                                                                                                        "Plan Width": 12,
                                                                                                                                                        "Actual Startup Time": 0.013,
                                                                                                                                                        "Actual Total Time": 0.016,
                                                                                                                                                        "Actual Rows": 0,
                                                                                                                                                        "Actual Loops": 2,
                                                                                                                                                        "Output": [
                                                                                                                                                            "cc.id",
                                                                                                                                                            "cc.movie_id",
                                                                                                                                                            "cc.subject_id",
                                                                                                                                                            "cc.status_id"
                                                                                                                                                        ],
                                                                                                                                                        "Recheck Cond": "(cc.movie_id = t.id)",
                                                                                                                                                        "Rows Removed by Index Recheck": 0,
                                                                                                                                                        "Exact Heap Blocks": 1,
                                                                                                                                                        "Lossy Heap Blocks": 0,
                                                                                                                                                        "Plans": [
                                                                                                                                                            {
                                                                                                                                                                "Node Type": "Bitmap Index Scan",
                                                                                                                                                                "Parent Relationship": "Outer",
                                                                                                                                                                "Parallel Aware": false,
                                                                                                                                                                "Index Name": "movie_id_complete_cast",
                                                                                                                                                                "Startup Cost": 0.0,
                                                                                                                                                                "Total Cost": 4.43,
                                                                                                                                                                "Plan Rows": 2,
                                                                                                                                                                "Plan Width": 0,
                                                                                                                                                                "Actual Startup Time": 0.009,
                                                                                                                                                                "Actual Total Time": 0.009,
                                                                                                                                                                "Actual Rows": 0,
                                                                                                                                                                "Actual Loops": 2,
                                                                                                                                                                "Index Cond": "(cc.movie_id = t.id)"
                                                                                                                                                            }
                                                                                                                                                        ]
                                                                                                                                                    }
                                                                                                                                                ]
                                                                                                                                            }
                                                                                                                                        ]
                                                                                                                                    }
                                                                                                                                ]
                                                                                                                            }
                                                                                                                        ]
                                                                                                                    }
                                                                                                                ]
                                                                                                            }
                                                                                                        ]
                                                                                                    }
                                                                                                ]
                                                                                            }
                                                                                        ]
                                                                                    }
                                                                                ]
                                                                            }
                                                                        ]
                                                                    },
                                                                    {
                                                                        "Node Type": "Index Scan",
                                                                        "Parent Relationship": "Inner",
                                                                        "Parallel Aware": false,
                                                                        "Scan Direction": "Forward",
                                                                        "Index Name": "comp_cast_type_pkey",
                                                                        "Relation Name": "comp_cast_type",
                                                                        "Schema": "public",
                                                                        "Alias": "cct1",
                                                                        "Startup Cost": 0.13,
                                                                        "Total Cost": 12.2,
                                                                        "Plan Rows": 1,
                                                                        "Plan Width": 4,
                                                                        "Actual Startup Time": 0.026,
                                                                        "Actual Total Time": 0.027,
                                                                        "Actual Rows": 1,
                                                                        "Actual Loops": 1,
                                                                        "Output": [
                                                                            "cct1.id",
                                                                            "cct1.kind"
                                                                        ],
                                                                        "Filter": "((cct1.kind)::text = 'cast'::text)",
                                                                        "Rows Removed by Filter": 0
                                                                    }
                                                                ]
                                                            }
                                                        ]
                                                    }
                                                ]
                                            }
                                        ]
                                    }
                                ]
                            }
                        ]
                    }
                ]
            }
        ]
    },
    "Planning Time": 2239.031,
    "Triggers": [],
    "Execution Time": 207092.224
}