[
  {
    "Plan": {
      "Node Type": "Aggregate",
      "Strategy": "Plain",
      "Partial Mode": "Finalize",
      "Parallel Aware": false,
      "Startup Cost": 403664.24,
      "Total Cost": 403664.25,
      "Plan Rows": 1,
      "Plan Width": 8,
      "Actual Startup Time": 2067.774,
      "Actual Total Time": 2118.695,
      "Actual Rows": 1,
      "Actual Loops": 1,
      "Plans": [
        {
          "Node Type": "Gather",
          "Parent Relationship": "Outer",
          "Parallel Aware": false,
          "Startup Cost": 403663.62,
          "Total Cost": 403664.23,
          "Plan Rows": 6,
          "Plan Width": 8,
          "Actual Startup Time": 2059.496,
          "Actual Total Time": 2118.685,
          "Actual Rows": 7,
          "Actual Loops": 1,
          "Workers Planned": 6,
          "Workers Launched": 6,
          "Single Copy": false,
          "Plans": [
            {
              "Node Type": "Aggregate",
              "Strategy": "Plain",
              "Partial Mode": "Partial",
              "Parent Relationship": "Outer",
              "Parallel Aware": false,
              "Startup Cost": 402663.62,
              "Total Cost": 402663.63,
              "Plan Rows": 1,
              "Plan Width": 8,
              "Actual Startup Time": 2043.657,
              "Actual Total Time": 2043.66,
              "Actual Rows": 1,
              "Actual Loops": 7,
              "Plans": [
                {
                  "Node Type": "Hash Join",
                  "Parent Relationship": "Outer",
                  "Parallel Aware": true,
                  "Join Type": "Inner",
                  "Startup Cost": 51156.66,
                  "Total Cost": 398841.86,
                  "Plan Rows": 1528702,
                  "Plan Width": 0,
                  "Actual Startup Time": 524.682,
                  "Actual Total Time": 1940.794,
                  "Actual Rows": 2079811,
                  "Actual Loops": 7,
                  "Inner Unique": true,
                  "Hash Cond": "(ci.movie_id = t.id)",
                  "Plans": [
                    {
                      "Node Type": "Seq Scan",
                      "Parent Relationship": "Outer",
                      "Parallel Aware": true,
                      "Relation Name": "cast_info",
                      "Alias": "ci",
                      "Startup Cost": 0.0,
                      "Total Cost": 343316.27,
                      "Plan Rows": 1664352,
                      "Plan Width": 4,
                      "Actual Startup Time": 268.575,
                      "Actual Total Time": 710.741,
                      "Actual Rows": 2153494,
                      "Actual Loops": 7,
                      "Filter": "((person_id > 2138414) AND (role_id > 1))",
                      "Rows Removed by Filter": 3024270
                    },
                    {
                      "Node Type": "Hash",
                      "Parent Relationship": "Inner",
                      "Parallel Aware": true,
                      "Startup Cost": 43899.32,
                      "Total Cost": 43899.32,
                      "Plan Rows": 580587,
                      "Plan Width": 4,
                      "Actual Startup Time": 250.662,
                      "Actual Total Time": 250.664,
                      "Actual Rows": 330727,
                      "Actual Loops": 7,
                      "Hash Buckets": 4194304,
                      "Original Hash Buckets": 4194304,
                      "Hash Batches": 1,
                      "Original Hash Batches": 1,
                      "Peak Memory Usage": 123456,
                      "Plans": [
                        {
                          "Node Type": "Seq Scan",
                          "Parent Relationship": "Outer",
                          "Parallel Aware": true,
                          "Relation Name": "title",
                          "Alias": "t",
                          "Startup Cost": 0.0,
                          "Total Cost": 43899.32,
                          "Plan Rows": 580587,
                          "Plan Width": 4,
                          "Actual Startup Time": 0.042,
                          "Actual Total Time": 88.612,
                          "Actual Rows": 330727,
                          "Actual Loops": 7,
                          "Filter": "(production_year > 1939)",
                          "Rows Removed by Filter": 30461
                        }
                      ]
                    }
                  ]
                }
              ]
            }
          ]
        }
      ]
    },
    "Planning Time": 0.267,
    "Triggers": [],
    "Execution Time": 2118.741
  }
]