[
  {
    "Plan": {
      "Node Type": "Aggregate",
      "Strategy": "Plain",
      "Partial Mode": "Finalize",
      "Parallel Aware": false,
      "Startup Cost": 277872.57,
      "Total Cost": 277872.58,
      "Plan Rows": 1,
      "Plan Width": 8,
      "Actual Startup Time": 575.741,
      "Actual Total Time": 594.887,
      "Actual Rows": 1,
      "Actual Loops": 1,
      "Plans": [
        {
          "Node Type": "Gather",
          "Parent Relationship": "Outer",
          "Parallel Aware": false,
          "Startup Cost": 277872.05,
          "Total Cost": 277872.56,
          "Plan Rows": 5,
          "Plan Width": 8,
          "Actual Startup Time": 560.701,
          "Actual Total Time": 594.877,
          "Actual Rows": 6,
          "Actual Loops": 1,
          "Workers Planned": 5,
          "Workers Launched": 5,
          "Single Copy": false,
          "Plans": [
            {
              "Node Type": "Aggregate",
              "Strategy": "Plain",
              "Partial Mode": "Partial",
              "Parent Relationship": "Outer",
              "Parallel Aware": false,
              "Startup Cost": 276872.05,
              "Total Cost": 276872.06,
              "Plan Rows": 1,
              "Plan Width": 8,
              "Actual Startup Time": 549.706,
              "Actual Total Time": 549.712,
              "Actual Rows": 1,
              "Actual Loops": 6,
              "Plans": [
                {
                  "Node Type": "Hash Join",
                  "Parent Relationship": "Outer",
                  "Parallel Aware": true,
                  "Join Type": "Inner",
                  "Startup Cost": 110535.39,
                  "Total Cost": 276764.26,
                  "Plan Rows": 43113,
                  "Plan Width": 0,
                  "Actual Startup Time": 476.908,
                  "Actual Total Time": 546.506,
                  "Actual Rows": 69253,
                  "Actual Loops": 6,
                  "Inner Unique": false,
                  "Hash Cond": "(mi.movie_id = t.id)",
                  "Plans": [
                    {
                      "Node Type": "Bitmap Heap Scan",
                      "Parent Relationship": "Outer",
                      "Parallel Aware": true,
                      "Relation Name": "movie_info",
                      "Alias": "mi",
                      "Startup Cost": 22837.73,
                      "Total Cost": 187982.11,
                      "Plan Rows": 252111,
                      "Plan Width": 4,
                      "Actual Startup Time": 58.621,
                      "Actual Total Time": 94.302,
                      "Actual Rows": 214821,
                      "Actual Loops": 6,
                      "Recheck Cond": "(info_type_id = 2)",
                      "Rows Removed by Index Recheck": 0,
                      "Exact Heap Blocks": 2194,
                      "Lossy Heap Blocks": 0,
                      "Plans": [
                        {
                          "Node Type": "Bitmap Index Scan",
                          "Parent Relationship": "Outer",
                          "Parallel Aware": false,
                          "Index Name": "info_type_id_movie_info",
                          "Startup Cost": 0.0,
                          "Total Cost": 22522.59,
                          "Plan Rows": 1260554,
                          "Plan Width": 0,
                          "Actual Startup Time": 57.174,
                          "Actual Total Time": 57.175,
                          "Actual Rows": 1288928,
                          "Actual Loops": 1,
                          "Index Cond": "(info_type_id = 2)"
                        }
                      ]
                    },
                    {
                      "Node Type": "Hash",
                      "Parent Relationship": "Inner",
                      "Parallel Aware": true,
                      "Startup Cost": 85954.3,
                      "Total Cost": 85954.3,
                      "Plan Rows": 139469,
                      "Plan Width": 8,
                      "Actual Startup Time": 397.097,
                      "Actual Total Time": 397.102,
                      "Actual Rows": 70279,
                      "Actual Loops": 6,
                      "Hash Buckets": 524288,
                      "Original Hash Buckets": 524288,
                      "Hash Batches": 1,
                      "Original Hash Batches": 1,
                      "Peak Memory Usage": 20704,
                      "Plans": [
                        {
                          "Node Type": "Hash Join",
                          "Parent Relationship": "Outer",
                          "Parallel Aware": true,
                          "Join Type": "Inner",
                          "Startup Cost": 59390.83,
                          "Total Cost": 85954.3,
                          "Plan Rows": 139469,
                          "Plan Width": 8,
                          "Actual Startup Time": 304.408,
                          "Actual Total Time": 374.043,
                          "Actual Rows": 70279,
                          "Actual Loops": 6,
                          "Inner Unique": true,
                          "Hash Cond": "(mk.movie_id = t.id)",
                          "Plans": [
                            {
                              "Node Type": "Bitmap Heap Scan",
                              "Parent Relationship": "Outer",
                              "Parallel Aware": true,
                              "Relation Name": "movie_keyword",
                              "Alias": "mk",
                              "Startup Cost": 9171.18,
                              "Total Cost": 35368.55,
                              "Plan Rows": 139469,
                              "Plan Width": 4,
                              "Actual Startup Time": 32.28,
                              "Actual Total Time": 74.015,
                              "Actual Rows": 70279,
                              "Actual Loops": 6,
                              "Recheck Cond": "(keyword_id > 41398)",
                              "Rows Removed by Index Recheck": 0,
                              "Exact Heap Blocks": 5414,
                              "Lossy Heap Blocks": 0,
                              "Plans": [
                                {
                                  "Node Type": "Bitmap Index Scan",
                                  "Parent Relationship": "Outer",
                                  "Parallel Aware": false,
                                  "Index Name": "keyword_id_movie_keyword",
                                  "Startup Cost": 0.0,
                                  "Total Cost": 9063.1,
                                  "Plan Rows": 432355,
                                  "Plan Width": 0,
                                  "Actual Startup Time": 28.917,
                                  "Actual Total Time": 28.918,
                                  "Actual Rows": 421675,
                                  "Actual Loops": 1,
                                  "Index Cond": "(keyword_id > 41398)"
                                }
                              ]
                            },
                            {
                              "Node Type": "Hash",
                              "Parent Relationship": "Inner",
                              "Parallel Aware": true,
                              "Startup Cost": 42318.73,
                              "Total Cost": 42318.73,
                              "Plan Rows": 632073,
                              "Plan Width": 4,
                              "Actual Startup Time": 266.325,
                              "Actual Total Time": 266.326,
                              "Actual Rows": 421385,
                              "Actual Loops": 6,
                              "Hash Buckets": 4194304,
                              "Original Hash Buckets": 4194304,
                              "Hash Batches": 1,
                              "Original Hash Batches": 1,
                              "Peak Memory Usage": 131744,
                              "Plans": [
                                {
                                  "Node Type": "Seq Scan",
                                  "Parent Relationship": "Outer",
                                  "Parallel Aware": true,
                                  "Relation Name": "title",
                                  "Alias": "t",
                                  "Startup Cost": 0.0,
                                  "Total Cost": 42318.73,
                                  "Plan Rows": 632073,
                                  "Plan Width": 4,
                                  "Actual Startup Time": 0.053,
                                  "Actual Total Time": 74.939,
                                  "Actual Rows": 421385,
                                  "Actual Loops": 6
                                }
                              ]
                            }
                          ]
                        }
                      ]
                    }
                  ]
                }
              ]
            }
          ]
        }
      ]
    },
    "Planning Time": 1.32,
    "Triggers": [],
    "Execution Time": 595.002
  }
]