[
  {
    "Plan": {
      "Node Type": "Aggregate",
      "Strategy": "Plain",
      "Partial Mode": "Finalize",
      "Parallel Aware": false,
      "Startup Cost": 77125.76,
      "Total Cost": 77125.77,
      "Plan Rows": 1,
      "Plan Width": 8,
      "Actual Startup Time": 208.823,
      "Actual Total Time": 224.924,
      "Actual Rows": 1,
      "Actual Loops": 1,
      "Plans": [
        {
          "Node Type": "Gather",
          "Parent Relationship": "Outer",
          "Parallel Aware": false,
          "Startup Cost": 77125.44,
          "Total Cost": 77125.75,
          "Plan Rows": 3,
          "Plan Width": 8,
          "Actual Startup Time": 208.492,
          "Actual Total Time": 224.916,
          "Actual Rows": 4,
          "Actual Loops": 1,
          "Workers Planned": 3,
          "Workers Launched": 3,
          "Single Copy": false,
          "Plans": [
            {
              "Node Type": "Aggregate",
              "Strategy": "Plain",
              "Partial Mode": "Partial",
              "Parent Relationship": "Outer",
              "Parallel Aware": false,
              "Startup Cost": 76125.44,
              "Total Cost": 76125.45,
              "Plan Rows": 1,
              "Plan Width": 8,
              "Actual Startup Time": 199.603,
              "Actual Total Time": 199.606,
              "Actual Rows": 1,
              "Actual Loops": 4,
              "Plans": [
                {
                  "Node Type": "Hash Join",
                  "Parent Relationship": "Outer",
                  "Parallel Aware": true,
                  "Join Type": "Inner",
                  "Startup Cost": 45667.52,
                  "Total Cost": 76099.96,
                  "Plan Rows": 10192,
                  "Plan Width": 0,
                  "Actual Startup Time": 155.557,
                  "Actual Total Time": 199.061,
                  "Actual Rows": 12342,
                  "Actual Loops": 4,
                  "Inner Unique": true,
                  "Hash Cond": "(mc.movie_id = t.id)",
                  "Plans": [
                    {
                      "Node Type": "Seq Scan",
                      "Parent Relationship": "Outer",
                      "Parallel Aware": true,
                      "Relation Name": "movie_companies",
                      "Alias": "mc",
                      "Startup Cost": 0.0,
                      "Total Cost": 29310.68,
                      "Plan Rows": 427336,
                      "Plan Width": 4,
                      "Actual Startup Time": 28.491,
                      "Actual Total Time": 63.986,
                      "Actual Rows": 333721,
                      "Actual Loops": 4,
                      "Filter": "(company_type_id = 2)",
                      "Rows Removed by Filter": 318562
                    },
                    {
                      "Node Type": "Hash",
                      "Parent Relationship": "Inner",
                      "Parallel Aware": true,
                      "Startup Cost": 45479.1,
                      "Total Cost": 45479.1,
                      "Plan Rows": 15074,
                      "Plan Width": 4,
                      "Actual Startup Time": 99.144,
                      "Actual Total Time": 99.144,
                      "Actual Rows": 15395,
                      "Actual Loops": 4,
                      "Hash Buckets": 65536,
                      "Original Hash Buckets": 65536,
                      "Hash Batches": 1,
                      "Original Hash Batches": 1,
                      "Peak Memory Usage": 3008,
                      "Plans": [
                        {
                          "Node Type": "Seq Scan",
                          "Parent Relationship": "Outer",
                          "Parallel Aware": true,
                          "Relation Name": "title",
                          "Alias": "t",
                          "Startup Cost": 0.0,
                          "Total Cost": 45479.1,
                          "Plan Rows": 15074,
                          "Plan Width": 4,
                          "Actual Startup Time": 46.75,
                          "Actual Total Time": 94.192,
                          "Actual Rows": 15395,
                          "Actual Loops": 4,
                          "Filter": "((production_year > 2011) AND (kind_id = 1))",
                          "Rows Removed by Filter": 616683
                        }
                      ]
                    }
                  ]
                }
              ]
            }
          ]
        }
      ]
    },
    "Planning Time": 0.719,
    "Triggers": [],
    "Execution Time": 225.002
  }
]