[
  {
    "Plan": {
      "Node Type": "Aggregate",
      "Strategy": "Plain",
      "Partial Mode": "Finalize",
      "Parallel Aware": false,
      "Startup Cost": 92282.56,
      "Total Cost": 92282.57,
      "Plan Rows": 1,
      "Plan Width": 8,
      "Actual Startup Time": 382.168,
      "Actual Total Time": 398.612,
      "Actual Rows": 1,
      "Actual Loops": 1,
      "Plans": [
        {
          "Node Type": "Gather",
          "Parent Relationship": "Outer",
          "Parallel Aware": false,
          "Startup Cost": 92282.25,
          "Total Cost": 92282.56,
          "Plan Rows": 3,
          "Plan Width": 8,
          "Actual Startup Time": 378.085,
          "Actual Total Time": 398.606,
          "Actual Rows": 4,
          "Actual Loops": 1,
          "Workers Planned": 3,
          "Workers Launched": 3,
          "Single Copy": false,
          "Plans": [
            {
              "Node Type": "Aggregate",
              "Strategy": "Plain",
              "Partial Mode": "Partial",
              "Parent Relationship": "Outer",
              "Parallel Aware": false,
              "Startup Cost": 91282.25,
              "Total Cost": 91282.26,
              "Plan Rows": 1,
              "Plan Width": 8,
              "Actual Startup Time": 372.224,
              "Actual Total Time": 372.23,
              "Actual Rows": 1,
              "Actual Loops": 4,
              "Plans": [
                {
                  "Node Type": "Hash Join",
                  "Parent Relationship": "Outer",
                  "Parallel Aware": true,
                  "Join Type": "Inner",
                  "Startup Cost": 70861.06,
                  "Total Cost": 91252.02,
                  "Plan Rows": 12092,
                  "Plan Width": 0,
                  "Actual Startup Time": 317.135,
                  "Actual Total Time": 370.986,
                  "Actual Rows": 21944,
                  "Actual Loops": 4,
                  "Inner Unique": false,
                  "Hash Cond": "(mc.movie_id = t.id)",
                  "Plans": [
                    {
                      "Node Type": "Bitmap Heap Scan",
                      "Parent Relationship": "Outer",
                      "Parallel Aware": true,
                      "Relation Name": "movie_companies",
                      "Alias": "mc",
                      "Startup Cost": 6494.69,
                      "Total Cost": 26492.95,
                      "Plan Rows": 96660,
                      "Plan Width": 4,
                      "Actual Startup Time": 14.212,
                      "Actual Total Time": 46.627,
                      "Actual Rows": 73219,
                      "Actual Loops": 4,
                      "Recheck Cond": "(company_id < 160)",
                      "Rows Removed by Index Recheck": 0,
                      "Exact Heap Blocks": 6592,
                      "Lossy Heap Blocks": 0,
                      "Plans": [
                        {
                          "Node Type": "Bitmap Index Scan",
                          "Parent Relationship": "Outer",
                          "Parallel Aware": false,
                          "Index Name": "company_id_movie_companies",
                          "Startup Cost": 0.0,
                          "Total Cost": 6419.78,
                          "Plan Rows": 299647,
                          "Plan Width": 0,
                          "Actual Startup Time": 11.558,
                          "Actual Total Time": 11.559,
                          "Actual Rows": 292877,
                          "Actual Loops": 1,
                          "Index Cond": "(company_id < 160)"
                        }
                      ]
                    },
                    {
                      "Node Type": "Hash",
                      "Parent Relationship": "Inner",
                      "Parallel Aware": true,
                      "Startup Cost": 63377.95,
                      "Total Cost": 63377.95,
                      "Plan Rows": 79073,
                      "Plan Width": 8,
                      "Actual Startup Time": 301.226,
                      "Actual Total Time": 301.23,
                      "Actual Rows": 74445,
                      "Actual Loops": 4,
                      "Hash Buckets": 524288,
                      "Original Hash Buckets": 524288,
                      "Hash Batches": 1,
                      "Original Hash Batches": 1,
                      "Peak Memory Usage": 15840,
                      "Plans": [
                        {
                          "Node Type": "Hash Join",
                          "Parent Relationship": "Outer",
                          "Parallel Aware": true,
                          "Join Type": "Inner",
                          "Startup Cost": 17520.97,
                          "Total Cost": 63377.95,
                          "Plan Rows": 79073,
                          "Plan Width": 8,
                          "Actual Startup Time": 77.544,
                          "Actual Total Time": 275.149,
                          "Actual Rows": 74445,
                          "Actual Loops": 4,
                          "Inner Unique": false,
                          "Hash Cond": "(t.id = mi_idx.movie_id)",
                          "Plans": [
                            {
                              "Node Type": "Seq Scan",
                              "Parent Relationship": "Outer",
                              "Parallel Aware": true,
                              "Relation Name": "title",
                              "Alias": "t",
                              "Startup Cost": 0.0,
                              "Total Cost": 43899.32,
                              "Plan Rows": 434184,
                              "Plan Width": 4,
                              "Actual Startup Time": 0.014,
                              "Actual Total Time": 94.124,
                              "Actual Rows": 431308,
                              "Actual Loops": 4,
                              "Filter": "(production_year > 1991)",
                              "Rows Removed by Filter": 200770
                            },
                            {
                              "Node Type": "Hash",
                              "Parent Relationship": "Inner",
                              "Parallel Aware": true,
                              "Startup Cost": 15122.68,
                              "Total Cost": 15122.68,
                              "Plan Rows": 191863,
                              "Plan Width": 4,
                              "Actual Startup Time": 76.442,
                              "Actual Total Time": 76.444,
                              "Actual Rows": 114981,
                              "Actual Loops": 4,
                              "Hash Buckets": 524288,
                              "Original Hash Buckets": 524288,
                              "Hash Batches": 1,
                              "Original Hash Batches": 1,
                              "Peak Memory Usage": 22112,
                              "Plans": [
                                {
                                  "Node Type": "Seq Scan",
                                  "Parent Relationship": "Outer",
                                  "Parallel Aware": true,
                                  "Relation Name": "movie_info_idx",
                                  "Alias": "mi_idx",
                                  "Startup Cost": 0.0,
                                  "Total Cost": 15122.68,
                                  "Plan Rows": 191863,
                                  "Plan Width": 4,
                                  "Actual Startup Time": 0.05,
                                  "Actual Total Time": 39.821,
                                  "Actual Rows": 114981,
                                  "Actual Loops": 4,
                                  "Filter": "(info_type_id = 100)",
                                  "Rows Removed by Filter": 230028
                                }
                              ]
                            }
                          ]
                        }
                      ]
                    }
                  ]
                }
              ]
            }
          ]
        }
      ]
    },
    "Planning Time": 0.572,
    "Triggers": [],
    "Execution Time": 398.672
  }
]