[
  {
    "Plan": {
      "Node Type": "Aggregate",
      "Strategy": "Plain",
      "Partial Mode": "Finalize",
      "Parallel Aware": false,
      "Startup Cost": 76579.05,
      "Total Cost": 76579.06,
      "Plan Rows": 1,
      "Plan Width": 8,
      "Actual Startup Time": 222.27,
      "Actual Total Time": 234.768,
      "Actual Rows": 1,
      "Actual Loops": 1,
      "Plans": [
        {
          "Node Type": "Gather",
          "Parent Relationship": "Outer",
          "Parallel Aware": false,
          "Startup Cost": 76578.73,
          "Total Cost": 76579.04,
          "Plan Rows": 3,
          "Plan Width": 8,
          "Actual Startup Time": 220.311,
          "Actual Total Time": 234.759,
          "Actual Rows": 4,
          "Actual Loops": 1,
          "Workers Planned": 3,
          "Workers Launched": 3,
          "Single Copy": false,
          "Plans": [
            {
              "Node Type": "Aggregate",
              "Strategy": "Plain",
              "Partial Mode": "Partial",
              "Parent Relationship": "Outer",
              "Parallel Aware": false,
              "Startup Cost": 75578.73,
              "Total Cost": 75578.74,
              "Plan Rows": 1,
              "Plan Width": 8,
              "Actual Startup Time": 214.648,
              "Actual Total Time": 214.652,
              "Actual Rows": 1,
              "Actual Loops": 4,
              "Plans": [
                {
                  "Node Type": "Hash Join",
                  "Parent Relationship": "Outer",
                  "Parallel Aware": true,
                  "Join Type": "Inner",
                  "Startup Cost": 54933.58,
                  "Total Cost": 75523.83,
                  "Plan Rows": 21963,
                  "Plan Width": 0,
                  "Actual Startup Time": 165.726,
                  "Actual Total Time": 212.786,
                  "Actual Rows": 37016,
                  "Actual Loops": 4,
                  "Inner Unique": true,
                  "Hash Cond": "(mc.movie_id = t.id)",
                  "Plans": [
                    {
                      "Node Type": "Bitmap Heap Scan",
                      "Parent Relationship": "Outer",
                      "Parallel Aware": true,
                      "Relation Name": "movie_companies",
                      "Alias": "mc",
                      "Startup Cost": 7995.99,
                      "Total Cost": 28273.8,
                      "Plan Rows": 119025,
                      "Plan Width": 4,
                      "Actual Startup Time": 17.14,
                      "Actual Total Time": 36.658,
                      "Actual Rows": 91741,
                      "Actual Loops": 4,
                      "Recheck Cond": "(company_id > 85951)",
                      "Rows Removed by Index Recheck": 0,
                      "Exact Heap Blocks": 1654,
                      "Lossy Heap Blocks": 0,
                      "Plans": [
                        {
                          "Node Type": "Bitmap Index Scan",
                          "Parent Relationship": "Outer",
                          "Parallel Aware": false,
                          "Index Name": "company_id_movie_companies",
                          "Startup Cost": 0.0,
                          "Total Cost": 7903.75,
                          "Plan Rows": 368976,
                          "Plan Width": 0,
                          "Actual Startup Time": 16.239,
                          "Actual Total Time": 16.24,
                          "Actual Rows": 366963,
                          "Actual Loops": 1,
                          "Index Cond": "(company_id > 85951)"
                        }
                      ]
                    },
                    {
                      "Node Type": "Hash",
                      "Parent Relationship": "Inner",
                      "Parallel Aware": true,
                      "Startup Cost": 45479.59,
                      "Total Cost": 45479.59,
                      "Plan Rows": 116640,
                      "Plan Width": 4,
                      "Actual Startup Time": 145.175,
                      "Actual Total Time": 145.176,
                      "Actual Rows": 99090,
                      "Actual Loops": 4,
                      "Hash Buckets": 524288,
                      "Original Hash Buckets": 524288,
                      "Hash Batches": 1,
                      "Original Hash Batches": 1,
                      "Peak Memory Usage": 19680,
                      "Plans": [
                        {
                          "Node Type": "Seq Scan",
                          "Parent Relationship": "Outer",
                          "Parallel Aware": true,
                          "Relation Name": "title",
                          "Alias": "t",
                          "Startup Cost": 0.0,
                          "Total Cost": 45479.59,
                          "Plan Rows": 116640,
                          "Plan Width": 4,
                          "Actual Startup Time": 0.035,
                          "Actual Total Time": 104.503,
                          "Actual Rows": 99090,
                          "Actual Loops": 4,
                          "Filter": "((kind_id < 7) AND (production_year > 2003))",
                          "Rows Removed by Filter": 532988
                        }
                      ]
                    }
                  ]
                }
              ]
            }
          ]
        }
      ]
    },
    "Planning Time": 0.672,
    "Triggers": [],
    "Execution Time": 234.86
  }
]