{
  "Plan": {
    "Node Type": "Aggregate",
    "Strategy": "Plain",
    "Partial Mode": "Finalize",
    "Parallel Aware": false,
    "Startup Cost": 127359.94,
    "Total Cost": 127359.95,
    "Plan Rows": 1,
    "Plan Width": 8,
    "Actual Startup Time": 669.549,
    "Actual Total Time": 687.043,
    "Actual Rows": 1,
    "Actual Loops": 1,
    "Plans": [
      {
        "Node Type": "Gather",
        "Parent Relationship": "Outer",
        "Parallel Aware": false,
        "Startup Cost": 127359.83,
        "Total Cost": 127359.94,
        "Plan Rows": 1,
        "Plan Width": 8,
        "Actual Startup Time": 667.593,
        "Actual Total Time": 687.035,
        "Actual Rows": 2,
        "Actual Loops": 1,
        "Workers Planned": 1,
        "Workers Launched": 1,
        "Single Copy": false,
        "Plans": [
          {
            "Node Type": "Aggregate",
            "Strategy": "Plain",
            "Partial Mode": "Partial",
            "Parent Relationship": "Outer",
            "Parallel Aware": false,
            "Startup Cost": 126359.83,
            "Total Cost": 126359.84,
            "Plan Rows": 1,
            "Plan Width": 8,
            "Actual Startup Time": 662.024,
            "Actual Total Time": 662.027,
            "Actual Rows": 1,
            "Actual Loops": 2,
            "Plans": [
              {
                "Node Type": "Hash Join",
                "Parent Relationship": "Outer",
                "Parallel Aware": true,
                "Join Type": "Inner",
                "Startup Cost": 62439.76,
                "Total Cost": 125276.08,
                "Plan Rows": 433499,
                "Plan Width": 0,
                "Actual Startup Time": 237.296,
                "Actual Total Time": 622.42,
                "Actual Rows": 1042313,
                "Actual Loops": 2,
                "Inner Unique": true,
                "Hash Cond": "(mk.movie_id = t.id)",
                "Plans": [
                  {
                    "Node Type": "Seq Scan",
                    "Parent Relationship": "Outer",
                    "Parallel Aware": true,
                    "Relation Name": "movie_keyword",
                    "Alias": "mk",
                    "Startup Cost": 0.0,
                    "Total Cost": 57718.19,
                    "Plan Rows": 1949761,
                    "Plan Width": 4,
                    "Actual Startup Time": 0.115,
                    "Actual Total Time": 189.985,
                    "Actual Rows": 1651325,
                    "Actual Loops": 2,
                    "Filter": "(keyword_id > 1535)",
                    "Rows Removed by Filter": 610640
                  },
                  {
                    "Node Type": "Hash",
                    "Parent Relationship": "Inner",
                    "Parallel Aware": true,
                    "Startup Cost": 58306.47,
                    "Total Cost": 58306.47,
                    "Plan Rows": 330663,
                    "Plan Width": 4,
                    "Actual Startup Time": 227.68,
                    "Actual Total Time": 227.681,
                    "Actual Rows": 320892,
                    "Actual Loops": 2,
                    "Hash Buckets": 1048576,
                    "Original Hash Buckets": 1048576,
                    "Hash Batches": 1,
                    "Original Hash Batches": 1,
                    "Peak Memory Usage": 33312,
                    "Plans": [
                      {
                        "Node Type": "Seq Scan",
                        "Parent Relationship": "Outer",
                        "Parallel Aware": true,
                        "Relation Name": "title",
                        "Alias": "t",
                        "Startup Cost": 0.0,
                        "Total Cost": 58306.47,
                        "Plan Rows": 330663,
                        "Plan Width": 4,
                        "Actual Startup Time": 0.037,
                        "Actual Total Time": 151.14,
                        "Actual Rows": 320892,
                        "Actual Loops": 2,
                        "Filter": "((kind_id < 7) AND (production_year < 2006))",
                        "Rows Removed by Filter": 943264
                      }
                    ]
                  }
                ]
              }
            ]
          }
        ]
      }
    ]
  },
  "Planning Time": 0.6,
  "Triggers": [],
  "Execution Time": 687.111
}