[
    {
        "Bao": {
            "Bao prediction": "NaN",
            "Bao recommended hint": "(no hint)"
        }
    },
    {
        "Plan": {
            "Node Type": "Aggregate",
            "Strategy": "Plain",
            "Partial Mode": "Finalize",
            "Parallel Aware": false,
            "Startup Cost": 45323.12,
            "Total Cost": 45323.13,
            "Plan Rows": 1,
            "Plan Width": 8,
            "Actual Startup Time": 148.248,
            "Actual Total Time": 152.895,
            "Actual Rows": 1,
            "Actual Loops": 1,
            "Output": [
                "count(*)"
            ],
            "Plans": [
                {
                    "Node Type": "Gather",
                    "Parent Relationship": "Outer",
                    "Parallel Aware": false,
                    "Startup Cost": 45322.8,
                    "Total Cost": 45323.11,
                    "Plan Rows": 3,
                    "Plan Width": 8,
                    "Actual Startup Time": 148.155,
                    "Actual Total Time": 152.888,
                    "Actual Rows": 4,
                    "Actual Loops": 1,
                    "Output": [
                        "(PARTIAL count(*))"
                    ],
                    "Workers Planned": 3,
                    "Workers Launched": 3,
                    "Single Copy": false,
                    "Plans": [
                        {
                            "Node Type": "Aggregate",
                            "Strategy": "Plain",
                            "Partial Mode": "Partial",
                            "Parent Relationship": "Outer",
                            "Parallel Aware": false,
                            "Startup Cost": 44322.8,
                            "Total Cost": 44322.81,
                            "Plan Rows": 1,
                            "Plan Width": 8,
                            "Actual Startup Time": 140.292,
                            "Actual Total Time": 140.294,
                            "Actual Rows": 1,
                            "Actual Loops": 4,
                            "Output": [
                                "PARTIAL count(*)"
                            ],
                            "Workers": [
                                {
                                    "Worker Number": 0,
                                    "Actual Startup Time": 137.689,
                                    "Actual Total Time": 137.69,
                                    "Actual Rows": 1,
                                    "Actual Loops": 1
                                },
                                {
                                    "Worker Number": 1,
                                    "Actual Startup Time": 137.712,
                                    "Actual Total Time": 137.714,
                                    "Actual Rows": 1,
                                    "Actual Loops": 1
                                },
                                {
                                    "Worker Number": 2,
                                    "Actual Startup Time": 137.903,
                                    "Actual Total Time": 137.904,
                                    "Actual Rows": 1,
                                    "Actual Loops": 1
                                }
                            ],
                            "Plans": [
                                {
                                    "Node Type": "Seq Scan",
                                    "Parent Relationship": "Outer",
                                    "Parallel Aware": true,
                                    "Relation Name": "movie_keyword",
                                    "Schema": "public",
                                    "Alias": "mk",
                                    "Startup Cost": 0.0,
                                    "Total Cost": 42695.65,
                                    "Plan Rows": 650860,
                                    "Plan Width": 0,
                                    "Actual Startup Time": 0.407,
                                    "Actual Total Time": 113.508,
                                    "Actual Rows": 500904,
                                    "Actual Loops": 4,
                                    "Output": [
                                        "id",
                                        "movie_id",
                                        "keyword_id"
                                    ],
                                    "Filter": "(mk.keyword_id > 6243)",
                                    "Rows Removed by Filter": 630078,
                                    "Workers": [
                                        {
                                            "Worker Number": 0,
                                            "Actual Startup Time": 0.057,
                                            "Actual Total Time": 112.071,
                                            "Actual Rows": 512305,
                                            "Actual Loops": 1
                                        },
                                        {
                                            "Worker Number": 1,
                                            "Actual Startup Time": 0.067,
                                            "Actual Total Time": 112.021,
                                            "Actual Rows": 513123,
                                            "Actual Loops": 1
                                        },
                                        {
                                            "Worker Number": 2,
                                            "Actual Startup Time": 0.07,
                                            "Actual Total Time": 112.213,
                                            "Actual Rows": 517494,
                                            "Actual Loops": 1
                                        }
                                    ]
                                }
                            ]
                        }
                    ]
                }
            ]
        },
        "Planning Time": 307.946,
        "Triggers": [],
        "Execution Time": 152.943
    }
]