[
  {
    "Plan": {
      "Node Type": "Aggregate",
      "Strategy": "Plain",
      "Partial Mode": "Finalize",
      "Parallel Aware": false,
      "Startup Cost": 80676.16,
      "Total Cost": 80676.17,
      "Plan Rows": 1,
      "Plan Width": 8,
      "Actual Startup Time": 447.758,
      "Actual Total Time": 467.115,
      "Actual Rows": 1,
      "Actual Loops": 1,
      "Plans": [
        {
          "Node Type": "Gather",
          "Parent Relationship": "Outer",
          "Parallel Aware": false,
          "Startup Cost": 80675.84,
          "Total Cost": 80676.15,
          "Plan Rows": 3,
          "Plan Width": 8,
          "Actual Startup Time": 435.385,
          "Actual Total Time": 467.105,
          "Actual Rows": 4,
          "Actual Loops": 1,
          "Workers Planned": 3,
          "Workers Launched": 3,
          "Single Copy": false,
          "Plans": [
            {
              "Node Type": "Aggregate",
              "Strategy": "Plain",
              "Partial Mode": "Partial",
              "Parent Relationship": "Outer",
              "Parallel Aware": false,
              "Startup Cost": 79675.84,
              "Total Cost": 79675.85,
              "Plan Rows": 1,
              "Plan Width": 8,
              "Actual Startup Time": 417.605,
              "Actual Total Time": 417.609,
              "Actual Rows": 1,
              "Actual Loops": 4,
              "Plans": [
                {
                  "Node Type": "Hash Join",
                  "Parent Relationship": "Outer",
                  "Parallel Aware": true,
                  "Join Type": "Inner",
                  "Startup Cost": 54164.86,
                  "Total Cost": 79525.91,
                  "Plan Rows": 59970,
                  "Plan Width": 0,
                  "Actual Startup Time": 361.982,
                  "Actual Total Time": 415.07,
                  "Actual Rows": 47072,
                  "Actual Loops": 4,
                  "Inner Unique": true,
                  "Hash Cond": "(mk.movie_id = t.id)",
                  "Plans": [
                    {
                      "Node Type": "Bitmap Heap Scan",
                      "Parent Relationship": "Outer",
                      "Parallel Aware": true,
                      "Relation Name": "movie_keyword",
                      "Alias": "mk",
                      "Startup Cost": 3945.22,
                      "Total Cost": 29148.85,
                      "Plan Rows": 59970,
                      "Plan Width": 4,
                      "Actual Startup Time": 13.177,
                      "Actual Total Time": 48.23,
                      "Actual Rows": 47072,
                      "Actual Loops": 4,
                      "Recheck Cond": "(keyword_id > 71303)",
                      "Rows Removed by Index Recheck": 0,
                      "Exact Heap Blocks": 7152,
                      "Lossy Heap Blocks": 0,
                      "Plans": [
                        {
                          "Node Type": "Bitmap Index Scan",
                          "Parent Relationship": "Outer",
                          "Parallel Aware": false,
                          "Index Name": "keyword_id_movie_keyword",
                          "Startup Cost": 0.0,
                          "Total Cost": 3898.74,
                          "Plan Rows": 185908,
                          "Plan Width": 0,
                          "Actual Startup Time": 10.195,
                          "Actual Total Time": 10.196,
                          "Actual Rows": 188287,
                          "Actual Loops": 1,
                          "Index Cond": "(keyword_id > 71303)"
                        }
                      ]
                    },
                    {
                      "Node Type": "Hash",
                      "Parent Relationship": "Inner",
                      "Parallel Aware": true,
                      "Startup Cost": 42318.73,
                      "Total Cost": 42318.73,
                      "Plan Rows": 632073,
                      "Plan Width": 4,
                      "Actual Startup Time": 337.677,
                      "Actual Total Time": 337.678,
                      "Actual Rows": 632078,
                      "Actual Loops": 4,
                      "Hash Buckets": 4194304,
                      "Original Hash Buckets": 4194304,
                      "Hash Batches": 1,
                      "Original Hash Batches": 1,
                      "Peak Memory Usage": 131744,
                      "Plans": [
                        {
                          "Node Type": "Seq Scan",
                          "Parent Relationship": "Outer",
                          "Parallel Aware": true,
                          "Relation Name": "title",
                          "Alias": "t",
                          "Startup Cost": 0.0,
                          "Total Cost": 42318.73,
                          "Plan Rows": 632073,
                          "Plan Width": 4,
                          "Actual Startup Time": 0.036,
                          "Actual Total Time": 101.793,
                          "Actual Rows": 632078,
                          "Actual Loops": 4
                        }
                      ]
                    }
                  ]
                }
              ]
            }
          ]
        }
      ]
    },
    "Planning Time": 0.667,
    "Triggers": [],
    "Execution Time": 467.202
  }
]