{
  "Plan": {
    "Node Type": "Aggregate",
    "Strategy": "Plain",
    "Partial Mode": "Finalize",
    "Parallel Aware": false,
    "Startup Cost": 155690.55,
    "Total Cost": 155690.56,
    "Plan Rows": 1,
    "Plan Width": 68,
    "Actual Startup Time": 1885.389,
    "Actual Total Time": 1917.866,
    "Actual Rows": 1,
    "Actual Loops": 1,
    "Plans": [
      {
        "Node Type": "Gather",
        "Parent Relationship": "Outer",
        "Parallel Aware": false,
        "Startup Cost": 155690.11,
        "Total Cost": 155690.52,
        "Plan Rows": 4,
        "Plan Width": 68,
        "Actual Startup Time": 1848.781,
        "Actual Total Time": 1917.845,
        "Actual Rows": 5,
        "Actual Loops": 1,
        "Workers Planned": 4,
        "Workers Launched": 4,
        "Single Copy": false,
        "Plans": [
          {
            "Node Type": "Aggregate",
            "Strategy": "Plain",
            "Partial Mode": "Partial",
            "Parent Relationship": "Outer",
            "Parallel Aware": false,
            "Startup Cost": 154690.11,
            "Total Cost": 154690.12,
            "Plan Rows": 1,
            "Plan Width": 68,
            "Actual Startup Time": 1837.648,
            "Actual Total Time": 1837.675,
            "Actual Rows": 1,
            "Actual Loops": 5,
            "Plans": [
              {
                "Node Type": "Hash Join",
                "Parent Relationship": "Outer",
                "Parallel Aware": false,
                "Join Type": "Inner",
                "Startup Cost": 108525.37,
                "Total Cost": 154685.93,
                "Plan Rows": 558,
                "Plan Width": 45,
                "Actual Startup Time": 1829.459,
                "Actual Total Time": 1837.66,
                "Actual Rows": 1,
                "Actual Loops": 5,
                "Inner Unique": false,
                "Hash Cond": "(t.id = mc.movie_id)",
                "Plans": [
                  {
                    "Node Type": "Seq Scan",
                    "Parent Relationship": "Outer",
                    "Parallel Aware": true,
                    "Relation Name": "title",
                    "Alias": "t",
                    "Startup Cost": 0.0,
                    "Total Cost": 45479.91,
                    "Plan Rows": 180019,
                    "Plan Width": 25,
                    "Actual Startup Time": 0.063,
                    "Actual Total Time": 153.058,
                    "Actual Rows": 143252,
                    "Actual Loops": 5,
                    "Filter": "((production_year >= 2005) AND (production_year <= 2010))",
                    "Rows Removed by Filter": 362411
                  },
                  {
                    "Node Type": "Hash",
                    "Parent Relationship": "Inner",
                    "Parallel Aware": false,
                    "Startup Cost": 108427.39,
                    "Total Cost": 108427.39,
                    "Plan Rows": 7838,
                    "Plan Width": 32,
                    "Actual Startup Time": 1666.828,
                    "Actual Total Time": 1666.853,
                    "Actual Rows": 5,
                    "Actual Loops": 5,
                    "Hash Buckets": 8192,
                    "Original Hash Buckets": 8192,
                    "Hash Batches": 1,
                    "Original Hash Batches": 1,
                    "Peak Memory Usage": 65,
                    "Plans": [
                      {
                        "Node Type": "Hash Join",
                        "Parent Relationship": "Outer",
                        "Parallel Aware": false,
                        "Join Type": "Inner",
                        "Startup Cost": 107130.62,
                        "Total Cost": 108427.39,
                        "Plan Rows": 7838,
                        "Plan Width": 32,
                        "Actual Startup Time": 1666.756,
                        "Actual Total Time": 1666.836,
                        "Actual Rows": 5,
                        "Actual Loops": 5,
                        "Inner Unique": true,
                        "Hash Cond": "(mc.company_type_id = ct.id)",
                        "Plans": [
                          {
                            "Node Type": "Hash Join",
                            "Parent Relationship": "Outer",
                            "Parallel Aware": false,
                            "Join Type": "Inner",
                            "Startup Cost": 107129.56,
                            "Total Cost": 108256.83,
                            "Plan Rows": 31354,
                            "Plan Width": 36,
                            "Actual Startup Time": 1666.584,
                            "Actual Total Time": 1666.651,
                            "Actual Rows": 100,
                            "Actual Loops": 5,
                            "Inner Unique": false,
                            "Hash Cond": "(mi_idx.movie_id = mc.movie_id)",
                            "Plans": [
                              {
                                "Node Type": "Hash Join",
                                "Parent Relationship": "Outer",
                                "Parallel Aware": false,
                                "Join Type": "Inner",
                                "Startup Cost": 38985.79,
                                "Total Cost": 39692.65,
                                "Plan Rows": 12213,
                                "Plan Width": 4,
                                "Actual Startup Time": 523.982,
                                "Actual Total Time": 523.99,
                                "Actual Rows": 10,
                                "Actual Loops": 5,
                                "Inner Unique": false,
                                "Hash Cond": "(it.id = mi_idx.info_type_id)",
                                "Plans": [
                                  {
                                    "Node Type": "Seq Scan",
                                    "Parent Relationship": "Outer",
                                    "Parallel Aware": false,
                                    "Relation Name": "info_type",
                                    "Alias": "it",
                                    "Startup Cost": 0.0,
                                    "Total Cost": 2.41,
                                    "Plan Rows": 1,
                                    "Plan Width": 4,
                                    "Actual Startup Time": 0.07,
                                    "Actual Total Time": 0.072,
                                    "Actual Rows": 1,
                                    "Actual Loops": 5,
                                    "Filter": "((info)::text = 'bottom 10 rank'::text)",
                                    "Rows Removed by Filter": 112
                                  },
                                  {
                                    "Node Type": "Hash",
                                    "Parent Relationship": "Inner",
                                    "Parallel Aware": false,
                                    "Startup Cost": 21735.35,
                                    "Total Cost": 21735.35,
                                    "Plan Rows": 1380035,
                                    "Plan Width": 8,
                                    "Actual Startup Time": 501.731,
                                    "Actual Total Time": 501.733,
                                    "Actual Rows": 1380035,
                                    "Actual Loops": 5,
                                    "Hash Buckets": 2097152,
                                    "Original Hash Buckets": 2097152,
                                    "Hash Batches": 1,
                                    "Original Hash Batches": 1,
                                    "Peak Memory Usage": 70292,
                                    "Plans": [
                                      {
                                        "Node Type": "Seq Scan",
                                        "Parent Relationship": "Outer",
                                        "Parallel Aware": false,
                                        "Relation Name": "movie_info_idx",
                                        "Alias": "mi_idx",
                                        "Startup Cost": 0.0,
                                        "Total Cost": 21735.35,
                                        "Plan Rows": 1380035,
                                        "Plan Width": 8,
                                        "Actual Startup Time": 0.066,
                                        "Actual Total Time": 231.961,
                                        "Actual Rows": 1380035,
                                        "Actual Loops": 5
                                      }
                                    ]
                                  }
                                ]
                              },
                              {
                                "Node Type": "Hash",
                                "Parent Relationship": "Inner",
                                "Parallel Aware": false,
                                "Startup Cost": 51404.11,
                                "Total Cost": 51404.11,
                                "Plan Rows": 1339173,
                                "Plan Width": 32,
                                "Actual Startup Time": 1126.944,
                                "Actual Total Time": 1126.945,
                                "Actual Rows": 1337088,
                                "Actual Loops": 5,
                                "Hash Buckets": 2097152,
                                "Original Hash Buckets": 2097152,
                                "Hash Batches": 1,
                                "Original Hash Batches": 1,
                                "Peak Memory Usage": 102746,
                                "Plans": [
                                  {
                                    "Node Type": "Seq Scan",
                                    "Parent Relationship": "Outer",
                                    "Parallel Aware": false,
                                    "Relation Name": "movie_companies",
                                    "Alias": "mc",
                                    "Startup Cost": 0.0,
                                    "Total Cost": 51404.11,
                                    "Plan Rows": 1339173,
                                    "Plan Width": 32,
                                    "Actual Startup Time": 0.081,
                                    "Actual Total Time": 600.147,
                                    "Actual Rows": 1337088,
                                    "Actual Loops": 5,
                                    "Filter": "(note !~~ '%(as Metro-Goldwyn-Mayer Pictures)%'::text)",
                                    "Rows Removed by Filter": 1272041
                                  }
                                ]
                              }
                            ]
                          },
                          {
                            "Node Type": "Hash",
                            "Parent Relationship": "Inner",
                            "Parallel Aware": false,
                            "Startup Cost": 1.05,
                            "Total Cost": 1.05,
                            "Plan Rows": 1,
                            "Plan Width": 4,
                            "Actual Startup Time": 0.117,
                            "Actual Total Time": 0.118,
                            "Actual Rows": 1,
                            "Actual Loops": 5,
                            "Hash Buckets": 1024,
                            "Original Hash Buckets": 1024,
                            "Hash Batches": 1,
                            "Original Hash Batches": 1,
                            "Peak Memory Usage": 9,
                            "Plans": [
                              {
                                "Node Type": "Seq Scan",
                                "Parent Relationship": "Outer",
                                "Parallel Aware": false,
                                "Relation Name": "company_type",
                                "Alias": "ct",
                                "Startup Cost": 0.0,
                                "Total Cost": 1.05,
                                "Plan Rows": 1,
                                "Plan Width": 4,
                                "Actual Startup Time": 0.088,
                                "Actual Total Time": 0.092,
                                "Actual Rows": 1,
                                "Actual Loops": 5,
                                "Filter": "((kind)::text = 'production companies'::text)",
                                "Rows Removed by Filter": 3
                              }
                            ]
                          }
                        ]
                      }
                    ]
                  }
                ]
              }
            ]
          }
        ]
      }
    ]
  },
  "Planning Time": 5.917,
  "Triggers": [],
  "Execution Time": 1925.56
}