[
  {
    "Plan": {
      "Node Type": "Aggregate",
      "Strategy": "Plain",
      "Partial Mode": "Finalize",
      "Parallel Aware": false,
      "Startup Cost": 429056.68,
      "Total Cost": 429056.69,
      "Plan Rows": 1,
      "Plan Width": 8,
      "Actual Startup Time": 1617.073,
      "Actual Total Time": 1679.559,
      "Actual Rows": 1,
      "Actual Loops": 1,
      "Plans": [
        {
          "Node Type": "Gather",
          "Parent Relationship": "Outer",
          "Parallel Aware": false,
          "Startup Cost": 429056.05,
          "Total Cost": 429056.66,
          "Plan Rows": 6,
          "Plan Width": 8,
          "Actual Startup Time": 1593.945,
          "Actual Total Time": 1679.548,
          "Actual Rows": 7,
          "Actual Loops": 1,
          "Workers Planned": 6,
          "Workers Launched": 6,
          "Single Copy": false,
          "Plans": [
            {
              "Node Type": "Aggregate",
              "Strategy": "Plain",
              "Partial Mode": "Partial",
              "Parent Relationship": "Outer",
              "Parallel Aware": false,
              "Startup Cost": 428056.05,
              "Total Cost": 428056.06,
              "Plan Rows": 1,
              "Plan Width": 8,
              "Actual Startup Time": 1582.041,
              "Actual Total Time": 1582.415,
              "Actual Rows": 1,
              "Actual Loops": 7,
              "Plans": [
                {
                  "Node Type": "Hash Join",
                  "Parent Relationship": "Outer",
                  "Parallel Aware": true,
                  "Join Type": "Inner",
                  "Startup Cost": 87328.04,
                  "Total Cost": 425973.96,
                  "Plan Rows": 832835,
                  "Plan Width": 0,
                  "Actual Startup Time": 411.713,
                  "Actual Total Time": 1537.613,
                  "Actual Rows": 998200,
                  "Actual Loops": 7,
                  "Inner Unique": false,
                  "Hash Cond": "(ci.movie_id = t.id)",
                  "Plans": [
                    {
                      "Node Type": "Seq Scan",
                      "Parent Relationship": "Outer",
                      "Parallel Aware": true,
                      "Relation Name": "cast_info",
                      "Alias": "ci",
                      "Startup Cost": 0.0,
                      "Total Cost": 328162.03,
                      "Plan Rows": 2079287,
                      "Plan Width": 4,
                      "Actual Startup Time": 0.028,
                      "Actual Total Time": 647.228,
                      "Actual Rows": 1810098,
                      "Actual Loops": 7,
                      "Filter": "(role_id = 1)",
                      "Rows Removed by Filter": 3367665
                    },
                    {
                      "Node Type": "Hash",
                      "Parent Relationship": "Inner",
                      "Parallel Aware": true,
                      "Startup Cost": 83244.65,
                      "Total Cost": 83244.65,
                      "Plan Rows": 326671,
                      "Plan Width": 8,
                      "Actual Startup Time": 408.67,
                      "Actual Total Time": 409.042,
                      "Actual Rows": 116937,
                      "Actual Loops": 7,
                      "Hash Buckets": 1048576,
                      "Original Hash Buckets": 1048576,
                      "Hash Batches": 1,
                      "Original Hash Batches": 1,
                      "Peak Memory Usage": 40352,
                      "Plans": [
                        {
                          "Node Type": "Hash Join",
                          "Parent Relationship": "Outer",
                          "Parallel Aware": true,
                          "Join Type": "Inner",
                          "Startup Cost": 50855.99,
                          "Total Cost": 83244.65,
                          "Plan Rows": 326671,
                          "Plan Width": 8,
                          "Actual Startup Time": 275.262,
                          "Actual Total Time": 361.257,
                          "Actual Rows": 116937,
                          "Actual Loops": 7,
                          "Inner Unique": true,
                          "Hash Cond": "(mc.movie_id = t.id)",
                          "Plans": [
                            {
                              "Node Type": "Seq Scan",
                              "Parent Relationship": "Outer",
                              "Parallel Aware": true,
                              "Relation Name": "movie_companies",
                              "Alias": "mc",
                              "Startup Cost": 0.0,
                              "Total Cost": 31414.82,
                              "Plan Rows": 370989,
                              "Plan Width": 4,
                              "Actual Startup Time": 22.346,
                              "Actual Total Time": 49.066,
                              "Actual Rows": 141275,
                              "Actual Loops": 7,
                              "Filter": "((company_id < 88689) AND (company_type_id = 2))",
                              "Rows Removed by Filter": 231458
                            },
                            {
                              "Node Type": "Hash",
                              "Parent Relationship": "Inner",
                              "Parallel Aware": true,
                              "Startup Cost": 43898.92,
                              "Total Cost": 43898.92,
                              "Plan Rows": 556566,
                              "Plan Width": 4,
                              "Actual Startup Time": 248.742,
                              "Actual Total Time": 248.743,
                              "Actual Rows": 316403,
                              "Actual Loops": 7,
                              "Hash Buckets": 4194304,
                              "Original Hash Buckets": 4194304,
                              "Hash Batches": 1,
                              "Original Hash Batches": 1,
                              "Peak Memory Usage": 119520,
                              "Plans": [
                                {
                                  "Node Type": "Seq Scan",
                                  "Parent Relationship": "Outer",
                                  "Parallel Aware": true,
                                  "Relation Name": "title",
                                  "Alias": "t",
                                  "Startup Cost": 0.0,
                                  "Total Cost": 43898.92,
                                  "Plan Rows": 556566,
                                  "Plan Width": 4,
                                  "Actual Startup Time": 0.047,
                                  "Actual Total Time": 82.98,
                                  "Actual Rows": 316403,
                                  "Actual Loops": 7,
                                  "Filter": "(production_year > 1959)",
                                  "Rows Removed by Filter": 44785
                                }
                              ]
                            }
                          ]
                        }
                      ]
                    }
                  ]
                }
              ]
            }
          ]
        }
      ]
    },
    "Planning Time": 1.425,
    "Triggers": [],
    "Execution Time": 1679.654
  }
]