[
  {
    "Plan": {
      "Node Type": "Aggregate",
      "Strategy": "Plain",
      "Partial Mode": "Finalize",
      "Parallel Aware": false,
      "Startup Cost": 33351.14,
      "Total Cost": 33351.15,
      "Plan Rows": 1,
      "Plan Width": 8,
      "Actual Startup Time": 97.204,
      "Actual Total Time": 105.918,
      "Actual Rows": 1,
      "Actual Loops": 1,
      "Plans": [
        {
          "Node Type": "Gather",
          "Parent Relationship": "Outer",
          "Parallel Aware": false,
          "Startup Cost": 33350.82,
          "Total Cost": 33351.13,
          "Plan Rows": 3,
          "Plan Width": 8,
          "Actual Startup Time": 97.068,
          "Actual Total Time": 105.904,
          "Actual Rows": 4,
          "Actual Loops": 1,
          "Workers Planned": 3,
          "Workers Launched": 3,
          "Single Copy": false,
          "Plans": [
            {
              "Node Type": "Aggregate",
              "Strategy": "Plain",
              "Partial Mode": "Partial",
              "Parent Relationship": "Outer",
              "Parallel Aware": false,
              "Startup Cost": 32350.82,
              "Total Cost": 32350.83,
              "Plan Rows": 1,
              "Plan Width": 8,
              "Actual Startup Time": 93.199,
              "Actual Total Time": 93.2,
              "Actual Rows": 1,
              "Actual Loops": 4,
              "Plans": [
                {
                  "Node Type": "Seq Scan",
                  "Parent Relationship": "Outer",
                  "Parallel Aware": true,
                  "Relation Name": "movie_companies",
                  "Alias": "mc",
                  "Startup Cost": 0.0,
                  "Total Cost": 31414.82,
                  "Plan Rows": 374402,
                  "Plan Width": 0,
                  "Actual Startup Time": 0.054,
                  "Actual Total Time": 79.185,
                  "Actual Rows": 274428,
                  "Actual Loops": 4,
                  "Filter": "((company_id > 91) AND (company_type_id = 1))",
                  "Rows Removed by Filter": 377854
                }
              ]
            }
          ]
        }
      ]
    },
    "Planning Time": 0.18,
    "Triggers": [],
    "Execution Time": 105.968
  }
]