[
  {
    "Plan": {
      "Node Type": "Aggregate",
      "Strategy": "Plain",
      "Partial Mode": "Finalize",
      "Parallel Aware": false,
      "Startup Cost": 355991.74,
      "Total Cost": 355991.75,
      "Plan Rows": 1,
      "Plan Width": 8,
      "Actual Startup Time": 962.293,
      "Actual Total Time": 1010.743,
      "Actual Rows": 1,
      "Actual Loops": 1,
      "Plans": [
        {
          "Node Type": "Gather",
          "Parent Relationship": "Outer",
          "Parallel Aware": false,
          "Startup Cost": 355991.12,
          "Total Cost": 355991.73,
          "Plan Rows": 6,
          "Plan Width": 8,
          "Actual Startup Time": 962.099,
          "Actual Total Time": 1010.727,
          "Actual Rows": 7,
          "Actual Loops": 1,
          "Workers Planned": 6,
          "Workers Launched": 6,
          "Single Copy": false,
          "Plans": [
            {
              "Node Type": "Aggregate",
              "Strategy": "Plain",
              "Partial Mode": "Partial",
              "Parent Relationship": "Outer",
              "Parallel Aware": false,
              "Startup Cost": 354991.12,
              "Total Cost": 354991.13,
              "Plan Rows": 1,
              "Plan Width": 8,
              "Actual Startup Time": 952.678,
              "Actual Total Time": 952.679,
              "Actual Rows": 1,
              "Actual Loops": 7,
              "Plans": [
                {
                  "Node Type": "Seq Scan",
                  "Parent Relationship": "Outer",
                  "Parallel Aware": true,
                  "Relation Name": "cast_info",
                  "Alias": "ci",
                  "Startup Cost": 0.0,
                  "Total Cost": 343316.27,
                  "Plan Rows": 4669939,
                  "Plan Width": 0,
                  "Actual Startup Time": 23.153,
                  "Actual Total Time": 756.494,
                  "Actual Rows": 3986919,
                  "Actual Loops": 7,
                  "Filter": "((person_id > 101865) AND (role_id < 8))",
                  "Rows Removed by Filter": 1190845
                }
              ]
            }
          ]
        }
      ]
    },
    "Planning Time": 0.154,
    "Triggers": [],
    "Execution Time": 1010.829
  }
]