[
  {
    "Plan": {
      "Node Type": "Aggregate",
      "Strategy": "Plain",
      "Partial Mode": "Finalize",
      "Parallel Aware": false,
      "Startup Cost": 342219.56,
      "Total Cost": 342219.57,
      "Plan Rows": 1,
      "Plan Width": 8,
      "Actual Startup Time": 847.683,
      "Actual Total Time": 907.198,
      "Actual Rows": 1,
      "Actual Loops": 1,
      "Plans": [
        {
          "Node Type": "Gather",
          "Parent Relationship": "Outer",
          "Parallel Aware": false,
          "Startup Cost": 342218.94,
          "Total Cost": 342219.55,
          "Plan Rows": 6,
          "Plan Width": 8,
          "Actual Startup Time": 847.501,
          "Actual Total Time": 907.187,
          "Actual Rows": 7,
          "Actual Loops": 1,
          "Workers Planned": 6,
          "Workers Launched": 6,
          "Single Copy": false,
          "Plans": [
            {
              "Node Type": "Aggregate",
              "Strategy": "Plain",
              "Partial Mode": "Partial",
              "Parent Relationship": "Outer",
              "Parallel Aware": false,
              "Startup Cost": 341218.94,
              "Total Cost": 341218.95,
              "Plan Rows": 1,
              "Plan Width": 8,
              "Actual Startup Time": 838.719,
              "Actual Total Time": 838.72,
              "Actual Rows": 1,
              "Actual Loops": 7,
              "Plans": [
                {
                  "Node Type": "Seq Scan",
                  "Parent Relationship": "Outer",
                  "Parallel Aware": true,
                  "Relation Name": "cast_info",
                  "Alias": "ci",
                  "Startup Cost": 0.0,
                  "Total Cost": 328162.03,
                  "Plan Rows": 5222765,
                  "Plan Width": 0,
                  "Actual Startup Time": 0.048,
                  "Actual Total Time": 645.203,
                  "Actual Rows": 4506372,
                  "Actual Loops": 7,
                  "Filter": "(person_id < 3211055)",
                  "Rows Removed by Filter": 671391
                }
              ]
            }
          ]
        }
      ]
    },
    "Planning Time": 0.169,
    "Triggers": [],
    "Execution Time": 907.263
  }
]