{
    "Plan": {
        "Node Type": "Aggregate",
        "Strategy": "Plain",
        "Partial Mode": "Finalize",
        "Parallel Aware": false,
        "Startup Cost": 345905.21,
        "Total Cost": 345905.22,
        "Plan Rows": 1,
        "Plan Width": 8,
        "Actual Startup Time": 1685.539,
        "Actual Total Time": 1768.632,
        "Actual Rows": 1,
        "Actual Loops": 1,
        "Output": [
            "count(*)"
        ],
        "Plans": [
            {
                "Node Type": "Gather",
                "Parent Relationship": "Outer",
                "Parallel Aware": false,
                "Startup Cost": 345904.79,
                "Total Cost": 345905.2,
                "Plan Rows": 4,
                "Plan Width": 8,
                "Actual Startup Time": 1682.861,
                "Actual Total Time": 1768.617,
                "Actual Rows": 5,
                "Actual Loops": 1,
                "Output": [
                    "(PARTIAL count(*))"
                ],
                "Workers Planned": 4,
                "Workers Launched": 4,
                "Single Copy": false,
                "Plans": [
                    {
                        "Node Type": "Aggregate",
                        "Strategy": "Plain",
                        "Partial Mode": "Partial",
                        "Parent Relationship": "Outer",
                        "Parallel Aware": false,
                        "Startup Cost": 344904.79,
                        "Total Cost": 344904.8,
                        "Plan Rows": 1,
                        "Plan Width": 8,
                        "Actual Startup Time": 1537.97,
                        "Actual Total Time": 1537.973,
                        "Actual Rows": 1,
                        "Actual Loops": 5,
                        "Output": [
                            "PARTIAL count(*)"
                        ],
                        "Workers": [
                            {
                                "Worker Number": 0,
                                "Actual Startup Time": 1672.625,
                                "Actual Total Time": 1672.628,
                                "Actual Rows": 1,
                                "Actual Loops": 1
                            },
                            {
                                "Worker Number": 1,
                                "Actual Startup Time": 1444.962,
                                "Actual Total Time": 1444.964,
                                "Actual Rows": 1,
                                "Actual Loops": 1
                            },
                            {
                                "Worker Number": 2,
                                "Actual Startup Time": 1445.068,
                                "Actual Total Time": 1445.072,
                                "Actual Rows": 1,
                                "Actual Loops": 1
                            },
                            {
                                "Worker Number": 3,
                                "Actual Startup Time": 1445.161,
                                "Actual Total Time": 1445.164,
                                "Actual Rows": 1,
                                "Actual Loops": 1
                            }
                        ],
                        "Plans": [
                            {
                                "Node Type": "Nested Loop",
                                "Parent Relationship": "Outer",
                                "Parallel Aware": false,
                                "Join Type": "Inner",
                                "Startup Cost": 2.26,
                                "Total Cost": 342901.84,
                                "Plan Rows": 801181,
                                "Plan Width": 0,
                                "Actual Startup Time": 4.984,
                                "Actual Total Time": 1485.03,
                                "Actual Rows": 874925,
                                "Actual Loops": 5,
                                "Inner Unique": false,
                                "Join Filter": "(t.id = ci.movie_id)",
                                "Rows Removed by Join Filter": 0,
                                "Workers": [
                                    {
                                        "Worker Number": 0,
                                        "Actual Startup Time": 4.043,
                                        "Actual Total Time": 1620.877,
                                        "Actual Rows": 682034,
                                        "Actual Loops": 1
                                    },
                                    {
                                        "Worker Number": 1,
                                        "Actual Startup Time": 5.642,
                                        "Actual Total Time": 1395.842,
                                        "Actual Rows": 1025384,
                                        "Actual Loops": 1
                                    },
                                    {
                                        "Worker Number": 2,
                                        "Actual Startup Time": 7.834,
                                        "Actual Total Time": 1392.402,
                                        "Actual Rows": 699708,
                                        "Actual Loops": 1
                                    },
                                    {
                                        "Worker Number": 3,
                                        "Actual Startup Time": 7.048,
                                        "Actual Total Time": 1399.273,
                                        "Actual Rows": 988696,
                                        "Actual Loops": 1
                                    }
                                ],
                                "Plans": [
                                    {
                                        "Node Type": "Merge Join",
                                        "Parent Relationship": "Outer",
                                        "Parallel Aware": false,
                                        "Join Type": "Inner",
                                        "Startup Cost": 1.7,
                                        "Total Cost": 154768.47,
                                        "Plan Rows": 55876,
                                        "Plan Width": 8,
                                        "Actual Startup Time": 4.797,
                                        "Actual Total Time": 637.147,
                                        "Actual Rows": 20752,
                                        "Actual Loops": 5,
                                        "Output": [
                                            "t.id",
                                            "mi_idx.movie_id"
                                        ],
                                        "Inner Unique": false,
                                        "Merge Cond": "(t.id = mi_idx.movie_id)",
                                        "Workers": [
                                            {
                                                "Worker Number": 0,
                                                "Actual Startup Time": 3.791,
                                                "Actual Total Time": 780.193,
                                                "Actual Rows": 16048,
                                                "Actual Loops": 1
                                            },
                                            {
                                                "Worker Number": 1,
                                                "Actual Startup Time": 5.443,
                                                "Actual Total Time": 536.388,
                                                "Actual Rows": 24752,
                                                "Actual Loops": 1
                                            },
                                            {
                                                "Worker Number": 2,
                                                "Actual Startup Time": 7.644,
                                                "Actual Total Time": 542.648,
                                                "Actual Rows": 16778,
                                                "Actual Loops": 1
                                            },
                                            {
                                                "Worker Number": 3,
                                                "Actual Startup Time": 6.791,
                                                "Actual Total Time": 527.105,
                                                "Actual Rows": 23354,
                                                "Actual Loops": 1
                                            }
                                        ],
                                        "Plans": [
                                            {
                                                "Node Type": "Index Scan",
                                                "Parent Relationship": "Outer",
                                                "Parallel Aware": true,
                                                "Scan Direction": "Forward",
                                                "Index Name": "title_pkey",
                                                "Relation Name": "title",
                                                "Schema": "public",
                                                "Alias": "t",
                                                "Startup Cost": 0.43,
                                                "Total Cost": 94540.09,
                                                "Plan Rows": 153345,
                                                "Plan Width": 4,
                                                "Actual Startup Time": 0.117,
                                                "Actual Total Time": 401.73,
                                                "Actual Rows": 135384,
                                                "Actual Loops": 5,
                                                "Output": [
                                                    "t.id",
                                                    "t.title",
                                                    "t.imdb_index",
                                                    "t.kind_id",
                                                    "t.production_year",
                                                    "t.imdb_id",
                                                    "t.phonetic_code",
                                                    "t.episode_of_id",
                                                    "t.season_nr",
                                                    "t.episode_nr",
                                                    "t.series_years",
                                                    "t.md5sum"
                                                ],
                                                "Filter": "((t.production_year > 2005) AND (t.kind_id = 7))",
                                                "Rows Removed by Filter": 370188,
                                                "Workers": [
                                                    {
                                                        "Worker Number": 0,
                                                        "Actual Startup Time": 0.127,
                                                        "Actual Total Time": 386.935,
                                                        "Actual Rows": 113232,
                                                        "Actual Loops": 1
                                                    },
                                                    {
                                                        "Worker Number": 1,
                                                        "Actual Startup Time": 0.132,
                                                        "Actual Total Time": 419.878,
                                                        "Actual Rows": 169629,
                                                        "Actual Loops": 1
                                                    },
                                                    {
                                                        "Worker Number": 2,
                                                        "Actual Startup Time": 0.154,
                                                        "Actual Total Time": 379.46,
                                                        "Actual Rows": 107886,
                                                        "Actual Loops": 1
                                                    },
                                                    {
                                                        "Worker Number": 3,
                                                        "Actual Startup Time": 0.131,
                                                        "Actual Total Time": 409.641,
                                                        "Actual Rows": 131055,
                                                        "Actual Loops": 1
                                                    }
                                                ]
                                            },
                                            {
                                                "Node Type": "Index Scan",
                                                "Parent Relationship": "Inner",
                                                "Parallel Aware": false,
                                                "Scan Direction": "Forward",
                                                "Index Name": "movie_id_movie_info_idx",
                                                "Relation Name": "movie_info_idx",
                                                "Schema": "public",
                                                "Alias": "mi_idx",
                                                "Startup Cost": 0.43,
                                                "Total Cost": 57080.9,
                                                "Plan Rows": 921265,
                                                "Plan Width": 4,
                                                "Actual Startup Time": 0.111,
                                                "Actual Total Time": 183.876,
                                                "Actual Rows": 583503,
                                                "Actual Loops": 5,
                                                "Output": [
                                                    "mi_idx.id",
                                                    "mi_idx.movie_id",
                                                    "mi_idx.info_type_id",
                                                    "mi_idx.info",
                                                    "mi_idx.note"
                                                ],
                                                "Filter": "(mi_idx.info_type_id > 99)",
                                                "Rows Removed by Filter": 291700,
                                                "Workers": [
                                                    {
                                                        "Worker Number": 0,
                                                        "Actual Startup Time": 0.159,
                                                        "Actual Total Time": 313.636,
                                                        "Actual Rows": 920110,
                                                        "Actual Loops": 1
                                                    },
                                                    {
                                                        "Worker Number": 1,
                                                        "Actual Startup Time": 0.119,
                                                        "Actual Total Time": 86.913,
                                                        "Actual Rows": 359129,
                                                        "Actual Loops": 1
                                                    },
                                                    {
                                                        "Worker Number": 2,
                                                        "Actual Startup Time": 0.127,
                                                        "Actual Total Time": 124.348,
                                                        "Actual Rows": 359003,
                                                        "Actual Loops": 1
                                                    },
                                                    {
                                                        "Worker Number": 3,
                                                        "Actual Startup Time": 0.127,
                                                        "Actual Total Time": 90.773,
                                                        "Actual Rows": 359161,
                                                        "Actual Loops": 1
                                                    }
                                                ]
                                            }
                                        ]
                                    },
                                    {
                                        "Node Type": "Index Only Scan",
                                        "Parent Relationship": "Inner",
                                        "Parallel Aware": false,
                                        "Scan Direction": "Forward",
                                        "Index Name": "movie_id_cast_info",
                                        "Relation Name": "cast_info",
                                        "Schema": "public",
                                        "Alias": "ci",
                                        "Startup Cost": 0.56,
                                        "Total Cost": 2.89,
                                        "Plan Rows": 38,
                                        "Plan Width": 4,
                                        "Actual Startup Time": 0.005,
                                        "Actual Total Time": 0.036,
                                        "Actual Rows": 42,
                                        "Actual Loops": 103758,
                                        "Output": [
                                            "ci.movie_id"
                                        ],
                                        "Index Cond": "(ci.movie_id = mi_idx.movie_id)",
                                        "Rows Removed by Index Recheck": 0,
                                        "Heap Fetches": 4374626,
                                        "Workers": [
                                            {
                                                "Worker Number": 0,
                                                "Actual Startup Time": 0.007,
                                                "Actual Total Time": 0.046,
                                                "Actual Rows": 42,
                                                "Actual Loops": 16048
                                            },
                                            {
                                                "Worker Number": 1,
                                                "Actual Startup Time": 0.005,
                                                "Actual Total Time": 0.031,
                                                "Actual Rows": 41,
                                                "Actual Loops": 24752
                                            },
                                            {
                                                "Worker Number": 2,
                                                "Actual Startup Time": 0.007,
                                                "Actual Total Time": 0.044,
                                                "Actual Rows": 42,
                                                "Actual Loops": 16778
                                            },
                                            {
                                                "Worker Number": 3,
                                                "Actual Startup Time": 0.005,
                                                "Actual Total Time": 0.033,
                                                "Actual Rows": 42,
                                                "Actual Loops": 23354
                                            }
                                        ]
                                    }
                                ]
                            }
                        ]
                    }
                ]
            }
        ]
    },
    "Planning Time": 1.48,
    "Triggers": [],
    "Execution Time": 1768.751
}