[
  {
    "Plan": {
      "Node Type": "Aggregate",
      "Strategy": "Plain",
      "Partial Mode": "Finalize",
      "Parallel Aware": false,
      "Startup Cost": 32783.2,
      "Total Cost": 32783.21,
      "Plan Rows": 1,
      "Plan Width": 8,
      "Actual Startup Time": 76.177,
      "Actual Total Time": 83.499,
      "Actual Rows": 1,
      "Actual Loops": 1,
      "Plans": [
        {
          "Node Type": "Gather",
          "Parent Relationship": "Outer",
          "Parallel Aware": false,
          "Startup Cost": 32782.89,
          "Total Cost": 32783.2,
          "Plan Rows": 3,
          "Plan Width": 8,
          "Actual Startup Time": 76.024,
          "Actual Total Time": 83.49,
          "Actual Rows": 4,
          "Actual Loops": 1,
          "Workers Planned": 3,
          "Workers Launched": 3,
          "Single Copy": false,
          "Plans": [
            {
              "Node Type": "Aggregate",
              "Strategy": "Plain",
              "Partial Mode": "Partial",
              "Parent Relationship": "Outer",
              "Parallel Aware": false,
              "Startup Cost": 31782.89,
              "Total Cost": 31782.9,
              "Plan Rows": 1,
              "Plan Width": 8,
              "Actual Startup Time": 71.289,
              "Actual Total Time": 71.29,
              "Actual Rows": 1,
              "Actual Loops": 4,
              "Plans": [
                {
                  "Node Type": "Seq Scan",
                  "Parent Relationship": "Outer",
                  "Parallel Aware": true,
                  "Relation Name": "movie_companies",
                  "Alias": "mc",
                  "Startup Cost": 0.0,
                  "Total Cost": 31414.82,
                  "Plan Rows": 147227,
                  "Plan Width": 0,
                  "Actual Startup Time": 37.957,
                  "Actual Total Time": 68.258,
                  "Actual Rows": 65031,
                  "Actual Loops": 4,
                  "Filter": "((company_id < 2805) AND (company_type_id > 1))",
                  "Rows Removed by Filter": 587251
                }
              ]
            }
          ]
        }
      ]
    },
    "Planning Time": 0.121,
    "Triggers": [],
    "Execution Time": 83.535
  }
]