[
  {
    "Plan": {
      "Node Type": "Aggregate",
      "Strategy": "Plain",
      "Partial Mode": "Finalize",
      "Parallel Aware": false,
      "Startup Cost": 45564.59,
      "Total Cost": 45564.6,
      "Plan Rows": 1,
      "Plan Width": 8,
      "Actual Startup Time": 160.048,
      "Actual Total Time": 167.608,
      "Actual Rows": 1,
      "Actual Loops": 1,
      "Plans": [
        {
          "Node Type": "Gather",
          "Parent Relationship": "Outer",
          "Parallel Aware": false,
          "Startup Cost": 45564.27,
          "Total Cost": 45564.58,
          "Plan Rows": 3,
          "Plan Width": 8,
          "Actual Startup Time": 159.939,
          "Actual Total Time": 167.6,
          "Actual Rows": 4,
          "Actual Loops": 1,
          "Workers Planned": 3,
          "Workers Launched": 3,
          "Single Copy": false,
          "Plans": [
            {
              "Node Type": "Aggregate",
              "Strategy": "Plain",
              "Partial Mode": "Partial",
              "Parent Relationship": "Outer",
              "Parallel Aware": false,
              "Startup Cost": 44564.27,
              "Total Cost": 44564.28,
              "Plan Rows": 1,
              "Plan Width": 8,
              "Actual Startup Time": 151.845,
              "Actual Total Time": 151.846,
              "Actual Rows": 1,
              "Actual Loops": 4,
              "Plans": [
                {
                  "Node Type": "Seq Scan",
                  "Parent Relationship": "Outer",
                  "Parallel Aware": true,
                  "Relation Name": "movie_keyword",
                  "Alias": "mk",
                  "Startup Cost": 0.0,
                  "Total Cost": 42695.65,
                  "Plan Rows": 747448,
                  "Plan Width": 0,
                  "Actual Startup Time": 0.679,
                  "Actual Total Time": 121.953,
                  "Actual Rows": 578288,
                  "Actual Loops": 4,
                  "Filter": "(keyword_id > 4460)",
                  "Rows Removed by Filter": 552694
                }
              ]
            }
          ]
        }
      ]
    },
    "Planning Time": 0.191,
    "Triggers": [],
    "Execution Time": 167.665
  }
]