[
  {
    "Plan": {
      "Node Type": "Aggregate",
      "Strategy": "Plain",
      "Partial Mode": "Finalize",
      "Parallel Aware": false,
      "Startup Cost": 128287.74,
      "Total Cost": 128287.75,
      "Plan Rows": 1,
      "Plan Width": 8,
      "Actual Startup Time": 913.461,
      "Actual Total Time": 934.618,
      "Actual Rows": 1,
      "Actual Loops": 1,
      "Plans": [
        {
          "Node Type": "Gather",
          "Parent Relationship": "Outer",
          "Parallel Aware": false,
          "Startup Cost": 128287.42,
          "Total Cost": 128287.73,
          "Plan Rows": 3,
          "Plan Width": 8,
          "Actual Startup Time": 907.885,
          "Actual Total Time": 934.606,
          "Actual Rows": 4,
          "Actual Loops": 1,
          "Workers Planned": 3,
          "Workers Launched": 3,
          "Single Copy": false,
          "Plans": [
            {
              "Node Type": "Aggregate",
              "Strategy": "Plain",
              "Partial Mode": "Partial",
              "Parent Relationship": "Outer",
              "Parallel Aware": false,
              "Startup Cost": 127287.42,
              "Total Cost": 127287.43,
              "Plan Rows": 1,
              "Plan Width": 8,
              "Actual Startup Time": 899.797,
              "Actual Total Time": 899.935,
              "Actual Rows": 1,
              "Actual Loops": 4,
              "Plans": [
                {
                  "Node Type": "Hash Join",
                  "Parent Relationship": "Outer",
                  "Parallel Aware": true,
                  "Join Type": "Inner",
                  "Startup Cost": 81205.22,
                  "Total Cost": 126506.23,
                  "Plan Rows": 312477,
                  "Plan Width": 0,
                  "Actual Startup Time": 504.697,
                  "Actual Total Time": 839.029,
                  "Actual Rows": 1441516,
                  "Actual Loops": 4,
                  "Inner Unique": false,
                  "Hash Cond": "(mk.movie_id = t.id)",
                  "Plans": [
                    {
                      "Node Type": "Seq Scan",
                      "Parent Relationship": "Outer",
                      "Parallel Aware": true,
                      "Relation Name": "movie_keyword",
                      "Alias": "mk",
                      "Startup Cost": 0.0,
                      "Total Cost": 39047.32,
                      "Plan Rows": 1459332,
                      "Plan Width": 4,
                      "Actual Startup Time": 0.03,
                      "Actual Total Time": 93.065,
                      "Actual Rows": 1130982,
                      "Actual Loops": 4
                    },
                    {
                      "Node Type": "Hash",
                      "Parent Relationship": "Inner",
                      "Parallel Aware": true,
                      "Startup Cost": 79513.44,
                      "Total Cost": 79513.44,
                      "Plan Rows": 135342,
                      "Plan Width": 8,
                      "Actual Startup Time": 499.608,
                      "Actual Total Time": 499.745,
                      "Actual Rows": 210539,
                      "Actual Loops": 4,
                      "Hash Buckets": 1048576,
                      "Original Hash Buckets": 1048576,
                      "Hash Batches": 1,
                      "Original Hash Batches": 1,
                      "Peak Memory Usage": 41184,
                      "Plans": [
                        {
                          "Node Type": "Hash Join",
                          "Parent Relationship": "Outer",
                          "Parallel Aware": true,
                          "Join Type": "Inner",
                          "Startup Cost": 33597.76,
                          "Total Cost": 79513.44,
                          "Plan Rows": 135342,
                          "Plan Width": 8,
                          "Actual Startup Time": 150.149,
                          "Actual Total Time": 427.208,
                          "Actual Rows": 210539,
                          "Actual Loops": 4,
                          "Inner Unique": false,
                          "Hash Cond": "(t.id = mc.movie_id)",
                          "Plans": [
                            {
                              "Node Type": "Seq Scan",
                              "Parent Relationship": "Outer",
                              "Parallel Aware": true,
                              "Relation Name": "title",
                              "Alias": "t",
                              "Startup Cost": 0.0,
                              "Total Cost": 42318.73,
                              "Plan Rows": 632073,
                              "Plan Width": 4,
                              "Actual Startup Time": 0.011,
                              "Actual Total Time": 74.581,
                              "Actual Rows": 632078,
                              "Actual Loops": 4
                            },
                            {
                              "Node Type": "Hash",
                              "Parent Relationship": "Inner",
                              "Parallel Aware": true,
                              "Startup Cost": 31414.82,
                              "Total Cost": 31414.82,
                              "Plan Rows": 174635,
                              "Plan Width": 4,
                              "Actual Startup Time": 147.376,
                              "Actual Total Time": 147.377,
                              "Actual Rows": 210539,
                              "Actual Loops": 4,
                              "Hash Buckets": 1048576,
                              "Original Hash Buckets": 1048576,
                              "Hash Batches": 1,
                              "Original Hash Batches": 1,
                              "Peak Memory Usage": 41184,
                              "Plans": [
                                {
                                  "Node Type": "Seq Scan",
                                  "Parent Relationship": "Outer",
                                  "Parallel Aware": true,
                                  "Relation Name": "movie_companies",
                                  "Alias": "mc",
                                  "Startup Cost": 0.0,
                                  "Total Cost": 31414.82,
                                  "Plan Rows": 174635,
                                  "Plan Width": 4,
                                  "Actual Startup Time": 47.18,
                                  "Actual Total Time": 84.85,
                                  "Actual Rows": 210539,
                                  "Actual Loops": 4,
                                  "Filter": "((company_id > 14475) AND (company_type_id = 2))",
                                  "Rows Removed by Filter": 441744
                                }
                              ]
                            }
                          ]
                        }
                      ]
                    }
                  ]
                }
              ]
            }
          ]
        }
      ]
    },
    "Planning Time": 1.408,
    "Triggers": [],
    "Execution Time": 934.7
  }
]