[
  {
    "Plan": {
      "Node Type": "Aggregate",
      "Strategy": "Plain",
      "Partial Mode": "Finalize",
      "Parallel Aware": false,
      "Startup Cost": 154889.76,
      "Total Cost": 154889.77,
      "Plan Rows": 1,
      "Plan Width": 8,
      "Actual Startup Time": 837.794,
      "Actual Total Time": 915.612,
      "Actual Rows": 1,
      "Actual Loops": 1,
      "Plans": [
        {
          "Node Type": "Gather",
          "Parent Relationship": "Outer",
          "Parallel Aware": false,
          "Startup Cost": 154889.34,
          "Total Cost": 154889.75,
          "Plan Rows": 4,
          "Plan Width": 8,
          "Actual Startup Time": 836.726,
          "Actual Total Time": 915.603,
          "Actual Rows": 5,
          "Actual Loops": 1,
          "Workers Planned": 4,
          "Workers Launched": 4,
          "Single Copy": false,
          "Plans": [
            {
              "Node Type": "Aggregate",
              "Strategy": "Plain",
              "Partial Mode": "Partial",
              "Parent Relationship": "Outer",
              "Parallel Aware": false,
              "Startup Cost": 153889.34,
              "Total Cost": 153889.35,
              "Plan Rows": 1,
              "Plan Width": 8,
              "Actual Startup Time": 826.789,
              "Actual Total Time": 826.793,
              "Actual Rows": 1,
              "Actual Loops": 5,
              "Plans": [
                {
                  "Node Type": "Nested Loop",
                  "Parent Relationship": "Outer",
                  "Parallel Aware": false,
                  "Join Type": "Inner",
                  "Startup Cost": 27173.27,
                  "Total Cost": 152626.17,
                  "Plan Rows": 505270,
                  "Plan Width": 0,
                  "Actual Startup Time": 79.065,
                  "Actual Total Time": 808.299,
                  "Actual Rows": 304552,
                  "Actual Loops": 5,
                  "Inner Unique": false,
                  "Plans": [
                    {
                      "Node Type": "Hash Join",
                      "Parent Relationship": "Outer",
                      "Parallel Aware": true,
                      "Join Type": "Inner",
                      "Startup Cost": 27172.7,
                      "Total Cost": 74163.6,
                      "Plan Rows": 35262,
                      "Plan Width": 8,
                      "Actual Startup Time": 78.966,
                      "Actual Total Time": 232.525,
                      "Actual Rows": 13630,
                      "Actual Loops": 5,
                      "Inner Unique": false,
                      "Hash Cond": "(t.id = mc.movie_id)",
                      "Plans": [
                        {
                          "Node Type": "Seq Scan",
                          "Parent Relationship": "Outer",
                          "Parallel Aware": true,
                          "Relation Name": "title",
                          "Alias": "t",
                          "Startup Cost": 0.0,
                          "Total Cost": 43898.92,
                          "Plan Rows": 595647,
                          "Plan Width": 4,
                          "Actual Startup Time": 0.012,
                          "Actual Total Time": 79.027,
                          "Actual Rows": 475670,
                          "Actual Loops": 5,
                          "Filter": "(production_year > 1917)",
                          "Rows Removed by Filter": 29992
                        },
                        {
                          "Node Type": "Hash",
                          "Parent Relationship": "Inner",
                          "Parallel Aware": true,
                          "Startup Cost": 26569.18,
                          "Total Cost": 26569.18,
                          "Plan Rows": 48282,
                          "Plan Width": 4,
                          "Actual Startup Time": 77.049,
                          "Actual Total Time": 77.051,
                          "Actual Rows": 13699,
                          "Actual Loops": 5,
                          "Hash Buckets": 262144,
                          "Original Hash Buckets": 262144,
                          "Hash Batches": 1,
                          "Original Hash Batches": 1,
                          "Peak Memory Usage": 4800,
                          "Plans": [
                            {
                              "Node Type": "Bitmap Heap Scan",
                              "Parent Relationship": "Outer",
                              "Parallel Aware": true,
                              "Relation Name": "movie_companies",
                              "Alias": "mc",
                              "Startup Cost": 6352.77,
                              "Total Cost": 26569.18,
                              "Plan Rows": 48282,
                              "Plan Width": 4,
                              "Actual Startup Time": 60.421,
                              "Actual Total Time": 72.51,
                              "Actual Rows": 13699,
                              "Actual Loops": 5,
                              "Recheck Cond": "(company_id < 160)",
                              "Rows Removed by Index Recheck": 0,
                              "Filter": "(company_type_id > 1)",
                              "Rows Removed by Filter": 44877,
                              "Exact Heap Blocks": 9294,
                              "Lossy Heap Blocks": 0,
                              "Plans": [
                                {
                                  "Node Type": "Bitmap Index Scan",
                                  "Parent Relationship": "Outer",
                                  "Parallel Aware": false,
                                  "Index Name": "company_id_movie_companies",
                                  "Startup Cost": 0.0,
                                  "Total Cost": 6315.35,
                                  "Plan Rows": 294790,
                                  "Plan Width": 0,
                                  "Actual Startup Time": 25.947,
                                  "Actual Total Time": 25.947,
                                  "Actual Rows": 292877,
                                  "Actual Loops": 1,
                                  "Index Cond": "(company_id < 160)"
                                }
                              ]
                            }
                          ]
                        }
                      ]
                    },
                    {
                      "Node Type": "Index Only Scan",
                      "Parent Relationship": "Inner",
                      "Parallel Aware": false,
                      "Scan Direction": "Forward",
                      "Index Name": "movie_id_cast_info",
                      "Relation Name": "cast_info",
                      "Alias": "ci",
                      "Startup Cost": 0.56,
                      "Total Cost": 1.86,
                      "Plan Rows": 37,
                      "Plan Width": 4,
                      "Actual Startup Time": 0.009,
                      "Actual Total Time": 0.04,
                      "Actual Rows": 22,
                      "Actual Loops": 68148,
                      "Index Cond": "(movie_id = t.id)",
                      "Rows Removed by Index Recheck": 0,
                      "Heap Fetches": 1522760
                    }
                  ]
                }
              ]
            }
          ]
        }
      ]
    },
    "Planning Time": 1.394,
    "Triggers": [],
    "Execution Time": 915.748
  }
]