[
  {
    "Plan": {
      "Node Type": "Aggregate",
      "Strategy": "Plain",
      "Partial Mode": "Finalize",
      "Parallel Aware": false,
      "Startup Cost": 80709.68,
      "Total Cost": 80709.69,
      "Plan Rows": 1,
      "Plan Width": 8,
      "Actual Startup Time": 302.739,
      "Actual Total Time": 318.137,
      "Actual Rows": 1,
      "Actual Loops": 1,
      "Plans": [
        {
          "Node Type": "Gather",
          "Parent Relationship": "Outer",
          "Parallel Aware": false,
          "Startup Cost": 80709.36,
          "Total Cost": 80709.67,
          "Plan Rows": 3,
          "Plan Width": 8,
          "Actual Startup Time": 299.374,
          "Actual Total Time": 318.125,
          "Actual Rows": 4,
          "Actual Loops": 1,
          "Workers Planned": 3,
          "Workers Launched": 3,
          "Single Copy": false,
          "Plans": [
            {
              "Node Type": "Aggregate",
              "Strategy": "Plain",
              "Partial Mode": "Partial",
              "Parent Relationship": "Outer",
              "Parallel Aware": false,
              "Startup Cost": 79709.36,
              "Total Cost": 79709.37,
              "Plan Rows": 1,
              "Plan Width": 8,
              "Actual Startup Time": 291.834,
              "Actual Total Time": 291.838,
              "Actual Rows": 1,
              "Actual Loops": 4,
              "Plans": [
                {
                  "Node Type": "Hash Join",
                  "Parent Relationship": "Outer",
                  "Parallel Aware": true,
                  "Join Type": "Inner",
                  "Startup Cost": 47628.55,
                  "Total Cost": 79572.34,
                  "Plan Rows": 54807,
                  "Plan Width": 0,
                  "Actual Startup Time": 174.481,
                  "Actual Total Time": 289.925,
                  "Actual Rows": 41202,
                  "Actual Loops": 4,
                  "Inner Unique": true,
                  "Hash Cond": "(mc.movie_id = t.id)",
                  "Plans": [
                    {
                      "Node Type": "Seq Scan",
                      "Parent Relationship": "Outer",
                      "Parallel Aware": true,
                      "Relation Name": "movie_companies",
                      "Alias": "mc",
                      "Startup Cost": 0.0,
                      "Total Cost": 31414.82,
                      "Plan Rows": 201515,
                      "Plan Width": 4,
                      "Actual Startup Time": 0.03,
                      "Actual Total Time": 70.203,
                      "Actual Rows": 216902,
                      "Actual Loops": 4,
                      "Filter": "((company_id < 11245) AND (company_type_id < 2))",
                      "Rows Removed by Filter": 435380
                    },
                    {
                      "Node Type": "Hash",
                      "Parent Relationship": "Inner",
                      "Parallel Aware": true,
                      "Startup Cost": 45479.59,
                      "Total Cost": 45479.59,
                      "Plan Rows": 171917,
                      "Plan Width": 4,
                      "Actual Startup Time": 169.993,
                      "Actual Total Time": 169.994,
                      "Actual Rows": 149124,
                      "Actual Loops": 4,
                      "Hash Buckets": 1048576,
                      "Original Hash Buckets": 1048576,
                      "Hash Batches": 1,
                      "Original Hash Batches": 1,
                      "Peak Memory Usage": 31584,
                      "Plans": [
                        {
                          "Node Type": "Seq Scan",
                          "Parent Relationship": "Outer",
                          "Parallel Aware": true,
                          "Relation Name": "title",
                          "Alias": "t",
                          "Startup Cost": 0.0,
                          "Total Cost": 45479.59,
                          "Plan Rows": 171917,
                          "Plan Width": 4,
                          "Actual Startup Time": 0.037,
                          "Actual Total Time": 107.802,
                          "Actual Rows": 149124,
                          "Actual Loops": 4,
                          "Filter": "((production_year < 2002) AND (kind_id = 7))",
                          "Rows Removed by Filter": 482954
                        }
                      ]
                    }
                  ]
                }
              ]
            }
          ]
        }
      ]
    },
    "Planning Time": 0.585,
    "Triggers": [],
    "Execution Time": 318.205
  }
]