[
  {
    "Plan": {
      "Node Type": "Aggregate",
      "Strategy": "Plain",
      "Partial Mode": "Finalize",
      "Parallel Aware": false,
      "Startup Cost": 26798.45,
      "Total Cost": 26798.46,
      "Plan Rows": 1,
      "Plan Width": 8,
      "Actual Startup Time": 84.718,
      "Actual Total Time": 91.055,
      "Actual Rows": 1,
      "Actual Loops": 1,
      "Plans": [
        {
          "Node Type": "Gather",
          "Parent Relationship": "Outer",
          "Parallel Aware": false,
          "Startup Cost": 26798.13,
          "Total Cost": 26798.44,
          "Plan Rows": 3,
          "Plan Width": 8,
          "Actual Startup Time": 84.44,
          "Actual Total Time": 91.048,
          "Actual Rows": 4,
          "Actual Loops": 1,
          "Workers Planned": 3,
          "Workers Launched": 3,
          "Single Copy": false,
          "Plans": [
            {
              "Node Type": "Aggregate",
              "Strategy": "Plain",
              "Partial Mode": "Partial",
              "Parent Relationship": "Outer",
              "Parallel Aware": false,
              "Startup Cost": 25798.13,
              "Total Cost": 25798.14,
              "Plan Rows": 1,
              "Plan Width": 8,
              "Actual Startup Time": 78.402,
              "Actual Total Time": 78.405,
              "Actual Rows": 1,
              "Actual Loops": 4,
              "Plans": [
                {
                  "Node Type": "Bitmap Heap Scan",
                  "Parent Relationship": "Outer",
                  "Parallel Aware": true,
                  "Relation Name": "movie_companies",
                  "Alias": "mc",
                  "Startup Cost": 5729.07,
                  "Total Cost": 25584.95,
                  "Plan Rows": 85271,
                  "Plan Width": 0,
                  "Actual Startup Time": 28.707,
                  "Actual Total Time": 73.572,
                  "Actual Rows": 64852,
                  "Actual Loops": 4,
                  "Recheck Cond": "(company_id < 133)",
                  "Rows Removed by Index Recheck": 0,
                  "Exact Heap Blocks": 10276,
                  "Lossy Heap Blocks": 0,
                  "Plans": [
                    {
                      "Node Type": "Bitmap Index Scan",
                      "Parent Relationship": "Outer",
                      "Parallel Aware": false,
                      "Index Name": "company_id_movie_companies",
                      "Startup Cost": 0.0,
                      "Total Cost": 5662.98,
                      "Plan Rows": 264340,
                      "Plan Width": 0,
                      "Actual Startup Time": 29.88,
                      "Actual Total Time": 29.881,
                      "Actual Rows": 259406,
                      "Actual Loops": 1,
                      "Index Cond": "(company_id < 133)"
                    }
                  ]
                }
              ]
            }
          ]
        }
      ]
    },
    "Planning Time": 0.212,
    "Triggers": [],
    "Execution Time": 91.122
  }
]