[
  {
    "Plan": {
      "Node Type": "Aggregate",
      "Strategy": "Plain",
      "Partial Mode": "Finalize",
      "Parallel Aware": false,
      "Startup Cost": 44053.42,
      "Total Cost": 44053.43,
      "Plan Rows": 1,
      "Plan Width": 8,
      "Actual Startup Time": 148.794,
      "Actual Total Time": 157.149,
      "Actual Rows": 1,
      "Actual Loops": 1,
      "Plans": [
        {
          "Node Type": "Gather",
          "Parent Relationship": "Outer",
          "Parallel Aware": false,
          "Startup Cost": 44053.1,
          "Total Cost": 44053.41,
          "Plan Rows": 3,
          "Plan Width": 8,
          "Actual Startup Time": 148.541,
          "Actual Total Time": 157.141,
          "Actual Rows": 4,
          "Actual Loops": 1,
          "Workers Planned": 3,
          "Workers Launched": 3,
          "Single Copy": false,
          "Plans": [
            {
              "Node Type": "Aggregate",
              "Strategy": "Plain",
              "Partial Mode": "Partial",
              "Parent Relationship": "Outer",
              "Parallel Aware": false,
              "Startup Cost": 43053.1,
              "Total Cost": 43053.11,
              "Plan Rows": 1,
              "Plan Width": 8,
              "Actual Startup Time": 141.749,
              "Actual Total Time": 141.759,
              "Actual Rows": 1,
              "Actual Loops": 4,
              "Plans": [
                {
                  "Node Type": "Bitmap Heap Scan",
                  "Parent Relationship": "Outer",
                  "Parallel Aware": true,
                  "Relation Name": "movie_keyword",
                  "Alias": "mk",
                  "Startup Cost": 15144.9,
                  "Total Cost": 42477.4,
                  "Plan Rows": 230280,
                  "Plan Width": 0,
                  "Actual Startup Time": 56.884,
                  "Actual Total Time": 132.574,
                  "Actual Rows": 176302,
                  "Actual Loops": 4,
                  "Recheck Cond": "(keyword_id > 26753)",
                  "Rows Removed by Index Recheck": 0,
                  "Exact Heap Blocks": 9815,
                  "Lossy Heap Blocks": 0,
                  "Plans": [
                    {
                      "Node Type": "Bitmap Index Scan",
                      "Parent Relationship": "Outer",
                      "Parallel Aware": false,
                      "Index Name": "keyword_id_movie_keyword",
                      "Startup Cost": 0.0,
                      "Total Cost": 14966.43,
                      "Plan Rows": 713867,
                      "Plan Width": 0,
                      "Actual Startup Time": 59.483,
                      "Actual Total Time": 59.519,
                      "Actual Rows": 705207,
                      "Actual Loops": 1,
                      "Index Cond": "(keyword_id > 26753)"
                    }
                  ]
                }
              ]
            }
          ]
        }
      ]
    },
    "Planning Time": 0.131,
    "Triggers": [],
    "Execution Time": 157.204
  }
]