[
  {
    "Plan": {
      "Node Type": "Aggregate",
      "Strategy": "Plain",
      "Partial Mode": "Simple",
      "Parallel Aware": false,
      "Startup Cost": 488682.06,
      "Total Cost": 488682.07,
      "Plan Rows": 1,
      "Plan Width": 96,
      "Actual Startup Time": 1656.399,
      "Actual Total Time": 1797.82,
      "Actual Rows": 1,
      "Actual Loops": 1,
      "Plans": [
        {
          "Node Type": "Gather",
          "Parent Relationship": "Outer",
          "Parallel Aware": false,
          "Startup Cost": 159534.37,
          "Total Cost": 488682.05,
          "Plan Rows": 2,
          "Plan Width": 48,
          "Actual Startup Time": 1507.113,
          "Actual Total Time": 1797.784,
          "Actual Rows": 8,
          "Actual Loops": 1,
          "Workers Planned": 6,
          "Workers Launched": 6,
          "Single Copy": false,
          "Plans": [
            {
              "Node Type": "Hash Join",
              "Parent Relationship": "Outer",
              "Parallel Aware": true,
              "Join Type": "Inner",
              "Startup Cost": 158534.37,
              "Total Cost": 487681.85,
              "Plan Rows": 1,
              "Plan Width": 48,
              "Actual Startup Time": 1243.67,
              "Actual Total Time": 1644.603,
              "Actual Rows": 1,
              "Actual Loops": 7,
              "Inner Unique": false,
              "Hash Cond": "(ci.movie_id = t.id)",
              "Plans": [
                {
                  "Node Type": "Hash Join",
                  "Parent Relationship": "Outer",
                  "Parallel Aware": true,
                  "Join Type": "Inner",
                  "Startup Cost": 68767.12,
                  "Total Cost": 397685.88,
                  "Plan Rows": 60991,
                  "Plan Width": 19,
                  "Actual Startup Time": 163.22,
                  "Actual Total Time": 1361.328,
                  "Actual Rows": 11582,
                  "Actual Loops": 7,
                  "Inner Unique": true,
                  "Hash Cond": "(ci.person_id = n.id)",
                  "Plans": [
                    {
                      "Node Type": "Seq Scan",
                      "Parent Relationship": "Outer",
                      "Parallel Aware": true,
                      "Relation Name": "cast_info",
                      "Alias": "ci",
                      "Startup Cost": 0.0,
                      "Total Cost": 313068.58,
                      "Plan Rows": 6038158,
                      "Plan Width": 8,
                      "Actual Startup Time": 0.023,
                      "Actual Total Time": 746.831,
                      "Actual Rows": 5177763,
                      "Actual Loops": 7
                    },
                    {
                      "Node Type": "Hash",
                      "Parent Relationship": "Inner",
                      "Parallel Aware": true,
                      "Startup Cost": 68635.58,
                      "Total Cost": 68635.58,
                      "Plan Rows": 10523,
                      "Plan Width": 19,
                      "Actual Startup Time": 146.985,
                      "Actual Total Time": 146.986,
                      "Actual Rows": 1483,
                      "Actual Loops": 7,
                      "Hash Buckets": 65536,
                      "Original Hash Buckets": 65536,
                      "Hash Batches": 1,
                      "Original Hash Batches": 1,
                      "Peak Memory Usage": 1216,
                      "Plans": [
                        {
                          "Node Type": "Seq Scan",
                          "Parent Relationship": "Outer",
                          "Parallel Aware": true,
                          "Relation Name": "name",
                          "Alias": "n",
                          "Startup Cost": 0.0,
                          "Total Cost": 68635.58,
                          "Plan Rows": 10523,
                          "Plan Width": 19,
                          "Actual Startup Time": 2.829,
                          "Actual Total Time": 145.341,
                          "Actual Rows": 1483,
                          "Actual Loops": 7,
                          "Filter": "(name ~~ '%Brown,%'::text)",
                          "Rows Removed by Filter": 593873
                        }
                      ]
                    }
                  ]
                },
                {
                  "Node Type": "Hash",
                  "Parent Relationship": "Inner",
                  "Parallel Aware": true,
                  "Startup Cost": 89767.23,
                  "Total Cost": 89767.23,
                  "Plan Rows": 1,
                  "Plan Width": 41,
                  "Actual Startup Time": 280.605,
                  "Actual Total Time": 280.613,
                  "Actual Rows": 18,
                  "Actual Loops": 7,
                  "Hash Buckets": 1024,
                  "Original Hash Buckets": 1024,
                  "Hash Batches": 1,
                  "Original Hash Batches": 1,
                  "Peak Memory Usage": 232,
                  "Plans": [
                    {
                      "Node Type": "Hash Join",
                      "Parent Relationship": "Outer",
                      "Parallel Aware": true,
                      "Join Type": "Inner",
                      "Startup Cost": 45504.47,
                      "Total Cost": 89767.23,
                      "Plan Rows": 1,
                      "Plan Width": 41,
                      "Actual Startup Time": 235.422,
                      "Actual Total Time": 280.386,
                      "Actual Rows": 18,
                      "Actual Loops": 7,
                      "Inner Unique": false,
                      "Hash Cond": "(t.id = mk.movie_id)",
                      "Plans": [
                        {
                          "Node Type": "Seq Scan",
                          "Parent Relationship": "Outer",
                          "Parallel Aware": true,
                          "Relation Name": "title",
                          "Alias": "t",
                          "Startup Cost": 0.0,
                          "Total Cost": 43898.62,
                          "Plan Rows": 97104,
                          "Plan Width": 21,
                          "Actual Startup Time": 0.051,
                          "Actual Total Time": 94.617,
                          "Actual Rows": 55952,
                          "Actual Loops": 7,
                          "Filter": "(production_year > 2010)",
                          "Rows Removed by Filter": 305235
                        },
                        {
                          "Node Type": "Hash",
                          "Parent Relationship": "Inner",
                          "Parallel Aware": true,
                          "Startup Cost": 45504.33,
                          "Total Cost": 45504.33,
                          "Plan Rows": 11,
                          "Plan Width": 20,
                          "Actual Startup Time": 176.974,
                          "Actual Total Time": 176.979,
                          "Actual Rows": 599,
                          "Actual Loops": 7,
                          "Hash Buckets": 8192,
                          "Original Hash Buckets": 1024,
                          "Hash Batches": 1,
                          "Original Hash Batches": 1,
                          "Peak Memory Usage": 440,
                          "Plans": [
                            {
                              "Node Type": "Hash Join",
                              "Parent Relationship": "Outer",
                              "Parallel Aware": false,
                              "Join Type": "Inner",
                              "Startup Cost": 2626.14,
                              "Total Cost": 45504.33,
                              "Plan Rows": 11,
                              "Plan Width": 20,
                              "Actual Startup Time": 32.451,
                              "Actual Total Time": 174.644,
                              "Actual Rows": 599,
                              "Actual Loops": 7,
                              "Inner Unique": true,
                              "Hash Cond": "(mk.keyword_id = k.id)",
                              "Plans": [
                                {
                                  "Node Type": "Seq Scan",
                                  "Parent Relationship": "Outer",
                                  "Parallel Aware": true,
                                  "Relation Name": "movie_keyword",
                                  "Alias": "mk",
                                  "Startup Cost": 0.0,
                                  "Total Cost": 39047.32,
                                  "Plan Rows": 1459332,
                                  "Plan Width": 8,
                                  "Actual Startup Time": 0.077,
                                  "Actual Total Time": 90.95,
                                  "Actual Rows": 646276,
                                  "Actual Loops": 7
                                },
                                {
                                  "Node Type": "Hash",
                                  "Parent Relationship": "Inner",
                                  "Parallel Aware": false,
                                  "Startup Cost": 2626.12,
                                  "Total Cost": 2626.12,
                                  "Plan Rows": 1,
                                  "Plan Width": 20,
                                  "Actual Startup Time": 29.973,
                                  "Actual Total Time": 29.974,
                                  "Actual Rows": 1,
                                  "Actual Loops": 7,
                                  "Hash Buckets": 1024,
                                  "Original Hash Buckets": 1024,
                                  "Hash Batches": 1,
                                  "Original Hash Batches": 1,
                                  "Peak Memory Usage": 9,
                                  "Plans": [
                                    {
                                      "Node Type": "Seq Scan",
                                      "Parent Relationship": "Outer",
                                      "Parallel Aware": false,
                                      "Relation Name": "keyword",
                                      "Alias": "k",
                                      "Startup Cost": 0.0,
                                      "Total Cost": 2626.12,
                                      "Plan Rows": 1,
                                      "Plan Width": 20,
                                      "Actual Startup Time": 3.33,
                                      "Actual Total Time": 29.947,
                                      "Actual Rows": 1,
                                      "Actual Loops": 7,
                                      "Filter": "(keyword = 'tv-special'::text)",
                                      "Rows Removed by Filter": 134169
                                    }
                                  ]
                                }
                              ]
                            }
                          ]
                        }
                      ]
                    }
                  ]
                }
              ]
            }
          ]
        }
      ]
    },
    "Planning Time": 8.59,
    "Triggers": [],
    "Execution Time": 1798.245
  }
]