[
  {
    "Plan": {
      "Node Type": "Aggregate",
      "Strategy": "Plain",
      "Partial Mode": "Finalize",
      "Parallel Aware": false,
      "Startup Cost": 84970.22,
      "Total Cost": 84970.23,
      "Plan Rows": 1,
      "Plan Width": 8,
      "Actual Startup Time": 432.518,
      "Actual Total Time": 447.09,
      "Actual Rows": 1,
      "Actual Loops": 1,
      "Plans": [
        {
          "Node Type": "Gather",
          "Parent Relationship": "Outer",
          "Parallel Aware": false,
          "Startup Cost": 84969.9,
          "Total Cost": 84970.21,
          "Plan Rows": 3,
          "Plan Width": 8,
          "Actual Startup Time": 425.71,
          "Actual Total Time": 447.079,
          "Actual Rows": 4,
          "Actual Loops": 1,
          "Workers Planned": 3,
          "Workers Launched": 3,
          "Single Copy": false,
          "Plans": [
            {
              "Node Type": "Aggregate",
              "Strategy": "Plain",
              "Partial Mode": "Partial",
              "Parent Relationship": "Outer",
              "Parallel Aware": false,
              "Startup Cost": 83969.9,
              "Total Cost": 83969.91,
              "Plan Rows": 1,
              "Plan Width": 8,
              "Actual Startup Time": 413.363,
              "Actual Total Time": 413.366,
              "Actual Rows": 1,
              "Actual Loops": 4,
              "Plans": [
                {
                  "Node Type": "Hash Join",
                  "Parent Relationship": "Outer",
                  "Parallel Aware": true,
                  "Join Type": "Inner",
                  "Startup Cost": 57551.09,
                  "Total Cost": 83691.21,
                  "Plan Rows": 111479,
                  "Plan Width": 0,
                  "Actual Startup Time": 340.944,
                  "Actual Total Time": 409.131,
                  "Actual Rows": 86403,
                  "Actual Loops": 4,
                  "Inner Unique": true,
                  "Hash Cond": "(mk.movie_id = t.id)",
                  "Plans": [
                    {
                      "Node Type": "Bitmap Heap Scan",
                      "Parent Relationship": "Outer",
                      "Parallel Aware": true,
                      "Relation Name": "movie_keyword",
                      "Alias": "mk",
                      "Startup Cost": 7330.71,
                      "Total Cost": 33178.19,
                      "Plan Rows": 111479,
                      "Plan Width": 4,
                      "Actual Startup Time": 21.872,
                      "Actual Total Time": 60.25,
                      "Actual Rows": 86403,
                      "Actual Loops": 4,
                      "Recheck Cond": "(keyword_id > 48188)",
                      "Rows Removed by Index Recheck": 0,
                      "Exact Heap Blocks": 7178,
                      "Lossy Heap Blocks": 0,
                      "Plans": [
                        {
                          "Node Type": "Bitmap Index Scan",
                          "Parent Relationship": "Outer",
                          "Parallel Aware": false,
                          "Index Name": "keyword_id_movie_keyword",
                          "Startup Cost": 0.0,
                          "Total Cost": 7244.31,
                          "Plan Rows": 345584,
                          "Plan Width": 0,
                          "Actual Startup Time": 18.655,
                          "Actual Total Time": 18.655,
                          "Actual Rows": 345611,
                          "Actual Loops": 1,
                          "Index Cond": "(keyword_id > 48188)"
                        }
                      ]
                    },
                    {
                      "Node Type": "Hash",
                      "Parent Relationship": "Inner",
                      "Parallel Aware": true,
                      "Startup Cost": 42319.06,
                      "Total Cost": 42319.06,
                      "Plan Rows": 632106,
                      "Plan Width": 4,
                      "Actual Startup Time": 311.091,
                      "Actual Total Time": 311.091,
                      "Actual Rows": 632078,
                      "Actual Loops": 4,
                      "Hash Buckets": 4194304,
                      "Original Hash Buckets": 4194304,
                      "Hash Batches": 1,
                      "Original Hash Batches": 1,
                      "Peak Memory Usage": 131712,
                      "Plans": [
                        {
                          "Node Type": "Seq Scan",
                          "Parent Relationship": "Outer",
                          "Parallel Aware": true,
                          "Relation Name": "title",
                          "Alias": "t",
                          "Startup Cost": 0.0,
                          "Total Cost": 42319.06,
                          "Plan Rows": 632106,
                          "Plan Width": 4,
                          "Actual Startup Time": 0.037,
                          "Actual Total Time": 90.966,
                          "Actual Rows": 632078,
                          "Actual Loops": 4
                        }
                      ]
                    }
                  ]
                }
              ]
            }
          ]
        }
      ]
    },
    "Planning Time": 0.199,
    "Triggers": [],
    "Execution Time": 447.135
  }
]