[
  {
    "Plan": {
      "Node Type": "Aggregate",
      "Strategy": "Plain",
      "Partial Mode": "Finalize",
      "Parallel Aware": false,
      "Startup Cost": 335464.41,
      "Total Cost": 335464.42,
      "Plan Rows": 1,
      "Plan Width": 8,
      "Actual Startup Time": 735.676,
      "Actual Total Time": 781.082,
      "Actual Rows": 1,
      "Actual Loops": 1,
      "Plans": [
        {
          "Node Type": "Gather",
          "Parent Relationship": "Outer",
          "Parallel Aware": false,
          "Startup Cost": 335463.79,
          "Total Cost": 335464.4,
          "Plan Rows": 6,
          "Plan Width": 8,
          "Actual Startup Time": 735.408,
          "Actual Total Time": 781.062,
          "Actual Rows": 7,
          "Actual Loops": 1,
          "Workers Planned": 6,
          "Workers Launched": 6,
          "Single Copy": false,
          "Plans": [
            {
              "Node Type": "Aggregate",
              "Strategy": "Plain",
              "Partial Mode": "Partial",
              "Parent Relationship": "Outer",
              "Parallel Aware": false,
              "Startup Cost": 334463.79,
              "Total Cost": 334463.8,
              "Plan Rows": 1,
              "Plan Width": 8,
              "Actual Startup Time": 727.83,
              "Actual Total Time": 727.831,
              "Actual Rows": 1,
              "Actual Loops": 7,
              "Plans": [
                {
                  "Node Type": "Seq Scan",
                  "Parent Relationship": "Outer",
                  "Parallel Aware": true,
                  "Relation Name": "cast_info",
                  "Alias": "ci",
                  "Startup Cost": 0.0,
                  "Total Cost": 328211.39,
                  "Plan Rows": 2500958,
                  "Plan Width": 0,
                  "Actual Startup Time": 0.048,
                  "Actual Total Time": 617.219,
                  "Actual Rows": 2164414,
                  "Actual Loops": 7,
                  "Filter": "(person_id < 1494064)",
                  "Rows Removed by Filter": 3013349
                }
              ]
            }
          ]
        }
      ]
    },
    "Planning Time": 0.099,
    "Triggers": [],
    "Execution Time": 781.122
  }
]