[
  {
    "Plan": {
      "Node Type": "Aggregate",
      "Strategy": "Plain",
      "Partial Mode": "Finalize",
      "Parallel Aware": false,
      "Startup Cost": 335494.59,
      "Total Cost": 335494.6,
      "Plan Rows": 1,
      "Plan Width": 8,
      "Actual Startup Time": 665.578,
      "Actual Total Time": 728.509,
      "Actual Rows": 1,
      "Actual Loops": 1,
      "Plans": [
        {
          "Node Type": "Gather",
          "Parent Relationship": "Outer",
          "Parallel Aware": false,
          "Startup Cost": 335493.97,
          "Total Cost": 335494.58,
          "Plan Rows": 6,
          "Plan Width": 8,
          "Actual Startup Time": 665.484,
          "Actual Total Time": 728.501,
          "Actual Rows": 7,
          "Actual Loops": 1,
          "Workers Planned": 6,
          "Workers Launched": 6,
          "Single Copy": false,
          "Plans": [
            {
              "Node Type": "Aggregate",
              "Strategy": "Plain",
              "Partial Mode": "Partial",
              "Parent Relationship": "Outer",
              "Parallel Aware": false,
              "Startup Cost": 334493.97,
              "Total Cost": 334493.98,
              "Plan Rows": 1,
              "Plan Width": 8,
              "Actual Startup Time": 657.037,
              "Actual Total Time": 657.038,
              "Actual Rows": 1,
              "Actual Loops": 7,
              "Plans": [
                {
                  "Node Type": "Seq Scan",
                  "Parent Relationship": "Outer",
                  "Parallel Aware": true,
                  "Relation Name": "cast_info",
                  "Alias": "ci",
                  "Startup Cost": 0.0,
                  "Total Cost": 328162.03,
                  "Plan Rows": 2532776,
                  "Plan Width": 0,
                  "Actual Startup Time": 0.049,
                  "Actual Total Time": 563.894,
                  "Actual Rows": 2164414,
                  "Actual Loops": 7,
                  "Filter": "(person_id < 1494064)",
                  "Rows Removed by Filter": 3013349
                }
              ]
            }
          ]
        }
      ]
    },
    "Planning Time": 0.196,
    "Triggers": [],
    "Execution Time": 728.584
  }
]