{
  "Plan": {
    "Node Type": "Aggregate",
    "Strategy": "Plain",
    "Partial Mode": "Finalize",
    "Parallel Aware": false,
    "Startup Cost": 120962.06,
    "Total Cost": 120962.07,
    "Plan Rows": 1,
    "Plan Width": 8,
    "Actual Startup Time": 434.498,
    "Actual Total Time": 451.972,
    "Actual Rows": 1,
    "Actual Loops": 1,
    "Plans": [
      {
        "Node Type": "Gather",
        "Parent Relationship": "Outer",
        "Parallel Aware": false,
        "Startup Cost": 120961.95,
        "Total Cost": 120962.06,
        "Plan Rows": 1,
        "Plan Width": 8,
        "Actual Startup Time": 433.803,
        "Actual Total Time": 451.966,
        "Actual Rows": 2,
        "Actual Loops": 1,
        "Workers Planned": 1,
        "Workers Launched": 1,
        "Single Copy": false,
        "Plans": [
          {
            "Node Type": "Aggregate",
            "Strategy": "Plain",
            "Partial Mode": "Partial",
            "Parent Relationship": "Outer",
            "Parallel Aware": false,
            "Startup Cost": 119961.95,
            "Total Cost": 119961.96,
            "Plan Rows": 1,
            "Plan Width": 8,
            "Actual Startup Time": 427.984,
            "Actual Total Time": 427.99,
            "Actual Rows": 1,
            "Actual Loops": 2,
            "Plans": [
              {
                "Node Type": "Hash Join",
                "Parent Relationship": "Outer",
                "Parallel Aware": true,
                "Join Type": "Inner",
                "Startup Cost": 79064.84,
                "Total Cost": 119876.07,
                "Plan Rows": 34353,
                "Plan Width": 0,
                "Actual Startup Time": 337.116,
                "Actual Total Time": 427.349,
                "Actual Rows": 15468,
                "Actual Loops": 2,
                "Inner Unique": false,
                "Hash Cond": "(mc.movie_id = t.id)",
                "Plans": [
                  {
                    "Node Type": "Seq Scan",
                    "Parent Relationship": "Outer",
                    "Parallel Aware": true,
                    "Relation Name": "movie_companies",
                    "Alias": "mc",
                    "Startup Cost": 0.0,
                    "Total Cost": 37974.77,
                    "Plan Rows": 702499,
                    "Plan Width": 4,
                    "Actual Startup Time": 14.841,
                    "Actual Total Time": 109.411,
                    "Actual Rows": 598302,
                    "Actual Loops": 2,
                    "Filter": "(company_id > 12381)",
                    "Rows Removed by Filter": 706263
                  },
                  {
                    "Node Type": "Hash",
                    "Parent Relationship": "Inner",
                    "Parallel Aware": true,
                    "Startup Cost": 78155.76,
                    "Total Cost": 78155.76,
                    "Plan Rows": 72727,
                    "Plan Width": 8,
                    "Actual Startup Time": 268.537,
                    "Actual Total Time": 268.541,
                    "Actual Rows": 22818,
                    "Actual Loops": 2,
                    "Hash Buckets": 131072,
                    "Original Hash Buckets": 131072,
                    "Hash Batches": 1,
                    "Original Hash Batches": 1,
                    "Peak Memory Usage": 2848,
                    "Plans": [
                      {
                        "Node Type": "Hash Join",
                        "Parent Relationship": "Outer",
                        "Parallel Aware": true,
                        "Join Type": "Inner",
                        "Startup Cost": 59971.97,
                        "Total Cost": 78155.76,
                        "Plan Rows": 72727,
                        "Plan Width": 8,
                        "Actual Startup Time": 158.107,
                        "Actual Total Time": 264.526,
                        "Actual Rows": 22818,
                        "Actual Loops": 2,
                        "Inner Unique": true,
                        "Hash Cond": "(mi_idx.movie_id = t.id)",
                        "Plans": [
                          {
                            "Node Type": "Seq Scan",
                            "Parent Relationship": "Outer",
                            "Parallel Aware": true,
                            "Relation Name": "movie_info_idx",
                            "Alias": "mi_idx",
                            "Startup Cost": 0.0,
                            "Total Cost": 16052.85,
                            "Plan Rows": 811785,
                            "Plan Width": 4,
                            "Actual Startup Time": 0.025,
                            "Actual Total Time": 46.31,
                            "Actual Rows": 690018,
                            "Actual Loops": 2
                          },
                          {
                            "Node Type": "Hash",
                            "Parent Relationship": "Inner",
                            "Parallel Aware": true,
                            "Startup Cost": 58306.47,
                            "Total Cost": 58306.47,
                            "Plan Rows": 133240,
                            "Plan Width": 4,
                            "Actual Startup Time": 155.429,
                            "Actual Total Time": 155.43,
                            "Actual Rows": 64780,
                            "Actual Loops": 2,
                            "Hash Buckets": 262144,
                            "Original Hash Buckets": 262144,
                            "Hash Batches": 1,
                            "Original Hash Batches": 1,
                            "Peak Memory Usage": 7168,
                            "Plans": [
                              {
                                "Node Type": "Seq Scan",
                                "Parent Relationship": "Outer",
                                "Parallel Aware": true,
                                "Relation Name": "title",
                                "Alias": "t",
                                "Startup Cost": 0.0,
                                "Total Cost": 58306.47,
                                "Plan Rows": 133240,
                                "Plan Width": 4,
                                "Actual Startup Time": 0.027,
                                "Actual Total Time": 138.689,
                                "Actual Rows": 64780,
                                "Actual Loops": 2,
                                "Filter": "((kind_id > 4) AND (production_year < 1971))",
                                "Rows Removed by Filter": 1199376
                              }
                            ]
                          }
                        ]
                      }
                    ]
                  }
                ]
              }
            ]
          }
        ]
      }
    ]
  },
  "Planning Time": 0.929,
  "Triggers": [],
  "Execution Time": 452.047
}