{
  "Plan": {
    "Node Type": "Aggregate",
    "Strategy": "Plain",
    "Partial Mode": "Finalize",
    "Parallel Aware": false,
    "Startup Cost": 566927.87,
    "Total Cost": 566927.88,
    "Plan Rows": 1,
    "Plan Width": 8,
    "Actual Startup Time": 5776.306,
    "Actual Total Time": 5818.78,
    "Actual Rows": 1,
    "Actual Loops": 1,
    "Plans": [
      {
        "Node Type": "Gather",
        "Parent Relationship": "Outer",
        "Parallel Aware": false,
        "Startup Cost": 566927.76,
        "Total Cost": 566927.87,
        "Plan Rows": 1,
        "Plan Width": 8,
        "Actual Startup Time": 5769.054,
        "Actual Total Time": 5818.765,
        "Actual Rows": 2,
        "Actual Loops": 1,
        "Workers Planned": 1,
        "Workers Launched": 1,
        "Single Copy": false,
        "Plans": [
          {
            "Node Type": "Aggregate",
            "Strategy": "Plain",
            "Partial Mode": "Partial",
            "Parent Relationship": "Outer",
            "Parallel Aware": false,
            "Startup Cost": 565927.76,
            "Total Cost": 565927.77,
            "Plan Rows": 1,
            "Plan Width": 8,
            "Actual Startup Time": 5765.613,
            "Actual Total Time": 5767.26,
            "Actual Rows": 1,
            "Actual Loops": 2,
            "Plans": [
              {
                "Node Type": "Hash Join",
                "Parent Relationship": "Outer",
                "Parallel Aware": true,
                "Join Type": "Inner",
                "Startup Cost": 130733.42,
                "Total Cost": 561892.98,
                "Plan Rows": 1613911,
                "Plan Width": 0,
                "Actual Startup Time": 924.584,
                "Actual Total Time": 4972.974,
                "Actual Rows": 20115601,
                "Actual Loops": 2,
                "Inner Unique": false,
                "Hash Cond": "(ci.movie_id = t.id)",
                "Plans": [
                  {
                    "Node Type": "Index Scan",
                    "Parent Relationship": "Outer",
                    "Parallel Aware": true,
                    "Scan Direction": "Forward",
                    "Index Name": "role_id_cast_info",
                    "Relation Name": "cast_info",
                    "Alias": "ci",
                    "Startup Cost": 0.56,
                    "Total Cost": 400977.7,
                    "Plan Rows": 5517022,
                    "Plan Width": 4,
                    "Actual Startup Time": 0.044,
                    "Actual Total Time": 1034.319,
                    "Actual Rows": 6335344,
                    "Actual Loops": 2,
                    "Index Cond": "(role_id < 2)",
                    "Rows Removed by Index Recheck": 0,
                    "Filter": "(person_id < 2801908)",
                    "Rows Removed by Filter": 0
                  },
                  {
                    "Node Type": "Hash",
                    "Parent Relationship": "Inner",
                    "Parallel Aware": true,
                    "Startup Cost": 125294.55,
                    "Total Cost": 125294.55,
                    "Plan Rows": 435064,
                    "Plan Width": 8,
                    "Actual Startup Time": 917.621,
                    "Actual Total Time": 919.265,
                    "Actual Rows": 1048231,
                    "Actual Loops": 2,
                    "Hash Buckets": 2097152,
                    "Original Hash Buckets": 1048576,
                    "Hash Batches": 1,
                    "Original Hash Batches": 1,
                    "Peak Memory Usage": 106624,
                    "Plans": [
                      {
                        "Node Type": "Hash Join",
                        "Parent Relationship": "Outer",
                        "Parallel Aware": true,
                        "Join Type": "Inner",
                        "Startup Cost": 62439.76,
                        "Total Cost": 125294.55,
                        "Plan Rows": 435064,
                        "Plan Width": 8,
                        "Actual Startup Time": 256.14,
                        "Actual Total Time": 697.554,
                        "Actual Rows": 1048231,
                        "Actual Loops": 2,
                        "Inner Unique": true,
                        "Hash Cond": "(mk.movie_id = t.id)",
                        "Plans": [
                          {
                            "Node Type": "Seq Scan",
                            "Parent Relationship": "Outer",
                            "Parallel Aware": true,
                            "Relation Name": "movie_keyword",
                            "Alias": "mk",
                            "Startup Cost": 0.0,
                            "Total Cost": 57718.19,
                            "Plan Rows": 1956799,
                            "Plan Width": 4,
                            "Actual Startup Time": 0.106,
                            "Actual Total Time": 208.12,
                            "Actual Rows": 1660144,
                            "Actual Loops": 2,
                            "Filter": "(keyword_id > 1509)",
                            "Rows Removed by Filter": 601822
                          },
                          {
                            "Node Type": "Hash",
                            "Parent Relationship": "Inner",
                            "Parallel Aware": true,
                            "Startup Cost": 58306.47,
                            "Total Cost": 58306.47,
                            "Plan Rows": 330663,
                            "Plan Width": 4,
                            "Actual Startup Time": 251.329,
                            "Actual Total Time": 251.33,
                            "Actual Rows": 320892,
                            "Actual Loops": 2,
                            "Hash Buckets": 1048576,
                            "Original Hash Buckets": 1048576,
                            "Hash Batches": 1,
                            "Original Hash Batches": 1,
                            "Peak Memory Usage": 33344,
                            "Plans": [
                              {
                                "Node Type": "Seq Scan",
                                "Parent Relationship": "Outer",
                                "Parallel Aware": true,
                                "Relation Name": "title",
                                "Alias": "t",
                                "Startup Cost": 0.0,
                                "Total Cost": 58306.47,
                                "Plan Rows": 330663,
                                "Plan Width": 4,
                                "Actual Startup Time": 0.028,
                                "Actual Total Time": 155.129,
                                "Actual Rows": 320892,
                                "Actual Loops": 2,
                                "Filter": "((kind_id < 7) AND (production_year < 2006))",
                                "Rows Removed by Filter": 943264
                              }
                            ]
                          }
                        ]
                      }
                    ]
                  }
                ]
              }
            ]
          }
        ]
      }
    ]
  },
  "Planning Time": 0.783,
  "Triggers": [],
  "Execution Time": 5818.859
}