[
  {
    "Plan": {
      "Node Type": "Aggregate",
      "Strategy": "Plain",
      "Partial Mode": "Finalize",
      "Parallel Aware": false,
      "Startup Cost": 106114.25,
      "Total Cost": 106114.26,
      "Plan Rows": 1,
      "Plan Width": 8,
      "Actual Startup Time": 313.428,
      "Actual Total Time": 324.692,
      "Actual Rows": 1,
      "Actual Loops": 1,
      "Plans": [
        {
          "Node Type": "Gather",
          "Parent Relationship": "Outer",
          "Parallel Aware": false,
          "Startup Cost": 106113.93,
          "Total Cost": 106114.24,
          "Plan Rows": 3,
          "Plan Width": 8,
          "Actual Startup Time": 308.303,
          "Actual Total Time": 324.681,
          "Actual Rows": 4,
          "Actual Loops": 1,
          "Workers Planned": 3,
          "Workers Launched": 3,
          "Single Copy": false,
          "Plans": [
            {
              "Node Type": "Aggregate",
              "Strategy": "Plain",
              "Partial Mode": "Partial",
              "Parent Relationship": "Outer",
              "Parallel Aware": false,
              "Startup Cost": 105113.93,
              "Total Cost": 105113.94,
              "Plan Rows": 1,
              "Plan Width": 8,
              "Actual Startup Time": 298.41,
              "Actual Total Time": 298.415,
              "Actual Rows": 1,
              "Actual Loops": 4,
              "Plans": [
                {
                  "Node Type": "Nested Loop",
                  "Parent Relationship": "Outer",
                  "Parallel Aware": false,
                  "Join Type": "Inner",
                  "Startup Cost": 43940.95,
                  "Total Cost": 105098.22,
                  "Plan Rows": 6286,
                  "Plan Width": 0,
                  "Actual Startup Time": 167.589,
                  "Actual Total Time": 295.934,
                  "Actual Rows": 46186,
                  "Actual Loops": 4,
                  "Inner Unique": true,
                  "Join Filter": "(mc.movie_id = t.id)",
                  "Rows Removed by Join Filter": 0,
                  "Plans": [
                    {
                      "Node Type": "Hash Join",
                      "Parent Relationship": "Outer",
                      "Parallel Aware": true,
                      "Join Type": "Inner",
                      "Startup Cost": 43940.52,
                      "Total Cost": 80136.59,
                      "Plan Rows": 31270,
                      "Plan Width": 8,
                      "Actual Startup Time": 167.497,
                      "Actual Total Time": 195.873,
                      "Actual Rows": 46186,
                      "Actual Loops": 4,
                      "Inner Unique": false,
                      "Hash Cond": "(mc.movie_id = mk.movie_id)",
                      "Plans": [
                        {
                          "Node Type": "Bitmap Heap Scan",
                          "Parent Relationship": "Outer",
                          "Parallel Aware": true,
                          "Relation Name": "movie_companies",
                          "Alias": "mc",
                          "Startup Cost": 3906.47,
                          "Total Cost": 23573.17,
                          "Plan Rows": 29870,
                          "Plan Width": 4,
                          "Actual Startup Time": 8.939,
                          "Actual Total Time": 20.63,
                          "Actual Rows": 44512,
                          "Actual Loops": 4,
                          "Recheck Cond": "(company_id > 120996)",
                          "Rows Removed by Index Recheck": 0,
                          "Filter": "(company_type_id = 2)",
                          "Rows Removed by Filter": 0,
                          "Exact Heap Blocks": 1192,
                          "Lossy Heap Blocks": 0,
                          "Plans": [
                            {
                              "Node Type": "Bitmap Index Scan",
                              "Parent Relationship": "Outer",
                              "Parallel Aware": false,
                              "Index Name": "company_id_movie_companies",
                              "Startup Cost": 0.0,
                              "Total Cost": 3883.32,
                              "Plan Rows": 181185,
                              "Plan Width": 0,
                              "Actual Startup Time": 8.299,
                              "Actual Total Time": 8.3,
                              "Actual Rows": 178049,
                              "Actual Loops": 1,
                              "Index Cond": "(company_id > 120996)"
                            }
                          ]
                        },
                        {
                          "Node Type": "Hash",
                          "Parent Relationship": "Inner",
                          "Parallel Aware": true,
                          "Startup Cost": 37888.3,
                          "Total Cost": 37888.3,
                          "Plan Rows": 171660,
                          "Plan Width": 4,
                          "Actual Startup Time": 153.557,
                          "Actual Total Time": 153.558,
                          "Actual Rows": 132922,
                          "Actual Loops": 4,
                          "Hash Buckets": 1048576,
                          "Original Hash Buckets": 1048576,
                          "Hash Batches": 1,
                          "Original Hash Batches": 1,
                          "Peak Memory Usage": 29056,
                          "Plans": [
                            {
                              "Node Type": "Bitmap Heap Scan",
                              "Parent Relationship": "Outer",
                              "Parallel Aware": true,
                              "Relation Name": "movie_keyword",
                              "Alias": "mk",
                              "Startup Cost": 11288.56,
                              "Total Cost": 37888.3,
                              "Plan Rows": 171660,
                              "Plan Width": 4,
                              "Actual Startup Time": 45.452,
                              "Actual Total Time": 113.327,
                              "Actual Rows": 132922,
                              "Actual Loops": 4,
                              "Recheck Cond": "(keyword_id > 34352)",
                              "Rows Removed by Index Recheck": 0,
                              "Exact Heap Blocks": 9141,
                              "Lossy Heap Blocks": 0,
                              "Plans": [
                                {
                                  "Node Type": "Bitmap Index Scan",
                                  "Parent Relationship": "Outer",
                                  "Parallel Aware": false,
                                  "Index Name": "keyword_id_movie_keyword",
                                  "Startup Cost": 0.0,
                                  "Total Cost": 11155.52,
                                  "Plan Rows": 532145,
                                  "Plan Width": 0,
                                  "Actual Startup Time": 42.026,
                                  "Actual Total Time": 42.026,
                                  "Actual Rows": 531689,
                                  "Actual Loops": 1,
                                  "Index Cond": "(keyword_id > 34352)"
                                }
                              ]
                            }
                          ]
                        }
                      ]
                    },
                    {
                      "Node Type": "Index Only Scan",
                      "Parent Relationship": "Inner",
                      "Parallel Aware": false,
                      "Scan Direction": "Forward",
                      "Index Name": "title_pkey",
                      "Relation Name": "title",
                      "Alias": "t",
                      "Startup Cost": 0.43,
                      "Total Cost": 0.79,
                      "Plan Rows": 1,
                      "Plan Width": 4,
                      "Actual Startup Time": 0.002,
                      "Actual Total Time": 0.002,
                      "Actual Rows": 1,
                      "Actual Loops": 184745,
                      "Index Cond": "(id = mk.movie_id)",
                      "Rows Removed by Index Recheck": 0,
                      "Heap Fetches": 184745
                    }
                  ]
                }
              ]
            }
          ]
        }
      ]
    },
    "Planning Time": 1.481,
    "Triggers": [],
    "Execution Time": 324.805
  }
]