{
  "Plan": {
    "Node Type": "Aggregate",
    "Strategy": "Plain",
    "Partial Mode": "Finalize",
    "Parallel Aware": false,
    "Startup Cost": 391854.25,
    "Total Cost": 391854.26,
    "Plan Rows": 1,
    "Plan Width": 8,
    "Actual Startup Time": 945.594,
    "Actual Total Time": 964.742,
    "Actual Rows": 1,
    "Actual Loops": 1,
    "Plans": [
      {
        "Node Type": "Gather",
        "Parent Relationship": "Outer",
        "Parallel Aware": false,
        "Startup Cost": 391854.14,
        "Total Cost": 391854.25,
        "Plan Rows": 1,
        "Plan Width": 8,
        "Actual Startup Time": 941.344,
        "Actual Total Time": 964.735,
        "Actual Rows": 2,
        "Actual Loops": 1,
        "Workers Planned": 1,
        "Workers Launched": 1,
        "Single Copy": false,
        "Plans": [
          {
            "Node Type": "Aggregate",
            "Strategy": "Plain",
            "Partial Mode": "Partial",
            "Parent Relationship": "Outer",
            "Parallel Aware": false,
            "Startup Cost": 390854.14,
            "Total Cost": 390854.15,
            "Plan Rows": 1,
            "Plan Width": 8,
            "Actual Startup Time": 928.539,
            "Actual Total Time": 928.543,
            "Actual Rows": 1,
            "Actual Loops": 2,
            "Plans": [
              {
                "Node Type": "Hash Join",
                "Parent Relationship": "Outer",
                "Parallel Aware": true,
                "Join Type": "Inner",
                "Startup Cost": 115545.76,
                "Total Cost": 388834.64,
                "Plan Rows": 807801,
                "Plan Width": 0,
                "Actual Startup Time": 717.919,
                "Actual Total Time": 916.411,
                "Actual Rows": 298318,
                "Actual Loops": 2,
                "Inner Unique": true,
                "Hash Cond": "(ci.movie_id = t.id)",
                "Plans": [
                  {
                    "Node Type": "Bitmap Heap Scan",
                    "Parent Relationship": "Outer",
                    "Parallel Aware": true,
                    "Relation Name": "cast_info",
                    "Alias": "ci",
                    "Startup Cost": 46085.07,
                    "Total Cost": 317253.46,
                    "Plan Rows": 807801,
                    "Plan Width": 4,
                    "Actual Startup Time": 157.826,
                    "Actual Total Time": 211.709,
                    "Actual Rows": 298318,
                    "Actual Loops": 2,
                    "Recheck Cond": "(person_id < 205501)",
                    "Rows Removed by Index Recheck": 0,
                    "Filter": "(role_id > 1)",
                    "Rows Removed by Filter": 749518,
                    "Exact Heap Blocks": 12450,
                    "Lossy Heap Blocks": 0,
                    "Plans": [
                      {
                        "Node Type": "Bitmap Index Scan",
                        "Parent Relationship": "Outer",
                        "Parallel Aware": false,
                        "Index Name": "person_id_cast_info",
                        "Startup Cost": 0.0,
                        "Total Cost": 45741.75,
                        "Plan Rows": 2094558,
                        "Plan Width": 0,
                        "Actual Startup Time": 72.996,
                        "Actual Total Time": 72.996,
                        "Actual Rows": 2095671,
                        "Actual Loops": 1,
                        "Index Cond": "(person_id < 205501)"
                      }
                    ]
                  },
                  {
                    "Node Type": "Hash",
                    "Parent Relationship": "Inner",
                    "Parallel Aware": true,
                    "Startup Cost": 50870.31,
                    "Total Cost": 50870.31,
                    "Plan Rows": 1487231,
                    "Plan Width": 4,
                    "Actual Startup Time": 537.995,
                    "Actual Total Time": 537.996,
                    "Actual Rows": 1264156,
                    "Actual Loops": 2,
                    "Hash Buckets": 4194304,
                    "Original Hash Buckets": 4194304,
                    "Hash Batches": 1,
                    "Original Hash Batches": 1,
                    "Peak Memory Usage": 131712,
                    "Plans": [
                      {
                        "Node Type": "Seq Scan",
                        "Parent Relationship": "Outer",
                        "Parallel Aware": true,
                        "Relation Name": "title",
                        "Alias": "t",
                        "Startup Cost": 0.0,
                        "Total Cost": 50870.31,
                        "Plan Rows": 1487231,
                        "Plan Width": 4,
                        "Actual Startup Time": 0.039,
                        "Actual Total Time": 162.352,
                        "Actual Rows": 1264156,
                        "Actual Loops": 2
                      }
                    ]
                  }
                ]
              }
            ]
          }
        ]
      }
    ]
  },
  "Planning Time": 0.574,
  "Triggers": [],
  "Execution Time": 964.829
}