[
  {
    "Plan": {
      "Node Type": "Aggregate",
      "Strategy": "Plain",
      "Partial Mode": "Finalize",
      "Parallel Aware": false,
      "Startup Cost": 335692.14,
      "Total Cost": 335692.15,
      "Plan Rows": 1,
      "Plan Width": 8,
      "Actual Startup Time": 753.298,
      "Actual Total Time": 811.786,
      "Actual Rows": 1,
      "Actual Loops": 1,
      "Plans": [
        {
          "Node Type": "Gather",
          "Parent Relationship": "Outer",
          "Parallel Aware": false,
          "Startup Cost": 335691.51,
          "Total Cost": 335692.12,
          "Plan Rows": 6,
          "Plan Width": 8,
          "Actual Startup Time": 753.168,
          "Actual Total Time": 811.775,
          "Actual Rows": 7,
          "Actual Loops": 1,
          "Workers Planned": 6,
          "Workers Launched": 6,
          "Single Copy": false,
          "Plans": [
            {
              "Node Type": "Aggregate",
              "Strategy": "Plain",
              "Partial Mode": "Partial",
              "Parent Relationship": "Outer",
              "Parallel Aware": false,
              "Startup Cost": 334691.51,
              "Total Cost": 334691.52,
              "Plan Rows": 1,
              "Plan Width": 8,
              "Actual Startup Time": 742.903,
              "Actual Total Time": 742.904,
              "Actual Rows": 1,
              "Actual Loops": 7,
              "Plans": [
                {
                  "Node Type": "Seq Scan",
                  "Parent Relationship": "Outer",
                  "Parallel Aware": true,
                  "Relation Name": "cast_info",
                  "Alias": "ci",
                  "Startup Cost": 0.0,
                  "Total Cost": 328162.03,
                  "Plan Rows": 2611794,
                  "Plan Width": 0,
                  "Actual Startup Time": 0.049,
                  "Actual Total Time": 633.08,
                  "Actual Rows": 2232890,
                  "Actual Loops": 7,
                  "Filter": "(person_id < 1542665)",
                  "Rows Removed by Filter": 2944873
                }
              ]
            }
          ]
        }
      ]
    },
    "Planning Time": 0.194,
    "Triggers": [],
    "Execution Time": 811.855
  }
]