[
  {
    "Plan": {
      "Node Type": "Aggregate",
      "Strategy": "Plain",
      "Partial Mode": "Finalize",
      "Parallel Aware": false,
      "Startup Cost": 368713.9,
      "Total Cost": 368713.91,
      "Plan Rows": 1,
      "Plan Width": 8,
      "Actual Startup Time": 1363.15,
      "Actual Total Time": 1414.014,
      "Actual Rows": 1,
      "Actual Loops": 1,
      "Plans": [
        {
          "Node Type": "Gather",
          "Parent Relationship": "Outer",
          "Parallel Aware": false,
          "Startup Cost": 368713.28,
          "Total Cost": 368713.89,
          "Plan Rows": 6,
          "Plan Width": 8,
          "Actual Startup Time": 1361.97,
          "Actual Total Time": 1414.004,
          "Actual Rows": 7,
          "Actual Loops": 1,
          "Workers Planned": 6,
          "Workers Launched": 6,
          "Single Copy": false,
          "Plans": [
            {
              "Node Type": "Aggregate",
              "Strategy": "Plain",
              "Partial Mode": "Partial",
              "Parent Relationship": "Outer",
              "Parallel Aware": false,
              "Startup Cost": 367713.28,
              "Total Cost": 367713.29,
              "Plan Rows": 1,
              "Plan Width": 8,
              "Actual Startup Time": 1354.421,
              "Actual Total Time": 1354.424,
              "Actual Rows": 1,
              "Actual Loops": 7,
              "Plans": [
                {
                  "Node Type": "Hash Join",
                  "Parent Relationship": "Outer",
                  "Parallel Aware": true,
                  "Join Type": "Inner",
                  "Startup Cost": 38302.73,
                  "Total Cost": 367269.39,
                  "Plan Rows": 177555,
                  "Plan Width": 0,
                  "Actual Startup Time": 71.336,
                  "Actual Total Time": 1346.886,
                  "Actual Rows": 110879,
                  "Actual Loops": 7,
                  "Inner Unique": true,
                  "Hash Cond": "(ci.movie_id = t.id)",
                  "Plans": [
                    {
                      "Node Type": "Seq Scan",
                      "Parent Relationship": "Outer",
                      "Parallel Aware": true,
                      "Relation Name": "cast_info",
                      "Alias": "ci",
                      "Startup Cost": 0.0,
                      "Total Cost": 313106.51,
                      "Plan Rows": 6041951,
                      "Plan Width": 4,
                      "Actual Startup Time": 0.026,
                      "Actual Total Time": 567.335,
                      "Actual Rows": 5177763,
                      "Actual Loops": 7
                    },
                    {
                      "Node Type": "Hash",
                      "Parent Relationship": "Inner",
                      "Parallel Aware": true,
                      "Startup Cost": 38070.53,
                      "Total Cost": 38070.53,
                      "Plan Rows": 18576,
                      "Plan Width": 4,
                      "Actual Startup Time": 70.122,
                      "Actual Total Time": 70.123,
                      "Actual Rows": 11011,
                      "Actual Loops": 7,
                      "Hash Buckets": 131072,
                      "Original Hash Buckets": 131072,
                      "Hash Batches": 1,
                      "Original Hash Batches": 1,
                      "Peak Memory Usage": 4192,
                      "Plans": [
                        {
                          "Node Type": "Bitmap Heap Scan",
                          "Parent Relationship": "Outer",
                          "Parallel Aware": true,
                          "Relation Name": "title",
                          "Alias": "t",
                          "Startup Cost": 1716.02,
                          "Total Cost": 38070.53,
                          "Plan Rows": 18576,
                          "Plan Width": 4,
                          "Actual Startup Time": 20.335,
                          "Actual Total Time": 64.565,
                          "Actual Rows": 11011,
                          "Actual Loops": 7,
                          "Recheck Cond": "(kind_id = 2)",
                          "Rows Removed by Index Recheck": 0,
                          "Filter": "(production_year > 1978)",
                          "Rows Removed by Filter": 1968,
                          "Exact Heap Blocks": 10600,
                          "Lossy Heap Blocks": 0,
                          "Plans": [
                            {
                              "Node Type": "Bitmap Index Scan",
                              "Parent Relationship": "Outer",
                              "Parallel Aware": false,
                              "Index Name": "kind_id_title",
                              "Startup Cost": 0.0,
                              "Total Cost": 1697.45,
                              "Plan Rows": 95069,
                              "Plan Width": 0,
                              "Actual Startup Time": 15.251,
                              "Actual Total Time": 15.252,
                              "Actual Rows": 90852,
                              "Actual Loops": 1,
                              "Index Cond": "(kind_id = 2)"
                            }
                          ]
                        }
                      ]
                    }
                  ]
                }
              ]
            }
          ]
        }
      ]
    },
    "Planning Time": 0.54,
    "Triggers": [],
    "Execution Time": 1414.159
  }
]