{
  "Plan": {
    "Node Type": "Aggregate",
    "Strategy": "Plain",
    "Partial Mode": "Finalize",
    "Parallel Aware": false,
    "Startup Cost": 331239.62,
    "Total Cost": 331239.63,
    "Plan Rows": 1,
    "Plan Width": 8,
    "Actual Startup Time": 1511.178,
    "Actual Total Time": 1561.166,
    "Actual Rows": 1,
    "Actual Loops": 1,
    "Plans": [
      {
        "Node Type": "Gather",
        "Parent Relationship": "Outer",
        "Parallel Aware": false,
        "Startup Cost": 331239.51,
        "Total Cost": 331239.62,
        "Plan Rows": 1,
        "Plan Width": 8,
        "Actual Startup Time": 1511.053,
        "Actual Total Time": 1561.158,
        "Actual Rows": 2,
        "Actual Loops": 1,
        "Workers Planned": 1,
        "Workers Launched": 1,
        "Single Copy": false,
        "Plans": [
          {
            "Node Type": "Aggregate",
            "Strategy": "Plain",
            "Partial Mode": "Partial",
            "Parent Relationship": "Outer",
            "Parallel Aware": false,
            "Startup Cost": 330239.51,
            "Total Cost": 330239.52,
            "Plan Rows": 1,
            "Plan Width": 8,
            "Actual Startup Time": 1505.405,
            "Actual Total Time": 1505.408,
            "Actual Rows": 1,
            "Actual Loops": 2,
            "Plans": [
              {
                "Node Type": "Hash Join",
                "Parent Relationship": "Outer",
                "Parallel Aware": true,
                "Join Type": "Inner",
                "Startup Cost": 58375.41,
                "Total Cost": 330158.89,
                "Plan Rows": 32246,
                "Plan Width": 0,
                "Actual Startup Time": 154.55,
                "Actual Total Time": 1504.63,
                "Actual Rows": 13462,
                "Actual Loops": 2,
                "Inner Unique": true,
                "Hash Cond": "(mi.movie_id = t.id)",
                "Plans": [
                  {
                    "Node Type": "Seq Scan",
                    "Parent Relationship": "Outer",
                    "Parallel Aware": true,
                    "Relation Name": "movie_info",
                    "Alias": "mi",
                    "Startup Cost": 0.0,
                    "Total Cost": 248955.74,
                    "Plan Rows": 8696274,
                    "Plan Width": 4,
                    "Actual Startup Time": 0.011,
                    "Actual Total Time": 699.708,
                    "Actual Rows": 7417860,
                    "Actual Loops": 2
                  },
                  {
                    "Node Type": "Hash",
                    "Parent Relationship": "Inner",
                    "Parallel Aware": true,
                    "Startup Cost": 58306.47,
                    "Total Cost": 58306.47,
                    "Plan Rows": 5515,
                    "Plan Width": 4,
                    "Actual Startup Time": 152.514,
                    "Actual Total Time": 152.514,
                    "Actual Rows": 4134,
                    "Actual Loops": 2,
                    "Hash Buckets": 16384,
                    "Original Hash Buckets": 16384,
                    "Hash Batches": 1,
                    "Original Hash Batches": 1,
                    "Peak Memory Usage": 480,
                    "Plans": [
                      {
                        "Node Type": "Seq Scan",
                        "Parent Relationship": "Outer",
                        "Parallel Aware": true,
                        "Relation Name": "title",
                        "Alias": "t",
                        "Startup Cost": 0.0,
                        "Total Cost": 58306.47,
                        "Plan Rows": 5515,
                        "Plan Width": 4,
                        "Actual Startup Time": 0.071,
                        "Actual Total Time": 150.769,
                        "Actual Rows": 4134,
                        "Actual Loops": 2,
                        "Filter": "((kind_id = 7) AND (production_year = 1971))",
                        "Rows Removed by Filter": 1260022
                      }
                    ]
                  }
                ]
              }
            ]
          }
        ]
      }
    ]
  },
  "Planning Time": 0.481,
  "Triggers": [],
  "Execution Time": 1561.247
}