[
  {
    "Plan": {
      "Node Type": "Aggregate",
      "Strategy": "Plain",
      "Partial Mode": "Finalize",
      "Parallel Aware": false,
      "Startup Cost": 440044.58,
      "Total Cost": 440044.59,
      "Plan Rows": 1,
      "Plan Width": 8,
      "Actual Startup Time": 1751.12,
      "Actual Total Time": 1826.001,
      "Actual Rows": 1,
      "Actual Loops": 1,
      "Plans": [
        {
          "Node Type": "Gather",
          "Parent Relationship": "Outer",
          "Parallel Aware": false,
          "Startup Cost": 440044.27,
          "Total Cost": 440044.58,
          "Plan Rows": 3,
          "Plan Width": 8,
          "Actual Startup Time": 1746.291,
          "Actual Total Time": 1825.965,
          "Actual Rows": 4,
          "Actual Loops": 1,
          "Workers Planned": 3,
          "Workers Launched": 3,
          "Single Copy": false,
          "Plans": [
            {
              "Node Type": "Aggregate",
              "Strategy": "Plain",
              "Partial Mode": "Partial",
              "Parent Relationship": "Outer",
              "Parallel Aware": false,
              "Startup Cost": 439044.27,
              "Total Cost": 439044.28,
              "Plan Rows": 1,
              "Plan Width": 8,
              "Actual Startup Time": 1737.254,
              "Actual Total Time": 1737.259,
              "Actual Rows": 1,
              "Actual Loops": 4,
              "Plans": [
                {
                  "Node Type": "Hash Join",
                  "Parent Relationship": "Outer",
                  "Parallel Aware": true,
                  "Join Type": "Inner",
                  "Startup Cost": 392471.45,
                  "Total Cost": 437812.46,
                  "Plan Rows": 492721,
                  "Plan Width": 0,
                  "Actual Startup Time": 1369.76,
                  "Actual Total Time": 1678.196,
                  "Actual Rows": 1547946,
                  "Actual Loops": 4,
                  "Inner Unique": false,
                  "Hash Cond": "(mk.movie_id = t.id)",
                  "Plans": [
                    {
                      "Node Type": "Seq Scan",
                      "Parent Relationship": "Outer",
                      "Parallel Aware": true,
                      "Relation Name": "movie_keyword",
                      "Alias": "mk",
                      "Startup Cost": 0.0,
                      "Total Cost": 39047.32,
                      "Plan Rows": 1459332,
                      "Plan Width": 4,
                      "Actual Startup Time": 0.03,
                      "Actual Total Time": 86.71,
                      "Actual Rows": 1130982,
                      "Actual Loops": 4
                    },
                    {
                      "Node Type": "Hash",
                      "Parent Relationship": "Inner",
                      "Parallel Aware": true,
                      "Startup Cost": 390693.03,
                      "Total Cost": 390693.03,
                      "Plan Rows": 142273,
                      "Plan Width": 8,
                      "Actual Startup Time": 1364.305,
                      "Actual Total Time": 1364.309,
                      "Actual Rows": 200374,
                      "Actual Loops": 4,
                      "Hash Buckets": 1048576,
                      "Original Hash Buckets": 1048576,
                      "Hash Batches": 1,
                      "Original Hash Batches": 1,
                      "Peak Memory Usage": 39616,
                      "Plans": [
                        {
                          "Node Type": "Hash Join",
                          "Parent Relationship": "Outer",
                          "Parallel Aware": true,
                          "Join Type": "Inner",
                          "Startup Cost": 46088.19,
                          "Total Cost": 390693.03,
                          "Plan Rows": 142273,
                          "Plan Width": 8,
                          "Actual Startup Time": 779.344,
                          "Actual Total Time": 1286.93,
                          "Actual Rows": 200374,
                          "Actual Loops": 4,
                          "Inner Unique": true,
                          "Hash Cond": "(ci.movie_id = t.id)",
                          "Plans": [
                            {
                              "Node Type": "Seq Scan",
                              "Parent Relationship": "Outer",
                              "Parallel Aware": true,
                              "Relation Name": "cast_info",
                              "Alias": "ci",
                              "Startup Cost": 0.0,
                              "Total Cost": 343257.03,
                              "Plan Rows": 513453,
                              "Plan Width": 4,
                              "Actual Startup Time": 605.033,
                              "Actual Total Time": 848.889,
                              "Actual Rows": 1124574,
                              "Actual Loops": 4,
                              "Filter": "((person_id > 3240646) AND (role_id > 1))",
                              "Rows Removed by Filter": 7936512
                            },
                            {
                              "Node Type": "Hash",
                              "Parent Relationship": "Inner",
                              "Parallel Aware": true,
                              "Startup Cost": 43898.92,
                              "Total Cost": 43898.92,
                              "Plan Rows": 175142,
                              "Plan Width": 4,
                              "Actual Startup Time": 171.622,
                              "Actual Total Time": 171.623,
                              "Actual Rows": 176796,
                              "Actual Loops": 4,
                              "Hash Buckets": 1048576,
                              "Original Hash Buckets": 1048576,
                              "Hash Batches": 1,
                              "Original Hash Batches": 1,
                              "Peak Memory Usage": 35936,
                              "Plans": [
                                {
                                  "Node Type": "Seq Scan",
                                  "Parent Relationship": "Outer",
                                  "Parallel Aware": true,
                                  "Relation Name": "title",
                                  "Alias": "t",
                                  "Startup Cost": 0.0,
                                  "Total Cost": 43898.92,
                                  "Plan Rows": 175142,
                                  "Plan Width": 4,
                                  "Actual Startup Time": 0.045,
                                  "Actual Total Time": 103.421,
                                  "Actual Rows": 176796,
                                  "Actual Loops": 4,
                                  "Filter": "(production_year < 1991)",
                                  "Rows Removed by Filter": 455282
                                }
                              ]
                            }
                          ]
                        }
                      ]
                    }
                  ]
                }
              ]
            }
          ]
        }
      ]
    },
    "Planning Time": 1.306,
    "Triggers": [],
    "Execution Time": 1826.096
  }
]