[
    {
        "Bao": {
            "Bao prediction": "NaN",
            "Bao recommended hint": "(no hint)"
        }
    },
    {
        "Plan": {
            "Node Type": "Aggregate",
            "Strategy": "Plain",
            "Partial Mode": "Finalize",
            "Parallel Aware": false,
            "Startup Cost": 218771.45,
            "Total Cost": 218771.46,
            "Plan Rows": 1,
            "Plan Width": 8,
            "Actual Startup Time": 236.488,
            "Actual Total Time": 245.63,
            "Actual Rows": 1,
            "Actual Loops": 1,
            "Output": [
                "count(*)"
            ],
            "Plans": [
                {
                    "Node Type": "Gather",
                    "Parent Relationship": "Outer",
                    "Parallel Aware": false,
                    "Startup Cost": 218770.93,
                    "Total Cost": 218771.44,
                    "Plan Rows": 5,
                    "Plan Width": 8,
                    "Actual Startup Time": 225.718,
                    "Actual Total Time": 245.62,
                    "Actual Rows": 6,
                    "Actual Loops": 1,
                    "Output": [
                        "(PARTIAL count(*))"
                    ],
                    "Workers Planned": 5,
                    "Workers Launched": 5,
                    "Single Copy": false,
                    "Plans": [
                        {
                            "Node Type": "Aggregate",
                            "Strategy": "Plain",
                            "Partial Mode": "Partial",
                            "Parent Relationship": "Outer",
                            "Parallel Aware": false,
                            "Startup Cost": 217770.93,
                            "Total Cost": 217770.94,
                            "Plan Rows": 1,
                            "Plan Width": 8,
                            "Actual Startup Time": 215.877,
                            "Actual Total Time": 215.88,
                            "Actual Rows": 1,
                            "Actual Loops": 6,
                            "Output": [
                                "PARTIAL count(*)"
                            ],
                            "Workers": [
                                {
                                    "Worker Number": 0,
                                    "Actual Startup Time": 213.713,
                                    "Actual Total Time": 213.716,
                                    "Actual Rows": 1,
                                    "Actual Loops": 1
                                },
                                {
                                    "Worker Number": 1,
                                    "Actual Startup Time": 213.791,
                                    "Actual Total Time": 213.794,
                                    "Actual Rows": 1,
                                    "Actual Loops": 1
                                },
                                {
                                    "Worker Number": 2,
                                    "Actual Startup Time": 213.819,
                                    "Actual Total Time": 213.823,
                                    "Actual Rows": 1,
                                    "Actual Loops": 1
                                },
                                {
                                    "Worker Number": 3,
                                    "Actual Startup Time": 214.195,
                                    "Actual Total Time": 214.198,
                                    "Actual Rows": 1,
                                    "Actual Loops": 1
                                },
                                {
                                    "Worker Number": 4,
                                    "Actual Startup Time": 214.476,
                                    "Actual Total Time": 214.478,
                                    "Actual Rows": 1,
                                    "Actual Loops": 1
                                }
                            ],
                            "Plans": [
                                {
                                    "Node Type": "Hash Join",
                                    "Parent Relationship": "Outer",
                                    "Parallel Aware": true,
                                    "Join Type": "Inner",
                                    "Startup Cost": 54681.73,
                                    "Total Cost": 217705.78,
                                    "Plan Rows": 26061,
                                    "Plan Width": 0,
                                    "Actual Startup Time": 170.501,
                                    "Actual Total Time": 212.687,
                                    "Actual Rows": 51697,
                                    "Actual Loops": 6,
                                    "Inner Unique": true,
                                    "Hash Cond": "(mi.movie_id = t.id)",
                                    "Workers": [
                                        {
                                            "Worker Number": 0,
                                            "Actual Startup Time": 167.852,
                                            "Actual Total Time": 210.692,
                                            "Actual Rows": 39940,
                                            "Actual Loops": 1
                                        },
                                        {
                                            "Worker Number": 1,
                                            "Actual Startup Time": 168.82,
                                            "Actual Total Time": 210.454,
                                            "Actual Rows": 45217,
                                            "Actual Loops": 1
                                        },
                                        {
                                            "Worker Number": 2,
                                            "Actual Startup Time": 168.311,
                                            "Actual Total Time": 210.525,
                                            "Actual Rows": 44855,
                                            "Actual Loops": 1
                                        },
                                        {
                                            "Worker Number": 3,
                                            "Actual Startup Time": 169.289,
                                            "Actual Total Time": 211.153,
                                            "Actual Rows": 40982,
                                            "Actual Loops": 1
                                        },
                                        {
                                            "Worker Number": 4,
                                            "Actual Startup Time": 168.981,
                                            "Actual Total Time": 211.454,
                                            "Actual Rows": 67558,
                                            "Actual Loops": 1
                                        }
                                    ],
                                    "Plans": [
                                        {
                                            "Node Type": "Bitmap Heap Scan",
                                            "Parent Relationship": "Outer",
                                            "Parallel Aware": true,
                                            "Relation Name": "movie_info",
                                            "Schema": "public",
                                            "Alias": "mi",
                                            "Startup Cost": 6181.97,
                                            "Total Cost": 169027.08,
                                            "Plan Rows": 68169,
                                            "Plan Width": 4,
                                            "Actual Startup Time": 15.892,
                                            "Actual Total Time": 36.796,
                                            "Actual Rows": 61370,
                                            "Actual Loops": 6,
                                            "Output": [
                                                "mi.id",
                                                "mi.movie_id",
                                                "mi.info_type_id",
                                                "mi.info",
                                                "mi.note"
                                            ],
                                            "Recheck Cond": "(mi.info_type_id = 17)",
                                            "Rows Removed by Index Recheck": 0,
                                            "Exact Heap Blocks": 2458,
                                            "Lossy Heap Blocks": 0,
                                            "Workers": [
                                                {
                                                    "Worker Number": 0,
                                                    "Actual Startup Time": 15.823,
                                                    "Actual Total Time": 37.871,
                                                    "Actual Rows": 46819,
                                                    "Actual Loops": 1
                                                },
                                                {
                                                    "Worker Number": 1,
                                                    "Actual Startup Time": 15.906,
                                                    "Actual Total Time": 37.488,
                                                    "Actual Rows": 54066,
                                                    "Actual Loops": 1
                                                },
                                                {
                                                    "Worker Number": 2,
                                                    "Actual Startup Time": 15.977,
                                                    "Actual Total Time": 37.496,
                                                    "Actual Rows": 54042,
                                                    "Actual Loops": 1
                                                },
                                                {
                                                    "Worker Number": 3,
                                                    "Actual Startup Time": 15.94,
                                                    "Actual Total Time": 37.997,
                                                    "Actual Rows": 47568,
                                                    "Actual Loops": 1
                                                },
                                                {
                                                    "Worker Number": 4,
                                                    "Actual Startup Time": 15.796,
                                                    "Actual Total Time": 36.938,
                                                    "Actual Rows": 82286,
                                                    "Actual Loops": 1
                                                }
                                            ],
                                            "Plans": [
                                                {
                                                    "Node Type": "Bitmap Index Scan",
                                                    "Parent Relationship": "Outer",
                                                    "Parallel Aware": false,
                                                    "Index Name": "info_type_id_movie_info",
                                                    "Startup Cost": 0.0,
                                                    "Total Cost": 6096.76,
                                                    "Plan Rows": 340843,
                                                    "Plan Width": 0,
                                                    "Actual Startup Time": 14.278,
                                                    "Actual Total Time": 14.278,
                                                    "Actual Rows": 368218,
                                                    "Actual Loops": 1,
                                                    "Index Cond": "(mi.info_type_id = 17)",
                                                    "Workers": [
                                                        {
                                                            "Worker Number": 4,
                                                            "Actual Startup Time": 14.278,
                                                            "Actual Total Time": 14.278,
                                                            "Actual Rows": 368218,
                                                            "Actual Loops": 1
                                                        }
                                                    ]
                                                }
                                            ]
                                        },
                                        {
                                            "Node Type": "Hash",
                                            "Parent Relationship": "Inner",
                                            "Parallel Aware": true,
                                            "Startup Cost": 45479.21,
                                            "Total Cost": 45479.21,
                                            "Plan Rows": 241644,
                                            "Plan Width": 4,
                                            "Actual Startup Time": 152.161,
                                            "Actual Total Time": 152.161,
                                            "Actual Rows": 162963,
                                            "Actual Loops": 6,
                                            "Output": [
                                                "t.id"
                                            ],
                                            "Hash Buckets": 1048576,
                                            "Original Hash Buckets": 1048576,
                                            "Hash Batches": 1,
                                            "Original Hash Batches": 1,
                                            "Peak Memory Usage": 46560,
                                            "Workers": [
                                                {
                                                    "Worker Number": 0,
                                                    "Actual Startup Time": 150.906,
                                                    "Actual Total Time": 150.907,
                                                    "Actual Rows": 120759,
                                                    "Actual Loops": 1
                                                },
                                                {
                                                    "Worker Number": 1,
                                                    "Actual Startup Time": 151.813,
                                                    "Actual Total Time": 151.814,
                                                    "Actual Rows": 142848,
                                                    "Actual Loops": 1
                                                },
                                                {
                                                    "Worker Number": 2,
                                                    "Actual Startup Time": 151.849,
                                                    "Actual Total Time": 151.85,
                                                    "Actual Rows": 140757,
                                                    "Actual Loops": 1
                                                },
                                                {
                                                    "Worker Number": 3,
                                                    "Actual Startup Time": 152.266,
                                                    "Actual Total Time": 152.267,
                                                    "Actual Rows": 124679,
                                                    "Actual Loops": 1
                                                },
                                                {
                                                    "Worker Number": 4,
                                                    "Actual Startup Time": 152.485,
                                                    "Actual Total Time": 152.485,
                                                    "Actual Rows": 206587,
                                                    "Actual Loops": 1
                                                }
                                            ],
                                            "Plans": [
                                                {
                                                    "Node Type": "Seq Scan",
                                                    "Parent Relationship": "Outer",
                                                    "Parallel Aware": true,
                                                    "Relation Name": "title",
                                                    "Schema": "public",
                                                    "Alias": "t",
                                                    "Startup Cost": 0.0,
                                                    "Total Cost": 45479.21,
                                                    "Plan Rows": 241644,
                                                    "Plan Width": 4,
                                                    "Actual Startup Time": 0.043,
                                                    "Actual Total Time": 86.005,
                                                    "Actual Rows": 162963,
                                                    "Actual Loops": 6,
                                                    "Output": [
                                                        "t.id"
                                                    ],
                                                    "Filter": "((t.kind_id < 7) AND (t.production_year > 0))",
                                                    "Rows Removed by Filter": 258422,
                                                    "Workers": [
                                                        {
                                                            "Worker Number": 0,
                                                            "Actual Startup Time": 0.057,
                                                            "Actual Total Time": 85.92,
                                                            "Actual Rows": 120759,
                                                            "Actual Loops": 1
                                                        },
                                                        {
                                                            "Worker Number": 1,
                                                            "Actual Startup Time": 0.042,
                                                            "Actual Total Time": 87.891,
                                                            "Actual Rows": 142848,
                                                            "Actual Loops": 1
                                                        },
                                                        {
                                                            "Worker Number": 2,
                                                            "Actual Startup Time": 0.051,
                                                            "Actual Total Time": 88.139,
                                                            "Actual Rows": 140757,
                                                            "Actual Loops": 1
                                                        },
                                                        {
                                                            "Worker Number": 3,
                                                            "Actual Startup Time": 0.043,
                                                            "Actual Total Time": 87.187,
                                                            "Actual Rows": 124679,
                                                            "Actual Loops": 1
                                                        },
                                                        {
                                                            "Worker Number": 4,
                                                            "Actual Startup Time": 0.052,
                                                            "Actual Total Time": 84.88,
                                                            "Actual Rows": 206587,
                                                            "Actual Loops": 1
                                                        }
                                                    ]
                                                }
                                            ]
                                        }
                                    ]
                                }
                            ]
                        }
                    ]
                }
            ]
        },
        "Planning Time": 196.127,
        "Triggers": [],
        "Execution Time": 245.751
    }
]