{
  "Plan": {
    "Node Type": "Aggregate",
    "Strategy": "Plain",
    "Partial Mode": "Finalize",
    "Parallel Aware": false,
    "Startup Cost": 603814.3,
    "Total Cost": 603814.31,
    "Plan Rows": 1,
    "Plan Width": 8,
    "Actual Startup Time": 2834.81,
    "Actual Total Time": 2862.872,
    "Actual Rows": 1,
    "Actual Loops": 1,
    "Plans": [
      {
        "Node Type": "Gather",
        "Parent Relationship": "Outer",
        "Parallel Aware": false,
        "Startup Cost": 603814.18,
        "Total Cost": 603814.29,
        "Plan Rows": 1,
        "Plan Width": 8,
        "Actual Startup Time": 2831.423,
        "Actual Total Time": 2862.862,
        "Actual Rows": 2,
        "Actual Loops": 1,
        "Workers Planned": 1,
        "Workers Launched": 1,
        "Single Copy": false,
        "Plans": [
          {
            "Node Type": "Aggregate",
            "Strategy": "Plain",
            "Partial Mode": "Partial",
            "Parent Relationship": "Outer",
            "Parallel Aware": false,
            "Startup Cost": 602814.18,
            "Total Cost": 602814.19,
            "Plan Rows": 1,
            "Plan Width": 8,
            "Actual Startup Time": 2826.537,
            "Actual Total Time": 2826.541,
            "Actual Rows": 1,
            "Actual Loops": 2,
            "Plans": [
              {
                "Node Type": "Hash Join",
                "Parent Relationship": "Outer",
                "Parallel Aware": true,
                "Join Type": "Inner",
                "Startup Cost": 262825.0,
                "Total Cost": 594843.45,
                "Plan Rows": 3188293,
                "Plan Width": 0,
                "Actual Startup Time": 704.247,
                "Actual Total Time": 2717.365,
                "Actual Rows": 2621063,
                "Actual Loops": 2,
                "Inner Unique": true,
                "Hash Cond": "(ci.movie_id = t.id)",
                "Plans": [
                  {
                    "Node Type": "Bitmap Heap Scan",
                    "Parent Relationship": "Outer",
                    "Parallel Aware": true,
                    "Relation Name": "cast_info",
                    "Alias": "ci",
                    "Startup Cost": 196936.14,
                    "Total Cost": 515186.3,
                    "Plan Rows": 5245053,
                    "Plan Width": 4,
                    "Actual Startup Time": 339.757,
                    "Actual Total Time": 800.569,
                    "Actual Rows": 4420216,
                    "Actual Loops": 2,
                    "Recheck Cond": "(person_id > 2808168)",
                    "Rows Removed by Index Recheck": 0,
                    "Exact Heap Blocks": 51833,
                    "Lossy Heap Blocks": 0,
                    "Plans": [
                      {
                        "Node Type": "Bitmap Index Scan",
                        "Parent Relationship": "Outer",
                        "Parallel Aware": false,
                        "Index Name": "person_id_cast_info",
                        "Startup Cost": 0.0,
                        "Total Cost": 194706.99,
                        "Plan Rows": 8916590,
                        "Plan Width": 0,
                        "Actual Startup Time": 321.974,
                        "Actual Total Time": 321.974,
                        "Actual Rows": 8840433,
                        "Actual Loops": 1,
                        "Index Cond": "(person_id > 2808168)"
                      }
                    ]
                  },
                  {
                    "Node Type": "Hash",
                    "Parent Relationship": "Inner",
                    "Parallel Aware": true,
                    "Startup Cost": 54588.39,
                    "Total Cost": 54588.39,
                    "Plan Rows": 904038,
                    "Plan Width": 4,
                    "Actual Startup Time": 354.13,
                    "Actual Total Time": 354.131,
                    "Actual Rows": 771632,
                    "Actual Loops": 2,
                    "Hash Buckets": 2097152,
                    "Original Hash Buckets": 2097152,
                    "Hash Batches": 1,
                    "Original Hash Batches": 1,
                    "Peak Memory Usage": 76800,
                    "Plans": [
                      {
                        "Node Type": "Seq Scan",
                        "Parent Relationship": "Outer",
                        "Parallel Aware": true,
                        "Relation Name": "title",
                        "Alias": "t",
                        "Startup Cost": 0.0,
                        "Total Cost": 54588.39,
                        "Plan Rows": 904038,
                        "Plan Width": 4,
                        "Actual Startup Time": 0.023,
                        "Actual Total Time": 153.307,
                        "Actual Rows": 771632,
                        "Actual Loops": 2,
                        "Filter": "(kind_id = 7)",
                        "Rows Removed by Filter": 492524
                      }
                    ]
                  }
                ]
              }
            ]
          }
        ]
      }
    ]
  },
  "Planning Time": 0.424,
  "Triggers": [],
  "Execution Time": 2862.937
}