[
    {
        "Bao": {
            "Bao prediction": 464.005,
            "Bao recommended hint": "(no hint)"
        }
    },
    {
        "Plan": {
            "Node Type": "Aggregate",
            "Strategy": "Plain",
            "Partial Mode": "Finalize",
            "Parallel Aware": false,
            "Startup Cost": 33314.95,
            "Total Cost": 33314.96,
            "Plan Rows": 1,
            "Plan Width": 8,
            "Actual Startup Time": 115.908,
            "Actual Total Time": 121.392,
            "Actual Rows": 1,
            "Actual Loops": 1,
            "Output": [
                "count(*)"
            ],
            "Plans": [
                {
                    "Node Type": "Gather",
                    "Parent Relationship": "Outer",
                    "Parallel Aware": false,
                    "Startup Cost": 33314.64,
                    "Total Cost": 33314.95,
                    "Plan Rows": 3,
                    "Plan Width": 8,
                    "Actual Startup Time": 115.831,
                    "Actual Total Time": 121.385,
                    "Actual Rows": 4,
                    "Actual Loops": 1,
                    "Output": [
                        "(PARTIAL count(*))"
                    ],
                    "Workers Planned": 3,
                    "Workers Launched": 3,
                    "Single Copy": false,
                    "Plans": [
                        {
                            "Node Type": "Aggregate",
                            "Strategy": "Plain",
                            "Partial Mode": "Partial",
                            "Parent Relationship": "Outer",
                            "Parallel Aware": false,
                            "Startup Cost": 32314.64,
                            "Total Cost": 32314.65,
                            "Plan Rows": 1,
                            "Plan Width": 8,
                            "Actual Startup Time": 108.092,
                            "Actual Total Time": 108.093,
                            "Actual Rows": 1,
                            "Actual Loops": 4,
                            "Output": [
                                "PARTIAL count(*)"
                            ],
                            "Workers": [
                                {
                                    "Worker Number": 0,
                                    "Actual Startup Time": 105.687,
                                    "Actual Total Time": 105.689,
                                    "Actual Rows": 1,
                                    "Actual Loops": 1
                                },
                                {
                                    "Worker Number": 1,
                                    "Actual Startup Time": 105.825,
                                    "Actual Total Time": 105.826,
                                    "Actual Rows": 1,
                                    "Actual Loops": 1
                                },
                                {
                                    "Worker Number": 2,
                                    "Actual Startup Time": 105.601,
                                    "Actual Total Time": 105.602,
                                    "Actual Rows": 1,
                                    "Actual Loops": 1
                                }
                            ],
                            "Plans": [
                                {
                                    "Node Type": "Seq Scan",
                                    "Parent Relationship": "Outer",
                                    "Parallel Aware": true,
                                    "Relation Name": "movie_companies",
                                    "Schema": "public",
                                    "Alias": "mc",
                                    "Startup Cost": 0.0,
                                    "Total Cost": 31414.82,
                                    "Plan Rows": 359927,
                                    "Plan Width": 0,
                                    "Actual Startup Time": 51.17,
                                    "Actual Total Time": 95.163,
                                    "Actual Rows": 226952,
                                    "Actual Loops": 4,
                                    "Output": [
                                        "id",
                                        "movie_id",
                                        "company_id",
                                        "company_type_id",
                                        "note"
                                    ],
                                    "Filter": "((mc.company_id < 79509) AND (mc.company_type_id > 1))",
                                    "Rows Removed by Filter": 425330,
                                    "Workers": [
                                        {
                                            "Worker Number": 0,
                                            "Actual Startup Time": 48.775,
                                            "Actual Total Time": 93.237,
                                            "Actual Rows": 189119,
                                            "Actual Loops": 1
                                        },
                                        {
                                            "Worker Number": 1,
                                            "Actual Startup Time": 48.893,
                                            "Actual Total Time": 93.479,
                                            "Actual Rows": 304443,
                                            "Actual Loops": 1
                                        },
                                        {
                                            "Worker Number": 2,
                                            "Actual Startup Time": 48.676,
                                            "Actual Total Time": 93.024,
                                            "Actual Rows": 191660,
                                            "Actual Loops": 1
                                        }
                                    ]
                                }
                            ]
                        }
                    ]
                }
            ]
        },
        "Planning Time": 292.924,
        "Triggers": [],
        "Execution Time": 121.476
    }
]