[
  {
    "Plan": {
      "Node Type": "Aggregate",
      "Strategy": "Plain",
      "Partial Mode": "Finalize",
      "Parallel Aware": false,
      "Startup Cost": 93882.3,
      "Total Cost": 93882.31,
      "Plan Rows": 1,
      "Plan Width": 8,
      "Actual Startup Time": 663.405,
      "Actual Total Time": 687.965,
      "Actual Rows": 1,
      "Actual Loops": 1,
      "Plans": [
        {
          "Node Type": "Gather",
          "Parent Relationship": "Outer",
          "Parallel Aware": false,
          "Startup Cost": 93881.98,
          "Total Cost": 93882.29,
          "Plan Rows": 3,
          "Plan Width": 8,
          "Actual Startup Time": 648.258,
          "Actual Total Time": 687.951,
          "Actual Rows": 4,
          "Actual Loops": 1,
          "Workers Planned": 3,
          "Workers Launched": 3,
          "Single Copy": false,
          "Plans": [
            {
              "Node Type": "Aggregate",
              "Strategy": "Plain",
              "Partial Mode": "Partial",
              "Parent Relationship": "Outer",
              "Parallel Aware": false,
              "Startup Cost": 92881.98,
              "Total Cost": 92881.99,
              "Plan Rows": 1,
              "Plan Width": 8,
              "Actual Startup Time": 634.252,
              "Actual Total Time": 634.256,
              "Actual Rows": 1,
              "Actual Loops": 4,
              "Plans": [
                {
                  "Node Type": "Hash Join",
                  "Parent Relationship": "Outer",
                  "Parallel Aware": true,
                  "Join Type": "Inner",
                  "Startup Cost": 64579.19,
                  "Total Cost": 92336.05,
                  "Plan Rows": 218371,
                  "Plan Width": 0,
                  "Actual Startup Time": 484.771,
                  "Actual Total Time": 623.303,
                  "Actual Rows": 169026,
                  "Actual Loops": 4,
                  "Inner Unique": true,
                  "Hash Cond": "(mk.movie_id = t.id)",
                  "Plans": [
                    {
                      "Node Type": "Bitmap Heap Scan",
                      "Parent Relationship": "Outer",
                      "Parallel Aware": true,
                      "Relation Name": "movie_keyword",
                      "Alias": "mk",
                      "Startup Cost": 14358.8,
                      "Total Cost": 41542.44,
                      "Plan Rows": 218371,
                      "Plan Width": 4,
                      "Actual Startup Time": 64.79,
                      "Actual Total Time": 136.133,
                      "Actual Rows": 169026,
                      "Actual Loops": 4,
                      "Recheck Cond": "(keyword_id > 27717)",
                      "Rows Removed by Index Recheck": 0,
                      "Exact Heap Blocks": 5679,
                      "Lossy Heap Blocks": 0,
                      "Plans": [
                        {
                          "Node Type": "Bitmap Index Scan",
                          "Parent Relationship": "Outer",
                          "Parallel Aware": false,
                          "Index Name": "keyword_id_movie_keyword",
                          "Startup Cost": 0.0,
                          "Total Cost": 14189.57,
                          "Plan Rows": 676951,
                          "Plan Width": 0,
                          "Actual Startup Time": 59.117,
                          "Actual Total Time": 59.118,
                          "Actual Rows": 676102,
                          "Actual Loops": 1,
                          "Index Cond": "(keyword_id > 27717)"
                        }
                      ]
                    },
                    {
                      "Node Type": "Hash",
                      "Parent Relationship": "Inner",
                      "Parallel Aware": true,
                      "Startup Cost": 42319.06,
                      "Total Cost": 42319.06,
                      "Plan Rows": 632106,
                      "Plan Width": 4,
                      "Actual Startup Time": 409.709,
                      "Actual Total Time": 409.71,
                      "Actual Rows": 632078,
                      "Actual Loops": 4,
                      "Hash Buckets": 4194304,
                      "Original Hash Buckets": 4194304,
                      "Hash Batches": 1,
                      "Original Hash Batches": 1,
                      "Peak Memory Usage": 131712,
                      "Plans": [
                        {
                          "Node Type": "Seq Scan",
                          "Parent Relationship": "Outer",
                          "Parallel Aware": true,
                          "Relation Name": "title",
                          "Alias": "t",
                          "Startup Cost": 0.0,
                          "Total Cost": 42319.06,
                          "Plan Rows": 632106,
                          "Plan Width": 4,
                          "Actual Startup Time": 0.052,
                          "Actual Total Time": 120.822,
                          "Actual Rows": 632078,
                          "Actual Loops": 4
                        }
                      ]
                    }
                  ]
                }
              ]
            }
          ]
        }
      ]
    },
    "Planning Time": 0.294,
    "Triggers": [],
    "Execution Time": 688.021
  }
]