[
  {
    "Plan": {
      "Node Type": "Aggregate",
      "Strategy": "Plain",
      "Partial Mode": "Finalize",
      "Parallel Aware": false,
      "Startup Cost": 94317.88,
      "Total Cost": 94317.89,
      "Plan Rows": 1,
      "Plan Width": 8,
      "Actual Startup Time": 446.144,
      "Actual Total Time": 463.706,
      "Actual Rows": 1,
      "Actual Loops": 1,
      "Plans": [
        {
          "Node Type": "Gather",
          "Parent Relationship": "Outer",
          "Parallel Aware": false,
          "Startup Cost": 94317.56,
          "Total Cost": 94317.87,
          "Plan Rows": 3,
          "Plan Width": 8,
          "Actual Startup Time": 442.662,
          "Actual Total Time": 463.698,
          "Actual Rows": 4,
          "Actual Loops": 1,
          "Workers Planned": 3,
          "Workers Launched": 3,
          "Single Copy": false,
          "Plans": [
            {
              "Node Type": "Aggregate",
              "Strategy": "Plain",
              "Partial Mode": "Partial",
              "Parent Relationship": "Outer",
              "Parallel Aware": false,
              "Startup Cost": 93317.56,
              "Total Cost": 93317.57,
              "Plan Rows": 1,
              "Plan Width": 8,
              "Actual Startup Time": 434.277,
              "Actual Total Time": 434.28,
              "Actual Rows": 1,
              "Actual Loops": 4,
              "Plans": [
                {
                  "Node Type": "Hash Join",
                  "Parent Relationship": "Outer",
                  "Parallel Aware": true,
                  "Join Type": "Inner",
                  "Startup Cost": 46956.3,
                  "Total Cost": 92330.44,
                  "Plan Rows": 394850,
                  "Plan Width": 0,
                  "Actual Startup Time": 181.369,
                  "Actual Total Time": 408.044,
                  "Actual Rows": 652794,
                  "Actual Loops": 4,
                  "Inner Unique": true,
                  "Hash Cond": "(mk.movie_id = t.id)",
                  "Plans": [
                    {
                      "Node Type": "Seq Scan",
                      "Parent Relationship": "Outer",
                      "Parallel Aware": true,
                      "Relation Name": "movie_keyword",
                      "Alias": "mk",
                      "Startup Cost": 0.0,
                      "Total Cost": 42695.65,
                      "Plan Rows": 1020373,
                      "Plan Width": 4,
                      "Actual Startup Time": 0.118,
                      "Actual Total Time": 108.811,
                      "Actual Rows": 787712,
                      "Actual Loops": 4,
                      "Filter": "(keyword_id > 1808)",
                      "Rows Removed by Filter": 343270
                    },
                    {
                      "Node Type": "Hash",
                      "Parent Relationship": "Inner",
                      "Parallel Aware": true,
                      "Startup Cost": 43898.92,
                      "Total Cost": 43898.92,
                      "Plan Rows": 244591,
                      "Plan Width": 4,
                      "Actual Startup Time": 176.042,
                      "Actual Total Time": 176.043,
                      "Actual Rows": 243112,
                      "Actual Loops": 4,
                      "Hash Buckets": 1048576,
                      "Original Hash Buckets": 1048576,
                      "Hash Batches": 1,
                      "Original Hash Batches": 1,
                      "Peak Memory Usage": 46336,
                      "Plans": [
                        {
                          "Node Type": "Seq Scan",
                          "Parent Relationship": "Outer",
                          "Parallel Aware": true,
                          "Relation Name": "title",
                          "Alias": "t",
                          "Startup Cost": 0.0,
                          "Total Cost": 43898.92,
                          "Plan Rows": 244591,
                          "Plan Width": 4,
                          "Actual Startup Time": 0.041,
                          "Actual Total Time": 99.6,
                          "Actual Rows": 243112,
                          "Actual Loops": 4,
                          "Filter": "(kind_id < 6)",
                          "Rows Removed by Filter": 388966
                        }
                      ]
                    }
                  ]
                }
              ]
            }
          ]
        }
      ]
    },
    "Planning Time": 0.561,
    "Triggers": [],
    "Execution Time": 463.771
  }
]