{
    "Plan": {
        "Node Type": "Aggregate",
        "Strategy": "Plain",
        "Partial Mode": "Finalize",
        "Parallel Aware": false,
        "Startup Cost": 294200.12,
        "Total Cost": 294200.13,
        "Plan Rows": 1,
        "Plan Width": 8,
        "Actual Startup Time": 1618.326,
        "Actual Total Time": 1664.938,
        "Actual Rows": 1,
        "Actual Loops": 1,
        "Output": [
            "count(*)"
        ],
        "Plans": [
            {
                "Node Type": "Gather",
                "Parent Relationship": "Outer",
                "Parallel Aware": false,
                "Startup Cost": 294199.6,
                "Total Cost": 294200.11,
                "Plan Rows": 5,
                "Plan Width": 8,
                "Actual Startup Time": 1592.077,
                "Actual Total Time": 1664.927,
                "Actual Rows": 6,
                "Actual Loops": 1,
                "Output": [
                    "(PARTIAL count(*))"
                ],
                "Workers Planned": 5,
                "Workers Launched": 5,
                "Single Copy": false,
                "Plans": [
                    {
                        "Node Type": "Aggregate",
                        "Strategy": "Plain",
                        "Partial Mode": "Partial",
                        "Parent Relationship": "Outer",
                        "Parallel Aware": false,
                        "Startup Cost": 293199.6,
                        "Total Cost": 293199.61,
                        "Plan Rows": 1,
                        "Plan Width": 8,
                        "Actual Startup Time": 1574.77,
                        "Actual Total Time": 1574.777,
                        "Actual Rows": 1,
                        "Actual Loops": 6,
                        "Output": [
                            "PARTIAL count(*)"
                        ],
                        "Workers": [
                            {
                                "Worker Number": 0,
                                "Actual Startup Time": 1571.134,
                                "Actual Total Time": 1571.139,
                                "Actual Rows": 1,
                                "Actual Loops": 1
                            },
                            {
                                "Worker Number": 1,
                                "Actual Startup Time": 1571.035,
                                "Actual Total Time": 1571.042,
                                "Actual Rows": 1,
                                "Actual Loops": 1
                            },
                            {
                                "Worker Number": 2,
                                "Actual Startup Time": 1571.18,
                                "Actual Total Time": 1571.185,
                                "Actual Rows": 1,
                                "Actual Loops": 1
                            },
                            {
                                "Worker Number": 3,
                                "Actual Startup Time": 1572.576,
                                "Actual Total Time": 1572.582,
                                "Actual Rows": 1,
                                "Actual Loops": 1
                            },
                            {
                                "Worker Number": 4,
                                "Actual Startup Time": 1571.552,
                                "Actual Total Time": 1571.557,
                                "Actual Rows": 1,
                                "Actual Loops": 1
                            }
                        ],
                        "Plans": [
                            {
                                "Node Type": "Hash Join",
                                "Parent Relationship": "Outer",
                                "Parallel Aware": true,
                                "Join Type": "Inner",
                                "Startup Cost": 85461.2,
                                "Total Cost": 291228.97,
                                "Plan Rows": 788251,
                                "Plan Width": 0,
                                "Actual Startup Time": 613.526,
                                "Actual Total Time": 1466.506,
                                "Actual Rows": 2205132,
                                "Actual Loops": 6,
                                "Inner Unique": false,
                                "Hash Cond": "(mi.movie_id = t.id)",
                                "Workers": [
                                    {
                                        "Worker Number": 0,
                                        "Actual Startup Time": 611.225,
                                        "Actual Total Time": 1457.35,
                                        "Actual Rows": 1839688,
                                        "Actual Loops": 1
                                    },
                                    {
                                        "Worker Number": 1,
                                        "Actual Startup Time": 610.016,
                                        "Actual Total Time": 1463.93,
                                        "Actual Rows": 1732953,
                                        "Actual Loops": 1
                                    },
                                    {
                                        "Worker Number": 2,
                                        "Actual Startup Time": 611.253,
                                        "Actual Total Time": 1473.126,
                                        "Actual Rows": 2483832,
                                        "Actual Loops": 1
                                    },
                                    {
                                        "Worker Number": 3,
                                        "Actual Startup Time": 610.859,
                                        "Actual Total Time": 1467.688,
                                        "Actual Rows": 2630271,
                                        "Actual Loops": 1
                                    },
                                    {
                                        "Worker Number": 4,
                                        "Actual Startup Time": 611.065,
                                        "Actual Total Time": 1467.46,
                                        "Actual Rows": 2611085,
                                        "Actual Loops": 1
                                    }
                                ],
                                "Plans": [
                                    {
                                        "Node Type": "Seq Scan",
                                        "Parent Relationship": "Outer",
                                        "Parallel Aware": true,
                                        "Relation Name": "movie_info",
                                        "Schema": "public",
                                        "Alias": "mi",
                                        "Startup Cost": 0.0,
                                        "Total Cost": 198880.74,
                                        "Plan Rows": 1158476,
                                        "Plan Width": 4,
                                        "Actual Startup Time": 0.037,
                                        "Actual Total Time": 355.572,
                                        "Actual Rows": 980827,
                                        "Actual Loops": 6,
                                        "Output": [
                                            "mi.id",
                                            "mi.movie_id",
                                            "mi.info_type_id",
                                            "mi.info",
                                            "mi.note"
                                        ],
                                        "Filter": "(mi.info_type_id < 7)",
                                        "Rows Removed by Filter": 1491793,
                                        "Workers": [
                                            {
                                                "Worker Number": 0,
                                                "Actual Startup Time": 0.057,
                                                "Actual Total Time": 366.52,
                                                "Actual Rows": 827890,
                                                "Actual Loops": 1
                                            },
                                            {
                                                "Worker Number": 1,
                                                "Actual Startup Time": 0.039,
                                                "Actual Total Time": 365.27,
                                                "Actual Rows": 778610,
                                                "Actual Loops": 1
                                            },
                                            {
                                                "Worker Number": 2,
                                                "Actual Startup Time": 0.04,
                                                "Actual Total Time": 352.733,
                                                "Actual Rows": 1080048,
                                                "Actual Loops": 1
                                            },
                                            {
                                                "Worker Number": 3,
                                                "Actual Startup Time": 0.032,
                                                "Actual Total Time": 353.726,
                                                "Actual Rows": 1159683,
                                                "Actual Loops": 1
                                            },
                                            {
                                                "Worker Number": 4,
                                                "Actual Startup Time": 0.038,
                                                "Actual Total Time": 353.942,
                                                "Actual Rows": 1156075,
                                                "Actual Loops": 1
                                            }
                                        ]
                                    },
                                    {
                                        "Node Type": "Hash",
                                        "Parent Relationship": "Inner",
                                        "Parallel Aware": true,
                                        "Startup Cost": 78524.41,
                                        "Total Cost": 78524.41,
                                        "Plan Rows": 554943,
                                        "Plan Width": 8,
                                        "Actual Startup Time": 606.907,
                                        "Actual Total Time": 606.911,
                                        "Actual Rows": 325702,
                                        "Actual Loops": 6,
                                        "Output": [
                                            "t.id",
                                            "mc.movie_id"
                                        ],
                                        "Hash Buckets": 2097152,
                                        "Original Hash Buckets": 2097152,
                                        "Hash Batches": 1,
                                        "Original Hash Batches": 1,
                                        "Peak Memory Usage": 92928,
                                        "Workers": [
                                            {
                                                "Worker Number": 0,
                                                "Actual Startup Time": 608.635,
                                                "Actual Total Time": 608.638,
                                                "Actual Rows": 285794,
                                                "Actual Loops": 1
                                            },
                                            {
                                                "Worker Number": 1,
                                                "Actual Startup Time": 608.541,
                                                "Actual Total Time": 608.546,
                                                "Actual Rows": 261022,
                                                "Actual Loops": 1
                                            },
                                            {
                                                "Worker Number": 2,
                                                "Actual Startup Time": 608.633,
                                                "Actual Total Time": 608.636,
                                                "Actual Rows": 339846,
                                                "Actual Loops": 1
                                            },
                                            {
                                                "Worker Number": 3,
                                                "Actual Startup Time": 610.367,
                                                "Actual Total Time": 610.371,
                                                "Actual Rows": 374481,
                                                "Actual Loops": 1
                                            },
                                            {
                                                "Worker Number": 4,
                                                "Actual Startup Time": 609.03,
                                                "Actual Total Time": 609.033,
                                                "Actual Rows": 389763,
                                                "Actual Loops": 1
                                            }
                                        ],
                                        "Plans": [
                                            {
                                                "Node Type": "Hash Join",
                                                "Parent Relationship": "Outer",
                                                "Parallel Aware": true,
                                                "Join Type": "Inner",
                                                "Startup Cost": 49108.52,
                                                "Total Cost": 78524.41,
                                                "Plan Rows": 554943,
                                                "Plan Width": 8,
                                                "Actual Startup Time": 226.723,
                                                "Actual Total Time": 442.281,
                                                "Actual Rows": 325702,
                                                "Actual Loops": 6,
                                                "Output": [
                                                    "t.id",
                                                    "mc.movie_id"
                                                ],
                                                "Inner Unique": true,
                                                "Hash Cond": "(mc.movie_id = t.id)",
                                                "Workers": [
                                                    {
                                                        "Worker Number": 0,
                                                        "Actual Startup Time": 226.793,
                                                        "Actual Total Time": 442.481,
                                                        "Actual Rows": 285794,
                                                        "Actual Loops": 1
                                                    },
                                                    {
                                                        "Worker Number": 1,
                                                        "Actual Startup Time": 226.741,
                                                        "Actual Total Time": 442.748,
                                                        "Actual Rows": 261022,
                                                        "Actual Loops": 1
                                                    },
                                                    {
                                                        "Worker Number": 2,
                                                        "Actual Startup Time": 226.728,
                                                        "Actual Total Time": 442.695,
                                                        "Actual Rows": 339846,
                                                        "Actual Loops": 1
                                                    },
                                                    {
                                                        "Worker Number": 3,
                                                        "Actual Startup Time": 226.609,
                                                        "Actual Total Time": 441.923,
                                                        "Actual Rows": 374481,
                                                        "Actual Loops": 1
                                                    },
                                                    {
                                                        "Worker Number": 4,
                                                        "Actual Startup Time": 226.611,
                                                        "Actual Total Time": 442.3,
                                                        "Actual Rows": 389763,
                                                        "Actual Loops": 1
                                                    }
                                                ],
                                                "Plans": [
                                                    {
                                                        "Node Type": "Seq Scan",
                                                        "Parent Relationship": "Outer",
                                                        "Parallel Aware": true,
                                                        "Relation Name": "movie_companies",
                                                        "Schema": "public",
                                                        "Alias": "mc",
                                                        "Startup Cost": 0.0,
                                                        "Total Cost": 27206.55,
                                                        "Plan Rows": 841655,
                                                        "Plan Width": 4,
                                                        "Actual Startup Time": 0.031,
                                                        "Actual Total Time": 51.731,
                                                        "Actual Rows": 434855,
                                                        "Actual Loops": 6,
                                                        "Output": [
                                                            "mc.id",
                                                            "mc.movie_id",
                                                            "mc.company_id",
                                                            "mc.company_type_id",
                                                            "mc.note"
                                                        ],
                                                        "Workers": [
                                                            {
                                                                "Worker Number": 0,
                                                                "Actual Startup Time": 0.036,
                                                                "Actual Total Time": 56.098,
                                                                "Actual Rows": 382640,
                                                                "Actual Loops": 1
                                                            },
                                                            {
                                                                "Worker Number": 1,
                                                                "Actual Startup Time": 0.048,
                                                                "Actual Total Time": 55.318,
                                                                "Actual Rows": 346317,
                                                                "Actual Loops": 1
                                                            },
                                                            {
                                                                "Worker Number": 2,
                                                                "Actual Startup Time": 0.038,
                                                                "Actual Total Time": 51.103,
                                                                "Actual Rows": 455659,
                                                                "Actual Loops": 1
                                                            },
                                                            {
                                                                "Worker Number": 3,
                                                                "Actual Startup Time": 0.026,
                                                                "Actual Total Time": 51.414,
                                                                "Actual Rows": 497438,
                                                                "Actual Loops": 1
                                                            },
                                                            {
                                                                "Worker Number": 4,
                                                                "Actual Startup Time": 0.024,
                                                                "Actual Total Time": 50.544,
                                                                "Actual Rows": 519647,
                                                                "Actual Loops": 1
                                                            }
                                                        ]
                                                    },
                                                    {
                                                        "Node Type": "Hash",
                                                        "Parent Relationship": "Inner",
                                                        "Parallel Aware": true,
                                                        "Startup Cost": 43899.01,
                                                        "Total Cost": 43899.01,
                                                        "Plan Rows": 416761,
                                                        "Plan Width": 4,
                                                        "Actual Startup Time": 223.846,
                                                        "Actual Total Time": 223.847,
                                                        "Actual Rows": 278549,
                                                        "Actual Loops": 6,
                                                        "Output": [
                                                            "t.id"
                                                        ],
                                                        "Hash Buckets": 2097152,
                                                        "Original Hash Buckets": 2097152,
                                                        "Hash Batches": 1,
                                                        "Original Hash Batches": 1,
                                                        "Peak Memory Usage": 81888,
                                                        "Workers": [
                                                            {
                                                                "Worker Number": 0,
                                                                "Actual Startup Time": 226.413,
                                                                "Actual Total Time": 226.414,
                                                                "Actual Rows": 236326,
                                                                "Actual Loops": 1
                                                            },
                                                            {
                                                                "Worker Number": 1,
                                                                "Actual Startup Time": 226.342,
                                                                "Actual Total Time": 226.344,
                                                                "Actual Rows": 214659,
                                                                "Actual Loops": 1
                                                            },
                                                            {
                                                                "Worker Number": 2,
                                                                "Actual Startup Time": 226.352,
                                                                "Actual Total Time": 226.353,
                                                                "Actual Rows": 282333,
                                                                "Actual Loops": 1
                                                            },
                                                            {
                                                                "Worker Number": 3,
                                                                "Actual Startup Time": 226.516,
                                                                "Actual Total Time": 226.517,
                                                                "Actual Rows": 311720,
                                                                "Actual Loops": 1
                                                            },
                                                            {
                                                                "Worker Number": 4,
                                                                "Actual Startup Time": 226.472,
                                                                "Actual Total Time": 226.473,
                                                                "Actual Rows": 312836,
                                                                "Actual Loops": 1
                                                            }
                                                        ],
                                                        "Plans": [
                                                            {
                                                                "Node Type": "Seq Scan",
                                                                "Parent Relationship": "Outer",
                                                                "Parallel Aware": true,
                                                                "Relation Name": "title",
                                                                "Schema": "public",
                                                                "Alias": "t",
                                                                "Startup Cost": 0.0,
                                                                "Total Cost": 43899.01,
                                                                "Plan Rows": 416761,
                                                                "Plan Width": 4,
                                                                "Actual Startup Time": 0.063,
                                                                "Actual Total Time": 95.741,
                                                                "Actual Rows": 278549,
                                                                "Actual Loops": 6,
                                                                "Output": [
                                                                    "t.id"
                                                                ],
                                                                "Filter": "(t.production_year < 2008)",
                                                                "Rows Removed by Filter": 142837,
                                                                "Workers": [
                                                                    {
                                                                        "Worker Number": 0,
                                                                        "Actual Startup Time": 0.075,
                                                                        "Actual Total Time": 100.438,
                                                                        "Actual Rows": 236326,
                                                                        "Actual Loops": 1
                                                                    },
                                                                    {
                                                                        "Worker Number": 1,
                                                                        "Actual Startup Time": 0.077,
                                                                        "Actual Total Time": 98.594,
                                                                        "Actual Rows": 214659,
                                                                        "Actual Loops": 1
                                                                    },
                                                                    {
                                                                        "Worker Number": 2,
                                                                        "Actual Startup Time": 0.073,
                                                                        "Actual Total Time": 95.412,
                                                                        "Actual Rows": 282333,
                                                                        "Actual Loops": 1
                                                                    },
                                                                    {
                                                                        "Worker Number": 3,
                                                                        "Actual Startup Time": 0.069,
                                                                        "Actual Total Time": 97.314,
                                                                        "Actual Rows": 311720,
                                                                        "Actual Loops": 1
                                                                    },
                                                                    {
                                                                        "Worker Number": 4,
                                                                        "Actual Startup Time": 0.068,
                                                                        "Actual Total Time": 95.894,
                                                                        "Actual Rows": 312836,
                                                                        "Actual Loops": 1
                                                                    }
                                                                ]
                                                            }
                                                        ]
                                                    }
                                                ]
                                            }
                                        ]
                                    }
                                ]
                            }
                        ]
                    }
                ]
            }
        ]
    },
    "Planning Time": 1.601,
    "Triggers": [],
    "Execution Time": 1665.027
}