[
  {
    "Plan": {
      "Node Type": "Aggregate",
      "Strategy": "Plain",
      "Partial Mode": "Finalize",
      "Parallel Aware": false,
      "Startup Cost": 97773.47,
      "Total Cost": 97773.48,
      "Plan Rows": 1,
      "Plan Width": 8,
      "Actual Startup Time": 574.986,
      "Actual Total Time": 592.132,
      "Actual Rows": 1,
      "Actual Loops": 1,
      "Plans": [
        {
          "Node Type": "Gather",
          "Parent Relationship": "Outer",
          "Parallel Aware": false,
          "Startup Cost": 97773.15,
          "Total Cost": 97773.46,
          "Plan Rows": 3,
          "Plan Width": 8,
          "Actual Startup Time": 565.786,
          "Actual Total Time": 592.122,
          "Actual Rows": 4,
          "Actual Loops": 1,
          "Workers Planned": 3,
          "Workers Launched": 3,
          "Single Copy": false,
          "Plans": [
            {
              "Node Type": "Aggregate",
              "Strategy": "Plain",
              "Partial Mode": "Partial",
              "Parent Relationship": "Outer",
              "Parallel Aware": false,
              "Startup Cost": 96773.15,
              "Total Cost": 96773.16,
              "Plan Rows": 1,
              "Plan Width": 8,
              "Actual Startup Time": 547.5,
              "Actual Total Time": 547.504,
              "Actual Rows": 1,
              "Actual Loops": 4,
              "Plans": [
                {
                  "Node Type": "Hash Join",
                  "Parent Relationship": "Outer",
                  "Parallel Aware": true,
                  "Join Type": "Inner",
                  "Startup Cost": 51376.49,
                  "Total Cost": 95492.72,
                  "Plan Rows": 512173,
                  "Plan Width": 0,
                  "Actual Startup Time": 344.455,
                  "Actual Total Time": 530.948,
                  "Actual Rows": 419723,
                  "Actual Loops": 4,
                  "Inner Unique": true,
                  "Hash Cond": "(mk.movie_id = t.id)",
                  "Plans": [
                    {
                      "Node Type": "Seq Scan",
                      "Parent Relationship": "Outer",
                      "Parallel Aware": true,
                      "Relation Name": "movie_keyword",
                      "Alias": "mk",
                      "Startup Cost": 0.0,
                      "Total Cost": 42695.65,
                      "Plan Rows": 541170,
                      "Plan Width": 4,
                      "Actual Startup Time": 0.025,
                      "Actual Total Time": 96.167,
                      "Actual Rows": 424646,
                      "Actual Loops": 4,
                      "Filter": "(keyword_id < 2648)",
                      "Rows Removed by Filter": 706336
                    },
                    {
                      "Node Type": "Hash",
                      "Parent Relationship": "Inner",
                      "Parallel Aware": true,
                      "Startup Cost": 43898.92,
                      "Total Cost": 43898.92,
                      "Plan Rows": 598206,
                      "Plan Width": 4,
                      "Actual Startup Time": 333.004,
                      "Actual Total Time": 333.005,
                      "Actual Rows": 597175,
                      "Actual Loops": 4,
                      "Hash Buckets": 4194304,
                      "Original Hash Buckets": 4194304,
                      "Hash Batches": 1,
                      "Original Hash Batches": 1,
                      "Peak Memory Usage": 126272,
                      "Plans": [
                        {
                          "Node Type": "Seq Scan",
                          "Parent Relationship": "Outer",
                          "Parallel Aware": true,
                          "Relation Name": "title",
                          "Alias": "t",
                          "Startup Cost": 0.0,
                          "Total Cost": 43898.92,
                          "Plan Rows": 598206,
                          "Plan Width": 4,
                          "Actual Startup Time": 0.036,
                          "Actual Total Time": 111.265,
                          "Actual Rows": 597175,
                          "Actual Loops": 4,
                          "Filter": "(production_year > 1915)",
                          "Rows Removed by Filter": 34903
                        }
                      ]
                    }
                  ]
                }
              ]
            }
          ]
        }
      ]
    },
    "Planning Time": 0.63,
    "Triggers": [],
    "Execution Time": 592.199
  }
]