[
  {
    "Plan": {
      "Node Type": "Aggregate",
      "Strategy": "Plain",
      "Partial Mode": "Finalize",
      "Parallel Aware": false,
      "Startup Cost": 88963.08,
      "Total Cost": 88963.09,
      "Plan Rows": 1,
      "Plan Width": 8,
      "Actual Startup Time": 248.893,
      "Actual Total Time": 277.559,
      "Actual Rows": 1,
      "Actual Loops": 1,
      "Plans": [
        {
          "Node Type": "Gather",
          "Parent Relationship": "Outer",
          "Parallel Aware": false,
          "Startup Cost": 88962.77,
          "Total Cost": 88963.08,
          "Plan Rows": 3,
          "Plan Width": 8,
          "Actual Startup Time": 248.522,
          "Actual Total Time": 277.55,
          "Actual Rows": 4,
          "Actual Loops": 1,
          "Workers Planned": 3,
          "Workers Launched": 3,
          "Single Copy": false,
          "Plans": [
            {
              "Node Type": "Aggregate",
              "Strategy": "Plain",
              "Partial Mode": "Partial",
              "Parent Relationship": "Outer",
              "Parallel Aware": false,
              "Startup Cost": 87962.77,
              "Total Cost": 87962.78,
              "Plan Rows": 1,
              "Plan Width": 8,
              "Actual Startup Time": 243.212,
              "Actual Total Time": 243.216,
              "Actual Rows": 1,
              "Actual Loops": 4,
              "Plans": [
                {
                  "Node Type": "Nested Loop",
                  "Parent Relationship": "Outer",
                  "Parallel Aware": false,
                  "Join Type": "Inner",
                  "Startup Cost": 45598.06,
                  "Total Cost": 87851.27,
                  "Plan Rows": 44599,
                  "Plan Width": 0,
                  "Actual Startup Time": 135.61,
                  "Actual Total Time": 241.626,
                  "Actual Rows": 24850,
                  "Actual Loops": 4,
                  "Inner Unique": false,
                  "Join Filter": "(t.id = ci.movie_id)",
                  "Rows Removed by Join Filter": 0,
                  "Plans": [
                    {
                      "Node Type": "Hash Join",
                      "Parent Relationship": "Outer",
                      "Parallel Aware": true,
                      "Join Type": "Inner",
                      "Startup Cost": 45597.5,
                      "Total Cost": 75455.34,
                      "Plan Rows": 3111,
                      "Plan Width": 8,
                      "Actual Startup Time": 135.488,
                      "Actual Total Time": 189.827,
                      "Actual Rows": 761,
                      "Actual Loops": 4,
                      "Inner Unique": true,
                      "Hash Cond": "(mc.movie_id = t.id)",
                      "Plans": [
                        {
                          "Node Type": "Seq Scan",
                          "Parent Relationship": "Outer",
                          "Parallel Aware": true,
                          "Relation Name": "movie_companies",
                          "Alias": "mc",
                          "Startup Cost": 0.0,
                          "Total Cost": 29310.68,
                          "Plan Rows": 208441,
                          "Plan Width": 4,
                          "Actual Startup Time": 22.519,
                          "Actual Total Time": 62.595,
                          "Actual Rows": 160108,
                          "Actual Loops": 4,
                          "Filter": "(company_id > 57024)",
                          "Rows Removed by Filter": 492175
                        },
                        {
                          "Node Type": "Hash",
                          "Parent Relationship": "Inner",
                          "Parallel Aware": true,
                          "Startup Cost": 45479.59,
                          "Total Cost": 45479.59,
                          "Plan Rows": 9433,
                          "Plan Width": 4,
                          "Actual Startup Time": 107.422,
                          "Actual Total Time": 107.423,
                          "Actual Rows": 10035,
                          "Actual Loops": 4,
                          "Hash Buckets": 65536,
                          "Original Hash Buckets": 65536,
                          "Hash Batches": 1,
                          "Original Hash Batches": 1,
                          "Peak Memory Usage": 2144,
                          "Plans": [
                            {
                              "Node Type": "Seq Scan",
                              "Parent Relationship": "Outer",
                              "Parallel Aware": true,
                              "Relation Name": "title",
                              "Alias": "t",
                              "Startup Cost": 0.0,
                              "Total Cost": 45479.59,
                              "Plan Rows": 9433,
                              "Plan Width": 4,
                              "Actual Startup Time": 0.037,
                              "Actual Total Time": 102.385,
                              "Actual Rows": 10035,
                              "Actual Loops": 4,
                              "Filter": "((kind_id > 4) AND (production_year = 2001))",
                              "Rows Removed by Filter": 622043
                            }
                          ]
                        }
                      ]
                    },
                    {
                      "Node Type": "Index Only Scan",
                      "Parent Relationship": "Inner",
                      "Parallel Aware": false,
                      "Scan Direction": "Forward",
                      "Index Name": "movie_id_cast_info",
                      "Relation Name": "cast_info",
                      "Alias": "ci",
                      "Startup Cost": 0.56,
                      "Total Cost": 3.55,
                      "Plan Rows": 35,
                      "Plan Width": 4,
                      "Actual Startup Time": 0.01,
                      "Actual Total Time": 0.064,
                      "Actual Rows": 33,
                      "Actual Loops": 3045,
                      "Index Cond": "(movie_id = mc.movie_id)",
                      "Rows Removed by Index Recheck": 0,
                      "Heap Fetches": 99402
                    }
                  ]
                }
              ]
            }
          ]
        }
      ]
    },
    "Planning Time": 1.621,
    "Triggers": [],
    "Execution Time": 277.653
  }
]