{
  "Plan": {
    "Node Type": "Aggregate",
    "Strategy": "Plain",
    "Partial Mode": "Finalize",
    "Parallel Aware": false,
    "Startup Cost": 109821.0,
    "Total Cost": 109821.01,
    "Plan Rows": 1,
    "Plan Width": 8,
    "Actual Startup Time": 229.356,
    "Actual Total Time": 249.607,
    "Actual Rows": 1,
    "Actual Loops": 1,
    "Plans": [
      {
        "Node Type": "Gather",
        "Parent Relationship": "Outer",
        "Parallel Aware": false,
        "Startup Cost": 109820.89,
        "Total Cost": 109821.0,
        "Plan Rows": 1,
        "Plan Width": 8,
        "Actual Startup Time": 228.903,
        "Actual Total Time": 249.599,
        "Actual Rows": 2,
        "Actual Loops": 1,
        "Workers Planned": 1,
        "Workers Launched": 1,
        "Single Copy": false,
        "Plans": [
          {
            "Node Type": "Aggregate",
            "Strategy": "Plain",
            "Partial Mode": "Partial",
            "Parent Relationship": "Outer",
            "Parallel Aware": false,
            "Startup Cost": 108820.89,
            "Total Cost": 108820.9,
            "Plan Rows": 1,
            "Plan Width": 8,
            "Actual Startup Time": 222.589,
            "Actual Total Time": 222.593,
            "Actual Rows": 1,
            "Actual Loops": 2,
            "Plans": [
              {
                "Node Type": "Nested Loop",
                "Parent Relationship": "Outer",
                "Parallel Aware": false,
                "Join Type": "Inner",
                "Startup Cost": 60415.91,
                "Total Cost": 108795.82,
                "Plan Rows": 10026,
                "Plan Width": 0,
                "Actual Startup Time": 161.138,
                "Actual Total Time": 222.035,
                "Actual Rows": 8792,
                "Actual Loops": 2,
                "Inner Unique": false,
                "Plans": [
                  {
                    "Node Type": "Hash Join",
                    "Parent Relationship": "Outer",
                    "Parallel Aware": true,
                    "Join Type": "Inner",
                    "Startup Cost": 60415.35,
                    "Total Cost": 85523.15,
                    "Plan Rows": 1272,
                    "Plan Width": 8,
                    "Actual Startup Time": 161.04,
                    "Actual Total Time": 198.873,
                    "Actual Rows": 416,
                    "Actual Loops": 2,
                    "Inner Unique": true,
                    "Hash Cond": "(mk.movie_id = t.id)",
                    "Plans": [
                      {
                        "Node Type": "Bitmap Heap Scan",
                        "Parent Relationship": "Outer",
                        "Parallel Aware": true,
                        "Relation Name": "movie_keyword",
                        "Alias": "mk",
                        "Startup Cost": 1561.94,
                        "Total Cost": 26556.27,
                        "Plan Rows": 43226,
                        "Plan Width": 4,
                        "Actual Startup Time": 9.33,
                        "Actual Total Time": 38.984,
                        "Actual Rows": 37504,
                        "Actual Loops": 2,
                        "Recheck Cond": "(keyword_id < 70)",
                        "Rows Removed by Index Recheck": 0,
                        "Exact Heap Blocks": 13271,
                        "Lossy Heap Blocks": 0,
                        "Plans": [
                          {
                            "Node Type": "Bitmap Index Scan",
                            "Parent Relationship": "Outer",
                            "Parallel Aware": false,
                            "Index Name": "keyword_id_movie_keyword",
                            "Startup Cost": 0.0,
                            "Total Cost": 1543.57,
                            "Plan Rows": 73485,
                            "Plan Width": 0,
                            "Actual Startup Time": 6.478,
                            "Actual Total Time": 6.478,
                            "Actual Rows": 75008,
                            "Actual Loops": 1,
                            "Index Cond": "(keyword_id < 70)"
                          }
                        ]
                      },
                      {
                        "Node Type": "Hash",
                        "Parent Relationship": "Inner",
                        "Parallel Aware": true,
                        "Startup Cost": 58306.47,
                        "Total Cost": 58306.47,
                        "Plan Rows": 43755,
                        "Plan Width": 4,
                        "Actual Startup Time": 148.72,
                        "Actual Total Time": 148.72,
                        "Actual Rows": 42054,
                        "Actual Loops": 2,
                        "Hash Buckets": 131072,
                        "Original Hash Buckets": 131072,
                        "Hash Batches": 1,
                        "Original Hash Batches": 1,
                        "Peak Memory Usage": 4352,
                        "Plans": [
                          {
                            "Node Type": "Seq Scan",
                            "Parent Relationship": "Outer",
                            "Parallel Aware": true,
                            "Relation Name": "title",
                            "Alias": "t",
                            "Startup Cost": 0.0,
                            "Total Cost": 58306.47,
                            "Plan Rows": 43755,
                            "Plan Width": 4,
                            "Actual Startup Time": 0.038,
                            "Actual Total Time": 136.871,
                            "Actual Rows": 42054,
                            "Actual Loops": 2,
                            "Filter": "((kind_id = 7) AND (production_year = 2008))",
                            "Rows Removed by Filter": 1222102
                          }
                        ]
                      }
                    ]
                  },
                  {
                    "Node Type": "Index Scan",
                    "Parent Relationship": "Inner",
                    "Parallel Aware": false,
                    "Scan Direction": "Forward",
                    "Index Name": "movie_id_cast_info",
                    "Relation Name": "cast_info",
                    "Alias": "ci",
                    "Startup Cost": 0.56,
                    "Total Cost": 18.1,
                    "Plan Rows": 20,
                    "Plan Width": 4,
                    "Actual Startup Time": 0.022,
                    "Actual Total Time": 0.054,
                    "Actual Rows": 21,
                    "Actual Loops": 832,
                    "Index Cond": "(movie_id = t.id)",
                    "Rows Removed by Index Recheck": 0,
                    "Filter": "((person_id > 578425) AND (role_id > 1))",
                    "Rows Removed by Filter": 11
                  }
                ]
              }
            ]
          }
        ]
      }
    ]
  },
  "Planning Time": 1.194,
  "Triggers": [],
  "Execution Time": 249.721
}