[
  {
    "Plan": {
      "Node Type": "Aggregate",
      "Strategy": "Plain",
      "Partial Mode": "Finalize",
      "Parallel Aware": false,
      "Startup Cost": 45565.71,
      "Total Cost": 45565.72,
      "Plan Rows": 1,
      "Plan Width": 8,
      "Actual Startup Time": 145.559,
      "Actual Total Time": 155.14,
      "Actual Rows": 1,
      "Actual Loops": 1,
      "Plans": [
        {
          "Node Type": "Gather",
          "Parent Relationship": "Outer",
          "Parallel Aware": false,
          "Startup Cost": 45565.39,
          "Total Cost": 45565.7,
          "Plan Rows": 3,
          "Plan Width": 8,
          "Actual Startup Time": 145.293,
          "Actual Total Time": 155.131,
          "Actual Rows": 4,
          "Actual Loops": 1,
          "Workers Planned": 3,
          "Workers Launched": 3,
          "Single Copy": false,
          "Plans": [
            {
              "Node Type": "Aggregate",
              "Strategy": "Plain",
              "Partial Mode": "Partial",
              "Parent Relationship": "Outer",
              "Parallel Aware": false,
              "Startup Cost": 44565.39,
              "Total Cost": 44565.4,
              "Plan Rows": 1,
              "Plan Width": 8,
              "Actual Startup Time": 140.686,
              "Actual Total Time": 140.687,
              "Actual Rows": 1,
              "Actual Loops": 4,
              "Plans": [
                {
                  "Node Type": "Seq Scan",
                  "Parent Relationship": "Outer",
                  "Parallel Aware": true,
                  "Relation Name": "movie_keyword",
                  "Alias": "mk",
                  "Startup Cost": 0.0,
                  "Total Cost": 42695.65,
                  "Plan Rows": 747896,
                  "Plan Width": 0,
                  "Actual Startup Time": 0.035,
                  "Actual Total Time": 114.18,
                  "Actual Rows": 579840,
                  "Actual Loops": 4,
                  "Filter": "(keyword_id < 5057)",
                  "Rows Removed by Filter": 551142
                }
              ]
            }
          ]
        }
      ]
    },
    "Planning Time": 0.18,
    "Triggers": [],
    "Execution Time": 155.198
  }
]