[
  {
    "Plan": {
      "Node Type": "Aggregate",
      "Strategy": "Plain",
      "Partial Mode": "Finalize",
      "Parallel Aware": false,
      "Startup Cost": 39704.75,
      "Total Cost": 39704.76,
      "Plan Rows": 1,
      "Plan Width": 8,
      "Actual Startup Time": 113.397,
      "Actual Total Time": 119.334,
      "Actual Rows": 1,
      "Actual Loops": 1,
      "Plans": [
        {
          "Node Type": "Gather",
          "Parent Relationship": "Outer",
          "Parallel Aware": false,
          "Startup Cost": 39704.43,
          "Total Cost": 39704.74,
          "Plan Rows": 3,
          "Plan Width": 8,
          "Actual Startup Time": 113.173,
          "Actual Total Time": 119.324,
          "Actual Rows": 4,
          "Actual Loops": 1,
          "Workers Planned": 3,
          "Workers Launched": 3,
          "Single Copy": false,
          "Plans": [
            {
              "Node Type": "Aggregate",
              "Strategy": "Plain",
              "Partial Mode": "Partial",
              "Parent Relationship": "Outer",
              "Parallel Aware": false,
              "Startup Cost": 38704.43,
              "Total Cost": 38704.44,
              "Plan Rows": 1,
              "Plan Width": 8,
              "Actual Startup Time": 106.472,
              "Actual Total Time": 106.474,
              "Actual Rows": 1,
              "Actual Loops": 4,
              "Plans": [
                {
                  "Node Type": "Bitmap Heap Scan",
                  "Parent Relationship": "Outer",
                  "Parallel Aware": true,
                  "Relation Name": "movie_keyword",
                  "Alias": "mk",
                  "Startup Cost": 11603.67,
                  "Total Cost": 38263.3,
                  "Plan Rows": 176451,
                  "Plan Width": 0,
                  "Actual Startup Time": 27.923,
                  "Actual Total Time": 98.833,
                  "Actual Rows": 136849,
                  "Actual Loops": 4,
                  "Recheck Cond": "(keyword_id > 33634)",
                  "Rows Removed by Index Recheck": 0,
                  "Exact Heap Blocks": 8972,
                  "Lossy Heap Blocks": 0,
                  "Plans": [
                    {
                      "Node Type": "Bitmap Index Scan",
                      "Parent Relationship": "Outer",
                      "Parallel Aware": false,
                      "Index Name": "keyword_id_movie_keyword",
                      "Startup Cost": 0.0,
                      "Total Cost": 11466.92,
                      "Plan Rows": 546998,
                      "Plan Width": 0,
                      "Actual Startup Time": 30.876,
                      "Actual Total Time": 30.877,
                      "Actual Rows": 547396,
                      "Actual Loops": 1,
                      "Index Cond": "(keyword_id > 33634)"
                    }
                  ]
                }
              ]
            }
          ]
        }
      ]
    },
    "Planning Time": 0.06,
    "Triggers": [],
    "Execution Time": 119.364
  }
]