[
  {
    "Plan": {
      "Node Type": "Aggregate",
      "Strategy": "Plain",
      "Partial Mode": "Finalize",
      "Parallel Aware": false,
      "Startup Cost": 39999.25,
      "Total Cost": 39999.26,
      "Plan Rows": 1,
      "Plan Width": 8,
      "Actual Startup Time": 142.058,
      "Actual Total Time": 148.367,
      "Actual Rows": 1,
      "Actual Loops": 1,
      "Plans": [
        {
          "Node Type": "Gather",
          "Parent Relationship": "Outer",
          "Parallel Aware": false,
          "Startup Cost": 39998.94,
          "Total Cost": 39999.25,
          "Plan Rows": 3,
          "Plan Width": 8,
          "Actual Startup Time": 141.772,
          "Actual Total Time": 148.356,
          "Actual Rows": 4,
          "Actual Loops": 1,
          "Workers Planned": 3,
          "Workers Launched": 3,
          "Single Copy": false,
          "Plans": [
            {
              "Node Type": "Aggregate",
              "Strategy": "Plain",
              "Partial Mode": "Partial",
              "Parent Relationship": "Outer",
              "Parallel Aware": false,
              "Startup Cost": 38998.94,
              "Total Cost": 38998.95,
              "Plan Rows": 1,
              "Plan Width": 8,
              "Actual Startup Time": 133.444,
              "Actual Total Time": 133.446,
              "Actual Rows": 1,
              "Actual Loops": 4,
              "Plans": [
                {
                  "Node Type": "Bitmap Heap Scan",
                  "Parent Relationship": "Outer",
                  "Parallel Aware": true,
                  "Relation Name": "movie_keyword",
                  "Alias": "mk",
                  "Startup Cost": 11843.4,
                  "Total Cost": 38548.68,
                  "Plan Rows": 180103,
                  "Plan Width": 0,
                  "Actual Startup Time": 55.072,
                  "Actual Total Time": 124.16,
                  "Actual Rows": 136849,
                  "Actual Loops": 4,
                  "Recheck Cond": "(keyword_id > 33634)",
                  "Rows Removed by Index Recheck": 0,
                  "Exact Heap Blocks": 7920,
                  "Lossy Heap Blocks": 0,
                  "Plans": [
                    {
                      "Node Type": "Bitmap Index Scan",
                      "Parent Relationship": "Outer",
                      "Parallel Aware": false,
                      "Index Name": "keyword_id_movie_keyword",
                      "Startup Cost": 0.0,
                      "Total Cost": 11703.82,
                      "Plan Rows": 558318,
                      "Plan Width": 0,
                      "Actual Startup Time": 57.071,
                      "Actual Total Time": 57.071,
                      "Actual Rows": 547396,
                      "Actual Loops": 1,
                      "Index Cond": "(keyword_id > 33634)"
                    }
                  ]
                }
              ]
            }
          ]
        }
      ]
    },
    "Planning Time": 0.189,
    "Triggers": [],
    "Execution Time": 148.437
  }
]