[
  {
    "Plan": {
      "Node Type": "Aggregate",
      "Strategy": "Plain",
      "Partial Mode": "Finalize",
      "Parallel Aware": false,
      "Startup Cost": 33485.29,
      "Total Cost": 33485.3,
      "Plan Rows": 1,
      "Plan Width": 8,
      "Actual Startup Time": 109.308,
      "Actual Total Time": 117.373,
      "Actual Rows": 1,
      "Actual Loops": 1,
      "Plans": [
        {
          "Node Type": "Gather",
          "Parent Relationship": "Outer",
          "Parallel Aware": false,
          "Startup Cost": 33484.97,
          "Total Cost": 33485.28,
          "Plan Rows": 3,
          "Plan Width": 8,
          "Actual Startup Time": 109.117,
          "Actual Total Time": 117.364,
          "Actual Rows": 4,
          "Actual Loops": 1,
          "Workers Planned": 3,
          "Workers Launched": 3,
          "Single Copy": false,
          "Plans": [
            {
              "Node Type": "Aggregate",
              "Strategy": "Plain",
              "Partial Mode": "Partial",
              "Parent Relationship": "Outer",
              "Parallel Aware": false,
              "Startup Cost": 32484.97,
              "Total Cost": 32484.98,
              "Plan Rows": 1,
              "Plan Width": 8,
              "Actual Startup Time": 100.588,
              "Actual Total Time": 100.589,
              "Actual Rows": 1,
              "Actual Loops": 4,
              "Plans": [
                {
                  "Node Type": "Seq Scan",
                  "Parent Relationship": "Outer",
                  "Parallel Aware": true,
                  "Relation Name": "movie_companies",
                  "Alias": "mc",
                  "Startup Cost": 0.0,
                  "Total Cost": 31414.82,
                  "Plan Rows": 428062,
                  "Plan Width": 0,
                  "Actual Startup Time": 49.462,
                  "Actual Total Time": 86.991,
                  "Actual Rows": 330782,
                  "Actual Loops": 4,
                  "Filter": "((company_id < 223865) AND (company_type_id > 1))",
                  "Rows Removed by Filter": 321500
                }
              ]
            }
          ]
        }
      ]
    },
    "Planning Time": 0.301,
    "Triggers": [],
    "Execution Time": 117.425
  }
]