[
  {
    "Plan": {
      "Node Type": "Aggregate",
      "Strategy": "Plain",
      "Partial Mode": "Finalize",
      "Parallel Aware": false,
      "Startup Cost": 33478.16,
      "Total Cost": 33478.17,
      "Plan Rows": 1,
      "Plan Width": 8,
      "Actual Startup Time": 129.222,
      "Actual Total Time": 137.438,
      "Actual Rows": 1,
      "Actual Loops": 1,
      "Plans": [
        {
          "Node Type": "Gather",
          "Parent Relationship": "Outer",
          "Parallel Aware": false,
          "Startup Cost": 33477.85,
          "Total Cost": 33478.16,
          "Plan Rows": 3,
          "Plan Width": 8,
          "Actual Startup Time": 129.077,
          "Actual Total Time": 137.429,
          "Actual Rows": 4,
          "Actual Loops": 1,
          "Workers Planned": 3,
          "Workers Launched": 3,
          "Single Copy": false,
          "Plans": [
            {
              "Node Type": "Aggregate",
              "Strategy": "Plain",
              "Partial Mode": "Partial",
              "Parent Relationship": "Outer",
              "Parallel Aware": false,
              "Startup Cost": 32477.85,
              "Total Cost": 32477.86,
              "Plan Rows": 1,
              "Plan Width": 8,
              "Actual Startup Time": 120.466,
              "Actual Total Time": 120.467,
              "Actual Rows": 1,
              "Actual Loops": 4,
              "Plans": [
                {
                  "Node Type": "Seq Scan",
                  "Parent Relationship": "Outer",
                  "Parallel Aware": true,
                  "Relation Name": "movie_companies",
                  "Alias": "mc",
                  "Startup Cost": 0.0,
                  "Total Cost": 31414.82,
                  "Plan Rows": 425211,
                  "Plan Width": 0,
                  "Actual Startup Time": 53.832,
                  "Actual Total Time": 102.465,
                  "Actual Rows": 330782,
                  "Actual Loops": 4,
                  "Filter": "((company_id < 223865) AND (company_type_id > 1))",
                  "Rows Removed by Filter": 321500
                }
              ]
            }
          ]
        }
      ]
    },
    "Planning Time": 0.26,
    "Triggers": [],
    "Execution Time": 137.495
  }
]