[
  {
    "Plan": {
      "Node Type": "Aggregate",
      "Strategy": "Plain",
      "Partial Mode": "Finalize",
      "Parallel Aware": false,
      "Startup Cost": 112208.18,
      "Total Cost": 112208.18,
      "Plan Rows": 1,
      "Plan Width": 8,
      "Actual Startup Time": 149.81,
      "Actual Total Time": 160.314,
      "Actual Rows": 1,
      "Actual Loops": 1,
      "Plans": [
        {
          "Node Type": "Gather",
          "Parent Relationship": "Outer",
          "Parallel Aware": false,
          "Startup Cost": 112207.65,
          "Total Cost": 112208.16,
          "Plan Rows": 5,
          "Plan Width": 8,
          "Actual Startup Time": 149.738,
          "Actual Total Time": 160.307,
          "Actual Rows": 6,
          "Actual Loops": 1,
          "Workers Planned": 5,
          "Workers Launched": 5,
          "Single Copy": false,
          "Plans": [
            {
              "Node Type": "Aggregate",
              "Strategy": "Plain",
              "Partial Mode": "Partial",
              "Parent Relationship": "Outer",
              "Parallel Aware": false,
              "Startup Cost": 111207.65,
              "Total Cost": 111207.66,
              "Plan Rows": 1,
              "Plan Width": 8,
              "Actual Startup Time": 140.383,
              "Actual Total Time": 140.384,
              "Actual Rows": 1,
              "Actual Loops": 6,
              "Plans": [
                {
                  "Node Type": "Index Scan",
                  "Parent Relationship": "Outer",
                  "Parallel Aware": true,
                  "Scan Direction": "Forward",
                  "Index Name": "role_id_cast_info",
                  "Relation Name": "cast_info",
                  "Alias": "ci",
                  "Startup Cost": 0.56,
                  "Total Cost": 110428.26,
                  "Plan Rows": 311759,
                  "Plan Width": 0,
                  "Actual Startup Time": 0.187,
                  "Actual Total Time": 131.646,
                  "Actual Rows": 176081,
                  "Actual Loops": 6,
                  "Index Cond": "(role_id = 3)",
                  "Rows Removed by Index Recheck": 0,
                  "Filter": "(person_id < 1375993)",
                  "Rows Removed by Filter": 491925
                }
              ]
            }
          ]
        }
      ]
    },
    "Planning Time": 0.151,
    "Triggers": [],
    "Execution Time": 160.357
  }
]