{
  "Plan": {
    "Node Type": "Aggregate",
    "Strategy": "Plain",
    "Partial Mode": "Finalize",
    "Parallel Aware": false,
    "Startup Cost": 391412.41,
    "Total Cost": 391412.42,
    "Plan Rows": 1,
    "Plan Width": 8,
    "Actual Startup Time": 2425.873,
    "Actual Total Time": 2479.33,
    "Actual Rows": 1,
    "Actual Loops": 1,
    "Plans": [
      {
        "Node Type": "Gather",
        "Parent Relationship": "Outer",
        "Parallel Aware": false,
        "Startup Cost": 391412.3,
        "Total Cost": 391412.41,
        "Plan Rows": 1,
        "Plan Width": 8,
        "Actual Startup Time": 2423.222,
        "Actual Total Time": 2479.323,
        "Actual Rows": 2,
        "Actual Loops": 1,
        "Workers Planned": 1,
        "Workers Launched": 1,
        "Single Copy": false,
        "Plans": [
          {
            "Node Type": "Aggregate",
            "Strategy": "Plain",
            "Partial Mode": "Partial",
            "Parent Relationship": "Outer",
            "Parallel Aware": false,
            "Startup Cost": 390412.3,
            "Total Cost": 390412.31,
            "Plan Rows": 1,
            "Plan Width": 8,
            "Actual Startup Time": 2417.161,
            "Actual Total Time": 2417.166,
            "Actual Rows": 1,
            "Actual Loops": 2,
            "Plans": [
              {
                "Node Type": "Hash Join",
                "Parent Relationship": "Outer",
                "Parallel Aware": true,
                "Join Type": "Inner",
                "Startup Cost": 100671.71,
                "Total Cost": 387974.49,
                "Plan Rows": 975125,
                "Plan Width": 0,
                "Actual Startup Time": 515.207,
                "Actual Total Time": 2307.851,
                "Actual Rows": 2681534,
                "Actual Loops": 2,
                "Inner Unique": false,
                "Hash Cond": "(mi.movie_id = t.id)",
                "Plans": [
                  {
                    "Node Type": "Seq Scan",
                    "Parent Relationship": "Outer",
                    "Parallel Aware": true,
                    "Relation Name": "movie_info",
                    "Alias": "mi",
                    "Startup Cost": 0.0,
                    "Total Cost": 248955.74,
                    "Plan Rows": 8696274,
                    "Plan Width": 4,
                    "Actual Startup Time": 0.013,
                    "Actual Total Time": 616.216,
                    "Actual Rows": 7417860,
                    "Actual Loops": 2
                  },
                  {
                    "Node Type": "Hash",
                    "Parent Relationship": "Inner",
                    "Parallel Aware": true,
                    "Startup Cost": 98587.14,
                    "Total Cost": 98587.14,
                    "Plan Rows": 166765,
                    "Plan Width": 8,
                    "Actual Startup Time": 507.888,
                    "Actual Total Time": 507.891,
                    "Actual Rows": 215854,
                    "Actual Loops": 2,
                    "Hash Buckets": 524288,
                    "Original Hash Buckets": 524288,
                    "Hash Batches": 1,
                    "Original Hash Batches": 1,
                    "Peak Memory Usage": 21024,
                    "Plans": [
                      {
                        "Node Type": "Hash Join",
                        "Parent Relationship": "Outer",
                        "Parallel Aware": true,
                        "Join Type": "Inner",
                        "Startup Cost": 58566.81,
                        "Total Cost": 98587.14,
                        "Plan Rows": 166765,
                        "Plan Width": 8,
                        "Actual Startup Time": 274.677,
                        "Actual Total Time": 462.062,
                        "Actual Rows": 215854,
                        "Actual Loops": 2,
                        "Inner Unique": true,
                        "Hash Cond": "(mc.movie_id = t.id)",
                        "Plans": [
                          {
                            "Node Type": "Seq Scan",
                            "Parent Relationship": "Outer",
                            "Parallel Aware": true,
                            "Relation Name": "movie_companies",
                            "Alias": "mc",
                            "Startup Cost": 0.0,
                            "Total Cost": 37974.77,
                            "Plan Rows": 779260,
                            "Plan Width": 4,
                            "Actual Startup Time": 44.67,
                            "Actual Total Time": 110.335,
                            "Actual Rows": 667442,
                            "Actual Loops": 2,
                            "Filter": "(company_type_id > 1)",
                            "Rows Removed by Filter": 637123
                          },
                          {
                            "Node Type": "Hash",
                            "Parent Relationship": "Inner",
                            "Parallel Aware": true,
                            "Startup Cost": 54588.39,
                            "Total Cost": 54588.39,
                            "Plan Rows": 318274,
                            "Plan Width": 4,
                            "Actual Startup Time": 223.379,
                            "Actual Total Time": 223.379,
                            "Actual Rows": 276480,
                            "Actual Loops": 2,
                            "Hash Buckets": 1048576,
                            "Original Hash Buckets": 1048576,
                            "Hash Batches": 1,
                            "Original Hash Batches": 1,
                            "Peak Memory Usage": 29856,
                            "Plans": [
                              {
                                "Node Type": "Seq Scan",
                                "Parent Relationship": "Outer",
                                "Parallel Aware": true,
                                "Relation Name": "title",
                                "Alias": "t",
                                "Startup Cost": 0.0,
                                "Total Cost": 54588.39,
                                "Plan Rows": 318274,
                                "Plan Width": 4,
                                "Actual Startup Time": 0.045,
                                "Actual Total Time": 146.177,
                                "Actual Rows": 276480,
                                "Actual Loops": 2,
                                "Filter": "(production_year < 1983)",
                                "Rows Removed by Filter": 987676
                              }
                            ]
                          }
                        ]
                      }
                    ]
                  }
                ]
              }
            ]
          }
        ]
      }
    ]
  },
  "Planning Time": 0.929,
  "Triggers": [],
  "Execution Time": 2479.421
}