[
  {
    "Plan": {
      "Node Type": "Aggregate",
      "Strategy": "Plain",
      "Partial Mode": "Finalize",
      "Parallel Aware": false,
      "Startup Cost": 400639.0,
      "Total Cost": 400639.01,
      "Plan Rows": 1,
      "Plan Width": 8,
      "Actual Startup Time": 1648.74,
      "Actual Total Time": 1706.173,
      "Actual Rows": 1,
      "Actual Loops": 1,
      "Plans": [
        {
          "Node Type": "Gather",
          "Parent Relationship": "Outer",
          "Parallel Aware": false,
          "Startup Cost": 400638.38,
          "Total Cost": 400638.99,
          "Plan Rows": 6,
          "Plan Width": 8,
          "Actual Startup Time": 1634.717,
          "Actual Total Time": 1706.152,
          "Actual Rows": 7,
          "Actual Loops": 1,
          "Workers Planned": 6,
          "Workers Launched": 6,
          "Single Copy": false,
          "Plans": [
            {
              "Node Type": "Aggregate",
              "Strategy": "Plain",
              "Partial Mode": "Partial",
              "Parent Relationship": "Outer",
              "Parallel Aware": false,
              "Startup Cost": 399638.38,
              "Total Cost": 399638.39,
              "Plan Rows": 1,
              "Plan Width": 8,
              "Actual Startup Time": 1624.398,
              "Actual Total Time": 1624.403,
              "Actual Rows": 1,
              "Actual Loops": 7,
              "Plans": [
                {
                  "Node Type": "Hash Join",
                  "Parent Relationship": "Outer",
                  "Parallel Aware": true,
                  "Join Type": "Inner",
                  "Startup Cost": 49890.1,
                  "Total Cost": 396941.36,
                  "Plan Rows": 1078806,
                  "Plan Width": 0,
                  "Actual Startup Time": 212.514,
                  "Actual Total Time": 1564.844,
                  "Actual Rows": 1196746,
                  "Actual Loops": 7,
                  "Inner Unique": true,
                  "Hash Cond": "(ci.movie_id = t.id)",
                  "Plans": [
                    {
                      "Node Type": "Seq Scan",
                      "Parent Relationship": "Outer",
                      "Parallel Aware": true,
                      "Relation Name": "cast_info",
                      "Alias": "ci",
                      "Startup Cost": 0.0,
                      "Total Cost": 343316.27,
                      "Plan Rows": 1422852,
                      "Plan Width": 4,
                      "Actual Startup Time": 0.04,
                      "Actual Total Time": 695.089,
                      "Actual Rows": 1588350,
                      "Actual Loops": 7,
                      "Filter": "((person_id < 1522122) AND (role_id < 3))",
                      "Rows Removed by Filter": 3589414
                    },
                    {
                      "Node Type": "Hash",
                      "Parent Relationship": "Inner",
                      "Parallel Aware": true,
                      "Startup Cost": 43899.32,
                      "Total Cost": 43899.32,
                      "Plan Rows": 479262,
                      "Plan Width": 4,
                      "Actual Startup Time": 208.914,
                      "Actual Total Time": 208.915,
                      "Actual Rows": 271894,
                      "Actual Loops": 7,
                      "Hash Buckets": 2097152,
                      "Original Hash Buckets": 2097152,
                      "Hash Batches": 1,
                      "Original Hash Batches": 1,
                      "Peak Memory Usage": 90912,
                      "Plans": [
                        {
                          "Node Type": "Seq Scan",
                          "Parent Relationship": "Outer",
                          "Parallel Aware": true,
                          "Relation Name": "title",
                          "Alias": "t",
                          "Startup Cost": 0.0,
                          "Total Cost": 43899.32,
                          "Plan Rows": 479262,
                          "Plan Width": 4,
                          "Actual Startup Time": 0.041,
                          "Actual Total Time": 86.965,
                          "Actual Rows": 271894,
                          "Actual Loops": 7,
                          "Filter": "(production_year > 1982)",
                          "Rows Removed by Filter": 89293
                        }
                      ]
                    }
                  ]
                }
              ]
            }
          ]
        }
      ]
    },
    "Planning Time": 0.281,
    "Triggers": [],
    "Execution Time": 1706.235
  }
]