[
  {
    "Plan": {
      "Node Type": "Aggregate",
      "Strategy": "Plain",
      "Partial Mode": "Finalize",
      "Parallel Aware": false,
      "Startup Cost": 44472.4,
      "Total Cost": 44472.41,
      "Plan Rows": 1,
      "Plan Width": 8,
      "Actual Startup Time": 131.075,
      "Actual Total Time": 137.255,
      "Actual Rows": 1,
      "Actual Loops": 1,
      "Plans": [
        {
          "Node Type": "Gather",
          "Parent Relationship": "Outer",
          "Parallel Aware": false,
          "Startup Cost": 44472.09,
          "Total Cost": 44472.4,
          "Plan Rows": 3,
          "Plan Width": 8,
          "Actual Startup Time": 131.004,
          "Actual Total Time": 137.248,
          "Actual Rows": 4,
          "Actual Loops": 1,
          "Workers Planned": 3,
          "Workers Launched": 3,
          "Single Copy": false,
          "Plans": [
            {
              "Node Type": "Aggregate",
              "Strategy": "Plain",
              "Partial Mode": "Partial",
              "Parent Relationship": "Outer",
              "Parallel Aware": false,
              "Startup Cost": 43472.09,
              "Total Cost": 43472.1,
              "Plan Rows": 1,
              "Plan Width": 8,
              "Actual Startup Time": 126.718,
              "Actual Total Time": 126.718,
              "Actual Rows": 1,
              "Actual Loops": 4,
              "Plans": [
                {
                  "Node Type": "Seq Scan",
                  "Parent Relationship": "Outer",
                  "Parallel Aware": true,
                  "Relation Name": "movie_keyword",
                  "Alias": "mk",
                  "Startup Cost": 0.0,
                  "Total Cost": 42695.65,
                  "Plan Rows": 310573,
                  "Plan Width": 0,
                  "Actual Startup Time": 0.028,
                  "Actual Total Time": 111.734,
                  "Actual Rows": 240710,
                  "Actual Loops": 4,
                  "Filter": "(keyword_id < 905)",
                  "Rows Removed by Filter": 890272
                }
              ]
            }
          ]
        }
      ]
    },
    "Planning Time": 0.078,
    "Triggers": [],
    "Execution Time": 137.283
  }
]