[
  {
    "Plan": {
      "Node Type": "Aggregate",
      "Strategy": "Plain",
      "Partial Mode": "Finalize",
      "Parallel Aware": false,
      "Startup Cost": 44469.9,
      "Total Cost": 44469.91,
      "Plan Rows": 1,
      "Plan Width": 8,
      "Actual Startup Time": 124.762,
      "Actual Total Time": 134.374,
      "Actual Rows": 1,
      "Actual Loops": 1,
      "Plans": [
        {
          "Node Type": "Gather",
          "Parent Relationship": "Outer",
          "Parallel Aware": false,
          "Startup Cost": 44469.58,
          "Total Cost": 44469.89,
          "Plan Rows": 3,
          "Plan Width": 8,
          "Actual Startup Time": 124.636,
          "Actual Total Time": 134.365,
          "Actual Rows": 4,
          "Actual Loops": 1,
          "Workers Planned": 3,
          "Workers Launched": 3,
          "Single Copy": false,
          "Plans": [
            {
              "Node Type": "Aggregate",
              "Strategy": "Plain",
              "Partial Mode": "Partial",
              "Parent Relationship": "Outer",
              "Parallel Aware": false,
              "Startup Cost": 43469.58,
              "Total Cost": 43469.59,
              "Plan Rows": 1,
              "Plan Width": 8,
              "Actual Startup Time": 116.286,
              "Actual Total Time": 116.287,
              "Actual Rows": 1,
              "Actual Loops": 4,
              "Plans": [
                {
                  "Node Type": "Seq Scan",
                  "Parent Relationship": "Outer",
                  "Parallel Aware": true,
                  "Relation Name": "movie_keyword",
                  "Alias": "mk",
                  "Startup Cost": 0.0,
                  "Total Cost": 42695.65,
                  "Plan Rows": 309572,
                  "Plan Width": 0,
                  "Actual Startup Time": 0.075,
                  "Actual Total Time": 104.094,
                  "Actual Rows": 240710,
                  "Actual Loops": 4,
                  "Filter": "(keyword_id < 905)",
                  "Rows Removed by Filter": 890272
                }
              ]
            }
          ]
        }
      ]
    },
    "Planning Time": 0.219,
    "Triggers": [],
    "Execution Time": 134.429
  }
]