{
  "Plan": {
    "Node Type": "Aggregate",
    "Strategy": "Plain",
    "Partial Mode": "Finalize",
    "Parallel Aware": false,
    "Startup Cost": 633321.87,
    "Total Cost": 633321.88,
    "Plan Rows": 1,
    "Plan Width": 8,
    "Actual Startup Time": 2722.006,
    "Actual Total Time": 2788.628,
    "Actual Rows": 1,
    "Actual Loops": 1,
    "Plans": [
      {
        "Node Type": "Gather",
        "Parent Relationship": "Outer",
        "Parallel Aware": false,
        "Startup Cost": 633321.76,
        "Total Cost": 633321.87,
        "Plan Rows": 1,
        "Plan Width": 8,
        "Actual Startup Time": 2720.744,
        "Actual Total Time": 2788.618,
        "Actual Rows": 2,
        "Actual Loops": 1,
        "Workers Planned": 1,
        "Workers Launched": 1,
        "Single Copy": false,
        "Plans": [
          {
            "Node Type": "Aggregate",
            "Strategy": "Plain",
            "Partial Mode": "Partial",
            "Parent Relationship": "Outer",
            "Parallel Aware": false,
            "Startup Cost": 632321.76,
            "Total Cost": 632321.77,
            "Plan Rows": 1,
            "Plan Width": 8,
            "Actual Startup Time": 2714.412,
            "Actual Total Time": 2714.417,
            "Actual Rows": 1,
            "Actual Loops": 2,
            "Plans": [
              {
                "Node Type": "Hash Join",
                "Parent Relationship": "Outer",
                "Parallel Aware": true,
                "Join Type": "Inner",
                "Startup Cost": 608861.28,
                "Total Cost": 632138.32,
                "Plan Rows": 73375,
                "Plan Width": 0,
                "Actual Startup Time": 2587.872,
                "Actual Total Time": 2707.843,
                "Actual Rows": 158694,
                "Actual Loops": 2,
                "Inner Unique": false,
                "Hash Cond": "(mi_idx.movie_id = t.id)",
                "Plans": [
                  {
                    "Node Type": "Seq Scan",
                    "Parent Relationship": "Outer",
                    "Parallel Aware": true,
                    "Relation Name": "movie_info_idx",
                    "Alias": "mi_idx",
                    "Startup Cost": 0.0,
                    "Total Cost": 18082.32,
                    "Plan Rows": 544356,
                    "Plan Width": 4,
                    "Actual Startup Time": 0.016,
                    "Actual Total Time": 55.913,
                    "Actual Rows": 460055,
                    "Actual Loops": 2,
                    "Filter": "(info_type_id > 99)",
                    "Rows Removed by Filter": 229962
                  },
                  {
                    "Node Type": "Hash",
                    "Parent Relationship": "Inner",
                    "Parallel Aware": true,
                    "Startup Cost": 606355.46,
                    "Total Cost": 606355.46,
                    "Plan Rows": 200466,
                    "Plan Width": 8,
                    "Actual Startup Time": 2582.277,
                    "Actual Total Time": 2582.281,
                    "Actual Rows": 166877,
                    "Actual Loops": 2,
                    "Hash Buckets": 524288,
                    "Original Hash Buckets": 524288,
                    "Hash Batches": 1,
                    "Original Hash Batches": 1,
                    "Peak Memory Usage": 17184,
                    "Plans": [
                      {
                        "Node Type": "Hash Join",
                        "Parent Relationship": "Outer",
                        "Parallel Aware": true,
                        "Join Type": "Inner",
                        "Startup Cost": 56417.03,
                        "Total Cost": 606355.46,
                        "Plan Rows": 200466,
                        "Plan Width": 8,
                        "Actual Startup Time": 509.438,
                        "Actual Total Time": 2532.181,
                        "Actual Rows": 166877,
                        "Actual Loops": 2,
                        "Inner Unique": true,
                        "Hash Cond": "(ci.movie_id = t.id)",
                        "Plans": [
                          {
                            "Node Type": "Seq Scan",
                            "Parent Relationship": "Outer",
                            "Parallel Aware": true,
                            "Relation Name": "cast_info",
                            "Alias": "ci",
                            "Startup Cost": 0.0,
                            "Total Cost": 519069.44,
                            "Plan Rows": 11759592,
                            "Plan Width": 4,
                            "Actual Startup Time": 371.434,
                            "Actual Total Time": 1452.745,
                            "Actual Rows": 10001850,
                            "Actual Loops": 2,
                            "Filter": "(person_id > 1607451)",
                            "Rows Removed by Filter": 8120322
                          },
                          {
                            "Node Type": "Hash",
                            "Parent Relationship": "Inner",
                            "Parallel Aware": true,
                            "Startup Cost": 56100.12,
                            "Total Cost": 56100.12,
                            "Plan Rows": 25353,
                            "Plan Width": 4,
                            "Actual Startup Time": 137.604,
                            "Actual Total Time": 137.606,
                            "Actual Rows": 18805,
                            "Actual Loops": 2,
                            "Hash Buckets": 65536,
                            "Original Hash Buckets": 65536,
                            "Hash Batches": 1,
                            "Original Hash Batches": 1,
                            "Peak Memory Usage": 2016,
                            "Plans": [
                              {
                                "Node Type": "Bitmap Heap Scan",
                                "Parent Relationship": "Outer",
                                "Parallel Aware": true,
                                "Relation Name": "title",
                                "Alias": "t",
                                "Startup Cost": 13449.73,
                                "Total Cost": 56100.12,
                                "Plan Rows": 25353,
                                "Plan Width": 4,
                                "Actual Startup Time": 46.42,
                                "Actual Total Time": 133.092,
                                "Actual Rows": 18805,
                                "Actual Loops": 2,
                                "Recheck Cond": "(kind_id < 3)",
                                "Rows Removed by Index Recheck": 0,
                                "Filter": "(production_year = 2010)",
                                "Rows Removed by Filter": 358034,
                                "Exact Heap Blocks": 27475,
                                "Lossy Heap Blocks": 0,
                                "Plans": [
                                  {
                                    "Node Type": "Bitmap Index Scan",
                                    "Parent Relationship": "Outer",
                                    "Parallel Aware": false,
                                    "Index Name": "kind_id_title",
                                    "Startup Cost": 0.0,
                                    "Total Cost": 13438.96,
                                    "Plan Rows": 753937,
                                    "Plan Width": 0,
                                    "Actual Startup Time": 40.471,
                                    "Actual Total Time": 40.471,
                                    "Actual Rows": 753677,
                                    "Actual Loops": 1,
                                    "Index Cond": "(kind_id < 3)"
                                  }
                                ]
                              }
                            ]
                          }
                        ]
                      }
                    ]
                  }
                ]
              }
            ]
          }
        ]
      }
    ]
  },
  "Planning Time": 0.955,
  "Triggers": [],
  "Execution Time": 2788.749
}