{
  "Plan": {
    "Node Type": "Aggregate",
    "Strategy": "Plain",
    "Partial Mode": "Finalize",
    "Parallel Aware": false,
    "Startup Cost": 151097.62,
    "Total Cost": 151097.63,
    "Plan Rows": 1,
    "Plan Width": 8,
    "Actual Startup Time": 407.481,
    "Actual Total Time": 424.57,
    "Actual Rows": 1,
    "Actual Loops": 1,
    "Plans": [
      {
        "Node Type": "Gather",
        "Parent Relationship": "Outer",
        "Parallel Aware": false,
        "Startup Cost": 151097.5,
        "Total Cost": 151097.61,
        "Plan Rows": 1,
        "Plan Width": 8,
        "Actual Startup Time": 407.333,
        "Actual Total Time": 424.561,
        "Actual Rows": 2,
        "Actual Loops": 1,
        "Workers Planned": 1,
        "Workers Launched": 1,
        "Single Copy": false,
        "Plans": [
          {
            "Node Type": "Aggregate",
            "Strategy": "Plain",
            "Partial Mode": "Partial",
            "Parent Relationship": "Outer",
            "Parallel Aware": false,
            "Startup Cost": 150097.5,
            "Total Cost": 150097.51,
            "Plan Rows": 1,
            "Plan Width": 8,
            "Actual Startup Time": 403.842,
            "Actual Total Time": 403.845,
            "Actual Rows": 1,
            "Actual Loops": 2,
            "Plans": [
              {
                "Node Type": "Hash Join",
                "Parent Relationship": "Outer",
                "Parallel Aware": true,
                "Join Type": "Inner",
                "Startup Cost": 58320.08,
                "Total Cost": 150094.56,
                "Plan Rows": 1176,
                "Plan Width": 0,
                "Actual Startup Time": 141.412,
                "Actual Total Time": 403.822,
                "Actual Rows": 94,
                "Actual Loops": 2,
                "Inner Unique": true,
                "Hash Cond": "(ci.movie_id = t.id)",
                "Plans": [
                  {
                    "Node Type": "Index Scan",
                    "Parent Relationship": "Outer",
                    "Parallel Aware": true,
                    "Scan Direction": "Forward",
                    "Index Name": "role_id_cast_info",
                    "Relation Name": "cast_info",
                    "Alias": "ci",
                    "Startup Cost": 0.56,
                    "Total Cost": 87376.26,
                    "Plan Rows": 1675723,
                    "Plan Width": 4,
                    "Actual Startup Time": 0.046,
                    "Actual Total Time": 179.588,
                    "Actual Rows": 1364472,
                    "Actual Loops": 2,
                    "Index Cond": "(role_id = 4)",
                    "Rows Removed by Index Recheck": 0
                  },
                  {
                    "Node Type": "Hash",
                    "Parent Relationship": "Inner",
                    "Parallel Aware": true,
                    "Startup Cost": 58306.47,
                    "Total Cost": 58306.47,
                    "Plan Rows": 1044,
                    "Plan Width": 4,
                    "Actual Startup Time": 127.848,
                    "Actual Total Time": 127.849,
                    "Actual Rows": 68,
                    "Actual Loops": 2,
                    "Hash Buckets": 2048,
                    "Original Hash Buckets": 2048,
                    "Hash Batches": 1,
                    "Original Hash Batches": 1,
                    "Peak Memory Usage": 80,
                    "Plans": [
                      {
                        "Node Type": "Seq Scan",
                        "Parent Relationship": "Outer",
                        "Parallel Aware": true,
                        "Relation Name": "title",
                        "Alias": "t",
                        "Startup Cost": 0.0,
                        "Total Cost": 58306.47,
                        "Plan Rows": 1044,
                        "Plan Width": 4,
                        "Actual Startup Time": 1.293,
                        "Actual Total Time": 127.722,
                        "Actual Rows": 68,
                        "Actual Loops": 2,
                        "Filter": "((production_year > 2013) AND (kind_id = 7))",
                        "Rows Removed by Filter": 1264088
                      }
                    ]
                  }
                ]
              }
            ]
          }
        ]
      }
    ]
  },
  "Planning Time": 0.423,
  "Triggers": [],
  "Execution Time": 424.634
}