[
  {
    "Plan": {
      "Node Type": "Aggregate",
      "Strategy": "Plain",
      "Partial Mode": "Finalize",
      "Parallel Aware": false,
      "Startup Cost": 346662.76,
      "Total Cost": 346662.77,
      "Plan Rows": 1,
      "Plan Width": 8,
      "Actual Startup Time": 702.706,
      "Actual Total Time": 759.764,
      "Actual Rows": 1,
      "Actual Loops": 1,
      "Plans": [
        {
          "Node Type": "Gather",
          "Parent Relationship": "Outer",
          "Parallel Aware": false,
          "Startup Cost": 346662.13,
          "Total Cost": 346662.74,
          "Plan Rows": 6,
          "Plan Width": 8,
          "Actual Startup Time": 702.564,
          "Actual Total Time": 759.754,
          "Actual Rows": 7,
          "Actual Loops": 1,
          "Workers Planned": 6,
          "Workers Launched": 6,
          "Single Copy": false,
          "Plans": [
            {
              "Node Type": "Aggregate",
              "Strategy": "Plain",
              "Partial Mode": "Partial",
              "Parent Relationship": "Outer",
              "Parallel Aware": false,
              "Startup Cost": 345662.13,
              "Total Cost": 345662.14,
              "Plan Rows": 1,
              "Plan Width": 8,
              "Actual Startup Time": 692.215,
              "Actual Total Time": 692.216,
              "Actual Rows": 1,
              "Actual Loops": 7,
              "Plans": [
                {
                  "Node Type": "Seq Scan",
                  "Parent Relationship": "Outer",
                  "Parallel Aware": true,
                  "Relation Name": "cast_info",
                  "Alias": "ci",
                  "Startup Cost": 0.0,
                  "Total Cost": 343257.03,
                  "Plan Rows": 962042,
                  "Plan Width": 0,
                  "Actual Startup Time": 329.635,
                  "Actual Total Time": 629.152,
                  "Actual Rows": 1496095,
                  "Actual Loops": 7,
                  "Filter": "((person_id > 2408757) AND (role_id > 2))",
                  "Rows Removed by Filter": 3681668
                }
              ]
            }
          ]
        }
      ]
    },
    "Planning Time": 0.217,
    "Triggers": [],
    "Execution Time": 759.837
  }
]