{
  "Plan": {
    "Node Type": "Aggregate",
    "Strategy": "Plain",
    "Partial Mode": "Finalize",
    "Parallel Aware": false,
    "Startup Cost": 440513.5,
    "Total Cost": 440513.51,
    "Plan Rows": 1,
    "Plan Width": 8,
    "Actual Startup Time": 740.564,
    "Actual Total Time": 760.826,
    "Actual Rows": 1,
    "Actual Loops": 1,
    "Plans": [
      {
        "Node Type": "Gather",
        "Parent Relationship": "Outer",
        "Parallel Aware": false,
        "Startup Cost": 440513.38,
        "Total Cost": 440513.49,
        "Plan Rows": 1,
        "Plan Width": 8,
        "Actual Startup Time": 740.095,
        "Actual Total Time": 760.819,
        "Actual Rows": 2,
        "Actual Loops": 1,
        "Workers Planned": 1,
        "Workers Launched": 1,
        "Single Copy": false,
        "Plans": [
          {
            "Node Type": "Aggregate",
            "Strategy": "Plain",
            "Partial Mode": "Partial",
            "Parent Relationship": "Outer",
            "Parallel Aware": false,
            "Startup Cost": 439513.38,
            "Total Cost": 439513.39,
            "Plan Rows": 1,
            "Plan Width": 8,
            "Actual Startup Time": 734.016,
            "Actual Total Time": 734.021,
            "Actual Rows": 1,
            "Actual Loops": 2,
            "Plans": [
              {
                "Node Type": "Hash Join",
                "Parent Relationship": "Outer",
                "Parallel Aware": true,
                "Join Type": "Inner",
                "Startup Cost": 147114.75,
                "Total Cost": 439501.42,
                "Plan Rows": 4787,
                "Plan Width": 0,
                "Actual Startup Time": 320.878,
                "Actual Total Time": 733.675,
                "Actual Rows": 5060,
                "Actual Loops": 2,
                "Inner Unique": true,
                "Hash Cond": "(ci.movie_id = t.id)",
                "Plans": [
                  {
                    "Node Type": "Bitmap Heap Scan",
                    "Parent Relationship": "Outer",
                    "Parallel Aware": true,
                    "Relation Name": "cast_info",
                    "Alias": "ci",
                    "Startup Cost": 88751.39,
                    "Total Cost": 377031.23,
                    "Plan Rows": 1564503,
                    "Plan Width": 4,
                    "Actual Startup Time": 176.783,
                    "Actual Total Time": 463.652,
                    "Actual Rows": 1661756,
                    "Actual Loops": 2,
                    "Recheck Cond": "(person_id < 400668)",
                    "Rows Removed by Index Recheck": 0,
                    "Filter": "(role_id < 4)",
                    "Rows Removed by Filter": 421136,
                    "Exact Heap Blocks": 23959,
                    "Lossy Heap Blocks": 0,
                    "Plans": [
                      {
                        "Node Type": "Bitmap Index Scan",
                        "Parent Relationship": "Outer",
                        "Parallel Aware": false,
                        "Index Name": "person_id_cast_info",
                        "Startup Cost": 0.0,
                        "Total Cost": 88086.48,
                        "Plan Rows": 4033855,
                        "Plan Width": 0,
                        "Actual Startup Time": 169.717,
                        "Actual Total Time": 169.717,
                        "Actual Rows": 4165784,
                        "Actual Loops": 1,
                        "Index Cond": "(person_id < 400668)"
                      }
                    ]
                  },
                  {
                    "Node Type": "Hash",
                    "Parent Relationship": "Inner",
                    "Parallel Aware": true,
                    "Startup Cost": 58306.47,
                    "Total Cost": 58306.47,
                    "Plan Rows": 4551,
                    "Plan Width": 4,
                    "Actual Startup Time": 142.397,
                    "Actual Total Time": 142.398,
                    "Actual Rows": 4022,
                    "Actual Loops": 2,
                    "Hash Buckets": 8192,
                    "Original Hash Buckets": 8192,
                    "Hash Batches": 1,
                    "Original Hash Batches": 1,
                    "Peak Memory Usage": 384,
                    "Plans": [
                      {
                        "Node Type": "Seq Scan",
                        "Parent Relationship": "Outer",
                        "Parallel Aware": true,
                        "Relation Name": "title",
                        "Alias": "t",
                        "Startup Cost": 0.0,
                        "Total Cost": 58306.47,
                        "Plan Rows": 4551,
                        "Plan Width": 4,
                        "Actual Startup Time": 0.212,
                        "Actual Total Time": 140.607,
                        "Actual Rows": 4022,
                        "Actual Loops": 2,
                        "Filter": "((kind_id = 7) AND (production_year = 1980))",
                        "Rows Removed by Filter": 1260134
                      }
                    ]
                  }
                ]
              }
            ]
          }
        ]
      }
    ]
  },
  "Planning Time": 0.514,
  "Triggers": [],
  "Execution Time": 760.92
}