[
  {
    "Plan": {
      "Node Type": "Aggregate",
      "Strategy": "Plain",
      "Partial Mode": "Finalize",
      "Parallel Aware": false,
      "Startup Cost": 71582.09,
      "Total Cost": 71582.1,
      "Plan Rows": 1,
      "Plan Width": 8,
      "Actual Startup Time": 227.617,
      "Actual Total Time": 243.923,
      "Actual Rows": 1,
      "Actual Loops": 1,
      "Plans": [
        {
          "Node Type": "Gather",
          "Parent Relationship": "Outer",
          "Parallel Aware": false,
          "Startup Cost": 71581.67,
          "Total Cost": 71582.08,
          "Plan Rows": 4,
          "Plan Width": 8,
          "Actual Startup Time": 224.461,
          "Actual Total Time": 243.912,
          "Actual Rows": 5,
          "Actual Loops": 1,
          "Workers Planned": 4,
          "Workers Launched": 4,
          "Single Copy": false,
          "Plans": [
            {
              "Node Type": "Aggregate",
              "Strategy": "Plain",
              "Partial Mode": "Partial",
              "Parent Relationship": "Outer",
              "Parallel Aware": false,
              "Startup Cost": 70581.67,
              "Total Cost": 70581.68,
              "Plan Rows": 1,
              "Plan Width": 8,
              "Actual Startup Time": 213.933,
              "Actual Total Time": 213.937,
              "Actual Rows": 1,
              "Actual Loops": 5,
              "Plans": [
                {
                  "Node Type": "Hash Join",
                  "Parent Relationship": "Outer",
                  "Parallel Aware": true,
                  "Join Type": "Inner",
                  "Startup Cost": 47447.51,
                  "Total Cost": 70470.4,
                  "Plan Rows": 44510,
                  "Plan Width": 0,
                  "Actual Startup Time": 153.199,
                  "Actual Total Time": 212.215,
                  "Actual Rows": 33816,
                  "Actual Loops": 5,
                  "Inner Unique": true,
                  "Hash Cond": "(ci.movie_id = t.id)",
                  "Plans": [
                    {
                      "Node Type": "Index Scan",
                      "Parent Relationship": "Outer",
                      "Parallel Aware": true,
                      "Scan Direction": "Forward",
                      "Index Name": "role_id_cast_info",
                      "Relation Name": "cast_info",
                      "Alias": "ci",
                      "Startup Cost": 0.56,
                      "Total Cost": 22554.34,
                      "Plan Rows": 178706,
                      "Plan Width": 4,
                      "Actual Startup Time": 0.212,
                      "Actual Total Time": 30.281,
                      "Actual Rows": 83974,
                      "Actual Loops": 5,
                      "Index Cond": "(role_id = 6)",
                      "Rows Removed by Index Recheck": 0,
                      "Filter": "(person_id < 3332817)",
                      "Rows Removed by Filter": 70761
                    },
                    {
                      "Node Type": "Hash",
                      "Parent Relationship": "Inner",
                      "Parallel Aware": true,
                      "Startup Cost": 45479.1,
                      "Total Cost": 45479.1,
                      "Plan Rows": 157428,
                      "Plan Width": 4,
                      "Actual Startup Time": 148.924,
                      "Actual Total Time": 148.925,
                      "Actual Rows": 119293,
                      "Actual Loops": 5,
                      "Hash Buckets": 1048576,
                      "Original Hash Buckets": 1048576,
                      "Hash Batches": 1,
                      "Original Hash Batches": 1,
                      "Peak Memory Usage": 31616,
                      "Plans": [
                        {
                          "Node Type": "Seq Scan",
                          "Parent Relationship": "Outer",
                          "Parallel Aware": true,
                          "Relation Name": "title",
                          "Alias": "t",
                          "Startup Cost": 0.0,
                          "Total Cost": 45479.1,
                          "Plan Rows": 157428,
                          "Plan Width": 4,
                          "Actual Startup Time": 48.289,
                          "Actual Total Time": 100.134,
                          "Actual Rows": 119293,
                          "Actual Loops": 5,
                          "Filter": "((kind_id < 2) AND (production_year > 1914))",
                          "Rows Removed by Filter": 386369
                        }
                      ]
                    }
                  ]
                }
              ]
            }
          ]
        }
      ]
    },
    "Planning Time": 0.718,
    "Triggers": [],
    "Execution Time": 244.014
  }
]