[
  {
    "Plan": {
      "Node Type": "Aggregate",
      "Strategy": "Plain",
      "Partial Mode": "Finalize",
      "Parallel Aware": false,
      "Startup Cost": 183505.12,
      "Total Cost": 183505.13,
      "Plan Rows": 1,
      "Plan Width": 8,
      "Actual Startup Time": 458.354,
      "Actual Total Time": 498.03,
      "Actual Rows": 1,
      "Actual Loops": 1,
      "Plans": [
        {
          "Node Type": "Gather",
          "Parent Relationship": "Outer",
          "Parallel Aware": false,
          "Startup Cost": 183504.8,
          "Total Cost": 183505.11,
          "Plan Rows": 3,
          "Plan Width": 8,
          "Actual Startup Time": 455.688,
          "Actual Total Time": 498.022,
          "Actual Rows": 4,
          "Actual Loops": 1,
          "Workers Planned": 3,
          "Workers Launched": 3,
          "Single Copy": false,
          "Plans": [
            {
              "Node Type": "Aggregate",
              "Strategy": "Plain",
              "Partial Mode": "Partial",
              "Parent Relationship": "Outer",
              "Parallel Aware": false,
              "Startup Cost": 182504.8,
              "Total Cost": 182504.81,
              "Plan Rows": 1,
              "Plan Width": 8,
              "Actual Startup Time": 446.463,
              "Actual Total Time": 446.466,
              "Actual Rows": 1,
              "Actual Loops": 4,
              "Plans": [
                {
                  "Node Type": "Nested Loop",
                  "Parent Relationship": "Outer",
                  "Parallel Aware": false,
                  "Join Type": "Inner",
                  "Startup Cost": 47494.78,
                  "Total Cost": 182189.85,
                  "Plan Rows": 125979,
                  "Plan Width": 0,
                  "Actual Startup Time": 216.642,
                  "Actual Total Time": 439.537,
                  "Actual Rows": 140864,
                  "Actual Loops": 4,
                  "Inner Unique": false,
                  "Plans": [
                    {
                      "Node Type": "Hash Join",
                      "Parent Relationship": "Outer",
                      "Parallel Aware": true,
                      "Join Type": "Inner",
                      "Startup Cost": 47494.35,
                      "Total Cost": 79278.72,
                      "Plan Rows": 35908,
                      "Plan Width": 8,
                      "Actual Startup Time": 216.575,
                      "Actual Total Time": 244.297,
                      "Actual Rows": 9657,
                      "Actual Loops": 4,
                      "Inner Unique": true,
                      "Hash Cond": "(mc.movie_id = t.id)",
                      "Plans": [
                        {
                          "Node Type": "Seq Scan",
                          "Parent Relationship": "Outer",
                          "Parallel Aware": true,
                          "Relation Name": "movie_companies",
                          "Alias": "mc",
                          "Startup Cost": 0.0,
                          "Total Cost": 31414.82,
                          "Plan Rows": 140781,
                          "Plan Width": 4,
                          "Actual Startup Time": 29.605,
                          "Actual Total Time": 58.044,
                          "Actual Rows": 62532,
                          "Actual Loops": 4,
                          "Filter": "((company_id < 2415) AND (company_type_id > 1))",
                          "Rows Removed by Filter": 589750
                        },
                        {
                          "Node Type": "Hash",
                          "Parent Relationship": "Inner",
                          "Parallel Aware": true,
                          "Startup Cost": 45479.1,
                          "Total Cost": 45479.1,
                          "Plan Rows": 161220,
                          "Plan Width": 4,
                          "Actual Startup Time": 158.288,
                          "Actual Total Time": 158.289,
                          "Actual Rows": 164078,
                          "Actual Loops": 4,
                          "Hash Buckets": 1048576,
                          "Original Hash Buckets": 1048576,
                          "Hash Batches": 1,
                          "Original Hash Batches": 1,
                          "Peak Memory Usage": 33920,
                          "Plans": [
                            {
                              "Node Type": "Seq Scan",
                              "Parent Relationship": "Outer",
                              "Parallel Aware": true,
                              "Relation Name": "title",
                              "Alias": "t",
                              "Startup Cost": 0.0,
                              "Total Cost": 45479.1,
                              "Plan Rows": 161220,
                              "Plan Width": 4,
                              "Actual Startup Time": 48.737,
                              "Actual Total Time": 105.393,
                              "Actual Rows": 164078,
                              "Actual Loops": 4,
                              "Filter": "((production_year > 0) AND (kind_id = 1))",
                              "Rows Removed by Filter": 468000
                            }
                          ]
                        }
                      ]
                    },
                    {
                      "Node Type": "Index Scan",
                      "Parent Relationship": "Inner",
                      "Parallel Aware": false,
                      "Scan Direction": "Forward",
                      "Index Name": "movie_id_movie_info",
                      "Relation Name": "movie_info",
                      "Alias": "mi",
                      "Startup Cost": 0.43,
                      "Total Cost": 2.62,
                      "Plan Rows": 25,
                      "Plan Width": 4,
                      "Actual Startup Time": 0.005,
                      "Actual Total Time": 0.019,
                      "Actual Rows": 15,
                      "Actual Loops": 38629,
                      "Index Cond": "(movie_id = t.id)",
                      "Rows Removed by Index Recheck": 0,
                      "Filter": "(info_type_id < 15)",
                      "Rows Removed by Filter": 18
                    }
                  ]
                }
              ]
            }
          ]
        }
      ]
    },
    "Planning Time": 1.505,
    "Triggers": [],
    "Execution Time": 498.124
  }
]