[
  {
    "Plan": {
      "Node Type": "Aggregate",
      "Strategy": "Plain",
      "Partial Mode": "Finalize",
      "Parallel Aware": false,
      "Startup Cost": 331548.22,
      "Total Cost": 331548.23,
      "Plan Rows": 1,
      "Plan Width": 8,
      "Actual Startup Time": 582.992,
      "Actual Total Time": 635.843,
      "Actual Rows": 1,
      "Actual Loops": 1,
      "Plans": [
        {
          "Node Type": "Gather",
          "Parent Relationship": "Outer",
          "Parallel Aware": false,
          "Startup Cost": 331547.59,
          "Total Cost": 331548.2,
          "Plan Rows": 6,
          "Plan Width": 8,
          "Actual Startup Time": 582.856,
          "Actual Total Time": 635.833,
          "Actual Rows": 7,
          "Actual Loops": 1,
          "Workers Planned": 6,
          "Workers Launched": 6,
          "Single Copy": false,
          "Plans": [
            {
              "Node Type": "Aggregate",
              "Strategy": "Plain",
              "Partial Mode": "Partial",
              "Parent Relationship": "Outer",
              "Parallel Aware": false,
              "Startup Cost": 330547.59,
              "Total Cost": 330547.6,
              "Plan Rows": 1,
              "Plan Width": 8,
              "Actual Startup Time": 572.571,
              "Actual Total Time": 572.573,
              "Actual Rows": 1,
              "Actual Loops": 7,
              "Plans": [
                {
                  "Node Type": "Seq Scan",
                  "Parent Relationship": "Outer",
                  "Parallel Aware": true,
                  "Relation Name": "cast_info",
                  "Alias": "ci",
                  "Startup Cost": 0.0,
                  "Total Cost": 328162.03,
                  "Plan Rows": 954226,
                  "Plan Width": 0,
                  "Actual Startup Time": 0.05,
                  "Actual Total Time": 533.114,
                  "Actual Rows": 838160,
                  "Actual Loops": 7,
                  "Filter": "(person_id < 568192)",
                  "Rows Removed by Filter": 4339603
                }
              ]
            }
          ]
        }
      ]
    },
    "Planning Time": 0.178,
    "Triggers": [],
    "Execution Time": 635.909
  }
]