{
  "Plan": {
    "Node Type": "Aggregate",
    "Strategy": "Plain",
    "Partial Mode": "Finalize",
    "Parallel Aware": false,
    "Startup Cost": 70079.06,
    "Total Cost": 70079.07,
    "Plan Rows": 1,
    "Plan Width": 8,
    "Actual Startup Time": 183.906,
    "Actual Total Time": 194.353,
    "Actual Rows": 1,
    "Actual Loops": 1,
    "Plans": [
      {
        "Node Type": "Gather",
        "Parent Relationship": "Outer",
        "Parallel Aware": false,
        "Startup Cost": 70078.95,
        "Total Cost": 70079.06,
        "Plan Rows": 1,
        "Plan Width": 8,
        "Actual Startup Time": 183.779,
        "Actual Total Time": 194.347,
        "Actual Rows": 2,
        "Actual Loops": 1,
        "Workers Planned": 1,
        "Workers Launched": 1,
        "Single Copy": false,
        "Plans": [
          {
            "Node Type": "Aggregate",
            "Strategy": "Plain",
            "Partial Mode": "Partial",
            "Parent Relationship": "Outer",
            "Parallel Aware": false,
            "Startup Cost": 69078.95,
            "Total Cost": 69078.96,
            "Plan Rows": 1,
            "Plan Width": 8,
            "Actual Startup Time": 177.499,
            "Actual Total Time": 177.502,
            "Actual Rows": 1,
            "Actual Loops": 2,
            "Plans": [
              {
                "Node Type": "Nested Loop",
                "Parent Relationship": "Outer",
                "Parallel Aware": false,
                "Join Type": "Inner",
                "Startup Cost": 58363.12,
                "Total Cost": 69077.6,
                "Plan Rows": 541,
                "Plan Width": 0,
                "Actual Startup Time": 146.742,
                "Actual Total Time": 177.272,
                "Actual Rows": 4770,
                "Actual Loops": 2,
                "Inner Unique": false,
                "Join Filter": "(t.id = mk.movie_id)",
                "Rows Removed by Join Filter": 0,
                "Plans": [
                  {
                    "Node Type": "Hash Join",
                    "Parent Relationship": "Outer",
                    "Parallel Aware": true,
                    "Join Type": "Inner",
                    "Startup Cost": 58362.68,
                    "Total Cost": 68218.13,
                    "Plan Rows": 302,
                    "Plan Width": 8,
                    "Actual Startup Time": 146.609,
                    "Actual Total Time": 173.392,
                    "Actual Rows": 196,
                    "Actual Loops": 2,
                    "Inner Unique": true,
                    "Hash Cond": "(ci.movie_id = t.id)",
                    "Plans": [
                      {
                        "Node Type": "Index Scan",
                        "Parent Relationship": "Outer",
                        "Parallel Aware": true,
                        "Scan Direction": "Forward",
                        "Index Name": "role_id_cast_info",
                        "Relation Name": "cast_info",
                        "Alias": "ci",
                        "Startup Cost": 0.56,
                        "Total Cost": 9590.86,
                        "Plan Rows": 101011,
                        "Plan Width": 4,
                        "Actual Startup Time": 0.143,
                        "Actual Total Time": 22.411,
                        "Actual Rows": 38267,
                        "Actual Loops": 2,
                        "Index Cond": "(role_id > 10)",
                        "Rows Removed by Index Recheck": 0,
                        "Filter": "(person_id < 2107647)",
                        "Rows Removed by Filter": 119792
                      },
                      {
                        "Node Type": "Hash",
                        "Parent Relationship": "Inner",
                        "Parallel Aware": true,
                        "Startup Cost": 58306.47,
                        "Total Cost": 58306.47,
                        "Plan Rows": 4452,
                        "Plan Width": 4,
                        "Actual Startup Time": 145.373,
                        "Actual Total Time": 145.374,
                        "Actual Rows": 3888,
                        "Actual Loops": 2,
                        "Hash Buckets": 8192,
                        "Original Hash Buckets": 8192,
                        "Hash Batches": 1,
                        "Original Hash Batches": 1,
                        "Peak Memory Usage": 384,
                        "Plans": [
                          {
                            "Node Type": "Seq Scan",
                            "Parent Relationship": "Outer",
                            "Parallel Aware": true,
                            "Relation Name": "title",
                            "Alias": "t",
                            "Startup Cost": 0.0,
                            "Total Cost": 58306.47,
                            "Plan Rows": 4452,
                            "Plan Width": 4,
                            "Actual Startup Time": 0.318,
                            "Actual Total Time": 143.848,
                            "Actual Rows": 3888,
                            "Actual Loops": 2,
                            "Filter": "((kind_id < 7) AND (production_year = 1985))",
                            "Rows Removed by Filter": 1260268
                          }
                        ]
                      }
                    ]
                  },
                  {
                    "Node Type": "Index Only Scan",
                    "Parent Relationship": "Inner",
                    "Parallel Aware": false,
                    "Scan Direction": "Forward",
                    "Index Name": "movie_id_movie_keyword",
                    "Relation Name": "movie_keyword",
                    "Alias": "mk",
                    "Startup Cost": 0.43,
                    "Total Cost": 2.28,
                    "Plan Rows": 45,
                    "Plan Width": 4,
                    "Actual Startup Time": 0.014,
                    "Actual Total Time": 0.017,
                    "Actual Rows": 24,
                    "Actual Loops": 393,
                    "Index Cond": "(movie_id = ci.movie_id)",
                    "Rows Removed by Index Recheck": 0,
                    "Heap Fetches": 9541
                  }
                ]
              }
            ]
          }
        ]
      }
    ]
  },
  "Planning Time": 0.967,
  "Triggers": [],
  "Execution Time": 194.441
}