[
  {
    "Plan": {
      "Node Type": "Aggregate",
      "Strategy": "Plain",
      "Partial Mode": "Finalize",
      "Parallel Aware": false,
      "Startup Cost": 215545.56,
      "Total Cost": 215545.57,
      "Plan Rows": 1,
      "Plan Width": 8,
      "Actual Startup Time": 546.954,
      "Actual Total Time": 564.531,
      "Actual Rows": 1,
      "Actual Loops": 1,
      "Plans": [
        {
          "Node Type": "Gather",
          "Parent Relationship": "Outer",
          "Parallel Aware": false,
          "Startup Cost": 215545.14,
          "Total Cost": 215545.55,
          "Plan Rows": 4,
          "Plan Width": 8,
          "Actual Startup Time": 538.609,
          "Actual Total Time": 564.519,
          "Actual Rows": 5,
          "Actual Loops": 1,
          "Workers Planned": 4,
          "Workers Launched": 4,
          "Single Copy": false,
          "Plans": [
            {
              "Node Type": "Aggregate",
              "Strategy": "Plain",
              "Partial Mode": "Partial",
              "Parent Relationship": "Outer",
              "Parallel Aware": false,
              "Startup Cost": 214545.14,
              "Total Cost": 214545.15,
              "Plan Rows": 1,
              "Plan Width": 8,
              "Actual Startup Time": 519.409,
              "Actual Total Time": 519.414,
              "Actual Rows": 1,
              "Actual Loops": 5,
              "Plans": [
                {
                  "Node Type": "Nested Loop",
                  "Parent Relationship": "Outer",
                  "Parallel Aware": false,
                  "Join Type": "Inner",
                  "Startup Cost": 51992.62,
                  "Total Cost": 214481.94,
                  "Plan Rows": 25278,
                  "Plan Width": 0,
                  "Actual Startup Time": 320.518,
                  "Actual Total Time": 500.347,
                  "Actual Rows": 469739,
                  "Actual Loops": 5,
                  "Inner Unique": false,
                  "Plans": [
                    {
                      "Node Type": "Hash Join",
                      "Parent Relationship": "Outer",
                      "Parallel Aware": true,
                      "Join Type": "Inner",
                      "Startup Cost": 51992.19,
                      "Total Cost": 199483.36,
                      "Plan Rows": 24496,
                      "Plan Width": 8,
                      "Actual Startup Time": 320.436,
                      "Actual Total Time": 335.582,
                      "Actual Rows": 21807,
                      "Actual Loops": 5,
                      "Inner Unique": true,
                      "Hash Cond": "(mi.movie_id = t.id)",
                      "Plans": [
                        {
                          "Node Type": "Bitmap Heap Scan",
                          "Parent Relationship": "Outer",
                          "Parallel Aware": true,
                          "Relation Name": "movie_info",
                          "Alias": "mi",
                          "Startup Cost": 1771.81,
                          "Total Cost": 149198.68,
                          "Plan Rows": 24496,
                          "Plan Width": 4,
                          "Actual Startup Time": 5.598,
                          "Actual Total Time": 12.716,
                          "Actual Rows": 21807,
                          "Actual Loops": 5,
                          "Recheck Cond": "(info_type_id = 106)",
                          "Rows Removed by Index Recheck": 0,
                          "Exact Heap Blocks": 963,
                          "Lossy Heap Blocks": 0,
                          "Plans": [
                            {
                              "Node Type": "Bitmap Index Scan",
                              "Parent Relationship": "Outer",
                              "Parallel Aware": false,
                              "Index Name": "info_type_id_movie_info",
                              "Startup Cost": 0.0,
                              "Total Cost": 1747.32,
                              "Plan Rows": 97984,
                              "Plan Width": 0,
                              "Actual Startup Time": 5.009,
                              "Actual Total Time": 5.01,
                              "Actual Rows": 109034,
                              "Actual Loops": 1,
                              "Index Cond": "(info_type_id = 106)"
                            }
                          ]
                        },
                        {
                          "Node Type": "Hash",
                          "Parent Relationship": "Inner",
                          "Parallel Aware": true,
                          "Startup Cost": 42319.06,
                          "Total Cost": 42319.06,
                          "Plan Rows": 632106,
                          "Plan Width": 4,
                          "Actual Startup Time": 305.586,
                          "Actual Total Time": 305.586,
                          "Actual Rows": 505662,
                          "Actual Loops": 5,
                          "Hash Buckets": 4194304,
                          "Original Hash Buckets": 4194304,
                          "Hash Batches": 1,
                          "Original Hash Batches": 1,
                          "Peak Memory Usage": 131776,
                          "Plans": [
                            {
                              "Node Type": "Seq Scan",
                              "Parent Relationship": "Outer",
                              "Parallel Aware": true,
                              "Relation Name": "title",
                              "Alias": "t",
                              "Startup Cost": 0.0,
                              "Total Cost": 42319.06,
                              "Plan Rows": 632106,
                              "Plan Width": 4,
                              "Actual Startup Time": 0.05,
                              "Actual Total Time": 85.414,
                              "Actual Rows": 505662,
                              "Actual Loops": 5
                            }
                          ]
                        }
                      ]
                    },
                    {
                      "Node Type": "Index Only Scan",
                      "Parent Relationship": "Inner",
                      "Parallel Aware": false,
                      "Scan Direction": "Forward",
                      "Index Name": "movie_id_movie_companies",
                      "Relation Name": "movie_companies",
                      "Alias": "mc",
                      "Startup Cost": 0.43,
                      "Total Cost": 0.56,
                      "Plan Rows": 5,
                      "Plan Width": 4,
                      "Actual Startup Time": 0.003,
                      "Actual Total Time": 0.006,
                      "Actual Rows": 22,
                      "Actual Loops": 109034,
                      "Index Cond": "(movie_id = t.id)",
                      "Rows Removed by Index Recheck": 0,
                      "Heap Fetches": 2348693
                    }
                  ]
                }
              ]
            }
          ]
        }
      ]
    },
    "Planning Time": 1.42,
    "Triggers": [],
    "Execution Time": 564.634
  }
]