{
  "Plan": {
    "Node Type": "Aggregate",
    "Strategy": "Plain",
    "Partial Mode": "Finalize",
    "Parallel Aware": false,
    "Startup Cost": 442586.08,
    "Total Cost": 442586.09,
    "Plan Rows": 1,
    "Plan Width": 8,
    "Actual Startup Time": 5511.764,
    "Actual Total Time": 5568.536,
    "Actual Rows": 1,
    "Actual Loops": 1,
    "Plans": [
      {
        "Node Type": "Gather",
        "Parent Relationship": "Outer",
        "Parallel Aware": false,
        "Startup Cost": 442585.97,
        "Total Cost": 442586.08,
        "Plan Rows": 1,
        "Plan Width": 8,
        "Actual Startup Time": 5504.266,
        "Actual Total Time": 5568.524,
        "Actual Rows": 2,
        "Actual Loops": 1,
        "Workers Planned": 1,
        "Workers Launched": 1,
        "Single Copy": false,
        "Plans": [
          {
            "Node Type": "Aggregate",
            "Strategy": "Plain",
            "Partial Mode": "Partial",
            "Parent Relationship": "Outer",
            "Parallel Aware": false,
            "Startup Cost": 441585.97,
            "Total Cost": 441585.98,
            "Plan Rows": 1,
            "Plan Width": 8,
            "Actual Startup Time": 5498.234,
            "Actual Total Time": 5498.617,
            "Actual Rows": 1,
            "Actual Loops": 2,
            "Plans": [
              {
                "Node Type": "Hash Join",
                "Parent Relationship": "Outer",
                "Parallel Aware": true,
                "Join Type": "Inner",
                "Startup Cost": 131270.21,
                "Total Cost": 433011.71,
                "Plan Rows": 3429705,
                "Plan Width": 0,
                "Actual Startup Time": 897.536,
                "Actual Total Time": 4444.14,
                "Actual Rows": 26815735,
                "Actual Loops": 2,
                "Inner Unique": false,
                "Hash Cond": "(mi.movie_id = t.id)",
                "Plans": [
                  {
                    "Node Type": "Seq Scan",
                    "Parent Relationship": "Outer",
                    "Parallel Aware": true,
                    "Relation Name": "movie_info",
                    "Alias": "mi",
                    "Startup Cost": 0.0,
                    "Total Cost": 248955.74,
                    "Plan Rows": 8696274,
                    "Plan Width": 4,
                    "Actual Startup Time": 0.017,
                    "Actual Total Time": 627.131,
                    "Actual Rows": 7417860,
                    "Actual Loops": 2
                  },
                  {
                    "Node Type": "Hash",
                    "Parent Relationship": "Inner",
                    "Parallel Aware": true,
                    "Startup Cost": 123938.38,
                    "Total Cost": 123938.38,
                    "Plan Rows": 586546,
                    "Plan Width": 8,
                    "Actual Startup Time": 887.188,
                    "Actual Total Time": 887.568,
                    "Actual Rows": 494982,
                    "Actual Loops": 2,
                    "Hash Buckets": 1048576,
                    "Original Hash Buckets": 1048576,
                    "Hash Batches": 1,
                    "Original Hash Batches": 1,
                    "Peak Memory Usage": 46944,
                    "Plans": [
                      {
                        "Node Type": "Hash Join",
                        "Parent Relationship": "Outer",
                        "Parallel Aware": true,
                        "Join Type": "Inner",
                        "Startup Cost": 90612.87,
                        "Total Cost": 123938.38,
                        "Plan Rows": 586546,
                        "Plan Width": 8,
                        "Actual Startup Time": 580.977,
                        "Actual Total Time": 789.093,
                        "Actual Rows": 494982,
                        "Actual Loops": 2,
                        "Inner Unique": true,
                        "Hash Cond": "(mk.movie_id = t.id)",
                        "Plans": [
                          {
                            "Node Type": "Bitmap Heap Scan",
                            "Parent Relationship": "Outer",
                            "Parallel Aware": true,
                            "Relation Name": "movie_keyword",
                            "Alias": "mk",
                            "Startup Cost": 21152.17,
                            "Total Cost": 52938.0,
                            "Plan Rows": 586546,
                            "Plan Width": 4,
                            "Actual Startup Time": 65.412,
                            "Actual Total Time": 155.819,
                            "Actual Rows": 494982,
                            "Actual Loops": 2,
                            "Recheck Cond": "(keyword_id > 18697)",
                            "Rows Removed by Index Recheck": 0,
                            "Exact Heap Blocks": 12228,
                            "Lossy Heap Blocks": 0,
                            "Plans": [
                              {
                                "Node Type": "Bitmap Index Scan",
                                "Parent Relationship": "Outer",
                                "Parallel Aware": false,
                                "Index Name": "keyword_id_movie_keyword",
                                "Startup Cost": 0.0,
                                "Total Cost": 20902.89,
                                "Plan Rows": 997128,
                                "Plan Width": 0,
                                "Actual Startup Time": 61.793,
                                "Actual Total Time": 61.793,
                                "Actual Rows": 989964,
                                "Actual Loops": 1,
                                "Index Cond": "(keyword_id > 18697)"
                              }
                            ]
                          },
                          {
                            "Node Type": "Hash",
                            "Parent Relationship": "Inner",
                            "Parallel Aware": true,
                            "Startup Cost": 50870.31,
                            "Total Cost": 50870.31,
                            "Plan Rows": 1487231,
                            "Plan Width": 4,
                            "Actual Startup Time": 499.88,
                            "Actual Total Time": 499.881,
                            "Actual Rows": 1264156,
                            "Actual Loops": 2,
                            "Hash Buckets": 4194304,
                            "Original Hash Buckets": 4194304,
                            "Hash Batches": 1,
                            "Original Hash Batches": 1,
                            "Peak Memory Usage": 131712,
                            "Plans": [
                              {
                                "Node Type": "Seq Scan",
                                "Parent Relationship": "Outer",
                                "Parallel Aware": true,
                                "Relation Name": "title",
                                "Alias": "t",
                                "Startup Cost": 0.0,
                                "Total Cost": 50870.31,
                                "Plan Rows": 1487231,
                                "Plan Width": 4,
                                "Actual Startup Time": 0.057,
                                "Actual Total Time": 150.657,
                                "Actual Rows": 1264156,
                                "Actual Loops": 2
                              }
                            ]
                          }
                        ]
                      }
                    ]
                  }
                ]
              }
            ]
          }
        ]
      }
    ]
  },
  "Planning Time": 0.78,
  "Triggers": [],
  "Execution Time": 5568.627
}