[
  {
    "Plan": {
      "Node Type": "Aggregate",
      "Strategy": "Plain",
      "Partial Mode": "Finalize",
      "Parallel Aware": false,
      "Startup Cost": 46486.4,
      "Total Cost": 46486.41,
      "Plan Rows": 1,
      "Plan Width": 8,
      "Actual Startup Time": 90.584,
      "Actual Total Time": 103.279,
      "Actual Rows": 1,
      "Actual Loops": 1,
      "Plans": [
        {
          "Node Type": "Gather",
          "Parent Relationship": "Outer",
          "Parallel Aware": false,
          "Startup Cost": 46485.98,
          "Total Cost": 46486.39,
          "Plan Rows": 4,
          "Plan Width": 8,
          "Actual Startup Time": 90.311,
          "Actual Total Time": 103.27,
          "Actual Rows": 5,
          "Actual Loops": 1,
          "Workers Planned": 4,
          "Workers Launched": 4,
          "Single Copy": false,
          "Plans": [
            {
              "Node Type": "Aggregate",
              "Strategy": "Plain",
              "Partial Mode": "Partial",
              "Parent Relationship": "Outer",
              "Parallel Aware": false,
              "Startup Cost": 45485.98,
              "Total Cost": 45485.99,
              "Plan Rows": 1,
              "Plan Width": 8,
              "Actual Startup Time": 82.627,
              "Actual Total Time": 82.628,
              "Actual Rows": 1,
              "Actual Loops": 5,
              "Plans": [
                {
                  "Node Type": "Seq Scan",
                  "Parent Relationship": "Outer",
                  "Parallel Aware": true,
                  "Relation Name": "title",
                  "Alias": "t",
                  "Startup Cost": 0.0,
                  "Total Cost": 45479.1,
                  "Plan Rows": 2751,
                  "Plan Width": 0,
                  "Actual Startup Time": 0.12,
                  "Actual Total Time": 82.369,
                  "Actual Rows": 1908,
                  "Actual Loops": 5,
                  "Filter": "((kind_id > 4) AND (production_year = 1984))",
                  "Rows Removed by Filter": 503754
                }
              ]
            }
          ]
        }
      ]
    },
    "Planning Time": 0.18,
    "Triggers": [],
    "Execution Time": 103.335
  }
]