[
  {
    "Plan": {
      "Node Type": "Aggregate",
      "Strategy": "Plain",
      "Partial Mode": "Finalize",
      "Parallel Aware": false,
      "Startup Cost": 75088.75,
      "Total Cost": 75088.76,
      "Plan Rows": 1,
      "Plan Width": 8,
      "Actual Startup Time": 155.098,
      "Actual Total Time": 167.913,
      "Actual Rows": 1,
      "Actual Loops": 1,
      "Plans": [
        {
          "Node Type": "Gather",
          "Parent Relationship": "Outer",
          "Parallel Aware": false,
          "Startup Cost": 75088.23,
          "Total Cost": 75088.74,
          "Plan Rows": 5,
          "Plan Width": 8,
          "Actual Startup Time": 154.964,
          "Actual Total Time": 167.896,
          "Actual Rows": 6,
          "Actual Loops": 1,
          "Workers Planned": 5,
          "Workers Launched": 5,
          "Single Copy": false,
          "Plans": [
            {
              "Node Type": "Aggregate",
              "Strategy": "Plain",
              "Partial Mode": "Partial",
              "Parent Relationship": "Outer",
              "Parallel Aware": false,
              "Startup Cost": 74088.23,
              "Total Cost": 74088.24,
              "Plan Rows": 1,
              "Plan Width": 8,
              "Actual Startup Time": 144.377,
              "Actual Total Time": 144.378,
              "Actual Rows": 1,
              "Actual Loops": 6,
              "Plans": [
                {
                  "Node Type": "Index Scan",
                  "Parent Relationship": "Outer",
                  "Parallel Aware": true,
                  "Scan Direction": "Forward",
                  "Index Name": "role_id_cast_info",
                  "Relation Name": "cast_info",
                  "Alias": "ci",
                  "Startup Cost": 0.56,
                  "Total Cost": 72913.16,
                  "Plan Rows": 470030,
                  "Plan Width": 0,
                  "Actual Startup Time": 0.177,
                  "Actual Total Time": 120.145,
                  "Actual Rows": 454824,
                  "Actual Loops": 6,
                  "Index Cond": "(role_id = 4)",
                  "Rows Removed by Index Recheck": 0,
                  "Filter": "(person_id < 3268430)",
                  "Rows Removed by Filter": 0
                }
              ]
            }
          ]
        }
      ]
    },
    "Planning Time": 0.254,
    "Triggers": [],
    "Execution Time": 167.98
  }
]