{
  "Plan": {
    "Node Type": "Aggregate",
    "Strategy": "Plain",
    "Partial Mode": "Finalize",
    "Parallel Aware": false,
    "Startup Cost": 109030.64,
    "Total Cost": 109030.65,
    "Plan Rows": 1,
    "Plan Width": 8,
    "Actual Startup Time": 398.553,
    "Actual Total Time": 415.441,
    "Actual Rows": 1,
    "Actual Loops": 1,
    "Plans": [
      {
        "Node Type": "Gather",
        "Parent Relationship": "Outer",
        "Parallel Aware": false,
        "Startup Cost": 109030.53,
        "Total Cost": 109030.64,
        "Plan Rows": 1,
        "Plan Width": 8,
        "Actual Startup Time": 398.39,
        "Actual Total Time": 415.432,
        "Actual Rows": 2,
        "Actual Loops": 1,
        "Workers Planned": 1,
        "Workers Launched": 1,
        "Single Copy": false,
        "Plans": [
          {
            "Node Type": "Aggregate",
            "Strategy": "Plain",
            "Partial Mode": "Partial",
            "Parent Relationship": "Outer",
            "Parallel Aware": false,
            "Startup Cost": 108030.53,
            "Total Cost": 108030.54,
            "Plan Rows": 1,
            "Plan Width": 8,
            "Actual Startup Time": 394.212,
            "Actual Total Time": 394.217,
            "Actual Rows": 1,
            "Actual Loops": 2,
            "Plans": [
              {
                "Node Type": "Nested Loop",
                "Parent Relationship": "Outer",
                "Parallel Aware": false,
                "Join Type": "Inner",
                "Startup Cost": 20724.45,
                "Total Cost": 107990.67,
                "Plan Rows": 15943,
                "Plan Width": 0,
                "Actual Startup Time": 28.824,
                "Actual Total Time": 392.476,
                "Actual Rows": 28016,
                "Actual Loops": 2,
                "Inner Unique": false,
                "Plans": [
                  {
                    "Node Type": "Hash Join",
                    "Parent Relationship": "Outer",
                    "Parallel Aware": true,
                    "Join Type": "Inner",
                    "Startup Cost": 20724.01,
                    "Total Cost": 80985.52,
                    "Plan Rows": 16320,
                    "Plan Width": 8,
                    "Actual Startup Time": 28.528,
                    "Actual Total Time": 328.968,
                    "Actual Rows": 13652,
                    "Actual Loops": 2,
                    "Inner Unique": false,
                    "Hash Cond": "(t.id = mc.movie_id)",
                    "Plans": [
                      {
                        "Node Type": "Seq Scan",
                        "Parent Relationship": "Outer",
                        "Parallel Aware": true,
                        "Relation Name": "title",
                        "Alias": "t",
                        "Startup Cost": 0.0,
                        "Total Cost": 50870.31,
                        "Plan Rows": 1487231,
                        "Plan Width": 4,
                        "Actual Startup Time": 0.009,
                        "Actual Total Time": 137.163,
                        "Actual Rows": 1264156,
                        "Actual Loops": 2
                      },
                      {
                        "Node Type": "Hash",
                        "Parent Relationship": "Inner",
                        "Parallel Aware": true,
                        "Startup Cost": 20520.01,
                        "Total Cost": 20520.01,
                        "Plan Rows": 16320,
                        "Plan Width": 4,
                        "Actual Startup Time": 27.912,
                        "Actual Total Time": 27.914,
                        "Actual Rows": 13652,
                        "Actual Loops": 2,
                        "Hash Buckets": 32768,
                        "Original Hash Buckets": 32768,
                        "Hash Batches": 1,
                        "Original Hash Batches": 1,
                        "Peak Memory Usage": 1344,
                        "Plans": [
                          {
                            "Node Type": "Bitmap Heap Scan",
                            "Parent Relationship": "Outer",
                            "Parallel Aware": true,
                            "Relation Name": "movie_companies",
                            "Alias": "mc",
                            "Startup Cost": 603.45,
                            "Total Cost": 20520.01,
                            "Plan Rows": 16320,
                            "Plan Width": 4,
                            "Actual Startup Time": 4.573,
                            "Actual Total Time": 23.531,
                            "Actual Rows": 13652,
                            "Actual Loops": 2,
                            "Recheck Cond": "(company_id = 27)",
                            "Rows Removed by Index Recheck": 0,
                            "Exact Heap Blocks": 5941,
                            "Lossy Heap Blocks": 0,
                            "Plans": [
                              {
                                "Node Type": "Bitmap Index Scan",
                                "Parent Relationship": "Outer",
                                "Parallel Aware": false,
                                "Index Name": "company_id_movie_companies",
                                "Startup Cost": 0.0,
                                "Total Cost": 596.51,
                                "Plan Rows": 27744,
                                "Plan Width": 0,
                                "Actual Startup Time": 5.295,
                                "Actual Total Time": 5.296,
                                "Actual Rows": 27303,
                                "Actual Loops": 1,
                                "Index Cond": "(company_id = 27)"
                              }
                            ]
                          }
                        ]
                      }
                    ]
                  },
                  {
                    "Node Type": "Index Scan",
                    "Parent Relationship": "Inner",
                    "Parallel Aware": false,
                    "Scan Direction": "Forward",
                    "Index Name": "movie_id_movie_keyword",
                    "Relation Name": "movie_keyword",
                    "Alias": "mk",
                    "Startup Cost": 0.43,
                    "Total Cost": 1.4,
                    "Plan Rows": 25,
                    "Plan Width": 4,
                    "Actual Startup Time": 0.004,
                    "Actual Total Time": 0.004,
                    "Actual Rows": 2,
                    "Actual Loops": 27303,
                    "Index Cond": "(movie_id = t.id)",
                    "Rows Removed by Index Recheck": 0,
                    "Filter": "(keyword_id < 5960)",
                    "Rows Removed by Filter": 2
                  }
                ]
              }
            ]
          }
        ]
      }
    ]
  },
  "Planning Time": 0.596,
  "Triggers": [],
  "Execution Time": 415.524
}