{
  "Plan": {
    "Node Type": "Aggregate",
    "Strategy": "Plain",
    "Partial Mode": "Finalize",
    "Parallel Aware": false,
    "Startup Cost": 96786.35,
    "Total Cost": 96786.36,
    "Plan Rows": 1,
    "Plan Width": 8,
    "Actual Startup Time": 492.654,
    "Actual Total Time": 504.453,
    "Actual Rows": 1,
    "Actual Loops": 1,
    "Plans": [
      {
        "Node Type": "Gather",
        "Parent Relationship": "Outer",
        "Parallel Aware": false,
        "Startup Cost": 96786.24,
        "Total Cost": 96786.35,
        "Plan Rows": 1,
        "Plan Width": 8,
        "Actual Startup Time": 491.445,
        "Actual Total Time": 504.443,
        "Actual Rows": 2,
        "Actual Loops": 1,
        "Workers Planned": 1,
        "Workers Launched": 1,
        "Single Copy": false,
        "Plans": [
          {
            "Node Type": "Aggregate",
            "Strategy": "Plain",
            "Partial Mode": "Partial",
            "Parent Relationship": "Outer",
            "Parallel Aware": false,
            "Startup Cost": 95786.24,
            "Total Cost": 95786.25,
            "Plan Rows": 1,
            "Plan Width": 8,
            "Actual Startup Time": 485.535,
            "Actual Total Time": 485.539,
            "Actual Rows": 1,
            "Actual Loops": 2,
            "Plans": [
              {
                "Node Type": "Hash Join",
                "Parent Relationship": "Outer",
                "Parallel Aware": true,
                "Join Type": "Inner",
                "Startup Cost": 56962.93,
                "Total Cost": 95129.57,
                "Plan Rows": 262670,
                "Plan Width": 0,
                "Actual Startup Time": 199.551,
                "Actual Total Time": 470.715,
                "Actual Rows": 290507,
                "Actual Loops": 2,
                "Inner Unique": true,
                "Hash Cond": "(mc.movie_id = t.id)",
                "Plans": [
                  {
                    "Node Type": "Seq Scan",
                    "Parent Relationship": "Outer",
                    "Parallel Aware": true,
                    "Relation Name": "movie_companies",
                    "Alias": "mc",
                    "Startup Cost": 0.0,
                    "Total Cost": 34137.82,
                    "Plan Rows": 1534782,
                    "Plan Width": 4,
                    "Actual Startup Time": 0.019,
                    "Actual Total Time": 115.738,
                    "Actual Rows": 1304564,
                    "Actual Loops": 2
                  },
                  {
                    "Node Type": "Hash",
                    "Parent Relationship": "Inner",
                    "Parallel Aware": true,
                    "Startup Cost": 53781.28,
                    "Total Cost": 53781.28,
                    "Plan Rows": 254532,
                    "Plan Width": 4,
                    "Actual Startup Time": 143.68,
                    "Actual Total Time": 143.682,
                    "Actual Rows": 157342,
                    "Actual Loops": 2,
                    "Hash Buckets": 524288,
                    "Original Hash Buckets": 524288,
                    "Hash Batches": 1,
                    "Original Hash Batches": 1,
                    "Peak Memory Usage": 16448,
                    "Plans": [
                      {
                        "Node Type": "Bitmap Heap Scan",
                        "Parent Relationship": "Outer",
                        "Parallel Aware": true,
                        "Relation Name": "title",
                        "Alias": "t",
                        "Startup Cost": 11931.03,
                        "Total Cost": 53781.28,
                        "Plan Rows": 254532,
                        "Plan Width": 4,
                        "Actual Startup Time": 35.602,
                        "Actual Total Time": 107.082,
                        "Actual Rows": 157342,
                        "Actual Loops": 2,
                        "Recheck Cond": "(kind_id = 1)",
                        "Rows Removed by Index Recheck": 0,
                        "Filter": "(production_year > 1994)",
                        "Rows Removed by Filter": 174070,
                        "Exact Heap Blocks": 9134,
                        "Lossy Heap Blocks": 0,
                        "Plans": [
                          {
                            "Node Type": "Bitmap Index Scan",
                            "Parent Relationship": "Outer",
                            "Parallel Aware": false,
                            "Index Name": "kind_id_title",
                            "Startup Cost": 0.0,
                            "Total Cost": 11822.85,
                            "Plan Rows": 663256,
                            "Plan Width": 0,
                            "Actual Startup Time": 33.941,
                            "Actual Total Time": 33.941,
                            "Actual Rows": 662825,
                            "Actual Loops": 1,
                            "Index Cond": "(kind_id = 1)"
                          }
                        ]
                      }
                    ]
                  }
                ]
              }
            ]
          }
        ]
      }
    ]
  },
  "Planning Time": 0.421,
  "Triggers": [],
  "Execution Time": 504.539
}