[
  {
    "Plan": {
      "Node Type": "Aggregate",
      "Strategy": "Plain",
      "Partial Mode": "Finalize",
      "Parallel Aware": false,
      "Startup Cost": 44444.43,
      "Total Cost": 44444.44,
      "Plan Rows": 1,
      "Plan Width": 8,
      "Actual Startup Time": 129.751,
      "Actual Total Time": 139.975,
      "Actual Rows": 1,
      "Actual Loops": 1,
      "Plans": [
        {
          "Node Type": "Gather",
          "Parent Relationship": "Outer",
          "Parallel Aware": false,
          "Startup Cost": 44444.11,
          "Total Cost": 44444.42,
          "Plan Rows": 3,
          "Plan Width": 8,
          "Actual Startup Time": 129.64,
          "Actual Total Time": 139.965,
          "Actual Rows": 4,
          "Actual Loops": 1,
          "Workers Planned": 3,
          "Workers Launched": 3,
          "Single Copy": false,
          "Plans": [
            {
              "Node Type": "Aggregate",
              "Strategy": "Plain",
              "Partial Mode": "Partial",
              "Parent Relationship": "Outer",
              "Parallel Aware": false,
              "Startup Cost": 43444.11,
              "Total Cost": 43444.12,
              "Plan Rows": 1,
              "Plan Width": 8,
              "Actual Startup Time": 124.538,
              "Actual Total Time": 124.54,
              "Actual Rows": 1,
              "Actual Loops": 4,
              "Plans": [
                {
                  "Node Type": "Seq Scan",
                  "Parent Relationship": "Outer",
                  "Parallel Aware": true,
                  "Relation Name": "movie_keyword",
                  "Alias": "mk",
                  "Startup Cost": 0.0,
                  "Total Cost": 42695.65,
                  "Plan Rows": 299384,
                  "Plan Width": 0,
                  "Actual Startup Time": 2.908,
                  "Actual Total Time": 111.472,
                  "Actual Rows": 226642,
                  "Actual Loops": 4,
                  "Filter": "(keyword_id > 20344)",
                  "Rows Removed by Filter": 904340
                }
              ]
            }
          ]
        }
      ]
    },
    "Planning Time": 0.073,
    "Triggers": [],
    "Execution Time": 140.004
  }
]