[
    {
        "Bao": {
            "Bao prediction": 533.021,
            "Bao recommended hint": "SET enable_nestloop TO off; "
        }
    },
    {
        "Plan": {
            "Node Type": "Aggregate",
            "Strategy": "Plain",
            "Partial Mode": "Finalize",
            "Parallel Aware": false,
            "Startup Cost": 416641.28,
            "Total Cost": 416641.29,
            "Plan Rows": 1,
            "Plan Width": 8,
            "Actual Startup Time": 1703.398,
            "Actual Total Time": 1743.323,
            "Actual Rows": 1,
            "Actual Loops": 1,
            "Output": [
                "count(*)"
            ],
            "Plans": [
                {
                    "Node Type": "Gather",
                    "Parent Relationship": "Outer",
                    "Parallel Aware": false,
                    "Startup Cost": 416640.65,
                    "Total Cost": 416641.26,
                    "Plan Rows": 6,
                    "Plan Width": 8,
                    "Actual Startup Time": 1700.366,
                    "Actual Total Time": 1743.311,
                    "Actual Rows": 7,
                    "Actual Loops": 1,
                    "Output": [
                        "(PARTIAL count(*))"
                    ],
                    "Workers Planned": 6,
                    "Workers Launched": 6,
                    "Single Copy": false,
                    "Plans": [
                        {
                            "Node Type": "Aggregate",
                            "Strategy": "Plain",
                            "Partial Mode": "Partial",
                            "Parent Relationship": "Outer",
                            "Parallel Aware": false,
                            "Startup Cost": 415640.65,
                            "Total Cost": 415640.66,
                            "Plan Rows": 1,
                            "Plan Width": 8,
                            "Actual Startup Time": 1689.824,
                            "Actual Total Time": 1689.829,
                            "Actual Rows": 1,
                            "Actual Loops": 7,
                            "Output": [
                                "PARTIAL count(*)"
                            ],
                            "Workers": [
                                {
                                    "Worker Number": 0,
                                    "Actual Startup Time": 1688.347,
                                    "Actual Total Time": 1688.354,
                                    "Actual Rows": 1,
                                    "Actual Loops": 1
                                },
                                {
                                    "Worker Number": 1,
                                    "Actual Startup Time": 1688.4,
                                    "Actual Total Time": 1688.405,
                                    "Actual Rows": 1,
                                    "Actual Loops": 1
                                },
                                {
                                    "Worker Number": 2,
                                    "Actual Startup Time": 1688.21,
                                    "Actual Total Time": 1688.215,
                                    "Actual Rows": 1,
                                    "Actual Loops": 1
                                },
                                {
                                    "Worker Number": 3,
                                    "Actual Startup Time": 1688.247,
                                    "Actual Total Time": 1688.251,
                                    "Actual Rows": 1,
                                    "Actual Loops": 1
                                },
                                {
                                    "Worker Number": 4,
                                    "Actual Startup Time": 1688.128,
                                    "Actual Total Time": 1688.133,
                                    "Actual Rows": 1,
                                    "Actual Loops": 1
                                },
                                {
                                    "Worker Number": 5,
                                    "Actual Startup Time": 1688.142,
                                    "Actual Total Time": 1688.148,
                                    "Actual Rows": 1,
                                    "Actual Loops": 1
                                }
                            ],
                            "Plans": [
                                {
                                    "Node Type": "Hash Join",
                                    "Parent Relationship": "Outer",
                                    "Parallel Aware": true,
                                    "Join Type": "Inner",
                                    "Startup Cost": 79872.71,
                                    "Total Cost": 415639.82,
                                    "Plan Rows": 332,
                                    "Plan Width": 0,
                                    "Actual Startup Time": 247.448,
                                    "Actual Total Time": 1688.604,
                                    "Actual Rows": 6989,
                                    "Actual Loops": 7,
                                    "Inner Unique": false,
                                    "Hash Cond": "(ci.movie_id = t.id)",
                                    "Workers": [
                                        {
                                            "Worker Number": 0,
                                            "Actual Startup Time": 245.927,
                                            "Actual Total Time": 1687.048,
                                            "Actual Rows": 6801,
                                            "Actual Loops": 1
                                        },
                                        {
                                            "Worker Number": 1,
                                            "Actual Startup Time": 246.231,
                                            "Actual Total Time": 1687.12,
                                            "Actual Rows": 6783,
                                            "Actual Loops": 1
                                        },
                                        {
                                            "Worker Number": 2,
                                            "Actual Startup Time": 245.624,
                                            "Actual Total Time": 1686.94,
                                            "Actual Rows": 6774,
                                            "Actual Loops": 1
                                        },
                                        {
                                            "Worker Number": 3,
                                            "Actual Startup Time": 246.066,
                                            "Actual Total Time": 1686.919,
                                            "Actual Rows": 6985,
                                            "Actual Loops": 1
                                        },
                                        {
                                            "Worker Number": 4,
                                            "Actual Startup Time": 245.664,
                                            "Actual Total Time": 1686.837,
                                            "Actual Rows": 6742,
                                            "Actual Loops": 1
                                        },
                                        {
                                            "Worker Number": 5,
                                            "Actual Startup Time": 245.672,
                                            "Actual Total Time": 1686.842,
                                            "Actual Rows": 6852,
                                            "Actual Loops": 1
                                        }
                                    ],
                                    "Plans": [
                                        {
                                            "Node Type": "Seq Scan",
                                            "Parent Relationship": "Outer",
                                            "Parallel Aware": true,
                                            "Relation Name": "cast_info",
                                            "Schema": "public",
                                            "Alias": "ci",
                                            "Startup Cost": 0.0,
                                            "Total Cost": 313108.29,
                                            "Plan Rows": 6042129,
                                            "Plan Width": 4,
                                            "Actual Startup Time": 0.033,
                                            "Actual Total Time": 688.694,
                                            "Actual Rows": 5177763,
                                            "Actual Loops": 7,
                                            "Output": [
                                                "ci.id",
                                                "ci.person_id",
                                                "ci.movie_id",
                                                "ci.person_role_id",
                                                "ci.note",
                                                "ci.nr_order",
                                                "ci.role_id"
                                            ],
                                            "Workers": [
                                                {
                                                    "Worker Number": 0,
                                                    "Actual Startup Time": 0.043,
                                                    "Actual Total Time": 705.412,
                                                    "Actual Rows": 5030333,
                                                    "Actual Loops": 1
                                                },
                                                {
                                                    "Worker Number": 1,
                                                    "Actual Startup Time": 0.038,
                                                    "Actual Total Time": 703.126,
                                                    "Actual Rows": 5040318,
                                                    "Actual Loops": 1
                                                },
                                                {
                                                    "Worker Number": 2,
                                                    "Actual Startup Time": 0.033,
                                                    "Actual Total Time": 705.5,
                                                    "Actual Rows": 5015567,
                                                    "Actual Loops": 1
                                                },
                                                {
                                                    "Worker Number": 3,
                                                    "Actual Startup Time": 0.03,
                                                    "Actual Total Time": 703.583,
                                                    "Actual Rows": 5033941,
                                                    "Actual Loops": 1
                                                },
                                                {
                                                    "Worker Number": 4,
                                                    "Actual Startup Time": 0.032,
                                                    "Actual Total Time": 705.93,
                                                    "Actual Rows": 5029280,
                                                    "Actual Loops": 1
                                                },
                                                {
                                                    "Worker Number": 5,
                                                    "Actual Startup Time": 0.035,
                                                    "Actual Total Time": 704.972,
                                                    "Actual Rows": 4978657,
                                                    "Actual Loops": 1
                                                }
                                            ]
                                        },
                                        {
                                            "Node Type": "Hash",
                                            "Parent Relationship": "Inner",
                                            "Parallel Aware": true,
                                            "Startup Cost": 79872.27,
                                            "Total Cost": 79872.27,
                                            "Plan Rows": 35,
                                            "Plan Width": 8,
                                            "Actual Startup Time": 246.281,
                                            "Actual Total Time": 246.285,
                                            "Actual Rows": 255,
                                            "Actual Loops": 7,
                                            "Output": [
                                                "t.id",
                                                "mk.movie_id"
                                            ],
                                            "Hash Buckets": 1024,
                                            "Original Hash Buckets": 1024,
                                            "Hash Batches": 1,
                                            "Original Hash Batches": 1,
                                            "Peak Memory Usage": 232,
                                            "Workers": [
                                                {
                                                    "Worker Number": 0,
                                                    "Actual Startup Time": 245.228,
                                                    "Actual Total Time": 245.232,
                                                    "Actual Rows": 253,
                                                    "Actual Loops": 1
                                                },
                                                {
                                                    "Worker Number": 1,
                                                    "Actual Startup Time": 245.251,
                                                    "Actual Total Time": 245.254,
                                                    "Actual Rows": 235,
                                                    "Actual Loops": 1
                                                },
                                                {
                                                    "Worker Number": 2,
                                                    "Actual Startup Time": 244.949,
                                                    "Actual Total Time": 244.952,
                                                    "Actual Rows": 247,
                                                    "Actual Loops": 1
                                                },
                                                {
                                                    "Worker Number": 3,
                                                    "Actual Startup Time": 245.088,
                                                    "Actual Total Time": 245.091,
                                                    "Actual Rows": 246,
                                                    "Actual Loops": 1
                                                },
                                                {
                                                    "Worker Number": 4,
                                                    "Actual Startup Time": 244.894,
                                                    "Actual Total Time": 244.897,
                                                    "Actual Rows": 266,
                                                    "Actual Loops": 1
                                                },
                                                {
                                                    "Worker Number": 5,
                                                    "Actual Startup Time": 245.011,
                                                    "Actual Total Time": 245.014,
                                                    "Actual Rows": 233,
                                                    "Actual Loops": 1
                                                }
                                            ],
                                            "Plans": [
                                                {
                                                    "Node Type": "Merge Join",
                                                    "Parent Relationship": "Outer",
                                                    "Parallel Aware": false,
                                                    "Join Type": "Inner",
                                                    "Startup Cost": 78071.38,
                                                    "Total Cost": 79872.27,
                                                    "Plan Rows": 35,
                                                    "Plan Width": 8,
                                                    "Actual Startup Time": 185.524,
                                                    "Actual Total Time": 227.008,
                                                    "Actual Rows": 255,
                                                    "Actual Loops": 7,
                                                    "Output": [
                                                        "t.id",
                                                        "mk.movie_id"
                                                    ],
                                                    "Inner Unique": false,
                                                    "Merge Cond": "(t.id = mk.movie_id)",
                                                    "Workers": [
                                                        {
                                                            "Worker Number": 0,
                                                            "Actual Startup Time": 185.172,
                                                            "Actual Total Time": 223.342,
                                                            "Actual Rows": 253,
                                                            "Actual Loops": 1
                                                        },
                                                        {
                                                            "Worker Number": 1,
                                                            "Actual Startup Time": 185.003,
                                                            "Actual Total Time": 223.335,
                                                            "Actual Rows": 235,
                                                            "Actual Loops": 1
                                                        },
                                                        {
                                                            "Worker Number": 2,
                                                            "Actual Startup Time": 181.736,
                                                            "Actual Total Time": 221.147,
                                                            "Actual Rows": 247,
                                                            "Actual Loops": 1
                                                        },
                                                        {
                                                            "Worker Number": 3,
                                                            "Actual Startup Time": 182.894,
                                                            "Actual Total Time": 222.954,
                                                            "Actual Rows": 246,
                                                            "Actual Loops": 1
                                                        },
                                                        {
                                                            "Worker Number": 4,
                                                            "Actual Startup Time": 183.45,
                                                            "Actual Total Time": 221.635,
                                                            "Actual Rows": 266,
                                                            "Actual Loops": 1
                                                        },
                                                        {
                                                            "Worker Number": 5,
                                                            "Actual Startup Time": 183.491,
                                                            "Actual Total Time": 223.254,
                                                            "Actual Rows": 233,
                                                            "Actual Loops": 1
                                                        }
                                                    ],
                                                    "Plans": [
                                                        {
                                                            "Node Type": "Sort",
                                                            "Parent Relationship": "Outer",
                                                            "Parallel Aware": false,
                                                            "Startup Cost": 77152.6,
                                                            "Total Cost": 78053.35,
                                                            "Plan Rows": 360300,
                                                            "Plan Width": 4,
                                                            "Actual Startup Time": 172.889,
                                                            "Actual Total Time": 197.049,
                                                            "Actual Rows": 206026,
                                                            "Actual Loops": 7,
                                                            "Output": [
                                                                "t.id"
                                                            ],
                                                            "Sort Key": [
                                                                "t.id"
                                                            ],
                                                            "Sort Method": "quicksort",
                                                            "Sort Space Used": 24799,
                                                            "Sort Space Type": "Memory",
                                                            "Workers": [
                                                                {
                                                                    "Worker Number": 0,
                                                                    "Actual Startup Time": 169.891,
                                                                    "Actual Total Time": 193.061,
                                                                    "Actual Rows": 195818,
                                                                    "Actual Loops": 1
                                                                },
                                                                {
                                                                    "Worker Number": 1,
                                                                    "Actual Startup Time": 169.902,
                                                                    "Actual Total Time": 193.035,
                                                                    "Actual Rows": 196325,
                                                                    "Actual Loops": 1
                                                                },
                                                                {
                                                                    "Worker Number": 2,
                                                                    "Actual Startup Time": 169.465,
                                                                    "Actual Total Time": 191.051,
                                                                    "Actual Rows": 196130,
                                                                    "Actual Loops": 1
                                                                },
                                                                {
                                                                    "Worker Number": 3,
                                                                    "Actual Startup Time": 169.655,
                                                                    "Actual Total Time": 192.655,
                                                                    "Actual Rows": 195441,
                                                                    "Actual Loops": 1
                                                                },
                                                                {
                                                                    "Worker Number": 4,
                                                                    "Actual Startup Time": 169.515,
                                                                    "Actual Total Time": 191.478,
                                                                    "Actual Rows": 196695,
                                                                    "Actual Loops": 1
                                                                },
                                                                {
                                                                    "Worker Number": 5,
                                                                    "Actual Startup Time": 169.608,
                                                                    "Actual Total Time": 192.691,
                                                                    "Actual Rows": 195115,
                                                                    "Actual Loops": 1
                                                                }
                                                            ],
                                                            "Plans": [
                                                                {
                                                                    "Node Type": "Seq Scan",
                                                                    "Parent Relationship": "Outer",
                                                                    "Parallel Aware": true,
                                                                    "Relation Name": "title",
                                                                    "Schema": "public",
                                                                    "Alias": "t",
                                                                    "Startup Cost": 0.0,
                                                                    "Total Cost": 43899.01,
                                                                    "Plan Rows": 360300,
                                                                    "Plan Width": 4,
                                                                    "Actual Startup Time": 0.038,
                                                                    "Actual Total Time": 96.185,
                                                                    "Actual Rows": 206185,
                                                                    "Actual Loops": 7,
                                                                    "Output": [
                                                                        "t.id"
                                                                    ],
                                                                    "Filter": "(t.production_year < 2006)",
                                                                    "Rows Removed by Filter": 155002,
                                                                    "Workers": [
                                                                        {
                                                                            "Worker Number": 0,
                                                                            "Actual Startup Time": 0.041,
                                                                            "Actual Total Time": 98.014,
                                                                            "Actual Rows": 195971,
                                                                            "Actual Loops": 1
                                                                        },
                                                                        {
                                                                            "Worker Number": 1,
                                                                            "Actual Startup Time": 0.032,
                                                                            "Actual Total Time": 98.116,
                                                                            "Actual Rows": 196475,
                                                                            "Actual Loops": 1
                                                                        },
                                                                        {
                                                                            "Worker Number": 2,
                                                                            "Actual Startup Time": 0.046,
                                                                            "Actual Total Time": 98.569,
                                                                            "Actual Rows": 196283,
                                                                            "Actual Loops": 1
                                                                        },
                                                                        {
                                                                            "Worker Number": 3,
                                                                            "Actual Startup Time": 0.041,
                                                                            "Actual Total Time": 97.952,
                                                                            "Actual Rows": 195607,
                                                                            "Actual Loops": 1
                                                                        },
                                                                        {
                                                                            "Worker Number": 4,
                                                                            "Actual Startup Time": 0.036,
                                                                            "Actual Total Time": 98.445,
                                                                            "Actual Rows": 196824,
                                                                            "Actual Loops": 1
                                                                        },
                                                                        {
                                                                            "Worker Number": 5,
                                                                            "Actual Startup Time": 0.047,
                                                                            "Actual Total Time": 97.561,
                                                                            "Actual Rows": 195254,
                                                                            "Actual Loops": 1
                                                                        }
                                                                    ]
                                                                }
                                                            ]
                                                        },
                                                        {
                                                            "Node Type": "Sort",
                                                            "Parent Relationship": "Inner",
                                                            "Parallel Aware": false,
                                                            "Startup Cost": 918.38,
                                                            "Total Cost": 918.99,
                                                            "Plan Rows": 244,
                                                            "Plan Width": 4,
                                                            "Actual Startup Time": 10.65,
                                                            "Actual Total Time": 10.815,
                                                            "Actual Rows": 2111,
                                                            "Actual Loops": 7,
                                                            "Output": [
                                                                "mk.movie_id"
                                                            ],
                                                            "Sort Key": [
                                                                "mk.movie_id"
                                                            ],
                                                            "Sort Method": "quicksort",
                                                            "Sort Space Used": 195,
                                                            "Sort Space Type": "Memory",
                                                            "Workers": [
                                                                {
                                                                    "Worker Number": 0,
                                                                    "Actual Startup Time": 11.869,
                                                                    "Actual Total Time": 12.037,
                                                                    "Actual Rows": 2111,
                                                                    "Actual Loops": 1
                                                                },
                                                                {
                                                                    "Worker Number": 1,
                                                                    "Actual Startup Time": 11.908,
                                                                    "Actual Total Time": 12.076,
                                                                    "Actual Rows": 2111,
                                                                    "Actual Loops": 1
                                                                },
                                                                {
                                                                    "Worker Number": 2,
                                                                    "Actual Startup Time": 12.049,
                                                                    "Actual Total Time": 12.198,
                                                                    "Actual Rows": 2111,
                                                                    "Actual Loops": 1
                                                                },
                                                                {
                                                                    "Worker Number": 3,
                                                                    "Actual Startup Time": 11.986,
                                                                    "Actual Total Time": 12.153,
                                                                    "Actual Rows": 2111,
                                                                    "Actual Loops": 1
                                                                },
                                                                {
                                                                    "Worker Number": 4,
                                                                    "Actual Startup Time": 11.955,
                                                                    "Actual Total Time": 12.106,
                                                                    "Actual Rows": 2111,
                                                                    "Actual Loops": 1
                                                                },
                                                                {
                                                                    "Worker Number": 5,
                                                                    "Actual Startup Time": 11.961,
                                                                    "Actual Total Time": 12.126,
                                                                    "Actual Rows": 2111,
                                                                    "Actual Loops": 1
                                                                }
                                                            ],
                                                            "Plans": [
                                                                {
                                                                    "Node Type": "Bitmap Heap Scan",
                                                                    "Parent Relationship": "Outer",
                                                                    "Parallel Aware": false,
                                                                    "Relation Name": "movie_keyword",
                                                                    "Schema": "public",
                                                                    "Alias": "mk",
                                                                    "Startup Cost": 6.32,
                                                                    "Total Cost": 908.7,
                                                                    "Plan Rows": 244,
                                                                    "Plan Width": 4,
                                                                    "Actual Startup Time": 0.63,
                                                                    "Actual Total Time": 9.795,
                                                                    "Actual Rows": 2111,
                                                                    "Actual Loops": 7,
                                                                    "Output": [
                                                                        "mk.movie_id"
                                                                    ],
                                                                    "Recheck Cond": "(mk.keyword_id = 2489)",
                                                                    "Rows Removed by Index Recheck": 0,
                                                                    "Exact Heap Blocks": 1620,
                                                                    "Lossy Heap Blocks": 0,
                                                                    "Workers": [
                                                                        {
                                                                            "Worker Number": 0,
                                                                            "Actual Startup Time": 0.653,
                                                                            "Actual Total Time": 10.945,
                                                                            "Actual Rows": 2111,
                                                                            "Actual Loops": 1
                                                                        },
                                                                        {
                                                                            "Worker Number": 1,
                                                                            "Actual Startup Time": 0.663,
                                                                            "Actual Total Time": 10.965,
                                                                            "Actual Rows": 2111,
                                                                            "Actual Loops": 1
                                                                        },
                                                                        {
                                                                            "Worker Number": 2,
                                                                            "Actual Startup Time": 0.657,
                                                                            "Actual Total Time": 11.135,
                                                                            "Actual Rows": 2111,
                                                                            "Actual Loops": 1
                                                                        },
                                                                        {
                                                                            "Worker Number": 3,
                                                                            "Actual Startup Time": 0.669,
                                                                            "Actual Total Time": 11.059,
                                                                            "Actual Rows": 2111,
                                                                            "Actual Loops": 1
                                                                        },
                                                                        {
                                                                            "Worker Number": 4,
                                                                            "Actual Startup Time": 0.657,
                                                                            "Actual Total Time": 11.021,
                                                                            "Actual Rows": 2111,
                                                                            "Actual Loops": 1
                                                                        },
                                                                        {
                                                                            "Worker Number": 5,
                                                                            "Actual Startup Time": 0.644,
                                                                            "Actual Total Time": 11.017,
                                                                            "Actual Rows": 2111,
                                                                            "Actual Loops": 1
                                                                        }
                                                                    ],
                                                                    "Plans": [
                                                                        {
                                                                            "Node Type": "Bitmap Index Scan",
                                                                            "Parent Relationship": "Outer",
                                                                            "Parallel Aware": false,
                                                                            "Index Name": "keyword_id_movie_keyword",
                                                                            "Startup Cost": 0.0,
                                                                            "Total Cost": 6.26,
                                                                            "Plan Rows": 244,
                                                                            "Plan Width": 0,
                                                                            "Actual Startup Time": 0.387,
                                                                            "Actual Total Time": 0.388,
                                                                            "Actual Rows": 2111,
                                                                            "Actual Loops": 7,
                                                                            "Index Cond": "(mk.keyword_id = 2489)",
                                                                            "Workers": [
                                                                                {
                                                                                    "Worker Number": 0,
                                                                                    "Actual Startup Time": 0.411,
                                                                                    "Actual Total Time": 0.412,
                                                                                    "Actual Rows": 2111,
                                                                                    "Actual Loops": 1
                                                                                },
                                                                                {
                                                                                    "Worker Number": 1,
                                                                                    "Actual Startup Time": 0.42,
                                                                                    "Actual Total Time": 0.421,
                                                                                    "Actual Rows": 2111,
                                                                                    "Actual Loops": 1
                                                                                },
                                                                                {
                                                                                    "Worker Number": 2,
                                                                                    "Actual Startup Time": 0.412,
                                                                                    "Actual Total Time": 0.413,
                                                                                    "Actual Rows": 2111,
                                                                                    "Actual Loops": 1
                                                                                },
                                                                                {
                                                                                    "Worker Number": 3,
                                                                                    "Actual Startup Time": 0.423,
                                                                                    "Actual Total Time": 0.423,
                                                                                    "Actual Rows": 2111,
                                                                                    "Actual Loops": 1
                                                                                },
                                                                                {
                                                                                    "Worker Number": 4,
                                                                                    "Actual Startup Time": 0.414,
                                                                                    "Actual Total Time": 0.414,
                                                                                    "Actual Rows": 2111,
                                                                                    "Actual Loops": 1
                                                                                },
                                                                                {
                                                                                    "Worker Number": 5,
                                                                                    "Actual Startup Time": 0.398,
                                                                                    "Actual Total Time": 0.398,
                                                                                    "Actual Rows": 2111,
                                                                                    "Actual Loops": 1
                                                                                }
                                                                            ]
                                                                        }
                                                                    ]
                                                                }
                                                            ]
                                                        }
                                                    ]
                                                }
                                            ]
                                        }
                                    ]
                                }
                            ]
                        }
                    ]
                }
            ]
        },
        "Planning Time": 1015.891,
        "Triggers": [],
        "Execution Time": 1747.085
    }
]