{
  "Plan": {
    "Node Type": "Aggregate",
    "Strategy": "Plain",
    "Partial Mode": "Finalize",
    "Parallel Aware": false,
    "Startup Cost": 1250377.83,
    "Total Cost": 1250377.84,
    "Plan Rows": 1,
    "Plan Width": 8,
    "Actual Startup Time": 30767.963,
    "Actual Total Time": 31034.305,
    "Actual Rows": 1,
    "Actual Loops": 1,
    "Plans": [
      {
        "Node Type": "Gather",
        "Parent Relationship": "Outer",
        "Parallel Aware": false,
        "Startup Cost": 1250377.72,
        "Total Cost": 1250377.83,
        "Plan Rows": 1,
        "Plan Width": 8,
        "Actual Startup Time": 30730.636,
        "Actual Total Time": 31034.293,
        "Actual Rows": 2,
        "Actual Loops": 1,
        "Workers Planned": 1,
        "Workers Launched": 1,
        "Single Copy": false,
        "Plans": [
          {
            "Node Type": "Aggregate",
            "Strategy": "Plain",
            "Partial Mode": "Partial",
            "Parent Relationship": "Outer",
            "Parallel Aware": false,
            "Startup Cost": 1249377.72,
            "Total Cost": 1249377.73,
            "Plan Rows": 1,
            "Plan Width": 8,
            "Actual Startup Time": 30637.565,
            "Actual Total Time": 30637.579,
            "Actual Rows": 1,
            "Actual Loops": 2,
            "Plans": [
              {
                "Node Type": "Hash Join",
                "Parent Relationship": "Outer",
                "Parallel Aware": true,
                "Join Type": "Inner",
                "Startup Cost": 849691.06,
                "Total Cost": 1167039.12,
                "Plan Rows": 32935437,
                "Plan Width": 0,
                "Actual Startup Time": 18576.798,
                "Actual Total Time": 26867.604,
                "Actual Rows": 97059332,
                "Actual Loops": 2,
                "Inner Unique": false,
                "Hash Cond": "(mk.movie_id = t.id)",
                "Plans": [
                  {
                    "Node Type": "Seq Scan",
                    "Parent Relationship": "Outer",
                    "Parallel Aware": true,
                    "Relation Name": "movie_keyword",
                    "Alias": "mk",
                    "Startup Cost": 0.0,
                    "Total Cost": 57718.19,
                    "Plan Rows": 2396073,
                    "Plan Width": 4,
                    "Actual Startup Time": 0.022,
                    "Actual Total Time": 232.31,
                    "Actual Rows": 2041561,
                    "Actual Loops": 2,
                    "Filter": "(keyword_id < 40043)",
                    "Rows Removed by Filter": 220404
                  },
                  {
                    "Node Type": "Hash",
                    "Parent Relationship": "Inner",
                    "Parallel Aware": true,
                    "Startup Cost": 594155.17,
                    "Total Cost": 594155.17,
                    "Plan Rows": 20442871,
                    "Plan Width": 8,
                    "Actual Startup Time": 18373.118,
                    "Actual Total Time": 18373.124,
                    "Actual Rows": 17888372,
                    "Actual Loops": 2,
                    "Hash Buckets": 67108864,
                    "Original Hash Buckets": 67108864,
                    "Hash Batches": 1,
                    "Original Hash Batches": 1,
                    "Peak Memory Usage": 1923904,
                    "Plans": [
                      {
                        "Node Type": "Hash Join",
                        "Parent Relationship": "Outer",
                        "Parallel Aware": true,
                        "Join Type": "Inner",
                        "Startup Cost": 72421.81,
                        "Total Cost": 594155.17,
                        "Plan Rows": 20442871,
                        "Plan Width": 8,
                        "Actual Startup Time": 571.931,
                        "Actual Total Time": 11447.364,
                        "Actual Rows": 17888372,
                        "Actual Loops": 2,
                        "Inner Unique": true,
                        "Hash Cond": "(ci.movie_id = t.id)",
                        "Plans": [
                          {
                            "Node Type": "Seq Scan",
                            "Parent Relationship": "Outer",
                            "Parallel Aware": true,
                            "Relation Name": "cast_info",
                            "Alias": "ci",
                            "Startup Cost": 0.0,
                            "Total Cost": 465792.95,
                            "Plan Rows": 21310595,
                            "Plan Width": 4,
                            "Actual Startup Time": 0.029,
                            "Actual Total Time": 1531.489,
                            "Actual Rows": 18122172,
                            "Actual Loops": 2
                          },
                          {
                            "Node Type": "Hash",
                            "Parent Relationship": "Inner",
                            "Parallel Aware": true,
                            "Startup Cost": 54588.39,
                            "Total Cost": 54588.39,
                            "Plan Rows": 1426674,
                            "Plan Width": 4,
                            "Actual Startup Time": 555.601,
                            "Actual Total Time": 555.603,
                            "Actual Rows": 1210584,
                            "Actual Loops": 2,
                            "Hash Buckets": 4194304,
                            "Original Hash Buckets": 4194304,
                            "Hash Batches": 1,
                            "Original Hash Batches": 1,
                            "Peak Memory Usage": 127520,
                            "Plans": [
                              {
                                "Node Type": "Seq Scan",
                                "Parent Relationship": "Outer",
                                "Parallel Aware": true,
                                "Relation Name": "title",
                                "Alias": "t",
                                "Startup Cost": 0.0,
                                "Total Cost": 54588.39,
                                "Plan Rows": 1426674,
                                "Plan Width": 4,
                                "Actual Startup Time": 0.062,
                                "Actual Total Time": 188.917,
                                "Actual Rows": 1210584,
                                "Actual Loops": 2,
                                "Filter": "(production_year > 1911)",
                                "Rows Removed by Filter": 53572
                              }
                            ]
                          }
                        ]
                      }
                    ]
                  }
                ]
              }
            ]
          }
        ]
      }
    ]
  },
  "Planning Time": 0.93,
  "Triggers": [],
  "Execution Time": 31034.404
}