[
  {
    "Plan": {
      "Node Type": "Aggregate",
      "Strategy": "Plain",
      "Partial Mode": "Finalize",
      "Parallel Aware": false,
      "Startup Cost": 413508.86,
      "Total Cost": 413508.87,
      "Plan Rows": 1,
      "Plan Width": 8,
      "Actual Startup Time": 1564.284,
      "Actual Total Time": 1618.887,
      "Actual Rows": 1,
      "Actual Loops": 1,
      "Plans": [
        {
          "Node Type": "Gather",
          "Parent Relationship": "Outer",
          "Parallel Aware": false,
          "Startup Cost": 413508.23,
          "Total Cost": 413508.84,
          "Plan Rows": 6,
          "Plan Width": 8,
          "Actual Startup Time": 1557.871,
          "Actual Total Time": 1618.839,
          "Actual Rows": 7,
          "Actual Loops": 1,
          "Workers Planned": 6,
          "Workers Launched": 6,
          "Single Copy": false,
          "Plans": [
            {
              "Node Type": "Aggregate",
              "Strategy": "Plain",
              "Partial Mode": "Partial",
              "Parent Relationship": "Outer",
              "Parallel Aware": false,
              "Startup Cost": 412508.23,
              "Total Cost": 412508.24,
              "Plan Rows": 1,
              "Plan Width": 8,
              "Actual Startup Time": 1548.362,
              "Actual Total Time": 1548.574,
              "Actual Rows": 1,
              "Actual Loops": 7,
              "Plans": [
                {
                  "Node Type": "Hash Join",
                  "Parent Relationship": "Outer",
                  "Parallel Aware": true,
                  "Join Type": "Inner",
                  "Startup Cost": 64479.88,
                  "Total Cost": 410596.48,
                  "Plan Rows": 764701,
                  "Plan Width": 0,
                  "Actual Startup Time": 432.606,
                  "Actual Total Time": 1486.204,
                  "Actual Rows": 1245971,
                  "Actual Loops": 7,
                  "Inner Unique": false,
                  "Hash Cond": "(ci.movie_id = t.id)",
                  "Plans": [
                    {
                      "Node Type": "Seq Scan",
                      "Parent Relationship": "Outer",
                      "Parallel Aware": true,
                      "Relation Name": "cast_info",
                      "Alias": "ci",
                      "Startup Cost": 0.0,
                      "Total Cost": 328211.39,
                      "Plan Rows": 3925053,
                      "Plan Width": 4,
                      "Actual Startup Time": 209.946,
                      "Actual Total Time": 707.738,
                      "Actual Rows": 3367665,
                      "Actual Loops": 7,
                      "Filter": "(role_id > 1)",
                      "Rows Removed by Filter": 1810098
                    },
                    {
                      "Node Type": "Hash",
                      "Parent Relationship": "Inner",
                      "Parallel Aware": true,
                      "Startup Cost": 61914.24,
                      "Total Cost": 61914.24,
                      "Plan Rows": 205251,
                      "Plan Width": 8,
                      "Actual Startup Time": 220.925,
                      "Actual Total Time": 221.136,
                      "Actual Rows": 52739,
                      "Actual Loops": 7,
                      "Hash Buckets": 524288,
                      "Original Hash Buckets": 524288,
                      "Hash Batches": 1,
                      "Original Hash Batches": 1,
                      "Peak Memory Usage": 18688,
                      "Plans": [
                        {
                          "Node Type": "Hash Join",
                          "Parent Relationship": "Outer",
                          "Parallel Aware": true,
                          "Join Type": "Inner",
                          "Startup Cost": 46719.68,
                          "Total Cost": 61914.24,
                          "Plan Rows": 205251,
                          "Plan Width": 8,
                          "Actual Startup Time": 140.211,
                          "Actual Total Time": 202.129,
                          "Actual Rows": 52739,
                          "Actual Loops": 7,
                          "Inner Unique": true,
                          "Hash Cond": "(mi_idx.movie_id = t.id)",
                          "Plans": [
                            {
                              "Node Type": "Seq Scan",
                              "Parent Relationship": "Outer",
                              "Parallel Aware": true,
                              "Relation Name": "movie_info_idx",
                              "Alias": "mi_idx",
                              "Startup Cost": 0.0,
                              "Total Cost": 13685.15,
                              "Plan Rows": 575015,
                              "Plan Width": 4,
                              "Actual Startup Time": 0.017,
                              "Actual Total Time": 20.829,
                              "Actual Rows": 197148,
                              "Actual Loops": 7
                            },
                            {
                              "Node Type": "Hash",
                              "Parent Relationship": "Inner",
                              "Parallel Aware": true,
                              "Startup Cost": 43899.32,
                              "Total Cost": 43899.32,
                              "Plan Rows": 225629,
                              "Plan Width": 4,
                              "Actual Startup Time": 138.845,
                              "Actual Total Time": 138.846,
                              "Actual Rows": 129213,
                              "Actual Loops": 7,
                              "Hash Buckets": 1048576,
                              "Original Hash Buckets": 1048576,
                              "Hash Batches": 1,
                              "Original Hash Batches": 1,
                              "Peak Memory Usage": 43712,
                              "Plans": [
                                {
                                  "Node Type": "Seq Scan",
                                  "Parent Relationship": "Outer",
                                  "Parallel Aware": true,
                                  "Relation Name": "title",
                                  "Alias": "t",
                                  "Startup Cost": 0.0,
                                  "Total Cost": 43899.32,
                                  "Plan Rows": 225629,
                                  "Plan Width": 4,
                                  "Actual Startup Time": 0.045,
                                  "Actual Total Time": 77.457,
                                  "Actual Rows": 129213,
                                  "Actual Loops": 7,
                                  "Filter": "(production_year > 2006)",
                                  "Rows Removed by Filter": 231974
                                }
                              ]
                            }
                          ]
                        }
                      ]
                    }
                  ]
                }
              ]
            }
          ]
        }
      ]
    },
    "Planning Time": 0.409,
    "Triggers": [],
    "Execution Time": 1618.948
  }
]