[
  {
    "Plan": {
      "Node Type": "Aggregate",
      "Strategy": "Plain",
      "Partial Mode": "Finalize",
      "Parallel Aware": false,
      "Startup Cost": 46098.58,
      "Total Cost": 46098.59,
      "Plan Rows": 1,
      "Plan Width": 8,
      "Actual Startup Time": 43.659,
      "Actual Total Time": 50.012,
      "Actual Rows": 1,
      "Actual Loops": 1,
      "Plans": [
        {
          "Node Type": "Gather",
          "Parent Relationship": "Outer",
          "Parallel Aware": false,
          "Startup Cost": 46098.36,
          "Total Cost": 46098.57,
          "Plan Rows": 2,
          "Plan Width": 8,
          "Actual Startup Time": 43.476,
          "Actual Total Time": 50.003,
          "Actual Rows": 3,
          "Actual Loops": 1,
          "Workers Planned": 2,
          "Workers Launched": 2,
          "Single Copy": false,
          "Plans": [
            {
              "Node Type": "Aggregate",
              "Strategy": "Plain",
              "Partial Mode": "Partial",
              "Parent Relationship": "Outer",
              "Parallel Aware": false,
              "Startup Cost": 45098.36,
              "Total Cost": 45098.37,
              "Plan Rows": 1,
              "Plan Width": 8,
              "Actual Startup Time": 34.727,
              "Actual Total Time": 34.728,
              "Actual Rows": 1,
              "Actual Loops": 3,
              "Plans": [
                {
                  "Node Type": "Nested Loop",
                  "Parent Relationship": "Outer",
                  "Parallel Aware": false,
                  "Join Type": "Inner",
                  "Startup Cost": 207.66,
                  "Total Cost": 45093.31,
                  "Plan Rows": 2020,
                  "Plan Width": 0,
                  "Actual Startup Time": 4.869,
                  "Actual Total Time": 34.704,
                  "Actual Rows": 59,
                  "Actual Loops": 3,
                  "Inner Unique": true,
                  "Plans": [
                    {
                      "Node Type": "Bitmap Heap Scan",
                      "Parent Relationship": "Outer",
                      "Parallel Aware": true,
                      "Relation Name": "movie_keyword",
                      "Alias": "mk",
                      "Startup Cost": 207.23,
                      "Total Cost": 18617.01,
                      "Plan Rows": 4021,
                      "Plan Width": 4,
                      "Actual Startup Time": 1.648,
                      "Actual Total Time": 6.459,
                      "Actual Rows": 2624,
                      "Actual Loops": 3,
                      "Recheck Cond": "(keyword_id = 3)",
                      "Rows Removed by Index Recheck": 0,
                      "Exact Heap Blocks": 1428,
                      "Lossy Heap Blocks": 0,
                      "Plans": [
                        {
                          "Node Type": "Bitmap Index Scan",
                          "Parent Relationship": "Outer",
                          "Parallel Aware": false,
                          "Index Name": "keyword_id_movie_keyword",
                          "Startup Cost": 0.0,
                          "Total Cost": 204.81,
                          "Plan Rows": 9651,
                          "Plan Width": 0,
                          "Actual Startup Time": 3.706,
                          "Actual Total Time": 3.706,
                          "Actual Rows": 7873,
                          "Actual Loops": 1,
                          "Index Cond": "(keyword_id = 3)"
                        }
                      ]
                    },
                    {
                      "Node Type": "Index Scan",
                      "Parent Relationship": "Inner",
                      "Parallel Aware": false,
                      "Scan Direction": "Forward",
                      "Index Name": "title_pkey",
                      "Relation Name": "title",
                      "Alias": "t",
                      "Startup Cost": 0.43,
                      "Total Cost": 6.58,
                      "Plan Rows": 1,
                      "Plan Width": 4,
                      "Actual Startup Time": 0.01,
                      "Actual Total Time": 0.01,
                      "Actual Rows": 0,
                      "Actual Loops": 7873,
                      "Index Cond": "(id = mk.movie_id)",
                      "Rows Removed by Index Recheck": 0,
                      "Filter": "((kind_id > 4) AND (production_year < 2011))",
                      "Rows Removed by Filter": 1
                    }
                  ]
                }
              ]
            }
          ]
        }
      ]
    },
    "Planning Time": 0.705,
    "Triggers": [],
    "Execution Time": 50.111
  }
]