{
  "Plan": {
    "Node Type": "Aggregate",
    "Strategy": "Plain",
    "Partial Mode": "Finalize",
    "Parallel Aware": false,
    "Startup Cost": 1437898.15,
    "Total Cost": 1437898.16,
    "Plan Rows": 1,
    "Plan Width": 8,
    "Actual Startup Time": 24399.826,
    "Actual Total Time": 24490.21,
    "Actual Rows": 1,
    "Actual Loops": 1,
    "Plans": [
      {
        "Node Type": "Gather",
        "Parent Relationship": "Outer",
        "Parallel Aware": false,
        "Startup Cost": 1437898.04,
        "Total Cost": 1437898.15,
        "Plan Rows": 1,
        "Plan Width": 8,
        "Actual Startup Time": 24385.86,
        "Actual Total Time": 24490.201,
        "Actual Rows": 2,
        "Actual Loops": 1,
        "Workers Planned": 1,
        "Workers Launched": 1,
        "Single Copy": false,
        "Plans": [
          {
            "Node Type": "Aggregate",
            "Strategy": "Plain",
            "Partial Mode": "Partial",
            "Parent Relationship": "Outer",
            "Parallel Aware": false,
            "Startup Cost": 1436898.04,
            "Total Cost": 1436898.05,
            "Plan Rows": 1,
            "Plan Width": 8,
            "Actual Startup Time": 24368.737,
            "Actual Total Time": 24371.316,
            "Actual Rows": 1,
            "Actual Loops": 2,
            "Plans": [
              {
                "Node Type": "Hash Join",
                "Parent Relationship": "Outer",
                "Parallel Aware": true,
                "Join Type": "Inner",
                "Startup Cost": 391989.17,
                "Total Cost": 1318409.85,
                "Plan Rows": 47395275,
                "Plan Width": 0,
                "Actual Startup Time": 3419.295,
                "Actual Total Time": 21739.353,
                "Actual Rows": 60809701,
                "Actual Loops": 2,
                "Inner Unique": false,
                "Hash Cond": "(ci.movie_id = t.id)",
                "Plans": [
                  {
                    "Node Type": "Seq Scan",
                    "Parent Relationship": "Outer",
                    "Parallel Aware": true,
                    "Relation Name": "cast_info",
                    "Alias": "ci",
                    "Startup Cost": 0.0,
                    "Total Cost": 519069.44,
                    "Plan Rows": 20568878,
                    "Plan Width": 4,
                    "Actual Startup Time": 0.022,
                    "Actual Total Time": 1855.069,
                    "Actual Rows": 17501692,
                    "Actual Loops": 2,
                    "Filter": "(person_id < 3821725)",
                    "Rows Removed by Filter": 620480
                  },
                  {
                    "Node Type": "Hash",
                    "Parent Relationship": "Inner",
                    "Parallel Aware": true,
                    "Startup Cost": 349152.77,
                    "Total Cost": 349152.77,
                    "Plan Rows": 3426912,
                    "Plan Width": 8,
                    "Actual Startup Time": 3385.609,
                    "Actual Total Time": 3388.186,
                    "Actual Rows": 2942482,
                    "Actual Loops": 2,
                    "Hash Buckets": 8388608,
                    "Original Hash Buckets": 8388608,
                    "Hash Batches": 1,
                    "Original Hash Batches": 1,
                    "Peak Memory Usage": 295776,
                    "Plans": [
                      {
                        "Node Type": "Hash Join",
                        "Parent Relationship": "Outer",
                        "Parallel Aware": true,
                        "Join Type": "Inner",
                        "Startup Cost": 69460.7,
                        "Total Cost": 349152.77,
                        "Plan Rows": 3426912,
                        "Plan Width": 8,
                        "Actual Startup Time": 566.698,
                        "Actual Total Time": 2443.887,
                        "Actual Rows": 2942482,
                        "Actual Loops": 2,
                        "Inner Unique": true,
                        "Hash Cond": "(mi.movie_id = t.id)",
                        "Plans": [
                          {
                            "Node Type": "Seq Scan",
                            "Parent Relationship": "Outer",
                            "Parallel Aware": true,
                            "Relation Name": "movie_info",
                            "Alias": "mi",
                            "Startup Cost": 0.0,
                            "Total Cost": 270696.42,
                            "Plan Rows": 3426912,
                            "Plan Width": 4,
                            "Actual Startup Time": 0.013,
                            "Actual Total Time": 713.314,
                            "Actual Rows": 2942482,
                            "Actual Loops": 2,
                            "Filter": "(info_type_id < 7)",
                            "Rows Removed by Filter": 4475378
                          },
                          {
                            "Node Type": "Hash",
                            "Parent Relationship": "Inner",
                            "Parallel Aware": true,
                            "Startup Cost": 50870.31,
                            "Total Cost": 50870.31,
                            "Plan Rows": 1487231,
                            "Plan Width": 4,
                            "Actual Startup Time": 555.31,
                            "Actual Total Time": 555.311,
                            "Actual Rows": 1264156,
                            "Actual Loops": 2,
                            "Hash Buckets": 4194304,
                            "Original Hash Buckets": 4194304,
                            "Hash Batches": 1,
                            "Original Hash Batches": 1,
                            "Peak Memory Usage": 131712,
                            "Plans": [
                              {
                                "Node Type": "Seq Scan",
                                "Parent Relationship": "Outer",
                                "Parallel Aware": true,
                                "Relation Name": "title",
                                "Alias": "t",
                                "Startup Cost": 0.0,
                                "Total Cost": 50870.31,
                                "Plan Rows": 1487231,
                                "Plan Width": 4,
                                "Actual Startup Time": 0.033,
                                "Actual Total Time": 160.107,
                                "Actual Rows": 1264156,
                                "Actual Loops": 2
                              }
                            ]
                          }
                        ]
                      }
                    ]
                  }
                ]
              }
            ]
          }
        ]
      }
    ]
  },
  "Planning Time": 0.865,
  "Triggers": [],
  "Execution Time": 24490.297
}