[
  {
    "Plan": {
      "Node Type": "Aggregate",
      "Strategy": "Plain",
      "Partial Mode": "Finalize",
      "Parallel Aware": false,
      "Startup Cost": 79647.57,
      "Total Cost": 79647.58,
      "Plan Rows": 1,
      "Plan Width": 8,
      "Actual Startup Time": 199.065,
      "Actual Total Time": 216.468,
      "Actual Rows": 1,
      "Actual Loops": 1,
      "Plans": [
        {
          "Node Type": "Gather",
          "Parent Relationship": "Outer",
          "Parallel Aware": false,
          "Startup Cost": 79647.15,
          "Total Cost": 79647.56,
          "Plan Rows": 4,
          "Plan Width": 8,
          "Actual Startup Time": 198.06,
          "Actual Total Time": 216.46,
          "Actual Rows": 5,
          "Actual Loops": 1,
          "Workers Planned": 4,
          "Workers Launched": 4,
          "Single Copy": false,
          "Plans": [
            {
              "Node Type": "Aggregate",
              "Strategy": "Plain",
              "Partial Mode": "Partial",
              "Parent Relationship": "Outer",
              "Parallel Aware": false,
              "Startup Cost": 78647.15,
              "Total Cost": 78647.16,
              "Plan Rows": 1,
              "Plan Width": 8,
              "Actual Startup Time": 188.38,
              "Actual Total Time": 188.383,
              "Actual Rows": 1,
              "Actual Loops": 5,
              "Plans": [
                {
                  "Node Type": "Hash Join",
                  "Parent Relationship": "Outer",
                  "Parallel Aware": true,
                  "Join Type": "Inner",
                  "Startup Cost": 32708.72,
                  "Total Cost": 78446.6,
                  "Plan Rows": 80222,
                  "Plan Width": 0,
                  "Actual Startup Time": 153.015,
                  "Actual Total Time": 188.102,
                  "Actual Rows": 4803,
                  "Actual Loops": 5,
                  "Inner Unique": false,
                  "Hash Cond": "(t.id = mc.movie_id)",
                  "Plans": [
                    {
                      "Node Type": "Seq Scan",
                      "Parent Relationship": "Outer",
                      "Parallel Aware": true,
                      "Relation Name": "title",
                      "Alias": "t",
                      "Startup Cost": 0.0,
                      "Total Cost": 42318.73,
                      "Plan Rows": 632073,
                      "Plan Width": 4,
                      "Actual Startup Time": 0.012,
                      "Actual Total Time": 64.625,
                      "Actual Rows": 505662,
                      "Actual Loops": 5
                    },
                    {
                      "Node Type": "Hash",
                      "Parent Relationship": "Inner",
                      "Parallel Aware": true,
                      "Startup Cost": 31414.82,
                      "Total Cost": 31414.82,
                      "Plan Rows": 103512,
                      "Plan Width": 4,
                      "Actual Startup Time": 67.832,
                      "Actual Total Time": 67.833,
                      "Actual Rows": 4803,
                      "Actual Loops": 5,
                      "Hash Buckets": 524288,
                      "Original Hash Buckets": 524288,
                      "Hash Batches": 1,
                      "Original Hash Batches": 1,
                      "Peak Memory Usage": 5120,
                      "Plans": [
                        {
                          "Node Type": "Seq Scan",
                          "Parent Relationship": "Outer",
                          "Parallel Aware": true,
                          "Relation Name": "movie_companies",
                          "Alias": "mc",
                          "Startup Cost": 0.0,
                          "Total Cost": 31414.82,
                          "Plan Rows": 103512,
                          "Plan Width": 4,
                          "Actual Startup Time": 32.436,
                          "Actual Total Time": 64.722,
                          "Actual Rows": 4803,
                          "Actual Loops": 5,
                          "Filter": "((company_id > 51710) AND (company_type_id = 1))",
                          "Rows Removed by Filter": 517023
                        }
                      ]
                    }
                  ]
                }
              ]
            }
          ]
        }
      ]
    },
    "Planning Time": 0.618,
    "Triggers": [],
    "Execution Time": 216.537
  }
]