{
  "Plan": {
    "Node Type": "Aggregate",
    "Strategy": "Plain",
    "Partial Mode": "Finalize",
    "Parallel Aware": false,
    "Startup Cost": 46776.07,
    "Total Cost": 46776.08,
    "Plan Rows": 1,
    "Plan Width": 8,
    "Actual Startup Time": 125.21,
    "Actual Total Time": 131.343,
    "Actual Rows": 1,
    "Actual Loops": 1,
    "Plans": [
      {
        "Node Type": "Gather",
        "Parent Relationship": "Outer",
        "Parallel Aware": false,
        "Startup Cost": 46775.96,
        "Total Cost": 46776.07,
        "Plan Rows": 1,
        "Plan Width": 8,
        "Actual Startup Time": 125.044,
        "Actual Total Time": 131.337,
        "Actual Rows": 2,
        "Actual Loops": 1,
        "Workers Planned": 1,
        "Workers Launched": 1,
        "Single Copy": false,
        "Plans": [
          {
            "Node Type": "Aggregate",
            "Strategy": "Plain",
            "Partial Mode": "Partial",
            "Parent Relationship": "Outer",
            "Parallel Aware": false,
            "Startup Cost": 45775.96,
            "Total Cost": 45775.97,
            "Plan Rows": 1,
            "Plan Width": 8,
            "Actual Startup Time": 118.972,
            "Actual Total Time": 118.975,
            "Actual Rows": 1,
            "Actual Loops": 2,
            "Plans": [
              {
                "Node Type": "Hash Join",
                "Parent Relationship": "Outer",
                "Parallel Aware": true,
                "Join Type": "Inner",
                "Startup Cost": 26269.2,
                "Total Cost": 45770.65,
                "Plan Rows": 2122,
                "Plan Width": 0,
                "Actual Startup Time": 66.446,
                "Actual Total Time": 118.735,
                "Actual Rows": 4993,
                "Actual Loops": 2,
                "Inner Unique": true,
                "Hash Cond": "(mi_idx.movie_id = t.id)",
                "Plans": [
                  {
                    "Node Type": "Seq Scan",
                    "Parent Relationship": "Outer",
                    "Parallel Aware": true,
                    "Relation Name": "movie_info_idx",
                    "Alias": "mi_idx",
                    "Startup Cost": 0.0,
                    "Total Cost": 18082.32,
                    "Plan Rows": 540622,
                    "Plan Width": 4,
                    "Actual Startup Time": 0.027,
                    "Actual Total Time": 57.692,
                    "Actual Rows": 459925,
                    "Actual Loops": 2,
                    "Filter": "(info_type_id < 101)",
                    "Rows Removed by Filter": 230092
                  },
                  {
                    "Node Type": "Hash",
                    "Parent Relationship": "Inner",
                    "Parallel Aware": true,
                    "Startup Cost": 26196.23,
                    "Total Cost": 26196.23,
                    "Plan Rows": 5838,
                    "Plan Width": 4,
                    "Actual Startup Time": 27.815,
                    "Actual Total Time": 27.817,
                    "Actual Rows": 5526,
                    "Actual Loops": 2,
                    "Hash Buckets": 16384,
                    "Original Hash Buckets": 16384,
                    "Hash Batches": 1,
                    "Original Hash Batches": 1,
                    "Peak Memory Usage": 608,
                    "Plans": [
                      {
                        "Node Type": "Bitmap Heap Scan",
                        "Parent Relationship": "Outer",
                        "Parallel Aware": true,
                        "Relation Name": "title",
                        "Alias": "t",
                        "Startup Cost": 236.88,
                        "Total Cost": 26196.23,
                        "Plan Rows": 5838,
                        "Plan Width": 4,
                        "Actual Startup Time": 6.799,
                        "Actual Total Time": 25.631,
                        "Actual Rows": 5526,
                        "Actual Loops": 2,
                        "Recheck Cond": "(kind_id = 6)",
                        "Rows Removed by Index Recheck": 0,
                        "Filter": "(production_year < 2010)",
                        "Rows Removed by Filter": 774,
                        "Exact Heap Blocks": 7052,
                        "Lossy Heap Blocks": 0,
                        "Plans": [
                          {
                            "Node Type": "Bitmap Index Scan",
                            "Parent Relationship": "Outer",
                            "Parallel Aware": false,
                            "Index Name": "kind_id_title",
                            "Startup Cost": 0.0,
                            "Total Cost": 234.4,
                            "Plan Rows": 13063,
                            "Plan Width": 0,
                            "Actual Startup Time": 6.914,
                            "Actual Total Time": 6.914,
                            "Actual Rows": 12600,
                            "Actual Loops": 1,
                            "Index Cond": "(kind_id = 6)"
                          }
                        ]
                      }
                    ]
                  }
                ]
              }
            ]
          }
        ]
      }
    ]
  },
  "Planning Time": 0.47,
  "Triggers": [],
  "Execution Time": 131.433
}