{
  "Plan": {
    "Node Type": "Aggregate",
    "Strategy": "Plain",
    "Partial Mode": "Finalize",
    "Parallel Aware": false,
    "Startup Cost": 74519.42,
    "Total Cost": 74519.43,
    "Plan Rows": 1,
    "Plan Width": 8,
    "Actual Startup Time": 298.172,
    "Actual Total Time": 310.833,
    "Actual Rows": 1,
    "Actual Loops": 1,
    "Plans": [
      {
        "Node Type": "Gather",
        "Parent Relationship": "Outer",
        "Parallel Aware": false,
        "Startup Cost": 74519.31,
        "Total Cost": 74519.42,
        "Plan Rows": 1,
        "Plan Width": 8,
        "Actual Startup Time": 297.869,
        "Actual Total Time": 310.824,
        "Actual Rows": 2,
        "Actual Loops": 1,
        "Workers Planned": 1,
        "Workers Launched": 1,
        "Single Copy": false,
        "Plans": [
          {
            "Node Type": "Aggregate",
            "Strategy": "Plain",
            "Partial Mode": "Partial",
            "Parent Relationship": "Outer",
            "Parallel Aware": false,
            "Startup Cost": 73519.31,
            "Total Cost": 73519.32,
            "Plan Rows": 1,
            "Plan Width": 8,
            "Actual Startup Time": 292.2,
            "Actual Total Time": 292.205,
            "Actual Rows": 1,
            "Actual Loops": 2,
            "Plans": [
              {
                "Node Type": "Hash Join",
                "Parent Relationship": "Outer",
                "Parallel Aware": true,
                "Join Type": "Inner",
                "Startup Cost": 54720.38,
                "Total Cost": 73514.5,
                "Plan Rows": 1925,
                "Plan Width": 0,
                "Actual Startup Time": 184.866,
                "Actual Total Time": 291.977,
                "Actual Rows": 2066,
                "Actual Loops": 2,
                "Inner Unique": true,
                "Hash Cond": "(mi_idx.movie_id = t.id)",
                "Plans": [
                  {
                    "Node Type": "Seq Scan",
                    "Parent Relationship": "Outer",
                    "Parallel Aware": true,
                    "Relation Name": "movie_info_idx",
                    "Alias": "mi_idx",
                    "Startup Cost": 0.0,
                    "Total Cost": 18082.32,
                    "Plan Rows": 271164,
                    "Plan Width": 4,
                    "Actual Startup Time": 0.024,
                    "Actual Total Time": 77.393,
                    "Actual Rows": 230092,
                    "Actual Loops": 2,
                    "Filter": "(info_type_id > 100)",
                    "Rows Removed by Filter": 459925
                  },
                  {
                    "Node Type": "Hash",
                    "Parent Relationship": "Inner",
                    "Parallel Aware": true,
                    "Startup Cost": 54588.39,
                    "Total Cost": 54588.39,
                    "Plan Rows": 10559,
                    "Plan Width": 4,
                    "Actual Startup Time": 183.481,
                    "Actual Total Time": 183.483,
                    "Actual Rows": 8286,
                    "Actual Loops": 2,
                    "Hash Buckets": 32768,
                    "Original Hash Buckets": 32768,
                    "Hash Batches": 1,
                    "Original Hash Batches": 1,
                    "Peak Memory Usage": 928,
                    "Plans": [
                      {
                        "Node Type": "Seq Scan",
                        "Parent Relationship": "Outer",
                        "Parallel Aware": true,
                        "Relation Name": "title",
                        "Alias": "t",
                        "Startup Cost": 0.0,
                        "Total Cost": 54588.39,
                        "Plan Rows": 10559,
                        "Plan Width": 4,
                        "Actual Startup Time": 0.119,
                        "Actual Total Time": 178.881,
                        "Actual Rows": 8286,
                        "Actual Loops": 2,
                        "Filter": "(production_year = 1984)",
                        "Rows Removed by Filter": 1255870
                      }
                    ]
                  }
                ]
              }
            ]
          }
        ]
      }
    ]
  },
  "Planning Time": 0.436,
  "Triggers": [],
  "Execution Time": 310.914
}