{
  "Plan": {
    "Node Type": "Aggregate",
    "Strategy": "Plain",
    "Partial Mode": "Finalize",
    "Parallel Aware": false,
    "Startup Cost": 250355.08,
    "Total Cost": 250355.09,
    "Plan Rows": 1,
    "Plan Width": 8,
    "Actual Startup Time": 1332.496,
    "Actual Total Time": 1351.502,
    "Actual Rows": 1,
    "Actual Loops": 1,
    "Plans": [
      {
        "Node Type": "Gather",
        "Parent Relationship": "Outer",
        "Parallel Aware": false,
        "Startup Cost": 250354.97,
        "Total Cost": 250355.08,
        "Plan Rows": 1,
        "Plan Width": 8,
        "Actual Startup Time": 1331.015,
        "Actual Total Time": 1351.492,
        "Actual Rows": 2,
        "Actual Loops": 1,
        "Workers Planned": 1,
        "Workers Launched": 1,
        "Single Copy": false,
        "Plans": [
          {
            "Node Type": "Aggregate",
            "Strategy": "Plain",
            "Partial Mode": "Partial",
            "Parent Relationship": "Outer",
            "Parallel Aware": false,
            "Startup Cost": 249354.97,
            "Total Cost": 249354.98,
            "Plan Rows": 1,
            "Plan Width": 8,
            "Actual Startup Time": 1325.296,
            "Actual Total Time": 1325.3,
            "Actual Rows": 1,
            "Actual Loops": 2,
            "Plans": [
              {
                "Node Type": "Hash Join",
                "Parent Relationship": "Outer",
                "Parallel Aware": true,
                "Join Type": "Inner",
                "Startup Cost": 59132.09,
                "Total Cost": 248278.21,
                "Plan Rows": 430705,
                "Plan Width": 0,
                "Actual Startup Time": 267.975,
                "Actual Total Time": 1313.655,
                "Actual Rows": 250014,
                "Actual Loops": 2,
                "Inner Unique": true,
                "Hash Cond": "(ci.movie_id = t.id)",
                "Plans": [
                  {
                    "Node Type": "Index Scan",
                    "Parent Relationship": "Outer",
                    "Parallel Aware": true,
                    "Scan Direction": "Forward",
                    "Index Name": "role_id_cast_info",
                    "Relation Name": "cast_info",
                    "Alias": "ci",
                    "Startup Cost": 0.56,
                    "Total Cost": 184520.29,
                    "Plan Rows": 1762430,
                    "Plan Width": 4,
                    "Actual Startup Time": 0.126,
                    "Actual Total Time": 457.816,
                    "Actual Rows": 2382102,
                    "Actual Loops": 2,
                    "Index Cond": "(role_id > 8)",
                    "Rows Removed by Index Recheck": 0,
                    "Filter": "(person_id > 1719070)",
                    "Rows Removed by Filter": 484244
                  },
                  {
                    "Node Type": "Hash",
                    "Parent Relationship": "Inner",
                    "Parallel Aware": true,
                    "Startup Cost": 54588.39,
                    "Total Cost": 54588.39,
                    "Plan Rows": 363451,
                    "Plan Width": 4,
                    "Actual Startup Time": 257.443,
                    "Actual Total Time": 257.444,
                    "Actual Rows": 311426,
                    "Actual Loops": 2,
                    "Hash Buckets": 1048576,
                    "Original Hash Buckets": 1048576,
                    "Hash Batches": 1,
                    "Original Hash Batches": 1,
                    "Peak Memory Usage": 32608,
                    "Plans": [
                      {
                        "Node Type": "Seq Scan",
                        "Parent Relationship": "Outer",
                        "Parallel Aware": true,
                        "Relation Name": "title",
                        "Alias": "t",
                        "Startup Cost": 0.0,
                        "Total Cost": 54588.39,
                        "Plan Rows": 363451,
                        "Plan Width": 4,
                        "Actual Startup Time": 0.038,
                        "Actual Total Time": 154.32,
                        "Actual Rows": 311426,
                        "Actual Loops": 2,
                        "Filter": "(production_year < 1987)",
                        "Rows Removed by Filter": 952730
                      }
                    ]
                  }
                ]
              }
            ]
          }
        ]
      }
    ]
  },
  "Planning Time": 0.62,
  "Triggers": [],
  "Execution Time": 1351.578
}