{
  "Plan": {
    "Node Type": "Aggregate",
    "Strategy": "Plain",
    "Partial Mode": "Finalize",
    "Parallel Aware": false,
    "Startup Cost": 285578.19,
    "Total Cost": 285578.2,
    "Plan Rows": 1,
    "Plan Width": 8,
    "Actual Startup Time": 1254.29,
    "Actual Total Time": 1293.554,
    "Actual Rows": 1,
    "Actual Loops": 1,
    "Plans": [
      {
        "Node Type": "Gather",
        "Parent Relationship": "Outer",
        "Parallel Aware": false,
        "Startup Cost": 285578.08,
        "Total Cost": 285578.19,
        "Plan Rows": 1,
        "Plan Width": 8,
        "Actual Startup Time": 1254.168,
        "Actual Total Time": 1293.544,
        "Actual Rows": 2,
        "Actual Loops": 1,
        "Workers Planned": 1,
        "Workers Launched": 1,
        "Single Copy": false,
        "Plans": [
          {
            "Node Type": "Aggregate",
            "Strategy": "Plain",
            "Partial Mode": "Partial",
            "Parent Relationship": "Outer",
            "Parallel Aware": false,
            "Startup Cost": 284578.08,
            "Total Cost": 284578.09,
            "Plan Rows": 1,
            "Plan Width": 8,
            "Actual Startup Time": 1246.912,
            "Actual Total Time": 1246.916,
            "Actual Rows": 1,
            "Actual Loops": 2,
            "Plans": [
              {
                "Node Type": "Hash Join",
                "Parent Relationship": "Outer",
                "Parallel Aware": false,
                "Join Type": "Inner",
                "Startup Cost": 3008.13,
                "Total Cost": 284577.44,
                "Plan Rows": 255,
                "Plan Width": 0,
                "Actual Startup Time": 33.936,
                "Actual Total Time": 1246.813,
                "Actual Rows": 824,
                "Actual Loops": 2,
                "Inner Unique": false,
                "Hash Cond": "(mi.movie_id = t.id)",
                "Plans": [
                  {
                    "Node Type": "Seq Scan",
                    "Parent Relationship": "Outer",
                    "Parallel Aware": true,
                    "Relation Name": "movie_info",
                    "Alias": "mi",
                    "Startup Cost": 0.0,
                    "Total Cost": 248955.74,
                    "Plan Rows": 8696274,
                    "Plan Width": 4,
                    "Actual Startup Time": 0.03,
                    "Actual Total Time": 697.306,
                    "Actual Rows": 7417860,
                    "Actual Loops": 2
                  },
                  {
                    "Node Type": "Hash",
                    "Parent Relationship": "Inner",
                    "Parallel Aware": false,
                    "Startup Cost": 3007.2,
                    "Total Cost": 3007.2,
                    "Plan Rows": 74,
                    "Plan Width": 8,
                    "Actual Startup Time": 2.507,
                    "Actual Total Time": 2.509,
                    "Actual Rows": 19,
                    "Actual Loops": 2,
                    "Hash Buckets": 1024,
                    "Original Hash Buckets": 1024,
                    "Hash Batches": 1,
                    "Original Hash Batches": 1,
                    "Peak Memory Usage": 9,
                    "Plans": [
                      {
                        "Node Type": "Nested Loop",
                        "Parent Relationship": "Outer",
                        "Parallel Aware": false,
                        "Join Type": "Inner",
                        "Startup Cost": 6.78,
                        "Total Cost": 3007.2,
                        "Plan Rows": 74,
                        "Plan Width": 8,
                        "Actual Startup Time": 0.88,
                        "Actual Total Time": 2.475,
                        "Actual Rows": 19,
                        "Actual Loops": 2,
                        "Inner Unique": true,
                        "Plans": [
                          {
                            "Node Type": "Bitmap Heap Scan",
                            "Parent Relationship": "Outer",
                            "Parallel Aware": false,
                            "Relation Name": "movie_keyword",
                            "Alias": "mk",
                            "Startup Cost": 6.35,
                            "Total Cost": 922.98,
                            "Plan Rows": 248,
                            "Plan Width": 4,
                            "Actual Startup Time": 0.245,
                            "Actual Total Time": 0.844,
                            "Actual Rows": 25,
                            "Actual Loops": 2,
                            "Recheck Cond": "(keyword_id = 9651)",
                            "Rows Removed by Index Recheck": 0,
                            "Exact Heap Blocks": 25,
                            "Lossy Heap Blocks": 0,
                            "Plans": [
                              {
                                "Node Type": "Bitmap Index Scan",
                                "Parent Relationship": "Outer",
                                "Parallel Aware": false,
                                "Index Name": "keyword_id_movie_keyword",
                                "Startup Cost": 0.0,
                                "Total Cost": 6.29,
                                "Plan Rows": 248,
                                "Plan Width": 0,
                                "Actual Startup Time": 0.21,
                                "Actual Total Time": 0.21,
                                "Actual Rows": 25,
                                "Actual Loops": 2,
                                "Index Cond": "(keyword_id = 9651)"
                              }
                            ]
                          },
                          {
                            "Node Type": "Index Scan",
                            "Parent Relationship": "Inner",
                            "Parallel Aware": false,
                            "Scan Direction": "Forward",
                            "Index Name": "title_pkey",
                            "Relation Name": "title",
                            "Alias": "t",
                            "Startup Cost": 0.43,
                            "Total Cost": 8.4,
                            "Plan Rows": 1,
                            "Plan Width": 4,
                            "Actual Startup Time": 0.062,
                            "Actual Total Time": 0.062,
                            "Actual Rows": 1,
                            "Actual Loops": 50,
                            "Index Cond": "(id = mk.movie_id)",
                            "Rows Removed by Index Recheck": 0,
                            "Filter": "((kind_id < 7) AND (production_year < 2010))",
                            "Rows Removed by Filter": 0
                          }
                        ]
                      }
                    ]
                  }
                ]
              }
            ]
          }
        ]
      }
    ]
  },
  "Planning Time": 1.018,
  "Triggers": [],
  "Execution Time": 1293.667
}