[
  {
    "Plan": {
      "Node Type": "Aggregate",
      "Strategy": "Plain",
      "Partial Mode": "Finalize",
      "Parallel Aware": false,
      "Startup Cost": 350090.16,
      "Total Cost": 350090.17,
      "Plan Rows": 1,
      "Plan Width": 8,
      "Actual Startup Time": 780.906,
      "Actual Total Time": 843.347,
      "Actual Rows": 1,
      "Actual Loops": 1,
      "Plans": [
        {
          "Node Type": "Gather",
          "Parent Relationship": "Outer",
          "Parallel Aware": false,
          "Startup Cost": 350089.54,
          "Total Cost": 350090.15,
          "Plan Rows": 6,
          "Plan Width": 8,
          "Actual Startup Time": 780.796,
          "Actual Total Time": 843.338,
          "Actual Rows": 7,
          "Actual Loops": 1,
          "Workers Planned": 6,
          "Workers Launched": 6,
          "Single Copy": false,
          "Plans": [
            {
              "Node Type": "Aggregate",
              "Strategy": "Plain",
              "Partial Mode": "Partial",
              "Parent Relationship": "Outer",
              "Parallel Aware": false,
              "Startup Cost": 349089.54,
              "Total Cost": 349089.55,
              "Plan Rows": 1,
              "Plan Width": 8,
              "Actual Startup Time": 772.424,
              "Actual Total Time": 772.425,
              "Actual Rows": 1,
              "Actual Loops": 7,
              "Plans": [
                {
                  "Node Type": "Seq Scan",
                  "Parent Relationship": "Outer",
                  "Parallel Aware": true,
                  "Relation Name": "cast_info",
                  "Alias": "ci",
                  "Startup Cost": 0.0,
                  "Total Cost": 343257.03,
                  "Plan Rows": 2333004,
                  "Plan Width": 0,
                  "Actual Startup Time": 0.048,
                  "Actual Total Time": 657.845,
                  "Actual Rows": 2824415,
                  "Actual Loops": 7,
                  "Filter": "((person_id < 2653416) AND (role_id < 3))",
                  "Rows Removed by Filter": 2353348
                }
              ]
            }
          ]
        }
      ]
    },
    "Planning Time": 0.147,
    "Triggers": [],
    "Execution Time": 843.401
  }
]