{
  "Plan": {
    "Node Type": "Aggregate",
    "Strategy": "Plain",
    "Partial Mode": "Finalize",
    "Parallel Aware": false,
    "Startup Cost": 107278.47,
    "Total Cost": 107278.48,
    "Plan Rows": 1,
    "Plan Width": 8,
    "Actual Startup Time": 528.448,
    "Actual Total Time": 543.356,
    "Actual Rows": 1,
    "Actual Loops": 1,
    "Plans": [
      {
        "Node Type": "Gather",
        "Parent Relationship": "Outer",
        "Parallel Aware": false,
        "Startup Cost": 107278.36,
        "Total Cost": 107278.47,
        "Plan Rows": 1,
        "Plan Width": 8,
        "Actual Startup Time": 525.843,
        "Actual Total Time": 543.349,
        "Actual Rows": 2,
        "Actual Loops": 1,
        "Workers Planned": 1,
        "Workers Launched": 1,
        "Single Copy": false,
        "Plans": [
          {
            "Node Type": "Aggregate",
            "Strategy": "Plain",
            "Partial Mode": "Partial",
            "Parent Relationship": "Outer",
            "Parallel Aware": false,
            "Startup Cost": 106278.36,
            "Total Cost": 106278.37,
            "Plan Rows": 1,
            "Plan Width": 8,
            "Actual Startup Time": 517.568,
            "Actual Total Time": 517.572,
            "Actual Rows": 1,
            "Actual Loops": 2,
            "Plans": [
              {
                "Node Type": "Hash Join",
                "Parent Relationship": "Outer",
                "Parallel Aware": true,
                "Join Type": "Inner",
                "Startup Cost": 76792.36,
                "Total Cost": 105818.94,
                "Plan Rows": 183770,
                "Plan Width": 0,
                "Actual Startup Time": 396.498,
                "Actual Total Time": 515.796,
                "Actual Rows": 30818,
                "Actual Loops": 2,
                "Inner Unique": true,
                "Hash Cond": "(mk.movie_id = t.id)",
                "Plans": [
                  {
                    "Node Type": "Bitmap Heap Scan",
                    "Parent Relationship": "Outer",
                    "Parallel Aware": true,
                    "Relation Name": "movie_keyword",
                    "Alias": "mk",
                    "Startup Cost": 10903.49,
                    "Total Cost": 39136.48,
                    "Plan Rows": 302319,
                    "Plan Width": 4,
                    "Actual Startup Time": 32.797,
                    "Actual Total Time": 101.652,
                    "Actual Rows": 250483,
                    "Actual Loops": 2,
                    "Recheck Cond": "(keyword_id > 36069)",
                    "Rows Removed by Index Recheck": 0,
                    "Exact Heap Blocks": 11957,
                    "Lossy Heap Blocks": 0,
                    "Plans": [
                      {
                        "Node Type": "Bitmap Index Scan",
                        "Parent Relationship": "Outer",
                        "Parallel Aware": false,
                        "Index Name": "keyword_id_movie_keyword",
                        "Startup Cost": 0.0,
                        "Total Cost": 10775.01,
                        "Plan Rows": 513943,
                        "Plan Width": 0,
                        "Actual Startup Time": 29.402,
                        "Actual Total Time": 29.403,
                        "Actual Rows": 500966,
                        "Actual Loops": 1,
                        "Index Cond": "(keyword_id > 36069)"
                      }
                    ]
                  },
                  {
                    "Node Type": "Hash",
                    "Parent Relationship": "Inner",
                    "Parallel Aware": true,
                    "Startup Cost": 54588.39,
                    "Total Cost": 54588.39,
                    "Plan Rows": 904038,
                    "Plan Width": 4,
                    "Actual Startup Time": 349.496,
                    "Actual Total Time": 349.497,
                    "Actual Rows": 771632,
                    "Actual Loops": 2,
                    "Hash Buckets": 2097152,
                    "Original Hash Buckets": 2097152,
                    "Hash Batches": 1,
                    "Original Hash Batches": 1,
                    "Peak Memory Usage": 76800,
                    "Plans": [
                      {
                        "Node Type": "Seq Scan",
                        "Parent Relationship": "Outer",
                        "Parallel Aware": true,
                        "Relation Name": "title",
                        "Alias": "t",
                        "Startup Cost": 0.0,
                        "Total Cost": 54588.39,
                        "Plan Rows": 904038,
                        "Plan Width": 4,
                        "Actual Startup Time": 0.029,
                        "Actual Total Time": 151.879,
                        "Actual Rows": 771632,
                        "Actual Loops": 2,
                        "Filter": "(kind_id = 7)",
                        "Rows Removed by Filter": 492524
                      }
                    ]
                  }
                ]
              }
            ]
          }
        ]
      }
    ]
  },
  "Planning Time": 0.952,
  "Triggers": [],
  "Execution Time": 543.542
}