[
  {
    "Plan": {
      "Node Type": "Aggregate",
      "Strategy": "Plain",
      "Partial Mode": "Finalize",
      "Parallel Aware": false,
      "Startup Cost": 129282.31,
      "Total Cost": 129282.32,
      "Plan Rows": 1,
      "Plan Width": 8,
      "Actual Startup Time": 833.315,
      "Actual Total Time": 852.663,
      "Actual Rows": 1,
      "Actual Loops": 1,
      "Plans": [
        {
          "Node Type": "Gather",
          "Parent Relationship": "Outer",
          "Parallel Aware": false,
          "Startup Cost": 129281.99,
          "Total Cost": 129282.3,
          "Plan Rows": 3,
          "Plan Width": 8,
          "Actual Startup Time": 826.011,
          "Actual Total Time": 852.654,
          "Actual Rows": 4,
          "Actual Loops": 1,
          "Workers Planned": 3,
          "Workers Launched": 3,
          "Single Copy": false,
          "Plans": [
            {
              "Node Type": "Aggregate",
              "Strategy": "Plain",
              "Partial Mode": "Partial",
              "Parent Relationship": "Outer",
              "Parallel Aware": false,
              "Startup Cost": 128281.99,
              "Total Cost": 128282.0,
              "Plan Rows": 1,
              "Plan Width": 8,
              "Actual Startup Time": 816.532,
              "Actual Total Time": 817.101,
              "Actual Rows": 1,
              "Actual Loops": 4,
              "Plans": [
                {
                  "Node Type": "Hash Join",
                  "Parent Relationship": "Outer",
                  "Parallel Aware": true,
                  "Join Type": "Inner",
                  "Startup Cost": 82329.5,
                  "Total Cost": 127565.65,
                  "Plan Rows": 286535,
                  "Plan Width": 0,
                  "Actual Startup Time": 482.297,
                  "Actual Total Time": 768.0,
                  "Actual Rows": 1271360,
                  "Actual Loops": 4,
                  "Inner Unique": false,
                  "Hash Cond": "(mk.movie_id = t.id)",
                  "Plans": [
                    {
                      "Node Type": "Seq Scan",
                      "Parent Relationship": "Outer",
                      "Parallel Aware": true,
                      "Relation Name": "movie_keyword",
                      "Alias": "mk",
                      "Startup Cost": 0.0,
                      "Total Cost": 39047.32,
                      "Plan Rows": 1459332,
                      "Plan Width": 4,
                      "Actual Startup Time": 0.029,
                      "Actual Total Time": 87.95,
                      "Actual Rows": 1130982,
                      "Actual Loops": 4
                    },
                    {
                      "Node Type": "Hash",
                      "Parent Relationship": "Inner",
                      "Parallel Aware": true,
                      "Startup Cost": 80778.19,
                      "Total Cost": 80778.19,
                      "Plan Rows": 124105,
                      "Plan Width": 8,
                      "Actual Startup Time": 478.629,
                      "Actual Total Time": 479.196,
                      "Actual Rows": 176924,
                      "Actual Loops": 4,
                      "Hash Buckets": 1048576,
                      "Original Hash Buckets": 524288,
                      "Hash Batches": 1,
                      "Original Hash Batches": 1,
                      "Peak Memory Usage": 40064,
                      "Plans": [
                        {
                          "Node Type": "Hash Join",
                          "Parent Relationship": "Outer",
                          "Parallel Aware": true,
                          "Join Type": "Inner",
                          "Startup Cost": 34238.81,
                          "Total Cost": 80778.19,
                          "Plan Rows": 124105,
                          "Plan Width": 8,
                          "Actual Startup Time": 168.197,
                          "Actual Total Time": 416.286,
                          "Actual Rows": 176924,
                          "Actual Loops": 4,
                          "Inner Unique": false,
                          "Hash Cond": "(t.id = mc.movie_id)",
                          "Plans": [
                            {
                              "Node Type": "Seq Scan",
                              "Parent Relationship": "Outer",
                              "Parallel Aware": true,
                              "Relation Name": "title",
                              "Alias": "t",
                              "Startup Cost": 0.0,
                              "Total Cost": 43898.92,
                              "Plan Rows": 448026,
                              "Plan Width": 4,
                              "Actual Startup Time": 0.012,
                              "Actual Total Time": 95.832,
                              "Actual Rows": 448538,
                              "Actual Loops": 4,
                              "Filter": "(production_year < 2009)",
                              "Rows Removed by Filter": 183540
                            },
                            {
                              "Node Type": "Hash",
                              "Parent Relationship": "Inner",
                              "Parallel Aware": true,
                              "Startup Cost": 31414.82,
                              "Total Cost": 31414.82,
                              "Plan Rows": 225919,
                              "Plan Width": 4,
                              "Actual Startup Time": 164.893,
                              "Actual Total Time": 164.894,
                              "Actual Rows": 233897,
                              "Actual Loops": 4,
                              "Hash Buckets": 1048576,
                              "Original Hash Buckets": 1048576,
                              "Hash Batches": 1,
                              "Original Hash Batches": 1,
                              "Peak Memory Usage": 44832,
                              "Plans": [
                                {
                                  "Node Type": "Seq Scan",
                                  "Parent Relationship": "Outer",
                                  "Parallel Aware": true,
                                  "Relation Name": "movie_companies",
                                  "Alias": "mc",
                                  "Startup Cost": 0.0,
                                  "Total Cost": 31414.82,
                                  "Plan Rows": 225919,
                                  "Plan Width": 4,
                                  "Actual Startup Time": 50.283,
                                  "Actual Total Time": 89.794,
                                  "Actual Rows": 233897,
                                  "Actual Loops": 4,
                                  "Filter": "((company_id > 11137) AND (company_type_id = 2))",
                                  "Rows Removed by Filter": 418386
                                }
                              ]
                            }
                          ]
                        }
                      ]
                    }
                  ]
                }
              ]
            }
          ]
        }
      ]
    },
    "Planning Time": 1.36,
    "Triggers": [],
    "Execution Time": 852.741
  }
]