{
  "Plan": {
    "Node Type": "Aggregate",
    "Strategy": "Plain",
    "Partial Mode": "Finalize",
    "Parallel Aware": false,
    "Startup Cost": 118156.55,
    "Total Cost": 118156.56,
    "Plan Rows": 1,
    "Plan Width": 8,
    "Actual Startup Time": 806.536,
    "Actual Total Time": 827.855,
    "Actual Rows": 1,
    "Actual Loops": 1,
    "Plans": [
      {
        "Node Type": "Gather",
        "Parent Relationship": "Outer",
        "Parallel Aware": false,
        "Startup Cost": 118156.44,
        "Total Cost": 118156.55,
        "Plan Rows": 1,
        "Plan Width": 8,
        "Actual Startup Time": 802.234,
        "Actual Total Time": 827.848,
        "Actual Rows": 2,
        "Actual Loops": 1,
        "Workers Planned": 1,
        "Workers Launched": 1,
        "Single Copy": false,
        "Plans": [
          {
            "Node Type": "Aggregate",
            "Strategy": "Plain",
            "Partial Mode": "Partial",
            "Parent Relationship": "Outer",
            "Parallel Aware": false,
            "Startup Cost": 117156.44,
            "Total Cost": 117156.45,
            "Plan Rows": 1,
            "Plan Width": 8,
            "Actual Startup Time": 788.237,
            "Actual Total Time": 788.243,
            "Actual Rows": 1,
            "Actual Loops": 2,
            "Plans": [
              {
                "Node Type": "Hash Join",
                "Parent Relationship": "Outer",
                "Parallel Aware": true,
                "Join Type": "Inner",
                "Startup Cost": 97960.27,
                "Total Cost": 117127.51,
                "Plan Rows": 11571,
                "Plan Width": 0,
                "Actual Startup Time": 696.518,
                "Actual Total Time": 786.459,
                "Actual Rows": 43170,
                "Actual Loops": 2,
                "Inner Unique": false,
                "Hash Cond": "(mi_idx.movie_id = t.id)",
                "Plans": [
                  {
                    "Node Type": "Seq Scan",
                    "Parent Relationship": "Outer",
                    "Parallel Aware": true,
                    "Relation Name": "movie_info_idx",
                    "Alias": "mi_idx",
                    "Startup Cost": 0.0,
                    "Total Cost": 18082.32,
                    "Plan Rows": 271164,
                    "Plan Width": 4,
                    "Actual Startup Time": 0.027,
                    "Actual Total Time": 52.768,
                    "Actual Rows": 230092,
                    "Actual Loops": 2,
                    "Filter": "(info_type_id > 100)",
                    "Rows Removed by Filter": 459925
                  },
                  {
                    "Node Type": "Hash",
                    "Parent Relationship": "Inner",
                    "Parallel Aware": true,
                    "Startup Cost": 97167.03,
                    "Total Cost": 97167.03,
                    "Plan Rows": 63459,
                    "Plan Width": 8,
                    "Actual Startup Time": 693.923,
                    "Actual Total Time": 693.928,
                    "Actual Rows": 60960,
                    "Actual Loops": 2,
                    "Hash Buckets": 131072,
                    "Original Hash Buckets": 131072,
                    "Hash Batches": 1,
                    "Original Hash Batches": 1,
                    "Peak Memory Usage": 5824,
                    "Plans": [
                      {
                        "Node Type": "Hash Join",
                        "Parent Relationship": "Outer",
                        "Parallel Aware": true,
                        "Join Type": "Inner",
                        "Startup Cost": 71753.21,
                        "Total Cost": 97167.03,
                        "Plan Rows": 63459,
                        "Plan Width": 8,
                        "Actual Startup Time": 597.025,
                        "Actual Total Time": 678.328,
                        "Actual Rows": 60960,
                        "Actual Loops": 2,
                        "Inner Unique": true,
                        "Hash Cond": "(mk.movie_id = t.id)",
                        "Plans": [
                          {
                            "Node Type": "Bitmap Heap Scan",
                            "Parent Relationship": "Outer",
                            "Parallel Aware": true,
                            "Relation Name": "movie_keyword",
                            "Alias": "mk",
                            "Startup Cost": 2292.51,
                            "Total Cost": 27539.75,
                            "Plan Rows": 63459,
                            "Plan Width": 4,
                            "Actual Startup Time": 10.743,
                            "Actual Total Time": 59.943,
                            "Actual Rows": 60960,
                            "Actual Loops": 2,
                            "Recheck Cond": "(keyword_id < 117)",
                            "Rows Removed by Index Recheck": 0,
                            "Exact Heap Blocks": 13358,
                            "Lossy Heap Blocks": 0,
                            "Plans": [
                              {
                                "Node Type": "Bitmap Index Scan",
                                "Parent Relationship": "Outer",
                                "Parallel Aware": false,
                                "Index Name": "keyword_id_movie_keyword",
                                "Startup Cost": 0.0,
                                "Total Cost": 2265.54,
                                "Plan Rows": 107881,
                                "Plan Width": 0,
                                "Actual Startup Time": 7.301,
                                "Actual Total Time": 7.301,
                                "Actual Rows": 121921,
                                "Actual Loops": 1,
                                "Index Cond": "(keyword_id < 117)"
                              }
                            ]
                          },
                          {
                            "Node Type": "Hash",
                            "Parent Relationship": "Inner",
                            "Parallel Aware": true,
                            "Startup Cost": 50870.31,
                            "Total Cost": 50870.31,
                            "Plan Rows": 1487231,
                            "Plan Width": 4,
                            "Actual Startup Time": 566.123,
                            "Actual Total Time": 566.124,
                            "Actual Rows": 1264156,
                            "Actual Loops": 2,
                            "Hash Buckets": 4194304,
                            "Original Hash Buckets": 4194304,
                            "Hash Batches": 1,
                            "Original Hash Batches": 1,
                            "Peak Memory Usage": 131712,
                            "Plans": [
                              {
                                "Node Type": "Seq Scan",
                                "Parent Relationship": "Outer",
                                "Parallel Aware": true,
                                "Relation Name": "title",
                                "Alias": "t",
                                "Startup Cost": 0.0,
                                "Total Cost": 50870.31,
                                "Plan Rows": 1487231,
                                "Plan Width": 4,
                                "Actual Startup Time": 0.033,
                                "Actual Total Time": 163.994,
                                "Actual Rows": 1264156,
                                "Actual Loops": 2
                              }
                            ]
                          }
                        ]
                      }
                    ]
                  }
                ]
              }
            ]
          }
        ]
      }
    ]
  },
  "Planning Time": 0.981,
  "Triggers": [],
  "Execution Time": 827.963
}