[
  {
    "Plan": {
      "Node Type": "Aggregate",
      "Strategy": "Plain",
      "Partial Mode": "Finalize",
      "Parallel Aware": false,
      "Startup Cost": 258900.17,
      "Total Cost": 258900.18,
      "Plan Rows": 1,
      "Plan Width": 8,
      "Actual Startup Time": 303.823,
      "Actual Total Time": 321.585,
      "Actual Rows": 1,
      "Actual Loops": 1,
      "Plans": [
        {
          "Node Type": "Gather",
          "Parent Relationship": "Outer",
          "Parallel Aware": false,
          "Startup Cost": 258899.55,
          "Total Cost": 258900.16,
          "Plan Rows": 6,
          "Plan Width": 8,
          "Actual Startup Time": 303.694,
          "Actual Total Time": 321.573,
          "Actual Rows": 7,
          "Actual Loops": 1,
          "Workers Planned": 6,
          "Workers Launched": 6,
          "Single Copy": false,
          "Plans": [
            {
              "Node Type": "Aggregate",
              "Strategy": "Plain",
              "Partial Mode": "Partial",
              "Parent Relationship": "Outer",
              "Parallel Aware": false,
              "Startup Cost": 257899.55,
              "Total Cost": 257899.56,
              "Plan Rows": 1,
              "Plan Width": 8,
              "Actual Startup Time": 292.981,
              "Actual Total Time": 292.982,
              "Actual Rows": 1,
              "Actual Loops": 7,
              "Plans": [
                {
                  "Node Type": "Index Scan",
                  "Parent Relationship": "Outer",
                  "Parallel Aware": true,
                  "Scan Direction": "Forward",
                  "Index Name": "role_id_cast_info",
                  "Relation Name": "cast_info",
                  "Alias": "ci",
                  "Startup Cost": 0.56,
                  "Total Cost": 255086.64,
                  "Plan Rows": 1125163,
                  "Plan Width": 0,
                  "Actual Startup Time": 0.264,
                  "Actual Total Time": 273.352,
                  "Actual Rows": 406667,
                  "Actual Loops": 7,
                  "Index Cond": "(role_id > 4)",
                  "Rows Removed by Index Recheck": 0,
                  "Filter": "(person_id < 2676634)",
                  "Rows Removed by Filter": 934004
                }
              ]
            }
          ]
        }
      ]
    },
    "Planning Time": 0.168,
    "Triggers": [],
    "Execution Time": 321.637
  }
]