[
  {
    "Plan": {
      "Node Type": "Aggregate",
      "Strategy": "Plain",
      "Partial Mode": "Finalize",
      "Parallel Aware": false,
      "Startup Cost": 591107.12,
      "Total Cost": 591107.13,
      "Plan Rows": 1,
      "Plan Width": 8,
      "Actual Startup Time": 1905.815,
      "Actual Total Time": 1998.354,
      "Actual Rows": 1,
      "Actual Loops": 1,
      "Plans": [
        {
          "Node Type": "Gather",
          "Parent Relationship": "Outer",
          "Parallel Aware": false,
          "Startup Cost": 591106.6,
          "Total Cost": 591107.11,
          "Plan Rows": 5,
          "Plan Width": 8,
          "Actual Startup Time": 1887.035,
          "Actual Total Time": 1998.34,
          "Actual Rows": 6,
          "Actual Loops": 1,
          "Workers Planned": 5,
          "Workers Launched": 5,
          "Single Copy": false,
          "Plans": [
            {
              "Node Type": "Aggregate",
              "Strategy": "Plain",
              "Partial Mode": "Partial",
              "Parent Relationship": "Outer",
              "Parallel Aware": false,
              "Startup Cost": 590106.6,
              "Total Cost": 590106.61,
              "Plan Rows": 1,
              "Plan Width": 8,
              "Actual Startup Time": 1874.049,
              "Actual Total Time": 1874.286,
              "Actual Rows": 1,
              "Actual Loops": 6,
              "Plans": [
                {
                  "Node Type": "Hash Join",
                  "Parent Relationship": "Outer",
                  "Parallel Aware": true,
                  "Join Type": "Inner",
                  "Startup Cost": 381532.9,
                  "Total Cost": 587759.34,
                  "Plan Rows": 938901,
                  "Plan Width": 0,
                  "Actual Startup Time": 1147.075,
                  "Actual Total Time": 1837.588,
                  "Actual Rows": 807671,
                  "Actual Loops": 6,
                  "Inner Unique": false,
                  "Hash Cond": "(mi.movie_id = t.id)",
                  "Plans": [
                    {
                      "Node Type": "Seq Scan",
                      "Parent Relationship": "Outer",
                      "Parallel Aware": true,
                      "Relation Name": "movie_info",
                      "Alias": "mi",
                      "Startup Cost": 0.0,
                      "Total Cost": 198952.16,
                      "Plan Rows": 1522520,
                      "Plan Width": 4,
                      "Actual Startup Time": 17.305,
                      "Actual Total Time": 345.062,
                      "Actual Rows": 1258142,
                      "Actual Loops": 6,
                      "Filter": "(info_type_id > 7)",
                      "Rows Removed by Filter": 1214478
                    },
                    {
                      "Node Type": "Hash",
                      "Parent Relationship": "Inner",
                      "Parallel Aware": true,
                      "Startup Cost": 378284.7,
                      "Total Cost": 378284.7,
                      "Plan Rows": 259856,
                      "Plan Width": 8,
                      "Actual Startup Time": 1124.474,
                      "Actual Total Time": 1124.709,
                      "Actual Rows": 267420,
                      "Actual Loops": 6,
                      "Hash Buckets": 2097152,
                      "Original Hash Buckets": 2097152,
                      "Hash Batches": 1,
                      "Original Hash Batches": 1,
                      "Peak Memory Usage": 79168,
                      "Plans": [
                        {
                          "Node Type": "Hash Join",
                          "Parent Relationship": "Outer",
                          "Parallel Aware": true,
                          "Join Type": "Inner",
                          "Startup Cost": 47837.25,
                          "Total Cost": 378284.7,
                          "Plan Rows": 259856,
                          "Plan Width": 8,
                          "Actual Startup Time": 147.182,
                          "Actual Total Time": 1012.998,
                          "Actual Rows": 267420,
                          "Actual Loops": 6,
                          "Inner Unique": true,
                          "Hash Cond": "(ci.movie_id = t.id)",
                          "Plans": [
                            {
                              "Node Type": "Seq Scan",
                              "Parent Relationship": "Outer",
                              "Parallel Aware": true,
                              "Relation Name": "cast_info",
                              "Alias": "ci",
                              "Startup Cost": 0.0,
                              "Total Cost": 328162.03,
                              "Plan Rows": 870639,
                              "Plan Width": 4,
                              "Actual Startup Time": 0.034,
                              "Actual Total Time": 613.135,
                              "Actual Rows": 900006,
                              "Actual Loops": 6,
                              "Filter": "(person_id < 520942)",
                              "Rows Removed by Filter": 5140718
                            },
                            {
                              "Node Type": "Hash",
                              "Parent Relationship": "Inner",
                              "Parallel Aware": true,
                              "Startup Cost": 45479.1,
                              "Total Cost": 45479.1,
                              "Plan Rows": 188652,
                              "Plan Width": 4,
                              "Actual Startup Time": 145.634,
                              "Actual Total Time": 145.636,
                              "Actual Rows": 132773,
                              "Actual Loops": 6,
                              "Hash Buckets": 1048576,
                              "Original Hash Buckets": 1048576,
                              "Hash Batches": 1,
                              "Original Hash Batches": 1,
                              "Peak Memory Usage": 39424,
                              "Plans": [
                                {
                                  "Node Type": "Seq Scan",
                                  "Parent Relationship": "Outer",
                                  "Parallel Aware": true,
                                  "Relation Name": "title",
                                  "Alias": "t",
                                  "Startup Cost": 0.0,
                                  "Total Cost": 45479.1,
                                  "Plan Rows": 188652,
                                  "Plan Width": 4,
                                  "Actual Startup Time": 0.043,
                                  "Actual Total Time": 87.381,
                                  "Actual Rows": 132773,
                                  "Actual Loops": 6,
                                  "Filter": "((kind_id > 1) AND (production_year > 2005))",
                                  "Rows Removed by Filter": 288612
                                }
                              ]
                            }
                          ]
                        }
                      ]
                    }
                  ]
                }
              ]
            }
          ]
        }
      ]
    },
    "Planning Time": 1.302,
    "Triggers": [],
    "Execution Time": 1998.458
  }
]