[
  {
    "Plan": {
      "Node Type": "Aggregate",
      "Strategy": "Plain",
      "Partial Mode": "Simple",
      "Parallel Aware": false,
      "Startup Cost": 3188.02,
      "Total Cost": 3188.03,
      "Plan Rows": 1,
      "Plan Width": 8,
      "Actual Startup Time": 8.078,
      "Actual Total Time": 8.08,
      "Actual Rows": 1,
      "Actual Loops": 1,
      "Plans": [
        {
          "Node Type": "Nested Loop",
          "Parent Relationship": "Outer",
          "Parallel Aware": false,
          "Join Type": "Inner",
          "Startup Cost": 7.19,
          "Total Cost": 3186.62,
          "Plan Rows": 561,
          "Plan Width": 0,
          "Actual Startup Time": 0.106,
          "Actual Total Time": 7.564,
          "Actual Rows": 4770,
          "Actual Loops": 1,
          "Inner Unique": false,
          "Plans": [
            {
              "Node Type": "Nested Loop",
              "Parent Relationship": "Outer",
              "Parallel Aware": false,
              "Join Type": "Inner",
              "Startup Cost": 6.75,
              "Total Cost": 2958.5,
              "Plan Rows": 96,
              "Plan Width": 8,
              "Actual Startup Time": 0.091,
              "Actual Total Time": 1.779,
              "Actual Rows": 143,
              "Actual Loops": 1,
              "Inner Unique": true,
              "Plans": [
                {
                  "Node Type": "Bitmap Heap Scan",
                  "Parent Relationship": "Outer",
                  "Parallel Aware": false,
                  "Relation Name": "movie_keyword",
                  "Alias": "mk",
                  "Startup Cost": 6.32,
                  "Total Cost": 908.7,
                  "Plan Rows": 244,
                  "Plan Width": 4,
                  "Actual Startup Time": 0.072,
                  "Actual Total Time": 0.414,
                  "Actual Rows": 222,
                  "Actual Loops": 1,
                  "Recheck Cond": "(keyword_id = 30620)",
                  "Rows Removed by Index Recheck": 0,
                  "Exact Heap Blocks": 151,
                  "Lossy Heap Blocks": 0,
                  "Plans": [
                    {
                      "Node Type": "Bitmap Index Scan",
                      "Parent Relationship": "Outer",
                      "Parallel Aware": false,
                      "Index Name": "keyword_id_movie_keyword",
                      "Startup Cost": 0.0,
                      "Total Cost": 6.26,
                      "Plan Rows": 244,
                      "Plan Width": 0,
                      "Actual Startup Time": 0.034,
                      "Actual Total Time": 0.034,
                      "Actual Rows": 222,
                      "Actual Loops": 1,
                      "Index Cond": "(keyword_id = 30620)"
                    }
                  ]
                },
                {
                  "Node Type": "Index Scan",
                  "Parent Relationship": "Inner",
                  "Parallel Aware": false,
                  "Scan Direction": "Forward",
                  "Index Name": "title_pkey",
                  "Relation Name": "title",
                  "Alias": "t",
                  "Startup Cost": 0.43,
                  "Total Cost": 8.4,
                  "Plan Rows": 1,
                  "Plan Width": 4,
                  "Actual Startup Time": 0.006,
                  "Actual Total Time": 0.006,
                  "Actual Rows": 1,
                  "Actual Loops": 222,
                  "Index Cond": "(id = mk.movie_id)",
                  "Rows Removed by Index Recheck": 0,
                  "Filter": "(kind_id < 7)",
                  "Rows Removed by Filter": 0
                }
              ]
            },
            {
              "Node Type": "Index Only Scan",
              "Parent Relationship": "Inner",
              "Parallel Aware": false,
              "Scan Direction": "Forward",
              "Index Name": "movie_id_movie_info",
              "Relation Name": "movie_info",
              "Alias": "mi",
              "Startup Cost": 0.43,
              "Total Cost": 1.99,
              "Plan Rows": 39,
              "Plan Width": 4,
              "Actual Startup Time": 0.01,
              "Actual Total Time": 0.035,
              "Actual Rows": 33,
              "Actual Loops": 143,
              "Index Cond": "(movie_id = t.id)",
              "Rows Removed by Index Recheck": 0,
              "Heap Fetches": 4770
            }
          ]
        }
      ]
    },
    "Planning Time": 0.867,
    "Triggers": [],
    "Execution Time": 8.133
  }
]