[
  {
    "Plan": {
      "Node Type": "Aggregate",
      "Strategy": "Plain",
      "Partial Mode": "Finalize",
      "Parallel Aware": false,
      "Startup Cost": 98629.09,
      "Total Cost": 98629.1,
      "Plan Rows": 1,
      "Plan Width": 8,
      "Actual Startup Time": 606.226,
      "Actual Total Time": 624.876,
      "Actual Rows": 1,
      "Actual Loops": 1,
      "Plans": [
        {
          "Node Type": "Gather",
          "Parent Relationship": "Outer",
          "Parallel Aware": false,
          "Startup Cost": 98628.88,
          "Total Cost": 98629.09,
          "Plan Rows": 2,
          "Plan Width": 8,
          "Actual Startup Time": 602.248,
          "Actual Total Time": 624.867,
          "Actual Rows": 3,
          "Actual Loops": 1,
          "Workers Planned": 2,
          "Workers Launched": 2,
          "Single Copy": false,
          "Plans": [
            {
              "Node Type": "Aggregate",
              "Strategy": "Plain",
              "Partial Mode": "Partial",
              "Parent Relationship": "Outer",
              "Parallel Aware": false,
              "Startup Cost": 97628.88,
              "Total Cost": 97628.89,
              "Plan Rows": 1,
              "Plan Width": 8,
              "Actual Startup Time": 594.269,
              "Actual Total Time": 594.355,
              "Actual Rows": 1,
              "Actual Loops": 3,
              "Plans": [
                {
                  "Node Type": "Hash Join",
                  "Parent Relationship": "Outer",
                  "Parallel Aware": true,
                  "Join Type": "Inner",
                  "Startup Cost": 81175.98,
                  "Total Cost": 97323.15,
                  "Plan Rows": 122290,
                  "Plan Width": 0,
                  "Actual Startup Time": 474.922,
                  "Actual Total Time": 587.518,
                  "Actual Rows": 146248,
                  "Actual Loops": 3,
                  "Inner Unique": false,
                  "Hash Cond": "(mi_idx.movie_id = t.id)",
                  "Plans": [
                    {
                      "Node Type": "Seq Scan",
                      "Parent Relationship": "Outer",
                      "Parallel Aware": true,
                      "Relation Name": "movie_info_idx",
                      "Alias": "mi_idx",
                      "Startup Cost": 0.0,
                      "Total Cost": 13685.15,
                      "Plan Rows": 575015,
                      "Plan Width": 4,
                      "Actual Startup Time": 0.033,
                      "Actual Total Time": 40.205,
                      "Actual Rows": 460012,
                      "Actual Loops": 3
                    },
                    {
                      "Node Type": "Hash",
                      "Parent Relationship": "Inner",
                      "Parallel Aware": true,
                      "Startup Cost": 79495.68,
                      "Total Cost": 79495.68,
                      "Plan Rows": 134424,
                      "Plan Width": 8,
                      "Actual Startup Time": 468.474,
                      "Actual Total Time": 468.559,
                      "Actual Rows": 109650,
                      "Actual Loops": 3,
                      "Hash Buckets": 1048576,
                      "Original Hash Buckets": 1048576,
                      "Hash Batches": 1,
                      "Original Hash Batches": 1,
                      "Peak Memory Usage": 21120,
                      "Plans": [
                        {
                          "Node Type": "Hash Join",
                          "Parent Relationship": "Outer",
                          "Parallel Aware": true,
                          "Join Type": "Inner",
                          "Startup Cost": 33582.96,
                          "Total Cost": 79495.68,
                          "Plan Rows": 134424,
                          "Plan Width": 8,
                          "Actual Startup Time": 146.694,
                          "Actual Total Time": 424.665,
                          "Actual Rows": 109650,
                          "Actual Loops": 3,
                          "Inner Unique": false,
                          "Hash Cond": "(t.id = mc.movie_id)",
                          "Plans": [
                            {
                              "Node Type": "Seq Scan",
                              "Parent Relationship": "Outer",
                              "Parallel Aware": true,
                              "Relation Name": "title",
                              "Alias": "t",
                              "Startup Cost": 0.0,
                              "Total Cost": 42318.73,
                              "Plan Rows": 632073,
                              "Plan Width": 4,
                              "Actual Startup Time": 0.011,
                              "Actual Total Time": 103.176,
                              "Actual Rows": 842771,
                              "Actual Loops": 3
                            },
                            {
                              "Node Type": "Hash",
                              "Parent Relationship": "Inner",
                              "Parallel Aware": true,
                              "Startup Cost": 31414.82,
                              "Total Cost": 31414.82,
                              "Plan Rows": 173451,
                              "Plan Width": 4,
                              "Actual Startup Time": 143.312,
                              "Actual Total Time": 143.313,
                              "Actual Rows": 109650,
                              "Actual Loops": 3,
                              "Hash Buckets": 1048576,
                              "Original Hash Buckets": 1048576,
                              "Hash Batches": 1,
                              "Original Hash Batches": 1,
                              "Peak Memory Usage": 21088,
                              "Plans": [
                                {
                                  "Node Type": "Seq Scan",
                                  "Parent Relationship": "Outer",
                                  "Parallel Aware": true,
                                  "Relation Name": "movie_companies",
                                  "Alias": "mc",
                                  "Startup Cost": 0.0,
                                  "Total Cost": 31414.82,
                                  "Plan Rows": 173451,
                                  "Plan Width": 4,
                                  "Actual Startup Time": 58.786,
                                  "Actual Total Time": 103.787,
                                  "Actual Rows": 109650,
                                  "Actual Loops": 3,
                                  "Filter": "((company_id < 6274) AND (company_type_id > 1))",
                                  "Rows Removed by Filter": 760060
                                }
                              ]
                            }
                          ]
                        }
                      ]
                    }
                  ]
                }
              ]
            }
          ]
        }
      ]
    },
    "Planning Time": 1.403,
    "Triggers": [],
    "Execution Time": 624.959
  }
]