{
  "Plan": {
    "Node Type": "Aggregate",
    "Strategy": "Plain",
    "Partial Mode": "Finalize",
    "Parallel Aware": false,
    "Startup Cost": 80189.44,
    "Total Cost": 80189.45,
    "Plan Rows": 1,
    "Plan Width": 8,
    "Actual Startup Time": 186.087,
    "Actual Total Time": 191.237,
    "Actual Rows": 1,
    "Actual Loops": 1,
    "Plans": [
      {
        "Node Type": "Gather",
        "Parent Relationship": "Outer",
        "Parallel Aware": false,
        "Startup Cost": 80189.33,
        "Total Cost": 80189.44,
        "Plan Rows": 1,
        "Plan Width": 8,
        "Actual Startup Time": 185.603,
        "Actual Total Time": 191.231,
        "Actual Rows": 2,
        "Actual Loops": 1,
        "Workers Planned": 1,
        "Workers Launched": 1,
        "Single Copy": false,
        "Plans": [
          {
            "Node Type": "Aggregate",
            "Strategy": "Plain",
            "Partial Mode": "Partial",
            "Parent Relationship": "Outer",
            "Parallel Aware": false,
            "Startup Cost": 79189.33,
            "Total Cost": 79189.34,
            "Plan Rows": 1,
            "Plan Width": 8,
            "Actual Startup Time": 179.372,
            "Actual Total Time": 179.377,
            "Actual Rows": 1,
            "Actual Loops": 2,
            "Plans": [
              {
                "Node Type": "Hash Join",
                "Parent Relationship": "Outer",
                "Parallel Aware": true,
                "Join Type": "Inner",
                "Startup Cost": 36368.41,
                "Total Cost": 79176.88,
                "Plan Rows": 4981,
                "Plan Width": 0,
                "Actual Startup Time": 100.758,
                "Actual Total Time": 178.098,
                "Actual Rows": 26788,
                "Actual Loops": 2,
                "Inner Unique": false,
                "Hash Cond": "(t.id = mc.movie_id)",
                "Plans": [
                  {
                    "Node Type": "Bitmap Heap Scan",
                    "Parent Relationship": "Outer",
                    "Parallel Aware": true,
                    "Relation Name": "title",
                    "Alias": "t",
                    "Startup Cost": 11886.02,
                    "Total Cost": 53736.27,
                    "Plan Rows": 148625,
                    "Plan Width": 4,
                    "Actual Startup Time": 21.927,
                    "Actual Total Time": 76.005,
                    "Actual Rows": 183309,
                    "Actual Loops": 2,
                    "Recheck Cond": "(kind_id < 2)",
                    "Rows Removed by Index Recheck": 0,
                    "Filter": "(production_year < 1999)",
                    "Rows Removed by Filter": 148104,
                    "Exact Heap Blocks": 7373,
                    "Lossy Heap Blocks": 0,
                    "Plans": [
                      {
                        "Node Type": "Bitmap Index Scan",
                        "Parent Relationship": "Outer",
                        "Parallel Aware": false,
                        "Index Name": "kind_id_title",
                        "Startup Cost": 0.0,
                        "Total Cost": 11822.85,
                        "Plan Rows": 663256,
                        "Plan Width": 0,
                        "Actual Startup Time": 20.058,
                        "Actual Total Time": 20.059,
                        "Actual Rows": 662825,
                        "Actual Loops": 1,
                        "Index Cond": "(kind_id < 2)"
                      }
                    ]
                  },
                  {
                    "Node Type": "Hash",
                    "Parent Relationship": "Inner",
                    "Parallel Aware": true,
                    "Startup Cost": 23859.44,
                    "Total Cost": 23859.44,
                    "Plan Rows": 49837,
                    "Plan Width": 4,
                    "Actual Startup Time": 69.085,
                    "Actual Total Time": 69.086,
                    "Actual Rows": 81362,
                    "Actual Loops": 2,
                    "Hash Buckets": 262144,
                    "Original Hash Buckets": 131072,
                    "Hash Batches": 1,
                    "Original Hash Batches": 1,
                    "Peak Memory Usage": 9472,
                    "Plans": [
                      {
                        "Node Type": "Bitmap Heap Scan",
                        "Parent Relationship": "Outer",
                        "Parallel Aware": true,
                        "Relation Name": "movie_companies",
                        "Alias": "mc",
                        "Startup Cost": 3597.1,
                        "Total Cost": 23859.44,
                        "Plan Rows": 49837,
                        "Plan Width": 4,
                        "Actual Startup Time": 18.756,
                        "Actual Total Time": 47.935,
                        "Actual Rows": 81362,
                        "Actual Loops": 2,
                        "Recheck Cond": "(company_id > 126671)",
                        "Rows Removed by Index Recheck": 0,
                        "Filter": "(company_type_id = 2)",
                        "Rows Removed by Filter": 0,
                        "Exact Heap Blocks": 2943,
                        "Lossy Heap Blocks": 0,
                        "Plans": [
                          {
                            "Node Type": "Bitmap Index Scan",
                            "Parent Relationship": "Outer",
                            "Parallel Aware": false,
                            "Index Name": "company_id_movie_companies",
                            "Startup Cost": 0.0,
                            "Total Cost": 3575.92,
                            "Plan Rows": 166865,
                            "Plan Width": 0,
                            "Actual Startup Time": 21.332,
                            "Actual Total Time": 21.333,
                            "Actual Rows": 162725,
                            "Actual Loops": 1,
                            "Index Cond": "(company_id > 126671)"
                          }
                        ]
                      }
                    ]
                  }
                ]
              }
            ]
          }
        ]
      }
    ]
  },
  "Planning Time": 0.51,
  "Triggers": [],
  "Execution Time": 191.345
}