[
  {
    "Plan": {
      "Node Type": "Aggregate",
      "Strategy": "Plain",
      "Partial Mode": "Finalize",
      "Parallel Aware": false,
      "Startup Cost": 340711.75,
      "Total Cost": 340711.76,
      "Plan Rows": 1,
      "Plan Width": 8,
      "Actual Startup Time": 367.429,
      "Actual Total Time": 383.698,
      "Actual Rows": 1,
      "Actual Loops": 1,
      "Plans": [
        {
          "Node Type": "Gather",
          "Parent Relationship": "Outer",
          "Parallel Aware": false,
          "Startup Cost": 340711.13,
          "Total Cost": 340711.74,
          "Plan Rows": 6,
          "Plan Width": 8,
          "Actual Startup Time": 358.229,
          "Actual Total Time": 383.671,
          "Actual Rows": 7,
          "Actual Loops": 1,
          "Workers Planned": 6,
          "Workers Launched": 6,
          "Single Copy": false,
          "Plans": [
            {
              "Node Type": "Aggregate",
              "Strategy": "Plain",
              "Partial Mode": "Partial",
              "Parent Relationship": "Outer",
              "Parallel Aware": false,
              "Startup Cost": 339711.13,
              "Total Cost": 339711.14,
              "Plan Rows": 1,
              "Plan Width": 8,
              "Actual Startup Time": 345.59,
              "Actual Total Time": 345.595,
              "Actual Rows": 1,
              "Actual Loops": 7,
              "Plans": [
                {
                  "Node Type": "Hash Join",
                  "Parent Relationship": "Outer",
                  "Parallel Aware": true,
                  "Join Type": "Inner",
                  "Startup Cost": 82671.14,
                  "Total Cost": 339474.14,
                  "Plan Rows": 94793,
                  "Plan Width": 0,
                  "Actual Startup Time": 293.061,
                  "Actual Total Time": 343.854,
                  "Actual Rows": 35415,
                  "Actual Loops": 7,
                  "Inner Unique": true,
                  "Hash Cond": "(ci.movie_id = t.id)",
                  "Plans": [
                    {
                      "Node Type": "Bitmap Heap Scan",
                      "Parent Relationship": "Outer",
                      "Parallel Aware": true,
                      "Relation Name": "cast_info",
                      "Alias": "ci",
                      "Startup Cost": 32512.19,
                      "Total Cost": 288895.03,
                      "Plan Rows": 160063,
                      "Plan Width": 4,
                      "Actual Startup Time": 101.287,
                      "Actual Total Time": 122.068,
                      "Actual Rows": 60644,
                      "Actual Loops": 7,
                      "Recheck Cond": "(person_id < 152000)",
                      "Rows Removed by Index Recheck": 0,
                      "Filter": "(role_id > 1)",
                      "Rows Removed by Filter": 155885,
                      "Exact Heap Blocks": 4248,
                      "Lossy Heap Blocks": 0,
                      "Plans": [
                        {
                          "Node Type": "Bitmap Index Scan",
                          "Parent Relationship": "Outer",
                          "Parallel Aware": false,
                          "Index Name": "person_id_cast_info",
                          "Startup Cost": 0.0,
                          "Total Cost": 32272.09,
                          "Plan Rows": 1478337,
                          "Plan Width": 0,
                          "Actual Startup Time": 55.141,
                          "Actual Total Time": 55.142,
                          "Actual Rows": 1515704,
                          "Actual Loops": 1,
                          "Index Cond": "(person_id < 152000)"
                        }
                      ]
                    },
                    {
                      "Node Type": "Hash",
                      "Parent Relationship": "Inner",
                      "Parallel Aware": true,
                      "Startup Cost": 45479.59,
                      "Total Cost": 45479.59,
                      "Plan Rows": 374349,
                      "Plan Width": 4,
                      "Actual Startup Time": 187.475,
                      "Actual Total Time": 187.477,
                      "Actual Rows": 211206,
                      "Actual Loops": 7,
                      "Hash Buckets": 2097152,
                      "Original Hash Buckets": 2097152,
                      "Hash Batches": 1,
                      "Original Hash Batches": 1,
                      "Peak Memory Usage": 74368,
                      "Plans": [
                        {
                          "Node Type": "Seq Scan",
                          "Parent Relationship": "Outer",
                          "Parallel Aware": true,
                          "Relation Name": "title",
                          "Alias": "t",
                          "Startup Cost": 0.0,
                          "Total Cost": 45479.59,
                          "Plan Rows": 374349,
                          "Plan Width": 4,
                          "Actual Startup Time": 0.04,
                          "Actual Total Time": 83.765,
                          "Actual Rows": 211206,
                          "Actual Loops": 7,
                          "Filter": "((production_year > 0) AND (kind_id = 7))",
                          "Rows Removed by Filter": 149982
                        }
                      ]
                    }
                  ]
                }
              ]
            }
          ]
        }
      ]
    },
    "Planning Time": 0.414,
    "Triggers": [],
    "Execution Time": 383.764
  }
]