[
    {
        "Bao": {
            "Bao prediction": "NaN",
            "Bao recommended hint": "(no hint)"
        }
    },
    {
        "Plan": {
            "Node Type": "Aggregate",
            "Strategy": "Plain",
            "Partial Mode": "Finalize",
            "Parallel Aware": false,
            "Startup Cost": 32636.25,
            "Total Cost": 32636.26,
            "Plan Rows": 1,
            "Plan Width": 8,
            "Actual Startup Time": 89.283,
            "Actual Total Time": 94.403,
            "Actual Rows": 1,
            "Actual Loops": 1,
            "Output": [
                "count(*)"
            ],
            "Plans": [
                {
                    "Node Type": "Gather",
                    "Parent Relationship": "Outer",
                    "Parallel Aware": false,
                    "Startup Cost": 32635.93,
                    "Total Cost": 32636.24,
                    "Plan Rows": 3,
                    "Plan Width": 8,
                    "Actual Startup Time": 88.97,
                    "Actual Total Time": 94.394,
                    "Actual Rows": 4,
                    "Actual Loops": 1,
                    "Output": [
                        "(PARTIAL count(*))"
                    ],
                    "Workers Planned": 3,
                    "Workers Launched": 3,
                    "Single Copy": false,
                    "Plans": [
                        {
                            "Node Type": "Aggregate",
                            "Strategy": "Plain",
                            "Partial Mode": "Partial",
                            "Parent Relationship": "Outer",
                            "Parallel Aware": false,
                            "Startup Cost": 31635.93,
                            "Total Cost": 31635.94,
                            "Plan Rows": 1,
                            "Plan Width": 8,
                            "Actual Startup Time": 80.103,
                            "Actual Total Time": 80.104,
                            "Actual Rows": 1,
                            "Actual Loops": 4,
                            "Output": [
                                "PARTIAL count(*)"
                            ],
                            "Workers": [
                                {
                                    "Worker Number": 0,
                                    "Actual Startup Time": 77.139,
                                    "Actual Total Time": 77.14,
                                    "Actual Rows": 1,
                                    "Actual Loops": 1
                                },
                                {
                                    "Worker Number": 1,
                                    "Actual Startup Time": 77.391,
                                    "Actual Total Time": 77.392,
                                    "Actual Rows": 1,
                                    "Actual Loops": 1
                                },
                                {
                                    "Worker Number": 2,
                                    "Actual Startup Time": 77.515,
                                    "Actual Total Time": 77.516,
                                    "Actual Rows": 1,
                                    "Actual Loops": 1
                                }
                            ],
                            "Plans": [
                                {
                                    "Node Type": "Bitmap Heap Scan",
                                    "Parent Relationship": "Outer",
                                    "Parallel Aware": true,
                                    "Relation Name": "movie_keyword",
                                    "Schema": "public",
                                    "Alias": "mk",
                                    "Startup Cost": 5848.36,
                                    "Total Cost": 31413.67,
                                    "Plan Rows": 88905,
                                    "Plan Width": 0,
                                    "Actual Startup Time": 17.912,
                                    "Actual Total Time": 75.848,
                                    "Actual Rows": 68772,
                                    "Actual Loops": 4,
                                    "Recheck Cond": "(mk.keyword_id > 57672)",
                                    "Rows Removed by Index Recheck": 0,
                                    "Exact Heap Blocks": 11095,
                                    "Lossy Heap Blocks": 0,
                                    "Workers": [
                                        {
                                            "Worker Number": 0,
                                            "Actual Startup Time": 15.091,
                                            "Actual Total Time": 73.31,
                                            "Actual Rows": 46434,
                                            "Actual Loops": 1
                                        },
                                        {
                                            "Worker Number": 1,
                                            "Actual Startup Time": 15.244,
                                            "Actual Total Time": 73.83,
                                            "Actual Rows": 42663,
                                            "Actual Loops": 1
                                        },
                                        {
                                            "Worker Number": 2,
                                            "Actual Startup Time": 15.366,
                                            "Actual Total Time": 73.784,
                                            "Actual Rows": 45270,
                                            "Actual Loops": 1
                                        }
                                    ],
                                    "Plans": [
                                        {
                                            "Node Type": "Bitmap Index Scan",
                                            "Parent Relationship": "Outer",
                                            "Parallel Aware": false,
                                            "Index Name": "keyword_id_movie_keyword",
                                            "Startup Cost": 0.0,
                                            "Total Cost": 5779.46,
                                            "Plan Rows": 275604,
                                            "Plan Width": 0,
                                            "Actual Startup Time": 22.834,
                                            "Actual Total Time": 22.835,
                                            "Actual Rows": 275088,
                                            "Actual Loops": 1,
                                            "Index Cond": "(mk.keyword_id > 57672)"
                                        }
                                    ]
                                }
                            ]
                        }
                    ]
                }
            ]
        },
        "Planning Time": 226.154,
        "Triggers": [],
        "Execution Time": 94.516
    }
]