[
  {
    "Plan": {
      "Node Type": "Aggregate",
      "Strategy": "Plain",
      "Partial Mode": "Finalize",
      "Parallel Aware": false,
      "Startup Cost": 395212.72,
      "Total Cost": 395212.73,
      "Plan Rows": 1,
      "Plan Width": 8,
      "Actual Startup Time": 2176.756,
      "Actual Total Time": 2230.402,
      "Actual Rows": 1,
      "Actual Loops": 1,
      "Plans": [
        {
          "Node Type": "Gather",
          "Parent Relationship": "Outer",
          "Parallel Aware": false,
          "Startup Cost": 395212.09,
          "Total Cost": 395212.7,
          "Plan Rows": 6,
          "Plan Width": 8,
          "Actual Startup Time": 2164.442,
          "Actual Total Time": 2230.388,
          "Actual Rows": 7,
          "Actual Loops": 1,
          "Workers Planned": 6,
          "Workers Launched": 6,
          "Single Copy": false,
          "Plans": [
            {
              "Node Type": "Aggregate",
              "Strategy": "Plain",
              "Partial Mode": "Partial",
              "Parent Relationship": "Outer",
              "Parallel Aware": false,
              "Startup Cost": 394212.09,
              "Total Cost": 394212.1,
              "Plan Rows": 1,
              "Plan Width": 8,
              "Actual Startup Time": 2149.838,
              "Actual Total Time": 2149.841,
              "Actual Rows": 1,
              "Actual Loops": 7,
              "Plans": [
                {
                  "Node Type": "Hash Join",
                  "Parent Relationship": "Outer",
                  "Parallel Aware": true,
                  "Join Type": "Inner",
                  "Startup Cost": 51422.69,
                  "Total Cost": 387255.4,
                  "Plan Rows": 2782677,
                  "Plan Width": 0,
                  "Actual Startup Time": 460.23,
                  "Actual Total Time": 2029.969,
                  "Actual Rows": 2462625,
                  "Actual Loops": 7,
                  "Inner Unique": true,
                  "Hash Cond": "(ci.movie_id = t.id)",
                  "Plans": [
                    {
                      "Node Type": "Seq Scan",
                      "Parent Relationship": "Outer",
                      "Parallel Aware": true,
                      "Relation Name": "cast_info",
                      "Alias": "ci",
                      "Startup Cost": 0.0,
                      "Total Cost": 328162.03,
                      "Plan Rows": 2922161,
                      "Plan Width": 4,
                      "Actual Startup Time": 196.508,
                      "Actual Total Time": 614.134,
                      "Actual Rows": 2501605,
                      "Actual Loops": 7,
                      "Filter": "(person_id > 1867036)",
                      "Rows Removed by Filter": 2676158
                    },
                    {
                      "Node Type": "Hash",
                      "Parent Relationship": "Inner",
                      "Parallel Aware": true,
                      "Startup Cost": 43898.92,
                      "Total Cost": 43898.92,
                      "Plan Rows": 601902,
                      "Plan Width": 4,
                      "Actual Startup Time": 258.741,
                      "Actual Total Time": 258.742,
                      "Actual Rows": 343499,
                      "Actual Loops": 7,
                      "Hash Buckets": 4194304,
                      "Original Hash Buckets": 4194304,
                      "Hash Batches": 1,
                      "Original Hash Batches": 1,
                      "Peak Memory Usage": 126944,
                      "Plans": [
                        {
                          "Node Type": "Seq Scan",
                          "Parent Relationship": "Outer",
                          "Parallel Aware": true,
                          "Relation Name": "title",
                          "Alias": "t",
                          "Startup Cost": 0.0,
                          "Total Cost": 43898.92,
                          "Plan Rows": 601902,
                          "Plan Width": 4,
                          "Actual Startup Time": 0.04,
                          "Actual Total Time": 88.404,
                          "Actual Rows": 343499,
                          "Actual Loops": 7,
                          "Filter": "(production_year > 1913)",
                          "Rows Removed by Filter": 17688
                        }
                      ]
                    }
                  ]
                }
              ]
            }
          ]
        }
      ]
    },
    "Planning Time": 0.251,
    "Triggers": [],
    "Execution Time": 2230.45
  }
]