[
  {
    "Plan": {
      "Node Type": "Aggregate",
      "Strategy": "Plain",
      "Partial Mode": "Finalize",
      "Parallel Aware": false,
      "Startup Cost": 340584.31,
      "Total Cost": 340584.32,
      "Plan Rows": 1,
      "Plan Width": 8,
      "Actual Startup Time": 838.462,
      "Actual Total Time": 901.616,
      "Actual Rows": 1,
      "Actual Loops": 1,
      "Plans": [
        {
          "Node Type": "Gather",
          "Parent Relationship": "Outer",
          "Parallel Aware": false,
          "Startup Cost": 340583.68,
          "Total Cost": 340584.29,
          "Plan Rows": 6,
          "Plan Width": 8,
          "Actual Startup Time": 838.354,
          "Actual Total Time": 901.606,
          "Actual Rows": 7,
          "Actual Loops": 1,
          "Workers Planned": 6,
          "Workers Launched": 6,
          "Single Copy": false,
          "Plans": [
            {
              "Node Type": "Aggregate",
              "Strategy": "Plain",
              "Partial Mode": "Partial",
              "Parent Relationship": "Outer",
              "Parallel Aware": false,
              "Startup Cost": 339583.68,
              "Total Cost": 339583.69,
              "Plan Rows": 1,
              "Plan Width": 8,
              "Actual Startup Time": 828.18,
              "Actual Total Time": 828.181,
              "Actual Rows": 1,
              "Actual Loops": 7,
              "Plans": [
                {
                  "Node Type": "Seq Scan",
                  "Parent Relationship": "Outer",
                  "Parallel Aware": true,
                  "Relation Name": "cast_info",
                  "Alias": "ci",
                  "Startup Cost": 0.0,
                  "Total Cost": 328162.03,
                  "Plan Rows": 4568662,
                  "Plan Width": 0,
                  "Actual Startup Time": 107.722,
                  "Actual Total Time": 648.939,
                  "Actual Rows": 3898201,
                  "Actual Loops": 7,
                  "Filter": "(person_id > 881183)",
                  "Rows Removed by Filter": 1279562
                }
              ]
            }
          ]
        }
      ]
    },
    "Planning Time": 0.192,
    "Triggers": [],
    "Execution Time": 901.687
  }
]