[
  {
    "Plan": {
      "Node Type": "Aggregate",
      "Strategy": "Plain",
      "Partial Mode": "Finalize",
      "Parallel Aware": false,
      "Startup Cost": 260783.93,
      "Total Cost": 260783.94,
      "Plan Rows": 1,
      "Plan Width": 8,
      "Actual Startup Time": 1390.152,
      "Actual Total Time": 1438.111,
      "Actual Rows": 1,
      "Actual Loops": 1,
      "Plans": [
        {
          "Node Type": "Gather",
          "Parent Relationship": "Outer",
          "Parallel Aware": false,
          "Startup Cost": 260783.41,
          "Total Cost": 260783.92,
          "Plan Rows": 5,
          "Plan Width": 8,
          "Actual Startup Time": 1386.349,
          "Actual Total Time": 1438.088,
          "Actual Rows": 6,
          "Actual Loops": 1,
          "Workers Planned": 5,
          "Workers Launched": 5,
          "Single Copy": false,
          "Plans": [
            {
              "Node Type": "Aggregate",
              "Strategy": "Plain",
              "Partial Mode": "Partial",
              "Parent Relationship": "Outer",
              "Parallel Aware": false,
              "Startup Cost": 259783.41,
              "Total Cost": 259783.42,
              "Plan Rows": 1,
              "Plan Width": 8,
              "Actual Startup Time": 1371.525,
              "Actual Total Time": 1371.53,
              "Actual Rows": 1,
              "Actual Loops": 6,
              "Plans": [
                {
                  "Node Type": "Hash Join",
                  "Parent Relationship": "Outer",
                  "Parallel Aware": true,
                  "Join Type": "Inner",
                  "Startup Cost": 49416.11,
                  "Total Cost": 256160.27,
                  "Plan Rows": 1449256,
                  "Plan Width": 0,
                  "Actual Startup Time": 410.336,
                  "Actual Total Time": 1344.978,
                  "Actual Rows": 581129,
                  "Actual Loops": 6,
                  "Inner Unique": true,
                  "Hash Cond": "(mi.movie_id = t.id)",
                  "Plans": [
                    {
                      "Node Type": "Seq Scan",
                      "Parent Relationship": "Outer",
                      "Parallel Aware": true,
                      "Relation Name": "movie_info",
                      "Alias": "mi",
                      "Startup Cost": 0.0,
                      "Total Cost": 199108.24,
                      "Plan Rows": 2908916,
                      "Plan Width": 4,
                      "Actual Startup Time": 0.032,
                      "Actual Total Time": 402.812,
                      "Actual Rows": 2421489,
                      "Actual Loops": 6,
                      "Filter": "(info_type_id < 106)",
                      "Rows Removed by Filter": 51131
                    },
                    {
                      "Node Type": "Hash",
                      "Parent Relationship": "Inner",
                      "Parallel Aware": true,
                      "Startup Cost": 45479.59,
                      "Total Cost": 45479.59,
                      "Plan Rows": 314922,
                      "Plan Width": 4,
                      "Actual Startup Time": 404.437,
                      "Actual Total Time": 404.438,
                      "Actual Rows": 203589,
                      "Actual Loops": 6,
                      "Hash Buckets": 2097152,
                      "Original Hash Buckets": 2097152,
                      "Hash Batches": 1,
                      "Original Hash Batches": 1,
                      "Peak Memory Usage": 64256,
                      "Plans": [
                        {
                          "Node Type": "Seq Scan",
                          "Parent Relationship": "Outer",
                          "Parallel Aware": true,
                          "Relation Name": "title",
                          "Alias": "t",
                          "Startup Cost": 0.0,
                          "Total Cost": 45479.59,
                          "Plan Rows": 314922,
                          "Plan Width": 4,
                          "Actual Startup Time": 0.069,
                          "Actual Total Time": 137.312,
                          "Actual Rows": 203589,
                          "Actual Loops": 6,
                          "Filter": "((production_year < 2011) AND (kind_id = 7))",
                          "Rows Removed by Filter": 217796
                        }
                      ]
                    }
                  ]
                }
              ]
            }
          ]
        }
      ]
    },
    "Planning Time": 0.687,
    "Triggers": [],
    "Execution Time": 1438.196
  }
]