[
  {
    "Plan": {
      "Node Type": "Aggregate",
      "Strategy": "Plain",
      "Partial Mode": "Finalize",
      "Parallel Aware": false,
      "Startup Cost": 74843.1,
      "Total Cost": 74843.11,
      "Plan Rows": 1,
      "Plan Width": 8,
      "Actual Startup Time": 1413.597,
      "Actual Total Time": 1445.69,
      "Actual Rows": 1,
      "Actual Loops": 1,
      "Plans": [
        {
          "Node Type": "Gather",
          "Parent Relationship": "Outer",
          "Parallel Aware": false,
          "Startup Cost": 74842.68,
          "Total Cost": 74843.09,
          "Plan Rows": 4,
          "Plan Width": 8,
          "Actual Startup Time": 1413.241,
          "Actual Total Time": 1445.668,
          "Actual Rows": 5,
          "Actual Loops": 1,
          "Workers Planned": 4,
          "Workers Launched": 4,
          "Single Copy": false,
          "Plans": [
            {
              "Node Type": "Aggregate",
              "Strategy": "Plain",
              "Partial Mode": "Partial",
              "Parent Relationship": "Outer",
              "Parallel Aware": false,
              "Startup Cost": 73842.68,
              "Total Cost": 73842.69,
              "Plan Rows": 1,
              "Plan Width": 8,
              "Actual Startup Time": 1404.038,
              "Actual Total Time": 1404.041,
              "Actual Rows": 1,
              "Actual Loops": 5,
              "Plans": [
                {
                  "Node Type": "Nested Loop",
                  "Parent Relationship": "Outer",
                  "Parallel Aware": false,
                  "Join Type": "Inner",
                  "Startup Cost": 0.43,
                  "Total Cost": 73837.01,
                  "Plan Rows": 2265,
                  "Plan Width": 0,
                  "Actual Startup Time": 30.857,
                  "Actual Total Time": 1402.756,
                  "Actual Rows": 1800,
                  "Actual Loops": 5,
                  "Inner Unique": false,
                  "Plans": [
                    {
                      "Node Type": "Seq Scan",
                      "Parent Relationship": "Outer",
                      "Parallel Aware": true,
                      "Relation Name": "title",
                      "Alias": "t",
                      "Startup Cost": 0.0,
                      "Total Cost": 43899.32,
                      "Plan Rows": 5015,
                      "Plan Width": 4,
                      "Actual Startup Time": 0.071,
                      "Actual Total Time": 176.865,
                      "Actual Rows": 4262,
                      "Actual Loops": 5,
                      "Filter": "(production_year = 1989)",
                      "Rows Removed by Filter": 501400
                    },
                    {
                      "Node Type": "Index Scan",
                      "Parent Relationship": "Inner",
                      "Parallel Aware": false,
                      "Scan Direction": "Forward",
                      "Index Name": "movie_id_movie_companies",
                      "Relation Name": "movie_companies",
                      "Alias": "mc",
                      "Startup Cost": 0.43,
                      "Total Cost": 5.95,
                      "Plan Rows": 2,
                      "Plan Width": 4,
                      "Actual Startup Time": 0.285,
                      "Actual Total Time": 0.285,
                      "Actual Rows": 0,
                      "Actual Loops": 21312,
                      "Index Cond": "(movie_id = t.id)",
                      "Rows Removed by Index Recheck": 0,
                      "Filter": "((company_id < 85145) AND (company_type_id = 2))",
                      "Rows Removed by Filter": 1
                    }
                  ]
                }
              ]
            }
          ]
        }
      ]
    },
    "Planning Time": 0.696,
    "Triggers": [],
    "Execution Time": 1445.835
  }
]