[
    {
        "Bao": {
            "Bao prediction": "NaN",
            "Bao recommended hint": "(no hint)"
        }
    },
    {
        "Plan": {
            "Node Type": "Aggregate",
            "Strategy": "Plain",
            "Partial Mode": "Finalize",
            "Parallel Aware": false,
            "Startup Cost": 40090.46,
            "Total Cost": 40090.47,
            "Plan Rows": 1,
            "Plan Width": 8,
            "Actual Startup Time": 136.266,
            "Actual Total Time": 142.594,
            "Actual Rows": 1,
            "Actual Loops": 1,
            "Output": [
                "count(*)"
            ],
            "Plans": [
                {
                    "Node Type": "Gather",
                    "Parent Relationship": "Outer",
                    "Parallel Aware": false,
                    "Startup Cost": 40090.14,
                    "Total Cost": 40090.45,
                    "Plan Rows": 3,
                    "Plan Width": 8,
                    "Actual Startup Time": 135.995,
                    "Actual Total Time": 142.586,
                    "Actual Rows": 4,
                    "Actual Loops": 1,
                    "Output": [
                        "(PARTIAL count(*))"
                    ],
                    "Workers Planned": 3,
                    "Workers Launched": 3,
                    "Single Copy": false,
                    "Plans": [
                        {
                            "Node Type": "Aggregate",
                            "Strategy": "Plain",
                            "Partial Mode": "Partial",
                            "Parent Relationship": "Outer",
                            "Parallel Aware": false,
                            "Startup Cost": 39090.14,
                            "Total Cost": 39090.15,
                            "Plan Rows": 1,
                            "Plan Width": 8,
                            "Actual Startup Time": 127.168,
                            "Actual Total Time": 127.17,
                            "Actual Rows": 1,
                            "Actual Loops": 4,
                            "Output": [
                                "PARTIAL count(*)"
                            ],
                            "Workers": [
                                {
                                    "Worker Number": 0,
                                    "Actual Startup Time": 124.252,
                                    "Actual Total Time": 124.254,
                                    "Actual Rows": 1,
                                    "Actual Loops": 1
                                },
                                {
                                    "Worker Number": 1,
                                    "Actual Startup Time": 124.416,
                                    "Actual Total Time": 124.418,
                                    "Actual Rows": 1,
                                    "Actual Loops": 1
                                },
                                {
                                    "Worker Number": 2,
                                    "Actual Startup Time": 124.409,
                                    "Actual Total Time": 124.411,
                                    "Actual Rows": 1,
                                    "Actual Loops": 1
                                }
                            ],
                            "Plans": [
                                {
                                    "Node Type": "Bitmap Heap Scan",
                                    "Parent Relationship": "Outer",
                                    "Parallel Aware": true,
                                    "Relation Name": "movie_keyword",
                                    "Schema": "public",
                                    "Alias": "mk",
                                    "Startup Cost": 11918.0,
                                    "Total Cost": 38637.12,
                                    "Plan Rows": 181210,
                                    "Plan Width": 0,
                                    "Actual Startup Time": 42.94,
                                    "Actual Total Time": 118.839,
                                    "Actual Rows": 139081,
                                    "Actual Loops": 4,
                                    "Recheck Cond": "(mk.keyword_id > 33007)",
                                    "Rows Removed by Index Recheck": 0,
                                    "Exact Heap Blocks": 10539,
                                    "Lossy Heap Blocks": 0,
                                    "Workers": [
                                        {
                                            "Worker Number": 0,
                                            "Actual Startup Time": 40.234,
                                            "Actual Total Time": 116.944,
                                            "Actual Rows": 116464,
                                            "Actual Loops": 1
                                        },
                                        {
                                            "Worker Number": 1,
                                            "Actual Startup Time": 40.275,
                                            "Actual Total Time": 117.162,
                                            "Actual Rows": 79145,
                                            "Actual Loops": 1
                                        },
                                        {
                                            "Worker Number": 2,
                                            "Actual Startup Time": 40.235,
                                            "Actual Total Time": 117.309,
                                            "Actual Rows": 108796,
                                            "Actual Loops": 1
                                        }
                                    ],
                                    "Plans": [
                                        {
                                            "Node Type": "Bitmap Index Scan",
                                            "Parent Relationship": "Outer",
                                            "Parallel Aware": false,
                                            "Index Name": "keyword_id_movie_keyword",
                                            "Startup Cost": 0.0,
                                            "Total Cost": 11777.56,
                                            "Plan Rows": 561750,
                                            "Plan Width": 0,
                                            "Actual Startup Time": 47.666,
                                            "Actual Total Time": 47.666,
                                            "Actual Rows": 556323,
                                            "Actual Loops": 1,
                                            "Index Cond": "(mk.keyword_id > 33007)"
                                        }
                                    ]
                                }
                            ]
                        }
                    ]
                }
            ]
        },
        "Planning Time": 188.347,
        "Triggers": [],
        "Execution Time": 142.676
    }
]