[
  {
    "Plan": {
      "Node Type": "Aggregate",
      "Strategy": "Plain",
      "Partial Mode": "Finalize",
      "Parallel Aware": false,
      "Startup Cost": 82869.48,
      "Total Cost": 82869.49,
      "Plan Rows": 1,
      "Plan Width": 8,
      "Actual Startup Time": 449.249,
      "Actual Total Time": 464.589,
      "Actual Rows": 1,
      "Actual Loops": 1,
      "Plans": [
        {
          "Node Type": "Gather",
          "Parent Relationship": "Outer",
          "Parallel Aware": false,
          "Startup Cost": 82869.06,
          "Total Cost": 82869.47,
          "Plan Rows": 4,
          "Plan Width": 8,
          "Actual Startup Time": 442.342,
          "Actual Total Time": 464.579,
          "Actual Rows": 5,
          "Actual Loops": 1,
          "Workers Planned": 4,
          "Workers Launched": 4,
          "Single Copy": false,
          "Plans": [
            {
              "Node Type": "Aggregate",
              "Strategy": "Plain",
              "Partial Mode": "Partial",
              "Parent Relationship": "Outer",
              "Parallel Aware": false,
              "Startup Cost": 81869.06,
              "Total Cost": 81869.07,
              "Plan Rows": 1,
              "Plan Width": 8,
              "Actual Startup Time": 433.76,
              "Actual Total Time": 433.925,
              "Actual Rows": 1,
              "Actual Loops": 5,
              "Plans": [
                {
                  "Node Type": "Hash Join",
                  "Parent Relationship": "Outer",
                  "Parallel Aware": true,
                  "Join Type": "Inner",
                  "Startup Cost": 35086.51,
                  "Total Cost": 81299.94,
                  "Plan Rows": 227645,
                  "Plan Width": 0,
                  "Actual Startup Time": 189.153,
                  "Actual Total Time": 423.845,
                  "Actual Rows": 220175,
                  "Actual Loops": 5,
                  "Inner Unique": false,
                  "Hash Cond": "(t.id = mc.movie_id)",
                  "Plans": [
                    {
                      "Node Type": "Seq Scan",
                      "Parent Relationship": "Outer",
                      "Parallel Aware": true,
                      "Relation Name": "title",
                      "Alias": "t",
                      "Startup Cost": 0.0,
                      "Total Cost": 42318.73,
                      "Plan Rows": 632073,
                      "Plan Width": 4,
                      "Actual Startup Time": 0.013,
                      "Actual Total Time": 66.956,
                      "Actual Rows": 505662,
                      "Actual Loops": 5
                    },
                    {
                      "Node Type": "Hash",
                      "Parent Relationship": "Inner",
                      "Parallel Aware": true,
                      "Startup Cost": 31414.82,
                      "Total Cost": 31414.82,
                      "Plan Rows": 293735,
                      "Plan Width": 4,
                      "Actual Startup Time": 185.031,
                      "Actual Total Time": 185.032,
                      "Actual Rows": 220175,
                      "Actual Loops": 5,
                      "Hash Buckets": 2097152,
                      "Original Hash Buckets": 1048576,
                      "Hash Batches": 1,
                      "Original Hash Batches": 1,
                      "Peak Memory Usage": 67744,
                      "Plans": [
                        {
                          "Node Type": "Seq Scan",
                          "Parent Relationship": "Outer",
                          "Parallel Aware": true,
                          "Relation Name": "movie_companies",
                          "Alias": "mc",
                          "Startup Cost": 0.0,
                          "Total Cost": 31414.82,
                          "Plan Rows": 293735,
                          "Plan Width": 4,
                          "Actual Startup Time": 47.125,
                          "Actual Total Time": 83.468,
                          "Actual Rows": 220175,
                          "Actual Loops": 5,
                          "Filter": "((company_id > 1844) AND (company_type_id > 1))",
                          "Rows Removed by Filter": 301651
                        }
                      ]
                    }
                  ]
                }
              ]
            }
          ]
        }
      ]
    },
    "Planning Time": 0.517,
    "Triggers": [],
    "Execution Time": 464.65
  }
]