{
  "Plan": {
    "Node Type": "Aggregate",
    "Strategy": "Plain",
    "Partial Mode": "Finalize",
    "Parallel Aware": false,
    "Startup Cost": 132401.7,
    "Total Cost": 132401.71,
    "Plan Rows": 1,
    "Plan Width": 8,
    "Actual Startup Time": 874.29,
    "Actual Total Time": 890.655,
    "Actual Rows": 1,
    "Actual Loops": 1,
    "Plans": [
      {
        "Node Type": "Gather",
        "Parent Relationship": "Outer",
        "Parallel Aware": false,
        "Startup Cost": 132401.59,
        "Total Cost": 132401.7,
        "Plan Rows": 1,
        "Plan Width": 8,
        "Actual Startup Time": 869.898,
        "Actual Total Time": 890.646,
        "Actual Rows": 2,
        "Actual Loops": 1,
        "Workers Planned": 1,
        "Workers Launched": 1,
        "Single Copy": false,
        "Plans": [
          {
            "Node Type": "Aggregate",
            "Strategy": "Plain",
            "Partial Mode": "Partial",
            "Parent Relationship": "Outer",
            "Parallel Aware": false,
            "Startup Cost": 131401.59,
            "Total Cost": 131401.6,
            "Plan Rows": 1,
            "Plan Width": 8,
            "Actual Startup Time": 864.948,
            "Actual Total Time": 864.953,
            "Actual Rows": 1,
            "Actual Loops": 2,
            "Plans": [
              {
                "Node Type": "Hash Join",
                "Parent Relationship": "Outer",
                "Parallel Aware": true,
                "Join Type": "Inner",
                "Startup Cost": 69619.11,
                "Total Cost": 129633.49,
                "Plan Rows": 707242,
                "Plan Width": 0,
                "Actual Startup Time": 515.325,
                "Actual Total Time": 842.747,
                "Actual Rows": 567756,
                "Actual Loops": 2,
                "Inner Unique": true,
                "Hash Cond": "(mk.movie_id = t.id)",
                "Plans": [
                  {
                    "Node Type": "Seq Scan",
                    "Parent Relationship": "Outer",
                    "Parallel Aware": true,
                    "Relation Name": "movie_keyword",
                    "Alias": "mk",
                    "Startup Cost": 0.0,
                    "Total Cost": 57718.19,
                    "Plan Rows": 874735,
                    "Plan Width": 4,
                    "Actual Startup Time": 0.017,
                    "Actual Total Time": 170.908,
                    "Actual Rows": 750430,
                    "Actual Loops": 2,
                    "Filter": "(keyword_id < 2163)",
                    "Rows Removed by Filter": 1511535
                  },
                  {
                    "Node Type": "Hash",
                    "Parent Relationship": "Inner",
                    "Parallel Aware": true,
                    "Startup Cost": 54588.39,
                    "Total Cost": 54588.39,
                    "Plan Rows": 1202458,
                    "Plan Width": 4,
                    "Actual Startup Time": 503.944,
                    "Actual Total Time": 503.946,
                    "Actual Rows": 1016220,
                    "Actual Loops": 2,
                    "Hash Buckets": 2097152,
                    "Original Hash Buckets": 2097152,
                    "Hash Batches": 1,
                    "Original Hash Batches": 1,
                    "Peak Memory Usage": 95936,
                    "Plans": [
                      {
                        "Node Type": "Seq Scan",
                        "Parent Relationship": "Outer",
                        "Parallel Aware": true,
                        "Relation Name": "title",
                        "Alias": "t",
                        "Startup Cost": 0.0,
                        "Total Cost": 54588.39,
                        "Plan Rows": 1202458,
                        "Plan Width": 4,
                        "Actual Startup Time": 0.025,
                        "Actual Total Time": 186.163,
                        "Actual Rows": 1016220,
                        "Actual Loops": 2,
                        "Filter": "(production_year > 1973)",
                        "Rows Removed by Filter": 247936
                      }
                    ]
                  }
                ]
              }
            ]
          }
        ]
      }
    ]
  },
  "Planning Time": 0.401,
  "Triggers": [],
  "Execution Time": 890.708
}