{
  "Plan": {
    "Node Type": "Aggregate",
    "Strategy": "Plain",
    "Partial Mode": "Finalize",
    "Parallel Aware": false,
    "Startup Cost": 132543.81,
    "Total Cost": 132543.82,
    "Plan Rows": 1,
    "Plan Width": 8,
    "Actual Startup Time": 746.268,
    "Actual Total Time": 763.428,
    "Actual Rows": 1,
    "Actual Loops": 1,
    "Plans": [
      {
        "Node Type": "Gather",
        "Parent Relationship": "Outer",
        "Parallel Aware": false,
        "Startup Cost": 132543.7,
        "Total Cost": 132543.81,
        "Plan Rows": 1,
        "Plan Width": 8,
        "Actual Startup Time": 744.168,
        "Actual Total Time": 763.421,
        "Actual Rows": 2,
        "Actual Loops": 1,
        "Workers Planned": 1,
        "Workers Launched": 1,
        "Single Copy": false,
        "Plans": [
          {
            "Node Type": "Aggregate",
            "Strategy": "Plain",
            "Partial Mode": "Partial",
            "Parent Relationship": "Outer",
            "Parallel Aware": false,
            "Startup Cost": 131543.7,
            "Total Cost": 131543.71,
            "Plan Rows": 1,
            "Plan Width": 8,
            "Actual Startup Time": 738.14,
            "Actual Total Time": 738.145,
            "Actual Rows": 1,
            "Actual Loops": 2,
            "Plans": [
              {
                "Node Type": "Hash Join",
                "Parent Relationship": "Outer",
                "Parallel Aware": true,
                "Join Type": "Inner",
                "Startup Cost": 65678.83,
                "Total Cost": 129310.34,
                "Plan Rows": 893345,
                "Plan Width": 0,
                "Actual Startup Time": 359.946,
                "Actual Total Time": 730.606,
                "Actual Rows": 185720,
                "Actual Loops": 2,
                "Inner Unique": true,
                "Hash Cond": "(mk.movie_id = t.id)",
                "Plans": [
                  {
                    "Node Type": "Seq Scan",
                    "Parent Relationship": "Outer",
                    "Parallel Aware": true,
                    "Relation Name": "movie_keyword",
                    "Alias": "mk",
                    "Startup Cost": 0.0,
                    "Total Cost": 57718.19,
                    "Plan Rows": 2252688,
                    "Plan Width": 4,
                    "Actual Startup Time": 0.016,
                    "Actual Total Time": 199.377,
                    "Actual Rows": 1920816,
                    "Actual Loops": 2,
                    "Filter": "(keyword_id < 27549)",
                    "Rows Removed by Filter": 341150
                  },
                  {
                    "Node Type": "Hash",
                    "Parent Relationship": "Inner",
                    "Parallel Aware": true,
                    "Startup Cost": 58306.47,
                    "Total Cost": 58306.47,
                    "Plan Rows": 589789,
                    "Plan Width": 4,
                    "Actual Startup Time": 350.996,
                    "Actual Total Time": 350.998,
                    "Actual Rows": 549548,
                    "Actual Loops": 2,
                    "Hash Buckets": 2097152,
                    "Original Hash Buckets": 1048576,
                    "Hash Batches": 1,
                    "Original Hash Batches": 1,
                    "Peak Memory Usage": 67616,
                    "Plans": [
                      {
                        "Node Type": "Seq Scan",
                        "Parent Relationship": "Outer",
                        "Parallel Aware": true,
                        "Relation Name": "title",
                        "Alias": "t",
                        "Startup Cost": 0.0,
                        "Total Cost": 58306.47,
                        "Plan Rows": 589789,
                        "Plan Width": 4,
                        "Actual Startup Time": 0.057,
                        "Actual Total Time": 169.514,
                        "Actual Rows": 549548,
                        "Actual Loops": 2,
                        "Filter": "((production_year > 1994) AND (kind_id = 7))",
                        "Rows Removed by Filter": 714608
                      }
                    ]
                  }
                ]
              }
            ]
          }
        ]
      }
    ]
  },
  "Planning Time": 0.627,
  "Triggers": [],
  "Execution Time": 763.5
}