{
  "Plan": {
    "Node Type": "Aggregate",
    "Strategy": "Plain",
    "Partial Mode": "Finalize",
    "Parallel Aware": false,
    "Startup Cost": 3146803.29,
    "Total Cost": 3146803.3,
    "Plan Rows": 1,
    "Plan Width": 8,
    "Actual Startup Time": 38173.83,
    "Actual Total Time": 38287.799,
    "Actual Rows": 1,
    "Actual Loops": 1,
    "Plans": [
      {
        "Node Type": "Gather",
        "Parent Relationship": "Outer",
        "Parallel Aware": false,
        "Startup Cost": 3146803.17,
        "Total Cost": 3146803.28,
        "Plan Rows": 1,
        "Plan Width": 8,
        "Actual Startup Time": 38167.399,
        "Actual Total Time": 38287.79,
        "Actual Rows": 2,
        "Actual Loops": 1,
        "Workers Planned": 1,
        "Workers Launched": 1,
        "Single Copy": false,
        "Plans": [
          {
            "Node Type": "Aggregate",
            "Strategy": "Plain",
            "Partial Mode": "Partial",
            "Parent Relationship": "Outer",
            "Parallel Aware": false,
            "Startup Cost": 3145803.17,
            "Total Cost": 3145803.18,
            "Plan Rows": 1,
            "Plan Width": 8,
            "Actual Startup Time": 38164.426,
            "Actual Total Time": 38164.428,
            "Actual Rows": 1,
            "Actual Loops": 2,
            "Plans": [
              {
                "Node Type": "Merge Join",
                "Parent Relationship": "Outer",
                "Parallel Aware": false,
                "Join Type": "Inner",
                "Startup Cost": 32.88,
                "Total Cost": 3073831.06,
                "Plan Rows": 28788845,
                "Plan Width": 0,
                "Actual Startup Time": 2785.208,
                "Actual Total Time": 32354.792,
                "Actual Rows": 149973168,
                "Actual Loops": 2,
                "Inner Unique": false,
                "Merge Cond": "(t.id = mi.movie_id)",
                "Plans": [
                  {
                    "Node Type": "Nested Loop",
                    "Parent Relationship": "Outer",
                    "Parallel Aware": false,
                    "Join Type": "Inner",
                    "Startup Cost": 0.99,
                    "Total Cost": 1551771.02,
                    "Plan Rows": 4923450,
                    "Plan Width": 8,
                    "Actual Startup Time": 385.033,
                    "Actual Total Time": 7180.683,
                    "Actual Rows": 4651945,
                    "Actual Loops": 2,
                    "Inner Unique": false,
                    "Plans": [
                      {
                        "Node Type": "Index Scan",
                        "Parent Relationship": "Outer",
                        "Parallel Aware": true,
                        "Scan Direction": "Forward",
                        "Index Name": "title_pkey",
                        "Relation Name": "title",
                        "Alias": "t",
                        "Startup Cost": 0.43,
                        "Total Cost": 107365.5,
                        "Plan Rows": 343599,
                        "Plan Width": 4,
                        "Actual Startup Time": 384.949,
                        "Actual Total Time": 764.804,
                        "Actual Rows": 297365,
                        "Actual Loops": 2,
                        "Filter": "((production_year < 2012) AND (kind_id = 1))",
                        "Rows Removed by Filter": 966791
                      },
                      {
                        "Node Type": "Index Only Scan",
                        "Parent Relationship": "Inner",
                        "Parallel Aware": false,
                        "Scan Direction": "Forward",
                        "Index Name": "movie_id_cast_info",
                        "Relation Name": "cast_info",
                        "Alias": "ci",
                        "Startup Cost": 0.56,
                        "Total Cost": 3.83,
                        "Plan Rows": 37,
                        "Plan Width": 4,
                        "Actual Startup Time": 0.003,
                        "Actual Total Time": 0.02,
                        "Actual Rows": 16,
                        "Actual Loops": 594730,
                        "Index Cond": "(movie_id = t.id)",
                        "Rows Removed by Index Recheck": 0,
                        "Heap Fetches": 9303890
                      }
                    ]
                  },
                  {
                    "Node Type": "Materialize",
                    "Parent Relationship": "Inner",
                    "Parallel Aware": false,
                    "Startup Cost": 0.43,
                    "Total Cost": 1116056.49,
                    "Plan Rows": 14783665,
                    "Plan Width": 4,
                    "Actual Startup Time": 0.046,
                    "Actual Total Time": 11074.053,
                    "Actual Rows": 161097734,
                    "Actual Loops": 2,
                    "Plans": [
                      {
                        "Node Type": "Index Only Scan",
                        "Parent Relationship": "Outer",
                        "Parallel Aware": false,
                        "Scan Direction": "Forward",
                        "Index Name": "movie_id_movie_info",
                        "Relation Name": "movie_info",
                        "Alias": "mi",
                        "Startup Cost": 0.43,
                        "Total Cost": 1079097.33,
                        "Plan Rows": 14783665,
                        "Plan Width": 4,
                        "Actual Startup Time": 0.041,
                        "Actual Total Time": 4390.831,
                        "Actual Rows": 14834559,
                        "Actual Loops": 2,
                        "Heap Fetches": 29669118
                      }
                    ]
                  }
                ]
              }
            ]
          }
        ]
      }
    ]
  },
  "Planning Time": 1.076,
  "Triggers": [],
  "Execution Time": 38287.921
}