[
  {
    "Plan": {
      "Node Type": "Aggregate",
      "Strategy": "Plain",
      "Partial Mode": "Finalize",
      "Parallel Aware": false,
      "Startup Cost": 32730.63,
      "Total Cost": 32730.64,
      "Plan Rows": 1,
      "Plan Width": 8,
      "Actual Startup Time": 108.138,
      "Actual Total Time": 115.433,
      "Actual Rows": 1,
      "Actual Loops": 1,
      "Plans": [
        {
          "Node Type": "Gather",
          "Parent Relationship": "Outer",
          "Parallel Aware": false,
          "Startup Cost": 32730.31,
          "Total Cost": 32730.62,
          "Plan Rows": 3,
          "Plan Width": 8,
          "Actual Startup Time": 107.603,
          "Actual Total Time": 115.421,
          "Actual Rows": 4,
          "Actual Loops": 1,
          "Workers Planned": 3,
          "Workers Launched": 3,
          "Single Copy": false,
          "Plans": [
            {
              "Node Type": "Aggregate",
              "Strategy": "Plain",
              "Partial Mode": "Partial",
              "Parent Relationship": "Outer",
              "Parallel Aware": false,
              "Startup Cost": 31730.31,
              "Total Cost": 31730.32,
              "Plan Rows": 1,
              "Plan Width": 8,
              "Actual Startup Time": 101.924,
              "Actual Total Time": 101.926,
              "Actual Rows": 1,
              "Actual Loops": 4,
              "Plans": [
                {
                  "Node Type": "Bitmap Heap Scan",
                  "Parent Relationship": "Outer",
                  "Parallel Aware": true,
                  "Relation Name": "movie_keyword",
                  "Alias": "mk",
                  "Startup Cost": 5924.91,
                  "Total Cost": 31505.08,
                  "Plan Rows": 90093,
                  "Plan Width": 0,
                  "Actual Startup Time": 37.703,
                  "Actual Total Time": 97.577,
                  "Actual Rows": 71178,
                  "Actual Loops": 4,
                  "Recheck Cond": "(keyword_id > 56165)",
                  "Rows Removed by Index Recheck": 0,
                  "Exact Heap Blocks": 10068,
                  "Lossy Heap Blocks": 0,
                  "Plans": [
                    {
                      "Node Type": "Bitmap Index Scan",
                      "Parent Relationship": "Outer",
                      "Parallel Aware": false,
                      "Index Name": "keyword_id_movie_keyword",
                      "Startup Cost": 0.0,
                      "Total Cost": 5855.09,
                      "Plan Rows": 279288,
                      "Plan Width": 0,
                      "Actual Startup Time": 38.563,
                      "Actual Total Time": 38.563,
                      "Actual Rows": 284710,
                      "Actual Loops": 1,
                      "Index Cond": "(keyword_id > 56165)"
                    }
                  ]
                }
              ]
            }
          ]
        }
      ]
    },
    "Planning Time": 0.194,
    "Triggers": [],
    "Execution Time": 115.511
  }
]