{
  "Plan": {
    "Node Type": "Aggregate",
    "Strategy": "Plain",
    "Partial Mode": "Finalize",
    "Parallel Aware": false,
    "Startup Cost": 216478.15,
    "Total Cost": 216478.16,
    "Plan Rows": 1,
    "Plan Width": 8,
    "Actual Startup Time": 517.223,
    "Actual Total Time": 536.552,
    "Actual Rows": 1,
    "Actual Loops": 1,
    "Plans": [
      {
        "Node Type": "Gather",
        "Parent Relationship": "Outer",
        "Parallel Aware": false,
        "Startup Cost": 216478.03,
        "Total Cost": 216478.14,
        "Plan Rows": 1,
        "Plan Width": 8,
        "Actual Startup Time": 515.567,
        "Actual Total Time": 536.545,
        "Actual Rows": 2,
        "Actual Loops": 1,
        "Workers Planned": 1,
        "Workers Launched": 1,
        "Single Copy": false,
        "Plans": [
          {
            "Node Type": "Aggregate",
            "Strategy": "Plain",
            "Partial Mode": "Partial",
            "Parent Relationship": "Outer",
            "Parallel Aware": false,
            "Startup Cost": 215478.03,
            "Total Cost": 215478.04,
            "Plan Rows": 1,
            "Plan Width": 8,
            "Actual Startup Time": 509.216,
            "Actual Total Time": 509.221,
            "Actual Rows": 1,
            "Actual Loops": 2,
            "Plans": [
              {
                "Node Type": "Nested Loop",
                "Parent Relationship": "Outer",
                "Parallel Aware": false,
                "Join Type": "Inner",
                "Startup Cost": 80654.25,
                "Total Cost": 215101.67,
                "Plan Rows": 150544,
                "Plan Width": 0,
                "Actual Startup Time": 298.803,
                "Actual Total Time": 506.98,
                "Actual Rows": 45031,
                "Actual Loops": 2,
                "Inner Unique": false,
                "Plans": [
                  {
                    "Node Type": "Hash Join",
                    "Parent Relationship": "Outer",
                    "Parallel Aware": true,
                    "Join Type": "Inner",
                    "Startup Cost": 80653.82,
                    "Total Cost": 111976.24,
                    "Plan Rows": 145879,
                    "Plan Width": 8,
                    "Actual Startup Time": 298.58,
                    "Actual Total Time": 450.083,
                    "Actual Rows": 23788,
                    "Actual Loops": 2,
                    "Inner Unique": true,
                    "Hash Cond": "(mk.movie_id = t.id)",
                    "Plans": [
                      {
                        "Node Type": "Bitmap Heap Scan",
                        "Parent Relationship": "Outer",
                        "Parallel Aware": true,
                        "Relation Name": "movie_keyword",
                        "Alias": "mk",
                        "Startup Cost": 16375.33,
                        "Total Cost": 46505.71,
                        "Plan Rows": 454110,
                        "Plan Width": 4,
                        "Actual Startup Time": 39.091,
                        "Actual Total Time": 118.109,
                        "Actual Rows": 392234,
                        "Actual Loops": 2,
                        "Recheck Cond": "(keyword_id < 750)",
                        "Rows Removed by Index Recheck": 0,
                        "Exact Heap Blocks": 13481,
                        "Lossy Heap Blocks": 0,
                        "Plans": [
                          {
                            "Node Type": "Bitmap Index Scan",
                            "Parent Relationship": "Outer",
                            "Parallel Aware": false,
                            "Index Name": "keyword_id_movie_keyword",
                            "Startup Cost": 0.0,
                            "Total Cost": 16182.34,
                            "Plan Rows": 771987,
                            "Plan Width": 0,
                            "Actual Startup Time": 35.5,
                            "Actual Total Time": 35.501,
                            "Actual Rows": 784468,
                            "Actual Loops": 1,
                            "Index Cond": "(keyword_id < 750)"
                          }
                        ]
                      },
                      {
                        "Node Type": "Hash",
                        "Parent Relationship": "Inner",
                        "Parallel Aware": true,
                        "Startup Cost": 58306.47,
                        "Total Cost": 58306.47,
                        "Plan Rows": 477762,
                        "Plan Width": 4,
                        "Actual Startup Time": 250.429,
                        "Actual Total Time": 250.43,
                        "Actual Rows": 369380,
                        "Actual Loops": 2,
                        "Hash Buckets": 1048576,
                        "Original Hash Buckets": 1048576,
                        "Hash Batches": 1,
                        "Original Hash Batches": 1,
                        "Peak Memory Usage": 37120,
                        "Plans": [
                          {
                            "Node Type": "Seq Scan",
                            "Parent Relationship": "Outer",
                            "Parallel Aware": true,
                            "Relation Name": "title",
                            "Alias": "t",
                            "Startup Cost": 0.0,
                            "Total Cost": 58306.47,
                            "Plan Rows": 477762,
                            "Plan Width": 4,
                            "Actual Startup Time": 0.032,
                            "Actual Total Time": 158.331,
                            "Actual Rows": 369380,
                            "Actual Loops": 2,
                            "Filter": "((production_year < 2005) AND (kind_id = 7))",
                            "Rows Removed by Filter": 894776
                          }
                        ]
                      }
                    ]
                  },
                  {
                    "Node Type": "Index Only Scan",
                    "Parent Relationship": "Inner",
                    "Parallel Aware": false,
                    "Scan Direction": "Forward",
                    "Index Name": "movie_id_movie_companies",
                    "Relation Name": "movie_companies",
                    "Alias": "mc",
                    "Startup Cost": 0.43,
                    "Total Cost": 0.66,
                    "Plan Rows": 5,
                    "Plan Width": 4,
                    "Actual Startup Time": 0.002,
                    "Actual Total Time": 0.002,
                    "Actual Rows": 2,
                    "Actual Loops": 47576,
                    "Index Cond": "(movie_id = t.id)",
                    "Rows Removed by Index Recheck": 0,
                    "Heap Fetches": 90062
                  }
                ]
              }
            ]
          }
        ]
      }
    ]
  },
  "Planning Time": 1.093,
  "Triggers": [],
  "Execution Time": 536.657
}