{
  "Plan": {
    "Node Type": "Aggregate",
    "Strategy": "Plain",
    "Partial Mode": "Finalize",
    "Parallel Aware": false,
    "Startup Cost": 635684.14,
    "Total Cost": 635684.15,
    "Plan Rows": 1,
    "Plan Width": 8,
    "Actual Startup Time": 2763.469,
    "Actual Total Time": 2831.702,
    "Actual Rows": 1,
    "Actual Loops": 1,
    "Plans": [
      {
        "Node Type": "Gather",
        "Parent Relationship": "Outer",
        "Parallel Aware": false,
        "Startup Cost": 635684.03,
        "Total Cost": 635684.14,
        "Plan Rows": 1,
        "Plan Width": 8,
        "Actual Startup Time": 2762.326,
        "Actual Total Time": 2831.692,
        "Actual Rows": 2,
        "Actual Loops": 1,
        "Workers Planned": 1,
        "Workers Launched": 1,
        "Single Copy": false,
        "Plans": [
          {
            "Node Type": "Aggregate",
            "Strategy": "Plain",
            "Partial Mode": "Partial",
            "Parent Relationship": "Outer",
            "Parallel Aware": false,
            "Startup Cost": 634684.03,
            "Total Cost": 634684.04,
            "Plan Rows": 1,
            "Plan Width": 8,
            "Actual Startup Time": 2759.435,
            "Actual Total Time": 2759.594,
            "Actual Rows": 1,
            "Actual Loops": 2,
            "Plans": [
              {
                "Node Type": "Hash Join",
                "Parent Relationship": "Outer",
                "Parallel Aware": true,
                "Join Type": "Inner",
                "Startup Cost": 611471.43,
                "Total Cost": 634564.77,
                "Plan Rows": 47701,
                "Plan Width": 0,
                "Actual Startup Time": 2643.656,
                "Actual Total Time": 2757.877,
                "Actual Rows": 41437,
                "Actual Loops": 2,
                "Inner Unique": false,
                "Hash Cond": "(mi_idx.movie_id = t.id)",
                "Plans": [
                  {
                    "Node Type": "Seq Scan",
                    "Parent Relationship": "Outer",
                    "Parallel Aware": true,
                    "Relation Name": "movie_info_idx",
                    "Alias": "mi_idx",
                    "Startup Cost": 0.0,
                    "Total Cost": 18082.32,
                    "Plan Rows": 540622,
                    "Plan Width": 4,
                    "Actual Startup Time": 0.011,
                    "Actual Total Time": 59.928,
                    "Actual Rows": 459925,
                    "Actual Loops": 2,
                    "Filter": "(info_type_id < 101)",
                    "Rows Removed by Filter": 230092
                  },
                  {
                    "Node Type": "Hash",
                    "Parent Relationship": "Inner",
                    "Parallel Aware": true,
                    "Startup Cost": 609831.14,
                    "Total Cost": 609831.14,
                    "Plan Rows": 131223,
                    "Plan Width": 8,
                    "Actual Startup Time": 2641.094,
                    "Actual Total Time": 2641.252,
                    "Actual Rows": 138718,
                    "Actual Loops": 2,
                    "Hash Buckets": 524288,
                    "Original Hash Buckets": 262144,
                    "Hash Batches": 1,
                    "Original Hash Batches": 1,
                    "Peak Memory Usage": 17024,
                    "Plans": [
                      {
                        "Node Type": "Hash Join",
                        "Parent Relationship": "Outer",
                        "Parallel Aware": true,
                        "Join Type": "Inner",
                        "Startup Cost": 58504.99,
                        "Total Cost": 609831.14,
                        "Plan Rows": 131223,
                        "Plan Width": 8,
                        "Actual Startup Time": 482.747,
                        "Actual Total Time": 2589.985,
                        "Actual Rows": 138718,
                        "Actual Loops": 2,
                        "Inner Unique": true,
                        "Hash Cond": "(ci.movie_id = t.id)",
                        "Plans": [
                          {
                            "Node Type": "Seq Scan",
                            "Parent Relationship": "Outer",
                            "Parallel Aware": true,
                            "Relation Name": "cast_info",
                            "Alias": "ci",
                            "Startup Cost": 0.0,
                            "Total Cost": 519069.44,
                            "Plan Rows": 12288247,
                            "Plan Width": 4,
                            "Actual Startup Time": 349.567,
                            "Actual Total Time": 1464.313,
                            "Actual Rows": 10470784,
                            "Actual Loops": 2,
                            "Filter": "(person_id > 1507219)",
                            "Rows Removed by Filter": 7651388
                          },
                          {
                            "Node Type": "Hash",
                            "Parent Relationship": "Inner",
                            "Parallel Aware": true,
                            "Startup Cost": 58306.47,
                            "Total Cost": 58306.47,
                            "Plan Rows": 15882,
                            "Plan Width": 4,
                            "Actual Startup Time": 132.642,
                            "Actual Total Time": 132.643,
                            "Actual Rows": 13542,
                            "Actual Loops": 2,
                            "Hash Buckets": 32768,
                            "Original Hash Buckets": 32768,
                            "Hash Batches": 1,
                            "Original Hash Batches": 1,
                            "Peak Memory Usage": 1344,
                            "Plans": [
                              {
                                "Node Type": "Seq Scan",
                                "Parent Relationship": "Outer",
                                "Parallel Aware": true,
                                "Relation Name": "title",
                                "Alias": "t",
                                "Startup Cost": 0.0,
                                "Total Cost": 58306.47,
                                "Plan Rows": 15882,
                                "Plan Width": 4,
                                "Actual Startup Time": 0.26,
                                "Actual Total Time": 129.146,
                                "Actual Rows": 13542,
                                "Actual Loops": 2,
                                "Filter": "((kind_id < 7) AND (production_year > 2012))",
                                "Rows Removed by Filter": 1250614
                              }
                            ]
                          }
                        ]
                      }
                    ]
                  }
                ]
              }
            ]
          }
        ]
      }
    ]
  },
  "Planning Time": 0.688,
  "Triggers": [],
  "Execution Time": 2831.783
}