[
  {
    "Plan": {
      "Node Type": "Aggregate",
      "Strategy": "Plain",
      "Partial Mode": "Finalize",
      "Parallel Aware": false,
      "Startup Cost": 27553.16,
      "Total Cost": 27553.17,
      "Plan Rows": 1,
      "Plan Width": 8,
      "Actual Startup Time": 67.81,
      "Actual Total Time": 71.708,
      "Actual Rows": 1,
      "Actual Loops": 1,
      "Plans": [
        {
          "Node Type": "Gather",
          "Parent Relationship": "Outer",
          "Parallel Aware": false,
          "Startup Cost": 27552.84,
          "Total Cost": 27553.15,
          "Plan Rows": 3,
          "Plan Width": 8,
          "Actual Startup Time": 67.654,
          "Actual Total Time": 71.702,
          "Actual Rows": 4,
          "Actual Loops": 1,
          "Workers Planned": 3,
          "Workers Launched": 3,
          "Single Copy": false,
          "Plans": [
            {
              "Node Type": "Aggregate",
              "Strategy": "Plain",
              "Partial Mode": "Partial",
              "Parent Relationship": "Outer",
              "Parallel Aware": false,
              "Startup Cost": 26552.84,
              "Total Cost": 26552.85,
              "Plan Rows": 1,
              "Plan Width": 8,
              "Actual Startup Time": 60.745,
              "Actual Total Time": 60.746,
              "Actual Rows": 1,
              "Actual Loops": 4,
              "Plans": [
                {
                  "Node Type": "Bitmap Heap Scan",
                  "Parent Relationship": "Outer",
                  "Parallel Aware": true,
                  "Relation Name": "movie_companies",
                  "Alias": "mc",
                  "Startup Cost": 6242.24,
                  "Total Cost": 26434.2,
                  "Plan Rows": 47455,
                  "Plan Width": 0,
                  "Actual Startup Time": 20.904,
                  "Actual Total Time": 55.581,
                  "Actual Rows": 71586,
                  "Actual Loops": 4,
                  "Recheck Cond": "(company_id > 95210)",
                  "Rows Removed by Index Recheck": 0,
                  "Filter": "(company_type_id = 2)",
                  "Rows Removed by Filter": 0,
                  "Exact Heap Blocks": 2599,
                  "Lossy Heap Blocks": 0,
                  "Plans": [
                    {
                      "Node Type": "Bitmap Index Scan",
                      "Parent Relationship": "Outer",
                      "Parallel Aware": false,
                      "Index Name": "company_id_movie_companies",
                      "Startup Cost": 0.0,
                      "Total Cost": 6205.47,
                      "Plan Rows": 289738,
                      "Plan Width": 0,
                      "Actual Startup Time": 26.003,
                      "Actual Total Time": 26.004,
                      "Actual Rows": 286343,
                      "Actual Loops": 1,
                      "Index Cond": "(company_id > 95210)"
                    }
                  ]
                }
              ]
            }
          ]
        }
      ]
    },
    "Planning Time": 0.222,
    "Triggers": [],
    "Execution Time": 71.781
  }
]