[
    {
        "Bao": {
            "Bao prediction": 503.486,
            "Bao recommended hint": "(no hint)"
        }
    },
    {
        "Plan": {
            "Node Type": "Aggregate",
            "Strategy": "Plain",
            "Partial Mode": "Finalize",
            "Parallel Aware": false,
            "Startup Cost": 352368.5,
            "Total Cost": 352368.51,
            "Plan Rows": 1,
            "Plan Width": 8,
            "Actual Startup Time": 1051.187,
            "Actual Total Time": 1085.451,
            "Actual Rows": 1,
            "Actual Loops": 1,
            "Output": [
                "count(*)"
            ],
            "Plans": [
                {
                    "Node Type": "Gather",
                    "Parent Relationship": "Outer",
                    "Parallel Aware": false,
                    "Startup Cost": 352367.87,
                    "Total Cost": 352368.48,
                    "Plan Rows": 6,
                    "Plan Width": 8,
                    "Actual Startup Time": 1051.071,
                    "Actual Total Time": 1085.441,
                    "Actual Rows": 7,
                    "Actual Loops": 1,
                    "Output": [
                        "(PARTIAL count(*))"
                    ],
                    "Workers Planned": 6,
                    "Workers Launched": 6,
                    "Single Copy": false,
                    "Plans": [
                        {
                            "Node Type": "Aggregate",
                            "Strategy": "Plain",
                            "Partial Mode": "Partial",
                            "Parent Relationship": "Outer",
                            "Parallel Aware": false,
                            "Startup Cost": 351367.87,
                            "Total Cost": 351367.88,
                            "Plan Rows": 1,
                            "Plan Width": 8,
                            "Actual Startup Time": 1040.722,
                            "Actual Total Time": 1040.723,
                            "Actual Rows": 1,
                            "Actual Loops": 7,
                            "Output": [
                                "PARTIAL count(*)"
                            ],
                            "Workers": [
                                {
                                    "Worker Number": 0,
                                    "Actual Startup Time": 1036.313,
                                    "Actual Total Time": 1036.315,
                                    "Actual Rows": 1,
                                    "Actual Loops": 1
                                },
                                {
                                    "Worker Number": 1,
                                    "Actual Startup Time": 1036.313,
                                    "Actual Total Time": 1036.314,
                                    "Actual Rows": 1,
                                    "Actual Loops": 1
                                },
                                {
                                    "Worker Number": 2,
                                    "Actual Startup Time": 1039.859,
                                    "Actual Total Time": 1039.86,
                                    "Actual Rows": 1,
                                    "Actual Loops": 1
                                },
                                {
                                    "Worker Number": 3,
                                    "Actual Startup Time": 1040.721,
                                    "Actual Total Time": 1040.722,
                                    "Actual Rows": 1,
                                    "Actual Loops": 1
                                },
                                {
                                    "Worker Number": 4,
                                    "Actual Startup Time": 1040.744,
                                    "Actual Total Time": 1040.745,
                                    "Actual Rows": 1,
                                    "Actual Loops": 1
                                },
                                {
                                    "Worker Number": 5,
                                    "Actual Startup Time": 1040.869,
                                    "Actual Total Time": 1040.87,
                                    "Actual Rows": 1,
                                    "Actual Loops": 1
                                }
                            ],
                            "Plans": [
                                {
                                    "Node Type": "Seq Scan",
                                    "Parent Relationship": "Outer",
                                    "Parallel Aware": true,
                                    "Relation Name": "cast_info",
                                    "Schema": "public",
                                    "Alias": "ci",
                                    "Startup Cost": 0.0,
                                    "Total Cost": 343318.94,
                                    "Plan Rows": 3219573,
                                    "Plan Width": 0,
                                    "Actual Startup Time": 295.626,
                                    "Actual Total Time": 880.201,
                                    "Actual Rows": 2454005,
                                    "Actual Loops": 7,
                                    "Output": [
                                        "id",
                                        "person_id",
                                        "movie_id",
                                        "person_role_id",
                                        "note",
                                        "nr_order",
                                        "role_id"
                                    ],
                                    "Filter": "((ci.person_id < 3014589) AND (ci.role_id > 1))",
                                    "Rows Removed by Filter": 2723759,
                                    "Workers": [
                                        {
                                            "Worker Number": 0,
                                            "Actual Startup Time": 291.229,
                                            "Actual Total Time": 877.206,
                                            "Actual Rows": 2399627,
                                            "Actual Loops": 1
                                        },
                                        {
                                            "Worker Number": 1,
                                            "Actual Startup Time": 291.23,
                                            "Actual Total Time": 877.402,
                                            "Actual Rows": 2392791,
                                            "Actual Loops": 1
                                        },
                                        {
                                            "Worker Number": 2,
                                            "Actual Startup Time": 294.753,
                                            "Actual Total Time": 883.041,
                                            "Actual Rows": 2361720,
                                            "Actual Loops": 1
                                        },
                                        {
                                            "Worker Number": 3,
                                            "Actual Startup Time": 295.619,
                                            "Actual Total Time": 881.556,
                                            "Actual Rows": 2397291,
                                            "Actual Loops": 1
                                        },
                                        {
                                            "Worker Number": 4,
                                            "Actual Startup Time": 295.658,
                                            "Actual Total Time": 881.067,
                                            "Actual Rows": 2406168,
                                            "Actual Loops": 1
                                        },
                                        {
                                            "Worker Number": 5,
                                            "Actual Startup Time": 295.751,
                                            "Actual Total Time": 881.96,
                                            "Actual Rows": 2392555,
                                            "Actual Loops": 1
                                        }
                                    ]
                                }
                            ]
                        }
                    ]
                }
            ]
        },
        "Planning Time": 2887.424,
        "Triggers": [],
        "Execution Time": 1085.549
    }
]