[
  {
    "Plan": {
      "Node Type": "Aggregate",
      "Strategy": "Plain",
      "Partial Mode": "Finalize",
      "Parallel Aware": false,
      "Startup Cost": 56021.35,
      "Total Cost": 56021.36,
      "Plan Rows": 1,
      "Plan Width": 8,
      "Actual Startup Time": 110.638,
      "Actual Total Time": 125.873,
      "Actual Rows": 1,
      "Actual Loops": 1,
      "Plans": [
        {
          "Node Type": "Gather",
          "Parent Relationship": "Outer",
          "Parallel Aware": false,
          "Startup Cost": 56020.93,
          "Total Cost": 56021.34,
          "Plan Rows": 4,
          "Plan Width": 8,
          "Actual Startup Time": 110.286,
          "Actual Total Time": 125.858,
          "Actual Rows": 5,
          "Actual Loops": 1,
          "Workers Planned": 4,
          "Workers Launched": 4,
          "Single Copy": false,
          "Plans": [
            {
              "Node Type": "Aggregate",
              "Strategy": "Plain",
              "Partial Mode": "Partial",
              "Parent Relationship": "Outer",
              "Parallel Aware": false,
              "Startup Cost": 55020.93,
              "Total Cost": 55020.94,
              "Plan Rows": 1,
              "Plan Width": 8,
              "Actual Startup Time": 105.238,
              "Actual Total Time": 105.24,
              "Actual Rows": 1,
              "Actual Loops": 5,
              "Plans": [
                {
                  "Node Type": "Nested Loop",
                  "Parent Relationship": "Outer",
                  "Parallel Aware": false,
                  "Join Type": "Inner",
                  "Startup Cost": 0.43,
                  "Total Cost": 55019.48,
                  "Plan Rows": 579,
                  "Plan Width": 0,
                  "Actual Startup Time": 1.267,
                  "Actual Total Time": 105.105,
                  "Actual Rows": 1216,
                  "Actual Loops": 5,
                  "Inner Unique": false,
                  "Plans": [
                    {
                      "Node Type": "Seq Scan",
                      "Parent Relationship": "Outer",
                      "Parallel Aware": true,
                      "Relation Name": "title",
                      "Alias": "t",
                      "Startup Cost": 0.0,
                      "Total Cost": 45479.59,
                      "Plan Rows": 1584,
                      "Plan Width": 4,
                      "Actual Startup Time": 0.557,
                      "Actual Total Time": 90.779,
                      "Actual Rows": 1383,
                      "Actual Loops": 5,
                      "Filter": "((kind_id < 4) AND (production_year = 1985))",
                      "Rows Removed by Filter": 504279
                    },
                    {
                      "Node Type": "Index Scan",
                      "Parent Relationship": "Inner",
                      "Parallel Aware": false,
                      "Scan Direction": "Forward",
                      "Index Name": "movie_id_movie_info_idx",
                      "Relation Name": "movie_info_idx",
                      "Alias": "mi_idx",
                      "Startup Cost": 0.43,
                      "Total Cost": 6.0,
                      "Plan Rows": 2,
                      "Plan Width": 4,
                      "Actual Startup Time": 0.01,
                      "Actual Total Time": 0.01,
                      "Actual Rows": 1,
                      "Actual Loops": 6915,
                      "Index Cond": "(movie_id = t.id)",
                      "Rows Removed by Index Recheck": 0,
                      "Filter": "(info_type_id > 99)",
                      "Rows Removed by Filter": 0
                    }
                  ]
                }
              ]
            }
          ]
        }
      ]
    },
    "Planning Time": 0.519,
    "Triggers": [],
    "Execution Time": 125.937
  }
]