[
  {
    "Plan": {
      "Node Type": "Aggregate",
      "Strategy": "Plain",
      "Partial Mode": "Finalize",
      "Parallel Aware": false,
      "Startup Cost": 340225.98,
      "Total Cost": 340225.99,
      "Plan Rows": 1,
      "Plan Width": 8,
      "Actual Startup Time": 474.056,
      "Actual Total Time": 496.001,
      "Actual Rows": 1,
      "Actual Loops": 1,
      "Plans": [
        {
          "Node Type": "Gather",
          "Parent Relationship": "Outer",
          "Parallel Aware": false,
          "Startup Cost": 340225.35,
          "Total Cost": 340225.96,
          "Plan Rows": 6,
          "Plan Width": 8,
          "Actual Startup Time": 473.969,
          "Actual Total Time": 495.985,
          "Actual Rows": 7,
          "Actual Loops": 1,
          "Workers Planned": 6,
          "Workers Launched": 6,
          "Single Copy": false,
          "Plans": [
            {
              "Node Type": "Aggregate",
              "Strategy": "Plain",
              "Partial Mode": "Partial",
              "Parent Relationship": "Outer",
              "Parallel Aware": false,
              "Startup Cost": 339225.35,
              "Total Cost": 339225.36,
              "Plan Rows": 1,
              "Plan Width": 8,
              "Actual Startup Time": 464.851,
              "Actual Total Time": 464.853,
              "Actual Rows": 1,
              "Actual Loops": 7,
              "Plans": [
                {
                  "Node Type": "Index Scan",
                  "Parent Relationship": "Outer",
                  "Parallel Aware": true,
                  "Scan Direction": "Forward",
                  "Index Name": "role_id_cast_info",
                  "Relation Name": "cast_info",
                  "Alias": "ci",
                  "Startup Cost": 0.56,
                  "Total Cost": 335235.55,
                  "Plan Rows": 1595922,
                  "Plan Width": 0,
                  "Actual Startup Time": 0.154,
                  "Actual Total Time": 382.709,
                  "Actual Rows": 1810098,
                  "Actual Loops": 7,
                  "Index Cond": "(role_id < 2)",
                  "Rows Removed by Index Recheck": 0,
                  "Filter": "(person_id < 2850468)",
                  "Rows Removed by Filter": 0
                }
              ]
            }
          ]
        }
      ]
    },
    "Planning Time": 0.23,
    "Triggers": [],
    "Execution Time": 496.068
  }
]