[
  {
    "Plan": {
      "Node Type": "Aggregate",
      "Strategy": "Plain",
      "Partial Mode": "Simple",
      "Parallel Aware": false,
      "Startup Cost": 273038.49,
      "Total Cost": 273038.5,
      "Plan Rows": 1,
      "Plan Width": 8,
      "Actual Startup Time": 95.102,
      "Actual Total Time": 95.103,
      "Actual Rows": 1,
      "Actual Loops": 1,
      "Plans": [
        {
          "Node Type": "Bitmap Heap Scan",
          "Parent Relationship": "Outer",
          "Parallel Aware": false,
          "Relation Name": "cast_info",
          "Alias": "ci",
          "Startup Cost": 5831.75,
          "Total Cost": 272604.08,
          "Plan Rows": 173764,
          "Plan Width": 0,
          "Actual Startup Time": 24.253,
          "Actual Total Time": 77.168,
          "Actual Rows": 268124,
          "Actual Loops": 1,
          "Recheck Cond": "(person_id > 4014148)",
          "Rows Removed by Index Recheck": 0,
          "Filter": "(role_id > 1)",
          "Rows Removed by Filter": 0,
          "Exact Heap Blocks": 3315,
          "Lossy Heap Blocks": 0,
          "Plans": [
            {
              "Node Type": "Bitmap Index Scan",
              "Parent Relationship": "Outer",
              "Parallel Aware": false,
              "Index Name": "person_id_cast_info",
              "Startup Cost": 0.0,
              "Total Cost": 5788.31,
              "Plan Rows": 265033,
              "Plan Width": 0,
              "Actual Startup Time": 23.612,
              "Actual Total Time": 23.613,
              "Actual Rows": 268124,
              "Actual Loops": 1,
              "Index Cond": "(person_id > 4014148)"
            }
          ]
        }
      ]
    },
    "Planning Time": 0.256,
    "Triggers": [],
    "Execution Time": 95.153
  }
]