[
  {
    "Plan": {
      "Node Type": "Aggregate",
      "Strategy": "Plain",
      "Partial Mode": "Finalize",
      "Parallel Aware": false,
      "Startup Cost": 76879.06,
      "Total Cost": 76879.07,
      "Plan Rows": 1,
      "Plan Width": 8,
      "Actual Startup Time": 186.761,
      "Actual Total Time": 201.134,
      "Actual Rows": 1,
      "Actual Loops": 1,
      "Plans": [
        {
          "Node Type": "Gather",
          "Parent Relationship": "Outer",
          "Parallel Aware": false,
          "Startup Cost": 76878.74,
          "Total Cost": 76879.05,
          "Plan Rows": 3,
          "Plan Width": 8,
          "Actual Startup Time": 186.476,
          "Actual Total Time": 201.126,
          "Actual Rows": 4,
          "Actual Loops": 1,
          "Workers Planned": 3,
          "Workers Launched": 3,
          "Single Copy": false,
          "Plans": [
            {
              "Node Type": "Aggregate",
              "Strategy": "Plain",
              "Partial Mode": "Partial",
              "Parent Relationship": "Outer",
              "Parallel Aware": false,
              "Startup Cost": 75878.74,
              "Total Cost": 75878.75,
              "Plan Rows": 1,
              "Plan Width": 8,
              "Actual Startup Time": 178.04,
              "Actual Total Time": 178.043,
              "Actual Rows": 1,
              "Actual Loops": 4,
              "Plans": [
                {
                  "Node Type": "Hash Join",
                  "Parent Relationship": "Outer",
                  "Parallel Aware": true,
                  "Join Type": "Inner",
                  "Startup Cost": 44020.07,
                  "Total Cost": 75872.35,
                  "Plan Rows": 2555,
                  "Plan Width": 0,
                  "Actual Startup Time": 98.19,
                  "Actual Total Time": 177.88,
                  "Actual Rows": 2792,
                  "Actual Loops": 4,
                  "Inner Unique": true,
                  "Hash Cond": "(mc.movie_id = t.id)",
                  "Plans": [
                    {
                      "Node Type": "Seq Scan",
                      "Parent Relationship": "Outer",
                      "Parallel Aware": true,
                      "Relation Name": "movie_companies",
                      "Alias": "mc",
                      "Startup Cost": 0.0,
                      "Total Cost": 31414.82,
                      "Plan Rows": 166654,
                      "Plan Width": 4,
                      "Actual Startup Time": 0.031,
                      "Actual Total Time": 61.988,
                      "Actual Rows": 181612,
                      "Actual Loops": 4,
                      "Filter": "((company_id < 6132) AND (company_type_id = 1))",
                      "Rows Removed by Filter": 470670
                    },
                    {
                      "Node Type": "Hash",
                      "Parent Relationship": "Inner",
                      "Parallel Aware": true,
                      "Startup Cost": 43898.92,
                      "Total Cost": 43898.92,
                      "Plan Rows": 9692,
                      "Plan Width": 4,
                      "Actual Startup Time": 96.43,
                      "Actual Total Time": 96.431,
                      "Actual Rows": 9739,
                      "Actual Loops": 4,
                      "Hash Buckets": 65536,
                      "Original Hash Buckets": 65536,
                      "Hash Batches": 1,
                      "Original Hash Batches": 1,
                      "Peak Memory Usage": 2112,
                      "Plans": [
                        {
                          "Node Type": "Seq Scan",
                          "Parent Relationship": "Outer",
                          "Parallel Aware": true,
                          "Relation Name": "title",
                          "Alias": "t",
                          "Startup Cost": 0.0,
                          "Total Cost": 43898.92,
                          "Plan Rows": 9692,
                          "Plan Width": 4,
                          "Actual Startup Time": 0.068,
                          "Actual Total Time": 91.37,
                          "Actual Rows": 9739,
                          "Actual Loops": 4,
                          "Filter": "(production_year = 1997)",
                          "Rows Removed by Filter": 622339
                        }
                      ]
                    }
                  ]
                }
              ]
            }
          ]
        }
      ]
    },
    "Planning Time": 0.399,
    "Triggers": [],
    "Execution Time": 201.184
  }
]