[
    {
        "Bao": {
            "Bao prediction": "NaN",
            "Bao recommended hint": "(no hint)"
        }
    },
    {
        "Plan": {
            "Node Type": "Aggregate",
            "Strategy": "Plain",
            "Partial Mode": "Finalize",
            "Parallel Aware": false,
            "Startup Cost": 33319.58,
            "Total Cost": 33319.59,
            "Plan Rows": 1,
            "Plan Width": 8,
            "Actual Startup Time": 88.957,
            "Actual Total Time": 92.437,
            "Actual Rows": 1,
            "Actual Loops": 1,
            "Output": [
                "count(*)"
            ],
            "Plans": [
                {
                    "Node Type": "Gather",
                    "Parent Relationship": "Outer",
                    "Parallel Aware": false,
                    "Startup Cost": 33319.26,
                    "Total Cost": 33319.57,
                    "Plan Rows": 3,
                    "Plan Width": 8,
                    "Actual Startup Time": 88.82,
                    "Actual Total Time": 92.431,
                    "Actual Rows": 4,
                    "Actual Loops": 1,
                    "Output": [
                        "(PARTIAL count(*))"
                    ],
                    "Workers Planned": 3,
                    "Workers Launched": 3,
                    "Single Copy": false,
                    "Plans": [
                        {
                            "Node Type": "Aggregate",
                            "Strategy": "Plain",
                            "Partial Mode": "Partial",
                            "Parent Relationship": "Outer",
                            "Parallel Aware": false,
                            "Startup Cost": 32319.26,
                            "Total Cost": 32319.27,
                            "Plan Rows": 1,
                            "Plan Width": 8,
                            "Actual Startup Time": 80.747,
                            "Actual Total Time": 80.748,
                            "Actual Rows": 1,
                            "Actual Loops": 4,
                            "Output": [
                                "PARTIAL count(*)"
                            ],
                            "Workers": [
                                {
                                    "Worker Number": 0,
                                    "Actual Startup Time": 78.128,
                                    "Actual Total Time": 78.128,
                                    "Actual Rows": 1,
                                    "Actual Loops": 1
                                },
                                {
                                    "Worker Number": 1,
                                    "Actual Startup Time": 78.148,
                                    "Actual Total Time": 78.15,
                                    "Actual Rows": 1,
                                    "Actual Loops": 1
                                },
                                {
                                    "Worker Number": 2,
                                    "Actual Startup Time": 78.156,
                                    "Actual Total Time": 78.157,
                                    "Actual Rows": 1,
                                    "Actual Loops": 1
                                }
                            ],
                            "Plans": [
                                {
                                    "Node Type": "Seq Scan",
                                    "Parent Relationship": "Outer",
                                    "Parallel Aware": true,
                                    "Relation Name": "movie_companies",
                                    "Schema": "public",
                                    "Alias": "mc",
                                    "Startup Cost": 0.0,
                                    "Total Cost": 31414.82,
                                    "Plan Rows": 361776,
                                    "Plan Width": 0,
                                    "Actual Startup Time": 39.692,
                                    "Actual Total Time": 71.472,
                                    "Actual Rows": 230192,
                                    "Actual Loops": 4,
                                    "Output": [
                                        "id",
                                        "movie_id",
                                        "company_id",
                                        "company_type_id",
                                        "note"
                                    ],
                                    "Filter": "((mc.company_id < 80606) AND (mc.company_type_id = 2))",
                                    "Rows Removed by Filter": 422090,
                                    "Workers": [
                                        {
                                            "Worker Number": 0,
                                            "Actual Startup Time": 37.066,
                                            "Actual Total Time": 69.03,
                                            "Actual Rows": 216931,
                                            "Actual Loops": 1
                                        },
                                        {
                                            "Worker Number": 1,
                                            "Actual Startup Time": 37.099,
                                            "Actual Total Time": 69.03,
                                            "Actual Rows": 223244,
                                            "Actual Loops": 1
                                        },
                                        {
                                            "Worker Number": 2,
                                            "Actual Startup Time": 37.1,
                                            "Actual Total Time": 69.019,
                                            "Actual Rows": 221441,
                                            "Actual Loops": 1
                                        }
                                    ]
                                }
                            ]
                        }
                    ]
                }
            ]
        },
        "Planning Time": 180.848,
        "Triggers": [],
        "Execution Time": 92.483
    }
]