[
  {
    "Plan": {
      "Node Type": "Aggregate",
      "Strategy": "Plain",
      "Partial Mode": "Finalize",
      "Parallel Aware": false,
      "Startup Cost": 45555.21,
      "Total Cost": 45555.22,
      "Plan Rows": 1,
      "Plan Width": 8,
      "Actual Startup Time": 145.047,
      "Actual Total Time": 156.773,
      "Actual Rows": 1,
      "Actual Loops": 1,
      "Plans": [
        {
          "Node Type": "Gather",
          "Parent Relationship": "Outer",
          "Parallel Aware": false,
          "Startup Cost": 45554.89,
          "Total Cost": 45555.2,
          "Plan Rows": 3,
          "Plan Width": 8,
          "Actual Startup Time": 144.9,
          "Actual Total Time": 156.764,
          "Actual Rows": 4,
          "Actual Loops": 1,
          "Workers Planned": 3,
          "Workers Launched": 3,
          "Single Copy": false,
          "Plans": [
            {
              "Node Type": "Aggregate",
              "Strategy": "Plain",
              "Partial Mode": "Partial",
              "Parent Relationship": "Outer",
              "Parallel Aware": false,
              "Startup Cost": 44554.89,
              "Total Cost": 44554.9,
              "Plan Rows": 1,
              "Plan Width": 8,
              "Actual Startup Time": 140.852,
              "Actual Total Time": 140.853,
              "Actual Rows": 1,
              "Actual Loops": 4,
              "Plans": [
                {
                  "Node Type": "Seq Scan",
                  "Parent Relationship": "Outer",
                  "Parallel Aware": true,
                  "Relation Name": "movie_keyword",
                  "Alias": "mk",
                  "Startup Cost": 0.0,
                  "Total Cost": 42695.65,
                  "Plan Rows": 743695,
                  "Plan Width": 0,
                  "Actual Startup Time": 0.031,
                  "Actual Total Time": 113.458,
                  "Actual Rows": 579424,
                  "Actual Loops": 4,
                  "Filter": "(keyword_id < 5037)",
                  "Rows Removed by Filter": 551559
                }
              ]
            }
          ]
        }
      ]
    },
    "Planning Time": 0.191,
    "Triggers": [],
    "Execution Time": 156.831
  }
]