[
  {
    "Plan": {
      "Node Type": "Aggregate",
      "Strategy": "Plain",
      "Partial Mode": "Finalize",
      "Parallel Aware": false,
      "Startup Cost": 38375.36,
      "Total Cost": 38375.37,
      "Plan Rows": 1,
      "Plan Width": 8,
      "Actual Startup Time": 35.372,
      "Actual Total Time": 40.259,
      "Actual Rows": 1,
      "Actual Loops": 1,
      "Plans": [
        {
          "Node Type": "Gather",
          "Parent Relationship": "Outer",
          "Parallel Aware": false,
          "Startup Cost": 38375.15,
          "Total Cost": 38375.36,
          "Plan Rows": 2,
          "Plan Width": 8,
          "Actual Startup Time": 35.152,
          "Actual Total Time": 40.25,
          "Actual Rows": 3,
          "Actual Loops": 1,
          "Workers Planned": 2,
          "Workers Launched": 2,
          "Single Copy": false,
          "Plans": [
            {
              "Node Type": "Aggregate",
              "Strategy": "Plain",
              "Partial Mode": "Partial",
              "Parent Relationship": "Outer",
              "Parallel Aware": false,
              "Startup Cost": 37375.15,
              "Total Cost": 37375.16,
              "Plan Rows": 1,
              "Plan Width": 8,
              "Actual Startup Time": 26.644,
              "Actual Total Time": 26.645,
              "Actual Rows": 1,
              "Actual Loops": 3,
              "Plans": [
                {
                  "Node Type": "Nested Loop",
                  "Parent Relationship": "Outer",
                  "Parallel Aware": false,
                  "Join Type": "Inner",
                  "Startup Cost": 110.22,
                  "Total Cost": 37371.47,
                  "Plan Rows": 1472,
                  "Plan Width": 0,
                  "Actual Startup Time": 2.412,
                  "Actual Total Time": 26.555,
                  "Actual Rows": 220,
                  "Actual Loops": 3,
                  "Inner Unique": true,
                  "Plans": [
                    {
                      "Node Type": "Bitmap Heap Scan",
                      "Parent Relationship": "Outer",
                      "Parallel Aware": true,
                      "Relation Name": "movie_info",
                      "Alias": "mi",
                      "Startup Cost": 109.79,
                      "Total Cost": 19887.18,
                      "Plan Rows": 2438,
                      "Plan Width": 4,
                      "Actual Startup Time": 1.417,
                      "Actual Total Time": 5.559,
                      "Actual Rows": 2193,
                      "Actual Loops": 3,
                      "Recheck Cond": "(info_type_id = 77)",
                      "Rows Removed by Index Recheck": 0,
                      "Exact Heap Blocks": 1044,
                      "Lossy Heap Blocks": 0,
                      "Plans": [
                        {
                          "Node Type": "Bitmap Index Scan",
                          "Parent Relationship": "Outer",
                          "Parallel Aware": false,
                          "Index Name": "info_type_id_movie_info",
                          "Startup Cost": 0.0,
                          "Total Cost": 108.33,
                          "Plan Rows": 5852,
                          "Plan Width": 0,
                          "Actual Startup Time": 3.22,
                          "Actual Total Time": 3.22,
                          "Actual Rows": 6578,
                          "Actual Loops": 1,
                          "Index Cond": "(info_type_id = 77)"
                        }
                      ]
                    },
                    {
                      "Node Type": "Index Scan",
                      "Parent Relationship": "Inner",
                      "Parallel Aware": false,
                      "Scan Direction": "Forward",
                      "Index Name": "title_pkey",
                      "Relation Name": "title",
                      "Alias": "t",
                      "Startup Cost": 0.43,
                      "Total Cost": 7.17,
                      "Plan Rows": 1,
                      "Plan Width": 4,
                      "Actual Startup Time": 0.009,
                      "Actual Total Time": 0.009,
                      "Actual Rows": 0,
                      "Actual Loops": 6578,
                      "Index Cond": "(id = mi.movie_id)",
                      "Rows Removed by Index Recheck": 0,
                      "Filter": "((kind_id > 1) AND (production_year < 2011))",
                      "Rows Removed by Filter": 1
                    }
                  ]
                }
              ]
            }
          ]
        }
      ]
    },
    "Planning Time": 0.708,
    "Triggers": [],
    "Execution Time": 40.39
  }
]