[
  {
    "Plan": {
      "Node Type": "Aggregate",
      "Strategy": "Plain",
      "Partial Mode": "Finalize",
      "Parallel Aware": false,
      "Startup Cost": 24221.95,
      "Total Cost": 24221.96,
      "Plan Rows": 1,
      "Plan Width": 8,
      "Actual Startup Time": 28.614,
      "Actual Total Time": 33.617,
      "Actual Rows": 1,
      "Actual Loops": 1,
      "Plans": [
        {
          "Node Type": "Gather",
          "Parent Relationship": "Outer",
          "Parallel Aware": false,
          "Startup Cost": 24221.73,
          "Total Cost": 24221.94,
          "Plan Rows": 2,
          "Plan Width": 8,
          "Actual Startup Time": 28.485,
          "Actual Total Time": 33.61,
          "Actual Rows": 3,
          "Actual Loops": 1,
          "Workers Planned": 2,
          "Workers Launched": 2,
          "Single Copy": false,
          "Plans": [
            {
              "Node Type": "Aggregate",
              "Strategy": "Plain",
              "Partial Mode": "Partial",
              "Parent Relationship": "Outer",
              "Parallel Aware": false,
              "Startup Cost": 23221.73,
              "Total Cost": 23221.74,
              "Plan Rows": 1,
              "Plan Width": 8,
              "Actual Startup Time": 23.881,
              "Actual Total Time": 23.882,
              "Actual Rows": 1,
              "Actual Loops": 3,
              "Plans": [
                {
                  "Node Type": "Nested Loop",
                  "Parent Relationship": "Outer",
                  "Parallel Aware": false,
                  "Join Type": "Inner",
                  "Startup Cost": 63.6,
                  "Total Cost": 23219.57,
                  "Plan Rows": 866,
                  "Plan Width": 0,
                  "Actual Startup Time": 1.586,
                  "Actual Total Time": 23.833,
                  "Actual Rows": 220,
                  "Actual Loops": 3,
                  "Inner Unique": true,
                  "Plans": [
                    {
                      "Node Type": "Bitmap Heap Scan",
                      "Parent Relationship": "Outer",
                      "Parallel Aware": true,
                      "Relation Name": "movie_info",
                      "Alias": "mi",
                      "Startup Cost": 63.17,
                      "Total Cost": 12250.29,
                      "Plan Rows": 1438,
                      "Plan Width": 4,
                      "Actual Startup Time": 1.072,
                      "Actual Total Time": 4.693,
                      "Actual Rows": 2193,
                      "Actual Loops": 3,
                      "Recheck Cond": "(info_type_id = 77)",
                      "Rows Removed by Index Recheck": 0,
                      "Exact Heap Blocks": 892,
                      "Lossy Heap Blocks": 0,
                      "Plans": [
                        {
                          "Node Type": "Bitmap Index Scan",
                          "Parent Relationship": "Outer",
                          "Parallel Aware": false,
                          "Index Name": "info_type_id_movie_info",
                          "Startup Cost": 0.0,
                          "Total Cost": 62.31,
                          "Plan Rows": 3450,
                          "Plan Width": 0,
                          "Actual Startup Time": 2.632,
                          "Actual Total Time": 2.632,
                          "Actual Rows": 6578,
                          "Actual Loops": 1,
                          "Index Cond": "(info_type_id = 77)"
                        }
                      ]
                    },
                    {
                      "Node Type": "Index Scan",
                      "Parent Relationship": "Inner",
                      "Parallel Aware": false,
                      "Scan Direction": "Forward",
                      "Index Name": "title_pkey",
                      "Relation Name": "title",
                      "Alias": "t",
                      "Startup Cost": 0.43,
                      "Total Cost": 7.63,
                      "Plan Rows": 1,
                      "Plan Width": 4,
                      "Actual Startup Time": 0.008,
                      "Actual Total Time": 0.008,
                      "Actual Rows": 0,
                      "Actual Loops": 6578,
                      "Index Cond": "(id = mi.movie_id)",
                      "Rows Removed by Index Recheck": 0,
                      "Filter": "((kind_id > 1) AND (production_year < 2011))",
                      "Rows Removed by Filter": 1
                    }
                  ]
                }
              ]
            }
          ]
        }
      ]
    },
    "Planning Time": 0.409,
    "Triggers": [],
    "Execution Time": 33.678
  }
]