{
  "Plan": {
    "Node Type": "Aggregate",
    "Strategy": "Plain",
    "Partial Mode": "Finalize",
    "Parallel Aware": false,
    "Startup Cost": 120852.52,
    "Total Cost": 120852.53,
    "Plan Rows": 1,
    "Plan Width": 8,
    "Actual Startup Time": 1387.177,
    "Actual Total Time": 1428.719,
    "Actual Rows": 1,
    "Actual Loops": 1,
    "Plans": [
      {
        "Node Type": "Gather",
        "Parent Relationship": "Outer",
        "Parallel Aware": false,
        "Startup Cost": 120852.41,
        "Total Cost": 120852.52,
        "Plan Rows": 1,
        "Plan Width": 8,
        "Actual Startup Time": 1385.543,
        "Actual Total Time": 1428.71,
        "Actual Rows": 2,
        "Actual Loops": 1,
        "Workers Planned": 1,
        "Workers Launched": 1,
        "Single Copy": false,
        "Plans": [
          {
            "Node Type": "Aggregate",
            "Strategy": "Plain",
            "Partial Mode": "Partial",
            "Parent Relationship": "Outer",
            "Parallel Aware": false,
            "Startup Cost": 119852.41,
            "Total Cost": 119852.42,
            "Plan Rows": 1,
            "Plan Width": 8,
            "Actual Startup Time": 1379.205,
            "Actual Total Time": 1379.21,
            "Actual Rows": 1,
            "Actual Loops": 2,
            "Plans": [
              {
                "Node Type": "Nested Loop",
                "Parent Relationship": "Outer",
                "Parallel Aware": false,
                "Join Type": "Inner",
                "Startup Cost": 63063.06,
                "Total Cost": 119664.5,
                "Plan Rows": 75165,
                "Plan Width": 0,
                "Actual Startup Time": 353.797,
                "Actual Total Time": 1277.783,
                "Actual Rows": 2013754,
                "Actual Loops": 2,
                "Inner Unique": false,
                "Plans": [
                  {
                    "Node Type": "Hash Join",
                    "Parent Relationship": "Outer",
                    "Parallel Aware": true,
                    "Join Type": "Inner",
                    "Startup Cost": 63062.63,
                    "Total Cost": 88012.44,
                    "Plan Rows": 12855,
                    "Plan Width": 8,
                    "Actual Startup Time": 353.641,
                    "Actual Total Time": 400.552,
                    "Actual Rows": 27206,
                    "Actual Loops": 2,
                    "Inner Unique": true,
                    "Hash Cond": "(mk.movie_id = t.id)",
                    "Plans": [
                      {
                        "Node Type": "Bitmap Heap Scan",
                        "Parent Relationship": "Outer",
                        "Parallel Aware": true,
                        "Relation Name": "movie_keyword",
                        "Alias": "mk",
                        "Startup Cost": 1184.32,
                        "Total Cost": 26048.09,
                        "Plan Rows": 32781,
                        "Plan Width": 4,
                        "Actual Startup Time": 5.365,
                        "Actual Total Time": 35.196,
                        "Actual Rows": 27206,
                        "Actual Loops": 2,
                        "Recheck Cond": "(keyword_id > 97561)",
                        "Rows Removed by Index Recheck": 0,
                        "Exact Heap Blocks": 8751,
                        "Lossy Heap Blocks": 0,
                        "Plans": [
                          {
                            "Node Type": "Bitmap Index Scan",
                            "Parent Relationship": "Outer",
                            "Parallel Aware": false,
                            "Index Name": "keyword_id_movie_keyword",
                            "Startup Cost": 0.0,
                            "Total Cost": 1170.39,
                            "Plan Rows": 55728,
                            "Plan Width": 0,
                            "Actual Startup Time": 3.547,
                            "Actual Total Time": 3.548,
                            "Actual Rows": 54413,
                            "Actual Loops": 1,
                            "Index Cond": "(keyword_id > 97561)"
                          }
                        ]
                      },
                      {
                        "Node Type": "Hash",
                        "Parent Relationship": "Inner",
                        "Parallel Aware": true,
                        "Startup Cost": 54588.39,
                        "Total Cost": 54588.39,
                        "Plan Rows": 583193,
                        "Plan Width": 4,
                        "Actual Startup Time": 340.466,
                        "Actual Total Time": 340.467,
                        "Actual Rows": 492524,
                        "Actual Loops": 2,
                        "Hash Buckets": 1048576,
                        "Original Hash Buckets": 1048576,
                        "Hash Batches": 1,
                        "Original Hash Batches": 1,
                        "Peak Memory Usage": 46752,
                        "Plans": [
                          {
                            "Node Type": "Seq Scan",
                            "Parent Relationship": "Outer",
                            "Parallel Aware": true,
                            "Relation Name": "title",
                            "Alias": "t",
                            "Startup Cost": 0.0,
                            "Total Cost": 54588.39,
                            "Plan Rows": 583193,
                            "Plan Width": 4,
                            "Actual Startup Time": 0.045,
                            "Actual Total Time": 178.126,
                            "Actual Rows": 492524,
                            "Actual Loops": 2,
                            "Filter": "(kind_id < 7)",
                            "Rows Removed by Filter": 771632
                          }
                        ]
                      }
                    ]
                  },
                  {
                    "Node Type": "Index Only Scan",
                    "Parent Relationship": "Inner",
                    "Parallel Aware": false,
                    "Scan Direction": "Forward",
                    "Index Name": "movie_id_movie_info",
                    "Relation Name": "movie_info",
                    "Alias": "mi",
                    "Startup Cost": 0.43,
                    "Total Cost": 2.04,
                    "Plan Rows": 42,
                    "Plan Width": 4,
                    "Actual Startup Time": 0.006,
                    "Actual Total Time": 0.026,
                    "Actual Rows": 74,
                    "Actual Loops": 54413,
                    "Index Cond": "(movie_id = t.id)",
                    "Rows Removed by Index Recheck": 0,
                    "Heap Fetches": 4027509
                  }
                ]
              }
            ]
          }
        ]
      }
    ]
  },
  "Planning Time": 0.956,
  "Triggers": [],
  "Execution Time": 1428.823
}