[
    {
        "Bao": {
            "Bao prediction": 1160.369,
            "Bao recommended hint": "(no hint)"
        }
    },
    {
        "Plan": {
            "Node Type": "Aggregate",
            "Strategy": "Plain",
            "Partial Mode": "Finalize",
            "Parallel Aware": false,
            "Startup Cost": 68973.21,
            "Total Cost": 68973.22,
            "Plan Rows": 1,
            "Plan Width": 8,
            "Actual Startup Time": 140.795,
            "Actual Total Time": 152.707,
            "Actual Rows": 1,
            "Actual Loops": 1,
            "Output": [
                "count(*)"
            ],
            "Plans": [
                {
                    "Node Type": "Gather",
                    "Parent Relationship": "Outer",
                    "Parallel Aware": false,
                    "Startup Cost": 68972.79,
                    "Total Cost": 68973.2,
                    "Plan Rows": 4,
                    "Plan Width": 8,
                    "Actual Startup Time": 140.187,
                    "Actual Total Time": 152.699,
                    "Actual Rows": 5,
                    "Actual Loops": 1,
                    "Output": [
                        "(PARTIAL count(*))"
                    ],
                    "Workers Planned": 4,
                    "Workers Launched": 4,
                    "Single Copy": false,
                    "Plans": [
                        {
                            "Node Type": "Aggregate",
                            "Strategy": "Plain",
                            "Partial Mode": "Partial",
                            "Parent Relationship": "Outer",
                            "Parallel Aware": false,
                            "Startup Cost": 67972.79,
                            "Total Cost": 67972.8,
                            "Plan Rows": 1,
                            "Plan Width": 8,
                            "Actual Startup Time": 130.507,
                            "Actual Total Time": 130.511,
                            "Actual Rows": 1,
                            "Actual Loops": 5,
                            "Output": [
                                "PARTIAL count(*)"
                            ],
                            "Workers": [
                                {
                                    "Worker Number": 0,
                                    "Actual Startup Time": 127.978,
                                    "Actual Total Time": 127.982,
                                    "Actual Rows": 1,
                                    "Actual Loops": 1
                                },
                                {
                                    "Worker Number": 1,
                                    "Actual Startup Time": 128.178,
                                    "Actual Total Time": 128.182,
                                    "Actual Rows": 1,
                                    "Actual Loops": 1
                                },
                                {
                                    "Worker Number": 2,
                                    "Actual Startup Time": 128.257,
                                    "Actual Total Time": 128.259,
                                    "Actual Rows": 1,
                                    "Actual Loops": 1
                                },
                                {
                                    "Worker Number": 3,
                                    "Actual Startup Time": 128.827,
                                    "Actual Total Time": 128.83,
                                    "Actual Rows": 1,
                                    "Actual Loops": 1
                                }
                            ],
                            "Plans": [
                                {
                                    "Node Type": "Nested Loop",
                                    "Parent Relationship": "Outer",
                                    "Parallel Aware": false,
                                    "Join Type": "Inner",
                                    "Startup Cost": 20148.95,
                                    "Total Cost": 67970.12,
                                    "Plan Rows": 1068,
                                    "Plan Width": 0,
                                    "Actual Startup Time": 26.901,
                                    "Actual Total Time": 130.058,
                                    "Actual Rows": 6338,
                                    "Actual Loops": 5,
                                    "Inner Unique": false,
                                    "Workers": [
                                        {
                                            "Worker Number": 0,
                                            "Actual Startup Time": 24.124,
                                            "Actual Total Time": 127.49,
                                            "Actual Rows": 6040,
                                            "Actual Loops": 1
                                        },
                                        {
                                            "Worker Number": 1,
                                            "Actual Startup Time": 25.12,
                                            "Actual Total Time": 127.804,
                                            "Actual Rows": 7407,
                                            "Actual Loops": 1
                                        },
                                        {
                                            "Worker Number": 2,
                                            "Actual Startup Time": 24.288,
                                            "Actual Total Time": 127.81,
                                            "Actual Rows": 5587,
                                            "Actual Loops": 1
                                        },
                                        {
                                            "Worker Number": 3,
                                            "Actual Startup Time": 25.684,
                                            "Actual Total Time": 128.403,
                                            "Actual Rows": 5231,
                                            "Actual Loops": 1
                                        }
                                    ],
                                    "Plans": [
                                        {
                                            "Node Type": "Hash Join",
                                            "Parent Relationship": "Outer",
                                            "Parallel Aware": true,
                                            "Join Type": "Inner",
                                            "Startup Cost": 20148.52,
                                            "Total Cost": 65841.31,
                                            "Plan Rows": 762,
                                            "Plan Width": 8,
                                            "Actual Startup Time": 26.743,
                                            "Actual Total Time": 119.827,
                                            "Actual Rows": 546,
                                            "Actual Loops": 5,
                                            "Output": [
                                                "t.id",
                                                "mc.movie_id"
                                            ],
                                            "Inner Unique": false,
                                            "Hash Cond": "(t.id = mc.movie_id)",
                                            "Workers": [
                                                {
                                                    "Worker Number": 0,
                                                    "Actual Startup Time": 24.037,
                                                    "Actual Total Time": 116.216,
                                                    "Actual Rows": 466,
                                                    "Actual Loops": 1
                                                },
                                                {
                                                    "Worker Number": 1,
                                                    "Actual Startup Time": 24.948,
                                                    "Actual Total Time": 116.532,
                                                    "Actual Rows": 648,
                                                    "Actual Loops": 1
                                                },
                                                {
                                                    "Worker Number": 2,
                                                    "Actual Startup Time": 24.188,
                                                    "Actual Total Time": 116.874,
                                                    "Actual Rows": 440,
                                                    "Actual Loops": 1
                                                },
                                                {
                                                    "Worker Number": 3,
                                                    "Actual Startup Time": 25.562,
                                                    "Actual Total Time": 117.007,
                                                    "Actual Rows": 450,
                                                    "Actual Loops": 1
                                                }
                                            ],
                                            "Plans": [
                                                {
                                                    "Node Type": "Seq Scan",
                                                    "Parent Relationship": "Outer",
                                                    "Parallel Aware": true,
                                                    "Relation Name": "title",
                                                    "Schema": "public",
                                                    "Alias": "t",
                                                    "Startup Cost": 0.0,
                                                    "Total Cost": 45479.21,
                                                    "Plan Rows": 42224,
                                                    "Plan Width": 4,
                                                    "Actual Startup Time": 0.081,
                                                    "Actual Total Time": 82.894,
                                                    "Actual Rows": 53983,
                                                    "Actual Loops": 5,
                                                    "Output": [
                                                        "t.id",
                                                        "t.title",
                                                        "t.imdb_index",
                                                        "t.kind_id",
                                                        "t.production_year",
                                                        "t.imdb_id",
                                                        "t.phonetic_code",
                                                        "t.episode_of_id",
                                                        "t.season_nr",
                                                        "t.episode_nr",
                                                        "t.series_years",
                                                        "t.md5sum"
                                                    ],
                                                    "Filter": "((t.kind_id < 7) AND (t.production_year < 1974))",
                                                    "Rows Removed by Filter": 451679,
                                                    "Workers": [
                                                        {
                                                            "Worker Number": 0,
                                                            "Actual Startup Time": 0.151,
                                                            "Actual Total Time": 82.236,
                                                            "Actual Rows": 45023,
                                                            "Actual Loops": 1
                                                        },
                                                        {
                                                            "Worker Number": 1,
                                                            "Actual Startup Time": 0.124,
                                                            "Actual Total Time": 81.971,
                                                            "Actual Rows": 66584,
                                                            "Actual Loops": 1
                                                        },
                                                        {
                                                            "Worker Number": 2,
                                                            "Actual Startup Time": 0.036,
                                                            "Actual Total Time": 82.795,
                                                            "Actual Rows": 44506,
                                                            "Actual Loops": 1
                                                        },
                                                        {
                                                            "Worker Number": 3,
                                                            "Actual Startup Time": 0.066,
                                                            "Actual Total Time": 82.275,
                                                            "Actual Rows": 43717,
                                                            "Actual Loops": 1
                                                        }
                                                    ]
                                                },
                                                {
                                                    "Node Type": "Hash",
                                                    "Parent Relationship": "Inner",
                                                    "Parallel Aware": true,
                                                    "Startup Cost": 19964.41,
                                                    "Total Cost": 19964.41,
                                                    "Plan Rows": 14729,
                                                    "Plan Width": 4,
                                                    "Actual Startup Time": 24.979,
                                                    "Actual Total Time": 24.98,
                                                    "Actual Rows": 9450,
                                                    "Actual Loops": 5,
                                                    "Output": [
                                                        "mc.movie_id"
                                                    ],
                                                    "Hash Buckets": 65536,
                                                    "Original Hash Buckets": 65536,
                                                    "Hash Batches": 1,
                                                    "Original Hash Batches": 1,
                                                    "Peak Memory Usage": 2432,
                                                    "Workers": [
                                                        {
                                                            "Worker Number": 0,
                                                            "Actual Startup Time": 23.161,
                                                            "Actual Total Time": 23.162,
                                                            "Actual Rows": 7583,
                                                            "Actual Loops": 1
                                                        },
                                                        {
                                                            "Worker Number": 1,
                                                            "Actual Startup Time": 23.397,
                                                            "Actual Total Time": 23.399,
                                                            "Actual Rows": 7188,
                                                            "Actual Loops": 1
                                                        },
                                                        {
                                                            "Worker Number": 2,
                                                            "Actual Startup Time": 23.465,
                                                            "Actual Total Time": 23.466,
                                                            "Actual Rows": 7382,
                                                            "Actual Loops": 1
                                                        },
                                                        {
                                                            "Worker Number": 3,
                                                            "Actual Startup Time": 24.011,
                                                            "Actual Total Time": 24.013,
                                                            "Actual Rows": 6402,
                                                            "Actual Loops": 1
                                                        }
                                                    ],
                                                    "Plans": [
                                                        {
                                                            "Node Type": "Bitmap Heap Scan",
                                                            "Parent Relationship": "Outer",
                                                            "Parallel Aware": true,
                                                            "Relation Name": "movie_companies",
                                                            "Schema": "public",
                                                            "Alias": "mc",
                                                            "Startup Cost": 990.29,
                                                            "Total Cost": 19964.41,
                                                            "Plan Rows": 14729,
                                                            "Plan Width": 4,
                                                            "Actual Startup Time": 4.08,
                                                            "Actual Total Time": 19.466,
                                                            "Actual Rows": 9450,
                                                            "Actual Loops": 5,
                                                            "Output": [
                                                                "mc.movie_id"
                                                            ],
                                                            "Recheck Cond": "(mc.company_id = 19)",
                                                            "Rows Removed by Index Recheck": 0,
                                                            "Exact Heap Blocks": 2710,
                                                            "Lossy Heap Blocks": 0,
                                                            "Workers": [
                                                                {
                                                                    "Worker Number": 0,
                                                                    "Actual Startup Time": 2.427,
                                                                    "Actual Total Time": 18.159,
                                                                    "Actual Rows": 7583,
                                                                    "Actual Loops": 1
                                                                },
                                                                {
                                                                    "Worker Number": 1,
                                                                    "Actual Startup Time": 2.524,
                                                                    "Actual Total Time": 18.553,
                                                                    "Actual Rows": 7188,
                                                                    "Actual Loops": 1
                                                                },
                                                                {
                                                                    "Worker Number": 2,
                                                                    "Actual Startup Time": 2.538,
                                                                    "Actual Total Time": 18.743,
                                                                    "Actual Rows": 7382,
                                                                    "Actual Loops": 1
                                                                },
                                                                {
                                                                    "Worker Number": 3,
                                                                    "Actual Startup Time": 3.094,
                                                                    "Actual Total Time": 19.224,
                                                                    "Actual Rows": 6402,
                                                                    "Actual Loops": 1
                                                                }
                                                            ],
                                                            "Plans": [
                                                                {
                                                                    "Node Type": "Bitmap Index Scan",
                                                                    "Parent Relationship": "Outer",
                                                                    "Parallel Aware": false,
                                                                    "Index Name": "company_id_movie_companies",
                                                                    "Startup Cost": 0.0,
                                                                    "Total Cost": 978.88,
                                                                    "Plan Rows": 45660,
                                                                    "Plan Width": 0,
                                                                    "Actual Startup Time": 7.465,
                                                                    "Actual Total Time": 7.466,
                                                                    "Actual Rows": 47252,
                                                                    "Actual Loops": 1,
                                                                    "Index Cond": "(mc.company_id = 19)"
                                                                }
                                                            ]
                                                        }
                                                    ]
                                                }
                                            ]
                                        },
                                        {
                                            "Node Type": "Index Scan",
                                            "Parent Relationship": "Inner",
                                            "Parallel Aware": false,
                                            "Scan Direction": "Forward",
                                            "Index Name": "movie_id_movie_keyword",
                                            "Relation Name": "movie_keyword",
                                            "Schema": "public",
                                            "Alias": "mk",
                                            "Startup Cost": 0.43,
                                            "Total Cost": 2.43,
                                            "Plan Rows": 36,
                                            "Plan Width": 4,
                                            "Actual Startup Time": 0.014,
                                            "Actual Total Time": 0.017,
                                            "Actual Rows": 12,
                                            "Actual Loops": 2731,
                                            "Output": [
                                                "mk.id",
                                                "mk.movie_id",
                                                "mk.keyword_id"
                                            ],
                                            "Index Cond": "(mk.movie_id = t.id)",
                                            "Rows Removed by Index Recheck": 0,
                                            "Filter": "(mk.keyword_id > 931)",
                                            "Rows Removed by Filter": 3,
                                            "Workers": [
                                                {
                                                    "Worker Number": 0,
                                                    "Actual Startup Time": 0.019,
                                                    "Actual Total Time": 0.022,
                                                    "Actual Rows": 13,
                                                    "Actual Loops": 466
                                                },
                                                {
                                                    "Worker Number": 1,
                                                    "Actual Startup Time": 0.014,
                                                    "Actual Total Time": 0.016,
                                                    "Actual Rows": 11,
                                                    "Actual Loops": 648
                                                },
                                                {
                                                    "Worker Number": 2,
                                                    "Actual Startup Time": 0.019,
                                                    "Actual Total Time": 0.023,
                                                    "Actual Rows": 13,
                                                    "Actual Loops": 440
                                                },
                                                {
                                                    "Worker Number": 3,
                                                    "Actual Startup Time": 0.02,
                                                    "Actual Total Time": 0.023,
                                                    "Actual Rows": 12,
                                                    "Actual Loops": 450
                                                }
                                            ]
                                        }
                                    ]
                                }
                            ]
                        }
                    ]
                }
            ]
        },
        "Planning Time": 741.026,
        "Triggers": [],
        "Execution Time": 152.85
    }
]