{
    "Plan": {
        "Node Type": "Aggregate",
        "Strategy": "Plain",
        "Partial Mode": "Simple",
        "Parallel Aware": false,
        "Startup Cost": 80005988583.61,
        "Total Cost": 80005988583.62,
        "Plan Rows": 1,
        "Plan Width": 8,
        "Actual Startup Time": 14862.743,
        "Actual Total Time": 15050.629,
        "Actual Rows": 1,
        "Actual Loops": 1,
        "Output": [
            "count(*)"
        ],
        "Plans": [
            {
                "Node Type": "Nested Loop",
                "Parent Relationship": "Outer",
                "Parallel Aware": false,
                "Join Type": "Inner",
                "Startup Cost": 80005988575.51,
                "Total Cost": 80005988583.61,
                "Plan Rows": 1,
                "Plan Width": 0,
                "Actual Startup Time": 14862.733,
                "Actual Total Time": 15050.617,
                "Actual Rows": 0,
                "Actual Loops": 1,
                "Inner Unique": true,
                "Plans": [
                    {
                        "Node Type": "Nested Loop",
                        "Parent Relationship": "Outer",
                        "Parallel Aware": false,
                        "Join Type": "Inner",
                        "Startup Cost": 70005988575.37,
                        "Total Cost": 70005988575.44,
                        "Plan Rows": 1,
                        "Plan Width": 4,
                        "Actual Startup Time": 14862.732,
                        "Actual Total Time": 15050.605,
                        "Actual Rows": 0,
                        "Actual Loops": 1,
                        "Output": [
                            "cc.subject_id"
                        ],
                        "Inner Unique": true,
                        "Plans": [
                            {
                                "Node Type": "Merge Join",
                                "Parent Relationship": "Outer",
                                "Parallel Aware": false,
                                "Join Type": "Inner",
                                "Startup Cost": 70005988575.24,
                                "Total Cost": 70005988575.27,
                                "Plan Rows": 1,
                                "Plan Width": 8,
                                "Actual Startup Time": 14862.731,
                                "Actual Total Time": 15050.603,
                                "Actual Rows": 0,
                                "Actual Loops": 1,
                                "Output": [
                                    "cc.subject_id",
                                    "cc.status_id"
                                ],
                                "Inner Unique": false,
                                "Merge Cond": "(mi.info_type_id = it.id)",
                                "Plans": [
                                    {
                                        "Node Type": "Sort",
                                        "Parent Relationship": "Outer",
                                        "Parallel Aware": false,
                                        "Startup Cost": 70005988572.82,
                                        "Total Cost": 70005988572.83,
                                        "Plan Rows": 1,
                                        "Plan Width": 12,
                                        "Actual Startup Time": 14862.729,
                                        "Actual Total Time": 15050.6,
                                        "Actual Rows": 0,
                                        "Actual Loops": 1,
                                        "Output": [
                                            "cc.subject_id",
                                            "cc.status_id",
                                            "mi.info_type_id"
                                        ],
                                        "Sort Key": [
                                            "mi.info_type_id"
                                        ],
                                        "Sort Method": "quicksort",
                                        "Sort Space Used": 25,
                                        "Sort Space Type": "Memory",
                                        "Plans": [
                                            {
                                                "Node Type": "Hash Join",
                                                "Parent Relationship": "Outer",
                                                "Parallel Aware": false,
                                                "Join Type": "Inner",
                                                "Startup Cost": 70005028843.55,
                                                "Total Cost": 70005988572.81,
                                                "Plan Rows": 1,
                                                "Plan Width": 12,
                                                "Actual Startup Time": 14862.716,
                                                "Actual Total Time": 15050.586,
                                                "Actual Rows": 0,
                                                "Actual Loops": 1,
                                                "Output": [
                                                    "cc.subject_id",
                                                    "cc.status_id",
                                                    "mi.info_type_id"
                                                ],
                                                "Inner Unique": false,
                                                "Hash Cond": "(mi.movie_id = t.id)",
                                                "Plans": [
                                                    {
                                                        "Node Type": "Gather Merge",
                                                        "Parent Relationship": "Outer",
                                                        "Parallel Aware": false,
                                                        "Startup Cost": 1000.51,
                                                        "Total Cost": 959009.57,
                                                        "Plan Rows": 458720,
                                                        "Plan Width": 8,
                                                        "Actual Startup Time": 56.395,
                                                        "Actual Total Time": 110.027,
                                                        "Actual Rows": 1,
                                                        "Actual Loops": 1,
                                                        "Output": [
                                                            "mi.movie_id",
                                                            "mi.info_type_id"
                                                        ],
                                                        "Workers Planned": 5,
                                                        "Workers Launched": 5,
                                                        "Plans": [
                                                            {
                                                                "Node Type": "Index Scan",
                                                                "Parent Relationship": "Outer",
                                                                "Parallel Aware": true,
                                                                "Scan Direction": "Forward",
                                                                "Index Name": "info_type_id_movie_info",
                                                                "Relation Name": "movie_info",
                                                                "Schema": "public",
                                                                "Alias": "mi",
                                                                "Startup Cost": 0.43,
                                                                "Total Cost": 902768.22,
                                                                "Plan Rows": 91744,
                                                                "Plan Width": 8,
                                                                "Actual Startup Time": 23.454,
                                                                "Actual Total Time": 682.052,
                                                                "Actual Rows": 1367,
                                                                "Actual Loops": 6,
                                                                "Output": [
                                                                    "mi.movie_id",
                                                                    "mi.info_type_id"
                                                                ],
                                                                "Filter": "(mi.info ~~ 'USA:%200%'::text)",
                                                                "Rows Removed by Filter": 1603160,
                                                                "Workers": [
                                                                    {
                                                                        "Worker Number": 0,
                                                                        "Actual Startup Time": 18.703,
                                                                        "Actual Total Time": 814.366,
                                                                        "Actual Rows": 1639,
                                                                        "Actual Loops": 1
                                                                    },
                                                                    {
                                                                        "Worker Number": 1,
                                                                        "Actual Startup Time": 13.037,
                                                                        "Actual Total Time": 817.76,
                                                                        "Actual Rows": 1640,
                                                                        "Actual Loops": 1
                                                                    },
                                                                    {
                                                                        "Worker Number": 2,
                                                                        "Actual Startup Time": 42.998,
                                                                        "Actual Total Time": 816.909,
                                                                        "Actual Rows": 1639,
                                                                        "Actual Loops": 1
                                                                    },
                                                                    {
                                                                        "Worker Number": 3,
                                                                        "Actual Startup Time": 25.019,
                                                                        "Actual Total Time": 817.805,
                                                                        "Actual Rows": 1642,
                                                                        "Actual Loops": 1
                                                                    },
                                                                    {
                                                                        "Worker Number": 4,
                                                                        "Actual Startup Time": 31.074,
                                                                        "Actual Total Time": 815.578,
                                                                        "Actual Rows": 1640,
                                                                        "Actual Loops": 1
                                                                    }
                                                                ]
                                                            }
                                                        ]
                                                    },
                                                    {
                                                        "Node Type": "Hash",
                                                        "Parent Relationship": "Inner",
                                                        "Parallel Aware": false,
                                                        "Startup Cost": 70005027843.02,
                                                        "Total Cost": 70005027843.02,
                                                        "Plan Rows": 1,
                                                        "Plan Width": 28,
                                                        "Actual Startup Time": 14806.281,
                                                        "Actual Total Time": 14940.516,
                                                        "Actual Rows": 0,
                                                        "Actual Loops": 1,
                                                        "Output": [
                                                            "ci.movie_id",
                                                            "cc.movie_id",
                                                            "cc.subject_id",
                                                            "cc.status_id",
                                                            "mc.movie_id",
                                                            "mk.movie_id",
                                                            "t.id"
                                                        ],
                                                        "Hash Buckets": 1024,
                                                        "Original Hash Buckets": 1024,
                                                        "Hash Batches": 1,
                                                        "Original Hash Batches": 1,
                                                        "Peak Memory Usage": 8,
                                                        "Plans": [
                                                            {
                                                                "Node Type": "Merge Join",
                                                                "Parent Relationship": "Outer",
                                                                "Parallel Aware": false,
                                                                "Join Type": "Inner",
                                                                "Startup Cost": 70005027167.73,
                                                                "Total Cost": 70005027843.02,
                                                                "Plan Rows": 1,
                                                                "Plan Width": 28,
                                                                "Actual Startup Time": 14806.279,
                                                                "Actual Total Time": 14940.513,
                                                                "Actual Rows": 0,
                                                                "Actual Loops": 1,
                                                                "Output": [
                                                                    "ci.movie_id",
                                                                    "cc.movie_id",
                                                                    "cc.subject_id",
                                                                    "cc.status_id",
                                                                    "mc.movie_id",
                                                                    "mk.movie_id",
                                                                    "t.id"
                                                                ],
                                                                "Inner Unique": false,
                                                                "Merge Cond": "(t.id = cc.movie_id)",
                                                                "Plans": [
                                                                    {
                                                                        "Node Type": "Sort",
                                                                        "Parent Relationship": "Outer",
                                                                        "Parallel Aware": false,
                                                                        "Startup Cost": 60005013574.16,
                                                                        "Total Cost": 60005013574.17,
                                                                        "Plan Rows": 1,
                                                                        "Plan Width": 16,
                                                                        "Actual Startup Time": 14806.276,
                                                                        "Actual Total Time": 14940.508,
                                                                        "Actual Rows": 0,
                                                                        "Actual Loops": 1,
                                                                        "Output": [
                                                                            "ci.movie_id",
                                                                            "mc.movie_id",
                                                                            "mk.movie_id",
                                                                            "t.id"
                                                                        ],
                                                                        "Sort Key": [
                                                                            "ci.movie_id"
                                                                        ],
                                                                        "Sort Method": "quicksort",
                                                                        "Sort Space Used": 25,
                                                                        "Sort Space Type": "Memory",
                                                                        "Plans": [
                                                                            {
                                                                                "Node Type": "Nested Loop",
                                                                                "Parent Relationship": "Outer",
                                                                                "Parallel Aware": false,
                                                                                "Join Type": "Inner",
                                                                                "Startup Cost": 60005007317.52,
                                                                                "Total Cost": 60005013574.15,
                                                                                "Plan Rows": 1,
                                                                                "Plan Width": 16,
                                                                                "Actual Startup Time": 14806.254,
                                                                                "Actual Total Time": 14940.486,
                                                                                "Actual Rows": 0,
                                                                                "Actual Loops": 1,
                                                                                "Output": [
                                                                                    "ci.movie_id",
                                                                                    "mc.movie_id",
                                                                                    "mk.movie_id",
                                                                                    "t.id"
                                                                                ],
                                                                                "Inner Unique": true,
                                                                                "Plans": [
                                                                                    {
                                                                                        "Node Type": "Hash Join",
                                                                                        "Parent Relationship": "Outer",
                                                                                        "Parallel Aware": false,
                                                                                        "Join Type": "Inner",
                                                                                        "Startup Cost": 50005007317.1,
                                                                                        "Total Cost": 50005013565.7,
                                                                                        "Plan Rows": 1,
                                                                                        "Plan Width": 20,
                                                                                        "Actual Startup Time": 14806.251,
                                                                                        "Actual Total Time": 14940.481,
                                                                                        "Actual Rows": 0,
                                                                                        "Actual Loops": 1,
                                                                                        "Output": [
                                                                                            "ci.movie_id",
                                                                                            "mc.movie_id",
                                                                                            "mk.movie_id",
                                                                                            "mk.keyword_id",
                                                                                            "t.id"
                                                                                        ],
                                                                                        "Inner Unique": false,
                                                                                        "Hash Cond": "(cn.id = mc.company_id)",
                                                                                        "Plans": [
                                                                                            {
                                                                                                "Node Type": "Seq Scan",
                                                                                                "Parent Relationship": "Outer",
                                                                                                "Parallel Aware": false,
                                                                                                "Relation Name": "company_name",
                                                                                                "Schema": "public",
                                                                                                "Alias": "cn",
                                                                                                "Startup Cost": 0.0,
                                                                                                "Total Cost": 5932.46,
                                                                                                "Plan Rows": 84301,
                                                                                                "Plan Width": 4,
                                                                                                "Actual Startup Time": 0.034,
                                                                                                "Actual Total Time": 0.035,
                                                                                                "Actual Rows": 1,
                                                                                                "Actual Loops": 1,
                                                                                                "Output": [
                                                                                                    "cn.id",
                                                                                                    "cn.name",
                                                                                                    "cn.country_code",
                                                                                                    "cn.imdb_id",
                                                                                                    "cn.name_pcode_nf",
                                                                                                    "cn.name_pcode_sf",
                                                                                                    "cn.md5sum"
                                                                                                ],
                                                                                                "Filter": "((cn.country_code)::text = '[us]'::text)",
                                                                                                "Rows Removed by Filter": 1
                                                                                            },
                                                                                            {
                                                                                                "Node Type": "Hash",
                                                                                                "Parent Relationship": "Inner",
                                                                                                "Parallel Aware": false,
                                                                                                "Startup Cost": 50005007317.08,
                                                                                                "Total Cost": 50005007317.08,
                                                                                                "Plan Rows": 1,
                                                                                                "Plan Width": 24,
                                                                                                "Actual Startup Time": 14806.181,
                                                                                                "Actual Total Time": 14940.409,
                                                                                                "Actual Rows": 0,
                                                                                                "Actual Loops": 1,
                                                                                                "Output": [
                                                                                                    "ci.movie_id",
                                                                                                    "mc.movie_id",
                                                                                                    "mc.company_id",
                                                                                                    "mk.movie_id",
                                                                                                    "mk.keyword_id",
                                                                                                    "t.id"
                                                                                                ],
                                                                                                "Hash Buckets": 1024,
                                                                                                "Original Hash Buckets": 1024,
                                                                                                "Hash Batches": 1,
                                                                                                "Original Hash Batches": 1,
                                                                                                "Peak Memory Usage": 8,
                                                                                                "Plans": [
                                                                                                    {
                                                                                                        "Node Type": "Merge Join",
                                                                                                        "Parent Relationship": "Outer",
                                                                                                        "Parallel Aware": false,
                                                                                                        "Join Type": "Inner",
                                                                                                        "Startup Cost": 50004984697.4,
                                                                                                        "Total Cost": 50005007317.08,
                                                                                                        "Plan Rows": 1,
                                                                                                        "Plan Width": 24,
                                                                                                        "Actual Startup Time": 14806.18,
                                                                                                        "Actual Total Time": 14940.407,
                                                                                                        "Actual Rows": 0,
                                                                                                        "Actual Loops": 1,
                                                                                                        "Output": [
                                                                                                            "ci.movie_id",
                                                                                                            "mc.movie_id",
                                                                                                            "mc.company_id",
                                                                                                            "mk.movie_id",
                                                                                                            "mk.keyword_id",
                                                                                                            "t.id"
                                                                                                        ],
                                                                                                        "Inner Unique": false,
                                                                                                        "Merge Cond": "(mk.movie_id = t.id)",
                                                                                                        "Plans": [
                                                                                                            {
                                                                                                                "Node Type": "Sort",
                                                                                                                "Parent Relationship": "Outer",
                                                                                                                "Parallel Aware": false,
                                                                                                                "Startup Cost": 10000569794.43,
                                                                                                                "Total Cost": 10000581104.25,
                                                                                                                "Plan Rows": 4523930,
                                                                                                                "Plan Width": 8,
                                                                                                                "Actual Startup Time": 1665.086,
                                                                                                                "Actual Total Time": 1665.088,
                                                                                                                "Actual Rows": 1,
                                                                                                                "Actual Loops": 1,
                                                                                                                "Output": [
                                                                                                                    "mk.movie_id",
                                                                                                                    "mk.keyword_id"
                                                                                                                ],
                                                                                                                "Sort Key": [
                                                                                                                    "mk.movie_id"
                                                                                                                ],
                                                                                                                "Sort Method": "quicksort",
                                                                                                                "Sort Space Used": 408668,
                                                                                                                "Sort Space Type": "Memory",
                                                                                                                "Plans": [
                                                                                                                    {
                                                                                                                        "Node Type": "Seq Scan",
                                                                                                                        "Parent Relationship": "Outer",
                                                                                                                        "Parallel Aware": false,
                                                                                                                        "Relation Name": "movie_keyword",
                                                                                                                        "Schema": "public",
                                                                                                                        "Alias": "mk",
                                                                                                                        "Startup Cost": 10000000000.0,
                                                                                                                        "Total Cost": 10000069693.3,
                                                                                                                        "Plan Rows": 4523930,
                                                                                                                        "Plan Width": 8,
                                                                                                                        "Actual Startup Time": 0.019,
                                                                                                                        "Actual Total Time": 608.689,
                                                                                                                        "Actual Rows": 4523930,
                                                                                                                        "Actual Loops": 1,
                                                                                                                        "Output": [
                                                                                                                            "mk.movie_id",
                                                                                                                            "mk.keyword_id"
                                                                                                                        ]
                                                                                                                    }
                                                                                                                ]
                                                                                                            },
                                                                                                            {
                                                                                                                "Node Type": "Sort",
                                                                                                                "Parent Relationship": "Inner",
                                                                                                                "Parallel Aware": false,
                                                                                                                "Startup Cost": 40004414902.97,
                                                                                                                "Total Cost": 40004414902.98,
                                                                                                                "Plan Rows": 1,
                                                                                                                "Plan Width": 16,
                                                                                                                "Actual Startup Time": 13141.085,
                                                                                                                "Actual Total Time": 13275.308,
                                                                                                                "Actual Rows": 0,
                                                                                                                "Actual Loops": 1,
                                                                                                                "Output": [
                                                                                                                    "ci.movie_id",
                                                                                                                    "mc.movie_id",
                                                                                                                    "mc.company_id",
                                                                                                                    "t.id"
                                                                                                                ],
                                                                                                                "Sort Key": [
                                                                                                                    "ci.movie_id"
                                                                                                                ],
                                                                                                                "Sort Method": "quicksort",
                                                                                                                "Sort Space Used": 25,
                                                                                                                "Sort Space Type": "Memory",
                                                                                                                "Plans": [
                                                                                                                    {
                                                                                                                        "Node Type": "Merge Join",
                                                                                                                        "Parent Relationship": "Outer",
                                                                                                                        "Parallel Aware": false,
                                                                                                                        "Join Type": "Inner",
                                                                                                                        "Startup Cost": 40004414902.94,
                                                                                                                        "Total Cost": 40004414902.96,
                                                                                                                        "Plan Rows": 1,
                                                                                                                        "Plan Width": 16,
                                                                                                                        "Actual Startup Time": 13141.067,
                                                                                                                        "Actual Total Time": 13275.29,
                                                                                                                        "Actual Rows": 0,
                                                                                                                        "Actual Loops": 1,
                                                                                                                        "Output": [
                                                                                                                            "ci.movie_id",
                                                                                                                            "mc.movie_id",
                                                                                                                            "mc.company_id",
                                                                                                                            "t.id"
                                                                                                                        ],
                                                                                                                        "Inner Unique": false,
                                                                                                                        "Merge Cond": "(ci.role_id = rt.id)",
                                                                                                                        "Plans": [
                                                                                                                            {
                                                                                                                                "Node Type": "Sort",
                                                                                                                                "Parent Relationship": "Outer",
                                                                                                                                "Parallel Aware": false,
                                                                                                                                "Startup Cost": 40004414901.78,
                                                                                                                                "Total Cost": 40004414901.78,
                                                                                                                                "Plan Rows": 1,
                                                                                                                                "Plan Width": 20,
                                                                                                                                "Actual Startup Time": 13141.065,
                                                                                                                                "Actual Total Time": 13275.286,
                                                                                                                                "Actual Rows": 0,
                                                                                                                                "Actual Loops": 1,
                                                                                                                                "Output": [
                                                                                                                                    "ci.movie_id",
                                                                                                                                    "ci.role_id",
                                                                                                                                    "mc.movie_id",
                                                                                                                                    "mc.company_id",
                                                                                                                                    "t.id"
                                                                                                                                ],
                                                                                                                                "Sort Key": [
                                                                                                                                    "ci.role_id"
                                                                                                                                ],
                                                                                                                                "Sort Method": "quicksort",
                                                                                                                                "Sort Space Used": 25,
                                                                                                                                "Sort Space Type": "Memory",
                                                                                                                                "Plans": [
                                                                                                                                    {
                                                                                                                                        "Node Type": "Merge Join",
                                                                                                                                        "Parent Relationship": "Outer",
                                                                                                                                        "Parallel Aware": false,
                                                                                                                                        "Join Type": "Inner",
                                                                                                                                        "Startup Cost": 40004414901.74,
                                                                                                                                        "Total Cost": 40004414901.77,
                                                                                                                                        "Plan Rows": 1,
                                                                                                                                        "Plan Width": 20,
                                                                                                                                        "Actual Startup Time": 13141.061,
                                                                                                                                        "Actual Total Time": 13275.281,
                                                                                                                                        "Actual Rows": 0,
                                                                                                                                        "Actual Loops": 1,
                                                                                                                                        "Output": [
                                                                                                                                            "ci.movie_id",
                                                                                                                                            "ci.role_id",
                                                                                                                                            "mc.movie_id",
                                                                                                                                            "mc.company_id",
                                                                                                                                            "t.id"
                                                                                                                                        ],
                                                                                                                                        "Inner Unique": false,
                                                                                                                                        "Merge Cond": "(ci.person_role_id = chn.id)",
                                                                                                                                        "Plans": [
                                                                                                                                            {
                                                                                                                                                "Node Type": "Sort",
                                                                                                                                                "Parent Relationship": "Outer",
                                                                                                                                                "Parallel Aware": false,
                                                                                                                                                "Startup Cost": 30004339200.89,
                                                                                                                                                "Total Cost": 30004339200.9,
                                                                                                                                                "Plan Rows": 1,
                                                                                                                                                "Plan Width": 24,
                                                                                                                                                "Actual Startup Time": 13141.027,
                                                                                                                                                "Actual Total Time": 13275.245,
                                                                                                                                                "Actual Rows": 0,
                                                                                                                                                "Actual Loops": 1,
                                                                                                                                                "Output": [
                                                                                                                                                    "ci.movie_id",
                                                                                                                                                    "ci.role_id",
                                                                                                                                                    "ci.person_role_id",
                                                                                                                                                    "mc.movie_id",
                                                                                                                                                    "mc.company_id",
                                                                                                                                                    "t.id"
                                                                                                                                                ],
                                                                                                                                                "Sort Key": [
                                                                                                                                                    "ci.person_role_id"
                                                                                                                                                ],
                                                                                                                                                "Sort Method": "quicksort",
                                                                                                                                                "Sort Space Used": 25,
                                                                                                                                                "Sort Space Type": "Memory",
                                                                                                                                                "Plans": [
                                                                                                                                                    {
                                                                                                                                                        "Node Type": "Hash Join",
                                                                                                                                                        "Parent Relationship": "Outer",
                                                                                                                                                        "Parallel Aware": false,
                                                                                                                                                        "Join Type": "Inner",
                                                                                                                                                        "Startup Cost": 30004339198.46,
                                                                                                                                                        "Total Cost": 30004339200.88,
                                                                                                                                                        "Plan Rows": 1,
                                                                                                                                                        "Plan Width": 24,
                                                                                                                                                        "Actual Startup Time": 13141.002,
                                                                                                                                                        "Actual Total Time": 13275.219,
                                                                                                                                                        "Actual Rows": 0,
                                                                                                                                                        "Actual Loops": 1,
                                                                                                                                                        "Output": [
                                                                                                                                                            "ci.movie_id",
                                                                                                                                                            "ci.role_id",
                                                                                                                                                            "ci.person_role_id",
                                                                                                                                                            "mc.movie_id",
                                                                                                                                                            "mc.company_id",
                                                                                                                                                            "t.id"
                                                                                                                                                        ],
                                                                                                                                                        "Inner Unique": false,
                                                                                                                                                        "Hash Cond": "(it3.id = pi.info_type_id)",
                                                                                                                                                        "Plans": [
                                                                                                                                                            {
                                                                                                                                                                "Node Type": "Seq Scan",
                                                                                                                                                                "Parent Relationship": "Outer",
                                                                                                                                                                "Parallel Aware": false,
                                                                                                                                                                "Relation Name": "info_type",
                                                                                                                                                                "Schema": "public",
                                                                                                                                                                "Alias": "it3",
                                                                                                                                                                "Startup Cost": 10000000000.0,
                                                                                                                                                                "Total Cost": 10000000002.41,
                                                                                                                                                                "Plan Rows": 1,
                                                                                                                                                                "Plan Width": 4,
                                                                                                                                                                "Actual Startup Time": 0.047,
                                                                                                                                                                "Actual Total Time": 0.047,
                                                                                                                                                                "Actual Rows": 1,
                                                                                                                                                                "Actual Loops": 1,
                                                                                                                                                                "Output": [
                                                                                                                                                                    "it3.id",
                                                                                                                                                                    "it3.info"
                                                                                                                                                                ],
                                                                                                                                                                "Filter": "((it3.info)::text = 'height'::text)",
                                                                                                                                                                "Rows Removed by Filter": 21
                                                                                                                                                            },
                                                                                                                                                            {
                                                                                                                                                                "Node Type": "Hash",
                                                                                                                                                                "Parent Relationship": "Inner",
                                                                                                                                                                "Parallel Aware": false,
                                                                                                                                                                "Startup Cost": 20004339198.45,
                                                                                                                                                                "Total Cost": 20004339198.45,
                                                                                                                                                                "Plan Rows": 1,
                                                                                                                                                                "Plan Width": 28,
                                                                                                                                                                "Actual Startup Time": 13140.933,
                                                                                                                                                                "Actual Total Time": 13275.147,
                                                                                                                                                                "Actual Rows": 0,
                                                                                                                                                                "Actual Loops": 1,
                                                                                                                                                                "Output": [
                                                                                                                                                                    "ci.movie_id",
                                                                                                                                                                    "ci.role_id",
                                                                                                                                                                    "ci.person_role_id",
                                                                                                                                                                    "mc.movie_id",
                                                                                                                                                                    "mc.company_id",
                                                                                                                                                                    "pi.info_type_id",
                                                                                                                                                                    "t.id"
                                                                                                                                                                ],
                                                                                                                                                                "Hash Buckets": 1024,
                                                                                                                                                                "Original Hash Buckets": 1024,
                                                                                                                                                                "Hash Batches": 1,
                                                                                                                                                                "Original Hash Batches": 1,
                                                                                                                                                                "Peak Memory Usage": 8,
                                                                                                                                                                "Plans": [
                                                                                                                                                                    {
                                                                                                                                                                        "Node Type": "Gather",
                                                                                                                                                                        "Parent Relationship": "Outer",
                                                                                                                                                                        "Parallel Aware": false,
                                                                                                                                                                        "Startup Cost": 20004267921.58,
                                                                                                                                                                        "Total Cost": 20004339198.45,
                                                                                                                                                                        "Plan Rows": 1,
                                                                                                                                                                        "Plan Width": 28,
                                                                                                                                                                        "Actual Startup Time": 13140.931,
                                                                                                                                                                        "Actual Total Time": 13275.142,
                                                                                                                                                                        "Actual Rows": 0,
                                                                                                                                                                        "Actual Loops": 1,
                                                                                                                                                                        "Output": [
                                                                                                                                                                            "ci.movie_id",
                                                                                                                                                                            "ci.role_id",
                                                                                                                                                                            "ci.person_role_id",
                                                                                                                                                                            "mc.movie_id",
                                                                                                                                                                            "mc.company_id",
                                                                                                                                                                            "pi.info_type_id",
                                                                                                                                                                            "t.id"
                                                                                                                                                                        ],
                                                                                                                                                                        "Workers Planned": 4,
                                                                                                                                                                        "Workers Launched": 2,
                                                                                                                                                                        "Single Copy": false,
                                                                                                                                                                        "Plans": [
                                                                                                                                                                            {
                                                                                                                                                                                "Node Type": "Hash Join",
                                                                                                                                                                                "Parent Relationship": "Outer",
                                                                                                                                                                                "Parallel Aware": true,
                                                                                                                                                                                "Join Type": "Inner",
                                                                                                                                                                                "Startup Cost": 20004266921.58,
                                                                                                                                                                                "Total Cost": 20004338198.35,
                                                                                                                                                                                "Plan Rows": 1,
                                                                                                                                                                                "Plan Width": 28,
                                                                                                                                                                                "Actual Startup Time": 12983.289,
                                                                                                                                                                                "Actual Total Time": 12983.31,
                                                                                                                                                                                "Actual Rows": 0,
                                                                                                                                                                                "Actual Loops": 3,
                                                                                                                                                                                "Output": [
                                                                                                                                                                                    "ci.movie_id",
                                                                                                                                                                                    "ci.role_id",
                                                                                                                                                                                    "ci.person_role_id",
                                                                                                                                                                                    "mc.movie_id",
                                                                                                                                                                                    "mc.company_id",
                                                                                                                                                                                    "pi.info_type_id",
                                                                                                                                                                                    "t.id"
                                                                                                                                                                                ],
                                                                                                                                                                                "Inner Unique": false,
                                                                                                                                                                                "Hash Cond": "(n.id = ci.person_id)",
                                                                                                                                                                                "Workers": [
                                                                                                                                                                                    {
                                                                                                                                                                                        "Worker Number": 0,
                                                                                                                                                                                        "Actual Startup Time": 12979.07,
                                                                                                                                                                                        "Actual Total Time": 12979.091,
                                                                                                                                                                                        "Actual Rows": 0,
                                                                                                                                                                                        "Actual Loops": 1
                                                                                                                                                                                    },
                                                                                                                                                                                    {
                                                                                                                                                                                        "Worker Number": 1,
                                                                                                                                                                                        "Actual Startup Time": 12979.02,
                                                                                                                                                                                        "Actual Total Time": 12979.033,
                                                                                                                                                                                        "Actual Rows": 0,
                                                                                                                                                                                        "Actual Loops": 1
                                                                                                                                                                                    }
                                                                                                                                                                                ],
                                                                                                                                                                                "Plans": [
                                                                                                                                                                                    {
                                                                                                                                                                                        "Node Type": "Seq Scan",
                                                                                                                                                                                        "Parent Relationship": "Outer",
                                                                                                                                                                                        "Parallel Aware": true,
                                                                                                                                                                                        "Relation Name": "name",
                                                                                                                                                                                        "Schema": "public",
                                                                                                                                                                                        "Alias": "n",
                                                                                                                                                                                        "Startup Cost": 10000000000.0,
                                                                                                                                                                                        "Total Cost": 10000071241.31,
                                                                                                                                                                                        "Plan Rows": 9452,
                                                                                                                                                                                        "Plan Width": 4,
                                                                                                                                                                                        "Actual Startup Time": 0.0,
                                                                                                                                                                                        "Actual Total Time": 0.0,
                                                                                                                                                                                        "Actual Rows": 0,
                                                                                                                                                                                        "Actual Loops": 0,
                                                                                                                                                                                        "Output": [
                                                                                                                                                                                            "n.id",
                                                                                                                                                                                            "n.name",
                                                                                                                                                                                            "n.imdb_index",
                                                                                                                                                                                            "n.imdb_id",
                                                                                                                                                                                            "n.gender",
                                                                                                                                                                                            "n.name_pcode_cf",
                                                                                                                                                                                            "n.name_pcode_nf",
                                                                                                                                                                                            "n.surname_pcode",
                                                                                                                                                                                            "n.md5sum"
                                                                                                                                                                                        ],
                                                                                                                                                                                        "Filter": "((n.name ~~ '%An%'::text) AND ((n.gender)::text = 'f'::text))",
                                                                                                                                                                                        "Rows Removed by Filter": 0
                                                                                                                                                                                    },
                                                                                                                                                                                    {
                                                                                                                                                                                        "Node Type": "Hash",
                                                                                                                                                                                        "Parent Relationship": "Inner",
                                                                                                                                                                                        "Parallel Aware": true,
                                                                                                                                                                                        "Startup Cost": 10004266921.16,
                                                                                                                                                                                        "Total Cost": 10004266921.16,
                                                                                                                                                                                        "Plan Rows": 34,
                                                                                                                                                                                        "Plan Width": 40,
                                                                                                                                                                                        "Actual Startup Time": 12982.781,
                                                                                                                                                                                        "Actual Total Time": 12982.799,
                                                                                                                                                                                        "Actual Rows": 0,
                                                                                                                                                                                        "Actual Loops": 3,
                                                                                                                                                                                        "Output": [
                                                                                                                                                                                            "an.person_id",
                                                                                                                                                                                            "ci.movie_id",
                                                                                                                                                                                            "ci.person_id",
                                                                                                                                                                                            "ci.role_id",
                                                                                                                                                                                            "ci.person_role_id",
                                                                                                                                                                                            "mc.movie_id",
                                                                                                                                                                                            "mc.company_id",
                                                                                                                                                                                            "pi.person_id",
                                                                                                                                                                                            "pi.info_type_id",
                                                                                                                                                                                            "t.id"
                                                                                                                                                                                        ],
                                                                                                                                                                                        "Hash Buckets": 1024,
                                                                                                                                                                                        "Original Hash Buckets": 1024,
                                                                                                                                                                                        "Hash Batches": 1,
                                                                                                                                                                                        "Original Hash Batches": 1,
                                                                                                                                                                                        "Peak Memory Usage": 0,
                                                                                                                                                                                        "Workers": [
                                                                                                                                                                                            {
                                                                                                                                                                                                "Worker Number": 0,
                                                                                                                                                                                                "Actual Startup Time": 12978.637,
                                                                                                                                                                                                "Actual Total Time": 12978.654,
                                                                                                                                                                                                "Actual Rows": 0,
                                                                                                                                                                                                "Actual Loops": 1
                                                                                                                                                                                            },
                                                                                                                                                                                            {
                                                                                                                                                                                                "Worker Number": 1,
                                                                                                                                                                                                "Actual Startup Time": 12978.437,
                                                                                                                                                                                                "Actual Total Time": 12978.448,
                                                                                                                                                                                                "Actual Rows": 0,
                                                                                                                                                                                                "Actual Loops": 1
                                                                                                                                                                                            }
                                                                                                                                                                                        ],
                                                                                                                                                                                        "Plans": [
                                                                                                                                                                                            {
                                                                                                                                                                                                "Node Type": "Hash Join",
                                                                                                                                                                                                "Parent Relationship": "Outer",
                                                                                                                                                                                                "Parallel Aware": true,
                                                                                                                                                                                                "Join Type": "Inner",
                                                                                                                                                                                                "Startup Cost": 10004048006.85,
                                                                                                                                                                                                "Total Cost": 10004266921.16,
                                                                                                                                                                                                "Plan Rows": 34,
                                                                                                                                                                                                "Plan Width": 40,
                                                                                                                                                                                                "Actual Startup Time": 12943.502,
                                                                                                                                                                                                "Actual Total Time": 12943.519,
                                                                                                                                                                                                "Actual Rows": 0,
                                                                                                                                                                                                "Actual Loops": 3,
                                                                                                                                                                                                "Output": [
                                                                                                                                                                                                    "an.person_id",
                                                                                                                                                                                                    "ci.movie_id",
                                                                                                                                                                                                    "ci.person_id",
                                                                                                                                                                                                    "ci.role_id",
                                                                                                                                                                                                    "ci.person_role_id",
                                                                                                                                                                                                    "mc.movie_id",
                                                                                                                                                                                                    "mc.company_id",
                                                                                                                                                                                                    "pi.person_id",
                                                                                                                                                                                                    "pi.info_type_id",
                                                                                                                                                                                                    "t.id"
                                                                                                                                                                                                ],
                                                                                                                                                                                                "Inner Unique": false,
                                                                                                                                                                                                "Hash Cond": "(ci.person_id = an.person_id)",
                                                                                                                                                                                                "Workers": [
                                                                                                                                                                                                    {
                                                                                                                                                                                                        "Worker Number": 0,
                                                                                                                                                                                                        "Actual Startup Time": 12862.452,
                                                                                                                                                                                                        "Actual Total Time": 12862.467,
                                                                                                                                                                                                        "Actual Rows": 0,
                                                                                                                                                                                                        "Actual Loops": 1
                                                                                                                                                                                                    },
                                                                                                                                                                                                    {
                                                                                                                                                                                                        "Worker Number": 1,
                                                                                                                                                                                                        "Actual Startup Time": 12978.336,
                                                                                                                                                                                                        "Actual Total Time": 12978.347,
                                                                                                                                                                                                        "Actual Rows": 0,
                                                                                                                                                                                                        "Actual Loops": 1
                                                                                                                                                                                                    }
                                                                                                                                                                                                ],
                                                                                                                                                                                                "Plans": [
                                                                                                                                                                                                    {
                                                                                                                                                                                                        "Node Type": "Merge Join",
                                                                                                                                                                                                        "Parent Relationship": "Outer",
                                                                                                                                                                                                        "Parallel Aware": false,
                                                                                                                                                                                                        "Join Type": "Inner",
                                                                                                                                                                                                        "Startup Cost": 10003978466.11,
                                                                                                                                                                                                        "Total Cost": 10004197379.43,
                                                                                                                                                                                                        "Plan Rows": 14,
                                                                                                                                                                                                        "Plan Width": 36,
                                                                                                                                                                                                        "Actual Startup Time": 12655.504,
                                                                                                                                                                                                        "Actual Total Time": 12655.518,
                                                                                                                                                                                                        "Actual Rows": 0,
                                                                                                                                                                                                        "Actual Loops": 3,
                                                                                                                                                                                                        "Output": [
                                                                                                                                                                                                            "ci.movie_id",
                                                                                                                                                                                                            "ci.person_id",
                                                                                                                                                                                                            "ci.role_id",
                                                                                                                                                                                                            "ci.person_role_id",
                                                                                                                                                                                                            "mc.movie_id",
                                                                                                                                                                                                            "mc.company_id",
                                                                                                                                                                                                            "pi.person_id",
                                                                                                                                                                                                            "pi.info_type_id",
                                                                                                                                                                                                            "t.id"
                                                                                                                                                                                                        ],
                                                                                                                                                                                                        "Inner Unique": true,
                                                                                                                                                                                                        "Merge Cond": "(mc.movie_id = t.id)",
                                                                                                                                                                                                        "Workers": [
                                                                                                                                                                                                            {
                                                                                                                                                                                                                "Worker Number": 0,
                                                                                                                                                                                                                "Actual Startup Time": 12579.186,
                                                                                                                                                                                                                "Actual Total Time": 12579.199,
                                                                                                                                                                                                                "Actual Rows": 0,
                                                                                                                                                                                                                "Actual Loops": 1
                                                                                                                                                                                                            },
                                                                                                                                                                                                            {
                                                                                                                                                                                                                "Worker Number": 1,
                                                                                                                                                                                                                "Actual Startup Time": 12693.673,
                                                                                                                                                                                                                "Actual Total Time": 12693.682,
                                                                                                                                                                                                                "Actual Rows": 0,
                                                                                                                                                                                                                "Actual Loops": 1
                                                                                                                                                                                                            }
                                                                                                                                                                                                        ],
                                                                                                                                                                                                        "Plans": [
                                                                                                                                                                                                            {
                                                                                                                                                                                                                "Node Type": "Sort",
                                                                                                                                                                                                                "Parent Relationship": "Outer",
                                                                                                                                                                                                                "Parallel Aware": false,
                                                                                                                                                                                                                "Startup Cost": 10003978456.72,
                                                                                                                                                                                                                "Total Cost": 10004023265.75,
                                                                                                                                                                                                                "Plan Rows": 17923610,
                                                                                                                                                                                                                "Plan Width": 32,
                                                                                                                                                                                                                "Actual Startup Time": 11372.421,
                                                                                                                                                                                                                "Actual Total Time": 11372.432,
                                                                                                                                                                                                                "Actual Rows": 1,
                                                                                                                                                                                                                "Actual Loops": 3,
                                                                                                                                                                                                                "Output": [
                                                                                                                                                                                                                    "ci.movie_id",
                                                                                                                                                                                                                    "ci.person_id",
                                                                                                                                                                                                                    "ci.role_id",
                                                                                                                                                                                                                    "ci.person_role_id",
                                                                                                                                                                                                                    "mc.movie_id",
                                                                                                                                                                                                                    "mc.company_id",
                                                                                                                                                                                                                    "pi.person_id",
                                                                                                                                                                                                                    "pi.info_type_id"
                                                                                                                                                                                                                ],
                                                                                                                                                                                                                "Sort Key": [
                                                                                                                                                                                                                    "ci.movie_id"
                                                                                                                                                                                                                ],
                                                                                                                                                                                                                "Sort Method": "quicksort",
                                                                                                                                                                                                                "Sort Space Used": 1194153,
                                                                                                                                                                                                                "Sort Space Type": "Memory",
                                                                                                                                                                                                                "Workers": [
                                                                                                                                                                                                                    {
                                                                                                                                                                                                                        "Worker Number": 0,
                                                                                                                                                                                                                        "Actual Startup Time": 11270.777,
                                                                                                                                                                                                                        "Actual Total Time": 11270.788,
                                                                                                                                                                                                                        "Actual Rows": 1,
                                                                                                                                                                                                                        "Actual Loops": 1
                                                                                                                                                                                                                    },
                                                                                                                                                                                                                    {
                                                                                                                                                                                                                        "Worker Number": 1,
                                                                                                                                                                                                                        "Actual Startup Time": 11370.812,
                                                                                                                                                                                                                        "Actual Total Time": 11370.82,
                                                                                                                                                                                                                        "Actual Rows": 1,
                                                                                                                                                                                                                        "Actual Loops": 1
                                                                                                                                                                                                                    }
                                                                                                                                                                                                                ],
                                                                                                                                                                                                                "Plans": [
                                                                                                                                                                                                                    {
                                                                                                                                                                                                                        "Node Type": "Hash Join",
                                                                                                                                                                                                                        "Parent Relationship": "Outer",
                                                                                                                                                                                                                        "Parallel Aware": true,
                                                                                                                                                                                                                        "Join Type": "Inner",
                                                                                                                                                                                                                        "Startup Cost": 10001590511.28,
                                                                                                                                                                                                                        "Total Cost": 10001819077.74,
                                                                                                                                                                                                                        "Plan Rows": 17923610,
                                                                                                                                                                                                                        "Plan Width": 32,
                                                                                                                                                                                                                        "Actual Startup Time": 8036.443,
                                                                                                                                                                                                                        "Actual Total Time": 9455.173,
                                                                                                                                                                                                                        "Actual Rows": 8335814,
                                                                                                                                                                                                                        "Actual Loops": 3,
                                                                                                                                                                                                                        "Output": [
                                                                                                                                                                                                                            "ci.movie_id",
                                                                                                                                                                                                                            "ci.person_id",
                                                                                                                                                                                                                            "ci.role_id",
                                                                                                                                                                                                                            "ci.person_role_id",
                                                                                                                                                                                                                            "mc.movie_id",
                                                                                                                                                                                                                            "mc.company_id",
                                                                                                                                                                                                                            "pi.person_id",
                                                                                                                                                                                                                            "pi.info_type_id"
                                                                                                                                                                                                                        ],
                                                                                                                                                                                                                        "Inner Unique": false,
                                                                                                                                                                                                                        "Hash Cond": "(mc.movie_id = ci.movie_id)",
                                                                                                                                                                                                                        "Workers": [
                                                                                                                                                                                                                            {
                                                                                                                                                                                                                                "Worker Number": 0,
                                                                                                                                                                                                                                "Actual Startup Time": 8036.426,
                                                                                                                                                                                                                                "Actual Total Time": 9346.555,
                                                                                                                                                                                                                                "Actual Rows": 6744667,
                                                                                                                                                                                                                                "Actual Loops": 1
                                                                                                                                                                                                                            },
                                                                                                                                                                                                                            {
                                                                                                                                                                                                                                "Worker Number": 1,
                                                                                                                                                                                                                                "Actual Startup Time": 8036.432,
                                                                                                                                                                                                                                "Actual Total Time": 9393.923,
                                                                                                                                                                                                                                "Actual Rows": 8010781,
                                                                                                                                                                                                                                "Actual Loops": 1
                                                                                                                                                                                                                            }
                                                                                                                                                                                                                        ],
                                                                                                                                                                                                                        "Plans": [
                                                                                                                                                                                                                            {
                                                                                                                                                                                                                                "Node Type": "Seq Scan",
                                                                                                                                                                                                                                "Parent Relationship": "Outer",
                                                                                                                                                                                                                                "Parallel Aware": true,
                                                                                                                                                                                                                                "Relation Name": "movie_companies",
                                                                                                                                                                                                                                "Schema": "public",
                                                                                                                                                                                                                                "Alias": "mc",
                                                                                                                                                                                                                                "Startup Cost": 10000000000.0,
                                                                                                                                                                                                                                "Total Cost": 10000027206.55,
                                                                                                                                                                                                                                "Plan Rows": 841655,
                                                                                                                                                                                                                                "Plan Width": 8,
                                                                                                                                                                                                                                "Actual Startup Time": 0.071,
                                                                                                                                                                                                                                "Actual Total Time": 145.424,
                                                                                                                                                                                                                                "Actual Rows": 869710,
                                                                                                                                                                                                                                "Actual Loops": 3,
                                                                                                                                                                                                                                "Output": [
                                                                                                                                                                                                                                    "mc.id",
                                                                                                                                                                                                                                    "mc.movie_id",
                                                                                                                                                                                                                                    "mc.company_id",
                                                                                                                                                                                                                                    "mc.company_type_id",
                                                                                                                                                                                                                                    "mc.note"
                                                                                                                                                                                                                                ],
                                                                                                                                                                                                                                "Workers": [
                                                                                                                                                                                                                                    {
                                                                                                                                                                                                                                        "Worker Number": 0,
                                                                                                                                                                                                                                        "Actual Startup Time": 0.082,
                                                                                                                                                                                                                                        "Actual Total Time": 138.116,
                                                                                                                                                                                                                                        "Actual Rows": 683929,
                                                                                                                                                                                                                                        "Actual Loops": 1
                                                                                                                                                                                                                                    },
                                                                                                                                                                                                                                    {
                                                                                                                                                                                                                                        "Worker Number": 1,
                                                                                                                                                                                                                                        "Actual Startup Time": 0.099,
                                                                                                                                                                                                                                        "Actual Total Time": 153.133,
                                                                                                                                                                                                                                        "Actual Rows": 854679,
                                                                                                                                                                                                                                        "Actual Loops": 1
                                                                                                                                                                                                                                    }
                                                                                                                                                                                                                                ]
                                                                                                                                                                                                                            },
                                                                                                                                                                                                                            {
                                                                                                                                                                                                                                "Node Type": "Hash",
                                                                                                                                                                                                                                "Parent Relationship": "Inner",
                                                                                                                                                                                                                                "Parallel Aware": true,
                                                                                                                                                                                                                                "Startup Cost": 1548644.46,
                                                                                                                                                                                                                                "Total Cost": 1548644.46,
                                                                                                                                                                                                                                "Plan Rows": 3349346,
                                                                                                                                                                                                                                "Plan Width": 24,
                                                                                                                                                                                                                                "Actual Startup Time": 7953.179,
                                                                                                                                                                                                                                "Actual Total Time": 7953.186,
                                                                                                                                                                                                                                "Actual Rows": 3490955,
                                                                                                                                                                                                                                "Actual Loops": 3,
                                                                                                                                                                                                                                "Output": [
                                                                                                                                                                                                                                    "ci.movie_id",
                                                                                                                                                                                                                                    "ci.person_id",
                                                                                                                                                                                                                                    "ci.role_id",
                                                                                                                                                                                                                                    "ci.person_role_id",
                                                                                                                                                                                                                                    "pi.person_id",
                                                                                                                                                                                                                                    "pi.info_type_id"
                                                                                                                                                                                                                                ],
                                                                                                                                                                                                                                "Hash Buckets": 33554432,
                                                                                                                                                                                                                                "Original Hash Buckets": 33554432,
                                                                                                                                                                                                                                "Hash Batches": 1,
                                                                                                                                                                                                                                "Original Hash Batches": 1,
                                                                                                                                                                                                                                "Peak Memory Usage": 836064,
                                                                                                                                                                                                                                "Workers": [
                                                                                                                                                                                                                                    {
                                                                                                                                                                                                                                        "Worker Number": 0,
                                                                                                                                                                                                                                        "Actual Startup Time": 8036.139,
                                                                                                                                                                                                                                        "Actual Total Time": 8036.145,
                                                                                                                                                                                                                                        "Actual Rows": 2855644,
                                                                                                                                                                                                                                        "Actual Loops": 1
                                                                                                                                                                                                                                    },
                                                                                                                                                                                                                                    {
                                                                                                                                                                                                                                        "Worker Number": 1,
                                                                                                                                                                                                                                        "Actual Startup Time": 8036.227,
                                                                                                                                                                                                                                        "Actual Total Time": 8036.231,
                                                                                                                                                                                                                                        "Actual Rows": 2802061,
                                                                                                                                                                                                                                        "Actual Loops": 1
                                                                                                                                                                                                                                    }
                                                                                                                                                                                                                                ],
                                                                                                                                                                                                                                "Plans": [
                                                                                                                                                                                                                                    {
                                                                                                                                                                                                                                        "Node Type": "Merge Join",
                                                                                                                                                                                                                                        "Parent Relationship": "Outer",
                                                                                                                                                                                                                                        "Parallel Aware": false,
                                                                                                                                                                                                                                        "Join Type": "Inner",
                                                                                                                                                                                                                                        "Startup Cost": 1498132.08,
                                                                                                                                                                                                                                        "Total Cost": 1548644.46,
                                                                                                                                                                                                                                        "Plan Rows": 3349346,
                                                                                                                                                                                                                                        "Plan Width": 24,
                                                                                                                                                                                                                                        "Actual Startup Time": 5459.855,
                                                                                                                                                                                                                                        "Actual Total Time": 6541.657,
                                                                                                                                                                                                                                        "Actual Rows": 3490955,
                                                                                                                                                                                                                                        "Actual Loops": 3,
                                                                                                                                                                                                                                        "Output": [
                                                                                                                                                                                                                                            "ci.movie_id",
                                                                                                                                                                                                                                            "ci.person_id",
                                                                                                                                                                                                                                            "ci.role_id",
                                                                                                                                                                                                                                            "ci.person_role_id",
                                                                                                                                                                                                                                            "pi.person_id",
                                                                                                                                                                                                                                            "pi.info_type_id"
                                                                                                                                                                                                                                        ],
                                                                                                                                                                                                                                        "Inner Unique": false,
                                                                                                                                                                                                                                        "Merge Cond": "(ci.person_id = pi.person_id)",
                                                                                                                                                                                                                                        "Workers": [
                                                                                                                                                                                                                                            {
                                                                                                                                                                                                                                                "Worker Number": 0,
                                                                                                                                                                                                                                                "Actual Startup Time": 5456.179,
                                                                                                                                                                                                                                                "Actual Total Time": 6680.479,
                                                                                                                                                                                                                                                "Actual Rows": 2855644,
                                                                                                                                                                                                                                                "Actual Loops": 1
                                                                                                                                                                                                                                            },
                                                                                                                                                                                                                                            {
                                                                                                                                                                                                                                                "Worker Number": 1,
                                                                                                                                                                                                                                                "Actual Startup Time": 5463.621,
                                                                                                                                                                                                                                                "Actual Total Time": 6321.368,
                                                                                                                                                                                                                                                "Actual Rows": 2802061,
                                                                                                                                                                                                                                                "Actual Loops": 1
                                                                                                                                                                                                                                            }
                                                                                                                                                                                                                                        ],
                                                                                                                                                                                                                                        "Plans": [
                                                                                                                                                                                                                                            {
                                                                                                                                                                                                                                                "Node Type": "Sort",
                                                                                                                                                                                                                                                "Parent Relationship": "Outer",
                                                                                                                                                                                                                                                "Parallel Aware": false,
                                                                                                                                                                                                                                                "Startup Cost": 901975.2,
                                                                                                                                                                                                                                                "Total Cost": 902308.53,
                                                                                                                                                                                                                                                "Plan Rows": 133330,
                                                                                                                                                                                                                                                "Plan Width": 16,
                                                                                                                                                                                                                                                "Actual Startup Time": 2617.549,
                                                                                                                                                                                                                                                "Actual Total Time": 2638.902,
                                                                                                                                                                                                                                                "Actual Rows": 278900,
                                                                                                                                                                                                                                                "Actual Loops": 3,
                                                                                                                                                                                                                                                "Output": [
                                                                                                                                                                                                                                                    "ci.movie_id",
                                                                                                                                                                                                                                                    "ci.person_id",
                                                                                                                                                                                                                                                    "ci.role_id",
                                                                                                                                                                                                                                                    "ci.person_role_id"
                                                                                                                                                                                                                                                ],
                                                                                                                                                                                                                                                "Sort Key": [
                                                                                                                                                                                                                                                    "ci.person_id"
                                                                                                                                                                                                                                                ],
                                                                                                                                                                                                                                                "Sort Method": "quicksort",
                                                                                                                                                                                                                                                "Sort Space Used": 29951,
                                                                                                                                                                                                                                                "Sort Space Type": "Memory",
                                                                                                                                                                                                                                                "Workers": [
                                                                                                                                                                                                                                                    {
                                                                                                                                                                                                                                                        "Worker Number": 0,
                                                                                                                                                                                                                                                        "Actual Startup Time": 2614.727,
                                                                                                                                                                                                                                                        "Actual Total Time": 2636.548,
                                                                                                                                                                                                                                                        "Actual Rows": 233617,
                                                                                                                                                                                                                                                        "Actual Loops": 1
                                                                                                                                                                                                                                                    },
                                                                                                                                                                                                                                                    {
                                                                                                                                                                                                                                                        "Worker Number": 1,
                                                                                                                                                                                                                                                        "Actual Startup Time": 2614.682,
                                                                                                                                                                                                                                                        "Actual Total Time": 2630.629,
                                                                                                                                                                                                                                                        "Actual Rows": 226285,
                                                                                                                                                                                                                                                        "Actual Loops": 1
                                                                                                                                                                                                                                                    }
                                                                                                                                                                                                                                                ],
                                                                                                                                                                                                                                                "Plans": [
                                                                                                                                                                                                                                                    {
                                                                                                                                                                                                                                                        "Node Type": "Index Scan",
                                                                                                                                                                                                                                                        "Parent Relationship": "Outer",
                                                                                                                                                                                                                                                        "Parallel Aware": true,
                                                                                                                                                                                                                                                        "Scan Direction": "Forward",
                                                                                                                                                                                                                                                        "Index Name": "role_id_cast_info",
                                                                                                                                                                                                                                                        "Relation Name": "cast_info",
                                                                                                                                                                                                                                                        "Schema": "public",
                                                                                                                                                                                                                                                        "Alias": "ci",
                                                                                                                                                                                                                                                        "Startup Cost": 0.56,
                                                                                                                                                                                                                                                        "Total Cost": 890625.72,
                                                                                                                                                                                                                                                        "Plan Rows": 133330,
                                                                                                                                                                                                                                                        "Plan Width": 16,
                                                                                                                                                                                                                                                        "Actual Startup Time": 0.151,
                                                                                                                                                                                                                                                        "Actual Total Time": 2547.82,
                                                                                                                                                                                                                                                        "Actual Rows": 278900,
                                                                                                                                                                                                                                                        "Actual Loops": 3,
                                                                                                                                                                                                                                                        "Output": [
                                                                                                                                                                                                                                                            "ci.movie_id",
                                                                                                                                                                                                                                                            "ci.person_id",
                                                                                                                                                                                                                                                            "ci.role_id",
                                                                                                                                                                                                                                                            "ci.person_role_id"
                                                                                                                                                                                                                                                        ],
                                                                                                                                                                                                                                                        "Filter": "(ci.note = ANY ('{(voice),\"(voice) (uncredited)\",\"(voice: English version)\"}'::text[]))",
                                                                                                                                                                                                                                                        "Rows Removed by Filter": 11802548,
                                                                                                                                                                                                                                                        "Workers": [
                                                                                                                                                                                                                                                            {
                                                                                                                                                                                                                                                                "Worker Number": 0,
                                                                                                                                                                                                                                                                "Actual Startup Time": 0.186,
                                                                                                                                                                                                                                                                "Actual Total Time": 2540.652,
                                                                                                                                                                                                                                                                "Actual Rows": 233617,
                                                                                                                                                                                                                                                                "Actual Loops": 1
                                                                                                                                                                                                                                                            },
                                                                                                                                                                                                                                                            {
                                                                                                                                                                                                                                                                "Worker Number": 1,
                                                                                                                                                                                                                                                                "Actual Startup Time": 0.188,
                                                                                                                                                                                                                                                                "Actual Total Time": 2541.188,
                                                                                                                                                                                                                                                                "Actual Rows": 226285,
                                                                                                                                                                                                                                                                "Actual Loops": 1
                                                                                                                                                                                                                                                            }
                                                                                                                                                                                                                                                        ]
                                                                                                                                                                                                                                                    }
                                                                                                                                                                                                                                                ]
                                                                                                                                                                                                                                            },
                                                                                                                                                                                                                                            {
                                                                                                                                                                                                                                                "Node Type": "Sort",
                                                                                                                                                                                                                                                "Parent Relationship": "Inner",
                                                                                                                                                                                                                                                "Parallel Aware": false,
                                                                                                                                                                                                                                                "Startup Cost": 596155.73,
                                                                                                                                                                                                                                                "Total Cost": 603564.53,
                                                                                                                                                                                                                                                "Plan Rows": 2963519,
                                                                                                                                                                                                                                                "Plan Width": 8,
                                                                                                                                                                                                                                                "Actual Startup Time": 2842.247,
                                                                                                                                                                                                                                                "Actual Total Time": 3238.491,
                                                                                                                                                                                                                                                "Actual Rows": 6142119,
                                                                                                                                                                                                                                                "Actual Loops": 3,
                                                                                                                                                                                                                                                "Output": [
                                                                                                                                                                                                                                                    "pi.person_id",
                                                                                                                                                                                                                                                    "pi.info_type_id"
                                                                                                                                                                                                                                                ],
                                                                                                                                                                                                                                                "Sort Key": [
                                                                                                                                                                                                                                                    "pi.person_id"
                                                                                                                                                                                                                                                ],
                                                                                                                                                                                                                                                "Sort Method": "quicksort",
                                                                                                                                                                                                                                                "Sort Space Used": 237226,
                                                                                                                                                                                                                                                "Sort Space Type": "Memory",
                                                                                                                                                                                                                                                "Workers": [
                                                                                                                                                                                                                                                    {
                                                                                                                                                                                                                                                        "Worker Number": 0,
                                                                                                                                                                                                                                                        "Actual Startup Time": 2841.376,
                                                                                                                                                                                                                                                        "Actual Total Time": 3275.097,
                                                                                                                                                                                                                                                        "Actual Rows": 5548171,
                                                                                                                                                                                                                                                        "Actual Loops": 1
                                                                                                                                                                                                                                                    },
                                                                                                                                                                                                                                                    {
                                                                                                                                                                                                                                                        "Worker Number": 1,
                                                                                                                                                                                                                                                        "Actual Startup Time": 2848.851,
                                                                                                                                                                                                                                                        "Actual Total Time": 3189.052,
                                                                                                                                                                                                                                                        "Actual Rows": 5493383,
                                                                                                                                                                                                                                                        "Actual Loops": 1
                                                                                                                                                                                                                                                    }
                                                                                                                                                                                                                                                ],
                                                                                                                                                                                                                                                "Plans": [
                                                                                                                                                                                                                                                    {
                                                                                                                                                                                                                                                        "Node Type": "Index Scan",
                                                                                                                                                                                                                                                        "Parent Relationship": "Outer",
                                                                                                                                                                                                                                                        "Parallel Aware": false,
                                                                                                                                                                                                                                                        "Scan Direction": "Forward",
                                                                                                                                                                                                                                                        "Index Name": "info_type_id_person_info",
                                                                                                                                                                                                                                                        "Relation Name": "person_info",
                                                                                                                                                                                                                                                        "Schema": "public",
                                                                                                                                                                                                                                                        "Alias": "pi",
                                                                                                                                                                                                                                                        "Startup Cost": 0.43,
                                                                                                                                                                                                                                                        "Total Cost": 277594.04,
                                                                                                                                                                                                                                                        "Plan Rows": 2963519,
                                                                                                                                                                                                                                                        "Plan Width": 8,
                                                                                                                                                                                                                                                        "Actual Startup Time": 0.144,
                                                                                                                                                                                                                                                        "Actual Total Time": 2146.629,
                                                                                                                                                                                                                                                        "Actual Rows": 2963664,
                                                                                                                                                                                                                                                        "Actual Loops": 3,
                                                                                                                                                                                                                                                        "Output": [
                                                                                                                                                                                                                                                            "pi.person_id",
                                                                                                                                                                                                                                                            "pi.info_type_id"
                                                                                                                                                                                                                                                        ],
                                                                                                                                                                                                                                                        "Workers": [
                                                                                                                                                                                                                                                            {
                                                                                                                                                                                                                                                                "Worker Number": 0,
                                                                                                                                                                                                                                                                "Actual Startup Time": 0.206,
                                                                                                                                                                                                                                                                "Actual Total Time": 2106.791,
                                                                                                                                                                                                                                                                "Actual Rows": 2963664,
                                                                                                                                                                                                                                                                "Actual Loops": 1
                                                                                                                                                                                                                                                            },
                                                                                                                                                                                                                                                            {
                                                                                                                                                                                                                                                                "Worker Number": 1,
                                                                                                                                                                                                                                                                "Actual Startup Time": 0.205,
                                                                                                                                                                                                                                                                "Actual Total Time": 2092.939,
                                                                                                                                                                                                                                                                "Actual Rows": 2963664,
                                                                                                                                                                                                                                                                "Actual Loops": 1
                                                                                                                                                                                                                                                            }
                                                                                                                                                                                                                                                        ]
                                                                                                                                                                                                                                                    }
                                                                                                                                                                                                                                                ]
                                                                                                                                                                                                                                            }
                                                                                                                                                                                                                                        ]
                                                                                                                                                                                                                                    }
                                                                                                                                                                                                                                ]
                                                                                                                                                                                                                            }
                                                                                                                                                                                                                        ]
                                                                                                                                                                                                                    }
                                                                                                                                                                                                                ]
                                                                                                                                                                                                            },
                                                                                                                                                                                                            {
                                                                                                                                                                                                                "Node Type": "Index Scan",
                                                                                                                                                                                                                "Parent Relationship": "Inner",
                                                                                                                                                                                                                "Parallel Aware": false,
                                                                                                                                                                                                                "Scan Direction": "Forward",
                                                                                                                                                                                                                "Index Name": "title_pkey",
                                                                                                                                                                                                                "Relation Name": "title",
                                                                                                                                                                                                                "Schema": "public",
                                                                                                                                                                                                                "Alias": "t",
                                                                                                                                                                                                                "Startup Cost": 0.43,
                                                                                                                                                                                                                "Total Cost": 129304.51,
                                                                                                                                                                                                                "Plan Rows": 2,
                                                                                                                                                                                                                "Plan Width": 4,
                                                                                                                                                                                                                "Actual Startup Time": 1283.076,
                                                                                                                                                                                                                "Actual Total Time": 1283.077,
                                                                                                                                                                                                                "Actual Rows": 0,
                                                                                                                                                                                                                "Actual Loops": 3,
                                                                                                                                                                                                                "Output": [
                                                                                                                                                                                                                    "t.id",
                                                                                                                                                                                                                    "t.title",
                                                                                                                                                                                                                    "t.imdb_index",
                                                                                                                                                                                                                    "t.kind_id",
                                                                                                                                                                                                                    "t.production_year",
                                                                                                                                                                                                                    "t.imdb_id",
                                                                                                                                                                                                                    "t.phonetic_code",
                                                                                                                                                                                                                    "t.episode_of_id",
                                                                                                                                                                                                                    "t.season_nr",
                                                                                                                                                                                                                    "t.episode_nr",
                                                                                                                                                                                                                    "t.series_years",
                                                                                                                                                                                                                    "t.md5sum"
                                                                                                                                                                                                                ],
                                                                                                                                                                                                                "Filter": "((t.production_year >= 1995) AND (t.production_year <= 2001) AND (t.title = 'Shrek 2'::text))",
                                                                                                                                                                                                                "Rows Removed by Filter": 2528312,
                                                                                                                                                                                                                "Workers": [
                                                                                                                                                                                                                    {
                                                                                                                                                                                                                        "Worker Number": 0,
                                                                                                                                                                                                                        "Actual Startup Time": 1308.401,
                                                                                                                                                                                                                        "Actual Total Time": 1308.402,
                                                                                                                                                                                                                        "Actual Rows": 0,
                                                                                                                                                                                                                        "Actual Loops": 1
                                                                                                                                                                                                                    },
                                                                                                                                                                                                                    {
                                                                                                                                                                                                                        "Worker Number": 1,
                                                                                                                                                                                                                        "Actual Startup Time": 1322.853,
                                                                                                                                                                                                                        "Actual Total Time": 1322.853,
                                                                                                                                                                                                                        "Actual Rows": 0,
                                                                                                                                                                                                                        "Actual Loops": 1
                                                                                                                                                                                                                    }
                                                                                                                                                                                                                ]
                                                                                                                                                                                                            }
                                                                                                                                                                                                        ]
                                                                                                                                                                                                    },
                                                                                                                                                                                                    {
                                                                                                                                                                                                        "Node Type": "Hash",
                                                                                                                                                                                                        "Parent Relationship": "Inner",
                                                                                                                                                                                                        "Parallel Aware": true,
                                                                                                                                                                                                        "Startup Cost": 65906.29,
                                                                                                                                                                                                        "Total Cost": 65906.29,
                                                                                                                                                                                                        "Plan Rows": 290756,
                                                                                                                                                                                                        "Plan Width": 4,
                                                                                                                                                                                                        "Actual Startup Time": 283.77,
                                                                                                                                                                                                        "Actual Total Time": 283.771,
                                                                                                                                                                                                        "Actual Rows": 300448,
                                                                                                                                                                                                        "Actual Loops": 3,
                                                                                                                                                                                                        "Output": [
                                                                                                                                                                                                            "an.person_id"
                                                                                                                                                                                                        ],
                                                                                                                                                                                                        "Hash Buckets": 1048576,
                                                                                                                                                                                                        "Original Hash Buckets": 1048576,
                                                                                                                                                                                                        "Hash Batches": 1,
                                                                                                                                                                                                        "Original Hash Batches": 1,
                                                                                                                                                                                                        "Peak Memory Usage": 43520,
                                                                                                                                                                                                        "Workers": [
                                                                                                                                                                                                            {
                                                                                                                                                                                                                "Worker Number": 0,
                                                                                                                                                                                                                "Actual Startup Time": 283.182,
                                                                                                                                                                                                                "Actual Total Time": 283.183,
                                                                                                                                                                                                                "Actual Rows": 285030,
                                                                                                                                                                                                                "Actual Loops": 1
                                                                                                                                                                                                            },
                                                                                                                                                                                                            {
                                                                                                                                                                                                                "Worker Number": 1,
                                                                                                                                                                                                                "Actual Startup Time": 283.211,
                                                                                                                                                                                                                "Actual Total Time": 283.212,
                                                                                                                                                                                                                "Actual Rows": 278451,
                                                                                                                                                                                                                "Actual Loops": 1
                                                                                                                                                                                                            }
                                                                                                                                                                                                        ],
                                                                                                                                                                                                        "Plans": [
                                                                                                                                                                                                            {
                                                                                                                                                                                                                "Node Type": "Index Scan",
                                                                                                                                                                                                                "Parent Relationship": "Outer",
                                                                                                                                                                                                                "Parallel Aware": true,
                                                                                                                                                                                                                "Scan Direction": "Forward",
                                                                                                                                                                                                                "Index Name": "person_id_aka_name",
                                                                                                                                                                                                                "Relation Name": "aka_name",
                                                                                                                                                                                                                "Schema": "public",
                                                                                                                                                                                                                "Alias": "an",
                                                                                                                                                                                                                "Startup Cost": 0.42,
                                                                                                                                                                                                                "Total Cost": 65906.29,
                                                                                                                                                                                                                "Plan Rows": 290756,
                                                                                                                                                                                                                "Plan Width": 4,
                                                                                                                                                                                                                "Actual Startup Time": 0.186,
                                                                                                                                                                                                                "Actual Total Time": 165.524,
                                                                                                                                                                                                                "Actual Rows": 300448,
                                                                                                                                                                                                                "Actual Loops": 3,
                                                                                                                                                                                                                "Output": [
                                                                                                                                                                                                                    "an.person_id"
                                                                                                                                                                                                                ],
                                                                                                                                                                                                                "Workers": [
                                                                                                                                                                                                                    {
                                                                                                                                                                                                                        "Worker Number": 0,
                                                                                                                                                                                                                        "Actual Startup Time": 0.18,
                                                                                                                                                                                                                        "Actual Total Time": 163.125,
                                                                                                                                                                                                                        "Actual Rows": 285030,
                                                                                                                                                                                                                        "Actual Loops": 1
                                                                                                                                                                                                                    },
                                                                                                                                                                                                                    {
                                                                                                                                                                                                                        "Worker Number": 1,
                                                                                                                                                                                                                        "Actual Startup Time": 0.341,
                                                                                                                                                                                                                        "Actual Total Time": 168.505,
                                                                                                                                                                                                                        "Actual Rows": 278451,
                                                                                                                                                                                                                        "Actual Loops": 1
                                                                                                                                                                                                                    }
                                                                                                                                                                                                                ]
                                                                                                                                                                                                            }
                                                                                                                                                                                                        ]
                                                                                                                                                                                                    }
                                                                                                                                                                                                ]
                                                                                                                                                                                            }
                                                                                                                                                                                        ]
                                                                                                                                                                                    }
                                                                                                                                                                                ]
                                                                                                                                                                            }
                                                                                                                                                                        ]
                                                                                                                                                                    }
                                                                                                                                                                ]
                                                                                                                                                            }
                                                                                                                                                        ]
                                                                                                                                                    }
                                                                                                                                                ]
                                                                                                                                            },
                                                                                                                                            {
                                                                                                                                                "Node Type": "Sort",
                                                                                                                                                "Parent Relationship": "Inner",
                                                                                                                                                "Parallel Aware": false,
                                                                                                                                                "Startup Cost": 10000075700.85,
                                                                                                                                                "Total Cost": 10000075700.85,
                                                                                                                                                "Plan Rows": 1,
                                                                                                                                                "Plan Width": 4,
                                                                                                                                                "Actual Startup Time": 0.0,
                                                                                                                                                "Actual Total Time": 0.0,
                                                                                                                                                "Actual Rows": 0,
                                                                                                                                                "Actual Loops": 0,
                                                                                                                                                "Output": [
                                                                                                                                                    "chn.id"
                                                                                                                                                ],
                                                                                                                                                "Sort Key": [
                                                                                                                                                    "chn.id"
                                                                                                                                                ],
                                                                                                                                                "Plans": [
                                                                                                                                                    {
                                                                                                                                                        "Node Type": "Seq Scan",
                                                                                                                                                        "Parent Relationship": "Outer",
                                                                                                                                                        "Parallel Aware": false,
                                                                                                                                                        "Relation Name": "char_name",
                                                                                                                                                        "Schema": "public",
                                                                                                                                                        "Alias": "chn",
                                                                                                                                                        "Startup Cost": 10000000000.0,
                                                                                                                                                        "Total Cost": 10000075700.84,
                                                                                                                                                        "Plan Rows": 1,
                                                                                                                                                        "Plan Width": 4,
                                                                                                                                                        "Actual Startup Time": 0.0,
                                                                                                                                                        "Actual Total Time": 0.0,
                                                                                                                                                        "Actual Rows": 0,
                                                                                                                                                        "Actual Loops": 0,
                                                                                                                                                        "Output": [
                                                                                                                                                            "chn.id"
                                                                                                                                                        ],
                                                                                                                                                        "Filter": "(chn.name = 'Queen'::text)",
                                                                                                                                                        "Rows Removed by Filter": 0
                                                                                                                                                    }
                                                                                                                                                ]
                                                                                                                                            }
                                                                                                                                        ]
                                                                                                                                    }
                                                                                                                                ]
                                                                                                                            },
                                                                                                                            {
                                                                                                                                "Node Type": "Sort",
                                                                                                                                "Parent Relationship": "Inner",
                                                                                                                                "Parallel Aware": false,
                                                                                                                                "Startup Cost": 1.16,
                                                                                                                                "Total Cost": 1.16,
                                                                                                                                "Plan Rows": 1,
                                                                                                                                "Plan Width": 4,
                                                                                                                                "Actual Startup Time": 0.0,
                                                                                                                                "Actual Total Time": 0.0,
                                                                                                                                "Actual Rows": 0,
                                                                                                                                "Actual Loops": 0,
                                                                                                                                "Output": [
                                                                                                                                    "rt.id"
                                                                                                                                ],
                                                                                                                                "Sort Key": [
                                                                                                                                    "rt.id"
                                                                                                                                ],
                                                                                                                                "Plans": [
                                                                                                                                    {
                                                                                                                                        "Node Type": "Seq Scan",
                                                                                                                                        "Parent Relationship": "Outer",
                                                                                                                                        "Parallel Aware": false,
                                                                                                                                        "Relation Name": "role_type",
                                                                                                                                        "Schema": "public",
                                                                                                                                        "Alias": "rt",
                                                                                                                                        "Startup Cost": 0.0,
                                                                                                                                        "Total Cost": 1.15,
                                                                                                                                        "Plan Rows": 1,
                                                                                                                                        "Plan Width": 4,
                                                                                                                                        "Actual Startup Time": 0.0,
                                                                                                                                        "Actual Total Time": 0.0,
                                                                                                                                        "Actual Rows": 0,
                                                                                                                                        "Actual Loops": 0,
                                                                                                                                        "Output": [
                                                                                                                                            "rt.id"
                                                                                                                                        ],
                                                                                                                                        "Filter": "((rt.role)::text = 'actress'::text)",
                                                                                                                                        "Rows Removed by Filter": 0
                                                                                                                                    }
                                                                                                                                ]
                                                                                                                            }
                                                                                                                        ]
                                                                                                                    }
                                                                                                                ]
                                                                                                            }
                                                                                                        ]
                                                                                                    }
                                                                                                ]
                                                                                            }
                                                                                        ]
                                                                                    },
                                                                                    {
                                                                                        "Node Type": "Bitmap Heap Scan",
                                                                                        "Parent Relationship": "Inner",
                                                                                        "Parallel Aware": false,
                                                                                        "Relation Name": "keyword",
                                                                                        "Schema": "public",
                                                                                        "Alias": "k",
                                                                                        "Startup Cost": 0.43,
                                                                                        "Total Cost": 4.44,
                                                                                        "Plan Rows": 1,
                                                                                        "Plan Width": 4,
                                                                                        "Actual Startup Time": 0.0,
                                                                                        "Actual Total Time": 0.0,
                                                                                        "Actual Rows": 0,
                                                                                        "Actual Loops": 0,
                                                                                        "Output": [
                                                                                            "k.id",
                                                                                            "k.keyword",
                                                                                            "k.phonetic_code"
                                                                                        ],
                                                                                        "Recheck Cond": "(k.id = mk.keyword_id)",
                                                                                        "Rows Removed by Index Recheck": 0,
                                                                                        "Filter": "(k.keyword = 'computer-animation'::text)",
                                                                                        "Rows Removed by Filter": 0,
                                                                                        "Exact Heap Blocks": 0,
                                                                                        "Lossy Heap Blocks": 0,
                                                                                        "Plans": [
                                                                                            {
                                                                                                "Node Type": "Bitmap Index Scan",
                                                                                                "Parent Relationship": "Outer",
                                                                                                "Parallel Aware": false,
                                                                                                "Index Name": "keyword_pkey",
                                                                                                "Startup Cost": 0.0,
                                                                                                "Total Cost": 0.43,
                                                                                                "Plan Rows": 1,
                                                                                                "Plan Width": 0,
                                                                                                "Actual Startup Time": 0.0,
                                                                                                "Actual Total Time": 0.0,
                                                                                                "Actual Rows": 0,
                                                                                                "Actual Loops": 0,
                                                                                                "Index Cond": "(k.id = mk.keyword_id)"
                                                                                            }
                                                                                        ]
                                                                                    }
                                                                                ]
                                                                            }
                                                                        ]
                                                                    },
                                                                    {
                                                                        "Node Type": "Sort",
                                                                        "Parent Relationship": "Inner",
                                                                        "Parallel Aware": false,
                                                                        "Startup Cost": 10000013593.56,
                                                                        "Total Cost": 10000013931.28,
                                                                        "Plan Rows": 135086,
                                                                        "Plan Width": 12,
                                                                        "Actual Startup Time": 0.0,
                                                                        "Actual Total Time": 0.0,
                                                                        "Actual Rows": 0,
                                                                        "Actual Loops": 0,
                                                                        "Output": [
                                                                            "cc.movie_id",
                                                                            "cc.subject_id",
                                                                            "cc.status_id"
                                                                        ],
                                                                        "Sort Key": [
                                                                            "cc.movie_id"
                                                                        ],
                                                                        "Plans": [
                                                                            {
                                                                                "Node Type": "Seq Scan",
                                                                                "Parent Relationship": "Outer",
                                                                                "Parallel Aware": false,
                                                                                "Relation Name": "complete_cast",
                                                                                "Schema": "public",
                                                                                "Alias": "cc",
                                                                                "Startup Cost": 10000000000.0,
                                                                                "Total Cost": 10000002081.86,
                                                                                "Plan Rows": 135086,
                                                                                "Plan Width": 12,
                                                                                "Actual Startup Time": 0.0,
                                                                                "Actual Total Time": 0.0,
                                                                                "Actual Rows": 0,
                                                                                "Actual Loops": 0,
                                                                                "Output": [
                                                                                    "cc.movie_id",
                                                                                    "cc.subject_id",
                                                                                    "cc.status_id"
                                                                                ]
                                                                            }
                                                                        ]
                                                                    }
                                                                ]
                                                            }
                                                        ]
                                                    }
                                                ]
                                            }
                                        ]
                                    },
                                    {
                                        "Node Type": "Sort",
                                        "Parent Relationship": "Inner",
                                        "Parallel Aware": false,
                                        "Startup Cost": 2.42,
                                        "Total Cost": 2.43,
                                        "Plan Rows": 1,
                                        "Plan Width": 4,
                                        "Actual Startup Time": 0.0,
                                        "Actual Total Time": 0.0,
                                        "Actual Rows": 0,
                                        "Actual Loops": 0,
                                        "Output": [
                                            "it.id"
                                        ],
                                        "Sort Key": [
                                            "it.id"
                                        ],
                                        "Plans": [
                                            {
                                                "Node Type": "Seq Scan",
                                                "Parent Relationship": "Outer",
                                                "Parallel Aware": false,
                                                "Relation Name": "info_type",
                                                "Schema": "public",
                                                "Alias": "it",
                                                "Startup Cost": 0.0,
                                                "Total Cost": 2.41,
                                                "Plan Rows": 1,
                                                "Plan Width": 4,
                                                "Actual Startup Time": 0.0,
                                                "Actual Total Time": 0.0,
                                                "Actual Rows": 0,
                                                "Actual Loops": 0,
                                                "Output": [
                                                    "it.id"
                                                ],
                                                "Filter": "((it.info)::text = 'release dates'::text)",
                                                "Rows Removed by Filter": 0
                                            }
                                        ]
                                    }
                                ]
                            },
                            {
                                "Node Type": "Index Scan",
                                "Parent Relationship": "Inner",
                                "Parallel Aware": false,
                                "Scan Direction": "Forward",
                                "Index Name": "comp_cast_type_pkey",
                                "Relation Name": "comp_cast_type",
                                "Schema": "public",
                                "Alias": "cct2",
                                "Startup Cost": 0.13,
                                "Total Cost": 0.15,
                                "Plan Rows": 1,
                                "Plan Width": 4,
                                "Actual Startup Time": 0.0,
                                "Actual Total Time": 0.0,
                                "Actual Rows": 0,
                                "Actual Loops": 0,
                                "Output": [
                                    "cct2.id",
                                    "cct2.kind"
                                ],
                                "Index Cond": "(cct2.id = cc.status_id)",
                                "Rows Removed by Index Recheck": 0,
                                "Filter": "((cct2.kind)::text = 'complete+verified'::text)",
                                "Rows Removed by Filter": 0
                            }
                        ]
                    },
                    {
                        "Node Type": "Bitmap Heap Scan",
                        "Parent Relationship": "Inner",
                        "Parallel Aware": false,
                        "Relation Name": "comp_cast_type",
                        "Schema": "public",
                        "Alias": "cct1",
                        "Startup Cost": 0.14,
                        "Total Cost": 4.15,
                        "Plan Rows": 1,
                        "Plan Width": 4,
                        "Actual Startup Time": 0.0,
                        "Actual Total Time": 0.0,
                        "Actual Rows": 0,
                        "Actual Loops": 0,
                        "Output": [
                            "cct1.id",
                            "cct1.kind"
                        ],
                        "Recheck Cond": "(cct1.id = cc.subject_id)",
                        "Rows Removed by Index Recheck": 0,
                        "Filter": "((cct1.kind)::text = 'cast'::text)",
                        "Rows Removed by Filter": 0,
                        "Exact Heap Blocks": 0,
                        "Lossy Heap Blocks": 0,
                        "Plans": [
                            {
                                "Node Type": "Bitmap Index Scan",
                                "Parent Relationship": "Outer",
                                "Parallel Aware": false,
                                "Index Name": "comp_cast_type_pkey",
                                "Startup Cost": 0.0,
                                "Total Cost": 0.14,
                                "Plan Rows": 1,
                                "Plan Width": 0,
                                "Actual Startup Time": 0.0,
                                "Actual Total Time": 0.0,
                                "Actual Rows": 0,
                                "Actual Loops": 0,
                                "Index Cond": "(cct1.id = cc.subject_id)"
                            }
                        ]
                    }
                ]
            }
        ]
    },
    "Planning Time": 2432.536,
    "Triggers": [],
    "Execution Time": 15051.102
}