[
  {
    "Plan": {
      "Node Type": "Aggregate",
      "Strategy": "Plain",
      "Partial Mode": "Finalize",
      "Parallel Aware": false,
      "Startup Cost": 49096.16,
      "Total Cost": 49096.17,
      "Plan Rows": 1,
      "Plan Width": 8,
      "Actual Startup Time": 60.148,
      "Actual Total Time": 68.245,
      "Actual Rows": 1,
      "Actual Loops": 1,
      "Plans": [
        {
          "Node Type": "Gather",
          "Parent Relationship": "Outer",
          "Parallel Aware": false,
          "Startup Cost": 49095.85,
          "Total Cost": 49096.16,
          "Plan Rows": 3,
          "Plan Width": 8,
          "Actual Startup Time": 59.958,
          "Actual Total Time": 68.237,
          "Actual Rows": 4,
          "Actual Loops": 1,
          "Workers Planned": 3,
          "Workers Launched": 3,
          "Single Copy": false,
          "Plans": [
            {
              "Node Type": "Aggregate",
              "Strategy": "Plain",
              "Partial Mode": "Partial",
              "Parent Relationship": "Outer",
              "Parallel Aware": false,
              "Startup Cost": 48095.85,
              "Total Cost": 48095.86,
              "Plan Rows": 1,
              "Plan Width": 8,
              "Actual Startup Time": 52.021,
              "Actual Total Time": 52.043,
              "Actual Rows": 1,
              "Actual Loops": 4,
              "Plans": [
                {
                  "Node Type": "Nested Loop",
                  "Parent Relationship": "Outer",
                  "Parallel Aware": false,
                  "Join Type": "Inner",
                  "Startup Cost": 601.15,
                  "Total Cost": 48087.22,
                  "Plan Rows": 3451,
                  "Plan Width": 0,
                  "Actual Startup Time": 16.917,
                  "Actual Total Time": 51.663,
                  "Actual Rows": 2039,
                  "Actual Loops": 4,
                  "Inner Unique": true,
                  "Plans": [
                    {
                      "Node Type": "Bitmap Heap Scan",
                      "Parent Relationship": "Outer",
                      "Parallel Aware": true,
                      "Relation Name": "movie_companies",
                      "Alias": "mc",
                      "Startup Cost": 600.72,
                      "Total Cost": 20443.62,
                      "Plan Rows": 4588,
                      "Plan Width": 4,
                      "Actual Startup Time": 16.771,
                      "Actual Total Time": 21.791,
                      "Actual Rows": 3618,
                      "Actual Loops": 4,
                      "Recheck Cond": "(company_id = 27)",
                      "Rows Removed by Index Recheck": 0,
                      "Filter": "(company_type_id > 1)",
                      "Rows Removed by Filter": 3208,
                      "Exact Heap Blocks": 4887,
                      "Lossy Heap Blocks": 0,
                      "Plans": [
                        {
                          "Node Type": "Bitmap Index Scan",
                          "Parent Relationship": "Outer",
                          "Parallel Aware": false,
                          "Index Name": "company_id_movie_companies",
                          "Startup Cost": 0.0,
                          "Total Cost": 597.16,
                          "Plan Rows": 27831,
                          "Plan Width": 0,
                          "Actual Startup Time": 10.893,
                          "Actual Total Time": 10.893,
                          "Actual Rows": 27303,
                          "Actual Loops": 1,
                          "Index Cond": "(company_id = 27)"
                        }
                      ]
                    },
                    {
                      "Node Type": "Index Scan",
                      "Parent Relationship": "Inner",
                      "Parallel Aware": false,
                      "Scan Direction": "Forward",
                      "Index Name": "title_pkey",
                      "Relation Name": "title",
                      "Alias": "t",
                      "Startup Cost": 0.43,
                      "Total Cost": 6.03,
                      "Plan Rows": 1,
                      "Plan Width": 4,
                      "Actual Startup Time": 0.008,
                      "Actual Total Time": 0.008,
                      "Actual Rows": 1,
                      "Actual Loops": 14470,
                      "Index Cond": "(id = mc.movie_id)",
                      "Rows Removed by Index Recheck": 0,
                      "Filter": "(production_year > 1983)",
                      "Rows Removed by Filter": 0
                    }
                  ]
                }
              ]
            }
          ]
        }
      ]
    },
    "Planning Time": 0.621,
    "Triggers": [],
    "Execution Time": 68.323
  }
]