[
  {
    "Plan": {
      "Node Type": "Aggregate",
      "Strategy": "Plain",
      "Partial Mode": "Finalize",
      "Parallel Aware": false,
      "Startup Cost": 81297.76,
      "Total Cost": 81297.77,
      "Plan Rows": 1,
      "Plan Width": 8,
      "Actual Startup Time": 488.061,
      "Actual Total Time": 508.088,
      "Actual Rows": 1,
      "Actual Loops": 1,
      "Plans": [
        {
          "Node Type": "Gather",
          "Parent Relationship": "Outer",
          "Parallel Aware": false,
          "Startup Cost": 81297.34,
          "Total Cost": 81297.75,
          "Plan Rows": 4,
          "Plan Width": 8,
          "Actual Startup Time": 479.177,
          "Actual Total Time": 508.078,
          "Actual Rows": 5,
          "Actual Loops": 1,
          "Workers Planned": 4,
          "Workers Launched": 4,
          "Single Copy": false,
          "Plans": [
            {
              "Node Type": "Aggregate",
              "Strategy": "Plain",
              "Partial Mode": "Partial",
              "Parent Relationship": "Outer",
              "Parallel Aware": false,
              "Startup Cost": 80297.34,
              "Total Cost": 80297.35,
              "Plan Rows": 1,
              "Plan Width": 8,
              "Actual Startup Time": 469.34,
              "Actual Total Time": 469.343,
              "Actual Rows": 1,
              "Actual Loops": 5,
              "Plans": [
                {
                  "Node Type": "Hash Join",
                  "Parent Relationship": "Outer",
                  "Parallel Aware": true,
                  "Join Type": "Inner",
                  "Startup Cost": 33926.57,
                  "Total Cost": 79908.02,
                  "Plan Rows": 155728,
                  "Plan Width": 0,
                  "Actual Startup Time": 169.863,
                  "Actual Total Time": 458.28,
                  "Actual Rows": 177814,
                  "Actual Loops": 5,
                  "Inner Unique": false,
                  "Hash Cond": "(t.id = mc.movie_id)",
                  "Plans": [
                    {
                      "Node Type": "Seq Scan",
                      "Parent Relationship": "Outer",
                      "Parallel Aware": true,
                      "Relation Name": "title",
                      "Alias": "t",
                      "Startup Cost": 0.0,
                      "Total Cost": 42318.73,
                      "Plan Rows": 632073,
                      "Plan Width": 4,
                      "Actual Startup Time": 0.015,
                      "Actual Total Time": 83.755,
                      "Actual Rows": 505662,
                      "Actual Loops": 5
                    },
                    {
                      "Node Type": "Hash",
                      "Parent Relationship": "Inner",
                      "Parallel Aware": true,
                      "Startup Cost": 31414.82,
                      "Total Cost": 31414.82,
                      "Plan Rows": 200940,
                      "Plan Width": 4,
                      "Actual Startup Time": 165.278,
                      "Actual Total Time": 165.279,
                      "Actual Rows": 177814,
                      "Actual Loops": 5,
                      "Hash Buckets": 1048576,
                      "Original Hash Buckets": 1048576,
                      "Hash Batches": 1,
                      "Original Hash Batches": 1,
                      "Peak Memory Usage": 43072,
                      "Plans": [
                        {
                          "Node Type": "Seq Scan",
                          "Parent Relationship": "Outer",
                          "Parallel Aware": true,
                          "Relation Name": "movie_companies",
                          "Alias": "mc",
                          "Startup Cost": 0.0,
                          "Total Cost": 31414.82,
                          "Plan Rows": 200940,
                          "Plan Width": 4,
                          "Actual Startup Time": 47.432,
                          "Actual Total Time": 91.427,
                          "Actual Rows": 177814,
                          "Actual Loops": 5,
                          "Filter": "((company_id > 11921) AND (company_type_id > 1))",
                          "Rows Removed by Filter": 344012
                        }
                      ]
                    }
                  ]
                }
              ]
            }
          ]
        }
      ]
    },
    "Planning Time": 0.764,
    "Triggers": [],
    "Execution Time": 508.165
  }
]