[
  {
    "Plan": {
      "Node Type": "Aggregate",
      "Strategy": "Plain",
      "Partial Mode": "Finalize",
      "Parallel Aware": false,
      "Startup Cost": 30179.82,
      "Total Cost": 30179.83,
      "Plan Rows": 1,
      "Plan Width": 8,
      "Actual Startup Time": 31.322,
      "Actual Total Time": 35.533,
      "Actual Rows": 1,
      "Actual Loops": 1,
      "Plans": [
        {
          "Node Type": "Gather",
          "Parent Relationship": "Outer",
          "Parallel Aware": false,
          "Startup Cost": 30179.6,
          "Total Cost": 30179.81,
          "Plan Rows": 2,
          "Plan Width": 8,
          "Actual Startup Time": 31.025,
          "Actual Total Time": 35.525,
          "Actual Rows": 3,
          "Actual Loops": 1,
          "Workers Planned": 2,
          "Workers Launched": 2,
          "Single Copy": false,
          "Plans": [
            {
              "Node Type": "Aggregate",
              "Strategy": "Plain",
              "Partial Mode": "Partial",
              "Parent Relationship": "Outer",
              "Parallel Aware": false,
              "Startup Cost": 29179.6,
              "Total Cost": 29179.61,
              "Plan Rows": 1,
              "Plan Width": 8,
              "Actual Startup Time": 22.867,
              "Actual Total Time": 22.869,
              "Actual Rows": 1,
              "Actual Loops": 3,
              "Plans": [
                {
                  "Node Type": "Nested Loop",
                  "Parent Relationship": "Outer",
                  "Parallel Aware": false,
                  "Join Type": "Inner",
                  "Startup Cost": 83.24,
                  "Total Cost": 29179.4,
                  "Plan Rows": 82,
                  "Plan Width": 0,
                  "Actual Startup Time": 2.628,
                  "Actual Total Time": 22.833,
                  "Actual Rows": 104,
                  "Actual Loops": 3,
                  "Inner Unique": true,
                  "Plans": [
                    {
                      "Node Type": "Bitmap Heap Scan",
                      "Parent Relationship": "Outer",
                      "Parallel Aware": true,
                      "Relation Name": "movie_info",
                      "Alias": "mi",
                      "Startup Cost": 82.81,
                      "Total Cost": 15452.21,
                      "Plan Rows": 1848,
                      "Plan Width": 4,
                      "Actual Startup Time": 1.316,
                      "Actual Total Time": 5.867,
                      "Actual Rows": 1446,
                      "Actual Loops": 3,
                      "Recheck Cond": "(info_type_id = 35)",
                      "Rows Removed by Index Recheck": 0,
                      "Exact Heap Blocks": 1182,
                      "Lossy Heap Blocks": 0,
                      "Plans": [
                        {
                          "Node Type": "Bitmap Index Scan",
                          "Parent Relationship": "Outer",
                          "Parallel Aware": false,
                          "Index Name": "info_type_id_movie_info",
                          "Startup Cost": 0.0,
                          "Total Cost": 81.7,
                          "Plan Rows": 4435,
                          "Plan Width": 0,
                          "Actual Startup Time": 2.927,
                          "Actual Total Time": 2.927,
                          "Actual Rows": 4339,
                          "Actual Loops": 1,
                          "Index Cond": "(info_type_id = 35)"
                        }
                      ]
                    },
                    {
                      "Node Type": "Index Scan",
                      "Parent Relationship": "Inner",
                      "Parallel Aware": false,
                      "Scan Direction": "Forward",
                      "Index Name": "title_pkey",
                      "Relation Name": "title",
                      "Alias": "t",
                      "Startup Cost": 0.43,
                      "Total Cost": 7.43,
                      "Plan Rows": 1,
                      "Plan Width": 4,
                      "Actual Startup Time": 0.011,
                      "Actual Total Time": 0.011,
                      "Actual Rows": 0,
                      "Actual Loops": 4339,
                      "Index Cond": "(id = mi.movie_id)",
                      "Rows Removed by Index Recheck": 0,
                      "Filter": "(production_year = 2006)",
                      "Rows Removed by Filter": 1
                    }
                  ]
                }
              ]
            }
          ]
        }
      ]
    },
    "Planning Time": 0.672,
    "Triggers": [],
    "Execution Time": 35.621
  }
]