[
  {
    "Plan": {
      "Node Type": "Aggregate",
      "Strategy": "Plain",
      "Partial Mode": "Finalize",
      "Parallel Aware": false,
      "Startup Cost": 79454.81,
      "Total Cost": 79454.82,
      "Plan Rows": 1,
      "Plan Width": 8,
      "Actual Startup Time": 315.29,
      "Actual Total Time": 330.404,
      "Actual Rows": 1,
      "Actual Loops": 1,
      "Plans": [
        {
          "Node Type": "Gather",
          "Parent Relationship": "Outer",
          "Parallel Aware": false,
          "Startup Cost": 79454.39,
          "Total Cost": 79454.8,
          "Plan Rows": 4,
          "Plan Width": 8,
          "Actual Startup Time": 310.548,
          "Actual Total Time": 330.397,
          "Actual Rows": 5,
          "Actual Loops": 1,
          "Workers Planned": 4,
          "Workers Launched": 4,
          "Single Copy": false,
          "Plans": [
            {
              "Node Type": "Aggregate",
              "Strategy": "Plain",
              "Partial Mode": "Partial",
              "Parent Relationship": "Outer",
              "Parallel Aware": false,
              "Startup Cost": 78454.39,
              "Total Cost": 78454.4,
              "Plan Rows": 1,
              "Plan Width": 8,
              "Actual Startup Time": 300.802,
              "Actual Total Time": 300.805,
              "Actual Rows": 1,
              "Actual Loops": 5,
              "Plans": [
                {
                  "Node Type": "Hash Join",
                  "Parent Relationship": "Outer",
                  "Parallel Aware": true,
                  "Join Type": "Inner",
                  "Startup Cost": 32566.46,
                  "Total Cost": 78275.88,
                  "Plan Rows": 71401,
                  "Plan Width": 0,
                  "Actual Startup Time": 116.324,
                  "Actual Total Time": 295.706,
                  "Actual Rows": 116148,
                  "Actual Loops": 5,
                  "Inner Unique": false,
                  "Hash Cond": "(t.id = mc.movie_id)",
                  "Plans": [
                    {
                      "Node Type": "Seq Scan",
                      "Parent Relationship": "Outer",
                      "Parallel Aware": true,
                      "Relation Name": "title",
                      "Alias": "t",
                      "Startup Cost": 0.0,
                      "Total Cost": 42318.73,
                      "Plan Rows": 632073,
                      "Plan Width": 4,
                      "Actual Startup Time": 0.01,
                      "Actual Total Time": 62.156,
                      "Actual Rows": 505662,
                      "Actual Loops": 5
                    },
                    {
                      "Node Type": "Hash",
                      "Parent Relationship": "Inner",
                      "Parallel Aware": true,
                      "Startup Cost": 31414.82,
                      "Total Cost": 31414.82,
                      "Plan Rows": 92131,
                      "Plan Width": 4,
                      "Actual Startup Time": 113.401,
                      "Actual Total Time": 113.402,
                      "Actual Rows": 116148,
                      "Actual Loops": 5,
                      "Hash Buckets": 1048576,
                      "Original Hash Buckets": 524288,
                      "Hash Batches": 1,
                      "Original Hash Batches": 1,
                      "Peak Memory Usage": 35072,
                      "Plans": [
                        {
                          "Node Type": "Seq Scan",
                          "Parent Relationship": "Outer",
                          "Parallel Aware": true,
                          "Relation Name": "movie_companies",
                          "Alias": "mc",
                          "Startup Cost": 0.0,
                          "Total Cost": 31414.82,
                          "Plan Rows": 92131,
                          "Plan Width": 4,
                          "Actual Startup Time": 41.565,
                          "Actual Total Time": 70.521,
                          "Actual Rows": 116148,
                          "Actual Loops": 5,
                          "Filter": "((company_id > 71043) AND (company_type_id = 2))",
                          "Rows Removed by Filter": 405678
                        }
                      ]
                    }
                  ]
                }
              ]
            }
          ]
        }
      ]
    },
    "Planning Time": 0.654,
    "Triggers": [],
    "Execution Time": 330.483
  }
]