[
  {
    "Plan": {
      "Node Type": "Aggregate",
      "Strategy": "Plain",
      "Partial Mode": "Finalize",
      "Parallel Aware": false,
      "Startup Cost": 89500.15,
      "Total Cost": 89500.16,
      "Plan Rows": 1,
      "Plan Width": 8,
      "Actual Startup Time": 273.599,
      "Actual Total Time": 289.87,
      "Actual Rows": 1,
      "Actual Loops": 1,
      "Plans": [
        {
          "Node Type": "Gather",
          "Parent Relationship": "Outer",
          "Parallel Aware": false,
          "Startup Cost": 89499.84,
          "Total Cost": 89500.15,
          "Plan Rows": 3,
          "Plan Width": 8,
          "Actual Startup Time": 273.028,
          "Actual Total Time": 289.86,
          "Actual Rows": 4,
          "Actual Loops": 1,
          "Workers Planned": 3,
          "Workers Launched": 3,
          "Single Copy": false,
          "Plans": [
            {
              "Node Type": "Aggregate",
              "Strategy": "Plain",
              "Partial Mode": "Partial",
              "Parent Relationship": "Outer",
              "Parallel Aware": false,
              "Startup Cost": 88499.84,
              "Total Cost": 88499.85,
              "Plan Rows": 1,
              "Plan Width": 8,
              "Actual Startup Time": 269.286,
              "Actual Total Time": 269.289,
              "Actual Rows": 1,
              "Actual Loops": 4,
              "Plans": [
                {
                  "Node Type": "Hash Join",
                  "Parent Relationship": "Outer",
                  "Parallel Aware": true,
                  "Join Type": "Inner",
                  "Startup Cost": 45576.85,
                  "Total Cost": 88454.93,
                  "Plan Rows": 17963,
                  "Plan Width": 0,
                  "Actual Startup Time": 133.5,
                  "Actual Total Time": 268.207,
                  "Actual Rows": 23557,
                  "Actual Loops": 4,
                  "Inner Unique": true,
                  "Hash Cond": "(mk.movie_id = t.id)",
                  "Plans": [
                    {
                      "Node Type": "Seq Scan",
                      "Parent Relationship": "Outer",
                      "Parallel Aware": true,
                      "Relation Name": "movie_keyword",
                      "Alias": "mk",
                      "Startup Cost": 0.0,
                      "Total Cost": 39047.32,
                      "Plan Rows": 1459332,
                      "Plan Width": 4,
                      "Actual Startup Time": 0.022,
                      "Actual Total Time": 83.248,
                      "Actual Rows": 1130982,
                      "Actual Loops": 4
                    },
                    {
                      "Node Type": "Hash",
                      "Parent Relationship": "Inner",
                      "Parallel Aware": true,
                      "Startup Cost": 45479.59,
                      "Total Cost": 45479.59,
                      "Plan Rows": 7781,
                      "Plan Width": 4,
                      "Actual Startup Time": 99.433,
                      "Actual Total Time": 99.434,
                      "Actual Rows": 28128,
                      "Actual Loops": 4,
                      "Hash Buckets": 131072,
                      "Original Hash Buckets": 32768,
                      "Hash Batches": 1,
                      "Original Hash Batches": 1,
                      "Peak Memory Usage": 6240,
                      "Plans": [
                        {
                          "Node Type": "Seq Scan",
                          "Parent Relationship": "Outer",
                          "Parallel Aware": true,
                          "Relation Name": "title",
                          "Alias": "t",
                          "Startup Cost": 0.0,
                          "Total Cost": 45479.59,
                          "Plan Rows": 7781,
                          "Plan Width": 4,
                          "Actual Startup Time": 54.515,
                          "Actual Total Time": 87.98,
                          "Actual Rows": 28128,
                          "Actual Loops": 4,
                          "Filter": "((kind_id < 3) AND (production_year < 1929))",
                          "Rows Removed by Filter": 603950
                        }
                      ]
                    }
                  ]
                }
              ]
            }
          ]
        }
      ]
    },
    "Planning Time": 0.629,
    "Triggers": [],
    "Execution Time": 289.94
  }
]