[
  {
    "Plan": {
      "Node Type": "Aggregate",
      "Strategy": "Plain",
      "Partial Mode": "Finalize",
      "Parallel Aware": false,
      "Startup Cost": 46545.7,
      "Total Cost": 46545.71,
      "Plan Rows": 1,
      "Plan Width": 8,
      "Actual Startup Time": 184.003,
      "Actual Total Time": 193.872,
      "Actual Rows": 1,
      "Actual Loops": 1,
      "Plans": [
        {
          "Node Type": "Gather",
          "Parent Relationship": "Outer",
          "Parallel Aware": false,
          "Startup Cost": 46545.38,
          "Total Cost": 46545.69,
          "Plan Rows": 3,
          "Plan Width": 8,
          "Actual Startup Time": 183.855,
          "Actual Total Time": 193.862,
          "Actual Rows": 4,
          "Actual Loops": 1,
          "Workers Planned": 3,
          "Workers Launched": 3,
          "Single Copy": false,
          "Plans": [
            {
              "Node Type": "Aggregate",
              "Strategy": "Plain",
              "Partial Mode": "Partial",
              "Parent Relationship": "Outer",
              "Parallel Aware": false,
              "Startup Cost": 45545.38,
              "Total Cost": 45545.39,
              "Plan Rows": 1,
              "Plan Width": 8,
              "Actual Startup Time": 177.057,
              "Actual Total Time": 177.059,
              "Actual Rows": 1,
              "Actual Loops": 4,
              "Plans": [
                {
                  "Node Type": "Seq Scan",
                  "Parent Relationship": "Outer",
                  "Parallel Aware": true,
                  "Relation Name": "movie_keyword",
                  "Alias": "mk",
                  "Startup Cost": 0.0,
                  "Total Cost": 42695.65,
                  "Plan Rows": 1139890,
                  "Plan Width": 0,
                  "Actual Startup Time": 0.054,
                  "Actual Total Time": 132.661,
                  "Actual Rows": 884270,
                  "Actual Loops": 4,
                  "Filter": "(keyword_id < 18734)",
                  "Rows Removed by Filter": 246713
                }
              ]
            }
          ]
        }
      ]
    },
    "Planning Time": 0.096,
    "Triggers": [],
    "Execution Time": 193.902
  }
]