{
    "Plan": {
        "Node Type": "Aggregate",
        "Strategy": "Plain",
        "Partial Mode": "Simple",
        "Parallel Aware": false,
        "Startup Cost": 50003307343.72,
        "Total Cost": 50003307343.73,
        "Plan Rows": 1,
        "Plan Width": 96,
        "Actual Startup Time": 14641.171,
        "Actual Total Time": 14641.314,
        "Actual Rows": 1,
        "Actual Loops": 1,
        "Output": [
            "min(cn.name)",
            "min(mi_idx.info)",
            "min(t.title)"
        ],
        "Plans": [
            {
                "Node Type": "Nested Loop",
                "Parent Relationship": "Outer",
                "Parallel Aware": false,
                "Join Type": "Inner",
                "Startup Cost": 50003307335.65,
                "Total Cost": 50003307343.71,
                "Plan Rows": 1,
                "Plan Width": 41,
                "Actual Startup Time": 14466.197,
                "Actual Total Time": 14633.237,
                "Actual Rows": 32192,
                "Actual Loops": 1,
                "Output": [
                    "cn.name",
                    "mi_idx.info",
                    "t.title"
                ],
                "Inner Unique": true,
                "Plans": [
                    {
                        "Node Type": "Merge Join",
                        "Parent Relationship": "Outer",
                        "Parallel Aware": false,
                        "Join Type": "Inner",
                        "Startup Cost": 40003307335.5,
                        "Total Cost": 40003307335.53,
                        "Plan Rows": 1,
                        "Plan Width": 45,
                        "Actual Startup Time": 14466.181,
                        "Actual Total Time": 14485.965,
                        "Actual Rows": 38170,
                        "Actual Loops": 1,
                        "Output": [
                            "cn.name",
                            "mi.info_type_id",
                            "mi_idx.info",
                            "t.title"
                        ],
                        "Inner Unique": false,
                        "Merge Cond": "(mc.company_type_id = ct.id)",
                        "Plans": [
                            {
                                "Node Type": "Sort",
                                "Parent Relationship": "Outer",
                                "Parallel Aware": false,
                                "Startup Cost": 40003307334.42,
                                "Total Cost": 40003307334.42,
                                "Plan Rows": 1,
                                "Plan Width": 49,
                                "Actual Startup Time": 14466.151,
                                "Actual Total Time": 14470.388,
                                "Actual Rows": 38170,
                                "Actual Loops": 1,
                                "Output": [
                                    "cn.name",
                                    "mc.company_type_id",
                                    "mi.info_type_id",
                                    "mi_idx.info",
                                    "t.title"
                                ],
                                "Sort Key": [
                                    "mc.company_type_id"
                                ],
                                "Sort Method": "quicksort",
                                "Sort Space Used": 5739,
                                "Sort Space Type": "Memory",
                                "Plans": [
                                    {
                                        "Node Type": "Hash Join",
                                        "Parent Relationship": "Outer",
                                        "Parallel Aware": false,
                                        "Join Type": "Inner",
                                        "Startup Cost": 40000808503.83,
                                        "Total Cost": 40003307334.41,
                                        "Plan Rows": 1,
                                        "Plan Width": 49,
                                        "Actual Startup Time": 12312.34,
                                        "Actual Total Time": 14458.402,
                                        "Actual Rows": 38170,
                                        "Actual Loops": 1,
                                        "Output": [
                                            "cn.name",
                                            "mc.company_type_id",
                                            "mi.info_type_id",
                                            "mi_idx.info",
                                            "t.title"
                                        ],
                                        "Inner Unique": false,
                                        "Hash Cond": "(mi.movie_id = t.id)",
                                        "Plans": [
                                            {
                                                "Node Type": "Merge Join",
                                                "Parent Relationship": "Outer",
                                                "Parallel Aware": false,
                                                "Join Type": "Inner",
                                                "Startup Cost": 10000000038.3,
                                                "Total Cost": 10002498816.35,
                                                "Plan Rows": 14006,
                                                "Plan Width": 17,
                                                "Actual Startup Time": 6322.879,
                                                "Actual Total Time": 8435.14,
                                                "Actual Rows": 173221,
                                                "Actual Loops": 1,
                                                "Output": [
                                                    "mi_idx.info",
                                                    "mi_idx.movie_id",
                                                    "mi.movie_id",
                                                    "mi.info_type_id"
                                                ],
                                                "Inner Unique": false,
                                                "Merge Cond": "(mi_idx.info_type_id = it2.id)",
                                                "Plans": [
                                                    {
                                                        "Node Type": "Nested Loop",
                                                        "Parent Relationship": "Outer",
                                                        "Parallel Aware": false,
                                                        "Join Type": "Inner",
                                                        "Startup Cost": 0.86,
                                                        "Total Cost": 2494682.22,
                                                        "Plan Rows": 1582650,
                                                        "Plan Width": 21,
                                                        "Actual Startup Time": 0.864,
                                                        "Actual Total Time": 8367.669,
                                                        "Actual Rows": 619665,
                                                        "Actual Loops": 1,
                                                        "Output": [
                                                            "mi.movie_id",
                                                            "mi.info_type_id",
                                                            "mi_idx.info",
                                                            "mi_idx.movie_id",
                                                            "mi_idx.info_type_id"
                                                        ],
                                                        "Inner Unique": false,
                                                        "Plans": [
                                                            {
                                                                "Node Type": "Index Scan",
                                                                "Parent Relationship": "Outer",
                                                                "Parallel Aware": false,
                                                                "Scan Direction": "Forward",
                                                                "Index Name": "info_type_id_movie_info_idx",
                                                                "Relation Name": "movie_info_idx",
                                                                "Schema": "public",
                                                                "Alias": "mi_idx",
                                                                "Startup Cost": 0.43,
                                                                "Total Cost": 67482.03,
                                                                "Plan Rows": 1172563,
                                                                "Plan Width": 13,
                                                                "Actual Startup Time": 0.822,
                                                                "Actual Total Time": 676.231,
                                                                "Actual Rows": 1172735,
                                                                "Actual Loops": 1,
                                                                "Output": [
                                                                    "mi_idx.id",
                                                                    "mi_idx.movie_id",
                                                                    "mi_idx.info_type_id",
                                                                    "mi_idx.info",
                                                                    "mi_idx.note"
                                                                ],
                                                                "Filter": "(mi_idx.info < '7.0'::text)",
                                                                "Rows Removed by Filter": 207041
                                                            },
                                                            {
                                                                "Node Type": "Index Scan",
                                                                "Parent Relationship": "Inner",
                                                                "Parallel Aware": false,
                                                                "Scan Direction": "Forward",
                                                                "Index Name": "movie_id_movie_info",
                                                                "Relation Name": "movie_info",
                                                                "Schema": "public",
                                                                "Alias": "mi",
                                                                "Startup Cost": 0.43,
                                                                "Total Cost": 2.05,
                                                                "Plan Rows": 2,
                                                                "Plan Width": 8,
                                                                "Actual Startup Time": 0.006,
                                                                "Actual Total Time": 0.006,
                                                                "Actual Rows": 1,
                                                                "Actual Loops": 1172735,
                                                                "Output": [
                                                                    "mi.id",
                                                                    "mi.movie_id",
                                                                    "mi.info_type_id",
                                                                    "mi.info",
                                                                    "mi.note"
                                                                ],
                                                                "Index Cond": "(mi.movie_id = mi_idx.movie_id)",
                                                                "Rows Removed by Index Recheck": 0,
                                                                "Filter": "(mi.info = ANY ('{Germany,German,USA,American}'::text[]))",
                                                                "Rows Removed by Filter": 14
                                                            }
                                                        ]
                                                    },
                                                    {
                                                        "Node Type": "Sort",
                                                        "Parent Relationship": "Inner",
                                                        "Parallel Aware": false,
                                                        "Startup Cost": 10000000002.42,
                                                        "Total Cost": 10000000002.43,
                                                        "Plan Rows": 1,
                                                        "Plan Width": 4,
                                                        "Actual Startup Time": 0.026,
                                                        "Actual Total Time": 6.049,
                                                        "Actual Rows": 1,
                                                        "Actual Loops": 1,
                                                        "Output": [
                                                            "it2.id"
                                                        ],
                                                        "Sort Key": [
                                                            "it2.id"
                                                        ],
                                                        "Sort Method": "quicksort",
                                                        "Sort Space Used": 25,
                                                        "Sort Space Type": "Memory",
                                                        "Plans": [
                                                            {
                                                                "Node Type": "Seq Scan",
                                                                "Parent Relationship": "Outer",
                                                                "Parallel Aware": false,
                                                                "Relation Name": "info_type",
                                                                "Schema": "public",
                                                                "Alias": "it2",
                                                                "Startup Cost": 10000000000.0,
                                                                "Total Cost": 10000000002.41,
                                                                "Plan Rows": 1,
                                                                "Plan Width": 4,
                                                                "Actual Startup Time": 0.019,
                                                                "Actual Total Time": 0.02,
                                                                "Actual Rows": 1,
                                                                "Actual Loops": 1,
                                                                "Output": [
                                                                    "it2.id"
                                                                ],
                                                                "Filter": "((it2.info)::text = 'rating'::text)",
                                                                "Rows Removed by Filter": 112
                                                            }
                                                        ]
                                                    }
                                                ]
                                            },
                                            {
                                                "Node Type": "Hash",
                                                "Parent Relationship": "Inner",
                                                "Parallel Aware": false,
                                                "Startup Cost": 30000808465.47,
                                                "Total Cost": 30000808465.47,
                                                "Plan Rows": 4,
                                                "Plan Width": 52,
                                                "Actual Startup Time": 5976.326,
                                                "Actual Total Time": 5976.463,
                                                "Actual Rows": 57489,
                                                "Actual Loops": 1,
                                                "Output": [
                                                    "cn.name",
                                                    "mc.movie_id",
                                                    "mc.company_type_id",
                                                    "mk.movie_id",
                                                    "t.title",
                                                    "t.id"
                                                ],
                                                "Hash Buckets": 65536,
                                                "Original Hash Buckets": 1024,
                                                "Hash Batches": 1,
                                                "Original Hash Batches": 1,
                                                "Peak Memory Usage": 5381,
                                                "Plans": [
                                                    {
                                                        "Node Type": "Hash Join",
                                                        "Parent Relationship": "Outer",
                                                        "Parallel Aware": false,
                                                        "Join Type": "Inner",
                                                        "Startup Cost": 30000808464.31,
                                                        "Total Cost": 30000808465.47,
                                                        "Plan Rows": 4,
                                                        "Plan Width": 52,
                                                        "Actual Startup Time": 5959.841,
                                                        "Actual Total Time": 5966.519,
                                                        "Actual Rows": 57489,
                                                        "Actual Loops": 1,
                                                        "Output": [
                                                            "cn.name",
                                                            "mc.movie_id",
                                                            "mc.company_type_id",
                                                            "mk.movie_id",
                                                            "t.title",
                                                            "t.id"
                                                        ],
                                                        "Inner Unique": false,
                                                        "Hash Cond": "(kt.id = t.kind_id)",
                                                        "Plans": [
                                                            {
                                                                "Node Type": "Seq Scan",
                                                                "Parent Relationship": "Outer",
                                                                "Parallel Aware": false,
                                                                "Relation Name": "kind_type",
                                                                "Schema": "public",
                                                                "Alias": "kt",
                                                                "Startup Cost": 0.0,
                                                                "Total Cost": 1.09,
                                                                "Plan Rows": 2,
                                                                "Plan Width": 4,
                                                                "Actual Startup Time": 0.016,
                                                                "Actual Total Time": 0.022,
                                                                "Actual Rows": 2,
                                                                "Actual Loops": 1,
                                                                "Output": [
                                                                    "kt.id",
                                                                    "kt.kind"
                                                                ],
                                                                "Filter": "((kt.kind)::text = ANY ('{movie,episode}'::text[]))",
                                                                "Rows Removed by Filter": 5
                                                            },
                                                            {
                                                                "Node Type": "Hash",
                                                                "Parent Relationship": "Inner",
                                                                "Parallel Aware": false,
                                                                "Startup Cost": 30000808464.13,
                                                                "Total Cost": 30000808464.13,
                                                                "Plan Rows": 14,
                                                                "Plan Width": 56,
                                                                "Actual Startup Time": 5959.816,
                                                                "Actual Total Time": 5959.951,
                                                                "Actual Rows": 63439,
                                                                "Actual Loops": 1,
                                                                "Output": [
                                                                    "cn.name",
                                                                    "mc.movie_id",
                                                                    "mc.company_type_id",
                                                                    "mk.movie_id",
                                                                    "t.title",
                                                                    "t.kind_id",
                                                                    "t.id"
                                                                ],
                                                                "Hash Buckets": 65536,
                                                                "Original Hash Buckets": 1024,
                                                                "Hash Batches": 1,
                                                                "Original Hash Batches": 1,
                                                                "Peak Memory Usage": 6137,
                                                                "Plans": [
                                                                    {
                                                                        "Node Type": "Merge Join",
                                                                        "Parent Relationship": "Outer",
                                                                        "Parallel Aware": false,
                                                                        "Join Type": "Inner",
                                                                        "Startup Cost": 30000687847.22,
                                                                        "Total Cost": 30000808464.13,
                                                                        "Plan Rows": 14,
                                                                        "Plan Width": 56,
                                                                        "Actual Startup Time": 4782.555,
                                                                        "Actual Total Time": 5945.962,
                                                                        "Actual Rows": 63439,
                                                                        "Actual Loops": 1,
                                                                        "Output": [
                                                                            "cn.name",
                                                                            "mc.movie_id",
                                                                            "mc.company_type_id",
                                                                            "mk.movie_id",
                                                                            "t.title",
                                                                            "t.kind_id",
                                                                            "t.id"
                                                                        ],
                                                                        "Inner Unique": false,
                                                                        "Merge Cond": "(t.id = mk.movie_id)",
                                                                        "Plans": [
                                                                            {
                                                                                "Node Type": "Index Scan",
                                                                                "Parent Relationship": "Outer",
                                                                                "Parallel Aware": false,
                                                                                "Scan Direction": "Forward",
                                                                                "Index Name": "title_pkey",
                                                                                "Relation Name": "title",
                                                                                "Schema": "public",
                                                                                "Alias": "t",
                                                                                "Startup Cost": 0.43,
                                                                                "Total Cost": 116662.9,
                                                                                "Plan Rows": 1640365,
                                                                                "Plan Width": 25,
                                                                                "Actual Startup Time": 0.018,
                                                                                "Actual Total Time": 1067.684,
                                                                                "Actual Rows": 1642909,
                                                                                "Actual Loops": 1,
                                                                                "Output": [
                                                                                    "t.id",
                                                                                    "t.title",
                                                                                    "t.imdb_index",
                                                                                    "t.kind_id",
                                                                                    "t.production_year",
                                                                                    "t.imdb_id",
                                                                                    "t.phonetic_code",
                                                                                    "t.episode_of_id",
                                                                                    "t.season_nr",
                                                                                    "t.episode_nr",
                                                                                    "t.series_years",
                                                                                    "t.md5sum"
                                                                                ],
                                                                                "Filter": "(t.production_year > 1994)",
                                                                                "Rows Removed by Filter": 882671
                                                                            },
                                                                            {
                                                                                "Node Type": "Sort",
                                                                                "Parent Relationship": "Inner",
                                                                                "Parallel Aware": false,
                                                                                "Startup Cost": 30000687819.92,
                                                                                "Total Cost": 30000687819.98,
                                                                                "Plan Rows": 22,
                                                                                "Plan Width": 31,
                                                                                "Actual Startup Time": 4781.879,
                                                                                "Actual Total Time": 4787.495,
                                                                                "Actual Rows": 80023,
                                                                                "Actual Loops": 1,
                                                                                "Output": [
                                                                                    "cn.name",
                                                                                    "mc.movie_id",
                                                                                    "mc.company_type_id",
                                                                                    "mk.movie_id"
                                                                                ],
                                                                                "Sort Key": [
                                                                                    "mc.movie_id"
                                                                                ],
                                                                                "Sort Method": "quicksort",
                                                                                "Sort Space Used": 9537,
                                                                                "Sort Space Type": "Memory",
                                                                                "Plans": [
                                                                                    {
                                                                                        "Node Type": "Nested Loop",
                                                                                        "Parent Relationship": "Outer",
                                                                                        "Parallel Aware": false,
                                                                                        "Join Type": "Inner",
                                                                                        "Startup Cost": 30000684551.83,
                                                                                        "Total Cost": 30000687819.43,
                                                                                        "Plan Rows": 22,
                                                                                        "Plan Width": 31,
                                                                                        "Actual Startup Time": 4284.929,
                                                                                        "Actual Total Time": 4749.579,
                                                                                        "Actual Rows": 80023,
                                                                                        "Actual Loops": 1,
                                                                                        "Output": [
                                                                                            "cn.name",
                                                                                            "mc.movie_id",
                                                                                            "mc.company_type_id",
                                                                                            "mk.movie_id"
                                                                                        ],
                                                                                        "Inner Unique": true,
                                                                                        "Plans": [
                                                                                            {
                                                                                                "Node Type": "Hash Join",
                                                                                                "Parent Relationship": "Outer",
                                                                                                "Parallel Aware": false,
                                                                                                "Join Type": "Inner",
                                                                                                "Startup Cost": 20000684551.38,
                                                                                                "Total Cost": 20000687631.84,
                                                                                                "Plan Rows": 42,
                                                                                                "Plan Width": 16,
                                                                                                "Actual Startup Time": 4284.879,
                                                                                                "Actual Total Time": 4329.121,
                                                                                                "Actual Rows": 86022,
                                                                                                "Actual Loops": 1,
                                                                                                "Output": [
                                                                                                    "mk.movie_id",
                                                                                                    "mc.movie_id",
                                                                                                    "mc.company_type_id",
                                                                                                    "mc.company_id"
                                                                                                ],
                                                                                                "Inner Unique": false,
                                                                                                "Hash Cond": "(k.id = mk.keyword_id)",
                                                                                                "Plans": [
                                                                                                    {
                                                                                                        "Node Type": "Seq Scan",
                                                                                                        "Parent Relationship": "Outer",
                                                                                                        "Parallel Aware": false,
                                                                                                        "Relation Name": "keyword",
                                                                                                        "Schema": "public",
                                                                                                        "Alias": "k",
                                                                                                        "Startup Cost": 10000000000.0,
                                                                                                        "Total Cost": 10000002961.55,
                                                                                                        "Plan Rows": 4,
                                                                                                        "Plan Width": 4,
                                                                                                        "Actual Startup Time": 0.821,
                                                                                                        "Actual Total Time": 13.874,
                                                                                                        "Actual Rows": 3,
                                                                                                        "Actual Loops": 1,
                                                                                                        "Output": [
                                                                                                            "k.id",
                                                                                                            "k.keyword",
                                                                                                            "k.phonetic_code"
                                                                                                        ],
                                                                                                        "Filter": "(k.keyword = ANY ('{murder,murder-in-title,blood,violence}'::text[]))",
                                                                                                        "Rows Removed by Filter": 134167
                                                                                                    },
                                                                                                    {
                                                                                                        "Node Type": "Hash",
                                                                                                        "Parent Relationship": "Inner",
                                                                                                        "Parallel Aware": false,
                                                                                                        "Startup Cost": 10000667160.76,
                                                                                                        "Total Cost": 10000667160.76,
                                                                                                        "Plan Rows": 1391249,
                                                                                                        "Plan Width": 20,
                                                                                                        "Actual Startup Time": 4282.122,
                                                                                                        "Actual Total Time": 4282.251,
                                                                                                        "Actual Rows": 9292367,
                                                                                                        "Actual Loops": 1,
                                                                                                        "Output": [
                                                                                                            "mc.movie_id",
                                                                                                            "mc.company_type_id",
                                                                                                            "mc.company_id",
                                                                                                            "mk.movie_id",
                                                                                                            "mk.keyword_id"
                                                                                                        ],
                                                                                                        "Hash Buckets": 16777216,
                                                                                                        "Original Hash Buckets": 2097152,
                                                                                                        "Hash Batches": 1,
                                                                                                        "Original Hash Batches": 1,
                                                                                                        "Peak Memory Usage": 602951,
                                                                                                        "Plans": [
                                                                                                            {
                                                                                                                "Node Type": "Merge Join",
                                                                                                                "Parent Relationship": "Outer",
                                                                                                                "Parallel Aware": false,
                                                                                                                "Join Type": "Inner",
                                                                                                                "Startup Cost": 10000629884.5,
                                                                                                                "Total Cost": 10000667160.76,
                                                                                                                "Plan Rows": 1391249,
                                                                                                                "Plan Width": 20,
                                                                                                                "Actual Startup Time": 1246.39,
                                                                                                                "Actual Total Time": 2890.024,
                                                                                                                "Actual Rows": 9292367,
                                                                                                                "Actual Loops": 1,
                                                                                                                "Output": [
                                                                                                                    "mc.movie_id",
                                                                                                                    "mc.company_type_id",
                                                                                                                    "mc.company_id",
                                                                                                                    "mk.movie_id",
                                                                                                                    "mk.keyword_id"
                                                                                                                ],
                                                                                                                "Inner Unique": false,
                                                                                                                "Merge Cond": "(mc.movie_id = mk.movie_id)",
                                                                                                                "Plans": [
                                                                                                                    {
                                                                                                                        "Node Type": "Sort",
                                                                                                                        "Parent Relationship": "Outer",
                                                                                                                        "Parallel Aware": false,
                                                                                                                        "Startup Cost": 60089.99,
                                                                                                                        "Total Cost": 60462.13,
                                                                                                                        "Plan Rows": 148857,
                                                                                                                        "Plan Width": 12,
                                                                                                                        "Actual Startup Time": 214.866,
                                                                                                                        "Actual Total Time": 232.955,
                                                                                                                        "Actual Rows": 303271,
                                                                                                                        "Actual Loops": 1,
                                                                                                                        "Output": [
                                                                                                                            "mc.movie_id",
                                                                                                                            "mc.company_type_id",
                                                                                                                            "mc.company_id"
                                                                                                                        ],
                                                                                                                        "Sort Key": [
                                                                                                                            "mc.movie_id"
                                                                                                                        ],
                                                                                                                        "Sort Method": "quicksort",
                                                                                                                        "Sort Space Used": 26504,
                                                                                                                        "Sort Space Type": "Memory",
                                                                                                                        "Plans": [
                                                                                                                            {
                                                                                                                                "Node Type": "Gather",
                                                                                                                                "Parent Relationship": "Outer",
                                                                                                                                "Parallel Aware": false,
                                                                                                                                "Startup Cost": 1000.0,
                                                                                                                                "Total Cost": 47300.52,
                                                                                                                                "Plan Rows": 148857,
                                                                                                                                "Plan Width": 12,
                                                                                                                                "Actual Startup Time": 0.339,
                                                                                                                                "Actual Total Time": 168.568,
                                                                                                                                "Actual Rows": 303271,
                                                                                                                                "Actual Loops": 1,
                                                                                                                                "Output": [
                                                                                                                                    "mc.movie_id",
                                                                                                                                    "mc.company_type_id",
                                                                                                                                    "mc.company_id"
                                                                                                                                ],
                                                                                                                                "Workers Planned": 3,
                                                                                                                                "Workers Launched": 3,
                                                                                                                                "Single Copy": false,
                                                                                                                                "Plans": [
                                                                                                                                    {
                                                                                                                                        "Node Type": "Seq Scan",
                                                                                                                                        "Parent Relationship": "Outer",
                                                                                                                                        "Parallel Aware": true,
                                                                                                                                        "Relation Name": "movie_companies",
                                                                                                                                        "Schema": "public",
                                                                                                                                        "Alias": "mc",
                                                                                                                                        "Startup Cost": 0.0,
                                                                                                                                        "Total Cost": 31414.82,
                                                                                                                                        "Plan Rows": 48018,
                                                                                                                                        "Plan Width": 12,
                                                                                                                                        "Actual Startup Time": 0.086,
                                                                                                                                        "Actual Total Time": 147.754,
                                                                                                                                        "Actual Rows": 75818,
                                                                                                                                        "Actual Loops": 4,
                                                                                                                                        "Output": [
                                                                                                                                            "mc.movie_id",
                                                                                                                                            "mc.company_type_id",
                                                                                                                                            "mc.company_id"
                                                                                                                                        ],
                                                                                                                                        "Filter": "((mc.note !~~ '%(USA)%'::text) AND (mc.note ~~ '%(200%)%'::text))",
                                                                                                                                        "Rows Removed by Filter": 576464,
                                                                                                                                        "Workers": [
                                                                                                                                            {
                                                                                                                                                "Worker Number": 0,
                                                                                                                                                "Actual Startup Time": 0.106,
                                                                                                                                                "Actual Total Time": 156.455,
                                                                                                                                                "Actual Rows": 65684,
                                                                                                                                                "Actual Loops": 1
                                                                                                                                            },
                                                                                                                                            {
                                                                                                                                                "Worker Number": 1,
                                                                                                                                                "Actual Startup Time": 0.117,
                                                                                                                                                "Actual Total Time": 156.615,
                                                                                                                                                "Actual Rows": 66123,
                                                                                                                                                "Actual Loops": 1
                                                                                                                                            },
                                                                                                                                            {
                                                                                                                                                "Worker Number": 2,
                                                                                                                                                "Actual Startup Time": 0.11,
                                                                                                                                                "Actual Total Time": 155.945,
                                                                                                                                                "Actual Rows": 66738,
                                                                                                                                                "Actual Loops": 1
                                                                                                                                            }
                                                                                                                                        ]
                                                                                                                                    }
                                                                                                                                ]
                                                                                                                            }
                                                                                                                        ]
                                                                                                                    },
                                                                                                                    {
                                                                                                                        "Node Type": "Sort",
                                                                                                                        "Parent Relationship": "Inner",
                                                                                                                        "Parallel Aware": false,
                                                                                                                        "Startup Cost": 10000569794.43,
                                                                                                                        "Total Cost": 10000581104.25,
                                                                                                                        "Plan Rows": 4523930,
                                                                                                                        "Plan Width": 8,
                                                                                                                        "Actual Startup Time": 1031.51,
                                                                                                                        "Actual Total Time": 1512.845,
                                                                                                                        "Actual Rows": 12108844,
                                                                                                                        "Actual Loops": 1,
                                                                                                                        "Output": [
                                                                                                                            "mk.movie_id",
                                                                                                                            "mk.keyword_id"
                                                                                                                        ],
                                                                                                                        "Sort Key": [
                                                                                                                            "mk.movie_id"
                                                                                                                        ],
                                                                                                                        "Sort Method": "quicksort",
                                                                                                                        "Sort Space Used": 408668,
                                                                                                                        "Sort Space Type": "Memory",
                                                                                                                        "Plans": [
                                                                                                                            {
                                                                                                                                "Node Type": "Seq Scan",
                                                                                                                                "Parent Relationship": "Outer",
                                                                                                                                "Parallel Aware": false,
                                                                                                                                "Relation Name": "movie_keyword",
                                                                                                                                "Schema": "public",
                                                                                                                                "Alias": "mk",
                                                                                                                                "Startup Cost": 10000000000.0,
                                                                                                                                "Total Cost": 10000069693.3,
                                                                                                                                "Plan Rows": 4523930,
                                                                                                                                "Plan Width": 8,
                                                                                                                                "Actual Startup Time": 0.017,
                                                                                                                                "Actual Total Time": 377.726,
                                                                                                                                "Actual Rows": 4523930,
                                                                                                                                "Actual Loops": 1,
                                                                                                                                "Output": [
                                                                                                                                    "mk.movie_id",
                                                                                                                                    "mk.keyword_id"
                                                                                                                                ]
                                                                                                                            }
                                                                                                                        ]
                                                                                                                    }
                                                                                                                ]
                                                                                                            }
                                                                                                        ]
                                                                                                    }
                                                                                                ]
                                                                                            },
                                                                                            {
                                                                                                "Node Type": "Bitmap Heap Scan",
                                                                                                "Parent Relationship": "Inner",
                                                                                                "Parallel Aware": false,
                                                                                                "Relation Name": "company_name",
                                                                                                "Schema": "public",
                                                                                                "Alias": "cn",
                                                                                                "Startup Cost": 0.45,
                                                                                                "Total Cost": 4.47,
                                                                                                "Plan Rows": 1,
                                                                                                "Plan Width": 23,
                                                                                                "Actual Startup Time": 0.003,
                                                                                                "Actual Total Time": 0.003,
                                                                                                "Actual Rows": 1,
                                                                                                "Actual Loops": 86022,
                                                                                                "Output": [
                                                                                                    "cn.id",
                                                                                                    "cn.name",
                                                                                                    "cn.country_code",
                                                                                                    "cn.imdb_id",
                                                                                                    "cn.name_pcode_nf",
                                                                                                    "cn.name_pcode_sf",
                                                                                                    "cn.md5sum"
                                                                                                ],
                                                                                                "Recheck Cond": "(cn.id = mc.company_id)",
                                                                                                "Rows Removed by Index Recheck": 0,
                                                                                                "Filter": "((cn.country_code)::text <> '[us]'::text)",
                                                                                                "Rows Removed by Filter": 0,
                                                                                                "Exact Heap Blocks": 86022,
                                                                                                "Lossy Heap Blocks": 0,
                                                                                                "Plans": [
                                                                                                    {
                                                                                                        "Node Type": "Bitmap Index Scan",
                                                                                                        "Parent Relationship": "Outer",
                                                                                                        "Parallel Aware": false,
                                                                                                        "Index Name": "company_name_pkey",
                                                                                                        "Startup Cost": 0.0,
                                                                                                        "Total Cost": 0.45,
                                                                                                        "Plan Rows": 1,
                                                                                                        "Plan Width": 0,
                                                                                                        "Actual Startup Time": 0.002,
                                                                                                        "Actual Total Time": 0.002,
                                                                                                        "Actual Rows": 1,
                                                                                                        "Actual Loops": 86022,
                                                                                                        "Index Cond": "(cn.id = mc.company_id)"
                                                                                                    }
                                                                                                ]
                                                                                            }
                                                                                        ]
                                                                                    }
                                                                                ]
                                                                            }
                                                                        ]
                                                                    }
                                                                ]
                                                            }
                                                        ]
                                                    }
                                                ]
                                            }
                                        ]
                                    }
                                ]
                            },
                            {
                                "Node Type": "Sort",
                                "Parent Relationship": "Inner",
                                "Parallel Aware": false,
                                "Startup Cost": 1.08,
                                "Total Cost": 1.09,
                                "Plan Rows": 4,
                                "Plan Width": 4,
                                "Actual Startup Time": 0.026,
                                "Actual Total Time": 4.453,
                                "Actual Rows": 38171,
                                "Actual Loops": 1,
                                "Output": [
                                    "ct.id"
                                ],
                                "Sort Key": [
                                    "ct.id"
                                ],
                                "Sort Method": "quicksort",
                                "Sort Space Used": 25,
                                "Sort Space Type": "Memory",
                                "Plans": [
                                    {
                                        "Node Type": "Seq Scan",
                                        "Parent Relationship": "Outer",
                                        "Parallel Aware": false,
                                        "Relation Name": "company_type",
                                        "Schema": "public",
                                        "Alias": "ct",
                                        "Startup Cost": 0.0,
                                        "Total Cost": 1.04,
                                        "Plan Rows": 4,
                                        "Plan Width": 4,
                                        "Actual Startup Time": 0.014,
                                        "Actual Total Time": 0.015,
                                        "Actual Rows": 4,
                                        "Actual Loops": 1,
                                        "Output": [
                                            "ct.id"
                                        ]
                                    }
                                ]
                            }
                        ]
                    },
                    {
                        "Node Type": "Bitmap Heap Scan",
                        "Parent Relationship": "Inner",
                        "Parallel Aware": false,
                        "Relation Name": "info_type",
                        "Schema": "public",
                        "Alias": "it1",
                        "Startup Cost": 0.15,
                        "Total Cost": 4.17,
                        "Plan Rows": 1,
                        "Plan Width": 4,
                        "Actual Startup Time": 0.002,
                        "Actual Total Time": 0.002,
                        "Actual Rows": 1,
                        "Actual Loops": 38170,
                        "Output": [
                            "it1.id",
                            "it1.info"
                        ],
                        "Recheck Cond": "(it1.id = mi.info_type_id)",
                        "Rows Removed by Index Recheck": 0,
                        "Filter": "((it1.info)::text = 'countries'::text)",
                        "Rows Removed by Filter": 0,
                        "Exact Heap Blocks": 38170,
                        "Lossy Heap Blocks": 0,
                        "Plans": [
                            {
                                "Node Type": "Bitmap Index Scan",
                                "Parent Relationship": "Outer",
                                "Parallel Aware": false,
                                "Index Name": "info_type_pkey",
                                "Startup Cost": 0.0,
                                "Total Cost": 0.15,
                                "Plan Rows": 1,
                                "Plan Width": 0,
                                "Actual Startup Time": 0.001,
                                "Actual Total Time": 0.001,
                                "Actual Rows": 1,
                                "Actual Loops": 38170,
                                "Index Cond": "(it1.id = mi.info_type_id)"
                            }
                        ]
                    }
                ]
            }
        ]
    },
    "Planning Time": 27.328,
    "Triggers": [],
    "Execution Time": 14645.765
}