[
  {
    "Plan": {
      "Node Type": "Aggregate",
      "Strategy": "Plain",
      "Partial Mode": "Finalize",
      "Parallel Aware": false,
      "Startup Cost": 36369.28,
      "Total Cost": 36369.29,
      "Plan Rows": 1,
      "Plan Width": 8,
      "Actual Startup Time": 124.094,
      "Actual Total Time": 129.686,
      "Actual Rows": 1,
      "Actual Loops": 1,
      "Plans": [
        {
          "Node Type": "Gather",
          "Parent Relationship": "Outer",
          "Parallel Aware": false,
          "Startup Cost": 36368.96,
          "Total Cost": 36369.27,
          "Plan Rows": 3,
          "Plan Width": 8,
          "Actual Startup Time": 123.842,
          "Actual Total Time": 129.678,
          "Actual Rows": 4,
          "Actual Loops": 1,
          "Workers Planned": 3,
          "Workers Launched": 3,
          "Single Copy": false,
          "Plans": [
            {
              "Node Type": "Aggregate",
              "Strategy": "Plain",
              "Partial Mode": "Partial",
              "Parent Relationship": "Outer",
              "Parallel Aware": false,
              "Startup Cost": 35368.96,
              "Total Cost": 35368.97,
              "Plan Rows": 1,
              "Plan Width": 8,
              "Actual Startup Time": 115.939,
              "Actual Total Time": 115.941,
              "Actual Rows": 1,
              "Actual Loops": 4,
              "Plans": [
                {
                  "Node Type": "Bitmap Heap Scan",
                  "Parent Relationship": "Outer",
                  "Parallel Aware": true,
                  "Relation Name": "movie_keyword",
                  "Alias": "mk",
                  "Startup Cost": 8887.6,
                  "Total Cost": 35031.07,
                  "Plan Rows": 135158,
                  "Plan Width": 0,
                  "Actual Startup Time": 40.071,
                  "Actual Total Time": 109.356,
                  "Actual Rows": 101736,
                  "Actual Loops": 4,
                  "Recheck Cond": "(keyword_id > 42571)",
                  "Rows Removed by Index Recheck": 0,
                  "Exact Heap Blocks": 10482,
                  "Lossy Heap Blocks": 0,
                  "Plans": [
                    {
                      "Node Type": "Bitmap Index Scan",
                      "Parent Relationship": "Outer",
                      "Parallel Aware": false,
                      "Index Name": "keyword_id_movie_keyword",
                      "Startup Cost": 0.0,
                      "Total Cost": 8782.85,
                      "Plan Rows": 418989,
                      "Plan Width": 0,
                      "Actual Startup Time": 43.526,
                      "Actual Total Time": 43.526,
                      "Actual Rows": 406942,
                      "Actual Loops": 1,
                      "Index Cond": "(keyword_id > 42571)"
                    }
                  ]
                }
              ]
            }
          ]
        }
      ]
    },
    "Planning Time": 0.152,
    "Triggers": [],
    "Execution Time": 129.755
  }
]