{
  "Plan": {
    "Node Type": "Aggregate",
    "Strategy": "Plain",
    "Partial Mode": "Finalize",
    "Parallel Aware": false,
    "Startup Cost": 606174.13,
    "Total Cost": 606174.14,
    "Plan Rows": 1,
    "Plan Width": 8,
    "Actual Startup Time": 3565.548,
    "Actual Total Time": 3599.986,
    "Actual Rows": 1,
    "Actual Loops": 1,
    "Plans": [
      {
        "Node Type": "Gather",
        "Parent Relationship": "Outer",
        "Parallel Aware": false,
        "Startup Cost": 606174.02,
        "Total Cost": 606174.13,
        "Plan Rows": 1,
        "Plan Width": 8,
        "Actual Startup Time": 3562.274,
        "Actual Total Time": 3599.977,
        "Actual Rows": 2,
        "Actual Loops": 1,
        "Workers Planned": 1,
        "Workers Launched": 1,
        "Single Copy": false,
        "Plans": [
          {
            "Node Type": "Aggregate",
            "Strategy": "Plain",
            "Partial Mode": "Partial",
            "Parent Relationship": "Outer",
            "Parallel Aware": false,
            "Startup Cost": 605174.02,
            "Total Cost": 605174.03,
            "Plan Rows": 1,
            "Plan Width": 8,
            "Actual Startup Time": 3554.254,
            "Actual Total Time": 3554.258,
            "Actual Rows": 1,
            "Actual Loops": 2,
            "Plans": [
              {
                "Node Type": "Hash Join",
                "Parent Relationship": "Outer",
                "Parallel Aware": true,
                "Join Type": "Inner",
                "Startup Cost": 65951.98,
                "Total Cost": 600577.76,
                "Plan Rows": 1838501,
                "Plan Width": 0,
                "Actual Startup Time": 388.522,
                "Actual Total Time": 3442.031,
                "Actual Rows": 2667474,
                "Actual Loops": 2,
                "Inner Unique": true,
                "Hash Cond": "(ci.movie_id = t.id)",
                "Plans": [
                  {
                    "Node Type": "Index Scan",
                    "Parent Relationship": "Outer",
                    "Parallel Aware": true,
                    "Scan Direction": "Forward",
                    "Index Name": "role_id_cast_info",
                    "Relation Name": "cast_info",
                    "Alias": "ci",
                    "Startup Cost": 0.56,
                    "Total Cost": 526730.69,
                    "Plan Rows": 3007866,
                    "Plan Width": 4,
                    "Actual Startup Time": 0.06,
                    "Actual Total Time": 1248.892,
                    "Actual Rows": 5139500,
                    "Actual Loops": 2,
                    "Index Cond": "(role_id > 2)",
                    "Rows Removed by Index Recheck": 0,
                    "Filter": "(person_id > 2579246)",
                    "Rows Removed by Filter": 2921342
                  },
                  {
                    "Node Type": "Hash",
                    "Parent Relationship": "Inner",
                    "Parallel Aware": true,
                    "Startup Cost": 54588.39,
                    "Total Cost": 54588.39,
                    "Plan Rows": 909042,
                    "Plan Width": 4,
                    "Actual Startup Time": 373.573,
                    "Actual Total Time": 373.574,
                    "Actual Rows": 775864,
                    "Actual Loops": 2,
                    "Hash Buckets": 2097152,
                    "Original Hash Buckets": 2097152,
                    "Hash Batches": 1,
                    "Original Hash Batches": 1,
                    "Peak Memory Usage": 77120,
                    "Plans": [
                      {
                        "Node Type": "Seq Scan",
                        "Parent Relationship": "Outer",
                        "Parallel Aware": true,
                        "Relation Name": "title",
                        "Alias": "t",
                        "Startup Cost": 0.0,
                        "Total Cost": 54588.39,
                        "Plan Rows": 909042,
                        "Plan Width": 4,
                        "Actual Startup Time": 0.027,
                        "Actual Total Time": 165.508,
                        "Actual Rows": 775864,
                        "Actual Loops": 2,
                        "Filter": "(production_year < 2007)",
                        "Rows Removed by Filter": 488292
                      }
                    ]
                  }
                ]
              }
            ]
          }
        ]
      }
    ]
  },
  "Planning Time": 0.443,
  "Triggers": [],
  "Execution Time": 3600.06
}