{
  "Plan": {
    "Node Type": "Aggregate",
    "Strategy": "Plain",
    "Partial Mode": "Finalize",
    "Parallel Aware": false,
    "Startup Cost": 103771.94,
    "Total Cost": 103771.95,
    "Plan Rows": 1,
    "Plan Width": 8,
    "Actual Startup Time": 666.366,
    "Actual Total Time": 681.176,
    "Actual Rows": 1,
    "Actual Loops": 1,
    "Plans": [
      {
        "Node Type": "Gather",
        "Parent Relationship": "Outer",
        "Parallel Aware": false,
        "Startup Cost": 103771.83,
        "Total Cost": 103771.94,
        "Plan Rows": 1,
        "Plan Width": 8,
        "Actual Startup Time": 664.358,
        "Actual Total Time": 681.166,
        "Actual Rows": 2,
        "Actual Loops": 1,
        "Workers Planned": 1,
        "Workers Launched": 1,
        "Single Copy": false,
        "Plans": [
          {
            "Node Type": "Aggregate",
            "Strategy": "Plain",
            "Partial Mode": "Partial",
            "Parent Relationship": "Outer",
            "Parallel Aware": false,
            "Startup Cost": 102771.83,
            "Total Cost": 102771.84,
            "Plan Rows": 1,
            "Plan Width": 8,
            "Actual Startup Time": 655.13,
            "Actual Total Time": 655.134,
            "Actual Rows": 1,
            "Actual Loops": 2,
            "Plans": [
              {
                "Node Type": "Hash Join",
                "Parent Relationship": "Outer",
                "Parallel Aware": true,
                "Join Type": "Inner",
                "Startup Cost": 39763.09,
                "Total Cost": 101923.85,
                "Plan Rows": 339192,
                "Plan Width": 0,
                "Actual Startup Time": 193.569,
                "Actual Total Time": 640.823,
                "Actual Rows": 286222,
                "Actual Loops": 2,
                "Inner Unique": false,
                "Hash Cond": "(t.id = mc.movie_id)",
                "Plans": [
                  {
                    "Node Type": "Seq Scan",
                    "Parent Relationship": "Outer",
                    "Parallel Aware": true,
                    "Relation Name": "title",
                    "Alias": "t",
                    "Startup Cost": 0.0,
                    "Total Cost": 50870.31,
                    "Plan Rows": 1487231,
                    "Plan Width": 4,
                    "Actual Startup Time": 0.011,
                    "Actual Total Time": 134.39,
                    "Actual Rows": 1264156,
                    "Actual Loops": 2
                  },
                  {
                    "Node Type": "Hash",
                    "Parent Relationship": "Inner",
                    "Parallel Aware": true,
                    "Startup Cost": 35523.19,
                    "Total Cost": 35523.19,
                    "Plan Rows": 339192,
                    "Plan Width": 4,
                    "Actual Startup Time": 181.322,
                    "Actual Total Time": 181.323,
                    "Actual Rows": 286222,
                    "Actual Loops": 2,
                    "Hash Buckets": 1048576,
                    "Original Hash Buckets": 1048576,
                    "Hash Batches": 1,
                    "Original Hash Batches": 1,
                    "Peak Memory Usage": 30592,
                    "Plans": [
                      {
                        "Node Type": "Bitmap Heap Scan",
                        "Parent Relationship": "Outer",
                        "Parallel Aware": true,
                        "Relation Name": "movie_companies",
                        "Alias": "mc",
                        "Startup Cost": 12493.29,
                        "Total Cost": 35523.19,
                        "Plan Rows": 339192,
                        "Plan Width": 4,
                        "Actual Startup Time": 33.238,
                        "Actual Total Time": 107.125,
                        "Actual Rows": 286222,
                        "Actual Loops": 2,
                        "Recheck Cond": "(company_id < 604)",
                        "Rows Removed by Index Recheck": 0,
                        "Exact Heap Blocks": 12596,
                        "Lossy Heap Blocks": 0,
                        "Plans": [
                          {
                            "Node Type": "Bitmap Index Scan",
                            "Parent Relationship": "Outer",
                            "Parallel Aware": false,
                            "Index Name": "company_id_movie_companies",
                            "Startup Cost": 0.0,
                            "Total Cost": 12349.13,
                            "Plan Rows": 576627,
                            "Plan Width": 0,
                            "Actual Startup Time": 30.319,
                            "Actual Total Time": 30.32,
                            "Actual Rows": 572445,
                            "Actual Loops": 1,
                            "Index Cond": "(company_id < 604)"
                          }
                        ]
                      }
                    ]
                  }
                ]
              }
            ]
          }
        ]
      }
    ]
  },
  "Planning Time": 0.67,
  "Triggers": [],
  "Execution Time": 681.27
}