[
  {
    "Plan": {
      "Node Type": "Aggregate",
      "Strategy": "Plain",
      "Partial Mode": "Finalize",
      "Parallel Aware": false,
      "Startup Cost": 275963.19,
      "Total Cost": 275963.2,
      "Plan Rows": 1,
      "Plan Width": 8,
      "Actual Startup Time": 1083.355,
      "Actual Total Time": 1130.027,
      "Actual Rows": 1,
      "Actual Loops": 1,
      "Plans": [
        {
          "Node Type": "Gather",
          "Parent Relationship": "Outer",
          "Parallel Aware": false,
          "Startup Cost": 275962.67,
          "Total Cost": 275963.18,
          "Plan Rows": 5,
          "Plan Width": 8,
          "Actual Startup Time": 1078.737,
          "Actual Total Time": 1130.015,
          "Actual Rows": 6,
          "Actual Loops": 1,
          "Workers Planned": 5,
          "Workers Launched": 5,
          "Single Copy": false,
          "Plans": [
            {
              "Node Type": "Aggregate",
              "Strategy": "Plain",
              "Partial Mode": "Partial",
              "Parent Relationship": "Outer",
              "Parallel Aware": false,
              "Startup Cost": 274962.67,
              "Total Cost": 274962.68,
              "Plan Rows": 1,
              "Plan Width": 8,
              "Actual Startup Time": 1068.731,
              "Actual Total Time": 1068.887,
              "Actual Rows": 1,
              "Actual Loops": 6,
              "Plans": [
                {
                  "Node Type": "Hash Join",
                  "Parent Relationship": "Outer",
                  "Parallel Aware": true,
                  "Join Type": "Inner",
                  "Startup Cost": 64073.85,
                  "Total Cost": 273808.46,
                  "Plan Rows": 461685,
                  "Plan Width": 0,
                  "Actual Startup Time": 282.877,
                  "Actual Total Time": 1031.542,
                  "Actual Rows": 937799,
                  "Actual Loops": 6,
                  "Inner Unique": false,
                  "Hash Cond": "(mi.movie_id = t.id)",
                  "Plans": [
                    {
                      "Node Type": "Seq Scan",
                      "Parent Relationship": "Outer",
                      "Parallel Aware": true,
                      "Relation Name": "movie_info",
                      "Alias": "mi",
                      "Startup Cost": 0.0,
                      "Total Cost": 198952.16,
                      "Plan Rows": 2567528,
                      "Plan Width": 4,
                      "Actual Startup Time": 0.052,
                      "Actual Total Time": 346.025,
                      "Actual Rows": 2161681,
                      "Actual Loops": 6,
                      "Filter": "(info_type_id < 18)",
                      "Rows Removed by Filter": 310939
                    },
                    {
                      "Node Type": "Hash",
                      "Parent Relationship": "Inner",
                      "Parallel Aware": true,
                      "Startup Cost": 62653.12,
                      "Total Cost": 62653.12,
                      "Plan Rows": 113658,
                      "Plan Width": 8,
                      "Actual Startup Time": 278.741,
                      "Actual Total Time": 278.895,
                      "Actual Rows": 76654,
                      "Actual Loops": 6,
                      "Hash Buckets": 524288,
                      "Original Hash Buckets": 524288,
                      "Hash Batches": 1,
                      "Original Hash Batches": 1,
                      "Peak Memory Usage": 22208,
                      "Plans": [
                        {
                          "Node Type": "Hash Join",
                          "Parent Relationship": "Outer",
                          "Parallel Aware": true,
                          "Join Type": "Inner",
                          "Startup Cost": 17490.54,
                          "Total Cost": 62653.12,
                          "Plan Rows": 113658,
                          "Plan Width": 8,
                          "Actual Startup Time": 83.723,
                          "Actual Total Time": 249.142,
                          "Actual Rows": 76654,
                          "Actual Loops": 6,
                          "Inner Unique": false,
                          "Hash Cond": "(t.id = mi_idx.movie_id)",
                          "Plans": [
                            {
                              "Node Type": "Seq Scan",
                              "Parent Relationship": "Outer",
                              "Parallel Aware": true,
                              "Relation Name": "title",
                              "Alias": "t",
                              "Startup Cost": 0.0,
                              "Total Cost": 42318.73,
                              "Plan Rows": 632073,
                              "Plan Width": 4,
                              "Actual Startup Time": 0.016,
                              "Actual Total Time": 59.738,
                              "Actual Rows": 421385,
                              "Actual Loops": 6
                            },
                            {
                              "Node Type": "Hash",
                              "Parent Relationship": "Inner",
                              "Parallel Aware": true,
                              "Startup Cost": 15122.68,
                              "Total Cost": 15122.68,
                              "Plan Rows": 189429,
                              "Plan Width": 4,
                              "Actual Startup Time": 82.42,
                              "Actual Total Time": 82.421,
                              "Actual Rows": 76654,
                              "Actual Loops": 6,
                              "Hash Buckets": 524288,
                              "Original Hash Buckets": 524288,
                              "Hash Batches": 1,
                              "Original Hash Batches": 1,
                              "Peak Memory Usage": 22176,
                              "Plans": [
                                {
                                  "Node Type": "Seq Scan",
                                  "Parent Relationship": "Outer",
                                  "Parallel Aware": true,
                                  "Relation Name": "movie_info_idx",
                                  "Alias": "mi_idx",
                                  "Startup Cost": 0.0,
                                  "Total Cost": 15122.68,
                                  "Plan Rows": 189429,
                                  "Plan Width": 4,
                                  "Actual Startup Time": 0.073,
                                  "Actual Total Time": 40.849,
                                  "Actual Rows": 76654,
                                  "Actual Loops": 6,
                                  "Filter": "(info_type_id < 100)",
                                  "Rows Removed by Filter": 153352
                                }
                              ]
                            }
                          ]
                        }
                      ]
                    }
                  ]
                }
              ]
            }
          ]
        }
      ]
    },
    "Planning Time": 1.335,
    "Triggers": [],
    "Execution Time": 1130.126
  }
]