[
  {
    "Plan": {
      "Node Type": "Aggregate",
      "Strategy": "Plain",
      "Partial Mode": "Finalize",
      "Parallel Aware": false,
      "Startup Cost": 32880.79,
      "Total Cost": 32880.8,
      "Plan Rows": 1,
      "Plan Width": 8,
      "Actual Startup Time": 89.784,
      "Actual Total Time": 97.418,
      "Actual Rows": 1,
      "Actual Loops": 1,
      "Plans": [
        {
          "Node Type": "Gather",
          "Parent Relationship": "Outer",
          "Parallel Aware": false,
          "Startup Cost": 32880.48,
          "Total Cost": 32880.79,
          "Plan Rows": 3,
          "Plan Width": 8,
          "Actual Startup Time": 89.574,
          "Actual Total Time": 97.409,
          "Actual Rows": 4,
          "Actual Loops": 1,
          "Workers Planned": 3,
          "Workers Launched": 3,
          "Single Copy": false,
          "Plans": [
            {
              "Node Type": "Aggregate",
              "Strategy": "Plain",
              "Partial Mode": "Partial",
              "Parent Relationship": "Outer",
              "Parallel Aware": false,
              "Startup Cost": 31880.48,
              "Total Cost": 31880.49,
              "Plan Rows": 1,
              "Plan Width": 8,
              "Actual Startup Time": 81.119,
              "Actual Total Time": 81.12,
              "Actual Rows": 1,
              "Actual Loops": 4,
              "Plans": [
                {
                  "Node Type": "Seq Scan",
                  "Parent Relationship": "Outer",
                  "Parallel Aware": true,
                  "Relation Name": "movie_companies",
                  "Alias": "mc",
                  "Startup Cost": 0.0,
                  "Total Cost": 31414.82,
                  "Plan Rows": 186263,
                  "Plan Width": 0,
                  "Actual Startup Time": 48.749,
                  "Actual Total Time": 77.46,
                  "Actual Rows": 92132,
                  "Actual Loops": 4,
                  "Filter": "((company_id < 8416) AND (company_type_id > 1))",
                  "Rows Removed by Filter": 560150
                }
              ]
            }
          ]
        }
      ]
    },
    "Planning Time": 0.22,
    "Triggers": [],
    "Execution Time": 97.476
  }
]