{
  "Plan": {
    "Node Type": "Aggregate",
    "Strategy": "Plain",
    "Partial Mode": "Finalize",
    "Parallel Aware": false,
    "Startup Cost": 122602.28,
    "Total Cost": 122602.29,
    "Plan Rows": 1,
    "Plan Width": 8,
    "Actual Startup Time": 557.639,
    "Actual Total Time": 572.054,
    "Actual Rows": 1,
    "Actual Loops": 1,
    "Plans": [
      {
        "Node Type": "Gather",
        "Parent Relationship": "Outer",
        "Parallel Aware": false,
        "Startup Cost": 122602.16,
        "Total Cost": 122602.27,
        "Plan Rows": 1,
        "Plan Width": 8,
        "Actual Startup Time": 555.207,
        "Actual Total Time": 572.047,
        "Actual Rows": 2,
        "Actual Loops": 1,
        "Workers Planned": 1,
        "Workers Launched": 1,
        "Single Copy": false,
        "Plans": [
          {
            "Node Type": "Aggregate",
            "Strategy": "Plain",
            "Partial Mode": "Partial",
            "Parent Relationship": "Outer",
            "Parallel Aware": false,
            "Startup Cost": 121602.16,
            "Total Cost": 121602.17,
            "Plan Rows": 1,
            "Plan Width": 8,
            "Actual Startup Time": 548.569,
            "Actual Total Time": 548.575,
            "Actual Rows": 1,
            "Actual Loops": 2,
            "Plans": [
              {
                "Node Type": "Hash Join",
                "Parent Relationship": "Outer",
                "Parallel Aware": true,
                "Join Type": "Inner",
                "Startup Cost": 92451.63,
                "Total Cost": 121600.69,
                "Plan Rows": 589,
                "Plan Width": 0,
                "Actual Startup Time": 493.398,
                "Actual Total Time": 548.49,
                "Actual Rows": 1646,
                "Actual Loops": 2,
                "Inner Unique": false,
                "Hash Cond": "(ci.movie_id = t.id)",
                "Plans": [
                  {
                    "Node Type": "Index Scan",
                    "Parent Relationship": "Outer",
                    "Parallel Aware": true,
                    "Scan Direction": "Forward",
                    "Index Name": "role_id_cast_info",
                    "Relation Name": "cast_info",
                    "Alias": "ci",
                    "Startup Cost": 0.56,
                    "Total Cost": 29113.87,
                    "Plan Rows": 8609,
                    "Plan Width": 4,
                    "Actual Startup Time": 0.062,
                    "Actual Total Time": 53.006,
                    "Actual Rows": 4634,
                    "Actual Loops": 2,
                    "Index Cond": "(role_id = 5)",
                    "Rows Removed by Index Recheck": 0,
                    "Filter": "(person_id < 61945)",
                    "Rows Removed by Filter": 444560
                  },
                  {
                    "Node Type": "Hash",
                    "Parent Relationship": "Inner",
                    "Parallel Aware": true,
                    "Startup Cost": 91178.54,
                    "Total Cost": 91178.54,
                    "Plan Rows": 101802,
                    "Plan Width": 8,
                    "Actual Startup Time": 489.775,
                    "Actual Total Time": 489.779,
                    "Actual Rows": 171158,
                    "Actual Loops": 2,
                    "Hash Buckets": 524288,
                    "Original Hash Buckets": 262144,
                    "Hash Batches": 1,
                    "Original Hash Batches": 1,
                    "Peak Memory Usage": 19584,
                    "Plans": [
                      {
                        "Node Type": "Hash Join",
                        "Parent Relationship": "Outer",
                        "Parallel Aware": true,
                        "Join Type": "Inner",
                        "Startup Cost": 30414.19,
                        "Total Cost": 91178.54,
                        "Plan Rows": 101802,
                        "Plan Width": 8,
                        "Actual Startup Time": 121.542,
                        "Actual Total Time": 446.747,
                        "Actual Rows": 171158,
                        "Actual Loops": 2,
                        "Inner Unique": false,
                        "Hash Cond": "(t.id = mc.movie_id)",
                        "Plans": [
                          {
                            "Node Type": "Seq Scan",
                            "Parent Relationship": "Outer",
                            "Parallel Aware": true,
                            "Relation Name": "title",
                            "Alias": "t",
                            "Startup Cost": 0.0,
                            "Total Cost": 50870.31,
                            "Plan Rows": 1487231,
                            "Plan Width": 4,
                            "Actual Startup Time": 0.01,
                            "Actual Total Time": 113.787,
                            "Actual Rows": 1264156,
                            "Actual Loops": 2
                          },
                          {
                            "Node Type": "Hash",
                            "Parent Relationship": "Inner",
                            "Parallel Aware": true,
                            "Startup Cost": 29141.67,
                            "Total Cost": 29141.67,
                            "Plan Rows": 101802,
                            "Plan Width": 4,
                            "Actual Startup Time": 112.551,
                            "Actual Total Time": 112.552,
                            "Actual Rows": 171158,
                            "Actual Loops": 2,
                            "Hash Buckets": 524288,
                            "Original Hash Buckets": 262144,
                            "Hash Batches": 1,
                            "Original Hash Batches": 1,
                            "Peak Memory Usage": 19584,
                            "Plans": [
                              {
                                "Node Type": "Bitmap Heap Scan",
                                "Parent Relationship": "Outer",
                                "Parallel Aware": true,
                                "Relation Name": "movie_companies",
                                "Alias": "mc",
                                "Startup Cost": 7344.12,
                                "Total Cost": 29141.67,
                                "Plan Rows": 101802,
                                "Plan Width": 4,
                                "Actual Startup Time": 30.277,
                                "Actual Total Time": 72.0,
                                "Actual Rows": 171158,
                                "Actual Loops": 2,
                                "Recheck Cond": "(company_id > 89048)",
                                "Rows Removed by Index Recheck": 0,
                                "Filter": "(company_type_id = 2)",
                                "Rows Removed by Filter": 0,
                                "Exact Heap Blocks": 3437,
                                "Lossy Heap Blocks": 0,
                                "Plans": [
                                  {
                                    "Node Type": "Bitmap Index Scan",
                                    "Parent Relationship": "Outer",
                                    "Parallel Aware": false,
                                    "Index Name": "company_id_movie_companies",
                                    "Startup Cost": 0.0,
                                    "Total Cost": 7300.85,
                                    "Plan Rows": 340856,
                                    "Plan Width": 0,
                                    "Actual Startup Time": 30.204,
                                    "Actual Total Time": 30.204,
                                    "Actual Rows": 342315,
                                    "Actual Loops": 1,
                                    "Index Cond": "(company_id > 89048)"
                                  }
                                ]
                              }
                            ]
                          }
                        ]
                      }
                    ]
                  }
                ]
              }
            ]
          }
        ]
      }
    ]
  },
  "Planning Time": 1.085,
  "Triggers": [],
  "Execution Time": 572.153
}