{
  "Plan": {
    "Node Type": "Aggregate",
    "Strategy": "Plain",
    "Partial Mode": "Finalize",
    "Parallel Aware": false,
    "Startup Cost": 134931.94,
    "Total Cost": 134931.95,
    "Plan Rows": 1,
    "Plan Width": 8,
    "Actual Startup Time": 348.447,
    "Actual Total Time": 358.726,
    "Actual Rows": 1,
    "Actual Loops": 1,
    "Plans": [
      {
        "Node Type": "Gather",
        "Parent Relationship": "Outer",
        "Parallel Aware": false,
        "Startup Cost": 134931.83,
        "Total Cost": 134931.94,
        "Plan Rows": 1,
        "Plan Width": 8,
        "Actual Startup Time": 348.339,
        "Actual Total Time": 358.713,
        "Actual Rows": 2,
        "Actual Loops": 1,
        "Workers Planned": 1,
        "Workers Launched": 1,
        "Single Copy": false,
        "Plans": [
          {
            "Node Type": "Aggregate",
            "Strategy": "Plain",
            "Partial Mode": "Partial",
            "Parent Relationship": "Outer",
            "Parallel Aware": false,
            "Startup Cost": 133931.83,
            "Total Cost": 133931.84,
            "Plan Rows": 1,
            "Plan Width": 8,
            "Actual Startup Time": 342.161,
            "Actual Total Time": 342.165,
            "Actual Rows": 1,
            "Actual Loops": 2,
            "Plans": [
              {
                "Node Type": "Hash Join",
                "Parent Relationship": "Outer",
                "Parallel Aware": true,
                "Join Type": "Inner",
                "Startup Cost": 40237.82,
                "Total Cost": 133921.59,
                "Plan Rows": 4098,
                "Plan Width": 0,
                "Actual Startup Time": 38.102,
                "Actual Total Time": 341.769,
                "Actual Rows": 5072,
                "Actual Loops": 2,
                "Inner Unique": false,
                "Hash Cond": "(ci.movie_id = t.id)",
                "Plans": [
                  {
                    "Node Type": "Index Scan",
                    "Parent Relationship": "Outer",
                    "Parallel Aware": true,
                    "Scan Direction": "Forward",
                    "Index Name": "role_id_cast_info",
                    "Relation Name": "cast_info",
                    "Alias": "ci",
                    "Startup Cost": 0.56,
                    "Total Cost": 87376.26,
                    "Plan Rows": 1675723,
                    "Plan Width": 4,
                    "Actual Startup Time": 0.147,
                    "Actual Total Time": 183.503,
                    "Actual Rows": 1364472,
                    "Actual Loops": 2,
                    "Index Cond": "(role_id = 4)",
                    "Rows Removed by Index Recheck": 0
                  },
                  {
                    "Node Type": "Hash",
                    "Parent Relationship": "Inner",
                    "Parallel Aware": true,
                    "Startup Cost": 40191.79,
                    "Total Cost": 40191.79,
                    "Plan Rows": 3637,
                    "Plan Width": 8,
                    "Actual Startup Time": 36.962,
                    "Actual Total Time": 36.965,
                    "Actual Rows": 2618,
                    "Actual Loops": 2,
                    "Hash Buckets": 8192,
                    "Original Hash Buckets": 8192,
                    "Hash Batches": 1,
                    "Original Hash Batches": 1,
                    "Peak Memory Usage": 320,
                    "Plans": [
                      {
                        "Node Type": "Nested Loop",
                        "Parent Relationship": "Outer",
                        "Parallel Aware": false,
                        "Join Type": "Inner",
                        "Startup Cost": 132.78,
                        "Total Cost": 40191.79,
                        "Plan Rows": 3637,
                        "Plan Width": 8,
                        "Actual Startup Time": 2.869,
                        "Actual Total Time": 35.766,
                        "Actual Rows": 2618,
                        "Actual Loops": 2,
                        "Inner Unique": true,
                        "Plans": [
                          {
                            "Node Type": "Bitmap Heap Scan",
                            "Parent Relationship": "Outer",
                            "Parallel Aware": true,
                            "Relation Name": "movie_keyword",
                            "Alias": "mk",
                            "Startup Cost": 132.35,
                            "Total Cost": 14334.04,
                            "Plan Rows": 3637,
                            "Plan Width": 4,
                            "Actual Startup Time": 2.699,
                            "Actual Total Time": 11.418,
                            "Actual Rows": 2618,
                            "Actual Loops": 2,
                            "Recheck Cond": "(keyword_id = 816)",
                            "Rows Removed by Index Recheck": 0,
                            "Exact Heap Blocks": 3694,
                            "Lossy Heap Blocks": 0,
                            "Plans": [
                              {
                                "Node Type": "Bitmap Index Scan",
                                "Parent Relationship": "Outer",
                                "Parallel Aware": false,
                                "Index Name": "keyword_id_movie_keyword",
                                "Startup Cost": 0.0,
                                "Total Cost": 130.81,
                                "Plan Rows": 6183,
                                "Plan Width": 0,
                                "Actual Startup Time": 2.976,
                                "Actual Total Time": 2.977,
                                "Actual Rows": 5235,
                                "Actual Loops": 1,
                                "Index Cond": "(keyword_id = 816)"
                              }
                            ]
                          },
                          {
                            "Node Type": "Index Only Scan",
                            "Parent Relationship": "Inner",
                            "Parallel Aware": false,
                            "Scan Direction": "Forward",
                            "Index Name": "title_pkey",
                            "Relation Name": "title",
                            "Alias": "t",
                            "Startup Cost": 0.43,
                            "Total Cost": 7.11,
                            "Plan Rows": 1,
                            "Plan Width": 4,
                            "Actual Startup Time": 0.009,
                            "Actual Total Time": 0.009,
                            "Actual Rows": 1,
                            "Actual Loops": 5235,
                            "Index Cond": "(id = mk.movie_id)",
                            "Rows Removed by Index Recheck": 0,
                            "Heap Fetches": 5235
                          }
                        ]
                      }
                    ]
                  }
                ]
              }
            ]
          }
        ]
      }
    ]
  },
  "Planning Time": 0.885,
  "Triggers": [],
  "Execution Time": 358.827
}