[
  {
    "Plan": {
      "Node Type": "Aggregate",
      "Strategy": "Plain",
      "Partial Mode": "Finalize",
      "Parallel Aware": false,
      "Startup Cost": 435410.99,
      "Total Cost": 435411.0,
      "Plan Rows": 1,
      "Plan Width": 8,
      "Actual Startup Time": 3423.076,
      "Actual Total Time": 3517.351,
      "Actual Rows": 1,
      "Actual Loops": 1,
      "Plans": [
        {
          "Node Type": "Gather",
          "Parent Relationship": "Outer",
          "Parallel Aware": false,
          "Startup Cost": 435410.47,
          "Total Cost": 435410.98,
          "Plan Rows": 5,
          "Plan Width": 8,
          "Actual Startup Time": 3420.321,
          "Actual Total Time": 3517.343,
          "Actual Rows": 6,
          "Actual Loops": 1,
          "Workers Planned": 5,
          "Workers Launched": 5,
          "Single Copy": false,
          "Plans": [
            {
              "Node Type": "Aggregate",
              "Strategy": "Plain",
              "Partial Mode": "Partial",
              "Parent Relationship": "Outer",
              "Parallel Aware": false,
              "Startup Cost": 434410.47,
              "Total Cost": 434410.48,
              "Plan Rows": 1,
              "Plan Width": 8,
              "Actual Startup Time": 3407.584,
              "Actual Total Time": 3407.587,
              "Actual Rows": 1,
              "Actual Loops": 6,
              "Plans": [
                {
                  "Node Type": "Nested Loop",
                  "Parent Relationship": "Outer",
                  "Parallel Aware": false,
                  "Join Type": "Inner",
                  "Startup Cost": 98318.87,
                  "Total Cost": 432358.39,
                  "Plan Rows": 820830,
                  "Plan Width": 0,
                  "Actual Startup Time": 329.126,
                  "Actual Total Time": 3299.106,
                  "Actual Rows": 2365715,
                  "Actual Loops": 6,
                  "Inner Unique": false,
                  "Plans": [
                    {
                      "Node Type": "Merge Join",
                      "Parent Relationship": "Outer",
                      "Parallel Aware": false,
                      "Join Type": "Inner",
                      "Startup Cost": 98318.3,
                      "Total Cost": 193591.43,
                      "Plan Rows": 114210,
                      "Plan Width": 8,
                      "Actual Startup Time": 328.119,
                      "Actual Total Time": 686.683,
                      "Actual Rows": 93383,
                      "Actual Loops": 6,
                      "Inner Unique": false,
                      "Merge Cond": "(t.id = mk.movie_id)",
                      "Plans": [
                        {
                          "Node Type": "Index Only Scan",
                          "Parent Relationship": "Outer",
                          "Parallel Aware": true,
                          "Scan Direction": "Forward",
                          "Index Name": "title_pkey",
                          "Relation Name": "title",
                          "Alias": "t",
                          "Startup Cost": 0.43,
                          "Total Cost": 90113.62,
                          "Plan Rows": 505659,
                          "Plan Width": 4,
                          "Actual Startup Time": 0.168,
                          "Actual Total Time": 304.565,
                          "Actual Rows": 420996,
                          "Actual Loops": 6,
                          "Heap Fetches": 2525977
                        },
                        {
                          "Node Type": "Sort",
                          "Parent Relationship": "Inner",
                          "Parallel Aware": false,
                          "Startup Cost": 98307.75,
                          "Total Cost": 99735.38,
                          "Plan Rows": 571049,
                          "Plan Width": 4,
                          "Actual Startup Time": 295.021,
                          "Actual Total Time": 323.164,
                          "Actual Rows": 560299,
                          "Actual Loops": 6,
                          "Sort Key": [
                            "mk.movie_id"
                          ],
                          "Sort Method": "quicksort",
                          "Sort Space Used": 50841,
                          "Sort Space Type": "Memory",
                          "Workers": [
                            {
                              "Worker Number": 0,
                              "Sort Method": "quicksort",
                              "Sort Space Used": 50841,
                              "Sort Space Type": "Memory"
                            },
                            {
                              "Worker Number": 1,
                              "Sort Method": "quicksort",
                              "Sort Space Used": 50841,
                              "Sort Space Type": "Memory"
                            },
                            {
                              "Worker Number": 2,
                              "Sort Method": "quicksort",
                              "Sort Space Used": 50841,
                              "Sort Space Type": "Memory"
                            },
                            {
                              "Worker Number": 3,
                              "Sort Method": "quicksort",
                              "Sort Space Used": 50841,
                              "Sort Space Type": "Memory"
                            },
                            {
                              "Worker Number": 4,
                              "Sort Method": "quicksort",
                              "Sort Space Used": 50841,
                              "Sort Space Type": "Memory"
                            }
                          ],
                          "Plans": [
                            {
                              "Node Type": "Bitmap Heap Scan",
                              "Parent Relationship": "Outer",
                              "Parallel Aware": false,
                              "Relation Name": "movie_keyword",
                              "Alias": "mk",
                              "Startup Cost": 12114.06,
                              "Total Cost": 43706.17,
                              "Plan Rows": 571049,
                              "Plan Width": 4,
                              "Actual Startup Time": 54.193,
                              "Actual Total Time": 186.391,
                              "Actual Rows": 560299,
                              "Actual Loops": 6,
                              "Recheck Cond": "(keyword_id > 32833)",
                              "Rows Removed by Index Recheck": 0,
                              "Exact Heap Blocks": 23223,
                              "Lossy Heap Blocks": 0,
                              "Plans": [
                                {
                                  "Node Type": "Bitmap Index Scan",
                                  "Parent Relationship": "Outer",
                                  "Parallel Aware": false,
                                  "Index Name": "keyword_id_movie_keyword",
                                  "Startup Cost": 0.0,
                                  "Total Cost": 11971.3,
                                  "Plan Rows": 571049,
                                  "Plan Width": 0,
                                  "Actual Startup Time": 51.307,
                                  "Actual Total Time": 51.308,
                                  "Actual Rows": 560299,
                                  "Actual Loops": 6,
                                  "Index Cond": "(keyword_id > 32833)"
                                }
                              ]
                            }
                          ]
                        }
                      ]
                    },
                    {
                      "Node Type": "Index Scan",
                      "Parent Relationship": "Inner",
                      "Parallel Aware": false,
                      "Scan Direction": "Forward",
                      "Index Name": "movie_id_cast_info",
                      "Relation Name": "cast_info",
                      "Alias": "ci",
                      "Startup Cost": 0.56,
                      "Total Cost": 1.91,
                      "Plan Rows": 18,
                      "Plan Width": 4,
                      "Actual Startup Time": 0.003,
                      "Actual Total Time": 0.026,
                      "Actual Rows": 25,
                      "Actual Loops": 560299,
                      "Index Cond": "(movie_id = t.id)",
                      "Rows Removed by Index Recheck": 0,
                      "Filter": "(person_id < 1804752)",
                      "Rows Removed by Filter": 23
                    }
                  ]
                }
              ]
            }
          ]
        }
      ]
    },
    "Planning Time": 1.269,
    "Triggers": [],
    "Execution Time": 3526.357
  }
]