[
  {
    "Plan": {
      "Node Type": "Aggregate",
      "Strategy": "Plain",
      "Partial Mode": "Finalize",
      "Parallel Aware": false,
      "Startup Cost": 347285.61,
      "Total Cost": 347285.62,
      "Plan Rows": 1,
      "Plan Width": 8,
      "Actual Startup Time": 407.242,
      "Actual Total Time": 471.125,
      "Actual Rows": 1,
      "Actual Loops": 1,
      "Plans": [
        {
          "Node Type": "Gather",
          "Parent Relationship": "Outer",
          "Parallel Aware": false,
          "Startup Cost": 347285.19,
          "Total Cost": 347285.6,
          "Plan Rows": 4,
          "Plan Width": 8,
          "Actual Startup Time": 407.09,
          "Actual Total Time": 471.116,
          "Actual Rows": 5,
          "Actual Loops": 1,
          "Workers Planned": 4,
          "Workers Launched": 4,
          "Single Copy": false,
          "Plans": [
            {
              "Node Type": "Aggregate",
              "Strategy": "Plain",
              "Partial Mode": "Partial",
              "Parent Relationship": "Outer",
              "Parallel Aware": false,
              "Startup Cost": 346285.19,
              "Total Cost": 346285.2,
              "Plan Rows": 1,
              "Plan Width": 8,
              "Actual Startup Time": 397.085,
              "Actual Total Time": 397.086,
              "Actual Rows": 1,
              "Actual Loops": 5,
              "Plans": [
                {
                  "Node Type": "Nested Loop",
                  "Parent Relationship": "Outer",
                  "Parallel Aware": false,
                  "Join Type": "Inner",
                  "Startup Cost": 0.56,
                  "Total Cost": 346168.17,
                  "Plan Rows": 46807,
                  "Plan Width": 0,
                  "Actual Startup Time": 0.685,
                  "Actual Total Time": 394.796,
                  "Actual Rows": 25586,
                  "Actual Loops": 5,
                  "Inner Unique": false,
                  "Plans": [
                    {
                      "Node Type": "Seq Scan",
                      "Parent Relationship": "Outer",
                      "Parallel Aware": true,
                      "Relation Name": "title",
                      "Alias": "t",
                      "Startup Cost": 0.0,
                      "Total Cost": 45479.1,
                      "Plan Rows": 9594,
                      "Plan Width": 4,
                      "Actual Startup Time": 0.238,
                      "Actual Total Time": 74.475,
                      "Actual Rows": 6444,
                      "Actual Loops": 5,
                      "Filter": "((kind_id < 3) AND (production_year = 2009))",
                      "Rows Removed by Filter": 499219
                    },
                    {
                      "Node Type": "Index Scan",
                      "Parent Relationship": "Inner",
                      "Parallel Aware": false,
                      "Scan Direction": "Forward",
                      "Index Name": "movie_id_cast_info",
                      "Relation Name": "cast_info",
                      "Alias": "ci",
                      "Startup Cost": 0.56,
                      "Total Cost": 31.22,
                      "Plan Rows": 12,
                      "Plan Width": 4,
                      "Actual Startup Time": 0.033,
                      "Actual Total Time": 0.049,
                      "Actual Rows": 4,
                      "Actual Loops": 32218,
                      "Index Cond": "(movie_id = t.id)",
                      "Rows Removed by Index Recheck": 0,
                      "Filter": "((person_id < 2804653) AND (role_id > 2))",
                      "Rows Removed by Filter": 12
                    }
                  ]
                }
              ]
            }
          ]
        }
      ]
    },
    "Planning Time": 0.667,
    "Triggers": [],
    "Execution Time": 471.224
  }
]