{
  "Plan": {
    "Node Type": "Aggregate",
    "Strategy": "Plain",
    "Partial Mode": "Finalize",
    "Parallel Aware": false,
    "Startup Cost": 859952.43,
    "Total Cost": 859952.44,
    "Plan Rows": 1,
    "Plan Width": 8,
    "Actual Startup Time": 4789.187,
    "Actual Total Time": 4826.555,
    "Actual Rows": 1,
    "Actual Loops": 1,
    "Plans": [
      {
        "Node Type": "Gather",
        "Parent Relationship": "Outer",
        "Parallel Aware": false,
        "Startup Cost": 859952.32,
        "Total Cost": 859952.43,
        "Plan Rows": 1,
        "Plan Width": 8,
        "Actual Startup Time": 4776.794,
        "Actual Total Time": 4826.546,
        "Actual Rows": 2,
        "Actual Loops": 1,
        "Workers Planned": 1,
        "Workers Launched": 1,
        "Single Copy": false,
        "Plans": [
          {
            "Node Type": "Aggregate",
            "Strategy": "Plain",
            "Partial Mode": "Partial",
            "Parent Relationship": "Outer",
            "Parallel Aware": false,
            "Startup Cost": 858952.32,
            "Total Cost": 858952.33,
            "Plan Rows": 1,
            "Plan Width": 8,
            "Actual Startup Time": 4770.535,
            "Actual Total Time": 4770.541,
            "Actual Rows": 1,
            "Actual Loops": 2,
            "Plans": [
              {
                "Node Type": "Merge Join",
                "Parent Relationship": "Outer",
                "Parallel Aware": false,
                "Join Type": "Inner",
                "Startup Cost": 655081.81,
                "Total Cost": 853428.07,
                "Plan Rows": 2209698,
                "Plan Width": 0,
                "Actual Startup Time": 3352.511,
                "Actual Total Time": 4583.203,
                "Actual Rows": 5046840,
                "Actual Loops": 2,
                "Inner Unique": false,
                "Merge Cond": "(mk.movie_id = t.id)",
                "Plans": [
                  {
                    "Node Type": "Index Only Scan",
                    "Parent Relationship": "Outer",
                    "Parallel Aware": true,
                    "Scan Direction": "Forward",
                    "Index Name": "movie_id_movie_keyword",
                    "Relation Name": "movie_keyword",
                    "Alias": "mk",
                    "Startup Cost": 0.43,
                    "Total Cost": 158560.11,
                    "Plan Rows": 2661135,
                    "Plan Width": 4,
                    "Actual Startup Time": 0.101,
                    "Actual Total Time": 399.701,
                    "Actual Rows": 2261965,
                    "Actual Loops": 2,
                    "Heap Fetches": 4523930
                  },
                  {
                    "Node Type": "Sort",
                    "Parent Relationship": "Inner",
                    "Parallel Aware": false,
                    "Startup Cost": 655080.19,
                    "Total Cost": 660328.67,
                    "Plan Rows": 2099391,
                    "Plan Width": 8,
                    "Actual Startup Time": 3352.379,
                    "Actual Total Time": 3575.442,
                    "Actual Rows": 6555808,
                    "Actual Loops": 2,
                    "Sort Key": [
                      "t.id"
                    ],
                    "Sort Method": "quicksort",
                    "Sort Space Used": 132734,
                    "Sort Space Type": "Memory",
                    "Workers": [
                      {
                        "Worker Number": 0,
                        "Sort Method": "quicksort",
                        "Sort Space Used": 132734,
                        "Sort Space Type": "Memory"
                      }
                    ],
                    "Plans": [
                      {
                        "Node Type": "Hash Join",
                        "Parent Relationship": "Outer",
                        "Parallel Aware": false,
                        "Join Type": "Inner",
                        "Startup Cost": 184520.49,
                        "Total Cost": 434627.98,
                        "Plan Rows": 2099391,
                        "Plan Width": 8,
                        "Actual Startup Time": 820.189,
                        "Actual Total Time": 2938.297,
                        "Actual Rows": 1783065,
                        "Actual Loops": 2,
                        "Inner Unique": true,
                        "Hash Cond": "(mi.movie_id = t.id)",
                        "Plans": [
                          {
                            "Node Type": "Bitmap Heap Scan",
                            "Parent Relationship": "Outer",
                            "Parallel Aware": false,
                            "Relation Name": "movie_info",
                            "Alias": "mi",
                            "Startup Cost": 105530.0,
                            "Total Cost": 340344.87,
                            "Plan Rows": 5825750,
                            "Plan Width": 4,
                            "Actual Startup Time": 233.697,
                            "Actual Total Time": 754.464,
                            "Actual Rows": 5884963,
                            "Actual Loops": 2,
                            "Recheck Cond": "(info_type_id < 7)",
                            "Rows Removed by Index Recheck": 0,
                            "Exact Heap Blocks": 39951,
                            "Lossy Heap Blocks": 0,
                            "Plans": [
                              {
                                "Node Type": "Bitmap Index Scan",
                                "Parent Relationship": "Outer",
                                "Parallel Aware": false,
                                "Index Name": "info_type_id_movie_info",
                                "Startup Cost": 0.0,
                                "Total Cost": 104073.56,
                                "Plan Rows": 5825750,
                                "Plan Width": 0,
                                "Actual Startup Time": 226.605,
                                "Actual Total Time": 226.605,
                                "Actual Rows": 5884963,
                                "Actual Loops": 2,
                                "Index Cond": "(info_type_id < 7)"
                              }
                            ]
                          },
                          {
                            "Node Type": "Hash",
                            "Parent Relationship": "Inner",
                            "Parallel Aware": false,
                            "Startup Cost": 67601.66,
                            "Total Cost": 67601.66,
                            "Plan Rows": 911106,
                            "Plan Width": 4,
                            "Actual Startup Time": 573.216,
                            "Actual Total Time": 573.217,
                            "Actual Rows": 904491,
                            "Actual Loops": 2,
                            "Hash Buckets": 1048576,
                            "Original Hash Buckets": 1048576,
                            "Hash Batches": 1,
                            "Original Hash Batches": 1,
                            "Peak Memory Usage": 39991,
                            "Plans": [
                              {
                                "Node Type": "Seq Scan",
                                "Parent Relationship": "Outer",
                                "Parallel Aware": false,
                                "Relation Name": "title",
                                "Alias": "t",
                                "Startup Cost": 0.0,
                                "Total Cost": 67601.66,
                                "Plan Rows": 911106,
                                "Plan Width": 4,
                                "Actual Startup Time": 0.042,
                                "Actual Total Time": 334.345,
                                "Actual Rows": 904491,
                                "Actual Loops": 2,
                                "Filter": "(production_year > 2006)",
                                "Rows Removed by Filter": 1623821
                              }
                            ]
                          }
                        ]
                      }
                    ]
                  }
                ]
              }
            ]
          }
        ]
      }
    ]
  },
  "Planning Time": 1.061,
  "Triggers": [],
  "Execution Time": 4850.377
}