{
  "Plan": {
    "Node Type": "Aggregate",
    "Strategy": "Plain",
    "Partial Mode": "Finalize",
    "Parallel Aware": false,
    "Startup Cost": 149580.43,
    "Total Cost": 149580.44,
    "Plan Rows": 1,
    "Plan Width": 8,
    "Actual Startup Time": 1913.366,
    "Actual Total Time": 1971.499,
    "Actual Rows": 1,
    "Actual Loops": 1,
    "Plans": [
      {
        "Node Type": "Gather",
        "Parent Relationship": "Outer",
        "Parallel Aware": false,
        "Startup Cost": 149580.32,
        "Total Cost": 149580.43,
        "Plan Rows": 1,
        "Plan Width": 8,
        "Actual Startup Time": 1912.989,
        "Actual Total Time": 1971.49,
        "Actual Rows": 2,
        "Actual Loops": 1,
        "Workers Planned": 1,
        "Workers Launched": 1,
        "Single Copy": false,
        "Plans": [
          {
            "Node Type": "Aggregate",
            "Strategy": "Plain",
            "Partial Mode": "Partial",
            "Parent Relationship": "Outer",
            "Parallel Aware": false,
            "Startup Cost": 148580.32,
            "Total Cost": 148580.33,
            "Plan Rows": 1,
            "Plan Width": 8,
            "Actual Startup Time": 1906.759,
            "Actual Total Time": 1906.763,
            "Actual Rows": 1,
            "Actual Loops": 2,
            "Plans": [
              {
                "Node Type": "Nested Loop",
                "Parent Relationship": "Outer",
                "Parallel Aware": false,
                "Join Type": "Inner",
                "Startup Cost": 22450.35,
                "Total Cost": 147862.37,
                "Plan Rows": 287179,
                "Plan Width": 0,
                "Actual Startup Time": 146.838,
                "Actual Total Time": 1854.805,
                "Actual Rows": 1163539,
                "Actual Loops": 2,
                "Inner Unique": false,
                "Plans": [
                  {
                    "Node Type": "Hash Join",
                    "Parent Relationship": "Outer",
                    "Parallel Aware": true,
                    "Join Type": "Inner",
                    "Startup Cost": 22449.78,
                    "Total Cost": 80303.72,
                    "Plan Rows": 20042,
                    "Plan Width": 8,
                    "Actual Startup Time": 146.745,
                    "Actual Total Time": 293.277,
                    "Actual Rows": 43602,
                    "Actual Loops": 2,
                    "Inner Unique": false,
                    "Hash Cond": "(t.id = mc.movie_id)",
                    "Plans": [
                      {
                        "Node Type": "Seq Scan",
                        "Parent Relationship": "Outer",
                        "Parallel Aware": true,
                        "Relation Name": "title",
                        "Alias": "t",
                        "Startup Cost": 0.0,
                        "Total Cost": 54588.39,
                        "Plan Rows": 503626,
                        "Plan Width": 4,
                        "Actual Startup Time": 0.014,
                        "Actual Total Time": 135.833,
                        "Actual Rows": 427107,
                        "Actual Loops": 2,
                        "Filter": "(kind_id < 4)",
                        "Rows Removed by Filter": 837049
                      },
                      {
                        "Node Type": "Hash",
                        "Parent Relationship": "Inner",
                        "Parallel Aware": true,
                        "Startup Cost": 21709.98,
                        "Total Cost": 21709.98,
                        "Plan Rows": 59184,
                        "Plan Width": 4,
                        "Actual Startup Time": 48.292,
                        "Actual Total Time": 48.294,
                        "Actual Rows": 47598,
                        "Actual Loops": 2,
                        "Hash Buckets": 131072,
                        "Original Hash Buckets": 131072,
                        "Hash Batches": 1,
                        "Original Hash Batches": 1,
                        "Peak Memory Usage": 4800,
                        "Plans": [
                          {
                            "Node Type": "Bitmap Heap Scan",
                            "Parent Relationship": "Outer",
                            "Parallel Aware": true,
                            "Relation Name": "movie_companies",
                            "Alias": "mc",
                            "Startup Cost": 2180.18,
                            "Total Cost": 21709.98,
                            "Plan Rows": 59184,
                            "Plan Width": 4,
                            "Actual Startup Time": 9.348,
                            "Actual Total Time": 31.309,
                            "Actual Rows": 47598,
                            "Actual Loops": 2,
                            "Recheck Cond": "(company_id > 160464)",
                            "Rows Removed by Index Recheck": 0,
                            "Exact Heap Blocks": 2257,
                            "Lossy Heap Blocks": 0,
                            "Plans": [
                              {
                                "Node Type": "Bitmap Index Scan",
                                "Parent Relationship": "Outer",
                                "Parallel Aware": false,
                                "Index Name": "company_id_movie_companies",
                                "Startup Cost": 0.0,
                                "Total Cost": 2155.03,
                                "Plan Rows": 100613,
                                "Plan Width": 0,
                                "Actual Startup Time": 11.926,
                                "Actual Total Time": 11.926,
                                "Actual Rows": 95197,
                                "Actual Loops": 1,
                                "Index Cond": "(company_id > 160464)"
                              }
                            ]
                          }
                        ]
                      }
                    ]
                  },
                  {
                    "Node Type": "Index Only Scan",
                    "Parent Relationship": "Inner",
                    "Parallel Aware": false,
                    "Scan Direction": "Forward",
                    "Index Name": "movie_id_cast_info",
                    "Relation Name": "cast_info",
                    "Alias": "ci",
                    "Startup Cost": 0.56,
                    "Total Cost": 3.0,
                    "Plan Rows": 37,
                    "Plan Width": 4,
                    "Actual Startup Time": 0.006,
                    "Actual Total Time": 0.034,
                    "Actual Rows": 27,
                    "Actual Loops": 87203,
                    "Index Cond": "(movie_id = t.id)",
                    "Rows Removed by Index Recheck": 0,
                    "Heap Fetches": 2327078
                  }
                ]
              }
            ]
          }
        ]
      }
    ]
  },
  "Planning Time": 0.987,
  "Triggers": [],
  "Execution Time": 1971.624
}