{
  "Plan": {
    "Node Type": "Aggregate",
    "Strategy": "Plain",
    "Partial Mode": "Finalize",
    "Parallel Aware": false,
    "Startup Cost": 92767.89,
    "Total Cost": 92767.9,
    "Plan Rows": 1,
    "Plan Width": 8,
    "Actual Startup Time": 468.381,
    "Actual Total Time": 481.245,
    "Actual Rows": 1,
    "Actual Loops": 1,
    "Plans": [
      {
        "Node Type": "Gather",
        "Parent Relationship": "Outer",
        "Parallel Aware": false,
        "Startup Cost": 92767.78,
        "Total Cost": 92767.89,
        "Plan Rows": 1,
        "Plan Width": 8,
        "Actual Startup Time": 467.327,
        "Actual Total Time": 481.238,
        "Actual Rows": 2,
        "Actual Loops": 1,
        "Workers Planned": 1,
        "Workers Launched": 1,
        "Single Copy": false,
        "Plans": [
          {
            "Node Type": "Aggregate",
            "Strategy": "Plain",
            "Partial Mode": "Partial",
            "Parent Relationship": "Outer",
            "Parallel Aware": false,
            "Startup Cost": 91767.78,
            "Total Cost": 91767.79,
            "Plan Rows": 1,
            "Plan Width": 8,
            "Actual Startup Time": 461.221,
            "Actual Total Time": 461.226,
            "Actual Rows": 1,
            "Actual Loops": 2,
            "Plans": [
              {
                "Node Type": "Hash Join",
                "Parent Relationship": "Outer",
                "Parallel Aware": true,
                "Join Type": "Inner",
                "Startup Cost": 30726.12,
                "Total Cost": 91506.47,
                "Plan Rows": 104524,
                "Plan Width": 0,
                "Actual Startup Time": 124.413,
                "Actual Total Time": 453.815,
                "Actual Rows": 176542,
                "Actual Loops": 2,
                "Inner Unique": false,
                "Hash Cond": "(t.id = mc.movie_id)",
                "Plans": [
                  {
                    "Node Type": "Seq Scan",
                    "Parent Relationship": "Outer",
                    "Parallel Aware": true,
                    "Relation Name": "title",
                    "Alias": "t",
                    "Startup Cost": 0.0,
                    "Total Cost": 50870.31,
                    "Plan Rows": 1487231,
                    "Plan Width": 4,
                    "Actual Startup Time": 0.01,
                    "Actual Total Time": 118.245,
                    "Actual Rows": 1264156,
                    "Actual Loops": 2
                  },
                  {
                    "Node Type": "Hash",
                    "Parent Relationship": "Inner",
                    "Parallel Aware": true,
                    "Startup Cost": 29419.57,
                    "Total Cost": 29419.57,
                    "Plan Rows": 104524,
                    "Plan Width": 4,
                    "Actual Startup Time": 113.602,
                    "Actual Total Time": 113.604,
                    "Actual Rows": 176542,
                    "Actual Loops": 2,
                    "Hash Buckets": 524288,
                    "Original Hash Buckets": 262144,
                    "Hash Batches": 1,
                    "Original Hash Batches": 1,
                    "Peak Memory Usage": 20000,
                    "Plans": [
                      {
                        "Node Type": "Bitmap Heap Scan",
                        "Parent Relationship": "Outer",
                        "Parallel Aware": true,
                        "Relation Name": "movie_companies",
                        "Alias": "mc",
                        "Startup Cost": 7541.61,
                        "Total Cost": 29419.57,
                        "Plan Rows": 104524,
                        "Plan Width": 4,
                        "Actual Startup Time": 31.862,
                        "Actual Total Time": 73.044,
                        "Actual Rows": 176542,
                        "Actual Loops": 2,
                        "Recheck Cond": "(company_id > 87983)",
                        "Rows Removed by Index Recheck": 0,
                        "Filter": "(company_type_id = 2)",
                        "Rows Removed by Filter": 0,
                        "Exact Heap Blocks": 3557,
                        "Lossy Heap Blocks": 0,
                        "Plans": [
                          {
                            "Node Type": "Bitmap Index Scan",
                            "Parent Relationship": "Outer",
                            "Parallel Aware": false,
                            "Index Name": "company_id_movie_companies",
                            "Startup Cost": 0.0,
                            "Total Cost": 7497.19,
                            "Plan Rows": 349968,
                            "Plan Width": 0,
                            "Actual Startup Time": 33.228,
                            "Actual Total Time": 33.228,
                            "Actual Rows": 353084,
                            "Actual Loops": 1,
                            "Index Cond": "(company_id > 87983)"
                          }
                        ]
                      }
                    ]
                  }
                ]
              }
            ]
          }
        ]
      }
    ]
  },
  "Planning Time": 0.709,
  "Triggers": [],
  "Execution Time": 481.338
}