[
  {
    "Plan": {
      "Node Type": "Aggregate",
      "Strategy": "Plain",
      "Partial Mode": "Simple",
      "Parallel Aware": false,
      "Startup Cost": 1442296.77,
      "Total Cost": 1442296.78,
      "Plan Rows": 1,
      "Plan Width": 64,
      "Actual Startup Time": 15006.733,
      "Actual Total Time": 15007.052,
      "Actual Rows": 1,
      "Actual Loops": 1,
      "Plans": [
        {
          "Node Type": "Merge Join",
          "Parent Relationship": "Outer",
          "Parallel Aware": false,
          "Join Type": "Inner",
          "Startup Cost": 1315576.46,
          "Total Cost": 1442296.75,
          "Plan Rows": 5,
          "Plan Width": 111,
          "Actual Startup Time": 12993.867,
          "Actual Total Time": 14784.884,
          "Actual Rows": 68185,
          "Actual Loops": 1,
          "Inner Unique": false,
          "Merge Cond": "(t.id = ci.movie_id)",
          "Plans": [
            {
              "Node Type": "Index Scan",
              "Parent Relationship": "Outer",
              "Parallel Aware": false,
              "Scan Direction": "Forward",
              "Index Name": "title_pkey",
              "Relation Name": "title",
              "Alias": "t",
              "Startup Cost": 0.43,
              "Total Cost": 122990.13,
              "Plan Rows": 1538656,
              "Plan Width": 4,
              "Actual Startup Time": 0.018,
              "Actual Total Time": 1677.583,
              "Actual Rows": 1554657,
              "Actual Loops": 1,
              "Filter": "((production_year >= 1980) AND (production_year <= 2010))",
              "Rows Removed by Filter": 970338
            },
            {
              "Node Type": "Sort",
              "Parent Relationship": "Inner",
              "Parallel Aware": false,
              "Startup Cost": 1315573.06,
              "Total Cost": 1315573.08,
              "Plan Rows": 9,
              "Plan Width": 119,
              "Actual Startup Time": 12980.781,
              "Actual Total Time": 13010.533,
              "Actual Rows": 109842,
              "Actual Loops": 1,
              "Sort Key": [
                "ci.movie_id"
              ],
              "Sort Method": "quicksort",
              "Sort Space Used": 104039,
              "Sort Space Type": "Memory",
              "Plans": [
                {
                  "Node Type": "Merge Join",
                  "Parent Relationship": "Outer",
                  "Parallel Aware": false,
                  "Join Type": "Inner",
                  "Startup Cost": 1302042.35,
                  "Total Cost": 1315572.92,
                  "Plan Rows": 9,
                  "Plan Width": 119,
                  "Actual Startup Time": 12646.765,
                  "Actual Total Time": 12841.008,
                  "Actual Rows": 109842,
                  "Actual Loops": 1,
                  "Inner Unique": false,
                  "Merge Cond": "(n.id = pi.person_id)",
                  "Plans": [
                    {
                      "Node Type": "Gather Merge",
                      "Parent Relationship": "Outer",
                      "Parallel Aware": false,
                      "Startup Cost": 180133.1,
                      "Total Cost": 193463.68,
                      "Plan Rows": 77064,
                      "Plan Width": 23,
                      "Actual Startup Time": 1090.776,
                      "Actual Total Time": 1200.427,
                      "Actual Rows": 87695,
                      "Actual Loops": 1,
                      "Workers Planned": 4,
                      "Workers Launched": 4,
                      "Plans": [
                        {
                          "Node Type": "Merge Join",
                          "Parent Relationship": "Outer",
                          "Parallel Aware": false,
                          "Join Type": "Inner",
                          "Startup Cost": 179133.04,
                          "Total Cost": 183284.55,
                          "Plan Rows": 19266,
                          "Plan Width": 23,
                          "Actual Startup Time": 1011.623,
                          "Actual Total Time": 1119.182,
                          "Actual Rows": 17539,
                          "Actual Loops": 5,
                          "Inner Unique": false,
                          "Merge Cond": "(n.id = an.person_id)",
                          "Plans": [
                            {
                              "Node Type": "Sort",
                              "Parent Relationship": "Outer",
                              "Parallel Aware": false,
                              "Startup Cost": 89122.67,
                              "Total Cost": 89421.15,
                              "Plan Rows": 119392,
                              "Plan Width": 19,
                              "Actual Startup Time": 421.143,
                              "Actual Total Time": 436.956,
                              "Actual Rows": 101524,
                              "Actual Loops": 5,
                              "Sort Key": [
                                "n.id"
                              ],
                              "Sort Method": "quicksort",
                              "Sort Space Used": 11467,
                              "Sort Space Type": "Memory",
                              "Workers": [
                                {
                                  "Worker Number": 0,
                                  "Sort Method": "quicksort",
                                  "Sort Space Used": 10951,
                                  "Sort Space Type": "Memory"
                                },
                                {
                                  "Worker Number": 1,
                                  "Sort Method": "quicksort",
                                  "Sort Space Used": 9594,
                                  "Sort Space Type": "Memory"
                                },
                                {
                                  "Worker Number": 2,
                                  "Sort Method": "quicksort",
                                  "Sort Space Used": 9574,
                                  "Sort Space Type": "Memory"
                                },
                                {
                                  "Worker Number": 3,
                                  "Sort Method": "quicksort",
                                  "Sort Space Used": 11035,
                                  "Sort Space Type": "Memory"
                                }
                              ],
                              "Plans": [
                                {
                                  "Node Type": "Seq Scan",
                                  "Parent Relationship": "Outer",
                                  "Parallel Aware": true,
                                  "Relation Name": "name",
                                  "Alias": "n",
                                  "Startup Cost": 0.0,
                                  "Total Cost": 79054.73,
                                  "Plan Rows": 119392,
                                  "Plan Width": 19,
                                  "Actual Startup Time": 0.079,
                                  "Actual Total Time": 371.863,
                                  "Actual Rows": 101524,
                                  "Actual Loops": 5,
                                  "Filter": "(((name_pcode_cf)::text >= 'A'::text) AND ((name_pcode_cf)::text <= 'F'::text) AND (((gender)::text = 'm'::text) OR (((gender)::text = 'f'::text) AND (name ~~ 'A%'::text))))",
                                  "Rows Removed by Filter": 731974
                                }
                              ]
                            },
                            {
                              "Node Type": "Sort",
                              "Parent Relationship": "Inner",
                              "Parallel Aware": false,
                              "Startup Cost": 90010.33,
                              "Total Cost": 91691.55,
                              "Plan Rows": 672490,
                              "Plan Width": 4,
                              "Actual Startup Time": 590.146,
                              "Actual Total Time": 624.888,
                              "Actual Rows": 289505,
                              "Actual Loops": 5,
                              "Sort Key": [
                                "an.person_id"
                              ],
                              "Sort Method": "quicksort",
                              "Sort Space Used": 56737,
                              "Sort Space Type": "Memory",
                              "Workers": [
                                {
                                  "Worker Number": 0,
                                  "Sort Method": "quicksort",
                                  "Sort Space Used": 56737,
                                  "Sort Space Type": "Memory"
                                },
                                {
                                  "Worker Number": 1,
                                  "Sort Method": "quicksort",
                                  "Sort Space Used": 56737,
                                  "Sort Space Type": "Memory"
                                },
                                {
                                  "Worker Number": 2,
                                  "Sort Method": "quicksort",
                                  "Sort Space Used": 56737,
                                  "Sort Space Type": "Memory"
                                },
                                {
                                  "Worker Number": 3,
                                  "Sort Method": "quicksort",
                                  "Sort Space Used": 56737,
                                  "Sort Space Type": "Memory"
                                }
                              ],
                              "Plans": [
                                {
                                  "Node Type": "Seq Scan",
                                  "Parent Relationship": "Outer",
                                  "Parallel Aware": false,
                                  "Relation Name": "aka_name",
                                  "Alias": "an",
                                  "Startup Cost": 0.0,
                                  "Total Cost": 24916.14,
                                  "Plan Rows": 672490,
                                  "Plan Width": 4,
                                  "Actual Startup Time": 0.08,
                                  "Actual Total Time": 300.131,
                                  "Actual Rows": 686095,
                                  "Actual Loops": 5,
                                  "Filter": "((name IS NOT NULL) AND ((name ~~ '%a%'::text) OR (name ~~ 'A%'::text)))",
                                  "Rows Removed by Filter": 215248
                                }
                              ]
                            }
                          ]
                        }
                      ]
                    },
                    {
                      "Node Type": "Sort",
                      "Parent Relationship": "Inner",
                      "Parallel Aware": false,
                      "Startup Cost": 1121908.37,
                      "Total Cost": 1121912.33,
                      "Plan Rows": 1585,
                      "Plan Width": 112,
                      "Actual Startup Time": 11555.862,
                      "Actual Total Time": 11583.181,
                      "Actual Rows": 289436,
                      "Actual Loops": 1,
                      "Sort Key": [
                        "ci.person_id"
                      ],
                      "Sort Method": "quicksort",
                      "Sort Space Used": 338532,
                      "Sort Space Type": "Memory",
                      "Plans": [
                        {
                          "Node Type": "Gather",
                          "Parent Relationship": "Outer",
                          "Parallel Aware": false,
                          "Startup Cost": 1121513.69,
                          "Total Cost": 1121824.13,
                          "Plan Rows": 1585,
                          "Plan Width": 112,
                          "Actual Startup Time": 9491.065,
                          "Actual Total Time": 11019.883,
                          "Actual Rows": 312847,
                          "Actual Loops": 1,
                          "Workers Planned": 6,
                          "Workers Launched": 3,
                          "Single Copy": false,
                          "Plans": [
                            {
                              "Node Type": "Merge Join",
                              "Parent Relationship": "Outer",
                              "Parallel Aware": false,
                              "Join Type": "Inner",
                              "Startup Cost": 1120513.69,
                              "Total Cost": 1120665.63,
                              "Plan Rows": 264,
                              "Plan Width": 112,
                              "Actual Startup Time": 10281.866,
                              "Actual Total Time": 10316.689,
                              "Actual Rows": 78212,
                              "Actual Loops": 4,
                              "Inner Unique": true,
                              "Merge Cond": "(pi.info_type_id = it.id)",
                              "Plans": [
                                {
                                  "Node Type": "Sort",
                                  "Parent Relationship": "Outer",
                                  "Parallel Aware": false,
                                  "Startup Cost": 1120511.27,
                                  "Total Cost": 1120585.91,
                                  "Plan Rows": 29857,
                                  "Plan Width": 116,
                                  "Actual Startup Time": 10281.748,
                                  "Actual Total Time": 10288.153,
                                  "Actual Rows": 78212,
                                  "Actual Loops": 4,
                                  "Sort Key": [
                                    "pi.info_type_id"
                                  ],
                                  "Sort Method": "quicksort",
                                  "Sort Space Used": 81923,
                                  "Sort Space Type": "Memory",
                                  "Workers": [
                                    {
                                      "Worker Number": 0,
                                      "Sort Method": "quicksort",
                                      "Sort Space Used": 80024,
                                      "Sort Space Type": "Memory"
                                    },
                                    {
                                      "Worker Number": 1,
                                      "Sort Method": "quicksort",
                                      "Sort Space Used": 97831,
                                      "Sort Space Type": "Memory"
                                    },
                                    {
                                      "Worker Number": 2,
                                      "Sort Method": "quicksort",
                                      "Sort Space Used": 80017,
                                      "Sort Space Type": "Memory"
                                    }
                                  ],
                                  "Plans": [
                                    {
                                      "Node Type": "Merge Join",
                                      "Parent Relationship": "Outer",
                                      "Parallel Aware": false,
                                      "Join Type": "Inner",
                                      "Startup Cost": 1117376.04,
                                      "Total Cost": 1118292.03,
                                      "Plan Rows": 29857,
                                      "Plan Width": 116,
                                      "Actual Startup Time": 10003.728,
                                      "Actual Total Time": 10171.522,
                                      "Actual Rows": 78212,
                                      "Actual Loops": 4,
                                      "Inner Unique": false,
                                      "Merge Cond": "(ci.person_id = pi.person_id)",
                                      "Plans": [
                                        {
                                          "Node Type": "Sort",
                                          "Parent Relationship": "Outer",
                                          "Parallel Aware": false,
                                          "Startup Cost": 1029843.62,
                                          "Total Cost": 1029947.01,
                                          "Plan Rows": 41357,
                                          "Plan Width": 12,
                                          "Actual Startup Time": 9204.737,
                                          "Actual Total Time": 9272.202,
                                          "Actual Rows": 383311,
                                          "Actual Loops": 4,
                                          "Sort Key": [
                                            "ci.person_id"
                                          ],
                                          "Sort Method": "quicksort",
                                          "Sort Space Used": 30295,
                                          "Sort Space Type": "Memory",
                                          "Workers": [
                                            {
                                              "Worker Number": 0,
                                              "Sort Method": "quicksort",
                                              "Sort Space Used": 29421,
                                              "Sort Space Type": "Memory"
                                            },
                                            {
                                              "Worker Number": 1,
                                              "Sort Method": "quicksort",
                                              "Sort Space Used": 32065,
                                              "Sort Space Type": "Memory"
                                            },
                                            {
                                              "Worker Number": 2,
                                              "Sort Method": "quicksort",
                                              "Sort Space Used": 29243,
                                              "Sort Space Type": "Memory"
                                            }
                                          ],
                                          "Plans": [
                                            {
                                              "Node Type": "Merge Join",
                                              "Parent Relationship": "Outer",
                                              "Parallel Aware": false,
                                              "Join Type": "Inner",
                                              "Startup Cost": 995851.24,
                                              "Total Cost": 1026672.4,
                                              "Plan Rows": 41357,
                                              "Plan Width": 12,
                                              "Actual Startup Time": 6324.6,
                                              "Actual Total Time": 9076.414,
                                              "Actual Rows": 383311,
                                              "Actual Loops": 4,
                                              "Inner Unique": false,
                                              "Merge Cond": "(ci.movie_id = ml.linked_movie_id)",
                                              "Plans": [
                                                {
                                                  "Node Type": "Sort",
                                                  "Parent Relationship": "Outer",
                                                  "Parallel Aware": false,
                                                  "Startup Cost": 993845.26,
                                                  "Total Cost": 1008954.3,
                                                  "Plan Rows": 6043616,
                                                  "Plan Width": 8,
                                                  "Actual Startup Time": 6281.345,
                                                  "Actual Total Time": 8170.42,
                                                  "Actual Rows": 9057802,
                                                  "Actual Loops": 4,
                                                  "Sort Key": [
                                                    "ci.movie_id"
                                                  ],
                                                  "Sort Method": "quicksort",
                                                  "Sort Space Used": 805070,
                                                  "Sort Space Type": "Memory",
                                                  "Workers": [
                                                    {
                                                      "Worker Number": 0,
                                                      "Sort Method": "quicksort",
                                                      "Sort Space Used": 804819,
                                                      "Sort Space Type": "Memory"
                                                    },
                                                    {
                                                      "Worker Number": 1,
                                                      "Sort Method": "quicksort",
                                                      "Sort Space Used": 871274,
                                                      "Sort Space Type": "Memory"
                                                    },
                                                    {
                                                      "Worker Number": 2,
                                                      "Sort Method": "quicksort",
                                                      "Sort Space Used": 790657,
                                                      "Sort Space Type": "Memory"
                                                    }
                                                  ],
                                                  "Plans": [
                                                    {
                                                      "Node Type": "Seq Scan",
                                                      "Parent Relationship": "Outer",
                                                      "Parallel Aware": true,
                                                      "Relation Name": "cast_info",
                                                      "Alias": "ci",
                                                      "Startup Cost": 0.0,
                                                      "Total Cost": 313123.16,
                                                      "Plan Rows": 6043616,
                                                      "Plan Width": 8,
                                                      "Actual Startup Time": 0.064,
                                                      "Actual Total Time": 2075.215,
                                                      "Actual Rows": 9061086,
                                                      "Actual Loops": 4
                                                    }
                                                  ]
                                                },
                                                {
                                                  "Node Type": "Sort",
                                                  "Parent Relationship": "Inner",
                                                  "Parallel Aware": false,
                                                  "Startup Cost": 2002.7,
                                                  "Total Cost": 2019.36,
                                                  "Plan Rows": 6666,
                                                  "Plan Width": 4,
                                                  "Actual Startup Time": 41.81,
                                                  "Actual Total Time": 64.623,
                                                  "Actual Rows": 384510,
                                                  "Actual Loops": 4,
                                                  "Sort Key": [
                                                    "ml.linked_movie_id"
                                                  ],
                                                  "Sort Method": "quicksort",
                                                  "Sort Space Used": 1777,
                                                  "Sort Space Type": "Memory",
                                                  "Workers": [
                                                    {
                                                      "Worker Number": 0,
                                                      "Sort Method": "quicksort",
                                                      "Sort Space Used": 1777,
                                                      "Sort Space Type": "Memory"
                                                    },
                                                    {
                                                      "Worker Number": 1,
                                                      "Sort Method": "quicksort",
                                                      "Sort Space Used": 1777,
                                                      "Sort Space Type": "Memory"
                                                    },
                                                    {
                                                      "Worker Number": 2,
                                                      "Sort Method": "quicksort",
                                                      "Sort Space Used": 1777,
                                                      "Sort Space Type": "Memory"
                                                    }
                                                  ],
                                                  "Plans": [
                                                    {
                                                      "Node Type": "Merge Join",
                                                      "Parent Relationship": "Outer",
                                                      "Parallel Aware": false,
                                                      "Join Type": "Inner",
                                                      "Startup Cost": 0.42,
                                                      "Total Cost": 1579.32,
                                                      "Plan Rows": 6666,
                                                      "Plan Width": 4,
                                                      "Actual Startup Time": 7.014,
                                                      "Actual Total Time": 32.292,
                                                      "Actual Rows": 21505,
                                                      "Actual Loops": 4,
                                                      "Inner Unique": false,
                                                      "Merge Cond": "(lt.id = ml.link_type_id)",
                                                      "Plans": [
                                                        {
                                                          "Node Type": "Index Scan",
                                                          "Parent Relationship": "Outer",
                                                          "Parallel Aware": false,
                                                          "Scan Direction": "Forward",
                                                          "Index Name": "link_type_pkey",
                                                          "Relation Name": "link_type",
                                                          "Alias": "lt",
                                                          "Startup Cost": 0.14,
                                                          "Total Cost": 12.5,
                                                          "Plan Rows": 4,
                                                          "Plan Width": 4,
                                                          "Actual Startup Time": 0.098,
                                                          "Actual Total Time": 0.124,
                                                          "Actual Rows": 4,
                                                          "Actual Loops": 4,
                                                          "Filter": "((link)::text = ANY ('{references,\"referenced in\",features,\"featured in\"}'::text[]))",
                                                          "Rows Removed by Filter": 14
                                                        },
                                                        {
                                                          "Node Type": "Index Scan",
                                                          "Parent Relationship": "Inner",
                                                          "Parallel Aware": false,
                                                          "Scan Direction": "Forward",
                                                          "Index Name": "link_type_id_movie_link",
                                                          "Relation Name": "movie_link",
                                                          "Alias": "ml",
                                                          "Startup Cost": 0.29,
                                                          "Total Cost": 1425.16,
                                                          "Plan Rows": 29997,
                                                          "Plan Width": 8,
                                                          "Actual Startup Time": 0.1,
                                                          "Actual Total Time": 28.001,
                                                          "Actual Rows": 25633,
                                                          "Actual Loops": 4
                                                        }
                                                      ]
                                                    }
                                                  ]
                                                }
                                              ]
                                            }
                                          ]
                                        },
                                        {
                                          "Node Type": "Sort",
                                          "Parent Relationship": "Inner",
                                          "Parallel Aware": false,
                                          "Startup Cost": 87532.35,
                                          "Total Cost": 87742.94,
                                          "Plan Rows": 84233,
                                          "Plan Width": 104,
                                          "Actual Startup Time": 798.964,
                                          "Actual Total Time": 826.465,
                                          "Actual Rows": 148989,
                                          "Actual Loops": 4,
                                          "Sort Key": [
                                            "pi.person_id"
                                          ],
                                          "Sort Method": "quicksort",
                                          "Sort Space Used": 97770,
                                          "Sort Space Type": "Memory",
                                          "Workers": [
                                            {
                                              "Worker Number": 0,
                                              "Sort Method": "quicksort",
                                              "Sort Space Used": 97770,
                                              "Sort Space Type": "Memory"
                                            },
                                            {
                                              "Worker Number": 1,
                                              "Sort Method": "quicksort",
                                              "Sort Space Used": 97770,
                                              "Sort Space Type": "Memory"
                                            },
                                            {
                                              "Worker Number": 2,
                                              "Sort Method": "quicksort",
                                              "Sort Space Used": 97770,
                                              "Sort Space Type": "Memory"
                                            }
                                          ],
                                          "Plans": [
                                            {
                                              "Node Type": "Seq Scan",
                                              "Parent Relationship": "Outer",
                                              "Parallel Aware": false,
                                              "Relation Name": "person_info",
                                              "Alias": "pi",
                                              "Startup Cost": 0.0,
                                              "Total Cost": 80641.21,
                                              "Plan Rows": 84233,
                                              "Plan Width": 104,
                                              "Actual Startup Time": 0.114,
                                              "Actual Total Time": 635.263,
                                              "Actual Rows": 84183,
                                              "Actual Loops": 4,
                                              "Filter": "(note IS NOT NULL)",
                                              "Rows Removed by Filter": 2879481
                                            }
                                          ]
                                        }
                                      ]
                                    }
                                  ]
                                },
                                {
                                  "Node Type": "Sort",
                                  "Parent Relationship": "Inner",
                                  "Parallel Aware": false,
                                  "Startup Cost": 2.42,
                                  "Total Cost": 2.43,
                                  "Plan Rows": 1,
                                  "Plan Width": 4,
                                  "Actual Startup Time": 0.11,
                                  "Actual Total Time": 0.11,
                                  "Actual Rows": 1,
                                  "Actual Loops": 4,
                                  "Sort Key": [
                                    "it.id"
                                  ],
                                  "Sort Method": "quicksort",
                                  "Sort Space Used": 25,
                                  "Sort Space Type": "Memory",
                                  "Workers": [
                                    {
                                      "Worker Number": 0,
                                      "Sort Method": "quicksort",
                                      "Sort Space Used": 25,
                                      "Sort Space Type": "Memory"
                                    },
                                    {
                                      "Worker Number": 1,
                                      "Sort Method": "quicksort",
                                      "Sort Space Used": 25,
                                      "Sort Space Type": "Memory"
                                    },
                                    {
                                      "Worker Number": 2,
                                      "Sort Method": "quicksort",
                                      "Sort Space Used": 25,
                                      "Sort Space Type": "Memory"
                                    }
                                  ],
                                  "Plans": [
                                    {
                                      "Node Type": "Seq Scan",
                                      "Parent Relationship": "Outer",
                                      "Parallel Aware": false,
                                      "Relation Name": "info_type",
                                      "Alias": "it",
                                      "Startup Cost": 0.0,
                                      "Total Cost": 2.41,
                                      "Plan Rows": 1,
                                      "Plan Width": 4,
                                      "Actual Startup Time": 0.083,
                                      "Actual Total Time": 0.088,
                                      "Actual Rows": 1,
                                      "Actual Loops": 4,
                                      "Filter": "((info)::text = 'mini biography'::text)",
                                      "Rows Removed by Filter": 112
                                    }
                                  ]
                                }
                              ]
                            }
                          ]
                        }
                      ]
                    }
                  ]
                }
              ]
            }
          ]
        }
      ]
    },
    "Planning Time": 17.663,
    "Triggers": [],
    "Execution Time": 15126.243
  }
]