{
  "Plan": {
    "Node Type": "Aggregate",
    "Strategy": "Plain",
    "Partial Mode": "Finalize",
    "Parallel Aware": false,
    "Startup Cost": 104718.57,
    "Total Cost": 104718.58,
    "Plan Rows": 1,
    "Plan Width": 8,
    "Actual Startup Time": 238.374,
    "Actual Total Time": 262.136,
    "Actual Rows": 1,
    "Actual Loops": 1,
    "Plans": [
      {
        "Node Type": "Gather",
        "Parent Relationship": "Outer",
        "Parallel Aware": false,
        "Startup Cost": 104718.46,
        "Total Cost": 104718.57,
        "Plan Rows": 1,
        "Plan Width": 8,
        "Actual Startup Time": 237.915,
        "Actual Total Time": 262.128,
        "Actual Rows": 2,
        "Actual Loops": 1,
        "Workers Planned": 1,
        "Workers Launched": 1,
        "Single Copy": false,
        "Plans": [
          {
            "Node Type": "Aggregate",
            "Strategy": "Plain",
            "Partial Mode": "Partial",
            "Parent Relationship": "Outer",
            "Parallel Aware": false,
            "Startup Cost": 103718.46,
            "Total Cost": 103718.47,
            "Plan Rows": 1,
            "Plan Width": 8,
            "Actual Startup Time": 231.597,
            "Actual Total Time": 231.601,
            "Actual Rows": 1,
            "Actual Loops": 2,
            "Plans": [
              {
                "Node Type": "Nested Loop",
                "Parent Relationship": "Outer",
                "Parallel Aware": false,
                "Join Type": "Inner",
                "Startup Cost": 60867.93,
                "Total Cost": 103709.45,
                "Plan Rows": 3606,
                "Plan Width": 0,
                "Actual Startup Time": 163.108,
                "Actual Total Time": 231.436,
                "Actual Rows": 2208,
                "Actual Loops": 2,
                "Inner Unique": false,
                "Join Filter": "(t.id = ci.movie_id)",
                "Rows Removed by Join Filter": 0,
                "Plans": [
                  {
                    "Node Type": "Hash Join",
                    "Parent Relationship": "Outer",
                    "Parallel Aware": true,
                    "Join Type": "Inner",
                    "Startup Cost": 60867.36,
                    "Total Cost": 86233.9,
                    "Plan Rows": 1238,
                    "Plan Width": 8,
                    "Actual Startup Time": 162.911,
                    "Actual Total Time": 208.306,
                    "Actual Rows": 434,
                    "Actual Loops": 2,
                    "Inner Unique": true,
                    "Hash Cond": "(mk.movie_id = t.id)",
                    "Plans": [
                      {
                        "Node Type": "Bitmap Heap Scan",
                        "Parent Relationship": "Outer",
                        "Parallel Aware": true,
                        "Relation Name": "movie_keyword",
                        "Alias": "mk",
                        "Startup Cost": 2179.32,
                        "Total Cost": 27387.48,
                        "Plan Rows": 60333,
                        "Plan Width": 4,
                        "Actual Startup Time": 12.147,
                        "Actual Total Time": 47.607,
                        "Actual Rows": 58697,
                        "Actual Loops": 2,
                        "Recheck Cond": "(keyword_id < 115)",
                        "Rows Removed by Index Recheck": 0,
                        "Exact Heap Blocks": 15294,
                        "Lossy Heap Blocks": 0,
                        "Plans": [
                          {
                            "Node Type": "Bitmap Index Scan",
                            "Parent Relationship": "Outer",
                            "Parallel Aware": false,
                            "Index Name": "keyword_id_movie_keyword",
                            "Startup Cost": 0.0,
                            "Total Cost": 2153.68,
                            "Plan Rows": 102566,
                            "Plan Width": 0,
                            "Actual Startup Time": 8.74,
                            "Actual Total Time": 8.741,
                            "Actual Rows": 117394,
                            "Actual Loops": 1,
                            "Index Cond": "(keyword_id < 115)"
                          }
                        ]
                      },
                      {
                        "Node Type": "Hash",
                        "Parent Relationship": "Inner",
                        "Parallel Aware": true,
                        "Startup Cost": 58306.47,
                        "Total Cost": 58306.47,
                        "Plan Rows": 30526,
                        "Plan Width": 4,
                        "Actual Startup Time": 149.096,
                        "Actual Total Time": 149.097,
                        "Actual Rows": 28240,
                        "Actual Loops": 2,
                        "Hash Buckets": 65536,
                        "Original Hash Buckets": 65536,
                        "Hash Batches": 1,
                        "Original Hash Batches": 1,
                        "Peak Memory Usage": 2752,
                        "Plans": [
                          {
                            "Node Type": "Seq Scan",
                            "Parent Relationship": "Outer",
                            "Parallel Aware": true,
                            "Relation Name": "title",
                            "Alias": "t",
                            "Startup Cost": 0.0,
                            "Total Cost": 58306.47,
                            "Plan Rows": 30526,
                            "Plan Width": 4,
                            "Actual Startup Time": 0.038,
                            "Actual Total Time": 141.078,
                            "Actual Rows": 28240,
                            "Actual Loops": 2,
                            "Filter": "((kind_id = 7) AND (production_year = 2004))",
                            "Rows Removed by Filter": 1235916
                          }
                        ]
                      }
                    ]
                  },
                  {
                    "Node Type": "Index Scan",
                    "Parent Relationship": "Inner",
                    "Parallel Aware": false,
                    "Scan Direction": "Forward",
                    "Index Name": "movie_id_cast_info",
                    "Relation Name": "cast_info",
                    "Alias": "ci",
                    "Startup Cost": 0.56,
                    "Total Cost": 14.03,
                    "Plan Rows": 7,
                    "Plan Width": 4,
                    "Actual Startup Time": 0.024,
                    "Actual Total Time": 0.052,
                    "Actual Rows": 5,
                    "Actual Loops": 869,
                    "Index Cond": "(movie_id = mk.movie_id)",
                    "Rows Removed by Index Recheck": 0,
                    "Filter": "(role_id = 2)",
                    "Rows Removed by Filter": 27
                  }
                ]
              }
            ]
          }
        ]
      }
    ]
  },
  "Planning Time": 1.022,
  "Triggers": [],
  "Execution Time": 262.248
}