[
  {
    "Plan": {
      "Node Type": "Aggregate",
      "Strategy": "Plain",
      "Partial Mode": "Simple",
      "Parallel Aware": false,
      "Startup Cost": 1284450.01,
      "Total Cost": 1284450.02,
      "Plan Rows": 1,
      "Plan Width": 96,
      "Actual Startup Time": 6894.261,
      "Actual Total Time": 6905.503,
      "Actual Rows": 1,
      "Actual Loops": 1,
      "Plans": [
        {
          "Node Type": "Merge Join",
          "Parent Relationship": "Outer",
          "Parallel Aware": false,
          "Join Type": "Inner",
          "Startup Cost": 1220268.0,
          "Total Cost": 1284450.0,
          "Plan Rows": 1,
          "Plan Width": 48,
          "Actual Startup Time": 6893.056,
          "Actual Total Time": 6905.219,
          "Actual Rows": 1620,
          "Actual Loops": 1,
          "Inner Unique": true,
          "Merge Cond": "(ci.person_id = n.id)",
          "Plans": [
            {
              "Node Type": "Merge Join",
              "Parent Relationship": "Outer",
              "Parallel Aware": false,
              "Join Type": "Inner",
              "Startup Cost": 1139494.6,
              "Total Cost": 1203442.56,
              "Plan Rows": 1,
              "Plan Width": 45,
              "Actual Startup Time": 6486.19,
              "Actual Total Time": 6487.82,
              "Actual Rows": 1620,
              "Actual Loops": 1,
              "Inner Unique": false,
              "Merge Cond": "(ci.person_id = an.person_id)",
              "Plans": [
                {
                  "Node Type": "Merge Join",
                  "Parent Relationship": "Outer",
                  "Parallel Aware": false,
                  "Join Type": "Inner",
                  "Startup Cost": 1139484.62,
                  "Total Cost": 1139612.3,
                  "Plan Rows": 1,
                  "Plan Width": 41,
                  "Actual Startup Time": 6252.744,
                  "Actual Total Time": 6253.75,
                  "Actual Rows": 540,
                  "Actual Loops": 1,
                  "Inner Unique": false,
                  "Merge Cond": "(pi.person_id = ci.person_id)",
                  "Plans": [
                    {
                      "Node Type": "Sort",
                      "Parent Relationship": "Outer",
                      "Parallel Aware": false,
                      "Startup Cost": 139869.28,
                      "Total Cost": 139934.75,
                      "Plan Rows": 26186,
                      "Plan Width": 4,
                      "Actual Startup Time": 851.676,
                      "Actual Total Time": 893.127,
                      "Actual Rows": 367813,
                      "Actual Loops": 1,
                      "Sort Key": [
                        "pi.person_id"
                      ],
                      "Sort Method": "quicksort",
                      "Sort Space Used": 53664,
                      "Sort Space Type": "Memory",
                      "Plans": [
                        {
                          "Node Type": "Gather",
                          "Parent Relationship": "Outer",
                          "Parallel Aware": false,
                          "Startup Cost": 131564.84,
                          "Total Cost": 137947.69,
                          "Plan Rows": 26186,
                          "Plan Width": 4,
                          "Actual Startup Time": 532.991,
                          "Actual Total Time": 639.013,
                          "Actual Rows": 620526,
                          "Actual Loops": 1,
                          "Workers Planned": 4,
                          "Workers Launched": 4,
                          "Single Copy": false,
                          "Plans": [
                            {
                              "Node Type": "Merge Join",
                              "Parent Relationship": "Outer",
                              "Parallel Aware": false,
                              "Join Type": "Inner",
                              "Startup Cost": 130564.84,
                              "Total Cost": 134329.09,
                              "Plan Rows": 6546,
                              "Plan Width": 4,
                              "Actual Startup Time": 514.744,
                              "Actual Total Time": 561.721,
                              "Actual Rows": 124105,
                              "Actual Loops": 5,
                              "Inner Unique": true,
                              "Merge Cond": "(pi.info_type_id = it3.id)",
                              "Plans": [
                                {
                                  "Node Type": "Sort",
                                  "Parent Relationship": "Outer",
                                  "Parallel Aware": false,
                                  "Startup Cost": 130562.41,
                                  "Total Cost": 132411.8,
                                  "Plan Rows": 739755,
                                  "Plan Width": 8,
                                  "Actual Startup Time": 509.139,
                                  "Actual Total Time": 530.972,
                                  "Actual Rows": 139158,
                                  "Actual Loops": 5,
                                  "Sort Key": [
                                    "pi.info_type_id"
                                  ],
                                  "Sort Method": "quicksort",
                                  "Sort Space Used": 57466,
                                  "Sort Space Type": "Memory",
                                  "Workers": [
                                    {
                                      "Worker Number": 0,
                                      "Sort Method": "quicksort",
                                      "Sort Space Used": 49336,
                                      "Sort Space Type": "Memory"
                                    },
                                    {
                                      "Worker Number": 1,
                                      "Sort Method": "quicksort",
                                      "Sort Space Used": 56049,
                                      "Sort Space Type": "Memory"
                                    },
                                    {
                                      "Worker Number": 2,
                                      "Sort Method": "quicksort",
                                      "Sort Space Used": 49459,
                                      "Sort Space Type": "Memory"
                                    },
                                    {
                                      "Worker Number": 3,
                                      "Sort Method": "quicksort",
                                      "Sort Space Used": 49494,
                                      "Sort Space Type": "Memory"
                                    }
                                  ],
                                  "Plans": [
                                    {
                                      "Node Type": "Seq Scan",
                                      "Parent Relationship": "Outer",
                                      "Parallel Aware": true,
                                      "Relation Name": "person_info",
                                      "Alias": "pi",
                                      "Startup Cost": 0.0,
                                      "Total Cost": 58448.55,
                                      "Plan Rows": 739755,
                                      "Plan Width": 8,
                                      "Actual Startup Time": 0.08,
                                      "Actual Total Time": 306.706,
                                      "Actual Rows": 592733,
                                      "Actual Loops": 5
                                    }
                                  ]
                                },
                                {
                                  "Node Type": "Sort",
                                  "Parent Relationship": "Inner",
                                  "Parallel Aware": false,
                                  "Startup Cost": 2.42,
                                  "Total Cost": 2.43,
                                  "Plan Rows": 1,
                                  "Plan Width": 4,
                                  "Actual Startup Time": 0.158,
                                  "Actual Total Time": 0.162,
                                  "Actual Rows": 1,
                                  "Actual Loops": 5,
                                  "Sort Key": [
                                    "it3.id"
                                  ],
                                  "Sort Method": "quicksort",
                                  "Sort Space Used": 25,
                                  "Sort Space Type": "Memory",
                                  "Workers": [
                                    {
                                      "Worker Number": 0,
                                      "Sort Method": "quicksort",
                                      "Sort Space Used": 25,
                                      "Sort Space Type": "Memory"
                                    },
                                    {
                                      "Worker Number": 1,
                                      "Sort Method": "quicksort",
                                      "Sort Space Used": 25,
                                      "Sort Space Type": "Memory"
                                    },
                                    {
                                      "Worker Number": 2,
                                      "Sort Method": "quicksort",
                                      "Sort Space Used": 25,
                                      "Sort Space Type": "Memory"
                                    },
                                    {
                                      "Worker Number": 3,
                                      "Sort Method": "quicksort",
                                      "Sort Space Used": 25,
                                      "Sort Space Type": "Memory"
                                    }
                                  ],
                                  "Plans": [
                                    {
                                      "Node Type": "Seq Scan",
                                      "Parent Relationship": "Outer",
                                      "Parallel Aware": false,
                                      "Relation Name": "info_type",
                                      "Alias": "it3",
                                      "Startup Cost": 0.0,
                                      "Total Cost": 2.41,
                                      "Plan Rows": 1,
                                      "Plan Width": 4,
                                      "Actual Startup Time": 0.121,
                                      "Actual Total Time": 0.127,
                                      "Actual Rows": 1,
                                      "Actual Loops": 5,
                                      "Filter": "((info)::text = 'trivia'::text)",
                                      "Rows Removed by Filter": 112
                                    }
                                  ]
                                }
                              ]
                            }
                          ]
                        }
                      ]
                    },
                    {
                      "Node Type": "Sort",
                      "Parent Relationship": "Inner",
                      "Parallel Aware": false,
                      "Startup Cost": 999615.32,
                      "Total Cost": 999615.32,
                      "Plan Rows": 1,
                      "Plan Width": 37,
                      "Actual Startup Time": 5335.419,
                      "Actual Total Time": 5336.109,
                      "Actual Rows": 487,
                      "Actual Loops": 1,
                      "Sort Key": [
                        "ci.person_id"
                      ],
                      "Sort Method": "quicksort",
                      "Sort Space Used": 25,
                      "Sort Space Type": "Memory",
                      "Plans": [
                        {
                          "Node Type": "Merge Join",
                          "Parent Relationship": "Outer",
                          "Parallel Aware": false,
                          "Join Type": "Inner",
                          "Startup Cost": 999516.28,
                          "Total Cost": 999615.31,
                          "Plan Rows": 1,
                          "Plan Width": 37,
                          "Actual Startup Time": 5334.615,
                          "Actual Total Time": 5336.044,
                          "Actual Rows": 10,
                          "Actual Loops": 1,
                          "Inner Unique": false,
                          "Merge Cond": "(mi.movie_id = t.id)",
                          "Plans": [
                            {
                              "Node Type": "Merge Join",
                              "Parent Relationship": "Outer",
                              "Parallel Aware": false,
                              "Join Type": "Inner",
                              "Startup Cost": 765488.2,
                              "Total Cost": 765587.21,
                              "Plan Rows": 1,
                              "Plan Width": 36,
                              "Actual Startup Time": 4191.107,
                              "Actual Total Time": 4192.425,
                              "Actual Rows": 11,
                              "Actual Loops": 1,
                              "Inner Unique": false,
                              "Merge Cond": "(mc.movie_id = mi.movie_id)",
                              "Plans": [
                                {
                                  "Node Type": "Merge Join",
                                  "Parent Relationship": "Outer",
                                  "Parallel Aware": false,
                                  "Join Type": "Inner",
                                  "Startup Cost": 550720.57,
                                  "Total Cost": 550802.39,
                                  "Plan Rows": 1,
                                  "Plan Width": 32,
                                  "Actual Startup Time": 2894.789,
                                  "Actual Total Time": 2906.743,
                                  "Actual Rows": 19,
                                  "Actual Loops": 1,
                                  "Inner Unique": false,
                                  "Merge Cond": "(ci.movie_id = mc.movie_id)",
                                  "Plans": [
                                    {
                                      "Node Type": "Sort",
                                      "Parent Relationship": "Outer",
                                      "Parallel Aware": false,
                                      "Startup Cost": 409832.1,
                                      "Total Cost": 409832.1,
                                      "Plan Rows": 1,
                                      "Plan Width": 24,
                                      "Actual Startup Time": 1946.031,
                                      "Actual Total Time": 1946.308,
                                      "Actual Rows": 63,
                                      "Actual Loops": 1,
                                      "Sort Key": [
                                        "ci.movie_id"
                                      ],
                                      "Sort Method": "quicksort",
                                      "Sort Space Used": 28,
                                      "Sort Space Type": "Memory",
                                      "Plans": [
                                        {
                                          "Node Type": "Merge Join",
                                          "Parent Relationship": "Outer",
                                          "Parallel Aware": false,
                                          "Join Type": "Inner",
                                          "Startup Cost": 409678.35,
                                          "Total Cost": 409832.09,
                                          "Plan Rows": 1,
                                          "Plan Width": 24,
                                          "Actual Startup Time": 1945.958,
                                          "Actual Total Time": 1946.254,
                                          "Actual Rows": 73,
                                          "Actual Loops": 1,
                                          "Inner Unique": true,
                                          "Merge Cond": "(ci.person_role_id = chn.id)",
                                          "Plans": [
                                            {
                                              "Node Type": "Sort",
                                              "Parent Relationship": "Outer",
                                              "Parallel Aware": false,
                                              "Startup Cost": 362400.25,
                                              "Total Cost": 362576.52,
                                              "Plan Rows": 70509,
                                              "Plan Width": 12,
                                              "Actual Startup Time": 1694.03,
                                              "Actual Total Time": 1706.02,
                                              "Actual Rows": 61387,
                                              "Actual Loops": 1,
                                              "Sort Key": [
                                                "ci.person_role_id"
                                              ],
                                              "Sort Method": "quicksort",
                                              "Sort Space Used": 24644,
                                              "Sort Space Type": "Memory",
                                              "Plans": [
                                                {
                                                  "Node Type": "Gather",
                                                  "Parent Relationship": "Outer",
                                                  "Parallel Aware": false,
                                                  "Startup Cost": 348848.81,
                                                  "Total Cost": 356722.33,
                                                  "Plan Rows": 70509,
                                                  "Plan Width": 12,
                                                  "Actual Startup Time": 1555.669,
                                                  "Actual Total Time": 1606.326,
                                                  "Actual Rows": 263582,
                                                  "Actual Loops": 1,
                                                  "Workers Planned": 6,
                                                  "Workers Launched": 6,
                                                  "Single Copy": false,
                                                  "Plans": [
                                                    {
                                                      "Node Type": "Merge Join",
                                                      "Parent Relationship": "Outer",
                                                      "Parallel Aware": false,
                                                      "Join Type": "Inner",
                                                      "Startup Cost": 347848.81,
                                                      "Total Cost": 348671.43,
                                                      "Plan Rows": 11752,
                                                      "Plan Width": 12,
                                                      "Actual Startup Time": 1537.249,
                                                      "Actual Total Time": 1551.794,
                                                      "Actual Rows": 37655,
                                                      "Actual Loops": 7,
                                                      "Inner Unique": true,
                                                      "Merge Cond": "(ci.role_id = rt.id)",
                                                      "Plans": [
                                                        {
                                                          "Node Type": "Sort",
                                                          "Parent Relationship": "Outer",
                                                          "Parallel Aware": false,
                                                          "Startup Cost": 347847.65,
                                                          "Total Cost": 348200.2,
                                                          "Plan Rows": 141018,
                                                          "Plan Width": 16,
                                                          "Actual Startup Time": 1520.331,
                                                          "Actual Total Time": 1531.753,
                                                          "Actual Rows": 119480,
                                                          "Actual Loops": 7,
                                                          "Sort Key": [
                                                            "ci.role_id"
                                                          ],
                                                          "Sort Method": "quicksort",
                                                          "Sort Space Used": 12579,
                                                          "Sort Space Type": "Memory",
                                                          "Workers": [
                                                            {
                                                              "Worker Number": 0,
                                                              "Sort Method": "quicksort",
                                                              "Sort Space Used": 8192,
                                                              "Sort Space Type": "Memory"
                                                            },
                                                            {
                                                              "Worker Number": 1,
                                                              "Sort Method": "quicksort",
                                                              "Sort Space Used": 12335,
                                                              "Sort Space Type": "Memory"
                                                            },
                                                            {
                                                              "Worker Number": 2,
                                                              "Sort Method": "quicksort",
                                                              "Sort Space Used": 8029,
                                                              "Sort Space Type": "Memory"
                                                            },
                                                            {
                                                              "Worker Number": 3,
                                                              "Sort Method": "quicksort",
                                                              "Sort Space Used": 12307,
                                                              "Sort Space Type": "Memory"
                                                            },
                                                            {
                                                              "Worker Number": 4,
                                                              "Sort Method": "quicksort",
                                                              "Sort Space Used": 8269,
                                                              "Sort Space Type": "Memory"
                                                            },
                                                            {
                                                              "Worker Number": 5,
                                                              "Sort Method": "quicksort",
                                                              "Sort Space Used": 8232,
                                                              "Sort Space Type": "Memory"
                                                            }
                                                          ],
                                                          "Plans": [
                                                            {
                                                              "Node Type": "Seq Scan",
                                                              "Parent Relationship": "Outer",
                                                              "Parallel Aware": true,
                                                              "Relation Name": "cast_info",
                                                              "Alias": "ci",
                                                              "Startup Cost": 0.0,
                                                              "Total Cost": 335786.72,
                                                              "Plan Rows": 141018,
                                                              "Plan Width": 16,
                                                              "Actual Startup Time": 0.183,
                                                              "Actual Total Time": 1479.887,
                                                              "Actual Rows": 119529,
                                                              "Actual Loops": 7,
                                                              "Filter": "(note = ANY ('{(voice),\"(voice) (uncredited)\",\"(voice: English version)\"}'::text[]))",
                                                              "Rows Removed by Filter": 5058235
                                                            }
                                                          ]
                                                        },
                                                        {
                                                          "Node Type": "Sort",
                                                          "Parent Relationship": "Inner",
                                                          "Parallel Aware": false,
                                                          "Startup Cost": 1.16,
                                                          "Total Cost": 1.16,
                                                          "Plan Rows": 1,
                                                          "Plan Width": 4,
                                                          "Actual Startup Time": 0.16,
                                                          "Actual Total Time": 0.164,
                                                          "Actual Rows": 1,
                                                          "Actual Loops": 7,
                                                          "Sort Key": [
                                                            "rt.id"
                                                          ],
                                                          "Sort Method": "quicksort",
                                                          "Sort Space Used": 25,
                                                          "Sort Space Type": "Memory",
                                                          "Workers": [
                                                            {
                                                              "Worker Number": 0,
                                                              "Sort Method": "quicksort",
                                                              "Sort Space Used": 25,
                                                              "Sort Space Type": "Memory"
                                                            },
                                                            {
                                                              "Worker Number": 1,
                                                              "Sort Method": "quicksort",
                                                              "Sort Space Used": 25,
                                                              "Sort Space Type": "Memory"
                                                            },
                                                            {
                                                              "Worker Number": 2,
                                                              "Sort Method": "quicksort",
                                                              "Sort Space Used": 25,
                                                              "Sort Space Type": "Memory"
                                                            },
                                                            {
                                                              "Worker Number": 3,
                                                              "Sort Method": "quicksort",
                                                              "Sort Space Used": 25,
                                                              "Sort Space Type": "Memory"
                                                            },
                                                            {
                                                              "Worker Number": 4,
                                                              "Sort Method": "quicksort",
                                                              "Sort Space Used": 25,
                                                              "Sort Space Type": "Memory"
                                                            },
                                                            {
                                                              "Worker Number": 5,
                                                              "Sort Method": "quicksort",
                                                              "Sort Space Used": 25,
                                                              "Sort Space Type": "Memory"
                                                            }
                                                          ],
                                                          "Plans": [
                                                            {
                                                              "Node Type": "Seq Scan",
                                                              "Parent Relationship": "Outer",
                                                              "Parallel Aware": false,
                                                              "Relation Name": "role_type",
                                                              "Alias": "rt",
                                                              "Startup Cost": 0.0,
                                                              "Total Cost": 1.15,
                                                              "Plan Rows": 1,
                                                              "Plan Width": 4,
                                                              "Actual Startup Time": 0.126,
                                                              "Actual Total Time": 0.127,
                                                              "Actual Rows": 1,
                                                              "Actual Loops": 7,
                                                              "Filter": "((role)::text = 'actress'::text)",
                                                              "Rows Removed by Filter": 11
                                                            }
                                                          ]
                                                        }
                                                      ]
                                                    }
                                                  ]
                                                }
                                              ]
                                            },
                                            {
                                              "Node Type": "Sort",
                                              "Parent Relationship": "Inner",
                                              "Parallel Aware": false,
                                              "Startup Cost": 47261.67,
                                              "Total Cost": 47261.67,
                                              "Plan Rows": 1,
                                              "Plan Width": 20,
                                              "Actual Startup Time": 233.199,
                                              "Actual Total Time": 233.289,
                                              "Actual Rows": 1,
                                              "Actual Loops": 1,
                                              "Sort Key": [
                                                "chn.id"
                                              ],
                                              "Sort Method": "quicksort",
                                              "Sort Space Used": 25,
                                              "Sort Space Type": "Memory",
                                              "Plans": [
                                                {
                                                  "Node Type": "Gather",
                                                  "Parent Relationship": "Outer",
                                                  "Parallel Aware": false,
                                                  "Startup Cost": 1000.0,
                                                  "Total Cost": 47261.66,
                                                  "Plan Rows": 1,
                                                  "Plan Width": 20,
                                                  "Actual Startup Time": 232.842,
                                                  "Actual Total Time": 233.234,
                                                  "Actual Rows": 1,
                                                  "Actual Loops": 1,
                                                  "Workers Planned": 4,
                                                  "Workers Launched": 4,
                                                  "Single Copy": false,
                                                  "Plans": [
                                                    {
                                                      "Node Type": "Seq Scan",
                                                      "Parent Relationship": "Outer",
                                                      "Parallel Aware": true,
                                                      "Relation Name": "char_name",
                                                      "Alias": "chn",
                                                      "Startup Cost": 0.0,
                                                      "Total Cost": 46261.56,
                                                      "Plan Rows": 1,
                                                      "Plan Width": 20,
                                                      "Actual Startup Time": 182.108,
                                                      "Actual Total Time": 223.623,
                                                      "Actual Rows": 0,
                                                      "Actual Loops": 5,
                                                      "Filter": "(name = 'Queen'::text)",
                                                      "Rows Removed by Filter": 628068
                                                    }
                                                  ]
                                                }
                                              ]
                                            }
                                          ]
                                        }
                                      ]
                                    },
                                    {
                                      "Node Type": "Sort",
                                      "Parent Relationship": "Inner",
                                      "Parallel Aware": false,
                                      "Startup Cost": 140888.48,
                                      "Total Cost": 140929.38,
                                      "Plan Rows": 16360,
                                      "Plan Width": 8,
                                      "Actual Startup Time": 947.077,
                                      "Actual Total Time": 955.241,
                                      "Actual Rows": 48835,
                                      "Actual Loops": 1,
                                      "Sort Key": [
                                        "cc.movie_id"
                                      ],
                                      "Sort Method": "quicksort",
                                      "Sort Space Used": 6516,
                                      "Sort Space Type": "Memory",
                                      "Plans": [
                                        {
                                          "Node Type": "Gather",
                                          "Parent Relationship": "Outer",
                                          "Parallel Aware": false,
                                          "Startup Cost": 137557.17,
                                          "Total Cost": 139743.45,
                                          "Plan Rows": 16360,
                                          "Plan Width": 8,
                                          "Actual Startup Time": 843.841,
                                          "Actual Total Time": 910.033,
                                          "Actual Rows": 73471,
                                          "Actual Loops": 1,
                                          "Workers Planned": 3,
                                          "Workers Launched": 3,
                                          "Single Copy": false,
                                          "Plans": [
                                            {
                                              "Node Type": "Merge Join",
                                              "Parent Relationship": "Outer",
                                              "Parallel Aware": false,
                                              "Join Type": "Inner",
                                              "Startup Cost": 136557.17,
                                              "Total Cost": 137107.45,
                                              "Plan Rows": 5277,
                                              "Plan Width": 8,
                                              "Actual Startup Time": 801.823,
                                              "Actual Total Time": 840.108,
                                              "Actual Rows": 18368,
                                              "Actual Loops": 4,
                                              "Inner Unique": true,
                                              "Merge Cond": "(mc.company_id = cn.id)",
                                              "Plans": [
                                                {
                                                  "Node Type": "Sort",
                                                  "Parent Relationship": "Outer",
                                                  "Parallel Aware": false,
                                                  "Startup Cost": 123671.65,
                                                  "Total Cost": 123708.16,
                                                  "Plan Rows": 14603,
                                                  "Plan Width": 12,
                                                  "Actual Startup Time": 660.869,
                                                  "Actual Total Time": 667.757,
                                                  "Actual Rows": 41626,
                                                  "Actual Loops": 4,
                                                  "Sort Key": [
                                                    "mc.company_id"
                                                  ],
                                                  "Sort Method": "quicksort",
                                                  "Sort Space Used": 3837,
                                                  "Sort Space Type": "Memory",
                                                  "Workers": [
                                                    {
                                                      "Worker Number": 0,
                                                      "Sort Method": "quicksort",
                                                      "Sort Space Used": 3153,
                                                      "Sort Space Type": "Memory"
                                                    },
                                                    {
                                                      "Worker Number": 1,
                                                      "Sort Method": "quicksort",
                                                      "Sort Space Used": 3723,
                                                      "Sort Space Type": "Memory"
                                                    },
                                                    {
                                                      "Worker Number": 2,
                                                      "Sort Method": "quicksort",
                                                      "Sort Space Used": 3238,
                                                      "Sort Space Type": "Memory"
                                                    }
                                                  ],
                                                  "Plans": [
                                                    {
                                                      "Node Type": "Merge Join",
                                                      "Parent Relationship": "Outer",
                                                      "Parallel Aware": false,
                                                      "Join Type": "Inner",
                                                      "Startup Cost": 118235.29,
                                                      "Total Cost": 122661.56,
                                                      "Plan Rows": 14603,
                                                      "Plan Width": 12,
                                                      "Actual Startup Time": 529.713,
                                                      "Actual Total Time": 638.443,
                                                      "Actual Rows": 41626,
                                                      "Actual Loops": 4,
                                                      "Inner Unique": false,
                                                      "Merge Cond": "(mc.movie_id = cc.movie_id)",
                                                      "Plans": [
                                                        {
                                                          "Node Type": "Sort",
                                                          "Parent Relationship": "Outer",
                                                          "Parallel Aware": false,
                                                          "Startup Cost": 110037.47,
                                                          "Total Cost": 112141.61,
                                                          "Plan Rows": 841655,
                                                          "Plan Width": 8,
                                                          "Actual Startup Time": 438.723,
                                                          "Actual Total Time": 483.013,
                                                          "Actual Rows": 652282,
                                                          "Actual Loops": 4,
                                                          "Sort Key": [
                                                            "mc.movie_id"
                                                          ],
                                                          "Sort Method": "quicksort",
                                                          "Sort Space Used": 62319,
                                                          "Sort Space Type": "Memory",
                                                          "Workers": [
                                                            {
                                                              "Worker Number": 0,
                                                              "Sort Method": "quicksort",
                                                              "Sort Space Used": 49601,
                                                              "Sort Space Type": "Memory"
                                                            },
                                                            {
                                                              "Worker Number": 1,
                                                              "Sort Method": "quicksort",
                                                              "Sort Space Used": 58409,
                                                              "Sort Space Type": "Memory"
                                                            },
                                                            {
                                                              "Worker Number": 2,
                                                              "Sort Method": "quicksort",
                                                              "Sort Space Used": 50280,
                                                              "Sort Space Type": "Memory"
                                                            }
                                                          ],
                                                          "Plans": [
                                                            {
                                                              "Node Type": "Seq Scan",
                                                              "Parent Relationship": "Outer",
                                                              "Parallel Aware": true,
                                                              "Relation Name": "movie_companies",
                                                              "Alias": "mc",
                                                              "Startup Cost": 0.0,
                                                              "Total Cost": 27206.55,
                                                              "Plan Rows": 841655,
                                                              "Plan Width": 8,
                                                              "Actual Startup Time": 0.097,
                                                              "Actual Total Time": 178.219,
                                                              "Actual Rows": 652282,
                                                              "Actual Loops": 4
                                                            }
                                                          ]
                                                        },
                                                        {
                                                          "Node Type": "Sort",
                                                          "Parent Relationship": "Inner",
                                                          "Parallel Aware": false,
                                                          "Startup Cost": 8197.59,
                                                          "Total Cost": 8218.7,
                                                          "Plan Rows": 8443,
                                                          "Plan Width": 4,
                                                          "Actual Startup Time": 90.817,
                                                          "Actual Total Time": 96.036,
                                                          "Actual Rows": 51699,
                                                          "Actual Loops": 4,
                                                          "Sort Key": [
                                                            "cc.movie_id"
                                                          ],
                                                          "Sort Method": "quicksort",
                                                          "Sort Space Used": 1607,
                                                          "Sort Space Type": "Memory",
                                                          "Workers": [
                                                            {
                                                              "Worker Number": 0,
                                                              "Sort Method": "quicksort",
                                                              "Sort Space Used": 1607,
                                                              "Sort Space Type": "Memory"
                                                            },
                                                            {
                                                              "Worker Number": 1,
                                                              "Sort Method": "quicksort",
                                                              "Sort Space Used": 1607,
                                                              "Sort Space Type": "Memory"
                                                            },
                                                            {
                                                              "Worker Number": 2,
                                                              "Sort Method": "quicksort",
                                                              "Sort Space Used": 1607,
                                                              "Sort Space Type": "Memory"
                                                            }
                                                          ],
                                                          "Plans": [
                                                            {
                                                              "Node Type": "Merge Join",
                                                              "Parent Relationship": "Outer",
                                                              "Parallel Aware": false,
                                                              "Join Type": "Inner",
                                                              "Startup Cost": 7393.66,
                                                              "Total Cost": 7646.96,
                                                              "Plan Rows": 8443,
                                                              "Plan Width": 4,
                                                              "Actual Startup Time": 77.19,
                                                              "Actual Total Time": 82.004,
                                                              "Actual Rows": 17879,
                                                              "Actual Loops": 4,
                                                              "Inner Unique": true,
                                                              "Merge Cond": "(cc.status_id = cct2.id)",
                                                              "Plans": [
                                                                {
                                                                  "Node Type": "Sort",
                                                                  "Parent Relationship": "Outer",
                                                                  "Parallel Aware": false,
                                                                  "Startup Cost": 7392.6,
                                                                  "Total Cost": 7477.03,
                                                                  "Plan Rows": 33772,
                                                                  "Plan Width": 8,
                                                                  "Actual Startup Time": 67.827,
                                                                  "Actual Total Time": 74.3,
                                                                  "Actual Rows": 85941,
                                                                  "Actual Loops": 4,
                                                                  "Sort Key": [
                                                                    "cc.status_id"
                                                                  ],
                                                                  "Sort Method": "quicksort",
                                                                  "Sort Space Used": 7101,
                                                                  "Sort Space Type": "Memory",
                                                                  "Workers": [
                                                                    {
                                                                      "Worker Number": 0,
                                                                      "Sort Method": "quicksort",
                                                                      "Sort Space Used": 7101,
                                                                      "Sort Space Type": "Memory"
                                                                    },
                                                                    {
                                                                      "Worker Number": 1,
                                                                      "Sort Method": "quicksort",
                                                                      "Sort Space Used": 7101,
                                                                      "Sort Space Type": "Memory"
                                                                    },
                                                                    {
                                                                      "Worker Number": 2,
                                                                      "Sort Method": "quicksort",
                                                                      "Sort Space Used": 7101,
                                                                      "Sort Space Type": "Memory"
                                                                    }
                                                                  ],
                                                                  "Plans": [
                                                                    {
                                                                      "Node Type": "Merge Join",
                                                                      "Parent Relationship": "Outer",
                                                                      "Parallel Aware": false,
                                                                      "Join Type": "Inner",
                                                                      "Startup Cost": 0.55,
                                                                      "Total Cost": 4852.35,
                                                                      "Plan Rows": 33772,
                                                                      "Plan Width": 8,
                                                                      "Actual Startup Time": 0.217,
                                                                      "Actual Total Time": 36.154,
                                                                      "Actual Rows": 85941,
                                                                      "Actual Loops": 4,
                                                                      "Inner Unique": true,
                                                                      "Merge Cond": "(cc.subject_id = cct1.id)",
                                                                      "Plans": [
                                                                        {
                                                                          "Node Type": "Index Scan",
                                                                          "Parent Relationship": "Outer",
                                                                          "Parallel Aware": false,
                                                                          "Scan Direction": "Forward",
                                                                          "Index Name": "subject_id_complete_cast",
                                                                          "Relation Name": "complete_cast",
                                                                          "Alias": "cc",
                                                                          "Startup Cost": 0.42,
                                                                          "Total Cost": 4164.71,
                                                                          "Plan Rows": 135086,
                                                                          "Plan Width": 12,
                                                                          "Actual Startup Time": 0.168,
                                                                          "Actual Total Time": 21.758,
                                                                          "Actual Rows": 85942,
                                                                          "Actual Loops": 4
                                                                        },
                                                                        {
                                                                          "Node Type": "Index Scan",
                                                                          "Parent Relationship": "Inner",
                                                                          "Parallel Aware": false,
                                                                          "Scan Direction": "Forward",
                                                                          "Index Name": "comp_cast_type_pkey",
                                                                          "Relation Name": "comp_cast_type",
                                                                          "Alias": "cct1",
                                                                          "Startup Cost": 0.13,
                                                                          "Total Cost": 12.2,
                                                                          "Plan Rows": 1,
                                                                          "Plan Width": 4,
                                                                          "Actual Startup Time": 0.04,
                                                                          "Actual Total Time": 0.049,
                                                                          "Actual Rows": 1,
                                                                          "Actual Loops": 4,
                                                                          "Filter": "((kind)::text = 'cast'::text)",
                                                                          "Rows Removed by Filter": 3
                                                                        }
                                                                      ]
                                                                    }
                                                                  ]
                                                                },
                                                                {
                                                                  "Node Type": "Sort",
                                                                  "Parent Relationship": "Inner",
                                                                  "Parallel Aware": false,
                                                                  "Startup Cost": 1.06,
                                                                  "Total Cost": 1.06,
                                                                  "Plan Rows": 1,
                                                                  "Plan Width": 4,
                                                                  "Actual Startup Time": 0.089,
                                                                  "Actual Total Time": 0.093,
                                                                  "Actual Rows": 1,
                                                                  "Actual Loops": 4,
                                                                  "Sort Key": [
                                                                    "cct2.id"
                                                                  ],
                                                                  "Sort Method": "quicksort",
                                                                  "Sort Space Used": 25,
                                                                  "Sort Space Type": "Memory",
                                                                  "Workers": [
                                                                    {
                                                                      "Worker Number": 0,
                                                                      "Sort Method": "quicksort",
                                                                      "Sort Space Used": 25,
                                                                      "Sort Space Type": "Memory"
                                                                    },
                                                                    {
                                                                      "Worker Number": 1,
                                                                      "Sort Method": "quicksort",
                                                                      "Sort Space Used": 25,
                                                                      "Sort Space Type": "Memory"
                                                                    },
                                                                    {
                                                                      "Worker Number": 2,
                                                                      "Sort Method": "quicksort",
                                                                      "Sort Space Used": 25,
                                                                      "Sort Space Type": "Memory"
                                                                    }
                                                                  ],
                                                                  "Plans": [
                                                                    {
                                                                      "Node Type": "Seq Scan",
                                                                      "Parent Relationship": "Outer",
                                                                      "Parallel Aware": false,
                                                                      "Relation Name": "comp_cast_type",
                                                                      "Alias": "cct2",
                                                                      "Startup Cost": 0.0,
                                                                      "Total Cost": 1.05,
                                                                      "Plan Rows": 1,
                                                                      "Plan Width": 4,
                                                                      "Actual Startup Time": 0.065,
                                                                      "Actual Total Time": 0.067,
                                                                      "Actual Rows": 1,
                                                                      "Actual Loops": 4,
                                                                      "Filter": "((kind)::text = 'complete+verified'::text)",
                                                                      "Rows Removed by Filter": 3
                                                                    }
                                                                  ]
                                                                }
                                                              ]
                                                            }
                                                          ]
                                                        }
                                                      ]
                                                    }
                                                  ]
                                                },
                                                {
                                                  "Node Type": "Sort",
                                                  "Parent Relationship": "Inner",
                                                  "Parallel Aware": false,
                                                  "Startup Cost": 12885.5,
                                                  "Total Cost": 13097.82,
                                                  "Plan Rows": 84928,
                                                  "Plan Width": 4,
                                                  "Actual Startup Time": 140.92,
                                                  "Actual Total Time": 155.424,
                                                  "Actual Rows": 84824,
                                                  "Actual Loops": 4,
                                                  "Sort Key": [
                                                    "cn.id"
                                                  ],
                                                  "Sort Method": "quicksort",
                                                  "Sort Space Used": 7050,
                                                  "Sort Space Type": "Memory",
                                                  "Workers": [
                                                    {
                                                      "Worker Number": 0,
                                                      "Sort Method": "quicksort",
                                                      "Sort Space Used": 7050,
                                                      "Sort Space Type": "Memory"
                                                    },
                                                    {
                                                      "Worker Number": 1,
                                                      "Sort Method": "quicksort",
                                                      "Sort Space Used": 7050,
                                                      "Sort Space Type": "Memory"
                                                    },
                                                    {
                                                      "Worker Number": 2,
                                                      "Sort Method": "quicksort",
                                                      "Sort Space Used": 7050,
                                                      "Sort Space Type": "Memory"
                                                    }
                                                  ],
                                                  "Plans": [
                                                    {
                                                      "Node Type": "Seq Scan",
                                                      "Parent Relationship": "Outer",
                                                      "Parallel Aware": false,
                                                      "Relation Name": "company_name",
                                                      "Alias": "cn",
                                                      "Startup Cost": 0.0,
                                                      "Total Cost": 5932.46,
                                                      "Plan Rows": 84928,
                                                      "Plan Width": 4,
                                                      "Actual Startup Time": 0.114,
                                                      "Actual Total Time": 93.761,
                                                      "Actual Rows": 84843,
                                                      "Actual Loops": 4,
                                                      "Filter": "((country_code)::text = '[us]'::text)",
                                                      "Rows Removed by Filter": 150154
                                                    }
                                                  ]
                                                }
                                              ]
                                            }
                                          ]
                                        }
                                      ]
                                    }
                                  ]
                                },
                                {
                                  "Node Type": "Sort",
                                  "Parent Relationship": "Inner",
                                  "Parallel Aware": false,
                                  "Startup Cost": 214767.63,
                                  "Total Cost": 214776.22,
                                  "Plan Rows": 3437,
                                  "Plan Width": 4,
                                  "Actual Startup Time": 1232.847,
                                  "Actual Total Time": 1254.544,
                                  "Actual Rows": 401010,
                                  "Actual Loops": 1,
                                  "Sort Key": [
                                    "mi.movie_id"
                                  ],
                                  "Sort Method": "quicksort",
                                  "Sort Space Used": 33431,
                                  "Sort Space Type": "Memory",
                                  "Plans": [
                                    {
                                      "Node Type": "Gather",
                                      "Parent Relationship": "Outer",
                                      "Parallel Aware": false,
                                      "Startup Cost": 213826.85,
                                      "Total Cost": 214565.76,
                                      "Plan Rows": 3437,
                                      "Plan Width": 4,
                                      "Actual Startup Time": 967.596,
                                      "Actual Total Time": 1043.83,
                                      "Actual Rows": 451039,
                                      "Actual Loops": 1,
                                      "Workers Planned": 5,
                                      "Workers Launched": 5,
                                      "Single Copy": false,
                                      "Plans": [
                                        {
                                          "Node Type": "Merge Join",
                                          "Parent Relationship": "Outer",
                                          "Parallel Aware": false,
                                          "Join Type": "Inner",
                                          "Startup Cost": 212826.85,
                                          "Total Cost": 213222.06,
                                          "Plan Rows": 687,
                                          "Plan Width": 4,
                                          "Actual Startup Time": 956.498,
                                          "Actual Total Time": 987.641,
                                          "Actual Rows": 75173,
                                          "Actual Loops": 6,
                                          "Inner Unique": true,
                                          "Merge Cond": "(mi.info_type_id = it.id)",
                                          "Plans": [
                                            {
                                              "Node Type": "Sort",
                                              "Parent Relationship": "Outer",
                                              "Parallel Aware": false,
                                              "Startup Cost": 212824.42,
                                              "Total Cost": 213018.59,
                                              "Plan Rows": 77667,
                                              "Plan Width": 8,
                                              "Actual Startup Time": 956.325,
                                              "Actual Total Time": 964.153,
                                              "Actual Rows": 75184,
                                              "Actual Loops": 6,
                                              "Sort Key": [
                                                "mi.info_type_id"
                                              ],
                                              "Sort Method": "quicksort",
                                              "Sort Space Used": 6332,
                                              "Sort Space Type": "Memory",
                                              "Workers": [
                                                {
                                                  "Worker Number": 0,
                                                  "Sort Method": "quicksort",
                                                  "Sort Space Used": 7258,
                                                  "Sort Space Type": "Memory"
                                                },
                                                {
                                                  "Worker Number": 1,
                                                  "Sort Method": "quicksort",
                                                  "Sort Space Used": 6233,
                                                  "Sort Space Type": "Memory"
                                                },
                                                {
                                                  "Worker Number": 2,
                                                  "Sort Method": "quicksort",
                                                  "Sort Space Used": 6306,
                                                  "Sort Space Type": "Memory"
                                                },
                                                {
                                                  "Worker Number": 3,
                                                  "Sort Method": "quicksort",
                                                  "Sort Space Used": 7150,
                                                  "Sort Space Type": "Memory"
                                                },
                                                {
                                                  "Worker Number": 4,
                                                  "Sort Method": "quicksort",
                                                  "Sort Space Used": 6302,
                                                  "Sort Space Type": "Memory"
                                                }
                                              ],
                                              "Plans": [
                                                {
                                                  "Node Type": "Seq Scan",
                                                  "Parent Relationship": "Outer",
                                                  "Parallel Aware": true,
                                                  "Relation Name": "movie_info",
                                                  "Alias": "mi",
                                                  "Startup Cost": 0.0,
                                                  "Total Cost": 206515.92,
                                                  "Plan Rows": 77667,
                                                  "Plan Width": 8,
                                                  "Actual Startup Time": 113.829,
                                                  "Actual Total Time": 932.874,
                                                  "Actual Rows": 75184,
                                                  "Actual Loops": 6,
                                                  "Filter": "((info IS NOT NULL) AND ((info ~~ 'Japan:%200%'::text) OR (info ~~ 'USA:%200%'::text)))",
                                                  "Rows Removed by Filter": 2397436
                                                }
                                              ]
                                            },
                                            {
                                              "Node Type": "Sort",
                                              "Parent Relationship": "Inner",
                                              "Parallel Aware": false,
                                              "Startup Cost": 2.42,
                                              "Total Cost": 2.43,
                                              "Plan Rows": 1,
                                              "Plan Width": 4,
                                              "Actual Startup Time": 0.145,
                                              "Actual Total Time": 0.147,
                                              "Actual Rows": 1,
                                              "Actual Loops": 6,
                                              "Sort Key": [
                                                "it.id"
                                              ],
                                              "Sort Method": "quicksort",
                                              "Sort Space Used": 25,
                                              "Sort Space Type": "Memory",
                                              "Workers": [
                                                {
                                                  "Worker Number": 0,
                                                  "Sort Method": "quicksort",
                                                  "Sort Space Used": 25,
                                                  "Sort Space Type": "Memory"
                                                },
                                                {
                                                  "Worker Number": 1,
                                                  "Sort Method": "quicksort",
                                                  "Sort Space Used": 25,
                                                  "Sort Space Type": "Memory"
                                                },
                                                {
                                                  "Worker Number": 2,
                                                  "Sort Method": "quicksort",
                                                  "Sort Space Used": 25,
                                                  "Sort Space Type": "Memory"
                                                },
                                                {
                                                  "Worker Number": 3,
                                                  "Sort Method": "quicksort",
                                                  "Sort Space Used": 25,
                                                  "Sort Space Type": "Memory"
                                                },
                                                {
                                                  "Worker Number": 4,
                                                  "Sort Method": "quicksort",
                                                  "Sort Space Used": 25,
                                                  "Sort Space Type": "Memory"
                                                }
                                              ],
                                              "Plans": [
                                                {
                                                  "Node Type": "Seq Scan",
                                                  "Parent Relationship": "Outer",
                                                  "Parallel Aware": false,
                                                  "Relation Name": "info_type",
                                                  "Alias": "it",
                                                  "Startup Cost": 0.0,
                                                  "Total Cost": 2.41,
                                                  "Plan Rows": 1,
                                                  "Plan Width": 4,
                                                  "Actual Startup Time": 0.104,
                                                  "Actual Total Time": 0.112,
                                                  "Actual Rows": 1,
                                                  "Actual Loops": 6,
                                                  "Filter": "((info)::text = 'release dates'::text)",
                                                  "Rows Removed by Filter": 112
                                                }
                                              ]
                                            }
                                          ]
                                        }
                                      ]
                                    }
                                  ]
                                }
                              ]
                            },
                            {
                              "Node Type": "Sort",
                              "Parent Relationship": "Inner",
                              "Parallel Aware": false,
                              "Startup Cost": 234028.08,
                              "Total Cost": 234028.08,
                              "Plan Rows": 1,
                              "Plan Width": 25,
                              "Actual Startup Time": 1143.497,
                              "Actual Total Time": 1143.603,
                              "Actual Rows": 1,
                              "Actual Loops": 1,
                              "Sort Key": [
                                "mk.movie_id"
                              ],
                              "Sort Method": "quicksort",
                              "Sort Space Used": 25,
                              "Sort Space Type": "Memory",
                              "Plans": [
                                {
                                  "Node Type": "Gather",
                                  "Parent Relationship": "Outer",
                                  "Parallel Aware": false,
                                  "Startup Cost": 234027.93,
                                  "Total Cost": 234028.07,
                                  "Plan Rows": 1,
                                  "Plan Width": 25,
                                  "Actual Startup Time": 1143.35,
                                  "Actual Total Time": 1143.569,
                                  "Actual Rows": 1,
                                  "Actual Loops": 1,
                                  "Workers Planned": 3,
                                  "Workers Launched": 3,
                                  "Single Copy": false,
                                  "Plans": [
                                    {
                                      "Node Type": "Merge Join",
                                      "Parent Relationship": "Outer",
                                      "Parallel Aware": false,
                                      "Join Type": "Inner",
                                      "Startup Cost": 233027.93,
                                      "Total Cost": 233027.97,
                                      "Plan Rows": 1,
                                      "Plan Width": 25,
                                      "Actual Startup Time": 1119.389,
                                      "Actual Total Time": 1119.4,
                                      "Actual Rows": 0,
                                      "Actual Loops": 4,
                                      "Inner Unique": true,
                                      "Merge Cond": "(mk.keyword_id = k.id)",
                                      "Plans": [
                                        {
                                          "Node Type": "Sort",
                                          "Parent Relationship": "Outer",
                                          "Parallel Aware": false,
                                          "Startup Cost": 230401.79,
                                          "Total Cost": 230401.8,
                                          "Plan Rows": 4,
                                          "Plan Width": 29,
                                          "Actual Startup Time": 1109.059,
                                          "Actual Total Time": 1109.073,
                                          "Actual Rows": 20,
                                          "Actual Loops": 4,
                                          "Sort Key": [
                                            "mk.keyword_id"
                                          ],
                                          "Sort Method": "quicksort",
                                          "Sort Space Used": 25,
                                          "Sort Space Type": "Memory",
                                          "Workers": [
                                            {
                                              "Worker Number": 0,
                                              "Sort Method": "quicksort",
                                              "Sort Space Used": 27,
                                              "Sort Space Type": "Memory"
                                            },
                                            {
                                              "Worker Number": 1,
                                              "Sort Method": "quicksort",
                                              "Sort Space Used": 33,
                                              "Sort Space Type": "Memory"
                                            },
                                            {
                                              "Worker Number": 2,
                                              "Sort Method": "quicksort",
                                              "Sort Space Used": 25,
                                              "Sort Space Type": "Memory"
                                            }
                                          ],
                                          "Plans": [
                                            {
                                              "Node Type": "Merge Join",
                                              "Parent Relationship": "Outer",
                                              "Parallel Aware": false,
                                              "Join Type": "Inner",
                                              "Startup Cost": 80242.94,
                                              "Total Cost": 230401.75,
                                              "Plan Rows": 4,
                                              "Plan Width": 29,
                                              "Actual Startup Time": 1108.874,
                                              "Actual Total Time": 1108.905,
                                              "Actual Rows": 34,
                                              "Actual Loops": 4,
                                              "Inner Unique": true,
                                              "Merge Cond": "(mk.movie_id = t.id)",
                                              "Plans": [
                                                {
                                                  "Node Type": "Index Scan",
                                                  "Parent Relationship": "Outer",
                                                  "Parallel Aware": true,
                                                  "Scan Direction": "Forward",
                                                  "Index Name": "movie_id_movie_keyword",
                                                  "Relation Name": "movie_keyword",
                                                  "Alias": "mk",
                                                  "Startup Cost": 0.43,
                                                  "Total Cost": 146510.84,
                                                  "Plan Rows": 1459332,
                                                  "Plan Width": 8,
                                                  "Actual Startup Time": 0.181,
                                                  "Actual Total Time": 301.095,
                                                  "Actual Rows": 845913,
                                                  "Actual Loops": 4
                                                },
                                                {
                                                  "Node Type": "Sort",
                                                  "Parent Relationship": "Inner",
                                                  "Parallel Aware": false,
                                                  "Startup Cost": 80242.51,
                                                  "Total Cost": 80242.53,
                                                  "Plan Rows": 7,
                                                  "Plan Width": 21,
                                                  "Actual Startup Time": 735.868,
                                                  "Actual Total Time": 735.875,
                                                  "Actual Rows": 3,
                                                  "Actual Loops": 4,
                                                  "Sort Key": [
                                                    "t.id"
                                                  ],
                                                  "Sort Method": "quicksort",
                                                  "Sort Space Used": 25,
                                                  "Sort Space Type": "Memory",
                                                  "Workers": [
                                                    {
                                                      "Worker Number": 0,
                                                      "Sort Method": "quicksort",
                                                      "Sort Space Used": 25,
                                                      "Sort Space Type": "Memory"
                                                    },
                                                    {
                                                      "Worker Number": 1,
                                                      "Sort Method": "quicksort",
                                                      "Sort Space Used": 25,
                                                      "Sort Space Type": "Memory"
                                                    },
                                                    {
                                                      "Worker Number": 2,
                                                      "Sort Method": "quicksort",
                                                      "Sort Space Used": 25,
                                                      "Sort Space Type": "Memory"
                                                    }
                                                  ],
                                                  "Plans": [
                                                    {
                                                      "Node Type": "Seq Scan",
                                                      "Parent Relationship": "Outer",
                                                      "Parallel Aware": false,
                                                      "Relation Name": "title",
                                                      "Alias": "t",
                                                      "Startup Cost": 0.0,
                                                      "Total Cost": 80242.41,
                                                      "Plan Rows": 7,
                                                      "Plan Width": 21,
                                                      "Actual Startup Time": 41.503,
                                                      "Actual Total Time": 735.805,
                                                      "Actual Rows": 3,
                                                      "Actual Loops": 4,
                                                      "Filter": "((production_year >= 2000) AND (production_year <= 2010) AND (title = 'Shrek 2'::text))",
                                                      "Rows Removed by Filter": 2528309
                                                    }
                                                  ]
                                                }
                                              ]
                                            }
                                          ]
                                        },
                                        {
                                          "Node Type": "Sort",
                                          "Parent Relationship": "Inner",
                                          "Parallel Aware": false,
                                          "Startup Cost": 2626.14,
                                          "Total Cost": 2626.14,
                                          "Plan Rows": 1,
                                          "Plan Width": 4,
                                          "Actual Startup Time": 20.628,
                                          "Actual Total Time": 20.628,
                                          "Actual Rows": 1,
                                          "Actual Loops": 2,
                                          "Sort Key": [
                                            "k.id"
                                          ],
                                          "Workers": [
                                            {
                                              "Worker Number": 0,
                                              "Sort Method": "quicksort",
                                              "Sort Space Used": 25,
                                              "Sort Space Type": "Memory"
                                            },
                                            {
                                              "Worker Number": 1,
                                              "Sort Method": "quicksort",
                                              "Sort Space Used": 25,
                                              "Sort Space Type": "Memory"
                                            }
                                          ],
                                          "Plans": [
                                            {
                                              "Node Type": "Seq Scan",
                                              "Parent Relationship": "Outer",
                                              "Parallel Aware": false,
                                              "Relation Name": "keyword",
                                              "Alias": "k",
                                              "Startup Cost": 0.0,
                                              "Total Cost": 2626.12,
                                              "Plan Rows": 1,
                                              "Plan Width": 4,
                                              "Actual Startup Time": 0.161,
                                              "Actual Total Time": 20.542,
                                              "Actual Rows": 1,
                                              "Actual Loops": 2,
                                              "Filter": "(keyword = 'computer-animation'::text)",
                                              "Rows Removed by Filter": 134169
                                            }
                                          ]
                                        }
                                      ]
                                    }
                                  ]
                                }
                              ]
                            }
                          ]
                        }
                      ]
                    }
                  ]
                },
                {
                  "Node Type": "Index Only Scan",
                  "Parent Relationship": "Inner",
                  "Parallel Aware": false,
                  "Scan Direction": "Forward",
                  "Index Name": "person_id_aka_name",
                  "Relation Name": "aka_name",
                  "Alias": "an",
                  "Startup Cost": 0.42,
                  "Total Cost": 72006.77,
                  "Plan Rows": 901343,
                  "Plan Width": 4,
                  "Actual Startup Time": 0.099,
                  "Actual Total Time": 213.092,
                  "Actual Rows": 391878,
                  "Actual Loops": 1,
                  "Heap Fetches": 391878
                }
              ]
            },
            {
              "Node Type": "Sort",
              "Parent Relationship": "Inner",
              "Parallel Aware": false,
              "Startup Cost": 80773.37,
              "Total Cost": 80893.38,
              "Plan Rows": 48002,
              "Plan Width": 19,
              "Actual Startup Time": 405.858,
              "Actual Total Time": 416.805,
              "Actual Rows": 4355,
              "Actual Loops": 1,
              "Sort Key": [
                "n.id"
              ],
              "Sort Method": "quicksort",
              "Sort Space Used": 5246,
              "Sort Space Type": "Memory",
              "Plans": [
                {
                  "Node Type": "Gather",
                  "Parent Relationship": "Outer",
                  "Parallel Aware": false,
                  "Startup Cost": 1000.0,
                  "Total Cost": 77041.02,
                  "Plan Rows": 48002,
                  "Plan Width": 19,
                  "Actual Startup Time": 174.293,
                  "Actual Total Time": 398.707,
                  "Actual Rows": 50011,
                  "Actual Loops": 1,
                  "Workers Planned": 4,
                  "Workers Launched": 4,
                  "Single Copy": false,
                  "Plans": [
                    {
                      "Node Type": "Seq Scan",
                      "Parent Relationship": "Outer",
                      "Parallel Aware": true,
                      "Relation Name": "name",
                      "Alias": "n",
                      "Startup Cost": 0.0,
                      "Total Cost": 71240.82,
                      "Plan Rows": 12000,
                      "Plan Width": 19,
                      "Actual Startup Time": 162.763,
                      "Actual Total Time": 380.176,
                      "Actual Rows": 10002,
                      "Actual Loops": 5,
                      "Filter": "((name ~~ '%An%'::text) AND ((gender)::text = 'f'::text))",
                      "Rows Removed by Filter": 823496
                    }
                  ]
                }
              ]
            }
          ]
        }
      ]
    },
    "Planning Time": 4863.607,
    "Triggers": [],
    "Execution Time": 6926.189
  }
]