[
  {
    "Plan": {
      "Node Type": "Aggregate",
      "Strategy": "Plain",
      "Partial Mode": "Finalize",
      "Parallel Aware": false,
      "Startup Cost": 46560.2,
      "Total Cost": 46560.21,
      "Plan Rows": 1,
      "Plan Width": 8,
      "Actual Startup Time": 143.455,
      "Actual Total Time": 150.302,
      "Actual Rows": 1,
      "Actual Loops": 1,
      "Plans": [
        {
          "Node Type": "Gather",
          "Parent Relationship": "Outer",
          "Parallel Aware": false,
          "Startup Cost": 46559.89,
          "Total Cost": 46560.2,
          "Plan Rows": 3,
          "Plan Width": 8,
          "Actual Startup Time": 143.323,
          "Actual Total Time": 150.296,
          "Actual Rows": 4,
          "Actual Loops": 1,
          "Workers Planned": 3,
          "Workers Launched": 3,
          "Single Copy": false,
          "Plans": [
            {
              "Node Type": "Aggregate",
              "Strategy": "Plain",
              "Partial Mode": "Partial",
              "Parent Relationship": "Outer",
              "Parallel Aware": false,
              "Startup Cost": 45559.89,
              "Total Cost": 45559.9,
              "Plan Rows": 1,
              "Plan Width": 8,
              "Actual Startup Time": 140.078,
              "Actual Total Time": 140.079,
              "Actual Rows": 1,
              "Actual Loops": 4,
              "Plans": [
                {
                  "Node Type": "Seq Scan",
                  "Parent Relationship": "Outer",
                  "Parallel Aware": true,
                  "Relation Name": "movie_keyword",
                  "Alias": "mk",
                  "Startup Cost": 0.0,
                  "Total Cost": 42695.65,
                  "Plan Rows": 1145693,
                  "Plan Width": 0,
                  "Actual Startup Time": 0.05,
                  "Actual Total Time": 104.408,
                  "Actual Rows": 885983,
                  "Actual Loops": 4,
                  "Filter": "(keyword_id > 917)",
                  "Rows Removed by Filter": 245000
                }
              ]
            }
          ]
        }
      ]
    },
    "Planning Time": 0.09,
    "Triggers": [],
    "Execution Time": 150.329
  }
]