[
  {
    "Plan": {
      "Node Type": "Aggregate",
      "Strategy": "Plain",
      "Partial Mode": "Finalize",
      "Parallel Aware": false,
      "Startup Cost": 31483.71,
      "Total Cost": 31483.72,
      "Plan Rows": 1,
      "Plan Width": 8,
      "Actual Startup Time": 100.095,
      "Actual Total Time": 106.273,
      "Actual Rows": 1,
      "Actual Loops": 1,
      "Plans": [
        {
          "Node Type": "Gather",
          "Parent Relationship": "Outer",
          "Parallel Aware": false,
          "Startup Cost": 31483.39,
          "Total Cost": 31483.7,
          "Plan Rows": 3,
          "Plan Width": 8,
          "Actual Startup Time": 99.971,
          "Actual Total Time": 106.263,
          "Actual Rows": 4,
          "Actual Loops": 1,
          "Workers Planned": 3,
          "Workers Launched": 3,
          "Single Copy": false,
          "Plans": [
            {
              "Node Type": "Aggregate",
              "Strategy": "Plain",
              "Partial Mode": "Partial",
              "Parent Relationship": "Outer",
              "Parallel Aware": false,
              "Startup Cost": 30483.39,
              "Total Cost": 30483.4,
              "Plan Rows": 1,
              "Plan Width": 8,
              "Actual Startup Time": 93.165,
              "Actual Total Time": 93.166,
              "Actual Rows": 1,
              "Actual Loops": 4,
              "Plans": [
                {
                  "Node Type": "Seq Scan",
                  "Parent Relationship": "Outer",
                  "Parallel Aware": true,
                  "Relation Name": "movie_companies",
                  "Alias": "mc",
                  "Startup Cost": 0.0,
                  "Total Cost": 29310.68,
                  "Plan Rows": 469085,
                  "Plan Width": 0,
                  "Actual Startup Time": 0.039,
                  "Actual Total Time": 74.194,
                  "Actual Rows": 362777,
                  "Actual Loops": 4,
                  "Filter": "(company_id < 13015)",
                  "Rows Removed by Filter": 289505
                }
              ]
            }
          ]
        }
      ]
    },
    "Planning Time": 0.191,
    "Triggers": [],
    "Execution Time": 106.328
  }
]