[
  {
    "Plan": {
      "Node Type": "Aggregate",
      "Strategy": "Plain",
      "Partial Mode": "Finalize",
      "Parallel Aware": false,
      "Startup Cost": 46104.57,
      "Total Cost": 46104.58,
      "Plan Rows": 1,
      "Plan Width": 8,
      "Actual Startup Time": 185.318,
      "Actual Total Time": 195.908,
      "Actual Rows": 1,
      "Actual Loops": 1,
      "Plans": [
        {
          "Node Type": "Gather",
          "Parent Relationship": "Outer",
          "Parallel Aware": false,
          "Startup Cost": 46104.26,
          "Total Cost": 46104.57,
          "Plan Rows": 3,
          "Plan Width": 8,
          "Actual Startup Time": 185.205,
          "Actual Total Time": 195.896,
          "Actual Rows": 4,
          "Actual Loops": 1,
          "Workers Planned": 3,
          "Workers Launched": 3,
          "Single Copy": false,
          "Plans": [
            {
              "Node Type": "Aggregate",
              "Strategy": "Plain",
              "Partial Mode": "Partial",
              "Parent Relationship": "Outer",
              "Parallel Aware": false,
              "Startup Cost": 45104.26,
              "Total Cost": 45104.27,
              "Plan Rows": 1,
              "Plan Width": 8,
              "Actual Startup Time": 178.032,
              "Actual Total Time": 178.033,
              "Actual Rows": 1,
              "Actual Loops": 4,
              "Plans": [
                {
                  "Node Type": "Seq Scan",
                  "Parent Relationship": "Outer",
                  "Parallel Aware": true,
                  "Relation Name": "movie_keyword",
                  "Alias": "mk",
                  "Startup Cost": 0.0,
                  "Total Cost": 42695.65,
                  "Plan Rows": 963441,
                  "Plan Width": 0,
                  "Actual Startup Time": 0.066,
                  "Actual Total Time": 138.873,
                  "Actual Rows": 745782,
                  "Actual Loops": 4,
                  "Filter": "(keyword_id < 10288)",
                  "Rows Removed by Filter": 385200
                }
              ]
            }
          ]
        }
      ]
    },
    "Planning Time": 0.184,
    "Triggers": [],
    "Execution Time": 195.964
  }
]