[
  {
    "Plan": {
      "Node Type": "Aggregate",
      "Strategy": "Plain",
      "Partial Mode": "Finalize",
      "Parallel Aware": false,
      "Startup Cost": 53002.03,
      "Total Cost": 53002.04,
      "Plan Rows": 1,
      "Plan Width": 8,
      "Actual Startup Time": 102.722,
      "Actual Total Time": 117.093,
      "Actual Rows": 1,
      "Actual Loops": 1,
      "Plans": [
        {
          "Node Type": "Gather",
          "Parent Relationship": "Outer",
          "Parallel Aware": false,
          "Startup Cost": 53001.61,
          "Total Cost": 53002.02,
          "Plan Rows": 4,
          "Plan Width": 8,
          "Actual Startup Time": 102.564,
          "Actual Total Time": 117.083,
          "Actual Rows": 5,
          "Actual Loops": 1,
          "Workers Planned": 4,
          "Workers Launched": 4,
          "Single Copy": false,
          "Plans": [
            {
              "Node Type": "Aggregate",
              "Strategy": "Plain",
              "Partial Mode": "Partial",
              "Parent Relationship": "Outer",
              "Parallel Aware": false,
              "Startup Cost": 52001.61,
              "Total Cost": 52001.62,
              "Plan Rows": 1,
              "Plan Width": 8,
              "Actual Startup Time": 92.458,
              "Actual Total Time": 92.46,
              "Actual Rows": 1,
              "Actual Loops": 5,
              "Plans": [
                {
                  "Node Type": "Nested Loop",
                  "Parent Relationship": "Outer",
                  "Parallel Aware": false,
                  "Join Type": "Inner",
                  "Startup Cost": 0.43,
                  "Total Cost": 52001.18,
                  "Plan Rows": 175,
                  "Plan Width": 0,
                  "Actual Startup Time": 9.375,
                  "Actual Total Time": 92.413,
                  "Actual Rows": 314,
                  "Actual Loops": 5,
                  "Inner Unique": false,
                  "Plans": [
                    {
                      "Node Type": "Seq Scan",
                      "Parent Relationship": "Outer",
                      "Parallel Aware": true,
                      "Relation Name": "title",
                      "Alias": "t",
                      "Startup Cost": 0.0,
                      "Total Cost": 45479.59,
                      "Plan Rows": 962,
                      "Plan Width": 4,
                      "Actual Startup Time": 2.745,
                      "Actual Total Time": 84.685,
                      "Actual Rows": 878,
                      "Actual Loops": 5,
                      "Filter": "((kind_id < 7) AND (production_year = 1962))",
                      "Rows Removed by Filter": 504784
                    },
                    {
                      "Node Type": "Index Scan",
                      "Parent Relationship": "Inner",
                      "Parallel Aware": false,
                      "Scan Direction": "Forward",
                      "Index Name": "movie_id_movie_info_idx",
                      "Relation Name": "movie_info_idx",
                      "Alias": "mi_idx",
                      "Startup Cost": 0.43,
                      "Total Cost": 6.77,
                      "Plan Rows": 1,
                      "Plan Width": 4,
                      "Actual Startup Time": 0.008,
                      "Actual Total Time": 0.008,
                      "Actual Rows": 0,
                      "Actual Loops": 4390,
                      "Index Cond": "(movie_id = t.id)",
                      "Rows Removed by Index Recheck": 0,
                      "Filter": "(info_type_id = 100)",
                      "Rows Removed by Filter": 1
                    }
                  ]
                }
              ]
            }
          ]
        }
      ]
    },
    "Planning Time": 0.519,
    "Triggers": [],
    "Execution Time": 117.158
  }
]