[
  {
    "Plan": {
      "Node Type": "Aggregate",
      "Strategy": "Plain",
      "Partial Mode": "Finalize",
      "Parallel Aware": false,
      "Startup Cost": 322475.8,
      "Total Cost": 322475.81,
      "Plan Rows": 1,
      "Plan Width": 8,
      "Actual Startup Time": 401.202,
      "Actual Total Time": 460.977,
      "Actual Rows": 1,
      "Actual Loops": 1,
      "Plans": [
        {
          "Node Type": "Gather",
          "Parent Relationship": "Outer",
          "Parallel Aware": false,
          "Startup Cost": 322475.38,
          "Total Cost": 322475.79,
          "Plan Rows": 4,
          "Plan Width": 8,
          "Actual Startup Time": 401.007,
          "Actual Total Time": 460.964,
          "Actual Rows": 5,
          "Actual Loops": 1,
          "Workers Planned": 4,
          "Workers Launched": 4,
          "Single Copy": false,
          "Plans": [
            {
              "Node Type": "Aggregate",
              "Strategy": "Plain",
              "Partial Mode": "Partial",
              "Parent Relationship": "Outer",
              "Parallel Aware": false,
              "Startup Cost": 321475.38,
              "Total Cost": 321475.39,
              "Plan Rows": 1,
              "Plan Width": 8,
              "Actual Startup Time": 393.182,
              "Actual Total Time": 393.184,
              "Actual Rows": 1,
              "Actual Loops": 5,
              "Plans": [
                {
                  "Node Type": "Nested Loop",
                  "Parent Relationship": "Outer",
                  "Parallel Aware": false,
                  "Join Type": "Inner",
                  "Startup Cost": 0.56,
                  "Total Cost": 321306.96,
                  "Plan Rows": 67369,
                  "Plan Width": 0,
                  "Actual Startup Time": 0.387,
                  "Actual Total Time": 385.798,
                  "Actual Rows": 58841,
                  "Actual Loops": 5,
                  "Inner Unique": false,
                  "Plans": [
                    {
                      "Node Type": "Seq Scan",
                      "Parent Relationship": "Outer",
                      "Parallel Aware": true,
                      "Relation Name": "title",
                      "Alias": "t",
                      "Startup Cost": 0.0,
                      "Total Cost": 43899.32,
                      "Plan Rows": 4699,
                      "Plan Width": 4,
                      "Actual Startup Time": 0.099,
                      "Actual Total Time": 85.488,
                      "Actual Rows": 3678,
                      "Actual Loops": 5,
                      "Filter": "(production_year = 1985)",
                      "Rows Removed by Filter": 501984
                    },
                    {
                      "Node Type": "Index Only Scan",
                      "Parent Relationship": "Inner",
                      "Parallel Aware": false,
                      "Scan Direction": "Forward",
                      "Index Name": "movie_id_cast_info",
                      "Relation Name": "cast_info",
                      "Alias": "ci",
                      "Startup Cost": 0.56,
                      "Total Cost": 58.69,
                      "Plan Rows": 35,
                      "Plan Width": 4,
                      "Actual Startup Time": 0.026,
                      "Actual Total Time": 0.078,
                      "Actual Rows": 16,
                      "Actual Loops": 18391,
                      "Index Cond": "(movie_id = t.id)",
                      "Rows Removed by Index Recheck": 0,
                      "Heap Fetches": 294207
                    }
                  ]
                }
              ]
            }
          ]
        }
      ]
    },
    "Planning Time": 0.394,
    "Triggers": [],
    "Execution Time": 461.057
  }
]