{
  "Plan": {
    "Node Type": "Aggregate",
    "Strategy": "Plain",
    "Partial Mode": "Finalize",
    "Parallel Aware": false,
    "Startup Cost": 144871.86,
    "Total Cost": 144871.87,
    "Plan Rows": 1,
    "Plan Width": 8,
    "Actual Startup Time": 440.407,
    "Actual Total Time": 462.841,
    "Actual Rows": 1,
    "Actual Loops": 1,
    "Plans": [
      {
        "Node Type": "Gather",
        "Parent Relationship": "Outer",
        "Parallel Aware": false,
        "Startup Cost": 144871.75,
        "Total Cost": 144871.86,
        "Plan Rows": 1,
        "Plan Width": 8,
        "Actual Startup Time": 439.953,
        "Actual Total Time": 462.833,
        "Actual Rows": 2,
        "Actual Loops": 1,
        "Workers Planned": 1,
        "Workers Launched": 1,
        "Single Copy": false,
        "Plans": [
          {
            "Node Type": "Aggregate",
            "Strategy": "Plain",
            "Partial Mode": "Partial",
            "Parent Relationship": "Outer",
            "Parallel Aware": false,
            "Startup Cost": 143871.75,
            "Total Cost": 143871.76,
            "Plan Rows": 1,
            "Plan Width": 8,
            "Actual Startup Time": 436.102,
            "Actual Total Time": 436.107,
            "Actual Rows": 1,
            "Actual Loops": 2,
            "Plans": [
              {
                "Node Type": "Nested Loop",
                "Parent Relationship": "Outer",
                "Parallel Aware": false,
                "Join Type": "Inner",
                "Startup Cost": 58540.45,
                "Total Cost": 143710.04,
                "Plan Rows": 64685,
                "Plan Width": 0,
                "Actual Startup Time": 157.574,
                "Actual Total Time": 435.113,
                "Actual Rows": 15890,
                "Actual Loops": 2,
                "Inner Unique": false,
                "Join Filter": "(t.id = mi.movie_id)",
                "Rows Removed by Join Filter": 0,
                "Plans": [
                  {
                    "Node Type": "Hash Join",
                    "Parent Relationship": "Outer",
                    "Parallel Aware": true,
                    "Join Type": "Inner",
                    "Startup Cost": 58540.02,
                    "Total Cost": 118569.7,
                    "Plan Rows": 11062,
                    "Plan Width": 8,
                    "Actual Startup Time": 157.485,
                    "Actual Total Time": 417.341,
                    "Actual Rows": 1771,
                    "Actual Loops": 2,
                    "Inner Unique": true,
                    "Hash Cond": "(mk.movie_id = t.id)",
                    "Plans": [
                      {
                        "Node Type": "Seq Scan",
                        "Parent Relationship": "Outer",
                        "Parallel Aware": true,
                        "Relation Name": "movie_keyword",
                        "Alias": "mk",
                        "Startup Cost": 0.0,
                        "Total Cost": 57718.19,
                        "Plan Rows": 880568,
                        "Plan Width": 4,
                        "Actual Startup Time": 0.017,
                        "Actual Total Time": 194.82,
                        "Actual Rows": 754470,
                        "Actual Loops": 2,
                        "Filter": "(keyword_id < 2185)",
                        "Rows Removed by Filter": 1507494
                      },
                      {
                        "Node Type": "Hash",
                        "Parent Relationship": "Inner",
                        "Parallel Aware": true,
                        "Startup Cost": 58306.47,
                        "Total Cost": 58306.47,
                        "Plan Rows": 18684,
                        "Plan Width": 4,
                        "Actual Startup Time": 156.183,
                        "Actual Total Time": 156.184,
                        "Actual Rows": 19849,
                        "Actual Loops": 2,
                        "Hash Buckets": 65536,
                        "Original Hash Buckets": 32768,
                        "Hash Batches": 1,
                        "Original Hash Batches": 1,
                        "Peak Memory Usage": 2368,
                        "Plans": [
                          {
                            "Node Type": "Seq Scan",
                            "Parent Relationship": "Outer",
                            "Parallel Aware": true,
                            "Relation Name": "title",
                            "Alias": "t",
                            "Startup Cost": 0.0,
                            "Total Cost": 58306.47,
                            "Plan Rows": 18684,
                            "Plan Width": 4,
                            "Actual Startup Time": 0.035,
                            "Actual Total Time": 147.958,
                            "Actual Rows": 19849,
                            "Actual Loops": 2,
                            "Filter": "((kind_id = 7) AND (production_year = 2001))",
                            "Rows Removed by Filter": 1244307
                          }
                        ]
                      }
                    ]
                  },
                  {
                    "Node Type": "Index Only Scan",
                    "Parent Relationship": "Inner",
                    "Parallel Aware": false,
                    "Scan Direction": "Forward",
                    "Index Name": "movie_id_movie_info",
                    "Relation Name": "movie_info",
                    "Alias": "mi",
                    "Startup Cost": 0.43,
                    "Total Cost": 1.75,
                    "Plan Rows": 42,
                    "Plan Width": 4,
                    "Actual Startup Time": 0.004,
                    "Actual Total Time": 0.009,
                    "Actual Rows": 9,
                    "Actual Loops": 3542,
                    "Index Cond": "(movie_id = mk.movie_id)",
                    "Rows Removed by Index Recheck": 0,
                    "Heap Fetches": 31779
                  }
                ]
              }
            ]
          }
        ]
      }
    ]
  },
  "Planning Time": 0.606,
  "Triggers": [],
  "Execution Time": 462.909
}