[
  {
    "Plan": {
      "Node Type": "Aggregate",
      "Strategy": "Plain",
      "Partial Mode": "Finalize",
      "Parallel Aware": false,
      "Startup Cost": 47212.8,
      "Total Cost": 47212.81,
      "Plan Rows": 1,
      "Plan Width": 8,
      "Actual Startup Time": 112.137,
      "Actual Total Time": 124.599,
      "Actual Rows": 1,
      "Actual Loops": 1,
      "Plans": [
        {
          "Node Type": "Gather",
          "Parent Relationship": "Outer",
          "Parallel Aware": false,
          "Startup Cost": 47212.38,
          "Total Cost": 47212.79,
          "Plan Rows": 4,
          "Plan Width": 8,
          "Actual Startup Time": 111.923,
          "Actual Total Time": 124.588,
          "Actual Rows": 5,
          "Actual Loops": 1,
          "Workers Planned": 4,
          "Workers Launched": 4,
          "Single Copy": false,
          "Plans": [
            {
              "Node Type": "Aggregate",
              "Strategy": "Plain",
              "Partial Mode": "Partial",
              "Parent Relationship": "Outer",
              "Parallel Aware": false,
              "Startup Cost": 46212.38,
              "Total Cost": 46212.39,
              "Plan Rows": 1,
              "Plan Width": 8,
              "Actual Startup Time": 103.933,
              "Actual Total Time": 103.935,
              "Actual Rows": 1,
              "Actual Loops": 5,
              "Plans": [
                {
                  "Node Type": "Seq Scan",
                  "Parent Relationship": "Outer",
                  "Parallel Aware": true,
                  "Relation Name": "title",
                  "Alias": "t",
                  "Startup Cost": 0.0,
                  "Total Cost": 45479.59,
                  "Plan Rows": 293116,
                  "Plan Width": 0,
                  "Actual Startup Time": 0.04,
                  "Actual Total Time": 91.236,
                  "Actual Rows": 253466,
                  "Actual Loops": 5,
                  "Filter": "((kind_id > 1) AND (production_year > 1996))",
                  "Rows Removed by Filter": 252196
                }
              ]
            }
          ]
        }
      ]
    },
    "Planning Time": 0.082,
    "Triggers": [],
    "Execution Time": 124.631
  }
]