{
  "Plan": {
    "Node Type": "Aggregate",
    "Strategy": "Plain",
    "Partial Mode": "Finalize",
    "Parallel Aware": false,
    "Startup Cost": 335209.67,
    "Total Cost": 335209.68,
    "Plan Rows": 1,
    "Plan Width": 8,
    "Actual Startup Time": 2070.886,
    "Actual Total Time": 2115.555,
    "Actual Rows": 1,
    "Actual Loops": 1,
    "Plans": [
      {
        "Node Type": "Gather",
        "Parent Relationship": "Outer",
        "Parallel Aware": false,
        "Startup Cost": 335209.56,
        "Total Cost": 335209.67,
        "Plan Rows": 1,
        "Plan Width": 8,
        "Actual Startup Time": 2069.398,
        "Actual Total Time": 2115.545,
        "Actual Rows": 2,
        "Actual Loops": 1,
        "Workers Planned": 1,
        "Workers Launched": 1,
        "Single Copy": false,
        "Plans": [
          {
            "Node Type": "Aggregate",
            "Strategy": "Plain",
            "Partial Mode": "Partial",
            "Parent Relationship": "Outer",
            "Parallel Aware": false,
            "Startup Cost": 334209.56,
            "Total Cost": 334209.57,
            "Plan Rows": 1,
            "Plan Width": 8,
            "Actual Startup Time": 2063.29,
            "Actual Total Time": 2063.294,
            "Actual Rows": 1,
            "Actual Loops": 2,
            "Plans": [
              {
                "Node Type": "Hash Join",
                "Parent Relationship": "Outer",
                "Parallel Aware": true,
                "Join Type": "Inner",
                "Startup Cost": 57780.54,
                "Total Cost": 329564.03,
                "Plan Rows": 1858211,
                "Plan Width": 0,
                "Actual Startup Time": 185.565,
                "Actual Total Time": 1953.913,
                "Actual Rows": 2714902,
                "Actual Loops": 2,
                "Inner Unique": true,
                "Hash Cond": "(mi.movie_id = t.id)",
                "Plans": [
                  {
                    "Node Type": "Seq Scan",
                    "Parent Relationship": "Outer",
                    "Parallel Aware": true,
                    "Relation Name": "movie_info",
                    "Alias": "mi",
                    "Startup Cost": 0.0,
                    "Total Cost": 248955.74,
                    "Plan Rows": 8696274,
                    "Plan Width": 4,
                    "Actual Startup Time": 0.011,
                    "Actual Total Time": 628.478,
                    "Actual Rows": 7417860,
                    "Actual Loops": 2
                  },
                  {
                    "Node Type": "Hash",
                    "Parent Relationship": "Inner",
                    "Parallel Aware": true,
                    "Startup Cost": 53808.17,
                    "Total Cost": 53808.17,
                    "Plan Rows": 317790,
                    "Plan Width": 4,
                    "Actual Startup Time": 151.923,
                    "Actual Total Time": 151.924,
                    "Actual Rows": 208206,
                    "Actual Loops": 2,
                    "Hash Buckets": 1048576,
                    "Original Hash Buckets": 1048576,
                    "Hash Batches": 1,
                    "Original Hash Batches": 1,
                    "Peak Memory Usage": 24512,
                    "Plans": [
                      {
                        "Node Type": "Bitmap Heap Scan",
                        "Parent Relationship": "Outer",
                        "Parallel Aware": true,
                        "Relation Name": "title",
                        "Alias": "t",
                        "Startup Cost": 11957.91,
                        "Total Cost": 53808.17,
                        "Plan Rows": 317790,
                        "Plan Width": 4,
                        "Actual Startup Time": 32.454,
                        "Actual Total Time": 99.954,
                        "Actual Rows": 208206,
                        "Actual Loops": 2,
                        "Recheck Cond": "(kind_id = 1)",
                        "Rows Removed by Index Recheck": 0,
                        "Filter": "(production_year > 1972)",
                        "Rows Removed by Filter": 123206,
                        "Exact Heap Blocks": 8060,
                        "Lossy Heap Blocks": 0,
                        "Plans": [
                          {
                            "Node Type": "Bitmap Index Scan",
                            "Parent Relationship": "Outer",
                            "Parallel Aware": false,
                            "Index Name": "kind_id_title",
                            "Startup Cost": 0.0,
                            "Total Cost": 11822.85,
                            "Plan Rows": 663256,
                            "Plan Width": 0,
                            "Actual Startup Time": 30.481,
                            "Actual Total Time": 30.481,
                            "Actual Rows": 662825,
                            "Actual Loops": 1,
                            "Index Cond": "(kind_id = 1)"
                          }
                        ]
                      }
                    ]
                  }
                ]
              }
            ]
          }
        ]
      }
    ]
  },
  "Planning Time": 0.609,
  "Triggers": [],
  "Execution Time": 2115.655
}