[
    {
        "Bao": {
            "Bao prediction": "NaN",
            "Bao recommended hint": "(no hint)"
        }
    },
    {
        "Plan": {
            "Node Type": "Aggregate",
            "Strategy": "Plain",
            "Partial Mode": "Finalize",
            "Parallel Aware": false,
            "Startup Cost": 269729.87,
            "Total Cost": 269729.88,
            "Plan Rows": 1,
            "Plan Width": 8,
            "Actual Startup Time": 73.55,
            "Actual Total Time": 77.044,
            "Actual Rows": 1,
            "Actual Loops": 1,
            "Output": [
                "count(*)"
            ],
            "Plans": [
                {
                    "Node Type": "Gather",
                    "Parent Relationship": "Outer",
                    "Parallel Aware": false,
                    "Startup Cost": 269729.25,
                    "Total Cost": 269729.86,
                    "Plan Rows": 6,
                    "Plan Width": 8,
                    "Actual Startup Time": 73.276,
                    "Actual Total Time": 77.036,
                    "Actual Rows": 7,
                    "Actual Loops": 1,
                    "Output": [
                        "(PARTIAL count(*))"
                    ],
                    "Workers Planned": 6,
                    "Workers Launched": 6,
                    "Single Copy": false,
                    "Plans": [
                        {
                            "Node Type": "Aggregate",
                            "Strategy": "Plain",
                            "Partial Mode": "Partial",
                            "Parent Relationship": "Outer",
                            "Parallel Aware": false,
                            "Startup Cost": 268729.25,
                            "Total Cost": 268729.26,
                            "Plan Rows": 1,
                            "Plan Width": 8,
                            "Actual Startup Time": 63.073,
                            "Actual Total Time": 63.074,
                            "Actual Rows": 1,
                            "Actual Loops": 7,
                            "Output": [
                                "PARTIAL count(*)"
                            ],
                            "Workers": [
                                {
                                    "Worker Number": 0,
                                    "Actual Startup Time": 60.717,
                                    "Actual Total Time": 60.718,
                                    "Actual Rows": 1,
                                    "Actual Loops": 1
                                },
                                {
                                    "Worker Number": 1,
                                    "Actual Startup Time": 61.067,
                                    "Actual Total Time": 61.068,
                                    "Actual Rows": 1,
                                    "Actual Loops": 1
                                },
                                {
                                    "Worker Number": 2,
                                    "Actual Startup Time": 61.442,
                                    "Actual Total Time": 61.443,
                                    "Actual Rows": 1,
                                    "Actual Loops": 1
                                },
                                {
                                    "Worker Number": 3,
                                    "Actual Startup Time": 61.527,
                                    "Actual Total Time": 61.528,
                                    "Actual Rows": 1,
                                    "Actual Loops": 1
                                },
                                {
                                    "Worker Number": 4,
                                    "Actual Startup Time": 61.61,
                                    "Actual Total Time": 61.611,
                                    "Actual Rows": 1,
                                    "Actual Loops": 1
                                },
                                {
                                    "Worker Number": 5,
                                    "Actual Startup Time": 62.189,
                                    "Actual Total Time": 62.19,
                                    "Actual Rows": 1,
                                    "Actual Loops": 1
                                }
                            ],
                            "Plans": [
                                {
                                    "Node Type": "Bitmap Heap Scan",
                                    "Parent Relationship": "Outer",
                                    "Parallel Aware": true,
                                    "Relation Name": "cast_info",
                                    "Schema": "public",
                                    "Alias": "ci",
                                    "Startup Cost": 14410.62,
                                    "Total Cost": 268457.31,
                                    "Plan Rows": 108775,
                                    "Plan Width": 0,
                                    "Actual Startup Time": 16.334,
                                    "Actual Total Time": 55.522,
                                    "Actual Rows": 100316,
                                    "Actual Loops": 7,
                                    "Recheck Cond": "(ci.person_id > 3926201)",
                                    "Rows Removed by Index Recheck": 0,
                                    "Exact Heap Blocks": 3656,
                                    "Lossy Heap Blocks": 0,
                                    "Workers": [
                                        {
                                            "Worker Number": 0,
                                            "Actual Startup Time": 13.919,
                                            "Actual Total Time": 53.566,
                                            "Actual Rows": 76283,
                                            "Actual Loops": 1
                                        },
                                        {
                                            "Worker Number": 1,
                                            "Actual Startup Time": 14.524,
                                            "Actual Total Time": 53.712,
                                            "Actual Rows": 71010,
                                            "Actual Loops": 1
                                        },
                                        {
                                            "Worker Number": 2,
                                            "Actual Startup Time": 14.862,
                                            "Actual Total Time": 54.202,
                                            "Actual Rows": 75853,
                                            "Actual Loops": 1
                                        },
                                        {
                                            "Worker Number": 3,
                                            "Actual Startup Time": 14.897,
                                            "Actual Total Time": 54.382,
                                            "Actual Rows": 76293,
                                            "Actual Loops": 1
                                        },
                                        {
                                            "Worker Number": 4,
                                            "Actual Startup Time": 14.893,
                                            "Actual Total Time": 54.533,
                                            "Actual Rows": 77180,
                                            "Actual Loops": 1
                                        },
                                        {
                                            "Worker Number": 5,
                                            "Actual Startup Time": 15.376,
                                            "Actual Total Time": 55.15,
                                            "Actual Rows": 74865,
                                            "Actual Loops": 1
                                        }
                                    ],
                                    "Plans": [
                                        {
                                            "Node Type": "Bitmap Index Scan",
                                            "Parent Relationship": "Outer",
                                            "Parallel Aware": false,
                                            "Index Name": "person_id_cast_info",
                                            "Startup Cost": 0.0,
                                            "Total Cost": 14247.45,
                                            "Plan Rows": 652652,
                                            "Plan Width": 0,
                                            "Actual Startup Time": 24.449,
                                            "Actual Total Time": 24.449,
                                            "Actual Rows": 702209,
                                            "Actual Loops": 1,
                                            "Index Cond": "(ci.person_id > 3926201)"
                                        }
                                    ]
                                }
                            ]
                        }
                    ]
                }
            ]
        },
        "Planning Time": 189.897,
        "Triggers": [],
        "Execution Time": 77.094
    }
]