{
  "Plan": {
    "Node Type": "Aggregate",
    "Strategy": "Plain",
    "Partial Mode": "Finalize",
    "Parallel Aware": false,
    "Startup Cost": 746530.82,
    "Total Cost": 746530.83,
    "Plan Rows": 1,
    "Plan Width": 8,
    "Actual Startup Time": 6423.946,
    "Actual Total Time": 6500.963,
    "Actual Rows": 1,
    "Actual Loops": 1,
    "Plans": [
      {
        "Node Type": "Gather",
        "Parent Relationship": "Outer",
        "Parallel Aware": false,
        "Startup Cost": 746530.71,
        "Total Cost": 746530.82,
        "Plan Rows": 1,
        "Plan Width": 8,
        "Actual Startup Time": 6421.923,
        "Actual Total Time": 6500.954,
        "Actual Rows": 2,
        "Actual Loops": 1,
        "Workers Planned": 1,
        "Workers Launched": 1,
        "Single Copy": false,
        "Plans": [
          {
            "Node Type": "Aggregate",
            "Strategy": "Plain",
            "Partial Mode": "Partial",
            "Parent Relationship": "Outer",
            "Parallel Aware": false,
            "Startup Cost": 745530.71,
            "Total Cost": 745530.72,
            "Plan Rows": 1,
            "Plan Width": 8,
            "Actual Startup Time": 6416.249,
            "Actual Total Time": 6416.254,
            "Actual Rows": 1,
            "Actual Loops": 2,
            "Plans": [
              {
                "Node Type": "Hash Join",
                "Parent Relationship": "Outer",
                "Parallel Aware": true,
                "Join Type": "Inner",
                "Startup Cost": 170856.78,
                "Total Cost": 736891.65,
                "Plan Rows": 3455625,
                "Plan Width": 0,
                "Actual Startup Time": 1098.979,
                "Actual Total Time": 6024.593,
                "Actual Rows": 9518296,
                "Actual Loops": 2,
                "Inner Unique": false,
                "Hash Cond": "(ci.movie_id = t.id)",
                "Plans": [
                  {
                    "Node Type": "Seq Scan",
                    "Parent Relationship": "Outer",
                    "Parallel Aware": true,
                    "Relation Name": "cast_info",
                    "Alias": "ci",
                    "Startup Cost": 0.0,
                    "Total Cost": 465792.95,
                    "Plan Rows": 21310595,
                    "Plan Width": 4,
                    "Actual Startup Time": 0.019,
                    "Actual Total Time": 1361.842,
                    "Actual Rows": 18122172,
                    "Actual Loops": 2
                  },
                  {
                    "Node Type": "Hash",
                    "Parent Relationship": "Inner",
                    "Parallel Aware": true,
                    "Startup Cost": 167842.26,
                    "Total Cost": 167842.26,
                    "Plan Rows": 241162,
                    "Plan Width": 8,
                    "Actual Startup Time": 1093.606,
                    "Actual Total Time": 1093.608,
                    "Actual Rows": 342186,
                    "Actual Loops": 2,
                    "Hash Buckets": 1048576,
                    "Original Hash Buckets": 524288,
                    "Hash Batches": 1,
                    "Original Hash Batches": 1,
                    "Peak Memory Usage": 39104,
                    "Plans": [
                      {
                        "Node Type": "Merge Join",
                        "Parent Relationship": "Outer",
                        "Parallel Aware": false,
                        "Join Type": "Inner",
                        "Startup Cost": 3.07,
                        "Total Cost": 167842.26,
                        "Plan Rows": 241162,
                        "Plan Width": 8,
                        "Actual Startup Time": 0.672,
                        "Actual Total Time": 1010.289,
                        "Actual Rows": 342186,
                        "Actual Loops": 2,
                        "Inner Unique": false,
                        "Merge Cond": "(t.id = mi_idx.movie_id)",
                        "Plans": [
                          {
                            "Node Type": "Index Scan",
                            "Parent Relationship": "Outer",
                            "Parallel Aware": true,
                            "Scan Direction": "Forward",
                            "Index Name": "title_pkey",
                            "Relation Name": "title",
                            "Alias": "t",
                            "Startup Cost": 0.43,
                            "Total Cost": 107365.5,
                            "Plan Rows": 441822,
                            "Plan Width": 4,
                            "Actual Startup Time": 0.342,
                            "Actual Total Time": 646.206,
                            "Actual Rows": 324806,
                            "Actual Loops": 2,
                            "Filter": "((kind_id < 7) AND (production_year > 1982))",
                            "Rows Removed by Filter": 938146
                          },
                          {
                            "Node Type": "Index Only Scan",
                            "Parent Relationship": "Inner",
                            "Parallel Aware": false,
                            "Scan Direction": "Forward",
                            "Index Name": "movie_id_movie_info_idx",
                            "Relation Name": "movie_info_idx",
                            "Alias": "mi_idx",
                            "Startup Cost": 0.43,
                            "Total Cost": 53620.22,
                            "Plan Rows": 1380035,
                            "Plan Width": 4,
                            "Actual Startup Time": 0.159,
                            "Actual Total Time": 258.947,
                            "Actual Rows": 1380035,
                            "Actual Loops": 2,
                            "Heap Fetches": 2760070
                          }
                        ]
                      }
                    ]
                  }
                ]
              }
            ]
          }
        ]
      }
    ]
  },
  "Planning Time": 0.956,
  "Triggers": [],
  "Execution Time": 6501.072
}