[
  {
    "Plan": {
      "Node Type": "Aggregate",
      "Strategy": "Plain",
      "Partial Mode": "Finalize",
      "Parallel Aware": false,
      "Startup Cost": 383293.98,
      "Total Cost": 383293.99,
      "Plan Rows": 1,
      "Plan Width": 8,
      "Actual Startup Time": 1222.369,
      "Actual Total Time": 1252.719,
      "Actual Rows": 1,
      "Actual Loops": 1,
      "Plans": [
        {
          "Node Type": "Gather",
          "Parent Relationship": "Outer",
          "Parallel Aware": false,
          "Startup Cost": 383293.67,
          "Total Cost": 383293.98,
          "Plan Rows": 3,
          "Plan Width": 8,
          "Actual Startup Time": 1199.33,
          "Actual Total Time": 1252.708,
          "Actual Rows": 4,
          "Actual Loops": 1,
          "Workers Planned": 3,
          "Workers Launched": 3,
          "Single Copy": false,
          "Plans": [
            {
              "Node Type": "Aggregate",
              "Strategy": "Plain",
              "Partial Mode": "Partial",
              "Parent Relationship": "Outer",
              "Parallel Aware": false,
              "Startup Cost": 382293.67,
              "Total Cost": 382293.68,
              "Plan Rows": 1,
              "Plan Width": 8,
              "Actual Startup Time": 1187.25,
              "Actual Total Time": 1187.389,
              "Actual Rows": 1,
              "Actual Loops": 4,
              "Plans": [
                {
                  "Node Type": "Hash Join",
                  "Parent Relationship": "Outer",
                  "Parallel Aware": true,
                  "Join Type": "Inner",
                  "Startup Cost": 349509.16,
                  "Total Cost": 380840.61,
                  "Plan Rows": 581222,
                  "Plan Width": 0,
                  "Actual Startup Time": 837.672,
                  "Actual Total Time": 1149.406,
                  "Actual Rows": 972550,
                  "Actual Loops": 4,
                  "Inner Unique": false,
                  "Hash Cond": "(mc.movie_id = t.id)",
                  "Plans": [
                    {
                      "Node Type": "Seq Scan",
                      "Parent Relationship": "Outer",
                      "Parallel Aware": true,
                      "Relation Name": "movie_companies",
                      "Alias": "mc",
                      "Startup Cost": 0.0,
                      "Total Cost": 27206.55,
                      "Plan Rows": 841655,
                      "Plan Width": 4,
                      "Actual Startup Time": 0.018,
                      "Actual Total Time": 56.334,
                      "Actual Rows": 652282,
                      "Actual Loops": 4
                    },
                    {
                      "Node Type": "Hash",
                      "Parent Relationship": "Inner",
                      "Parallel Aware": true,
                      "Startup Cost": 345871.73,
                      "Total Cost": 345871.73,
                      "Plan Rows": 290994,
                      "Plan Width": 8,
                      "Actual Startup Time": 830.196,
                      "Actual Total Time": 830.334,
                      "Actual Rows": 441831,
                      "Actual Loops": 4,
                      "Hash Buckets": 2097152,
                      "Original Hash Buckets": 2097152,
                      "Hash Batches": 1,
                      "Original Hash Batches": 1,
                      "Peak Memory Usage": 85600,
                      "Plans": [
                        {
                          "Node Type": "Hash Join",
                          "Parent Relationship": "Outer",
                          "Parallel Aware": true,
                          "Join Type": "Inner",
                          "Startup Cost": 88783.45,
                          "Total Cost": 345871.73,
                          "Plan Rows": 290994,
                          "Plan Width": 8,
                          "Actual Startup Time": 387.065,
                          "Actual Total Time": 676.491,
                          "Actual Rows": 441831,
                          "Actual Loops": 4,
                          "Inner Unique": true,
                          "Hash Cond": "(ci.movie_id = t.id)",
                          "Plans": [
                            {
                              "Node Type": "Bitmap Heap Scan",
                              "Parent Relationship": "Outer",
                              "Parallel Aware": true,
                              "Relation Name": "cast_info",
                              "Alias": "ci",
                              "Startup Cost": 38563.8,
                              "Total Cost": 294888.23,
                              "Plan Rows": 290994,
                              "Plan Width": 4,
                              "Actual Startup Time": 60.587,
                              "Actual Total Time": 120.485,
                              "Actual Rows": 441831,
                              "Actual Loops": 4,
                              "Recheck Cond": "(person_id < 175654)",
                              "Rows Removed by Index Recheck": 0,
                              "Exact Heap Blocks": 4958,
                              "Lossy Heap Blocks": 0,
                              "Plans": [
                                {
                                  "Node Type": "Bitmap Index Scan",
                                  "Parent Relationship": "Outer",
                                  "Parallel Aware": false,
                                  "Index Name": "person_id_cast_info",
                                  "Startup Cost": 0.0,
                                  "Total Cost": 38127.31,
                                  "Plan Rows": 1745966,
                                  "Plan Width": 0,
                                  "Actual Startup Time": 57.707,
                                  "Actual Total Time": 57.708,
                                  "Actual Rows": 1767325,
                                  "Actual Loops": 1,
                                  "Index Cond": "(person_id < 175654)"
                                }
                              ]
                            },
                            {
                              "Node Type": "Hash",
                              "Parent Relationship": "Inner",
                              "Parallel Aware": true,
                              "Startup Cost": 42318.73,
                              "Total Cost": 42318.73,
                              "Plan Rows": 632073,
                              "Plan Width": 4,
                              "Actual Startup Time": 320.098,
                              "Actual Total Time": 320.099,
                              "Actual Rows": 632078,
                              "Actual Loops": 4,
                              "Hash Buckets": 4194304,
                              "Original Hash Buckets": 4194304,
                              "Hash Batches": 1,
                              "Original Hash Batches": 1,
                              "Peak Memory Usage": 131744,
                              "Plans": [
                                {
                                  "Node Type": "Seq Scan",
                                  "Parent Relationship": "Outer",
                                  "Parallel Aware": true,
                                  "Relation Name": "title",
                                  "Alias": "t",
                                  "Startup Cost": 0.0,
                                  "Total Cost": 42318.73,
                                  "Plan Rows": 632073,
                                  "Plan Width": 4,
                                  "Actual Startup Time": 0.035,
                                  "Actual Total Time": 93.493,
                                  "Actual Rows": 632078,
                                  "Actual Loops": 4
                                }
                              ]
                            }
                          ]
                        }
                      ]
                    }
                  ]
                }
              ]
            }
          ]
        }
      ]
    },
    "Planning Time": 1.334,
    "Triggers": [],
    "Execution Time": 1252.822
  }
]