[
  {
    "Plan": {
      "Node Type": "Aggregate",
      "Strategy": "Plain",
      "Partial Mode": "Finalize",
      "Parallel Aware": false,
      "Startup Cost": 370918.14,
      "Total Cost": 370918.15,
      "Plan Rows": 1,
      "Plan Width": 8,
      "Actual Startup Time": 687.924,
      "Actual Total Time": 713.164,
      "Actual Rows": 1,
      "Actual Loops": 1,
      "Plans": [
        {
          "Node Type": "Gather",
          "Parent Relationship": "Outer",
          "Parallel Aware": false,
          "Startup Cost": 370917.52,
          "Total Cost": 370918.13,
          "Plan Rows": 6,
          "Plan Width": 8,
          "Actual Startup Time": 673.283,
          "Actual Total Time": 713.153,
          "Actual Rows": 7,
          "Actual Loops": 1,
          "Workers Planned": 6,
          "Workers Launched": 6,
          "Single Copy": false,
          "Plans": [
            {
              "Node Type": "Aggregate",
              "Strategy": "Plain",
              "Partial Mode": "Partial",
              "Parent Relationship": "Outer",
              "Parallel Aware": false,
              "Startup Cost": 369917.52,
              "Total Cost": 369917.53,
              "Plan Rows": 1,
              "Plan Width": 8,
              "Actual Startup Time": 657.108,
              "Actual Total Time": 657.112,
              "Actual Rows": 1,
              "Actual Loops": 7,
              "Plans": [
                {
                  "Node Type": "Hash Join",
                  "Parent Relationship": "Outer",
                  "Parallel Aware": true,
                  "Join Type": "Inner",
                  "Startup Cost": 109361.57,
                  "Total Cost": 368801.35,
                  "Plan Rows": 446465,
                  "Plan Width": 0,
                  "Actual Startup Time": 351.822,
                  "Actual Total Time": 636.521,
                  "Actual Rows": 367593,
                  "Actual Loops": 7,
                  "Inner Unique": true,
                  "Hash Cond": "(ci.movie_id = t.id)",
                  "Plans": [
                    {
                      "Node Type": "Bitmap Heap Scan",
                      "Parent Relationship": "Outer",
                      "Parallel Aware": true,
                      "Relation Name": "cast_info",
                      "Alias": "ci",
                      "Startup Cost": 59141.19,
                      "Total Cost": 317409.0,
                      "Plan Rows": 446465,
                      "Plan Width": 4,
                      "Actual Startup Time": 83.67,
                      "Actual Total Time": 181.864,
                      "Actual Rows": 367593,
                      "Actual Loops": 7,
                      "Recheck Cond": "(person_id > 3561661)",
                      "Rows Removed by Index Recheck": 0,
                      "Exact Heap Blocks": 7704,
                      "Lossy Heap Blocks": 0,
                      "Plans": [
                        {
                          "Node Type": "Bitmap Index Scan",
                          "Parent Relationship": "Outer",
                          "Parallel Aware": false,
                          "Index Name": "person_id_cast_info",
                          "Startup Cost": 0.0,
                          "Total Cost": 58471.49,
                          "Plan Rows": 2678790,
                          "Plan Width": 0,
                          "Actual Startup Time": 77.354,
                          "Actual Total Time": 77.355,
                          "Actual Rows": 2573148,
                          "Actual Loops": 1,
                          "Index Cond": "(person_id > 3561661)"
                        }
                      ]
                    },
                    {
                      "Node Type": "Hash",
                      "Parent Relationship": "Inner",
                      "Parallel Aware": true,
                      "Startup Cost": 42319.06,
                      "Total Cost": 42319.06,
                      "Plan Rows": 632106,
                      "Plan Width": 4,
                      "Actual Startup Time": 263.162,
                      "Actual Total Time": 263.162,
                      "Actual Rows": 361187,
                      "Actual Loops": 7,
                      "Hash Buckets": 4194304,
                      "Original Hash Buckets": 4194304,
                      "Hash Batches": 1,
                      "Original Hash Batches": 1,
                      "Peak Memory Usage": 131776,
                      "Plans": [
                        {
                          "Node Type": "Seq Scan",
                          "Parent Relationship": "Outer",
                          "Parallel Aware": true,
                          "Relation Name": "title",
                          "Alias": "t",
                          "Startup Cost": 0.0,
                          "Total Cost": 42319.06,
                          "Plan Rows": 632106,
                          "Plan Width": 4,
                          "Actual Startup Time": 0.045,
                          "Actual Total Time": 82.489,
                          "Actual Rows": 361187,
                          "Actual Loops": 7
                        }
                      ]
                    }
                  ]
                }
              ]
            }
          ]
        }
      ]
    },
    "Planning Time": 0.21,
    "Triggers": [],
    "Execution Time": 713.208
  }
]