[
    {
        "Bao": {
            "Bao prediction": "NaN",
            "Bao recommended hint": "(no hint)"
        }
    },
    {
        "Plan": {
            "Node Type": "Aggregate",
            "Strategy": "Plain",
            "Partial Mode": "Finalize",
            "Parallel Aware": false,
            "Startup Cost": 33454.05,
            "Total Cost": 33454.06,
            "Plan Rows": 1,
            "Plan Width": 8,
            "Actual Startup Time": 94.255,
            "Actual Total Time": 97.727,
            "Actual Rows": 1,
            "Actual Loops": 1,
            "Output": [
                "count(*)"
            ],
            "Plans": [
                {
                    "Node Type": "Gather",
                    "Parent Relationship": "Outer",
                    "Parallel Aware": false,
                    "Startup Cost": 33453.74,
                    "Total Cost": 33454.05,
                    "Plan Rows": 3,
                    "Plan Width": 8,
                    "Actual Startup Time": 94.151,
                    "Actual Total Time": 97.72,
                    "Actual Rows": 4,
                    "Actual Loops": 1,
                    "Output": [
                        "(PARTIAL count(*))"
                    ],
                    "Workers Planned": 3,
                    "Workers Launched": 3,
                    "Single Copy": false,
                    "Plans": [
                        {
                            "Node Type": "Aggregate",
                            "Strategy": "Plain",
                            "Partial Mode": "Partial",
                            "Parent Relationship": "Outer",
                            "Parallel Aware": false,
                            "Startup Cost": 32453.74,
                            "Total Cost": 32453.75,
                            "Plan Rows": 1,
                            "Plan Width": 8,
                            "Actual Startup Time": 86.139,
                            "Actual Total Time": 86.14,
                            "Actual Rows": 1,
                            "Actual Loops": 4,
                            "Output": [
                                "PARTIAL count(*)"
                            ],
                            "Workers": [
                                {
                                    "Worker Number": 0,
                                    "Actual Startup Time": 83.471,
                                    "Actual Total Time": 83.472,
                                    "Actual Rows": 1,
                                    "Actual Loops": 1
                                },
                                {
                                    "Worker Number": 1,
                                    "Actual Startup Time": 83.691,
                                    "Actual Total Time": 83.692,
                                    "Actual Rows": 1,
                                    "Actual Loops": 1
                                },
                                {
                                    "Worker Number": 2,
                                    "Actual Startup Time": 83.864,
                                    "Actual Total Time": 83.866,
                                    "Actual Rows": 1,
                                    "Actual Loops": 1
                                }
                            ],
                            "Plans": [
                                {
                                    "Node Type": "Seq Scan",
                                    "Parent Relationship": "Outer",
                                    "Parallel Aware": true,
                                    "Relation Name": "movie_companies",
                                    "Schema": "public",
                                    "Alias": "mc",
                                    "Startup Cost": 0.0,
                                    "Total Cost": 31414.82,
                                    "Plan Rows": 415567,
                                    "Plan Width": 0,
                                    "Actual Startup Time": 39.519,
                                    "Actual Total Time": 73.445,
                                    "Actual Rows": 312678,
                                    "Actual Loops": 4,
                                    "Output": [
                                        "id",
                                        "movie_id",
                                        "company_id",
                                        "company_type_id",
                                        "note"
                                    ],
                                    "Filter": "((mc.company_id < 167354) AND (mc.company_type_id > 1))",
                                    "Rows Removed by Filter": 339604,
                                    "Workers": [
                                        {
                                            "Worker Number": 0,
                                            "Actual Startup Time": 36.849,
                                            "Actual Total Time": 70.997,
                                            "Actual Rows": 300056,
                                            "Actual Loops": 1
                                        },
                                        {
                                            "Worker Number": 1,
                                            "Actual Startup Time": 37.07,
                                            "Actual Total Time": 71.237,
                                            "Actual Rows": 300309,
                                            "Actual Loops": 1
                                        },
                                        {
                                            "Worker Number": 2,
                                            "Actual Startup Time": 37.25,
                                            "Actual Total Time": 71.374,
                                            "Actual Rows": 304491,
                                            "Actual Loops": 1
                                        }
                                    ]
                                }
                            ]
                        }
                    ]
                }
            ]
        },
        "Planning Time": 223.45,
        "Triggers": [],
        "Execution Time": 97.811
    }
]