[
  {
    "Plan": {
      "Node Type": "Aggregate",
      "Strategy": "Plain",
      "Partial Mode": "Finalize",
      "Parallel Aware": false,
      "Startup Cost": 29146.19,
      "Total Cost": 29146.2,
      "Plan Rows": 1,
      "Plan Width": 8,
      "Actual Startup Time": 33.757,
      "Actual Total Time": 38.436,
      "Actual Rows": 1,
      "Actual Loops": 1,
      "Plans": [
        {
          "Node Type": "Gather",
          "Parent Relationship": "Outer",
          "Parallel Aware": false,
          "Startup Cost": 29145.87,
          "Total Cost": 29146.18,
          "Plan Rows": 3,
          "Plan Width": 8,
          "Actual Startup Time": 33.408,
          "Actual Total Time": 38.429,
          "Actual Rows": 4,
          "Actual Loops": 1,
          "Workers Planned": 3,
          "Workers Launched": 3,
          "Single Copy": false,
          "Plans": [
            {
              "Node Type": "Aggregate",
              "Strategy": "Plain",
              "Partial Mode": "Partial",
              "Parent Relationship": "Outer",
              "Parallel Aware": false,
              "Startup Cost": 28145.87,
              "Total Cost": 28145.88,
              "Plan Rows": 1,
              "Plan Width": 8,
              "Actual Startup Time": 24.246,
              "Actual Total Time": 24.248,
              "Actual Rows": 1,
              "Actual Loops": 4,
              "Plans": [
                {
                  "Node Type": "Nested Loop",
                  "Parent Relationship": "Outer",
                  "Parallel Aware": false,
                  "Join Type": "Inner",
                  "Startup Cost": 235.0,
                  "Total Cost": 28144.94,
                  "Plan Rows": 371,
                  "Plan Width": 0,
                  "Actual Startup Time": 7.111,
                  "Actual Total Time": 24.189,
                  "Actual Rows": 411,
                  "Actual Loops": 4,
                  "Inner Unique": false,
                  "Plans": [
                    {
                      "Node Type": "Bitmap Heap Scan",
                      "Parent Relationship": "Outer",
                      "Parallel Aware": true,
                      "Relation Name": "title",
                      "Alias": "t",
                      "Startup Cost": 234.56,
                      "Total Cost": 26141.85,
                      "Plan Rows": 207,
                      "Plan Width": 4,
                      "Actual Startup Time": 5.671,
                      "Actual Total Time": 21.533,
                      "Actual Rows": 108,
                      "Actual Loops": 4,
                      "Recheck Cond": "(kind_id = 6)",
                      "Rows Removed by Index Recheck": 0,
                      "Filter": "(production_year = 2007)",
                      "Rows Removed by Filter": 3042,
                      "Exact Heap Blocks": 6082,
                      "Lossy Heap Blocks": 0,
                      "Plans": [
                        {
                          "Node Type": "Bitmap Index Scan",
                          "Parent Relationship": "Outer",
                          "Parallel Aware": false,
                          "Index Name": "kind_id_title",
                          "Startup Cost": 0.0,
                          "Total Cost": 234.4,
                          "Plan Rows": 13063,
                          "Plan Width": 0,
                          "Actual Startup Time": 8.944,
                          "Actual Total Time": 8.945,
                          "Actual Rows": 12600,
                          "Actual Loops": 1,
                          "Index Cond": "(kind_id = 6)"
                        }
                      ]
                    },
                    {
                      "Node Type": "Index Only Scan",
                      "Parent Relationship": "Inner",
                      "Parallel Aware": false,
                      "Scan Direction": "Forward",
                      "Index Name": "movie_id_movie_keyword",
                      "Relation Name": "movie_keyword",
                      "Alias": "mk",
                      "Startup Cost": 0.43,
                      "Total Cost": 9.23,
                      "Plan Rows": 45,
                      "Plan Width": 4,
                      "Actual Startup Time": 0.022,
                      "Actual Total Time": 0.023,
                      "Actual Rows": 4,
                      "Actual Loops": 430,
                      "Index Cond": "(movie_id = t.id)",
                      "Rows Removed by Index Recheck": 0,
                      "Heap Fetches": 1644
                    }
                  ]
                }
              ]
            }
          ]
        }
      ]
    },
    "Planning Time": 0.537,
    "Triggers": [],
    "Execution Time": 38.515
  }
]