{
  "Plan": {
    "Node Type": "Aggregate",
    "Strategy": "Plain",
    "Partial Mode": "Finalize",
    "Parallel Aware": false,
    "Startup Cost": 450565.02,
    "Total Cost": 450565.03,
    "Plan Rows": 1,
    "Plan Width": 8,
    "Actual Startup Time": 3020.203,
    "Actual Total Time": 3046.45,
    "Actual Rows": 1,
    "Actual Loops": 1,
    "Plans": [
      {
        "Node Type": "Gather",
        "Parent Relationship": "Outer",
        "Parallel Aware": false,
        "Startup Cost": 450564.91,
        "Total Cost": 450565.02,
        "Plan Rows": 1,
        "Plan Width": 8,
        "Actual Startup Time": 3006.147,
        "Actual Total Time": 3046.443,
        "Actual Rows": 2,
        "Actual Loops": 1,
        "Workers Planned": 1,
        "Workers Launched": 1,
        "Single Copy": false,
        "Plans": [
          {
            "Node Type": "Aggregate",
            "Strategy": "Plain",
            "Partial Mode": "Partial",
            "Parent Relationship": "Outer",
            "Parallel Aware": false,
            "Startup Cost": 449564.91,
            "Total Cost": 449564.92,
            "Plan Rows": 1,
            "Plan Width": 8,
            "Actual Startup Time": 2999.626,
            "Actual Total Time": 2999.633,
            "Actual Rows": 1,
            "Actual Loops": 2,
            "Plans": [
              {
                "Node Type": "Merge Join",
                "Parent Relationship": "Outer",
                "Parallel Aware": false,
                "Join Type": "Inner",
                "Startup Cost": 300479.68,
                "Total Cost": 447643.28,
                "Plan Rows": 768652,
                "Plan Width": 0,
                "Actual Startup Time": 1687.284,
                "Actual Total Time": 2786.144,
                "Actual Rows": 5398615,
                "Actual Loops": 2,
                "Inner Unique": false,
                "Merge Cond": "(mc.movie_id = t.id)",
                "Plans": [
                  {
                    "Node Type": "Index Only Scan",
                    "Parent Relationship": "Outer",
                    "Parallel Aware": true,
                    "Scan Direction": "Forward",
                    "Index Name": "movie_id_movie_companies",
                    "Relation Name": "movie_companies",
                    "Alias": "mc",
                    "Startup Cost": 0.43,
                    "Total Cost": 129315.97,
                    "Plan Rows": 1534782,
                    "Plan Width": 4,
                    "Actual Startup Time": 0.085,
                    "Actual Total Time": 317.562,
                    "Actual Rows": 1304564,
                    "Actual Loops": 2,
                    "Heap Fetches": 2609129
                  },
                  {
                    "Node Type": "Sort",
                    "Parent Relationship": "Inner",
                    "Parallel Aware": false,
                    "Startup Cost": 300479.12,
                    "Total Cost": 303644.68,
                    "Plan Rows": 1266224,
                    "Plan Width": 8,
                    "Actual Startup Time": 1682.035,
                    "Actual Total Time": 1892.258,
                    "Actual Rows": 6167650,
                    "Actual Loops": 2,
                    "Sort Key": [
                      "mk.movie_id"
                    ],
                    "Sort Method": "quicksort",
                    "Sort Space Used": 113963,
                    "Sort Space Type": "Memory",
                    "Workers": [
                      {
                        "Worker Number": 0,
                        "Sort Method": "quicksort",
                        "Sort Space Used": 113963,
                        "Sort Space Type": "Memory"
                      }
                    ],
                    "Plans": [
                      {
                        "Node Type": "Hash Join",
                        "Parent Relationship": "Outer",
                        "Parallel Aware": false,
                        "Join Type": "Inner",
                        "Startup Cost": 125933.7,
                        "Total Cost": 172134.02,
                        "Plan Rows": 1266224,
                        "Plan Width": 8,
                        "Actual Startup Time": 948.635,
                        "Actual Total Time": 1410.018,
                        "Actual Rows": 1382622,
                        "Actual Loops": 2,
                        "Inner Unique": true,
                        "Hash Cond": "(mk.movie_id = t.id)",
                        "Plans": [
                          {
                            "Node Type": "Bitmap Heap Scan",
                            "Parent Relationship": "Outer",
                            "Parallel Aware": false,
                            "Relation Name": "movie_keyword",
                            "Alias": "mk",
                            "Startup Cost": 30499.17,
                            "Total Cost": 72925.32,
                            "Plan Rows": 1437772,
                            "Plan Width": 4,
                            "Actual Startup Time": 102.864,
                            "Actual Total Time": 279.229,
                            "Actual Rows": 1444081,
                            "Actual Loops": 2,
                            "Recheck Cond": "(keyword_id > 11572)",
                            "Rows Removed by Index Recheck": 0,
                            "Exact Heap Blocks": 24237,
                            "Lossy Heap Blocks": 0,
                            "Plans": [
                              {
                                "Node Type": "Bitmap Index Scan",
                                "Parent Relationship": "Outer",
                                "Parallel Aware": false,
                                "Index Name": "keyword_id_movie_keyword",
                                "Startup Cost": 0.0,
                                "Total Cost": 30139.72,
                                "Plan Rows": 1437772,
                                "Plan Width": 0,
                                "Actual Startup Time": 99.839,
                                "Actual Total Time": 99.84,
                                "Actual Rows": 1444081,
                                "Actual Loops": 2,
                                "Index Cond": "(keyword_id > 11572)"
                              }
                            ]
                          },
                          {
                            "Node Type": "Hash",
                            "Parent Relationship": "Inner",
                            "Parallel Aware": false,
                            "Startup Cost": 67601.66,
                            "Total Cost": 67601.66,
                            "Plan Rows": 2226630,
                            "Plan Width": 4,
                            "Actual Startup Time": 829.529,
                            "Actual Total Time": 829.53,
                            "Actual Rows": 2224569,
                            "Actual Loops": 2,
                            "Hash Buckets": 4194304,
                            "Original Hash Buckets": 4194304,
                            "Hash Batches": 1,
                            "Original Hash Batches": 1,
                            "Peak Memory Usage": 110976,
                            "Plans": [
                              {
                                "Node Type": "Seq Scan",
                                "Parent Relationship": "Outer",
                                "Parallel Aware": false,
                                "Relation Name": "title",
                                "Alias": "t",
                                "Startup Cost": 0.0,
                                "Total Cost": 67601.66,
                                "Plan Rows": 2226630,
                                "Plan Width": 4,
                                "Actual Startup Time": 0.032,
                                "Actual Total Time": 323.861,
                                "Actual Rows": 2224569,
                                "Actual Loops": 2,
                                "Filter": "(production_year < 2012)",
                                "Rows Removed by Filter": 303743
                              }
                            ]
                          }
                        ]
                      }
                    ]
                  }
                ]
              }
            ]
          }
        ]
      }
    ]
  },
  "Planning Time": 0.873,
  "Triggers": [],
  "Execution Time": 3069.441
}