{
  "Plan": {
    "Node Type": "Aggregate",
    "Strategy": "Plain",
    "Partial Mode": "Finalize",
    "Parallel Aware": false,
    "Startup Cost": 429779.67,
    "Total Cost": 429779.68,
    "Plan Rows": 1,
    "Plan Width": 8,
    "Actual Startup Time": 946.696,
    "Actual Total Time": 968.132,
    "Actual Rows": 1,
    "Actual Loops": 1,
    "Plans": [
      {
        "Node Type": "Gather",
        "Parent Relationship": "Outer",
        "Parallel Aware": false,
        "Startup Cost": 429779.56,
        "Total Cost": 429779.67,
        "Plan Rows": 1,
        "Plan Width": 8,
        "Actual Startup Time": 945.692,
        "Actual Total Time": 968.121,
        "Actual Rows": 2,
        "Actual Loops": 1,
        "Workers Planned": 1,
        "Workers Launched": 1,
        "Single Copy": false,
        "Plans": [
          {
            "Node Type": "Aggregate",
            "Strategy": "Plain",
            "Partial Mode": "Partial",
            "Parent Relationship": "Outer",
            "Parallel Aware": false,
            "Startup Cost": 428779.56,
            "Total Cost": 428779.57,
            "Plan Rows": 1,
            "Plan Width": 8,
            "Actual Startup Time": 942.826,
            "Actual Total Time": 942.83,
            "Actual Rows": 1,
            "Actual Loops": 2,
            "Plans": [
              {
                "Node Type": "Hash Join",
                "Parent Relationship": "Outer",
                "Parallel Aware": true,
                "Join Type": "Inner",
                "Startup Cost": 140045.11,
                "Total Cost": 428419.09,
                "Plan Rows": 144187,
                "Plan Width": 0,
                "Actual Startup Time": 330.803,
                "Actual Total Time": 932.693,
                "Actual Rows": 166786,
                "Actual Loops": 2,
                "Inner Unique": true,
                "Hash Cond": "(ci.movie_id = t.id)",
                "Plans": [
                  {
                    "Node Type": "Bitmap Heap Scan",
                    "Parent Relationship": "Outer",
                    "Parallel Aware": true,
                    "Relation Name": "cast_info",
                    "Alias": "ci",
                    "Startup Cost": 79823.03,
                    "Total Cost": 364523.86,
                    "Plan Rows": 1399289,
                    "Plan Width": 4,
                    "Actual Startup Time": 139.938,
                    "Actual Total Time": 442.073,
                    "Actual Rows": 1736386,
                    "Actual Loops": 2,
                    "Recheck Cond": "(person_id > 3428172)",
                    "Rows Removed by Index Recheck": 0,
                    "Filter": "(role_id > 1)",
                    "Rows Removed by Filter": 0,
                    "Exact Heap Blocks": 34341,
                    "Lossy Heap Blocks": 0,
                    "Plans": [
                      {
                        "Node Type": "Bitmap Index Scan",
                        "Parent Relationship": "Outer",
                        "Parallel Aware": false,
                        "Index Name": "person_id_cast_info",
                        "Startup Cost": 0.0,
                        "Total Cost": 79228.33,
                        "Plan Rows": 3628235,
                        "Plan Width": 0,
                        "Actual Startup Time": 130.713,
                        "Actual Total Time": 130.713,
                        "Actual Rows": 3472771,
                        "Actual Loops": 1,
                        "Index Cond": "(person_id > 3428172)"
                      }
                    ]
                  },
                  {
                    "Node Type": "Hash",
                    "Parent Relationship": "Inner",
                    "Parallel Aware": true,
                    "Startup Cost": 58306.47,
                    "Total Cost": 58306.47,
                    "Plan Rows": 153249,
                    "Plan Width": 4,
                    "Actual Startup Time": 188.794,
                    "Actual Total Time": 188.795,
                    "Actual Rows": 113924,
                    "Actual Loops": 2,
                    "Hash Buckets": 262144,
                    "Original Hash Buckets": 262144,
                    "Hash Batches": 1,
                    "Original Hash Batches": 1,
                    "Peak Memory Usage": 11008,
                    "Plans": [
                      {
                        "Node Type": "Seq Scan",
                        "Parent Relationship": "Outer",
                        "Parallel Aware": true,
                        "Relation Name": "title",
                        "Alias": "t",
                        "Startup Cost": 0.0,
                        "Total Cost": 58306.47,
                        "Plan Rows": 153249,
                        "Plan Width": 4,
                        "Actual Startup Time": 0.043,
                        "Actual Total Time": 159.1,
                        "Actual Rows": 113924,
                        "Actual Loops": 2,
                        "Filter": "((kind_id < 7) AND (production_year > 2008))",
                        "Rows Removed by Filter": 1150232
                      }
                    ]
                  }
                ]
              }
            ]
          }
        ]
      }
    ]
  },
  "Planning Time": 0.338,
  "Triggers": [],
  "Execution Time": 968.186
}