[
  {
    "Plan": {
      "Node Type": "Aggregate",
      "Strategy": "Plain",
      "Partial Mode": "Finalize",
      "Parallel Aware": false,
      "Startup Cost": 77635.75,
      "Total Cost": 77635.76,
      "Plan Rows": 1,
      "Plan Width": 8,
      "Actual Startup Time": 376.809,
      "Actual Total Time": 394.585,
      "Actual Rows": 1,
      "Actual Loops": 1,
      "Plans": [
        {
          "Node Type": "Gather",
          "Parent Relationship": "Outer",
          "Parallel Aware": false,
          "Startup Cost": 77635.43,
          "Total Cost": 77635.74,
          "Plan Rows": 3,
          "Plan Width": 8,
          "Actual Startup Time": 368.574,
          "Actual Total Time": 394.571,
          "Actual Rows": 4,
          "Actual Loops": 1,
          "Workers Planned": 3,
          "Workers Launched": 3,
          "Single Copy": false,
          "Plans": [
            {
              "Node Type": "Aggregate",
              "Strategy": "Plain",
              "Partial Mode": "Partial",
              "Parent Relationship": "Outer",
              "Parallel Aware": false,
              "Startup Cost": 76635.43,
              "Total Cost": 76635.44,
              "Plan Rows": 1,
              "Plan Width": 8,
              "Actual Startup Time": 362.119,
              "Actual Total Time": 362.123,
              "Actual Rows": 1,
              "Actual Loops": 4,
              "Plans": [
                {
                  "Node Type": "Hash Join",
                  "Parent Relationship": "Outer",
                  "Parallel Aware": true,
                  "Join Type": "Inner",
                  "Startup Cost": 46609.23,
                  "Total Cost": 76459.26,
                  "Plan Rows": 70468,
                  "Plan Width": 0,
                  "Actual Startup Time": 217.481,
                  "Actual Total Time": 357.471,
                  "Actual Rows": 75624,
                  "Actual Loops": 4,
                  "Inner Unique": true,
                  "Hash Cond": "(mc.movie_id = t.id)",
                  "Plans": [
                    {
                      "Node Type": "Seq Scan",
                      "Parent Relationship": "Outer",
                      "Parallel Aware": true,
                      "Relation Name": "movie_companies",
                      "Alias": "mc",
                      "Startup Cost": 0.0,
                      "Total Cost": 29310.68,
                      "Plan Rows": 205466,
                      "Plan Width": 4,
                      "Actual Startup Time": 0.012,
                      "Actual Total Time": 78.53,
                      "Actual Rows": 157245,
                      "Actual Loops": 4,
                      "Filter": "(company_id < 830)",
                      "Rows Removed by Filter": 495037
                    },
                    {
                      "Node Type": "Hash",
                      "Parent Relationship": "Inner",
                      "Parallel Aware": true,
                      "Startup Cost": 43899.32,
                      "Total Cost": 43899.32,
                      "Plan Rows": 216793,
                      "Plan Width": 4,
                      "Actual Startup Time": 214.138,
                      "Actual Total Time": 214.139,
                      "Actual Rows": 221412,
                      "Actual Loops": 4,
                      "Hash Buckets": 1048576,
                      "Original Hash Buckets": 1048576,
                      "Hash Batches": 1,
                      "Original Hash Batches": 1,
                      "Peak Memory Usage": 42912,
                      "Plans": [
                        {
                          "Node Type": "Seq Scan",
                          "Parent Relationship": "Outer",
                          "Parallel Aware": true,
                          "Relation Name": "title",
                          "Alias": "t",
                          "Startup Cost": 0.0,
                          "Total Cost": 43899.32,
                          "Plan Rows": 216793,
                          "Plan Width": 4,
                          "Actual Startup Time": 0.048,
                          "Actual Total Time": 122.777,
                          "Actual Rows": 221412,
                          "Actual Loops": 4,
                          "Filter": "(production_year < 1997)",
                          "Rows Removed by Filter": 410666
                        }
                      ]
                    }
                  ]
                }
              ]
            }
          ]
        }
      ]
    },
    "Planning Time": 0.687,
    "Triggers": [],
    "Execution Time": 394.654
  }
]