[
    {
        "Bao": {
            "Bao prediction": 455.086,
            "Bao recommended hint": "(no hint)"
        }
    },
    {
        "Plan": {
            "Node Type": "Aggregate",
            "Strategy": "Plain",
            "Partial Mode": "Finalize",
            "Parallel Aware": false,
            "Startup Cost": 330717.31,
            "Total Cost": 330717.32,
            "Plan Rows": 1,
            "Plan Width": 8,
            "Actual Startup Time": 570.097,
            "Actual Total Time": 596.938,
            "Actual Rows": 1,
            "Actual Loops": 1,
            "Output": [
                "count(*)"
            ],
            "Plans": [
                {
                    "Node Type": "Gather",
                    "Parent Relationship": "Outer",
                    "Parallel Aware": false,
                    "Startup Cost": 330716.68,
                    "Total Cost": 330717.29,
                    "Plan Rows": 6,
                    "Plan Width": 8,
                    "Actual Startup Time": 570.011,
                    "Actual Total Time": 596.929,
                    "Actual Rows": 7,
                    "Actual Loops": 1,
                    "Output": [
                        "(PARTIAL count(*))"
                    ],
                    "Workers Planned": 6,
                    "Workers Launched": 6,
                    "Single Copy": false,
                    "Plans": [
                        {
                            "Node Type": "Aggregate",
                            "Strategy": "Plain",
                            "Partial Mode": "Partial",
                            "Parent Relationship": "Outer",
                            "Parallel Aware": false,
                            "Startup Cost": 329716.68,
                            "Total Cost": 329716.69,
                            "Plan Rows": 1,
                            "Plan Width": 8,
                            "Actual Startup Time": 560.044,
                            "Actual Total Time": 560.045,
                            "Actual Rows": 1,
                            "Actual Loops": 7,
                            "Output": [
                                "PARTIAL count(*)"
                            ],
                            "Workers": [
                                {
                                    "Worker Number": 0,
                                    "Actual Startup Time": 560.377,
                                    "Actual Total Time": 560.378,
                                    "Actual Rows": 1,
                                    "Actual Loops": 1
                                },
                                {
                                    "Worker Number": 1,
                                    "Actual Startup Time": 559.921,
                                    "Actual Total Time": 559.922,
                                    "Actual Rows": 1,
                                    "Actual Loops": 1
                                },
                                {
                                    "Worker Number": 2,
                                    "Actual Startup Time": 559.615,
                                    "Actual Total Time": 559.615,
                                    "Actual Rows": 1,
                                    "Actual Loops": 1
                                },
                                {
                                    "Worker Number": 3,
                                    "Actual Startup Time": 556.271,
                                    "Actual Total Time": 556.272,
                                    "Actual Rows": 1,
                                    "Actual Loops": 1
                                },
                                {
                                    "Worker Number": 4,
                                    "Actual Startup Time": 558.708,
                                    "Actual Total Time": 558.709,
                                    "Actual Rows": 1,
                                    "Actual Loops": 1
                                },
                                {
                                    "Worker Number": 5,
                                    "Actual Startup Time": 558.435,
                                    "Actual Total Time": 558.436,
                                    "Actual Rows": 1,
                                    "Actual Loops": 1
                                }
                            ],
                            "Plans": [
                                {
                                    "Node Type": "Seq Scan",
                                    "Parent Relationship": "Outer",
                                    "Parallel Aware": true,
                                    "Relation Name": "cast_info",
                                    "Schema": "public",
                                    "Alias": "ci",
                                    "Startup Cost": 0.0,
                                    "Total Cost": 328213.62,
                                    "Plan Rows": 601226,
                                    "Plan Width": 0,
                                    "Actual Startup Time": 413.069,
                                    "Actual Total Time": 534.896,
                                    "Actual Rows": 520616,
                                    "Actual Loops": 7,
                                    "Output": [
                                        "id",
                                        "person_id",
                                        "movie_id",
                                        "person_role_id",
                                        "note",
                                        "nr_order",
                                        "role_id"
                                    ],
                                    "Filter": "(ci.person_id > 3400986)",
                                    "Rows Removed by Filter": 4657147,
                                    "Workers": [
                                        {
                                            "Worker Number": 0,
                                            "Actual Startup Time": 413.417,
                                            "Actual Total Time": 535.849,
                                            "Actual Rows": 543816,
                                            "Actual Loops": 1
                                        },
                                        {
                                            "Worker Number": 1,
                                            "Actual Startup Time": 412.964,
                                            "Actual Total Time": 535.397,
                                            "Actual Rows": 547000,
                                            "Actual Loops": 1
                                        },
                                        {
                                            "Worker Number": 2,
                                            "Actual Startup Time": 412.636,
                                            "Actual Total Time": 535.122,
                                            "Actual Rows": 544044,
                                            "Actual Loops": 1
                                        },
                                        {
                                            "Worker Number": 3,
                                            "Actual Startup Time": 409.285,
                                            "Actual Total Time": 530.942,
                                            "Actual Rows": 375991,
                                            "Actual Loops": 1
                                        },
                                        {
                                            "Worker Number": 4,
                                            "Actual Startup Time": 411.724,
                                            "Actual Total Time": 535.906,
                                            "Actual Rows": 555720,
                                            "Actual Loops": 1
                                        },
                                        {
                                            "Worker Number": 5,
                                            "Actual Startup Time": 411.458,
                                            "Actual Total Time": 535.78,
                                            "Actual Rows": 551674,
                                            "Actual Loops": 1
                                        }
                                    ]
                                }
                            ]
                        }
                    ]
                }
            ]
        },
        "Planning Time": 506.544,
        "Triggers": [],
        "Execution Time": 597.02
    }
]