[
  {
    "Plan": {
      "Node Type": "Aggregate",
      "Strategy": "Plain",
      "Partial Mode": "Finalize",
      "Parallel Aware": false,
      "Startup Cost": 269566.76,
      "Total Cost": 269566.77,
      "Plan Rows": 1,
      "Plan Width": 8,
      "Actual Startup Time": 910.482,
      "Actual Total Time": 950.349,
      "Actual Rows": 1,
      "Actual Loops": 1,
      "Plans": [
        {
          "Node Type": "Gather",
          "Parent Relationship": "Outer",
          "Parallel Aware": false,
          "Startup Cost": 269566.23,
          "Total Cost": 269566.74,
          "Plan Rows": 5,
          "Plan Width": 8,
          "Actual Startup Time": 907.309,
          "Actual Total Time": 950.338,
          "Actual Rows": 6,
          "Actual Loops": 1,
          "Workers Planned": 5,
          "Workers Launched": 5,
          "Single Copy": false,
          "Plans": [
            {
              "Node Type": "Aggregate",
              "Strategy": "Plain",
              "Partial Mode": "Partial",
              "Parent Relationship": "Outer",
              "Parallel Aware": false,
              "Startup Cost": 268566.23,
              "Total Cost": 268566.24,
              "Plan Rows": 1,
              "Plan Width": 8,
              "Actual Startup Time": 899.465,
              "Actual Total Time": 899.525,
              "Actual Rows": 1,
              "Actual Loops": 6,
              "Plans": [
                {
                  "Node Type": "Hash Join",
                  "Parent Relationship": "Outer",
                  "Parallel Aware": true,
                  "Join Type": "Inner",
                  "Startup Cost": 64247.3,
                  "Total Cost": 268004.05,
                  "Plan Rows": 224875,
                  "Plan Width": 0,
                  "Actual Startup Time": 195.534,
                  "Actual Total Time": 852.274,
                  "Actual Rows": 1079719,
                  "Actual Loops": 6,
                  "Inner Unique": false,
                  "Hash Cond": "(mi.movie_id = t.id)",
                  "Plans": [
                    {
                      "Node Type": "Seq Scan",
                      "Parent Relationship": "Outer",
                      "Parallel Aware": true,
                      "Relation Name": "movie_info",
                      "Alias": "mi",
                      "Startup Cost": 0.0,
                      "Total Cost": 191685.19,
                      "Plan Rows": 2969219,
                      "Plan Width": 4,
                      "Actual Startup Time": 0.029,
                      "Actual Total Time": 295.119,
                      "Actual Rows": 2472620,
                      "Actual Loops": 6
                    },
                    {
                      "Node Type": "Hash",
                      "Parent Relationship": "Inner",
                      "Parallel Aware": true,
                      "Startup Cost": 63249.95,
                      "Total Cost": 63249.95,
                      "Plan Rows": 79788,
                      "Plan Width": 8,
                      "Actual Startup Time": 184.261,
                      "Actual Total Time": 184.32,
                      "Actual Rows": 47960,
                      "Actual Loops": 6,
                      "Hash Buckets": 524288,
                      "Original Hash Buckets": 262144,
                      "Hash Batches": 1,
                      "Original Hash Batches": 1,
                      "Peak Memory Usage": 17440,
                      "Plans": [
                        {
                          "Node Type": "Hash Join",
                          "Parent Relationship": "Outer",
                          "Parallel Aware": true,
                          "Join Type": "Inner",
                          "Startup Cost": 47115.96,
                          "Total Cost": 63249.95,
                          "Plan Rows": 79788,
                          "Plan Width": 8,
                          "Actual Startup Time": 127.405,
                          "Actual Total Time": 162.172,
                          "Actual Rows": 47960,
                          "Actual Loops": 6,
                          "Inner Unique": true,
                          "Hash Cond": "(mi_idx.movie_id = t.id)",
                          "Plans": [
                            {
                              "Node Type": "Seq Scan",
                              "Parent Relationship": "Outer",
                              "Parallel Aware": true,
                              "Relation Name": "movie_info_idx",
                              "Alias": "mi_idx",
                              "Startup Cost": 0.0,
                              "Total Cost": 15122.68,
                              "Plan Rows": 385260,
                              "Plan Width": 4,
                              "Actual Startup Time": 0.015,
                              "Actual Total Time": 26.302,
                              "Actual Rows": 153352,
                              "Actual Loops": 6,
                              "Filter": "(info_type_id > 99)",
                              "Rows Removed by Filter": 76654
                            },
                            {
                              "Node Type": "Hash",
                              "Parent Relationship": "Inner",
                              "Parallel Aware": true,
                              "Startup Cost": 45479.59,
                              "Total Cost": 45479.59,
                              "Plan Rows": 130910,
                              "Plan Width": 4,
                              "Actual Startup Time": 107.539,
                              "Actual Total Time": 107.54,
                              "Actual Rows": 66560,
                              "Actual Loops": 6,
                              "Hash Buckets": 524288,
                              "Original Hash Buckets": 524288,
                              "Hash Batches": 1,
                              "Original Hash Batches": 1,
                              "Peak Memory Usage": 19840,
                              "Plans": [
                                {
                                  "Node Type": "Seq Scan",
                                  "Parent Relationship": "Outer",
                                  "Parallel Aware": true,
                                  "Relation Name": "title",
                                  "Alias": "t",
                                  "Startup Cost": 0.0,
                                  "Total Cost": 45479.59,
                                  "Plan Rows": 130910,
                                  "Plan Width": 4,
                                  "Actual Startup Time": 40.104,
                                  "Actual Total Time": 81.0,
                                  "Actual Rows": 66560,
                                  "Actual Loops": 6,
                                  "Filter": "((kind_id < 2) AND (production_year > 1976))",
                                  "Rows Removed by Filter": 354825
                                }
                              ]
                            }
                          ]
                        }
                      ]
                    }
                  ]
                }
              ]
            }
          ]
        }
      ]
    },
    "Planning Time": 0.937,
    "Triggers": [],
    "Execution Time": 950.416
  }
]