[
    {
        "Bao": {
            "Bao prediction": "NaN",
            "Bao recommended hint": "(no hint)"
        }
    },
    {
        "Plan": {
            "Node Type": "Aggregate",
            "Strategy": "Plain",
            "Partial Mode": "Finalize",
            "Parallel Aware": false,
            "Startup Cost": 39630.88,
            "Total Cost": 39630.89,
            "Plan Rows": 1,
            "Plan Width": 8,
            "Actual Startup Time": 47.598,
            "Actual Total Time": 53.123,
            "Actual Rows": 1,
            "Actual Loops": 1,
            "Output": [
                "count(*)"
            ],
            "Plans": [
                {
                    "Node Type": "Gather",
                    "Parent Relationship": "Outer",
                    "Parallel Aware": false,
                    "Startup Cost": 39630.46,
                    "Total Cost": 39630.87,
                    "Plan Rows": 4,
                    "Plan Width": 8,
                    "Actual Startup Time": 47.321,
                    "Actual Total Time": 53.116,
                    "Actual Rows": 5,
                    "Actual Loops": 1,
                    "Output": [
                        "(PARTIAL count(*))"
                    ],
                    "Workers Planned": 4,
                    "Workers Launched": 4,
                    "Single Copy": false,
                    "Plans": [
                        {
                            "Node Type": "Aggregate",
                            "Strategy": "Plain",
                            "Partial Mode": "Partial",
                            "Parent Relationship": "Outer",
                            "Parallel Aware": false,
                            "Startup Cost": 38630.46,
                            "Total Cost": 38630.47,
                            "Plan Rows": 1,
                            "Plan Width": 8,
                            "Actual Startup Time": 37.819,
                            "Actual Total Time": 37.82,
                            "Actual Rows": 1,
                            "Actual Loops": 5,
                            "Output": [
                                "PARTIAL count(*)"
                            ],
                            "Workers": [
                                {
                                    "Worker Number": 0,
                                    "Actual Startup Time": 35.123,
                                    "Actual Total Time": 35.124,
                                    "Actual Rows": 1,
                                    "Actual Loops": 1
                                },
                                {
                                    "Worker Number": 1,
                                    "Actual Startup Time": 35.466,
                                    "Actual Total Time": 35.467,
                                    "Actual Rows": 1,
                                    "Actual Loops": 1
                                },
                                {
                                    "Worker Number": 2,
                                    "Actual Startup Time": 35.459,
                                    "Actual Total Time": 35.46,
                                    "Actual Rows": 1,
                                    "Actual Loops": 1
                                },
                                {
                                    "Worker Number": 3,
                                    "Actual Startup Time": 36.037,
                                    "Actual Total Time": 36.039,
                                    "Actual Rows": 1,
                                    "Actual Loops": 1
                                }
                            ],
                            "Plans": [
                                {
                                    "Node Type": "Bitmap Heap Scan",
                                    "Parent Relationship": "Outer",
                                    "Parallel Aware": true,
                                    "Relation Name": "title",
                                    "Schema": "public",
                                    "Alias": "t",
                                    "Startup Cost": 2130.25,
                                    "Total Cost": 38571.34,
                                    "Plan Rows": 23647,
                                    "Plan Width": 0,
                                    "Actual Startup Time": 2.474,
                                    "Actual Total Time": 35.904,
                                    "Actual Rows": 23579,
                                    "Actual Loops": 5,
                                    "Recheck Cond": "(t.kind_id = 4)",
                                    "Rows Removed by Index Recheck": 0,
                                    "Filter": "(t.production_year > 1973)",
                                    "Rows Removed by Filter": 68,
                                    "Exact Heap Blocks": 6889,
                                    "Lossy Heap Blocks": 0,
                                    "Workers": [
                                        {
                                            "Worker Number": 0,
                                            "Actual Startup Time": 0.4,
                                            "Actual Total Time": 33.5,
                                            "Actual Rows": 14431,
                                            "Actual Loops": 1
                                        },
                                        {
                                            "Worker Number": 1,
                                            "Actual Startup Time": 0.274,
                                            "Actual Total Time": 33.824,
                                            "Actual Rows": 10760,
                                            "Actual Loops": 1
                                        },
                                        {
                                            "Worker Number": 2,
                                            "Actual Startup Time": 0.213,
                                            "Actual Total Time": 33.767,
                                            "Actual Rows": 15129,
                                            "Actual Loops": 1
                                        },
                                        {
                                            "Worker Number": 3,
                                            "Actual Startup Time": 0.362,
                                            "Actual Total Time": 34.412,
                                            "Actual Rows": 14575,
                                            "Actual Loops": 1
                                        }
                                    ],
                                    "Plans": [
                                        {
                                            "Node Type": "Bitmap Index Scan",
                                            "Parent Relationship": "Outer",
                                            "Parallel Aware": false,
                                            "Index Name": "kind_id_title",
                                            "Startup Cost": 0.0,
                                            "Total Cost": 2106.61,
                                            "Plan Rows": 118157,
                                            "Plan Width": 0,
                                            "Actual Startup Time": 8.048,
                                            "Actual Total Time": 8.048,
                                            "Actual Rows": 118234,
                                            "Actual Loops": 1,
                                            "Index Cond": "(t.kind_id = 4)"
                                        }
                                    ]
                                }
                            ]
                        }
                    ]
                }
            ]
        },
        "Planning Time": 212.159,
        "Triggers": [],
        "Execution Time": 53.174
    }
]