[
  {
    "Plan": {
      "Node Type": "Aggregate",
      "Strategy": "Plain",
      "Partial Mode": "Finalize",
      "Parallel Aware": false,
      "Startup Cost": 30286.87,
      "Total Cost": 30286.88,
      "Plan Rows": 1,
      "Plan Width": 8,
      "Actual Startup Time": 84.477,
      "Actual Total Time": 87.395,
      "Actual Rows": 1,
      "Actual Loops": 1,
      "Plans": [
        {
          "Node Type": "Gather",
          "Parent Relationship": "Outer",
          "Parallel Aware": false,
          "Startup Cost": 30286.55,
          "Total Cost": 30286.86,
          "Plan Rows": 3,
          "Plan Width": 8,
          "Actual Startup Time": 84.325,
          "Actual Total Time": 87.388,
          "Actual Rows": 4,
          "Actual Loops": 1,
          "Workers Planned": 3,
          "Workers Launched": 3,
          "Single Copy": false,
          "Plans": [
            {
              "Node Type": "Aggregate",
              "Strategy": "Plain",
              "Partial Mode": "Partial",
              "Parent Relationship": "Outer",
              "Parallel Aware": false,
              "Startup Cost": 29286.55,
              "Total Cost": 29286.56,
              "Plan Rows": 1,
              "Plan Width": 8,
              "Actual Startup Time": 77.629,
              "Actual Total Time": 77.63,
              "Actual Rows": 1,
              "Actual Loops": 4,
              "Plans": [
                {
                  "Node Type": "Bitmap Heap Scan",
                  "Parent Relationship": "Outer",
                  "Parallel Aware": true,
                  "Relation Name": "movie_companies",
                  "Alias": "mc",
                  "Startup Cost": 8580.81,
                  "Total Cost": 28967.26,
                  "Plan Rows": 127716,
                  "Plan Width": 0,
                  "Actual Startup Time": 37.914,
                  "Actual Total Time": 70.711,
                  "Actual Rows": 100337,
                  "Actual Loops": 4,
                  "Recheck Cond": "(company_id > 82112)",
                  "Rows Removed by Index Recheck": 0,
                  "Exact Heap Blocks": 3524,
                  "Lossy Heap Blocks": 0,
                  "Plans": [
                    {
                      "Node Type": "Bitmap Index Scan",
                      "Parent Relationship": "Outer",
                      "Parallel Aware": false,
                      "Index Name": "company_id_movie_companies",
                      "Startup Cost": 0.0,
                      "Total Cost": 8481.83,
                      "Plan Rows": 395920,
                      "Plan Width": 0,
                      "Actual Startup Time": 42.677,
                      "Actual Total Time": 42.677,
                      "Actual Rows": 401349,
                      "Actual Loops": 1,
                      "Index Cond": "(company_id > 82112)"
                    }
                  ]
                }
              ]
            }
          ]
        }
      ]
    },
    "Planning Time": 0.185,
    "Triggers": [],
    "Execution Time": 87.484
  }
]