[
  {
    "Plan": {
      "Node Type": "Aggregate",
      "Strategy": "Plain",
      "Partial Mode": "Finalize",
      "Parallel Aware": false,
      "Startup Cost": 46482.5,
      "Total Cost": 46482.51,
      "Plan Rows": 1,
      "Plan Width": 8,
      "Actual Startup Time": 97.008,
      "Actual Total Time": 108.939,
      "Actual Rows": 1,
      "Actual Loops": 1,
      "Plans": [
        {
          "Node Type": "Gather",
          "Parent Relationship": "Outer",
          "Parallel Aware": false,
          "Startup Cost": 46482.08,
          "Total Cost": 46482.49,
          "Plan Rows": 4,
          "Plan Width": 8,
          "Actual Startup Time": 96.705,
          "Actual Total Time": 108.926,
          "Actual Rows": 5,
          "Actual Loops": 1,
          "Workers Planned": 4,
          "Workers Launched": 4,
          "Single Copy": false,
          "Plans": [
            {
              "Node Type": "Aggregate",
              "Strategy": "Plain",
              "Partial Mode": "Partial",
              "Parent Relationship": "Outer",
              "Parallel Aware": false,
              "Startup Cost": 45482.08,
              "Total Cost": 45482.09,
              "Plan Rows": 1,
              "Plan Width": 8,
              "Actual Startup Time": 87.535,
              "Actual Total Time": 87.536,
              "Actual Rows": 1,
              "Actual Loops": 5,
              "Plans": [
                {
                  "Node Type": "Seq Scan",
                  "Parent Relationship": "Outer",
                  "Parallel Aware": true,
                  "Relation Name": "title",
                  "Alias": "t",
                  "Startup Cost": 0.0,
                  "Total Cost": 45479.59,
                  "Plan Rows": 996,
                  "Plan Width": 0,
                  "Actual Startup Time": 0.368,
                  "Actual Total Time": 87.433,
                  "Actual Rows": 640,
                  "Actual Loops": 5,
                  "Filter": "((kind_id > 1) AND (production_year = 1951))",
                  "Rows Removed by Filter": 505023
                }
              ]
            }
          ]
        }
      ]
    },
    "Planning Time": 0.067,
    "Triggers": [],
    "Execution Time": 108.965
  }
]