[
  {
    "Plan": {
      "Node Type": "Aggregate",
      "Strategy": "Plain",
      "Partial Mode": "Finalize",
      "Parallel Aware": false,
      "Startup Cost": 296366.79,
      "Total Cost": 296366.8,
      "Plan Rows": 1,
      "Plan Width": 8,
      "Actual Startup Time": 1129.993,
      "Actual Total Time": 1177.321,
      "Actual Rows": 1,
      "Actual Loops": 1,
      "Plans": [
        {
          "Node Type": "Gather",
          "Parent Relationship": "Outer",
          "Parallel Aware": false,
          "Startup Cost": 296366.27,
          "Total Cost": 296366.78,
          "Plan Rows": 5,
          "Plan Width": 8,
          "Actual Startup Time": 1118.96,
          "Actual Total Time": 1177.312,
          "Actual Rows": 6,
          "Actual Loops": 1,
          "Workers Planned": 5,
          "Workers Launched": 5,
          "Single Copy": false,
          "Plans": [
            {
              "Node Type": "Aggregate",
              "Strategy": "Plain",
              "Partial Mode": "Partial",
              "Parent Relationship": "Outer",
              "Parallel Aware": false,
              "Startup Cost": 295366.27,
              "Total Cost": 295366.28,
              "Plan Rows": 1,
              "Plan Width": 8,
              "Actual Startup Time": 1103.558,
              "Actual Total Time": 1103.564,
              "Actual Rows": 1,
              "Actual Loops": 6,
              "Plans": [
                {
                  "Node Type": "Hash Join",
                  "Parent Relationship": "Outer",
                  "Parallel Aware": true,
                  "Join Type": "Inner",
                  "Startup Cost": 84042.61,
                  "Total Cost": 291578.34,
                  "Plan Rows": 1515171,
                  "Plan Width": 0,
                  "Actual Startup Time": 366.531,
                  "Actual Total Time": 1067.958,
                  "Actual Rows": 912291,
                  "Actual Loops": 6,
                  "Inner Unique": false,
                  "Hash Cond": "(mi.movie_id = t.id)",
                  "Plans": [
                    {
                      "Node Type": "Seq Scan",
                      "Parent Relationship": "Outer",
                      "Parallel Aware": true,
                      "Relation Name": "movie_info",
                      "Alias": "mi",
                      "Startup Cost": 0.0,
                      "Total Cost": 191560.33,
                      "Plan Rows": 2956733,
                      "Plan Width": 4,
                      "Actual Startup Time": 0.014,
                      "Actual Total Time": 271.848,
                      "Actual Rows": 2472620,
                      "Actual Loops": 6
                    },
                    {
                      "Node Type": "Hash",
                      "Parent Relationship": "Inner",
                      "Parallel Aware": true,
                      "Startup Cost": 78818.35,
                      "Total Cost": 78818.35,
                      "Plan Rows": 417941,
                      "Plan Width": 8,
                      "Actual Startup Time": 360.444,
                      "Actual Total Time": 360.448,
                      "Actual Rows": 99724,
                      "Actual Loops": 6,
                      "Hash Buckets": 2097152,
                      "Original Hash Buckets": 2097152,
                      "Hash Batches": 1,
                      "Original Hash Batches": 1,
                      "Peak Memory Usage": 39904,
                      "Plans": [
                        {
                          "Node Type": "Hash Join",
                          "Parent Relationship": "Outer",
                          "Parallel Aware": true,
                          "Join Type": "Inner",
                          "Startup Cost": 49402.46,
                          "Total Cost": 78818.35,
                          "Plan Rows": 417941,
                          "Plan Width": 8,
                          "Actual Startup Time": 172.69,
                          "Actual Total Time": 318.07,
                          "Actual Rows": 99724,
                          "Actual Loops": 6,
                          "Inner Unique": true,
                          "Hash Cond": "(mc.movie_id = t.id)",
                          "Plans": [
                            {
                              "Node Type": "Seq Scan",
                              "Parent Relationship": "Outer",
                              "Parallel Aware": true,
                              "Relation Name": "movie_companies",
                              "Alias": "mc",
                              "Startup Cost": 0.0,
                              "Total Cost": 27206.55,
                              "Plan Rows": 841655,
                              "Plan Width": 4,
                              "Actual Startup Time": 0.021,
                              "Actual Total Time": 40.606,
                              "Actual Rows": 434855,
                              "Actual Loops": 6
                            },
                            {
                              "Node Type": "Hash",
                              "Parent Relationship": "Inner",
                              "Parallel Aware": true,
                              "Startup Cost": 45479.1,
                              "Total Cost": 45479.1,
                              "Plan Rows": 313869,
                              "Plan Width": 4,
                              "Actual Startup Time": 170.253,
                              "Actual Total Time": 170.254,
                              "Actual Rows": 203589,
                              "Actual Loops": 6,
                              "Hash Buckets": 2097152,
                              "Original Hash Buckets": 2097152,
                              "Hash Batches": 1,
                              "Original Hash Batches": 1,
                              "Peak Memory Usage": 64256,
                              "Plans": [
                                {
                                  "Node Type": "Seq Scan",
                                  "Parent Relationship": "Outer",
                                  "Parallel Aware": true,
                                  "Relation Name": "title",
                                  "Alias": "t",
                                  "Startup Cost": 0.0,
                                  "Total Cost": 45479.1,
                                  "Plan Rows": 313869,
                                  "Plan Width": 4,
                                  "Actual Startup Time": 0.039,
                                  "Actual Total Time": 80.48,
                                  "Actual Rows": 203589,
                                  "Actual Loops": 6,
                                  "Filter": "((production_year < 2011) AND (kind_id = 7))",
                                  "Rows Removed by Filter": 217796
                                }
                              ]
                            }
                          ]
                        }
                      ]
                    }
                  ]
                }
              ]
            }
          ]
        }
      ]
    },
    "Planning Time": 1.477,
    "Triggers": [],
    "Execution Time": 1177.417
  }
]