[
  {
    "Plan": {
      "Node Type": "Aggregate",
      "Strategy": "Plain",
      "Partial Mode": "Finalize",
      "Parallel Aware": false,
      "Startup Cost": 91788.01,
      "Total Cost": 91788.02,
      "Plan Rows": 1,
      "Plan Width": 8,
      "Actual Startup Time": 373.856,
      "Actual Total Time": 389.624,
      "Actual Rows": 1,
      "Actual Loops": 1,
      "Plans": [
        {
          "Node Type": "Gather",
          "Parent Relationship": "Outer",
          "Parallel Aware": false,
          "Startup Cost": 91787.69,
          "Total Cost": 91788.0,
          "Plan Rows": 3,
          "Plan Width": 8,
          "Actual Startup Time": 370.347,
          "Actual Total Time": 389.616,
          "Actual Rows": 4,
          "Actual Loops": 1,
          "Workers Planned": 3,
          "Workers Launched": 3,
          "Single Copy": false,
          "Plans": [
            {
              "Node Type": "Aggregate",
              "Strategy": "Plain",
              "Partial Mode": "Partial",
              "Parent Relationship": "Outer",
              "Parallel Aware": false,
              "Startup Cost": 90787.69,
              "Total Cost": 90787.7,
              "Plan Rows": 1,
              "Plan Width": 8,
              "Actual Startup Time": 363.057,
              "Actual Total Time": 363.061,
              "Actual Rows": 1,
              "Actual Loops": 4,
              "Plans": [
                {
                  "Node Type": "Hash Join",
                  "Parent Relationship": "Outer",
                  "Parallel Aware": true,
                  "Join Type": "Inner",
                  "Startup Cost": 46063.08,
                  "Total Cost": 90367.98,
                  "Plan Rows": 167882,
                  "Plan Width": 0,
                  "Actual Startup Time": 173.059,
                  "Actual Total Time": 354.643,
                  "Actual Rows": 181290,
                  "Actual Loops": 4,
                  "Inner Unique": true,
                  "Hash Cond": "(mk.movie_id = t.id)",
                  "Plans": [
                    {
                      "Node Type": "Seq Scan",
                      "Parent Relationship": "Outer",
                      "Parallel Aware": true,
                      "Relation Name": "movie_keyword",
                      "Alias": "mk",
                      "Startup Cost": 0.0,
                      "Total Cost": 42695.65,
                      "Plan Rows": 613046,
                      "Plan Width": 4,
                      "Actual Startup Time": 0.032,
                      "Actual Total Time": 106.556,
                      "Actual Rows": 476416,
                      "Actual Loops": 4,
                      "Filter": "(keyword_id < 3266)",
                      "Rows Removed by Filter": 654566
                    },
                    {
                      "Node Type": "Hash",
                      "Parent Relationship": "Inner",
                      "Parallel Aware": true,
                      "Startup Cost": 43899.32,
                      "Total Cost": 43899.32,
                      "Plan Rows": 173101,
                      "Plan Width": 4,
                      "Actual Startup Time": 169.623,
                      "Actual Total Time": 169.624,
                      "Actual Rows": 176796,
                      "Actual Loops": 4,
                      "Hash Buckets": 1048576,
                      "Original Hash Buckets": 1048576,
                      "Hash Batches": 1,
                      "Original Hash Batches": 1,
                      "Peak Memory Usage": 35936,
                      "Plans": [
                        {
                          "Node Type": "Seq Scan",
                          "Parent Relationship": "Outer",
                          "Parallel Aware": true,
                          "Relation Name": "title",
                          "Alias": "t",
                          "Startup Cost": 0.0,
                          "Total Cost": 43899.32,
                          "Plan Rows": 173101,
                          "Plan Width": 4,
                          "Actual Startup Time": 0.045,
                          "Actual Total Time": 102.47,
                          "Actual Rows": 176796,
                          "Actual Loops": 4,
                          "Filter": "(production_year < 1991)",
                          "Rows Removed by Filter": 455282
                        }
                      ]
                    }
                  ]
                }
              ]
            }
          ]
        }
      ]
    },
    "Planning Time": 0.557,
    "Triggers": [],
    "Execution Time": 389.666
  }
]