[
    {
        "Bao": {
            "Bao prediction": "NaN",
            "Bao recommended hint": "(no hint)"
        }
    },
    {
        "Plan": {
            "Node Type": "Aggregate",
            "Strategy": "Plain",
            "Partial Mode": "Finalize",
            "Parallel Aware": false,
            "Startup Cost": 27838.94,
            "Total Cost": 27838.95,
            "Plan Rows": 1,
            "Plan Width": 8,
            "Actual Startup Time": 99.92,
            "Actual Total Time": 106.377,
            "Actual Rows": 1,
            "Actual Loops": 1,
            "Output": [
                "count(*)"
            ],
            "Plans": [
                {
                    "Node Type": "Gather",
                    "Parent Relationship": "Outer",
                    "Parallel Aware": false,
                    "Startup Cost": 27838.62,
                    "Total Cost": 27838.93,
                    "Plan Rows": 3,
                    "Plan Width": 8,
                    "Actual Startup Time": 99.527,
                    "Actual Total Time": 106.364,
                    "Actual Rows": 4,
                    "Actual Loops": 1,
                    "Output": [
                        "(PARTIAL count(*))"
                    ],
                    "Workers Planned": 3,
                    "Workers Launched": 3,
                    "Single Copy": false,
                    "Plans": [
                        {
                            "Node Type": "Aggregate",
                            "Strategy": "Plain",
                            "Partial Mode": "Partial",
                            "Parent Relationship": "Outer",
                            "Parallel Aware": false,
                            "Startup Cost": 26838.62,
                            "Total Cost": 26838.63,
                            "Plan Rows": 1,
                            "Plan Width": 8,
                            "Actual Startup Time": 89.898,
                            "Actual Total Time": 89.9,
                            "Actual Rows": 1,
                            "Actual Loops": 4,
                            "Output": [
                                "PARTIAL count(*)"
                            ],
                            "Workers": [
                                {
                                    "Worker Number": 0,
                                    "Actual Startup Time": 86.359,
                                    "Actual Total Time": 86.361,
                                    "Actual Rows": 1,
                                    "Actual Loops": 1
                                },
                                {
                                    "Worker Number": 1,
                                    "Actual Startup Time": 86.976,
                                    "Actual Total Time": 86.977,
                                    "Actual Rows": 1,
                                    "Actual Loops": 1
                                },
                                {
                                    "Worker Number": 2,
                                    "Actual Startup Time": 87.434,
                                    "Actual Total Time": 87.435,
                                    "Actual Rows": 1,
                                    "Actual Loops": 1
                                }
                            ],
                            "Plans": [
                                {
                                    "Node Type": "Bitmap Heap Scan",
                                    "Parent Relationship": "Outer",
                                    "Parallel Aware": true,
                                    "Relation Name": "movie_companies",
                                    "Schema": "public",
                                    "Alias": "mc",
                                    "Startup Cost": 6475.48,
                                    "Total Cost": 26719.81,
                                    "Plan Rows": 47524,
                                    "Plan Width": 0,
                                    "Actual Startup Time": 17.555,
                                    "Actual Total Time": 84.737,
                                    "Actual Rows": 56096,
                                    "Actual Loops": 4,
                                    "Recheck Cond": "(mc.company_id < 160)",
                                    "Rows Removed by Index Recheck": 0,
                                    "Filter": "(mc.company_type_id = 1)",
                                    "Rows Removed by Filter": 17123,
                                    "Exact Heap Blocks": 6714,
                                    "Lossy Heap Blocks": 0,
                                    "Workers": [
                                        {
                                            "Worker Number": 0,
                                            "Actual Startup Time": 14.408,
                                            "Actual Total Time": 81.632,
                                            "Actual Rows": 42758,
                                            "Actual Loops": 1
                                        },
                                        {
                                            "Worker Number": 1,
                                            "Actual Startup Time": 14.759,
                                            "Actual Total Time": 82.55,
                                            "Actual Rows": 36353,
                                            "Actual Loops": 1
                                        },
                                        {
                                            "Worker Number": 2,
                                            "Actual Startup Time": 15.05,
                                            "Actual Total Time": 82.715,
                                            "Actual Rows": 42720,
                                            "Actual Loops": 1
                                        }
                                    ],
                                    "Plans": [
                                        {
                                            "Node Type": "Bitmap Index Scan",
                                            "Parent Relationship": "Outer",
                                            "Parallel Aware": false,
                                            "Index Name": "company_id_movie_companies",
                                            "Startup Cost": 0.0,
                                            "Total Cost": 6438.65,
                                            "Plan Rows": 300562,
                                            "Plan Width": 0,
                                            "Actual Startup Time": 21.758,
                                            "Actual Total Time": 21.759,
                                            "Actual Rows": 292877,
                                            "Actual Loops": 1,
                                            "Index Cond": "(mc.company_id < 160)"
                                        }
                                    ]
                                }
                            ]
                        }
                    ]
                }
            ]
        },
        "Planning Time": 311.124,
        "Triggers": [],
        "Execution Time": 106.506
    }
]