[
    {
        "Bao": {
            "Bao prediction": "NaN",
            "Bao recommended hint": "(no hint)"
        }
    },
    {
        "Plan": {
            "Node Type": "Aggregate",
            "Strategy": "Plain",
            "Partial Mode": "Finalize",
            "Parallel Aware": false,
            "Startup Cost": 33238.18,
            "Total Cost": 33238.19,
            "Plan Rows": 1,
            "Plan Width": 8,
            "Actual Startup Time": 114.334,
            "Actual Total Time": 121.86,
            "Actual Rows": 1,
            "Actual Loops": 1,
            "Output": [
                "count(*)"
            ],
            "Plans": [
                {
                    "Node Type": "Gather",
                    "Parent Relationship": "Outer",
                    "Parallel Aware": false,
                    "Startup Cost": 33237.87,
                    "Total Cost": 33238.18,
                    "Plan Rows": 3,
                    "Plan Width": 8,
                    "Actual Startup Time": 114.194,
                    "Actual Total Time": 121.851,
                    "Actual Rows": 4,
                    "Actual Loops": 1,
                    "Output": [
                        "(PARTIAL count(*))"
                    ],
                    "Workers Planned": 3,
                    "Workers Launched": 3,
                    "Single Copy": false,
                    "Plans": [
                        {
                            "Node Type": "Aggregate",
                            "Strategy": "Plain",
                            "Partial Mode": "Partial",
                            "Parent Relationship": "Outer",
                            "Parallel Aware": false,
                            "Startup Cost": 32237.87,
                            "Total Cost": 32237.88,
                            "Plan Rows": 1,
                            "Plan Width": 8,
                            "Actual Startup Time": 105.902,
                            "Actual Total Time": 105.904,
                            "Actual Rows": 1,
                            "Actual Loops": 4,
                            "Output": [
                                "PARTIAL count(*)"
                            ],
                            "Workers": [
                                {
                                    "Worker Number": 0,
                                    "Actual Startup Time": 102.842,
                                    "Actual Total Time": 102.843,
                                    "Actual Rows": 1,
                                    "Actual Loops": 1
                                },
                                {
                                    "Worker Number": 1,
                                    "Actual Startup Time": 103.44,
                                    "Actual Total Time": 103.441,
                                    "Actual Rows": 1,
                                    "Actual Loops": 1
                                },
                                {
                                    "Worker Number": 2,
                                    "Actual Startup Time": 103.75,
                                    "Actual Total Time": 103.751,
                                    "Actual Rows": 1,
                                    "Actual Loops": 1
                                }
                            ],
                            "Plans": [
                                {
                                    "Node Type": "Seq Scan",
                                    "Parent Relationship": "Outer",
                                    "Parallel Aware": true,
                                    "Relation Name": "movie_companies",
                                    "Schema": "public",
                                    "Alias": "mc",
                                    "Startup Cost": 0.0,
                                    "Total Cost": 31414.82,
                                    "Plan Rows": 329219,
                                    "Plan Width": 0,
                                    "Actual Startup Time": 52.86,
                                    "Actual Total Time": 95.733,
                                    "Actual Rows": 183726,
                                    "Actual Loops": 4,
                                    "Output": [
                                        "id",
                                        "movie_id",
                                        "company_id",
                                        "company_type_id",
                                        "note"
                                    ],
                                    "Filter": "((mc.company_id < 66018) AND (mc.company_type_id = 2))",
                                    "Rows Removed by Filter": 468556,
                                    "Workers": [
                                        {
                                            "Worker Number": 0,
                                            "Actual Startup Time": 49.793,
                                            "Actual Total Time": 92.908,
                                            "Actual Rows": 149781,
                                            "Actual Loops": 1
                                        },
                                        {
                                            "Worker Number": 1,
                                            "Actual Startup Time": 50.397,
                                            "Actual Total Time": 93.398,
                                            "Actual Rows": 151760,
                                            "Actual Loops": 1
                                        },
                                        {
                                            "Worker Number": 2,
                                            "Actual Startup Time": 50.718,
                                            "Actual Total Time": 93.675,
                                            "Actual Rows": 151590,
                                            "Actual Loops": 1
                                        }
                                    ]
                                }
                            ]
                        }
                    ]
                }
            ]
        },
        "Planning Time": 328.144,
        "Triggers": [],
        "Execution Time": 121.955
    }
]