{
  "Plan": {
    "Node Type": "Aggregate",
    "Strategy": "Plain",
    "Partial Mode": "Finalize",
    "Parallel Aware": false,
    "Startup Cost": 333120.35,
    "Total Cost": 333120.36,
    "Plan Rows": 1,
    "Plan Width": 8,
    "Actual Startup Time": 1938.072,
    "Actual Total Time": 1975.901,
    "Actual Rows": 1,
    "Actual Loops": 1,
    "Plans": [
      {
        "Node Type": "Gather",
        "Parent Relationship": "Outer",
        "Parallel Aware": false,
        "Startup Cost": 333120.24,
        "Total Cost": 333120.35,
        "Plan Rows": 1,
        "Plan Width": 8,
        "Actual Startup Time": 1937.462,
        "Actual Total Time": 1975.894,
        "Actual Rows": 2,
        "Actual Loops": 1,
        "Workers Planned": 1,
        "Workers Launched": 1,
        "Single Copy": false,
        "Plans": [
          {
            "Node Type": "Aggregate",
            "Strategy": "Plain",
            "Partial Mode": "Partial",
            "Parent Relationship": "Outer",
            "Parallel Aware": false,
            "Startup Cost": 332120.24,
            "Total Cost": 332120.25,
            "Plan Rows": 1,
            "Plan Width": 8,
            "Actual Startup Time": 1934.631,
            "Actual Total Time": 1934.634,
            "Actual Rows": 1,
            "Actual Loops": 2,
            "Plans": [
              {
                "Node Type": "Hash Join",
                "Parent Relationship": "Outer",
                "Parallel Aware": true,
                "Join Type": "Inner",
                "Startup Cost": 59242.32,
                "Total Cost": 331025.81,
                "Plan Rows": 437773,
                "Plan Width": 0,
                "Actual Startup Time": 165.455,
                "Actual Total Time": 1879.575,
                "Actual Rows": 1359769,
                "Actual Loops": 2,
                "Inner Unique": true,
                "Hash Cond": "(mi.movie_id = t.id)",
                "Plans": [
                  {
                    "Node Type": "Seq Scan",
                    "Parent Relationship": "Outer",
                    "Parallel Aware": true,
                    "Relation Name": "movie_info",
                    "Alias": "mi",
                    "Startup Cost": 0.0,
                    "Total Cost": 248955.74,
                    "Plan Rows": 8696274,
                    "Plan Width": 4,
                    "Actual Startup Time": 0.009,
                    "Actual Total Time": 611.324,
                    "Actual Rows": 7417860,
                    "Actual Loops": 2
                  },
                  {
                    "Node Type": "Hash",
                    "Parent Relationship": "Inner",
                    "Parallel Aware": true,
                    "Startup Cost": 58306.47,
                    "Total Cost": 58306.47,
                    "Plan Rows": 74868,
                    "Plan Width": 4,
                    "Actual Startup Time": 162.887,
                    "Actual Total Time": 162.888,
                    "Actual Rows": 116846,
                    "Actual Loops": 2,
                    "Hash Buckets": 262144,
                    "Original Hash Buckets": 131072,
                    "Hash Batches": 1,
                    "Original Hash Batches": 1,
                    "Peak Memory Usage": 12256,
                    "Plans": [
                      {
                        "Node Type": "Seq Scan",
                        "Parent Relationship": "Outer",
                        "Parallel Aware": true,
                        "Relation Name": "title",
                        "Alias": "t",
                        "Startup Cost": 0.0,
                        "Total Cost": 58306.47,
                        "Plan Rows": 74868,
                        "Plan Width": 4,
                        "Actual Startup Time": 0.1,
                        "Actual Total Time": 135.45,
                        "Actual Rows": 116846,
                        "Actual Loops": 2,
                        "Filter": "((kind_id < 7) AND (production_year < 1968))",
                        "Rows Removed by Filter": 1147310
                      }
                    ]
                  }
                ]
              }
            ]
          }
        ]
      }
    ]
  },
  "Planning Time": 0.374,
  "Triggers": [],
  "Execution Time": 1975.958
}