{
  "Plan": {
    "Node Type": "Aggregate",
    "Strategy": "Plain",
    "Partial Mode": "Finalize",
    "Parallel Aware": false,
    "Startup Cost": 106240.13,
    "Total Cost": 106240.14,
    "Plan Rows": 1,
    "Plan Width": 8,
    "Actual Startup Time": 353.186,
    "Actual Total Time": 371.099,
    "Actual Rows": 1,
    "Actual Loops": 1,
    "Plans": [
      {
        "Node Type": "Gather",
        "Parent Relationship": "Outer",
        "Parallel Aware": false,
        "Startup Cost": 106240.02,
        "Total Cost": 106240.13,
        "Plan Rows": 1,
        "Plan Width": 8,
        "Actual Startup Time": 352.681,
        "Actual Total Time": 371.092,
        "Actual Rows": 2,
        "Actual Loops": 1,
        "Workers Planned": 1,
        "Workers Launched": 1,
        "Single Copy": false,
        "Plans": [
          {
            "Node Type": "Aggregate",
            "Strategy": "Plain",
            "Partial Mode": "Partial",
            "Parent Relationship": "Outer",
            "Parallel Aware": false,
            "Startup Cost": 105240.02,
            "Total Cost": 105240.03,
            "Plan Rows": 1,
            "Plan Width": 8,
            "Actual Startup Time": 349.22,
            "Actual Total Time": 349.224,
            "Actual Rows": 1,
            "Actual Loops": 2,
            "Plans": [
              {
                "Node Type": "Hash Join",
                "Parent Relationship": "Outer",
                "Parallel Aware": true,
                "Join Type": "Inner",
                "Startup Cost": 73248.88,
                "Total Cost": 105185.31,
                "Plan Rows": 21882,
                "Plan Width": 0,
                "Actual Startup Time": 205.016,
                "Actual Total Time": 348.176,
                "Actual Rows": 17638,
                "Actual Loops": 2,
                "Inner Unique": true,
                "Hash Cond": "(mk.movie_id = t.id)",
                "Plans": [
                  {
                    "Node Type": "Bitmap Heap Scan",
                    "Parent Relationship": "Outer",
                    "Parallel Aware": true,
                    "Relation Name": "movie_keyword",
                    "Alias": "mk",
                    "Startup Cost": 17838.18,
                    "Total Cost": 48476.01,
                    "Plan Rows": 494706,
                    "Plan Width": 4,
                    "Actual Startup Time": 52.099,
                    "Actual Total Time": 141.186,
                    "Actual Rows": 424506,
                    "Actual Loops": 2,
                    "Recheck Cond": "(keyword_id < 813)",
                    "Rows Removed by Index Recheck": 0,
                    "Exact Heap Blocks": 12077,
                    "Lossy Heap Blocks": 0,
                    "Plans": [
                      {
                        "Node Type": "Bitmap Index Scan",
                        "Parent Relationship": "Outer",
                        "Parallel Aware": false,
                        "Index Name": "keyword_id_movie_keyword",
                        "Startup Cost": 0.0,
                        "Total Cost": 17627.93,
                        "Plan Rows": 841000,
                        "Plan Width": 0,
                        "Actual Startup Time": 48.448,
                        "Actual Total Time": 48.449,
                        "Actual Rows": 849012,
                        "Actual Loops": 1,
                        "Index Cond": "(keyword_id < 813)"
                      }
                    ]
                  },
                  {
                    "Node Type": "Hash",
                    "Parent Relationship": "Inner",
                    "Parallel Aware": true,
                    "Startup Cost": 54588.39,
                    "Total Cost": 54588.39,
                    "Plan Rows": 65785,
                    "Plan Width": 4,
                    "Actual Startup Time": 150.898,
                    "Actual Total Time": 150.898,
                    "Actual Rows": 54214,
                    "Actual Loops": 2,
                    "Hash Buckets": 131072,
                    "Original Hash Buckets": 131072,
                    "Hash Batches": 1,
                    "Original Hash Batches": 1,
                    "Peak Memory Usage": 5312,
                    "Plans": [
                      {
                        "Node Type": "Seq Scan",
                        "Parent Relationship": "Outer",
                        "Parallel Aware": true,
                        "Relation Name": "title",
                        "Alias": "t",
                        "Startup Cost": 0.0,
                        "Total Cost": 54588.39,
                        "Plan Rows": 65785,
                        "Plan Width": 4,
                        "Actual Startup Time": 0.026,
                        "Actual Total Time": 136.152,
                        "Actual Rows": 54214,
                        "Actual Loops": 2,
                        "Filter": "(production_year = 2006)",
                        "Rows Removed by Filter": 1209942
                      }
                    ]
                  }
                ]
              }
            ]
          }
        ]
      }
    ]
  },
  "Planning Time": 0.447,
  "Triggers": [],
  "Execution Time": 371.196
}