[
    {
        "Bao": {
            "Bao prediction": "NaN",
            "Bao recommended hint": "(no hint)"
        }
    },
    {
        "Plan": {
            "Node Type": "Aggregate",
            "Strategy": "Plain",
            "Partial Mode": "Finalize",
            "Parallel Aware": false,
            "Startup Cost": 320825.9,
            "Total Cost": 320825.91,
            "Plan Rows": 1,
            "Plan Width": 8,
            "Actual Startup Time": 327.339,
            "Actual Total Time": 335.034,
            "Actual Rows": 1,
            "Actual Loops": 1,
            "Output": [
                "count(*)"
            ],
            "Plans": [
                {
                    "Node Type": "Gather",
                    "Parent Relationship": "Outer",
                    "Parallel Aware": false,
                    "Startup Cost": 320825.48,
                    "Total Cost": 320825.89,
                    "Plan Rows": 4,
                    "Plan Width": 8,
                    "Actual Startup Time": 322.346,
                    "Actual Total Time": 335.022,
                    "Actual Rows": 5,
                    "Actual Loops": 1,
                    "Output": [
                        "(PARTIAL count(*))"
                    ],
                    "Workers Planned": 4,
                    "Workers Launched": 4,
                    "Single Copy": false,
                    "Plans": [
                        {
                            "Node Type": "Aggregate",
                            "Strategy": "Plain",
                            "Partial Mode": "Partial",
                            "Parent Relationship": "Outer",
                            "Parallel Aware": false,
                            "Startup Cost": 319825.48,
                            "Total Cost": 319825.49,
                            "Plan Rows": 1,
                            "Plan Width": 8,
                            "Actual Startup Time": 312.376,
                            "Actual Total Time": 312.38,
                            "Actual Rows": 1,
                            "Actual Loops": 5,
                            "Output": [
                                "PARTIAL count(*)"
                            ],
                            "Workers": [
                                {
                                    "Worker Number": 0,
                                    "Actual Startup Time": 309.633,
                                    "Actual Total Time": 309.636,
                                    "Actual Rows": 1,
                                    "Actual Loops": 1
                                },
                                {
                                    "Worker Number": 1,
                                    "Actual Startup Time": 309.851,
                                    "Actual Total Time": 309.854,
                                    "Actual Rows": 1,
                                    "Actual Loops": 1
                                },
                                {
                                    "Worker Number": 2,
                                    "Actual Startup Time": 310.014,
                                    "Actual Total Time": 310.017,
                                    "Actual Rows": 1,
                                    "Actual Loops": 1
                                },
                                {
                                    "Worker Number": 3,
                                    "Actual Startup Time": 310.687,
                                    "Actual Total Time": 310.69,
                                    "Actual Rows": 1,
                                    "Actual Loops": 1
                                }
                            ],
                            "Plans": [
                                {
                                    "Node Type": "Hash Join",
                                    "Parent Relationship": "Outer",
                                    "Parallel Aware": true,
                                    "Join Type": "Inner",
                                    "Startup Cost": 269779.41,
                                    "Total Cost": 319468.04,
                                    "Plan Rows": 142976,
                                    "Plan Width": 0,
                                    "Actual Startup Time": 111.081,
                                    "Actual Total Time": 306.438,
                                    "Actual Rows": 119763,
                                    "Actual Loops": 5,
                                    "Inner Unique": false,
                                    "Hash Cond": "(t.id = ci.movie_id)",
                                    "Workers": [
                                        {
                                            "Worker Number": 0,
                                            "Actual Startup Time": 108.42,
                                            "Actual Total Time": 303.778,
                                            "Actual Rows": 127286,
                                            "Actual Loops": 1
                                        },
                                        {
                                            "Worker Number": 1,
                                            "Actual Startup Time": 108.619,
                                            "Actual Total Time": 303.967,
                                            "Actual Rows": 127832,
                                            "Actual Loops": 1
                                        },
                                        {
                                            "Worker Number": 2,
                                            "Actual Startup Time": 108.811,
                                            "Actual Total Time": 303.282,
                                            "Actual Rows": 87615,
                                            "Actual Loops": 1
                                        },
                                        {
                                            "Worker Number": 3,
                                            "Actual Startup Time": 109.061,
                                            "Actual Total Time": 305.543,
                                            "Actual Rows": 109255,
                                            "Actual Loops": 1
                                        }
                                    ],
                                    "Plans": [
                                        {
                                            "Node Type": "Seq Scan",
                                            "Parent Relationship": "Outer",
                                            "Parallel Aware": true,
                                            "Relation Name": "title",
                                            "Schema": "public",
                                            "Alias": "t",
                                            "Startup Cost": 0.0,
                                            "Total Cost": 43899.01,
                                            "Plan Rows": 555134,
                                            "Plan Width": 4,
                                            "Actual Startup Time": 0.011,
                                            "Actual Total Time": 77.471,
                                            "Actual Rows": 444914,
                                            "Actual Loops": 5,
                                            "Output": [
                                                "t.id",
                                                "t.title",
                                                "t.imdb_index",
                                                "t.kind_id",
                                                "t.production_year",
                                                "t.imdb_id",
                                                "t.phonetic_code",
                                                "t.episode_of_id",
                                                "t.season_nr",
                                                "t.episode_nr",
                                                "t.series_years",
                                                "t.md5sum"
                                            ],
                                            "Filter": "(t.production_year < 2012)",
                                            "Rows Removed by Filter": 60749,
                                            "Workers": [
                                                {
                                                    "Worker Number": 0,
                                                    "Actual Startup Time": 0.009,
                                                    "Actual Total Time": 79.167,
                                                    "Actual Rows": 471381,
                                                    "Actual Loops": 1
                                                },
                                                {
                                                    "Worker Number": 1,
                                                    "Actual Startup Time": 0.009,
                                                    "Actual Total Time": 79.264,
                                                    "Actual Rows": 476782,
                                                    "Actual Loops": 1
                                                },
                                                {
                                                    "Worker Number": 2,
                                                    "Actual Startup Time": 0.014,
                                                    "Actual Total Time": 85.998,
                                                    "Actual Rows": 324711,
                                                    "Actual Loops": 1
                                                },
                                                {
                                                    "Worker Number": 3,
                                                    "Actual Startup Time": 0.012,
                                                    "Actual Total Time": 75.081,
                                                    "Actual Rows": 406602,
                                                    "Actual Loops": 1
                                                }
                                            ]
                                        },
                                        {
                                            "Node Type": "Hash",
                                            "Parent Relationship": "Inner",
                                            "Parallel Aware": true,
                                            "Startup Cost": 268422.8,
                                            "Total Cost": 268422.8,
                                            "Plan Rows": 108529,
                                            "Plan Width": 4,
                                            "Actual Startup Time": 108.646,
                                            "Actual Total Time": 108.648,
                                            "Actual Rows": 133341,
                                            "Actual Loops": 5,
                                            "Output": [
                                                "ci.movie_id"
                                            ],
                                            "Hash Buckets": 1048576,
                                            "Original Hash Buckets": 1048576,
                                            "Hash Batches": 1,
                                            "Original Hash Batches": 1,
                                            "Peak Memory Usage": 34336,
                                            "Workers": [
                                                {
                                                    "Worker Number": 0,
                                                    "Actual Startup Time": 107.955,
                                                    "Actual Total Time": 107.956,
                                                    "Actual Rows": 126571,
                                                    "Actual Loops": 1
                                                },
                                                {
                                                    "Worker Number": 1,
                                                    "Actual Startup Time": 108.172,
                                                    "Actual Total Time": 108.174,
                                                    "Actual Rows": 112482,
                                                    "Actual Loops": 1
                                                },
                                                {
                                                    "Worker Number": 2,
                                                    "Actual Startup Time": 108.373,
                                                    "Actual Total Time": 108.374,
                                                    "Actual Rows": 97935,
                                                    "Actual Loops": 1
                                                },
                                                {
                                                    "Worker Number": 3,
                                                    "Actual Startup Time": 108.611,
                                                    "Actual Total Time": 108.612,
                                                    "Actual Rows": 102547,
                                                    "Actual Loops": 1
                                                }
                                            ],
                                            "Plans": [
                                                {
                                                    "Node Type": "Bitmap Heap Scan",
                                                    "Parent Relationship": "Outer",
                                                    "Parallel Aware": true,
                                                    "Relation Name": "cast_info",
                                                    "Schema": "public",
                                                    "Alias": "ci",
                                                    "Startup Cost": 14379.18,
                                                    "Total Cost": 268422.8,
                                                    "Plan Rows": 108529,
                                                    "Plan Width": 4,
                                                    "Actual Startup Time": 23.247,
                                                    "Actual Total Time": 56.099,
                                                    "Actual Rows": 133341,
                                                    "Actual Loops": 5,
                                                    "Output": [
                                                        "ci.movie_id"
                                                    ],
                                                    "Recheck Cond": "(ci.person_id < 71384)",
                                                    "Rows Removed by Index Recheck": 0,
                                                    "Exact Heap Blocks": 2226,
                                                    "Lossy Heap Blocks": 0,
                                                    "Workers": [
                                                        {
                                                            "Worker Number": 0,
                                                            "Actual Startup Time": 22.572,
                                                            "Actual Total Time": 56.626,
                                                            "Actual Rows": 126571,
                                                            "Actual Loops": 1
                                                        },
                                                        {
                                                            "Worker Number": 1,
                                                            "Actual Startup Time": 22.997,
                                                            "Actual Total Time": 57.079,
                                                            "Actual Rows": 112482,
                                                            "Actual Loops": 1
                                                        },
                                                        {
                                                            "Worker Number": 2,
                                                            "Actual Startup Time": 22.932,
                                                            "Actual Total Time": 57.951,
                                                            "Actual Rows": 97935,
                                                            "Actual Loops": 1
                                                        },
                                                        {
                                                            "Worker Number": 3,
                                                            "Actual Startup Time": 23.274,
                                                            "Actual Total Time": 55.029,
                                                            "Actual Rows": 102547,
                                                            "Actual Loops": 1
                                                        }
                                                    ],
                                                    "Plans": [
                                                        {
                                                            "Node Type": "Bitmap Index Scan",
                                                            "Parent Relationship": "Outer",
                                                            "Parallel Aware": false,
                                                            "Index Name": "person_id_cast_info",
                                                            "Startup Cost": 0.0,
                                                            "Total Cost": 14216.39,
                                                            "Plan Rows": 651176,
                                                            "Plan Width": 0,
                                                            "Actual Startup Time": 23.482,
                                                            "Actual Total Time": 23.482,
                                                            "Actual Rows": 666706,
                                                            "Actual Loops": 1,
                                                            "Index Cond": "(ci.person_id < 71384)"
                                                        }
                                                    ]
                                                }
                                            ]
                                        }
                                    ]
                                }
                            ]
                        }
                    ]
                }
            ]
        },
        "Planning Time": 175.795,
        "Triggers": [],
        "Execution Time": 335.158
    }
]