[
  {
    "Plan": {
      "Node Type": "Aggregate",
      "Strategy": "Plain",
      "Partial Mode": "Finalize",
      "Parallel Aware": false,
      "Startup Cost": 46521.89,
      "Total Cost": 46521.9,
      "Plan Rows": 1,
      "Plan Width": 8,
      "Actual Startup Time": 67.726,
      "Actual Total Time": 73.558,
      "Actual Rows": 1,
      "Actual Loops": 1,
      "Plans": [
        {
          "Node Type": "Gather",
          "Parent Relationship": "Outer",
          "Parallel Aware": false,
          "Startup Cost": 46521.47,
          "Total Cost": 46521.88,
          "Plan Rows": 4,
          "Plan Width": 8,
          "Actual Startup Time": 67.627,
          "Actual Total Time": 73.553,
          "Actual Rows": 5,
          "Actual Loops": 1,
          "Workers Planned": 4,
          "Workers Launched": 4,
          "Single Copy": false,
          "Plans": [
            {
              "Node Type": "Aggregate",
              "Strategy": "Plain",
              "Partial Mode": "Partial",
              "Parent Relationship": "Outer",
              "Parallel Aware": false,
              "Startup Cost": 45521.47,
              "Total Cost": 45521.48,
              "Plan Rows": 1,
              "Plan Width": 8,
              "Actual Startup Time": 64.561,
              "Actual Total Time": 64.561,
              "Actual Rows": 1,
              "Actual Loops": 5,
              "Plans": [
                {
                  "Node Type": "Seq Scan",
                  "Parent Relationship": "Outer",
                  "Parallel Aware": true,
                  "Relation Name": "title",
                  "Alias": "t",
                  "Startup Cost": 0.0,
                  "Total Cost": 45479.21,
                  "Plan Rows": 16906,
                  "Plan Width": 0,
                  "Actual Startup Time": 40.019,
                  "Actual Total Time": 64.556,
                  "Actual Rows": 1,
                  "Actual Loops": 5,
                  "Filter": "((production_year < 1928) AND (kind_id = 7))",
                  "Rows Removed by Filter": 505662
                }
              ]
            }
          ]
        }
      ]
    },
    "Planning Time": 0.083,
    "Triggers": [],
    "Execution Time": 73.587
  }
]