[
  {
    "Plan": {
      "Node Type": "Aggregate",
      "Strategy": "Plain",
      "Partial Mode": "Finalize",
      "Parallel Aware": false,
      "Startup Cost": 46520.3,
      "Total Cost": 46520.31,
      "Plan Rows": 1,
      "Plan Width": 8,
      "Actual Startup Time": 99.802,
      "Actual Total Time": 112.746,
      "Actual Rows": 1,
      "Actual Loops": 1,
      "Plans": [
        {
          "Node Type": "Gather",
          "Parent Relationship": "Outer",
          "Parallel Aware": false,
          "Startup Cost": 46519.88,
          "Total Cost": 46520.29,
          "Plan Rows": 4,
          "Plan Width": 8,
          "Actual Startup Time": 99.553,
          "Actual Total Time": 112.735,
          "Actual Rows": 5,
          "Actual Loops": 1,
          "Workers Planned": 4,
          "Workers Launched": 4,
          "Single Copy": false,
          "Plans": [
            {
              "Node Type": "Aggregate",
              "Strategy": "Plain",
              "Partial Mode": "Partial",
              "Parent Relationship": "Outer",
              "Parallel Aware": false,
              "Startup Cost": 45519.88,
              "Total Cost": 45519.89,
              "Plan Rows": 1,
              "Plan Width": 8,
              "Actual Startup Time": 90.754,
              "Actual Total Time": 90.755,
              "Actual Rows": 1,
              "Actual Loops": 5,
              "Plans": [
                {
                  "Node Type": "Seq Scan",
                  "Parent Relationship": "Outer",
                  "Parallel Aware": true,
                  "Relation Name": "title",
                  "Alias": "t",
                  "Startup Cost": 0.0,
                  "Total Cost": 45479.1,
                  "Plan Rows": 16312,
                  "Plan Width": 0,
                  "Actual Startup Time": 70.507,
                  "Actual Total Time": 90.747,
                  "Actual Rows": 1,
                  "Actual Loops": 5,
                  "Filter": "((production_year < 1928) AND (kind_id = 7))",
                  "Rows Removed by Filter": 505662
                }
              ]
            }
          ]
        }
      ]
    },
    "Planning Time": 0.192,
    "Triggers": [],
    "Execution Time": 112.806
  }
]