[
    {
        "Bao": {
            "Bao prediction": "NaN",
            "Bao recommended hint": "(no hint)"
        }
    },
    {
        "Plan": {
            "Node Type": "Aggregate",
            "Strategy": "Plain",
            "Partial Mode": "Finalize",
            "Parallel Aware": false,
            "Startup Cost": 349457.26,
            "Total Cost": 349457.27,
            "Plan Rows": 1,
            "Plan Width": 8,
            "Actual Startup Time": 649.699,
            "Actual Total Time": 675.072,
            "Actual Rows": 1,
            "Actual Loops": 1,
            "Output": [
                "count(*)"
            ],
            "Plans": [
                {
                    "Node Type": "Gather",
                    "Parent Relationship": "Outer",
                    "Parallel Aware": false,
                    "Startup Cost": 349456.63,
                    "Total Cost": 349457.24,
                    "Plan Rows": 6,
                    "Plan Width": 8,
                    "Actual Startup Time": 649.607,
                    "Actual Total Time": 675.063,
                    "Actual Rows": 7,
                    "Actual Loops": 1,
                    "Output": [
                        "(PARTIAL count(*))"
                    ],
                    "Workers Planned": 6,
                    "Workers Launched": 6,
                    "Single Copy": false,
                    "Plans": [
                        {
                            "Node Type": "Aggregate",
                            "Strategy": "Plain",
                            "Partial Mode": "Partial",
                            "Parent Relationship": "Outer",
                            "Parallel Aware": false,
                            "Startup Cost": 348456.63,
                            "Total Cost": 348456.64,
                            "Plan Rows": 1,
                            "Plan Width": 8,
                            "Actual Startup Time": 640.221,
                            "Actual Total Time": 640.222,
                            "Actual Rows": 1,
                            "Actual Loops": 7,
                            "Output": [
                                "PARTIAL count(*)"
                            ],
                            "Workers": [
                                {
                                    "Worker Number": 0,
                                    "Actual Startup Time": 637.869,
                                    "Actual Total Time": 637.87,
                                    "Actual Rows": 1,
                                    "Actual Loops": 1
                                },
                                {
                                    "Worker Number": 1,
                                    "Actual Startup Time": 638.247,
                                    "Actual Total Time": 638.248,
                                    "Actual Rows": 1,
                                    "Actual Loops": 1
                                },
                                {
                                    "Worker Number": 2,
                                    "Actual Startup Time": 638.653,
                                    "Actual Total Time": 638.654,
                                    "Actual Rows": 1,
                                    "Actual Loops": 1
                                },
                                {
                                    "Worker Number": 3,
                                    "Actual Startup Time": 638.868,
                                    "Actual Total Time": 638.87,
                                    "Actual Rows": 1,
                                    "Actual Loops": 1
                                },
                                {
                                    "Worker Number": 4,
                                    "Actual Startup Time": 639.242,
                                    "Actual Total Time": 639.243,
                                    "Actual Rows": 1,
                                    "Actual Loops": 1
                                },
                                {
                                    "Worker Number": 5,
                                    "Actual Startup Time": 639.443,
                                    "Actual Total Time": 639.444,
                                    "Actual Rows": 1,
                                    "Actual Loops": 1
                                }
                            ],
                            "Plans": [
                                {
                                    "Node Type": "Seq Scan",
                                    "Parent Relationship": "Outer",
                                    "Parallel Aware": true,
                                    "Relation Name": "cast_info",
                                    "Schema": "public",
                                    "Alias": "ci",
                                    "Startup Cost": 0.0,
                                    "Total Cost": 343318.94,
                                    "Plan Rows": 2055076,
                                    "Plan Width": 0,
                                    "Actual Startup Time": 322.948,
                                    "Actual Total Time": 591.386,
                                    "Actual Rows": 1116328,
                                    "Actual Loops": 7,
                                    "Output": [
                                        "id",
                                        "person_id",
                                        "movie_id",
                                        "person_role_id",
                                        "note",
                                        "nr_order",
                                        "role_id"
                                    ],
                                    "Filter": "((ci.person_id < 2852160) AND (ci.role_id > 2))",
                                    "Rows Removed by Filter": 4061435,
                                    "Workers": [
                                        {
                                            "Worker Number": 0,
                                            "Actual Startup Time": 320.604,
                                            "Actual Total Time": 591.003,
                                            "Actual Rows": 1130609,
                                            "Actual Loops": 1
                                        },
                                        {
                                            "Worker Number": 1,
                                            "Actual Startup Time": 320.975,
                                            "Actual Total Time": 590.679,
                                            "Actual Rows": 1097695,
                                            "Actual Loops": 1
                                        },
                                        {
                                            "Worker Number": 2,
                                            "Actual Startup Time": 321.382,
                                            "Actual Total Time": 592.051,
                                            "Actual Rows": 1126945,
                                            "Actual Loops": 1
                                        },
                                        {
                                            "Worker Number": 3,
                                            "Actual Startup Time": 321.585,
                                            "Actual Total Time": 591.409,
                                            "Actual Rows": 1113186,
                                            "Actual Loops": 1
                                        },
                                        {
                                            "Worker Number": 4,
                                            "Actual Startup Time": 321.962,
                                            "Actual Total Time": 589.525,
                                            "Actual Rows": 737401,
                                            "Actual Loops": 1
                                        },
                                        {
                                            "Worker Number": 5,
                                            "Actual Startup Time": 322.181,
                                            "Actual Total Time": 592.313,
                                            "Actual Rows": 1137354,
                                            "Actual Loops": 1
                                        }
                                    ]
                                }
                            ]
                        }
                    ]
                }
            ]
        },
        "Planning Time": 213.208,
        "Triggers": [],
        "Execution Time": 675.129
    }
]