[
  {
    "Plan": {
      "Node Type": "Aggregate",
      "Strategy": "Plain",
      "Partial Mode": "Finalize",
      "Parallel Aware": false,
      "Startup Cost": 109995.3,
      "Total Cost": 109995.31,
      "Plan Rows": 1,
      "Plan Width": 8,
      "Actual Startup Time": 632.79,
      "Actual Total Time": 653.87,
      "Actual Rows": 1,
      "Actual Loops": 1,
      "Plans": [
        {
          "Node Type": "Gather",
          "Parent Relationship": "Outer",
          "Parallel Aware": false,
          "Startup Cost": 109994.98,
          "Total Cost": 109995.29,
          "Plan Rows": 3,
          "Plan Width": 8,
          "Actual Startup Time": 628.991,
          "Actual Total Time": 653.862,
          "Actual Rows": 4,
          "Actual Loops": 1,
          "Workers Planned": 3,
          "Workers Launched": 3,
          "Single Copy": false,
          "Plans": [
            {
              "Node Type": "Aggregate",
              "Strategy": "Plain",
              "Partial Mode": "Partial",
              "Parent Relationship": "Outer",
              "Parallel Aware": false,
              "Startup Cost": 108994.98,
              "Total Cost": 108994.99,
              "Plan Rows": 1,
              "Plan Width": 8,
              "Actual Startup Time": 624.636,
              "Actual Total Time": 624.922,
              "Actual Rows": 1,
              "Actual Loops": 4,
              "Plans": [
                {
                  "Node Type": "Hash Join",
                  "Parent Relationship": "Outer",
                  "Parallel Aware": true,
                  "Join Type": "Inner",
                  "Startup Cost": 63485.72,
                  "Total Cost": 108623.94,
                  "Plan Rows": 148417,
                  "Plan Width": 0,
                  "Actual Startup Time": 320.477,
                  "Actual Total Time": 576.006,
                  "Actual Rows": 1016619,
                  "Actual Loops": 4,
                  "Inner Unique": false,
                  "Hash Cond": "(mk.movie_id = t.id)",
                  "Plans": [
                    {
                      "Node Type": "Seq Scan",
                      "Parent Relationship": "Outer",
                      "Parallel Aware": true,
                      "Relation Name": "movie_keyword",
                      "Alias": "mk",
                      "Startup Cost": 0.0,
                      "Total Cost": 39047.32,
                      "Plan Rows": 1459332,
                      "Plan Width": 4,
                      "Actual Startup Time": 0.036,
                      "Actual Total Time": 100.306,
                      "Actual Rows": 1130982,
                      "Actual Loops": 4
                    },
                    {
                      "Node Type": "Hash",
                      "Parent Relationship": "Inner",
                      "Parallel Aware": true,
                      "Startup Cost": 62146.42,
                      "Total Cost": 62146.42,
                      "Plan Rows": 107144,
                      "Plan Width": 8,
                      "Actual Startup Time": 278.515,
                      "Actual Total Time": 278.8,
                      "Actual Rows": 89924,
                      "Actual Loops": 4,
                      "Hash Buckets": 524288,
                      "Original Hash Buckets": 262144,
                      "Hash Batches": 1,
                      "Original Hash Batches": 1,
                      "Peak Memory Usage": 20288,
                      "Plans": [
                        {
                          "Node Type": "Hash Join",
                          "Parent Relationship": "Outer",
                          "Parallel Aware": true,
                          "Join Type": "Inner",
                          "Startup Cost": 46951.86,
                          "Total Cost": 62146.42,
                          "Plan Rows": 107144,
                          "Plan Width": 8,
                          "Actual Startup Time": 181.536,
                          "Actual Total Time": 245.053,
                          "Actual Rows": 89924,
                          "Actual Loops": 4,
                          "Inner Unique": true,
                          "Hash Cond": "(mi_idx.movie_id = t.id)",
                          "Plans": [
                            {
                              "Node Type": "Seq Scan",
                              "Parent Relationship": "Outer",
                              "Parallel Aware": true,
                              "Relation Name": "movie_info_idx",
                              "Alias": "mi_idx",
                              "Startup Cost": 0.0,
                              "Total Cost": 13685.15,
                              "Plan Rows": 575015,
                              "Plan Width": 4,
                              "Actual Startup Time": 0.011,
                              "Actual Total Time": 37.333,
                              "Actual Rows": 345009,
                              "Actual Loops": 4
                            },
                            {
                              "Node Type": "Hash",
                              "Parent Relationship": "Inner",
                              "Parallel Aware": true,
                              "Startup Cost": 45479.59,
                              "Total Cost": 45479.59,
                              "Plan Rows": 117782,
                              "Plan Width": 4,
                              "Actual Startup Time": 146.09,
                              "Actual Total Time": 146.092,
                              "Actual Rows": 86421,
                              "Actual Loops": 4,
                              "Hash Buckets": 524288,
                              "Original Hash Buckets": 524288,
                              "Hash Batches": 1,
                              "Original Hash Batches": 1,
                              "Peak Memory Usage": 17696,
                              "Plans": [
                                {
                                  "Node Type": "Seq Scan",
                                  "Parent Relationship": "Outer",
                                  "Parallel Aware": true,
                                  "Relation Name": "title",
                                  "Alias": "t",
                                  "Startup Cost": 0.0,
                                  "Total Cost": 45479.59,
                                  "Plan Rows": 117782,
                                  "Plan Width": 4,
                                  "Actual Startup Time": 47.426,
                                  "Actual Total Time": 108.874,
                                  "Actual Rows": 86421,
                                  "Actual Loops": 4,
                                  "Filter": "((production_year > 1988) AND (kind_id = 1))",
                                  "Rows Removed by Filter": 545657
                                }
                              ]
                            }
                          ]
                        }
                      ]
                    }
                  ]
                }
              ]
            }
          ]
        }
      ]
    },
    "Planning Time": 1.075,
    "Triggers": [],
    "Execution Time": 653.938
  }
]