[
    {
        "Bao": {
            "Bao prediction": 679.157,
            "Bao recommended hint": "(no hint)"
        }
    },
    {
        "Plan": {
            "Node Type": "Aggregate",
            "Strategy": "Plain",
            "Partial Mode": "Finalize",
            "Parallel Aware": false,
            "Startup Cost": 324109.18,
            "Total Cost": 324109.19,
            "Plan Rows": 1,
            "Plan Width": 8,
            "Actual Startup Time": 298.686,
            "Actual Total Time": 305.239,
            "Actual Rows": 1,
            "Actual Loops": 1,
            "Output": [
                "count(*)"
            ],
            "Plans": [
                {
                    "Node Type": "Gather",
                    "Parent Relationship": "Outer",
                    "Parallel Aware": false,
                    "Startup Cost": 324108.55,
                    "Total Cost": 324109.16,
                    "Plan Rows": 6,
                    "Plan Width": 8,
                    "Actual Startup Time": 297.79,
                    "Actual Total Time": 305.231,
                    "Actual Rows": 7,
                    "Actual Loops": 1,
                    "Output": [
                        "(PARTIAL count(*))"
                    ],
                    "Workers Planned": 6,
                    "Workers Launched": 6,
                    "Single Copy": false,
                    "Plans": [
                        {
                            "Node Type": "Aggregate",
                            "Strategy": "Plain",
                            "Partial Mode": "Partial",
                            "Parent Relationship": "Outer",
                            "Parallel Aware": false,
                            "Startup Cost": 323108.55,
                            "Total Cost": 323108.56,
                            "Plan Rows": 1,
                            "Plan Width": 8,
                            "Actual Startup Time": 287.982,
                            "Actual Total Time": 287.983,
                            "Actual Rows": 1,
                            "Actual Loops": 7,
                            "Output": [
                                "PARTIAL count(*)"
                            ],
                            "Workers": [
                                {
                                    "Worker Number": 0,
                                    "Actual Startup Time": 285.965,
                                    "Actual Total Time": 285.966,
                                    "Actual Rows": 1,
                                    "Actual Loops": 1
                                },
                                {
                                    "Worker Number": 1,
                                    "Actual Startup Time": 286.149,
                                    "Actual Total Time": 286.151,
                                    "Actual Rows": 1,
                                    "Actual Loops": 1
                                },
                                {
                                    "Worker Number": 2,
                                    "Actual Startup Time": 286.326,
                                    "Actual Total Time": 286.328,
                                    "Actual Rows": 1,
                                    "Actual Loops": 1
                                },
                                {
                                    "Worker Number": 3,
                                    "Actual Startup Time": 286.673,
                                    "Actual Total Time": 286.674,
                                    "Actual Rows": 1,
                                    "Actual Loops": 1
                                },
                                {
                                    "Worker Number": 4,
                                    "Actual Startup Time": 286.694,
                                    "Actual Total Time": 286.695,
                                    "Actual Rows": 1,
                                    "Actual Loops": 1
                                },
                                {
                                    "Worker Number": 5,
                                    "Actual Startup Time": 287.035,
                                    "Actual Total Time": 287.037,
                                    "Actual Rows": 1,
                                    "Actual Loops": 1
                                }
                            ],
                            "Plans": [
                                {
                                    "Node Type": "Bitmap Heap Scan",
                                    "Parent Relationship": "Outer",
                                    "Parallel Aware": true,
                                    "Relation Name": "cast_info",
                                    "Schema": "public",
                                    "Alias": "ci",
                                    "Startup Cost": 63258.38,
                                    "Total Cost": 321914.69,
                                    "Plan Rows": 477544,
                                    "Plan Width": 0,
                                    "Actual Startup Time": 145.068,
                                    "Actual Total Time": 260.193,
                                    "Actual Rows": 416207,
                                    "Actual Loops": 7,
                                    "Recheck Cond": "(ci.person_id < 283339)",
                                    "Rows Removed by Index Recheck": 0,
                                    "Exact Heap Blocks": 8101,
                                    "Lossy Heap Blocks": 0,
                                    "Workers": [
                                        {
                                            "Worker Number": 0,
                                            "Actual Startup Time": 143.12,
                                            "Actual Total Time": 258.137,
                                            "Actual Rows": 361750,
                                            "Actual Loops": 1
                                        },
                                        {
                                            "Worker Number": 1,
                                            "Actual Startup Time": 143.447,
                                            "Actual Total Time": 259.786,
                                            "Actual Rows": 343176,
                                            "Actual Loops": 1
                                        },
                                        {
                                            "Worker Number": 2,
                                            "Actual Startup Time": 143.392,
                                            "Actual Total Time": 258.681,
                                            "Actual Rows": 358025,
                                            "Actual Loops": 1
                                        },
                                        {
                                            "Worker Number": 3,
                                            "Actual Startup Time": 143.778,
                                            "Actual Total Time": 258.959,
                                            "Actual Rows": 360007,
                                            "Actual Loops": 1
                                        },
                                        {
                                            "Worker Number": 4,
                                            "Actual Startup Time": 143.785,
                                            "Actual Total Time": 259.112,
                                            "Actual Rows": 359734,
                                            "Actual Loops": 1
                                        },
                                        {
                                            "Worker Number": 5,
                                            "Actual Startup Time": 144.161,
                                            "Actual Total Time": 260.734,
                                            "Actual Rows": 340565,
                                            "Actual Loops": 1
                                        }
                                    ],
                                    "Plans": [
                                        {
                                            "Node Type": "Bitmap Index Scan",
                                            "Parent Relationship": "Outer",
                                            "Parallel Aware": false,
                                            "Index Name": "person_id_cast_info",
                                            "Startup Cost": 0.0,
                                            "Total Cost": 62542.07,
                                            "Plan Rows": 2865267,
                                            "Plan Width": 0,
                                            "Actual Startup Time": 148.958,
                                            "Actual Total Time": 148.959,
                                            "Actual Rows": 2913452,
                                            "Actual Loops": 1,
                                            "Index Cond": "(ci.person_id < 283339)"
                                        }
                                    ]
                                }
                            ]
                        }
                    ]
                }
            ]
        },
        "Planning Time": 1362.82,
        "Triggers": [],
        "Execution Time": 305.338
    }
]