[
  {
    "Plan": {
      "Node Type": "Aggregate",
      "Strategy": "Plain",
      "Partial Mode": "Finalize",
      "Parallel Aware": false,
      "Startup Cost": 46265.64,
      "Total Cost": 46265.65,
      "Plan Rows": 1,
      "Plan Width": 8,
      "Actual Startup Time": 180.891,
      "Actual Total Time": 191.11,
      "Actual Rows": 1,
      "Actual Loops": 1,
      "Plans": [
        {
          "Node Type": "Gather",
          "Parent Relationship": "Outer",
          "Parallel Aware": false,
          "Startup Cost": 46265.33,
          "Total Cost": 46265.64,
          "Plan Rows": 3,
          "Plan Width": 8,
          "Actual Startup Time": 180.719,
          "Actual Total Time": 191.097,
          "Actual Rows": 4,
          "Actual Loops": 1,
          "Workers Planned": 3,
          "Workers Launched": 3,
          "Single Copy": false,
          "Plans": [
            {
              "Node Type": "Aggregate",
              "Strategy": "Plain",
              "Partial Mode": "Partial",
              "Parent Relationship": "Outer",
              "Parallel Aware": false,
              "Startup Cost": 45265.33,
              "Total Cost": 45265.34,
              "Plan Rows": 1,
              "Plan Width": 8,
              "Actual Startup Time": 174.795,
              "Actual Total Time": 174.796,
              "Actual Rows": 1,
              "Actual Loops": 4,
              "Plans": [
                {
                  "Node Type": "Seq Scan",
                  "Parent Relationship": "Outer",
                  "Parallel Aware": true,
                  "Relation Name": "movie_keyword",
                  "Alias": "mk",
                  "Startup Cost": 0.0,
                  "Total Cost": 42695.65,
                  "Plan Rows": 1027869,
                  "Plan Width": 0,
                  "Actual Startup Time": 0.04,
                  "Actual Total Time": 133.916,
                  "Actual Rows": 796346,
                  "Actual Loops": 4,
                  "Filter": "(keyword_id < 12835)",
                  "Rows Removed by Filter": 334637
                }
              ]
            }
          ]
        }
      ]
    },
    "Planning Time": 0.099,
    "Triggers": [],
    "Execution Time": 191.144
  }
]