[
  {
    "Plan": {
      "Node Type": "Aggregate",
      "Strategy": "Plain",
      "Partial Mode": "Finalize",
      "Parallel Aware": false,
      "Startup Cost": 94995.96,
      "Total Cost": 94995.97,
      "Plan Rows": 1,
      "Plan Width": 8,
      "Actual Startup Time": 369.494,
      "Actual Total Time": 386.044,
      "Actual Rows": 1,
      "Actual Loops": 1,
      "Plans": [
        {
          "Node Type": "Gather",
          "Parent Relationship": "Outer",
          "Parallel Aware": false,
          "Startup Cost": 94995.64,
          "Total Cost": 94995.95,
          "Plan Rows": 3,
          "Plan Width": 8,
          "Actual Startup Time": 367.163,
          "Actual Total Time": 386.036,
          "Actual Rows": 4,
          "Actual Loops": 1,
          "Workers Planned": 3,
          "Workers Launched": 3,
          "Single Copy": false,
          "Plans": [
            {
              "Node Type": "Aggregate",
              "Strategy": "Plain",
              "Partial Mode": "Partial",
              "Parent Relationship": "Outer",
              "Parallel Aware": false,
              "Startup Cost": 93995.64,
              "Total Cost": 93995.65,
              "Plan Rows": 1,
              "Plan Width": 8,
              "Actual Startup Time": 358.565,
              "Actual Total Time": 358.569,
              "Actual Rows": 1,
              "Actual Loops": 4,
              "Plans": [
                {
                  "Node Type": "Hash Join",
                  "Parent Relationship": "Outer",
                  "Parallel Aware": true,
                  "Join Type": "Inner",
                  "Startup Cost": 47422.31,
                  "Total Cost": 93259.73,
                  "Plan Rows": 294365,
                  "Plan Width": 0,
                  "Actual Startup Time": 167.841,
                  "Actual Total Time": 356.269,
                  "Actual Rows": 56440,
                  "Actual Loops": 4,
                  "Inner Unique": true,
                  "Hash Cond": "(mk.movie_id = t.id)",
                  "Plans": [
                    {
                      "Node Type": "Seq Scan",
                      "Parent Relationship": "Outer",
                      "Parallel Aware": true,
                      "Relation Name": "movie_keyword",
                      "Alias": "mk",
                      "Startup Cost": 0.0,
                      "Total Cost": 42695.65,
                      "Plan Rows": 1196862,
                      "Plan Width": 4,
                      "Actual Startup Time": 0.024,
                      "Actual Total Time": 106.399,
                      "Actual Rows": 931021,
                      "Actual Loops": 4,
                      "Filter": "(keyword_id < 23111)",
                      "Rows Removed by Filter": 199962
                    },
                    {
                      "Node Type": "Hash",
                      "Parent Relationship": "Inner",
                      "Parallel Aware": true,
                      "Startup Cost": 45479.1,
                      "Total Cost": 45479.1,
                      "Plan Rows": 155457,
                      "Plan Width": 4,
                      "Actual Startup Time": 162.626,
                      "Actual Total Time": 162.629,
                      "Actual Rows": 169232,
                      "Actual Loops": 4,
                      "Hash Buckets": 1048576,
                      "Original Hash Buckets": 1048576,
                      "Hash Batches": 1,
                      "Original Hash Batches": 1,
                      "Peak Memory Usage": 34720,
                      "Plans": [
                        {
                          "Node Type": "Seq Scan",
                          "Parent Relationship": "Outer",
                          "Parallel Aware": true,
                          "Relation Name": "title",
                          "Alias": "t",
                          "Startup Cost": 0.0,
                          "Total Cost": 45479.1,
                          "Plan Rows": 155457,
                          "Plan Width": 4,
                          "Actual Startup Time": 0.039,
                          "Actual Total Time": 100.638,
                          "Actual Rows": 169232,
                          "Actual Loops": 4,
                          "Filter": "((production_year > 2005) AND (kind_id = 7))",
                          "Rows Removed by Filter": 462846
                        }
                      ]
                    }
                  ]
                }
              ]
            }
          ]
        }
      ]
    },
    "Planning Time": 0.642,
    "Triggers": [],
    "Execution Time": 386.113
  }
]