[
  {
    "Plan": {
      "Node Type": "Aggregate",
      "Strategy": "Plain",
      "Partial Mode": "Finalize",
      "Parallel Aware": false,
      "Startup Cost": 398108.29,
      "Total Cost": 398108.3,
      "Plan Rows": 1,
      "Plan Width": 8,
      "Actual Startup Time": 1299.998,
      "Actual Total Time": 1351.566,
      "Actual Rows": 1,
      "Actual Loops": 1,
      "Plans": [
        {
          "Node Type": "Gather",
          "Parent Relationship": "Outer",
          "Parallel Aware": false,
          "Startup Cost": 398107.66,
          "Total Cost": 398108.27,
          "Plan Rows": 6,
          "Plan Width": 8,
          "Actual Startup Time": 1295.464,
          "Actual Total Time": 1351.55,
          "Actual Rows": 7,
          "Actual Loops": 1,
          "Workers Planned": 6,
          "Workers Launched": 6,
          "Single Copy": false,
          "Plans": [
            {
              "Node Type": "Aggregate",
              "Strategy": "Plain",
              "Partial Mode": "Partial",
              "Parent Relationship": "Outer",
              "Parallel Aware": false,
              "Startup Cost": 397107.66,
              "Total Cost": 397107.67,
              "Plan Rows": 1,
              "Plan Width": 8,
              "Actual Startup Time": 1287.053,
              "Actual Total Time": 1287.056,
              "Actual Rows": 1,
              "Actual Loops": 7,
              "Plans": [
                {
                  "Node Type": "Hash Join",
                  "Parent Relationship": "Outer",
                  "Parallel Aware": true,
                  "Join Type": "Inner",
                  "Startup Cost": 48223.34,
                  "Total Cost": 395723.87,
                  "Plan Rows": 553519,
                  "Plan Width": 0,
                  "Actual Startup Time": 512.833,
                  "Actual Total Time": 1266.106,
                  "Actual Rows": 412634,
                  "Actual Loops": 7,
                  "Inner Unique": true,
                  "Hash Cond": "(ci.movie_id = t.id)",
                  "Plans": [
                    {
                      "Node Type": "Seq Scan",
                      "Parent Relationship": "Outer",
                      "Parallel Aware": true,
                      "Relation Name": "cast_info",
                      "Alias": "ci",
                      "Startup Cost": 0.0,
                      "Total Cost": 343316.27,
                      "Plan Rows": 1594000,
                      "Plan Width": 4,
                      "Actual Startup Time": 364.756,
                      "Actual Total Time": 705.995,
                      "Actual Rows": 1714700,
                      "Actual Loops": 7,
                      "Filter": "((person_id > 1455450) AND (role_id > 2))",
                      "Rows Removed by Filter": 3463063
                    },
                    {
                      "Node Type": "Hash",
                      "Parent Relationship": "Inner",
                      "Parallel Aware": true,
                      "Startup Cost": 45479.59,
                      "Total Cost": 45479.59,
                      "Plan Rows": 219500,
                      "Plan Width": 4,
                      "Actual Startup Time": 145.629,
                      "Actual Total Time": 145.63,
                      "Actual Rows": 113598,
                      "Actual Loops": 7,
                      "Hash Buckets": 1048576,
                      "Original Hash Buckets": 1048576,
                      "Hash Batches": 1,
                      "Original Hash Batches": 1,
                      "Peak Memory Usage": 39424,
                      "Plans": [
                        {
                          "Node Type": "Seq Scan",
                          "Parent Relationship": "Outer",
                          "Parallel Aware": true,
                          "Relation Name": "title",
                          "Alias": "t",
                          "Startup Cost": 0.0,
                          "Total Cost": 45479.59,
                          "Plan Rows": 219500,
                          "Plan Width": 4,
                          "Actual Startup Time": 0.036,
                          "Actual Total Time": 88.949,
                          "Actual Rows": 113598,
                          "Actual Loops": 7,
                          "Filter": "((kind_id > 1) AND (production_year < 2003))",
                          "Rows Removed by Filter": 247590
                        }
                      ]
                    }
                  ]
                }
              ]
            }
          ]
        }
      ]
    },
    "Planning Time": 0.257,
    "Triggers": [],
    "Execution Time": 1351.615
  }
]