[
  {
    "Plan": {
      "Node Type": "Aggregate",
      "Strategy": "Plain",
      "Partial Mode": "Finalize",
      "Parallel Aware": false,
      "Startup Cost": 342928.08,
      "Total Cost": 342928.09,
      "Plan Rows": 1,
      "Plan Width": 8,
      "Actual Startup Time": 914.461,
      "Actual Total Time": 970.662,
      "Actual Rows": 1,
      "Actual Loops": 1,
      "Plans": [
        {
          "Node Type": "Gather",
          "Parent Relationship": "Outer",
          "Parallel Aware": false,
          "Startup Cost": 342927.45,
          "Total Cost": 342928.06,
          "Plan Rows": 6,
          "Plan Width": 8,
          "Actual Startup Time": 914.337,
          "Actual Total Time": 970.652,
          "Actual Rows": 7,
          "Actual Loops": 1,
          "Workers Planned": 6,
          "Workers Launched": 6,
          "Single Copy": false,
          "Plans": [
            {
              "Node Type": "Aggregate",
              "Strategy": "Plain",
              "Partial Mode": "Partial",
              "Parent Relationship": "Outer",
              "Parallel Aware": false,
              "Startup Cost": 341927.45,
              "Total Cost": 341927.46,
              "Plan Rows": 1,
              "Plan Width": 8,
              "Actual Startup Time": 905.831,
              "Actual Total Time": 905.832,
              "Actual Rows": 1,
              "Actual Loops": 7,
              "Plans": [
                {
                  "Node Type": "Seq Scan",
                  "Parent Relationship": "Outer",
                  "Parallel Aware": true,
                  "Relation Name": "cast_info",
                  "Alias": "ci",
                  "Startup Cost": 0.0,
                  "Total Cost": 328162.03,
                  "Plan Rows": 5506170,
                  "Plan Width": 0,
                  "Actual Startup Time": 47.508,
                  "Actual Total Time": 688.434,
                  "Actual Rows": 4709986,
                  "Actual Loops": 7,
                  "Filter": "(person_id > 315951)",
                  "Rows Removed by Filter": 467778
                }
              ]
            }
          ]
        }
      ]
    },
    "Planning Time": 0.2,
    "Triggers": [],
    "Execution Time": 970.772
  }
]