[
  {
    "Plan": {
      "Node Type": "Aggregate",
      "Strategy": "Plain",
      "Partial Mode": "Finalize",
      "Parallel Aware": false,
      "Startup Cost": 30669.47,
      "Total Cost": 30669.48,
      "Plan Rows": 1,
      "Plan Width": 8,
      "Actual Startup Time": 76.798,
      "Actual Total Time": 81.374,
      "Actual Rows": 1,
      "Actual Loops": 1,
      "Plans": [
        {
          "Node Type": "Gather",
          "Parent Relationship": "Outer",
          "Parallel Aware": false,
          "Startup Cost": 30669.16,
          "Total Cost": 30669.47,
          "Plan Rows": 3,
          "Plan Width": 8,
          "Actual Startup Time": 76.731,
          "Actual Total Time": 81.368,
          "Actual Rows": 4,
          "Actual Loops": 1,
          "Workers Planned": 3,
          "Workers Launched": 3,
          "Single Copy": false,
          "Plans": [
            {
              "Node Type": "Aggregate",
              "Strategy": "Plain",
              "Partial Mode": "Partial",
              "Parent Relationship": "Outer",
              "Parallel Aware": false,
              "Startup Cost": 29669.16,
              "Total Cost": 29669.17,
              "Plan Rows": 1,
              "Plan Width": 8,
              "Actual Startup Time": 72.135,
              "Actual Total Time": 72.136,
              "Actual Rows": 1,
              "Actual Loops": 4,
              "Plans": [
                {
                  "Node Type": "Seq Scan",
                  "Parent Relationship": "Outer",
                  "Parallel Aware": true,
                  "Relation Name": "movie_companies",
                  "Alias": "mc",
                  "Startup Cost": 0.0,
                  "Total Cost": 29310.68,
                  "Plan Rows": 143390,
                  "Plan Width": 0,
                  "Actual Startup Time": 0.038,
                  "Actual Total Time": 65.197,
                  "Actual Rows": 109829,
                  "Actual Loops": 4,
                  "Filter": "(company_id < 329)",
                  "Rows Removed by Filter": 542454
                }
              ]
            }
          ]
        }
      ]
    },
    "Planning Time": 0.095,
    "Triggers": [],
    "Execution Time": 81.404
  }
]