[
  {
    "Plan": {
      "Node Type": "Aggregate",
      "Strategy": "Plain",
      "Partial Mode": "Finalize",
      "Parallel Aware": false,
      "Startup Cost": 110564.88,
      "Total Cost": 110564.89,
      "Plan Rows": 1,
      "Plan Width": 8,
      "Actual Startup Time": 488.96,
      "Actual Total Time": 541.527,
      "Actual Rows": 1,
      "Actual Loops": 1,
      "Plans": [
        {
          "Node Type": "Gather",
          "Parent Relationship": "Outer",
          "Parallel Aware": false,
          "Startup Cost": 110564.66,
          "Total Cost": 110564.87,
          "Plan Rows": 2,
          "Plan Width": 8,
          "Actual Startup Time": 485.744,
          "Actual Total Time": 541.512,
          "Actual Rows": 3,
          "Actual Loops": 1,
          "Workers Planned": 2,
          "Workers Launched": 2,
          "Single Copy": false,
          "Plans": [
            {
              "Node Type": "Aggregate",
              "Strategy": "Plain",
              "Partial Mode": "Partial",
              "Parent Relationship": "Outer",
              "Parallel Aware": false,
              "Startup Cost": 109564.66,
              "Total Cost": 109564.67,
              "Plan Rows": 1,
              "Plan Width": 8,
              "Actual Startup Time": 480.851,
              "Actual Total Time": 480.857,
              "Actual Rows": 1,
              "Actual Loops": 3,
              "Plans": [
                {
                  "Node Type": "Nested Loop",
                  "Parent Relationship": "Outer",
                  "Parallel Aware": false,
                  "Join Type": "Inner",
                  "Startup Cost": 44330.59,
                  "Total Cost": 109521.01,
                  "Plan Rows": 17462,
                  "Plan Width": 0,
                  "Actual Startup Time": 165.845,
                  "Actual Total Time": 480.788,
                  "Actual Rows": 246,
                  "Actual Loops": 3,
                  "Inner Unique": false,
                  "Join Filter": "(t.id = ci.movie_id)",
                  "Rows Removed by Join Filter": 0,
                  "Plans": [
                    {
                      "Node Type": "Hash Join",
                      "Parent Relationship": "Outer",
                      "Parallel Aware": true,
                      "Join Type": "Inner",
                      "Startup Cost": 44330.02,
                      "Total Cost": 59960.37,
                      "Plan Rows": 10542,
                      "Plan Width": 8,
                      "Actual Startup Time": 141.014,
                      "Actual Total Time": 210.997,
                      "Actual Rows": 7107,
                      "Actual Loops": 3,
                      "Inner Unique": true,
                      "Hash Cond": "(mi_idx.movie_id = t.id)",
                      "Plans": [
                        {
                          "Node Type": "Seq Scan",
                          "Parent Relationship": "Outer",
                          "Parallel Aware": true,
                          "Relation Name": "movie_info_idx",
                          "Alias": "mi_idx",
                          "Startup Cost": 0.0,
                          "Total Cost": 15122.68,
                          "Plan Rows": 193397,
                          "Plan Width": 4,
                          "Actual Startup Time": 0.013,
                          "Actual Total Time": 43.384,
                          "Actual Rows": 153395,
                          "Actual Loops": 3,
                          "Filter": "(info_type_id > 100)",
                          "Rows Removed by Filter": 306617
                        },
                        {
                          "Node Type": "Hash",
                          "Parent Relationship": "Inner",
                          "Parallel Aware": true,
                          "Startup Cost": 43899.32,
                          "Total Cost": 43899.32,
                          "Plan Rows": 34456,
                          "Plan Width": 4,
                          "Actual Startup Time": 127.827,
                          "Actual Total Time": 127.829,
                          "Actual Rows": 49240,
                          "Actual Loops": 3,
                          "Hash Buckets": 262144,
                          "Original Hash Buckets": 262144,
                          "Hash Batches": 1,
                          "Original Hash Batches": 1,
                          "Peak Memory Usage": 7872,
                          "Plans": [
                            {
                              "Node Type": "Seq Scan",
                              "Parent Relationship": "Outer",
                              "Parallel Aware": true,
                              "Relation Name": "title",
                              "Alias": "t",
                              "Startup Cost": 0.0,
                              "Total Cost": 43899.32,
                              "Plan Rows": 34456,
                              "Plan Width": 4,
                              "Actual Startup Time": 5.083,
                              "Actual Total Time": 111.348,
                              "Actual Rows": 49240,
                              "Actual Loops": 3,
                              "Filter": "(production_year < 1943)",
                              "Rows Removed by Filter": 793531
                            }
                          ]
                        }
                      ]
                    },
                    {
                      "Node Type": "Index Scan",
                      "Parent Relationship": "Inner",
                      "Parallel Aware": false,
                      "Scan Direction": "Forward",
                      "Index Name": "movie_id_cast_info",
                      "Relation Name": "cast_info",
                      "Alias": "ci",
                      "Startup Cost": 0.56,
                      "Total Cost": 4.65,
                      "Plan Rows": 4,
                      "Plan Width": 4,
                      "Actual Startup Time": 0.037,
                      "Actual Total Time": 0.038,
                      "Actual Rows": 0,
                      "Actual Loops": 21322,
                      "Index Cond": "(movie_id = mi_idx.movie_id)",
                      "Rows Removed by Index Recheck": 0,
                      "Filter": "((person_id > 3028951) AND (role_id < 4))",
                      "Rows Removed by Filter": 21
                    }
                  ]
                }
              ]
            }
          ]
        }
      ]
    },
    "Planning Time": 0.93,
    "Triggers": [],
    "Execution Time": 541.641
  }
]