[
  {
    "Plan": {
      "Node Type": "Aggregate",
      "Strategy": "Plain",
      "Partial Mode": "Finalize",
      "Parallel Aware": false,
      "Startup Cost": 44557.9,
      "Total Cost": 44557.91,
      "Plan Rows": 1,
      "Plan Width": 8,
      "Actual Startup Time": 104.312,
      "Actual Total Time": 113.957,
      "Actual Rows": 1,
      "Actual Loops": 1,
      "Plans": [
        {
          "Node Type": "Gather",
          "Parent Relationship": "Outer",
          "Parallel Aware": false,
          "Startup Cost": 44557.58,
          "Total Cost": 44557.89,
          "Plan Rows": 3,
          "Plan Width": 8,
          "Actual Startup Time": 104.156,
          "Actual Total Time": 113.951,
          "Actual Rows": 4,
          "Actual Loops": 1,
          "Workers Planned": 3,
          "Workers Launched": 3,
          "Single Copy": false,
          "Plans": [
            {
              "Node Type": "Aggregate",
              "Strategy": "Plain",
              "Partial Mode": "Partial",
              "Parent Relationship": "Outer",
              "Parallel Aware": false,
              "Startup Cost": 43557.58,
              "Total Cost": 43557.59,
              "Plan Rows": 1,
              "Plan Width": 8,
              "Actual Startup Time": 100.915,
              "Actual Total Time": 100.917,
              "Actual Rows": 1,
              "Actual Loops": 4,
              "Plans": [
                {
                  "Node Type": "Seq Scan",
                  "Parent Relationship": "Outer",
                  "Parallel Aware": true,
                  "Relation Name": "movie_keyword",
                  "Alias": "mk",
                  "Startup Cost": 0.0,
                  "Total Cost": 42695.65,
                  "Plan Rows": 344771,
                  "Plan Width": 0,
                  "Actual Startup Time": 1.435,
                  "Actual Total Time": 89.533,
                  "Actual Rows": 265221,
                  "Actual Loops": 4,
                  "Filter": "(keyword_id > 16529)",
                  "Rows Removed by Filter": 865762
                }
              ]
            }
          ]
        }
      ]
    },
    "Planning Time": 0.085,
    "Triggers": [],
    "Execution Time": 113.986
  }
]